<?xml version="1.0" encoding="UTF-8"?>
<TestRun id="fc502802-78de-45da-9b94-67adb65f235f" name="Diego@DIEGO-PC 2012-11-26 18:29:03" runUser="Diego-PC\Diego" xmlns="http://microsoft.com/schemas/VisualStudio/TeamTest/2010">
  <TestSettings name="Local" id="ef2db5f0-3f45-4aad-a578-8bde204c9147">
    <Description>These are default test settings for a local test run.</Description>
    <Deployment enabled="false" runDeploymentRoot="Diego_DIEGO-PC 2012-11-26 18_29_03">
      <DeploymentItem filename="C:\Users\Diego\Documents\Visual Studio 2010\Projects\Uniprof\Seguridad\bin\Debug\Seguridad.dll" />
      <DeploymentItem filename="C:\Users\Diego\Documents\Visual Studio 2010\Projects\Uniprof\Repositorio\bin\Debug\Repositorio.dll" />
      <DeploymentItem filename="C:\Users\Diego\Documents\Visual Studio 2010\Projects\Uniprof\Negocio\bin\Debug\Negocio.dll" />
      <DeploymentItem filename="C:\Users\Diego\Documents\Visual Studio 2010\Projects\Uniprof\Dominio\bin\Debug\Dominio.dll" />
    </Deployment>
    <Execution>
      <TestTypeSpecific />
      <AgentRule name="Execution Agents">
      </AgentRule>
    </Execution>
  </TestSettings>
  <Times creation="2012-11-26T18:29:03.9921996-03:00" queuing="2012-11-26T18:29:04.2202127-03:00" start="2012-11-26T18:29:04.4662267-03:00" finish="2012-11-26T18:29:52.8359933-03:00" />
  <ResultSummary outcome="Completed">
    <Counters total="409" executed="409" passed="409" error="0" failed="0" timeout="0" aborted="0" inconclusive="0" passedButRunAborted="0" notRunnable="0" notExecuted="0" disconnected="0" warning="0" completed="0" inProgress="0" pending="0" />
  </ResultSummary>
  <TestDefinitions>
    <UnitTest name="grabarMovimientoTest" storage="c:\users\diego\documents\visual studio 2010\projects\uniprof\tests\bin\debug\tests.dll" id="896a2208-4c38-b781-3b7e-b236d6d81cd2">
      <Execution id="7c31d0ee-6780-48c3-888f-301ab67099bd" />
      <TestMethod codeBase="C:/Users/Diego/Documents/Visual Studio 2010/Projects/Uniprof/Tests/bin/Debug/Tests.DLL" adapterTypeName="Microsoft.VisualStudio.TestTools.TestTypes.Unit.UnitTestAdapter, Microsoft.VisualStudio.QualityTools.Tips.UnitTest.Adapter, Version=10.0.0.0, Culture=neutral, PublicKeyToken=b03f5f7f11d50a3a" className="Tests.MovimientoProveedorBusinessTest, Tests, Version=1.0.0.0, Culture=neutral, PublicKeyToken=null" name="grabarMovimientoTest" />
    </UnitTest>
    <UnitTest name="actualizarUsuarioTest" storage="c:\users\diego\documents\visual studio 2010\projects\uniprof\tests\bin\debug\tests.dll" id="0bbd7a33-36a4-99a4-2cd0-83fd451fea26">
      <Execution id="faae7565-af60-4bd1-8e9a-b2fe627713ed" />
      <TestMethod codeBase="C:/Users/Diego/Documents/Visual Studio 2010/Projects/Uniprof/Tests/bin/Debug/Tests.DLL" adapterTypeName="Microsoft.VisualStudio.TestTools.TestTypes.Unit.UnitTestAdapter, Microsoft.VisualStudio.QualityTools.Tips.UnitTest.Adapter, Version=10.0.0.0, Culture=neutral, PublicKeyToken=b03f5f7f11d50a3a" className="Tests.UsuarioRepositorioTest, Tests, Version=1.0.0.0, Culture=neutral, PublicKeyToken=null" name="actualizarUsuarioTest" />
    </UnitTest>
    <UnitTest name="cargarNewsletterTest" storage="c:\users\diego\documents\visual studio 2010\projects\uniprof\tests\bin\debug\tests.dll" id="f376c1cb-6c7e-6565-2dae-0872021038a2">
      <Execution id="706bad49-6c27-4f7f-bb77-bbeaa010c8df" />
      <TestMethod codeBase="C:/Users/Diego/Documents/Visual Studio 2010/Projects/Uniprof/Tests/bin/Debug/Tests.DLL" adapterTypeName="Microsoft.VisualStudio.TestTools.TestTypes.Unit.UnitTestAdapter, Microsoft.VisualStudio.QualityTools.Tips.UnitTest.Adapter, Version=10.0.0.0, Culture=neutral, PublicKeyToken=b03f5f7f11d50a3a" className="Tests.NewsletterTDGTest, Tests, Version=1.0.0.0, Culture=neutral, PublicKeyToken=null" name="cargarNewsletterTest" />
    </UnitTest>
    <UnitTest name="modificarFacturasTest" storage="c:\users\diego\documents\visual studio 2010\projects\uniprof\tests\bin\debug\tests.dll" id="7eda418a-e258-a33c-7890-73630dd7266c">
      <Execution id="217930b6-32f1-47b4-b338-c80d4f7b0cdd" />
      <TestMethod codeBase="C:/Users/Diego/Documents/Visual Studio 2010/Projects/Uniprof/Tests/bin/Debug/Tests.DLL" adapterTypeName="Microsoft.VisualStudio.TestTools.TestTypes.Unit.UnitTestAdapter, Microsoft.VisualStudio.QualityTools.Tips.UnitTest.Adapter, Version=10.0.0.0, Culture=neutral, PublicKeyToken=b03f5f7f11d50a3a" className="Tests.OrdenDeCompraTDGTest, Tests, Version=1.0.0.0, Culture=neutral, PublicKeyToken=null" name="modificarFacturasTest" />
    </UnitTest>
    <UnitTest name="cargarMensajePorUsuariosTest" storage="c:\users\diego\documents\visual studio 2010\projects\uniprof\tests\bin\debug\tests.dll" id="2dd0d705-2d7c-e989-e9d2-1892c8b66262">
      <Execution id="905ec0d6-2362-48ef-93d5-d0beb61cd902" />
      <TestMethod codeBase="C:/Users/Diego/Documents/Visual Studio 2010/Projects/Uniprof/Tests/bin/Debug/Tests.DLL" adapterTypeName="Microsoft.VisualStudio.TestTools.TestTypes.Unit.UnitTestAdapter, Microsoft.VisualStudio.QualityTools.Tips.UnitTest.Adapter, Version=10.0.0.0, Culture=neutral, PublicKeyToken=b03f5f7f11d50a3a" className="Tests.ConversacionTDGTest, Tests, Version=1.0.0.0, Culture=neutral, PublicKeyToken=null" name="cargarMensajePorUsuariosTest" />
    </UnitTest>
    <UnitTest name="modificarProduccionTest" storage="c:\users\diego\documents\visual studio 2010\projects\uniprof\tests\bin\debug\tests.dll" id="bf3337bc-4ebe-14d7-ffa9-91df711ba6a0">
      <Execution id="d506ed5f-deaa-42b8-a342-44a0abc46faa" />
      <TestMethod codeBase="C:/Users/Diego/Documents/Visual Studio 2010/Projects/Uniprof/Tests/bin/Debug/Tests.DLL" adapterTypeName="Microsoft.VisualStudio.TestTools.TestTypes.Unit.UnitTestAdapter, Microsoft.VisualStudio.QualityTools.Tips.UnitTest.Adapter, Version=10.0.0.0, Culture=neutral, PublicKeyToken=b03f5f7f11d50a3a" className="Tests.ProduccionTDGTest, Tests, Version=1.0.0.0, Culture=neutral, PublicKeyToken=null" name="modificarProduccionTest" />
    </UnitTest>
    <UnitTest name="listarNewsletterTest" storage="c:\users\diego\documents\visual studio 2010\projects\uniprof\tests\bin\debug\tests.dll" id="b6d2504c-fd0b-46f0-ca34-952aa534d5bc">
      <Execution id="782b8787-cdf2-4801-8a04-0716ff46432a" />
      <TestMethod codeBase="C:/Users/Diego/Documents/Visual Studio 2010/Projects/Uniprof/Tests/bin/Debug/Tests.DLL" adapterTypeName="Microsoft.VisualStudio.TestTools.TestTypes.Unit.UnitTestAdapter, Microsoft.VisualStudio.QualityTools.Tips.UnitTest.Adapter, Version=10.0.0.0, Culture=neutral, PublicKeyToken=b03f5f7f11d50a3a" className="Tests.NewsletterRepositorioTest, Tests, Version=1.0.0.0, Culture=neutral, PublicKeyToken=null" name="listarNewsletterTest" />
    </UnitTest>
    <UnitTest name="cargarMovimientosTest" storage="c:\users\diego\documents\visual studio 2010\projects\uniprof\tests\bin\debug\tests.dll" id="29a5da4e-65d5-0422-5e68-618976117f03">
      <Execution id="187abb3b-8b88-4b4f-9fe5-d2105f478db5" />
      <TestMethod codeBase="C:/Users/Diego/Documents/Visual Studio 2010/Projects/Uniprof/Tests/bin/Debug/Tests.DLL" adapterTypeName="Microsoft.VisualStudio.TestTools.TestTypes.Unit.UnitTestAdapter, Microsoft.VisualStudio.QualityTools.Tips.UnitTest.Adapter, Version=10.0.0.0, Culture=neutral, PublicKeyToken=b03f5f7f11d50a3a" className="Tests.MovimientoCuentaProveedorTDGTest, Tests, Version=1.0.0.0, Culture=neutral, PublicKeyToken=null" name="cargarMovimientosTest" />
    </UnitTest>
    <UnitTest name="listarMensajesTest" storage="c:\users\diego\documents\visual studio 2010\projects\uniprof\tests\bin\debug\tests.dll" id="3323acf7-8dc7-360e-f0a1-c4a2fbb9a91e">
      <Execution id="7a0a42fc-c151-4c5d-a850-e3fc275601da" />
      <TestMethod codeBase="C:/Users/Diego/Documents/Visual Studio 2010/Projects/Uniprof/Tests/bin/Debug/Tests.DLL" adapterTypeName="Microsoft.VisualStudio.TestTools.TestTypes.Unit.UnitTestAdapter, Microsoft.VisualStudio.QualityTools.Tips.UnitTest.Adapter, Version=10.0.0.0, Culture=neutral, PublicKeyToken=b03f5f7f11d50a3a" className="Tests.MensajeRepositorioTest, Tests, Version=1.0.0.0, Culture=neutral, PublicKeyToken=null" name="listarMensajesTest" />
    </UnitTest>
    <UnitTest name="cargarPedidoPorRestriccionesTest" storage="c:\users\diego\documents\visual studio 2010\projects\uniprof\tests\bin\debug\tests.dll" id="eb042ce3-5f20-3d74-ebeb-88f3067e39ea">
      <Execution id="729c48c3-b7c6-4e01-9cb3-72c040c6ae68" />
      <TestMethod codeBase="C:/Users/Diego/Documents/Visual Studio 2010/Projects/Uniprof/Tests/bin/Debug/Tests.DLL" adapterTypeName="Microsoft.VisualStudio.TestTools.TestTypes.Unit.UnitTestAdapter, Microsoft.VisualStudio.QualityTools.Tips.UnitTest.Adapter, Version=10.0.0.0, Culture=neutral, PublicKeyToken=b03f5f7f11d50a3a" className="Tests.PedidoTDGTest, Tests, Version=1.0.0.0, Culture=neutral, PublicKeyToken=null" name="cargarPedidoPorRestriccionesTest" />
    </UnitTest>
    <UnitTest name="borrarTest" storage="c:\users\diego\documents\visual studio 2010\projects\uniprof\tests\bin\debug\tests.dll" id="e020cadd-bd50-d44d-30aa-ba2f497b2887">
      <Execution id="bccf115a-cc3d-4e59-8dfc-6c9f7fc65be6" />
      <TestMethod codeBase="C:/Users/Diego/Documents/Visual Studio 2010/Projects/Uniprof/Tests/bin/Debug/Tests.DLL" adapterTypeName="Microsoft.VisualStudio.TestTools.TestTypes.Unit.UnitTestAdapter, Microsoft.VisualStudio.QualityTools.Tips.UnitTest.Adapter, Version=10.0.0.0, Culture=neutral, PublicKeyToken=b03f5f7f11d50a3a" className="Tests.ConversacionBusinessTest, Tests, Version=1.0.0.0, Culture=neutral, PublicKeyToken=null" name="borrarTest" />
    </UnitTest>
    <UnitTest name="buscarInsumosTest" storage="c:\users\diego\documents\visual studio 2010\projects\uniprof\tests\bin\debug\tests.dll" id="5d206a37-78a3-f908-c018-7a5a53253c75">
      <Execution id="6aaf75af-a1fc-415d-9904-2c03fe4ff175" />
      <TestMethod codeBase="C:/Users/Diego/Documents/Visual Studio 2010/Projects/Uniprof/Tests/bin/Debug/Tests.DLL" adapterTypeName="Microsoft.VisualStudio.TestTools.TestTypes.Unit.UnitTestAdapter, Microsoft.VisualStudio.QualityTools.Tips.UnitTest.Adapter, Version=10.0.0.0, Culture=neutral, PublicKeyToken=b03f5f7f11d50a3a" className="Tests.InsumoTDGTest, Tests, Version=1.0.0.0, Culture=neutral, PublicKeyToken=null" name="buscarInsumosTest" />
    </UnitTest>
    <UnitTest name="modificarMaquinasTest" storage="c:\users\diego\documents\visual studio 2010\projects\uniprof\tests\bin\debug\tests.dll" id="96881fe6-dfde-90d7-168b-7e0645c53ba0">
      <Execution id="97366a91-8a75-4856-bc6d-2dd5a5212973" />
      <TestMethod codeBase="C:/Users/Diego/Documents/Visual Studio 2010/Projects/Uniprof/Tests/bin/Debug/Tests.DLL" adapterTypeName="Microsoft.VisualStudio.TestTools.TestTypes.Unit.UnitTestAdapter, Microsoft.VisualStudio.QualityTools.Tips.UnitTest.Adapter, Version=10.0.0.0, Culture=neutral, PublicKeyToken=b03f5f7f11d50a3a" className="Tests.MaquinaTDGTest, Tests, Version=1.0.0.0, Culture=neutral, PublicKeyToken=null" name="modificarMaquinasTest" />
    </UnitTest>
    <UnitTest name="listarPedidosConRestriccionTest" storage="c:\users\diego\documents\visual studio 2010\projects\uniprof\tests\bin\debug\tests.dll" id="b6c93299-c437-e1df-d8ec-dc7e1e4a6bba">
      <Execution id="fca1c36a-19de-435d-a680-22d7467ccd43" />
      <TestMethod codeBase="C:/Users/Diego/Documents/Visual Studio 2010/Projects/Uniprof/Tests/bin/Debug/Tests.DLL" adapterTypeName="Microsoft.VisualStudio.TestTools.TestTypes.Unit.UnitTestAdapter, Microsoft.VisualStudio.QualityTools.Tips.UnitTest.Adapter, Version=10.0.0.0, Culture=neutral, PublicKeyToken=b03f5f7f11d50a3a" className="Tests.PedidoRepositorioTest, Tests, Version=1.0.0.0, Culture=neutral, PublicKeyToken=null" name="listarPedidosConRestriccionTest" />
    </UnitTest>
    <UnitTest name="buscarTipoCuentasTest" storage="c:\users\diego\documents\visual studio 2010\projects\uniprof\tests\bin\debug\tests.dll" id="967eb374-2104-1acf-4901-5331861aa4b4">
      <Execution id="92e8d6d4-9504-47fa-a881-b68544ba253e" />
      <TestMethod codeBase="C:/Users/Diego/Documents/Visual Studio 2010/Projects/Uniprof/Tests/bin/Debug/Tests.DLL" adapterTypeName="Microsoft.VisualStudio.TestTools.TestTypes.Unit.UnitTestAdapter, Microsoft.VisualStudio.QualityTools.Tips.UnitTest.Adapter, Version=10.0.0.0, Culture=neutral, PublicKeyToken=b03f5f7f11d50a3a" className="Tests.CuentaTDGTest, Tests, Version=1.0.0.0, Culture=neutral, PublicKeyToken=null" name="buscarTipoCuentasTest" />
    </UnitTest>
    <UnitTest name="grabarNuevoPedidoTest" storage="c:\users\diego\documents\visual studio 2010\projects\uniprof\tests\bin\debug\tests.dll" id="6fccfc0c-3386-fa76-9bb6-5cb2884d04d6">
      <Execution id="d66c70e7-2d63-467f-bdd4-3943826da8db" />
      <TestMethod codeBase="C:/Users/Diego/Documents/Visual Studio 2010/Projects/Uniprof/Tests/bin/Debug/Tests.DLL" adapterTypeName="Microsoft.VisualStudio.TestTools.TestTypes.Unit.UnitTestAdapter, Microsoft.VisualStudio.QualityTools.Tips.UnitTest.Adapter, Version=10.0.0.0, Culture=neutral, PublicKeyToken=b03f5f7f11d50a3a" className="Tests.PedidoTDGTest, Tests, Version=1.0.0.0, Culture=neutral, PublicKeyToken=null" name="grabarNuevoPedidoTest" />
    </UnitTest>
    <UnitTest name="buscarTodoTest" storage="c:\users\diego\documents\visual studio 2010\projects\uniprof\tests\bin\debug\tests.dll" id="b98676fe-ee87-56df-eacd-dd7ebb6e2cd3">
      <Execution id="4c45eebd-13e6-43c5-b3e5-65c251f74789" />
      <TestMethod codeBase="C:/Users/Diego/Documents/Visual Studio 2010/Projects/Uniprof/Tests/bin/Debug/Tests.DLL" adapterTypeName="Microsoft.VisualStudio.TestTools.TestTypes.Unit.UnitTestAdapter, Microsoft.VisualStudio.QualityTools.Tips.UnitTest.Adapter, Version=10.0.0.0, Culture=neutral, PublicKeyToken=b03f5f7f11d50a3a" className="Tests.TipoInsumoTDGTest, Tests, Version=1.0.0.0, Culture=neutral, PublicKeyToken=null" name="buscarTodoTest" />
    </UnitTest>
    <UnitTest name="buscarEstadosPorIdTest" storage="c:\users\diego\documents\visual studio 2010\projects\uniprof\tests\bin\debug\tests.dll" id="390965ee-b707-eb4d-f805-7a307d4ab7fa">
      <Execution id="97f1e71d-7a2f-460d-9c89-1576352b0f2b" />
      <TestMethod codeBase="C:/Users/Diego/Documents/Visual Studio 2010/Projects/Uniprof/Tests/bin/Debug/Tests.DLL" adapterTypeName="Microsoft.VisualStudio.TestTools.TestTypes.Unit.UnitTestAdapter, Microsoft.VisualStudio.QualityTools.Tips.UnitTest.Adapter, Version=10.0.0.0, Culture=neutral, PublicKeyToken=b03f5f7f11d50a3a" className="Tests.EstadoPedidoTDGTest, Tests, Version=1.0.0.0, Culture=neutral, PublicKeyToken=null" name="buscarEstadosPorIdTest" />
    </UnitTest>
    <UnitTest name="grabarMovimientoTest" storage="c:\users\diego\documents\visual studio 2010\projects\uniprof\tests\bin\debug\tests.dll" id="15781058-9d50-4692-2e7e-53db8e43c13c">
      <Execution id="f7112941-cf98-4ff6-8bf7-2ab581b078bf" />
      <TestMethod codeBase="C:/Users/Diego/Documents/Visual Studio 2010/Projects/Uniprof/Tests/bin/Debug/Tests.DLL" adapterTypeName="Microsoft.VisualStudio.TestTools.TestTypes.Unit.UnitTestAdapter, Microsoft.VisualStudio.QualityTools.Tips.UnitTest.Adapter, Version=10.0.0.0, Culture=neutral, PublicKeyToken=b03f5f7f11d50a3a" className="Tests.MovimientoCuentaClienteRepositorioTest, Tests, Version=1.0.0.0, Culture=neutral, PublicKeyToken=null" name="grabarMovimientoTest" />
    </UnitTest>
    <UnitTest name="listarOrdenDeComprasPorMovimientoTest" storage="c:\users\diego\documents\visual studio 2010\projects\uniprof\tests\bin\debug\tests.dll" id="d3580286-a69a-cc57-bea0-cea793fc0992">
      <Execution id="b8b60cb5-91c4-41a8-a859-92c010e2b5d1" />
      <TestMethod codeBase="C:/Users/Diego/Documents/Visual Studio 2010/Projects/Uniprof/Tests/bin/Debug/Tests.DLL" adapterTypeName="Microsoft.VisualStudio.TestTools.TestTypes.Unit.UnitTestAdapter, Microsoft.VisualStudio.QualityTools.Tips.UnitTest.Adapter, Version=10.0.0.0, Culture=neutral, PublicKeyToken=b03f5f7f11d50a3a" className="Tests.OrdenCompraRepositorioTest, Tests, Version=1.0.0.0, Culture=neutral, PublicKeyToken=null" name="listarOrdenDeComprasPorMovimientoTest" />
    </UnitTest>
    <UnitTest name="cargarMovimientosTest" storage="c:\users\diego\documents\visual studio 2010\projects\uniprof\tests\bin\debug\tests.dll" id="69fa372c-7458-f7f0-5041-7bf40151831d">
      <Execution id="77d7881e-b928-48d2-a519-8b93a8457321" />
      <TestMethod codeBase="C:/Users/Diego/Documents/Visual Studio 2010/Projects/Uniprof/Tests/bin/Debug/Tests.DLL" adapterTypeName="Microsoft.VisualStudio.TestTools.TestTypes.Unit.UnitTestAdapter, Microsoft.VisualStudio.QualityTools.Tips.UnitTest.Adapter, Version=10.0.0.0, Culture=neutral, PublicKeyToken=b03f5f7f11d50a3a" className="Tests.MovimientoCuentaClienteTDGTest, Tests, Version=1.0.0.0, Culture=neutral, PublicKeyToken=null" name="cargarMovimientosTest" />
    </UnitTest>
    <UnitTest name="borrarClienteTest" storage="c:\users\diego\documents\visual studio 2010\projects\uniprof\tests\bin\debug\tests.dll" id="62392e62-abcf-2bb0-a872-aa102226687e">
      <Execution id="6434966c-080c-483f-b987-0725ea721d14" />
      <TestMethod codeBase="C:/Users/Diego/Documents/Visual Studio 2010/Projects/Uniprof/Tests/bin/Debug/Tests.DLL" adapterTypeName="Microsoft.VisualStudio.TestTools.TestTypes.Unit.UnitTestAdapter, Microsoft.VisualStudio.QualityTools.Tips.UnitTest.Adapter, Version=10.0.0.0, Culture=neutral, PublicKeyToken=b03f5f7f11d50a3a" className="Tests.ClienteRepositorioTest, Tests, Version=1.0.0.0, Culture=neutral, PublicKeyToken=null" name="borrarClienteTest" />
    </UnitTest>
    <UnitTest name="modificarMovimientosClienteTest" storage="c:\users\diego\documents\visual studio 2010\projects\uniprof\tests\bin\debug\tests.dll" id="e4f43342-50bf-4878-e3d3-5afdaa2ddd37">
      <Execution id="9a2edf44-9f5c-443a-8af1-3cc3444724a7" />
      <TestMethod codeBase="C:/Users/Diego/Documents/Visual Studio 2010/Projects/Uniprof/Tests/bin/Debug/Tests.DLL" adapterTypeName="Microsoft.VisualStudio.TestTools.TestTypes.Unit.UnitTestAdapter, Microsoft.VisualStudio.QualityTools.Tips.UnitTest.Adapter, Version=10.0.0.0, Culture=neutral, PublicKeyToken=b03f5f7f11d50a3a" className="Tests.MovimientoCuentaClienteTDGTest, Tests, Version=1.0.0.0, Culture=neutral, PublicKeyToken=null" name="modificarMovimientosClienteTest" />
    </UnitTest>
    <UnitTest name="grabarTipoPrendaTest" storage="c:\users\diego\documents\visual studio 2010\projects\uniprof\tests\bin\debug\tests.dll" id="dc17c55e-f745-25bd-9dae-5c78f5bb2176">
      <Execution id="06524294-4b0f-4655-b5d5-7d07dc51345e" />
      <TestMethod codeBase="C:/Users/Diego/Documents/Visual Studio 2010/Projects/Uniprof/Tests/bin/Debug/Tests.DLL" adapterTypeName="Microsoft.VisualStudio.TestTools.TestTypes.Unit.UnitTestAdapter, Microsoft.VisualStudio.QualityTools.Tips.UnitTest.Adapter, Version=10.0.0.0, Culture=neutral, PublicKeyToken=b03f5f7f11d50a3a" className="Tests.TipoPrendaTDGTest, Tests, Version=1.0.0.0, Culture=neutral, PublicKeyToken=null" name="grabarTipoPrendaTest" />
    </UnitTest>
    <UnitTest name="buscarMovimintosTest" storage="c:\users\diego\documents\visual studio 2010\projects\uniprof\tests\bin\debug\tests.dll" id="b757834a-da0f-6514-4f88-5f56b32e1557">
      <Execution id="260361db-3f0e-4cf1-92fb-9cea2fe36c38" />
      <TestMethod codeBase="C:/Users/Diego/Documents/Visual Studio 2010/Projects/Uniprof/Tests/bin/Debug/Tests.DLL" adapterTypeName="Microsoft.VisualStudio.TestTools.TestTypes.Unit.UnitTestAdapter, Microsoft.VisualStudio.QualityTools.Tips.UnitTest.Adapter, Version=10.0.0.0, Culture=neutral, PublicKeyToken=b03f5f7f11d50a3a" className="Tests.MovimientoCuentaProveedorRepositorioTest, Tests, Version=1.0.0.0, Culture=neutral, PublicKeyToken=null" name="buscarMovimintosTest" />
    </UnitTest>
    <UnitTest name="cargarUsuarioConRestriccionesTest" storage="c:\users\diego\documents\visual studio 2010\projects\uniprof\tests\bin\debug\tests.dll" id="d9f16886-57f7-8858-0bb0-758babcd4a82">
      <Execution id="3e3b335e-ed52-420c-a702-87171f622902" />
      <TestMethod codeBase="C:/Users/Diego/Documents/Visual Studio 2010/Projects/Uniprof/Tests/bin/Debug/Tests.DLL" adapterTypeName="Microsoft.VisualStudio.TestTools.TestTypes.Unit.UnitTestAdapter, Microsoft.VisualStudio.QualityTools.Tips.UnitTest.Adapter, Version=10.0.0.0, Culture=neutral, PublicKeyToken=b03f5f7f11d50a3a" className="Tests.UsuarioRepositorioTest, Tests, Version=1.0.0.0, Culture=neutral, PublicKeyToken=null" name="cargarUsuarioConRestriccionesTest" />
    </UnitTest>
    <UnitTest name="borrarMovimientosClienteTest" storage="c:\users\diego\documents\visual studio 2010\projects\uniprof\tests\bin\debug\tests.dll" id="688ff74d-915e-d560-41c3-a70549298345">
      <Execution id="4edf14bf-7230-4ff8-9abe-5ff07ed60fe5" />
      <TestMethod codeBase="C:/Users/Diego/Documents/Visual Studio 2010/Projects/Uniprof/Tests/bin/Debug/Tests.DLL" adapterTypeName="Microsoft.VisualStudio.TestTools.TestTypes.Unit.UnitTestAdapter, Microsoft.VisualStudio.QualityTools.Tips.UnitTest.Adapter, Version=10.0.0.0, Culture=neutral, PublicKeyToken=b03f5f7f11d50a3a" className="Tests.MovimientoCuentaProveedorTDGTest, Tests, Version=1.0.0.0, Culture=neutral, PublicKeyToken=null" name="borrarMovimientosClienteTest" />
    </UnitTest>
    <UnitTest name="borrarMaquinasTest" storage="c:\users\diego\documents\visual studio 2010\projects\uniprof\tests\bin\debug\tests.dll" id="2f942134-eb39-049b-9e6e-2f42e91a8a19">
      <Execution id="6b17c9b7-3018-4950-9283-495f2b264c54" />
      <TestMethod codeBase="C:/Users/Diego/Documents/Visual Studio 2010/Projects/Uniprof/Tests/bin/Debug/Tests.DLL" adapterTypeName="Microsoft.VisualStudio.TestTools.TestTypes.Unit.UnitTestAdapter, Microsoft.VisualStudio.QualityTools.Tips.UnitTest.Adapter, Version=10.0.0.0, Culture=neutral, PublicKeyToken=b03f5f7f11d50a3a" className="Tests.MaquinaTDGTest, Tests, Version=1.0.0.0, Culture=neutral, PublicKeyToken=null" name="borrarMaquinasTest" />
    </UnitTest>
    <UnitTest name="listarProduccionPorFechasTest" storage="c:\users\diego\documents\visual studio 2010\projects\uniprof\tests\bin\debug\tests.dll" id="036044ea-8d05-b58f-21af-2b8c451629d2">
      <Execution id="f8795c85-0de2-4527-b730-eea6967e148e" />
      <TestMethod codeBase="C:/Users/Diego/Documents/Visual Studio 2010/Projects/Uniprof/Tests/bin/Debug/Tests.DLL" adapterTypeName="Microsoft.VisualStudio.TestTools.TestTypes.Unit.UnitTestAdapter, Microsoft.VisualStudio.QualityTools.Tips.UnitTest.Adapter, Version=10.0.0.0, Culture=neutral, PublicKeyToken=b03f5f7f11d50a3a" className="Tests.ProduccionBusinessTest, Tests, Version=1.0.0.0, Culture=neutral, PublicKeyToken=null" name="listarProduccionPorFechasTest" />
    </UnitTest>
    <UnitTest name="grabarFacturaTest" storage="c:\users\diego\documents\visual studio 2010\projects\uniprof\tests\bin\debug\tests.dll" id="c27245e1-4f05-55df-8c6f-e38fa3d47902">
      <Execution id="5a2f7588-89ad-467e-b5e8-bec1e2717a84" />
      <TestMethod codeBase="C:/Users/Diego/Documents/Visual Studio 2010/Projects/Uniprof/Tests/bin/Debug/Tests.DLL" adapterTypeName="Microsoft.VisualStudio.TestTools.TestTypes.Unit.UnitTestAdapter, Microsoft.VisualStudio.QualityTools.Tips.UnitTest.Adapter, Version=10.0.0.0, Culture=neutral, PublicKeyToken=b03f5f7f11d50a3a" className="Tests.FacturaRepositorioTest, Tests, Version=1.0.0.0, Culture=neutral, PublicKeyToken=null" name="grabarFacturaTest" />
    </UnitTest>
    <UnitTest name="buscarTodoTest" storage="c:\users\diego\documents\visual studio 2010\projects\uniprof\tests\bin\debug\tests.dll" id="9bc71622-b688-a88b-7a65-091a11ad1362">
      <Execution id="e6695006-a98d-4f13-995e-aa7a8b38f7dc" />
      <TestMethod codeBase="C:/Users/Diego/Documents/Visual Studio 2010/Projects/Uniprof/Tests/bin/Debug/Tests.DLL" adapterTypeName="Microsoft.VisualStudio.TestTools.TestTypes.Unit.UnitTestAdapter, Microsoft.VisualStudio.QualityTools.Tips.UnitTest.Adapter, Version=10.0.0.0, Culture=neutral, PublicKeyToken=b03f5f7f11d50a3a" className="Tests.TipoMovimientoTDGTest, Tests, Version=1.0.0.0, Culture=neutral, PublicKeyToken=null" name="buscarTodoTest" />
    </UnitTest>
    <UnitTest name="grabarTest" storage="c:\users\diego\documents\visual studio 2010\projects\uniprof\tests\bin\debug\tests.dll" id="fdbcf997-f735-49dd-2d86-a367fe3813bc">
      <Execution id="38f9bc71-73c6-4f66-81c2-ac9f9ab1a45c" />
      <TestMethod codeBase="C:/Users/Diego/Documents/Visual Studio 2010/Projects/Uniprof/Tests/bin/Debug/Tests.DLL" adapterTypeName="Microsoft.VisualStudio.TestTools.TestTypes.Unit.UnitTestAdapter, Microsoft.VisualStudio.QualityTools.Tips.UnitTest.Adapter, Version=10.0.0.0, Culture=neutral, PublicKeyToken=b03f5f7f11d50a3a" className="Tests.MensajeRepositorioTest, Tests, Version=1.0.0.0, Culture=neutral, PublicKeyToken=null" name="grabarTest" />
    </UnitTest>
    <UnitTest name="GrabarDiseñoTest1" storage="c:\users\diego\documents\visual studio 2010\projects\uniprof\tests\bin\debug\tests.dll" id="80476086-aaaa-ba28-a4dc-0972defbe8bb">
      <Execution id="b10ecf13-6cb8-44e7-8a84-d8baef05ac58" />
      <TestMethod codeBase="C:/Users/Diego/Documents/Visual Studio 2010/Projects/Uniprof/Tests/bin/Debug/Tests.DLL" adapterTypeName="Microsoft.VisualStudio.TestTools.TestTypes.Unit.UnitTestAdapter, Microsoft.VisualStudio.QualityTools.Tips.UnitTest.Adapter, Version=10.0.0.0, Culture=neutral, PublicKeyToken=b03f5f7f11d50a3a" className="Tests.DiseñoBusinessTest, Tests, Version=1.0.0.0, Culture=neutral, PublicKeyToken=null" name="GrabarDiseñoTest1" />
    </UnitTest>
    <UnitTest name="borrarHistoricoEstadosTest" storage="c:\users\diego\documents\visual studio 2010\projects\uniprof\tests\bin\debug\tests.dll" id="a238bb59-cc6f-a250-c2de-3c102510d342">
      <Execution id="4b7dd39d-bc62-47fe-94f9-679853825aeb" />
      <TestMethod codeBase="C:/Users/Diego/Documents/Visual Studio 2010/Projects/Uniprof/Tests/bin/Debug/Tests.DLL" adapterTypeName="Microsoft.VisualStudio.TestTools.TestTypes.Unit.UnitTestAdapter, Microsoft.VisualStudio.QualityTools.Tips.UnitTest.Adapter, Version=10.0.0.0, Culture=neutral, PublicKeyToken=b03f5f7f11d50a3a" className="Tests.HistoricoEstadosProduccionTDGTest, Tests, Version=1.0.0.0, Culture=neutral, PublicKeyToken=null" name="borrarHistoricoEstadosTest" />
    </UnitTest>
    <UnitTest name="cargarMovimientosTest" storage="c:\users\diego\documents\visual studio 2010\projects\uniprof\tests\bin\debug\tests.dll" id="4f3a2e54-c06b-cfc2-386b-24b648fee82c">
      <Execution id="e5917bd0-0ca3-42d9-b608-07370f796d8e" />
      <TestMethod codeBase="C:/Users/Diego/Documents/Visual Studio 2010/Projects/Uniprof/Tests/bin/Debug/Tests.DLL" adapterTypeName="Microsoft.VisualStudio.TestTools.TestTypes.Unit.UnitTestAdapter, Microsoft.VisualStudio.QualityTools.Tips.UnitTest.Adapter, Version=10.0.0.0, Culture=neutral, PublicKeyToken=b03f5f7f11d50a3a" className="Tests.MovimientoStockTDGTest, Tests, Version=1.0.0.0, Culture=neutral, PublicKeyToken=null" name="cargarMovimientosTest" />
    </UnitTest>
    <UnitTest name="CargarClienteTest" storage="c:\users\diego\documents\visual studio 2010\projects\uniprof\tests\bin\debug\tests.dll" id="e64170f8-e36a-c642-d97d-54b6bb0553a6">
      <Execution id="27e6ac84-2921-4f71-9f43-3e88475b6dc9" />
      <TestMethod codeBase="C:/Users/Diego/Documents/Visual Studio 2010/Projects/Uniprof/Tests/bin/Debug/Tests.DLL" adapterTypeName="Microsoft.VisualStudio.TestTools.TestTypes.Unit.UnitTestAdapter, Microsoft.VisualStudio.QualityTools.Tips.UnitTest.Adapter, Version=10.0.0.0, Culture=neutral, PublicKeyToken=b03f5f7f11d50a3a" className="Tests.ClienteRepositorioTest, Tests, Version=1.0.0.0, Culture=neutral, PublicKeyToken=null" name="CargarClienteTest" />
    </UnitTest>
    <UnitTest name="buscarOpinionesPorCriterioTest" storage="c:\users\diego\documents\visual studio 2010\projects\uniprof\tests\bin\debug\tests.dll" id="75ff0c72-ae5b-a30a-d444-42d5bfa7ed8d">
      <Execution id="db8ea496-5b48-48ab-ab8e-acc31917715f" />
      <TestMethod codeBase="C:/Users/Diego/Documents/Visual Studio 2010/Projects/Uniprof/Tests/bin/Debug/Tests.DLL" adapterTypeName="Microsoft.VisualStudio.TestTools.TestTypes.Unit.UnitTestAdapter, Microsoft.VisualStudio.QualityTools.Tips.UnitTest.Adapter, Version=10.0.0.0, Culture=neutral, PublicKeyToken=b03f5f7f11d50a3a" className="Tests.OpinionTDGTest, Tests, Version=1.0.0.0, Culture=neutral, PublicKeyToken=null" name="buscarOpinionesPorCriterioTest" />
    </UnitTest>
    <UnitTest name="listarFacturasPorIdTest" storage="c:\users\diego\documents\visual studio 2010\projects\uniprof\tests\bin\debug\tests.dll" id="afb70fb3-f16b-16ef-9272-e650b4c370ff">
      <Execution id="5984cbde-8533-43d9-b832-380d65bbbbdd" />
      <TestMethod codeBase="C:/Users/Diego/Documents/Visual Studio 2010/Projects/Uniprof/Tests/bin/Debug/Tests.DLL" adapterTypeName="Microsoft.VisualStudio.TestTools.TestTypes.Unit.UnitTestAdapter, Microsoft.VisualStudio.QualityTools.Tips.UnitTest.Adapter, Version=10.0.0.0, Culture=neutral, PublicKeyToken=b03f5f7f11d50a3a" className="Tests.FacturaBusinessTest, Tests, Version=1.0.0.0, Culture=neutral, PublicKeyToken=null" name="listarFacturasPorIdTest" />
    </UnitTest>
    <UnitTest name="cargarUsuarioConRestriccionesTest" storage="c:\users\diego\documents\visual studio 2010\projects\uniprof\tests\bin\debug\tests.dll" id="af2a5dd3-889c-239a-49ba-4559ade59815">
      <Execution id="bb4aa3e4-7e76-4e04-9a7e-3e4f2d84f584" />
      <TestMethod codeBase="C:/Users/Diego/Documents/Visual Studio 2010/Projects/Uniprof/Tests/bin/Debug/Tests.DLL" adapterTypeName="Microsoft.VisualStudio.TestTools.TestTypes.Unit.UnitTestAdapter, Microsoft.VisualStudio.QualityTools.Tips.UnitTest.Adapter, Version=10.0.0.0, Culture=neutral, PublicKeyToken=b03f5f7f11d50a3a" className="Tests.UsuarioBusinessTest, Tests, Version=1.0.0.0, Culture=neutral, PublicKeyToken=null" name="cargarUsuarioConRestriccionesTest" />
    </UnitTest>
    <UnitTest name="cargarLineasFacturaConRestriccionTest" storage="c:\users\diego\documents\visual studio 2010\projects\uniprof\tests\bin\debug\tests.dll" id="65cf3506-53bd-487b-cba6-ed8ab00a65a4">
      <Execution id="8bb0cc19-a5ab-4bbe-a90b-bb12d53fc14a" />
      <TestMethod codeBase="C:/Users/Diego/Documents/Visual Studio 2010/Projects/Uniprof/Tests/bin/Debug/Tests.DLL" adapterTypeName="Microsoft.VisualStudio.TestTools.TestTypes.Unit.UnitTestAdapter, Microsoft.VisualStudio.QualityTools.Tips.UnitTest.Adapter, Version=10.0.0.0, Culture=neutral, PublicKeyToken=b03f5f7f11d50a3a" className="Tests.LineaFacturaTDGTest, Tests, Version=1.0.0.0, Culture=neutral, PublicKeyToken=null" name="cargarLineasFacturaConRestriccionTest" />
    </UnitTest>
    <UnitTest name="buscarPedidoPorCodigoTest" storage="c:\users\diego\documents\visual studio 2010\projects\uniprof\tests\bin\debug\tests.dll" id="aa89e54f-b120-5f04-a49b-eb1a63d779df">
      <Execution id="770c338e-5c06-40db-80e6-f95a7492b549" />
      <TestMethod codeBase="C:/Users/Diego/Documents/Visual Studio 2010/Projects/Uniprof/Tests/bin/Debug/Tests.DLL" adapterTypeName="Microsoft.VisualStudio.TestTools.TestTypes.Unit.UnitTestAdapter, Microsoft.VisualStudio.QualityTools.Tips.UnitTest.Adapter, Version=10.0.0.0, Culture=neutral, PublicKeyToken=b03f5f7f11d50a3a" className="Tests.PedidoBusinessTest, Tests, Version=1.0.0.0, Culture=neutral, PublicKeyToken=null" name="buscarPedidoPorCodigoTest" />
    </UnitTest>
    <UnitTest name="actualizarUsuarioTest" storage="c:\users\diego\documents\visual studio 2010\projects\uniprof\tests\bin\debug\tests.dll" id="5f0d0749-3ebf-18a9-df3b-b2af8e5ec0eb">
      <Execution id="bbc68419-d1e9-4e82-ad41-387fa9993df1" />
      <TestMethod codeBase="C:/Users/Diego/Documents/Visual Studio 2010/Projects/Uniprof/Tests/bin/Debug/Tests.DLL" adapterTypeName="Microsoft.VisualStudio.TestTools.TestTypes.Unit.UnitTestAdapter, Microsoft.VisualStudio.QualityTools.Tips.UnitTest.Adapter, Version=10.0.0.0, Culture=neutral, PublicKeyToken=b03f5f7f11d50a3a" className="Tests.UsuarioTDGTest, Tests, Version=1.0.0.0, Culture=neutral, PublicKeyToken=null" name="actualizarUsuarioTest" />
    </UnitTest>
    <UnitTest name="cargarlistaProduccionConRestriccionesTest" storage="c:\users\diego\documents\visual studio 2010\projects\uniprof\tests\bin\debug\tests.dll" id="bb119d3a-e948-8bb7-862b-ef22cd5e5418">
      <Execution id="2dae4940-c1f1-4071-a4ea-da84193df060" />
      <TestMethod codeBase="C:/Users/Diego/Documents/Visual Studio 2010/Projects/Uniprof/Tests/bin/Debug/Tests.DLL" adapterTypeName="Microsoft.VisualStudio.TestTools.TestTypes.Unit.UnitTestAdapter, Microsoft.VisualStudio.QualityTools.Tips.UnitTest.Adapter, Version=10.0.0.0, Culture=neutral, PublicKeyToken=b03f5f7f11d50a3a" className="Tests.ProduccionTDGTest, Tests, Version=1.0.0.0, Culture=neutral, PublicKeyToken=null" name="cargarlistaProduccionConRestriccionesTest" />
    </UnitTest>
    <UnitTest name="listarOrdenDeComprasTest" storage="c:\users\diego\documents\visual studio 2010\projects\uniprof\tests\bin\debug\tests.dll" id="019bd56c-e56a-79a5-09bc-547b99ed981b">
      <Execution id="4bee6312-245a-4442-b0fc-d3765ef6ae28" />
      <TestMethod codeBase="C:/Users/Diego/Documents/Visual Studio 2010/Projects/Uniprof/Tests/bin/Debug/Tests.DLL" adapterTypeName="Microsoft.VisualStudio.TestTools.TestTypes.Unit.UnitTestAdapter, Microsoft.VisualStudio.QualityTools.Tips.UnitTest.Adapter, Version=10.0.0.0, Culture=neutral, PublicKeyToken=b03f5f7f11d50a3a" className="Tests.OrdenCompraBusinessTest, Tests, Version=1.0.0.0, Culture=neutral, PublicKeyToken=null" name="listarOrdenDeComprasTest" />
    </UnitTest>
    <UnitTest name="actualizarClienteTest" storage="c:\users\diego\documents\visual studio 2010\projects\uniprof\tests\bin\debug\tests.dll" id="52d17b0e-d936-129e-43f3-078523a7b6ea">
      <Execution id="881f3db9-68d0-4d71-af54-65c78d39e239" />
      <TestMethod codeBase="C:/Users/Diego/Documents/Visual Studio 2010/Projects/Uniprof/Tests/bin/Debug/Tests.DLL" adapterTypeName="Microsoft.VisualStudio.TestTools.TestTypes.Unit.UnitTestAdapter, Microsoft.VisualStudio.QualityTools.Tips.UnitTest.Adapter, Version=10.0.0.0, Culture=neutral, PublicKeyToken=b03f5f7f11d50a3a" className="Tests.ClienteRepositorioTest, Tests, Version=1.0.0.0, Culture=neutral, PublicKeyToken=null" name="actualizarClienteTest" />
    </UnitTest>
    <UnitTest name="actualizaArticuloTest" storage="c:\users\diego\documents\visual studio 2010\projects\uniprof\tests\bin\debug\tests.dll" id="4b4cc00b-440a-fb3e-bf1c-58f18a59fbb6">
      <Execution id="3a6ec8fb-171a-4979-962e-a3ae3d13190c" />
      <TestMethod codeBase="C:/Users/Diego/Documents/Visual Studio 2010/Projects/Uniprof/Tests/bin/Debug/Tests.DLL" adapterTypeName="Microsoft.VisualStudio.TestTools.TestTypes.Unit.UnitTestAdapter, Microsoft.VisualStudio.QualityTools.Tips.UnitTest.Adapter, Version=10.0.0.0, Culture=neutral, PublicKeyToken=b03f5f7f11d50a3a" className="Tests.ArticuloBusinessTest, Tests, Version=1.0.0.0, Culture=neutral, PublicKeyToken=null" name="actualizaArticuloTest" />
    </UnitTest>
    <UnitTest name="calcularDistanciaEntreTrabajosTest1" storage="c:\users\diego\documents\visual studio 2010\projects\uniprof\tests\bin\debug\tests.dll" id="c17e6f29-704e-75d9-e266-2faaf40f3e21">
      <Execution id="0016c97a-90e3-47b6-bff9-8f1b02ee99f9" />
      <TestMethod codeBase="C:/Users/Diego/Documents/Visual Studio 2010/Projects/Uniprof/Tests/bin/Debug/Tests.DLL" adapterTypeName="Microsoft.VisualStudio.TestTools.TestTypes.Unit.UnitTestAdapter, Microsoft.VisualStudio.QualityTools.Tips.UnitTest.Adapter, Version=10.0.0.0, Culture=neutral, PublicKeyToken=b03f5f7f11d50a3a" className="Tests.ProduccionBusinessTest, Tests, Version=1.0.0.0, Culture=neutral, PublicKeyToken=null" name="calcularDistanciaEntreTrabajosTest1" />
    </UnitTest>
    <UnitTest name="cargarFamiliasPorUsuarioTest" storage="c:\users\diego\documents\visual studio 2010\projects\uniprof\tests\bin\debug\tests.dll" id="d1a8787a-d877-64a2-00b1-470142ee8a14">
      <Execution id="7531026e-692c-49dd-813e-c09851fb7d50" />
      <TestMethod codeBase="C:/Users/Diego/Documents/Visual Studio 2010/Projects/Uniprof/Tests/bin/Debug/Tests.DLL" adapterTypeName="Microsoft.VisualStudio.TestTools.TestTypes.Unit.UnitTestAdapter, Microsoft.VisualStudio.QualityTools.Tips.UnitTest.Adapter, Version=10.0.0.0, Culture=neutral, PublicKeyToken=b03f5f7f11d50a3a" className="Tests.FamiliaTDGTest, Tests, Version=1.0.0.0, Culture=neutral, PublicKeyToken=null" name="cargarFamiliasPorUsuarioTest" />
    </UnitTest>
    <UnitTest name="buscarPrendasPorIDTest" storage="c:\users\diego\documents\visual studio 2010\projects\uniprof\tests\bin\debug\tests.dll" id="7f10aeee-1e6d-047f-bf86-9fb35cb9cbd0">
      <Execution id="1f44d34d-d704-44d3-9b9a-27f94bd267d6" />
      <TestMethod codeBase="C:/Users/Diego/Documents/Visual Studio 2010/Projects/Uniprof/Tests/bin/Debug/Tests.DLL" adapterTypeName="Microsoft.VisualStudio.TestTools.TestTypes.Unit.UnitTestAdapter, Microsoft.VisualStudio.QualityTools.Tips.UnitTest.Adapter, Version=10.0.0.0, Culture=neutral, PublicKeyToken=b03f5f7f11d50a3a" className="Tests.TipoPrendaRepositorioTest, Tests, Version=1.0.0.0, Culture=neutral, PublicKeyToken=null" name="buscarPrendasPorIDTest" />
    </UnitTest>
    <UnitTest name="buscarPrimerosHuecosMaquinaTest3" storage="c:\users\diego\documents\visual studio 2010\projects\uniprof\tests\bin\debug\tests.dll" id="8e0c723b-e192-342e-eb9f-eccfedfe5ca1">
      <Execution id="29308be8-1719-455b-af18-bfe40587d6fb" />
      <TestMethod codeBase="C:/Users/Diego/Documents/Visual Studio 2010/Projects/Uniprof/Tests/bin/Debug/Tests.DLL" adapterTypeName="Microsoft.VisualStudio.TestTools.TestTypes.Unit.UnitTestAdapter, Microsoft.VisualStudio.QualityTools.Tips.UnitTest.Adapter, Version=10.0.0.0, Culture=neutral, PublicKeyToken=b03f5f7f11d50a3a" className="Tests.ProduccionBusinessTest, Tests, Version=1.0.0.0, Culture=neutral, PublicKeyToken=null" name="buscarPrimerosHuecosMaquinaTest3" />
    </UnitTest>
    <UnitTest name="buscarProveedorPorCodigoTest" storage="c:\users\diego\documents\visual studio 2010\projects\uniprof\tests\bin\debug\tests.dll" id="9853b2bf-c35b-f18f-c067-26f1d74150ec">
      <Execution id="c8469289-3fba-4386-b9dc-6bf9c434b868" />
      <TestMethod codeBase="C:/Users/Diego/Documents/Visual Studio 2010/Projects/Uniprof/Tests/bin/Debug/Tests.DLL" adapterTypeName="Microsoft.VisualStudio.TestTools.TestTypes.Unit.UnitTestAdapter, Microsoft.VisualStudio.QualityTools.Tips.UnitTest.Adapter, Version=10.0.0.0, Culture=neutral, PublicKeyToken=b03f5f7f11d50a3a" className="Tests.ProveedorRepositorioTest, Tests, Version=1.0.0.0, Culture=neutral, PublicKeyToken=null" name="buscarProveedorPorCodigoTest" />
    </UnitTest>
    <UnitTest name="buscarEstadosTest" storage="c:\users\diego\documents\visual studio 2010\projects\uniprof\tests\bin\debug\tests.dll" id="34308cfd-d506-0b0a-6562-a4e0e8e6e9f3">
      <Execution id="b0b27324-efea-46cb-b8b9-5ed9bf9bbeca" />
      <TestMethod codeBase="C:/Users/Diego/Documents/Visual Studio 2010/Projects/Uniprof/Tests/bin/Debug/Tests.DLL" adapterTypeName="Microsoft.VisualStudio.TestTools.TestTypes.Unit.UnitTestAdapter, Microsoft.VisualStudio.QualityTools.Tips.UnitTest.Adapter, Version=10.0.0.0, Culture=neutral, PublicKeyToken=b03f5f7f11d50a3a" className="Tests.EstadoPedidoTDGTest, Tests, Version=1.0.0.0, Culture=neutral, PublicKeyToken=null" name="buscarEstadosTest" />
    </UnitTest>
    <UnitTest name="buscarPrimerosHuecosMaquinaTest5" storage="c:\users\diego\documents\visual studio 2010\projects\uniprof\tests\bin\debug\tests.dll" id="5c26e5bc-173f-d60e-f76c-ab3d9a4b4531">
      <Execution id="bb52383d-59b7-4910-ad42-492253390b45" />
      <TestMethod codeBase="C:/Users/Diego/Documents/Visual Studio 2010/Projects/Uniprof/Tests/bin/Debug/Tests.DLL" adapterTypeName="Microsoft.VisualStudio.TestTools.TestTypes.Unit.UnitTestAdapter, Microsoft.VisualStudio.QualityTools.Tips.UnitTest.Adapter, Version=10.0.0.0, Culture=neutral, PublicKeyToken=b03f5f7f11d50a3a" className="Tests.ProduccionBusinessTest, Tests, Version=1.0.0.0, Culture=neutral, PublicKeyToken=null" name="buscarPrimerosHuecosMaquinaTest5" />
    </UnitTest>
    <UnitTest name="borrarMensajeTest" storage="c:\users\diego\documents\visual studio 2010\projects\uniprof\tests\bin\debug\tests.dll" id="88295536-741f-3a89-ef69-1ec7d6b91f08">
      <Execution id="072a6612-4d4c-4b15-88da-7eb0eadc50a9" />
      <TestMethod codeBase="C:/Users/Diego/Documents/Visual Studio 2010/Projects/Uniprof/Tests/bin/Debug/Tests.DLL" adapterTypeName="Microsoft.VisualStudio.TestTools.TestTypes.Unit.UnitTestAdapter, Microsoft.VisualStudio.QualityTools.Tips.UnitTest.Adapter, Version=10.0.0.0, Culture=neutral, PublicKeyToken=b03f5f7f11d50a3a" className="Tests.ConversacionTDGTest, Tests, Version=1.0.0.0, Culture=neutral, PublicKeyToken=null" name="borrarMensajeTest" />
    </UnitTest>
    <UnitTest name="cargarPatentesPorUsuarioTest" storage="c:\users\diego\documents\visual studio 2010\projects\uniprof\tests\bin\debug\tests.dll" id="4075ee85-dce8-0a59-bbe2-572b6c1b6a07">
      <Execution id="6d837b0e-74bc-4d6f-8a69-2f1aa1b5f96e" />
      <TestMethod codeBase="C:/Users/Diego/Documents/Visual Studio 2010/Projects/Uniprof/Tests/bin/Debug/Tests.DLL" adapterTypeName="Microsoft.VisualStudio.TestTools.TestTypes.Unit.UnitTestAdapter, Microsoft.VisualStudio.QualityTools.Tips.UnitTest.Adapter, Version=10.0.0.0, Culture=neutral, PublicKeyToken=b03f5f7f11d50a3a" className="Tests.PatenteRepositorioTest, Tests, Version=1.0.0.0, Culture=neutral, PublicKeyToken=null" name="cargarPatentesPorUsuarioTest" />
    </UnitTest>
    <UnitTest name="calcularFinalizacionTest4" storage="c:\users\diego\documents\visual studio 2010\projects\uniprof\tests\bin\debug\tests.dll" id="93f8ff39-718d-999f-f07f-06a3b12e22dd">
      <Execution id="026a7190-25ec-42d0-9716-8c3ebaa46077" />
      <TestMethod codeBase="C:/Users/Diego/Documents/Visual Studio 2010/Projects/Uniprof/Tests/bin/Debug/Tests.DLL" adapterTypeName="Microsoft.VisualStudio.TestTools.TestTypes.Unit.UnitTestAdapter, Microsoft.VisualStudio.QualityTools.Tips.UnitTest.Adapter, Version=10.0.0.0, Culture=neutral, PublicKeyToken=b03f5f7f11d50a3a" className="Tests.ProduccionBusinessTest, Tests, Version=1.0.0.0, Culture=neutral, PublicKeyToken=null" name="calcularFinalizacionTest4" />
    </UnitTest>
    <UnitTest name="buscarMovimintosTest" storage="c:\users\diego\documents\visual studio 2010\projects\uniprof\tests\bin\debug\tests.dll" id="b09e98eb-5e7b-17f1-4a91-35133c7055e9">
      <Execution id="7d5e84cd-1dde-4048-a4c0-13c5b283caf0" />
      <TestMethod codeBase="C:/Users/Diego/Documents/Visual Studio 2010/Projects/Uniprof/Tests/bin/Debug/Tests.DLL" adapterTypeName="Microsoft.VisualStudio.TestTools.TestTypes.Unit.UnitTestAdapter, Microsoft.VisualStudio.QualityTools.Tips.UnitTest.Adapter, Version=10.0.0.0, Culture=neutral, PublicKeyToken=b03f5f7f11d50a3a" className="Tests.MovimientoCuentaClienteRepositorioTest, Tests, Version=1.0.0.0, Culture=neutral, PublicKeyToken=null" name="buscarMovimintosTest" />
    </UnitTest>
    <UnitTest name="listarFacturaPorMovimientoTest" storage="c:\users\diego\documents\visual studio 2010\projects\uniprof\tests\bin\debug\tests.dll" id="37b5db64-970d-c293-40fd-5d0b9fe33e03">
      <Execution id="b2faa849-f573-4b2e-98ce-6eea3d1f0caf" />
      <TestMethod codeBase="C:/Users/Diego/Documents/Visual Studio 2010/Projects/Uniprof/Tests/bin/Debug/Tests.DLL" adapterTypeName="Microsoft.VisualStudio.TestTools.TestTypes.Unit.UnitTestAdapter, Microsoft.VisualStudio.QualityTools.Tips.UnitTest.Adapter, Version=10.0.0.0, Culture=neutral, PublicKeyToken=b03f5f7f11d50a3a" className="Tests.FacturaRepositorioTest, Tests, Version=1.0.0.0, Culture=neutral, PublicKeyToken=null" name="listarFacturaPorMovimientoTest" />
    </UnitTest>
    <UnitTest name="cargarListaPrecioTest" storage="c:\users\diego\documents\visual studio 2010\projects\uniprof\tests\bin\debug\tests.dll" id="65f33339-f5f5-af8d-e74e-57a59876466d">
      <Execution id="086b159f-8691-43d0-801a-40e9a9ab893e" />
      <TestMethod codeBase="C:/Users/Diego/Documents/Visual Studio 2010/Projects/Uniprof/Tests/bin/Debug/Tests.DLL" adapterTypeName="Microsoft.VisualStudio.TestTools.TestTypes.Unit.UnitTestAdapter, Microsoft.VisualStudio.QualityTools.Tips.UnitTest.Adapter, Version=10.0.0.0, Culture=neutral, PublicKeyToken=b03f5f7f11d50a3a" className="Tests.ListaPreciosTDGTest, Tests, Version=1.0.0.0, Culture=neutral, PublicKeyToken=null" name="cargarListaPrecioTest" />
    </UnitTest>
    <UnitTest name="grabarPrendaTest" storage="c:\users\diego\documents\visual studio 2010\projects\uniprof\tests\bin\debug\tests.dll" id="47539572-8702-25fd-25db-bd0bdd8958b7">
      <Execution id="91b24062-1fe9-4fa5-b830-48a78e4bdaaf" />
      <TestMethod codeBase="C:/Users/Diego/Documents/Visual Studio 2010/Projects/Uniprof/Tests/bin/Debug/Tests.DLL" adapterTypeName="Microsoft.VisualStudio.TestTools.TestTypes.Unit.UnitTestAdapter, Microsoft.VisualStudio.QualityTools.Tips.UnitTest.Adapter, Version=10.0.0.0, Culture=neutral, PublicKeyToken=b03f5f7f11d50a3a" className="Tests.TipoPrendaRepositorioTest, Tests, Version=1.0.0.0, Culture=neutral, PublicKeyToken=null" name="grabarPrendaTest" />
    </UnitTest>
    <UnitTest name="actualizarMovimientoTest" storage="c:\users\diego\documents\visual studio 2010\projects\uniprof\tests\bin\debug\tests.dll" id="10b4c1e2-77e8-b6fe-ff2c-b75bd78a1790">
      <Execution id="ea8c4bee-3ade-41d5-8889-e26595211995" />
      <TestMethod codeBase="C:/Users/Diego/Documents/Visual Studio 2010/Projects/Uniprof/Tests/bin/Debug/Tests.DLL" adapterTypeName="Microsoft.VisualStudio.TestTools.TestTypes.Unit.UnitTestAdapter, Microsoft.VisualStudio.QualityTools.Tips.UnitTest.Adapter, Version=10.0.0.0, Culture=neutral, PublicKeyToken=b03f5f7f11d50a3a" className="Tests.MovimientoCuentaClienteRepositorioTest, Tests, Version=1.0.0.0, Culture=neutral, PublicKeyToken=null" name="actualizarMovimientoTest" />
    </UnitTest>
    <UnitTest name="listarArticulosPorDiseñoTest" storage="c:\users\diego\documents\visual studio 2010\projects\uniprof\tests\bin\debug\tests.dll" id="16d2afdb-fcf6-6658-1d97-2e6156bb9c19">
      <Execution id="7a2afd5f-baeb-4118-8b1f-d2cb838376d9" />
      <TestMethod codeBase="C:/Users/Diego/Documents/Visual Studio 2010/Projects/Uniprof/Tests/bin/Debug/Tests.DLL" adapterTypeName="Microsoft.VisualStudio.TestTools.TestTypes.Unit.UnitTestAdapter, Microsoft.VisualStudio.QualityTools.Tips.UnitTest.Adapter, Version=10.0.0.0, Culture=neutral, PublicKeyToken=b03f5f7f11d50a3a" className="Tests.ArticuloBusinessTest, Tests, Version=1.0.0.0, Culture=neutral, PublicKeyToken=null" name="listarArticulosPorDiseñoTest" />
    </UnitTest>
    <UnitTest name="grabarNewsletterTest" storage="c:\users\diego\documents\visual studio 2010\projects\uniprof\tests\bin\debug\tests.dll" id="ccb6e01a-8e1d-d753-d587-f8c1f14a9dc4">
      <Execution id="28936c2e-122f-4de3-87a3-6002438ef41c" />
      <TestMethod codeBase="C:/Users/Diego/Documents/Visual Studio 2010/Projects/Uniprof/Tests/bin/Debug/Tests.DLL" adapterTypeName="Microsoft.VisualStudio.TestTools.TestTypes.Unit.UnitTestAdapter, Microsoft.VisualStudio.QualityTools.Tips.UnitTest.Adapter, Version=10.0.0.0, Culture=neutral, PublicKeyToken=b03f5f7f11d50a3a" className="Tests.NewsletterRepositorioTest, Tests, Version=1.0.0.0, Culture=neutral, PublicKeyToken=null" name="grabarNewsletterTest" />
    </UnitTest>
    <UnitTest name="buscarOperadoresConRestriccionesTest" storage="c:\users\diego\documents\visual studio 2010\projects\uniprof\tests\bin\debug\tests.dll" id="8e175a1e-ad15-cbe9-eb2b-34d47332acea">
      <Execution id="dde052fe-4a0f-47a9-9d4b-59e2cb724ad1" />
      <TestMethod codeBase="C:/Users/Diego/Documents/Visual Studio 2010/Projects/Uniprof/Tests/bin/Debug/Tests.DLL" adapterTypeName="Microsoft.VisualStudio.TestTools.TestTypes.Unit.UnitTestAdapter, Microsoft.VisualStudio.QualityTools.Tips.UnitTest.Adapter, Version=10.0.0.0, Culture=neutral, PublicKeyToken=b03f5f7f11d50a3a" className="Tests.OperadorTDGTest, Tests, Version=1.0.0.0, Culture=neutral, PublicKeyToken=null" name="buscarOperadoresConRestriccionesTest" />
    </UnitTest>
    <UnitTest name="buscarNewsletterPorIDTest" storage="c:\users\diego\documents\visual studio 2010\projects\uniprof\tests\bin\debug\tests.dll" id="132dbdad-c767-c70b-4154-f7166132216a">
      <Execution id="1cde5b04-91cd-4824-85cd-e3c10cb427c6" />
      <TestMethod codeBase="C:/Users/Diego/Documents/Visual Studio 2010/Projects/Uniprof/Tests/bin/Debug/Tests.DLL" adapterTypeName="Microsoft.VisualStudio.TestTools.TestTypes.Unit.UnitTestAdapter, Microsoft.VisualStudio.QualityTools.Tips.UnitTest.Adapter, Version=10.0.0.0, Culture=neutral, PublicKeyToken=b03f5f7f11d50a3a" className="Tests.NewsletterTDGTest, Tests, Version=1.0.0.0, Culture=neutral, PublicKeyToken=null" name="buscarNewsletterPorIDTest" />
    </UnitTest>
    <UnitTest name="buscarEstadosPorIdTest" storage="c:\users\diego\documents\visual studio 2010\projects\uniprof\tests\bin\debug\tests.dll" id="9abfd9c9-a69f-e14e-a283-753aea9711be">
      <Execution id="cf0461b6-16d1-4bd9-a6de-553451df7b3c" />
      <TestMethod codeBase="C:/Users/Diego/Documents/Visual Studio 2010/Projects/Uniprof/Tests/bin/Debug/Tests.DLL" adapterTypeName="Microsoft.VisualStudio.TestTools.TestTypes.Unit.UnitTestAdapter, Microsoft.VisualStudio.QualityTools.Tips.UnitTest.Adapter, Version=10.0.0.0, Culture=neutral, PublicKeyToken=b03f5f7f11d50a3a" className="Tests.EstadoDiseñoTDGTest, Tests, Version=1.0.0.0, Culture=neutral, PublicKeyToken=null" name="buscarEstadosPorIdTest" />
    </UnitTest>
    <UnitTest name="borrarLineaTest" storage="c:\users\diego\documents\visual studio 2010\projects\uniprof\tests\bin\debug\tests.dll" id="1e112e87-ecd4-bbc8-5f74-eb12a4718023">
      <Execution id="96baf98b-f4a0-40b6-a7d4-6fc0a439f358" />
      <TestMethod codeBase="C:/Users/Diego/Documents/Visual Studio 2010/Projects/Uniprof/Tests/bin/Debug/Tests.DLL" adapterTypeName="Microsoft.VisualStudio.TestTools.TestTypes.Unit.UnitTestAdapter, Microsoft.VisualStudio.QualityTools.Tips.UnitTest.Adapter, Version=10.0.0.0, Culture=neutral, PublicKeyToken=b03f5f7f11d50a3a" className="Tests.LineaFacturaTDGTest, Tests, Version=1.0.0.0, Culture=neutral, PublicKeyToken=null" name="borrarLineaTest" />
    </UnitTest>
    <UnitTest name="cargarOrdenConRestriccionesTest" storage="c:\users\diego\documents\visual studio 2010\projects\uniprof\tests\bin\debug\tests.dll" id="3022c4e6-888b-2dda-b879-e60c04b5e600">
      <Execution id="ec908145-2eb0-4e70-8750-66c4d17ed9b2" />
      <TestMethod codeBase="C:/Users/Diego/Documents/Visual Studio 2010/Projects/Uniprof/Tests/bin/Debug/Tests.DLL" adapterTypeName="Microsoft.VisualStudio.TestTools.TestTypes.Unit.UnitTestAdapter, Microsoft.VisualStudio.QualityTools.Tips.UnitTest.Adapter, Version=10.0.0.0, Culture=neutral, PublicKeyToken=b03f5f7f11d50a3a" className="Tests.OrdenDeCompraTDGTest, Tests, Version=1.0.0.0, Culture=neutral, PublicKeyToken=null" name="cargarOrdenConRestriccionesTest" />
    </UnitTest>
    <UnitTest name="cargarOrdenesDeComprasTest" storage="c:\users\diego\documents\visual studio 2010\projects\uniprof\tests\bin\debug\tests.dll" id="d40feea3-8180-d822-1bc4-ef1286a37118">
      <Execution id="313a69b7-ed8d-4e65-ba53-9b0e12e7e094" />
      <TestMethod codeBase="C:/Users/Diego/Documents/Visual Studio 2010/Projects/Uniprof/Tests/bin/Debug/Tests.DLL" adapterTypeName="Microsoft.VisualStudio.TestTools.TestTypes.Unit.UnitTestAdapter, Microsoft.VisualStudio.QualityTools.Tips.UnitTest.Adapter, Version=10.0.0.0, Culture=neutral, PublicKeyToken=b03f5f7f11d50a3a" className="Tests.OrdenDeCompraTDGTest, Tests, Version=1.0.0.0, Culture=neutral, PublicKeyToken=null" name="cargarOrdenesDeComprasTest" />
    </UnitTest>
    <UnitTest name="grabarInsumoTest" storage="c:\users\diego\documents\visual studio 2010\projects\uniprof\tests\bin\debug\tests.dll" id="67103975-0d80-6dc0-3e73-31c64db0977f">
      <Execution id="1ccba480-87ee-4f05-be2b-8c81e4ed72ae" />
      <TestMethod codeBase="C:/Users/Diego/Documents/Visual Studio 2010/Projects/Uniprof/Tests/bin/Debug/Tests.DLL" adapterTypeName="Microsoft.VisualStudio.TestTools.TestTypes.Unit.UnitTestAdapter, Microsoft.VisualStudio.QualityTools.Tips.UnitTest.Adapter, Version=10.0.0.0, Culture=neutral, PublicKeyToken=b03f5f7f11d50a3a" className="Tests.InsumoBusinessTest, Tests, Version=1.0.0.0, Culture=neutral, PublicKeyToken=null" name="grabarInsumoTest" />
    </UnitTest>
    <UnitTest name="listarProduccionPorMaquinaTest" storage="c:\users\diego\documents\visual studio 2010\projects\uniprof\tests\bin\debug\tests.dll" id="399698d6-d910-1ab1-d972-fb6aa80639ce">
      <Execution id="5d55a790-2916-4507-8daa-a5e09522ed0d" />
      <TestMethod codeBase="C:/Users/Diego/Documents/Visual Studio 2010/Projects/Uniprof/Tests/bin/Debug/Tests.DLL" adapterTypeName="Microsoft.VisualStudio.TestTools.TestTypes.Unit.UnitTestAdapter, Microsoft.VisualStudio.QualityTools.Tips.UnitTest.Adapter, Version=10.0.0.0, Culture=neutral, PublicKeyToken=b03f5f7f11d50a3a" className="Tests.ProduccionRepositorioTest, Tests, Version=1.0.0.0, Culture=neutral, PublicKeyToken=null" name="listarProduccionPorMaquinaTest" />
    </UnitTest>
    <UnitTest name="modificarMensajeTest" storage="c:\users\diego\documents\visual studio 2010\projects\uniprof\tests\bin\debug\tests.dll" id="dea2dc86-55fc-7dd0-68c2-4ac2d970ca43">
      <Execution id="c822c098-2898-469d-9753-cdce1c84dd6f" />
      <TestMethod codeBase="C:/Users/Diego/Documents/Visual Studio 2010/Projects/Uniprof/Tests/bin/Debug/Tests.DLL" adapterTypeName="Microsoft.VisualStudio.TestTools.TestTypes.Unit.UnitTestAdapter, Microsoft.VisualStudio.QualityTools.Tips.UnitTest.Adapter, Version=10.0.0.0, Culture=neutral, PublicKeyToken=b03f5f7f11d50a3a" className="Tests.MensajeTDGTest, Tests, Version=1.0.0.0, Culture=neutral, PublicKeyToken=null" name="modificarMensajeTest" />
    </UnitTest>
    <UnitTest name="calcularDistanciaEntreTrabajosTest4" storage="c:\users\diego\documents\visual studio 2010\projects\uniprof\tests\bin\debug\tests.dll" id="db7e1c98-1137-e435-bbb3-bf8f5402bfbf">
      <Execution id="504a2c74-dcc3-472b-ac5f-5828a25c14fb" />
      <TestMethod codeBase="C:/Users/Diego/Documents/Visual Studio 2010/Projects/Uniprof/Tests/bin/Debug/Tests.DLL" adapterTypeName="Microsoft.VisualStudio.TestTools.TestTypes.Unit.UnitTestAdapter, Microsoft.VisualStudio.QualityTools.Tips.UnitTest.Adapter, Version=10.0.0.0, Culture=neutral, PublicKeyToken=b03f5f7f11d50a3a" className="Tests.ProduccionBusinessTest, Tests, Version=1.0.0.0, Culture=neutral, PublicKeyToken=null" name="calcularDistanciaEntreTrabajosTest4" />
    </UnitTest>
    <UnitTest name="grabarTipoPedidosTest" storage="c:\users\diego\documents\visual studio 2010\projects\uniprof\tests\bin\debug\tests.dll" id="c37440e9-11a5-99b5-8db4-69844a9128f1">
      <Execution id="b096a470-e47e-4c33-a36a-7a9933ac1a40" />
      <TestMethod codeBase="C:/Users/Diego/Documents/Visual Studio 2010/Projects/Uniprof/Tests/bin/Debug/Tests.DLL" adapterTypeName="Microsoft.VisualStudio.TestTools.TestTypes.Unit.UnitTestAdapter, Microsoft.VisualStudio.QualityTools.Tips.UnitTest.Adapter, Version=10.0.0.0, Culture=neutral, PublicKeyToken=b03f5f7f11d50a3a" className="Tests.TipoPedidoTDGTest, Tests, Version=1.0.0.0, Culture=neutral, PublicKeyToken=null" name="grabarTipoPedidosTest" />
    </UnitTest>
    <UnitTest name="GuardarPedidoTest" storage="c:\users\diego\documents\visual studio 2010\projects\uniprof\tests\bin\debug\tests.dll" id="4ab5b9e6-5b30-baa0-2e6d-fac9df442766">
      <Execution id="db1281fe-731d-44fa-a459-7242131cd315" />
      <TestMethod codeBase="C:/Users/Diego/Documents/Visual Studio 2010/Projects/Uniprof/Tests/bin/Debug/Tests.DLL" adapterTypeName="Microsoft.VisualStudio.TestTools.TestTypes.Unit.UnitTestAdapter, Microsoft.VisualStudio.QualityTools.Tips.UnitTest.Adapter, Version=10.0.0.0, Culture=neutral, PublicKeyToken=b03f5f7f11d50a3a" className="Tests.PedidoBusinessTest, Tests, Version=1.0.0.0, Culture=neutral, PublicKeyToken=null" name="GuardarPedidoTest" />
    </UnitTest>
    <UnitTest name="modificarListaPrecioTest" storage="c:\users\diego\documents\visual studio 2010\projects\uniprof\tests\bin\debug\tests.dll" id="5e0dec84-1eed-840d-bf51-237b2ddbdebf">
      <Execution id="397b8d73-e8ea-47f6-9f50-c1ac42595f22" />
      <TestMethod codeBase="C:/Users/Diego/Documents/Visual Studio 2010/Projects/Uniprof/Tests/bin/Debug/Tests.DLL" adapterTypeName="Microsoft.VisualStudio.TestTools.TestTypes.Unit.UnitTestAdapter, Microsoft.VisualStudio.QualityTools.Tips.UnitTest.Adapter, Version=10.0.0.0, Culture=neutral, PublicKeyToken=b03f5f7f11d50a3a" className="Tests.ListaPreciosTDGTest, Tests, Version=1.0.0.0, Culture=neutral, PublicKeyToken=null" name="modificarListaPrecioTest" />
    </UnitTest>
    <UnitTest name="listarMovimientosTest" storage="c:\users\diego\documents\visual studio 2010\projects\uniprof\tests\bin\debug\tests.dll" id="cf88dd92-747e-1a79-8f2c-fc0e3f9b0004">
      <Execution id="520642b1-e1f9-4d63-a010-3576f47bff29" />
      <TestMethod codeBase="C:/Users/Diego/Documents/Visual Studio 2010/Projects/Uniprof/Tests/bin/Debug/Tests.DLL" adapterTypeName="Microsoft.VisualStudio.TestTools.TestTypes.Unit.UnitTestAdapter, Microsoft.VisualStudio.QualityTools.Tips.UnitTest.Adapter, Version=10.0.0.0, Culture=neutral, PublicKeyToken=b03f5f7f11d50a3a" className="Tests.MovimientoClienteBusinessTest, Tests, Version=1.0.0.0, Culture=neutral, PublicKeyToken=null" name="listarMovimientosTest" />
    </UnitTest>
    <UnitTest name="grabarLineaTest" storage="c:\users\diego\documents\visual studio 2010\projects\uniprof\tests\bin\debug\tests.dll" id="92b34578-8935-0a46-8dd9-4af3ba2aba99">
      <Execution id="2ba01d0b-6273-46b9-8d9e-245c2ef19f67" />
      <TestMethod codeBase="C:/Users/Diego/Documents/Visual Studio 2010/Projects/Uniprof/Tests/bin/Debug/Tests.DLL" adapterTypeName="Microsoft.VisualStudio.TestTools.TestTypes.Unit.UnitTestAdapter, Microsoft.VisualStudio.QualityTools.Tips.UnitTest.Adapter, Version=10.0.0.0, Culture=neutral, PublicKeyToken=b03f5f7f11d50a3a" className="Tests.LineaOrdenDeCompraTDGTest, Tests, Version=1.0.0.0, Culture=neutral, PublicKeyToken=null" name="grabarLineaTest" />
    </UnitTest>
    <UnitTest name="GrabarDiseñoTest" storage="c:\users\diego\documents\visual studio 2010\projects\uniprof\tests\bin\debug\tests.dll" id="a914285b-c2e0-dbc2-f99c-c0b34bf25408">
      <Execution id="0e8cf1b8-ea92-4977-a48e-2dee18f56704" />
      <TestMethod codeBase="C:/Users/Diego/Documents/Visual Studio 2010/Projects/Uniprof/Tests/bin/Debug/Tests.DLL" adapterTypeName="Microsoft.VisualStudio.TestTools.TestTypes.Unit.UnitTestAdapter, Microsoft.VisualStudio.QualityTools.Tips.UnitTest.Adapter, Version=10.0.0.0, Culture=neutral, PublicKeyToken=b03f5f7f11d50a3a" className="Tests.DiseñoRepositorioTest, Tests, Version=1.0.0.0, Culture=neutral, PublicKeyToken=null" name="GrabarDiseñoTest" />
    </UnitTest>
    <UnitTest name="listarArticulosTest" storage="c:\users\diego\documents\visual studio 2010\projects\uniprof\tests\bin\debug\tests.dll" id="353a1d2f-a022-ae0b-e495-9424c7779e0c">
      <Execution id="2dd21bf8-deb2-4cee-af06-4204d67bb927" />
      <TestMethod codeBase="C:/Users/Diego/Documents/Visual Studio 2010/Projects/Uniprof/Tests/bin/Debug/Tests.DLL" adapterTypeName="Microsoft.VisualStudio.TestTools.TestTypes.Unit.UnitTestAdapter, Microsoft.VisualStudio.QualityTools.Tips.UnitTest.Adapter, Version=10.0.0.0, Culture=neutral, PublicKeyToken=b03f5f7f11d50a3a" className="Tests.ArticuloRepositorioTest, Tests, Version=1.0.0.0, Culture=neutral, PublicKeyToken=null" name="listarArticulosTest" />
    </UnitTest>
    <UnitTest name="buscarProveedoresPorNombreTest" storage="c:\users\diego\documents\visual studio 2010\projects\uniprof\tests\bin\debug\tests.dll" id="e97e5cde-c25e-cb0e-69db-a3582bc2ca43">
      <Execution id="f1bb7a4a-3e21-4d3a-9bb8-659f097c8bab" />
      <TestMethod codeBase="C:/Users/Diego/Documents/Visual Studio 2010/Projects/Uniprof/Tests/bin/Debug/Tests.DLL" adapterTypeName="Microsoft.VisualStudio.TestTools.TestTypes.Unit.UnitTestAdapter, Microsoft.VisualStudio.QualityTools.Tips.UnitTest.Adapter, Version=10.0.0.0, Culture=neutral, PublicKeyToken=b03f5f7f11d50a3a" className="Tests.ProveedorBusinessTest, Tests, Version=1.0.0.0, Culture=neutral, PublicKeyToken=null" name="buscarProveedoresPorNombreTest" />
    </UnitTest>
    <UnitTest name="listarOrdenDeComprasPorProveedorTest" storage="c:\users\diego\documents\visual studio 2010\projects\uniprof\tests\bin\debug\tests.dll" id="bc6fbc6a-1040-2a7b-d37a-1937b6e2fa50">
      <Execution id="e0e15ff0-9a63-41f6-8f5f-baa3d0cce5cb" />
      <TestMethod codeBase="C:/Users/Diego/Documents/Visual Studio 2010/Projects/Uniprof/Tests/bin/Debug/Tests.DLL" adapterTypeName="Microsoft.VisualStudio.TestTools.TestTypes.Unit.UnitTestAdapter, Microsoft.VisualStudio.QualityTools.Tips.UnitTest.Adapter, Version=10.0.0.0, Culture=neutral, PublicKeyToken=b03f5f7f11d50a3a" className="Tests.OrdenCompraRepositorioTest, Tests, Version=1.0.0.0, Culture=neutral, PublicKeyToken=null" name="listarOrdenDeComprasPorProveedorTest" />
    </UnitTest>
    <UnitTest name="borrarProveedorTest" storage="c:\users\diego\documents\visual studio 2010\projects\uniprof\tests\bin\debug\tests.dll" id="4cc6b71b-462c-2bdc-f536-28b4d3d30de5">
      <Execution id="b2e771c3-f335-4198-863c-85a68a4019b3" />
      <TestMethod codeBase="C:/Users/Diego/Documents/Visual Studio 2010/Projects/Uniprof/Tests/bin/Debug/Tests.DLL" adapterTypeName="Microsoft.VisualStudio.TestTools.TestTypes.Unit.UnitTestAdapter, Microsoft.VisualStudio.QualityTools.Tips.UnitTest.Adapter, Version=10.0.0.0, Culture=neutral, PublicKeyToken=b03f5f7f11d50a3a" className="Tests.ProveedorTDGTest, Tests, Version=1.0.0.0, Culture=neutral, PublicKeyToken=null" name="borrarProveedorTest" />
    </UnitTest>
    <UnitTest name="grabarListaPrecioTest" storage="c:\users\diego\documents\visual studio 2010\projects\uniprof\tests\bin\debug\tests.dll" id="0a8df61c-a62f-1c66-059f-875171321588">
      <Execution id="1ce114c8-cfc2-45d0-b227-c95285e80d1e" />
      <TestMethod codeBase="C:/Users/Diego/Documents/Visual Studio 2010/Projects/Uniprof/Tests/bin/Debug/Tests.DLL" adapterTypeName="Microsoft.VisualStudio.TestTools.TestTypes.Unit.UnitTestAdapter, Microsoft.VisualStudio.QualityTools.Tips.UnitTest.Adapter, Version=10.0.0.0, Culture=neutral, PublicKeyToken=b03f5f7f11d50a3a" className="Tests.ListaPreciosTDGTest, Tests, Version=1.0.0.0, Culture=neutral, PublicKeyToken=null" name="grabarListaPrecioTest" />
    </UnitTest>
    <UnitTest name="buscarTipoPedidosTest" storage="c:\users\diego\documents\visual studio 2010\projects\uniprof\tests\bin\debug\tests.dll" id="f6ab254b-b89e-8f66-b003-59dd11d22e62">
      <Execution id="c69c698a-6cb9-4db9-8946-faa3616f3950" />
      <TestMethod codeBase="C:/Users/Diego/Documents/Visual Studio 2010/Projects/Uniprof/Tests/bin/Debug/Tests.DLL" adapterTypeName="Microsoft.VisualStudio.TestTools.TestTypes.Unit.UnitTestAdapter, Microsoft.VisualStudio.QualityTools.Tips.UnitTest.Adapter, Version=10.0.0.0, Culture=neutral, PublicKeyToken=b03f5f7f11d50a3a" className="Tests.TipoPedidoTDGTest, Tests, Version=1.0.0.0, Culture=neutral, PublicKeyToken=null" name="buscarTipoPedidosTest" />
    </UnitTest>
    <UnitTest name="listarOrdenDeComprasPorMovimientoTest" storage="c:\users\diego\documents\visual studio 2010\projects\uniprof\tests\bin\debug\tests.dll" id="046d8853-4c4a-6ed7-e6b4-7cfe78d48668">
      <Execution id="76871387-2b63-482b-b81b-e7410f2d79e8" />
      <TestMethod codeBase="C:/Users/Diego/Documents/Visual Studio 2010/Projects/Uniprof/Tests/bin/Debug/Tests.DLL" adapterTypeName="Microsoft.VisualStudio.TestTools.TestTypes.Unit.UnitTestAdapter, Microsoft.VisualStudio.QualityTools.Tips.UnitTest.Adapter, Version=10.0.0.0, Culture=neutral, PublicKeyToken=b03f5f7f11d50a3a" className="Tests.OrdenCompraBusinessTest, Tests, Version=1.0.0.0, Culture=neutral, PublicKeyToken=null" name="listarOrdenDeComprasPorMovimientoTest" />
    </UnitTest>
    <UnitTest name="borrarMovimientosClienteTest" storage="c:\users\diego\documents\visual studio 2010\projects\uniprof\tests\bin\debug\tests.dll" id="4128c841-fbe4-5443-0039-ee6ab9d8480a">
      <Execution id="12583d6f-44d0-44ab-a332-02bc9a44a707" />
      <TestMethod codeBase="C:/Users/Diego/Documents/Visual Studio 2010/Projects/Uniprof/Tests/bin/Debug/Tests.DLL" adapterTypeName="Microsoft.VisualStudio.TestTools.TestTypes.Unit.UnitTestAdapter, Microsoft.VisualStudio.QualityTools.Tips.UnitTest.Adapter, Version=10.0.0.0, Culture=neutral, PublicKeyToken=b03f5f7f11d50a3a" className="Tests.MovimientoCuentaClienteTDGTest, Tests, Version=1.0.0.0, Culture=neutral, PublicKeyToken=null" name="borrarMovimientosClienteTest" />
    </UnitTest>
    <UnitTest name="actualizaOrdenDeCompraTest" storage="c:\users\diego\documents\visual studio 2010\projects\uniprof\tests\bin\debug\tests.dll" id="b2564a1d-a5df-de1a-d3dd-41d0e33b00f4">
      <Execution id="f7ce93be-0f77-4bce-aec3-167492237553" />
      <TestMethod codeBase="C:/Users/Diego/Documents/Visual Studio 2010/Projects/Uniprof/Tests/bin/Debug/Tests.DLL" adapterTypeName="Microsoft.VisualStudio.TestTools.TestTypes.Unit.UnitTestAdapter, Microsoft.VisualStudio.QualityTools.Tips.UnitTest.Adapter, Version=10.0.0.0, Culture=neutral, PublicKeyToken=b03f5f7f11d50a3a" className="Tests.OrdenCompraRepositorioTest, Tests, Version=1.0.0.0, Culture=neutral, PublicKeyToken=null" name="actualizaOrdenDeCompraTest" />
    </UnitTest>
    <UnitTest name="buscarEstadosPorIdTest" storage="c:\users\diego\documents\visual studio 2010\projects\uniprof\tests\bin\debug\tests.dll" id="f384b49a-3778-3092-73a3-70a68b63c811">
      <Execution id="6152796b-cef4-481c-90cb-1816a236a59c" />
      <TestMethod codeBase="C:/Users/Diego/Documents/Visual Studio 2010/Projects/Uniprof/Tests/bin/Debug/Tests.DLL" adapterTypeName="Microsoft.VisualStudio.TestTools.TestTypes.Unit.UnitTestAdapter, Microsoft.VisualStudio.QualityTools.Tips.UnitTest.Adapter, Version=10.0.0.0, Culture=neutral, PublicKeyToken=b03f5f7f11d50a3a" className="Tests.EstadoTrabajoTDGTest, Tests, Version=1.0.0.0, Culture=neutral, PublicKeyToken=null" name="buscarEstadosPorIdTest" />
    </UnitTest>
    <UnitTest name="buscarPorIdTest" storage="c:\users\diego\documents\visual studio 2010\projects\uniprof\tests\bin\debug\tests.dll" id="77619216-98fe-f01d-d92b-ae2614d5a7c1">
      <Execution id="50834aeb-5ad3-4fcf-b706-d184d55220ec" />
      <TestMethod codeBase="C:/Users/Diego/Documents/Visual Studio 2010/Projects/Uniprof/Tests/bin/Debug/Tests.DLL" adapterTypeName="Microsoft.VisualStudio.TestTools.TestTypes.Unit.UnitTestAdapter, Microsoft.VisualStudio.QualityTools.Tips.UnitTest.Adapter, Version=10.0.0.0, Culture=neutral, PublicKeyToken=b03f5f7f11d50a3a" className="Tests.TipoMovimientoTDGTest, Tests, Version=1.0.0.0, Culture=neutral, PublicKeyToken=null" name="buscarPorIdTest" />
    </UnitTest>
    <UnitTest name="buscarPorDescripcionTest" storage="c:\users\diego\documents\visual studio 2010\projects\uniprof\tests\bin\debug\tests.dll" id="5c85b597-4b7a-176d-3dac-461f2d66fe1b">
      <Execution id="c8a8de2d-cbd7-4c61-8a06-fa3487d660fc" />
      <TestMethod codeBase="C:/Users/Diego/Documents/Visual Studio 2010/Projects/Uniprof/Tests/bin/Debug/Tests.DLL" adapterTypeName="Microsoft.VisualStudio.TestTools.TestTypes.Unit.UnitTestAdapter, Microsoft.VisualStudio.QualityTools.Tips.UnitTest.Adapter, Version=10.0.0.0, Culture=neutral, PublicKeyToken=b03f5f7f11d50a3a" className="Tests.ProveedorTDGTest, Tests, Version=1.0.0.0, Culture=neutral, PublicKeyToken=null" name="buscarPorDescripcionTest" />
    </UnitTest>
    <UnitTest name="listarOpinionesPorMailTest" storage="c:\users\diego\documents\visual studio 2010\projects\uniprof\tests\bin\debug\tests.dll" id="be2975a5-16cf-8b54-0e33-59e4bc6c38a6">
      <Execution id="3a6c289a-7c02-4ebe-93eb-d187dedfde4e" />
      <TestMethod codeBase="C:/Users/Diego/Documents/Visual Studio 2010/Projects/Uniprof/Tests/bin/Debug/Tests.DLL" adapterTypeName="Microsoft.VisualStudio.TestTools.TestTypes.Unit.UnitTestAdapter, Microsoft.VisualStudio.QualityTools.Tips.UnitTest.Adapter, Version=10.0.0.0, Culture=neutral, PublicKeyToken=b03f5f7f11d50a3a" className="Tests.OpinionRepositorioTest, Tests, Version=1.0.0.0, Culture=neutral, PublicKeyToken=null" name="listarOpinionesPorMailTest" />
    </UnitTest>
    <UnitTest name="grabarMovimientosTest" storage="c:\users\diego\documents\visual studio 2010\projects\uniprof\tests\bin\debug\tests.dll" id="7ef8ab41-162c-76bc-02f7-a575f043f7e4">
      <Execution id="bc0475ea-99ae-4692-8bea-76fa70a4785b" />
      <TestMethod codeBase="C:/Users/Diego/Documents/Visual Studio 2010/Projects/Uniprof/Tests/bin/Debug/Tests.DLL" adapterTypeName="Microsoft.VisualStudio.TestTools.TestTypes.Unit.UnitTestAdapter, Microsoft.VisualStudio.QualityTools.Tips.UnitTest.Adapter, Version=10.0.0.0, Culture=neutral, PublicKeyToken=b03f5f7f11d50a3a" className="Tests.MovimientoStockTDGTest, Tests, Version=1.0.0.0, Culture=neutral, PublicKeyToken=null" name="grabarMovimientosTest" />
    </UnitTest>
    <UnitTest name="buscarTodoTest" storage="c:\users\diego\documents\visual studio 2010\projects\uniprof\tests\bin\debug\tests.dll" id="5136f8bc-ea30-8e7a-77a2-f46a924db348">
      <Execution id="217cb6eb-5c7e-4e3f-bcb6-3c8a17463f90" />
      <TestMethod codeBase="C:/Users/Diego/Documents/Visual Studio 2010/Projects/Uniprof/Tests/bin/Debug/Tests.DLL" adapterTypeName="Microsoft.VisualStudio.TestTools.TestTypes.Unit.UnitTestAdapter, Microsoft.VisualStudio.QualityTools.Tips.UnitTest.Adapter, Version=10.0.0.0, Culture=neutral, PublicKeyToken=b03f5f7f11d50a3a" className="Tests.ProveedorTDGTest, Tests, Version=1.0.0.0, Culture=neutral, PublicKeyToken=null" name="buscarTodoTest" />
    </UnitTest>
    <UnitTest name="cargarFamiliasTest" storage="c:\users\diego\documents\visual studio 2010\projects\uniprof\tests\bin\debug\tests.dll" id="6b7c36cd-44f4-1879-c115-f544d495b61e">
      <Execution id="38a2d8c1-1267-48b0-b55e-2d124b7f5e6c" />
      <TestMethod codeBase="C:/Users/Diego/Documents/Visual Studio 2010/Projects/Uniprof/Tests/bin/Debug/Tests.DLL" adapterTypeName="Microsoft.VisualStudio.TestTools.TestTypes.Unit.UnitTestAdapter, Microsoft.VisualStudio.QualityTools.Tips.UnitTest.Adapter, Version=10.0.0.0, Culture=neutral, PublicKeyToken=b03f5f7f11d50a3a" className="Tests.PatenteTDGTest, Tests, Version=1.0.0.0, Culture=neutral, PublicKeyToken=null" name="cargarFamiliasTest" />
    </UnitTest>
    <UnitTest name="actualizarTipoPrendaTest" storage="c:\users\diego\documents\visual studio 2010\projects\uniprof\tests\bin\debug\tests.dll" id="1fb18ed6-06da-35e1-ec67-5275eec70993">
      <Execution id="2eb902af-7b0d-4fd7-9aa1-0f4af866ca7e" />
      <TestMethod codeBase="C:/Users/Diego/Documents/Visual Studio 2010/Projects/Uniprof/Tests/bin/Debug/Tests.DLL" adapterTypeName="Microsoft.VisualStudio.TestTools.TestTypes.Unit.UnitTestAdapter, Microsoft.VisualStudio.QualityTools.Tips.UnitTest.Adapter, Version=10.0.0.0, Culture=neutral, PublicKeyToken=b03f5f7f11d50a3a" className="Tests.TipoPrendaBusinessTest, Tests, Version=1.0.0.0, Culture=neutral, PublicKeyToken=null" name="actualizarTipoPrendaTest" />
    </UnitTest>
    <UnitTest name="modificarUsuarioTest" storage="c:\users\diego\documents\visual studio 2010\projects\uniprof\tests\bin\debug\tests.dll" id="1cbe2801-d19a-9274-15f8-0dba46344245">
      <Execution id="ba0bcdfc-05d9-40df-85eb-89b0579779df" />
      <TestMethod codeBase="C:/Users/Diego/Documents/Visual Studio 2010/Projects/Uniprof/Tests/bin/Debug/Tests.DLL" adapterTypeName="Microsoft.VisualStudio.TestTools.TestTypes.Unit.UnitTestAdapter, Microsoft.VisualStudio.QualityTools.Tips.UnitTest.Adapter, Version=10.0.0.0, Culture=neutral, PublicKeyToken=b03f5f7f11d50a3a" className="Tests.UsuarioBusinessTest, Tests, Version=1.0.0.0, Culture=neutral, PublicKeyToken=null" name="modificarUsuarioTest" />
    </UnitTest>
    <UnitTest name="cargarLineasPorOrdenDeCompraTest" storage="c:\users\diego\documents\visual studio 2010\projects\uniprof\tests\bin\debug\tests.dll" id="5ffe0bd0-6148-b429-44ab-e9d370687b86">
      <Execution id="0ce7e553-de3b-4751-bc93-73bbd1515caa" />
      <TestMethod codeBase="C:/Users/Diego/Documents/Visual Studio 2010/Projects/Uniprof/Tests/bin/Debug/Tests.DLL" adapterTypeName="Microsoft.VisualStudio.TestTools.TestTypes.Unit.UnitTestAdapter, Microsoft.VisualStudio.QualityTools.Tips.UnitTest.Adapter, Version=10.0.0.0, Culture=neutral, PublicKeyToken=b03f5f7f11d50a3a" className="Tests.LineaOrdenCompraRepositorioTest, Tests, Version=1.0.0.0, Culture=neutral, PublicKeyToken=null" name="cargarLineasPorOrdenDeCompraTest" />
    </UnitTest>
    <UnitTest name="grabarHistoricoEstadosTest" storage="c:\users\diego\documents\visual studio 2010\projects\uniprof\tests\bin\debug\tests.dll" id="3f81de19-4fde-6528-9e0d-cf576c0d46aa">
      <Execution id="30caa694-1493-4d16-b54a-273c3749b8c3" />
      <TestMethod codeBase="C:/Users/Diego/Documents/Visual Studio 2010/Projects/Uniprof/Tests/bin/Debug/Tests.DLL" adapterTypeName="Microsoft.VisualStudio.TestTools.TestTypes.Unit.UnitTestAdapter, Microsoft.VisualStudio.QualityTools.Tips.UnitTest.Adapter, Version=10.0.0.0, Culture=neutral, PublicKeyToken=b03f5f7f11d50a3a" className="Tests.HistoricoEstadosPedidoTDGTest, Tests, Version=1.0.0.0, Culture=neutral, PublicKeyToken=null" name="grabarHistoricoEstadosTest" />
    </UnitTest>
    <UnitTest name="buscarPrendasTest" storage="c:\users\diego\documents\visual studio 2010\projects\uniprof\tests\bin\debug\tests.dll" id="4b2e2241-5ba0-4bf3-a87c-c3b9957ec404">
      <Execution id="77b58018-cee4-48a8-83a4-04c62c2994c1" />
      <TestMethod codeBase="C:/Users/Diego/Documents/Visual Studio 2010/Projects/Uniprof/Tests/bin/Debug/Tests.DLL" adapterTypeName="Microsoft.VisualStudio.TestTools.TestTypes.Unit.UnitTestAdapter, Microsoft.VisualStudio.QualityTools.Tips.UnitTest.Adapter, Version=10.0.0.0, Culture=neutral, PublicKeyToken=b03f5f7f11d50a3a" className="Tests.TipoPrendaTDGTest, Tests, Version=1.0.0.0, Culture=neutral, PublicKeyToken=null" name="buscarPrendasTest" />
    </UnitTest>
    <UnitTest name="grabarInsumoTest" storage="c:\users\diego\documents\visual studio 2010\projects\uniprof\tests\bin\debug\tests.dll" id="653a7294-5203-6cdc-ff9d-6ea30ca26aa9">
      <Execution id="7e94dcfb-5250-4b1e-be55-8c1a1a063409" />
      <TestMethod codeBase="C:/Users/Diego/Documents/Visual Studio 2010/Projects/Uniprof/Tests/bin/Debug/Tests.DLL" adapterTypeName="Microsoft.VisualStudio.TestTools.TestTypes.Unit.UnitTestAdapter, Microsoft.VisualStudio.QualityTools.Tips.UnitTest.Adapter, Version=10.0.0.0, Culture=neutral, PublicKeyToken=b03f5f7f11d50a3a" className="Tests.InsumoRepositorioTest, Tests, Version=1.0.0.0, Culture=neutral, PublicKeyToken=null" name="grabarInsumoTest" />
    </UnitTest>
    <UnitTest name="obtenerIdsArticulosFrecuentesTest" storage="c:\users\diego\documents\visual studio 2010\projects\uniprof\tests\bin\debug\tests.dll" id="1f18c315-e299-cbd9-ed3a-225fc06b347a">
      <Execution id="66740ff3-e878-4e6a-a505-e1206bd0fab1" />
      <TestMethod codeBase="C:/Users/Diego/Documents/Visual Studio 2010/Projects/Uniprof/Tests/bin/Debug/Tests.DLL" adapterTypeName="Microsoft.VisualStudio.TestTools.TestTypes.Unit.UnitTestAdapter, Microsoft.VisualStudio.QualityTools.Tips.UnitTest.Adapter, Version=10.0.0.0, Culture=neutral, PublicKeyToken=b03f5f7f11d50a3a" className="Tests.ArticuloTDGTest, Tests, Version=1.0.0.0, Culture=neutral, PublicKeyToken=null" name="obtenerIdsArticulosFrecuentesTest" />
    </UnitTest>
    <UnitTest name="actualizarTipoPrendaTest" storage="c:\users\diego\documents\visual studio 2010\projects\uniprof\tests\bin\debug\tests.dll" id="d9bcf618-cd6c-c93c-87f9-e64f86f63590">
      <Execution id="c5330dc1-c4c9-43ec-afe4-fa5c0cb0f718" />
      <TestMethod codeBase="C:/Users/Diego/Documents/Visual Studio 2010/Projects/Uniprof/Tests/bin/Debug/Tests.DLL" adapterTypeName="Microsoft.VisualStudio.TestTools.TestTypes.Unit.UnitTestAdapter, Microsoft.VisualStudio.QualityTools.Tips.UnitTest.Adapter, Version=10.0.0.0, Culture=neutral, PublicKeyToken=b03f5f7f11d50a3a" className="Tests.TipoPrendaTDGTest, Tests, Version=1.0.0.0, Culture=neutral, PublicKeyToken=null" name="actualizarTipoPrendaTest" />
    </UnitTest>
    <UnitTest name="cargarMovimientosConRestriccionesTest" storage="c:\users\diego\documents\visual studio 2010\projects\uniprof\tests\bin\debug\tests.dll" id="c736d05f-3776-7117-cc83-8e6ae9b75cf4">
      <Execution id="07eab95b-dd5d-470f-805f-eefad70de648" />
      <TestMethod codeBase="C:/Users/Diego/Documents/Visual Studio 2010/Projects/Uniprof/Tests/bin/Debug/Tests.DLL" adapterTypeName="Microsoft.VisualStudio.TestTools.TestTypes.Unit.UnitTestAdapter, Microsoft.VisualStudio.QualityTools.Tips.UnitTest.Adapter, Version=10.0.0.0, Culture=neutral, PublicKeyToken=b03f5f7f11d50a3a" className="Tests.MovimientoCuentaClienteTDGTest, Tests, Version=1.0.0.0, Culture=neutral, PublicKeyToken=null" name="cargarMovimientosConRestriccionesTest" />
    </UnitTest>
    <UnitTest name="actualizarClienteTest" storage="c:\users\diego\documents\visual studio 2010\projects\uniprof\tests\bin\debug\tests.dll" id="e4e7695e-eb86-2e17-0da3-82500c958fe2">
      <Execution id="b6791e5f-0655-48ef-b33d-ab85fa99f753" />
      <TestMethod codeBase="C:/Users/Diego/Documents/Visual Studio 2010/Projects/Uniprof/Tests/bin/Debug/Tests.DLL" adapterTypeName="Microsoft.VisualStudio.TestTools.TestTypes.Unit.UnitTestAdapter, Microsoft.VisualStudio.QualityTools.Tips.UnitTest.Adapter, Version=10.0.0.0, Culture=neutral, PublicKeyToken=b03f5f7f11d50a3a" className="Tests.UsuarioBusinessTest, Tests, Version=1.0.0.0, Culture=neutral, PublicKeyToken=null" name="actualizarClienteTest" />
    </UnitTest>
    <UnitTest name="borrarInsumoTest" storage="c:\users\diego\documents\visual studio 2010\projects\uniprof\tests\bin\debug\tests.dll" id="5d5c620b-143e-df44-c141-574eca133b7a">
      <Execution id="b5fb2251-7325-44bc-beb1-653b4b1ed5c3" />
      <TestMethod codeBase="C:/Users/Diego/Documents/Visual Studio 2010/Projects/Uniprof/Tests/bin/Debug/Tests.DLL" adapterTypeName="Microsoft.VisualStudio.TestTools.TestTypes.Unit.UnitTestAdapter, Microsoft.VisualStudio.QualityTools.Tips.UnitTest.Adapter, Version=10.0.0.0, Culture=neutral, PublicKeyToken=b03f5f7f11d50a3a" className="Tests.InsumoTDGTest, Tests, Version=1.0.0.0, Culture=neutral, PublicKeyToken=null" name="borrarInsumoTest" />
    </UnitTest>
    <UnitTest name="cargarMaquinasConRestriccionesTest" storage="c:\users\diego\documents\visual studio 2010\projects\uniprof\tests\bin\debug\tests.dll" id="c96dfb21-7af5-153f-a5d2-8445e5fcca59">
      <Execution id="51fa0738-6b10-44e3-9227-f88ef8c0d95b" />
      <TestMethod codeBase="C:/Users/Diego/Documents/Visual Studio 2010/Projects/Uniprof/Tests/bin/Debug/Tests.DLL" adapterTypeName="Microsoft.VisualStudio.TestTools.TestTypes.Unit.UnitTestAdapter, Microsoft.VisualStudio.QualityTools.Tips.UnitTest.Adapter, Version=10.0.0.0, Culture=neutral, PublicKeyToken=b03f5f7f11d50a3a" className="Tests.MaquinaTDGTest, Tests, Version=1.0.0.0, Culture=neutral, PublicKeyToken=null" name="cargarMaquinasConRestriccionesTest" />
    </UnitTest>
    <UnitTest name="cargarUsuarioConRestriccionesTest" storage="c:\users\diego\documents\visual studio 2010\projects\uniprof\tests\bin\debug\tests.dll" id="a38bcda1-5217-b092-6b98-6582813fb5d1">
      <Execution id="8c7553d1-748f-48bc-b4be-076229b51b03" />
      <TestMethod codeBase="C:/Users/Diego/Documents/Visual Studio 2010/Projects/Uniprof/Tests/bin/Debug/Tests.DLL" adapterTypeName="Microsoft.VisualStudio.TestTools.TestTypes.Unit.UnitTestAdapter, Microsoft.VisualStudio.QualityTools.Tips.UnitTest.Adapter, Version=10.0.0.0, Culture=neutral, PublicKeyToken=b03f5f7f11d50a3a" className="Tests.UsuarioTDGTest, Tests, Version=1.0.0.0, Culture=neutral, PublicKeyToken=null" name="cargarUsuarioConRestriccionesTest" />
    </UnitTest>
    <UnitTest name="listarInsumosTest" storage="c:\users\diego\documents\visual studio 2010\projects\uniprof\tests\bin\debug\tests.dll" id="e3b5610a-399f-d019-a8c3-fe5f24d0c8a6">
      <Execution id="4aad1cf3-3e3f-40cf-aab3-9ae42ef49741" />
      <TestMethod codeBase="C:/Users/Diego/Documents/Visual Studio 2010/Projects/Uniprof/Tests/bin/Debug/Tests.DLL" adapterTypeName="Microsoft.VisualStudio.TestTools.TestTypes.Unit.UnitTestAdapter, Microsoft.VisualStudio.QualityTools.Tips.UnitTest.Adapter, Version=10.0.0.0, Culture=neutral, PublicKeyToken=b03f5f7f11d50a3a" className="Tests.InsumoBusinessTest, Tests, Version=1.0.0.0, Culture=neutral, PublicKeyToken=null" name="listarInsumosTest" />
    </UnitTest>
    <UnitTest name="cargarFamiliasPorFamiliaTest" storage="c:\users\diego\documents\visual studio 2010\projects\uniprof\tests\bin\debug\tests.dll" id="bc086558-20df-1a67-5cff-56823f0eb575">
      <Execution id="e1915379-4724-4ce9-a442-37024ed0e27b" />
      <TestMethod codeBase="C:/Users/Diego/Documents/Visual Studio 2010/Projects/Uniprof/Tests/bin/Debug/Tests.DLL" adapterTypeName="Microsoft.VisualStudio.TestTools.TestTypes.Unit.UnitTestAdapter, Microsoft.VisualStudio.QualityTools.Tips.UnitTest.Adapter, Version=10.0.0.0, Culture=neutral, PublicKeyToken=b03f5f7f11d50a3a" className="Tests.PatenteTDGTest, Tests, Version=1.0.0.0, Culture=neutral, PublicKeyToken=null" name="cargarFamiliasPorFamiliaTest" />
    </UnitTest>
    <UnitTest name="actualizarPedidoTest" storage="c:\users\diego\documents\visual studio 2010\projects\uniprof\tests\bin\debug\tests.dll" id="66671db1-8d6b-13a4-a97e-68474a20ccf4">
      <Execution id="bef24a80-5185-4854-b951-2efa02f4c8c5" />
      <TestMethod codeBase="C:/Users/Diego/Documents/Visual Studio 2010/Projects/Uniprof/Tests/bin/Debug/Tests.DLL" adapterTypeName="Microsoft.VisualStudio.TestTools.TestTypes.Unit.UnitTestAdapter, Microsoft.VisualStudio.QualityTools.Tips.UnitTest.Adapter, Version=10.0.0.0, Culture=neutral, PublicKeyToken=b03f5f7f11d50a3a" className="Tests.PedidoRepositorioTest, Tests, Version=1.0.0.0, Culture=neutral, PublicKeyToken=null" name="actualizarPedidoTest" />
    </UnitTest>
    <UnitTest name="cargarFamiliasPorPatenteTest" storage="c:\users\diego\documents\visual studio 2010\projects\uniprof\tests\bin\debug\tests.dll" id="42bbff3f-ae90-d4a3-ac96-e18e8d721f9a">
      <Execution id="a9e276c7-d53a-46a4-8e06-991f0ca5bd20" />
      <TestMethod codeBase="C:/Users/Diego/Documents/Visual Studio 2010/Projects/Uniprof/Tests/bin/Debug/Tests.DLL" adapterTypeName="Microsoft.VisualStudio.TestTools.TestTypes.Unit.UnitTestAdapter, Microsoft.VisualStudio.QualityTools.Tips.UnitTest.Adapter, Version=10.0.0.0, Culture=neutral, PublicKeyToken=b03f5f7f11d50a3a" className="Tests.FamiliaTDGTest, Tests, Version=1.0.0.0, Culture=neutral, PublicKeyToken=null" name="cargarFamiliasPorPatenteTest" />
    </UnitTest>
    <UnitTest name="actualizaFacturaTest" storage="c:\users\diego\documents\visual studio 2010\projects\uniprof\tests\bin\debug\tests.dll" id="40c309eb-6e85-5d22-3be7-c1b561c3a631">
      <Execution id="53d66e62-775d-404f-88b5-8c94d1a2766b" />
      <TestMethod codeBase="C:/Users/Diego/Documents/Visual Studio 2010/Projects/Uniprof/Tests/bin/Debug/Tests.DLL" adapterTypeName="Microsoft.VisualStudio.TestTools.TestTypes.Unit.UnitTestAdapter, Microsoft.VisualStudio.QualityTools.Tips.UnitTest.Adapter, Version=10.0.0.0, Culture=neutral, PublicKeyToken=b03f5f7f11d50a3a" className="Tests.FacturaRepositorioTest, Tests, Version=1.0.0.0, Culture=neutral, PublicKeyToken=null" name="actualizaFacturaTest" />
    </UnitTest>
    <UnitTest name="cargarClientesTest" storage="c:\users\diego\documents\visual studio 2010\projects\uniprof\tests\bin\debug\tests.dll" id="4063ba31-c658-1e39-f2a1-4789b86cdf92">
      <Execution id="9905c986-ae4d-43f3-a328-abbcfecec056" />
      <TestMethod codeBase="C:/Users/Diego/Documents/Visual Studio 2010/Projects/Uniprof/Tests/bin/Debug/Tests.DLL" adapterTypeName="Microsoft.VisualStudio.TestTools.TestTypes.Unit.UnitTestAdapter, Microsoft.VisualStudio.QualityTools.Tips.UnitTest.Adapter, Version=10.0.0.0, Culture=neutral, PublicKeyToken=b03f5f7f11d50a3a" className="Tests.ClienteTDGTest, Tests, Version=1.0.0.0, Culture=neutral, PublicKeyToken=null" name="cargarClientesTest" />
    </UnitTest>
    <UnitTest name="cargarMensajePorConversacionTest" storage="c:\users\diego\documents\visual studio 2010\projects\uniprof\tests\bin\debug\tests.dll" id="fc8e027e-d84b-5121-34bf-469313af48e4">
      <Execution id="7d172d15-d503-4654-b668-ef671bfd7ddf" />
      <TestMethod codeBase="C:/Users/Diego/Documents/Visual Studio 2010/Projects/Uniprof/Tests/bin/Debug/Tests.DLL" adapterTypeName="Microsoft.VisualStudio.TestTools.TestTypes.Unit.UnitTestAdapter, Microsoft.VisualStudio.QualityTools.Tips.UnitTest.Adapter, Version=10.0.0.0, Culture=neutral, PublicKeyToken=b03f5f7f11d50a3a" className="Tests.MensajeRepositorioTest, Tests, Version=1.0.0.0, Culture=neutral, PublicKeyToken=null" name="cargarMensajePorConversacionTest" />
    </UnitTest>
    <UnitTest name="BuscarDiseñosTest" storage="c:\users\diego\documents\visual studio 2010\projects\uniprof\tests\bin\debug\tests.dll" id="2807b06d-2424-3984-a9d6-3c90127f0468">
      <Execution id="9f719bce-b8b6-4834-a91b-31d81e78a47a" />
      <TestMethod codeBase="C:/Users/Diego/Documents/Visual Studio 2010/Projects/Uniprof/Tests/bin/Debug/Tests.DLL" adapterTypeName="Microsoft.VisualStudio.TestTools.TestTypes.Unit.UnitTestAdapter, Microsoft.VisualStudio.QualityTools.Tips.UnitTest.Adapter, Version=10.0.0.0, Culture=neutral, PublicKeyToken=b03f5f7f11d50a3a" className="Tests.DiseñoBusinessTest, Tests, Version=1.0.0.0, Culture=neutral, PublicKeyToken=null" name="BuscarDiseñosTest" />
    </UnitTest>
    <UnitTest name="buscarPorDescripcionTest" storage="c:\users\diego\documents\visual studio 2010\projects\uniprof\tests\bin\debug\tests.dll" id="f537791f-903e-76d6-5080-80a4dc15bac2">
      <Execution id="bffc3e21-bf16-4cba-8f4b-be4d4cd7a7a2" />
      <TestMethod codeBase="C:/Users/Diego/Documents/Visual Studio 2010/Projects/Uniprof/Tests/bin/Debug/Tests.DLL" adapterTypeName="Microsoft.VisualStudio.TestTools.TestTypes.Unit.UnitTestAdapter, Microsoft.VisualStudio.QualityTools.Tips.UnitTest.Adapter, Version=10.0.0.0, Culture=neutral, PublicKeyToken=b03f5f7f11d50a3a" className="Tests.ProduccionOperadorTDGTest, Tests, Version=1.0.0.0, Culture=neutral, PublicKeyToken=null" name="buscarPorDescripcionTest" />
    </UnitTest>
    <UnitTest name="calcularDistanciaEntreTrabajosTest2" storage="c:\users\diego\documents\visual studio 2010\projects\uniprof\tests\bin\debug\tests.dll" id="5fe3519a-06e9-4436-0b1a-0afc24033be0">
      <Execution id="e68ed51d-a28d-4ad7-af04-063d09416ef9" />
      <TestMethod codeBase="C:/Users/Diego/Documents/Visual Studio 2010/Projects/Uniprof/Tests/bin/Debug/Tests.DLL" adapterTypeName="Microsoft.VisualStudio.TestTools.TestTypes.Unit.UnitTestAdapter, Microsoft.VisualStudio.QualityTools.Tips.UnitTest.Adapter, Version=10.0.0.0, Culture=neutral, PublicKeyToken=b03f5f7f11d50a3a" className="Tests.ProduccionBusinessTest, Tests, Version=1.0.0.0, Culture=neutral, PublicKeyToken=null" name="calcularDistanciaEntreTrabajosTest2" />
    </UnitTest>
    <UnitTest name="listarMaquinasTest" storage="c:\users\diego\documents\visual studio 2010\projects\uniprof\tests\bin\debug\tests.dll" id="45d73400-010d-bede-b097-0e012e473ce7">
      <Execution id="f8bfa5a1-8ca8-41ee-8b3e-21df2f71b616" />
      <TestMethod codeBase="C:/Users/Diego/Documents/Visual Studio 2010/Projects/Uniprof/Tests/bin/Debug/Tests.DLL" adapterTypeName="Microsoft.VisualStudio.TestTools.TestTypes.Unit.UnitTestAdapter, Microsoft.VisualStudio.QualityTools.Tips.UnitTest.Adapter, Version=10.0.0.0, Culture=neutral, PublicKeyToken=b03f5f7f11d50a3a" className="Tests.MaterialesBusinessTest, Tests, Version=1.0.0.0, Culture=neutral, PublicKeyToken=null" name="listarMaquinasTest" />
    </UnitTest>
    <UnitTest name="calcularTimepoTrabajoTest3" storage="c:\users\diego\documents\visual studio 2010\projects\uniprof\tests\bin\debug\tests.dll" id="371ae7d4-9804-8eea-7d23-86fbb28eb5e2">
      <Execution id="9c6ec52c-6ea7-4d30-83aa-07546d6938cd" />
      <TestMethod codeBase="C:/Users/Diego/Documents/Visual Studio 2010/Projects/Uniprof/Tests/bin/Debug/Tests.DLL" adapterTypeName="Microsoft.VisualStudio.TestTools.TestTypes.Unit.UnitTestAdapter, Microsoft.VisualStudio.QualityTools.Tips.UnitTest.Adapter, Version=10.0.0.0, Culture=neutral, PublicKeyToken=b03f5f7f11d50a3a" className="Tests.ProduccionBusinessTest, Tests, Version=1.0.0.0, Culture=neutral, PublicKeyToken=null" name="calcularTimepoTrabajoTest3" />
    </UnitTest>
    <UnitTest name="listarProduccionPorMaquinaTest" storage="c:\users\diego\documents\visual studio 2010\projects\uniprof\tests\bin\debug\tests.dll" id="a39c2fdb-3d54-d4f0-be49-3f4e350da31e">
      <Execution id="ddf3eac3-a675-4781-a117-ccf6caf5a875" />
      <TestMethod codeBase="C:/Users/Diego/Documents/Visual Studio 2010/Projects/Uniprof/Tests/bin/Debug/Tests.DLL" adapterTypeName="Microsoft.VisualStudio.TestTools.TestTypes.Unit.UnitTestAdapter, Microsoft.VisualStudio.QualityTools.Tips.UnitTest.Adapter, Version=10.0.0.0, Culture=neutral, PublicKeyToken=b03f5f7f11d50a3a" className="Tests.ProduccionBusinessTest, Tests, Version=1.0.0.0, Culture=neutral, PublicKeyToken=null" name="listarProduccionPorMaquinaTest" />
    </UnitTest>
    <UnitTest name="calcularPosiblesFechasTest" storage="c:\users\diego\documents\visual studio 2010\projects\uniprof\tests\bin\debug\tests.dll" id="d708e39f-77d8-94a9-244f-7004fb181d58">
      <Execution id="31d4dd0c-5daf-48a1-80ca-753c63555a7b" />
      <TestMethod codeBase="C:/Users/Diego/Documents/Visual Studio 2010/Projects/Uniprof/Tests/bin/Debug/Tests.DLL" adapterTypeName="Microsoft.VisualStudio.TestTools.TestTypes.Unit.UnitTestAdapter, Microsoft.VisualStudio.QualityTools.Tips.UnitTest.Adapter, Version=10.0.0.0, Culture=neutral, PublicKeyToken=b03f5f7f11d50a3a" className="Tests.ProduccionBusinessTest, Tests, Version=1.0.0.0, Culture=neutral, PublicKeyToken=null" name="calcularPosiblesFechasTest" />
    </UnitTest>
    <UnitTest name="CargarClientesTest" storage="c:\users\diego\documents\visual studio 2010\projects\uniprof\tests\bin\debug\tests.dll" id="b6192558-2ee3-59f6-6537-ecfd184b2822">
      <Execution id="42612f24-a1d7-4229-8273-73a6a281f1d6" />
      <TestMethod codeBase="C:/Users/Diego/Documents/Visual Studio 2010/Projects/Uniprof/Tests/bin/Debug/Tests.DLL" adapterTypeName="Microsoft.VisualStudio.TestTools.TestTypes.Unit.UnitTestAdapter, Microsoft.VisualStudio.QualityTools.Tips.UnitTest.Adapter, Version=10.0.0.0, Culture=neutral, PublicKeyToken=b03f5f7f11d50a3a" className="Tests.UsuarioBusinessTest, Tests, Version=1.0.0.0, Culture=neutral, PublicKeyToken=null" name="CargarClientesTest" />
    </UnitTest>
    <UnitTest name="disminuirStockTest" storage="c:\users\diego\documents\visual studio 2010\projects\uniprof\tests\bin\debug\tests.dll" id="0dd1a643-72f4-8fdd-aebf-659387fe0ecf">
      <Execution id="d406e1bd-d116-41b3-89ed-42406003d696" />
      <TestMethod codeBase="C:/Users/Diego/Documents/Visual Studio 2010/Projects/Uniprof/Tests/bin/Debug/Tests.DLL" adapterTypeName="Microsoft.VisualStudio.TestTools.TestTypes.Unit.UnitTestAdapter, Microsoft.VisualStudio.QualityTools.Tips.UnitTest.Adapter, Version=10.0.0.0, Culture=neutral, PublicKeyToken=b03f5f7f11d50a3a" className="Tests.InsumoBusinessTest, Tests, Version=1.0.0.0, Culture=neutral, PublicKeyToken=null" name="disminuirStockTest" />
    </UnitTest>
    <UnitTest name="grabarTest" storage="c:\users\diego\documents\visual studio 2010\projects\uniprof\tests\bin\debug\tests.dll" id="b40b8a29-c95a-4ade-0e51-c133972e69c6">
      <Execution id="81e51e5d-f35c-4e69-8392-50a50fea468b" />
      <TestMethod codeBase="C:/Users/Diego/Documents/Visual Studio 2010/Projects/Uniprof/Tests/bin/Debug/Tests.DLL" adapterTypeName="Microsoft.VisualStudio.TestTools.TestTypes.Unit.UnitTestAdapter, Microsoft.VisualStudio.QualityTools.Tips.UnitTest.Adapter, Version=10.0.0.0, Culture=neutral, PublicKeyToken=b03f5f7f11d50a3a" className="Tests.ProveedorRepositorioTest, Tests, Version=1.0.0.0, Culture=neutral, PublicKeyToken=null" name="grabarTest" />
    </UnitTest>
    <UnitTest name="listarFacturasPorClienteTest" storage="c:\users\diego\documents\visual studio 2010\projects\uniprof\tests\bin\debug\tests.dll" id="ce459473-fe89-efb8-04f6-e4458eb5deac">
      <Execution id="17dc5613-3ffd-4684-9581-fd87303fab8d" />
      <TestMethod codeBase="C:/Users/Diego/Documents/Visual Studio 2010/Projects/Uniprof/Tests/bin/Debug/Tests.DLL" adapterTypeName="Microsoft.VisualStudio.TestTools.TestTypes.Unit.UnitTestAdapter, Microsoft.VisualStudio.QualityTools.Tips.UnitTest.Adapter, Version=10.0.0.0, Culture=neutral, PublicKeyToken=b03f5f7f11d50a3a" className="Tests.FacturaBusinessTest, Tests, Version=1.0.0.0, Culture=neutral, PublicKeyToken=null" name="listarFacturasPorClienteTest" />
    </UnitTest>
    <UnitTest name="grabarArticulosTest" storage="c:\users\diego\documents\visual studio 2010\projects\uniprof\tests\bin\debug\tests.dll" id="79fcf63f-8b0d-33c2-c15a-b70a52cca16c">
      <Execution id="07190fac-05d1-4372-912f-6fe0fb1af1bb" />
      <TestMethod codeBase="C:/Users/Diego/Documents/Visual Studio 2010/Projects/Uniprof/Tests/bin/Debug/Tests.DLL" adapterTypeName="Microsoft.VisualStudio.TestTools.TestTypes.Unit.UnitTestAdapter, Microsoft.VisualStudio.QualityTools.Tips.UnitTest.Adapter, Version=10.0.0.0, Culture=neutral, PublicKeyToken=b03f5f7f11d50a3a" className="Tests.ArticuloTDGTest, Tests, Version=1.0.0.0, Culture=neutral, PublicKeyToken=null" name="grabarArticulosTest" />
    </UnitTest>
    <UnitTest name="cargarFamiliasPorUsuarioTest" storage="c:\users\diego\documents\visual studio 2010\projects\uniprof\tests\bin\debug\tests.dll" id="8ce4ba60-10ed-e341-0892-b9526f864034">
      <Execution id="5b3c4ad1-fd78-4545-a41b-4421844196fb" />
      <TestMethod codeBase="C:/Users/Diego/Documents/Visual Studio 2010/Projects/Uniprof/Tests/bin/Debug/Tests.DLL" adapterTypeName="Microsoft.VisualStudio.TestTools.TestTypes.Unit.UnitTestAdapter, Microsoft.VisualStudio.QualityTools.Tips.UnitTest.Adapter, Version=10.0.0.0, Culture=neutral, PublicKeyToken=b03f5f7f11d50a3a" className="Tests.FamiliaRepositorioTest, Tests, Version=1.0.0.0, Culture=neutral, PublicKeyToken=null" name="cargarFamiliasPorUsuarioTest" />
    </UnitTest>
    <UnitTest name="borrarTest" storage="c:\users\diego\documents\visual studio 2010\projects\uniprof\tests\bin\debug\tests.dll" id="ab0fe80a-1fd5-fb8a-e7d4-5b5fcdcec2eb">
      <Execution id="6562a3af-2a18-4bc7-bb6a-4c1776b147e7" />
      <TestMethod codeBase="C:/Users/Diego/Documents/Visual Studio 2010/Projects/Uniprof/Tests/bin/Debug/Tests.DLL" adapterTypeName="Microsoft.VisualStudio.TestTools.TestTypes.Unit.UnitTestAdapter, Microsoft.VisualStudio.QualityTools.Tips.UnitTest.Adapter, Version=10.0.0.0, Culture=neutral, PublicKeyToken=b03f5f7f11d50a3a" className="Tests.ConversacionRepositorioTest, Tests, Version=1.0.0.0, Culture=neutral, PublicKeyToken=null" name="borrarTest" />
    </UnitTest>
    <UnitTest name="grabarOperadorTest" storage="c:\users\diego\documents\visual studio 2010\projects\uniprof\tests\bin\debug\tests.dll" id="5bc580ea-e8dc-d81d-d20e-846c482c1228">
      <Execution id="c9616b2b-b54d-4c67-94fc-5c5bb3c48d35" />
      <TestMethod codeBase="C:/Users/Diego/Documents/Visual Studio 2010/Projects/Uniprof/Tests/bin/Debug/Tests.DLL" adapterTypeName="Microsoft.VisualStudio.TestTools.TestTypes.Unit.UnitTestAdapter, Microsoft.VisualStudio.QualityTools.Tips.UnitTest.Adapter, Version=10.0.0.0, Culture=neutral, PublicKeyToken=b03f5f7f11d50a3a" className="Tests.OperadorTDGTest, Tests, Version=1.0.0.0, Culture=neutral, PublicKeyToken=null" name="grabarOperadorTest" />
    </UnitTest>
    <UnitTest name="actualizarDiseñoTest" storage="c:\users\diego\documents\visual studio 2010\projects\uniprof\tests\bin\debug\tests.dll" id="b1ce8274-0eb4-6ea7-4d2b-12d8e6b2a366">
      <Execution id="784e9378-7f6a-41b6-a2a6-227c763e362c" />
      <TestMethod codeBase="C:/Users/Diego/Documents/Visual Studio 2010/Projects/Uniprof/Tests/bin/Debug/Tests.DLL" adapterTypeName="Microsoft.VisualStudio.TestTools.TestTypes.Unit.UnitTestAdapter, Microsoft.VisualStudio.QualityTools.Tips.UnitTest.Adapter, Version=10.0.0.0, Culture=neutral, PublicKeyToken=b03f5f7f11d50a3a" className="Tests.DiseñoBusinessTest, Tests, Version=1.0.0.0, Culture=neutral, PublicKeyToken=null" name="actualizarDiseñoTest" />
    </UnitTest>
    <UnitTest name="borrarUsuarioTest" storage="c:\users\diego\documents\visual studio 2010\projects\uniprof\tests\bin\debug\tests.dll" id="0619da45-f95c-9013-f779-f3a2e41e2ddd">
      <Execution id="d1ff5a82-e79e-44b2-947f-470d047bd880" />
      <TestMethod codeBase="C:/Users/Diego/Documents/Visual Studio 2010/Projects/Uniprof/Tests/bin/Debug/Tests.DLL" adapterTypeName="Microsoft.VisualStudio.TestTools.TestTypes.Unit.UnitTestAdapter, Microsoft.VisualStudio.QualityTools.Tips.UnitTest.Adapter, Version=10.0.0.0, Culture=neutral, PublicKeyToken=b03f5f7f11d50a3a" className="Tests.UsuarioTDGTest, Tests, Version=1.0.0.0, Culture=neutral, PublicKeyToken=null" name="borrarUsuarioTest" />
    </UnitTest>
    <UnitTest name="GrabarDiseñoTest" storage="c:\users\diego\documents\visual studio 2010\projects\uniprof\tests\bin\debug\tests.dll" id="5be9d1df-2b36-1659-9ba5-a87863ccb63a">
      <Execution id="05b92425-76d9-454c-a3b7-f4adfecf5542" />
      <TestMethod codeBase="C:/Users/Diego/Documents/Visual Studio 2010/Projects/Uniprof/Tests/bin/Debug/Tests.DLL" adapterTypeName="Microsoft.VisualStudio.TestTools.TestTypes.Unit.UnitTestAdapter, Microsoft.VisualStudio.QualityTools.Tips.UnitTest.Adapter, Version=10.0.0.0, Culture=neutral, PublicKeyToken=b03f5f7f11d50a3a" className="Tests.DiseñoBusinessTest, Tests, Version=1.0.0.0, Culture=neutral, PublicKeyToken=null" name="GrabarDiseñoTest" />
    </UnitTest>
    <UnitTest name="buscarDiseñoInsumoTest" storage="c:\users\diego\documents\visual studio 2010\projects\uniprof\tests\bin\debug\tests.dll" id="c928c59c-16e9-64be-3633-321da85248bf">
      <Execution id="18ff1ccb-891a-40ec-9607-76e366a0824f" />
      <TestMethod codeBase="C:/Users/Diego/Documents/Visual Studio 2010/Projects/Uniprof/Tests/bin/Debug/Tests.DLL" adapterTypeName="Microsoft.VisualStudio.TestTools.TestTypes.Unit.UnitTestAdapter, Microsoft.VisualStudio.QualityTools.Tips.UnitTest.Adapter, Version=10.0.0.0, Culture=neutral, PublicKeyToken=b03f5f7f11d50a3a" className="Tests.DiseñoInsumoTDGTest, Tests, Version=1.0.0.0, Culture=neutral, PublicKeyToken=null" name="buscarDiseñoInsumoTest" />
    </UnitTest>
    <UnitTest name="buscarMovimientoPorNroTest" storage="c:\users\diego\documents\visual studio 2010\projects\uniprof\tests\bin\debug\tests.dll" id="9051c370-f8a8-7d06-90bf-a5c879f3e27c">
      <Execution id="adfac386-3d5d-41be-a2d4-6b80186f6361" />
      <TestMethod codeBase="C:/Users/Diego/Documents/Visual Studio 2010/Projects/Uniprof/Tests/bin/Debug/Tests.DLL" adapterTypeName="Microsoft.VisualStudio.TestTools.TestTypes.Unit.UnitTestAdapter, Microsoft.VisualStudio.QualityTools.Tips.UnitTest.Adapter, Version=10.0.0.0, Culture=neutral, PublicKeyToken=b03f5f7f11d50a3a" className="Tests.MovimientoProveedorBusinessTest, Tests, Version=1.0.0.0, Culture=neutral, PublicKeyToken=null" name="buscarMovimientoPorNroTest" />
    </UnitTest>
    <UnitTest name="buscarNewsletterPorNombreTest" storage="c:\users\diego\documents\visual studio 2010\projects\uniprof\tests\bin\debug\tests.dll" id="ccbeee50-2d58-025b-2df8-75ec6a26b781">
      <Execution id="e2a1d0fa-ad2e-4ca2-9e74-533141d906cb" />
      <TestMethod codeBase="C:/Users/Diego/Documents/Visual Studio 2010/Projects/Uniprof/Tests/bin/Debug/Tests.DLL" adapterTypeName="Microsoft.VisualStudio.TestTools.TestTypes.Unit.UnitTestAdapter, Microsoft.VisualStudio.QualityTools.Tips.UnitTest.Adapter, Version=10.0.0.0, Culture=neutral, PublicKeyToken=b03f5f7f11d50a3a" className="Tests.NewsletterRepositorioTest, Tests, Version=1.0.0.0, Culture=neutral, PublicKeyToken=null" name="buscarNewsletterPorNombreTest" />
    </UnitTest>
    <UnitTest name="buscarMovimientoPorNroTest" storage="c:\users\diego\documents\visual studio 2010\projects\uniprof\tests\bin\debug\tests.dll" id="bdb05735-8cd1-a75d-4d6a-dc0c0dcde2a9">
      <Execution id="649013a3-e99c-4bff-9f75-7ae6b9ec9820" />
      <TestMethod codeBase="C:/Users/Diego/Documents/Visual Studio 2010/Projects/Uniprof/Tests/bin/Debug/Tests.DLL" adapterTypeName="Microsoft.VisualStudio.TestTools.TestTypes.Unit.UnitTestAdapter, Microsoft.VisualStudio.QualityTools.Tips.UnitTest.Adapter, Version=10.0.0.0, Culture=neutral, PublicKeyToken=b03f5f7f11d50a3a" className="Tests.MovimientoCuentaProveedorRepositorioTest, Tests, Version=1.0.0.0, Culture=neutral, PublicKeyToken=null" name="buscarMovimientoPorNroTest" />
    </UnitTest>
    <UnitTest name="calcularTimepoTrabajoTest4" storage="c:\users\diego\documents\visual studio 2010\projects\uniprof\tests\bin\debug\tests.dll" id="42f3bd17-7e9a-3a2a-0abf-94dcbfe8af44">
      <Execution id="ec93ea0d-cfa4-4e9e-8da8-67d9fc6aad1c" />
      <TestMethod codeBase="C:/Users/Diego/Documents/Visual Studio 2010/Projects/Uniprof/Tests/bin/Debug/Tests.DLL" adapterTypeName="Microsoft.VisualStudio.TestTools.TestTypes.Unit.UnitTestAdapter, Microsoft.VisualStudio.QualityTools.Tips.UnitTest.Adapter, Version=10.0.0.0, Culture=neutral, PublicKeyToken=b03f5f7f11d50a3a" className="Tests.ProduccionBusinessTest, Tests, Version=1.0.0.0, Culture=neutral, PublicKeyToken=null" name="calcularTimepoTrabajoTest4" />
    </UnitTest>
    <UnitTest name="buscarEstadosTest" storage="c:\users\diego\documents\visual studio 2010\projects\uniprof\tests\bin\debug\tests.dll" id="996b7b9c-4963-23a7-ecd9-60f71e9ffdab">
      <Execution id="a6397924-4529-486f-bc05-7c33931980d3" />
      <TestMethod codeBase="C:/Users/Diego/Documents/Visual Studio 2010/Projects/Uniprof/Tests/bin/Debug/Tests.DLL" adapterTypeName="Microsoft.VisualStudio.TestTools.TestTypes.Unit.UnitTestAdapter, Microsoft.VisualStudio.QualityTools.Tips.UnitTest.Adapter, Version=10.0.0.0, Culture=neutral, PublicKeyToken=b03f5f7f11d50a3a" className="Tests.EstadoTrabajoTDGTest, Tests, Version=1.0.0.0, Culture=neutral, PublicKeyToken=null" name="buscarEstadosTest" />
    </UnitTest>
    <UnitTest name="listarFacturaPorMovimientoTest" storage="c:\users\diego\documents\visual studio 2010\projects\uniprof\tests\bin\debug\tests.dll" id="2bbea6cc-d32e-272a-1a5e-81a0cec727a7">
      <Execution id="f3c9400f-1c2b-4aef-a301-9422fe5ba00c" />
      <TestMethod codeBase="C:/Users/Diego/Documents/Visual Studio 2010/Projects/Uniprof/Tests/bin/Debug/Tests.DLL" adapterTypeName="Microsoft.VisualStudio.TestTools.TestTypes.Unit.UnitTestAdapter, Microsoft.VisualStudio.QualityTools.Tips.UnitTest.Adapter, Version=10.0.0.0, Culture=neutral, PublicKeyToken=b03f5f7f11d50a3a" className="Tests.FacturaBusinessTest, Tests, Version=1.0.0.0, Culture=neutral, PublicKeyToken=null" name="listarFacturaPorMovimientoTest" />
    </UnitTest>
    <UnitTest name="buscarColorTest" storage="c:\users\diego\documents\visual studio 2010\projects\uniprof\tests\bin\debug\tests.dll" id="ecd27a0e-9f35-c43e-8c11-1b73255aae3c">
      <Execution id="c0d2b67a-e33d-4ca6-b310-3a9ae5b50def" />
      <TestMethod codeBase="C:/Users/Diego/Documents/Visual Studio 2010/Projects/Uniprof/Tests/bin/Debug/Tests.DLL" adapterTypeName="Microsoft.VisualStudio.TestTools.TestTypes.Unit.UnitTestAdapter, Microsoft.VisualStudio.QualityTools.Tips.UnitTest.Adapter, Version=10.0.0.0, Culture=neutral, PublicKeyToken=b03f5f7f11d50a3a" className="Tests.ColorTDGTest, Tests, Version=1.0.0.0, Culture=neutral, PublicKeyToken=null" name="buscarColorTest" />
    </UnitTest>
    <UnitTest name="cargarUsuariosTest" storage="c:\users\diego\documents\visual studio 2010\projects\uniprof\tests\bin\debug\tests.dll" id="049d0f88-7bdd-159e-dcba-5d96f972e9a7">
      <Execution id="9130584b-f5cc-4309-9a40-eb8114fc6f6c" />
      <TestMethod codeBase="C:/Users/Diego/Documents/Visual Studio 2010/Projects/Uniprof/Tests/bin/Debug/Tests.DLL" adapterTypeName="Microsoft.VisualStudio.TestTools.TestTypes.Unit.UnitTestAdapter, Microsoft.VisualStudio.QualityTools.Tips.UnitTest.Adapter, Version=10.0.0.0, Culture=neutral, PublicKeyToken=b03f5f7f11d50a3a" className="Tests.UsuarioTDGTest, Tests, Version=1.0.0.0, Culture=neutral, PublicKeyToken=null" name="cargarUsuariosTest" />
    </UnitTest>
    <UnitTest name="cargarTest" storage="c:\users\diego\documents\visual studio 2010\projects\uniprof\tests\bin\debug\tests.dll" id="a5daaf00-a7ab-4dce-b449-0d5879de0266">
      <Execution id="2e1ad6e7-a874-4f3e-82a5-71cc0b60f0ce" />
      <TestMethod codeBase="C:/Users/Diego/Documents/Visual Studio 2010/Projects/Uniprof/Tests/bin/Debug/Tests.DLL" adapterTypeName="Microsoft.VisualStudio.TestTools.TestTypes.Unit.UnitTestAdapter, Microsoft.VisualStudio.QualityTools.Tips.UnitTest.Adapter, Version=10.0.0.0, Culture=neutral, PublicKeyToken=b03f5f7f11d50a3a" className="Tests.MensajeTDGTest, Tests, Version=1.0.0.0, Culture=neutral, PublicKeyToken=null" name="cargarTest" />
    </UnitTest>
    <UnitTest name="actualizarNewsletterTest" storage="c:\users\diego\documents\visual studio 2010\projects\uniprof\tests\bin\debug\tests.dll" id="06ea3cf0-5b85-5241-6e3e-f83627367b47">
      <Execution id="be7ece9f-c953-49cf-8ea7-e74106ff20be" />
      <TestMethod codeBase="C:/Users/Diego/Documents/Visual Studio 2010/Projects/Uniprof/Tests/bin/Debug/Tests.DLL" adapterTypeName="Microsoft.VisualStudio.TestTools.TestTypes.Unit.UnitTestAdapter, Microsoft.VisualStudio.QualityTools.Tips.UnitTest.Adapter, Version=10.0.0.0, Culture=neutral, PublicKeyToken=b03f5f7f11d50a3a" className="Tests.NewsletterTDGTest, Tests, Version=1.0.0.0, Culture=neutral, PublicKeyToken=null" name="actualizarNewsletterTest" />
    </UnitTest>
    <UnitTest name="listarInsumosPorCodigoTest" storage="c:\users\diego\documents\visual studio 2010\projects\uniprof\tests\bin\debug\tests.dll" id="5973b42f-4391-99d3-6b49-5d351ffdd924">
      <Execution id="4f12bce8-093d-4648-ac2e-ef3a216e0f44" />
      <TestMethod codeBase="C:/Users/Diego/Documents/Visual Studio 2010/Projects/Uniprof/Tests/bin/Debug/Tests.DLL" adapterTypeName="Microsoft.VisualStudio.TestTools.TestTypes.Unit.UnitTestAdapter, Microsoft.VisualStudio.QualityTools.Tips.UnitTest.Adapter, Version=10.0.0.0, Culture=neutral, PublicKeyToken=b03f5f7f11d50a3a" className="Tests.InsumoRepositorioTest, Tests, Version=1.0.0.0, Culture=neutral, PublicKeyToken=null" name="listarInsumosPorCodigoTest" />
    </UnitTest>
    <UnitTest name="borrarListaPrecioTest" storage="c:\users\diego\documents\visual studio 2010\projects\uniprof\tests\bin\debug\tests.dll" id="6c77fe8d-a8b3-4efd-1e3d-013b12293f74">
      <Execution id="3658ee1f-b73a-4cb7-ac32-249498aee090" />
      <TestMethod codeBase="C:/Users/Diego/Documents/Visual Studio 2010/Projects/Uniprof/Tests/bin/Debug/Tests.DLL" adapterTypeName="Microsoft.VisualStudio.TestTools.TestTypes.Unit.UnitTestAdapter, Microsoft.VisualStudio.QualityTools.Tips.UnitTest.Adapter, Version=10.0.0.0, Culture=neutral, PublicKeyToken=b03f5f7f11d50a3a" className="Tests.ListaPreciosTDGTest, Tests, Version=1.0.0.0, Culture=neutral, PublicKeyToken=null" name="borrarListaPrecioTest" />
    </UnitTest>
    <UnitTest name="buscarPorIdTest" storage="c:\users\diego\documents\visual studio 2010\projects\uniprof\tests\bin\debug\tests.dll" id="1aa90fb2-a5a8-fc6d-427f-550365a59543">
      <Execution id="98d7e36b-aedd-4271-8906-108294233983" />
      <TestMethod codeBase="C:/Users/Diego/Documents/Visual Studio 2010/Projects/Uniprof/Tests/bin/Debug/Tests.DLL" adapterTypeName="Microsoft.VisualStudio.TestTools.TestTypes.Unit.UnitTestAdapter, Microsoft.VisualStudio.QualityTools.Tips.UnitTest.Adapter, Version=10.0.0.0, Culture=neutral, PublicKeyToken=b03f5f7f11d50a3a" className="Tests.ProveedorTDGTest, Tests, Version=1.0.0.0, Culture=neutral, PublicKeyToken=null" name="buscarPorIdTest" />
    </UnitTest>
    <UnitTest name="grabarDiseñoInsumoTest" storage="c:\users\diego\documents\visual studio 2010\projects\uniprof\tests\bin\debug\tests.dll" id="3814ca38-0b83-b334-0d16-36809809c612">
      <Execution id="665dc988-e0cb-48d2-b14c-4ee721d4ee6e" />
      <TestMethod codeBase="C:/Users/Diego/Documents/Visual Studio 2010/Projects/Uniprof/Tests/bin/Debug/Tests.DLL" adapterTypeName="Microsoft.VisualStudio.TestTools.TestTypes.Unit.UnitTestAdapter, Microsoft.VisualStudio.QualityTools.Tips.UnitTest.Adapter, Version=10.0.0.0, Culture=neutral, PublicKeyToken=b03f5f7f11d50a3a" className="Tests.DiseñoInsumoTDGTest, Tests, Version=1.0.0.0, Culture=neutral, PublicKeyToken=null" name="grabarDiseñoInsumoTest" />
    </UnitTest>
    <UnitTest name="buscarUsuarioNewsletterTest" storage="c:\users\diego\documents\visual studio 2010\projects\uniprof\tests\bin\debug\tests.dll" id="ad52b45c-d7bf-7d90-509a-9d90fabbb4cb">
      <Execution id="5887ecf5-d376-42e2-8b6c-505ad0eeb9ec" />
      <TestMethod codeBase="C:/Users/Diego/Documents/Visual Studio 2010/Projects/Uniprof/Tests/bin/Debug/Tests.DLL" adapterTypeName="Microsoft.VisualStudio.TestTools.TestTypes.Unit.UnitTestAdapter, Microsoft.VisualStudio.QualityTools.Tips.UnitTest.Adapter, Version=10.0.0.0, Culture=neutral, PublicKeyToken=b03f5f7f11d50a3a" className="Tests.UsuarioBusinessTest, Tests, Version=1.0.0.0, Culture=neutral, PublicKeyToken=null" name="buscarUsuarioNewsletterTest" />
    </UnitTest>
    <UnitTest name="cargarHistoricoEstadosTest" storage="c:\users\diego\documents\visual studio 2010\projects\uniprof\tests\bin\debug\tests.dll" id="52baea7e-b200-446e-6971-763252eb7cdd">
      <Execution id="ddb65fa0-8fd9-4fd7-b015-581ab80c0bd1" />
      <TestMethod codeBase="C:/Users/Diego/Documents/Visual Studio 2010/Projects/Uniprof/Tests/bin/Debug/Tests.DLL" adapterTypeName="Microsoft.VisualStudio.TestTools.TestTypes.Unit.UnitTestAdapter, Microsoft.VisualStudio.QualityTools.Tips.UnitTest.Adapter, Version=10.0.0.0, Culture=neutral, PublicKeyToken=b03f5f7f11d50a3a" className="Tests.HistoricoEstadosPedidoTDGTest, Tests, Version=1.0.0.0, Culture=neutral, PublicKeyToken=null" name="cargarHistoricoEstadosTest" />
    </UnitTest>
    <UnitTest name="actualizarInsumoTest" storage="c:\users\diego\documents\visual studio 2010\projects\uniprof\tests\bin\debug\tests.dll" id="ef762903-5f73-156d-4c6c-edbea7a556ad">
      <Execution id="e8d82655-300b-4af5-a253-07674cf97065" />
      <TestMethod codeBase="C:/Users/Diego/Documents/Visual Studio 2010/Projects/Uniprof/Tests/bin/Debug/Tests.DLL" adapterTypeName="Microsoft.VisualStudio.TestTools.TestTypes.Unit.UnitTestAdapter, Microsoft.VisualStudio.QualityTools.Tips.UnitTest.Adapter, Version=10.0.0.0, Culture=neutral, PublicKeyToken=b03f5f7f11d50a3a" className="Tests.InsumoRepositorioTest, Tests, Version=1.0.0.0, Culture=neutral, PublicKeyToken=null" name="actualizarInsumoTest" />
    </UnitTest>
    <UnitTest name="modificarTest" storage="c:\users\diego\documents\visual studio 2010\projects\uniprof\tests\bin\debug\tests.dll" id="5b45a836-b61f-3f4e-71ec-60865157f707">
      <Execution id="104ff94a-b25c-4440-b300-04fb0dfbfe1e" />
      <TestMethod codeBase="C:/Users/Diego/Documents/Visual Studio 2010/Projects/Uniprof/Tests/bin/Debug/Tests.DLL" adapterTypeName="Microsoft.VisualStudio.TestTools.TestTypes.Unit.UnitTestAdapter, Microsoft.VisualStudio.QualityTools.Tips.UnitTest.Adapter, Version=10.0.0.0, Culture=neutral, PublicKeyToken=b03f5f7f11d50a3a" className="Tests.ConversacionBusinessTest, Tests, Version=1.0.0.0, Culture=neutral, PublicKeyToken=null" name="modificarTest" />
    </UnitTest>
    <UnitTest name="borrarFamiliaTest" storage="c:\users\diego\documents\visual studio 2010\projects\uniprof\tests\bin\debug\tests.dll" id="f07288f5-2f3d-e939-3514-a642579a478e">
      <Execution id="2307b079-3917-4203-bc36-fb44a7d6bcea" />
      <TestMethod codeBase="C:/Users/Diego/Documents/Visual Studio 2010/Projects/Uniprof/Tests/bin/Debug/Tests.DLL" adapterTypeName="Microsoft.VisualStudio.TestTools.TestTypes.Unit.UnitTestAdapter, Microsoft.VisualStudio.QualityTools.Tips.UnitTest.Adapter, Version=10.0.0.0, Culture=neutral, PublicKeyToken=b03f5f7f11d50a3a" className="Tests.FamiliaRepositorioTest, Tests, Version=1.0.0.0, Culture=neutral, PublicKeyToken=null" name="borrarFamiliaTest" />
    </UnitTest>
    <UnitTest name="CargarClientesTest" storage="c:\users\diego\documents\visual studio 2010\projects\uniprof\tests\bin\debug\tests.dll" id="ea022a26-3382-db95-b68b-60ac6f18deb0">
      <Execution id="fa7b812c-c489-43a5-b4bc-9cb1729c2c76" />
      <TestMethod codeBase="C:/Users/Diego/Documents/Visual Studio 2010/Projects/Uniprof/Tests/bin/Debug/Tests.DLL" adapterTypeName="Microsoft.VisualStudio.TestTools.TestTypes.Unit.UnitTestAdapter, Microsoft.VisualStudio.QualityTools.Tips.UnitTest.Adapter, Version=10.0.0.0, Culture=neutral, PublicKeyToken=b03f5f7f11d50a3a" className="Tests.ClienteRepositorioTest, Tests, Version=1.0.0.0, Culture=neutral, PublicKeyToken=null" name="CargarClientesTest" />
    </UnitTest>
    <UnitTest name="listarFacturasTest" storage="c:\users\diego\documents\visual studio 2010\projects\uniprof\tests\bin\debug\tests.dll" id="3f09e394-0823-389c-6e0c-74955eff820a">
      <Execution id="82aec10d-eb26-46b7-9a5b-a66b5047b4ed" />
      <TestMethod codeBase="C:/Users/Diego/Documents/Visual Studio 2010/Projects/Uniprof/Tests/bin/Debug/Tests.DLL" adapterTypeName="Microsoft.VisualStudio.TestTools.TestTypes.Unit.UnitTestAdapter, Microsoft.VisualStudio.QualityTools.Tips.UnitTest.Adapter, Version=10.0.0.0, Culture=neutral, PublicKeyToken=b03f5f7f11d50a3a" className="Tests.FacturaRepositorioTest, Tests, Version=1.0.0.0, Culture=neutral, PublicKeyToken=null" name="listarFacturasTest" />
    </UnitTest>
    <UnitTest name="listarInsumosPorTipoTest" storage="c:\users\diego\documents\visual studio 2010\projects\uniprof\tests\bin\debug\tests.dll" id="3bb3d861-97d5-17ed-e4db-8593f01e3068">
      <Execution id="820386c5-6b1a-471f-a4a4-9101feb02dc8" />
      <TestMethod codeBase="C:/Users/Diego/Documents/Visual Studio 2010/Projects/Uniprof/Tests/bin/Debug/Tests.DLL" adapterTypeName="Microsoft.VisualStudio.TestTools.TestTypes.Unit.UnitTestAdapter, Microsoft.VisualStudio.QualityTools.Tips.UnitTest.Adapter, Version=10.0.0.0, Culture=neutral, PublicKeyToken=b03f5f7f11d50a3a" className="Tests.InsumoRepositorioTest, Tests, Version=1.0.0.0, Culture=neutral, PublicKeyToken=null" name="listarInsumosPorTipoTest" />
    </UnitTest>
    <UnitTest name="buscarPrimerosHuecosMaquinaTest2" storage="c:\users\diego\documents\visual studio 2010\projects\uniprof\tests\bin\debug\tests.dll" id="7a2f5966-e3a2-2a72-e68e-2d6083996de2">
      <Execution id="f2e99bfd-a8ab-4fdb-909a-8d568d2c544c" />
      <TestMethod codeBase="C:/Users/Diego/Documents/Visual Studio 2010/Projects/Uniprof/Tests/bin/Debug/Tests.DLL" adapterTypeName="Microsoft.VisualStudio.TestTools.TestTypes.Unit.UnitTestAdapter, Microsoft.VisualStudio.QualityTools.Tips.UnitTest.Adapter, Version=10.0.0.0, Culture=neutral, PublicKeyToken=b03f5f7f11d50a3a" className="Tests.ProduccionBusinessTest, Tests, Version=1.0.0.0, Culture=neutral, PublicKeyToken=null" name="buscarPrimerosHuecosMaquinaTest2" />
    </UnitTest>
    <UnitTest name="buscarOpinionesTest" storage="c:\users\diego\documents\visual studio 2010\projects\uniprof\tests\bin\debug\tests.dll" id="90665605-993c-c3f0-732c-0c8cb4e19400">
      <Execution id="f7435615-463c-4a74-899c-25657ef40438" />
      <TestMethod codeBase="C:/Users/Diego/Documents/Visual Studio 2010/Projects/Uniprof/Tests/bin/Debug/Tests.DLL" adapterTypeName="Microsoft.VisualStudio.TestTools.TestTypes.Unit.UnitTestAdapter, Microsoft.VisualStudio.QualityTools.Tips.UnitTest.Adapter, Version=10.0.0.0, Culture=neutral, PublicKeyToken=b03f5f7f11d50a3a" className="Tests.OpinionTDGTest, Tests, Version=1.0.0.0, Culture=neutral, PublicKeyToken=null" name="buscarOpinionesTest" />
    </UnitTest>
    <UnitTest name="buscarArticulosPorCodigoTest" storage="c:\users\diego\documents\visual studio 2010\projects\uniprof\tests\bin\debug\tests.dll" id="d5caf4bd-ddf9-d011-d96d-760e6d607d73">
      <Execution id="be8311d8-c1c0-4249-ba05-d0cfd666aca7" />
      <TestMethod codeBase="C:/Users/Diego/Documents/Visual Studio 2010/Projects/Uniprof/Tests/bin/Debug/Tests.DLL" adapterTypeName="Microsoft.VisualStudio.TestTools.TestTypes.Unit.UnitTestAdapter, Microsoft.VisualStudio.QualityTools.Tips.UnitTest.Adapter, Version=10.0.0.0, Culture=neutral, PublicKeyToken=b03f5f7f11d50a3a" className="Tests.ArticuloBusinessTest, Tests, Version=1.0.0.0, Culture=neutral, PublicKeyToken=null" name="buscarArticulosPorCodigoTest" />
    </UnitTest>
    <UnitTest name="grabarMensajeTest" storage="c:\users\diego\documents\visual studio 2010\projects\uniprof\tests\bin\debug\tests.dll" id="b697701d-8cff-a257-c4da-79dac613bf34">
      <Execution id="b7f4eb25-a1f7-49d7-9000-a3350f121bcb" />
      <TestMethod codeBase="C:/Users/Diego/Documents/Visual Studio 2010/Projects/Uniprof/Tests/bin/Debug/Tests.DLL" adapterTypeName="Microsoft.VisualStudio.TestTools.TestTypes.Unit.UnitTestAdapter, Microsoft.VisualStudio.QualityTools.Tips.UnitTest.Adapter, Version=10.0.0.0, Culture=neutral, PublicKeyToken=b03f5f7f11d50a3a" className="Tests.MensajeTDGTest, Tests, Version=1.0.0.0, Culture=neutral, PublicKeyToken=null" name="grabarMensajeTest" />
    </UnitTest>
    <UnitTest name="buscarPorIdTest" storage="c:\users\diego\documents\visual studio 2010\projects\uniprof\tests\bin\debug\tests.dll" id="e2347588-3d57-efa9-6d83-3dfd95e9941d">
      <Execution id="b154bb08-22cb-4d42-b5d8-1d70a846de7d" />
      <TestMethod codeBase="C:/Users/Diego/Documents/Visual Studio 2010/Projects/Uniprof/Tests/bin/Debug/Tests.DLL" adapterTypeName="Microsoft.VisualStudio.TestTools.TestTypes.Unit.UnitTestAdapter, Microsoft.VisualStudio.QualityTools.Tips.UnitTest.Adapter, Version=10.0.0.0, Culture=neutral, PublicKeyToken=b03f5f7f11d50a3a" className="Tests.ProduccionOperadorTDGTest, Tests, Version=1.0.0.0, Culture=neutral, PublicKeyToken=null" name="buscarPorIdTest" />
    </UnitTest>
    <UnitTest name="grabarUsuarioTest" storage="c:\users\diego\documents\visual studio 2010\projects\uniprof\tests\bin\debug\tests.dll" id="28e69d1a-8de4-eba9-3792-eae237e8276c">
      <Execution id="0b912cfd-aa05-4941-a3d3-38e3e4d0bf48" />
      <TestMethod codeBase="C:/Users/Diego/Documents/Visual Studio 2010/Projects/Uniprof/Tests/bin/Debug/Tests.DLL" adapterTypeName="Microsoft.VisualStudio.TestTools.TestTypes.Unit.UnitTestAdapter, Microsoft.VisualStudio.QualityTools.Tips.UnitTest.Adapter, Version=10.0.0.0, Culture=neutral, PublicKeyToken=b03f5f7f11d50a3a" className="Tests.ClienteTDGTest, Tests, Version=1.0.0.0, Culture=neutral, PublicKeyToken=null" name="grabarUsuarioTest" />
    </UnitTest>
    <UnitTest name="buscarPorDescripcionTest" storage="c:\users\diego\documents\visual studio 2010\projects\uniprof\tests\bin\debug\tests.dll" id="b8f7e814-b981-7bd7-8770-09bbc779dc13">
      <Execution id="3dad942f-2cf6-4279-839a-45af6dad0e00" />
      <TestMethod codeBase="C:/Users/Diego/Documents/Visual Studio 2010/Projects/Uniprof/Tests/bin/Debug/Tests.DLL" adapterTypeName="Microsoft.VisualStudio.TestTools.TestTypes.Unit.UnitTestAdapter, Microsoft.VisualStudio.QualityTools.Tips.UnitTest.Adapter, Version=10.0.0.0, Culture=neutral, PublicKeyToken=b03f5f7f11d50a3a" className="Tests.TipoInsumoTDGTest, Tests, Version=1.0.0.0, Culture=neutral, PublicKeyToken=null" name="buscarPorDescripcionTest" />
    </UnitTest>
    <UnitTest name="buscarNewsletterPorIdTest" storage="c:\users\diego\documents\visual studio 2010\projects\uniprof\tests\bin\debug\tests.dll" id="e7af5983-4779-41b6-14d3-f05ee86282c2">
      <Execution id="65759539-0800-4d4d-a570-be6d752acae4" />
      <TestMethod codeBase="C:/Users/Diego/Documents/Visual Studio 2010/Projects/Uniprof/Tests/bin/Debug/Tests.DLL" adapterTypeName="Microsoft.VisualStudio.TestTools.TestTypes.Unit.UnitTestAdapter, Microsoft.VisualStudio.QualityTools.Tips.UnitTest.Adapter, Version=10.0.0.0, Culture=neutral, PublicKeyToken=b03f5f7f11d50a3a" className="Tests.NewsletterBusinessTest, Tests, Version=1.0.0.0, Culture=neutral, PublicKeyToken=null" name="buscarNewsletterPorIdTest" />
    </UnitTest>
    <UnitTest name="ListarPrendasTest" storage="c:\users\diego\documents\visual studio 2010\projects\uniprof\tests\bin\debug\tests.dll" id="468ca457-0ed7-03c2-646c-9f2875316428">
      <Execution id="7491584c-22f3-4aab-a54c-63c7ce4c198c" />
      <TestMethod codeBase="C:/Users/Diego/Documents/Visual Studio 2010/Projects/Uniprof/Tests/bin/Debug/Tests.DLL" adapterTypeName="Microsoft.VisualStudio.TestTools.TestTypes.Unit.UnitTestAdapter, Microsoft.VisualStudio.QualityTools.Tips.UnitTest.Adapter, Version=10.0.0.0, Culture=neutral, PublicKeyToken=b03f5f7f11d50a3a" className="Tests.TipoPrendaBusinessTest, Tests, Version=1.0.0.0, Culture=neutral, PublicKeyToken=null" name="ListarPrendasTest" />
    </UnitTest>
    <UnitTest name="borrarNewsletterTest" storage="c:\users\diego\documents\visual studio 2010\projects\uniprof\tests\bin\debug\tests.dll" id="a17744d1-ab11-f591-d328-1ad420c98fbd">
      <Execution id="7175e56f-d4ab-44dd-8802-ebb52ed39ccf" />
      <TestMethod codeBase="C:/Users/Diego/Documents/Visual Studio 2010/Projects/Uniprof/Tests/bin/Debug/Tests.DLL" adapterTypeName="Microsoft.VisualStudio.TestTools.TestTypes.Unit.UnitTestAdapter, Microsoft.VisualStudio.QualityTools.Tips.UnitTest.Adapter, Version=10.0.0.0, Culture=neutral, PublicKeyToken=b03f5f7f11d50a3a" className="Tests.NewsletterTDGTest, Tests, Version=1.0.0.0, Culture=neutral, PublicKeyToken=null" name="borrarNewsletterTest" />
    </UnitTest>
    <UnitTest name="cargarUsuarioTest" storage="c:\users\diego\documents\visual studio 2010\projects\uniprof\tests\bin\debug\tests.dll" id="84b841c4-bb70-5525-3ae9-fa35ed11627d">
      <Execution id="2ec0ffa8-fc10-4254-a31b-e6d1c193aa72" />
      <TestMethod codeBase="C:/Users/Diego/Documents/Visual Studio 2010/Projects/Uniprof/Tests/bin/Debug/Tests.DLL" adapterTypeName="Microsoft.VisualStudio.TestTools.TestTypes.Unit.UnitTestAdapter, Microsoft.VisualStudio.QualityTools.Tips.UnitTest.Adapter, Version=10.0.0.0, Culture=neutral, PublicKeyToken=b03f5f7f11d50a3a" className="Tests.UsuarioTDGTest, Tests, Version=1.0.0.0, Culture=neutral, PublicKeyToken=null" name="cargarUsuarioTest" />
    </UnitTest>
    <UnitTest name="CambiarEstadoPedidoTest" storage="c:\users\diego\documents\visual studio 2010\projects\uniprof\tests\bin\debug\tests.dll" id="2277aaf3-514d-5d22-b68b-739c3ef345a2">
      <Execution id="74ea8b6a-6151-46d1-8d88-6d307cee6074" />
      <TestMethod codeBase="C:/Users/Diego/Documents/Visual Studio 2010/Projects/Uniprof/Tests/bin/Debug/Tests.DLL" adapterTypeName="Microsoft.VisualStudio.TestTools.TestTypes.Unit.UnitTestAdapter, Microsoft.VisualStudio.QualityTools.Tips.UnitTest.Adapter, Version=10.0.0.0, Culture=neutral, PublicKeyToken=b03f5f7f11d50a3a" className="Tests.PedidoBusinessTest, Tests, Version=1.0.0.0, Culture=neutral, PublicKeyToken=null" name="CambiarEstadoPedidoTest" />
    </UnitTest>
    <UnitTest name="grabarProduccionTest" storage="c:\users\diego\documents\visual studio 2010\projects\uniprof\tests\bin\debug\tests.dll" id="2ecef026-d4ff-850b-2022-72b81bdf2047">
      <Execution id="13ee953e-ffe2-4ce3-84a3-26cc8efa5ace" />
      <TestMethod codeBase="C:/Users/Diego/Documents/Visual Studio 2010/Projects/Uniprof/Tests/bin/Debug/Tests.DLL" adapterTypeName="Microsoft.VisualStudio.TestTools.TestTypes.Unit.UnitTestAdapter, Microsoft.VisualStudio.QualityTools.Tips.UnitTest.Adapter, Version=10.0.0.0, Culture=neutral, PublicKeyToken=b03f5f7f11d50a3a" className="Tests.ProduccionRepositorioTest, Tests, Version=1.0.0.0, Culture=neutral, PublicKeyToken=null" name="grabarProduccionTest" />
    </UnitTest>
    <UnitTest name="cargarFacturasConRestriccionesTest" storage="c:\users\diego\documents\visual studio 2010\projects\uniprof\tests\bin\debug\tests.dll" id="513854bd-1669-ed84-d891-6995e53105ac">
      <Execution id="a94b0b61-18f1-4ac2-9a1b-ab4718b2819e" />
      <TestMethod codeBase="C:/Users/Diego/Documents/Visual Studio 2010/Projects/Uniprof/Tests/bin/Debug/Tests.DLL" adapterTypeName="Microsoft.VisualStudio.TestTools.TestTypes.Unit.UnitTestAdapter, Microsoft.VisualStudio.QualityTools.Tips.UnitTest.Adapter, Version=10.0.0.0, Culture=neutral, PublicKeyToken=b03f5f7f11d50a3a" className="Tests.FacturaTDGTest, Tests, Version=1.0.0.0, Culture=neutral, PublicKeyToken=null" name="cargarFacturasConRestriccionesTest" />
    </UnitTest>
    <UnitTest name="borrarPedidoTest" storage="c:\users\diego\documents\visual studio 2010\projects\uniprof\tests\bin\debug\tests.dll" id="20d5f305-5003-b633-f12a-b60950a7d487">
      <Execution id="25e685bb-d264-4eca-bd49-5cdf374ac0db" />
      <TestMethod codeBase="C:/Users/Diego/Documents/Visual Studio 2010/Projects/Uniprof/Tests/bin/Debug/Tests.DLL" adapterTypeName="Microsoft.VisualStudio.TestTools.TestTypes.Unit.UnitTestAdapter, Microsoft.VisualStudio.QualityTools.Tips.UnitTest.Adapter, Version=10.0.0.0, Culture=neutral, PublicKeyToken=b03f5f7f11d50a3a" className="Tests.PedidoTDGTest, Tests, Version=1.0.0.0, Culture=neutral, PublicKeyToken=null" name="borrarPedidoTest" />
    </UnitTest>
    <UnitTest name="listarMovimientosPorNroTest" storage="c:\users\diego\documents\visual studio 2010\projects\uniprof\tests\bin\debug\tests.dll" id="0321ef45-ca6a-c46f-356f-5dff04b055f8">
      <Execution id="3b23f3c3-bcb4-45bf-a05b-5934436fa410" />
      <TestMethod codeBase="C:/Users/Diego/Documents/Visual Studio 2010/Projects/Uniprof/Tests/bin/Debug/Tests.DLL" adapterTypeName="Microsoft.VisualStudio.TestTools.TestTypes.Unit.UnitTestAdapter, Microsoft.VisualStudio.QualityTools.Tips.UnitTest.Adapter, Version=10.0.0.0, Culture=neutral, PublicKeyToken=b03f5f7f11d50a3a" className="Tests.MovimientoCuentaClienteRepositorioTest, Tests, Version=1.0.0.0, Culture=neutral, PublicKeyToken=null" name="listarMovimientosPorNroTest" />
    </UnitTest>
    <UnitTest name="listarMovimientosTest" storage="c:\users\diego\documents\visual studio 2010\projects\uniprof\tests\bin\debug\tests.dll" id="e02e0a67-6c2d-0c94-cb65-8df5b3dc5cea">
      <Execution id="87593257-9a22-4c25-8d55-448a067e758e" />
      <TestMethod codeBase="C:/Users/Diego/Documents/Visual Studio 2010/Projects/Uniprof/Tests/bin/Debug/Tests.DLL" adapterTypeName="Microsoft.VisualStudio.TestTools.TestTypes.Unit.UnitTestAdapter, Microsoft.VisualStudio.QualityTools.Tips.UnitTest.Adapter, Version=10.0.0.0, Culture=neutral, PublicKeyToken=b03f5f7f11d50a3a" className="Tests.MovimientoProveedorBusinessTest, Tests, Version=1.0.0.0, Culture=neutral, PublicKeyToken=null" name="listarMovimientosTest" />
    </UnitTest>
    <UnitTest name="actualizarDiseñosTest" storage="c:\users\diego\documents\visual studio 2010\projects\uniprof\tests\bin\debug\tests.dll" id="aee8bdae-93b9-94cd-dc66-4af8f0d1e925">
      <Execution id="9f790279-3c24-4f74-b9d4-77c3244599c4" />
      <TestMethod codeBase="C:/Users/Diego/Documents/Visual Studio 2010/Projects/Uniprof/Tests/bin/Debug/Tests.DLL" adapterTypeName="Microsoft.VisualStudio.TestTools.TestTypes.Unit.UnitTestAdapter, Microsoft.VisualStudio.QualityTools.Tips.UnitTest.Adapter, Version=10.0.0.0, Culture=neutral, PublicKeyToken=b03f5f7f11d50a3a" className="Tests.DiseñoTDGTest, Tests, Version=1.0.0.0, Culture=neutral, PublicKeyToken=null" name="actualizarDiseñosTest" />
    </UnitTest>
    <UnitTest name="borrarProduccionTest" storage="c:\users\diego\documents\visual studio 2010\projects\uniprof\tests\bin\debug\tests.dll" id="254f3c87-cb8f-24cb-6d93-8a60e4e333c0">
      <Execution id="2a76c06e-78ad-4d24-be37-73365a2b00b7" />
      <TestMethod codeBase="C:/Users/Diego/Documents/Visual Studio 2010/Projects/Uniprof/Tests/bin/Debug/Tests.DLL" adapterTypeName="Microsoft.VisualStudio.TestTools.TestTypes.Unit.UnitTestAdapter, Microsoft.VisualStudio.QualityTools.Tips.UnitTest.Adapter, Version=10.0.0.0, Culture=neutral, PublicKeyToken=b03f5f7f11d50a3a" className="Tests.ProduccionTDGTest, Tests, Version=1.0.0.0, Culture=neutral, PublicKeyToken=null" name="borrarProduccionTest" />
    </UnitTest>
    <UnitTest name="grabarInsumoTest" storage="c:\users\diego\documents\visual studio 2010\projects\uniprof\tests\bin\debug\tests.dll" id="55841f62-e499-c1d2-7702-e492ea6411db">
      <Execution id="71f7838b-94e3-47b1-922c-7d975aeecdc7" />
      <TestMethod codeBase="C:/Users/Diego/Documents/Visual Studio 2010/Projects/Uniprof/Tests/bin/Debug/Tests.DLL" adapterTypeName="Microsoft.VisualStudio.TestTools.TestTypes.Unit.UnitTestAdapter, Microsoft.VisualStudio.QualityTools.Tips.UnitTest.Adapter, Version=10.0.0.0, Culture=neutral, PublicKeyToken=b03f5f7f11d50a3a" className="Tests.InsumoTDGTest, Tests, Version=1.0.0.0, Culture=neutral, PublicKeyToken=null" name="grabarInsumoTest" />
    </UnitTest>
    <UnitTest name="calcularTimepoTrabajoTest" storage="c:\users\diego\documents\visual studio 2010\projects\uniprof\tests\bin\debug\tests.dll" id="f90c4160-5714-951f-7521-1af6d342eb17">
      <Execution id="dcc2fd98-38f1-4fc3-9d80-478424b090e7" />
      <TestMethod codeBase="C:/Users/Diego/Documents/Visual Studio 2010/Projects/Uniprof/Tests/bin/Debug/Tests.DLL" adapterTypeName="Microsoft.VisualStudio.TestTools.TestTypes.Unit.UnitTestAdapter, Microsoft.VisualStudio.QualityTools.Tips.UnitTest.Adapter, Version=10.0.0.0, Culture=neutral, PublicKeyToken=b03f5f7f11d50a3a" className="Tests.ProduccionBusinessTest, Tests, Version=1.0.0.0, Culture=neutral, PublicKeyToken=null" name="calcularTimepoTrabajoTest" />
    </UnitTest>
    <UnitTest name="buscarProveedorPorCodigoTest" storage="c:\users\diego\documents\visual studio 2010\projects\uniprof\tests\bin\debug\tests.dll" id="3f50a717-0b73-d5bd-41bc-37d26b580e88">
      <Execution id="d4f9d114-ac6b-40ef-8017-57652bb6110d" />
      <TestMethod codeBase="C:/Users/Diego/Documents/Visual Studio 2010/Projects/Uniprof/Tests/bin/Debug/Tests.DLL" adapterTypeName="Microsoft.VisualStudio.TestTools.TestTypes.Unit.UnitTestAdapter, Microsoft.VisualStudio.QualityTools.Tips.UnitTest.Adapter, Version=10.0.0.0, Culture=neutral, PublicKeyToken=b03f5f7f11d50a3a" className="Tests.ProveedorBusinessTest, Tests, Version=1.0.0.0, Culture=neutral, PublicKeyToken=null" name="buscarProveedorPorCodigoTest" />
    </UnitTest>
    <UnitTest name="buscarNewsletterPorIdTest" storage="c:\users\diego\documents\visual studio 2010\projects\uniprof\tests\bin\debug\tests.dll" id="7a5f4dc9-0c0b-a16a-647b-478ba12b4828">
      <Execution id="29141237-96c0-496c-8e4e-6669e24cdad8" />
      <TestMethod codeBase="C:/Users/Diego/Documents/Visual Studio 2010/Projects/Uniprof/Tests/bin/Debug/Tests.DLL" adapterTypeName="Microsoft.VisualStudio.TestTools.TestTypes.Unit.UnitTestAdapter, Microsoft.VisualStudio.QualityTools.Tips.UnitTest.Adapter, Version=10.0.0.0, Culture=neutral, PublicKeyToken=b03f5f7f11d50a3a" className="Tests.NewsletterRepositorioTest, Tests, Version=1.0.0.0, Culture=neutral, PublicKeyToken=null" name="buscarNewsletterPorIdTest" />
    </UnitTest>
    <UnitTest name="buscarMovimintosTest" storage="c:\users\diego\documents\visual studio 2010\projects\uniprof\tests\bin\debug\tests.dll" id="5f6ca830-a7f5-404d-2afc-b5fe8dc971de">
      <Execution id="0c7cf907-2a7b-4196-a0ba-b70d77091425" />
      <TestMethod codeBase="C:/Users/Diego/Documents/Visual Studio 2010/Projects/Uniprof/Tests/bin/Debug/Tests.DLL" adapterTypeName="Microsoft.VisualStudio.TestTools.TestTypes.Unit.UnitTestAdapter, Microsoft.VisualStudio.QualityTools.Tips.UnitTest.Adapter, Version=10.0.0.0, Culture=neutral, PublicKeyToken=b03f5f7f11d50a3a" className="Tests.MovimientoClienteBusinessTest, Tests, Version=1.0.0.0, Culture=neutral, PublicKeyToken=null" name="buscarMovimintosTest" />
    </UnitTest>
    <UnitTest name="grabarLineaTest" storage="c:\users\diego\documents\visual studio 2010\projects\uniprof\tests\bin\debug\tests.dll" id="e9b80469-e28c-1b2c-5a36-980b3cb0f728">
      <Execution id="40bfcfef-d684-4273-8dc1-bb08dfc2fd60" />
      <TestMethod codeBase="C:/Users/Diego/Documents/Visual Studio 2010/Projects/Uniprof/Tests/bin/Debug/Tests.DLL" adapterTypeName="Microsoft.VisualStudio.TestTools.TestTypes.Unit.UnitTestAdapter, Microsoft.VisualStudio.QualityTools.Tips.UnitTest.Adapter, Version=10.0.0.0, Culture=neutral, PublicKeyToken=b03f5f7f11d50a3a" className="Tests.LineaFacturaTDGTest, Tests, Version=1.0.0.0, Culture=neutral, PublicKeyToken=null" name="grabarLineaTest" />
    </UnitTest>
    <UnitTest name="listarConversacionesPorIdTest" storage="c:\users\diego\documents\visual studio 2010\projects\uniprof\tests\bin\debug\tests.dll" id="5062f8db-d3cc-b220-b391-1deb74053b65">
      <Execution id="a87230a8-9187-48fd-984b-cedacdd89db5" />
      <TestMethod codeBase="C:/Users/Diego/Documents/Visual Studio 2010/Projects/Uniprof/Tests/bin/Debug/Tests.DLL" adapterTypeName="Microsoft.VisualStudio.TestTools.TestTypes.Unit.UnitTestAdapter, Microsoft.VisualStudio.QualityTools.Tips.UnitTest.Adapter, Version=10.0.0.0, Culture=neutral, PublicKeyToken=b03f5f7f11d50a3a" className="Tests.ConversacionBusinessTest, Tests, Version=1.0.0.0, Culture=neutral, PublicKeyToken=null" name="listarConversacionesPorIdTest" />
    </UnitTest>
    <UnitTest name="buscarOpinionPorCriterioTest" storage="c:\users\diego\documents\visual studio 2010\projects\uniprof\tests\bin\debug\tests.dll" id="a835695f-f8af-58f4-71d0-57d24fa7d90f">
      <Execution id="920d2b13-835f-42f8-8b4c-2c532cd1fe17" />
      <TestMethod codeBase="C:/Users/Diego/Documents/Visual Studio 2010/Projects/Uniprof/Tests/bin/Debug/Tests.DLL" adapterTypeName="Microsoft.VisualStudio.TestTools.TestTypes.Unit.UnitTestAdapter, Microsoft.VisualStudio.QualityTools.Tips.UnitTest.Adapter, Version=10.0.0.0, Culture=neutral, PublicKeyToken=b03f5f7f11d50a3a" className="Tests.OpinionTDGTest, Tests, Version=1.0.0.0, Culture=neutral, PublicKeyToken=null" name="buscarOpinionPorCriterioTest" />
    </UnitTest>
    <UnitTest name="grabarOrdenDeCompraTest" storage="c:\users\diego\documents\visual studio 2010\projects\uniprof\tests\bin\debug\tests.dll" id="adc4b822-2dd8-fb80-0aec-e1f18a81e266">
      <Execution id="e3a97dc5-6c7a-4ab4-9ea2-72f071c92329" />
      <TestMethod codeBase="C:/Users/Diego/Documents/Visual Studio 2010/Projects/Uniprof/Tests/bin/Debug/Tests.DLL" adapterTypeName="Microsoft.VisualStudio.TestTools.TestTypes.Unit.UnitTestAdapter, Microsoft.VisualStudio.QualityTools.Tips.UnitTest.Adapter, Version=10.0.0.0, Culture=neutral, PublicKeyToken=b03f5f7f11d50a3a" className="Tests.OrdenCompraRepositorioTest, Tests, Version=1.0.0.0, Culture=neutral, PublicKeyToken=null" name="grabarOrdenDeCompraTest" />
    </UnitTest>
    <UnitTest name="borrarPrendaTest" storage="c:\users\diego\documents\visual studio 2010\projects\uniprof\tests\bin\debug\tests.dll" id="a472a839-6eaa-12b1-21fb-e977ec47cce0">
      <Execution id="defd5043-4817-46db-9f03-32d201640c1f" />
      <TestMethod codeBase="C:/Users/Diego/Documents/Visual Studio 2010/Projects/Uniprof/Tests/bin/Debug/Tests.DLL" adapterTypeName="Microsoft.VisualStudio.TestTools.TestTypes.Unit.UnitTestAdapter, Microsoft.VisualStudio.QualityTools.Tips.UnitTest.Adapter, Version=10.0.0.0, Culture=neutral, PublicKeyToken=b03f5f7f11d50a3a" className="Tests.TipoPrendaTDGTest, Tests, Version=1.0.0.0, Culture=neutral, PublicKeyToken=null" name="borrarPrendaTest" />
    </UnitTest>
    <UnitTest name="buscarPrimerosHuecosMaquinaTest4" storage="c:\users\diego\documents\visual studio 2010\projects\uniprof\tests\bin\debug\tests.dll" id="a77c41d3-5bba-1c1e-e81f-7a02217342bf">
      <Execution id="c2dc05fd-7ef0-430c-8ffd-764b023336db" />
      <TestMethod codeBase="C:/Users/Diego/Documents/Visual Studio 2010/Projects/Uniprof/Tests/bin/Debug/Tests.DLL" adapterTypeName="Microsoft.VisualStudio.TestTools.TestTypes.Unit.UnitTestAdapter, Microsoft.VisualStudio.QualityTools.Tips.UnitTest.Adapter, Version=10.0.0.0, Culture=neutral, PublicKeyToken=b03f5f7f11d50a3a" className="Tests.ProduccionBusinessTest, Tests, Version=1.0.0.0, Culture=neutral, PublicKeyToken=null" name="buscarPrimerosHuecosMaquinaTest4" />
    </UnitTest>
    <UnitTest name="grabarDiseñosTest" storage="c:\users\diego\documents\visual studio 2010\projects\uniprof\tests\bin\debug\tests.dll" id="9fd9a588-56ca-0b4b-82c9-064d2bfbe430">
      <Execution id="ca900946-5456-4ad3-ab7b-a6c76b133fed" />
      <TestMethod codeBase="C:/Users/Diego/Documents/Visual Studio 2010/Projects/Uniprof/Tests/bin/Debug/Tests.DLL" adapterTypeName="Microsoft.VisualStudio.TestTools.TestTypes.Unit.UnitTestAdapter, Microsoft.VisualStudio.QualityTools.Tips.UnitTest.Adapter, Version=10.0.0.0, Culture=neutral, PublicKeyToken=b03f5f7f11d50a3a" className="Tests.DiseñoTDGTest, Tests, Version=1.0.0.0, Culture=neutral, PublicKeyToken=null" name="grabarDiseñosTest" />
    </UnitTest>
    <UnitTest name="cargarClienteTest" storage="c:\users\diego\documents\visual studio 2010\projects\uniprof\tests\bin\debug\tests.dll" id="a4e8ed3d-c4ae-1ca8-df36-ee362c8b196a">
      <Execution id="545d3a77-a21b-4863-abec-6720803d941c" />
      <TestMethod codeBase="C:/Users/Diego/Documents/Visual Studio 2010/Projects/Uniprof/Tests/bin/Debug/Tests.DLL" adapterTypeName="Microsoft.VisualStudio.TestTools.TestTypes.Unit.UnitTestAdapter, Microsoft.VisualStudio.QualityTools.Tips.UnitTest.Adapter, Version=10.0.0.0, Culture=neutral, PublicKeyToken=b03f5f7f11d50a3a" className="Tests.ClienteTDGTest, Tests, Version=1.0.0.0, Culture=neutral, PublicKeyToken=null" name="cargarClienteTest" />
    </UnitTest>
    <UnitTest name="actualizarFamiliaTest" storage="c:\users\diego\documents\visual studio 2010\projects\uniprof\tests\bin\debug\tests.dll" id="251887f2-80b7-06cc-ae64-369889df804d">
      <Execution id="5e7be7fc-59b4-4072-99fb-03af52583c46" />
      <TestMethod codeBase="C:/Users/Diego/Documents/Visual Studio 2010/Projects/Uniprof/Tests/bin/Debug/Tests.DLL" adapterTypeName="Microsoft.VisualStudio.TestTools.TestTypes.Unit.UnitTestAdapter, Microsoft.VisualStudio.QualityTools.Tips.UnitTest.Adapter, Version=10.0.0.0, Culture=neutral, PublicKeyToken=b03f5f7f11d50a3a" className="Tests.FamiliaRepositorioTest, Tests, Version=1.0.0.0, Culture=neutral, PublicKeyToken=null" name="actualizarFamiliaTest" />
    </UnitTest>
    <UnitTest name="guardarArticuloTest" storage="c:\users\diego\documents\visual studio 2010\projects\uniprof\tests\bin\debug\tests.dll" id="53e8a9c8-96f4-eccd-a6cf-588d5c1fbc4b">
      <Execution id="c5f4b34b-27ca-4ed6-b7af-01c3b9ff3043" />
      <TestMethod codeBase="C:/Users/Diego/Documents/Visual Studio 2010/Projects/Uniprof/Tests/bin/Debug/Tests.DLL" adapterTypeName="Microsoft.VisualStudio.TestTools.TestTypes.Unit.UnitTestAdapter, Microsoft.VisualStudio.QualityTools.Tips.UnitTest.Adapter, Version=10.0.0.0, Culture=neutral, PublicKeyToken=b03f5f7f11d50a3a" className="Tests.ArticuloBusinessTest, Tests, Version=1.0.0.0, Culture=neutral, PublicKeyToken=null" name="guardarArticuloTest" />
    </UnitTest>
    <UnitTest name="cargarPatentesTest" storage="c:\users\diego\documents\visual studio 2010\projects\uniprof\tests\bin\debug\tests.dll" id="acceeb2f-d3a0-c7eb-0a8a-89ba3e60aa95">
      <Execution id="2ae1e27b-9ef9-466e-8a11-377ce3ae2f33" />
      <TestMethod codeBase="C:/Users/Diego/Documents/Visual Studio 2010/Projects/Uniprof/Tests/bin/Debug/Tests.DLL" adapterTypeName="Microsoft.VisualStudio.TestTools.TestTypes.Unit.UnitTestAdapter, Microsoft.VisualStudio.QualityTools.Tips.UnitTest.Adapter, Version=10.0.0.0, Culture=neutral, PublicKeyToken=b03f5f7f11d50a3a" className="Tests.PatenteRepositorioTest, Tests, Version=1.0.0.0, Culture=neutral, PublicKeyToken=null" name="cargarPatentesTest" />
    </UnitTest>
    <UnitTest name="borrarDiseñoTest" storage="c:\users\diego\documents\visual studio 2010\projects\uniprof\tests\bin\debug\tests.dll" id="9355e16b-4728-468a-6844-3354852565f0">
      <Execution id="287aa109-aeeb-448f-95b9-ae69499359a9" />
      <TestMethod codeBase="C:/Users/Diego/Documents/Visual Studio 2010/Projects/Uniprof/Tests/bin/Debug/Tests.DLL" adapterTypeName="Microsoft.VisualStudio.TestTools.TestTypes.Unit.UnitTestAdapter, Microsoft.VisualStudio.QualityTools.Tips.UnitTest.Adapter, Version=10.0.0.0, Culture=neutral, PublicKeyToken=b03f5f7f11d50a3a" className="Tests.DiseñoRepositorioTest, Tests, Version=1.0.0.0, Culture=neutral, PublicKeyToken=null" name="borrarDiseñoTest" />
    </UnitTest>
    <UnitTest name="listarProduccionPorArticuloTest" storage="c:\users\diego\documents\visual studio 2010\projects\uniprof\tests\bin\debug\tests.dll" id="f0936119-968f-f4d0-680f-3a810a2a1183">
      <Execution id="c950abee-d9d1-4f25-bfcb-70162ff41c4f" />
      <TestMethod codeBase="C:/Users/Diego/Documents/Visual Studio 2010/Projects/Uniprof/Tests/bin/Debug/Tests.DLL" adapterTypeName="Microsoft.VisualStudio.TestTools.TestTypes.Unit.UnitTestAdapter, Microsoft.VisualStudio.QualityTools.Tips.UnitTest.Adapter, Version=10.0.0.0, Culture=neutral, PublicKeyToken=b03f5f7f11d50a3a" className="Tests.ProduccionBusinessTest, Tests, Version=1.0.0.0, Culture=neutral, PublicKeyToken=null" name="listarProduccionPorArticuloTest" />
    </UnitTest>
    <UnitTest name="listarMovimientosPorNroTest" storage="c:\users\diego\documents\visual studio 2010\projects\uniprof\tests\bin\debug\tests.dll" id="d4992a93-c61f-e7a7-6c4a-4dd37d506f00">
      <Execution id="c7cff69e-7b7d-4368-a315-b1b0391d0da1" />
      <TestMethod codeBase="C:/Users/Diego/Documents/Visual Studio 2010/Projects/Uniprof/Tests/bin/Debug/Tests.DLL" adapterTypeName="Microsoft.VisualStudio.TestTools.TestTypes.Unit.UnitTestAdapter, Microsoft.VisualStudio.QualityTools.Tips.UnitTest.Adapter, Version=10.0.0.0, Culture=neutral, PublicKeyToken=b03f5f7f11d50a3a" className="Tests.MovimientoClienteBusinessTest, Tests, Version=1.0.0.0, Culture=neutral, PublicKeyToken=null" name="listarMovimientosPorNroTest" />
    </UnitTest>
    <UnitTest name="cargarMaquinasTest" storage="c:\users\diego\documents\visual studio 2010\projects\uniprof\tests\bin\debug\tests.dll" id="a8b0ac8d-b3ff-6693-a29b-869418f5d04f">
      <Execution id="cfb80c4e-333a-4c89-ad7d-427ebbf50eba" />
      <TestMethod codeBase="C:/Users/Diego/Documents/Visual Studio 2010/Projects/Uniprof/Tests/bin/Debug/Tests.DLL" adapterTypeName="Microsoft.VisualStudio.TestTools.TestTypes.Unit.UnitTestAdapter, Microsoft.VisualStudio.QualityTools.Tips.UnitTest.Adapter, Version=10.0.0.0, Culture=neutral, PublicKeyToken=b03f5f7f11d50a3a" className="Tests.MaquinaTDGTest, Tests, Version=1.0.0.0, Culture=neutral, PublicKeyToken=null" name="cargarMaquinasTest" />
    </UnitTest>
    <UnitTest name="listarFacturasPorClienteTest" storage="c:\users\diego\documents\visual studio 2010\projects\uniprof\tests\bin\debug\tests.dll" id="bf901687-526e-3c4f-d25d-5f1eb0ec55f2">
      <Execution id="8a52e5b6-bd6c-43d4-b9c7-26e90f545598" />
      <TestMethod codeBase="C:/Users/Diego/Documents/Visual Studio 2010/Projects/Uniprof/Tests/bin/Debug/Tests.DLL" adapterTypeName="Microsoft.VisualStudio.TestTools.TestTypes.Unit.UnitTestAdapter, Microsoft.VisualStudio.QualityTools.Tips.UnitTest.Adapter, Version=10.0.0.0, Culture=neutral, PublicKeyToken=b03f5f7f11d50a3a" className="Tests.FacturaRepositorioTest, Tests, Version=1.0.0.0, Culture=neutral, PublicKeyToken=null" name="listarFacturasPorClienteTest" />
    </UnitTest>
    <UnitTest name="calcularTimepoTrabajoTest2" storage="c:\users\diego\documents\visual studio 2010\projects\uniprof\tests\bin\debug\tests.dll" id="a27af6eb-87dc-b90f-c4ca-d8cb1c7c2454">
      <Execution id="e510530a-609c-4fcf-b1da-7cda456ac40a" />
      <TestMethod codeBase="C:/Users/Diego/Documents/Visual Studio 2010/Projects/Uniprof/Tests/bin/Debug/Tests.DLL" adapterTypeName="Microsoft.VisualStudio.TestTools.TestTypes.Unit.UnitTestAdapter, Microsoft.VisualStudio.QualityTools.Tips.UnitTest.Adapter, Version=10.0.0.0, Culture=neutral, PublicKeyToken=b03f5f7f11d50a3a" className="Tests.ProduccionBusinessTest, Tests, Version=1.0.0.0, Culture=neutral, PublicKeyToken=null" name="calcularTimepoTrabajoTest2" />
    </UnitTest>
    <UnitTest name="borrarMovimientosTest" storage="c:\users\diego\documents\visual studio 2010\projects\uniprof\tests\bin\debug\tests.dll" id="c9059140-bd68-daef-e19b-ffc08869ca24">
      <Execution id="75db5204-a3f4-4c70-87a6-802ea5124039" />
      <TestMethod codeBase="C:/Users/Diego/Documents/Visual Studio 2010/Projects/Uniprof/Tests/bin/Debug/Tests.DLL" adapterTypeName="Microsoft.VisualStudio.TestTools.TestTypes.Unit.UnitTestAdapter, Microsoft.VisualStudio.QualityTools.Tips.UnitTest.Adapter, Version=10.0.0.0, Culture=neutral, PublicKeyToken=b03f5f7f11d50a3a" className="Tests.MovimientoStockTDGTest, Tests, Version=1.0.0.0, Culture=neutral, PublicKeyToken=null" name="borrarMovimientosTest" />
    </UnitTest>
    <UnitTest name="buscarNewsletterPorNombreTest" storage="c:\users\diego\documents\visual studio 2010\projects\uniprof\tests\bin\debug\tests.dll" id="a6fd86e1-4eca-846a-5e19-70da718a6391">
      <Execution id="9ba67e97-0b21-4ed5-8e63-94c58884833a" />
      <TestMethod codeBase="C:/Users/Diego/Documents/Visual Studio 2010/Projects/Uniprof/Tests/bin/Debug/Tests.DLL" adapterTypeName="Microsoft.VisualStudio.TestTools.TestTypes.Unit.UnitTestAdapter, Microsoft.VisualStudio.QualityTools.Tips.UnitTest.Adapter, Version=10.0.0.0, Culture=neutral, PublicKeyToken=b03f5f7f11d50a3a" className="Tests.NewsletterBusinessTest, Tests, Version=1.0.0.0, Culture=neutral, PublicKeyToken=null" name="buscarNewsletterPorNombreTest" />
    </UnitTest>
    <UnitTest name="actualizarFamiliaTest" storage="c:\users\diego\documents\visual studio 2010\projects\uniprof\tests\bin\debug\tests.dll" id="68862084-d3f3-3b6a-8d1d-63a8120425c8">
      <Execution id="99b9f660-2004-43b2-bcc2-ad26369d430e" />
      <TestMethod codeBase="C:/Users/Diego/Documents/Visual Studio 2010/Projects/Uniprof/Tests/bin/Debug/Tests.DLL" adapterTypeName="Microsoft.VisualStudio.TestTools.TestTypes.Unit.UnitTestAdapter, Microsoft.VisualStudio.QualityTools.Tips.UnitTest.Adapter, Version=10.0.0.0, Culture=neutral, PublicKeyToken=b03f5f7f11d50a3a" className="Tests.FamiliaBusinessTest, Tests, Version=1.0.0.0, Culture=neutral, PublicKeyToken=null" name="actualizarFamiliaTest" />
    </UnitTest>
    <UnitTest name="actualizarProduccionTest" storage="c:\users\diego\documents\visual studio 2010\projects\uniprof\tests\bin\debug\tests.dll" id="de04a58d-71f5-e1d1-1d14-e423a290a69c">
      <Execution id="0dc63d1c-498b-4561-9f86-fdc46298d033" />
      <TestMethod codeBase="C:/Users/Diego/Documents/Visual Studio 2010/Projects/Uniprof/Tests/bin/Debug/Tests.DLL" adapterTypeName="Microsoft.VisualStudio.TestTools.TestTypes.Unit.UnitTestAdapter, Microsoft.VisualStudio.QualityTools.Tips.UnitTest.Adapter, Version=10.0.0.0, Culture=neutral, PublicKeyToken=b03f5f7f11d50a3a" className="Tests.ProduccionBusinessTest, Tests, Version=1.0.0.0, Culture=neutral, PublicKeyToken=null" name="actualizarProduccionTest" />
    </UnitTest>
    <UnitTest name="cargarFacturasTest" storage="c:\users\diego\documents\visual studio 2010\projects\uniprof\tests\bin\debug\tests.dll" id="66accf62-c8b1-294a-c12d-5fcb04e3bddf">
      <Execution id="e217ea80-11b1-4f29-9195-6b6b74a9279b" />
      <TestMethod codeBase="C:/Users/Diego/Documents/Visual Studio 2010/Projects/Uniprof/Tests/bin/Debug/Tests.DLL" adapterTypeName="Microsoft.VisualStudio.TestTools.TestTypes.Unit.UnitTestAdapter, Microsoft.VisualStudio.QualityTools.Tips.UnitTest.Adapter, Version=10.0.0.0, Culture=neutral, PublicKeyToken=b03f5f7f11d50a3a" className="Tests.FacturaTDGTest, Tests, Version=1.0.0.0, Culture=neutral, PublicKeyToken=null" name="cargarFacturasTest" />
    </UnitTest>
    <UnitTest name="cargarlistaProduccionTest" storage="c:\users\diego\documents\visual studio 2010\projects\uniprof\tests\bin\debug\tests.dll" id="15a2dfa0-b5da-ca0f-1901-200d0b50ec37">
      <Execution id="6f8ef85a-02da-4f70-b986-4e2104697a14" />
      <TestMethod codeBase="C:/Users/Diego/Documents/Visual Studio 2010/Projects/Uniprof/Tests/bin/Debug/Tests.DLL" adapterTypeName="Microsoft.VisualStudio.TestTools.TestTypes.Unit.UnitTestAdapter, Microsoft.VisualStudio.QualityTools.Tips.UnitTest.Adapter, Version=10.0.0.0, Culture=neutral, PublicKeyToken=b03f5f7f11d50a3a" className="Tests.ProduccionTDGTest, Tests, Version=1.0.0.0, Culture=neutral, PublicKeyToken=null" name="cargarlistaProduccionTest" />
    </UnitTest>
    <UnitTest name="listarMovimientosPorProveedorTest" storage="c:\users\diego\documents\visual studio 2010\projects\uniprof\tests\bin\debug\tests.dll" id="47829263-2bc4-1929-0c73-083969548a33">
      <Execution id="7e7a14ae-7b87-4604-a72a-d1c94becf440" />
      <TestMethod codeBase="C:/Users/Diego/Documents/Visual Studio 2010/Projects/Uniprof/Tests/bin/Debug/Tests.DLL" adapterTypeName="Microsoft.VisualStudio.TestTools.TestTypes.Unit.UnitTestAdapter, Microsoft.VisualStudio.QualityTools.Tips.UnitTest.Adapter, Version=10.0.0.0, Culture=neutral, PublicKeyToken=b03f5f7f11d50a3a" className="Tests.MovimientoCuentaProveedorRepositorioTest, Tests, Version=1.0.0.0, Culture=neutral, PublicKeyToken=null" name="listarMovimientosPorProveedorTest" />
    </UnitTest>
    <UnitTest name="grabarUsuarioTest" storage="c:\users\diego\documents\visual studio 2010\projects\uniprof\tests\bin\debug\tests.dll" id="76669914-042a-1066-d597-b186fff6c621">
      <Execution id="9c58523d-c4ce-4083-8472-d47fc2b31870" />
      <TestMethod codeBase="C:/Users/Diego/Documents/Visual Studio 2010/Projects/Uniprof/Tests/bin/Debug/Tests.DLL" adapterTypeName="Microsoft.VisualStudio.TestTools.TestTypes.Unit.UnitTestAdapter, Microsoft.VisualStudio.QualityTools.Tips.UnitTest.Adapter, Version=10.0.0.0, Culture=neutral, PublicKeyToken=b03f5f7f11d50a3a" className="Tests.UsuarioTDGTest, Tests, Version=1.0.0.0, Culture=neutral, PublicKeyToken=null" name="grabarUsuarioTest" />
    </UnitTest>
    <UnitTest name="listarOrdenDeComprasTest" storage="c:\users\diego\documents\visual studio 2010\projects\uniprof\tests\bin\debug\tests.dll" id="21f1e20b-dcac-fe9b-670b-02932753806f">
      <Execution id="8da440fc-60d5-4e07-8f2f-51aca7dab6ef" />
      <TestMethod codeBase="C:/Users/Diego/Documents/Visual Studio 2010/Projects/Uniprof/Tests/bin/Debug/Tests.DLL" adapterTypeName="Microsoft.VisualStudio.TestTools.TestTypes.Unit.UnitTestAdapter, Microsoft.VisualStudio.QualityTools.Tips.UnitTest.Adapter, Version=10.0.0.0, Culture=neutral, PublicKeyToken=b03f5f7f11d50a3a" className="Tests.OrdenCompraRepositorioTest, Tests, Version=1.0.0.0, Culture=neutral, PublicKeyToken=null" name="listarOrdenDeComprasTest" />
    </UnitTest>
    <UnitTest name="buscarPorIdTest" storage="c:\users\diego\documents\visual studio 2010\projects\uniprof\tests\bin\debug\tests.dll" id="d7c03cb5-500e-d7d9-da0b-0be2f4981b03">
      <Execution id="e4fb07c6-78e0-42ee-ac33-28c549c0a682" />
      <TestMethod codeBase="C:/Users/Diego/Documents/Visual Studio 2010/Projects/Uniprof/Tests/bin/Debug/Tests.DLL" adapterTypeName="Microsoft.VisualStudio.TestTools.TestTypes.Unit.UnitTestAdapter, Microsoft.VisualStudio.QualityTools.Tips.UnitTest.Adapter, Version=10.0.0.0, Culture=neutral, PublicKeyToken=b03f5f7f11d50a3a" className="Tests.TipoInsumoTDGTest, Tests, Version=1.0.0.0, Culture=neutral, PublicKeyToken=null" name="buscarPorIdTest" />
    </UnitTest>
    <UnitTest name="listarInsumosTest" storage="c:\users\diego\documents\visual studio 2010\projects\uniprof\tests\bin\debug\tests.dll" id="f50b51cf-39fa-28c4-720a-03db16299af8">
      <Execution id="c9f63f01-0c2f-42c9-9833-997770c51bab" />
      <TestMethod codeBase="C:/Users/Diego/Documents/Visual Studio 2010/Projects/Uniprof/Tests/bin/Debug/Tests.DLL" adapterTypeName="Microsoft.VisualStudio.TestTools.TestTypes.Unit.UnitTestAdapter, Microsoft.VisualStudio.QualityTools.Tips.UnitTest.Adapter, Version=10.0.0.0, Culture=neutral, PublicKeyToken=b03f5f7f11d50a3a" className="Tests.InsumoRepositorioTest, Tests, Version=1.0.0.0, Culture=neutral, PublicKeyToken=null" name="listarInsumosTest" />
    </UnitTest>
    <UnitTest name="listarProduccionPorArticuloTest" storage="c:\users\diego\documents\visual studio 2010\projects\uniprof\tests\bin\debug\tests.dll" id="25d73e54-4c45-c0f8-0cc6-cd9d82e5c8a4">
      <Execution id="2a69be44-9ed4-4ec7-8584-6c868a92f479" />
      <TestMethod codeBase="C:/Users/Diego/Documents/Visual Studio 2010/Projects/Uniprof/Tests/bin/Debug/Tests.DLL" adapterTypeName="Microsoft.VisualStudio.TestTools.TestTypes.Unit.UnitTestAdapter, Microsoft.VisualStudio.QualityTools.Tips.UnitTest.Adapter, Version=10.0.0.0, Culture=neutral, PublicKeyToken=b03f5f7f11d50a3a" className="Tests.ProduccionRepositorioTest, Tests, Version=1.0.0.0, Culture=neutral, PublicKeyToken=null" name="listarProduccionPorArticuloTest" />
    </UnitTest>
    <UnitTest name="listarOpinionesPorIdTest" storage="c:\users\diego\documents\visual studio 2010\projects\uniprof\tests\bin\debug\tests.dll" id="4cab3d76-8fe4-c6a9-062c-275660c809ba">
      <Execution id="56be3fb2-33c4-48f6-885b-03079687be30" />
      <TestMethod codeBase="C:/Users/Diego/Documents/Visual Studio 2010/Projects/Uniprof/Tests/bin/Debug/Tests.DLL" adapterTypeName="Microsoft.VisualStudio.TestTools.TestTypes.Unit.UnitTestAdapter, Microsoft.VisualStudio.QualityTools.Tips.UnitTest.Adapter, Version=10.0.0.0, Culture=neutral, PublicKeyToken=b03f5f7f11d50a3a" className="Tests.OpinionRepositorioTest, Tests, Version=1.0.0.0, Culture=neutral, PublicKeyToken=null" name="listarOpinionesPorIdTest" />
    </UnitTest>
    <UnitTest name="calcularFinalizacionTest3" storage="c:\users\diego\documents\visual studio 2010\projects\uniprof\tests\bin\debug\tests.dll" id="6cf16972-5184-bd8a-3b41-bb02c50f3e4c">
      <Execution id="c70c6ae0-169b-4899-b6a5-28073498f89c" />
      <TestMethod codeBase="C:/Users/Diego/Documents/Visual Studio 2010/Projects/Uniprof/Tests/bin/Debug/Tests.DLL" adapterTypeName="Microsoft.VisualStudio.TestTools.TestTypes.Unit.UnitTestAdapter, Microsoft.VisualStudio.QualityTools.Tips.UnitTest.Adapter, Version=10.0.0.0, Culture=neutral, PublicKeyToken=b03f5f7f11d50a3a" className="Tests.ProduccionBusinessTest, Tests, Version=1.0.0.0, Culture=neutral, PublicKeyToken=null" name="calcularFinalizacionTest3" />
    </UnitTest>
    <UnitTest name="listarInsumosConRestriccionesTest" storage="c:\users\diego\documents\visual studio 2010\projects\uniprof\tests\bin\debug\tests.dll" id="26e79886-012b-c1dd-53e8-d16d49221a25">
      <Execution id="b39559b4-cc96-4f59-9fc8-c4a7b9938fa3" />
      <TestMethod codeBase="C:/Users/Diego/Documents/Visual Studio 2010/Projects/Uniprof/Tests/bin/Debug/Tests.DLL" adapterTypeName="Microsoft.VisualStudio.TestTools.TestTypes.Unit.UnitTestAdapter, Microsoft.VisualStudio.QualityTools.Tips.UnitTest.Adapter, Version=10.0.0.0, Culture=neutral, PublicKeyToken=b03f5f7f11d50a3a" className="Tests.InsumoRepositorioTest, Tests, Version=1.0.0.0, Culture=neutral, PublicKeyToken=null" name="listarInsumosConRestriccionesTest" />
    </UnitTest>
    <UnitTest name="listarOrdenDeComprasPorProveedorTest" storage="c:\users\diego\documents\visual studio 2010\projects\uniprof\tests\bin\debug\tests.dll" id="7f0052b2-2fa5-1442-5124-403810b2060e">
      <Execution id="d4ca5a4f-f489-400c-a2fb-8c80dec1e025" />
      <TestMethod codeBase="C:/Users/Diego/Documents/Visual Studio 2010/Projects/Uniprof/Tests/bin/Debug/Tests.DLL" adapterTypeName="Microsoft.VisualStudio.TestTools.TestTypes.Unit.UnitTestAdapter, Microsoft.VisualStudio.QualityTools.Tips.UnitTest.Adapter, Version=10.0.0.0, Culture=neutral, PublicKeyToken=b03f5f7f11d50a3a" className="Tests.OrdenCompraBusinessTest, Tests, Version=1.0.0.0, Culture=neutral, PublicKeyToken=null" name="listarOrdenDeComprasPorProveedorTest" />
    </UnitTest>
    <UnitTest name="listarProveedoresTest" storage="c:\users\diego\documents\visual studio 2010\projects\uniprof\tests\bin\debug\tests.dll" id="79b9204c-aeda-7048-42ac-c6faee468388">
      <Execution id="58a1a7ee-3d22-48ae-8403-4cd0a21fca64" />
      <TestMethod codeBase="C:/Users/Diego/Documents/Visual Studio 2010/Projects/Uniprof/Tests/bin/Debug/Tests.DLL" adapterTypeName="Microsoft.VisualStudio.TestTools.TestTypes.Unit.UnitTestAdapter, Microsoft.VisualStudio.QualityTools.Tips.UnitTest.Adapter, Version=10.0.0.0, Culture=neutral, PublicKeyToken=b03f5f7f11d50a3a" className="Tests.ProveedorBusinessTest, Tests, Version=1.0.0.0, Culture=neutral, PublicKeyToken=null" name="listarProveedoresTest" />
    </UnitTest>
    <UnitTest name="listarFacturasTest" storage="c:\users\diego\documents\visual studio 2010\projects\uniprof\tests\bin\debug\tests.dll" id="1cca4a40-3e79-045d-0667-c735e9a1087b">
      <Execution id="4185fd47-62e4-40cd-856d-e965d1bad0bf" />
      <TestMethod codeBase="C:/Users/Diego/Documents/Visual Studio 2010/Projects/Uniprof/Tests/bin/Debug/Tests.DLL" adapterTypeName="Microsoft.VisualStudio.TestTools.TestTypes.Unit.UnitTestAdapter, Microsoft.VisualStudio.QualityTools.Tips.UnitTest.Adapter, Version=10.0.0.0, Culture=neutral, PublicKeyToken=b03f5f7f11d50a3a" className="Tests.FacturaBusinessTest, Tests, Version=1.0.0.0, Culture=neutral, PublicKeyToken=null" name="listarFacturasTest" />
    </UnitTest>
    <UnitTest name="modificarDiseñoInsumoTest" storage="c:\users\diego\documents\visual studio 2010\projects\uniprof\tests\bin\debug\tests.dll" id="375be106-944a-05c4-4975-c4a32afdccd6">
      <Execution id="520ca5d2-1833-43ea-8ef3-588bd55a7b3b" />
      <TestMethod codeBase="C:/Users/Diego/Documents/Visual Studio 2010/Projects/Uniprof/Tests/bin/Debug/Tests.DLL" adapterTypeName="Microsoft.VisualStudio.TestTools.TestTypes.Unit.UnitTestAdapter, Microsoft.VisualStudio.QualityTools.Tips.UnitTest.Adapter, Version=10.0.0.0, Culture=neutral, PublicKeyToken=b03f5f7f11d50a3a" className="Tests.DiseñoInsumoTDGTest, Tests, Version=1.0.0.0, Culture=neutral, PublicKeyToken=null" name="modificarDiseñoInsumoTest" />
    </UnitTest>
    <UnitTest name="listaPatentesPorUsuarioTest" storage="c:\users\diego\documents\visual studio 2010\projects\uniprof\tests\bin\debug\tests.dll" id="cfd8c036-75a7-640f-488c-228d443acc6e">
      <Execution id="fab7bab4-d8d2-46ea-b6fa-f219ed4ee62f" />
      <TestMethod codeBase="C:/Users/Diego/Documents/Visual Studio 2010/Projects/Uniprof/Tests/bin/Debug/Tests.DLL" adapterTypeName="Microsoft.VisualStudio.TestTools.TestTypes.Unit.UnitTestAdapter, Microsoft.VisualStudio.QualityTools.Tips.UnitTest.Adapter, Version=10.0.0.0, Culture=neutral, PublicKeyToken=b03f5f7f11d50a3a" className="Tests.PatenteBusinessTest, Tests, Version=1.0.0.0, Culture=neutral, PublicKeyToken=null" name="listaPatentesPorUsuarioTest" />
    </UnitTest>
    <UnitTest name="guardarFamiliaTest" storage="c:\users\diego\documents\visual studio 2010\projects\uniprof\tests\bin\debug\tests.dll" id="33cb7b57-1952-56c9-afdf-65517595c4dd">
      <Execution id="99fbcef3-b1cd-4705-9aed-f4e309f6a6b6" />
      <TestMethod codeBase="C:/Users/Diego/Documents/Visual Studio 2010/Projects/Uniprof/Tests/bin/Debug/Tests.DLL" adapterTypeName="Microsoft.VisualStudio.TestTools.TestTypes.Unit.UnitTestAdapter, Microsoft.VisualStudio.QualityTools.Tips.UnitTest.Adapter, Version=10.0.0.0, Culture=neutral, PublicKeyToken=b03f5f7f11d50a3a" className="Tests.FamiliaRepositorioTest, Tests, Version=1.0.0.0, Culture=neutral, PublicKeyToken=null" name="guardarFamiliaTest" />
    </UnitTest>
    <UnitTest name="buscarDiseñoPorClienteTest" storage="c:\users\diego\documents\visual studio 2010\projects\uniprof\tests\bin\debug\tests.dll" id="bcd1f511-94b6-a2b6-4c0d-819d27a24411">
      <Execution id="d02febc7-3d0d-4bed-bf60-34f5a6068618" />
      <TestMethod codeBase="C:/Users/Diego/Documents/Visual Studio 2010/Projects/Uniprof/Tests/bin/Debug/Tests.DLL" adapterTypeName="Microsoft.VisualStudio.TestTools.TestTypes.Unit.UnitTestAdapter, Microsoft.VisualStudio.QualityTools.Tips.UnitTest.Adapter, Version=10.0.0.0, Culture=neutral, PublicKeyToken=b03f5f7f11d50a3a" className="Tests.DiseñoRepositorioTest, Tests, Version=1.0.0.0, Culture=neutral, PublicKeyToken=null" name="buscarDiseñoPorClienteTest" />
    </UnitTest>
    <UnitTest name="modificarUsuarioTest1" storage="c:\users\diego\documents\visual studio 2010\projects\uniprof\tests\bin\debug\tests.dll" id="44f2f0a7-9e33-876a-b7c3-d86059021fb2">
      <Execution id="9e3b72b7-66ee-4f2d-b0ac-a9f60b56398e" />
      <TestMethod codeBase="C:/Users/Diego/Documents/Visual Studio 2010/Projects/Uniprof/Tests/bin/Debug/Tests.DLL" adapterTypeName="Microsoft.VisualStudio.TestTools.TestTypes.Unit.UnitTestAdapter, Microsoft.VisualStudio.QualityTools.Tips.UnitTest.Adapter, Version=10.0.0.0, Culture=neutral, PublicKeyToken=b03f5f7f11d50a3a" className="Tests.UsuarioBusinessTest, Tests, Version=1.0.0.0, Culture=neutral, PublicKeyToken=null" name="modificarUsuarioTest1" />
    </UnitTest>
    <UnitTest name="borrarArticuloTest" storage="c:\users\diego\documents\visual studio 2010\projects\uniprof\tests\bin\debug\tests.dll" id="ee5f9022-6777-7fb2-dcc5-530f17ab50c0">
      <Execution id="41dea2e2-8908-4e11-9e48-84f19ccb41ce" />
      <TestMethod codeBase="C:/Users/Diego/Documents/Visual Studio 2010/Projects/Uniprof/Tests/bin/Debug/Tests.DLL" adapterTypeName="Microsoft.VisualStudio.TestTools.TestTypes.Unit.UnitTestAdapter, Microsoft.VisualStudio.QualityTools.Tips.UnitTest.Adapter, Version=10.0.0.0, Culture=neutral, PublicKeyToken=b03f5f7f11d50a3a" className="Tests.ArticuloRepositorioTest, Tests, Version=1.0.0.0, Culture=neutral, PublicKeyToken=null" name="borrarArticuloTest" />
    </UnitTest>
    <UnitTest name="listarInsumosPorTipoTest" storage="c:\users\diego\documents\visual studio 2010\projects\uniprof\tests\bin\debug\tests.dll" id="2ae7b1af-8597-a3ce-277b-0dc18037e21f">
      <Execution id="19138098-269a-419c-9e49-4ae41b15a559" />
      <TestMethod codeBase="C:/Users/Diego/Documents/Visual Studio 2010/Projects/Uniprof/Tests/bin/Debug/Tests.DLL" adapterTypeName="Microsoft.VisualStudio.TestTools.TestTypes.Unit.UnitTestAdapter, Microsoft.VisualStudio.QualityTools.Tips.UnitTest.Adapter, Version=10.0.0.0, Culture=neutral, PublicKeyToken=b03f5f7f11d50a3a" className="Tests.InsumoBusinessTest, Tests, Version=1.0.0.0, Culture=neutral, PublicKeyToken=null" name="listarInsumosPorTipoTest" />
    </UnitTest>
    <UnitTest name="actualizaArticuloTest" storage="c:\users\diego\documents\visual studio 2010\projects\uniprof\tests\bin\debug\tests.dll" id="5bcfcf35-a297-ce16-b906-540d8e2e0904">
      <Execution id="9d4e71de-2fe0-4d70-bf85-0e3bce7fdf41" />
      <TestMethod codeBase="C:/Users/Diego/Documents/Visual Studio 2010/Projects/Uniprof/Tests/bin/Debug/Tests.DLL" adapterTypeName="Microsoft.VisualStudio.TestTools.TestTypes.Unit.UnitTestAdapter, Microsoft.VisualStudio.QualityTools.Tips.UnitTest.Adapter, Version=10.0.0.0, Culture=neutral, PublicKeyToken=b03f5f7f11d50a3a" className="Tests.ArticuloRepositorioTest, Tests, Version=1.0.0.0, Culture=neutral, PublicKeyToken=null" name="actualizaArticuloTest" />
    </UnitTest>
    <UnitTest name="buscarMovimintosTest" storage="c:\users\diego\documents\visual studio 2010\projects\uniprof\tests\bin\debug\tests.dll" id="9c1f4476-7313-c46d-328a-55cea693565d">
      <Execution id="7d2b7d11-795f-4092-a65f-388be728228b" />
      <TestMethod codeBase="C:/Users/Diego/Documents/Visual Studio 2010/Projects/Uniprof/Tests/bin/Debug/Tests.DLL" adapterTypeName="Microsoft.VisualStudio.TestTools.TestTypes.Unit.UnitTestAdapter, Microsoft.VisualStudio.QualityTools.Tips.UnitTest.Adapter, Version=10.0.0.0, Culture=neutral, PublicKeyToken=b03f5f7f11d50a3a" className="Tests.MovimientoProveedorBusinessTest, Tests, Version=1.0.0.0, Culture=neutral, PublicKeyToken=null" name="buscarMovimintosTest" />
    </UnitTest>
    <UnitTest name="listaPatentesPorFamiliaTest" storage="c:\users\diego\documents\visual studio 2010\projects\uniprof\tests\bin\debug\tests.dll" id="72b264c8-79c9-9087-ae9e-47c332dbaa6d">
      <Execution id="4765bbe4-b8eb-411a-baba-abd747874971" />
      <TestMethod codeBase="C:/Users/Diego/Documents/Visual Studio 2010/Projects/Uniprof/Tests/bin/Debug/Tests.DLL" adapterTypeName="Microsoft.VisualStudio.TestTools.TestTypes.Unit.UnitTestAdapter, Microsoft.VisualStudio.QualityTools.Tips.UnitTest.Adapter, Version=10.0.0.0, Culture=neutral, PublicKeyToken=b03f5f7f11d50a3a" className="Tests.PatenteBusinessTest, Tests, Version=1.0.0.0, Culture=neutral, PublicKeyToken=null" name="listaPatentesPorFamiliaTest" />
    </UnitTest>
    <UnitTest name="cargarListaPrecioConRestriccionesTest" storage="c:\users\diego\documents\visual studio 2010\projects\uniprof\tests\bin\debug\tests.dll" id="3b15fca6-ba42-6ea6-b114-894cdb11cb16">
      <Execution id="d0b05b6b-1445-4421-81c2-b86856f100d2" />
      <TestMethod codeBase="C:/Users/Diego/Documents/Visual Studio 2010/Projects/Uniprof/Tests/bin/Debug/Tests.DLL" adapterTypeName="Microsoft.VisualStudio.TestTools.TestTypes.Unit.UnitTestAdapter, Microsoft.VisualStudio.QualityTools.Tips.UnitTest.Adapter, Version=10.0.0.0, Culture=neutral, PublicKeyToken=b03f5f7f11d50a3a" className="Tests.ListaPreciosTDGTest, Tests, Version=1.0.0.0, Culture=neutral, PublicKeyToken=null" name="cargarListaPrecioConRestriccionesTest" />
    </UnitTest>
    <UnitTest name="cargarUsuarioPorFamiliaTest" storage="c:\users\diego\documents\visual studio 2010\projects\uniprof\tests\bin\debug\tests.dll" id="c2878fbd-4540-66f8-af38-853465e7a6aa">
      <Execution id="9352eec5-20d5-4edd-bedd-4f4b9626b829" />
      <TestMethod codeBase="C:/Users/Diego/Documents/Visual Studio 2010/Projects/Uniprof/Tests/bin/Debug/Tests.DLL" adapterTypeName="Microsoft.VisualStudio.TestTools.TestTypes.Unit.UnitTestAdapter, Microsoft.VisualStudio.QualityTools.Tips.UnitTest.Adapter, Version=10.0.0.0, Culture=neutral, PublicKeyToken=b03f5f7f11d50a3a" className="Tests.UsuarioTDGTest, Tests, Version=1.0.0.0, Culture=neutral, PublicKeyToken=null" name="cargarUsuarioPorFamiliaTest" />
    </UnitTest>
    <UnitTest name="actualizarProveedorTest" storage="c:\users\diego\documents\visual studio 2010\projects\uniprof\tests\bin\debug\tests.dll" id="57811f03-2314-dd80-537e-0ead8105505e">
      <Execution id="681761ed-640f-4eb5-a377-2333a92f810d" />
      <TestMethod codeBase="C:/Users/Diego/Documents/Visual Studio 2010/Projects/Uniprof/Tests/bin/Debug/Tests.DLL" adapterTypeName="Microsoft.VisualStudio.TestTools.TestTypes.Unit.UnitTestAdapter, Microsoft.VisualStudio.QualityTools.Tips.UnitTest.Adapter, Version=10.0.0.0, Culture=neutral, PublicKeyToken=b03f5f7f11d50a3a" className="Tests.ProveedorTDGTest, Tests, Version=1.0.0.0, Culture=neutral, PublicKeyToken=null" name="actualizarProveedorTest" />
    </UnitTest>
    <UnitTest name="calcularFinalizacionTest2" storage="c:\users\diego\documents\visual studio 2010\projects\uniprof\tests\bin\debug\tests.dll" id="ecabc92d-2f24-55b0-b16a-755e692c4e1a">
      <Execution id="9271bb17-9964-4c25-a0f9-b74b8b5d33a6" />
      <TestMethod codeBase="C:/Users/Diego/Documents/Visual Studio 2010/Projects/Uniprof/Tests/bin/Debug/Tests.DLL" adapterTypeName="Microsoft.VisualStudio.TestTools.TestTypes.Unit.UnitTestAdapter, Microsoft.VisualStudio.QualityTools.Tips.UnitTest.Adapter, Version=10.0.0.0, Culture=neutral, PublicKeyToken=b03f5f7f11d50a3a" className="Tests.ProduccionBusinessTest, Tests, Version=1.0.0.0, Culture=neutral, PublicKeyToken=null" name="calcularFinalizacionTest2" />
    </UnitTest>
    <UnitTest name="actualizarFamiliaPorObjetoTest" storage="c:\users\diego\documents\visual studio 2010\projects\uniprof\tests\bin\debug\tests.dll" id="583b72ae-47b9-5eaa-f8ea-320cdf69527e">
      <Execution id="c838b179-b1fa-4266-a964-82c79826790b" />
      <TestMethod codeBase="C:/Users/Diego/Documents/Visual Studio 2010/Projects/Uniprof/Tests/bin/Debug/Tests.DLL" adapterTypeName="Microsoft.VisualStudio.TestTools.TestTypes.Unit.UnitTestAdapter, Microsoft.VisualStudio.QualityTools.Tips.UnitTest.Adapter, Version=10.0.0.0, Culture=neutral, PublicKeyToken=b03f5f7f11d50a3a" className="Tests.FamiliaBusinessTest, Tests, Version=1.0.0.0, Culture=neutral, PublicKeyToken=null" name="actualizarFamiliaPorObjetoTest" />
    </UnitTest>
    <UnitTest name="actualizarMovimientosTest" storage="c:\users\diego\documents\visual studio 2010\projects\uniprof\tests\bin\debug\tests.dll" id="57822e73-41f0-97dd-bf29-4b1fd4ed053c">
      <Execution id="f558eb6b-34d3-41d3-9d18-40bc79dfce74" />
      <TestMethod codeBase="C:/Users/Diego/Documents/Visual Studio 2010/Projects/Uniprof/Tests/bin/Debug/Tests.DLL" adapterTypeName="Microsoft.VisualStudio.TestTools.TestTypes.Unit.UnitTestAdapter, Microsoft.VisualStudio.QualityTools.Tips.UnitTest.Adapter, Version=10.0.0.0, Culture=neutral, PublicKeyToken=b03f5f7f11d50a3a" className="Tests.MovimientoStockTDGTest, Tests, Version=1.0.0.0, Culture=neutral, PublicKeyToken=null" name="actualizarMovimientosTest" />
    </UnitTest>
    <UnitTest name="borrarHistoricoEstadosTest" storage="c:\users\diego\documents\visual studio 2010\projects\uniprof\tests\bin\debug\tests.dll" id="fc8d00d7-7a7a-f0f3-a11d-98015016e42e">
      <Execution id="a70b276e-3ab5-4857-8b92-2f4f6997403a" />
      <TestMethod codeBase="C:/Users/Diego/Documents/Visual Studio 2010/Projects/Uniprof/Tests/bin/Debug/Tests.DLL" adapterTypeName="Microsoft.VisualStudio.TestTools.TestTypes.Unit.UnitTestAdapter, Microsoft.VisualStudio.QualityTools.Tips.UnitTest.Adapter, Version=10.0.0.0, Culture=neutral, PublicKeyToken=b03f5f7f11d50a3a" className="Tests.HistoricoEstadosPedidoTDGTest, Tests, Version=1.0.0.0, Culture=neutral, PublicKeyToken=null" name="borrarHistoricoEstadosTest" />
    </UnitTest>
    <UnitTest name="borrarClienteTest" storage="c:\users\diego\documents\visual studio 2010\projects\uniprof\tests\bin\debug\tests.dll" id="d1b2634a-eb02-7f77-05de-c01ea104c115">
      <Execution id="1e96af83-f6cc-4263-9dd0-9d38e5affbd0" />
      <TestMethod codeBase="C:/Users/Diego/Documents/Visual Studio 2010/Projects/Uniprof/Tests/bin/Debug/Tests.DLL" adapterTypeName="Microsoft.VisualStudio.TestTools.TestTypes.Unit.UnitTestAdapter, Microsoft.VisualStudio.QualityTools.Tips.UnitTest.Adapter, Version=10.0.0.0, Culture=neutral, PublicKeyToken=b03f5f7f11d50a3a" className="Tests.UsuarioBusinessTest, Tests, Version=1.0.0.0, Culture=neutral, PublicKeyToken=null" name="borrarClienteTest" />
    </UnitTest>
    <UnitTest name="cargarMovimientosConRestriccionesTest" storage="c:\users\diego\documents\visual studio 2010\projects\uniprof\tests\bin\debug\tests.dll" id="aeb09f8f-b144-d846-cb07-87151db0c5db">
      <Execution id="2a9e92a7-bca5-4f04-a3d1-c22ec429b88f" />
      <TestMethod codeBase="C:/Users/Diego/Documents/Visual Studio 2010/Projects/Uniprof/Tests/bin/Debug/Tests.DLL" adapterTypeName="Microsoft.VisualStudio.TestTools.TestTypes.Unit.UnitTestAdapter, Microsoft.VisualStudio.QualityTools.Tips.UnitTest.Adapter, Version=10.0.0.0, Culture=neutral, PublicKeyToken=b03f5f7f11d50a3a" className="Tests.MovimientoStockTDGTest, Tests, Version=1.0.0.0, Culture=neutral, PublicKeyToken=null" name="cargarMovimientosConRestriccionesTest" />
    </UnitTest>
    <UnitTest name="actualizarNewsletterTest" storage="c:\users\diego\documents\visual studio 2010\projects\uniprof\tests\bin\debug\tests.dll" id="d5a80f55-2074-60f0-99dc-1062cdfc3cee">
      <Execution id="8c5ddc5f-1ccb-4f67-951a-cd58510639d1" />
      <TestMethod codeBase="C:/Users/Diego/Documents/Visual Studio 2010/Projects/Uniprof/Tests/bin/Debug/Tests.DLL" adapterTypeName="Microsoft.VisualStudio.TestTools.TestTypes.Unit.UnitTestAdapter, Microsoft.VisualStudio.QualityTools.Tips.UnitTest.Adapter, Version=10.0.0.0, Culture=neutral, PublicKeyToken=b03f5f7f11d50a3a" className="Tests.NewsletterRepositorioTest, Tests, Version=1.0.0.0, Culture=neutral, PublicKeyToken=null" name="actualizarNewsletterTest" />
    </UnitTest>
    <UnitTest name="calcularFinalizacionTest" storage="c:\users\diego\documents\visual studio 2010\projects\uniprof\tests\bin\debug\tests.dll" id="cb0676d4-b73b-00c6-8824-aa32bdf40010">
      <Execution id="61e846e8-86bf-42f9-a4e2-8e7acfafa477" />
      <TestMethod codeBase="C:/Users/Diego/Documents/Visual Studio 2010/Projects/Uniprof/Tests/bin/Debug/Tests.DLL" adapterTypeName="Microsoft.VisualStudio.TestTools.TestTypes.Unit.UnitTestAdapter, Microsoft.VisualStudio.QualityTools.Tips.UnitTest.Adapter, Version=10.0.0.0, Culture=neutral, PublicKeyToken=b03f5f7f11d50a3a" className="Tests.ProduccionBusinessTest, Tests, Version=1.0.0.0, Culture=neutral, PublicKeyToken=null" name="calcularFinalizacionTest" />
    </UnitTest>
    <UnitTest name="cargarHistoricoEstadosTest" storage="c:\users\diego\documents\visual studio 2010\projects\uniprof\tests\bin\debug\tests.dll" id="47d53732-aaac-b97d-3608-f4da6d7da1f0">
      <Execution id="91447c90-23a2-4850-a9a9-098b4a4a9d99" />
      <TestMethod codeBase="C:/Users/Diego/Documents/Visual Studio 2010/Projects/Uniprof/Tests/bin/Debug/Tests.DLL" adapterTypeName="Microsoft.VisualStudio.TestTools.TestTypes.Unit.UnitTestAdapter, Microsoft.VisualStudio.QualityTools.Tips.UnitTest.Adapter, Version=10.0.0.0, Culture=neutral, PublicKeyToken=b03f5f7f11d50a3a" className="Tests.HistoricoEstadosProduccionTDGTest, Tests, Version=1.0.0.0, Culture=neutral, PublicKeyToken=null" name="cargarHistoricoEstadosTest" />
    </UnitTest>
    <UnitTest name="cargarMaquinaPorIdTest" storage="c:\users\diego\documents\visual studio 2010\projects\uniprof\tests\bin\debug\tests.dll" id="9102ee27-432a-7243-07ab-4d672688ee38">
      <Execution id="5d74eb8f-1e95-4edc-9a72-626a63b46c17" />
      <TestMethod codeBase="C:/Users/Diego/Documents/Visual Studio 2010/Projects/Uniprof/Tests/bin/Debug/Tests.DLL" adapterTypeName="Microsoft.VisualStudio.TestTools.TestTypes.Unit.UnitTestAdapter, Microsoft.VisualStudio.QualityTools.Tips.UnitTest.Adapter, Version=10.0.0.0, Culture=neutral, PublicKeyToken=b03f5f7f11d50a3a" className="Tests.MaterialesBusinessTest, Tests, Version=1.0.0.0, Culture=neutral, PublicKeyToken=null" name="cargarMaquinaPorIdTest" />
    </UnitTest>
    <UnitTest name="listarProduccionPorEstadoTest" storage="c:\users\diego\documents\visual studio 2010\projects\uniprof\tests\bin\debug\tests.dll" id="37eb03dd-b0ba-1d1a-150c-82804e7b16da">
      <Execution id="d135e1e1-47de-4735-8ed7-fc737f5aaa37" />
      <TestMethod codeBase="C:/Users/Diego/Documents/Visual Studio 2010/Projects/Uniprof/Tests/bin/Debug/Tests.DLL" adapterTypeName="Microsoft.VisualStudio.TestTools.TestTypes.Unit.UnitTestAdapter, Microsoft.VisualStudio.QualityTools.Tips.UnitTest.Adapter, Version=10.0.0.0, Culture=neutral, PublicKeyToken=b03f5f7f11d50a3a" className="Tests.ProduccionRepositorioTest, Tests, Version=1.0.0.0, Culture=neutral, PublicKeyToken=null" name="listarProduccionPorEstadoTest" />
    </UnitTest>
    <UnitTest name="actualizarTest" storage="c:\users\diego\documents\visual studio 2010\projects\uniprof\tests\bin\debug\tests.dll" id="5b9bfc56-4cc5-173e-d51e-c0dfe65798ee">
      <Execution id="8566bd2b-84ce-4457-a68e-d6a971b63c37" />
      <TestMethod codeBase="C:/Users/Diego/Documents/Visual Studio 2010/Projects/Uniprof/Tests/bin/Debug/Tests.DLL" adapterTypeName="Microsoft.VisualStudio.TestTools.TestTypes.Unit.UnitTestAdapter, Microsoft.VisualStudio.QualityTools.Tips.UnitTest.Adapter, Version=10.0.0.0, Culture=neutral, PublicKeyToken=b03f5f7f11d50a3a" className="Tests.ProveedorRepositorioTest, Tests, Version=1.0.0.0, Culture=neutral, PublicKeyToken=null" name="actualizarTest" />
    </UnitTest>
    <UnitTest name="borrarNewsletterTest" storage="c:\users\diego\documents\visual studio 2010\projects\uniprof\tests\bin\debug\tests.dll" id="36f9d5ec-47e1-6737-13d6-445eaa622ab8">
      <Execution id="46dc8d46-cb7f-4031-b86c-bdab8a40465d" />
      <TestMethod codeBase="C:/Users/Diego/Documents/Visual Studio 2010/Projects/Uniprof/Tests/bin/Debug/Tests.DLL" adapterTypeName="Microsoft.VisualStudio.TestTools.TestTypes.Unit.UnitTestAdapter, Microsoft.VisualStudio.QualityTools.Tips.UnitTest.Adapter, Version=10.0.0.0, Culture=neutral, PublicKeyToken=b03f5f7f11d50a3a" className="Tests.NewsletterBusinessTest, Tests, Version=1.0.0.0, Culture=neutral, PublicKeyToken=null" name="borrarNewsletterTest" />
    </UnitTest>
    <UnitTest name="actualizarDiseñoTest" storage="c:\users\diego\documents\visual studio 2010\projects\uniprof\tests\bin\debug\tests.dll" id="4f159a29-3cb7-c1f2-9ed8-8c5ed23afcbe">
      <Execution id="b2d342cc-58bf-4134-8142-6df2255a0769" />
      <TestMethod codeBase="C:/Users/Diego/Documents/Visual Studio 2010/Projects/Uniprof/Tests/bin/Debug/Tests.DLL" adapterTypeName="Microsoft.VisualStudio.TestTools.TestTypes.Unit.UnitTestAdapter, Microsoft.VisualStudio.QualityTools.Tips.UnitTest.Adapter, Version=10.0.0.0, Culture=neutral, PublicKeyToken=b03f5f7f11d50a3a" className="Tests.DiseñoRepositorioTest, Tests, Version=1.0.0.0, Culture=neutral, PublicKeyToken=null" name="actualizarDiseñoTest" />
    </UnitTest>
    <UnitTest name="modificarLineaTest" storage="c:\users\diego\documents\visual studio 2010\projects\uniprof\tests\bin\debug\tests.dll" id="3d34ce3d-2c19-4b40-f3e1-1e5a5ee88a27">
      <Execution id="83687870-4e7f-40b7-a7a1-201e3ee3f103" />
      <TestMethod codeBase="C:/Users/Diego/Documents/Visual Studio 2010/Projects/Uniprof/Tests/bin/Debug/Tests.DLL" adapterTypeName="Microsoft.VisualStudio.TestTools.TestTypes.Unit.UnitTestAdapter, Microsoft.VisualStudio.QualityTools.Tips.UnitTest.Adapter, Version=10.0.0.0, Culture=neutral, PublicKeyToken=b03f5f7f11d50a3a" className="Tests.LineaFacturaTDGTest, Tests, Version=1.0.0.0, Culture=neutral, PublicKeyToken=null" name="modificarLineaTest" />
    </UnitTest>
    <UnitTest name="grabarFacturasTest" storage="c:\users\diego\documents\visual studio 2010\projects\uniprof\tests\bin\debug\tests.dll" id="231d325e-5b2d-4422-b67b-4aed1bbc3f49">
      <Execution id="2d08fdee-1aff-411b-9e11-9081d3f7a39b" />
      <TestMethod codeBase="C:/Users/Diego/Documents/Visual Studio 2010/Projects/Uniprof/Tests/bin/Debug/Tests.DLL" adapterTypeName="Microsoft.VisualStudio.TestTools.TestTypes.Unit.UnitTestAdapter, Microsoft.VisualStudio.QualityTools.Tips.UnitTest.Adapter, Version=10.0.0.0, Culture=neutral, PublicKeyToken=b03f5f7f11d50a3a" className="Tests.FacturaTDGTest, Tests, Version=1.0.0.0, Culture=neutral, PublicKeyToken=null" name="grabarFacturasTest" />
    </UnitTest>
    <UnitTest name="borrarDiseñosTest" storage="c:\users\diego\documents\visual studio 2010\projects\uniprof\tests\bin\debug\tests.dll" id="ab4f6c28-3581-ba0b-4648-93d882bc1ba4">
      <Execution id="71c71df4-3e90-4ffa-804e-83a900b50a92" />
      <TestMethod codeBase="C:/Users/Diego/Documents/Visual Studio 2010/Projects/Uniprof/Tests/bin/Debug/Tests.DLL" adapterTypeName="Microsoft.VisualStudio.TestTools.TestTypes.Unit.UnitTestAdapter, Microsoft.VisualStudio.QualityTools.Tips.UnitTest.Adapter, Version=10.0.0.0, Culture=neutral, PublicKeyToken=b03f5f7f11d50a3a" className="Tests.DiseñoTDGTest, Tests, Version=1.0.0.0, Culture=neutral, PublicKeyToken=null" name="borrarDiseñosTest" />
    </UnitTest>
    <UnitTest name="listarMaquinasTest" storage="c:\users\diego\documents\visual studio 2010\projects\uniprof\tests\bin\debug\tests.dll" id="2a2fd5ee-0dc7-50c0-f1c8-c482f09c9964">
      <Execution id="b8179633-02f4-4b24-ac63-86029860c7da" />
      <TestMethod codeBase="C:/Users/Diego/Documents/Visual Studio 2010/Projects/Uniprof/Tests/bin/Debug/Tests.DLL" adapterTypeName="Microsoft.VisualStudio.TestTools.TestTypes.Unit.UnitTestAdapter, Microsoft.VisualStudio.QualityTools.Tips.UnitTest.Adapter, Version=10.0.0.0, Culture=neutral, PublicKeyToken=b03f5f7f11d50a3a" className="Tests.MaquinaRepositorioTest, Tests, Version=1.0.0.0, Culture=neutral, PublicKeyToken=null" name="listarMaquinasTest" />
    </UnitTest>
    <UnitTest name="grabarFacturaTest" storage="c:\users\diego\documents\visual studio 2010\projects\uniprof\tests\bin\debug\tests.dll" id="e23387f5-cbe9-d2c5-d12c-23a1dbe2d390">
      <Execution id="5dc26234-c834-4a8e-b91e-4cfb5309f824" />
      <TestMethod codeBase="C:/Users/Diego/Documents/Visual Studio 2010/Projects/Uniprof/Tests/bin/Debug/Tests.DLL" adapterTypeName="Microsoft.VisualStudio.TestTools.TestTypes.Unit.UnitTestAdapter, Microsoft.VisualStudio.QualityTools.Tips.UnitTest.Adapter, Version=10.0.0.0, Culture=neutral, PublicKeyToken=b03f5f7f11d50a3a" className="Tests.FacturaBusinessTest, Tests, Version=1.0.0.0, Culture=neutral, PublicKeyToken=null" name="grabarFacturaTest" />
    </UnitTest>
    <UnitTest name="borrarTipoPedidosTest" storage="c:\users\diego\documents\visual studio 2010\projects\uniprof\tests\bin\debug\tests.dll" id="5fd39f80-1bc2-a1e7-8064-c0ed0e813279">
      <Execution id="c16cdcaf-5dc3-4da5-ac68-80ad8260b6a9" />
      <TestMethod codeBase="C:/Users/Diego/Documents/Visual Studio 2010/Projects/Uniprof/Tests/bin/Debug/Tests.DLL" adapterTypeName="Microsoft.VisualStudio.TestTools.TestTypes.Unit.UnitTestAdapter, Microsoft.VisualStudio.QualityTools.Tips.UnitTest.Adapter, Version=10.0.0.0, Culture=neutral, PublicKeyToken=b03f5f7f11d50a3a" className="Tests.TipoPedidoTDGTest, Tests, Version=1.0.0.0, Culture=neutral, PublicKeyToken=null" name="borrarTipoPedidosTest" />
    </UnitTest>
    <UnitTest name="grabarPedidoTest" storage="c:\users\diego\documents\visual studio 2010\projects\uniprof\tests\bin\debug\tests.dll" id="f58b52d0-5450-8dbe-40cd-ee9f7307e372">
      <Execution id="cac2cc2c-6403-4f2f-a43a-176fbc52a688" />
      <TestMethod codeBase="C:/Users/Diego/Documents/Visual Studio 2010/Projects/Uniprof/Tests/bin/Debug/Tests.DLL" adapterTypeName="Microsoft.VisualStudio.TestTools.TestTypes.Unit.UnitTestAdapter, Microsoft.VisualStudio.QualityTools.Tips.UnitTest.Adapter, Version=10.0.0.0, Culture=neutral, PublicKeyToken=b03f5f7f11d50a3a" className="Tests.PedidoRepositorioTest, Tests, Version=1.0.0.0, Culture=neutral, PublicKeyToken=null" name="grabarPedidoTest" />
    </UnitTest>
    <UnitTest name="buscarNewsletterPorNombreTest" storage="c:\users\diego\documents\visual studio 2010\projects\uniprof\tests\bin\debug\tests.dll" id="47f1b7ea-5dbe-ff8b-ee2e-cd35503da3a7">
      <Execution id="84dc0e45-688d-4182-ae2f-96946d3f8311" />
      <TestMethod codeBase="C:/Users/Diego/Documents/Visual Studio 2010/Projects/Uniprof/Tests/bin/Debug/Tests.DLL" adapterTypeName="Microsoft.VisualStudio.TestTools.TestTypes.Unit.UnitTestAdapter, Microsoft.VisualStudio.QualityTools.Tips.UnitTest.Adapter, Version=10.0.0.0, Culture=neutral, PublicKeyToken=b03f5f7f11d50a3a" className="Tests.NewsletterTDGTest, Tests, Version=1.0.0.0, Culture=neutral, PublicKeyToken=null" name="buscarNewsletterPorNombreTest" />
    </UnitTest>
    <UnitTest name="cargarMensajePorConversacionTest" storage="c:\users\diego\documents\visual studio 2010\projects\uniprof\tests\bin\debug\tests.dll" id="4148e9ec-0e25-c6a4-4bc2-03540cd0a990">
      <Execution id="aed71270-561f-4930-8975-920ace3f21d0" />
      <TestMethod codeBase="C:/Users/Diego/Documents/Visual Studio 2010/Projects/Uniprof/Tests/bin/Debug/Tests.DLL" adapterTypeName="Microsoft.VisualStudio.TestTools.TestTypes.Unit.UnitTestAdapter, Microsoft.VisualStudio.QualityTools.Tips.UnitTest.Adapter, Version=10.0.0.0, Culture=neutral, PublicKeyToken=b03f5f7f11d50a3a" className="Tests.MensajeTDGTest, Tests, Version=1.0.0.0, Culture=neutral, PublicKeyToken=null" name="cargarMensajePorConversacionTest" />
    </UnitTest>
    <UnitTest name="buscarArticulosConRestriccionesTest" storage="c:\users\diego\documents\visual studio 2010\projects\uniprof\tests\bin\debug\tests.dll" id="cb854ea1-43fe-4e51-b3cc-ba77c8dba841">
      <Execution id="63fa5427-f80f-4ea1-94e7-933537da37a2" />
      <TestMethod codeBase="C:/Users/Diego/Documents/Visual Studio 2010/Projects/Uniprof/Tests/bin/Debug/Tests.DLL" adapterTypeName="Microsoft.VisualStudio.TestTools.TestTypes.Unit.UnitTestAdapter, Microsoft.VisualStudio.QualityTools.Tips.UnitTest.Adapter, Version=10.0.0.0, Culture=neutral, PublicKeyToken=b03f5f7f11d50a3a" className="Tests.ArticuloTDGTest, Tests, Version=1.0.0.0, Culture=neutral, PublicKeyToken=null" name="buscarArticulosConRestriccionesTest" />
    </UnitTest>
    <UnitTest name="modificarArticulosTest" storage="c:\users\diego\documents\visual studio 2010\projects\uniprof\tests\bin\debug\tests.dll" id="d2623342-49bb-a1e6-2415-8d8bba2b7ac4">
      <Execution id="fe260132-9fe4-4e04-a0dc-fa22dd41aaf2" />
      <TestMethod codeBase="C:/Users/Diego/Documents/Visual Studio 2010/Projects/Uniprof/Tests/bin/Debug/Tests.DLL" adapterTypeName="Microsoft.VisualStudio.TestTools.TestTypes.Unit.UnitTestAdapter, Microsoft.VisualStudio.QualityTools.Tips.UnitTest.Adapter, Version=10.0.0.0, Culture=neutral, PublicKeyToken=b03f5f7f11d50a3a" className="Tests.ArticuloTDGTest, Tests, Version=1.0.0.0, Culture=neutral, PublicKeyToken=null" name="modificarArticulosTest" />
    </UnitTest>
    <UnitTest name="borrarNewsletterTest" storage="c:\users\diego\documents\visual studio 2010\projects\uniprof\tests\bin\debug\tests.dll" id="64c5f523-bd77-dde6-863d-1ca40834d636">
      <Execution id="46f0c6ae-7392-4b50-9c4f-42150c55db13" />
      <TestMethod codeBase="C:/Users/Diego/Documents/Visual Studio 2010/Projects/Uniprof/Tests/bin/Debug/Tests.DLL" adapterTypeName="Microsoft.VisualStudio.TestTools.TestTypes.Unit.UnitTestAdapter, Microsoft.VisualStudio.QualityTools.Tips.UnitTest.Adapter, Version=10.0.0.0, Culture=neutral, PublicKeyToken=b03f5f7f11d50a3a" className="Tests.NewsletterRepositorioTest, Tests, Version=1.0.0.0, Culture=neutral, PublicKeyToken=null" name="borrarNewsletterTest" />
    </UnitTest>
    <UnitTest name="crearNuevaMaquinaTest" storage="c:\users\diego\documents\visual studio 2010\projects\uniprof\tests\bin\debug\tests.dll" id="0826b7aa-fcce-4d97-453d-e58eb4a27a97">
      <Execution id="8517c506-cd67-4275-a50f-f878c7b10fc5" />
      <TestMethod codeBase="C:/Users/Diego/Documents/Visual Studio 2010/Projects/Uniprof/Tests/bin/Debug/Tests.DLL" adapterTypeName="Microsoft.VisualStudio.TestTools.TestTypes.Unit.UnitTestAdapter, Microsoft.VisualStudio.QualityTools.Tips.UnitTest.Adapter, Version=10.0.0.0, Culture=neutral, PublicKeyToken=b03f5f7f11d50a3a" className="Tests.MaterialesBusinessTest, Tests, Version=1.0.0.0, Culture=neutral, PublicKeyToken=null" name="crearNuevaMaquinaTest" />
    </UnitTest>
    <UnitTest name="actualizaFacturaTest" storage="c:\users\diego\documents\visual studio 2010\projects\uniprof\tests\bin\debug\tests.dll" id="dd5a8b39-7328-3edd-3658-5787ac153d19">
      <Execution id="2306a5d2-10cc-4d86-ab1f-ece2243516d4" />
      <TestMethod codeBase="C:/Users/Diego/Documents/Visual Studio 2010/Projects/Uniprof/Tests/bin/Debug/Tests.DLL" adapterTypeName="Microsoft.VisualStudio.TestTools.TestTypes.Unit.UnitTestAdapter, Microsoft.VisualStudio.QualityTools.Tips.UnitTest.Adapter, Version=10.0.0.0, Culture=neutral, PublicKeyToken=b03f5f7f11d50a3a" className="Tests.FacturaBusinessTest, Tests, Version=1.0.0.0, Culture=neutral, PublicKeyToken=null" name="actualizaFacturaTest" />
    </UnitTest>
    <UnitTest name="modificarLineaTest" storage="c:\users\diego\documents\visual studio 2010\projects\uniprof\tests\bin\debug\tests.dll" id="0533de1e-bd84-9f46-95b5-950bf92951b0">
      <Execution id="00b4b411-78aa-4984-8b7b-f1c278d7f1f8" />
      <TestMethod codeBase="C:/Users/Diego/Documents/Visual Studio 2010/Projects/Uniprof/Tests/bin/Debug/Tests.DLL" adapterTypeName="Microsoft.VisualStudio.TestTools.TestTypes.Unit.UnitTestAdapter, Microsoft.VisualStudio.QualityTools.Tips.UnitTest.Adapter, Version=10.0.0.0, Culture=neutral, PublicKeyToken=b03f5f7f11d50a3a" className="Tests.LineaOrdenDeCompraTDGTest, Tests, Version=1.0.0.0, Culture=neutral, PublicKeyToken=null" name="modificarLineaTest" />
    </UnitTest>
    <UnitTest name="obtenerArticulosFrecuentesTest" storage="c:\users\diego\documents\visual studio 2010\projects\uniprof\tests\bin\debug\tests.dll" id="48945e0f-871f-2510-b1ef-49518a731b66">
      <Execution id="07cf3bab-727b-4973-843c-c61209bd51ca" />
      <TestMethod codeBase="C:/Users/Diego/Documents/Visual Studio 2010/Projects/Uniprof/Tests/bin/Debug/Tests.DLL" adapterTypeName="Microsoft.VisualStudio.TestTools.TestTypes.Unit.UnitTestAdapter, Microsoft.VisualStudio.QualityTools.Tips.UnitTest.Adapter, Version=10.0.0.0, Culture=neutral, PublicKeyToken=b03f5f7f11d50a3a" className="Tests.ArticuloRepositorioTest, Tests, Version=1.0.0.0, Culture=neutral, PublicKeyToken=null" name="obtenerArticulosFrecuentesTest" />
    </UnitTest>
    <UnitTest name="buscarEncuestaTest" storage="c:\users\diego\documents\visual studio 2010\projects\uniprof\tests\bin\debug\tests.dll" id="5627da22-d5e7-edd9-24c7-79ea0acd3bdb">
      <Execution id="994cf613-9468-4ba4-895a-670fa9ccf229" />
      <TestMethod codeBase="C:/Users/Diego/Documents/Visual Studio 2010/Projects/Uniprof/Tests/bin/Debug/Tests.DLL" adapterTypeName="Microsoft.VisualStudio.TestTools.TestTypes.Unit.UnitTestAdapter, Microsoft.VisualStudio.QualityTools.Tips.UnitTest.Adapter, Version=10.0.0.0, Culture=neutral, PublicKeyToken=b03f5f7f11d50a3a" className="Tests.EncuestaTDGTest, Tests, Version=1.0.0.0, Culture=neutral, PublicKeyToken=null" name="buscarEncuestaTest" />
    </UnitTest>
    <UnitTest name="buscarDiseñoPorClienteTest" storage="c:\users\diego\documents\visual studio 2010\projects\uniprof\tests\bin\debug\tests.dll" id="8ef58195-4b27-3ad6-c671-969e36dd1c6a">
      <Execution id="71255863-15a0-4ea9-ada3-585b58f4c8f1" />
      <TestMethod codeBase="C:/Users/Diego/Documents/Visual Studio 2010/Projects/Uniprof/Tests/bin/Debug/Tests.DLL" adapterTypeName="Microsoft.VisualStudio.TestTools.TestTypes.Unit.UnitTestAdapter, Microsoft.VisualStudio.QualityTools.Tips.UnitTest.Adapter, Version=10.0.0.0, Culture=neutral, PublicKeyToken=b03f5f7f11d50a3a" className="Tests.DiseñoBusinessTest, Tests, Version=1.0.0.0, Culture=neutral, PublicKeyToken=null" name="buscarDiseñoPorClienteTest" />
    </UnitTest>
    <UnitTest name="grabarOrdenDeCompraTest" storage="c:\users\diego\documents\visual studio 2010\projects\uniprof\tests\bin\debug\tests.dll" id="8c641761-f8ac-ef3e-efbe-0d44137ab9ce">
      <Execution id="700aae41-1cc0-4323-b67d-20bc98a907a3" />
      <TestMethod codeBase="C:/Users/Diego/Documents/Visual Studio 2010/Projects/Uniprof/Tests/bin/Debug/Tests.DLL" adapterTypeName="Microsoft.VisualStudio.TestTools.TestTypes.Unit.UnitTestAdapter, Microsoft.VisualStudio.QualityTools.Tips.UnitTest.Adapter, Version=10.0.0.0, Culture=neutral, PublicKeyToken=b03f5f7f11d50a3a" className="Tests.OrdenCompraBusinessTest, Tests, Version=1.0.0.0, Culture=neutral, PublicKeyToken=null" name="grabarOrdenDeCompraTest" />
    </UnitTest>
    <UnitTest name="listarProduccionPorEstadoTest" storage="c:\users\diego\documents\visual studio 2010\projects\uniprof\tests\bin\debug\tests.dll" id="2e92c0a7-eb38-f9b0-56bc-708e3a1e95b2">
      <Execution id="683f02cb-07a1-42e5-83eb-4e0e25bce9f7" />
      <TestMethod codeBase="C:/Users/Diego/Documents/Visual Studio 2010/Projects/Uniprof/Tests/bin/Debug/Tests.DLL" adapterTypeName="Microsoft.VisualStudio.TestTools.TestTypes.Unit.UnitTestAdapter, Microsoft.VisualStudio.QualityTools.Tips.UnitTest.Adapter, Version=10.0.0.0, Culture=neutral, PublicKeyToken=b03f5f7f11d50a3a" className="Tests.ProduccionBusinessTest, Tests, Version=1.0.0.0, Culture=neutral, PublicKeyToken=null" name="listarProduccionPorEstadoTest" />
    </UnitTest>
    <UnitTest name="calcularDistanciaEntreTrabajosTest3" storage="c:\users\diego\documents\visual studio 2010\projects\uniprof\tests\bin\debug\tests.dll" id="da9d278a-cb0f-a51b-e352-ed20685028b9">
      <Execution id="9d2646f0-4a09-4385-bfdd-166013566a65" />
      <TestMethod codeBase="C:/Users/Diego/Documents/Visual Studio 2010/Projects/Uniprof/Tests/bin/Debug/Tests.DLL" adapterTypeName="Microsoft.VisualStudio.TestTools.TestTypes.Unit.UnitTestAdapter, Microsoft.VisualStudio.QualityTools.Tips.UnitTest.Adapter, Version=10.0.0.0, Culture=neutral, PublicKeyToken=b03f5f7f11d50a3a" className="Tests.ProduccionBusinessTest, Tests, Version=1.0.0.0, Culture=neutral, PublicKeyToken=null" name="calcularDistanciaEntreTrabajosTest3" />
    </UnitTest>
    <UnitTest name="listarUsuariosTest" storage="c:\users\diego\documents\visual studio 2010\projects\uniprof\tests\bin\debug\tests.dll" id="601e990e-751d-e263-ef32-4be40187ef20">
      <Execution id="e0bbd99e-aca1-4689-af8a-ea605b094922" />
      <TestMethod codeBase="C:/Users/Diego/Documents/Visual Studio 2010/Projects/Uniprof/Tests/bin/Debug/Tests.DLL" adapterTypeName="Microsoft.VisualStudio.TestTools.TestTypes.Unit.UnitTestAdapter, Microsoft.VisualStudio.QualityTools.Tips.UnitTest.Adapter, Version=10.0.0.0, Culture=neutral, PublicKeyToken=b03f5f7f11d50a3a" className="Tests.UsuarioBusinessTest, Tests, Version=1.0.0.0, Culture=neutral, PublicKeyToken=null" name="listarUsuariosTest" />
    </UnitTest>
    <UnitTest name="listarProduccionConRestriccionesTest" storage="c:\users\diego\documents\visual studio 2010\projects\uniprof\tests\bin\debug\tests.dll" id="0d0b6b4c-3d42-300a-bac7-fbab5e0b6cc5">
      <Execution id="980bb480-2048-4b11-9bd4-2e8c1a234c0e" />
      <TestMethod codeBase="C:/Users/Diego/Documents/Visual Studio 2010/Projects/Uniprof/Tests/bin/Debug/Tests.DLL" adapterTypeName="Microsoft.VisualStudio.TestTools.TestTypes.Unit.UnitTestAdapter, Microsoft.VisualStudio.QualityTools.Tips.UnitTest.Adapter, Version=10.0.0.0, Culture=neutral, PublicKeyToken=b03f5f7f11d50a3a" className="Tests.ProduccionRepositorioTest, Tests, Version=1.0.0.0, Culture=neutral, PublicKeyToken=null" name="listarProduccionConRestriccionesTest" />
    </UnitTest>
    <UnitTest name="actualizarProduccionOperadorTDGTest" storage="c:\users\diego\documents\visual studio 2010\projects\uniprof\tests\bin\debug\tests.dll" id="81b50b2a-4878-5c02-6765-8402ba293155">
      <Execution id="4a649730-f363-4f5a-8b27-0ca7d6e13ff1" />
      <TestMethod codeBase="C:/Users/Diego/Documents/Visual Studio 2010/Projects/Uniprof/Tests/bin/Debug/Tests.DLL" adapterTypeName="Microsoft.VisualStudio.TestTools.TestTypes.Unit.UnitTestAdapter, Microsoft.VisualStudio.QualityTools.Tips.UnitTest.Adapter, Version=10.0.0.0, Culture=neutral, PublicKeyToken=b03f5f7f11d50a3a" className="Tests.ProduccionOperadorTDGTest, Tests, Version=1.0.0.0, Culture=neutral, PublicKeyToken=null" name="actualizarProduccionOperadorTDGTest" />
    </UnitTest>
    <UnitTest name="listarFamliasTest" storage="c:\users\diego\documents\visual studio 2010\projects\uniprof\tests\bin\debug\tests.dll" id="147439b4-00a7-f2cb-1dec-6270bffba92e">
      <Execution id="5172f27f-a289-435b-afbf-21c2477d8098" />
      <TestMethod codeBase="C:/Users/Diego/Documents/Visual Studio 2010/Projects/Uniprof/Tests/bin/Debug/Tests.DLL" adapterTypeName="Microsoft.VisualStudio.TestTools.TestTypes.Unit.UnitTestAdapter, Microsoft.VisualStudio.QualityTools.Tips.UnitTest.Adapter, Version=10.0.0.0, Culture=neutral, PublicKeyToken=b03f5f7f11d50a3a" className="Tests.FamiliaBusinessTest, Tests, Version=1.0.0.0, Culture=neutral, PublicKeyToken=null" name="listarFamliasTest" />
    </UnitTest>
    <UnitTest name="listarProduccionConRestriccionesTest" storage="c:\users\diego\documents\visual studio 2010\projects\uniprof\tests\bin\debug\tests.dll" id="3222f04f-3bb8-b915-7622-11e1c846763f">
      <Execution id="e9430ff5-7709-4d52-a300-653b6842a050" />
      <TestMethod codeBase="C:/Users/Diego/Documents/Visual Studio 2010/Projects/Uniprof/Tests/bin/Debug/Tests.DLL" adapterTypeName="Microsoft.VisualStudio.TestTools.TestTypes.Unit.UnitTestAdapter, Microsoft.VisualStudio.QualityTools.Tips.UnitTest.Adapter, Version=10.0.0.0, Culture=neutral, PublicKeyToken=b03f5f7f11d50a3a" className="Tests.ProduccionBusinessTest, Tests, Version=1.0.0.0, Culture=neutral, PublicKeyToken=null" name="listarProduccionConRestriccionesTest" />
    </UnitTest>
    <UnitTest name="buscarOperadoresTest" storage="c:\users\diego\documents\visual studio 2010\projects\uniprof\tests\bin\debug\tests.dll" id="cab5d754-b046-c047-88d8-b763f582d340">
      <Execution id="7535b6e6-06e2-442f-8dbc-f726980210eb" />
      <TestMethod codeBase="C:/Users/Diego/Documents/Visual Studio 2010/Projects/Uniprof/Tests/bin/Debug/Tests.DLL" adapterTypeName="Microsoft.VisualStudio.TestTools.TestTypes.Unit.UnitTestAdapter, Microsoft.VisualStudio.QualityTools.Tips.UnitTest.Adapter, Version=10.0.0.0, Culture=neutral, PublicKeyToken=b03f5f7f11d50a3a" className="Tests.OperadorTDGTest, Tests, Version=1.0.0.0, Culture=neutral, PublicKeyToken=null" name="buscarOperadoresTest" />
    </UnitTest>
    <UnitTest name="actualizarMovimientoTest" storage="c:\users\diego\documents\visual studio 2010\projects\uniprof\tests\bin\debug\tests.dll" id="04a946fc-19a1-d283-10d5-49de1068346e">
      <Execution id="2a9a9919-e1e0-4a5f-8283-7aa9cc22c4e4" />
      <TestMethod codeBase="C:/Users/Diego/Documents/Visual Studio 2010/Projects/Uniprof/Tests/bin/Debug/Tests.DLL" adapterTypeName="Microsoft.VisualStudio.TestTools.TestTypes.Unit.UnitTestAdapter, Microsoft.VisualStudio.QualityTools.Tips.UnitTest.Adapter, Version=10.0.0.0, Culture=neutral, PublicKeyToken=b03f5f7f11d50a3a" className="Tests.MovimientoClienteBusinessTest, Tests, Version=1.0.0.0, Culture=neutral, PublicKeyToken=null" name="actualizarMovimientoTest" />
    </UnitTest>
    <UnitTest name="buscarArticulosTest" storage="c:\users\diego\documents\visual studio 2010\projects\uniprof\tests\bin\debug\tests.dll" id="e174714d-b5ae-6791-7e05-a6dae00c0681">
      <Execution id="06105743-cdea-47a2-8f90-335ceed9ec4f" />
      <TestMethod codeBase="C:/Users/Diego/Documents/Visual Studio 2010/Projects/Uniprof/Tests/bin/Debug/Tests.DLL" adapterTypeName="Microsoft.VisualStudio.TestTools.TestTypes.Unit.UnitTestAdapter, Microsoft.VisualStudio.QualityTools.Tips.UnitTest.Adapter, Version=10.0.0.0, Culture=neutral, PublicKeyToken=b03f5f7f11d50a3a" className="Tests.ArticuloTDGTest, Tests, Version=1.0.0.0, Culture=neutral, PublicKeyToken=null" name="buscarArticulosTest" />
    </UnitTest>
    <UnitTest name="modificarFacturasTest" storage="c:\users\diego\documents\visual studio 2010\projects\uniprof\tests\bin\debug\tests.dll" id="d6d7a27e-0988-cf60-1910-ee6f0eb6cf75">
      <Execution id="885f7e5a-cb77-412c-aacc-c66675d9c577" />
      <TestMethod codeBase="C:/Users/Diego/Documents/Visual Studio 2010/Projects/Uniprof/Tests/bin/Debug/Tests.DLL" adapterTypeName="Microsoft.VisualStudio.TestTools.TestTypes.Unit.UnitTestAdapter, Microsoft.VisualStudio.QualityTools.Tips.UnitTest.Adapter, Version=10.0.0.0, Culture=neutral, PublicKeyToken=b03f5f7f11d50a3a" className="Tests.FacturaTDGTest, Tests, Version=1.0.0.0, Culture=neutral, PublicKeyToken=null" name="modificarFacturasTest" />
    </UnitTest>
    <UnitTest name="listarInsumosPorColorTest" storage="c:\users\diego\documents\visual studio 2010\projects\uniprof\tests\bin\debug\tests.dll" id="2ff4ab24-8ba8-c855-2fbb-5316fd166e9f">
      <Execution id="0f59f25b-1c60-497c-ab0f-5c84eeff00f3" />
      <TestMethod codeBase="C:/Users/Diego/Documents/Visual Studio 2010/Projects/Uniprof/Tests/bin/Debug/Tests.DLL" adapterTypeName="Microsoft.VisualStudio.TestTools.TestTypes.Unit.UnitTestAdapter, Microsoft.VisualStudio.QualityTools.Tips.UnitTest.Adapter, Version=10.0.0.0, Culture=neutral, PublicKeyToken=b03f5f7f11d50a3a" className="Tests.InsumoRepositorioTest, Tests, Version=1.0.0.0, Culture=neutral, PublicKeyToken=null" name="listarInsumosPorColorTest" />
    </UnitTest>
    <UnitTest name="actualizarTipoPedidosTest" storage="c:\users\diego\documents\visual studio 2010\projects\uniprof\tests\bin\debug\tests.dll" id="bbf04cdd-f777-915a-4f82-d89d0fb3c21c">
      <Execution id="1c9744d7-b7dc-49f8-8f85-af81fa7515a9" />
      <TestMethod codeBase="C:/Users/Diego/Documents/Visual Studio 2010/Projects/Uniprof/Tests/bin/Debug/Tests.DLL" adapterTypeName="Microsoft.VisualStudio.TestTools.TestTypes.Unit.UnitTestAdapter, Microsoft.VisualStudio.QualityTools.Tips.UnitTest.Adapter, Version=10.0.0.0, Culture=neutral, PublicKeyToken=b03f5f7f11d50a3a" className="Tests.TipoPedidoTDGTest, Tests, Version=1.0.0.0, Culture=neutral, PublicKeyToken=null" name="actualizarTipoPedidosTest" />
    </UnitTest>
    <UnitTest name="borrarArticuloTest" storage="c:\users\diego\documents\visual studio 2010\projects\uniprof\tests\bin\debug\tests.dll" id="43cb51cd-66eb-181b-064e-18bf81c14a68">
      <Execution id="e059d1c4-0e53-4c4f-b7b4-f53f901593c8" />
      <TestMethod codeBase="C:/Users/Diego/Documents/Visual Studio 2010/Projects/Uniprof/Tests/bin/Debug/Tests.DLL" adapterTypeName="Microsoft.VisualStudio.TestTools.TestTypes.Unit.UnitTestAdapter, Microsoft.VisualStudio.QualityTools.Tips.UnitTest.Adapter, Version=10.0.0.0, Culture=neutral, PublicKeyToken=b03f5f7f11d50a3a" className="Tests.ArticuloBusinessTest, Tests, Version=1.0.0.0, Culture=neutral, PublicKeyToken=null" name="borrarArticuloTest" />
    </UnitTest>
    <UnitTest name="cargarFamiliasTest" storage="c:\users\diego\documents\visual studio 2010\projects\uniprof\tests\bin\debug\tests.dll" id="c6f9c8d4-b42f-f506-2486-8ec3f82f78d3">
      <Execution id="5c2635d3-1842-442b-b3d5-b11f51b34698" />
      <TestMethod codeBase="C:/Users/Diego/Documents/Visual Studio 2010/Projects/Uniprof/Tests/bin/Debug/Tests.DLL" adapterTypeName="Microsoft.VisualStudio.TestTools.TestTypes.Unit.UnitTestAdapter, Microsoft.VisualStudio.QualityTools.Tips.UnitTest.Adapter, Version=10.0.0.0, Culture=neutral, PublicKeyToken=b03f5f7f11d50a3a" className="Tests.FamiliaTDGTest, Tests, Version=1.0.0.0, Culture=neutral, PublicKeyToken=null" name="cargarFamiliasTest" />
    </UnitTest>
    <UnitTest name="grabarNewsletterTest" storage="c:\users\diego\documents\visual studio 2010\projects\uniprof\tests\bin\debug\tests.dll" id="b28eae18-99f0-9519-6256-d75c3d089452">
      <Execution id="a10126df-0ada-4f0a-8468-28382f6ceea7" />
      <TestMethod codeBase="C:/Users/Diego/Documents/Visual Studio 2010/Projects/Uniprof/Tests/bin/Debug/Tests.DLL" adapterTypeName="Microsoft.VisualStudio.TestTools.TestTypes.Unit.UnitTestAdapter, Microsoft.VisualStudio.QualityTools.Tips.UnitTest.Adapter, Version=10.0.0.0, Culture=neutral, PublicKeyToken=b03f5f7f11d50a3a" className="Tests.NewsletterBusinessTest, Tests, Version=1.0.0.0, Culture=neutral, PublicKeyToken=null" name="grabarNewsletterTest" />
    </UnitTest>
    <UnitTest name="ListarPrendasTest" storage="c:\users\diego\documents\visual studio 2010\projects\uniprof\tests\bin\debug\tests.dll" id="c1679918-c36e-2cbe-87a9-96506a9b38f9">
      <Execution id="6c3f1681-b8f8-4eb9-8fea-0c5e9386ff98" />
      <TestMethod codeBase="C:/Users/Diego/Documents/Visual Studio 2010/Projects/Uniprof/Tests/bin/Debug/Tests.DLL" adapterTypeName="Microsoft.VisualStudio.TestTools.TestTypes.Unit.UnitTestAdapter, Microsoft.VisualStudio.QualityTools.Tips.UnitTest.Adapter, Version=10.0.0.0, Culture=neutral, PublicKeyToken=b03f5f7f11d50a3a" className="Tests.TipoPrendaRepositorioTest, Tests, Version=1.0.0.0, Culture=neutral, PublicKeyToken=null" name="ListarPrendasTest" />
    </UnitTest>
    <UnitTest name="grabarMovimientoTest" storage="c:\users\diego\documents\visual studio 2010\projects\uniprof\tests\bin\debug\tests.dll" id="aa08efca-9836-e946-b0ea-6d46d0e78977">
      <Execution id="9eaf8d51-d24b-4c93-a786-b1aadbfe2999" />
      <TestMethod codeBase="C:/Users/Diego/Documents/Visual Studio 2010/Projects/Uniprof/Tests/bin/Debug/Tests.DLL" adapterTypeName="Microsoft.VisualStudio.TestTools.TestTypes.Unit.UnitTestAdapter, Microsoft.VisualStudio.QualityTools.Tips.UnitTest.Adapter, Version=10.0.0.0, Culture=neutral, PublicKeyToken=b03f5f7f11d50a3a" className="Tests.MovimientoCuentaProveedorRepositorioTest, Tests, Version=1.0.0.0, Culture=neutral, PublicKeyToken=null" name="grabarMovimientoTest" />
    </UnitTest>
    <UnitTest name="grabarProveedorTest" storage="c:\users\diego\documents\visual studio 2010\projects\uniprof\tests\bin\debug\tests.dll" id="8d735e5a-f52c-96a5-4bed-a99c0526014e">
      <Execution id="9a0b4d96-234f-4ea0-9e0c-1df2747615b2" />
      <TestMethod codeBase="C:/Users/Diego/Documents/Visual Studio 2010/Projects/Uniprof/Tests/bin/Debug/Tests.DLL" adapterTypeName="Microsoft.VisualStudio.TestTools.TestTypes.Unit.UnitTestAdapter, Microsoft.VisualStudio.QualityTools.Tips.UnitTest.Adapter, Version=10.0.0.0, Culture=neutral, PublicKeyToken=b03f5f7f11d50a3a" className="Tests.ProveedorTDGTest, Tests, Version=1.0.0.0, Culture=neutral, PublicKeyToken=null" name="grabarProveedorTest" />
    </UnitTest>
    <UnitTest name="cargarPatentesPorFamiliaTest" storage="c:\users\diego\documents\visual studio 2010\projects\uniprof\tests\bin\debug\tests.dll" id="16ffbd3f-3aee-beef-202b-0a5edf0b4c4f">
      <Execution id="a2925584-c78c-45ca-ae56-8143f0861d8d" />
      <TestMethod codeBase="C:/Users/Diego/Documents/Visual Studio 2010/Projects/Uniprof/Tests/bin/Debug/Tests.DLL" adapterTypeName="Microsoft.VisualStudio.TestTools.TestTypes.Unit.UnitTestAdapter, Microsoft.VisualStudio.QualityTools.Tips.UnitTest.Adapter, Version=10.0.0.0, Culture=neutral, PublicKeyToken=b03f5f7f11d50a3a" className="Tests.PatenteRepositorioTest, Tests, Version=1.0.0.0, Culture=neutral, PublicKeyToken=null" name="cargarPatentesPorFamiliaTest" />
    </UnitTest>
    <UnitTest name="actualizarUsuarioTest" storage="c:\users\diego\documents\visual studio 2010\projects\uniprof\tests\bin\debug\tests.dll" id="70dba011-1aa4-3fb1-b8c2-fb8d0666bd55">
      <Execution id="9fa07308-933c-465e-88a0-98120b1436eb" />
      <TestMethod codeBase="C:/Users/Diego/Documents/Visual Studio 2010/Projects/Uniprof/Tests/bin/Debug/Tests.DLL" adapterTypeName="Microsoft.VisualStudio.TestTools.TestTypes.Unit.UnitTestAdapter, Microsoft.VisualStudio.QualityTools.Tips.UnitTest.Adapter, Version=10.0.0.0, Culture=neutral, PublicKeyToken=b03f5f7f11d50a3a" className="Tests.ClienteTDGTest, Tests, Version=1.0.0.0, Culture=neutral, PublicKeyToken=null" name="actualizarUsuarioTest" />
    </UnitTest>
    <UnitTest name="cargarClientePorFacturaTest" storage="c:\users\diego\documents\visual studio 2010\projects\uniprof\tests\bin\debug\tests.dll" id="cc6fe6c4-963e-60ba-9611-8e531f6502c5">
      <Execution id="3612664a-a4ad-453e-80b4-4ce73b64cf7e" />
      <TestMethod codeBase="C:/Users/Diego/Documents/Visual Studio 2010/Projects/Uniprof/Tests/bin/Debug/Tests.DLL" adapterTypeName="Microsoft.VisualStudio.TestTools.TestTypes.Unit.UnitTestAdapter, Microsoft.VisualStudio.QualityTools.Tips.UnitTest.Adapter, Version=10.0.0.0, Culture=neutral, PublicKeyToken=b03f5f7f11d50a3a" className="Tests.ClienteTDGTest, Tests, Version=1.0.0.0, Culture=neutral, PublicKeyToken=null" name="cargarClientePorFacturaTest" />
    </UnitTest>
    <UnitTest name="buscarInsumosConRestriccionesTest" storage="c:\users\diego\documents\visual studio 2010\projects\uniprof\tests\bin\debug\tests.dll" id="590fbd59-b150-d4b9-6a37-e409519e63c2">
      <Execution id="4acacda0-e9c1-4126-ad05-deca08bbe2c8" />
      <TestMethod codeBase="C:/Users/Diego/Documents/Visual Studio 2010/Projects/Uniprof/Tests/bin/Debug/Tests.DLL" adapterTypeName="Microsoft.VisualStudio.TestTools.TestTypes.Unit.UnitTestAdapter, Microsoft.VisualStudio.QualityTools.Tips.UnitTest.Adapter, Version=10.0.0.0, Culture=neutral, PublicKeyToken=b03f5f7f11d50a3a" className="Tests.InsumoTDGTest, Tests, Version=1.0.0.0, Culture=neutral, PublicKeyToken=null" name="buscarInsumosConRestriccionesTest" />
    </UnitTest>
    <UnitTest name="agregarPatenteTest" storage="c:\users\diego\documents\visual studio 2010\projects\uniprof\tests\bin\debug\tests.dll" id="e27be593-1d5d-4e60-f221-5154b5c9193c">
      <Execution id="d8d8ea8b-27ec-4e0f-b56c-a57b868bf2f8" />
      <TestMethod codeBase="C:/Users/Diego/Documents/Visual Studio 2010/Projects/Uniprof/Tests/bin/Debug/Tests.DLL" adapterTypeName="Microsoft.VisualStudio.TestTools.TestTypes.Unit.UnitTestAdapter, Microsoft.VisualStudio.QualityTools.Tips.UnitTest.Adapter, Version=10.0.0.0, Culture=neutral, PublicKeyToken=b03f5f7f11d50a3a" className="Tests.FamiliaTDGTest, Tests, Version=1.0.0.0, Culture=neutral, PublicKeyToken=null" name="agregarPatenteTest" />
    </UnitTest>
    <UnitTest name="buscarPrimerosHuecosMaquinaTest" storage="c:\users\diego\documents\visual studio 2010\projects\uniprof\tests\bin\debug\tests.dll" id="58008e3d-a662-382f-b6bd-ea56db2d0729">
      <Execution id="c9d9b408-7716-46ea-b461-7f0c97a865a3" />
      <TestMethod codeBase="C:/Users/Diego/Documents/Visual Studio 2010/Projects/Uniprof/Tests/bin/Debug/Tests.DLL" adapterTypeName="Microsoft.VisualStudio.TestTools.TestTypes.Unit.UnitTestAdapter, Microsoft.VisualStudio.QualityTools.Tips.UnitTest.Adapter, Version=10.0.0.0, Culture=neutral, PublicKeyToken=b03f5f7f11d50a3a" className="Tests.ProduccionBusinessTest, Tests, Version=1.0.0.0, Culture=neutral, PublicKeyToken=null" name="buscarPrimerosHuecosMaquinaTest" />
    </UnitTest>
    <UnitTest name="bloquearUsuarioTest" storage="c:\users\diego\documents\visual studio 2010\projects\uniprof\tests\bin\debug\tests.dll" id="a5c2a138-5bc5-66da-7c2e-bc96b13a556b">
      <Execution id="931f68bb-293b-4e04-9a35-e697ed2bba7d" />
      <TestMethod codeBase="C:/Users/Diego/Documents/Visual Studio 2010/Projects/Uniprof/Tests/bin/Debug/Tests.DLL" adapterTypeName="Microsoft.VisualStudio.TestTools.TestTypes.Unit.UnitTestAdapter, Microsoft.VisualStudio.QualityTools.Tips.UnitTest.Adapter, Version=10.0.0.0, Culture=neutral, PublicKeyToken=b03f5f7f11d50a3a" className="Tests.UsuarioBusinessTest, Tests, Version=1.0.0.0, Culture=neutral, PublicKeyToken=null" name="bloquearUsuarioTest" />
    </UnitTest>
    <UnitTest name="buscarEstadosTest" storage="c:\users\diego\documents\visual studio 2010\projects\uniprof\tests\bin\debug\tests.dll" id="beb08e30-b8b0-b48e-c515-c7a8586c6e54">
      <Execution id="8465711f-becb-48ab-8721-41efe99affbb" />
      <TestMethod codeBase="C:/Users/Diego/Documents/Visual Studio 2010/Projects/Uniprof/Tests/bin/Debug/Tests.DLL" adapterTypeName="Microsoft.VisualStudio.TestTools.TestTypes.Unit.UnitTestAdapter, Microsoft.VisualStudio.QualityTools.Tips.UnitTest.Adapter, Version=10.0.0.0, Culture=neutral, PublicKeyToken=b03f5f7f11d50a3a" className="Tests.EstadoDiseñoTDGTest, Tests, Version=1.0.0.0, Culture=neutral, PublicKeyToken=null" name="buscarEstadosTest" />
    </UnitTest>
    <UnitTest name="actualizarInsumoTest" storage="c:\users\diego\documents\visual studio 2010\projects\uniprof\tests\bin\debug\tests.dll" id="1a2eb27e-5a5f-d0a1-8888-804cc861f69e">
      <Execution id="a2f81906-6a83-44b1-a526-de968b210405" />
      <TestMethod codeBase="C:/Users/Diego/Documents/Visual Studio 2010/Projects/Uniprof/Tests/bin/Debug/Tests.DLL" adapterTypeName="Microsoft.VisualStudio.TestTools.TestTypes.Unit.UnitTestAdapter, Microsoft.VisualStudio.QualityTools.Tips.UnitTest.Adapter, Version=10.0.0.0, Culture=neutral, PublicKeyToken=b03f5f7f11d50a3a" className="Tests.InsumoBusinessTest, Tests, Version=1.0.0.0, Culture=neutral, PublicKeyToken=null" name="actualizarInsumoTest" />
    </UnitTest>
    <UnitTest name="listarInsumosPorColorTest" storage="c:\users\diego\documents\visual studio 2010\projects\uniprof\tests\bin\debug\tests.dll" id="8a0dd9bc-7acf-b95a-4187-a00b7726fa73">
      <Execution id="334ba078-8bb4-4b61-8f41-9fa6409bd5fd" />
      <TestMethod codeBase="C:/Users/Diego/Documents/Visual Studio 2010/Projects/Uniprof/Tests/bin/Debug/Tests.DLL" adapterTypeName="Microsoft.VisualStudio.TestTools.TestTypes.Unit.UnitTestAdapter, Microsoft.VisualStudio.QualityTools.Tips.UnitTest.Adapter, Version=10.0.0.0, Culture=neutral, PublicKeyToken=b03f5f7f11d50a3a" className="Tests.InsumoBusinessTest, Tests, Version=1.0.0.0, Culture=neutral, PublicKeyToken=null" name="listarInsumosPorColorTest" />
    </UnitTest>
    <UnitTest name="cargarUsuarioPorIdTest" storage="c:\users\diego\documents\visual studio 2010\projects\uniprof\tests\bin\debug\tests.dll" id="ecaad254-0b1d-a420-c28a-c8ca0ba7c959">
      <Execution id="a449f0a7-4f7d-447c-9671-6b24ac70ef64" />
      <TestMethod codeBase="C:/Users/Diego/Documents/Visual Studio 2010/Projects/Uniprof/Tests/bin/Debug/Tests.DLL" adapterTypeName="Microsoft.VisualStudio.TestTools.TestTypes.Unit.UnitTestAdapter, Microsoft.VisualStudio.QualityTools.Tips.UnitTest.Adapter, Version=10.0.0.0, Culture=neutral, PublicKeyToken=b03f5f7f11d50a3a" className="Tests.UsuarioRepositorioTest, Tests, Version=1.0.0.0, Culture=neutral, PublicKeyToken=null" name="cargarUsuarioPorIdTest" />
    </UnitTest>
    <UnitTest name="borrarUsuarioTest" storage="c:\users\diego\documents\visual studio 2010\projects\uniprof\tests\bin\debug\tests.dll" id="364ee525-fb4e-4236-05f2-99b03bc282b2">
      <Execution id="24a93efe-0d6e-4224-8b52-739a03885103" />
      <TestMethod codeBase="C:/Users/Diego/Documents/Visual Studio 2010/Projects/Uniprof/Tests/bin/Debug/Tests.DLL" adapterTypeName="Microsoft.VisualStudio.TestTools.TestTypes.Unit.UnitTestAdapter, Microsoft.VisualStudio.QualityTools.Tips.UnitTest.Adapter, Version=10.0.0.0, Culture=neutral, PublicKeyToken=b03f5f7f11d50a3a" className="Tests.ClienteTDGTest, Tests, Version=1.0.0.0, Culture=neutral, PublicKeyToken=null" name="borrarUsuarioTest" />
    </UnitTest>
    <UnitTest name="BuscarDiseñosTest" storage="c:\users\diego\documents\visual studio 2010\projects\uniprof\tests\bin\debug\tests.dll" id="78d51b31-e137-cc46-4586-32e7fc15993b">
      <Execution id="05ec0e4a-b842-40a4-ae49-0e504f4350e8" />
      <TestMethod codeBase="C:/Users/Diego/Documents/Visual Studio 2010/Projects/Uniprof/Tests/bin/Debug/Tests.DLL" adapterTypeName="Microsoft.VisualStudio.TestTools.TestTypes.Unit.UnitTestAdapter, Microsoft.VisualStudio.QualityTools.Tips.UnitTest.Adapter, Version=10.0.0.0, Culture=neutral, PublicKeyToken=b03f5f7f11d50a3a" className="Tests.DiseñoRepositorioTest, Tests, Version=1.0.0.0, Culture=neutral, PublicKeyToken=null" name="BuscarDiseñosTest" />
    </UnitTest>
    <UnitTest name="cargarLineasFacturaConRestriccionTest" storage="c:\users\diego\documents\visual studio 2010\projects\uniprof\tests\bin\debug\tests.dll" id="1185b585-ef75-6544-19b0-95bea00f10c1">
      <Execution id="a7be98be-4703-42ec-848d-d5c6cb72e734" />
      <TestMethod codeBase="C:/Users/Diego/Documents/Visual Studio 2010/Projects/Uniprof/Tests/bin/Debug/Tests.DLL" adapterTypeName="Microsoft.VisualStudio.TestTools.TestTypes.Unit.UnitTestAdapter, Microsoft.VisualStudio.QualityTools.Tips.UnitTest.Adapter, Version=10.0.0.0, Culture=neutral, PublicKeyToken=b03f5f7f11d50a3a" className="Tests.LineaOrdenDeCompraTDGTest, Tests, Version=1.0.0.0, Culture=neutral, PublicKeyToken=null" name="cargarLineasFacturaConRestriccionTest" />
    </UnitTest>
    <UnitTest name="GuardarPedidoTest1" storage="c:\users\diego\documents\visual studio 2010\projects\uniprof\tests\bin\debug\tests.dll" id="1547d2a7-8401-4066-0421-456391521e4e">
      <Execution id="d04db527-c70a-4ae9-91bb-785df514e1be" />
      <TestMethod codeBase="C:/Users/Diego/Documents/Visual Studio 2010/Projects/Uniprof/Tests/bin/Debug/Tests.DLL" adapterTypeName="Microsoft.VisualStudio.TestTools.TestTypes.Unit.UnitTestAdapter, Microsoft.VisualStudio.QualityTools.Tips.UnitTest.Adapter, Version=10.0.0.0, Culture=neutral, PublicKeyToken=b03f5f7f11d50a3a" className="Tests.PedidoBusinessTest, Tests, Version=1.0.0.0, Culture=neutral, PublicKeyToken=null" name="GuardarPedidoTest1" />
    </UnitTest>
    <UnitTest name="grabarProduccionOperadorTDGTest" storage="c:\users\diego\documents\visual studio 2010\projects\uniprof\tests\bin\debug\tests.dll" id="bab93624-9701-4d27-3151-c1bf509e95c1">
      <Execution id="ddfb7f71-2db9-45bc-b254-a98be75dd67b" />
      <TestMethod codeBase="C:/Users/Diego/Documents/Visual Studio 2010/Projects/Uniprof/Tests/bin/Debug/Tests.DLL" adapterTypeName="Microsoft.VisualStudio.TestTools.TestTypes.Unit.UnitTestAdapter, Microsoft.VisualStudio.QualityTools.Tips.UnitTest.Adapter, Version=10.0.0.0, Culture=neutral, PublicKeyToken=b03f5f7f11d50a3a" className="Tests.ProduccionOperadorTDGTest, Tests, Version=1.0.0.0, Culture=neutral, PublicKeyToken=null" name="grabarProduccionOperadorTDGTest" />
    </UnitTest>
    <UnitTest name="actualizarMovimientoTest" storage="c:\users\diego\documents\visual studio 2010\projects\uniprof\tests\bin\debug\tests.dll" id="3cd1a5b2-2061-12b0-4cbc-6da8d643a9e8">
      <Execution id="4cfc1785-3abc-42e7-bde7-a3047f1e1d66" />
      <TestMethod codeBase="C:/Users/Diego/Documents/Visual Studio 2010/Projects/Uniprof/Tests/bin/Debug/Tests.DLL" adapterTypeName="Microsoft.VisualStudio.TestTools.TestTypes.Unit.UnitTestAdapter, Microsoft.VisualStudio.QualityTools.Tips.UnitTest.Adapter, Version=10.0.0.0, Culture=neutral, PublicKeyToken=b03f5f7f11d50a3a" className="Tests.MovimientoCuentaProveedorRepositorioTest, Tests, Version=1.0.0.0, Culture=neutral, PublicKeyToken=null" name="actualizarMovimientoTest" />
    </UnitTest>
    <UnitTest name="listarFacturasPorIdTest" storage="c:\users\diego\documents\visual studio 2010\projects\uniprof\tests\bin\debug\tests.dll" id="c6a2f7ad-0298-580e-2fa3-bbb6c9b28898">
      <Execution id="f35e4db8-29f1-48e5-9536-083f12f84bc5" />
      <TestMethod codeBase="C:/Users/Diego/Documents/Visual Studio 2010/Projects/Uniprof/Tests/bin/Debug/Tests.DLL" adapterTypeName="Microsoft.VisualStudio.TestTools.TestTypes.Unit.UnitTestAdapter, Microsoft.VisualStudio.QualityTools.Tips.UnitTest.Adapter, Version=10.0.0.0, Culture=neutral, PublicKeyToken=b03f5f7f11d50a3a" className="Tests.FacturaRepositorioTest, Tests, Version=1.0.0.0, Culture=neutral, PublicKeyToken=null" name="listarFacturasPorIdTest" />
    </UnitTest>
    <UnitTest name="modificarTest" storage="c:\users\diego\documents\visual studio 2010\projects\uniprof\tests\bin\debug\tests.dll" id="13496ae0-c24c-3fcb-7178-2789fe5b49ef">
      <Execution id="93b3d1a3-6b0e-451c-9c60-f8db605e3627" />
      <TestMethod codeBase="C:/Users/Diego/Documents/Visual Studio 2010/Projects/Uniprof/Tests/bin/Debug/Tests.DLL" adapterTypeName="Microsoft.VisualStudio.TestTools.TestTypes.Unit.UnitTestAdapter, Microsoft.VisualStudio.QualityTools.Tips.UnitTest.Adapter, Version=10.0.0.0, Culture=neutral, PublicKeyToken=b03f5f7f11d50a3a" className="Tests.ConversacionRepositorioTest, Tests, Version=1.0.0.0, Culture=neutral, PublicKeyToken=null" name="modificarTest" />
    </UnitTest>
    <UnitTest name="borrarArticulosTest" storage="c:\users\diego\documents\visual studio 2010\projects\uniprof\tests\bin\debug\tests.dll" id="14276aa4-72b7-f96c-4fe9-e83b20c4c391">
      <Execution id="e2fd222b-17a8-43e5-a654-99366c5a3112" />
      <TestMethod codeBase="C:/Users/Diego/Documents/Visual Studio 2010/Projects/Uniprof/Tests/bin/Debug/Tests.DLL" adapterTypeName="Microsoft.VisualStudio.TestTools.TestTypes.Unit.UnitTestAdapter, Microsoft.VisualStudio.QualityTools.Tips.UnitTest.Adapter, Version=10.0.0.0, Culture=neutral, PublicKeyToken=b03f5f7f11d50a3a" className="Tests.ArticuloTDGTest, Tests, Version=1.0.0.0, Culture=neutral, PublicKeyToken=null" name="borrarArticulosTest" />
    </UnitTest>
    <UnitTest name="borrarTest" storage="c:\users\diego\documents\visual studio 2010\projects\uniprof\tests\bin\debug\tests.dll" id="cb68f00e-cb19-bf47-0657-80219e1c9cfa">
      <Execution id="dc508bfb-ce3d-4816-87ae-b14dc534e11c" />
      <TestMethod codeBase="C:/Users/Diego/Documents/Visual Studio 2010/Projects/Uniprof/Tests/bin/Debug/Tests.DLL" adapterTypeName="Microsoft.VisualStudio.TestTools.TestTypes.Unit.UnitTestAdapter, Microsoft.VisualStudio.QualityTools.Tips.UnitTest.Adapter, Version=10.0.0.0, Culture=neutral, PublicKeyToken=b03f5f7f11d50a3a" className="Tests.MensajeRepositorioTest, Tests, Version=1.0.0.0, Culture=neutral, PublicKeyToken=null" name="borrarTest" />
    </UnitTest>
    <UnitTest name="listarArticulosTest" storage="c:\users\diego\documents\visual studio 2010\projects\uniprof\tests\bin\debug\tests.dll" id="62f6b994-f314-dfaa-2382-4b70b0820150">
      <Execution id="6464ce7a-c27a-4476-8e3e-05a46dd52478" />
      <TestMethod codeBase="C:/Users/Diego/Documents/Visual Studio 2010/Projects/Uniprof/Tests/bin/Debug/Tests.DLL" adapterTypeName="Microsoft.VisualStudio.TestTools.TestTypes.Unit.UnitTestAdapter, Microsoft.VisualStudio.QualityTools.Tips.UnitTest.Adapter, Version=10.0.0.0, Culture=neutral, PublicKeyToken=b03f5f7f11d50a3a" className="Tests.ArticuloBusinessTest, Tests, Version=1.0.0.0, Culture=neutral, PublicKeyToken=null" name="listarArticulosTest" />
    </UnitTest>
    <UnitTest name="borrarLineaTest" storage="c:\users\diego\documents\visual studio 2010\projects\uniprof\tests\bin\debug\tests.dll" id="954c6542-5669-95f4-2fc5-a01c436de193">
      <Execution id="4d816125-e60f-4e5f-95d7-98d5432340ed" />
      <TestMethod codeBase="C:/Users/Diego/Documents/Visual Studio 2010/Projects/Uniprof/Tests/bin/Debug/Tests.DLL" adapterTypeName="Microsoft.VisualStudio.TestTools.TestTypes.Unit.UnitTestAdapter, Microsoft.VisualStudio.QualityTools.Tips.UnitTest.Adapter, Version=10.0.0.0, Culture=neutral, PublicKeyToken=b03f5f7f11d50a3a" className="Tests.LineaOrdenDeCompraTDGTest, Tests, Version=1.0.0.0, Culture=neutral, PublicKeyToken=null" name="borrarLineaTest" />
    </UnitTest>
    <UnitTest name="grabarProduccionTest" storage="c:\users\diego\documents\visual studio 2010\projects\uniprof\tests\bin\debug\tests.dll" id="280aded5-68b9-b810-9a8e-34bdb568fac8">
      <Execution id="4fab3780-5963-42a5-b4dd-cf2718c978be" />
      <TestMethod codeBase="C:/Users/Diego/Documents/Visual Studio 2010/Projects/Uniprof/Tests/bin/Debug/Tests.DLL" adapterTypeName="Microsoft.VisualStudio.TestTools.TestTypes.Unit.UnitTestAdapter, Microsoft.VisualStudio.QualityTools.Tips.UnitTest.Adapter, Version=10.0.0.0, Culture=neutral, PublicKeyToken=b03f5f7f11d50a3a" className="Tests.ProduccionBusinessTest, Tests, Version=1.0.0.0, Culture=neutral, PublicKeyToken=null" name="grabarProduccionTest" />
    </UnitTest>
    <UnitTest name="listarMovimientosTest" storage="c:\users\diego\documents\visual studio 2010\projects\uniprof\tests\bin\debug\tests.dll" id="3d5d4690-413e-480e-9909-702cf88399dd">
      <Execution id="4d5d10e3-0671-41b5-b3e0-075889a2aa87" />
      <TestMethod codeBase="C:/Users/Diego/Documents/Visual Studio 2010/Projects/Uniprof/Tests/bin/Debug/Tests.DLL" adapterTypeName="Microsoft.VisualStudio.TestTools.TestTypes.Unit.UnitTestAdapter, Microsoft.VisualStudio.QualityTools.Tips.UnitTest.Adapter, Version=10.0.0.0, Culture=neutral, PublicKeyToken=b03f5f7f11d50a3a" className="Tests.MovimientoCuentaProveedorRepositorioTest, Tests, Version=1.0.0.0, Culture=neutral, PublicKeyToken=null" name="listarMovimientosTest" />
    </UnitTest>
    <UnitTest name="buscarNewsletterParaEnviarTest" storage="c:\users\diego\documents\visual studio 2010\projects\uniprof\tests\bin\debug\tests.dll" id="bde72f4f-f66e-49e5-5a7f-f0f6283a032f">
      <Execution id="38e2962d-cb26-4f6c-b18d-a2b6b0a101b1" />
      <TestMethod codeBase="C:/Users/Diego/Documents/Visual Studio 2010/Projects/Uniprof/Tests/bin/Debug/Tests.DLL" adapterTypeName="Microsoft.VisualStudio.TestTools.TestTypes.Unit.UnitTestAdapter, Microsoft.VisualStudio.QualityTools.Tips.UnitTest.Adapter, Version=10.0.0.0, Culture=neutral, PublicKeyToken=b03f5f7f11d50a3a" className="Tests.NewsletterBusinessTest, Tests, Version=1.0.0.0, Culture=neutral, PublicKeyToken=null" name="buscarNewsletterParaEnviarTest" />
    </UnitTest>
    <UnitTest name="crearUsuarioTest" storage="c:\users\diego\documents\visual studio 2010\projects\uniprof\tests\bin\debug\tests.dll" id="179d28ef-c565-5c45-d785-59f1a0626295">
      <Execution id="a89bc4f5-dfd2-42fc-99b9-a4471c325966" />
      <TestMethod codeBase="C:/Users/Diego/Documents/Visual Studio 2010/Projects/Uniprof/Tests/bin/Debug/Tests.DLL" adapterTypeName="Microsoft.VisualStudio.TestTools.TestTypes.Unit.UnitTestAdapter, Microsoft.VisualStudio.QualityTools.Tips.UnitTest.Adapter, Version=10.0.0.0, Culture=neutral, PublicKeyToken=b03f5f7f11d50a3a" className="Tests.UsuarioBusinessTest, Tests, Version=1.0.0.0, Culture=neutral, PublicKeyToken=null" name="crearUsuarioTest" />
    </UnitTest>
    <UnitTest name="buscarColorConRestriccionesTest" storage="c:\users\diego\documents\visual studio 2010\projects\uniprof\tests\bin\debug\tests.dll" id="e8b1e8f2-7674-bb72-605f-9a7a2bc1bfee">
      <Execution id="161d3406-4c1f-4ac0-a22c-00d15213ce80" />
      <TestMethod codeBase="C:/Users/Diego/Documents/Visual Studio 2010/Projects/Uniprof/Tests/bin/Debug/Tests.DLL" adapterTypeName="Microsoft.VisualStudio.TestTools.TestTypes.Unit.UnitTestAdapter, Microsoft.VisualStudio.QualityTools.Tips.UnitTest.Adapter, Version=10.0.0.0, Culture=neutral, PublicKeyToken=b03f5f7f11d50a3a" className="Tests.ColorTDGTest, Tests, Version=1.0.0.0, Culture=neutral, PublicKeyToken=null" name="buscarColorConRestriccionesTest" />
    </UnitTest>
    <UnitTest name="buscarNewsletterParaEnviarTest" storage="c:\users\diego\documents\visual studio 2010\projects\uniprof\tests\bin\debug\tests.dll" id="e3f85f2f-8bca-7a73-722e-520143b3f21d">
      <Execution id="02c99591-1971-4fe4-bd4a-551ed90477a3" />
      <TestMethod codeBase="C:/Users/Diego/Documents/Visual Studio 2010/Projects/Uniprof/Tests/bin/Debug/Tests.DLL" adapterTypeName="Microsoft.VisualStudio.TestTools.TestTypes.Unit.UnitTestAdapter, Microsoft.VisualStudio.QualityTools.Tips.UnitTest.Adapter, Version=10.0.0.0, Culture=neutral, PublicKeyToken=b03f5f7f11d50a3a" className="Tests.NewsletterRepositorioTest, Tests, Version=1.0.0.0, Culture=neutral, PublicKeyToken=null" name="buscarNewsletterParaEnviarTest" />
    </UnitTest>
    <UnitTest name="borrarProduccionOperadorTest" storage="c:\users\diego\documents\visual studio 2010\projects\uniprof\tests\bin\debug\tests.dll" id="46319d74-a59b-cb4c-c42c-91de192140ab">
      <Execution id="17120082-b2ea-4d23-ac15-af5349666d69" />
      <TestMethod codeBase="C:/Users/Diego/Documents/Visual Studio 2010/Projects/Uniprof/Tests/bin/Debug/Tests.DLL" adapterTypeName="Microsoft.VisualStudio.TestTools.TestTypes.Unit.UnitTestAdapter, Microsoft.VisualStudio.QualityTools.Tips.UnitTest.Adapter, Version=10.0.0.0, Culture=neutral, PublicKeyToken=b03f5f7f11d50a3a" className="Tests.ProduccionOperadorTDGTest, Tests, Version=1.0.0.0, Culture=neutral, PublicKeyToken=null" name="borrarProduccionOperadorTest" />
    </UnitTest>
    <UnitTest name="listarOpinionesTest" storage="c:\users\diego\documents\visual studio 2010\projects\uniprof\tests\bin\debug\tests.dll" id="eda2ca79-f409-f699-6d33-a3da45e5d953">
      <Execution id="8f7b6525-b4ba-4fff-9fcd-14bea1f19693" />
      <TestMethod codeBase="C:/Users/Diego/Documents/Visual Studio 2010/Projects/Uniprof/Tests/bin/Debug/Tests.DLL" adapterTypeName="Microsoft.VisualStudio.TestTools.TestTypes.Unit.UnitTestAdapter, Microsoft.VisualStudio.QualityTools.Tips.UnitTest.Adapter, Version=10.0.0.0, Culture=neutral, PublicKeyToken=b03f5f7f11d50a3a" className="Tests.OpinionRepositorioTest, Tests, Version=1.0.0.0, Culture=neutral, PublicKeyToken=null" name="listarOpinionesTest" />
    </UnitTest>
    <UnitTest name="buscarArticulosPorCodigoTest" storage="c:\users\diego\documents\visual studio 2010\projects\uniprof\tests\bin\debug\tests.dll" id="dde12295-d4b5-9724-4e8c-04bf282ca24f">
      <Execution id="fff7ef63-d11d-48b2-8103-d7e6e34b2ab2" />
      <TestMethod codeBase="C:/Users/Diego/Documents/Visual Studio 2010/Projects/Uniprof/Tests/bin/Debug/Tests.DLL" adapterTypeName="Microsoft.VisualStudio.TestTools.TestTypes.Unit.UnitTestAdapter, Microsoft.VisualStudio.QualityTools.Tips.UnitTest.Adapter, Version=10.0.0.0, Culture=neutral, PublicKeyToken=b03f5f7f11d50a3a" className="Tests.ArticuloRepositorioTest, Tests, Version=1.0.0.0, Culture=neutral, PublicKeyToken=null" name="buscarArticulosPorCodigoTest" />
    </UnitTest>
    <UnitTest name="listarProveedoresTest" storage="c:\users\diego\documents\visual studio 2010\projects\uniprof\tests\bin\debug\tests.dll" id="1f993eef-b5ac-3548-c940-f219e4216d75">
      <Execution id="b696ff9e-5018-4b62-adcf-ae97bd195bf1" />
      <TestMethod codeBase="C:/Users/Diego/Documents/Visual Studio 2010/Projects/Uniprof/Tests/bin/Debug/Tests.DLL" adapterTypeName="Microsoft.VisualStudio.TestTools.TestTypes.Unit.UnitTestAdapter, Microsoft.VisualStudio.QualityTools.Tips.UnitTest.Adapter, Version=10.0.0.0, Culture=neutral, PublicKeyToken=b03f5f7f11d50a3a" className="Tests.ProveedorRepositorioTest, Tests, Version=1.0.0.0, Culture=neutral, PublicKeyToken=null" name="listarProveedoresTest" />
    </UnitTest>
    <UnitTest name="listarArticulosPorPrendaTest" storage="c:\users\diego\documents\visual studio 2010\projects\uniprof\tests\bin\debug\tests.dll" id="b942b6d6-f408-1783-9c4d-ef179ac5d56f">
      <Execution id="faac68d9-9e6f-417d-93d0-522839105ec5" />
      <TestMethod codeBase="C:/Users/Diego/Documents/Visual Studio 2010/Projects/Uniprof/Tests/bin/Debug/Tests.DLL" adapterTypeName="Microsoft.VisualStudio.TestTools.TestTypes.Unit.UnitTestAdapter, Microsoft.VisualStudio.QualityTools.Tips.UnitTest.Adapter, Version=10.0.0.0, Culture=neutral, PublicKeyToken=b03f5f7f11d50a3a" className="Tests.ArticuloBusinessTest, Tests, Version=1.0.0.0, Culture=neutral, PublicKeyToken=null" name="listarArticulosPorPrendaTest" />
    </UnitTest>
    <UnitTest name="modificarMovimientosClienteTest" storage="c:\users\diego\documents\visual studio 2010\projects\uniprof\tests\bin\debug\tests.dll" id="c40068e0-385e-bf45-abe2-9f61f6d3993f">
      <Execution id="cb8becc5-0026-4c5a-99ef-716391da130f" />
      <TestMethod codeBase="C:/Users/Diego/Documents/Visual Studio 2010/Projects/Uniprof/Tests/bin/Debug/Tests.DLL" adapterTypeName="Microsoft.VisualStudio.TestTools.TestTypes.Unit.UnitTestAdapter, Microsoft.VisualStudio.QualityTools.Tips.UnitTest.Adapter, Version=10.0.0.0, Culture=neutral, PublicKeyToken=b03f5f7f11d50a3a" className="Tests.MovimientoCuentaProveedorTDGTest, Tests, Version=1.0.0.0, Culture=neutral, PublicKeyToken=null" name="modificarMovimientosClienteTest" />
    </UnitTest>
    <UnitTest name="buscarTipoCuentaPorIdTest" storage="c:\users\diego\documents\visual studio 2010\projects\uniprof\tests\bin\debug\tests.dll" id="a5adf3df-a9f8-2832-66ba-f690ea4581d6">
      <Execution id="39bd9557-9559-4dae-9b20-586e67313782" />
      <TestMethod codeBase="C:/Users/Diego/Documents/Visual Studio 2010/Projects/Uniprof/Tests/bin/Debug/Tests.DLL" adapterTypeName="Microsoft.VisualStudio.TestTools.TestTypes.Unit.UnitTestAdapter, Microsoft.VisualStudio.QualityTools.Tips.UnitTest.Adapter, Version=10.0.0.0, Culture=neutral, PublicKeyToken=b03f5f7f11d50a3a" className="Tests.CuentaTDGTest, Tests, Version=1.0.0.0, Culture=neutral, PublicKeyToken=null" name="buscarTipoCuentaPorIdTest" />
    </UnitTest>
    <UnitTest name="modificarInsumoTest" storage="c:\users\diego\documents\visual studio 2010\projects\uniprof\tests\bin\debug\tests.dll" id="59ac30e1-edc3-3193-83d1-44bf47baeaf4">
      <Execution id="ad3abac4-29c7-4616-b4b8-18ee74a6c53f" />
      <TestMethod codeBase="C:/Users/Diego/Documents/Visual Studio 2010/Projects/Uniprof/Tests/bin/Debug/Tests.DLL" adapterTypeName="Microsoft.VisualStudio.TestTools.TestTypes.Unit.UnitTestAdapter, Microsoft.VisualStudio.QualityTools.Tips.UnitTest.Adapter, Version=10.0.0.0, Culture=neutral, PublicKeyToken=b03f5f7f11d50a3a" className="Tests.InsumoTDGTest, Tests, Version=1.0.0.0, Culture=neutral, PublicKeyToken=null" name="modificarInsumoTest" />
    </UnitTest>
    <UnitTest name="grabarMensajeTest" storage="c:\users\diego\documents\visual studio 2010\projects\uniprof\tests\bin\debug\tests.dll" id="29f0136c-6b94-67a3-1d98-7e9ef56e0b01">
      <Execution id="d37b695e-fc91-4aa8-a6eb-d5b6b58b4db7" />
      <TestMethod codeBase="C:/Users/Diego/Documents/Visual Studio 2010/Projects/Uniprof/Tests/bin/Debug/Tests.DLL" adapterTypeName="Microsoft.VisualStudio.TestTools.TestTypes.Unit.UnitTestAdapter, Microsoft.VisualStudio.QualityTools.Tips.UnitTest.Adapter, Version=10.0.0.0, Culture=neutral, PublicKeyToken=b03f5f7f11d50a3a" className="Tests.ConversacionTDGTest, Tests, Version=1.0.0.0, Culture=neutral, PublicKeyToken=null" name="grabarMensajeTest" />
    </UnitTest>
    <UnitTest name="buscarPedidoPorCodigoTest" storage="c:\users\diego\documents\visual studio 2010\projects\uniprof\tests\bin\debug\tests.dll" id="13283e1a-ebd5-2811-9974-2614dbf7730f">
      <Execution id="c6ccc638-e791-44ea-9ddf-1aa5b9dc8368" />
      <TestMethod codeBase="C:/Users/Diego/Documents/Visual Studio 2010/Projects/Uniprof/Tests/bin/Debug/Tests.DLL" adapterTypeName="Microsoft.VisualStudio.TestTools.TestTypes.Unit.UnitTestAdapter, Microsoft.VisualStudio.QualityTools.Tips.UnitTest.Adapter, Version=10.0.0.0, Culture=neutral, PublicKeyToken=b03f5f7f11d50a3a" className="Tests.PedidoRepositorioTest, Tests, Version=1.0.0.0, Culture=neutral, PublicKeyToken=null" name="buscarPedidoPorCodigoTest" />
    </UnitTest>
    <UnitTest name="borrarOperadorTest" storage="c:\users\diego\documents\visual studio 2010\projects\uniprof\tests\bin\debug\tests.dll" id="85ca884d-a763-a279-970a-decd7d2ef2e7">
      <Execution id="2b694f75-6714-4611-a9e3-9a50610b4bf0" />
      <TestMethod codeBase="C:/Users/Diego/Documents/Visual Studio 2010/Projects/Uniprof/Tests/bin/Debug/Tests.DLL" adapterTypeName="Microsoft.VisualStudio.TestTools.TestTypes.Unit.UnitTestAdapter, Microsoft.VisualStudio.QualityTools.Tips.UnitTest.Adapter, Version=10.0.0.0, Culture=neutral, PublicKeyToken=b03f5f7f11d50a3a" className="Tests.OperadorTDGTest, Tests, Version=1.0.0.0, Culture=neutral, PublicKeyToken=null" name="borrarOperadorTest" />
    </UnitTest>
    <UnitTest name="cargarLineasPorFacturaTest" storage="c:\users\diego\documents\visual studio 2010\projects\uniprof\tests\bin\debug\tests.dll" id="79432a3c-09ad-494a-94b0-409081b91296">
      <Execution id="1e442c25-943a-4e5c-b8ff-a679708ca526" />
      <TestMethod codeBase="C:/Users/Diego/Documents/Visual Studio 2010/Projects/Uniprof/Tests/bin/Debug/Tests.DLL" adapterTypeName="Microsoft.VisualStudio.TestTools.TestTypes.Unit.UnitTestAdapter, Microsoft.VisualStudio.QualityTools.Tips.UnitTest.Adapter, Version=10.0.0.0, Culture=neutral, PublicKeyToken=b03f5f7f11d50a3a" className="Tests.LineaFacturaRepostorioTest, Tests, Version=1.0.0.0, Culture=neutral, PublicKeyToken=null" name="cargarLineasPorFacturaTest" />
    </UnitTest>
    <UnitTest name="listarPedidosPorClienteTest" storage="c:\users\diego\documents\visual studio 2010\projects\uniprof\tests\bin\debug\tests.dll" id="66a338ec-66f0-37fa-1bf3-601efb395594">
      <Execution id="f3fb599c-3977-4a4c-abe3-fab265bd28cd" />
      <TestMethod codeBase="C:/Users/Diego/Documents/Visual Studio 2010/Projects/Uniprof/Tests/bin/Debug/Tests.DLL" adapterTypeName="Microsoft.VisualStudio.TestTools.TestTypes.Unit.UnitTestAdapter, Microsoft.VisualStudio.QualityTools.Tips.UnitTest.Adapter, Version=10.0.0.0, Culture=neutral, PublicKeyToken=b03f5f7f11d50a3a" className="Tests.PedidoRepositorioTest, Tests, Version=1.0.0.0, Culture=neutral, PublicKeyToken=null" name="listarPedidosPorClienteTest" />
    </UnitTest>
    <UnitTest name="listarUsuariosTest" storage="c:\users\diego\documents\visual studio 2010\projects\uniprof\tests\bin\debug\tests.dll" id="7f31f25c-e328-77fa-dde7-0ee6e5a7e366">
      <Execution id="125bac76-2716-493a-a785-9a90d0fc7f28" />
      <TestMethod codeBase="C:/Users/Diego/Documents/Visual Studio 2010/Projects/Uniprof/Tests/bin/Debug/Tests.DLL" adapterTypeName="Microsoft.VisualStudio.TestTools.TestTypes.Unit.UnitTestAdapter, Microsoft.VisualStudio.QualityTools.Tips.UnitTest.Adapter, Version=10.0.0.0, Culture=neutral, PublicKeyToken=b03f5f7f11d50a3a" className="Tests.UsuarioRepositorioTest, Tests, Version=1.0.0.0, Culture=neutral, PublicKeyToken=null" name="listarUsuariosTest" />
    </UnitTest>
    <UnitTest name="buscarProveedoresPorNombreTest" storage="c:\users\diego\documents\visual studio 2010\projects\uniprof\tests\bin\debug\tests.dll" id="723aff45-3bd6-6949-d938-d2ccbc2f388d">
      <Execution id="41678d4c-4144-460c-867a-e689d357e52f" />
      <TestMethod codeBase="C:/Users/Diego/Documents/Visual Studio 2010/Projects/Uniprof/Tests/bin/Debug/Tests.DLL" adapterTypeName="Microsoft.VisualStudio.TestTools.TestTypes.Unit.UnitTestAdapter, Microsoft.VisualStudio.QualityTools.Tips.UnitTest.Adapter, Version=10.0.0.0, Culture=neutral, PublicKeyToken=b03f5f7f11d50a3a" className="Tests.ProveedorRepositorioTest, Tests, Version=1.0.0.0, Culture=neutral, PublicKeyToken=null" name="buscarProveedoresPorNombreTest" />
    </UnitTest>
    <UnitTest name="cargarFamiliasPorIdTest" storage="c:\users\diego\documents\visual studio 2010\projects\uniprof\tests\bin\debug\tests.dll" id="2c93c645-adc5-bb40-79d7-b39e8ca0fa8c">
      <Execution id="e77a8ce9-34cf-4c9e-8a86-d4968d899182" />
      <TestMethod codeBase="C:/Users/Diego/Documents/Visual Studio 2010/Projects/Uniprof/Tests/bin/Debug/Tests.DLL" adapterTypeName="Microsoft.VisualStudio.TestTools.TestTypes.Unit.UnitTestAdapter, Microsoft.VisualStudio.QualityTools.Tips.UnitTest.Adapter, Version=10.0.0.0, Culture=neutral, PublicKeyToken=b03f5f7f11d50a3a" className="Tests.FamiliaTDGTest, Tests, Version=1.0.0.0, Culture=neutral, PublicKeyToken=null" name="cargarFamiliasPorIdTest" />
    </UnitTest>
    <UnitTest name="listarArticulosPorDiseñoTest" storage="c:\users\diego\documents\visual studio 2010\projects\uniprof\tests\bin\debug\tests.dll" id="f55d90a1-1701-8dfe-c19c-fedfde1208d9">
      <Execution id="9d6c204d-0b37-4910-b349-238174b61303" />
      <TestMethod codeBase="C:/Users/Diego/Documents/Visual Studio 2010/Projects/Uniprof/Tests/bin/Debug/Tests.DLL" adapterTypeName="Microsoft.VisualStudio.TestTools.TestTypes.Unit.UnitTestAdapter, Microsoft.VisualStudio.QualityTools.Tips.UnitTest.Adapter, Version=10.0.0.0, Culture=neutral, PublicKeyToken=b03f5f7f11d50a3a" className="Tests.ArticuloRepositorioTest, Tests, Version=1.0.0.0, Culture=neutral, PublicKeyToken=null" name="listarArticulosPorDiseñoTest" />
    </UnitTest>
    <UnitTest name="buscarPorDescripcionTest" storage="c:\users\diego\documents\visual studio 2010\projects\uniprof\tests\bin\debug\tests.dll" id="4d891028-ff30-5474-0c6f-59e839f50717">
      <Execution id="58cf5c4d-01e4-49d9-9ac7-b13318e79dac" />
      <TestMethod codeBase="C:/Users/Diego/Documents/Visual Studio 2010/Projects/Uniprof/Tests/bin/Debug/Tests.DLL" adapterTypeName="Microsoft.VisualStudio.TestTools.TestTypes.Unit.UnitTestAdapter, Microsoft.VisualStudio.QualityTools.Tips.UnitTest.Adapter, Version=10.0.0.0, Culture=neutral, PublicKeyToken=b03f5f7f11d50a3a" className="Tests.TipoMovimientoTDGTest, Tests, Version=1.0.0.0, Culture=neutral, PublicKeyToken=null" name="buscarPorDescripcionTest" />
    </UnitTest>
    <UnitTest name="cargarDiseñosTest" storage="c:\users\diego\documents\visual studio 2010\projects\uniprof\tests\bin\debug\tests.dll" id="07a2548d-4241-58e9-0562-3d619b418bbb">
      <Execution id="5638de60-107d-4d5d-addb-a73178003ffc" />
      <TestMethod codeBase="C:/Users/Diego/Documents/Visual Studio 2010/Projects/Uniprof/Tests/bin/Debug/Tests.DLL" adapterTypeName="Microsoft.VisualStudio.TestTools.TestTypes.Unit.UnitTestAdapter, Microsoft.VisualStudio.QualityTools.Tips.UnitTest.Adapter, Version=10.0.0.0, Culture=neutral, PublicKeyToken=b03f5f7f11d50a3a" className="Tests.DiseñoTDGTest, Tests, Version=1.0.0.0, Culture=neutral, PublicKeyToken=null" name="cargarDiseñosTest" />
    </UnitTest>
    <UnitTest name="guardarFamiliaTest" storage="c:\users\diego\documents\visual studio 2010\projects\uniprof\tests\bin\debug\tests.dll" id="96e75478-d13a-94b1-f4d7-4e30153efd6b">
      <Execution id="fedf7d8d-2aa9-4650-9ac0-e035339643af" />
      <TestMethod codeBase="C:/Users/Diego/Documents/Visual Studio 2010/Projects/Uniprof/Tests/bin/Debug/Tests.DLL" adapterTypeName="Microsoft.VisualStudio.TestTools.TestTypes.Unit.UnitTestAdapter, Microsoft.VisualStudio.QualityTools.Tips.UnitTest.Adapter, Version=10.0.0.0, Culture=neutral, PublicKeyToken=b03f5f7f11d50a3a" className="Tests.FamiliaBusinessTest, Tests, Version=1.0.0.0, Culture=neutral, PublicKeyToken=null" name="guardarFamiliaTest" />
    </UnitTest>
    <UnitTest name="modificarTest" storage="c:\users\diego\documents\visual studio 2010\projects\uniprof\tests\bin\debug\tests.dll" id="4d2a8d5b-b176-00fc-503a-b6acea4e399d">
      <Execution id="3c99a6df-bfad-4fb0-b6f4-a01814e60f9f" />
      <TestMethod codeBase="C:/Users/Diego/Documents/Visual Studio 2010/Projects/Uniprof/Tests/bin/Debug/Tests.DLL" adapterTypeName="Microsoft.VisualStudio.TestTools.TestTypes.Unit.UnitTestAdapter, Microsoft.VisualStudio.QualityTools.Tips.UnitTest.Adapter, Version=10.0.0.0, Culture=neutral, PublicKeyToken=b03f5f7f11d50a3a" className="Tests.MensajeRepositorioTest, Tests, Version=1.0.0.0, Culture=neutral, PublicKeyToken=null" name="modificarTest" />
    </UnitTest>
    <UnitTest name="actualizarTest" storage="c:\users\diego\documents\visual studio 2010\projects\uniprof\tests\bin\debug\tests.dll" id="a85e6fd4-de45-4652-f9ef-c22afc1ca0bf">
      <Execution id="7fafb096-fc9f-43f7-9eb6-1caaad816b79" />
      <TestMethod codeBase="C:/Users/Diego/Documents/Visual Studio 2010/Projects/Uniprof/Tests/bin/Debug/Tests.DLL" adapterTypeName="Microsoft.VisualStudio.TestTools.TestTypes.Unit.UnitTestAdapter, Microsoft.VisualStudio.QualityTools.Tips.UnitTest.Adapter, Version=10.0.0.0, Culture=neutral, PublicKeyToken=b03f5f7f11d50a3a" className="Tests.ProveedorBusinessTest, Tests, Version=1.0.0.0, Culture=neutral, PublicKeyToken=null" name="actualizarTest" />
    </UnitTest>
    <UnitTest name="listarNewsletterTest" storage="c:\users\diego\documents\visual studio 2010\projects\uniprof\tests\bin\debug\tests.dll" id="776c9b88-b138-d6aa-dd32-a876a9437025">
      <Execution id="f17ad4a8-24ac-4f79-9372-4e711fbfea9b" />
      <TestMethod codeBase="C:/Users/Diego/Documents/Visual Studio 2010/Projects/Uniprof/Tests/bin/Debug/Tests.DLL" adapterTypeName="Microsoft.VisualStudio.TestTools.TestTypes.Unit.UnitTestAdapter, Microsoft.VisualStudio.QualityTools.Tips.UnitTest.Adapter, Version=10.0.0.0, Culture=neutral, PublicKeyToken=b03f5f7f11d50a3a" className="Tests.NewsletterBusinessTest, Tests, Version=1.0.0.0, Culture=neutral, PublicKeyToken=null" name="listarNewsletterTest" />
    </UnitTest>
    <UnitTest name="listarPedidosPorClienteTest" storage="c:\users\diego\documents\visual studio 2010\projects\uniprof\tests\bin\debug\tests.dll" id="82c5d364-01e4-3d1f-8a3c-419d68a3ff5f">
      <Execution id="bdc9898f-a3d6-40d1-804a-8d7a48213a8f" />
      <TestMethod codeBase="C:/Users/Diego/Documents/Visual Studio 2010/Projects/Uniprof/Tests/bin/Debug/Tests.DLL" adapterTypeName="Microsoft.VisualStudio.TestTools.TestTypes.Unit.UnitTestAdapter, Microsoft.VisualStudio.QualityTools.Tips.UnitTest.Adapter, Version=10.0.0.0, Culture=neutral, PublicKeyToken=b03f5f7f11d50a3a" className="Tests.PedidoBusinessTest, Tests, Version=1.0.0.0, Culture=neutral, PublicKeyToken=null" name="listarPedidosPorClienteTest" />
    </UnitTest>
    <UnitTest name="grabarFamiliaTest" storage="c:\users\diego\documents\visual studio 2010\projects\uniprof\tests\bin\debug\tests.dll" id="edb7a5b7-9d9c-7fee-8224-ff9d0e654bf2">
      <Execution id="aa8b45c3-19a1-475f-b0fd-d6f94505a6e7" />
      <TestMethod codeBase="C:/Users/Diego/Documents/Visual Studio 2010/Projects/Uniprof/Tests/bin/Debug/Tests.DLL" adapterTypeName="Microsoft.VisualStudio.TestTools.TestTypes.Unit.UnitTestAdapter, Microsoft.VisualStudio.QualityTools.Tips.UnitTest.Adapter, Version=10.0.0.0, Culture=neutral, PublicKeyToken=b03f5f7f11d50a3a" className="Tests.FamiliaTDGTest, Tests, Version=1.0.0.0, Culture=neutral, PublicKeyToken=null" name="grabarFamiliaTest" />
    </UnitTest>
    <UnitTest name="guardarOpinionTest" storage="c:\users\diego\documents\visual studio 2010\projects\uniprof\tests\bin\debug\tests.dll" id="97997216-b9cb-a346-d834-1a6abbc22200">
      <Execution id="bc215c8c-4ea0-4909-95a1-d1282829f90d" />
      <TestMethod codeBase="C:/Users/Diego/Documents/Visual Studio 2010/Projects/Uniprof/Tests/bin/Debug/Tests.DLL" adapterTypeName="Microsoft.VisualStudio.TestTools.TestTypes.Unit.UnitTestAdapter, Microsoft.VisualStudio.QualityTools.Tips.UnitTest.Adapter, Version=10.0.0.0, Culture=neutral, PublicKeyToken=b03f5f7f11d50a3a" className="Tests.OpinionTDGTest, Tests, Version=1.0.0.0, Culture=neutral, PublicKeyToken=null" name="guardarOpinionTest" />
    </UnitTest>
    <UnitTest name="listarOrdenDeComprasPorIdTest" storage="c:\users\diego\documents\visual studio 2010\projects\uniprof\tests\bin\debug\tests.dll" id="39eb9513-2b02-9bb1-bfd3-cd5a5b8ce938">
      <Execution id="c5d22eac-410e-439b-ae78-b31f9dd97bc8" />
      <TestMethod codeBase="C:/Users/Diego/Documents/Visual Studio 2010/Projects/Uniprof/Tests/bin/Debug/Tests.DLL" adapterTypeName="Microsoft.VisualStudio.TestTools.TestTypes.Unit.UnitTestAdapter, Microsoft.VisualStudio.QualityTools.Tips.UnitTest.Adapter, Version=10.0.0.0, Culture=neutral, PublicKeyToken=b03f5f7f11d50a3a" className="Tests.OrdenCompraRepositorioTest, Tests, Version=1.0.0.0, Culture=neutral, PublicKeyToken=null" name="listarOrdenDeComprasPorIdTest" />
    </UnitTest>
    <UnitTest name="listarMovimientosPorProveedorTest" storage="c:\users\diego\documents\visual studio 2010\projects\uniprof\tests\bin\debug\tests.dll" id="aa3d2f13-ce91-e85a-b860-661244f697ca">
      <Execution id="5a6dde51-600f-4b12-8ce2-5b095d66af40" />
      <TestMethod codeBase="C:/Users/Diego/Documents/Visual Studio 2010/Projects/Uniprof/Tests/bin/Debug/Tests.DLL" adapterTypeName="Microsoft.VisualStudio.TestTools.TestTypes.Unit.UnitTestAdapter, Microsoft.VisualStudio.QualityTools.Tips.UnitTest.Adapter, Version=10.0.0.0, Culture=neutral, PublicKeyToken=b03f5f7f11d50a3a" className="Tests.MovimientoProveedorBusinessTest, Tests, Version=1.0.0.0, Culture=neutral, PublicKeyToken=null" name="listarMovimientosPorProveedorTest" />
    </UnitTest>
    <UnitTest name="guardarArticuloTest" storage="c:\users\diego\documents\visual studio 2010\projects\uniprof\tests\bin\debug\tests.dll" id="f8f00cb1-b7c7-8a4f-6936-45675a68da47">
      <Execution id="891e3d57-4e16-43c2-a266-bcb2b0330ad2" />
      <TestMethod codeBase="C:/Users/Diego/Documents/Visual Studio 2010/Projects/Uniprof/Tests/bin/Debug/Tests.DLL" adapterTypeName="Microsoft.VisualStudio.TestTools.TestTypes.Unit.UnitTestAdapter, Microsoft.VisualStudio.QualityTools.Tips.UnitTest.Adapter, Version=10.0.0.0, Culture=neutral, PublicKeyToken=b03f5f7f11d50a3a" className="Tests.ArticuloRepositorioTest, Tests, Version=1.0.0.0, Culture=neutral, PublicKeyToken=null" name="guardarArticuloTest" />
    </UnitTest>
    <UnitTest name="listarPedidosTest" storage="c:\users\diego\documents\visual studio 2010\projects\uniprof\tests\bin\debug\tests.dll" id="a517dabf-4b66-5f3c-ac24-0d2164897c8e">
      <Execution id="94949b5a-dc57-4fe4-a553-c759c4e4b018" />
      <TestMethod codeBase="C:/Users/Diego/Documents/Visual Studio 2010/Projects/Uniprof/Tests/bin/Debug/Tests.DLL" adapterTypeName="Microsoft.VisualStudio.TestTools.TestTypes.Unit.UnitTestAdapter, Microsoft.VisualStudio.QualityTools.Tips.UnitTest.Adapter, Version=10.0.0.0, Culture=neutral, PublicKeyToken=b03f5f7f11d50a3a" className="Tests.PedidoRepositorioTest, Tests, Version=1.0.0.0, Culture=neutral, PublicKeyToken=null" name="listarPedidosTest" />
    </UnitTest>
    <UnitTest name="grabarPrendaTest" storage="c:\users\diego\documents\visual studio 2010\projects\uniprof\tests\bin\debug\tests.dll" id="5bbb6d67-7645-c72a-0a3d-d422f73b22ec">
      <Execution id="dec2b766-b5cd-4c15-a700-cc63676b065d" />
      <TestMethod codeBase="C:/Users/Diego/Documents/Visual Studio 2010/Projects/Uniprof/Tests/bin/Debug/Tests.DLL" adapterTypeName="Microsoft.VisualStudio.TestTools.TestTypes.Unit.UnitTestAdapter, Microsoft.VisualStudio.QualityTools.Tips.UnitTest.Adapter, Version=10.0.0.0, Culture=neutral, PublicKeyToken=b03f5f7f11d50a3a" className="Tests.TipoPrendaBusinessTest, Tests, Version=1.0.0.0, Culture=neutral, PublicKeyToken=null" name="grabarPrendaTest" />
    </UnitTest>
    <UnitTest name="actualizarMovimientoTest" storage="c:\users\diego\documents\visual studio 2010\projects\uniprof\tests\bin\debug\tests.dll" id="53fb134c-9656-57a4-8598-b11e28cf481e">
      <Execution id="a5081030-8fba-4bc5-941e-a83c83ad550a" />
      <TestMethod codeBase="C:/Users/Diego/Documents/Visual Studio 2010/Projects/Uniprof/Tests/bin/Debug/Tests.DLL" adapterTypeName="Microsoft.VisualStudio.TestTools.TestTypes.Unit.UnitTestAdapter, Microsoft.VisualStudio.QualityTools.Tips.UnitTest.Adapter, Version=10.0.0.0, Culture=neutral, PublicKeyToken=b03f5f7f11d50a3a" className="Tests.MovimientoProveedorBusinessTest, Tests, Version=1.0.0.0, Culture=neutral, PublicKeyToken=null" name="actualizarMovimientoTest" />
    </UnitTest>
    <UnitTest name="DataAccesObjectConstructorTest" storage="c:\users\diego\documents\visual studio 2010\projects\uniprof\tests\bin\debug\tests.dll" id="d2ff731c-908c-96c5-902b-39b6c7e680d7">
      <Execution id="cf5fbccc-0eca-4a96-acb0-04f6bdd9be44" />
      <TestMethod codeBase="C:/Users/Diego/Documents/Visual Studio 2010/Projects/Uniprof/Tests/bin/Debug/Tests.DLL" adapterTypeName="Microsoft.VisualStudio.TestTools.TestTypes.Unit.UnitTestAdapter, Microsoft.VisualStudio.QualityTools.Tips.UnitTest.Adapter, Version=10.0.0.0, Culture=neutral, PublicKeyToken=b03f5f7f11d50a3a" className="Tests.DataAccesObjectTest, Tests, Version=1.0.0.0, Culture=neutral, PublicKeyToken=null" name="DataAccesObjectConstructorTest" />
    </UnitTest>
    <UnitTest name="actualizarPedidoTest" storage="c:\users\diego\documents\visual studio 2010\projects\uniprof\tests\bin\debug\tests.dll" id="a80088bc-1bb3-9447-8317-64a7363d3cfe">
      <Execution id="d710c0dc-e8cc-4e77-aa02-c04b4b3fb0c7" />
      <TestMethod codeBase="C:/Users/Diego/Documents/Visual Studio 2010/Projects/Uniprof/Tests/bin/Debug/Tests.DLL" adapterTypeName="Microsoft.VisualStudio.TestTools.TestTypes.Unit.UnitTestAdapter, Microsoft.VisualStudio.QualityTools.Tips.UnitTest.Adapter, Version=10.0.0.0, Culture=neutral, PublicKeyToken=b03f5f7f11d50a3a" className="Tests.PedidoBusinessTest, Tests, Version=1.0.0.0, Culture=neutral, PublicKeyToken=null" name="actualizarPedidoTest" />
    </UnitTest>
    <UnitTest name="cargarFamiliaTest" storage="c:\users\diego\documents\visual studio 2010\projects\uniprof\tests\bin\debug\tests.dll" id="882cbeee-1641-823c-0b10-58aeb9cabf93">
      <Execution id="af35ffcf-1794-44ac-81c7-21bfd8be7a09" />
      <TestMethod codeBase="C:/Users/Diego/Documents/Visual Studio 2010/Projects/Uniprof/Tests/bin/Debug/Tests.DLL" adapterTypeName="Microsoft.VisualStudio.TestTools.TestTypes.Unit.UnitTestAdapter, Microsoft.VisualStudio.QualityTools.Tips.UnitTest.Adapter, Version=10.0.0.0, Culture=neutral, PublicKeyToken=b03f5f7f11d50a3a" className="Tests.FamiliaBusinessTest, Tests, Version=1.0.0.0, Culture=neutral, PublicKeyToken=null" name="cargarFamiliaTest" />
    </UnitTest>
    <UnitTest name="buscarPrendasPorIDTest" storage="c:\users\diego\documents\visual studio 2010\projects\uniprof\tests\bin\debug\tests.dll" id="dfd17420-5a13-5744-e6d4-81c04e097642">
      <Execution id="3fd95942-bfcf-41d1-a9be-473d5725898c" />
      <TestMethod codeBase="C:/Users/Diego/Documents/Visual Studio 2010/Projects/Uniprof/Tests/bin/Debug/Tests.DLL" adapterTypeName="Microsoft.VisualStudio.TestTools.TestTypes.Unit.UnitTestAdapter, Microsoft.VisualStudio.QualityTools.Tips.UnitTest.Adapter, Version=10.0.0.0, Culture=neutral, PublicKeyToken=b03f5f7f11d50a3a" className="Tests.TipoPrendaBusinessTest, Tests, Version=1.0.0.0, Culture=neutral, PublicKeyToken=null" name="buscarPrendasPorIDTest" />
    </UnitTest>
    <UnitTest name="listarConversacionesPorUsuarioTest" storage="c:\users\diego\documents\visual studio 2010\projects\uniprof\tests\bin\debug\tests.dll" id="2a172fd5-1ba6-de08-de7a-3705a01c8b9d">
      <Execution id="e8208a65-b545-400d-af28-1a1793157371" />
      <TestMethod codeBase="C:/Users/Diego/Documents/Visual Studio 2010/Projects/Uniprof/Tests/bin/Debug/Tests.DLL" adapterTypeName="Microsoft.VisualStudio.TestTools.TestTypes.Unit.UnitTestAdapter, Microsoft.VisualStudio.QualityTools.Tips.UnitTest.Adapter, Version=10.0.0.0, Culture=neutral, PublicKeyToken=b03f5f7f11d50a3a" className="Tests.ConversacionBusinessTest, Tests, Version=1.0.0.0, Culture=neutral, PublicKeyToken=null" name="listarConversacionesPorUsuarioTest" />
    </UnitTest>
    <UnitTest name="grabarTest" storage="c:\users\diego\documents\visual studio 2010\projects\uniprof\tests\bin\debug\tests.dll" id="ac4b28af-d8f4-b156-672f-168bba2db6f5">
      <Execution id="97115276-59a8-4565-b779-b6ae9a30d863" />
      <TestMethod codeBase="C:/Users/Diego/Documents/Visual Studio 2010/Projects/Uniprof/Tests/bin/Debug/Tests.DLL" adapterTypeName="Microsoft.VisualStudio.TestTools.TestTypes.Unit.UnitTestAdapter, Microsoft.VisualStudio.QualityTools.Tips.UnitTest.Adapter, Version=10.0.0.0, Culture=neutral, PublicKeyToken=b03f5f7f11d50a3a" className="Tests.ConversacionRepositorioTest, Tests, Version=1.0.0.0, Culture=neutral, PublicKeyToken=null" name="grabarTest" />
    </UnitTest>
    <UnitTest name="listarProduccionPorPedidoTest" storage="c:\users\diego\documents\visual studio 2010\projects\uniprof\tests\bin\debug\tests.dll" id="645f3b20-4ed4-9fc8-0db6-f5c22e3f0ef4">
      <Execution id="dea4a24f-f684-463f-9cb0-9ecc3d146918" />
      <TestMethod codeBase="C:/Users/Diego/Documents/Visual Studio 2010/Projects/Uniprof/Tests/bin/Debug/Tests.DLL" adapterTypeName="Microsoft.VisualStudio.TestTools.TestTypes.Unit.UnitTestAdapter, Microsoft.VisualStudio.QualityTools.Tips.UnitTest.Adapter, Version=10.0.0.0, Culture=neutral, PublicKeyToken=b03f5f7f11d50a3a" className="Tests.ProduccionBusinessTest, Tests, Version=1.0.0.0, Culture=neutral, PublicKeyToken=null" name="listarProduccionPorPedidoTest" />
    </UnitTest>
    <UnitTest name="buscarTipoCuentaPorIdTest2" storage="c:\users\diego\documents\visual studio 2010\projects\uniprof\tests\bin\debug\tests.dll" id="1cea9887-e3c9-cea8-286a-dd9be44d7403">
      <Execution id="ecd9cf70-dee8-4e5e-b573-eb9d2c92fd71" />
      <TestMethod codeBase="C:/Users/Diego/Documents/Visual Studio 2010/Projects/Uniprof/Tests/bin/Debug/Tests.DLL" adapterTypeName="Microsoft.VisualStudio.TestTools.TestTypes.Unit.UnitTestAdapter, Microsoft.VisualStudio.QualityTools.Tips.UnitTest.Adapter, Version=10.0.0.0, Culture=neutral, PublicKeyToken=b03f5f7f11d50a3a" className="Tests.CuentaTDGTest, Tests, Version=1.0.0.0, Culture=neutral, PublicKeyToken=null" name="buscarTipoCuentaPorIdTest2" />
    </UnitTest>
    <UnitTest name="buscarDiseñoPorIdTest" storage="c:\users\diego\documents\visual studio 2010\projects\uniprof\tests\bin\debug\tests.dll" id="f90684a7-a79c-7fc4-62c1-2b02b1a46484">
      <Execution id="082e103e-3259-4154-8e64-192da30b255e" />
      <TestMethod codeBase="C:/Users/Diego/Documents/Visual Studio 2010/Projects/Uniprof/Tests/bin/Debug/Tests.DLL" adapterTypeName="Microsoft.VisualStudio.TestTools.TestTypes.Unit.UnitTestAdapter, Microsoft.VisualStudio.QualityTools.Tips.UnitTest.Adapter, Version=10.0.0.0, Culture=neutral, PublicKeyToken=b03f5f7f11d50a3a" className="Tests.DiseñoBusinessTest, Tests, Version=1.0.0.0, Culture=neutral, PublicKeyToken=null" name="buscarDiseñoPorIdTest" />
    </UnitTest>
    <UnitTest name="grabarTest" storage="c:\users\diego\documents\visual studio 2010\projects\uniprof\tests\bin\debug\tests.dll" id="851b9d78-997d-9c75-eab0-197fa14a11f0">
      <Execution id="15003202-1a37-4283-ad4b-1afd44fefdc1" />
      <TestMethod codeBase="C:/Users/Diego/Documents/Visual Studio 2010/Projects/Uniprof/Tests/bin/Debug/Tests.DLL" adapterTypeName="Microsoft.VisualStudio.TestTools.TestTypes.Unit.UnitTestAdapter, Microsoft.VisualStudio.QualityTools.Tips.UnitTest.Adapter, Version=10.0.0.0, Culture=neutral, PublicKeyToken=b03f5f7f11d50a3a" className="Tests.ConversacionBusinessTest, Tests, Version=1.0.0.0, Culture=neutral, PublicKeyToken=null" name="grabarTest" />
    </UnitTest>
    <UnitTest name="grabarClienteTest" storage="c:\users\diego\documents\visual studio 2010\projects\uniprof\tests\bin\debug\tests.dll" id="2f3865ce-701f-5035-c928-beb5bf354e66">
      <Execution id="40a2e09a-2d00-43f2-9c6b-a0725b4f0483" />
      <TestMethod codeBase="C:/Users/Diego/Documents/Visual Studio 2010/Projects/Uniprof/Tests/bin/Debug/Tests.DLL" adapterTypeName="Microsoft.VisualStudio.TestTools.TestTypes.Unit.UnitTestAdapter, Microsoft.VisualStudio.QualityTools.Tips.UnitTest.Adapter, Version=10.0.0.0, Culture=neutral, PublicKeyToken=b03f5f7f11d50a3a" className="Tests.UsuarioBusinessTest, Tests, Version=1.0.0.0, Culture=neutral, PublicKeyToken=null" name="grabarClienteTest" />
    </UnitTest>
    <UnitTest name="listarPedidosTest" storage="c:\users\diego\documents\visual studio 2010\projects\uniprof\tests\bin\debug\tests.dll" id="6c508edd-f42b-c301-6d53-7fe205a52a0b">
      <Execution id="6fa1cdd8-10cd-4eff-98f0-3b394e67d2ef" />
      <TestMethod codeBase="C:/Users/Diego/Documents/Visual Studio 2010/Projects/Uniprof/Tests/bin/Debug/Tests.DLL" adapterTypeName="Microsoft.VisualStudio.TestTools.TestTypes.Unit.UnitTestAdapter, Microsoft.VisualStudio.QualityTools.Tips.UnitTest.Adapter, Version=10.0.0.0, Culture=neutral, PublicKeyToken=b03f5f7f11d50a3a" className="Tests.PedidoBusinessTest, Tests, Version=1.0.0.0, Culture=neutral, PublicKeyToken=null" name="listarPedidosTest" />
    </UnitTest>
    <UnitTest name="listarProduccionPorPedidoTest" storage="c:\users\diego\documents\visual studio 2010\projects\uniprof\tests\bin\debug\tests.dll" id="b8413468-f954-3662-0efc-8c48132ad726">
      <Execution id="f905f9be-ed45-43ee-a574-fc7c2bb360b1" />
      <TestMethod codeBase="C:/Users/Diego/Documents/Visual Studio 2010/Projects/Uniprof/Tests/bin/Debug/Tests.DLL" adapterTypeName="Microsoft.VisualStudio.TestTools.TestTypes.Unit.UnitTestAdapter, Microsoft.VisualStudio.QualityTools.Tips.UnitTest.Adapter, Version=10.0.0.0, Culture=neutral, PublicKeyToken=b03f5f7f11d50a3a" className="Tests.ProduccionRepositorioTest, Tests, Version=1.0.0.0, Culture=neutral, PublicKeyToken=null" name="listarProduccionPorPedidoTest" />
    </UnitTest>
    <UnitTest name="modificarNuevoPedidoTest" storage="c:\users\diego\documents\visual studio 2010\projects\uniprof\tests\bin\debug\tests.dll" id="19a165a4-d445-e33e-7cb8-0f8a6d509eae">
      <Execution id="5f120fda-4802-4fb0-9f95-eabfdf2ec605" />
      <TestMethod codeBase="C:/Users/Diego/Documents/Visual Studio 2010/Projects/Uniprof/Tests/bin/Debug/Tests.DLL" adapterTypeName="Microsoft.VisualStudio.TestTools.TestTypes.Unit.UnitTestAdapter, Microsoft.VisualStudio.QualityTools.Tips.UnitTest.Adapter, Version=10.0.0.0, Culture=neutral, PublicKeyToken=b03f5f7f11d50a3a" className="Tests.PedidoTDGTest, Tests, Version=1.0.0.0, Culture=neutral, PublicKeyToken=null" name="modificarNuevoPedidoTest" />
    </UnitTest>
    <UnitTest name="cargarFamiliasPorIdTest" storage="c:\users\diego\documents\visual studio 2010\projects\uniprof\tests\bin\debug\tests.dll" id="8c73c5b1-73d0-fcfa-2a42-34f5914dbfb1">
      <Execution id="66a68cfd-240f-4192-b9c4-005257238844" />
      <TestMethod codeBase="C:/Users/Diego/Documents/Visual Studio 2010/Projects/Uniprof/Tests/bin/Debug/Tests.DLL" adapterTypeName="Microsoft.VisualStudio.TestTools.TestTypes.Unit.UnitTestAdapter, Microsoft.VisualStudio.QualityTools.Tips.UnitTest.Adapter, Version=10.0.0.0, Culture=neutral, PublicKeyToken=b03f5f7f11d50a3a" className="Tests.FamiliaRepositorioTest, Tests, Version=1.0.0.0, Culture=neutral, PublicKeyToken=null" name="cargarFamiliasPorIdTest" />
    </UnitTest>
    <UnitTest name="listarMensajesTest" storage="c:\users\diego\documents\visual studio 2010\projects\uniprof\tests\bin\debug\tests.dll" id="15e90031-185d-99ec-c865-633047dc95f1">
      <Execution id="5ca2bf1f-878a-4f6a-99b0-6c505f3e0e49" />
      <TestMethod codeBase="C:/Users/Diego/Documents/Visual Studio 2010/Projects/Uniprof/Tests/bin/Debug/Tests.DLL" adapterTypeName="Microsoft.VisualStudio.TestTools.TestTypes.Unit.UnitTestAdapter, Microsoft.VisualStudio.QualityTools.Tips.UnitTest.Adapter, Version=10.0.0.0, Culture=neutral, PublicKeyToken=b03f5f7f11d50a3a" className="Tests.ConversacionRepositorioTest, Tests, Version=1.0.0.0, Culture=neutral, PublicKeyToken=null" name="listarMensajesTest" />
    </UnitTest>
    <UnitTest name="grabarMovimientoTest" storage="c:\users\diego\documents\visual studio 2010\projects\uniprof\tests\bin\debug\tests.dll" id="6195d611-24d3-4e42-5b11-b2da792448d4">
      <Execution id="014a9e32-954d-4052-96f0-abd0f6bde0a3" />
      <TestMethod codeBase="C:/Users/Diego/Documents/Visual Studio 2010/Projects/Uniprof/Tests/bin/Debug/Tests.DLL" adapterTypeName="Microsoft.VisualStudio.TestTools.TestTypes.Unit.UnitTestAdapter, Microsoft.VisualStudio.QualityTools.Tips.UnitTest.Adapter, Version=10.0.0.0, Culture=neutral, PublicKeyToken=b03f5f7f11d50a3a" className="Tests.MovimientoClienteBusinessTest, Tests, Version=1.0.0.0, Culture=neutral, PublicKeyToken=null" name="grabarMovimientoTest" />
    </UnitTest>
    <UnitTest name="actualizarTipoPrendaTest" storage="c:\users\diego\documents\visual studio 2010\projects\uniprof\tests\bin\debug\tests.dll" id="dba83ae6-c977-93af-bca8-afb2188d9d55">
      <Execution id="40a212c8-9495-4105-baae-7559c247e351" />
      <TestMethod codeBase="C:/Users/Diego/Documents/Visual Studio 2010/Projects/Uniprof/Tests/bin/Debug/Tests.DLL" adapterTypeName="Microsoft.VisualStudio.TestTools.TestTypes.Unit.UnitTestAdapter, Microsoft.VisualStudio.QualityTools.Tips.UnitTest.Adapter, Version=10.0.0.0, Culture=neutral, PublicKeyToken=b03f5f7f11d50a3a" className="Tests.TipoPrendaRepositorioTest, Tests, Version=1.0.0.0, Culture=neutral, PublicKeyToken=null" name="actualizarTipoPrendaTest" />
    </UnitTest>
    <UnitTest name="cargarFamiliaPorIdTest" storage="c:\users\diego\documents\visual studio 2010\projects\uniprof\tests\bin\debug\tests.dll" id="a6894dd2-dcf0-7e92-7a7b-7a5aa8466339">
      <Execution id="c159a0af-145c-4376-a603-ac9674862ac6" />
      <TestMethod codeBase="C:/Users/Diego/Documents/Visual Studio 2010/Projects/Uniprof/Tests/bin/Debug/Tests.DLL" adapterTypeName="Microsoft.VisualStudio.TestTools.TestTypes.Unit.UnitTestAdapter, Microsoft.VisualStudio.QualityTools.Tips.UnitTest.Adapter, Version=10.0.0.0, Culture=neutral, PublicKeyToken=b03f5f7f11d50a3a" className="Tests.FamiliaBusinessTest, Tests, Version=1.0.0.0, Culture=neutral, PublicKeyToken=null" name="cargarFamiliaPorIdTest" />
    </UnitTest>
    <UnitTest name="listarProduccionPorFechasTest" storage="c:\users\diego\documents\visual studio 2010\projects\uniprof\tests\bin\debug\tests.dll" id="5e39e02d-2b70-3982-2130-96924fff6d81">
      <Execution id="4973ed7c-8ff9-47ea-8aa5-cc0f214fba27" />
      <TestMethod codeBase="C:/Users/Diego/Documents/Visual Studio 2010/Projects/Uniprof/Tests/bin/Debug/Tests.DLL" adapterTypeName="Microsoft.VisualStudio.TestTools.TestTypes.Unit.UnitTestAdapter, Microsoft.VisualStudio.QualityTools.Tips.UnitTest.Adapter, Version=10.0.0.0, Culture=neutral, PublicKeyToken=b03f5f7f11d50a3a" className="Tests.ProduccionRepositorioTest, Tests, Version=1.0.0.0, Culture=neutral, PublicKeyToken=null" name="listarProduccionPorFechasTest" />
    </UnitTest>
    <UnitTest name="listarProduccionPorCodigoTest" storage="c:\users\diego\documents\visual studio 2010\projects\uniprof\tests\bin\debug\tests.dll" id="9b145e69-7969-d34a-ea49-9560a18e3f37">
      <Execution id="81ec6bd3-dcf2-4b14-936f-afe01755c8b8" />
      <TestMethod codeBase="C:/Users/Diego/Documents/Visual Studio 2010/Projects/Uniprof/Tests/bin/Debug/Tests.DLL" adapterTypeName="Microsoft.VisualStudio.TestTools.TestTypes.Unit.UnitTestAdapter, Microsoft.VisualStudio.QualityTools.Tips.UnitTest.Adapter, Version=10.0.0.0, Culture=neutral, PublicKeyToken=b03f5f7f11d50a3a" className="Tests.ProduccionBusinessTest, Tests, Version=1.0.0.0, Culture=neutral, PublicKeyToken=null" name="listarProduccionPorCodigoTest" />
    </UnitTest>
    <UnitTest name="grabarMaquinasTest" storage="c:\users\diego\documents\visual studio 2010\projects\uniprof\tests\bin\debug\tests.dll" id="26d1e25c-63b7-c2c4-03c0-99f8e7631508">
      <Execution id="6a5c9672-a3b1-4731-884a-94cd4da7b448" />
      <TestMethod codeBase="C:/Users/Diego/Documents/Visual Studio 2010/Projects/Uniprof/Tests/bin/Debug/Tests.DLL" adapterTypeName="Microsoft.VisualStudio.TestTools.TestTypes.Unit.UnitTestAdapter, Microsoft.VisualStudio.QualityTools.Tips.UnitTest.Adapter, Version=10.0.0.0, Culture=neutral, PublicKeyToken=b03f5f7f11d50a3a" className="Tests.MaquinaTDGTest, Tests, Version=1.0.0.0, Culture=neutral, PublicKeyToken=null" name="grabarMaquinasTest" />
    </UnitTest>
    <UnitTest name="cargarLineasFacturaTest" storage="c:\users\diego\documents\visual studio 2010\projects\uniprof\tests\bin\debug\tests.dll" id="6dbb761e-cbdb-2c43-0c61-55938d83de19">
      <Execution id="2e83f2f6-4884-4c1a-bd6d-9d79eccb28fa" />
      <TestMethod codeBase="C:/Users/Diego/Documents/Visual Studio 2010/Projects/Uniprof/Tests/bin/Debug/Tests.DLL" adapterTypeName="Microsoft.VisualStudio.TestTools.TestTypes.Unit.UnitTestAdapter, Microsoft.VisualStudio.QualityTools.Tips.UnitTest.Adapter, Version=10.0.0.0, Culture=neutral, PublicKeyToken=b03f5f7f11d50a3a" className="Tests.LineaOrdenDeCompraTDGTest, Tests, Version=1.0.0.0, Culture=neutral, PublicKeyToken=null" name="cargarLineasFacturaTest" />
    </UnitTest>
    <UnitTest name="grabarMovimientosClienteTest" storage="c:\users\diego\documents\visual studio 2010\projects\uniprof\tests\bin\debug\tests.dll" id="f781ffff-ff93-71bc-5f5f-c8442c8a1cc0">
      <Execution id="8a32ec86-2fe2-4570-a95d-4621a90fff21" />
      <TestMethod codeBase="C:/Users/Diego/Documents/Visual Studio 2010/Projects/Uniprof/Tests/bin/Debug/Tests.DLL" adapterTypeName="Microsoft.VisualStudio.TestTools.TestTypes.Unit.UnitTestAdapter, Microsoft.VisualStudio.QualityTools.Tips.UnitTest.Adapter, Version=10.0.0.0, Culture=neutral, PublicKeyToken=b03f5f7f11d50a3a" className="Tests.MovimientoCuentaProveedorTDGTest, Tests, Version=1.0.0.0, Culture=neutral, PublicKeyToken=null" name="grabarMovimientosClienteTest" />
    </UnitTest>
    <UnitTest name="cargarFamiliasPorUsuarioTest" storage="c:\users\diego\documents\visual studio 2010\projects\uniprof\tests\bin\debug\tests.dll" id="b9fd46b5-4626-f3cd-bb11-d3d09ef904e4">
      <Execution id="72877f2e-4a5a-4ba2-9618-641f297b22fa" />
      <TestMethod codeBase="C:/Users/Diego/Documents/Visual Studio 2010/Projects/Uniprof/Tests/bin/Debug/Tests.DLL" adapterTypeName="Microsoft.VisualStudio.TestTools.TestTypes.Unit.UnitTestAdapter, Microsoft.VisualStudio.QualityTools.Tips.UnitTest.Adapter, Version=10.0.0.0, Culture=neutral, PublicKeyToken=b03f5f7f11d50a3a" className="Tests.PatenteTDGTest, Tests, Version=1.0.0.0, Culture=neutral, PublicKeyToken=null" name="cargarFamiliasPorUsuarioTest" />
    </UnitTest>
    <UnitTest name="borrarDiseñoInsumoTest" storage="c:\users\diego\documents\visual studio 2010\projects\uniprof\tests\bin\debug\tests.dll" id="019cc466-e1e2-1876-80d0-8bd0f4668b2f">
      <Execution id="8f92bd59-30f6-420a-9e6c-d835f1571f5b" />
      <TestMethod codeBase="C:/Users/Diego/Documents/Visual Studio 2010/Projects/Uniprof/Tests/bin/Debug/Tests.DLL" adapterTypeName="Microsoft.VisualStudio.TestTools.TestTypes.Unit.UnitTestAdapter, Microsoft.VisualStudio.QualityTools.Tips.UnitTest.Adapter, Version=10.0.0.0, Culture=neutral, PublicKeyToken=b03f5f7f11d50a3a" className="Tests.DiseñoInsumoTDGTest, Tests, Version=1.0.0.0, Culture=neutral, PublicKeyToken=null" name="borrarDiseñoInsumoTest" />
    </UnitTest>
    <UnitTest name="listarArticulosPorPrendaTest" storage="c:\users\diego\documents\visual studio 2010\projects\uniprof\tests\bin\debug\tests.dll" id="7187fc52-08ae-19d9-62d2-a1273ba98de3">
      <Execution id="a055bc29-c11c-4b53-b00b-14c5f8292d4b" />
      <TestMethod codeBase="C:/Users/Diego/Documents/Visual Studio 2010/Projects/Uniprof/Tests/bin/Debug/Tests.DLL" adapterTypeName="Microsoft.VisualStudio.TestTools.TestTypes.Unit.UnitTestAdapter, Microsoft.VisualStudio.QualityTools.Tips.UnitTest.Adapter, Version=10.0.0.0, Culture=neutral, PublicKeyToken=b03f5f7f11d50a3a" className="Tests.ArticuloRepositorioTest, Tests, Version=1.0.0.0, Culture=neutral, PublicKeyToken=null" name="listarArticulosPorPrendaTest" />
    </UnitTest>
    <UnitTest name="actualizaOrdenDeCompraTest" storage="c:\users\diego\documents\visual studio 2010\projects\uniprof\tests\bin\debug\tests.dll" id="77a70718-b08f-850c-1bf3-10dbbe443592">
      <Execution id="f28bd337-81de-4a60-9c2a-bea064667f38" />
      <TestMethod codeBase="C:/Users/Diego/Documents/Visual Studio 2010/Projects/Uniprof/Tests/bin/Debug/Tests.DLL" adapterTypeName="Microsoft.VisualStudio.TestTools.TestTypes.Unit.UnitTestAdapter, Microsoft.VisualStudio.QualityTools.Tips.UnitTest.Adapter, Version=10.0.0.0, Culture=neutral, PublicKeyToken=b03f5f7f11d50a3a" className="Tests.OrdenCompraBusinessTest, Tests, Version=1.0.0.0, Culture=neutral, PublicKeyToken=null" name="actualizaOrdenDeCompraTest" />
    </UnitTest>
    <UnitTest name="guardarClienteTest" storage="c:\users\diego\documents\visual studio 2010\projects\uniprof\tests\bin\debug\tests.dll" id="b09f0486-3351-5bc5-0d5a-f108852661b1">
      <Execution id="474c6138-4c27-4cbe-887c-86e231fd359f" />
      <TestMethod codeBase="C:/Users/Diego/Documents/Visual Studio 2010/Projects/Uniprof/Tests/bin/Debug/Tests.DLL" adapterTypeName="Microsoft.VisualStudio.TestTools.TestTypes.Unit.UnitTestAdapter, Microsoft.VisualStudio.QualityTools.Tips.UnitTest.Adapter, Version=10.0.0.0, Culture=neutral, PublicKeyToken=b03f5f7f11d50a3a" className="Tests.ClienteRepositorioTest, Tests, Version=1.0.0.0, Culture=neutral, PublicKeyToken=null" name="guardarClienteTest" />
    </UnitTest>
    <UnitTest name="borrarFamiliaTest" storage="c:\users\diego\documents\visual studio 2010\projects\uniprof\tests\bin\debug\tests.dll" id="53977503-45e6-020c-cee1-a5a2bdcb3045">
      <Execution id="9b01d1db-1bf7-4d28-9fa3-fbd8f78ce52a" />
      <TestMethod codeBase="C:/Users/Diego/Documents/Visual Studio 2010/Projects/Uniprof/Tests/bin/Debug/Tests.DLL" adapterTypeName="Microsoft.VisualStudio.TestTools.TestTypes.Unit.UnitTestAdapter, Microsoft.VisualStudio.QualityTools.Tips.UnitTest.Adapter, Version=10.0.0.0, Culture=neutral, PublicKeyToken=b03f5f7f11d50a3a" className="Tests.FamiliaTDGTest, Tests, Version=1.0.0.0, Culture=neutral, PublicKeyToken=null" name="borrarFamiliaTest" />
    </UnitTest>
    <UnitTest name="grabarTest" storage="c:\users\diego\documents\visual studio 2010\projects\uniprof\tests\bin\debug\tests.dll" id="42bc7f23-0a71-a17c-783c-a7c1f6e66d7c">
      <Execution id="2f924eff-1b5a-484f-98d3-f10146d10cb1" />
      <TestMethod codeBase="C:/Users/Diego/Documents/Visual Studio 2010/Projects/Uniprof/Tests/bin/Debug/Tests.DLL" adapterTypeName="Microsoft.VisualStudio.TestTools.TestTypes.Unit.UnitTestAdapter, Microsoft.VisualStudio.QualityTools.Tips.UnitTest.Adapter, Version=10.0.0.0, Culture=neutral, PublicKeyToken=b03f5f7f11d50a3a" className="Tests.ProveedorBusinessTest, Tests, Version=1.0.0.0, Culture=neutral, PublicKeyToken=null" name="grabarTest" />
    </UnitTest>
    <UnitTest name="buscarPrendasPorIDTest" storage="c:\users\diego\documents\visual studio 2010\projects\uniprof\tests\bin\debug\tests.dll" id="80e94a1b-f37e-ea8a-5357-ae59cc6e5e45">
      <Execution id="17b7b9f0-59d6-44df-92ee-d4623a5b2909" />
      <TestMethod codeBase="C:/Users/Diego/Documents/Visual Studio 2010/Projects/Uniprof/Tests/bin/Debug/Tests.DLL" adapterTypeName="Microsoft.VisualStudio.TestTools.TestTypes.Unit.UnitTestAdapter, Microsoft.VisualStudio.QualityTools.Tips.UnitTest.Adapter, Version=10.0.0.0, Culture=neutral, PublicKeyToken=b03f5f7f11d50a3a" className="Tests.TipoPrendaTDGTest, Tests, Version=1.0.0.0, Culture=neutral, PublicKeyToken=null" name="buscarPrendasPorIDTest" />
    </UnitTest>
    <UnitTest name="cargarMovimientosConRestriccionesTest" storage="c:\users\diego\documents\visual studio 2010\projects\uniprof\tests\bin\debug\tests.dll" id="0d3f2b5f-2310-d53e-af58-1c0f5f09df9f">
      <Execution id="7e339170-3c55-4aa2-8dd6-b7c0545790c1" />
      <TestMethod codeBase="C:/Users/Diego/Documents/Visual Studio 2010/Projects/Uniprof/Tests/bin/Debug/Tests.DLL" adapterTypeName="Microsoft.VisualStudio.TestTools.TestTypes.Unit.UnitTestAdapter, Microsoft.VisualStudio.QualityTools.Tips.UnitTest.Adapter, Version=10.0.0.0, Culture=neutral, PublicKeyToken=b03f5f7f11d50a3a" className="Tests.MovimientoCuentaProveedorTDGTest, Tests, Version=1.0.0.0, Culture=neutral, PublicKeyToken=null" name="cargarMovimientosConRestriccionesTest" />
    </UnitTest>
    <UnitTest name="listarProduccionPorCodigoTest" storage="c:\users\diego\documents\visual studio 2010\projects\uniprof\tests\bin\debug\tests.dll" id="61c2c67d-a8aa-50cc-81fa-b25eafff855b">
      <Execution id="f5da3544-4c46-42da-9e72-7b92a9753c3d" />
      <TestMethod codeBase="C:/Users/Diego/Documents/Visual Studio 2010/Projects/Uniprof/Tests/bin/Debug/Tests.DLL" adapterTypeName="Microsoft.VisualStudio.TestTools.TestTypes.Unit.UnitTestAdapter, Microsoft.VisualStudio.QualityTools.Tips.UnitTest.Adapter, Version=10.0.0.0, Culture=neutral, PublicKeyToken=b03f5f7f11d50a3a" className="Tests.ProduccionRepositorioTest, Tests, Version=1.0.0.0, Culture=neutral, PublicKeyToken=null" name="listarProduccionPorCodigoTest" />
    </UnitTest>
    <UnitTest name="cargarTest" storage="c:\users\diego\documents\visual studio 2010\projects\uniprof\tests\bin\debug\tests.dll" id="26a546ff-2782-4a5a-0d01-d730f8d08c9d">
      <Execution id="c763542e-5308-43ba-a68c-95f33feba77b" />
      <TestMethod codeBase="C:/Users/Diego/Documents/Visual Studio 2010/Projects/Uniprof/Tests/bin/Debug/Tests.DLL" adapterTypeName="Microsoft.VisualStudio.TestTools.TestTypes.Unit.UnitTestAdapter, Microsoft.VisualStudio.QualityTools.Tips.UnitTest.Adapter, Version=10.0.0.0, Culture=neutral, PublicKeyToken=b03f5f7f11d50a3a" className="Tests.ConversacionTDGTest, Tests, Version=1.0.0.0, Culture=neutral, PublicKeyToken=null" name="cargarTest" />
    </UnitTest>
    <UnitTest name="grabarMovimientosClienteTest" storage="c:\users\diego\documents\visual studio 2010\projects\uniprof\tests\bin\debug\tests.dll" id="5a471128-b46d-a047-f96f-afe4f1f9ce56">
      <Execution id="2514a8ff-ca13-4cee-9fec-eeedb6628ffc" />
      <TestMethod codeBase="C:/Users/Diego/Documents/Visual Studio 2010/Projects/Uniprof/Tests/bin/Debug/Tests.DLL" adapterTypeName="Microsoft.VisualStudio.TestTools.TestTypes.Unit.UnitTestAdapter, Microsoft.VisualStudio.QualityTools.Tips.UnitTest.Adapter, Version=10.0.0.0, Culture=neutral, PublicKeyToken=b03f5f7f11d50a3a" className="Tests.MovimientoCuentaClienteTDGTest, Tests, Version=1.0.0.0, Culture=neutral, PublicKeyToken=null" name="grabarMovimientosClienteTest" />
    </UnitTest>
    <UnitTest name="listarInsumosPorCodigoTest" storage="c:\users\diego\documents\visual studio 2010\projects\uniprof\tests\bin\debug\tests.dll" id="75cbbdb7-6249-18c8-32b2-1920235c1d97">
      <Execution id="0edb010c-56ae-4e5c-9e77-86bc6279c8ba" />
      <TestMethod codeBase="C:/Users/Diego/Documents/Visual Studio 2010/Projects/Uniprof/Tests/bin/Debug/Tests.DLL" adapterTypeName="Microsoft.VisualStudio.TestTools.TestTypes.Unit.UnitTestAdapter, Microsoft.VisualStudio.QualityTools.Tips.UnitTest.Adapter, Version=10.0.0.0, Culture=neutral, PublicKeyToken=b03f5f7f11d50a3a" className="Tests.InsumoBusinessTest, Tests, Version=1.0.0.0, Culture=neutral, PublicKeyToken=null" name="listarInsumosPorCodigoTest" />
    </UnitTest>
    <UnitTest name="modificarHistoricoEstadosTest" storage="c:\users\diego\documents\visual studio 2010\projects\uniprof\tests\bin\debug\tests.dll" id="a8a939dd-3559-39c4-d3e6-695f82176ab4">
      <Execution id="bb67b692-4c51-4266-8631-091f540dfa6a" />
      <TestMethod codeBase="C:/Users/Diego/Documents/Visual Studio 2010/Projects/Uniprof/Tests/bin/Debug/Tests.DLL" adapterTypeName="Microsoft.VisualStudio.TestTools.TestTypes.Unit.UnitTestAdapter, Microsoft.VisualStudio.QualityTools.Tips.UnitTest.Adapter, Version=10.0.0.0, Culture=neutral, PublicKeyToken=b03f5f7f11d50a3a" className="Tests.HistoricoEstadosPedidoTDGTest, Tests, Version=1.0.0.0, Culture=neutral, PublicKeyToken=null" name="modificarHistoricoEstadosTest" />
    </UnitTest>
    <UnitTest name="grabarHistoricoEstadosTest" storage="c:\users\diego\documents\visual studio 2010\projects\uniprof\tests\bin\debug\tests.dll" id="24d98172-4e51-96b3-ef4d-cd0ed2a98c18">
      <Execution id="d7d2a0e9-d5ef-455b-afc4-767756c92cba" />
      <TestMethod codeBase="C:/Users/Diego/Documents/Visual Studio 2010/Projects/Uniprof/Tests/bin/Debug/Tests.DLL" adapterTypeName="Microsoft.VisualStudio.TestTools.TestTypes.Unit.UnitTestAdapter, Microsoft.VisualStudio.QualityTools.Tips.UnitTest.Adapter, Version=10.0.0.0, Culture=neutral, PublicKeyToken=b03f5f7f11d50a3a" className="Tests.HistoricoEstadosProduccionTDGTest, Tests, Version=1.0.0.0, Culture=neutral, PublicKeyToken=null" name="grabarHistoricoEstadosTest" />
    </UnitTest>
    <UnitTest name="listarPedidosConRestriccionTest" storage="c:\users\diego\documents\visual studio 2010\projects\uniprof\tests\bin\debug\tests.dll" id="83ce9798-d52f-2f3d-8537-200546cde5a9">
      <Execution id="14260765-3a05-4ff0-bec9-efccf77ddb81" />
      <TestMethod codeBase="C:/Users/Diego/Documents/Visual Studio 2010/Projects/Uniprof/Tests/bin/Debug/Tests.DLL" adapterTypeName="Microsoft.VisualStudio.TestTools.TestTypes.Unit.UnitTestAdapter, Microsoft.VisualStudio.QualityTools.Tips.UnitTest.Adapter, Version=10.0.0.0, Culture=neutral, PublicKeyToken=b03f5f7f11d50a3a" className="Tests.PedidoBusinessTest, Tests, Version=1.0.0.0, Culture=neutral, PublicKeyToken=null" name="listarPedidosConRestriccionTest" />
    </UnitTest>
    <UnitTest name="grabarFacturasTest" storage="c:\users\diego\documents\visual studio 2010\projects\uniprof\tests\bin\debug\tests.dll" id="e4b047bc-e01c-35c0-ab7e-ab1c5de8674f">
      <Execution id="9109b181-a89c-48ae-8015-df061f6a9bda" />
      <TestMethod codeBase="C:/Users/Diego/Documents/Visual Studio 2010/Projects/Uniprof/Tests/bin/Debug/Tests.DLL" adapterTypeName="Microsoft.VisualStudio.TestTools.TestTypes.Unit.UnitTestAdapter, Microsoft.VisualStudio.QualityTools.Tips.UnitTest.Adapter, Version=10.0.0.0, Culture=neutral, PublicKeyToken=b03f5f7f11d50a3a" className="Tests.OrdenDeCompraTDGTest, Tests, Version=1.0.0.0, Culture=neutral, PublicKeyToken=null" name="grabarFacturasTest" />
    </UnitTest>
    <UnitTest name="borrarFamiliaTest" storage="c:\users\diego\documents\visual studio 2010\projects\uniprof\tests\bin\debug\tests.dll" id="d6a986e5-8b98-e2f2-cef0-92190831ed08">
      <Execution id="9de75b51-e67b-46bf-a69e-c4d5cf056ae5" />
      <TestMethod codeBase="C:/Users/Diego/Documents/Visual Studio 2010/Projects/Uniprof/Tests/bin/Debug/Tests.DLL" adapterTypeName="Microsoft.VisualStudio.TestTools.TestTypes.Unit.UnitTestAdapter, Microsoft.VisualStudio.QualityTools.Tips.UnitTest.Adapter, Version=10.0.0.0, Culture=neutral, PublicKeyToken=b03f5f7f11d50a3a" className="Tests.FamiliaBusinessTest, Tests, Version=1.0.0.0, Culture=neutral, PublicKeyToken=null" name="borrarFamiliaTest" />
    </UnitTest>
    <UnitTest name="saveTest" storage="c:\users\diego\documents\visual studio 2010\projects\uniprof\tests\bin\debug\tests.dll" id="e337de86-0746-0ac2-0c5c-30365e74f01b">
      <Execution id="9f222ab0-f357-490d-8168-60129d0db5bc" />
      <TestMethod codeBase="C:/Users/Diego/Documents/Visual Studio 2010/Projects/Uniprof/Tests/bin/Debug/Tests.DLL" adapterTypeName="Microsoft.VisualStudio.TestTools.TestTypes.Unit.UnitTestAdapter, Microsoft.VisualStudio.QualityTools.Tips.UnitTest.Adapter, Version=10.0.0.0, Culture=neutral, PublicKeyToken=b03f5f7f11d50a3a" className="Tests.DataAccesObjectTest, Tests, Version=1.0.0.0, Culture=neutral, PublicKeyToken=null" name="saveTest" />
    </UnitTest>
    <UnitTest name="grabarOpinionTest" storage="c:\users\diego\documents\visual studio 2010\projects\uniprof\tests\bin\debug\tests.dll" id="fe850dae-beb0-69bb-1831-4463cca49bfb">
      <Execution id="627526ee-95a8-424c-b761-0f5b807d9ab0" />
      <TestMethod codeBase="C:/Users/Diego/Documents/Visual Studio 2010/Projects/Uniprof/Tests/bin/Debug/Tests.DLL" adapterTypeName="Microsoft.VisualStudio.TestTools.TestTypes.Unit.UnitTestAdapter, Microsoft.VisualStudio.QualityTools.Tips.UnitTest.Adapter, Version=10.0.0.0, Culture=neutral, PublicKeyToken=b03f5f7f11d50a3a" className="Tests.OpinionRepositorioTest, Tests, Version=1.0.0.0, Culture=neutral, PublicKeyToken=null" name="grabarOpinionTest" />
    </UnitTest>
    <UnitTest name="modificarHistoricoEstadosTest" storage="c:\users\diego\documents\visual studio 2010\projects\uniprof\tests\bin\debug\tests.dll" id="6e20bc5d-0f12-b6d7-ba69-ad542caad9f6">
      <Execution id="b6691cd4-dc3b-449f-9ec6-405034d47f71" />
      <TestMethod codeBase="C:/Users/Diego/Documents/Visual Studio 2010/Projects/Uniprof/Tests/bin/Debug/Tests.DLL" adapterTypeName="Microsoft.VisualStudio.TestTools.TestTypes.Unit.UnitTestAdapter, Microsoft.VisualStudio.QualityTools.Tips.UnitTest.Adapter, Version=10.0.0.0, Culture=neutral, PublicKeyToken=b03f5f7f11d50a3a" className="Tests.HistoricoEstadosProduccionTDGTest, Tests, Version=1.0.0.0, Culture=neutral, PublicKeyToken=null" name="modificarHistoricoEstadosTest" />
    </UnitTest>
    <UnitTest name="buscarPrendasPorDescripcionTest" storage="c:\users\diego\documents\visual studio 2010\projects\uniprof\tests\bin\debug\tests.dll" id="3c12ed63-05b7-6919-12b1-8653c094ff5f">
      <Execution id="c8557be7-66e7-429b-8658-17d41395dbf6" />
      <TestMethod codeBase="C:/Users/Diego/Documents/Visual Studio 2010/Projects/Uniprof/Tests/bin/Debug/Tests.DLL" adapterTypeName="Microsoft.VisualStudio.TestTools.TestTypes.Unit.UnitTestAdapter, Microsoft.VisualStudio.QualityTools.Tips.UnitTest.Adapter, Version=10.0.0.0, Culture=neutral, PublicKeyToken=b03f5f7f11d50a3a" className="Tests.TipoPrendaTDGTest, Tests, Version=1.0.0.0, Culture=neutral, PublicKeyToken=null" name="buscarPrendasPorDescripcionTest" />
    </UnitTest>
    <UnitTest name="grabarNewsletterTest" storage="c:\users\diego\documents\visual studio 2010\projects\uniprof\tests\bin\debug\tests.dll" id="aad710b2-cbba-4fa8-20b9-0a83a5267460">
      <Execution id="ae240734-c9e3-4fd2-a927-8a473ee6cc5b" />
      <TestMethod codeBase="C:/Users/Diego/Documents/Visual Studio 2010/Projects/Uniprof/Tests/bin/Debug/Tests.DLL" adapterTypeName="Microsoft.VisualStudio.TestTools.TestTypes.Unit.UnitTestAdapter, Microsoft.VisualStudio.QualityTools.Tips.UnitTest.Adapter, Version=10.0.0.0, Culture=neutral, PublicKeyToken=b03f5f7f11d50a3a" className="Tests.NewsletterTDGTest, Tests, Version=1.0.0.0, Culture=neutral, PublicKeyToken=null" name="grabarNewsletterTest" />
    </UnitTest>
    <UnitTest name="listarMovimientosPorClienteTest" storage="c:\users\diego\documents\visual studio 2010\projects\uniprof\tests\bin\debug\tests.dll" id="c931a490-990c-5326-1530-0428c428a145">
      <Execution id="6564a9ed-28d3-433c-954b-e708703d424c" />
      <TestMethod codeBase="C:/Users/Diego/Documents/Visual Studio 2010/Projects/Uniprof/Tests/bin/Debug/Tests.DLL" adapterTypeName="Microsoft.VisualStudio.TestTools.TestTypes.Unit.UnitTestAdapter, Microsoft.VisualStudio.QualityTools.Tips.UnitTest.Adapter, Version=10.0.0.0, Culture=neutral, PublicKeyToken=b03f5f7f11d50a3a" className="Tests.MovimientoCuentaClienteRepositorioTest, Tests, Version=1.0.0.0, Culture=neutral, PublicKeyToken=null" name="listarMovimientosPorClienteTest" />
    </UnitTest>
    <UnitTest name="actualizarMaquinaTest" storage="c:\users\diego\documents\visual studio 2010\projects\uniprof\tests\bin\debug\tests.dll" id="542e3d8e-c605-852a-af9b-310782faad08">
      <Execution id="4ccca92e-694f-4d97-95c8-c210b3d036c6" />
      <TestMethod codeBase="C:/Users/Diego/Documents/Visual Studio 2010/Projects/Uniprof/Tests/bin/Debug/Tests.DLL" adapterTypeName="Microsoft.VisualStudio.TestTools.TestTypes.Unit.UnitTestAdapter, Microsoft.VisualStudio.QualityTools.Tips.UnitTest.Adapter, Version=10.0.0.0, Culture=neutral, PublicKeyToken=b03f5f7f11d50a3a" className="Tests.MaquinaRepositorioTest, Tests, Version=1.0.0.0, Culture=neutral, PublicKeyToken=null" name="actualizarMaquinaTest" />
    </UnitTest>
    <UnitTest name="listarMovimientosPorClienteTest" storage="c:\users\diego\documents\visual studio 2010\projects\uniprof\tests\bin\debug\tests.dll" id="41ca50b2-af08-ebb5-fe81-0171706b4196">
      <Execution id="e42d4f53-03dd-4f20-b95e-ffc8303cfddf" />
      <TestMethod codeBase="C:/Users/Diego/Documents/Visual Studio 2010/Projects/Uniprof/Tests/bin/Debug/Tests.DLL" adapterTypeName="Microsoft.VisualStudio.TestTools.TestTypes.Unit.UnitTestAdapter, Microsoft.VisualStudio.QualityTools.Tips.UnitTest.Adapter, Version=10.0.0.0, Culture=neutral, PublicKeyToken=b03f5f7f11d50a3a" className="Tests.MovimientoClienteBusinessTest, Tests, Version=1.0.0.0, Culture=neutral, PublicKeyToken=null" name="listarMovimientosPorClienteTest" />
    </UnitTest>
    <UnitTest name="grabarUsuarioTest" storage="c:\users\diego\documents\visual studio 2010\projects\uniprof\tests\bin\debug\tests.dll" id="59186e93-3595-d080-b439-d655c96ab973">
      <Execution id="55573493-c61e-4bfc-94b2-8aa05aeada97" />
      <TestMethod codeBase="C:/Users/Diego/Documents/Visual Studio 2010/Projects/Uniprof/Tests/bin/Debug/Tests.DLL" adapterTypeName="Microsoft.VisualStudio.TestTools.TestTypes.Unit.UnitTestAdapter, Microsoft.VisualStudio.QualityTools.Tips.UnitTest.Adapter, Version=10.0.0.0, Culture=neutral, PublicKeyToken=b03f5f7f11d50a3a" className="Tests.UsuarioRepositorioTest, Tests, Version=1.0.0.0, Culture=neutral, PublicKeyToken=null" name="grabarUsuarioTest" />
    </UnitTest>
    <UnitTest name="cargarLineasFacturaTest" storage="c:\users\diego\documents\visual studio 2010\projects\uniprof\tests\bin\debug\tests.dll" id="302f391e-539b-a40e-3606-007f4a4a5dfd">
      <Execution id="b6fdd892-0c7f-4979-a8a3-7a29272d5acf" />
      <TestMethod codeBase="C:/Users/Diego/Documents/Visual Studio 2010/Projects/Uniprof/Tests/bin/Debug/Tests.DLL" adapterTypeName="Microsoft.VisualStudio.TestTools.TestTypes.Unit.UnitTestAdapter, Microsoft.VisualStudio.QualityTools.Tips.UnitTest.Adapter, Version=10.0.0.0, Culture=neutral, PublicKeyToken=b03f5f7f11d50a3a" className="Tests.LineaFacturaTDGTest, Tests, Version=1.0.0.0, Culture=neutral, PublicKeyToken=null" name="cargarLineasFacturaTest" />
    </UnitTest>
    <UnitTest name="grabarProduccionTest" storage="c:\users\diego\documents\visual studio 2010\projects\uniprof\tests\bin\debug\tests.dll" id="4470df03-406c-ac4c-036b-0433b2842ca5">
      <Execution id="a80af74d-70f4-4225-94f6-89b0e57723cb" />
      <TestMethod codeBase="C:/Users/Diego/Documents/Visual Studio 2010/Projects/Uniprof/Tests/bin/Debug/Tests.DLL" adapterTypeName="Microsoft.VisualStudio.TestTools.TestTypes.Unit.UnitTestAdapter, Microsoft.VisualStudio.QualityTools.Tips.UnitTest.Adapter, Version=10.0.0.0, Culture=neutral, PublicKeyToken=b03f5f7f11d50a3a" className="Tests.ProduccionTDGTest, Tests, Version=1.0.0.0, Culture=neutral, PublicKeyToken=null" name="grabarProduccionTest" />
    </UnitTest>
    <UnitTest name="grabarMaquinaTest" storage="c:\users\diego\documents\visual studio 2010\projects\uniprof\tests\bin\debug\tests.dll" id="ceeacb60-5ff3-0690-b3df-e29e915ef784">
      <Execution id="f0ab1f0a-43ae-490f-8a05-181e2a42894c" />
      <TestMethod codeBase="C:/Users/Diego/Documents/Visual Studio 2010/Projects/Uniprof/Tests/bin/Debug/Tests.DLL" adapterTypeName="Microsoft.VisualStudio.TestTools.TestTypes.Unit.UnitTestAdapter, Microsoft.VisualStudio.QualityTools.Tips.UnitTest.Adapter, Version=10.0.0.0, Culture=neutral, PublicKeyToken=b03f5f7f11d50a3a" className="Tests.MaquinaRepositorioTest, Tests, Version=1.0.0.0, Culture=neutral, PublicKeyToken=null" name="grabarMaquinaTest" />
    </UnitTest>
    <UnitTest name="ejecutarConsultaTest" storage="c:\users\diego\documents\visual studio 2010\projects\uniprof\tests\bin\debug\tests.dll" id="42d34e85-28e2-30e8-a414-32919f9963a2">
      <Execution id="b6fb7fbd-dce8-4594-982e-eaca561f3fb9" />
      <TestMethod codeBase="C:/Users/Diego/Documents/Visual Studio 2010/Projects/Uniprof/Tests/bin/Debug/Tests.DLL" adapterTypeName="Microsoft.VisualStudio.TestTools.TestTypes.Unit.UnitTestAdapter, Microsoft.VisualStudio.QualityTools.Tips.UnitTest.Adapter, Version=10.0.0.0, Culture=neutral, PublicKeyToken=b03f5f7f11d50a3a" className="Tests.DataAccesObjectTest, Tests, Version=1.0.0.0, Culture=neutral, PublicKeyToken=null" name="ejecutarConsultaTest" />
    </UnitTest>
    <UnitTest name="calcularPosiblesFechasTest2" storage="c:\users\diego\documents\visual studio 2010\projects\uniprof\tests\bin\debug\tests.dll" id="3a69785d-69f1-1ae3-6647-f1fbd5f0c79c">
      <Execution id="4bdc9fb4-658a-4fb2-aeda-f085db14e53e" />
      <TestMethod codeBase="C:/Users/Diego/Documents/Visual Studio 2010/Projects/Uniprof/Tests/bin/Debug/Tests.DLL" adapterTypeName="Microsoft.VisualStudio.TestTools.TestTypes.Unit.UnitTestAdapter, Microsoft.VisualStudio.QualityTools.Tips.UnitTest.Adapter, Version=10.0.0.0, Culture=neutral, PublicKeyToken=b03f5f7f11d50a3a" className="Tests.ProduccionBusinessTest, Tests, Version=1.0.0.0, Culture=neutral, PublicKeyToken=null" name="calcularPosiblesFechasTest2" />
    </UnitTest>
    <UnitTest name="listarOrdenDeComprasPorIdTest" storage="c:\users\diego\documents\visual studio 2010\projects\uniprof\tests\bin\debug\tests.dll" id="2b495ffb-2b2e-0cf5-2875-0685d0724d3c">
      <Execution id="e8d10794-66aa-4af1-a870-5fa6df4d65fd" />
      <TestMethod codeBase="C:/Users/Diego/Documents/Visual Studio 2010/Projects/Uniprof/Tests/bin/Debug/Tests.DLL" adapterTypeName="Microsoft.VisualStudio.TestTools.TestTypes.Unit.UnitTestAdapter, Microsoft.VisualStudio.QualityTools.Tips.UnitTest.Adapter, Version=10.0.0.0, Culture=neutral, PublicKeyToken=b03f5f7f11d50a3a" className="Tests.OrdenCompraBusinessTest, Tests, Version=1.0.0.0, Culture=neutral, PublicKeyToken=null" name="listarOrdenDeComprasPorIdTest" />
    </UnitTest>
    <UnitTest name="listarInsumosConRestriccionesTest" storage="c:\users\diego\documents\visual studio 2010\projects\uniprof\tests\bin\debug\tests.dll" id="09863448-141d-d561-d286-b118ec566d97">
      <Execution id="0500ec77-1f59-49d5-aea8-48c598e8ac13" />
      <TestMethod codeBase="C:/Users/Diego/Documents/Visual Studio 2010/Projects/Uniprof/Tests/bin/Debug/Tests.DLL" adapterTypeName="Microsoft.VisualStudio.TestTools.TestTypes.Unit.UnitTestAdapter, Microsoft.VisualStudio.QualityTools.Tips.UnitTest.Adapter, Version=10.0.0.0, Culture=neutral, PublicKeyToken=b03f5f7f11d50a3a" className="Tests.InsumoBusinessTest, Tests, Version=1.0.0.0, Culture=neutral, PublicKeyToken=null" name="listarInsumosConRestriccionesTest" />
    </UnitTest>
    <UnitTest name="modificarMaquinaTest" storage="c:\users\diego\documents\visual studio 2010\projects\uniprof\tests\bin\debug\tests.dll" id="fed9e610-805c-d98a-9231-d2a52d8e3441">
      <Execution id="0cc0503d-425e-4b8b-a845-fcc1fce3f48f" />
      <TestMethod codeBase="C:/Users/Diego/Documents/Visual Studio 2010/Projects/Uniprof/Tests/bin/Debug/Tests.DLL" adapterTypeName="Microsoft.VisualStudio.TestTools.TestTypes.Unit.UnitTestAdapter, Microsoft.VisualStudio.QualityTools.Tips.UnitTest.Adapter, Version=10.0.0.0, Culture=neutral, PublicKeyToken=b03f5f7f11d50a3a" className="Tests.MaterialesBusinessTest, Tests, Version=1.0.0.0, Culture=neutral, PublicKeyToken=null" name="modificarMaquinaTest" />
    </UnitTest>
    <UnitTest name="buscarDiseñoInsumoConRestriccionesTest" storage="c:\users\diego\documents\visual studio 2010\projects\uniprof\tests\bin\debug\tests.dll" id="4e213555-50ef-010c-9653-9ed4341cc7e4">
      <Execution id="50d4bdab-a562-466d-8f82-bc77fa7ad5cd" />
      <TestMethod codeBase="C:/Users/Diego/Documents/Visual Studio 2010/Projects/Uniprof/Tests/bin/Debug/Tests.DLL" adapterTypeName="Microsoft.VisualStudio.TestTools.TestTypes.Unit.UnitTestAdapter, Microsoft.VisualStudio.QualityTools.Tips.UnitTest.Adapter, Version=10.0.0.0, Culture=neutral, PublicKeyToken=b03f5f7f11d50a3a" className="Tests.DiseñoInsumoTDGTest, Tests, Version=1.0.0.0, Culture=neutral, PublicKeyToken=null" name="buscarDiseñoInsumoConRestriccionesTest" />
    </UnitTest>
    <UnitTest name="actualizarNewsletterTest" storage="c:\users\diego\documents\visual studio 2010\projects\uniprof\tests\bin\debug\tests.dll" id="f6c04c30-f707-2281-f731-8598fcdc8f9b">
      <Execution id="6e38cd44-7a82-4952-838a-d7116513a408" />
      <TestMethod codeBase="C:/Users/Diego/Documents/Visual Studio 2010/Projects/Uniprof/Tests/bin/Debug/Tests.DLL" adapterTypeName="Microsoft.VisualStudio.TestTools.TestTypes.Unit.UnitTestAdapter, Microsoft.VisualStudio.QualityTools.Tips.UnitTest.Adapter, Version=10.0.0.0, Culture=neutral, PublicKeyToken=b03f5f7f11d50a3a" className="Tests.NewsletterBusinessTest, Tests, Version=1.0.0.0, Culture=neutral, PublicKeyToken=null" name="actualizarNewsletterTest" />
    </UnitTest>
    <UnitTest name="actualizarProduccionTest" storage="c:\users\diego\documents\visual studio 2010\projects\uniprof\tests\bin\debug\tests.dll" id="cdf27cc7-0312-7eab-0024-7c2c609d9e03">
      <Execution id="354aa62f-f63a-4519-9e24-a5cb4efffd81" />
      <TestMethod codeBase="C:/Users/Diego/Documents/Visual Studio 2010/Projects/Uniprof/Tests/bin/Debug/Tests.DLL" adapterTypeName="Microsoft.VisualStudio.TestTools.TestTypes.Unit.UnitTestAdapter, Microsoft.VisualStudio.QualityTools.Tips.UnitTest.Adapter, Version=10.0.0.0, Culture=neutral, PublicKeyToken=b03f5f7f11d50a3a" className="Tests.ProduccionRepositorioTest, Tests, Version=1.0.0.0, Culture=neutral, PublicKeyToken=null" name="actualizarProduccionTest" />
    </UnitTest>
    <UnitTest name="cargarlistaPedidosTest" storage="c:\users\diego\documents\visual studio 2010\projects\uniprof\tests\bin\debug\tests.dll" id="466df001-5e88-7941-9225-f5b84ddbea5e">
      <Execution id="c75740a4-5e26-4564-a5de-febe1fa41bac" />
      <TestMethod codeBase="C:/Users/Diego/Documents/Visual Studio 2010/Projects/Uniprof/Tests/bin/Debug/Tests.DLL" adapterTypeName="Microsoft.VisualStudio.TestTools.TestTypes.Unit.UnitTestAdapter, Microsoft.VisualStudio.QualityTools.Tips.UnitTest.Adapter, Version=10.0.0.0, Culture=neutral, PublicKeyToken=b03f5f7f11d50a3a" className="Tests.PedidoTDGTest, Tests, Version=1.0.0.0, Culture=neutral, PublicKeyToken=null" name="cargarlistaPedidosTest" />
    </UnitTest>
    <UnitTest name="actualizarMaquinaTest" storage="c:\users\diego\documents\visual studio 2010\projects\uniprof\tests\bin\debug\tests.dll" id="71db679d-9cd7-f55e-94f9-ae66c93fc299">
      <Execution id="fbf3b460-280d-473f-b971-e25aeeafb9c2" />
      <TestMethod codeBase="C:/Users/Diego/Documents/Visual Studio 2010/Projects/Uniprof/Tests/bin/Debug/Tests.DLL" adapterTypeName="Microsoft.VisualStudio.TestTools.TestTypes.Unit.UnitTestAdapter, Microsoft.VisualStudio.QualityTools.Tips.UnitTest.Adapter, Version=10.0.0.0, Culture=neutral, PublicKeyToken=b03f5f7f11d50a3a" className="Tests.MaterialesBusinessTest, Tests, Version=1.0.0.0, Culture=neutral, PublicKeyToken=null" name="actualizarMaquinaTest" />
    </UnitTest>
    <UnitTest name="cargarMaquinasAptasTest" storage="c:\users\diego\documents\visual studio 2010\projects\uniprof\tests\bin\debug\tests.dll" id="fb8dd2a9-a240-beb6-bd3d-66e4ba26b2aa">
      <Execution id="8017c78f-8648-48d3-ae54-e6d1dbc09096" />
      <TestMethod codeBase="C:/Users/Diego/Documents/Visual Studio 2010/Projects/Uniprof/Tests/bin/Debug/Tests.DLL" adapterTypeName="Microsoft.VisualStudio.TestTools.TestTypes.Unit.UnitTestAdapter, Microsoft.VisualStudio.QualityTools.Tips.UnitTest.Adapter, Version=10.0.0.0, Culture=neutral, PublicKeyToken=b03f5f7f11d50a3a" className="Tests.MaquinaRepositorioTest, Tests, Version=1.0.0.0, Culture=neutral, PublicKeyToken=null" name="cargarMaquinasAptasTest" />
    </UnitTest>
    <UnitTest name="listaPatentesTest" storage="c:\users\diego\documents\visual studio 2010\projects\uniprof\tests\bin\debug\tests.dll" id="fe73d6a0-344d-935f-fa47-83db37554a24">
      <Execution id="791857f2-e3e4-4793-be67-ddc1058ace8d" />
      <TestMethod codeBase="C:/Users/Diego/Documents/Visual Studio 2010/Projects/Uniprof/Tests/bin/Debug/Tests.DLL" adapterTypeName="Microsoft.VisualStudio.TestTools.TestTypes.Unit.UnitTestAdapter, Microsoft.VisualStudio.QualityTools.Tips.UnitTest.Adapter, Version=10.0.0.0, Culture=neutral, PublicKeyToken=b03f5f7f11d50a3a" className="Tests.PatenteBusinessTest, Tests, Version=1.0.0.0, Culture=neutral, PublicKeyToken=null" name="listaPatentesTest" />
    </UnitTest>
    <UnitTest name="listarMovimientosTest" storage="c:\users\diego\documents\visual studio 2010\projects\uniprof\tests\bin\debug\tests.dll" id="13647b9a-2c0d-1cd8-34c7-faf3c771ec37">
      <Execution id="8600758c-56e9-4e9e-9972-e3d751874c4e" />
      <TestMethod codeBase="C:/Users/Diego/Documents/Visual Studio 2010/Projects/Uniprof/Tests/bin/Debug/Tests.DLL" adapterTypeName="Microsoft.VisualStudio.TestTools.TestTypes.Unit.UnitTestAdapter, Microsoft.VisualStudio.QualityTools.Tips.UnitTest.Adapter, Version=10.0.0.0, Culture=neutral, PublicKeyToken=b03f5f7f11d50a3a" className="Tests.MovimientoCuentaClienteRepositorioTest, Tests, Version=1.0.0.0, Culture=neutral, PublicKeyToken=null" name="listarMovimientosTest" />
    </UnitTest>
    <UnitTest name="buscarTodoTest" storage="c:\users\diego\documents\visual studio 2010\projects\uniprof\tests\bin\debug\tests.dll" id="d71a2e75-d02d-d52f-f44c-1c08c736ccf3">
      <Execution id="e4a558d3-fdd2-4afe-93fb-2c8d25351bf0" />
      <TestMethod codeBase="C:/Users/Diego/Documents/Visual Studio 2010/Projects/Uniprof/Tests/bin/Debug/Tests.DLL" adapterTypeName="Microsoft.VisualStudio.TestTools.TestTypes.Unit.UnitTestAdapter, Microsoft.VisualStudio.QualityTools.Tips.UnitTest.Adapter, Version=10.0.0.0, Culture=neutral, PublicKeyToken=b03f5f7f11d50a3a" className="Tests.ProduccionOperadorTDGTest, Tests, Version=1.0.0.0, Culture=neutral, PublicKeyToken=null" name="buscarTodoTest" />
    </UnitTest>
  </TestDefinitions>
  <TestLists>
    <TestList name="Results Not in a List" id="8c84fa94-04c1-424b-9868-57a2d4851a1d" />
    <TestList name="All Loaded Results" id="19431567-8539-422a-85d7-44ee4e166bda" />
  </TestLists>
  <TestEntries>
    <TestEntry testId="019bd56c-e56a-79a5-09bc-547b99ed981b" executionId="4bee6312-245a-4442-b0fc-d3765ef6ae28" testListId="8c84fa94-04c1-424b-9868-57a2d4851a1d" />
    <TestEntry testId="019cc466-e1e2-1876-80d0-8bd0f4668b2f" executionId="8f92bd59-30f6-420a-9e6c-d835f1571f5b" testListId="8c84fa94-04c1-424b-9868-57a2d4851a1d" />
    <TestEntry testId="0321ef45-ca6a-c46f-356f-5dff04b055f8" executionId="3b23f3c3-bcb4-45bf-a05b-5934436fa410" testListId="8c84fa94-04c1-424b-9868-57a2d4851a1d" />
    <TestEntry testId="036044ea-8d05-b58f-21af-2b8c451629d2" executionId="f8795c85-0de2-4527-b730-eea6967e148e" testListId="8c84fa94-04c1-424b-9868-57a2d4851a1d" />
    <TestEntry testId="046d8853-4c4a-6ed7-e6b4-7cfe78d48668" executionId="76871387-2b63-482b-b81b-e7410f2d79e8" testListId="8c84fa94-04c1-424b-9868-57a2d4851a1d" />
    <TestEntry testId="049d0f88-7bdd-159e-dcba-5d96f972e9a7" executionId="9130584b-f5cc-4309-9a40-eb8114fc6f6c" testListId="8c84fa94-04c1-424b-9868-57a2d4851a1d" />
    <TestEntry testId="04a946fc-19a1-d283-10d5-49de1068346e" executionId="2a9a9919-e1e0-4a5f-8283-7aa9cc22c4e4" testListId="8c84fa94-04c1-424b-9868-57a2d4851a1d" />
    <TestEntry testId="0533de1e-bd84-9f46-95b5-950bf92951b0" executionId="00b4b411-78aa-4984-8b7b-f1c278d7f1f8" testListId="8c84fa94-04c1-424b-9868-57a2d4851a1d" />
    <TestEntry testId="0619da45-f95c-9013-f779-f3a2e41e2ddd" executionId="d1ff5a82-e79e-44b2-947f-470d047bd880" testListId="8c84fa94-04c1-424b-9868-57a2d4851a1d" />
    <TestEntry testId="06ea3cf0-5b85-5241-6e3e-f83627367b47" executionId="be7ece9f-c953-49cf-8ea7-e74106ff20be" testListId="8c84fa94-04c1-424b-9868-57a2d4851a1d" />
    <TestEntry testId="07a2548d-4241-58e9-0562-3d619b418bbb" executionId="5638de60-107d-4d5d-addb-a73178003ffc" testListId="8c84fa94-04c1-424b-9868-57a2d4851a1d" />
    <TestEntry testId="0826b7aa-fcce-4d97-453d-e58eb4a27a97" executionId="8517c506-cd67-4275-a50f-f878c7b10fc5" testListId="8c84fa94-04c1-424b-9868-57a2d4851a1d" />
    <TestEntry testId="09863448-141d-d561-d286-b118ec566d97" executionId="0500ec77-1f59-49d5-aea8-48c598e8ac13" testListId="8c84fa94-04c1-424b-9868-57a2d4851a1d" />
    <TestEntry testId="0a8df61c-a62f-1c66-059f-875171321588" executionId="1ce114c8-cfc2-45d0-b227-c95285e80d1e" testListId="8c84fa94-04c1-424b-9868-57a2d4851a1d" />
    <TestEntry testId="0bbd7a33-36a4-99a4-2cd0-83fd451fea26" executionId="faae7565-af60-4bd1-8e9a-b2fe627713ed" testListId="8c84fa94-04c1-424b-9868-57a2d4851a1d" />
    <TestEntry testId="0d0b6b4c-3d42-300a-bac7-fbab5e0b6cc5" executionId="980bb480-2048-4b11-9bd4-2e8c1a234c0e" testListId="8c84fa94-04c1-424b-9868-57a2d4851a1d" />
    <TestEntry testId="0d3f2b5f-2310-d53e-af58-1c0f5f09df9f" executionId="7e339170-3c55-4aa2-8dd6-b7c0545790c1" testListId="8c84fa94-04c1-424b-9868-57a2d4851a1d" />
    <TestEntry testId="0dd1a643-72f4-8fdd-aebf-659387fe0ecf" executionId="d406e1bd-d116-41b3-89ed-42406003d696" testListId="8c84fa94-04c1-424b-9868-57a2d4851a1d" />
    <TestEntry testId="10b4c1e2-77e8-b6fe-ff2c-b75bd78a1790" executionId="ea8c4bee-3ade-41d5-8889-e26595211995" testListId="8c84fa94-04c1-424b-9868-57a2d4851a1d" />
    <TestEntry testId="1185b585-ef75-6544-19b0-95bea00f10c1" executionId="a7be98be-4703-42ec-848d-d5c6cb72e734" testListId="8c84fa94-04c1-424b-9868-57a2d4851a1d" />
    <TestEntry testId="13283e1a-ebd5-2811-9974-2614dbf7730f" executionId="c6ccc638-e791-44ea-9ddf-1aa5b9dc8368" testListId="8c84fa94-04c1-424b-9868-57a2d4851a1d" />
    <TestEntry testId="132dbdad-c767-c70b-4154-f7166132216a" executionId="1cde5b04-91cd-4824-85cd-e3c10cb427c6" testListId="8c84fa94-04c1-424b-9868-57a2d4851a1d" />
    <TestEntry testId="13496ae0-c24c-3fcb-7178-2789fe5b49ef" executionId="93b3d1a3-6b0e-451c-9c60-f8db605e3627" testListId="8c84fa94-04c1-424b-9868-57a2d4851a1d" />
    <TestEntry testId="13647b9a-2c0d-1cd8-34c7-faf3c771ec37" executionId="8600758c-56e9-4e9e-9972-e3d751874c4e" testListId="8c84fa94-04c1-424b-9868-57a2d4851a1d" />
    <TestEntry testId="14276aa4-72b7-f96c-4fe9-e83b20c4c391" executionId="e2fd222b-17a8-43e5-a654-99366c5a3112" testListId="8c84fa94-04c1-424b-9868-57a2d4851a1d" />
    <TestEntry testId="147439b4-00a7-f2cb-1dec-6270bffba92e" executionId="5172f27f-a289-435b-afbf-21c2477d8098" testListId="8c84fa94-04c1-424b-9868-57a2d4851a1d" />
    <TestEntry testId="1547d2a7-8401-4066-0421-456391521e4e" executionId="d04db527-c70a-4ae9-91bb-785df514e1be" testListId="8c84fa94-04c1-424b-9868-57a2d4851a1d" />
    <TestEntry testId="15781058-9d50-4692-2e7e-53db8e43c13c" executionId="f7112941-cf98-4ff6-8bf7-2ab581b078bf" testListId="8c84fa94-04c1-424b-9868-57a2d4851a1d" />
    <TestEntry testId="15a2dfa0-b5da-ca0f-1901-200d0b50ec37" executionId="6f8ef85a-02da-4f70-b986-4e2104697a14" testListId="8c84fa94-04c1-424b-9868-57a2d4851a1d" />
    <TestEntry testId="15e90031-185d-99ec-c865-633047dc95f1" executionId="5ca2bf1f-878a-4f6a-99b0-6c505f3e0e49" testListId="8c84fa94-04c1-424b-9868-57a2d4851a1d" />
    <TestEntry testId="16d2afdb-fcf6-6658-1d97-2e6156bb9c19" executionId="7a2afd5f-baeb-4118-8b1f-d2cb838376d9" testListId="8c84fa94-04c1-424b-9868-57a2d4851a1d" />
    <TestEntry testId="16ffbd3f-3aee-beef-202b-0a5edf0b4c4f" executionId="a2925584-c78c-45ca-ae56-8143f0861d8d" testListId="8c84fa94-04c1-424b-9868-57a2d4851a1d" />
    <TestEntry testId="179d28ef-c565-5c45-d785-59f1a0626295" executionId="a89bc4f5-dfd2-42fc-99b9-a4471c325966" testListId="8c84fa94-04c1-424b-9868-57a2d4851a1d" />
    <TestEntry testId="19a165a4-d445-e33e-7cb8-0f8a6d509eae" executionId="5f120fda-4802-4fb0-9f95-eabfdf2ec605" testListId="8c84fa94-04c1-424b-9868-57a2d4851a1d" />
    <TestEntry testId="1a2eb27e-5a5f-d0a1-8888-804cc861f69e" executionId="a2f81906-6a83-44b1-a526-de968b210405" testListId="8c84fa94-04c1-424b-9868-57a2d4851a1d" />
    <TestEntry testId="1aa90fb2-a5a8-fc6d-427f-550365a59543" executionId="98d7e36b-aedd-4271-8906-108294233983" testListId="8c84fa94-04c1-424b-9868-57a2d4851a1d" />
    <TestEntry testId="1cbe2801-d19a-9274-15f8-0dba46344245" executionId="ba0bcdfc-05d9-40df-85eb-89b0579779df" testListId="8c84fa94-04c1-424b-9868-57a2d4851a1d" />
    <TestEntry testId="1cca4a40-3e79-045d-0667-c735e9a1087b" executionId="4185fd47-62e4-40cd-856d-e965d1bad0bf" testListId="8c84fa94-04c1-424b-9868-57a2d4851a1d" />
    <TestEntry testId="1cea9887-e3c9-cea8-286a-dd9be44d7403" executionId="ecd9cf70-dee8-4e5e-b573-eb9d2c92fd71" testListId="8c84fa94-04c1-424b-9868-57a2d4851a1d" />
    <TestEntry testId="1e112e87-ecd4-bbc8-5f74-eb12a4718023" executionId="96baf98b-f4a0-40b6-a7d4-6fc0a439f358" testListId="8c84fa94-04c1-424b-9868-57a2d4851a1d" />
    <TestEntry testId="1f18c315-e299-cbd9-ed3a-225fc06b347a" executionId="66740ff3-e878-4e6a-a505-e1206bd0fab1" testListId="8c84fa94-04c1-424b-9868-57a2d4851a1d" />
    <TestEntry testId="1f993eef-b5ac-3548-c940-f219e4216d75" executionId="b696ff9e-5018-4b62-adcf-ae97bd195bf1" testListId="8c84fa94-04c1-424b-9868-57a2d4851a1d" />
    <TestEntry testId="1fb18ed6-06da-35e1-ec67-5275eec70993" executionId="2eb902af-7b0d-4fd7-9aa1-0f4af866ca7e" testListId="8c84fa94-04c1-424b-9868-57a2d4851a1d" />
    <TestEntry testId="20d5f305-5003-b633-f12a-b60950a7d487" executionId="25e685bb-d264-4eca-bd49-5cdf374ac0db" testListId="8c84fa94-04c1-424b-9868-57a2d4851a1d" />
    <TestEntry testId="21f1e20b-dcac-fe9b-670b-02932753806f" executionId="8da440fc-60d5-4e07-8f2f-51aca7dab6ef" testListId="8c84fa94-04c1-424b-9868-57a2d4851a1d" />
    <TestEntry testId="2277aaf3-514d-5d22-b68b-739c3ef345a2" executionId="74ea8b6a-6151-46d1-8d88-6d307cee6074" testListId="8c84fa94-04c1-424b-9868-57a2d4851a1d" />
    <TestEntry testId="231d325e-5b2d-4422-b67b-4aed1bbc3f49" executionId="2d08fdee-1aff-411b-9e11-9081d3f7a39b" testListId="8c84fa94-04c1-424b-9868-57a2d4851a1d" />
    <TestEntry testId="24d98172-4e51-96b3-ef4d-cd0ed2a98c18" executionId="d7d2a0e9-d5ef-455b-afc4-767756c92cba" testListId="8c84fa94-04c1-424b-9868-57a2d4851a1d" />
    <TestEntry testId="251887f2-80b7-06cc-ae64-369889df804d" executionId="5e7be7fc-59b4-4072-99fb-03af52583c46" testListId="8c84fa94-04c1-424b-9868-57a2d4851a1d" />
    <TestEntry testId="254f3c87-cb8f-24cb-6d93-8a60e4e333c0" executionId="2a76c06e-78ad-4d24-be37-73365a2b00b7" testListId="8c84fa94-04c1-424b-9868-57a2d4851a1d" />
    <TestEntry testId="25d73e54-4c45-c0f8-0cc6-cd9d82e5c8a4" executionId="2a69be44-9ed4-4ec7-8584-6c868a92f479" testListId="8c84fa94-04c1-424b-9868-57a2d4851a1d" />
    <TestEntry testId="26a546ff-2782-4a5a-0d01-d730f8d08c9d" executionId="c763542e-5308-43ba-a68c-95f33feba77b" testListId="8c84fa94-04c1-424b-9868-57a2d4851a1d" />
    <TestEntry testId="26d1e25c-63b7-c2c4-03c0-99f8e7631508" executionId="6a5c9672-a3b1-4731-884a-94cd4da7b448" testListId="8c84fa94-04c1-424b-9868-57a2d4851a1d" />
    <TestEntry testId="26e79886-012b-c1dd-53e8-d16d49221a25" executionId="b39559b4-cc96-4f59-9fc8-c4a7b9938fa3" testListId="8c84fa94-04c1-424b-9868-57a2d4851a1d" />
    <TestEntry testId="2807b06d-2424-3984-a9d6-3c90127f0468" executionId="9f719bce-b8b6-4834-a91b-31d81e78a47a" testListId="8c84fa94-04c1-424b-9868-57a2d4851a1d" />
    <TestEntry testId="280aded5-68b9-b810-9a8e-34bdb568fac8" executionId="4fab3780-5963-42a5-b4dd-cf2718c978be" testListId="8c84fa94-04c1-424b-9868-57a2d4851a1d" />
    <TestEntry testId="28e69d1a-8de4-eba9-3792-eae237e8276c" executionId="0b912cfd-aa05-4941-a3d3-38e3e4d0bf48" testListId="8c84fa94-04c1-424b-9868-57a2d4851a1d" />
    <TestEntry testId="29a5da4e-65d5-0422-5e68-618976117f03" executionId="187abb3b-8b88-4b4f-9fe5-d2105f478db5" testListId="8c84fa94-04c1-424b-9868-57a2d4851a1d" />
    <TestEntry testId="29f0136c-6b94-67a3-1d98-7e9ef56e0b01" executionId="d37b695e-fc91-4aa8-a6eb-d5b6b58b4db7" testListId="8c84fa94-04c1-424b-9868-57a2d4851a1d" />
    <TestEntry testId="2a172fd5-1ba6-de08-de7a-3705a01c8b9d" executionId="e8208a65-b545-400d-af28-1a1793157371" testListId="8c84fa94-04c1-424b-9868-57a2d4851a1d" />
    <TestEntry testId="2a2fd5ee-0dc7-50c0-f1c8-c482f09c9964" executionId="b8179633-02f4-4b24-ac63-86029860c7da" testListId="8c84fa94-04c1-424b-9868-57a2d4851a1d" />
    <TestEntry testId="2ae7b1af-8597-a3ce-277b-0dc18037e21f" executionId="19138098-269a-419c-9e49-4ae41b15a559" testListId="8c84fa94-04c1-424b-9868-57a2d4851a1d" />
    <TestEntry testId="2b495ffb-2b2e-0cf5-2875-0685d0724d3c" executionId="e8d10794-66aa-4af1-a870-5fa6df4d65fd" testListId="8c84fa94-04c1-424b-9868-57a2d4851a1d" />
    <TestEntry testId="2bbea6cc-d32e-272a-1a5e-81a0cec727a7" executionId="f3c9400f-1c2b-4aef-a301-9422fe5ba00c" testListId="8c84fa94-04c1-424b-9868-57a2d4851a1d" />
    <TestEntry testId="2c93c645-adc5-bb40-79d7-b39e8ca0fa8c" executionId="e77a8ce9-34cf-4c9e-8a86-d4968d899182" testListId="8c84fa94-04c1-424b-9868-57a2d4851a1d" />
    <TestEntry testId="2dd0d705-2d7c-e989-e9d2-1892c8b66262" executionId="905ec0d6-2362-48ef-93d5-d0beb61cd902" testListId="8c84fa94-04c1-424b-9868-57a2d4851a1d" />
    <TestEntry testId="2e92c0a7-eb38-f9b0-56bc-708e3a1e95b2" executionId="683f02cb-07a1-42e5-83eb-4e0e25bce9f7" testListId="8c84fa94-04c1-424b-9868-57a2d4851a1d" />
    <TestEntry testId="2ecef026-d4ff-850b-2022-72b81bdf2047" executionId="13ee953e-ffe2-4ce3-84a3-26cc8efa5ace" testListId="8c84fa94-04c1-424b-9868-57a2d4851a1d" />
    <TestEntry testId="2f3865ce-701f-5035-c928-beb5bf354e66" executionId="40a2e09a-2d00-43f2-9c6b-a0725b4f0483" testListId="8c84fa94-04c1-424b-9868-57a2d4851a1d" />
    <TestEntry testId="2f942134-eb39-049b-9e6e-2f42e91a8a19" executionId="6b17c9b7-3018-4950-9283-495f2b264c54" testListId="8c84fa94-04c1-424b-9868-57a2d4851a1d" />
    <TestEntry testId="2ff4ab24-8ba8-c855-2fbb-5316fd166e9f" executionId="0f59f25b-1c60-497c-ab0f-5c84eeff00f3" testListId="8c84fa94-04c1-424b-9868-57a2d4851a1d" />
    <TestEntry testId="3022c4e6-888b-2dda-b879-e60c04b5e600" executionId="ec908145-2eb0-4e70-8750-66c4d17ed9b2" testListId="8c84fa94-04c1-424b-9868-57a2d4851a1d" />
    <TestEntry testId="302f391e-539b-a40e-3606-007f4a4a5dfd" executionId="b6fdd892-0c7f-4979-a8a3-7a29272d5acf" testListId="8c84fa94-04c1-424b-9868-57a2d4851a1d" />
    <TestEntry testId="3222f04f-3bb8-b915-7622-11e1c846763f" executionId="e9430ff5-7709-4d52-a300-653b6842a050" testListId="8c84fa94-04c1-424b-9868-57a2d4851a1d" />
    <TestEntry testId="3323acf7-8dc7-360e-f0a1-c4a2fbb9a91e" executionId="7a0a42fc-c151-4c5d-a850-e3fc275601da" testListId="8c84fa94-04c1-424b-9868-57a2d4851a1d" />
    <TestEntry testId="33cb7b57-1952-56c9-afdf-65517595c4dd" executionId="99fbcef3-b1cd-4705-9aed-f4e309f6a6b6" testListId="8c84fa94-04c1-424b-9868-57a2d4851a1d" />
    <TestEntry testId="34308cfd-d506-0b0a-6562-a4e0e8e6e9f3" executionId="b0b27324-efea-46cb-b8b9-5ed9bf9bbeca" testListId="8c84fa94-04c1-424b-9868-57a2d4851a1d" />
    <TestEntry testId="353a1d2f-a022-ae0b-e495-9424c7779e0c" executionId="2dd21bf8-deb2-4cee-af06-4204d67bb927" testListId="8c84fa94-04c1-424b-9868-57a2d4851a1d" />
    <TestEntry testId="364ee525-fb4e-4236-05f2-99b03bc282b2" executionId="24a93efe-0d6e-4224-8b52-739a03885103" testListId="8c84fa94-04c1-424b-9868-57a2d4851a1d" />
    <TestEntry testId="36f9d5ec-47e1-6737-13d6-445eaa622ab8" executionId="46dc8d46-cb7f-4031-b86c-bdab8a40465d" testListId="8c84fa94-04c1-424b-9868-57a2d4851a1d" />
    <TestEntry testId="371ae7d4-9804-8eea-7d23-86fbb28eb5e2" executionId="9c6ec52c-6ea7-4d30-83aa-07546d6938cd" testListId="8c84fa94-04c1-424b-9868-57a2d4851a1d" />
    <TestEntry testId="375be106-944a-05c4-4975-c4a32afdccd6" executionId="520ca5d2-1833-43ea-8ef3-588bd55a7b3b" testListId="8c84fa94-04c1-424b-9868-57a2d4851a1d" />
    <TestEntry testId="37b5db64-970d-c293-40fd-5d0b9fe33e03" executionId="b2faa849-f573-4b2e-98ce-6eea3d1f0caf" testListId="8c84fa94-04c1-424b-9868-57a2d4851a1d" />
    <TestEntry testId="37eb03dd-b0ba-1d1a-150c-82804e7b16da" executionId="d135e1e1-47de-4735-8ed7-fc737f5aaa37" testListId="8c84fa94-04c1-424b-9868-57a2d4851a1d" />
    <TestEntry testId="3814ca38-0b83-b334-0d16-36809809c612" executionId="665dc988-e0cb-48d2-b14c-4ee721d4ee6e" testListId="8c84fa94-04c1-424b-9868-57a2d4851a1d" />
    <TestEntry testId="390965ee-b707-eb4d-f805-7a307d4ab7fa" executionId="97f1e71d-7a2f-460d-9c89-1576352b0f2b" testListId="8c84fa94-04c1-424b-9868-57a2d4851a1d" />
    <TestEntry testId="399698d6-d910-1ab1-d972-fb6aa80639ce" executionId="5d55a790-2916-4507-8daa-a5e09522ed0d" testListId="8c84fa94-04c1-424b-9868-57a2d4851a1d" />
    <TestEntry testId="39eb9513-2b02-9bb1-bfd3-cd5a5b8ce938" executionId="c5d22eac-410e-439b-ae78-b31f9dd97bc8" testListId="8c84fa94-04c1-424b-9868-57a2d4851a1d" />
    <TestEntry testId="3a69785d-69f1-1ae3-6647-f1fbd5f0c79c" executionId="4bdc9fb4-658a-4fb2-aeda-f085db14e53e" testListId="8c84fa94-04c1-424b-9868-57a2d4851a1d" />
    <TestEntry testId="3b15fca6-ba42-6ea6-b114-894cdb11cb16" executionId="d0b05b6b-1445-4421-81c2-b86856f100d2" testListId="8c84fa94-04c1-424b-9868-57a2d4851a1d" />
    <TestEntry testId="3bb3d861-97d5-17ed-e4db-8593f01e3068" executionId="820386c5-6b1a-471f-a4a4-9101feb02dc8" testListId="8c84fa94-04c1-424b-9868-57a2d4851a1d" />
    <TestEntry testId="3c12ed63-05b7-6919-12b1-8653c094ff5f" executionId="c8557be7-66e7-429b-8658-17d41395dbf6" testListId="8c84fa94-04c1-424b-9868-57a2d4851a1d" />
    <TestEntry testId="3cd1a5b2-2061-12b0-4cbc-6da8d643a9e8" executionId="4cfc1785-3abc-42e7-bde7-a3047f1e1d66" testListId="8c84fa94-04c1-424b-9868-57a2d4851a1d" />
    <TestEntry testId="3d34ce3d-2c19-4b40-f3e1-1e5a5ee88a27" executionId="83687870-4e7f-40b7-a7a1-201e3ee3f103" testListId="8c84fa94-04c1-424b-9868-57a2d4851a1d" />
    <TestEntry testId="3d5d4690-413e-480e-9909-702cf88399dd" executionId="4d5d10e3-0671-41b5-b3e0-075889a2aa87" testListId="8c84fa94-04c1-424b-9868-57a2d4851a1d" />
    <TestEntry testId="3f09e394-0823-389c-6e0c-74955eff820a" executionId="82aec10d-eb26-46b7-9a5b-a66b5047b4ed" testListId="8c84fa94-04c1-424b-9868-57a2d4851a1d" />
    <TestEntry testId="3f50a717-0b73-d5bd-41bc-37d26b580e88" executionId="d4f9d114-ac6b-40ef-8017-57652bb6110d" testListId="8c84fa94-04c1-424b-9868-57a2d4851a1d" />
    <TestEntry testId="3f81de19-4fde-6528-9e0d-cf576c0d46aa" executionId="30caa694-1493-4d16-b54a-273c3749b8c3" testListId="8c84fa94-04c1-424b-9868-57a2d4851a1d" />
    <TestEntry testId="4063ba31-c658-1e39-f2a1-4789b86cdf92" executionId="9905c986-ae4d-43f3-a328-abbcfecec056" testListId="8c84fa94-04c1-424b-9868-57a2d4851a1d" />
    <TestEntry testId="4075ee85-dce8-0a59-bbe2-572b6c1b6a07" executionId="6d837b0e-74bc-4d6f-8a69-2f1aa1b5f96e" testListId="8c84fa94-04c1-424b-9868-57a2d4851a1d" />
    <TestEntry testId="40c309eb-6e85-5d22-3be7-c1b561c3a631" executionId="53d66e62-775d-404f-88b5-8c94d1a2766b" testListId="8c84fa94-04c1-424b-9868-57a2d4851a1d" />
    <TestEntry testId="4128c841-fbe4-5443-0039-ee6ab9d8480a" executionId="12583d6f-44d0-44ab-a332-02bc9a44a707" testListId="8c84fa94-04c1-424b-9868-57a2d4851a1d" />
    <TestEntry testId="4148e9ec-0e25-c6a4-4bc2-03540cd0a990" executionId="aed71270-561f-4930-8975-920ace3f21d0" testListId="8c84fa94-04c1-424b-9868-57a2d4851a1d" />
    <TestEntry testId="41ca50b2-af08-ebb5-fe81-0171706b4196" executionId="e42d4f53-03dd-4f20-b95e-ffc8303cfddf" testListId="8c84fa94-04c1-424b-9868-57a2d4851a1d" />
    <TestEntry testId="42bbff3f-ae90-d4a3-ac96-e18e8d721f9a" executionId="a9e276c7-d53a-46a4-8e06-991f0ca5bd20" testListId="8c84fa94-04c1-424b-9868-57a2d4851a1d" />
    <TestEntry testId="42bc7f23-0a71-a17c-783c-a7c1f6e66d7c" executionId="2f924eff-1b5a-484f-98d3-f10146d10cb1" testListId="8c84fa94-04c1-424b-9868-57a2d4851a1d" />
    <TestEntry testId="42d34e85-28e2-30e8-a414-32919f9963a2" executionId="b6fb7fbd-dce8-4594-982e-eaca561f3fb9" testListId="8c84fa94-04c1-424b-9868-57a2d4851a1d" />
    <TestEntry testId="42f3bd17-7e9a-3a2a-0abf-94dcbfe8af44" executionId="ec93ea0d-cfa4-4e9e-8da8-67d9fc6aad1c" testListId="8c84fa94-04c1-424b-9868-57a2d4851a1d" />
    <TestEntry testId="43cb51cd-66eb-181b-064e-18bf81c14a68" executionId="e059d1c4-0e53-4c4f-b7b4-f53f901593c8" testListId="8c84fa94-04c1-424b-9868-57a2d4851a1d" />
    <TestEntry testId="4470df03-406c-ac4c-036b-0433b2842ca5" executionId="a80af74d-70f4-4225-94f6-89b0e57723cb" testListId="8c84fa94-04c1-424b-9868-57a2d4851a1d" />
    <TestEntry testId="44f2f0a7-9e33-876a-b7c3-d86059021fb2" executionId="9e3b72b7-66ee-4f2d-b0ac-a9f60b56398e" testListId="8c84fa94-04c1-424b-9868-57a2d4851a1d" />
    <TestEntry testId="45d73400-010d-bede-b097-0e012e473ce7" executionId="f8bfa5a1-8ca8-41ee-8b3e-21df2f71b616" testListId="8c84fa94-04c1-424b-9868-57a2d4851a1d" />
    <TestEntry testId="46319d74-a59b-cb4c-c42c-91de192140ab" executionId="17120082-b2ea-4d23-ac15-af5349666d69" testListId="8c84fa94-04c1-424b-9868-57a2d4851a1d" />
    <TestEntry testId="466df001-5e88-7941-9225-f5b84ddbea5e" executionId="c75740a4-5e26-4564-a5de-febe1fa41bac" testListId="8c84fa94-04c1-424b-9868-57a2d4851a1d" />
    <TestEntry testId="468ca457-0ed7-03c2-646c-9f2875316428" executionId="7491584c-22f3-4aab-a54c-63c7ce4c198c" testListId="8c84fa94-04c1-424b-9868-57a2d4851a1d" />
    <TestEntry testId="47539572-8702-25fd-25db-bd0bdd8958b7" executionId="91b24062-1fe9-4fa5-b830-48a78e4bdaaf" testListId="8c84fa94-04c1-424b-9868-57a2d4851a1d" />
    <TestEntry testId="47829263-2bc4-1929-0c73-083969548a33" executionId="7e7a14ae-7b87-4604-a72a-d1c94becf440" testListId="8c84fa94-04c1-424b-9868-57a2d4851a1d" />
    <TestEntry testId="47d53732-aaac-b97d-3608-f4da6d7da1f0" executionId="91447c90-23a2-4850-a9a9-098b4a4a9d99" testListId="8c84fa94-04c1-424b-9868-57a2d4851a1d" />
    <TestEntry testId="47f1b7ea-5dbe-ff8b-ee2e-cd35503da3a7" executionId="84dc0e45-688d-4182-ae2f-96946d3f8311" testListId="8c84fa94-04c1-424b-9868-57a2d4851a1d" />
    <TestEntry testId="48945e0f-871f-2510-b1ef-49518a731b66" executionId="07cf3bab-727b-4973-843c-c61209bd51ca" testListId="8c84fa94-04c1-424b-9868-57a2d4851a1d" />
    <TestEntry testId="4ab5b9e6-5b30-baa0-2e6d-fac9df442766" executionId="db1281fe-731d-44fa-a459-7242131cd315" testListId="8c84fa94-04c1-424b-9868-57a2d4851a1d" />
    <TestEntry testId="4b2e2241-5ba0-4bf3-a87c-c3b9957ec404" executionId="77b58018-cee4-48a8-83a4-04c62c2994c1" testListId="8c84fa94-04c1-424b-9868-57a2d4851a1d" />
    <TestEntry testId="4b4cc00b-440a-fb3e-bf1c-58f18a59fbb6" executionId="3a6ec8fb-171a-4979-962e-a3ae3d13190c" testListId="8c84fa94-04c1-424b-9868-57a2d4851a1d" />
    <TestEntry testId="4cab3d76-8fe4-c6a9-062c-275660c809ba" executionId="56be3fb2-33c4-48f6-885b-03079687be30" testListId="8c84fa94-04c1-424b-9868-57a2d4851a1d" />
    <TestEntry testId="4cc6b71b-462c-2bdc-f536-28b4d3d30de5" executionId="b2e771c3-f335-4198-863c-85a68a4019b3" testListId="8c84fa94-04c1-424b-9868-57a2d4851a1d" />
    <TestEntry testId="4d2a8d5b-b176-00fc-503a-b6acea4e399d" executionId="3c99a6df-bfad-4fb0-b6f4-a01814e60f9f" testListId="8c84fa94-04c1-424b-9868-57a2d4851a1d" />
    <TestEntry testId="4d891028-ff30-5474-0c6f-59e839f50717" executionId="58cf5c4d-01e4-49d9-9ac7-b13318e79dac" testListId="8c84fa94-04c1-424b-9868-57a2d4851a1d" />
    <TestEntry testId="4e213555-50ef-010c-9653-9ed4341cc7e4" executionId="50d4bdab-a562-466d-8f82-bc77fa7ad5cd" testListId="8c84fa94-04c1-424b-9868-57a2d4851a1d" />
    <TestEntry testId="4f159a29-3cb7-c1f2-9ed8-8c5ed23afcbe" executionId="b2d342cc-58bf-4134-8142-6df2255a0769" testListId="8c84fa94-04c1-424b-9868-57a2d4851a1d" />
    <TestEntry testId="4f3a2e54-c06b-cfc2-386b-24b648fee82c" executionId="e5917bd0-0ca3-42d9-b608-07370f796d8e" testListId="8c84fa94-04c1-424b-9868-57a2d4851a1d" />
    <TestEntry testId="5062f8db-d3cc-b220-b391-1deb74053b65" executionId="a87230a8-9187-48fd-984b-cedacdd89db5" testListId="8c84fa94-04c1-424b-9868-57a2d4851a1d" />
    <TestEntry testId="5136f8bc-ea30-8e7a-77a2-f46a924db348" executionId="217cb6eb-5c7e-4e3f-bcb6-3c8a17463f90" testListId="8c84fa94-04c1-424b-9868-57a2d4851a1d" />
    <TestEntry testId="513854bd-1669-ed84-d891-6995e53105ac" executionId="a94b0b61-18f1-4ac2-9a1b-ab4718b2819e" testListId="8c84fa94-04c1-424b-9868-57a2d4851a1d" />
    <TestEntry testId="52baea7e-b200-446e-6971-763252eb7cdd" executionId="ddb65fa0-8fd9-4fd7-b015-581ab80c0bd1" testListId="8c84fa94-04c1-424b-9868-57a2d4851a1d" />
    <TestEntry testId="52d17b0e-d936-129e-43f3-078523a7b6ea" executionId="881f3db9-68d0-4d71-af54-65c78d39e239" testListId="8c84fa94-04c1-424b-9868-57a2d4851a1d" />
    <TestEntry testId="53977503-45e6-020c-cee1-a5a2bdcb3045" executionId="9b01d1db-1bf7-4d28-9fa3-fbd8f78ce52a" testListId="8c84fa94-04c1-424b-9868-57a2d4851a1d" />
    <TestEntry testId="53e8a9c8-96f4-eccd-a6cf-588d5c1fbc4b" executionId="c5f4b34b-27ca-4ed6-b7af-01c3b9ff3043" testListId="8c84fa94-04c1-424b-9868-57a2d4851a1d" />
    <TestEntry testId="53fb134c-9656-57a4-8598-b11e28cf481e" executionId="a5081030-8fba-4bc5-941e-a83c83ad550a" testListId="8c84fa94-04c1-424b-9868-57a2d4851a1d" />
    <TestEntry testId="542e3d8e-c605-852a-af9b-310782faad08" executionId="4ccca92e-694f-4d97-95c8-c210b3d036c6" testListId="8c84fa94-04c1-424b-9868-57a2d4851a1d" />
    <TestEntry testId="55841f62-e499-c1d2-7702-e492ea6411db" executionId="71f7838b-94e3-47b1-922c-7d975aeecdc7" testListId="8c84fa94-04c1-424b-9868-57a2d4851a1d" />
    <TestEntry testId="5627da22-d5e7-edd9-24c7-79ea0acd3bdb" executionId="994cf613-9468-4ba4-895a-670fa9ccf229" testListId="8c84fa94-04c1-424b-9868-57a2d4851a1d" />
    <TestEntry testId="57811f03-2314-dd80-537e-0ead8105505e" executionId="681761ed-640f-4eb5-a377-2333a92f810d" testListId="8c84fa94-04c1-424b-9868-57a2d4851a1d" />
    <TestEntry testId="57822e73-41f0-97dd-bf29-4b1fd4ed053c" executionId="f558eb6b-34d3-41d3-9d18-40bc79dfce74" testListId="8c84fa94-04c1-424b-9868-57a2d4851a1d" />
    <TestEntry testId="58008e3d-a662-382f-b6bd-ea56db2d0729" executionId="c9d9b408-7716-46ea-b461-7f0c97a865a3" testListId="8c84fa94-04c1-424b-9868-57a2d4851a1d" />
    <TestEntry testId="583b72ae-47b9-5eaa-f8ea-320cdf69527e" executionId="c838b179-b1fa-4266-a964-82c79826790b" testListId="8c84fa94-04c1-424b-9868-57a2d4851a1d" />
    <TestEntry testId="590fbd59-b150-d4b9-6a37-e409519e63c2" executionId="4acacda0-e9c1-4126-ad05-deca08bbe2c8" testListId="8c84fa94-04c1-424b-9868-57a2d4851a1d" />
    <TestEntry testId="59186e93-3595-d080-b439-d655c96ab973" executionId="55573493-c61e-4bfc-94b2-8aa05aeada97" testListId="8c84fa94-04c1-424b-9868-57a2d4851a1d" />
    <TestEntry testId="5973b42f-4391-99d3-6b49-5d351ffdd924" executionId="4f12bce8-093d-4648-ac2e-ef3a216e0f44" testListId="8c84fa94-04c1-424b-9868-57a2d4851a1d" />
    <TestEntry testId="59ac30e1-edc3-3193-83d1-44bf47baeaf4" executionId="ad3abac4-29c7-4616-b4b8-18ee74a6c53f" testListId="8c84fa94-04c1-424b-9868-57a2d4851a1d" />
    <TestEntry testId="5a471128-b46d-a047-f96f-afe4f1f9ce56" executionId="2514a8ff-ca13-4cee-9fec-eeedb6628ffc" testListId="8c84fa94-04c1-424b-9868-57a2d4851a1d" />
    <TestEntry testId="5b45a836-b61f-3f4e-71ec-60865157f707" executionId="104ff94a-b25c-4440-b300-04fb0dfbfe1e" testListId="8c84fa94-04c1-424b-9868-57a2d4851a1d" />
    <TestEntry testId="5b9bfc56-4cc5-173e-d51e-c0dfe65798ee" executionId="8566bd2b-84ce-4457-a68e-d6a971b63c37" testListId="8c84fa94-04c1-424b-9868-57a2d4851a1d" />
    <TestEntry testId="5bbb6d67-7645-c72a-0a3d-d422f73b22ec" executionId="dec2b766-b5cd-4c15-a700-cc63676b065d" testListId="8c84fa94-04c1-424b-9868-57a2d4851a1d" />
    <TestEntry testId="5bc580ea-e8dc-d81d-d20e-846c482c1228" executionId="c9616b2b-b54d-4c67-94fc-5c5bb3c48d35" testListId="8c84fa94-04c1-424b-9868-57a2d4851a1d" />
    <TestEntry testId="5bcfcf35-a297-ce16-b906-540d8e2e0904" executionId="9d4e71de-2fe0-4d70-bf85-0e3bce7fdf41" testListId="8c84fa94-04c1-424b-9868-57a2d4851a1d" />
    <TestEntry testId="5be9d1df-2b36-1659-9ba5-a87863ccb63a" executionId="05b92425-76d9-454c-a3b7-f4adfecf5542" testListId="8c84fa94-04c1-424b-9868-57a2d4851a1d" />
    <TestEntry testId="5c26e5bc-173f-d60e-f76c-ab3d9a4b4531" executionId="bb52383d-59b7-4910-ad42-492253390b45" testListId="8c84fa94-04c1-424b-9868-57a2d4851a1d" />
    <TestEntry testId="5c85b597-4b7a-176d-3dac-461f2d66fe1b" executionId="c8a8de2d-cbd7-4c61-8a06-fa3487d660fc" testListId="8c84fa94-04c1-424b-9868-57a2d4851a1d" />
    <TestEntry testId="5d206a37-78a3-f908-c018-7a5a53253c75" executionId="6aaf75af-a1fc-415d-9904-2c03fe4ff175" testListId="8c84fa94-04c1-424b-9868-57a2d4851a1d" />
    <TestEntry testId="5d5c620b-143e-df44-c141-574eca133b7a" executionId="b5fb2251-7325-44bc-beb1-653b4b1ed5c3" testListId="8c84fa94-04c1-424b-9868-57a2d4851a1d" />
    <TestEntry testId="5e0dec84-1eed-840d-bf51-237b2ddbdebf" executionId="397b8d73-e8ea-47f6-9f50-c1ac42595f22" testListId="8c84fa94-04c1-424b-9868-57a2d4851a1d" />
    <TestEntry testId="5e39e02d-2b70-3982-2130-96924fff6d81" executionId="4973ed7c-8ff9-47ea-8aa5-cc0f214fba27" testListId="8c84fa94-04c1-424b-9868-57a2d4851a1d" />
    <TestEntry testId="5f0d0749-3ebf-18a9-df3b-b2af8e5ec0eb" executionId="bbc68419-d1e9-4e82-ad41-387fa9993df1" testListId="8c84fa94-04c1-424b-9868-57a2d4851a1d" />
    <TestEntry testId="5f6ca830-a7f5-404d-2afc-b5fe8dc971de" executionId="0c7cf907-2a7b-4196-a0ba-b70d77091425" testListId="8c84fa94-04c1-424b-9868-57a2d4851a1d" />
    <TestEntry testId="5fd39f80-1bc2-a1e7-8064-c0ed0e813279" executionId="c16cdcaf-5dc3-4da5-ac68-80ad8260b6a9" testListId="8c84fa94-04c1-424b-9868-57a2d4851a1d" />
    <TestEntry testId="5fe3519a-06e9-4436-0b1a-0afc24033be0" executionId="e68ed51d-a28d-4ad7-af04-063d09416ef9" testListId="8c84fa94-04c1-424b-9868-57a2d4851a1d" />
    <TestEntry testId="5ffe0bd0-6148-b429-44ab-e9d370687b86" executionId="0ce7e553-de3b-4751-bc93-73bbd1515caa" testListId="8c84fa94-04c1-424b-9868-57a2d4851a1d" />
    <TestEntry testId="601e990e-751d-e263-ef32-4be40187ef20" executionId="e0bbd99e-aca1-4689-af8a-ea605b094922" testListId="8c84fa94-04c1-424b-9868-57a2d4851a1d" />
    <TestEntry testId="6195d611-24d3-4e42-5b11-b2da792448d4" executionId="014a9e32-954d-4052-96f0-abd0f6bde0a3" testListId="8c84fa94-04c1-424b-9868-57a2d4851a1d" />
    <TestEntry testId="61c2c67d-a8aa-50cc-81fa-b25eafff855b" executionId="f5da3544-4c46-42da-9e72-7b92a9753c3d" testListId="8c84fa94-04c1-424b-9868-57a2d4851a1d" />
    <TestEntry testId="62392e62-abcf-2bb0-a872-aa102226687e" executionId="6434966c-080c-483f-b987-0725ea721d14" testListId="8c84fa94-04c1-424b-9868-57a2d4851a1d" />
    <TestEntry testId="62f6b994-f314-dfaa-2382-4b70b0820150" executionId="6464ce7a-c27a-4476-8e3e-05a46dd52478" testListId="8c84fa94-04c1-424b-9868-57a2d4851a1d" />
    <TestEntry testId="645f3b20-4ed4-9fc8-0db6-f5c22e3f0ef4" executionId="dea4a24f-f684-463f-9cb0-9ecc3d146918" testListId="8c84fa94-04c1-424b-9868-57a2d4851a1d" />
    <TestEntry testId="64c5f523-bd77-dde6-863d-1ca40834d636" executionId="46f0c6ae-7392-4b50-9c4f-42150c55db13" testListId="8c84fa94-04c1-424b-9868-57a2d4851a1d" />
    <TestEntry testId="653a7294-5203-6cdc-ff9d-6ea30ca26aa9" executionId="7e94dcfb-5250-4b1e-be55-8c1a1a063409" testListId="8c84fa94-04c1-424b-9868-57a2d4851a1d" />
    <TestEntry testId="65cf3506-53bd-487b-cba6-ed8ab00a65a4" executionId="8bb0cc19-a5ab-4bbe-a90b-bb12d53fc14a" testListId="8c84fa94-04c1-424b-9868-57a2d4851a1d" />
    <TestEntry testId="65f33339-f5f5-af8d-e74e-57a59876466d" executionId="086b159f-8691-43d0-801a-40e9a9ab893e" testListId="8c84fa94-04c1-424b-9868-57a2d4851a1d" />
    <TestEntry testId="66671db1-8d6b-13a4-a97e-68474a20ccf4" executionId="bef24a80-5185-4854-b951-2efa02f4c8c5" testListId="8c84fa94-04c1-424b-9868-57a2d4851a1d" />
    <TestEntry testId="66a338ec-66f0-37fa-1bf3-601efb395594" executionId="f3fb599c-3977-4a4c-abe3-fab265bd28cd" testListId="8c84fa94-04c1-424b-9868-57a2d4851a1d" />
    <TestEntry testId="66accf62-c8b1-294a-c12d-5fcb04e3bddf" executionId="e217ea80-11b1-4f29-9195-6b6b74a9279b" testListId="8c84fa94-04c1-424b-9868-57a2d4851a1d" />
    <TestEntry testId="67103975-0d80-6dc0-3e73-31c64db0977f" executionId="1ccba480-87ee-4f05-be2b-8c81e4ed72ae" testListId="8c84fa94-04c1-424b-9868-57a2d4851a1d" />
    <TestEntry testId="68862084-d3f3-3b6a-8d1d-63a8120425c8" executionId="99b9f660-2004-43b2-bcc2-ad26369d430e" testListId="8c84fa94-04c1-424b-9868-57a2d4851a1d" />
    <TestEntry testId="688ff74d-915e-d560-41c3-a70549298345" executionId="4edf14bf-7230-4ff8-9abe-5ff07ed60fe5" testListId="8c84fa94-04c1-424b-9868-57a2d4851a1d" />
    <TestEntry testId="69fa372c-7458-f7f0-5041-7bf40151831d" executionId="77d7881e-b928-48d2-a519-8b93a8457321" testListId="8c84fa94-04c1-424b-9868-57a2d4851a1d" />
    <TestEntry testId="6b7c36cd-44f4-1879-c115-f544d495b61e" executionId="38a2d8c1-1267-48b0-b55e-2d124b7f5e6c" testListId="8c84fa94-04c1-424b-9868-57a2d4851a1d" />
    <TestEntry testId="6c508edd-f42b-c301-6d53-7fe205a52a0b" executionId="6fa1cdd8-10cd-4eff-98f0-3b394e67d2ef" testListId="8c84fa94-04c1-424b-9868-57a2d4851a1d" />
    <TestEntry testId="6c77fe8d-a8b3-4efd-1e3d-013b12293f74" executionId="3658ee1f-b73a-4cb7-ac32-249498aee090" testListId="8c84fa94-04c1-424b-9868-57a2d4851a1d" />
    <TestEntry testId="6cf16972-5184-bd8a-3b41-bb02c50f3e4c" executionId="c70c6ae0-169b-4899-b6a5-28073498f89c" testListId="8c84fa94-04c1-424b-9868-57a2d4851a1d" />
    <TestEntry testId="6dbb761e-cbdb-2c43-0c61-55938d83de19" executionId="2e83f2f6-4884-4c1a-bd6d-9d79eccb28fa" testListId="8c84fa94-04c1-424b-9868-57a2d4851a1d" />
    <TestEntry testId="6e20bc5d-0f12-b6d7-ba69-ad542caad9f6" executionId="b6691cd4-dc3b-449f-9ec6-405034d47f71" testListId="8c84fa94-04c1-424b-9868-57a2d4851a1d" />
    <TestEntry testId="6fccfc0c-3386-fa76-9bb6-5cb2884d04d6" executionId="d66c70e7-2d63-467f-bdd4-3943826da8db" testListId="8c84fa94-04c1-424b-9868-57a2d4851a1d" />
    <TestEntry testId="70dba011-1aa4-3fb1-b8c2-fb8d0666bd55" executionId="9fa07308-933c-465e-88a0-98120b1436eb" testListId="8c84fa94-04c1-424b-9868-57a2d4851a1d" />
    <TestEntry testId="7187fc52-08ae-19d9-62d2-a1273ba98de3" executionId="a055bc29-c11c-4b53-b00b-14c5f8292d4b" testListId="8c84fa94-04c1-424b-9868-57a2d4851a1d" />
    <TestEntry testId="71db679d-9cd7-f55e-94f9-ae66c93fc299" executionId="fbf3b460-280d-473f-b971-e25aeeafb9c2" testListId="8c84fa94-04c1-424b-9868-57a2d4851a1d" />
    <TestEntry testId="723aff45-3bd6-6949-d938-d2ccbc2f388d" executionId="41678d4c-4144-460c-867a-e689d357e52f" testListId="8c84fa94-04c1-424b-9868-57a2d4851a1d" />
    <TestEntry testId="72b264c8-79c9-9087-ae9e-47c332dbaa6d" executionId="4765bbe4-b8eb-411a-baba-abd747874971" testListId="8c84fa94-04c1-424b-9868-57a2d4851a1d" />
    <TestEntry testId="75cbbdb7-6249-18c8-32b2-1920235c1d97" executionId="0edb010c-56ae-4e5c-9e77-86bc6279c8ba" testListId="8c84fa94-04c1-424b-9868-57a2d4851a1d" />
    <TestEntry testId="75ff0c72-ae5b-a30a-d444-42d5bfa7ed8d" executionId="db8ea496-5b48-48ab-ab8e-acc31917715f" testListId="8c84fa94-04c1-424b-9868-57a2d4851a1d" />
    <TestEntry testId="76669914-042a-1066-d597-b186fff6c621" executionId="9c58523d-c4ce-4083-8472-d47fc2b31870" testListId="8c84fa94-04c1-424b-9868-57a2d4851a1d" />
    <TestEntry testId="77619216-98fe-f01d-d92b-ae2614d5a7c1" executionId="50834aeb-5ad3-4fcf-b706-d184d55220ec" testListId="8c84fa94-04c1-424b-9868-57a2d4851a1d" />
    <TestEntry testId="776c9b88-b138-d6aa-dd32-a876a9437025" executionId="f17ad4a8-24ac-4f79-9372-4e711fbfea9b" testListId="8c84fa94-04c1-424b-9868-57a2d4851a1d" />
    <TestEntry testId="77a70718-b08f-850c-1bf3-10dbbe443592" executionId="f28bd337-81de-4a60-9c2a-bea064667f38" testListId="8c84fa94-04c1-424b-9868-57a2d4851a1d" />
    <TestEntry testId="78d51b31-e137-cc46-4586-32e7fc15993b" executionId="05ec0e4a-b842-40a4-ae49-0e504f4350e8" testListId="8c84fa94-04c1-424b-9868-57a2d4851a1d" />
    <TestEntry testId="79432a3c-09ad-494a-94b0-409081b91296" executionId="1e442c25-943a-4e5c-b8ff-a679708ca526" testListId="8c84fa94-04c1-424b-9868-57a2d4851a1d" />
    <TestEntry testId="79b9204c-aeda-7048-42ac-c6faee468388" executionId="58a1a7ee-3d22-48ae-8403-4cd0a21fca64" testListId="8c84fa94-04c1-424b-9868-57a2d4851a1d" />
    <TestEntry testId="79fcf63f-8b0d-33c2-c15a-b70a52cca16c" executionId="07190fac-05d1-4372-912f-6fe0fb1af1bb" testListId="8c84fa94-04c1-424b-9868-57a2d4851a1d" />
    <TestEntry testId="7a2f5966-e3a2-2a72-e68e-2d6083996de2" executionId="f2e99bfd-a8ab-4fdb-909a-8d568d2c544c" testListId="8c84fa94-04c1-424b-9868-57a2d4851a1d" />
    <TestEntry testId="7a5f4dc9-0c0b-a16a-647b-478ba12b4828" executionId="29141237-96c0-496c-8e4e-6669e24cdad8" testListId="8c84fa94-04c1-424b-9868-57a2d4851a1d" />
    <TestEntry testId="7eda418a-e258-a33c-7890-73630dd7266c" executionId="217930b6-32f1-47b4-b338-c80d4f7b0cdd" testListId="8c84fa94-04c1-424b-9868-57a2d4851a1d" />
    <TestEntry testId="7ef8ab41-162c-76bc-02f7-a575f043f7e4" executionId="bc0475ea-99ae-4692-8bea-76fa70a4785b" testListId="8c84fa94-04c1-424b-9868-57a2d4851a1d" />
    <TestEntry testId="7f0052b2-2fa5-1442-5124-403810b2060e" executionId="d4ca5a4f-f489-400c-a2fb-8c80dec1e025" testListId="8c84fa94-04c1-424b-9868-57a2d4851a1d" />
    <TestEntry testId="7f10aeee-1e6d-047f-bf86-9fb35cb9cbd0" executionId="1f44d34d-d704-44d3-9b9a-27f94bd267d6" testListId="8c84fa94-04c1-424b-9868-57a2d4851a1d" />
    <TestEntry testId="7f31f25c-e328-77fa-dde7-0ee6e5a7e366" executionId="125bac76-2716-493a-a785-9a90d0fc7f28" testListId="8c84fa94-04c1-424b-9868-57a2d4851a1d" />
    <TestEntry testId="80476086-aaaa-ba28-a4dc-0972defbe8bb" executionId="b10ecf13-6cb8-44e7-8a84-d8baef05ac58" testListId="8c84fa94-04c1-424b-9868-57a2d4851a1d" />
    <TestEntry testId="80e94a1b-f37e-ea8a-5357-ae59cc6e5e45" executionId="17b7b9f0-59d6-44df-92ee-d4623a5b2909" testListId="8c84fa94-04c1-424b-9868-57a2d4851a1d" />
    <TestEntry testId="81b50b2a-4878-5c02-6765-8402ba293155" executionId="4a649730-f363-4f5a-8b27-0ca7d6e13ff1" testListId="8c84fa94-04c1-424b-9868-57a2d4851a1d" />
    <TestEntry testId="82c5d364-01e4-3d1f-8a3c-419d68a3ff5f" executionId="bdc9898f-a3d6-40d1-804a-8d7a48213a8f" testListId="8c84fa94-04c1-424b-9868-57a2d4851a1d" />
    <TestEntry testId="83ce9798-d52f-2f3d-8537-200546cde5a9" executionId="14260765-3a05-4ff0-bec9-efccf77ddb81" testListId="8c84fa94-04c1-424b-9868-57a2d4851a1d" />
    <TestEntry testId="84b841c4-bb70-5525-3ae9-fa35ed11627d" executionId="2ec0ffa8-fc10-4254-a31b-e6d1c193aa72" testListId="8c84fa94-04c1-424b-9868-57a2d4851a1d" />
    <TestEntry testId="851b9d78-997d-9c75-eab0-197fa14a11f0" executionId="15003202-1a37-4283-ad4b-1afd44fefdc1" testListId="8c84fa94-04c1-424b-9868-57a2d4851a1d" />
    <TestEntry testId="85ca884d-a763-a279-970a-decd7d2ef2e7" executionId="2b694f75-6714-4611-a9e3-9a50610b4bf0" testListId="8c84fa94-04c1-424b-9868-57a2d4851a1d" />
    <TestEntry testId="88295536-741f-3a89-ef69-1ec7d6b91f08" executionId="072a6612-4d4c-4b15-88da-7eb0eadc50a9" testListId="8c84fa94-04c1-424b-9868-57a2d4851a1d" />
    <TestEntry testId="882cbeee-1641-823c-0b10-58aeb9cabf93" executionId="af35ffcf-1794-44ac-81c7-21bfd8be7a09" testListId="8c84fa94-04c1-424b-9868-57a2d4851a1d" />
    <TestEntry testId="896a2208-4c38-b781-3b7e-b236d6d81cd2" executionId="7c31d0ee-6780-48c3-888f-301ab67099bd" testListId="8c84fa94-04c1-424b-9868-57a2d4851a1d" />
    <TestEntry testId="8a0dd9bc-7acf-b95a-4187-a00b7726fa73" executionId="334ba078-8bb4-4b61-8f41-9fa6409bd5fd" testListId="8c84fa94-04c1-424b-9868-57a2d4851a1d" />
    <TestEntry testId="8c641761-f8ac-ef3e-efbe-0d44137ab9ce" executionId="700aae41-1cc0-4323-b67d-20bc98a907a3" testListId="8c84fa94-04c1-424b-9868-57a2d4851a1d" />
    <TestEntry testId="8c73c5b1-73d0-fcfa-2a42-34f5914dbfb1" executionId="66a68cfd-240f-4192-b9c4-005257238844" testListId="8c84fa94-04c1-424b-9868-57a2d4851a1d" />
    <TestEntry testId="8ce4ba60-10ed-e341-0892-b9526f864034" executionId="5b3c4ad1-fd78-4545-a41b-4421844196fb" testListId="8c84fa94-04c1-424b-9868-57a2d4851a1d" />
    <TestEntry testId="8d735e5a-f52c-96a5-4bed-a99c0526014e" executionId="9a0b4d96-234f-4ea0-9e0c-1df2747615b2" testListId="8c84fa94-04c1-424b-9868-57a2d4851a1d" />
    <TestEntry testId="8e0c723b-e192-342e-eb9f-eccfedfe5ca1" executionId="29308be8-1719-455b-af18-bfe40587d6fb" testListId="8c84fa94-04c1-424b-9868-57a2d4851a1d" />
    <TestEntry testId="8e175a1e-ad15-cbe9-eb2b-34d47332acea" executionId="dde052fe-4a0f-47a9-9d4b-59e2cb724ad1" testListId="8c84fa94-04c1-424b-9868-57a2d4851a1d" />
    <TestEntry testId="8ef58195-4b27-3ad6-c671-969e36dd1c6a" executionId="71255863-15a0-4ea9-ada3-585b58f4c8f1" testListId="8c84fa94-04c1-424b-9868-57a2d4851a1d" />
    <TestEntry testId="9051c370-f8a8-7d06-90bf-a5c879f3e27c" executionId="adfac386-3d5d-41be-a2d4-6b80186f6361" testListId="8c84fa94-04c1-424b-9868-57a2d4851a1d" />
    <TestEntry testId="90665605-993c-c3f0-732c-0c8cb4e19400" executionId="f7435615-463c-4a74-899c-25657ef40438" testListId="8c84fa94-04c1-424b-9868-57a2d4851a1d" />
    <TestEntry testId="9102ee27-432a-7243-07ab-4d672688ee38" executionId="5d74eb8f-1e95-4edc-9a72-626a63b46c17" testListId="8c84fa94-04c1-424b-9868-57a2d4851a1d" />
    <TestEntry testId="92b34578-8935-0a46-8dd9-4af3ba2aba99" executionId="2ba01d0b-6273-46b9-8d9e-245c2ef19f67" testListId="8c84fa94-04c1-424b-9868-57a2d4851a1d" />
    <TestEntry testId="9355e16b-4728-468a-6844-3354852565f0" executionId="287aa109-aeeb-448f-95b9-ae69499359a9" testListId="8c84fa94-04c1-424b-9868-57a2d4851a1d" />
    <TestEntry testId="93f8ff39-718d-999f-f07f-06a3b12e22dd" executionId="026a7190-25ec-42d0-9716-8c3ebaa46077" testListId="8c84fa94-04c1-424b-9868-57a2d4851a1d" />
    <TestEntry testId="954c6542-5669-95f4-2fc5-a01c436de193" executionId="4d816125-e60f-4e5f-95d7-98d5432340ed" testListId="8c84fa94-04c1-424b-9868-57a2d4851a1d" />
    <TestEntry testId="967eb374-2104-1acf-4901-5331861aa4b4" executionId="92e8d6d4-9504-47fa-a881-b68544ba253e" testListId="8c84fa94-04c1-424b-9868-57a2d4851a1d" />
    <TestEntry testId="96881fe6-dfde-90d7-168b-7e0645c53ba0" executionId="97366a91-8a75-4856-bc6d-2dd5a5212973" testListId="8c84fa94-04c1-424b-9868-57a2d4851a1d" />
    <TestEntry testId="96e75478-d13a-94b1-f4d7-4e30153efd6b" executionId="fedf7d8d-2aa9-4650-9ac0-e035339643af" testListId="8c84fa94-04c1-424b-9868-57a2d4851a1d" />
    <TestEntry testId="97997216-b9cb-a346-d834-1a6abbc22200" executionId="bc215c8c-4ea0-4909-95a1-d1282829f90d" testListId="8c84fa94-04c1-424b-9868-57a2d4851a1d" />
    <TestEntry testId="9853b2bf-c35b-f18f-c067-26f1d74150ec" executionId="c8469289-3fba-4386-b9dc-6bf9c434b868" testListId="8c84fa94-04c1-424b-9868-57a2d4851a1d" />
    <TestEntry testId="996b7b9c-4963-23a7-ecd9-60f71e9ffdab" executionId="a6397924-4529-486f-bc05-7c33931980d3" testListId="8c84fa94-04c1-424b-9868-57a2d4851a1d" />
    <TestEntry testId="9abfd9c9-a69f-e14e-a283-753aea9711be" executionId="cf0461b6-16d1-4bd9-a6de-553451df7b3c" testListId="8c84fa94-04c1-424b-9868-57a2d4851a1d" />
    <TestEntry testId="9b145e69-7969-d34a-ea49-9560a18e3f37" executionId="81ec6bd3-dcf2-4b14-936f-afe01755c8b8" testListId="8c84fa94-04c1-424b-9868-57a2d4851a1d" />
    <TestEntry testId="9bc71622-b688-a88b-7a65-091a11ad1362" executionId="e6695006-a98d-4f13-995e-aa7a8b38f7dc" testListId="8c84fa94-04c1-424b-9868-57a2d4851a1d" />
    <TestEntry testId="9c1f4476-7313-c46d-328a-55cea693565d" executionId="7d2b7d11-795f-4092-a65f-388be728228b" testListId="8c84fa94-04c1-424b-9868-57a2d4851a1d" />
    <TestEntry testId="9fd9a588-56ca-0b4b-82c9-064d2bfbe430" executionId="ca900946-5456-4ad3-ab7b-a6c76b133fed" testListId="8c84fa94-04c1-424b-9868-57a2d4851a1d" />
    <TestEntry testId="a17744d1-ab11-f591-d328-1ad420c98fbd" executionId="7175e56f-d4ab-44dd-8802-ebb52ed39ccf" testListId="8c84fa94-04c1-424b-9868-57a2d4851a1d" />
    <TestEntry testId="a238bb59-cc6f-a250-c2de-3c102510d342" executionId="4b7dd39d-bc62-47fe-94f9-679853825aeb" testListId="8c84fa94-04c1-424b-9868-57a2d4851a1d" />
    <TestEntry testId="a27af6eb-87dc-b90f-c4ca-d8cb1c7c2454" executionId="e510530a-609c-4fcf-b1da-7cda456ac40a" testListId="8c84fa94-04c1-424b-9868-57a2d4851a1d" />
    <TestEntry testId="a38bcda1-5217-b092-6b98-6582813fb5d1" executionId="8c7553d1-748f-48bc-b4be-076229b51b03" testListId="8c84fa94-04c1-424b-9868-57a2d4851a1d" />
    <TestEntry testId="a39c2fdb-3d54-d4f0-be49-3f4e350da31e" executionId="ddf3eac3-a675-4781-a117-ccf6caf5a875" testListId="8c84fa94-04c1-424b-9868-57a2d4851a1d" />
    <TestEntry testId="a472a839-6eaa-12b1-21fb-e977ec47cce0" executionId="defd5043-4817-46db-9f03-32d201640c1f" testListId="8c84fa94-04c1-424b-9868-57a2d4851a1d" />
    <TestEntry testId="a4e8ed3d-c4ae-1ca8-df36-ee362c8b196a" executionId="545d3a77-a21b-4863-abec-6720803d941c" testListId="8c84fa94-04c1-424b-9868-57a2d4851a1d" />
    <TestEntry testId="a517dabf-4b66-5f3c-ac24-0d2164897c8e" executionId="94949b5a-dc57-4fe4-a553-c759c4e4b018" testListId="8c84fa94-04c1-424b-9868-57a2d4851a1d" />
    <TestEntry testId="a5adf3df-a9f8-2832-66ba-f690ea4581d6" executionId="39bd9557-9559-4dae-9b20-586e67313782" testListId="8c84fa94-04c1-424b-9868-57a2d4851a1d" />
    <TestEntry testId="a5c2a138-5bc5-66da-7c2e-bc96b13a556b" executionId="931f68bb-293b-4e04-9a35-e697ed2bba7d" testListId="8c84fa94-04c1-424b-9868-57a2d4851a1d" />
    <TestEntry testId="a5daaf00-a7ab-4dce-b449-0d5879de0266" executionId="2e1ad6e7-a874-4f3e-82a5-71cc0b60f0ce" testListId="8c84fa94-04c1-424b-9868-57a2d4851a1d" />
    <TestEntry testId="a6894dd2-dcf0-7e92-7a7b-7a5aa8466339" executionId="c159a0af-145c-4376-a603-ac9674862ac6" testListId="8c84fa94-04c1-424b-9868-57a2d4851a1d" />
    <TestEntry testId="a6fd86e1-4eca-846a-5e19-70da718a6391" executionId="9ba67e97-0b21-4ed5-8e63-94c58884833a" testListId="8c84fa94-04c1-424b-9868-57a2d4851a1d" />
    <TestEntry testId="a77c41d3-5bba-1c1e-e81f-7a02217342bf" executionId="c2dc05fd-7ef0-430c-8ffd-764b023336db" testListId="8c84fa94-04c1-424b-9868-57a2d4851a1d" />
    <TestEntry testId="a80088bc-1bb3-9447-8317-64a7363d3cfe" executionId="d710c0dc-e8cc-4e77-aa02-c04b4b3fb0c7" testListId="8c84fa94-04c1-424b-9868-57a2d4851a1d" />
    <TestEntry testId="a835695f-f8af-58f4-71d0-57d24fa7d90f" executionId="920d2b13-835f-42f8-8b4c-2c532cd1fe17" testListId="8c84fa94-04c1-424b-9868-57a2d4851a1d" />
    <TestEntry testId="a85e6fd4-de45-4652-f9ef-c22afc1ca0bf" executionId="7fafb096-fc9f-43f7-9eb6-1caaad816b79" testListId="8c84fa94-04c1-424b-9868-57a2d4851a1d" />
    <TestEntry testId="a8a939dd-3559-39c4-d3e6-695f82176ab4" executionId="bb67b692-4c51-4266-8631-091f540dfa6a" testListId="8c84fa94-04c1-424b-9868-57a2d4851a1d" />
    <TestEntry testId="a8b0ac8d-b3ff-6693-a29b-869418f5d04f" executionId="cfb80c4e-333a-4c89-ad7d-427ebbf50eba" testListId="8c84fa94-04c1-424b-9868-57a2d4851a1d" />
    <TestEntry testId="a914285b-c2e0-dbc2-f99c-c0b34bf25408" executionId="0e8cf1b8-ea92-4977-a48e-2dee18f56704" testListId="8c84fa94-04c1-424b-9868-57a2d4851a1d" />
    <TestEntry testId="aa08efca-9836-e946-b0ea-6d46d0e78977" executionId="9eaf8d51-d24b-4c93-a786-b1aadbfe2999" testListId="8c84fa94-04c1-424b-9868-57a2d4851a1d" />
    <TestEntry testId="aa3d2f13-ce91-e85a-b860-661244f697ca" executionId="5a6dde51-600f-4b12-8ce2-5b095d66af40" testListId="8c84fa94-04c1-424b-9868-57a2d4851a1d" />
    <TestEntry testId="aa89e54f-b120-5f04-a49b-eb1a63d779df" executionId="770c338e-5c06-40db-80e6-f95a7492b549" testListId="8c84fa94-04c1-424b-9868-57a2d4851a1d" />
    <TestEntry testId="aad710b2-cbba-4fa8-20b9-0a83a5267460" executionId="ae240734-c9e3-4fd2-a927-8a473ee6cc5b" testListId="8c84fa94-04c1-424b-9868-57a2d4851a1d" />
    <TestEntry testId="ab0fe80a-1fd5-fb8a-e7d4-5b5fcdcec2eb" executionId="6562a3af-2a18-4bc7-bb6a-4c1776b147e7" testListId="8c84fa94-04c1-424b-9868-57a2d4851a1d" />
    <TestEntry testId="ab4f6c28-3581-ba0b-4648-93d882bc1ba4" executionId="71c71df4-3e90-4ffa-804e-83a900b50a92" testListId="8c84fa94-04c1-424b-9868-57a2d4851a1d" />
    <TestEntry testId="ac4b28af-d8f4-b156-672f-168bba2db6f5" executionId="97115276-59a8-4565-b779-b6ae9a30d863" testListId="8c84fa94-04c1-424b-9868-57a2d4851a1d" />
    <TestEntry testId="acceeb2f-d3a0-c7eb-0a8a-89ba3e60aa95" executionId="2ae1e27b-9ef9-466e-8a11-377ce3ae2f33" testListId="8c84fa94-04c1-424b-9868-57a2d4851a1d" />
    <TestEntry testId="ad52b45c-d7bf-7d90-509a-9d90fabbb4cb" executionId="5887ecf5-d376-42e2-8b6c-505ad0eeb9ec" testListId="8c84fa94-04c1-424b-9868-57a2d4851a1d" />
    <TestEntry testId="adc4b822-2dd8-fb80-0aec-e1f18a81e266" executionId="e3a97dc5-6c7a-4ab4-9ea2-72f071c92329" testListId="8c84fa94-04c1-424b-9868-57a2d4851a1d" />
    <TestEntry testId="aeb09f8f-b144-d846-cb07-87151db0c5db" executionId="2a9e92a7-bca5-4f04-a3d1-c22ec429b88f" testListId="8c84fa94-04c1-424b-9868-57a2d4851a1d" />
    <TestEntry testId="aee8bdae-93b9-94cd-dc66-4af8f0d1e925" executionId="9f790279-3c24-4f74-b9d4-77c3244599c4" testListId="8c84fa94-04c1-424b-9868-57a2d4851a1d" />
    <TestEntry testId="af2a5dd3-889c-239a-49ba-4559ade59815" executionId="bb4aa3e4-7e76-4e04-9a7e-3e4f2d84f584" testListId="8c84fa94-04c1-424b-9868-57a2d4851a1d" />
    <TestEntry testId="afb70fb3-f16b-16ef-9272-e650b4c370ff" executionId="5984cbde-8533-43d9-b832-380d65bbbbdd" testListId="8c84fa94-04c1-424b-9868-57a2d4851a1d" />
    <TestEntry testId="b09e98eb-5e7b-17f1-4a91-35133c7055e9" executionId="7d5e84cd-1dde-4048-a4c0-13c5b283caf0" testListId="8c84fa94-04c1-424b-9868-57a2d4851a1d" />
    <TestEntry testId="b09f0486-3351-5bc5-0d5a-f108852661b1" executionId="474c6138-4c27-4cbe-887c-86e231fd359f" testListId="8c84fa94-04c1-424b-9868-57a2d4851a1d" />
    <TestEntry testId="b1ce8274-0eb4-6ea7-4d2b-12d8e6b2a366" executionId="784e9378-7f6a-41b6-a2a6-227c763e362c" testListId="8c84fa94-04c1-424b-9868-57a2d4851a1d" />
    <TestEntry testId="b2564a1d-a5df-de1a-d3dd-41d0e33b00f4" executionId="f7ce93be-0f77-4bce-aec3-167492237553" testListId="8c84fa94-04c1-424b-9868-57a2d4851a1d" />
    <TestEntry testId="b28eae18-99f0-9519-6256-d75c3d089452" executionId="a10126df-0ada-4f0a-8468-28382f6ceea7" testListId="8c84fa94-04c1-424b-9868-57a2d4851a1d" />
    <TestEntry testId="b40b8a29-c95a-4ade-0e51-c133972e69c6" executionId="81e51e5d-f35c-4e69-8392-50a50fea468b" testListId="8c84fa94-04c1-424b-9868-57a2d4851a1d" />
    <TestEntry testId="b6192558-2ee3-59f6-6537-ecfd184b2822" executionId="42612f24-a1d7-4229-8273-73a6a281f1d6" testListId="8c84fa94-04c1-424b-9868-57a2d4851a1d" />
    <TestEntry testId="b697701d-8cff-a257-c4da-79dac613bf34" executionId="b7f4eb25-a1f7-49d7-9000-a3350f121bcb" testListId="8c84fa94-04c1-424b-9868-57a2d4851a1d" />
    <TestEntry testId="b6c93299-c437-e1df-d8ec-dc7e1e4a6bba" executionId="fca1c36a-19de-435d-a680-22d7467ccd43" testListId="8c84fa94-04c1-424b-9868-57a2d4851a1d" />
    <TestEntry testId="b6d2504c-fd0b-46f0-ca34-952aa534d5bc" executionId="782b8787-cdf2-4801-8a04-0716ff46432a" testListId="8c84fa94-04c1-424b-9868-57a2d4851a1d" />
    <TestEntry testId="b757834a-da0f-6514-4f88-5f56b32e1557" executionId="260361db-3f0e-4cf1-92fb-9cea2fe36c38" testListId="8c84fa94-04c1-424b-9868-57a2d4851a1d" />
    <TestEntry testId="b8413468-f954-3662-0efc-8c48132ad726" executionId="f905f9be-ed45-43ee-a574-fc7c2bb360b1" testListId="8c84fa94-04c1-424b-9868-57a2d4851a1d" />
    <TestEntry testId="b8f7e814-b981-7bd7-8770-09bbc779dc13" executionId="3dad942f-2cf6-4279-839a-45af6dad0e00" testListId="8c84fa94-04c1-424b-9868-57a2d4851a1d" />
    <TestEntry testId="b942b6d6-f408-1783-9c4d-ef179ac5d56f" executionId="faac68d9-9e6f-417d-93d0-522839105ec5" testListId="8c84fa94-04c1-424b-9868-57a2d4851a1d" />
    <TestEntry testId="b98676fe-ee87-56df-eacd-dd7ebb6e2cd3" executionId="4c45eebd-13e6-43c5-b3e5-65c251f74789" testListId="8c84fa94-04c1-424b-9868-57a2d4851a1d" />
    <TestEntry testId="b9fd46b5-4626-f3cd-bb11-d3d09ef904e4" executionId="72877f2e-4a5a-4ba2-9618-641f297b22fa" testListId="8c84fa94-04c1-424b-9868-57a2d4851a1d" />
    <TestEntry testId="bab93624-9701-4d27-3151-c1bf509e95c1" executionId="ddfb7f71-2db9-45bc-b254-a98be75dd67b" testListId="8c84fa94-04c1-424b-9868-57a2d4851a1d" />
    <TestEntry testId="bb119d3a-e948-8bb7-862b-ef22cd5e5418" executionId="2dae4940-c1f1-4071-a4ea-da84193df060" testListId="8c84fa94-04c1-424b-9868-57a2d4851a1d" />
    <TestEntry testId="bbf04cdd-f777-915a-4f82-d89d0fb3c21c" executionId="1c9744d7-b7dc-49f8-8f85-af81fa7515a9" testListId="8c84fa94-04c1-424b-9868-57a2d4851a1d" />
    <TestEntry testId="bc086558-20df-1a67-5cff-56823f0eb575" executionId="e1915379-4724-4ce9-a442-37024ed0e27b" testListId="8c84fa94-04c1-424b-9868-57a2d4851a1d" />
    <TestEntry testId="bc6fbc6a-1040-2a7b-d37a-1937b6e2fa50" executionId="e0e15ff0-9a63-41f6-8f5f-baa3d0cce5cb" testListId="8c84fa94-04c1-424b-9868-57a2d4851a1d" />
    <TestEntry testId="bcd1f511-94b6-a2b6-4c0d-819d27a24411" executionId="d02febc7-3d0d-4bed-bf60-34f5a6068618" testListId="8c84fa94-04c1-424b-9868-57a2d4851a1d" />
    <TestEntry testId="bdb05735-8cd1-a75d-4d6a-dc0c0dcde2a9" executionId="649013a3-e99c-4bff-9f75-7ae6b9ec9820" testListId="8c84fa94-04c1-424b-9868-57a2d4851a1d" />
    <TestEntry testId="bde72f4f-f66e-49e5-5a7f-f0f6283a032f" executionId="38e2962d-cb26-4f6c-b18d-a2b6b0a101b1" testListId="8c84fa94-04c1-424b-9868-57a2d4851a1d" />
    <TestEntry testId="be2975a5-16cf-8b54-0e33-59e4bc6c38a6" executionId="3a6c289a-7c02-4ebe-93eb-d187dedfde4e" testListId="8c84fa94-04c1-424b-9868-57a2d4851a1d" />
    <TestEntry testId="beb08e30-b8b0-b48e-c515-c7a8586c6e54" executionId="8465711f-becb-48ab-8721-41efe99affbb" testListId="8c84fa94-04c1-424b-9868-57a2d4851a1d" />
    <TestEntry testId="bf3337bc-4ebe-14d7-ffa9-91df711ba6a0" executionId="d506ed5f-deaa-42b8-a342-44a0abc46faa" testListId="8c84fa94-04c1-424b-9868-57a2d4851a1d" />
    <TestEntry testId="bf901687-526e-3c4f-d25d-5f1eb0ec55f2" executionId="8a52e5b6-bd6c-43d4-b9c7-26e90f545598" testListId="8c84fa94-04c1-424b-9868-57a2d4851a1d" />
    <TestEntry testId="c1679918-c36e-2cbe-87a9-96506a9b38f9" executionId="6c3f1681-b8f8-4eb9-8fea-0c5e9386ff98" testListId="8c84fa94-04c1-424b-9868-57a2d4851a1d" />
    <TestEntry testId="c17e6f29-704e-75d9-e266-2faaf40f3e21" executionId="0016c97a-90e3-47b6-bff9-8f1b02ee99f9" testListId="8c84fa94-04c1-424b-9868-57a2d4851a1d" />
    <TestEntry testId="c27245e1-4f05-55df-8c6f-e38fa3d47902" executionId="5a2f7588-89ad-467e-b5e8-bec1e2717a84" testListId="8c84fa94-04c1-424b-9868-57a2d4851a1d" />
    <TestEntry testId="c2878fbd-4540-66f8-af38-853465e7a6aa" executionId="9352eec5-20d5-4edd-bedd-4f4b9626b829" testListId="8c84fa94-04c1-424b-9868-57a2d4851a1d" />
    <TestEntry testId="c37440e9-11a5-99b5-8db4-69844a9128f1" executionId="b096a470-e47e-4c33-a36a-7a9933ac1a40" testListId="8c84fa94-04c1-424b-9868-57a2d4851a1d" />
    <TestEntry testId="c40068e0-385e-bf45-abe2-9f61f6d3993f" executionId="cb8becc5-0026-4c5a-99ef-716391da130f" testListId="8c84fa94-04c1-424b-9868-57a2d4851a1d" />
    <TestEntry testId="c6a2f7ad-0298-580e-2fa3-bbb6c9b28898" executionId="f35e4db8-29f1-48e5-9536-083f12f84bc5" testListId="8c84fa94-04c1-424b-9868-57a2d4851a1d" />
    <TestEntry testId="c6f9c8d4-b42f-f506-2486-8ec3f82f78d3" executionId="5c2635d3-1842-442b-b3d5-b11f51b34698" testListId="8c84fa94-04c1-424b-9868-57a2d4851a1d" />
    <TestEntry testId="c736d05f-3776-7117-cc83-8e6ae9b75cf4" executionId="07eab95b-dd5d-470f-805f-eefad70de648" testListId="8c84fa94-04c1-424b-9868-57a2d4851a1d" />
    <TestEntry testId="c9059140-bd68-daef-e19b-ffc08869ca24" executionId="75db5204-a3f4-4c70-87a6-802ea5124039" testListId="8c84fa94-04c1-424b-9868-57a2d4851a1d" />
    <TestEntry testId="c928c59c-16e9-64be-3633-321da85248bf" executionId="18ff1ccb-891a-40ec-9607-76e366a0824f" testListId="8c84fa94-04c1-424b-9868-57a2d4851a1d" />
    <TestEntry testId="c931a490-990c-5326-1530-0428c428a145" executionId="6564a9ed-28d3-433c-954b-e708703d424c" testListId="8c84fa94-04c1-424b-9868-57a2d4851a1d" />
    <TestEntry testId="c96dfb21-7af5-153f-a5d2-8445e5fcca59" executionId="51fa0738-6b10-44e3-9227-f88ef8c0d95b" testListId="8c84fa94-04c1-424b-9868-57a2d4851a1d" />
    <TestEntry testId="cab5d754-b046-c047-88d8-b763f582d340" executionId="7535b6e6-06e2-442f-8dbc-f726980210eb" testListId="8c84fa94-04c1-424b-9868-57a2d4851a1d" />
    <TestEntry testId="cb0676d4-b73b-00c6-8824-aa32bdf40010" executionId="61e846e8-86bf-42f9-a4e2-8e7acfafa477" testListId="8c84fa94-04c1-424b-9868-57a2d4851a1d" />
    <TestEntry testId="cb68f00e-cb19-bf47-0657-80219e1c9cfa" executionId="dc508bfb-ce3d-4816-87ae-b14dc534e11c" testListId="8c84fa94-04c1-424b-9868-57a2d4851a1d" />
    <TestEntry testId="cb854ea1-43fe-4e51-b3cc-ba77c8dba841" executionId="63fa5427-f80f-4ea1-94e7-933537da37a2" testListId="8c84fa94-04c1-424b-9868-57a2d4851a1d" />
    <TestEntry testId="cc6fe6c4-963e-60ba-9611-8e531f6502c5" executionId="3612664a-a4ad-453e-80b4-4ce73b64cf7e" testListId="8c84fa94-04c1-424b-9868-57a2d4851a1d" />
    <TestEntry testId="ccb6e01a-8e1d-d753-d587-f8c1f14a9dc4" executionId="28936c2e-122f-4de3-87a3-6002438ef41c" testListId="8c84fa94-04c1-424b-9868-57a2d4851a1d" />
    <TestEntry testId="ccbeee50-2d58-025b-2df8-75ec6a26b781" executionId="e2a1d0fa-ad2e-4ca2-9e74-533141d906cb" testListId="8c84fa94-04c1-424b-9868-57a2d4851a1d" />
    <TestEntry testId="cdf27cc7-0312-7eab-0024-7c2c609d9e03" executionId="354aa62f-f63a-4519-9e24-a5cb4efffd81" testListId="8c84fa94-04c1-424b-9868-57a2d4851a1d" />
    <TestEntry testId="ce459473-fe89-efb8-04f6-e4458eb5deac" executionId="17dc5613-3ffd-4684-9581-fd87303fab8d" testListId="8c84fa94-04c1-424b-9868-57a2d4851a1d" />
    <TestEntry testId="ceeacb60-5ff3-0690-b3df-e29e915ef784" executionId="f0ab1f0a-43ae-490f-8a05-181e2a42894c" testListId="8c84fa94-04c1-424b-9868-57a2d4851a1d" />
    <TestEntry testId="cf88dd92-747e-1a79-8f2c-fc0e3f9b0004" executionId="520642b1-e1f9-4d63-a010-3576f47bff29" testListId="8c84fa94-04c1-424b-9868-57a2d4851a1d" />
    <TestEntry testId="cfd8c036-75a7-640f-488c-228d443acc6e" executionId="fab7bab4-d8d2-46ea-b6fa-f219ed4ee62f" testListId="8c84fa94-04c1-424b-9868-57a2d4851a1d" />
    <TestEntry testId="d1a8787a-d877-64a2-00b1-470142ee8a14" executionId="7531026e-692c-49dd-813e-c09851fb7d50" testListId="8c84fa94-04c1-424b-9868-57a2d4851a1d" />
    <TestEntry testId="d1b2634a-eb02-7f77-05de-c01ea104c115" executionId="1e96af83-f6cc-4263-9dd0-9d38e5affbd0" testListId="8c84fa94-04c1-424b-9868-57a2d4851a1d" />
    <TestEntry testId="d2623342-49bb-a1e6-2415-8d8bba2b7ac4" executionId="fe260132-9fe4-4e04-a0dc-fa22dd41aaf2" testListId="8c84fa94-04c1-424b-9868-57a2d4851a1d" />
    <TestEntry testId="d2ff731c-908c-96c5-902b-39b6c7e680d7" executionId="cf5fbccc-0eca-4a96-acb0-04f6bdd9be44" testListId="8c84fa94-04c1-424b-9868-57a2d4851a1d" />
    <TestEntry testId="d3580286-a69a-cc57-bea0-cea793fc0992" executionId="b8b60cb5-91c4-41a8-a859-92c010e2b5d1" testListId="8c84fa94-04c1-424b-9868-57a2d4851a1d" />
    <TestEntry testId="d40feea3-8180-d822-1bc4-ef1286a37118" executionId="313a69b7-ed8d-4e65-ba53-9b0e12e7e094" testListId="8c84fa94-04c1-424b-9868-57a2d4851a1d" />
    <TestEntry testId="d4992a93-c61f-e7a7-6c4a-4dd37d506f00" executionId="c7cff69e-7b7d-4368-a315-b1b0391d0da1" testListId="8c84fa94-04c1-424b-9868-57a2d4851a1d" />
    <TestEntry testId="d5a80f55-2074-60f0-99dc-1062cdfc3cee" executionId="8c5ddc5f-1ccb-4f67-951a-cd58510639d1" testListId="8c84fa94-04c1-424b-9868-57a2d4851a1d" />
    <TestEntry testId="d5caf4bd-ddf9-d011-d96d-760e6d607d73" executionId="be8311d8-c1c0-4249-ba05-d0cfd666aca7" testListId="8c84fa94-04c1-424b-9868-57a2d4851a1d" />
    <TestEntry testId="d6a986e5-8b98-e2f2-cef0-92190831ed08" executionId="9de75b51-e67b-46bf-a69e-c4d5cf056ae5" testListId="8c84fa94-04c1-424b-9868-57a2d4851a1d" />
    <TestEntry testId="d6d7a27e-0988-cf60-1910-ee6f0eb6cf75" executionId="885f7e5a-cb77-412c-aacc-c66675d9c577" testListId="8c84fa94-04c1-424b-9868-57a2d4851a1d" />
    <TestEntry testId="d708e39f-77d8-94a9-244f-7004fb181d58" executionId="31d4dd0c-5daf-48a1-80ca-753c63555a7b" testListId="8c84fa94-04c1-424b-9868-57a2d4851a1d" />
    <TestEntry testId="d71a2e75-d02d-d52f-f44c-1c08c736ccf3" executionId="e4a558d3-fdd2-4afe-93fb-2c8d25351bf0" testListId="8c84fa94-04c1-424b-9868-57a2d4851a1d" />
    <TestEntry testId="d7c03cb5-500e-d7d9-da0b-0be2f4981b03" executionId="e4fb07c6-78e0-42ee-ac33-28c549c0a682" testListId="8c84fa94-04c1-424b-9868-57a2d4851a1d" />
    <TestEntry testId="d9bcf618-cd6c-c93c-87f9-e64f86f63590" executionId="c5330dc1-c4c9-43ec-afe4-fa5c0cb0f718" testListId="8c84fa94-04c1-424b-9868-57a2d4851a1d" />
    <TestEntry testId="d9f16886-57f7-8858-0bb0-758babcd4a82" executionId="3e3b335e-ed52-420c-a702-87171f622902" testListId="8c84fa94-04c1-424b-9868-57a2d4851a1d" />
    <TestEntry testId="da9d278a-cb0f-a51b-e352-ed20685028b9" executionId="9d2646f0-4a09-4385-bfdd-166013566a65" testListId="8c84fa94-04c1-424b-9868-57a2d4851a1d" />
    <TestEntry testId="db7e1c98-1137-e435-bbb3-bf8f5402bfbf" executionId="504a2c74-dcc3-472b-ac5f-5828a25c14fb" testListId="8c84fa94-04c1-424b-9868-57a2d4851a1d" />
    <TestEntry testId="dba83ae6-c977-93af-bca8-afb2188d9d55" executionId="40a212c8-9495-4105-baae-7559c247e351" testListId="8c84fa94-04c1-424b-9868-57a2d4851a1d" />
    <TestEntry testId="dc17c55e-f745-25bd-9dae-5c78f5bb2176" executionId="06524294-4b0f-4655-b5d5-7d07dc51345e" testListId="8c84fa94-04c1-424b-9868-57a2d4851a1d" />
    <TestEntry testId="dd5a8b39-7328-3edd-3658-5787ac153d19" executionId="2306a5d2-10cc-4d86-ab1f-ece2243516d4" testListId="8c84fa94-04c1-424b-9868-57a2d4851a1d" />
    <TestEntry testId="dde12295-d4b5-9724-4e8c-04bf282ca24f" executionId="fff7ef63-d11d-48b2-8103-d7e6e34b2ab2" testListId="8c84fa94-04c1-424b-9868-57a2d4851a1d" />
    <TestEntry testId="de04a58d-71f5-e1d1-1d14-e423a290a69c" executionId="0dc63d1c-498b-4561-9f86-fdc46298d033" testListId="8c84fa94-04c1-424b-9868-57a2d4851a1d" />
    <TestEntry testId="dea2dc86-55fc-7dd0-68c2-4ac2d970ca43" executionId="c822c098-2898-469d-9753-cdce1c84dd6f" testListId="8c84fa94-04c1-424b-9868-57a2d4851a1d" />
    <TestEntry testId="dfd17420-5a13-5744-e6d4-81c04e097642" executionId="3fd95942-bfcf-41d1-a9be-473d5725898c" testListId="8c84fa94-04c1-424b-9868-57a2d4851a1d" />
    <TestEntry testId="e020cadd-bd50-d44d-30aa-ba2f497b2887" executionId="bccf115a-cc3d-4e59-8dfc-6c9f7fc65be6" testListId="8c84fa94-04c1-424b-9868-57a2d4851a1d" />
    <TestEntry testId="e02e0a67-6c2d-0c94-cb65-8df5b3dc5cea" executionId="87593257-9a22-4c25-8d55-448a067e758e" testListId="8c84fa94-04c1-424b-9868-57a2d4851a1d" />
    <TestEntry testId="e174714d-b5ae-6791-7e05-a6dae00c0681" executionId="06105743-cdea-47a2-8f90-335ceed9ec4f" testListId="8c84fa94-04c1-424b-9868-57a2d4851a1d" />
    <TestEntry testId="e23387f5-cbe9-d2c5-d12c-23a1dbe2d390" executionId="5dc26234-c834-4a8e-b91e-4cfb5309f824" testListId="8c84fa94-04c1-424b-9868-57a2d4851a1d" />
    <TestEntry testId="e2347588-3d57-efa9-6d83-3dfd95e9941d" executionId="b154bb08-22cb-4d42-b5d8-1d70a846de7d" testListId="8c84fa94-04c1-424b-9868-57a2d4851a1d" />
    <TestEntry testId="e27be593-1d5d-4e60-f221-5154b5c9193c" executionId="d8d8ea8b-27ec-4e0f-b56c-a57b868bf2f8" testListId="8c84fa94-04c1-424b-9868-57a2d4851a1d" />
    <TestEntry testId="e337de86-0746-0ac2-0c5c-30365e74f01b" executionId="9f222ab0-f357-490d-8168-60129d0db5bc" testListId="8c84fa94-04c1-424b-9868-57a2d4851a1d" />
    <TestEntry testId="e3b5610a-399f-d019-a8c3-fe5f24d0c8a6" executionId="4aad1cf3-3e3f-40cf-aab3-9ae42ef49741" testListId="8c84fa94-04c1-424b-9868-57a2d4851a1d" />
    <TestEntry testId="e3f85f2f-8bca-7a73-722e-520143b3f21d" executionId="02c99591-1971-4fe4-bd4a-551ed90477a3" testListId="8c84fa94-04c1-424b-9868-57a2d4851a1d" />
    <TestEntry testId="e4b047bc-e01c-35c0-ab7e-ab1c5de8674f" executionId="9109b181-a89c-48ae-8015-df061f6a9bda" testListId="8c84fa94-04c1-424b-9868-57a2d4851a1d" />
    <TestEntry testId="e4e7695e-eb86-2e17-0da3-82500c958fe2" executionId="b6791e5f-0655-48ef-b33d-ab85fa99f753" testListId="8c84fa94-04c1-424b-9868-57a2d4851a1d" />
    <TestEntry testId="e4f43342-50bf-4878-e3d3-5afdaa2ddd37" executionId="9a2edf44-9f5c-443a-8af1-3cc3444724a7" testListId="8c84fa94-04c1-424b-9868-57a2d4851a1d" />
    <TestEntry testId="e64170f8-e36a-c642-d97d-54b6bb0553a6" executionId="27e6ac84-2921-4f71-9f43-3e88475b6dc9" testListId="8c84fa94-04c1-424b-9868-57a2d4851a1d" />
    <TestEntry testId="e7af5983-4779-41b6-14d3-f05ee86282c2" executionId="65759539-0800-4d4d-a570-be6d752acae4" testListId="8c84fa94-04c1-424b-9868-57a2d4851a1d" />
    <TestEntry testId="e8b1e8f2-7674-bb72-605f-9a7a2bc1bfee" executionId="161d3406-4c1f-4ac0-a22c-00d15213ce80" testListId="8c84fa94-04c1-424b-9868-57a2d4851a1d" />
    <TestEntry testId="e97e5cde-c25e-cb0e-69db-a3582bc2ca43" executionId="f1bb7a4a-3e21-4d3a-9bb8-659f097c8bab" testListId="8c84fa94-04c1-424b-9868-57a2d4851a1d" />
    <TestEntry testId="e9b80469-e28c-1b2c-5a36-980b3cb0f728" executionId="40bfcfef-d684-4273-8dc1-bb08dfc2fd60" testListId="8c84fa94-04c1-424b-9868-57a2d4851a1d" />
    <TestEntry testId="ea022a26-3382-db95-b68b-60ac6f18deb0" executionId="fa7b812c-c489-43a5-b4bc-9cb1729c2c76" testListId="8c84fa94-04c1-424b-9868-57a2d4851a1d" />
    <TestEntry testId="eb042ce3-5f20-3d74-ebeb-88f3067e39ea" executionId="729c48c3-b7c6-4e01-9cb3-72c040c6ae68" testListId="8c84fa94-04c1-424b-9868-57a2d4851a1d" />
    <TestEntry testId="ecaad254-0b1d-a420-c28a-c8ca0ba7c959" executionId="a449f0a7-4f7d-447c-9671-6b24ac70ef64" testListId="8c84fa94-04c1-424b-9868-57a2d4851a1d" />
    <TestEntry testId="ecabc92d-2f24-55b0-b16a-755e692c4e1a" executionId="9271bb17-9964-4c25-a0f9-b74b8b5d33a6" testListId="8c84fa94-04c1-424b-9868-57a2d4851a1d" />
    <TestEntry testId="ecd27a0e-9f35-c43e-8c11-1b73255aae3c" executionId="c0d2b67a-e33d-4ca6-b310-3a9ae5b50def" testListId="8c84fa94-04c1-424b-9868-57a2d4851a1d" />
    <TestEntry testId="eda2ca79-f409-f699-6d33-a3da45e5d953" executionId="8f7b6525-b4ba-4fff-9fcd-14bea1f19693" testListId="8c84fa94-04c1-424b-9868-57a2d4851a1d" />
    <TestEntry testId="edb7a5b7-9d9c-7fee-8224-ff9d0e654bf2" executionId="aa8b45c3-19a1-475f-b0fd-d6f94505a6e7" testListId="8c84fa94-04c1-424b-9868-57a2d4851a1d" />
    <TestEntry testId="ee5f9022-6777-7fb2-dcc5-530f17ab50c0" executionId="41dea2e2-8908-4e11-9e48-84f19ccb41ce" testListId="8c84fa94-04c1-424b-9868-57a2d4851a1d" />
    <TestEntry testId="ef762903-5f73-156d-4c6c-edbea7a556ad" executionId="e8d82655-300b-4af5-a253-07674cf97065" testListId="8c84fa94-04c1-424b-9868-57a2d4851a1d" />
    <TestEntry testId="f07288f5-2f3d-e939-3514-a642579a478e" executionId="2307b079-3917-4203-bc36-fb44a7d6bcea" testListId="8c84fa94-04c1-424b-9868-57a2d4851a1d" />
    <TestEntry testId="f0936119-968f-f4d0-680f-3a810a2a1183" executionId="c950abee-d9d1-4f25-bfcb-70162ff41c4f" testListId="8c84fa94-04c1-424b-9868-57a2d4851a1d" />
    <TestEntry testId="f376c1cb-6c7e-6565-2dae-0872021038a2" executionId="706bad49-6c27-4f7f-bb77-bbeaa010c8df" testListId="8c84fa94-04c1-424b-9868-57a2d4851a1d" />
    <TestEntry testId="f384b49a-3778-3092-73a3-70a68b63c811" executionId="6152796b-cef4-481c-90cb-1816a236a59c" testListId="8c84fa94-04c1-424b-9868-57a2d4851a1d" />
    <TestEntry testId="f50b51cf-39fa-28c4-720a-03db16299af8" executionId="c9f63f01-0c2f-42c9-9833-997770c51bab" testListId="8c84fa94-04c1-424b-9868-57a2d4851a1d" />
    <TestEntry testId="f537791f-903e-76d6-5080-80a4dc15bac2" executionId="bffc3e21-bf16-4cba-8f4b-be4d4cd7a7a2" testListId="8c84fa94-04c1-424b-9868-57a2d4851a1d" />
    <TestEntry testId="f55d90a1-1701-8dfe-c19c-fedfde1208d9" executionId="9d6c204d-0b37-4910-b349-238174b61303" testListId="8c84fa94-04c1-424b-9868-57a2d4851a1d" />
    <TestEntry testId="f58b52d0-5450-8dbe-40cd-ee9f7307e372" executionId="cac2cc2c-6403-4f2f-a43a-176fbc52a688" testListId="8c84fa94-04c1-424b-9868-57a2d4851a1d" />
    <TestEntry testId="f6ab254b-b89e-8f66-b003-59dd11d22e62" executionId="c69c698a-6cb9-4db9-8946-faa3616f3950" testListId="8c84fa94-04c1-424b-9868-57a2d4851a1d" />
    <TestEntry testId="f6c04c30-f707-2281-f731-8598fcdc8f9b" executionId="6e38cd44-7a82-4952-838a-d7116513a408" testListId="8c84fa94-04c1-424b-9868-57a2d4851a1d" />
    <TestEntry testId="f781ffff-ff93-71bc-5f5f-c8442c8a1cc0" executionId="8a32ec86-2fe2-4570-a95d-4621a90fff21" testListId="8c84fa94-04c1-424b-9868-57a2d4851a1d" />
    <TestEntry testId="f8f00cb1-b7c7-8a4f-6936-45675a68da47" executionId="891e3d57-4e16-43c2-a266-bcb2b0330ad2" testListId="8c84fa94-04c1-424b-9868-57a2d4851a1d" />
    <TestEntry testId="f90684a7-a79c-7fc4-62c1-2b02b1a46484" executionId="082e103e-3259-4154-8e64-192da30b255e" testListId="8c84fa94-04c1-424b-9868-57a2d4851a1d" />
    <TestEntry testId="f90c4160-5714-951f-7521-1af6d342eb17" executionId="dcc2fd98-38f1-4fc3-9d80-478424b090e7" testListId="8c84fa94-04c1-424b-9868-57a2d4851a1d" />
    <TestEntry testId="fb8dd2a9-a240-beb6-bd3d-66e4ba26b2aa" executionId="8017c78f-8648-48d3-ae54-e6d1dbc09096" testListId="8c84fa94-04c1-424b-9868-57a2d4851a1d" />
    <TestEntry testId="fc8d00d7-7a7a-f0f3-a11d-98015016e42e" executionId="a70b276e-3ab5-4857-8b92-2f4f6997403a" testListId="8c84fa94-04c1-424b-9868-57a2d4851a1d" />
    <TestEntry testId="fc8e027e-d84b-5121-34bf-469313af48e4" executionId="7d172d15-d503-4654-b668-ef671bfd7ddf" testListId="8c84fa94-04c1-424b-9868-57a2d4851a1d" />
    <TestEntry testId="fdbcf997-f735-49dd-2d86-a367fe3813bc" executionId="38f9bc71-73c6-4f66-81c2-ac9f9ab1a45c" testListId="8c84fa94-04c1-424b-9868-57a2d4851a1d" />
    <TestEntry testId="fe73d6a0-344d-935f-fa47-83db37554a24" executionId="791857f2-e3e4-4793-be67-ddc1058ace8d" testListId="8c84fa94-04c1-424b-9868-57a2d4851a1d" />
    <TestEntry testId="fe850dae-beb0-69bb-1831-4463cca49bfb" executionId="627526ee-95a8-424c-b761-0f5b807d9ab0" testListId="8c84fa94-04c1-424b-9868-57a2d4851a1d" />
    <TestEntry testId="fed9e610-805c-d98a-9231-d2a52d8e3441" executionId="0cc0503d-425e-4b8b-a845-fcc1fce3f48f" testListId="8c84fa94-04c1-424b-9868-57a2d4851a1d" />
  </TestEntries>
  <Results>
    <UnitTestResult executionId="4bee6312-245a-4442-b0fc-d3765ef6ae28" testId="019bd56c-e56a-79a5-09bc-547b99ed981b" testName="listarOrdenDeComprasTest" computerName="DIEGO-PC" duration="00:00:00.6066168" startTime="2012-11-26T18:29:04.4772274-03:00" endTime="2012-11-26T18:29:05.5602893-03:00" testType="13cdc9d9-ddb5-4fa4-a97d-d965ccfc6d4b" outcome="Passed" testListId="8c84fa94-04c1-424b-9868-57a2d4851a1d" relativeResultsDirectory="4bee6312-245a-4442-b0fc-d3765ef6ae28">
      <Output>
        <StdOut>Save/Update: select * from OrdenDeCompra; select * from documento_movimiento; select * from LineaOrdenDeCompra WHERE borrado = 0
Save/Update: select * from LineaOrdenDeCompra WHERE  LineaOrdenDeCompra.nro_orden_compra=1  AND  LineaOrdenDeCompra.tipo_orden_compra='A' AND  LineaOrdenDeCompra.nro_sucursal=1  
Save/Update: select * from insumo WHERE  insumo.cod_insumo=1  
Save/Update: select * from insumo WHERE  insumo.cod_insumo=2  
Save/Update: select * from Proveedor WHERE  Proveedor.id_proveedor=1  
Save/Update: select * from MovimientosCuenta JOIN documento_movimiento AS documento ON MovimientosCuenta.nro_movimiento=documento.nro_movimiento JOIN proveedor_movimientos AS proveedor ON MovimientosCuenta.nro_movimiento=proveedor.nro_movimiento WHERE documento.nro_Doc=3  AND proveedor.id_proveedor IS NOT  NULL ; select * from proveedor_movimientos; select * from documento_movimiento
Save/Update: select * from LineaOrdenDeCompra WHERE  LineaOrdenDeCompra.nro_orden_compra=2  AND  LineaOrdenDeCompra.tipo_orden_compra='B' AND  LineaOrdenDeCompra.nro_sucursal=1  
Save/Update: select * from insumo WHERE  insumo.cod_insumo=1  
Save/Update: select * from insumo WHERE  insumo.cod_insumo=1  
Save/Update: select * from Proveedor WHERE  Proveedor.id_proveedor=1  
Save/Update: select * from MovimientosCuenta JOIN documento_movimiento AS documento ON MovimientosCuenta.nro_movimiento=documento.nro_movimiento JOIN proveedor_movimientos AS proveedor ON MovimientosCuenta.nro_movimiento=proveedor.nro_movimiento WHERE documento.nro_Doc=4  AND proveedor.id_proveedor IS NOT  NULL ; select * from proveedor_movimientos; select * from documento_movimiento
Save/Update: DELETE LineaOrdenDeCompra WHERE nro_orden_compra=2  AND nro_sucursal=1  AND tipo_orden_compra='A' AND nro_linea=1  
Save/Update: DELETE LineaOrdenDeCompra WHERE nro_orden_compra=2  AND nro_sucursal=1  AND tipo_orden_compra='A' AND nro_linea=2  
Save/Update: DELETE proveedor_movimientos where nro_movimiento=4  ; DELETE documento_movimiento where nro_movimiento=4  ; ;DELETE MovimientosCuenta WHERE nro_movimiento=4  
Save/Update: DELETE FROM OrdenDeCompra WHERE nro_Doc =5
Save/Update: delete documento where nro_doc=5</StdOut>
      </Output>
    </UnitTestResult>
    <UnitTestResult executionId="8f92bd59-30f6-420a-9e6c-d835f1571f5b" testId="019cc466-e1e2-1876-80d0-8bd0f4668b2f" testName="borrarDiseñoInsumoTest" computerName="DIEGO-PC" duration="00:00:00.1903217" startTime="2012-11-26T18:29:05.5652896-03:00" endTime="2012-11-26T18:29:05.7673012-03:00" testType="13cdc9d9-ddb5-4fa4-a97d-d965ccfc6d4b" outcome="Passed" testListId="8c84fa94-04c1-424b-9868-57a2d4851a1d" relativeResultsDirectory="8f92bd59-30f6-420a-9e6c-d835f1571f5b">
      <Output>
        <StdOut>Save/Update: INSERT INTO Diseño_insumos (cod_diseño, cod_insumo, cantidad) VALUES (2 , 1 , 5.5); 
Save/Update: select * from Diseño_insumos
Save/Update: DELETE Diseño_insumos WHERE cod_diseño=2  AND cod_insumo=1  
Save/Update: select * from Diseño_insumos
Save/Update: DELETE Diseño_insumos WHERE cod_diseño=2  AND cod_insumo=1</StdOut>
      </Output>
    </UnitTestResult>
    <UnitTestResult executionId="3b23f3c3-bcb4-45bf-a05b-5934436fa410" testId="0321ef45-ca6a-c46f-356f-5dff04b055f8" testName="listarMovimientosPorNroTest" computerName="DIEGO-PC" duration="00:00:00.1766831" startTime="2012-11-26T18:29:05.7723015-03:00" endTime="2012-11-26T18:29:05.9603122-03:00" testType="13cdc9d9-ddb5-4fa4-a97d-d965ccfc6d4b" outcome="Passed" testListId="8c84fa94-04c1-424b-9868-57a2d4851a1d" relativeResultsDirectory="3b23f3c3-bcb4-45bf-a05b-5934436fa410">
      <Output>
        <StdOut>Save/Update: select * from MovimientosCuenta JOIN cliente_movimientos AS cliente ON MovimientosCuenta.nro_movimiento=cliente.nro_movimiento WHERE  MovimientosCuenta.nro_movimiento=1  AND cliente.id_cliente IS NOT  NULL ; select * from cliente_movimientos; select * from documento_movimiento
Save/Update: select * from Cliente WHERE  Cliente.id_cliente=1  ; select * from cliente_movimientos; select * from Pedido WHERE borrado = 0; select * from Factura WHERE borrado = 0; select * from Diseño WHERE borrado = 0
Save/Update: select * from Usuario WHERE  Usuario.usuarioID=1  ; select * from JoinUsuarioToFamilia; select * from JoinPatenteToUsuario
Save/Update: select * from Familia JOIN JoinUsuarioToFamilia AS usuarios ON Familia.familiaID=usuarios.familiaID WHERE usuarios.usuarioID=1  ; select * from JoinFamiliaToPatente
Save/Update: select * from Patente JOIN JoinPatenteToUsuario AS usuario ON Patente.patenteId=usuario.patenteId WHERE usuario.usuarioID=1  
Save/Update: select * from Cliente WHERE  Cliente.usuarioID=1  ; select * from cliente_movimientos; select * from Pedido WHERE borrado = 0; select * from Factura WHERE borrado = 0; select * from Diseño WHERE borrado = 0
Save/Update: select * from Diseño WHERE  Diseño.id_cliente=1  ; select * from historico_estados_diseño WHERE borrado = 0
Save/Update: select * from Factura WHERE  Factura.id_cliente=1  ; select * from documento_movimiento; select * from LineaFactura WHERE borrado = 0
Save/Update: select * from Pedido WHERE  Pedido.id_cliente=1  ; select * from produccion WHERE borrado = 0; select * from historico_estados_pedido WHERE borrado = 0
Save/Update: select * from MovimientosCuenta JOIN cliente_movimientos AS cliente ON MovimientosCuenta.nro_movimiento=cliente.nro_movimiento WHERE cliente.id_cliente=1  AND cliente.id_cliente IS NOT  NULL ; select * from cliente_movimientos; select * from documento_movimiento
Save/Update: select * from Factura WHERE  Factura.nro_Doc=1  ; select * from documento_movimiento; select * from LineaFactura WHERE borrado = 0
Save/Update: select * from tipoMovimiento WHERE  tipoMovimiento.tipoMovimientoID=1  
Save/Update: select * from Cuenta WHERE  Cuenta.cuentaID=1  
Save/Update: DELETE cliente_movimientos where nro_movimiento=4  ; DELETE documento_movimiento where nro_movimiento=4  ; ;DELETE MovimientosCuenta WHERE nro_movimiento=4</StdOut>
      </Output>
    </UnitTestResult>
    <UnitTestResult executionId="f8795c85-0de2-4527-b730-eea6967e148e" testId="036044ea-8d05-b58f-21af-2b8c451629d2" testName="listarProduccionPorFechasTest" computerName="DIEGO-PC" duration="00:00:00.3111483" startTime="2012-11-26T18:29:05.9703128-03:00" endTime="2012-11-26T18:29:06.3043319-03:00" testType="13cdc9d9-ddb5-4fa4-a97d-d965ccfc6d4b" outcome="Passed" testListId="8c84fa94-04c1-424b-9868-57a2d4851a1d" relativeResultsDirectory="f8795c85-0de2-4527-b730-eea6967e148e">
      <Output>
        <StdOut>Save/Update: select * from produccion WHERE  produccion.fechaInicio&gt;= CAST('09/10/2012 09:00:00.000'  AS DateTime) AND  produccion.fechaInicio&lt;= CAST('09/10/2012 14:00:00.000'  AS DateTime) AND  produccion.fechaFinal&gt;= CAST('09/10/2012 12:00:00.000'  AS DateTime) AND  produccion.fechaFinal&lt;= CAST('09/10/2012 14:00:00.000'  AS DateTime) ; select * from historico_estados_produccion WHERE borrado = 0
Save/Update: select * from Pedido WHERE  Pedido.cod_pedido=1  ; select * from produccion WHERE borrado = 0; select * from historico_estados_pedido WHERE borrado = 0
Save/Update: select * from Maquina WHERE  Maquina.cod_maquina=1  ; select * from JoinMaquinaToTipoPrenda
Save/Update: select * from Articulos WHERE  Articulos.cod_articulo=1  ; select * from lista_precios WHERE borrado = 0
Save/Update: select * from EstadoTrabajos WHERE  EstadoTrabajos.cod_estado=3  
Save/Update: select * from historico_estados_produccion WHERE  historico_estados_produccion.cod_produccion=1  
Save/Update: select * from produccion_operador WHERE  produccion_operador.cod_prodcuccion=1  
Save/Update: DELETE produccion_operador WHERE id_operador=2  AND cod_prodcuccion=7  
Save/Update: DELETE historico_estados_produccion WHERE nro_estado=1  AND cod_produccion=7  
Save/Update: DELETE historico_estados_produccion WHERE nro_estado=2  AND cod_produccion=7  
Save/Update: DELETE produccion WHERE cod_produccion=7</StdOut>
      </Output>
    </UnitTestResult>
    <UnitTestResult executionId="76871387-2b63-482b-b81b-e7410f2d79e8" testId="046d8853-4c4a-6ed7-e6b4-7cfe78d48668" testName="listarOrdenDeComprasPorMovimientoTest" computerName="DIEGO-PC" duration="00:00:00.0127423" startTime="2012-11-26T18:29:06.3103322-03:00" endTime="2012-11-26T18:29:06.3343336-03:00" testType="13cdc9d9-ddb5-4fa4-a97d-d965ccfc6d4b" outcome="Passed" testListId="8c84fa94-04c1-424b-9868-57a2d4851a1d" relativeResultsDirectory="76871387-2b63-482b-b81b-e7410f2d79e8">
      <Output>
        <StdOut>Save/Update: select * from OrdenDeCompra WHERE  OrdenDeCompra.nro_Doc=3  ; select * from documento_movimiento; select * from LineaOrdenDeCompra WHERE borrado = 0
Save/Update: select * from LineaOrdenDeCompra WHERE  LineaOrdenDeCompra.nro_orden_compra=1  AND  LineaOrdenDeCompra.tipo_orden_compra='A' AND  LineaOrdenDeCompra.nro_sucursal=1  
Save/Update: select * from insumo WHERE  insumo.cod_insumo=1  
Save/Update: select * from insumo WHERE  insumo.cod_insumo=2  
Save/Update: select * from Proveedor WHERE  Proveedor.id_proveedor=1  
Save/Update: select * from MovimientosCuenta JOIN documento_movimiento AS documento ON MovimientosCuenta.nro_movimiento=documento.nro_movimiento JOIN proveedor_movimientos AS proveedor ON MovimientosCuenta.nro_movimiento=proveedor.nro_movimiento WHERE documento.nro_Doc=3  AND proveedor.id_proveedor IS NOT  NULL ; select * from proveedor_movimientos; select * from documento_movimiento
Save/Update: DELETE LineaOrdenDeCompra WHERE nro_orden_compra=2  AND nro_sucursal=1  AND tipo_orden_compra='A' AND nro_linea=1  
Save/Update: DELETE LineaOrdenDeCompra WHERE nro_orden_compra=2  AND nro_sucursal=1  AND tipo_orden_compra='A' AND nro_linea=2  
Save/Update: DELETE proveedor_movimientos where nro_movimiento=4  ; DELETE documento_movimiento where nro_movimiento=4  ; ;DELETE MovimientosCuenta WHERE nro_movimiento=4  
Save/Update: DELETE FROM OrdenDeCompra WHERE nro_Doc =5
Save/Update: delete documento where nro_doc=5</StdOut>
      </Output>
    </UnitTestResult>
    <UnitTestResult executionId="9130584b-f5cc-4309-9a40-eb8114fc6f6c" testId="049d0f88-7bdd-159e-dcba-5d96f972e9a7" testName="cargarUsuariosTest" computerName="DIEGO-PC" duration="00:00:00.0877310" startTime="2012-11-26T18:29:06.3373338-03:00" endTime="2012-11-26T18:29:06.4383395-03:00" testType="13cdc9d9-ddb5-4fa4-a97d-d965ccfc6d4b" outcome="Passed" testListId="8c84fa94-04c1-424b-9868-57a2d4851a1d" relativeResultsDirectory="9130584b-f5cc-4309-9a40-eb8114fc6f6c">
      <Output>
        <StdOut>Save/Update: select * from Usuario; select * from JoinUsuarioToFamilia; select * from JoinPatenteToUsuario
Save/Update: DELETE JoinUsuarioToFamilia where usuarioID=6  ; DELETE JoinPatenteToUsuario where usuarioID=6  ; ;DELETE Usuario WHERE usuarioID=6  
Save/Update: UPDATE Usuario SET nombre='nombre5', apellido='apellido5', mail='mail5@test.com', password='pas5', telefonoFijo='5555-5555', telefonoMovil='5555-5555', bloqueado=0  WHERE usuarioID=5  ; DELETE JoinUsuarioToFamilia where usuarioID=5  ; DELETE JoinPatenteToUsuario where usuarioID=5  ;</StdOut>
      </Output>
    </UnitTestResult>
    <UnitTestResult executionId="2a9a9919-e1e0-4a5f-8283-7aa9cc22c4e4" testId="04a946fc-19a1-d283-10d5-49de1068346e" testName="actualizarMovimientoTest" computerName="DIEGO-PC" duration="00:00:00.1713753" startTime="2012-11-26T18:29:06.4423398-03:00" endTime="2012-11-26T18:29:06.6253502-03:00" testType="13cdc9d9-ddb5-4fa4-a97d-d965ccfc6d4b" outcome="Passed" testListId="8c84fa94-04c1-424b-9868-57a2d4851a1d" relativeResultsDirectory="2a9a9919-e1e0-4a5f-8283-7aa9cc22c4e4">
      <Output>
        <StdOut>Save/Update: SELECT  ISNULL(MAX(nro_movimiento + 1),1) from MovimientosCuenta
Save/Update: INSERT INTO MovimientosCuenta (nro_movimiento, comentario, fecha, monto, cuentaID, tipoMovimientoID) VALUES (4 , 'com4',  CAST('26/11/2012 18:29:06.452'  AS DateTime), 33.3, 1 , 2 ); DELETE cliente_movimientos where nro_movimiento=4  ;  INSERT INTO cliente_movimientos ( nro_movimiento, id_cliente) VALUES ( 4 , 2 ); DELETE documento_movimiento where nro_movimiento=4  ; 
Save/Update: select * from MovimientosCuenta JOIN cliente_movimientos AS cliente ON MovimientosCuenta.nro_movimiento=cliente.nro_movimiento WHERE  MovimientosCuenta.nro_movimiento=4  AND cliente.id_cliente IS NOT  NULL ; select * from cliente_movimientos; select * from documento_movimiento
Save/Update: select * from Cliente WHERE  Cliente.id_cliente=2  ; select * from cliente_movimientos; select * from Pedido WHERE borrado = 0; select * from Factura WHERE borrado = 0; select * from Diseño WHERE borrado = 0
Save/Update: select * from Usuario WHERE  Usuario.usuarioID=2  ; select * from JoinUsuarioToFamilia; select * from JoinPatenteToUsuario
Save/Update: select * from Familia JOIN JoinUsuarioToFamilia AS usuarios ON Familia.familiaID=usuarios.familiaID WHERE usuarios.usuarioID=2  ; select * from JoinFamiliaToPatente
Save/Update: select * from Patente JOIN JoinFamiliaToPatente AS familia ON Patente.patenteId=familia.patenteId WHERE familia.familiaID=2  
Save/Update: select * from Patente JOIN JoinPatenteToUsuario AS usuario ON Patente.patenteId=usuario.patenteId WHERE usuario.usuarioID=2  
Save/Update: select * from Cliente WHERE  Cliente.usuarioID=2  ; select * from cliente_movimientos; select * from Pedido WHERE borrado = 0; select * from Factura WHERE borrado = 0; select * from Diseño WHERE borrado = 0
Save/Update: select * from Diseño WHERE  Diseño.id_cliente=2  ; select * from historico_estados_diseño WHERE borrado = 0
Save/Update: select * from Factura WHERE  Factura.id_cliente=2  ; select * from documento_movimiento; select * from LineaFactura WHERE borrado = 0
Save/Update: select * from Pedido WHERE  Pedido.id_cliente=2  ; select * from produccion WHERE borrado = 0; select * from historico_estados_pedido WHERE borrado = 0
Save/Update: select * from MovimientosCuenta JOIN cliente_movimientos AS cliente ON MovimientosCuenta.nro_movimiento=cliente.nro_movimiento WHERE cliente.id_cliente=2  AND cliente.id_cliente IS NOT  NULL ; select * from cliente_movimientos; select * from documento_movimiento
Save/Update: select * from tipoMovimiento WHERE  tipoMovimiento.tipoMovimientoID=2  
Save/Update: select * from Cuenta WHERE  Cuenta.cuentaID=1  
Save/Update: UPDATE MovimientosCuenta SET comentario='com4', fecha= CAST('26/11/2012 18:29:06.453'  AS DateTime), monto=33.3, cuentaID=1 , tipoMovimientoID=2  WHERE nro_movimiento=4  ; DELETE cliente_movimientos where nro_movimiento=4  ;  INSERT INTO cliente_movimientos ( nro_movimiento, id_cliente) VALUES ( 4 , 1 ); DELETE documento_movimiento where nro_movimiento=4  ; 
Save/Update: select * from MovimientosCuenta JOIN cliente_movimientos AS cliente ON MovimientosCuenta.nro_movimiento=cliente.nro_movimiento WHERE  MovimientosCuenta.nro_movimiento=4  AND cliente.id_cliente IS NOT  NULL ; select * from cliente_movimientos; select * from documento_movimiento
Save/Update: select * from Cliente WHERE  Cliente.id_cliente=1  ; select * from cliente_movimientos; select * from Pedido WHERE borrado = 0; select * from Factura WHERE borrado = 0; select * from Diseño WHERE borrado = 0
Save/Update: select * from Usuario WHERE  Usuario.usuarioID=1  ; select * from JoinUsuarioToFamilia; select * from JoinPatenteToUsuario
Save/Update: select * from Familia JOIN JoinUsuarioToFamilia AS usuarios ON Familia.familiaID=usuarios.familiaID WHERE usuarios.usuarioID=1  ; select * from JoinFamiliaToPatente
Save/Update: select * from Patente JOIN JoinPatenteToUsuario AS usuario ON Patente.patenteId=usuario.patenteId WHERE usuario.usuarioID=1  
Save/Update: select * from Cliente WHERE  Cliente.usuarioID=1  ; select * from cliente_movimientos; select * from Pedido WHERE borrado = 0; select * from Factura WHERE borrado = 0; select * from Diseño WHERE borrado = 0
Save/Update: select * from Diseño WHERE  Diseño.id_cliente=1  ; select * from historico_estados_diseño WHERE borrado = 0
Save/Update: select * from Factura WHERE  Factura.id_cliente=1  ; select * from documento_movimiento; select * from LineaFactura WHERE borrado = 0
Save/Update: select * from Pedido WHERE  Pedido.id_cliente=1  ; select * from produccion WHERE borrado = 0; select * from historico_estados_pedido WHERE borrado = 0
Save/Update: select * from MovimientosCuenta JOIN cliente_movimientos AS cliente ON MovimientosCuenta.nro_movimiento=cliente.nro_movimiento WHERE cliente.id_cliente=1  AND cliente.id_cliente IS NOT  NULL ; select * from cliente_movimientos; select * from documento_movimiento
Save/Update: select * from tipoMovimiento WHERE  tipoMovimiento.tipoMovimientoID=2  
Save/Update: select * from Cuenta WHERE  Cuenta.cuentaID=1  
Save/Update: DELETE cliente_movimientos where nro_movimiento=4  ; DELETE documento_movimiento where nro_movimiento=4  ; ;DELETE MovimientosCuenta WHERE nro_movimiento=4</StdOut>
      </Output>
    </UnitTestResult>
    <UnitTestResult executionId="00b4b411-78aa-4984-8b7b-f1c278d7f1f8" testId="0533de1e-bd84-9f46-95b5-950bf92951b0" testName="modificarLineaTest" computerName="DIEGO-PC" duration="00:00:00.0224726" startTime="2012-11-26T18:29:06.6293505-03:00" endTime="2012-11-26T18:29:06.6633524-03:00" testType="13cdc9d9-ddb5-4fa4-a97d-d965ccfc6d4b" outcome="Passed" testListId="8c84fa94-04c1-424b-9868-57a2d4851a1d" relativeResultsDirectory="00b4b411-78aa-4984-8b7b-f1c278d7f1f8">
      <Output>
        <StdOut>Save/Update: SELECT  ISNULL(MAX(nro_linea + 1),1) from LineaOrdenDeCompra WHERE nro_orden_compra=1 AND nro_sucursal=1 AND tipo_orden_compra='A'
Save/Update: INSERT INTO LineaOrdenDeCompra (nro_orden_compra, nro_sucursal, tipo_orden_compra, nro_linea, cod_producto, cantidad, precio, borrado) VALUES (1 , 1 , 'A', 3 , 3 , 33 , 33.3, 0 ); 
Save/Update: select * from LineaOrdenDeCompra WHERE  LineaOrdenDeCompra.nro_orden_compra=1  AND  LineaOrdenDeCompra.nro_linea=3  AND  LineaOrdenDeCompra.nro_sucursal=1  AND  LineaOrdenDeCompra.tipo_orden_compra='A' 
Save/Update: UPDATE LineaOrdenDeCompra SET cod_producto=3 , cantidad=33 , precio=10, borrado=0  WHERE nro_orden_compra=1  AND nro_sucursal=1  AND tipo_orden_compra='A' AND nro_linea=3  ; 
Save/Update: select * from LineaOrdenDeCompra WHERE  LineaOrdenDeCompra.nro_orden_compra=1  AND  LineaOrdenDeCompra.nro_linea=3  AND  LineaOrdenDeCompra.nro_sucursal=1  AND  LineaOrdenDeCompra.tipo_orden_compra='A' 
Save/Update: DELETE LineaOrdenDeCompra WHERE nro_orden_compra=1  AND nro_sucursal=1  AND tipo_orden_compra='A' AND nro_linea=3</StdOut>
      </Output>
    </UnitTestResult>
    <UnitTestResult executionId="d1ff5a82-e79e-44b2-947f-470d047bd880" testId="0619da45-f95c-9013-f779-f3a2e41e2ddd" testName="borrarUsuarioTest" computerName="DIEGO-PC" duration="00:00:00.0261953" startTime="2012-11-26T18:29:06.6683527-03:00" endTime="2012-11-26T18:29:06.7033547-03:00" testType="13cdc9d9-ddb5-4fa4-a97d-d965ccfc6d4b" outcome="Passed" testListId="8c84fa94-04c1-424b-9868-57a2d4851a1d" relativeResultsDirectory="d1ff5a82-e79e-44b2-947f-470d047bd880">
      <Output>
        <StdOut>Save/Update: INSERT INTO Usuario (usuarioID, nombre, apellido, mail, password, telefonoFijo, telefonoMovil, bloqueado) VALUES (6 , 'nombre6', 'apellido6', 'mail6@test.com', 'pas6', '6666-6666', '6666-6666', 0 ); DELETE JoinUsuarioToFamilia where usuarioID=6  ; DELETE JoinPatenteToUsuario where usuarioID=6  ; 
Save/Update: select * from Usuario WHERE  Usuario.usuarioID=6  ; select * from JoinUsuarioToFamilia; select * from JoinPatenteToUsuario
Save/Update: DELETE JoinUsuarioToFamilia where usuarioID=6  ; DELETE JoinPatenteToUsuario where usuarioID=6  ; ;DELETE Usuario WHERE usuarioID=6  
Save/Update: select * from Usuario WHERE  Usuario.usuarioID=6  ; select * from JoinUsuarioToFamilia; select * from JoinPatenteToUsuario
Save/Update: DELETE JoinUsuarioToFamilia where usuarioID=6  ; DELETE JoinPatenteToUsuario where usuarioID=6  ; ;DELETE Usuario WHERE usuarioID=6  
Save/Update: UPDATE Usuario SET nombre='nombre5', apellido='apellido5', mail='mail5@test.com', password='pas5', telefonoFijo='5555-5555', telefonoMovil='5555-5555', bloqueado=0  WHERE usuarioID=5  ; DELETE JoinUsuarioToFamilia where usuarioID=5  ; DELETE JoinPatenteToUsuario where usuarioID=5  ;</StdOut>
      </Output>
    </UnitTestResult>
    <UnitTestResult executionId="be7ece9f-c953-49cf-8ea7-e74106ff20be" testId="06ea3cf0-5b85-5241-6e3e-f83627367b47" testName="actualizarNewsletterTest" computerName="DIEGO-PC" duration="00:00:00.3342006" startTime="2012-11-26T18:29:06.7073549-03:00" endTime="2012-11-26T18:29:07.0523747-03:00" testType="13cdc9d9-ddb5-4fa4-a97d-d965ccfc6d4b" outcome="Passed" testListId="8c84fa94-04c1-424b-9868-57a2d4851a1d" relativeResultsDirectory="be7ece9f-c953-49cf-8ea7-e74106ff20be">
      <Output>
        <StdOut>Save/Update: select * from newsletter WHERE  newsletter.nombre='news1' 
Save/Update: UPDATE newsletter SET newsletter='&lt;body background="#8A94AA"&gt;&lt;style type="text/css"&gt;&lt;!--body {	background-color: #8A94AA;}.txt-geral {	font-family: Georgia, Times New Roman, Times, serif;	font-size: 13px;}.style3 {	font-family: Georgia, Times New Roman, Times, serif;	font-size: 13px;	color:#003366;}.txt-geralp {	font-family: Georgia, Times New Roman, Times, serif;	font-size: 11px;}.style-grd {	font-family: Georgia, Times New Roman, Times, serif;	font-size: 18px;}--&gt; &lt;/style&gt;&lt;table width="600" border="0" align="center" cellpadding="0" cellspacing="0"&gt;  &lt;tr&gt;    &lt;td class="titulo3"&gt;&lt;img src="http://www.salvadorefilhos.pt/images/news/bg-topo.gif" alt="" width="600" height="21" /&gt;&lt;/td&gt;  &lt;/tr&gt;  &lt;tr&gt;    &lt;td align="center" bgcolor="#EEEBE0"&gt;&lt;div align="center"&gt;&lt;img src="http://www.salvadorefilhos.pt/images/news/img-topo.jpg" alt="Salvador &amp;amp; Filhos" width="600" height="206" border="0" /&gt;&lt;/div&gt;&lt;/td&gt;  &lt;/tr&gt;  &lt;tr&gt;    &lt;td bgcolor="#EEEBE0"&gt;&lt;table width="97%" border="0" align="center" cellpadding="0" cellspacing="16"&gt;      &lt;tr&gt;        &lt;td width="50%" height="34" valign="top" class="txt-geral"&gt;&lt;div class="style3"&gt;          &lt;p&gt;&lt;b&gt;UNIPROF&lt;/b&gt;&lt;/p&gt;          &lt;p&gt;&lt;b&gt;NEWSLETTER N&amp;ordm;9&lt;/b&gt;&lt;/p&gt;        &lt;/div&gt;&lt;/td&gt;        &lt;td width="50%" align="right" valign="top" class="txt-geral"&gt;&lt;img src="http://www.salvadorefilhos.pt/images/news/logo.gif" alt="Cristo Rei" width="99" height="66" /&gt;&lt;/td&gt;      &lt;/tr&gt;      &lt;tr&gt;        &lt;td colspan="2" valign="top" class="txt-geral"&gt;&lt;p align="center"&gt;&lt;img src="http://www.es.salvadorefilhos.pt/newsletter/images/tit-newsl9.gif" alt="Servicios Adicionales" width="550" height="100" /&gt;&lt;/p&gt;          	&lt;table width="100%" border="0" cellspacing="0" cellpadding="0"&gt;				&lt;tr&gt;					&lt;td width="60%" valign="top"&gt;&lt;h2&gt;&lt;span lang="ES-TRAD" xml:lang="ES-TRAD"&gt;&lt;strong&gt;Env&amp;iacute;o, recepci&amp;oacute;n&lt;/strong&gt;&lt;/span&gt;:&lt;/h2&gt;							&lt;ul&gt;								&lt;li&gt;&lt;span lang="ES-TRAD" xml:lang="ES-TRAD"&gt;Log&amp;iacute;stica de entrega y recogida de pedidos por nuestro   transportista especializado. &lt;/span&gt; &lt;/li&gt;								&lt;li&gt;&lt;span lang="ES-TRAD" xml:lang="ES-TRAD"&gt;Entregas r&amp;aacute;pidas. &lt;/span&gt; &lt;/li&gt;								&lt;li&gt;&lt;span lang="ES-TRAD" xml:lang="ES-TRAD"&gt;Trabajamos internacionalmente. &lt;/span&gt; &lt;/li&gt;								&lt;li&gt;&lt;span lang="ES-TRAD" xml:lang="ES-TRAD"&gt;Entrega directa a nuestros clientes.&lt;/span&gt;&lt;/li&gt;								&lt;/ul&gt;&lt;/td&gt;					&lt;td width="40%" align="right"&gt;&lt;img src="http://www.es.salvadorefilhos.pt/fotos/empresa/carrinho.gif" alt="Env&amp;iacute;o, recepci&amp;oacute;n" width="200" height="190" hspace="0" border="0" /&gt;&lt;/td&gt;				&lt;/tr&gt;				&lt;tr&gt;					&lt;td valign="top"&gt;&lt;h2&gt;&lt;br /&gt;						&lt;strong&gt;Embalaje&lt;/strong&gt;:&lt;/h2&gt;							&lt;ul&gt;								&lt;li&gt;&lt;span lang="ES-TRAD" xml:lang="ES-TRAD"&gt;Tenemos un servicio m&amp;aacute;s a la disponibilidad de nuestros clientes. &lt;/span&gt; &lt;/li&gt;								&lt;li&gt;&lt;span lang="ES-TRAD" xml:lang="ES-TRAD"&gt;Doblar y prensar las piezas personalizadas. &lt;/span&gt; &lt;/li&gt;								&lt;li&gt;&lt;span lang="ES-TRAD" xml:lang="ES-TRAD"&gt;Embalaje individual en una bolsa de pl&amp;aacute;stico. &lt;/span&gt; &lt;/li&gt;								&lt;li&gt;&lt;span lang="ES-TRAD" xml:lang="ES-TRAD"&gt;Embalaje m&amp;uacute;ltiple en una bolsa de pl&amp;aacute;stico. &lt;/span&gt; &lt;/li&gt;								&lt;li&gt;&lt;span lang="ES-TRAD" xml:lang="ES-TRAD"&gt;Embalaje en cajas de cart&amp;oacute;n&lt;/span&gt;&lt;/li&gt;								&lt;/ul&gt;&lt;/td&gt;					&lt;td align="right"&gt;&lt;br /&gt;							&lt;img src="http://www.es.salvadorefilhos.pt/fotos/empresa/embalagem.gif" alt="Embalaje" width="200" height="168" hspace="0" border="0" /&gt;&lt;/td&gt;				&lt;/tr&gt;				&lt;tr&gt;					&lt;td valign="top"&gt;&lt;h2&gt;&lt;br /&gt;						&lt;strong&gt;Control de calidad&lt;/strong&gt;:&lt;/h2&gt;							&lt;ul&gt;								&lt;li&gt;&lt;span lang="ES-TRAD" xml:lang="ES-TRAD"&gt;N&lt;/span&gt;uestros bordados son la prueba de la calidad y durabilidad,   colores s&amp;oacute;lidos y garantidos, calidad garantizada. &lt;/li&gt;								&lt;li&gt;Nuestros textiles son de un acabado de alta calidad, controlado y   probado. &lt;/li&gt;								&lt;li&gt;Control de calidad para todos nuestros art&amp;iacute;culos. &lt;/li&gt;								&lt;li&gt;La experiencia y conocimiento a su servicio. &lt;/li&gt;								&lt;li&gt;P&amp;oacute;nganos a prueba.&lt;/li&gt;								&lt;/ul&gt;&lt;/td&gt;					&lt;td align="right"&gt;&lt;br /&gt;							&lt;img height="200" alt="Control de calidad" src="http://www.es.salvadorefilhos.pt/fotos/empresa/maos.gif" width="200" border="0" /&gt;&lt;/td&gt;				&lt;/tr&gt;			&lt;/table&gt;          	&lt;p&gt;&lt;strong&gt;&amp;iexcl;&lt;a href=""&gt;Env&amp;iacute;enos su solicitud&lt;/a&gt;!&lt;img src="http://www.salvadorefilhos.pt/newsletter/images/download-es.gif" alt="Descargas, Diapositivos gratis" width="173" height="148" border="0" align="right" /&gt;&lt;/strong&gt;&lt;/b&gt;&lt;/p&gt;          &lt;p&gt;Descargue en su ordenador nuestro cat&amp;aacute;logo de hilos y lista de clis&amp;eacute;s en &lt;a href=""&gt;descargas&lt;/a&gt;. &lt;/p&gt;          &lt;p&gt; Calidad siempre em nuestros art&amp;iacute;culos garantizados y acabamiento especial.&lt;/p&gt;&lt;/td&gt;      &lt;/tr&gt;      &lt;tr&gt;        &lt;td colspan="2" valign="top" class="txt-geral"&gt;&lt;/td&gt;      &lt;/tr&gt;    &lt;/table&gt;    &lt;/td&gt;  &lt;/tr&gt;  &lt;tr&gt;   &lt;td&gt;&lt;img src="http://www.salvadorefilhos.pt/images/news/bg-bot.gif" alt="" width="600" height="50" /&gt;&lt;/td&gt;  &lt;/tr&gt;&lt;/table&gt;&lt;/body&gt;&lt;/html&gt;', nombre='news1', enviado=1  WHERE id=1  ; 
Save/Update: select * from newsletter WHERE  newsletter.id=1  
Save/Update: UPDATE newsletter SET newsletter='&lt;body background="#8A94AA"&gt;&lt;style type="text/css"&gt;&lt;!--body {	background-color: #8A94AA;}.txt-geral {	font-family: Georgia, Times New Roman, Times, serif;	font-size: 13px;}.style3 {	font-family: Georgia, Times New Roman, Times, serif;	font-size: 13px;	color:#003366;}.txt-geralp {	font-family: Georgia, Times New Roman, Times, serif;	font-size: 11px;}.style-grd {	font-family: Georgia, Times New Roman, Times, serif;	font-size: 18px;}--&gt; &lt;/style&gt;&lt;table width="600" border="0" align="center" cellpadding="0" cellspacing="0"&gt;  &lt;tr&gt;    &lt;td class="titulo3"&gt;&lt;img src="http://www.salvadorefilhos.pt/images/news/bg-topo.gif" alt="" width="600" height="21" /&gt;&lt;/td&gt;  &lt;/tr&gt;  &lt;tr&gt;    &lt;td align="center" bgcolor="#EEEBE0"&gt;&lt;div align="center"&gt;&lt;img src="http://www.salvadorefilhos.pt/images/news/img-topo.jpg" alt="Salvador &amp;amp; Filhos" width="600" height="206" border="0" /&gt;&lt;/div&gt;&lt;/td&gt;  &lt;/tr&gt;  &lt;tr&gt;    &lt;td bgcolor="#EEEBE0"&gt;&lt;table width="97%" border="0" align="center" cellpadding="0" cellspacing="16"&gt;      &lt;tr&gt;        &lt;td width="50%" height="34" valign="top" class="txt-geral"&gt;&lt;div class="style3"&gt;          &lt;p&gt;&lt;b&gt;UNIPROF&lt;/b&gt;&lt;/p&gt;          &lt;p&gt;&lt;b&gt;NEWSLETTER N&amp;ordm;9&lt;/b&gt;&lt;/p&gt;        &lt;/div&gt;&lt;/td&gt;        &lt;td width="50%" align="right" valign="top" class="txt-geral"&gt;&lt;img src="http://www.salvadorefilhos.pt/images/news/logo.gif" alt="Cristo Rei" width="99" height="66" /&gt;&lt;/td&gt;      &lt;/tr&gt;      &lt;tr&gt;        &lt;td colspan="2" valign="top" class="txt-geral"&gt;&lt;p align="center"&gt;&lt;img src="http://www.es.salvadorefilhos.pt/newsletter/images/tit-newsl9.gif" alt="Servicios Adicionales" width="550" height="100" /&gt;&lt;/p&gt;          	&lt;table width="100%" border="0" cellspacing="0" cellpadding="0"&gt;				&lt;tr&gt;					&lt;td width="60%" valign="top"&gt;&lt;h2&gt;&lt;span lang="ES-TRAD" xml:lang="ES-TRAD"&gt;&lt;strong&gt;Env&amp;iacute;o, recepci&amp;oacute;n&lt;/strong&gt;&lt;/span&gt;:&lt;/h2&gt;							&lt;ul&gt;								&lt;li&gt;&lt;span lang="ES-TRAD" xml:lang="ES-TRAD"&gt;Log&amp;iacute;stica de entrega y recogida de pedidos por nuestro   transportista especializado. &lt;/span&gt; &lt;/li&gt;								&lt;li&gt;&lt;span lang="ES-TRAD" xml:lang="ES-TRAD"&gt;Entregas r&amp;aacute;pidas. &lt;/span&gt; &lt;/li&gt;								&lt;li&gt;&lt;span lang="ES-TRAD" xml:lang="ES-TRAD"&gt;Trabajamos internacionalmente. &lt;/span&gt; &lt;/li&gt;								&lt;li&gt;&lt;span lang="ES-TRAD" xml:lang="ES-TRAD"&gt;Entrega directa a nuestros clientes.&lt;/span&gt;&lt;/li&gt;								&lt;/ul&gt;&lt;/td&gt;					&lt;td width="40%" align="right"&gt;&lt;img src="http://www.es.salvadorefilhos.pt/fotos/empresa/carrinho.gif" alt="Env&amp;iacute;o, recepci&amp;oacute;n" width="200" height="190" hspace="0" border="0" /&gt;&lt;/td&gt;				&lt;/tr&gt;				&lt;tr&gt;					&lt;td valign="top"&gt;&lt;h2&gt;&lt;br /&gt;						&lt;strong&gt;Embalaje&lt;/strong&gt;:&lt;/h2&gt;							&lt;ul&gt;								&lt;li&gt;&lt;span lang="ES-TRAD" xml:lang="ES-TRAD"&gt;Tenemos un servicio m&amp;aacute;s a la disponibilidad de nuestros clientes. &lt;/span&gt; &lt;/li&gt;								&lt;li&gt;&lt;span lang="ES-TRAD" xml:lang="ES-TRAD"&gt;Doblar y prensar las piezas personalizadas. &lt;/span&gt; &lt;/li&gt;								&lt;li&gt;&lt;span lang="ES-TRAD" xml:lang="ES-TRAD"&gt;Embalaje individual en una bolsa de pl&amp;aacute;stico. &lt;/span&gt; &lt;/li&gt;								&lt;li&gt;&lt;span lang="ES-TRAD" xml:lang="ES-TRAD"&gt;Embalaje m&amp;uacute;ltiple en una bolsa de pl&amp;aacute;stico. &lt;/span&gt; &lt;/li&gt;								&lt;li&gt;&lt;span lang="ES-TRAD" xml:lang="ES-TRAD"&gt;Embalaje en cajas de cart&amp;oacute;n&lt;/span&gt;&lt;/li&gt;								&lt;/ul&gt;&lt;/td&gt;					&lt;td align="right"&gt;&lt;br /&gt;							&lt;img src="http://www.es.salvadorefilhos.pt/fotos/empresa/embalagem.gif" alt="Embalaje" width="200" height="168" hspace="0" border="0" /&gt;&lt;/td&gt;				&lt;/tr&gt;				&lt;tr&gt;					&lt;td valign="top"&gt;&lt;h2&gt;&lt;br /&gt;						&lt;strong&gt;Control de calidad&lt;/strong&gt;:&lt;/h2&gt;							&lt;ul&gt;								&lt;li&gt;&lt;span lang="ES-TRAD" xml:lang="ES-TRAD"&gt;N&lt;/span&gt;uestros bordados son la prueba de la calidad y durabilidad,   colores s&amp;oacute;lidos y garantidos, calidad garantizada. &lt;/li&gt;								&lt;li&gt;Nuestros textiles son de un acabado de alta calidad, controlado y   probado. &lt;/li&gt;								&lt;li&gt;Control de calidad para todos nuestros art&amp;iacute;culos. &lt;/li&gt;								&lt;li&gt;La experiencia y conocimiento a su servicio. &lt;/li&gt;								&lt;li&gt;P&amp;oacute;nganos a prueba.&lt;/li&gt;								&lt;/ul&gt;&lt;/td&gt;					&lt;td align="right"&gt;&lt;br /&gt;							&lt;img height="200" alt="Control de calidad" src="http://www.es.salvadorefilhos.pt/fotos/empresa/maos.gif" width="200" border="0" /&gt;&lt;/td&gt;				&lt;/tr&gt;			&lt;/table&gt;          	&lt;p&gt;&lt;strong&gt;&amp;iexcl;&lt;a href=""&gt;Env&amp;iacute;enos su solicitud&lt;/a&gt;!&lt;img src="http://www.salvadorefilhos.pt/newsletter/images/download-es.gif" alt="Descargas, Diapositivos gratis" width="173" height="148" border="0" align="right" /&gt;&lt;/strong&gt;&lt;/b&gt;&lt;/p&gt;          &lt;p&gt;Descargue en su ordenador nuestro cat&amp;aacute;logo de hilos y lista de clis&amp;eacute;s en &lt;a href=""&gt;descargas&lt;/a&gt;. &lt;/p&gt;          &lt;p&gt; Calidad siempre em nuestros art&amp;iacute;culos garantizados y acabamiento especial.&lt;/p&gt;&lt;/td&gt;      &lt;/tr&gt;      &lt;tr&gt;        &lt;td colspan="2" valign="top" class="txt-geral"&gt;&lt;/td&gt;      &lt;/tr&gt;    &lt;/table&gt;    &lt;/td&gt;  &lt;/tr&gt;  &lt;tr&gt;   &lt;td&gt;&lt;img src="http://www.salvadorefilhos.pt/images/news/bg-bot.gif" alt="" width="600" height="50" /&gt;&lt;/td&gt;  &lt;/tr&gt;&lt;/table&gt;&lt;/body&gt;&lt;/html&gt;', nombre='news1', enviado=1  WHERE id=1  ;</StdOut>
      </Output>
    </UnitTestResult>
    <UnitTestResult executionId="5638de60-107d-4d5d-addb-a73178003ffc" testId="07a2548d-4241-58e9-0562-3d619b418bbb" testName="cargarDiseñosTest" computerName="DIEGO-PC" duration="00:00:00.0821089" startTime="2012-11-26T18:29:07.0593751-03:00" endTime="2012-11-26T18:29:07.1523804-03:00" testType="13cdc9d9-ddb5-4fa4-a97d-d965ccfc6d4b" outcome="Passed" testListId="8c84fa94-04c1-424b-9868-57a2d4851a1d" relativeResultsDirectory="5638de60-107d-4d5d-addb-a73178003ffc">
      <Output>
        <StdOut>Save/Update: select * from Diseño WHERE  Diseño.alto&gt;=5  AND  Diseño.alto&lt;=15  AND  Diseño.ancho&gt;=5  AND  Diseño.ancho&lt;=15  AND  Diseño.nombre LIKE '%ño1%'AND  Diseño.puntadas&gt;=500  AND  Diseño.puntadas&lt;=1500  AND  Diseño.id_cliente=1  ; select * from historico_estados_diseño WHERE borrado = 0</StdOut>
      </Output>
    </UnitTestResult>
    <UnitTestResult executionId="8517c506-cd67-4275-a50f-f878c7b10fc5" testId="0826b7aa-fcce-4d97-453d-e58eb4a27a97" testName="crearNuevaMaquinaTest" computerName="DIEGO-PC" duration="00:00:00.0414380" startTime="2012-11-26T18:29:07.1573807-03:00" endTime="2012-11-26T18:29:07.2103837-03:00" testType="13cdc9d9-ddb5-4fa4-a97d-d965ccfc6d4b" outcome="Passed" testListId="8c84fa94-04c1-424b-9868-57a2d4851a1d" relativeResultsDirectory="8517c506-cd67-4275-a50f-f878c7b10fc5">
      <Output>
        <StdOut>Save/Update: SELECT  ISNULL(MAX(cod_maquina + 1),1) from Maquina
Save/Update: INSERT INTO Maquina (cod_maquina, altoMargen, anchoMargen, cabezales, nombre, velocidadPromedio, cantidadColores) VALUES (4 , 100 , 200 , 12 , 'nombre nuevo', 1000 , 12 ); DELETE JoinMaquinaToTipoPrenda where cod_maquina=4  ;  INSERT INTO JoinMaquinaToTipoPrenda ( cod_maquina, tipo_prenda) VALUES ( 4 , 1 );  INSERT INTO JoinMaquinaToTipoPrenda ( cod_maquina, tipo_prenda) VALUES ( 4 , 2 ); 
Save/Update: select * from produccion WHERE  produccion.fechaInicio&gt;= CAST('26/11/2012 18:29:07.000'  AS DateTime) ; select * from historico_estados_produccion WHERE borrado = 0
Save/Update: select * from produccion WHERE  produccion.fechaInicio&gt;= CAST('26/11/2012 18:29:07.000'  AS DateTime) ; select * from historico_estados_produccion WHERE borrado = 0
Save/Update: select * from Maquina WHERE  Maquina.cod_maquina=4  ; select * from JoinMaquinaToTipoPrenda
Save/Update: select * from TipoPrenda WHERE  TipoPrenda.tipo_prenda=1  
Save/Update: select * from TipoPrenda WHERE  TipoPrenda.tipo_prenda=2  
Save/Update: DELETE JoinMaquinaToTipoPrenda where cod_maquina=4  ; ;DELETE Maquina WHERE cod_maquina=4  
Save/Update: delete from JoinMaquinaToTipoPrenda where cod_maquina=4</StdOut>
      </Output>
    </UnitTestResult>
    <UnitTestResult executionId="0500ec77-1f59-49d5-aea8-48c598e8ac13" testId="09863448-141d-d561-d286-b118ec566d97" testName="listarInsumosConRestriccionesTest" computerName="DIEGO-PC" duration="00:00:00.1693921" startTime="2012-11-26T18:29:07.2143839-03:00" endTime="2012-11-26T18:29:07.3943942-03:00" testType="13cdc9d9-ddb5-4fa4-a97d-d965ccfc6d4b" outcome="Passed" testListId="8c84fa94-04c1-424b-9868-57a2d4851a1d" relativeResultsDirectory="0500ec77-1f59-49d5-aea8-48c598e8ac13">
      <Output>
        <StdOut>Save/Update: select * from insumo WHERE  insumo.nombre LIKE '%bre%'AND  insumo.detalle LIKE '%lle1%'AND  insumo.id_tipo_insumo=1  AND  insumo.color=1  
Save/Update: select * from tipoInsumo WHERE  tipoInsumo.tipo_insumo=1  
Save/Update: select * from color WHERE  color.codigo_color=1  
Save/Update: select * from MovimientosStock WHERE  MovimientosStock.cod_insumo=1  
Save/Update: select * from insumo WHERE  insumo.cod_insumo=1  
Save/Update: select * from tipoInsumo WHERE  tipoInsumo.tipo_insumo=1  
Save/Update: select * from color WHERE  color.codigo_color=1  
Save/Update: select * from MovimientosStock WHERE  MovimientosStock.cod_insumo=1  
Save/Update: select * from insumo WHERE  insumo.cod_insumo=2  
Save/Update: select * from tipoInsumo WHERE  tipoInsumo.tipo_insumo=1  
Save/Update: select * from color WHERE  color.codigo_color=2  
Save/Update: select * from MovimientosStock WHERE  MovimientosStock.cod_insumo=2  
Save/Update: select * from insumo WHERE  insumo.cod_insumo=1  
Save/Update: select * from tipoInsumo WHERE  tipoInsumo.tipo_insumo=1  
Save/Update: select * from color WHERE  color.codigo_color=1  
Save/Update: select * from MovimientosStock WHERE  MovimientosStock.cod_insumo=1  
Save/Update: UPDATE insumo SET nombre='nombre1', id_tipo_insumo=1 , color=1 , detalle='detalle1', costo=1, cantidadActual=1  WHERE cod_insumo=1  ; 
Save/Update: select * from insumo WHERE  insumo.cod_insumo=2  
Save/Update: select * from tipoInsumo WHERE  tipoInsumo.tipo_insumo=1  
Save/Update: select * from color WHERE  color.codigo_color=2  
Save/Update: select * from MovimientosStock WHERE  MovimientosStock.cod_insumo=2  
Save/Update: UPDATE insumo SET nombre='nombre2', id_tipo_insumo=1 , color=2 , detalle='detalle2', costo=1, cantidadActual=2  WHERE cod_insumo=2  ; 
Save/Update: delete from MovimientosStock where cod_insumo &gt; 2 or (cod_insumo = 1 AND nro_movimiento &gt; 2) or (cod_insumo = 2 AND nro_movimiento &gt; 1)
Save/Update: DELETE MovimientosStock WHERE nro_movimiento=1  AND cod_insumo=5  
Save/Update: DELETE MovimientosStock WHERE nro_movimiento=2  AND cod_insumo=5  
Save/Update: DELETE insumo WHERE cod_insumo=5</StdOut>
      </Output>
    </UnitTestResult>
    <UnitTestResult executionId="1ce114c8-cfc2-45d0-b227-c95285e80d1e" testId="0a8df61c-a62f-1c66-059f-875171321588" testName="grabarListaPrecioTest" computerName="DIEGO-PC" duration="00:00:00.0202901" startTime="2012-11-26T18:29:07.3973944-03:00" endTime="2012-11-26T18:29:07.4263961-03:00" testType="13cdc9d9-ddb5-4fa4-a97d-d965ccfc6d4b" outcome="Passed" testListId="8c84fa94-04c1-424b-9868-57a2d4851a1d" relativeResultsDirectory="1ce114c8-cfc2-45d0-b227-c95285e80d1e">
      <Output>
        <StdOut>Save/Update: SELECT  ISNULL( MAX(nro_lista + 1), 1) from lista_precios WHERE cod_articulo=1
Save/Update: INSERT INTO lista_precios (nro_lista, cod_articulo, precio, fechaDesde, fechaHasta, borrado) VALUES (3 , 1 , 3.1,  CAST('11/11/2011 13:55:33.110'  AS DateTime),  CAST('11/11/2011 14:55:33.223'  AS DateTime), 0 ); 
Save/Update: select * from lista_precios WHERE  lista_precios.borrado=0  AND  lista_precios.cod_articulo=1  
Save/Update: DELETE lista_precios WHERE nro_lista=3  AND cod_articulo=1</StdOut>
      </Output>
    </UnitTestResult>
    <UnitTestResult executionId="faae7565-af60-4bd1-8e9a-b2fe627713ed" testId="0bbd7a33-36a4-99a4-2cd0-83fd451fea26" testName="actualizarUsuarioTest" computerName="DIEGO-PC" duration="00:00:00.0517307" startTime="2012-11-26T18:29:07.4303963-03:00" endTime="2012-11-26T18:29:07.4923998-03:00" testType="13cdc9d9-ddb5-4fa4-a97d-d965ccfc6d4b" outcome="Passed" testListId="8c84fa94-04c1-424b-9868-57a2d4851a1d" relativeResultsDirectory="faae7565-af60-4bd1-8e9a-b2fe627713ed">
      <Output>
        <StdOut>Save/Update: select * from Usuario WHERE  Usuario.usuarioID=5  ; select * from JoinUsuarioToFamilia; select * from JoinPatenteToUsuario
Save/Update: select * from Familia JOIN JoinUsuarioToFamilia AS usuarios ON Familia.familiaID=usuarios.familiaID WHERE usuarios.usuarioID=5  ; select * from JoinFamiliaToPatente
Save/Update: select * from Patente JOIN JoinPatenteToUsuario AS usuario ON Patente.patenteId=usuario.patenteId WHERE usuario.usuarioID=5  
Save/Update: select * from Cliente WHERE  Cliente.usuarioID=5  ; select * from cliente_movimientos; select * from Pedido WHERE borrado = 0; select * from Factura WHERE borrado = 0; select * from Diseño WHERE borrado = 0
Save/Update: UPDATE Usuario SET nombre='nombreModificado', apellido='apellido5', mail='mail5@test.com', password='pas5', telefonoFijo='5555-5555', telefonoMovil='5555-5555', bloqueado=0  WHERE usuarioID=5  ; DELETE JoinUsuarioToFamilia where usuarioID=5  ;  INSERT INTO JoinUsuarioToFamilia ( usuarioID, familiaID) VALUES ( 5 , 5 ); DELETE JoinPatenteToUsuario where usuarioID=5  ;  INSERT INTO JoinPatenteToUsuario ( usuarioID, patenteId) VALUES ( 5 , 3 ); 
Save/Update: select * from Usuario WHERE  Usuario.usuarioID=5  ; select * from JoinUsuarioToFamilia; select * from JoinPatenteToUsuario
Save/Update: select * from Familia JOIN JoinUsuarioToFamilia AS usuarios ON Familia.familiaID=usuarios.familiaID WHERE usuarios.usuarioID=5  ; select * from JoinFamiliaToPatente
Save/Update: select * from Patente JOIN JoinFamiliaToPatente AS familia ON Patente.patenteId=familia.patenteId WHERE familia.familiaID=5  
Save/Update: select * from Patente JOIN JoinPatenteToUsuario AS usuario ON Patente.patenteId=usuario.patenteId WHERE usuario.usuarioID=5  
Save/Update: select * from Cliente WHERE  Cliente.usuarioID=5  ; select * from cliente_movimientos; select * from Pedido WHERE borrado = 0; select * from Factura WHERE borrado = 0; select * from Diseño WHERE borrado = 0
Save/Update: UPDATE Usuario SET nombre='nombreModificado', apellido='apellido5', mail='mail5@test.com', password='pas5', telefonoFijo='5555-5555', telefonoMovil='5555-5555', bloqueado=0  WHERE usuarioID=5  ; DELETE JoinUsuarioToFamilia where usuarioID=5  ; DELETE JoinPatenteToUsuario where usuarioID=5  ;</StdOut>
      </Output>
    </UnitTestResult>
    <UnitTestResult executionId="980bb480-2048-4b11-9bd4-2e8c1a234c0e" testId="0d0b6b4c-3d42-300a-bac7-fbab5e0b6cc5" testName="listarProduccionConRestriccionesTest" computerName="DIEGO-PC" duration="00:00:00.0149225" startTime="2012-11-26T18:29:07.5144011-03:00" endTime="2012-11-26T18:29:07.5504032-03:00" testType="13cdc9d9-ddb5-4fa4-a97d-d965ccfc6d4b" outcome="Passed" testListId="8c84fa94-04c1-424b-9868-57a2d4851a1d" relativeResultsDirectory="980bb480-2048-4b11-9bd4-2e8c1a234c0e">
      <Output>
        <StdOut>Save/Update: select * from produccion WHERE  produccion.fechaInicio&gt;= CAST('09/10/2012 09:00:00.000'  AS DateTime) AND  produccion.fechaInicio&lt;= CAST('09/10/2012 14:00:00.000'  AS DateTime) AND  produccion.fechaFinal&gt;= CAST('09/10/2012 12:00:00.000'  AS DateTime) AND  produccion.fechaFinal&lt;= CAST('09/10/2012 14:00:00.000'  AS DateTime) ; select * from historico_estados_produccion WHERE borrado = 0
Save/Update: select * from Pedido WHERE  Pedido.cod_pedido=1  ; select * from produccion WHERE borrado = 0; select * from historico_estados_pedido WHERE borrado = 0
Save/Update: select * from Maquina WHERE  Maquina.cod_maquina=1  ; select * from JoinMaquinaToTipoPrenda
Save/Update: select * from Articulos WHERE  Articulos.cod_articulo=1  ; select * from lista_precios WHERE borrado = 0
Save/Update: select * from EstadoTrabajos WHERE  EstadoTrabajos.cod_estado=3  
Save/Update: select * from historico_estados_produccion WHERE  historico_estados_produccion.cod_produccion=1  
Save/Update: select * from produccion_operador WHERE  produccion_operador.cod_prodcuccion=1  
Save/Update: DELETE produccion_operador WHERE id_operador=2  AND cod_prodcuccion=7  
Save/Update: DELETE historico_estados_produccion WHERE nro_estado=1  AND cod_produccion=7  
Save/Update: DELETE historico_estados_produccion WHERE nro_estado=2  AND cod_produccion=7  
Save/Update: DELETE produccion WHERE cod_produccion=7</StdOut>
      </Output>
    </UnitTestResult>
    <UnitTestResult executionId="7e339170-3c55-4aa2-8dd6-b7c0545790c1" testId="0d3f2b5f-2310-d53e-af58-1c0f5f09df9f" testName="cargarMovimientosConRestriccionesTest" computerName="DIEGO-PC" duration="00:00:00.0129026" startTime="2012-11-26T18:29:07.5654040-03:00" endTime="2012-11-26T18:29:07.5994060-03:00" testType="13cdc9d9-ddb5-4fa4-a97d-d965ccfc6d4b" outcome="Passed" testListId="8c84fa94-04c1-424b-9868-57a2d4851a1d" relativeResultsDirectory="7e339170-3c55-4aa2-8dd6-b7c0545790c1">
      <Output>
        <StdOut>Save/Update: select * from MovimientosCuenta JOIN proveedor_movimientos AS proveedor ON MovimientosCuenta.nro_movimiento=proveedor.nro_movimiento WHERE  MovimientosCuenta.nro_movimiento=3  AND  MovimientosCuenta.comentario LIKE '%m3%'AND  MovimientosCuenta.fecha= CAST('03/03/2003 00:00:00.000'  AS DateTime) AND  MovimientosCuenta.monto&gt;=5 AND  MovimientosCuenta.monto&lt;=50 AND  MovimientosCuenta.cuentaID=1  AND  MovimientosCuenta.tipoMovimientoID=1  AND proveedor.id_proveedor=1  AND proveedor.id_proveedor IS NOT  NULL ; select * from proveedor_movimientos; select * from documento_movimiento
Save/Update: DELETE proveedor_movimientos where nro_movimiento=4  ; DELETE documento_movimiento where nro_movimiento=4  ; ;DELETE MovimientosCuenta WHERE nro_movimiento=4</StdOut>
      </Output>
    </UnitTestResult>
    <UnitTestResult executionId="d406e1bd-d116-41b3-89ed-42406003d696" testId="0dd1a643-72f4-8fdd-aebf-659387fe0ecf" testName="disminuirStockTest" computerName="DIEGO-PC" duration="00:00:00.0943839" startTime="2012-11-26T18:29:07.6084065-03:00" endTime="2012-11-26T18:29:07.7124124-03:00" testType="13cdc9d9-ddb5-4fa4-a97d-d965ccfc6d4b" outcome="Passed" testListId="8c84fa94-04c1-424b-9868-57a2d4851a1d" relativeResultsDirectory="d406e1bd-d116-41b3-89ed-42406003d696">
      <Output>
        <StdOut>Save/Update: select * from Articulos WHERE  Articulos.cod_articulo=1  ; select * from lista_precios WHERE borrado = 0
Save/Update: select * from lista_precios WHERE  lista_precios.cod_articulo=1  
Save/Update: select * from TipoPrenda WHERE  TipoPrenda.tipo_prenda=1  
Save/Update: select * from Diseño WHERE  Diseño.cod_diseño=1  ; select * from historico_estados_diseño WHERE borrado = 0
Save/Update: select * from Diseño WHERE  Diseño.cod_diseño=1  ; select * from historico_estados_diseño WHERE borrado = 0
Save/Update: select * from Cliente WHERE  Cliente.id_cliente=1  ; select * from cliente_movimientos; select * from Pedido WHERE borrado = 0; select * from Factura WHERE borrado = 0; select * from Diseño WHERE borrado = 0
Save/Update: select * from Usuario WHERE  Usuario.usuarioID=1  ; select * from JoinUsuarioToFamilia; select * from JoinPatenteToUsuario
Save/Update: select * from Diseño_insumos WHERE  Diseño_insumos.cod_diseño=1  
Save/Update: select * from historico_estados_diseño WHERE  historico_estados_diseño.cod_diseño=1  
Save/Update: select * from EstadoDiseños WHERE  EstadoDiseños.estado=2  
Save/Update: select * from insumo WHERE  insumo.cod_insumo=1  
Save/Update: select * from tipoInsumo WHERE  tipoInsumo.tipo_insumo=1  
Save/Update: select * from color WHERE  color.codigo_color=1  
Save/Update: select * from MovimientosStock WHERE  MovimientosStock.cod_insumo=1  
Save/Update: select * from insumo WHERE  insumo.cod_insumo=1  
Save/Update: select * from tipoInsumo WHERE  tipoInsumo.tipo_insumo=1  
Save/Update: select * from color WHERE  color.codigo_color=1  
Save/Update: select * from MovimientosStock WHERE  MovimientosStock.cod_insumo=1  
Save/Update: UPDATE insumo SET nombre='nombre1', id_tipo_insumo=1 , color=1 , detalle='detalle1', costo=1, cantidadActual=0  WHERE cod_insumo=1  ; 
Save/Update: SELECT  ISNULL(MAX(nro_movimiento + 1),1) from MovimientosStock WHERE cod_insumo=1
Save/Update: INSERT INTO MovimientosStock (nro_movimiento, cod_insumo, tipo, fecha, cantidad) VALUES (3 , 1 , 1 ,  CAST('26/11/2012 18:29:07.656'  AS DateTime), -1); 
Save/Update: select * from insumo WHERE  insumo.cod_insumo=2  
Save/Update: select * from tipoInsumo WHERE  tipoInsumo.tipo_insumo=1  
Save/Update: select * from color WHERE  color.codigo_color=2  
Save/Update: select * from MovimientosStock WHERE  MovimientosStock.cod_insumo=2  
Save/Update: select * from insumo WHERE  insumo.cod_insumo=2  
Save/Update: select * from tipoInsumo WHERE  tipoInsumo.tipo_insumo=1  
Save/Update: select * from color WHERE  color.codigo_color=2  
Save/Update: select * from MovimientosStock WHERE  MovimientosStock.cod_insumo=2  
Save/Update: UPDATE insumo SET nombre='nombre2', id_tipo_insumo=1 , color=2 , detalle='detalle2', costo=1, cantidadActual=1  WHERE cod_insumo=2  ; 
Save/Update: SELECT  ISNULL(MAX(nro_movimiento + 1),1) from MovimientosStock WHERE cod_insumo=2
Save/Update: INSERT INTO MovimientosStock (nro_movimiento, cod_insumo, tipo, fecha, cantidad) VALUES (2 , 2 , 1 ,  CAST('26/11/2012 18:29:07.687'  AS DateTime), -1); 
Save/Update: select * from insumo WHERE  insumo.cod_insumo=1  
Save/Update: select * from tipoInsumo WHERE  tipoInsumo.tipo_insumo=1  
Save/Update: select * from color WHERE  color.codigo_color=1  
Save/Update: select * from MovimientosStock WHERE  MovimientosStock.cod_insumo=1  
Save/Update: select * from insumo WHERE  insumo.cod_insumo=2  
Save/Update: select * from tipoInsumo WHERE  tipoInsumo.tipo_insumo=1  
Save/Update: select * from color WHERE  color.codigo_color=2  
Save/Update: select * from MovimientosStock WHERE  MovimientosStock.cod_insumo=2  
Save/Update: select * from insumo WHERE  insumo.cod_insumo=1  
Save/Update: select * from tipoInsumo WHERE  tipoInsumo.tipo_insumo=1  
Save/Update: select * from color WHERE  color.codigo_color=1  
Save/Update: select * from MovimientosStock WHERE  MovimientosStock.cod_insumo=1  
Save/Update: select * from insumo WHERE  insumo.cod_insumo=2  
Save/Update: select * from tipoInsumo WHERE  tipoInsumo.tipo_insumo=1  
Save/Update: select * from color WHERE  color.codigo_color=2  
Save/Update: select * from MovimientosStock WHERE  MovimientosStock.cod_insumo=2  
Save/Update: select * from insumo WHERE  insumo.cod_insumo=1  
Save/Update: select * from tipoInsumo WHERE  tipoInsumo.tipo_insumo=1  
Save/Update: select * from color WHERE  color.codigo_color=1  
Save/Update: select * from MovimientosStock WHERE  MovimientosStock.cod_insumo=1  
Save/Update: UPDATE insumo SET nombre='nombre1', id_tipo_insumo=1 , color=1 , detalle='detalle1', costo=1, cantidadActual=1  WHERE cod_insumo=1  ; 
Save/Update: SELECT  ISNULL(MAX(nro_movimiento + 1),1) from MovimientosStock WHERE cod_insumo=1
Save/Update: INSERT INTO MovimientosStock (nro_movimiento, cod_insumo, tipo, fecha, cantidad) VALUES (4 , 1 , 2 ,  CAST('26/11/2012 18:29:07.701'  AS DateTime), 1); 
Save/Update: select * from insumo WHERE  insumo.cod_insumo=2  
Save/Update: select * from tipoInsumo WHERE  tipoInsumo.tipo_insumo=1  
Save/Update: select * from color WHERE  color.codigo_color=2  
Save/Update: select * from MovimientosStock WHERE  MovimientosStock.cod_insumo=2  
Save/Update: UPDATE insumo SET nombre='nombre2', id_tipo_insumo=1 , color=2 , detalle='detalle2', costo=1, cantidadActual=2  WHERE cod_insumo=2  ; 
Save/Update: SELECT  ISNULL(MAX(nro_movimiento + 1),1) from MovimientosStock WHERE cod_insumo=2
Save/Update: INSERT INTO MovimientosStock (nro_movimiento, cod_insumo, tipo, fecha, cantidad) VALUES (3 , 2 , 2 ,  CAST('26/11/2012 18:29:07.705'  AS DateTime), 1); 
Save/Update: delete from MovimientosStock where cod_insumo &gt; 2 or (cod_insumo = 1 AND nro_movimiento &gt; 2) or (cod_insumo = 2 AND nro_movimiento &gt; 1)
Save/Update: DELETE MovimientosStock WHERE nro_movimiento=1  AND cod_insumo=5  
Save/Update: DELETE MovimientosStock WHERE nro_movimiento=2  AND cod_insumo=5  
Save/Update: DELETE insumo WHERE cod_insumo=5</StdOut>
      </Output>
    </UnitTestResult>
    <UnitTestResult executionId="ea8c4bee-3ade-41d5-8889-e26595211995" testId="10b4c1e2-77e8-b6fe-ff2c-b75bd78a1790" testName="actualizarMovimientoTest" computerName="DIEGO-PC" duration="00:00:00.2270289" startTime="2012-11-26T18:29:07.7154126-03:00" endTime="2012-11-26T18:29:07.9524261-03:00" testType="13cdc9d9-ddb5-4fa4-a97d-d965ccfc6d4b" outcome="Passed" testListId="8c84fa94-04c1-424b-9868-57a2d4851a1d" relativeResultsDirectory="ea8c4bee-3ade-41d5-8889-e26595211995">
      <Output>
        <StdOut>Save/Update: SELECT  ISNULL(MAX(nro_movimiento + 1),1) from MovimientosCuenta
Save/Update: INSERT INTO MovimientosCuenta (nro_movimiento, comentario, fecha, monto, cuentaID, tipoMovimientoID) VALUES (4 , 'com4',  CAST('26/11/2012 18:29:07.722'  AS DateTime), 33.3, 1 , 2 ); DELETE cliente_movimientos where nro_movimiento=4  ;  INSERT INTO cliente_movimientos ( nro_movimiento, id_cliente) VALUES ( 4 , 2 ); DELETE documento_movimiento where nro_movimiento=4  ; 
Save/Update: select * from MovimientosCuenta JOIN cliente_movimientos AS cliente ON MovimientosCuenta.nro_movimiento=cliente.nro_movimiento WHERE  MovimientosCuenta.nro_movimiento=4  AND cliente.id_cliente IS NOT  NULL ; select * from cliente_movimientos; select * from documento_movimiento
Save/Update: select * from Cliente WHERE  Cliente.id_cliente=2  ; select * from cliente_movimientos; select * from Pedido WHERE borrado = 0; select * from Factura WHERE borrado = 0; select * from Diseño WHERE borrado = 0
Save/Update: select * from Usuario WHERE  Usuario.usuarioID=2  ; select * from JoinUsuarioToFamilia; select * from JoinPatenteToUsuario
Save/Update: select * from Familia JOIN JoinUsuarioToFamilia AS usuarios ON Familia.familiaID=usuarios.familiaID WHERE usuarios.usuarioID=2  ; select * from JoinFamiliaToPatente
Save/Update: select * from Patente JOIN JoinFamiliaToPatente AS familia ON Patente.patenteId=familia.patenteId WHERE familia.familiaID=2  
Save/Update: select * from Patente JOIN JoinPatenteToUsuario AS usuario ON Patente.patenteId=usuario.patenteId WHERE usuario.usuarioID=2  
Save/Update: select * from Cliente WHERE  Cliente.usuarioID=2  ; select * from cliente_movimientos; select * from Pedido WHERE borrado = 0; select * from Factura WHERE borrado = 0; select * from Diseño WHERE borrado = 0
Save/Update: select * from Diseño WHERE  Diseño.id_cliente=2  ; select * from historico_estados_diseño WHERE borrado = 0
Save/Update: select * from Factura WHERE  Factura.id_cliente=2  ; select * from documento_movimiento; select * from LineaFactura WHERE borrado = 0
Save/Update: select * from Pedido WHERE  Pedido.id_cliente=2  ; select * from produccion WHERE borrado = 0; select * from historico_estados_pedido WHERE borrado = 0
Save/Update: select * from MovimientosCuenta JOIN cliente_movimientos AS cliente ON MovimientosCuenta.nro_movimiento=cliente.nro_movimiento WHERE cliente.id_cliente=2  AND cliente.id_cliente IS NOT  NULL ; select * from cliente_movimientos; select * from documento_movimiento
Save/Update: select * from tipoMovimiento WHERE  tipoMovimiento.tipoMovimientoID=2  
Save/Update: select * from Cuenta WHERE  Cuenta.cuentaID=1  
Save/Update: UPDATE MovimientosCuenta SET comentario='com4', fecha= CAST('26/11/2012 18:29:07.723'  AS DateTime), monto=33.3, cuentaID=1 , tipoMovimientoID=2  WHERE nro_movimiento=4  ; DELETE cliente_movimientos where nro_movimiento=4  ;  INSERT INTO cliente_movimientos ( nro_movimiento, id_cliente) VALUES ( 4 , 1 ); DELETE documento_movimiento where nro_movimiento=4  ; 
Save/Update: select * from MovimientosCuenta JOIN cliente_movimientos AS cliente ON MovimientosCuenta.nro_movimiento=cliente.nro_movimiento WHERE  MovimientosCuenta.nro_movimiento=4  AND cliente.id_cliente IS NOT  NULL ; select * from cliente_movimientos; select * from documento_movimiento
Save/Update: select * from Cliente WHERE  Cliente.id_cliente=1  ; select * from cliente_movimientos; select * from Pedido WHERE borrado = 0; select * from Factura WHERE borrado = 0; select * from Diseño WHERE borrado = 0
Save/Update: select * from Usuario WHERE  Usuario.usuarioID=1  ; select * from JoinUsuarioToFamilia; select * from JoinPatenteToUsuario
Save/Update: select * from Familia JOIN JoinUsuarioToFamilia AS usuarios ON Familia.familiaID=usuarios.familiaID WHERE usuarios.usuarioID=1  ; select * from JoinFamiliaToPatente
Save/Update: select * from Patente JOIN JoinPatenteToUsuario AS usuario ON Patente.patenteId=usuario.patenteId WHERE usuario.usuarioID=1  
Save/Update: select * from Cliente WHERE  Cliente.usuarioID=1  ; select * from cliente_movimientos; select * from Pedido WHERE borrado = 0; select * from Factura WHERE borrado = 0; select * from Diseño WHERE borrado = 0
Save/Update: select * from Diseño WHERE  Diseño.id_cliente=1  ; select * from historico_estados_diseño WHERE borrado = 0
Save/Update: select * from Factura WHERE  Factura.id_cliente=1  ; select * from documento_movimiento; select * from LineaFactura WHERE borrado = 0
Save/Update: select * from Pedido WHERE  Pedido.id_cliente=1  ; select * from produccion WHERE borrado = 0; select * from historico_estados_pedido WHERE borrado = 0
Save/Update: select * from MovimientosCuenta JOIN cliente_movimientos AS cliente ON MovimientosCuenta.nro_movimiento=cliente.nro_movimiento WHERE cliente.id_cliente=1  AND cliente.id_cliente IS NOT  NULL ; select * from cliente_movimientos; select * from documento_movimiento
Save/Update: select * from tipoMovimiento WHERE  tipoMovimiento.tipoMovimientoID=2  
Save/Update: select * from Cuenta WHERE  Cuenta.cuentaID=1  
Save/Update: DELETE cliente_movimientos where nro_movimiento=4  ; DELETE documento_movimiento where nro_movimiento=4  ; ;DELETE MovimientosCuenta WHERE nro_movimiento=4</StdOut>
      </Output>
    </UnitTestResult>
    <UnitTestResult executionId="a7be98be-4703-42ec-848d-d5c6cb72e734" testId="1185b585-ef75-6544-19b0-95bea00f10c1" testName="cargarLineasFacturaConRestriccionTest" computerName="DIEGO-PC" duration="00:00:00.0075532" startTime="2012-11-26T18:29:07.9594265-03:00" endTime="2012-11-26T18:29:07.9794277-03:00" testType="13cdc9d9-ddb5-4fa4-a97d-d965ccfc6d4b" outcome="Passed" testListId="8c84fa94-04c1-424b-9868-57a2d4851a1d" relativeResultsDirectory="a7be98be-4703-42ec-848d-d5c6cb72e734">
      <Output>
        <StdOut>Save/Update: select * from LineaOrdenDeCompra WHERE  LineaOrdenDeCompra.cod_producto=1  AND  LineaOrdenDeCompra.borrado=0  AND  LineaOrdenDeCompra.cantidad=10  AND  LineaOrdenDeCompra.nro_orden_compra=1  AND  LineaOrdenDeCompra.nro_linea=1  AND  LineaOrdenDeCompra.nro_sucursal=1  AND  LineaOrdenDeCompra.precio=10 AND  LineaOrdenDeCompra.tipo_orden_compra='A'</StdOut>
      </Output>
    </UnitTestResult>
    <UnitTestResult executionId="c6ccc638-e791-44ea-9ddf-1aa5b9dc8368" testId="13283e1a-ebd5-2811-9974-2614dbf7730f" testName="buscarPedidoPorCodigoTest" computerName="DIEGO-PC" duration="00:00:00.0648105" startTime="2012-11-26T18:29:07.9874281-03:00" endTime="2012-11-26T18:29:08.0634325-03:00" testType="13cdc9d9-ddb5-4fa4-a97d-d965ccfc6d4b" outcome="Passed" testListId="8c84fa94-04c1-424b-9868-57a2d4851a1d" relativeResultsDirectory="c6ccc638-e791-44ea-9ddf-1aa5b9dc8368">
      <Output>
        <StdOut>Save/Update: select * from Pedido WHERE  Pedido.cod_pedido=1  ; select * from produccion WHERE borrado = 0; select * from historico_estados_pedido WHERE borrado = 0
Save/Update: select * from historico_estados_pedido WHERE  historico_estados_pedido.cod_pedido=1  
Save/Update: select * from tipoPedido WHERE  tipoPedido.tipo_pedido=1  
Save/Update: select * from produccion WHERE  produccion.cod_pedido=1  ; select * from historico_estados_produccion WHERE borrado = 0
Save/Update: select * from Cliente WHERE  Cliente.id_cliente=1  ; select * from cliente_movimientos; select * from Pedido WHERE borrado = 0; select * from Factura WHERE borrado = 0; select * from Diseño WHERE borrado = 0
Save/Update: select * from EstadoPedido WHERE  EstadoPedido.estado_pedido=3  
Save/Update: DELETE historico_estados_pedido WHERE nro_estado=1  AND cod_pedido=5  
Save/Update: DELETE historico_estados_pedido WHERE nro_estado=2  AND cod_pedido=5  
Save/Update: DELETE produccion WHERE cod_produccion=7  
Save/Update: DELETE Pedido WHERE cod_pedido=5</StdOut>
      </Output>
    </UnitTestResult>
    <UnitTestResult executionId="1cde5b04-91cd-4824-85cd-e3c10cb427c6" testId="132dbdad-c767-c70b-4154-f7166132216a" testName="buscarNewsletterPorIDTest" computerName="DIEGO-PC" duration="00:00:00.0042027" startTime="2012-11-26T18:29:08.0674327-03:00" endTime="2012-11-26T18:29:08.0804335-03:00" testType="13cdc9d9-ddb5-4fa4-a97d-d965ccfc6d4b" outcome="Passed" testListId="8c84fa94-04c1-424b-9868-57a2d4851a1d" relativeResultsDirectory="1cde5b04-91cd-4824-85cd-e3c10cb427c6">
      <Output>
        <StdOut>Save/Update: select * from newsletter WHERE  newsletter.id=2</StdOut>
      </Output>
    </UnitTestResult>
    <UnitTestResult executionId="93b3d1a3-6b0e-451c-9c60-f8db605e3627" testId="13496ae0-c24c-3fcb-7178-2789fe5b49ef" testName="modificarTest" computerName="DIEGO-PC" duration="00:00:00.1213419" startTime="2012-11-26T18:29:08.0834336-03:00" endTime="2012-11-26T18:29:08.2174413-03:00" testType="13cdc9d9-ddb5-4fa4-a97d-d965ccfc6d4b" outcome="Passed" testListId="8c84fa94-04c1-424b-9868-57a2d4851a1d" relativeResultsDirectory="93b3d1a3-6b0e-451c-9c60-f8db605e3627">
      <Output>
        <StdOut>Save/Update: select * from Conversacion WHERE  Conversacion.remitente=4  ; select * from mensaje WHERE borrado = 0
Save/Update: select * from Conversacion WHERE  Conversacion.destinatario=4  ; select * from mensaje WHERE borrado = 0
Save/Update: select * from Usuario WHERE  Usuario.usuarioID=4  ; select * from JoinUsuarioToFamilia; select * from JoinPatenteToUsuario
Save/Update: select * from Usuario WHERE  Usuario.usuarioID=5  ; select * from JoinUsuarioToFamilia; select * from JoinPatenteToUsuario
Save/Update: select * from Mensaje WHERE  Mensaje.id_conversacion=2  
Save/Update: UPDATE Conversacion SET remitente=4 , destinatario=5  WHERE id_conversacion=2  ; UPDATE mensaje SET borrado=1 WHERE id_conversacion=2  ; 
Save/Update: UPDATE Mensaje SET tipoMensaje=0 , fecha= CAST('26/08/2012 16:35:00.000'  AS DateTime), mensaje='msj de 4 a 5', leido=1 , borrado=0 , id_conversacion=2  WHERE id=3  ; 
Save/Update: UPDATE Mensaje SET tipoMensaje=1 , fecha= CAST('26/08/2012 16:35:00.000'  AS DateTime), mensaje='msj de 5 a 4', leido=0 , borrado=0 , id_conversacion=2  WHERE id=4  ; 
Save/Update: select * from Conversacion WHERE  Conversacion.remitente=4  ; select * from mensaje WHERE borrado = 0
Save/Update: select * from Conversacion WHERE  Conversacion.destinatario=4  ; select * from mensaje WHERE borrado = 0
Save/Update: select * from Usuario WHERE  Usuario.usuarioID=4  ; select * from JoinUsuarioToFamilia; select * from JoinPatenteToUsuario
Save/Update: select * from Usuario WHERE  Usuario.usuarioID=5  ; select * from JoinUsuarioToFamilia; select * from JoinPatenteToUsuario
Save/Update: select * from Mensaje WHERE  Mensaje.id_conversacion=2  
Save/Update: UPDATE Conversacion SET remitente=4 , destinatario=5  WHERE id_conversacion=2  ; UPDATE mensaje SET borrado=1 WHERE id_conversacion=2  ; 
Save/Update: UPDATE Mensaje SET tipoMensaje=0 , fecha= CAST('26/08/2012 16:35:00.000'  AS DateTime), mensaje='msj de 4 a 5', leido=1 , borrado=0 , id_conversacion=2  WHERE id=3  ; 
Save/Update: UPDATE Mensaje SET tipoMensaje=1 , fecha= CAST('26/08/2012 16:35:00.000'  AS DateTime), mensaje='msj de 5 a 4', leido=1 , borrado=0 , id_conversacion=2  WHERE id=4  ;</StdOut>
      </Output>
    </UnitTestResult>
    <UnitTestResult executionId="8600758c-56e9-4e9e-9972-e3d751874c4e" testId="13647b9a-2c0d-1cd8-34c7-faf3c771ec37" testName="listarMovimientosTest" computerName="DIEGO-PC" duration="00:00:00.0448433" startTime="2012-11-26T18:29:08.2204415-03:00" endTime="2012-11-26T18:29:08.2744446-03:00" testType="13cdc9d9-ddb5-4fa4-a97d-d965ccfc6d4b" outcome="Passed" testListId="8c84fa94-04c1-424b-9868-57a2d4851a1d" relativeResultsDirectory="8600758c-56e9-4e9e-9972-e3d751874c4e">
      <Output>
        <StdOut>Save/Update: select * from MovimientosCuenta JOIN cliente_movimientos AS cliente ON MovimientosCuenta.nro_movimiento=cliente.nro_movimiento WHERE cliente.id_cliente IS NOT  NULL ; select * from cliente_movimientos; select * from documento_movimiento
Save/Update: select * from Cliente WHERE  Cliente.id_cliente=1  ; select * from cliente_movimientos; select * from Pedido WHERE borrado = 0; select * from Factura WHERE borrado = 0; select * from Diseño WHERE borrado = 0
Save/Update: select * from Usuario WHERE  Usuario.usuarioID=1  ; select * from JoinUsuarioToFamilia; select * from JoinPatenteToUsuario
Save/Update: select * from Familia JOIN JoinUsuarioToFamilia AS usuarios ON Familia.familiaID=usuarios.familiaID WHERE usuarios.usuarioID=1  ; select * from JoinFamiliaToPatente
Save/Update: select * from Patente JOIN JoinPatenteToUsuario AS usuario ON Patente.patenteId=usuario.patenteId WHERE usuario.usuarioID=1  
Save/Update: select * from Cliente WHERE  Cliente.usuarioID=1  ; select * from cliente_movimientos; select * from Pedido WHERE borrado = 0; select * from Factura WHERE borrado = 0; select * from Diseño WHERE borrado = 0
Save/Update: select * from Diseño WHERE  Diseño.id_cliente=1  ; select * from historico_estados_diseño WHERE borrado = 0
Save/Update: select * from Factura WHERE  Factura.id_cliente=1  ; select * from documento_movimiento; select * from LineaFactura WHERE borrado = 0
Save/Update: select * from Pedido WHERE  Pedido.id_cliente=1  ; select * from produccion WHERE borrado = 0; select * from historico_estados_pedido WHERE borrado = 0
Save/Update: select * from MovimientosCuenta JOIN cliente_movimientos AS cliente ON MovimientosCuenta.nro_movimiento=cliente.nro_movimiento WHERE cliente.id_cliente=1  AND cliente.id_cliente IS NOT  NULL ; select * from cliente_movimientos; select * from documento_movimiento
Save/Update: select * from Factura WHERE  Factura.nro_Doc=1  ; select * from documento_movimiento; select * from LineaFactura WHERE borrado = 0
Save/Update: select * from tipoMovimiento WHERE  tipoMovimiento.tipoMovimientoID=1  
Save/Update: select * from Cuenta WHERE  Cuenta.cuentaID=1  
Save/Update: select * from Cliente WHERE  Cliente.id_cliente=1  ; select * from cliente_movimientos; select * from Pedido WHERE borrado = 0; select * from Factura WHERE borrado = 0; select * from Diseño WHERE borrado = 0
Save/Update: select * from Usuario WHERE  Usuario.usuarioID=1  ; select * from JoinUsuarioToFamilia; select * from JoinPatenteToUsuario
Save/Update: select * from Familia JOIN JoinUsuarioToFamilia AS usuarios ON Familia.familiaID=usuarios.familiaID WHERE usuarios.usuarioID=1  ; select * from JoinFamiliaToPatente
Save/Update: select * from Patente JOIN JoinPatenteToUsuario AS usuario ON Patente.patenteId=usuario.patenteId WHERE usuario.usuarioID=1  
Save/Update: select * from Cliente WHERE  Cliente.usuarioID=1  ; select * from cliente_movimientos; select * from Pedido WHERE borrado = 0; select * from Factura WHERE borrado = 0; select * from Diseño WHERE borrado = 0
Save/Update: select * from Diseño WHERE  Diseño.id_cliente=1  ; select * from historico_estados_diseño WHERE borrado = 0
Save/Update: select * from Factura WHERE  Factura.id_cliente=1  ; select * from documento_movimiento; select * from LineaFactura WHERE borrado = 0
Save/Update: select * from Pedido WHERE  Pedido.id_cliente=1  ; select * from produccion WHERE borrado = 0; select * from historico_estados_pedido WHERE borrado = 0
Save/Update: select * from MovimientosCuenta JOIN cliente_movimientos AS cliente ON MovimientosCuenta.nro_movimiento=cliente.nro_movimiento WHERE cliente.id_cliente=1  AND cliente.id_cliente IS NOT  NULL ; select * from cliente_movimientos; select * from documento_movimiento
Save/Update: select * from tipoMovimiento WHERE  tipoMovimiento.tipoMovimientoID=1  
Save/Update: select * from Cuenta WHERE  Cuenta.cuentaID=1  
Save/Update: DELETE cliente_movimientos where nro_movimiento=4  ; DELETE documento_movimiento where nro_movimiento=4  ; ;DELETE MovimientosCuenta WHERE nro_movimiento=4</StdOut>
      </Output>
    </UnitTestResult>
    <UnitTestResult executionId="e2fd222b-17a8-43e5-a654-99366c5a3112" testId="14276aa4-72b7-f96c-4fe9-e83b20c4c391" testName="borrarArticulosTest" computerName="DIEGO-PC" duration="00:00:00.0225794" startTime="2012-11-26T18:29:08.2764447-03:00" endTime="2012-11-26T18:29:08.3084465-03:00" testType="13cdc9d9-ddb5-4fa4-a97d-d965ccfc6d4b" outcome="Passed" testListId="8c84fa94-04c1-424b-9868-57a2d4851a1d" relativeResultsDirectory="e2fd222b-17a8-43e5-a654-99366c5a3112">
      <Output>
        <StdOut>Save/Update: select * from Articulos; select * from lista_precios WHERE borrado = 0
Save/Update: SELECT  ISNULL(MAX(cod_articulo + 1),1) from Articulos
Save/Update: INSERT INTO Articulos (cod_articulo, tipoPrendaID, diseñoID, comentario, produccion, precioActual, borrado) VALUES (4 , 2 , 2 , 'com4', 10 , 1.4, 0 ); UPDATE lista_precios SET borrado=1 WHERE cod_articulo=4  ; 
Save/Update: select * from Articulos; select * from lista_precios WHERE borrado = 0
Save/Update: DELETE Articulos WHERE cod_articulo=4  
Save/Update: select * from Articulos; select * from lista_precios WHERE borrado = 0
Save/Update: DELETE Articulos WHERE cod_articulo=4</StdOut>
      </Output>
    </UnitTestResult>
    <UnitTestResult executionId="5172f27f-a289-435b-afbf-21c2477d8098" testId="147439b4-00a7-f2cb-1dec-6270bffba92e" testName="listarFamliasTest" computerName="DIEGO-PC" duration="00:00:00.0216786" startTime="2012-11-26T18:29:08.3114467-03:00" endTime="2012-11-26T18:29:08.3424485-03:00" testType="13cdc9d9-ddb5-4fa4-a97d-d965ccfc6d4b" outcome="Passed" testListId="8c84fa94-04c1-424b-9868-57a2d4851a1d" relativeResultsDirectory="5172f27f-a289-435b-afbf-21c2477d8098">
      <Output>
        <StdOut>Save/Update: select * from Familia; select * from JoinFamiliaToPatente
Save/Update: select * from Patente JOIN JoinFamiliaToPatente AS familia ON Patente.patenteId=familia.patenteId WHERE familia.familiaID=1  
Save/Update: select * from Patente JOIN JoinFamiliaToPatente AS familia ON Patente.patenteId=familia.patenteId WHERE familia.familiaID=2  
Save/Update: select * from Patente JOIN JoinFamiliaToPatente AS familia ON Patente.patenteId=familia.patenteId WHERE familia.familiaID=3  
Save/Update: select * from Patente JOIN JoinFamiliaToPatente AS familia ON Patente.patenteId=familia.patenteId WHERE familia.familiaID=4  
Save/Update: select * from Patente JOIN JoinFamiliaToPatente AS familia ON Patente.patenteId=familia.patenteId WHERE familia.familiaID=5  
Save/Update: select * from Patente JOIN JoinFamiliaToPatente AS familia ON Patente.patenteId=familia.patenteId WHERE familia.familiaID=6</StdOut>
      </Output>
    </UnitTestResult>
    <UnitTestResult executionId="d04db527-c70a-4ae9-91bb-785df514e1be" testId="1547d2a7-8401-4066-0421-456391521e4e" testName="GuardarPedidoTest1" computerName="DIEGO-PC" duration="00:00:10.7071989" startTime="2012-11-26T18:29:08.3444486-03:00" endTime="2012-11-26T18:29:19.0610615-03:00" testType="13cdc9d9-ddb5-4fa4-a97d-d965ccfc6d4b" outcome="Passed" testListId="8c84fa94-04c1-424b-9868-57a2d4851a1d" relativeResultsDirectory="d04db527-c70a-4ae9-91bb-785df514e1be">
      <Output>
        <StdOut>Save/Update: SELECT  ISNULL(MAX(cod_pedido + 1),1) from Pedido
Save/Update: INSERT INTO Pedido (cod_pedido, comentario, id_cliente, tipo_pedido, estadoActual, fechaInicio, fechaFinal, borrado) VALUES (5 , 'comentario test', 2 , 2 , 2 ,  CAST('26/11/2012 18:29:08.351'  AS DateTime),  NULL , 0 ); UPDATE produccion SET borrado=1 WHERE cod_pedido=5  ; UPDATE historico_estados_pedido SET borrado=1 WHERE cod_pedido=5  ; 
Save/Update: SELECT  ISNULL(MAX(cod_produccion + 1),1) from produccion
Save/Update: INSERT INTO produccion (cod_produccion, comentario, cod_pedido, cod_maquina, cod_articulo, cantidad, estadoActual, utilizacion, fechaInicio, fechaFinal, borrado) VALUES (7 , 'com1', 5 , 2 , 1 , 10 , 1 , 1,  CAST('26/11/2012 18:29:08.351'  AS DateTime),  NULL , 0 ); UPDATE historico_estados_produccion SET borrado=1 WHERE cod_produccion=7  ; 
Save/Update: UPDATE Pedido SET comentario='comentario test', id_cliente=2 , tipo_pedido=2 , estadoActual=2 , fechaInicio= CAST('26/11/2012 18:29:08.351'  AS DateTime), fechaFinal= NULL , borrado=0  WHERE cod_pedido=5  ; UPDATE produccion SET borrado=1 WHERE cod_pedido=5  ; UPDATE historico_estados_pedido SET borrado=1 WHERE cod_pedido=5  ; 
Save/Update: SELECT  ISNULL(MAX(nro_estado + 1),1) from historico_estados_pedido WHERE cod_pedido=5
Save/Update: INSERT INTO historico_estados_pedido (nro_estado, comentario, cod_pedido, fechaDesde, fechaHasta, estado, borrado) VALUES (1 , '', 5 ,  CAST('26/11/2012 18:29:08.406'  AS DateTime),  NULL , 2 , 0 ); 
Save/Update: UPDATE produccion SET comentario='com1', cod_pedido=5 , cod_maquina=2 , cod_articulo=1 , cantidad=10 , estadoActual=1 , utilizacion=1, fechaInicio= CAST('26/11/2012 18:29:08.351'  AS DateTime), fechaFinal= NULL , borrado=0  WHERE cod_produccion=7  ; UPDATE historico_estados_produccion SET borrado=1 WHERE cod_produccion=7  ; 
Save/Update: select * from Pedido WHERE  Pedido.cod_pedido=5  ; select * from produccion WHERE borrado = 0; select * from historico_estados_pedido WHERE borrado = 0
Save/Update: select * from historico_estados_pedido WHERE  historico_estados_pedido.cod_pedido=5  
Save/Update: select * from tipoPedido WHERE  tipoPedido.tipo_pedido=2  
Save/Update: select * from produccion WHERE  produccion.cod_pedido=5  ; select * from historico_estados_produccion WHERE borrado = 0
Save/Update: select * from Cliente WHERE  Cliente.id_cliente=2  ; select * from cliente_movimientos; select * from Pedido WHERE borrado = 0; select * from Factura WHERE borrado = 0; select * from Diseño WHERE borrado = 0
Save/Update: select * from EstadoPedido WHERE  EstadoPedido.estado_pedido=2  
Save/Update: select * from Usuario WHERE  Usuario.usuarioID=2  ; select * from JoinUsuarioToFamilia; select * from JoinPatenteToUsuario
Save/Update: select * from Familia JOIN JoinUsuarioToFamilia AS usuarios ON Familia.familiaID=usuarios.familiaID WHERE usuarios.usuarioID=2  ; select * from JoinFamiliaToPatente
Save/Update: select * from Patente JOIN JoinFamiliaToPatente AS familia ON Patente.patenteId=familia.patenteId WHERE familia.familiaID=2  
Save/Update: select * from Patente JOIN JoinPatenteToUsuario AS usuario ON Patente.patenteId=usuario.patenteId WHERE usuario.usuarioID=2  
Save/Update: select * from Cliente WHERE  Cliente.usuarioID=2  ; select * from cliente_movimientos; select * from Pedido WHERE borrado = 0; select * from Factura WHERE borrado = 0; select * from Diseño WHERE borrado = 0
Save/Update: select * from newsletter WHERE  newsletter.id=1  
Save/Update: select * from produccion WHERE  produccion.cod_produccion=7  ; select * from historico_estados_produccion WHERE borrado = 0
Save/Update: select * from Pedido WHERE  Pedido.cod_pedido=5  ; select * from produccion WHERE borrado = 0; select * from historico_estados_pedido WHERE borrado = 0
Save/Update: select * from Maquina WHERE  Maquina.cod_maquina=2  ; select * from JoinMaquinaToTipoPrenda
Save/Update: select * from Articulos WHERE  Articulos.cod_articulo=1  ; select * from lista_precios WHERE borrado = 0
Save/Update: select * from EstadoTrabajos WHERE  EstadoTrabajos.cod_estado=1  
Save/Update: select * from historico_estados_produccion WHERE  historico_estados_produccion.cod_produccion=7  
Save/Update: select * from produccion_operador WHERE  produccion_operador.cod_prodcuccion=7  
Save/Update: select * from newsletter WHERE  newsletter.id=2  
Save/Update: select * from Articulos WHERE  Articulos.cod_articulo=1  ; select * from lista_precios WHERE borrado = 0
Save/Update: select * from lista_precios WHERE  lista_precios.cod_articulo=1  
Save/Update: select * from TipoPrenda WHERE  TipoPrenda.tipo_prenda=1  
Save/Update: select * from Diseño WHERE  Diseño.cod_diseño=1  ; select * from historico_estados_diseño WHERE borrado = 0
Save/Update: select * from Pedido WHERE  Pedido.cod_pedido=5  ; select * from produccion WHERE borrado = 0; select * from historico_estados_pedido WHERE borrado = 0
Save/Update: select * from historico_estados_pedido WHERE  historico_estados_pedido.cod_pedido=5  
Save/Update: select * from tipoPedido WHERE  tipoPedido.tipo_pedido=2  
Save/Update: select * from produccion WHERE  produccion.cod_pedido=5  ; select * from historico_estados_produccion WHERE borrado = 0
Save/Update: select * from Cliente WHERE  Cliente.id_cliente=2  ; select * from cliente_movimientos; select * from Pedido WHERE borrado = 0; select * from Factura WHERE borrado = 0; select * from Diseño WHERE borrado = 0
Save/Update: select * from EstadoPedido WHERE  EstadoPedido.estado_pedido=2  
Save/Update: DELETE historico_estados_pedido WHERE nro_estado=1  AND cod_pedido=5  
Save/Update: DELETE historico_estados_pedido WHERE nro_estado=2  AND cod_pedido=5  
Save/Update: DELETE produccion WHERE cod_produccion=7  
Save/Update: DELETE Pedido WHERE cod_pedido=5</StdOut>
      </Output>
    </UnitTestResult>
    <UnitTestResult executionId="f7112941-cf98-4ff6-8bf7-2ab581b078bf" testId="15781058-9d50-4692-2e7e-53db8e43c13c" testName="grabarMovimientoTest" computerName="DIEGO-PC" duration="00:00:00.0219893" startTime="2012-11-26T18:29:19.0690620-03:00" endTime="2012-11-26T18:29:19.1010638-03:00" testType="13cdc9d9-ddb5-4fa4-a97d-d965ccfc6d4b" outcome="Passed" testListId="8c84fa94-04c1-424b-9868-57a2d4851a1d" relativeResultsDirectory="f7112941-cf98-4ff6-8bf7-2ab581b078bf">
      <Output>
        <StdOut>Save/Update: SELECT  ISNULL(MAX(nro_movimiento + 1),1) from MovimientosCuenta
Save/Update: INSERT INTO MovimientosCuenta (nro_movimiento, comentario, fecha, monto, cuentaID, tipoMovimientoID) VALUES (4 , 'com4',  CAST('26/11/2012 18:29:19.077'  AS DateTime), 33.3, 1 , 2 ); DELETE cliente_movimientos where nro_movimiento=4  ;  INSERT INTO cliente_movimientos ( nro_movimiento, id_cliente) VALUES ( 4 , 2 ); DELETE documento_movimiento where nro_movimiento=4  ; 
Save/Update: select * from MovimientosCuenta JOIN cliente_movimientos AS cliente ON MovimientosCuenta.nro_movimiento=cliente.nro_movimiento WHERE  MovimientosCuenta.nro_movimiento=4  AND cliente.id_cliente IS NOT  NULL ; select * from cliente_movimientos; select * from documento_movimiento
Save/Update: select * from Cliente WHERE  Cliente.id_cliente=2  ; select * from cliente_movimientos; select * from Pedido WHERE borrado = 0; select * from Factura WHERE borrado = 0; select * from Diseño WHERE borrado = 0
Save/Update: select * from Usuario WHERE  Usuario.usuarioID=2  ; select * from JoinUsuarioToFamilia; select * from JoinPatenteToUsuario
Save/Update: select * from Familia JOIN JoinUsuarioToFamilia AS usuarios ON Familia.familiaID=usuarios.familiaID WHERE usuarios.usuarioID=2  ; select * from JoinFamiliaToPatente
Save/Update: select * from Patente JOIN JoinFamiliaToPatente AS familia ON Patente.patenteId=familia.patenteId WHERE familia.familiaID=2  
Save/Update: select * from Patente JOIN JoinPatenteToUsuario AS usuario ON Patente.patenteId=usuario.patenteId WHERE usuario.usuarioID=2  
Save/Update: select * from Cliente WHERE  Cliente.usuarioID=2  ; select * from cliente_movimientos; select * from Pedido WHERE borrado = 0; select * from Factura WHERE borrado = 0; select * from Diseño WHERE borrado = 0
Save/Update: select * from Diseño WHERE  Diseño.id_cliente=2  ; select * from historico_estados_diseño WHERE borrado = 0
Save/Update: select * from Factura WHERE  Factura.id_cliente=2  ; select * from documento_movimiento; select * from LineaFactura WHERE borrado = 0
Save/Update: select * from Pedido WHERE  Pedido.id_cliente=2  ; select * from produccion WHERE borrado = 0; select * from historico_estados_pedido WHERE borrado = 0
Save/Update: select * from MovimientosCuenta JOIN cliente_movimientos AS cliente ON MovimientosCuenta.nro_movimiento=cliente.nro_movimiento WHERE cliente.id_cliente=2  AND cliente.id_cliente IS NOT  NULL ; select * from cliente_movimientos; select * from documento_movimiento
Save/Update: select * from tipoMovimiento WHERE  tipoMovimiento.tipoMovimientoID=2  
Save/Update: select * from Cuenta WHERE  Cuenta.cuentaID=1  
Save/Update: DELETE cliente_movimientos where nro_movimiento=4  ; DELETE documento_movimiento where nro_movimiento=4  ; ;DELETE MovimientosCuenta WHERE nro_movimiento=4</StdOut>
      </Output>
    </UnitTestResult>
    <UnitTestResult executionId="6f8ef85a-02da-4f70-b986-4e2104697a14" testId="15a2dfa0-b5da-ca0f-1901-200d0b50ec37" testName="cargarlistaProduccionTest" computerName="DIEGO-PC" duration="00:00:00.0095363" startTime="2012-11-26T18:29:19.1060641-03:00" endTime="2012-11-26T18:29:19.1250652-03:00" testType="13cdc9d9-ddb5-4fa4-a97d-d965ccfc6d4b" outcome="Passed" testListId="8c84fa94-04c1-424b-9868-57a2d4851a1d" relativeResultsDirectory="6f8ef85a-02da-4f70-b986-4e2104697a14">
      <Output>
        <StdOut>Save/Update: select * from produccion; select * from historico_estados_produccion WHERE borrado = 0
Save/Update: DELETE produccion WHERE cod_produccion=7</StdOut>
      </Output>
    </UnitTestResult>
    <UnitTestResult executionId="5ca2bf1f-878a-4f6a-99b0-6c505f3e0e49" testId="15e90031-185d-99ec-c865-633047dc95f1" testName="listarMensajesTest" computerName="DIEGO-PC" duration="00:00:00.0085500" startTime="2012-11-26T18:29:19.1290654-03:00" endTime="2012-11-26T18:29:19.1550669-03:00" testType="13cdc9d9-ddb5-4fa4-a97d-d965ccfc6d4b" outcome="Passed" testListId="8c84fa94-04c1-424b-9868-57a2d4851a1d" relativeResultsDirectory="5ca2bf1f-878a-4f6a-99b0-6c505f3e0e49">
      <Output>
        <StdOut>Save/Update: select * from Conversacion WHERE  Conversacion.remitente=1  ; select * from mensaje WHERE borrado = 0
Save/Update: select * from Conversacion WHERE  Conversacion.destinatario=1  ; select * from mensaje WHERE borrado = 0
Save/Update: select * from Usuario WHERE  Usuario.usuarioID=1  ; select * from JoinUsuarioToFamilia; select * from JoinPatenteToUsuario
Save/Update: select * from Usuario WHERE  Usuario.usuarioID=2  ; select * from JoinUsuarioToFamilia; select * from JoinPatenteToUsuario
Save/Update: select * from Mensaje WHERE  Mensaje.id_conversacion=1</StdOut>
      </Output>
    </UnitTestResult>
    <UnitTestResult executionId="7a2afd5f-baeb-4118-8b1f-d2cb838376d9" testId="16d2afdb-fcf6-6658-1d97-2e6156bb9c19" testName="listarArticulosPorDiseñoTest" computerName="DIEGO-PC" duration="00:00:00.0138822" startTime="2012-11-26T18:29:19.1630674-03:00" endTime="2012-11-26T18:29:19.1850686-03:00" testType="13cdc9d9-ddb5-4fa4-a97d-d965ccfc6d4b" outcome="Passed" testListId="8c84fa94-04c1-424b-9868-57a2d4851a1d" relativeResultsDirectory="7a2afd5f-baeb-4118-8b1f-d2cb838376d9">
      <Output>
        <StdOut>Save/Update: select * from Articulos WHERE  Articulos.diseñoID=1  AND  Articulos.borrado=0  ; select * from lista_precios WHERE borrado = 0
Save/Update: select * from lista_precios WHERE  lista_precios.cod_articulo=1  
Save/Update: select * from TipoPrenda WHERE  TipoPrenda.tipo_prenda=1  
Save/Update: select * from Diseño WHERE  Diseño.cod_diseño=1  ; select * from historico_estados_diseño WHERE borrado = 0
Save/Update: select * from lista_precios WHERE  lista_precios.cod_articulo=3  
Save/Update: select * from TipoPrenda WHERE  TipoPrenda.tipo_prenda=2  
Save/Update: select * from Diseño WHERE  Diseño.cod_diseño=1  ; select * from historico_estados_diseño WHERE borrado = 0
Save/Update: DELETE lista_precios WHERE nro_lista=1  AND cod_articulo=4  
Save/Update: DELETE lista_precios WHERE nro_lista=2  AND cod_articulo=4  
Save/Update: DELETE Articulos WHERE cod_articulo=4</StdOut>
      </Output>
    </UnitTestResult>
    <UnitTestResult executionId="a2925584-c78c-45ca-ae56-8143f0861d8d" testId="16ffbd3f-3aee-beef-202b-0a5edf0b4c4f" testName="cargarPatentesPorFamiliaTest" computerName="DIEGO-PC" duration="00:00:00.0032924" startTime="2012-11-26T18:29:19.1880688-03:00" endTime="2012-11-26T18:29:19.2040697-03:00" testType="13cdc9d9-ddb5-4fa4-a97d-d965ccfc6d4b" outcome="Passed" testListId="8c84fa94-04c1-424b-9868-57a2d4851a1d" relativeResultsDirectory="a2925584-c78c-45ca-ae56-8143f0861d8d">
      <Output>
        <StdOut>Save/Update: select * from Patente JOIN JoinFamiliaToPatente AS familia ON Patente.patenteId=familia.patenteId WHERE familia.familiaID=6</StdOut>
      </Output>
    </UnitTestResult>
    <UnitTestResult executionId="a89bc4f5-dfd2-42fc-99b9-a4471c325966" testId="179d28ef-c565-5c45-d785-59f1a0626295" testName="crearUsuarioTest" computerName="DIEGO-PC" duration="00:00:00.0952303" startTime="2012-11-26T18:29:19.2090700-03:00" endTime="2012-11-26T18:29:19.3130759-03:00" testType="13cdc9d9-ddb5-4fa4-a97d-d965ccfc6d4b" outcome="Passed" testListId="8c84fa94-04c1-424b-9868-57a2d4851a1d" relativeResultsDirectory="a89bc4f5-dfd2-42fc-99b9-a4471c325966">
      <Output>
        <StdOut>Save/Update: SELECT  ISNULL(MAX(usuarioID + 1),1) from Usuario
Save/Update: INSERT INTO Usuario (usuarioID, nombre, apellido, mail, password, telefonoFijo, telefonoMovil, bloqueado) VALUES (6 , 'nombre6', 'apellido6', 'mail6@test.com', '10C91F6B75161578', '6666-6666', '6666-6666', 0 ); DELETE JoinUsuarioToFamilia where usuarioID=6  ;  INSERT INTO JoinUsuarioToFamilia ( usuarioID, familiaID) VALUES ( 6 , 5 ); DELETE JoinPatenteToUsuario where usuarioID=6  ;  INSERT INTO JoinPatenteToUsuario ( usuarioID, patenteId) VALUES ( 6 , 3 ); 
Save/Update: select * from Usuario WHERE  Usuario.usuarioID=6  ; select * from JoinUsuarioToFamilia; select * from JoinPatenteToUsuario
Save/Update: select * from Familia JOIN JoinUsuarioToFamilia AS usuarios ON Familia.familiaID=usuarios.familiaID WHERE usuarios.usuarioID=6  ; select * from JoinFamiliaToPatente
Save/Update: select * from Patente JOIN JoinFamiliaToPatente AS familia ON Patente.patenteId=familia.patenteId WHERE familia.familiaID=5  
Save/Update: select * from Patente JOIN JoinPatenteToUsuario AS usuario ON Patente.patenteId=usuario.patenteId WHERE usuario.usuarioID=6  
Save/Update: select * from Cliente WHERE  Cliente.usuarioID=6  ; select * from cliente_movimientos; select * from Pedido WHERE borrado = 0; select * from Factura WHERE borrado = 0; select * from Diseño WHERE borrado = 0
Save/Update: DELETE JoinUsuarioToFamilia where usuarioID=6  ; DELETE JoinPatenteToUsuario where usuarioID=6  ; ;DELETE Usuario WHERE usuarioID=6  
Save/Update: select * from Usuario WHERE  Usuario.usuarioID=6  AND  Usuario.mail='mail6@test.com' ; select * from JoinUsuarioToFamilia; select * from JoinPatenteToUsuario
Save/Update: UPDATE Usuario SET nombre='nombre1', apellido='apellido1', mail='mail1@test.com', password='11C8', telefonoFijo='1111-1111', telefonoMovil='1111-1111', bloqueado=0  WHERE usuarioID=1  ; DELETE JoinUsuarioToFamilia where usuarioID=1  ; DELETE JoinPatenteToUsuario where usuarioID=1  ; 
Save/Update: UPDATE Cliente SET habitadoTurnos=1 , newsletter=0  WHERE id_cliente=1  ; UPDATE Pedido SET borrado=1 WHERE id_cliente=1  ; UPDATE Factura SET borrado=1 WHERE id_cliente=1  ; UPDATE Diseño SET borrado=1 WHERE id_cliente=1  ; 
Save/Update:  UPDATE factura set borrado = 0 
Save/Update:  UPDATE diseño set borrado = 0 
Save/Update:  UPDATE pedido set borrado = 0 
Save/Update:  Insert into JoinPatenteToUsuario values (1,1)</StdOut>
      </Output>
    </UnitTestResult>
    <UnitTestResult executionId="5f120fda-4802-4fb0-9f95-eabfdf2ec605" testId="19a165a4-d445-e33e-7cb8-0f8a6d509eae" testName="modificarNuevoPedidoTest" computerName="DIEGO-PC" duration="00:00:00.0225237" startTime="2012-11-26T18:29:19.3170762-03:00" endTime="2012-11-26T18:29:19.3490780-03:00" testType="13cdc9d9-ddb5-4fa4-a97d-d965ccfc6d4b" outcome="Passed" testListId="8c84fa94-04c1-424b-9868-57a2d4851a1d" relativeResultsDirectory="5f120fda-4802-4fb0-9f95-eabfdf2ec605">
      <Output>
        <StdOut>Save/Update: SELECT  ISNULL(MAX(cod_pedido + 1),1) from Pedido
Save/Update: INSERT INTO Pedido (cod_pedido, comentario, id_cliente, tipo_pedido, estadoActual, fechaInicio, fechaFinal, borrado) VALUES (5 , 'comentario test', 2 , 2 , 2 ,  CAST('26/11/2012 18:29:19.325'  AS DateTime),  CAST('26/11/2012 18:29:19.325'  AS DateTime), 0 ); UPDATE produccion SET borrado=1 WHERE cod_pedido=5  ; UPDATE historico_estados_pedido SET borrado=1 WHERE cod_pedido=5  ; 
Save/Update: select * from Pedido WHERE  Pedido.comentario='comentario test' ; select * from produccion WHERE borrado = 0; select * from historico_estados_pedido WHERE borrado = 0
Save/Update: UPDATE Pedido SET comentario='comentario Modificado', id_cliente=2 , tipo_pedido=2 , estadoActual=3 , fechaInicio= CAST('26/11/2012 18:29:19.325'  AS DateTime), fechaFinal= CAST('10/10/2012 00:00:00.000'  AS DateTime), borrado=0  WHERE cod_pedido=5  ; UPDATE produccion SET borrado=1 WHERE cod_pedido=5  ; UPDATE historico_estados_pedido SET borrado=1 WHERE cod_pedido=5  ; 
Save/Update: select * from Pedido WHERE  Pedido.cod_pedido=5  ; select * from produccion WHERE borrado = 0; select * from historico_estados_pedido WHERE borrado = 0
Save/Update: DELETE Pedido WHERE cod_pedido=5</StdOut>
      </Output>
    </UnitTestResult>
    <UnitTestResult executionId="a2f81906-6a83-44b1-a526-de968b210405" testId="1a2eb27e-5a5f-d0a1-8888-804cc861f69e" testName="actualizarInsumoTest" computerName="DIEGO-PC" duration="00:00:00.0329414" startTime="2012-11-26T18:29:19.3560784-03:00" endTime="2012-11-26T18:29:19.3970807-03:00" testType="13cdc9d9-ddb5-4fa4-a97d-d965ccfc6d4b" outcome="Passed" testListId="8c84fa94-04c1-424b-9868-57a2d4851a1d" relativeResultsDirectory="a2f81906-6a83-44b1-a526-de968b210405">
      <Output>
        <StdOut>Save/Update: SELECT  ISNULL(MAX(cod_insumo + 1),1) from insumo
Save/Update: INSERT INTO insumo (cod_insumo, nombre, id_tipo_insumo, color, detalle, costo, cantidadActual) VALUES (5 , 'test creacion', 1 , 1 , 'insumo repo test', 5, 100 ); 
Save/Update: SELECT  ISNULL(MAX(nro_movimiento + 1),1) from MovimientosStock WHERE cod_insumo=5
Save/Update: INSERT INTO MovimientosStock (nro_movimiento, cod_insumo, tipo, fecha, cantidad) VALUES (1 , 5 , 2 ,  CAST('26/11/2012 18:29:19.364'  AS DateTime), 100); 
Save/Update: select * from insumo WHERE  insumo.cod_insumo=5  
Save/Update: select * from tipoInsumo WHERE  tipoInsumo.tipo_insumo=1  
Save/Update: select * from color WHERE  color.codigo_color=1  
Save/Update: select * from MovimientosStock WHERE  MovimientosStock.cod_insumo=5  
Save/Update: select * from insumo WHERE  insumo.cod_insumo=5  
Save/Update: select * from tipoInsumo WHERE  tipoInsumo.tipo_insumo=1  
Save/Update: select * from color WHERE  color.codigo_color=1  
Save/Update: select * from MovimientosStock WHERE  MovimientosStock.cod_insumo=5  
Save/Update: UPDATE insumo SET nombre='test creacion', id_tipo_insumo=1 , color=1 , detalle='insumo repo test', costo=5, cantidadActual=250  WHERE cod_insumo=5  ; 
Save/Update: SELECT  ISNULL(MAX(nro_movimiento + 1),1) from MovimientosStock WHERE cod_insumo=5
Save/Update: INSERT INTO MovimientosStock (nro_movimiento, cod_insumo, tipo, fecha, cantidad) VALUES (2 , 5 , 2 ,  CAST('26/11/2012 18:29:19.381'  AS DateTime), 150); 
Save/Update: select * from insumo WHERE  insumo.cod_insumo=5  
Save/Update: select * from tipoInsumo WHERE  tipoInsumo.tipo_insumo=1  
Save/Update: select * from color WHERE  color.codigo_color=1  
Save/Update: select * from MovimientosStock WHERE  MovimientosStock.cod_insumo=5  
Save/Update: select * from insumo WHERE  insumo.cod_insumo=1  
Save/Update: select * from tipoInsumo WHERE  tipoInsumo.tipo_insumo=1  
Save/Update: select * from color WHERE  color.codigo_color=1  
Save/Update: select * from MovimientosStock WHERE  MovimientosStock.cod_insumo=1  
Save/Update: select * from insumo WHERE  insumo.cod_insumo=2  
Save/Update: select * from tipoInsumo WHERE  tipoInsumo.tipo_insumo=1  
Save/Update: select * from color WHERE  color.codigo_color=2  
Save/Update: select * from MovimientosStock WHERE  MovimientosStock.cod_insumo=2  
Save/Update: select * from insumo WHERE  insumo.cod_insumo=1  
Save/Update: select * from tipoInsumo WHERE  tipoInsumo.tipo_insumo=1  
Save/Update: select * from color WHERE  color.codigo_color=1  
Save/Update: select * from MovimientosStock WHERE  MovimientosStock.cod_insumo=1  
Save/Update: UPDATE insumo SET nombre='nombre1', id_tipo_insumo=1 , color=1 , detalle='detalle1', costo=1, cantidadActual=1  WHERE cod_insumo=1  ; 
Save/Update: select * from insumo WHERE  insumo.cod_insumo=2  
Save/Update: select * from tipoInsumo WHERE  tipoInsumo.tipo_insumo=1  
Save/Update: select * from color WHERE  color.codigo_color=2  
Save/Update: select * from MovimientosStock WHERE  MovimientosStock.cod_insumo=2  
Save/Update: UPDATE insumo SET nombre='nombre2', id_tipo_insumo=1 , color=2 , detalle='detalle2', costo=1, cantidadActual=2  WHERE cod_insumo=2  ; 
Save/Update: delete from MovimientosStock where cod_insumo &gt; 2 or (cod_insumo = 1 AND nro_movimiento &gt; 2) or (cod_insumo = 2 AND nro_movimiento &gt; 1)
Save/Update: DELETE MovimientosStock WHERE nro_movimiento=1  AND cod_insumo=5  
Save/Update: DELETE MovimientosStock WHERE nro_movimiento=2  AND cod_insumo=5  
Save/Update: DELETE insumo WHERE cod_insumo=5</StdOut>
      </Output>
    </UnitTestResult>
    <UnitTestResult executionId="98d7e36b-aedd-4271-8906-108294233983" testId="1aa90fb2-a5a8-fc6d-427f-550365a59543" testName="buscarPorIdTest" computerName="DIEGO-PC" duration="00:00:00.0032657" startTime="2012-11-26T18:29:19.4020810-03:00" endTime="2012-11-26T18:29:19.4180819-03:00" testType="13cdc9d9-ddb5-4fa4-a97d-d965ccfc6d4b" outcome="Passed" testListId="8c84fa94-04c1-424b-9868-57a2d4851a1d" relativeResultsDirectory="98d7e36b-aedd-4271-8906-108294233983">
      <Output>
        <StdOut>Save/Update: select * from Proveedor WHERE  Proveedor.id_proveedor=1</StdOut>
      </Output>
    </UnitTestResult>
    <UnitTestResult executionId="ba0bcdfc-05d9-40df-85eb-89b0579779df" testId="1cbe2801-d19a-9274-15f8-0dba46344245" testName="modificarUsuarioTest" computerName="DIEGO-PC" duration="00:00:00.0669341" startTime="2012-11-26T18:29:19.4230822-03:00" endTime="2012-11-26T18:29:19.4990866-03:00" testType="13cdc9d9-ddb5-4fa4-a97d-d965ccfc6d4b" outcome="Passed" testListId="8c84fa94-04c1-424b-9868-57a2d4851a1d" relativeResultsDirectory="ba0bcdfc-05d9-40df-85eb-89b0579779df">
      <Output>
        <StdOut>Save/Update: select * from Usuario WHERE  Usuario.usuarioID=5  ; select * from JoinUsuarioToFamilia; select * from JoinPatenteToUsuario
Save/Update: select * from Familia JOIN JoinUsuarioToFamilia AS usuarios ON Familia.familiaID=usuarios.familiaID WHERE usuarios.usuarioID=5  ; select * from JoinFamiliaToPatente
Save/Update: select * from Patente JOIN JoinPatenteToUsuario AS usuario ON Patente.patenteId=usuario.patenteId WHERE usuario.usuarioID=5  
Save/Update: select * from Cliente WHERE  Cliente.usuarioID=5  ; select * from cliente_movimientos; select * from Pedido WHERE borrado = 0; select * from Factura WHERE borrado = 0; select * from Diseño WHERE borrado = 0
Save/Update: UPDATE Usuario SET nombre='nombreModificado', apellido='apellido5', mail='mail5@test.com', password='0000', telefonoFijo='5555-5555', telefonoMovil='5555-5555', bloqueado=0  WHERE usuarioID=5  ; DELETE JoinUsuarioToFamilia where usuarioID=5  ;  INSERT INTO JoinUsuarioToFamilia ( usuarioID, familiaID) VALUES ( 5 , 5 ); DELETE JoinPatenteToUsuario where usuarioID=5  ;  INSERT INTO JoinPatenteToUsuario ( usuarioID, patenteId) VALUES ( 5 , 3 ); 
Save/Update: select * from Usuario WHERE  Usuario.usuarioID=5  ; select * from JoinUsuarioToFamilia; select * from JoinPatenteToUsuario
Save/Update: select * from Familia JOIN JoinUsuarioToFamilia AS usuarios ON Familia.familiaID=usuarios.familiaID WHERE usuarios.usuarioID=5  ; select * from JoinFamiliaToPatente
Save/Update: select * from Patente JOIN JoinFamiliaToPatente AS familia ON Patente.patenteId=familia.patenteId WHERE familia.familiaID=5  
Save/Update: select * from Patente JOIN JoinPatenteToUsuario AS usuario ON Patente.patenteId=usuario.patenteId WHERE usuario.usuarioID=5  
Save/Update: select * from Cliente WHERE  Cliente.usuarioID=5  ; select * from cliente_movimientos; select * from Pedido WHERE borrado = 0; select * from Factura WHERE borrado = 0; select * from Diseño WHERE borrado = 0
Save/Update: UPDATE Usuario SET nombre='nombreModificado', apellido='apellido5', mail='mail5@test.com', password='0000', telefonoFijo='5555-5555', telefonoMovil='5555-5555', bloqueado=0  WHERE usuarioID=5  ; DELETE JoinUsuarioToFamilia where usuarioID=5  ; DELETE JoinPatenteToUsuario where usuarioID=5  ; 
Save/Update: UPDATE Usuario SET nombre='nombre1', apellido='apellido1', mail='mail1@test.com', password='11C8', telefonoFijo='1111-1111', telefonoMovil='1111-1111', bloqueado=0  WHERE usuarioID=1  ; DELETE JoinUsuarioToFamilia where usuarioID=1  ; DELETE JoinPatenteToUsuario where usuarioID=1  ; 
Save/Update: UPDATE Cliente SET habitadoTurnos=1 , newsletter=0  WHERE id_cliente=1  ; UPDATE Pedido SET borrado=1 WHERE id_cliente=1  ; UPDATE Factura SET borrado=1 WHERE id_cliente=1  ; UPDATE Diseño SET borrado=1 WHERE id_cliente=1  ; 
Save/Update:  UPDATE factura set borrado = 0 
Save/Update:  UPDATE diseño set borrado = 0 
Save/Update:  UPDATE pedido set borrado = 0 
Save/Update:  Insert into JoinPatenteToUsuario values (1,1)</StdOut>
      </Output>
    </UnitTestResult>
    <UnitTestResult executionId="4185fd47-62e4-40cd-856d-e965d1bad0bf" testId="1cca4a40-3e79-045d-0667-c735e9a1087b" testName="listarFacturasTest" computerName="DIEGO-PC" duration="00:00:00.0724770" startTime="2012-11-26T18:29:19.5090872-03:00" endTime="2012-11-26T18:29:19.5930920-03:00" testType="13cdc9d9-ddb5-4fa4-a97d-d965ccfc6d4b" outcome="Passed" testListId="8c84fa94-04c1-424b-9868-57a2d4851a1d" relativeResultsDirectory="4185fd47-62e4-40cd-856d-e965d1bad0bf">
      <Output>
        <StdOut>Save/Update: select * from Factura; select * from documento_movimiento; select * from LineaFactura WHERE borrado = 0
Save/Update: select * from LineaFactura WHERE  LineaFactura.nro_factura=1  AND  LineaFactura.tipo_factura='A' AND  LineaFactura.nro_sucursal=1  
Save/Update: select * from Articulos WHERE  Articulos.cod_articulo=1  ; select * from lista_precios WHERE borrado = 0
Save/Update: select * from Articulos WHERE  Articulos.cod_articulo=2  ; select * from lista_precios WHERE borrado = 0
Save/Update: select * from Cliente WHERE  Cliente.id_cliente=1  ; select * from cliente_movimientos; select * from Pedido WHERE borrado = 0; select * from Factura WHERE borrado = 0; select * from Diseño WHERE borrado = 0
Save/Update: select * from Usuario WHERE  Usuario.usuarioID=1  ; select * from JoinUsuarioToFamilia; select * from JoinPatenteToUsuario
Save/Update: select * from MovimientosCuenta JOIN documento_movimiento AS documento ON MovimientosCuenta.nro_movimiento=documento.nro_movimiento JOIN cliente_movimientos AS cliente ON MovimientosCuenta.nro_movimiento=cliente.nro_movimiento WHERE documento.nro_Doc=1  AND cliente.id_cliente IS NOT  NULL ; select * from cliente_movimientos; select * from documento_movimiento
Save/Update: select * from LineaFactura WHERE  LineaFactura.nro_factura=1  AND  LineaFactura.tipo_factura='B' AND  LineaFactura.nro_sucursal=2  
Save/Update: select * from Articulos WHERE  Articulos.cod_articulo=1  ; select * from lista_precios WHERE borrado = 0
Save/Update: select * from Articulos WHERE  Articulos.cod_articulo=2  ; select * from lista_precios WHERE borrado = 0
Save/Update: select * from Cliente WHERE  Cliente.id_cliente=1  ; select * from cliente_movimientos; select * from Pedido WHERE borrado = 0; select * from Factura WHERE borrado = 0; select * from Diseño WHERE borrado = 0
Save/Update: select * from Usuario WHERE  Usuario.usuarioID=1  ; select * from JoinUsuarioToFamilia; select * from JoinPatenteToUsuario
Save/Update: select * from MovimientosCuenta JOIN documento_movimiento AS documento ON MovimientosCuenta.nro_movimiento=documento.nro_movimiento JOIN cliente_movimientos AS cliente ON MovimientosCuenta.nro_movimiento=cliente.nro_movimiento WHERE documento.nro_Doc=2  AND cliente.id_cliente IS NOT  NULL ; select * from cliente_movimientos; select * from documento_movimiento
Save/Update: DELETE LineaFactura WHERE nro_factura=2  AND nro_sucursal=1  AND tipo_factura='A' AND nro_linea=1  
Save/Update: DELETE LineaFactura WHERE nro_factura=2  AND nro_sucursal=1  AND tipo_factura='A' AND nro_linea=2  
Save/Update: DELETE cliente_movimientos where nro_movimiento=4  ; DELETE documento_movimiento where nro_movimiento=4  ; ;DELETE MovimientosCuenta WHERE nro_movimiento=4  
Save/Update: DELETE FROM Factura WHERE nro_Doc =5
Save/Update: delete documento where nro_doc=5</StdOut>
      </Output>
    </UnitTestResult>
    <UnitTestResult executionId="ecd9cf70-dee8-4e5e-b573-eb9d2c92fd71" testId="1cea9887-e3c9-cea8-286a-dd9be44d7403" testName="buscarTipoCuentaPorIdTest2" computerName="DIEGO-PC" duration="00:00:00.0027630" startTime="2012-11-26T18:29:19.5980922-03:00" endTime="2012-11-26T18:29:19.6090929-03:00" testType="13cdc9d9-ddb5-4fa4-a97d-d965ccfc6d4b" outcome="Passed" testListId="8c84fa94-04c1-424b-9868-57a2d4851a1d" relativeResultsDirectory="ecd9cf70-dee8-4e5e-b573-eb9d2c92fd71">
      <Output>
        <StdOut>Save/Update: select * from Cuenta WHERE  Cuenta.cuentaID=1</StdOut>
      </Output>
    </UnitTestResult>
    <UnitTestResult executionId="96baf98b-f4a0-40b6-a7d4-6fc0a439f358" testId="1e112e87-ecd4-bbc8-5f74-eb12a4718023" testName="borrarLineaTest" computerName="DIEGO-PC" duration="00:00:00.0155158" startTime="2012-11-26T18:29:19.6180934-03:00" endTime="2012-11-26T18:29:19.6410947-03:00" testType="13cdc9d9-ddb5-4fa4-a97d-d965ccfc6d4b" outcome="Passed" testListId="8c84fa94-04c1-424b-9868-57a2d4851a1d" relativeResultsDirectory="96baf98b-f4a0-40b6-a7d4-6fc0a439f358">
      <Output>
        <StdOut>Save/Update: SELECT  ISNULL(MAX(nro_linea + 1),1) from LineaFactura WHERE nro_factura=1 AND nro_sucursal=1 AND tipo_factura='A'
Save/Update: INSERT INTO LineaFactura (nro_factura, nro_sucursal, tipo_factura, nro_linea, cod_producto, cantidad, precio, borrado) VALUES (1 , 1 , 'A', 3 , 3 , 33 , 33.3, 0 ); 
Save/Update: select * from LineaFactura WHERE  LineaFactura.nro_factura=1  AND  LineaFactura.nro_linea=3  AND  LineaFactura.nro_sucursal=1  AND  LineaFactura.tipo_factura='A' 
Save/Update: DELETE LineaFactura WHERE nro_factura=1  AND nro_sucursal=1  AND tipo_factura='A' AND nro_linea=3  
Save/Update: select * from LineaFactura WHERE  LineaFactura.nro_factura=1  AND  LineaFactura.nro_linea=3  AND  LineaFactura.nro_sucursal=1  AND  LineaFactura.tipo_factura='A'</StdOut>
      </Output>
    </UnitTestResult>
    <UnitTestResult executionId="66740ff3-e878-4e6a-a505-e1206bd0fab1" testId="1f18c315-e299-cbd9-ed3a-225fc06b347a" testName="obtenerIdsArticulosFrecuentesTest" computerName="DIEGO-PC" duration="00:00:00.0048694" startTime="2012-11-26T18:29:19.6430948-03:00" endTime="2012-11-26T18:29:19.6570956-03:00" testType="13cdc9d9-ddb5-4fa4-a97d-d965ccfc6d4b" outcome="Passed" testListId="8c84fa94-04c1-424b-9868-57a2d4851a1d" relativeResultsDirectory="66740ff3-e878-4e6a-a505-e1206bd0fab1">
      <Output>
        <StdOut>Save/Update: select top 3 pr.cod_articulo as idArticulo, SUM(pr.cantidad) as cantidad  from produccion pr, Pedido pe  where(pe.cod_pedido = pr.cod_pedido)  AND pe.id_cliente = 1 group by pr.cod_articulo  order by cantidad desc
Save/Update: select top 3 pr.cod_articulo as idArticulo, SUM(pr.cantidad) as cantidad  from produccion pr, Pedido pe  where(pe.cod_pedido = pr.cod_pedido)  AND pe.id_cliente = 2 group by pr.cod_articulo  order by cantidad desc
Save/Update: DELETE Articulos WHERE cod_articulo=4</StdOut>
      </Output>
    </UnitTestResult>
    <UnitTestResult executionId="b696ff9e-5018-4b62-adcf-ae97bd195bf1" testId="1f993eef-b5ac-3548-c940-f219e4216d75" testName="listarProveedoresTest" computerName="DIEGO-PC" duration="00:00:00.0243751" startTime="2012-11-26T18:29:19.6630960-03:00" endTime="2012-11-26T18:29:19.7110987-03:00" testType="13cdc9d9-ddb5-4fa4-a97d-d965ccfc6d4b" outcome="Passed" testListId="8c84fa94-04c1-424b-9868-57a2d4851a1d" relativeResultsDirectory="b696ff9e-5018-4b62-adcf-ae97bd195bf1">
      <Output>
        <StdOut>Save/Update: select * from Proveedor
Save/Update: select * from OrdenDeCompra WHERE  OrdenDeCompra.id_proveedor=1  ; select * from documento_movimiento; select * from LineaOrdenDeCompra WHERE borrado = 0
Save/Update: select * from OrdenDeCompra WHERE  OrdenDeCompra.id_proveedor=2  ; select * from documento_movimiento; select * from LineaOrdenDeCompra WHERE borrado = 0
Save/Update: select * from OrdenDeCompra WHERE  OrdenDeCompra.id_proveedor=3  ; select * from documento_movimiento; select * from LineaOrdenDeCompra WHERE borrado = 0
Save/Update: delete OrdenDeCompra where nro_doc=5
Save/Update: delete documento where nro_doc=5
Save/Update: DELETE Proveedor WHERE id_proveedor=4  
Save/Update: UPDATE Proveedor SET nombre='nombre1', telefono='1111-1111', direccion='direccion 1' WHERE id_proveedor=1  ;</StdOut>
      </Output>
    </UnitTestResult>
    <UnitTestResult executionId="2eb902af-7b0d-4fd7-9aa1-0f4af866ca7e" testId="1fb18ed6-06da-35e1-ec67-5275eec70993" testName="actualizarTipoPrendaTest" computerName="DIEGO-PC" duration="00:00:00.0077167" startTime="2012-11-26T18:29:19.7130988-03:00" endTime="2012-11-26T18:29:19.7290997-03:00" testType="13cdc9d9-ddb5-4fa4-a97d-d965ccfc6d4b" outcome="Passed" testListId="8c84fa94-04c1-424b-9868-57a2d4851a1d" relativeResultsDirectory="2eb902af-7b0d-4fd7-9aa1-0f4af866ca7e">
      <Output>
        <StdOut>Save/Update: UPDATE TipoPrenda SET descripcion='Campera modificada' WHERE tipo_prenda=1  ; 
Save/Update: select * from TipoPrenda WHERE  TipoPrenda.tipo_prenda=1  
Save/Update: UPDATE TipoPrenda SET descripcion='Campera Armada' WHERE tipo_prenda=1  ;</StdOut>
      </Output>
    </UnitTestResult>
    <UnitTestResult executionId="25e685bb-d264-4eca-bd49-5cdf374ac0db" testId="20d5f305-5003-b633-f12a-b60950a7d487" testName="borrarPedidoTest" computerName="DIEGO-PC" duration="00:00:00.0091251" startTime="2012-11-26T18:29:19.7381002-03:00" endTime="2012-11-26T18:29:19.7551012-03:00" testType="13cdc9d9-ddb5-4fa4-a97d-d965ccfc6d4b" outcome="Passed" testListId="8c84fa94-04c1-424b-9868-57a2d4851a1d" relativeResultsDirectory="25e685bb-d264-4eca-bd49-5cdf374ac0db">
      <Output>
        <StdOut>Save/Update: SELECT  ISNULL(MAX(cod_pedido + 1),1) from Pedido
Save/Update: INSERT INTO Pedido (cod_pedido, comentario, id_cliente, tipo_pedido, estadoActual, fechaInicio, fechaFinal, borrado) VALUES (5 , 'comentario test', 2 , 2 , 2 ,  CAST('26/11/2012 18:29:19.743'  AS DateTime),  CAST('26/11/2012 18:29:19.743'  AS DateTime), 0 ); UPDATE produccion SET borrado=1 WHERE cod_pedido=5  ; UPDATE historico_estados_pedido SET borrado=1 WHERE cod_pedido=5  ; 
Save/Update: select * from Pedido WHERE  Pedido.comentario='comentario test' ; select * from produccion WHERE borrado = 0; select * from historico_estados_pedido WHERE borrado = 0
Save/Update: DELETE Pedido WHERE cod_pedido=5  
Save/Update: select * from Pedido WHERE  Pedido.comentario='comentario test' ; select * from produccion WHERE borrado = 0; select * from historico_estados_pedido WHERE borrado = 0
Save/Update: DELETE Pedido WHERE cod_pedido=5</StdOut>
      </Output>
    </UnitTestResult>
    <UnitTestResult executionId="8da440fc-60d5-4e07-8f2f-51aca7dab6ef" testId="21f1e20b-dcac-fe9b-670b-02932753806f" testName="listarOrdenDeComprasTest" computerName="DIEGO-PC" duration="00:00:00.0143256" startTime="2012-11-26T18:29:19.7581014-03:00" endTime="2012-11-26T18:29:19.7851029-03:00" testType="13cdc9d9-ddb5-4fa4-a97d-d965ccfc6d4b" outcome="Passed" testListId="8c84fa94-04c1-424b-9868-57a2d4851a1d" relativeResultsDirectory="8da440fc-60d5-4e07-8f2f-51aca7dab6ef">
      <Output>
        <StdOut>Save/Update: select * from OrdenDeCompra; select * from documento_movimiento; select * from LineaOrdenDeCompra WHERE borrado = 0
Save/Update: select * from LineaOrdenDeCompra WHERE  LineaOrdenDeCompra.nro_orden_compra=1  AND  LineaOrdenDeCompra.tipo_orden_compra='A' AND  LineaOrdenDeCompra.nro_sucursal=1  
Save/Update: select * from insumo WHERE  insumo.cod_insumo=1  
Save/Update: select * from insumo WHERE  insumo.cod_insumo=2  
Save/Update: select * from Proveedor WHERE  Proveedor.id_proveedor=1  
Save/Update: select * from MovimientosCuenta JOIN documento_movimiento AS documento ON MovimientosCuenta.nro_movimiento=documento.nro_movimiento JOIN proveedor_movimientos AS proveedor ON MovimientosCuenta.nro_movimiento=proveedor.nro_movimiento WHERE documento.nro_Doc=3  AND proveedor.id_proveedor IS NOT  NULL ; select * from proveedor_movimientos; select * from documento_movimiento
Save/Update: select * from LineaOrdenDeCompra WHERE  LineaOrdenDeCompra.nro_orden_compra=2  AND  LineaOrdenDeCompra.tipo_orden_compra='B' AND  LineaOrdenDeCompra.nro_sucursal=1  
Save/Update: select * from insumo WHERE  insumo.cod_insumo=1  
Save/Update: select * from insumo WHERE  insumo.cod_insumo=1  
Save/Update: select * from Proveedor WHERE  Proveedor.id_proveedor=1  
Save/Update: select * from MovimientosCuenta JOIN documento_movimiento AS documento ON MovimientosCuenta.nro_movimiento=documento.nro_movimiento JOIN proveedor_movimientos AS proveedor ON MovimientosCuenta.nro_movimiento=proveedor.nro_movimiento WHERE documento.nro_Doc=4  AND proveedor.id_proveedor IS NOT  NULL ; select * from proveedor_movimientos; select * from documento_movimiento
Save/Update: DELETE LineaOrdenDeCompra WHERE nro_orden_compra=2  AND nro_sucursal=1  AND tipo_orden_compra='A' AND nro_linea=1  
Save/Update: DELETE LineaOrdenDeCompra WHERE nro_orden_compra=2  AND nro_sucursal=1  AND tipo_orden_compra='A' AND nro_linea=2  
Save/Update: DELETE proveedor_movimientos where nro_movimiento=4  ; DELETE documento_movimiento where nro_movimiento=4  ; ;DELETE MovimientosCuenta WHERE nro_movimiento=4  
Save/Update: DELETE FROM OrdenDeCompra WHERE nro_Doc =5
Save/Update: delete documento where nro_doc=5</StdOut>
      </Output>
    </UnitTestResult>
    <UnitTestResult executionId="74ea8b6a-6151-46d1-8d88-6d307cee6074" testId="2277aaf3-514d-5d22-b68b-739c3ef345a2" testName="CambiarEstadoPedidoTest" computerName="DIEGO-PC" duration="00:00:07.6223097" startTime="2012-11-26T18:29:19.7931034-03:00" endTime="2012-11-26T18:29:27.4235398-03:00" testType="13cdc9d9-ddb5-4fa4-a97d-d965ccfc6d4b" outcome="Passed" testListId="8c84fa94-04c1-424b-9868-57a2d4851a1d" relativeResultsDirectory="74ea8b6a-6151-46d1-8d88-6d307cee6074">
      <Output>
        <StdOut>Save/Update: SELECT  ISNULL(MAX(cod_pedido + 1),1) from Pedido
Save/Update: INSERT INTO Pedido (cod_pedido, comentario, id_cliente, tipo_pedido, estadoActual, fechaInicio, fechaFinal, borrado) VALUES (5 , 'comentario test', 2 , 2 , 1 ,  CAST('26/11/2012 18:29:19.799'  AS DateTime),  NULL , 0 ); UPDATE produccion SET borrado=1 WHERE cod_pedido=5  ; UPDATE historico_estados_pedido SET borrado=1 WHERE cod_pedido=5  ; 
Save/Update: SELECT  ISNULL(MAX(cod_produccion + 1),1) from produccion
Save/Update: INSERT INTO produccion (cod_produccion, comentario, cod_pedido, cod_maquina, cod_articulo, cantidad, estadoActual, utilizacion, fechaInicio, fechaFinal, borrado) VALUES (7 , 'com1', 5 , 2 , 1 , 10 , 1 , 1,  CAST('26/11/2012 18:29:19.799'  AS DateTime),  NULL , 0 ); UPDATE historico_estados_produccion SET borrado=1 WHERE cod_produccion=7  ; 
Save/Update: UPDATE Pedido SET comentario='comentario test', id_cliente=2 , tipo_pedido=2 , estadoActual=1 , fechaInicio= CAST('26/11/2012 18:29:19.799'  AS DateTime), fechaFinal= NULL , borrado=0  WHERE cod_pedido=5  ; UPDATE produccion SET borrado=1 WHERE cod_pedido=5  ; UPDATE historico_estados_pedido SET borrado=1 WHERE cod_pedido=5  ; 
Save/Update: SELECT  ISNULL(MAX(nro_estado + 1),1) from historico_estados_pedido WHERE cod_pedido=5
Save/Update: INSERT INTO historico_estados_pedido (nro_estado, comentario, cod_pedido, fechaDesde, fechaHasta, estado, borrado) VALUES (1 , '', 5 ,  CAST('26/11/2012 18:29:19.804'  AS DateTime),  NULL , 1 , 0 ); 
Save/Update: UPDATE produccion SET comentario='com1', cod_pedido=5 , cod_maquina=2 , cod_articulo=1 , cantidad=10 , estadoActual=1 , utilizacion=1, fechaInicio= CAST('26/11/2012 18:29:19.799'  AS DateTime), fechaFinal= NULL , borrado=0  WHERE cod_produccion=7  ; UPDATE historico_estados_produccion SET borrado=1 WHERE cod_produccion=7  ; 
Save/Update: select * from Pedido WHERE  Pedido.cod_pedido=5  ; select * from produccion WHERE borrado = 0; select * from historico_estados_pedido WHERE borrado = 0
Save/Update: select * from historico_estados_pedido WHERE  historico_estados_pedido.cod_pedido=5  
Save/Update: select * from tipoPedido WHERE  tipoPedido.tipo_pedido=2  
Save/Update: select * from produccion WHERE  produccion.cod_pedido=5  ; select * from historico_estados_produccion WHERE borrado = 0
Save/Update: select * from Cliente WHERE  Cliente.id_cliente=2  ; select * from cliente_movimientos; select * from Pedido WHERE borrado = 0; select * from Factura WHERE borrado = 0; select * from Diseño WHERE borrado = 0
Save/Update: select * from EstadoPedido WHERE  EstadoPedido.estado_pedido=1  
Save/Update: select * from Usuario WHERE  Usuario.usuarioID=2  ; select * from JoinUsuarioToFamilia; select * from JoinPatenteToUsuario
Save/Update: select * from Familia JOIN JoinUsuarioToFamilia AS usuarios ON Familia.familiaID=usuarios.familiaID WHERE usuarios.usuarioID=2  ; select * from JoinFamiliaToPatente
Save/Update: select * from Patente JOIN JoinFamiliaToPatente AS familia ON Patente.patenteId=familia.patenteId WHERE familia.familiaID=2  
Save/Update: select * from Patente JOIN JoinPatenteToUsuario AS usuario ON Patente.patenteId=usuario.patenteId WHERE usuario.usuarioID=2  
Save/Update: select * from Cliente WHERE  Cliente.usuarioID=2  ; select * from cliente_movimientos; select * from Pedido WHERE borrado = 0; select * from Factura WHERE borrado = 0; select * from Diseño WHERE borrado = 0
Save/Update: select * from newsletter WHERE  newsletter.id=1  
Save/Update: select * from produccion WHERE  produccion.cod_produccion=7  ; select * from historico_estados_produccion WHERE borrado = 0
Save/Update: select * from Pedido WHERE  Pedido.cod_pedido=5  ; select * from produccion WHERE borrado = 0; select * from historico_estados_pedido WHERE borrado = 0
Save/Update: select * from Maquina WHERE  Maquina.cod_maquina=2  ; select * from JoinMaquinaToTipoPrenda
Save/Update: select * from Articulos WHERE  Articulos.cod_articulo=1  ; select * from lista_precios WHERE borrado = 0
Save/Update: select * from EstadoTrabajos WHERE  EstadoTrabajos.cod_estado=1  
Save/Update: select * from historico_estados_produccion WHERE  historico_estados_produccion.cod_produccion=7  
Save/Update: select * from produccion_operador WHERE  produccion_operador.cod_prodcuccion=7  
Save/Update: select * from newsletter WHERE  newsletter.id=2  
Save/Update: select * from Articulos WHERE  Articulos.cod_articulo=1  ; select * from lista_precios WHERE borrado = 0
Save/Update: select * from lista_precios WHERE  lista_precios.cod_articulo=1  
Save/Update: select * from TipoPrenda WHERE  TipoPrenda.tipo_prenda=1  
Save/Update: select * from Diseño WHERE  Diseño.cod_diseño=1  ; select * from historico_estados_diseño WHERE borrado = 0
Save/Update: select * from Pedido WHERE  Pedido.cod_pedido=5  ; select * from produccion WHERE borrado = 0; select * from historico_estados_pedido WHERE borrado = 0
Save/Update: select * from historico_estados_pedido WHERE  historico_estados_pedido.cod_pedido=5  
Save/Update: select * from tipoPedido WHERE  tipoPedido.tipo_pedido=2  
Save/Update: select * from produccion WHERE  produccion.cod_pedido=5  ; select * from historico_estados_produccion WHERE borrado = 0
Save/Update: select * from Cliente WHERE  Cliente.id_cliente=2  ; select * from cliente_movimientos; select * from Pedido WHERE borrado = 0; select * from Factura WHERE borrado = 0; select * from Diseño WHERE borrado = 0
Save/Update: select * from EstadoPedido WHERE  EstadoPedido.estado_pedido=1  
Save/Update: UPDATE Pedido SET comentario='comentario Modificado', id_cliente=2 , tipo_pedido=2 , estadoActual=2 , fechaInicio= CAST('26/11/2012 18:29:19.800'  AS DateTime), fechaFinal= NULL , borrado=0  WHERE cod_pedido=5  ; UPDATE produccion SET borrado=1 WHERE cod_pedido=5  ; UPDATE historico_estados_pedido SET borrado=1 WHERE cod_pedido=5  ; 
Save/Update: UPDATE historico_estados_pedido SET comentario='', fechaDesde= CAST('26/11/2012 18:29:19.803'  AS DateTime), fechaHasta= CAST('26/11/2012 18:29:27.383'  AS DateTime), estado=1 , borrado=0  WHERE nro_estado=1  AND cod_pedido=5  ; 
Save/Update: SELECT  ISNULL(MAX(nro_estado + 1),1) from historico_estados_pedido WHERE cod_pedido=5
Save/Update: INSERT INTO historico_estados_pedido (nro_estado, comentario, cod_pedido, fechaDesde, fechaHasta, estado, borrado) VALUES (2 , '', 5 ,  CAST('26/11/2012 18:29:27.383'  AS DateTime),  NULL , 2 , 0 ); 
Save/Update: UPDATE produccion SET comentario='com1', cod_pedido=5 , cod_maquina=2 , cod_articulo=1 , cantidad=10 , estadoActual=1 , utilizacion=1, fechaInicio= CAST('26/11/2012 18:29:19.800'  AS DateTime), fechaFinal= NULL , borrado=0  WHERE cod_produccion=7  ; UPDATE historico_estados_produccion SET borrado=1 WHERE cod_produccion=7  ; 
Save/Update: select * from Pedido WHERE  Pedido.cod_pedido=5  ; select * from produccion WHERE borrado = 0; select * from historico_estados_pedido WHERE borrado = 0
Save/Update: select * from historico_estados_pedido WHERE  historico_estados_pedido.cod_pedido=5  
Save/Update: select * from tipoPedido WHERE  tipoPedido.tipo_pedido=2  
Save/Update: select * from produccion WHERE  produccion.cod_pedido=5  ; select * from historico_estados_produccion WHERE borrado = 0
Save/Update: select * from Cliente WHERE  Cliente.id_cliente=2  ; select * from cliente_movimientos; select * from Pedido WHERE borrado = 0; select * from Factura WHERE borrado = 0; select * from Diseño WHERE borrado = 0
Save/Update: select * from EstadoPedido WHERE  EstadoPedido.estado_pedido=2  
Save/Update: DELETE historico_estados_pedido WHERE nro_estado=1  AND cod_pedido=5  
Save/Update: DELETE historico_estados_pedido WHERE nro_estado=2  AND cod_pedido=5  
Save/Update: DELETE produccion WHERE cod_produccion=7  
Save/Update: DELETE Pedido WHERE cod_pedido=5</StdOut>
      </Output>
    </UnitTestResult>
    <UnitTestResult executionId="2d08fdee-1aff-411b-9e11-9081d3f7a39b" testId="231d325e-5b2d-4422-b67b-4aed1bbc3f49" testName="grabarFacturasTest" computerName="DIEGO-PC" duration="00:00:00.0423995" startTime="2012-11-26T18:29:27.4325403-03:00" endTime="2012-11-26T18:29:27.4845433-03:00" testType="13cdc9d9-ddb5-4fa4-a97d-d965ccfc6d4b" outcome="Passed" testListId="8c84fa94-04c1-424b-9868-57a2d4851a1d" relativeResultsDirectory="2d08fdee-1aff-411b-9e11-9081d3f7a39b">
      <Output>
        <StdOut>Save/Update: SELECT  ISNULL(MAX(nro_Doc + 1),1) from documento
Save/Update: INSERT INTO documento VALUES (5)
Save/Update: SELECT  ISNULL(MAX(nro_factura + 1),1) from Factura WHERE nro_sucursal=1 AND tipo_factura='A'
Save/Update: INSERT INTO Factura (nro_Doc, iva, fecha, borrado, nro_factura, nro_sucursal, tipo_factura, id_cliente, monto) VALUES (5 , 33.3,  CAST('26/11/2012 18:29:27.439'  AS DateTime), 0 , 2 , 1 , 'A', 2 , 33.3); UPDATE LineaFactura SET borrado=1 WHERE nro_factura=2  AND nro_sucursal=1  AND tipo_factura='A' ; 
Save/Update: select * from Factura WHERE  Factura.nro_Doc=5  ; select * from documento_movimiento; select * from LineaFactura WHERE borrado = 0
Save/Update: delete Factura where nro_doc=5
Save/Update: delete documento where nro_doc=5</StdOut>
      </Output>
    </UnitTestResult>
    <UnitTestResult executionId="d7d2a0e9-d5ef-455b-afc4-767756c92cba" testId="24d98172-4e51-96b3-ef4d-cd0ed2a98c18" testName="grabarHistoricoEstadosTest" computerName="DIEGO-PC" duration="00:00:00.0135389" startTime="2012-11-26T18:29:27.4945439-03:00" endTime="2012-11-26T18:29:27.5185453-03:00" testType="13cdc9d9-ddb5-4fa4-a97d-d965ccfc6d4b" outcome="Passed" testListId="8c84fa94-04c1-424b-9868-57a2d4851a1d" relativeResultsDirectory="d7d2a0e9-d5ef-455b-afc4-767756c92cba">
      <Output>
        <StdOut>Save/Update: SELECT  ISNULL(MAX(nro_estado + 1),1) from historico_estados_produccion WHERE cod_produccion=2
Save/Update: INSERT INTO historico_estados_produccion (nro_estado, comentario, cod_produccion, fechaDesde, fechaHasta, estado, borrado) VALUES (3 , 'comentario32', 2 ,  CAST('26/11/2012 18:29:27.502'  AS DateTime),  CAST('26/11/2012 18:29:27.502'  AS DateTime), 3 , 0 ); 
Save/Update: select * from historico_estados_produccion WHERE  historico_estados_produccion.nro_estado=3  AND  historico_estados_produccion.cod_produccion=2  
Save/Update: DELETE historico_estados_produccion WHERE nro_estado=3  AND cod_produccion=2</StdOut>
      </Output>
    </UnitTestResult>
    <UnitTestResult executionId="5e7be7fc-59b4-4072-99fb-03af52583c46" testId="251887f2-80b7-06cc-ae64-369889df804d" testName="actualizarFamiliaTest" computerName="DIEGO-PC" duration="00:00:00.0163459" startTime="2012-11-26T18:29:27.5295459-03:00" endTime="2012-11-26T18:29:27.5605477-03:00" testType="13cdc9d9-ddb5-4fa4-a97d-d965ccfc6d4b" outcome="Passed" testListId="8c84fa94-04c1-424b-9868-57a2d4851a1d" relativeResultsDirectory="5e7be7fc-59b4-4072-99fb-03af52583c46">
      <Output>
        <StdOut>Save/Update: select * from Familia WHERE  Familia.familiaID=5  ; select * from JoinFamiliaToPatente
Save/Update: select * from Patente JOIN JoinFamiliaToPatente AS familia ON Patente.patenteId=familia.patenteId WHERE familia.familiaID=5  
Save/Update: UPDATE Familia SET descripcion='desTest', nombre='nombretest' WHERE familiaID=5  ; DELETE JoinFamiliaToPatente where familiaID=5  ;  INSERT INTO JoinFamiliaToPatente ( familiaID, patenteId) VALUES ( 5 , 9 ); 
Save/Update: select * from Familia WHERE  Familia.familiaID=5  ; select * from JoinFamiliaToPatente
Save/Update: select * from Patente JOIN JoinFamiliaToPatente AS familia ON Patente.patenteId=familia.patenteId WHERE familia.familiaID=5  
Save/Update: UPDATE Familia SET descripcion='desTest', nombre='nombretest' WHERE familiaID=5  ; DELETE JoinFamiliaToPatente where familiaID=5  ;  INSERT INTO JoinFamiliaToPatente ( familiaID, patenteId) VALUES ( 5 , 9 );</StdOut>
      </Output>
    </UnitTestResult>
    <UnitTestResult executionId="2a76c06e-78ad-4d24-be37-73365a2b00b7" testId="254f3c87-cb8f-24cb-6d93-8a60e4e333c0" testName="borrarProduccionTest" computerName="DIEGO-PC" duration="00:00:00.0113642" startTime="2012-11-26T18:29:27.5655480-03:00" endTime="2012-11-26T18:29:27.5865492-03:00" testType="13cdc9d9-ddb5-4fa4-a97d-d965ccfc6d4b" outcome="Passed" testListId="8c84fa94-04c1-424b-9868-57a2d4851a1d" relativeResultsDirectory="2a76c06e-78ad-4d24-be37-73365a2b00b7">
      <Output>
        <StdOut>Save/Update: SELECT  ISNULL(MAX(cod_produccion + 1),1) from produccion
Save/Update: INSERT INTO produccion (cod_produccion, comentario, cod_pedido, cod_maquina, cod_articulo, cantidad, estadoActual, utilizacion, fechaInicio, fechaFinal, borrado) VALUES (7 , 'comentario test', 3 , 3 , 7 , 10 , 2 , 1,  CAST('26/11/2012 18:29:27.572'  AS DateTime),  CAST('26/11/2012 18:29:27.572'  AS DateTime), 0 ); UPDATE historico_estados_produccion SET borrado=1 WHERE cod_produccion=7  ; 
Save/Update: select * from produccion WHERE  produccion.comentario LIKE '%comentario test%'; select * from historico_estados_produccion WHERE borrado = 0
Save/Update: DELETE produccion WHERE cod_produccion=7  
Save/Update: select * from produccion WHERE  produccion.comentario LIKE '%comentario test%'; select * from historico_estados_produccion WHERE borrado = 0
Save/Update: DELETE produccion WHERE cod_produccion=7</StdOut>
      </Output>
    </UnitTestResult>
    <UnitTestResult executionId="2a69be44-9ed4-4ec7-8584-6c868a92f479" testId="25d73e54-4c45-c0f8-0cc6-cd9d82e5c8a4" testName="listarProduccionPorArticuloTest" computerName="DIEGO-PC" duration="00:00:00.0138840" startTime="2012-11-26T18:29:27.5885493-03:00" endTime="2012-11-26T18:29:27.6115506-03:00" testType="13cdc9d9-ddb5-4fa4-a97d-d965ccfc6d4b" outcome="Passed" testListId="8c84fa94-04c1-424b-9868-57a2d4851a1d" relativeResultsDirectory="2a69be44-9ed4-4ec7-8584-6c868a92f479">
      <Output>
        <StdOut>Save/Update: select * from produccion WHERE  produccion.cod_articulo=1  ; select * from historico_estados_produccion WHERE borrado = 0
Save/Update: select * from Pedido WHERE  Pedido.cod_pedido=1  ; select * from produccion WHERE borrado = 0; select * from historico_estados_pedido WHERE borrado = 0
Save/Update: select * from Maquina WHERE  Maquina.cod_maquina=1  ; select * from JoinMaquinaToTipoPrenda
Save/Update: select * from Articulos WHERE  Articulos.cod_articulo=1  ; select * from lista_precios WHERE borrado = 0
Save/Update: select * from EstadoTrabajos WHERE  EstadoTrabajos.cod_estado=3  
Save/Update: select * from historico_estados_produccion WHERE  historico_estados_produccion.cod_produccion=1  
Save/Update: select * from produccion_operador WHERE  produccion_operador.cod_prodcuccion=1  
Save/Update: DELETE produccion_operador WHERE id_operador=2  AND cod_prodcuccion=7  
Save/Update: DELETE historico_estados_produccion WHERE nro_estado=1  AND cod_produccion=7  
Save/Update: DELETE historico_estados_produccion WHERE nro_estado=2  AND cod_produccion=7  
Save/Update: DELETE produccion WHERE cod_produccion=7</StdOut>
      </Output>
    </UnitTestResult>
    <UnitTestResult executionId="c763542e-5308-43ba-a68c-95f33feba77b" testId="26a546ff-2782-4a5a-0d01-d730f8d08c9d" testName="cargarTest" computerName="DIEGO-PC" duration="00:00:00.0093008" startTime="2012-11-26T18:29:27.6195510-03:00" endTime="2012-11-26T18:29:27.6365520-03:00" testType="13cdc9d9-ddb5-4fa4-a97d-d965ccfc6d4b" outcome="Passed" testListId="8c84fa94-04c1-424b-9868-57a2d4851a1d" relativeResultsDirectory="c763542e-5308-43ba-a68c-95f33feba77b">
      <Output>
        <StdOut>Save/Update: select * from Conversacion; select * from mensaje WHERE borrado = 0
Save/Update: DELETE Conversacion WHERE id_conversacion=3  
Save/Update: update mensaje set borrado=0</StdOut>
      </Output>
    </UnitTestResult>
    <UnitTestResult executionId="6a5c9672-a3b1-4731-884a-94cd4da7b448" testId="26d1e25c-63b7-c2c4-03c0-99f8e7631508" testName="grabarMaquinasTest" computerName="DIEGO-PC" duration="00:00:00.0090269" startTime="2012-11-26T18:29:27.6415523-03:00" endTime="2012-11-26T18:29:27.6595533-03:00" testType="13cdc9d9-ddb5-4fa4-a97d-d965ccfc6d4b" outcome="Passed" testListId="8c84fa94-04c1-424b-9868-57a2d4851a1d" relativeResultsDirectory="6a5c9672-a3b1-4731-884a-94cd4da7b448">
      <Output>
        <StdOut>Save/Update: SELECT  ISNULL(MAX(cod_maquina + 1),1) from Maquina
Save/Update: INSERT INTO Maquina (cod_maquina, altoMargen, anchoMargen, cabezales, nombre, velocidadPromedio, cantidadColores) VALUES (4 , 100 , 200 , 12 , 'nombre nuevo', 1000 , 15 ); DELETE JoinMaquinaToTipoPrenda where cod_maquina=4  ; 
Save/Update: select * from Maquina WHERE  Maquina.cod_maquina=4  AND  Maquina.altoMargen&lt;=500  AND  Maquina.anchoMargen&gt;=100  AND  Maquina.cabezales=12  AND  Maquina.nombre LIKE '%e n%'AND  Maquina.velocidadPromedio&gt;=500  ; select * from JoinMaquinaToTipoPrenda
Save/Update: DELETE JoinMaquinaToTipoPrenda where cod_maquina=4  ; ;DELETE Maquina WHERE cod_maquina=4</StdOut>
      </Output>
    </UnitTestResult>
    <UnitTestResult executionId="b39559b4-cc96-4f59-9fc8-c4a7b9938fa3" testId="26e79886-012b-c1dd-53e8-d16d49221a25" testName="listarInsumosConRestriccionesTest" computerName="DIEGO-PC" duration="00:00:00.0067298" startTime="2012-11-26T18:29:27.6655537-03:00" endTime="2012-11-26T18:29:27.6805545-03:00" testType="13cdc9d9-ddb5-4fa4-a97d-d965ccfc6d4b" outcome="Passed" testListId="8c84fa94-04c1-424b-9868-57a2d4851a1d" relativeResultsDirectory="b39559b4-cc96-4f59-9fc8-c4a7b9938fa3">
      <Output>
        <StdOut>Save/Update: select * from insumo WHERE  insumo.nombre LIKE '%bre%'AND  insumo.detalle LIKE '%lle1%'AND  insumo.id_tipo_insumo=1  AND  insumo.color=1  
Save/Update: select * from tipoInsumo WHERE  tipoInsumo.tipo_insumo=1  
Save/Update: select * from color WHERE  color.codigo_color=1  
Save/Update: select * from MovimientosStock WHERE  MovimientosStock.cod_insumo=1  
Save/Update: DELETE MovimientosStock WHERE nro_movimiento=1  AND cod_insumo=5  
Save/Update: DELETE MovimientosStock WHERE nro_movimiento=2  AND cod_insumo=5  
Save/Update: DELETE insumo WHERE cod_insumo=5</StdOut>
      </Output>
    </UnitTestResult>
    <UnitTestResult executionId="9f719bce-b8b6-4834-a91b-31d81e78a47a" testId="2807b06d-2424-3984-a9d6-3c90127f0468" testName="BuscarDiseñosTest" computerName="DIEGO-PC" duration="00:00:00.0230536" startTime="2012-11-26T18:29:27.6825546-03:00" endTime="2012-11-26T18:29:27.7135564-03:00" testType="13cdc9d9-ddb5-4fa4-a97d-d965ccfc6d4b" outcome="Passed" testListId="8c84fa94-04c1-424b-9868-57a2d4851a1d" relativeResultsDirectory="9f719bce-b8b6-4834-a91b-31d81e78a47a">
      <Output>
        <StdOut>Save/Update: select * from Diseño WHERE  Diseño.estadoActual=2  AND  Diseño.nombre LIKE '%ño1%'AND  Diseño.puntadas&gt;=500  AND  Diseño.puntadas&lt;=1500  AND  Diseño.ancho&gt;=5  AND  Diseño.ancho&lt;=15  AND  Diseño.alto&gt;=5  AND  Diseño.alto&lt;=15  AND  Diseño.id_cliente=1  ; select * from historico_estados_diseño WHERE borrado = 0
Save/Update: select * from Cliente WHERE  Cliente.id_cliente=1  ; select * from cliente_movimientos; select * from Pedido WHERE borrado = 0; select * from Factura WHERE borrado = 0; select * from Diseño WHERE borrado = 0
Save/Update: select * from Usuario WHERE  Usuario.usuarioID=1  ; select * from JoinUsuarioToFamilia; select * from JoinPatenteToUsuario
Save/Update: select * from Diseño_insumos WHERE  Diseño_insumos.cod_diseño=1  
Save/Update: select * from historico_estados_diseño WHERE  historico_estados_diseño.cod_diseño=1  
Save/Update: select * from EstadoDiseños WHERE  EstadoDiseños.estado=2  
Save/Update: DELETE FROM Diseño_insumos where cod_diseño=3
Save/Update: DELETE FROM historico_estados_diseño where cod_diseño=3
Save/Update: DELETE Diseño WHERE cod_diseño=3</StdOut>
      </Output>
    </UnitTestResult>
    <UnitTestResult executionId="4fab3780-5963-42a5-b4dd-cf2718c978be" testId="280aded5-68b9-b810-9a8e-34bdb568fac8" testName="grabarProduccionTest" computerName="DIEGO-PC" duration="00:00:00.0206194" startTime="2012-11-26T18:29:27.7185567-03:00" endTime="2012-11-26T18:29:27.7495585-03:00" testType="13cdc9d9-ddb5-4fa4-a97d-d965ccfc6d4b" outcome="Passed" testListId="8c84fa94-04c1-424b-9868-57a2d4851a1d" relativeResultsDirectory="4fab3780-5963-42a5-b4dd-cf2718c978be">
      <Output>
        <StdOut>Save/Update: SELECT  ISNULL(MAX(cod_produccion + 1),1) from produccion
Save/Update: INSERT INTO produccion (cod_produccion, comentario, cod_pedido, cod_maquina, cod_articulo, cantidad, estadoActual, utilizacion, fechaInicio, fechaFinal, borrado) VALUES (7 , 'com test', 3 , 3 , 3 , 10 , 1 , 1,  CAST('14/10/2012 15:00:00.000'  AS DateTime),  CAST('14/10/2012 18:00:00.000'  AS DateTime), 0 ); UPDATE historico_estados_produccion SET borrado=1 WHERE cod_produccion=7  ; 
Save/Update: SELECT  ISNULL(MAX(nro_estado + 1),1) from historico_estados_produccion WHERE cod_produccion=7
Save/Update: INSERT INTO historico_estados_produccion (nro_estado, comentario, cod_produccion, fechaDesde, fechaHasta, estado, borrado) VALUES (1 , 'com test', 7 ,  CAST('26/11/2012 18:29:27.726'  AS DateTime),  NULL , 1 , 0 ); 
Save/Update: select * from produccion WHERE  produccion.cod_produccion=7  ; select * from historico_estados_produccion WHERE borrado = 0
Save/Update: select * from Pedido WHERE  Pedido.cod_pedido=3  ; select * from produccion WHERE borrado = 0; select * from historico_estados_pedido WHERE borrado = 0
Save/Update: select * from Maquina WHERE  Maquina.cod_maquina=3  ; select * from JoinMaquinaToTipoPrenda
Save/Update: select * from Articulos WHERE  Articulos.cod_articulo=3  ; select * from lista_precios WHERE borrado = 0
Save/Update: select * from EstadoTrabajos WHERE  EstadoTrabajos.cod_estado=1  
Save/Update: select * from historico_estados_produccion WHERE  historico_estados_produccion.cod_produccion=7  
Save/Update: select * from produccion_operador WHERE  produccion_operador.cod_prodcuccion=7  
Save/Update: DELETE produccion_operador WHERE id_operador=2  AND cod_prodcuccion=7  
Save/Update: DELETE historico_estados_produccion WHERE nro_estado=1  AND cod_produccion=7  
Save/Update: DELETE historico_estados_produccion WHERE nro_estado=2  AND cod_produccion=7  
Save/Update: DELETE produccion WHERE cod_produccion=7</StdOut>
      </Output>
    </UnitTestResult>
    <UnitTestResult executionId="0b912cfd-aa05-4941-a3d3-38e3e4d0bf48" testId="28e69d1a-8de4-eba9-3792-eae237e8276c" testName="grabarUsuarioTest" computerName="DIEGO-PC" duration="00:00:00.0192856" startTime="2012-11-26T18:29:27.7535587-03:00" endTime="2012-11-26T18:29:27.7835604-03:00" testType="13cdc9d9-ddb5-4fa4-a97d-d965ccfc6d4b" outcome="Passed" testListId="8c84fa94-04c1-424b-9868-57a2d4851a1d" relativeResultsDirectory="0b912cfd-aa05-4941-a3d3-38e3e4d0bf48">
      <Output>
        <StdOut>Save/Update: INSERT INTO Cliente (id_cliente, habitadoTurnos, usuarioID, newsletter) VALUES (3 , 0 , 3 , 1 ); UPDATE Pedido SET borrado=1 WHERE id_cliente=3  ; UPDATE Factura SET borrado=1 WHERE id_cliente=3  ; UPDATE Diseño SET borrado=1 WHERE id_cliente=3  ; 
Save/Update: select * from Cliente; select * from cliente_movimientos; select * from Pedido WHERE borrado = 0; select * from Factura WHERE borrado = 0; select * from Diseño WHERE borrado = 0
Save/Update: select * from Cliente WHERE  Cliente.id_cliente=3  ; select * from cliente_movimientos; select * from Pedido WHERE borrado = 0; select * from Factura WHERE borrado = 0; select * from Diseño WHERE borrado = 0
Save/Update: DELETE cliente_movimientos where id_cliente=3  ; ;DELETE Cliente WHERE id_cliente=3</StdOut>
      </Output>
    </UnitTestResult>
    <UnitTestResult executionId="187abb3b-8b88-4b4f-9fe5-d2105f478db5" testId="29a5da4e-65d5-0422-5e68-618976117f03" testName="cargarMovimientosTest" computerName="DIEGO-PC" duration="00:00:00.0068770" startTime="2012-11-26T18:29:27.7875607-03:00" endTime="2012-11-26T18:29:27.8025615-03:00" testType="13cdc9d9-ddb5-4fa4-a97d-d965ccfc6d4b" outcome="Passed" testListId="8c84fa94-04c1-424b-9868-57a2d4851a1d" relativeResultsDirectory="187abb3b-8b88-4b4f-9fe5-d2105f478db5">
      <Output>
        <StdOut>Save/Update: select * from MovimientosCuenta JOIN proveedor_movimientos AS proveedor ON MovimientosCuenta.nro_movimiento=proveedor.nro_movimiento WHERE proveedor.id_proveedor IS NOT  NULL ; select * from proveedor_movimientos; select * from documento_movimiento
Save/Update: DELETE proveedor_movimientos where nro_movimiento=4  ; DELETE documento_movimiento where nro_movimiento=4  ; ;DELETE MovimientosCuenta WHERE nro_movimiento=4</StdOut>
      </Output>
    </UnitTestResult>
    <UnitTestResult executionId="d37b695e-fc91-4aa8-a6eb-d5b6b58b4db7" testId="29f0136c-6b94-67a3-1d98-7e9ef56e0b01" testName="grabarMensajeTest" computerName="DIEGO-PC" duration="00:00:00.1450780" startTime="2012-11-26T18:29:27.8055617-03:00" endTime="2012-11-26T18:29:27.9595705-03:00" testType="13cdc9d9-ddb5-4fa4-a97d-d965ccfc6d4b" outcome="Passed" testListId="8c84fa94-04c1-424b-9868-57a2d4851a1d" relativeResultsDirectory="d37b695e-fc91-4aa8-a6eb-d5b6b58b4db7">
      <Output>
        <StdOut>Save/Update: SELECT  ISNULL(MAX(id_conversacion + 1),1) from Conversacion
Save/Update: INSERT INTO Conversacion (id_conversacion, remitente, destinatario) VALUES (3 , 2 , 1 ); UPDATE mensaje SET borrado=1 WHERE id_conversacion=3  ; 
Save/Update: select * from Conversacion WHERE  Conversacion.remitente=2  AND  Conversacion.destinatario=1  ; select * from mensaje WHERE borrado = 0
Save/Update: DELETE Conversacion WHERE id_conversacion=3  
Save/Update: update mensaje set borrado=0</StdOut>
      </Output>
    </UnitTestResult>
    <UnitTestResult executionId="e8208a65-b545-400d-af28-1a1793157371" testId="2a172fd5-1ba6-de08-de7a-3705a01c8b9d" testName="listarConversacionesPorUsuarioTest" computerName="DIEGO-PC" duration="00:00:00.0105209" startTime="2012-11-26T18:29:27.9645708-03:00" endTime="2012-11-26T18:29:27.9845719-03:00" testType="13cdc9d9-ddb5-4fa4-a97d-d965ccfc6d4b" outcome="Passed" testListId="8c84fa94-04c1-424b-9868-57a2d4851a1d" relativeResultsDirectory="e8208a65-b545-400d-af28-1a1793157371">
      <Output>
        <StdOut>Save/Update: select * from Conversacion WHERE  Conversacion.remitente=1  ; select * from mensaje WHERE borrado = 0
Save/Update: select * from Conversacion WHERE  Conversacion.destinatario=1  ; select * from mensaje WHERE borrado = 0
Save/Update: select * from Usuario WHERE  Usuario.usuarioID=1  ; select * from JoinUsuarioToFamilia; select * from JoinPatenteToUsuario
Save/Update: select * from Usuario WHERE  Usuario.usuarioID=2  ; select * from JoinUsuarioToFamilia; select * from JoinPatenteToUsuario
Save/Update: select * from Mensaje WHERE  Mensaje.id_conversacion=1</StdOut>
      </Output>
    </UnitTestResult>
    <UnitTestResult executionId="b8179633-02f4-4b24-ac63-86029860c7da" testId="2a2fd5ee-0dc7-50c0-f1c8-c482f09c9964" testName="listarMaquinasTest" computerName="DIEGO-PC" duration="00:00:00.0129022" startTime="2012-11-26T18:29:27.9875721-03:00" endTime="2012-11-26T18:29:28.0105734-03:00" testType="13cdc9d9-ddb5-4fa4-a97d-d965ccfc6d4b" outcome="Passed" testListId="8c84fa94-04c1-424b-9868-57a2d4851a1d" relativeResultsDirectory="b8179633-02f4-4b24-ac63-86029860c7da">
      <Output>
        <StdOut>Save/Update: select * from Maquina; select * from JoinMaquinaToTipoPrenda
Save/Update: select * from TipoPrenda WHERE  TipoPrenda.tipo_prenda=1  
Save/Update: select * from TipoPrenda WHERE  TipoPrenda.tipo_prenda=2  
Save/Update: select * from TipoPrenda WHERE  TipoPrenda.tipo_prenda=3  
Save/Update: select * from TipoPrenda WHERE  TipoPrenda.tipo_prenda=1  
Save/Update: select * from TipoPrenda WHERE  TipoPrenda.tipo_prenda=2  
Save/Update: select * from TipoPrenda WHERE  TipoPrenda.tipo_prenda=3  
Save/Update: select * from TipoPrenda WHERE  TipoPrenda.tipo_prenda=1  
Save/Update: select * from TipoPrenda WHERE  TipoPrenda.tipo_prenda=2  
Save/Update: select * from TipoPrenda WHERE  TipoPrenda.tipo_prenda=3  
Save/Update: DELETE JoinMaquinaToTipoPrenda where cod_maquina=4  ; ;DELETE Maquina WHERE cod_maquina=4  
Save/Update: delete from JoinMaquinaToTipoPrenda where cod_maquina=4</StdOut>
      </Output>
    </UnitTestResult>
    <UnitTestResult executionId="19138098-269a-419c-9e49-4ae41b15a559" testId="2ae7b1af-8597-a3ce-277b-0dc18037e21f" testName="listarInsumosPorTipoTest" computerName="DIEGO-PC" duration="00:00:00.0233992" startTime="2012-11-26T18:29:28.0135736-03:00" endTime="2012-11-26T18:29:28.0465755-03:00" testType="13cdc9d9-ddb5-4fa4-a97d-d965ccfc6d4b" outcome="Passed" testListId="8c84fa94-04c1-424b-9868-57a2d4851a1d" relativeResultsDirectory="19138098-269a-419c-9e49-4ae41b15a559">
      <Output>
        <StdOut>Save/Update: select * from insumo WHERE  insumo.id_tipo_insumo=1  
Save/Update: select * from tipoInsumo WHERE  tipoInsumo.tipo_insumo=1  
Save/Update: select * from color WHERE  color.codigo_color=1  
Save/Update: select * from MovimientosStock WHERE  MovimientosStock.cod_insumo=1  
Save/Update: select * from tipoInsumo WHERE  tipoInsumo.tipo_insumo=1  
Save/Update: select * from color WHERE  color.codigo_color=2  
Save/Update: select * from MovimientosStock WHERE  MovimientosStock.cod_insumo=2  
Save/Update: select * from tipoInsumo WHERE  tipoInsumo.tipo_insumo=1  
Save/Update: select * from color WHERE  color.codigo_color=3  
Save/Update: select * from MovimientosStock WHERE  MovimientosStock.cod_insumo=3  
Save/Update: select * from tipoInsumo WHERE  tipoInsumo.tipo_insumo=1  
Save/Update: select * from color WHERE  color.codigo_color=4  
Save/Update: select * from MovimientosStock WHERE  MovimientosStock.cod_insumo=4  
Save/Update: select * from insumo WHERE  insumo.cod_insumo=1  
Save/Update: select * from tipoInsumo WHERE  tipoInsumo.tipo_insumo=1  
Save/Update: select * from color WHERE  color.codigo_color=1  
Save/Update: select * from MovimientosStock WHERE  MovimientosStock.cod_insumo=1  
Save/Update: select * from insumo WHERE  insumo.cod_insumo=2  
Save/Update: select * from tipoInsumo WHERE  tipoInsumo.tipo_insumo=1  
Save/Update: select * from color WHERE  color.codigo_color=2  
Save/Update: select * from MovimientosStock WHERE  MovimientosStock.cod_insumo=2  
Save/Update: select * from insumo WHERE  insumo.cod_insumo=1  
Save/Update: select * from tipoInsumo WHERE  tipoInsumo.tipo_insumo=1  
Save/Update: select * from color WHERE  color.codigo_color=1  
Save/Update: select * from MovimientosStock WHERE  MovimientosStock.cod_insumo=1  
Save/Update: UPDATE insumo SET nombre='nombre1', id_tipo_insumo=1 , color=1 , detalle='detalle1', costo=1, cantidadActual=1  WHERE cod_insumo=1  ; 
Save/Update: select * from insumo WHERE  insumo.cod_insumo=2  
Save/Update: select * from tipoInsumo WHERE  tipoInsumo.tipo_insumo=1  
Save/Update: select * from color WHERE  color.codigo_color=2  
Save/Update: select * from MovimientosStock WHERE  MovimientosStock.cod_insumo=2  
Save/Update: UPDATE insumo SET nombre='nombre2', id_tipo_insumo=1 , color=2 , detalle='detalle2', costo=1, cantidadActual=2  WHERE cod_insumo=2  ; 
Save/Update: delete from MovimientosStock where cod_insumo &gt; 2 or (cod_insumo = 1 AND nro_movimiento &gt; 2) or (cod_insumo = 2 AND nro_movimiento &gt; 1)
Save/Update: DELETE MovimientosStock WHERE nro_movimiento=1  AND cod_insumo=5  
Save/Update: DELETE MovimientosStock WHERE nro_movimiento=2  AND cod_insumo=5  
Save/Update: DELETE insumo WHERE cod_insumo=5</StdOut>
      </Output>
    </UnitTestResult>
    <UnitTestResult executionId="e8d10794-66aa-4af1-a870-5fa6df4d65fd" testId="2b495ffb-2b2e-0cf5-2875-0685d0724d3c" testName="listarOrdenDeComprasPorIdTest" computerName="DIEGO-PC" duration="00:00:00.0139705" startTime="2012-11-26T18:29:28.0515758-03:00" endTime="2012-11-26T18:29:28.0745771-03:00" testType="13cdc9d9-ddb5-4fa4-a97d-d965ccfc6d4b" outcome="Passed" testListId="8c84fa94-04c1-424b-9868-57a2d4851a1d" relativeResultsDirectory="e8d10794-66aa-4af1-a870-5fa6df4d65fd">
      <Output>
        <StdOut>Save/Update: select * from OrdenDeCompra WHERE  OrdenDeCompra.nro_orden_compra=1  AND  OrdenDeCompra.nro_sucursal=1  AND  OrdenDeCompra.tipo_orden_compra='A' ; select * from documento_movimiento; select * from LineaOrdenDeCompra WHERE borrado = 0
Save/Update: select * from LineaOrdenDeCompra WHERE  LineaOrdenDeCompra.nro_orden_compra=1  AND  LineaOrdenDeCompra.tipo_orden_compra='A' AND  LineaOrdenDeCompra.nro_sucursal=1  
Save/Update: select * from insumo WHERE  insumo.cod_insumo=1  
Save/Update: select * from insumo WHERE  insumo.cod_insumo=2  
Save/Update: select * from Proveedor WHERE  Proveedor.id_proveedor=1  
Save/Update: select * from MovimientosCuenta JOIN documento_movimiento AS documento ON MovimientosCuenta.nro_movimiento=documento.nro_movimiento JOIN proveedor_movimientos AS proveedor ON MovimientosCuenta.nro_movimiento=proveedor.nro_movimiento WHERE documento.nro_Doc=3  AND proveedor.id_proveedor IS NOT  NULL ; select * from proveedor_movimientos; select * from documento_movimiento
Save/Update: DELETE LineaOrdenDeCompra WHERE nro_orden_compra=2  AND nro_sucursal=1  AND tipo_orden_compra='A' AND nro_linea=1  
Save/Update: DELETE LineaOrdenDeCompra WHERE nro_orden_compra=2  AND nro_sucursal=1  AND tipo_orden_compra='A' AND nro_linea=2  
Save/Update: DELETE proveedor_movimientos where nro_movimiento=4  ; DELETE documento_movimiento where nro_movimiento=4  ; ;DELETE MovimientosCuenta WHERE nro_movimiento=4  
Save/Update: DELETE FROM OrdenDeCompra WHERE nro_Doc =5
Save/Update: delete documento where nro_doc=5</StdOut>
      </Output>
    </UnitTestResult>
    <UnitTestResult executionId="f3c9400f-1c2b-4aef-a301-9422fe5ba00c" testId="2bbea6cc-d32e-272a-1a5e-81a0cec727a7" testName="listarFacturaPorMovimientoTest" computerName="DIEGO-PC" duration="00:00:00.0189043" startTime="2012-11-26T18:29:28.0795774-03:00" endTime="2012-11-26T18:29:28.1065789-03:00" testType="13cdc9d9-ddb5-4fa4-a97d-d965ccfc6d4b" outcome="Passed" testListId="8c84fa94-04c1-424b-9868-57a2d4851a1d" relativeResultsDirectory="f3c9400f-1c2b-4aef-a301-9422fe5ba00c">
      <Output>
        <StdOut>Save/Update: select * from Factura WHERE  Factura.nro_Doc=1  ; select * from documento_movimiento; select * from LineaFactura WHERE borrado = 0
Save/Update: select * from LineaFactura WHERE  LineaFactura.nro_factura=1  AND  LineaFactura.tipo_factura='A' AND  LineaFactura.nro_sucursal=1  
Save/Update: select * from Articulos WHERE  Articulos.cod_articulo=1  ; select * from lista_precios WHERE borrado = 0
Save/Update: select * from Articulos WHERE  Articulos.cod_articulo=2  ; select * from lista_precios WHERE borrado = 0
Save/Update: select * from Cliente WHERE  Cliente.id_cliente=1  ; select * from cliente_movimientos; select * from Pedido WHERE borrado = 0; select * from Factura WHERE borrado = 0; select * from Diseño WHERE borrado = 0
Save/Update: select * from Usuario WHERE  Usuario.usuarioID=1  ; select * from JoinUsuarioToFamilia; select * from JoinPatenteToUsuario
Save/Update: select * from MovimientosCuenta JOIN documento_movimiento AS documento ON MovimientosCuenta.nro_movimiento=documento.nro_movimiento JOIN cliente_movimientos AS cliente ON MovimientosCuenta.nro_movimiento=cliente.nro_movimiento WHERE documento.nro_Doc=1  AND cliente.id_cliente IS NOT  NULL ; select * from cliente_movimientos; select * from documento_movimiento
Save/Update: DELETE LineaFactura WHERE nro_factura=2  AND nro_sucursal=1  AND tipo_factura='A' AND nro_linea=1  
Save/Update: DELETE LineaFactura WHERE nro_factura=2  AND nro_sucursal=1  AND tipo_factura='A' AND nro_linea=2  
Save/Update: DELETE cliente_movimientos where nro_movimiento=4  ; DELETE documento_movimiento where nro_movimiento=4  ; ;DELETE MovimientosCuenta WHERE nro_movimiento=4  
Save/Update: DELETE FROM Factura WHERE nro_Doc =5
Save/Update: delete documento where nro_doc=5</StdOut>
      </Output>
    </UnitTestResult>
    <UnitTestResult executionId="e77a8ce9-34cf-4c9e-8a86-d4968d899182" testId="2c93c645-adc5-bb40-79d7-b39e8ca0fa8c" testName="cargarFamiliasPorIdTest" computerName="DIEGO-PC" duration="00:00:00.0042729" startTime="2012-11-26T18:29:28.1085790-03:00" endTime="2012-11-26T18:29:28.1215798-03:00" testType="13cdc9d9-ddb5-4fa4-a97d-d965ccfc6d4b" outcome="Passed" testListId="8c84fa94-04c1-424b-9868-57a2d4851a1d" relativeResultsDirectory="e77a8ce9-34cf-4c9e-8a86-d4968d899182">
      <Output>
        <StdOut>Save/Update: select * from Familia WHERE  Familia.familiaID=6  ; select * from JoinFamiliaToPatente</StdOut>
      </Output>
    </UnitTestResult>
    <UnitTestResult executionId="905ec0d6-2362-48ef-93d5-d0beb61cd902" testId="2dd0d705-2d7c-e989-e9d2-1892c8b66262" testName="cargarMensajePorUsuariosTest" computerName="DIEGO-PC" duration="00:00:00.0115553" startTime="2012-11-26T18:29:28.1255800-03:00" endTime="2012-11-26T18:29:28.1455811-03:00" testType="13cdc9d9-ddb5-4fa4-a97d-d965ccfc6d4b" outcome="Passed" testListId="8c84fa94-04c1-424b-9868-57a2d4851a1d" relativeResultsDirectory="905ec0d6-2362-48ef-93d5-d0beb61cd902">
      <Output>
        <StdOut>Save/Update: select * from Conversacion WHERE  Conversacion.remitente=1  AND  Conversacion.destinatario=2  ; select * from mensaje WHERE borrado = 0
Save/Update: DELETE Conversacion WHERE id_conversacion=3  
Save/Update: update mensaje set borrado=0</StdOut>
      </Output>
    </UnitTestResult>
    <UnitTestResult executionId="683f02cb-07a1-42e5-83eb-4e0e25bce9f7" testId="2e92c0a7-eb38-f9b0-56bc-708e3a1e95b2" testName="listarProduccionPorEstadoTest" computerName="DIEGO-PC" duration="00:00:00.0156806" startTime="2012-11-26T18:29:28.1485813-03:00" endTime="2012-11-26T18:29:28.1725827-03:00" testType="13cdc9d9-ddb5-4fa4-a97d-d965ccfc6d4b" outcome="Passed" testListId="8c84fa94-04c1-424b-9868-57a2d4851a1d" relativeResultsDirectory="683f02cb-07a1-42e5-83eb-4e0e25bce9f7">
      <Output>
        <StdOut>Save/Update: select * from produccion WHERE  produccion.estadoActual=3  ; select * from historico_estados_produccion WHERE borrado = 0
Save/Update: select * from Pedido WHERE  Pedido.cod_pedido=1  ; select * from produccion WHERE borrado = 0; select * from historico_estados_pedido WHERE borrado = 0
Save/Update: select * from Maquina WHERE  Maquina.cod_maquina=1  ; select * from JoinMaquinaToTipoPrenda
Save/Update: select * from Articulos WHERE  Articulos.cod_articulo=1  ; select * from lista_precios WHERE borrado = 0
Save/Update: select * from EstadoTrabajos WHERE  EstadoTrabajos.cod_estado=3  
Save/Update: select * from historico_estados_produccion WHERE  historico_estados_produccion.cod_produccion=1  
Save/Update: select * from produccion_operador WHERE  produccion_operador.cod_prodcuccion=1  
Save/Update: DELETE produccion_operador WHERE id_operador=2  AND cod_prodcuccion=7  
Save/Update: DELETE historico_estados_produccion WHERE nro_estado=1  AND cod_produccion=7  
Save/Update: DELETE historico_estados_produccion WHERE nro_estado=2  AND cod_produccion=7  
Save/Update: DELETE produccion WHERE cod_produccion=7</StdOut>
      </Output>
    </UnitTestResult>
    <UnitTestResult executionId="13ee953e-ffe2-4ce3-84a3-26cc8efa5ace" testId="2ecef026-d4ff-850b-2022-72b81bdf2047" testName="grabarProduccionTest" computerName="DIEGO-PC" duration="00:00:00.0179088" startTime="2012-11-26T18:29:28.1775830-03:00" endTime="2012-11-26T18:29:28.2055846-03:00" testType="13cdc9d9-ddb5-4fa4-a97d-d965ccfc6d4b" outcome="Passed" testListId="8c84fa94-04c1-424b-9868-57a2d4851a1d" relativeResultsDirectory="13ee953e-ffe2-4ce3-84a3-26cc8efa5ace">
      <Output>
        <StdOut>Save/Update: SELECT  ISNULL(MAX(cod_produccion + 1),1) from produccion
Save/Update: INSERT INTO produccion (cod_produccion, comentario, cod_pedido, cod_maquina, cod_articulo, cantidad, estadoActual, utilizacion, fechaInicio, fechaFinal, borrado) VALUES (7 , 'com test', 3 , 3 , 3 , 10 , 1 , 1,  CAST('09/10/2012 10:00:00.000'  AS DateTime),  CAST('09/10/2012 14:00:00.000'  AS DateTime), 0 ); UPDATE historico_estados_produccion SET borrado=1 WHERE cod_produccion=7  ; 
Save/Update: SELECT  ISNULL(MAX(nro_estado + 1),1) from historico_estados_produccion WHERE cod_produccion=7
Save/Update: INSERT INTO historico_estados_produccion (nro_estado, comentario, cod_produccion, fechaDesde, fechaHasta, estado, borrado) VALUES (1 , 'com test', 7 ,  CAST('26/11/2012 18:29:28.185'  AS DateTime),  NULL , 1 , 0 ); 
Save/Update: select * from produccion WHERE  produccion.cod_produccion=7  ; select * from historico_estados_produccion WHERE borrado = 0
Save/Update: select * from Pedido WHERE  Pedido.cod_pedido=3  ; select * from produccion WHERE borrado = 0; select * from historico_estados_pedido WHERE borrado = 0
Save/Update: select * from Maquina WHERE  Maquina.cod_maquina=3  ; select * from JoinMaquinaToTipoPrenda
Save/Update: select * from Articulos WHERE  Articulos.cod_articulo=3  ; select * from lista_precios WHERE borrado = 0
Save/Update: select * from EstadoTrabajos WHERE  EstadoTrabajos.cod_estado=1  
Save/Update: select * from historico_estados_produccion WHERE  historico_estados_produccion.cod_produccion=7  
Save/Update: select * from produccion_operador WHERE  produccion_operador.cod_prodcuccion=7  
Save/Update: DELETE produccion_operador WHERE id_operador=2  AND cod_prodcuccion=7  
Save/Update: DELETE historico_estados_produccion WHERE nro_estado=1  AND cod_produccion=7  
Save/Update: DELETE historico_estados_produccion WHERE nro_estado=2  AND cod_produccion=7  
Save/Update: DELETE produccion WHERE cod_produccion=7</StdOut>
      </Output>
    </UnitTestResult>
    <UnitTestResult executionId="40a2e09a-2d00-43f2-9c6b-a0725b4f0483" testId="2f3865ce-701f-5035-c928-beb5bf354e66" testName="grabarClienteTest" computerName="DIEGO-PC" duration="00:00:00.1488057" startTime="2012-11-26T18:29:28.2095848-03:00" endTime="2012-11-26T18:29:28.3665938-03:00" testType="13cdc9d9-ddb5-4fa4-a97d-d965ccfc6d4b" outcome="Passed" testListId="8c84fa94-04c1-424b-9868-57a2d4851a1d" relativeResultsDirectory="40a2e09a-2d00-43f2-9c6b-a0725b4f0483">
      <Output>
        <StdOut>Save/Update: SELECT  ISNULL(MAX(usuarioID + 1),1) from Usuario
Save/Update: INSERT INTO Usuario (usuarioID, nombre, apellido, mail, password, telefonoFijo, telefonoMovil, bloqueado) VALUES (6 , 'nombre6', 'apellido6', 'mail6@test.com', '559D55197310', '6666-6666', '6666-6666', 0 ); DELETE JoinUsuarioToFamilia where usuarioID=6  ;  INSERT INTO JoinUsuarioToFamilia ( usuarioID, familiaID) VALUES ( 6 , 5 ); DELETE JoinPatenteToUsuario where usuarioID=6  ;  INSERT INTO JoinPatenteToUsuario ( usuarioID, patenteId) VALUES ( 6 , 3 ); 
Save/Update: SELECT  ISNULL(MAX(id_cliente + 1),1) from Cliente
Save/Update: INSERT INTO Cliente (id_cliente, habitadoTurnos, usuarioID, newsletter) VALUES (3 , 0 , 6 , 1 ); UPDATE Pedido SET borrado=1 WHERE id_cliente=3  ; UPDATE Factura SET borrado=1 WHERE id_cliente=3  ; UPDATE Diseño SET borrado=1 WHERE id_cliente=3  ; 
Save/Update: select * from Cliente WHERE  Cliente.id_cliente=3  ; select * from cliente_movimientos; select * from Pedido WHERE borrado = 0; select * from Factura WHERE borrado = 0; select * from Diseño WHERE borrado = 0
Save/Update: select * from Usuario WHERE  Usuario.usuarioID=6  ; select * from JoinUsuarioToFamilia; select * from JoinPatenteToUsuario
Save/Update: select * from Familia JOIN JoinUsuarioToFamilia AS usuarios ON Familia.familiaID=usuarios.familiaID WHERE usuarios.usuarioID=6  ; select * from JoinFamiliaToPatente
Save/Update: select * from Patente JOIN JoinFamiliaToPatente AS familia ON Patente.patenteId=familia.patenteId WHERE familia.familiaID=5  
Save/Update: select * from Patente JOIN JoinPatenteToUsuario AS usuario ON Patente.patenteId=usuario.patenteId WHERE usuario.usuarioID=6  
Save/Update: select * from Cliente WHERE  Cliente.usuarioID=6  ; select * from cliente_movimientos; select * from Pedido WHERE borrado = 0; select * from Factura WHERE borrado = 0; select * from Diseño WHERE borrado = 0
Save/Update: select * from Diseño WHERE  Diseño.id_cliente=6  ; select * from historico_estados_diseño WHERE borrado = 0
Save/Update: select * from Factura WHERE  Factura.id_cliente=6  ; select * from documento_movimiento; select * from LineaFactura WHERE borrado = 0
Save/Update: select * from Pedido WHERE  Pedido.id_cliente=6  ; select * from produccion WHERE borrado = 0; select * from historico_estados_pedido WHERE borrado = 0
Save/Update: select * from MovimientosCuenta JOIN cliente_movimientos AS cliente ON MovimientosCuenta.nro_movimiento=cliente.nro_movimiento WHERE cliente.id_cliente=6  AND cliente.id_cliente IS NOT  NULL ; select * from cliente_movimientos; select * from documento_movimiento
Save/Update: DELETE cliente_movimientos where id_cliente=3  ; ;DELETE Cliente WHERE id_cliente=3  
Save/Update: DELETE JoinUsuarioToFamilia where usuarioID=6  ; DELETE JoinPatenteToUsuario where usuarioID=6  ; ;DELETE Usuario WHERE usuarioID=6  
Save/Update: UPDATE Usuario SET nombre='nombre1', apellido='apellido1', mail='mail1@test.com', password='11C8', telefonoFijo='1111-1111', telefonoMovil='1111-1111', bloqueado=0  WHERE usuarioID=1  ; DELETE JoinUsuarioToFamilia where usuarioID=1  ; DELETE JoinPatenteToUsuario where usuarioID=1  ; 
Save/Update: UPDATE Cliente SET habitadoTurnos=1 , newsletter=0  WHERE id_cliente=1  ; UPDATE Pedido SET borrado=1 WHERE id_cliente=1  ; UPDATE Factura SET borrado=1 WHERE id_cliente=1  ; UPDATE Diseño SET borrado=1 WHERE id_cliente=1  ; 
Save/Update:  UPDATE factura set borrado = 0 
Save/Update:  UPDATE diseño set borrado = 0 
Save/Update:  UPDATE pedido set borrado = 0 
Save/Update:  Insert into JoinPatenteToUsuario values (1,1)</StdOut>
      </Output>
    </UnitTestResult>
    <UnitTestResult executionId="6b17c9b7-3018-4950-9283-495f2b264c54" testId="2f942134-eb39-049b-9e6e-2f42e91a8a19" testName="borrarMaquinasTest" computerName="DIEGO-PC" duration="00:00:00.0095694" startTime="2012-11-26T18:29:28.3725941-03:00" endTime="2012-11-26T18:29:28.3915952-03:00" testType="13cdc9d9-ddb5-4fa4-a97d-d965ccfc6d4b" outcome="Passed" testListId="8c84fa94-04c1-424b-9868-57a2d4851a1d" relativeResultsDirectory="6b17c9b7-3018-4950-9283-495f2b264c54">
      <Output>
        <StdOut>Save/Update: SELECT  ISNULL(MAX(cod_maquina + 1),1) from Maquina
Save/Update: INSERT INTO Maquina (cod_maquina, altoMargen, anchoMargen, cabezales, nombre, velocidadPromedio, cantidadColores) VALUES (4 , 100 , 200 , 12 , 'nombre nuevo', 1000 , 12 ); DELETE JoinMaquinaToTipoPrenda where cod_maquina=4  ; 
Save/Update: select * from Maquina WHERE  Maquina.cod_maquina=4  ; select * from JoinMaquinaToTipoPrenda
Save/Update: DELETE JoinMaquinaToTipoPrenda where cod_maquina=4  ; ;DELETE Maquina WHERE cod_maquina=4  
Save/Update: select * from Maquina WHERE  Maquina.cod_maquina=4  ; select * from JoinMaquinaToTipoPrenda
Save/Update: DELETE JoinMaquinaToTipoPrenda where cod_maquina=4  ; ;DELETE Maquina WHERE cod_maquina=4</StdOut>
      </Output>
    </UnitTestResult>
    <UnitTestResult executionId="0f59f25b-1c60-497c-ab0f-5c84eeff00f3" testId="2ff4ab24-8ba8-c855-2fbb-5316fd166e9f" testName="listarInsumosPorColorTest" computerName="DIEGO-PC" duration="00:00:00.0089721" startTime="2012-11-26T18:29:28.3955954-03:00" endTime="2012-11-26T18:29:28.4145965-03:00" testType="13cdc9d9-ddb5-4fa4-a97d-d965ccfc6d4b" outcome="Passed" testListId="8c84fa94-04c1-424b-9868-57a2d4851a1d" relativeResultsDirectory="0f59f25b-1c60-497c-ab0f-5c84eeff00f3">
      <Output>
        <StdOut>Save/Update: select * from insumo WHERE  insumo.color=1  
Save/Update: select * from tipoInsumo WHERE  tipoInsumo.tipo_insumo=1  
Save/Update: select * from color WHERE  color.codigo_color=1  
Save/Update: select * from MovimientosStock WHERE  MovimientosStock.cod_insumo=1  
Save/Update: DELETE MovimientosStock WHERE nro_movimiento=1  AND cod_insumo=5  
Save/Update: DELETE MovimientosStock WHERE nro_movimiento=2  AND cod_insumo=5  
Save/Update: DELETE insumo WHERE cod_insumo=5</StdOut>
      </Output>
    </UnitTestResult>
    <UnitTestResult executionId="ec908145-2eb0-4e70-8750-66c4d17ed9b2" testId="3022c4e6-888b-2dda-b879-e60c04b5e600" testName="cargarOrdenConRestriccionesTest" computerName="DIEGO-PC" duration="00:00:00.0136137" startTime="2012-11-26T18:29:28.4215969-03:00" endTime="2012-11-26T18:29:28.4445982-03:00" testType="13cdc9d9-ddb5-4fa4-a97d-d965ccfc6d4b" outcome="Passed" testListId="8c84fa94-04c1-424b-9868-57a2d4851a1d" relativeResultsDirectory="ec908145-2eb0-4e70-8750-66c4d17ed9b2">
      <Output>
        <StdOut>Save/Update: select * from OrdenDeCompra WHERE  OrdenDeCompra.borrado=0  AND  OrdenDeCompra.id_proveedor=1  AND  OrdenDeCompra.fecha= CAST('11/11/2011 00:00:00.000'  AS DateTime) AND  OrdenDeCompra.iva=11 AND  OrdenDeCompra.nro_Doc=3  AND  OrdenDeCompra.nro_orden_compra=1  AND  OrdenDeCompra.nro_sucursal=1  AND  OrdenDeCompra.tipo_orden_compra='A' ; select * from documento_movimiento; select * from LineaOrdenDeCompra WHERE borrado = 0
Save/Update: delete OrdenDeCompra where nro_doc=5
Save/Update: delete documento where nro_doc=5</StdOut>
      </Output>
    </UnitTestResult>
    <UnitTestResult executionId="b6fdd892-0c7f-4979-a8a3-7a29272d5acf" testId="302f391e-539b-a40e-3606-007f4a4a5dfd" testName="cargarLineasFacturaTest" computerName="DIEGO-PC" duration="00:00:00.0052937" startTime="2012-11-26T18:29:28.4505986-03:00" endTime="2012-11-26T18:29:28.4645994-03:00" testType="13cdc9d9-ddb5-4fa4-a97d-d965ccfc6d4b" outcome="Passed" testListId="8c84fa94-04c1-424b-9868-57a2d4851a1d" relativeResultsDirectory="b6fdd892-0c7f-4979-a8a3-7a29272d5acf">
      <Output>
        <StdOut>Save/Update: select * from LineaFactura</StdOut>
      </Output>
    </UnitTestResult>
    <UnitTestResult executionId="e9430ff5-7709-4d52-a300-653b6842a050" testId="3222f04f-3bb8-b915-7622-11e1c846763f" testName="listarProduccionConRestriccionesTest" computerName="DIEGO-PC" duration="00:00:00.0121477" startTime="2012-11-26T18:29:28.4665995-03:00" endTime="2012-11-26T18:29:28.4886007-03:00" testType="13cdc9d9-ddb5-4fa4-a97d-d965ccfc6d4b" outcome="Passed" testListId="8c84fa94-04c1-424b-9868-57a2d4851a1d" relativeResultsDirectory="e9430ff5-7709-4d52-a300-653b6842a050">
      <Output>
        <StdOut>Save/Update: select * from produccion WHERE  produccion.fechaInicio&gt;= CAST('09/10/2012 09:00:00.000'  AS DateTime) AND  produccion.fechaInicio&lt;= CAST('09/10/2012 14:00:00.000'  AS DateTime) AND  produccion.fechaFinal&gt;= CAST('09/10/2012 12:00:00.000'  AS DateTime) AND  produccion.fechaFinal&lt;= CAST('09/10/2012 14:00:00.000'  AS DateTime) ; select * from historico_estados_produccion WHERE borrado = 0
Save/Update: select * from Pedido WHERE  Pedido.cod_pedido=1  ; select * from produccion WHERE borrado = 0; select * from historico_estados_pedido WHERE borrado = 0
Save/Update: select * from Maquina WHERE  Maquina.cod_maquina=1  ; select * from JoinMaquinaToTipoPrenda
Save/Update: select * from Articulos WHERE  Articulos.cod_articulo=1  ; select * from lista_precios WHERE borrado = 0
Save/Update: select * from EstadoTrabajos WHERE  EstadoTrabajos.cod_estado=3  
Save/Update: select * from historico_estados_produccion WHERE  historico_estados_produccion.cod_produccion=1  
Save/Update: select * from produccion_operador WHERE  produccion_operador.cod_prodcuccion=1  
Save/Update: DELETE produccion_operador WHERE id_operador=2  AND cod_prodcuccion=7  
Save/Update: DELETE historico_estados_produccion WHERE nro_estado=1  AND cod_produccion=7  
Save/Update: DELETE historico_estados_produccion WHERE nro_estado=2  AND cod_produccion=7  
Save/Update: DELETE produccion WHERE cod_produccion=7</StdOut>
      </Output>
    </UnitTestResult>
    <UnitTestResult executionId="7a0a42fc-c151-4c5d-a850-e3fc275601da" testId="3323acf7-8dc7-360e-f0a1-c4a2fbb9a91e" testName="listarMensajesTest" computerName="DIEGO-PC" duration="00:00:00.0050224" startTime="2012-11-26T18:29:28.4956012-03:00" endTime="2012-11-26T18:29:28.5106020-03:00" testType="13cdc9d9-ddb5-4fa4-a97d-d965ccfc6d4b" outcome="Passed" testListId="8c84fa94-04c1-424b-9868-57a2d4851a1d" relativeResultsDirectory="7a0a42fc-c151-4c5d-a850-e3fc275601da">
      <Output>
        <StdOut>Save/Update: select * from Mensaje</StdOut>
      </Output>
    </UnitTestResult>
    <UnitTestResult executionId="99fbcef3-b1cd-4705-9aed-f4e309f6a6b6" testId="33cb7b57-1952-56c9-afdf-65517595c4dd" testName="guardarFamiliaTest" computerName="DIEGO-PC" duration="00:00:00.0151105" startTime="2012-11-26T18:29:28.5156023-03:00" endTime="2012-11-26T18:29:28.5386036-03:00" testType="13cdc9d9-ddb5-4fa4-a97d-d965ccfc6d4b" outcome="Passed" testListId="8c84fa94-04c1-424b-9868-57a2d4851a1d" relativeResultsDirectory="99fbcef3-b1cd-4705-9aed-f4e309f6a6b6">
      <Output>
        <StdOut>Save/Update: INSERT INTO Familia (familiaID, descripcion, nombre) VALUES (7 , 'familia test', 'test'); DELETE JoinFamiliaToPatente where familiaID=7  ;  INSERT INTO JoinFamiliaToPatente ( familiaID, patenteId) VALUES ( 7 , 9 ); 
Save/Update: select * from Familia WHERE  Familia.nombre='test' ; select * from JoinFamiliaToPatente
Save/Update: select * from Patente JOIN JoinFamiliaToPatente AS familia ON Patente.patenteId=familia.patenteId WHERE familia.familiaID=7  
Save/Update: DELETE JoinFamiliaToPatente where familiaID=7  ; ;DELETE Familia WHERE familiaID=7</StdOut>
      </Output>
    </UnitTestResult>
    <UnitTestResult executionId="b0b27324-efea-46cb-b8b9-5ed9bf9bbeca" testId="34308cfd-d506-0b0a-6562-a4e0e8e6e9f3" testName="buscarEstadosTest" computerName="DIEGO-PC" duration="00:00:00.0046552" startTime="2012-11-26T18:29:28.5416038-03:00" endTime="2012-11-26T18:29:28.5546045-03:00" testType="13cdc9d9-ddb5-4fa4-a97d-d965ccfc6d4b" outcome="Passed" testListId="8c84fa94-04c1-424b-9868-57a2d4851a1d" relativeResultsDirectory="b0b27324-efea-46cb-b8b9-5ed9bf9bbeca">
      <Output>
        <StdOut>Save/Update: select * from EstadoPedido</StdOut>
      </Output>
    </UnitTestResult>
    <UnitTestResult executionId="2dd21bf8-deb2-4cee-af06-4204d67bb927" testId="353a1d2f-a022-ae0b-e495-9424c7779e0c" testName="listarArticulosTest" computerName="DIEGO-PC" duration="00:00:00.0144791" startTime="2012-11-26T18:29:28.5586048-03:00" endTime="2012-11-26T18:29:28.5816061-03:00" testType="13cdc9d9-ddb5-4fa4-a97d-d965ccfc6d4b" outcome="Passed" testListId="8c84fa94-04c1-424b-9868-57a2d4851a1d" relativeResultsDirectory="2dd21bf8-deb2-4cee-af06-4204d67bb927">
      <Output>
        <StdOut>Save/Update: select * from Articulos WHERE  Articulos.borrado=0  ; select * from lista_precios WHERE borrado = 0
Save/Update: select * from lista_precios WHERE  lista_precios.cod_articulo=1  
Save/Update: select * from TipoPrenda WHERE  TipoPrenda.tipo_prenda=1  
Save/Update: select * from Diseño WHERE  Diseño.cod_diseño=1  ; select * from historico_estados_diseño WHERE borrado = 0
Save/Update: select * from lista_precios WHERE  lista_precios.cod_articulo=2  
Save/Update: select * from TipoPrenda WHERE  TipoPrenda.tipo_prenda=2  
Save/Update: select * from Diseño WHERE  Diseño.cod_diseño=2  ; select * from historico_estados_diseño WHERE borrado = 0
Save/Update: select * from lista_precios WHERE  lista_precios.cod_articulo=3  
Save/Update: select * from TipoPrenda WHERE  TipoPrenda.tipo_prenda=2  
Save/Update: select * from Diseño WHERE  Diseño.cod_diseño=1  ; select * from historico_estados_diseño WHERE borrado = 0
Save/Update: DELETE lista_precios WHERE nro_lista=1  AND cod_articulo=4  
Save/Update: DELETE lista_precios WHERE nro_lista=2  AND cod_articulo=4  
Save/Update: DELETE Articulos WHERE cod_articulo=4</StdOut>
      </Output>
    </UnitTestResult>
    <UnitTestResult executionId="24a93efe-0d6e-4224-8b52-739a03885103" testId="364ee525-fb4e-4236-05f2-99b03bc282b2" testName="borrarUsuarioTest" computerName="DIEGO-PC" duration="00:00:00.0087347" startTime="2012-11-26T18:29:28.5836062-03:00" endTime="2012-11-26T18:29:28.6016072-03:00" testType="13cdc9d9-ddb5-4fa4-a97d-d965ccfc6d4b" outcome="Passed" testListId="8c84fa94-04c1-424b-9868-57a2d4851a1d" relativeResultsDirectory="24a93efe-0d6e-4224-8b52-739a03885103">
      <Output>
        <StdOut>Save/Update: INSERT INTO Cliente (id_cliente, habitadoTurnos, usuarioID, newsletter) VALUES (3 , 0 , 3 , 0 ); UPDATE Pedido SET borrado=1 WHERE id_cliente=3  ; UPDATE Factura SET borrado=1 WHERE id_cliente=3  ; UPDATE Diseño SET borrado=1 WHERE id_cliente=3  ; 
Save/Update: select * from Cliente WHERE  Cliente.id_cliente=3  ; select * from cliente_movimientos; select * from Pedido WHERE borrado = 0; select * from Factura WHERE borrado = 0; select * from Diseño WHERE borrado = 0
Save/Update: DELETE cliente_movimientos where id_cliente=3  ; ;DELETE Cliente WHERE id_cliente=3  
Save/Update: select * from Cliente WHERE  Cliente.id_cliente=3  ; select * from cliente_movimientos; select * from Pedido WHERE borrado = 0; select * from Factura WHERE borrado = 0; select * from Diseño WHERE borrado = 0</StdOut>
      </Output>
    </UnitTestResult>
    <UnitTestResult executionId="46dc8d46-cb7f-4031-b86c-bdab8a40465d" testId="36f9d5ec-47e1-6737-13d6-445eaa622ab8" testName="borrarNewsletterTest" computerName="DIEGO-PC" duration="00:00:00.0346742" startTime="2012-11-26T18:29:28.6056074-03:00" endTime="2012-11-26T18:29:28.6496100-03:00" testType="13cdc9d9-ddb5-4fa4-a97d-d965ccfc6d4b" outcome="Passed" testListId="8c84fa94-04c1-424b-9868-57a2d4851a1d" relativeResultsDirectory="46dc8d46-cb7f-4031-b86c-bdab8a40465d">
      <Output>
        <StdOut>Save/Update: SELECT  ISNULL(MAX(id + 1),1) from newsletter
Save/Update: INSERT INTO newsletter (id, newsletter, nombre, enviado) VALUES (3 , 'html', 'news3', 0 ); 
Save/Update: select * from newsletter WHERE  newsletter.id=3  
Save/Update: DELETE newsletter WHERE id=3  
Save/Update: select * from newsletter WHERE  newsletter.id=3</StdOut>
      </Output>
    </UnitTestResult>
    <UnitTestResult executionId="9c6ec52c-6ea7-4d30-83aa-07546d6938cd" testId="371ae7d4-9804-8eea-7d23-86fbb28eb5e2" testName="calcularTimepoTrabajoTest3" computerName="DIEGO-PC" duration="00:00:00.0206751" startTime="2012-11-26T18:29:28.6506100-03:00" endTime="2012-11-26T18:29:28.6806117-03:00" testType="13cdc9d9-ddb5-4fa4-a97d-d965ccfc6d4b" outcome="Passed" testListId="8c84fa94-04c1-424b-9868-57a2d4851a1d" relativeResultsDirectory="9c6ec52c-6ea7-4d30-83aa-07546d6938cd">
      <Output>
        <StdOut>Save/Update: DELETE produccion_operador WHERE id_operador=2  AND cod_prodcuccion=7  
Save/Update: DELETE historico_estados_produccion WHERE nro_estado=1  AND cod_produccion=7  
Save/Update: DELETE historico_estados_produccion WHERE nro_estado=2  AND cod_produccion=7  
Save/Update: DELETE produccion WHERE cod_produccion=7</StdOut>
      </Output>
    </UnitTestResult>
    <UnitTestResult executionId="520ca5d2-1833-43ea-8ef3-588bd55a7b3b" testId="375be106-944a-05c4-4975-c4a32afdccd6" testName="modificarDiseñoInsumoTest" computerName="DIEGO-PC" duration="00:00:00.0113569" startTime="2012-11-26T18:29:28.6876121-03:00" endTime="2012-11-26T18:29:28.7086133-03:00" testType="13cdc9d9-ddb5-4fa4-a97d-d965ccfc6d4b" outcome="Passed" testListId="8c84fa94-04c1-424b-9868-57a2d4851a1d" relativeResultsDirectory="520ca5d2-1833-43ea-8ef3-588bd55a7b3b">
      <Output>
        <StdOut>Save/Update: INSERT INTO Diseño_insumos (cod_diseño, cod_insumo, cantidad) VALUES (2 , 1 , 5.5); 
Save/Update: select * from Diseño_insumos WHERE  Diseño_insumos.cod_diseño=2  AND  Diseño_insumos.cod_insumo=1  
Save/Update: UPDATE Diseño_insumos SET cantidad=15.5 WHERE cod_diseño=2  AND cod_insumo=1  ; 
Save/Update: select * from Diseño_insumos WHERE  Diseño_insumos.cod_diseño=2  AND  Diseño_insumos.cod_insumo=1  
Save/Update: DELETE Diseño_insumos WHERE cod_diseño=2  AND cod_insumo=1</StdOut>
      </Output>
    </UnitTestResult>
    <UnitTestResult executionId="b2faa849-f573-4b2e-98ce-6eea3d1f0caf" testId="37b5db64-970d-c293-40fd-5d0b9fe33e03" testName="listarFacturaPorMovimientoTest" computerName="DIEGO-PC" duration="00:00:00.0168088" startTime="2012-11-26T18:29:28.7166138-03:00" endTime="2012-11-26T18:29:28.7456155-03:00" testType="13cdc9d9-ddb5-4fa4-a97d-d965ccfc6d4b" outcome="Passed" testListId="8c84fa94-04c1-424b-9868-57a2d4851a1d" relativeResultsDirectory="b2faa849-f573-4b2e-98ce-6eea3d1f0caf">
      <Output>
        <StdOut>Save/Update: select * from Factura WHERE  Factura.nro_Doc=1  ; select * from documento_movimiento; select * from LineaFactura WHERE borrado = 0
Save/Update: select * from LineaFactura WHERE  LineaFactura.nro_factura=1  AND  LineaFactura.tipo_factura='A' AND  LineaFactura.nro_sucursal=1  
Save/Update: select * from Articulos WHERE  Articulos.cod_articulo=1  ; select * from lista_precios WHERE borrado = 0
Save/Update: select * from Articulos WHERE  Articulos.cod_articulo=2  ; select * from lista_precios WHERE borrado = 0
Save/Update: select * from Cliente WHERE  Cliente.id_cliente=1  ; select * from cliente_movimientos; select * from Pedido WHERE borrado = 0; select * from Factura WHERE borrado = 0; select * from Diseño WHERE borrado = 0
Save/Update: select * from Usuario WHERE  Usuario.usuarioID=1  ; select * from JoinUsuarioToFamilia; select * from JoinPatenteToUsuario
Save/Update: select * from MovimientosCuenta JOIN documento_movimiento AS documento ON MovimientosCuenta.nro_movimiento=documento.nro_movimiento JOIN cliente_movimientos AS cliente ON MovimientosCuenta.nro_movimiento=cliente.nro_movimiento WHERE documento.nro_Doc=1  AND cliente.id_cliente IS NOT  NULL ; select * from cliente_movimientos; select * from documento_movimiento
Save/Update: DELETE LineaFactura WHERE nro_factura=2  AND nro_sucursal=1  AND tipo_factura='A' AND nro_linea=1  
Save/Update: DELETE LineaFactura WHERE nro_factura=2  AND nro_sucursal=1  AND tipo_factura='A' AND nro_linea=2  
Save/Update: DELETE cliente_movimientos where nro_movimiento=4  ; DELETE documento_movimiento where nro_movimiento=4  ; ;DELETE MovimientosCuenta WHERE nro_movimiento=4  
Save/Update: DELETE FROM Factura WHERE nro_Doc =5
Save/Update: delete documento where nro_doc=5</StdOut>
      </Output>
    </UnitTestResult>
    <UnitTestResult executionId="d135e1e1-47de-4735-8ed7-fc737f5aaa37" testId="37eb03dd-b0ba-1d1a-150c-82804e7b16da" testName="listarProduccionPorEstadoTest" computerName="DIEGO-PC" duration="00:00:00.0161924" startTime="2012-11-26T18:29:28.7526159-03:00" endTime="2012-11-26T18:29:28.7796174-03:00" testType="13cdc9d9-ddb5-4fa4-a97d-d965ccfc6d4b" outcome="Passed" testListId="8c84fa94-04c1-424b-9868-57a2d4851a1d" relativeResultsDirectory="d135e1e1-47de-4735-8ed7-fc737f5aaa37">
      <Output>
        <StdOut>Save/Update: select * from produccion WHERE  produccion.estadoActual=3  ; select * from historico_estados_produccion WHERE borrado = 0
Save/Update: select * from Pedido WHERE  Pedido.cod_pedido=1  ; select * from produccion WHERE borrado = 0; select * from historico_estados_pedido WHERE borrado = 0
Save/Update: select * from Maquina WHERE  Maquina.cod_maquina=1  ; select * from JoinMaquinaToTipoPrenda
Save/Update: select * from Articulos WHERE  Articulos.cod_articulo=1  ; select * from lista_precios WHERE borrado = 0
Save/Update: select * from EstadoTrabajos WHERE  EstadoTrabajos.cod_estado=3  
Save/Update: select * from historico_estados_produccion WHERE  historico_estados_produccion.cod_produccion=1  
Save/Update: select * from produccion_operador WHERE  produccion_operador.cod_prodcuccion=1  
Save/Update: DELETE produccion_operador WHERE id_operador=2  AND cod_prodcuccion=7  
Save/Update: DELETE historico_estados_produccion WHERE nro_estado=1  AND cod_produccion=7  
Save/Update: DELETE historico_estados_produccion WHERE nro_estado=2  AND cod_produccion=7  
Save/Update: DELETE produccion WHERE cod_produccion=7</StdOut>
      </Output>
    </UnitTestResult>
    <UnitTestResult executionId="665dc988-e0cb-48d2-b14c-4ee721d4ee6e" testId="3814ca38-0b83-b334-0d16-36809809c612" testName="grabarDiseñoInsumoTest" computerName="DIEGO-PC" duration="00:00:00.1378514" startTime="2012-11-26T18:29:28.7846177-03:00" endTime="2012-11-26T18:29:28.9346263-03:00" testType="13cdc9d9-ddb5-4fa4-a97d-d965ccfc6d4b" outcome="Passed" testListId="8c84fa94-04c1-424b-9868-57a2d4851a1d" relativeResultsDirectory="665dc988-e0cb-48d2-b14c-4ee721d4ee6e">
      <Output>
        <StdOut>Save/Update: INSERT INTO Diseño_insumos (cod_diseño, cod_insumo, cantidad) VALUES (2 , 1 , 5.5); 
Save/Update: select * from Diseño_insumos WHERE  Diseño_insumos.cod_diseño=2  AND  Diseño_insumos.cod_insumo=1  
Save/Update: DELETE Diseño_insumos WHERE cod_diseño=2  AND cod_insumo=1</StdOut>
      </Output>
    </UnitTestResult>
    <UnitTestResult executionId="97f1e71d-7a2f-460d-9c89-1576352b0f2b" testId="390965ee-b707-eb4d-f805-7a307d4ab7fa" testName="buscarEstadosPorIdTest" computerName="DIEGO-PC" duration="00:00:00.0028350" startTime="2012-11-26T18:29:28.9436268-03:00" endTime="2012-11-26T18:29:28.9546274-03:00" testType="13cdc9d9-ddb5-4fa4-a97d-d965ccfc6d4b" outcome="Passed" testListId="8c84fa94-04c1-424b-9868-57a2d4851a1d" relativeResultsDirectory="97f1e71d-7a2f-460d-9c89-1576352b0f2b">
      <Output>
        <StdOut>Save/Update: select * from EstadoPedido WHERE  EstadoPedido.estado_pedido=1</StdOut>
      </Output>
    </UnitTestResult>
    <UnitTestResult executionId="5d55a790-2916-4507-8daa-a5e09522ed0d" testId="399698d6-d910-1ab1-d972-fb6aa80639ce" testName="listarProduccionPorMaquinaTest" computerName="DIEGO-PC" duration="00:00:00.0228593" startTime="2012-11-26T18:29:28.9586276-03:00" endTime="2012-11-26T18:29:28.9896294-03:00" testType="13cdc9d9-ddb5-4fa4-a97d-d965ccfc6d4b" outcome="Passed" testListId="8c84fa94-04c1-424b-9868-57a2d4851a1d" relativeResultsDirectory="5d55a790-2916-4507-8daa-a5e09522ed0d">
      <Output>
        <StdOut>Save/Update: select * from produccion WHERE  produccion.cod_maquina=1  ; select * from historico_estados_produccion WHERE borrado = 0
Save/Update: select * from Pedido WHERE  Pedido.cod_pedido=1  ; select * from produccion WHERE borrado = 0; select * from historico_estados_pedido WHERE borrado = 0
Save/Update: select * from Maquina WHERE  Maquina.cod_maquina=1  ; select * from JoinMaquinaToTipoPrenda
Save/Update: select * from Articulos WHERE  Articulos.cod_articulo=1  ; select * from lista_precios WHERE borrado = 0
Save/Update: select * from EstadoTrabajos WHERE  EstadoTrabajos.cod_estado=3  
Save/Update: select * from historico_estados_produccion WHERE  historico_estados_produccion.cod_produccion=1  
Save/Update: select * from produccion_operador WHERE  produccion_operador.cod_prodcuccion=1  
Save/Update: select * from Pedido WHERE  Pedido.cod_pedido=1  ; select * from produccion WHERE borrado = 0; select * from historico_estados_pedido WHERE borrado = 0
Save/Update: select * from Maquina WHERE  Maquina.cod_maquina=1  ; select * from JoinMaquinaToTipoPrenda
Save/Update: select * from Articulos WHERE  Articulos.cod_articulo=2  ; select * from lista_precios WHERE borrado = 0
Save/Update: select * from EstadoTrabajos WHERE  EstadoTrabajos.cod_estado=2  
Save/Update: select * from historico_estados_produccion WHERE  historico_estados_produccion.cod_produccion=2  
Save/Update: select * from produccion_operador WHERE  produccion_operador.cod_prodcuccion=2  
Save/Update: select * from Pedido WHERE  Pedido.cod_pedido=2  ; select * from produccion WHERE borrado = 0; select * from historico_estados_pedido WHERE borrado = 0
Save/Update: select * from Maquina WHERE  Maquina.cod_maquina=1  ; select * from JoinMaquinaToTipoPrenda
Save/Update: select * from Articulos WHERE  Articulos.cod_articulo=6  ; select * from lista_precios WHERE borrado = 0
Save/Update: select * from EstadoTrabajos WHERE  EstadoTrabajos.cod_estado=0  
Save/Update: select * from historico_estados_produccion WHERE  historico_estados_produccion.cod_produccion=5  
Save/Update: select * from produccion_operador WHERE  produccion_operador.cod_prodcuccion=5  
Save/Update: DELETE produccion_operador WHERE id_operador=2  AND cod_prodcuccion=7  
Save/Update: DELETE historico_estados_produccion WHERE nro_estado=1  AND cod_produccion=7  
Save/Update: DELETE historico_estados_produccion WHERE nro_estado=2  AND cod_produccion=7  
Save/Update: DELETE produccion WHERE cod_produccion=7</StdOut>
      </Output>
    </UnitTestResult>
    <UnitTestResult executionId="c5d22eac-410e-439b-ae78-b31f9dd97bc8" testId="39eb9513-2b02-9bb1-bfd3-cd5a5b8ce938" testName="listarOrdenDeComprasPorIdTest" computerName="DIEGO-PC" duration="00:00:00.0107157" startTime="2012-11-26T18:29:28.9936296-03:00" endTime="2012-11-26T18:29:29.0126307-03:00" testType="13cdc9d9-ddb5-4fa4-a97d-d965ccfc6d4b" outcome="Passed" testListId="8c84fa94-04c1-424b-9868-57a2d4851a1d" relativeResultsDirectory="c5d22eac-410e-439b-ae78-b31f9dd97bc8">
      <Output>
        <StdOut>Save/Update: select * from OrdenDeCompra WHERE  OrdenDeCompra.nro_orden_compra=1  AND  OrdenDeCompra.nro_sucursal=1  AND  OrdenDeCompra.tipo_orden_compra='A' ; select * from documento_movimiento; select * from LineaOrdenDeCompra WHERE borrado = 0
Save/Update: select * from LineaOrdenDeCompra WHERE  LineaOrdenDeCompra.nro_orden_compra=1  AND  LineaOrdenDeCompra.tipo_orden_compra='A' AND  LineaOrdenDeCompra.nro_sucursal=1  
Save/Update: select * from insumo WHERE  insumo.cod_insumo=1  
Save/Update: select * from insumo WHERE  insumo.cod_insumo=2  
Save/Update: select * from Proveedor WHERE  Proveedor.id_proveedor=1  
Save/Update: select * from MovimientosCuenta JOIN documento_movimiento AS documento ON MovimientosCuenta.nro_movimiento=documento.nro_movimiento JOIN proveedor_movimientos AS proveedor ON MovimientosCuenta.nro_movimiento=proveedor.nro_movimiento WHERE documento.nro_Doc=3  AND proveedor.id_proveedor IS NOT  NULL ; select * from proveedor_movimientos; select * from documento_movimiento
Save/Update: DELETE LineaOrdenDeCompra WHERE nro_orden_compra=2  AND nro_sucursal=1  AND tipo_orden_compra='A' AND nro_linea=1  
Save/Update: DELETE LineaOrdenDeCompra WHERE nro_orden_compra=2  AND nro_sucursal=1  AND tipo_orden_compra='A' AND nro_linea=2  
Save/Update: DELETE proveedor_movimientos where nro_movimiento=4  ; DELETE documento_movimiento where nro_movimiento=4  ; ;DELETE MovimientosCuenta WHERE nro_movimiento=4  
Save/Update: DELETE FROM OrdenDeCompra WHERE nro_Doc =5
Save/Update: delete documento where nro_doc=5</StdOut>
      </Output>
    </UnitTestResult>
    <UnitTestResult executionId="4bdc9fb4-658a-4fb2-aeda-f085db14e53e" testId="3a69785d-69f1-1ae3-6647-f1fbd5f0c79c" testName="calcularPosiblesFechasTest2" computerName="DIEGO-PC" duration="00:00:00.0819042" startTime="2012-11-26T18:29:29.0156309-03:00" endTime="2012-11-26T18:29:29.1066361-03:00" testType="13cdc9d9-ddb5-4fa4-a97d-d965ccfc6d4b" outcome="Passed" testListId="8c84fa94-04c1-424b-9868-57a2d4851a1d" relativeResultsDirectory="4bdc9fb4-658a-4fb2-aeda-f085db14e53e">
      <Output>
        <StdOut>Save/Update: select * from Articulos WHERE  Articulos.cod_articulo=1  ; select * from lista_precios WHERE borrado = 0
Save/Update: select * from lista_precios WHERE  lista_precios.cod_articulo=1  
Save/Update: select * from TipoPrenda WHERE  TipoPrenda.tipo_prenda=1  
Save/Update: select * from Diseño WHERE  Diseño.cod_diseño=1  ; select * from historico_estados_diseño WHERE borrado = 0
Save/Update: select * from Maquina JOIN JoinMaquinaToTipoPrenda AS tiposPrenda ON Maquina.cod_maquina=tiposPrenda.cod_maquina WHERE  Maquina.altoMargen&gt;=11  AND  Maquina.anchoMargen&gt;=11  AND  Maquina.cabezales&gt;=1  AND  Maquina.cantidadColores&gt;=0  AND tiposPrenda.tipo_prenda=1  ; select * from JoinMaquinaToTipoPrenda
Save/Update: select * from TipoPrenda WHERE  TipoPrenda.tipo_prenda=1  
Save/Update: select * from TipoPrenda WHERE  TipoPrenda.tipo_prenda=2  
Save/Update: select * from TipoPrenda WHERE  TipoPrenda.tipo_prenda=3  
Save/Update: select * from TipoPrenda WHERE  TipoPrenda.tipo_prenda=1  
Save/Update: select * from TipoPrenda WHERE  TipoPrenda.tipo_prenda=2  
Save/Update: select * from TipoPrenda WHERE  TipoPrenda.tipo_prenda=3  
Save/Update: select * from TipoPrenda WHERE  TipoPrenda.tipo_prenda=1  
Save/Update: select * from TipoPrenda WHERE  TipoPrenda.tipo_prenda=2  
Save/Update: select * from TipoPrenda WHERE  TipoPrenda.tipo_prenda=3  
Save/Update: select * from produccion WHERE  produccion.cod_maquina=1  AND  produccion.fechaFinal&gt;= CAST('09/10/2012 11:00:00.000'  AS DateTime) ; select * from historico_estados_produccion WHERE borrado = 0
Save/Update: select * from Pedido WHERE  Pedido.cod_pedido=1  ; select * from produccion WHERE borrado = 0; select * from historico_estados_pedido WHERE borrado = 0
Save/Update: select * from Maquina WHERE  Maquina.cod_maquina=1  ; select * from JoinMaquinaToTipoPrenda
Save/Update: select * from Articulos WHERE  Articulos.cod_articulo=1  ; select * from lista_precios WHERE borrado = 0
Save/Update: select * from EstadoTrabajos WHERE  EstadoTrabajos.cod_estado=3  
Save/Update: select * from historico_estados_produccion WHERE  historico_estados_produccion.cod_produccion=1  
Save/Update: select * from produccion_operador WHERE  produccion_operador.cod_prodcuccion=1  
Save/Update: select * from Pedido WHERE  Pedido.cod_pedido=1  ; select * from produccion WHERE borrado = 0; select * from historico_estados_pedido WHERE borrado = 0
Save/Update: select * from Maquina WHERE  Maquina.cod_maquina=1  ; select * from JoinMaquinaToTipoPrenda
Save/Update: select * from Articulos WHERE  Articulos.cod_articulo=2  ; select * from lista_precios WHERE borrado = 0
Save/Update: select * from EstadoTrabajos WHERE  EstadoTrabajos.cod_estado=2  
Save/Update: select * from historico_estados_produccion WHERE  historico_estados_produccion.cod_produccion=2  
Save/Update: select * from produccion_operador WHERE  produccion_operador.cod_prodcuccion=2  
Save/Update: select * from Pedido WHERE  Pedido.cod_pedido=2  ; select * from produccion WHERE borrado = 0; select * from historico_estados_pedido WHERE borrado = 0
Save/Update: select * from Maquina WHERE  Maquina.cod_maquina=1  ; select * from JoinMaquinaToTipoPrenda
Save/Update: select * from Articulos WHERE  Articulos.cod_articulo=6  ; select * from lista_precios WHERE borrado = 0
Save/Update: select * from EstadoTrabajos WHERE  EstadoTrabajos.cod_estado=0  
Save/Update: select * from historico_estados_produccion WHERE  historico_estados_produccion.cod_produccion=5  
Save/Update: select * from produccion_operador WHERE  produccion_operador.cod_prodcuccion=5  
Save/Update: select * from produccion WHERE  produccion.cod_maquina=1  AND  produccion.fechaInicio&gt;= CAST('09/10/2012 14:00:00.000'  AS DateTime) ; select * from historico_estados_produccion WHERE borrado = 0
Save/Update: select * from Pedido WHERE  Pedido.cod_pedido=1  ; select * from produccion WHERE borrado = 0; select * from historico_estados_pedido WHERE borrado = 0
Save/Update: select * from Maquina WHERE  Maquina.cod_maquina=1  ; select * from JoinMaquinaToTipoPrenda
Save/Update: select * from Articulos WHERE  Articulos.cod_articulo=2  ; select * from lista_precios WHERE borrado = 0
Save/Update: select * from EstadoTrabajos WHERE  EstadoTrabajos.cod_estado=2  
Save/Update: select * from historico_estados_produccion WHERE  historico_estados_produccion.cod_produccion=2  
Save/Update: select * from produccion_operador WHERE  produccion_operador.cod_prodcuccion=2  
Save/Update: select * from Pedido WHERE  Pedido.cod_pedido=2  ; select * from produccion WHERE borrado = 0; select * from historico_estados_pedido WHERE borrado = 0
Save/Update: select * from Maquina WHERE  Maquina.cod_maquina=1  ; select * from JoinMaquinaToTipoPrenda
Save/Update: select * from Articulos WHERE  Articulos.cod_articulo=6  ; select * from lista_precios WHERE borrado = 0
Save/Update: select * from EstadoTrabajos WHERE  EstadoTrabajos.cod_estado=0  
Save/Update: select * from historico_estados_produccion WHERE  historico_estados_produccion.cod_produccion=5  
Save/Update: select * from produccion_operador WHERE  produccion_operador.cod_prodcuccion=5  
Save/Update: select * from produccion WHERE  produccion.cod_maquina=1  AND  produccion.fechaInicio&gt;= CAST('10/10/2012 12:00:00.000'  AS DateTime) ; select * from historico_estados_produccion WHERE borrado = 0
Save/Update: select * from Pedido WHERE  Pedido.cod_pedido=2  ; select * from produccion WHERE borrado = 0; select * from historico_estados_pedido WHERE borrado = 0
Save/Update: select * from Maquina WHERE  Maquina.cod_maquina=1  ; select * from JoinMaquinaToTipoPrenda
Save/Update: select * from Articulos WHERE  Articulos.cod_articulo=6  ; select * from lista_precios WHERE borrado = 0
Save/Update: select * from EstadoTrabajos WHERE  EstadoTrabajos.cod_estado=0  
Save/Update: select * from historico_estados_produccion WHERE  historico_estados_produccion.cod_produccion=5  
Save/Update: select * from produccion_operador WHERE  produccion_operador.cod_prodcuccion=5  
Save/Update: select * from produccion WHERE  produccion.cod_maquina=1  AND  produccion.fechaInicio&gt;= CAST('10/10/2012 16:00:00.000'  AS DateTime) ; select * from historico_estados_produccion WHERE borrado = 0
Save/Update: select * from produccion WHERE  produccion.cod_maquina=2  AND  produccion.fechaFinal&gt;= CAST('09/10/2012 11:00:00.000'  AS DateTime) ; select * from historico_estados_produccion WHERE borrado = 0
Save/Update: select * from Pedido WHERE  Pedido.cod_pedido=1  ; select * from produccion WHERE borrado = 0; select * from historico_estados_pedido WHERE borrado = 0
Save/Update: select * from Maquina WHERE  Maquina.cod_maquina=2  ; select * from JoinMaquinaToTipoPrenda
Save/Update: select * from Articulos WHERE  Articulos.cod_articulo=3  ; select * from lista_precios WHERE borrado = 0
Save/Update: select * from EstadoTrabajos WHERE  EstadoTrabajos.cod_estado=0  
Save/Update: select * from historico_estados_produccion WHERE  historico_estados_produccion.cod_produccion=3  
Save/Update: select * from produccion_operador WHERE  produccion_operador.cod_prodcuccion=3  
Save/Update: select * from produccion WHERE  produccion.cod_maquina=2  AND  produccion.fechaInicio&gt;= CAST('12/10/2012 18:00:00.000'  AS DateTime) ; select * from historico_estados_produccion WHERE borrado = 0
Save/Update: select * from produccion WHERE  produccion.cod_maquina=3  AND  produccion.fechaFinal&gt;= CAST('09/10/2012 11:00:00.000'  AS DateTime) ; select * from historico_estados_produccion WHERE borrado = 0
Save/Update: select * from Pedido WHERE  Pedido.cod_pedido=2  ; select * from produccion WHERE borrado = 0; select * from historico_estados_pedido WHERE borrado = 0
Save/Update: select * from Maquina WHERE  Maquina.cod_maquina=3  ; select * from JoinMaquinaToTipoPrenda
Save/Update: select * from Articulos WHERE  Articulos.cod_articulo=5  ; select * from lista_precios WHERE borrado = 0
Save/Update: select * from EstadoTrabajos WHERE  EstadoTrabajos.cod_estado=0  
Save/Update: select * from historico_estados_produccion WHERE  historico_estados_produccion.cod_produccion=4  
Save/Update: select * from produccion_operador WHERE  produccion_operador.cod_prodcuccion=4  
Save/Update: select * from Pedido WHERE  Pedido.cod_pedido=3  ; select * from produccion WHERE borrado = 0; select * from historico_estados_pedido WHERE borrado = 0
Save/Update: select * from Maquina WHERE  Maquina.cod_maquina=3  ; select * from JoinMaquinaToTipoPrenda
Save/Update: select * from Articulos WHERE  Articulos.cod_articulo=2  ; select * from lista_precios WHERE borrado = 0
Save/Update: select * from EstadoTrabajos WHERE  EstadoTrabajos.cod_estado=0  
Save/Update: select * from historico_estados_produccion WHERE  historico_estados_produccion.cod_produccion=6  
Save/Update: select * from produccion_operador WHERE  produccion_operador.cod_prodcuccion=6  
Save/Update: select * from produccion WHERE  produccion.cod_maquina=3  AND  produccion.fechaInicio&gt;= CAST('12/10/2012 13:00:00.000'  AS DateTime) ; select * from historico_estados_produccion WHERE borrado = 0
Save/Update: select * from Pedido WHERE  Pedido.cod_pedido=3  ; select * from produccion WHERE borrado = 0; select * from historico_estados_pedido WHERE borrado = 0
Save/Update: select * from Maquina WHERE  Maquina.cod_maquina=3  ; select * from JoinMaquinaToTipoPrenda
Save/Update: select * from Articulos WHERE  Articulos.cod_articulo=2  ; select * from lista_precios WHERE borrado = 0
Save/Update: select * from EstadoTrabajos WHERE  EstadoTrabajos.cod_estado=0  
Save/Update: select * from historico_estados_produccion WHERE  historico_estados_produccion.cod_produccion=6  
Save/Update: select * from produccion_operador WHERE  produccion_operador.cod_prodcuccion=6  
Save/Update: select * from produccion WHERE  produccion.cod_maquina=3  AND  produccion.fechaInicio&gt;= CAST('15/10/2012 18:00:00.000'  AS DateTime) ; select * from historico_estados_produccion WHERE borrado = 0
Save/Update: DELETE produccion_operador WHERE id_operador=2  AND cod_prodcuccion=7  
Save/Update: DELETE historico_estados_produccion WHERE nro_estado=1  AND cod_produccion=7  
Save/Update: DELETE historico_estados_produccion WHERE nro_estado=2  AND cod_produccion=7  
Save/Update: DELETE produccion WHERE cod_produccion=7</StdOut>
      </Output>
    </UnitTestResult>
    <UnitTestResult executionId="d0b05b6b-1445-4421-81c2-b86856f100d2" testId="3b15fca6-ba42-6ea6-b114-894cdb11cb16" testName="cargarListaPrecioConRestriccionesTest" computerName="DIEGO-PC" duration="00:00:00.0037829" startTime="2012-11-26T18:29:29.1106363-03:00" endTime="2012-11-26T18:29:29.1246371-03:00" testType="13cdc9d9-ddb5-4fa4-a97d-d965ccfc6d4b" outcome="Passed" testListId="8c84fa94-04c1-424b-9868-57a2d4851a1d" relativeResultsDirectory="d0b05b6b-1445-4421-81c2-b86856f100d2">
      <Output>
        <StdOut>Save/Update: select * from lista_precios WHERE  lista_precios.borrado=0  AND  lista_precios.cod_articulo=1  
Save/Update: DELETE lista_precios WHERE nro_lista=3  AND cod_articulo=1</StdOut>
      </Output>
    </UnitTestResult>
    <UnitTestResult executionId="820386c5-6b1a-471f-a4a4-9101feb02dc8" testId="3bb3d861-97d5-17ed-e4db-8593f01e3068" testName="listarInsumosPorTipoTest" computerName="DIEGO-PC" duration="00:00:00.0098810" startTime="2012-11-26T18:29:29.1266372-03:00" endTime="2012-11-26T18:29:29.1456383-03:00" testType="13cdc9d9-ddb5-4fa4-a97d-d965ccfc6d4b" outcome="Passed" testListId="8c84fa94-04c1-424b-9868-57a2d4851a1d" relativeResultsDirectory="820386c5-6b1a-471f-a4a4-9101feb02dc8">
      <Output>
        <StdOut>Save/Update: select * from insumo WHERE  insumo.id_tipo_insumo=1  
Save/Update: select * from tipoInsumo WHERE  tipoInsumo.tipo_insumo=1  
Save/Update: select * from color WHERE  color.codigo_color=1  
Save/Update: select * from MovimientosStock WHERE  MovimientosStock.cod_insumo=1  
Save/Update: select * from tipoInsumo WHERE  tipoInsumo.tipo_insumo=1  
Save/Update: select * from color WHERE  color.codigo_color=2  
Save/Update: select * from MovimientosStock WHERE  MovimientosStock.cod_insumo=2  
Save/Update: select * from tipoInsumo WHERE  tipoInsumo.tipo_insumo=1  
Save/Update: select * from color WHERE  color.codigo_color=3  
Save/Update: select * from MovimientosStock WHERE  MovimientosStock.cod_insumo=3  
Save/Update: select * from tipoInsumo WHERE  tipoInsumo.tipo_insumo=1  
Save/Update: select * from color WHERE  color.codigo_color=4  
Save/Update: select * from MovimientosStock WHERE  MovimientosStock.cod_insumo=4  
Save/Update: DELETE MovimientosStock WHERE nro_movimiento=1  AND cod_insumo=5  
Save/Update: DELETE MovimientosStock WHERE nro_movimiento=2  AND cod_insumo=5  
Save/Update: DELETE insumo WHERE cod_insumo=5</StdOut>
      </Output>
    </UnitTestResult>
    <UnitTestResult executionId="c8557be7-66e7-429b-8658-17d41395dbf6" testId="3c12ed63-05b7-6919-12b1-8653c094ff5f" testName="buscarPrendasPorDescripcionTest" computerName="DIEGO-PC" duration="00:00:00.0047027" startTime="2012-11-26T18:29:29.1496386-03:00" endTime="2012-11-26T18:29:29.1626393-03:00" testType="13cdc9d9-ddb5-4fa4-a97d-d965ccfc6d4b" outcome="Passed" testListId="8c84fa94-04c1-424b-9868-57a2d4851a1d" relativeResultsDirectory="c8557be7-66e7-429b-8658-17d41395dbf6">
      <Output>
        <StdOut>Save/Update: select * from TipoPrenda WHERE  TipoPrenda.descripcion='Bolsillo'</StdOut>
      </Output>
    </UnitTestResult>
    <UnitTestResult executionId="4cfc1785-3abc-42e7-bde7-a3047f1e1d66" testId="3cd1a5b2-2061-12b0-4cbc-6da8d643a9e8" testName="actualizarMovimientoTest" computerName="DIEGO-PC" duration="00:00:00.0302821" startTime="2012-11-26T18:29:29.1646394-03:00" endTime="2012-11-26T18:29:29.2036416-03:00" testType="13cdc9d9-ddb5-4fa4-a97d-d965ccfc6d4b" outcome="Passed" testListId="8c84fa94-04c1-424b-9868-57a2d4851a1d" relativeResultsDirectory="4cfc1785-3abc-42e7-bde7-a3047f1e1d66">
      <Output>
        <StdOut>Save/Update: SELECT  ISNULL(MAX(nro_movimiento + 1),1) from MovimientosCuenta
Save/Update: INSERT INTO MovimientosCuenta (nro_movimiento, comentario, fecha, monto, cuentaID, tipoMovimientoID) VALUES (4 , 'com4',  CAST('26/11/2012 18:29:29.171'  AS DateTime), 33.3, 1 , 2 ); DELETE proveedor_movimientos where nro_movimiento=4  ;  INSERT INTO proveedor_movimientos ( nro_movimiento, id_proveedor) VALUES ( 4 , 3 ); DELETE documento_movimiento where nro_movimiento=4  ; 
Save/Update: select * from MovimientosCuenta JOIN proveedor_movimientos AS proveedor ON MovimientosCuenta.nro_movimiento=proveedor.nro_movimiento WHERE  MovimientosCuenta.nro_movimiento=4  AND proveedor.id_proveedor IS NOT  NULL ; select * from proveedor_movimientos; select * from documento_movimiento
Save/Update: select * from Proveedor WHERE  Proveedor.id_proveedor=3  
Save/Update: select * from OrdenDeCompra WHERE  OrdenDeCompra.id_proveedor=3  ; select * from documento_movimiento; select * from LineaOrdenDeCompra WHERE borrado = 0
Save/Update: select * from tipoMovimiento WHERE  tipoMovimiento.tipoMovimientoID=2  
Save/Update: select * from Cuenta WHERE  Cuenta.cuentaID=1  
Save/Update: UPDATE MovimientosCuenta SET comentario='com4', fecha= CAST('26/11/2012 18:29:29.170'  AS DateTime), monto=33.3, cuentaID=1 , tipoMovimientoID=2  WHERE nro_movimiento=4  ; DELETE proveedor_movimientos where nro_movimiento=4  ;  INSERT INTO proveedor_movimientos ( nro_movimiento, id_proveedor) VALUES ( 4 , 1 ); DELETE documento_movimiento where nro_movimiento=4  ; 
Save/Update: select * from MovimientosCuenta JOIN proveedor_movimientos AS proveedor ON MovimientosCuenta.nro_movimiento=proveedor.nro_movimiento WHERE  MovimientosCuenta.nro_movimiento=4  AND proveedor.id_proveedor IS NOT  NULL ; select * from proveedor_movimientos; select * from documento_movimiento
Save/Update: select * from Proveedor WHERE  Proveedor.id_proveedor=1  
Save/Update: select * from OrdenDeCompra WHERE  OrdenDeCompra.id_proveedor=1  ; select * from documento_movimiento; select * from LineaOrdenDeCompra WHERE borrado = 0
Save/Update: select * from tipoMovimiento WHERE  tipoMovimiento.tipoMovimientoID=2  
Save/Update: select * from Cuenta WHERE  Cuenta.cuentaID=1  
Save/Update: DELETE proveedor_movimientos where nro_movimiento=4  ; DELETE documento_movimiento where nro_movimiento=4  ; ;DELETE MovimientosCuenta WHERE nro_movimiento=4</StdOut>
      </Output>
    </UnitTestResult>
    <UnitTestResult executionId="83687870-4e7f-40b7-a7a1-201e3ee3f103" testId="3d34ce3d-2c19-4b40-f3e1-1e5a5ee88a27" testName="modificarLineaTest" computerName="DIEGO-PC" duration="00:00:00.0214314" startTime="2012-11-26T18:29:29.2106420-03:00" endTime="2012-11-26T18:29:29.2426439-03:00" testType="13cdc9d9-ddb5-4fa4-a97d-d965ccfc6d4b" outcome="Passed" testListId="8c84fa94-04c1-424b-9868-57a2d4851a1d" relativeResultsDirectory="83687870-4e7f-40b7-a7a1-201e3ee3f103">
      <Output>
        <StdOut>Save/Update: SELECT  ISNULL(MAX(nro_linea + 1),1) from LineaFactura WHERE nro_factura=1 AND nro_sucursal=1 AND tipo_factura='A'
Save/Update: INSERT INTO LineaFactura (nro_factura, nro_sucursal, tipo_factura, nro_linea, cod_producto, cantidad, precio, borrado) VALUES (1 , 1 , 'A', 3 , 3 , 33 , 33.3, 0 ); 
Save/Update: select * from LineaFactura WHERE  LineaFactura.nro_factura=1  AND  LineaFactura.nro_linea=3  AND  LineaFactura.nro_sucursal=1  AND  LineaFactura.tipo_factura='A' 
Save/Update: UPDATE LineaFactura SET cod_producto=3 , cantidad=33 , precio=10, borrado=0  WHERE nro_factura=1  AND nro_sucursal=1  AND tipo_factura='A' AND nro_linea=3  ; 
Save/Update: select * from LineaFactura WHERE  LineaFactura.nro_factura=1  AND  LineaFactura.nro_linea=3  AND  LineaFactura.nro_sucursal=1  AND  LineaFactura.tipo_factura='A' 
Save/Update: DELETE LineaFactura WHERE nro_factura=1  AND nro_sucursal=1  AND tipo_factura='A' AND nro_linea=3</StdOut>
      </Output>
    </UnitTestResult>
    <UnitTestResult executionId="4d5d10e3-0671-41b5-b3e0-075889a2aa87" testId="3d5d4690-413e-480e-9909-702cf88399dd" testName="listarMovimientosTest" computerName="DIEGO-PC" duration="00:00:00.0085672" startTime="2012-11-26T18:29:29.2446440-03:00" endTime="2012-11-26T18:29:29.2626450-03:00" testType="13cdc9d9-ddb5-4fa4-a97d-d965ccfc6d4b" outcome="Passed" testListId="8c84fa94-04c1-424b-9868-57a2d4851a1d" relativeResultsDirectory="4d5d10e3-0671-41b5-b3e0-075889a2aa87">
      <Output>
        <StdOut>Save/Update: select * from MovimientosCuenta JOIN proveedor_movimientos AS proveedor ON MovimientosCuenta.nro_movimiento=proveedor.nro_movimiento WHERE proveedor.id_proveedor IS NOT  NULL ; select * from proveedor_movimientos; select * from documento_movimiento
Save/Update: select * from Proveedor WHERE  Proveedor.id_proveedor=1  
Save/Update: select * from OrdenDeCompra WHERE  OrdenDeCompra.id_proveedor=1  ; select * from documento_movimiento; select * from LineaOrdenDeCompra WHERE borrado = 0
Save/Update: select * from OrdenDeCompra WHERE  OrdenDeCompra.nro_Doc=3  ; select * from documento_movimiento; select * from LineaOrdenDeCompra WHERE borrado = 0
Save/Update: select * from tipoMovimiento WHERE  tipoMovimiento.tipoMovimientoID=1  
Save/Update: select * from Cuenta WHERE  Cuenta.cuentaID=1  
Save/Update: DELETE proveedor_movimientos where nro_movimiento=4  ; DELETE documento_movimiento where nro_movimiento=4  ; ;DELETE MovimientosCuenta WHERE nro_movimiento=4</StdOut>
      </Output>
    </UnitTestResult>
    <UnitTestResult executionId="82aec10d-eb26-46b7-9a5b-a66b5047b4ed" testId="3f09e394-0823-389c-6e0c-74955eff820a" testName="listarFacturasTest" computerName="DIEGO-PC" duration="00:00:00.0217959" startTime="2012-11-26T18:29:29.2666453-03:00" endTime="2012-11-26T18:29:29.2966470-03:00" testType="13cdc9d9-ddb5-4fa4-a97d-d965ccfc6d4b" outcome="Passed" testListId="8c84fa94-04c1-424b-9868-57a2d4851a1d" relativeResultsDirectory="82aec10d-eb26-46b7-9a5b-a66b5047b4ed">
      <Output>
        <StdOut>Save/Update: select * from Factura; select * from documento_movimiento; select * from LineaFactura WHERE borrado = 0
Save/Update: select * from LineaFactura WHERE  LineaFactura.nro_factura=1  AND  LineaFactura.tipo_factura='A' AND  LineaFactura.nro_sucursal=1  
Save/Update: select * from Articulos WHERE  Articulos.cod_articulo=1  ; select * from lista_precios WHERE borrado = 0
Save/Update: select * from Articulos WHERE  Articulos.cod_articulo=2  ; select * from lista_precios WHERE borrado = 0
Save/Update: select * from Cliente WHERE  Cliente.id_cliente=1  ; select * from cliente_movimientos; select * from Pedido WHERE borrado = 0; select * from Factura WHERE borrado = 0; select * from Diseño WHERE borrado = 0
Save/Update: select * from Usuario WHERE  Usuario.usuarioID=1  ; select * from JoinUsuarioToFamilia; select * from JoinPatenteToUsuario
Save/Update: select * from MovimientosCuenta JOIN documento_movimiento AS documento ON MovimientosCuenta.nro_movimiento=documento.nro_movimiento JOIN cliente_movimientos AS cliente ON MovimientosCuenta.nro_movimiento=cliente.nro_movimiento WHERE documento.nro_Doc=1  AND cliente.id_cliente IS NOT  NULL ; select * from cliente_movimientos; select * from documento_movimiento
Save/Update: select * from LineaFactura WHERE  LineaFactura.nro_factura=1  AND  LineaFactura.tipo_factura='B' AND  LineaFactura.nro_sucursal=2  
Save/Update: select * from Articulos WHERE  Articulos.cod_articulo=1  ; select * from lista_precios WHERE borrado = 0
Save/Update: select * from Articulos WHERE  Articulos.cod_articulo=2  ; select * from lista_precios WHERE borrado = 0
Save/Update: select * from Cliente WHERE  Cliente.id_cliente=1  ; select * from cliente_movimientos; select * from Pedido WHERE borrado = 0; select * from Factura WHERE borrado = 0; select * from Diseño WHERE borrado = 0
Save/Update: select * from Usuario WHERE  Usuario.usuarioID=1  ; select * from JoinUsuarioToFamilia; select * from JoinPatenteToUsuario
Save/Update: select * from MovimientosCuenta JOIN documento_movimiento AS documento ON MovimientosCuenta.nro_movimiento=documento.nro_movimiento JOIN cliente_movimientos AS cliente ON MovimientosCuenta.nro_movimiento=cliente.nro_movimiento WHERE documento.nro_Doc=2  AND cliente.id_cliente IS NOT  NULL ; select * from cliente_movimientos; select * from documento_movimiento
Save/Update: DELETE LineaFactura WHERE nro_factura=2  AND nro_sucursal=1  AND tipo_factura='A' AND nro_linea=1  
Save/Update: DELETE LineaFactura WHERE nro_factura=2  AND nro_sucursal=1  AND tipo_factura='A' AND nro_linea=2  
Save/Update: DELETE cliente_movimientos where nro_movimiento=4  ; DELETE documento_movimiento where nro_movimiento=4  ; ;DELETE MovimientosCuenta WHERE nro_movimiento=4  
Save/Update: DELETE FROM Factura WHERE nro_Doc =5
Save/Update: delete documento where nro_doc=5</StdOut>
      </Output>
    </UnitTestResult>
    <UnitTestResult executionId="d4f9d114-ac6b-40ef-8017-57652bb6110d" testId="3f50a717-0b73-d5bd-41bc-37d26b580e88" testName="buscarProveedorPorCodigoTest" computerName="DIEGO-PC" duration="00:00:00.0065894" startTime="2012-11-26T18:29:29.2996471-03:00" endTime="2012-11-26T18:29:29.3146480-03:00" testType="13cdc9d9-ddb5-4fa4-a97d-d965ccfc6d4b" outcome="Passed" testListId="8c84fa94-04c1-424b-9868-57a2d4851a1d" relativeResultsDirectory="d4f9d114-ac6b-40ef-8017-57652bb6110d">
      <Output>
        <StdOut>Save/Update: select * from Proveedor WHERE  Proveedor.id_proveedor=1  
Save/Update: select * from OrdenDeCompra WHERE  OrdenDeCompra.id_proveedor=1  ; select * from documento_movimiento; select * from LineaOrdenDeCompra WHERE borrado = 0
Save/Update: delete OrdenDeCompra where nro_doc=5
Save/Update: delete documento where nro_doc=5
Save/Update: DELETE Proveedor WHERE id_proveedor=4  
Save/Update: UPDATE Proveedor SET nombre='nombre1', telefono='1111-1111', direccion='direccion 1' WHERE id_proveedor=1  ;</StdOut>
      </Output>
    </UnitTestResult>
    <UnitTestResult executionId="30caa694-1493-4d16-b54a-273c3749b8c3" testId="3f81de19-4fde-6528-9e0d-cf576c0d46aa" testName="grabarHistoricoEstadosTest" computerName="DIEGO-PC" duration="00:00:00.0108266" startTime="2012-11-26T18:29:29.3186482-03:00" endTime="2012-11-26T18:29:29.3386494-03:00" testType="13cdc9d9-ddb5-4fa4-a97d-d965ccfc6d4b" outcome="Passed" testListId="8c84fa94-04c1-424b-9868-57a2d4851a1d" relativeResultsDirectory="30caa694-1493-4d16-b54a-273c3749b8c3">
      <Output>
        <StdOut>Save/Update: SELECT  ISNULL(MAX(nro_estado + 1),1) from historico_estados_pedido WHERE cod_pedido=2
Save/Update: INSERT INTO historico_estados_pedido (nro_estado, comentario, cod_pedido, fechaDesde, fechaHasta, estado, borrado) VALUES (4 , 'comentario32', 2 ,  CAST('26/11/2012 18:29:29.325'  AS DateTime),  NULL , 4 , 0 ); 
Save/Update: select * from historico_estados_pedido WHERE  historico_estados_pedido.nro_estado=4  AND  historico_estados_pedido.cod_pedido=2  
Save/Update: DELETE historico_estados_pedido WHERE nro_estado=4  AND cod_pedido=2</StdOut>
      </Output>
    </UnitTestResult>
    <UnitTestResult executionId="9905c986-ae4d-43f3-a328-abbcfecec056" testId="4063ba31-c658-1e39-f2a1-4789b86cdf92" testName="cargarClientesTest" computerName="DIEGO-PC" duration="00:00:00.0066981" startTime="2012-11-26T18:29:29.3426496-03:00" endTime="2012-11-26T18:29:29.3576505-03:00" testType="13cdc9d9-ddb5-4fa4-a97d-d965ccfc6d4b" outcome="Passed" testListId="8c84fa94-04c1-424b-9868-57a2d4851a1d" relativeResultsDirectory="9905c986-ae4d-43f3-a328-abbcfecec056">
      <Output>
        <StdOut>Save/Update: select * from Cliente; select * from cliente_movimientos; select * from Pedido WHERE borrado = 0; select * from Factura WHERE borrado = 0; select * from Diseño WHERE borrado = 0</StdOut>
      </Output>
    </UnitTestResult>
    <UnitTestResult executionId="6d837b0e-74bc-4d6f-8a69-2f1aa1b5f96e" testId="4075ee85-dce8-0a59-bbe2-572b6c1b6a07" testName="cargarPatentesPorUsuarioTest" computerName="DIEGO-PC" duration="00:00:00.0052693" startTime="2012-11-26T18:29:29.3606506-03:00" endTime="2012-11-26T18:29:29.3756515-03:00" testType="13cdc9d9-ddb5-4fa4-a97d-d965ccfc6d4b" outcome="Passed" testListId="8c84fa94-04c1-424b-9868-57a2d4851a1d" relativeResultsDirectory="6d837b0e-74bc-4d6f-8a69-2f1aa1b5f96e">
      <Output>
        <StdOut>Save/Update: select * from Patente JOIN JoinPatenteToUsuario AS usuario ON Patente.patenteId=usuario.patenteId WHERE usuario.usuarioID=3</StdOut>
      </Output>
    </UnitTestResult>
    <UnitTestResult executionId="53d66e62-775d-404f-88b5-8c94d1a2766b" testId="40c309eb-6e85-5d22-3be7-c1b561c3a631" testName="actualizaFacturaTest" computerName="DIEGO-PC" duration="00:00:00.0675745" startTime="2012-11-26T18:29:29.3776516-03:00" endTime="2012-11-26T18:29:29.4536559-03:00" testType="13cdc9d9-ddb5-4fa4-a97d-d965ccfc6d4b" outcome="Passed" testListId="8c84fa94-04c1-424b-9868-57a2d4851a1d" relativeResultsDirectory="53d66e62-775d-404f-88b5-8c94d1a2766b">
      <Output>
        <StdOut>Save/Update: SELECT  ISNULL(MAX(nro_Doc + 1),1) from documento
Save/Update: INSERT INTO documento VALUES (5)
Save/Update: SELECT  ISNULL(MAX(nro_factura + 1),1) from Factura WHERE nro_sucursal=1 AND tipo_factura='A'
Save/Update: INSERT INTO Factura (nro_Doc, iva, fecha, borrado, nro_factura, nro_sucursal, tipo_factura, id_cliente, monto) VALUES (5 , 1.1,  CAST('13/10/2012 21:44:12.000'  AS DateTime), 0 , 2 , 1 , 'A', 2 , 100); UPDATE LineaFactura SET borrado=1 WHERE nro_factura=2  AND nro_sucursal=1  AND tipo_factura='A' ; 
Save/Update: SELECT  ISNULL(MAX(nro_linea + 1),1) from LineaFactura WHERE nro_factura=2 AND nro_sucursal=1 AND tipo_factura='A'
Save/Update: INSERT INTO LineaFactura (nro_factura, nro_sucursal, tipo_factura, nro_linea, cod_producto, cantidad, precio, borrado) VALUES (2 , 1 , 'A', 1 , 2 , 10 , 0, 0 ); 
Save/Update: SELECT  ISNULL(MAX(nro_movimiento + 1),1) from MovimientosCuenta
Save/Update: INSERT INTO MovimientosCuenta (nro_movimiento, comentario, fecha, monto, cuentaID, tipoMovimientoID) VALUES (4 , 'com test',  CAST('13/10/2012 21:44:12.000'  AS DateTime), 100, 1 , 1 ); DELETE cliente_movimientos where nro_movimiento=4  ;  INSERT INTO cliente_movimientos ( nro_movimiento, id_cliente) VALUES ( 4 , 2 ); DELETE documento_movimiento where nro_movimiento=4  ;  INSERT INTO documento_movimiento ( nro_movimiento, nro_Doc) VALUES ( 4 , 5 ); 
Save/Update: select * from Factura WHERE  Factura.nro_factura=2  AND  Factura.nro_sucursal=1  AND  Factura.tipo_factura='A' ; select * from documento_movimiento; select * from LineaFactura WHERE borrado = 0
Save/Update: select * from LineaFactura WHERE  LineaFactura.nro_factura=2  AND  LineaFactura.tipo_factura='A' AND  LineaFactura.nro_sucursal=1  
Save/Update: select * from Articulos WHERE  Articulos.cod_articulo=2  ; select * from lista_precios WHERE borrado = 0
Save/Update: select * from Cliente WHERE  Cliente.id_cliente=2  ; select * from cliente_movimientos; select * from Pedido WHERE borrado = 0; select * from Factura WHERE borrado = 0; select * from Diseño WHERE borrado = 0
Save/Update: select * from Usuario WHERE  Usuario.usuarioID=2  ; select * from JoinUsuarioToFamilia; select * from JoinPatenteToUsuario
Save/Update: select * from MovimientosCuenta JOIN documento_movimiento AS documento ON MovimientosCuenta.nro_movimiento=documento.nro_movimiento JOIN cliente_movimientos AS cliente ON MovimientosCuenta.nro_movimiento=cliente.nro_movimiento WHERE documento.nro_Doc=5  AND cliente.id_cliente IS NOT  NULL ; select * from cliente_movimientos; select * from documento_movimiento
Save/Update: UPDATE Factura SET nro_Doc=5 , iva=1.1, fecha= CAST('13/10/2012 21:44:12.000'  AS DateTime), borrado=0 , id_cliente=2 , monto=111 WHERE nro_factura=2  AND nro_sucursal=1  AND tipo_factura='A' ; UPDATE LineaFactura SET borrado=1 WHERE nro_factura=2  AND nro_sucursal=1  AND tipo_factura='A' ; 
Save/Update: UPDATE LineaFactura SET cod_producto=2 , cantidad=15 , precio=0, borrado=0  WHERE nro_factura=2  AND nro_sucursal=1  AND tipo_factura='A' AND nro_linea=1  ; 
Save/Update: SELECT  ISNULL(MAX(nro_linea + 1),1) from LineaFactura WHERE nro_factura=2 AND nro_sucursal=1 AND tipo_factura='A'
Save/Update: INSERT INTO LineaFactura (nro_factura, nro_sucursal, tipo_factura, nro_linea, cod_producto, cantidad, precio, borrado) VALUES (2 , 1 , 'A', 2 , 1 , 10 , 2.1, 0 ); 
Save/Update: UPDATE MovimientosCuenta SET comentario='com test', fecha= CAST('13/10/2012 21:44:12.000'  AS DateTime), monto=111, cuentaID=1 , tipoMovimientoID=1  WHERE nro_movimiento=4  ; DELETE cliente_movimientos where nro_movimiento=4  ;  INSERT INTO cliente_movimientos ( nro_movimiento, id_cliente) VALUES ( 4 , 2 ); DELETE documento_movimiento where nro_movimiento=4  ;  INSERT INTO documento_movimiento ( nro_movimiento, nro_Doc) VALUES ( 4 , 5 ); 
Save/Update: select * from Factura WHERE  Factura.nro_factura=2  AND  Factura.nro_sucursal=1  AND  Factura.tipo_factura='A' ; select * from documento_movimiento; select * from LineaFactura WHERE borrado = 0
Save/Update: select * from LineaFactura WHERE  LineaFactura.nro_factura=2  AND  LineaFactura.tipo_factura='A' AND  LineaFactura.nro_sucursal=1  
Save/Update: select * from Articulos WHERE  Articulos.cod_articulo=2  ; select * from lista_precios WHERE borrado = 0
Save/Update: select * from Articulos WHERE  Articulos.cod_articulo=1  ; select * from lista_precios WHERE borrado = 0
Save/Update: select * from Cliente WHERE  Cliente.id_cliente=2  ; select * from cliente_movimientos; select * from Pedido WHERE borrado = 0; select * from Factura WHERE borrado = 0; select * from Diseño WHERE borrado = 0
Save/Update: select * from Usuario WHERE  Usuario.usuarioID=2  ; select * from JoinUsuarioToFamilia; select * from JoinPatenteToUsuario
Save/Update: select * from MovimientosCuenta JOIN documento_movimiento AS documento ON MovimientosCuenta.nro_movimiento=documento.nro_movimiento JOIN cliente_movimientos AS cliente ON MovimientosCuenta.nro_movimiento=cliente.nro_movimiento WHERE documento.nro_Doc=5  AND cliente.id_cliente IS NOT  NULL ; select * from cliente_movimientos; select * from documento_movimiento
Save/Update: DELETE LineaFactura WHERE nro_factura=2  AND nro_sucursal=1  AND tipo_factura='A' AND nro_linea=1  
Save/Update: DELETE LineaFactura WHERE nro_factura=2  AND nro_sucursal=1  AND tipo_factura='A' AND nro_linea=2  
Save/Update: DELETE cliente_movimientos where nro_movimiento=4  ; DELETE documento_movimiento where nro_movimiento=4  ; ;DELETE MovimientosCuenta WHERE nro_movimiento=4  
Save/Update: DELETE FROM Factura WHERE nro_Doc =5
Save/Update: delete documento where nro_doc=5</StdOut>
      </Output>
    </UnitTestResult>
    <UnitTestResult executionId="12583d6f-44d0-44ab-a332-02bc9a44a707" testId="4128c841-fbe4-5443-0039-ee6ab9d8480a" testName="borrarMovimientosClienteTest" computerName="DIEGO-PC" duration="00:00:00.0184034" startTime="2012-11-26T18:29:29.4576562-03:00" endTime="2012-11-26T18:29:29.4846577-03:00" testType="13cdc9d9-ddb5-4fa4-a97d-d965ccfc6d4b" outcome="Passed" testListId="8c84fa94-04c1-424b-9868-57a2d4851a1d" relativeResultsDirectory="12583d6f-44d0-44ab-a332-02bc9a44a707">
      <Output>
        <StdOut>Save/Update: SELECT  ISNULL(MAX(nro_movimiento + 1),1) from MovimientosCuenta
Save/Update: INSERT INTO MovimientosCuenta (nro_movimiento, comentario, fecha, monto, cuentaID, tipoMovimientoID) VALUES (4 , 'com4',  CAST('26/11/2012 18:29:29.463'  AS DateTime), 33.3, 1 , 2 ); DELETE cliente_movimientos where nro_movimiento=4  ;  INSERT INTO cliente_movimientos ( nro_movimiento, id_cliente) VALUES ( 4 , 2 ); DELETE documento_movimiento where nro_movimiento=4  ; 
Save/Update: select * from MovimientosCuenta JOIN cliente_movimientos AS cliente ON MovimientosCuenta.nro_movimiento=cliente.nro_movimiento WHERE  MovimientosCuenta.nro_movimiento=4  AND  MovimientosCuenta.monto=33.3 AND cliente.id_cliente IS NOT  NULL ; select * from cliente_movimientos; select * from documento_movimiento
Save/Update: DELETE cliente_movimientos where nro_movimiento=4  ; DELETE documento_movimiento where nro_movimiento=4  ; ;DELETE MovimientosCuenta WHERE nro_movimiento=4  
Save/Update: select * from MovimientosCuenta JOIN cliente_movimientos AS cliente ON MovimientosCuenta.nro_movimiento=cliente.nro_movimiento WHERE  MovimientosCuenta.nro_movimiento=4  AND  MovimientosCuenta.monto=33.3 AND cliente.id_cliente IS NOT  NULL AND cliente.id_cliente IS NOT  NULL ; select * from cliente_movimientos; select * from documento_movimiento
Save/Update: DELETE cliente_movimientos where nro_movimiento=4  ; DELETE documento_movimiento where nro_movimiento=4  ; ;DELETE MovimientosCuenta WHERE nro_movimiento=4</StdOut>
      </Output>
    </UnitTestResult>
    <UnitTestResult executionId="aed71270-561f-4930-8975-920ace3f21d0" testId="4148e9ec-0e25-c6a4-4bc2-03540cd0a990" testName="cargarMensajePorConversacionTest" computerName="DIEGO-PC" duration="00:00:00.0036149" startTime="2012-11-26T18:29:29.4876579-03:00" endTime="2012-11-26T18:29:29.5166596-03:00" testType="13cdc9d9-ddb5-4fa4-a97d-d965ccfc6d4b" outcome="Passed" testListId="8c84fa94-04c1-424b-9868-57a2d4851a1d" relativeResultsDirectory="aed71270-561f-4930-8975-920ace3f21d0">
      <Output>
        <StdOut>Save/Update: select * from Mensaje WHERE  Mensaje.id_conversacion=1</StdOut>
      </Output>
    </UnitTestResult>
    <UnitTestResult executionId="e42d4f53-03dd-4f20-b95e-ffc8303cfddf" testId="41ca50b2-af08-ebb5-fe81-0171706b4196" testName="listarMovimientosPorClienteTest" computerName="DIEGO-PC" duration="00:00:00.0357240" startTime="2012-11-26T18:29:29.5206598-03:00" endTime="2012-11-26T18:29:29.5656624-03:00" testType="13cdc9d9-ddb5-4fa4-a97d-d965ccfc6d4b" outcome="Passed" testListId="8c84fa94-04c1-424b-9868-57a2d4851a1d" relativeResultsDirectory="e42d4f53-03dd-4f20-b95e-ffc8303cfddf">
      <Output>
        <StdOut>Save/Update: select * from MovimientosCuenta JOIN cliente_movimientos AS cliente ON MovimientosCuenta.nro_movimiento=cliente.nro_movimiento WHERE cliente.id_cliente IS NOT  NULL ; select * from cliente_movimientos; select * from documento_movimiento
Save/Update: select * from Cliente WHERE  Cliente.id_cliente=1  ; select * from cliente_movimientos; select * from Pedido WHERE borrado = 0; select * from Factura WHERE borrado = 0; select * from Diseño WHERE borrado = 0
Save/Update: select * from Usuario WHERE  Usuario.usuarioID=1  ; select * from JoinUsuarioToFamilia; select * from JoinPatenteToUsuario
Save/Update: select * from Familia JOIN JoinUsuarioToFamilia AS usuarios ON Familia.familiaID=usuarios.familiaID WHERE usuarios.usuarioID=1  ; select * from JoinFamiliaToPatente
Save/Update: select * from Patente JOIN JoinPatenteToUsuario AS usuario ON Patente.patenteId=usuario.patenteId WHERE usuario.usuarioID=1  
Save/Update: select * from Cliente WHERE  Cliente.usuarioID=1  ; select * from cliente_movimientos; select * from Pedido WHERE borrado = 0; select * from Factura WHERE borrado = 0; select * from Diseño WHERE borrado = 0
Save/Update: select * from Diseño WHERE  Diseño.id_cliente=1  ; select * from historico_estados_diseño WHERE borrado = 0
Save/Update: select * from Factura WHERE  Factura.id_cliente=1  ; select * from documento_movimiento; select * from LineaFactura WHERE borrado = 0
Save/Update: select * from Pedido WHERE  Pedido.id_cliente=1  ; select * from produccion WHERE borrado = 0; select * from historico_estados_pedido WHERE borrado = 0
Save/Update: select * from MovimientosCuenta JOIN cliente_movimientos AS cliente ON MovimientosCuenta.nro_movimiento=cliente.nro_movimiento WHERE cliente.id_cliente=1  AND cliente.id_cliente IS NOT  NULL ; select * from cliente_movimientos; select * from documento_movimiento
Save/Update: select * from Factura WHERE  Factura.nro_Doc=1  ; select * from documento_movimiento; select * from LineaFactura WHERE borrado = 0
Save/Update: select * from tipoMovimiento WHERE  tipoMovimiento.tipoMovimientoID=1  
Save/Update: select * from Cuenta WHERE  Cuenta.cuentaID=1  
Save/Update: select * from Cliente WHERE  Cliente.id_cliente=1  ; select * from cliente_movimientos; select * from Pedido WHERE borrado = 0; select * from Factura WHERE borrado = 0; select * from Diseño WHERE borrado = 0
Save/Update: select * from Usuario WHERE  Usuario.usuarioID=1  ; select * from JoinUsuarioToFamilia; select * from JoinPatenteToUsuario
Save/Update: select * from Familia JOIN JoinUsuarioToFamilia AS usuarios ON Familia.familiaID=usuarios.familiaID WHERE usuarios.usuarioID=1  ; select * from JoinFamiliaToPatente
Save/Update: select * from Patente JOIN JoinPatenteToUsuario AS usuario ON Patente.patenteId=usuario.patenteId WHERE usuario.usuarioID=1  
Save/Update: select * from Cliente WHERE  Cliente.usuarioID=1  ; select * from cliente_movimientos; select * from Pedido WHERE borrado = 0; select * from Factura WHERE borrado = 0; select * from Diseño WHERE borrado = 0
Save/Update: select * from Diseño WHERE  Diseño.id_cliente=1  ; select * from historico_estados_diseño WHERE borrado = 0
Save/Update: select * from Factura WHERE  Factura.id_cliente=1  ; select * from documento_movimiento; select * from LineaFactura WHERE borrado = 0
Save/Update: select * from Pedido WHERE  Pedido.id_cliente=1  ; select * from produccion WHERE borrado = 0; select * from historico_estados_pedido WHERE borrado = 0
Save/Update: select * from MovimientosCuenta JOIN cliente_movimientos AS cliente ON MovimientosCuenta.nro_movimiento=cliente.nro_movimiento WHERE cliente.id_cliente=1  AND cliente.id_cliente IS NOT  NULL ; select * from cliente_movimientos; select * from documento_movimiento
Save/Update: select * from tipoMovimiento WHERE  tipoMovimiento.tipoMovimientoID=1  
Save/Update: select * from Cuenta WHERE  Cuenta.cuentaID=1  
Save/Update: DELETE cliente_movimientos where nro_movimiento=4  ; DELETE documento_movimiento where nro_movimiento=4  ; ;DELETE MovimientosCuenta WHERE nro_movimiento=4</StdOut>
      </Output>
    </UnitTestResult>
    <UnitTestResult executionId="a9e276c7-d53a-46a4-8e06-991f0ca5bd20" testId="42bbff3f-ae90-d4a3-ac96-e18e8d721f9a" testName="cargarFamiliasPorPatenteTest" computerName="DIEGO-PC" duration="00:00:00.0063616" startTime="2012-11-26T18:29:29.5676625-03:00" endTime="2012-11-26T18:29:29.5816633-03:00" testType="13cdc9d9-ddb5-4fa4-a97d-d965ccfc6d4b" outcome="Passed" testListId="8c84fa94-04c1-424b-9868-57a2d4851a1d" relativeResultsDirectory="a9e276c7-d53a-46a4-8e06-991f0ca5bd20">
      <Output>
        <StdOut>Save/Update: select * from Familia JOIN JoinFamiliaToPatente AS patentes ON Familia.familiaID=patentes.familiaID WHERE patentes.patenteId=4  ; select * from JoinFamiliaToPatente</StdOut>
      </Output>
    </UnitTestResult>
    <UnitTestResult executionId="2f924eff-1b5a-484f-98d3-f10146d10cb1" testId="42bc7f23-0a71-a17c-783c-a7c1f6e66d7c" testName="grabarTest" computerName="DIEGO-PC" duration="00:00:00.0545540" startTime="2012-11-26T18:29:29.5866636-03:00" endTime="2012-11-26T18:29:29.6506672-03:00" testType="13cdc9d9-ddb5-4fa4-a97d-d965ccfc6d4b" outcome="Passed" testListId="8c84fa94-04c1-424b-9868-57a2d4851a1d" relativeResultsDirectory="2f924eff-1b5a-484f-98d3-f10146d10cb1">
      <Output>
        <StdOut>Save/Update: INSERT INTO Proveedor (id_proveedor, nombre, telefono, direccion) VALUES (4 , 'nombre4', '4444-4444', 'direccion 4'); 
Save/Update: SELECT  ISNULL(MAX(nro_Doc + 1),1) from documento
Save/Update: INSERT INTO documento VALUES (5)
Save/Update: SELECT  ISNULL(MAX(nro_orden_compra + 1),1) from OrdenDeCompra WHERE nro_sucursal=1 AND tipo_orden_compra='A'
Save/Update: INSERT INTO OrdenDeCompra (nro_Doc, iva, fecha, borrado, nro_orden_compra, nro_sucursal, tipo_orden_compra, id_proveedor, monto) VALUES (5 , 33.3,  CAST('26/11/2012 18:29:29.593'  AS DateTime), 0 , 2 , 1 , 'A', 4 , 33.3); UPDATE LineaOrdenDeCompra SET borrado=1 WHERE nro_orden_compra=2  AND nro_sucursal=1  AND tipo_orden_compra='A' ; 
Save/Update: select * from Proveedor
Save/Update: select * from OrdenDeCompra WHERE  OrdenDeCompra.id_proveedor=1  ; select * from documento_movimiento; select * from LineaOrdenDeCompra WHERE borrado = 0
Save/Update: select * from OrdenDeCompra WHERE  OrdenDeCompra.id_proveedor=2  ; select * from documento_movimiento; select * from LineaOrdenDeCompra WHERE borrado = 0
Save/Update: select * from OrdenDeCompra WHERE  OrdenDeCompra.id_proveedor=3  ; select * from documento_movimiento; select * from LineaOrdenDeCompra WHERE borrado = 0
Save/Update: select * from OrdenDeCompra WHERE  OrdenDeCompra.id_proveedor=4  ; select * from documento_movimiento; select * from LineaOrdenDeCompra WHERE borrado = 0
Save/Update: delete OrdenDeCompra where nro_doc=5
Save/Update: delete documento where nro_doc=5
Save/Update: DELETE Proveedor WHERE id_proveedor=4  
Save/Update: UPDATE Proveedor SET nombre='nombre1', telefono='1111-1111', direccion='direccion 1' WHERE id_proveedor=1  ;</StdOut>
      </Output>
    </UnitTestResult>
    <UnitTestResult executionId="b6fb7fbd-dce8-4594-982e-eaca561f3fb9" testId="42d34e85-28e2-30e8-a414-32919f9963a2" testName="ejecutarConsultaTest" computerName="DIEGO-PC" duration="00:00:00.0034002" startTime="2012-11-26T18:29:29.6576676-03:00" endTime="2012-11-26T18:29:29.6686682-03:00" testType="13cdc9d9-ddb5-4fa4-a97d-d965ccfc6d4b" outcome="Passed" testListId="8c84fa94-04c1-424b-9868-57a2d4851a1d" relativeResultsDirectory="b6fb7fbd-dce8-4594-982e-eaca561f3fb9">
      <Output>
        <StdOut>Save/Update: select * from usuario</StdOut>
      </Output>
    </UnitTestResult>
    <UnitTestResult executionId="ec93ea0d-cfa4-4e9e-8da8-67d9fc6aad1c" testId="42f3bd17-7e9a-3a2a-0abf-94dcbfe8af44" testName="calcularTimepoTrabajoTest4" computerName="DIEGO-PC" duration="00:00:00.0049590" startTime="2012-11-26T18:29:29.6766687-03:00" endTime="2012-11-26T18:29:29.6906695-03:00" testType="13cdc9d9-ddb5-4fa4-a97d-d965ccfc6d4b" outcome="Passed" testListId="8c84fa94-04c1-424b-9868-57a2d4851a1d" relativeResultsDirectory="ec93ea0d-cfa4-4e9e-8da8-67d9fc6aad1c">
      <Output>
        <StdOut>Save/Update: DELETE produccion_operador WHERE id_operador=2  AND cod_prodcuccion=7  
Save/Update: DELETE historico_estados_produccion WHERE nro_estado=1  AND cod_produccion=7  
Save/Update: DELETE historico_estados_produccion WHERE nro_estado=2  AND cod_produccion=7  
Save/Update: DELETE produccion WHERE cod_produccion=7</StdOut>
      </Output>
    </UnitTestResult>
    <UnitTestResult executionId="e059d1c4-0e53-4c4f-b7b4-f53f901593c8" testId="43cb51cd-66eb-181b-064e-18bf81c14a68" testName="borrarArticuloTest" computerName="DIEGO-PC" duration="00:00:00.0295915" startTime="2012-11-26T18:29:29.6976699-03:00" endTime="2012-11-26T18:29:29.7346720-03:00" testType="13cdc9d9-ddb5-4fa4-a97d-d965ccfc6d4b" outcome="Passed" testListId="8c84fa94-04c1-424b-9868-57a2d4851a1d" relativeResultsDirectory="e059d1c4-0e53-4c4f-b7b4-f53f901593c8">
      <Output>
        <StdOut>Save/Update: SELECT  ISNULL(MAX(cod_articulo + 1),1) from Articulos
Save/Update: INSERT INTO Articulos (cod_articulo, tipoPrendaID, diseñoID, comentario, produccion, precioActual, borrado) VALUES (4 , 3 , 2 , 'com test', 10 , 1, 0 ); UPDATE lista_precios SET borrado=1 WHERE cod_articulo=4  ; 
Save/Update: SELECT  ISNULL( MAX(nro_lista + 1), 1) from lista_precios WHERE cod_articulo=4
Save/Update: INSERT INTO lista_precios (nro_lista, cod_articulo, precio, fechaDesde, fechaHasta, borrado) VALUES (1 , 4 , 1,  CAST('26/11/2012 18:29:29.703'  AS DateTime),  NULL , 0 ); 
Save/Update: select * from Articulos WHERE  Articulos.cod_articulo=4  ; select * from lista_precios WHERE borrado = 0
Save/Update: select * from lista_precios WHERE  lista_precios.cod_articulo=4  
Save/Update: select * from TipoPrenda WHERE  TipoPrenda.tipo_prenda=3  
Save/Update: select * from Diseño WHERE  Diseño.cod_diseño=2  ; select * from historico_estados_diseño WHERE borrado = 0
Save/Update: UPDATE Articulos SET tipoPrendaID=3 , diseñoID=2 , comentario='com test', produccion=10 , precioActual=1, borrado=1  WHERE cod_articulo=4  ; UPDATE lista_precios SET borrado=1 WHERE cod_articulo=4  ; 
Save/Update: select * from Articulos WHERE  Articulos.cod_articulo=4  ; select * from lista_precios WHERE borrado = 0
Save/Update: select * from lista_precios WHERE  lista_precios.cod_articulo=4  
Save/Update: select * from TipoPrenda WHERE  TipoPrenda.tipo_prenda=3  
Save/Update: select * from Diseño WHERE  Diseño.cod_diseño=2  ; select * from historico_estados_diseño WHERE borrado = 0
Save/Update: DELETE lista_precios WHERE nro_lista=1  AND cod_articulo=4  
Save/Update: DELETE lista_precios WHERE nro_lista=2  AND cod_articulo=4  
Save/Update: DELETE Articulos WHERE cod_articulo=4</StdOut>
      </Output>
    </UnitTestResult>
    <UnitTestResult executionId="a80af74d-70f4-4225-94f6-89b0e57723cb" testId="4470df03-406c-ac4c-036b-0433b2842ca5" testName="grabarProduccionTest" computerName="DIEGO-PC" duration="00:00:00.0091854" startTime="2012-11-26T18:29:29.7406724-03:00" endTime="2012-11-26T18:29:29.7596735-03:00" testType="13cdc9d9-ddb5-4fa4-a97d-d965ccfc6d4b" outcome="Passed" testListId="8c84fa94-04c1-424b-9868-57a2d4851a1d" relativeResultsDirectory="a80af74d-70f4-4225-94f6-89b0e57723cb">
      <Output>
        <StdOut>Save/Update: SELECT  ISNULL(MAX(cod_produccion + 1),1) from produccion
Save/Update: INSERT INTO produccion (cod_produccion, comentario, cod_pedido, cod_maquina, cod_articulo, cantidad, estadoActual, utilizacion, fechaInicio, fechaFinal, borrado) VALUES (7 , 'comentario test', 3 , 3 , 7 , 10 , 2 , 1,  CAST('26/11/2012 18:29:29.748'  AS DateTime),  CAST('26/11/2012 18:29:29.748'  AS DateTime), 0 ); UPDATE historico_estados_produccion SET borrado=1 WHERE cod_produccion=7  ; 
Save/Update: select * from produccion WHERE  produccion.comentario LIKE '%comentario test%'; select * from historico_estados_produccion WHERE borrado = 0
Save/Update: DELETE produccion WHERE cod_produccion=7</StdOut>
      </Output>
    </UnitTestResult>
    <UnitTestResult executionId="9e3b72b7-66ee-4f2d-b0ac-a9f60b56398e" testId="44f2f0a7-9e33-876a-b7c3-d86059021fb2" testName="modificarUsuarioTest1" computerName="DIEGO-PC" duration="00:00:00.0212837" startTime="2012-11-26T18:29:29.7676739-03:00" endTime="2012-11-26T18:29:29.7966756-03:00" testType="13cdc9d9-ddb5-4fa4-a97d-d965ccfc6d4b" outcome="Passed" testListId="8c84fa94-04c1-424b-9868-57a2d4851a1d" relativeResultsDirectory="9e3b72b7-66ee-4f2d-b0ac-a9f60b56398e">
      <Output>
        <StdOut>Save/Update: select * from Usuario WHERE  Usuario.usuarioID=5  ; select * from JoinUsuarioToFamilia; select * from JoinPatenteToUsuario
Save/Update: select * from Familia JOIN JoinUsuarioToFamilia AS usuarios ON Familia.familiaID=usuarios.familiaID WHERE usuarios.usuarioID=5  ; select * from JoinFamiliaToPatente
Save/Update: select * from Patente JOIN JoinPatenteToUsuario AS usuario ON Patente.patenteId=usuario.patenteId WHERE usuario.usuarioID=5  
Save/Update: select * from Cliente WHERE  Cliente.usuarioID=5  ; select * from cliente_movimientos; select * from Pedido WHERE borrado = 0; select * from Factura WHERE borrado = 0; select * from Diseño WHERE borrado = 0
Save/Update: UPDATE Usuario SET nombre='nombre6', apellido='apellido6', mail='mail6@test.com', password='10C91F6B75161578', telefonoFijo='6666-6666', telefonoMovil='6666-6666', bloqueado=0  WHERE usuarioID=5  ; DELETE JoinUsuarioToFamilia where usuarioID=5  ;  INSERT INTO JoinUsuarioToFamilia ( usuarioID, familiaID) VALUES ( 5 , 5 ); DELETE JoinPatenteToUsuario where usuarioID=5  ;  INSERT INTO JoinPatenteToUsuario ( usuarioID, patenteId) VALUES ( 5 , 3 ); 
Save/Update: select * from Usuario WHERE  Usuario.usuarioID=5  ; select * from JoinUsuarioToFamilia; select * from JoinPatenteToUsuario
Save/Update: select * from Familia JOIN JoinUsuarioToFamilia AS usuarios ON Familia.familiaID=usuarios.familiaID WHERE usuarios.usuarioID=5  ; select * from JoinFamiliaToPatente
Save/Update: select * from Patente JOIN JoinFamiliaToPatente AS familia ON Patente.patenteId=familia.patenteId WHERE familia.familiaID=5  
Save/Update: select * from Patente JOIN JoinPatenteToUsuario AS usuario ON Patente.patenteId=usuario.patenteId WHERE usuario.usuarioID=5  
Save/Update: select * from Cliente WHERE  Cliente.usuarioID=5  ; select * from cliente_movimientos; select * from Pedido WHERE borrado = 0; select * from Factura WHERE borrado = 0; select * from Diseño WHERE borrado = 0
Save/Update: UPDATE Usuario SET nombre='nombreModificado', apellido='apellido5', mail='mail5@test.com', password='0000', telefonoFijo='5555-5555', telefonoMovil='5555-5555', bloqueado=0  WHERE usuarioID=5  ; DELETE JoinUsuarioToFamilia where usuarioID=5  ; DELETE JoinPatenteToUsuario where usuarioID=5  ; 
Save/Update: UPDATE Usuario SET nombre='nombre1', apellido='apellido1', mail='mail1@test.com', password='11C8', telefonoFijo='1111-1111', telefonoMovil='1111-1111', bloqueado=0  WHERE usuarioID=1  ; DELETE JoinUsuarioToFamilia where usuarioID=1  ; DELETE JoinPatenteToUsuario where usuarioID=1  ; 
Save/Update: UPDATE Cliente SET habitadoTurnos=1 , newsletter=0  WHERE id_cliente=1  ; UPDATE Pedido SET borrado=1 WHERE id_cliente=1  ; UPDATE Factura SET borrado=1 WHERE id_cliente=1  ; UPDATE Diseño SET borrado=1 WHERE id_cliente=1  ; 
Save/Update:  UPDATE factura set borrado = 0 
Save/Update:  UPDATE diseño set borrado = 0 
Save/Update:  UPDATE pedido set borrado = 0 
Save/Update:  Insert into JoinPatenteToUsuario values (1,1)</StdOut>
      </Output>
    </UnitTestResult>
    <UnitTestResult executionId="f8bfa5a1-8ca8-41ee-8b3e-21df2f71b616" testId="45d73400-010d-bede-b097-0e012e473ce7" testName="listarMaquinasTest" computerName="DIEGO-PC" duration="00:00:00.0088208" startTime="2012-11-26T18:29:29.8026759-03:00" endTime="2012-11-26T18:29:29.8196769-03:00" testType="13cdc9d9-ddb5-4fa4-a97d-d965ccfc6d4b" outcome="Passed" testListId="8c84fa94-04c1-424b-9868-57a2d4851a1d" relativeResultsDirectory="f8bfa5a1-8ca8-41ee-8b3e-21df2f71b616">
      <Output>
        <StdOut>Save/Update: select * from Maquina; select * from JoinMaquinaToTipoPrenda
Save/Update: select * from TipoPrenda WHERE  TipoPrenda.tipo_prenda=1  
Save/Update: select * from TipoPrenda WHERE  TipoPrenda.tipo_prenda=2  
Save/Update: select * from TipoPrenda WHERE  TipoPrenda.tipo_prenda=3  
Save/Update: select * from TipoPrenda WHERE  TipoPrenda.tipo_prenda=1  
Save/Update: select * from TipoPrenda WHERE  TipoPrenda.tipo_prenda=2  
Save/Update: select * from TipoPrenda WHERE  TipoPrenda.tipo_prenda=3  
Save/Update: select * from TipoPrenda WHERE  TipoPrenda.tipo_prenda=1  
Save/Update: select * from TipoPrenda WHERE  TipoPrenda.tipo_prenda=2  
Save/Update: select * from TipoPrenda WHERE  TipoPrenda.tipo_prenda=3  
Save/Update: DELETE JoinMaquinaToTipoPrenda where cod_maquina=4  ; ;DELETE Maquina WHERE cod_maquina=4  
Save/Update: delete from JoinMaquinaToTipoPrenda where cod_maquina=4</StdOut>
      </Output>
    </UnitTestResult>
    <UnitTestResult executionId="17120082-b2ea-4d23-ac15-af5349666d69" testId="46319d74-a59b-cb4c-c42c-91de192140ab" testName="borrarProduccionOperadorTest" computerName="DIEGO-PC" duration="00:00:00.0101219" startTime="2012-11-26T18:29:29.8246772-03:00" endTime="2012-11-26T18:29:29.8426782-03:00" testType="13cdc9d9-ddb5-4fa4-a97d-d965ccfc6d4b" outcome="Passed" testListId="8c84fa94-04c1-424b-9868-57a2d4851a1d" relativeResultsDirectory="17120082-b2ea-4d23-ac15-af5349666d69">
      <Output>
        <StdOut>Save/Update: INSERT INTO produccion_operador (id_operador, cod_prodcuccion, porcentaje) VALUES (2 , 6 , 1 ); 
Save/Update: select * from produccion_operador WHERE  produccion_operador.id_operador=2  AND  produccion_operador.cod_prodcuccion=6  
Save/Update: DELETE produccion_operador WHERE id_operador=2  AND cod_prodcuccion=6  
Save/Update: select * from produccion_operador WHERE  produccion_operador.id_operador=2  AND  produccion_operador.cod_prodcuccion=6</StdOut>
      </Output>
    </UnitTestResult>
    <UnitTestResult executionId="c75740a4-5e26-4564-a5de-febe1fa41bac" testId="466df001-5e88-7941-9225-f5b84ddbea5e" testName="cargarlistaPedidosTest" computerName="DIEGO-PC" duration="00:00:00.0073688" startTime="2012-11-26T18:29:29.8466784-03:00" endTime="2012-11-26T18:29:29.8616793-03:00" testType="13cdc9d9-ddb5-4fa4-a97d-d965ccfc6d4b" outcome="Passed" testListId="8c84fa94-04c1-424b-9868-57a2d4851a1d" relativeResultsDirectory="c75740a4-5e26-4564-a5de-febe1fa41bac">
      <Output>
        <StdOut>Save/Update: select * from Pedido; select * from produccion WHERE borrado = 0; select * from historico_estados_pedido WHERE borrado = 0
Save/Update: DELETE Pedido WHERE cod_pedido=5</StdOut>
      </Output>
    </UnitTestResult>
    <UnitTestResult executionId="7491584c-22f3-4aab-a54c-63c7ce4c198c" testId="468ca457-0ed7-03c2-646c-9f2875316428" testName="ListarPrendasTest" computerName="DIEGO-PC" duration="00:00:00.0039224" startTime="2012-11-26T18:29:29.8666796-03:00" endTime="2012-11-26T18:29:29.8776802-03:00" testType="13cdc9d9-ddb5-4fa4-a97d-d965ccfc6d4b" outcome="Passed" testListId="8c84fa94-04c1-424b-9868-57a2d4851a1d" relativeResultsDirectory="7491584c-22f3-4aab-a54c-63c7ce4c198c">
      <Output>
        <StdOut>Save/Update: select * from TipoPrenda</StdOut>
      </Output>
    </UnitTestResult>
    <UnitTestResult executionId="91b24062-1fe9-4fa5-b830-48a78e4bdaaf" testId="47539572-8702-25fd-25db-bd0bdd8958b7" testName="grabarPrendaTest" computerName="DIEGO-PC" duration="00:00:00.0183794" startTime="2012-11-26T18:29:29.8826805-03:00" endTime="2012-11-26T18:29:29.9116821-03:00" testType="13cdc9d9-ddb5-4fa4-a97d-d965ccfc6d4b" outcome="Passed" testListId="8c84fa94-04c1-424b-9868-57a2d4851a1d" relativeResultsDirectory="91b24062-1fe9-4fa5-b830-48a78e4bdaaf">
      <Output>
        <StdOut>Save/Update: INSERT INTO TipoPrenda (tipo_prenda, descripcion) VALUES (5 , 'gorro'); 
Save/Update: select * from TipoPrenda
Save/Update: DELETE TipoPrenda WHERE tipo_prenda=5</StdOut>
      </Output>
    </UnitTestResult>
    <UnitTestResult executionId="7e7a14ae-7b87-4604-a72a-d1c94becf440" testId="47829263-2bc4-1929-0c73-083969548a33" testName="listarMovimientosPorProveedorTest" computerName="DIEGO-PC" duration="00:00:00.0098017" startTime="2012-11-26T18:29:29.9176825-03:00" endTime="2012-11-26T18:29:29.9366836-03:00" testType="13cdc9d9-ddb5-4fa4-a97d-d965ccfc6d4b" outcome="Passed" testListId="8c84fa94-04c1-424b-9868-57a2d4851a1d" relativeResultsDirectory="7e7a14ae-7b87-4604-a72a-d1c94becf440">
      <Output>
        <StdOut>Save/Update: select * from MovimientosCuenta JOIN proveedor_movimientos AS proveedor ON MovimientosCuenta.nro_movimiento=proveedor.nro_movimiento WHERE proveedor.id_proveedor IS NOT  NULL ; select * from proveedor_movimientos; select * from documento_movimiento
Save/Update: select * from Proveedor WHERE  Proveedor.id_proveedor=1  
Save/Update: select * from OrdenDeCompra WHERE  OrdenDeCompra.id_proveedor=1  ; select * from documento_movimiento; select * from LineaOrdenDeCompra WHERE borrado = 0
Save/Update: select * from OrdenDeCompra WHERE  OrdenDeCompra.nro_Doc=3  ; select * from documento_movimiento; select * from LineaOrdenDeCompra WHERE borrado = 0
Save/Update: select * from tipoMovimiento WHERE  tipoMovimiento.tipoMovimientoID=1  
Save/Update: select * from Cuenta WHERE  Cuenta.cuentaID=1  
Save/Update: DELETE proveedor_movimientos where nro_movimiento=4  ; DELETE documento_movimiento where nro_movimiento=4  ; ;DELETE MovimientosCuenta WHERE nro_movimiento=4</StdOut>
      </Output>
    </UnitTestResult>
    <UnitTestResult executionId="91447c90-23a2-4850-a9a9-098b4a4a9d99" testId="47d53732-aaac-b97d-3608-f4da6d7da1f0" testName="cargarHistoricoEstadosTest" computerName="DIEGO-PC" duration="00:00:00.0040999" startTime="2012-11-26T18:29:29.9416839-03:00" endTime="2012-11-26T18:29:29.9546846-03:00" testType="13cdc9d9-ddb5-4fa4-a97d-d965ccfc6d4b" outcome="Passed" testListId="8c84fa94-04c1-424b-9868-57a2d4851a1d" relativeResultsDirectory="91447c90-23a2-4850-a9a9-098b4a4a9d99">
      <Output>
        <StdOut>Save/Update: select * from historico_estados_produccion</StdOut>
      </Output>
    </UnitTestResult>
    <UnitTestResult executionId="84dc0e45-688d-4182-ae2f-96946d3f8311" testId="47f1b7ea-5dbe-ff8b-ee2e-cd35503da3a7" testName="buscarNewsletterPorNombreTest" computerName="DIEGO-PC" duration="00:00:00.0028400" startTime="2012-11-26T18:29:29.9566847-03:00" endTime="2012-11-26T18:29:29.9676853-03:00" testType="13cdc9d9-ddb5-4fa4-a97d-d965ccfc6d4b" outcome="Passed" testListId="8c84fa94-04c1-424b-9868-57a2d4851a1d" relativeResultsDirectory="84dc0e45-688d-4182-ae2f-96946d3f8311">
      <Output>
        <StdOut>Save/Update: select * from newsletter WHERE  newsletter.nombre='news1'</StdOut>
      </Output>
    </UnitTestResult>
    <UnitTestResult executionId="07cf3bab-727b-4973-843c-c61209bd51ca" testId="48945e0f-871f-2510-b1ef-49518a731b66" testName="obtenerArticulosFrecuentesTest" computerName="DIEGO-PC" duration="00:00:00.0139103" startTime="2012-11-26T18:29:29.9706855-03:00" endTime="2012-11-26T18:29:29.9926868-03:00" testType="13cdc9d9-ddb5-4fa4-a97d-d965ccfc6d4b" outcome="Passed" testListId="8c84fa94-04c1-424b-9868-57a2d4851a1d" relativeResultsDirectory="07cf3bab-727b-4973-843c-c61209bd51ca">
      <Output>
        <StdOut>Save/Update: select top 3 pr.cod_articulo as idArticulo, SUM(pr.cantidad) as cantidad  from produccion pr, Pedido pe  where(pe.cod_pedido = pr.cod_pedido)  AND pe.id_cliente = 1 group by pr.cod_articulo  order by cantidad desc
Save/Update: select * from Articulos WHERE  Articulos.cod_articulo=2  ; select * from lista_precios WHERE borrado = 0
Save/Update: select * from lista_precios WHERE  lista_precios.cod_articulo=2  
Save/Update: select * from TipoPrenda WHERE  TipoPrenda.tipo_prenda=2  
Save/Update: select * from Diseño WHERE  Diseño.cod_diseño=2  ; select * from historico_estados_diseño WHERE borrado = 0
Save/Update: select * from Articulos WHERE  Articulos.cod_articulo=3  ; select * from lista_precios WHERE borrado = 0
Save/Update: select * from lista_precios WHERE  lista_precios.cod_articulo=3  
Save/Update: select * from TipoPrenda WHERE  TipoPrenda.tipo_prenda=2  
Save/Update: select * from Diseño WHERE  Diseño.cod_diseño=1  ; select * from historico_estados_diseño WHERE borrado = 0
Save/Update: select * from Articulos WHERE  Articulos.cod_articulo=1  ; select * from lista_precios WHERE borrado = 0
Save/Update: select * from lista_precios WHERE  lista_precios.cod_articulo=1  
Save/Update: select * from TipoPrenda WHERE  TipoPrenda.tipo_prenda=1  
Save/Update: select * from Diseño WHERE  Diseño.cod_diseño=1  ; select * from historico_estados_diseño WHERE borrado = 0
Save/Update: DELETE lista_precios WHERE nro_lista=1  AND cod_articulo=4  
Save/Update: DELETE lista_precios WHERE nro_lista=2  AND cod_articulo=4  
Save/Update: DELETE Articulos WHERE cod_articulo=4</StdOut>
      </Output>
    </UnitTestResult>
    <UnitTestResult executionId="db1281fe-731d-44fa-a459-7242131cd315" testId="4ab5b9e6-5b30-baa0-2e6d-fac9df442766" testName="GuardarPedidoTest" computerName="DIEGO-PC" duration="00:00:07.4726792" startTime="2012-11-26T18:29:29.9956870-03:00" endTime="2012-11-26T18:29:37.4781149-03:00" testType="13cdc9d9-ddb5-4fa4-a97d-d965ccfc6d4b" outcome="Passed" testListId="8c84fa94-04c1-424b-9868-57a2d4851a1d" relativeResultsDirectory="db1281fe-731d-44fa-a459-7242131cd315">
      <Output>
        <StdOut>Save/Update: SELECT  ISNULL(MAX(cod_pedido + 1),1) from Pedido
Save/Update: INSERT INTO Pedido (cod_pedido, comentario, id_cliente, tipo_pedido, estadoActual, fechaInicio, fechaFinal, borrado) VALUES (5 , 'comentario test', 2 , 2 , 2 ,  CAST('26/11/2012 18:29:30.002'  AS DateTime),  NULL , 0 ); UPDATE produccion SET borrado=1 WHERE cod_pedido=5  ; UPDATE historico_estados_pedido SET borrado=1 WHERE cod_pedido=5  ; 
Save/Update: SELECT  ISNULL(MAX(cod_produccion + 1),1) from produccion
Save/Update: INSERT INTO produccion (cod_produccion, comentario, cod_pedido, cod_maquina, cod_articulo, cantidad, estadoActual, utilizacion, fechaInicio, fechaFinal, borrado) VALUES (7 , 'com1', 5 , 2 , 1 , 10 , 1 , 1,  CAST('26/11/2012 18:29:30.002'  AS DateTime),  NULL , 0 ); UPDATE historico_estados_produccion SET borrado=1 WHERE cod_produccion=7  ; 
Save/Update: UPDATE Pedido SET comentario='comentario test', id_cliente=2 , tipo_pedido=2 , estadoActual=2 , fechaInicio= CAST('26/11/2012 18:29:30.002'  AS DateTime), fechaFinal= NULL , borrado=0  WHERE cod_pedido=5  ; UPDATE produccion SET borrado=1 WHERE cod_pedido=5  ; UPDATE historico_estados_pedido SET borrado=1 WHERE cod_pedido=5  ; 
Save/Update: SELECT  ISNULL(MAX(nro_estado + 1),1) from historico_estados_pedido WHERE cod_pedido=5
Save/Update: INSERT INTO historico_estados_pedido (nro_estado, comentario, cod_pedido, fechaDesde, fechaHasta, estado, borrado) VALUES (1 , '', 5 ,  CAST('26/11/2012 18:29:30.007'  AS DateTime),  NULL , 2 , 0 ); 
Save/Update: UPDATE produccion SET comentario='com1', cod_pedido=5 , cod_maquina=2 , cod_articulo=1 , cantidad=10 , estadoActual=1 , utilizacion=1, fechaInicio= CAST('26/11/2012 18:29:30.002'  AS DateTime), fechaFinal= NULL , borrado=0  WHERE cod_produccion=7  ; UPDATE historico_estados_produccion SET borrado=1 WHERE cod_produccion=7  ; 
Save/Update: select * from Pedido WHERE  Pedido.cod_pedido=5  ; select * from produccion WHERE borrado = 0; select * from historico_estados_pedido WHERE borrado = 0
Save/Update: select * from historico_estados_pedido WHERE  historico_estados_pedido.cod_pedido=5  
Save/Update: select * from tipoPedido WHERE  tipoPedido.tipo_pedido=2  
Save/Update: select * from produccion WHERE  produccion.cod_pedido=5  ; select * from historico_estados_produccion WHERE borrado = 0
Save/Update: select * from Cliente WHERE  Cliente.id_cliente=2  ; select * from cliente_movimientos; select * from Pedido WHERE borrado = 0; select * from Factura WHERE borrado = 0; select * from Diseño WHERE borrado = 0
Save/Update: select * from EstadoPedido WHERE  EstadoPedido.estado_pedido=2  
Save/Update: select * from Usuario WHERE  Usuario.usuarioID=2  ; select * from JoinUsuarioToFamilia; select * from JoinPatenteToUsuario
Save/Update: select * from Familia JOIN JoinUsuarioToFamilia AS usuarios ON Familia.familiaID=usuarios.familiaID WHERE usuarios.usuarioID=2  ; select * from JoinFamiliaToPatente
Save/Update: select * from Patente JOIN JoinFamiliaToPatente AS familia ON Patente.patenteId=familia.patenteId WHERE familia.familiaID=2  
Save/Update: select * from Patente JOIN JoinPatenteToUsuario AS usuario ON Patente.patenteId=usuario.patenteId WHERE usuario.usuarioID=2  
Save/Update: select * from Cliente WHERE  Cliente.usuarioID=2  ; select * from cliente_movimientos; select * from Pedido WHERE borrado = 0; select * from Factura WHERE borrado = 0; select * from Diseño WHERE borrado = 0
Save/Update: select * from newsletter WHERE  newsletter.id=1  
Save/Update: select * from produccion WHERE  produccion.cod_produccion=7  ; select * from historico_estados_produccion WHERE borrado = 0
Save/Update: select * from Pedido WHERE  Pedido.cod_pedido=5  ; select * from produccion WHERE borrado = 0; select * from historico_estados_pedido WHERE borrado = 0
Save/Update: select * from Maquina WHERE  Maquina.cod_maquina=2  ; select * from JoinMaquinaToTipoPrenda
Save/Update: select * from Articulos WHERE  Articulos.cod_articulo=1  ; select * from lista_precios WHERE borrado = 0
Save/Update: select * from EstadoTrabajos WHERE  EstadoTrabajos.cod_estado=1  
Save/Update: select * from historico_estados_produccion WHERE  historico_estados_produccion.cod_produccion=7  
Save/Update: select * from produccion_operador WHERE  produccion_operador.cod_prodcuccion=7  
Save/Update: select * from newsletter WHERE  newsletter.id=2  
Save/Update: select * from Articulos WHERE  Articulos.cod_articulo=1  ; select * from lista_precios WHERE borrado = 0
Save/Update: select * from lista_precios WHERE  lista_precios.cod_articulo=1  
Save/Update: select * from TipoPrenda WHERE  TipoPrenda.tipo_prenda=1  
Save/Update: select * from Diseño WHERE  Diseño.cod_diseño=1  ; select * from historico_estados_diseño WHERE borrado = 0
Save/Update: select * from Pedido WHERE  Pedido.cod_pedido=5  ; select * from produccion WHERE borrado = 0; select * from historico_estados_pedido WHERE borrado = 0
Save/Update: select * from historico_estados_pedido WHERE  historico_estados_pedido.cod_pedido=5  
Save/Update: select * from tipoPedido WHERE  tipoPedido.tipo_pedido=2  
Save/Update: select * from produccion WHERE  produccion.cod_pedido=5  ; select * from historico_estados_produccion WHERE borrado = 0
Save/Update: select * from Cliente WHERE  Cliente.id_cliente=2  ; select * from cliente_movimientos; select * from Pedido WHERE borrado = 0; select * from Factura WHERE borrado = 0; select * from Diseño WHERE borrado = 0
Save/Update: select * from EstadoPedido WHERE  EstadoPedido.estado_pedido=2  
Save/Update: DELETE historico_estados_pedido WHERE nro_estado=1  AND cod_pedido=5  
Save/Update: DELETE historico_estados_pedido WHERE nro_estado=2  AND cod_pedido=5  
Save/Update: DELETE produccion WHERE cod_produccion=7  
Save/Update: DELETE Pedido WHERE cod_pedido=5</StdOut>
      </Output>
    </UnitTestResult>
    <UnitTestResult executionId="77b58018-cee4-48a8-83a4-04c62c2994c1" testId="4b2e2241-5ba0-4bf3-a87c-c3b9957ec404" testName="buscarPrendasTest" computerName="DIEGO-PC" duration="00:00:00.0066184" startTime="2012-11-26T18:29:37.4941158-03:00" endTime="2012-11-26T18:29:37.5191173-03:00" testType="13cdc9d9-ddb5-4fa4-a97d-d965ccfc6d4b" outcome="Passed" testListId="8c84fa94-04c1-424b-9868-57a2d4851a1d" relativeResultsDirectory="77b58018-cee4-48a8-83a4-04c62c2994c1">
      <Output>
        <StdOut>Save/Update: select * from TipoPrenda</StdOut>
      </Output>
    </UnitTestResult>
    <UnitTestResult executionId="3a6ec8fb-171a-4979-962e-a3ae3d13190c" testId="4b4cc00b-440a-fb3e-bf1c-58f18a59fbb6" testName="actualizaArticuloTest" computerName="DIEGO-PC" duration="00:00:00.0335655" startTime="2012-11-26T18:29:37.5251176-03:00" endTime="2012-11-26T18:29:37.5671200-03:00" testType="13cdc9d9-ddb5-4fa4-a97d-d965ccfc6d4b" outcome="Passed" testListId="8c84fa94-04c1-424b-9868-57a2d4851a1d" relativeResultsDirectory="3a6ec8fb-171a-4979-962e-a3ae3d13190c">
      <Output>
        <StdOut>Save/Update: SELECT  ISNULL(MAX(cod_articulo + 1),1) from Articulos
Save/Update: INSERT INTO Articulos (cod_articulo, tipoPrendaID, diseñoID, comentario, produccion, precioActual, borrado) VALUES (4 , 3 , 2 , 'com test', 10 , 1, 0 ); UPDATE lista_precios SET borrado=1 WHERE cod_articulo=4  ; 
Save/Update: SELECT  ISNULL( MAX(nro_lista + 1), 1) from lista_precios WHERE cod_articulo=4
Save/Update: INSERT INTO lista_precios (nro_lista, cod_articulo, precio, fechaDesde, fechaHasta, borrado) VALUES (1 , 4 , 1,  CAST('26/11/2012 18:29:37.531'  AS DateTime),  NULL , 0 ); 
Save/Update: select * from Articulos WHERE  Articulos.cod_articulo=4  ; select * from lista_precios WHERE borrado = 0
Save/Update: select * from lista_precios WHERE  lista_precios.cod_articulo=4  
Save/Update: select * from TipoPrenda WHERE  TipoPrenda.tipo_prenda=3  
Save/Update: select * from Diseño WHERE  Diseño.cod_diseño=2  ; select * from historico_estados_diseño WHERE borrado = 0
Save/Update: select * from Articulos WHERE  Articulos.cod_articulo=4  ; select * from lista_precios WHERE borrado = 0
Save/Update: select * from lista_precios WHERE  lista_precios.cod_articulo=4  
Save/Update: select * from TipoPrenda WHERE  TipoPrenda.tipo_prenda=3  
Save/Update: select * from Diseño WHERE  Diseño.cod_diseño=2  ; select * from historico_estados_diseño WHERE borrado = 0
Save/Update: UPDATE Articulos SET tipoPrendaID=3 , diseñoID=2 , comentario='com test', produccion=8 , precioActual=2, borrado=0  WHERE cod_articulo=4  ; UPDATE lista_precios SET borrado=1 WHERE cod_articulo=4  ; 
Save/Update: UPDATE lista_precios SET precio=1, fechaDesde= CAST('26/11/2012 18:29:37.530'  AS DateTime), fechaHasta= CAST('26/11/2012 18:29:37.544'  AS DateTime), borrado=0  WHERE nro_lista=1  AND cod_articulo=4  ; 
Save/Update: SELECT  ISNULL( MAX(nro_lista + 1), 1) from lista_precios WHERE cod_articulo=4
Save/Update: INSERT INTO lista_precios (nro_lista, cod_articulo, precio, fechaDesde, fechaHasta, borrado) VALUES (2 , 4 , 2,  CAST('26/11/2012 18:29:37.544'  AS DateTime),  NULL , 0 ); 
Save/Update: select * from Articulos WHERE  Articulos.cod_articulo=4  ; select * from lista_precios WHERE borrado = 0
Save/Update: select * from lista_precios WHERE  lista_precios.cod_articulo=4  
Save/Update: select * from TipoPrenda WHERE  TipoPrenda.tipo_prenda=3  
Save/Update: select * from Diseño WHERE  Diseño.cod_diseño=2  ; select * from historico_estados_diseño WHERE borrado = 0
Save/Update: DELETE lista_precios WHERE nro_lista=1  AND cod_articulo=4  
Save/Update: DELETE lista_precios WHERE nro_lista=2  AND cod_articulo=4  
Save/Update: DELETE Articulos WHERE cod_articulo=4</StdOut>
      </Output>
    </UnitTestResult>
    <UnitTestResult executionId="56be3fb2-33c4-48f6-885b-03079687be30" testId="4cab3d76-8fe4-c6a9-062c-275660c809ba" testName="listarOpinionesPorIdTest" computerName="DIEGO-PC" duration="00:00:00.0303351" startTime="2012-11-26T18:29:37.5721203-03:00" endTime="2012-11-26T18:29:37.6131226-03:00" testType="13cdc9d9-ddb5-4fa4-a97d-d965ccfc6d4b" outcome="Passed" testListId="8c84fa94-04c1-424b-9868-57a2d4851a1d" relativeResultsDirectory="56be3fb2-33c4-48f6-885b-03079687be30">
      <Output>
        <StdOut>Save/Update: select * from opiniones WHERE  opiniones.id=1</StdOut>
      </Output>
    </UnitTestResult>
    <UnitTestResult executionId="b2e771c3-f335-4198-863c-85a68a4019b3" testId="4cc6b71b-462c-2bdc-f536-28b4d3d30de5" testName="borrarProveedorTest" computerName="DIEGO-PC" duration="00:00:00.0048087" startTime="2012-11-26T18:29:37.6191230-03:00" endTime="2012-11-26T18:29:37.6341238-03:00" testType="13cdc9d9-ddb5-4fa4-a97d-d965ccfc6d4b" outcome="Passed" testListId="8c84fa94-04c1-424b-9868-57a2d4851a1d" relativeResultsDirectory="b2e771c3-f335-4198-863c-85a68a4019b3">
      <Output>
        <StdOut>Save/Update: INSERT INTO Proveedor (id_proveedor, nombre, telefono, direccion) VALUES (4 , 'nombre4', '4444-4444', 'direccion 4'); 
Save/Update: select * from Proveedor WHERE  Proveedor.id_proveedor=4  
Save/Update: DELETE Proveedor WHERE id_proveedor=4  
Save/Update: select * from Proveedor WHERE  Proveedor.id_proveedor=4</StdOut>
      </Output>
    </UnitTestResult>
    <UnitTestResult executionId="3c99a6df-bfad-4fb0-b6f4-a01814e60f9f" testId="4d2a8d5b-b176-00fc-503a-b6acea4e399d" testName="modificarTest" computerName="DIEGO-PC" duration="00:00:00.0086097" startTime="2012-11-26T18:29:37.6391241-03:00" endTime="2012-11-26T18:29:37.6571252-03:00" testType="13cdc9d9-ddb5-4fa4-a97d-d965ccfc6d4b" outcome="Passed" testListId="8c84fa94-04c1-424b-9868-57a2d4851a1d" relativeResultsDirectory="3c99a6df-bfad-4fb0-b6f4-a01814e60f9f">
      <Output>
        <StdOut>Save/Update: select * from Mensaje WHERE  Mensaje.id=2  
Save/Update: UPDATE Mensaje SET tipoMensaje=0 , fecha= CAST('26/08/2012 16:35:00.000'  AS DateTime), mensaje='msj de 1 a 2', leido=1 , borrado=0 , id_conversacion=1  WHERE id=2  ; 
Save/Update: select * from Mensaje WHERE  Mensaje.id=2  
Save/Update: UPDATE Mensaje SET tipoMensaje=0 , fecha= CAST('26/08/2012 16:35:00.000'  AS DateTime), mensaje='msj de 1 a 2', leido=0 , borrado=0 , id_conversacion=1  WHERE id=2  ;</StdOut>
      </Output>
    </UnitTestResult>
    <UnitTestResult executionId="58cf5c4d-01e4-49d9-9ac7-b13318e79dac" testId="4d891028-ff30-5474-0c6f-59e839f50717" testName="buscarPorDescripcionTest" computerName="DIEGO-PC" duration="00:00:00.0058508" startTime="2012-11-26T18:29:37.6621254-03:00" endTime="2012-11-26T18:29:37.6771263-03:00" testType="13cdc9d9-ddb5-4fa4-a97d-d965ccfc6d4b" outcome="Passed" testListId="8c84fa94-04c1-424b-9868-57a2d4851a1d" relativeResultsDirectory="58cf5c4d-01e4-49d9-9ac7-b13318e79dac">
      <Output>
        <StdOut>Save/Update: select * from tipoMovimiento WHERE  tipoMovimiento.movimiento='credito'</StdOut>
      </Output>
    </UnitTestResult>
    <UnitTestResult executionId="50d4bdab-a562-466d-8f82-bc77fa7ad5cd" testId="4e213555-50ef-010c-9653-9ed4341cc7e4" testName="buscarDiseñoInsumoConRestriccionesTest" computerName="DIEGO-PC" duration="00:00:00.0054482" startTime="2012-11-26T18:29:37.6791264-03:00" endTime="2012-11-26T18:29:37.6931272-03:00" testType="13cdc9d9-ddb5-4fa4-a97d-d965ccfc6d4b" outcome="Passed" testListId="8c84fa94-04c1-424b-9868-57a2d4851a1d" relativeResultsDirectory="50d4bdab-a562-466d-8f82-bc77fa7ad5cd">
      <Output>
        <StdOut>Save/Update: select * from Diseño_insumos WHERE  Diseño_insumos.cantidad=1 AND  Diseño_insumos.cod_diseño=1  AND  Diseño_insumos.cod_insumo=1  
Save/Update: DELETE Diseño_insumos WHERE cod_diseño=2  AND cod_insumo=1</StdOut>
      </Output>
    </UnitTestResult>
    <UnitTestResult executionId="b2d342cc-58bf-4134-8142-6df2255a0769" testId="4f159a29-3cb7-c1f2-9ed8-8c5ed23afcbe" testName="actualizarDiseñoTest" computerName="DIEGO-PC" duration="00:00:00.1169068" startTime="2012-11-26T18:29:37.6971274-03:00" endTime="2012-11-26T18:29:37.8221346-03:00" testType="13cdc9d9-ddb5-4fa4-a97d-d965ccfc6d4b" outcome="Passed" testListId="8c84fa94-04c1-424b-9868-57a2d4851a1d" relativeResultsDirectory="b2d342cc-58bf-4134-8142-6df2255a0769">
      <Output>
        <StdOut>Save/Update: SELECT  ISNULL(MAX(cod_diseño + 1),1) from Diseño
Save/Update: INSERT INTO Diseño (cod_diseño, nombre, puntadas, alto, ancho, id_cliente, estadoActual, pathImagen, pathDetalle, pathArchivoEditable, pathArchivoFinal, borrado) VALUES (3 , 'diseño3', 3333 , 33 , 33 , 1 , 1 , '/cliente1/imagen/diseño1.jpg', '/cliente1/detalle/diseño1.jpg', '/cliente1/diseñoEditable/diseño1.jpg', '', 0 ); UPDATE historico_estados_diseño SET borrado=1 WHERE cod_diseño=3  ; 
Save/Update: SELECT  ISNULL(MAX(nro_estado + 1),1) from historico_estados_diseño WHERE cod_diseño=3
Save/Update: INSERT INTO historico_estados_diseño (nro_estado, cod_diseño, comentario, fechaDesde, fechaHasta, estado, borrado) VALUES (1 , 3 , 'test',  CAST('26/11/2012 18:29:37.705'  AS DateTime),  NULL , 1 , 0 ); 
Save/Update: select * from Diseño WHERE  Diseño.cod_diseño=3  ; select * from historico_estados_diseño WHERE borrado = 0
Save/Update: select * from Cliente WHERE  Cliente.id_cliente=1  ; select * from cliente_movimientos; select * from Pedido WHERE borrado = 0; select * from Factura WHERE borrado = 0; select * from Diseño WHERE borrado = 0
Save/Update: select * from Usuario WHERE  Usuario.usuarioID=1  ; select * from JoinUsuarioToFamilia; select * from JoinPatenteToUsuario
Save/Update: select * from Diseño_insumos WHERE  Diseño_insumos.cod_diseño=3  
Save/Update: select * from historico_estados_diseño WHERE  historico_estados_diseño.cod_diseño=3  
Save/Update: select * from EstadoDiseños WHERE  EstadoDiseños.estado=1  
Save/Update: UPDATE Diseño SET nombre='diseño3', puntadas=3333 , alto=33 , ancho=33 , id_cliente=1 , estadoActual=2 , pathImagen='/cliente1/imagen/diseño1.jpg', pathDetalle='/cliente1/detalle/diseño1.jpg', pathArchivoEditable='/cliente1/diseñoEditable/diseño1.jpg', pathArchivoFinal='/cliente1/diseño/diseño1.jpg', borrado=0  WHERE cod_diseño=3  ; UPDATE historico_estados_diseño SET borrado=1 WHERE cod_diseño=3  ; 
Save/Update: DELETE Diseño_insumos WHERE cod_diseño=3  AND cod_insumo=1  
Save/Update: INSERT INTO Diseño_insumos (cod_diseño, cod_insumo, cantidad) VALUES (3 , 1 , 3); 
Save/Update: UPDATE historico_estados_diseño SET comentario='test', fechaDesde= CAST('26/11/2012 18:29:37.707'  AS DateTime), fechaHasta= CAST('26/11/2012 18:29:37.757'  AS DateTime), estado=1 , borrado=0  WHERE nro_estado=1  AND cod_diseño=3  ; 
Save/Update: SELECT  ISNULL(MAX(nro_estado + 1),1) from historico_estados_diseño WHERE cod_diseño=3
Save/Update: INSERT INTO historico_estados_diseño (nro_estado, cod_diseño, comentario, fechaDesde, fechaHasta, estado, borrado) VALUES (2 , 3 , 'test',  CAST('26/11/2012 18:29:37.757'  AS DateTime),  NULL , 2 , 0 ); 
Save/Update: select * from Diseño WHERE  Diseño.cod_diseño=3  ; select * from historico_estados_diseño WHERE borrado = 0
Save/Update: select * from Cliente WHERE  Cliente.id_cliente=1  ; select * from cliente_movimientos; select * from Pedido WHERE borrado = 0; select * from Factura WHERE borrado = 0; select * from Diseño WHERE borrado = 0
Save/Update: select * from Usuario WHERE  Usuario.usuarioID=1  ; select * from JoinUsuarioToFamilia; select * from JoinPatenteToUsuario
Save/Update: select * from Diseño_insumos WHERE  Diseño_insumos.cod_diseño=3  
Save/Update: select * from historico_estados_diseño WHERE  historico_estados_diseño.cod_diseño=3  
Save/Update: select * from EstadoDiseños WHERE  EstadoDiseños.estado=2  
Save/Update: DELETE FROM Diseño_insumos where cod_diseño=3
Save/Update: DELETE FROM historico_estados_diseño where cod_diseño=3
Save/Update: DELETE Diseño WHERE cod_diseño=3</StdOut>
      </Output>
    </UnitTestResult>
    <UnitTestResult executionId="e5917bd0-0ca3-42d9-b608-07370f796d8e" testId="4f3a2e54-c06b-cfc2-386b-24b648fee82c" testName="cargarMovimientosTest" computerName="DIEGO-PC" duration="00:00:00.0061103" startTime="2012-11-26T18:29:37.8281349-03:00" endTime="2012-11-26T18:29:37.8441359-03:00" testType="13cdc9d9-ddb5-4fa4-a97d-d965ccfc6d4b" outcome="Passed" testListId="8c84fa94-04c1-424b-9868-57a2d4851a1d" relativeResultsDirectory="e5917bd0-0ca3-42d9-b608-07370f796d8e">
      <Output>
        <StdOut>Save/Update: select * from MovimientosStock
Save/Update: DELETE MovimientosStock WHERE nro_movimiento=3  AND cod_insumo=1</StdOut>
      </Output>
    </UnitTestResult>
    <UnitTestResult executionId="a87230a8-9187-48fd-984b-cedacdd89db5" testId="5062f8db-d3cc-b220-b391-1deb74053b65" testName="listarConversacionesPorIdTest" computerName="DIEGO-PC" duration="00:00:00.0091890" startTime="2012-11-26T18:29:37.8491361-03:00" endTime="2012-11-26T18:29:37.8681372-03:00" testType="13cdc9d9-ddb5-4fa4-a97d-d965ccfc6d4b" outcome="Passed" testListId="8c84fa94-04c1-424b-9868-57a2d4851a1d" relativeResultsDirectory="a87230a8-9187-48fd-984b-cedacdd89db5">
      <Output>
        <StdOut>Save/Update: select * from Conversacion WHERE  Conversacion.remitente=1  ; select * from mensaje WHERE borrado = 0
Save/Update: select * from Conversacion WHERE  Conversacion.destinatario=1  ; select * from mensaje WHERE borrado = 0
Save/Update: select * from Usuario WHERE  Usuario.usuarioID=1  ; select * from JoinUsuarioToFamilia; select * from JoinPatenteToUsuario
Save/Update: select * from Usuario WHERE  Usuario.usuarioID=2  ; select * from JoinUsuarioToFamilia; select * from JoinPatenteToUsuario
Save/Update: select * from Mensaje WHERE  Mensaje.id_conversacion=1</StdOut>
      </Output>
    </UnitTestResult>
    <UnitTestResult executionId="217cb6eb-5c7e-4e3f-bcb6-3c8a17463f90" testId="5136f8bc-ea30-8e7a-77a2-f46a924db348" testName="buscarTodoTest" computerName="DIEGO-PC" duration="00:00:00.0037969" startTime="2012-11-26T18:29:37.8701373-03:00" endTime="2012-11-26T18:29:37.8871383-03:00" testType="13cdc9d9-ddb5-4fa4-a97d-d965ccfc6d4b" outcome="Passed" testListId="8c84fa94-04c1-424b-9868-57a2d4851a1d" relativeResultsDirectory="217cb6eb-5c7e-4e3f-bcb6-3c8a17463f90">
      <Output>
        <StdOut>Save/Update: select * from Proveedor</StdOut>
      </Output>
    </UnitTestResult>
    <UnitTestResult executionId="a94b0b61-18f1-4ac2-9a1b-ab4718b2819e" testId="513854bd-1669-ed84-d891-6995e53105ac" testName="cargarFacturasConRestriccionesTest" computerName="DIEGO-PC" duration="00:00:00.0098022" startTime="2012-11-26T18:29:37.8951388-03:00" endTime="2012-11-26T18:29:37.9141399-03:00" testType="13cdc9d9-ddb5-4fa4-a97d-d965ccfc6d4b" outcome="Passed" testListId="8c84fa94-04c1-424b-9868-57a2d4851a1d" relativeResultsDirectory="a94b0b61-18f1-4ac2-9a1b-ab4718b2819e">
      <Output>
        <StdOut>Save/Update: select * from Factura WHERE  Factura.borrado=0  AND  Factura.id_cliente=1  AND  Factura.fecha= CAST('11/11/2011 00:00:00.000'  AS DateTime) AND  Factura.iva=11 AND  Factura.nro_Doc=1  AND  Factura.nro_factura=1  AND  Factura.nro_sucursal=1  AND  Factura.tipo_factura='A' AND  Factura.nro_Doc=1  ; select * from documento_movimiento; select * from LineaFactura WHERE borrado = 0
Save/Update: delete Factura where nro_doc=5
Save/Update: delete documento where nro_doc=5</StdOut>
      </Output>
    </UnitTestResult>
    <UnitTestResult executionId="ddb65fa0-8fd9-4fd7-b015-581ab80c0bd1" testId="52baea7e-b200-446e-6971-763252eb7cdd" testName="cargarHistoricoEstadosTest" computerName="DIEGO-PC" duration="00:00:00.0041937" startTime="2012-11-26T18:29:37.9161400-03:00" endTime="2012-11-26T18:29:37.9291407-03:00" testType="13cdc9d9-ddb5-4fa4-a97d-d965ccfc6d4b" outcome="Passed" testListId="8c84fa94-04c1-424b-9868-57a2d4851a1d" relativeResultsDirectory="ddb65fa0-8fd9-4fd7-b015-581ab80c0bd1">
      <Output>
        <StdOut>Save/Update: select * from historico_estados_pedido</StdOut>
      </Output>
    </UnitTestResult>
    <UnitTestResult executionId="881f3db9-68d0-4d71-af54-65c78d39e239" testId="52d17b0e-d936-129e-43f3-078523a7b6ea" testName="actualizarClienteTest" computerName="DIEGO-PC" duration="00:00:00.0405635" startTime="2012-11-26T18:29:37.9341410-03:00" endTime="2012-11-26T18:29:37.9821437-03:00" testType="13cdc9d9-ddb5-4fa4-a97d-d965ccfc6d4b" outcome="Passed" testListId="8c84fa94-04c1-424b-9868-57a2d4851a1d" relativeResultsDirectory="881f3db9-68d0-4d71-af54-65c78d39e239">
      <Output>
        <StdOut>Save/Update: select * from Cliente WHERE  Cliente.id_cliente=1  ; select * from cliente_movimientos; select * from Pedido WHERE borrado = 0; select * from Factura WHERE borrado = 0; select * from Diseño WHERE borrado = 0
Save/Update: select * from Usuario WHERE  Usuario.usuarioID=1  ; select * from JoinUsuarioToFamilia; select * from JoinPatenteToUsuario
Save/Update: select * from Familia JOIN JoinUsuarioToFamilia AS usuarios ON Familia.familiaID=usuarios.familiaID WHERE usuarios.usuarioID=1  ; select * from JoinFamiliaToPatente
Save/Update: select * from Patente JOIN JoinPatenteToUsuario AS usuario ON Patente.patenteId=usuario.patenteId WHERE usuario.usuarioID=1  
Save/Update: select * from Cliente WHERE  Cliente.usuarioID=1  ; select * from cliente_movimientos; select * from Pedido WHERE borrado = 0; select * from Factura WHERE borrado = 0; select * from Diseño WHERE borrado = 0
Save/Update: select * from Diseño WHERE  Diseño.id_cliente=1  ; select * from historico_estados_diseño WHERE borrado = 0
Save/Update: select * from Factura WHERE  Factura.id_cliente=1  ; select * from documento_movimiento; select * from LineaFactura WHERE borrado = 0
Save/Update: select * from Pedido WHERE  Pedido.id_cliente=1  ; select * from produccion WHERE borrado = 0; select * from historico_estados_pedido WHERE borrado = 0
Save/Update: select * from MovimientosCuenta JOIN cliente_movimientos AS cliente ON MovimientosCuenta.nro_movimiento=cliente.nro_movimiento WHERE cliente.id_cliente=1  AND cliente.id_cliente IS NOT  NULL ; select * from cliente_movimientos; select * from documento_movimiento
Save/Update: UPDATE Usuario SET nombre='nombre6', apellido='apellido6', mail='mail6@test.com', password='pas633', telefonoFijo='6666-6666', telefonoMovil='6666-6666', bloqueado=0  WHERE usuarioID=1  ; DELETE JoinUsuarioToFamilia where usuarioID=1  ;  INSERT INTO JoinUsuarioToFamilia ( usuarioID, familiaID) VALUES ( 1 , 5 ); DELETE JoinPatenteToUsuario where usuarioID=1  ;  INSERT INTO JoinPatenteToUsuario ( usuarioID, patenteId) VALUES ( 1 , 3 ); 
Save/Update: UPDATE Cliente SET habitadoTurnos=0 , newsletter=1  WHERE id_cliente=1  ; UPDATE Pedido SET borrado=1 WHERE id_cliente=1  ; UPDATE Factura SET borrado=1 WHERE id_cliente=1  ; UPDATE Diseño SET borrado=1 WHERE id_cliente=1  ; 
Save/Update: select * from Cliente WHERE  Cliente.id_cliente=1  ; select * from cliente_movimientos; select * from Pedido WHERE borrado = 0; select * from Factura WHERE borrado = 0; select * from Diseño WHERE borrado = 0
Save/Update: select * from Usuario WHERE  Usuario.usuarioID=1  ; select * from JoinUsuarioToFamilia; select * from JoinPatenteToUsuario
Save/Update: select * from Familia JOIN JoinUsuarioToFamilia AS usuarios ON Familia.familiaID=usuarios.familiaID WHERE usuarios.usuarioID=1  ; select * from JoinFamiliaToPatente
Save/Update: select * from Patente JOIN JoinFamiliaToPatente AS familia ON Patente.patenteId=familia.patenteId WHERE familia.familiaID=5  
Save/Update: select * from Patente JOIN JoinPatenteToUsuario AS usuario ON Patente.patenteId=usuario.patenteId WHERE usuario.usuarioID=1  
Save/Update: select * from Cliente WHERE  Cliente.usuarioID=1  ; select * from cliente_movimientos; select * from Pedido WHERE borrado = 0; select * from Factura WHERE borrado = 0; select * from Diseño WHERE borrado = 0
Save/Update: select * from Diseño WHERE  Diseño.id_cliente=1  ; select * from historico_estados_diseño WHERE borrado = 0
Save/Update: select * from Factura WHERE  Factura.id_cliente=1  ; select * from documento_movimiento; select * from LineaFactura WHERE borrado = 0
Save/Update: select * from Pedido WHERE  Pedido.id_cliente=1  ; select * from produccion WHERE borrado = 0; select * from historico_estados_pedido WHERE borrado = 0
Save/Update: select * from MovimientosCuenta JOIN cliente_movimientos AS cliente ON MovimientosCuenta.nro_movimiento=cliente.nro_movimiento WHERE cliente.id_cliente=1  AND cliente.id_cliente IS NOT  NULL ; select * from cliente_movimientos; select * from documento_movimiento
Save/Update: UPDATE Usuario SET nombre='nombre1', apellido='apellido1', mail='mail1@test.com', password='11C8', telefonoFijo='1111-1111', telefonoMovil='1111-1111', bloqueado=0  WHERE usuarioID=1  ; DELETE JoinUsuarioToFamilia where usuarioID=1  ; DELETE JoinPatenteToUsuario where usuarioID=1  ;  INSERT INTO JoinPatenteToUsuario ( usuarioID, patenteId) VALUES ( 1 , 1 ); 
Save/Update: UPDATE Cliente SET habitadoTurnos=1 , newsletter=0  WHERE id_cliente=1  ; UPDATE Pedido SET borrado=1 WHERE id_cliente=1  ; UPDATE Factura SET borrado=1 WHERE id_cliente=1  ; UPDATE Diseño SET borrado=1 WHERE id_cliente=1  ; 
Save/Update:  UPDATE factura set borrado = 0 
Save/Update:  UPDATE diseño set borrado = 0 
Save/Update:  UPDATE pedido set borrado = 0</StdOut>
      </Output>
    </UnitTestResult>
    <UnitTestResult executionId="9b01d1db-1bf7-4d28-9fa3-fbd8f78ce52a" testId="53977503-45e6-020c-cee1-a5a2bdcb3045" testName="borrarFamiliaTest" computerName="DIEGO-PC" duration="00:00:00.0069363" startTime="2012-11-26T18:29:37.9871440-03:00" endTime="2012-11-26T18:29:38.0061451-03:00" testType="13cdc9d9-ddb5-4fa4-a97d-d965ccfc6d4b" outcome="Passed" testListId="8c84fa94-04c1-424b-9868-57a2d4851a1d" relativeResultsDirectory="9b01d1db-1bf7-4d28-9fa3-fbd8f78ce52a">
      <Output>
        <StdOut>Save/Update: INSERT INTO Familia (familiaID, descripcion, nombre) VALUES (7 , 'familia test', 'test'); DELETE JoinFamiliaToPatente where familiaID=7  ;  INSERT INTO JoinFamiliaToPatente ( familiaID, patenteId) VALUES ( 7 , 9 ); 
Save/Update: select * from Familia WHERE  Familia.familiaID=7  ; select * from JoinFamiliaToPatente
Save/Update: DELETE JoinFamiliaToPatente where familiaID=7  ; ;DELETE Familia WHERE familiaID=7  
Save/Update: select * from Familia WHERE  Familia.familiaID=7  ; select * from JoinFamiliaToPatente</StdOut>
      </Output>
    </UnitTestResult>
    <UnitTestResult executionId="c5f4b34b-27ca-4ed6-b7af-01c3b9ff3043" testId="53e8a9c8-96f4-eccd-a6cf-588d5c1fbc4b" testName="guardarArticuloTest" computerName="DIEGO-PC" duration="00:00:00.0178042" startTime="2012-11-26T18:29:38.0121455-03:00" endTime="2012-11-26T18:29:38.0381470-03:00" testType="13cdc9d9-ddb5-4fa4-a97d-d965ccfc6d4b" outcome="Passed" testListId="8c84fa94-04c1-424b-9868-57a2d4851a1d" relativeResultsDirectory="c5f4b34b-27ca-4ed6-b7af-01c3b9ff3043">
      <Output>
        <StdOut>Save/Update: SELECT  ISNULL(MAX(cod_articulo + 1),1) from Articulos
Save/Update: INSERT INTO Articulos (cod_articulo, tipoPrendaID, diseñoID, comentario, produccion, precioActual, borrado) VALUES (4 , 3 , 2 , 'com test', 10 , 1, 0 ); UPDATE lista_precios SET borrado=1 WHERE cod_articulo=4  ; 
Save/Update: SELECT  ISNULL( MAX(nro_lista + 1), 1) from lista_precios WHERE cod_articulo=4
Save/Update: INSERT INTO lista_precios (nro_lista, cod_articulo, precio, fechaDesde, fechaHasta, borrado) VALUES (1 , 4 , 1,  CAST('26/11/2012 18:29:38.018'  AS DateTime),  NULL , 0 ); 
Save/Update: select * from Articulos WHERE  Articulos.cod_articulo=4  ; select * from lista_precios WHERE borrado = 0
Save/Update: select * from lista_precios WHERE  lista_precios.cod_articulo=4  
Save/Update: select * from TipoPrenda WHERE  TipoPrenda.tipo_prenda=3  
Save/Update: select * from Diseño WHERE  Diseño.cod_diseño=2  ; select * from historico_estados_diseño WHERE borrado = 0
Save/Update: DELETE lista_precios WHERE nro_lista=1  AND cod_articulo=4  
Save/Update: DELETE lista_precios WHERE nro_lista=2  AND cod_articulo=4  
Save/Update: DELETE Articulos WHERE cod_articulo=4</StdOut>
      </Output>
    </UnitTestResult>
    <UnitTestResult executionId="a5081030-8fba-4bc5-941e-a83c83ad550a" testId="53fb134c-9656-57a4-8598-b11e28cf481e" testName="actualizarMovimientoTest" computerName="DIEGO-PC" duration="00:00:00.0190039" startTime="2012-11-26T18:29:38.0421472-03:00" endTime="2012-11-26T18:29:38.0691487-03:00" testType="13cdc9d9-ddb5-4fa4-a97d-d965ccfc6d4b" outcome="Passed" testListId="8c84fa94-04c1-424b-9868-57a2d4851a1d" relativeResultsDirectory="a5081030-8fba-4bc5-941e-a83c83ad550a">
      <Output>
        <StdOut>Save/Update: SELECT  ISNULL(MAX(nro_movimiento + 1),1) from MovimientosCuenta
Save/Update: INSERT INTO MovimientosCuenta (nro_movimiento, comentario, fecha, monto, cuentaID, tipoMovimientoID) VALUES (4 , 'com4',  CAST('26/11/2012 18:29:38.049'  AS DateTime), 33.3, 1 , 2 ); DELETE proveedor_movimientos where nro_movimiento=4  ;  INSERT INTO proveedor_movimientos ( nro_movimiento, id_proveedor) VALUES ( 4 , 3 ); DELETE documento_movimiento where nro_movimiento=4  ; 
Save/Update: select * from MovimientosCuenta JOIN proveedor_movimientos AS proveedor ON MovimientosCuenta.nro_movimiento=proveedor.nro_movimiento WHERE  MovimientosCuenta.nro_movimiento=4  AND proveedor.id_proveedor IS NOT  NULL ; select * from proveedor_movimientos; select * from documento_movimiento
Save/Update: select * from Proveedor WHERE  Proveedor.id_proveedor=3  
Save/Update: select * from OrdenDeCompra WHERE  OrdenDeCompra.id_proveedor=3  ; select * from documento_movimiento; select * from LineaOrdenDeCompra WHERE borrado = 0
Save/Update: select * from tipoMovimiento WHERE  tipoMovimiento.tipoMovimientoID=2  
Save/Update: select * from Cuenta WHERE  Cuenta.cuentaID=1  
Save/Update: UPDATE MovimientosCuenta SET comentario='com4', fecha= CAST('26/11/2012 18:29:38.050'  AS DateTime), monto=33.3, cuentaID=1 , tipoMovimientoID=2  WHERE nro_movimiento=4  ; DELETE proveedor_movimientos where nro_movimiento=4  ;  INSERT INTO proveedor_movimientos ( nro_movimiento, id_proveedor) VALUES ( 4 , 1 ); DELETE documento_movimiento where nro_movimiento=4  ; 
Save/Update: select * from MovimientosCuenta JOIN proveedor_movimientos AS proveedor ON MovimientosCuenta.nro_movimiento=proveedor.nro_movimiento WHERE  MovimientosCuenta.nro_movimiento=4  AND proveedor.id_proveedor IS NOT  NULL ; select * from proveedor_movimientos; select * from documento_movimiento
Save/Update: select * from Proveedor WHERE  Proveedor.id_proveedor=1  
Save/Update: select * from OrdenDeCompra WHERE  OrdenDeCompra.id_proveedor=1  ; select * from documento_movimiento; select * from LineaOrdenDeCompra WHERE borrado = 0
Save/Update: select * from tipoMovimiento WHERE  tipoMovimiento.tipoMovimientoID=2  
Save/Update: select * from Cuenta WHERE  Cuenta.cuentaID=1  
Save/Update: DELETE proveedor_movimientos where nro_movimiento=4  ; DELETE documento_movimiento where nro_movimiento=4  ; ;DELETE MovimientosCuenta WHERE nro_movimiento=4</StdOut>
      </Output>
    </UnitTestResult>
    <UnitTestResult executionId="4ccca92e-694f-4d97-95c8-c210b3d036c6" testId="542e3d8e-c605-852a-af9b-310782faad08" testName="actualizarMaquinaTest" computerName="DIEGO-PC" duration="00:00:00.0166797" startTime="2012-11-26T18:29:38.0751491-03:00" endTime="2012-11-26T18:29:38.0991504-03:00" testType="13cdc9d9-ddb5-4fa4-a97d-d965ccfc6d4b" outcome="Passed" testListId="8c84fa94-04c1-424b-9868-57a2d4851a1d" relativeResultsDirectory="4ccca92e-694f-4d97-95c8-c210b3d036c6">
      <Output>
        <StdOut>Save/Update: SELECT  ISNULL(MAX(cod_maquina + 1),1) from Maquina
Save/Update: INSERT INTO Maquina (cod_maquina, altoMargen, anchoMargen, cabezales, nombre, velocidadPromedio, cantidadColores) VALUES (4 , 100 , 200 , 12 , 'nombre nuevo', 1000 , 12 ); DELETE JoinMaquinaToTipoPrenda where cod_maquina=4  ;  INSERT INTO JoinMaquinaToTipoPrenda ( cod_maquina, tipo_prenda) VALUES ( 4 , 1 );  INSERT INTO JoinMaquinaToTipoPrenda ( cod_maquina, tipo_prenda) VALUES ( 4 , 2 ); 
Save/Update: select * from Maquina WHERE  Maquina.cod_maquina=4  ; select * from JoinMaquinaToTipoPrenda
Save/Update: select * from TipoPrenda WHERE  TipoPrenda.tipo_prenda=1  
Save/Update: select * from TipoPrenda WHERE  TipoPrenda.tipo_prenda=2  
Save/Update: UPDATE Maquina SET altoMargen=100 , anchoMargen=200 , cabezales=12 , nombre='nombre editado', velocidadPromedio=1000 , cantidadColores=12  WHERE cod_maquina=4  ; DELETE JoinMaquinaToTipoPrenda where cod_maquina=4  ;  INSERT INTO JoinMaquinaToTipoPrenda ( cod_maquina, tipo_prenda) VALUES ( 4 , 1 ); 
Save/Update: select * from Maquina WHERE  Maquina.cod_maquina=4  ; select * from JoinMaquinaToTipoPrenda
Save/Update: select * from TipoPrenda WHERE  TipoPrenda.tipo_prenda=1  
Save/Update: DELETE JoinMaquinaToTipoPrenda where cod_maquina=4  ; ;DELETE Maquina WHERE cod_maquina=4  
Save/Update: delete from JoinMaquinaToTipoPrenda where cod_maquina=4</StdOut>
      </Output>
    </UnitTestResult>
    <UnitTestResult executionId="71f7838b-94e3-47b1-922c-7d975aeecdc7" testId="55841f62-e499-c1d2-7702-e492ea6411db" testName="grabarInsumoTest" computerName="DIEGO-PC" duration="00:00:00.0066134" startTime="2012-11-26T18:29:38.1011506-03:00" endTime="2012-11-26T18:29:38.1181515-03:00" testType="13cdc9d9-ddb5-4fa4-a97d-d965ccfc6d4b" outcome="Passed" testListId="8c84fa94-04c1-424b-9868-57a2d4851a1d" relativeResultsDirectory="71f7838b-94e3-47b1-922c-7d975aeecdc7">
      <Output>
        <StdOut>Save/Update: SELECT  ISNULL(MAX(cod_insumo + 1),1) from insumo
Save/Update: INSERT INTO insumo (cod_insumo, nombre, id_tipo_insumo, color, detalle, costo, cantidadActual) VALUES (5 , 'nombre5', 1 , 1 , 'detalle5', 5, 5 ); 
Save/Update: select * from insumo WHERE  insumo.cod_insumo=5  
Save/Update: DELETE insumo WHERE cod_insumo=5</StdOut>
      </Output>
    </UnitTestResult>
    <UnitTestResult executionId="994cf613-9468-4ba4-895a-670fa9ccf229" testId="5627da22-d5e7-edd9-24c7-79ea0acd3bdb" testName="buscarEncuestaTest" computerName="DIEGO-PC" duration="00:00:00.0436993" startTime="2012-11-26T18:29:38.1231518-03:00" endTime="2012-11-26T18:29:38.1751548-03:00" testType="13cdc9d9-ddb5-4fa4-a97d-d965ccfc6d4b" outcome="Passed" testListId="8c84fa94-04c1-424b-9868-57a2d4851a1d" relativeResultsDirectory="994cf613-9468-4ba4-895a-670fa9ccf229">
      <Output>
        <StdOut>Save/Update: SELECT  ISNULL(MAX(id + 1),1) from encuesta
Save/Update: INSERT INTO encuesta (id, atencion, calidad, eficiencia) VALUES (4 , 1 , 2 , 3 ); 
Save/Update: select * from encuesta
Save/Update: DELETE encuesta WHERE id=4  
Save/Update: select * from encuesta</StdOut>
      </Output>
    </UnitTestResult>
    <UnitTestResult executionId="681761ed-640f-4eb5-a377-2333a92f810d" testId="57811f03-2314-dd80-537e-0ead8105505e" testName="actualizarProveedorTest" computerName="DIEGO-PC" duration="00:00:00.0044246" startTime="2012-11-26T18:29:38.1801551-03:00" endTime="2012-11-26T18:29:38.1921558-03:00" testType="13cdc9d9-ddb5-4fa4-a97d-d965ccfc6d4b" outcome="Passed" testListId="8c84fa94-04c1-424b-9868-57a2d4851a1d" relativeResultsDirectory="681761ed-640f-4eb5-a377-2333a92f810d">
      <Output>
        <StdOut>Save/Update: UPDATE Proveedor SET nombre='nombre1modificado', telefono='15-1111-1111', direccion='direccion 1 modificado' WHERE id_proveedor=1  ; 
Save/Update: select * from Proveedor WHERE  Proveedor.id_proveedor=1  
Save/Update: UPDATE Proveedor SET nombre='nombre1', telefono='1111-1111', direccion='direccion 1' WHERE id_proveedor=1  ;</StdOut>
      </Output>
    </UnitTestResult>
    <UnitTestResult executionId="f558eb6b-34d3-41d3-9d18-40bc79dfce74" testId="57822e73-41f0-97dd-bf29-4b1fd4ed053c" testName="actualizarMovimientosTest" computerName="DIEGO-PC" duration="00:00:00.0114955" startTime="2012-11-26T18:29:38.1951559-03:00" endTime="2012-11-26T18:29:38.2141570-03:00" testType="13cdc9d9-ddb5-4fa4-a97d-d965ccfc6d4b" outcome="Passed" testListId="8c84fa94-04c1-424b-9868-57a2d4851a1d" relativeResultsDirectory="f558eb6b-34d3-41d3-9d18-40bc79dfce74">
      <Output>
        <StdOut>Save/Update: SELECT  ISNULL(MAX(nro_movimiento + 1),1) from MovimientosStock WHERE cod_insumo=1
Save/Update: INSERT INTO MovimientosStock (nro_movimiento, cod_insumo, tipo, fecha, cantidad) VALUES (3 , 1 , 1 ,  CAST('11/11/2012 00:00:00.000'  AS DateTime), 15); 
Save/Update: select * from MovimientosStock WHERE  MovimientosStock.cod_insumo=1  AND  MovimientosStock.nro_movimiento=3  
Save/Update: UPDATE MovimientosStock SET tipo=1 , fecha= CAST('11/11/2012 00:00:00.000'  AS DateTime), cantidad=18.3 WHERE nro_movimiento=3  AND cod_insumo=1  ; 
Save/Update: select * from MovimientosStock WHERE  MovimientosStock.cod_insumo=1  AND  MovimientosStock.nro_movimiento=3  
Save/Update: DELETE MovimientosStock WHERE nro_movimiento=3  AND cod_insumo=1</StdOut>
      </Output>
    </UnitTestResult>
    <UnitTestResult executionId="c9d9b408-7716-46ea-b461-7f0c97a865a3" testId="58008e3d-a662-382f-b6bd-ea56db2d0729" testName="buscarPrimerosHuecosMaquinaTest" computerName="DIEGO-PC" duration="00:00:00.0337046" startTime="2012-11-26T18:29:38.2161571-03:00" endTime="2012-11-26T18:29:38.2571595-03:00" testType="13cdc9d9-ddb5-4fa4-a97d-d965ccfc6d4b" outcome="Passed" testListId="8c84fa94-04c1-424b-9868-57a2d4851a1d" relativeResultsDirectory="c9d9b408-7716-46ea-b461-7f0c97a865a3">
      <Output>
        <StdOut>Save/Update: select * from produccion WHERE  produccion.cod_maquina=1  AND  produccion.fechaFinal&gt;= CAST('09/10/2012 11:00:00.000'  AS DateTime) ; select * from historico_estados_produccion WHERE borrado = 0
Save/Update: select * from Pedido WHERE  Pedido.cod_pedido=1  ; select * from produccion WHERE borrado = 0; select * from historico_estados_pedido WHERE borrado = 0
Save/Update: select * from Maquina WHERE  Maquina.cod_maquina=1  ; select * from JoinMaquinaToTipoPrenda
Save/Update: select * from Articulos WHERE  Articulos.cod_articulo=1  ; select * from lista_precios WHERE borrado = 0
Save/Update: select * from EstadoTrabajos WHERE  EstadoTrabajos.cod_estado=3  
Save/Update: select * from historico_estados_produccion WHERE  historico_estados_produccion.cod_produccion=1  
Save/Update: select * from produccion_operador WHERE  produccion_operador.cod_prodcuccion=1  
Save/Update: select * from Pedido WHERE  Pedido.cod_pedido=1  ; select * from produccion WHERE borrado = 0; select * from historico_estados_pedido WHERE borrado = 0
Save/Update: select * from Maquina WHERE  Maquina.cod_maquina=1  ; select * from JoinMaquinaToTipoPrenda
Save/Update: select * from Articulos WHERE  Articulos.cod_articulo=2  ; select * from lista_precios WHERE borrado = 0
Save/Update: select * from EstadoTrabajos WHERE  EstadoTrabajos.cod_estado=2  
Save/Update: select * from historico_estados_produccion WHERE  historico_estados_produccion.cod_produccion=2  
Save/Update: select * from produccion_operador WHERE  produccion_operador.cod_prodcuccion=2  
Save/Update: select * from Pedido WHERE  Pedido.cod_pedido=2  ; select * from produccion WHERE borrado = 0; select * from historico_estados_pedido WHERE borrado = 0
Save/Update: select * from Maquina WHERE  Maquina.cod_maquina=1  ; select * from JoinMaquinaToTipoPrenda
Save/Update: select * from Articulos WHERE  Articulos.cod_articulo=6  ; select * from lista_precios WHERE borrado = 0
Save/Update: select * from EstadoTrabajos WHERE  EstadoTrabajos.cod_estado=0  
Save/Update: select * from historico_estados_produccion WHERE  historico_estados_produccion.cod_produccion=5  
Save/Update: select * from produccion_operador WHERE  produccion_operador.cod_prodcuccion=5  
Save/Update: select * from produccion WHERE  produccion.cod_maquina=1  AND  produccion.fechaInicio&gt;= CAST('09/10/2012 14:00:00.000'  AS DateTime) ; select * from historico_estados_produccion WHERE borrado = 0
Save/Update: select * from Pedido WHERE  Pedido.cod_pedido=1  ; select * from produccion WHERE borrado = 0; select * from historico_estados_pedido WHERE borrado = 0
Save/Update: select * from Maquina WHERE  Maquina.cod_maquina=1  ; select * from JoinMaquinaToTipoPrenda
Save/Update: select * from Articulos WHERE  Articulos.cod_articulo=2  ; select * from lista_precios WHERE borrado = 0
Save/Update: select * from EstadoTrabajos WHERE  EstadoTrabajos.cod_estado=2  
Save/Update: select * from historico_estados_produccion WHERE  historico_estados_produccion.cod_produccion=2  
Save/Update: select * from produccion_operador WHERE  produccion_operador.cod_prodcuccion=2  
Save/Update: select * from Pedido WHERE  Pedido.cod_pedido=2  ; select * from produccion WHERE borrado = 0; select * from historico_estados_pedido WHERE borrado = 0
Save/Update: select * from Maquina WHERE  Maquina.cod_maquina=1  ; select * from JoinMaquinaToTipoPrenda
Save/Update: select * from Articulos WHERE  Articulos.cod_articulo=6  ; select * from lista_precios WHERE borrado = 0
Save/Update: select * from EstadoTrabajos WHERE  EstadoTrabajos.cod_estado=0  
Save/Update: select * from historico_estados_produccion WHERE  historico_estados_produccion.cod_produccion=5  
Save/Update: select * from produccion_operador WHERE  produccion_operador.cod_prodcuccion=5  
Save/Update: DELETE produccion_operador WHERE id_operador=2  AND cod_prodcuccion=7  
Save/Update: DELETE historico_estados_produccion WHERE nro_estado=1  AND cod_produccion=7  
Save/Update: DELETE historico_estados_produccion WHERE nro_estado=2  AND cod_produccion=7  
Save/Update: DELETE produccion WHERE cod_produccion=7</StdOut>
      </Output>
    </UnitTestResult>
    <UnitTestResult executionId="c838b179-b1fa-4266-a964-82c79826790b" testId="583b72ae-47b9-5eaa-f8ea-320cdf69527e" testName="actualizarFamiliaPorObjetoTest" computerName="DIEGO-PC" duration="00:00:00.2918169" startTime="2012-11-26T18:29:38.2631598-03:00" endTime="2012-11-26T18:29:38.5661772-03:00" testType="13cdc9d9-ddb5-4fa4-a97d-d965ccfc6d4b" outcome="Passed" testListId="8c84fa94-04c1-424b-9868-57a2d4851a1d" relativeResultsDirectory="c838b179-b1fa-4266-a964-82c79826790b">
      <Output>
        <StdOut>Save/Update: select * from Familia WHERE  Familia.familiaID=5  ; select * from JoinFamiliaToPatente
Save/Update: select * from Patente JOIN JoinFamiliaToPatente AS familia ON Patente.patenteId=familia.patenteId WHERE familia.familiaID=5  
***************** Error --&gt; Save: UPDATE Familia SET descripcion='desTest', nombre='nombretest' WHERE familiaID=5  ; DELETE JoinFamiliaToPatente where familiaID=5  ;  INSERT INTO JoinFamiliaToPatente ( familiaID, patenteId) VALUES ( 5 , 9 );  INSERT INTO JoinFamiliaToPatente ( familiaID, patenteId) VALUES ( 5 , 9 ); 
                 Stacktrace: Infracción de la restricción PRIMARY KEY 'PK_JoinFamiliaToPatente'. No se puede insertar una clave duplicada en el objeto 'dbo.JoinFamiliaToPatente'.
Se terminó la instrucción.
Save/Update: select * from Familia WHERE  Familia.familiaID=5  ; select * from JoinFamiliaToPatente
Save/Update: select * from Patente JOIN JoinFamiliaToPatente AS familia ON Patente.patenteId=familia.patenteId WHERE familia.familiaID=5  
Save/Update: UPDATE Familia SET descripcion='Administracion de finanzas', nombre='Administracion de finanzas' WHERE familiaID=5  ; DELETE JoinFamiliaToPatente where familiaID=5  ;</StdOut>
      </Output>
    </UnitTestResult>
    <UnitTestResult executionId="4acacda0-e9c1-4126-ad05-deca08bbe2c8" testId="590fbd59-b150-d4b9-6a37-e409519e63c2" testName="buscarInsumosConRestriccionesTest" computerName="DIEGO-PC" duration="00:00:00.0064431" startTime="2012-11-26T18:29:38.5731776-03:00" endTime="2012-11-26T18:29:38.5901785-03:00" testType="13cdc9d9-ddb5-4fa4-a97d-d965ccfc6d4b" outcome="Passed" testListId="8c84fa94-04c1-424b-9868-57a2d4851a1d" relativeResultsDirectory="4acacda0-e9c1-4126-ad05-deca08bbe2c8">
      <Output>
        <StdOut>Save/Update: select * from insumo WHERE  insumo.cantidadActual=1  AND  insumo.cod_insumo=1  AND  insumo.color=1  AND  insumo.id_tipo_insumo=1  AND  insumo.detalle='detalle1' AND  insumo.nombre='nombre1' 
Save/Update: DELETE insumo WHERE cod_insumo=5</StdOut>
      </Output>
    </UnitTestResult>
    <UnitTestResult executionId="55573493-c61e-4bfc-94b2-8aa05aeada97" testId="59186e93-3595-d080-b439-d655c96ab973" testName="grabarUsuarioTest" computerName="DIEGO-PC" duration="00:00:00.0164668" startTime="2012-11-26T18:29:38.5961789-03:00" endTime="2012-11-26T18:29:38.6241805-03:00" testType="13cdc9d9-ddb5-4fa4-a97d-d965ccfc6d4b" outcome="Passed" testListId="8c84fa94-04c1-424b-9868-57a2d4851a1d" relativeResultsDirectory="55573493-c61e-4bfc-94b2-8aa05aeada97">
      <Output>
        <StdOut>Save/Update: INSERT INTO Usuario (usuarioID, nombre, apellido, mail, password, telefonoFijo, telefonoMovil, bloqueado) VALUES (6 , 'nombre6', 'apellido6', 'mail6@test.com', 'pas633', '6666-6666', '6666-6666', 0 ); DELETE JoinUsuarioToFamilia where usuarioID=6  ;  INSERT INTO JoinUsuarioToFamilia ( usuarioID, familiaID) VALUES ( 6 , 5 ); DELETE JoinPatenteToUsuario where usuarioID=6  ;  INSERT INTO JoinPatenteToUsuario ( usuarioID, patenteId) VALUES ( 6 , 3 ); 
Save/Update: select * from Usuario WHERE  Usuario.usuarioID=6  ; select * from JoinUsuarioToFamilia; select * from JoinPatenteToUsuario
Save/Update: select * from Familia JOIN JoinUsuarioToFamilia AS usuarios ON Familia.familiaID=usuarios.familiaID WHERE usuarios.usuarioID=6  ; select * from JoinFamiliaToPatente
Save/Update: select * from Patente JOIN JoinFamiliaToPatente AS familia ON Patente.patenteId=familia.patenteId WHERE familia.familiaID=5  
Save/Update: select * from Patente JOIN JoinPatenteToUsuario AS usuario ON Patente.patenteId=usuario.patenteId WHERE usuario.usuarioID=6  
Save/Update: select * from Cliente WHERE  Cliente.usuarioID=6  ; select * from cliente_movimientos; select * from Pedido WHERE borrado = 0; select * from Factura WHERE borrado = 0; select * from Diseño WHERE borrado = 0
Save/Update: DELETE JoinUsuarioToFamilia where usuarioID=6  ; DELETE JoinPatenteToUsuario where usuarioID=6  ; ;DELETE Usuario WHERE usuarioID=6  
Save/Update: select * from Usuario WHERE  Usuario.usuarioID=6  ; select * from JoinUsuarioToFamilia; select * from JoinPatenteToUsuario</StdOut>
      </Output>
    </UnitTestResult>
    <UnitTestResult executionId="4f12bce8-093d-4648-ac2e-ef3a216e0f44" testId="5973b42f-4391-99d3-6b49-5d351ffdd924" testName="listarInsumosPorCodigoTest" computerName="DIEGO-PC" duration="00:00:00.0086120" startTime="2012-11-26T18:29:38.6281807-03:00" endTime="2012-11-26T18:29:38.6531821-03:00" testType="13cdc9d9-ddb5-4fa4-a97d-d965ccfc6d4b" outcome="Passed" testListId="8c84fa94-04c1-424b-9868-57a2d4851a1d" relativeResultsDirectory="4f12bce8-093d-4648-ac2e-ef3a216e0f44">
      <Output>
        <StdOut>Save/Update: select * from insumo WHERE  insumo.cod_insumo=1  
Save/Update: select * from tipoInsumo WHERE  tipoInsumo.tipo_insumo=1  
Save/Update: select * from color WHERE  color.codigo_color=1  
Save/Update: select * from MovimientosStock WHERE  MovimientosStock.cod_insumo=1  
Save/Update: DELETE MovimientosStock WHERE nro_movimiento=1  AND cod_insumo=5  
Save/Update: DELETE MovimientosStock WHERE nro_movimiento=2  AND cod_insumo=5  
Save/Update: DELETE insumo WHERE cod_insumo=5</StdOut>
      </Output>
    </UnitTestResult>
    <UnitTestResult executionId="ad3abac4-29c7-4616-b4b8-18ee74a6c53f" testId="59ac30e1-edc3-3193-83d1-44bf47baeaf4" testName="modificarInsumoTest" computerName="DIEGO-PC" duration="00:00:00.0072688" startTime="2012-11-26T18:29:38.6611826-03:00" endTime="2012-11-26T18:29:38.6771835-03:00" testType="13cdc9d9-ddb5-4fa4-a97d-d965ccfc6d4b" outcome="Passed" testListId="8c84fa94-04c1-424b-9868-57a2d4851a1d" relativeResultsDirectory="ad3abac4-29c7-4616-b4b8-18ee74a6c53f">
      <Output>
        <StdOut>Save/Update: SELECT  ISNULL(MAX(cod_insumo + 1),1) from insumo
Save/Update: INSERT INTO insumo (cod_insumo, nombre, id_tipo_insumo, color, detalle, costo, cantidadActual) VALUES (5 , 'nombre5', 1 , 1 , 'detalle5', 5, 5 ); 
Save/Update: select * from insumo WHERE  insumo.cod_insumo=5  
Save/Update: UPDATE insumo SET nombre='nombre5', id_tipo_insumo=1 , color=4 , detalle='detalle5', costo=5, cantidadActual=5  WHERE cod_insumo=5  ; 
Save/Update: select * from insumo WHERE  insumo.cod_insumo=5  
Save/Update: DELETE insumo WHERE cod_insumo=5</StdOut>
      </Output>
    </UnitTestResult>
    <UnitTestResult executionId="2514a8ff-ca13-4cee-9fec-eeedb6628ffc" testId="5a471128-b46d-a047-f96f-afe4f1f9ce56" testName="grabarMovimientosClienteTest" computerName="DIEGO-PC" duration="00:00:00.0087067" startTime="2012-11-26T18:29:38.6821838-03:00" endTime="2012-11-26T18:29:38.7001848-03:00" testType="13cdc9d9-ddb5-4fa4-a97d-d965ccfc6d4b" outcome="Passed" testListId="8c84fa94-04c1-424b-9868-57a2d4851a1d" relativeResultsDirectory="2514a8ff-ca13-4cee-9fec-eeedb6628ffc">
      <Output>
        <StdOut>Save/Update: SELECT  ISNULL(MAX(nro_movimiento + 1),1) from MovimientosCuenta
Save/Update: INSERT INTO MovimientosCuenta (nro_movimiento, comentario, fecha, monto, cuentaID, tipoMovimientoID) VALUES (4 , 'com4',  CAST('26/11/2012 18:29:38.689'  AS DateTime), 33.3, 1 , 2 ); DELETE cliente_movimientos where nro_movimiento=4  ;  INSERT INTO cliente_movimientos ( nro_movimiento, id_cliente) VALUES ( 4 , 2 ); DELETE documento_movimiento where nro_movimiento=4  ; 
Save/Update: select * from MovimientosCuenta JOIN cliente_movimientos AS cliente ON MovimientosCuenta.nro_movimiento=cliente.nro_movimiento WHERE  MovimientosCuenta.nro_movimiento=4  AND  MovimientosCuenta.monto=33.3 AND cliente.id_cliente IS NOT  NULL ; select * from cliente_movimientos; select * from documento_movimiento
Save/Update: DELETE cliente_movimientos where nro_movimiento=4  ; DELETE documento_movimiento where nro_movimiento=4  ; ;DELETE MovimientosCuenta WHERE nro_movimiento=4</StdOut>
      </Output>
    </UnitTestResult>
    <UnitTestResult executionId="104ff94a-b25c-4440-b300-04fb0dfbfe1e" testId="5b45a836-b61f-3f4e-71ec-60865157f707" testName="modificarTest" computerName="DIEGO-PC" duration="00:00:00.0194455" startTime="2012-11-26T18:29:38.7071852-03:00" endTime="2012-11-26T18:29:38.7351868-03:00" testType="13cdc9d9-ddb5-4fa4-a97d-d965ccfc6d4b" outcome="Passed" testListId="8c84fa94-04c1-424b-9868-57a2d4851a1d" relativeResultsDirectory="104ff94a-b25c-4440-b300-04fb0dfbfe1e">
      <Output>
        <StdOut>Save/Update: select * from Conversacion WHERE  Conversacion.remitente=4  ; select * from mensaje WHERE borrado = 0
Save/Update: select * from Conversacion WHERE  Conversacion.destinatario=4  ; select * from mensaje WHERE borrado = 0
Save/Update: select * from Usuario WHERE  Usuario.usuarioID=4  ; select * from JoinUsuarioToFamilia; select * from JoinPatenteToUsuario
Save/Update: select * from Usuario WHERE  Usuario.usuarioID=5  ; select * from JoinUsuarioToFamilia; select * from JoinPatenteToUsuario
Save/Update: select * from Mensaje WHERE  Mensaje.id_conversacion=2  
Save/Update: UPDATE Conversacion SET remitente=4 , destinatario=5  WHERE id_conversacion=2  ; UPDATE mensaje SET borrado=1 WHERE id_conversacion=2  ; 
Save/Update: UPDATE Mensaje SET tipoMensaje=0 , fecha= CAST('26/08/2012 16:35:00.000'  AS DateTime), mensaje='msj de 4 a 5', leido=1 , borrado=0 , id_conversacion=2  WHERE id=3  ; 
Save/Update: UPDATE Mensaje SET tipoMensaje=1 , fecha= CAST('26/08/2012 16:35:00.000'  AS DateTime), mensaje='msj de 5 a 4', leido=0 , borrado=0 , id_conversacion=2  WHERE id=4  ; 
Save/Update: select * from Conversacion WHERE  Conversacion.remitente=4  ; select * from mensaje WHERE borrado = 0
Save/Update: select * from Conversacion WHERE  Conversacion.destinatario=4  ; select * from mensaje WHERE borrado = 0
Save/Update: select * from Usuario WHERE  Usuario.usuarioID=4  ; select * from JoinUsuarioToFamilia; select * from JoinPatenteToUsuario
Save/Update: select * from Usuario WHERE  Usuario.usuarioID=5  ; select * from JoinUsuarioToFamilia; select * from JoinPatenteToUsuario
Save/Update: select * from Mensaje WHERE  Mensaje.id_conversacion=2  
Save/Update: UPDATE Conversacion SET remitente=4 , destinatario=5  WHERE id_conversacion=2  ; UPDATE mensaje SET borrado=1 WHERE id_conversacion=2  ; 
Save/Update: UPDATE Mensaje SET tipoMensaje=0 , fecha= CAST('26/08/2012 16:35:00.000'  AS DateTime), mensaje='msj de 4 a 5', leido=1 , borrado=0 , id_conversacion=2  WHERE id=3  ; 
Save/Update: UPDATE Mensaje SET tipoMensaje=1 , fecha= CAST('26/08/2012 16:35:00.000'  AS DateTime), mensaje='msj de 5 a 4', leido=1 , borrado=0 , id_conversacion=2  WHERE id=4  ;</StdOut>
      </Output>
    </UnitTestResult>
    <UnitTestResult executionId="8566bd2b-84ce-4457-a68e-d6a971b63c37" testId="5b9bfc56-4cc5-173e-d51e-c0dfe65798ee" testName="actualizarTest" computerName="DIEGO-PC" duration="00:00:00.0073380" startTime="2012-11-26T18:29:38.7461875-03:00" endTime="2012-11-26T18:29:38.7631884-03:00" testType="13cdc9d9-ddb5-4fa4-a97d-d965ccfc6d4b" outcome="Passed" testListId="8c84fa94-04c1-424b-9868-57a2d4851a1d" relativeResultsDirectory="8566bd2b-84ce-4457-a68e-d6a971b63c37">
      <Output>
        <StdOut>Save/Update: UPDATE Proveedor SET nombre='nombre1modificado', telefono='15-1111-1111', direccion='direccion 1 modificado' WHERE id_proveedor=1  ; 
Save/Update: select * from Proveedor WHERE  Proveedor.id_proveedor=1  
Save/Update: select * from OrdenDeCompra WHERE  OrdenDeCompra.id_proveedor=1  ; select * from documento_movimiento; select * from LineaOrdenDeCompra WHERE borrado = 0
Save/Update: delete OrdenDeCompra where nro_doc=5
Save/Update: delete documento where nro_doc=5
Save/Update: DELETE Proveedor WHERE id_proveedor=4  
Save/Update: UPDATE Proveedor SET nombre='nombre1', telefono='1111-1111', direccion='direccion 1' WHERE id_proveedor=1  ;</StdOut>
      </Output>
    </UnitTestResult>
    <UnitTestResult executionId="dec2b766-b5cd-4c15-a700-cc63676b065d" testId="5bbb6d67-7645-c72a-0a3d-d422f73b22ec" testName="grabarPrendaTest" computerName="DIEGO-PC" duration="00:00:00.0052448" startTime="2012-11-26T18:29:38.7681887-03:00" endTime="2012-11-26T18:29:38.7851897-03:00" testType="13cdc9d9-ddb5-4fa4-a97d-d965ccfc6d4b" outcome="Passed" testListId="8c84fa94-04c1-424b-9868-57a2d4851a1d" relativeResultsDirectory="dec2b766-b5cd-4c15-a700-cc63676b065d">
      <Output>
        <StdOut>Save/Update: INSERT INTO TipoPrenda (tipo_prenda, descripcion) VALUES (5 , 'gorro'); 
Save/Update: select * from TipoPrenda
Save/Update: DELETE TipoPrenda WHERE tipo_prenda=5</StdOut>
      </Output>
    </UnitTestResult>
    <UnitTestResult executionId="c9616b2b-b54d-4c67-94fc-5c5bb3c48d35" testId="5bc580ea-e8dc-d81d-d20e-846c482c1228" testName="grabarOperadorTest" computerName="DIEGO-PC" duration="00:00:00.0171512" startTime="2012-11-26T18:29:38.7931901-03:00" endTime="2012-11-26T18:29:38.8231919-03:00" testType="13cdc9d9-ddb5-4fa4-a97d-d965ccfc6d4b" outcome="Passed" testListId="8c84fa94-04c1-424b-9868-57a2d4851a1d" relativeResultsDirectory="c9616b2b-b54d-4c67-94fc-5c5bb3c48d35">
      <Output>
        <StdOut>Save/Update: SELECT  ISNULL(MAX(id_Operador + 1),1) from operador
Save/Update: INSERT INTO operador (id_Operador, id_usuario) VALUES (3 , 3 ); 
Save/Update: select * from operador WHERE  operador.id_usuario=3  
Save/Update: DELETE operador WHERE id_Operador=3</StdOut>
      </Output>
    </UnitTestResult>
    <UnitTestResult executionId="9d4e71de-2fe0-4d70-bf85-0e3bce7fdf41" testId="5bcfcf35-a297-ce16-b906-540d8e2e0904" testName="actualizaArticuloTest" computerName="DIEGO-PC" duration="00:00:00.0372348" startTime="2012-11-26T18:29:38.8281921-03:00" endTime="2012-11-26T18:29:38.8741948-03:00" testType="13cdc9d9-ddb5-4fa4-a97d-d965ccfc6d4b" outcome="Passed" testListId="8c84fa94-04c1-424b-9868-57a2d4851a1d" relativeResultsDirectory="9d4e71de-2fe0-4d70-bf85-0e3bce7fdf41">
      <Output>
        <StdOut>Save/Update: SELECT  ISNULL(MAX(cod_articulo + 1),1) from Articulos
Save/Update: INSERT INTO Articulos (cod_articulo, tipoPrendaID, diseñoID, comentario, produccion, precioActual, borrado) VALUES (4 , 3 , 2 , 'com test', 10 , 1, 0 ); UPDATE lista_precios SET borrado=1 WHERE cod_articulo=4  ; 
Save/Update: SELECT  ISNULL( MAX(nro_lista + 1), 1) from lista_precios WHERE cod_articulo=4
Save/Update: INSERT INTO lista_precios (nro_lista, cod_articulo, precio, fechaDesde, fechaHasta, borrado) VALUES (1 , 4 , 1,  CAST('26/11/2012 18:29:38.835'  AS DateTime),  NULL , 0 ); 
Save/Update: select * from Articulos WHERE  Articulos.cod_articulo=4  ; select * from lista_precios WHERE borrado = 0
Save/Update: select * from lista_precios WHERE  lista_precios.cod_articulo=4  
Save/Update: select * from TipoPrenda WHERE  TipoPrenda.tipo_prenda=3  
Save/Update: select * from Diseño WHERE  Diseño.cod_diseño=2  ; select * from historico_estados_diseño WHERE borrado = 0
Save/Update: UPDATE Articulos SET tipoPrendaID=3 , diseñoID=2 , comentario='com test', produccion=10 , precioActual=2, borrado=0  WHERE cod_articulo=4  ; UPDATE lista_precios SET borrado=1 WHERE cod_articulo=4  ; 
Save/Update: UPDATE lista_precios SET precio=1, fechaDesde= CAST('26/11/2012 18:29:38.837'  AS DateTime), fechaHasta= CAST('11/11/2012 00:00:00.000'  AS DateTime), borrado=0  WHERE nro_lista=1  AND cod_articulo=4  ; 
Save/Update: SELECT  ISNULL( MAX(nro_lista + 1), 1) from lista_precios WHERE cod_articulo=4
Save/Update: INSERT INTO lista_precios (nro_lista, cod_articulo, precio, fechaDesde, fechaHasta, borrado) VALUES (2 , 4 , 2,  CAST('11/11/2012 00:00:00.000'  AS DateTime),  NULL , 0 ); 
Save/Update: select * from Articulos WHERE  Articulos.cod_articulo=4  ; select * from lista_precios WHERE borrado = 0
Save/Update: select * from lista_precios WHERE  lista_precios.cod_articulo=4  
Save/Update: select * from TipoPrenda WHERE  TipoPrenda.tipo_prenda=3  
Save/Update: select * from Diseño WHERE  Diseño.cod_diseño=2  ; select * from historico_estados_diseño WHERE borrado = 0
Save/Update: DELETE lista_precios WHERE nro_lista=1  AND cod_articulo=4  
Save/Update: DELETE lista_precios WHERE nro_lista=2  AND cod_articulo=4  
Save/Update: DELETE Articulos WHERE cod_articulo=4</StdOut>
      </Output>
    </UnitTestResult>
    <UnitTestResult executionId="05b92425-76d9-454c-a3b7-f4adfecf5542" testId="5be9d1df-2b36-1659-9ba5-a87863ccb63a" testName="GrabarDiseñoTest" computerName="DIEGO-PC" duration="00:00:00.0212797" startTime="2012-11-26T18:29:38.8801951-03:00" endTime="2012-11-26T18:29:38.9101968-03:00" testType="13cdc9d9-ddb5-4fa4-a97d-d965ccfc6d4b" outcome="Passed" testListId="8c84fa94-04c1-424b-9868-57a2d4851a1d" relativeResultsDirectory="05b92425-76d9-454c-a3b7-f4adfecf5542">
      <Output>
        <StdOut>Save/Update: SELECT  ISNULL(MAX(cod_diseño + 1),1) from Diseño
Save/Update: INSERT INTO Diseño (cod_diseño, nombre, puntadas, alto, ancho, id_cliente, estadoActual, pathImagen, pathDetalle, pathArchivoEditable, pathArchivoFinal, borrado) VALUES (3 , 'diseño3', 3333 , 33 , 33 , 1 , 1 , '', '', '', '', 0 ); UPDATE historico_estados_diseño SET borrado=1 WHERE cod_diseño=3  ; 
Save/Update: INSERT INTO Diseño_insumos (cod_diseño, cod_insumo, cantidad) VALUES (3 , 1 , 3); 
Save/Update: SELECT  ISNULL(MAX(nro_estado + 1),1) from historico_estados_diseño WHERE cod_diseño=3
Save/Update: INSERT INTO historico_estados_diseño (nro_estado, cod_diseño, comentario, fechaDesde, fechaHasta, estado, borrado) VALUES (1 , 3 , 'creacion ficha diseño',  CAST('26/11/2012 18:29:38.886'  AS DateTime),  NULL , 1 , 0 ); 
Save/Update: select * from Diseño WHERE  Diseño.cod_diseño=3  ; select * from historico_estados_diseño WHERE borrado = 0
Save/Update: select * from Cliente WHERE  Cliente.id_cliente=1  ; select * from cliente_movimientos; select * from Pedido WHERE borrado = 0; select * from Factura WHERE borrado = 0; select * from Diseño WHERE borrado = 0
Save/Update: select * from Usuario WHERE  Usuario.usuarioID=1  ; select * from JoinUsuarioToFamilia; select * from JoinPatenteToUsuario
Save/Update: select * from Diseño_insumos WHERE  Diseño_insumos.cod_diseño=3  
Save/Update: select * from historico_estados_diseño WHERE  historico_estados_diseño.cod_diseño=3  
Save/Update: select * from EstadoDiseños WHERE  EstadoDiseños.estado=1  
Save/Update: DELETE FROM Diseño_insumos where cod_diseño=3
Save/Update: DELETE FROM historico_estados_diseño where cod_diseño=3
Save/Update: DELETE Diseño WHERE cod_diseño=3</StdOut>
      </Output>
    </UnitTestResult>
    <UnitTestResult executionId="bb52383d-59b7-4910-ad42-492253390b45" testId="5c26e5bc-173f-d60e-f76c-ab3d9a4b4531" testName="buscarPrimerosHuecosMaquinaTest5" computerName="DIEGO-PC" duration="00:00:00.0111790" startTime="2012-11-26T18:29:38.9161972-03:00" endTime="2012-11-26T18:29:38.9341982-03:00" testType="13cdc9d9-ddb5-4fa4-a97d-d965ccfc6d4b" outcome="Passed" testListId="8c84fa94-04c1-424b-9868-57a2d4851a1d" relativeResultsDirectory="bb52383d-59b7-4910-ad42-492253390b45">
      <Output>
        <StdOut>Save/Update: select * from produccion WHERE  produccion.cod_maquina=2  AND  produccion.fechaFinal&gt;= CAST('09/10/2012 11:00:00.000'  AS DateTime) ; select * from historico_estados_produccion WHERE borrado = 0
Save/Update: select * from Pedido WHERE  Pedido.cod_pedido=1  ; select * from produccion WHERE borrado = 0; select * from historico_estados_pedido WHERE borrado = 0
Save/Update: select * from Maquina WHERE  Maquina.cod_maquina=2  ; select * from JoinMaquinaToTipoPrenda
Save/Update: select * from Articulos WHERE  Articulos.cod_articulo=3  ; select * from lista_precios WHERE borrado = 0
Save/Update: select * from EstadoTrabajos WHERE  EstadoTrabajos.cod_estado=0  
Save/Update: select * from historico_estados_produccion WHERE  historico_estados_produccion.cod_produccion=3  
Save/Update: select * from produccion_operador WHERE  produccion_operador.cod_prodcuccion=3  
Save/Update: select * from produccion WHERE  produccion.cod_maquina=2  AND  produccion.fechaInicio&gt;= CAST('12/10/2012 18:00:00.000'  AS DateTime) ; select * from historico_estados_produccion WHERE borrado = 0
Save/Update: DELETE produccion_operador WHERE id_operador=2  AND cod_prodcuccion=7  
Save/Update: DELETE historico_estados_produccion WHERE nro_estado=1  AND cod_produccion=7  
Save/Update: DELETE historico_estados_produccion WHERE nro_estado=2  AND cod_produccion=7  
Save/Update: DELETE produccion WHERE cod_produccion=7</StdOut>
      </Output>
    </UnitTestResult>
    <UnitTestResult executionId="c8a8de2d-cbd7-4c61-8a06-fa3487d660fc" testId="5c85b597-4b7a-176d-3dac-461f2d66fe1b" testName="buscarPorDescripcionTest" computerName="DIEGO-PC" duration="00:00:00.0047127" startTime="2012-11-26T18:29:38.9371984-03:00" endTime="2012-11-26T18:29:38.9501991-03:00" testType="13cdc9d9-ddb5-4fa4-a97d-d965ccfc6d4b" outcome="Passed" testListId="8c84fa94-04c1-424b-9868-57a2d4851a1d" relativeResultsDirectory="c8a8de2d-cbd7-4c61-8a06-fa3487d660fc">
      <Output>
        <StdOut>Save/Update: select * from Proveedor WHERE  Proveedor.nombre='nombre2' AND  Proveedor.telefono='2222-2222' AND  Proveedor.direccion='direccion 2'</StdOut>
      </Output>
    </UnitTestResult>
    <UnitTestResult executionId="6aaf75af-a1fc-415d-9904-2c03fe4ff175" testId="5d206a37-78a3-f908-c018-7a5a53253c75" testName="buscarInsumosTest" computerName="DIEGO-PC" duration="00:00:00.0044554" startTime="2012-11-26T18:29:38.9531993-03:00" endTime="2012-11-26T18:29:38.9662000-03:00" testType="13cdc9d9-ddb5-4fa4-a97d-d965ccfc6d4b" outcome="Passed" testListId="8c84fa94-04c1-424b-9868-57a2d4851a1d" relativeResultsDirectory="6aaf75af-a1fc-415d-9904-2c03fe4ff175">
      <Output>
        <StdOut>Save/Update: select * from insumo
Save/Update: DELETE insumo WHERE cod_insumo=5</StdOut>
      </Output>
    </UnitTestResult>
    <UnitTestResult executionId="b5fb2251-7325-44bc-beb1-653b4b1ed5c3" testId="5d5c620b-143e-df44-c141-574eca133b7a" testName="borrarInsumoTest" computerName="DIEGO-PC" duration="00:00:00.0061882" startTime="2012-11-26T18:29:38.9692002-03:00" endTime="2012-11-26T18:29:38.9832010-03:00" testType="13cdc9d9-ddb5-4fa4-a97d-d965ccfc6d4b" outcome="Passed" testListId="8c84fa94-04c1-424b-9868-57a2d4851a1d" relativeResultsDirectory="b5fb2251-7325-44bc-beb1-653b4b1ed5c3">
      <Output>
        <StdOut>Save/Update: SELECT  ISNULL(MAX(cod_insumo + 1),1) from insumo
Save/Update: INSERT INTO insumo (cod_insumo, nombre, id_tipo_insumo, color, detalle, costo, cantidadActual) VALUES (5 , 'nombre5', 1 , 1 , 'detalle5', 5, 5 ); 
Save/Update: select * from insumo
Save/Update: DELETE insumo WHERE cod_insumo=5  
Save/Update: select * from insumo
Save/Update: DELETE insumo WHERE cod_insumo=5</StdOut>
      </Output>
    </UnitTestResult>
    <UnitTestResult executionId="397b8d73-e8ea-47f6-9f50-c1ac42595f22" testId="5e0dec84-1eed-840d-bf51-237b2ddbdebf" testName="modificarListaPrecioTest" computerName="DIEGO-PC" duration="00:00:00.0109340" startTime="2012-11-26T18:29:38.9872012-03:00" endTime="2012-11-26T18:29:39.0062023-03:00" testType="13cdc9d9-ddb5-4fa4-a97d-d965ccfc6d4b" outcome="Passed" testListId="8c84fa94-04c1-424b-9868-57a2d4851a1d" relativeResultsDirectory="397b8d73-e8ea-47f6-9f50-c1ac42595f22">
      <Output>
        <StdOut>Save/Update: SELECT  ISNULL( MAX(nro_lista + 1), 1) from lista_precios WHERE cod_articulo=1
Save/Update: INSERT INTO lista_precios (nro_lista, cod_articulo, precio, fechaDesde, fechaHasta, borrado) VALUES (3 , 1 , 3.1,  CAST('11/11/2011 13:55:33.110'  AS DateTime),  CAST('11/11/2011 14:55:33.223'  AS DateTime), 0 ); 
Save/Update: select * from lista_precios WHERE  lista_precios.borrado=0  AND  lista_precios.cod_articulo=1  
Save/Update: UPDATE lista_precios SET precio=4.4, fechaDesde= CAST('11/11/2011 13:55:33.110'  AS DateTime), fechaHasta= CAST('11/11/2011 14:55:33.223'  AS DateTime), borrado=0  WHERE nro_lista=3  AND cod_articulo=1  ; 
Save/Update: select * from lista_precios WHERE  lista_precios.borrado=0  AND  lista_precios.cod_articulo=1  
Save/Update: DELETE lista_precios WHERE nro_lista=3  AND cod_articulo=1</StdOut>
      </Output>
    </UnitTestResult>
    <UnitTestResult executionId="4973ed7c-8ff9-47ea-8aa5-cc0f214fba27" testId="5e39e02d-2b70-3982-2130-96924fff6d81" testName="listarProduccionPorFechasTest" computerName="DIEGO-PC" duration="00:00:00.0108153" startTime="2012-11-26T18:29:39.0082024-03:00" endTime="2012-11-26T18:29:39.0272035-03:00" testType="13cdc9d9-ddb5-4fa4-a97d-d965ccfc6d4b" outcome="Passed" testListId="8c84fa94-04c1-424b-9868-57a2d4851a1d" relativeResultsDirectory="4973ed7c-8ff9-47ea-8aa5-cc0f214fba27">
      <Output>
        <StdOut>Save/Update: select * from produccion WHERE  produccion.fechaInicio&gt;= CAST('09/10/2012 09:00:00.000'  AS DateTime) AND  produccion.fechaInicio&lt;= CAST('09/10/2012 14:00:00.000'  AS DateTime) AND  produccion.fechaFinal&gt;= CAST('09/10/2012 12:00:00.000'  AS DateTime) AND  produccion.fechaFinal&lt;= CAST('09/10/2012 14:00:00.000'  AS DateTime) ; select * from historico_estados_produccion WHERE borrado = 0
Save/Update: select * from Pedido WHERE  Pedido.cod_pedido=1  ; select * from produccion WHERE borrado = 0; select * from historico_estados_pedido WHERE borrado = 0
Save/Update: select * from Maquina WHERE  Maquina.cod_maquina=1  ; select * from JoinMaquinaToTipoPrenda
Save/Update: select * from Articulos WHERE  Articulos.cod_articulo=1  ; select * from lista_precios WHERE borrado = 0
Save/Update: select * from EstadoTrabajos WHERE  EstadoTrabajos.cod_estado=3  
Save/Update: select * from historico_estados_produccion WHERE  historico_estados_produccion.cod_produccion=1  
Save/Update: select * from produccion_operador WHERE  produccion_operador.cod_prodcuccion=1  
Save/Update: DELETE produccion_operador WHERE id_operador=2  AND cod_prodcuccion=7  
Save/Update: DELETE historico_estados_produccion WHERE nro_estado=1  AND cod_produccion=7  
Save/Update: DELETE historico_estados_produccion WHERE nro_estado=2  AND cod_produccion=7  
Save/Update: DELETE produccion WHERE cod_produccion=7</StdOut>
      </Output>
    </UnitTestResult>
    <UnitTestResult executionId="bbc68419-d1e9-4e82-ad41-387fa9993df1" testId="5f0d0749-3ebf-18a9-df3b-b2af8e5ec0eb" testName="actualizarUsuarioTest" computerName="DIEGO-PC" duration="00:00:00.0087130" startTime="2012-11-26T18:29:39.0362040-03:00" endTime="2012-11-26T18:29:39.0522050-03:00" testType="13cdc9d9-ddb5-4fa4-a97d-d965ccfc6d4b" outcome="Passed" testListId="8c84fa94-04c1-424b-9868-57a2d4851a1d" relativeResultsDirectory="bbc68419-d1e9-4e82-ad41-387fa9993df1">
      <Output>
        <StdOut>Save/Update: UPDATE Usuario SET nombre='nombre1modificado', apellido='apellido1modificado', mail='mail1modificado@test.com', password='pas1mod', telefonoFijo='1111-1112', telefonoMovil='1111-1112', bloqueado=0  WHERE usuarioID=5  ; DELETE JoinUsuarioToFamilia where usuarioID=5  ;  INSERT INTO JoinUsuarioToFamilia ( usuarioID, familiaID) VALUES ( 5 , 1 ); DELETE JoinPatenteToUsuario where usuarioID=5  ;  INSERT INTO JoinPatenteToUsuario ( usuarioID, patenteId) VALUES ( 5 , 1 ); 
Save/Update: select * from Usuario WHERE  Usuario.usuarioID=5  ; select * from JoinUsuarioToFamilia; select * from JoinPatenteToUsuario
Save/Update: DELETE JoinUsuarioToFamilia where usuarioID=6  ; DELETE JoinPatenteToUsuario where usuarioID=6  ; ;DELETE Usuario WHERE usuarioID=6  
Save/Update: UPDATE Usuario SET nombre='nombre5', apellido='apellido5', mail='mail5@test.com', password='pas5', telefonoFijo='5555-5555', telefonoMovil='5555-5555', bloqueado=0  WHERE usuarioID=5  ; DELETE JoinUsuarioToFamilia where usuarioID=5  ; DELETE JoinPatenteToUsuario where usuarioID=5  ;</StdOut>
      </Output>
    </UnitTestResult>
    <UnitTestResult executionId="0c7cf907-2a7b-4196-a0ba-b70d77091425" testId="5f6ca830-a7f5-404d-2afc-b5fe8dc971de" testName="buscarMovimintosTest" computerName="DIEGO-PC" duration="00:00:00.0299483" startTime="2012-11-26T18:29:39.0562052-03:00" endTime="2012-11-26T18:29:39.0962075-03:00" testType="13cdc9d9-ddb5-4fa4-a97d-d965ccfc6d4b" outcome="Passed" testListId="8c84fa94-04c1-424b-9868-57a2d4851a1d" relativeResultsDirectory="0c7cf907-2a7b-4196-a0ba-b70d77091425">
      <Output>
        <StdOut>Save/Update: select * from MovimientosCuenta JOIN cliente_movimientos AS cliente ON MovimientosCuenta.nro_movimiento=cliente.nro_movimiento WHERE  MovimientosCuenta.comentario LIKE '%m1%'AND  MovimientosCuenta.fecha&gt;= CAST('11/11/2011 00:00:00.000'  AS DateTime) AND  MovimientosCuenta.monto&gt;=5 AND  MovimientosCuenta.monto&lt;=15 AND  MovimientosCuenta.cuentaID=1  AND  MovimientosCuenta.tipoMovimientoID=1  AND cliente.id_cliente=1  AND cliente.id_cliente IS NOT  NULL ; select * from cliente_movimientos; select * from documento_movimiento
Save/Update: select * from Cliente WHERE  Cliente.id_cliente=1  ; select * from cliente_movimientos; select * from Pedido WHERE borrado = 0; select * from Factura WHERE borrado = 0; select * from Diseño WHERE borrado = 0
Save/Update: select * from Usuario WHERE  Usuario.usuarioID=1  ; select * from JoinUsuarioToFamilia; select * from JoinPatenteToUsuario
Save/Update: select * from Familia JOIN JoinUsuarioToFamilia AS usuarios ON Familia.familiaID=usuarios.familiaID WHERE usuarios.usuarioID=1  ; select * from JoinFamiliaToPatente
Save/Update: select * from Patente JOIN JoinPatenteToUsuario AS usuario ON Patente.patenteId=usuario.patenteId WHERE usuario.usuarioID=1  
Save/Update: select * from Cliente WHERE  Cliente.usuarioID=1  ; select * from cliente_movimientos; select * from Pedido WHERE borrado = 0; select * from Factura WHERE borrado = 0; select * from Diseño WHERE borrado = 0
Save/Update: select * from Diseño WHERE  Diseño.id_cliente=1  ; select * from historico_estados_diseño WHERE borrado = 0
Save/Update: select * from Factura WHERE  Factura.id_cliente=1  ; select * from documento_movimiento; select * from LineaFactura WHERE borrado = 0
Save/Update: select * from Pedido WHERE  Pedido.id_cliente=1  ; select * from produccion WHERE borrado = 0; select * from historico_estados_pedido WHERE borrado = 0
Save/Update: select * from MovimientosCuenta JOIN cliente_movimientos AS cliente ON MovimientosCuenta.nro_movimiento=cliente.nro_movimiento WHERE cliente.id_cliente=1  AND cliente.id_cliente IS NOT  NULL ; select * from cliente_movimientos; select * from documento_movimiento
Save/Update: select * from Factura WHERE  Factura.nro_Doc=1  ; select * from documento_movimiento; select * from LineaFactura WHERE borrado = 0
Save/Update: select * from tipoMovimiento WHERE  tipoMovimiento.tipoMovimientoID=1  
Save/Update: select * from Cuenta WHERE  Cuenta.cuentaID=1  
Save/Update: DELETE cliente_movimientos where nro_movimiento=4  ; DELETE documento_movimiento where nro_movimiento=4  ; ;DELETE MovimientosCuenta WHERE nro_movimiento=4</StdOut>
      </Output>
    </UnitTestResult>
    <UnitTestResult executionId="c16cdcaf-5dc3-4da5-ac68-80ad8260b6a9" testId="5fd39f80-1bc2-a1e7-8064-c0ed0e813279" testName="borrarTipoPedidosTest" computerName="DIEGO-PC" duration="00:00:00.0115250" startTime="2012-11-26T18:29:39.1012078-03:00" endTime="2012-11-26T18:29:39.1252091-03:00" testType="13cdc9d9-ddb5-4fa4-a97d-d965ccfc6d4b" outcome="Passed" testListId="8c84fa94-04c1-424b-9868-57a2d4851a1d" relativeResultsDirectory="c16cdcaf-5dc3-4da5-ac68-80ad8260b6a9">
      <Output>
        <StdOut>Save/Update: select * from tipoPedido
Save/Update: INSERT INTO tipoPedido (tipo_pedido, descripcion) VALUES (3 , 'tipo test'); 
Save/Update: select * from tipoPedido
Save/Update: DELETE tipoPedido WHERE tipo_pedido=3  
Save/Update: select * from tipoPedido</StdOut>
      </Output>
    </UnitTestResult>
    <UnitTestResult executionId="e68ed51d-a28d-4ad7-af04-063d09416ef9" testId="5fe3519a-06e9-4436-0b1a-0afc24033be0" testName="calcularDistanciaEntreTrabajosTest2" computerName="DIEGO-PC" duration="00:00:00.0034700" startTime="2012-11-26T18:29:39.1302094-03:00" endTime="2012-11-26T18:29:39.1422101-03:00" testType="13cdc9d9-ddb5-4fa4-a97d-d965ccfc6d4b" outcome="Passed" testListId="8c84fa94-04c1-424b-9868-57a2d4851a1d" relativeResultsDirectory="e68ed51d-a28d-4ad7-af04-063d09416ef9">
      <Output>
        <StdOut>Save/Update: DELETE produccion_operador WHERE id_operador=2  AND cod_prodcuccion=7  
Save/Update: DELETE historico_estados_produccion WHERE nro_estado=1  AND cod_produccion=7  
Save/Update: DELETE historico_estados_produccion WHERE nro_estado=2  AND cod_produccion=7  
Save/Update: DELETE produccion WHERE cod_produccion=7</StdOut>
      </Output>
    </UnitTestResult>
    <UnitTestResult executionId="0ce7e553-de3b-4751-bc93-73bbd1515caa" testId="5ffe0bd0-6148-b429-44ab-e9d370687b86" testName="cargarLineasPorOrdenDeCompraTest" computerName="DIEGO-PC" duration="00:00:00.0046882" startTime="2012-11-26T18:29:39.1472104-03:00" endTime="2012-11-26T18:29:39.1622112-03:00" testType="13cdc9d9-ddb5-4fa4-a97d-d965ccfc6d4b" outcome="Passed" testListId="8c84fa94-04c1-424b-9868-57a2d4851a1d" relativeResultsDirectory="0ce7e553-de3b-4751-bc93-73bbd1515caa">
      <Output>
        <StdOut>Save/Update: select * from LineaOrdenDeCompra WHERE  LineaOrdenDeCompra.nro_orden_compra=1  AND  LineaOrdenDeCompra.tipo_orden_compra='A' AND  LineaOrdenDeCompra.nro_sucursal=1  
Save/Update: select * from insumo WHERE  insumo.cod_insumo=1  
Save/Update: select * from insumo WHERE  insumo.cod_insumo=2</StdOut>
      </Output>
    </UnitTestResult>
    <UnitTestResult executionId="e0bbd99e-aca1-4689-af8a-ea605b094922" testId="601e990e-751d-e263-ef32-4be40187ef20" testName="listarUsuariosTest" computerName="DIEGO-PC" duration="00:00:00.0370170" startTime="2012-11-26T18:29:39.1642114-03:00" endTime="2012-11-26T18:29:39.2142142-03:00" testType="13cdc9d9-ddb5-4fa4-a97d-d965ccfc6d4b" outcome="Passed" testListId="8c84fa94-04c1-424b-9868-57a2d4851a1d" relativeResultsDirectory="e0bbd99e-aca1-4689-af8a-ea605b094922">
      <Output>
        <StdOut>Save/Update: select * from Usuario; select * from JoinUsuarioToFamilia; select * from JoinPatenteToUsuario
Save/Update: select * from Familia JOIN JoinUsuarioToFamilia AS usuarios ON Familia.familiaID=usuarios.familiaID WHERE usuarios.usuarioID=1  ; select * from JoinFamiliaToPatente
Save/Update: select * from Patente JOIN JoinPatenteToUsuario AS usuario ON Patente.patenteId=usuario.patenteId WHERE usuario.usuarioID=1  
Save/Update: select * from Cliente WHERE  Cliente.usuarioID=1  ; select * from cliente_movimientos; select * from Pedido WHERE borrado = 0; select * from Factura WHERE borrado = 0; select * from Diseño WHERE borrado = 0
Save/Update: select * from Familia JOIN JoinUsuarioToFamilia AS usuarios ON Familia.familiaID=usuarios.familiaID WHERE usuarios.usuarioID=2  ; select * from JoinFamiliaToPatente
Save/Update: select * from Patente JOIN JoinFamiliaToPatente AS familia ON Patente.patenteId=familia.patenteId WHERE familia.familiaID=2  
Save/Update: select * from Patente JOIN JoinPatenteToUsuario AS usuario ON Patente.patenteId=usuario.patenteId WHERE usuario.usuarioID=2  
Save/Update: select * from Cliente WHERE  Cliente.usuarioID=2  ; select * from cliente_movimientos; select * from Pedido WHERE borrado = 0; select * from Factura WHERE borrado = 0; select * from Diseño WHERE borrado = 0
Save/Update: select * from Familia JOIN JoinUsuarioToFamilia AS usuarios ON Familia.familiaID=usuarios.familiaID WHERE usuarios.usuarioID=3  ; select * from JoinFamiliaToPatente
Save/Update: select * from Patente JOIN JoinFamiliaToPatente AS familia ON Patente.patenteId=familia.patenteId WHERE familia.familiaID=6  
Save/Update: select * from Patente JOIN JoinPatenteToUsuario AS usuario ON Patente.patenteId=usuario.patenteId WHERE usuario.usuarioID=3  
Save/Update: select * from Cliente WHERE  Cliente.usuarioID=3  ; select * from cliente_movimientos; select * from Pedido WHERE borrado = 0; select * from Factura WHERE borrado = 0; select * from Diseño WHERE borrado = 0
Save/Update: select * from Familia JOIN JoinUsuarioToFamilia AS usuarios ON Familia.familiaID=usuarios.familiaID WHERE usuarios.usuarioID=4  ; select * from JoinFamiliaToPatente
Save/Update: select * from Patente JOIN JoinPatenteToUsuario AS usuario ON Patente.patenteId=usuario.patenteId WHERE usuario.usuarioID=4  
Save/Update: select * from Cliente WHERE  Cliente.usuarioID=4  ; select * from cliente_movimientos; select * from Pedido WHERE borrado = 0; select * from Factura WHERE borrado = 0; select * from Diseño WHERE borrado = 0
Save/Update: select * from Familia JOIN JoinUsuarioToFamilia AS usuarios ON Familia.familiaID=usuarios.familiaID WHERE usuarios.usuarioID=5  ; select * from JoinFamiliaToPatente
Save/Update: select * from Patente JOIN JoinPatenteToUsuario AS usuario ON Patente.patenteId=usuario.patenteId WHERE usuario.usuarioID=5  
Save/Update: select * from Cliente WHERE  Cliente.usuarioID=5  ; select * from cliente_movimientos; select * from Pedido WHERE borrado = 0; select * from Factura WHERE borrado = 0; select * from Diseño WHERE borrado = 0
Save/Update: UPDATE Usuario SET nombre='nombre1', apellido='apellido1', mail='mail1@test.com', password='11C8', telefonoFijo='1111-1111', telefonoMovil='1111-1111', bloqueado=0  WHERE usuarioID=1  ; DELETE JoinUsuarioToFamilia where usuarioID=1  ; DELETE JoinPatenteToUsuario where usuarioID=1  ; 
Save/Update: UPDATE Cliente SET habitadoTurnos=1 , newsletter=0  WHERE id_cliente=1  ; UPDATE Pedido SET borrado=1 WHERE id_cliente=1  ; UPDATE Factura SET borrado=1 WHERE id_cliente=1  ; UPDATE Diseño SET borrado=1 WHERE id_cliente=1  ; 
Save/Update:  UPDATE factura set borrado = 0 
Save/Update:  UPDATE diseño set borrado = 0 
Save/Update:  UPDATE pedido set borrado = 0 
Save/Update:  Insert into JoinPatenteToUsuario values (1,1)</StdOut>
      </Output>
    </UnitTestResult>
    <UnitTestResult executionId="014a9e32-954d-4052-96f0-abd0f6bde0a3" testId="6195d611-24d3-4e42-5b11-b2da792448d4" testName="grabarMovimientoTest" computerName="DIEGO-PC" duration="00:00:00.0206103" startTime="2012-11-26T18:29:39.2182144-03:00" endTime="2012-11-26T18:29:39.2502163-03:00" testType="13cdc9d9-ddb5-4fa4-a97d-d965ccfc6d4b" outcome="Passed" testListId="8c84fa94-04c1-424b-9868-57a2d4851a1d" relativeResultsDirectory="014a9e32-954d-4052-96f0-abd0f6bde0a3">
      <Output>
        <StdOut>Save/Update: SELECT  ISNULL(MAX(nro_movimiento + 1),1) from MovimientosCuenta
Save/Update: INSERT INTO MovimientosCuenta (nro_movimiento, comentario, fecha, monto, cuentaID, tipoMovimientoID) VALUES (4 , 'com4',  CAST('26/11/2012 18:29:39.227'  AS DateTime), 33.3, 1 , 2 ); DELETE cliente_movimientos where nro_movimiento=4  ;  INSERT INTO cliente_movimientos ( nro_movimiento, id_cliente) VALUES ( 4 , 2 ); DELETE documento_movimiento where nro_movimiento=4  ; 
Save/Update: select * from MovimientosCuenta JOIN cliente_movimientos AS cliente ON MovimientosCuenta.nro_movimiento=cliente.nro_movimiento WHERE  MovimientosCuenta.nro_movimiento=4  AND cliente.id_cliente IS NOT  NULL ; select * from cliente_movimientos; select * from documento_movimiento
Save/Update: select * from Cliente WHERE  Cliente.id_cliente=2  ; select * from cliente_movimientos; select * from Pedido WHERE borrado = 0; select * from Factura WHERE borrado = 0; select * from Diseño WHERE borrado = 0
Save/Update: select * from Usuario WHERE  Usuario.usuarioID=2  ; select * from JoinUsuarioToFamilia; select * from JoinPatenteToUsuario
Save/Update: select * from Familia JOIN JoinUsuarioToFamilia AS usuarios ON Familia.familiaID=usuarios.familiaID WHERE usuarios.usuarioID=2  ; select * from JoinFamiliaToPatente
Save/Update: select * from Patente JOIN JoinFamiliaToPatente AS familia ON Patente.patenteId=familia.patenteId WHERE familia.familiaID=2  
Save/Update: select * from Patente JOIN JoinPatenteToUsuario AS usuario ON Patente.patenteId=usuario.patenteId WHERE usuario.usuarioID=2  
Save/Update: select * from Cliente WHERE  Cliente.usuarioID=2  ; select * from cliente_movimientos; select * from Pedido WHERE borrado = 0; select * from Factura WHERE borrado = 0; select * from Diseño WHERE borrado = 0
Save/Update: select * from Diseño WHERE  Diseño.id_cliente=2  ; select * from historico_estados_diseño WHERE borrado = 0
Save/Update: select * from Factura WHERE  Factura.id_cliente=2  ; select * from documento_movimiento; select * from LineaFactura WHERE borrado = 0
Save/Update: select * from Pedido WHERE  Pedido.id_cliente=2  ; select * from produccion WHERE borrado = 0; select * from historico_estados_pedido WHERE borrado = 0
Save/Update: select * from MovimientosCuenta JOIN cliente_movimientos AS cliente ON MovimientosCuenta.nro_movimiento=cliente.nro_movimiento WHERE cliente.id_cliente=2  AND cliente.id_cliente IS NOT  NULL ; select * from cliente_movimientos; select * from documento_movimiento
Save/Update: select * from tipoMovimiento WHERE  tipoMovimiento.tipoMovimientoID=2  
Save/Update: select * from Cuenta WHERE  Cuenta.cuentaID=1  
Save/Update: DELETE cliente_movimientos where nro_movimiento=4  ; DELETE documento_movimiento where nro_movimiento=4  ; ;DELETE MovimientosCuenta WHERE nro_movimiento=4</StdOut>
      </Output>
    </UnitTestResult>
    <UnitTestResult executionId="f5da3544-4c46-42da-9e72-7b92a9753c3d" testId="61c2c67d-a8aa-50cc-81fa-b25eafff855b" testName="listarProduccionPorCodigoTest" computerName="DIEGO-PC" duration="00:00:00.0118692" startTime="2012-11-26T18:29:39.2542165-03:00" endTime="2012-11-26T18:29:39.2742177-03:00" testType="13cdc9d9-ddb5-4fa4-a97d-d965ccfc6d4b" outcome="Passed" testListId="8c84fa94-04c1-424b-9868-57a2d4851a1d" relativeResultsDirectory="f5da3544-4c46-42da-9e72-7b92a9753c3d">
      <Output>
        <StdOut>Save/Update: select * from produccion WHERE  produccion.cod_produccion=1  ; select * from historico_estados_produccion WHERE borrado = 0
Save/Update: select * from Pedido WHERE  Pedido.cod_pedido=1  ; select * from produccion WHERE borrado = 0; select * from historico_estados_pedido WHERE borrado = 0
Save/Update: select * from Maquina WHERE  Maquina.cod_maquina=1  ; select * from JoinMaquinaToTipoPrenda
Save/Update: select * from Articulos WHERE  Articulos.cod_articulo=1  ; select * from lista_precios WHERE borrado = 0
Save/Update: select * from EstadoTrabajos WHERE  EstadoTrabajos.cod_estado=3  
Save/Update: select * from historico_estados_produccion WHERE  historico_estados_produccion.cod_produccion=1  
Save/Update: select * from produccion_operador WHERE  produccion_operador.cod_prodcuccion=1  
Save/Update: DELETE produccion_operador WHERE id_operador=2  AND cod_prodcuccion=7  
Save/Update: DELETE historico_estados_produccion WHERE nro_estado=1  AND cod_produccion=7  
Save/Update: DELETE historico_estados_produccion WHERE nro_estado=2  AND cod_produccion=7  
Save/Update: DELETE produccion WHERE cod_produccion=7</StdOut>
      </Output>
    </UnitTestResult>
    <UnitTestResult executionId="6434966c-080c-483f-b987-0725ea721d14" testId="62392e62-abcf-2bb0-a872-aa102226687e" testName="borrarClienteTest" computerName="DIEGO-PC" duration="00:00:00.0207049" startTime="2012-11-26T18:29:39.2782179-03:00" endTime="2012-11-26T18:29:39.3072195-03:00" testType="13cdc9d9-ddb5-4fa4-a97d-d965ccfc6d4b" outcome="Passed" testListId="8c84fa94-04c1-424b-9868-57a2d4851a1d" relativeResultsDirectory="6434966c-080c-483f-b987-0725ea721d14">
      <Output>
        <StdOut>Save/Update: SELECT  ISNULL(MAX(usuarioID + 1),1) from Usuario
Save/Update: INSERT INTO Usuario (usuarioID, nombre, apellido, mail, password, telefonoFijo, telefonoMovil, bloqueado) VALUES (6 , 'nombre6', 'apellido6', 'mail6@test.com', 'pas633', '6666-6666', '6666-6666', 0 ); DELETE JoinUsuarioToFamilia where usuarioID=6  ;  INSERT INTO JoinUsuarioToFamilia ( usuarioID, familiaID) VALUES ( 6 , 5 ); DELETE JoinPatenteToUsuario where usuarioID=6  ;  INSERT INTO JoinPatenteToUsuario ( usuarioID, patenteId) VALUES ( 6 , 3 ); 
Save/Update: SELECT  ISNULL(MAX(id_cliente + 1),1) from Cliente
Save/Update: INSERT INTO Cliente (id_cliente, habitadoTurnos, usuarioID, newsletter) VALUES (3 , 0 , 6 , 1 ); UPDATE Pedido SET borrado=1 WHERE id_cliente=3  ; UPDATE Factura SET borrado=1 WHERE id_cliente=3  ; UPDATE Diseño SET borrado=1 WHERE id_cliente=3  ; 
Save/Update: select * from Cliente WHERE  Cliente.id_cliente=3  ; select * from cliente_movimientos; select * from Pedido WHERE borrado = 0; select * from Factura WHERE borrado = 0; select * from Diseño WHERE borrado = 0
Save/Update: select * from Usuario WHERE  Usuario.usuarioID=6  ; select * from JoinUsuarioToFamilia; select * from JoinPatenteToUsuario
Save/Update: select * from Familia JOIN JoinUsuarioToFamilia AS usuarios ON Familia.familiaID=usuarios.familiaID WHERE usuarios.usuarioID=6  ; select * from JoinFamiliaToPatente
Save/Update: select * from Patente JOIN JoinFamiliaToPatente AS familia ON Patente.patenteId=familia.patenteId WHERE familia.familiaID=5  
Save/Update: select * from Patente JOIN JoinPatenteToUsuario AS usuario ON Patente.patenteId=usuario.patenteId WHERE usuario.usuarioID=6  
Save/Update: select * from Cliente WHERE  Cliente.usuarioID=6  ; select * from cliente_movimientos; select * from Pedido WHERE borrado = 0; select * from Factura WHERE borrado = 0; select * from Diseño WHERE borrado = 0
Save/Update: select * from Diseño WHERE  Diseño.id_cliente=6  ; select * from historico_estados_diseño WHERE borrado = 0
Save/Update: select * from Factura WHERE  Factura.id_cliente=6  ; select * from documento_movimiento; select * from LineaFactura WHERE borrado = 0
Save/Update: select * from Pedido WHERE  Pedido.id_cliente=6  ; select * from produccion WHERE borrado = 0; select * from historico_estados_pedido WHERE borrado = 0
Save/Update: select * from MovimientosCuenta JOIN cliente_movimientos AS cliente ON MovimientosCuenta.nro_movimiento=cliente.nro_movimiento WHERE cliente.id_cliente=6  AND cliente.id_cliente IS NOT  NULL ; select * from cliente_movimientos; select * from documento_movimiento
Save/Update: DELETE cliente_movimientos where id_cliente=3  ; ;DELETE Cliente WHERE id_cliente=3  
Save/Update: DELETE JoinUsuarioToFamilia where usuarioID=6  ; DELETE JoinPatenteToUsuario where usuarioID=6  ; ;DELETE Usuario WHERE usuarioID=6  
Save/Update: select * from Cliente WHERE  Cliente.id_cliente=3  ; select * from cliente_movimientos; select * from Pedido WHERE borrado = 0; select * from Factura WHERE borrado = 0; select * from Diseño WHERE borrado = 0</StdOut>
      </Output>
    </UnitTestResult>
    <UnitTestResult executionId="6464ce7a-c27a-4476-8e3e-05a46dd52478" testId="62f6b994-f314-dfaa-2382-4b70b0820150" testName="listarArticulosTest" computerName="DIEGO-PC" duration="00:00:00.0110454" startTime="2012-11-26T18:29:39.3132199-03:00" endTime="2012-11-26T18:29:39.3322210-03:00" testType="13cdc9d9-ddb5-4fa4-a97d-d965ccfc6d4b" outcome="Passed" testListId="8c84fa94-04c1-424b-9868-57a2d4851a1d" relativeResultsDirectory="6464ce7a-c27a-4476-8e3e-05a46dd52478">
      <Output>
        <StdOut>Save/Update: select * from Articulos WHERE  Articulos.borrado=0  ; select * from lista_precios WHERE borrado = 0
Save/Update: select * from lista_precios WHERE  lista_precios.cod_articulo=1  
Save/Update: select * from TipoPrenda WHERE  TipoPrenda.tipo_prenda=1  
Save/Update: select * from Diseño WHERE  Diseño.cod_diseño=1  ; select * from historico_estados_diseño WHERE borrado = 0
Save/Update: select * from lista_precios WHERE  lista_precios.cod_articulo=2  
Save/Update: select * from TipoPrenda WHERE  TipoPrenda.tipo_prenda=2  
Save/Update: select * from Diseño WHERE  Diseño.cod_diseño=2  ; select * from historico_estados_diseño WHERE borrado = 0
Save/Update: select * from lista_precios WHERE  lista_precios.cod_articulo=3  
Save/Update: select * from TipoPrenda WHERE  TipoPrenda.tipo_prenda=2  
Save/Update: select * from Diseño WHERE  Diseño.cod_diseño=1  ; select * from historico_estados_diseño WHERE borrado = 0
Save/Update: DELETE lista_precios WHERE nro_lista=1  AND cod_articulo=4  
Save/Update: DELETE lista_precios WHERE nro_lista=2  AND cod_articulo=4  
Save/Update: DELETE Articulos WHERE cod_articulo=4</StdOut>
      </Output>
    </UnitTestResult>
    <UnitTestResult executionId="dea4a24f-f684-463f-9cb0-9ecc3d146918" testId="645f3b20-4ed4-9fc8-0db6-f5c22e3f0ef4" testName="listarProduccionPorPedidoTest" computerName="DIEGO-PC" duration="00:00:00.0210220" startTime="2012-11-26T18:29:39.3362212-03:00" endTime="2012-11-26T18:29:39.3672230-03:00" testType="13cdc9d9-ddb5-4fa4-a97d-d965ccfc6d4b" outcome="Passed" testListId="8c84fa94-04c1-424b-9868-57a2d4851a1d" relativeResultsDirectory="dea4a24f-f684-463f-9cb0-9ecc3d146918">
      <Output>
        <StdOut>Save/Update: select * from produccion WHERE  produccion.cod_pedido=1  ; select * from historico_estados_produccion WHERE borrado = 0
Save/Update: select * from Pedido WHERE  Pedido.cod_pedido=1  ; select * from produccion WHERE borrado = 0; select * from historico_estados_pedido WHERE borrado = 0
Save/Update: select * from Maquina WHERE  Maquina.cod_maquina=1  ; select * from JoinMaquinaToTipoPrenda
Save/Update: select * from Articulos WHERE  Articulos.cod_articulo=1  ; select * from lista_precios WHERE borrado = 0
Save/Update: select * from EstadoTrabajos WHERE  EstadoTrabajos.cod_estado=3  
Save/Update: select * from historico_estados_produccion WHERE  historico_estados_produccion.cod_produccion=1  
Save/Update: select * from produccion_operador WHERE  produccion_operador.cod_prodcuccion=1  
Save/Update: select * from Pedido WHERE  Pedido.cod_pedido=1  ; select * from produccion WHERE borrado = 0; select * from historico_estados_pedido WHERE borrado = 0
Save/Update: select * from Maquina WHERE  Maquina.cod_maquina=1  ; select * from JoinMaquinaToTipoPrenda
Save/Update: select * from Articulos WHERE  Articulos.cod_articulo=2  ; select * from lista_precios WHERE borrado = 0
Save/Update: select * from EstadoTrabajos WHERE  EstadoTrabajos.cod_estado=2  
Save/Update: select * from historico_estados_produccion WHERE  historico_estados_produccion.cod_produccion=2  
Save/Update: select * from produccion_operador WHERE  produccion_operador.cod_prodcuccion=2  
Save/Update: select * from Pedido WHERE  Pedido.cod_pedido=1  ; select * from produccion WHERE borrado = 0; select * from historico_estados_pedido WHERE borrado = 0
Save/Update: select * from Maquina WHERE  Maquina.cod_maquina=2  ; select * from JoinMaquinaToTipoPrenda
Save/Update: select * from Articulos WHERE  Articulos.cod_articulo=3  ; select * from lista_precios WHERE borrado = 0
Save/Update: select * from EstadoTrabajos WHERE  EstadoTrabajos.cod_estado=0  
Save/Update: select * from historico_estados_produccion WHERE  historico_estados_produccion.cod_produccion=3  
Save/Update: select * from produccion_operador WHERE  produccion_operador.cod_prodcuccion=3  
Save/Update: DELETE produccion_operador WHERE id_operador=2  AND cod_prodcuccion=7  
Save/Update: DELETE historico_estados_produccion WHERE nro_estado=1  AND cod_produccion=7  
Save/Update: DELETE historico_estados_produccion WHERE nro_estado=2  AND cod_produccion=7  
Save/Update: DELETE produccion WHERE cod_produccion=7</StdOut>
      </Output>
    </UnitTestResult>
    <UnitTestResult executionId="46f0c6ae-7392-4b50-9c4f-42150c55db13" testId="64c5f523-bd77-dde6-863d-1ca40834d636" testName="borrarNewsletterTest" computerName="DIEGO-PC" duration="00:00:00.0049885" startTime="2012-11-26T18:29:39.3742234-03:00" endTime="2012-11-26T18:29:39.3872241-03:00" testType="13cdc9d9-ddb5-4fa4-a97d-d965ccfc6d4b" outcome="Passed" testListId="8c84fa94-04c1-424b-9868-57a2d4851a1d" relativeResultsDirectory="46f0c6ae-7392-4b50-9c4f-42150c55db13">
      <Output>
        <StdOut>Save/Update: SELECT  ISNULL(MAX(id + 1),1) from newsletter
Save/Update: INSERT INTO newsletter (id, newsletter, nombre, enviado) VALUES (3 , 'html', 'news3', 0 ); 
Save/Update: select * from newsletter WHERE  newsletter.id=3  
Save/Update: DELETE newsletter WHERE id=3  
Save/Update: select * from newsletter WHERE  newsletter.id=3</StdOut>
      </Output>
    </UnitTestResult>
    <UnitTestResult executionId="7e94dcfb-5250-4b1e-be55-8c1a1a063409" testId="653a7294-5203-6cdc-ff9d-6ea30ca26aa9" testName="grabarInsumoTest" computerName="DIEGO-PC" duration="00:00:00.0089988" startTime="2012-11-26T18:29:39.3912243-03:00" endTime="2012-11-26T18:29:39.4122255-03:00" testType="13cdc9d9-ddb5-4fa4-a97d-d965ccfc6d4b" outcome="Passed" testListId="8c84fa94-04c1-424b-9868-57a2d4851a1d" relativeResultsDirectory="7e94dcfb-5250-4b1e-be55-8c1a1a063409">
      <Output>
        <StdOut>Save/Update: SELECT  ISNULL(MAX(cod_insumo + 1),1) from insumo
Save/Update: INSERT INTO insumo (cod_insumo, nombre, id_tipo_insumo, color, detalle, costo, cantidadActual) VALUES (5 , 'test creacion', 1 , 1 , 'insumo repo test', 5, 100 ); 
Save/Update: SELECT  ISNULL(MAX(nro_movimiento + 1),1) from MovimientosStock WHERE cod_insumo=5
Save/Update: INSERT INTO MovimientosStock (nro_movimiento, cod_insumo, tipo, fecha, cantidad) VALUES (1 , 5 , 1 ,  CAST('26/11/2012 18:29:39.400'  AS DateTime), 100); 
Save/Update: select * from insumo WHERE  insumo.cod_insumo=5  
Save/Update: select * from tipoInsumo WHERE  tipoInsumo.tipo_insumo=1  
Save/Update: select * from color WHERE  color.codigo_color=1  
Save/Update: select * from MovimientosStock WHERE  MovimientosStock.cod_insumo=5  
Save/Update: DELETE MovimientosStock WHERE nro_movimiento=1  AND cod_insumo=5  
Save/Update: DELETE MovimientosStock WHERE nro_movimiento=2  AND cod_insumo=5  
Save/Update: DELETE insumo WHERE cod_insumo=5</StdOut>
      </Output>
    </UnitTestResult>
    <UnitTestResult executionId="8bb0cc19-a5ab-4bbe-a90b-bb12d53fc14a" testId="65cf3506-53bd-487b-cba6-ed8ab00a65a4" testName="cargarLineasFacturaConRestriccionTest" computerName="DIEGO-PC" duration="00:00:00.0071324" startTime="2012-11-26T18:29:39.4142257-03:00" endTime="2012-11-26T18:29:39.4292265-03:00" testType="13cdc9d9-ddb5-4fa4-a97d-d965ccfc6d4b" outcome="Passed" testListId="8c84fa94-04c1-424b-9868-57a2d4851a1d" relativeResultsDirectory="8bb0cc19-a5ab-4bbe-a90b-bb12d53fc14a">
      <Output>
        <StdOut>Save/Update: select * from LineaFactura WHERE  LineaFactura.cod_producto=1  AND  LineaFactura.borrado=0  AND  LineaFactura.cantidad=10  AND  LineaFactura.nro_factura=1  AND  LineaFactura.nro_linea=1  AND  LineaFactura.nro_sucursal=1  AND  LineaFactura.precio=10 AND  LineaFactura.tipo_factura='A'</StdOut>
      </Output>
    </UnitTestResult>
    <UnitTestResult executionId="086b159f-8691-43d0-801a-40e9a9ab893e" testId="65f33339-f5f5-af8d-e74e-57a59876466d" testName="cargarListaPrecioTest" computerName="DIEGO-PC" duration="00:00:00.0041887" startTime="2012-11-26T18:29:39.4332267-03:00" endTime="2012-11-26T18:29:39.4492277-03:00" testType="13cdc9d9-ddb5-4fa4-a97d-d965ccfc6d4b" outcome="Passed" testListId="8c84fa94-04c1-424b-9868-57a2d4851a1d" relativeResultsDirectory="086b159f-8691-43d0-801a-40e9a9ab893e">
      <Output>
        <StdOut>Save/Update: select * from lista_precios
Save/Update: DELETE lista_precios WHERE nro_lista=3  AND cod_articulo=1</StdOut>
      </Output>
    </UnitTestResult>
    <UnitTestResult executionId="bef24a80-5185-4854-b951-2efa02f4c8c5" testId="66671db1-8d6b-13a4-a97e-68474a20ccf4" testName="actualizarPedidoTest" computerName="DIEGO-PC" duration="00:00:00.0372140" startTime="2012-11-26T18:29:39.4512278-03:00" endTime="2012-11-26T18:29:39.4972304-03:00" testType="13cdc9d9-ddb5-4fa4-a97d-d965ccfc6d4b" outcome="Passed" testListId="8c84fa94-04c1-424b-9868-57a2d4851a1d" relativeResultsDirectory="bef24a80-5185-4854-b951-2efa02f4c8c5">
      <Output>
        <StdOut>Save/Update: SELECT  ISNULL(MAX(cod_pedido + 1),1) from Pedido
Save/Update: INSERT INTO Pedido (cod_pedido, comentario, id_cliente, tipo_pedido, estadoActual, fechaInicio, fechaFinal, borrado) VALUES (5 , 'comentario test', 2 , 2 , 2 ,  CAST('26/11/2012 18:29:39.459'  AS DateTime),  CAST('26/11/2012 18:29:39.459'  AS DateTime), 0 ); UPDATE produccion SET borrado=1 WHERE cod_pedido=5  ; UPDATE historico_estados_pedido SET borrado=1 WHERE cod_pedido=5  ; 
Save/Update: SELECT  ISNULL(MAX(nro_estado + 1),1) from historico_estados_pedido WHERE cod_pedido=5
Save/Update: INSERT INTO historico_estados_pedido (nro_estado, comentario, cod_pedido, fechaDesde, fechaHasta, estado, borrado) VALUES (1 , 'com', 5 ,  CAST('26/11/2012 18:29:39.459'  AS DateTime),  NULL , 1 , 0 ); 
Save/Update: SELECT  ISNULL(MAX(cod_produccion + 1),1) from produccion
Save/Update: INSERT INTO produccion (cod_produccion, comentario, cod_pedido, cod_maquina, cod_articulo, cantidad, estadoActual, utilizacion, fechaInicio, fechaFinal, borrado) VALUES (7 , 'com1', 5 , 2 , 1 , 10 , 1 , 1,  CAST('26/11/2012 18:29:39.459'  AS DateTime),  NULL , 0 ); UPDATE historico_estados_produccion SET borrado=1 WHERE cod_produccion=7  ; 
Save/Update: select * from Pedido WHERE  Pedido.cod_pedido=5  ; select * from produccion WHERE borrado = 0; select * from historico_estados_pedido WHERE borrado = 0
Save/Update: select * from historico_estados_pedido WHERE  historico_estados_pedido.cod_pedido=5  
Save/Update: select * from tipoPedido WHERE  tipoPedido.tipo_pedido=2  
Save/Update: select * from produccion WHERE  produccion.cod_pedido=5  ; select * from historico_estados_produccion WHERE borrado = 0
Save/Update: select * from Cliente WHERE  Cliente.id_cliente=2  ; select * from cliente_movimientos; select * from Pedido WHERE borrado = 0; select * from Factura WHERE borrado = 0; select * from Diseño WHERE borrado = 0
Save/Update: select * from EstadoPedido WHERE  EstadoPedido.estado_pedido=2  
Save/Update: UPDATE Pedido SET comentario='comentario Modificado', id_cliente=2 , tipo_pedido=2 , estadoActual=3 , fechaInicio= CAST('26/11/2012 18:29:39.460'  AS DateTime), fechaFinal= CAST('10/10/2012 00:00:00.000'  AS DateTime), borrado=0  WHERE cod_pedido=5  ; UPDATE produccion SET borrado=1 WHERE cod_pedido=5  ; UPDATE historico_estados_pedido SET borrado=1 WHERE cod_pedido=5  ; 
Save/Update: UPDATE historico_estados_pedido SET comentario='com', fechaDesde= CAST('26/11/2012 18:29:39.460'  AS DateTime), fechaHasta= CAST('10/10/2012 00:00:00.000'  AS DateTime), estado=1 , borrado=0  WHERE nro_estado=1  AND cod_pedido=5  ; 
Save/Update: SELECT  ISNULL(MAX(nro_estado + 1),1) from historico_estados_pedido WHERE cod_pedido=5
Save/Update: INSERT INTO historico_estados_pedido (nro_estado, comentario, cod_pedido, fechaDesde, fechaHasta, estado, borrado) VALUES (2 , 'com', 5 ,  CAST('26/11/2012 18:29:39.473'  AS DateTime),  NULL , 2 , 0 ); 
Save/Update: UPDATE produccion SET comentario='com1', cod_pedido=5 , cod_maquina=2 , cod_articulo=1 , cantidad=10 , estadoActual=1 , utilizacion=1, fechaInicio= CAST('26/11/2012 18:29:39.460'  AS DateTime), fechaFinal= CAST('10/10/2012 00:00:00.000'  AS DateTime), borrado=0  WHERE cod_produccion=7  ; UPDATE historico_estados_produccion SET borrado=1 WHERE cod_produccion=7  ; 
Save/Update: select * from Pedido WHERE  Pedido.cod_pedido=5  ; select * from produccion WHERE borrado = 0; select * from historico_estados_pedido WHERE borrado = 0
Save/Update: select * from historico_estados_pedido WHERE  historico_estados_pedido.cod_pedido=5  
Save/Update: select * from tipoPedido WHERE  tipoPedido.tipo_pedido=2  
Save/Update: select * from produccion WHERE  produccion.cod_pedido=5  ; select * from historico_estados_produccion WHERE borrado = 0
Save/Update: select * from Cliente WHERE  Cliente.id_cliente=2  ; select * from cliente_movimientos; select * from Pedido WHERE borrado = 0; select * from Factura WHERE borrado = 0; select * from Diseño WHERE borrado = 0
Save/Update: select * from EstadoPedido WHERE  EstadoPedido.estado_pedido=3  
Save/Update: DELETE historico_estados_pedido WHERE nro_estado=1  AND cod_pedido=5  
Save/Update: DELETE historico_estados_pedido WHERE nro_estado=2  AND cod_pedido=5  
Save/Update: DELETE produccion WHERE cod_produccion=7  
Save/Update: DELETE Pedido WHERE cod_pedido=5</StdOut>
      </Output>
    </UnitTestResult>
    <UnitTestResult executionId="f3fb599c-3977-4a4c-abe3-fab265bd28cd" testId="66a338ec-66f0-37fa-1bf3-601efb395594" testName="listarPedidosPorClienteTest" computerName="DIEGO-PC" duration="00:00:00.0207013" startTime="2012-11-26T18:29:39.5042308-03:00" endTime="2012-11-26T18:29:39.5352326-03:00" testType="13cdc9d9-ddb5-4fa4-a97d-d965ccfc6d4b" outcome="Passed" testListId="8c84fa94-04c1-424b-9868-57a2d4851a1d" relativeResultsDirectory="f3fb599c-3977-4a4c-abe3-fab265bd28cd">
      <Output>
        <StdOut>Save/Update: select * from Pedido WHERE  Pedido.id_cliente=1  ; select * from produccion WHERE borrado = 0; select * from historico_estados_pedido WHERE borrado = 0
Save/Update: select * from historico_estados_pedido WHERE  historico_estados_pedido.cod_pedido=1  
Save/Update: select * from tipoPedido WHERE  tipoPedido.tipo_pedido=1  
Save/Update: select * from produccion WHERE  produccion.cod_pedido=1  ; select * from historico_estados_produccion WHERE borrado = 0
Save/Update: select * from Cliente WHERE  Cliente.id_cliente=1  ; select * from cliente_movimientos; select * from Pedido WHERE borrado = 0; select * from Factura WHERE borrado = 0; select * from Diseño WHERE borrado = 0
Save/Update: select * from EstadoPedido WHERE  EstadoPedido.estado_pedido=3  
Save/Update: select * from historico_estados_pedido WHERE  historico_estados_pedido.cod_pedido=3  
Save/Update: select * from tipoPedido WHERE  tipoPedido.tipo_pedido=2  
Save/Update: select * from produccion WHERE  produccion.cod_pedido=3  ; select * from historico_estados_produccion WHERE borrado = 0
Save/Update: select * from Cliente WHERE  Cliente.id_cliente=1  ; select * from cliente_movimientos; select * from Pedido WHERE borrado = 0; select * from Factura WHERE borrado = 0; select * from Diseño WHERE borrado = 0
Save/Update: select * from EstadoPedido WHERE  EstadoPedido.estado_pedido=0  
Save/Update: select * from historico_estados_pedido WHERE  historico_estados_pedido.cod_pedido=4  
Save/Update: select * from tipoPedido WHERE  tipoPedido.tipo_pedido=1  
Save/Update: select * from produccion WHERE  produccion.cod_pedido=4  ; select * from historico_estados_produccion WHERE borrado = 0
Save/Update: select * from Cliente WHERE  Cliente.id_cliente=1  ; select * from cliente_movimientos; select * from Pedido WHERE borrado = 0; select * from Factura WHERE borrado = 0; select * from Diseño WHERE borrado = 0
Save/Update: select * from EstadoPedido WHERE  EstadoPedido.estado_pedido=0  
Save/Update: DELETE historico_estados_pedido WHERE nro_estado=1  AND cod_pedido=5  
Save/Update: DELETE historico_estados_pedido WHERE nro_estado=2  AND cod_pedido=5  
Save/Update: DELETE produccion WHERE cod_produccion=7  
Save/Update: DELETE Pedido WHERE cod_pedido=5</StdOut>
      </Output>
    </UnitTestResult>
    <UnitTestResult executionId="e217ea80-11b1-4f29-9195-6b6b74a9279b" testId="66accf62-c8b1-294a-c12d-5fcb04e3bddf" testName="cargarFacturasTest" computerName="DIEGO-PC" duration="00:00:00.0055451" startTime="2012-11-26T18:29:39.5412329-03:00" endTime="2012-11-26T18:29:39.5542337-03:00" testType="13cdc9d9-ddb5-4fa4-a97d-d965ccfc6d4b" outcome="Passed" testListId="8c84fa94-04c1-424b-9868-57a2d4851a1d" relativeResultsDirectory="e217ea80-11b1-4f29-9195-6b6b74a9279b">
      <Output>
        <StdOut>Save/Update: select * from Factura; select * from documento_movimiento; select * from LineaFactura WHERE borrado = 0
Save/Update: delete Factura where nro_doc=5
Save/Update: delete documento where nro_doc=5</StdOut>
      </Output>
    </UnitTestResult>
    <UnitTestResult executionId="1ccba480-87ee-4f05-be2b-8c81e4ed72ae" testId="67103975-0d80-6dc0-3e73-31c64db0977f" testName="grabarInsumoTest" computerName="DIEGO-PC" duration="00:00:00.0173794" startTime="2012-11-26T18:29:39.5612341-03:00" endTime="2012-11-26T18:29:39.5902357-03:00" testType="13cdc9d9-ddb5-4fa4-a97d-d965ccfc6d4b" outcome="Passed" testListId="8c84fa94-04c1-424b-9868-57a2d4851a1d" relativeResultsDirectory="1ccba480-87ee-4f05-be2b-8c81e4ed72ae">
      <Output>
        <StdOut>Save/Update: SELECT  ISNULL(MAX(cod_insumo + 1),1) from insumo
Save/Update: INSERT INTO insumo (cod_insumo, nombre, id_tipo_insumo, color, detalle, costo, cantidadActual) VALUES (5 , 'test creacion', 1 , 1 , 'insumo repo test', 5, 100 ); 
Save/Update: SELECT  ISNULL(MAX(nro_movimiento + 1),1) from MovimientosStock WHERE cod_insumo=5
Save/Update: INSERT INTO MovimientosStock (nro_movimiento, cod_insumo, tipo, fecha, cantidad) VALUES (1 , 5 , 2 ,  CAST('26/11/2012 18:29:39.569'  AS DateTime), 100); 
Save/Update: select * from insumo WHERE  insumo.cod_insumo=5  
Save/Update: select * from tipoInsumo WHERE  tipoInsumo.tipo_insumo=1  
Save/Update: select * from color WHERE  color.codigo_color=1  
Save/Update: select * from MovimientosStock WHERE  MovimientosStock.cod_insumo=5  
Save/Update: select * from insumo WHERE  insumo.cod_insumo=1  
Save/Update: select * from tipoInsumo WHERE  tipoInsumo.tipo_insumo=1  
Save/Update: select * from color WHERE  color.codigo_color=1  
Save/Update: select * from MovimientosStock WHERE  MovimientosStock.cod_insumo=1  
Save/Update: select * from insumo WHERE  insumo.cod_insumo=2  
Save/Update: select * from tipoInsumo WHERE  tipoInsumo.tipo_insumo=1  
Save/Update: select * from color WHERE  color.codigo_color=2  
Save/Update: select * from MovimientosStock WHERE  MovimientosStock.cod_insumo=2  
Save/Update: select * from insumo WHERE  insumo.cod_insumo=1  
Save/Update: select * from tipoInsumo WHERE  tipoInsumo.tipo_insumo=1  
Save/Update: select * from color WHERE  color.codigo_color=1  
Save/Update: select * from MovimientosStock WHERE  MovimientosStock.cod_insumo=1  
Save/Update: UPDATE insumo SET nombre='nombre1', id_tipo_insumo=1 , color=1 , detalle='detalle1', costo=1, cantidadActual=1  WHERE cod_insumo=1  ; 
Save/Update: select * from insumo WHERE  insumo.cod_insumo=2  
Save/Update: select * from tipoInsumo WHERE  tipoInsumo.tipo_insumo=1  
Save/Update: select * from color WHERE  color.codigo_color=2  
Save/Update: select * from MovimientosStock WHERE  MovimientosStock.cod_insumo=2  
Save/Update: UPDATE insumo SET nombre='nombre2', id_tipo_insumo=1 , color=2 , detalle='detalle2', costo=1, cantidadActual=2  WHERE cod_insumo=2  ; 
Save/Update: delete from MovimientosStock where cod_insumo &gt; 2 or (cod_insumo = 1 AND nro_movimiento &gt; 2) or (cod_insumo = 2 AND nro_movimiento &gt; 1)
Save/Update: DELETE MovimientosStock WHERE nro_movimiento=1  AND cod_insumo=5  
Save/Update: DELETE MovimientosStock WHERE nro_movimiento=2  AND cod_insumo=5  
Save/Update: DELETE insumo WHERE cod_insumo=5</StdOut>
      </Output>
    </UnitTestResult>
    <UnitTestResult executionId="99b9f660-2004-43b2-bcc2-ad26369d430e" testId="68862084-d3f3-3b6a-8d1d-63a8120425c8" testName="actualizarFamiliaTest" computerName="DIEGO-PC" duration="00:00:00.0098497" startTime="2012-11-26T18:29:39.5942360-03:00" endTime="2012-11-26T18:29:39.6142371-03:00" testType="13cdc9d9-ddb5-4fa4-a97d-d965ccfc6d4b" outcome="Passed" testListId="8c84fa94-04c1-424b-9868-57a2d4851a1d" relativeResultsDirectory="99b9f660-2004-43b2-bcc2-ad26369d430e">
      <Output>
        <StdOut>Save/Update: select * from Familia WHERE  Familia.familiaID=2  ; select * from JoinFamiliaToPatente
Save/Update: select * from Patente JOIN JoinFamiliaToPatente AS familia ON Patente.patenteId=familia.patenteId WHERE familia.familiaID=2  
Save/Update: UPDATE Familia SET descripcion='desTest', nombre='nombretest' WHERE familiaID=2  ; DELETE JoinFamiliaToPatente where familiaID=2  ;  INSERT INTO JoinFamiliaToPatente ( familiaID, patenteId) VALUES ( 2 , 9 ); 
Save/Update: select * from Familia WHERE  Familia.familiaID=2  ; select * from JoinFamiliaToPatente
Save/Update: select * from Patente JOIN JoinFamiliaToPatente AS familia ON Patente.patenteId=familia.patenteId WHERE familia.familiaID=2  
Save/Update: UPDATE Familia SET descripcion='Operador maquinas de produccion', nombre='Operador de maquinas' WHERE familiaID=2  ; DELETE JoinFamiliaToPatente where familiaID=2  ;  INSERT INTO JoinFamiliaToPatente ( familiaID, patenteId) VALUES ( 2 , 1 );</StdOut>
      </Output>
    </UnitTestResult>
    <UnitTestResult executionId="4edf14bf-7230-4ff8-9abe-5ff07ed60fe5" testId="688ff74d-915e-d560-41c3-a70549298345" testName="borrarMovimientosClienteTest" computerName="DIEGO-PC" duration="00:00:00.0154614" startTime="2012-11-26T18:29:39.6192374-03:00" endTime="2012-11-26T18:29:39.6432388-03:00" testType="13cdc9d9-ddb5-4fa4-a97d-d965ccfc6d4b" outcome="Passed" testListId="8c84fa94-04c1-424b-9868-57a2d4851a1d" relativeResultsDirectory="4edf14bf-7230-4ff8-9abe-5ff07ed60fe5">
      <Output>
        <StdOut>Save/Update: SELECT  ISNULL(MAX(nro_movimiento + 1),1) from MovimientosCuenta
Save/Update: INSERT INTO MovimientosCuenta (nro_movimiento, comentario, fecha, monto, cuentaID, tipoMovimientoID) VALUES (4 , 'com4',  CAST('26/11/2012 18:29:39.625'  AS DateTime), 33.3, 1 , 2 ); DELETE proveedor_movimientos where nro_movimiento=4  ;  INSERT INTO proveedor_movimientos ( nro_movimiento, id_proveedor) VALUES ( 4 , 2 ); DELETE documento_movimiento where nro_movimiento=4  ; 
Save/Update: select * from MovimientosCuenta JOIN proveedor_movimientos AS proveedor ON MovimientosCuenta.nro_movimiento=proveedor.nro_movimiento WHERE  MovimientosCuenta.nro_movimiento=4  AND  MovimientosCuenta.monto=33.3 AND proveedor.id_proveedor IS NOT  NULL ; select * from proveedor_movimientos; select * from documento_movimiento
Save/Update: DELETE proveedor_movimientos where nro_movimiento=4  ; DELETE documento_movimiento where nro_movimiento=4  ; ;DELETE MovimientosCuenta WHERE nro_movimiento=4  
Save/Update: select * from MovimientosCuenta JOIN proveedor_movimientos AS proveedor ON MovimientosCuenta.nro_movimiento=proveedor.nro_movimiento WHERE  MovimientosCuenta.nro_movimiento=4  AND  MovimientosCuenta.monto=33.3 AND proveedor.id_proveedor IS NOT  NULL AND proveedor.id_proveedor IS NOT  NULL ; select * from proveedor_movimientos; select * from documento_movimiento
Save/Update: DELETE proveedor_movimientos where nro_movimiento=4  ; DELETE documento_movimiento where nro_movimiento=4  ; ;DELETE MovimientosCuenta WHERE nro_movimiento=4</StdOut>
      </Output>
    </UnitTestResult>
    <UnitTestResult executionId="77d7881e-b928-48d2-a519-8b93a8457321" testId="69fa372c-7458-f7f0-5041-7bf40151831d" testName="cargarMovimientosTest" computerName="DIEGO-PC" duration="00:00:00.0047235" startTime="2012-11-26T18:29:39.6472390-03:00" endTime="2012-11-26T18:29:39.6612398-03:00" testType="13cdc9d9-ddb5-4fa4-a97d-d965ccfc6d4b" outcome="Passed" testListId="8c84fa94-04c1-424b-9868-57a2d4851a1d" relativeResultsDirectory="77d7881e-b928-48d2-a519-8b93a8457321">
      <Output>
        <StdOut>Save/Update: select * from MovimientosCuenta JOIN cliente_movimientos AS cliente ON MovimientosCuenta.nro_movimiento=cliente.nro_movimiento WHERE cliente.id_cliente IS NOT  NULL ; select * from cliente_movimientos; select * from documento_movimiento
Save/Update: DELETE cliente_movimientos where nro_movimiento=4  ; DELETE documento_movimiento where nro_movimiento=4  ; ;DELETE MovimientosCuenta WHERE nro_movimiento=4</StdOut>
      </Output>
    </UnitTestResult>
    <UnitTestResult executionId="38a2d8c1-1267-48b0-b55e-2d124b7f5e6c" testId="6b7c36cd-44f4-1879-c115-f544d495b61e" testName="cargarFamiliasTest" computerName="DIEGO-PC" duration="00:00:00.0034645" startTime="2012-11-26T18:29:39.6662401-03:00" endTime="2012-11-26T18:29:39.6782408-03:00" testType="13cdc9d9-ddb5-4fa4-a97d-d965ccfc6d4b" outcome="Passed" testListId="8c84fa94-04c1-424b-9868-57a2d4851a1d" relativeResultsDirectory="38a2d8c1-1267-48b0-b55e-2d124b7f5e6c">
      <Output>
        <StdOut>Save/Update: select * from Patente</StdOut>
      </Output>
    </UnitTestResult>
    <UnitTestResult executionId="6fa1cdd8-10cd-4eff-98f0-3b394e67d2ef" testId="6c508edd-f42b-c301-6d53-7fe205a52a0b" testName="listarPedidosTest" computerName="DIEGO-PC" duration="00:00:00.0245690" startTime="2012-11-26T18:29:39.6812409-03:00" endTime="2012-11-26T18:29:39.7132428-03:00" testType="13cdc9d9-ddb5-4fa4-a97d-d965ccfc6d4b" outcome="Passed" testListId="8c84fa94-04c1-424b-9868-57a2d4851a1d" relativeResultsDirectory="6fa1cdd8-10cd-4eff-98f0-3b394e67d2ef">
      <Output>
        <StdOut>Save/Update: select * from Pedido; select * from produccion WHERE borrado = 0; select * from historico_estados_pedido WHERE borrado = 0
Save/Update: select * from historico_estados_pedido WHERE  historico_estados_pedido.cod_pedido=1  
Save/Update: select * from tipoPedido WHERE  tipoPedido.tipo_pedido=1  
Save/Update: select * from produccion WHERE  produccion.cod_pedido=1  ; select * from historico_estados_produccion WHERE borrado = 0
Save/Update: select * from Cliente WHERE  Cliente.id_cliente=1  ; select * from cliente_movimientos; select * from Pedido WHERE borrado = 0; select * from Factura WHERE borrado = 0; select * from Diseño WHERE borrado = 0
Save/Update: select * from EstadoPedido WHERE  EstadoPedido.estado_pedido=3  
Save/Update: select * from historico_estados_pedido WHERE  historico_estados_pedido.cod_pedido=2  
Save/Update: select * from tipoPedido WHERE  tipoPedido.tipo_pedido=2  
Save/Update: select * from produccion WHERE  produccion.cod_pedido=2  ; select * from historico_estados_produccion WHERE borrado = 0
Save/Update: select * from Cliente WHERE  Cliente.id_cliente=2  ; select * from cliente_movimientos; select * from Pedido WHERE borrado = 0; select * from Factura WHERE borrado = 0; select * from Diseño WHERE borrado = 0
Save/Update: select * from EstadoPedido WHERE  EstadoPedido.estado_pedido=3  
Save/Update: select * from historico_estados_pedido WHERE  historico_estados_pedido.cod_pedido=3  
Save/Update: select * from tipoPedido WHERE  tipoPedido.tipo_pedido=2  
Save/Update: select * from produccion WHERE  produccion.cod_pedido=3  ; select * from historico_estados_produccion WHERE borrado = 0
Save/Update: select * from Cliente WHERE  Cliente.id_cliente=1  ; select * from cliente_movimientos; select * from Pedido WHERE borrado = 0; select * from Factura WHERE borrado = 0; select * from Diseño WHERE borrado = 0
Save/Update: select * from EstadoPedido WHERE  EstadoPedido.estado_pedido=0  
Save/Update: select * from historico_estados_pedido WHERE  historico_estados_pedido.cod_pedido=4  
Save/Update: select * from tipoPedido WHERE  tipoPedido.tipo_pedido=1  
Save/Update: select * from produccion WHERE  produccion.cod_pedido=4  ; select * from historico_estados_produccion WHERE borrado = 0
Save/Update: select * from Cliente WHERE  Cliente.id_cliente=1  ; select * from cliente_movimientos; select * from Pedido WHERE borrado = 0; select * from Factura WHERE borrado = 0; select * from Diseño WHERE borrado = 0
Save/Update: select * from EstadoPedido WHERE  EstadoPedido.estado_pedido=0  
Save/Update: DELETE historico_estados_pedido WHERE nro_estado=1  AND cod_pedido=5  
Save/Update: DELETE historico_estados_pedido WHERE nro_estado=2  AND cod_pedido=5  
Save/Update: DELETE produccion WHERE cod_produccion=7  
Save/Update: DELETE Pedido WHERE cod_pedido=5</StdOut>
      </Output>
    </UnitTestResult>
    <UnitTestResult executionId="3658ee1f-b73a-4cb7-ac32-249498aee090" testId="6c77fe8d-a8b3-4efd-1e3d-013b12293f74" testName="borrarListaPrecioTest" computerName="DIEGO-PC" duration="00:00:00.0061510" startTime="2012-11-26T18:29:39.7172430-03:00" endTime="2012-11-26T18:29:39.7322438-03:00" testType="13cdc9d9-ddb5-4fa4-a97d-d965ccfc6d4b" outcome="Passed" testListId="8c84fa94-04c1-424b-9868-57a2d4851a1d" relativeResultsDirectory="3658ee1f-b73a-4cb7-ac32-249498aee090">
      <Output>
        <StdOut>Save/Update: SELECT  ISNULL( MAX(nro_lista + 1), 1) from lista_precios WHERE cod_articulo=1
Save/Update: INSERT INTO lista_precios (nro_lista, cod_articulo, precio, fechaDesde, fechaHasta, borrado) VALUES (3 , 1 , 3.1,  CAST('11/11/2011 13:55:33.110'  AS DateTime),  CAST('11/11/2011 14:55:33.223'  AS DateTime), 0 ); 
Save/Update: select * from lista_precios WHERE  lista_precios.borrado=0  AND  lista_precios.cod_articulo=1  
Save/Update: DELETE lista_precios WHERE nro_lista=3  AND cod_articulo=1  
Save/Update: select * from lista_precios WHERE  lista_precios.borrado=0  AND  lista_precios.cod_articulo=1  
Save/Update: DELETE lista_precios WHERE nro_lista=3  AND cod_articulo=1</StdOut>
      </Output>
    </UnitTestResult>
    <UnitTestResult executionId="c70c6ae0-169b-4899-b6a5-28073498f89c" testId="6cf16972-5184-bd8a-3b41-bb02c50f3e4c" testName="calcularFinalizacionTest3" computerName="DIEGO-PC" duration="00:00:00.0033595" startTime="2012-11-26T18:29:39.7352440-03:00" endTime="2012-11-26T18:29:39.7462447-03:00" testType="13cdc9d9-ddb5-4fa4-a97d-d965ccfc6d4b" outcome="Passed" testListId="8c84fa94-04c1-424b-9868-57a2d4851a1d" relativeResultsDirectory="c70c6ae0-169b-4899-b6a5-28073498f89c">
      <Output>
        <StdOut>Save/Update: DELETE produccion_operador WHERE id_operador=2  AND cod_prodcuccion=7  
Save/Update: DELETE historico_estados_produccion WHERE nro_estado=1  AND cod_produccion=7  
Save/Update: DELETE historico_estados_produccion WHERE nro_estado=2  AND cod_produccion=7  
Save/Update: DELETE produccion WHERE cod_produccion=7</StdOut>
      </Output>
    </UnitTestResult>
    <UnitTestResult executionId="2e83f2f6-4884-4c1a-bd6d-9d79eccb28fa" testId="6dbb761e-cbdb-2c43-0c61-55938d83de19" testName="cargarLineasFacturaTest" computerName="DIEGO-PC" duration="00:00:00.0043476" startTime="2012-11-26T18:29:39.7512449-03:00" endTime="2012-11-26T18:29:39.7652457-03:00" testType="13cdc9d9-ddb5-4fa4-a97d-d965ccfc6d4b" outcome="Passed" testListId="8c84fa94-04c1-424b-9868-57a2d4851a1d" relativeResultsDirectory="2e83f2f6-4884-4c1a-bd6d-9d79eccb28fa">
      <Output>
        <StdOut>Save/Update: select * from LineaOrdenDeCompra</StdOut>
      </Output>
    </UnitTestResult>
    <UnitTestResult executionId="b6691cd4-dc3b-449f-9ec6-405034d47f71" testId="6e20bc5d-0f12-b6d7-ba69-ad542caad9f6" testName="modificarHistoricoEstadosTest" computerName="DIEGO-PC" duration="00:00:00.0136843" startTime="2012-11-26T18:29:39.7722461-03:00" endTime="2012-11-26T18:29:39.7932473-03:00" testType="13cdc9d9-ddb5-4fa4-a97d-d965ccfc6d4b" outcome="Passed" testListId="8c84fa94-04c1-424b-9868-57a2d4851a1d" relativeResultsDirectory="b6691cd4-dc3b-449f-9ec6-405034d47f71">
      <Output>
        <StdOut>Save/Update: select * from historico_estados_produccion WHERE  historico_estados_produccion.nro_estado=1  AND  historico_estados_produccion.cod_produccion=1  
Save/Update: UPDATE historico_estados_produccion SET comentario='comentarioModificado', fechaDesde= CAST('11/09/2012 13:00:00.000'  AS DateTime), fechaHasta= CAST('11/09/2012 14:00:00.000'  AS DateTime), estado=1 , borrado=0  WHERE nro_estado=1  AND cod_produccion=1  ; 
Save/Update: select * from historico_estados_produccion WHERE  historico_estados_produccion.nro_estado=1  AND  historico_estados_produccion.cod_produccion=1  
Save/Update: UPDATE historico_estados_produccion SET comentario='comentario11', fechaDesde= CAST('11/09/2012 13:00:00.000'  AS DateTime), fechaHasta= CAST('11/09/2012 14:00:00.000'  AS DateTime), estado=1 , borrado=0  WHERE nro_estado=1  AND cod_produccion=1  ;</StdOut>
      </Output>
    </UnitTestResult>
    <UnitTestResult executionId="d66c70e7-2d63-467f-bdd4-3943826da8db" testId="6fccfc0c-3386-fa76-9bb6-5cb2884d04d6" testName="grabarNuevoPedidoTest" computerName="DIEGO-PC" duration="00:00:00.0080255" startTime="2012-11-26T18:29:39.7982476-03:00" endTime="2012-11-26T18:29:39.8162487-03:00" testType="13cdc9d9-ddb5-4fa4-a97d-d965ccfc6d4b" outcome="Passed" testListId="8c84fa94-04c1-424b-9868-57a2d4851a1d" relativeResultsDirectory="d66c70e7-2d63-467f-bdd4-3943826da8db">
      <Output>
        <StdOut>Save/Update: SELECT  ISNULL(MAX(cod_pedido + 1),1) from Pedido
Save/Update: INSERT INTO Pedido (cod_pedido, comentario, id_cliente, tipo_pedido, estadoActual, fechaInicio, fechaFinal, borrado) VALUES (5 , 'comentario test', 2 , 2 , 2 ,  CAST('26/11/2012 18:29:39.807'  AS DateTime),  CAST('26/11/2012 18:29:39.807'  AS DateTime), 0 ); UPDATE produccion SET borrado=1 WHERE cod_pedido=5  ; UPDATE historico_estados_pedido SET borrado=1 WHERE cod_pedido=5  ; 
Save/Update: select * from Pedido WHERE  Pedido.comentario='comentario test' ; select * from produccion WHERE borrado = 0; select * from historico_estados_pedido WHERE borrado = 0
Save/Update: DELETE Pedido WHERE cod_pedido=5</StdOut>
      </Output>
    </UnitTestResult>
    <UnitTestResult executionId="9fa07308-933c-465e-88a0-98120b1436eb" testId="70dba011-1aa4-3fb1-b8c2-fb8d0666bd55" testName="actualizarUsuarioTest" computerName="DIEGO-PC" duration="00:00:00.0122441" startTime="2012-11-26T18:29:39.8232491-03:00" endTime="2012-11-26T18:29:39.8442503-03:00" testType="13cdc9d9-ddb5-4fa4-a97d-d965ccfc6d4b" outcome="Passed" testListId="8c84fa94-04c1-424b-9868-57a2d4851a1d" relativeResultsDirectory="9fa07308-933c-465e-88a0-98120b1436eb">
      <Output>
        <StdOut>Save/Update: select * from Cliente WHERE  Cliente.id_cliente=1  ; select * from cliente_movimientos; select * from Pedido WHERE borrado = 0; select * from Factura WHERE borrado = 0; select * from Diseño WHERE borrado = 0
Save/Update: UPDATE Cliente SET habitadoTurnos=0 , newsletter=1  WHERE id_cliente=1  ; UPDATE Pedido SET borrado=1 WHERE id_cliente=1  ; UPDATE Factura SET borrado=1 WHERE id_cliente=1  ; UPDATE Diseño SET borrado=1 WHERE id_cliente=1  ; 
Save/Update: select * from Cliente WHERE  Cliente.id_cliente=1  ; select * from cliente_movimientos; select * from Pedido WHERE borrado = 0; select * from Factura WHERE borrado = 0; select * from Diseño WHERE borrado = 0
Save/Update: UPDATE Cliente SET habitadoTurnos=1 , newsletter=0  WHERE id_cliente=1  ; UPDATE Pedido SET borrado=1 WHERE id_cliente=1  ; UPDATE Factura SET borrado=1 WHERE id_cliente=1  ; UPDATE Diseño SET borrado=1 WHERE id_cliente=1  ; 
Save/Update:  UPDATE factura set borrado = 0 
Save/Update:  UPDATE diseño set borrado = 0 
Save/Update:  UPDATE pedido set borrado = 0</StdOut>
      </Output>
    </UnitTestResult>
    <UnitTestResult executionId="a055bc29-c11c-4b53-b00b-14c5f8292d4b" testId="7187fc52-08ae-19d9-62d2-a1273ba98de3" testName="listarArticulosPorPrendaTest" computerName="DIEGO-PC" duration="00:00:00.0105522" startTime="2012-11-26T18:29:39.8502506-03:00" endTime="2012-11-26T18:29:39.9152543-03:00" testType="13cdc9d9-ddb5-4fa4-a97d-d965ccfc6d4b" outcome="Passed" testListId="8c84fa94-04c1-424b-9868-57a2d4851a1d" relativeResultsDirectory="a055bc29-c11c-4b53-b00b-14c5f8292d4b">
      <Output>
        <StdOut>Save/Update: select * from Articulos WHERE  Articulos.tipoPrendaID=1  AND  Articulos.borrado=0  ; select * from lista_precios WHERE borrado = 0
Save/Update: select * from lista_precios WHERE  lista_precios.cod_articulo=1  
Save/Update: select * from TipoPrenda WHERE  TipoPrenda.tipo_prenda=1  
Save/Update: select * from Diseño WHERE  Diseño.cod_diseño=1  ; select * from historico_estados_diseño WHERE borrado = 0
Save/Update: DELETE lista_precios WHERE nro_lista=1  AND cod_articulo=4  
Save/Update: DELETE lista_precios WHERE nro_lista=2  AND cod_articulo=4  
Save/Update: DELETE Articulos WHERE cod_articulo=4</StdOut>
      </Output>
    </UnitTestResult>
    <UnitTestResult executionId="fbf3b460-280d-473f-b971-e25aeeafb9c2" testId="71db679d-9cd7-f55e-94f9-ae66c93fc299" testName="actualizarMaquinaTest" computerName="DIEGO-PC" duration="00:00:00.0140734" startTime="2012-11-26T18:29:39.9182545-03:00" endTime="2012-11-26T18:29:39.9422559-03:00" testType="13cdc9d9-ddb5-4fa4-a97d-d965ccfc6d4b" outcome="Passed" testListId="8c84fa94-04c1-424b-9868-57a2d4851a1d" relativeResultsDirectory="fbf3b460-280d-473f-b971-e25aeeafb9c2">
      <Output>
        <StdOut>Save/Update: SELECT  ISNULL(MAX(cod_maquina + 1),1) from Maquina
Save/Update: INSERT INTO Maquina (cod_maquina, altoMargen, anchoMargen, cabezales, nombre, velocidadPromedio, cantidadColores) VALUES (4 , 100 , 200 , 12 , 'nombre nuevo', 1000 , 12 ); DELETE JoinMaquinaToTipoPrenda where cod_maquina=4  ;  INSERT INTO JoinMaquinaToTipoPrenda ( cod_maquina, tipo_prenda) VALUES ( 4 , 1 );  INSERT INTO JoinMaquinaToTipoPrenda ( cod_maquina, tipo_prenda) VALUES ( 4 , 2 ); 
Save/Update: select * from produccion WHERE  produccion.fechaInicio&gt;= CAST('26/11/2012 18:29:39.000'  AS DateTime) ; select * from historico_estados_produccion WHERE borrado = 0
Save/Update: select * from produccion WHERE  produccion.fechaInicio&gt;= CAST('26/11/2012 18:29:39.000'  AS DateTime) ; select * from historico_estados_produccion WHERE borrado = 0
Save/Update: select * from Maquina WHERE  Maquina.cod_maquina=4  ; select * from JoinMaquinaToTipoPrenda
Save/Update: select * from TipoPrenda WHERE  TipoPrenda.tipo_prenda=1  
Save/Update: select * from TipoPrenda WHERE  TipoPrenda.tipo_prenda=2  
Save/Update: UPDATE Maquina SET altoMargen=100 , anchoMargen=200 , cabezales=12 , nombre='nombre editado', velocidadPromedio=1000 , cantidadColores=12  WHERE cod_maquina=4  ; DELETE JoinMaquinaToTipoPrenda where cod_maquina=4  ;  INSERT INTO JoinMaquinaToTipoPrenda ( cod_maquina, tipo_prenda) VALUES ( 4 , 1 ); 
Save/Update: select * from Maquina WHERE  Maquina.cod_maquina=4  ; select * from JoinMaquinaToTipoPrenda
Save/Update: select * from TipoPrenda WHERE  TipoPrenda.tipo_prenda=1  
Save/Update: DELETE JoinMaquinaToTipoPrenda where cod_maquina=4  ; ;DELETE Maquina WHERE cod_maquina=4  
Save/Update: delete from JoinMaquinaToTipoPrenda where cod_maquina=4</StdOut>
      </Output>
    </UnitTestResult>
    <UnitTestResult executionId="41678d4c-4144-460c-867a-e689d357e52f" testId="723aff45-3bd6-6949-d938-d2ccbc2f388d" testName="buscarProveedoresPorNombreTest" computerName="DIEGO-PC" duration="00:00:00.0114086" startTime="2012-11-26T18:29:39.9472561-03:00" endTime="2012-11-26T18:29:39.9682573-03:00" testType="13cdc9d9-ddb5-4fa4-a97d-d965ccfc6d4b" outcome="Passed" testListId="8c84fa94-04c1-424b-9868-57a2d4851a1d" relativeResultsDirectory="41678d4c-4144-460c-867a-e689d357e52f">
      <Output>
        <StdOut>Save/Update: select * from Proveedor WHERE  Proveedor.nombre LIKE '%nomb%'
Save/Update: select * from OrdenDeCompra WHERE  OrdenDeCompra.id_proveedor=1  ; select * from documento_movimiento; select * from LineaOrdenDeCompra WHERE borrado = 0
Save/Update: select * from OrdenDeCompra WHERE  OrdenDeCompra.id_proveedor=2  ; select * from documento_movimiento; select * from LineaOrdenDeCompra WHERE borrado = 0
Save/Update: select * from OrdenDeCompra WHERE  OrdenDeCompra.id_proveedor=3  ; select * from documento_movimiento; select * from LineaOrdenDeCompra WHERE borrado = 0
Save/Update: delete OrdenDeCompra where nro_doc=5
Save/Update: delete documento where nro_doc=5
Save/Update: DELETE Proveedor WHERE id_proveedor=4  
Save/Update: UPDATE Proveedor SET nombre='nombre1', telefono='1111-1111', direccion='direccion 1' WHERE id_proveedor=1  ;</StdOut>
      </Output>
    </UnitTestResult>
    <UnitTestResult executionId="4765bbe4-b8eb-411a-baba-abd747874971" testId="72b264c8-79c9-9087-ae9e-47c332dbaa6d" testName="listaPatentesPorFamiliaTest" computerName="DIEGO-PC" duration="00:00:00.0039160" startTime="2012-11-26T18:29:39.9702575-03:00" endTime="2012-11-26T18:29:39.9852583-03:00" testType="13cdc9d9-ddb5-4fa4-a97d-d965ccfc6d4b" outcome="Passed" testListId="8c84fa94-04c1-424b-9868-57a2d4851a1d" relativeResultsDirectory="4765bbe4-b8eb-411a-baba-abd747874971">
      <Output>
        <StdOut>Save/Update: select * from Patente JOIN JoinFamiliaToPatente AS familia ON Patente.patenteId=familia.patenteId WHERE familia.familiaID=6</StdOut>
      </Output>
    </UnitTestResult>
    <UnitTestResult executionId="0edb010c-56ae-4e5c-9e77-86bc6279c8ba" testId="75cbbdb7-6249-18c8-32b2-1920235c1d97" testName="listarInsumosPorCodigoTest" computerName="DIEGO-PC" duration="00:00:00.0142373" startTime="2012-11-26T18:29:39.9922587-03:00" endTime="2012-11-26T18:29:40.0142600-03:00" testType="13cdc9d9-ddb5-4fa4-a97d-d965ccfc6d4b" outcome="Passed" testListId="8c84fa94-04c1-424b-9868-57a2d4851a1d" relativeResultsDirectory="0edb010c-56ae-4e5c-9e77-86bc6279c8ba">
      <Output>
        <StdOut>Save/Update: select * from insumo WHERE  insumo.cod_insumo=1  
Save/Update: select * from tipoInsumo WHERE  tipoInsumo.tipo_insumo=1  
Save/Update: select * from color WHERE  color.codigo_color=1  
Save/Update: select * from MovimientosStock WHERE  MovimientosStock.cod_insumo=1  
Save/Update: select * from insumo WHERE  insumo.cod_insumo=1  
Save/Update: select * from tipoInsumo WHERE  tipoInsumo.tipo_insumo=1  
Save/Update: select * from color WHERE  color.codigo_color=1  
Save/Update: select * from MovimientosStock WHERE  MovimientosStock.cod_insumo=1  
Save/Update: select * from insumo WHERE  insumo.cod_insumo=2  
Save/Update: select * from tipoInsumo WHERE  tipoInsumo.tipo_insumo=1  
Save/Update: select * from color WHERE  color.codigo_color=2  
Save/Update: select * from MovimientosStock WHERE  MovimientosStock.cod_insumo=2  
Save/Update: select * from insumo WHERE  insumo.cod_insumo=1  
Save/Update: select * from tipoInsumo WHERE  tipoInsumo.tipo_insumo=1  
Save/Update: select * from color WHERE  color.codigo_color=1  
Save/Update: select * from MovimientosStock WHERE  MovimientosStock.cod_insumo=1  
Save/Update: UPDATE insumo SET nombre='nombre1', id_tipo_insumo=1 , color=1 , detalle='detalle1', costo=1, cantidadActual=1  WHERE cod_insumo=1  ; 
Save/Update: select * from insumo WHERE  insumo.cod_insumo=2  
Save/Update: select * from tipoInsumo WHERE  tipoInsumo.tipo_insumo=1  
Save/Update: select * from color WHERE  color.codigo_color=2  
Save/Update: select * from MovimientosStock WHERE  MovimientosStock.cod_insumo=2  
Save/Update: UPDATE insumo SET nombre='nombre2', id_tipo_insumo=1 , color=2 , detalle='detalle2', costo=1, cantidadActual=2  WHERE cod_insumo=2  ; 
Save/Update: delete from MovimientosStock where cod_insumo &gt; 2 or (cod_insumo = 1 AND nro_movimiento &gt; 2) or (cod_insumo = 2 AND nro_movimiento &gt; 1)
Save/Update: DELETE MovimientosStock WHERE nro_movimiento=1  AND cod_insumo=5  
Save/Update: DELETE MovimientosStock WHERE nro_movimiento=2  AND cod_insumo=5  
Save/Update: DELETE insumo WHERE cod_insumo=5</StdOut>
      </Output>
    </UnitTestResult>
    <UnitTestResult executionId="db8ea496-5b48-48ab-ab8e-acc31917715f" testId="75ff0c72-ae5b-a30a-d444-42d5bfa7ed8d" testName="buscarOpinionesPorCriterioTest" computerName="DIEGO-PC" duration="00:00:00.0061882" startTime="2012-11-26T18:29:40.0192603-03:00" endTime="2012-11-26T18:29:40.0362612-03:00" testType="13cdc9d9-ddb5-4fa4-a97d-d965ccfc6d4b" outcome="Passed" testListId="8c84fa94-04c1-424b-9868-57a2d4851a1d" relativeResultsDirectory="db8ea496-5b48-48ab-ab8e-acc31917715f">
      <Output>
        <StdOut>Save/Update: select * from opiniones WHERE  opiniones.id=1  AND  opiniones.nombre='nombre1' AND  opiniones.mail='mail1@test.com' AND  opiniones.opinion='opinion1'</StdOut>
      </Output>
    </UnitTestResult>
    <UnitTestResult executionId="9c58523d-c4ce-4083-8472-d47fc2b31870" testId="76669914-042a-1066-d597-b186fff6c621" testName="grabarUsuarioTest" computerName="DIEGO-PC" duration="00:00:00.0114643" startTime="2012-11-26T18:29:40.0402615-03:00" endTime="2012-11-26T18:29:40.0612627-03:00" testType="13cdc9d9-ddb5-4fa4-a97d-d965ccfc6d4b" outcome="Passed" testListId="8c84fa94-04c1-424b-9868-57a2d4851a1d" relativeResultsDirectory="9c58523d-c4ce-4083-8472-d47fc2b31870">
      <Output>
        <StdOut>Save/Update: SELECT  ISNULL(MAX(usuarioID + 1),1) from Usuario
Save/Update: INSERT INTO Usuario (usuarioID, nombre, apellido, mail, password, telefonoFijo, telefonoMovil, bloqueado) VALUES (6 , 'nombre6', 'apellido6', 'mail6@test.com', 'pas6', '6666-6666', '6666-6666', 0 ); DELETE JoinUsuarioToFamilia where usuarioID=6  ;  INSERT INTO JoinUsuarioToFamilia ( usuarioID, familiaID) VALUES ( 6 , 1 ); DELETE JoinPatenteToUsuario where usuarioID=6  ;  INSERT INTO JoinPatenteToUsuario ( usuarioID, patenteId) VALUES ( 6 , 1 ); 
Save/Update: select * from Usuario; select * from JoinUsuarioToFamilia; select * from JoinPatenteToUsuario
Save/Update: DELETE JoinUsuarioToFamilia where usuarioID=6  ; DELETE JoinPatenteToUsuario where usuarioID=6  ; ;DELETE Usuario WHERE usuarioID=6  
Save/Update: select * from Usuario; select * from JoinUsuarioToFamilia; select * from JoinPatenteToUsuario
Save/Update: DELETE JoinUsuarioToFamilia where usuarioID=6  ; DELETE JoinPatenteToUsuario where usuarioID=6  ; ;DELETE Usuario WHERE usuarioID=6  
Save/Update: UPDATE Usuario SET nombre='nombre5', apellido='apellido5', mail='mail5@test.com', password='pas5', telefonoFijo='5555-5555', telefonoMovil='5555-5555', bloqueado=0  WHERE usuarioID=5  ; DELETE JoinUsuarioToFamilia where usuarioID=5  ; DELETE JoinPatenteToUsuario where usuarioID=5  ;</StdOut>
      </Output>
    </UnitTestResult>
    <UnitTestResult executionId="50834aeb-5ad3-4fcf-b706-d184d55220ec" testId="77619216-98fe-f01d-d92b-ae2614d5a7c1" testName="buscarPorIdTest" computerName="DIEGO-PC" duration="00:00:00.0024460" startTime="2012-11-26T18:29:40.0632628-03:00" endTime="2012-11-26T18:29:40.0732634-03:00" testType="13cdc9d9-ddb5-4fa4-a97d-d965ccfc6d4b" outcome="Passed" testListId="8c84fa94-04c1-424b-9868-57a2d4851a1d" relativeResultsDirectory="50834aeb-5ad3-4fcf-b706-d184d55220ec">
      <Output>
        <StdOut>Save/Update: select * from tipoMovimiento WHERE  tipoMovimiento.tipoMovimientoID=1</StdOut>
      </Output>
    </UnitTestResult>
    <UnitTestResult executionId="f17ad4a8-24ac-4f79-9372-4e711fbfea9b" testId="776c9b88-b138-d6aa-dd32-a876a9437025" testName="listarNewsletterTest" computerName="DIEGO-PC" duration="00:00:00.0037593" startTime="2012-11-26T18:29:40.0752635-03:00" endTime="2012-11-26T18:29:40.0902643-03:00" testType="13cdc9d9-ddb5-4fa4-a97d-d965ccfc6d4b" outcome="Passed" testListId="8c84fa94-04c1-424b-9868-57a2d4851a1d" relativeResultsDirectory="f17ad4a8-24ac-4f79-9372-4e711fbfea9b">
      <Output>
        <StdOut>Save/Update: select * from newsletter</StdOut>
      </Output>
    </UnitTestResult>
    <UnitTestResult executionId="f28bd337-81de-4a60-9c2a-bea064667f38" testId="77a70718-b08f-850c-1bf3-10dbbe443592" testName="actualizaOrdenDeCompraTest" computerName="DIEGO-PC" duration="00:00:00.0685292" startTime="2012-11-26T18:29:40.0942646-03:00" endTime="2012-11-26T18:29:40.1802695-03:00" testType="13cdc9d9-ddb5-4fa4-a97d-d965ccfc6d4b" outcome="Passed" testListId="8c84fa94-04c1-424b-9868-57a2d4851a1d" relativeResultsDirectory="f28bd337-81de-4a60-9c2a-bea064667f38">
      <Output>
        <StdOut>Save/Update: SELECT  ISNULL(MAX(nro_Doc + 1),1) from documento
Save/Update: INSERT INTO documento VALUES (5)
Save/Update: SELECT  ISNULL(MAX(nro_orden_compra + 1),1) from OrdenDeCompra WHERE nro_sucursal=1 AND tipo_orden_compra='A'
Save/Update: INSERT INTO OrdenDeCompra (nro_Doc, iva, fecha, borrado, nro_orden_compra, nro_sucursal, tipo_orden_compra, id_proveedor, monto) VALUES (5 , 1.1,  CAST('13/10/2012 21:44:12.000'  AS DateTime), 0 , 2 , 1 , 'A', 2 , 100); UPDATE LineaOrdenDeCompra SET borrado=1 WHERE nro_orden_compra=2  AND nro_sucursal=1  AND tipo_orden_compra='A' ; 
Save/Update: SELECT  ISNULL(MAX(nro_linea + 1),1) from LineaOrdenDeCompra WHERE nro_orden_compra=2 AND nro_sucursal=1 AND tipo_orden_compra='A'
Save/Update: INSERT INTO LineaOrdenDeCompra (nro_orden_compra, nro_sucursal, tipo_orden_compra, nro_linea, cod_producto, cantidad, precio, borrado) VALUES (2 , 1 , 'A', 1 , 2 , 10 , 50, 0 ); 
Save/Update: SELECT  ISNULL(MAX(nro_movimiento + 1),1) from MovimientosCuenta
Save/Update: INSERT INTO MovimientosCuenta (nro_movimiento, comentario, fecha, monto, cuentaID, tipoMovimientoID) VALUES (4 , 'com test',  CAST('13/10/2012 21:44:12.000'  AS DateTime), 100, 1 , 1 ); DELETE proveedor_movimientos where nro_movimiento=4  ;  INSERT INTO proveedor_movimientos ( nro_movimiento, id_proveedor) VALUES ( 4 , 2 ); DELETE documento_movimiento where nro_movimiento=4  ;  INSERT INTO documento_movimiento ( nro_movimiento, nro_Doc) VALUES ( 4 , 5 ); 
Save/Update: select * from OrdenDeCompra WHERE  OrdenDeCompra.nro_orden_compra=2  AND  OrdenDeCompra.nro_sucursal=1  AND  OrdenDeCompra.tipo_orden_compra='A' ; select * from documento_movimiento; select * from LineaOrdenDeCompra WHERE borrado = 0
Save/Update: select * from LineaOrdenDeCompra WHERE  LineaOrdenDeCompra.nro_orden_compra=2  AND  LineaOrdenDeCompra.tipo_orden_compra='A' AND  LineaOrdenDeCompra.nro_sucursal=1  
Save/Update: select * from insumo WHERE  insumo.cod_insumo=2  
Save/Update: select * from Proveedor WHERE  Proveedor.id_proveedor=2  
Save/Update: select * from MovimientosCuenta JOIN documento_movimiento AS documento ON MovimientosCuenta.nro_movimiento=documento.nro_movimiento JOIN proveedor_movimientos AS proveedor ON MovimientosCuenta.nro_movimiento=proveedor.nro_movimiento WHERE documento.nro_Doc=5  AND proveedor.id_proveedor IS NOT  NULL ; select * from proveedor_movimientos; select * from documento_movimiento
Save/Update: UPDATE OrdenDeCompra SET nro_Doc=5 , iva=1.1, fecha= CAST('13/10/2012 21:44:12.000'  AS DateTime), borrado=0 , id_proveedor=2 , monto=111 WHERE nro_orden_compra=2  AND nro_sucursal=1  AND tipo_orden_compra='A' ; UPDATE LineaOrdenDeCompra SET borrado=1 WHERE nro_orden_compra=2  AND nro_sucursal=1  AND tipo_orden_compra='A' ; 
Save/Update: UPDATE LineaOrdenDeCompra SET cod_producto=2 , cantidad=15 , precio=50, borrado=0  WHERE nro_orden_compra=2  AND nro_sucursal=1  AND tipo_orden_compra='A' AND nro_linea=1  ; 
Save/Update: SELECT  ISNULL(MAX(nro_linea + 1),1) from LineaOrdenDeCompra WHERE nro_orden_compra=2 AND nro_sucursal=1 AND tipo_orden_compra='A'
Save/Update: INSERT INTO LineaOrdenDeCompra (nro_orden_compra, nro_sucursal, tipo_orden_compra, nro_linea, cod_producto, cantidad, precio, borrado) VALUES (2 , 1 , 'A', 2 , 1 , 10 , 0, 0 ); 
Save/Update: UPDATE MovimientosCuenta SET comentario='com test', fecha= CAST('13/10/2012 21:44:12.000'  AS DateTime), monto=111, cuentaID=1 , tipoMovimientoID=1  WHERE nro_movimiento=4  ; DELETE proveedor_movimientos where nro_movimiento=4  ;  INSERT INTO proveedor_movimientos ( nro_movimiento, id_proveedor) VALUES ( 4 , 2 ); DELETE documento_movimiento where nro_movimiento=4  ;  INSERT INTO documento_movimiento ( nro_movimiento, nro_Doc) VALUES ( 4 , 5 ); 
Save/Update: select * from OrdenDeCompra WHERE  OrdenDeCompra.nro_orden_compra=2  AND  OrdenDeCompra.nro_sucursal=1  AND  OrdenDeCompra.tipo_orden_compra='A' ; select * from documento_movimiento; select * from LineaOrdenDeCompra WHERE borrado = 0
Save/Update: select * from LineaOrdenDeCompra WHERE  LineaOrdenDeCompra.nro_orden_compra=2  AND  LineaOrdenDeCompra.tipo_orden_compra='A' AND  LineaOrdenDeCompra.nro_sucursal=1  
Save/Update: select * from insumo WHERE  insumo.cod_insumo=2  
Save/Update: select * from insumo WHERE  insumo.cod_insumo=1  
Save/Update: select * from Proveedor WHERE  Proveedor.id_proveedor=2  
Save/Update: select * from MovimientosCuenta JOIN documento_movimiento AS documento ON MovimientosCuenta.nro_movimiento=documento.nro_movimiento JOIN proveedor_movimientos AS proveedor ON MovimientosCuenta.nro_movimiento=proveedor.nro_movimiento WHERE documento.nro_Doc=5  AND proveedor.id_proveedor IS NOT  NULL ; select * from proveedor_movimientos; select * from documento_movimiento
Save/Update: DELETE LineaOrdenDeCompra WHERE nro_orden_compra=2  AND nro_sucursal=1  AND tipo_orden_compra='A' AND nro_linea=1  
Save/Update: DELETE LineaOrdenDeCompra WHERE nro_orden_compra=2  AND nro_sucursal=1  AND tipo_orden_compra='A' AND nro_linea=2  
Save/Update: DELETE proveedor_movimientos where nro_movimiento=4  ; DELETE documento_movimiento where nro_movimiento=4  ; ;DELETE MovimientosCuenta WHERE nro_movimiento=4  
Save/Update: DELETE FROM OrdenDeCompra WHERE nro_Doc =5
Save/Update: delete documento where nro_doc=5</StdOut>
      </Output>
    </UnitTestResult>
    <UnitTestResult executionId="05ec0e4a-b842-40a4-ae49-0e504f4350e8" testId="78d51b31-e137-cc46-4586-32e7fc15993b" testName="BuscarDiseñosTest" computerName="DIEGO-PC" duration="00:00:00.0102922" startTime="2012-11-26T18:29:40.1852698-03:00" endTime="2012-11-26T18:29:40.2042708-03:00" testType="13cdc9d9-ddb5-4fa4-a97d-d965ccfc6d4b" outcome="Passed" testListId="8c84fa94-04c1-424b-9868-57a2d4851a1d" relativeResultsDirectory="05ec0e4a-b842-40a4-ae49-0e504f4350e8">
      <Output>
        <StdOut>Save/Update: select * from Diseño WHERE  Diseño.estadoActual=2  AND  Diseño.nombre LIKE '%ño1%'AND  Diseño.puntadas&gt;=500  AND  Diseño.puntadas&lt;=1500  AND  Diseño.ancho&gt;=5  AND  Diseño.ancho&lt;=15  AND  Diseño.alto&gt;=5  AND  Diseño.alto&lt;=15  AND  Diseño.id_cliente=1  ; select * from historico_estados_diseño WHERE borrado = 0
Save/Update: select * from Cliente WHERE  Cliente.id_cliente=1  ; select * from cliente_movimientos; select * from Pedido WHERE borrado = 0; select * from Factura WHERE borrado = 0; select * from Diseño WHERE borrado = 0
Save/Update: select * from Usuario WHERE  Usuario.usuarioID=1  ; select * from JoinUsuarioToFamilia; select * from JoinPatenteToUsuario
Save/Update: select * from Diseño_insumos WHERE  Diseño_insumos.cod_diseño=1  
Save/Update: select * from historico_estados_diseño WHERE  historico_estados_diseño.cod_diseño=1  
Save/Update: select * from EstadoDiseños WHERE  EstadoDiseños.estado=2  
Save/Update: DELETE FROM Diseño_insumos where cod_diseño=3
Save/Update: DELETE FROM historico_estados_diseño where cod_diseño=3
Save/Update: DELETE Diseño WHERE cod_diseño=3</StdOut>
      </Output>
    </UnitTestResult>
    <UnitTestResult executionId="1e442c25-943a-4e5c-b8ff-a679708ca526" testId="79432a3c-09ad-494a-94b0-409081b91296" testName="cargarLineasPorFacturaTest" computerName="DIEGO-PC" duration="00:00:00.0054631" startTime="2012-11-26T18:29:40.2062710-03:00" endTime="2012-11-26T18:29:40.2202718-03:00" testType="13cdc9d9-ddb5-4fa4-a97d-d965ccfc6d4b" outcome="Passed" testListId="8c84fa94-04c1-424b-9868-57a2d4851a1d" relativeResultsDirectory="1e442c25-943a-4e5c-b8ff-a679708ca526">
      <Output>
        <StdOut>Save/Update: select * from LineaFactura WHERE  LineaFactura.nro_factura=1  AND  LineaFactura.tipo_factura='A' AND  LineaFactura.nro_sucursal=1  
Save/Update: select * from Articulos WHERE  Articulos.cod_articulo=1  ; select * from lista_precios WHERE borrado = 0
Save/Update: select * from Articulos WHERE  Articulos.cod_articulo=2  ; select * from lista_precios WHERE borrado = 0</StdOut>
      </Output>
    </UnitTestResult>
    <UnitTestResult executionId="58a1a7ee-3d22-48ae-8403-4cd0a21fca64" testId="79b9204c-aeda-7048-42ac-c6faee468388" testName="listarProveedoresTest" computerName="DIEGO-PC" duration="00:00:00.0080640" startTime="2012-11-26T18:29:40.2242720-03:00" endTime="2012-11-26T18:29:40.2432731-03:00" testType="13cdc9d9-ddb5-4fa4-a97d-d965ccfc6d4b" outcome="Passed" testListId="8c84fa94-04c1-424b-9868-57a2d4851a1d" relativeResultsDirectory="58a1a7ee-3d22-48ae-8403-4cd0a21fca64">
      <Output>
        <StdOut>Save/Update: select * from Proveedor
Save/Update: select * from OrdenDeCompra WHERE  OrdenDeCompra.id_proveedor=1  ; select * from documento_movimiento; select * from LineaOrdenDeCompra WHERE borrado = 0
Save/Update: select * from OrdenDeCompra WHERE  OrdenDeCompra.id_proveedor=2  ; select * from documento_movimiento; select * from LineaOrdenDeCompra WHERE borrado = 0
Save/Update: select * from OrdenDeCompra WHERE  OrdenDeCompra.id_proveedor=3  ; select * from documento_movimiento; select * from LineaOrdenDeCompra WHERE borrado = 0
Save/Update: delete OrdenDeCompra where nro_doc=5
Save/Update: delete documento where nro_doc=5
Save/Update: DELETE Proveedor WHERE id_proveedor=4  
Save/Update: UPDATE Proveedor SET nombre='nombre1', telefono='1111-1111', direccion='direccion 1' WHERE id_proveedor=1  ;</StdOut>
      </Output>
    </UnitTestResult>
    <UnitTestResult executionId="07190fac-05d1-4372-912f-6fe0fb1af1bb" testId="79fcf63f-8b0d-33c2-c15a-b70a52cca16c" testName="grabarArticulosTest" computerName="DIEGO-PC" duration="00:00:00.0064771" startTime="2012-11-26T18:29:40.2502735-03:00" endTime="2012-11-26T18:29:40.2662744-03:00" testType="13cdc9d9-ddb5-4fa4-a97d-d965ccfc6d4b" outcome="Passed" testListId="8c84fa94-04c1-424b-9868-57a2d4851a1d" relativeResultsDirectory="07190fac-05d1-4372-912f-6fe0fb1af1bb">
      <Output>
        <StdOut>Save/Update: SELECT  ISNULL(MAX(cod_articulo + 1),1) from Articulos
Save/Update: INSERT INTO Articulos (cod_articulo, tipoPrendaID, diseñoID, comentario, produccion, precioActual, borrado) VALUES (4 , 2 , 2 , 'com4', 10 , 1.4, 0 ); UPDATE lista_precios SET borrado=1 WHERE cod_articulo=4  ; 
Save/Update: select * from Articulos WHERE  Articulos.cod_articulo=4  ; select * from lista_precios WHERE borrado = 0
Save/Update: DELETE Articulos WHERE cod_articulo=4</StdOut>
      </Output>
    </UnitTestResult>
    <UnitTestResult executionId="f2e99bfd-a8ab-4fdb-909a-8d568d2c544c" testId="7a2f5966-e3a2-2a72-e68e-2d6083996de2" testName="buscarPrimerosHuecosMaquinaTest2" computerName="DIEGO-PC" duration="00:00:00.0394893" startTime="2012-11-26T18:29:40.2712747-03:00" endTime="2012-11-26T18:29:40.3202775-03:00" testType="13cdc9d9-ddb5-4fa4-a97d-d965ccfc6d4b" outcome="Passed" testListId="8c84fa94-04c1-424b-9868-57a2d4851a1d" relativeResultsDirectory="f2e99bfd-a8ab-4fdb-909a-8d568d2c544c">
      <Output>
        <StdOut>Save/Update: select * from produccion WHERE  produccion.cod_maquina=1  AND  produccion.fechaFinal&gt;= CAST('09/10/2012 11:00:00.000'  AS DateTime) ; select * from historico_estados_produccion WHERE borrado = 0
Save/Update: select * from Pedido WHERE  Pedido.cod_pedido=1  ; select * from produccion WHERE borrado = 0; select * from historico_estados_pedido WHERE borrado = 0
Save/Update: select * from Maquina WHERE  Maquina.cod_maquina=1  ; select * from JoinMaquinaToTipoPrenda
Save/Update: select * from Articulos WHERE  Articulos.cod_articulo=1  ; select * from lista_precios WHERE borrado = 0
Save/Update: select * from EstadoTrabajos WHERE  EstadoTrabajos.cod_estado=3  
Save/Update: select * from historico_estados_produccion WHERE  historico_estados_produccion.cod_produccion=1  
Save/Update: select * from produccion_operador WHERE  produccion_operador.cod_prodcuccion=1  
Save/Update: select * from Pedido WHERE  Pedido.cod_pedido=1  ; select * from produccion WHERE borrado = 0; select * from historico_estados_pedido WHERE borrado = 0
Save/Update: select * from Maquina WHERE  Maquina.cod_maquina=1  ; select * from JoinMaquinaToTipoPrenda
Save/Update: select * from Articulos WHERE  Articulos.cod_articulo=2  ; select * from lista_precios WHERE borrado = 0
Save/Update: select * from EstadoTrabajos WHERE  EstadoTrabajos.cod_estado=2  
Save/Update: select * from historico_estados_produccion WHERE  historico_estados_produccion.cod_produccion=2  
Save/Update: select * from produccion_operador WHERE  produccion_operador.cod_prodcuccion=2  
Save/Update: select * from Pedido WHERE  Pedido.cod_pedido=2  ; select * from produccion WHERE borrado = 0; select * from historico_estados_pedido WHERE borrado = 0
Save/Update: select * from Maquina WHERE  Maquina.cod_maquina=1  ; select * from JoinMaquinaToTipoPrenda
Save/Update: select * from Articulos WHERE  Articulos.cod_articulo=6  ; select * from lista_precios WHERE borrado = 0
Save/Update: select * from EstadoTrabajos WHERE  EstadoTrabajos.cod_estado=0  
Save/Update: select * from historico_estados_produccion WHERE  historico_estados_produccion.cod_produccion=5  
Save/Update: select * from produccion_operador WHERE  produccion_operador.cod_prodcuccion=5  
Save/Update: select * from produccion WHERE  produccion.cod_maquina=1  AND  produccion.fechaInicio&gt;= CAST('09/10/2012 14:00:00.000'  AS DateTime) ; select * from historico_estados_produccion WHERE borrado = 0
Save/Update: select * from Pedido WHERE  Pedido.cod_pedido=1  ; select * from produccion WHERE borrado = 0; select * from historico_estados_pedido WHERE borrado = 0
Save/Update: select * from Maquina WHERE  Maquina.cod_maquina=1  ; select * from JoinMaquinaToTipoPrenda
Save/Update: select * from Articulos WHERE  Articulos.cod_articulo=2  ; select * from lista_precios WHERE borrado = 0
Save/Update: select * from EstadoTrabajos WHERE  EstadoTrabajos.cod_estado=2  
Save/Update: select * from historico_estados_produccion WHERE  historico_estados_produccion.cod_produccion=2  
Save/Update: select * from produccion_operador WHERE  produccion_operador.cod_prodcuccion=2  
Save/Update: select * from Pedido WHERE  Pedido.cod_pedido=2  ; select * from produccion WHERE borrado = 0; select * from historico_estados_pedido WHERE borrado = 0
Save/Update: select * from Maquina WHERE  Maquina.cod_maquina=1  ; select * from JoinMaquinaToTipoPrenda
Save/Update: select * from Articulos WHERE  Articulos.cod_articulo=6  ; select * from lista_precios WHERE borrado = 0
Save/Update: select * from EstadoTrabajos WHERE  EstadoTrabajos.cod_estado=0  
Save/Update: select * from historico_estados_produccion WHERE  historico_estados_produccion.cod_produccion=5  
Save/Update: select * from produccion_operador WHERE  produccion_operador.cod_prodcuccion=5  
Save/Update: select * from produccion WHERE  produccion.cod_maquina=1  AND  produccion.fechaInicio&gt;= CAST('10/10/2012 12:00:00.000'  AS DateTime) ; select * from historico_estados_produccion WHERE borrado = 0
Save/Update: select * from Pedido WHERE  Pedido.cod_pedido=2  ; select * from produccion WHERE borrado = 0; select * from historico_estados_pedido WHERE borrado = 0
Save/Update: select * from Maquina WHERE  Maquina.cod_maquina=1  ; select * from JoinMaquinaToTipoPrenda
Save/Update: select * from Articulos WHERE  Articulos.cod_articulo=6  ; select * from lista_precios WHERE borrado = 0
Save/Update: select * from EstadoTrabajos WHERE  EstadoTrabajos.cod_estado=0  
Save/Update: select * from historico_estados_produccion WHERE  historico_estados_produccion.cod_produccion=5  
Save/Update: select * from produccion_operador WHERE  produccion_operador.cod_prodcuccion=5  
Save/Update: select * from produccion WHERE  produccion.cod_maquina=1  AND  produccion.fechaInicio&gt;= CAST('10/10/2012 16:00:00.000'  AS DateTime) ; select * from historico_estados_produccion WHERE borrado = 0
Save/Update: DELETE produccion_operador WHERE id_operador=2  AND cod_prodcuccion=7  
Save/Update: DELETE historico_estados_produccion WHERE nro_estado=1  AND cod_produccion=7  
Save/Update: DELETE historico_estados_produccion WHERE nro_estado=2  AND cod_produccion=7  
Save/Update: DELETE produccion WHERE cod_produccion=7</StdOut>
      </Output>
    </UnitTestResult>
    <UnitTestResult executionId="29141237-96c0-496c-8e4e-6669e24cdad8" testId="7a5f4dc9-0c0b-a16a-647b-478ba12b4828" testName="buscarNewsletterPorIdTest" computerName="DIEGO-PC" duration="00:00:00.0034201" startTime="2012-11-26T18:29:40.3282779-03:00" endTime="2012-11-26T18:29:40.4172830-03:00" testType="13cdc9d9-ddb5-4fa4-a97d-d965ccfc6d4b" outcome="Passed" testListId="8c84fa94-04c1-424b-9868-57a2d4851a1d" relativeResultsDirectory="29141237-96c0-496c-8e4e-6669e24cdad8">
      <Output>
        <StdOut>Save/Update: select * from newsletter WHERE  newsletter.id=2</StdOut>
      </Output>
    </UnitTestResult>
    <UnitTestResult executionId="217930b6-32f1-47b4-b338-c80d4f7b0cdd" testId="7eda418a-e258-a33c-7890-73630dd7266c" testName="modificarFacturasTest" computerName="DIEGO-PC" duration="00:00:00.0244970" startTime="2012-11-26T18:29:40.4272836-03:00" endTime="2012-11-26T18:29:40.4642857-03:00" testType="13cdc9d9-ddb5-4fa4-a97d-d965ccfc6d4b" outcome="Passed" testListId="8c84fa94-04c1-424b-9868-57a2d4851a1d" relativeResultsDirectory="217930b6-32f1-47b4-b338-c80d4f7b0cdd">
      <Output>
        <StdOut>Save/Update: SELECT  ISNULL(MAX(nro_Doc + 1),1) from documento
Save/Update: INSERT INTO documento VALUES (5)
Save/Update: SELECT  ISNULL(MAX(nro_orden_compra + 1),1) from OrdenDeCompra WHERE nro_sucursal=1 AND tipo_orden_compra='A'
Save/Update: INSERT INTO OrdenDeCompra (nro_Doc, iva, fecha, borrado, nro_orden_compra, nro_sucursal, tipo_orden_compra, id_proveedor, monto) VALUES (5 , 33.3,  CAST('26/11/2012 18:29:40.437'  AS DateTime), 0 , 2 , 1 , 'A', 2 , 33.3); UPDATE LineaOrdenDeCompra SET borrado=1 WHERE nro_orden_compra=2  AND nro_sucursal=1  AND tipo_orden_compra='A' ; 
Save/Update: select * from OrdenDeCompra WHERE  OrdenDeCompra.nro_Doc=5  ; select * from documento_movimiento; select * from LineaOrdenDeCompra WHERE borrado = 0
Save/Update: UPDATE OrdenDeCompra SET nro_Doc=5 , iva=25.5, fecha= CAST('26/11/2012 18:29:40.437'  AS DateTime), borrado=0 , id_proveedor=2 , monto=33.3 WHERE nro_orden_compra=2  AND nro_sucursal=1  AND tipo_orden_compra='A' ; UPDATE LineaOrdenDeCompra SET borrado=1 WHERE nro_orden_compra=2  AND nro_sucursal=1  AND tipo_orden_compra='A' ; 
Save/Update: select * from OrdenDeCompra WHERE  OrdenDeCompra.nro_Doc=5  ; select * from documento_movimiento; select * from LineaOrdenDeCompra WHERE borrado = 0
Save/Update: delete OrdenDeCompra where nro_doc=5
Save/Update: delete documento where nro_doc=5</StdOut>
      </Output>
    </UnitTestResult>
    <UnitTestResult executionId="bc0475ea-99ae-4692-8bea-76fa70a4785b" testId="7ef8ab41-162c-76bc-02f7-a575f043f7e4" testName="grabarMovimientosTest" computerName="DIEGO-PC" duration="00:00:00.0052552" startTime="2012-11-26T18:29:40.4712861-03:00" endTime="2012-11-26T18:29:40.4852869-03:00" testType="13cdc9d9-ddb5-4fa4-a97d-d965ccfc6d4b" outcome="Passed" testListId="8c84fa94-04c1-424b-9868-57a2d4851a1d" relativeResultsDirectory="bc0475ea-99ae-4692-8bea-76fa70a4785b">
      <Output>
        <StdOut>Save/Update: SELECT  ISNULL(MAX(nro_movimiento + 1),1) from MovimientosStock WHERE cod_insumo=1
Save/Update: INSERT INTO MovimientosStock (nro_movimiento, cod_insumo, tipo, fecha, cantidad) VALUES (3 , 1 , 1 ,  CAST('11/11/2012 00:00:00.000'  AS DateTime), 15); 
Save/Update: select * from MovimientosStock WHERE  MovimientosStock.cod_insumo=1  AND  MovimientosStock.nro_movimiento=3  
Save/Update: DELETE MovimientosStock WHERE nro_movimiento=3  AND cod_insumo=1</StdOut>
      </Output>
    </UnitTestResult>
    <UnitTestResult executionId="d4ca5a4f-f489-400c-a2fb-8c80dec1e025" testId="7f0052b2-2fa5-1442-5124-403810b2060e" testName="listarOrdenDeComprasPorProveedorTest" computerName="DIEGO-PC" duration="00:00:00.0138650" startTime="2012-11-26T18:29:40.4912873-03:00" endTime="2012-11-26T18:29:40.5162887-03:00" testType="13cdc9d9-ddb5-4fa4-a97d-d965ccfc6d4b" outcome="Passed" testListId="8c84fa94-04c1-424b-9868-57a2d4851a1d" relativeResultsDirectory="d4ca5a4f-f489-400c-a2fb-8c80dec1e025">
      <Output>
        <StdOut>Save/Update: select * from OrdenDeCompra WHERE  OrdenDeCompra.id_proveedor=1  ; select * from documento_movimiento; select * from LineaOrdenDeCompra WHERE borrado = 0
Save/Update: select * from LineaOrdenDeCompra WHERE  LineaOrdenDeCompra.nro_orden_compra=1  AND  LineaOrdenDeCompra.tipo_orden_compra='A' AND  LineaOrdenDeCompra.nro_sucursal=1  
Save/Update: select * from insumo WHERE  insumo.cod_insumo=1  
Save/Update: select * from insumo WHERE  insumo.cod_insumo=2  
Save/Update: select * from Proveedor WHERE  Proveedor.id_proveedor=1  
Save/Update: select * from MovimientosCuenta JOIN documento_movimiento AS documento ON MovimientosCuenta.nro_movimiento=documento.nro_movimiento JOIN proveedor_movimientos AS proveedor ON MovimientosCuenta.nro_movimiento=proveedor.nro_movimiento WHERE documento.nro_Doc=3  AND proveedor.id_proveedor IS NOT  NULL ; select * from proveedor_movimientos; select * from documento_movimiento
Save/Update: select * from LineaOrdenDeCompra WHERE  LineaOrdenDeCompra.nro_orden_compra=2  AND  LineaOrdenDeCompra.tipo_orden_compra='B' AND  LineaOrdenDeCompra.nro_sucursal=1  
Save/Update: select * from insumo WHERE  insumo.cod_insumo=1  
Save/Update: select * from insumo WHERE  insumo.cod_insumo=1  
Save/Update: select * from Proveedor WHERE  Proveedor.id_proveedor=1  
Save/Update: select * from MovimientosCuenta JOIN documento_movimiento AS documento ON MovimientosCuenta.nro_movimiento=documento.nro_movimiento JOIN proveedor_movimientos AS proveedor ON MovimientosCuenta.nro_movimiento=proveedor.nro_movimiento WHERE documento.nro_Doc=4  AND proveedor.id_proveedor IS NOT  NULL ; select * from proveedor_movimientos; select * from documento_movimiento
Save/Update: DELETE LineaOrdenDeCompra WHERE nro_orden_compra=2  AND nro_sucursal=1  AND tipo_orden_compra='A' AND nro_linea=1  
Save/Update: DELETE LineaOrdenDeCompra WHERE nro_orden_compra=2  AND nro_sucursal=1  AND tipo_orden_compra='A' AND nro_linea=2  
Save/Update: DELETE proveedor_movimientos where nro_movimiento=4  ; DELETE documento_movimiento where nro_movimiento=4  ; ;DELETE MovimientosCuenta WHERE nro_movimiento=4  
Save/Update: DELETE FROM OrdenDeCompra WHERE nro_Doc =5
Save/Update: delete documento where nro_doc=5</StdOut>
      </Output>
    </UnitTestResult>
    <UnitTestResult executionId="1f44d34d-d704-44d3-9b9a-27f94bd267d6" testId="7f10aeee-1e6d-047f-bf86-9fb35cb9cbd0" testName="buscarPrendasPorIDTest" computerName="DIEGO-PC" duration="00:00:00.0023989" startTime="2012-11-26T18:29:40.5192889-03:00" endTime="2012-11-26T18:29:40.5302895-03:00" testType="13cdc9d9-ddb5-4fa4-a97d-d965ccfc6d4b" outcome="Passed" testListId="8c84fa94-04c1-424b-9868-57a2d4851a1d" relativeResultsDirectory="1f44d34d-d704-44d3-9b9a-27f94bd267d6">
      <Output>
        <StdOut>Save/Update: select * from TipoPrenda WHERE  TipoPrenda.tipo_prenda=2</StdOut>
      </Output>
    </UnitTestResult>
    <UnitTestResult executionId="125bac76-2716-493a-a785-9a90d0fc7f28" testId="7f31f25c-e328-77fa-dde7-0ee6e5a7e366" testName="listarUsuariosTest" computerName="DIEGO-PC" duration="00:00:00.0258257" startTime="2012-11-26T18:29:40.5352898-03:00" endTime="2012-11-26T18:29:40.5702918-03:00" testType="13cdc9d9-ddb5-4fa4-a97d-d965ccfc6d4b" outcome="Passed" testListId="8c84fa94-04c1-424b-9868-57a2d4851a1d" relativeResultsDirectory="125bac76-2716-493a-a785-9a90d0fc7f28">
      <Output>
        <StdOut>Save/Update: select * from Usuario; select * from JoinUsuarioToFamilia; select * from JoinPatenteToUsuario
Save/Update: select * from Familia JOIN JoinUsuarioToFamilia AS usuarios ON Familia.familiaID=usuarios.familiaID WHERE usuarios.usuarioID=1  ; select * from JoinFamiliaToPatente
Save/Update: select * from Patente JOIN JoinPatenteToUsuario AS usuario ON Patente.patenteId=usuario.patenteId WHERE usuario.usuarioID=1  
Save/Update: select * from Cliente WHERE  Cliente.usuarioID=1  ; select * from cliente_movimientos; select * from Pedido WHERE borrado = 0; select * from Factura WHERE borrado = 0; select * from Diseño WHERE borrado = 0
Save/Update: select * from Familia JOIN JoinUsuarioToFamilia AS usuarios ON Familia.familiaID=usuarios.familiaID WHERE usuarios.usuarioID=2  ; select * from JoinFamiliaToPatente
Save/Update: select * from Patente JOIN JoinFamiliaToPatente AS familia ON Patente.patenteId=familia.patenteId WHERE familia.familiaID=2  
Save/Update: select * from Patente JOIN JoinPatenteToUsuario AS usuario ON Patente.patenteId=usuario.patenteId WHERE usuario.usuarioID=2  
Save/Update: select * from Cliente WHERE  Cliente.usuarioID=2  ; select * from cliente_movimientos; select * from Pedido WHERE borrado = 0; select * from Factura WHERE borrado = 0; select * from Diseño WHERE borrado = 0
Save/Update: select * from Familia JOIN JoinUsuarioToFamilia AS usuarios ON Familia.familiaID=usuarios.familiaID WHERE usuarios.usuarioID=3  ; select * from JoinFamiliaToPatente
Save/Update: select * from Patente JOIN JoinFamiliaToPatente AS familia ON Patente.patenteId=familia.patenteId WHERE familia.familiaID=6  
Save/Update: select * from Patente JOIN JoinPatenteToUsuario AS usuario ON Patente.patenteId=usuario.patenteId WHERE usuario.usuarioID=3  
Save/Update: select * from Cliente WHERE  Cliente.usuarioID=3  ; select * from cliente_movimientos; select * from Pedido WHERE borrado = 0; select * from Factura WHERE borrado = 0; select * from Diseño WHERE borrado = 0
Save/Update: select * from Familia JOIN JoinUsuarioToFamilia AS usuarios ON Familia.familiaID=usuarios.familiaID WHERE usuarios.usuarioID=4  ; select * from JoinFamiliaToPatente
Save/Update: select * from Patente JOIN JoinPatenteToUsuario AS usuario ON Patente.patenteId=usuario.patenteId WHERE usuario.usuarioID=4  
Save/Update: select * from Cliente WHERE  Cliente.usuarioID=4  ; select * from cliente_movimientos; select * from Pedido WHERE borrado = 0; select * from Factura WHERE borrado = 0; select * from Diseño WHERE borrado = 0
Save/Update: select * from Familia JOIN JoinUsuarioToFamilia AS usuarios ON Familia.familiaID=usuarios.familiaID WHERE usuarios.usuarioID=5  ; select * from JoinFamiliaToPatente
Save/Update: select * from Patente JOIN JoinPatenteToUsuario AS usuario ON Patente.patenteId=usuario.patenteId WHERE usuario.usuarioID=5  
Save/Update: select * from Cliente WHERE  Cliente.usuarioID=5  ; select * from cliente_movimientos; select * from Pedido WHERE borrado = 0; select * from Factura WHERE borrado = 0; select * from Diseño WHERE borrado = 0</StdOut>
      </Output>
    </UnitTestResult>
    <UnitTestResult executionId="b10ecf13-6cb8-44e7-8a84-d8baef05ac58" testId="80476086-aaaa-ba28-a4dc-0972defbe8bb" testName="GrabarDiseñoTest1" computerName="DIEGO-PC" duration="00:00:00.0177150" startTime="2012-11-26T18:29:40.5772922-03:00" endTime="2012-11-26T18:29:40.6072939-03:00" testType="13cdc9d9-ddb5-4fa4-a97d-d965ccfc6d4b" outcome="Passed" testListId="8c84fa94-04c1-424b-9868-57a2d4851a1d" relativeResultsDirectory="b10ecf13-6cb8-44e7-8a84-d8baef05ac58">
      <Output>
        <StdOut>Save/Update: SELECT  ISNULL(MAX(cod_diseño + 1),1) from Diseño
Save/Update: INSERT INTO Diseño (cod_diseño, nombre, puntadas, alto, ancho, id_cliente, estadoActual, pathImagen, pathDetalle, pathArchivoEditable, pathArchivoFinal, borrado) VALUES (3 , 'diseño3', 3333 , 33 , 33 , 1 , 1 , '', '', '', '', 0 ); UPDATE historico_estados_diseño SET borrado=1 WHERE cod_diseño=3  ; 
Save/Update: INSERT INTO Diseño_insumos (cod_diseño, cod_insumo, cantidad) VALUES (3 , 1 , 3); 
Save/Update: SELECT  ISNULL(MAX(nro_estado + 1),1) from historico_estados_diseño WHERE cod_diseño=3
Save/Update: INSERT INTO historico_estados_diseño (nro_estado, cod_diseño, comentario, fechaDesde, fechaHasta, estado, borrado) VALUES (1 , 3 , 'creacion ficha diseño',  CAST('26/11/2012 18:29:40.586'  AS DateTime),  NULL , 1 , 0 ); 
Save/Update: select * from Diseño WHERE  Diseño.cod_diseño=3  ; select * from historico_estados_diseño WHERE borrado = 0
Save/Update: select * from Cliente WHERE  Cliente.id_cliente=1  ; select * from cliente_movimientos; select * from Pedido WHERE borrado = 0; select * from Factura WHERE borrado = 0; select * from Diseño WHERE borrado = 0
Save/Update: select * from Usuario WHERE  Usuario.usuarioID=1  ; select * from JoinUsuarioToFamilia; select * from JoinPatenteToUsuario
Save/Update: select * from Diseño_insumos WHERE  Diseño_insumos.cod_diseño=3  
Save/Update: select * from historico_estados_diseño WHERE  historico_estados_diseño.cod_diseño=3  
Save/Update: select * from EstadoDiseños WHERE  EstadoDiseños.estado=1  
Save/Update: DELETE FROM Diseño_insumos where cod_diseño=3
Save/Update: DELETE FROM historico_estados_diseño where cod_diseño=3
Save/Update: DELETE Diseño WHERE cod_diseño=3</StdOut>
      </Output>
    </UnitTestResult>
    <UnitTestResult executionId="17b7b9f0-59d6-44df-92ee-d4623a5b2909" testId="80e94a1b-f37e-ea8a-5357-ae59cc6e5e45" testName="buscarPrendasPorIDTest" computerName="DIEGO-PC" duration="00:00:00.0025737" startTime="2012-11-26T18:29:40.6122942-03:00" endTime="2012-11-26T18:29:40.6252949-03:00" testType="13cdc9d9-ddb5-4fa4-a97d-d965ccfc6d4b" outcome="Passed" testListId="8c84fa94-04c1-424b-9868-57a2d4851a1d" relativeResultsDirectory="17b7b9f0-59d6-44df-92ee-d4623a5b2909">
      <Output>
        <StdOut>Save/Update: select * from TipoPrenda WHERE  TipoPrenda.tipo_prenda=2</StdOut>
      </Output>
    </UnitTestResult>
    <UnitTestResult executionId="4a649730-f363-4f5a-8b27-0ca7d6e13ff1" testId="81b50b2a-4878-5c02-6765-8402ba293155" testName="actualizarProduccionOperadorTDGTest" computerName="DIEGO-PC" duration="00:00:00.0081818" startTime="2012-11-26T18:29:40.6302952-03:00" endTime="2012-11-26T18:29:40.6492963-03:00" testType="13cdc9d9-ddb5-4fa4-a97d-d965ccfc6d4b" outcome="Passed" testListId="8c84fa94-04c1-424b-9868-57a2d4851a1d" relativeResultsDirectory="4a649730-f363-4f5a-8b27-0ca7d6e13ff1">
      <Output>
        <StdOut>Save/Update: UPDATE produccion_operador SET porcentaje=1  WHERE id_operador=1  AND cod_prodcuccion=1  ; 
Save/Update: select * from produccion_operador WHERE  produccion_operador.id_operador=1  AND  produccion_operador.cod_prodcuccion=1  
Save/Update: UPDATE produccion_operador SET porcentaje=50  WHERE id_operador=1  AND cod_prodcuccion=1  ;</StdOut>
      </Output>
    </UnitTestResult>
    <UnitTestResult executionId="bdc9898f-a3d6-40d1-804a-8d7a48213a8f" testId="82c5d364-01e4-3d1f-8a3c-419d68a3ff5f" testName="listarPedidosPorClienteTest" computerName="DIEGO-PC" duration="00:00:00.0216225" startTime="2012-11-26T18:29:40.6542966-03:00" endTime="2012-11-26T18:29:40.6862984-03:00" testType="13cdc9d9-ddb5-4fa4-a97d-d965ccfc6d4b" outcome="Passed" testListId="8c84fa94-04c1-424b-9868-57a2d4851a1d" relativeResultsDirectory="bdc9898f-a3d6-40d1-804a-8d7a48213a8f">
      <Output>
        <StdOut>Save/Update: select * from Pedido WHERE  Pedido.id_cliente=1  ; select * from produccion WHERE borrado = 0; select * from historico_estados_pedido WHERE borrado = 0
Save/Update: select * from historico_estados_pedido WHERE  historico_estados_pedido.cod_pedido=1  
Save/Update: select * from tipoPedido WHERE  tipoPedido.tipo_pedido=1  
Save/Update: select * from produccion WHERE  produccion.cod_pedido=1  ; select * from historico_estados_produccion WHERE borrado = 0
Save/Update: select * from Cliente WHERE  Cliente.id_cliente=1  ; select * from cliente_movimientos; select * from Pedido WHERE borrado = 0; select * from Factura WHERE borrado = 0; select * from Diseño WHERE borrado = 0
Save/Update: select * from EstadoPedido WHERE  EstadoPedido.estado_pedido=3  
Save/Update: select * from historico_estados_pedido WHERE  historico_estados_pedido.cod_pedido=3  
Save/Update: select * from tipoPedido WHERE  tipoPedido.tipo_pedido=2  
Save/Update: select * from produccion WHERE  produccion.cod_pedido=3  ; select * from historico_estados_produccion WHERE borrado = 0
Save/Update: select * from Cliente WHERE  Cliente.id_cliente=1  ; select * from cliente_movimientos; select * from Pedido WHERE borrado = 0; select * from Factura WHERE borrado = 0; select * from Diseño WHERE borrado = 0
Save/Update: select * from EstadoPedido WHERE  EstadoPedido.estado_pedido=0  
Save/Update: select * from historico_estados_pedido WHERE  historico_estados_pedido.cod_pedido=4  
Save/Update: select * from tipoPedido WHERE  tipoPedido.tipo_pedido=1  
Save/Update: select * from produccion WHERE  produccion.cod_pedido=4  ; select * from historico_estados_produccion WHERE borrado = 0
Save/Update: select * from Cliente WHERE  Cliente.id_cliente=1  ; select * from cliente_movimientos; select * from Pedido WHERE borrado = 0; select * from Factura WHERE borrado = 0; select * from Diseño WHERE borrado = 0
Save/Update: select * from EstadoPedido WHERE  EstadoPedido.estado_pedido=0  
Save/Update: DELETE historico_estados_pedido WHERE nro_estado=1  AND cod_pedido=5  
Save/Update: DELETE historico_estados_pedido WHERE nro_estado=2  AND cod_pedido=5  
Save/Update: DELETE produccion WHERE cod_produccion=7  
Save/Update: DELETE Pedido WHERE cod_pedido=5</StdOut>
      </Output>
    </UnitTestResult>
    <UnitTestResult executionId="14260765-3a05-4ff0-bec9-efccf77ddb81" testId="83ce9798-d52f-2f3d-8537-200546cde5a9" testName="listarPedidosConRestriccionTest" computerName="DIEGO-PC" duration="00:00:00.0155570" startTime="2012-11-26T18:29:40.6882985-03:00" endTime="2012-11-26T18:29:40.7112998-03:00" testType="13cdc9d9-ddb5-4fa4-a97d-d965ccfc6d4b" outcome="Passed" testListId="8c84fa94-04c1-424b-9868-57a2d4851a1d" relativeResultsDirectory="14260765-3a05-4ff0-bec9-efccf77ddb81">
      <Output>
        <StdOut>Save/Update: select * from Pedido WHERE  Pedido.id_cliente=1  AND  Pedido.estadoActual=3  AND  Pedido.fechaInicio&gt;= CAST('11/09/2012 12:00:00.000'  AS DateTime) AND  Pedido.fechaInicio&lt;= CAST('11/09/2012 14:00:00.000'  AS DateTime) AND  Pedido.fechaFinal&gt;= CAST('11/09/2012 12:00:00.000'  AS DateTime) AND  Pedido.fechaFinal&lt;= CAST('11/09/2012 14:00:00.000'  AS DateTime) ; select * from produccion WHERE borrado = 0; select * from historico_estados_pedido WHERE borrado = 0
Save/Update: select * from historico_estados_pedido WHERE  historico_estados_pedido.cod_pedido=1  
Save/Update: select * from tipoPedido WHERE  tipoPedido.tipo_pedido=1  
Save/Update: select * from produccion WHERE  produccion.cod_pedido=1  ; select * from historico_estados_produccion WHERE borrado = 0
Save/Update: select * from Cliente WHERE  Cliente.id_cliente=1  ; select * from cliente_movimientos; select * from Pedido WHERE borrado = 0; select * from Factura WHERE borrado = 0; select * from Diseño WHERE borrado = 0
Save/Update: select * from EstadoPedido WHERE  EstadoPedido.estado_pedido=3  
Save/Update: DELETE historico_estados_pedido WHERE nro_estado=1  AND cod_pedido=5  
Save/Update: DELETE historico_estados_pedido WHERE nro_estado=2  AND cod_pedido=5  
Save/Update: DELETE produccion WHERE cod_produccion=7  
Save/Update: DELETE Pedido WHERE cod_pedido=5</StdOut>
      </Output>
    </UnitTestResult>
    <UnitTestResult executionId="2ec0ffa8-fc10-4254-a31b-e6d1c193aa72" testId="84b841c4-bb70-5525-3ae9-fa35ed11627d" testName="cargarUsuarioTest" computerName="DIEGO-PC" duration="00:00:00.0043839" startTime="2012-11-26T18:29:40.7163001-03:00" endTime="2012-11-26T18:29:40.7293009-03:00" testType="13cdc9d9-ddb5-4fa4-a97d-d965ccfc6d4b" outcome="Passed" testListId="8c84fa94-04c1-424b-9868-57a2d4851a1d" relativeResultsDirectory="2ec0ffa8-fc10-4254-a31b-e6d1c193aa72">
      <Output>
        <StdOut>Save/Update: select * from Usuario WHERE  Usuario.usuarioID=1  ; select * from JoinUsuarioToFamilia; select * from JoinPatenteToUsuario
Save/Update: DELETE JoinUsuarioToFamilia where usuarioID=6  ; DELETE JoinPatenteToUsuario where usuarioID=6  ; ;DELETE Usuario WHERE usuarioID=6  
Save/Update: UPDATE Usuario SET nombre='nombre5', apellido='apellido5', mail='mail5@test.com', password='pas5', telefonoFijo='5555-5555', telefonoMovil='5555-5555', bloqueado=0  WHERE usuarioID=5  ; DELETE JoinUsuarioToFamilia where usuarioID=5  ; DELETE JoinPatenteToUsuario where usuarioID=5  ;</StdOut>
      </Output>
    </UnitTestResult>
    <UnitTestResult executionId="15003202-1a37-4283-ad4b-1afd44fefdc1" testId="851b9d78-997d-9c75-eab0-197fa14a11f0" testName="grabarTest" computerName="DIEGO-PC" duration="00:00:00.0241260" startTime="2012-11-26T18:29:40.7313010-03:00" endTime="2012-11-26T18:29:40.7643029-03:00" testType="13cdc9d9-ddb5-4fa4-a97d-d965ccfc6d4b" outcome="Passed" testListId="8c84fa94-04c1-424b-9868-57a2d4851a1d" relativeResultsDirectory="15003202-1a37-4283-ad4b-1afd44fefdc1">
      <Output>
        <StdOut>Save/Update: SELECT  ISNULL(MAX(id_conversacion + 1),1) from Conversacion
Save/Update: INSERT INTO Conversacion (id_conversacion, remitente, destinatario) VALUES (3 , 2 , 3 ); UPDATE mensaje SET borrado=1 WHERE id_conversacion=3  ; 
Save/Update: SELECT  ISNULL(MAX(id + 1),1) from Mensaje
Save/Update: INSERT INTO Mensaje (id, tipoMensaje, fecha, mensaje, leido, borrado, id_conversacion) VALUES (5 , 0 ,  CAST('26/11/2012 18:29:40.738'  AS DateTime), 'test msj grabarMensajeTest', 0 , 0 , 3 ); 
Save/Update: SELECT  ISNULL(MAX(id + 1),1) from Mensaje
Save/Update: INSERT INTO Mensaje (id, tipoMensaje, fecha, mensaje, leido, borrado, id_conversacion) VALUES (6 , 1 ,  CAST('26/11/2012 18:29:40.738'  AS DateTime), 'test msj grabarMensajeTest', 0 , 0 , 3 ); 
Save/Update: select * from Conversacion WHERE  Conversacion.remitente=3  ; select * from mensaje WHERE borrado = 0
Save/Update: select * from Conversacion WHERE  Conversacion.destinatario=3  ; select * from mensaje WHERE borrado = 0
Save/Update: select * from Usuario WHERE  Usuario.usuarioID=2  ; select * from JoinUsuarioToFamilia; select * from JoinPatenteToUsuario
Save/Update: select * from Usuario WHERE  Usuario.usuarioID=3  ; select * from JoinUsuarioToFamilia; select * from JoinPatenteToUsuario
Save/Update: select * from Mensaje WHERE  Mensaje.id_conversacion=3  
Save/Update: DELETE Mensaje WHERE id=5  
Save/Update: DELETE Mensaje WHERE id=6  
Save/Update: DELETE Conversacion WHERE id_conversacion=3</StdOut>
      </Output>
    </UnitTestResult>
    <UnitTestResult executionId="2b694f75-6714-4611-a9e3-9a50610b4bf0" testId="85ca884d-a763-a279-970a-decd7d2ef2e7" testName="borrarOperadorTest" computerName="DIEGO-PC" duration="00:00:00.0062502" startTime="2012-11-26T18:29:40.7683031-03:00" endTime="2012-11-26T18:29:40.7833040-03:00" testType="13cdc9d9-ddb5-4fa4-a97d-d965ccfc6d4b" outcome="Passed" testListId="8c84fa94-04c1-424b-9868-57a2d4851a1d" relativeResultsDirectory="2b694f75-6714-4611-a9e3-9a50610b4bf0">
      <Output>
        <StdOut>Save/Update: SELECT  ISNULL(MAX(id_Operador + 1),1) from operador
Save/Update: INSERT INTO operador (id_Operador, id_usuario) VALUES (3 , 3 ); 
Save/Update: select * from operador
Save/Update: DELETE operador WHERE id_Operador=3  
Save/Update: select * from operador
Save/Update: DELETE operador WHERE id_Operador=3</StdOut>
      </Output>
    </UnitTestResult>
    <UnitTestResult executionId="072a6612-4d4c-4b15-88da-7eb0eadc50a9" testId="88295536-741f-3a89-ef69-1ec7d6b91f08" testName="borrarMensajeTest" computerName="DIEGO-PC" duration="00:00:00.0084354" startTime="2012-11-26T18:29:40.7853041-03:00" endTime="2012-11-26T18:29:40.8053052-03:00" testType="13cdc9d9-ddb5-4fa4-a97d-d965ccfc6d4b" outcome="Passed" testListId="8c84fa94-04c1-424b-9868-57a2d4851a1d" relativeResultsDirectory="072a6612-4d4c-4b15-88da-7eb0eadc50a9">
      <Output>
        <StdOut>Save/Update: SELECT  ISNULL(MAX(id_conversacion + 1),1) from Conversacion
Save/Update: INSERT INTO Conversacion (id_conversacion, remitente, destinatario) VALUES (3 , 2 , 1 ); UPDATE mensaje SET borrado=1 WHERE id_conversacion=3  ; 
Save/Update: select * from Conversacion WHERE  Conversacion.remitente=2  AND  Conversacion.destinatario=1  ; select * from mensaje WHERE borrado = 0
Save/Update: DELETE Conversacion WHERE id_conversacion=3  
Save/Update: select * from Conversacion WHERE  Conversacion.remitente=2  AND  Conversacion.destinatario=1  ; select * from mensaje WHERE borrado = 0
Save/Update: DELETE Conversacion WHERE id_conversacion=3  
Save/Update: update mensaje set borrado=0</StdOut>
      </Output>
    </UnitTestResult>
    <UnitTestResult executionId="af35ffcf-1794-44ac-81c7-21bfd8be7a09" testId="882cbeee-1641-823c-0b10-58aeb9cabf93" testName="cargarFamiliaTest" computerName="DIEGO-PC" duration="00:00:00.0046547" startTime="2012-11-26T18:29:40.8103055-03:00" endTime="2012-11-26T18:29:40.8243063-03:00" testType="13cdc9d9-ddb5-4fa4-a97d-d965ccfc6d4b" outcome="Passed" testListId="8c84fa94-04c1-424b-9868-57a2d4851a1d" relativeResultsDirectory="af35ffcf-1794-44ac-81c7-21bfd8be7a09">
      <Output>
        <StdOut>Save/Update: select * from Familia WHERE  Familia.nombre='Administracion usuarios' ; select * from JoinFamiliaToPatente
Save/Update: select * from Patente JOIN JoinFamiliaToPatente AS familia ON Patente.patenteId=familia.patenteId WHERE familia.familiaID=6</StdOut>
      </Output>
    </UnitTestResult>
    <UnitTestResult executionId="7c31d0ee-6780-48c3-888f-301ab67099bd" testId="896a2208-4c38-b781-3b7e-b236d6d81cd2" testName="grabarMovimientoTest" computerName="DIEGO-PC" duration="00:00:00.0120385" startTime="2012-11-26T18:29:40.8273065-03:00" endTime="2012-11-26T18:29:40.8473076-03:00" testType="13cdc9d9-ddb5-4fa4-a97d-d965ccfc6d4b" outcome="Passed" testListId="8c84fa94-04c1-424b-9868-57a2d4851a1d" relativeResultsDirectory="7c31d0ee-6780-48c3-888f-301ab67099bd">
      <Output>
        <StdOut>Save/Update: SELECT  ISNULL(MAX(nro_movimiento + 1),1) from MovimientosCuenta
Save/Update: INSERT INTO MovimientosCuenta (nro_movimiento, comentario, fecha, monto, cuentaID, tipoMovimientoID) VALUES (4 , 'com4',  CAST('26/11/2012 18:29:40.833'  AS DateTime), 33.3, 1 , 2 ); DELETE proveedor_movimientos where nro_movimiento=4  ;  INSERT INTO proveedor_movimientos ( nro_movimiento, id_proveedor) VALUES ( 4 , 3 ); DELETE documento_movimiento where nro_movimiento=4  ; 
Save/Update: select * from MovimientosCuenta JOIN proveedor_movimientos AS proveedor ON MovimientosCuenta.nro_movimiento=proveedor.nro_movimiento WHERE  MovimientosCuenta.nro_movimiento=4  AND proveedor.id_proveedor IS NOT  NULL ; select * from proveedor_movimientos; select * from documento_movimiento
Save/Update: select * from Proveedor WHERE  Proveedor.id_proveedor=3  
Save/Update: select * from OrdenDeCompra WHERE  OrdenDeCompra.id_proveedor=3  ; select * from documento_movimiento; select * from LineaOrdenDeCompra WHERE borrado = 0
Save/Update: select * from tipoMovimiento WHERE  tipoMovimiento.tipoMovimientoID=2  
Save/Update: select * from Cuenta WHERE  Cuenta.cuentaID=1  
Save/Update: DELETE proveedor_movimientos where nro_movimiento=4  ; DELETE documento_movimiento where nro_movimiento=4  ; ;DELETE MovimientosCuenta WHERE nro_movimiento=4</StdOut>
      </Output>
    </UnitTestResult>
    <UnitTestResult executionId="334ba078-8bb4-4b61-8f41-9fa6409bd5fd" testId="8a0dd9bc-7acf-b95a-4187-a00b7726fa73" testName="listarInsumosPorColorTest" computerName="DIEGO-PC" duration="00:00:00.0135095" startTime="2012-11-26T18:29:40.8533080-03:00" endTime="2012-11-26T18:29:40.8773093-03:00" testType="13cdc9d9-ddb5-4fa4-a97d-d965ccfc6d4b" outcome="Passed" testListId="8c84fa94-04c1-424b-9868-57a2d4851a1d" relativeResultsDirectory="334ba078-8bb4-4b61-8f41-9fa6409bd5fd">
      <Output>
        <StdOut>Save/Update: select * from insumo WHERE  insumo.color=1  
Save/Update: select * from tipoInsumo WHERE  tipoInsumo.tipo_insumo=1  
Save/Update: select * from color WHERE  color.codigo_color=1  
Save/Update: select * from MovimientosStock WHERE  MovimientosStock.cod_insumo=1  
Save/Update: select * from insumo WHERE  insumo.cod_insumo=1  
Save/Update: select * from tipoInsumo WHERE  tipoInsumo.tipo_insumo=1  
Save/Update: select * from color WHERE  color.codigo_color=1  
Save/Update: select * from MovimientosStock WHERE  MovimientosStock.cod_insumo=1  
Save/Update: select * from insumo WHERE  insumo.cod_insumo=2  
Save/Update: select * from tipoInsumo WHERE  tipoInsumo.tipo_insumo=1  
Save/Update: select * from color WHERE  color.codigo_color=2  
Save/Update: select * from MovimientosStock WHERE  MovimientosStock.cod_insumo=2  
Save/Update: select * from insumo WHERE  insumo.cod_insumo=1  
Save/Update: select * from tipoInsumo WHERE  tipoInsumo.tipo_insumo=1  
Save/Update: select * from color WHERE  color.codigo_color=1  
Save/Update: select * from MovimientosStock WHERE  MovimientosStock.cod_insumo=1  
Save/Update: UPDATE insumo SET nombre='nombre1', id_tipo_insumo=1 , color=1 , detalle='detalle1', costo=1, cantidadActual=1  WHERE cod_insumo=1  ; 
Save/Update: select * from insumo WHERE  insumo.cod_insumo=2  
Save/Update: select * from tipoInsumo WHERE  tipoInsumo.tipo_insumo=1  
Save/Update: select * from color WHERE  color.codigo_color=2  
Save/Update: select * from MovimientosStock WHERE  MovimientosStock.cod_insumo=2  
Save/Update: UPDATE insumo SET nombre='nombre2', id_tipo_insumo=1 , color=2 , detalle='detalle2', costo=1, cantidadActual=2  WHERE cod_insumo=2  ; 
Save/Update: delete from MovimientosStock where cod_insumo &gt; 2 or (cod_insumo = 1 AND nro_movimiento &gt; 2) or (cod_insumo = 2 AND nro_movimiento &gt; 1)
Save/Update: DELETE MovimientosStock WHERE nro_movimiento=1  AND cod_insumo=5  
Save/Update: DELETE MovimientosStock WHERE nro_movimiento=2  AND cod_insumo=5  
Save/Update: DELETE insumo WHERE cod_insumo=5</StdOut>
      </Output>
    </UnitTestResult>
    <UnitTestResult executionId="700aae41-1cc0-4323-b67d-20bc98a907a3" testId="8c641761-f8ac-ef3e-efbe-0d44137ab9ce" testName="grabarOrdenDeCompraTest" computerName="DIEGO-PC" duration="00:00:00.0174967" startTime="2012-11-26T18:29:40.8803095-03:00" endTime="2012-11-26T18:29:40.9053109-03:00" testType="13cdc9d9-ddb5-4fa4-a97d-d965ccfc6d4b" outcome="Passed" testListId="8c84fa94-04c1-424b-9868-57a2d4851a1d" relativeResultsDirectory="700aae41-1cc0-4323-b67d-20bc98a907a3">
      <Output>
        <StdOut>Save/Update: SELECT  ISNULL(MAX(nro_Doc + 1),1) from documento
Save/Update: INSERT INTO documento VALUES (5)
Save/Update: SELECT  ISNULL(MAX(nro_orden_compra + 1),1) from OrdenDeCompra WHERE nro_sucursal=1 AND tipo_orden_compra='A'
Save/Update: INSERT INTO OrdenDeCompra (nro_Doc, iva, fecha, borrado, nro_orden_compra, nro_sucursal, tipo_orden_compra, id_proveedor, monto) VALUES (5 , 1.1,  CAST('13/10/2012 21:44:12.000'  AS DateTime), 0 , 2 , 1 , 'A', 2 , 100); UPDATE LineaOrdenDeCompra SET borrado=1 WHERE nro_orden_compra=2  AND nro_sucursal=1  AND tipo_orden_compra='A' ; 
Save/Update: SELECT  ISNULL(MAX(nro_linea + 1),1) from LineaOrdenDeCompra WHERE nro_orden_compra=2 AND nro_sucursal=1 AND tipo_orden_compra='A'
Save/Update: INSERT INTO LineaOrdenDeCompra (nro_orden_compra, nro_sucursal, tipo_orden_compra, nro_linea, cod_producto, cantidad, precio, borrado) VALUES (2 , 1 , 'A', 1 , 2 , 10 , 50, 0 ); 
Save/Update: SELECT  ISNULL(MAX(nro_movimiento + 1),1) from MovimientosCuenta
Save/Update: INSERT INTO MovimientosCuenta (nro_movimiento, comentario, fecha, monto, cuentaID, tipoMovimientoID) VALUES (4 , 'com test',  CAST('13/10/2012 21:44:12.000'  AS DateTime), 100, 1 , 1 ); DELETE proveedor_movimientos where nro_movimiento=4  ;  INSERT INTO proveedor_movimientos ( nro_movimiento, id_proveedor) VALUES ( 4 , 2 ); DELETE documento_movimiento where nro_movimiento=4  ;  INSERT INTO documento_movimiento ( nro_movimiento, nro_Doc) VALUES ( 4 , 5 ); 
Save/Update: select * from OrdenDeCompra WHERE  OrdenDeCompra.nro_orden_compra=2  AND  OrdenDeCompra.nro_sucursal=1  AND  OrdenDeCompra.tipo_orden_compra='A' ; select * from documento_movimiento; select * from LineaOrdenDeCompra WHERE borrado = 0
Save/Update: select * from LineaOrdenDeCompra WHERE  LineaOrdenDeCompra.nro_orden_compra=2  AND  LineaOrdenDeCompra.tipo_orden_compra='A' AND  LineaOrdenDeCompra.nro_sucursal=1  
Save/Update: select * from insumo WHERE  insumo.cod_insumo=2  
Save/Update: select * from Proveedor WHERE  Proveedor.id_proveedor=2  
Save/Update: select * from MovimientosCuenta JOIN documento_movimiento AS documento ON MovimientosCuenta.nro_movimiento=documento.nro_movimiento JOIN proveedor_movimientos AS proveedor ON MovimientosCuenta.nro_movimiento=proveedor.nro_movimiento WHERE documento.nro_Doc=5  AND proveedor.id_proveedor IS NOT  NULL ; select * from proveedor_movimientos; select * from documento_movimiento
Save/Update: DELETE LineaOrdenDeCompra WHERE nro_orden_compra=2  AND nro_sucursal=1  AND tipo_orden_compra='A' AND nro_linea=1  
Save/Update: DELETE LineaOrdenDeCompra WHERE nro_orden_compra=2  AND nro_sucursal=1  AND tipo_orden_compra='A' AND nro_linea=2  
Save/Update: DELETE proveedor_movimientos where nro_movimiento=4  ; DELETE documento_movimiento where nro_movimiento=4  ; ;DELETE MovimientosCuenta WHERE nro_movimiento=4  
Save/Update: DELETE FROM OrdenDeCompra WHERE nro_Doc =5
Save/Update: delete documento where nro_doc=5</StdOut>
      </Output>
    </UnitTestResult>
    <UnitTestResult executionId="66a68cfd-240f-4192-b9c4-005257238844" testId="8c73c5b1-73d0-fcfa-2a42-34f5914dbfb1" testName="cargarFamiliasPorIdTest" computerName="DIEGO-PC" duration="00:00:00.0036262" startTime="2012-11-26T18:29:40.9093112-03:00" endTime="2012-11-26T18:29:40.9223119-03:00" testType="13cdc9d9-ddb5-4fa4-a97d-d965ccfc6d4b" outcome="Passed" testListId="8c84fa94-04c1-424b-9868-57a2d4851a1d" relativeResultsDirectory="66a68cfd-240f-4192-b9c4-005257238844">
      <Output>
        <StdOut>Save/Update: select * from Familia WHERE  Familia.familiaID=6  ; select * from JoinFamiliaToPatente
Save/Update: select * from Patente JOIN JoinFamiliaToPatente AS familia ON Patente.patenteId=familia.patenteId WHERE familia.familiaID=6</StdOut>
      </Output>
    </UnitTestResult>
    <UnitTestResult executionId="5b3c4ad1-fd78-4545-a41b-4421844196fb" testId="8ce4ba60-10ed-e341-0892-b9526f864034" testName="cargarFamiliasPorUsuarioTest" computerName="DIEGO-PC" duration="00:00:00.0045800" startTime="2012-11-26T18:29:40.9253121-03:00" endTime="2012-11-26T18:29:40.9373128-03:00" testType="13cdc9d9-ddb5-4fa4-a97d-d965ccfc6d4b" outcome="Passed" testListId="8c84fa94-04c1-424b-9868-57a2d4851a1d" relativeResultsDirectory="5b3c4ad1-fd78-4545-a41b-4421844196fb">
      <Output>
        <StdOut>Save/Update: select * from Familia JOIN JoinUsuarioToFamilia AS usuarios ON Familia.familiaID=usuarios.familiaID WHERE usuarios.usuarioID=3  ; select * from JoinFamiliaToPatente
Save/Update: select * from Patente JOIN JoinFamiliaToPatente AS familia ON Patente.patenteId=familia.patenteId WHERE familia.familiaID=6</StdOut>
      </Output>
    </UnitTestResult>
    <UnitTestResult executionId="9a0b4d96-234f-4ea0-9e0c-1df2747615b2" testId="8d735e5a-f52c-96a5-4bed-a99c0526014e" testName="grabarProveedorTest" computerName="DIEGO-PC" duration="00:00:00.0055949" startTime="2012-11-26T18:29:40.9413130-03:00" endTime="2012-11-26T18:29:40.9573139-03:00" testType="13cdc9d9-ddb5-4fa4-a97d-d965ccfc6d4b" outcome="Passed" testListId="8c84fa94-04c1-424b-9868-57a2d4851a1d" relativeResultsDirectory="9a0b4d96-234f-4ea0-9e0c-1df2747615b2">
      <Output>
        <StdOut>Save/Update: INSERT INTO Proveedor (id_proveedor, nombre, telefono, direccion) VALUES (4 , 'nombre4', '4444-4444', 'direccion 4'); 
Save/Update: select * from Proveedor
Save/Update: DELETE Proveedor WHERE id_proveedor=4</StdOut>
      </Output>
    </UnitTestResult>
    <UnitTestResult executionId="29308be8-1719-455b-af18-bfe40587d6fb" testId="8e0c723b-e192-342e-eb9f-eccfedfe5ca1" testName="buscarPrimerosHuecosMaquinaTest3" computerName="DIEGO-PC" duration="00:00:00.0256495" startTime="2012-11-26T18:29:40.9633143-03:00" endTime="2012-11-26T18:29:40.9983163-03:00" testType="13cdc9d9-ddb5-4fa4-a97d-d965ccfc6d4b" outcome="Passed" testListId="8c84fa94-04c1-424b-9868-57a2d4851a1d" relativeResultsDirectory="29308be8-1719-455b-af18-bfe40587d6fb">
      <Output>
        <StdOut>Save/Update: select * from produccion WHERE  produccion.cod_maquina=3  AND  produccion.fechaFinal&gt;= CAST('09/10/2012 11:00:00.000'  AS DateTime) ; select * from historico_estados_produccion WHERE borrado = 0
Save/Update: select * from Pedido WHERE  Pedido.cod_pedido=2  ; select * from produccion WHERE borrado = 0; select * from historico_estados_pedido WHERE borrado = 0
Save/Update: select * from Maquina WHERE  Maquina.cod_maquina=3  ; select * from JoinMaquinaToTipoPrenda
Save/Update: select * from Articulos WHERE  Articulos.cod_articulo=5  ; select * from lista_precios WHERE borrado = 0
Save/Update: select * from EstadoTrabajos WHERE  EstadoTrabajos.cod_estado=0  
Save/Update: select * from historico_estados_produccion WHERE  historico_estados_produccion.cod_produccion=4  
Save/Update: select * from produccion_operador WHERE  produccion_operador.cod_prodcuccion=4  
Save/Update: select * from Pedido WHERE  Pedido.cod_pedido=3  ; select * from produccion WHERE borrado = 0; select * from historico_estados_pedido WHERE borrado = 0
Save/Update: select * from Maquina WHERE  Maquina.cod_maquina=3  ; select * from JoinMaquinaToTipoPrenda
Save/Update: select * from Articulos WHERE  Articulos.cod_articulo=2  ; select * from lista_precios WHERE borrado = 0
Save/Update: select * from EstadoTrabajos WHERE  EstadoTrabajos.cod_estado=0  
Save/Update: select * from historico_estados_produccion WHERE  historico_estados_produccion.cod_produccion=6  
Save/Update: select * from produccion_operador WHERE  produccion_operador.cod_prodcuccion=6  
Save/Update: select * from produccion WHERE  produccion.cod_maquina=3  AND  produccion.fechaInicio&gt;= CAST('12/10/2012 13:00:00.000'  AS DateTime) ; select * from historico_estados_produccion WHERE borrado = 0
Save/Update: select * from Pedido WHERE  Pedido.cod_pedido=3  ; select * from produccion WHERE borrado = 0; select * from historico_estados_pedido WHERE borrado = 0
Save/Update: select * from Maquina WHERE  Maquina.cod_maquina=3  ; select * from JoinMaquinaToTipoPrenda
Save/Update: select * from Articulos WHERE  Articulos.cod_articulo=2  ; select * from lista_precios WHERE borrado = 0
Save/Update: select * from EstadoTrabajos WHERE  EstadoTrabajos.cod_estado=0  
Save/Update: select * from historico_estados_produccion WHERE  historico_estados_produccion.cod_produccion=6  
Save/Update: select * from produccion_operador WHERE  produccion_operador.cod_prodcuccion=6  
Save/Update: DELETE produccion_operador WHERE id_operador=2  AND cod_prodcuccion=7  
Save/Update: DELETE historico_estados_produccion WHERE nro_estado=1  AND cod_produccion=7  
Save/Update: DELETE historico_estados_produccion WHERE nro_estado=2  AND cod_produccion=7  
Save/Update: DELETE produccion WHERE cod_produccion=7</StdOut>
      </Output>
    </UnitTestResult>
    <UnitTestResult executionId="dde052fe-4a0f-47a9-9d4b-59e2cb724ad1" testId="8e175a1e-ad15-cbe9-eb2b-34d47332acea" testName="buscarOperadoresConRestriccionesTest" computerName="DIEGO-PC" duration="00:00:00.0048494" startTime="2012-11-26T18:29:41.0103170-03:00" endTime="2012-11-26T18:29:41.0223176-03:00" testType="13cdc9d9-ddb5-4fa4-a97d-d965ccfc6d4b" outcome="Passed" testListId="8c84fa94-04c1-424b-9868-57a2d4851a1d" relativeResultsDirectory="dde052fe-4a0f-47a9-9d4b-59e2cb724ad1">
      <Output>
        <StdOut>Save/Update: select * from operador WHERE  operador.id_Operador=1  AND  operador.id_usuario=4  
Save/Update: DELETE operador WHERE id_Operador=3</StdOut>
      </Output>
    </UnitTestResult>
    <UnitTestResult executionId="71255863-15a0-4ea9-ada3-585b58f4c8f1" testId="8ef58195-4b27-3ad6-c671-969e36dd1c6a" testName="buscarDiseñoPorClienteTest" computerName="DIEGO-PC" duration="00:00:00.0179926" startTime="2012-11-26T18:29:41.0263179-03:00" endTime="2012-11-26T18:29:41.0563196-03:00" testType="13cdc9d9-ddb5-4fa4-a97d-d965ccfc6d4b" outcome="Passed" testListId="8c84fa94-04c1-424b-9868-57a2d4851a1d" relativeResultsDirectory="71255863-15a0-4ea9-ada3-585b58f4c8f1">
      <Output>
        <StdOut>Save/Update: select * from Diseño WHERE  Diseño.id_cliente=1  ; select * from historico_estados_diseño WHERE borrado = 0
Save/Update: select * from Cliente WHERE  Cliente.id_cliente=1  ; select * from cliente_movimientos; select * from Pedido WHERE borrado = 0; select * from Factura WHERE borrado = 0; select * from Diseño WHERE borrado = 0
Save/Update: select * from Usuario WHERE  Usuario.usuarioID=1  ; select * from JoinUsuarioToFamilia; select * from JoinPatenteToUsuario
Save/Update: select * from Diseño_insumos WHERE  Diseño_insumos.cod_diseño=1  
Save/Update: select * from historico_estados_diseño WHERE  historico_estados_diseño.cod_diseño=1  
Save/Update: select * from EstadoDiseños WHERE  EstadoDiseños.estado=2  
Save/Update: select * from Cliente WHERE  Cliente.id_cliente=1  ; select * from cliente_movimientos; select * from Pedido WHERE borrado = 0; select * from Factura WHERE borrado = 0; select * from Diseño WHERE borrado = 0
Save/Update: select * from Usuario WHERE  Usuario.usuarioID=1  ; select * from JoinUsuarioToFamilia; select * from JoinPatenteToUsuario
Save/Update: select * from Diseño_insumos WHERE  Diseño_insumos.cod_diseño=2  
Save/Update: select * from historico_estados_diseño WHERE  historico_estados_diseño.cod_diseño=2  
Save/Update: select * from EstadoDiseños WHERE  EstadoDiseños.estado=2  
Save/Update: DELETE FROM Diseño_insumos where cod_diseño=3
Save/Update: DELETE FROM historico_estados_diseño where cod_diseño=3
Save/Update: DELETE Diseño WHERE cod_diseño=3</StdOut>
      </Output>
    </UnitTestResult>
    <UnitTestResult executionId="adfac386-3d5d-41be-a2d4-6b80186f6361" testId="9051c370-f8a8-7d06-90bf-a5c879f3e27c" testName="buscarMovimientoPorNroTest" computerName="DIEGO-PC" duration="00:00:00.0120426" startTime="2012-11-26T18:29:41.0603198-03:00" endTime="2012-11-26T18:29:41.0863213-03:00" testType="13cdc9d9-ddb5-4fa4-a97d-d965ccfc6d4b" outcome="Passed" testListId="8c84fa94-04c1-424b-9868-57a2d4851a1d" relativeResultsDirectory="adfac386-3d5d-41be-a2d4-6b80186f6361">
      <Output>
        <StdOut>Save/Update: select * from MovimientosCuenta JOIN proveedor_movimientos AS proveedor ON MovimientosCuenta.nro_movimiento=proveedor.nro_movimiento WHERE  MovimientosCuenta.nro_movimiento=3  AND proveedor.id_proveedor IS NOT  NULL ; select * from proveedor_movimientos; select * from documento_movimiento
Save/Update: select * from Proveedor WHERE  Proveedor.id_proveedor=1  
Save/Update: select * from OrdenDeCompra WHERE  OrdenDeCompra.id_proveedor=1  ; select * from documento_movimiento; select * from LineaOrdenDeCompra WHERE borrado = 0
Save/Update: select * from OrdenDeCompra WHERE  OrdenDeCompra.nro_Doc=3  ; select * from documento_movimiento; select * from LineaOrdenDeCompra WHERE borrado = 0
Save/Update: select * from tipoMovimiento WHERE  tipoMovimiento.tipoMovimientoID=1  
Save/Update: select * from Cuenta WHERE  Cuenta.cuentaID=1  
Save/Update: DELETE proveedor_movimientos where nro_movimiento=4  ; DELETE documento_movimiento where nro_movimiento=4  ; ;DELETE MovimientosCuenta WHERE nro_movimiento=4</StdOut>
      </Output>
    </UnitTestResult>
    <UnitTestResult executionId="f7435615-463c-4a74-899c-25657ef40438" testId="90665605-993c-c3f0-732c-0c8cb4e19400" testName="buscarOpinionesTest" computerName="DIEGO-PC" duration="00:00:00.0047928" startTime="2012-11-26T18:29:41.0883214-03:00" endTime="2012-11-26T18:29:41.1033223-03:00" testType="13cdc9d9-ddb5-4fa4-a97d-d965ccfc6d4b" outcome="Passed" testListId="8c84fa94-04c1-424b-9868-57a2d4851a1d" relativeResultsDirectory="f7435615-463c-4a74-899c-25657ef40438">
      <Output>
        <StdOut>Save/Update: select * from opiniones</StdOut>
      </Output>
    </UnitTestResult>
    <UnitTestResult executionId="5d74eb8f-1e95-4edc-9a72-626a63b46c17" testId="9102ee27-432a-7243-07ab-4d672688ee38" testName="cargarMaquinaPorIdTest" computerName="DIEGO-PC" duration="00:00:00.0058503" startTime="2012-11-26T18:29:41.1093226-03:00" endTime="2012-11-26T18:29:41.1263236-03:00" testType="13cdc9d9-ddb5-4fa4-a97d-d965ccfc6d4b" outcome="Passed" testListId="8c84fa94-04c1-424b-9868-57a2d4851a1d" relativeResultsDirectory="5d74eb8f-1e95-4edc-9a72-626a63b46c17">
      <Output>
        <StdOut>Save/Update: select * from Maquina WHERE  Maquina.cod_maquina=1  ; select * from JoinMaquinaToTipoPrenda
Save/Update: select * from TipoPrenda WHERE  TipoPrenda.tipo_prenda=1  
Save/Update: select * from TipoPrenda WHERE  TipoPrenda.tipo_prenda=2  
Save/Update: select * from TipoPrenda WHERE  TipoPrenda.tipo_prenda=3  
Save/Update: DELETE JoinMaquinaToTipoPrenda where cod_maquina=4  ; ;DELETE Maquina WHERE cod_maquina=4  
Save/Update: delete from JoinMaquinaToTipoPrenda where cod_maquina=4</StdOut>
      </Output>
    </UnitTestResult>
    <UnitTestResult executionId="2ba01d0b-6273-46b9-8d9e-245c2ef19f67" testId="92b34578-8935-0a46-8dd9-4af3ba2aba99" testName="grabarLineaTest" computerName="DIEGO-PC" duration="00:00:00.0060999" startTime="2012-11-26T18:29:41.1293238-03:00" endTime="2012-11-26T18:29:41.1473248-03:00" testType="13cdc9d9-ddb5-4fa4-a97d-d965ccfc6d4b" outcome="Passed" testListId="8c84fa94-04c1-424b-9868-57a2d4851a1d" relativeResultsDirectory="2ba01d0b-6273-46b9-8d9e-245c2ef19f67">
      <Output>
        <StdOut>Save/Update: SELECT  ISNULL(MAX(nro_linea + 1),1) from LineaOrdenDeCompra WHERE nro_orden_compra=1 AND nro_sucursal=1 AND tipo_orden_compra='A'
Save/Update: INSERT INTO LineaOrdenDeCompra (nro_orden_compra, nro_sucursal, tipo_orden_compra, nro_linea, cod_producto, cantidad, precio, borrado) VALUES (1 , 1 , 'A', 3 , 3 , 33 , 33.3, 0 ); 
Save/Update: select * from LineaOrdenDeCompra WHERE  LineaOrdenDeCompra.nro_orden_compra=1  AND  LineaOrdenDeCompra.nro_linea=3  AND  LineaOrdenDeCompra.nro_sucursal=1  AND  LineaOrdenDeCompra.tipo_orden_compra='A' 
Save/Update: DELETE LineaOrdenDeCompra WHERE nro_orden_compra=1  AND nro_sucursal=1  AND tipo_orden_compra='A' AND nro_linea=3</StdOut>
      </Output>
    </UnitTestResult>
    <UnitTestResult executionId="287aa109-aeeb-448f-95b9-ae69499359a9" testId="9355e16b-4728-468a-6844-3354852565f0" testName="borrarDiseñoTest" computerName="DIEGO-PC" duration="00:00:00.0417057" startTime="2012-11-26T18:29:41.1553252-03:00" endTime="2012-11-26T18:29:41.2093283-03:00" testType="13cdc9d9-ddb5-4fa4-a97d-d965ccfc6d4b" outcome="Passed" testListId="8c84fa94-04c1-424b-9868-57a2d4851a1d" relativeResultsDirectory="287aa109-aeeb-448f-95b9-ae69499359a9">
      <Output>
        <StdOut>Save/Update: SELECT  ISNULL(MAX(cod_diseño + 1),1) from Diseño
Save/Update: INSERT INTO Diseño (cod_diseño, nombre, puntadas, alto, ancho, id_cliente, estadoActual, pathImagen, pathDetalle, pathArchivoEditable, pathArchivoFinal, borrado) VALUES (3 , 'diseño3', 3333 , 33 , 33 , 1 , 1 , '', '', '', '', 0 ); UPDATE historico_estados_diseño SET borrado=1 WHERE cod_diseño=3  ; 
Save/Update: select * from Diseño; select * from historico_estados_diseño WHERE borrado = 0
Save/Update: select * from Cliente WHERE  Cliente.id_cliente=1  ; select * from cliente_movimientos; select * from Pedido WHERE borrado = 0; select * from Factura WHERE borrado = 0; select * from Diseño WHERE borrado = 0
Save/Update: select * from Usuario WHERE  Usuario.usuarioID=1  ; select * from JoinUsuarioToFamilia; select * from JoinPatenteToUsuario
Save/Update: select * from Diseño_insumos WHERE  Diseño_insumos.cod_diseño=1  
Save/Update: select * from historico_estados_diseño WHERE  historico_estados_diseño.cod_diseño=1  
Save/Update: select * from EstadoDiseños WHERE  EstadoDiseños.estado=2  
Save/Update: select * from Cliente WHERE  Cliente.id_cliente=1  ; select * from cliente_movimientos; select * from Pedido WHERE borrado = 0; select * from Factura WHERE borrado = 0; select * from Diseño WHERE borrado = 0
Save/Update: select * from Usuario WHERE  Usuario.usuarioID=1  ; select * from JoinUsuarioToFamilia; select * from JoinPatenteToUsuario
Save/Update: select * from Diseño_insumos WHERE  Diseño_insumos.cod_diseño=2  
Save/Update: select * from historico_estados_diseño WHERE  historico_estados_diseño.cod_diseño=2  
Save/Update: select * from EstadoDiseños WHERE  EstadoDiseños.estado=2  
Save/Update: select * from Cliente WHERE  Cliente.id_cliente=1  ; select * from cliente_movimientos; select * from Pedido WHERE borrado = 0; select * from Factura WHERE borrado = 0; select * from Diseño WHERE borrado = 0
Save/Update: select * from Usuario WHERE  Usuario.usuarioID=1  ; select * from JoinUsuarioToFamilia; select * from JoinPatenteToUsuario
Save/Update: select * from Diseño_insumos WHERE  Diseño_insumos.cod_diseño=3  
Save/Update: select * from historico_estados_diseño WHERE  historico_estados_diseño.cod_diseño=3  
Save/Update: select * from EstadoDiseños WHERE  EstadoDiseños.estado=1  
Save/Update: DELETE Diseño WHERE cod_diseño=3  
Save/Update: select * from Diseño; select * from historico_estados_diseño WHERE borrado = 0
Save/Update: select * from Cliente WHERE  Cliente.id_cliente=1  ; select * from cliente_movimientos; select * from Pedido WHERE borrado = 0; select * from Factura WHERE borrado = 0; select * from Diseño WHERE borrado = 0
Save/Update: select * from Usuario WHERE  Usuario.usuarioID=1  ; select * from JoinUsuarioToFamilia; select * from JoinPatenteToUsuario
Save/Update: select * from Diseño_insumos WHERE  Diseño_insumos.cod_diseño=1  
Save/Update: select * from historico_estados_diseño WHERE  historico_estados_diseño.cod_diseño=1  
Save/Update: select * from EstadoDiseños WHERE  EstadoDiseños.estado=2  
Save/Update: select * from Cliente WHERE  Cliente.id_cliente=1  ; select * from cliente_movimientos; select * from Pedido WHERE borrado = 0; select * from Factura WHERE borrado = 0; select * from Diseño WHERE borrado = 0
Save/Update: select * from Usuario WHERE  Usuario.usuarioID=1  ; select * from JoinUsuarioToFamilia; select * from JoinPatenteToUsuario
Save/Update: select * from Diseño_insumos WHERE  Diseño_insumos.cod_diseño=2  
Save/Update: select * from historico_estados_diseño WHERE  historico_estados_diseño.cod_diseño=2  
Save/Update: select * from EstadoDiseños WHERE  EstadoDiseños.estado=2  
Save/Update: DELETE FROM Diseño_insumos where cod_diseño=3
Save/Update: DELETE FROM historico_estados_diseño where cod_diseño=3
Save/Update: DELETE Diseño WHERE cod_diseño=3</StdOut>
      </Output>
    </UnitTestResult>
    <UnitTestResult executionId="026a7190-25ec-42d0-9716-8c3ebaa46077" testId="93f8ff39-718d-999f-f07f-06a3b12e22dd" testName="calcularFinalizacionTest4" computerName="DIEGO-PC" duration="00:00:00.0037272" startTime="2012-11-26T18:29:41.2133286-03:00" endTime="2012-11-26T18:29:41.2313296-03:00" testType="13cdc9d9-ddb5-4fa4-a97d-d965ccfc6d4b" outcome="Passed" testListId="8c84fa94-04c1-424b-9868-57a2d4851a1d" relativeResultsDirectory="026a7190-25ec-42d0-9716-8c3ebaa46077">
      <Output>
        <StdOut>Save/Update: DELETE produccion_operador WHERE id_operador=2  AND cod_prodcuccion=7  
Save/Update: DELETE historico_estados_produccion WHERE nro_estado=1  AND cod_produccion=7  
Save/Update: DELETE historico_estados_produccion WHERE nro_estado=2  AND cod_produccion=7  
Save/Update: DELETE produccion WHERE cod_produccion=7</StdOut>
      </Output>
    </UnitTestResult>
    <UnitTestResult executionId="4d816125-e60f-4e5f-95d7-98d5432340ed" testId="954c6542-5669-95f4-2fc5-a01c436de193" testName="borrarLineaTest" computerName="DIEGO-PC" duration="00:00:00.0070133" startTime="2012-11-26T18:29:41.2363299-03:00" endTime="2012-11-26T18:29:41.2533309-03:00" testType="13cdc9d9-ddb5-4fa4-a97d-d965ccfc6d4b" outcome="Passed" testListId="8c84fa94-04c1-424b-9868-57a2d4851a1d" relativeResultsDirectory="4d816125-e60f-4e5f-95d7-98d5432340ed">
      <Output>
        <StdOut>Save/Update: SELECT  ISNULL(MAX(nro_linea + 1),1) from LineaOrdenDeCompra WHERE nro_orden_compra=1 AND nro_sucursal=1 AND tipo_orden_compra='A'
Save/Update: INSERT INTO LineaOrdenDeCompra (nro_orden_compra, nro_sucursal, tipo_orden_compra, nro_linea, cod_producto, cantidad, precio, borrado) VALUES (1 , 1 , 'A', 3 , 3 , 33 , 33.3, 0 ); 
Save/Update: select * from LineaOrdenDeCompra WHERE  LineaOrdenDeCompra.nro_orden_compra=1  AND  LineaOrdenDeCompra.nro_linea=3  AND  LineaOrdenDeCompra.nro_sucursal=1  AND  LineaOrdenDeCompra.tipo_orden_compra='A' 
Save/Update: DELETE LineaOrdenDeCompra WHERE nro_orden_compra=1  AND nro_sucursal=1  AND tipo_orden_compra='A' AND nro_linea=3  
Save/Update: select * from LineaOrdenDeCompra WHERE  LineaOrdenDeCompra.nro_orden_compra=1  AND  LineaOrdenDeCompra.nro_linea=3  AND  LineaOrdenDeCompra.nro_sucursal=1  AND  LineaOrdenDeCompra.tipo_orden_compra='A'</StdOut>
      </Output>
    </UnitTestResult>
    <UnitTestResult executionId="92e8d6d4-9504-47fa-a881-b68544ba253e" testId="967eb374-2104-1acf-4901-5331861aa4b4" testName="buscarTipoCuentasTest" computerName="DIEGO-PC" duration="00:00:00.0047620" startTime="2012-11-26T18:29:41.2613313-03:00" endTime="2012-11-26T18:29:41.2743321-03:00" testType="13cdc9d9-ddb5-4fa4-a97d-d965ccfc6d4b" outcome="Passed" testListId="8c84fa94-04c1-424b-9868-57a2d4851a1d" relativeResultsDirectory="92e8d6d4-9504-47fa-a881-b68544ba253e">
      <Output>
        <StdOut>Save/Update: select * from Cuenta</StdOut>
      </Output>
    </UnitTestResult>
    <UnitTestResult executionId="97366a91-8a75-4856-bc6d-2dd5a5212973" testId="96881fe6-dfde-90d7-168b-7e0645c53ba0" testName="modificarMaquinasTest" computerName="DIEGO-PC" duration="00:00:00.0131332" startTime="2012-11-26T18:29:41.2803324-03:00" endTime="2012-11-26T18:29:41.3033337-03:00" testType="13cdc9d9-ddb5-4fa4-a97d-d965ccfc6d4b" outcome="Passed" testListId="8c84fa94-04c1-424b-9868-57a2d4851a1d" relativeResultsDirectory="97366a91-8a75-4856-bc6d-2dd5a5212973">
      <Output>
        <StdOut>Save/Update: SELECT  ISNULL(MAX(cod_maquina + 1),1) from Maquina
Save/Update: INSERT INTO Maquina (cod_maquina, altoMargen, anchoMargen, cabezales, nombre, velocidadPromedio, cantidadColores) VALUES (4 , 100 , 200 , 12 , 'nombre nuevo', 1000 , 12 ); DELETE JoinMaquinaToTipoPrenda where cod_maquina=4  ; 
Save/Update: select * from Maquina WHERE  Maquina.cod_maquina=4  AND  Maquina.altoMargen&lt;=500  AND  Maquina.anchoMargen&gt;=100  AND  Maquina.cabezales=12  AND  Maquina.nombre LIKE '%e n%'AND  Maquina.velocidadPromedio&gt;=500  AND  Maquina.cantidadColores=12  ; select * from JoinMaquinaToTipoPrenda
Save/Update: UPDATE Maquina SET altoMargen=100 , anchoMargen=200 , cabezales=12 , nombre='nombre editado', velocidadPromedio=1000 , cantidadColores=2  WHERE cod_maquina=4  ; DELETE JoinMaquinaToTipoPrenda where cod_maquina=4  ; 
Save/Update: select * from Maquina WHERE  Maquina.cod_maquina=4  ; select * from JoinMaquinaToTipoPrenda
Save/Update: DELETE JoinMaquinaToTipoPrenda where cod_maquina=4  ; ;DELETE Maquina WHERE cod_maquina=4</StdOut>
      </Output>
    </UnitTestResult>
    <UnitTestResult executionId="fedf7d8d-2aa9-4650-9ac0-e035339643af" testId="96e75478-d13a-94b1-f4d7-4e30153efd6b" testName="guardarFamiliaTest" computerName="DIEGO-PC" duration="00:00:00.0109113" startTime="2012-11-26T18:29:41.3073339-03:00" endTime="2012-11-26T18:29:41.3273351-03:00" testType="13cdc9d9-ddb5-4fa4-a97d-d965ccfc6d4b" outcome="Passed" testListId="8c84fa94-04c1-424b-9868-57a2d4851a1d" relativeResultsDirectory="fedf7d8d-2aa9-4650-9ac0-e035339643af">
      <Output>
        <StdOut>Save/Update: INSERT INTO Familia (familiaID, descripcion, nombre) VALUES (7 , 'familia test', 'test'); DELETE JoinFamiliaToPatente where familiaID=7  ;  INSERT INTO JoinFamiliaToPatente ( familiaID, patenteId) VALUES ( 7 , 9 ); 
Save/Update: select * from Familia WHERE  Familia.familiaID=7  ; select * from JoinFamiliaToPatente
Save/Update: select * from Patente JOIN JoinFamiliaToPatente AS familia ON Patente.patenteId=familia.patenteId WHERE familia.familiaID=7  
Save/Update: DELETE JoinFamiliaToPatente where familiaID=7  ; ;DELETE Familia WHERE familiaID=7</StdOut>
      </Output>
    </UnitTestResult>
    <UnitTestResult executionId="bc215c8c-4ea0-4909-95a1-d1282829f90d" testId="97997216-b9cb-a346-d834-1a6abbc22200" testName="guardarOpinionTest" computerName="DIEGO-PC" duration="00:00:00.0144542" startTime="2012-11-26T18:29:41.3333354-03:00" endTime="2012-11-26T18:29:41.3553367-03:00" testType="13cdc9d9-ddb5-4fa4-a97d-d965ccfc6d4b" outcome="Passed" testListId="8c84fa94-04c1-424b-9868-57a2d4851a1d" relativeResultsDirectory="bc215c8c-4ea0-4909-95a1-d1282829f90d">
      <Output>
        <StdOut>Save/Update: SELECT  ISNULL(MAX(id + 1),1) from opiniones
Save/Update: INSERT INTO opiniones (id, nombre, mail, opinion) VALUES (4 , 'nombre4', 'mail4@test.com', 'opinion4'); 
Save/Update: select * from opiniones WHERE  opiniones.id=4  
Save/Update: DELETE opiniones WHERE id=4</StdOut>
      </Output>
    </UnitTestResult>
    <UnitTestResult executionId="c8469289-3fba-4386-b9dc-6bf9c434b868" testId="9853b2bf-c35b-f18f-c067-26f1d74150ec" testName="buscarProveedorPorCodigoTest" computerName="DIEGO-PC" duration="00:00:00.0101360" startTime="2012-11-26T18:29:41.3583369-03:00" endTime="2012-11-26T18:29:41.3803381-03:00" testType="13cdc9d9-ddb5-4fa4-a97d-d965ccfc6d4b" outcome="Passed" testListId="8c84fa94-04c1-424b-9868-57a2d4851a1d" relativeResultsDirectory="c8469289-3fba-4386-b9dc-6bf9c434b868">
      <Output>
        <StdOut>Save/Update: select * from Proveedor WHERE  Proveedor.id_proveedor=1  
Save/Update: select * from OrdenDeCompra WHERE  OrdenDeCompra.id_proveedor=1  ; select * from documento_movimiento; select * from LineaOrdenDeCompra WHERE borrado = 0
Save/Update: delete OrdenDeCompra where nro_doc=5
Save/Update: delete documento where nro_doc=5
Save/Update: DELETE Proveedor WHERE id_proveedor=4  
Save/Update: UPDATE Proveedor SET nombre='nombre1', telefono='1111-1111', direccion='direccion 1' WHERE id_proveedor=1  ;</StdOut>
      </Output>
    </UnitTestResult>
    <UnitTestResult executionId="a6397924-4529-486f-bc05-7c33931980d3" testId="996b7b9c-4963-23a7-ecd9-60f71e9ffdab" testName="buscarEstadosTest" computerName="DIEGO-PC" duration="00:00:00.0046470" startTime="2012-11-26T18:29:41.3863385-03:00" endTime="2012-11-26T18:29:41.4003393-03:00" testType="13cdc9d9-ddb5-4fa4-a97d-d965ccfc6d4b" outcome="Passed" testListId="8c84fa94-04c1-424b-9868-57a2d4851a1d" relativeResultsDirectory="a6397924-4529-486f-bc05-7c33931980d3">
      <Output>
        <StdOut>Save/Update: select * from EstadoTrabajos</StdOut>
      </Output>
    </UnitTestResult>
    <UnitTestResult executionId="cf0461b6-16d1-4bd9-a6de-553451df7b3c" testId="9abfd9c9-a69f-e14e-a283-753aea9711be" testName="buscarEstadosPorIdTest" computerName="DIEGO-PC" duration="00:00:00.0028060" startTime="2012-11-26T18:29:41.4073397-03:00" endTime="2012-11-26T18:29:41.4183403-03:00" testType="13cdc9d9-ddb5-4fa4-a97d-d965ccfc6d4b" outcome="Passed" testListId="8c84fa94-04c1-424b-9868-57a2d4851a1d" relativeResultsDirectory="cf0461b6-16d1-4bd9-a6de-553451df7b3c">
      <Output>
        <StdOut>Save/Update: select * from EstadoDiseños WHERE  EstadoDiseños.estado=1</StdOut>
      </Output>
    </UnitTestResult>
    <UnitTestResult executionId="81ec6bd3-dcf2-4b14-936f-afe01755c8b8" testId="9b145e69-7969-d34a-ea49-9560a18e3f37" testName="listarProduccionPorCodigoTest" computerName="DIEGO-PC" duration="00:00:00.0137840" startTime="2012-11-26T18:29:41.4243406-03:00" endTime="2012-11-26T18:29:41.4493421-03:00" testType="13cdc9d9-ddb5-4fa4-a97d-d965ccfc6d4b" outcome="Passed" testListId="8c84fa94-04c1-424b-9868-57a2d4851a1d" relativeResultsDirectory="81ec6bd3-dcf2-4b14-936f-afe01755c8b8">
      <Output>
        <StdOut>Save/Update: select * from produccion WHERE  produccion.cod_produccion=1  ; select * from historico_estados_produccion WHERE borrado = 0
Save/Update: select * from Pedido WHERE  Pedido.cod_pedido=1  ; select * from produccion WHERE borrado = 0; select * from historico_estados_pedido WHERE borrado = 0
Save/Update: select * from Maquina WHERE  Maquina.cod_maquina=1  ; select * from JoinMaquinaToTipoPrenda
Save/Update: select * from Articulos WHERE  Articulos.cod_articulo=1  ; select * from lista_precios WHERE borrado = 0
Save/Update: select * from EstadoTrabajos WHERE  EstadoTrabajos.cod_estado=3  
Save/Update: select * from historico_estados_produccion WHERE  historico_estados_produccion.cod_produccion=1  
Save/Update: select * from produccion_operador WHERE  produccion_operador.cod_prodcuccion=1  
Save/Update: DELETE produccion_operador WHERE id_operador=2  AND cod_prodcuccion=7  
Save/Update: DELETE historico_estados_produccion WHERE nro_estado=1  AND cod_produccion=7  
Save/Update: DELETE historico_estados_produccion WHERE nro_estado=2  AND cod_produccion=7  
Save/Update: DELETE produccion WHERE cod_produccion=7</StdOut>
      </Output>
    </UnitTestResult>
    <UnitTestResult executionId="e6695006-a98d-4f13-995e-aa7a8b38f7dc" testId="9bc71622-b688-a88b-7a65-091a11ad1362" testName="buscarTodoTest" computerName="DIEGO-PC" duration="00:00:00.0037779" startTime="2012-11-26T18:29:41.4533423-03:00" endTime="2012-11-26T18:29:41.4693432-03:00" testType="13cdc9d9-ddb5-4fa4-a97d-d965ccfc6d4b" outcome="Passed" testListId="8c84fa94-04c1-424b-9868-57a2d4851a1d" relativeResultsDirectory="e6695006-a98d-4f13-995e-aa7a8b38f7dc">
      <Output>
        <StdOut>Save/Update: select * from tipoMovimiento</StdOut>
      </Output>
    </UnitTestResult>
    <UnitTestResult executionId="7d2b7d11-795f-4092-a65f-388be728228b" testId="9c1f4476-7313-c46d-328a-55cea693565d" testName="buscarMovimintosTest" computerName="DIEGO-PC" duration="00:00:00.0170026" startTime="2012-11-26T18:29:41.4743435-03:00" endTime="2012-11-26T18:29:41.5063453-03:00" testType="13cdc9d9-ddb5-4fa4-a97d-d965ccfc6d4b" outcome="Passed" testListId="8c84fa94-04c1-424b-9868-57a2d4851a1d" relativeResultsDirectory="7d2b7d11-795f-4092-a65f-388be728228b">
      <Output>
        <StdOut>Save/Update: select * from MovimientosCuenta JOIN proveedor_movimientos AS proveedor ON MovimientosCuenta.nro_movimiento=proveedor.nro_movimiento WHERE  MovimientosCuenta.comentario LIKE '%m3%'AND  MovimientosCuenta.fecha&gt;= CAST('03/03/2003 00:00:00.000'  AS DateTime) AND  MovimientosCuenta.monto&gt;=30 AND  MovimientosCuenta.monto&lt;=33 AND  MovimientosCuenta.cuentaID=1  AND  MovimientosCuenta.tipoMovimientoID=1  AND proveedor.id_proveedor=1  AND proveedor.id_proveedor IS NOT  NULL ; select * from proveedor_movimientos; select * from documento_movimiento
Save/Update: select * from Proveedor WHERE  Proveedor.id_proveedor=1  
Save/Update: select * from OrdenDeCompra WHERE  OrdenDeCompra.id_proveedor=1  ; select * from documento_movimiento; select * from LineaOrdenDeCompra WHERE borrado = 0
Save/Update: select * from OrdenDeCompra WHERE  OrdenDeCompra.nro_Doc=3  ; select * from documento_movimiento; select * from LineaOrdenDeCompra WHERE borrado = 0
Save/Update: select * from tipoMovimiento WHERE  tipoMovimiento.tipoMovimientoID=1  
Save/Update: select * from Cuenta WHERE  Cuenta.cuentaID=1  
Save/Update: DELETE proveedor_movimientos where nro_movimiento=4  ; DELETE documento_movimiento where nro_movimiento=4  ; ;DELETE MovimientosCuenta WHERE nro_movimiento=4</StdOut>
      </Output>
    </UnitTestResult>
    <UnitTestResult executionId="ca900946-5456-4ad3-ab7b-a6c76b133fed" testId="9fd9a588-56ca-0b4b-82c9-064d2bfbe430" testName="grabarDiseñosTest" computerName="DIEGO-PC" duration="00:00:00.0064862" startTime="2012-11-26T18:29:41.5163459-03:00" endTime="2012-11-26T18:29:41.5313468-03:00" testType="13cdc9d9-ddb5-4fa4-a97d-d965ccfc6d4b" outcome="Passed" testListId="8c84fa94-04c1-424b-9868-57a2d4851a1d" relativeResultsDirectory="ca900946-5456-4ad3-ab7b-a6c76b133fed">
      <Output>
        <StdOut>Save/Update: SELECT  ISNULL(MAX(cod_diseño + 1),1) from Diseño
Save/Update: INSERT INTO Diseño (cod_diseño, nombre, puntadas, alto, ancho, id_cliente, estadoActual, pathImagen, pathDetalle, pathArchivoEditable, pathArchivoFinal, borrado) VALUES (3 , 'diseño3', 3333 , 33 , 33 , 1 , 1 , '/cliente1/imagen/diseño1.jpg', '/cliente1/detalle/diseño1.jpg', '/cliente1/diseñoEditable/diseño1.jpg', '/cliente1/diseño/diseño1.jpg', 0 ); UPDATE historico_estados_diseño SET borrado=1 WHERE cod_diseño=3  ; 
Save/Update: select * from Diseño WHERE  Diseño.cod_diseño=3  ; select * from historico_estados_diseño WHERE borrado = 0
Save/Update: DELETE Diseño WHERE cod_diseño=3</StdOut>
      </Output>
    </UnitTestResult>
    <UnitTestResult executionId="7175e56f-d4ab-44dd-8802-ebb52ed39ccf" testId="a17744d1-ab11-f591-d328-1ad420c98fbd" testName="borrarNewsletterTest" computerName="DIEGO-PC" duration="00:00:00.0053295" startTime="2012-11-26T18:29:41.5353470-03:00" endTime="2012-11-26T18:29:41.5523480-03:00" testType="13cdc9d9-ddb5-4fa4-a97d-d965ccfc6d4b" outcome="Passed" testListId="8c84fa94-04c1-424b-9868-57a2d4851a1d" relativeResultsDirectory="7175e56f-d4ab-44dd-8802-ebb52ed39ccf">
      <Output>
        <StdOut>Save/Update: SELECT  ISNULL(MAX(id + 1),1) from newsletter
Save/Update: INSERT INTO newsletter (id, newsletter, nombre, enviado) VALUES (3 , 'html', 'news3', 0 ); 
Save/Update: select * from newsletter WHERE  newsletter.id=3  
Save/Update: DELETE newsletter WHERE id=3  
Save/Update: select * from newsletter WHERE  newsletter.id=3</StdOut>
      </Output>
    </UnitTestResult>
    <UnitTestResult executionId="4b7dd39d-bc62-47fe-94f9-679853825aeb" testId="a238bb59-cc6f-a250-c2de-3c102510d342" testName="borrarHistoricoEstadosTest" computerName="DIEGO-PC" duration="00:00:00.0060577" startTime="2012-11-26T18:29:41.5583483-03:00" endTime="2012-11-26T18:29:41.5753493-03:00" testType="13cdc9d9-ddb5-4fa4-a97d-d965ccfc6d4b" outcome="Passed" testListId="8c84fa94-04c1-424b-9868-57a2d4851a1d" relativeResultsDirectory="4b7dd39d-bc62-47fe-94f9-679853825aeb">
      <Output>
        <StdOut>Save/Update: SELECT  ISNULL(MAX(nro_estado + 1),1) from historico_estados_produccion WHERE cod_produccion=2
Save/Update: INSERT INTO historico_estados_produccion (nro_estado, comentario, cod_produccion, fechaDesde, fechaHasta, estado, borrado) VALUES (3 , 'comentario32', 2 ,  CAST('26/11/2012 18:29:41.566'  AS DateTime),  CAST('26/11/2012 18:29:41.566'  AS DateTime), 3 , 0 ); 
Save/Update: select * from historico_estados_produccion WHERE  historico_estados_produccion.nro_estado=3  AND  historico_estados_produccion.cod_produccion=2  
Save/Update: DELETE historico_estados_produccion WHERE nro_estado=3  AND cod_produccion=2  
Save/Update: select * from historico_estados_produccion WHERE  historico_estados_produccion.nro_estado=3  AND  historico_estados_produccion.cod_produccion=2</StdOut>
      </Output>
    </UnitTestResult>
    <UnitTestResult executionId="e510530a-609c-4fcf-b1da-7cda456ac40a" testId="a27af6eb-87dc-b90f-c4ca-d8cb1c7c2454" testName="calcularTimepoTrabajoTest2" computerName="DIEGO-PC" duration="00:00:00.0032308" startTime="2012-11-26T18:29:41.5803496-03:00" endTime="2012-11-26T18:29:41.5943504-03:00" testType="13cdc9d9-ddb5-4fa4-a97d-d965ccfc6d4b" outcome="Passed" testListId="8c84fa94-04c1-424b-9868-57a2d4851a1d" relativeResultsDirectory="e510530a-609c-4fcf-b1da-7cda456ac40a">
      <Output>
        <StdOut>Save/Update: DELETE produccion_operador WHERE id_operador=2  AND cod_prodcuccion=7  
Save/Update: DELETE historico_estados_produccion WHERE nro_estado=1  AND cod_produccion=7  
Save/Update: DELETE historico_estados_produccion WHERE nro_estado=2  AND cod_produccion=7  
Save/Update: DELETE produccion WHERE cod_produccion=7</StdOut>
      </Output>
    </UnitTestResult>
    <UnitTestResult executionId="8c7553d1-748f-48bc-b4be-076229b51b03" testId="a38bcda1-5217-b092-6b98-6582813fb5d1" testName="cargarUsuarioConRestriccionesTest" computerName="DIEGO-PC" duration="00:00:00.0090133" startTime="2012-11-26T18:29:41.6023508-03:00" endTime="2012-11-26T18:29:41.6193518-03:00" testType="13cdc9d9-ddb5-4fa4-a97d-d965ccfc6d4b" outcome="Passed" testListId="8c84fa94-04c1-424b-9868-57a2d4851a1d" relativeResultsDirectory="8c7553d1-748f-48bc-b4be-076229b51b03">
      <Output>
        <StdOut>Save/Update: select * from Usuario WHERE  Usuario.nombre LIKE '%bre1%'AND  Usuario.apellido LIKE '%ap%'AND  Usuario.mail LIKE '%@test%'AND  Usuario.telefonoFijo LIKE '%1-1%'AND  Usuario.telefonoMovil LIKE '%1-1%'; select * from JoinUsuarioToFamilia; select * from JoinPatenteToUsuario
Save/Update: DELETE JoinUsuarioToFamilia where usuarioID=6  ; DELETE JoinPatenteToUsuario where usuarioID=6  ; ;DELETE Usuario WHERE usuarioID=6  
Save/Update: UPDATE Usuario SET nombre='nombre5', apellido='apellido5', mail='mail5@test.com', password='pas5', telefonoFijo='5555-5555', telefonoMovil='5555-5555', bloqueado=0  WHERE usuarioID=5  ; DELETE JoinUsuarioToFamilia where usuarioID=5  ; DELETE JoinPatenteToUsuario where usuarioID=5  ;</StdOut>
      </Output>
    </UnitTestResult>
    <UnitTestResult executionId="ddf3eac3-a675-4781-a117-ccf6caf5a875" testId="a39c2fdb-3d54-d4f0-be49-3f4e350da31e" testName="listarProduccionPorMaquinaTest" computerName="DIEGO-PC" duration="00:00:00.0220763" startTime="2012-11-26T18:29:41.6253521-03:00" endTime="2012-11-26T18:29:41.6553538-03:00" testType="13cdc9d9-ddb5-4fa4-a97d-d965ccfc6d4b" outcome="Passed" testListId="8c84fa94-04c1-424b-9868-57a2d4851a1d" relativeResultsDirectory="ddf3eac3-a675-4781-a117-ccf6caf5a875">
      <Output>
        <StdOut>Save/Update: select * from produccion WHERE  produccion.cod_maquina=1  ; select * from historico_estados_produccion WHERE borrado = 0
Save/Update: select * from Pedido WHERE  Pedido.cod_pedido=1  ; select * from produccion WHERE borrado = 0; select * from historico_estados_pedido WHERE borrado = 0
Save/Update: select * from Maquina WHERE  Maquina.cod_maquina=1  ; select * from JoinMaquinaToTipoPrenda
Save/Update: select * from Articulos WHERE  Articulos.cod_articulo=1  ; select * from lista_precios WHERE borrado = 0
Save/Update: select * from EstadoTrabajos WHERE  EstadoTrabajos.cod_estado=3  
Save/Update: select * from historico_estados_produccion WHERE  historico_estados_produccion.cod_produccion=1  
Save/Update: select * from produccion_operador WHERE  produccion_operador.cod_prodcuccion=1  
Save/Update: select * from Pedido WHERE  Pedido.cod_pedido=1  ; select * from produccion WHERE borrado = 0; select * from historico_estados_pedido WHERE borrado = 0
Save/Update: select * from Maquina WHERE  Maquina.cod_maquina=1  ; select * from JoinMaquinaToTipoPrenda
Save/Update: select * from Articulos WHERE  Articulos.cod_articulo=2  ; select * from lista_precios WHERE borrado = 0
Save/Update: select * from EstadoTrabajos WHERE  EstadoTrabajos.cod_estado=2  
Save/Update: select * from historico_estados_produccion WHERE  historico_estados_produccion.cod_produccion=2  
Save/Update: select * from produccion_operador WHERE  produccion_operador.cod_prodcuccion=2  
Save/Update: select * from Pedido WHERE  Pedido.cod_pedido=2  ; select * from produccion WHERE borrado = 0; select * from historico_estados_pedido WHERE borrado = 0
Save/Update: select * from Maquina WHERE  Maquina.cod_maquina=1  ; select * from JoinMaquinaToTipoPrenda
Save/Update: select * from Articulos WHERE  Articulos.cod_articulo=6  ; select * from lista_precios WHERE borrado = 0
Save/Update: select * from EstadoTrabajos WHERE  EstadoTrabajos.cod_estado=0  
Save/Update: select * from historico_estados_produccion WHERE  historico_estados_produccion.cod_produccion=5  
Save/Update: select * from produccion_operador WHERE  produccion_operador.cod_prodcuccion=5  
Save/Update: DELETE produccion_operador WHERE id_operador=2  AND cod_prodcuccion=7  
Save/Update: DELETE historico_estados_produccion WHERE nro_estado=1  AND cod_produccion=7  
Save/Update: DELETE historico_estados_produccion WHERE nro_estado=2  AND cod_produccion=7  
Save/Update: DELETE produccion WHERE cod_produccion=7</StdOut>
      </Output>
    </UnitTestResult>
    <UnitTestResult executionId="defd5043-4817-46db-9f03-32d201640c1f" testId="a472a839-6eaa-12b1-21fb-e977ec47cce0" testName="borrarPrendaTest" computerName="DIEGO-PC" duration="00:00:00.0054183" startTime="2012-11-26T18:29:41.6593541-03:00" endTime="2012-11-26T18:29:41.6723548-03:00" testType="13cdc9d9-ddb5-4fa4-a97d-d965ccfc6d4b" outcome="Passed" testListId="8c84fa94-04c1-424b-9868-57a2d4851a1d" relativeResultsDirectory="defd5043-4817-46db-9f03-32d201640c1f">
      <Output>
        <StdOut>Save/Update: INSERT INTO TipoPrenda (tipo_prenda, descripcion) VALUES (5 , 'gorro'); 
Save/Update: select * from TipoPrenda WHERE  TipoPrenda.tipo_prenda=5  
Save/Update: DELETE TipoPrenda WHERE tipo_prenda=5  
Save/Update: select * from TipoPrenda WHERE  TipoPrenda.tipo_prenda=5</StdOut>
      </Output>
    </UnitTestResult>
    <UnitTestResult executionId="545d3a77-a21b-4863-abec-6720803d941c" testId="a4e8ed3d-c4ae-1ca8-df36-ee362c8b196a" testName="cargarClienteTest" computerName="DIEGO-PC" duration="00:00:00.0061886" startTime="2012-11-26T18:29:41.6753550-03:00" endTime="2012-11-26T18:29:41.6923560-03:00" testType="13cdc9d9-ddb5-4fa4-a97d-d965ccfc6d4b" outcome="Passed" testListId="8c84fa94-04c1-424b-9868-57a2d4851a1d" relativeResultsDirectory="545d3a77-a21b-4863-abec-6720803d941c">
      <Output>
        <StdOut>Save/Update: select * from Cliente WHERE  Cliente.id_cliente=1  ; select * from cliente_movimientos; select * from Pedido WHERE borrado = 0; select * from Factura WHERE borrado = 0; select * from Diseño WHERE borrado = 0</StdOut>
      </Output>
    </UnitTestResult>
    <UnitTestResult executionId="94949b5a-dc57-4fe4-a553-c759c4e4b018" testId="a517dabf-4b66-5f3c-ac24-0d2164897c8e" testName="listarPedidosTest" computerName="DIEGO-PC" duration="00:00:00.0239712" startTime="2012-11-26T18:29:41.6963562-03:00" endTime="2012-11-26T18:29:41.7303581-03:00" testType="13cdc9d9-ddb5-4fa4-a97d-d965ccfc6d4b" outcome="Passed" testListId="8c84fa94-04c1-424b-9868-57a2d4851a1d" relativeResultsDirectory="94949b5a-dc57-4fe4-a553-c759c4e4b018">
      <Output>
        <StdOut>Save/Update: select * from Pedido; select * from produccion WHERE borrado = 0; select * from historico_estados_pedido WHERE borrado = 0
Save/Update: select * from historico_estados_pedido WHERE  historico_estados_pedido.cod_pedido=1  
Save/Update: select * from tipoPedido WHERE  tipoPedido.tipo_pedido=1  
Save/Update: select * from produccion WHERE  produccion.cod_pedido=1  ; select * from historico_estados_produccion WHERE borrado = 0
Save/Update: select * from Cliente WHERE  Cliente.id_cliente=1  ; select * from cliente_movimientos; select * from Pedido WHERE borrado = 0; select * from Factura WHERE borrado = 0; select * from Diseño WHERE borrado = 0
Save/Update: select * from EstadoPedido WHERE  EstadoPedido.estado_pedido=3  
Save/Update: select * from historico_estados_pedido WHERE  historico_estados_pedido.cod_pedido=2  
Save/Update: select * from tipoPedido WHERE  tipoPedido.tipo_pedido=2  
Save/Update: select * from produccion WHERE  produccion.cod_pedido=2  ; select * from historico_estados_produccion WHERE borrado = 0
Save/Update: select * from Cliente WHERE  Cliente.id_cliente=2  ; select * from cliente_movimientos; select * from Pedido WHERE borrado = 0; select * from Factura WHERE borrado = 0; select * from Diseño WHERE borrado = 0
Save/Update: select * from EstadoPedido WHERE  EstadoPedido.estado_pedido=3  
Save/Update: select * from historico_estados_pedido WHERE  historico_estados_pedido.cod_pedido=3  
Save/Update: select * from tipoPedido WHERE  tipoPedido.tipo_pedido=2  
Save/Update: select * from produccion WHERE  produccion.cod_pedido=3  ; select * from historico_estados_produccion WHERE borrado = 0
Save/Update: select * from Cliente WHERE  Cliente.id_cliente=1  ; select * from cliente_movimientos; select * from Pedido WHERE borrado = 0; select * from Factura WHERE borrado = 0; select * from Diseño WHERE borrado = 0
Save/Update: select * from EstadoPedido WHERE  EstadoPedido.estado_pedido=0  
Save/Update: select * from historico_estados_pedido WHERE  historico_estados_pedido.cod_pedido=4  
Save/Update: select * from tipoPedido WHERE  tipoPedido.tipo_pedido=1  
Save/Update: select * from produccion WHERE  produccion.cod_pedido=4  ; select * from historico_estados_produccion WHERE borrado = 0
Save/Update: select * from Cliente WHERE  Cliente.id_cliente=1  ; select * from cliente_movimientos; select * from Pedido WHERE borrado = 0; select * from Factura WHERE borrado = 0; select * from Diseño WHERE borrado = 0
Save/Update: select * from EstadoPedido WHERE  EstadoPedido.estado_pedido=0  
Save/Update: DELETE historico_estados_pedido WHERE nro_estado=1  AND cod_pedido=5  
Save/Update: DELETE historico_estados_pedido WHERE nro_estado=2  AND cod_pedido=5  
Save/Update: DELETE produccion WHERE cod_produccion=7  
Save/Update: DELETE Pedido WHERE cod_pedido=5</StdOut>
      </Output>
    </UnitTestResult>
    <UnitTestResult executionId="39bd9557-9559-4dae-9b20-586e67313782" testId="a5adf3df-a9f8-2832-66ba-f690ea4581d6" testName="buscarTipoCuentaPorIdTest" computerName="DIEGO-PC" duration="00:00:00.0025316" startTime="2012-11-26T18:29:41.7333583-03:00" endTime="2012-11-26T18:29:41.7463591-03:00" testType="13cdc9d9-ddb5-4fa4-a97d-d965ccfc6d4b" outcome="Passed" testListId="8c84fa94-04c1-424b-9868-57a2d4851a1d" relativeResultsDirectory="39bd9557-9559-4dae-9b20-586e67313782">
      <Output>
        <StdOut>Save/Update: select * from Cuenta WHERE  Cuenta.cuentaID=1</StdOut>
      </Output>
    </UnitTestResult>
    <UnitTestResult executionId="931f68bb-293b-4e04-9a35-e697ed2bba7d" testId="a5c2a138-5bc5-66da-7c2e-bc96b13a556b" testName="bloquearUsuarioTest" computerName="DIEGO-PC" duration="00:00:00.0333966" startTime="2012-11-26T18:29:41.7513593-03:00" endTime="2012-11-26T18:29:41.7943618-03:00" testType="13cdc9d9-ddb5-4fa4-a97d-d965ccfc6d4b" outcome="Passed" testListId="8c84fa94-04c1-424b-9868-57a2d4851a1d" relativeResultsDirectory="931f68bb-293b-4e04-9a35-e697ed2bba7d">
      <Output>
        <StdOut>Save/Update: select * from Usuario WHERE  Usuario.usuarioID=1  ; select * from JoinUsuarioToFamilia; select * from JoinPatenteToUsuario
Save/Update: select * from Familia JOIN JoinUsuarioToFamilia AS usuarios ON Familia.familiaID=usuarios.familiaID WHERE usuarios.usuarioID=1  ; select * from JoinFamiliaToPatente
Save/Update: select * from Patente JOIN JoinPatenteToUsuario AS usuario ON Patente.patenteId=usuario.patenteId WHERE usuario.usuarioID=1  
Save/Update: select * from Cliente WHERE  Cliente.usuarioID=1  ; select * from cliente_movimientos; select * from Pedido WHERE borrado = 0; select * from Factura WHERE borrado = 0; select * from Diseño WHERE borrado = 0
Save/Update: UPDATE Usuario SET nombre='nombre1', apellido='apellido1', mail='mail1@test.com', password='44', telefonoFijo='1111-1111', telefonoMovil='1111-1111', bloqueado=1  WHERE usuarioID=1  ; DELETE JoinUsuarioToFamilia where usuarioID=1  ; DELETE JoinPatenteToUsuario where usuarioID=1  ;  INSERT INTO JoinPatenteToUsuario ( usuarioID, patenteId) VALUES ( 1 , 1 ); 
Save/Update: select * from Usuario WHERE  Usuario.usuarioID=1  ; select * from JoinUsuarioToFamilia; select * from JoinPatenteToUsuario
Save/Update: select * from Familia JOIN JoinUsuarioToFamilia AS usuarios ON Familia.familiaID=usuarios.familiaID WHERE usuarios.usuarioID=1  ; select * from JoinFamiliaToPatente
Save/Update: select * from Patente JOIN JoinPatenteToUsuario AS usuario ON Patente.patenteId=usuario.patenteId WHERE usuario.usuarioID=1  
Save/Update: select * from Cliente WHERE  Cliente.usuarioID=1  ; select * from cliente_movimientos; select * from Pedido WHERE borrado = 0; select * from Factura WHERE borrado = 0; select * from Diseño WHERE borrado = 0
Save/Update: UPDATE Usuario SET nombre='nombre1', apellido='apellido1', mail='mail1@test.com', password='44', telefonoFijo='1111-1111', telefonoMovil='1111-1111', bloqueado=1  WHERE usuarioID=1  ; DELETE JoinUsuarioToFamilia where usuarioID=1  ; DELETE JoinPatenteToUsuario where usuarioID=1  ;  INSERT INTO JoinPatenteToUsuario ( usuarioID, patenteId) VALUES ( 1 , 1 ); 
Save/Update: UPDATE Usuario SET nombre='nombre1', apellido='apellido1', mail='mail1@test.com', password='11C8', telefonoFijo='1111-1111', telefonoMovil='1111-1111', bloqueado=0  WHERE usuarioID=1  ; DELETE JoinUsuarioToFamilia where usuarioID=1  ; DELETE JoinPatenteToUsuario where usuarioID=1  ; 
Save/Update: UPDATE Cliente SET habitadoTurnos=1 , newsletter=0  WHERE id_cliente=1  ; UPDATE Pedido SET borrado=1 WHERE id_cliente=1  ; UPDATE Factura SET borrado=1 WHERE id_cliente=1  ; UPDATE Diseño SET borrado=1 WHERE id_cliente=1  ; 
Save/Update:  UPDATE factura set borrado = 0 
Save/Update:  UPDATE diseño set borrado = 0 
Save/Update:  UPDATE pedido set borrado = 0 
Save/Update:  Insert into JoinPatenteToUsuario values (1,1)</StdOut>
      </Output>
    </UnitTestResult>
    <UnitTestResult executionId="2e1ad6e7-a874-4f3e-82a5-71cc0b60f0ce" testId="a5daaf00-a7ab-4dce-b449-0d5879de0266" testName="cargarTest" computerName="DIEGO-PC" duration="00:00:00.0042811" startTime="2012-11-26T18:29:41.7983620-03:00" endTime="2012-11-26T18:29:41.8133629-03:00" testType="13cdc9d9-ddb5-4fa4-a97d-d965ccfc6d4b" outcome="Passed" testListId="8c84fa94-04c1-424b-9868-57a2d4851a1d" relativeResultsDirectory="2e1ad6e7-a874-4f3e-82a5-71cc0b60f0ce">
      <Output>
        <StdOut>Save/Update: select * from Mensaje</StdOut>
      </Output>
    </UnitTestResult>
    <UnitTestResult executionId="c159a0af-145c-4376-a603-ac9674862ac6" testId="a6894dd2-dcf0-7e92-7a7b-7a5aa8466339" testName="cargarFamiliaPorIdTest" computerName="DIEGO-PC" duration="00:00:00.0037344" startTime="2012-11-26T18:29:41.8163631-03:00" endTime="2012-11-26T18:29:41.8283637-03:00" testType="13cdc9d9-ddb5-4fa4-a97d-d965ccfc6d4b" outcome="Passed" testListId="8c84fa94-04c1-424b-9868-57a2d4851a1d" relativeResultsDirectory="c159a0af-145c-4376-a603-ac9674862ac6">
      <Output>
        <StdOut>Save/Update: select * from Familia WHERE  Familia.familiaID=6  ; select * from JoinFamiliaToPatente
Save/Update: select * from Patente JOIN JoinFamiliaToPatente AS familia ON Patente.patenteId=familia.patenteId WHERE familia.familiaID=6</StdOut>
      </Output>
    </UnitTestResult>
    <UnitTestResult executionId="9ba67e97-0b21-4ed5-8e63-94c58884833a" testId="a6fd86e1-4eca-846a-5e19-70da718a6391" testName="buscarNewsletterPorNombreTest" computerName="DIEGO-PC" duration="00:00:00.0029971" startTime="2012-11-26T18:29:41.8333640-03:00" endTime="2012-11-26T18:29:41.8443647-03:00" testType="13cdc9d9-ddb5-4fa4-a97d-d965ccfc6d4b" outcome="Passed" testListId="8c84fa94-04c1-424b-9868-57a2d4851a1d" relativeResultsDirectory="9ba67e97-0b21-4ed5-8e63-94c58884833a">
      <Output>
        <StdOut>Save/Update: select * from newsletter WHERE  newsletter.nombre='news1'</StdOut>
      </Output>
    </UnitTestResult>
    <UnitTestResult executionId="c2dc05fd-7ef0-430c-8ffd-764b023336db" testId="a77c41d3-5bba-1c1e-e81f-7a02217342bf" testName="buscarPrimerosHuecosMaquinaTest4" computerName="DIEGO-PC" duration="00:00:00.0181656" startTime="2012-11-26T18:29:41.8463648-03:00" endTime="2012-11-26T18:29:41.8733663-03:00" testType="13cdc9d9-ddb5-4fa4-a97d-d965ccfc6d4b" outcome="Passed" testListId="8c84fa94-04c1-424b-9868-57a2d4851a1d" relativeResultsDirectory="c2dc05fd-7ef0-430c-8ffd-764b023336db">
      <Output>
        <StdOut>Save/Update: select * from produccion WHERE  produccion.cod_maquina=3  AND  produccion.fechaFinal&gt;= CAST('09/10/2012 11:00:00.000'  AS DateTime) ; select * from historico_estados_produccion WHERE borrado = 0
Save/Update: select * from Pedido WHERE  Pedido.cod_pedido=2  ; select * from produccion WHERE borrado = 0; select * from historico_estados_pedido WHERE borrado = 0
Save/Update: select * from Maquina WHERE  Maquina.cod_maquina=3  ; select * from JoinMaquinaToTipoPrenda
Save/Update: select * from Articulos WHERE  Articulos.cod_articulo=5  ; select * from lista_precios WHERE borrado = 0
Save/Update: select * from EstadoTrabajos WHERE  EstadoTrabajos.cod_estado=0  
Save/Update: select * from historico_estados_produccion WHERE  historico_estados_produccion.cod_produccion=4  
Save/Update: select * from produccion_operador WHERE  produccion_operador.cod_prodcuccion=4  
Save/Update: select * from Pedido WHERE  Pedido.cod_pedido=3  ; select * from produccion WHERE borrado = 0; select * from historico_estados_pedido WHERE borrado = 0
Save/Update: select * from Maquina WHERE  Maquina.cod_maquina=3  ; select * from JoinMaquinaToTipoPrenda
Save/Update: select * from Articulos WHERE  Articulos.cod_articulo=2  ; select * from lista_precios WHERE borrado = 0
Save/Update: select * from EstadoTrabajos WHERE  EstadoTrabajos.cod_estado=0  
Save/Update: select * from historico_estados_produccion WHERE  historico_estados_produccion.cod_produccion=6  
Save/Update: select * from produccion_operador WHERE  produccion_operador.cod_prodcuccion=6  
Save/Update: select * from produccion WHERE  produccion.cod_maquina=3  AND  produccion.fechaInicio&gt;= CAST('12/10/2012 13:00:00.000'  AS DateTime) ; select * from historico_estados_produccion WHERE borrado = 0
Save/Update: select * from Pedido WHERE  Pedido.cod_pedido=3  ; select * from produccion WHERE borrado = 0; select * from historico_estados_pedido WHERE borrado = 0
Save/Update: select * from Maquina WHERE  Maquina.cod_maquina=3  ; select * from JoinMaquinaToTipoPrenda
Save/Update: select * from Articulos WHERE  Articulos.cod_articulo=2  ; select * from lista_precios WHERE borrado = 0
Save/Update: select * from EstadoTrabajos WHERE  EstadoTrabajos.cod_estado=0  
Save/Update: select * from historico_estados_produccion WHERE  historico_estados_produccion.cod_produccion=6  
Save/Update: select * from produccion_operador WHERE  produccion_operador.cod_prodcuccion=6  
Save/Update: select * from produccion WHERE  produccion.cod_maquina=3  AND  produccion.fechaInicio&gt;= CAST('15/10/2012 18:00:00.000'  AS DateTime) ; select * from historico_estados_produccion WHERE borrado = 0
Save/Update: DELETE produccion_operador WHERE id_operador=2  AND cod_prodcuccion=7  
Save/Update: DELETE historico_estados_produccion WHERE nro_estado=1  AND cod_produccion=7  
Save/Update: DELETE historico_estados_produccion WHERE nro_estado=2  AND cod_produccion=7  
Save/Update: DELETE produccion WHERE cod_produccion=7</StdOut>
      </Output>
    </UnitTestResult>
    <UnitTestResult executionId="d710c0dc-e8cc-4e77-aa02-c04b4b3fb0c7" testId="a80088bc-1bb3-9447-8317-64a7363d3cfe" testName="actualizarPedidoTest" computerName="DIEGO-PC" duration="00:00:06.7771601" startTime="2012-11-26T18:29:41.8783666-03:00" endTime="2012-11-26T18:29:48.6657548-03:00" testType="13cdc9d9-ddb5-4fa4-a97d-d965ccfc6d4b" outcome="Passed" testListId="8c84fa94-04c1-424b-9868-57a2d4851a1d" relativeResultsDirectory="d710c0dc-e8cc-4e77-aa02-c04b4b3fb0c7">
      <Output>
        <StdOut>Save/Update: SELECT  ISNULL(MAX(cod_pedido + 1),1) from Pedido
Save/Update: INSERT INTO Pedido (cod_pedido, comentario, id_cliente, tipo_pedido, estadoActual, fechaInicio, fechaFinal, borrado) VALUES (5 , 'comentario test', 2 , 2 , 2 ,  CAST('26/11/2012 18:29:41.884'  AS DateTime),  NULL , 0 ); UPDATE produccion SET borrado=1 WHERE cod_pedido=5  ; UPDATE historico_estados_pedido SET borrado=1 WHERE cod_pedido=5  ; 
Save/Update: SELECT  ISNULL(MAX(cod_produccion + 1),1) from produccion
Save/Update: INSERT INTO produccion (cod_produccion, comentario, cod_pedido, cod_maquina, cod_articulo, cantidad, estadoActual, utilizacion, fechaInicio, fechaFinal, borrado) VALUES (7 , 'com1', 5 , 2 , 1 , 10 , 1 , 1,  CAST('26/11/2012 18:29:41.884'  AS DateTime),  NULL , 0 ); UPDATE historico_estados_produccion SET borrado=1 WHERE cod_produccion=7  ; 
Save/Update: UPDATE Pedido SET comentario='comentario test', id_cliente=2 , tipo_pedido=2 , estadoActual=2 , fechaInicio= CAST('26/11/2012 18:29:41.884'  AS DateTime), fechaFinal= NULL , borrado=0  WHERE cod_pedido=5  ; UPDATE produccion SET borrado=1 WHERE cod_pedido=5  ; UPDATE historico_estados_pedido SET borrado=1 WHERE cod_pedido=5  ; 
Save/Update: SELECT  ISNULL(MAX(nro_estado + 1),1) from historico_estados_pedido WHERE cod_pedido=5
Save/Update: INSERT INTO historico_estados_pedido (nro_estado, comentario, cod_pedido, fechaDesde, fechaHasta, estado, borrado) VALUES (1 , '', 5 ,  CAST('26/11/2012 18:29:41.889'  AS DateTime),  NULL , 2 , 0 ); 
Save/Update: UPDATE produccion SET comentario='com1', cod_pedido=5 , cod_maquina=2 , cod_articulo=1 , cantidad=10 , estadoActual=1 , utilizacion=1, fechaInicio= CAST('26/11/2012 18:29:41.884'  AS DateTime), fechaFinal= NULL , borrado=0  WHERE cod_produccion=7  ; UPDATE historico_estados_produccion SET borrado=1 WHERE cod_produccion=7  ; 
Save/Update: select * from Pedido WHERE  Pedido.cod_pedido=5  ; select * from produccion WHERE borrado = 0; select * from historico_estados_pedido WHERE borrado = 0
Save/Update: select * from historico_estados_pedido WHERE  historico_estados_pedido.cod_pedido=5  
Save/Update: select * from tipoPedido WHERE  tipoPedido.tipo_pedido=2  
Save/Update: select * from produccion WHERE  produccion.cod_pedido=5  ; select * from historico_estados_produccion WHERE borrado = 0
Save/Update: select * from Cliente WHERE  Cliente.id_cliente=2  ; select * from cliente_movimientos; select * from Pedido WHERE borrado = 0; select * from Factura WHERE borrado = 0; select * from Diseño WHERE borrado = 0
Save/Update: select * from EstadoPedido WHERE  EstadoPedido.estado_pedido=2  
Save/Update: select * from Usuario WHERE  Usuario.usuarioID=2  ; select * from JoinUsuarioToFamilia; select * from JoinPatenteToUsuario
Save/Update: select * from Familia JOIN JoinUsuarioToFamilia AS usuarios ON Familia.familiaID=usuarios.familiaID WHERE usuarios.usuarioID=2  ; select * from JoinFamiliaToPatente
Save/Update: select * from Patente JOIN JoinFamiliaToPatente AS familia ON Patente.patenteId=familia.patenteId WHERE familia.familiaID=2  
Save/Update: select * from Patente JOIN JoinPatenteToUsuario AS usuario ON Patente.patenteId=usuario.patenteId WHERE usuario.usuarioID=2  
Save/Update: select * from Cliente WHERE  Cliente.usuarioID=2  ; select * from cliente_movimientos; select * from Pedido WHERE borrado = 0; select * from Factura WHERE borrado = 0; select * from Diseño WHERE borrado = 0
Save/Update: select * from newsletter WHERE  newsletter.id=1  
Save/Update: select * from produccion WHERE  produccion.cod_produccion=7  ; select * from historico_estados_produccion WHERE borrado = 0
Save/Update: select * from Pedido WHERE  Pedido.cod_pedido=5  ; select * from produccion WHERE borrado = 0; select * from historico_estados_pedido WHERE borrado = 0
Save/Update: select * from Maquina WHERE  Maquina.cod_maquina=2  ; select * from JoinMaquinaToTipoPrenda
Save/Update: select * from Articulos WHERE  Articulos.cod_articulo=1  ; select * from lista_precios WHERE borrado = 0
Save/Update: select * from EstadoTrabajos WHERE  EstadoTrabajos.cod_estado=1  
Save/Update: select * from historico_estados_produccion WHERE  historico_estados_produccion.cod_produccion=7  
Save/Update: select * from produccion_operador WHERE  produccion_operador.cod_prodcuccion=7  
Save/Update: select * from newsletter WHERE  newsletter.id=2  
Save/Update: select * from Articulos WHERE  Articulos.cod_articulo=1  ; select * from lista_precios WHERE borrado = 0
Save/Update: select * from lista_precios WHERE  lista_precios.cod_articulo=1  
Save/Update: select * from TipoPrenda WHERE  TipoPrenda.tipo_prenda=1  
Save/Update: select * from Diseño WHERE  Diseño.cod_diseño=1  ; select * from historico_estados_diseño WHERE borrado = 0
Save/Update: select * from Pedido WHERE  Pedido.cod_pedido=5  ; select * from produccion WHERE borrado = 0; select * from historico_estados_pedido WHERE borrado = 0
Save/Update: select * from historico_estados_pedido WHERE  historico_estados_pedido.cod_pedido=5  
Save/Update: select * from tipoPedido WHERE  tipoPedido.tipo_pedido=2  
Save/Update: select * from produccion WHERE  produccion.cod_pedido=5  ; select * from historico_estados_produccion WHERE borrado = 0
Save/Update: select * from Cliente WHERE  Cliente.id_cliente=2  ; select * from cliente_movimientos; select * from Pedido WHERE borrado = 0; select * from Factura WHERE borrado = 0; select * from Diseño WHERE borrado = 0
Save/Update: select * from EstadoPedido WHERE  EstadoPedido.estado_pedido=2  
Save/Update: UPDATE Pedido SET comentario='comentario Modificado', id_cliente=2 , tipo_pedido=2 , estadoActual=3 , fechaInicio= CAST('26/11/2012 18:29:41.883'  AS DateTime), fechaFinal= CAST('10/10/2012 00:00:00.000'  AS DateTime), borrado=0  WHERE cod_pedido=5  ; UPDATE produccion SET borrado=1 WHERE cod_pedido=5  ; UPDATE historico_estados_pedido SET borrado=1 WHERE cod_pedido=5  ; 
Save/Update: UPDATE historico_estados_pedido SET comentario='', fechaDesde= CAST('26/11/2012 18:29:41.890'  AS DateTime), fechaHasta= CAST('10/10/2012 00:00:00.000'  AS DateTime), estado=2 , borrado=0  WHERE nro_estado=1  AND cod_pedido=5  ; 
Save/Update: SELECT  ISNULL(MAX(nro_estado + 1),1) from historico_estados_pedido WHERE cod_pedido=5
Save/Update: INSERT INTO historico_estados_pedido (nro_estado, comentario, cod_pedido, fechaDesde, fechaHasta, estado, borrado) VALUES (2 , 'com', 5 ,  CAST('26/11/2012 18:29:48.640'  AS DateTime),  NULL , 2 , 0 ); 
Save/Update: UPDATE produccion SET comentario='com1', cod_pedido=5 , cod_maquina=2 , cod_articulo=1 , cantidad=10 , estadoActual=1 , utilizacion=1, fechaInicio= CAST('26/11/2012 18:29:41.883'  AS DateTime), fechaFinal= CAST('10/10/2012 00:00:00.000'  AS DateTime), borrado=0  WHERE cod_produccion=7  ; UPDATE historico_estados_produccion SET borrado=1 WHERE cod_produccion=7  ; 
Save/Update: select * from Pedido WHERE  Pedido.cod_pedido=5  ; select * from produccion WHERE borrado = 0; select * from historico_estados_pedido WHERE borrado = 0
Save/Update: select * from historico_estados_pedido WHERE  historico_estados_pedido.cod_pedido=5  
Save/Update: select * from tipoPedido WHERE  tipoPedido.tipo_pedido=2  
Save/Update: select * from produccion WHERE  produccion.cod_pedido=5  ; select * from historico_estados_produccion WHERE borrado = 0
Save/Update: select * from Cliente WHERE  Cliente.id_cliente=2  ; select * from cliente_movimientos; select * from Pedido WHERE borrado = 0; select * from Factura WHERE borrado = 0; select * from Diseño WHERE borrado = 0
Save/Update: select * from EstadoPedido WHERE  EstadoPedido.estado_pedido=3  
Save/Update: DELETE historico_estados_pedido WHERE nro_estado=1  AND cod_pedido=5  
Save/Update: DELETE historico_estados_pedido WHERE nro_estado=2  AND cod_pedido=5  
Save/Update: DELETE produccion WHERE cod_produccion=7  
Save/Update: DELETE Pedido WHERE cod_pedido=5</StdOut>
      </Output>
    </UnitTestResult>
    <UnitTestResult executionId="920d2b13-835f-42f8-8b4c-2c532cd1fe17" testId="a835695f-f8af-58f4-71d0-57d24fa7d90f" testName="buscarOpinionPorCriterioTest" computerName="DIEGO-PC" duration="00:00:00.0072488" startTime="2012-11-26T18:29:48.6697550-03:00" endTime="2012-11-26T18:29:48.6867560-03:00" testType="13cdc9d9-ddb5-4fa4-a97d-d965ccfc6d4b" outcome="Passed" testListId="8c84fa94-04c1-424b-9868-57a2d4851a1d" relativeResultsDirectory="920d2b13-835f-42f8-8b4c-2c532cd1fe17">
      <Output>
        <StdOut>Save/Update: select * from opiniones WHERE  opiniones.id=1  AND  opiniones.nombre='nombre1' AND  opiniones.mail='mail1@test.com' AND  opiniones.opinion='opinion1'</StdOut>
      </Output>
    </UnitTestResult>
    <UnitTestResult executionId="7fafb096-fc9f-43f7-9eb6-1caaad816b79" testId="a85e6fd4-de45-4652-f9ef-c22afc1ca0bf" testName="actualizarTest" computerName="DIEGO-PC" duration="00:00:00.0082212" startTime="2012-11-26T18:29:48.6967566-03:00" endTime="2012-11-26T18:29:48.7147576-03:00" testType="13cdc9d9-ddb5-4fa4-a97d-d965ccfc6d4b" outcome="Passed" testListId="8c84fa94-04c1-424b-9868-57a2d4851a1d" relativeResultsDirectory="7fafb096-fc9f-43f7-9eb6-1caaad816b79">
      <Output>
        <StdOut>Save/Update: UPDATE Proveedor SET nombre='nombre1modificado', telefono='15-1111-1111', direccion='direccion 1 modificado' WHERE id_proveedor=1  ; 
Save/Update: select * from Proveedor WHERE  Proveedor.id_proveedor=1  
Save/Update: select * from OrdenDeCompra WHERE  OrdenDeCompra.id_proveedor=1  ; select * from documento_movimiento; select * from LineaOrdenDeCompra WHERE borrado = 0
Save/Update: delete OrdenDeCompra where nro_doc=5
Save/Update: delete documento where nro_doc=5
Save/Update: DELETE Proveedor WHERE id_proveedor=4  
Save/Update: UPDATE Proveedor SET nombre='nombre1', telefono='1111-1111', direccion='direccion 1' WHERE id_proveedor=1  ;</StdOut>
      </Output>
    </UnitTestResult>
    <UnitTestResult executionId="bb67b692-4c51-4266-8631-091f540dfa6a" testId="a8a939dd-3559-39c4-d3e6-695f82176ab4" testName="modificarHistoricoEstadosTest" computerName="DIEGO-PC" duration="00:00:00.0055070" startTime="2012-11-26T18:29:48.7177578-03:00" endTime="2012-11-26T18:29:48.7337587-03:00" testType="13cdc9d9-ddb5-4fa4-a97d-d965ccfc6d4b" outcome="Passed" testListId="8c84fa94-04c1-424b-9868-57a2d4851a1d" relativeResultsDirectory="bb67b692-4c51-4266-8631-091f540dfa6a">
      <Output>
        <StdOut>Save/Update: select * from historico_estados_pedido WHERE  historico_estados_pedido.nro_estado=1  AND  historico_estados_pedido.cod_pedido=1  
Save/Update: UPDATE historico_estados_pedido SET comentario='comentarioModificado', fechaDesde= CAST('11/09/2012 13:00:00.000'  AS DateTime), fechaHasta= CAST('11/09/2012 14:00:00.000'  AS DateTime), estado=1 , borrado=0  WHERE nro_estado=1  AND cod_pedido=1  ; 
Save/Update: select * from historico_estados_pedido WHERE  historico_estados_pedido.nro_estado=1  AND  historico_estados_pedido.cod_pedido=1  
Save/Update: UPDATE historico_estados_pedido SET comentario='comentario 11', fechaDesde= CAST('11/09/2012 13:00:00.000'  AS DateTime), fechaHasta= CAST('11/09/2012 14:00:00.000'  AS DateTime), estado=1 , borrado=0  WHERE nro_estado=1  AND cod_pedido=1  ;</StdOut>
      </Output>
    </UnitTestResult>
    <UnitTestResult executionId="cfb80c4e-333a-4c89-ad7d-427ebbf50eba" testId="a8b0ac8d-b3ff-6693-a29b-869418f5d04f" testName="cargarMaquinasTest" computerName="DIEGO-PC" duration="00:00:00.0042095" startTime="2012-11-26T18:29:48.7387590-03:00" endTime="2012-11-26T18:29:48.7517597-03:00" testType="13cdc9d9-ddb5-4fa4-a97d-d965ccfc6d4b" outcome="Passed" testListId="8c84fa94-04c1-424b-9868-57a2d4851a1d" relativeResultsDirectory="cfb80c4e-333a-4c89-ad7d-427ebbf50eba">
      <Output>
        <StdOut>Save/Update: select * from Maquina; select * from JoinMaquinaToTipoPrenda
Save/Update: DELETE JoinMaquinaToTipoPrenda where cod_maquina=4  ; ;DELETE Maquina WHERE cod_maquina=4</StdOut>
      </Output>
    </UnitTestResult>
    <UnitTestResult executionId="0e8cf1b8-ea92-4977-a48e-2dee18f56704" testId="a914285b-c2e0-dbc2-f99c-c0b34bf25408" testName="GrabarDiseñoTest" computerName="DIEGO-PC" duration="00:00:00.0395943" startTime="2012-11-26T18:29:48.7547599-03:00" endTime="2012-11-26T18:29:48.8017626-03:00" testType="13cdc9d9-ddb5-4fa4-a97d-d965ccfc6d4b" outcome="Passed" testListId="8c84fa94-04c1-424b-9868-57a2d4851a1d" relativeResultsDirectory="0e8cf1b8-ea92-4977-a48e-2dee18f56704">
      <Output>
        <StdOut>Save/Update: SELECT  ISNULL(MAX(cod_diseño + 1),1) from Diseño
Save/Update: INSERT INTO Diseño (cod_diseño, nombre, puntadas, alto, ancho, id_cliente, estadoActual, pathImagen, pathDetalle, pathArchivoEditable, pathArchivoFinal, borrado) VALUES (3 , 'diseño3', 3333 , 33 , 33 , 1 , 2 , '/cliente1/imagen/diseño1.jpg', '/cliente1/detalle/diseño1.jpg', '/cliente1/diseñoEditable/diseño1.jpg', '/cliente1/diseño/diseño1.jpg', 0 ); UPDATE historico_estados_diseño SET borrado=1 WHERE cod_diseño=3  ; 
Save/Update: INSERT INTO Diseño_insumos (cod_diseño, cod_insumo, cantidad) VALUES (3 , 1 , 3); 
Save/Update: select * from Diseño WHERE  Diseño.cod_diseño=3  ; select * from historico_estados_diseño WHERE borrado = 0
Save/Update: select * from Cliente WHERE  Cliente.id_cliente=1  ; select * from cliente_movimientos; select * from Pedido WHERE borrado = 0; select * from Factura WHERE borrado = 0; select * from Diseño WHERE borrado = 0
Save/Update: select * from Usuario WHERE  Usuario.usuarioID=1  ; select * from JoinUsuarioToFamilia; select * from JoinPatenteToUsuario
Save/Update: select * from Diseño_insumos WHERE  Diseño_insumos.cod_diseño=3  
Save/Update: select * from historico_estados_diseño WHERE  historico_estados_diseño.cod_diseño=3  
Save/Update: select * from EstadoDiseños WHERE  EstadoDiseños.estado=2  
Save/Update: DELETE FROM Diseño_insumos where cod_diseño=3
Save/Update: DELETE FROM historico_estados_diseño where cod_diseño=3
Save/Update: DELETE Diseño WHERE cod_diseño=3</StdOut>
      </Output>
    </UnitTestResult>
    <UnitTestResult executionId="9eaf8d51-d24b-4c93-a786-b1aadbfe2999" testId="aa08efca-9836-e946-b0ea-6d46d0e78977" testName="grabarMovimientoTest" computerName="DIEGO-PC" duration="00:00:00.0102795" startTime="2012-11-26T18:29:48.8087630-03:00" endTime="2012-11-26T18:29:48.8297642-03:00" testType="13cdc9d9-ddb5-4fa4-a97d-d965ccfc6d4b" outcome="Passed" testListId="8c84fa94-04c1-424b-9868-57a2d4851a1d" relativeResultsDirectory="9eaf8d51-d24b-4c93-a786-b1aadbfe2999">
      <Output>
        <StdOut>Save/Update: SELECT  ISNULL(MAX(nro_movimiento + 1),1) from MovimientosCuenta
Save/Update: INSERT INTO MovimientosCuenta (nro_movimiento, comentario, fecha, monto, cuentaID, tipoMovimientoID) VALUES (4 , 'com4',  CAST('26/11/2012 18:29:48.816'  AS DateTime), 33.3, 1 , 2 ); DELETE proveedor_movimientos where nro_movimiento=4  ;  INSERT INTO proveedor_movimientos ( nro_movimiento, id_proveedor) VALUES ( 4 , 3 ); DELETE documento_movimiento where nro_movimiento=4  ; 
Save/Update: select * from MovimientosCuenta JOIN proveedor_movimientos AS proveedor ON MovimientosCuenta.nro_movimiento=proveedor.nro_movimiento WHERE  MovimientosCuenta.nro_movimiento=4  AND proveedor.id_proveedor IS NOT  NULL ; select * from proveedor_movimientos; select * from documento_movimiento
Save/Update: select * from Proveedor WHERE  Proveedor.id_proveedor=3  
Save/Update: select * from OrdenDeCompra WHERE  OrdenDeCompra.id_proveedor=3  ; select * from documento_movimiento; select * from LineaOrdenDeCompra WHERE borrado = 0
Save/Update: select * from tipoMovimiento WHERE  tipoMovimiento.tipoMovimientoID=2  
Save/Update: select * from Cuenta WHERE  Cuenta.cuentaID=1  
Save/Update: DELETE proveedor_movimientos where nro_movimiento=4  ; DELETE documento_movimiento where nro_movimiento=4  ; ;DELETE MovimientosCuenta WHERE nro_movimiento=4</StdOut>
      </Output>
    </UnitTestResult>
    <UnitTestResult executionId="5a6dde51-600f-4b12-8ce2-5b095d66af40" testId="aa3d2f13-ce91-e85a-b860-661244f697ca" testName="listarMovimientosPorProveedorTest" computerName="DIEGO-PC" duration="00:00:00.0140657" startTime="2012-11-26T18:29:48.8347645-03:00" endTime="2012-11-26T18:29:48.8567657-03:00" testType="13cdc9d9-ddb5-4fa4-a97d-d965ccfc6d4b" outcome="Passed" testListId="8c84fa94-04c1-424b-9868-57a2d4851a1d" relativeResultsDirectory="5a6dde51-600f-4b12-8ce2-5b095d66af40">
      <Output>
        <StdOut>Save/Update: select * from MovimientosCuenta JOIN proveedor_movimientos AS proveedor ON MovimientosCuenta.nro_movimiento=proveedor.nro_movimiento WHERE proveedor.id_proveedor IS NOT  NULL ; select * from proveedor_movimientos; select * from documento_movimiento
Save/Update: select * from Proveedor WHERE  Proveedor.id_proveedor=1  
Save/Update: select * from OrdenDeCompra WHERE  OrdenDeCompra.id_proveedor=1  ; select * from documento_movimiento; select * from LineaOrdenDeCompra WHERE borrado = 0
Save/Update: select * from OrdenDeCompra WHERE  OrdenDeCompra.nro_Doc=3  ; select * from documento_movimiento; select * from LineaOrdenDeCompra WHERE borrado = 0
Save/Update: select * from tipoMovimiento WHERE  tipoMovimiento.tipoMovimientoID=1  
Save/Update: select * from Cuenta WHERE  Cuenta.cuentaID=1  
Save/Update: DELETE proveedor_movimientos where nro_movimiento=4  ; DELETE documento_movimiento where nro_movimiento=4  ; ;DELETE MovimientosCuenta WHERE nro_movimiento=4</StdOut>
      </Output>
    </UnitTestResult>
    <UnitTestResult executionId="770c338e-5c06-40db-80e6-f95a7492b549" testId="aa89e54f-b120-5f04-a49b-eb1a63d779df" testName="buscarPedidoPorCodigoTest" computerName="DIEGO-PC" duration="00:00:00.0109045" startTime="2012-11-26T18:29:48.8607660-03:00" endTime="2012-11-26T18:29:48.8807671-03:00" testType="13cdc9d9-ddb5-4fa4-a97d-d965ccfc6d4b" outcome="Passed" testListId="8c84fa94-04c1-424b-9868-57a2d4851a1d" relativeResultsDirectory="770c338e-5c06-40db-80e6-f95a7492b549">
      <Output>
        <StdOut>Save/Update: select * from Pedido WHERE  Pedido.cod_pedido=1  ; select * from produccion WHERE borrado = 0; select * from historico_estados_pedido WHERE borrado = 0
Save/Update: select * from historico_estados_pedido WHERE  historico_estados_pedido.cod_pedido=1  
Save/Update: select * from tipoPedido WHERE  tipoPedido.tipo_pedido=1  
Save/Update: select * from produccion WHERE  produccion.cod_pedido=1  ; select * from historico_estados_produccion WHERE borrado = 0
Save/Update: select * from Cliente WHERE  Cliente.id_cliente=1  ; select * from cliente_movimientos; select * from Pedido WHERE borrado = 0; select * from Factura WHERE borrado = 0; select * from Diseño WHERE borrado = 0
Save/Update: select * from EstadoPedido WHERE  EstadoPedido.estado_pedido=3  
Save/Update: DELETE historico_estados_pedido WHERE nro_estado=1  AND cod_pedido=5  
Save/Update: DELETE historico_estados_pedido WHERE nro_estado=2  AND cod_pedido=5  
Save/Update: DELETE produccion WHERE cod_produccion=7  
Save/Update: DELETE Pedido WHERE cod_pedido=5</StdOut>
      </Output>
    </UnitTestResult>
    <UnitTestResult executionId="ae240734-c9e3-4fd2-a927-8a473ee6cc5b" testId="aad710b2-cbba-4fa8-20b9-0a83a5267460" testName="grabarNewsletterTest" computerName="DIEGO-PC" duration="00:00:00.0050460" startTime="2012-11-26T18:29:48.8827672-03:00" endTime="2012-11-26T18:29:48.8967680-03:00" testType="13cdc9d9-ddb5-4fa4-a97d-d965ccfc6d4b" outcome="Passed" testListId="8c84fa94-04c1-424b-9868-57a2d4851a1d" relativeResultsDirectory="ae240734-c9e3-4fd2-a927-8a473ee6cc5b">
      <Output>
        <StdOut>Save/Update: SELECT  ISNULL(MAX(id + 1),1) from newsletter
Save/Update: INSERT INTO newsletter (id, newsletter, nombre, enviado) VALUES (3 , 'html', 'news3', 0 ); 
Save/Update: select * from newsletter
Save/Update: DELETE newsletter WHERE id=3</StdOut>
      </Output>
    </UnitTestResult>
    <UnitTestResult executionId="6562a3af-2a18-4bc7-bb6a-4c1776b147e7" testId="ab0fe80a-1fd5-fb8a-e7d4-5b5fcdcec2eb" testName="borrarTest" computerName="DIEGO-PC" duration="00:00:00.0198023" startTime="2012-11-26T18:29:48.8997682-03:00" endTime="2012-11-26T18:29:48.9287699-03:00" testType="13cdc9d9-ddb5-4fa4-a97d-d965ccfc6d4b" outcome="Passed" testListId="8c84fa94-04c1-424b-9868-57a2d4851a1d" relativeResultsDirectory="6562a3af-2a18-4bc7-bb6a-4c1776b147e7">
      <Output>
        <StdOut>Save/Update: SELECT  ISNULL(MAX(id_conversacion + 1),1) from Conversacion
Save/Update: INSERT INTO Conversacion (id_conversacion, remitente, destinatario) VALUES (3 , 2 , 3 ); UPDATE mensaje SET borrado=1 WHERE id_conversacion=3  ; 
Save/Update: SELECT  ISNULL(MAX(id + 1),1) from Mensaje
Save/Update: INSERT INTO Mensaje (id, tipoMensaje, fecha, mensaje, leido, borrado, id_conversacion) VALUES (5 , 0 ,  CAST('26/11/2012 18:29:48.907'  AS DateTime), 'test msj grabarMensajeTest', 0 , 0 , 3 ); 
Save/Update: SELECT  ISNULL(MAX(id + 1),1) from Mensaje
Save/Update: INSERT INTO Mensaje (id, tipoMensaje, fecha, mensaje, leido, borrado, id_conversacion) VALUES (6 , 1 ,  CAST('26/11/2012 18:29:48.907'  AS DateTime), 'test msj grabarMensajeTest', 0 , 0 , 3 ); 
Save/Update: select * from Conversacion WHERE  Conversacion.remitente=3  ; select * from mensaje WHERE borrado = 0
Save/Update: select * from Conversacion WHERE  Conversacion.destinatario=3  ; select * from mensaje WHERE borrado = 0
Save/Update: select * from Usuario WHERE  Usuario.usuarioID=2  ; select * from JoinUsuarioToFamilia; select * from JoinPatenteToUsuario
Save/Update: select * from Usuario WHERE  Usuario.usuarioID=3  ; select * from JoinUsuarioToFamilia; select * from JoinPatenteToUsuario
Save/Update: select * from Mensaje WHERE  Mensaje.id_conversacion=3  
Save/Update: DELETE Mensaje WHERE id=5  
Save/Update: DELETE Mensaje WHERE id=6  
Save/Update: DELETE Conversacion WHERE id_conversacion=3  
Save/Update: select * from Conversacion WHERE  Conversacion.remitente=3  ; select * from mensaje WHERE borrado = 0
Save/Update: select * from Conversacion WHERE  Conversacion.destinatario=3  ; select * from mensaje WHERE borrado = 0
Save/Update: select * from Mensaje</StdOut>
      </Output>
    </UnitTestResult>
    <UnitTestResult executionId="71c71df4-3e90-4ffa-804e-83a900b50a92" testId="ab4f6c28-3581-ba0b-4648-93d882bc1ba4" testName="borrarDiseñosTest" computerName="DIEGO-PC" duration="00:00:00.0080577" startTime="2012-11-26T18:29:48.9317700-03:00" endTime="2012-11-26T18:29:48.9507711-03:00" testType="13cdc9d9-ddb5-4fa4-a97d-d965ccfc6d4b" outcome="Passed" testListId="8c84fa94-04c1-424b-9868-57a2d4851a1d" relativeResultsDirectory="71c71df4-3e90-4ffa-804e-83a900b50a92">
      <Output>
        <StdOut>Save/Update: SELECT  ISNULL(MAX(cod_diseño + 1),1) from Diseño
Save/Update: INSERT INTO Diseño (cod_diseño, nombre, puntadas, alto, ancho, id_cliente, estadoActual, pathImagen, pathDetalle, pathArchivoEditable, pathArchivoFinal, borrado) VALUES (3 , 'diseño3', 3333 , 33 , 33 , 1 , 1 , '/cliente1/imagen/diseño1.jpg', '/cliente1/detalle/diseño1.jpg', '/cliente1/diseñoEditable/diseño1.jpg', '/cliente1/diseño/diseño1.jpg', 0 ); UPDATE historico_estados_diseño SET borrado=1 WHERE cod_diseño=3  ; 
Save/Update: select * from Diseño WHERE  Diseño.id_cliente=1  ; select * from historico_estados_diseño WHERE borrado = 0
Save/Update: DELETE Diseño WHERE cod_diseño=3  
Save/Update: select * from Diseño WHERE  Diseño.id_cliente=1  ; select * from historico_estados_diseño WHERE borrado = 0</StdOut>
      </Output>
    </UnitTestResult>
    <UnitTestResult executionId="97115276-59a8-4565-b779-b6ae9a30d863" testId="ac4b28af-d8f4-b156-672f-168bba2db6f5" testName="grabarTest" computerName="DIEGO-PC" duration="00:00:00.0200107" startTime="2012-11-26T18:29:48.9547713-03:00" endTime="2012-11-26T18:29:48.9877732-03:00" testType="13cdc9d9-ddb5-4fa4-a97d-d965ccfc6d4b" outcome="Passed" testListId="8c84fa94-04c1-424b-9868-57a2d4851a1d" relativeResultsDirectory="97115276-59a8-4565-b779-b6ae9a30d863">
      <Output>
        <StdOut>Save/Update: SELECT  ISNULL(MAX(id_conversacion + 1),1) from Conversacion
Save/Update: INSERT INTO Conversacion (id_conversacion, remitente, destinatario) VALUES (3 , 2 , 3 ); UPDATE mensaje SET borrado=1 WHERE id_conversacion=3  ; 
Save/Update: SELECT  ISNULL(MAX(id + 1),1) from Mensaje
Save/Update: INSERT INTO Mensaje (id, tipoMensaje, fecha, mensaje, leido, borrado, id_conversacion) VALUES (5 , 0 ,  CAST('26/11/2012 18:29:48.965'  AS DateTime), 'test msj grabarMensajeTest', 0 , 0 , 3 ); 
Save/Update: SELECT  ISNULL(MAX(id + 1),1) from Mensaje
Save/Update: INSERT INTO Mensaje (id, tipoMensaje, fecha, mensaje, leido, borrado, id_conversacion) VALUES (6 , 1 ,  CAST('26/11/2012 18:29:48.965'  AS DateTime), 'test msj grabarMensajeTest', 0 , 0 , 3 ); 
Save/Update: select * from Conversacion WHERE  Conversacion.remitente=3  ; select * from mensaje WHERE borrado = 0
Save/Update: select * from Conversacion WHERE  Conversacion.destinatario=3  ; select * from mensaje WHERE borrado = 0
Save/Update: select * from Usuario WHERE  Usuario.usuarioID=2  ; select * from JoinUsuarioToFamilia; select * from JoinPatenteToUsuario
Save/Update: select * from Usuario WHERE  Usuario.usuarioID=3  ; select * from JoinUsuarioToFamilia; select * from JoinPatenteToUsuario
Save/Update: select * from Mensaje WHERE  Mensaje.id_conversacion=3  
Save/Update: DELETE Mensaje WHERE id=5  
Save/Update: DELETE Mensaje WHERE id=6  
Save/Update: DELETE Conversacion WHERE id_conversacion=3</StdOut>
      </Output>
    </UnitTestResult>
    <UnitTestResult executionId="2ae1e27b-9ef9-466e-8a11-377ce3ae2f33" testId="acceeb2f-d3a0-c7eb-0a8a-89ba3e60aa95" testName="cargarPatentesTest" computerName="DIEGO-PC" duration="00:00:00.0034722" startTime="2012-11-26T18:29:48.9937736-03:00" endTime="2012-11-26T18:29:49.0057743-03:00" testType="13cdc9d9-ddb5-4fa4-a97d-d965ccfc6d4b" outcome="Passed" testListId="8c84fa94-04c1-424b-9868-57a2d4851a1d" relativeResultsDirectory="2ae1e27b-9ef9-466e-8a11-377ce3ae2f33">
      <Output>
        <StdOut>Save/Update: select * from Patente</StdOut>
      </Output>
    </UnitTestResult>
    <UnitTestResult executionId="5887ecf5-d376-42e2-8b6c-505ad0eeb9ec" testId="ad52b45c-d7bf-7d90-509a-9d90fabbb4cb" testName="buscarUsuarioNewsletterTest" computerName="DIEGO-PC" duration="00:00:00.0885064" startTime="2012-11-26T18:29:49.0117746-03:00" endTime="2012-11-26T18:29:49.1107803-03:00" testType="13cdc9d9-ddb5-4fa4-a97d-d965ccfc6d4b" outcome="Passed" testListId="8c84fa94-04c1-424b-9868-57a2d4851a1d" relativeResultsDirectory="5887ecf5-d376-42e2-8b6c-505ad0eeb9ec">
      <Output>
        <StdOut>Save/Update: select * from Cliente WHERE  Cliente.id_cliente=1  ; select * from cliente_movimientos; select * from Pedido WHERE borrado = 0; select * from Factura WHERE borrado = 0; select * from Diseño WHERE borrado = 0
Save/Update: select * from Usuario WHERE  Usuario.usuarioID=1  ; select * from JoinUsuarioToFamilia; select * from JoinPatenteToUsuario
Save/Update: select * from Familia JOIN JoinUsuarioToFamilia AS usuarios ON Familia.familiaID=usuarios.familiaID WHERE usuarios.usuarioID=1  ; select * from JoinFamiliaToPatente
Save/Update: select * from Patente JOIN JoinPatenteToUsuario AS usuario ON Patente.patenteId=usuario.patenteId WHERE usuario.usuarioID=1  
Save/Update: select * from Cliente WHERE  Cliente.usuarioID=1  ; select * from cliente_movimientos; select * from Pedido WHERE borrado = 0; select * from Factura WHERE borrado = 0; select * from Diseño WHERE borrado = 0
Save/Update: select * from Diseño WHERE  Diseño.id_cliente=1  ; select * from historico_estados_diseño WHERE borrado = 0
Save/Update: select * from Factura WHERE  Factura.id_cliente=1  ; select * from documento_movimiento; select * from LineaFactura WHERE borrado = 0
Save/Update: select * from Pedido WHERE  Pedido.id_cliente=1  ; select * from produccion WHERE borrado = 0; select * from historico_estados_pedido WHERE borrado = 0
Save/Update: select * from MovimientosCuenta JOIN cliente_movimientos AS cliente ON MovimientosCuenta.nro_movimiento=cliente.nro_movimiento WHERE cliente.id_cliente=1  AND cliente.id_cliente IS NOT  NULL ; select * from cliente_movimientos; select * from documento_movimiento
Save/Update: UPDATE Usuario SET nombre='nombre6', apellido='apellido6', mail='mail6@test.com', password='559D55197310', telefonoFijo='6666-6666', telefonoMovil='6666-6666', bloqueado=0  WHERE usuarioID=1  ; DELETE JoinUsuarioToFamilia where usuarioID=1  ;  INSERT INTO JoinUsuarioToFamilia ( usuarioID, familiaID) VALUES ( 1 , 5 ); DELETE JoinPatenteToUsuario where usuarioID=1  ;  INSERT INTO JoinPatenteToUsuario ( usuarioID, patenteId) VALUES ( 1 , 3 ); 
Save/Update: UPDATE Cliente SET habitadoTurnos=0 , newsletter=1  WHERE id_cliente=1  ; UPDATE Pedido SET borrado=1 WHERE id_cliente=1  ; UPDATE Factura SET borrado=1 WHERE id_cliente=1  ; UPDATE Diseño SET borrado=1 WHERE id_cliente=1  ; 
Save/Update: select * from Cliente WHERE  Cliente.newsletter=1  ; select * from cliente_movimientos; select * from Pedido WHERE borrado = 0; select * from Factura WHERE borrado = 0; select * from Diseño WHERE borrado = 0
Save/Update: select * from Usuario WHERE  Usuario.usuarioID=1  ; select * from JoinUsuarioToFamilia; select * from JoinPatenteToUsuario
Save/Update: select * from Familia JOIN JoinUsuarioToFamilia AS usuarios ON Familia.familiaID=usuarios.familiaID WHERE usuarios.usuarioID=1  ; select * from JoinFamiliaToPatente
Save/Update: select * from Patente JOIN JoinFamiliaToPatente AS familia ON Patente.patenteId=familia.patenteId WHERE familia.familiaID=5  
Save/Update: select * from Patente JOIN JoinPatenteToUsuario AS usuario ON Patente.patenteId=usuario.patenteId WHERE usuario.usuarioID=1  
Save/Update: select * from Cliente WHERE  Cliente.usuarioID=1  ; select * from cliente_movimientos; select * from Pedido WHERE borrado = 0; select * from Factura WHERE borrado = 0; select * from Diseño WHERE borrado = 0
Save/Update: select * from Diseño WHERE  Diseño.id_cliente=1  ; select * from historico_estados_diseño WHERE borrado = 0
Save/Update: select * from Factura WHERE  Factura.id_cliente=1  ; select * from documento_movimiento; select * from LineaFactura WHERE borrado = 0
Save/Update: select * from Pedido WHERE  Pedido.id_cliente=1  ; select * from produccion WHERE borrado = 0; select * from historico_estados_pedido WHERE borrado = 0
Save/Update: select * from MovimientosCuenta JOIN cliente_movimientos AS cliente ON MovimientosCuenta.nro_movimiento=cliente.nro_movimiento WHERE cliente.id_cliente=1  AND cliente.id_cliente IS NOT  NULL ; select * from cliente_movimientos; select * from documento_movimiento
Save/Update: UPDATE Usuario SET nombre='nombre1', apellido='apellido1', mail='mail1@test.com', password='14CD6517', telefonoFijo='1111-1111', telefonoMovil='1111-1111', bloqueado=0  WHERE usuarioID=1  ; DELETE JoinUsuarioToFamilia where usuarioID=1  ; DELETE JoinPatenteToUsuario where usuarioID=1  ;  INSERT INTO JoinPatenteToUsuario ( usuarioID, patenteId) VALUES ( 1 , 1 ); 
Save/Update: UPDATE Cliente SET habitadoTurnos=1 , newsletter=0  WHERE id_cliente=1  ; UPDATE Pedido SET borrado=1 WHERE id_cliente=1  ; UPDATE Factura SET borrado=1 WHERE id_cliente=1  ; UPDATE Diseño SET borrado=1 WHERE id_cliente=1  ; 
Save/Update:  UPDATE factura set borrado = 0 
Save/Update:  UPDATE diseño set borrado = 0 
Save/Update:  UPDATE pedido set borrado = 0 
Save/Update: UPDATE Usuario SET nombre='nombre1', apellido='apellido1', mail='mail1@test.com', password='11C8', telefonoFijo='1111-1111', telefonoMovil='1111-1111', bloqueado=0  WHERE usuarioID=1  ; DELETE JoinUsuarioToFamilia where usuarioID=1  ; DELETE JoinPatenteToUsuario where usuarioID=1  ; 
Save/Update: UPDATE Cliente SET habitadoTurnos=1 , newsletter=0  WHERE id_cliente=1  ; UPDATE Pedido SET borrado=1 WHERE id_cliente=1  ; UPDATE Factura SET borrado=1 WHERE id_cliente=1  ; UPDATE Diseño SET borrado=1 WHERE id_cliente=1  ; 
Save/Update:  UPDATE factura set borrado = 0 
Save/Update:  UPDATE diseño set borrado = 0 
Save/Update:  UPDATE pedido set borrado = 0 
Save/Update:  Insert into JoinPatenteToUsuario values (1,1)</StdOut>
      </Output>
    </UnitTestResult>
    <UnitTestResult executionId="e3a97dc5-6c7a-4ab4-9ea2-72f071c92329" testId="adc4b822-2dd8-fb80-0aec-e1f18a81e266" testName="grabarOrdenDeCompraTest" computerName="DIEGO-PC" duration="00:00:00.0362987" startTime="2012-11-26T18:29:49.1137804-03:00" endTime="2012-11-26T18:29:49.1597831-03:00" testType="13cdc9d9-ddb5-4fa4-a97d-d965ccfc6d4b" outcome="Passed" testListId="8c84fa94-04c1-424b-9868-57a2d4851a1d" relativeResultsDirectory="e3a97dc5-6c7a-4ab4-9ea2-72f071c92329">
      <Output>
        <StdOut>Save/Update: SELECT  ISNULL(MAX(nro_Doc + 1),1) from documento
Save/Update: INSERT INTO documento VALUES (5)
Save/Update: SELECT  ISNULL(MAX(nro_orden_compra + 1),1) from OrdenDeCompra WHERE nro_sucursal=1 AND tipo_orden_compra='A'
Save/Update: INSERT INTO OrdenDeCompra (nro_Doc, iva, fecha, borrado, nro_orden_compra, nro_sucursal, tipo_orden_compra, id_proveedor, monto) VALUES (5 , 1.1,  CAST('13/10/2012 21:44:12.000'  AS DateTime), 0 , 2 , 1 , 'A', 2 , 100); UPDATE LineaOrdenDeCompra SET borrado=1 WHERE nro_orden_compra=2  AND nro_sucursal=1  AND tipo_orden_compra='A' ; 
Save/Update: SELECT  ISNULL(MAX(nro_linea + 1),1) from LineaOrdenDeCompra WHERE nro_orden_compra=2 AND nro_sucursal=1 AND tipo_orden_compra='A'
Save/Update: INSERT INTO LineaOrdenDeCompra (nro_orden_compra, nro_sucursal, tipo_orden_compra, nro_linea, cod_producto, cantidad, precio, borrado) VALUES (2 , 1 , 'A', 1 , 2 , 10 , 50, 0 ); 
Save/Update: SELECT  ISNULL(MAX(nro_movimiento + 1),1) from MovimientosCuenta
Save/Update: INSERT INTO MovimientosCuenta (nro_movimiento, comentario, fecha, monto, cuentaID, tipoMovimientoID) VALUES (4 , 'com test',  CAST('13/10/2012 21:44:12.000'  AS DateTime), 100, 1 , 1 ); DELETE proveedor_movimientos where nro_movimiento=4  ;  INSERT INTO proveedor_movimientos ( nro_movimiento, id_proveedor) VALUES ( 4 , 2 ); DELETE documento_movimiento where nro_movimiento=4  ;  INSERT INTO documento_movimiento ( nro_movimiento, nro_Doc) VALUES ( 4 , 5 ); 
Save/Update: select * from OrdenDeCompra WHERE  OrdenDeCompra.nro_orden_compra=2  AND  OrdenDeCompra.nro_sucursal=1  AND  OrdenDeCompra.tipo_orden_compra='A' ; select * from documento_movimiento; select * from LineaOrdenDeCompra WHERE borrado = 0
Save/Update: select * from LineaOrdenDeCompra WHERE  LineaOrdenDeCompra.nro_orden_compra=2  AND  LineaOrdenDeCompra.tipo_orden_compra='A' AND  LineaOrdenDeCompra.nro_sucursal=1  
Save/Update: select * from insumo WHERE  insumo.cod_insumo=2  
Save/Update: select * from Proveedor WHERE  Proveedor.id_proveedor=2  
Save/Update: select * from MovimientosCuenta JOIN documento_movimiento AS documento ON MovimientosCuenta.nro_movimiento=documento.nro_movimiento JOIN proveedor_movimientos AS proveedor ON MovimientosCuenta.nro_movimiento=proveedor.nro_movimiento WHERE documento.nro_Doc=5  AND proveedor.id_proveedor IS NOT  NULL ; select * from proveedor_movimientos; select * from documento_movimiento
Save/Update: DELETE LineaOrdenDeCompra WHERE nro_orden_compra=2  AND nro_sucursal=1  AND tipo_orden_compra='A' AND nro_linea=1  
Save/Update: DELETE LineaOrdenDeCompra WHERE nro_orden_compra=2  AND nro_sucursal=1  AND tipo_orden_compra='A' AND nro_linea=2  
Save/Update: DELETE proveedor_movimientos where nro_movimiento=4  ; DELETE documento_movimiento where nro_movimiento=4  ; ;DELETE MovimientosCuenta WHERE nro_movimiento=4  
Save/Update: DELETE FROM OrdenDeCompra WHERE nro_Doc =5
Save/Update: delete documento where nro_doc=5</StdOut>
      </Output>
    </UnitTestResult>
    <UnitTestResult executionId="2a9e92a7-bca5-4f04-a3d1-c22ec429b88f" testId="aeb09f8f-b144-d846-cb07-87151db0c5db" testName="cargarMovimientosConRestriccionesTest" computerName="DIEGO-PC" duration="00:00:00.0060328" startTime="2012-11-26T18:29:49.1627832-03:00" endTime="2012-11-26T18:29:49.1817843-03:00" testType="13cdc9d9-ddb5-4fa4-a97d-d965ccfc6d4b" outcome="Passed" testListId="8c84fa94-04c1-424b-9868-57a2d4851a1d" relativeResultsDirectory="2a9e92a7-bca5-4f04-a3d1-c22ec429b88f">
      <Output>
        <StdOut>Save/Update: select * from MovimientosStock WHERE  MovimientosStock.fecha= CAST('10/10/2012 00:00:00.000'  AS DateTime) AND  MovimientosStock.cod_insumo=1  AND  MovimientosStock.cantidad=10 AND  MovimientosStock.nro_movimiento=1  
Save/Update: DELETE MovimientosStock WHERE nro_movimiento=3  AND cod_insumo=1</StdOut>
      </Output>
    </UnitTestResult>
    <UnitTestResult executionId="9f790279-3c24-4f74-b9d4-77c3244599c4" testId="aee8bdae-93b9-94cd-dc66-4af8f0d1e925" testName="actualizarDiseñosTest" computerName="DIEGO-PC" duration="00:00:00.0100463" startTime="2012-11-26T18:29:49.1847845-03:00" endTime="2012-11-26T18:29:49.2027855-03:00" testType="13cdc9d9-ddb5-4fa4-a97d-d965ccfc6d4b" outcome="Passed" testListId="8c84fa94-04c1-424b-9868-57a2d4851a1d" relativeResultsDirectory="9f790279-3c24-4f74-b9d4-77c3244599c4">
      <Output>
        <StdOut>Save/Update: SELECT  ISNULL(MAX(cod_diseño + 1),1) from Diseño
Save/Update: INSERT INTO Diseño (cod_diseño, nombre, puntadas, alto, ancho, id_cliente, estadoActual, pathImagen, pathDetalle, pathArchivoEditable, pathArchivoFinal, borrado) VALUES (3 , 'diseño3', 3333 , 33 , 33 , 1 , 1 , '/cliente1/imagen/diseño1.jpg', '/cliente1/detalle/diseño1.jpg', '/cliente1/diseñoEditable/diseño1.jpg', '/cliente1/diseño/diseño1.jpg', 0 ); UPDATE historico_estados_diseño SET borrado=1 WHERE cod_diseño=3  ; 
Save/Update: select * from Diseño WHERE  Diseño.cod_diseño=3  ; select * from historico_estados_diseño WHERE borrado = 0
Save/Update: UPDATE Diseño SET nombre='diseño33', puntadas=33333 , alto=333 , ancho=333 , id_cliente=2 , estadoActual=1 , pathImagen='/cliente1/imagen/diseño3.jpg', pathDetalle='/cliente1/detalle/diseño3.jpg', pathArchivoEditable='/cliente1/diseñoEditable/diseño3.jpg', pathArchivoFinal='/cliente1/diseño/diseño3.jpg', borrado=0  WHERE cod_diseño=3  ; UPDATE historico_estados_diseño SET borrado=1 WHERE cod_diseño=3  ; 
Save/Update: select * from Diseño WHERE  Diseño.cod_diseño=3  ; select * from historico_estados_diseño WHERE borrado = 0
Save/Update: DELETE Diseño WHERE cod_diseño=3</StdOut>
      </Output>
    </UnitTestResult>
    <UnitTestResult executionId="bb4aa3e4-7e76-4e04-9a7e-3e4f2d84f584" testId="af2a5dd3-889c-239a-49ba-4559ade59815" testName="cargarUsuarioConRestriccionesTest" computerName="DIEGO-PC" duration="00:00:00.0179315" startTime="2012-11-26T18:29:49.2087859-03:00" endTime="2012-11-26T18:29:49.2347874-03:00" testType="13cdc9d9-ddb5-4fa4-a97d-d965ccfc6d4b" outcome="Passed" testListId="8c84fa94-04c1-424b-9868-57a2d4851a1d" relativeResultsDirectory="bb4aa3e4-7e76-4e04-9a7e-3e4f2d84f584">
      <Output>
        <StdOut>Save/Update: select * from Usuario WHERE  Usuario.nombre LIKE '%bre3%'AND  Usuario.apellido LIKE '%ap%'AND  Usuario.mail LIKE '%@test%'AND  Usuario.telefonoFijo LIKE '%3-3%'AND  Usuario.telefonoMovil LIKE '%3-3%'; select * from JoinUsuarioToFamilia; select * from JoinPatenteToUsuario
Save/Update: select * from Familia JOIN JoinUsuarioToFamilia AS usuarios ON Familia.familiaID=usuarios.familiaID WHERE usuarios.usuarioID=3  ; select * from JoinFamiliaToPatente
Save/Update: select * from Patente JOIN JoinFamiliaToPatente AS familia ON Patente.patenteId=familia.patenteId WHERE familia.familiaID=6  
Save/Update: select * from Patente JOIN JoinPatenteToUsuario AS usuario ON Patente.patenteId=usuario.patenteId WHERE usuario.usuarioID=3  
Save/Update: select * from Cliente WHERE  Cliente.usuarioID=3  ; select * from cliente_movimientos; select * from Pedido WHERE borrado = 0; select * from Factura WHERE borrado = 0; select * from Diseño WHERE borrado = 0
Save/Update: UPDATE Usuario SET nombre='nombre1', apellido='apellido1', mail='mail1@test.com', password='11C8', telefonoFijo='1111-1111', telefonoMovil='1111-1111', bloqueado=0  WHERE usuarioID=1  ; DELETE JoinUsuarioToFamilia where usuarioID=1  ; DELETE JoinPatenteToUsuario where usuarioID=1  ; 
Save/Update: UPDATE Cliente SET habitadoTurnos=1 , newsletter=0  WHERE id_cliente=1  ; UPDATE Pedido SET borrado=1 WHERE id_cliente=1  ; UPDATE Factura SET borrado=1 WHERE id_cliente=1  ; UPDATE Diseño SET borrado=1 WHERE id_cliente=1  ; 
Save/Update:  UPDATE factura set borrado = 0 
Save/Update:  UPDATE diseño set borrado = 0 
Save/Update:  UPDATE pedido set borrado = 0 
Save/Update:  Insert into JoinPatenteToUsuario values (1,1)</StdOut>
      </Output>
    </UnitTestResult>
    <UnitTestResult executionId="5984cbde-8533-43d9-b832-380d65bbbbdd" testId="afb70fb3-f16b-16ef-9272-e650b4c370ff" testName="listarFacturasPorIdTest" computerName="DIEGO-PC" duration="00:00:00.0151055" startTime="2012-11-26T18:29:49.2407877-03:00" endTime="2012-11-26T18:29:49.2637890-03:00" testType="13cdc9d9-ddb5-4fa4-a97d-d965ccfc6d4b" outcome="Passed" testListId="8c84fa94-04c1-424b-9868-57a2d4851a1d" relativeResultsDirectory="5984cbde-8533-43d9-b832-380d65bbbbdd">
      <Output>
        <StdOut>Save/Update: select * from Factura WHERE  Factura.nro_factura=1  AND  Factura.nro_sucursal=1  AND  Factura.tipo_factura='A' ; select * from documento_movimiento; select * from LineaFactura WHERE borrado = 0
Save/Update: select * from LineaFactura WHERE  LineaFactura.nro_factura=1  AND  LineaFactura.tipo_factura='A' AND  LineaFactura.nro_sucursal=1  
Save/Update: select * from Articulos WHERE  Articulos.cod_articulo=1  ; select * from lista_precios WHERE borrado = 0
Save/Update: select * from Articulos WHERE  Articulos.cod_articulo=2  ; select * from lista_precios WHERE borrado = 0
Save/Update: select * from Cliente WHERE  Cliente.id_cliente=1  ; select * from cliente_movimientos; select * from Pedido WHERE borrado = 0; select * from Factura WHERE borrado = 0; select * from Diseño WHERE borrado = 0
Save/Update: select * from Usuario WHERE  Usuario.usuarioID=1  ; select * from JoinUsuarioToFamilia; select * from JoinPatenteToUsuario
Save/Update: select * from MovimientosCuenta JOIN documento_movimiento AS documento ON MovimientosCuenta.nro_movimiento=documento.nro_movimiento JOIN cliente_movimientos AS cliente ON MovimientosCuenta.nro_movimiento=cliente.nro_movimiento WHERE documento.nro_Doc=1  AND cliente.id_cliente IS NOT  NULL ; select * from cliente_movimientos; select * from documento_movimiento
Save/Update: DELETE LineaFactura WHERE nro_factura=2  AND nro_sucursal=1  AND tipo_factura='A' AND nro_linea=1  
Save/Update: DELETE LineaFactura WHERE nro_factura=2  AND nro_sucursal=1  AND tipo_factura='A' AND nro_linea=2  
Save/Update: DELETE cliente_movimientos where nro_movimiento=4  ; DELETE documento_movimiento where nro_movimiento=4  ; ;DELETE MovimientosCuenta WHERE nro_movimiento=4  
Save/Update: DELETE FROM Factura WHERE nro_Doc =5
Save/Update: delete documento where nro_doc=5</StdOut>
      </Output>
    </UnitTestResult>
    <UnitTestResult executionId="7d5e84cd-1dde-4048-a4c0-13c5b283caf0" testId="b09e98eb-5e7b-17f1-4a91-35133c7055e9" testName="buscarMovimintosTest" computerName="DIEGO-PC" duration="00:00:00.0204858" startTime="2012-11-26T18:29:49.2697894-03:00" endTime="2012-11-26T18:29:49.2997911-03:00" testType="13cdc9d9-ddb5-4fa4-a97d-d965ccfc6d4b" outcome="Passed" testListId="8c84fa94-04c1-424b-9868-57a2d4851a1d" relativeResultsDirectory="7d5e84cd-1dde-4048-a4c0-13c5b283caf0">
      <Output>
        <StdOut>Save/Update: select * from MovimientosCuenta JOIN cliente_movimientos AS cliente ON MovimientosCuenta.nro_movimiento=cliente.nro_movimiento WHERE  MovimientosCuenta.comentario LIKE '%m1%'AND  MovimientosCuenta.fecha&gt;= CAST('11/11/2011 00:00:00.000'  AS DateTime) AND  MovimientosCuenta.monto&gt;=5 AND  MovimientosCuenta.monto&lt;=15 AND  MovimientosCuenta.cuentaID=1  AND  MovimientosCuenta.tipoMovimientoID=1  AND cliente.id_cliente=1  AND cliente.id_cliente IS NOT  NULL ; select * from cliente_movimientos; select * from documento_movimiento
Save/Update: select * from Cliente WHERE  Cliente.id_cliente=1  ; select * from cliente_movimientos; select * from Pedido WHERE borrado = 0; select * from Factura WHERE borrado = 0; select * from Diseño WHERE borrado = 0
Save/Update: select * from Usuario WHERE  Usuario.usuarioID=1  ; select * from JoinUsuarioToFamilia; select * from JoinPatenteToUsuario
Save/Update: select * from Familia JOIN JoinUsuarioToFamilia AS usuarios ON Familia.familiaID=usuarios.familiaID WHERE usuarios.usuarioID=1  ; select * from JoinFamiliaToPatente
Save/Update: select * from Patente JOIN JoinPatenteToUsuario AS usuario ON Patente.patenteId=usuario.patenteId WHERE usuario.usuarioID=1  
Save/Update: select * from Cliente WHERE  Cliente.usuarioID=1  ; select * from cliente_movimientos; select * from Pedido WHERE borrado = 0; select * from Factura WHERE borrado = 0; select * from Diseño WHERE borrado = 0
Save/Update: select * from Diseño WHERE  Diseño.id_cliente=1  ; select * from historico_estados_diseño WHERE borrado = 0
Save/Update: select * from Factura WHERE  Factura.id_cliente=1  ; select * from documento_movimiento; select * from LineaFactura WHERE borrado = 0
Save/Update: select * from Pedido WHERE  Pedido.id_cliente=1  ; select * from produccion WHERE borrado = 0; select * from historico_estados_pedido WHERE borrado = 0
Save/Update: select * from MovimientosCuenta JOIN cliente_movimientos AS cliente ON MovimientosCuenta.nro_movimiento=cliente.nro_movimiento WHERE cliente.id_cliente=1  AND cliente.id_cliente IS NOT  NULL ; select * from cliente_movimientos; select * from documento_movimiento
Save/Update: select * from Factura WHERE  Factura.nro_Doc=1  ; select * from documento_movimiento; select * from LineaFactura WHERE borrado = 0
Save/Update: select * from tipoMovimiento WHERE  tipoMovimiento.tipoMovimientoID=1  
Save/Update: select * from Cuenta WHERE  Cuenta.cuentaID=1  
Save/Update: DELETE cliente_movimientos where nro_movimiento=4  ; DELETE documento_movimiento where nro_movimiento=4  ; ;DELETE MovimientosCuenta WHERE nro_movimiento=4</StdOut>
      </Output>
    </UnitTestResult>
    <UnitTestResult executionId="474c6138-4c27-4cbe-887c-86e231fd359f" testId="b09f0486-3351-5bc5-0d5a-f108852661b1" testName="guardarClienteTest" computerName="DIEGO-PC" duration="00:00:00.0191651" startTime="2012-11-26T18:29:49.3057914-03:00" endTime="2012-11-26T18:29:49.3337930-03:00" testType="13cdc9d9-ddb5-4fa4-a97d-d965ccfc6d4b" outcome="Passed" testListId="8c84fa94-04c1-424b-9868-57a2d4851a1d" relativeResultsDirectory="474c6138-4c27-4cbe-887c-86e231fd359f">
      <Output>
        <StdOut>Save/Update: SELECT  ISNULL(MAX(usuarioID + 1),1) from Usuario
Save/Update: INSERT INTO Usuario (usuarioID, nombre, apellido, mail, password, telefonoFijo, telefonoMovil, bloqueado) VALUES (6 , 'nombre6', 'apellido6', 'mail6@test.com', 'pas633', '6666-6666', '6666-6666', 0 ); DELETE JoinUsuarioToFamilia where usuarioID=6  ;  INSERT INTO JoinUsuarioToFamilia ( usuarioID, familiaID) VALUES ( 6 , 5 ); DELETE JoinPatenteToUsuario where usuarioID=6  ;  INSERT INTO JoinPatenteToUsuario ( usuarioID, patenteId) VALUES ( 6 , 3 ); 
Save/Update: SELECT  ISNULL(MAX(id_cliente + 1),1) from Cliente
Save/Update: INSERT INTO Cliente (id_cliente, habitadoTurnos, usuarioID, newsletter) VALUES (3 , 0 , 6 , 1 ); UPDATE Pedido SET borrado=1 WHERE id_cliente=3  ; UPDATE Factura SET borrado=1 WHERE id_cliente=3  ; UPDATE Diseño SET borrado=1 WHERE id_cliente=3  ; 
Save/Update: select * from Cliente WHERE  Cliente.id_cliente=3  ; select * from cliente_movimientos; select * from Pedido WHERE borrado = 0; select * from Factura WHERE borrado = 0; select * from Diseño WHERE borrado = 0
Save/Update: select * from Usuario WHERE  Usuario.usuarioID=6  ; select * from JoinUsuarioToFamilia; select * from JoinPatenteToUsuario
Save/Update: select * from Familia JOIN JoinUsuarioToFamilia AS usuarios ON Familia.familiaID=usuarios.familiaID WHERE usuarios.usuarioID=6  ; select * from JoinFamiliaToPatente
Save/Update: select * from Patente JOIN JoinFamiliaToPatente AS familia ON Patente.patenteId=familia.patenteId WHERE familia.familiaID=5  
Save/Update: select * from Patente JOIN JoinPatenteToUsuario AS usuario ON Patente.patenteId=usuario.patenteId WHERE usuario.usuarioID=6  
Save/Update: select * from Cliente WHERE  Cliente.usuarioID=6  ; select * from cliente_movimientos; select * from Pedido WHERE borrado = 0; select * from Factura WHERE borrado = 0; select * from Diseño WHERE borrado = 0
Save/Update: select * from Diseño WHERE  Diseño.id_cliente=6  ; select * from historico_estados_diseño WHERE borrado = 0
Save/Update: select * from Factura WHERE  Factura.id_cliente=6  ; select * from documento_movimiento; select * from LineaFactura WHERE borrado = 0
Save/Update: select * from Pedido WHERE  Pedido.id_cliente=6  ; select * from produccion WHERE borrado = 0; select * from historico_estados_pedido WHERE borrado = 0
Save/Update: select * from MovimientosCuenta JOIN cliente_movimientos AS cliente ON MovimientosCuenta.nro_movimiento=cliente.nro_movimiento WHERE cliente.id_cliente=6  AND cliente.id_cliente IS NOT  NULL ; select * from cliente_movimientos; select * from documento_movimiento
Save/Update: DELETE cliente_movimientos where id_cliente=3  ; ;DELETE Cliente WHERE id_cliente=3  
Save/Update: DELETE JoinUsuarioToFamilia where usuarioID=6  ; DELETE JoinPatenteToUsuario where usuarioID=6  ; ;DELETE Usuario WHERE usuarioID=6</StdOut>
      </Output>
    </UnitTestResult>
    <UnitTestResult executionId="784e9378-7f6a-41b6-a2a6-227c763e362c" testId="b1ce8274-0eb4-6ea7-4d2b-12d8e6b2a366" testName="actualizarDiseñoTest" computerName="DIEGO-PC" duration="00:00:00.0622490" startTime="2012-11-26T18:29:49.3377933-03:00" endTime="2012-11-26T18:29:49.4087973-03:00" testType="13cdc9d9-ddb5-4fa4-a97d-d965ccfc6d4b" outcome="Passed" testListId="8c84fa94-04c1-424b-9868-57a2d4851a1d" relativeResultsDirectory="784e9378-7f6a-41b6-a2a6-227c763e362c">
      <Output>
        <StdOut>Save/Update: SELECT  ISNULL(MAX(cod_diseño + 1),1) from Diseño
Save/Update: INSERT INTO Diseño (cod_diseño, nombre, puntadas, alto, ancho, id_cliente, estadoActual, pathImagen, pathDetalle, pathArchivoEditable, pathArchivoFinal, borrado) VALUES (3 , 'diseño3', 3333 , 33 , 33 , 1 , 1 , '', '', '', '', 0 ); UPDATE historico_estados_diseño SET borrado=1 WHERE cod_diseño=3  ; 
Save/Update: SELECT  ISNULL(MAX(nro_estado + 1),1) from historico_estados_diseño WHERE cod_diseño=3
Save/Update: INSERT INTO historico_estados_diseño (nro_estado, cod_diseño, comentario, fechaDesde, fechaHasta, estado, borrado) VALUES (1 , 3 , 'creacion ficha diseño',  CAST('26/11/2012 18:29:49.344'  AS DateTime),  NULL , 1 , 0 ); 
Save/Update: select * from Diseño WHERE  Diseño.cod_diseño=3  ; select * from historico_estados_diseño WHERE borrado = 0
Save/Update: select * from Cliente WHERE  Cliente.id_cliente=1  ; select * from cliente_movimientos; select * from Pedido WHERE borrado = 0; select * from Factura WHERE borrado = 0; select * from Diseño WHERE borrado = 0
Save/Update: select * from Usuario WHERE  Usuario.usuarioID=1  ; select * from JoinUsuarioToFamilia; select * from JoinPatenteToUsuario
Save/Update: select * from Diseño_insumos WHERE  Diseño_insumos.cod_diseño=3  
Save/Update: select * from historico_estados_diseño WHERE  historico_estados_diseño.cod_diseño=3  
Save/Update: select * from EstadoDiseños WHERE  EstadoDiseños.estado=1  
Save/Update: select * from Diseño WHERE  Diseño.cod_diseño=3  ; select * from historico_estados_diseño WHERE borrado = 0
Save/Update: select * from Cliente WHERE  Cliente.id_cliente=1  ; select * from cliente_movimientos; select * from Pedido WHERE borrado = 0; select * from Factura WHERE borrado = 0; select * from Diseño WHERE borrado = 0
Save/Update: select * from Usuario WHERE  Usuario.usuarioID=1  ; select * from JoinUsuarioToFamilia; select * from JoinPatenteToUsuario
Save/Update: select * from Diseño_insumos WHERE  Diseño_insumos.cod_diseño=3  
Save/Update: select * from historico_estados_diseño WHERE  historico_estados_diseño.cod_diseño=3  
Save/Update: select * from EstadoDiseños WHERE  EstadoDiseños.estado=1  
Save/Update: UPDATE Diseño SET nombre='diseño3', puntadas=3333 , alto=33 , ancho=33 , id_cliente=1 , estadoActual=1 , pathImagen='', pathDetalle='', pathArchivoEditable='', pathArchivoFinal='/cliente1/diseño/diseño1.jpg', borrado=0  WHERE cod_diseño=3  ; UPDATE historico_estados_diseño SET borrado=1 WHERE cod_diseño=3  ; 
Save/Update: DELETE Diseño_insumos WHERE cod_diseño=3  AND cod_insumo=1  
Save/Update: INSERT INTO Diseño_insumos (cod_diseño, cod_insumo, cantidad) VALUES (3 , 1 , 3); 
Save/Update: UPDATE historico_estados_diseño SET comentario='creacion ficha diseño', fechaDesde= CAST('26/11/2012 18:29:49.343'  AS DateTime), fechaHasta= NULL , estado=1 , borrado=0  WHERE nro_estado=1  AND cod_diseño=3  ; 
Save/Update: select * from Diseño WHERE  Diseño.cod_diseño=3  ; select * from historico_estados_diseño WHERE borrado = 0
Save/Update: select * from Cliente WHERE  Cliente.id_cliente=1  ; select * from cliente_movimientos; select * from Pedido WHERE borrado = 0; select * from Factura WHERE borrado = 0; select * from Diseño WHERE borrado = 0
Save/Update: select * from Usuario WHERE  Usuario.usuarioID=1  ; select * from JoinUsuarioToFamilia; select * from JoinPatenteToUsuario
Save/Update: select * from Diseño_insumos WHERE  Diseño_insumos.cod_diseño=3  
Save/Update: select * from historico_estados_diseño WHERE  historico_estados_diseño.cod_diseño=3  
Save/Update: select * from EstadoDiseños WHERE  EstadoDiseños.estado=1  
Save/Update: UPDATE Diseño SET nombre='diseño3', puntadas=3333 , alto=33 , ancho=33 , id_cliente=1 , estadoActual=2 , pathImagen='', pathDetalle='', pathArchivoEditable='', pathArchivoFinal='/cliente1/diseño/diseño1.jpg', borrado=0  WHERE cod_diseño=3  ; UPDATE historico_estados_diseño SET borrado=1 WHERE cod_diseño=3  ; 
Save/Update: DELETE Diseño_insumos WHERE cod_diseño=3  AND cod_insumo=1  
Save/Update: INSERT INTO Diseño_insumos (cod_diseño, cod_insumo, cantidad) VALUES (3 , 1 , 3); 
Save/Update: UPDATE historico_estados_diseño SET comentario='creacion ficha diseño', fechaDesde= CAST('26/11/2012 18:29:49.343'  AS DateTime), fechaHasta= CAST('26/11/2012 18:29:49.389'  AS DateTime), estado=1 , borrado=0  WHERE nro_estado=1  AND cod_diseño=3  ; 
Save/Update: SELECT  ISNULL(MAX(nro_estado + 1),1) from historico_estados_diseño WHERE cod_diseño=3
Save/Update: INSERT INTO historico_estados_diseño (nro_estado, cod_diseño, comentario, fechaDesde, fechaHasta, estado, borrado) VALUES (2 , 3 , '',  CAST('26/11/2012 18:29:49.389'  AS DateTime),  NULL , 2 , 0 ); 
Save/Update: select * from Diseño WHERE  Diseño.cod_diseño=3  ; select * from historico_estados_diseño WHERE borrado = 0
Save/Update: select * from Cliente WHERE  Cliente.id_cliente=1  ; select * from cliente_movimientos; select * from Pedido WHERE borrado = 0; select * from Factura WHERE borrado = 0; select * from Diseño WHERE borrado = 0
Save/Update: select * from Usuario WHERE  Usuario.usuarioID=1  ; select * from JoinUsuarioToFamilia; select * from JoinPatenteToUsuario
Save/Update: select * from Diseño_insumos WHERE  Diseño_insumos.cod_diseño=3  
Save/Update: select * from historico_estados_diseño WHERE  historico_estados_diseño.cod_diseño=3  
Save/Update: select * from EstadoDiseños WHERE  EstadoDiseños.estado=2  
Save/Update: DELETE FROM Diseño_insumos where cod_diseño=3
Save/Update: DELETE FROM historico_estados_diseño where cod_diseño=3
Save/Update: DELETE Diseño WHERE cod_diseño=3</StdOut>
      </Output>
    </UnitTestResult>
    <UnitTestResult executionId="f7ce93be-0f77-4bce-aec3-167492237553" testId="b2564a1d-a5df-de1a-d3dd-41d0e33b00f4" testName="actualizaOrdenDeCompraTest" computerName="DIEGO-PC" duration="00:00:00.0365514" startTime="2012-11-26T18:29:49.4177978-03:00" endTime="2012-11-26T18:29:49.4668006-03:00" testType="13cdc9d9-ddb5-4fa4-a97d-d965ccfc6d4b" outcome="Passed" testListId="8c84fa94-04c1-424b-9868-57a2d4851a1d" relativeResultsDirectory="f7ce93be-0f77-4bce-aec3-167492237553">
      <Output>
        <StdOut>Save/Update: SELECT  ISNULL(MAX(nro_Doc + 1),1) from documento
Save/Update: INSERT INTO documento VALUES (5)
Save/Update: SELECT  ISNULL(MAX(nro_orden_compra + 1),1) from OrdenDeCompra WHERE nro_sucursal=1 AND tipo_orden_compra='A'
Save/Update: INSERT INTO OrdenDeCompra (nro_Doc, iva, fecha, borrado, nro_orden_compra, nro_sucursal, tipo_orden_compra, id_proveedor, monto) VALUES (5 , 1.1,  CAST('13/10/2012 21:44:12.000'  AS DateTime), 0 , 2 , 1 , 'A', 2 , 100); UPDATE LineaOrdenDeCompra SET borrado=1 WHERE nro_orden_compra=2  AND nro_sucursal=1  AND tipo_orden_compra='A' ; 
Save/Update: SELECT  ISNULL(MAX(nro_linea + 1),1) from LineaOrdenDeCompra WHERE nro_orden_compra=2 AND nro_sucursal=1 AND tipo_orden_compra='A'
Save/Update: INSERT INTO LineaOrdenDeCompra (nro_orden_compra, nro_sucursal, tipo_orden_compra, nro_linea, cod_producto, cantidad, precio, borrado) VALUES (2 , 1 , 'A', 1 , 2 , 10 , 50, 0 ); 
Save/Update: SELECT  ISNULL(MAX(nro_movimiento + 1),1) from MovimientosCuenta
Save/Update: INSERT INTO MovimientosCuenta (nro_movimiento, comentario, fecha, monto, cuentaID, tipoMovimientoID) VALUES (4 , 'com test',  CAST('13/10/2012 21:44:12.000'  AS DateTime), 100, 1 , 1 ); DELETE proveedor_movimientos where nro_movimiento=4  ;  INSERT INTO proveedor_movimientos ( nro_movimiento, id_proveedor) VALUES ( 4 , 2 ); DELETE documento_movimiento where nro_movimiento=4  ;  INSERT INTO documento_movimiento ( nro_movimiento, nro_Doc) VALUES ( 4 , 5 ); 
Save/Update: select * from OrdenDeCompra WHERE  OrdenDeCompra.nro_orden_compra=2  AND  OrdenDeCompra.nro_sucursal=1  AND  OrdenDeCompra.tipo_orden_compra='A' ; select * from documento_movimiento; select * from LineaOrdenDeCompra WHERE borrado = 0
Save/Update: select * from LineaOrdenDeCompra WHERE  LineaOrdenDeCompra.nro_orden_compra=2  AND  LineaOrdenDeCompra.tipo_orden_compra='A' AND  LineaOrdenDeCompra.nro_sucursal=1  
Save/Update: select * from insumo WHERE  insumo.cod_insumo=2  
Save/Update: select * from Proveedor WHERE  Proveedor.id_proveedor=2  
Save/Update: select * from MovimientosCuenta JOIN documento_movimiento AS documento ON MovimientosCuenta.nro_movimiento=documento.nro_movimiento JOIN proveedor_movimientos AS proveedor ON MovimientosCuenta.nro_movimiento=proveedor.nro_movimiento WHERE documento.nro_Doc=5  AND proveedor.id_proveedor IS NOT  NULL ; select * from proveedor_movimientos; select * from documento_movimiento
Save/Update: UPDATE OrdenDeCompra SET nro_Doc=5 , iva=1.1, fecha= CAST('13/10/2012 21:44:12.000'  AS DateTime), borrado=0 , id_proveedor=2 , monto=111 WHERE nro_orden_compra=2  AND nro_sucursal=1  AND tipo_orden_compra='A' ; UPDATE LineaOrdenDeCompra SET borrado=1 WHERE nro_orden_compra=2  AND nro_sucursal=1  AND tipo_orden_compra='A' ; 
Save/Update: UPDATE LineaOrdenDeCompra SET cod_producto=2 , cantidad=15 , precio=50, borrado=0  WHERE nro_orden_compra=2  AND nro_sucursal=1  AND tipo_orden_compra='A' AND nro_linea=1  ; 
Save/Update: SELECT  ISNULL(MAX(nro_linea + 1),1) from LineaOrdenDeCompra WHERE nro_orden_compra=2 AND nro_sucursal=1 AND tipo_orden_compra='A'
Save/Update: INSERT INTO LineaOrdenDeCompra (nro_orden_compra, nro_sucursal, tipo_orden_compra, nro_linea, cod_producto, cantidad, precio, borrado) VALUES (2 , 1 , 'A', 2 , 1 , 10 , 0, 0 ); 
Save/Update: UPDATE MovimientosCuenta SET comentario='com test', fecha= CAST('13/10/2012 21:44:12.000'  AS DateTime), monto=111, cuentaID=1 , tipoMovimientoID=1  WHERE nro_movimiento=4  ; DELETE proveedor_movimientos where nro_movimiento=4  ;  INSERT INTO proveedor_movimientos ( nro_movimiento, id_proveedor) VALUES ( 4 , 2 ); DELETE documento_movimiento where nro_movimiento=4  ;  INSERT INTO documento_movimiento ( nro_movimiento, nro_Doc) VALUES ( 4 , 5 ); 
Save/Update: select * from OrdenDeCompra WHERE  OrdenDeCompra.nro_orden_compra=2  AND  OrdenDeCompra.nro_sucursal=1  AND  OrdenDeCompra.tipo_orden_compra='A' ; select * from documento_movimiento; select * from LineaOrdenDeCompra WHERE borrado = 0
Save/Update: select * from LineaOrdenDeCompra WHERE  LineaOrdenDeCompra.nro_orden_compra=2  AND  LineaOrdenDeCompra.tipo_orden_compra='A' AND  LineaOrdenDeCompra.nro_sucursal=1  
Save/Update: select * from insumo WHERE  insumo.cod_insumo=2  
Save/Update: select * from insumo WHERE  insumo.cod_insumo=1  
Save/Update: select * from Proveedor WHERE  Proveedor.id_proveedor=2  
Save/Update: select * from MovimientosCuenta JOIN documento_movimiento AS documento ON MovimientosCuenta.nro_movimiento=documento.nro_movimiento JOIN proveedor_movimientos AS proveedor ON MovimientosCuenta.nro_movimiento=proveedor.nro_movimiento WHERE documento.nro_Doc=5  AND proveedor.id_proveedor IS NOT  NULL ; select * from proveedor_movimientos; select * from documento_movimiento
Save/Update: DELETE LineaOrdenDeCompra WHERE nro_orden_compra=2  AND nro_sucursal=1  AND tipo_orden_compra='A' AND nro_linea=1  
Save/Update: DELETE LineaOrdenDeCompra WHERE nro_orden_compra=2  AND nro_sucursal=1  AND tipo_orden_compra='A' AND nro_linea=2  
Save/Update: DELETE proveedor_movimientos where nro_movimiento=4  ; DELETE documento_movimiento where nro_movimiento=4  ; ;DELETE MovimientosCuenta WHERE nro_movimiento=4  
Save/Update: DELETE FROM OrdenDeCompra WHERE nro_Doc =5
Save/Update: delete documento where nro_doc=5</StdOut>
      </Output>
    </UnitTestResult>
    <UnitTestResult executionId="a10126df-0ada-4f0a-8468-28382f6ceea7" testId="b28eae18-99f0-9519-6256-d75c3d089452" testName="grabarNewsletterTest" computerName="DIEGO-PC" duration="00:00:00.0055890" startTime="2012-11-26T18:29:49.4708009-03:00" endTime="2012-11-26T18:29:49.4878018-03:00" testType="13cdc9d9-ddb5-4fa4-a97d-d965ccfc6d4b" outcome="Passed" testListId="8c84fa94-04c1-424b-9868-57a2d4851a1d" relativeResultsDirectory="a10126df-0ada-4f0a-8468-28382f6ceea7">
      <Output>
        <StdOut>Save/Update: SELECT  ISNULL(MAX(id + 1),1) from newsletter
Save/Update: INSERT INTO newsletter (id, newsletter, nombre, enviado) VALUES (3 , 'html', 'news3', 0 ); 
Save/Update: select * from newsletter
Save/Update: DELETE newsletter WHERE id=3</StdOut>
      </Output>
    </UnitTestResult>
    <UnitTestResult executionId="81e51e5d-f35c-4e69-8392-50a50fea468b" testId="b40b8a29-c95a-4ade-0e51-c133972e69c6" testName="grabarTest" computerName="DIEGO-PC" duration="00:00:00.0160031" startTime="2012-11-26T18:29:49.4938022-03:00" endTime="2012-11-26T18:29:49.5198037-03:00" testType="13cdc9d9-ddb5-4fa4-a97d-d965ccfc6d4b" outcome="Passed" testListId="8c84fa94-04c1-424b-9868-57a2d4851a1d" relativeResultsDirectory="81e51e5d-f35c-4e69-8392-50a50fea468b">
      <Output>
        <StdOut>Save/Update: INSERT INTO Proveedor (id_proveedor, nombre, telefono, direccion) VALUES (4 , 'nombre4', '4444-4444', 'direccion 4'); 
Save/Update: SELECT  ISNULL(MAX(nro_Doc + 1),1) from documento
Save/Update: INSERT INTO documento VALUES (5)
Save/Update: SELECT  ISNULL(MAX(nro_orden_compra + 1),1) from OrdenDeCompra WHERE nro_sucursal=1 AND tipo_orden_compra='A'
Save/Update: INSERT INTO OrdenDeCompra (nro_Doc, iva, fecha, borrado, nro_orden_compra, nro_sucursal, tipo_orden_compra, id_proveedor, monto) VALUES (5 , 33.3,  CAST('26/11/2012 18:29:49.500'  AS DateTime), 0 , 2 , 1 , 'A', 4 , 33.3); UPDATE LineaOrdenDeCompra SET borrado=1 WHERE nro_orden_compra=2  AND nro_sucursal=1  AND tipo_orden_compra='A' ; 
Save/Update: select * from Proveedor
Save/Update: select * from OrdenDeCompra WHERE  OrdenDeCompra.id_proveedor=1  ; select * from documento_movimiento; select * from LineaOrdenDeCompra WHERE borrado = 0
Save/Update: select * from OrdenDeCompra WHERE  OrdenDeCompra.id_proveedor=2  ; select * from documento_movimiento; select * from LineaOrdenDeCompra WHERE borrado = 0
Save/Update: select * from OrdenDeCompra WHERE  OrdenDeCompra.id_proveedor=3  ; select * from documento_movimiento; select * from LineaOrdenDeCompra WHERE borrado = 0
Save/Update: select * from OrdenDeCompra WHERE  OrdenDeCompra.id_proveedor=4  ; select * from documento_movimiento; select * from LineaOrdenDeCompra WHERE borrado = 0
Save/Update: delete OrdenDeCompra where nro_doc=5
Save/Update: delete documento where nro_doc=5
Save/Update: DELETE Proveedor WHERE id_proveedor=4  
Save/Update: UPDATE Proveedor SET nombre='nombre1', telefono='1111-1111', direccion='direccion 1' WHERE id_proveedor=1  ;</StdOut>
      </Output>
    </UnitTestResult>
    <UnitTestResult executionId="42612f24-a1d7-4229-8273-73a6a281f1d6" testId="b6192558-2ee3-59f6-6537-ecfd184b2822" testName="CargarClientesTest" computerName="DIEGO-PC" duration="00:00:00.0395278" startTime="2012-11-26T18:29:49.5238039-03:00" endTime="2012-11-26T18:29:49.5718066-03:00" testType="13cdc9d9-ddb5-4fa4-a97d-d965ccfc6d4b" outcome="Passed" testListId="8c84fa94-04c1-424b-9868-57a2d4851a1d" relativeResultsDirectory="42612f24-a1d7-4229-8273-73a6a281f1d6">
      <Output>
        <StdOut>Save/Update: select * from Cliente; select * from cliente_movimientos; select * from Pedido WHERE borrado = 0; select * from Factura WHERE borrado = 0; select * from Diseño WHERE borrado = 0
Save/Update: select * from Usuario WHERE  Usuario.usuarioID=1  ; select * from JoinUsuarioToFamilia; select * from JoinPatenteToUsuario
Save/Update: select * from Familia JOIN JoinUsuarioToFamilia AS usuarios ON Familia.familiaID=usuarios.familiaID WHERE usuarios.usuarioID=1  ; select * from JoinFamiliaToPatente
Save/Update: select * from Patente JOIN JoinPatenteToUsuario AS usuario ON Patente.patenteId=usuario.patenteId WHERE usuario.usuarioID=1  
Save/Update: select * from Cliente WHERE  Cliente.usuarioID=1  ; select * from cliente_movimientos; select * from Pedido WHERE borrado = 0; select * from Factura WHERE borrado = 0; select * from Diseño WHERE borrado = 0
Save/Update: select * from Diseño WHERE  Diseño.id_cliente=1  ; select * from historico_estados_diseño WHERE borrado = 0
Save/Update: select * from Factura WHERE  Factura.id_cliente=1  ; select * from documento_movimiento; select * from LineaFactura WHERE borrado = 0
Save/Update: select * from Pedido WHERE  Pedido.id_cliente=1  ; select * from produccion WHERE borrado = 0; select * from historico_estados_pedido WHERE borrado = 0
Save/Update: select * from MovimientosCuenta JOIN cliente_movimientos AS cliente ON MovimientosCuenta.nro_movimiento=cliente.nro_movimiento WHERE cliente.id_cliente=1  AND cliente.id_cliente IS NOT  NULL ; select * from cliente_movimientos; select * from documento_movimiento
Save/Update: select * from Usuario WHERE  Usuario.usuarioID=2  ; select * from JoinUsuarioToFamilia; select * from JoinPatenteToUsuario
Save/Update: select * from Familia JOIN JoinUsuarioToFamilia AS usuarios ON Familia.familiaID=usuarios.familiaID WHERE usuarios.usuarioID=2  ; select * from JoinFamiliaToPatente
Save/Update: select * from Patente JOIN JoinFamiliaToPatente AS familia ON Patente.patenteId=familia.patenteId WHERE familia.familiaID=2  
Save/Update: select * from Patente JOIN JoinPatenteToUsuario AS usuario ON Patente.patenteId=usuario.patenteId WHERE usuario.usuarioID=2  
Save/Update: select * from Cliente WHERE  Cliente.usuarioID=2  ; select * from cliente_movimientos; select * from Pedido WHERE borrado = 0; select * from Factura WHERE borrado = 0; select * from Diseño WHERE borrado = 0
Save/Update: select * from Diseño WHERE  Diseño.id_cliente=2  ; select * from historico_estados_diseño WHERE borrado = 0
Save/Update: select * from Factura WHERE  Factura.id_cliente=2  ; select * from documento_movimiento; select * from LineaFactura WHERE borrado = 0
Save/Update: select * from Pedido WHERE  Pedido.id_cliente=2  ; select * from produccion WHERE borrado = 0; select * from historico_estados_pedido WHERE borrado = 0
Save/Update: select * from MovimientosCuenta JOIN cliente_movimientos AS cliente ON MovimientosCuenta.nro_movimiento=cliente.nro_movimiento WHERE cliente.id_cliente=2  AND cliente.id_cliente IS NOT  NULL ; select * from cliente_movimientos; select * from documento_movimiento
Save/Update: UPDATE Usuario SET nombre='nombre1', apellido='apellido1', mail='mail1@test.com', password='11C8', telefonoFijo='1111-1111', telefonoMovil='1111-1111', bloqueado=0  WHERE usuarioID=1  ; DELETE JoinUsuarioToFamilia where usuarioID=1  ; DELETE JoinPatenteToUsuario where usuarioID=1  ; 
Save/Update: UPDATE Cliente SET habitadoTurnos=1 , newsletter=0  WHERE id_cliente=1  ; UPDATE Pedido SET borrado=1 WHERE id_cliente=1  ; UPDATE Factura SET borrado=1 WHERE id_cliente=1  ; UPDATE Diseño SET borrado=1 WHERE id_cliente=1  ; 
Save/Update:  UPDATE factura set borrado = 0 
Save/Update:  UPDATE diseño set borrado = 0 
Save/Update:  UPDATE pedido set borrado = 0 
Save/Update:  Insert into JoinPatenteToUsuario values (1,1)</StdOut>
      </Output>
    </UnitTestResult>
    <UnitTestResult executionId="b7f4eb25-a1f7-49d7-9000-a3350f121bcb" testId="b697701d-8cff-a257-c4da-79dac613bf34" testName="grabarMensajeTest" computerName="DIEGO-PC" duration="00:00:00.0060428" startTime="2012-11-26T18:29:49.5748068-03:00" endTime="2012-11-26T18:29:49.5908077-03:00" testType="13cdc9d9-ddb5-4fa4-a97d-d965ccfc6d4b" outcome="Passed" testListId="8c84fa94-04c1-424b-9868-57a2d4851a1d" relativeResultsDirectory="b7f4eb25-a1f7-49d7-9000-a3350f121bcb">
      <Output>
        <StdOut>Save/Update: SELECT  ISNULL(MAX(id + 1),1) from Mensaje
Save/Update: INSERT INTO Mensaje (id, tipoMensaje, fecha, mensaje, leido, borrado, id_conversacion) VALUES (5 , 0 ,  CAST('26/11/2012 18:29:49.581'  AS DateTime), 'test msj grabarMensajeTest', 0 , 0 , 1 ); 
Save/Update: select * from Mensaje WHERE  Mensaje.id_conversacion=1  
Save/Update: DELETE Mensaje WHERE id=5</StdOut>
      </Output>
    </UnitTestResult>
    <UnitTestResult executionId="fca1c36a-19de-435d-a680-22d7467ccd43" testId="b6c93299-c437-e1df-d8ec-dc7e1e4a6bba" testName="listarPedidosConRestriccionTest" computerName="DIEGO-PC" duration="00:00:00.0138591" startTime="2012-11-26T18:29:49.5948080-03:00" endTime="2012-11-26T18:29:49.6188093-03:00" testType="13cdc9d9-ddb5-4fa4-a97d-d965ccfc6d4b" outcome="Passed" testListId="8c84fa94-04c1-424b-9868-57a2d4851a1d" relativeResultsDirectory="fca1c36a-19de-435d-a680-22d7467ccd43">
      <Output>
        <StdOut>Save/Update: select * from Pedido WHERE  Pedido.id_cliente=1  AND  Pedido.estadoActual=3  AND  Pedido.fechaInicio&gt;= CAST('11/09/2012 12:00:00.000'  AS DateTime) AND  Pedido.fechaInicio&lt;= CAST('11/09/2012 14:00:00.000'  AS DateTime) AND  Pedido.fechaFinal&gt;= CAST('11/09/2012 12:00:00.000'  AS DateTime) AND  Pedido.fechaFinal&lt;= CAST('11/09/2012 14:00:00.000'  AS DateTime) ; select * from produccion WHERE borrado = 0; select * from historico_estados_pedido WHERE borrado = 0
Save/Update: select * from historico_estados_pedido WHERE  historico_estados_pedido.cod_pedido=1  
Save/Update: select * from tipoPedido WHERE  tipoPedido.tipo_pedido=1  
Save/Update: select * from produccion WHERE  produccion.cod_pedido=1  ; select * from historico_estados_produccion WHERE borrado = 0
Save/Update: select * from Cliente WHERE  Cliente.id_cliente=1  ; select * from cliente_movimientos; select * from Pedido WHERE borrado = 0; select * from Factura WHERE borrado = 0; select * from Diseño WHERE borrado = 0
Save/Update: select * from EstadoPedido WHERE  EstadoPedido.estado_pedido=3  
Save/Update: DELETE historico_estados_pedido WHERE nro_estado=1  AND cod_pedido=5  
Save/Update: DELETE historico_estados_pedido WHERE nro_estado=2  AND cod_pedido=5  
Save/Update: DELETE produccion WHERE cod_produccion=7  
Save/Update: DELETE Pedido WHERE cod_pedido=5</StdOut>
      </Output>
    </UnitTestResult>
    <UnitTestResult executionId="782b8787-cdf2-4801-8a04-0716ff46432a" testId="b6d2504c-fd0b-46f0-ca34-952aa534d5bc" testName="listarNewsletterTest" computerName="DIEGO-PC" duration="00:00:00.0033065" startTime="2012-11-26T18:29:49.6208094-03:00" endTime="2012-11-26T18:29:49.6348102-03:00" testType="13cdc9d9-ddb5-4fa4-a97d-d965ccfc6d4b" outcome="Passed" testListId="8c84fa94-04c1-424b-9868-57a2d4851a1d" relativeResultsDirectory="782b8787-cdf2-4801-8a04-0716ff46432a">
      <Output>
        <StdOut>Save/Update: select * from newsletter</StdOut>
      </Output>
    </UnitTestResult>
    <UnitTestResult executionId="260361db-3f0e-4cf1-92fb-9cea2fe36c38" testId="b757834a-da0f-6514-4f88-5f56b32e1557" testName="buscarMovimintosTest" computerName="DIEGO-PC" duration="00:00:00.0108660" startTime="2012-11-26T18:29:49.6408106-03:00" endTime="2012-11-26T18:29:49.6598117-03:00" testType="13cdc9d9-ddb5-4fa4-a97d-d965ccfc6d4b" outcome="Passed" testListId="8c84fa94-04c1-424b-9868-57a2d4851a1d" relativeResultsDirectory="260361db-3f0e-4cf1-92fb-9cea2fe36c38">
      <Output>
        <StdOut>Save/Update: select * from MovimientosCuenta JOIN proveedor_movimientos AS proveedor ON MovimientosCuenta.nro_movimiento=proveedor.nro_movimiento WHERE  MovimientosCuenta.comentario LIKE '%m3%'AND  MovimientosCuenta.fecha&gt;= CAST('03/03/2003 00:00:00.000'  AS DateTime) AND  MovimientosCuenta.monto&gt;=30 AND  MovimientosCuenta.monto&lt;=33 AND  MovimientosCuenta.cuentaID=1  AND  MovimientosCuenta.tipoMovimientoID=1  AND proveedor.id_proveedor=1  AND proveedor.id_proveedor IS NOT  NULL ; select * from proveedor_movimientos; select * from documento_movimiento
Save/Update: select * from Proveedor WHERE  Proveedor.id_proveedor=1  
Save/Update: select * from OrdenDeCompra WHERE  OrdenDeCompra.id_proveedor=1  ; select * from documento_movimiento; select * from LineaOrdenDeCompra WHERE borrado = 0
Save/Update: select * from OrdenDeCompra WHERE  OrdenDeCompra.nro_Doc=3  ; select * from documento_movimiento; select * from LineaOrdenDeCompra WHERE borrado = 0
Save/Update: select * from tipoMovimiento WHERE  tipoMovimiento.tipoMovimientoID=1  
Save/Update: select * from Cuenta WHERE  Cuenta.cuentaID=1  
Save/Update: DELETE proveedor_movimientos where nro_movimiento=4  ; DELETE documento_movimiento where nro_movimiento=4  ; ;DELETE MovimientosCuenta WHERE nro_movimiento=4</StdOut>
      </Output>
    </UnitTestResult>
    <UnitTestResult executionId="f905f9be-ed45-43ee-a574-fc7c2bb360b1" testId="b8413468-f954-3662-0efc-8c48132ad726" testName="listarProduccionPorPedidoTest" computerName="DIEGO-PC" duration="00:00:00.0218752" startTime="2012-11-26T18:29:49.6638119-03:00" endTime="2012-11-26T18:29:49.6948137-03:00" testType="13cdc9d9-ddb5-4fa4-a97d-d965ccfc6d4b" outcome="Passed" testListId="8c84fa94-04c1-424b-9868-57a2d4851a1d" relativeResultsDirectory="f905f9be-ed45-43ee-a574-fc7c2bb360b1">
      <Output>
        <StdOut>Save/Update: select * from produccion WHERE  produccion.cod_pedido=1  ; select * from historico_estados_produccion WHERE borrado = 0
Save/Update: select * from Pedido WHERE  Pedido.cod_pedido=1  ; select * from produccion WHERE borrado = 0; select * from historico_estados_pedido WHERE borrado = 0
Save/Update: select * from Maquina WHERE  Maquina.cod_maquina=1  ; select * from JoinMaquinaToTipoPrenda
Save/Update: select * from Articulos WHERE  Articulos.cod_articulo=1  ; select * from lista_precios WHERE borrado = 0
Save/Update: select * from EstadoTrabajos WHERE  EstadoTrabajos.cod_estado=3  
Save/Update: select * from historico_estados_produccion WHERE  historico_estados_produccion.cod_produccion=1  
Save/Update: select * from produccion_operador WHERE  produccion_operador.cod_prodcuccion=1  
Save/Update: select * from Pedido WHERE  Pedido.cod_pedido=1  ; select * from produccion WHERE borrado = 0; select * from historico_estados_pedido WHERE borrado = 0
Save/Update: select * from Maquina WHERE  Maquina.cod_maquina=1  ; select * from JoinMaquinaToTipoPrenda
Save/Update: select * from Articulos WHERE  Articulos.cod_articulo=2  ; select * from lista_precios WHERE borrado = 0
Save/Update: select * from EstadoTrabajos WHERE  EstadoTrabajos.cod_estado=2  
Save/Update: select * from historico_estados_produccion WHERE  historico_estados_produccion.cod_produccion=2  
Save/Update: select * from produccion_operador WHERE  produccion_operador.cod_prodcuccion=2  
Save/Update: select * from Pedido WHERE  Pedido.cod_pedido=1  ; select * from produccion WHERE borrado = 0; select * from historico_estados_pedido WHERE borrado = 0
Save/Update: select * from Maquina WHERE  Maquina.cod_maquina=2  ; select * from JoinMaquinaToTipoPrenda
Save/Update: select * from Articulos WHERE  Articulos.cod_articulo=3  ; select * from lista_precios WHERE borrado = 0
Save/Update: select * from EstadoTrabajos WHERE  EstadoTrabajos.cod_estado=0  
Save/Update: select * from historico_estados_produccion WHERE  historico_estados_produccion.cod_produccion=3  
Save/Update: select * from produccion_operador WHERE  produccion_operador.cod_prodcuccion=3  
Save/Update: DELETE produccion_operador WHERE id_operador=2  AND cod_prodcuccion=7  
Save/Update: DELETE historico_estados_produccion WHERE nro_estado=1  AND cod_produccion=7  
Save/Update: DELETE historico_estados_produccion WHERE nro_estado=2  AND cod_produccion=7  
Save/Update: DELETE produccion WHERE cod_produccion=7</StdOut>
      </Output>
    </UnitTestResult>
    <UnitTestResult executionId="3dad942f-2cf6-4279-839a-45af6dad0e00" testId="b8f7e814-b981-7bd7-8770-09bbc779dc13" testName="buscarPorDescripcionTest" computerName="DIEGO-PC" duration="00:00:00.0061809" startTime="2012-11-26T18:29:49.7038142-03:00" endTime="2012-11-26T18:29:49.7228153-03:00" testType="13cdc9d9-ddb5-4fa4-a97d-d965ccfc6d4b" outcome="Passed" testListId="8c84fa94-04c1-424b-9868-57a2d4851a1d" relativeResultsDirectory="3dad942f-2cf6-4279-839a-45af6dad0e00">
      <Output>
        <StdOut>Save/Update: select * from tipoInsumo WHERE  tipoInsumo.descripcion='friselina gruesa'</StdOut>
      </Output>
    </UnitTestResult>
    <UnitTestResult executionId="faac68d9-9e6f-417d-93d0-522839105ec5" testId="b942b6d6-f408-1783-9c4d-ef179ac5d56f" testName="listarArticulosPorPrendaTest" computerName="DIEGO-PC" duration="00:00:00.0130136" startTime="2012-11-26T18:29:49.7268155-03:00" endTime="2012-11-26T18:29:49.7518169-03:00" testType="13cdc9d9-ddb5-4fa4-a97d-d965ccfc6d4b" outcome="Passed" testListId="8c84fa94-04c1-424b-9868-57a2d4851a1d" relativeResultsDirectory="faac68d9-9e6f-417d-93d0-522839105ec5">
      <Output>
        <StdOut>Save/Update: select * from Articulos WHERE  Articulos.tipoPrendaID=1  AND  Articulos.borrado=0  ; select * from lista_precios WHERE borrado = 0
Save/Update: select * from lista_precios WHERE  lista_precios.cod_articulo=1  
Save/Update: select * from TipoPrenda WHERE  TipoPrenda.tipo_prenda=1  
Save/Update: select * from Diseño WHERE  Diseño.cod_diseño=1  ; select * from historico_estados_diseño WHERE borrado = 0
Save/Update: DELETE lista_precios WHERE nro_lista=1  AND cod_articulo=4  
Save/Update: DELETE lista_precios WHERE nro_lista=2  AND cod_articulo=4  
Save/Update: DELETE Articulos WHERE cod_articulo=4</StdOut>
      </Output>
    </UnitTestResult>
    <UnitTestResult executionId="4c45eebd-13e6-43c5-b3e5-65c251f74789" testId="b98676fe-ee87-56df-eacd-dd7ebb6e2cd3" testName="buscarTodoTest" computerName="DIEGO-PC" duration="00:00:00.0039468" startTime="2012-11-26T18:29:49.7568172-03:00" endTime="2012-11-26T18:29:49.7748183-03:00" testType="13cdc9d9-ddb5-4fa4-a97d-d965ccfc6d4b" outcome="Passed" testListId="8c84fa94-04c1-424b-9868-57a2d4851a1d" relativeResultsDirectory="4c45eebd-13e6-43c5-b3e5-65c251f74789">
      <Output>
        <StdOut>Save/Update: select * from tipoInsumo</StdOut>
      </Output>
    </UnitTestResult>
    <UnitTestResult executionId="72877f2e-4a5a-4ba2-9618-641f297b22fa" testId="b9fd46b5-4626-f3cd-bb11-d3d09ef904e4" testName="cargarFamiliasPorUsuarioTest" computerName="DIEGO-PC" duration="00:00:00.0029102" startTime="2012-11-26T18:29:49.7848188-03:00" endTime="2012-11-26T18:29:49.7968195-03:00" testType="13cdc9d9-ddb5-4fa4-a97d-d965ccfc6d4b" outcome="Passed" testListId="8c84fa94-04c1-424b-9868-57a2d4851a1d" relativeResultsDirectory="72877f2e-4a5a-4ba2-9618-641f297b22fa">
      <Output>
        <StdOut>Save/Update: select * from Patente JOIN JoinPatenteToUsuario AS usuario ON Patente.patenteId=usuario.patenteId WHERE usuario.usuarioID=3</StdOut>
      </Output>
    </UnitTestResult>
    <UnitTestResult executionId="ddfb7f71-2db9-45bc-b254-a98be75dd67b" testId="bab93624-9701-4d27-3151-c1bf509e95c1" testName="grabarProduccionOperadorTDGTest" computerName="DIEGO-PC" duration="00:00:00.0074721" startTime="2012-11-26T18:29:49.8028199-03:00" endTime="2012-11-26T18:29:49.8268212-03:00" testType="13cdc9d9-ddb5-4fa4-a97d-d965ccfc6d4b" outcome="Passed" testListId="8c84fa94-04c1-424b-9868-57a2d4851a1d" relativeResultsDirectory="ddfb7f71-2db9-45bc-b254-a98be75dd67b">
      <Output>
        <StdOut>Save/Update: INSERT INTO produccion_operador (id_operador, cod_prodcuccion, porcentaje) VALUES (2 , 6 , 1 ); 
Save/Update: select * from produccion_operador WHERE  produccion_operador.id_operador=2  AND  produccion_operador.cod_prodcuccion=6  
Save/Update: DELETE produccion_operador WHERE id_operador=2  AND cod_prodcuccion=6</StdOut>
      </Output>
    </UnitTestResult>
    <UnitTestResult executionId="2dae4940-c1f1-4071-a4ea-da84193df060" testId="bb119d3a-e948-8bb7-862b-ef22cd5e5418" testName="cargarlistaProduccionConRestriccionesTest" computerName="DIEGO-PC" duration="00:00:00.0112057" startTime="2012-11-26T18:29:49.8298214-03:00" endTime="2012-11-26T18:29:49.8518227-03:00" testType="13cdc9d9-ddb5-4fa4-a97d-d965ccfc6d4b" outcome="Passed" testListId="8c84fa94-04c1-424b-9868-57a2d4851a1d" relativeResultsDirectory="2dae4940-c1f1-4071-a4ea-da84193df060">
      <Output>
        <StdOut>Save/Update: select * from produccion WHERE  produccion.cod_produccion=1  AND  produccion.cod_pedido=1  AND  produccion.cod_articulo=1  AND  produccion.cod_maquina=1  AND  produccion.estadoActual=3  AND  produccion.comentario LIKE '%rio%'AND  produccion.borrado=0  ; select * from historico_estados_produccion WHERE borrado = 0
Save/Update: DELETE produccion WHERE cod_produccion=7</StdOut>
      </Output>
    </UnitTestResult>
    <UnitTestResult executionId="1c9744d7-b7dc-49f8-8f85-af81fa7515a9" testId="bbf04cdd-f777-915a-4f82-d89d0fb3c21c" testName="actualizarTipoPedidosTest" computerName="DIEGO-PC" duration="00:00:00.0070183" startTime="2012-11-26T18:29:49.8568229-03:00" endTime="2012-11-26T18:29:49.8768241-03:00" testType="13cdc9d9-ddb5-4fa4-a97d-d965ccfc6d4b" outcome="Passed" testListId="8c84fa94-04c1-424b-9868-57a2d4851a1d" relativeResultsDirectory="1c9744d7-b7dc-49f8-8f85-af81fa7515a9">
      <Output>
        <StdOut>Save/Update: UPDATE tipoPedido SET descripcion='tipo modificado' WHERE tipo_pedido=1  ; 
Save/Update: select * from tipoPedido WHERE  tipoPedido.tipo_pedido=1  
Save/Update: UPDATE tipoPedido SET descripcion='con turno' WHERE tipo_pedido=1  ;</StdOut>
      </Output>
    </UnitTestResult>
    <UnitTestResult executionId="e1915379-4724-4ce9-a442-37024ed0e27b" testId="bc086558-20df-1a67-5cff-56823f0eb575" testName="cargarFamiliasPorFamiliaTest" computerName="DIEGO-PC" duration="00:00:00.0032172" startTime="2012-11-26T18:29:49.8788242-03:00" endTime="2012-11-26T18:29:49.8958252-03:00" testType="13cdc9d9-ddb5-4fa4-a97d-d965ccfc6d4b" outcome="Passed" testListId="8c84fa94-04c1-424b-9868-57a2d4851a1d" relativeResultsDirectory="e1915379-4724-4ce9-a442-37024ed0e27b">
      <Output>
        <StdOut>Save/Update: select * from Patente JOIN JoinFamiliaToPatente AS familia ON Patente.patenteId=familia.patenteId WHERE familia.familiaID=6</StdOut>
      </Output>
    </UnitTestResult>
    <UnitTestResult executionId="e0e15ff0-9a63-41f6-8f5f-baa3d0cce5cb" testId="bc6fbc6a-1040-2a7b-d37a-1937b6e2fa50" testName="listarOrdenDeComprasPorProveedorTest" computerName="DIEGO-PC" duration="00:00:00.0140693" startTime="2012-11-26T18:29:49.9008255-03:00" endTime="2012-11-26T18:29:49.9238268-03:00" testType="13cdc9d9-ddb5-4fa4-a97d-d965ccfc6d4b" outcome="Passed" testListId="8c84fa94-04c1-424b-9868-57a2d4851a1d" relativeResultsDirectory="e0e15ff0-9a63-41f6-8f5f-baa3d0cce5cb">
      <Output>
        <StdOut>Save/Update: select * from OrdenDeCompra WHERE  OrdenDeCompra.id_proveedor=1  ; select * from documento_movimiento; select * from LineaOrdenDeCompra WHERE borrado = 0
Save/Update: select * from LineaOrdenDeCompra WHERE  LineaOrdenDeCompra.nro_orden_compra=1  AND  LineaOrdenDeCompra.tipo_orden_compra='A' AND  LineaOrdenDeCompra.nro_sucursal=1  
Save/Update: select * from insumo WHERE  insumo.cod_insumo=1  
Save/Update: select * from insumo WHERE  insumo.cod_insumo=2  
Save/Update: select * from Proveedor WHERE  Proveedor.id_proveedor=1  
Save/Update: select * from MovimientosCuenta JOIN documento_movimiento AS documento ON MovimientosCuenta.nro_movimiento=documento.nro_movimiento JOIN proveedor_movimientos AS proveedor ON MovimientosCuenta.nro_movimiento=proveedor.nro_movimiento WHERE documento.nro_Doc=3  AND proveedor.id_proveedor IS NOT  NULL ; select * from proveedor_movimientos; select * from documento_movimiento
Save/Update: select * from LineaOrdenDeCompra WHERE  LineaOrdenDeCompra.nro_orden_compra=2  AND  LineaOrdenDeCompra.tipo_orden_compra='B' AND  LineaOrdenDeCompra.nro_sucursal=1  
Save/Update: select * from insumo WHERE  insumo.cod_insumo=1  
Save/Update: select * from insumo WHERE  insumo.cod_insumo=1  
Save/Update: select * from Proveedor WHERE  Proveedor.id_proveedor=1  
Save/Update: select * from MovimientosCuenta JOIN documento_movimiento AS documento ON MovimientosCuenta.nro_movimiento=documento.nro_movimiento JOIN proveedor_movimientos AS proveedor ON MovimientosCuenta.nro_movimiento=proveedor.nro_movimiento WHERE documento.nro_Doc=4  AND proveedor.id_proveedor IS NOT  NULL ; select * from proveedor_movimientos; select * from documento_movimiento
Save/Update: DELETE LineaOrdenDeCompra WHERE nro_orden_compra=2  AND nro_sucursal=1  AND tipo_orden_compra='A' AND nro_linea=1  
Save/Update: DELETE LineaOrdenDeCompra WHERE nro_orden_compra=2  AND nro_sucursal=1  AND tipo_orden_compra='A' AND nro_linea=2  
Save/Update: DELETE proveedor_movimientos where nro_movimiento=4  ; DELETE documento_movimiento where nro_movimiento=4  ; ;DELETE MovimientosCuenta WHERE nro_movimiento=4  
Save/Update: DELETE FROM OrdenDeCompra WHERE nro_Doc =5
Save/Update: delete documento where nro_doc=5</StdOut>
      </Output>
    </UnitTestResult>
    <UnitTestResult executionId="d02febc7-3d0d-4bed-bf60-34f5a6068618" testId="bcd1f511-94b6-a2b6-4c0d-819d27a24411" testName="buscarDiseñoPorClienteTest" computerName="DIEGO-PC" duration="00:00:00.0157780" startTime="2012-11-26T18:29:49.9298271-03:00" endTime="2012-11-26T18:29:49.9528284-03:00" testType="13cdc9d9-ddb5-4fa4-a97d-d965ccfc6d4b" outcome="Passed" testListId="8c84fa94-04c1-424b-9868-57a2d4851a1d" relativeResultsDirectory="d02febc7-3d0d-4bed-bf60-34f5a6068618">
      <Output>
        <StdOut>Save/Update: select * from Diseño WHERE  Diseño.id_cliente=1  ; select * from historico_estados_diseño WHERE borrado = 0
Save/Update: select * from Cliente WHERE  Cliente.id_cliente=1  ; select * from cliente_movimientos; select * from Pedido WHERE borrado = 0; select * from Factura WHERE borrado = 0; select * from Diseño WHERE borrado = 0
Save/Update: select * from Usuario WHERE  Usuario.usuarioID=1  ; select * from JoinUsuarioToFamilia; select * from JoinPatenteToUsuario
Save/Update: select * from Diseño_insumos WHERE  Diseño_insumos.cod_diseño=1  
Save/Update: select * from historico_estados_diseño WHERE  historico_estados_diseño.cod_diseño=1  
Save/Update: select * from EstadoDiseños WHERE  EstadoDiseños.estado=2  
Save/Update: select * from Cliente WHERE  Cliente.id_cliente=1  ; select * from cliente_movimientos; select * from Pedido WHERE borrado = 0; select * from Factura WHERE borrado = 0; select * from Diseño WHERE borrado = 0
Save/Update: select * from Usuario WHERE  Usuario.usuarioID=1  ; select * from JoinUsuarioToFamilia; select * from JoinPatenteToUsuario
Save/Update: select * from Diseño_insumos WHERE  Diseño_insumos.cod_diseño=2  
Save/Update: select * from historico_estados_diseño WHERE  historico_estados_diseño.cod_diseño=2  
Save/Update: select * from EstadoDiseños WHERE  EstadoDiseños.estado=2  
Save/Update: DELETE FROM Diseño_insumos where cod_diseño=3
Save/Update: DELETE FROM historico_estados_diseño where cod_diseño=3
Save/Update: DELETE Diseño WHERE cod_diseño=3</StdOut>
      </Output>
    </UnitTestResult>
    <UnitTestResult executionId="649013a3-e99c-4bff-9f75-7ae6b9ec9820" testId="bdb05735-8cd1-a75d-4d6a-dc0c0dcde2a9" testName="buscarMovimientoPorNroTest" computerName="DIEGO-PC" duration="00:00:00.0080092" startTime="2012-11-26T18:29:49.9568287-03:00" endTime="2012-11-26T18:29:49.9728296-03:00" testType="13cdc9d9-ddb5-4fa4-a97d-d965ccfc6d4b" outcome="Passed" testListId="8c84fa94-04c1-424b-9868-57a2d4851a1d" relativeResultsDirectory="649013a3-e99c-4bff-9f75-7ae6b9ec9820">
      <Output>
        <StdOut>Save/Update: select * from MovimientosCuenta JOIN proveedor_movimientos AS proveedor ON MovimientosCuenta.nro_movimiento=proveedor.nro_movimiento WHERE  MovimientosCuenta.nro_movimiento=3  AND proveedor.id_proveedor IS NOT  NULL ; select * from proveedor_movimientos; select * from documento_movimiento
Save/Update: select * from Proveedor WHERE  Proveedor.id_proveedor=1  
Save/Update: select * from OrdenDeCompra WHERE  OrdenDeCompra.id_proveedor=1  ; select * from documento_movimiento; select * from LineaOrdenDeCompra WHERE borrado = 0
Save/Update: select * from OrdenDeCompra WHERE  OrdenDeCompra.nro_Doc=3  ; select * from documento_movimiento; select * from LineaOrdenDeCompra WHERE borrado = 0
Save/Update: select * from tipoMovimiento WHERE  tipoMovimiento.tipoMovimientoID=1  
Save/Update: select * from Cuenta WHERE  Cuenta.cuentaID=1  
Save/Update: DELETE proveedor_movimientos where nro_movimiento=4  ; DELETE documento_movimiento where nro_movimiento=4  ; ;DELETE MovimientosCuenta WHERE nro_movimiento=4</StdOut>
      </Output>
    </UnitTestResult>
    <UnitTestResult executionId="38e2962d-cb26-4f6c-b18d-a2b6b0a101b1" testId="bde72f4f-f66e-49e5-5a7f-f0f6283a032f" testName="buscarNewsletterParaEnviarTest" computerName="DIEGO-PC" duration="00:00:00.0047734" startTime="2012-11-26T18:29:49.9778299-03:00" endTime="2012-11-26T18:29:49.9918307-03:00" testType="13cdc9d9-ddb5-4fa4-a97d-d965ccfc6d4b" outcome="Passed" testListId="8c84fa94-04c1-424b-9868-57a2d4851a1d" relativeResultsDirectory="38e2962d-cb26-4f6c-b18d-a2b6b0a101b1">
      <Output>
        <StdOut>Save/Update: select * from newsletter WHERE  newsletter.enviado=0</StdOut>
      </Output>
    </UnitTestResult>
    <UnitTestResult executionId="3a6c289a-7c02-4ebe-93eb-d187dedfde4e" testId="be2975a5-16cf-8b54-0e33-59e4bc6c38a6" testName="listarOpinionesPorMailTest" computerName="DIEGO-PC" duration="00:00:00.0041411" startTime="2012-11-26T18:29:49.9958309-03:00" endTime="2012-11-26T18:29:50.0078316-03:00" testType="13cdc9d9-ddb5-4fa4-a97d-d965ccfc6d4b" outcome="Passed" testListId="8c84fa94-04c1-424b-9868-57a2d4851a1d" relativeResultsDirectory="3a6c289a-7c02-4ebe-93eb-d187dedfde4e">
      <Output>
        <StdOut>Save/Update: select * from opiniones WHERE  opiniones.mail LIKE '%mail2@test.com%'</StdOut>
      </Output>
    </UnitTestResult>
    <UnitTestResult executionId="8465711f-becb-48ab-8721-41efe99affbb" testId="beb08e30-b8b0-b48e-c515-c7a8586c6e54" testName="buscarEstadosTest" computerName="DIEGO-PC" duration="00:00:00.0038830" startTime="2012-11-26T18:29:50.0098317-03:00" endTime="2012-11-26T18:29:50.0238325-03:00" testType="13cdc9d9-ddb5-4fa4-a97d-d965ccfc6d4b" outcome="Passed" testListId="8c84fa94-04c1-424b-9868-57a2d4851a1d" relativeResultsDirectory="8465711f-becb-48ab-8721-41efe99affbb">
      <Output>
        <StdOut>Save/Update: select * from EstadoDiseños</StdOut>
      </Output>
    </UnitTestResult>
    <UnitTestResult executionId="d506ed5f-deaa-42b8-a342-44a0abc46faa" testId="bf3337bc-4ebe-14d7-ffa9-91df711ba6a0" testName="modificarProduccionTest" computerName="DIEGO-PC" duration="00:00:00.0108443" startTime="2012-11-26T18:29:50.0288328-03:00" endTime="2012-11-26T18:29:50.0488339-03:00" testType="13cdc9d9-ddb5-4fa4-a97d-d965ccfc6d4b" outcome="Passed" testListId="8c84fa94-04c1-424b-9868-57a2d4851a1d" relativeResultsDirectory="d506ed5f-deaa-42b8-a342-44a0abc46faa">
      <Output>
        <StdOut>Save/Update: SELECT  ISNULL(MAX(cod_produccion + 1),1) from produccion
Save/Update: INSERT INTO produccion (cod_produccion, comentario, cod_pedido, cod_maquina, cod_articulo, cantidad, estadoActual, utilizacion, fechaInicio, fechaFinal, borrado) VALUES (7 , 'comentario test', 3 , 3 , 7 , 10 , 2 , 1,  CAST('26/11/2012 18:29:50.035'  AS DateTime),  CAST('26/11/2012 18:29:50.035'  AS DateTime), 0 ); UPDATE historico_estados_produccion SET borrado=1 WHERE cod_produccion=7  ; 
Save/Update: select * from produccion WHERE  produccion.comentario LIKE '%comentario test%'; select * from historico_estados_produccion WHERE borrado = 0
Save/Update: UPDATE produccion SET comentario='comentario test', cod_pedido=3 , cod_maquina=3 , cod_articulo=5 , cantidad=10 , estadoActual=3 , utilizacion=1, fechaInicio= CAST('26/11/2012 18:29:50.037'  AS DateTime), fechaFinal= CAST('26/11/2012 18:29:50.037'  AS DateTime), borrado=0  WHERE cod_produccion=7  ; UPDATE historico_estados_produccion SET borrado=1 WHERE cod_produccion=7  ; 
Save/Update: select * from produccion WHERE  produccion.comentario LIKE '%comentario test%'; select * from historico_estados_produccion WHERE borrado = 0
Save/Update: DELETE produccion WHERE cod_produccion=7</StdOut>
      </Output>
    </UnitTestResult>
    <UnitTestResult executionId="8a52e5b6-bd6c-43d4-b9c7-26e90f545598" testId="bf901687-526e-3c4f-d25d-5f1eb0ec55f2" testName="listarFacturasPorClienteTest" computerName="DIEGO-PC" duration="00:00:00.0219232" startTime="2012-11-26T18:29:50.0508340-03:00" endTime="2012-11-26T18:29:50.0818358-03:00" testType="13cdc9d9-ddb5-4fa4-a97d-d965ccfc6d4b" outcome="Passed" testListId="8c84fa94-04c1-424b-9868-57a2d4851a1d" relativeResultsDirectory="8a52e5b6-bd6c-43d4-b9c7-26e90f545598">
      <Output>
        <StdOut>Save/Update: select * from Factura WHERE  Factura.id_cliente=1  ; select * from documento_movimiento; select * from LineaFactura WHERE borrado = 0
Save/Update: select * from LineaFactura WHERE  LineaFactura.nro_factura=1  AND  LineaFactura.tipo_factura='A' AND  LineaFactura.nro_sucursal=1  
Save/Update: select * from Articulos WHERE  Articulos.cod_articulo=1  ; select * from lista_precios WHERE borrado = 0
Save/Update: select * from Articulos WHERE  Articulos.cod_articulo=2  ; select * from lista_precios WHERE borrado = 0
Save/Update: select * from Cliente WHERE  Cliente.id_cliente=1  ; select * from cliente_movimientos; select * from Pedido WHERE borrado = 0; select * from Factura WHERE borrado = 0; select * from Diseño WHERE borrado = 0
Save/Update: select * from Usuario WHERE  Usuario.usuarioID=1  ; select * from JoinUsuarioToFamilia; select * from JoinPatenteToUsuario
Save/Update: select * from MovimientosCuenta JOIN documento_movimiento AS documento ON MovimientosCuenta.nro_movimiento=documento.nro_movimiento JOIN cliente_movimientos AS cliente ON MovimientosCuenta.nro_movimiento=cliente.nro_movimiento WHERE documento.nro_Doc=1  AND cliente.id_cliente IS NOT  NULL ; select * from cliente_movimientos; select * from documento_movimiento
Save/Update: select * from LineaFactura WHERE  LineaFactura.nro_factura=1  AND  LineaFactura.tipo_factura='B' AND  LineaFactura.nro_sucursal=2  
Save/Update: select * from Articulos WHERE  Articulos.cod_articulo=1  ; select * from lista_precios WHERE borrado = 0
Save/Update: select * from Articulos WHERE  Articulos.cod_articulo=2  ; select * from lista_precios WHERE borrado = 0
Save/Update: select * from Cliente WHERE  Cliente.id_cliente=1  ; select * from cliente_movimientos; select * from Pedido WHERE borrado = 0; select * from Factura WHERE borrado = 0; select * from Diseño WHERE borrado = 0
Save/Update: select * from Usuario WHERE  Usuario.usuarioID=1  ; select * from JoinUsuarioToFamilia; select * from JoinPatenteToUsuario
Save/Update: select * from MovimientosCuenta JOIN documento_movimiento AS documento ON MovimientosCuenta.nro_movimiento=documento.nro_movimiento JOIN cliente_movimientos AS cliente ON MovimientosCuenta.nro_movimiento=cliente.nro_movimiento WHERE documento.nro_Doc=2  AND cliente.id_cliente IS NOT  NULL ; select * from cliente_movimientos; select * from documento_movimiento
Save/Update: DELETE LineaFactura WHERE nro_factura=2  AND nro_sucursal=1  AND tipo_factura='A' AND nro_linea=1  
Save/Update: DELETE LineaFactura WHERE nro_factura=2  AND nro_sucursal=1  AND tipo_factura='A' AND nro_linea=2  
Save/Update: DELETE cliente_movimientos where nro_movimiento=4  ; DELETE documento_movimiento where nro_movimiento=4  ; ;DELETE MovimientosCuenta WHERE nro_movimiento=4  
Save/Update: DELETE FROM Factura WHERE nro_Doc =5
Save/Update: delete documento where nro_doc=5</StdOut>
      </Output>
    </UnitTestResult>
    <UnitTestResult executionId="6c3f1681-b8f8-4eb9-8fea-0c5e9386ff98" testId="c1679918-c36e-2cbe-87a9-96506a9b38f9" testName="ListarPrendasTest" computerName="DIEGO-PC" duration="00:00:00.0023762" startTime="2012-11-26T18:29:50.0858360-03:00" endTime="2012-11-26T18:29:50.0968367-03:00" testType="13cdc9d9-ddb5-4fa4-a97d-d965ccfc6d4b" outcome="Passed" testListId="8c84fa94-04c1-424b-9868-57a2d4851a1d" relativeResultsDirectory="6c3f1681-b8f8-4eb9-8fea-0c5e9386ff98">
      <Output>
        <StdOut>Save/Update: select * from TipoPrenda</StdOut>
      </Output>
    </UnitTestResult>
    <UnitTestResult executionId="0016c97a-90e3-47b6-bff9-8f1b02ee99f9" testId="c17e6f29-704e-75d9-e266-2faaf40f3e21" testName="calcularDistanciaEntreTrabajosTest1" computerName="DIEGO-PC" duration="00:00:00.0035999" startTime="2012-11-26T18:29:50.1018370-03:00" endTime="2012-11-26T18:29:50.1128376-03:00" testType="13cdc9d9-ddb5-4fa4-a97d-d965ccfc6d4b" outcome="Passed" testListId="8c84fa94-04c1-424b-9868-57a2d4851a1d" relativeResultsDirectory="0016c97a-90e3-47b6-bff9-8f1b02ee99f9">
      <Output>
        <StdOut>Save/Update: DELETE produccion_operador WHERE id_operador=2  AND cod_prodcuccion=7  
Save/Update: DELETE historico_estados_produccion WHERE nro_estado=1  AND cod_produccion=7  
Save/Update: DELETE historico_estados_produccion WHERE nro_estado=2  AND cod_produccion=7  
Save/Update: DELETE produccion WHERE cod_produccion=7</StdOut>
      </Output>
    </UnitTestResult>
    <UnitTestResult executionId="5a2f7588-89ad-467e-b5e8-bec1e2717a84" testId="c27245e1-4f05-55df-8c6f-e38fa3d47902" testName="grabarFacturaTest" computerName="DIEGO-PC" duration="00:00:00.0216130" startTime="2012-11-26T18:29:50.1168378-03:00" endTime="2012-11-26T18:29:50.1478396-03:00" testType="13cdc9d9-ddb5-4fa4-a97d-d965ccfc6d4b" outcome="Passed" testListId="8c84fa94-04c1-424b-9868-57a2d4851a1d" relativeResultsDirectory="5a2f7588-89ad-467e-b5e8-bec1e2717a84">
      <Output>
        <StdOut>Save/Update: SELECT  ISNULL(MAX(nro_Doc + 1),1) from documento
Save/Update: INSERT INTO documento VALUES (5)
Save/Update: SELECT  ISNULL(MAX(nro_factura + 1),1) from Factura WHERE nro_sucursal=1 AND tipo_factura='A'
Save/Update: INSERT INTO Factura (nro_Doc, iva, fecha, borrado, nro_factura, nro_sucursal, tipo_factura, id_cliente, monto) VALUES (5 , 1.1,  CAST('13/10/2012 21:44:12.000'  AS DateTime), 0 , 2 , 1 , 'A', 2 , 100); UPDATE LineaFactura SET borrado=1 WHERE nro_factura=2  AND nro_sucursal=1  AND tipo_factura='A' ; 
Save/Update: SELECT  ISNULL(MAX(nro_linea + 1),1) from LineaFactura WHERE nro_factura=2 AND nro_sucursal=1 AND tipo_factura='A'
Save/Update: INSERT INTO LineaFactura (nro_factura, nro_sucursal, tipo_factura, nro_linea, cod_producto, cantidad, precio, borrado) VALUES (2 , 1 , 'A', 1 , 2 , 10 , 50, 0 ); 
Save/Update: SELECT  ISNULL(MAX(nro_movimiento + 1),1) from MovimientosCuenta
Save/Update: INSERT INTO MovimientosCuenta (nro_movimiento, comentario, fecha, monto, cuentaID, tipoMovimientoID) VALUES (4 , 'com test',  CAST('13/10/2012 21:44:12.000'  AS DateTime), 100, 1 , 1 ); DELETE cliente_movimientos where nro_movimiento=4  ;  INSERT INTO cliente_movimientos ( nro_movimiento, id_cliente) VALUES ( 4 , 2 ); DELETE documento_movimiento where nro_movimiento=4  ;  INSERT INTO documento_movimiento ( nro_movimiento, nro_Doc) VALUES ( 4 , 5 ); 
Save/Update: select * from Factura WHERE  Factura.nro_factura=2  AND  Factura.nro_sucursal=1  AND  Factura.tipo_factura='A' ; select * from documento_movimiento; select * from LineaFactura WHERE borrado = 0
Save/Update: select * from LineaFactura WHERE  LineaFactura.nro_factura=2  AND  LineaFactura.tipo_factura='A' AND  LineaFactura.nro_sucursal=1  
Save/Update: select * from Articulos WHERE  Articulos.cod_articulo=2  ; select * from lista_precios WHERE borrado = 0
Save/Update: select * from Cliente WHERE  Cliente.id_cliente=2  ; select * from cliente_movimientos; select * from Pedido WHERE borrado = 0; select * from Factura WHERE borrado = 0; select * from Diseño WHERE borrado = 0
Save/Update: select * from Usuario WHERE  Usuario.usuarioID=2  ; select * from JoinUsuarioToFamilia; select * from JoinPatenteToUsuario
Save/Update: select * from MovimientosCuenta JOIN documento_movimiento AS documento ON MovimientosCuenta.nro_movimiento=documento.nro_movimiento JOIN cliente_movimientos AS cliente ON MovimientosCuenta.nro_movimiento=cliente.nro_movimiento WHERE documento.nro_Doc=5  AND cliente.id_cliente IS NOT  NULL ; select * from cliente_movimientos; select * from documento_movimiento
Save/Update: DELETE LineaFactura WHERE nro_factura=2  AND nro_sucursal=1  AND tipo_factura='A' AND nro_linea=1  
Save/Update: DELETE LineaFactura WHERE nro_factura=2  AND nro_sucursal=1  AND tipo_factura='A' AND nro_linea=2  
Save/Update: DELETE cliente_movimientos where nro_movimiento=4  ; DELETE documento_movimiento where nro_movimiento=4  ; ;DELETE MovimientosCuenta WHERE nro_movimiento=4  
Save/Update: DELETE FROM Factura WHERE nro_Doc =5
Save/Update: delete documento where nro_doc=5</StdOut>
      </Output>
    </UnitTestResult>
    <UnitTestResult executionId="9352eec5-20d5-4edd-bedd-4f4b9626b829" testId="c2878fbd-4540-66f8-af38-853465e7a6aa" testName="cargarUsuarioPorFamiliaTest" computerName="DIEGO-PC" duration="00:00:00.0094598" startTime="2012-11-26T18:29:50.1498397-03:00" endTime="2012-11-26T18:29:50.1698408-03:00" testType="13cdc9d9-ddb5-4fa4-a97d-d965ccfc6d4b" outcome="Passed" testListId="8c84fa94-04c1-424b-9868-57a2d4851a1d" relativeResultsDirectory="9352eec5-20d5-4edd-bedd-4f4b9626b829">
      <Output>
        <StdOut>Save/Update: select * from Usuario JOIN JoinUsuarioToFamilia AS familias ON Usuario.usuarioID=familias.usuarioID WHERE familias.familiaID=6  ; select * from JoinUsuarioToFamilia; select * from JoinPatenteToUsuario
Save/Update: DELETE JoinUsuarioToFamilia where usuarioID=6  ; DELETE JoinPatenteToUsuario where usuarioID=6  ; ;DELETE Usuario WHERE usuarioID=6  
Save/Update: UPDATE Usuario SET nombre='nombre5', apellido='apellido5', mail='mail5@test.com', password='pas5', telefonoFijo='5555-5555', telefonoMovil='5555-5555', bloqueado=0  WHERE usuarioID=5  ; DELETE JoinUsuarioToFamilia where usuarioID=5  ; DELETE JoinPatenteToUsuario where usuarioID=5  ;</StdOut>
      </Output>
    </UnitTestResult>
    <UnitTestResult executionId="b096a470-e47e-4c33-a36a-7a9933ac1a40" testId="c37440e9-11a5-99b5-8db4-69844a9128f1" testName="grabarTipoPedidosTest" computerName="DIEGO-PC" duration="00:00:00.0053467" startTime="2012-11-26T18:29:50.1768412-03:00" endTime="2012-11-26T18:29:50.1928422-03:00" testType="13cdc9d9-ddb5-4fa4-a97d-d965ccfc6d4b" outcome="Passed" testListId="8c84fa94-04c1-424b-9868-57a2d4851a1d" relativeResultsDirectory="b096a470-e47e-4c33-a36a-7a9933ac1a40">
      <Output>
        <StdOut>Save/Update: INSERT INTO tipoPedido (tipo_pedido, descripcion) VALUES (3 , 'tipo test'); 
Save/Update: select * from tipoPedido
Save/Update: DELETE tipoPedido WHERE tipo_pedido=3</StdOut>
      </Output>
    </UnitTestResult>
    <UnitTestResult executionId="cb8becc5-0026-4c5a-99ef-716391da130f" testId="c40068e0-385e-bf45-abe2-9f61f6d3993f" testName="modificarMovimientosClienteTest" computerName="DIEGO-PC" duration="00:00:00.0147078" startTime="2012-11-26T18:29:50.1958423-03:00" endTime="2012-11-26T18:29:50.2198437-03:00" testType="13cdc9d9-ddb5-4fa4-a97d-d965ccfc6d4b" outcome="Passed" testListId="8c84fa94-04c1-424b-9868-57a2d4851a1d" relativeResultsDirectory="cb8becc5-0026-4c5a-99ef-716391da130f">
      <Output>
        <StdOut>Save/Update: SELECT  ISNULL(MAX(nro_movimiento + 1),1) from MovimientosCuenta
Save/Update: INSERT INTO MovimientosCuenta (nro_movimiento, comentario, fecha, monto, cuentaID, tipoMovimientoID) VALUES (4 , 'com4',  CAST('26/11/2012 18:29:50.203'  AS DateTime), 33.3, 1 , 2 ); DELETE proveedor_movimientos where nro_movimiento=4  ;  INSERT INTO proveedor_movimientos ( nro_movimiento, id_proveedor) VALUES ( 4 , 2 ); DELETE documento_movimiento where nro_movimiento=4  ; 
Save/Update: select * from MovimientosCuenta JOIN proveedor_movimientos AS proveedor ON MovimientosCuenta.nro_movimiento=proveedor.nro_movimiento WHERE  MovimientosCuenta.nro_movimiento=4  AND  MovimientosCuenta.monto=33.3 AND proveedor.id_proveedor IS NOT  NULL ; select * from proveedor_movimientos; select * from documento_movimiento
Save/Update: UPDATE MovimientosCuenta SET comentario='com4', fecha= CAST('26/11/2012 18:29:50.203'  AS DateTime), monto=33.3, cuentaID=1 , tipoMovimientoID=2  WHERE nro_movimiento=4  ; DELETE proveedor_movimientos where nro_movimiento=4  ;  INSERT INTO proveedor_movimientos ( nro_movimiento, id_proveedor) VALUES ( 4 , 3 ); DELETE documento_movimiento where nro_movimiento=4  ; 
Save/Update: select * from MovimientosCuenta JOIN proveedor_movimientos AS proveedor ON MovimientosCuenta.nro_movimiento=proveedor.nro_movimiento WHERE  MovimientosCuenta.nro_movimiento=4  AND  MovimientosCuenta.monto=33.3 AND proveedor.id_proveedor IS NOT  NULL AND proveedor.id_proveedor IS NOT  NULL ; select * from proveedor_movimientos; select * from documento_movimiento
Save/Update: DELETE proveedor_movimientos where nro_movimiento=4  ; DELETE documento_movimiento where nro_movimiento=4  ; ;DELETE MovimientosCuenta WHERE nro_movimiento=4</StdOut>
      </Output>
    </UnitTestResult>
    <UnitTestResult executionId="f35e4db8-29f1-48e5-9536-083f12f84bc5" testId="c6a2f7ad-0298-580e-2fa3-bbb6c9b28898" testName="listarFacturasPorIdTest" computerName="DIEGO-PC" duration="00:00:00.0188785" startTime="2012-11-26T18:29:50.2258440-03:00" endTime="2012-11-26T18:29:50.2598460-03:00" testType="13cdc9d9-ddb5-4fa4-a97d-d965ccfc6d4b" outcome="Passed" testListId="8c84fa94-04c1-424b-9868-57a2d4851a1d" relativeResultsDirectory="f35e4db8-29f1-48e5-9536-083f12f84bc5">
      <Output>
        <StdOut>Save/Update: select * from Factura WHERE  Factura.nro_factura=1  AND  Factura.nro_sucursal=1  AND  Factura.tipo_factura='A' ; select * from documento_movimiento; select * from LineaFactura WHERE borrado = 0
Save/Update: select * from LineaFactura WHERE  LineaFactura.nro_factura=1  AND  LineaFactura.tipo_factura='A' AND  LineaFactura.nro_sucursal=1  
Save/Update: select * from Articulos WHERE  Articulos.cod_articulo=1  ; select * from lista_precios WHERE borrado = 0
Save/Update: select * from Articulos WHERE  Articulos.cod_articulo=2  ; select * from lista_precios WHERE borrado = 0
Save/Update: select * from Cliente WHERE  Cliente.id_cliente=1  ; select * from cliente_movimientos; select * from Pedido WHERE borrado = 0; select * from Factura WHERE borrado = 0; select * from Diseño WHERE borrado = 0
Save/Update: select * from Usuario WHERE  Usuario.usuarioID=1  ; select * from JoinUsuarioToFamilia; select * from JoinPatenteToUsuario
Save/Update: select * from MovimientosCuenta JOIN documento_movimiento AS documento ON MovimientosCuenta.nro_movimiento=documento.nro_movimiento JOIN cliente_movimientos AS cliente ON MovimientosCuenta.nro_movimiento=cliente.nro_movimiento WHERE documento.nro_Doc=1  AND cliente.id_cliente IS NOT  NULL ; select * from cliente_movimientos; select * from documento_movimiento
Save/Update: DELETE LineaFactura WHERE nro_factura=2  AND nro_sucursal=1  AND tipo_factura='A' AND nro_linea=1  
Save/Update: DELETE LineaFactura WHERE nro_factura=2  AND nro_sucursal=1  AND tipo_factura='A' AND nro_linea=2  
Save/Update: DELETE cliente_movimientos where nro_movimiento=4  ; DELETE documento_movimiento where nro_movimiento=4  ; ;DELETE MovimientosCuenta WHERE nro_movimiento=4  
Save/Update: DELETE FROM Factura WHERE nro_Doc =5
Save/Update: delete documento where nro_doc=5</StdOut>
      </Output>
    </UnitTestResult>
    <UnitTestResult executionId="5c2635d3-1842-442b-b3d5-b11f51b34698" testId="c6f9c8d4-b42f-f506-2486-8ec3f82f78d3" testName="cargarFamiliasTest" computerName="DIEGO-PC" duration="00:00:00.0035560" startTime="2012-11-26T18:29:50.2628462-03:00" endTime="2012-11-26T18:29:50.2768470-03:00" testType="13cdc9d9-ddb5-4fa4-a97d-d965ccfc6d4b" outcome="Passed" testListId="8c84fa94-04c1-424b-9868-57a2d4851a1d" relativeResultsDirectory="5c2635d3-1842-442b-b3d5-b11f51b34698">
      <Output>
        <StdOut>Save/Update: select * from Familia; select * from JoinFamiliaToPatente</StdOut>
      </Output>
    </UnitTestResult>
    <UnitTestResult executionId="07eab95b-dd5d-470f-805f-eefad70de648" testId="c736d05f-3776-7117-cc83-8e6ae9b75cf4" testName="cargarMovimientosConRestriccionesTest" computerName="DIEGO-PC" duration="00:00:00.0108524" startTime="2012-11-26T18:29:50.2828473-03:00" endTime="2012-11-26T18:29:50.3018484-03:00" testType="13cdc9d9-ddb5-4fa4-a97d-d965ccfc6d4b" outcome="Passed" testListId="8c84fa94-04c1-424b-9868-57a2d4851a1d" relativeResultsDirectory="07eab95b-dd5d-470f-805f-eefad70de648">
      <Output>
        <StdOut>Save/Update: select * from MovimientosCuenta JOIN cliente_movimientos AS cliente ON MovimientosCuenta.nro_movimiento=cliente.nro_movimiento WHERE  MovimientosCuenta.nro_movimiento=1  AND  MovimientosCuenta.comentario LIKE '%m1%'AND  MovimientosCuenta.fecha= CAST('11/11/2011 00:00:00.000'  AS DateTime) AND  MovimientosCuenta.monto&gt;=5 AND  MovimientosCuenta.monto&lt;=15 AND  MovimientosCuenta.cuentaID=1  AND  MovimientosCuenta.tipoMovimientoID=1  AND cliente.id_cliente=1  AND cliente.id_cliente IS NOT  NULL ; select * from cliente_movimientos; select * from documento_movimiento
Save/Update: DELETE cliente_movimientos where nro_movimiento=4  ; DELETE documento_movimiento where nro_movimiento=4  ; ;DELETE MovimientosCuenta WHERE nro_movimiento=4</StdOut>
      </Output>
    </UnitTestResult>
    <UnitTestResult executionId="75db5204-a3f4-4c70-87a6-802ea5124039" testId="c9059140-bd68-daef-e19b-ffc08869ca24" testName="borrarMovimientosTest" computerName="DIEGO-PC" duration="00:00:00.0073077" startTime="2012-11-26T18:29:50.3048486-03:00" endTime="2012-11-26T18:29:50.3258498-03:00" testType="13cdc9d9-ddb5-4fa4-a97d-d965ccfc6d4b" outcome="Passed" testListId="8c84fa94-04c1-424b-9868-57a2d4851a1d" relativeResultsDirectory="75db5204-a3f4-4c70-87a6-802ea5124039">
      <Output>
        <StdOut>Save/Update: SELECT  ISNULL(MAX(nro_movimiento + 1),1) from MovimientosStock WHERE cod_insumo=1
Save/Update: INSERT INTO MovimientosStock (nro_movimiento, cod_insumo, tipo, fecha, cantidad) VALUES (3 , 1 , 1 ,  CAST('11/11/2012 00:00:00.000'  AS DateTime), 15); 
Save/Update: select * from MovimientosStock WHERE  MovimientosStock.cod_insumo=1  AND  MovimientosStock.nro_movimiento=3  
Save/Update: DELETE MovimientosStock WHERE nro_movimiento=3  AND cod_insumo=1  
Save/Update: select * from MovimientosStock WHERE  MovimientosStock.cod_insumo=1  AND  MovimientosStock.nro_movimiento=3  
Save/Update: DELETE MovimientosStock WHERE nro_movimiento=3  AND cod_insumo=1</StdOut>
      </Output>
    </UnitTestResult>
    <UnitTestResult executionId="18ff1ccb-891a-40ec-9607-76e366a0824f" testId="c928c59c-16e9-64be-3633-321da85248bf" testName="buscarDiseñoInsumoTest" computerName="DIEGO-PC" duration="00:00:00.0031634" startTime="2012-11-26T18:29:50.3318501-03:00" endTime="2012-11-26T18:29:50.3438508-03:00" testType="13cdc9d9-ddb5-4fa4-a97d-d965ccfc6d4b" outcome="Passed" testListId="8c84fa94-04c1-424b-9868-57a2d4851a1d" relativeResultsDirectory="18ff1ccb-891a-40ec-9607-76e366a0824f">
      <Output>
        <StdOut>Save/Update: select * from Diseño_insumos
Save/Update: DELETE Diseño_insumos WHERE cod_diseño=2  AND cod_insumo=1</StdOut>
      </Output>
    </UnitTestResult>
    <UnitTestResult executionId="6564a9ed-28d3-433c-954b-e708703d424c" testId="c931a490-990c-5326-1530-0428c428a145" testName="listarMovimientosPorClienteTest" computerName="DIEGO-PC" duration="00:00:00.0386161" startTime="2012-11-26T18:29:50.3498511-03:00" endTime="2012-11-26T18:29:50.3988539-03:00" testType="13cdc9d9-ddb5-4fa4-a97d-d965ccfc6d4b" outcome="Passed" testListId="8c84fa94-04c1-424b-9868-57a2d4851a1d" relativeResultsDirectory="6564a9ed-28d3-433c-954b-e708703d424c">
      <Output>
        <StdOut>Save/Update: select * from MovimientosCuenta JOIN cliente_movimientos AS cliente ON MovimientosCuenta.nro_movimiento=cliente.nro_movimiento WHERE cliente.id_cliente IS NOT  NULL ; select * from cliente_movimientos; select * from documento_movimiento
Save/Update: select * from Cliente WHERE  Cliente.id_cliente=1  ; select * from cliente_movimientos; select * from Pedido WHERE borrado = 0; select * from Factura WHERE borrado = 0; select * from Diseño WHERE borrado = 0
Save/Update: select * from Usuario WHERE  Usuario.usuarioID=1  ; select * from JoinUsuarioToFamilia; select * from JoinPatenteToUsuario
Save/Update: select * from Familia JOIN JoinUsuarioToFamilia AS usuarios ON Familia.familiaID=usuarios.familiaID WHERE usuarios.usuarioID=1  ; select * from JoinFamiliaToPatente
Save/Update: select * from Patente JOIN JoinPatenteToUsuario AS usuario ON Patente.patenteId=usuario.patenteId WHERE usuario.usuarioID=1  
Save/Update: select * from Cliente WHERE  Cliente.usuarioID=1  ; select * from cliente_movimientos; select * from Pedido WHERE borrado = 0; select * from Factura WHERE borrado = 0; select * from Diseño WHERE borrado = 0
Save/Update: select * from Diseño WHERE  Diseño.id_cliente=1  ; select * from historico_estados_diseño WHERE borrado = 0
Save/Update: select * from Factura WHERE  Factura.id_cliente=1  ; select * from documento_movimiento; select * from LineaFactura WHERE borrado = 0
Save/Update: select * from Pedido WHERE  Pedido.id_cliente=1  ; select * from produccion WHERE borrado = 0; select * from historico_estados_pedido WHERE borrado = 0
Save/Update: select * from MovimientosCuenta JOIN cliente_movimientos AS cliente ON MovimientosCuenta.nro_movimiento=cliente.nro_movimiento WHERE cliente.id_cliente=1  AND cliente.id_cliente IS NOT  NULL ; select * from cliente_movimientos; select * from documento_movimiento
Save/Update: select * from Factura WHERE  Factura.nro_Doc=1  ; select * from documento_movimiento; select * from LineaFactura WHERE borrado = 0
Save/Update: select * from tipoMovimiento WHERE  tipoMovimiento.tipoMovimientoID=1  
Save/Update: select * from Cuenta WHERE  Cuenta.cuentaID=1  
Save/Update: select * from Cliente WHERE  Cliente.id_cliente=1  ; select * from cliente_movimientos; select * from Pedido WHERE borrado = 0; select * from Factura WHERE borrado = 0; select * from Diseño WHERE borrado = 0
Save/Update: select * from Usuario WHERE  Usuario.usuarioID=1  ; select * from JoinUsuarioToFamilia; select * from JoinPatenteToUsuario
Save/Update: select * from Familia JOIN JoinUsuarioToFamilia AS usuarios ON Familia.familiaID=usuarios.familiaID WHERE usuarios.usuarioID=1  ; select * from JoinFamiliaToPatente
Save/Update: select * from Patente JOIN JoinPatenteToUsuario AS usuario ON Patente.patenteId=usuario.patenteId WHERE usuario.usuarioID=1  
Save/Update: select * from Cliente WHERE  Cliente.usuarioID=1  ; select * from cliente_movimientos; select * from Pedido WHERE borrado = 0; select * from Factura WHERE borrado = 0; select * from Diseño WHERE borrado = 0
Save/Update: select * from Diseño WHERE  Diseño.id_cliente=1  ; select * from historico_estados_diseño WHERE borrado = 0
Save/Update: select * from Factura WHERE  Factura.id_cliente=1  ; select * from documento_movimiento; select * from LineaFactura WHERE borrado = 0
Save/Update: select * from Pedido WHERE  Pedido.id_cliente=1  ; select * from produccion WHERE borrado = 0; select * from historico_estados_pedido WHERE borrado = 0
Save/Update: select * from MovimientosCuenta JOIN cliente_movimientos AS cliente ON MovimientosCuenta.nro_movimiento=cliente.nro_movimiento WHERE cliente.id_cliente=1  AND cliente.id_cliente IS NOT  NULL ; select * from cliente_movimientos; select * from documento_movimiento
Save/Update: select * from tipoMovimiento WHERE  tipoMovimiento.tipoMovimientoID=1  
Save/Update: select * from Cuenta WHERE  Cuenta.cuentaID=1  
Save/Update: DELETE cliente_movimientos where nro_movimiento=4  ; DELETE documento_movimiento where nro_movimiento=4  ; ;DELETE MovimientosCuenta WHERE nro_movimiento=4</StdOut>
      </Output>
    </UnitTestResult>
    <UnitTestResult executionId="51fa0738-6b10-44e3-9227-f88ef8c0d95b" testId="c96dfb21-7af5-153f-a5d2-8445e5fcca59" testName="cargarMaquinasConRestriccionesTest" computerName="DIEGO-PC" duration="00:00:00.0071062" startTime="2012-11-26T18:29:50.4038542-03:00" endTime="2012-11-26T18:29:50.4188551-03:00" testType="13cdc9d9-ddb5-4fa4-a97d-d965ccfc6d4b" outcome="Passed" testListId="8c84fa94-04c1-424b-9868-57a2d4851a1d" relativeResultsDirectory="51fa0738-6b10-44e3-9227-f88ef8c0d95b">
      <Output>
        <StdOut>Save/Update: select * from Maquina WHERE  Maquina.cod_maquina=1  AND  Maquina.altoMargen&lt;=20  AND  Maquina.anchoMargen&gt;=10  AND  Maquina.cabezales=1  AND  Maquina.nombre LIKE '%e1%'AND  Maquina.velocidadPromedio&gt;=111  AND  Maquina.cantidadColores&gt;=2  ; select * from JoinMaquinaToTipoPrenda
Save/Update: DELETE JoinMaquinaToTipoPrenda where cod_maquina=4  ; ;DELETE Maquina WHERE cod_maquina=4</StdOut>
      </Output>
    </UnitTestResult>
    <UnitTestResult executionId="7535b6e6-06e2-442f-8dbc-f726980210eb" testId="cab5d754-b046-c047-88d8-b763f582d340" testName="buscarOperadoresTest" computerName="DIEGO-PC" duration="00:00:00.0028749" startTime="2012-11-26T18:29:50.4208552-03:00" endTime="2012-11-26T18:29:50.4318558-03:00" testType="13cdc9d9-ddb5-4fa4-a97d-d965ccfc6d4b" outcome="Passed" testListId="8c84fa94-04c1-424b-9868-57a2d4851a1d" relativeResultsDirectory="7535b6e6-06e2-442f-8dbc-f726980210eb">
      <Output>
        <StdOut>Save/Update: select * from operador
Save/Update: DELETE operador WHERE id_Operador=3</StdOut>
      </Output>
    </UnitTestResult>
    <UnitTestResult executionId="61e846e8-86bf-42f9-a4e2-8e7acfafa477" testId="cb0676d4-b73b-00c6-8824-aa32bdf40010" testName="calcularFinalizacionTest" computerName="DIEGO-PC" duration="00:00:00.0031593" startTime="2012-11-26T18:29:50.4358561-03:00" endTime="2012-11-26T18:29:50.4478567-03:00" testType="13cdc9d9-ddb5-4fa4-a97d-d965ccfc6d4b" outcome="Passed" testListId="8c84fa94-04c1-424b-9868-57a2d4851a1d" relativeResultsDirectory="61e846e8-86bf-42f9-a4e2-8e7acfafa477">
      <Output>
        <StdOut>Save/Update: DELETE produccion_operador WHERE id_operador=2  AND cod_prodcuccion=7  
Save/Update: DELETE historico_estados_produccion WHERE nro_estado=1  AND cod_produccion=7  
Save/Update: DELETE historico_estados_produccion WHERE nro_estado=2  AND cod_produccion=7  
Save/Update: DELETE produccion WHERE cod_produccion=7</StdOut>
      </Output>
    </UnitTestResult>
    <UnitTestResult executionId="dc508bfb-ce3d-4816-87ae-b14dc534e11c" testId="cb68f00e-cb19-bf47-0657-80219e1c9cfa" testName="borrarTest" computerName="DIEGO-PC" duration="00:00:00.0069889" startTime="2012-11-26T18:29:50.4528570-03:00" endTime="2012-11-26T18:29:50.4678579-03:00" testType="13cdc9d9-ddb5-4fa4-a97d-d965ccfc6d4b" outcome="Passed" testListId="8c84fa94-04c1-424b-9868-57a2d4851a1d" relativeResultsDirectory="dc508bfb-ce3d-4816-87ae-b14dc534e11c">
      <Output>
        <StdOut>Save/Update: SELECT  ISNULL(MAX(id + 1),1) from Mensaje
Save/Update: INSERT INTO Mensaje (id, tipoMensaje, fecha, mensaje, leido, borrado, id_conversacion) VALUES (5 , 0 ,  CAST('26/11/2012 18:29:50.458'  AS DateTime), 'test msj grabarMensajeTest', 0 , 0 , 1 ); 
Save/Update: select * from Mensaje WHERE  Mensaje.id_conversacion=1  
Save/Update: DELETE Mensaje WHERE id=5  
Save/Update: select * from Mensaje WHERE  Mensaje.id_conversacion=1</StdOut>
      </Output>
    </UnitTestResult>
    <UnitTestResult executionId="63fa5427-f80f-4ea1-94e7-933537da37a2" testId="cb854ea1-43fe-4e51-b3cc-ba77c8dba841" testName="buscarArticulosConRestriccionesTest" computerName="DIEGO-PC" duration="00:00:00.0066986" startTime="2012-11-26T18:29:50.4718581-03:00" endTime="2012-11-26T18:29:50.4878590-03:00" testType="13cdc9d9-ddb5-4fa4-a97d-d965ccfc6d4b" outcome="Passed" testListId="8c84fa94-04c1-424b-9868-57a2d4851a1d" relativeResultsDirectory="63fa5427-f80f-4ea1-94e7-933537da37a2">
      <Output>
        <StdOut>Save/Update: select * from Articulos WHERE  Articulos.cod_articulo=1  AND  Articulos.comentario='com1' AND  Articulos.diseñoID=1  AND  Articulos.precioActual=2.1 AND  Articulos.tipoPrendaID=1  AND  Articulos.produccion=10  ; select * from lista_precios WHERE borrado = 0
Save/Update: DELETE Articulos WHERE cod_articulo=4</StdOut>
      </Output>
    </UnitTestResult>
    <UnitTestResult executionId="3612664a-a4ad-453e-80b4-4ce73b64cf7e" testId="cc6fe6c4-963e-60ba-9611-8e531f6502c5" testName="cargarClientePorFacturaTest" computerName="DIEGO-PC" duration="00:00:00.0171095" startTime="2012-11-26T18:29:50.4908592-03:00" endTime="2012-11-26T18:29:50.5158606-03:00" testType="13cdc9d9-ddb5-4fa4-a97d-d965ccfc6d4b" outcome="Passed" testListId="8c84fa94-04c1-424b-9868-57a2d4851a1d" relativeResultsDirectory="3612664a-a4ad-453e-80b4-4ce73b64cf7e">
      <Output>
        <StdOut>Save/Update: select * from Cliente JOIN Factura AS facturas ON Cliente.id_cliente=facturas.id_cliente JOIN Diseño AS diseño ON Cliente.id_cliente=diseño.id_cliente JOIN cliente_movimientos AS movimientosCuentaCorriente ON Cliente.id_cliente=movimientosCuentaCorriente.id_cliente WHERE facturas.nro_Doc=1  AND diseño.cod_diseño=2  AND movimientosCuentaCorriente.nro_movimiento=1  AND  Cliente.newsletter=0  ; select * from cliente_movimientos; select * from Pedido WHERE borrado = 0; select * from Factura WHERE borrado = 0; select * from Diseño WHERE borrado = 0</StdOut>
      </Output>
    </UnitTestResult>
    <UnitTestResult executionId="28936c2e-122f-4de3-87a3-6002438ef41c" testId="ccb6e01a-8e1d-d753-d587-f8c1f14a9dc4" testName="grabarNewsletterTest" computerName="DIEGO-PC" duration="00:00:00.0046746" startTime="2012-11-26T18:29:50.5178608-03:00" endTime="2012-11-26T18:29:50.5308615-03:00" testType="13cdc9d9-ddb5-4fa4-a97d-d965ccfc6d4b" outcome="Passed" testListId="8c84fa94-04c1-424b-9868-57a2d4851a1d" relativeResultsDirectory="28936c2e-122f-4de3-87a3-6002438ef41c">
      <Output>
        <StdOut>Save/Update: SELECT  ISNULL(MAX(id + 1),1) from newsletter
Save/Update: INSERT INTO newsletter (id, newsletter, nombre, enviado) VALUES (3 , 'html', 'news3', 0 ); 
Save/Update: select * from newsletter
Save/Update: DELETE newsletter WHERE id=3</StdOut>
      </Output>
    </UnitTestResult>
    <UnitTestResult executionId="e2a1d0fa-ad2e-4ca2-9e74-533141d906cb" testId="ccbeee50-2d58-025b-2df8-75ec6a26b781" testName="buscarNewsletterPorNombreTest" computerName="DIEGO-PC" duration="00:00:00.0024913" startTime="2012-11-26T18:29:50.5348617-03:00" endTime="2012-11-26T18:29:50.5478625-03:00" testType="13cdc9d9-ddb5-4fa4-a97d-d965ccfc6d4b" outcome="Passed" testListId="8c84fa94-04c1-424b-9868-57a2d4851a1d" relativeResultsDirectory="e2a1d0fa-ad2e-4ca2-9e74-533141d906cb">
      <Output>
        <StdOut>Save/Update: select * from newsletter WHERE  newsletter.nombre='news1'</StdOut>
      </Output>
    </UnitTestResult>
    <UnitTestResult executionId="354aa62f-f63a-4519-9e24-a5cb4efffd81" testId="cdf27cc7-0312-7eab-0024-7c2c609d9e03" testName="actualizarProduccionTest" computerName="DIEGO-PC" duration="00:00:00.0304986" startTime="2012-11-26T18:29:50.5518627-03:00" endTime="2012-11-26T18:29:50.5918650-03:00" testType="13cdc9d9-ddb5-4fa4-a97d-d965ccfc6d4b" outcome="Passed" testListId="8c84fa94-04c1-424b-9868-57a2d4851a1d" relativeResultsDirectory="354aa62f-f63a-4519-9e24-a5cb4efffd81">
      <Output>
        <StdOut>Save/Update: SELECT  ISNULL(MAX(cod_produccion + 1),1) from produccion
Save/Update: INSERT INTO produccion (cod_produccion, comentario, cod_pedido, cod_maquina, cod_articulo, cantidad, estadoActual, utilizacion, fechaInicio, fechaFinal, borrado) VALUES (7 , 'com test', 3 , 3 , 3 , 10 , 1 , 1,  CAST('09/10/2012 10:00:00.000'  AS DateTime),  CAST('09/10/2012 14:00:00.000'  AS DateTime), 0 ); UPDATE historico_estados_produccion SET borrado=1 WHERE cod_produccion=7  ; 
Save/Update: SELECT  ISNULL(MAX(nro_estado + 1),1) from historico_estados_produccion WHERE cod_produccion=7
Save/Update: INSERT INTO historico_estados_produccion (nro_estado, comentario, cod_produccion, fechaDesde, fechaHasta, estado, borrado) VALUES (1 , 'com test', 7 ,  CAST('26/11/2012 18:29:50.559'  AS DateTime),  NULL , 1 , 0 ); 
Save/Update: select * from produccion WHERE  produccion.cod_produccion=7  ; select * from historico_estados_produccion WHERE borrado = 0
Save/Update: select * from Pedido WHERE  Pedido.cod_pedido=3  ; select * from produccion WHERE borrado = 0; select * from historico_estados_pedido WHERE borrado = 0
Save/Update: select * from Maquina WHERE  Maquina.cod_maquina=3  ; select * from JoinMaquinaToTipoPrenda
Save/Update: select * from Articulos WHERE  Articulos.cod_articulo=3  ; select * from lista_precios WHERE borrado = 0
Save/Update: select * from EstadoTrabajos WHERE  EstadoTrabajos.cod_estado=1  
Save/Update: select * from historico_estados_produccion WHERE  historico_estados_produccion.cod_produccion=7  
Save/Update: select * from produccion_operador WHERE  produccion_operador.cod_prodcuccion=7  
Save/Update: UPDATE produccion SET comentario='com test', cod_pedido=3 , cod_maquina=3 , cod_articulo=3 , cantidad=10 , estadoActual=1 , utilizacion=1, fechaInicio= CAST('09/10/2012 10:00:00.000'  AS DateTime), fechaFinal= CAST('09/10/2012 14:00:00.000'  AS DateTime), borrado=0  WHERE cod_produccion=7  ; UPDATE historico_estados_produccion SET borrado=1 WHERE cod_produccion=7  ; 
Save/Update: INSERT INTO produccion_operador (id_operador, cod_prodcuccion, porcentaje) VALUES (2 , 7 , 100 ); 
Save/Update: UPDATE historico_estados_produccion SET comentario='com test', fechaDesde= CAST('26/11/2012 18:29:50.560'  AS DateTime), fechaHasta= CAST('09/10/2012 14:00:00.000'  AS DateTime), estado=1 , borrado=0  WHERE nro_estado=1  AND cod_produccion=7  ; 
Save/Update: SELECT  ISNULL(MAX(nro_estado + 1),1) from historico_estados_produccion WHERE cod_produccion=7
Save/Update: INSERT INTO historico_estados_produccion (nro_estado, comentario, cod_produccion, fechaDesde, fechaHasta, estado, borrado) VALUES (2 , 'com test', 7 ,  CAST('26/11/2012 18:29:50.572'  AS DateTime),  NULL , 3 , 0 ); 
Save/Update: select * from produccion WHERE  produccion.cod_produccion=7  ; select * from historico_estados_produccion WHERE borrado = 0
Save/Update: select * from Pedido WHERE  Pedido.cod_pedido=3  ; select * from produccion WHERE borrado = 0; select * from historico_estados_pedido WHERE borrado = 0
Save/Update: select * from Maquina WHERE  Maquina.cod_maquina=3  ; select * from JoinMaquinaToTipoPrenda
Save/Update: select * from Articulos WHERE  Articulos.cod_articulo=3  ; select * from lista_precios WHERE borrado = 0
Save/Update: select * from EstadoTrabajos WHERE  EstadoTrabajos.cod_estado=1  
Save/Update: select * from historico_estados_produccion WHERE  historico_estados_produccion.cod_produccion=7  
Save/Update: select * from produccion_operador WHERE  produccion_operador.cod_prodcuccion=7  
Save/Update: DELETE produccion_operador WHERE id_operador=2  AND cod_prodcuccion=7  
Save/Update: DELETE historico_estados_produccion WHERE nro_estado=1  AND cod_produccion=7  
Save/Update: DELETE historico_estados_produccion WHERE nro_estado=2  AND cod_produccion=7  
Save/Update: DELETE produccion WHERE cod_produccion=7</StdOut>
      </Output>
    </UnitTestResult>
    <UnitTestResult executionId="17dc5613-3ffd-4684-9581-fd87303fab8d" testId="ce459473-fe89-efb8-04f6-e4458eb5deac" testName="listarFacturasPorClienteTest" computerName="DIEGO-PC" duration="00:00:00.0257931" startTime="2012-11-26T18:29:50.5938651-03:00" endTime="2012-11-26T18:29:50.6298672-03:00" testType="13cdc9d9-ddb5-4fa4-a97d-d965ccfc6d4b" outcome="Passed" testListId="8c84fa94-04c1-424b-9868-57a2d4851a1d" relativeResultsDirectory="17dc5613-3ffd-4684-9581-fd87303fab8d">
      <Output>
        <StdOut>Save/Update: select * from Factura WHERE  Factura.id_cliente=1  ; select * from documento_movimiento; select * from LineaFactura WHERE borrado = 0
Save/Update: select * from LineaFactura WHERE  LineaFactura.nro_factura=1  AND  LineaFactura.tipo_factura='A' AND  LineaFactura.nro_sucursal=1  
Save/Update: select * from Articulos WHERE  Articulos.cod_articulo=1  ; select * from lista_precios WHERE borrado = 0
Save/Update: select * from Articulos WHERE  Articulos.cod_articulo=2  ; select * from lista_precios WHERE borrado = 0
Save/Update: select * from Cliente WHERE  Cliente.id_cliente=1  ; select * from cliente_movimientos; select * from Pedido WHERE borrado = 0; select * from Factura WHERE borrado = 0; select * from Diseño WHERE borrado = 0
Save/Update: select * from Usuario WHERE  Usuario.usuarioID=1  ; select * from JoinUsuarioToFamilia; select * from JoinPatenteToUsuario
Save/Update: select * from MovimientosCuenta JOIN documento_movimiento AS documento ON MovimientosCuenta.nro_movimiento=documento.nro_movimiento JOIN cliente_movimientos AS cliente ON MovimientosCuenta.nro_movimiento=cliente.nro_movimiento WHERE documento.nro_Doc=1  AND cliente.id_cliente IS NOT  NULL ; select * from cliente_movimientos; select * from documento_movimiento
Save/Update: select * from LineaFactura WHERE  LineaFactura.nro_factura=1  AND  LineaFactura.tipo_factura='B' AND  LineaFactura.nro_sucursal=2  
Save/Update: select * from Articulos WHERE  Articulos.cod_articulo=1  ; select * from lista_precios WHERE borrado = 0
Save/Update: select * from Articulos WHERE  Articulos.cod_articulo=2  ; select * from lista_precios WHERE borrado = 0
Save/Update: select * from Cliente WHERE  Cliente.id_cliente=1  ; select * from cliente_movimientos; select * from Pedido WHERE borrado = 0; select * from Factura WHERE borrado = 0; select * from Diseño WHERE borrado = 0
Save/Update: select * from Usuario WHERE  Usuario.usuarioID=1  ; select * from JoinUsuarioToFamilia; select * from JoinPatenteToUsuario
Save/Update: select * from MovimientosCuenta JOIN documento_movimiento AS documento ON MovimientosCuenta.nro_movimiento=documento.nro_movimiento JOIN cliente_movimientos AS cliente ON MovimientosCuenta.nro_movimiento=cliente.nro_movimiento WHERE documento.nro_Doc=2  AND cliente.id_cliente IS NOT  NULL ; select * from cliente_movimientos; select * from documento_movimiento
Save/Update: DELETE LineaFactura WHERE nro_factura=2  AND nro_sucursal=1  AND tipo_factura='A' AND nro_linea=1  
Save/Update: DELETE LineaFactura WHERE nro_factura=2  AND nro_sucursal=1  AND tipo_factura='A' AND nro_linea=2  
Save/Update: DELETE cliente_movimientos where nro_movimiento=4  ; DELETE documento_movimiento where nro_movimiento=4  ; ;DELETE MovimientosCuenta WHERE nro_movimiento=4  
Save/Update: DELETE FROM Factura WHERE nro_Doc =5
Save/Update: delete documento where nro_doc=5</StdOut>
      </Output>
    </UnitTestResult>
    <UnitTestResult executionId="f0ab1f0a-43ae-490f-8a05-181e2a42894c" testId="ceeacb60-5ff3-0690-b3df-e29e915ef784" testName="grabarMaquinaTest" computerName="DIEGO-PC" duration="00:00:00.0074218" startTime="2012-11-26T18:29:50.6328673-03:00" endTime="2012-11-26T18:29:50.6548686-03:00" testType="13cdc9d9-ddb5-4fa4-a97d-d965ccfc6d4b" outcome="Passed" testListId="8c84fa94-04c1-424b-9868-57a2d4851a1d" relativeResultsDirectory="f0ab1f0a-43ae-490f-8a05-181e2a42894c">
      <Output>
        <StdOut>Save/Update: SELECT  ISNULL(MAX(cod_maquina + 1),1) from Maquina
Save/Update: INSERT INTO Maquina (cod_maquina, altoMargen, anchoMargen, cabezales, nombre, velocidadPromedio, cantidadColores) VALUES (4 , 100 , 200 , 12 , 'nombre nuevo', 1000 , 12 ); DELETE JoinMaquinaToTipoPrenda where cod_maquina=4  ;  INSERT INTO JoinMaquinaToTipoPrenda ( cod_maquina, tipo_prenda) VALUES ( 4 , 1 );  INSERT INTO JoinMaquinaToTipoPrenda ( cod_maquina, tipo_prenda) VALUES ( 4 , 2 ); 
Save/Update: select * from Maquina WHERE  Maquina.cod_maquina=4  ; select * from JoinMaquinaToTipoPrenda
Save/Update: select * from TipoPrenda WHERE  TipoPrenda.tipo_prenda=1  
Save/Update: select * from TipoPrenda WHERE  TipoPrenda.tipo_prenda=2  
Save/Update: DELETE JoinMaquinaToTipoPrenda where cod_maquina=4  ; ;DELETE Maquina WHERE cod_maquina=4  
Save/Update: delete from JoinMaquinaToTipoPrenda where cod_maquina=4</StdOut>
      </Output>
    </UnitTestResult>
    <UnitTestResult executionId="520642b1-e1f9-4d63-a010-3576f47bff29" testId="cf88dd92-747e-1a79-8f2c-fc0e3f9b0004" testName="listarMovimientosTest" computerName="DIEGO-PC" duration="00:00:00.0326511" startTime="2012-11-26T18:29:50.6568687-03:00" endTime="2012-11-26T18:29:50.6988711-03:00" testType="13cdc9d9-ddb5-4fa4-a97d-d965ccfc6d4b" outcome="Passed" testListId="8c84fa94-04c1-424b-9868-57a2d4851a1d" relativeResultsDirectory="520642b1-e1f9-4d63-a010-3576f47bff29">
      <Output>
        <StdOut>Save/Update: select * from MovimientosCuenta JOIN cliente_movimientos AS cliente ON MovimientosCuenta.nro_movimiento=cliente.nro_movimiento WHERE cliente.id_cliente IS NOT  NULL ; select * from cliente_movimientos; select * from documento_movimiento
Save/Update: select * from Cliente WHERE  Cliente.id_cliente=1  ; select * from cliente_movimientos; select * from Pedido WHERE borrado = 0; select * from Factura WHERE borrado = 0; select * from Diseño WHERE borrado = 0
Save/Update: select * from Usuario WHERE  Usuario.usuarioID=1  ; select * from JoinUsuarioToFamilia; select * from JoinPatenteToUsuario
Save/Update: select * from Familia JOIN JoinUsuarioToFamilia AS usuarios ON Familia.familiaID=usuarios.familiaID WHERE usuarios.usuarioID=1  ; select * from JoinFamiliaToPatente
Save/Update: select * from Patente JOIN JoinPatenteToUsuario AS usuario ON Patente.patenteId=usuario.patenteId WHERE usuario.usuarioID=1  
Save/Update: select * from Cliente WHERE  Cliente.usuarioID=1  ; select * from cliente_movimientos; select * from Pedido WHERE borrado = 0; select * from Factura WHERE borrado = 0; select * from Diseño WHERE borrado = 0
Save/Update: select * from Diseño WHERE  Diseño.id_cliente=1  ; select * from historico_estados_diseño WHERE borrado = 0
Save/Update: select * from Factura WHERE  Factura.id_cliente=1  ; select * from documento_movimiento; select * from LineaFactura WHERE borrado = 0
Save/Update: select * from Pedido WHERE  Pedido.id_cliente=1  ; select * from produccion WHERE borrado = 0; select * from historico_estados_pedido WHERE borrado = 0
Save/Update: select * from MovimientosCuenta JOIN cliente_movimientos AS cliente ON MovimientosCuenta.nro_movimiento=cliente.nro_movimiento WHERE cliente.id_cliente=1  AND cliente.id_cliente IS NOT  NULL ; select * from cliente_movimientos; select * from documento_movimiento
Save/Update: select * from Factura WHERE  Factura.nro_Doc=1  ; select * from documento_movimiento; select * from LineaFactura WHERE borrado = 0
Save/Update: select * from tipoMovimiento WHERE  tipoMovimiento.tipoMovimientoID=1  
Save/Update: select * from Cuenta WHERE  Cuenta.cuentaID=1  
Save/Update: select * from Cliente WHERE  Cliente.id_cliente=1  ; select * from cliente_movimientos; select * from Pedido WHERE borrado = 0; select * from Factura WHERE borrado = 0; select * from Diseño WHERE borrado = 0
Save/Update: select * from Usuario WHERE  Usuario.usuarioID=1  ; select * from JoinUsuarioToFamilia; select * from JoinPatenteToUsuario
Save/Update: select * from Familia JOIN JoinUsuarioToFamilia AS usuarios ON Familia.familiaID=usuarios.familiaID WHERE usuarios.usuarioID=1  ; select * from JoinFamiliaToPatente
Save/Update: select * from Patente JOIN JoinPatenteToUsuario AS usuario ON Patente.patenteId=usuario.patenteId WHERE usuario.usuarioID=1  
Save/Update: select * from Cliente WHERE  Cliente.usuarioID=1  ; select * from cliente_movimientos; select * from Pedido WHERE borrado = 0; select * from Factura WHERE borrado = 0; select * from Diseño WHERE borrado = 0
Save/Update: select * from Diseño WHERE  Diseño.id_cliente=1  ; select * from historico_estados_diseño WHERE borrado = 0
Save/Update: select * from Factura WHERE  Factura.id_cliente=1  ; select * from documento_movimiento; select * from LineaFactura WHERE borrado = 0
Save/Update: select * from Pedido WHERE  Pedido.id_cliente=1  ; select * from produccion WHERE borrado = 0; select * from historico_estados_pedido WHERE borrado = 0
Save/Update: select * from MovimientosCuenta JOIN cliente_movimientos AS cliente ON MovimientosCuenta.nro_movimiento=cliente.nro_movimiento WHERE cliente.id_cliente=1  AND cliente.id_cliente IS NOT  NULL ; select * from cliente_movimientos; select * from documento_movimiento
Save/Update: select * from tipoMovimiento WHERE  tipoMovimiento.tipoMovimientoID=1  
Save/Update: select * from Cuenta WHERE  Cuenta.cuentaID=1  
Save/Update: DELETE cliente_movimientos where nro_movimiento=4  ; DELETE documento_movimiento where nro_movimiento=4  ; ;DELETE MovimientosCuenta WHERE nro_movimiento=4</StdOut>
      </Output>
    </UnitTestResult>
    <UnitTestResult executionId="fab7bab4-d8d2-46ea-b6fa-f219ed4ee62f" testId="cfd8c036-75a7-640f-488c-228d443acc6e" testName="listaPatentesPorUsuarioTest" computerName="DIEGO-PC" duration="00:00:00.0027390" startTime="2012-11-26T18:29:50.7038714-03:00" endTime="2012-11-26T18:29:50.7158721-03:00" testType="13cdc9d9-ddb5-4fa4-a97d-d965ccfc6d4b" outcome="Passed" testListId="8c84fa94-04c1-424b-9868-57a2d4851a1d" relativeResultsDirectory="fab7bab4-d8d2-46ea-b6fa-f219ed4ee62f">
      <Output>
        <StdOut>Save/Update: select * from Patente JOIN JoinPatenteToUsuario AS usuario ON Patente.patenteId=usuario.patenteId WHERE usuario.usuarioID=3</StdOut>
      </Output>
    </UnitTestResult>
    <UnitTestResult executionId="7531026e-692c-49dd-813e-c09851fb7d50" testId="d1a8787a-d877-64a2-00b1-470142ee8a14" testName="cargarFamiliasPorUsuarioTest" computerName="DIEGO-PC" duration="00:00:00.0038477" startTime="2012-11-26T18:29:50.7178722-03:00" endTime="2012-11-26T18:29:50.7298729-03:00" testType="13cdc9d9-ddb5-4fa4-a97d-d965ccfc6d4b" outcome="Passed" testListId="8c84fa94-04c1-424b-9868-57a2d4851a1d" relativeResultsDirectory="7531026e-692c-49dd-813e-c09851fb7d50">
      <Output>
        <StdOut>Save/Update: select * from Familia JOIN JoinUsuarioToFamilia AS usuarios ON Familia.familiaID=usuarios.familiaID WHERE usuarios.usuarioID=3  ; select * from JoinFamiliaToPatente</StdOut>
      </Output>
    </UnitTestResult>
    <UnitTestResult executionId="1e96af83-f6cc-4263-9dd0-9d38e5affbd0" testId="d1b2634a-eb02-7f77-05de-c01ea104c115" testName="borrarClienteTest" computerName="DIEGO-PC" duration="00:00:00.0255273" startTime="2012-11-26T18:29:50.7338731-03:00" endTime="2012-11-26T18:29:50.7678751-03:00" testType="13cdc9d9-ddb5-4fa4-a97d-d965ccfc6d4b" outcome="Passed" testListId="8c84fa94-04c1-424b-9868-57a2d4851a1d" relativeResultsDirectory="1e96af83-f6cc-4263-9dd0-9d38e5affbd0">
      <Output>
        <StdOut>Save/Update: SELECT  ISNULL(MAX(usuarioID + 1),1) from Usuario
Save/Update: INSERT INTO Usuario (usuarioID, nombre, apellido, mail, password, telefonoFijo, telefonoMovil, bloqueado) VALUES (6 , 'nombre6', 'apellido6', 'mail6@test.com', '559D55197310', '6666-6666', '6666-6666', 0 ); DELETE JoinUsuarioToFamilia where usuarioID=6  ;  INSERT INTO JoinUsuarioToFamilia ( usuarioID, familiaID) VALUES ( 6 , 5 ); DELETE JoinPatenteToUsuario where usuarioID=6  ;  INSERT INTO JoinPatenteToUsuario ( usuarioID, patenteId) VALUES ( 6 , 3 ); 
Save/Update: SELECT  ISNULL(MAX(id_cliente + 1),1) from Cliente
Save/Update: INSERT INTO Cliente (id_cliente, habitadoTurnos, usuarioID, newsletter) VALUES (3 , 0 , 6 , 1 ); UPDATE Pedido SET borrado=1 WHERE id_cliente=3  ; UPDATE Factura SET borrado=1 WHERE id_cliente=3  ; UPDATE Diseño SET borrado=1 WHERE id_cliente=3  ; 
Save/Update: select * from Cliente WHERE  Cliente.id_cliente=3  ; select * from cliente_movimientos; select * from Pedido WHERE borrado = 0; select * from Factura WHERE borrado = 0; select * from Diseño WHERE borrado = 0
Save/Update: select * from Usuario WHERE  Usuario.usuarioID=6  ; select * from JoinUsuarioToFamilia; select * from JoinPatenteToUsuario
Save/Update: select * from Familia JOIN JoinUsuarioToFamilia AS usuarios ON Familia.familiaID=usuarios.familiaID WHERE usuarios.usuarioID=6  ; select * from JoinFamiliaToPatente
Save/Update: select * from Patente JOIN JoinFamiliaToPatente AS familia ON Patente.patenteId=familia.patenteId WHERE familia.familiaID=5  
Save/Update: select * from Patente JOIN JoinPatenteToUsuario AS usuario ON Patente.patenteId=usuario.patenteId WHERE usuario.usuarioID=6  
Save/Update: select * from Cliente WHERE  Cliente.usuarioID=6  ; select * from cliente_movimientos; select * from Pedido WHERE borrado = 0; select * from Factura WHERE borrado = 0; select * from Diseño WHERE borrado = 0
Save/Update: select * from Diseño WHERE  Diseño.id_cliente=6  ; select * from historico_estados_diseño WHERE borrado = 0
Save/Update: select * from Factura WHERE  Factura.id_cliente=6  ; select * from documento_movimiento; select * from LineaFactura WHERE borrado = 0
Save/Update: select * from Pedido WHERE  Pedido.id_cliente=6  ; select * from produccion WHERE borrado = 0; select * from historico_estados_pedido WHERE borrado = 0
Save/Update: select * from MovimientosCuenta JOIN cliente_movimientos AS cliente ON MovimientosCuenta.nro_movimiento=cliente.nro_movimiento WHERE cliente.id_cliente=6  AND cliente.id_cliente IS NOT  NULL ; select * from cliente_movimientos; select * from documento_movimiento
Save/Update: DELETE cliente_movimientos where id_cliente=3  ; ;DELETE Cliente WHERE id_cliente=3  
Save/Update: DELETE JoinUsuarioToFamilia where usuarioID=6  ; DELETE JoinPatenteToUsuario where usuarioID=6  ; ;DELETE Usuario WHERE usuarioID=6  
Save/Update: select * from Cliente WHERE  Cliente.id_cliente=3  ; select * from cliente_movimientos; select * from Pedido WHERE borrado = 0; select * from Factura WHERE borrado = 0; select * from Diseño WHERE borrado = 0
Save/Update: UPDATE Usuario SET nombre='nombre1', apellido='apellido1', mail='mail1@test.com', password='11C8', telefonoFijo='1111-1111', telefonoMovil='1111-1111', bloqueado=0  WHERE usuarioID=1  ; DELETE JoinUsuarioToFamilia where usuarioID=1  ; DELETE JoinPatenteToUsuario where usuarioID=1  ; 
Save/Update: UPDATE Cliente SET habitadoTurnos=1 , newsletter=0  WHERE id_cliente=1  ; UPDATE Pedido SET borrado=1 WHERE id_cliente=1  ; UPDATE Factura SET borrado=1 WHERE id_cliente=1  ; UPDATE Diseño SET borrado=1 WHERE id_cliente=1  ; 
Save/Update:  UPDATE factura set borrado = 0 
Save/Update:  UPDATE diseño set borrado = 0 
Save/Update:  UPDATE pedido set borrado = 0 
Save/Update:  Insert into JoinPatenteToUsuario values (1,1)</StdOut>
      </Output>
    </UnitTestResult>
    <UnitTestResult executionId="fe260132-9fe4-4e04-a0dc-fa22dd41aaf2" testId="d2623342-49bb-a1e6-2415-8d8bba2b7ac4" testName="modificarArticulosTest" computerName="DIEGO-PC" duration="00:00:00.0233267" startTime="2012-11-26T18:29:50.7698752-03:00" endTime="2012-11-26T18:29:50.8018770-03:00" testType="13cdc9d9-ddb5-4fa4-a97d-d965ccfc6d4b" outcome="Passed" testListId="8c84fa94-04c1-424b-9868-57a2d4851a1d" relativeResultsDirectory="fe260132-9fe4-4e04-a0dc-fa22dd41aaf2">
      <Output>
        <StdOut>Save/Update: SELECT  ISNULL(MAX(cod_articulo + 1),1) from Articulos
Save/Update: INSERT INTO Articulos (cod_articulo, tipoPrendaID, diseñoID, comentario, produccion, precioActual, borrado) VALUES (4 , 2 , 2 , 'com4', 10 , 1.4, 0 ); UPDATE lista_precios SET borrado=1 WHERE cod_articulo=4  ; 
Save/Update: select * from Articulos WHERE  Articulos.cod_articulo=4  ; select * from lista_precios WHERE borrado = 0
Save/Update: UPDATE Articulos SET tipoPrendaID=2 , diseñoID=2 , comentario='com modificado', produccion=100 , precioActual=1.4, borrado=0  WHERE cod_articulo=4  ; UPDATE lista_precios SET borrado=1 WHERE cod_articulo=4  ; 
Save/Update: select * from Articulos WHERE  Articulos.cod_articulo=4  ; select * from lista_precios WHERE borrado = 0
Save/Update: DELETE Articulos WHERE cod_articulo=4</StdOut>
      </Output>
    </UnitTestResult>
    <UnitTestResult executionId="cf5fbccc-0eca-4a96-acb0-04f6bdd9be44" testId="d2ff731c-908c-96c5-902b-39b6c7e680d7" testName="DataAccesObjectConstructorTest" computerName="DIEGO-PC" duration="00:00:00.0003106" startTime="2012-11-26T18:29:50.8068773-03:00" endTime="2012-11-26T18:29:50.8168779-03:00" testType="13cdc9d9-ddb5-4fa4-a97d-d965ccfc6d4b" outcome="Passed" testListId="8c84fa94-04c1-424b-9868-57a2d4851a1d" relativeResultsDirectory="cf5fbccc-0eca-4a96-acb0-04f6bdd9be44">
    </UnitTestResult>
    <UnitTestResult executionId="b8b60cb5-91c4-41a8-a859-92c010e2b5d1" testId="d3580286-a69a-cc57-bea0-cea793fc0992" testName="listarOrdenDeComprasPorMovimientoTest" computerName="DIEGO-PC" duration="00:00:00.0111291" startTime="2012-11-26T18:29:50.8208781-03:00" endTime="2012-11-26T18:29:50.8398792-03:00" testType="13cdc9d9-ddb5-4fa4-a97d-d965ccfc6d4b" outcome="Passed" testListId="8c84fa94-04c1-424b-9868-57a2d4851a1d" relativeResultsDirectory="b8b60cb5-91c4-41a8-a859-92c010e2b5d1">
      <Output>
        <StdOut>Save/Update: select * from OrdenDeCompra WHERE  OrdenDeCompra.nro_Doc=3  ; select * from documento_movimiento; select * from LineaOrdenDeCompra WHERE borrado = 0
Save/Update: select * from LineaOrdenDeCompra WHERE  LineaOrdenDeCompra.nro_orden_compra=1  AND  LineaOrdenDeCompra.tipo_orden_compra='A' AND  LineaOrdenDeCompra.nro_sucursal=1  
Save/Update: select * from insumo WHERE  insumo.cod_insumo=1  
Save/Update: select * from insumo WHERE  insumo.cod_insumo=2  
Save/Update: select * from Proveedor WHERE  Proveedor.id_proveedor=1  
Save/Update: select * from MovimientosCuenta JOIN documento_movimiento AS documento ON MovimientosCuenta.nro_movimiento=documento.nro_movimiento JOIN proveedor_movimientos AS proveedor ON MovimientosCuenta.nro_movimiento=proveedor.nro_movimiento WHERE documento.nro_Doc=3  AND proveedor.id_proveedor IS NOT  NULL ; select * from proveedor_movimientos; select * from documento_movimiento
Save/Update: DELETE LineaOrdenDeCompra WHERE nro_orden_compra=2  AND nro_sucursal=1  AND tipo_orden_compra='A' AND nro_linea=1  
Save/Update: DELETE LineaOrdenDeCompra WHERE nro_orden_compra=2  AND nro_sucursal=1  AND tipo_orden_compra='A' AND nro_linea=2  
Save/Update: DELETE proveedor_movimientos where nro_movimiento=4  ; DELETE documento_movimiento where nro_movimiento=4  ; ;DELETE MovimientosCuenta WHERE nro_movimiento=4  
Save/Update: DELETE FROM OrdenDeCompra WHERE nro_Doc =5
Save/Update: delete documento where nro_doc=5</StdOut>
      </Output>
    </UnitTestResult>
    <UnitTestResult executionId="313a69b7-ed8d-4e65-ba53-9b0e12e7e094" testId="d40feea3-8180-d822-1bc4-ef1286a37118" testName="cargarOrdenesDeComprasTest" computerName="DIEGO-PC" duration="00:00:00.0050229" startTime="2012-11-26T18:29:50.8438794-03:00" endTime="2012-11-26T18:29:50.8568801-03:00" testType="13cdc9d9-ddb5-4fa4-a97d-d965ccfc6d4b" outcome="Passed" testListId="8c84fa94-04c1-424b-9868-57a2d4851a1d" relativeResultsDirectory="313a69b7-ed8d-4e65-ba53-9b0e12e7e094">
      <Output>
        <StdOut>Save/Update: select * from OrdenDeCompra; select * from documento_movimiento; select * from LineaOrdenDeCompra WHERE borrado = 0
Save/Update: delete OrdenDeCompra where nro_doc=5
Save/Update: delete documento where nro_doc=5</StdOut>
      </Output>
    </UnitTestResult>
    <UnitTestResult executionId="c7cff69e-7b7d-4368-a315-b1b0391d0da1" testId="d4992a93-c61f-e7a7-6c4a-4dd37d506f00" testName="listarMovimientosPorNroTest" computerName="DIEGO-PC" duration="00:00:00.0207715" startTime="2012-11-26T18:29:50.8588803-03:00" endTime="2012-11-26T18:29:50.8888820-03:00" testType="13cdc9d9-ddb5-4fa4-a97d-d965ccfc6d4b" outcome="Passed" testListId="8c84fa94-04c1-424b-9868-57a2d4851a1d" relativeResultsDirectory="c7cff69e-7b7d-4368-a315-b1b0391d0da1">
      <Output>
        <StdOut>Save/Update: select * from MovimientosCuenta JOIN cliente_movimientos AS cliente ON MovimientosCuenta.nro_movimiento=cliente.nro_movimiento WHERE  MovimientosCuenta.nro_movimiento=1  AND cliente.id_cliente IS NOT  NULL ; select * from cliente_movimientos; select * from documento_movimiento
Save/Update: select * from Cliente WHERE  Cliente.id_cliente=1  ; select * from cliente_movimientos; select * from Pedido WHERE borrado = 0; select * from Factura WHERE borrado = 0; select * from Diseño WHERE borrado = 0
Save/Update: select * from Usuario WHERE  Usuario.usuarioID=1  ; select * from JoinUsuarioToFamilia; select * from JoinPatenteToUsuario
Save/Update: select * from Familia JOIN JoinUsuarioToFamilia AS usuarios ON Familia.familiaID=usuarios.familiaID WHERE usuarios.usuarioID=1  ; select * from JoinFamiliaToPatente
Save/Update: select * from Patente JOIN JoinPatenteToUsuario AS usuario ON Patente.patenteId=usuario.patenteId WHERE usuario.usuarioID=1  
Save/Update: select * from Cliente WHERE  Cliente.usuarioID=1  ; select * from cliente_movimientos; select * from Pedido WHERE borrado = 0; select * from Factura WHERE borrado = 0; select * from Diseño WHERE borrado = 0
Save/Update: select * from Diseño WHERE  Diseño.id_cliente=1  ; select * from historico_estados_diseño WHERE borrado = 0
Save/Update: select * from Factura WHERE  Factura.id_cliente=1  ; select * from documento_movimiento; select * from LineaFactura WHERE borrado = 0
Save/Update: select * from Pedido WHERE  Pedido.id_cliente=1  ; select * from produccion WHERE borrado = 0; select * from historico_estados_pedido WHERE borrado = 0
Save/Update: select * from MovimientosCuenta JOIN cliente_movimientos AS cliente ON MovimientosCuenta.nro_movimiento=cliente.nro_movimiento WHERE cliente.id_cliente=1  AND cliente.id_cliente IS NOT  NULL ; select * from cliente_movimientos; select * from documento_movimiento
Save/Update: select * from Factura WHERE  Factura.nro_Doc=1  ; select * from documento_movimiento; select * from LineaFactura WHERE borrado = 0
Save/Update: select * from tipoMovimiento WHERE  tipoMovimiento.tipoMovimientoID=1  
Save/Update: select * from Cuenta WHERE  Cuenta.cuentaID=1  
Save/Update: DELETE cliente_movimientos where nro_movimiento=4  ; DELETE documento_movimiento where nro_movimiento=4  ; ;DELETE MovimientosCuenta WHERE nro_movimiento=4</StdOut>
      </Output>
    </UnitTestResult>
    <UnitTestResult executionId="8c5ddc5f-1ccb-4f67-951a-cd58510639d1" testId="d5a80f55-2074-60f0-99dc-1062cdfc3cee" testName="actualizarNewsletterTest" computerName="DIEGO-PC" duration="00:00:00.0057937" startTime="2012-11-26T18:29:50.8928822-03:00" endTime="2012-11-26T18:29:50.9078831-03:00" testType="13cdc9d9-ddb5-4fa4-a97d-d965ccfc6d4b" outcome="Passed" testListId="8c84fa94-04c1-424b-9868-57a2d4851a1d" relativeResultsDirectory="8c5ddc5f-1ccb-4f67-951a-cd58510639d1">
      <Output>
        <StdOut>Save/Update: select * from newsletter WHERE  newsletter.nombre='news1' 
Save/Update: UPDATE newsletter SET newsletter='&lt;body background="#8A94AA"&gt;&lt;style type="text/css"&gt;&lt;!--body {	background-color: #8A94AA;}.txt-geral {	font-family: Georgia, Times New Roman, Times, serif;	font-size: 13px;}.style3 {	font-family: Georgia, Times New Roman, Times, serif;	font-size: 13px;	color:#003366;}.txt-geralp {	font-family: Georgia, Times New Roman, Times, serif;	font-size: 11px;}.style-grd {	font-family: Georgia, Times New Roman, Times, serif;	font-size: 18px;}--&gt; &lt;/style&gt;&lt;table width="600" border="0" align="center" cellpadding="0" cellspacing="0"&gt;  &lt;tr&gt;    &lt;td class="titulo3"&gt;&lt;img src="http://www.salvadorefilhos.pt/images/news/bg-topo.gif" alt="" width="600" height="21" /&gt;&lt;/td&gt;  &lt;/tr&gt;  &lt;tr&gt;    &lt;td align="center" bgcolor="#EEEBE0"&gt;&lt;div align="center"&gt;&lt;img src="http://www.salvadorefilhos.pt/images/news/img-topo.jpg" alt="Salvador &amp;amp; Filhos" width="600" height="206" border="0" /&gt;&lt;/div&gt;&lt;/td&gt;  &lt;/tr&gt;  &lt;tr&gt;    &lt;td bgcolor="#EEEBE0"&gt;&lt;table width="97%" border="0" align="center" cellpadding="0" cellspacing="16"&gt;      &lt;tr&gt;        &lt;td width="50%" height="34" valign="top" class="txt-geral"&gt;&lt;div class="style3"&gt;          &lt;p&gt;&lt;b&gt;UNIPROF&lt;/b&gt;&lt;/p&gt;          &lt;p&gt;&lt;b&gt;NEWSLETTER N&amp;ordm;9&lt;/b&gt;&lt;/p&gt;        &lt;/div&gt;&lt;/td&gt;        &lt;td width="50%" align="right" valign="top" class="txt-geral"&gt;&lt;img src="http://www.salvadorefilhos.pt/images/news/logo.gif" alt="Cristo Rei" width="99" height="66" /&gt;&lt;/td&gt;      &lt;/tr&gt;      &lt;tr&gt;        &lt;td colspan="2" valign="top" class="txt-geral"&gt;&lt;p align="center"&gt;&lt;img src="http://www.es.salvadorefilhos.pt/newsletter/images/tit-newsl9.gif" alt="Servicios Adicionales" width="550" height="100" /&gt;&lt;/p&gt;          	&lt;table width="100%" border="0" cellspacing="0" cellpadding="0"&gt;				&lt;tr&gt;					&lt;td width="60%" valign="top"&gt;&lt;h2&gt;&lt;span lang="ES-TRAD" xml:lang="ES-TRAD"&gt;&lt;strong&gt;Env&amp;iacute;o, recepci&amp;oacute;n&lt;/strong&gt;&lt;/span&gt;:&lt;/h2&gt;							&lt;ul&gt;								&lt;li&gt;&lt;span lang="ES-TRAD" xml:lang="ES-TRAD"&gt;Log&amp;iacute;stica de entrega y recogida de pedidos por nuestro   transportista especializado. &lt;/span&gt; &lt;/li&gt;								&lt;li&gt;&lt;span lang="ES-TRAD" xml:lang="ES-TRAD"&gt;Entregas r&amp;aacute;pidas. &lt;/span&gt; &lt;/li&gt;								&lt;li&gt;&lt;span lang="ES-TRAD" xml:lang="ES-TRAD"&gt;Trabajamos internacionalmente. &lt;/span&gt; &lt;/li&gt;								&lt;li&gt;&lt;span lang="ES-TRAD" xml:lang="ES-TRAD"&gt;Entrega directa a nuestros clientes.&lt;/span&gt;&lt;/li&gt;								&lt;/ul&gt;&lt;/td&gt;					&lt;td width="40%" align="right"&gt;&lt;img src="http://www.es.salvadorefilhos.pt/fotos/empresa/carrinho.gif" alt="Env&amp;iacute;o, recepci&amp;oacute;n" width="200" height="190" hspace="0" border="0" /&gt;&lt;/td&gt;				&lt;/tr&gt;				&lt;tr&gt;					&lt;td valign="top"&gt;&lt;h2&gt;&lt;br /&gt;						&lt;strong&gt;Embalaje&lt;/strong&gt;:&lt;/h2&gt;							&lt;ul&gt;								&lt;li&gt;&lt;span lang="ES-TRAD" xml:lang="ES-TRAD"&gt;Tenemos un servicio m&amp;aacute;s a la disponibilidad de nuestros clientes. &lt;/span&gt; &lt;/li&gt;								&lt;li&gt;&lt;span lang="ES-TRAD" xml:lang="ES-TRAD"&gt;Doblar y prensar las piezas personalizadas. &lt;/span&gt; &lt;/li&gt;								&lt;li&gt;&lt;span lang="ES-TRAD" xml:lang="ES-TRAD"&gt;Embalaje individual en una bolsa de pl&amp;aacute;stico. &lt;/span&gt; &lt;/li&gt;								&lt;li&gt;&lt;span lang="ES-TRAD" xml:lang="ES-TRAD"&gt;Embalaje m&amp;uacute;ltiple en una bolsa de pl&amp;aacute;stico. &lt;/span&gt; &lt;/li&gt;								&lt;li&gt;&lt;span lang="ES-TRAD" xml:lang="ES-TRAD"&gt;Embalaje en cajas de cart&amp;oacute;n&lt;/span&gt;&lt;/li&gt;								&lt;/ul&gt;&lt;/td&gt;					&lt;td align="right"&gt;&lt;br /&gt;							&lt;img src="http://www.es.salvadorefilhos.pt/fotos/empresa/embalagem.gif" alt="Embalaje" width="200" height="168" hspace="0" border="0" /&gt;&lt;/td&gt;				&lt;/tr&gt;				&lt;tr&gt;					&lt;td valign="top"&gt;&lt;h2&gt;&lt;br /&gt;						&lt;strong&gt;Control de calidad&lt;/strong&gt;:&lt;/h2&gt;							&lt;ul&gt;								&lt;li&gt;&lt;span lang="ES-TRAD" xml:lang="ES-TRAD"&gt;N&lt;/span&gt;uestros bordados son la prueba de la calidad y durabilidad,   colores s&amp;oacute;lidos y garantidos, calidad garantizada. &lt;/li&gt;								&lt;li&gt;Nuestros textiles son de un acabado de alta calidad, controlado y   probado. &lt;/li&gt;								&lt;li&gt;Control de calidad para todos nuestros art&amp;iacute;culos. &lt;/li&gt;								&lt;li&gt;La experiencia y conocimiento a su servicio. &lt;/li&gt;								&lt;li&gt;P&amp;oacute;nganos a prueba.&lt;/li&gt;								&lt;/ul&gt;&lt;/td&gt;					&lt;td align="right"&gt;&lt;br /&gt;							&lt;img height="200" alt="Control de calidad" src="http://www.es.salvadorefilhos.pt/fotos/empresa/maos.gif" width="200" border="0" /&gt;&lt;/td&gt;				&lt;/tr&gt;			&lt;/table&gt;          	&lt;p&gt;&lt;strong&gt;&amp;iexcl;&lt;a href=""&gt;Env&amp;iacute;enos su solicitud&lt;/a&gt;!&lt;img src="http://www.salvadorefilhos.pt/newsletter/images/download-es.gif" alt="Descargas, Diapositivos gratis" width="173" height="148" border="0" align="right" /&gt;&lt;/strong&gt;&lt;/b&gt;&lt;/p&gt;          &lt;p&gt;Descargue en su ordenador nuestro cat&amp;aacute;logo de hilos y lista de clis&amp;eacute;s en &lt;a href=""&gt;descargas&lt;/a&gt;. &lt;/p&gt;          &lt;p&gt; Calidad siempre em nuestros art&amp;iacute;culos garantizados y acabamiento especial.&lt;/p&gt;&lt;/td&gt;      &lt;/tr&gt;      &lt;tr&gt;        &lt;td colspan="2" valign="top" class="txt-geral"&gt;&lt;/td&gt;      &lt;/tr&gt;    &lt;/table&gt;    &lt;/td&gt;  &lt;/tr&gt;  &lt;tr&gt;   &lt;td&gt;&lt;img src="http://www.salvadorefilhos.pt/images/news/bg-bot.gif" alt="" width="600" height="50" /&gt;&lt;/td&gt;  &lt;/tr&gt;&lt;/table&gt;&lt;/body&gt;&lt;/html&gt;', nombre='news1', enviado=1  WHERE id=1  ; 
Save/Update: select * from newsletter WHERE  newsletter.id=1  
Save/Update: UPDATE newsletter SET newsletter='&lt;body background="#8A94AA"&gt;&lt;style type="text/css"&gt;&lt;!--body {	background-color: #8A94AA;}.txt-geral {	font-family: Georgia, Times New Roman, Times, serif;	font-size: 13px;}.style3 {	font-family: Georgia, Times New Roman, Times, serif;	font-size: 13px;	color:#003366;}.txt-geralp {	font-family: Georgia, Times New Roman, Times, serif;	font-size: 11px;}.style-grd {	font-family: Georgia, Times New Roman, Times, serif;	font-size: 18px;}--&gt; &lt;/style&gt;&lt;table width="600" border="0" align="center" cellpadding="0" cellspacing="0"&gt;  &lt;tr&gt;    &lt;td class="titulo3"&gt;&lt;img src="http://www.salvadorefilhos.pt/images/news/bg-topo.gif" alt="" width="600" height="21" /&gt;&lt;/td&gt;  &lt;/tr&gt;  &lt;tr&gt;    &lt;td align="center" bgcolor="#EEEBE0"&gt;&lt;div align="center"&gt;&lt;img src="http://www.salvadorefilhos.pt/images/news/img-topo.jpg" alt="Salvador &amp;amp; Filhos" width="600" height="206" border="0" /&gt;&lt;/div&gt;&lt;/td&gt;  &lt;/tr&gt;  &lt;tr&gt;    &lt;td bgcolor="#EEEBE0"&gt;&lt;table width="97%" border="0" align="center" cellpadding="0" cellspacing="16"&gt;      &lt;tr&gt;        &lt;td width="50%" height="34" valign="top" class="txt-geral"&gt;&lt;div class="style3"&gt;          &lt;p&gt;&lt;b&gt;UNIPROF&lt;/b&gt;&lt;/p&gt;          &lt;p&gt;&lt;b&gt;NEWSLETTER N&amp;ordm;9&lt;/b&gt;&lt;/p&gt;        &lt;/div&gt;&lt;/td&gt;        &lt;td width="50%" align="right" valign="top" class="txt-geral"&gt;&lt;img src="http://www.salvadorefilhos.pt/images/news/logo.gif" alt="Cristo Rei" width="99" height="66" /&gt;&lt;/td&gt;      &lt;/tr&gt;      &lt;tr&gt;        &lt;td colspan="2" valign="top" class="txt-geral"&gt;&lt;p align="center"&gt;&lt;img src="http://www.es.salvadorefilhos.pt/newsletter/images/tit-newsl9.gif" alt="Servicios Adicionales" width="550" height="100" /&gt;&lt;/p&gt;          	&lt;table width="100%" border="0" cellspacing="0" cellpadding="0"&gt;				&lt;tr&gt;					&lt;td width="60%" valign="top"&gt;&lt;h2&gt;&lt;span lang="ES-TRAD" xml:lang="ES-TRAD"&gt;&lt;strong&gt;Env&amp;iacute;o, recepci&amp;oacute;n&lt;/strong&gt;&lt;/span&gt;:&lt;/h2&gt;							&lt;ul&gt;								&lt;li&gt;&lt;span lang="ES-TRAD" xml:lang="ES-TRAD"&gt;Log&amp;iacute;stica de entrega y recogida de pedidos por nuestro   transportista especializado. &lt;/span&gt; &lt;/li&gt;								&lt;li&gt;&lt;span lang="ES-TRAD" xml:lang="ES-TRAD"&gt;Entregas r&amp;aacute;pidas. &lt;/span&gt; &lt;/li&gt;								&lt;li&gt;&lt;span lang="ES-TRAD" xml:lang="ES-TRAD"&gt;Trabajamos internacionalmente. &lt;/span&gt; &lt;/li&gt;								&lt;li&gt;&lt;span lang="ES-TRAD" xml:lang="ES-TRAD"&gt;Entrega directa a nuestros clientes.&lt;/span&gt;&lt;/li&gt;								&lt;/ul&gt;&lt;/td&gt;					&lt;td width="40%" align="right"&gt;&lt;img src="http://www.es.salvadorefilhos.pt/fotos/empresa/carrinho.gif" alt="Env&amp;iacute;o, recepci&amp;oacute;n" width="200" height="190" hspace="0" border="0" /&gt;&lt;/td&gt;				&lt;/tr&gt;				&lt;tr&gt;					&lt;td valign="top"&gt;&lt;h2&gt;&lt;br /&gt;						&lt;strong&gt;Embalaje&lt;/strong&gt;:&lt;/h2&gt;							&lt;ul&gt;								&lt;li&gt;&lt;span lang="ES-TRAD" xml:lang="ES-TRAD"&gt;Tenemos un servicio m&amp;aacute;s a la disponibilidad de nuestros clientes. &lt;/span&gt; &lt;/li&gt;								&lt;li&gt;&lt;span lang="ES-TRAD" xml:lang="ES-TRAD"&gt;Doblar y prensar las piezas personalizadas. &lt;/span&gt; &lt;/li&gt;								&lt;li&gt;&lt;span lang="ES-TRAD" xml:lang="ES-TRAD"&gt;Embalaje individual en una bolsa de pl&amp;aacute;stico. &lt;/span&gt; &lt;/li&gt;								&lt;li&gt;&lt;span lang="ES-TRAD" xml:lang="ES-TRAD"&gt;Embalaje m&amp;uacute;ltiple en una bolsa de pl&amp;aacute;stico. &lt;/span&gt; &lt;/li&gt;								&lt;li&gt;&lt;span lang="ES-TRAD" xml:lang="ES-TRAD"&gt;Embalaje en cajas de cart&amp;oacute;n&lt;/span&gt;&lt;/li&gt;								&lt;/ul&gt;&lt;/td&gt;					&lt;td align="right"&gt;&lt;br /&gt;							&lt;img src="http://www.es.salvadorefilhos.pt/fotos/empresa/embalagem.gif" alt="Embalaje" width="200" height="168" hspace="0" border="0" /&gt;&lt;/td&gt;				&lt;/tr&gt;				&lt;tr&gt;					&lt;td valign="top"&gt;&lt;h2&gt;&lt;br /&gt;						&lt;strong&gt;Control de calidad&lt;/strong&gt;:&lt;/h2&gt;							&lt;ul&gt;								&lt;li&gt;&lt;span lang="ES-TRAD" xml:lang="ES-TRAD"&gt;N&lt;/span&gt;uestros bordados son la prueba de la calidad y durabilidad,   colores s&amp;oacute;lidos y garantidos, calidad garantizada. &lt;/li&gt;								&lt;li&gt;Nuestros textiles son de un acabado de alta calidad, controlado y   probado. &lt;/li&gt;								&lt;li&gt;Control de calidad para todos nuestros art&amp;iacute;culos. &lt;/li&gt;								&lt;li&gt;La experiencia y conocimiento a su servicio. &lt;/li&gt;								&lt;li&gt;P&amp;oacute;nganos a prueba.&lt;/li&gt;								&lt;/ul&gt;&lt;/td&gt;					&lt;td align="right"&gt;&lt;br /&gt;							&lt;img height="200" alt="Control de calidad" src="http://www.es.salvadorefilhos.pt/fotos/empresa/maos.gif" width="200" border="0" /&gt;&lt;/td&gt;				&lt;/tr&gt;			&lt;/table&gt;          	&lt;p&gt;&lt;strong&gt;&amp;iexcl;&lt;a href=""&gt;Env&amp;iacute;enos su solicitud&lt;/a&gt;!&lt;img src="http://www.salvadorefilhos.pt/newsletter/images/download-es.gif" alt="Descargas, Diapositivos gratis" width="173" height="148" border="0" align="right" /&gt;&lt;/strong&gt;&lt;/b&gt;&lt;/p&gt;          &lt;p&gt;Descargue en su ordenador nuestro cat&amp;aacute;logo de hilos y lista de clis&amp;eacute;s en &lt;a href=""&gt;descargas&lt;/a&gt;. &lt;/p&gt;          &lt;p&gt; Calidad siempre em nuestros art&amp;iacute;culos garantizados y acabamiento especial.&lt;/p&gt;&lt;/td&gt;      &lt;/tr&gt;      &lt;tr&gt;        &lt;td colspan="2" valign="top" class="txt-geral"&gt;&lt;/td&gt;      &lt;/tr&gt;    &lt;/table&gt;    &lt;/td&gt;  &lt;/tr&gt;  &lt;tr&gt;   &lt;td&gt;&lt;img src="http://www.salvadorefilhos.pt/images/news/bg-bot.gif" alt="" width="600" height="50" /&gt;&lt;/td&gt;  &lt;/tr&gt;&lt;/table&gt;&lt;/body&gt;&lt;/html&gt;', nombre='news1', enviado=1  WHERE id=1  ;</StdOut>
      </Output>
    </UnitTestResult>
    <UnitTestResult executionId="be8311d8-c1c0-4249-ba05-d0cfd666aca7" testId="d5caf4bd-ddf9-d011-d96d-760e6d607d73" testName="buscarArticulosPorCodigoTest" computerName="DIEGO-PC" duration="00:00:00.0074513" startTime="2012-11-26T18:29:50.9098832-03:00" endTime="2012-11-26T18:29:50.9258841-03:00" testType="13cdc9d9-ddb5-4fa4-a97d-d965ccfc6d4b" outcome="Passed" testListId="8c84fa94-04c1-424b-9868-57a2d4851a1d" relativeResultsDirectory="be8311d8-c1c0-4249-ba05-d0cfd666aca7">
      <Output>
        <StdOut>Save/Update: select * from Articulos WHERE  Articulos.cod_articulo=1  ; select * from lista_precios WHERE borrado = 0
Save/Update: select * from lista_precios WHERE  lista_precios.cod_articulo=1  
Save/Update: select * from TipoPrenda WHERE  TipoPrenda.tipo_prenda=1  
Save/Update: select * from Diseño WHERE  Diseño.cod_diseño=1  ; select * from historico_estados_diseño WHERE borrado = 0
Save/Update: DELETE lista_precios WHERE nro_lista=1  AND cod_articulo=4  
Save/Update: DELETE lista_precios WHERE nro_lista=2  AND cod_articulo=4  
Save/Update: DELETE Articulos WHERE cod_articulo=4</StdOut>
      </Output>
    </UnitTestResult>
    <UnitTestResult executionId="9de75b51-e67b-46bf-a69e-c4d5cf056ae5" testId="d6a986e5-8b98-e2f2-cef0-92190831ed08" testName="borrarFamiliaTest" computerName="DIEGO-PC" duration="00:00:00.0073820" startTime="2012-11-26T18:29:50.9288843-03:00" endTime="2012-11-26T18:29:50.9448852-03:00" testType="13cdc9d9-ddb5-4fa4-a97d-d965ccfc6d4b" outcome="Passed" testListId="8c84fa94-04c1-424b-9868-57a2d4851a1d" relativeResultsDirectory="9de75b51-e67b-46bf-a69e-c4d5cf056ae5">
      <Output>
        <StdOut>Save/Update: INSERT INTO Familia (familiaID, descripcion, nombre) VALUES (7 , 'familia test', 'test'); DELETE JoinFamiliaToPatente where familiaID=7  ;  INSERT INTO JoinFamiliaToPatente ( familiaID, patenteId) VALUES ( 7 , 9 ); 
Save/Update: select * from Familia WHERE  Familia.familiaID=7  ; select * from JoinFamiliaToPatente
Save/Update: select * from Patente JOIN JoinFamiliaToPatente AS familia ON Patente.patenteId=familia.patenteId WHERE familia.familiaID=7  
Save/Update: DELETE JoinFamiliaToPatente where familiaID=7  ; ;DELETE Familia WHERE familiaID=7  
Save/Update: select * from Familia WHERE  Familia.familiaID=7  ; select * from JoinFamiliaToPatente</StdOut>
      </Output>
    </UnitTestResult>
    <UnitTestResult executionId="885f7e5a-cb77-412c-aacc-c66675d9c577" testId="d6d7a27e-0988-cf60-1910-ee6f0eb6cf75" testName="modificarFacturasTest" computerName="DIEGO-PC" duration="00:00:00.0202557" startTime="2012-11-26T18:29:50.9468853-03:00" endTime="2012-11-26T18:29:50.9768870-03:00" testType="13cdc9d9-ddb5-4fa4-a97d-d965ccfc6d4b" outcome="Passed" testListId="8c84fa94-04c1-424b-9868-57a2d4851a1d" relativeResultsDirectory="885f7e5a-cb77-412c-aacc-c66675d9c577">
      <Output>
        <StdOut>Save/Update: SELECT  ISNULL(MAX(nro_Doc + 1),1) from documento
Save/Update: INSERT INTO documento VALUES (5)
Save/Update: SELECT  ISNULL(MAX(nro_factura + 1),1) from Factura WHERE nro_sucursal=1 AND tipo_factura='A'
Save/Update: INSERT INTO Factura (nro_Doc, iva, fecha, borrado, nro_factura, nro_sucursal, tipo_factura, id_cliente, monto) VALUES (5 , 33.3,  CAST('26/11/2012 18:29:50.955'  AS DateTime), 0 , 2 , 1 , 'A', 2 , 33.3); UPDATE LineaFactura SET borrado=1 WHERE nro_factura=2  AND nro_sucursal=1  AND tipo_factura='A' ; 
Save/Update: select * from Factura WHERE  Factura.nro_Doc=5  ; select * from documento_movimiento; select * from LineaFactura WHERE borrado = 0
Save/Update: UPDATE Factura SET nro_Doc=5 , iva=25.5, fecha= CAST('26/11/2012 18:29:50.957'  AS DateTime), borrado=0 , id_cliente=2 , monto=33.3 WHERE nro_factura=2  AND nro_sucursal=1  AND tipo_factura='A' ; UPDATE LineaFactura SET borrado=1 WHERE nro_factura=2  AND nro_sucursal=1  AND tipo_factura='A' ; 
Save/Update: select * from Factura WHERE  Factura.nro_Doc=5  ; select * from documento_movimiento; select * from LineaFactura WHERE borrado = 0
Save/Update: delete Factura where nro_doc=5
Save/Update: delete documento where nro_doc=5</StdOut>
      </Output>
    </UnitTestResult>
    <UnitTestResult executionId="31d4dd0c-5daf-48a1-80ca-753c63555a7b" testId="d708e39f-77d8-94a9-244f-7004fb181d58" testName="calcularPosiblesFechasTest" computerName="DIEGO-PC" duration="00:00:00.0732265" startTime="2012-11-26T18:29:50.9798872-03:00" endTime="2012-11-26T18:29:51.0628919-03:00" testType="13cdc9d9-ddb5-4fa4-a97d-d965ccfc6d4b" outcome="Passed" testListId="8c84fa94-04c1-424b-9868-57a2d4851a1d" relativeResultsDirectory="31d4dd0c-5daf-48a1-80ca-753c63555a7b">
      <Output>
        <StdOut>Save/Update: select * from Articulos WHERE  Articulos.cod_articulo=1  ; select * from lista_precios WHERE borrado = 0
Save/Update: select * from lista_precios WHERE  lista_precios.cod_articulo=1  
Save/Update: select * from TipoPrenda WHERE  TipoPrenda.tipo_prenda=1  
Save/Update: select * from Diseño WHERE  Diseño.cod_diseño=1  ; select * from historico_estados_diseño WHERE borrado = 0
Save/Update: select * from Maquina JOIN JoinMaquinaToTipoPrenda AS tiposPrenda ON Maquina.cod_maquina=tiposPrenda.cod_maquina WHERE  Maquina.altoMargen&gt;=11  AND  Maquina.anchoMargen&gt;=11  AND  Maquina.cabezales&gt;=1  AND  Maquina.cantidadColores&gt;=0  AND tiposPrenda.tipo_prenda=1  ; select * from JoinMaquinaToTipoPrenda
Save/Update: select * from TipoPrenda WHERE  TipoPrenda.tipo_prenda=1  
Save/Update: select * from TipoPrenda WHERE  TipoPrenda.tipo_prenda=2  
Save/Update: select * from TipoPrenda WHERE  TipoPrenda.tipo_prenda=3  
Save/Update: select * from TipoPrenda WHERE  TipoPrenda.tipo_prenda=1  
Save/Update: select * from TipoPrenda WHERE  TipoPrenda.tipo_prenda=2  
Save/Update: select * from TipoPrenda WHERE  TipoPrenda.tipo_prenda=3  
Save/Update: select * from TipoPrenda WHERE  TipoPrenda.tipo_prenda=1  
Save/Update: select * from TipoPrenda WHERE  TipoPrenda.tipo_prenda=2  
Save/Update: select * from TipoPrenda WHERE  TipoPrenda.tipo_prenda=3  
Save/Update: select * from produccion WHERE  produccion.cod_maquina=1  AND  produccion.fechaFinal&gt;= CAST('09/10/2012 11:00:00.000'  AS DateTime) ; select * from historico_estados_produccion WHERE borrado = 0
Save/Update: select * from Pedido WHERE  Pedido.cod_pedido=1  ; select * from produccion WHERE borrado = 0; select * from historico_estados_pedido WHERE borrado = 0
Save/Update: select * from Maquina WHERE  Maquina.cod_maquina=1  ; select * from JoinMaquinaToTipoPrenda
Save/Update: select * from Articulos WHERE  Articulos.cod_articulo=1  ; select * from lista_precios WHERE borrado = 0
Save/Update: select * from EstadoTrabajos WHERE  EstadoTrabajos.cod_estado=3  
Save/Update: select * from historico_estados_produccion WHERE  historico_estados_produccion.cod_produccion=1  
Save/Update: select * from produccion_operador WHERE  produccion_operador.cod_prodcuccion=1  
Save/Update: select * from Pedido WHERE  Pedido.cod_pedido=1  ; select * from produccion WHERE borrado = 0; select * from historico_estados_pedido WHERE borrado = 0
Save/Update: select * from Maquina WHERE  Maquina.cod_maquina=1  ; select * from JoinMaquinaToTipoPrenda
Save/Update: select * from Articulos WHERE  Articulos.cod_articulo=2  ; select * from lista_precios WHERE borrado = 0
Save/Update: select * from EstadoTrabajos WHERE  EstadoTrabajos.cod_estado=2  
Save/Update: select * from historico_estados_produccion WHERE  historico_estados_produccion.cod_produccion=2  
Save/Update: select * from produccion_operador WHERE  produccion_operador.cod_prodcuccion=2  
Save/Update: select * from Pedido WHERE  Pedido.cod_pedido=2  ; select * from produccion WHERE borrado = 0; select * from historico_estados_pedido WHERE borrado = 0
Save/Update: select * from Maquina WHERE  Maquina.cod_maquina=1  ; select * from JoinMaquinaToTipoPrenda
Save/Update: select * from Articulos WHERE  Articulos.cod_articulo=6  ; select * from lista_precios WHERE borrado = 0
Save/Update: select * from EstadoTrabajos WHERE  EstadoTrabajos.cod_estado=0  
Save/Update: select * from historico_estados_produccion WHERE  historico_estados_produccion.cod_produccion=5  
Save/Update: select * from produccion_operador WHERE  produccion_operador.cod_prodcuccion=5  
Save/Update: select * from produccion WHERE  produccion.cod_maquina=1  AND  produccion.fechaInicio&gt;= CAST('09/10/2012 14:00:00.000'  AS DateTime) ; select * from historico_estados_produccion WHERE borrado = 0
Save/Update: select * from Pedido WHERE  Pedido.cod_pedido=1  ; select * from produccion WHERE borrado = 0; select * from historico_estados_pedido WHERE borrado = 0
Save/Update: select * from Maquina WHERE  Maquina.cod_maquina=1  ; select * from JoinMaquinaToTipoPrenda
Save/Update: select * from Articulos WHERE  Articulos.cod_articulo=2  ; select * from lista_precios WHERE borrado = 0
Save/Update: select * from EstadoTrabajos WHERE  EstadoTrabajos.cod_estado=2  
Save/Update: select * from historico_estados_produccion WHERE  historico_estados_produccion.cod_produccion=2  
Save/Update: select * from produccion_operador WHERE  produccion_operador.cod_prodcuccion=2  
Save/Update: select * from Pedido WHERE  Pedido.cod_pedido=2  ; select * from produccion WHERE borrado = 0; select * from historico_estados_pedido WHERE borrado = 0
Save/Update: select * from Maquina WHERE  Maquina.cod_maquina=1  ; select * from JoinMaquinaToTipoPrenda
Save/Update: select * from Articulos WHERE  Articulos.cod_articulo=6  ; select * from lista_precios WHERE borrado = 0
Save/Update: select * from EstadoTrabajos WHERE  EstadoTrabajos.cod_estado=0  
Save/Update: select * from historico_estados_produccion WHERE  historico_estados_produccion.cod_produccion=5  
Save/Update: select * from produccion_operador WHERE  produccion_operador.cod_prodcuccion=5  
Save/Update: select * from produccion WHERE  produccion.cod_maquina=1  AND  produccion.fechaInicio&gt;= CAST('10/10/2012 12:00:00.000'  AS DateTime) ; select * from historico_estados_produccion WHERE borrado = 0
Save/Update: select * from Pedido WHERE  Pedido.cod_pedido=2  ; select * from produccion WHERE borrado = 0; select * from historico_estados_pedido WHERE borrado = 0
Save/Update: select * from Maquina WHERE  Maquina.cod_maquina=1  ; select * from JoinMaquinaToTipoPrenda
Save/Update: select * from Articulos WHERE  Articulos.cod_articulo=6  ; select * from lista_precios WHERE borrado = 0
Save/Update: select * from EstadoTrabajos WHERE  EstadoTrabajos.cod_estado=0  
Save/Update: select * from historico_estados_produccion WHERE  historico_estados_produccion.cod_produccion=5  
Save/Update: select * from produccion_operador WHERE  produccion_operador.cod_prodcuccion=5  
Save/Update: select * from produccion WHERE  produccion.cod_maquina=1  AND  produccion.fechaInicio&gt;= CAST('10/10/2012 16:00:00.000'  AS DateTime) ; select * from historico_estados_produccion WHERE borrado = 0
Save/Update: select * from produccion WHERE  produccion.cod_maquina=2  AND  produccion.fechaFinal&gt;= CAST('09/10/2012 11:00:00.000'  AS DateTime) ; select * from historico_estados_produccion WHERE borrado = 0
Save/Update: select * from Pedido WHERE  Pedido.cod_pedido=1  ; select * from produccion WHERE borrado = 0; select * from historico_estados_pedido WHERE borrado = 0
Save/Update: select * from Maquina WHERE  Maquina.cod_maquina=2  ; select * from JoinMaquinaToTipoPrenda
Save/Update: select * from Articulos WHERE  Articulos.cod_articulo=3  ; select * from lista_precios WHERE borrado = 0
Save/Update: select * from EstadoTrabajos WHERE  EstadoTrabajos.cod_estado=0  
Save/Update: select * from historico_estados_produccion WHERE  historico_estados_produccion.cod_produccion=3  
Save/Update: select * from produccion_operador WHERE  produccion_operador.cod_prodcuccion=3  
Save/Update: select * from produccion WHERE  produccion.cod_maquina=2  AND  produccion.fechaInicio&gt;= CAST('12/10/2012 18:00:00.000'  AS DateTime) ; select * from historico_estados_produccion WHERE borrado = 0
Save/Update: select * from produccion WHERE  produccion.cod_maquina=3  AND  produccion.fechaFinal&gt;= CAST('09/10/2012 11:00:00.000'  AS DateTime) ; select * from historico_estados_produccion WHERE borrado = 0
Save/Update: select * from Pedido WHERE  Pedido.cod_pedido=2  ; select * from produccion WHERE borrado = 0; select * from historico_estados_pedido WHERE borrado = 0
Save/Update: select * from Maquina WHERE  Maquina.cod_maquina=3  ; select * from JoinMaquinaToTipoPrenda
Save/Update: select * from Articulos WHERE  Articulos.cod_articulo=5  ; select * from lista_precios WHERE borrado = 0
Save/Update: select * from EstadoTrabajos WHERE  EstadoTrabajos.cod_estado=0  
Save/Update: select * from historico_estados_produccion WHERE  historico_estados_produccion.cod_produccion=4  
Save/Update: select * from produccion_operador WHERE  produccion_operador.cod_prodcuccion=4  
Save/Update: select * from Pedido WHERE  Pedido.cod_pedido=3  ; select * from produccion WHERE borrado = 0; select * from historico_estados_pedido WHERE borrado = 0
Save/Update: select * from Maquina WHERE  Maquina.cod_maquina=3  ; select * from JoinMaquinaToTipoPrenda
Save/Update: select * from Articulos WHERE  Articulos.cod_articulo=2  ; select * from lista_precios WHERE borrado = 0
Save/Update: select * from EstadoTrabajos WHERE  EstadoTrabajos.cod_estado=0  
Save/Update: select * from historico_estados_produccion WHERE  historico_estados_produccion.cod_produccion=6  
Save/Update: select * from produccion_operador WHERE  produccion_operador.cod_prodcuccion=6  
Save/Update: select * from produccion WHERE  produccion.cod_maquina=3  AND  produccion.fechaInicio&gt;= CAST('12/10/2012 13:00:00.000'  AS DateTime) ; select * from historico_estados_produccion WHERE borrado = 0
Save/Update: select * from Pedido WHERE  Pedido.cod_pedido=3  ; select * from produccion WHERE borrado = 0; select * from historico_estados_pedido WHERE borrado = 0
Save/Update: select * from Maquina WHERE  Maquina.cod_maquina=3  ; select * from JoinMaquinaToTipoPrenda
Save/Update: select * from Articulos WHERE  Articulos.cod_articulo=2  ; select * from lista_precios WHERE borrado = 0
Save/Update: select * from EstadoTrabajos WHERE  EstadoTrabajos.cod_estado=0  
Save/Update: select * from historico_estados_produccion WHERE  historico_estados_produccion.cod_produccion=6  
Save/Update: select * from produccion_operador WHERE  produccion_operador.cod_prodcuccion=6  
Save/Update: DELETE produccion_operador WHERE id_operador=2  AND cod_prodcuccion=7  
Save/Update: DELETE historico_estados_produccion WHERE nro_estado=1  AND cod_produccion=7  
Save/Update: DELETE historico_estados_produccion WHERE nro_estado=2  AND cod_produccion=7  
Save/Update: DELETE produccion WHERE cod_produccion=7</StdOut>
      </Output>
    </UnitTestResult>
    <UnitTestResult executionId="e4a558d3-fdd2-4afe-93fb-2c8d25351bf0" testId="d71a2e75-d02d-d52f-f44c-1c08c736ccf3" testName="buscarTodoTest" computerName="DIEGO-PC" duration="00:00:00.0056207" startTime="2012-11-26T18:29:51.0688923-03:00" endTime="2012-11-26T18:29:51.0838931-03:00" testType="13cdc9d9-ddb5-4fa4-a97d-d965ccfc6d4b" outcome="Passed" testListId="8c84fa94-04c1-424b-9868-57a2d4851a1d" relativeResultsDirectory="e4a558d3-fdd2-4afe-93fb-2c8d25351bf0">
      <Output>
        <StdOut>Save/Update: select * from produccion_operador</StdOut>
      </Output>
    </UnitTestResult>
    <UnitTestResult executionId="e4fb07c6-78e0-42ee-ac33-28c549c0a682" testId="d7c03cb5-500e-d7d9-da0b-0be2f4981b03" testName="buscarPorIdTest" computerName="DIEGO-PC" duration="00:00:00.0028862" startTime="2012-11-26T18:29:51.0898935-03:00" endTime="2012-11-26T18:29:51.1018942-03:00" testType="13cdc9d9-ddb5-4fa4-a97d-d965ccfc6d4b" outcome="Passed" testListId="8c84fa94-04c1-424b-9868-57a2d4851a1d" relativeResultsDirectory="e4fb07c6-78e0-42ee-ac33-28c549c0a682">
      <Output>
        <StdOut>Save/Update: select * from tipoInsumo WHERE  tipoInsumo.tipo_insumo=1</StdOut>
      </Output>
    </UnitTestResult>
    <UnitTestResult executionId="c5330dc1-c4c9-43ec-afe4-fa5c0cb0f718" testId="d9bcf618-cd6c-c93c-87f9-e64f86f63590" testName="actualizarTipoPrendaTest" computerName="DIEGO-PC" duration="00:00:00.0051080" startTime="2012-11-26T18:29:51.1048943-03:00" endTime="2012-11-26T18:29:51.1198952-03:00" testType="13cdc9d9-ddb5-4fa4-a97d-d965ccfc6d4b" outcome="Passed" testListId="8c84fa94-04c1-424b-9868-57a2d4851a1d" relativeResultsDirectory="c5330dc1-c4c9-43ec-afe4-fa5c0cb0f718">
      <Output>
        <StdOut>Save/Update: UPDATE TipoPrenda SET descripcion='Campera modificada' WHERE tipo_prenda=1  ; 
Save/Update: select * from TipoPrenda WHERE  TipoPrenda.tipo_prenda=1  
Save/Update: UPDATE TipoPrenda SET descripcion='Campera Armada' WHERE tipo_prenda=1  ;</StdOut>
      </Output>
    </UnitTestResult>
    <UnitTestResult executionId="3e3b335e-ed52-420c-a702-87171f622902" testId="d9f16886-57f7-8858-0bb0-758babcd4a82" testName="cargarUsuarioConRestriccionesTest" computerName="DIEGO-PC" duration="00:00:00.0090269" startTime="2012-11-26T18:29:51.1258955-03:00" endTime="2012-11-26T18:29:51.1438966-03:00" testType="13cdc9d9-ddb5-4fa4-a97d-d965ccfc6d4b" outcome="Passed" testListId="8c84fa94-04c1-424b-9868-57a2d4851a1d" relativeResultsDirectory="3e3b335e-ed52-420c-a702-87171f622902">
      <Output>
        <StdOut>Save/Update: select * from Usuario WHERE  Usuario.nombre LIKE '%bre1%'AND  Usuario.apellido LIKE '%ap%'AND  Usuario.mail LIKE '%@test%'AND  Usuario.telefonoFijo LIKE '%1-1%'AND  Usuario.telefonoMovil LIKE '%1-1%'; select * from JoinUsuarioToFamilia; select * from JoinPatenteToUsuario
Save/Update: select * from Familia JOIN JoinUsuarioToFamilia AS usuarios ON Familia.familiaID=usuarios.familiaID WHERE usuarios.usuarioID=1  ; select * from JoinFamiliaToPatente
Save/Update: select * from Patente JOIN JoinPatenteToUsuario AS usuario ON Patente.patenteId=usuario.patenteId WHERE usuario.usuarioID=1  
Save/Update: select * from Cliente WHERE  Cliente.usuarioID=1  ; select * from cliente_movimientos; select * from Pedido WHERE borrado = 0; select * from Factura WHERE borrado = 0; select * from Diseño WHERE borrado = 0</StdOut>
      </Output>
    </UnitTestResult>
    <UnitTestResult executionId="9d2646f0-4a09-4385-bfdd-166013566a65" testId="da9d278a-cb0f-a51b-e352-ed20685028b9" testName="calcularDistanciaEntreTrabajosTest3" computerName="DIEGO-PC" duration="00:00:00.0033952" startTime="2012-11-26T18:29:51.1468967-03:00" endTime="2012-11-26T18:29:51.1618976-03:00" testType="13cdc9d9-ddb5-4fa4-a97d-d965ccfc6d4b" outcome="Passed" testListId="8c84fa94-04c1-424b-9868-57a2d4851a1d" relativeResultsDirectory="9d2646f0-4a09-4385-bfdd-166013566a65">
      <Output>
        <StdOut>Save/Update: DELETE produccion_operador WHERE id_operador=2  AND cod_prodcuccion=7  
Save/Update: DELETE historico_estados_produccion WHERE nro_estado=1  AND cod_produccion=7  
Save/Update: DELETE historico_estados_produccion WHERE nro_estado=2  AND cod_produccion=7  
Save/Update: DELETE produccion WHERE cod_produccion=7</StdOut>
      </Output>
    </UnitTestResult>
    <UnitTestResult executionId="504a2c74-dcc3-472b-ac5f-5828a25c14fb" testId="db7e1c98-1137-e435-bbb3-bf8f5402bfbf" testName="calcularDistanciaEntreTrabajosTest4" computerName="DIEGO-PC" duration="00:00:00.0036982" startTime="2012-11-26T18:29:51.1678979-03:00" endTime="2012-11-26T18:29:51.1838988-03:00" testType="13cdc9d9-ddb5-4fa4-a97d-d965ccfc6d4b" outcome="Passed" testListId="8c84fa94-04c1-424b-9868-57a2d4851a1d" relativeResultsDirectory="504a2c74-dcc3-472b-ac5f-5828a25c14fb">
      <Output>
        <StdOut>Save/Update: DELETE produccion_operador WHERE id_operador=2  AND cod_prodcuccion=7  
Save/Update: DELETE historico_estados_produccion WHERE nro_estado=1  AND cod_produccion=7  
Save/Update: DELETE historico_estados_produccion WHERE nro_estado=2  AND cod_produccion=7  
Save/Update: DELETE produccion WHERE cod_produccion=7</StdOut>
      </Output>
    </UnitTestResult>
    <UnitTestResult executionId="40a212c8-9495-4105-baae-7559c247e351" testId="dba83ae6-c977-93af-bca8-afb2188d9d55" testName="actualizarTipoPrendaTest" computerName="DIEGO-PC" duration="00:00:00.0052000" startTime="2012-11-26T18:29:51.1878991-03:00" endTime="2012-11-26T18:29:51.2079002-03:00" testType="13cdc9d9-ddb5-4fa4-a97d-d965ccfc6d4b" outcome="Passed" testListId="8c84fa94-04c1-424b-9868-57a2d4851a1d" relativeResultsDirectory="40a212c8-9495-4105-baae-7559c247e351">
      <Output>
        <StdOut>Save/Update: UPDATE TipoPrenda SET descripcion='Campera modificada' WHERE tipo_prenda=1  ; 
Save/Update: select * from TipoPrenda WHERE  TipoPrenda.tipo_prenda=1  
Save/Update: UPDATE TipoPrenda SET descripcion='Campera Armada' WHERE tipo_prenda=1  ;</StdOut>
      </Output>
    </UnitTestResult>
    <UnitTestResult executionId="06524294-4b0f-4655-b5d5-7d07dc51345e" testId="dc17c55e-f745-25bd-9dae-5c78f5bb2176" testName="grabarTipoPrendaTest" computerName="DIEGO-PC" duration="00:00:00.0040949" startTime="2012-11-26T18:29:51.2189008-03:00" endTime="2012-11-26T18:29:51.2359018-03:00" testType="13cdc9d9-ddb5-4fa4-a97d-d965ccfc6d4b" outcome="Passed" testListId="8c84fa94-04c1-424b-9868-57a2d4851a1d" relativeResultsDirectory="06524294-4b0f-4655-b5d5-7d07dc51345e">
      <Output>
        <StdOut>Save/Update: INSERT INTO TipoPrenda (tipo_prenda, descripcion) VALUES (5 , 'gorro'); 
Save/Update: select * from TipoPrenda
Save/Update: DELETE TipoPrenda WHERE tipo_prenda=5</StdOut>
      </Output>
    </UnitTestResult>
    <UnitTestResult executionId="2306a5d2-10cc-4d86-ab1f-ece2243516d4" testId="dd5a8b39-7328-3edd-3658-5787ac153d19" testName="actualizaFacturaTest" computerName="DIEGO-PC" duration="00:00:00.0386410" startTime="2012-11-26T18:29:51.2379019-03:00" endTime="2012-11-26T18:29:51.2849046-03:00" testType="13cdc9d9-ddb5-4fa4-a97d-d965ccfc6d4b" outcome="Passed" testListId="8c84fa94-04c1-424b-9868-57a2d4851a1d" relativeResultsDirectory="2306a5d2-10cc-4d86-ab1f-ece2243516d4">
      <Output>
        <StdOut>Save/Update: SELECT  ISNULL(MAX(nro_Doc + 1),1) from documento
Save/Update: INSERT INTO documento VALUES (5)
Save/Update: SELECT  ISNULL(MAX(nro_factura + 1),1) from Factura WHERE nro_sucursal=1 AND tipo_factura='A'
Save/Update: INSERT INTO Factura (nro_Doc, iva, fecha, borrado, nro_factura, nro_sucursal, tipo_factura, id_cliente, monto) VALUES (5 , 1.1,  CAST('13/10/2012 21:44:12.000'  AS DateTime), 0 , 2 , 1 , 'A', 2 , 100); UPDATE LineaFactura SET borrado=1 WHERE nro_factura=2  AND nro_sucursal=1  AND tipo_factura='A' ; 
Save/Update: SELECT  ISNULL(MAX(nro_linea + 1),1) from LineaFactura WHERE nro_factura=2 AND nro_sucursal=1 AND tipo_factura='A'
Save/Update: INSERT INTO LineaFactura (nro_factura, nro_sucursal, tipo_factura, nro_linea, cod_producto, cantidad, precio, borrado) VALUES (2 , 1 , 'A', 1 , 2 , 10 , 0, 0 ); 
Save/Update: SELECT  ISNULL(MAX(nro_movimiento + 1),1) from MovimientosCuenta
Save/Update: INSERT INTO MovimientosCuenta (nro_movimiento, comentario, fecha, monto, cuentaID, tipoMovimientoID) VALUES (4 , 'com test',  CAST('13/10/2012 21:44:12.000'  AS DateTime), 100, 1 , 1 ); DELETE cliente_movimientos where nro_movimiento=4  ;  INSERT INTO cliente_movimientos ( nro_movimiento, id_cliente) VALUES ( 4 , 2 ); DELETE documento_movimiento where nro_movimiento=4  ;  INSERT INTO documento_movimiento ( nro_movimiento, nro_Doc) VALUES ( 4 , 5 ); 
Save/Update: select * from Factura WHERE  Factura.nro_factura=2  AND  Factura.nro_sucursal=1  AND  Factura.tipo_factura='A' ; select * from documento_movimiento; select * from LineaFactura WHERE borrado = 0
Save/Update: select * from LineaFactura WHERE  LineaFactura.nro_factura=2  AND  LineaFactura.tipo_factura='A' AND  LineaFactura.nro_sucursal=1  
Save/Update: select * from Articulos WHERE  Articulos.cod_articulo=2  ; select * from lista_precios WHERE borrado = 0
Save/Update: select * from Cliente WHERE  Cliente.id_cliente=2  ; select * from cliente_movimientos; select * from Pedido WHERE borrado = 0; select * from Factura WHERE borrado = 0; select * from Diseño WHERE borrado = 0
Save/Update: select * from Usuario WHERE  Usuario.usuarioID=2  ; select * from JoinUsuarioToFamilia; select * from JoinPatenteToUsuario
Save/Update: select * from MovimientosCuenta JOIN documento_movimiento AS documento ON MovimientosCuenta.nro_movimiento=documento.nro_movimiento JOIN cliente_movimientos AS cliente ON MovimientosCuenta.nro_movimiento=cliente.nro_movimiento WHERE documento.nro_Doc=5  AND cliente.id_cliente IS NOT  NULL ; select * from cliente_movimientos; select * from documento_movimiento
Save/Update: UPDATE Factura SET nro_Doc=5 , iva=1.1, fecha= CAST('13/10/2012 21:44:12.000'  AS DateTime), borrado=0 , id_cliente=2 , monto=111 WHERE nro_factura=2  AND nro_sucursal=1  AND tipo_factura='A' ; UPDATE LineaFactura SET borrado=1 WHERE nro_factura=2  AND nro_sucursal=1  AND tipo_factura='A' ; 
Save/Update: UPDATE LineaFactura SET cod_producto=2 , cantidad=15 , precio=0, borrado=0  WHERE nro_factura=2  AND nro_sucursal=1  AND tipo_factura='A' AND nro_linea=1  ; 
Save/Update: SELECT  ISNULL(MAX(nro_linea + 1),1) from LineaFactura WHERE nro_factura=2 AND nro_sucursal=1 AND tipo_factura='A'
Save/Update: INSERT INTO LineaFactura (nro_factura, nro_sucursal, tipo_factura, nro_linea, cod_producto, cantidad, precio, borrado) VALUES (2 , 1 , 'A', 2 , 1 , 10 , 2.1, 0 ); 
Save/Update: UPDATE MovimientosCuenta SET comentario='com test', fecha= CAST('13/10/2012 21:44:12.000'  AS DateTime), monto=111, cuentaID=1 , tipoMovimientoID=1  WHERE nro_movimiento=4  ; DELETE cliente_movimientos where nro_movimiento=4  ;  INSERT INTO cliente_movimientos ( nro_movimiento, id_cliente) VALUES ( 4 , 2 ); DELETE documento_movimiento where nro_movimiento=4  ;  INSERT INTO documento_movimiento ( nro_movimiento, nro_Doc) VALUES ( 4 , 5 ); 
Save/Update: select * from Factura WHERE  Factura.nro_factura=2  AND  Factura.nro_sucursal=1  AND  Factura.tipo_factura='A' ; select * from documento_movimiento; select * from LineaFactura WHERE borrado = 0
Save/Update: select * from LineaFactura WHERE  LineaFactura.nro_factura=2  AND  LineaFactura.tipo_factura='A' AND  LineaFactura.nro_sucursal=1  
Save/Update: select * from Articulos WHERE  Articulos.cod_articulo=2  ; select * from lista_precios WHERE borrado = 0
Save/Update: select * from Articulos WHERE  Articulos.cod_articulo=1  ; select * from lista_precios WHERE borrado = 0
Save/Update: select * from Cliente WHERE  Cliente.id_cliente=2  ; select * from cliente_movimientos; select * from Pedido WHERE borrado = 0; select * from Factura WHERE borrado = 0; select * from Diseño WHERE borrado = 0
Save/Update: select * from Usuario WHERE  Usuario.usuarioID=2  ; select * from JoinUsuarioToFamilia; select * from JoinPatenteToUsuario
Save/Update: select * from MovimientosCuenta JOIN documento_movimiento AS documento ON MovimientosCuenta.nro_movimiento=documento.nro_movimiento JOIN cliente_movimientos AS cliente ON MovimientosCuenta.nro_movimiento=cliente.nro_movimiento WHERE documento.nro_Doc=5  AND cliente.id_cliente IS NOT  NULL ; select * from cliente_movimientos; select * from documento_movimiento
Save/Update: DELETE LineaFactura WHERE nro_factura=2  AND nro_sucursal=1  AND tipo_factura='A' AND nro_linea=1  
Save/Update: DELETE LineaFactura WHERE nro_factura=2  AND nro_sucursal=1  AND tipo_factura='A' AND nro_linea=2  
Save/Update: DELETE cliente_movimientos where nro_movimiento=4  ; DELETE documento_movimiento where nro_movimiento=4  ; ;DELETE MovimientosCuenta WHERE nro_movimiento=4  
Save/Update: DELETE FROM Factura WHERE nro_Doc =5
Save/Update: delete documento where nro_doc=5</StdOut>
      </Output>
    </UnitTestResult>
    <UnitTestResult executionId="fff7ef63-d11d-48b2-8103-d7e6e34b2ab2" testId="dde12295-d4b5-9724-4e8c-04bf282ca24f" testName="buscarArticulosPorCodigoTest" computerName="DIEGO-PC" duration="00:00:00.0068340" startTime="2012-11-26T18:29:51.2899049-03:00" endTime="2012-11-26T18:29:51.3049058-03:00" testType="13cdc9d9-ddb5-4fa4-a97d-d965ccfc6d4b" outcome="Passed" testListId="8c84fa94-04c1-424b-9868-57a2d4851a1d" relativeResultsDirectory="fff7ef63-d11d-48b2-8103-d7e6e34b2ab2">
      <Output>
        <StdOut>Save/Update: select * from Articulos WHERE  Articulos.cod_articulo=1  ; select * from lista_precios WHERE borrado = 0
Save/Update: select * from lista_precios WHERE  lista_precios.cod_articulo=1  
Save/Update: select * from TipoPrenda WHERE  TipoPrenda.tipo_prenda=1  
Save/Update: select * from Diseño WHERE  Diseño.cod_diseño=1  ; select * from historico_estados_diseño WHERE borrado = 0
Save/Update: DELETE lista_precios WHERE nro_lista=1  AND cod_articulo=4  
Save/Update: DELETE lista_precios WHERE nro_lista=2  AND cod_articulo=4  
Save/Update: DELETE Articulos WHERE cod_articulo=4</StdOut>
      </Output>
    </UnitTestResult>
    <UnitTestResult executionId="0dc63d1c-498b-4561-9f86-fdc46298d033" testId="de04a58d-71f5-e1d1-1d14-e423a290a69c" testName="actualizarProduccionTest" computerName="DIEGO-PC" duration="00:00:00.0279869" startTime="2012-11-26T18:29:51.3099061-03:00" endTime="2012-11-26T18:29:51.3459081-03:00" testType="13cdc9d9-ddb5-4fa4-a97d-d965ccfc6d4b" outcome="Passed" testListId="8c84fa94-04c1-424b-9868-57a2d4851a1d" relativeResultsDirectory="0dc63d1c-498b-4561-9f86-fdc46298d033">
      <Output>
        <StdOut>Save/Update: SELECT  ISNULL(MAX(cod_produccion + 1),1) from produccion
Save/Update: INSERT INTO produccion (cod_produccion, comentario, cod_pedido, cod_maquina, cod_articulo, cantidad, estadoActual, utilizacion, fechaInicio, fechaFinal, borrado) VALUES (7 , 'com test', 3 , 3 , 3 , 10 , 1 , 1,  CAST('14/10/2012 15:00:00.000'  AS DateTime),  CAST('14/10/2012 18:00:00.000'  AS DateTime), 0 ); UPDATE historico_estados_produccion SET borrado=1 WHERE cod_produccion=7  ; 
Save/Update: SELECT  ISNULL(MAX(nro_estado + 1),1) from historico_estados_produccion WHERE cod_produccion=7
Save/Update: INSERT INTO historico_estados_produccion (nro_estado, comentario, cod_produccion, fechaDesde, fechaHasta, estado, borrado) VALUES (1 , 'com test', 7 ,  CAST('26/11/2012 18:29:51.316'  AS DateTime),  NULL , 1 , 0 ); 
Save/Update: select * from produccion WHERE  produccion.cod_produccion=7  ; select * from historico_estados_produccion WHERE borrado = 0
Save/Update: select * from Pedido WHERE  Pedido.cod_pedido=3  ; select * from produccion WHERE borrado = 0; select * from historico_estados_pedido WHERE borrado = 0
Save/Update: select * from Maquina WHERE  Maquina.cod_maquina=3  ; select * from JoinMaquinaToTipoPrenda
Save/Update: select * from Articulos WHERE  Articulos.cod_articulo=3  ; select * from lista_precios WHERE borrado = 0
Save/Update: select * from EstadoTrabajos WHERE  EstadoTrabajos.cod_estado=1  
Save/Update: select * from historico_estados_produccion WHERE  historico_estados_produccion.cod_produccion=7  
Save/Update: select * from produccion_operador WHERE  produccion_operador.cod_prodcuccion=7  
Save/Update: UPDATE produccion SET comentario='com test', cod_pedido=3 , cod_maquina=3 , cod_articulo=3 , cantidad=10 , estadoActual=1 , utilizacion=1, fechaInicio= CAST('14/10/2012 15:00:00.000'  AS DateTime), fechaFinal= CAST('14/10/2012 18:00:00.000'  AS DateTime), borrado=0  WHERE cod_produccion=7  ; UPDATE historico_estados_produccion SET borrado=1 WHERE cod_produccion=7  ; 
Save/Update: INSERT INTO produccion_operador (id_operador, cod_prodcuccion, porcentaje) VALUES (2 , 7 , 100 ); 
Save/Update: UPDATE historico_estados_produccion SET comentario='com test', fechaDesde= CAST('26/11/2012 18:29:51.317'  AS DateTime), fechaHasta= CAST('14/10/2012 18:00:00.000'  AS DateTime), estado=1 , borrado=0  WHERE nro_estado=1  AND cod_produccion=7  ; 
Save/Update: SELECT  ISNULL(MAX(nro_estado + 1),1) from historico_estados_produccion WHERE cod_produccion=7
Save/Update: INSERT INTO historico_estados_produccion (nro_estado, comentario, cod_produccion, fechaDesde, fechaHasta, estado, borrado) VALUES (2 , 'com test', 7 ,  CAST('26/11/2012 18:29:51.328'  AS DateTime),  NULL , 3 , 0 ); 
Save/Update: select * from produccion WHERE  produccion.cod_produccion=7  ; select * from historico_estados_produccion WHERE borrado = 0
Save/Update: select * from Pedido WHERE  Pedido.cod_pedido=3  ; select * from produccion WHERE borrado = 0; select * from historico_estados_pedido WHERE borrado = 0
Save/Update: select * from Maquina WHERE  Maquina.cod_maquina=3  ; select * from JoinMaquinaToTipoPrenda
Save/Update: select * from Articulos WHERE  Articulos.cod_articulo=3  ; select * from lista_precios WHERE borrado = 0
Save/Update: select * from EstadoTrabajos WHERE  EstadoTrabajos.cod_estado=1  
Save/Update: select * from historico_estados_produccion WHERE  historico_estados_produccion.cod_produccion=7  
Save/Update: select * from produccion_operador WHERE  produccion_operador.cod_prodcuccion=7  
Save/Update: DELETE produccion_operador WHERE id_operador=2  AND cod_prodcuccion=7  
Save/Update: DELETE historico_estados_produccion WHERE nro_estado=1  AND cod_produccion=7  
Save/Update: DELETE historico_estados_produccion WHERE nro_estado=2  AND cod_produccion=7  
Save/Update: DELETE produccion WHERE cod_produccion=7</StdOut>
      </Output>
    </UnitTestResult>
    <UnitTestResult executionId="c822c098-2898-469d-9753-cdce1c84dd6f" testId="dea2dc86-55fc-7dd0-68c2-4ac2d970ca43" testName="modificarMensajeTest" computerName="DIEGO-PC" duration="00:00:00.0057806" startTime="2012-11-26T18:29:51.3559087-03:00" endTime="2012-11-26T18:29:51.3749098-03:00" testType="13cdc9d9-ddb5-4fa4-a97d-d965ccfc6d4b" outcome="Passed" testListId="8c84fa94-04c1-424b-9868-57a2d4851a1d" relativeResultsDirectory="c822c098-2898-469d-9753-cdce1c84dd6f">
      <Output>
        <StdOut>Save/Update: select * from Mensaje WHERE  Mensaje.id=2  
Save/Update: UPDATE Mensaje SET tipoMensaje=0 , fecha= CAST('26/08/2012 16:35:00.000'  AS DateTime), mensaje='msj de 1 a 2', leido=1 , borrado=0 , id_conversacion=1  WHERE id=2  ; 
Save/Update: select * from Mensaje WHERE  Mensaje.id=2  
Save/Update: UPDATE Mensaje SET tipoMensaje=0 , fecha= CAST('26/08/2012 16:35:00.000'  AS DateTime), mensaje='msj de 1 a 2', leido=0 , borrado=0 , id_conversacion=1  WHERE id=2  ;</StdOut>
      </Output>
    </UnitTestResult>
    <UnitTestResult executionId="3fd95942-bfcf-41d1-a9be-473d5725898c" testId="dfd17420-5a13-5744-e6d4-81c04e097642" testName="buscarPrendasPorIDTest" computerName="DIEGO-PC" duration="00:00:00.0022386" startTime="2012-11-26T18:29:51.3829102-03:00" endTime="2012-11-26T18:29:51.3959110-03:00" testType="13cdc9d9-ddb5-4fa4-a97d-d965ccfc6d4b" outcome="Passed" testListId="8c84fa94-04c1-424b-9868-57a2d4851a1d" relativeResultsDirectory="3fd95942-bfcf-41d1-a9be-473d5725898c">
      <Output>
        <StdOut>Save/Update: select * from TipoPrenda WHERE  TipoPrenda.tipo_prenda=2</StdOut>
      </Output>
    </UnitTestResult>
    <UnitTestResult executionId="bccf115a-cc3d-4e59-8dfc-6c9f7fc65be6" testId="e020cadd-bd50-d44d-30aa-ba2f497b2887" testName="borrarTest" computerName="DIEGO-PC" duration="00:00:00.0180950" startTime="2012-11-26T18:29:51.4009113-03:00" endTime="2012-11-26T18:29:51.4289129-03:00" testType="13cdc9d9-ddb5-4fa4-a97d-d965ccfc6d4b" outcome="Passed" testListId="8c84fa94-04c1-424b-9868-57a2d4851a1d" relativeResultsDirectory="bccf115a-cc3d-4e59-8dfc-6c9f7fc65be6">
      <Output>
        <StdOut>Save/Update: SELECT  ISNULL(MAX(id_conversacion + 1),1) from Conversacion
Save/Update: INSERT INTO Conversacion (id_conversacion, remitente, destinatario) VALUES (3 , 2 , 3 ); UPDATE mensaje SET borrado=1 WHERE id_conversacion=3  ; 
Save/Update: SELECT  ISNULL(MAX(id + 1),1) from Mensaje
Save/Update: INSERT INTO Mensaje (id, tipoMensaje, fecha, mensaje, leido, borrado, id_conversacion) VALUES (5 , 0 ,  CAST('26/11/2012 18:29:51.408'  AS DateTime), 'test msj grabarMensajeTest', 0 , 0 , 3 ); 
Save/Update: SELECT  ISNULL(MAX(id + 1),1) from Mensaje
Save/Update: INSERT INTO Mensaje (id, tipoMensaje, fecha, mensaje, leido, borrado, id_conversacion) VALUES (6 , 1 ,  CAST('26/11/2012 18:29:51.408'  AS DateTime), 'test msj grabarMensajeTest', 0 , 0 , 3 ); 
Save/Update: select * from Conversacion WHERE  Conversacion.remitente=3  ; select * from mensaje WHERE borrado = 0
Save/Update: select * from Conversacion WHERE  Conversacion.destinatario=3  ; select * from mensaje WHERE borrado = 0
Save/Update: select * from Usuario WHERE  Usuario.usuarioID=2  ; select * from JoinUsuarioToFamilia; select * from JoinPatenteToUsuario
Save/Update: select * from Usuario WHERE  Usuario.usuarioID=3  ; select * from JoinUsuarioToFamilia; select * from JoinPatenteToUsuario
Save/Update: select * from Mensaje WHERE  Mensaje.id_conversacion=3  
Save/Update: DELETE Mensaje WHERE id=5  
Save/Update: DELETE Mensaje WHERE id=6  
Save/Update: DELETE Conversacion WHERE id_conversacion=3  
Save/Update: select * from Conversacion WHERE  Conversacion.remitente=3  ; select * from mensaje WHERE borrado = 0
Save/Update: select * from Conversacion WHERE  Conversacion.destinatario=3  ; select * from mensaje WHERE borrado = 0
Save/Update: select * from Mensaje</StdOut>
      </Output>
    </UnitTestResult>
    <UnitTestResult executionId="87593257-9a22-4c25-8d55-448a067e758e" testId="e02e0a67-6c2d-0c94-cb65-8df5b3dc5cea" testName="listarMovimientosTest" computerName="DIEGO-PC" duration="00:00:00.0107329" startTime="2012-11-26T18:29:51.4389134-03:00" endTime="2012-11-26T18:29:51.4619147-03:00" testType="13cdc9d9-ddb5-4fa4-a97d-d965ccfc6d4b" outcome="Passed" testListId="8c84fa94-04c1-424b-9868-57a2d4851a1d" relativeResultsDirectory="87593257-9a22-4c25-8d55-448a067e758e">
      <Output>
        <StdOut>Save/Update: select * from MovimientosCuenta JOIN proveedor_movimientos AS proveedor ON MovimientosCuenta.nro_movimiento=proveedor.nro_movimiento WHERE proveedor.id_proveedor IS NOT  NULL ; select * from proveedor_movimientos; select * from documento_movimiento
Save/Update: select * from Proveedor WHERE  Proveedor.id_proveedor=1  
Save/Update: select * from OrdenDeCompra WHERE  OrdenDeCompra.id_proveedor=1  ; select * from documento_movimiento; select * from LineaOrdenDeCompra WHERE borrado = 0
Save/Update: select * from OrdenDeCompra WHERE  OrdenDeCompra.nro_Doc=3  ; select * from documento_movimiento; select * from LineaOrdenDeCompra WHERE borrado = 0
Save/Update: select * from tipoMovimiento WHERE  tipoMovimiento.tipoMovimientoID=1  
Save/Update: select * from Cuenta WHERE  Cuenta.cuentaID=1  
Save/Update: DELETE proveedor_movimientos where nro_movimiento=4  ; DELETE documento_movimiento where nro_movimiento=4  ; ;DELETE MovimientosCuenta WHERE nro_movimiento=4</StdOut>
      </Output>
    </UnitTestResult>
    <UnitTestResult executionId="06105743-cdea-47a2-8f90-335ceed9ec4f" testId="e174714d-b5ae-6791-7e05-a6dae00c0681" testName="buscarArticulosTest" computerName="DIEGO-PC" duration="00:00:00.0046275" startTime="2012-11-26T18:29:51.4689151-03:00" endTime="2012-11-26T18:29:51.4829159-03:00" testType="13cdc9d9-ddb5-4fa4-a97d-d965ccfc6d4b" outcome="Passed" testListId="8c84fa94-04c1-424b-9868-57a2d4851a1d" relativeResultsDirectory="06105743-cdea-47a2-8f90-335ceed9ec4f">
      <Output>
        <StdOut>Save/Update: select * from Articulos; select * from lista_precios WHERE borrado = 0
Save/Update: DELETE Articulos WHERE cod_articulo=4</StdOut>
      </Output>
    </UnitTestResult>
    <UnitTestResult executionId="5dc26234-c834-4a8e-b91e-4cfb5309f824" testId="e23387f5-cbe9-d2c5-d12c-23a1dbe2d390" testName="grabarFacturaTest" computerName="DIEGO-PC" duration="00:00:00.0229436" startTime="2012-11-26T18:29:51.4879162-03:00" endTime="2012-11-26T18:29:51.5209181-03:00" testType="13cdc9d9-ddb5-4fa4-a97d-d965ccfc6d4b" outcome="Passed" testListId="8c84fa94-04c1-424b-9868-57a2d4851a1d" relativeResultsDirectory="5dc26234-c834-4a8e-b91e-4cfb5309f824">
      <Output>
        <StdOut>Save/Update: SELECT  ISNULL(MAX(nro_Doc + 1),1) from documento
Save/Update: INSERT INTO documento VALUES (5)
Save/Update: SELECT  ISNULL(MAX(nro_factura + 1),1) from Factura WHERE nro_sucursal=1 AND tipo_factura='A'
Save/Update: INSERT INTO Factura (nro_Doc, iva, fecha, borrado, nro_factura, nro_sucursal, tipo_factura, id_cliente, monto) VALUES (5 , 1.1,  CAST('13/10/2012 21:44:12.000'  AS DateTime), 0 , 2 , 1 , 'A', 2 , 100); UPDATE LineaFactura SET borrado=1 WHERE nro_factura=2  AND nro_sucursal=1  AND tipo_factura='A' ; 
Save/Update: SELECT  ISNULL(MAX(nro_linea + 1),1) from LineaFactura WHERE nro_factura=2 AND nro_sucursal=1 AND tipo_factura='A'
Save/Update: INSERT INTO LineaFactura (nro_factura, nro_sucursal, tipo_factura, nro_linea, cod_producto, cantidad, precio, borrado) VALUES (2 , 1 , 'A', 1 , 2 , 10 , 50, 0 ); 
Save/Update: SELECT  ISNULL(MAX(nro_movimiento + 1),1) from MovimientosCuenta
Save/Update: INSERT INTO MovimientosCuenta (nro_movimiento, comentario, fecha, monto, cuentaID, tipoMovimientoID) VALUES (4 , 'com test',  CAST('13/10/2012 21:44:12.000'  AS DateTime), 100, 1 , 1 ); DELETE cliente_movimientos where nro_movimiento=4  ;  INSERT INTO cliente_movimientos ( nro_movimiento, id_cliente) VALUES ( 4 , 2 ); DELETE documento_movimiento where nro_movimiento=4  ;  INSERT INTO documento_movimiento ( nro_movimiento, nro_Doc) VALUES ( 4 , 5 ); 
Save/Update: select * from Factura WHERE  Factura.nro_factura=2  AND  Factura.nro_sucursal=1  AND  Factura.tipo_factura='A' ; select * from documento_movimiento; select * from LineaFactura WHERE borrado = 0
Save/Update: select * from LineaFactura WHERE  LineaFactura.nro_factura=2  AND  LineaFactura.tipo_factura='A' AND  LineaFactura.nro_sucursal=1  
Save/Update: select * from Articulos WHERE  Articulos.cod_articulo=2  ; select * from lista_precios WHERE borrado = 0
Save/Update: select * from Cliente WHERE  Cliente.id_cliente=2  ; select * from cliente_movimientos; select * from Pedido WHERE borrado = 0; select * from Factura WHERE borrado = 0; select * from Diseño WHERE borrado = 0
Save/Update: select * from Usuario WHERE  Usuario.usuarioID=2  ; select * from JoinUsuarioToFamilia; select * from JoinPatenteToUsuario
Save/Update: select * from MovimientosCuenta JOIN documento_movimiento AS documento ON MovimientosCuenta.nro_movimiento=documento.nro_movimiento JOIN cliente_movimientos AS cliente ON MovimientosCuenta.nro_movimiento=cliente.nro_movimiento WHERE documento.nro_Doc=5  AND cliente.id_cliente IS NOT  NULL ; select * from cliente_movimientos; select * from documento_movimiento
Save/Update: DELETE LineaFactura WHERE nro_factura=2  AND nro_sucursal=1  AND tipo_factura='A' AND nro_linea=1  
Save/Update: DELETE LineaFactura WHERE nro_factura=2  AND nro_sucursal=1  AND tipo_factura='A' AND nro_linea=2  
Save/Update: DELETE cliente_movimientos where nro_movimiento=4  ; DELETE documento_movimiento where nro_movimiento=4  ; ;DELETE MovimientosCuenta WHERE nro_movimiento=4  
Save/Update: DELETE FROM Factura WHERE nro_Doc =5
Save/Update: delete documento where nro_doc=5</StdOut>
      </Output>
    </UnitTestResult>
    <UnitTestResult executionId="b154bb08-22cb-4d42-b5d8-1d70a846de7d" testId="e2347588-3d57-efa9-6d83-3dfd95e9941d" testName="buscarPorIdTest" computerName="DIEGO-PC" duration="00:00:00.0029763" startTime="2012-11-26T18:29:51.5239183-03:00" endTime="2012-11-26T18:29:51.5409193-03:00" testType="13cdc9d9-ddb5-4fa4-a97d-d965ccfc6d4b" outcome="Passed" testListId="8c84fa94-04c1-424b-9868-57a2d4851a1d" relativeResultsDirectory="b154bb08-22cb-4d42-b5d8-1d70a846de7d">
      <Output>
        <StdOut>Save/Update: select * from produccion_operador WHERE  produccion_operador.id_operador=1  AND  produccion_operador.cod_prodcuccion=1</StdOut>
      </Output>
    </UnitTestResult>
    <UnitTestResult executionId="d8d8ea8b-27ec-4e0f-b56c-a57b868bf2f8" testId="e27be593-1d5d-4e60-f221-5154b5c9193c" testName="agregarPatenteTest" computerName="DIEGO-PC" duration="00:00:00.0101745" startTime="2012-11-26T18:29:51.5469196-03:00" endTime="2012-11-26T18:29:51.5659207-03:00" testType="13cdc9d9-ddb5-4fa4-a97d-d965ccfc6d4b" outcome="Passed" testListId="8c84fa94-04c1-424b-9868-57a2d4851a1d" relativeResultsDirectory="d8d8ea8b-27ec-4e0f-b56c-a57b868bf2f8">
      <Output>
        <StdOut>Save/Update: select * from Familia WHERE  Familia.familiaID=5  ; select * from JoinFamiliaToPatente
Save/Update: UPDATE Familia SET descripcion='desTest', nombre='nombretest' WHERE familiaID=5  ; DELETE JoinFamiliaToPatente where familiaID=5  ;  INSERT INTO JoinFamiliaToPatente ( familiaID, patenteId) VALUES ( 5 , 9 ); 
Save/Update: select * from Familia WHERE  Familia.familiaID=5  ; select * from JoinFamiliaToPatente
Save/Update: UPDATE Familia SET descripcion='Administracion de finanzas', nombre='Administracion de finanzas' WHERE familiaID=5  ; DELETE JoinFamiliaToPatente where familiaID=5  ;</StdOut>
      </Output>
    </UnitTestResult>
    <UnitTestResult executionId="9f222ab0-f357-490d-8168-60129d0db5bc" testId="e337de86-0746-0ac2-0c5c-30365e74f01b" testName="saveTest" computerName="DIEGO-PC" duration="00:00:00.1108091" startTime="2012-11-26T18:29:51.5749212-03:00" endTime="2012-11-26T18:29:51.6949281-03:00" testType="13cdc9d9-ddb5-4fa4-a97d-d965ccfc6d4b" outcome="Passed" testListId="8c84fa94-04c1-424b-9868-57a2d4851a1d" relativeResultsDirectory="9f222ab0-f357-490d-8168-60129d0db5bc">
      <Output>
        <StdOut>***************** Error --&gt; Save: INSERT INTO Patente (patenteID, descripcion, permiso) VALUES (1, 'test', 'test')
                 Stacktrace: Infracción de la restricción PRIMARY KEY 'PK_Patente'. No se puede insertar una clave duplicada en el objeto 'dbo.Patente'.
Se terminó la instrucción.
Save/Update: select * from Patente where patenteID = 1
***************** Error --&gt; Save: DELETE FROM Patente
                 Stacktrace: Instrucción DELETE en conflicto con la restricción REFERENCE "FK_JoinFamiliaToPatente_Patente". El conflicto ha aparecido en la base de datos "uniprof_test", tabla "dbo.JoinFamiliaToPatente", column 'patenteID'.
Se terminó la instrucción.</StdOut>
      </Output>
    </UnitTestResult>
    <UnitTestResult executionId="4aad1cf3-3e3f-40cf-aab3-9ae42ef49741" testId="e3b5610a-399f-d019-a8c3-fe5f24d0c8a6" testName="listarInsumosTest" computerName="DIEGO-PC" duration="00:00:00.0181384" startTime="2012-11-26T18:29:51.7059287-03:00" endTime="2012-11-26T18:29:51.7369305-03:00" testType="13cdc9d9-ddb5-4fa4-a97d-d965ccfc6d4b" outcome="Passed" testListId="8c84fa94-04c1-424b-9868-57a2d4851a1d" relativeResultsDirectory="4aad1cf3-3e3f-40cf-aab3-9ae42ef49741">
      <Output>
        <StdOut>Save/Update: select * from insumo
Save/Update: select * from tipoInsumo WHERE  tipoInsumo.tipo_insumo=1  
Save/Update: select * from color WHERE  color.codigo_color=1  
Save/Update: select * from MovimientosStock WHERE  MovimientosStock.cod_insumo=1  
Save/Update: select * from tipoInsumo WHERE  tipoInsumo.tipo_insumo=1  
Save/Update: select * from color WHERE  color.codigo_color=2  
Save/Update: select * from MovimientosStock WHERE  MovimientosStock.cod_insumo=2  
Save/Update: select * from tipoInsumo WHERE  tipoInsumo.tipo_insumo=1  
Save/Update: select * from color WHERE  color.codigo_color=3  
Save/Update: select * from MovimientosStock WHERE  MovimientosStock.cod_insumo=3  
Save/Update: select * from tipoInsumo WHERE  tipoInsumo.tipo_insumo=1  
Save/Update: select * from color WHERE  color.codigo_color=4  
Save/Update: select * from MovimientosStock WHERE  MovimientosStock.cod_insumo=4  
Save/Update: select * from insumo WHERE  insumo.cod_insumo=1  
Save/Update: select * from tipoInsumo WHERE  tipoInsumo.tipo_insumo=1  
Save/Update: select * from color WHERE  color.codigo_color=1  
Save/Update: select * from MovimientosStock WHERE  MovimientosStock.cod_insumo=1  
Save/Update: select * from insumo WHERE  insumo.cod_insumo=2  
Save/Update: select * from tipoInsumo WHERE  tipoInsumo.tipo_insumo=1  
Save/Update: select * from color WHERE  color.codigo_color=2  
Save/Update: select * from MovimientosStock WHERE  MovimientosStock.cod_insumo=2  
Save/Update: select * from insumo WHERE  insumo.cod_insumo=1  
Save/Update: select * from tipoInsumo WHERE  tipoInsumo.tipo_insumo=1  
Save/Update: select * from color WHERE  color.codigo_color=1  
Save/Update: select * from MovimientosStock WHERE  MovimientosStock.cod_insumo=1  
Save/Update: UPDATE insumo SET nombre='nombre1', id_tipo_insumo=1 , color=1 , detalle='detalle1', costo=1, cantidadActual=1  WHERE cod_insumo=1  ; 
Save/Update: select * from insumo WHERE  insumo.cod_insumo=2  
Save/Update: select * from tipoInsumo WHERE  tipoInsumo.tipo_insumo=1  
Save/Update: select * from color WHERE  color.codigo_color=2  
Save/Update: select * from MovimientosStock WHERE  MovimientosStock.cod_insumo=2  
Save/Update: UPDATE insumo SET nombre='nombre2', id_tipo_insumo=1 , color=2 , detalle='detalle2', costo=1, cantidadActual=2  WHERE cod_insumo=2  ; 
Save/Update: delete from MovimientosStock where cod_insumo &gt; 2 or (cod_insumo = 1 AND nro_movimiento &gt; 2) or (cod_insumo = 2 AND nro_movimiento &gt; 1)
Save/Update: DELETE MovimientosStock WHERE nro_movimiento=1  AND cod_insumo=5  
Save/Update: DELETE MovimientosStock WHERE nro_movimiento=2  AND cod_insumo=5  
Save/Update: DELETE insumo WHERE cod_insumo=5</StdOut>
      </Output>
    </UnitTestResult>
    <UnitTestResult executionId="02c99591-1971-4fe4-bd4a-551ed90477a3" testId="e3f85f2f-8bca-7a73-722e-520143b3f21d" testName="buscarNewsletterParaEnviarTest" computerName="DIEGO-PC" duration="00:00:00.0025574" startTime="2012-11-26T18:29:51.7429308-03:00" endTime="2012-11-26T18:29:51.7559316-03:00" testType="13cdc9d9-ddb5-4fa4-a97d-d965ccfc6d4b" outcome="Passed" testListId="8c84fa94-04c1-424b-9868-57a2d4851a1d" relativeResultsDirectory="02c99591-1971-4fe4-bd4a-551ed90477a3">
      <Output>
        <StdOut>Save/Update: select * from newsletter WHERE  newsletter.enviado=0</StdOut>
      </Output>
    </UnitTestResult>
    <UnitTestResult executionId="9109b181-a89c-48ae-8015-df061f6a9bda" testId="e4b047bc-e01c-35c0-ab7e-ab1c5de8674f" testName="grabarFacturasTest" computerName="DIEGO-PC" duration="00:00:00.0105590" startTime="2012-11-26T18:29:51.7579317-03:00" endTime="2012-11-26T18:29:51.7769328-03:00" testType="13cdc9d9-ddb5-4fa4-a97d-d965ccfc6d4b" outcome="Passed" testListId="8c84fa94-04c1-424b-9868-57a2d4851a1d" relativeResultsDirectory="9109b181-a89c-48ae-8015-df061f6a9bda">
      <Output>
        <StdOut>Save/Update: SELECT  ISNULL(MAX(nro_Doc + 1),1) from documento
Save/Update: INSERT INTO documento VALUES (5)
Save/Update: SELECT  ISNULL(MAX(nro_orden_compra + 1),1) from OrdenDeCompra WHERE nro_sucursal=1 AND tipo_orden_compra='A'
Save/Update: INSERT INTO OrdenDeCompra (nro_Doc, iva, fecha, borrado, nro_orden_compra, nro_sucursal, tipo_orden_compra, id_proveedor, monto) VALUES (5 , 33.3,  CAST('26/11/2012 18:29:51.763'  AS DateTime), 0 , 2 , 1 , 'A', 2 , 33.3); UPDATE LineaOrdenDeCompra SET borrado=1 WHERE nro_orden_compra=2  AND nro_sucursal=1  AND tipo_orden_compra='A' ; 
Save/Update: select * from OrdenDeCompra WHERE  OrdenDeCompra.nro_Doc=5  ; select * from documento_movimiento; select * from LineaOrdenDeCompra WHERE borrado = 0
Save/Update: delete OrdenDeCompra where nro_doc=5
Save/Update: delete documento where nro_doc=5</StdOut>
      </Output>
    </UnitTestResult>
    <UnitTestResult executionId="b6791e5f-0655-48ef-b33d-ab85fa99f753" testId="e4e7695e-eb86-2e17-0da3-82500c958fe2" testName="actualizarClienteTest" computerName="DIEGO-PC" duration="00:00:00.0796565" startTime="2012-11-26T18:29:51.7819331-03:00" endTime="2012-11-26T18:29:51.8729383-03:00" testType="13cdc9d9-ddb5-4fa4-a97d-d965ccfc6d4b" outcome="Passed" testListId="8c84fa94-04c1-424b-9868-57a2d4851a1d" relativeResultsDirectory="b6791e5f-0655-48ef-b33d-ab85fa99f753">
      <Output>
        <StdOut>Save/Update: select * from Cliente WHERE  Cliente.id_cliente=1  ; select * from cliente_movimientos; select * from Pedido WHERE borrado = 0; select * from Factura WHERE borrado = 0; select * from Diseño WHERE borrado = 0
Save/Update: select * from Usuario WHERE  Usuario.usuarioID=1  ; select * from JoinUsuarioToFamilia; select * from JoinPatenteToUsuario
Save/Update: select * from Familia JOIN JoinUsuarioToFamilia AS usuarios ON Familia.familiaID=usuarios.familiaID WHERE usuarios.usuarioID=1  ; select * from JoinFamiliaToPatente
Save/Update: select * from Patente JOIN JoinPatenteToUsuario AS usuario ON Patente.patenteId=usuario.patenteId WHERE usuario.usuarioID=1  
Save/Update: select * from Cliente WHERE  Cliente.usuarioID=1  ; select * from cliente_movimientos; select * from Pedido WHERE borrado = 0; select * from Factura WHERE borrado = 0; select * from Diseño WHERE borrado = 0
Save/Update: select * from Diseño WHERE  Diseño.id_cliente=1  ; select * from historico_estados_diseño WHERE borrado = 0
Save/Update: select * from Factura WHERE  Factura.id_cliente=1  ; select * from documento_movimiento; select * from LineaFactura WHERE borrado = 0
Save/Update: select * from Pedido WHERE  Pedido.id_cliente=1  ; select * from produccion WHERE borrado = 0; select * from historico_estados_pedido WHERE borrado = 0
Save/Update: select * from MovimientosCuenta JOIN cliente_movimientos AS cliente ON MovimientosCuenta.nro_movimiento=cliente.nro_movimiento WHERE cliente.id_cliente=1  AND cliente.id_cliente IS NOT  NULL ; select * from cliente_movimientos; select * from documento_movimiento
Save/Update: UPDATE Usuario SET nombre='nombre6', apellido='apellido6', mail='mail6@test.com', password='559D55197310', telefonoFijo='6666-6666', telefonoMovil='6666-6666', bloqueado=0  WHERE usuarioID=1  ; DELETE JoinUsuarioToFamilia where usuarioID=1  ;  INSERT INTO JoinUsuarioToFamilia ( usuarioID, familiaID) VALUES ( 1 , 5 ); DELETE JoinPatenteToUsuario where usuarioID=1  ;  INSERT INTO JoinPatenteToUsuario ( usuarioID, patenteId) VALUES ( 1 , 3 ); 
Save/Update: UPDATE Cliente SET habitadoTurnos=0 , newsletter=1  WHERE id_cliente=1  ; UPDATE Pedido SET borrado=1 WHERE id_cliente=1  ; UPDATE Factura SET borrado=1 WHERE id_cliente=1  ; UPDATE Diseño SET borrado=1 WHERE id_cliente=1  ; 
Save/Update: select * from Cliente WHERE  Cliente.id_cliente=1  ; select * from cliente_movimientos; select * from Pedido WHERE borrado = 0; select * from Factura WHERE borrado = 0; select * from Diseño WHERE borrado = 0
Save/Update: select * from Usuario WHERE  Usuario.usuarioID=1  ; select * from JoinUsuarioToFamilia; select * from JoinPatenteToUsuario
Save/Update: select * from Familia JOIN JoinUsuarioToFamilia AS usuarios ON Familia.familiaID=usuarios.familiaID WHERE usuarios.usuarioID=1  ; select * from JoinFamiliaToPatente
Save/Update: select * from Patente JOIN JoinFamiliaToPatente AS familia ON Patente.patenteId=familia.patenteId WHERE familia.familiaID=5  
Save/Update: select * from Patente JOIN JoinPatenteToUsuario AS usuario ON Patente.patenteId=usuario.patenteId WHERE usuario.usuarioID=1  
Save/Update: select * from Cliente WHERE  Cliente.usuarioID=1  ; select * from cliente_movimientos; select * from Pedido WHERE borrado = 0; select * from Factura WHERE borrado = 0; select * from Diseño WHERE borrado = 0
Save/Update: select * from Diseño WHERE  Diseño.id_cliente=1  ; select * from historico_estados_diseño WHERE borrado = 0
Save/Update: select * from Factura WHERE  Factura.id_cliente=1  ; select * from documento_movimiento; select * from LineaFactura WHERE borrado = 0
Save/Update: select * from Pedido WHERE  Pedido.id_cliente=1  ; select * from produccion WHERE borrado = 0; select * from historico_estados_pedido WHERE borrado = 0
Save/Update: select * from MovimientosCuenta JOIN cliente_movimientos AS cliente ON MovimientosCuenta.nro_movimiento=cliente.nro_movimiento WHERE cliente.id_cliente=1  AND cliente.id_cliente IS NOT  NULL ; select * from cliente_movimientos; select * from documento_movimiento
Save/Update: UPDATE Usuario SET nombre='nombre1', apellido='apellido1', mail='mail1@test.com', password='11C8', telefonoFijo='1111-1111', telefonoMovil='1111-1111', bloqueado=0  WHERE usuarioID=1  ; DELETE JoinUsuarioToFamilia where usuarioID=1  ; DELETE JoinPatenteToUsuario where usuarioID=1  ; 
Save/Update: UPDATE Cliente SET habitadoTurnos=1 , newsletter=0  WHERE id_cliente=1  ; UPDATE Pedido SET borrado=1 WHERE id_cliente=1  ; UPDATE Factura SET borrado=1 WHERE id_cliente=1  ; UPDATE Diseño SET borrado=1 WHERE id_cliente=1  ; 
Save/Update:  UPDATE factura set borrado = 0 
Save/Update:  UPDATE diseño set borrado = 0 
Save/Update:  UPDATE pedido set borrado = 0 
Save/Update:  Insert into JoinPatenteToUsuario values (1,1)</StdOut>
      </Output>
    </UnitTestResult>
    <UnitTestResult executionId="9a2edf44-9f5c-443a-8af1-3cc3444724a7" testId="e4f43342-50bf-4878-e3d3-5afdaa2ddd37" testName="modificarMovimientosClienteTest" computerName="DIEGO-PC" duration="00:00:00.0128664" startTime="2012-11-26T18:29:51.8759384-03:00" endTime="2012-11-26T18:29:51.8989397-03:00" testType="13cdc9d9-ddb5-4fa4-a97d-d965ccfc6d4b" outcome="Passed" testListId="8c84fa94-04c1-424b-9868-57a2d4851a1d" relativeResultsDirectory="9a2edf44-9f5c-443a-8af1-3cc3444724a7">
      <Output>
        <StdOut>Save/Update: SELECT  ISNULL(MAX(nro_movimiento + 1),1) from MovimientosCuenta
Save/Update: INSERT INTO MovimientosCuenta (nro_movimiento, comentario, fecha, monto, cuentaID, tipoMovimientoID) VALUES (4 , 'com4',  CAST('26/11/2012 18:29:51.883'  AS DateTime), 33.3, 1 , 2 ); DELETE cliente_movimientos where nro_movimiento=4  ;  INSERT INTO cliente_movimientos ( nro_movimiento, id_cliente) VALUES ( 4 , 2 ); DELETE documento_movimiento where nro_movimiento=4  ; 
Save/Update: select * from MovimientosCuenta JOIN cliente_movimientos AS cliente ON MovimientosCuenta.nro_movimiento=cliente.nro_movimiento WHERE  MovimientosCuenta.nro_movimiento=4  AND  MovimientosCuenta.monto=33.3 AND cliente.id_cliente IS NOT  NULL ; select * from cliente_movimientos; select * from documento_movimiento
Save/Update: UPDATE MovimientosCuenta SET comentario='com4', fecha= CAST('26/11/2012 18:29:51.883'  AS DateTime), monto=33.3, cuentaID=1 , tipoMovimientoID=2  WHERE nro_movimiento=4  ; DELETE cliente_movimientos where nro_movimiento=4  ;  INSERT INTO cliente_movimientos ( nro_movimiento, id_cliente) VALUES ( 4 , 1 ); DELETE documento_movimiento where nro_movimiento=4  ; 
Save/Update: select * from MovimientosCuenta JOIN cliente_movimientos AS cliente ON MovimientosCuenta.nro_movimiento=cliente.nro_movimiento WHERE  MovimientosCuenta.nro_movimiento=4  AND  MovimientosCuenta.monto=33.3 AND cliente.id_cliente IS NOT  NULL AND cliente.id_cliente IS NOT  NULL ; select * from cliente_movimientos; select * from documento_movimiento
Save/Update: DELETE cliente_movimientos where nro_movimiento=4  ; DELETE documento_movimiento where nro_movimiento=4  ; ;DELETE MovimientosCuenta WHERE nro_movimiento=4</StdOut>
      </Output>
    </UnitTestResult>
    <UnitTestResult executionId="27e6ac84-2921-4f71-9f43-3e88475b6dc9" testId="e64170f8-e36a-c642-d97d-54b6bb0553a6" testName="CargarClienteTest" computerName="DIEGO-PC" duration="00:00:00.0175325" startTime="2012-11-26T18:29:51.9029400-03:00" endTime="2012-11-26T18:29:51.9289415-03:00" testType="13cdc9d9-ddb5-4fa4-a97d-d965ccfc6d4b" outcome="Passed" testListId="8c84fa94-04c1-424b-9868-57a2d4851a1d" relativeResultsDirectory="27e6ac84-2921-4f71-9f43-3e88475b6dc9">
      <Output>
        <StdOut>Save/Update: select * from Cliente WHERE  Cliente.usuarioID=1  ; select * from cliente_movimientos; select * from Pedido WHERE borrado = 0; select * from Factura WHERE borrado = 0; select * from Diseño WHERE borrado = 0
Save/Update: select * from Usuario WHERE  Usuario.usuarioID=1  ; select * from JoinUsuarioToFamilia; select * from JoinPatenteToUsuario
Save/Update: select * from Familia JOIN JoinUsuarioToFamilia AS usuarios ON Familia.familiaID=usuarios.familiaID WHERE usuarios.usuarioID=1  ; select * from JoinFamiliaToPatente
Save/Update: select * from Patente JOIN JoinPatenteToUsuario AS usuario ON Patente.patenteId=usuario.patenteId WHERE usuario.usuarioID=1  
Save/Update: select * from Cliente WHERE  Cliente.usuarioID=1  ; select * from cliente_movimientos; select * from Pedido WHERE borrado = 0; select * from Factura WHERE borrado = 0; select * from Diseño WHERE borrado = 0
Save/Update: select * from Diseño WHERE  Diseño.id_cliente=1  ; select * from historico_estados_diseño WHERE borrado = 0
Save/Update: select * from Factura WHERE  Factura.id_cliente=1  ; select * from documento_movimiento; select * from LineaFactura WHERE borrado = 0
Save/Update: select * from Pedido WHERE  Pedido.id_cliente=1  ; select * from produccion WHERE borrado = 0; select * from historico_estados_pedido WHERE borrado = 0
Save/Update: select * from MovimientosCuenta JOIN cliente_movimientos AS cliente ON MovimientosCuenta.nro_movimiento=cliente.nro_movimiento WHERE cliente.id_cliente=1  AND cliente.id_cliente IS NOT  NULL ; select * from cliente_movimientos; select * from documento_movimiento</StdOut>
      </Output>
    </UnitTestResult>
    <UnitTestResult executionId="65759539-0800-4d4d-a570-be6d752acae4" testId="e7af5983-4779-41b6-14d3-f05ee86282c2" testName="buscarNewsletterPorIdTest" computerName="DIEGO-PC" duration="00:00:00.0023925" startTime="2012-11-26T18:29:51.9309416-03:00" endTime="2012-11-26T18:29:51.9429423-03:00" testType="13cdc9d9-ddb5-4fa4-a97d-d965ccfc6d4b" outcome="Passed" testListId="8c84fa94-04c1-424b-9868-57a2d4851a1d" relativeResultsDirectory="65759539-0800-4d4d-a570-be6d752acae4">
      <Output>
        <StdOut>Save/Update: select * from newsletter WHERE  newsletter.id=2</StdOut>
      </Output>
    </UnitTestResult>
    <UnitTestResult executionId="161d3406-4c1f-4ac0-a22c-00d15213ce80" testId="e8b1e8f2-7674-bb72-605f-9a7a2bc1bfee" testName="buscarColorConRestriccionesTest" computerName="DIEGO-PC" duration="00:00:00.0033386" startTime="2012-11-26T18:29:51.9459424-03:00" endTime="2012-11-26T18:29:51.9589432-03:00" testType="13cdc9d9-ddb5-4fa4-a97d-d965ccfc6d4b" outcome="Passed" testListId="8c84fa94-04c1-424b-9868-57a2d4851a1d" relativeResultsDirectory="161d3406-4c1f-4ac0-a22c-00d15213ce80">
      <Output>
        <StdOut>Save/Update: select * from color WHERE  color.codigo_color=3</StdOut>
      </Output>
    </UnitTestResult>
    <UnitTestResult executionId="f1bb7a4a-3e21-4d3a-9bb8-659f097c8bab" testId="e97e5cde-c25e-cb0e-69db-a3582bc2ca43" testName="buscarProveedoresPorNombreTest" computerName="DIEGO-PC" duration="00:00:00.0080187" startTime="2012-11-26T18:29:51.9629434-03:00" endTime="2012-11-26T18:29:51.9789443-03:00" testType="13cdc9d9-ddb5-4fa4-a97d-d965ccfc6d4b" outcome="Passed" testListId="8c84fa94-04c1-424b-9868-57a2d4851a1d" relativeResultsDirectory="f1bb7a4a-3e21-4d3a-9bb8-659f097c8bab">
      <Output>
        <StdOut>Save/Update: select * from Proveedor WHERE  Proveedor.nombre LIKE '%nomb%'
Save/Update: select * from OrdenDeCompra WHERE  OrdenDeCompra.id_proveedor=1  ; select * from documento_movimiento; select * from LineaOrdenDeCompra WHERE borrado = 0
Save/Update: select * from OrdenDeCompra WHERE  OrdenDeCompra.id_proveedor=2  ; select * from documento_movimiento; select * from LineaOrdenDeCompra WHERE borrado = 0
Save/Update: select * from OrdenDeCompra WHERE  OrdenDeCompra.id_proveedor=3  ; select * from documento_movimiento; select * from LineaOrdenDeCompra WHERE borrado = 0
Save/Update: delete OrdenDeCompra where nro_doc=5
Save/Update: delete documento where nro_doc=5
Save/Update: DELETE Proveedor WHERE id_proveedor=4  
Save/Update: UPDATE Proveedor SET nombre='nombre1', telefono='1111-1111', direccion='direccion 1' WHERE id_proveedor=1  ;</StdOut>
      </Output>
    </UnitTestResult>
    <UnitTestResult executionId="40bfcfef-d684-4273-8dc1-bb08dfc2fd60" testId="e9b80469-e28c-1b2c-5a36-980b3cb0f728" testName="grabarLineaTest" computerName="DIEGO-PC" duration="00:00:00.0056026" startTime="2012-11-26T18:29:51.9849447-03:00" endTime="2012-11-26T18:29:51.9989455-03:00" testType="13cdc9d9-ddb5-4fa4-a97d-d965ccfc6d4b" outcome="Passed" testListId="8c84fa94-04c1-424b-9868-57a2d4851a1d" relativeResultsDirectory="40bfcfef-d684-4273-8dc1-bb08dfc2fd60">
      <Output>
        <StdOut>Save/Update: SELECT  ISNULL(MAX(nro_linea + 1),1) from LineaFactura WHERE nro_factura=1 AND nro_sucursal=1 AND tipo_factura='A'
Save/Update: INSERT INTO LineaFactura (nro_factura, nro_sucursal, tipo_factura, nro_linea, cod_producto, cantidad, precio, borrado) VALUES (1 , 1 , 'A', 3 , 3 , 33 , 33.3, 0 ); 
Save/Update: select * from LineaFactura WHERE  LineaFactura.nro_factura=1  AND  LineaFactura.nro_linea=3  AND  LineaFactura.nro_sucursal=1  AND  LineaFactura.tipo_factura='A' 
Save/Update: DELETE LineaFactura WHERE nro_factura=1  AND nro_sucursal=1  AND tipo_factura='A' AND nro_linea=3</StdOut>
      </Output>
    </UnitTestResult>
    <UnitTestResult executionId="fa7b812c-c489-43a5-b4bc-9cb1729c2c76" testId="ea022a26-3382-db95-b68b-60ac6f18deb0" testName="CargarClientesTest" computerName="DIEGO-PC" duration="00:00:00.0289398" startTime="2012-11-26T18:29:52.0049458-03:00" endTime="2012-11-26T18:29:52.0429480-03:00" testType="13cdc9d9-ddb5-4fa4-a97d-d965ccfc6d4b" outcome="Passed" testListId="8c84fa94-04c1-424b-9868-57a2d4851a1d" relativeResultsDirectory="fa7b812c-c489-43a5-b4bc-9cb1729c2c76">
      <Output>
        <StdOut>Save/Update: select * from Cliente; select * from cliente_movimientos; select * from Pedido WHERE borrado = 0; select * from Factura WHERE borrado = 0; select * from Diseño WHERE borrado = 0
Save/Update: select * from Usuario WHERE  Usuario.usuarioID=1  ; select * from JoinUsuarioToFamilia; select * from JoinPatenteToUsuario
Save/Update: select * from Familia JOIN JoinUsuarioToFamilia AS usuarios ON Familia.familiaID=usuarios.familiaID WHERE usuarios.usuarioID=1  ; select * from JoinFamiliaToPatente
Save/Update: select * from Patente JOIN JoinPatenteToUsuario AS usuario ON Patente.patenteId=usuario.patenteId WHERE usuario.usuarioID=1  
Save/Update: select * from Cliente WHERE  Cliente.usuarioID=1  ; select * from cliente_movimientos; select * from Pedido WHERE borrado = 0; select * from Factura WHERE borrado = 0; select * from Diseño WHERE borrado = 0
Save/Update: select * from Diseño WHERE  Diseño.id_cliente=1  ; select * from historico_estados_diseño WHERE borrado = 0
Save/Update: select * from Factura WHERE  Factura.id_cliente=1  ; select * from documento_movimiento; select * from LineaFactura WHERE borrado = 0
Save/Update: select * from Pedido WHERE  Pedido.id_cliente=1  ; select * from produccion WHERE borrado = 0; select * from historico_estados_pedido WHERE borrado = 0
Save/Update: select * from MovimientosCuenta JOIN cliente_movimientos AS cliente ON MovimientosCuenta.nro_movimiento=cliente.nro_movimiento WHERE cliente.id_cliente=1  AND cliente.id_cliente IS NOT  NULL ; select * from cliente_movimientos; select * from documento_movimiento
Save/Update: select * from Usuario WHERE  Usuario.usuarioID=2  ; select * from JoinUsuarioToFamilia; select * from JoinPatenteToUsuario
Save/Update: select * from Familia JOIN JoinUsuarioToFamilia AS usuarios ON Familia.familiaID=usuarios.familiaID WHERE usuarios.usuarioID=2  ; select * from JoinFamiliaToPatente
Save/Update: select * from Patente JOIN JoinFamiliaToPatente AS familia ON Patente.patenteId=familia.patenteId WHERE familia.familiaID=2  
Save/Update: select * from Patente JOIN JoinPatenteToUsuario AS usuario ON Patente.patenteId=usuario.patenteId WHERE usuario.usuarioID=2  
Save/Update: select * from Cliente WHERE  Cliente.usuarioID=2  ; select * from cliente_movimientos; select * from Pedido WHERE borrado = 0; select * from Factura WHERE borrado = 0; select * from Diseño WHERE borrado = 0
Save/Update: select * from Diseño WHERE  Diseño.id_cliente=2  ; select * from historico_estados_diseño WHERE borrado = 0
Save/Update: select * from Factura WHERE  Factura.id_cliente=2  ; select * from documento_movimiento; select * from LineaFactura WHERE borrado = 0
Save/Update: select * from Pedido WHERE  Pedido.id_cliente=2  ; select * from produccion WHERE borrado = 0; select * from historico_estados_pedido WHERE borrado = 0
Save/Update: select * from MovimientosCuenta JOIN cliente_movimientos AS cliente ON MovimientosCuenta.nro_movimiento=cliente.nro_movimiento WHERE cliente.id_cliente=2  AND cliente.id_cliente IS NOT  NULL ; select * from cliente_movimientos; select * from documento_movimiento</StdOut>
      </Output>
    </UnitTestResult>
    <UnitTestResult executionId="729c48c3-b7c6-4e01-9cb3-72c040c6ae68" testId="eb042ce3-5f20-3d74-ebeb-88f3067e39ea" testName="cargarPedidoPorRestriccionesTest" computerName="DIEGO-PC" duration="00:00:00.0130258" startTime="2012-11-26T18:29:52.0459482-03:00" endTime="2012-11-26T18:29:52.0929508-03:00" testType="13cdc9d9-ddb5-4fa4-a97d-d965ccfc6d4b" outcome="Passed" testListId="8c84fa94-04c1-424b-9868-57a2d4851a1d" relativeResultsDirectory="729c48c3-b7c6-4e01-9cb3-72c040c6ae68">
      <Output>
        <StdOut>Save/Update: select * from Pedido JOIN produccion AS trabajos ON Pedido.cod_pedido=trabajos.cod_pedido WHERE  Pedido.cod_pedido=1  AND  Pedido.comentario='comentario1' AND  Pedido.id_cliente=1  AND  Pedido.tipo_pedido=1  AND trabajos.cod_produccion=3  AND  Pedido.estadoActual=3  AND  Pedido.borrado=0  ; select * from produccion WHERE borrado = 0; select * from historico_estados_pedido WHERE borrado = 0
Save/Update: DELETE Pedido WHERE cod_pedido=5</StdOut>
      </Output>
    </UnitTestResult>
    <UnitTestResult executionId="a449f0a7-4f7d-447c-9671-6b24ac70ef64" testId="ecaad254-0b1d-a420-c28a-c8ca0ba7c959" testName="cargarUsuarioPorIdTest" computerName="DIEGO-PC" duration="00:00:00.0095522" startTime="2012-11-26T18:29:52.0959510-03:00" endTime="2012-11-26T18:29:52.1149521-03:00" testType="13cdc9d9-ddb5-4fa4-a97d-d965ccfc6d4b" outcome="Passed" testListId="8c84fa94-04c1-424b-9868-57a2d4851a1d" relativeResultsDirectory="a449f0a7-4f7d-447c-9671-6b24ac70ef64">
      <Output>
        <StdOut>Save/Update: select * from Usuario WHERE  Usuario.usuarioID=3  ; select * from JoinUsuarioToFamilia; select * from JoinPatenteToUsuario
Save/Update: select * from Familia JOIN JoinUsuarioToFamilia AS usuarios ON Familia.familiaID=usuarios.familiaID WHERE usuarios.usuarioID=3  ; select * from JoinFamiliaToPatente
Save/Update: select * from Patente JOIN JoinFamiliaToPatente AS familia ON Patente.patenteId=familia.patenteId WHERE familia.familiaID=6  
Save/Update: select * from Patente JOIN JoinPatenteToUsuario AS usuario ON Patente.patenteId=usuario.patenteId WHERE usuario.usuarioID=3  
Save/Update: select * from Cliente WHERE  Cliente.usuarioID=3  ; select * from cliente_movimientos; select * from Pedido WHERE borrado = 0; select * from Factura WHERE borrado = 0; select * from Diseño WHERE borrado = 0</StdOut>
      </Output>
    </UnitTestResult>
    <UnitTestResult executionId="9271bb17-9964-4c25-a0f9-b74b8b5d33a6" testId="ecabc92d-2f24-55b0-b16a-755e692c4e1a" testName="calcularFinalizacionTest2" computerName="DIEGO-PC" duration="00:00:00.0042820" startTime="2012-11-26T18:29:52.1209524-03:00" endTime="2012-11-26T18:29:52.1349532-03:00" testType="13cdc9d9-ddb5-4fa4-a97d-d965ccfc6d4b" outcome="Passed" testListId="8c84fa94-04c1-424b-9868-57a2d4851a1d" relativeResultsDirectory="9271bb17-9964-4c25-a0f9-b74b8b5d33a6">
      <Output>
        <StdOut>Save/Update: DELETE produccion_operador WHERE id_operador=2  AND cod_prodcuccion=7  
Save/Update: DELETE historico_estados_produccion WHERE nro_estado=1  AND cod_produccion=7  
Save/Update: DELETE historico_estados_produccion WHERE nro_estado=2  AND cod_produccion=7  
Save/Update: DELETE produccion WHERE cod_produccion=7</StdOut>
      </Output>
    </UnitTestResult>
    <UnitTestResult executionId="c0d2b67a-e33d-4ca6-b310-3a9ae5b50def" testId="ecd27a0e-9f35-c43e-8c11-1b73255aae3c" testName="buscarColorTest" computerName="DIEGO-PC" duration="00:00:00.0043966" startTime="2012-11-26T18:29:52.1409536-03:00" endTime="2012-11-26T18:29:52.1519542-03:00" testType="13cdc9d9-ddb5-4fa4-a97d-d965ccfc6d4b" outcome="Passed" testListId="8c84fa94-04c1-424b-9868-57a2d4851a1d" relativeResultsDirectory="c0d2b67a-e33d-4ca6-b310-3a9ae5b50def">
      <Output>
        <StdOut>Save/Update: select * from color</StdOut>
      </Output>
    </UnitTestResult>
    <UnitTestResult executionId="8f7b6525-b4ba-4fff-9fcd-14bea1f19693" testId="eda2ca79-f409-f699-6d33-a3da45e5d953" testName="listarOpinionesTest" computerName="DIEGO-PC" duration="00:00:00.0035913" startTime="2012-11-26T18:29:52.1579546-03:00" endTime="2012-11-26T18:29:52.1719554-03:00" testType="13cdc9d9-ddb5-4fa4-a97d-d965ccfc6d4b" outcome="Passed" testListId="8c84fa94-04c1-424b-9868-57a2d4851a1d" relativeResultsDirectory="8f7b6525-b4ba-4fff-9fcd-14bea1f19693">
      <Output>
        <StdOut>Save/Update: select * from opiniones</StdOut>
      </Output>
    </UnitTestResult>
    <UnitTestResult executionId="aa8b45c3-19a1-475f-b0fd-d6f94505a6e7" testId="edb7a5b7-9d9c-7fee-8224-ff9d0e654bf2" testName="grabarFamiliaTest" computerName="DIEGO-PC" duration="00:00:00.0063326" startTime="2012-11-26T18:29:52.1739555-03:00" endTime="2012-11-26T18:29:52.1899564-03:00" testType="13cdc9d9-ddb5-4fa4-a97d-d965ccfc6d4b" outcome="Passed" testListId="8c84fa94-04c1-424b-9868-57a2d4851a1d" relativeResultsDirectory="aa8b45c3-19a1-475f-b0fd-d6f94505a6e7">
      <Output>
        <StdOut>Save/Update: INSERT INTO Familia (familiaID, descripcion, nombre) VALUES (7 , 'familia test', 'test'); DELETE JoinFamiliaToPatente where familiaID=7  ;  INSERT INTO JoinFamiliaToPatente ( familiaID, patenteId) VALUES ( 7 , 9 ); 
Save/Update: select * from Familia WHERE  Familia.familiaID=7  ; select * from JoinFamiliaToPatente
Save/Update: DELETE JoinFamiliaToPatente where familiaID=7  ; ;DELETE Familia WHERE familiaID=7</StdOut>
      </Output>
    </UnitTestResult>
    <UnitTestResult executionId="41dea2e2-8908-4e11-9e48-84f19ccb41ce" testId="ee5f9022-6777-7fb2-dcc5-530f17ab50c0" testName="borrarArticuloTest" computerName="DIEGO-PC" duration="00:00:00.0174523" startTime="2012-11-26T18:29:52.1949567-03:00" endTime="2012-11-26T18:29:52.2209582-03:00" testType="13cdc9d9-ddb5-4fa4-a97d-d965ccfc6d4b" outcome="Passed" testListId="8c84fa94-04c1-424b-9868-57a2d4851a1d" relativeResultsDirectory="41dea2e2-8908-4e11-9e48-84f19ccb41ce">
      <Output>
        <StdOut>Save/Update: SELECT  ISNULL(MAX(cod_articulo + 1),1) from Articulos
Save/Update: INSERT INTO Articulos (cod_articulo, tipoPrendaID, diseñoID, comentario, produccion, precioActual, borrado) VALUES (4 , 3 , 2 , 'com test', 10 , 1, 0 ); UPDATE lista_precios SET borrado=1 WHERE cod_articulo=4  ; 
Save/Update: SELECT  ISNULL( MAX(nro_lista + 1), 1) from lista_precios WHERE cod_articulo=4
Save/Update: INSERT INTO lista_precios (nro_lista, cod_articulo, precio, fechaDesde, fechaHasta, borrado) VALUES (1 , 4 , 1,  CAST('26/11/2012 18:29:52.200'  AS DateTime),  NULL , 0 ); 
Save/Update: select * from Articulos WHERE  Articulos.cod_articulo=4  ; select * from lista_precios WHERE borrado = 0
Save/Update: select * from lista_precios WHERE  lista_precios.cod_articulo=4  
Save/Update: select * from TipoPrenda WHERE  TipoPrenda.tipo_prenda=3  
Save/Update: select * from Diseño WHERE  Diseño.cod_diseño=2  ; select * from historico_estados_diseño WHERE borrado = 0
Save/Update: UPDATE Articulos SET tipoPrendaID=3 , diseñoID=2 , comentario='com test', produccion=10 , precioActual=1, borrado=1  WHERE cod_articulo=4  ; UPDATE lista_precios SET borrado=1 WHERE cod_articulo=4  ; 
Save/Update: select * from Articulos WHERE  Articulos.cod_articulo=4  ; select * from lista_precios WHERE borrado = 0
Save/Update: select * from lista_precios WHERE  lista_precios.cod_articulo=4  
Save/Update: select * from TipoPrenda WHERE  TipoPrenda.tipo_prenda=3  
Save/Update: select * from Diseño WHERE  Diseño.cod_diseño=2  ; select * from historico_estados_diseño WHERE borrado = 0
Save/Update: DELETE lista_precios WHERE nro_lista=1  AND cod_articulo=4  
Save/Update: DELETE lista_precios WHERE nro_lista=2  AND cod_articulo=4  
Save/Update: DELETE Articulos WHERE cod_articulo=4</StdOut>
      </Output>
    </UnitTestResult>
    <UnitTestResult executionId="e8d82655-300b-4af5-a253-07674cf97065" testId="ef762903-5f73-156d-4c6c-edbea7a556ad" testName="actualizarInsumoTest" computerName="DIEGO-PC" duration="00:00:00.0144012" startTime="2012-11-26T18:29:52.2229583-03:00" endTime="2012-11-26T18:29:52.2459596-03:00" testType="13cdc9d9-ddb5-4fa4-a97d-d965ccfc6d4b" outcome="Passed" testListId="8c84fa94-04c1-424b-9868-57a2d4851a1d" relativeResultsDirectory="e8d82655-300b-4af5-a253-07674cf97065">
      <Output>
        <StdOut>Save/Update: SELECT  ISNULL(MAX(cod_insumo + 1),1) from insumo
Save/Update: INSERT INTO insumo (cod_insumo, nombre, id_tipo_insumo, color, detalle, costo, cantidadActual) VALUES (5 , 'test creacion', 1 , 1 , 'insumo repo test', 5, 100 ); 
Save/Update: SELECT  ISNULL(MAX(nro_movimiento + 1),1) from MovimientosStock WHERE cod_insumo=5
Save/Update: INSERT INTO MovimientosStock (nro_movimiento, cod_insumo, tipo, fecha, cantidad) VALUES (1 , 5 , 1 ,  CAST('26/11/2012 18:29:52.229'  AS DateTime), 100); 
Save/Update: select * from insumo WHERE  insumo.cod_insumo=5  
Save/Update: select * from tipoInsumo WHERE  tipoInsumo.tipo_insumo=1  
Save/Update: select * from color WHERE  color.codigo_color=1  
Save/Update: select * from MovimientosStock WHERE  MovimientosStock.cod_insumo=5  
Save/Update: UPDATE insumo SET nombre='test creacion', id_tipo_insumo=1 , color=1 , detalle='insumo repo test', costo=5, cantidadActual=250  WHERE cod_insumo=5  ; 
Save/Update: SELECT  ISNULL(MAX(nro_movimiento + 1),1) from MovimientosStock WHERE cod_insumo=5
Save/Update: INSERT INTO MovimientosStock (nro_movimiento, cod_insumo, tipo, fecha, cantidad) VALUES (2 , 5 , 1 ,  CAST('26/11/2012 18:29:52.236'  AS DateTime), 150); 
Save/Update: select * from insumo WHERE  insumo.cod_insumo=5  
Save/Update: select * from tipoInsumo WHERE  tipoInsumo.tipo_insumo=1  
Save/Update: select * from color WHERE  color.codigo_color=1  
Save/Update: select * from MovimientosStock WHERE  MovimientosStock.cod_insumo=5  
Save/Update: DELETE MovimientosStock WHERE nro_movimiento=1  AND cod_insumo=5  
Save/Update: DELETE MovimientosStock WHERE nro_movimiento=2  AND cod_insumo=5  
Save/Update: DELETE insumo WHERE cod_insumo=5</StdOut>
      </Output>
    </UnitTestResult>
    <UnitTestResult executionId="2307b079-3917-4203-bc36-fb44a7d6bcea" testId="f07288f5-2f3d-e939-3514-a642579a478e" testName="borrarFamiliaTest" computerName="DIEGO-PC" duration="00:00:00.0139520" startTime="2012-11-26T18:29:52.2499598-03:00" endTime="2012-11-26T18:29:52.2729611-03:00" testType="13cdc9d9-ddb5-4fa4-a97d-d965ccfc6d4b" outcome="Passed" testListId="8c84fa94-04c1-424b-9868-57a2d4851a1d" relativeResultsDirectory="2307b079-3917-4203-bc36-fb44a7d6bcea">
      <Output>
        <StdOut>Save/Update: INSERT INTO Familia (familiaID, descripcion, nombre) VALUES (7 , 'familia test', 'test'); DELETE JoinFamiliaToPatente where familiaID=7  ;  INSERT INTO JoinFamiliaToPatente ( familiaID, patenteId) VALUES ( 7 , 9 ); 
Save/Update: select * from Familia WHERE  Familia.familiaID=7  ; select * from JoinFamiliaToPatente
Save/Update: select * from Patente JOIN JoinFamiliaToPatente AS familia ON Patente.patenteId=familia.patenteId WHERE familia.familiaID=7  
Save/Update: DELETE JoinFamiliaToPatente where familiaID=7  ; ;DELETE Familia WHERE familiaID=7  
Save/Update: select * from Familia WHERE  Familia.familiaID=7  ; select * from JoinFamiliaToPatente</StdOut>
      </Output>
    </UnitTestResult>
    <UnitTestResult executionId="c950abee-d9d1-4f25-bfcb-70162ff41c4f" testId="f0936119-968f-f4d0-680f-3a810a2a1183" testName="listarProduccionPorArticuloTest" computerName="DIEGO-PC" duration="00:00:00.0125363" startTime="2012-11-26T18:29:52.2799615-03:00" endTime="2012-11-26T18:29:52.3069631-03:00" testType="13cdc9d9-ddb5-4fa4-a97d-d965ccfc6d4b" outcome="Passed" testListId="8c84fa94-04c1-424b-9868-57a2d4851a1d" relativeResultsDirectory="c950abee-d9d1-4f25-bfcb-70162ff41c4f">
      <Output>
        <StdOut>Save/Update: select * from produccion WHERE  produccion.cod_articulo=1  ; select * from historico_estados_produccion WHERE borrado = 0
Save/Update: select * from Pedido WHERE  Pedido.cod_pedido=1  ; select * from produccion WHERE borrado = 0; select * from historico_estados_pedido WHERE borrado = 0
Save/Update: select * from Maquina WHERE  Maquina.cod_maquina=1  ; select * from JoinMaquinaToTipoPrenda
Save/Update: select * from Articulos WHERE  Articulos.cod_articulo=1  ; select * from lista_precios WHERE borrado = 0
Save/Update: select * from EstadoTrabajos WHERE  EstadoTrabajos.cod_estado=3  
Save/Update: select * from historico_estados_produccion WHERE  historico_estados_produccion.cod_produccion=1  
Save/Update: select * from produccion_operador WHERE  produccion_operador.cod_prodcuccion=1  
Save/Update: DELETE produccion_operador WHERE id_operador=2  AND cod_prodcuccion=7  
Save/Update: DELETE historico_estados_produccion WHERE nro_estado=1  AND cod_produccion=7  
Save/Update: DELETE historico_estados_produccion WHERE nro_estado=2  AND cod_produccion=7  
Save/Update: DELETE produccion WHERE cod_produccion=7</StdOut>
      </Output>
    </UnitTestResult>
    <UnitTestResult executionId="706bad49-6c27-4f7f-bb77-bbeaa010c8df" testId="f376c1cb-6c7e-6565-2dae-0872021038a2" testName="cargarNewsletterTest" computerName="DIEGO-PC" duration="00:00:00.0026217" startTime="2012-11-26T18:29:52.3179637-03:00" endTime="2012-11-26T18:29:52.3349647-03:00" testType="13cdc9d9-ddb5-4fa4-a97d-d965ccfc6d4b" outcome="Passed" testListId="8c84fa94-04c1-424b-9868-57a2d4851a1d" relativeResultsDirectory="706bad49-6c27-4f7f-bb77-bbeaa010c8df">
      <Output>
        <StdOut>Save/Update: select * from newsletter</StdOut>
      </Output>
    </UnitTestResult>
    <UnitTestResult executionId="6152796b-cef4-481c-90cb-1816a236a59c" testId="f384b49a-3778-3092-73a3-70a68b63c811" testName="buscarEstadosPorIdTest" computerName="DIEGO-PC" duration="00:00:00.0040927" startTime="2012-11-26T18:29:52.3379649-03:00" endTime="2012-11-26T18:29:52.3509656-03:00" testType="13cdc9d9-ddb5-4fa4-a97d-d965ccfc6d4b" outcome="Passed" testListId="8c84fa94-04c1-424b-9868-57a2d4851a1d" relativeResultsDirectory="6152796b-cef4-481c-90cb-1816a236a59c">
      <Output>
        <StdOut>Save/Update: select * from EstadoTrabajos WHERE  EstadoTrabajos.cod_estado=2</StdOut>
      </Output>
    </UnitTestResult>
    <UnitTestResult executionId="c9f63f01-0c2f-42c9-9833-997770c51bab" testId="f50b51cf-39fa-28c4-720a-03db16299af8" testName="listarInsumosTest" computerName="DIEGO-PC" duration="00:00:00.0084585" startTime="2012-11-26T18:29:52.3559659-03:00" endTime="2012-11-26T18:29:52.3759670-03:00" testType="13cdc9d9-ddb5-4fa4-a97d-d965ccfc6d4b" outcome="Passed" testListId="8c84fa94-04c1-424b-9868-57a2d4851a1d" relativeResultsDirectory="c9f63f01-0c2f-42c9-9833-997770c51bab">
      <Output>
        <StdOut>Save/Update: select * from insumo
Save/Update: select * from tipoInsumo WHERE  tipoInsumo.tipo_insumo=1  
Save/Update: select * from color WHERE  color.codigo_color=1  
Save/Update: select * from MovimientosStock WHERE  MovimientosStock.cod_insumo=1  
Save/Update: select * from tipoInsumo WHERE  tipoInsumo.tipo_insumo=1  
Save/Update: select * from color WHERE  color.codigo_color=2  
Save/Update: select * from MovimientosStock WHERE  MovimientosStock.cod_insumo=2  
Save/Update: select * from tipoInsumo WHERE  tipoInsumo.tipo_insumo=1  
Save/Update: select * from color WHERE  color.codigo_color=3  
Save/Update: select * from MovimientosStock WHERE  MovimientosStock.cod_insumo=3  
Save/Update: select * from tipoInsumo WHERE  tipoInsumo.tipo_insumo=1  
Save/Update: select * from color WHERE  color.codigo_color=4  
Save/Update: select * from MovimientosStock WHERE  MovimientosStock.cod_insumo=4  
Save/Update: DELETE MovimientosStock WHERE nro_movimiento=1  AND cod_insumo=5  
Save/Update: DELETE MovimientosStock WHERE nro_movimiento=2  AND cod_insumo=5  
Save/Update: DELETE insumo WHERE cod_insumo=5</StdOut>
      </Output>
    </UnitTestResult>
    <UnitTestResult executionId="bffc3e21-bf16-4cba-8f4b-be4d4cd7a7a2" testId="f537791f-903e-76d6-5080-80a4dc15bac2" testName="buscarPorDescripcionTest" computerName="DIEGO-PC" duration="00:00:00.0055174" startTime="2012-11-26T18:29:52.3819674-03:00" endTime="2012-11-26T18:29:52.4089689-03:00" testType="13cdc9d9-ddb5-4fa4-a97d-d965ccfc6d4b" outcome="Passed" testListId="8c84fa94-04c1-424b-9868-57a2d4851a1d" relativeResultsDirectory="bffc3e21-bf16-4cba-8f4b-be4d4cd7a7a2">
      <Output>
        <StdOut>Save/Update: select * from produccion_operador WHERE  produccion_operador.id_operador=2  AND  produccion_operador.cod_prodcuccion=5  AND  produccion_operador.porcentaje=100</StdOut>
      </Output>
    </UnitTestResult>
    <UnitTestResult executionId="9d6c204d-0b37-4910-b349-238174b61303" testId="f55d90a1-1701-8dfe-c19c-fedfde1208d9" testName="listarArticulosPorDiseñoTest" computerName="DIEGO-PC" duration="00:00:00.0101201" startTime="2012-11-26T18:29:52.4129691-03:00" endTime="2012-11-26T18:29:52.4319702-03:00" testType="13cdc9d9-ddb5-4fa4-a97d-d965ccfc6d4b" outcome="Passed" testListId="8c84fa94-04c1-424b-9868-57a2d4851a1d" relativeResultsDirectory="9d6c204d-0b37-4910-b349-238174b61303">
      <Output>
        <StdOut>Save/Update: select * from Articulos WHERE  Articulos.diseñoID=1  AND  Articulos.borrado=0  ; select * from lista_precios WHERE borrado = 0
Save/Update: select * from lista_precios WHERE  lista_precios.cod_articulo=1  
Save/Update: select * from TipoPrenda WHERE  TipoPrenda.tipo_prenda=1  
Save/Update: select * from Diseño WHERE  Diseño.cod_diseño=1  ; select * from historico_estados_diseño WHERE borrado = 0
Save/Update: select * from lista_precios WHERE  lista_precios.cod_articulo=3  
Save/Update: select * from TipoPrenda WHERE  TipoPrenda.tipo_prenda=2  
Save/Update: select * from Diseño WHERE  Diseño.cod_diseño=1  ; select * from historico_estados_diseño WHERE borrado = 0
Save/Update: DELETE lista_precios WHERE nro_lista=1  AND cod_articulo=4  
Save/Update: DELETE lista_precios WHERE nro_lista=2  AND cod_articulo=4  
Save/Update: DELETE Articulos WHERE cod_articulo=4</StdOut>
      </Output>
    </UnitTestResult>
    <UnitTestResult executionId="cac2cc2c-6403-4f2f-a43a-176fbc52a688" testId="f58b52d0-5450-8dbe-40cd-ee9f7307e372" testName="grabarPedidoTest" computerName="DIEGO-PC" duration="00:00:00.0398498" startTime="2012-11-26T18:29:52.4339703-03:00" endTime="2012-11-26T18:29:52.4829731-03:00" testType="13cdc9d9-ddb5-4fa4-a97d-d965ccfc6d4b" outcome="Passed" testListId="8c84fa94-04c1-424b-9868-57a2d4851a1d" relativeResultsDirectory="cac2cc2c-6403-4f2f-a43a-176fbc52a688">
      <Output>
        <StdOut>Save/Update: SELECT  ISNULL(MAX(cod_pedido + 1),1) from Pedido
Save/Update: INSERT INTO Pedido (cod_pedido, comentario, id_cliente, tipo_pedido, estadoActual, fechaInicio, fechaFinal, borrado) VALUES (5 , 'comentario test', 2 , 2 , 2 ,  CAST('26/11/2012 18:29:52.441'  AS DateTime),  CAST('26/11/2012 18:29:52.441'  AS DateTime), 0 ); UPDATE produccion SET borrado=1 WHERE cod_pedido=5  ; UPDATE historico_estados_pedido SET borrado=1 WHERE cod_pedido=5  ; 
Save/Update: SELECT  ISNULL(MAX(nro_estado + 1),1) from historico_estados_pedido WHERE cod_pedido=5
Save/Update: INSERT INTO historico_estados_pedido (nro_estado, comentario, cod_pedido, fechaDesde, fechaHasta, estado, borrado) VALUES (1 , 'com', 5 ,  CAST('26/11/2012 18:29:52.441'  AS DateTime),  NULL , 1 , 0 ); 
Save/Update: SELECT  ISNULL(MAX(cod_produccion + 1),1) from produccion
Save/Update: INSERT INTO produccion (cod_produccion, comentario, cod_pedido, cod_maquina, cod_articulo, cantidad, estadoActual, utilizacion, fechaInicio, fechaFinal, borrado) VALUES (7 , 'com1', 5 , 2 , 1 , 10 , 1 , 1,  CAST('26/11/2012 18:29:52.441'  AS DateTime),  NULL , 0 ); UPDATE historico_estados_produccion SET borrado=1 WHERE cod_produccion=7  ; 
Save/Update: select * from Pedido WHERE  Pedido.cod_pedido=5  ; select * from produccion WHERE borrado = 0; select * from historico_estados_pedido WHERE borrado = 0
Save/Update: select * from historico_estados_pedido WHERE  historico_estados_pedido.cod_pedido=5  
Save/Update: select * from tipoPedido WHERE  tipoPedido.tipo_pedido=2  
Save/Update: select * from produccion WHERE  produccion.cod_pedido=5  ; select * from historico_estados_produccion WHERE borrado = 0
Save/Update: select * from Cliente WHERE  Cliente.id_cliente=2  ; select * from cliente_movimientos; select * from Pedido WHERE borrado = 0; select * from Factura WHERE borrado = 0; select * from Diseño WHERE borrado = 0
Save/Update: select * from EstadoPedido WHERE  EstadoPedido.estado_pedido=2  
Save/Update: DELETE historico_estados_pedido WHERE nro_estado=1  AND cod_pedido=5  
Save/Update: DELETE historico_estados_pedido WHERE nro_estado=2  AND cod_pedido=5  
Save/Update: DELETE produccion WHERE cod_produccion=7  
Save/Update: DELETE Pedido WHERE cod_pedido=5</StdOut>
      </Output>
    </UnitTestResult>
    <UnitTestResult executionId="c69c698a-6cb9-4db9-8946-faa3616f3950" testId="f6ab254b-b89e-8f66-b003-59dd11d22e62" testName="buscarTipoPedidosTest" computerName="DIEGO-PC" duration="00:00:00.0062738" startTime="2012-11-26T18:29:52.4879734-03:00" endTime="2012-11-26T18:29:52.5049744-03:00" testType="13cdc9d9-ddb5-4fa4-a97d-d965ccfc6d4b" outcome="Passed" testListId="8c84fa94-04c1-424b-9868-57a2d4851a1d" relativeResultsDirectory="c69c698a-6cb9-4db9-8946-faa3616f3950">
      <Output>
        <StdOut>Save/Update: select * from tipoPedido
Save/Update: select * from tipoPedido WHERE  tipoPedido.tipo_pedido=1  
Save/Update: select * from tipoPedido WHERE  tipoPedido.descripcion='sin turno'</StdOut>
      </Output>
    </UnitTestResult>
    <UnitTestResult executionId="6e38cd44-7a82-4952-838a-d7116513a408" testId="f6c04c30-f707-2281-f731-8598fcdc8f9b" testName="actualizarNewsletterTest" computerName="DIEGO-PC" duration="00:00:00.0057394" startTime="2012-11-26T18:29:52.5079746-03:00" endTime="2012-11-26T18:29:52.5269757-03:00" testType="13cdc9d9-ddb5-4fa4-a97d-d965ccfc6d4b" outcome="Passed" testListId="8c84fa94-04c1-424b-9868-57a2d4851a1d" relativeResultsDirectory="6e38cd44-7a82-4952-838a-d7116513a408">
      <Output>
        <StdOut>Save/Update: select * from newsletter WHERE  newsletter.nombre='news1' 
Save/Update: UPDATE newsletter SET newsletter='&lt;body background="#8A94AA"&gt;&lt;style type="text/css"&gt;&lt;!--body {	background-color: #8A94AA;}.txt-geral {	font-family: Georgia, Times New Roman, Times, serif;	font-size: 13px;}.style3 {	font-family: Georgia, Times New Roman, Times, serif;	font-size: 13px;	color:#003366;}.txt-geralp {	font-family: Georgia, Times New Roman, Times, serif;	font-size: 11px;}.style-grd {	font-family: Georgia, Times New Roman, Times, serif;	font-size: 18px;}--&gt; &lt;/style&gt;&lt;table width="600" border="0" align="center" cellpadding="0" cellspacing="0"&gt;  &lt;tr&gt;    &lt;td class="titulo3"&gt;&lt;img src="http://www.salvadorefilhos.pt/images/news/bg-topo.gif" alt="" width="600" height="21" /&gt;&lt;/td&gt;  &lt;/tr&gt;  &lt;tr&gt;    &lt;td align="center" bgcolor="#EEEBE0"&gt;&lt;div align="center"&gt;&lt;img src="http://www.salvadorefilhos.pt/images/news/img-topo.jpg" alt="Salvador &amp;amp; Filhos" width="600" height="206" border="0" /&gt;&lt;/div&gt;&lt;/td&gt;  &lt;/tr&gt;  &lt;tr&gt;    &lt;td bgcolor="#EEEBE0"&gt;&lt;table width="97%" border="0" align="center" cellpadding="0" cellspacing="16"&gt;      &lt;tr&gt;        &lt;td width="50%" height="34" valign="top" class="txt-geral"&gt;&lt;div class="style3"&gt;          &lt;p&gt;&lt;b&gt;UNIPROF&lt;/b&gt;&lt;/p&gt;          &lt;p&gt;&lt;b&gt;NEWSLETTER N&amp;ordm;9&lt;/b&gt;&lt;/p&gt;        &lt;/div&gt;&lt;/td&gt;        &lt;td width="50%" align="right" valign="top" class="txt-geral"&gt;&lt;img src="http://www.salvadorefilhos.pt/images/news/logo.gif" alt="Cristo Rei" width="99" height="66" /&gt;&lt;/td&gt;      &lt;/tr&gt;      &lt;tr&gt;        &lt;td colspan="2" valign="top" class="txt-geral"&gt;&lt;p align="center"&gt;&lt;img src="http://www.es.salvadorefilhos.pt/newsletter/images/tit-newsl9.gif" alt="Servicios Adicionales" width="550" height="100" /&gt;&lt;/p&gt;          	&lt;table width="100%" border="0" cellspacing="0" cellpadding="0"&gt;				&lt;tr&gt;					&lt;td width="60%" valign="top"&gt;&lt;h2&gt;&lt;span lang="ES-TRAD" xml:lang="ES-TRAD"&gt;&lt;strong&gt;Env&amp;iacute;o, recepci&amp;oacute;n&lt;/strong&gt;&lt;/span&gt;:&lt;/h2&gt;							&lt;ul&gt;								&lt;li&gt;&lt;span lang="ES-TRAD" xml:lang="ES-TRAD"&gt;Log&amp;iacute;stica de entrega y recogida de pedidos por nuestro   transportista especializado. &lt;/span&gt; &lt;/li&gt;								&lt;li&gt;&lt;span lang="ES-TRAD" xml:lang="ES-TRAD"&gt;Entregas r&amp;aacute;pidas. &lt;/span&gt; &lt;/li&gt;								&lt;li&gt;&lt;span lang="ES-TRAD" xml:lang="ES-TRAD"&gt;Trabajamos internacionalmente. &lt;/span&gt; &lt;/li&gt;								&lt;li&gt;&lt;span lang="ES-TRAD" xml:lang="ES-TRAD"&gt;Entrega directa a nuestros clientes.&lt;/span&gt;&lt;/li&gt;								&lt;/ul&gt;&lt;/td&gt;					&lt;td width="40%" align="right"&gt;&lt;img src="http://www.es.salvadorefilhos.pt/fotos/empresa/carrinho.gif" alt="Env&amp;iacute;o, recepci&amp;oacute;n" width="200" height="190" hspace="0" border="0" /&gt;&lt;/td&gt;				&lt;/tr&gt;				&lt;tr&gt;					&lt;td valign="top"&gt;&lt;h2&gt;&lt;br /&gt;						&lt;strong&gt;Embalaje&lt;/strong&gt;:&lt;/h2&gt;							&lt;ul&gt;								&lt;li&gt;&lt;span lang="ES-TRAD" xml:lang="ES-TRAD"&gt;Tenemos un servicio m&amp;aacute;s a la disponibilidad de nuestros clientes. &lt;/span&gt; &lt;/li&gt;								&lt;li&gt;&lt;span lang="ES-TRAD" xml:lang="ES-TRAD"&gt;Doblar y prensar las piezas personalizadas. &lt;/span&gt; &lt;/li&gt;								&lt;li&gt;&lt;span lang="ES-TRAD" xml:lang="ES-TRAD"&gt;Embalaje individual en una bolsa de pl&amp;aacute;stico. &lt;/span&gt; &lt;/li&gt;								&lt;li&gt;&lt;span lang="ES-TRAD" xml:lang="ES-TRAD"&gt;Embalaje m&amp;uacute;ltiple en una bolsa de pl&amp;aacute;stico. &lt;/span&gt; &lt;/li&gt;								&lt;li&gt;&lt;span lang="ES-TRAD" xml:lang="ES-TRAD"&gt;Embalaje en cajas de cart&amp;oacute;n&lt;/span&gt;&lt;/li&gt;								&lt;/ul&gt;&lt;/td&gt;					&lt;td align="right"&gt;&lt;br /&gt;							&lt;img src="http://www.es.salvadorefilhos.pt/fotos/empresa/embalagem.gif" alt="Embalaje" width="200" height="168" hspace="0" border="0" /&gt;&lt;/td&gt;				&lt;/tr&gt;				&lt;tr&gt;					&lt;td valign="top"&gt;&lt;h2&gt;&lt;br /&gt;						&lt;strong&gt;Control de calidad&lt;/strong&gt;:&lt;/h2&gt;							&lt;ul&gt;								&lt;li&gt;&lt;span lang="ES-TRAD" xml:lang="ES-TRAD"&gt;N&lt;/span&gt;uestros bordados son la prueba de la calidad y durabilidad,   colores s&amp;oacute;lidos y garantidos, calidad garantizada. &lt;/li&gt;								&lt;li&gt;Nuestros textiles son de un acabado de alta calidad, controlado y   probado. &lt;/li&gt;								&lt;li&gt;Control de calidad para todos nuestros art&amp;iacute;culos. &lt;/li&gt;								&lt;li&gt;La experiencia y conocimiento a su servicio. &lt;/li&gt;								&lt;li&gt;P&amp;oacute;nganos a prueba.&lt;/li&gt;								&lt;/ul&gt;&lt;/td&gt;					&lt;td align="right"&gt;&lt;br /&gt;							&lt;img height="200" alt="Control de calidad" src="http://www.es.salvadorefilhos.pt/fotos/empresa/maos.gif" width="200" border="0" /&gt;&lt;/td&gt;				&lt;/tr&gt;			&lt;/table&gt;          	&lt;p&gt;&lt;strong&gt;&amp;iexcl;&lt;a href=""&gt;Env&amp;iacute;enos su solicitud&lt;/a&gt;!&lt;img src="http://www.salvadorefilhos.pt/newsletter/images/download-es.gif" alt="Descargas, Diapositivos gratis" width="173" height="148" border="0" align="right" /&gt;&lt;/strong&gt;&lt;/b&gt;&lt;/p&gt;          &lt;p&gt;Descargue en su ordenador nuestro cat&amp;aacute;logo de hilos y lista de clis&amp;eacute;s en &lt;a href=""&gt;descargas&lt;/a&gt;. &lt;/p&gt;          &lt;p&gt; Calidad siempre em nuestros art&amp;iacute;culos garantizados y acabamiento especial.&lt;/p&gt;&lt;/td&gt;      &lt;/tr&gt;      &lt;tr&gt;        &lt;td colspan="2" valign="top" class="txt-geral"&gt;&lt;/td&gt;      &lt;/tr&gt;    &lt;/table&gt;    &lt;/td&gt;  &lt;/tr&gt;  &lt;tr&gt;   &lt;td&gt;&lt;img src="http://www.salvadorefilhos.pt/images/news/bg-bot.gif" alt="" width="600" height="50" /&gt;&lt;/td&gt;  &lt;/tr&gt;&lt;/table&gt;&lt;/body&gt;&lt;/html&gt;', nombre='news1', enviado=1  WHERE id=1  ; 
Save/Update: select * from newsletter WHERE  newsletter.id=1  
Save/Update: UPDATE newsletter SET newsletter='&lt;body background="#8A94AA"&gt;&lt;style type="text/css"&gt;&lt;!--body {	background-color: #8A94AA;}.txt-geral {	font-family: Georgia, Times New Roman, Times, serif;	font-size: 13px;}.style3 {	font-family: Georgia, Times New Roman, Times, serif;	font-size: 13px;	color:#003366;}.txt-geralp {	font-family: Georgia, Times New Roman, Times, serif;	font-size: 11px;}.style-grd {	font-family: Georgia, Times New Roman, Times, serif;	font-size: 18px;}--&gt; &lt;/style&gt;&lt;table width="600" border="0" align="center" cellpadding="0" cellspacing="0"&gt;  &lt;tr&gt;    &lt;td class="titulo3"&gt;&lt;img src="http://www.salvadorefilhos.pt/images/news/bg-topo.gif" alt="" width="600" height="21" /&gt;&lt;/td&gt;  &lt;/tr&gt;  &lt;tr&gt;    &lt;td align="center" bgcolor="#EEEBE0"&gt;&lt;div align="center"&gt;&lt;img src="http://www.salvadorefilhos.pt/images/news/img-topo.jpg" alt="Salvador &amp;amp; Filhos" width="600" height="206" border="0" /&gt;&lt;/div&gt;&lt;/td&gt;  &lt;/tr&gt;  &lt;tr&gt;    &lt;td bgcolor="#EEEBE0"&gt;&lt;table width="97%" border="0" align="center" cellpadding="0" cellspacing="16"&gt;      &lt;tr&gt;        &lt;td width="50%" height="34" valign="top" class="txt-geral"&gt;&lt;div class="style3"&gt;          &lt;p&gt;&lt;b&gt;UNIPROF&lt;/b&gt;&lt;/p&gt;          &lt;p&gt;&lt;b&gt;NEWSLETTER N&amp;ordm;9&lt;/b&gt;&lt;/p&gt;        &lt;/div&gt;&lt;/td&gt;        &lt;td width="50%" align="right" valign="top" class="txt-geral"&gt;&lt;img src="http://www.salvadorefilhos.pt/images/news/logo.gif" alt="Cristo Rei" width="99" height="66" /&gt;&lt;/td&gt;      &lt;/tr&gt;      &lt;tr&gt;        &lt;td colspan="2" valign="top" class="txt-geral"&gt;&lt;p align="center"&gt;&lt;img src="http://www.es.salvadorefilhos.pt/newsletter/images/tit-newsl9.gif" alt="Servicios Adicionales" width="550" height="100" /&gt;&lt;/p&gt;          	&lt;table width="100%" border="0" cellspacing="0" cellpadding="0"&gt;				&lt;tr&gt;					&lt;td width="60%" valign="top"&gt;&lt;h2&gt;&lt;span lang="ES-TRAD" xml:lang="ES-TRAD"&gt;&lt;strong&gt;Env&amp;iacute;o, recepci&amp;oacute;n&lt;/strong&gt;&lt;/span&gt;:&lt;/h2&gt;							&lt;ul&gt;								&lt;li&gt;&lt;span lang="ES-TRAD" xml:lang="ES-TRAD"&gt;Log&amp;iacute;stica de entrega y recogida de pedidos por nuestro   transportista especializado. &lt;/span&gt; &lt;/li&gt;								&lt;li&gt;&lt;span lang="ES-TRAD" xml:lang="ES-TRAD"&gt;Entregas r&amp;aacute;pidas. &lt;/span&gt; &lt;/li&gt;								&lt;li&gt;&lt;span lang="ES-TRAD" xml:lang="ES-TRAD"&gt;Trabajamos internacionalmente. &lt;/span&gt; &lt;/li&gt;								&lt;li&gt;&lt;span lang="ES-TRAD" xml:lang="ES-TRAD"&gt;Entrega directa a nuestros clientes.&lt;/span&gt;&lt;/li&gt;								&lt;/ul&gt;&lt;/td&gt;					&lt;td width="40%" align="right"&gt;&lt;img src="http://www.es.salvadorefilhos.pt/fotos/empresa/carrinho.gif" alt="Env&amp;iacute;o, recepci&amp;oacute;n" width="200" height="190" hspace="0" border="0" /&gt;&lt;/td&gt;				&lt;/tr&gt;				&lt;tr&gt;					&lt;td valign="top"&gt;&lt;h2&gt;&lt;br /&gt;						&lt;strong&gt;Embalaje&lt;/strong&gt;:&lt;/h2&gt;							&lt;ul&gt;								&lt;li&gt;&lt;span lang="ES-TRAD" xml:lang="ES-TRAD"&gt;Tenemos un servicio m&amp;aacute;s a la disponibilidad de nuestros clientes. &lt;/span&gt; &lt;/li&gt;								&lt;li&gt;&lt;span lang="ES-TRAD" xml:lang="ES-TRAD"&gt;Doblar y prensar las piezas personalizadas. &lt;/span&gt; &lt;/li&gt;								&lt;li&gt;&lt;span lang="ES-TRAD" xml:lang="ES-TRAD"&gt;Embalaje individual en una bolsa de pl&amp;aacute;stico. &lt;/span&gt; &lt;/li&gt;								&lt;li&gt;&lt;span lang="ES-TRAD" xml:lang="ES-TRAD"&gt;Embalaje m&amp;uacute;ltiple en una bolsa de pl&amp;aacute;stico. &lt;/span&gt; &lt;/li&gt;								&lt;li&gt;&lt;span lang="ES-TRAD" xml:lang="ES-TRAD"&gt;Embalaje en cajas de cart&amp;oacute;n&lt;/span&gt;&lt;/li&gt;								&lt;/ul&gt;&lt;/td&gt;					&lt;td align="right"&gt;&lt;br /&gt;							&lt;img src="http://www.es.salvadorefilhos.pt/fotos/empresa/embalagem.gif" alt="Embalaje" width="200" height="168" hspace="0" border="0" /&gt;&lt;/td&gt;				&lt;/tr&gt;				&lt;tr&gt;					&lt;td valign="top"&gt;&lt;h2&gt;&lt;br /&gt;						&lt;strong&gt;Control de calidad&lt;/strong&gt;:&lt;/h2&gt;							&lt;ul&gt;								&lt;li&gt;&lt;span lang="ES-TRAD" xml:lang="ES-TRAD"&gt;N&lt;/span&gt;uestros bordados son la prueba de la calidad y durabilidad,   colores s&amp;oacute;lidos y garantidos, calidad garantizada. &lt;/li&gt;								&lt;li&gt;Nuestros textiles son de un acabado de alta calidad, controlado y   probado. &lt;/li&gt;								&lt;li&gt;Control de calidad para todos nuestros art&amp;iacute;culos. &lt;/li&gt;								&lt;li&gt;La experiencia y conocimiento a su servicio. &lt;/li&gt;								&lt;li&gt;P&amp;oacute;nganos a prueba.&lt;/li&gt;								&lt;/ul&gt;&lt;/td&gt;					&lt;td align="right"&gt;&lt;br /&gt;							&lt;img height="200" alt="Control de calidad" src="http://www.es.salvadorefilhos.pt/fotos/empresa/maos.gif" width="200" border="0" /&gt;&lt;/td&gt;				&lt;/tr&gt;			&lt;/table&gt;          	&lt;p&gt;&lt;strong&gt;&amp;iexcl;&lt;a href=""&gt;Env&amp;iacute;enos su solicitud&lt;/a&gt;!&lt;img src="http://www.salvadorefilhos.pt/newsletter/images/download-es.gif" alt="Descargas, Diapositivos gratis" width="173" height="148" border="0" align="right" /&gt;&lt;/strong&gt;&lt;/b&gt;&lt;/p&gt;          &lt;p&gt;Descargue en su ordenador nuestro cat&amp;aacute;logo de hilos y lista de clis&amp;eacute;s en &lt;a href=""&gt;descargas&lt;/a&gt;. &lt;/p&gt;          &lt;p&gt; Calidad siempre em nuestros art&amp;iacute;culos garantizados y acabamiento especial.&lt;/p&gt;&lt;/td&gt;      &lt;/tr&gt;      &lt;tr&gt;        &lt;td colspan="2" valign="top" class="txt-geral"&gt;&lt;/td&gt;      &lt;/tr&gt;    &lt;/table&gt;    &lt;/td&gt;  &lt;/tr&gt;  &lt;tr&gt;   &lt;td&gt;&lt;img src="http://www.salvadorefilhos.pt/images/news/bg-bot.gif" alt="" width="600" height="50" /&gt;&lt;/td&gt;  &lt;/tr&gt;&lt;/table&gt;&lt;/body&gt;&lt;/html&gt;', nombre='news1', enviado=1  WHERE id=1  ;</StdOut>
      </Output>
    </UnitTestResult>
    <UnitTestResult executionId="8a32ec86-2fe2-4570-a95d-4621a90fff21" testId="f781ffff-ff93-71bc-5f5f-c8442c8a1cc0" testName="grabarMovimientosClienteTest" computerName="DIEGO-PC" duration="00:00:00.0099539" startTime="2012-11-26T18:29:52.5319760-03:00" endTime="2012-11-26T18:29:52.5519771-03:00" testType="13cdc9d9-ddb5-4fa4-a97d-d965ccfc6d4b" outcome="Passed" testListId="8c84fa94-04c1-424b-9868-57a2d4851a1d" relativeResultsDirectory="8a32ec86-2fe2-4570-a95d-4621a90fff21">
      <Output>
        <StdOut>Save/Update: SELECT  ISNULL(MAX(nro_movimiento + 1),1) from MovimientosCuenta
Save/Update: INSERT INTO MovimientosCuenta (nro_movimiento, comentario, fecha, monto, cuentaID, tipoMovimientoID) VALUES (4 , 'com4',  CAST('26/11/2012 18:29:52.539'  AS DateTime), 33.3, 1 , 2 ); DELETE proveedor_movimientos where nro_movimiento=4  ;  INSERT INTO proveedor_movimientos ( nro_movimiento, id_proveedor) VALUES ( 4 , 2 ); DELETE documento_movimiento where nro_movimiento=4  ; 
Save/Update: select * from MovimientosCuenta JOIN proveedor_movimientos AS proveedor ON MovimientosCuenta.nro_movimiento=proveedor.nro_movimiento WHERE  MovimientosCuenta.nro_movimiento=4  AND  MovimientosCuenta.monto=33.3 AND proveedor.id_proveedor IS NOT  NULL ; select * from proveedor_movimientos; select * from documento_movimiento
Save/Update: DELETE proveedor_movimientos where nro_movimiento=4  ; DELETE documento_movimiento where nro_movimiento=4  ; ;DELETE MovimientosCuenta WHERE nro_movimiento=4</StdOut>
      </Output>
    </UnitTestResult>
    <UnitTestResult executionId="891e3d57-4e16-43c2-a266-bcb2b0330ad2" testId="f8f00cb1-b7c7-8a4f-6936-45675a68da47" testName="guardarArticuloTest" computerName="DIEGO-PC" duration="00:00:00.0102175" startTime="2012-11-26T18:29:52.5569774-03:00" endTime="2012-11-26T18:29:52.5749784-03:00" testType="13cdc9d9-ddb5-4fa4-a97d-d965ccfc6d4b" outcome="Passed" testListId="8c84fa94-04c1-424b-9868-57a2d4851a1d" relativeResultsDirectory="891e3d57-4e16-43c2-a266-bcb2b0330ad2">
      <Output>
        <StdOut>Save/Update: SELECT  ISNULL(MAX(cod_articulo + 1),1) from Articulos
Save/Update: INSERT INTO Articulos (cod_articulo, tipoPrendaID, diseñoID, comentario, produccion, precioActual, borrado) VALUES (4 , 3 , 2 , 'com test', 10 , 1, 0 ); UPDATE lista_precios SET borrado=1 WHERE cod_articulo=4  ; 
Save/Update: SELECT  ISNULL( MAX(nro_lista + 1), 1) from lista_precios WHERE cod_articulo=4
Save/Update: INSERT INTO lista_precios (nro_lista, cod_articulo, precio, fechaDesde, fechaHasta, borrado) VALUES (1 , 4 , 1,  CAST('26/11/2012 18:29:52.561'  AS DateTime),  NULL , 0 ); 
Save/Update: select * from Articulos WHERE  Articulos.cod_articulo=4  ; select * from lista_precios WHERE borrado = 0
Save/Update: select * from lista_precios WHERE  lista_precios.cod_articulo=4  
Save/Update: select * from TipoPrenda WHERE  TipoPrenda.tipo_prenda=3  
Save/Update: select * from Diseño WHERE  Diseño.cod_diseño=2  ; select * from historico_estados_diseño WHERE borrado = 0
Save/Update: DELETE lista_precios WHERE nro_lista=1  AND cod_articulo=4  
Save/Update: DELETE lista_precios WHERE nro_lista=2  AND cod_articulo=4  
Save/Update: DELETE Articulos WHERE cod_articulo=4</StdOut>
      </Output>
    </UnitTestResult>
    <UnitTestResult executionId="082e103e-3259-4154-8e64-192da30b255e" testId="f90684a7-a79c-7fc4-62c1-2b02b1a46484" testName="buscarDiseñoPorIdTest" computerName="DIEGO-PC" duration="00:00:00.0104267" startTime="2012-11-26T18:29:52.5809788-03:00" endTime="2012-11-26T18:29:52.5999798-03:00" testType="13cdc9d9-ddb5-4fa4-a97d-d965ccfc6d4b" outcome="Passed" testListId="8c84fa94-04c1-424b-9868-57a2d4851a1d" relativeResultsDirectory="082e103e-3259-4154-8e64-192da30b255e">
      <Output>
        <StdOut>Save/Update: select * from Diseño WHERE  Diseño.cod_diseño=1  ; select * from historico_estados_diseño WHERE borrado = 0
Save/Update: select * from Cliente WHERE  Cliente.id_cliente=1  ; select * from cliente_movimientos; select * from Pedido WHERE borrado = 0; select * from Factura WHERE borrado = 0; select * from Diseño WHERE borrado = 0
Save/Update: select * from Usuario WHERE  Usuario.usuarioID=1  ; select * from JoinUsuarioToFamilia; select * from JoinPatenteToUsuario
Save/Update: select * from Diseño_insumos WHERE  Diseño_insumos.cod_diseño=1  
Save/Update: select * from historico_estados_diseño WHERE  historico_estados_diseño.cod_diseño=1  
Save/Update: select * from EstadoDiseños WHERE  EstadoDiseños.estado=2  
Save/Update: DELETE FROM Diseño_insumos where cod_diseño=3
Save/Update: DELETE FROM historico_estados_diseño where cod_diseño=3
Save/Update: DELETE Diseño WHERE cod_diseño=3</StdOut>
      </Output>
    </UnitTestResult>
    <UnitTestResult executionId="dcc2fd98-38f1-4fc3-9d80-478424b090e7" testId="f90c4160-5714-951f-7521-1af6d342eb17" testName="calcularTimepoTrabajoTest" computerName="DIEGO-PC" duration="00:00:00.0031357" startTime="2012-11-26T18:29:52.6029800-03:00" endTime="2012-11-26T18:29:52.6169808-03:00" testType="13cdc9d9-ddb5-4fa4-a97d-d965ccfc6d4b" outcome="Passed" testListId="8c84fa94-04c1-424b-9868-57a2d4851a1d" relativeResultsDirectory="dcc2fd98-38f1-4fc3-9d80-478424b090e7">
      <Output>
        <StdOut>Save/Update: DELETE produccion_operador WHERE id_operador=2  AND cod_prodcuccion=7  
Save/Update: DELETE historico_estados_produccion WHERE nro_estado=1  AND cod_produccion=7  
Save/Update: DELETE historico_estados_produccion WHERE nro_estado=2  AND cod_produccion=7  
Save/Update: DELETE produccion WHERE cod_produccion=7</StdOut>
      </Output>
    </UnitTestResult>
    <UnitTestResult executionId="8017c78f-8648-48d3-ae54-e6d1dbc09096" testId="fb8dd2a9-a240-beb6-bd3d-66e4ba26b2aa" testName="cargarMaquinasAptasTest" computerName="DIEGO-PC" duration="00:00:00.0144633" startTime="2012-11-26T18:29:52.6219811-03:00" endTime="2012-11-26T18:29:52.6449824-03:00" testType="13cdc9d9-ddb5-4fa4-a97d-d965ccfc6d4b" outcome="Passed" testListId="8c84fa94-04c1-424b-9868-57a2d4851a1d" relativeResultsDirectory="8017c78f-8648-48d3-ae54-e6d1dbc09096">
      <Output>
        <StdOut>Save/Update: select * from Maquina JOIN JoinMaquinaToTipoPrenda AS tiposPrenda ON Maquina.cod_maquina=tiposPrenda.cod_maquina WHERE  Maquina.altoMargen&gt;=11  AND  Maquina.anchoMargen&gt;=11  AND  Maquina.cabezales&gt;=1  AND  Maquina.cantidadColores&gt;=0  AND tiposPrenda.tipo_prenda=2  ; select * from JoinMaquinaToTipoPrenda
Save/Update: select * from TipoPrenda WHERE  TipoPrenda.tipo_prenda=1  
Save/Update: select * from TipoPrenda WHERE  TipoPrenda.tipo_prenda=2  
Save/Update: select * from TipoPrenda WHERE  TipoPrenda.tipo_prenda=3  
Save/Update: select * from TipoPrenda WHERE  TipoPrenda.tipo_prenda=1  
Save/Update: select * from TipoPrenda WHERE  TipoPrenda.tipo_prenda=2  
Save/Update: select * from TipoPrenda WHERE  TipoPrenda.tipo_prenda=3  
Save/Update: select * from TipoPrenda WHERE  TipoPrenda.tipo_prenda=1  
Save/Update: select * from TipoPrenda WHERE  TipoPrenda.tipo_prenda=2  
Save/Update: select * from TipoPrenda WHERE  TipoPrenda.tipo_prenda=3  
Save/Update: DELETE JoinMaquinaToTipoPrenda where cod_maquina=4  ; ;DELETE Maquina WHERE cod_maquina=4  
Save/Update: delete from JoinMaquinaToTipoPrenda where cod_maquina=4</StdOut>
      </Output>
    </UnitTestResult>
    <UnitTestResult executionId="a70b276e-3ab5-4857-8b92-2f4f6997403a" testId="fc8d00d7-7a7a-f0f3-a11d-98015016e42e" testName="borrarHistoricoEstadosTest" computerName="DIEGO-PC" duration="00:00:00.0059006" startTime="2012-11-26T18:29:52.6479826-03:00" endTime="2012-11-26T18:29:52.6659836-03:00" testType="13cdc9d9-ddb5-4fa4-a97d-d965ccfc6d4b" outcome="Passed" testListId="8c84fa94-04c1-424b-9868-57a2d4851a1d" relativeResultsDirectory="a70b276e-3ab5-4857-8b92-2f4f6997403a">
      <Output>
        <StdOut>Save/Update: SELECT  ISNULL(MAX(nro_estado + 1),1) from historico_estados_pedido WHERE cod_pedido=2
Save/Update: INSERT INTO historico_estados_pedido (nro_estado, comentario, cod_pedido, fechaDesde, fechaHasta, estado, borrado) VALUES (4 , 'comentario32', 2 ,  CAST('26/11/2012 18:29:52.656'  AS DateTime),  NULL , 4 , 0 ); 
Save/Update: select * from historico_estados_pedido WHERE  historico_estados_pedido.nro_estado=4  AND  historico_estados_pedido.cod_pedido=2  
Save/Update: DELETE historico_estados_pedido WHERE nro_estado=4  AND cod_pedido=2  
Save/Update: select * from historico_estados_pedido WHERE  historico_estados_pedido.nro_estado=4  AND  historico_estados_pedido.cod_pedido=2</StdOut>
      </Output>
    </UnitTestResult>
    <UnitTestResult executionId="7d172d15-d503-4654-b668-ef671bfd7ddf" testId="fc8e027e-d84b-5121-34bf-469313af48e4" testName="cargarMensajePorConversacionTest" computerName="DIEGO-PC" duration="00:00:00.0033160" startTime="2012-11-26T18:29:52.6719840-03:00" endTime="2012-11-26T18:29:52.6839846-03:00" testType="13cdc9d9-ddb5-4fa4-a97d-d965ccfc6d4b" outcome="Passed" testListId="8c84fa94-04c1-424b-9868-57a2d4851a1d" relativeResultsDirectory="7d172d15-d503-4654-b668-ef671bfd7ddf">
      <Output>
        <StdOut>Save/Update: select * from Mensaje WHERE  Mensaje.id_conversacion=1</StdOut>
      </Output>
    </UnitTestResult>
    <UnitTestResult executionId="38f9bc71-73c6-4f66-81c2-ac9f9ab1a45c" testId="fdbcf997-f735-49dd-2d86-a367fe3813bc" testName="grabarTest" computerName="DIEGO-PC" duration="00:00:00.0062117" startTime="2012-11-26T18:29:52.6869848-03:00" endTime="2012-11-26T18:29:52.7009856-03:00" testType="13cdc9d9-ddb5-4fa4-a97d-d965ccfc6d4b" outcome="Passed" testListId="8c84fa94-04c1-424b-9868-57a2d4851a1d" relativeResultsDirectory="38f9bc71-73c6-4f66-81c2-ac9f9ab1a45c">
      <Output>
        <StdOut>Save/Update: SELECT  ISNULL(MAX(id + 1),1) from Mensaje
Save/Update: INSERT INTO Mensaje (id, tipoMensaje, fecha, mensaje, leido, borrado, id_conversacion) VALUES (5 , 0 ,  CAST('26/11/2012 18:29:52.692'  AS DateTime), 'test msj grabarMensajeTest', 0 , 0 , 1 ); 
Save/Update: select * from Mensaje WHERE  Mensaje.id_conversacion=1  
Save/Update: DELETE Mensaje WHERE id=5</StdOut>
      </Output>
    </UnitTestResult>
    <UnitTestResult executionId="791857f2-e3e4-4793-be67-ddc1058ace8d" testId="fe73d6a0-344d-935f-fa47-83db37554a24" testName="listaPatentesTest" computerName="DIEGO-PC" duration="00:00:00.0028133" startTime="2012-11-26T18:29:52.7089861-03:00" endTime="2012-11-26T18:29:52.7219868-03:00" testType="13cdc9d9-ddb5-4fa4-a97d-d965ccfc6d4b" outcome="Passed" testListId="8c84fa94-04c1-424b-9868-57a2d4851a1d" relativeResultsDirectory="791857f2-e3e4-4793-be67-ddc1058ace8d">
      <Output>
        <StdOut>Save/Update: select * from Patente</StdOut>
      </Output>
    </UnitTestResult>
    <UnitTestResult executionId="627526ee-95a8-424c-b761-0f5b807d9ab0" testId="fe850dae-beb0-69bb-1831-4463cca49bfb" testName="grabarOpinionTest" computerName="DIEGO-PC" duration="00:00:00.0058979" startTime="2012-11-26T18:29:52.7239869-03:00" endTime="2012-11-26T18:29:52.7399878-03:00" testType="13cdc9d9-ddb5-4fa4-a97d-d965ccfc6d4b" outcome="Passed" testListId="8c84fa94-04c1-424b-9868-57a2d4851a1d" relativeResultsDirectory="627526ee-95a8-424c-b761-0f5b807d9ab0">
      <Output>
        <StdOut>Save/Update: SELECT  ISNULL(MAX(id + 1),1) from opiniones
Save/Update: INSERT INTO opiniones (id, nombre, mail, opinion) VALUES (4 , 'nombre4', 'mail4@test.com', 'opinion4'); 
Save/Update: select * from opiniones WHERE  opiniones.id=4  
Save/Update: DELETE opiniones WHERE id=4</StdOut>
      </Output>
    </UnitTestResult>
    <UnitTestResult executionId="0cc0503d-425e-4b8b-a845-fcc1fce3f48f" testId="fed9e610-805c-d98a-9231-d2a52d8e3441" testName="modificarMaquinaTest" computerName="DIEGO-PC" duration="00:00:00.0425195" startTime="2012-11-26T18:29:52.7429880-03:00" endTime="2012-11-26T18:29:52.7959911-03:00" testType="13cdc9d9-ddb5-4fa4-a97d-d965ccfc6d4b" outcome="Passed" testListId="8c84fa94-04c1-424b-9868-57a2d4851a1d" relativeResultsDirectory="0cc0503d-425e-4b8b-a845-fcc1fce3f48f">
      <Output>
        <StdOut>Save/Update: SELECT  ISNULL(MAX(cod_maquina + 1),1) from Maquina
Save/Update: INSERT INTO Maquina (cod_maquina, altoMargen, anchoMargen, cabezales, nombre, velocidadPromedio, cantidadColores) VALUES (4 , 100 , 200 , 12 , 'nombre nuevo', 1000 , 12 ); DELETE JoinMaquinaToTipoPrenda where cod_maquina=4  ;  INSERT INTO JoinMaquinaToTipoPrenda ( cod_maquina, tipo_prenda) VALUES ( 4 , 1 );  INSERT INTO JoinMaquinaToTipoPrenda ( cod_maquina, tipo_prenda) VALUES ( 4 , 2 ); 
Save/Update: select * from produccion WHERE  produccion.fechaInicio&gt;= CAST('26/11/2012 18:29:52.000'  AS DateTime) ; select * from historico_estados_produccion WHERE borrado = 0
Save/Update: select * from produccion WHERE  produccion.fechaInicio&gt;= CAST('26/11/2012 18:29:52.000'  AS DateTime) ; select * from historico_estados_produccion WHERE borrado = 0
Save/Update: select * from Maquina WHERE  Maquina.cod_maquina=4  ; select * from JoinMaquinaToTipoPrenda
Save/Update: select * from TipoPrenda WHERE  TipoPrenda.tipo_prenda=1  
Save/Update: select * from TipoPrenda WHERE  TipoPrenda.tipo_prenda=2  
Save/Update: select * from Maquina WHERE  Maquina.cod_maquina=4  ; select * from JoinMaquinaToTipoPrenda
Save/Update: select * from TipoPrenda WHERE  TipoPrenda.tipo_prenda=1  
Save/Update: select * from TipoPrenda WHERE  TipoPrenda.tipo_prenda=2  
Save/Update: UPDATE Maquina SET altoMargen=100 , anchoMargen=200 , cabezales=12 , nombre='nombre editado', velocidadPromedio=1000 , cantidadColores=12  WHERE cod_maquina=4  ; DELETE JoinMaquinaToTipoPrenda where cod_maquina=4  ;  INSERT INTO JoinMaquinaToTipoPrenda ( cod_maquina, tipo_prenda) VALUES ( 4 , 1 ); 
Save/Update: select * from Maquina WHERE  Maquina.cod_maquina=4  ; select * from JoinMaquinaToTipoPrenda
Save/Update: select * from TipoPrenda WHERE  TipoPrenda.tipo_prenda=1  
Save/Update: DELETE JoinMaquinaToTipoPrenda where cod_maquina=4  ; ;DELETE Maquina WHERE cod_maquina=4  
Save/Update: delete from JoinMaquinaToTipoPrenda where cod_maquina=4</StdOut>
      </Output>
    </UnitTestResult>
  </Results>
</TestRun>