<?xml version="1.0" encoding="UTF-8"?>
<TestRun id="f0b9aa9d-b3ee-4f64-a2f9-ee2e93f6bd38" name="Diego@DIEGO-PC 2012-11-19 01:06:02" runUser="Diego-PC\Diego" xmlns="http://microsoft.com/schemas/VisualStudio/TeamTest/2010">
  <TestSettings name="Local" id="ef2db5f0-3f45-4aad-a578-8bde204c9147">
    <Description>These are default test settings for a local test run.</Description>
    <Deployment enabled="false" runDeploymentRoot="Diego_DIEGO-PC 2012-11-19 01_06_02">
      <DeploymentItem filename="C:\Users\Diego\Documents\Visual Studio 2010\Projects\Uniprof\Dominio\bin\Release\Dominio.dll" />
      <DeploymentItem filename="C:\Users\Diego\Documents\Visual Studio 2010\Projects\Uniprof\Negocio\bin\Release\Negocio.dll" />
      <DeploymentItem filename="C:\Users\Diego\Documents\Visual Studio 2010\Projects\Uniprof\Repositorio\bin\Release\Repositorio.dll" />
      <DeploymentItem filename="C:\Users\Diego\Documents\Visual Studio 2010\Projects\Uniprof\Seguridad\bin\Release\Seguridad.dll" />
    </Deployment>
    <Execution>
      <TestTypeSpecific />
      <AgentRule name="Execution Agents">
      </AgentRule>
    </Execution>
  </TestSettings>
  <Times creation="2012-11-19T01:06:02.8460754-03:00" queuing="2012-11-19T01:06:03.4791116-03:00" start="2012-11-19T01:06:03.6881236-03:00" finish="2012-11-19T01:06:25.3853646-03:00" />
  <ResultSummary outcome="Failed">
    <Counters total="407" executed="27" error="0" failed="2" timeout="0" aborted="1" inconclusive="0" passedButRunAborted="24" notRunnable="0" notExecuted="380" disconnected="0" warning="0" passed="0" completed="0" inProgress="0" pending="0" />
  </ResultSummary>
  <TestDefinitions>
    <UnitTest name="grabarMovimientoTest" storage="c:\users\diego\documents\visual studio 2010\projects\uniprof\tests\bin\release\tests.dll" id="896a2208-4c38-b781-3b7e-b236d6d81cd2">
      <Execution id="5e5d2d9f-2000-489e-a248-b622d1cb617e" />
      <TestMethod codeBase="C:/Users/Diego/Documents/Visual Studio 2010/Projects/Uniprof/Tests/bin/Release/Tests.DLL" adapterTypeName="Microsoft.VisualStudio.TestTools.TestTypes.Unit.UnitTestAdapter, Microsoft.VisualStudio.QualityTools.Tips.UnitTest.Adapter, Version=10.0.0.0, Culture=neutral, PublicKeyToken=b03f5f7f11d50a3a" className="Tests.MovimientoProveedorBusinessTest, Tests, Version=1.0.0.0, Culture=neutral, PublicKeyToken=null" name="grabarMovimientoTest" />
    </UnitTest>
    <UnitTest name="actualizarUsuarioTest" storage="c:\users\diego\documents\visual studio 2010\projects\uniprof\tests\bin\release\tests.dll" id="0bbd7a33-36a4-99a4-2cd0-83fd451fea26">
      <Execution id="d8874cfa-bf3a-4608-9517-06662cd6d5d5" />
      <TestMethod codeBase="C:/Users/Diego/Documents/Visual Studio 2010/Projects/Uniprof/Tests/bin/Release/Tests.DLL" adapterTypeName="Microsoft.VisualStudio.TestTools.TestTypes.Unit.UnitTestAdapter, Microsoft.VisualStudio.QualityTools.Tips.UnitTest.Adapter, Version=10.0.0.0, Culture=neutral, PublicKeyToken=b03f5f7f11d50a3a" className="Tests.UsuarioRepositorioTest, Tests, Version=1.0.0.0, Culture=neutral, PublicKeyToken=null" name="actualizarUsuarioTest" />
    </UnitTest>
    <UnitTest name="cargarNewsletterTest" storage="c:\users\diego\documents\visual studio 2010\projects\uniprof\tests\bin\release\tests.dll" id="f376c1cb-6c7e-6565-2dae-0872021038a2">
      <Execution id="2504161e-bd98-4fd5-be66-66cb5ecf472e" />
      <TestMethod codeBase="C:/Users/Diego/Documents/Visual Studio 2010/Projects/Uniprof/Tests/bin/Release/Tests.DLL" adapterTypeName="Microsoft.VisualStudio.TestTools.TestTypes.Unit.UnitTestAdapter, Microsoft.VisualStudio.QualityTools.Tips.UnitTest.Adapter, Version=10.0.0.0, Culture=neutral, PublicKeyToken=b03f5f7f11d50a3a" className="Tests.NewsletterTDGTest, Tests, Version=1.0.0.0, Culture=neutral, PublicKeyToken=null" name="cargarNewsletterTest" />
    </UnitTest>
    <UnitTest name="modificarFacturasTest" storage="c:\users\diego\documents\visual studio 2010\projects\uniprof\tests\bin\release\tests.dll" id="7eda418a-e258-a33c-7890-73630dd7266c">
      <Execution id="43f5819b-da25-44d7-abd5-ca205488cb2c" />
      <TestMethod codeBase="C:/Users/Diego/Documents/Visual Studio 2010/Projects/Uniprof/Tests/bin/Release/Tests.DLL" adapterTypeName="Microsoft.VisualStudio.TestTools.TestTypes.Unit.UnitTestAdapter, Microsoft.VisualStudio.QualityTools.Tips.UnitTest.Adapter, Version=10.0.0.0, Culture=neutral, PublicKeyToken=b03f5f7f11d50a3a" className="Tests.OrdenDeCompraTDGTest, Tests, Version=1.0.0.0, Culture=neutral, PublicKeyToken=null" name="modificarFacturasTest" />
    </UnitTest>
    <UnitTest name="cargarMensajePorUsuariosTest" storage="c:\users\diego\documents\visual studio 2010\projects\uniprof\tests\bin\release\tests.dll" id="2dd0d705-2d7c-e989-e9d2-1892c8b66262">
      <Execution id="b742d4c0-f2d6-4240-8360-8ecf001509f0" />
      <TestMethod codeBase="C:/Users/Diego/Documents/Visual Studio 2010/Projects/Uniprof/Tests/bin/Release/Tests.DLL" adapterTypeName="Microsoft.VisualStudio.TestTools.TestTypes.Unit.UnitTestAdapter, Microsoft.VisualStudio.QualityTools.Tips.UnitTest.Adapter, Version=10.0.0.0, Culture=neutral, PublicKeyToken=b03f5f7f11d50a3a" className="Tests.ConversacionTDGTest, Tests, Version=1.0.0.0, Culture=neutral, PublicKeyToken=null" name="cargarMensajePorUsuariosTest" />
    </UnitTest>
    <UnitTest name="modificarProduccionTest" storage="c:\users\diego\documents\visual studio 2010\projects\uniprof\tests\bin\release\tests.dll" id="bf3337bc-4ebe-14d7-ffa9-91df711ba6a0">
      <Execution id="1cd3b223-74d4-463f-b1bd-08f2e1010537" />
      <TestMethod codeBase="C:/Users/Diego/Documents/Visual Studio 2010/Projects/Uniprof/Tests/bin/Release/Tests.DLL" adapterTypeName="Microsoft.VisualStudio.TestTools.TestTypes.Unit.UnitTestAdapter, Microsoft.VisualStudio.QualityTools.Tips.UnitTest.Adapter, Version=10.0.0.0, Culture=neutral, PublicKeyToken=b03f5f7f11d50a3a" className="Tests.ProduccionTDGTest, Tests, Version=1.0.0.0, Culture=neutral, PublicKeyToken=null" name="modificarProduccionTest" />
    </UnitTest>
    <UnitTest name="listarNewsletterTest" storage="c:\users\diego\documents\visual studio 2010\projects\uniprof\tests\bin\release\tests.dll" id="b6d2504c-fd0b-46f0-ca34-952aa534d5bc">
      <Execution id="40a16adb-44a4-4148-bf10-808589c8e5ce" />
      <TestMethod codeBase="C:/Users/Diego/Documents/Visual Studio 2010/Projects/Uniprof/Tests/bin/Release/Tests.DLL" adapterTypeName="Microsoft.VisualStudio.TestTools.TestTypes.Unit.UnitTestAdapter, Microsoft.VisualStudio.QualityTools.Tips.UnitTest.Adapter, Version=10.0.0.0, Culture=neutral, PublicKeyToken=b03f5f7f11d50a3a" className="Tests.NewsletterRepositorioTest, Tests, Version=1.0.0.0, Culture=neutral, PublicKeyToken=null" name="listarNewsletterTest" />
    </UnitTest>
    <UnitTest name="cargarMovimientosTest" storage="c:\users\diego\documents\visual studio 2010\projects\uniprof\tests\bin\release\tests.dll" id="29a5da4e-65d5-0422-5e68-618976117f03">
      <Execution id="d9e61b11-5745-48a4-88e7-167f6d17e85c" />
      <TestMethod codeBase="C:/Users/Diego/Documents/Visual Studio 2010/Projects/Uniprof/Tests/bin/Release/Tests.DLL" adapterTypeName="Microsoft.VisualStudio.TestTools.TestTypes.Unit.UnitTestAdapter, Microsoft.VisualStudio.QualityTools.Tips.UnitTest.Adapter, Version=10.0.0.0, Culture=neutral, PublicKeyToken=b03f5f7f11d50a3a" className="Tests.MovimientoCuentaProveedorTDGTest, Tests, Version=1.0.0.0, Culture=neutral, PublicKeyToken=null" name="cargarMovimientosTest" />
    </UnitTest>
    <UnitTest name="listarMensajesTest" storage="c:\users\diego\documents\visual studio 2010\projects\uniprof\tests\bin\release\tests.dll" id="3323acf7-8dc7-360e-f0a1-c4a2fbb9a91e">
      <Execution id="19cc8422-2bbf-4a37-ac3e-6d8e9b988f36" />
      <TestMethod codeBase="C:/Users/Diego/Documents/Visual Studio 2010/Projects/Uniprof/Tests/bin/Release/Tests.DLL" adapterTypeName="Microsoft.VisualStudio.TestTools.TestTypes.Unit.UnitTestAdapter, Microsoft.VisualStudio.QualityTools.Tips.UnitTest.Adapter, Version=10.0.0.0, Culture=neutral, PublicKeyToken=b03f5f7f11d50a3a" className="Tests.MensajeRepositorioTest, Tests, Version=1.0.0.0, Culture=neutral, PublicKeyToken=null" name="listarMensajesTest" />
    </UnitTest>
    <UnitTest name="cargarPedidoPorRestriccionesTest" storage="c:\users\diego\documents\visual studio 2010\projects\uniprof\tests\bin\release\tests.dll" id="eb042ce3-5f20-3d74-ebeb-88f3067e39ea">
      <Execution id="9289cbc1-944a-40c8-8af5-6fed29f2ec7a" />
      <TestMethod codeBase="C:/Users/Diego/Documents/Visual Studio 2010/Projects/Uniprof/Tests/bin/Release/Tests.DLL" adapterTypeName="Microsoft.VisualStudio.TestTools.TestTypes.Unit.UnitTestAdapter, Microsoft.VisualStudio.QualityTools.Tips.UnitTest.Adapter, Version=10.0.0.0, Culture=neutral, PublicKeyToken=b03f5f7f11d50a3a" className="Tests.PedidoTDGTest, Tests, Version=1.0.0.0, Culture=neutral, PublicKeyToken=null" name="cargarPedidoPorRestriccionesTest" />
    </UnitTest>
    <UnitTest name="borrarTest" storage="c:\users\diego\documents\visual studio 2010\projects\uniprof\tests\bin\release\tests.dll" id="e020cadd-bd50-d44d-30aa-ba2f497b2887">
      <Execution id="a57c9ddf-b8c6-4b88-bf45-f24c4d1d23fb" />
      <TestMethod codeBase="C:/Users/Diego/Documents/Visual Studio 2010/Projects/Uniprof/Tests/bin/Release/Tests.DLL" adapterTypeName="Microsoft.VisualStudio.TestTools.TestTypes.Unit.UnitTestAdapter, Microsoft.VisualStudio.QualityTools.Tips.UnitTest.Adapter, Version=10.0.0.0, Culture=neutral, PublicKeyToken=b03f5f7f11d50a3a" className="Tests.ConversacionBusinessTest, Tests, Version=1.0.0.0, Culture=neutral, PublicKeyToken=null" name="borrarTest" />
    </UnitTest>
    <UnitTest name="buscarInsumosTest" storage="c:\users\diego\documents\visual studio 2010\projects\uniprof\tests\bin\release\tests.dll" id="5d206a37-78a3-f908-c018-7a5a53253c75">
      <Execution id="0baa7fa3-7ee8-4f2b-beb5-f8a8aa2dd156" />
      <TestMethod codeBase="C:/Users/Diego/Documents/Visual Studio 2010/Projects/Uniprof/Tests/bin/Release/Tests.DLL" adapterTypeName="Microsoft.VisualStudio.TestTools.TestTypes.Unit.UnitTestAdapter, Microsoft.VisualStudio.QualityTools.Tips.UnitTest.Adapter, Version=10.0.0.0, Culture=neutral, PublicKeyToken=b03f5f7f11d50a3a" className="Tests.InsumoTDGTest, Tests, Version=1.0.0.0, Culture=neutral, PublicKeyToken=null" name="buscarInsumosTest" />
    </UnitTest>
    <UnitTest name="modificarMaquinasTest" storage="c:\users\diego\documents\visual studio 2010\projects\uniprof\tests\bin\release\tests.dll" id="96881fe6-dfde-90d7-168b-7e0645c53ba0">
      <Execution id="01a2bb2e-ac9d-4c8e-b6f3-5f49a6dc5e9b" />
      <TestMethod codeBase="C:/Users/Diego/Documents/Visual Studio 2010/Projects/Uniprof/Tests/bin/Release/Tests.DLL" adapterTypeName="Microsoft.VisualStudio.TestTools.TestTypes.Unit.UnitTestAdapter, Microsoft.VisualStudio.QualityTools.Tips.UnitTest.Adapter, Version=10.0.0.0, Culture=neutral, PublicKeyToken=b03f5f7f11d50a3a" className="Tests.MaquinaTDGTest, Tests, Version=1.0.0.0, Culture=neutral, PublicKeyToken=null" name="modificarMaquinasTest" />
    </UnitTest>
    <UnitTest name="listarPedidosConRestriccionTest" storage="c:\users\diego\documents\visual studio 2010\projects\uniprof\tests\bin\release\tests.dll" id="b6c93299-c437-e1df-d8ec-dc7e1e4a6bba">
      <Execution id="41fd1b15-fd86-497e-9439-b9dfaea7e3f1" />
      <TestMethod codeBase="C:/Users/Diego/Documents/Visual Studio 2010/Projects/Uniprof/Tests/bin/Release/Tests.DLL" adapterTypeName="Microsoft.VisualStudio.TestTools.TestTypes.Unit.UnitTestAdapter, Microsoft.VisualStudio.QualityTools.Tips.UnitTest.Adapter, Version=10.0.0.0, Culture=neutral, PublicKeyToken=b03f5f7f11d50a3a" className="Tests.PedidoRepositorioTest, Tests, Version=1.0.0.0, Culture=neutral, PublicKeyToken=null" name="listarPedidosConRestriccionTest" />
    </UnitTest>
    <UnitTest name="buscarTipoCuentasTest" storage="c:\users\diego\documents\visual studio 2010\projects\uniprof\tests\bin\release\tests.dll" id="967eb374-2104-1acf-4901-5331861aa4b4">
      <Execution id="6f1e363b-76e8-4af5-b4ff-c15251bb28f0" />
      <TestMethod codeBase="C:/Users/Diego/Documents/Visual Studio 2010/Projects/Uniprof/Tests/bin/Release/Tests.DLL" adapterTypeName="Microsoft.VisualStudio.TestTools.TestTypes.Unit.UnitTestAdapter, Microsoft.VisualStudio.QualityTools.Tips.UnitTest.Adapter, Version=10.0.0.0, Culture=neutral, PublicKeyToken=b03f5f7f11d50a3a" className="Tests.CuentaTDGTest, Tests, Version=1.0.0.0, Culture=neutral, PublicKeyToken=null" name="buscarTipoCuentasTest" />
    </UnitTest>
    <UnitTest name="grabarNuevoPedidoTest" storage="c:\users\diego\documents\visual studio 2010\projects\uniprof\tests\bin\release\tests.dll" id="6fccfc0c-3386-fa76-9bb6-5cb2884d04d6">
      <Execution id="ad44e9b8-e681-4e5e-be7e-55d0c8612af8" />
      <TestMethod codeBase="C:/Users/Diego/Documents/Visual Studio 2010/Projects/Uniprof/Tests/bin/Release/Tests.DLL" adapterTypeName="Microsoft.VisualStudio.TestTools.TestTypes.Unit.UnitTestAdapter, Microsoft.VisualStudio.QualityTools.Tips.UnitTest.Adapter, Version=10.0.0.0, Culture=neutral, PublicKeyToken=b03f5f7f11d50a3a" className="Tests.PedidoTDGTest, Tests, Version=1.0.0.0, Culture=neutral, PublicKeyToken=null" name="grabarNuevoPedidoTest" />
    </UnitTest>
    <UnitTest name="buscarTodoTest" storage="c:\users\diego\documents\visual studio 2010\projects\uniprof\tests\bin\release\tests.dll" id="b98676fe-ee87-56df-eacd-dd7ebb6e2cd3">
      <Execution id="5b5b181a-5a00-460e-9b64-1bae23dc4d71" />
      <TestMethod codeBase="C:/Users/Diego/Documents/Visual Studio 2010/Projects/Uniprof/Tests/bin/Release/Tests.DLL" adapterTypeName="Microsoft.VisualStudio.TestTools.TestTypes.Unit.UnitTestAdapter, Microsoft.VisualStudio.QualityTools.Tips.UnitTest.Adapter, Version=10.0.0.0, Culture=neutral, PublicKeyToken=b03f5f7f11d50a3a" className="Tests.TipoInsumoTDGTest, Tests, Version=1.0.0.0, Culture=neutral, PublicKeyToken=null" name="buscarTodoTest" />
    </UnitTest>
    <UnitTest name="buscarEstadosPorIdTest" storage="c:\users\diego\documents\visual studio 2010\projects\uniprof\tests\bin\release\tests.dll" id="390965ee-b707-eb4d-f805-7a307d4ab7fa">
      <Execution id="eda4008a-16e1-4986-86e5-0073d2220410" />
      <TestMethod codeBase="C:/Users/Diego/Documents/Visual Studio 2010/Projects/Uniprof/Tests/bin/Release/Tests.DLL" adapterTypeName="Microsoft.VisualStudio.TestTools.TestTypes.Unit.UnitTestAdapter, Microsoft.VisualStudio.QualityTools.Tips.UnitTest.Adapter, Version=10.0.0.0, Culture=neutral, PublicKeyToken=b03f5f7f11d50a3a" className="Tests.EstadoPedidoTDGTest, Tests, Version=1.0.0.0, Culture=neutral, PublicKeyToken=null" name="buscarEstadosPorIdTest" />
    </UnitTest>
    <UnitTest name="grabarMovimientoTest" storage="c:\users\diego\documents\visual studio 2010\projects\uniprof\tests\bin\release\tests.dll" id="15781058-9d50-4692-2e7e-53db8e43c13c">
      <Execution id="b9df5421-5597-4db3-8bc9-1bcfb724293d" />
      <TestMethod codeBase="C:/Users/Diego/Documents/Visual Studio 2010/Projects/Uniprof/Tests/bin/Release/Tests.DLL" adapterTypeName="Microsoft.VisualStudio.TestTools.TestTypes.Unit.UnitTestAdapter, Microsoft.VisualStudio.QualityTools.Tips.UnitTest.Adapter, Version=10.0.0.0, Culture=neutral, PublicKeyToken=b03f5f7f11d50a3a" className="Tests.MovimientoCuentaClienteRepositorioTest, Tests, Version=1.0.0.0, Culture=neutral, PublicKeyToken=null" name="grabarMovimientoTest" />
    </UnitTest>
    <UnitTest name="listarOrdenDeComprasPorMovimientoTest" storage="c:\users\diego\documents\visual studio 2010\projects\uniprof\tests\bin\release\tests.dll" id="d3580286-a69a-cc57-bea0-cea793fc0992">
      <Execution id="fc7f8f61-9fde-4e18-b165-0ef15e76f4c3" />
      <TestMethod codeBase="C:/Users/Diego/Documents/Visual Studio 2010/Projects/Uniprof/Tests/bin/Release/Tests.DLL" adapterTypeName="Microsoft.VisualStudio.TestTools.TestTypes.Unit.UnitTestAdapter, Microsoft.VisualStudio.QualityTools.Tips.UnitTest.Adapter, Version=10.0.0.0, Culture=neutral, PublicKeyToken=b03f5f7f11d50a3a" className="Tests.OrdenCompraRepositorioTest, Tests, Version=1.0.0.0, Culture=neutral, PublicKeyToken=null" name="listarOrdenDeComprasPorMovimientoTest" />
    </UnitTest>
    <UnitTest name="cargarMovimientosTest" storage="c:\users\diego\documents\visual studio 2010\projects\uniprof\tests\bin\release\tests.dll" id="69fa372c-7458-f7f0-5041-7bf40151831d">
      <Execution id="7887795b-91c2-4352-9250-c1e2925a044f" />
      <TestMethod codeBase="C:/Users/Diego/Documents/Visual Studio 2010/Projects/Uniprof/Tests/bin/Release/Tests.DLL" adapterTypeName="Microsoft.VisualStudio.TestTools.TestTypes.Unit.UnitTestAdapter, Microsoft.VisualStudio.QualityTools.Tips.UnitTest.Adapter, Version=10.0.0.0, Culture=neutral, PublicKeyToken=b03f5f7f11d50a3a" className="Tests.MovimientoCuentaClienteTDGTest, Tests, Version=1.0.0.0, Culture=neutral, PublicKeyToken=null" name="cargarMovimientosTest" />
    </UnitTest>
    <UnitTest name="borrarClienteTest" storage="c:\users\diego\documents\visual studio 2010\projects\uniprof\tests\bin\release\tests.dll" id="62392e62-abcf-2bb0-a872-aa102226687e">
      <Execution id="7521476a-5acb-4ce5-94aa-794abad99a42" />
      <TestMethod codeBase="C:/Users/Diego/Documents/Visual Studio 2010/Projects/Uniprof/Tests/bin/Release/Tests.DLL" adapterTypeName="Microsoft.VisualStudio.TestTools.TestTypes.Unit.UnitTestAdapter, Microsoft.VisualStudio.QualityTools.Tips.UnitTest.Adapter, Version=10.0.0.0, Culture=neutral, PublicKeyToken=b03f5f7f11d50a3a" className="Tests.ClienteRepositorioTest, Tests, Version=1.0.0.0, Culture=neutral, PublicKeyToken=null" name="borrarClienteTest" />
    </UnitTest>
    <UnitTest name="modificarMovimientosClienteTest" storage="c:\users\diego\documents\visual studio 2010\projects\uniprof\tests\bin\release\tests.dll" id="e4f43342-50bf-4878-e3d3-5afdaa2ddd37">
      <Execution id="8e5d461d-9be6-48ed-bf7d-9661d437dc79" />
      <TestMethod codeBase="C:/Users/Diego/Documents/Visual Studio 2010/Projects/Uniprof/Tests/bin/Release/Tests.DLL" adapterTypeName="Microsoft.VisualStudio.TestTools.TestTypes.Unit.UnitTestAdapter, Microsoft.VisualStudio.QualityTools.Tips.UnitTest.Adapter, Version=10.0.0.0, Culture=neutral, PublicKeyToken=b03f5f7f11d50a3a" className="Tests.MovimientoCuentaClienteTDGTest, Tests, Version=1.0.0.0, Culture=neutral, PublicKeyToken=null" name="modificarMovimientosClienteTest" />
    </UnitTest>
    <UnitTest name="grabarTipoPrendaTest" storage="c:\users\diego\documents\visual studio 2010\projects\uniprof\tests\bin\release\tests.dll" id="dc17c55e-f745-25bd-9dae-5c78f5bb2176">
      <Execution id="015357ee-1efc-49c7-a4cf-73d44858e4eb" />
      <TestMethod codeBase="C:/Users/Diego/Documents/Visual Studio 2010/Projects/Uniprof/Tests/bin/Release/Tests.DLL" adapterTypeName="Microsoft.VisualStudio.TestTools.TestTypes.Unit.UnitTestAdapter, Microsoft.VisualStudio.QualityTools.Tips.UnitTest.Adapter, Version=10.0.0.0, Culture=neutral, PublicKeyToken=b03f5f7f11d50a3a" className="Tests.TipoPrendaTDGTest, Tests, Version=1.0.0.0, Culture=neutral, PublicKeyToken=null" name="grabarTipoPrendaTest" />
    </UnitTest>
    <UnitTest name="buscarMovimintosTest" storage="c:\users\diego\documents\visual studio 2010\projects\uniprof\tests\bin\release\tests.dll" id="b757834a-da0f-6514-4f88-5f56b32e1557">
      <Execution id="80be36c0-ee8c-4c68-bbc1-00e3b5fea6c7" />
      <TestMethod codeBase="C:/Users/Diego/Documents/Visual Studio 2010/Projects/Uniprof/Tests/bin/Release/Tests.DLL" adapterTypeName="Microsoft.VisualStudio.TestTools.TestTypes.Unit.UnitTestAdapter, Microsoft.VisualStudio.QualityTools.Tips.UnitTest.Adapter, Version=10.0.0.0, Culture=neutral, PublicKeyToken=b03f5f7f11d50a3a" className="Tests.MovimientoCuentaProveedorRepositorioTest, Tests, Version=1.0.0.0, Culture=neutral, PublicKeyToken=null" name="buscarMovimintosTest" />
    </UnitTest>
    <UnitTest name="cargarUsuarioConRestriccionesTest" storage="c:\users\diego\documents\visual studio 2010\projects\uniprof\tests\bin\release\tests.dll" id="d9f16886-57f7-8858-0bb0-758babcd4a82">
      <Execution id="a3e599b2-894b-464f-a63b-23dc5fa57481" />
      <TestMethod codeBase="C:/Users/Diego/Documents/Visual Studio 2010/Projects/Uniprof/Tests/bin/Release/Tests.DLL" adapterTypeName="Microsoft.VisualStudio.TestTools.TestTypes.Unit.UnitTestAdapter, Microsoft.VisualStudio.QualityTools.Tips.UnitTest.Adapter, Version=10.0.0.0, Culture=neutral, PublicKeyToken=b03f5f7f11d50a3a" className="Tests.UsuarioRepositorioTest, Tests, Version=1.0.0.0, Culture=neutral, PublicKeyToken=null" name="cargarUsuarioConRestriccionesTest" />
    </UnitTest>
    <UnitTest name="borrarMovimientosClienteTest" storage="c:\users\diego\documents\visual studio 2010\projects\uniprof\tests\bin\release\tests.dll" id="688ff74d-915e-d560-41c3-a70549298345">
      <Execution id="0b6a6dc5-6d89-47ff-a48a-534199100d43" />
      <TestMethod codeBase="C:/Users/Diego/Documents/Visual Studio 2010/Projects/Uniprof/Tests/bin/Release/Tests.DLL" adapterTypeName="Microsoft.VisualStudio.TestTools.TestTypes.Unit.UnitTestAdapter, Microsoft.VisualStudio.QualityTools.Tips.UnitTest.Adapter, Version=10.0.0.0, Culture=neutral, PublicKeyToken=b03f5f7f11d50a3a" className="Tests.MovimientoCuentaProveedorTDGTest, Tests, Version=1.0.0.0, Culture=neutral, PublicKeyToken=null" name="borrarMovimientosClienteTest" />
    </UnitTest>
    <UnitTest name="borrarMaquinasTest" storage="c:\users\diego\documents\visual studio 2010\projects\uniprof\tests\bin\release\tests.dll" id="2f942134-eb39-049b-9e6e-2f42e91a8a19">
      <Execution id="1c8cb814-7578-458c-8d42-5defed415091" />
      <TestMethod codeBase="C:/Users/Diego/Documents/Visual Studio 2010/Projects/Uniprof/Tests/bin/Release/Tests.DLL" adapterTypeName="Microsoft.VisualStudio.TestTools.TestTypes.Unit.UnitTestAdapter, Microsoft.VisualStudio.QualityTools.Tips.UnitTest.Adapter, Version=10.0.0.0, Culture=neutral, PublicKeyToken=b03f5f7f11d50a3a" className="Tests.MaquinaTDGTest, Tests, Version=1.0.0.0, Culture=neutral, PublicKeyToken=null" name="borrarMaquinasTest" />
    </UnitTest>
    <UnitTest name="listarProduccionPorFechasTest" storage="c:\users\diego\documents\visual studio 2010\projects\uniprof\tests\bin\release\tests.dll" id="036044ea-8d05-b58f-21af-2b8c451629d2">
      <Execution id="5e29e734-c470-4c6d-bef1-223174f4f245" />
      <TestMethod codeBase="C:/Users/Diego/Documents/Visual Studio 2010/Projects/Uniprof/Tests/bin/Release/Tests.DLL" adapterTypeName="Microsoft.VisualStudio.TestTools.TestTypes.Unit.UnitTestAdapter, Microsoft.VisualStudio.QualityTools.Tips.UnitTest.Adapter, Version=10.0.0.0, Culture=neutral, PublicKeyToken=b03f5f7f11d50a3a" className="Tests.ProduccionBusinessTest, Tests, Version=1.0.0.0, Culture=neutral, PublicKeyToken=null" name="listarProduccionPorFechasTest" />
    </UnitTest>
    <UnitTest name="grabarFacturaTest" storage="c:\users\diego\documents\visual studio 2010\projects\uniprof\tests\bin\release\tests.dll" id="c27245e1-4f05-55df-8c6f-e38fa3d47902">
      <Execution id="7cad40a1-17a1-4c8d-93c3-2f35623875fe" />
      <TestMethod codeBase="C:/Users/Diego/Documents/Visual Studio 2010/Projects/Uniprof/Tests/bin/Release/Tests.DLL" adapterTypeName="Microsoft.VisualStudio.TestTools.TestTypes.Unit.UnitTestAdapter, Microsoft.VisualStudio.QualityTools.Tips.UnitTest.Adapter, Version=10.0.0.0, Culture=neutral, PublicKeyToken=b03f5f7f11d50a3a" className="Tests.FacturaRepositorioTest, Tests, Version=1.0.0.0, Culture=neutral, PublicKeyToken=null" name="grabarFacturaTest" />
    </UnitTest>
    <UnitTest name="buscarTodoTest" storage="c:\users\diego\documents\visual studio 2010\projects\uniprof\tests\bin\release\tests.dll" id="9bc71622-b688-a88b-7a65-091a11ad1362">
      <Execution id="02db0d11-56dd-4a72-b1b5-de4895cf9b75" />
      <TestMethod codeBase="C:/Users/Diego/Documents/Visual Studio 2010/Projects/Uniprof/Tests/bin/Release/Tests.DLL" adapterTypeName="Microsoft.VisualStudio.TestTools.TestTypes.Unit.UnitTestAdapter, Microsoft.VisualStudio.QualityTools.Tips.UnitTest.Adapter, Version=10.0.0.0, Culture=neutral, PublicKeyToken=b03f5f7f11d50a3a" className="Tests.TipoMovimientoTDGTest, Tests, Version=1.0.0.0, Culture=neutral, PublicKeyToken=null" name="buscarTodoTest" />
    </UnitTest>
    <UnitTest name="grabarTest" storage="c:\users\diego\documents\visual studio 2010\projects\uniprof\tests\bin\release\tests.dll" id="fdbcf997-f735-49dd-2d86-a367fe3813bc">
      <Execution id="094ffc52-ce46-4566-a9a1-b1291764d288" />
      <TestMethod codeBase="C:/Users/Diego/Documents/Visual Studio 2010/Projects/Uniprof/Tests/bin/Release/Tests.DLL" adapterTypeName="Microsoft.VisualStudio.TestTools.TestTypes.Unit.UnitTestAdapter, Microsoft.VisualStudio.QualityTools.Tips.UnitTest.Adapter, Version=10.0.0.0, Culture=neutral, PublicKeyToken=b03f5f7f11d50a3a" className="Tests.MensajeRepositorioTest, Tests, Version=1.0.0.0, Culture=neutral, PublicKeyToken=null" name="grabarTest" />
    </UnitTest>
    <UnitTest name="GrabarDiseñoTest1" storage="c:\users\diego\documents\visual studio 2010\projects\uniprof\tests\bin\release\tests.dll" id="80476086-aaaa-ba28-a4dc-0972defbe8bb">
      <Execution id="73e1aac3-5587-4150-a54f-784a74186748" />
      <TestMethod codeBase="C:/Users/Diego/Documents/Visual Studio 2010/Projects/Uniprof/Tests/bin/Release/Tests.DLL" adapterTypeName="Microsoft.VisualStudio.TestTools.TestTypes.Unit.UnitTestAdapter, Microsoft.VisualStudio.QualityTools.Tips.UnitTest.Adapter, Version=10.0.0.0, Culture=neutral, PublicKeyToken=b03f5f7f11d50a3a" className="Tests.DiseñoBusinessTest, Tests, Version=1.0.0.0, Culture=neutral, PublicKeyToken=null" name="GrabarDiseñoTest1" />
    </UnitTest>
    <UnitTest name="borrarHistoricoEstadosTest" storage="c:\users\diego\documents\visual studio 2010\projects\uniprof\tests\bin\release\tests.dll" id="a238bb59-cc6f-a250-c2de-3c102510d342">
      <Execution id="09ca815f-b64e-48e9-b11f-2df9c461725e" />
      <TestMethod codeBase="C:/Users/Diego/Documents/Visual Studio 2010/Projects/Uniprof/Tests/bin/Release/Tests.DLL" adapterTypeName="Microsoft.VisualStudio.TestTools.TestTypes.Unit.UnitTestAdapter, Microsoft.VisualStudio.QualityTools.Tips.UnitTest.Adapter, Version=10.0.0.0, Culture=neutral, PublicKeyToken=b03f5f7f11d50a3a" className="Tests.HistoricoEstadosProduccionTDGTest, Tests, Version=1.0.0.0, Culture=neutral, PublicKeyToken=null" name="borrarHistoricoEstadosTest" />
    </UnitTest>
    <UnitTest name="cargarMovimientosTest" storage="c:\users\diego\documents\visual studio 2010\projects\uniprof\tests\bin\release\tests.dll" id="4f3a2e54-c06b-cfc2-386b-24b648fee82c">
      <Execution id="7360dbb1-55d7-42e0-b2d8-a6a6e21b3304" />
      <TestMethod codeBase="C:/Users/Diego/Documents/Visual Studio 2010/Projects/Uniprof/Tests/bin/Release/Tests.DLL" adapterTypeName="Microsoft.VisualStudio.TestTools.TestTypes.Unit.UnitTestAdapter, Microsoft.VisualStudio.QualityTools.Tips.UnitTest.Adapter, Version=10.0.0.0, Culture=neutral, PublicKeyToken=b03f5f7f11d50a3a" className="Tests.MovimientoStockTDGTest, Tests, Version=1.0.0.0, Culture=neutral, PublicKeyToken=null" name="cargarMovimientosTest" />
    </UnitTest>
    <UnitTest name="CargarClienteTest" storage="c:\users\diego\documents\visual studio 2010\projects\uniprof\tests\bin\release\tests.dll" id="e64170f8-e36a-c642-d97d-54b6bb0553a6">
      <Execution id="1ad8a4e3-bce6-4e67-9026-7f4fd39ca1fe" />
      <TestMethod codeBase="C:/Users/Diego/Documents/Visual Studio 2010/Projects/Uniprof/Tests/bin/Release/Tests.DLL" adapterTypeName="Microsoft.VisualStudio.TestTools.TestTypes.Unit.UnitTestAdapter, Microsoft.VisualStudio.QualityTools.Tips.UnitTest.Adapter, Version=10.0.0.0, Culture=neutral, PublicKeyToken=b03f5f7f11d50a3a" className="Tests.ClienteRepositorioTest, Tests, Version=1.0.0.0, Culture=neutral, PublicKeyToken=null" name="CargarClienteTest" />
    </UnitTest>
    <UnitTest name="buscarOpinionesPorCriterioTest" storage="c:\users\diego\documents\visual studio 2010\projects\uniprof\tests\bin\release\tests.dll" id="75ff0c72-ae5b-a30a-d444-42d5bfa7ed8d">
      <Execution id="9897ee77-b87c-4004-8054-369027d48fd9" />
      <TestMethod codeBase="C:/Users/Diego/Documents/Visual Studio 2010/Projects/Uniprof/Tests/bin/Release/Tests.DLL" adapterTypeName="Microsoft.VisualStudio.TestTools.TestTypes.Unit.UnitTestAdapter, Microsoft.VisualStudio.QualityTools.Tips.UnitTest.Adapter, Version=10.0.0.0, Culture=neutral, PublicKeyToken=b03f5f7f11d50a3a" className="Tests.OpinionTDGTest, Tests, Version=1.0.0.0, Culture=neutral, PublicKeyToken=null" name="buscarOpinionesPorCriterioTest" />
    </UnitTest>
    <UnitTest name="listarFacturasPorIdTest" storage="c:\users\diego\documents\visual studio 2010\projects\uniprof\tests\bin\release\tests.dll" id="afb70fb3-f16b-16ef-9272-e650b4c370ff">
      <Execution id="8acf762e-06f0-4136-a040-ae2c774cf3aa" />
      <TestMethod codeBase="C:/Users/Diego/Documents/Visual Studio 2010/Projects/Uniprof/Tests/bin/Release/Tests.DLL" adapterTypeName="Microsoft.VisualStudio.TestTools.TestTypes.Unit.UnitTestAdapter, Microsoft.VisualStudio.QualityTools.Tips.UnitTest.Adapter, Version=10.0.0.0, Culture=neutral, PublicKeyToken=b03f5f7f11d50a3a" className="Tests.FacturaBusinessTest, Tests, Version=1.0.0.0, Culture=neutral, PublicKeyToken=null" name="listarFacturasPorIdTest" />
    </UnitTest>
    <UnitTest name="cargarUsuarioConRestriccionesTest" storage="c:\users\diego\documents\visual studio 2010\projects\uniprof\tests\bin\release\tests.dll" id="af2a5dd3-889c-239a-49ba-4559ade59815">
      <Execution id="f5fa3f0b-c50c-4b2b-bbd6-d3389a5b4330" />
      <TestMethod codeBase="C:/Users/Diego/Documents/Visual Studio 2010/Projects/Uniprof/Tests/bin/Release/Tests.DLL" adapterTypeName="Microsoft.VisualStudio.TestTools.TestTypes.Unit.UnitTestAdapter, Microsoft.VisualStudio.QualityTools.Tips.UnitTest.Adapter, Version=10.0.0.0, Culture=neutral, PublicKeyToken=b03f5f7f11d50a3a" className="Tests.UsuarioBusinessTest, Tests, Version=1.0.0.0, Culture=neutral, PublicKeyToken=null" name="cargarUsuarioConRestriccionesTest" />
    </UnitTest>
    <UnitTest name="cargarLineasFacturaConRestriccionTest" storage="c:\users\diego\documents\visual studio 2010\projects\uniprof\tests\bin\release\tests.dll" id="65cf3506-53bd-487b-cba6-ed8ab00a65a4">
      <Execution id="0e188f67-9ea5-4644-93d4-d617850225e5" />
      <TestMethod codeBase="C:/Users/Diego/Documents/Visual Studio 2010/Projects/Uniprof/Tests/bin/Release/Tests.DLL" adapterTypeName="Microsoft.VisualStudio.TestTools.TestTypes.Unit.UnitTestAdapter, Microsoft.VisualStudio.QualityTools.Tips.UnitTest.Adapter, Version=10.0.0.0, Culture=neutral, PublicKeyToken=b03f5f7f11d50a3a" className="Tests.LineaFacturaTDGTest, Tests, Version=1.0.0.0, Culture=neutral, PublicKeyToken=null" name="cargarLineasFacturaConRestriccionTest" />
    </UnitTest>
    <UnitTest name="buscarPedidoPorCodigoTest" storage="c:\users\diego\documents\visual studio 2010\projects\uniprof\tests\bin\release\tests.dll" id="aa89e54f-b120-5f04-a49b-eb1a63d779df">
      <Execution id="513bd0e0-2411-4016-a01a-48db6e3f2086" />
      <TestMethod codeBase="C:/Users/Diego/Documents/Visual Studio 2010/Projects/Uniprof/Tests/bin/Release/Tests.DLL" adapterTypeName="Microsoft.VisualStudio.TestTools.TestTypes.Unit.UnitTestAdapter, Microsoft.VisualStudio.QualityTools.Tips.UnitTest.Adapter, Version=10.0.0.0, Culture=neutral, PublicKeyToken=b03f5f7f11d50a3a" className="Tests.PedidoBusinessTest, Tests, Version=1.0.0.0, Culture=neutral, PublicKeyToken=null" name="buscarPedidoPorCodigoTest" />
    </UnitTest>
    <UnitTest name="actualizarUsuarioTest" storage="c:\users\diego\documents\visual studio 2010\projects\uniprof\tests\bin\release\tests.dll" id="5f0d0749-3ebf-18a9-df3b-b2af8e5ec0eb">
      <Execution id="56026e49-a402-4939-a739-4efa55b9467c" />
      <TestMethod codeBase="C:/Users/Diego/Documents/Visual Studio 2010/Projects/Uniprof/Tests/bin/Release/Tests.DLL" adapterTypeName="Microsoft.VisualStudio.TestTools.TestTypes.Unit.UnitTestAdapter, Microsoft.VisualStudio.QualityTools.Tips.UnitTest.Adapter, Version=10.0.0.0, Culture=neutral, PublicKeyToken=b03f5f7f11d50a3a" className="Tests.UsuarioTDGTest, Tests, Version=1.0.0.0, Culture=neutral, PublicKeyToken=null" name="actualizarUsuarioTest" />
    </UnitTest>
    <UnitTest name="cargarlistaProduccionConRestriccionesTest" storage="c:\users\diego\documents\visual studio 2010\projects\uniprof\tests\bin\release\tests.dll" id="bb119d3a-e948-8bb7-862b-ef22cd5e5418">
      <Execution id="2502c2dc-8813-487b-bcb7-db71b1256874" />
      <TestMethod codeBase="C:/Users/Diego/Documents/Visual Studio 2010/Projects/Uniprof/Tests/bin/Release/Tests.DLL" adapterTypeName="Microsoft.VisualStudio.TestTools.TestTypes.Unit.UnitTestAdapter, Microsoft.VisualStudio.QualityTools.Tips.UnitTest.Adapter, Version=10.0.0.0, Culture=neutral, PublicKeyToken=b03f5f7f11d50a3a" className="Tests.ProduccionTDGTest, Tests, Version=1.0.0.0, Culture=neutral, PublicKeyToken=null" name="cargarlistaProduccionConRestriccionesTest" />
    </UnitTest>
    <UnitTest name="listarOrdenDeComprasTest" storage="c:\users\diego\documents\visual studio 2010\projects\uniprof\tests\bin\release\tests.dll" id="019bd56c-e56a-79a5-09bc-547b99ed981b">
      <Execution id="35ae054b-8d56-475b-ace1-c14cd14ac0bf" />
      <TestMethod codeBase="C:/Users/Diego/Documents/Visual Studio 2010/Projects/Uniprof/Tests/bin/Release/Tests.DLL" adapterTypeName="Microsoft.VisualStudio.TestTools.TestTypes.Unit.UnitTestAdapter, Microsoft.VisualStudio.QualityTools.Tips.UnitTest.Adapter, Version=10.0.0.0, Culture=neutral, PublicKeyToken=b03f5f7f11d50a3a" className="Tests.OrdenCompraBusinessTest, Tests, Version=1.0.0.0, Culture=neutral, PublicKeyToken=null" name="listarOrdenDeComprasTest" />
    </UnitTest>
    <UnitTest name="actualizarClienteTest" storage="c:\users\diego\documents\visual studio 2010\projects\uniprof\tests\bin\release\tests.dll" id="52d17b0e-d936-129e-43f3-078523a7b6ea">
      <Execution id="7366b37e-3344-4ea6-93e7-b89be0754dec" />
      <TestMethod codeBase="C:/Users/Diego/Documents/Visual Studio 2010/Projects/Uniprof/Tests/bin/Release/Tests.DLL" adapterTypeName="Microsoft.VisualStudio.TestTools.TestTypes.Unit.UnitTestAdapter, Microsoft.VisualStudio.QualityTools.Tips.UnitTest.Adapter, Version=10.0.0.0, Culture=neutral, PublicKeyToken=b03f5f7f11d50a3a" className="Tests.ClienteRepositorioTest, Tests, Version=1.0.0.0, Culture=neutral, PublicKeyToken=null" name="actualizarClienteTest" />
    </UnitTest>
    <UnitTest name="actualizaArticuloTest" storage="c:\users\diego\documents\visual studio 2010\projects\uniprof\tests\bin\release\tests.dll" id="4b4cc00b-440a-fb3e-bf1c-58f18a59fbb6">
      <Execution id="3b066853-d9f4-4c17-b95c-508bcb106af5" />
      <TestMethod codeBase="C:/Users/Diego/Documents/Visual Studio 2010/Projects/Uniprof/Tests/bin/Release/Tests.DLL" adapterTypeName="Microsoft.VisualStudio.TestTools.TestTypes.Unit.UnitTestAdapter, Microsoft.VisualStudio.QualityTools.Tips.UnitTest.Adapter, Version=10.0.0.0, Culture=neutral, PublicKeyToken=b03f5f7f11d50a3a" className="Tests.ArticuloBusinessTest, Tests, Version=1.0.0.0, Culture=neutral, PublicKeyToken=null" name="actualizaArticuloTest" />
    </UnitTest>
    <UnitTest name="calcularDistanciaEntreTrabajosTest1" storage="c:\users\diego\documents\visual studio 2010\projects\uniprof\tests\bin\release\tests.dll" id="c17e6f29-704e-75d9-e266-2faaf40f3e21">
      <Execution id="c168dee0-de15-4bcb-b7e1-6e8f01356296" />
      <TestMethod codeBase="C:/Users/Diego/Documents/Visual Studio 2010/Projects/Uniprof/Tests/bin/Release/Tests.DLL" adapterTypeName="Microsoft.VisualStudio.TestTools.TestTypes.Unit.UnitTestAdapter, Microsoft.VisualStudio.QualityTools.Tips.UnitTest.Adapter, Version=10.0.0.0, Culture=neutral, PublicKeyToken=b03f5f7f11d50a3a" className="Tests.ProduccionBusinessTest, Tests, Version=1.0.0.0, Culture=neutral, PublicKeyToken=null" name="calcularDistanciaEntreTrabajosTest1" />
    </UnitTest>
    <UnitTest name="cargarFamiliasPorUsuarioTest" storage="c:\users\diego\documents\visual studio 2010\projects\uniprof\tests\bin\release\tests.dll" id="d1a8787a-d877-64a2-00b1-470142ee8a14">
      <Execution id="2be07f51-b875-42dc-8ace-c87c77a56098" />
      <TestMethod codeBase="C:/Users/Diego/Documents/Visual Studio 2010/Projects/Uniprof/Tests/bin/Release/Tests.DLL" adapterTypeName="Microsoft.VisualStudio.TestTools.TestTypes.Unit.UnitTestAdapter, Microsoft.VisualStudio.QualityTools.Tips.UnitTest.Adapter, Version=10.0.0.0, Culture=neutral, PublicKeyToken=b03f5f7f11d50a3a" className="Tests.FamiliaTDGTest, Tests, Version=1.0.0.0, Culture=neutral, PublicKeyToken=null" name="cargarFamiliasPorUsuarioTest" />
    </UnitTest>
    <UnitTest name="buscarPrendasPorIDTest" storage="c:\users\diego\documents\visual studio 2010\projects\uniprof\tests\bin\release\tests.dll" id="7f10aeee-1e6d-047f-bf86-9fb35cb9cbd0">
      <Execution id="63b34ca2-5b7b-4983-bec9-4189dc1d5976" />
      <TestMethod codeBase="C:/Users/Diego/Documents/Visual Studio 2010/Projects/Uniprof/Tests/bin/Release/Tests.DLL" adapterTypeName="Microsoft.VisualStudio.TestTools.TestTypes.Unit.UnitTestAdapter, Microsoft.VisualStudio.QualityTools.Tips.UnitTest.Adapter, Version=10.0.0.0, Culture=neutral, PublicKeyToken=b03f5f7f11d50a3a" className="Tests.TipoPrendaRepositorioTest, Tests, Version=1.0.0.0, Culture=neutral, PublicKeyToken=null" name="buscarPrendasPorIDTest" />
    </UnitTest>
    <UnitTest name="buscarPrimerosHuecosMaquinaTest3" storage="c:\users\diego\documents\visual studio 2010\projects\uniprof\tests\bin\release\tests.dll" id="8e0c723b-e192-342e-eb9f-eccfedfe5ca1">
      <Execution id="41c0a982-75c4-4cde-b123-eb7cb0285676" />
      <TestMethod codeBase="C:/Users/Diego/Documents/Visual Studio 2010/Projects/Uniprof/Tests/bin/Release/Tests.DLL" adapterTypeName="Microsoft.VisualStudio.TestTools.TestTypes.Unit.UnitTestAdapter, Microsoft.VisualStudio.QualityTools.Tips.UnitTest.Adapter, Version=10.0.0.0, Culture=neutral, PublicKeyToken=b03f5f7f11d50a3a" className="Tests.ProduccionBusinessTest, Tests, Version=1.0.0.0, Culture=neutral, PublicKeyToken=null" name="buscarPrimerosHuecosMaquinaTest3" />
    </UnitTest>
    <UnitTest name="buscarProveedorPorCodigoTest" storage="c:\users\diego\documents\visual studio 2010\projects\uniprof\tests\bin\release\tests.dll" id="9853b2bf-c35b-f18f-c067-26f1d74150ec">
      <Execution id="f7f00ec4-5073-41ea-b4b6-f18e21ceacaf" />
      <TestMethod codeBase="C:/Users/Diego/Documents/Visual Studio 2010/Projects/Uniprof/Tests/bin/Release/Tests.DLL" adapterTypeName="Microsoft.VisualStudio.TestTools.TestTypes.Unit.UnitTestAdapter, Microsoft.VisualStudio.QualityTools.Tips.UnitTest.Adapter, Version=10.0.0.0, Culture=neutral, PublicKeyToken=b03f5f7f11d50a3a" className="Tests.ProveedorRepositorioTest, Tests, Version=1.0.0.0, Culture=neutral, PublicKeyToken=null" name="buscarProveedorPorCodigoTest" />
    </UnitTest>
    <UnitTest name="buscarEstadosTest" storage="c:\users\diego\documents\visual studio 2010\projects\uniprof\tests\bin\release\tests.dll" id="34308cfd-d506-0b0a-6562-a4e0e8e6e9f3">
      <Execution id="08c52149-8ff9-495d-8b89-071ae3de2b9c" />
      <TestMethod codeBase="C:/Users/Diego/Documents/Visual Studio 2010/Projects/Uniprof/Tests/bin/Release/Tests.DLL" adapterTypeName="Microsoft.VisualStudio.TestTools.TestTypes.Unit.UnitTestAdapter, Microsoft.VisualStudio.QualityTools.Tips.UnitTest.Adapter, Version=10.0.0.0, Culture=neutral, PublicKeyToken=b03f5f7f11d50a3a" className="Tests.EstadoPedidoTDGTest, Tests, Version=1.0.0.0, Culture=neutral, PublicKeyToken=null" name="buscarEstadosTest" />
    </UnitTest>
    <UnitTest name="buscarPrimerosHuecosMaquinaTest5" storage="c:\users\diego\documents\visual studio 2010\projects\uniprof\tests\bin\release\tests.dll" id="5c26e5bc-173f-d60e-f76c-ab3d9a4b4531">
      <Execution id="bc686576-a869-44e2-9457-5277932bfc94" />
      <TestMethod codeBase="C:/Users/Diego/Documents/Visual Studio 2010/Projects/Uniprof/Tests/bin/Release/Tests.DLL" adapterTypeName="Microsoft.VisualStudio.TestTools.TestTypes.Unit.UnitTestAdapter, Microsoft.VisualStudio.QualityTools.Tips.UnitTest.Adapter, Version=10.0.0.0, Culture=neutral, PublicKeyToken=b03f5f7f11d50a3a" className="Tests.ProduccionBusinessTest, Tests, Version=1.0.0.0, Culture=neutral, PublicKeyToken=null" name="buscarPrimerosHuecosMaquinaTest5" />
    </UnitTest>
    <UnitTest name="borrarMensajeTest" storage="c:\users\diego\documents\visual studio 2010\projects\uniprof\tests\bin\release\tests.dll" id="88295536-741f-3a89-ef69-1ec7d6b91f08">
      <Execution id="fee37d2d-d2b9-47c6-9d76-95f2475c8ef5" />
      <TestMethod codeBase="C:/Users/Diego/Documents/Visual Studio 2010/Projects/Uniprof/Tests/bin/Release/Tests.DLL" adapterTypeName="Microsoft.VisualStudio.TestTools.TestTypes.Unit.UnitTestAdapter, Microsoft.VisualStudio.QualityTools.Tips.UnitTest.Adapter, Version=10.0.0.0, Culture=neutral, PublicKeyToken=b03f5f7f11d50a3a" className="Tests.ConversacionTDGTest, Tests, Version=1.0.0.0, Culture=neutral, PublicKeyToken=null" name="borrarMensajeTest" />
    </UnitTest>
    <UnitTest name="cargarPatentesPorUsuarioTest" storage="c:\users\diego\documents\visual studio 2010\projects\uniprof\tests\bin\release\tests.dll" id="4075ee85-dce8-0a59-bbe2-572b6c1b6a07">
      <Execution id="765f981b-baf0-4210-b3dd-743ae15054db" />
      <TestMethod codeBase="C:/Users/Diego/Documents/Visual Studio 2010/Projects/Uniprof/Tests/bin/Release/Tests.DLL" adapterTypeName="Microsoft.VisualStudio.TestTools.TestTypes.Unit.UnitTestAdapter, Microsoft.VisualStudio.QualityTools.Tips.UnitTest.Adapter, Version=10.0.0.0, Culture=neutral, PublicKeyToken=b03f5f7f11d50a3a" className="Tests.PatenteRepositorioTest, Tests, Version=1.0.0.0, Culture=neutral, PublicKeyToken=null" name="cargarPatentesPorUsuarioTest" />
    </UnitTest>
    <UnitTest name="calcularFinalizacionTest4" storage="c:\users\diego\documents\visual studio 2010\projects\uniprof\tests\bin\release\tests.dll" id="93f8ff39-718d-999f-f07f-06a3b12e22dd">
      <Execution id="db987503-e9d4-4bfb-ba8f-0595e4057da7" />
      <TestMethod codeBase="C:/Users/Diego/Documents/Visual Studio 2010/Projects/Uniprof/Tests/bin/Release/Tests.DLL" adapterTypeName="Microsoft.VisualStudio.TestTools.TestTypes.Unit.UnitTestAdapter, Microsoft.VisualStudio.QualityTools.Tips.UnitTest.Adapter, Version=10.0.0.0, Culture=neutral, PublicKeyToken=b03f5f7f11d50a3a" className="Tests.ProduccionBusinessTest, Tests, Version=1.0.0.0, Culture=neutral, PublicKeyToken=null" name="calcularFinalizacionTest4" />
    </UnitTest>
    <UnitTest name="buscarMovimintosTest" storage="c:\users\diego\documents\visual studio 2010\projects\uniprof\tests\bin\release\tests.dll" id="b09e98eb-5e7b-17f1-4a91-35133c7055e9">
      <Execution id="e9d47f6e-ab2d-4af5-9b70-7375c16728e3" />
      <TestMethod codeBase="C:/Users/Diego/Documents/Visual Studio 2010/Projects/Uniprof/Tests/bin/Release/Tests.DLL" adapterTypeName="Microsoft.VisualStudio.TestTools.TestTypes.Unit.UnitTestAdapter, Microsoft.VisualStudio.QualityTools.Tips.UnitTest.Adapter, Version=10.0.0.0, Culture=neutral, PublicKeyToken=b03f5f7f11d50a3a" className="Tests.MovimientoCuentaClienteRepositorioTest, Tests, Version=1.0.0.0, Culture=neutral, PublicKeyToken=null" name="buscarMovimintosTest" />
    </UnitTest>
    <UnitTest name="listarFacturaPorMovimientoTest" storage="c:\users\diego\documents\visual studio 2010\projects\uniprof\tests\bin\release\tests.dll" id="37b5db64-970d-c293-40fd-5d0b9fe33e03">
      <Execution id="65d895b9-f42e-475c-969a-19c87648da5c" />
      <TestMethod codeBase="C:/Users/Diego/Documents/Visual Studio 2010/Projects/Uniprof/Tests/bin/Release/Tests.DLL" adapterTypeName="Microsoft.VisualStudio.TestTools.TestTypes.Unit.UnitTestAdapter, Microsoft.VisualStudio.QualityTools.Tips.UnitTest.Adapter, Version=10.0.0.0, Culture=neutral, PublicKeyToken=b03f5f7f11d50a3a" className="Tests.FacturaRepositorioTest, Tests, Version=1.0.0.0, Culture=neutral, PublicKeyToken=null" name="listarFacturaPorMovimientoTest" />
    </UnitTest>
    <UnitTest name="cargarListaPrecioTest" storage="c:\users\diego\documents\visual studio 2010\projects\uniprof\tests\bin\release\tests.dll" id="65f33339-f5f5-af8d-e74e-57a59876466d">
      <Execution id="8e230db9-7f5a-42e4-8b29-42a1df82342f" />
      <TestMethod codeBase="C:/Users/Diego/Documents/Visual Studio 2010/Projects/Uniprof/Tests/bin/Release/Tests.DLL" adapterTypeName="Microsoft.VisualStudio.TestTools.TestTypes.Unit.UnitTestAdapter, Microsoft.VisualStudio.QualityTools.Tips.UnitTest.Adapter, Version=10.0.0.0, Culture=neutral, PublicKeyToken=b03f5f7f11d50a3a" className="Tests.ListaPreciosTDGTest, Tests, Version=1.0.0.0, Culture=neutral, PublicKeyToken=null" name="cargarListaPrecioTest" />
    </UnitTest>
    <UnitTest name="grabarPrendaTest" storage="c:\users\diego\documents\visual studio 2010\projects\uniprof\tests\bin\release\tests.dll" id="47539572-8702-25fd-25db-bd0bdd8958b7">
      <Execution id="99e48e8f-17f9-4482-a134-cc248d2e9f76" />
      <TestMethod codeBase="C:/Users/Diego/Documents/Visual Studio 2010/Projects/Uniprof/Tests/bin/Release/Tests.DLL" adapterTypeName="Microsoft.VisualStudio.TestTools.TestTypes.Unit.UnitTestAdapter, Microsoft.VisualStudio.QualityTools.Tips.UnitTest.Adapter, Version=10.0.0.0, Culture=neutral, PublicKeyToken=b03f5f7f11d50a3a" className="Tests.TipoPrendaRepositorioTest, Tests, Version=1.0.0.0, Culture=neutral, PublicKeyToken=null" name="grabarPrendaTest" />
    </UnitTest>
    <UnitTest name="actualizarMovimientoTest" storage="c:\users\diego\documents\visual studio 2010\projects\uniprof\tests\bin\release\tests.dll" id="10b4c1e2-77e8-b6fe-ff2c-b75bd78a1790">
      <Execution id="a38a4e63-7119-4452-8e44-8faa30c5b0f8" />
      <TestMethod codeBase="C:/Users/Diego/Documents/Visual Studio 2010/Projects/Uniprof/Tests/bin/Release/Tests.DLL" adapterTypeName="Microsoft.VisualStudio.TestTools.TestTypes.Unit.UnitTestAdapter, Microsoft.VisualStudio.QualityTools.Tips.UnitTest.Adapter, Version=10.0.0.0, Culture=neutral, PublicKeyToken=b03f5f7f11d50a3a" className="Tests.MovimientoCuentaClienteRepositorioTest, Tests, Version=1.0.0.0, Culture=neutral, PublicKeyToken=null" name="actualizarMovimientoTest" />
    </UnitTest>
    <UnitTest name="listarArticulosPorDiseñoTest" storage="c:\users\diego\documents\visual studio 2010\projects\uniprof\tests\bin\release\tests.dll" id="16d2afdb-fcf6-6658-1d97-2e6156bb9c19">
      <Execution id="6a9a4f4c-4819-4a7c-bc1c-06f56ab24fb5" />
      <TestMethod codeBase="C:/Users/Diego/Documents/Visual Studio 2010/Projects/Uniprof/Tests/bin/Release/Tests.DLL" adapterTypeName="Microsoft.VisualStudio.TestTools.TestTypes.Unit.UnitTestAdapter, Microsoft.VisualStudio.QualityTools.Tips.UnitTest.Adapter, Version=10.0.0.0, Culture=neutral, PublicKeyToken=b03f5f7f11d50a3a" className="Tests.ArticuloBusinessTest, Tests, Version=1.0.0.0, Culture=neutral, PublicKeyToken=null" name="listarArticulosPorDiseñoTest" />
    </UnitTest>
    <UnitTest name="grabarNewsletterTest" storage="c:\users\diego\documents\visual studio 2010\projects\uniprof\tests\bin\release\tests.dll" id="ccb6e01a-8e1d-d753-d587-f8c1f14a9dc4">
      <Execution id="442ab711-586b-4d4a-b45e-49c246bd72f7" />
      <TestMethod codeBase="C:/Users/Diego/Documents/Visual Studio 2010/Projects/Uniprof/Tests/bin/Release/Tests.DLL" adapterTypeName="Microsoft.VisualStudio.TestTools.TestTypes.Unit.UnitTestAdapter, Microsoft.VisualStudio.QualityTools.Tips.UnitTest.Adapter, Version=10.0.0.0, Culture=neutral, PublicKeyToken=b03f5f7f11d50a3a" className="Tests.NewsletterRepositorioTest, Tests, Version=1.0.0.0, Culture=neutral, PublicKeyToken=null" name="grabarNewsletterTest" />
    </UnitTest>
    <UnitTest name="buscarOperadoresConRestriccionesTest" storage="c:\users\diego\documents\visual studio 2010\projects\uniprof\tests\bin\release\tests.dll" id="8e175a1e-ad15-cbe9-eb2b-34d47332acea">
      <Execution id="1c1402cf-386e-4db0-8f9b-15060aee7a9b" />
      <TestMethod codeBase="C:/Users/Diego/Documents/Visual Studio 2010/Projects/Uniprof/Tests/bin/Release/Tests.DLL" adapterTypeName="Microsoft.VisualStudio.TestTools.TestTypes.Unit.UnitTestAdapter, Microsoft.VisualStudio.QualityTools.Tips.UnitTest.Adapter, Version=10.0.0.0, Culture=neutral, PublicKeyToken=b03f5f7f11d50a3a" className="Tests.OperadorTDGTest, Tests, Version=1.0.0.0, Culture=neutral, PublicKeyToken=null" name="buscarOperadoresConRestriccionesTest" />
    </UnitTest>
    <UnitTest name="buscarNewsletterPorIDTest" storage="c:\users\diego\documents\visual studio 2010\projects\uniprof\tests\bin\release\tests.dll" id="132dbdad-c767-c70b-4154-f7166132216a">
      <Execution id="90b6b89f-c34b-4d25-8b3c-ee351debb2db" />
      <TestMethod codeBase="C:/Users/Diego/Documents/Visual Studio 2010/Projects/Uniprof/Tests/bin/Release/Tests.DLL" adapterTypeName="Microsoft.VisualStudio.TestTools.TestTypes.Unit.UnitTestAdapter, Microsoft.VisualStudio.QualityTools.Tips.UnitTest.Adapter, Version=10.0.0.0, Culture=neutral, PublicKeyToken=b03f5f7f11d50a3a" className="Tests.NewsletterTDGTest, Tests, Version=1.0.0.0, Culture=neutral, PublicKeyToken=null" name="buscarNewsletterPorIDTest" />
    </UnitTest>
    <UnitTest name="buscarEstadosPorIdTest" storage="c:\users\diego\documents\visual studio 2010\projects\uniprof\tests\bin\release\tests.dll" id="9abfd9c9-a69f-e14e-a283-753aea9711be">
      <Execution id="d4d810af-45b1-4702-972b-3924d2b04484" />
      <TestMethod codeBase="C:/Users/Diego/Documents/Visual Studio 2010/Projects/Uniprof/Tests/bin/Release/Tests.DLL" adapterTypeName="Microsoft.VisualStudio.TestTools.TestTypes.Unit.UnitTestAdapter, Microsoft.VisualStudio.QualityTools.Tips.UnitTest.Adapter, Version=10.0.0.0, Culture=neutral, PublicKeyToken=b03f5f7f11d50a3a" className="Tests.EstadoDiseñoTDGTest, Tests, Version=1.0.0.0, Culture=neutral, PublicKeyToken=null" name="buscarEstadosPorIdTest" />
    </UnitTest>
    <UnitTest name="borrarLineaTest" storage="c:\users\diego\documents\visual studio 2010\projects\uniprof\tests\bin\release\tests.dll" id="1e112e87-ecd4-bbc8-5f74-eb12a4718023">
      <Execution id="671283dc-1919-4731-b0ad-7ba5f1d086ec" />
      <TestMethod codeBase="C:/Users/Diego/Documents/Visual Studio 2010/Projects/Uniprof/Tests/bin/Release/Tests.DLL" adapterTypeName="Microsoft.VisualStudio.TestTools.TestTypes.Unit.UnitTestAdapter, Microsoft.VisualStudio.QualityTools.Tips.UnitTest.Adapter, Version=10.0.0.0, Culture=neutral, PublicKeyToken=b03f5f7f11d50a3a" className="Tests.LineaFacturaTDGTest, Tests, Version=1.0.0.0, Culture=neutral, PublicKeyToken=null" name="borrarLineaTest" />
    </UnitTest>
    <UnitTest name="cargarOrdenConRestriccionesTest" storage="c:\users\diego\documents\visual studio 2010\projects\uniprof\tests\bin\release\tests.dll" id="3022c4e6-888b-2dda-b879-e60c04b5e600">
      <Execution id="5f8b29b9-3141-442d-997b-17ca0fc7aa67" />
      <TestMethod codeBase="C:/Users/Diego/Documents/Visual Studio 2010/Projects/Uniprof/Tests/bin/Release/Tests.DLL" adapterTypeName="Microsoft.VisualStudio.TestTools.TestTypes.Unit.UnitTestAdapter, Microsoft.VisualStudio.QualityTools.Tips.UnitTest.Adapter, Version=10.0.0.0, Culture=neutral, PublicKeyToken=b03f5f7f11d50a3a" className="Tests.OrdenDeCompraTDGTest, Tests, Version=1.0.0.0, Culture=neutral, PublicKeyToken=null" name="cargarOrdenConRestriccionesTest" />
    </UnitTest>
    <UnitTest name="cargarOrdenesDeComprasTest" storage="c:\users\diego\documents\visual studio 2010\projects\uniprof\tests\bin\release\tests.dll" id="d40feea3-8180-d822-1bc4-ef1286a37118">
      <Execution id="56f2e78c-dd22-44f8-9648-2684acb11052" />
      <TestMethod codeBase="C:/Users/Diego/Documents/Visual Studio 2010/Projects/Uniprof/Tests/bin/Release/Tests.DLL" adapterTypeName="Microsoft.VisualStudio.TestTools.TestTypes.Unit.UnitTestAdapter, Microsoft.VisualStudio.QualityTools.Tips.UnitTest.Adapter, Version=10.0.0.0, Culture=neutral, PublicKeyToken=b03f5f7f11d50a3a" className="Tests.OrdenDeCompraTDGTest, Tests, Version=1.0.0.0, Culture=neutral, PublicKeyToken=null" name="cargarOrdenesDeComprasTest" />
    </UnitTest>
    <UnitTest name="grabarInsumoTest" storage="c:\users\diego\documents\visual studio 2010\projects\uniprof\tests\bin\release\tests.dll" id="67103975-0d80-6dc0-3e73-31c64db0977f">
      <Execution id="a610442e-b58b-4bba-96be-be1fe5cb2685" />
      <TestMethod codeBase="C:/Users/Diego/Documents/Visual Studio 2010/Projects/Uniprof/Tests/bin/Release/Tests.DLL" adapterTypeName="Microsoft.VisualStudio.TestTools.TestTypes.Unit.UnitTestAdapter, Microsoft.VisualStudio.QualityTools.Tips.UnitTest.Adapter, Version=10.0.0.0, Culture=neutral, PublicKeyToken=b03f5f7f11d50a3a" className="Tests.InsumoBusinessTest, Tests, Version=1.0.0.0, Culture=neutral, PublicKeyToken=null" name="grabarInsumoTest" />
    </UnitTest>
    <UnitTest name="listarProduccionPorMaquinaTest" storage="c:\users\diego\documents\visual studio 2010\projects\uniprof\tests\bin\release\tests.dll" id="399698d6-d910-1ab1-d972-fb6aa80639ce">
      <Execution id="cc68c54c-cb86-4ed6-9aff-9d4e88eeb3a5" />
      <TestMethod codeBase="C:/Users/Diego/Documents/Visual Studio 2010/Projects/Uniprof/Tests/bin/Release/Tests.DLL" adapterTypeName="Microsoft.VisualStudio.TestTools.TestTypes.Unit.UnitTestAdapter, Microsoft.VisualStudio.QualityTools.Tips.UnitTest.Adapter, Version=10.0.0.0, Culture=neutral, PublicKeyToken=b03f5f7f11d50a3a" className="Tests.ProduccionRepositorioTest, Tests, Version=1.0.0.0, Culture=neutral, PublicKeyToken=null" name="listarProduccionPorMaquinaTest" />
    </UnitTest>
    <UnitTest name="modificarMensajeTest" storage="c:\users\diego\documents\visual studio 2010\projects\uniprof\tests\bin\release\tests.dll" id="dea2dc86-55fc-7dd0-68c2-4ac2d970ca43">
      <Execution id="033a943b-3a0f-4914-b840-271a666aebde" />
      <TestMethod codeBase="C:/Users/Diego/Documents/Visual Studio 2010/Projects/Uniprof/Tests/bin/Release/Tests.DLL" adapterTypeName="Microsoft.VisualStudio.TestTools.TestTypes.Unit.UnitTestAdapter, Microsoft.VisualStudio.QualityTools.Tips.UnitTest.Adapter, Version=10.0.0.0, Culture=neutral, PublicKeyToken=b03f5f7f11d50a3a" className="Tests.MensajeTDGTest, Tests, Version=1.0.0.0, Culture=neutral, PublicKeyToken=null" name="modificarMensajeTest" />
    </UnitTest>
    <UnitTest name="calcularDistanciaEntreTrabajosTest4" storage="c:\users\diego\documents\visual studio 2010\projects\uniprof\tests\bin\release\tests.dll" id="db7e1c98-1137-e435-bbb3-bf8f5402bfbf">
      <Execution id="b9f19ac0-4e7e-4a19-a6b1-c90d6493bfb6" />
      <TestMethod codeBase="C:/Users/Diego/Documents/Visual Studio 2010/Projects/Uniprof/Tests/bin/Release/Tests.DLL" adapterTypeName="Microsoft.VisualStudio.TestTools.TestTypes.Unit.UnitTestAdapter, Microsoft.VisualStudio.QualityTools.Tips.UnitTest.Adapter, Version=10.0.0.0, Culture=neutral, PublicKeyToken=b03f5f7f11d50a3a" className="Tests.ProduccionBusinessTest, Tests, Version=1.0.0.0, Culture=neutral, PublicKeyToken=null" name="calcularDistanciaEntreTrabajosTest4" />
    </UnitTest>
    <UnitTest name="grabarTipoPedidosTest" storage="c:\users\diego\documents\visual studio 2010\projects\uniprof\tests\bin\release\tests.dll" id="c37440e9-11a5-99b5-8db4-69844a9128f1">
      <Execution id="91bb3aad-b155-45c6-a7bf-b3640491de94" />
      <TestMethod codeBase="C:/Users/Diego/Documents/Visual Studio 2010/Projects/Uniprof/Tests/bin/Release/Tests.DLL" adapterTypeName="Microsoft.VisualStudio.TestTools.TestTypes.Unit.UnitTestAdapter, Microsoft.VisualStudio.QualityTools.Tips.UnitTest.Adapter, Version=10.0.0.0, Culture=neutral, PublicKeyToken=b03f5f7f11d50a3a" className="Tests.TipoPedidoTDGTest, Tests, Version=1.0.0.0, Culture=neutral, PublicKeyToken=null" name="grabarTipoPedidosTest" />
    </UnitTest>
    <UnitTest name="GuardarPedidoTest" storage="c:\users\diego\documents\visual studio 2010\projects\uniprof\tests\bin\release\tests.dll" id="4ab5b9e6-5b30-baa0-2e6d-fac9df442766">
      <Execution id="26d0b433-49f5-4390-8154-284627d63bc7" />
      <TestMethod codeBase="C:/Users/Diego/Documents/Visual Studio 2010/Projects/Uniprof/Tests/bin/Release/Tests.DLL" adapterTypeName="Microsoft.VisualStudio.TestTools.TestTypes.Unit.UnitTestAdapter, Microsoft.VisualStudio.QualityTools.Tips.UnitTest.Adapter, Version=10.0.0.0, Culture=neutral, PublicKeyToken=b03f5f7f11d50a3a" className="Tests.PedidoBusinessTest, Tests, Version=1.0.0.0, Culture=neutral, PublicKeyToken=null" name="GuardarPedidoTest" />
    </UnitTest>
    <UnitTest name="modificarListaPrecioTest" storage="c:\users\diego\documents\visual studio 2010\projects\uniprof\tests\bin\release\tests.dll" id="5e0dec84-1eed-840d-bf51-237b2ddbdebf">
      <Execution id="4a7f30c2-2670-4165-9e60-9ac1ca248bfe" />
      <TestMethod codeBase="C:/Users/Diego/Documents/Visual Studio 2010/Projects/Uniprof/Tests/bin/Release/Tests.DLL" adapterTypeName="Microsoft.VisualStudio.TestTools.TestTypes.Unit.UnitTestAdapter, Microsoft.VisualStudio.QualityTools.Tips.UnitTest.Adapter, Version=10.0.0.0, Culture=neutral, PublicKeyToken=b03f5f7f11d50a3a" className="Tests.ListaPreciosTDGTest, Tests, Version=1.0.0.0, Culture=neutral, PublicKeyToken=null" name="modificarListaPrecioTest" />
    </UnitTest>
    <UnitTest name="listarMovimientosTest" storage="c:\users\diego\documents\visual studio 2010\projects\uniprof\tests\bin\release\tests.dll" id="cf88dd92-747e-1a79-8f2c-fc0e3f9b0004">
      <Execution id="36a7c4e7-883b-4a94-949c-1b4e57738917" />
      <TestMethod codeBase="C:/Users/Diego/Documents/Visual Studio 2010/Projects/Uniprof/Tests/bin/Release/Tests.DLL" adapterTypeName="Microsoft.VisualStudio.TestTools.TestTypes.Unit.UnitTestAdapter, Microsoft.VisualStudio.QualityTools.Tips.UnitTest.Adapter, Version=10.0.0.0, Culture=neutral, PublicKeyToken=b03f5f7f11d50a3a" className="Tests.MovimientoClienteBusinessTest, Tests, Version=1.0.0.0, Culture=neutral, PublicKeyToken=null" name="listarMovimientosTest" />
    </UnitTest>
    <UnitTest name="grabarLineaTest" storage="c:\users\diego\documents\visual studio 2010\projects\uniprof\tests\bin\release\tests.dll" id="92b34578-8935-0a46-8dd9-4af3ba2aba99">
      <Execution id="dc9ec83e-bd25-4ac8-b959-4275bd410f59" />
      <TestMethod codeBase="C:/Users/Diego/Documents/Visual Studio 2010/Projects/Uniprof/Tests/bin/Release/Tests.DLL" adapterTypeName="Microsoft.VisualStudio.TestTools.TestTypes.Unit.UnitTestAdapter, Microsoft.VisualStudio.QualityTools.Tips.UnitTest.Adapter, Version=10.0.0.0, Culture=neutral, PublicKeyToken=b03f5f7f11d50a3a" className="Tests.LineaOrdenDeCompraTDGTest, Tests, Version=1.0.0.0, Culture=neutral, PublicKeyToken=null" name="grabarLineaTest" />
    </UnitTest>
    <UnitTest name="GrabarDiseñoTest" storage="c:\users\diego\documents\visual studio 2010\projects\uniprof\tests\bin\release\tests.dll" id="a914285b-c2e0-dbc2-f99c-c0b34bf25408">
      <Execution id="090ec070-0390-4b41-84ae-8d5a549fd72e" />
      <TestMethod codeBase="C:/Users/Diego/Documents/Visual Studio 2010/Projects/Uniprof/Tests/bin/Release/Tests.DLL" adapterTypeName="Microsoft.VisualStudio.TestTools.TestTypes.Unit.UnitTestAdapter, Microsoft.VisualStudio.QualityTools.Tips.UnitTest.Adapter, Version=10.0.0.0, Culture=neutral, PublicKeyToken=b03f5f7f11d50a3a" className="Tests.DiseñoRepositorioTest, Tests, Version=1.0.0.0, Culture=neutral, PublicKeyToken=null" name="GrabarDiseñoTest" />
    </UnitTest>
    <UnitTest name="listarArticulosTest" storage="c:\users\diego\documents\visual studio 2010\projects\uniprof\tests\bin\release\tests.dll" id="353a1d2f-a022-ae0b-e495-9424c7779e0c">
      <Execution id="9a0f427e-87c6-420b-bb70-91a2b41935b7" />
      <TestMethod codeBase="C:/Users/Diego/Documents/Visual Studio 2010/Projects/Uniprof/Tests/bin/Release/Tests.DLL" adapterTypeName="Microsoft.VisualStudio.TestTools.TestTypes.Unit.UnitTestAdapter, Microsoft.VisualStudio.QualityTools.Tips.UnitTest.Adapter, Version=10.0.0.0, Culture=neutral, PublicKeyToken=b03f5f7f11d50a3a" className="Tests.ArticuloRepositorioTest, Tests, Version=1.0.0.0, Culture=neutral, PublicKeyToken=null" name="listarArticulosTest" />
    </UnitTest>
    <UnitTest name="buscarProveedoresPorNombreTest" storage="c:\users\diego\documents\visual studio 2010\projects\uniprof\tests\bin\release\tests.dll" id="e97e5cde-c25e-cb0e-69db-a3582bc2ca43">
      <Execution id="ebad7d16-3993-4629-bcc4-8906c3b61619" />
      <TestMethod codeBase="C:/Users/Diego/Documents/Visual Studio 2010/Projects/Uniprof/Tests/bin/Release/Tests.DLL" adapterTypeName="Microsoft.VisualStudio.TestTools.TestTypes.Unit.UnitTestAdapter, Microsoft.VisualStudio.QualityTools.Tips.UnitTest.Adapter, Version=10.0.0.0, Culture=neutral, PublicKeyToken=b03f5f7f11d50a3a" className="Tests.ProveedorBusinessTest, Tests, Version=1.0.0.0, Culture=neutral, PublicKeyToken=null" name="buscarProveedoresPorNombreTest" />
    </UnitTest>
    <UnitTest name="listarOrdenDeComprasPorProveedorTest" storage="c:\users\diego\documents\visual studio 2010\projects\uniprof\tests\bin\release\tests.dll" id="bc6fbc6a-1040-2a7b-d37a-1937b6e2fa50">
      <Execution id="bf812c9f-adef-4bfd-90dc-ffcface7f927" />
      <TestMethod codeBase="C:/Users/Diego/Documents/Visual Studio 2010/Projects/Uniprof/Tests/bin/Release/Tests.DLL" adapterTypeName="Microsoft.VisualStudio.TestTools.TestTypes.Unit.UnitTestAdapter, Microsoft.VisualStudio.QualityTools.Tips.UnitTest.Adapter, Version=10.0.0.0, Culture=neutral, PublicKeyToken=b03f5f7f11d50a3a" className="Tests.OrdenCompraRepositorioTest, Tests, Version=1.0.0.0, Culture=neutral, PublicKeyToken=null" name="listarOrdenDeComprasPorProveedorTest" />
    </UnitTest>
    <UnitTest name="borrarProveedorTest" storage="c:\users\diego\documents\visual studio 2010\projects\uniprof\tests\bin\release\tests.dll" id="4cc6b71b-462c-2bdc-f536-28b4d3d30de5">
      <Execution id="8fd37318-7667-49ec-a070-b8035360e1e6" />
      <TestMethod codeBase="C:/Users/Diego/Documents/Visual Studio 2010/Projects/Uniprof/Tests/bin/Release/Tests.DLL" adapterTypeName="Microsoft.VisualStudio.TestTools.TestTypes.Unit.UnitTestAdapter, Microsoft.VisualStudio.QualityTools.Tips.UnitTest.Adapter, Version=10.0.0.0, Culture=neutral, PublicKeyToken=b03f5f7f11d50a3a" className="Tests.ProveedorTDGTest, Tests, Version=1.0.0.0, Culture=neutral, PublicKeyToken=null" name="borrarProveedorTest" />
    </UnitTest>
    <UnitTest name="grabarListaPrecioTest" storage="c:\users\diego\documents\visual studio 2010\projects\uniprof\tests\bin\release\tests.dll" id="0a8df61c-a62f-1c66-059f-875171321588">
      <Execution id="241e9e1b-c622-41af-86a6-4ee8d2ef9fe2" />
      <TestMethod codeBase="C:/Users/Diego/Documents/Visual Studio 2010/Projects/Uniprof/Tests/bin/Release/Tests.DLL" adapterTypeName="Microsoft.VisualStudio.TestTools.TestTypes.Unit.UnitTestAdapter, Microsoft.VisualStudio.QualityTools.Tips.UnitTest.Adapter, Version=10.0.0.0, Culture=neutral, PublicKeyToken=b03f5f7f11d50a3a" className="Tests.ListaPreciosTDGTest, Tests, Version=1.0.0.0, Culture=neutral, PublicKeyToken=null" name="grabarListaPrecioTest" />
    </UnitTest>
    <UnitTest name="buscarTipoPedidosTest" storage="c:\users\diego\documents\visual studio 2010\projects\uniprof\tests\bin\release\tests.dll" id="f6ab254b-b89e-8f66-b003-59dd11d22e62">
      <Execution id="d2cebf25-30a0-427d-97d5-845dcbac1bfc" />
      <TestMethod codeBase="C:/Users/Diego/Documents/Visual Studio 2010/Projects/Uniprof/Tests/bin/Release/Tests.DLL" adapterTypeName="Microsoft.VisualStudio.TestTools.TestTypes.Unit.UnitTestAdapter, Microsoft.VisualStudio.QualityTools.Tips.UnitTest.Adapter, Version=10.0.0.0, Culture=neutral, PublicKeyToken=b03f5f7f11d50a3a" className="Tests.TipoPedidoTDGTest, Tests, Version=1.0.0.0, Culture=neutral, PublicKeyToken=null" name="buscarTipoPedidosTest" />
    </UnitTest>
    <UnitTest name="listarOrdenDeComprasPorMovimientoTest" storage="c:\users\diego\documents\visual studio 2010\projects\uniprof\tests\bin\release\tests.dll" id="046d8853-4c4a-6ed7-e6b4-7cfe78d48668">
      <Execution id="256eb2b1-9c71-41f1-b5d7-bdc5d736f0eb" />
      <TestMethod codeBase="C:/Users/Diego/Documents/Visual Studio 2010/Projects/Uniprof/Tests/bin/Release/Tests.DLL" adapterTypeName="Microsoft.VisualStudio.TestTools.TestTypes.Unit.UnitTestAdapter, Microsoft.VisualStudio.QualityTools.Tips.UnitTest.Adapter, Version=10.0.0.0, Culture=neutral, PublicKeyToken=b03f5f7f11d50a3a" className="Tests.OrdenCompraBusinessTest, Tests, Version=1.0.0.0, Culture=neutral, PublicKeyToken=null" name="listarOrdenDeComprasPorMovimientoTest" />
    </UnitTest>
    <UnitTest name="borrarMovimientosClienteTest" storage="c:\users\diego\documents\visual studio 2010\projects\uniprof\tests\bin\release\tests.dll" id="4128c841-fbe4-5443-0039-ee6ab9d8480a">
      <Execution id="7376fb15-5f55-4483-b993-cf16a3e173db" />
      <TestMethod codeBase="C:/Users/Diego/Documents/Visual Studio 2010/Projects/Uniprof/Tests/bin/Release/Tests.DLL" adapterTypeName="Microsoft.VisualStudio.TestTools.TestTypes.Unit.UnitTestAdapter, Microsoft.VisualStudio.QualityTools.Tips.UnitTest.Adapter, Version=10.0.0.0, Culture=neutral, PublicKeyToken=b03f5f7f11d50a3a" className="Tests.MovimientoCuentaClienteTDGTest, Tests, Version=1.0.0.0, Culture=neutral, PublicKeyToken=null" name="borrarMovimientosClienteTest" />
    </UnitTest>
    <UnitTest name="actualizaOrdenDeCompraTest" storage="c:\users\diego\documents\visual studio 2010\projects\uniprof\tests\bin\release\tests.dll" id="b2564a1d-a5df-de1a-d3dd-41d0e33b00f4">
      <Execution id="2acfcd5b-a576-448b-9d44-1d88569ac140" />
      <TestMethod codeBase="C:/Users/Diego/Documents/Visual Studio 2010/Projects/Uniprof/Tests/bin/Release/Tests.DLL" adapterTypeName="Microsoft.VisualStudio.TestTools.TestTypes.Unit.UnitTestAdapter, Microsoft.VisualStudio.QualityTools.Tips.UnitTest.Adapter, Version=10.0.0.0, Culture=neutral, PublicKeyToken=b03f5f7f11d50a3a" className="Tests.OrdenCompraRepositorioTest, Tests, Version=1.0.0.0, Culture=neutral, PublicKeyToken=null" name="actualizaOrdenDeCompraTest" />
    </UnitTest>
    <UnitTest name="buscarEstadosPorIdTest" storage="c:\users\diego\documents\visual studio 2010\projects\uniprof\tests\bin\release\tests.dll" id="f384b49a-3778-3092-73a3-70a68b63c811">
      <Execution id="458659a9-9ef5-43bc-8a8d-ca873eb81635" />
      <TestMethod codeBase="C:/Users/Diego/Documents/Visual Studio 2010/Projects/Uniprof/Tests/bin/Release/Tests.DLL" adapterTypeName="Microsoft.VisualStudio.TestTools.TestTypes.Unit.UnitTestAdapter, Microsoft.VisualStudio.QualityTools.Tips.UnitTest.Adapter, Version=10.0.0.0, Culture=neutral, PublicKeyToken=b03f5f7f11d50a3a" className="Tests.EstadoTrabajoTDGTest, Tests, Version=1.0.0.0, Culture=neutral, PublicKeyToken=null" name="buscarEstadosPorIdTest" />
    </UnitTest>
    <UnitTest name="buscarPorIdTest" storage="c:\users\diego\documents\visual studio 2010\projects\uniprof\tests\bin\release\tests.dll" id="77619216-98fe-f01d-d92b-ae2614d5a7c1">
      <Execution id="7b617a61-7ec5-4963-aa20-81810e5988a4" />
      <TestMethod codeBase="C:/Users/Diego/Documents/Visual Studio 2010/Projects/Uniprof/Tests/bin/Release/Tests.DLL" adapterTypeName="Microsoft.VisualStudio.TestTools.TestTypes.Unit.UnitTestAdapter, Microsoft.VisualStudio.QualityTools.Tips.UnitTest.Adapter, Version=10.0.0.0, Culture=neutral, PublicKeyToken=b03f5f7f11d50a3a" className="Tests.TipoMovimientoTDGTest, Tests, Version=1.0.0.0, Culture=neutral, PublicKeyToken=null" name="buscarPorIdTest" />
    </UnitTest>
    <UnitTest name="buscarPorDescripcionTest" storage="c:\users\diego\documents\visual studio 2010\projects\uniprof\tests\bin\release\tests.dll" id="5c85b597-4b7a-176d-3dac-461f2d66fe1b">
      <Execution id="2cabf1f9-95d5-4d05-8bbb-0b6f719eef68" />
      <TestMethod codeBase="C:/Users/Diego/Documents/Visual Studio 2010/Projects/Uniprof/Tests/bin/Release/Tests.DLL" adapterTypeName="Microsoft.VisualStudio.TestTools.TestTypes.Unit.UnitTestAdapter, Microsoft.VisualStudio.QualityTools.Tips.UnitTest.Adapter, Version=10.0.0.0, Culture=neutral, PublicKeyToken=b03f5f7f11d50a3a" className="Tests.ProveedorTDGTest, Tests, Version=1.0.0.0, Culture=neutral, PublicKeyToken=null" name="buscarPorDescripcionTest" />
    </UnitTest>
    <UnitTest name="listarOpinionesPorMailTest" storage="c:\users\diego\documents\visual studio 2010\projects\uniprof\tests\bin\release\tests.dll" id="be2975a5-16cf-8b54-0e33-59e4bc6c38a6">
      <Execution id="3a90f875-4377-46fc-b1b1-9d2f6a269361" />
      <TestMethod codeBase="C:/Users/Diego/Documents/Visual Studio 2010/Projects/Uniprof/Tests/bin/Release/Tests.DLL" adapterTypeName="Microsoft.VisualStudio.TestTools.TestTypes.Unit.UnitTestAdapter, Microsoft.VisualStudio.QualityTools.Tips.UnitTest.Adapter, Version=10.0.0.0, Culture=neutral, PublicKeyToken=b03f5f7f11d50a3a" className="Tests.OpinionRepositorioTest, Tests, Version=1.0.0.0, Culture=neutral, PublicKeyToken=null" name="listarOpinionesPorMailTest" />
    </UnitTest>
    <UnitTest name="grabarMovimientosTest" storage="c:\users\diego\documents\visual studio 2010\projects\uniprof\tests\bin\release\tests.dll" id="7ef8ab41-162c-76bc-02f7-a575f043f7e4">
      <Execution id="9e8a10b0-e82d-446a-8170-028279bfa92a" />
      <TestMethod codeBase="C:/Users/Diego/Documents/Visual Studio 2010/Projects/Uniprof/Tests/bin/Release/Tests.DLL" adapterTypeName="Microsoft.VisualStudio.TestTools.TestTypes.Unit.UnitTestAdapter, Microsoft.VisualStudio.QualityTools.Tips.UnitTest.Adapter, Version=10.0.0.0, Culture=neutral, PublicKeyToken=b03f5f7f11d50a3a" className="Tests.MovimientoStockTDGTest, Tests, Version=1.0.0.0, Culture=neutral, PublicKeyToken=null" name="grabarMovimientosTest" />
    </UnitTest>
    <UnitTest name="buscarTodoTest" storage="c:\users\diego\documents\visual studio 2010\projects\uniprof\tests\bin\release\tests.dll" id="5136f8bc-ea30-8e7a-77a2-f46a924db348">
      <Execution id="97d9c44f-15b1-40fc-a835-e6ba3378b549" />
      <TestMethod codeBase="C:/Users/Diego/Documents/Visual Studio 2010/Projects/Uniprof/Tests/bin/Release/Tests.DLL" adapterTypeName="Microsoft.VisualStudio.TestTools.TestTypes.Unit.UnitTestAdapter, Microsoft.VisualStudio.QualityTools.Tips.UnitTest.Adapter, Version=10.0.0.0, Culture=neutral, PublicKeyToken=b03f5f7f11d50a3a" className="Tests.ProveedorTDGTest, Tests, Version=1.0.0.0, Culture=neutral, PublicKeyToken=null" name="buscarTodoTest" />
    </UnitTest>
    <UnitTest name="cargarFamiliasTest" storage="c:\users\diego\documents\visual studio 2010\projects\uniprof\tests\bin\release\tests.dll" id="6b7c36cd-44f4-1879-c115-f544d495b61e">
      <Execution id="ab223c73-b75c-4491-adf6-8212d4c78578" />
      <TestMethod codeBase="C:/Users/Diego/Documents/Visual Studio 2010/Projects/Uniprof/Tests/bin/Release/Tests.DLL" adapterTypeName="Microsoft.VisualStudio.TestTools.TestTypes.Unit.UnitTestAdapter, Microsoft.VisualStudio.QualityTools.Tips.UnitTest.Adapter, Version=10.0.0.0, Culture=neutral, PublicKeyToken=b03f5f7f11d50a3a" className="Tests.PatenteTDGTest, Tests, Version=1.0.0.0, Culture=neutral, PublicKeyToken=null" name="cargarFamiliasTest" />
    </UnitTest>
    <UnitTest name="actualizarTipoPrendaTest" storage="c:\users\diego\documents\visual studio 2010\projects\uniprof\tests\bin\release\tests.dll" id="1fb18ed6-06da-35e1-ec67-5275eec70993">
      <Execution id="8ead172d-3928-4a8f-9220-2ed6cf5acef9" />
      <TestMethod codeBase="C:/Users/Diego/Documents/Visual Studio 2010/Projects/Uniprof/Tests/bin/Release/Tests.DLL" adapterTypeName="Microsoft.VisualStudio.TestTools.TestTypes.Unit.UnitTestAdapter, Microsoft.VisualStudio.QualityTools.Tips.UnitTest.Adapter, Version=10.0.0.0, Culture=neutral, PublicKeyToken=b03f5f7f11d50a3a" className="Tests.TipoPrendaBusinessTest, Tests, Version=1.0.0.0, Culture=neutral, PublicKeyToken=null" name="actualizarTipoPrendaTest" />
    </UnitTest>
    <UnitTest name="modificarUsuarioTest" storage="c:\users\diego\documents\visual studio 2010\projects\uniprof\tests\bin\release\tests.dll" id="1cbe2801-d19a-9274-15f8-0dba46344245">
      <Execution id="42e559a0-2451-4b05-82e4-781cc2cd31c2" />
      <TestMethod codeBase="C:/Users/Diego/Documents/Visual Studio 2010/Projects/Uniprof/Tests/bin/Release/Tests.DLL" adapterTypeName="Microsoft.VisualStudio.TestTools.TestTypes.Unit.UnitTestAdapter, Microsoft.VisualStudio.QualityTools.Tips.UnitTest.Adapter, Version=10.0.0.0, Culture=neutral, PublicKeyToken=b03f5f7f11d50a3a" className="Tests.UsuarioBusinessTest, Tests, Version=1.0.0.0, Culture=neutral, PublicKeyToken=null" name="modificarUsuarioTest" />
    </UnitTest>
    <UnitTest name="cargarLineasPorOrdenDeCompraTest" storage="c:\users\diego\documents\visual studio 2010\projects\uniprof\tests\bin\release\tests.dll" id="5ffe0bd0-6148-b429-44ab-e9d370687b86">
      <Execution id="f5504ed9-0116-485f-a9cc-547b7454fed9" />
      <TestMethod codeBase="C:/Users/Diego/Documents/Visual Studio 2010/Projects/Uniprof/Tests/bin/Release/Tests.DLL" adapterTypeName="Microsoft.VisualStudio.TestTools.TestTypes.Unit.UnitTestAdapter, Microsoft.VisualStudio.QualityTools.Tips.UnitTest.Adapter, Version=10.0.0.0, Culture=neutral, PublicKeyToken=b03f5f7f11d50a3a" className="Tests.LineaOrdenCompraRepositorioTest, Tests, Version=1.0.0.0, Culture=neutral, PublicKeyToken=null" name="cargarLineasPorOrdenDeCompraTest" />
    </UnitTest>
    <UnitTest name="grabarHistoricoEstadosTest" storage="c:\users\diego\documents\visual studio 2010\projects\uniprof\tests\bin\release\tests.dll" id="3f81de19-4fde-6528-9e0d-cf576c0d46aa">
      <Execution id="7d2d1e76-b7ac-489c-a999-2dbe97f81ceb" />
      <TestMethod codeBase="C:/Users/Diego/Documents/Visual Studio 2010/Projects/Uniprof/Tests/bin/Release/Tests.DLL" adapterTypeName="Microsoft.VisualStudio.TestTools.TestTypes.Unit.UnitTestAdapter, Microsoft.VisualStudio.QualityTools.Tips.UnitTest.Adapter, Version=10.0.0.0, Culture=neutral, PublicKeyToken=b03f5f7f11d50a3a" className="Tests.HistoricoEstadosPedidoTDGTest, Tests, Version=1.0.0.0, Culture=neutral, PublicKeyToken=null" name="grabarHistoricoEstadosTest" />
    </UnitTest>
    <UnitTest name="buscarPrendasTest" storage="c:\users\diego\documents\visual studio 2010\projects\uniprof\tests\bin\release\tests.dll" id="4b2e2241-5ba0-4bf3-a87c-c3b9957ec404">
      <Execution id="952cb359-4ddf-4163-84ad-cb5ff64fcca4" />
      <TestMethod codeBase="C:/Users/Diego/Documents/Visual Studio 2010/Projects/Uniprof/Tests/bin/Release/Tests.DLL" adapterTypeName="Microsoft.VisualStudio.TestTools.TestTypes.Unit.UnitTestAdapter, Microsoft.VisualStudio.QualityTools.Tips.UnitTest.Adapter, Version=10.0.0.0, Culture=neutral, PublicKeyToken=b03f5f7f11d50a3a" className="Tests.TipoPrendaTDGTest, Tests, Version=1.0.0.0, Culture=neutral, PublicKeyToken=null" name="buscarPrendasTest" />
    </UnitTest>
    <UnitTest name="grabarInsumoTest" storage="c:\users\diego\documents\visual studio 2010\projects\uniprof\tests\bin\release\tests.dll" id="653a7294-5203-6cdc-ff9d-6ea30ca26aa9">
      <Execution id="b5aad5b8-93f7-478d-9614-d267608c8a1c" />
      <TestMethod codeBase="C:/Users/Diego/Documents/Visual Studio 2010/Projects/Uniprof/Tests/bin/Release/Tests.DLL" adapterTypeName="Microsoft.VisualStudio.TestTools.TestTypes.Unit.UnitTestAdapter, Microsoft.VisualStudio.QualityTools.Tips.UnitTest.Adapter, Version=10.0.0.0, Culture=neutral, PublicKeyToken=b03f5f7f11d50a3a" className="Tests.InsumoRepositorioTest, Tests, Version=1.0.0.0, Culture=neutral, PublicKeyToken=null" name="grabarInsumoTest" />
    </UnitTest>
    <UnitTest name="actualizarTipoPrendaTest" storage="c:\users\diego\documents\visual studio 2010\projects\uniprof\tests\bin\release\tests.dll" id="d9bcf618-cd6c-c93c-87f9-e64f86f63590">
      <Execution id="c64f83b0-6bc7-4ac6-9674-67cac330fd56" />
      <TestMethod codeBase="C:/Users/Diego/Documents/Visual Studio 2010/Projects/Uniprof/Tests/bin/Release/Tests.DLL" adapterTypeName="Microsoft.VisualStudio.TestTools.TestTypes.Unit.UnitTestAdapter, Microsoft.VisualStudio.QualityTools.Tips.UnitTest.Adapter, Version=10.0.0.0, Culture=neutral, PublicKeyToken=b03f5f7f11d50a3a" className="Tests.TipoPrendaTDGTest, Tests, Version=1.0.0.0, Culture=neutral, PublicKeyToken=null" name="actualizarTipoPrendaTest" />
    </UnitTest>
    <UnitTest name="cargarMovimientosConRestriccionesTest" storage="c:\users\diego\documents\visual studio 2010\projects\uniprof\tests\bin\release\tests.dll" id="c736d05f-3776-7117-cc83-8e6ae9b75cf4">
      <Execution id="4cc6c5fc-71bd-4223-96d9-a08b41f93bbc" />
      <TestMethod codeBase="C:/Users/Diego/Documents/Visual Studio 2010/Projects/Uniprof/Tests/bin/Release/Tests.DLL" adapterTypeName="Microsoft.VisualStudio.TestTools.TestTypes.Unit.UnitTestAdapter, Microsoft.VisualStudio.QualityTools.Tips.UnitTest.Adapter, Version=10.0.0.0, Culture=neutral, PublicKeyToken=b03f5f7f11d50a3a" className="Tests.MovimientoCuentaClienteTDGTest, Tests, Version=1.0.0.0, Culture=neutral, PublicKeyToken=null" name="cargarMovimientosConRestriccionesTest" />
    </UnitTest>
    <UnitTest name="actualizarClienteTest" storage="c:\users\diego\documents\visual studio 2010\projects\uniprof\tests\bin\release\tests.dll" id="e4e7695e-eb86-2e17-0da3-82500c958fe2">
      <Execution id="5c5d37fc-af31-4f08-81b0-061991e308e1" />
      <TestMethod codeBase="C:/Users/Diego/Documents/Visual Studio 2010/Projects/Uniprof/Tests/bin/Release/Tests.DLL" adapterTypeName="Microsoft.VisualStudio.TestTools.TestTypes.Unit.UnitTestAdapter, Microsoft.VisualStudio.QualityTools.Tips.UnitTest.Adapter, Version=10.0.0.0, Culture=neutral, PublicKeyToken=b03f5f7f11d50a3a" className="Tests.UsuarioBusinessTest, Tests, Version=1.0.0.0, Culture=neutral, PublicKeyToken=null" name="actualizarClienteTest" />
    </UnitTest>
    <UnitTest name="borrarInsumoTest" storage="c:\users\diego\documents\visual studio 2010\projects\uniprof\tests\bin\release\tests.dll" id="5d5c620b-143e-df44-c141-574eca133b7a">
      <Execution id="5efd8d85-9206-4a6b-9638-1f88855280e0" />
      <TestMethod codeBase="C:/Users/Diego/Documents/Visual Studio 2010/Projects/Uniprof/Tests/bin/Release/Tests.DLL" adapterTypeName="Microsoft.VisualStudio.TestTools.TestTypes.Unit.UnitTestAdapter, Microsoft.VisualStudio.QualityTools.Tips.UnitTest.Adapter, Version=10.0.0.0, Culture=neutral, PublicKeyToken=b03f5f7f11d50a3a" className="Tests.InsumoTDGTest, Tests, Version=1.0.0.0, Culture=neutral, PublicKeyToken=null" name="borrarInsumoTest" />
    </UnitTest>
    <UnitTest name="cargarMaquinasConRestriccionesTest" storage="c:\users\diego\documents\visual studio 2010\projects\uniprof\tests\bin\release\tests.dll" id="c96dfb21-7af5-153f-a5d2-8445e5fcca59">
      <Execution id="6915415a-e807-4d57-8035-ebeeeec891b6" />
      <TestMethod codeBase="C:/Users/Diego/Documents/Visual Studio 2010/Projects/Uniprof/Tests/bin/Release/Tests.DLL" adapterTypeName="Microsoft.VisualStudio.TestTools.TestTypes.Unit.UnitTestAdapter, Microsoft.VisualStudio.QualityTools.Tips.UnitTest.Adapter, Version=10.0.0.0, Culture=neutral, PublicKeyToken=b03f5f7f11d50a3a" className="Tests.MaquinaTDGTest, Tests, Version=1.0.0.0, Culture=neutral, PublicKeyToken=null" name="cargarMaquinasConRestriccionesTest" />
    </UnitTest>
    <UnitTest name="cargarUsuarioConRestriccionesTest" storage="c:\users\diego\documents\visual studio 2010\projects\uniprof\tests\bin\release\tests.dll" id="a38bcda1-5217-b092-6b98-6582813fb5d1">
      <Execution id="d951bb1c-044c-4ef0-b6d3-e7bfe4529888" />
      <TestMethod codeBase="C:/Users/Diego/Documents/Visual Studio 2010/Projects/Uniprof/Tests/bin/Release/Tests.DLL" adapterTypeName="Microsoft.VisualStudio.TestTools.TestTypes.Unit.UnitTestAdapter, Microsoft.VisualStudio.QualityTools.Tips.UnitTest.Adapter, Version=10.0.0.0, Culture=neutral, PublicKeyToken=b03f5f7f11d50a3a" className="Tests.UsuarioTDGTest, Tests, Version=1.0.0.0, Culture=neutral, PublicKeyToken=null" name="cargarUsuarioConRestriccionesTest" />
    </UnitTest>
    <UnitTest name="listarInsumosTest" storage="c:\users\diego\documents\visual studio 2010\projects\uniprof\tests\bin\release\tests.dll" id="e3b5610a-399f-d019-a8c3-fe5f24d0c8a6">
      <Execution id="e227910f-795d-4fdb-bed0-937794be5746" />
      <TestMethod codeBase="C:/Users/Diego/Documents/Visual Studio 2010/Projects/Uniprof/Tests/bin/Release/Tests.DLL" adapterTypeName="Microsoft.VisualStudio.TestTools.TestTypes.Unit.UnitTestAdapter, Microsoft.VisualStudio.QualityTools.Tips.UnitTest.Adapter, Version=10.0.0.0, Culture=neutral, PublicKeyToken=b03f5f7f11d50a3a" className="Tests.InsumoBusinessTest, Tests, Version=1.0.0.0, Culture=neutral, PublicKeyToken=null" name="listarInsumosTest" />
    </UnitTest>
    <UnitTest name="cargarFamiliasPorFamiliaTest" storage="c:\users\diego\documents\visual studio 2010\projects\uniprof\tests\bin\release\tests.dll" id="bc086558-20df-1a67-5cff-56823f0eb575">
      <Execution id="ea87cd88-7628-4635-80a1-304e4246d392" />
      <TestMethod codeBase="C:/Users/Diego/Documents/Visual Studio 2010/Projects/Uniprof/Tests/bin/Release/Tests.DLL" adapterTypeName="Microsoft.VisualStudio.TestTools.TestTypes.Unit.UnitTestAdapter, Microsoft.VisualStudio.QualityTools.Tips.UnitTest.Adapter, Version=10.0.0.0, Culture=neutral, PublicKeyToken=b03f5f7f11d50a3a" className="Tests.PatenteTDGTest, Tests, Version=1.0.0.0, Culture=neutral, PublicKeyToken=null" name="cargarFamiliasPorFamiliaTest" />
    </UnitTest>
    <UnitTest name="actualizarPedidoTest" storage="c:\users\diego\documents\visual studio 2010\projects\uniprof\tests\bin\release\tests.dll" id="66671db1-8d6b-13a4-a97e-68474a20ccf4">
      <Execution id="50b4d7ba-d2bf-4a3a-8c8a-e820b20c2565" />
      <TestMethod codeBase="C:/Users/Diego/Documents/Visual Studio 2010/Projects/Uniprof/Tests/bin/Release/Tests.DLL" adapterTypeName="Microsoft.VisualStudio.TestTools.TestTypes.Unit.UnitTestAdapter, Microsoft.VisualStudio.QualityTools.Tips.UnitTest.Adapter, Version=10.0.0.0, Culture=neutral, PublicKeyToken=b03f5f7f11d50a3a" className="Tests.PedidoRepositorioTest, Tests, Version=1.0.0.0, Culture=neutral, PublicKeyToken=null" name="actualizarPedidoTest" />
    </UnitTest>
    <UnitTest name="cargarFamiliasPorPatenteTest" storage="c:\users\diego\documents\visual studio 2010\projects\uniprof\tests\bin\release\tests.dll" id="42bbff3f-ae90-d4a3-ac96-e18e8d721f9a">
      <Execution id="1ac5173c-6877-4ac5-a59b-e6cc5859e5a9" />
      <TestMethod codeBase="C:/Users/Diego/Documents/Visual Studio 2010/Projects/Uniprof/Tests/bin/Release/Tests.DLL" adapterTypeName="Microsoft.VisualStudio.TestTools.TestTypes.Unit.UnitTestAdapter, Microsoft.VisualStudio.QualityTools.Tips.UnitTest.Adapter, Version=10.0.0.0, Culture=neutral, PublicKeyToken=b03f5f7f11d50a3a" className="Tests.FamiliaTDGTest, Tests, Version=1.0.0.0, Culture=neutral, PublicKeyToken=null" name="cargarFamiliasPorPatenteTest" />
    </UnitTest>
    <UnitTest name="actualizaFacturaTest" storage="c:\users\diego\documents\visual studio 2010\projects\uniprof\tests\bin\release\tests.dll" id="40c309eb-6e85-5d22-3be7-c1b561c3a631">
      <Execution id="731fd530-67bc-45a0-a8af-fde3c7f06788" />
      <TestMethod codeBase="C:/Users/Diego/Documents/Visual Studio 2010/Projects/Uniprof/Tests/bin/Release/Tests.DLL" adapterTypeName="Microsoft.VisualStudio.TestTools.TestTypes.Unit.UnitTestAdapter, Microsoft.VisualStudio.QualityTools.Tips.UnitTest.Adapter, Version=10.0.0.0, Culture=neutral, PublicKeyToken=b03f5f7f11d50a3a" className="Tests.FacturaRepositorioTest, Tests, Version=1.0.0.0, Culture=neutral, PublicKeyToken=null" name="actualizaFacturaTest" />
    </UnitTest>
    <UnitTest name="cargarClientesTest" storage="c:\users\diego\documents\visual studio 2010\projects\uniprof\tests\bin\release\tests.dll" id="4063ba31-c658-1e39-f2a1-4789b86cdf92">
      <Execution id="d5f3695c-1c40-4936-9134-96d8b41b5230" />
      <TestMethod codeBase="C:/Users/Diego/Documents/Visual Studio 2010/Projects/Uniprof/Tests/bin/Release/Tests.DLL" adapterTypeName="Microsoft.VisualStudio.TestTools.TestTypes.Unit.UnitTestAdapter, Microsoft.VisualStudio.QualityTools.Tips.UnitTest.Adapter, Version=10.0.0.0, Culture=neutral, PublicKeyToken=b03f5f7f11d50a3a" className="Tests.ClienteTDGTest, Tests, Version=1.0.0.0, Culture=neutral, PublicKeyToken=null" name="cargarClientesTest" />
    </UnitTest>
    <UnitTest name="cargarMensajePorConversacionTest" storage="c:\users\diego\documents\visual studio 2010\projects\uniprof\tests\bin\release\tests.dll" id="fc8e027e-d84b-5121-34bf-469313af48e4">
      <Execution id="ec43139b-cc75-47b6-ad57-761288a77f6a" />
      <TestMethod codeBase="C:/Users/Diego/Documents/Visual Studio 2010/Projects/Uniprof/Tests/bin/Release/Tests.DLL" adapterTypeName="Microsoft.VisualStudio.TestTools.TestTypes.Unit.UnitTestAdapter, Microsoft.VisualStudio.QualityTools.Tips.UnitTest.Adapter, Version=10.0.0.0, Culture=neutral, PublicKeyToken=b03f5f7f11d50a3a" className="Tests.MensajeRepositorioTest, Tests, Version=1.0.0.0, Culture=neutral, PublicKeyToken=null" name="cargarMensajePorConversacionTest" />
    </UnitTest>
    <UnitTest name="BuscarDiseñosTest" storage="c:\users\diego\documents\visual studio 2010\projects\uniprof\tests\bin\release\tests.dll" id="2807b06d-2424-3984-a9d6-3c90127f0468">
      <Execution id="2acc536c-7594-4480-a40e-15d89153c7d9" />
      <TestMethod codeBase="C:/Users/Diego/Documents/Visual Studio 2010/Projects/Uniprof/Tests/bin/Release/Tests.DLL" adapterTypeName="Microsoft.VisualStudio.TestTools.TestTypes.Unit.UnitTestAdapter, Microsoft.VisualStudio.QualityTools.Tips.UnitTest.Adapter, Version=10.0.0.0, Culture=neutral, PublicKeyToken=b03f5f7f11d50a3a" className="Tests.DiseñoBusinessTest, Tests, Version=1.0.0.0, Culture=neutral, PublicKeyToken=null" name="BuscarDiseñosTest" />
    </UnitTest>
    <UnitTest name="buscarPorDescripcionTest" storage="c:\users\diego\documents\visual studio 2010\projects\uniprof\tests\bin\release\tests.dll" id="f537791f-903e-76d6-5080-80a4dc15bac2">
      <Execution id="cd46cc98-0039-40a6-aedd-39a84aba1c75" />
      <TestMethod codeBase="C:/Users/Diego/Documents/Visual Studio 2010/Projects/Uniprof/Tests/bin/Release/Tests.DLL" adapterTypeName="Microsoft.VisualStudio.TestTools.TestTypes.Unit.UnitTestAdapter, Microsoft.VisualStudio.QualityTools.Tips.UnitTest.Adapter, Version=10.0.0.0, Culture=neutral, PublicKeyToken=b03f5f7f11d50a3a" className="Tests.ProduccionOperadorTDGTest, Tests, Version=1.0.0.0, Culture=neutral, PublicKeyToken=null" name="buscarPorDescripcionTest" />
    </UnitTest>
    <UnitTest name="calcularDistanciaEntreTrabajosTest2" storage="c:\users\diego\documents\visual studio 2010\projects\uniprof\tests\bin\release\tests.dll" id="5fe3519a-06e9-4436-0b1a-0afc24033be0">
      <Execution id="be12c69d-38f6-4d90-927c-7ee8760dba82" />
      <TestMethod codeBase="C:/Users/Diego/Documents/Visual Studio 2010/Projects/Uniprof/Tests/bin/Release/Tests.DLL" adapterTypeName="Microsoft.VisualStudio.TestTools.TestTypes.Unit.UnitTestAdapter, Microsoft.VisualStudio.QualityTools.Tips.UnitTest.Adapter, Version=10.0.0.0, Culture=neutral, PublicKeyToken=b03f5f7f11d50a3a" className="Tests.ProduccionBusinessTest, Tests, Version=1.0.0.0, Culture=neutral, PublicKeyToken=null" name="calcularDistanciaEntreTrabajosTest2" />
    </UnitTest>
    <UnitTest name="listarMaquinasTest" storage="c:\users\diego\documents\visual studio 2010\projects\uniprof\tests\bin\release\tests.dll" id="45d73400-010d-bede-b097-0e012e473ce7">
      <Execution id="bc0a78a1-655f-45da-a7ac-3fec34eeab75" />
      <TestMethod codeBase="C:/Users/Diego/Documents/Visual Studio 2010/Projects/Uniprof/Tests/bin/Release/Tests.DLL" adapterTypeName="Microsoft.VisualStudio.TestTools.TestTypes.Unit.UnitTestAdapter, Microsoft.VisualStudio.QualityTools.Tips.UnitTest.Adapter, Version=10.0.0.0, Culture=neutral, PublicKeyToken=b03f5f7f11d50a3a" className="Tests.MaterialesBusinessTest, Tests, Version=1.0.0.0, Culture=neutral, PublicKeyToken=null" name="listarMaquinasTest" />
    </UnitTest>
    <UnitTest name="calcularTimepoTrabajoTest3" storage="c:\users\diego\documents\visual studio 2010\projects\uniprof\tests\bin\release\tests.dll" id="371ae7d4-9804-8eea-7d23-86fbb28eb5e2">
      <Execution id="6318e375-7aca-414d-b685-0feeed7a044c" />
      <TestMethod codeBase="C:/Users/Diego/Documents/Visual Studio 2010/Projects/Uniprof/Tests/bin/Release/Tests.DLL" adapterTypeName="Microsoft.VisualStudio.TestTools.TestTypes.Unit.UnitTestAdapter, Microsoft.VisualStudio.QualityTools.Tips.UnitTest.Adapter, Version=10.0.0.0, Culture=neutral, PublicKeyToken=b03f5f7f11d50a3a" className="Tests.ProduccionBusinessTest, Tests, Version=1.0.0.0, Culture=neutral, PublicKeyToken=null" name="calcularTimepoTrabajoTest3" />
    </UnitTest>
    <UnitTest name="listarProduccionPorMaquinaTest" storage="c:\users\diego\documents\visual studio 2010\projects\uniprof\tests\bin\release\tests.dll" id="a39c2fdb-3d54-d4f0-be49-3f4e350da31e">
      <Execution id="d7892967-42e3-4b03-8091-becabcbe0f2a" />
      <TestMethod codeBase="C:/Users/Diego/Documents/Visual Studio 2010/Projects/Uniprof/Tests/bin/Release/Tests.DLL" adapterTypeName="Microsoft.VisualStudio.TestTools.TestTypes.Unit.UnitTestAdapter, Microsoft.VisualStudio.QualityTools.Tips.UnitTest.Adapter, Version=10.0.0.0, Culture=neutral, PublicKeyToken=b03f5f7f11d50a3a" className="Tests.ProduccionBusinessTest, Tests, Version=1.0.0.0, Culture=neutral, PublicKeyToken=null" name="listarProduccionPorMaquinaTest" />
    </UnitTest>
    <UnitTest name="calcularPosiblesFechasTest" storage="c:\users\diego\documents\visual studio 2010\projects\uniprof\tests\bin\release\tests.dll" id="d708e39f-77d8-94a9-244f-7004fb181d58">
      <Execution id="2bac8cd7-9679-477b-8d79-61db2c6d3cbf" />
      <TestMethod codeBase="C:/Users/Diego/Documents/Visual Studio 2010/Projects/Uniprof/Tests/bin/Release/Tests.DLL" adapterTypeName="Microsoft.VisualStudio.TestTools.TestTypes.Unit.UnitTestAdapter, Microsoft.VisualStudio.QualityTools.Tips.UnitTest.Adapter, Version=10.0.0.0, Culture=neutral, PublicKeyToken=b03f5f7f11d50a3a" className="Tests.ProduccionBusinessTest, Tests, Version=1.0.0.0, Culture=neutral, PublicKeyToken=null" name="calcularPosiblesFechasTest" />
    </UnitTest>
    <UnitTest name="CargarClientesTest" storage="c:\users\diego\documents\visual studio 2010\projects\uniprof\tests\bin\release\tests.dll" id="b6192558-2ee3-59f6-6537-ecfd184b2822">
      <Execution id="64b06b51-1d74-4325-b495-b9343c440981" />
      <TestMethod codeBase="C:/Users/Diego/Documents/Visual Studio 2010/Projects/Uniprof/Tests/bin/Release/Tests.DLL" adapterTypeName="Microsoft.VisualStudio.TestTools.TestTypes.Unit.UnitTestAdapter, Microsoft.VisualStudio.QualityTools.Tips.UnitTest.Adapter, Version=10.0.0.0, Culture=neutral, PublicKeyToken=b03f5f7f11d50a3a" className="Tests.UsuarioBusinessTest, Tests, Version=1.0.0.0, Culture=neutral, PublicKeyToken=null" name="CargarClientesTest" />
    </UnitTest>
    <UnitTest name="disminuirStockTest" storage="c:\users\diego\documents\visual studio 2010\projects\uniprof\tests\bin\release\tests.dll" id="0dd1a643-72f4-8fdd-aebf-659387fe0ecf">
      <Execution id="a9119ef2-f793-43cb-b1c0-785401b5a002" />
      <TestMethod codeBase="C:/Users/Diego/Documents/Visual Studio 2010/Projects/Uniprof/Tests/bin/Release/Tests.DLL" adapterTypeName="Microsoft.VisualStudio.TestTools.TestTypes.Unit.UnitTestAdapter, Microsoft.VisualStudio.QualityTools.Tips.UnitTest.Adapter, Version=10.0.0.0, Culture=neutral, PublicKeyToken=b03f5f7f11d50a3a" className="Tests.InsumoBusinessTest, Tests, Version=1.0.0.0, Culture=neutral, PublicKeyToken=null" name="disminuirStockTest" />
    </UnitTest>
    <UnitTest name="grabarTest" storage="c:\users\diego\documents\visual studio 2010\projects\uniprof\tests\bin\release\tests.dll" id="b40b8a29-c95a-4ade-0e51-c133972e69c6">
      <Execution id="72b8c218-22c8-4889-b59f-34093f083fcf" />
      <TestMethod codeBase="C:/Users/Diego/Documents/Visual Studio 2010/Projects/Uniprof/Tests/bin/Release/Tests.DLL" adapterTypeName="Microsoft.VisualStudio.TestTools.TestTypes.Unit.UnitTestAdapter, Microsoft.VisualStudio.QualityTools.Tips.UnitTest.Adapter, Version=10.0.0.0, Culture=neutral, PublicKeyToken=b03f5f7f11d50a3a" className="Tests.ProveedorRepositorioTest, Tests, Version=1.0.0.0, Culture=neutral, PublicKeyToken=null" name="grabarTest" />
    </UnitTest>
    <UnitTest name="listarFacturasPorClienteTest" storage="c:\users\diego\documents\visual studio 2010\projects\uniprof\tests\bin\release\tests.dll" id="ce459473-fe89-efb8-04f6-e4458eb5deac">
      <Execution id="da8cc7b3-4c2e-4cbb-9111-dfd98b9c1922" />
      <TestMethod codeBase="C:/Users/Diego/Documents/Visual Studio 2010/Projects/Uniprof/Tests/bin/Release/Tests.DLL" adapterTypeName="Microsoft.VisualStudio.TestTools.TestTypes.Unit.UnitTestAdapter, Microsoft.VisualStudio.QualityTools.Tips.UnitTest.Adapter, Version=10.0.0.0, Culture=neutral, PublicKeyToken=b03f5f7f11d50a3a" className="Tests.FacturaBusinessTest, Tests, Version=1.0.0.0, Culture=neutral, PublicKeyToken=null" name="listarFacturasPorClienteTest" />
    </UnitTest>
    <UnitTest name="grabarArticulosTest" storage="c:\users\diego\documents\visual studio 2010\projects\uniprof\tests\bin\release\tests.dll" id="79fcf63f-8b0d-33c2-c15a-b70a52cca16c">
      <Execution id="2a1db21d-ca01-4848-85c4-83c45c3e9e24" />
      <TestMethod codeBase="C:/Users/Diego/Documents/Visual Studio 2010/Projects/Uniprof/Tests/bin/Release/Tests.DLL" adapterTypeName="Microsoft.VisualStudio.TestTools.TestTypes.Unit.UnitTestAdapter, Microsoft.VisualStudio.QualityTools.Tips.UnitTest.Adapter, Version=10.0.0.0, Culture=neutral, PublicKeyToken=b03f5f7f11d50a3a" className="Tests.ArticuloTDGTest, Tests, Version=1.0.0.0, Culture=neutral, PublicKeyToken=null" name="grabarArticulosTest" />
    </UnitTest>
    <UnitTest name="cargarFamiliasPorUsuarioTest" storage="c:\users\diego\documents\visual studio 2010\projects\uniprof\tests\bin\release\tests.dll" id="8ce4ba60-10ed-e341-0892-b9526f864034">
      <Execution id="b88088bf-0b61-49a2-b85e-485c043be73b" />
      <TestMethod codeBase="C:/Users/Diego/Documents/Visual Studio 2010/Projects/Uniprof/Tests/bin/Release/Tests.DLL" adapterTypeName="Microsoft.VisualStudio.TestTools.TestTypes.Unit.UnitTestAdapter, Microsoft.VisualStudio.QualityTools.Tips.UnitTest.Adapter, Version=10.0.0.0, Culture=neutral, PublicKeyToken=b03f5f7f11d50a3a" className="Tests.FamiliaRepositorioTest, Tests, Version=1.0.0.0, Culture=neutral, PublicKeyToken=null" name="cargarFamiliasPorUsuarioTest" />
    </UnitTest>
    <UnitTest name="borrarTest" storage="c:\users\diego\documents\visual studio 2010\projects\uniprof\tests\bin\release\tests.dll" id="ab0fe80a-1fd5-fb8a-e7d4-5b5fcdcec2eb">
      <Execution id="8d4653b6-2b4d-41ae-8aff-593b60a871c6" />
      <TestMethod codeBase="C:/Users/Diego/Documents/Visual Studio 2010/Projects/Uniprof/Tests/bin/Release/Tests.DLL" adapterTypeName="Microsoft.VisualStudio.TestTools.TestTypes.Unit.UnitTestAdapter, Microsoft.VisualStudio.QualityTools.Tips.UnitTest.Adapter, Version=10.0.0.0, Culture=neutral, PublicKeyToken=b03f5f7f11d50a3a" className="Tests.ConversacionRepositorioTest, Tests, Version=1.0.0.0, Culture=neutral, PublicKeyToken=null" name="borrarTest" />
    </UnitTest>
    <UnitTest name="grabarOperadorTest" storage="c:\users\diego\documents\visual studio 2010\projects\uniprof\tests\bin\release\tests.dll" id="5bc580ea-e8dc-d81d-d20e-846c482c1228">
      <Execution id="e6a8f595-bcb6-49d5-95cc-ae24dd04fd29" />
      <TestMethod codeBase="C:/Users/Diego/Documents/Visual Studio 2010/Projects/Uniprof/Tests/bin/Release/Tests.DLL" adapterTypeName="Microsoft.VisualStudio.TestTools.TestTypes.Unit.UnitTestAdapter, Microsoft.VisualStudio.QualityTools.Tips.UnitTest.Adapter, Version=10.0.0.0, Culture=neutral, PublicKeyToken=b03f5f7f11d50a3a" className="Tests.OperadorTDGTest, Tests, Version=1.0.0.0, Culture=neutral, PublicKeyToken=null" name="grabarOperadorTest" />
    </UnitTest>
    <UnitTest name="actualizarDiseñoTest" storage="c:\users\diego\documents\visual studio 2010\projects\uniprof\tests\bin\release\tests.dll" id="b1ce8274-0eb4-6ea7-4d2b-12d8e6b2a366">
      <Execution id="f1b9f703-e2ff-4736-9903-8e1708a17fa6" />
      <TestMethod codeBase="C:/Users/Diego/Documents/Visual Studio 2010/Projects/Uniprof/Tests/bin/Release/Tests.DLL" adapterTypeName="Microsoft.VisualStudio.TestTools.TestTypes.Unit.UnitTestAdapter, Microsoft.VisualStudio.QualityTools.Tips.UnitTest.Adapter, Version=10.0.0.0, Culture=neutral, PublicKeyToken=b03f5f7f11d50a3a" className="Tests.DiseñoBusinessTest, Tests, Version=1.0.0.0, Culture=neutral, PublicKeyToken=null" name="actualizarDiseñoTest" />
    </UnitTest>
    <UnitTest name="borrarUsuarioTest" storage="c:\users\diego\documents\visual studio 2010\projects\uniprof\tests\bin\release\tests.dll" id="0619da45-f95c-9013-f779-f3a2e41e2ddd">
      <Execution id="9aef5486-df56-418a-8862-d08e04be4407" />
      <TestMethod codeBase="C:/Users/Diego/Documents/Visual Studio 2010/Projects/Uniprof/Tests/bin/Release/Tests.DLL" adapterTypeName="Microsoft.VisualStudio.TestTools.TestTypes.Unit.UnitTestAdapter, Microsoft.VisualStudio.QualityTools.Tips.UnitTest.Adapter, Version=10.0.0.0, Culture=neutral, PublicKeyToken=b03f5f7f11d50a3a" className="Tests.UsuarioTDGTest, Tests, Version=1.0.0.0, Culture=neutral, PublicKeyToken=null" name="borrarUsuarioTest" />
    </UnitTest>
    <UnitTest name="GrabarDiseñoTest" storage="c:\users\diego\documents\visual studio 2010\projects\uniprof\tests\bin\release\tests.dll" id="5be9d1df-2b36-1659-9ba5-a87863ccb63a">
      <Execution id="3cb23afe-8490-45b6-82d5-62970bff92b6" />
      <TestMethod codeBase="C:/Users/Diego/Documents/Visual Studio 2010/Projects/Uniprof/Tests/bin/Release/Tests.DLL" adapterTypeName="Microsoft.VisualStudio.TestTools.TestTypes.Unit.UnitTestAdapter, Microsoft.VisualStudio.QualityTools.Tips.UnitTest.Adapter, Version=10.0.0.0, Culture=neutral, PublicKeyToken=b03f5f7f11d50a3a" className="Tests.DiseñoBusinessTest, Tests, Version=1.0.0.0, Culture=neutral, PublicKeyToken=null" name="GrabarDiseñoTest" />
    </UnitTest>
    <UnitTest name="buscarDiseñoInsumoTest" storage="c:\users\diego\documents\visual studio 2010\projects\uniprof\tests\bin\release\tests.dll" id="c928c59c-16e9-64be-3633-321da85248bf">
      <Execution id="fe261746-e2bd-47cf-b312-6e37475f9c47" />
      <TestMethod codeBase="C:/Users/Diego/Documents/Visual Studio 2010/Projects/Uniprof/Tests/bin/Release/Tests.DLL" adapterTypeName="Microsoft.VisualStudio.TestTools.TestTypes.Unit.UnitTestAdapter, Microsoft.VisualStudio.QualityTools.Tips.UnitTest.Adapter, Version=10.0.0.0, Culture=neutral, PublicKeyToken=b03f5f7f11d50a3a" className="Tests.DiseñoInsumoTDGTest, Tests, Version=1.0.0.0, Culture=neutral, PublicKeyToken=null" name="buscarDiseñoInsumoTest" />
    </UnitTest>
    <UnitTest name="buscarMovimientoPorNroTest" storage="c:\users\diego\documents\visual studio 2010\projects\uniprof\tests\bin\release\tests.dll" id="9051c370-f8a8-7d06-90bf-a5c879f3e27c">
      <Execution id="c1caf801-d2a8-4ebb-abf2-4ac256d81429" />
      <TestMethod codeBase="C:/Users/Diego/Documents/Visual Studio 2010/Projects/Uniprof/Tests/bin/Release/Tests.DLL" adapterTypeName="Microsoft.VisualStudio.TestTools.TestTypes.Unit.UnitTestAdapter, Microsoft.VisualStudio.QualityTools.Tips.UnitTest.Adapter, Version=10.0.0.0, Culture=neutral, PublicKeyToken=b03f5f7f11d50a3a" className="Tests.MovimientoProveedorBusinessTest, Tests, Version=1.0.0.0, Culture=neutral, PublicKeyToken=null" name="buscarMovimientoPorNroTest" />
    </UnitTest>
    <UnitTest name="buscarNewsletterPorNombreTest" storage="c:\users\diego\documents\visual studio 2010\projects\uniprof\tests\bin\release\tests.dll" id="ccbeee50-2d58-025b-2df8-75ec6a26b781">
      <Execution id="31ee51c7-c843-4d0b-a8c7-ea8e8a30fc2b" />
      <TestMethod codeBase="C:/Users/Diego/Documents/Visual Studio 2010/Projects/Uniprof/Tests/bin/Release/Tests.DLL" adapterTypeName="Microsoft.VisualStudio.TestTools.TestTypes.Unit.UnitTestAdapter, Microsoft.VisualStudio.QualityTools.Tips.UnitTest.Adapter, Version=10.0.0.0, Culture=neutral, PublicKeyToken=b03f5f7f11d50a3a" className="Tests.NewsletterRepositorioTest, Tests, Version=1.0.0.0, Culture=neutral, PublicKeyToken=null" name="buscarNewsletterPorNombreTest" />
    </UnitTest>
    <UnitTest name="buscarMovimientoPorNroTest" storage="c:\users\diego\documents\visual studio 2010\projects\uniprof\tests\bin\release\tests.dll" id="bdb05735-8cd1-a75d-4d6a-dc0c0dcde2a9">
      <Execution id="0d3a27c6-bd56-4f7a-9006-7203947fd41f" />
      <TestMethod codeBase="C:/Users/Diego/Documents/Visual Studio 2010/Projects/Uniprof/Tests/bin/Release/Tests.DLL" adapterTypeName="Microsoft.VisualStudio.TestTools.TestTypes.Unit.UnitTestAdapter, Microsoft.VisualStudio.QualityTools.Tips.UnitTest.Adapter, Version=10.0.0.0, Culture=neutral, PublicKeyToken=b03f5f7f11d50a3a" className="Tests.MovimientoCuentaProveedorRepositorioTest, Tests, Version=1.0.0.0, Culture=neutral, PublicKeyToken=null" name="buscarMovimientoPorNroTest" />
    </UnitTest>
    <UnitTest name="calcularTimepoTrabajoTest4" storage="c:\users\diego\documents\visual studio 2010\projects\uniprof\tests\bin\release\tests.dll" id="42f3bd17-7e9a-3a2a-0abf-94dcbfe8af44">
      <Execution id="4a3ecfa3-dba4-4fa8-b160-c1a3af5e7a93" />
      <TestMethod codeBase="C:/Users/Diego/Documents/Visual Studio 2010/Projects/Uniprof/Tests/bin/Release/Tests.DLL" adapterTypeName="Microsoft.VisualStudio.TestTools.TestTypes.Unit.UnitTestAdapter, Microsoft.VisualStudio.QualityTools.Tips.UnitTest.Adapter, Version=10.0.0.0, Culture=neutral, PublicKeyToken=b03f5f7f11d50a3a" className="Tests.ProduccionBusinessTest, Tests, Version=1.0.0.0, Culture=neutral, PublicKeyToken=null" name="calcularTimepoTrabajoTest4" />
    </UnitTest>
    <UnitTest name="buscarEstadosTest" storage="c:\users\diego\documents\visual studio 2010\projects\uniprof\tests\bin\release\tests.dll" id="996b7b9c-4963-23a7-ecd9-60f71e9ffdab">
      <Execution id="debc7c9e-aece-450c-bf7b-ae091238d7fd" />
      <TestMethod codeBase="C:/Users/Diego/Documents/Visual Studio 2010/Projects/Uniprof/Tests/bin/Release/Tests.DLL" adapterTypeName="Microsoft.VisualStudio.TestTools.TestTypes.Unit.UnitTestAdapter, Microsoft.VisualStudio.QualityTools.Tips.UnitTest.Adapter, Version=10.0.0.0, Culture=neutral, PublicKeyToken=b03f5f7f11d50a3a" className="Tests.EstadoTrabajoTDGTest, Tests, Version=1.0.0.0, Culture=neutral, PublicKeyToken=null" name="buscarEstadosTest" />
    </UnitTest>
    <UnitTest name="listarFacturaPorMovimientoTest" storage="c:\users\diego\documents\visual studio 2010\projects\uniprof\tests\bin\release\tests.dll" id="2bbea6cc-d32e-272a-1a5e-81a0cec727a7">
      <Execution id="228e0f7b-f43b-4fc5-b113-cd6924ef11ba" />
      <TestMethod codeBase="C:/Users/Diego/Documents/Visual Studio 2010/Projects/Uniprof/Tests/bin/Release/Tests.DLL" adapterTypeName="Microsoft.VisualStudio.TestTools.TestTypes.Unit.UnitTestAdapter, Microsoft.VisualStudio.QualityTools.Tips.UnitTest.Adapter, Version=10.0.0.0, Culture=neutral, PublicKeyToken=b03f5f7f11d50a3a" className="Tests.FacturaBusinessTest, Tests, Version=1.0.0.0, Culture=neutral, PublicKeyToken=null" name="listarFacturaPorMovimientoTest" />
    </UnitTest>
    <UnitTest name="buscarColorTest" storage="c:\users\diego\documents\visual studio 2010\projects\uniprof\tests\bin\release\tests.dll" id="ecd27a0e-9f35-c43e-8c11-1b73255aae3c">
      <Execution id="3f5a3d3d-a479-46ce-a409-896e45412955" />
      <TestMethod codeBase="C:/Users/Diego/Documents/Visual Studio 2010/Projects/Uniprof/Tests/bin/Release/Tests.DLL" adapterTypeName="Microsoft.VisualStudio.TestTools.TestTypes.Unit.UnitTestAdapter, Microsoft.VisualStudio.QualityTools.Tips.UnitTest.Adapter, Version=10.0.0.0, Culture=neutral, PublicKeyToken=b03f5f7f11d50a3a" className="Tests.ColorTDGTest, Tests, Version=1.0.0.0, Culture=neutral, PublicKeyToken=null" name="buscarColorTest" />
    </UnitTest>
    <UnitTest name="cargarUsuariosTest" storage="c:\users\diego\documents\visual studio 2010\projects\uniprof\tests\bin\release\tests.dll" id="049d0f88-7bdd-159e-dcba-5d96f972e9a7">
      <Execution id="5eb4708f-2bbb-42de-95e2-cf1472ce0184" />
      <TestMethod codeBase="C:/Users/Diego/Documents/Visual Studio 2010/Projects/Uniprof/Tests/bin/Release/Tests.DLL" adapterTypeName="Microsoft.VisualStudio.TestTools.TestTypes.Unit.UnitTestAdapter, Microsoft.VisualStudio.QualityTools.Tips.UnitTest.Adapter, Version=10.0.0.0, Culture=neutral, PublicKeyToken=b03f5f7f11d50a3a" className="Tests.UsuarioTDGTest, Tests, Version=1.0.0.0, Culture=neutral, PublicKeyToken=null" name="cargarUsuariosTest" />
    </UnitTest>
    <UnitTest name="cargarTest" storage="c:\users\diego\documents\visual studio 2010\projects\uniprof\tests\bin\release\tests.dll" id="a5daaf00-a7ab-4dce-b449-0d5879de0266">
      <Execution id="aff71587-8748-4e78-920e-963a879884ef" />
      <TestMethod codeBase="C:/Users/Diego/Documents/Visual Studio 2010/Projects/Uniprof/Tests/bin/Release/Tests.DLL" adapterTypeName="Microsoft.VisualStudio.TestTools.TestTypes.Unit.UnitTestAdapter, Microsoft.VisualStudio.QualityTools.Tips.UnitTest.Adapter, Version=10.0.0.0, Culture=neutral, PublicKeyToken=b03f5f7f11d50a3a" className="Tests.MensajeTDGTest, Tests, Version=1.0.0.0, Culture=neutral, PublicKeyToken=null" name="cargarTest" />
    </UnitTest>
    <UnitTest name="actualizarNewsletterTest" storage="c:\users\diego\documents\visual studio 2010\projects\uniprof\tests\bin\release\tests.dll" id="06ea3cf0-5b85-5241-6e3e-f83627367b47">
      <Execution id="767b4a54-c4e5-4a5f-9565-0529a9c21ed8" />
      <TestMethod codeBase="C:/Users/Diego/Documents/Visual Studio 2010/Projects/Uniprof/Tests/bin/Release/Tests.DLL" adapterTypeName="Microsoft.VisualStudio.TestTools.TestTypes.Unit.UnitTestAdapter, Microsoft.VisualStudio.QualityTools.Tips.UnitTest.Adapter, Version=10.0.0.0, Culture=neutral, PublicKeyToken=b03f5f7f11d50a3a" className="Tests.NewsletterTDGTest, Tests, Version=1.0.0.0, Culture=neutral, PublicKeyToken=null" name="actualizarNewsletterTest" />
    </UnitTest>
    <UnitTest name="listarInsumosPorCodigoTest" storage="c:\users\diego\documents\visual studio 2010\projects\uniprof\tests\bin\release\tests.dll" id="5973b42f-4391-99d3-6b49-5d351ffdd924">
      <Execution id="44dda838-88ea-4fd9-86de-383b22aab259" />
      <TestMethod codeBase="C:/Users/Diego/Documents/Visual Studio 2010/Projects/Uniprof/Tests/bin/Release/Tests.DLL" adapterTypeName="Microsoft.VisualStudio.TestTools.TestTypes.Unit.UnitTestAdapter, Microsoft.VisualStudio.QualityTools.Tips.UnitTest.Adapter, Version=10.0.0.0, Culture=neutral, PublicKeyToken=b03f5f7f11d50a3a" className="Tests.InsumoRepositorioTest, Tests, Version=1.0.0.0, Culture=neutral, PublicKeyToken=null" name="listarInsumosPorCodigoTest" />
    </UnitTest>
    <UnitTest name="borrarListaPrecioTest" storage="c:\users\diego\documents\visual studio 2010\projects\uniprof\tests\bin\release\tests.dll" id="6c77fe8d-a8b3-4efd-1e3d-013b12293f74">
      <Execution id="16612752-3fc4-4076-981c-f73cdc9c9c05" />
      <TestMethod codeBase="C:/Users/Diego/Documents/Visual Studio 2010/Projects/Uniprof/Tests/bin/Release/Tests.DLL" adapterTypeName="Microsoft.VisualStudio.TestTools.TestTypes.Unit.UnitTestAdapter, Microsoft.VisualStudio.QualityTools.Tips.UnitTest.Adapter, Version=10.0.0.0, Culture=neutral, PublicKeyToken=b03f5f7f11d50a3a" className="Tests.ListaPreciosTDGTest, Tests, Version=1.0.0.0, Culture=neutral, PublicKeyToken=null" name="borrarListaPrecioTest" />
    </UnitTest>
    <UnitTest name="buscarPorIdTest" storage="c:\users\diego\documents\visual studio 2010\projects\uniprof\tests\bin\release\tests.dll" id="1aa90fb2-a5a8-fc6d-427f-550365a59543">
      <Execution id="b2c6825e-cdbb-4597-8d3a-1c83e0cc0bff" />
      <TestMethod codeBase="C:/Users/Diego/Documents/Visual Studio 2010/Projects/Uniprof/Tests/bin/Release/Tests.DLL" adapterTypeName="Microsoft.VisualStudio.TestTools.TestTypes.Unit.UnitTestAdapter, Microsoft.VisualStudio.QualityTools.Tips.UnitTest.Adapter, Version=10.0.0.0, Culture=neutral, PublicKeyToken=b03f5f7f11d50a3a" className="Tests.ProveedorTDGTest, Tests, Version=1.0.0.0, Culture=neutral, PublicKeyToken=null" name="buscarPorIdTest" />
    </UnitTest>
    <UnitTest name="grabarDiseñoInsumoTest" storage="c:\users\diego\documents\visual studio 2010\projects\uniprof\tests\bin\release\tests.dll" id="3814ca38-0b83-b334-0d16-36809809c612">
      <Execution id="11610d91-5f63-4a7d-b882-d7f786474cac" />
      <TestMethod codeBase="C:/Users/Diego/Documents/Visual Studio 2010/Projects/Uniprof/Tests/bin/Release/Tests.DLL" adapterTypeName="Microsoft.VisualStudio.TestTools.TestTypes.Unit.UnitTestAdapter, Microsoft.VisualStudio.QualityTools.Tips.UnitTest.Adapter, Version=10.0.0.0, Culture=neutral, PublicKeyToken=b03f5f7f11d50a3a" className="Tests.DiseñoInsumoTDGTest, Tests, Version=1.0.0.0, Culture=neutral, PublicKeyToken=null" name="grabarDiseñoInsumoTest" />
    </UnitTest>
    <UnitTest name="buscarUsuarioNewsletterTest" storage="c:\users\diego\documents\visual studio 2010\projects\uniprof\tests\bin\release\tests.dll" id="ad52b45c-d7bf-7d90-509a-9d90fabbb4cb">
      <Execution id="78dbceee-3412-4f61-b37f-e3c021ed84d6" />
      <TestMethod codeBase="C:/Users/Diego/Documents/Visual Studio 2010/Projects/Uniprof/Tests/bin/Release/Tests.DLL" adapterTypeName="Microsoft.VisualStudio.TestTools.TestTypes.Unit.UnitTestAdapter, Microsoft.VisualStudio.QualityTools.Tips.UnitTest.Adapter, Version=10.0.0.0, Culture=neutral, PublicKeyToken=b03f5f7f11d50a3a" className="Tests.UsuarioBusinessTest, Tests, Version=1.0.0.0, Culture=neutral, PublicKeyToken=null" name="buscarUsuarioNewsletterTest" />
    </UnitTest>
    <UnitTest name="cargarHistoricoEstadosTest" storage="c:\users\diego\documents\visual studio 2010\projects\uniprof\tests\bin\release\tests.dll" id="52baea7e-b200-446e-6971-763252eb7cdd">
      <Execution id="99a58b28-964a-4365-8af4-76a2c61569c7" />
      <TestMethod codeBase="C:/Users/Diego/Documents/Visual Studio 2010/Projects/Uniprof/Tests/bin/Release/Tests.DLL" adapterTypeName="Microsoft.VisualStudio.TestTools.TestTypes.Unit.UnitTestAdapter, Microsoft.VisualStudio.QualityTools.Tips.UnitTest.Adapter, Version=10.0.0.0, Culture=neutral, PublicKeyToken=b03f5f7f11d50a3a" className="Tests.HistoricoEstadosPedidoTDGTest, Tests, Version=1.0.0.0, Culture=neutral, PublicKeyToken=null" name="cargarHistoricoEstadosTest" />
    </UnitTest>
    <UnitTest name="actualizarInsumoTest" storage="c:\users\diego\documents\visual studio 2010\projects\uniprof\tests\bin\release\tests.dll" id="ef762903-5f73-156d-4c6c-edbea7a556ad">
      <Execution id="2fc0c0d8-1199-4454-94dd-ea0cb2093b3f" />
      <TestMethod codeBase="C:/Users/Diego/Documents/Visual Studio 2010/Projects/Uniprof/Tests/bin/Release/Tests.DLL" adapterTypeName="Microsoft.VisualStudio.TestTools.TestTypes.Unit.UnitTestAdapter, Microsoft.VisualStudio.QualityTools.Tips.UnitTest.Adapter, Version=10.0.0.0, Culture=neutral, PublicKeyToken=b03f5f7f11d50a3a" className="Tests.InsumoRepositorioTest, Tests, Version=1.0.0.0, Culture=neutral, PublicKeyToken=null" name="actualizarInsumoTest" />
    </UnitTest>
    <UnitTest name="modificarTest" storage="c:\users\diego\documents\visual studio 2010\projects\uniprof\tests\bin\release\tests.dll" id="5b45a836-b61f-3f4e-71ec-60865157f707">
      <Execution id="70fcb314-cce0-442e-8aa0-acfa7e126177" />
      <TestMethod codeBase="C:/Users/Diego/Documents/Visual Studio 2010/Projects/Uniprof/Tests/bin/Release/Tests.DLL" adapterTypeName="Microsoft.VisualStudio.TestTools.TestTypes.Unit.UnitTestAdapter, Microsoft.VisualStudio.QualityTools.Tips.UnitTest.Adapter, Version=10.0.0.0, Culture=neutral, PublicKeyToken=b03f5f7f11d50a3a" className="Tests.ConversacionBusinessTest, Tests, Version=1.0.0.0, Culture=neutral, PublicKeyToken=null" name="modificarTest" />
    </UnitTest>
    <UnitTest name="borrarFamiliaTest" storage="c:\users\diego\documents\visual studio 2010\projects\uniprof\tests\bin\release\tests.dll" id="f07288f5-2f3d-e939-3514-a642579a478e">
      <Execution id="70a89d9a-5789-439c-a81a-ebfa9529a0ff" />
      <TestMethod codeBase="C:/Users/Diego/Documents/Visual Studio 2010/Projects/Uniprof/Tests/bin/Release/Tests.DLL" adapterTypeName="Microsoft.VisualStudio.TestTools.TestTypes.Unit.UnitTestAdapter, Microsoft.VisualStudio.QualityTools.Tips.UnitTest.Adapter, Version=10.0.0.0, Culture=neutral, PublicKeyToken=b03f5f7f11d50a3a" className="Tests.FamiliaRepositorioTest, Tests, Version=1.0.0.0, Culture=neutral, PublicKeyToken=null" name="borrarFamiliaTest" />
    </UnitTest>
    <UnitTest name="CargarClientesTest" storage="c:\users\diego\documents\visual studio 2010\projects\uniprof\tests\bin\release\tests.dll" id="ea022a26-3382-db95-b68b-60ac6f18deb0">
      <Execution id="a917d86d-29d7-473b-b22e-a9b2d15ab2c7" />
      <TestMethod codeBase="C:/Users/Diego/Documents/Visual Studio 2010/Projects/Uniprof/Tests/bin/Release/Tests.DLL" adapterTypeName="Microsoft.VisualStudio.TestTools.TestTypes.Unit.UnitTestAdapter, Microsoft.VisualStudio.QualityTools.Tips.UnitTest.Adapter, Version=10.0.0.0, Culture=neutral, PublicKeyToken=b03f5f7f11d50a3a" className="Tests.ClienteRepositorioTest, Tests, Version=1.0.0.0, Culture=neutral, PublicKeyToken=null" name="CargarClientesTest" />
    </UnitTest>
    <UnitTest name="listarFacturasTest" storage="c:\users\diego\documents\visual studio 2010\projects\uniprof\tests\bin\release\tests.dll" id="3f09e394-0823-389c-6e0c-74955eff820a">
      <Execution id="a4a0c1ec-ff8e-4fa1-8b51-96da8fe4ccc6" />
      <TestMethod codeBase="C:/Users/Diego/Documents/Visual Studio 2010/Projects/Uniprof/Tests/bin/Release/Tests.DLL" adapterTypeName="Microsoft.VisualStudio.TestTools.TestTypes.Unit.UnitTestAdapter, Microsoft.VisualStudio.QualityTools.Tips.UnitTest.Adapter, Version=10.0.0.0, Culture=neutral, PublicKeyToken=b03f5f7f11d50a3a" className="Tests.FacturaRepositorioTest, Tests, Version=1.0.0.0, Culture=neutral, PublicKeyToken=null" name="listarFacturasTest" />
    </UnitTest>
    <UnitTest name="listarInsumosPorTipoTest" storage="c:\users\diego\documents\visual studio 2010\projects\uniprof\tests\bin\release\tests.dll" id="3bb3d861-97d5-17ed-e4db-8593f01e3068">
      <Execution id="979f8f7d-a13a-455c-a580-92aa2dc08bae" />
      <TestMethod codeBase="C:/Users/Diego/Documents/Visual Studio 2010/Projects/Uniprof/Tests/bin/Release/Tests.DLL" adapterTypeName="Microsoft.VisualStudio.TestTools.TestTypes.Unit.UnitTestAdapter, Microsoft.VisualStudio.QualityTools.Tips.UnitTest.Adapter, Version=10.0.0.0, Culture=neutral, PublicKeyToken=b03f5f7f11d50a3a" className="Tests.InsumoRepositorioTest, Tests, Version=1.0.0.0, Culture=neutral, PublicKeyToken=null" name="listarInsumosPorTipoTest" />
    </UnitTest>
    <UnitTest name="buscarPrimerosHuecosMaquinaTest2" storage="c:\users\diego\documents\visual studio 2010\projects\uniprof\tests\bin\release\tests.dll" id="7a2f5966-e3a2-2a72-e68e-2d6083996de2">
      <Execution id="7d8ae721-0689-4a80-a0ac-8295ba59284f" />
      <TestMethod codeBase="C:/Users/Diego/Documents/Visual Studio 2010/Projects/Uniprof/Tests/bin/Release/Tests.DLL" adapterTypeName="Microsoft.VisualStudio.TestTools.TestTypes.Unit.UnitTestAdapter, Microsoft.VisualStudio.QualityTools.Tips.UnitTest.Adapter, Version=10.0.0.0, Culture=neutral, PublicKeyToken=b03f5f7f11d50a3a" className="Tests.ProduccionBusinessTest, Tests, Version=1.0.0.0, Culture=neutral, PublicKeyToken=null" name="buscarPrimerosHuecosMaquinaTest2" />
    </UnitTest>
    <UnitTest name="buscarOpinionesTest" storage="c:\users\diego\documents\visual studio 2010\projects\uniprof\tests\bin\release\tests.dll" id="90665605-993c-c3f0-732c-0c8cb4e19400">
      <Execution id="0c40e61a-81eb-4289-be6b-5c37ce03614e" />
      <TestMethod codeBase="C:/Users/Diego/Documents/Visual Studio 2010/Projects/Uniprof/Tests/bin/Release/Tests.DLL" adapterTypeName="Microsoft.VisualStudio.TestTools.TestTypes.Unit.UnitTestAdapter, Microsoft.VisualStudio.QualityTools.Tips.UnitTest.Adapter, Version=10.0.0.0, Culture=neutral, PublicKeyToken=b03f5f7f11d50a3a" className="Tests.OpinionTDGTest, Tests, Version=1.0.0.0, Culture=neutral, PublicKeyToken=null" name="buscarOpinionesTest" />
    </UnitTest>
    <UnitTest name="buscarArticulosPorCodigoTest" storage="c:\users\diego\documents\visual studio 2010\projects\uniprof\tests\bin\release\tests.dll" id="d5caf4bd-ddf9-d011-d96d-760e6d607d73">
      <Execution id="bd0f4a97-13c1-4b4a-9d06-f1efc37ee589" />
      <TestMethod codeBase="C:/Users/Diego/Documents/Visual Studio 2010/Projects/Uniprof/Tests/bin/Release/Tests.DLL" adapterTypeName="Microsoft.VisualStudio.TestTools.TestTypes.Unit.UnitTestAdapter, Microsoft.VisualStudio.QualityTools.Tips.UnitTest.Adapter, Version=10.0.0.0, Culture=neutral, PublicKeyToken=b03f5f7f11d50a3a" className="Tests.ArticuloBusinessTest, Tests, Version=1.0.0.0, Culture=neutral, PublicKeyToken=null" name="buscarArticulosPorCodigoTest" />
    </UnitTest>
    <UnitTest name="grabarMensajeTest" storage="c:\users\diego\documents\visual studio 2010\projects\uniprof\tests\bin\release\tests.dll" id="b697701d-8cff-a257-c4da-79dac613bf34">
      <Execution id="08f096ed-ea19-48c8-a6bc-bdfd3a65a01c" />
      <TestMethod codeBase="C:/Users/Diego/Documents/Visual Studio 2010/Projects/Uniprof/Tests/bin/Release/Tests.DLL" adapterTypeName="Microsoft.VisualStudio.TestTools.TestTypes.Unit.UnitTestAdapter, Microsoft.VisualStudio.QualityTools.Tips.UnitTest.Adapter, Version=10.0.0.0, Culture=neutral, PublicKeyToken=b03f5f7f11d50a3a" className="Tests.MensajeTDGTest, Tests, Version=1.0.0.0, Culture=neutral, PublicKeyToken=null" name="grabarMensajeTest" />
    </UnitTest>
    <UnitTest name="buscarPorIdTest" storage="c:\users\diego\documents\visual studio 2010\projects\uniprof\tests\bin\release\tests.dll" id="e2347588-3d57-efa9-6d83-3dfd95e9941d">
      <Execution id="65f6ef01-14bd-4324-9a80-f2719ea38cf3" />
      <TestMethod codeBase="C:/Users/Diego/Documents/Visual Studio 2010/Projects/Uniprof/Tests/bin/Release/Tests.DLL" adapterTypeName="Microsoft.VisualStudio.TestTools.TestTypes.Unit.UnitTestAdapter, Microsoft.VisualStudio.QualityTools.Tips.UnitTest.Adapter, Version=10.0.0.0, Culture=neutral, PublicKeyToken=b03f5f7f11d50a3a" className="Tests.ProduccionOperadorTDGTest, Tests, Version=1.0.0.0, Culture=neutral, PublicKeyToken=null" name="buscarPorIdTest" />
    </UnitTest>
    <UnitTest name="grabarUsuarioTest" storage="c:\users\diego\documents\visual studio 2010\projects\uniprof\tests\bin\release\tests.dll" id="28e69d1a-8de4-eba9-3792-eae237e8276c">
      <Execution id="12e19c3d-fd6e-4f14-b447-3d1fb9fecfa7" />
      <TestMethod codeBase="C:/Users/Diego/Documents/Visual Studio 2010/Projects/Uniprof/Tests/bin/Release/Tests.DLL" adapterTypeName="Microsoft.VisualStudio.TestTools.TestTypes.Unit.UnitTestAdapter, Microsoft.VisualStudio.QualityTools.Tips.UnitTest.Adapter, Version=10.0.0.0, Culture=neutral, PublicKeyToken=b03f5f7f11d50a3a" className="Tests.ClienteTDGTest, Tests, Version=1.0.0.0, Culture=neutral, PublicKeyToken=null" name="grabarUsuarioTest" />
    </UnitTest>
    <UnitTest name="buscarPorDescripcionTest" storage="c:\users\diego\documents\visual studio 2010\projects\uniprof\tests\bin\release\tests.dll" id="b8f7e814-b981-7bd7-8770-09bbc779dc13">
      <Execution id="e51fc7a2-3fe0-4176-adbe-679968516359" />
      <TestMethod codeBase="C:/Users/Diego/Documents/Visual Studio 2010/Projects/Uniprof/Tests/bin/Release/Tests.DLL" adapterTypeName="Microsoft.VisualStudio.TestTools.TestTypes.Unit.UnitTestAdapter, Microsoft.VisualStudio.QualityTools.Tips.UnitTest.Adapter, Version=10.0.0.0, Culture=neutral, PublicKeyToken=b03f5f7f11d50a3a" className="Tests.TipoInsumoTDGTest, Tests, Version=1.0.0.0, Culture=neutral, PublicKeyToken=null" name="buscarPorDescripcionTest" />
    </UnitTest>
    <UnitTest name="buscarNewsletterPorIdTest" storage="c:\users\diego\documents\visual studio 2010\projects\uniprof\tests\bin\release\tests.dll" id="e7af5983-4779-41b6-14d3-f05ee86282c2">
      <Execution id="b42ea207-22f1-40a4-81ef-a036ec005c39" />
      <TestMethod codeBase="C:/Users/Diego/Documents/Visual Studio 2010/Projects/Uniprof/Tests/bin/Release/Tests.DLL" adapterTypeName="Microsoft.VisualStudio.TestTools.TestTypes.Unit.UnitTestAdapter, Microsoft.VisualStudio.QualityTools.Tips.UnitTest.Adapter, Version=10.0.0.0, Culture=neutral, PublicKeyToken=b03f5f7f11d50a3a" className="Tests.NewsletterBusinessTest, Tests, Version=1.0.0.0, Culture=neutral, PublicKeyToken=null" name="buscarNewsletterPorIdTest" />
    </UnitTest>
    <UnitTest name="ListarPrendasTest" storage="c:\users\diego\documents\visual studio 2010\projects\uniprof\tests\bin\release\tests.dll" id="468ca457-0ed7-03c2-646c-9f2875316428">
      <Execution id="2c1dac45-e825-47d5-82b0-50a6a1eee40b" />
      <TestMethod codeBase="C:/Users/Diego/Documents/Visual Studio 2010/Projects/Uniprof/Tests/bin/Release/Tests.DLL" adapterTypeName="Microsoft.VisualStudio.TestTools.TestTypes.Unit.UnitTestAdapter, Microsoft.VisualStudio.QualityTools.Tips.UnitTest.Adapter, Version=10.0.0.0, Culture=neutral, PublicKeyToken=b03f5f7f11d50a3a" className="Tests.TipoPrendaBusinessTest, Tests, Version=1.0.0.0, Culture=neutral, PublicKeyToken=null" name="ListarPrendasTest" />
    </UnitTest>
    <UnitTest name="borrarNewsletterTest" storage="c:\users\diego\documents\visual studio 2010\projects\uniprof\tests\bin\release\tests.dll" id="a17744d1-ab11-f591-d328-1ad420c98fbd">
      <Execution id="0de6d6b9-652a-4977-9e64-449a9a1206d0" />
      <TestMethod codeBase="C:/Users/Diego/Documents/Visual Studio 2010/Projects/Uniprof/Tests/bin/Release/Tests.DLL" adapterTypeName="Microsoft.VisualStudio.TestTools.TestTypes.Unit.UnitTestAdapter, Microsoft.VisualStudio.QualityTools.Tips.UnitTest.Adapter, Version=10.0.0.0, Culture=neutral, PublicKeyToken=b03f5f7f11d50a3a" className="Tests.NewsletterTDGTest, Tests, Version=1.0.0.0, Culture=neutral, PublicKeyToken=null" name="borrarNewsletterTest" />
    </UnitTest>
    <UnitTest name="cargarUsuarioTest" storage="c:\users\diego\documents\visual studio 2010\projects\uniprof\tests\bin\release\tests.dll" id="84b841c4-bb70-5525-3ae9-fa35ed11627d">
      <Execution id="7cb97ced-887c-4ba0-9189-4ef2ac108040" />
      <TestMethod codeBase="C:/Users/Diego/Documents/Visual Studio 2010/Projects/Uniprof/Tests/bin/Release/Tests.DLL" adapterTypeName="Microsoft.VisualStudio.TestTools.TestTypes.Unit.UnitTestAdapter, Microsoft.VisualStudio.QualityTools.Tips.UnitTest.Adapter, Version=10.0.0.0, Culture=neutral, PublicKeyToken=b03f5f7f11d50a3a" className="Tests.UsuarioTDGTest, Tests, Version=1.0.0.0, Culture=neutral, PublicKeyToken=null" name="cargarUsuarioTest" />
    </UnitTest>
    <UnitTest name="CambiarEstadoPedidoTest" storage="c:\users\diego\documents\visual studio 2010\projects\uniprof\tests\bin\release\tests.dll" id="2277aaf3-514d-5d22-b68b-739c3ef345a2">
      <Execution id="d94c19ab-d810-49ff-88b3-b3da81118b6e" />
      <TestMethod codeBase="C:/Users/Diego/Documents/Visual Studio 2010/Projects/Uniprof/Tests/bin/Release/Tests.DLL" adapterTypeName="Microsoft.VisualStudio.TestTools.TestTypes.Unit.UnitTestAdapter, Microsoft.VisualStudio.QualityTools.Tips.UnitTest.Adapter, Version=10.0.0.0, Culture=neutral, PublicKeyToken=b03f5f7f11d50a3a" className="Tests.PedidoBusinessTest, Tests, Version=1.0.0.0, Culture=neutral, PublicKeyToken=null" name="CambiarEstadoPedidoTest" />
    </UnitTest>
    <UnitTest name="grabarProduccionTest" storage="c:\users\diego\documents\visual studio 2010\projects\uniprof\tests\bin\release\tests.dll" id="2ecef026-d4ff-850b-2022-72b81bdf2047">
      <Execution id="c8427d65-e4de-4c60-a0b6-2d2ae6ae746d" />
      <TestMethod codeBase="C:/Users/Diego/Documents/Visual Studio 2010/Projects/Uniprof/Tests/bin/Release/Tests.DLL" adapterTypeName="Microsoft.VisualStudio.TestTools.TestTypes.Unit.UnitTestAdapter, Microsoft.VisualStudio.QualityTools.Tips.UnitTest.Adapter, Version=10.0.0.0, Culture=neutral, PublicKeyToken=b03f5f7f11d50a3a" className="Tests.ProduccionRepositorioTest, Tests, Version=1.0.0.0, Culture=neutral, PublicKeyToken=null" name="grabarProduccionTest" />
    </UnitTest>
    <UnitTest name="cargarFacturasConRestriccionesTest" storage="c:\users\diego\documents\visual studio 2010\projects\uniprof\tests\bin\release\tests.dll" id="513854bd-1669-ed84-d891-6995e53105ac">
      <Execution id="587f60ad-087a-417b-9f04-d00d68df5d24" />
      <TestMethod codeBase="C:/Users/Diego/Documents/Visual Studio 2010/Projects/Uniprof/Tests/bin/Release/Tests.DLL" adapterTypeName="Microsoft.VisualStudio.TestTools.TestTypes.Unit.UnitTestAdapter, Microsoft.VisualStudio.QualityTools.Tips.UnitTest.Adapter, Version=10.0.0.0, Culture=neutral, PublicKeyToken=b03f5f7f11d50a3a" className="Tests.FacturaTDGTest, Tests, Version=1.0.0.0, Culture=neutral, PublicKeyToken=null" name="cargarFacturasConRestriccionesTest" />
    </UnitTest>
    <UnitTest name="borrarPedidoTest" storage="c:\users\diego\documents\visual studio 2010\projects\uniprof\tests\bin\release\tests.dll" id="20d5f305-5003-b633-f12a-b60950a7d487">
      <Execution id="5e6d8d76-02af-4b46-92c1-d561312b3e5e" />
      <TestMethod codeBase="C:/Users/Diego/Documents/Visual Studio 2010/Projects/Uniprof/Tests/bin/Release/Tests.DLL" adapterTypeName="Microsoft.VisualStudio.TestTools.TestTypes.Unit.UnitTestAdapter, Microsoft.VisualStudio.QualityTools.Tips.UnitTest.Adapter, Version=10.0.0.0, Culture=neutral, PublicKeyToken=b03f5f7f11d50a3a" className="Tests.PedidoTDGTest, Tests, Version=1.0.0.0, Culture=neutral, PublicKeyToken=null" name="borrarPedidoTest" />
    </UnitTest>
    <UnitTest name="listarMovimientosPorNroTest" storage="c:\users\diego\documents\visual studio 2010\projects\uniprof\tests\bin\release\tests.dll" id="0321ef45-ca6a-c46f-356f-5dff04b055f8">
      <Execution id="32a57d3a-6822-4bdb-a8f8-0a0c0bf7bc51" />
      <TestMethod codeBase="C:/Users/Diego/Documents/Visual Studio 2010/Projects/Uniprof/Tests/bin/Release/Tests.DLL" adapterTypeName="Microsoft.VisualStudio.TestTools.TestTypes.Unit.UnitTestAdapter, Microsoft.VisualStudio.QualityTools.Tips.UnitTest.Adapter, Version=10.0.0.0, Culture=neutral, PublicKeyToken=b03f5f7f11d50a3a" className="Tests.MovimientoCuentaClienteRepositorioTest, Tests, Version=1.0.0.0, Culture=neutral, PublicKeyToken=null" name="listarMovimientosPorNroTest" />
    </UnitTest>
    <UnitTest name="listarMovimientosTest" storage="c:\users\diego\documents\visual studio 2010\projects\uniprof\tests\bin\release\tests.dll" id="e02e0a67-6c2d-0c94-cb65-8df5b3dc5cea">
      <Execution id="38eb11cd-c579-4beb-8b00-93ffe05b923f" />
      <TestMethod codeBase="C:/Users/Diego/Documents/Visual Studio 2010/Projects/Uniprof/Tests/bin/Release/Tests.DLL" adapterTypeName="Microsoft.VisualStudio.TestTools.TestTypes.Unit.UnitTestAdapter, Microsoft.VisualStudio.QualityTools.Tips.UnitTest.Adapter, Version=10.0.0.0, Culture=neutral, PublicKeyToken=b03f5f7f11d50a3a" className="Tests.MovimientoProveedorBusinessTest, Tests, Version=1.0.0.0, Culture=neutral, PublicKeyToken=null" name="listarMovimientosTest" />
    </UnitTest>
    <UnitTest name="actualizarDiseñosTest" storage="c:\users\diego\documents\visual studio 2010\projects\uniprof\tests\bin\release\tests.dll" id="aee8bdae-93b9-94cd-dc66-4af8f0d1e925">
      <Execution id="d4531886-2673-444a-adcd-d0ab9592ea63" />
      <TestMethod codeBase="C:/Users/Diego/Documents/Visual Studio 2010/Projects/Uniprof/Tests/bin/Release/Tests.DLL" adapterTypeName="Microsoft.VisualStudio.TestTools.TestTypes.Unit.UnitTestAdapter, Microsoft.VisualStudio.QualityTools.Tips.UnitTest.Adapter, Version=10.0.0.0, Culture=neutral, PublicKeyToken=b03f5f7f11d50a3a" className="Tests.DiseñoTDGTest, Tests, Version=1.0.0.0, Culture=neutral, PublicKeyToken=null" name="actualizarDiseñosTest" />
    </UnitTest>
    <UnitTest name="borrarProduccionTest" storage="c:\users\diego\documents\visual studio 2010\projects\uniprof\tests\bin\release\tests.dll" id="254f3c87-cb8f-24cb-6d93-8a60e4e333c0">
      <Execution id="c351bbae-719b-4c1d-8f93-7a8f1159ad69" />
      <TestMethod codeBase="C:/Users/Diego/Documents/Visual Studio 2010/Projects/Uniprof/Tests/bin/Release/Tests.DLL" adapterTypeName="Microsoft.VisualStudio.TestTools.TestTypes.Unit.UnitTestAdapter, Microsoft.VisualStudio.QualityTools.Tips.UnitTest.Adapter, Version=10.0.0.0, Culture=neutral, PublicKeyToken=b03f5f7f11d50a3a" className="Tests.ProduccionTDGTest, Tests, Version=1.0.0.0, Culture=neutral, PublicKeyToken=null" name="borrarProduccionTest" />
    </UnitTest>
    <UnitTest name="grabarInsumoTest" storage="c:\users\diego\documents\visual studio 2010\projects\uniprof\tests\bin\release\tests.dll" id="55841f62-e499-c1d2-7702-e492ea6411db">
      <Execution id="e510c82d-6667-4d12-91a7-7a67fd6a820d" />
      <TestMethod codeBase="C:/Users/Diego/Documents/Visual Studio 2010/Projects/Uniprof/Tests/bin/Release/Tests.DLL" adapterTypeName="Microsoft.VisualStudio.TestTools.TestTypes.Unit.UnitTestAdapter, Microsoft.VisualStudio.QualityTools.Tips.UnitTest.Adapter, Version=10.0.0.0, Culture=neutral, PublicKeyToken=b03f5f7f11d50a3a" className="Tests.InsumoTDGTest, Tests, Version=1.0.0.0, Culture=neutral, PublicKeyToken=null" name="grabarInsumoTest" />
    </UnitTest>
    <UnitTest name="calcularTimepoTrabajoTest" storage="c:\users\diego\documents\visual studio 2010\projects\uniprof\tests\bin\release\tests.dll" id="f90c4160-5714-951f-7521-1af6d342eb17">
      <Execution id="3def6bd5-ab63-4066-b7e4-be331ad2a499" />
      <TestMethod codeBase="C:/Users/Diego/Documents/Visual Studio 2010/Projects/Uniprof/Tests/bin/Release/Tests.DLL" adapterTypeName="Microsoft.VisualStudio.TestTools.TestTypes.Unit.UnitTestAdapter, Microsoft.VisualStudio.QualityTools.Tips.UnitTest.Adapter, Version=10.0.0.0, Culture=neutral, PublicKeyToken=b03f5f7f11d50a3a" className="Tests.ProduccionBusinessTest, Tests, Version=1.0.0.0, Culture=neutral, PublicKeyToken=null" name="calcularTimepoTrabajoTest" />
    </UnitTest>
    <UnitTest name="buscarProveedorPorCodigoTest" storage="c:\users\diego\documents\visual studio 2010\projects\uniprof\tests\bin\release\tests.dll" id="3f50a717-0b73-d5bd-41bc-37d26b580e88">
      <Execution id="f8000283-1904-44e3-ac59-d4392650e87f" />
      <TestMethod codeBase="C:/Users/Diego/Documents/Visual Studio 2010/Projects/Uniprof/Tests/bin/Release/Tests.DLL" adapterTypeName="Microsoft.VisualStudio.TestTools.TestTypes.Unit.UnitTestAdapter, Microsoft.VisualStudio.QualityTools.Tips.UnitTest.Adapter, Version=10.0.0.0, Culture=neutral, PublicKeyToken=b03f5f7f11d50a3a" className="Tests.ProveedorBusinessTest, Tests, Version=1.0.0.0, Culture=neutral, PublicKeyToken=null" name="buscarProveedorPorCodigoTest" />
    </UnitTest>
    <UnitTest name="buscarNewsletterPorIdTest" storage="c:\users\diego\documents\visual studio 2010\projects\uniprof\tests\bin\release\tests.dll" id="7a5f4dc9-0c0b-a16a-647b-478ba12b4828">
      <Execution id="60a3b3cd-c639-4b49-91f5-4caffe97beb9" />
      <TestMethod codeBase="C:/Users/Diego/Documents/Visual Studio 2010/Projects/Uniprof/Tests/bin/Release/Tests.DLL" adapterTypeName="Microsoft.VisualStudio.TestTools.TestTypes.Unit.UnitTestAdapter, Microsoft.VisualStudio.QualityTools.Tips.UnitTest.Adapter, Version=10.0.0.0, Culture=neutral, PublicKeyToken=b03f5f7f11d50a3a" className="Tests.NewsletterRepositorioTest, Tests, Version=1.0.0.0, Culture=neutral, PublicKeyToken=null" name="buscarNewsletterPorIdTest" />
    </UnitTest>
    <UnitTest name="buscarMovimintosTest" storage="c:\users\diego\documents\visual studio 2010\projects\uniprof\tests\bin\release\tests.dll" id="5f6ca830-a7f5-404d-2afc-b5fe8dc971de">
      <Execution id="053a2e3a-0e4a-4ce4-8b4c-61921a60f53c" />
      <TestMethod codeBase="C:/Users/Diego/Documents/Visual Studio 2010/Projects/Uniprof/Tests/bin/Release/Tests.DLL" adapterTypeName="Microsoft.VisualStudio.TestTools.TestTypes.Unit.UnitTestAdapter, Microsoft.VisualStudio.QualityTools.Tips.UnitTest.Adapter, Version=10.0.0.0, Culture=neutral, PublicKeyToken=b03f5f7f11d50a3a" className="Tests.MovimientoClienteBusinessTest, Tests, Version=1.0.0.0, Culture=neutral, PublicKeyToken=null" name="buscarMovimintosTest" />
    </UnitTest>
    <UnitTest name="grabarLineaTest" storage="c:\users\diego\documents\visual studio 2010\projects\uniprof\tests\bin\release\tests.dll" id="e9b80469-e28c-1b2c-5a36-980b3cb0f728">
      <Execution id="070434e9-30ea-448d-b77b-d3707225a949" />
      <TestMethod codeBase="C:/Users/Diego/Documents/Visual Studio 2010/Projects/Uniprof/Tests/bin/Release/Tests.DLL" adapterTypeName="Microsoft.VisualStudio.TestTools.TestTypes.Unit.UnitTestAdapter, Microsoft.VisualStudio.QualityTools.Tips.UnitTest.Adapter, Version=10.0.0.0, Culture=neutral, PublicKeyToken=b03f5f7f11d50a3a" className="Tests.LineaFacturaTDGTest, Tests, Version=1.0.0.0, Culture=neutral, PublicKeyToken=null" name="grabarLineaTest" />
    </UnitTest>
    <UnitTest name="listarConversacionesPorIdTest" storage="c:\users\diego\documents\visual studio 2010\projects\uniprof\tests\bin\release\tests.dll" id="5062f8db-d3cc-b220-b391-1deb74053b65">
      <Execution id="8ed51afd-c101-4add-bb06-cb4ca5888a0b" />
      <TestMethod codeBase="C:/Users/Diego/Documents/Visual Studio 2010/Projects/Uniprof/Tests/bin/Release/Tests.DLL" adapterTypeName="Microsoft.VisualStudio.TestTools.TestTypes.Unit.UnitTestAdapter, Microsoft.VisualStudio.QualityTools.Tips.UnitTest.Adapter, Version=10.0.0.0, Culture=neutral, PublicKeyToken=b03f5f7f11d50a3a" className="Tests.ConversacionBusinessTest, Tests, Version=1.0.0.0, Culture=neutral, PublicKeyToken=null" name="listarConversacionesPorIdTest" />
    </UnitTest>
    <UnitTest name="buscarOpinionPorCriterioTest" storage="c:\users\diego\documents\visual studio 2010\projects\uniprof\tests\bin\release\tests.dll" id="a835695f-f8af-58f4-71d0-57d24fa7d90f">
      <Execution id="e1d445db-e684-4100-b384-62171df6aa8e" />
      <TestMethod codeBase="C:/Users/Diego/Documents/Visual Studio 2010/Projects/Uniprof/Tests/bin/Release/Tests.DLL" adapterTypeName="Microsoft.VisualStudio.TestTools.TestTypes.Unit.UnitTestAdapter, Microsoft.VisualStudio.QualityTools.Tips.UnitTest.Adapter, Version=10.0.0.0, Culture=neutral, PublicKeyToken=b03f5f7f11d50a3a" className="Tests.OpinionTDGTest, Tests, Version=1.0.0.0, Culture=neutral, PublicKeyToken=null" name="buscarOpinionPorCriterioTest" />
    </UnitTest>
    <UnitTest name="grabarOrdenDeCompraTest" storage="c:\users\diego\documents\visual studio 2010\projects\uniprof\tests\bin\release\tests.dll" id="adc4b822-2dd8-fb80-0aec-e1f18a81e266">
      <Execution id="3dcd5a5f-0bbc-4ea2-ad96-53d59ffe507a" />
      <TestMethod codeBase="C:/Users/Diego/Documents/Visual Studio 2010/Projects/Uniprof/Tests/bin/Release/Tests.DLL" adapterTypeName="Microsoft.VisualStudio.TestTools.TestTypes.Unit.UnitTestAdapter, Microsoft.VisualStudio.QualityTools.Tips.UnitTest.Adapter, Version=10.0.0.0, Culture=neutral, PublicKeyToken=b03f5f7f11d50a3a" className="Tests.OrdenCompraRepositorioTest, Tests, Version=1.0.0.0, Culture=neutral, PublicKeyToken=null" name="grabarOrdenDeCompraTest" />
    </UnitTest>
    <UnitTest name="borrarPrendaTest" storage="c:\users\diego\documents\visual studio 2010\projects\uniprof\tests\bin\release\tests.dll" id="a472a839-6eaa-12b1-21fb-e977ec47cce0">
      <Execution id="5ad90452-187a-4600-9448-e1812202c9e5" />
      <TestMethod codeBase="C:/Users/Diego/Documents/Visual Studio 2010/Projects/Uniprof/Tests/bin/Release/Tests.DLL" adapterTypeName="Microsoft.VisualStudio.TestTools.TestTypes.Unit.UnitTestAdapter, Microsoft.VisualStudio.QualityTools.Tips.UnitTest.Adapter, Version=10.0.0.0, Culture=neutral, PublicKeyToken=b03f5f7f11d50a3a" className="Tests.TipoPrendaTDGTest, Tests, Version=1.0.0.0, Culture=neutral, PublicKeyToken=null" name="borrarPrendaTest" />
    </UnitTest>
    <UnitTest name="buscarPrimerosHuecosMaquinaTest4" storage="c:\users\diego\documents\visual studio 2010\projects\uniprof\tests\bin\release\tests.dll" id="a77c41d3-5bba-1c1e-e81f-7a02217342bf">
      <Execution id="23e2fb2e-c109-4e30-86b7-8637e9df8808" />
      <TestMethod codeBase="C:/Users/Diego/Documents/Visual Studio 2010/Projects/Uniprof/Tests/bin/Release/Tests.DLL" adapterTypeName="Microsoft.VisualStudio.TestTools.TestTypes.Unit.UnitTestAdapter, Microsoft.VisualStudio.QualityTools.Tips.UnitTest.Adapter, Version=10.0.0.0, Culture=neutral, PublicKeyToken=b03f5f7f11d50a3a" className="Tests.ProduccionBusinessTest, Tests, Version=1.0.0.0, Culture=neutral, PublicKeyToken=null" name="buscarPrimerosHuecosMaquinaTest4" />
    </UnitTest>
    <UnitTest name="grabarDiseñosTest" storage="c:\users\diego\documents\visual studio 2010\projects\uniprof\tests\bin\release\tests.dll" id="9fd9a588-56ca-0b4b-82c9-064d2bfbe430">
      <Execution id="d4f78642-713c-4d9f-ae5e-bca7735b0874" />
      <TestMethod codeBase="C:/Users/Diego/Documents/Visual Studio 2010/Projects/Uniprof/Tests/bin/Release/Tests.DLL" adapterTypeName="Microsoft.VisualStudio.TestTools.TestTypes.Unit.UnitTestAdapter, Microsoft.VisualStudio.QualityTools.Tips.UnitTest.Adapter, Version=10.0.0.0, Culture=neutral, PublicKeyToken=b03f5f7f11d50a3a" className="Tests.DiseñoTDGTest, Tests, Version=1.0.0.0, Culture=neutral, PublicKeyToken=null" name="grabarDiseñosTest" />
    </UnitTest>
    <UnitTest name="cargarClienteTest" storage="c:\users\diego\documents\visual studio 2010\projects\uniprof\tests\bin\release\tests.dll" id="a4e8ed3d-c4ae-1ca8-df36-ee362c8b196a">
      <Execution id="db722eab-c5a8-4d4a-a495-e18cb4124a53" />
      <TestMethod codeBase="C:/Users/Diego/Documents/Visual Studio 2010/Projects/Uniprof/Tests/bin/Release/Tests.DLL" adapterTypeName="Microsoft.VisualStudio.TestTools.TestTypes.Unit.UnitTestAdapter, Microsoft.VisualStudio.QualityTools.Tips.UnitTest.Adapter, Version=10.0.0.0, Culture=neutral, PublicKeyToken=b03f5f7f11d50a3a" className="Tests.ClienteTDGTest, Tests, Version=1.0.0.0, Culture=neutral, PublicKeyToken=null" name="cargarClienteTest" />
    </UnitTest>
    <UnitTest name="actualizarFamiliaTest" storage="c:\users\diego\documents\visual studio 2010\projects\uniprof\tests\bin\release\tests.dll" id="251887f2-80b7-06cc-ae64-369889df804d">
      <Execution id="f0f8f9f8-650f-4213-9b1e-812d92fb071d" />
      <TestMethod codeBase="C:/Users/Diego/Documents/Visual Studio 2010/Projects/Uniprof/Tests/bin/Release/Tests.DLL" adapterTypeName="Microsoft.VisualStudio.TestTools.TestTypes.Unit.UnitTestAdapter, Microsoft.VisualStudio.QualityTools.Tips.UnitTest.Adapter, Version=10.0.0.0, Culture=neutral, PublicKeyToken=b03f5f7f11d50a3a" className="Tests.FamiliaRepositorioTest, Tests, Version=1.0.0.0, Culture=neutral, PublicKeyToken=null" name="actualizarFamiliaTest" />
    </UnitTest>
    <UnitTest name="guardarArticuloTest" storage="c:\users\diego\documents\visual studio 2010\projects\uniprof\tests\bin\release\tests.dll" id="53e8a9c8-96f4-eccd-a6cf-588d5c1fbc4b">
      <Execution id="a53734a7-97bd-402a-aa7f-80ae4e954ffb" />
      <TestMethod codeBase="C:/Users/Diego/Documents/Visual Studio 2010/Projects/Uniprof/Tests/bin/Release/Tests.DLL" adapterTypeName="Microsoft.VisualStudio.TestTools.TestTypes.Unit.UnitTestAdapter, Microsoft.VisualStudio.QualityTools.Tips.UnitTest.Adapter, Version=10.0.0.0, Culture=neutral, PublicKeyToken=b03f5f7f11d50a3a" className="Tests.ArticuloBusinessTest, Tests, Version=1.0.0.0, Culture=neutral, PublicKeyToken=null" name="guardarArticuloTest" />
    </UnitTest>
    <UnitTest name="cargarPatentesTest" storage="c:\users\diego\documents\visual studio 2010\projects\uniprof\tests\bin\release\tests.dll" id="acceeb2f-d3a0-c7eb-0a8a-89ba3e60aa95">
      <Execution id="24fd073a-2186-485e-b120-f23f0e6447a6" />
      <TestMethod codeBase="C:/Users/Diego/Documents/Visual Studio 2010/Projects/Uniprof/Tests/bin/Release/Tests.DLL" adapterTypeName="Microsoft.VisualStudio.TestTools.TestTypes.Unit.UnitTestAdapter, Microsoft.VisualStudio.QualityTools.Tips.UnitTest.Adapter, Version=10.0.0.0, Culture=neutral, PublicKeyToken=b03f5f7f11d50a3a" className="Tests.PatenteRepositorioTest, Tests, Version=1.0.0.0, Culture=neutral, PublicKeyToken=null" name="cargarPatentesTest" />
    </UnitTest>
    <UnitTest name="borrarDiseñoTest" storage="c:\users\diego\documents\visual studio 2010\projects\uniprof\tests\bin\release\tests.dll" id="9355e16b-4728-468a-6844-3354852565f0">
      <Execution id="3903d092-1764-44fe-8357-dff97b9207ca" />
      <TestMethod codeBase="C:/Users/Diego/Documents/Visual Studio 2010/Projects/Uniprof/Tests/bin/Release/Tests.DLL" adapterTypeName="Microsoft.VisualStudio.TestTools.TestTypes.Unit.UnitTestAdapter, Microsoft.VisualStudio.QualityTools.Tips.UnitTest.Adapter, Version=10.0.0.0, Culture=neutral, PublicKeyToken=b03f5f7f11d50a3a" className="Tests.DiseñoRepositorioTest, Tests, Version=1.0.0.0, Culture=neutral, PublicKeyToken=null" name="borrarDiseñoTest" />
    </UnitTest>
    <UnitTest name="listarProduccionPorArticuloTest" storage="c:\users\diego\documents\visual studio 2010\projects\uniprof\tests\bin\release\tests.dll" id="f0936119-968f-f4d0-680f-3a810a2a1183">
      <Execution id="95318e07-6d9b-475f-8380-9a7d94d98ac3" />
      <TestMethod codeBase="C:/Users/Diego/Documents/Visual Studio 2010/Projects/Uniprof/Tests/bin/Release/Tests.DLL" adapterTypeName="Microsoft.VisualStudio.TestTools.TestTypes.Unit.UnitTestAdapter, Microsoft.VisualStudio.QualityTools.Tips.UnitTest.Adapter, Version=10.0.0.0, Culture=neutral, PublicKeyToken=b03f5f7f11d50a3a" className="Tests.ProduccionBusinessTest, Tests, Version=1.0.0.0, Culture=neutral, PublicKeyToken=null" name="listarProduccionPorArticuloTest" />
    </UnitTest>
    <UnitTest name="listarMovimientosPorNroTest" storage="c:\users\diego\documents\visual studio 2010\projects\uniprof\tests\bin\release\tests.dll" id="d4992a93-c61f-e7a7-6c4a-4dd37d506f00">
      <Execution id="b4722977-1430-48a9-a422-b006b1678264" />
      <TestMethod codeBase="C:/Users/Diego/Documents/Visual Studio 2010/Projects/Uniprof/Tests/bin/Release/Tests.DLL" adapterTypeName="Microsoft.VisualStudio.TestTools.TestTypes.Unit.UnitTestAdapter, Microsoft.VisualStudio.QualityTools.Tips.UnitTest.Adapter, Version=10.0.0.0, Culture=neutral, PublicKeyToken=b03f5f7f11d50a3a" className="Tests.MovimientoClienteBusinessTest, Tests, Version=1.0.0.0, Culture=neutral, PublicKeyToken=null" name="listarMovimientosPorNroTest" />
    </UnitTest>
    <UnitTest name="cargarMaquinasTest" storage="c:\users\diego\documents\visual studio 2010\projects\uniprof\tests\bin\release\tests.dll" id="a8b0ac8d-b3ff-6693-a29b-869418f5d04f">
      <Execution id="bacb50b3-a8c4-47bd-9f43-463d1fb40472" />
      <TestMethod codeBase="C:/Users/Diego/Documents/Visual Studio 2010/Projects/Uniprof/Tests/bin/Release/Tests.DLL" adapterTypeName="Microsoft.VisualStudio.TestTools.TestTypes.Unit.UnitTestAdapter, Microsoft.VisualStudio.QualityTools.Tips.UnitTest.Adapter, Version=10.0.0.0, Culture=neutral, PublicKeyToken=b03f5f7f11d50a3a" className="Tests.MaquinaTDGTest, Tests, Version=1.0.0.0, Culture=neutral, PublicKeyToken=null" name="cargarMaquinasTest" />
    </UnitTest>
    <UnitTest name="listarFacturasPorClienteTest" storage="c:\users\diego\documents\visual studio 2010\projects\uniprof\tests\bin\release\tests.dll" id="bf901687-526e-3c4f-d25d-5f1eb0ec55f2">
      <Execution id="55fca1bb-3d1d-486b-a60e-cedecc1b50db" />
      <TestMethod codeBase="C:/Users/Diego/Documents/Visual Studio 2010/Projects/Uniprof/Tests/bin/Release/Tests.DLL" adapterTypeName="Microsoft.VisualStudio.TestTools.TestTypes.Unit.UnitTestAdapter, Microsoft.VisualStudio.QualityTools.Tips.UnitTest.Adapter, Version=10.0.0.0, Culture=neutral, PublicKeyToken=b03f5f7f11d50a3a" className="Tests.FacturaRepositorioTest, Tests, Version=1.0.0.0, Culture=neutral, PublicKeyToken=null" name="listarFacturasPorClienteTest" />
    </UnitTest>
    <UnitTest name="calcularTimepoTrabajoTest2" storage="c:\users\diego\documents\visual studio 2010\projects\uniprof\tests\bin\release\tests.dll" id="a27af6eb-87dc-b90f-c4ca-d8cb1c7c2454">
      <Execution id="4b79d636-6b8d-41bc-84f9-56f96c305313" />
      <TestMethod codeBase="C:/Users/Diego/Documents/Visual Studio 2010/Projects/Uniprof/Tests/bin/Release/Tests.DLL" adapterTypeName="Microsoft.VisualStudio.TestTools.TestTypes.Unit.UnitTestAdapter, Microsoft.VisualStudio.QualityTools.Tips.UnitTest.Adapter, Version=10.0.0.0, Culture=neutral, PublicKeyToken=b03f5f7f11d50a3a" className="Tests.ProduccionBusinessTest, Tests, Version=1.0.0.0, Culture=neutral, PublicKeyToken=null" name="calcularTimepoTrabajoTest2" />
    </UnitTest>
    <UnitTest name="borrarMovimientosTest" storage="c:\users\diego\documents\visual studio 2010\projects\uniprof\tests\bin\release\tests.dll" id="c9059140-bd68-daef-e19b-ffc08869ca24">
      <Execution id="8d0ade9a-b2c8-4dcc-b6dd-560d210a0eb6" />
      <TestMethod codeBase="C:/Users/Diego/Documents/Visual Studio 2010/Projects/Uniprof/Tests/bin/Release/Tests.DLL" adapterTypeName="Microsoft.VisualStudio.TestTools.TestTypes.Unit.UnitTestAdapter, Microsoft.VisualStudio.QualityTools.Tips.UnitTest.Adapter, Version=10.0.0.0, Culture=neutral, PublicKeyToken=b03f5f7f11d50a3a" className="Tests.MovimientoStockTDGTest, Tests, Version=1.0.0.0, Culture=neutral, PublicKeyToken=null" name="borrarMovimientosTest" />
    </UnitTest>
    <UnitTest name="buscarNewsletterPorNombreTest" storage="c:\users\diego\documents\visual studio 2010\projects\uniprof\tests\bin\release\tests.dll" id="a6fd86e1-4eca-846a-5e19-70da718a6391">
      <Execution id="211a9e8a-c216-46f4-8481-aa3874024d6f" />
      <TestMethod codeBase="C:/Users/Diego/Documents/Visual Studio 2010/Projects/Uniprof/Tests/bin/Release/Tests.DLL" adapterTypeName="Microsoft.VisualStudio.TestTools.TestTypes.Unit.UnitTestAdapter, Microsoft.VisualStudio.QualityTools.Tips.UnitTest.Adapter, Version=10.0.0.0, Culture=neutral, PublicKeyToken=b03f5f7f11d50a3a" className="Tests.NewsletterBusinessTest, Tests, Version=1.0.0.0, Culture=neutral, PublicKeyToken=null" name="buscarNewsletterPorNombreTest" />
    </UnitTest>
    <UnitTest name="actualizarFamiliaTest" storage="c:\users\diego\documents\visual studio 2010\projects\uniprof\tests\bin\release\tests.dll" id="68862084-d3f3-3b6a-8d1d-63a8120425c8">
      <Execution id="b3f0e951-068e-42bb-8903-4ac5f71867c9" />
      <TestMethod codeBase="C:/Users/Diego/Documents/Visual Studio 2010/Projects/Uniprof/Tests/bin/Release/Tests.DLL" adapterTypeName="Microsoft.VisualStudio.TestTools.TestTypes.Unit.UnitTestAdapter, Microsoft.VisualStudio.QualityTools.Tips.UnitTest.Adapter, Version=10.0.0.0, Culture=neutral, PublicKeyToken=b03f5f7f11d50a3a" className="Tests.FamiliaBusinessTest, Tests, Version=1.0.0.0, Culture=neutral, PublicKeyToken=null" name="actualizarFamiliaTest" />
    </UnitTest>
    <UnitTest name="actualizarProduccionTest" storage="c:\users\diego\documents\visual studio 2010\projects\uniprof\tests\bin\release\tests.dll" id="de04a58d-71f5-e1d1-1d14-e423a290a69c">
      <Execution id="dac3bf0e-d750-4340-b096-cf03a435df13" />
      <TestMethod codeBase="C:/Users/Diego/Documents/Visual Studio 2010/Projects/Uniprof/Tests/bin/Release/Tests.DLL" adapterTypeName="Microsoft.VisualStudio.TestTools.TestTypes.Unit.UnitTestAdapter, Microsoft.VisualStudio.QualityTools.Tips.UnitTest.Adapter, Version=10.0.0.0, Culture=neutral, PublicKeyToken=b03f5f7f11d50a3a" className="Tests.ProduccionBusinessTest, Tests, Version=1.0.0.0, Culture=neutral, PublicKeyToken=null" name="actualizarProduccionTest" />
    </UnitTest>
    <UnitTest name="cargarFacturasTest" storage="c:\users\diego\documents\visual studio 2010\projects\uniprof\tests\bin\release\tests.dll" id="66accf62-c8b1-294a-c12d-5fcb04e3bddf">
      <Execution id="bf65b489-7986-40ef-8462-53e41ae2bf1f" />
      <TestMethod codeBase="C:/Users/Diego/Documents/Visual Studio 2010/Projects/Uniprof/Tests/bin/Release/Tests.DLL" adapterTypeName="Microsoft.VisualStudio.TestTools.TestTypes.Unit.UnitTestAdapter, Microsoft.VisualStudio.QualityTools.Tips.UnitTest.Adapter, Version=10.0.0.0, Culture=neutral, PublicKeyToken=b03f5f7f11d50a3a" className="Tests.FacturaTDGTest, Tests, Version=1.0.0.0, Culture=neutral, PublicKeyToken=null" name="cargarFacturasTest" />
    </UnitTest>
    <UnitTest name="cargarlistaProduccionTest" storage="c:\users\diego\documents\visual studio 2010\projects\uniprof\tests\bin\release\tests.dll" id="15a2dfa0-b5da-ca0f-1901-200d0b50ec37">
      <Execution id="2f31820f-d7e2-4467-ab6f-8b99dbdcffb1" />
      <TestMethod codeBase="C:/Users/Diego/Documents/Visual Studio 2010/Projects/Uniprof/Tests/bin/Release/Tests.DLL" adapterTypeName="Microsoft.VisualStudio.TestTools.TestTypes.Unit.UnitTestAdapter, Microsoft.VisualStudio.QualityTools.Tips.UnitTest.Adapter, Version=10.0.0.0, Culture=neutral, PublicKeyToken=b03f5f7f11d50a3a" className="Tests.ProduccionTDGTest, Tests, Version=1.0.0.0, Culture=neutral, PublicKeyToken=null" name="cargarlistaProduccionTest" />
    </UnitTest>
    <UnitTest name="listarMovimientosPorProveedorTest" storage="c:\users\diego\documents\visual studio 2010\projects\uniprof\tests\bin\release\tests.dll" id="47829263-2bc4-1929-0c73-083969548a33">
      <Execution id="9bca9f3f-124f-40c5-92da-88d5469828f0" />
      <TestMethod codeBase="C:/Users/Diego/Documents/Visual Studio 2010/Projects/Uniprof/Tests/bin/Release/Tests.DLL" adapterTypeName="Microsoft.VisualStudio.TestTools.TestTypes.Unit.UnitTestAdapter, Microsoft.VisualStudio.QualityTools.Tips.UnitTest.Adapter, Version=10.0.0.0, Culture=neutral, PublicKeyToken=b03f5f7f11d50a3a" className="Tests.MovimientoCuentaProveedorRepositorioTest, Tests, Version=1.0.0.0, Culture=neutral, PublicKeyToken=null" name="listarMovimientosPorProveedorTest" />
    </UnitTest>
    <UnitTest name="grabarUsuarioTest" storage="c:\users\diego\documents\visual studio 2010\projects\uniprof\tests\bin\release\tests.dll" id="76669914-042a-1066-d597-b186fff6c621">
      <Execution id="6897a3b8-95df-4979-ab57-c0920de8669c" />
      <TestMethod codeBase="C:/Users/Diego/Documents/Visual Studio 2010/Projects/Uniprof/Tests/bin/Release/Tests.DLL" adapterTypeName="Microsoft.VisualStudio.TestTools.TestTypes.Unit.UnitTestAdapter, Microsoft.VisualStudio.QualityTools.Tips.UnitTest.Adapter, Version=10.0.0.0, Culture=neutral, PublicKeyToken=b03f5f7f11d50a3a" className="Tests.UsuarioTDGTest, Tests, Version=1.0.0.0, Culture=neutral, PublicKeyToken=null" name="grabarUsuarioTest" />
    </UnitTest>
    <UnitTest name="listarOrdenDeComprasTest" storage="c:\users\diego\documents\visual studio 2010\projects\uniprof\tests\bin\release\tests.dll" id="21f1e20b-dcac-fe9b-670b-02932753806f">
      <Execution id="c34819b8-0554-485b-b404-13a7d88125bc" />
      <TestMethod codeBase="C:/Users/Diego/Documents/Visual Studio 2010/Projects/Uniprof/Tests/bin/Release/Tests.DLL" adapterTypeName="Microsoft.VisualStudio.TestTools.TestTypes.Unit.UnitTestAdapter, Microsoft.VisualStudio.QualityTools.Tips.UnitTest.Adapter, Version=10.0.0.0, Culture=neutral, PublicKeyToken=b03f5f7f11d50a3a" className="Tests.OrdenCompraRepositorioTest, Tests, Version=1.0.0.0, Culture=neutral, PublicKeyToken=null" name="listarOrdenDeComprasTest" />
    </UnitTest>
    <UnitTest name="buscarPorIdTest" storage="c:\users\diego\documents\visual studio 2010\projects\uniprof\tests\bin\release\tests.dll" id="d7c03cb5-500e-d7d9-da0b-0be2f4981b03">
      <Execution id="14ccef92-e9e5-4f6b-bfc1-c7c33f6e44ed" />
      <TestMethod codeBase="C:/Users/Diego/Documents/Visual Studio 2010/Projects/Uniprof/Tests/bin/Release/Tests.DLL" adapterTypeName="Microsoft.VisualStudio.TestTools.TestTypes.Unit.UnitTestAdapter, Microsoft.VisualStudio.QualityTools.Tips.UnitTest.Adapter, Version=10.0.0.0, Culture=neutral, PublicKeyToken=b03f5f7f11d50a3a" className="Tests.TipoInsumoTDGTest, Tests, Version=1.0.0.0, Culture=neutral, PublicKeyToken=null" name="buscarPorIdTest" />
    </UnitTest>
    <UnitTest name="listarInsumosTest" storage="c:\users\diego\documents\visual studio 2010\projects\uniprof\tests\bin\release\tests.dll" id="f50b51cf-39fa-28c4-720a-03db16299af8">
      <Execution id="697a9d88-7fcb-4c9f-9ace-7614f39e83cf" />
      <TestMethod codeBase="C:/Users/Diego/Documents/Visual Studio 2010/Projects/Uniprof/Tests/bin/Release/Tests.DLL" adapterTypeName="Microsoft.VisualStudio.TestTools.TestTypes.Unit.UnitTestAdapter, Microsoft.VisualStudio.QualityTools.Tips.UnitTest.Adapter, Version=10.0.0.0, Culture=neutral, PublicKeyToken=b03f5f7f11d50a3a" className="Tests.InsumoRepositorioTest, Tests, Version=1.0.0.0, Culture=neutral, PublicKeyToken=null" name="listarInsumosTest" />
    </UnitTest>
    <UnitTest name="listarProduccionPorArticuloTest" storage="c:\users\diego\documents\visual studio 2010\projects\uniprof\tests\bin\release\tests.dll" id="25d73e54-4c45-c0f8-0cc6-cd9d82e5c8a4">
      <Execution id="0660af19-7790-4c7d-a2c7-2f6c7941a324" />
      <TestMethod codeBase="C:/Users/Diego/Documents/Visual Studio 2010/Projects/Uniprof/Tests/bin/Release/Tests.DLL" adapterTypeName="Microsoft.VisualStudio.TestTools.TestTypes.Unit.UnitTestAdapter, Microsoft.VisualStudio.QualityTools.Tips.UnitTest.Adapter, Version=10.0.0.0, Culture=neutral, PublicKeyToken=b03f5f7f11d50a3a" className="Tests.ProduccionRepositorioTest, Tests, Version=1.0.0.0, Culture=neutral, PublicKeyToken=null" name="listarProduccionPorArticuloTest" />
    </UnitTest>
    <UnitTest name="listarOpinionesPorIdTest" storage="c:\users\diego\documents\visual studio 2010\projects\uniprof\tests\bin\release\tests.dll" id="4cab3d76-8fe4-c6a9-062c-275660c809ba">
      <Execution id="8346d907-8d2d-478b-9d76-7168be43c20a" />
      <TestMethod codeBase="C:/Users/Diego/Documents/Visual Studio 2010/Projects/Uniprof/Tests/bin/Release/Tests.DLL" adapterTypeName="Microsoft.VisualStudio.TestTools.TestTypes.Unit.UnitTestAdapter, Microsoft.VisualStudio.QualityTools.Tips.UnitTest.Adapter, Version=10.0.0.0, Culture=neutral, PublicKeyToken=b03f5f7f11d50a3a" className="Tests.OpinionRepositorioTest, Tests, Version=1.0.0.0, Culture=neutral, PublicKeyToken=null" name="listarOpinionesPorIdTest" />
    </UnitTest>
    <UnitTest name="calcularFinalizacionTest3" storage="c:\users\diego\documents\visual studio 2010\projects\uniprof\tests\bin\release\tests.dll" id="6cf16972-5184-bd8a-3b41-bb02c50f3e4c">
      <Execution id="3a37e494-75d8-4247-8035-3d9991a03d97" />
      <TestMethod codeBase="C:/Users/Diego/Documents/Visual Studio 2010/Projects/Uniprof/Tests/bin/Release/Tests.DLL" adapterTypeName="Microsoft.VisualStudio.TestTools.TestTypes.Unit.UnitTestAdapter, Microsoft.VisualStudio.QualityTools.Tips.UnitTest.Adapter, Version=10.0.0.0, Culture=neutral, PublicKeyToken=b03f5f7f11d50a3a" className="Tests.ProduccionBusinessTest, Tests, Version=1.0.0.0, Culture=neutral, PublicKeyToken=null" name="calcularFinalizacionTest3" />
    </UnitTest>
    <UnitTest name="listarInsumosConRestriccionesTest" storage="c:\users\diego\documents\visual studio 2010\projects\uniprof\tests\bin\release\tests.dll" id="26e79886-012b-c1dd-53e8-d16d49221a25">
      <Execution id="d9a63ae6-67e9-47d3-b1d1-5334a21a589d" />
      <TestMethod codeBase="C:/Users/Diego/Documents/Visual Studio 2010/Projects/Uniprof/Tests/bin/Release/Tests.DLL" adapterTypeName="Microsoft.VisualStudio.TestTools.TestTypes.Unit.UnitTestAdapter, Microsoft.VisualStudio.QualityTools.Tips.UnitTest.Adapter, Version=10.0.0.0, Culture=neutral, PublicKeyToken=b03f5f7f11d50a3a" className="Tests.InsumoRepositorioTest, Tests, Version=1.0.0.0, Culture=neutral, PublicKeyToken=null" name="listarInsumosConRestriccionesTest" />
    </UnitTest>
    <UnitTest name="listarOrdenDeComprasPorProveedorTest" storage="c:\users\diego\documents\visual studio 2010\projects\uniprof\tests\bin\release\tests.dll" id="7f0052b2-2fa5-1442-5124-403810b2060e">
      <Execution id="f9ef49ee-b999-44cd-b6a7-ed03260ab4b8" />
      <TestMethod codeBase="C:/Users/Diego/Documents/Visual Studio 2010/Projects/Uniprof/Tests/bin/Release/Tests.DLL" adapterTypeName="Microsoft.VisualStudio.TestTools.TestTypes.Unit.UnitTestAdapter, Microsoft.VisualStudio.QualityTools.Tips.UnitTest.Adapter, Version=10.0.0.0, Culture=neutral, PublicKeyToken=b03f5f7f11d50a3a" className="Tests.OrdenCompraBusinessTest, Tests, Version=1.0.0.0, Culture=neutral, PublicKeyToken=null" name="listarOrdenDeComprasPorProveedorTest" />
    </UnitTest>
    <UnitTest name="listarProveedoresTest" storage="c:\users\diego\documents\visual studio 2010\projects\uniprof\tests\bin\release\tests.dll" id="79b9204c-aeda-7048-42ac-c6faee468388">
      <Execution id="3d8d0e66-c8e4-4310-87e2-ed31d19e1090" />
      <TestMethod codeBase="C:/Users/Diego/Documents/Visual Studio 2010/Projects/Uniprof/Tests/bin/Release/Tests.DLL" adapterTypeName="Microsoft.VisualStudio.TestTools.TestTypes.Unit.UnitTestAdapter, Microsoft.VisualStudio.QualityTools.Tips.UnitTest.Adapter, Version=10.0.0.0, Culture=neutral, PublicKeyToken=b03f5f7f11d50a3a" className="Tests.ProveedorBusinessTest, Tests, Version=1.0.0.0, Culture=neutral, PublicKeyToken=null" name="listarProveedoresTest" />
    </UnitTest>
    <UnitTest name="listarFacturasTest" storage="c:\users\diego\documents\visual studio 2010\projects\uniprof\tests\bin\release\tests.dll" id="1cca4a40-3e79-045d-0667-c735e9a1087b">
      <Execution id="e96cbb61-f66f-4ea3-a6c8-5b848144282e" />
      <TestMethod codeBase="C:/Users/Diego/Documents/Visual Studio 2010/Projects/Uniprof/Tests/bin/Release/Tests.DLL" adapterTypeName="Microsoft.VisualStudio.TestTools.TestTypes.Unit.UnitTestAdapter, Microsoft.VisualStudio.QualityTools.Tips.UnitTest.Adapter, Version=10.0.0.0, Culture=neutral, PublicKeyToken=b03f5f7f11d50a3a" className="Tests.FacturaBusinessTest, Tests, Version=1.0.0.0, Culture=neutral, PublicKeyToken=null" name="listarFacturasTest" />
    </UnitTest>
    <UnitTest name="modificarDiseñoInsumoTest" storage="c:\users\diego\documents\visual studio 2010\projects\uniprof\tests\bin\release\tests.dll" id="375be106-944a-05c4-4975-c4a32afdccd6">
      <Execution id="b53fcf35-2c8e-43a6-a540-fc49e521f503" />
      <TestMethod codeBase="C:/Users/Diego/Documents/Visual Studio 2010/Projects/Uniprof/Tests/bin/Release/Tests.DLL" adapterTypeName="Microsoft.VisualStudio.TestTools.TestTypes.Unit.UnitTestAdapter, Microsoft.VisualStudio.QualityTools.Tips.UnitTest.Adapter, Version=10.0.0.0, Culture=neutral, PublicKeyToken=b03f5f7f11d50a3a" className="Tests.DiseñoInsumoTDGTest, Tests, Version=1.0.0.0, Culture=neutral, PublicKeyToken=null" name="modificarDiseñoInsumoTest" />
    </UnitTest>
    <UnitTest name="listaPatentesPorUsuarioTest" storage="c:\users\diego\documents\visual studio 2010\projects\uniprof\tests\bin\release\tests.dll" id="cfd8c036-75a7-640f-488c-228d443acc6e">
      <Execution id="f0048d4b-037e-409d-a9e5-e06a81186905" />
      <TestMethod codeBase="C:/Users/Diego/Documents/Visual Studio 2010/Projects/Uniprof/Tests/bin/Release/Tests.DLL" adapterTypeName="Microsoft.VisualStudio.TestTools.TestTypes.Unit.UnitTestAdapter, Microsoft.VisualStudio.QualityTools.Tips.UnitTest.Adapter, Version=10.0.0.0, Culture=neutral, PublicKeyToken=b03f5f7f11d50a3a" className="Tests.PatenteBusinessTest, Tests, Version=1.0.0.0, Culture=neutral, PublicKeyToken=null" name="listaPatentesPorUsuarioTest" />
    </UnitTest>
    <UnitTest name="guardarFamiliaTest" storage="c:\users\diego\documents\visual studio 2010\projects\uniprof\tests\bin\release\tests.dll" id="33cb7b57-1952-56c9-afdf-65517595c4dd">
      <Execution id="6c34106a-78cb-44ec-a420-c9d49f3f47bf" />
      <TestMethod codeBase="C:/Users/Diego/Documents/Visual Studio 2010/Projects/Uniprof/Tests/bin/Release/Tests.DLL" adapterTypeName="Microsoft.VisualStudio.TestTools.TestTypes.Unit.UnitTestAdapter, Microsoft.VisualStudio.QualityTools.Tips.UnitTest.Adapter, Version=10.0.0.0, Culture=neutral, PublicKeyToken=b03f5f7f11d50a3a" className="Tests.FamiliaRepositorioTest, Tests, Version=1.0.0.0, Culture=neutral, PublicKeyToken=null" name="guardarFamiliaTest" />
    </UnitTest>
    <UnitTest name="buscarDiseñoPorClienteTest" storage="c:\users\diego\documents\visual studio 2010\projects\uniprof\tests\bin\release\tests.dll" id="bcd1f511-94b6-a2b6-4c0d-819d27a24411">
      <Execution id="c6c01df2-ba1a-4d55-8435-ebc0421ab738" />
      <TestMethod codeBase="C:/Users/Diego/Documents/Visual Studio 2010/Projects/Uniprof/Tests/bin/Release/Tests.DLL" adapterTypeName="Microsoft.VisualStudio.TestTools.TestTypes.Unit.UnitTestAdapter, Microsoft.VisualStudio.QualityTools.Tips.UnitTest.Adapter, Version=10.0.0.0, Culture=neutral, PublicKeyToken=b03f5f7f11d50a3a" className="Tests.DiseñoRepositorioTest, Tests, Version=1.0.0.0, Culture=neutral, PublicKeyToken=null" name="buscarDiseñoPorClienteTest" />
    </UnitTest>
    <UnitTest name="modificarUsuarioTest1" storage="c:\users\diego\documents\visual studio 2010\projects\uniprof\tests\bin\release\tests.dll" id="44f2f0a7-9e33-876a-b7c3-d86059021fb2">
      <Execution id="7f0a3db3-106b-4742-a375-2a3d6df6d124" />
      <TestMethod codeBase="C:/Users/Diego/Documents/Visual Studio 2010/Projects/Uniprof/Tests/bin/Release/Tests.DLL" adapterTypeName="Microsoft.VisualStudio.TestTools.TestTypes.Unit.UnitTestAdapter, Microsoft.VisualStudio.QualityTools.Tips.UnitTest.Adapter, Version=10.0.0.0, Culture=neutral, PublicKeyToken=b03f5f7f11d50a3a" className="Tests.UsuarioBusinessTest, Tests, Version=1.0.0.0, Culture=neutral, PublicKeyToken=null" name="modificarUsuarioTest1" />
    </UnitTest>
    <UnitTest name="borrarArticuloTest" storage="c:\users\diego\documents\visual studio 2010\projects\uniprof\tests\bin\release\tests.dll" id="ee5f9022-6777-7fb2-dcc5-530f17ab50c0">
      <Execution id="81b0c9d9-81c6-46aa-b388-bf63a59fe420" />
      <TestMethod codeBase="C:/Users/Diego/Documents/Visual Studio 2010/Projects/Uniprof/Tests/bin/Release/Tests.DLL" adapterTypeName="Microsoft.VisualStudio.TestTools.TestTypes.Unit.UnitTestAdapter, Microsoft.VisualStudio.QualityTools.Tips.UnitTest.Adapter, Version=10.0.0.0, Culture=neutral, PublicKeyToken=b03f5f7f11d50a3a" className="Tests.ArticuloRepositorioTest, Tests, Version=1.0.0.0, Culture=neutral, PublicKeyToken=null" name="borrarArticuloTest" />
    </UnitTest>
    <UnitTest name="listarInsumosPorTipoTest" storage="c:\users\diego\documents\visual studio 2010\projects\uniprof\tests\bin\release\tests.dll" id="2ae7b1af-8597-a3ce-277b-0dc18037e21f">
      <Execution id="e3565087-f1ba-43f5-bd62-288a2aacad0c" />
      <TestMethod codeBase="C:/Users/Diego/Documents/Visual Studio 2010/Projects/Uniprof/Tests/bin/Release/Tests.DLL" adapterTypeName="Microsoft.VisualStudio.TestTools.TestTypes.Unit.UnitTestAdapter, Microsoft.VisualStudio.QualityTools.Tips.UnitTest.Adapter, Version=10.0.0.0, Culture=neutral, PublicKeyToken=b03f5f7f11d50a3a" className="Tests.InsumoBusinessTest, Tests, Version=1.0.0.0, Culture=neutral, PublicKeyToken=null" name="listarInsumosPorTipoTest" />
    </UnitTest>
    <UnitTest name="actualizaArticuloTest" storage="c:\users\diego\documents\visual studio 2010\projects\uniprof\tests\bin\release\tests.dll" id="5bcfcf35-a297-ce16-b906-540d8e2e0904">
      <Execution id="7b77daa1-60f9-4f9c-9b08-2a26331c01e0" />
      <TestMethod codeBase="C:/Users/Diego/Documents/Visual Studio 2010/Projects/Uniprof/Tests/bin/Release/Tests.DLL" adapterTypeName="Microsoft.VisualStudio.TestTools.TestTypes.Unit.UnitTestAdapter, Microsoft.VisualStudio.QualityTools.Tips.UnitTest.Adapter, Version=10.0.0.0, Culture=neutral, PublicKeyToken=b03f5f7f11d50a3a" className="Tests.ArticuloRepositorioTest, Tests, Version=1.0.0.0, Culture=neutral, PublicKeyToken=null" name="actualizaArticuloTest" />
    </UnitTest>
    <UnitTest name="buscarMovimintosTest" storage="c:\users\diego\documents\visual studio 2010\projects\uniprof\tests\bin\release\tests.dll" id="9c1f4476-7313-c46d-328a-55cea693565d">
      <Execution id="708dd707-ba7b-4003-bd34-20c8037e3de6" />
      <TestMethod codeBase="C:/Users/Diego/Documents/Visual Studio 2010/Projects/Uniprof/Tests/bin/Release/Tests.DLL" adapterTypeName="Microsoft.VisualStudio.TestTools.TestTypes.Unit.UnitTestAdapter, Microsoft.VisualStudio.QualityTools.Tips.UnitTest.Adapter, Version=10.0.0.0, Culture=neutral, PublicKeyToken=b03f5f7f11d50a3a" className="Tests.MovimientoProveedorBusinessTest, Tests, Version=1.0.0.0, Culture=neutral, PublicKeyToken=null" name="buscarMovimintosTest" />
    </UnitTest>
    <UnitTest name="listaPatentesPorFamiliaTest" storage="c:\users\diego\documents\visual studio 2010\projects\uniprof\tests\bin\release\tests.dll" id="72b264c8-79c9-9087-ae9e-47c332dbaa6d">
      <Execution id="b50f28d2-1415-4c82-bc27-a4a0c8b55ebb" />
      <TestMethod codeBase="C:/Users/Diego/Documents/Visual Studio 2010/Projects/Uniprof/Tests/bin/Release/Tests.DLL" adapterTypeName="Microsoft.VisualStudio.TestTools.TestTypes.Unit.UnitTestAdapter, Microsoft.VisualStudio.QualityTools.Tips.UnitTest.Adapter, Version=10.0.0.0, Culture=neutral, PublicKeyToken=b03f5f7f11d50a3a" className="Tests.PatenteBusinessTest, Tests, Version=1.0.0.0, Culture=neutral, PublicKeyToken=null" name="listaPatentesPorFamiliaTest" />
    </UnitTest>
    <UnitTest name="cargarListaPrecioConRestriccionesTest" storage="c:\users\diego\documents\visual studio 2010\projects\uniprof\tests\bin\release\tests.dll" id="3b15fca6-ba42-6ea6-b114-894cdb11cb16">
      <Execution id="2052ac89-0b5c-44d8-b66a-f450bb4da06b" />
      <TestMethod codeBase="C:/Users/Diego/Documents/Visual Studio 2010/Projects/Uniprof/Tests/bin/Release/Tests.DLL" adapterTypeName="Microsoft.VisualStudio.TestTools.TestTypes.Unit.UnitTestAdapter, Microsoft.VisualStudio.QualityTools.Tips.UnitTest.Adapter, Version=10.0.0.0, Culture=neutral, PublicKeyToken=b03f5f7f11d50a3a" className="Tests.ListaPreciosTDGTest, Tests, Version=1.0.0.0, Culture=neutral, PublicKeyToken=null" name="cargarListaPrecioConRestriccionesTest" />
    </UnitTest>
    <UnitTest name="cargarUsuarioPorFamiliaTest" storage="c:\users\diego\documents\visual studio 2010\projects\uniprof\tests\bin\release\tests.dll" id="c2878fbd-4540-66f8-af38-853465e7a6aa">
      <Execution id="efe1bc2f-712d-4d2e-a46e-bcc1573fbf3d" />
      <TestMethod codeBase="C:/Users/Diego/Documents/Visual Studio 2010/Projects/Uniprof/Tests/bin/Release/Tests.DLL" adapterTypeName="Microsoft.VisualStudio.TestTools.TestTypes.Unit.UnitTestAdapter, Microsoft.VisualStudio.QualityTools.Tips.UnitTest.Adapter, Version=10.0.0.0, Culture=neutral, PublicKeyToken=b03f5f7f11d50a3a" className="Tests.UsuarioTDGTest, Tests, Version=1.0.0.0, Culture=neutral, PublicKeyToken=null" name="cargarUsuarioPorFamiliaTest" />
    </UnitTest>
    <UnitTest name="actualizarProveedorTest" storage="c:\users\diego\documents\visual studio 2010\projects\uniprof\tests\bin\release\tests.dll" id="57811f03-2314-dd80-537e-0ead8105505e">
      <Execution id="b7721bf3-7e4e-4176-bb12-92984487293c" />
      <TestMethod codeBase="C:/Users/Diego/Documents/Visual Studio 2010/Projects/Uniprof/Tests/bin/Release/Tests.DLL" adapterTypeName="Microsoft.VisualStudio.TestTools.TestTypes.Unit.UnitTestAdapter, Microsoft.VisualStudio.QualityTools.Tips.UnitTest.Adapter, Version=10.0.0.0, Culture=neutral, PublicKeyToken=b03f5f7f11d50a3a" className="Tests.ProveedorTDGTest, Tests, Version=1.0.0.0, Culture=neutral, PublicKeyToken=null" name="actualizarProveedorTest" />
    </UnitTest>
    <UnitTest name="calcularFinalizacionTest2" storage="c:\users\diego\documents\visual studio 2010\projects\uniprof\tests\bin\release\tests.dll" id="ecabc92d-2f24-55b0-b16a-755e692c4e1a">
      <Execution id="648ac8df-f152-4238-99a5-a99ca6ec2899" />
      <TestMethod codeBase="C:/Users/Diego/Documents/Visual Studio 2010/Projects/Uniprof/Tests/bin/Release/Tests.DLL" adapterTypeName="Microsoft.VisualStudio.TestTools.TestTypes.Unit.UnitTestAdapter, Microsoft.VisualStudio.QualityTools.Tips.UnitTest.Adapter, Version=10.0.0.0, Culture=neutral, PublicKeyToken=b03f5f7f11d50a3a" className="Tests.ProduccionBusinessTest, Tests, Version=1.0.0.0, Culture=neutral, PublicKeyToken=null" name="calcularFinalizacionTest2" />
    </UnitTest>
    <UnitTest name="actualizarFamiliaPorObjetoTest" storage="c:\users\diego\documents\visual studio 2010\projects\uniprof\tests\bin\release\tests.dll" id="583b72ae-47b9-5eaa-f8ea-320cdf69527e">
      <Execution id="6430d092-2977-4127-b569-3320aa10a895" />
      <TestMethod codeBase="C:/Users/Diego/Documents/Visual Studio 2010/Projects/Uniprof/Tests/bin/Release/Tests.DLL" adapterTypeName="Microsoft.VisualStudio.TestTools.TestTypes.Unit.UnitTestAdapter, Microsoft.VisualStudio.QualityTools.Tips.UnitTest.Adapter, Version=10.0.0.0, Culture=neutral, PublicKeyToken=b03f5f7f11d50a3a" className="Tests.FamiliaBusinessTest, Tests, Version=1.0.0.0, Culture=neutral, PublicKeyToken=null" name="actualizarFamiliaPorObjetoTest" />
    </UnitTest>
    <UnitTest name="actualizarMovimientosTest" storage="c:\users\diego\documents\visual studio 2010\projects\uniprof\tests\bin\release\tests.dll" id="57822e73-41f0-97dd-bf29-4b1fd4ed053c">
      <Execution id="2898ef3d-dbc0-4124-a71a-a613dd54e012" />
      <TestMethod codeBase="C:/Users/Diego/Documents/Visual Studio 2010/Projects/Uniprof/Tests/bin/Release/Tests.DLL" adapterTypeName="Microsoft.VisualStudio.TestTools.TestTypes.Unit.UnitTestAdapter, Microsoft.VisualStudio.QualityTools.Tips.UnitTest.Adapter, Version=10.0.0.0, Culture=neutral, PublicKeyToken=b03f5f7f11d50a3a" className="Tests.MovimientoStockTDGTest, Tests, Version=1.0.0.0, Culture=neutral, PublicKeyToken=null" name="actualizarMovimientosTest" />
    </UnitTest>
    <UnitTest name="borrarHistoricoEstadosTest" storage="c:\users\diego\documents\visual studio 2010\projects\uniprof\tests\bin\release\tests.dll" id="fc8d00d7-7a7a-f0f3-a11d-98015016e42e">
      <Execution id="e532da0d-7d67-4a10-b24b-d2c57443609f" />
      <TestMethod codeBase="C:/Users/Diego/Documents/Visual Studio 2010/Projects/Uniprof/Tests/bin/Release/Tests.DLL" adapterTypeName="Microsoft.VisualStudio.TestTools.TestTypes.Unit.UnitTestAdapter, Microsoft.VisualStudio.QualityTools.Tips.UnitTest.Adapter, Version=10.0.0.0, Culture=neutral, PublicKeyToken=b03f5f7f11d50a3a" className="Tests.HistoricoEstadosPedidoTDGTest, Tests, Version=1.0.0.0, Culture=neutral, PublicKeyToken=null" name="borrarHistoricoEstadosTest" />
    </UnitTest>
    <UnitTest name="borrarClienteTest" storage="c:\users\diego\documents\visual studio 2010\projects\uniprof\tests\bin\release\tests.dll" id="d1b2634a-eb02-7f77-05de-c01ea104c115">
      <Execution id="7161e651-189b-45f2-a71a-beeb7fa553c2" />
      <TestMethod codeBase="C:/Users/Diego/Documents/Visual Studio 2010/Projects/Uniprof/Tests/bin/Release/Tests.DLL" adapterTypeName="Microsoft.VisualStudio.TestTools.TestTypes.Unit.UnitTestAdapter, Microsoft.VisualStudio.QualityTools.Tips.UnitTest.Adapter, Version=10.0.0.0, Culture=neutral, PublicKeyToken=b03f5f7f11d50a3a" className="Tests.UsuarioBusinessTest, Tests, Version=1.0.0.0, Culture=neutral, PublicKeyToken=null" name="borrarClienteTest" />
    </UnitTest>
    <UnitTest name="cargarMovimientosConRestriccionesTest" storage="c:\users\diego\documents\visual studio 2010\projects\uniprof\tests\bin\release\tests.dll" id="aeb09f8f-b144-d846-cb07-87151db0c5db">
      <Execution id="1c8d045f-a569-4217-9161-37aa0560b79d" />
      <TestMethod codeBase="C:/Users/Diego/Documents/Visual Studio 2010/Projects/Uniprof/Tests/bin/Release/Tests.DLL" adapterTypeName="Microsoft.VisualStudio.TestTools.TestTypes.Unit.UnitTestAdapter, Microsoft.VisualStudio.QualityTools.Tips.UnitTest.Adapter, Version=10.0.0.0, Culture=neutral, PublicKeyToken=b03f5f7f11d50a3a" className="Tests.MovimientoStockTDGTest, Tests, Version=1.0.0.0, Culture=neutral, PublicKeyToken=null" name="cargarMovimientosConRestriccionesTest" />
    </UnitTest>
    <UnitTest name="actualizarNewsletterTest" storage="c:\users\diego\documents\visual studio 2010\projects\uniprof\tests\bin\release\tests.dll" id="d5a80f55-2074-60f0-99dc-1062cdfc3cee">
      <Execution id="f0f811b9-dfff-4005-80d2-4dcb5cd1bec2" />
      <TestMethod codeBase="C:/Users/Diego/Documents/Visual Studio 2010/Projects/Uniprof/Tests/bin/Release/Tests.DLL" adapterTypeName="Microsoft.VisualStudio.TestTools.TestTypes.Unit.UnitTestAdapter, Microsoft.VisualStudio.QualityTools.Tips.UnitTest.Adapter, Version=10.0.0.0, Culture=neutral, PublicKeyToken=b03f5f7f11d50a3a" className="Tests.NewsletterRepositorioTest, Tests, Version=1.0.0.0, Culture=neutral, PublicKeyToken=null" name="actualizarNewsletterTest" />
    </UnitTest>
    <UnitTest name="calcularFinalizacionTest" storage="c:\users\diego\documents\visual studio 2010\projects\uniprof\tests\bin\release\tests.dll" id="cb0676d4-b73b-00c6-8824-aa32bdf40010">
      <Execution id="0da04b7f-135b-46a4-8248-ac98e2c03dbc" />
      <TestMethod codeBase="C:/Users/Diego/Documents/Visual Studio 2010/Projects/Uniprof/Tests/bin/Release/Tests.DLL" adapterTypeName="Microsoft.VisualStudio.TestTools.TestTypes.Unit.UnitTestAdapter, Microsoft.VisualStudio.QualityTools.Tips.UnitTest.Adapter, Version=10.0.0.0, Culture=neutral, PublicKeyToken=b03f5f7f11d50a3a" className="Tests.ProduccionBusinessTest, Tests, Version=1.0.0.0, Culture=neutral, PublicKeyToken=null" name="calcularFinalizacionTest" />
    </UnitTest>
    <UnitTest name="cargarHistoricoEstadosTest" storage="c:\users\diego\documents\visual studio 2010\projects\uniprof\tests\bin\release\tests.dll" id="47d53732-aaac-b97d-3608-f4da6d7da1f0">
      <Execution id="8a7f5a39-54dc-48dc-8220-c2b2a4a7247f" />
      <TestMethod codeBase="C:/Users/Diego/Documents/Visual Studio 2010/Projects/Uniprof/Tests/bin/Release/Tests.DLL" adapterTypeName="Microsoft.VisualStudio.TestTools.TestTypes.Unit.UnitTestAdapter, Microsoft.VisualStudio.QualityTools.Tips.UnitTest.Adapter, Version=10.0.0.0, Culture=neutral, PublicKeyToken=b03f5f7f11d50a3a" className="Tests.HistoricoEstadosProduccionTDGTest, Tests, Version=1.0.0.0, Culture=neutral, PublicKeyToken=null" name="cargarHistoricoEstadosTest" />
    </UnitTest>
    <UnitTest name="cargarMaquinaPorIdTest" storage="c:\users\diego\documents\visual studio 2010\projects\uniprof\tests\bin\release\tests.dll" id="9102ee27-432a-7243-07ab-4d672688ee38">
      <Execution id="d8731fb6-7d4e-467a-8041-28e062370df3" />
      <TestMethod codeBase="C:/Users/Diego/Documents/Visual Studio 2010/Projects/Uniprof/Tests/bin/Release/Tests.DLL" adapterTypeName="Microsoft.VisualStudio.TestTools.TestTypes.Unit.UnitTestAdapter, Microsoft.VisualStudio.QualityTools.Tips.UnitTest.Adapter, Version=10.0.0.0, Culture=neutral, PublicKeyToken=b03f5f7f11d50a3a" className="Tests.MaterialesBusinessTest, Tests, Version=1.0.0.0, Culture=neutral, PublicKeyToken=null" name="cargarMaquinaPorIdTest" />
    </UnitTest>
    <UnitTest name="listarProduccionPorEstadoTest" storage="c:\users\diego\documents\visual studio 2010\projects\uniprof\tests\bin\release\tests.dll" id="37eb03dd-b0ba-1d1a-150c-82804e7b16da">
      <Execution id="09df6e34-962f-43fc-9626-55e8125e5a59" />
      <TestMethod codeBase="C:/Users/Diego/Documents/Visual Studio 2010/Projects/Uniprof/Tests/bin/Release/Tests.DLL" adapterTypeName="Microsoft.VisualStudio.TestTools.TestTypes.Unit.UnitTestAdapter, Microsoft.VisualStudio.QualityTools.Tips.UnitTest.Adapter, Version=10.0.0.0, Culture=neutral, PublicKeyToken=b03f5f7f11d50a3a" className="Tests.ProduccionRepositorioTest, Tests, Version=1.0.0.0, Culture=neutral, PublicKeyToken=null" name="listarProduccionPorEstadoTest" />
    </UnitTest>
    <UnitTest name="actualizarTest" storage="c:\users\diego\documents\visual studio 2010\projects\uniprof\tests\bin\release\tests.dll" id="5b9bfc56-4cc5-173e-d51e-c0dfe65798ee">
      <Execution id="488e7785-9ad1-4cab-b1e8-22bf8892960b" />
      <TestMethod codeBase="C:/Users/Diego/Documents/Visual Studio 2010/Projects/Uniprof/Tests/bin/Release/Tests.DLL" adapterTypeName="Microsoft.VisualStudio.TestTools.TestTypes.Unit.UnitTestAdapter, Microsoft.VisualStudio.QualityTools.Tips.UnitTest.Adapter, Version=10.0.0.0, Culture=neutral, PublicKeyToken=b03f5f7f11d50a3a" className="Tests.ProveedorRepositorioTest, Tests, Version=1.0.0.0, Culture=neutral, PublicKeyToken=null" name="actualizarTest" />
    </UnitTest>
    <UnitTest name="borrarNewsletterTest" storage="c:\users\diego\documents\visual studio 2010\projects\uniprof\tests\bin\release\tests.dll" id="36f9d5ec-47e1-6737-13d6-445eaa622ab8">
      <Execution id="3b5fbeed-3475-4d44-8d72-13c24cba400f" />
      <TestMethod codeBase="C:/Users/Diego/Documents/Visual Studio 2010/Projects/Uniprof/Tests/bin/Release/Tests.DLL" adapterTypeName="Microsoft.VisualStudio.TestTools.TestTypes.Unit.UnitTestAdapter, Microsoft.VisualStudio.QualityTools.Tips.UnitTest.Adapter, Version=10.0.0.0, Culture=neutral, PublicKeyToken=b03f5f7f11d50a3a" className="Tests.NewsletterBusinessTest, Tests, Version=1.0.0.0, Culture=neutral, PublicKeyToken=null" name="borrarNewsletterTest" />
    </UnitTest>
    <UnitTest name="actualizarDiseñoTest" storage="c:\users\diego\documents\visual studio 2010\projects\uniprof\tests\bin\release\tests.dll" id="4f159a29-3cb7-c1f2-9ed8-8c5ed23afcbe">
      <Execution id="248bebb4-8395-484c-87dd-6a16596d3f30" />
      <TestMethod codeBase="C:/Users/Diego/Documents/Visual Studio 2010/Projects/Uniprof/Tests/bin/Release/Tests.DLL" adapterTypeName="Microsoft.VisualStudio.TestTools.TestTypes.Unit.UnitTestAdapter, Microsoft.VisualStudio.QualityTools.Tips.UnitTest.Adapter, Version=10.0.0.0, Culture=neutral, PublicKeyToken=b03f5f7f11d50a3a" className="Tests.DiseñoRepositorioTest, Tests, Version=1.0.0.0, Culture=neutral, PublicKeyToken=null" name="actualizarDiseñoTest" />
    </UnitTest>
    <UnitTest name="modificarLineaTest" storage="c:\users\diego\documents\visual studio 2010\projects\uniprof\tests\bin\release\tests.dll" id="3d34ce3d-2c19-4b40-f3e1-1e5a5ee88a27">
      <Execution id="97ae7ba2-37fb-4501-8139-c0d946bedca3" />
      <TestMethod codeBase="C:/Users/Diego/Documents/Visual Studio 2010/Projects/Uniprof/Tests/bin/Release/Tests.DLL" adapterTypeName="Microsoft.VisualStudio.TestTools.TestTypes.Unit.UnitTestAdapter, Microsoft.VisualStudio.QualityTools.Tips.UnitTest.Adapter, Version=10.0.0.0, Culture=neutral, PublicKeyToken=b03f5f7f11d50a3a" className="Tests.LineaFacturaTDGTest, Tests, Version=1.0.0.0, Culture=neutral, PublicKeyToken=null" name="modificarLineaTest" />
    </UnitTest>
    <UnitTest name="grabarFacturasTest" storage="c:\users\diego\documents\visual studio 2010\projects\uniprof\tests\bin\release\tests.dll" id="231d325e-5b2d-4422-b67b-4aed1bbc3f49">
      <Execution id="7ebbab1a-7767-4450-b9b5-a6501e132702" />
      <TestMethod codeBase="C:/Users/Diego/Documents/Visual Studio 2010/Projects/Uniprof/Tests/bin/Release/Tests.DLL" adapterTypeName="Microsoft.VisualStudio.TestTools.TestTypes.Unit.UnitTestAdapter, Microsoft.VisualStudio.QualityTools.Tips.UnitTest.Adapter, Version=10.0.0.0, Culture=neutral, PublicKeyToken=b03f5f7f11d50a3a" className="Tests.FacturaTDGTest, Tests, Version=1.0.0.0, Culture=neutral, PublicKeyToken=null" name="grabarFacturasTest" />
    </UnitTest>
    <UnitTest name="borrarDiseñosTest" storage="c:\users\diego\documents\visual studio 2010\projects\uniprof\tests\bin\release\tests.dll" id="ab4f6c28-3581-ba0b-4648-93d882bc1ba4">
      <Execution id="ae963189-a498-4f18-8ce4-93bef829f3db" />
      <TestMethod codeBase="C:/Users/Diego/Documents/Visual Studio 2010/Projects/Uniprof/Tests/bin/Release/Tests.DLL" adapterTypeName="Microsoft.VisualStudio.TestTools.TestTypes.Unit.UnitTestAdapter, Microsoft.VisualStudio.QualityTools.Tips.UnitTest.Adapter, Version=10.0.0.0, Culture=neutral, PublicKeyToken=b03f5f7f11d50a3a" className="Tests.DiseñoTDGTest, Tests, Version=1.0.0.0, Culture=neutral, PublicKeyToken=null" name="borrarDiseñosTest" />
    </UnitTest>
    <UnitTest name="listarMaquinasTest" storage="c:\users\diego\documents\visual studio 2010\projects\uniprof\tests\bin\release\tests.dll" id="2a2fd5ee-0dc7-50c0-f1c8-c482f09c9964">
      <Execution id="980846de-82ce-49c9-a92b-2bbc6cbbae72" />
      <TestMethod codeBase="C:/Users/Diego/Documents/Visual Studio 2010/Projects/Uniprof/Tests/bin/Release/Tests.DLL" adapterTypeName="Microsoft.VisualStudio.TestTools.TestTypes.Unit.UnitTestAdapter, Microsoft.VisualStudio.QualityTools.Tips.UnitTest.Adapter, Version=10.0.0.0, Culture=neutral, PublicKeyToken=b03f5f7f11d50a3a" className="Tests.MaquinaRepositorioTest, Tests, Version=1.0.0.0, Culture=neutral, PublicKeyToken=null" name="listarMaquinasTest" />
    </UnitTest>
    <UnitTest name="grabarFacturaTest" storage="c:\users\diego\documents\visual studio 2010\projects\uniprof\tests\bin\release\tests.dll" id="e23387f5-cbe9-d2c5-d12c-23a1dbe2d390">
      <Execution id="a4c0d669-9c69-47a6-8401-3eaa3f575291" />
      <TestMethod codeBase="C:/Users/Diego/Documents/Visual Studio 2010/Projects/Uniprof/Tests/bin/Release/Tests.DLL" adapterTypeName="Microsoft.VisualStudio.TestTools.TestTypes.Unit.UnitTestAdapter, Microsoft.VisualStudio.QualityTools.Tips.UnitTest.Adapter, Version=10.0.0.0, Culture=neutral, PublicKeyToken=b03f5f7f11d50a3a" className="Tests.FacturaBusinessTest, Tests, Version=1.0.0.0, Culture=neutral, PublicKeyToken=null" name="grabarFacturaTest" />
    </UnitTest>
    <UnitTest name="borrarTipoPedidosTest" storage="c:\users\diego\documents\visual studio 2010\projects\uniprof\tests\bin\release\tests.dll" id="5fd39f80-1bc2-a1e7-8064-c0ed0e813279">
      <Execution id="96dfe358-3938-422d-a04f-beceb91a42e2" />
      <TestMethod codeBase="C:/Users/Diego/Documents/Visual Studio 2010/Projects/Uniprof/Tests/bin/Release/Tests.DLL" adapterTypeName="Microsoft.VisualStudio.TestTools.TestTypes.Unit.UnitTestAdapter, Microsoft.VisualStudio.QualityTools.Tips.UnitTest.Adapter, Version=10.0.0.0, Culture=neutral, PublicKeyToken=b03f5f7f11d50a3a" className="Tests.TipoPedidoTDGTest, Tests, Version=1.0.0.0, Culture=neutral, PublicKeyToken=null" name="borrarTipoPedidosTest" />
    </UnitTest>
    <UnitTest name="grabarPedidoTest" storage="c:\users\diego\documents\visual studio 2010\projects\uniprof\tests\bin\release\tests.dll" id="f58b52d0-5450-8dbe-40cd-ee9f7307e372">
      <Execution id="a8b59de6-5426-4bf7-91f1-6f2d02da1fda" />
      <TestMethod codeBase="C:/Users/Diego/Documents/Visual Studio 2010/Projects/Uniprof/Tests/bin/Release/Tests.DLL" adapterTypeName="Microsoft.VisualStudio.TestTools.TestTypes.Unit.UnitTestAdapter, Microsoft.VisualStudio.QualityTools.Tips.UnitTest.Adapter, Version=10.0.0.0, Culture=neutral, PublicKeyToken=b03f5f7f11d50a3a" className="Tests.PedidoRepositorioTest, Tests, Version=1.0.0.0, Culture=neutral, PublicKeyToken=null" name="grabarPedidoTest" />
    </UnitTest>
    <UnitTest name="buscarNewsletterPorNombreTest" storage="c:\users\diego\documents\visual studio 2010\projects\uniprof\tests\bin\release\tests.dll" id="47f1b7ea-5dbe-ff8b-ee2e-cd35503da3a7">
      <Execution id="6c7ff7c0-6b21-451d-9649-5fe35c46baee" />
      <TestMethod codeBase="C:/Users/Diego/Documents/Visual Studio 2010/Projects/Uniprof/Tests/bin/Release/Tests.DLL" adapterTypeName="Microsoft.VisualStudio.TestTools.TestTypes.Unit.UnitTestAdapter, Microsoft.VisualStudio.QualityTools.Tips.UnitTest.Adapter, Version=10.0.0.0, Culture=neutral, PublicKeyToken=b03f5f7f11d50a3a" className="Tests.NewsletterTDGTest, Tests, Version=1.0.0.0, Culture=neutral, PublicKeyToken=null" name="buscarNewsletterPorNombreTest" />
    </UnitTest>
    <UnitTest name="cargarMensajePorConversacionTest" storage="c:\users\diego\documents\visual studio 2010\projects\uniprof\tests\bin\release\tests.dll" id="4148e9ec-0e25-c6a4-4bc2-03540cd0a990">
      <Execution id="d14d3243-b3ad-4540-8022-cf29477ffb16" />
      <TestMethod codeBase="C:/Users/Diego/Documents/Visual Studio 2010/Projects/Uniprof/Tests/bin/Release/Tests.DLL" adapterTypeName="Microsoft.VisualStudio.TestTools.TestTypes.Unit.UnitTestAdapter, Microsoft.VisualStudio.QualityTools.Tips.UnitTest.Adapter, Version=10.0.0.0, Culture=neutral, PublicKeyToken=b03f5f7f11d50a3a" className="Tests.MensajeTDGTest, Tests, Version=1.0.0.0, Culture=neutral, PublicKeyToken=null" name="cargarMensajePorConversacionTest" />
    </UnitTest>
    <UnitTest name="buscarArticulosConRestriccionesTest" storage="c:\users\diego\documents\visual studio 2010\projects\uniprof\tests\bin\release\tests.dll" id="cb854ea1-43fe-4e51-b3cc-ba77c8dba841">
      <Execution id="e63ffc01-9526-451b-89e7-2c7df508b42a" />
      <TestMethod codeBase="C:/Users/Diego/Documents/Visual Studio 2010/Projects/Uniprof/Tests/bin/Release/Tests.DLL" adapterTypeName="Microsoft.VisualStudio.TestTools.TestTypes.Unit.UnitTestAdapter, Microsoft.VisualStudio.QualityTools.Tips.UnitTest.Adapter, Version=10.0.0.0, Culture=neutral, PublicKeyToken=b03f5f7f11d50a3a" className="Tests.ArticuloTDGTest, Tests, Version=1.0.0.0, Culture=neutral, PublicKeyToken=null" name="buscarArticulosConRestriccionesTest" />
    </UnitTest>
    <UnitTest name="modificarArticulosTest" storage="c:\users\diego\documents\visual studio 2010\projects\uniprof\tests\bin\release\tests.dll" id="d2623342-49bb-a1e6-2415-8d8bba2b7ac4">
      <Execution id="9cffb1a9-f685-4fb3-b003-4c6e9e36bbb8" />
      <TestMethod codeBase="C:/Users/Diego/Documents/Visual Studio 2010/Projects/Uniprof/Tests/bin/Release/Tests.DLL" adapterTypeName="Microsoft.VisualStudio.TestTools.TestTypes.Unit.UnitTestAdapter, Microsoft.VisualStudio.QualityTools.Tips.UnitTest.Adapter, Version=10.0.0.0, Culture=neutral, PublicKeyToken=b03f5f7f11d50a3a" className="Tests.ArticuloTDGTest, Tests, Version=1.0.0.0, Culture=neutral, PublicKeyToken=null" name="modificarArticulosTest" />
    </UnitTest>
    <UnitTest name="borrarNewsletterTest" storage="c:\users\diego\documents\visual studio 2010\projects\uniprof\tests\bin\release\tests.dll" id="64c5f523-bd77-dde6-863d-1ca40834d636">
      <Execution id="679f0604-3e8a-4942-a3bc-42c695e6242a" />
      <TestMethod codeBase="C:/Users/Diego/Documents/Visual Studio 2010/Projects/Uniprof/Tests/bin/Release/Tests.DLL" adapterTypeName="Microsoft.VisualStudio.TestTools.TestTypes.Unit.UnitTestAdapter, Microsoft.VisualStudio.QualityTools.Tips.UnitTest.Adapter, Version=10.0.0.0, Culture=neutral, PublicKeyToken=b03f5f7f11d50a3a" className="Tests.NewsletterRepositorioTest, Tests, Version=1.0.0.0, Culture=neutral, PublicKeyToken=null" name="borrarNewsletterTest" />
    </UnitTest>
    <UnitTest name="crearNuevaMaquinaTest" storage="c:\users\diego\documents\visual studio 2010\projects\uniprof\tests\bin\release\tests.dll" id="0826b7aa-fcce-4d97-453d-e58eb4a27a97">
      <Execution id="7bb04b6a-decb-444f-a019-858939ab8d67" />
      <TestMethod codeBase="C:/Users/Diego/Documents/Visual Studio 2010/Projects/Uniprof/Tests/bin/Release/Tests.DLL" adapterTypeName="Microsoft.VisualStudio.TestTools.TestTypes.Unit.UnitTestAdapter, Microsoft.VisualStudio.QualityTools.Tips.UnitTest.Adapter, Version=10.0.0.0, Culture=neutral, PublicKeyToken=b03f5f7f11d50a3a" className="Tests.MaterialesBusinessTest, Tests, Version=1.0.0.0, Culture=neutral, PublicKeyToken=null" name="crearNuevaMaquinaTest" />
    </UnitTest>
    <UnitTest name="actualizaFacturaTest" storage="c:\users\diego\documents\visual studio 2010\projects\uniprof\tests\bin\release\tests.dll" id="dd5a8b39-7328-3edd-3658-5787ac153d19">
      <Execution id="d21c053f-aff3-4cd3-ac6c-03c33f5fe338" />
      <TestMethod codeBase="C:/Users/Diego/Documents/Visual Studio 2010/Projects/Uniprof/Tests/bin/Release/Tests.DLL" adapterTypeName="Microsoft.VisualStudio.TestTools.TestTypes.Unit.UnitTestAdapter, Microsoft.VisualStudio.QualityTools.Tips.UnitTest.Adapter, Version=10.0.0.0, Culture=neutral, PublicKeyToken=b03f5f7f11d50a3a" className="Tests.FacturaBusinessTest, Tests, Version=1.0.0.0, Culture=neutral, PublicKeyToken=null" name="actualizaFacturaTest" />
    </UnitTest>
    <UnitTest name="modificarLineaTest" storage="c:\users\diego\documents\visual studio 2010\projects\uniprof\tests\bin\release\tests.dll" id="0533de1e-bd84-9f46-95b5-950bf92951b0">
      <Execution id="16c79feb-da8c-4612-966f-faeb800e201a" />
      <TestMethod codeBase="C:/Users/Diego/Documents/Visual Studio 2010/Projects/Uniprof/Tests/bin/Release/Tests.DLL" adapterTypeName="Microsoft.VisualStudio.TestTools.TestTypes.Unit.UnitTestAdapter, Microsoft.VisualStudio.QualityTools.Tips.UnitTest.Adapter, Version=10.0.0.0, Culture=neutral, PublicKeyToken=b03f5f7f11d50a3a" className="Tests.LineaOrdenDeCompraTDGTest, Tests, Version=1.0.0.0, Culture=neutral, PublicKeyToken=null" name="modificarLineaTest" />
    </UnitTest>
    <UnitTest name="cargarUsuarioPorIdTest" storage="c:\users\diego\documents\visual studio 2010\projects\uniprof\tests\bin\release\tests.dll" id="ecaad254-0b1d-a420-c28a-c8ca0ba7c959">
      <Execution id="21f09c23-7bab-49ef-9e25-cc56ab5ac057" />
      <TestMethod codeBase="C:/Users/Diego/Documents/Visual Studio 2010/Projects/Uniprof/Tests/bin/Release/Tests.DLL" adapterTypeName="Microsoft.VisualStudio.TestTools.TestTypes.Unit.UnitTestAdapter, Microsoft.VisualStudio.QualityTools.Tips.UnitTest.Adapter, Version=10.0.0.0, Culture=neutral, PublicKeyToken=b03f5f7f11d50a3a" className="Tests.UsuarioRepositorioTest, Tests, Version=1.0.0.0, Culture=neutral, PublicKeyToken=null" name="cargarUsuarioPorIdTest" />
    </UnitTest>
    <UnitTest name="buscarEncuestaTest" storage="c:\users\diego\documents\visual studio 2010\projects\uniprof\tests\bin\release\tests.dll" id="5627da22-d5e7-edd9-24c7-79ea0acd3bdb">
      <Execution id="204e2e29-25c8-4937-a441-b1b172543a62" />
      <TestMethod codeBase="C:/Users/Diego/Documents/Visual Studio 2010/Projects/Uniprof/Tests/bin/Release/Tests.DLL" adapterTypeName="Microsoft.VisualStudio.TestTools.TestTypes.Unit.UnitTestAdapter, Microsoft.VisualStudio.QualityTools.Tips.UnitTest.Adapter, Version=10.0.0.0, Culture=neutral, PublicKeyToken=b03f5f7f11d50a3a" className="Tests.EncuestaTDGTest, Tests, Version=1.0.0.0, Culture=neutral, PublicKeyToken=null" name="buscarEncuestaTest" />
    </UnitTest>
    <UnitTest name="buscarDiseñoPorClienteTest" storage="c:\users\diego\documents\visual studio 2010\projects\uniprof\tests\bin\release\tests.dll" id="8ef58195-4b27-3ad6-c671-969e36dd1c6a">
      <Execution id="0ab0e93c-46b5-4288-9aab-c0d17a3e083a" />
      <TestMethod codeBase="C:/Users/Diego/Documents/Visual Studio 2010/Projects/Uniprof/Tests/bin/Release/Tests.DLL" adapterTypeName="Microsoft.VisualStudio.TestTools.TestTypes.Unit.UnitTestAdapter, Microsoft.VisualStudio.QualityTools.Tips.UnitTest.Adapter, Version=10.0.0.0, Culture=neutral, PublicKeyToken=b03f5f7f11d50a3a" className="Tests.DiseñoBusinessTest, Tests, Version=1.0.0.0, Culture=neutral, PublicKeyToken=null" name="buscarDiseñoPorClienteTest" />
    </UnitTest>
    <UnitTest name="grabarOrdenDeCompraTest" storage="c:\users\diego\documents\visual studio 2010\projects\uniprof\tests\bin\release\tests.dll" id="8c641761-f8ac-ef3e-efbe-0d44137ab9ce">
      <Execution id="e7fd78b3-38c1-455b-ad71-1121ecd6e396" />
      <TestMethod codeBase="C:/Users/Diego/Documents/Visual Studio 2010/Projects/Uniprof/Tests/bin/Release/Tests.DLL" adapterTypeName="Microsoft.VisualStudio.TestTools.TestTypes.Unit.UnitTestAdapter, Microsoft.VisualStudio.QualityTools.Tips.UnitTest.Adapter, Version=10.0.0.0, Culture=neutral, PublicKeyToken=b03f5f7f11d50a3a" className="Tests.OrdenCompraBusinessTest, Tests, Version=1.0.0.0, Culture=neutral, PublicKeyToken=null" name="grabarOrdenDeCompraTest" />
    </UnitTest>
    <UnitTest name="listarProduccionPorEstadoTest" storage="c:\users\diego\documents\visual studio 2010\projects\uniprof\tests\bin\release\tests.dll" id="2e92c0a7-eb38-f9b0-56bc-708e3a1e95b2">
      <Execution id="300eb7d1-d526-44a7-bd57-82475419ae1a" />
      <TestMethod codeBase="C:/Users/Diego/Documents/Visual Studio 2010/Projects/Uniprof/Tests/bin/Release/Tests.DLL" adapterTypeName="Microsoft.VisualStudio.TestTools.TestTypes.Unit.UnitTestAdapter, Microsoft.VisualStudio.QualityTools.Tips.UnitTest.Adapter, Version=10.0.0.0, Culture=neutral, PublicKeyToken=b03f5f7f11d50a3a" className="Tests.ProduccionBusinessTest, Tests, Version=1.0.0.0, Culture=neutral, PublicKeyToken=null" name="listarProduccionPorEstadoTest" />
    </UnitTest>
    <UnitTest name="calcularDistanciaEntreTrabajosTest3" storage="c:\users\diego\documents\visual studio 2010\projects\uniprof\tests\bin\release\tests.dll" id="da9d278a-cb0f-a51b-e352-ed20685028b9">
      <Execution id="7c879568-2587-40c8-a47e-ac37589d967c" />
      <TestMethod codeBase="C:/Users/Diego/Documents/Visual Studio 2010/Projects/Uniprof/Tests/bin/Release/Tests.DLL" adapterTypeName="Microsoft.VisualStudio.TestTools.TestTypes.Unit.UnitTestAdapter, Microsoft.VisualStudio.QualityTools.Tips.UnitTest.Adapter, Version=10.0.0.0, Culture=neutral, PublicKeyToken=b03f5f7f11d50a3a" className="Tests.ProduccionBusinessTest, Tests, Version=1.0.0.0, Culture=neutral, PublicKeyToken=null" name="calcularDistanciaEntreTrabajosTest3" />
    </UnitTest>
    <UnitTest name="listarUsuariosTest" storage="c:\users\diego\documents\visual studio 2010\projects\uniprof\tests\bin\release\tests.dll" id="601e990e-751d-e263-ef32-4be40187ef20">
      <Execution id="5664bd3a-531a-4c21-987c-73ccd2bff22a" />
      <TestMethod codeBase="C:/Users/Diego/Documents/Visual Studio 2010/Projects/Uniprof/Tests/bin/Release/Tests.DLL" adapterTypeName="Microsoft.VisualStudio.TestTools.TestTypes.Unit.UnitTestAdapter, Microsoft.VisualStudio.QualityTools.Tips.UnitTest.Adapter, Version=10.0.0.0, Culture=neutral, PublicKeyToken=b03f5f7f11d50a3a" className="Tests.UsuarioBusinessTest, Tests, Version=1.0.0.0, Culture=neutral, PublicKeyToken=null" name="listarUsuariosTest" />
    </UnitTest>
    <UnitTest name="listarProduccionConRestriccionesTest" storage="c:\users\diego\documents\visual studio 2010\projects\uniprof\tests\bin\release\tests.dll" id="0d0b6b4c-3d42-300a-bac7-fbab5e0b6cc5">
      <Execution id="15bca10b-6cca-4f82-9ded-84d240ba5029" />
      <TestMethod codeBase="C:/Users/Diego/Documents/Visual Studio 2010/Projects/Uniprof/Tests/bin/Release/Tests.DLL" adapterTypeName="Microsoft.VisualStudio.TestTools.TestTypes.Unit.UnitTestAdapter, Microsoft.VisualStudio.QualityTools.Tips.UnitTest.Adapter, Version=10.0.0.0, Culture=neutral, PublicKeyToken=b03f5f7f11d50a3a" className="Tests.ProduccionRepositorioTest, Tests, Version=1.0.0.0, Culture=neutral, PublicKeyToken=null" name="listarProduccionConRestriccionesTest" />
    </UnitTest>
    <UnitTest name="actualizarProduccionOperadorTDGTest" storage="c:\users\diego\documents\visual studio 2010\projects\uniprof\tests\bin\release\tests.dll" id="81b50b2a-4878-5c02-6765-8402ba293155">
      <Execution id="939afa81-eaeb-4792-b933-9498e317aa6c" />
      <TestMethod codeBase="C:/Users/Diego/Documents/Visual Studio 2010/Projects/Uniprof/Tests/bin/Release/Tests.DLL" adapterTypeName="Microsoft.VisualStudio.TestTools.TestTypes.Unit.UnitTestAdapter, Microsoft.VisualStudio.QualityTools.Tips.UnitTest.Adapter, Version=10.0.0.0, Culture=neutral, PublicKeyToken=b03f5f7f11d50a3a" className="Tests.ProduccionOperadorTDGTest, Tests, Version=1.0.0.0, Culture=neutral, PublicKeyToken=null" name="actualizarProduccionOperadorTDGTest" />
    </UnitTest>
    <UnitTest name="listarFamliasTest" storage="c:\users\diego\documents\visual studio 2010\projects\uniprof\tests\bin\release\tests.dll" id="147439b4-00a7-f2cb-1dec-6270bffba92e">
      <Execution id="776faad0-2d31-4f8c-9854-33b6a6f82659" />
      <TestMethod codeBase="C:/Users/Diego/Documents/Visual Studio 2010/Projects/Uniprof/Tests/bin/Release/Tests.DLL" adapterTypeName="Microsoft.VisualStudio.TestTools.TestTypes.Unit.UnitTestAdapter, Microsoft.VisualStudio.QualityTools.Tips.UnitTest.Adapter, Version=10.0.0.0, Culture=neutral, PublicKeyToken=b03f5f7f11d50a3a" className="Tests.FamiliaBusinessTest, Tests, Version=1.0.0.0, Culture=neutral, PublicKeyToken=null" name="listarFamliasTest" />
    </UnitTest>
    <UnitTest name="listarProduccionConRestriccionesTest" storage="c:\users\diego\documents\visual studio 2010\projects\uniprof\tests\bin\release\tests.dll" id="3222f04f-3bb8-b915-7622-11e1c846763f">
      <Execution id="7068b0fe-c60b-45ba-baca-5ec24c622af8" />
      <TestMethod codeBase="C:/Users/Diego/Documents/Visual Studio 2010/Projects/Uniprof/Tests/bin/Release/Tests.DLL" adapterTypeName="Microsoft.VisualStudio.TestTools.TestTypes.Unit.UnitTestAdapter, Microsoft.VisualStudio.QualityTools.Tips.UnitTest.Adapter, Version=10.0.0.0, Culture=neutral, PublicKeyToken=b03f5f7f11d50a3a" className="Tests.ProduccionBusinessTest, Tests, Version=1.0.0.0, Culture=neutral, PublicKeyToken=null" name="listarProduccionConRestriccionesTest" />
    </UnitTest>
    <UnitTest name="buscarOperadoresTest" storage="c:\users\diego\documents\visual studio 2010\projects\uniprof\tests\bin\release\tests.dll" id="cab5d754-b046-c047-88d8-b763f582d340">
      <Execution id="8615ecf2-6b9b-4b64-a781-0e3d864f0833" />
      <TestMethod codeBase="C:/Users/Diego/Documents/Visual Studio 2010/Projects/Uniprof/Tests/bin/Release/Tests.DLL" adapterTypeName="Microsoft.VisualStudio.TestTools.TestTypes.Unit.UnitTestAdapter, Microsoft.VisualStudio.QualityTools.Tips.UnitTest.Adapter, Version=10.0.0.0, Culture=neutral, PublicKeyToken=b03f5f7f11d50a3a" className="Tests.OperadorTDGTest, Tests, Version=1.0.0.0, Culture=neutral, PublicKeyToken=null" name="buscarOperadoresTest" />
    </UnitTest>
    <UnitTest name="actualizarMovimientoTest" storage="c:\users\diego\documents\visual studio 2010\projects\uniprof\tests\bin\release\tests.dll" id="04a946fc-19a1-d283-10d5-49de1068346e">
      <Execution id="4f5cf5ee-7c9f-4fa9-bff3-b566f36535a4" />
      <TestMethod codeBase="C:/Users/Diego/Documents/Visual Studio 2010/Projects/Uniprof/Tests/bin/Release/Tests.DLL" adapterTypeName="Microsoft.VisualStudio.TestTools.TestTypes.Unit.UnitTestAdapter, Microsoft.VisualStudio.QualityTools.Tips.UnitTest.Adapter, Version=10.0.0.0, Culture=neutral, PublicKeyToken=b03f5f7f11d50a3a" className="Tests.MovimientoClienteBusinessTest, Tests, Version=1.0.0.0, Culture=neutral, PublicKeyToken=null" name="actualizarMovimientoTest" />
    </UnitTest>
    <UnitTest name="buscarArticulosTest" storage="c:\users\diego\documents\visual studio 2010\projects\uniprof\tests\bin\release\tests.dll" id="e174714d-b5ae-6791-7e05-a6dae00c0681">
      <Execution id="32d6c4e7-47e2-42b0-a2ff-6a15a5b351b0" />
      <TestMethod codeBase="C:/Users/Diego/Documents/Visual Studio 2010/Projects/Uniprof/Tests/bin/Release/Tests.DLL" adapterTypeName="Microsoft.VisualStudio.TestTools.TestTypes.Unit.UnitTestAdapter, Microsoft.VisualStudio.QualityTools.Tips.UnitTest.Adapter, Version=10.0.0.0, Culture=neutral, PublicKeyToken=b03f5f7f11d50a3a" className="Tests.ArticuloTDGTest, Tests, Version=1.0.0.0, Culture=neutral, PublicKeyToken=null" name="buscarArticulosTest" />
    </UnitTest>
    <UnitTest name="modificarFacturasTest" storage="c:\users\diego\documents\visual studio 2010\projects\uniprof\tests\bin\release\tests.dll" id="d6d7a27e-0988-cf60-1910-ee6f0eb6cf75">
      <Execution id="13efd30a-57d5-4d3c-b4e0-5d51c80abc0f" />
      <TestMethod codeBase="C:/Users/Diego/Documents/Visual Studio 2010/Projects/Uniprof/Tests/bin/Release/Tests.DLL" adapterTypeName="Microsoft.VisualStudio.TestTools.TestTypes.Unit.UnitTestAdapter, Microsoft.VisualStudio.QualityTools.Tips.UnitTest.Adapter, Version=10.0.0.0, Culture=neutral, PublicKeyToken=b03f5f7f11d50a3a" className="Tests.FacturaTDGTest, Tests, Version=1.0.0.0, Culture=neutral, PublicKeyToken=null" name="modificarFacturasTest" />
    </UnitTest>
    <UnitTest name="listarInsumosPorColorTest" storage="c:\users\diego\documents\visual studio 2010\projects\uniprof\tests\bin\release\tests.dll" id="2ff4ab24-8ba8-c855-2fbb-5316fd166e9f">
      <Execution id="5bbf1517-6a2e-4694-b762-3de5c16b95f5" />
      <TestMethod codeBase="C:/Users/Diego/Documents/Visual Studio 2010/Projects/Uniprof/Tests/bin/Release/Tests.DLL" adapterTypeName="Microsoft.VisualStudio.TestTools.TestTypes.Unit.UnitTestAdapter, Microsoft.VisualStudio.QualityTools.Tips.UnitTest.Adapter, Version=10.0.0.0, Culture=neutral, PublicKeyToken=b03f5f7f11d50a3a" className="Tests.InsumoRepositorioTest, Tests, Version=1.0.0.0, Culture=neutral, PublicKeyToken=null" name="listarInsumosPorColorTest" />
    </UnitTest>
    <UnitTest name="actualizarTipoPedidosTest" storage="c:\users\diego\documents\visual studio 2010\projects\uniprof\tests\bin\release\tests.dll" id="bbf04cdd-f777-915a-4f82-d89d0fb3c21c">
      <Execution id="a271defe-518c-4ef4-a1cf-f9e9d845766a" />
      <TestMethod codeBase="C:/Users/Diego/Documents/Visual Studio 2010/Projects/Uniprof/Tests/bin/Release/Tests.DLL" adapterTypeName="Microsoft.VisualStudio.TestTools.TestTypes.Unit.UnitTestAdapter, Microsoft.VisualStudio.QualityTools.Tips.UnitTest.Adapter, Version=10.0.0.0, Culture=neutral, PublicKeyToken=b03f5f7f11d50a3a" className="Tests.TipoPedidoTDGTest, Tests, Version=1.0.0.0, Culture=neutral, PublicKeyToken=null" name="actualizarTipoPedidosTest" />
    </UnitTest>
    <UnitTest name="borrarArticuloTest" storage="c:\users\diego\documents\visual studio 2010\projects\uniprof\tests\bin\release\tests.dll" id="43cb51cd-66eb-181b-064e-18bf81c14a68">
      <Execution id="a911fd6e-840d-4ba0-af53-7b75d6ca606d" />
      <TestMethod codeBase="C:/Users/Diego/Documents/Visual Studio 2010/Projects/Uniprof/Tests/bin/Release/Tests.DLL" adapterTypeName="Microsoft.VisualStudio.TestTools.TestTypes.Unit.UnitTestAdapter, Microsoft.VisualStudio.QualityTools.Tips.UnitTest.Adapter, Version=10.0.0.0, Culture=neutral, PublicKeyToken=b03f5f7f11d50a3a" className="Tests.ArticuloBusinessTest, Tests, Version=1.0.0.0, Culture=neutral, PublicKeyToken=null" name="borrarArticuloTest" />
    </UnitTest>
    <UnitTest name="cargarFamiliasTest" storage="c:\users\diego\documents\visual studio 2010\projects\uniprof\tests\bin\release\tests.dll" id="c6f9c8d4-b42f-f506-2486-8ec3f82f78d3">
      <Execution id="5f137821-19e1-4cdb-ba3a-44f4c2869926" />
      <TestMethod codeBase="C:/Users/Diego/Documents/Visual Studio 2010/Projects/Uniprof/Tests/bin/Release/Tests.DLL" adapterTypeName="Microsoft.VisualStudio.TestTools.TestTypes.Unit.UnitTestAdapter, Microsoft.VisualStudio.QualityTools.Tips.UnitTest.Adapter, Version=10.0.0.0, Culture=neutral, PublicKeyToken=b03f5f7f11d50a3a" className="Tests.FamiliaTDGTest, Tests, Version=1.0.0.0, Culture=neutral, PublicKeyToken=null" name="cargarFamiliasTest" />
    </UnitTest>
    <UnitTest name="grabarNewsletterTest" storage="c:\users\diego\documents\visual studio 2010\projects\uniprof\tests\bin\release\tests.dll" id="b28eae18-99f0-9519-6256-d75c3d089452">
      <Execution id="040d67fa-5db6-449e-9673-c6c1c6eb4ff3" />
      <TestMethod codeBase="C:/Users/Diego/Documents/Visual Studio 2010/Projects/Uniprof/Tests/bin/Release/Tests.DLL" adapterTypeName="Microsoft.VisualStudio.TestTools.TestTypes.Unit.UnitTestAdapter, Microsoft.VisualStudio.QualityTools.Tips.UnitTest.Adapter, Version=10.0.0.0, Culture=neutral, PublicKeyToken=b03f5f7f11d50a3a" className="Tests.NewsletterBusinessTest, Tests, Version=1.0.0.0, Culture=neutral, PublicKeyToken=null" name="grabarNewsletterTest" />
    </UnitTest>
    <UnitTest name="ListarPrendasTest" storage="c:\users\diego\documents\visual studio 2010\projects\uniprof\tests\bin\release\tests.dll" id="c1679918-c36e-2cbe-87a9-96506a9b38f9">
      <Execution id="4cf865b8-0bf2-4a74-bec5-661dbb926fd8" />
      <TestMethod codeBase="C:/Users/Diego/Documents/Visual Studio 2010/Projects/Uniprof/Tests/bin/Release/Tests.DLL" adapterTypeName="Microsoft.VisualStudio.TestTools.TestTypes.Unit.UnitTestAdapter, Microsoft.VisualStudio.QualityTools.Tips.UnitTest.Adapter, Version=10.0.0.0, Culture=neutral, PublicKeyToken=b03f5f7f11d50a3a" className="Tests.TipoPrendaRepositorioTest, Tests, Version=1.0.0.0, Culture=neutral, PublicKeyToken=null" name="ListarPrendasTest" />
    </UnitTest>
    <UnitTest name="grabarMovimientoTest" storage="c:\users\diego\documents\visual studio 2010\projects\uniprof\tests\bin\release\tests.dll" id="aa08efca-9836-e946-b0ea-6d46d0e78977">
      <Execution id="535f7ade-8cc5-4c54-99c5-adef68845fa9" />
      <TestMethod codeBase="C:/Users/Diego/Documents/Visual Studio 2010/Projects/Uniprof/Tests/bin/Release/Tests.DLL" adapterTypeName="Microsoft.VisualStudio.TestTools.TestTypes.Unit.UnitTestAdapter, Microsoft.VisualStudio.QualityTools.Tips.UnitTest.Adapter, Version=10.0.0.0, Culture=neutral, PublicKeyToken=b03f5f7f11d50a3a" className="Tests.MovimientoCuentaProveedorRepositorioTest, Tests, Version=1.0.0.0, Culture=neutral, PublicKeyToken=null" name="grabarMovimientoTest" />
    </UnitTest>
    <UnitTest name="grabarProveedorTest" storage="c:\users\diego\documents\visual studio 2010\projects\uniprof\tests\bin\release\tests.dll" id="8d735e5a-f52c-96a5-4bed-a99c0526014e">
      <Execution id="a6b209c7-e2d7-402c-a137-dfaee4143e52" />
      <TestMethod codeBase="C:/Users/Diego/Documents/Visual Studio 2010/Projects/Uniprof/Tests/bin/Release/Tests.DLL" adapterTypeName="Microsoft.VisualStudio.TestTools.TestTypes.Unit.UnitTestAdapter, Microsoft.VisualStudio.QualityTools.Tips.UnitTest.Adapter, Version=10.0.0.0, Culture=neutral, PublicKeyToken=b03f5f7f11d50a3a" className="Tests.ProveedorTDGTest, Tests, Version=1.0.0.0, Culture=neutral, PublicKeyToken=null" name="grabarProveedorTest" />
    </UnitTest>
    <UnitTest name="cargarPatentesPorFamiliaTest" storage="c:\users\diego\documents\visual studio 2010\projects\uniprof\tests\bin\release\tests.dll" id="16ffbd3f-3aee-beef-202b-0a5edf0b4c4f">
      <Execution id="53e1ffef-f952-40ac-9fef-34cd95eb797d" />
      <TestMethod codeBase="C:/Users/Diego/Documents/Visual Studio 2010/Projects/Uniprof/Tests/bin/Release/Tests.DLL" adapterTypeName="Microsoft.VisualStudio.TestTools.TestTypes.Unit.UnitTestAdapter, Microsoft.VisualStudio.QualityTools.Tips.UnitTest.Adapter, Version=10.0.0.0, Culture=neutral, PublicKeyToken=b03f5f7f11d50a3a" className="Tests.PatenteRepositorioTest, Tests, Version=1.0.0.0, Culture=neutral, PublicKeyToken=null" name="cargarPatentesPorFamiliaTest" />
    </UnitTest>
    <UnitTest name="actualizarUsuarioTest" storage="c:\users\diego\documents\visual studio 2010\projects\uniprof\tests\bin\release\tests.dll" id="70dba011-1aa4-3fb1-b8c2-fb8d0666bd55">
      <Execution id="404e079e-ab52-4ed8-aa2f-df85d6a6b21b" />
      <TestMethod codeBase="C:/Users/Diego/Documents/Visual Studio 2010/Projects/Uniprof/Tests/bin/Release/Tests.DLL" adapterTypeName="Microsoft.VisualStudio.TestTools.TestTypes.Unit.UnitTestAdapter, Microsoft.VisualStudio.QualityTools.Tips.UnitTest.Adapter, Version=10.0.0.0, Culture=neutral, PublicKeyToken=b03f5f7f11d50a3a" className="Tests.ClienteTDGTest, Tests, Version=1.0.0.0, Culture=neutral, PublicKeyToken=null" name="actualizarUsuarioTest" />
    </UnitTest>
    <UnitTest name="cargarClientePorFacturaTest" storage="c:\users\diego\documents\visual studio 2010\projects\uniprof\tests\bin\release\tests.dll" id="cc6fe6c4-963e-60ba-9611-8e531f6502c5">
      <Execution id="0ab33727-e821-4514-9b5e-9152c1d146d9" />
      <TestMethod codeBase="C:/Users/Diego/Documents/Visual Studio 2010/Projects/Uniprof/Tests/bin/Release/Tests.DLL" adapterTypeName="Microsoft.VisualStudio.TestTools.TestTypes.Unit.UnitTestAdapter, Microsoft.VisualStudio.QualityTools.Tips.UnitTest.Adapter, Version=10.0.0.0, Culture=neutral, PublicKeyToken=b03f5f7f11d50a3a" className="Tests.ClienteTDGTest, Tests, Version=1.0.0.0, Culture=neutral, PublicKeyToken=null" name="cargarClientePorFacturaTest" />
    </UnitTest>
    <UnitTest name="buscarInsumosConRestriccionesTest" storage="c:\users\diego\documents\visual studio 2010\projects\uniprof\tests\bin\release\tests.dll" id="590fbd59-b150-d4b9-6a37-e409519e63c2">
      <Execution id="78d59c6d-ee5e-4903-b188-795fc132d02d" />
      <TestMethod codeBase="C:/Users/Diego/Documents/Visual Studio 2010/Projects/Uniprof/Tests/bin/Release/Tests.DLL" adapterTypeName="Microsoft.VisualStudio.TestTools.TestTypes.Unit.UnitTestAdapter, Microsoft.VisualStudio.QualityTools.Tips.UnitTest.Adapter, Version=10.0.0.0, Culture=neutral, PublicKeyToken=b03f5f7f11d50a3a" className="Tests.InsumoTDGTest, Tests, Version=1.0.0.0, Culture=neutral, PublicKeyToken=null" name="buscarInsumosConRestriccionesTest" />
    </UnitTest>
    <UnitTest name="agregarPatenteTest" storage="c:\users\diego\documents\visual studio 2010\projects\uniprof\tests\bin\release\tests.dll" id="e27be593-1d5d-4e60-f221-5154b5c9193c">
      <Execution id="d25a0f47-4925-4a77-a211-a0fefe13bdf0" />
      <TestMethod codeBase="C:/Users/Diego/Documents/Visual Studio 2010/Projects/Uniprof/Tests/bin/Release/Tests.DLL" adapterTypeName="Microsoft.VisualStudio.TestTools.TestTypes.Unit.UnitTestAdapter, Microsoft.VisualStudio.QualityTools.Tips.UnitTest.Adapter, Version=10.0.0.0, Culture=neutral, PublicKeyToken=b03f5f7f11d50a3a" className="Tests.FamiliaTDGTest, Tests, Version=1.0.0.0, Culture=neutral, PublicKeyToken=null" name="agregarPatenteTest" />
    </UnitTest>
    <UnitTest name="buscarPrimerosHuecosMaquinaTest" storage="c:\users\diego\documents\visual studio 2010\projects\uniprof\tests\bin\release\tests.dll" id="58008e3d-a662-382f-b6bd-ea56db2d0729">
      <Execution id="068a4245-6ffd-4aa2-897e-4e6e7886a8af" />
      <TestMethod codeBase="C:/Users/Diego/Documents/Visual Studio 2010/Projects/Uniprof/Tests/bin/Release/Tests.DLL" adapterTypeName="Microsoft.VisualStudio.TestTools.TestTypes.Unit.UnitTestAdapter, Microsoft.VisualStudio.QualityTools.Tips.UnitTest.Adapter, Version=10.0.0.0, Culture=neutral, PublicKeyToken=b03f5f7f11d50a3a" className="Tests.ProduccionBusinessTest, Tests, Version=1.0.0.0, Culture=neutral, PublicKeyToken=null" name="buscarPrimerosHuecosMaquinaTest" />
    </UnitTest>
    <UnitTest name="bloquearUsuarioTest" storage="c:\users\diego\documents\visual studio 2010\projects\uniprof\tests\bin\release\tests.dll" id="a5c2a138-5bc5-66da-7c2e-bc96b13a556b">
      <Execution id="79e06b9e-80f3-456c-9d58-b66bca5a036e" />
      <TestMethod codeBase="C:/Users/Diego/Documents/Visual Studio 2010/Projects/Uniprof/Tests/bin/Release/Tests.DLL" adapterTypeName="Microsoft.VisualStudio.TestTools.TestTypes.Unit.UnitTestAdapter, Microsoft.VisualStudio.QualityTools.Tips.UnitTest.Adapter, Version=10.0.0.0, Culture=neutral, PublicKeyToken=b03f5f7f11d50a3a" className="Tests.UsuarioBusinessTest, Tests, Version=1.0.0.0, Culture=neutral, PublicKeyToken=null" name="bloquearUsuarioTest" />
    </UnitTest>
    <UnitTest name="buscarEstadosTest" storage="c:\users\diego\documents\visual studio 2010\projects\uniprof\tests\bin\release\tests.dll" id="beb08e30-b8b0-b48e-c515-c7a8586c6e54">
      <Execution id="874f4fb5-120f-4980-9eaf-f46b6e2f4336" />
      <TestMethod codeBase="C:/Users/Diego/Documents/Visual Studio 2010/Projects/Uniprof/Tests/bin/Release/Tests.DLL" adapterTypeName="Microsoft.VisualStudio.TestTools.TestTypes.Unit.UnitTestAdapter, Microsoft.VisualStudio.QualityTools.Tips.UnitTest.Adapter, Version=10.0.0.0, Culture=neutral, PublicKeyToken=b03f5f7f11d50a3a" className="Tests.EstadoDiseñoTDGTest, Tests, Version=1.0.0.0, Culture=neutral, PublicKeyToken=null" name="buscarEstadosTest" />
    </UnitTest>
    <UnitTest name="actualizarInsumoTest" storage="c:\users\diego\documents\visual studio 2010\projects\uniprof\tests\bin\release\tests.dll" id="1a2eb27e-5a5f-d0a1-8888-804cc861f69e">
      <Execution id="2c68be30-6fd3-406b-af17-986760c48f6f" />
      <TestMethod codeBase="C:/Users/Diego/Documents/Visual Studio 2010/Projects/Uniprof/Tests/bin/Release/Tests.DLL" adapterTypeName="Microsoft.VisualStudio.TestTools.TestTypes.Unit.UnitTestAdapter, Microsoft.VisualStudio.QualityTools.Tips.UnitTest.Adapter, Version=10.0.0.0, Culture=neutral, PublicKeyToken=b03f5f7f11d50a3a" className="Tests.InsumoBusinessTest, Tests, Version=1.0.0.0, Culture=neutral, PublicKeyToken=null" name="actualizarInsumoTest" />
    </UnitTest>
    <UnitTest name="listarInsumosPorColorTest" storage="c:\users\diego\documents\visual studio 2010\projects\uniprof\tests\bin\release\tests.dll" id="8a0dd9bc-7acf-b95a-4187-a00b7726fa73">
      <Execution id="fa46f39c-4469-4a14-a165-1aca52a059c6" />
      <TestMethod codeBase="C:/Users/Diego/Documents/Visual Studio 2010/Projects/Uniprof/Tests/bin/Release/Tests.DLL" adapterTypeName="Microsoft.VisualStudio.TestTools.TestTypes.Unit.UnitTestAdapter, Microsoft.VisualStudio.QualityTools.Tips.UnitTest.Adapter, Version=10.0.0.0, Culture=neutral, PublicKeyToken=b03f5f7f11d50a3a" className="Tests.InsumoBusinessTest, Tests, Version=1.0.0.0, Culture=neutral, PublicKeyToken=null" name="listarInsumosPorColorTest" />
    </UnitTest>
    <UnitTest name="borrarUsuarioTest" storage="c:\users\diego\documents\visual studio 2010\projects\uniprof\tests\bin\release\tests.dll" id="364ee525-fb4e-4236-05f2-99b03bc282b2">
      <Execution id="1f681772-8de0-4b4e-b426-59abed982d2b" />
      <TestMethod codeBase="C:/Users/Diego/Documents/Visual Studio 2010/Projects/Uniprof/Tests/bin/Release/Tests.DLL" adapterTypeName="Microsoft.VisualStudio.TestTools.TestTypes.Unit.UnitTestAdapter, Microsoft.VisualStudio.QualityTools.Tips.UnitTest.Adapter, Version=10.0.0.0, Culture=neutral, PublicKeyToken=b03f5f7f11d50a3a" className="Tests.ClienteTDGTest, Tests, Version=1.0.0.0, Culture=neutral, PublicKeyToken=null" name="borrarUsuarioTest" />
    </UnitTest>
    <UnitTest name="BuscarDiseñosTest" storage="c:\users\diego\documents\visual studio 2010\projects\uniprof\tests\bin\release\tests.dll" id="78d51b31-e137-cc46-4586-32e7fc15993b">
      <Execution id="67ac1e5a-c58e-4ff2-8bd2-62f0c071e0cd" />
      <TestMethod codeBase="C:/Users/Diego/Documents/Visual Studio 2010/Projects/Uniprof/Tests/bin/Release/Tests.DLL" adapterTypeName="Microsoft.VisualStudio.TestTools.TestTypes.Unit.UnitTestAdapter, Microsoft.VisualStudio.QualityTools.Tips.UnitTest.Adapter, Version=10.0.0.0, Culture=neutral, PublicKeyToken=b03f5f7f11d50a3a" className="Tests.DiseñoRepositorioTest, Tests, Version=1.0.0.0, Culture=neutral, PublicKeyToken=null" name="BuscarDiseñosTest" />
    </UnitTest>
    <UnitTest name="cargarLineasFacturaConRestriccionTest" storage="c:\users\diego\documents\visual studio 2010\projects\uniprof\tests\bin\release\tests.dll" id="1185b585-ef75-6544-19b0-95bea00f10c1">
      <Execution id="efae77f4-98af-4896-a1fc-0a3c08b3cd92" />
      <TestMethod codeBase="C:/Users/Diego/Documents/Visual Studio 2010/Projects/Uniprof/Tests/bin/Release/Tests.DLL" adapterTypeName="Microsoft.VisualStudio.TestTools.TestTypes.Unit.UnitTestAdapter, Microsoft.VisualStudio.QualityTools.Tips.UnitTest.Adapter, Version=10.0.0.0, Culture=neutral, PublicKeyToken=b03f5f7f11d50a3a" className="Tests.LineaOrdenDeCompraTDGTest, Tests, Version=1.0.0.0, Culture=neutral, PublicKeyToken=null" name="cargarLineasFacturaConRestriccionTest" />
    </UnitTest>
    <UnitTest name="GuardarPedidoTest1" storage="c:\users\diego\documents\visual studio 2010\projects\uniprof\tests\bin\release\tests.dll" id="1547d2a7-8401-4066-0421-456391521e4e">
      <Execution id="4947e7cb-4568-4c56-bbbc-b6466d88618f" />
      <TestMethod codeBase="C:/Users/Diego/Documents/Visual Studio 2010/Projects/Uniprof/Tests/bin/Release/Tests.DLL" adapterTypeName="Microsoft.VisualStudio.TestTools.TestTypes.Unit.UnitTestAdapter, Microsoft.VisualStudio.QualityTools.Tips.UnitTest.Adapter, Version=10.0.0.0, Culture=neutral, PublicKeyToken=b03f5f7f11d50a3a" className="Tests.PedidoBusinessTest, Tests, Version=1.0.0.0, Culture=neutral, PublicKeyToken=null" name="GuardarPedidoTest1" />
    </UnitTest>
    <UnitTest name="grabarProduccionOperadorTDGTest" storage="c:\users\diego\documents\visual studio 2010\projects\uniprof\tests\bin\release\tests.dll" id="bab93624-9701-4d27-3151-c1bf509e95c1">
      <Execution id="c73b7306-9f18-4e8c-9f30-8182c82dfa15" />
      <TestMethod codeBase="C:/Users/Diego/Documents/Visual Studio 2010/Projects/Uniprof/Tests/bin/Release/Tests.DLL" adapterTypeName="Microsoft.VisualStudio.TestTools.TestTypes.Unit.UnitTestAdapter, Microsoft.VisualStudio.QualityTools.Tips.UnitTest.Adapter, Version=10.0.0.0, Culture=neutral, PublicKeyToken=b03f5f7f11d50a3a" className="Tests.ProduccionOperadorTDGTest, Tests, Version=1.0.0.0, Culture=neutral, PublicKeyToken=null" name="grabarProduccionOperadorTDGTest" />
    </UnitTest>
    <UnitTest name="actualizarMovimientoTest" storage="c:\users\diego\documents\visual studio 2010\projects\uniprof\tests\bin\release\tests.dll" id="3cd1a5b2-2061-12b0-4cbc-6da8d643a9e8">
      <Execution id="ed97b851-7c68-41d3-88f9-8f38c3b43dc4" />
      <TestMethod codeBase="C:/Users/Diego/Documents/Visual Studio 2010/Projects/Uniprof/Tests/bin/Release/Tests.DLL" adapterTypeName="Microsoft.VisualStudio.TestTools.TestTypes.Unit.UnitTestAdapter, Microsoft.VisualStudio.QualityTools.Tips.UnitTest.Adapter, Version=10.0.0.0, Culture=neutral, PublicKeyToken=b03f5f7f11d50a3a" className="Tests.MovimientoCuentaProveedorRepositorioTest, Tests, Version=1.0.0.0, Culture=neutral, PublicKeyToken=null" name="actualizarMovimientoTest" />
    </UnitTest>
    <UnitTest name="listarFacturasPorIdTest" storage="c:\users\diego\documents\visual studio 2010\projects\uniprof\tests\bin\release\tests.dll" id="c6a2f7ad-0298-580e-2fa3-bbb6c9b28898">
      <Execution id="4f834f70-61e5-4b4d-baec-2aae7a53ba6b" />
      <TestMethod codeBase="C:/Users/Diego/Documents/Visual Studio 2010/Projects/Uniprof/Tests/bin/Release/Tests.DLL" adapterTypeName="Microsoft.VisualStudio.TestTools.TestTypes.Unit.UnitTestAdapter, Microsoft.VisualStudio.QualityTools.Tips.UnitTest.Adapter, Version=10.0.0.0, Culture=neutral, PublicKeyToken=b03f5f7f11d50a3a" className="Tests.FacturaRepositorioTest, Tests, Version=1.0.0.0, Culture=neutral, PublicKeyToken=null" name="listarFacturasPorIdTest" />
    </UnitTest>
    <UnitTest name="modificarTest" storage="c:\users\diego\documents\visual studio 2010\projects\uniprof\tests\bin\release\tests.dll" id="13496ae0-c24c-3fcb-7178-2789fe5b49ef">
      <Execution id="1591fd72-7d3b-4b36-876e-4475941f1052" />
      <TestMethod codeBase="C:/Users/Diego/Documents/Visual Studio 2010/Projects/Uniprof/Tests/bin/Release/Tests.DLL" adapterTypeName="Microsoft.VisualStudio.TestTools.TestTypes.Unit.UnitTestAdapter, Microsoft.VisualStudio.QualityTools.Tips.UnitTest.Adapter, Version=10.0.0.0, Culture=neutral, PublicKeyToken=b03f5f7f11d50a3a" className="Tests.ConversacionRepositorioTest, Tests, Version=1.0.0.0, Culture=neutral, PublicKeyToken=null" name="modificarTest" />
    </UnitTest>
    <UnitTest name="borrarArticulosTest" storage="c:\users\diego\documents\visual studio 2010\projects\uniprof\tests\bin\release\tests.dll" id="14276aa4-72b7-f96c-4fe9-e83b20c4c391">
      <Execution id="dc6879ca-fb2c-4bf6-8677-63cf11884f1a" />
      <TestMethod codeBase="C:/Users/Diego/Documents/Visual Studio 2010/Projects/Uniprof/Tests/bin/Release/Tests.DLL" adapterTypeName="Microsoft.VisualStudio.TestTools.TestTypes.Unit.UnitTestAdapter, Microsoft.VisualStudio.QualityTools.Tips.UnitTest.Adapter, Version=10.0.0.0, Culture=neutral, PublicKeyToken=b03f5f7f11d50a3a" className="Tests.ArticuloTDGTest, Tests, Version=1.0.0.0, Culture=neutral, PublicKeyToken=null" name="borrarArticulosTest" />
    </UnitTest>
    <UnitTest name="borrarTest" storage="c:\users\diego\documents\visual studio 2010\projects\uniprof\tests\bin\release\tests.dll" id="cb68f00e-cb19-bf47-0657-80219e1c9cfa">
      <Execution id="ad959c2f-1a95-4175-b1be-d033e988e4f1" />
      <TestMethod codeBase="C:/Users/Diego/Documents/Visual Studio 2010/Projects/Uniprof/Tests/bin/Release/Tests.DLL" adapterTypeName="Microsoft.VisualStudio.TestTools.TestTypes.Unit.UnitTestAdapter, Microsoft.VisualStudio.QualityTools.Tips.UnitTest.Adapter, Version=10.0.0.0, Culture=neutral, PublicKeyToken=b03f5f7f11d50a3a" className="Tests.MensajeRepositorioTest, Tests, Version=1.0.0.0, Culture=neutral, PublicKeyToken=null" name="borrarTest" />
    </UnitTest>
    <UnitTest name="listarArticulosTest" storage="c:\users\diego\documents\visual studio 2010\projects\uniprof\tests\bin\release\tests.dll" id="62f6b994-f314-dfaa-2382-4b70b0820150">
      <Execution id="8fc26c6e-9764-4565-ba9b-2a69ed6f2307" />
      <TestMethod codeBase="C:/Users/Diego/Documents/Visual Studio 2010/Projects/Uniprof/Tests/bin/Release/Tests.DLL" adapterTypeName="Microsoft.VisualStudio.TestTools.TestTypes.Unit.UnitTestAdapter, Microsoft.VisualStudio.QualityTools.Tips.UnitTest.Adapter, Version=10.0.0.0, Culture=neutral, PublicKeyToken=b03f5f7f11d50a3a" className="Tests.ArticuloBusinessTest, Tests, Version=1.0.0.0, Culture=neutral, PublicKeyToken=null" name="listarArticulosTest" />
    </UnitTest>
    <UnitTest name="borrarLineaTest" storage="c:\users\diego\documents\visual studio 2010\projects\uniprof\tests\bin\release\tests.dll" id="954c6542-5669-95f4-2fc5-a01c436de193">
      <Execution id="1d2d91c1-f913-41db-9d3a-baf82453bee9" />
      <TestMethod codeBase="C:/Users/Diego/Documents/Visual Studio 2010/Projects/Uniprof/Tests/bin/Release/Tests.DLL" adapterTypeName="Microsoft.VisualStudio.TestTools.TestTypes.Unit.UnitTestAdapter, Microsoft.VisualStudio.QualityTools.Tips.UnitTest.Adapter, Version=10.0.0.0, Culture=neutral, PublicKeyToken=b03f5f7f11d50a3a" className="Tests.LineaOrdenDeCompraTDGTest, Tests, Version=1.0.0.0, Culture=neutral, PublicKeyToken=null" name="borrarLineaTest" />
    </UnitTest>
    <UnitTest name="grabarProduccionTest" storage="c:\users\diego\documents\visual studio 2010\projects\uniprof\tests\bin\release\tests.dll" id="280aded5-68b9-b810-9a8e-34bdb568fac8">
      <Execution id="058a0326-0729-4d45-a961-28787e55d46a" />
      <TestMethod codeBase="C:/Users/Diego/Documents/Visual Studio 2010/Projects/Uniprof/Tests/bin/Release/Tests.DLL" adapterTypeName="Microsoft.VisualStudio.TestTools.TestTypes.Unit.UnitTestAdapter, Microsoft.VisualStudio.QualityTools.Tips.UnitTest.Adapter, Version=10.0.0.0, Culture=neutral, PublicKeyToken=b03f5f7f11d50a3a" className="Tests.ProduccionBusinessTest, Tests, Version=1.0.0.0, Culture=neutral, PublicKeyToken=null" name="grabarProduccionTest" />
    </UnitTest>
    <UnitTest name="listarMovimientosTest" storage="c:\users\diego\documents\visual studio 2010\projects\uniprof\tests\bin\release\tests.dll" id="3d5d4690-413e-480e-9909-702cf88399dd">
      <Execution id="2bf6516c-6ba4-4cbe-9441-5b166335a3cb" />
      <TestMethod codeBase="C:/Users/Diego/Documents/Visual Studio 2010/Projects/Uniprof/Tests/bin/Release/Tests.DLL" adapterTypeName="Microsoft.VisualStudio.TestTools.TestTypes.Unit.UnitTestAdapter, Microsoft.VisualStudio.QualityTools.Tips.UnitTest.Adapter, Version=10.0.0.0, Culture=neutral, PublicKeyToken=b03f5f7f11d50a3a" className="Tests.MovimientoCuentaProveedorRepositorioTest, Tests, Version=1.0.0.0, Culture=neutral, PublicKeyToken=null" name="listarMovimientosTest" />
    </UnitTest>
    <UnitTest name="buscarNewsletterParaEnviarTest" storage="c:\users\diego\documents\visual studio 2010\projects\uniprof\tests\bin\release\tests.dll" id="bde72f4f-f66e-49e5-5a7f-f0f6283a032f">
      <Execution id="bcbdd06a-1ce6-46e5-94d0-2f9e6fe16cdd" />
      <TestMethod codeBase="C:/Users/Diego/Documents/Visual Studio 2010/Projects/Uniprof/Tests/bin/Release/Tests.DLL" adapterTypeName="Microsoft.VisualStudio.TestTools.TestTypes.Unit.UnitTestAdapter, Microsoft.VisualStudio.QualityTools.Tips.UnitTest.Adapter, Version=10.0.0.0, Culture=neutral, PublicKeyToken=b03f5f7f11d50a3a" className="Tests.NewsletterBusinessTest, Tests, Version=1.0.0.0, Culture=neutral, PublicKeyToken=null" name="buscarNewsletterParaEnviarTest" />
    </UnitTest>
    <UnitTest name="crearUsuarioTest" storage="c:\users\diego\documents\visual studio 2010\projects\uniprof\tests\bin\release\tests.dll" id="179d28ef-c565-5c45-d785-59f1a0626295">
      <Execution id="d7498330-e882-407b-9b36-01e93db67c1a" />
      <TestMethod codeBase="C:/Users/Diego/Documents/Visual Studio 2010/Projects/Uniprof/Tests/bin/Release/Tests.DLL" adapterTypeName="Microsoft.VisualStudio.TestTools.TestTypes.Unit.UnitTestAdapter, Microsoft.VisualStudio.QualityTools.Tips.UnitTest.Adapter, Version=10.0.0.0, Culture=neutral, PublicKeyToken=b03f5f7f11d50a3a" className="Tests.UsuarioBusinessTest, Tests, Version=1.0.0.0, Culture=neutral, PublicKeyToken=null" name="crearUsuarioTest" />
    </UnitTest>
    <UnitTest name="buscarColorConRestriccionesTest" storage="c:\users\diego\documents\visual studio 2010\projects\uniprof\tests\bin\release\tests.dll" id="e8b1e8f2-7674-bb72-605f-9a7a2bc1bfee">
      <Execution id="5f1e10bc-9ff6-4ccc-bf9a-ae97adaec968" />
      <TestMethod codeBase="C:/Users/Diego/Documents/Visual Studio 2010/Projects/Uniprof/Tests/bin/Release/Tests.DLL" adapterTypeName="Microsoft.VisualStudio.TestTools.TestTypes.Unit.UnitTestAdapter, Microsoft.VisualStudio.QualityTools.Tips.UnitTest.Adapter, Version=10.0.0.0, Culture=neutral, PublicKeyToken=b03f5f7f11d50a3a" className="Tests.ColorTDGTest, Tests, Version=1.0.0.0, Culture=neutral, PublicKeyToken=null" name="buscarColorConRestriccionesTest" />
    </UnitTest>
    <UnitTest name="buscarNewsletterParaEnviarTest" storage="c:\users\diego\documents\visual studio 2010\projects\uniprof\tests\bin\release\tests.dll" id="e3f85f2f-8bca-7a73-722e-520143b3f21d">
      <Execution id="a7e6476e-30db-4df4-9483-cd27dc7eaf4b" />
      <TestMethod codeBase="C:/Users/Diego/Documents/Visual Studio 2010/Projects/Uniprof/Tests/bin/Release/Tests.DLL" adapterTypeName="Microsoft.VisualStudio.TestTools.TestTypes.Unit.UnitTestAdapter, Microsoft.VisualStudio.QualityTools.Tips.UnitTest.Adapter, Version=10.0.0.0, Culture=neutral, PublicKeyToken=b03f5f7f11d50a3a" className="Tests.NewsletterRepositorioTest, Tests, Version=1.0.0.0, Culture=neutral, PublicKeyToken=null" name="buscarNewsletterParaEnviarTest" />
    </UnitTest>
    <UnitTest name="borrarProduccionOperadorTest" storage="c:\users\diego\documents\visual studio 2010\projects\uniprof\tests\bin\release\tests.dll" id="46319d74-a59b-cb4c-c42c-91de192140ab">
      <Execution id="685263c9-38a6-42e3-b3f6-45432c39d1e0" />
      <TestMethod codeBase="C:/Users/Diego/Documents/Visual Studio 2010/Projects/Uniprof/Tests/bin/Release/Tests.DLL" adapterTypeName="Microsoft.VisualStudio.TestTools.TestTypes.Unit.UnitTestAdapter, Microsoft.VisualStudio.QualityTools.Tips.UnitTest.Adapter, Version=10.0.0.0, Culture=neutral, PublicKeyToken=b03f5f7f11d50a3a" className="Tests.ProduccionOperadorTDGTest, Tests, Version=1.0.0.0, Culture=neutral, PublicKeyToken=null" name="borrarProduccionOperadorTest" />
    </UnitTest>
    <UnitTest name="listarOpinionesTest" storage="c:\users\diego\documents\visual studio 2010\projects\uniprof\tests\bin\release\tests.dll" id="eda2ca79-f409-f699-6d33-a3da45e5d953">
      <Execution id="023be5c8-3176-438c-9664-985cf9544b31" />
      <TestMethod codeBase="C:/Users/Diego/Documents/Visual Studio 2010/Projects/Uniprof/Tests/bin/Release/Tests.DLL" adapterTypeName="Microsoft.VisualStudio.TestTools.TestTypes.Unit.UnitTestAdapter, Microsoft.VisualStudio.QualityTools.Tips.UnitTest.Adapter, Version=10.0.0.0, Culture=neutral, PublicKeyToken=b03f5f7f11d50a3a" className="Tests.OpinionRepositorioTest, Tests, Version=1.0.0.0, Culture=neutral, PublicKeyToken=null" name="listarOpinionesTest" />
    </UnitTest>
    <UnitTest name="buscarArticulosPorCodigoTest" storage="c:\users\diego\documents\visual studio 2010\projects\uniprof\tests\bin\release\tests.dll" id="dde12295-d4b5-9724-4e8c-04bf282ca24f">
      <Execution id="8ae99506-66d2-4b15-a47b-3fc56ae625b3" />
      <TestMethod codeBase="C:/Users/Diego/Documents/Visual Studio 2010/Projects/Uniprof/Tests/bin/Release/Tests.DLL" adapterTypeName="Microsoft.VisualStudio.TestTools.TestTypes.Unit.UnitTestAdapter, Microsoft.VisualStudio.QualityTools.Tips.UnitTest.Adapter, Version=10.0.0.0, Culture=neutral, PublicKeyToken=b03f5f7f11d50a3a" className="Tests.ArticuloRepositorioTest, Tests, Version=1.0.0.0, Culture=neutral, PublicKeyToken=null" name="buscarArticulosPorCodigoTest" />
    </UnitTest>
    <UnitTest name="listarProveedoresTest" storage="c:\users\diego\documents\visual studio 2010\projects\uniprof\tests\bin\release\tests.dll" id="1f993eef-b5ac-3548-c940-f219e4216d75">
      <Execution id="69fc860e-452e-4c2a-817b-703ffcbd334d" />
      <TestMethod codeBase="C:/Users/Diego/Documents/Visual Studio 2010/Projects/Uniprof/Tests/bin/Release/Tests.DLL" adapterTypeName="Microsoft.VisualStudio.TestTools.TestTypes.Unit.UnitTestAdapter, Microsoft.VisualStudio.QualityTools.Tips.UnitTest.Adapter, Version=10.0.0.0, Culture=neutral, PublicKeyToken=b03f5f7f11d50a3a" className="Tests.ProveedorRepositorioTest, Tests, Version=1.0.0.0, Culture=neutral, PublicKeyToken=null" name="listarProveedoresTest" />
    </UnitTest>
    <UnitTest name="listarArticulosPorPrendaTest" storage="c:\users\diego\documents\visual studio 2010\projects\uniprof\tests\bin\release\tests.dll" id="b942b6d6-f408-1783-9c4d-ef179ac5d56f">
      <Execution id="22200847-33e9-409e-8e0c-c55b556c9ab8" />
      <TestMethod codeBase="C:/Users/Diego/Documents/Visual Studio 2010/Projects/Uniprof/Tests/bin/Release/Tests.DLL" adapterTypeName="Microsoft.VisualStudio.TestTools.TestTypes.Unit.UnitTestAdapter, Microsoft.VisualStudio.QualityTools.Tips.UnitTest.Adapter, Version=10.0.0.0, Culture=neutral, PublicKeyToken=b03f5f7f11d50a3a" className="Tests.ArticuloBusinessTest, Tests, Version=1.0.0.0, Culture=neutral, PublicKeyToken=null" name="listarArticulosPorPrendaTest" />
    </UnitTest>
    <UnitTest name="modificarMovimientosClienteTest" storage="c:\users\diego\documents\visual studio 2010\projects\uniprof\tests\bin\release\tests.dll" id="c40068e0-385e-bf45-abe2-9f61f6d3993f">
      <Execution id="3129164c-7191-46bb-9aec-e8344e71ba64" />
      <TestMethod codeBase="C:/Users/Diego/Documents/Visual Studio 2010/Projects/Uniprof/Tests/bin/Release/Tests.DLL" adapterTypeName="Microsoft.VisualStudio.TestTools.TestTypes.Unit.UnitTestAdapter, Microsoft.VisualStudio.QualityTools.Tips.UnitTest.Adapter, Version=10.0.0.0, Culture=neutral, PublicKeyToken=b03f5f7f11d50a3a" className="Tests.MovimientoCuentaProveedorTDGTest, Tests, Version=1.0.0.0, Culture=neutral, PublicKeyToken=null" name="modificarMovimientosClienteTest" />
    </UnitTest>
    <UnitTest name="buscarTipoCuentaPorIdTest" storage="c:\users\diego\documents\visual studio 2010\projects\uniprof\tests\bin\release\tests.dll" id="a5adf3df-a9f8-2832-66ba-f690ea4581d6">
      <Execution id="3736704a-f6a8-4b3b-ae20-9f1f2fd04f82" />
      <TestMethod codeBase="C:/Users/Diego/Documents/Visual Studio 2010/Projects/Uniprof/Tests/bin/Release/Tests.DLL" adapterTypeName="Microsoft.VisualStudio.TestTools.TestTypes.Unit.UnitTestAdapter, Microsoft.VisualStudio.QualityTools.Tips.UnitTest.Adapter, Version=10.0.0.0, Culture=neutral, PublicKeyToken=b03f5f7f11d50a3a" className="Tests.CuentaTDGTest, Tests, Version=1.0.0.0, Culture=neutral, PublicKeyToken=null" name="buscarTipoCuentaPorIdTest" />
    </UnitTest>
    <UnitTest name="modificarInsumoTest" storage="c:\users\diego\documents\visual studio 2010\projects\uniprof\tests\bin\release\tests.dll" id="59ac30e1-edc3-3193-83d1-44bf47baeaf4">
      <Execution id="54c6ba93-83f7-4493-bf2d-f31258eca5a1" />
      <TestMethod codeBase="C:/Users/Diego/Documents/Visual Studio 2010/Projects/Uniprof/Tests/bin/Release/Tests.DLL" adapterTypeName="Microsoft.VisualStudio.TestTools.TestTypes.Unit.UnitTestAdapter, Microsoft.VisualStudio.QualityTools.Tips.UnitTest.Adapter, Version=10.0.0.0, Culture=neutral, PublicKeyToken=b03f5f7f11d50a3a" className="Tests.InsumoTDGTest, Tests, Version=1.0.0.0, Culture=neutral, PublicKeyToken=null" name="modificarInsumoTest" />
    </UnitTest>
    <UnitTest name="grabarMensajeTest" storage="c:\users\diego\documents\visual studio 2010\projects\uniprof\tests\bin\release\tests.dll" id="29f0136c-6b94-67a3-1d98-7e9ef56e0b01">
      <Execution id="f15472b9-5270-4339-b777-504225230078" />
      <TestMethod codeBase="C:/Users/Diego/Documents/Visual Studio 2010/Projects/Uniprof/Tests/bin/Release/Tests.DLL" adapterTypeName="Microsoft.VisualStudio.TestTools.TestTypes.Unit.UnitTestAdapter, Microsoft.VisualStudio.QualityTools.Tips.UnitTest.Adapter, Version=10.0.0.0, Culture=neutral, PublicKeyToken=b03f5f7f11d50a3a" className="Tests.ConversacionTDGTest, Tests, Version=1.0.0.0, Culture=neutral, PublicKeyToken=null" name="grabarMensajeTest" />
    </UnitTest>
    <UnitTest name="buscarPedidoPorCodigoTest" storage="c:\users\diego\documents\visual studio 2010\projects\uniprof\tests\bin\release\tests.dll" id="13283e1a-ebd5-2811-9974-2614dbf7730f">
      <Execution id="e36994a6-3377-484f-b4c3-797a5fb92b83" />
      <TestMethod codeBase="C:/Users/Diego/Documents/Visual Studio 2010/Projects/Uniprof/Tests/bin/Release/Tests.DLL" adapterTypeName="Microsoft.VisualStudio.TestTools.TestTypes.Unit.UnitTestAdapter, Microsoft.VisualStudio.QualityTools.Tips.UnitTest.Adapter, Version=10.0.0.0, Culture=neutral, PublicKeyToken=b03f5f7f11d50a3a" className="Tests.PedidoRepositorioTest, Tests, Version=1.0.0.0, Culture=neutral, PublicKeyToken=null" name="buscarPedidoPorCodigoTest" />
    </UnitTest>
    <UnitTest name="borrarOperadorTest" storage="c:\users\diego\documents\visual studio 2010\projects\uniprof\tests\bin\release\tests.dll" id="85ca884d-a763-a279-970a-decd7d2ef2e7">
      <Execution id="a07e8409-e655-4e48-b66f-72da3d3e58b2" />
      <TestMethod codeBase="C:/Users/Diego/Documents/Visual Studio 2010/Projects/Uniprof/Tests/bin/Release/Tests.DLL" adapterTypeName="Microsoft.VisualStudio.TestTools.TestTypes.Unit.UnitTestAdapter, Microsoft.VisualStudio.QualityTools.Tips.UnitTest.Adapter, Version=10.0.0.0, Culture=neutral, PublicKeyToken=b03f5f7f11d50a3a" className="Tests.OperadorTDGTest, Tests, Version=1.0.0.0, Culture=neutral, PublicKeyToken=null" name="borrarOperadorTest" />
    </UnitTest>
    <UnitTest name="cargarLineasPorFacturaTest" storage="c:\users\diego\documents\visual studio 2010\projects\uniprof\tests\bin\release\tests.dll" id="79432a3c-09ad-494a-94b0-409081b91296">
      <Execution id="83bdac66-8b1c-4497-bdc9-8b556185ba52" />
      <TestMethod codeBase="C:/Users/Diego/Documents/Visual Studio 2010/Projects/Uniprof/Tests/bin/Release/Tests.DLL" adapterTypeName="Microsoft.VisualStudio.TestTools.TestTypes.Unit.UnitTestAdapter, Microsoft.VisualStudio.QualityTools.Tips.UnitTest.Adapter, Version=10.0.0.0, Culture=neutral, PublicKeyToken=b03f5f7f11d50a3a" className="Tests.LineaFacturaRepostorioTest, Tests, Version=1.0.0.0, Culture=neutral, PublicKeyToken=null" name="cargarLineasPorFacturaTest" />
    </UnitTest>
    <UnitTest name="listarPedidosPorClienteTest" storage="c:\users\diego\documents\visual studio 2010\projects\uniprof\tests\bin\release\tests.dll" id="66a338ec-66f0-37fa-1bf3-601efb395594">
      <Execution id="45f411c2-e764-4f19-abf4-4fd24c04f7d3" />
      <TestMethod codeBase="C:/Users/Diego/Documents/Visual Studio 2010/Projects/Uniprof/Tests/bin/Release/Tests.DLL" adapterTypeName="Microsoft.VisualStudio.TestTools.TestTypes.Unit.UnitTestAdapter, Microsoft.VisualStudio.QualityTools.Tips.UnitTest.Adapter, Version=10.0.0.0, Culture=neutral, PublicKeyToken=b03f5f7f11d50a3a" className="Tests.PedidoRepositorioTest, Tests, Version=1.0.0.0, Culture=neutral, PublicKeyToken=null" name="listarPedidosPorClienteTest" />
    </UnitTest>
    <UnitTest name="listarUsuariosTest" storage="c:\users\diego\documents\visual studio 2010\projects\uniprof\tests\bin\release\tests.dll" id="7f31f25c-e328-77fa-dde7-0ee6e5a7e366">
      <Execution id="ff7fd2f0-b860-4d4b-8136-aa1bd6c0fa25" />
      <TestMethod codeBase="C:/Users/Diego/Documents/Visual Studio 2010/Projects/Uniprof/Tests/bin/Release/Tests.DLL" adapterTypeName="Microsoft.VisualStudio.TestTools.TestTypes.Unit.UnitTestAdapter, Microsoft.VisualStudio.QualityTools.Tips.UnitTest.Adapter, Version=10.0.0.0, Culture=neutral, PublicKeyToken=b03f5f7f11d50a3a" className="Tests.UsuarioRepositorioTest, Tests, Version=1.0.0.0, Culture=neutral, PublicKeyToken=null" name="listarUsuariosTest" />
    </UnitTest>
    <UnitTest name="buscarProveedoresPorNombreTest" storage="c:\users\diego\documents\visual studio 2010\projects\uniprof\tests\bin\release\tests.dll" id="723aff45-3bd6-6949-d938-d2ccbc2f388d">
      <Execution id="c6bdd31b-e5c1-4cb7-81f9-207177326165" />
      <TestMethod codeBase="C:/Users/Diego/Documents/Visual Studio 2010/Projects/Uniprof/Tests/bin/Release/Tests.DLL" adapterTypeName="Microsoft.VisualStudio.TestTools.TestTypes.Unit.UnitTestAdapter, Microsoft.VisualStudio.QualityTools.Tips.UnitTest.Adapter, Version=10.0.0.0, Culture=neutral, PublicKeyToken=b03f5f7f11d50a3a" className="Tests.ProveedorRepositorioTest, Tests, Version=1.0.0.0, Culture=neutral, PublicKeyToken=null" name="buscarProveedoresPorNombreTest" />
    </UnitTest>
    <UnitTest name="cargarFamiliasPorIdTest" storage="c:\users\diego\documents\visual studio 2010\projects\uniprof\tests\bin\release\tests.dll" id="2c93c645-adc5-bb40-79d7-b39e8ca0fa8c">
      <Execution id="6a0ab652-b961-4e41-acfd-fd95d0a29407" />
      <TestMethod codeBase="C:/Users/Diego/Documents/Visual Studio 2010/Projects/Uniprof/Tests/bin/Release/Tests.DLL" adapterTypeName="Microsoft.VisualStudio.TestTools.TestTypes.Unit.UnitTestAdapter, Microsoft.VisualStudio.QualityTools.Tips.UnitTest.Adapter, Version=10.0.0.0, Culture=neutral, PublicKeyToken=b03f5f7f11d50a3a" className="Tests.FamiliaTDGTest, Tests, Version=1.0.0.0, Culture=neutral, PublicKeyToken=null" name="cargarFamiliasPorIdTest" />
    </UnitTest>
    <UnitTest name="listarArticulosPorDiseñoTest" storage="c:\users\diego\documents\visual studio 2010\projects\uniprof\tests\bin\release\tests.dll" id="f55d90a1-1701-8dfe-c19c-fedfde1208d9">
      <Execution id="f3de3918-f7a0-4d1d-9de9-3e53f5664ce5" />
      <TestMethod codeBase="C:/Users/Diego/Documents/Visual Studio 2010/Projects/Uniprof/Tests/bin/Release/Tests.DLL" adapterTypeName="Microsoft.VisualStudio.TestTools.TestTypes.Unit.UnitTestAdapter, Microsoft.VisualStudio.QualityTools.Tips.UnitTest.Adapter, Version=10.0.0.0, Culture=neutral, PublicKeyToken=b03f5f7f11d50a3a" className="Tests.ArticuloRepositorioTest, Tests, Version=1.0.0.0, Culture=neutral, PublicKeyToken=null" name="listarArticulosPorDiseñoTest" />
    </UnitTest>
    <UnitTest name="buscarPorDescripcionTest" storage="c:\users\diego\documents\visual studio 2010\projects\uniprof\tests\bin\release\tests.dll" id="4d891028-ff30-5474-0c6f-59e839f50717">
      <Execution id="e5be6ae3-31f2-43bf-b13b-65d791e34e60" />
      <TestMethod codeBase="C:/Users/Diego/Documents/Visual Studio 2010/Projects/Uniprof/Tests/bin/Release/Tests.DLL" adapterTypeName="Microsoft.VisualStudio.TestTools.TestTypes.Unit.UnitTestAdapter, Microsoft.VisualStudio.QualityTools.Tips.UnitTest.Adapter, Version=10.0.0.0, Culture=neutral, PublicKeyToken=b03f5f7f11d50a3a" className="Tests.TipoMovimientoTDGTest, Tests, Version=1.0.0.0, Culture=neutral, PublicKeyToken=null" name="buscarPorDescripcionTest" />
    </UnitTest>
    <UnitTest name="cargarDiseñosTest" storage="c:\users\diego\documents\visual studio 2010\projects\uniprof\tests\bin\release\tests.dll" id="07a2548d-4241-58e9-0562-3d619b418bbb">
      <Execution id="0f4c13a3-b117-46ea-b0a6-fb73c7a373be" />
      <TestMethod codeBase="C:/Users/Diego/Documents/Visual Studio 2010/Projects/Uniprof/Tests/bin/Release/Tests.DLL" adapterTypeName="Microsoft.VisualStudio.TestTools.TestTypes.Unit.UnitTestAdapter, Microsoft.VisualStudio.QualityTools.Tips.UnitTest.Adapter, Version=10.0.0.0, Culture=neutral, PublicKeyToken=b03f5f7f11d50a3a" className="Tests.DiseñoTDGTest, Tests, Version=1.0.0.0, Culture=neutral, PublicKeyToken=null" name="cargarDiseñosTest" />
    </UnitTest>
    <UnitTest name="guardarFamiliaTest" storage="c:\users\diego\documents\visual studio 2010\projects\uniprof\tests\bin\release\tests.dll" id="96e75478-d13a-94b1-f4d7-4e30153efd6b">
      <Execution id="00206580-7f36-4e2c-87e6-a4d057d2a296" />
      <TestMethod codeBase="C:/Users/Diego/Documents/Visual Studio 2010/Projects/Uniprof/Tests/bin/Release/Tests.DLL" adapterTypeName="Microsoft.VisualStudio.TestTools.TestTypes.Unit.UnitTestAdapter, Microsoft.VisualStudio.QualityTools.Tips.UnitTest.Adapter, Version=10.0.0.0, Culture=neutral, PublicKeyToken=b03f5f7f11d50a3a" className="Tests.FamiliaBusinessTest, Tests, Version=1.0.0.0, Culture=neutral, PublicKeyToken=null" name="guardarFamiliaTest" />
    </UnitTest>
    <UnitTest name="modificarTest" storage="c:\users\diego\documents\visual studio 2010\projects\uniprof\tests\bin\release\tests.dll" id="4d2a8d5b-b176-00fc-503a-b6acea4e399d">
      <Execution id="3ed56638-21f3-4283-8780-4931b7498c6a" />
      <TestMethod codeBase="C:/Users/Diego/Documents/Visual Studio 2010/Projects/Uniprof/Tests/bin/Release/Tests.DLL" adapterTypeName="Microsoft.VisualStudio.TestTools.TestTypes.Unit.UnitTestAdapter, Microsoft.VisualStudio.QualityTools.Tips.UnitTest.Adapter, Version=10.0.0.0, Culture=neutral, PublicKeyToken=b03f5f7f11d50a3a" className="Tests.MensajeRepositorioTest, Tests, Version=1.0.0.0, Culture=neutral, PublicKeyToken=null" name="modificarTest" />
    </UnitTest>
    <UnitTest name="actualizarTest" storage="c:\users\diego\documents\visual studio 2010\projects\uniprof\tests\bin\release\tests.dll" id="a85e6fd4-de45-4652-f9ef-c22afc1ca0bf">
      <Execution id="027d4a23-664b-4273-b55f-4dc8f9d18cef" />
      <TestMethod codeBase="C:/Users/Diego/Documents/Visual Studio 2010/Projects/Uniprof/Tests/bin/Release/Tests.DLL" adapterTypeName="Microsoft.VisualStudio.TestTools.TestTypes.Unit.UnitTestAdapter, Microsoft.VisualStudio.QualityTools.Tips.UnitTest.Adapter, Version=10.0.0.0, Culture=neutral, PublicKeyToken=b03f5f7f11d50a3a" className="Tests.ProveedorBusinessTest, Tests, Version=1.0.0.0, Culture=neutral, PublicKeyToken=null" name="actualizarTest" />
    </UnitTest>
    <UnitTest name="listarNewsletterTest" storage="c:\users\diego\documents\visual studio 2010\projects\uniprof\tests\bin\release\tests.dll" id="776c9b88-b138-d6aa-dd32-a876a9437025">
      <Execution id="5f684ae7-2da8-491c-a96c-af5816793f65" />
      <TestMethod codeBase="C:/Users/Diego/Documents/Visual Studio 2010/Projects/Uniprof/Tests/bin/Release/Tests.DLL" adapterTypeName="Microsoft.VisualStudio.TestTools.TestTypes.Unit.UnitTestAdapter, Microsoft.VisualStudio.QualityTools.Tips.UnitTest.Adapter, Version=10.0.0.0, Culture=neutral, PublicKeyToken=b03f5f7f11d50a3a" className="Tests.NewsletterBusinessTest, Tests, Version=1.0.0.0, Culture=neutral, PublicKeyToken=null" name="listarNewsletterTest" />
    </UnitTest>
    <UnitTest name="listarPedidosPorClienteTest" storage="c:\users\diego\documents\visual studio 2010\projects\uniprof\tests\bin\release\tests.dll" id="82c5d364-01e4-3d1f-8a3c-419d68a3ff5f">
      <Execution id="835c017d-c9ff-43ea-ac6f-125b2edff621" />
      <TestMethod codeBase="C:/Users/Diego/Documents/Visual Studio 2010/Projects/Uniprof/Tests/bin/Release/Tests.DLL" adapterTypeName="Microsoft.VisualStudio.TestTools.TestTypes.Unit.UnitTestAdapter, Microsoft.VisualStudio.QualityTools.Tips.UnitTest.Adapter, Version=10.0.0.0, Culture=neutral, PublicKeyToken=b03f5f7f11d50a3a" className="Tests.PedidoBusinessTest, Tests, Version=1.0.0.0, Culture=neutral, PublicKeyToken=null" name="listarPedidosPorClienteTest" />
    </UnitTest>
    <UnitTest name="grabarFamiliaTest" storage="c:\users\diego\documents\visual studio 2010\projects\uniprof\tests\bin\release\tests.dll" id="edb7a5b7-9d9c-7fee-8224-ff9d0e654bf2">
      <Execution id="1cde404f-d772-4e39-81f4-ebf53920dcb0" />
      <TestMethod codeBase="C:/Users/Diego/Documents/Visual Studio 2010/Projects/Uniprof/Tests/bin/Release/Tests.DLL" adapterTypeName="Microsoft.VisualStudio.TestTools.TestTypes.Unit.UnitTestAdapter, Microsoft.VisualStudio.QualityTools.Tips.UnitTest.Adapter, Version=10.0.0.0, Culture=neutral, PublicKeyToken=b03f5f7f11d50a3a" className="Tests.FamiliaTDGTest, Tests, Version=1.0.0.0, Culture=neutral, PublicKeyToken=null" name="grabarFamiliaTest" />
    </UnitTest>
    <UnitTest name="guardarOpinionTest" storage="c:\users\diego\documents\visual studio 2010\projects\uniprof\tests\bin\release\tests.dll" id="97997216-b9cb-a346-d834-1a6abbc22200">
      <Execution id="155efaa0-f49d-4c5a-b359-ae02130b84f2" />
      <TestMethod codeBase="C:/Users/Diego/Documents/Visual Studio 2010/Projects/Uniprof/Tests/bin/Release/Tests.DLL" adapterTypeName="Microsoft.VisualStudio.TestTools.TestTypes.Unit.UnitTestAdapter, Microsoft.VisualStudio.QualityTools.Tips.UnitTest.Adapter, Version=10.0.0.0, Culture=neutral, PublicKeyToken=b03f5f7f11d50a3a" className="Tests.OpinionTDGTest, Tests, Version=1.0.0.0, Culture=neutral, PublicKeyToken=null" name="guardarOpinionTest" />
    </UnitTest>
    <UnitTest name="listarOrdenDeComprasPorIdTest" storage="c:\users\diego\documents\visual studio 2010\projects\uniprof\tests\bin\release\tests.dll" id="39eb9513-2b02-9bb1-bfd3-cd5a5b8ce938">
      <Execution id="6a9bbe85-2840-403b-b195-7786cf8a4e5e" />
      <TestMethod codeBase="C:/Users/Diego/Documents/Visual Studio 2010/Projects/Uniprof/Tests/bin/Release/Tests.DLL" adapterTypeName="Microsoft.VisualStudio.TestTools.TestTypes.Unit.UnitTestAdapter, Microsoft.VisualStudio.QualityTools.Tips.UnitTest.Adapter, Version=10.0.0.0, Culture=neutral, PublicKeyToken=b03f5f7f11d50a3a" className="Tests.OrdenCompraRepositorioTest, Tests, Version=1.0.0.0, Culture=neutral, PublicKeyToken=null" name="listarOrdenDeComprasPorIdTest" />
    </UnitTest>
    <UnitTest name="listarMovimientosPorProveedorTest" storage="c:\users\diego\documents\visual studio 2010\projects\uniprof\tests\bin\release\tests.dll" id="aa3d2f13-ce91-e85a-b860-661244f697ca">
      <Execution id="00968146-1c52-45d7-a26a-2d743767c7eb" />
      <TestMethod codeBase="C:/Users/Diego/Documents/Visual Studio 2010/Projects/Uniprof/Tests/bin/Release/Tests.DLL" adapterTypeName="Microsoft.VisualStudio.TestTools.TestTypes.Unit.UnitTestAdapter, Microsoft.VisualStudio.QualityTools.Tips.UnitTest.Adapter, Version=10.0.0.0, Culture=neutral, PublicKeyToken=b03f5f7f11d50a3a" className="Tests.MovimientoProveedorBusinessTest, Tests, Version=1.0.0.0, Culture=neutral, PublicKeyToken=null" name="listarMovimientosPorProveedorTest" />
    </UnitTest>
    <UnitTest name="guardarArticuloTest" storage="c:\users\diego\documents\visual studio 2010\projects\uniprof\tests\bin\release\tests.dll" id="f8f00cb1-b7c7-8a4f-6936-45675a68da47">
      <Execution id="db570560-2f87-4b1a-b86b-d6d9a46c4dd1" />
      <TestMethod codeBase="C:/Users/Diego/Documents/Visual Studio 2010/Projects/Uniprof/Tests/bin/Release/Tests.DLL" adapterTypeName="Microsoft.VisualStudio.TestTools.TestTypes.Unit.UnitTestAdapter, Microsoft.VisualStudio.QualityTools.Tips.UnitTest.Adapter, Version=10.0.0.0, Culture=neutral, PublicKeyToken=b03f5f7f11d50a3a" className="Tests.ArticuloRepositorioTest, Tests, Version=1.0.0.0, Culture=neutral, PublicKeyToken=null" name="guardarArticuloTest" />
    </UnitTest>
    <UnitTest name="listarPedidosTest" storage="c:\users\diego\documents\visual studio 2010\projects\uniprof\tests\bin\release\tests.dll" id="a517dabf-4b66-5f3c-ac24-0d2164897c8e">
      <Execution id="467ca8b0-f325-41ce-9f3f-b03619679954" />
      <TestMethod codeBase="C:/Users/Diego/Documents/Visual Studio 2010/Projects/Uniprof/Tests/bin/Release/Tests.DLL" adapterTypeName="Microsoft.VisualStudio.TestTools.TestTypes.Unit.UnitTestAdapter, Microsoft.VisualStudio.QualityTools.Tips.UnitTest.Adapter, Version=10.0.0.0, Culture=neutral, PublicKeyToken=b03f5f7f11d50a3a" className="Tests.PedidoRepositorioTest, Tests, Version=1.0.0.0, Culture=neutral, PublicKeyToken=null" name="listarPedidosTest" />
    </UnitTest>
    <UnitTest name="grabarPrendaTest" storage="c:\users\diego\documents\visual studio 2010\projects\uniprof\tests\bin\release\tests.dll" id="5bbb6d67-7645-c72a-0a3d-d422f73b22ec">
      <Execution id="f92fde78-7fae-4019-8529-00f5966cfd42" />
      <TestMethod codeBase="C:/Users/Diego/Documents/Visual Studio 2010/Projects/Uniprof/Tests/bin/Release/Tests.DLL" adapterTypeName="Microsoft.VisualStudio.TestTools.TestTypes.Unit.UnitTestAdapter, Microsoft.VisualStudio.QualityTools.Tips.UnitTest.Adapter, Version=10.0.0.0, Culture=neutral, PublicKeyToken=b03f5f7f11d50a3a" className="Tests.TipoPrendaBusinessTest, Tests, Version=1.0.0.0, Culture=neutral, PublicKeyToken=null" name="grabarPrendaTest" />
    </UnitTest>
    <UnitTest name="actualizarMovimientoTest" storage="c:\users\diego\documents\visual studio 2010\projects\uniprof\tests\bin\release\tests.dll" id="53fb134c-9656-57a4-8598-b11e28cf481e">
      <Execution id="9ab0c029-750e-454e-a656-738a5ed892b1" />
      <TestMethod codeBase="C:/Users/Diego/Documents/Visual Studio 2010/Projects/Uniprof/Tests/bin/Release/Tests.DLL" adapterTypeName="Microsoft.VisualStudio.TestTools.TestTypes.Unit.UnitTestAdapter, Microsoft.VisualStudio.QualityTools.Tips.UnitTest.Adapter, Version=10.0.0.0, Culture=neutral, PublicKeyToken=b03f5f7f11d50a3a" className="Tests.MovimientoProveedorBusinessTest, Tests, Version=1.0.0.0, Culture=neutral, PublicKeyToken=null" name="actualizarMovimientoTest" />
    </UnitTest>
    <UnitTest name="DataAccesObjectConstructorTest" storage="c:\users\diego\documents\visual studio 2010\projects\uniprof\tests\bin\release\tests.dll" id="d2ff731c-908c-96c5-902b-39b6c7e680d7">
      <Execution id="216c11e8-22d7-4851-8f64-cd80d02517a7" />
      <TestMethod codeBase="C:/Users/Diego/Documents/Visual Studio 2010/Projects/Uniprof/Tests/bin/Release/Tests.DLL" adapterTypeName="Microsoft.VisualStudio.TestTools.TestTypes.Unit.UnitTestAdapter, Microsoft.VisualStudio.QualityTools.Tips.UnitTest.Adapter, Version=10.0.0.0, Culture=neutral, PublicKeyToken=b03f5f7f11d50a3a" className="Tests.DataAccesObjectTest, Tests, Version=1.0.0.0, Culture=neutral, PublicKeyToken=null" name="DataAccesObjectConstructorTest" />
    </UnitTest>
    <UnitTest name="actualizarPedidoTest" storage="c:\users\diego\documents\visual studio 2010\projects\uniprof\tests\bin\release\tests.dll" id="a80088bc-1bb3-9447-8317-64a7363d3cfe">
      <Execution id="92ee0e54-701c-44e6-91f1-a83ff3ae537b" />
      <TestMethod codeBase="C:/Users/Diego/Documents/Visual Studio 2010/Projects/Uniprof/Tests/bin/Release/Tests.DLL" adapterTypeName="Microsoft.VisualStudio.TestTools.TestTypes.Unit.UnitTestAdapter, Microsoft.VisualStudio.QualityTools.Tips.UnitTest.Adapter, Version=10.0.0.0, Culture=neutral, PublicKeyToken=b03f5f7f11d50a3a" className="Tests.PedidoBusinessTest, Tests, Version=1.0.0.0, Culture=neutral, PublicKeyToken=null" name="actualizarPedidoTest" />
    </UnitTest>
    <UnitTest name="cargarFamiliaTest" storage="c:\users\diego\documents\visual studio 2010\projects\uniprof\tests\bin\release\tests.dll" id="882cbeee-1641-823c-0b10-58aeb9cabf93">
      <Execution id="02807692-76d4-46b3-a80b-1511f2b3f696" />
      <TestMethod codeBase="C:/Users/Diego/Documents/Visual Studio 2010/Projects/Uniprof/Tests/bin/Release/Tests.DLL" adapterTypeName="Microsoft.VisualStudio.TestTools.TestTypes.Unit.UnitTestAdapter, Microsoft.VisualStudio.QualityTools.Tips.UnitTest.Adapter, Version=10.0.0.0, Culture=neutral, PublicKeyToken=b03f5f7f11d50a3a" className="Tests.FamiliaBusinessTest, Tests, Version=1.0.0.0, Culture=neutral, PublicKeyToken=null" name="cargarFamiliaTest" />
    </UnitTest>
    <UnitTest name="buscarPrendasPorIDTest" storage="c:\users\diego\documents\visual studio 2010\projects\uniprof\tests\bin\release\tests.dll" id="dfd17420-5a13-5744-e6d4-81c04e097642">
      <Execution id="251ca2c8-f84f-40b7-8bd5-b7eeac9d9abd" />
      <TestMethod codeBase="C:/Users/Diego/Documents/Visual Studio 2010/Projects/Uniprof/Tests/bin/Release/Tests.DLL" adapterTypeName="Microsoft.VisualStudio.TestTools.TestTypes.Unit.UnitTestAdapter, Microsoft.VisualStudio.QualityTools.Tips.UnitTest.Adapter, Version=10.0.0.0, Culture=neutral, PublicKeyToken=b03f5f7f11d50a3a" className="Tests.TipoPrendaBusinessTest, Tests, Version=1.0.0.0, Culture=neutral, PublicKeyToken=null" name="buscarPrendasPorIDTest" />
    </UnitTest>
    <UnitTest name="listarConversacionesPorUsuarioTest" storage="c:\users\diego\documents\visual studio 2010\projects\uniprof\tests\bin\release\tests.dll" id="2a172fd5-1ba6-de08-de7a-3705a01c8b9d">
      <Execution id="f62c744f-afa1-42dd-a41e-3f8a98625605" />
      <TestMethod codeBase="C:/Users/Diego/Documents/Visual Studio 2010/Projects/Uniprof/Tests/bin/Release/Tests.DLL" adapterTypeName="Microsoft.VisualStudio.TestTools.TestTypes.Unit.UnitTestAdapter, Microsoft.VisualStudio.QualityTools.Tips.UnitTest.Adapter, Version=10.0.0.0, Culture=neutral, PublicKeyToken=b03f5f7f11d50a3a" className="Tests.ConversacionBusinessTest, Tests, Version=1.0.0.0, Culture=neutral, PublicKeyToken=null" name="listarConversacionesPorUsuarioTest" />
    </UnitTest>
    <UnitTest name="grabarTest" storage="c:\users\diego\documents\visual studio 2010\projects\uniprof\tests\bin\release\tests.dll" id="ac4b28af-d8f4-b156-672f-168bba2db6f5">
      <Execution id="b54d836b-17cd-4e4e-8c90-c813ad4e6a01" />
      <TestMethod codeBase="C:/Users/Diego/Documents/Visual Studio 2010/Projects/Uniprof/Tests/bin/Release/Tests.DLL" adapterTypeName="Microsoft.VisualStudio.TestTools.TestTypes.Unit.UnitTestAdapter, Microsoft.VisualStudio.QualityTools.Tips.UnitTest.Adapter, Version=10.0.0.0, Culture=neutral, PublicKeyToken=b03f5f7f11d50a3a" className="Tests.ConversacionRepositorioTest, Tests, Version=1.0.0.0, Culture=neutral, PublicKeyToken=null" name="grabarTest" />
    </UnitTest>
    <UnitTest name="listarProduccionPorPedidoTest" storage="c:\users\diego\documents\visual studio 2010\projects\uniprof\tests\bin\release\tests.dll" id="645f3b20-4ed4-9fc8-0db6-f5c22e3f0ef4">
      <Execution id="f786ae1e-e8eb-4ad2-9409-53c1d832daea" />
      <TestMethod codeBase="C:/Users/Diego/Documents/Visual Studio 2010/Projects/Uniprof/Tests/bin/Release/Tests.DLL" adapterTypeName="Microsoft.VisualStudio.TestTools.TestTypes.Unit.UnitTestAdapter, Microsoft.VisualStudio.QualityTools.Tips.UnitTest.Adapter, Version=10.0.0.0, Culture=neutral, PublicKeyToken=b03f5f7f11d50a3a" className="Tests.ProduccionBusinessTest, Tests, Version=1.0.0.0, Culture=neutral, PublicKeyToken=null" name="listarProduccionPorPedidoTest" />
    </UnitTest>
    <UnitTest name="buscarTipoCuentaPorIdTest2" storage="c:\users\diego\documents\visual studio 2010\projects\uniprof\tests\bin\release\tests.dll" id="1cea9887-e3c9-cea8-286a-dd9be44d7403">
      <Execution id="700ef044-00fc-4ee6-a6fc-2bf2009e03aa" />
      <TestMethod codeBase="C:/Users/Diego/Documents/Visual Studio 2010/Projects/Uniprof/Tests/bin/Release/Tests.DLL" adapterTypeName="Microsoft.VisualStudio.TestTools.TestTypes.Unit.UnitTestAdapter, Microsoft.VisualStudio.QualityTools.Tips.UnitTest.Adapter, Version=10.0.0.0, Culture=neutral, PublicKeyToken=b03f5f7f11d50a3a" className="Tests.CuentaTDGTest, Tests, Version=1.0.0.0, Culture=neutral, PublicKeyToken=null" name="buscarTipoCuentaPorIdTest2" />
    </UnitTest>
    <UnitTest name="buscarDiseñoPorIdTest" storage="c:\users\diego\documents\visual studio 2010\projects\uniprof\tests\bin\release\tests.dll" id="f90684a7-a79c-7fc4-62c1-2b02b1a46484">
      <Execution id="7c21f31a-d134-42ac-9720-5becc8fc7031" />
      <TestMethod codeBase="C:/Users/Diego/Documents/Visual Studio 2010/Projects/Uniprof/Tests/bin/Release/Tests.DLL" adapterTypeName="Microsoft.VisualStudio.TestTools.TestTypes.Unit.UnitTestAdapter, Microsoft.VisualStudio.QualityTools.Tips.UnitTest.Adapter, Version=10.0.0.0, Culture=neutral, PublicKeyToken=b03f5f7f11d50a3a" className="Tests.DiseñoBusinessTest, Tests, Version=1.0.0.0, Culture=neutral, PublicKeyToken=null" name="buscarDiseñoPorIdTest" />
    </UnitTest>
    <UnitTest name="grabarTest" storage="c:\users\diego\documents\visual studio 2010\projects\uniprof\tests\bin\release\tests.dll" id="851b9d78-997d-9c75-eab0-197fa14a11f0">
      <Execution id="24b3f07d-cbf9-4eda-b9bd-8e3e1b7e528a" />
      <TestMethod codeBase="C:/Users/Diego/Documents/Visual Studio 2010/Projects/Uniprof/Tests/bin/Release/Tests.DLL" adapterTypeName="Microsoft.VisualStudio.TestTools.TestTypes.Unit.UnitTestAdapter, Microsoft.VisualStudio.QualityTools.Tips.UnitTest.Adapter, Version=10.0.0.0, Culture=neutral, PublicKeyToken=b03f5f7f11d50a3a" className="Tests.ConversacionBusinessTest, Tests, Version=1.0.0.0, Culture=neutral, PublicKeyToken=null" name="grabarTest" />
    </UnitTest>
    <UnitTest name="grabarClienteTest" storage="c:\users\diego\documents\visual studio 2010\projects\uniprof\tests\bin\release\tests.dll" id="2f3865ce-701f-5035-c928-beb5bf354e66">
      <Execution id="1fe131a1-8847-41ec-8867-4b17b00917e8" />
      <TestMethod codeBase="C:/Users/Diego/Documents/Visual Studio 2010/Projects/Uniprof/Tests/bin/Release/Tests.DLL" adapterTypeName="Microsoft.VisualStudio.TestTools.TestTypes.Unit.UnitTestAdapter, Microsoft.VisualStudio.QualityTools.Tips.UnitTest.Adapter, Version=10.0.0.0, Culture=neutral, PublicKeyToken=b03f5f7f11d50a3a" className="Tests.UsuarioBusinessTest, Tests, Version=1.0.0.0, Culture=neutral, PublicKeyToken=null" name="grabarClienteTest" />
    </UnitTest>
    <UnitTest name="listarPedidosTest" storage="c:\users\diego\documents\visual studio 2010\projects\uniprof\tests\bin\release\tests.dll" id="6c508edd-f42b-c301-6d53-7fe205a52a0b">
      <Execution id="ec0c690d-3389-46d9-aa7b-eadcacd9aa7c" />
      <TestMethod codeBase="C:/Users/Diego/Documents/Visual Studio 2010/Projects/Uniprof/Tests/bin/Release/Tests.DLL" adapterTypeName="Microsoft.VisualStudio.TestTools.TestTypes.Unit.UnitTestAdapter, Microsoft.VisualStudio.QualityTools.Tips.UnitTest.Adapter, Version=10.0.0.0, Culture=neutral, PublicKeyToken=b03f5f7f11d50a3a" className="Tests.PedidoBusinessTest, Tests, Version=1.0.0.0, Culture=neutral, PublicKeyToken=null" name="listarPedidosTest" />
    </UnitTest>
    <UnitTest name="listarProduccionPorPedidoTest" storage="c:\users\diego\documents\visual studio 2010\projects\uniprof\tests\bin\release\tests.dll" id="b8413468-f954-3662-0efc-8c48132ad726">
      <Execution id="0e047d15-9cff-42bb-b861-f250aa0d301f" />
      <TestMethod codeBase="C:/Users/Diego/Documents/Visual Studio 2010/Projects/Uniprof/Tests/bin/Release/Tests.DLL" adapterTypeName="Microsoft.VisualStudio.TestTools.TestTypes.Unit.UnitTestAdapter, Microsoft.VisualStudio.QualityTools.Tips.UnitTest.Adapter, Version=10.0.0.0, Culture=neutral, PublicKeyToken=b03f5f7f11d50a3a" className="Tests.ProduccionRepositorioTest, Tests, Version=1.0.0.0, Culture=neutral, PublicKeyToken=null" name="listarProduccionPorPedidoTest" />
    </UnitTest>
    <UnitTest name="modificarNuevoPedidoTest" storage="c:\users\diego\documents\visual studio 2010\projects\uniprof\tests\bin\release\tests.dll" id="19a165a4-d445-e33e-7cb8-0f8a6d509eae">
      <Execution id="826b0632-434c-41e3-b918-c77a799e650e" />
      <TestMethod codeBase="C:/Users/Diego/Documents/Visual Studio 2010/Projects/Uniprof/Tests/bin/Release/Tests.DLL" adapterTypeName="Microsoft.VisualStudio.TestTools.TestTypes.Unit.UnitTestAdapter, Microsoft.VisualStudio.QualityTools.Tips.UnitTest.Adapter, Version=10.0.0.0, Culture=neutral, PublicKeyToken=b03f5f7f11d50a3a" className="Tests.PedidoTDGTest, Tests, Version=1.0.0.0, Culture=neutral, PublicKeyToken=null" name="modificarNuevoPedidoTest" />
    </UnitTest>
    <UnitTest name="cargarFamiliasPorIdTest" storage="c:\users\diego\documents\visual studio 2010\projects\uniprof\tests\bin\release\tests.dll" id="8c73c5b1-73d0-fcfa-2a42-34f5914dbfb1">
      <Execution id="5ee21bc5-84cf-4681-ba89-83c204bfde4e" />
      <TestMethod codeBase="C:/Users/Diego/Documents/Visual Studio 2010/Projects/Uniprof/Tests/bin/Release/Tests.DLL" adapterTypeName="Microsoft.VisualStudio.TestTools.TestTypes.Unit.UnitTestAdapter, Microsoft.VisualStudio.QualityTools.Tips.UnitTest.Adapter, Version=10.0.0.0, Culture=neutral, PublicKeyToken=b03f5f7f11d50a3a" className="Tests.FamiliaRepositorioTest, Tests, Version=1.0.0.0, Culture=neutral, PublicKeyToken=null" name="cargarFamiliasPorIdTest" />
    </UnitTest>
    <UnitTest name="listarMensajesTest" storage="c:\users\diego\documents\visual studio 2010\projects\uniprof\tests\bin\release\tests.dll" id="15e90031-185d-99ec-c865-633047dc95f1">
      <Execution id="9fc44865-0f56-4c76-8293-274a03b2df0d" />
      <TestMethod codeBase="C:/Users/Diego/Documents/Visual Studio 2010/Projects/Uniprof/Tests/bin/Release/Tests.DLL" adapterTypeName="Microsoft.VisualStudio.TestTools.TestTypes.Unit.UnitTestAdapter, Microsoft.VisualStudio.QualityTools.Tips.UnitTest.Adapter, Version=10.0.0.0, Culture=neutral, PublicKeyToken=b03f5f7f11d50a3a" className="Tests.ConversacionRepositorioTest, Tests, Version=1.0.0.0, Culture=neutral, PublicKeyToken=null" name="listarMensajesTest" />
    </UnitTest>
    <UnitTest name="grabarMovimientoTest" storage="c:\users\diego\documents\visual studio 2010\projects\uniprof\tests\bin\release\tests.dll" id="6195d611-24d3-4e42-5b11-b2da792448d4">
      <Execution id="fa10a6fd-9af1-4f14-a543-cead4ce16084" />
      <TestMethod codeBase="C:/Users/Diego/Documents/Visual Studio 2010/Projects/Uniprof/Tests/bin/Release/Tests.DLL" adapterTypeName="Microsoft.VisualStudio.TestTools.TestTypes.Unit.UnitTestAdapter, Microsoft.VisualStudio.QualityTools.Tips.UnitTest.Adapter, Version=10.0.0.0, Culture=neutral, PublicKeyToken=b03f5f7f11d50a3a" className="Tests.MovimientoClienteBusinessTest, Tests, Version=1.0.0.0, Culture=neutral, PublicKeyToken=null" name="grabarMovimientoTest" />
    </UnitTest>
    <UnitTest name="actualizarTipoPrendaTest" storage="c:\users\diego\documents\visual studio 2010\projects\uniprof\tests\bin\release\tests.dll" id="dba83ae6-c977-93af-bca8-afb2188d9d55">
      <Execution id="7cfa80a7-eb37-423f-9f6f-f72d98f4fc96" />
      <TestMethod codeBase="C:/Users/Diego/Documents/Visual Studio 2010/Projects/Uniprof/Tests/bin/Release/Tests.DLL" adapterTypeName="Microsoft.VisualStudio.TestTools.TestTypes.Unit.UnitTestAdapter, Microsoft.VisualStudio.QualityTools.Tips.UnitTest.Adapter, Version=10.0.0.0, Culture=neutral, PublicKeyToken=b03f5f7f11d50a3a" className="Tests.TipoPrendaRepositorioTest, Tests, Version=1.0.0.0, Culture=neutral, PublicKeyToken=null" name="actualizarTipoPrendaTest" />
    </UnitTest>
    <UnitTest name="cargarFamiliaPorIdTest" storage="c:\users\diego\documents\visual studio 2010\projects\uniprof\tests\bin\release\tests.dll" id="a6894dd2-dcf0-7e92-7a7b-7a5aa8466339">
      <Execution id="e97d08c4-3bf7-461e-a68d-cff91ccaa727" />
      <TestMethod codeBase="C:/Users/Diego/Documents/Visual Studio 2010/Projects/Uniprof/Tests/bin/Release/Tests.DLL" adapterTypeName="Microsoft.VisualStudio.TestTools.TestTypes.Unit.UnitTestAdapter, Microsoft.VisualStudio.QualityTools.Tips.UnitTest.Adapter, Version=10.0.0.0, Culture=neutral, PublicKeyToken=b03f5f7f11d50a3a" className="Tests.FamiliaBusinessTest, Tests, Version=1.0.0.0, Culture=neutral, PublicKeyToken=null" name="cargarFamiliaPorIdTest" />
    </UnitTest>
    <UnitTest name="listarProduccionPorFechasTest" storage="c:\users\diego\documents\visual studio 2010\projects\uniprof\tests\bin\release\tests.dll" id="5e39e02d-2b70-3982-2130-96924fff6d81">
      <Execution id="71b37bac-58b2-4165-8cf5-aabadbae62ed" />
      <TestMethod codeBase="C:/Users/Diego/Documents/Visual Studio 2010/Projects/Uniprof/Tests/bin/Release/Tests.DLL" adapterTypeName="Microsoft.VisualStudio.TestTools.TestTypes.Unit.UnitTestAdapter, Microsoft.VisualStudio.QualityTools.Tips.UnitTest.Adapter, Version=10.0.0.0, Culture=neutral, PublicKeyToken=b03f5f7f11d50a3a" className="Tests.ProduccionRepositorioTest, Tests, Version=1.0.0.0, Culture=neutral, PublicKeyToken=null" name="listarProduccionPorFechasTest" />
    </UnitTest>
    <UnitTest name="listarProduccionPorCodigoTest" storage="c:\users\diego\documents\visual studio 2010\projects\uniprof\tests\bin\release\tests.dll" id="9b145e69-7969-d34a-ea49-9560a18e3f37">
      <Execution id="ee8584ea-165d-499b-adb5-001e97b80574" />
      <TestMethod codeBase="C:/Users/Diego/Documents/Visual Studio 2010/Projects/Uniprof/Tests/bin/Release/Tests.DLL" adapterTypeName="Microsoft.VisualStudio.TestTools.TestTypes.Unit.UnitTestAdapter, Microsoft.VisualStudio.QualityTools.Tips.UnitTest.Adapter, Version=10.0.0.0, Culture=neutral, PublicKeyToken=b03f5f7f11d50a3a" className="Tests.ProduccionBusinessTest, Tests, Version=1.0.0.0, Culture=neutral, PublicKeyToken=null" name="listarProduccionPorCodigoTest" />
    </UnitTest>
    <UnitTest name="grabarMaquinasTest" storage="c:\users\diego\documents\visual studio 2010\projects\uniprof\tests\bin\release\tests.dll" id="26d1e25c-63b7-c2c4-03c0-99f8e7631508">
      <Execution id="d0a5a2f2-4f57-442e-9aeb-36d290c0b973" />
      <TestMethod codeBase="C:/Users/Diego/Documents/Visual Studio 2010/Projects/Uniprof/Tests/bin/Release/Tests.DLL" adapterTypeName="Microsoft.VisualStudio.TestTools.TestTypes.Unit.UnitTestAdapter, Microsoft.VisualStudio.QualityTools.Tips.UnitTest.Adapter, Version=10.0.0.0, Culture=neutral, PublicKeyToken=b03f5f7f11d50a3a" className="Tests.MaquinaTDGTest, Tests, Version=1.0.0.0, Culture=neutral, PublicKeyToken=null" name="grabarMaquinasTest" />
    </UnitTest>
    <UnitTest name="cargarLineasFacturaTest" storage="c:\users\diego\documents\visual studio 2010\projects\uniprof\tests\bin\release\tests.dll" id="6dbb761e-cbdb-2c43-0c61-55938d83de19">
      <Execution id="1e31c4f9-507b-4728-83ad-0048b5008c24" />
      <TestMethod codeBase="C:/Users/Diego/Documents/Visual Studio 2010/Projects/Uniprof/Tests/bin/Release/Tests.DLL" adapterTypeName="Microsoft.VisualStudio.TestTools.TestTypes.Unit.UnitTestAdapter, Microsoft.VisualStudio.QualityTools.Tips.UnitTest.Adapter, Version=10.0.0.0, Culture=neutral, PublicKeyToken=b03f5f7f11d50a3a" className="Tests.LineaOrdenDeCompraTDGTest, Tests, Version=1.0.0.0, Culture=neutral, PublicKeyToken=null" name="cargarLineasFacturaTest" />
    </UnitTest>
    <UnitTest name="grabarMovimientosClienteTest" storage="c:\users\diego\documents\visual studio 2010\projects\uniprof\tests\bin\release\tests.dll" id="f781ffff-ff93-71bc-5f5f-c8442c8a1cc0">
      <Execution id="fc57f67b-636b-422f-ae7b-3fbcad10627b" />
      <TestMethod codeBase="C:/Users/Diego/Documents/Visual Studio 2010/Projects/Uniprof/Tests/bin/Release/Tests.DLL" adapterTypeName="Microsoft.VisualStudio.TestTools.TestTypes.Unit.UnitTestAdapter, Microsoft.VisualStudio.QualityTools.Tips.UnitTest.Adapter, Version=10.0.0.0, Culture=neutral, PublicKeyToken=b03f5f7f11d50a3a" className="Tests.MovimientoCuentaProveedorTDGTest, Tests, Version=1.0.0.0, Culture=neutral, PublicKeyToken=null" name="grabarMovimientosClienteTest" />
    </UnitTest>
    <UnitTest name="cargarFamiliasPorUsuarioTest" storage="c:\users\diego\documents\visual studio 2010\projects\uniprof\tests\bin\release\tests.dll" id="b9fd46b5-4626-f3cd-bb11-d3d09ef904e4">
      <Execution id="99654e54-f8d2-4110-b8bd-dd2596ff9575" />
      <TestMethod codeBase="C:/Users/Diego/Documents/Visual Studio 2010/Projects/Uniprof/Tests/bin/Release/Tests.DLL" adapterTypeName="Microsoft.VisualStudio.TestTools.TestTypes.Unit.UnitTestAdapter, Microsoft.VisualStudio.QualityTools.Tips.UnitTest.Adapter, Version=10.0.0.0, Culture=neutral, PublicKeyToken=b03f5f7f11d50a3a" className="Tests.PatenteTDGTest, Tests, Version=1.0.0.0, Culture=neutral, PublicKeyToken=null" name="cargarFamiliasPorUsuarioTest" />
    </UnitTest>
    <UnitTest name="borrarDiseñoInsumoTest" storage="c:\users\diego\documents\visual studio 2010\projects\uniprof\tests\bin\release\tests.dll" id="019cc466-e1e2-1876-80d0-8bd0f4668b2f">
      <Execution id="709a5b26-1811-495c-80f0-e69b2ca3abbe" />
      <TestMethod codeBase="C:/Users/Diego/Documents/Visual Studio 2010/Projects/Uniprof/Tests/bin/Release/Tests.DLL" adapterTypeName="Microsoft.VisualStudio.TestTools.TestTypes.Unit.UnitTestAdapter, Microsoft.VisualStudio.QualityTools.Tips.UnitTest.Adapter, Version=10.0.0.0, Culture=neutral, PublicKeyToken=b03f5f7f11d50a3a" className="Tests.DiseñoInsumoTDGTest, Tests, Version=1.0.0.0, Culture=neutral, PublicKeyToken=null" name="borrarDiseñoInsumoTest" />
    </UnitTest>
    <UnitTest name="listarArticulosPorPrendaTest" storage="c:\users\diego\documents\visual studio 2010\projects\uniprof\tests\bin\release\tests.dll" id="7187fc52-08ae-19d9-62d2-a1273ba98de3">
      <Execution id="39475653-fd17-4545-b09a-cd5957abd9bc" />
      <TestMethod codeBase="C:/Users/Diego/Documents/Visual Studio 2010/Projects/Uniprof/Tests/bin/Release/Tests.DLL" adapterTypeName="Microsoft.VisualStudio.TestTools.TestTypes.Unit.UnitTestAdapter, Microsoft.VisualStudio.QualityTools.Tips.UnitTest.Adapter, Version=10.0.0.0, Culture=neutral, PublicKeyToken=b03f5f7f11d50a3a" className="Tests.ArticuloRepositorioTest, Tests, Version=1.0.0.0, Culture=neutral, PublicKeyToken=null" name="listarArticulosPorPrendaTest" />
    </UnitTest>
    <UnitTest name="actualizaOrdenDeCompraTest" storage="c:\users\diego\documents\visual studio 2010\projects\uniprof\tests\bin\release\tests.dll" id="77a70718-b08f-850c-1bf3-10dbbe443592">
      <Execution id="85ee2789-8b64-4238-9226-0af004fafd66" />
      <TestMethod codeBase="C:/Users/Diego/Documents/Visual Studio 2010/Projects/Uniprof/Tests/bin/Release/Tests.DLL" adapterTypeName="Microsoft.VisualStudio.TestTools.TestTypes.Unit.UnitTestAdapter, Microsoft.VisualStudio.QualityTools.Tips.UnitTest.Adapter, Version=10.0.0.0, Culture=neutral, PublicKeyToken=b03f5f7f11d50a3a" className="Tests.OrdenCompraBusinessTest, Tests, Version=1.0.0.0, Culture=neutral, PublicKeyToken=null" name="actualizaOrdenDeCompraTest" />
    </UnitTest>
    <UnitTest name="guardarClienteTest" storage="c:\users\diego\documents\visual studio 2010\projects\uniprof\tests\bin\release\tests.dll" id="b09f0486-3351-5bc5-0d5a-f108852661b1">
      <Execution id="0c998cbb-cfe6-41f5-b7e2-7d3bb5db01ad" />
      <TestMethod codeBase="C:/Users/Diego/Documents/Visual Studio 2010/Projects/Uniprof/Tests/bin/Release/Tests.DLL" adapterTypeName="Microsoft.VisualStudio.TestTools.TestTypes.Unit.UnitTestAdapter, Microsoft.VisualStudio.QualityTools.Tips.UnitTest.Adapter, Version=10.0.0.0, Culture=neutral, PublicKeyToken=b03f5f7f11d50a3a" className="Tests.ClienteRepositorioTest, Tests, Version=1.0.0.0, Culture=neutral, PublicKeyToken=null" name="guardarClienteTest" />
    </UnitTest>
    <UnitTest name="borrarFamiliaTest" storage="c:\users\diego\documents\visual studio 2010\projects\uniprof\tests\bin\release\tests.dll" id="53977503-45e6-020c-cee1-a5a2bdcb3045">
      <Execution id="b8ead726-15ec-44b9-943d-dc88f066e7ef" />
      <TestMethod codeBase="C:/Users/Diego/Documents/Visual Studio 2010/Projects/Uniprof/Tests/bin/Release/Tests.DLL" adapterTypeName="Microsoft.VisualStudio.TestTools.TestTypes.Unit.UnitTestAdapter, Microsoft.VisualStudio.QualityTools.Tips.UnitTest.Adapter, Version=10.0.0.0, Culture=neutral, PublicKeyToken=b03f5f7f11d50a3a" className="Tests.FamiliaTDGTest, Tests, Version=1.0.0.0, Culture=neutral, PublicKeyToken=null" name="borrarFamiliaTest" />
    </UnitTest>
    <UnitTest name="grabarTest" storage="c:\users\diego\documents\visual studio 2010\projects\uniprof\tests\bin\release\tests.dll" id="42bc7f23-0a71-a17c-783c-a7c1f6e66d7c">
      <Execution id="68f5640e-b2a3-4b95-b869-4e6e8dbbc41c" />
      <TestMethod codeBase="C:/Users/Diego/Documents/Visual Studio 2010/Projects/Uniprof/Tests/bin/Release/Tests.DLL" adapterTypeName="Microsoft.VisualStudio.TestTools.TestTypes.Unit.UnitTestAdapter, Microsoft.VisualStudio.QualityTools.Tips.UnitTest.Adapter, Version=10.0.0.0, Culture=neutral, PublicKeyToken=b03f5f7f11d50a3a" className="Tests.ProveedorBusinessTest, Tests, Version=1.0.0.0, Culture=neutral, PublicKeyToken=null" name="grabarTest" />
    </UnitTest>
    <UnitTest name="buscarPrendasPorIDTest" storage="c:\users\diego\documents\visual studio 2010\projects\uniprof\tests\bin\release\tests.dll" id="80e94a1b-f37e-ea8a-5357-ae59cc6e5e45">
      <Execution id="c700f24a-163d-43a9-bcca-7e6a595e89dc" />
      <TestMethod codeBase="C:/Users/Diego/Documents/Visual Studio 2010/Projects/Uniprof/Tests/bin/Release/Tests.DLL" adapterTypeName="Microsoft.VisualStudio.TestTools.TestTypes.Unit.UnitTestAdapter, Microsoft.VisualStudio.QualityTools.Tips.UnitTest.Adapter, Version=10.0.0.0, Culture=neutral, PublicKeyToken=b03f5f7f11d50a3a" className="Tests.TipoPrendaTDGTest, Tests, Version=1.0.0.0, Culture=neutral, PublicKeyToken=null" name="buscarPrendasPorIDTest" />
    </UnitTest>
    <UnitTest name="cargarMovimientosConRestriccionesTest" storage="c:\users\diego\documents\visual studio 2010\projects\uniprof\tests\bin\release\tests.dll" id="0d3f2b5f-2310-d53e-af58-1c0f5f09df9f">
      <Execution id="91b66df4-e97b-4144-9231-5a9cd28f5755" />
      <TestMethod codeBase="C:/Users/Diego/Documents/Visual Studio 2010/Projects/Uniprof/Tests/bin/Release/Tests.DLL" adapterTypeName="Microsoft.VisualStudio.TestTools.TestTypes.Unit.UnitTestAdapter, Microsoft.VisualStudio.QualityTools.Tips.UnitTest.Adapter, Version=10.0.0.0, Culture=neutral, PublicKeyToken=b03f5f7f11d50a3a" className="Tests.MovimientoCuentaProveedorTDGTest, Tests, Version=1.0.0.0, Culture=neutral, PublicKeyToken=null" name="cargarMovimientosConRestriccionesTest" />
    </UnitTest>
    <UnitTest name="listarProduccionPorCodigoTest" storage="c:\users\diego\documents\visual studio 2010\projects\uniprof\tests\bin\release\tests.dll" id="61c2c67d-a8aa-50cc-81fa-b25eafff855b">
      <Execution id="14bd2345-f5d5-4ed6-9571-faf3e70d298a" />
      <TestMethod codeBase="C:/Users/Diego/Documents/Visual Studio 2010/Projects/Uniprof/Tests/bin/Release/Tests.DLL" adapterTypeName="Microsoft.VisualStudio.TestTools.TestTypes.Unit.UnitTestAdapter, Microsoft.VisualStudio.QualityTools.Tips.UnitTest.Adapter, Version=10.0.0.0, Culture=neutral, PublicKeyToken=b03f5f7f11d50a3a" className="Tests.ProduccionRepositorioTest, Tests, Version=1.0.0.0, Culture=neutral, PublicKeyToken=null" name="listarProduccionPorCodigoTest" />
    </UnitTest>
    <UnitTest name="cargarTest" storage="c:\users\diego\documents\visual studio 2010\projects\uniprof\tests\bin\release\tests.dll" id="26a546ff-2782-4a5a-0d01-d730f8d08c9d">
      <Execution id="38f33735-5876-4649-b03e-75c442839adf" />
      <TestMethod codeBase="C:/Users/Diego/Documents/Visual Studio 2010/Projects/Uniprof/Tests/bin/Release/Tests.DLL" adapterTypeName="Microsoft.VisualStudio.TestTools.TestTypes.Unit.UnitTestAdapter, Microsoft.VisualStudio.QualityTools.Tips.UnitTest.Adapter, Version=10.0.0.0, Culture=neutral, PublicKeyToken=b03f5f7f11d50a3a" className="Tests.ConversacionTDGTest, Tests, Version=1.0.0.0, Culture=neutral, PublicKeyToken=null" name="cargarTest" />
    </UnitTest>
    <UnitTest name="grabarMovimientosClienteTest" storage="c:\users\diego\documents\visual studio 2010\projects\uniprof\tests\bin\release\tests.dll" id="5a471128-b46d-a047-f96f-afe4f1f9ce56">
      <Execution id="ebeeac64-fbea-4853-b5ba-226acc4d3526" />
      <TestMethod codeBase="C:/Users/Diego/Documents/Visual Studio 2010/Projects/Uniprof/Tests/bin/Release/Tests.DLL" adapterTypeName="Microsoft.VisualStudio.TestTools.TestTypes.Unit.UnitTestAdapter, Microsoft.VisualStudio.QualityTools.Tips.UnitTest.Adapter, Version=10.0.0.0, Culture=neutral, PublicKeyToken=b03f5f7f11d50a3a" className="Tests.MovimientoCuentaClienteTDGTest, Tests, Version=1.0.0.0, Culture=neutral, PublicKeyToken=null" name="grabarMovimientosClienteTest" />
    </UnitTest>
    <UnitTest name="listarInsumosPorCodigoTest" storage="c:\users\diego\documents\visual studio 2010\projects\uniprof\tests\bin\release\tests.dll" id="75cbbdb7-6249-18c8-32b2-1920235c1d97">
      <Execution id="edd27b17-7eaa-4250-bccd-393a1a61ac98" />
      <TestMethod codeBase="C:/Users/Diego/Documents/Visual Studio 2010/Projects/Uniprof/Tests/bin/Release/Tests.DLL" adapterTypeName="Microsoft.VisualStudio.TestTools.TestTypes.Unit.UnitTestAdapter, Microsoft.VisualStudio.QualityTools.Tips.UnitTest.Adapter, Version=10.0.0.0, Culture=neutral, PublicKeyToken=b03f5f7f11d50a3a" className="Tests.InsumoBusinessTest, Tests, Version=1.0.0.0, Culture=neutral, PublicKeyToken=null" name="listarInsumosPorCodigoTest" />
    </UnitTest>
    <UnitTest name="modificarHistoricoEstadosTest" storage="c:\users\diego\documents\visual studio 2010\projects\uniprof\tests\bin\release\tests.dll" id="a8a939dd-3559-39c4-d3e6-695f82176ab4">
      <Execution id="1339d944-6b80-49b8-bf70-420720e4cfb6" />
      <TestMethod codeBase="C:/Users/Diego/Documents/Visual Studio 2010/Projects/Uniprof/Tests/bin/Release/Tests.DLL" adapterTypeName="Microsoft.VisualStudio.TestTools.TestTypes.Unit.UnitTestAdapter, Microsoft.VisualStudio.QualityTools.Tips.UnitTest.Adapter, Version=10.0.0.0, Culture=neutral, PublicKeyToken=b03f5f7f11d50a3a" className="Tests.HistoricoEstadosPedidoTDGTest, Tests, Version=1.0.0.0, Culture=neutral, PublicKeyToken=null" name="modificarHistoricoEstadosTest" />
    </UnitTest>
    <UnitTest name="grabarHistoricoEstadosTest" storage="c:\users\diego\documents\visual studio 2010\projects\uniprof\tests\bin\release\tests.dll" id="24d98172-4e51-96b3-ef4d-cd0ed2a98c18">
      <Execution id="4e050534-b9e0-452c-aa86-3900d4dae2ff" />
      <TestMethod codeBase="C:/Users/Diego/Documents/Visual Studio 2010/Projects/Uniprof/Tests/bin/Release/Tests.DLL" adapterTypeName="Microsoft.VisualStudio.TestTools.TestTypes.Unit.UnitTestAdapter, Microsoft.VisualStudio.QualityTools.Tips.UnitTest.Adapter, Version=10.0.0.0, Culture=neutral, PublicKeyToken=b03f5f7f11d50a3a" className="Tests.HistoricoEstadosProduccionTDGTest, Tests, Version=1.0.0.0, Culture=neutral, PublicKeyToken=null" name="grabarHistoricoEstadosTest" />
    </UnitTest>
    <UnitTest name="listarPedidosConRestriccionTest" storage="c:\users\diego\documents\visual studio 2010\projects\uniprof\tests\bin\release\tests.dll" id="83ce9798-d52f-2f3d-8537-200546cde5a9">
      <Execution id="88b342d4-0ffc-4d3f-8e5d-2032aee33be1" />
      <TestMethod codeBase="C:/Users/Diego/Documents/Visual Studio 2010/Projects/Uniprof/Tests/bin/Release/Tests.DLL" adapterTypeName="Microsoft.VisualStudio.TestTools.TestTypes.Unit.UnitTestAdapter, Microsoft.VisualStudio.QualityTools.Tips.UnitTest.Adapter, Version=10.0.0.0, Culture=neutral, PublicKeyToken=b03f5f7f11d50a3a" className="Tests.PedidoBusinessTest, Tests, Version=1.0.0.0, Culture=neutral, PublicKeyToken=null" name="listarPedidosConRestriccionTest" />
    </UnitTest>
    <UnitTest name="grabarFacturasTest" storage="c:\users\diego\documents\visual studio 2010\projects\uniprof\tests\bin\release\tests.dll" id="e4b047bc-e01c-35c0-ab7e-ab1c5de8674f">
      <Execution id="c13cf91c-c04c-4c25-84ee-af8b1ed90817" />
      <TestMethod codeBase="C:/Users/Diego/Documents/Visual Studio 2010/Projects/Uniprof/Tests/bin/Release/Tests.DLL" adapterTypeName="Microsoft.VisualStudio.TestTools.TestTypes.Unit.UnitTestAdapter, Microsoft.VisualStudio.QualityTools.Tips.UnitTest.Adapter, Version=10.0.0.0, Culture=neutral, PublicKeyToken=b03f5f7f11d50a3a" className="Tests.OrdenDeCompraTDGTest, Tests, Version=1.0.0.0, Culture=neutral, PublicKeyToken=null" name="grabarFacturasTest" />
    </UnitTest>
    <UnitTest name="borrarFamiliaTest" storage="c:\users\diego\documents\visual studio 2010\projects\uniprof\tests\bin\release\tests.dll" id="d6a986e5-8b98-e2f2-cef0-92190831ed08">
      <Execution id="9cc18198-3b27-42df-bd0f-51df5f499563" />
      <TestMethod codeBase="C:/Users/Diego/Documents/Visual Studio 2010/Projects/Uniprof/Tests/bin/Release/Tests.DLL" adapterTypeName="Microsoft.VisualStudio.TestTools.TestTypes.Unit.UnitTestAdapter, Microsoft.VisualStudio.QualityTools.Tips.UnitTest.Adapter, Version=10.0.0.0, Culture=neutral, PublicKeyToken=b03f5f7f11d50a3a" className="Tests.FamiliaBusinessTest, Tests, Version=1.0.0.0, Culture=neutral, PublicKeyToken=null" name="borrarFamiliaTest" />
    </UnitTest>
    <UnitTest name="saveTest" storage="c:\users\diego\documents\visual studio 2010\projects\uniprof\tests\bin\release\tests.dll" id="e337de86-0746-0ac2-0c5c-30365e74f01b">
      <Execution id="b9b4558f-4427-469b-bbb4-ac673cd0e31a" />
      <TestMethod codeBase="C:/Users/Diego/Documents/Visual Studio 2010/Projects/Uniprof/Tests/bin/Release/Tests.DLL" adapterTypeName="Microsoft.VisualStudio.TestTools.TestTypes.Unit.UnitTestAdapter, Microsoft.VisualStudio.QualityTools.Tips.UnitTest.Adapter, Version=10.0.0.0, Culture=neutral, PublicKeyToken=b03f5f7f11d50a3a" className="Tests.DataAccesObjectTest, Tests, Version=1.0.0.0, Culture=neutral, PublicKeyToken=null" name="saveTest" />
    </UnitTest>
    <UnitTest name="grabarOpinionTest" storage="c:\users\diego\documents\visual studio 2010\projects\uniprof\tests\bin\release\tests.dll" id="fe850dae-beb0-69bb-1831-4463cca49bfb">
      <Execution id="cfbe95f7-abfe-4b3f-9b71-4c24ddf123e4" />
      <TestMethod codeBase="C:/Users/Diego/Documents/Visual Studio 2010/Projects/Uniprof/Tests/bin/Release/Tests.DLL" adapterTypeName="Microsoft.VisualStudio.TestTools.TestTypes.Unit.UnitTestAdapter, Microsoft.VisualStudio.QualityTools.Tips.UnitTest.Adapter, Version=10.0.0.0, Culture=neutral, PublicKeyToken=b03f5f7f11d50a3a" className="Tests.OpinionRepositorioTest, Tests, Version=1.0.0.0, Culture=neutral, PublicKeyToken=null" name="grabarOpinionTest" />
    </UnitTest>
    <UnitTest name="modificarHistoricoEstadosTest" storage="c:\users\diego\documents\visual studio 2010\projects\uniprof\tests\bin\release\tests.dll" id="6e20bc5d-0f12-b6d7-ba69-ad542caad9f6">
      <Execution id="13a31daa-a439-49e6-a0a9-0ff912853177" />
      <TestMethod codeBase="C:/Users/Diego/Documents/Visual Studio 2010/Projects/Uniprof/Tests/bin/Release/Tests.DLL" adapterTypeName="Microsoft.VisualStudio.TestTools.TestTypes.Unit.UnitTestAdapter, Microsoft.VisualStudio.QualityTools.Tips.UnitTest.Adapter, Version=10.0.0.0, Culture=neutral, PublicKeyToken=b03f5f7f11d50a3a" className="Tests.HistoricoEstadosProduccionTDGTest, Tests, Version=1.0.0.0, Culture=neutral, PublicKeyToken=null" name="modificarHistoricoEstadosTest" />
    </UnitTest>
    <UnitTest name="buscarPrendasPorDescripcionTest" storage="c:\users\diego\documents\visual studio 2010\projects\uniprof\tests\bin\release\tests.dll" id="3c12ed63-05b7-6919-12b1-8653c094ff5f">
      <Execution id="ccedb169-b17e-4f86-9542-aaa5d60af824" />
      <TestMethod codeBase="C:/Users/Diego/Documents/Visual Studio 2010/Projects/Uniprof/Tests/bin/Release/Tests.DLL" adapterTypeName="Microsoft.VisualStudio.TestTools.TestTypes.Unit.UnitTestAdapter, Microsoft.VisualStudio.QualityTools.Tips.UnitTest.Adapter, Version=10.0.0.0, Culture=neutral, PublicKeyToken=b03f5f7f11d50a3a" className="Tests.TipoPrendaTDGTest, Tests, Version=1.0.0.0, Culture=neutral, PublicKeyToken=null" name="buscarPrendasPorDescripcionTest" />
    </UnitTest>
    <UnitTest name="grabarNewsletterTest" storage="c:\users\diego\documents\visual studio 2010\projects\uniprof\tests\bin\release\tests.dll" id="aad710b2-cbba-4fa8-20b9-0a83a5267460">
      <Execution id="2ae2be67-6fae-473b-a28c-5d41956537c6" />
      <TestMethod codeBase="C:/Users/Diego/Documents/Visual Studio 2010/Projects/Uniprof/Tests/bin/Release/Tests.DLL" adapterTypeName="Microsoft.VisualStudio.TestTools.TestTypes.Unit.UnitTestAdapter, Microsoft.VisualStudio.QualityTools.Tips.UnitTest.Adapter, Version=10.0.0.0, Culture=neutral, PublicKeyToken=b03f5f7f11d50a3a" className="Tests.NewsletterTDGTest, Tests, Version=1.0.0.0, Culture=neutral, PublicKeyToken=null" name="grabarNewsletterTest" />
    </UnitTest>
    <UnitTest name="listarMovimientosPorClienteTest" storage="c:\users\diego\documents\visual studio 2010\projects\uniprof\tests\bin\release\tests.dll" id="c931a490-990c-5326-1530-0428c428a145">
      <Execution id="fcf597aa-bb8f-4622-9c97-e10c4533fd06" />
      <TestMethod codeBase="C:/Users/Diego/Documents/Visual Studio 2010/Projects/Uniprof/Tests/bin/Release/Tests.DLL" adapterTypeName="Microsoft.VisualStudio.TestTools.TestTypes.Unit.UnitTestAdapter, Microsoft.VisualStudio.QualityTools.Tips.UnitTest.Adapter, Version=10.0.0.0, Culture=neutral, PublicKeyToken=b03f5f7f11d50a3a" className="Tests.MovimientoCuentaClienteRepositorioTest, Tests, Version=1.0.0.0, Culture=neutral, PublicKeyToken=null" name="listarMovimientosPorClienteTest" />
    </UnitTest>
    <UnitTest name="actualizarMaquinaTest" storage="c:\users\diego\documents\visual studio 2010\projects\uniprof\tests\bin\release\tests.dll" id="542e3d8e-c605-852a-af9b-310782faad08">
      <Execution id="86501383-27c8-4c07-861b-f68e6c8d46e2" />
      <TestMethod codeBase="C:/Users/Diego/Documents/Visual Studio 2010/Projects/Uniprof/Tests/bin/Release/Tests.DLL" adapterTypeName="Microsoft.VisualStudio.TestTools.TestTypes.Unit.UnitTestAdapter, Microsoft.VisualStudio.QualityTools.Tips.UnitTest.Adapter, Version=10.0.0.0, Culture=neutral, PublicKeyToken=b03f5f7f11d50a3a" className="Tests.MaquinaRepositorioTest, Tests, Version=1.0.0.0, Culture=neutral, PublicKeyToken=null" name="actualizarMaquinaTest" />
    </UnitTest>
    <UnitTest name="listarMovimientosPorClienteTest" storage="c:\users\diego\documents\visual studio 2010\projects\uniprof\tests\bin\release\tests.dll" id="41ca50b2-af08-ebb5-fe81-0171706b4196">
      <Execution id="610450d9-dd6d-427a-be80-fec2aff3cdc1" />
      <TestMethod codeBase="C:/Users/Diego/Documents/Visual Studio 2010/Projects/Uniprof/Tests/bin/Release/Tests.DLL" adapterTypeName="Microsoft.VisualStudio.TestTools.TestTypes.Unit.UnitTestAdapter, Microsoft.VisualStudio.QualityTools.Tips.UnitTest.Adapter, Version=10.0.0.0, Culture=neutral, PublicKeyToken=b03f5f7f11d50a3a" className="Tests.MovimientoClienteBusinessTest, Tests, Version=1.0.0.0, Culture=neutral, PublicKeyToken=null" name="listarMovimientosPorClienteTest" />
    </UnitTest>
    <UnitTest name="grabarUsuarioTest" storage="c:\users\diego\documents\visual studio 2010\projects\uniprof\tests\bin\release\tests.dll" id="59186e93-3595-d080-b439-d655c96ab973">
      <Execution id="fbf6977a-6789-40ab-82f7-cc753149fd5b" />
      <TestMethod codeBase="C:/Users/Diego/Documents/Visual Studio 2010/Projects/Uniprof/Tests/bin/Release/Tests.DLL" adapterTypeName="Microsoft.VisualStudio.TestTools.TestTypes.Unit.UnitTestAdapter, Microsoft.VisualStudio.QualityTools.Tips.UnitTest.Adapter, Version=10.0.0.0, Culture=neutral, PublicKeyToken=b03f5f7f11d50a3a" className="Tests.UsuarioRepositorioTest, Tests, Version=1.0.0.0, Culture=neutral, PublicKeyToken=null" name="grabarUsuarioTest" />
    </UnitTest>
    <UnitTest name="cargarLineasFacturaTest" storage="c:\users\diego\documents\visual studio 2010\projects\uniprof\tests\bin\release\tests.dll" id="302f391e-539b-a40e-3606-007f4a4a5dfd">
      <Execution id="2a325d7c-fd90-4733-accc-0d0bb721df2e" />
      <TestMethod codeBase="C:/Users/Diego/Documents/Visual Studio 2010/Projects/Uniprof/Tests/bin/Release/Tests.DLL" adapterTypeName="Microsoft.VisualStudio.TestTools.TestTypes.Unit.UnitTestAdapter, Microsoft.VisualStudio.QualityTools.Tips.UnitTest.Adapter, Version=10.0.0.0, Culture=neutral, PublicKeyToken=b03f5f7f11d50a3a" className="Tests.LineaFacturaTDGTest, Tests, Version=1.0.0.0, Culture=neutral, PublicKeyToken=null" name="cargarLineasFacturaTest" />
    </UnitTest>
    <UnitTest name="grabarProduccionTest" storage="c:\users\diego\documents\visual studio 2010\projects\uniprof\tests\bin\release\tests.dll" id="4470df03-406c-ac4c-036b-0433b2842ca5">
      <Execution id="339a3f07-c64f-4d99-acc7-bef81f903f40" />
      <TestMethod codeBase="C:/Users/Diego/Documents/Visual Studio 2010/Projects/Uniprof/Tests/bin/Release/Tests.DLL" adapterTypeName="Microsoft.VisualStudio.TestTools.TestTypes.Unit.UnitTestAdapter, Microsoft.VisualStudio.QualityTools.Tips.UnitTest.Adapter, Version=10.0.0.0, Culture=neutral, PublicKeyToken=b03f5f7f11d50a3a" className="Tests.ProduccionTDGTest, Tests, Version=1.0.0.0, Culture=neutral, PublicKeyToken=null" name="grabarProduccionTest" />
    </UnitTest>
    <UnitTest name="grabarMaquinaTest" storage="c:\users\diego\documents\visual studio 2010\projects\uniprof\tests\bin\release\tests.dll" id="ceeacb60-5ff3-0690-b3df-e29e915ef784">
      <Execution id="43c8e74f-06f8-4341-b0e2-1cfe191c1cca" />
      <TestMethod codeBase="C:/Users/Diego/Documents/Visual Studio 2010/Projects/Uniprof/Tests/bin/Release/Tests.DLL" adapterTypeName="Microsoft.VisualStudio.TestTools.TestTypes.Unit.UnitTestAdapter, Microsoft.VisualStudio.QualityTools.Tips.UnitTest.Adapter, Version=10.0.0.0, Culture=neutral, PublicKeyToken=b03f5f7f11d50a3a" className="Tests.MaquinaRepositorioTest, Tests, Version=1.0.0.0, Culture=neutral, PublicKeyToken=null" name="grabarMaquinaTest" />
    </UnitTest>
    <UnitTest name="ejecutarConsultaTest" storage="c:\users\diego\documents\visual studio 2010\projects\uniprof\tests\bin\release\tests.dll" id="42d34e85-28e2-30e8-a414-32919f9963a2">
      <Execution id="f74adad8-5daf-4b80-aa69-d8217c3a3f25" />
      <TestMethod codeBase="C:/Users/Diego/Documents/Visual Studio 2010/Projects/Uniprof/Tests/bin/Release/Tests.DLL" adapterTypeName="Microsoft.VisualStudio.TestTools.TestTypes.Unit.UnitTestAdapter, Microsoft.VisualStudio.QualityTools.Tips.UnitTest.Adapter, Version=10.0.0.0, Culture=neutral, PublicKeyToken=b03f5f7f11d50a3a" className="Tests.DataAccesObjectTest, Tests, Version=1.0.0.0, Culture=neutral, PublicKeyToken=null" name="ejecutarConsultaTest" />
    </UnitTest>
    <UnitTest name="calcularPosiblesFechasTest2" storage="c:\users\diego\documents\visual studio 2010\projects\uniprof\tests\bin\release\tests.dll" id="3a69785d-69f1-1ae3-6647-f1fbd5f0c79c">
      <Execution id="3be9cc18-3400-4877-be66-913648cefc06" />
      <TestMethod codeBase="C:/Users/Diego/Documents/Visual Studio 2010/Projects/Uniprof/Tests/bin/Release/Tests.DLL" adapterTypeName="Microsoft.VisualStudio.TestTools.TestTypes.Unit.UnitTestAdapter, Microsoft.VisualStudio.QualityTools.Tips.UnitTest.Adapter, Version=10.0.0.0, Culture=neutral, PublicKeyToken=b03f5f7f11d50a3a" className="Tests.ProduccionBusinessTest, Tests, Version=1.0.0.0, Culture=neutral, PublicKeyToken=null" name="calcularPosiblesFechasTest2" />
    </UnitTest>
    <UnitTest name="listarOrdenDeComprasPorIdTest" storage="c:\users\diego\documents\visual studio 2010\projects\uniprof\tests\bin\release\tests.dll" id="2b495ffb-2b2e-0cf5-2875-0685d0724d3c">
      <Execution id="48857483-7593-45dc-9db9-894f2136589a" />
      <TestMethod codeBase="C:/Users/Diego/Documents/Visual Studio 2010/Projects/Uniprof/Tests/bin/Release/Tests.DLL" adapterTypeName="Microsoft.VisualStudio.TestTools.TestTypes.Unit.UnitTestAdapter, Microsoft.VisualStudio.QualityTools.Tips.UnitTest.Adapter, Version=10.0.0.0, Culture=neutral, PublicKeyToken=b03f5f7f11d50a3a" className="Tests.OrdenCompraBusinessTest, Tests, Version=1.0.0.0, Culture=neutral, PublicKeyToken=null" name="listarOrdenDeComprasPorIdTest" />
    </UnitTest>
    <UnitTest name="listarInsumosConRestriccionesTest" storage="c:\users\diego\documents\visual studio 2010\projects\uniprof\tests\bin\release\tests.dll" id="09863448-141d-d561-d286-b118ec566d97">
      <Execution id="df9a55bf-6859-467c-8d72-b84a698f6919" />
      <TestMethod codeBase="C:/Users/Diego/Documents/Visual Studio 2010/Projects/Uniprof/Tests/bin/Release/Tests.DLL" adapterTypeName="Microsoft.VisualStudio.TestTools.TestTypes.Unit.UnitTestAdapter, Microsoft.VisualStudio.QualityTools.Tips.UnitTest.Adapter, Version=10.0.0.0, Culture=neutral, PublicKeyToken=b03f5f7f11d50a3a" className="Tests.InsumoBusinessTest, Tests, Version=1.0.0.0, Culture=neutral, PublicKeyToken=null" name="listarInsumosConRestriccionesTest" />
    </UnitTest>
    <UnitTest name="modificarMaquinaTest" storage="c:\users\diego\documents\visual studio 2010\projects\uniprof\tests\bin\release\tests.dll" id="fed9e610-805c-d98a-9231-d2a52d8e3441">
      <Execution id="b4f5a9d2-097d-4a34-9096-541f49c7abd6" />
      <TestMethod codeBase="C:/Users/Diego/Documents/Visual Studio 2010/Projects/Uniprof/Tests/bin/Release/Tests.DLL" adapterTypeName="Microsoft.VisualStudio.TestTools.TestTypes.Unit.UnitTestAdapter, Microsoft.VisualStudio.QualityTools.Tips.UnitTest.Adapter, Version=10.0.0.0, Culture=neutral, PublicKeyToken=b03f5f7f11d50a3a" className="Tests.MaterialesBusinessTest, Tests, Version=1.0.0.0, Culture=neutral, PublicKeyToken=null" name="modificarMaquinaTest" />
    </UnitTest>
    <UnitTest name="buscarDiseñoInsumoConRestriccionesTest" storage="c:\users\diego\documents\visual studio 2010\projects\uniprof\tests\bin\release\tests.dll" id="4e213555-50ef-010c-9653-9ed4341cc7e4">
      <Execution id="23ed89cd-25db-4448-a587-38adf4b005d8" />
      <TestMethod codeBase="C:/Users/Diego/Documents/Visual Studio 2010/Projects/Uniprof/Tests/bin/Release/Tests.DLL" adapterTypeName="Microsoft.VisualStudio.TestTools.TestTypes.Unit.UnitTestAdapter, Microsoft.VisualStudio.QualityTools.Tips.UnitTest.Adapter, Version=10.0.0.0, Culture=neutral, PublicKeyToken=b03f5f7f11d50a3a" className="Tests.DiseñoInsumoTDGTest, Tests, Version=1.0.0.0, Culture=neutral, PublicKeyToken=null" name="buscarDiseñoInsumoConRestriccionesTest" />
    </UnitTest>
    <UnitTest name="actualizarNewsletterTest" storage="c:\users\diego\documents\visual studio 2010\projects\uniprof\tests\bin\release\tests.dll" id="f6c04c30-f707-2281-f731-8598fcdc8f9b">
      <Execution id="6a35818d-5283-4117-9a1f-aebd093cc294" />
      <TestMethod codeBase="C:/Users/Diego/Documents/Visual Studio 2010/Projects/Uniprof/Tests/bin/Release/Tests.DLL" adapterTypeName="Microsoft.VisualStudio.TestTools.TestTypes.Unit.UnitTestAdapter, Microsoft.VisualStudio.QualityTools.Tips.UnitTest.Adapter, Version=10.0.0.0, Culture=neutral, PublicKeyToken=b03f5f7f11d50a3a" className="Tests.NewsletterBusinessTest, Tests, Version=1.0.0.0, Culture=neutral, PublicKeyToken=null" name="actualizarNewsletterTest" />
    </UnitTest>
    <UnitTest name="actualizarProduccionTest" storage="c:\users\diego\documents\visual studio 2010\projects\uniprof\tests\bin\release\tests.dll" id="cdf27cc7-0312-7eab-0024-7c2c609d9e03">
      <Execution id="41dffcfd-ea6e-48fd-8a23-07ff1cb618d9" />
      <TestMethod codeBase="C:/Users/Diego/Documents/Visual Studio 2010/Projects/Uniprof/Tests/bin/Release/Tests.DLL" adapterTypeName="Microsoft.VisualStudio.TestTools.TestTypes.Unit.UnitTestAdapter, Microsoft.VisualStudio.QualityTools.Tips.UnitTest.Adapter, Version=10.0.0.0, Culture=neutral, PublicKeyToken=b03f5f7f11d50a3a" className="Tests.ProduccionRepositorioTest, Tests, Version=1.0.0.0, Culture=neutral, PublicKeyToken=null" name="actualizarProduccionTest" />
    </UnitTest>
    <UnitTest name="cargarlistaPedidosTest" storage="c:\users\diego\documents\visual studio 2010\projects\uniprof\tests\bin\release\tests.dll" id="466df001-5e88-7941-9225-f5b84ddbea5e">
      <Execution id="8c6b4e28-e959-43c3-b2ad-6c11c3bb367b" />
      <TestMethod codeBase="C:/Users/Diego/Documents/Visual Studio 2010/Projects/Uniprof/Tests/bin/Release/Tests.DLL" adapterTypeName="Microsoft.VisualStudio.TestTools.TestTypes.Unit.UnitTestAdapter, Microsoft.VisualStudio.QualityTools.Tips.UnitTest.Adapter, Version=10.0.0.0, Culture=neutral, PublicKeyToken=b03f5f7f11d50a3a" className="Tests.PedidoTDGTest, Tests, Version=1.0.0.0, Culture=neutral, PublicKeyToken=null" name="cargarlistaPedidosTest" />
    </UnitTest>
    <UnitTest name="actualizarMaquinaTest" storage="c:\users\diego\documents\visual studio 2010\projects\uniprof\tests\bin\release\tests.dll" id="71db679d-9cd7-f55e-94f9-ae66c93fc299">
      <Execution id="25e330c6-768e-433f-9a20-3fcf93a64707" />
      <TestMethod codeBase="C:/Users/Diego/Documents/Visual Studio 2010/Projects/Uniprof/Tests/bin/Release/Tests.DLL" adapterTypeName="Microsoft.VisualStudio.TestTools.TestTypes.Unit.UnitTestAdapter, Microsoft.VisualStudio.QualityTools.Tips.UnitTest.Adapter, Version=10.0.0.0, Culture=neutral, PublicKeyToken=b03f5f7f11d50a3a" className="Tests.MaterialesBusinessTest, Tests, Version=1.0.0.0, Culture=neutral, PublicKeyToken=null" name="actualizarMaquinaTest" />
    </UnitTest>
    <UnitTest name="cargarMaquinasAptasTest" storage="c:\users\diego\documents\visual studio 2010\projects\uniprof\tests\bin\release\tests.dll" id="fb8dd2a9-a240-beb6-bd3d-66e4ba26b2aa">
      <Execution id="9dcf206d-4cf9-4a5d-9f40-32363aebe791" />
      <TestMethod codeBase="C:/Users/Diego/Documents/Visual Studio 2010/Projects/Uniprof/Tests/bin/Release/Tests.DLL" adapterTypeName="Microsoft.VisualStudio.TestTools.TestTypes.Unit.UnitTestAdapter, Microsoft.VisualStudio.QualityTools.Tips.UnitTest.Adapter, Version=10.0.0.0, Culture=neutral, PublicKeyToken=b03f5f7f11d50a3a" className="Tests.MaquinaRepositorioTest, Tests, Version=1.0.0.0, Culture=neutral, PublicKeyToken=null" name="cargarMaquinasAptasTest" />
    </UnitTest>
    <UnitTest name="listaPatentesTest" storage="c:\users\diego\documents\visual studio 2010\projects\uniprof\tests\bin\release\tests.dll" id="fe73d6a0-344d-935f-fa47-83db37554a24">
      <Execution id="5c989c8b-fa22-4f29-8472-7d9a5b0b9da7" />
      <TestMethod codeBase="C:/Users/Diego/Documents/Visual Studio 2010/Projects/Uniprof/Tests/bin/Release/Tests.DLL" adapterTypeName="Microsoft.VisualStudio.TestTools.TestTypes.Unit.UnitTestAdapter, Microsoft.VisualStudio.QualityTools.Tips.UnitTest.Adapter, Version=10.0.0.0, Culture=neutral, PublicKeyToken=b03f5f7f11d50a3a" className="Tests.PatenteBusinessTest, Tests, Version=1.0.0.0, Culture=neutral, PublicKeyToken=null" name="listaPatentesTest" />
    </UnitTest>
    <UnitTest name="listarMovimientosTest" storage="c:\users\diego\documents\visual studio 2010\projects\uniprof\tests\bin\release\tests.dll" id="13647b9a-2c0d-1cd8-34c7-faf3c771ec37">
      <Execution id="8afdf89c-b93f-44c2-8d0f-acd68243de5d" />
      <TestMethod codeBase="C:/Users/Diego/Documents/Visual Studio 2010/Projects/Uniprof/Tests/bin/Release/Tests.DLL" adapterTypeName="Microsoft.VisualStudio.TestTools.TestTypes.Unit.UnitTestAdapter, Microsoft.VisualStudio.QualityTools.Tips.UnitTest.Adapter, Version=10.0.0.0, Culture=neutral, PublicKeyToken=b03f5f7f11d50a3a" className="Tests.MovimientoCuentaClienteRepositorioTest, Tests, Version=1.0.0.0, Culture=neutral, PublicKeyToken=null" name="listarMovimientosTest" />
    </UnitTest>
    <UnitTest name="buscarTodoTest" storage="c:\users\diego\documents\visual studio 2010\projects\uniprof\tests\bin\release\tests.dll" id="d71a2e75-d02d-d52f-f44c-1c08c736ccf3">
      <Execution id="3e35824d-dc25-4cdc-b910-d4ae0f3dace0" />
      <TestMethod codeBase="C:/Users/Diego/Documents/Visual Studio 2010/Projects/Uniprof/Tests/bin/Release/Tests.DLL" adapterTypeName="Microsoft.VisualStudio.TestTools.TestTypes.Unit.UnitTestAdapter, Microsoft.VisualStudio.QualityTools.Tips.UnitTest.Adapter, Version=10.0.0.0, Culture=neutral, PublicKeyToken=b03f5f7f11d50a3a" className="Tests.ProduccionOperadorTDGTest, Tests, Version=1.0.0.0, Culture=neutral, PublicKeyToken=null" name="buscarTodoTest" />
    </UnitTest>
  </TestDefinitions>
  <TestLists>
    <TestList name="Results Not in a List" id="8c84fa94-04c1-424b-9868-57a2d4851a1d" />
    <TestList name="All Loaded Results" id="19431567-8539-422a-85d7-44ee4e166bda" />
  </TestLists>
  <TestEntries>
    <TestEntry testId="019bd56c-e56a-79a5-09bc-547b99ed981b" executionId="35ae054b-8d56-475b-ace1-c14cd14ac0bf" testListId="8c84fa94-04c1-424b-9868-57a2d4851a1d" />
    <TestEntry testId="019cc466-e1e2-1876-80d0-8bd0f4668b2f" executionId="709a5b26-1811-495c-80f0-e69b2ca3abbe" testListId="8c84fa94-04c1-424b-9868-57a2d4851a1d" />
    <TestEntry testId="0321ef45-ca6a-c46f-356f-5dff04b055f8" executionId="32a57d3a-6822-4bdb-a8f8-0a0c0bf7bc51" testListId="8c84fa94-04c1-424b-9868-57a2d4851a1d" />
    <TestEntry testId="036044ea-8d05-b58f-21af-2b8c451629d2" executionId="5e29e734-c470-4c6d-bef1-223174f4f245" testListId="8c84fa94-04c1-424b-9868-57a2d4851a1d" />
    <TestEntry testId="046d8853-4c4a-6ed7-e6b4-7cfe78d48668" executionId="256eb2b1-9c71-41f1-b5d7-bdc5d736f0eb" testListId="8c84fa94-04c1-424b-9868-57a2d4851a1d" />
    <TestEntry testId="049d0f88-7bdd-159e-dcba-5d96f972e9a7" executionId="5eb4708f-2bbb-42de-95e2-cf1472ce0184" testListId="8c84fa94-04c1-424b-9868-57a2d4851a1d" />
    <TestEntry testId="04a946fc-19a1-d283-10d5-49de1068346e" executionId="4f5cf5ee-7c9f-4fa9-bff3-b566f36535a4" testListId="8c84fa94-04c1-424b-9868-57a2d4851a1d" />
    <TestEntry testId="0533de1e-bd84-9f46-95b5-950bf92951b0" executionId="16c79feb-da8c-4612-966f-faeb800e201a" testListId="8c84fa94-04c1-424b-9868-57a2d4851a1d" />
    <TestEntry testId="0619da45-f95c-9013-f779-f3a2e41e2ddd" executionId="9aef5486-df56-418a-8862-d08e04be4407" testListId="8c84fa94-04c1-424b-9868-57a2d4851a1d" />
    <TestEntry testId="06ea3cf0-5b85-5241-6e3e-f83627367b47" executionId="767b4a54-c4e5-4a5f-9565-0529a9c21ed8" testListId="8c84fa94-04c1-424b-9868-57a2d4851a1d" />
    <TestEntry testId="07a2548d-4241-58e9-0562-3d619b418bbb" executionId="0f4c13a3-b117-46ea-b0a6-fb73c7a373be" testListId="8c84fa94-04c1-424b-9868-57a2d4851a1d" />
    <TestEntry testId="0826b7aa-fcce-4d97-453d-e58eb4a27a97" executionId="7bb04b6a-decb-444f-a019-858939ab8d67" testListId="8c84fa94-04c1-424b-9868-57a2d4851a1d" />
    <TestEntry testId="09863448-141d-d561-d286-b118ec566d97" executionId="df9a55bf-6859-467c-8d72-b84a698f6919" testListId="8c84fa94-04c1-424b-9868-57a2d4851a1d" />
    <TestEntry testId="0a8df61c-a62f-1c66-059f-875171321588" executionId="241e9e1b-c622-41af-86a6-4ee8d2ef9fe2" testListId="8c84fa94-04c1-424b-9868-57a2d4851a1d" />
    <TestEntry testId="0bbd7a33-36a4-99a4-2cd0-83fd451fea26" executionId="d8874cfa-bf3a-4608-9517-06662cd6d5d5" testListId="8c84fa94-04c1-424b-9868-57a2d4851a1d" />
    <TestEntry testId="0d0b6b4c-3d42-300a-bac7-fbab5e0b6cc5" executionId="15bca10b-6cca-4f82-9ded-84d240ba5029" testListId="8c84fa94-04c1-424b-9868-57a2d4851a1d" />
    <TestEntry testId="0d3f2b5f-2310-d53e-af58-1c0f5f09df9f" executionId="91b66df4-e97b-4144-9231-5a9cd28f5755" testListId="8c84fa94-04c1-424b-9868-57a2d4851a1d" />
    <TestEntry testId="0dd1a643-72f4-8fdd-aebf-659387fe0ecf" executionId="a9119ef2-f793-43cb-b1c0-785401b5a002" testListId="8c84fa94-04c1-424b-9868-57a2d4851a1d" />
    <TestEntry testId="10b4c1e2-77e8-b6fe-ff2c-b75bd78a1790" executionId="a38a4e63-7119-4452-8e44-8faa30c5b0f8" testListId="8c84fa94-04c1-424b-9868-57a2d4851a1d" />
    <TestEntry testId="1185b585-ef75-6544-19b0-95bea00f10c1" executionId="efae77f4-98af-4896-a1fc-0a3c08b3cd92" testListId="8c84fa94-04c1-424b-9868-57a2d4851a1d" />
    <TestEntry testId="13283e1a-ebd5-2811-9974-2614dbf7730f" executionId="e36994a6-3377-484f-b4c3-797a5fb92b83" testListId="8c84fa94-04c1-424b-9868-57a2d4851a1d" />
    <TestEntry testId="132dbdad-c767-c70b-4154-f7166132216a" executionId="90b6b89f-c34b-4d25-8b3c-ee351debb2db" testListId="8c84fa94-04c1-424b-9868-57a2d4851a1d" />
    <TestEntry testId="13496ae0-c24c-3fcb-7178-2789fe5b49ef" executionId="1591fd72-7d3b-4b36-876e-4475941f1052" testListId="8c84fa94-04c1-424b-9868-57a2d4851a1d" />
    <TestEntry testId="13647b9a-2c0d-1cd8-34c7-faf3c771ec37" executionId="8afdf89c-b93f-44c2-8d0f-acd68243de5d" testListId="8c84fa94-04c1-424b-9868-57a2d4851a1d" />
    <TestEntry testId="14276aa4-72b7-f96c-4fe9-e83b20c4c391" executionId="dc6879ca-fb2c-4bf6-8677-63cf11884f1a" testListId="8c84fa94-04c1-424b-9868-57a2d4851a1d" />
    <TestEntry testId="147439b4-00a7-f2cb-1dec-6270bffba92e" executionId="776faad0-2d31-4f8c-9854-33b6a6f82659" testListId="8c84fa94-04c1-424b-9868-57a2d4851a1d" />
    <TestEntry testId="1547d2a7-8401-4066-0421-456391521e4e" executionId="4947e7cb-4568-4c56-bbbc-b6466d88618f" testListId="8c84fa94-04c1-424b-9868-57a2d4851a1d" />
    <TestEntry testId="15781058-9d50-4692-2e7e-53db8e43c13c" executionId="b9df5421-5597-4db3-8bc9-1bcfb724293d" testListId="8c84fa94-04c1-424b-9868-57a2d4851a1d" />
    <TestEntry testId="15a2dfa0-b5da-ca0f-1901-200d0b50ec37" executionId="2f31820f-d7e2-4467-ab6f-8b99dbdcffb1" testListId="8c84fa94-04c1-424b-9868-57a2d4851a1d" />
    <TestEntry testId="15e90031-185d-99ec-c865-633047dc95f1" executionId="9fc44865-0f56-4c76-8293-274a03b2df0d" testListId="8c84fa94-04c1-424b-9868-57a2d4851a1d" />
    <TestEntry testId="16d2afdb-fcf6-6658-1d97-2e6156bb9c19" executionId="6a9a4f4c-4819-4a7c-bc1c-06f56ab24fb5" testListId="8c84fa94-04c1-424b-9868-57a2d4851a1d" />
    <TestEntry testId="16ffbd3f-3aee-beef-202b-0a5edf0b4c4f" executionId="53e1ffef-f952-40ac-9fef-34cd95eb797d" testListId="8c84fa94-04c1-424b-9868-57a2d4851a1d" />
    <TestEntry testId="179d28ef-c565-5c45-d785-59f1a0626295" executionId="d7498330-e882-407b-9b36-01e93db67c1a" testListId="8c84fa94-04c1-424b-9868-57a2d4851a1d" />
    <TestEntry testId="19a165a4-d445-e33e-7cb8-0f8a6d509eae" executionId="826b0632-434c-41e3-b918-c77a799e650e" testListId="8c84fa94-04c1-424b-9868-57a2d4851a1d" />
    <TestEntry testId="1a2eb27e-5a5f-d0a1-8888-804cc861f69e" executionId="2c68be30-6fd3-406b-af17-986760c48f6f" testListId="8c84fa94-04c1-424b-9868-57a2d4851a1d" />
    <TestEntry testId="1aa90fb2-a5a8-fc6d-427f-550365a59543" executionId="b2c6825e-cdbb-4597-8d3a-1c83e0cc0bff" testListId="8c84fa94-04c1-424b-9868-57a2d4851a1d" />
    <TestEntry testId="1cbe2801-d19a-9274-15f8-0dba46344245" executionId="42e559a0-2451-4b05-82e4-781cc2cd31c2" testListId="8c84fa94-04c1-424b-9868-57a2d4851a1d" />
    <TestEntry testId="1cca4a40-3e79-045d-0667-c735e9a1087b" executionId="e96cbb61-f66f-4ea3-a6c8-5b848144282e" testListId="8c84fa94-04c1-424b-9868-57a2d4851a1d" />
    <TestEntry testId="1cea9887-e3c9-cea8-286a-dd9be44d7403" executionId="700ef044-00fc-4ee6-a6fc-2bf2009e03aa" testListId="8c84fa94-04c1-424b-9868-57a2d4851a1d" />
    <TestEntry testId="1e112e87-ecd4-bbc8-5f74-eb12a4718023" executionId="671283dc-1919-4731-b0ad-7ba5f1d086ec" testListId="8c84fa94-04c1-424b-9868-57a2d4851a1d" />
    <TestEntry testId="1f993eef-b5ac-3548-c940-f219e4216d75" executionId="69fc860e-452e-4c2a-817b-703ffcbd334d" testListId="8c84fa94-04c1-424b-9868-57a2d4851a1d" />
    <TestEntry testId="1fb18ed6-06da-35e1-ec67-5275eec70993" executionId="8ead172d-3928-4a8f-9220-2ed6cf5acef9" testListId="8c84fa94-04c1-424b-9868-57a2d4851a1d" />
    <TestEntry testId="20d5f305-5003-b633-f12a-b60950a7d487" executionId="5e6d8d76-02af-4b46-92c1-d561312b3e5e" testListId="8c84fa94-04c1-424b-9868-57a2d4851a1d" />
    <TestEntry testId="21f1e20b-dcac-fe9b-670b-02932753806f" executionId="c34819b8-0554-485b-b404-13a7d88125bc" testListId="8c84fa94-04c1-424b-9868-57a2d4851a1d" />
    <TestEntry testId="2277aaf3-514d-5d22-b68b-739c3ef345a2" executionId="d94c19ab-d810-49ff-88b3-b3da81118b6e" testListId="8c84fa94-04c1-424b-9868-57a2d4851a1d" />
    <TestEntry testId="231d325e-5b2d-4422-b67b-4aed1bbc3f49" executionId="7ebbab1a-7767-4450-b9b5-a6501e132702" testListId="8c84fa94-04c1-424b-9868-57a2d4851a1d" />
    <TestEntry testId="24d98172-4e51-96b3-ef4d-cd0ed2a98c18" executionId="4e050534-b9e0-452c-aa86-3900d4dae2ff" testListId="8c84fa94-04c1-424b-9868-57a2d4851a1d" />
    <TestEntry testId="251887f2-80b7-06cc-ae64-369889df804d" executionId="f0f8f9f8-650f-4213-9b1e-812d92fb071d" testListId="8c84fa94-04c1-424b-9868-57a2d4851a1d" />
    <TestEntry testId="254f3c87-cb8f-24cb-6d93-8a60e4e333c0" executionId="c351bbae-719b-4c1d-8f93-7a8f1159ad69" testListId="8c84fa94-04c1-424b-9868-57a2d4851a1d" />
    <TestEntry testId="25d73e54-4c45-c0f8-0cc6-cd9d82e5c8a4" executionId="0660af19-7790-4c7d-a2c7-2f6c7941a324" testListId="8c84fa94-04c1-424b-9868-57a2d4851a1d" />
    <TestEntry testId="26a546ff-2782-4a5a-0d01-d730f8d08c9d" executionId="38f33735-5876-4649-b03e-75c442839adf" testListId="8c84fa94-04c1-424b-9868-57a2d4851a1d" />
    <TestEntry testId="26d1e25c-63b7-c2c4-03c0-99f8e7631508" executionId="d0a5a2f2-4f57-442e-9aeb-36d290c0b973" testListId="8c84fa94-04c1-424b-9868-57a2d4851a1d" />
    <TestEntry testId="26e79886-012b-c1dd-53e8-d16d49221a25" executionId="d9a63ae6-67e9-47d3-b1d1-5334a21a589d" testListId="8c84fa94-04c1-424b-9868-57a2d4851a1d" />
    <TestEntry testId="2807b06d-2424-3984-a9d6-3c90127f0468" executionId="2acc536c-7594-4480-a40e-15d89153c7d9" testListId="8c84fa94-04c1-424b-9868-57a2d4851a1d" />
    <TestEntry testId="280aded5-68b9-b810-9a8e-34bdb568fac8" executionId="058a0326-0729-4d45-a961-28787e55d46a" testListId="8c84fa94-04c1-424b-9868-57a2d4851a1d" />
    <TestEntry testId="28e69d1a-8de4-eba9-3792-eae237e8276c" executionId="12e19c3d-fd6e-4f14-b447-3d1fb9fecfa7" testListId="8c84fa94-04c1-424b-9868-57a2d4851a1d" />
    <TestEntry testId="29a5da4e-65d5-0422-5e68-618976117f03" executionId="d9e61b11-5745-48a4-88e7-167f6d17e85c" testListId="8c84fa94-04c1-424b-9868-57a2d4851a1d" />
    <TestEntry testId="29f0136c-6b94-67a3-1d98-7e9ef56e0b01" executionId="f15472b9-5270-4339-b777-504225230078" testListId="8c84fa94-04c1-424b-9868-57a2d4851a1d" />
    <TestEntry testId="2a172fd5-1ba6-de08-de7a-3705a01c8b9d" executionId="f62c744f-afa1-42dd-a41e-3f8a98625605" testListId="8c84fa94-04c1-424b-9868-57a2d4851a1d" />
    <TestEntry testId="2a2fd5ee-0dc7-50c0-f1c8-c482f09c9964" executionId="980846de-82ce-49c9-a92b-2bbc6cbbae72" testListId="8c84fa94-04c1-424b-9868-57a2d4851a1d" />
    <TestEntry testId="2ae7b1af-8597-a3ce-277b-0dc18037e21f" executionId="e3565087-f1ba-43f5-bd62-288a2aacad0c" testListId="8c84fa94-04c1-424b-9868-57a2d4851a1d" />
    <TestEntry testId="2b495ffb-2b2e-0cf5-2875-0685d0724d3c" executionId="48857483-7593-45dc-9db9-894f2136589a" testListId="8c84fa94-04c1-424b-9868-57a2d4851a1d" />
    <TestEntry testId="2bbea6cc-d32e-272a-1a5e-81a0cec727a7" executionId="228e0f7b-f43b-4fc5-b113-cd6924ef11ba" testListId="8c84fa94-04c1-424b-9868-57a2d4851a1d" />
    <TestEntry testId="2c93c645-adc5-bb40-79d7-b39e8ca0fa8c" executionId="6a0ab652-b961-4e41-acfd-fd95d0a29407" testListId="8c84fa94-04c1-424b-9868-57a2d4851a1d" />
    <TestEntry testId="2dd0d705-2d7c-e989-e9d2-1892c8b66262" executionId="b742d4c0-f2d6-4240-8360-8ecf001509f0" testListId="8c84fa94-04c1-424b-9868-57a2d4851a1d" />
    <TestEntry testId="2e92c0a7-eb38-f9b0-56bc-708e3a1e95b2" executionId="300eb7d1-d526-44a7-bd57-82475419ae1a" testListId="8c84fa94-04c1-424b-9868-57a2d4851a1d" />
    <TestEntry testId="2ecef026-d4ff-850b-2022-72b81bdf2047" executionId="c8427d65-e4de-4c60-a0b6-2d2ae6ae746d" testListId="8c84fa94-04c1-424b-9868-57a2d4851a1d" />
    <TestEntry testId="2f3865ce-701f-5035-c928-beb5bf354e66" executionId="1fe131a1-8847-41ec-8867-4b17b00917e8" testListId="8c84fa94-04c1-424b-9868-57a2d4851a1d" />
    <TestEntry testId="2f942134-eb39-049b-9e6e-2f42e91a8a19" executionId="1c8cb814-7578-458c-8d42-5defed415091" testListId="8c84fa94-04c1-424b-9868-57a2d4851a1d" />
    <TestEntry testId="2ff4ab24-8ba8-c855-2fbb-5316fd166e9f" executionId="5bbf1517-6a2e-4694-b762-3de5c16b95f5" testListId="8c84fa94-04c1-424b-9868-57a2d4851a1d" />
    <TestEntry testId="3022c4e6-888b-2dda-b879-e60c04b5e600" executionId="5f8b29b9-3141-442d-997b-17ca0fc7aa67" testListId="8c84fa94-04c1-424b-9868-57a2d4851a1d" />
    <TestEntry testId="302f391e-539b-a40e-3606-007f4a4a5dfd" executionId="2a325d7c-fd90-4733-accc-0d0bb721df2e" testListId="8c84fa94-04c1-424b-9868-57a2d4851a1d" />
    <TestEntry testId="3222f04f-3bb8-b915-7622-11e1c846763f" executionId="7068b0fe-c60b-45ba-baca-5ec24c622af8" testListId="8c84fa94-04c1-424b-9868-57a2d4851a1d" />
    <TestEntry testId="3323acf7-8dc7-360e-f0a1-c4a2fbb9a91e" executionId="19cc8422-2bbf-4a37-ac3e-6d8e9b988f36" testListId="8c84fa94-04c1-424b-9868-57a2d4851a1d" />
    <TestEntry testId="33cb7b57-1952-56c9-afdf-65517595c4dd" executionId="6c34106a-78cb-44ec-a420-c9d49f3f47bf" testListId="8c84fa94-04c1-424b-9868-57a2d4851a1d" />
    <TestEntry testId="34308cfd-d506-0b0a-6562-a4e0e8e6e9f3" executionId="08c52149-8ff9-495d-8b89-071ae3de2b9c" testListId="8c84fa94-04c1-424b-9868-57a2d4851a1d" />
    <TestEntry testId="353a1d2f-a022-ae0b-e495-9424c7779e0c" executionId="9a0f427e-87c6-420b-bb70-91a2b41935b7" testListId="8c84fa94-04c1-424b-9868-57a2d4851a1d" />
    <TestEntry testId="364ee525-fb4e-4236-05f2-99b03bc282b2" executionId="1f681772-8de0-4b4e-b426-59abed982d2b" testListId="8c84fa94-04c1-424b-9868-57a2d4851a1d" />
    <TestEntry testId="36f9d5ec-47e1-6737-13d6-445eaa622ab8" executionId="3b5fbeed-3475-4d44-8d72-13c24cba400f" testListId="8c84fa94-04c1-424b-9868-57a2d4851a1d" />
    <TestEntry testId="371ae7d4-9804-8eea-7d23-86fbb28eb5e2" executionId="6318e375-7aca-414d-b685-0feeed7a044c" testListId="8c84fa94-04c1-424b-9868-57a2d4851a1d" />
    <TestEntry testId="375be106-944a-05c4-4975-c4a32afdccd6" executionId="b53fcf35-2c8e-43a6-a540-fc49e521f503" testListId="8c84fa94-04c1-424b-9868-57a2d4851a1d" />
    <TestEntry testId="37b5db64-970d-c293-40fd-5d0b9fe33e03" executionId="65d895b9-f42e-475c-969a-19c87648da5c" testListId="8c84fa94-04c1-424b-9868-57a2d4851a1d" />
    <TestEntry testId="37eb03dd-b0ba-1d1a-150c-82804e7b16da" executionId="09df6e34-962f-43fc-9626-55e8125e5a59" testListId="8c84fa94-04c1-424b-9868-57a2d4851a1d" />
    <TestEntry testId="3814ca38-0b83-b334-0d16-36809809c612" executionId="11610d91-5f63-4a7d-b882-d7f786474cac" testListId="8c84fa94-04c1-424b-9868-57a2d4851a1d" />
    <TestEntry testId="390965ee-b707-eb4d-f805-7a307d4ab7fa" executionId="eda4008a-16e1-4986-86e5-0073d2220410" testListId="8c84fa94-04c1-424b-9868-57a2d4851a1d" />
    <TestEntry testId="399698d6-d910-1ab1-d972-fb6aa80639ce" executionId="cc68c54c-cb86-4ed6-9aff-9d4e88eeb3a5" testListId="8c84fa94-04c1-424b-9868-57a2d4851a1d" />
    <TestEntry testId="39eb9513-2b02-9bb1-bfd3-cd5a5b8ce938" executionId="6a9bbe85-2840-403b-b195-7786cf8a4e5e" testListId="8c84fa94-04c1-424b-9868-57a2d4851a1d" />
    <TestEntry testId="3a69785d-69f1-1ae3-6647-f1fbd5f0c79c" executionId="3be9cc18-3400-4877-be66-913648cefc06" testListId="8c84fa94-04c1-424b-9868-57a2d4851a1d" />
    <TestEntry testId="3b15fca6-ba42-6ea6-b114-894cdb11cb16" executionId="2052ac89-0b5c-44d8-b66a-f450bb4da06b" testListId="8c84fa94-04c1-424b-9868-57a2d4851a1d" />
    <TestEntry testId="3bb3d861-97d5-17ed-e4db-8593f01e3068" executionId="979f8f7d-a13a-455c-a580-92aa2dc08bae" testListId="8c84fa94-04c1-424b-9868-57a2d4851a1d" />
    <TestEntry testId="3c12ed63-05b7-6919-12b1-8653c094ff5f" executionId="ccedb169-b17e-4f86-9542-aaa5d60af824" testListId="8c84fa94-04c1-424b-9868-57a2d4851a1d" />
    <TestEntry testId="3cd1a5b2-2061-12b0-4cbc-6da8d643a9e8" executionId="ed97b851-7c68-41d3-88f9-8f38c3b43dc4" testListId="8c84fa94-04c1-424b-9868-57a2d4851a1d" />
    <TestEntry testId="3d34ce3d-2c19-4b40-f3e1-1e5a5ee88a27" executionId="97ae7ba2-37fb-4501-8139-c0d946bedca3" testListId="8c84fa94-04c1-424b-9868-57a2d4851a1d" />
    <TestEntry testId="3d5d4690-413e-480e-9909-702cf88399dd" executionId="2bf6516c-6ba4-4cbe-9441-5b166335a3cb" testListId="8c84fa94-04c1-424b-9868-57a2d4851a1d" />
    <TestEntry testId="3f09e394-0823-389c-6e0c-74955eff820a" executionId="a4a0c1ec-ff8e-4fa1-8b51-96da8fe4ccc6" testListId="8c84fa94-04c1-424b-9868-57a2d4851a1d" />
    <TestEntry testId="3f50a717-0b73-d5bd-41bc-37d26b580e88" executionId="f8000283-1904-44e3-ac59-d4392650e87f" testListId="8c84fa94-04c1-424b-9868-57a2d4851a1d" />
    <TestEntry testId="3f81de19-4fde-6528-9e0d-cf576c0d46aa" executionId="7d2d1e76-b7ac-489c-a999-2dbe97f81ceb" testListId="8c84fa94-04c1-424b-9868-57a2d4851a1d" />
    <TestEntry testId="4063ba31-c658-1e39-f2a1-4789b86cdf92" executionId="d5f3695c-1c40-4936-9134-96d8b41b5230" testListId="8c84fa94-04c1-424b-9868-57a2d4851a1d" />
    <TestEntry testId="4075ee85-dce8-0a59-bbe2-572b6c1b6a07" executionId="765f981b-baf0-4210-b3dd-743ae15054db" testListId="8c84fa94-04c1-424b-9868-57a2d4851a1d" />
    <TestEntry testId="40c309eb-6e85-5d22-3be7-c1b561c3a631" executionId="731fd530-67bc-45a0-a8af-fde3c7f06788" testListId="8c84fa94-04c1-424b-9868-57a2d4851a1d" />
    <TestEntry testId="4128c841-fbe4-5443-0039-ee6ab9d8480a" executionId="7376fb15-5f55-4483-b993-cf16a3e173db" testListId="8c84fa94-04c1-424b-9868-57a2d4851a1d" />
    <TestEntry testId="4148e9ec-0e25-c6a4-4bc2-03540cd0a990" executionId="d14d3243-b3ad-4540-8022-cf29477ffb16" testListId="8c84fa94-04c1-424b-9868-57a2d4851a1d" />
    <TestEntry testId="41ca50b2-af08-ebb5-fe81-0171706b4196" executionId="610450d9-dd6d-427a-be80-fec2aff3cdc1" testListId="8c84fa94-04c1-424b-9868-57a2d4851a1d" />
    <TestEntry testId="42bbff3f-ae90-d4a3-ac96-e18e8d721f9a" executionId="1ac5173c-6877-4ac5-a59b-e6cc5859e5a9" testListId="8c84fa94-04c1-424b-9868-57a2d4851a1d" />
    <TestEntry testId="42bc7f23-0a71-a17c-783c-a7c1f6e66d7c" executionId="68f5640e-b2a3-4b95-b869-4e6e8dbbc41c" testListId="8c84fa94-04c1-424b-9868-57a2d4851a1d" />
    <TestEntry testId="42d34e85-28e2-30e8-a414-32919f9963a2" executionId="f74adad8-5daf-4b80-aa69-d8217c3a3f25" testListId="8c84fa94-04c1-424b-9868-57a2d4851a1d" />
    <TestEntry testId="42f3bd17-7e9a-3a2a-0abf-94dcbfe8af44" executionId="4a3ecfa3-dba4-4fa8-b160-c1a3af5e7a93" testListId="8c84fa94-04c1-424b-9868-57a2d4851a1d" />
    <TestEntry testId="43cb51cd-66eb-181b-064e-18bf81c14a68" executionId="a911fd6e-840d-4ba0-af53-7b75d6ca606d" testListId="8c84fa94-04c1-424b-9868-57a2d4851a1d" />
    <TestEntry testId="4470df03-406c-ac4c-036b-0433b2842ca5" executionId="339a3f07-c64f-4d99-acc7-bef81f903f40" testListId="8c84fa94-04c1-424b-9868-57a2d4851a1d" />
    <TestEntry testId="44f2f0a7-9e33-876a-b7c3-d86059021fb2" executionId="7f0a3db3-106b-4742-a375-2a3d6df6d124" testListId="8c84fa94-04c1-424b-9868-57a2d4851a1d" />
    <TestEntry testId="45d73400-010d-bede-b097-0e012e473ce7" executionId="bc0a78a1-655f-45da-a7ac-3fec34eeab75" testListId="8c84fa94-04c1-424b-9868-57a2d4851a1d" />
    <TestEntry testId="46319d74-a59b-cb4c-c42c-91de192140ab" executionId="685263c9-38a6-42e3-b3f6-45432c39d1e0" testListId="8c84fa94-04c1-424b-9868-57a2d4851a1d" />
    <TestEntry testId="466df001-5e88-7941-9225-f5b84ddbea5e" executionId="8c6b4e28-e959-43c3-b2ad-6c11c3bb367b" testListId="8c84fa94-04c1-424b-9868-57a2d4851a1d" />
    <TestEntry testId="468ca457-0ed7-03c2-646c-9f2875316428" executionId="2c1dac45-e825-47d5-82b0-50a6a1eee40b" testListId="8c84fa94-04c1-424b-9868-57a2d4851a1d" />
    <TestEntry testId="47539572-8702-25fd-25db-bd0bdd8958b7" executionId="99e48e8f-17f9-4482-a134-cc248d2e9f76" testListId="8c84fa94-04c1-424b-9868-57a2d4851a1d" />
    <TestEntry testId="47829263-2bc4-1929-0c73-083969548a33" executionId="9bca9f3f-124f-40c5-92da-88d5469828f0" testListId="8c84fa94-04c1-424b-9868-57a2d4851a1d" />
    <TestEntry testId="47d53732-aaac-b97d-3608-f4da6d7da1f0" executionId="8a7f5a39-54dc-48dc-8220-c2b2a4a7247f" testListId="8c84fa94-04c1-424b-9868-57a2d4851a1d" />
    <TestEntry testId="47f1b7ea-5dbe-ff8b-ee2e-cd35503da3a7" executionId="6c7ff7c0-6b21-451d-9649-5fe35c46baee" testListId="8c84fa94-04c1-424b-9868-57a2d4851a1d" />
    <TestEntry testId="4ab5b9e6-5b30-baa0-2e6d-fac9df442766" executionId="26d0b433-49f5-4390-8154-284627d63bc7" testListId="8c84fa94-04c1-424b-9868-57a2d4851a1d" />
    <TestEntry testId="4b2e2241-5ba0-4bf3-a87c-c3b9957ec404" executionId="952cb359-4ddf-4163-84ad-cb5ff64fcca4" testListId="8c84fa94-04c1-424b-9868-57a2d4851a1d" />
    <TestEntry testId="4b4cc00b-440a-fb3e-bf1c-58f18a59fbb6" executionId="3b066853-d9f4-4c17-b95c-508bcb106af5" testListId="8c84fa94-04c1-424b-9868-57a2d4851a1d" />
    <TestEntry testId="4cab3d76-8fe4-c6a9-062c-275660c809ba" executionId="8346d907-8d2d-478b-9d76-7168be43c20a" testListId="8c84fa94-04c1-424b-9868-57a2d4851a1d" />
    <TestEntry testId="4cc6b71b-462c-2bdc-f536-28b4d3d30de5" executionId="8fd37318-7667-49ec-a070-b8035360e1e6" testListId="8c84fa94-04c1-424b-9868-57a2d4851a1d" />
    <TestEntry testId="4d2a8d5b-b176-00fc-503a-b6acea4e399d" executionId="3ed56638-21f3-4283-8780-4931b7498c6a" testListId="8c84fa94-04c1-424b-9868-57a2d4851a1d" />
    <TestEntry testId="4d891028-ff30-5474-0c6f-59e839f50717" executionId="e5be6ae3-31f2-43bf-b13b-65d791e34e60" testListId="8c84fa94-04c1-424b-9868-57a2d4851a1d" />
    <TestEntry testId="4e213555-50ef-010c-9653-9ed4341cc7e4" executionId="23ed89cd-25db-4448-a587-38adf4b005d8" testListId="8c84fa94-04c1-424b-9868-57a2d4851a1d" />
    <TestEntry testId="4f159a29-3cb7-c1f2-9ed8-8c5ed23afcbe" executionId="248bebb4-8395-484c-87dd-6a16596d3f30" testListId="8c84fa94-04c1-424b-9868-57a2d4851a1d" />
    <TestEntry testId="4f3a2e54-c06b-cfc2-386b-24b648fee82c" executionId="7360dbb1-55d7-42e0-b2d8-a6a6e21b3304" testListId="8c84fa94-04c1-424b-9868-57a2d4851a1d" />
    <TestEntry testId="5062f8db-d3cc-b220-b391-1deb74053b65" executionId="8ed51afd-c101-4add-bb06-cb4ca5888a0b" testListId="8c84fa94-04c1-424b-9868-57a2d4851a1d" />
    <TestEntry testId="5136f8bc-ea30-8e7a-77a2-f46a924db348" executionId="97d9c44f-15b1-40fc-a835-e6ba3378b549" testListId="8c84fa94-04c1-424b-9868-57a2d4851a1d" />
    <TestEntry testId="513854bd-1669-ed84-d891-6995e53105ac" executionId="587f60ad-087a-417b-9f04-d00d68df5d24" testListId="8c84fa94-04c1-424b-9868-57a2d4851a1d" />
    <TestEntry testId="52baea7e-b200-446e-6971-763252eb7cdd" executionId="99a58b28-964a-4365-8af4-76a2c61569c7" testListId="8c84fa94-04c1-424b-9868-57a2d4851a1d" />
    <TestEntry testId="52d17b0e-d936-129e-43f3-078523a7b6ea" executionId="7366b37e-3344-4ea6-93e7-b89be0754dec" testListId="8c84fa94-04c1-424b-9868-57a2d4851a1d" />
    <TestEntry testId="53977503-45e6-020c-cee1-a5a2bdcb3045" executionId="b8ead726-15ec-44b9-943d-dc88f066e7ef" testListId="8c84fa94-04c1-424b-9868-57a2d4851a1d" />
    <TestEntry testId="53e8a9c8-96f4-eccd-a6cf-588d5c1fbc4b" executionId="a53734a7-97bd-402a-aa7f-80ae4e954ffb" testListId="8c84fa94-04c1-424b-9868-57a2d4851a1d" />
    <TestEntry testId="53fb134c-9656-57a4-8598-b11e28cf481e" executionId="9ab0c029-750e-454e-a656-738a5ed892b1" testListId="8c84fa94-04c1-424b-9868-57a2d4851a1d" />
    <TestEntry testId="542e3d8e-c605-852a-af9b-310782faad08" executionId="86501383-27c8-4c07-861b-f68e6c8d46e2" testListId="8c84fa94-04c1-424b-9868-57a2d4851a1d" />
    <TestEntry testId="55841f62-e499-c1d2-7702-e492ea6411db" executionId="e510c82d-6667-4d12-91a7-7a67fd6a820d" testListId="8c84fa94-04c1-424b-9868-57a2d4851a1d" />
    <TestEntry testId="5627da22-d5e7-edd9-24c7-79ea0acd3bdb" executionId="204e2e29-25c8-4937-a441-b1b172543a62" testListId="8c84fa94-04c1-424b-9868-57a2d4851a1d" />
    <TestEntry testId="57811f03-2314-dd80-537e-0ead8105505e" executionId="b7721bf3-7e4e-4176-bb12-92984487293c" testListId="8c84fa94-04c1-424b-9868-57a2d4851a1d" />
    <TestEntry testId="57822e73-41f0-97dd-bf29-4b1fd4ed053c" executionId="2898ef3d-dbc0-4124-a71a-a613dd54e012" testListId="8c84fa94-04c1-424b-9868-57a2d4851a1d" />
    <TestEntry testId="58008e3d-a662-382f-b6bd-ea56db2d0729" executionId="068a4245-6ffd-4aa2-897e-4e6e7886a8af" testListId="8c84fa94-04c1-424b-9868-57a2d4851a1d" />
    <TestEntry testId="583b72ae-47b9-5eaa-f8ea-320cdf69527e" executionId="6430d092-2977-4127-b569-3320aa10a895" testListId="8c84fa94-04c1-424b-9868-57a2d4851a1d" />
    <TestEntry testId="590fbd59-b150-d4b9-6a37-e409519e63c2" executionId="78d59c6d-ee5e-4903-b188-795fc132d02d" testListId="8c84fa94-04c1-424b-9868-57a2d4851a1d" />
    <TestEntry testId="59186e93-3595-d080-b439-d655c96ab973" executionId="fbf6977a-6789-40ab-82f7-cc753149fd5b" testListId="8c84fa94-04c1-424b-9868-57a2d4851a1d" />
    <TestEntry testId="5973b42f-4391-99d3-6b49-5d351ffdd924" executionId="44dda838-88ea-4fd9-86de-383b22aab259" testListId="8c84fa94-04c1-424b-9868-57a2d4851a1d" />
    <TestEntry testId="59ac30e1-edc3-3193-83d1-44bf47baeaf4" executionId="54c6ba93-83f7-4493-bf2d-f31258eca5a1" testListId="8c84fa94-04c1-424b-9868-57a2d4851a1d" />
    <TestEntry testId="5a471128-b46d-a047-f96f-afe4f1f9ce56" executionId="ebeeac64-fbea-4853-b5ba-226acc4d3526" testListId="8c84fa94-04c1-424b-9868-57a2d4851a1d" />
    <TestEntry testId="5b45a836-b61f-3f4e-71ec-60865157f707" executionId="70fcb314-cce0-442e-8aa0-acfa7e126177" testListId="8c84fa94-04c1-424b-9868-57a2d4851a1d" />
    <TestEntry testId="5b9bfc56-4cc5-173e-d51e-c0dfe65798ee" executionId="488e7785-9ad1-4cab-b1e8-22bf8892960b" testListId="8c84fa94-04c1-424b-9868-57a2d4851a1d" />
    <TestEntry testId="5bbb6d67-7645-c72a-0a3d-d422f73b22ec" executionId="f92fde78-7fae-4019-8529-00f5966cfd42" testListId="8c84fa94-04c1-424b-9868-57a2d4851a1d" />
    <TestEntry testId="5bc580ea-e8dc-d81d-d20e-846c482c1228" executionId="e6a8f595-bcb6-49d5-95cc-ae24dd04fd29" testListId="8c84fa94-04c1-424b-9868-57a2d4851a1d" />
    <TestEntry testId="5bcfcf35-a297-ce16-b906-540d8e2e0904" executionId="7b77daa1-60f9-4f9c-9b08-2a26331c01e0" testListId="8c84fa94-04c1-424b-9868-57a2d4851a1d" />
    <TestEntry testId="5be9d1df-2b36-1659-9ba5-a87863ccb63a" executionId="3cb23afe-8490-45b6-82d5-62970bff92b6" testListId="8c84fa94-04c1-424b-9868-57a2d4851a1d" />
    <TestEntry testId="5c26e5bc-173f-d60e-f76c-ab3d9a4b4531" executionId="bc686576-a869-44e2-9457-5277932bfc94" testListId="8c84fa94-04c1-424b-9868-57a2d4851a1d" />
    <TestEntry testId="5c85b597-4b7a-176d-3dac-461f2d66fe1b" executionId="2cabf1f9-95d5-4d05-8bbb-0b6f719eef68" testListId="8c84fa94-04c1-424b-9868-57a2d4851a1d" />
    <TestEntry testId="5d206a37-78a3-f908-c018-7a5a53253c75" executionId="0baa7fa3-7ee8-4f2b-beb5-f8a8aa2dd156" testListId="8c84fa94-04c1-424b-9868-57a2d4851a1d" />
    <TestEntry testId="5d5c620b-143e-df44-c141-574eca133b7a" executionId="5efd8d85-9206-4a6b-9638-1f88855280e0" testListId="8c84fa94-04c1-424b-9868-57a2d4851a1d" />
    <TestEntry testId="5e0dec84-1eed-840d-bf51-237b2ddbdebf" executionId="4a7f30c2-2670-4165-9e60-9ac1ca248bfe" testListId="8c84fa94-04c1-424b-9868-57a2d4851a1d" />
    <TestEntry testId="5e39e02d-2b70-3982-2130-96924fff6d81" executionId="71b37bac-58b2-4165-8cf5-aabadbae62ed" testListId="8c84fa94-04c1-424b-9868-57a2d4851a1d" />
    <TestEntry testId="5f0d0749-3ebf-18a9-df3b-b2af8e5ec0eb" executionId="56026e49-a402-4939-a739-4efa55b9467c" testListId="8c84fa94-04c1-424b-9868-57a2d4851a1d" />
    <TestEntry testId="5f6ca830-a7f5-404d-2afc-b5fe8dc971de" executionId="053a2e3a-0e4a-4ce4-8b4c-61921a60f53c" testListId="8c84fa94-04c1-424b-9868-57a2d4851a1d" />
    <TestEntry testId="5fd39f80-1bc2-a1e7-8064-c0ed0e813279" executionId="96dfe358-3938-422d-a04f-beceb91a42e2" testListId="8c84fa94-04c1-424b-9868-57a2d4851a1d" />
    <TestEntry testId="5fe3519a-06e9-4436-0b1a-0afc24033be0" executionId="be12c69d-38f6-4d90-927c-7ee8760dba82" testListId="8c84fa94-04c1-424b-9868-57a2d4851a1d" />
    <TestEntry testId="5ffe0bd0-6148-b429-44ab-e9d370687b86" executionId="f5504ed9-0116-485f-a9cc-547b7454fed9" testListId="8c84fa94-04c1-424b-9868-57a2d4851a1d" />
    <TestEntry testId="601e990e-751d-e263-ef32-4be40187ef20" executionId="5664bd3a-531a-4c21-987c-73ccd2bff22a" testListId="8c84fa94-04c1-424b-9868-57a2d4851a1d" />
    <TestEntry testId="6195d611-24d3-4e42-5b11-b2da792448d4" executionId="fa10a6fd-9af1-4f14-a543-cead4ce16084" testListId="8c84fa94-04c1-424b-9868-57a2d4851a1d" />
    <TestEntry testId="61c2c67d-a8aa-50cc-81fa-b25eafff855b" executionId="14bd2345-f5d5-4ed6-9571-faf3e70d298a" testListId="8c84fa94-04c1-424b-9868-57a2d4851a1d" />
    <TestEntry testId="62392e62-abcf-2bb0-a872-aa102226687e" executionId="7521476a-5acb-4ce5-94aa-794abad99a42" testListId="8c84fa94-04c1-424b-9868-57a2d4851a1d" />
    <TestEntry testId="62f6b994-f314-dfaa-2382-4b70b0820150" executionId="8fc26c6e-9764-4565-ba9b-2a69ed6f2307" testListId="8c84fa94-04c1-424b-9868-57a2d4851a1d" />
    <TestEntry testId="645f3b20-4ed4-9fc8-0db6-f5c22e3f0ef4" executionId="f786ae1e-e8eb-4ad2-9409-53c1d832daea" testListId="8c84fa94-04c1-424b-9868-57a2d4851a1d" />
    <TestEntry testId="64c5f523-bd77-dde6-863d-1ca40834d636" executionId="679f0604-3e8a-4942-a3bc-42c695e6242a" testListId="8c84fa94-04c1-424b-9868-57a2d4851a1d" />
    <TestEntry testId="653a7294-5203-6cdc-ff9d-6ea30ca26aa9" executionId="b5aad5b8-93f7-478d-9614-d267608c8a1c" testListId="8c84fa94-04c1-424b-9868-57a2d4851a1d" />
    <TestEntry testId="65cf3506-53bd-487b-cba6-ed8ab00a65a4" executionId="0e188f67-9ea5-4644-93d4-d617850225e5" testListId="8c84fa94-04c1-424b-9868-57a2d4851a1d" />
    <TestEntry testId="65f33339-f5f5-af8d-e74e-57a59876466d" executionId="8e230db9-7f5a-42e4-8b29-42a1df82342f" testListId="8c84fa94-04c1-424b-9868-57a2d4851a1d" />
    <TestEntry testId="66671db1-8d6b-13a4-a97e-68474a20ccf4" executionId="50b4d7ba-d2bf-4a3a-8c8a-e820b20c2565" testListId="8c84fa94-04c1-424b-9868-57a2d4851a1d" />
    <TestEntry testId="66a338ec-66f0-37fa-1bf3-601efb395594" executionId="45f411c2-e764-4f19-abf4-4fd24c04f7d3" testListId="8c84fa94-04c1-424b-9868-57a2d4851a1d" />
    <TestEntry testId="66accf62-c8b1-294a-c12d-5fcb04e3bddf" executionId="bf65b489-7986-40ef-8462-53e41ae2bf1f" testListId="8c84fa94-04c1-424b-9868-57a2d4851a1d" />
    <TestEntry testId="67103975-0d80-6dc0-3e73-31c64db0977f" executionId="a610442e-b58b-4bba-96be-be1fe5cb2685" testListId="8c84fa94-04c1-424b-9868-57a2d4851a1d" />
    <TestEntry testId="68862084-d3f3-3b6a-8d1d-63a8120425c8" executionId="b3f0e951-068e-42bb-8903-4ac5f71867c9" testListId="8c84fa94-04c1-424b-9868-57a2d4851a1d" />
    <TestEntry testId="688ff74d-915e-d560-41c3-a70549298345" executionId="0b6a6dc5-6d89-47ff-a48a-534199100d43" testListId="8c84fa94-04c1-424b-9868-57a2d4851a1d" />
    <TestEntry testId="69fa372c-7458-f7f0-5041-7bf40151831d" executionId="7887795b-91c2-4352-9250-c1e2925a044f" testListId="8c84fa94-04c1-424b-9868-57a2d4851a1d" />
    <TestEntry testId="6b7c36cd-44f4-1879-c115-f544d495b61e" executionId="ab223c73-b75c-4491-adf6-8212d4c78578" testListId="8c84fa94-04c1-424b-9868-57a2d4851a1d" />
    <TestEntry testId="6c508edd-f42b-c301-6d53-7fe205a52a0b" executionId="ec0c690d-3389-46d9-aa7b-eadcacd9aa7c" testListId="8c84fa94-04c1-424b-9868-57a2d4851a1d" />
    <TestEntry testId="6c77fe8d-a8b3-4efd-1e3d-013b12293f74" executionId="16612752-3fc4-4076-981c-f73cdc9c9c05" testListId="8c84fa94-04c1-424b-9868-57a2d4851a1d" />
    <TestEntry testId="6cf16972-5184-bd8a-3b41-bb02c50f3e4c" executionId="3a37e494-75d8-4247-8035-3d9991a03d97" testListId="8c84fa94-04c1-424b-9868-57a2d4851a1d" />
    <TestEntry testId="6dbb761e-cbdb-2c43-0c61-55938d83de19" executionId="1e31c4f9-507b-4728-83ad-0048b5008c24" testListId="8c84fa94-04c1-424b-9868-57a2d4851a1d" />
    <TestEntry testId="6e20bc5d-0f12-b6d7-ba69-ad542caad9f6" executionId="13a31daa-a439-49e6-a0a9-0ff912853177" testListId="8c84fa94-04c1-424b-9868-57a2d4851a1d" />
    <TestEntry testId="6fccfc0c-3386-fa76-9bb6-5cb2884d04d6" executionId="ad44e9b8-e681-4e5e-be7e-55d0c8612af8" testListId="8c84fa94-04c1-424b-9868-57a2d4851a1d" />
    <TestEntry testId="70dba011-1aa4-3fb1-b8c2-fb8d0666bd55" executionId="404e079e-ab52-4ed8-aa2f-df85d6a6b21b" testListId="8c84fa94-04c1-424b-9868-57a2d4851a1d" />
    <TestEntry testId="7187fc52-08ae-19d9-62d2-a1273ba98de3" executionId="39475653-fd17-4545-b09a-cd5957abd9bc" testListId="8c84fa94-04c1-424b-9868-57a2d4851a1d" />
    <TestEntry testId="71db679d-9cd7-f55e-94f9-ae66c93fc299" executionId="25e330c6-768e-433f-9a20-3fcf93a64707" testListId="8c84fa94-04c1-424b-9868-57a2d4851a1d" />
    <TestEntry testId="723aff45-3bd6-6949-d938-d2ccbc2f388d" executionId="c6bdd31b-e5c1-4cb7-81f9-207177326165" testListId="8c84fa94-04c1-424b-9868-57a2d4851a1d" />
    <TestEntry testId="72b264c8-79c9-9087-ae9e-47c332dbaa6d" executionId="b50f28d2-1415-4c82-bc27-a4a0c8b55ebb" testListId="8c84fa94-04c1-424b-9868-57a2d4851a1d" />
    <TestEntry testId="75cbbdb7-6249-18c8-32b2-1920235c1d97" executionId="edd27b17-7eaa-4250-bccd-393a1a61ac98" testListId="8c84fa94-04c1-424b-9868-57a2d4851a1d" />
    <TestEntry testId="75ff0c72-ae5b-a30a-d444-42d5bfa7ed8d" executionId="9897ee77-b87c-4004-8054-369027d48fd9" testListId="8c84fa94-04c1-424b-9868-57a2d4851a1d" />
    <TestEntry testId="76669914-042a-1066-d597-b186fff6c621" executionId="6897a3b8-95df-4979-ab57-c0920de8669c" testListId="8c84fa94-04c1-424b-9868-57a2d4851a1d" />
    <TestEntry testId="77619216-98fe-f01d-d92b-ae2614d5a7c1" executionId="7b617a61-7ec5-4963-aa20-81810e5988a4" testListId="8c84fa94-04c1-424b-9868-57a2d4851a1d" />
    <TestEntry testId="776c9b88-b138-d6aa-dd32-a876a9437025" executionId="5f684ae7-2da8-491c-a96c-af5816793f65" testListId="8c84fa94-04c1-424b-9868-57a2d4851a1d" />
    <TestEntry testId="77a70718-b08f-850c-1bf3-10dbbe443592" executionId="85ee2789-8b64-4238-9226-0af004fafd66" testListId="8c84fa94-04c1-424b-9868-57a2d4851a1d" />
    <TestEntry testId="78d51b31-e137-cc46-4586-32e7fc15993b" executionId="67ac1e5a-c58e-4ff2-8bd2-62f0c071e0cd" testListId="8c84fa94-04c1-424b-9868-57a2d4851a1d" />
    <TestEntry testId="79432a3c-09ad-494a-94b0-409081b91296" executionId="83bdac66-8b1c-4497-bdc9-8b556185ba52" testListId="8c84fa94-04c1-424b-9868-57a2d4851a1d" />
    <TestEntry testId="79b9204c-aeda-7048-42ac-c6faee468388" executionId="3d8d0e66-c8e4-4310-87e2-ed31d19e1090" testListId="8c84fa94-04c1-424b-9868-57a2d4851a1d" />
    <TestEntry testId="79fcf63f-8b0d-33c2-c15a-b70a52cca16c" executionId="2a1db21d-ca01-4848-85c4-83c45c3e9e24" testListId="8c84fa94-04c1-424b-9868-57a2d4851a1d" />
    <TestEntry testId="7a2f5966-e3a2-2a72-e68e-2d6083996de2" executionId="7d8ae721-0689-4a80-a0ac-8295ba59284f" testListId="8c84fa94-04c1-424b-9868-57a2d4851a1d" />
    <TestEntry testId="7a5f4dc9-0c0b-a16a-647b-478ba12b4828" executionId="60a3b3cd-c639-4b49-91f5-4caffe97beb9" testListId="8c84fa94-04c1-424b-9868-57a2d4851a1d" />
    <TestEntry testId="7eda418a-e258-a33c-7890-73630dd7266c" executionId="43f5819b-da25-44d7-abd5-ca205488cb2c" testListId="8c84fa94-04c1-424b-9868-57a2d4851a1d" />
    <TestEntry testId="7ef8ab41-162c-76bc-02f7-a575f043f7e4" executionId="9e8a10b0-e82d-446a-8170-028279bfa92a" testListId="8c84fa94-04c1-424b-9868-57a2d4851a1d" />
    <TestEntry testId="7f0052b2-2fa5-1442-5124-403810b2060e" executionId="f9ef49ee-b999-44cd-b6a7-ed03260ab4b8" testListId="8c84fa94-04c1-424b-9868-57a2d4851a1d" />
    <TestEntry testId="7f10aeee-1e6d-047f-bf86-9fb35cb9cbd0" executionId="63b34ca2-5b7b-4983-bec9-4189dc1d5976" testListId="8c84fa94-04c1-424b-9868-57a2d4851a1d" />
    <TestEntry testId="7f31f25c-e328-77fa-dde7-0ee6e5a7e366" executionId="ff7fd2f0-b860-4d4b-8136-aa1bd6c0fa25" testListId="8c84fa94-04c1-424b-9868-57a2d4851a1d" />
    <TestEntry testId="80476086-aaaa-ba28-a4dc-0972defbe8bb" executionId="73e1aac3-5587-4150-a54f-784a74186748" testListId="8c84fa94-04c1-424b-9868-57a2d4851a1d" />
    <TestEntry testId="80e94a1b-f37e-ea8a-5357-ae59cc6e5e45" executionId="c700f24a-163d-43a9-bcca-7e6a595e89dc" testListId="8c84fa94-04c1-424b-9868-57a2d4851a1d" />
    <TestEntry testId="81b50b2a-4878-5c02-6765-8402ba293155" executionId="939afa81-eaeb-4792-b933-9498e317aa6c" testListId="8c84fa94-04c1-424b-9868-57a2d4851a1d" />
    <TestEntry testId="82c5d364-01e4-3d1f-8a3c-419d68a3ff5f" executionId="835c017d-c9ff-43ea-ac6f-125b2edff621" testListId="8c84fa94-04c1-424b-9868-57a2d4851a1d" />
    <TestEntry testId="83ce9798-d52f-2f3d-8537-200546cde5a9" executionId="88b342d4-0ffc-4d3f-8e5d-2032aee33be1" testListId="8c84fa94-04c1-424b-9868-57a2d4851a1d" />
    <TestEntry testId="84b841c4-bb70-5525-3ae9-fa35ed11627d" executionId="7cb97ced-887c-4ba0-9189-4ef2ac108040" testListId="8c84fa94-04c1-424b-9868-57a2d4851a1d" />
    <TestEntry testId="851b9d78-997d-9c75-eab0-197fa14a11f0" executionId="24b3f07d-cbf9-4eda-b9bd-8e3e1b7e528a" testListId="8c84fa94-04c1-424b-9868-57a2d4851a1d" />
    <TestEntry testId="85ca884d-a763-a279-970a-decd7d2ef2e7" executionId="a07e8409-e655-4e48-b66f-72da3d3e58b2" testListId="8c84fa94-04c1-424b-9868-57a2d4851a1d" />
    <TestEntry testId="88295536-741f-3a89-ef69-1ec7d6b91f08" executionId="fee37d2d-d2b9-47c6-9d76-95f2475c8ef5" testListId="8c84fa94-04c1-424b-9868-57a2d4851a1d" />
    <TestEntry testId="882cbeee-1641-823c-0b10-58aeb9cabf93" executionId="02807692-76d4-46b3-a80b-1511f2b3f696" testListId="8c84fa94-04c1-424b-9868-57a2d4851a1d" />
    <TestEntry testId="896a2208-4c38-b781-3b7e-b236d6d81cd2" executionId="5e5d2d9f-2000-489e-a248-b622d1cb617e" testListId="8c84fa94-04c1-424b-9868-57a2d4851a1d" />
    <TestEntry testId="8a0dd9bc-7acf-b95a-4187-a00b7726fa73" executionId="fa46f39c-4469-4a14-a165-1aca52a059c6" testListId="8c84fa94-04c1-424b-9868-57a2d4851a1d" />
    <TestEntry testId="8c641761-f8ac-ef3e-efbe-0d44137ab9ce" executionId="e7fd78b3-38c1-455b-ad71-1121ecd6e396" testListId="8c84fa94-04c1-424b-9868-57a2d4851a1d" />
    <TestEntry testId="8c73c5b1-73d0-fcfa-2a42-34f5914dbfb1" executionId="5ee21bc5-84cf-4681-ba89-83c204bfde4e" testListId="8c84fa94-04c1-424b-9868-57a2d4851a1d" />
    <TestEntry testId="8ce4ba60-10ed-e341-0892-b9526f864034" executionId="b88088bf-0b61-49a2-b85e-485c043be73b" testListId="8c84fa94-04c1-424b-9868-57a2d4851a1d" />
    <TestEntry testId="8d735e5a-f52c-96a5-4bed-a99c0526014e" executionId="a6b209c7-e2d7-402c-a137-dfaee4143e52" testListId="8c84fa94-04c1-424b-9868-57a2d4851a1d" />
    <TestEntry testId="8e0c723b-e192-342e-eb9f-eccfedfe5ca1" executionId="41c0a982-75c4-4cde-b123-eb7cb0285676" testListId="8c84fa94-04c1-424b-9868-57a2d4851a1d" />
    <TestEntry testId="8e175a1e-ad15-cbe9-eb2b-34d47332acea" executionId="1c1402cf-386e-4db0-8f9b-15060aee7a9b" testListId="8c84fa94-04c1-424b-9868-57a2d4851a1d" />
    <TestEntry testId="8ef58195-4b27-3ad6-c671-969e36dd1c6a" executionId="0ab0e93c-46b5-4288-9aab-c0d17a3e083a" testListId="8c84fa94-04c1-424b-9868-57a2d4851a1d" />
    <TestEntry testId="9051c370-f8a8-7d06-90bf-a5c879f3e27c" executionId="c1caf801-d2a8-4ebb-abf2-4ac256d81429" testListId="8c84fa94-04c1-424b-9868-57a2d4851a1d" />
    <TestEntry testId="90665605-993c-c3f0-732c-0c8cb4e19400" executionId="0c40e61a-81eb-4289-be6b-5c37ce03614e" testListId="8c84fa94-04c1-424b-9868-57a2d4851a1d" />
    <TestEntry testId="9102ee27-432a-7243-07ab-4d672688ee38" executionId="d8731fb6-7d4e-467a-8041-28e062370df3" testListId="8c84fa94-04c1-424b-9868-57a2d4851a1d" />
    <TestEntry testId="92b34578-8935-0a46-8dd9-4af3ba2aba99" executionId="dc9ec83e-bd25-4ac8-b959-4275bd410f59" testListId="8c84fa94-04c1-424b-9868-57a2d4851a1d" />
    <TestEntry testId="9355e16b-4728-468a-6844-3354852565f0" executionId="3903d092-1764-44fe-8357-dff97b9207ca" testListId="8c84fa94-04c1-424b-9868-57a2d4851a1d" />
    <TestEntry testId="93f8ff39-718d-999f-f07f-06a3b12e22dd" executionId="db987503-e9d4-4bfb-ba8f-0595e4057da7" testListId="8c84fa94-04c1-424b-9868-57a2d4851a1d" />
    <TestEntry testId="954c6542-5669-95f4-2fc5-a01c436de193" executionId="1d2d91c1-f913-41db-9d3a-baf82453bee9" testListId="8c84fa94-04c1-424b-9868-57a2d4851a1d" />
    <TestEntry testId="967eb374-2104-1acf-4901-5331861aa4b4" executionId="6f1e363b-76e8-4af5-b4ff-c15251bb28f0" testListId="8c84fa94-04c1-424b-9868-57a2d4851a1d" />
    <TestEntry testId="96881fe6-dfde-90d7-168b-7e0645c53ba0" executionId="01a2bb2e-ac9d-4c8e-b6f3-5f49a6dc5e9b" testListId="8c84fa94-04c1-424b-9868-57a2d4851a1d" />
    <TestEntry testId="96e75478-d13a-94b1-f4d7-4e30153efd6b" executionId="00206580-7f36-4e2c-87e6-a4d057d2a296" testListId="8c84fa94-04c1-424b-9868-57a2d4851a1d" />
    <TestEntry testId="97997216-b9cb-a346-d834-1a6abbc22200" executionId="155efaa0-f49d-4c5a-b359-ae02130b84f2" testListId="8c84fa94-04c1-424b-9868-57a2d4851a1d" />
    <TestEntry testId="9853b2bf-c35b-f18f-c067-26f1d74150ec" executionId="f7f00ec4-5073-41ea-b4b6-f18e21ceacaf" testListId="8c84fa94-04c1-424b-9868-57a2d4851a1d" />
    <TestEntry testId="996b7b9c-4963-23a7-ecd9-60f71e9ffdab" executionId="debc7c9e-aece-450c-bf7b-ae091238d7fd" testListId="8c84fa94-04c1-424b-9868-57a2d4851a1d" />
    <TestEntry testId="9abfd9c9-a69f-e14e-a283-753aea9711be" executionId="d4d810af-45b1-4702-972b-3924d2b04484" testListId="8c84fa94-04c1-424b-9868-57a2d4851a1d" />
    <TestEntry testId="9b145e69-7969-d34a-ea49-9560a18e3f37" executionId="ee8584ea-165d-499b-adb5-001e97b80574" testListId="8c84fa94-04c1-424b-9868-57a2d4851a1d" />
    <TestEntry testId="9bc71622-b688-a88b-7a65-091a11ad1362" executionId="02db0d11-56dd-4a72-b1b5-de4895cf9b75" testListId="8c84fa94-04c1-424b-9868-57a2d4851a1d" />
    <TestEntry testId="9c1f4476-7313-c46d-328a-55cea693565d" executionId="708dd707-ba7b-4003-bd34-20c8037e3de6" testListId="8c84fa94-04c1-424b-9868-57a2d4851a1d" />
    <TestEntry testId="9fd9a588-56ca-0b4b-82c9-064d2bfbe430" executionId="d4f78642-713c-4d9f-ae5e-bca7735b0874" testListId="8c84fa94-04c1-424b-9868-57a2d4851a1d" />
    <TestEntry testId="a17744d1-ab11-f591-d328-1ad420c98fbd" executionId="0de6d6b9-652a-4977-9e64-449a9a1206d0" testListId="8c84fa94-04c1-424b-9868-57a2d4851a1d" />
    <TestEntry testId="a238bb59-cc6f-a250-c2de-3c102510d342" executionId="09ca815f-b64e-48e9-b11f-2df9c461725e" testListId="8c84fa94-04c1-424b-9868-57a2d4851a1d" />
    <TestEntry testId="a27af6eb-87dc-b90f-c4ca-d8cb1c7c2454" executionId="4b79d636-6b8d-41bc-84f9-56f96c305313" testListId="8c84fa94-04c1-424b-9868-57a2d4851a1d" />
    <TestEntry testId="a38bcda1-5217-b092-6b98-6582813fb5d1" executionId="d951bb1c-044c-4ef0-b6d3-e7bfe4529888" testListId="8c84fa94-04c1-424b-9868-57a2d4851a1d" />
    <TestEntry testId="a39c2fdb-3d54-d4f0-be49-3f4e350da31e" executionId="d7892967-42e3-4b03-8091-becabcbe0f2a" testListId="8c84fa94-04c1-424b-9868-57a2d4851a1d" />
    <TestEntry testId="a472a839-6eaa-12b1-21fb-e977ec47cce0" executionId="5ad90452-187a-4600-9448-e1812202c9e5" testListId="8c84fa94-04c1-424b-9868-57a2d4851a1d" />
    <TestEntry testId="a4e8ed3d-c4ae-1ca8-df36-ee362c8b196a" executionId="db722eab-c5a8-4d4a-a495-e18cb4124a53" testListId="8c84fa94-04c1-424b-9868-57a2d4851a1d" />
    <TestEntry testId="a517dabf-4b66-5f3c-ac24-0d2164897c8e" executionId="467ca8b0-f325-41ce-9f3f-b03619679954" testListId="8c84fa94-04c1-424b-9868-57a2d4851a1d" />
    <TestEntry testId="a5adf3df-a9f8-2832-66ba-f690ea4581d6" executionId="3736704a-f6a8-4b3b-ae20-9f1f2fd04f82" testListId="8c84fa94-04c1-424b-9868-57a2d4851a1d" />
    <TestEntry testId="a5c2a138-5bc5-66da-7c2e-bc96b13a556b" executionId="79e06b9e-80f3-456c-9d58-b66bca5a036e" testListId="8c84fa94-04c1-424b-9868-57a2d4851a1d" />
    <TestEntry testId="a5daaf00-a7ab-4dce-b449-0d5879de0266" executionId="aff71587-8748-4e78-920e-963a879884ef" testListId="8c84fa94-04c1-424b-9868-57a2d4851a1d" />
    <TestEntry testId="a6894dd2-dcf0-7e92-7a7b-7a5aa8466339" executionId="e97d08c4-3bf7-461e-a68d-cff91ccaa727" testListId="8c84fa94-04c1-424b-9868-57a2d4851a1d" />
    <TestEntry testId="a6fd86e1-4eca-846a-5e19-70da718a6391" executionId="211a9e8a-c216-46f4-8481-aa3874024d6f" testListId="8c84fa94-04c1-424b-9868-57a2d4851a1d" />
    <TestEntry testId="a77c41d3-5bba-1c1e-e81f-7a02217342bf" executionId="23e2fb2e-c109-4e30-86b7-8637e9df8808" testListId="8c84fa94-04c1-424b-9868-57a2d4851a1d" />
    <TestEntry testId="a80088bc-1bb3-9447-8317-64a7363d3cfe" executionId="92ee0e54-701c-44e6-91f1-a83ff3ae537b" testListId="8c84fa94-04c1-424b-9868-57a2d4851a1d" />
    <TestEntry testId="a835695f-f8af-58f4-71d0-57d24fa7d90f" executionId="e1d445db-e684-4100-b384-62171df6aa8e" testListId="8c84fa94-04c1-424b-9868-57a2d4851a1d" />
    <TestEntry testId="a85e6fd4-de45-4652-f9ef-c22afc1ca0bf" executionId="027d4a23-664b-4273-b55f-4dc8f9d18cef" testListId="8c84fa94-04c1-424b-9868-57a2d4851a1d" />
    <TestEntry testId="a8a939dd-3559-39c4-d3e6-695f82176ab4" executionId="1339d944-6b80-49b8-bf70-420720e4cfb6" testListId="8c84fa94-04c1-424b-9868-57a2d4851a1d" />
    <TestEntry testId="a8b0ac8d-b3ff-6693-a29b-869418f5d04f" executionId="bacb50b3-a8c4-47bd-9f43-463d1fb40472" testListId="8c84fa94-04c1-424b-9868-57a2d4851a1d" />
    <TestEntry testId="a914285b-c2e0-dbc2-f99c-c0b34bf25408" executionId="090ec070-0390-4b41-84ae-8d5a549fd72e" testListId="8c84fa94-04c1-424b-9868-57a2d4851a1d" />
    <TestEntry testId="aa08efca-9836-e946-b0ea-6d46d0e78977" executionId="535f7ade-8cc5-4c54-99c5-adef68845fa9" testListId="8c84fa94-04c1-424b-9868-57a2d4851a1d" />
    <TestEntry testId="aa3d2f13-ce91-e85a-b860-661244f697ca" executionId="00968146-1c52-45d7-a26a-2d743767c7eb" testListId="8c84fa94-04c1-424b-9868-57a2d4851a1d" />
    <TestEntry testId="aa89e54f-b120-5f04-a49b-eb1a63d779df" executionId="513bd0e0-2411-4016-a01a-48db6e3f2086" testListId="8c84fa94-04c1-424b-9868-57a2d4851a1d" />
    <TestEntry testId="aad710b2-cbba-4fa8-20b9-0a83a5267460" executionId="2ae2be67-6fae-473b-a28c-5d41956537c6" testListId="8c84fa94-04c1-424b-9868-57a2d4851a1d" />
    <TestEntry testId="ab0fe80a-1fd5-fb8a-e7d4-5b5fcdcec2eb" executionId="8d4653b6-2b4d-41ae-8aff-593b60a871c6" testListId="8c84fa94-04c1-424b-9868-57a2d4851a1d" />
    <TestEntry testId="ab4f6c28-3581-ba0b-4648-93d882bc1ba4" executionId="ae963189-a498-4f18-8ce4-93bef829f3db" testListId="8c84fa94-04c1-424b-9868-57a2d4851a1d" />
    <TestEntry testId="ac4b28af-d8f4-b156-672f-168bba2db6f5" executionId="b54d836b-17cd-4e4e-8c90-c813ad4e6a01" testListId="8c84fa94-04c1-424b-9868-57a2d4851a1d" />
    <TestEntry testId="acceeb2f-d3a0-c7eb-0a8a-89ba3e60aa95" executionId="24fd073a-2186-485e-b120-f23f0e6447a6" testListId="8c84fa94-04c1-424b-9868-57a2d4851a1d" />
    <TestEntry testId="ad52b45c-d7bf-7d90-509a-9d90fabbb4cb" executionId="78dbceee-3412-4f61-b37f-e3c021ed84d6" testListId="8c84fa94-04c1-424b-9868-57a2d4851a1d" />
    <TestEntry testId="adc4b822-2dd8-fb80-0aec-e1f18a81e266" executionId="3dcd5a5f-0bbc-4ea2-ad96-53d59ffe507a" testListId="8c84fa94-04c1-424b-9868-57a2d4851a1d" />
    <TestEntry testId="aeb09f8f-b144-d846-cb07-87151db0c5db" executionId="1c8d045f-a569-4217-9161-37aa0560b79d" testListId="8c84fa94-04c1-424b-9868-57a2d4851a1d" />
    <TestEntry testId="aee8bdae-93b9-94cd-dc66-4af8f0d1e925" executionId="d4531886-2673-444a-adcd-d0ab9592ea63" testListId="8c84fa94-04c1-424b-9868-57a2d4851a1d" />
    <TestEntry testId="af2a5dd3-889c-239a-49ba-4559ade59815" executionId="f5fa3f0b-c50c-4b2b-bbd6-d3389a5b4330" testListId="8c84fa94-04c1-424b-9868-57a2d4851a1d" />
    <TestEntry testId="afb70fb3-f16b-16ef-9272-e650b4c370ff" executionId="8acf762e-06f0-4136-a040-ae2c774cf3aa" testListId="8c84fa94-04c1-424b-9868-57a2d4851a1d" />
    <TestEntry testId="b09e98eb-5e7b-17f1-4a91-35133c7055e9" executionId="e9d47f6e-ab2d-4af5-9b70-7375c16728e3" testListId="8c84fa94-04c1-424b-9868-57a2d4851a1d" />
    <TestEntry testId="b09f0486-3351-5bc5-0d5a-f108852661b1" executionId="0c998cbb-cfe6-41f5-b7e2-7d3bb5db01ad" testListId="8c84fa94-04c1-424b-9868-57a2d4851a1d" />
    <TestEntry testId="b1ce8274-0eb4-6ea7-4d2b-12d8e6b2a366" executionId="f1b9f703-e2ff-4736-9903-8e1708a17fa6" testListId="8c84fa94-04c1-424b-9868-57a2d4851a1d" />
    <TestEntry testId="b2564a1d-a5df-de1a-d3dd-41d0e33b00f4" executionId="2acfcd5b-a576-448b-9d44-1d88569ac140" testListId="8c84fa94-04c1-424b-9868-57a2d4851a1d" />
    <TestEntry testId="b28eae18-99f0-9519-6256-d75c3d089452" executionId="040d67fa-5db6-449e-9673-c6c1c6eb4ff3" testListId="8c84fa94-04c1-424b-9868-57a2d4851a1d" />
    <TestEntry testId="b40b8a29-c95a-4ade-0e51-c133972e69c6" executionId="72b8c218-22c8-4889-b59f-34093f083fcf" testListId="8c84fa94-04c1-424b-9868-57a2d4851a1d" />
    <TestEntry testId="b6192558-2ee3-59f6-6537-ecfd184b2822" executionId="64b06b51-1d74-4325-b495-b9343c440981" testListId="8c84fa94-04c1-424b-9868-57a2d4851a1d" />
    <TestEntry testId="b697701d-8cff-a257-c4da-79dac613bf34" executionId="08f096ed-ea19-48c8-a6bc-bdfd3a65a01c" testListId="8c84fa94-04c1-424b-9868-57a2d4851a1d" />
    <TestEntry testId="b6c93299-c437-e1df-d8ec-dc7e1e4a6bba" executionId="41fd1b15-fd86-497e-9439-b9dfaea7e3f1" testListId="8c84fa94-04c1-424b-9868-57a2d4851a1d" />
    <TestEntry testId="b6d2504c-fd0b-46f0-ca34-952aa534d5bc" executionId="40a16adb-44a4-4148-bf10-808589c8e5ce" testListId="8c84fa94-04c1-424b-9868-57a2d4851a1d" />
    <TestEntry testId="b757834a-da0f-6514-4f88-5f56b32e1557" executionId="80be36c0-ee8c-4c68-bbc1-00e3b5fea6c7" testListId="8c84fa94-04c1-424b-9868-57a2d4851a1d" />
    <TestEntry testId="b8413468-f954-3662-0efc-8c48132ad726" executionId="0e047d15-9cff-42bb-b861-f250aa0d301f" testListId="8c84fa94-04c1-424b-9868-57a2d4851a1d" />
    <TestEntry testId="b8f7e814-b981-7bd7-8770-09bbc779dc13" executionId="e51fc7a2-3fe0-4176-adbe-679968516359" testListId="8c84fa94-04c1-424b-9868-57a2d4851a1d" />
    <TestEntry testId="b942b6d6-f408-1783-9c4d-ef179ac5d56f" executionId="22200847-33e9-409e-8e0c-c55b556c9ab8" testListId="8c84fa94-04c1-424b-9868-57a2d4851a1d" />
    <TestEntry testId="b98676fe-ee87-56df-eacd-dd7ebb6e2cd3" executionId="5b5b181a-5a00-460e-9b64-1bae23dc4d71" testListId="8c84fa94-04c1-424b-9868-57a2d4851a1d" />
    <TestEntry testId="b9fd46b5-4626-f3cd-bb11-d3d09ef904e4" executionId="99654e54-f8d2-4110-b8bd-dd2596ff9575" testListId="8c84fa94-04c1-424b-9868-57a2d4851a1d" />
    <TestEntry testId="bab93624-9701-4d27-3151-c1bf509e95c1" executionId="c73b7306-9f18-4e8c-9f30-8182c82dfa15" testListId="8c84fa94-04c1-424b-9868-57a2d4851a1d" />
    <TestEntry testId="bb119d3a-e948-8bb7-862b-ef22cd5e5418" executionId="2502c2dc-8813-487b-bcb7-db71b1256874" testListId="8c84fa94-04c1-424b-9868-57a2d4851a1d" />
    <TestEntry testId="bbf04cdd-f777-915a-4f82-d89d0fb3c21c" executionId="a271defe-518c-4ef4-a1cf-f9e9d845766a" testListId="8c84fa94-04c1-424b-9868-57a2d4851a1d" />
    <TestEntry testId="bc086558-20df-1a67-5cff-56823f0eb575" executionId="ea87cd88-7628-4635-80a1-304e4246d392" testListId="8c84fa94-04c1-424b-9868-57a2d4851a1d" />
    <TestEntry testId="bc6fbc6a-1040-2a7b-d37a-1937b6e2fa50" executionId="bf812c9f-adef-4bfd-90dc-ffcface7f927" testListId="8c84fa94-04c1-424b-9868-57a2d4851a1d" />
    <TestEntry testId="bcd1f511-94b6-a2b6-4c0d-819d27a24411" executionId="c6c01df2-ba1a-4d55-8435-ebc0421ab738" testListId="8c84fa94-04c1-424b-9868-57a2d4851a1d" />
    <TestEntry testId="bdb05735-8cd1-a75d-4d6a-dc0c0dcde2a9" executionId="0d3a27c6-bd56-4f7a-9006-7203947fd41f" testListId="8c84fa94-04c1-424b-9868-57a2d4851a1d" />
    <TestEntry testId="bde72f4f-f66e-49e5-5a7f-f0f6283a032f" executionId="bcbdd06a-1ce6-46e5-94d0-2f9e6fe16cdd" testListId="8c84fa94-04c1-424b-9868-57a2d4851a1d" />
    <TestEntry testId="be2975a5-16cf-8b54-0e33-59e4bc6c38a6" executionId="3a90f875-4377-46fc-b1b1-9d2f6a269361" testListId="8c84fa94-04c1-424b-9868-57a2d4851a1d" />
    <TestEntry testId="beb08e30-b8b0-b48e-c515-c7a8586c6e54" executionId="874f4fb5-120f-4980-9eaf-f46b6e2f4336" testListId="8c84fa94-04c1-424b-9868-57a2d4851a1d" />
    <TestEntry testId="bf3337bc-4ebe-14d7-ffa9-91df711ba6a0" executionId="1cd3b223-74d4-463f-b1bd-08f2e1010537" testListId="8c84fa94-04c1-424b-9868-57a2d4851a1d" />
    <TestEntry testId="bf901687-526e-3c4f-d25d-5f1eb0ec55f2" executionId="55fca1bb-3d1d-486b-a60e-cedecc1b50db" testListId="8c84fa94-04c1-424b-9868-57a2d4851a1d" />
    <TestEntry testId="c1679918-c36e-2cbe-87a9-96506a9b38f9" executionId="4cf865b8-0bf2-4a74-bec5-661dbb926fd8" testListId="8c84fa94-04c1-424b-9868-57a2d4851a1d" />
    <TestEntry testId="c17e6f29-704e-75d9-e266-2faaf40f3e21" executionId="c168dee0-de15-4bcb-b7e1-6e8f01356296" testListId="8c84fa94-04c1-424b-9868-57a2d4851a1d" />
    <TestEntry testId="c27245e1-4f05-55df-8c6f-e38fa3d47902" executionId="7cad40a1-17a1-4c8d-93c3-2f35623875fe" testListId="8c84fa94-04c1-424b-9868-57a2d4851a1d" />
    <TestEntry testId="c2878fbd-4540-66f8-af38-853465e7a6aa" executionId="efe1bc2f-712d-4d2e-a46e-bcc1573fbf3d" testListId="8c84fa94-04c1-424b-9868-57a2d4851a1d" />
    <TestEntry testId="c37440e9-11a5-99b5-8db4-69844a9128f1" executionId="91bb3aad-b155-45c6-a7bf-b3640491de94" testListId="8c84fa94-04c1-424b-9868-57a2d4851a1d" />
    <TestEntry testId="c40068e0-385e-bf45-abe2-9f61f6d3993f" executionId="3129164c-7191-46bb-9aec-e8344e71ba64" testListId="8c84fa94-04c1-424b-9868-57a2d4851a1d" />
    <TestEntry testId="c6a2f7ad-0298-580e-2fa3-bbb6c9b28898" executionId="4f834f70-61e5-4b4d-baec-2aae7a53ba6b" testListId="8c84fa94-04c1-424b-9868-57a2d4851a1d" />
    <TestEntry testId="c6f9c8d4-b42f-f506-2486-8ec3f82f78d3" executionId="5f137821-19e1-4cdb-ba3a-44f4c2869926" testListId="8c84fa94-04c1-424b-9868-57a2d4851a1d" />
    <TestEntry testId="c736d05f-3776-7117-cc83-8e6ae9b75cf4" executionId="4cc6c5fc-71bd-4223-96d9-a08b41f93bbc" testListId="8c84fa94-04c1-424b-9868-57a2d4851a1d" />
    <TestEntry testId="c9059140-bd68-daef-e19b-ffc08869ca24" executionId="8d0ade9a-b2c8-4dcc-b6dd-560d210a0eb6" testListId="8c84fa94-04c1-424b-9868-57a2d4851a1d" />
    <TestEntry testId="c928c59c-16e9-64be-3633-321da85248bf" executionId="fe261746-e2bd-47cf-b312-6e37475f9c47" testListId="8c84fa94-04c1-424b-9868-57a2d4851a1d" />
    <TestEntry testId="c931a490-990c-5326-1530-0428c428a145" executionId="fcf597aa-bb8f-4622-9c97-e10c4533fd06" testListId="8c84fa94-04c1-424b-9868-57a2d4851a1d" />
    <TestEntry testId="c96dfb21-7af5-153f-a5d2-8445e5fcca59" executionId="6915415a-e807-4d57-8035-ebeeeec891b6" testListId="8c84fa94-04c1-424b-9868-57a2d4851a1d" />
    <TestEntry testId="cab5d754-b046-c047-88d8-b763f582d340" executionId="8615ecf2-6b9b-4b64-a781-0e3d864f0833" testListId="8c84fa94-04c1-424b-9868-57a2d4851a1d" />
    <TestEntry testId="cb0676d4-b73b-00c6-8824-aa32bdf40010" executionId="0da04b7f-135b-46a4-8248-ac98e2c03dbc" testListId="8c84fa94-04c1-424b-9868-57a2d4851a1d" />
    <TestEntry testId="cb68f00e-cb19-bf47-0657-80219e1c9cfa" executionId="ad959c2f-1a95-4175-b1be-d033e988e4f1" testListId="8c84fa94-04c1-424b-9868-57a2d4851a1d" />
    <TestEntry testId="cb854ea1-43fe-4e51-b3cc-ba77c8dba841" executionId="e63ffc01-9526-451b-89e7-2c7df508b42a" testListId="8c84fa94-04c1-424b-9868-57a2d4851a1d" />
    <TestEntry testId="cc6fe6c4-963e-60ba-9611-8e531f6502c5" executionId="0ab33727-e821-4514-9b5e-9152c1d146d9" testListId="8c84fa94-04c1-424b-9868-57a2d4851a1d" />
    <TestEntry testId="ccb6e01a-8e1d-d753-d587-f8c1f14a9dc4" executionId="442ab711-586b-4d4a-b45e-49c246bd72f7" testListId="8c84fa94-04c1-424b-9868-57a2d4851a1d" />
    <TestEntry testId="ccbeee50-2d58-025b-2df8-75ec6a26b781" executionId="31ee51c7-c843-4d0b-a8c7-ea8e8a30fc2b" testListId="8c84fa94-04c1-424b-9868-57a2d4851a1d" />
    <TestEntry testId="cdf27cc7-0312-7eab-0024-7c2c609d9e03" executionId="41dffcfd-ea6e-48fd-8a23-07ff1cb618d9" testListId="8c84fa94-04c1-424b-9868-57a2d4851a1d" />
    <TestEntry testId="ce459473-fe89-efb8-04f6-e4458eb5deac" executionId="da8cc7b3-4c2e-4cbb-9111-dfd98b9c1922" testListId="8c84fa94-04c1-424b-9868-57a2d4851a1d" />
    <TestEntry testId="ceeacb60-5ff3-0690-b3df-e29e915ef784" executionId="43c8e74f-06f8-4341-b0e2-1cfe191c1cca" testListId="8c84fa94-04c1-424b-9868-57a2d4851a1d" />
    <TestEntry testId="cf88dd92-747e-1a79-8f2c-fc0e3f9b0004" executionId="36a7c4e7-883b-4a94-949c-1b4e57738917" testListId="8c84fa94-04c1-424b-9868-57a2d4851a1d" />
    <TestEntry testId="cfd8c036-75a7-640f-488c-228d443acc6e" executionId="f0048d4b-037e-409d-a9e5-e06a81186905" testListId="8c84fa94-04c1-424b-9868-57a2d4851a1d" />
    <TestEntry testId="d1a8787a-d877-64a2-00b1-470142ee8a14" executionId="2be07f51-b875-42dc-8ace-c87c77a56098" testListId="8c84fa94-04c1-424b-9868-57a2d4851a1d" />
    <TestEntry testId="d1b2634a-eb02-7f77-05de-c01ea104c115" executionId="7161e651-189b-45f2-a71a-beeb7fa553c2" testListId="8c84fa94-04c1-424b-9868-57a2d4851a1d" />
    <TestEntry testId="d2623342-49bb-a1e6-2415-8d8bba2b7ac4" executionId="9cffb1a9-f685-4fb3-b003-4c6e9e36bbb8" testListId="8c84fa94-04c1-424b-9868-57a2d4851a1d" />
    <TestEntry testId="d2ff731c-908c-96c5-902b-39b6c7e680d7" executionId="216c11e8-22d7-4851-8f64-cd80d02517a7" testListId="8c84fa94-04c1-424b-9868-57a2d4851a1d" />
    <TestEntry testId="d3580286-a69a-cc57-bea0-cea793fc0992" executionId="fc7f8f61-9fde-4e18-b165-0ef15e76f4c3" testListId="8c84fa94-04c1-424b-9868-57a2d4851a1d" />
    <TestEntry testId="d40feea3-8180-d822-1bc4-ef1286a37118" executionId="56f2e78c-dd22-44f8-9648-2684acb11052" testListId="8c84fa94-04c1-424b-9868-57a2d4851a1d" />
    <TestEntry testId="d4992a93-c61f-e7a7-6c4a-4dd37d506f00" executionId="b4722977-1430-48a9-a422-b006b1678264" testListId="8c84fa94-04c1-424b-9868-57a2d4851a1d" />
    <TestEntry testId="d5a80f55-2074-60f0-99dc-1062cdfc3cee" executionId="f0f811b9-dfff-4005-80d2-4dcb5cd1bec2" testListId="8c84fa94-04c1-424b-9868-57a2d4851a1d" />
    <TestEntry testId="d5caf4bd-ddf9-d011-d96d-760e6d607d73" executionId="bd0f4a97-13c1-4b4a-9d06-f1efc37ee589" testListId="8c84fa94-04c1-424b-9868-57a2d4851a1d" />
    <TestEntry testId="d6a986e5-8b98-e2f2-cef0-92190831ed08" executionId="9cc18198-3b27-42df-bd0f-51df5f499563" testListId="8c84fa94-04c1-424b-9868-57a2d4851a1d" />
    <TestEntry testId="d6d7a27e-0988-cf60-1910-ee6f0eb6cf75" executionId="13efd30a-57d5-4d3c-b4e0-5d51c80abc0f" testListId="8c84fa94-04c1-424b-9868-57a2d4851a1d" />
    <TestEntry testId="d708e39f-77d8-94a9-244f-7004fb181d58" executionId="2bac8cd7-9679-477b-8d79-61db2c6d3cbf" testListId="8c84fa94-04c1-424b-9868-57a2d4851a1d" />
    <TestEntry testId="d71a2e75-d02d-d52f-f44c-1c08c736ccf3" executionId="3e35824d-dc25-4cdc-b910-d4ae0f3dace0" testListId="8c84fa94-04c1-424b-9868-57a2d4851a1d" />
    <TestEntry testId="d7c03cb5-500e-d7d9-da0b-0be2f4981b03" executionId="14ccef92-e9e5-4f6b-bfc1-c7c33f6e44ed" testListId="8c84fa94-04c1-424b-9868-57a2d4851a1d" />
    <TestEntry testId="d9bcf618-cd6c-c93c-87f9-e64f86f63590" executionId="c64f83b0-6bc7-4ac6-9674-67cac330fd56" testListId="8c84fa94-04c1-424b-9868-57a2d4851a1d" />
    <TestEntry testId="d9f16886-57f7-8858-0bb0-758babcd4a82" executionId="a3e599b2-894b-464f-a63b-23dc5fa57481" testListId="8c84fa94-04c1-424b-9868-57a2d4851a1d" />
    <TestEntry testId="da9d278a-cb0f-a51b-e352-ed20685028b9" executionId="7c879568-2587-40c8-a47e-ac37589d967c" testListId="8c84fa94-04c1-424b-9868-57a2d4851a1d" />
    <TestEntry testId="db7e1c98-1137-e435-bbb3-bf8f5402bfbf" executionId="b9f19ac0-4e7e-4a19-a6b1-c90d6493bfb6" testListId="8c84fa94-04c1-424b-9868-57a2d4851a1d" />
    <TestEntry testId="dba83ae6-c977-93af-bca8-afb2188d9d55" executionId="7cfa80a7-eb37-423f-9f6f-f72d98f4fc96" testListId="8c84fa94-04c1-424b-9868-57a2d4851a1d" />
    <TestEntry testId="dc17c55e-f745-25bd-9dae-5c78f5bb2176" executionId="015357ee-1efc-49c7-a4cf-73d44858e4eb" testListId="8c84fa94-04c1-424b-9868-57a2d4851a1d" />
    <TestEntry testId="dd5a8b39-7328-3edd-3658-5787ac153d19" executionId="d21c053f-aff3-4cd3-ac6c-03c33f5fe338" testListId="8c84fa94-04c1-424b-9868-57a2d4851a1d" />
    <TestEntry testId="dde12295-d4b5-9724-4e8c-04bf282ca24f" executionId="8ae99506-66d2-4b15-a47b-3fc56ae625b3" testListId="8c84fa94-04c1-424b-9868-57a2d4851a1d" />
    <TestEntry testId="de04a58d-71f5-e1d1-1d14-e423a290a69c" executionId="dac3bf0e-d750-4340-b096-cf03a435df13" testListId="8c84fa94-04c1-424b-9868-57a2d4851a1d" />
    <TestEntry testId="dea2dc86-55fc-7dd0-68c2-4ac2d970ca43" executionId="033a943b-3a0f-4914-b840-271a666aebde" testListId="8c84fa94-04c1-424b-9868-57a2d4851a1d" />
    <TestEntry testId="dfd17420-5a13-5744-e6d4-81c04e097642" executionId="251ca2c8-f84f-40b7-8bd5-b7eeac9d9abd" testListId="8c84fa94-04c1-424b-9868-57a2d4851a1d" />
    <TestEntry testId="e020cadd-bd50-d44d-30aa-ba2f497b2887" executionId="a57c9ddf-b8c6-4b88-bf45-f24c4d1d23fb" testListId="8c84fa94-04c1-424b-9868-57a2d4851a1d" />
    <TestEntry testId="e02e0a67-6c2d-0c94-cb65-8df5b3dc5cea" executionId="38eb11cd-c579-4beb-8b00-93ffe05b923f" testListId="8c84fa94-04c1-424b-9868-57a2d4851a1d" />
    <TestEntry testId="e174714d-b5ae-6791-7e05-a6dae00c0681" executionId="32d6c4e7-47e2-42b0-a2ff-6a15a5b351b0" testListId="8c84fa94-04c1-424b-9868-57a2d4851a1d" />
    <TestEntry testId="e23387f5-cbe9-d2c5-d12c-23a1dbe2d390" executionId="a4c0d669-9c69-47a6-8401-3eaa3f575291" testListId="8c84fa94-04c1-424b-9868-57a2d4851a1d" />
    <TestEntry testId="e2347588-3d57-efa9-6d83-3dfd95e9941d" executionId="65f6ef01-14bd-4324-9a80-f2719ea38cf3" testListId="8c84fa94-04c1-424b-9868-57a2d4851a1d" />
    <TestEntry testId="e27be593-1d5d-4e60-f221-5154b5c9193c" executionId="d25a0f47-4925-4a77-a211-a0fefe13bdf0" testListId="8c84fa94-04c1-424b-9868-57a2d4851a1d" />
    <TestEntry testId="e337de86-0746-0ac2-0c5c-30365e74f01b" executionId="b9b4558f-4427-469b-bbb4-ac673cd0e31a" testListId="8c84fa94-04c1-424b-9868-57a2d4851a1d" />
    <TestEntry testId="e3b5610a-399f-d019-a8c3-fe5f24d0c8a6" executionId="e227910f-795d-4fdb-bed0-937794be5746" testListId="8c84fa94-04c1-424b-9868-57a2d4851a1d" />
    <TestEntry testId="e3f85f2f-8bca-7a73-722e-520143b3f21d" executionId="a7e6476e-30db-4df4-9483-cd27dc7eaf4b" testListId="8c84fa94-04c1-424b-9868-57a2d4851a1d" />
    <TestEntry testId="e4b047bc-e01c-35c0-ab7e-ab1c5de8674f" executionId="c13cf91c-c04c-4c25-84ee-af8b1ed90817" testListId="8c84fa94-04c1-424b-9868-57a2d4851a1d" />
    <TestEntry testId="e4e7695e-eb86-2e17-0da3-82500c958fe2" executionId="5c5d37fc-af31-4f08-81b0-061991e308e1" testListId="8c84fa94-04c1-424b-9868-57a2d4851a1d" />
    <TestEntry testId="e4f43342-50bf-4878-e3d3-5afdaa2ddd37" executionId="8e5d461d-9be6-48ed-bf7d-9661d437dc79" testListId="8c84fa94-04c1-424b-9868-57a2d4851a1d" />
    <TestEntry testId="e64170f8-e36a-c642-d97d-54b6bb0553a6" executionId="1ad8a4e3-bce6-4e67-9026-7f4fd39ca1fe" testListId="8c84fa94-04c1-424b-9868-57a2d4851a1d" />
    <TestEntry testId="e7af5983-4779-41b6-14d3-f05ee86282c2" executionId="b42ea207-22f1-40a4-81ef-a036ec005c39" testListId="8c84fa94-04c1-424b-9868-57a2d4851a1d" />
    <TestEntry testId="e8b1e8f2-7674-bb72-605f-9a7a2bc1bfee" executionId="5f1e10bc-9ff6-4ccc-bf9a-ae97adaec968" testListId="8c84fa94-04c1-424b-9868-57a2d4851a1d" />
    <TestEntry testId="e97e5cde-c25e-cb0e-69db-a3582bc2ca43" executionId="ebad7d16-3993-4629-bcc4-8906c3b61619" testListId="8c84fa94-04c1-424b-9868-57a2d4851a1d" />
    <TestEntry testId="e9b80469-e28c-1b2c-5a36-980b3cb0f728" executionId="070434e9-30ea-448d-b77b-d3707225a949" testListId="8c84fa94-04c1-424b-9868-57a2d4851a1d" />
    <TestEntry testId="ea022a26-3382-db95-b68b-60ac6f18deb0" executionId="a917d86d-29d7-473b-b22e-a9b2d15ab2c7" testListId="8c84fa94-04c1-424b-9868-57a2d4851a1d" />
    <TestEntry testId="eb042ce3-5f20-3d74-ebeb-88f3067e39ea" executionId="9289cbc1-944a-40c8-8af5-6fed29f2ec7a" testListId="8c84fa94-04c1-424b-9868-57a2d4851a1d" />
    <TestEntry testId="ecaad254-0b1d-a420-c28a-c8ca0ba7c959" executionId="21f09c23-7bab-49ef-9e25-cc56ab5ac057" testListId="8c84fa94-04c1-424b-9868-57a2d4851a1d" />
    <TestEntry testId="ecabc92d-2f24-55b0-b16a-755e692c4e1a" executionId="648ac8df-f152-4238-99a5-a99ca6ec2899" testListId="8c84fa94-04c1-424b-9868-57a2d4851a1d" />
    <TestEntry testId="ecd27a0e-9f35-c43e-8c11-1b73255aae3c" executionId="3f5a3d3d-a479-46ce-a409-896e45412955" testListId="8c84fa94-04c1-424b-9868-57a2d4851a1d" />
    <TestEntry testId="eda2ca79-f409-f699-6d33-a3da45e5d953" executionId="023be5c8-3176-438c-9664-985cf9544b31" testListId="8c84fa94-04c1-424b-9868-57a2d4851a1d" />
    <TestEntry testId="edb7a5b7-9d9c-7fee-8224-ff9d0e654bf2" executionId="1cde404f-d772-4e39-81f4-ebf53920dcb0" testListId="8c84fa94-04c1-424b-9868-57a2d4851a1d" />
    <TestEntry testId="ee5f9022-6777-7fb2-dcc5-530f17ab50c0" executionId="81b0c9d9-81c6-46aa-b388-bf63a59fe420" testListId="8c84fa94-04c1-424b-9868-57a2d4851a1d" />
    <TestEntry testId="ef762903-5f73-156d-4c6c-edbea7a556ad" executionId="2fc0c0d8-1199-4454-94dd-ea0cb2093b3f" testListId="8c84fa94-04c1-424b-9868-57a2d4851a1d" />
    <TestEntry testId="f07288f5-2f3d-e939-3514-a642579a478e" executionId="70a89d9a-5789-439c-a81a-ebfa9529a0ff" testListId="8c84fa94-04c1-424b-9868-57a2d4851a1d" />
    <TestEntry testId="f0936119-968f-f4d0-680f-3a810a2a1183" executionId="95318e07-6d9b-475f-8380-9a7d94d98ac3" testListId="8c84fa94-04c1-424b-9868-57a2d4851a1d" />
    <TestEntry testId="f376c1cb-6c7e-6565-2dae-0872021038a2" executionId="2504161e-bd98-4fd5-be66-66cb5ecf472e" testListId="8c84fa94-04c1-424b-9868-57a2d4851a1d" />
    <TestEntry testId="f384b49a-3778-3092-73a3-70a68b63c811" executionId="458659a9-9ef5-43bc-8a8d-ca873eb81635" testListId="8c84fa94-04c1-424b-9868-57a2d4851a1d" />
    <TestEntry testId="f50b51cf-39fa-28c4-720a-03db16299af8" executionId="697a9d88-7fcb-4c9f-9ace-7614f39e83cf" testListId="8c84fa94-04c1-424b-9868-57a2d4851a1d" />
    <TestEntry testId="f537791f-903e-76d6-5080-80a4dc15bac2" executionId="cd46cc98-0039-40a6-aedd-39a84aba1c75" testListId="8c84fa94-04c1-424b-9868-57a2d4851a1d" />
    <TestEntry testId="f55d90a1-1701-8dfe-c19c-fedfde1208d9" executionId="f3de3918-f7a0-4d1d-9de9-3e53f5664ce5" testListId="8c84fa94-04c1-424b-9868-57a2d4851a1d" />
    <TestEntry testId="f58b52d0-5450-8dbe-40cd-ee9f7307e372" executionId="a8b59de6-5426-4bf7-91f1-6f2d02da1fda" testListId="8c84fa94-04c1-424b-9868-57a2d4851a1d" />
    <TestEntry testId="f6ab254b-b89e-8f66-b003-59dd11d22e62" executionId="d2cebf25-30a0-427d-97d5-845dcbac1bfc" testListId="8c84fa94-04c1-424b-9868-57a2d4851a1d" />
    <TestEntry testId="f6c04c30-f707-2281-f731-8598fcdc8f9b" executionId="6a35818d-5283-4117-9a1f-aebd093cc294" testListId="8c84fa94-04c1-424b-9868-57a2d4851a1d" />
    <TestEntry testId="f781ffff-ff93-71bc-5f5f-c8442c8a1cc0" executionId="fc57f67b-636b-422f-ae7b-3fbcad10627b" testListId="8c84fa94-04c1-424b-9868-57a2d4851a1d" />
    <TestEntry testId="f8f00cb1-b7c7-8a4f-6936-45675a68da47" executionId="db570560-2f87-4b1a-b86b-d6d9a46c4dd1" testListId="8c84fa94-04c1-424b-9868-57a2d4851a1d" />
    <TestEntry testId="f90684a7-a79c-7fc4-62c1-2b02b1a46484" executionId="7c21f31a-d134-42ac-9720-5becc8fc7031" testListId="8c84fa94-04c1-424b-9868-57a2d4851a1d" />
    <TestEntry testId="f90c4160-5714-951f-7521-1af6d342eb17" executionId="3def6bd5-ab63-4066-b7e4-be331ad2a499" testListId="8c84fa94-04c1-424b-9868-57a2d4851a1d" />
    <TestEntry testId="fb8dd2a9-a240-beb6-bd3d-66e4ba26b2aa" executionId="9dcf206d-4cf9-4a5d-9f40-32363aebe791" testListId="8c84fa94-04c1-424b-9868-57a2d4851a1d" />
    <TestEntry testId="fc8d00d7-7a7a-f0f3-a11d-98015016e42e" executionId="e532da0d-7d67-4a10-b24b-d2c57443609f" testListId="8c84fa94-04c1-424b-9868-57a2d4851a1d" />
    <TestEntry testId="fc8e027e-d84b-5121-34bf-469313af48e4" executionId="ec43139b-cc75-47b6-ad57-761288a77f6a" testListId="8c84fa94-04c1-424b-9868-57a2d4851a1d" />
    <TestEntry testId="fdbcf997-f735-49dd-2d86-a367fe3813bc" executionId="094ffc52-ce46-4566-a9a1-b1291764d288" testListId="8c84fa94-04c1-424b-9868-57a2d4851a1d" />
    <TestEntry testId="fe73d6a0-344d-935f-fa47-83db37554a24" executionId="5c989c8b-fa22-4f29-8472-7d9a5b0b9da7" testListId="8c84fa94-04c1-424b-9868-57a2d4851a1d" />
    <TestEntry testId="fe850dae-beb0-69bb-1831-4463cca49bfb" executionId="cfbe95f7-abfe-4b3f-9b71-4c24ddf123e4" testListId="8c84fa94-04c1-424b-9868-57a2d4851a1d" />
    <TestEntry testId="fed9e610-805c-d98a-9231-d2a52d8e3441" executionId="b4f5a9d2-097d-4a34-9096-541f49c7abd6" testListId="8c84fa94-04c1-424b-9868-57a2d4851a1d" />
  </TestEntries>
  <Results>
    <UnitTestResult executionId="35ae054b-8d56-475b-ace1-c14cd14ac0bf" testId="019bd56c-e56a-79a5-09bc-547b99ed981b" testName="listarOrdenDeComprasTest" computerName="DIEGO-PC" duration="00:00:00.3610202" startTime="2012-11-19T01:06:03.6941239-03:00" endTime="2012-11-19T01:06:04.4671681-03:00" testType="13cdc9d9-ddb5-4fa4-a97d-d965ccfc6d4b" outcome="PassedButRunAborted" testListId="8c84fa94-04c1-424b-9868-57a2d4851a1d" relativeResultsDirectory="35ae054b-8d56-475b-ace1-c14cd14ac0bf">
      <Output>
        <StdOut>Save/Update: select * from OrdenDeCompra; select * from documento_movimiento; select * from LineaOrdenDeCompra WHERE borrado = 0
Save/Update: select * from LineaOrdenDeCompra WHERE  LineaOrdenDeCompra.nro_orden_compra=1  AND  LineaOrdenDeCompra.tipo_orden_compra='A' AND  LineaOrdenDeCompra.nro_sucursal=1  
Save/Update: select * from insumo WHERE  insumo.cod_insumo=1  
Save/Update: select * from insumo WHERE  insumo.cod_insumo=2  
Save/Update: select * from Proveedor WHERE  Proveedor.id_proveedor=1  
Save/Update: select * from MovimientosCuenta JOIN documento_movimiento AS documento ON MovimientosCuenta.nro_movimiento=documento.nro_movimiento JOIN proveedor_movimientos AS proveedor ON MovimientosCuenta.nro_movimiento=proveedor.nro_movimiento WHERE documento.nro_Doc=3  AND proveedor.id_proveedor IS NOT  NULL ; select * from proveedor_movimientos; select * from documento_movimiento
Save/Update: select * from LineaOrdenDeCompra WHERE  LineaOrdenDeCompra.nro_orden_compra=2  AND  LineaOrdenDeCompra.tipo_orden_compra='B' AND  LineaOrdenDeCompra.nro_sucursal=1  
Save/Update: select * from insumo WHERE  insumo.cod_insumo=1  
Save/Update: select * from insumo WHERE  insumo.cod_insumo=1  
Save/Update: select * from Proveedor WHERE  Proveedor.id_proveedor=1  
Save/Update: select * from MovimientosCuenta JOIN documento_movimiento AS documento ON MovimientosCuenta.nro_movimiento=documento.nro_movimiento JOIN proveedor_movimientos AS proveedor ON MovimientosCuenta.nro_movimiento=proveedor.nro_movimiento WHERE documento.nro_Doc=4  AND proveedor.id_proveedor IS NOT  NULL ; select * from proveedor_movimientos; select * from documento_movimiento
Save/Update: DELETE LineaOrdenDeCompra WHERE nro_orden_compra=2  AND nro_sucursal=1  AND tipo_orden_compra='A' AND nro_linea=1  
Save/Update: DELETE LineaOrdenDeCompra WHERE nro_orden_compra=2  AND nro_sucursal=1  AND tipo_orden_compra='A' AND nro_linea=2  
Save/Update: DELETE proveedor_movimientos where nro_movimiento=4  ; DELETE documento_movimiento where nro_movimiento=4  ; ;DELETE MovimientosCuenta WHERE nro_movimiento=4  
Save/Update: DELETE FROM OrdenDeCompra WHERE nro_Doc =5
Save/Update: delete documento where nro_doc=5</StdOut>
      </Output>
    </UnitTestResult>
    <UnitTestResult executionId="709a5b26-1811-495c-80f0-e69b2ca3abbe" testId="019cc466-e1e2-1876-80d0-8bd0f4668b2f" testName="borrarDiseñoInsumoTest" computerName="DIEGO-PC" duration="00:00:00.0425079" startTime="2012-11-19T01:06:04.4721684-03:00" endTime="2012-11-19T01:06:04.5241714-03:00" testType="13cdc9d9-ddb5-4fa4-a97d-d965ccfc6d4b" outcome="PassedButRunAborted" testListId="8c84fa94-04c1-424b-9868-57a2d4851a1d" relativeResultsDirectory="709a5b26-1811-495c-80f0-e69b2ca3abbe">
      <Output>
        <StdOut>Save/Update: INSERT INTO Diseño_insumos (cod_diseño, cod_insumo, cantidad) VALUES (2 , 1 , 5.5); 
Save/Update: select * from Diseño_insumos
Save/Update: DELETE Diseño_insumos WHERE cod_diseño=2  AND cod_insumo=1  
Save/Update: select * from Diseño_insumos
Save/Update: DELETE Diseño_insumos WHERE cod_diseño=2  AND cod_insumo=1</StdOut>
      </Output>
    </UnitTestResult>
    <UnitTestResult executionId="32a57d3a-6822-4bdb-a8f8-0a0c0bf7bc51" testId="0321ef45-ca6a-c46f-356f-5dff04b055f8" testName="listarMovimientosPorNroTest" computerName="DIEGO-PC" duration="00:00:00.1311243" startTime="2012-11-19T01:06:04.5331719-03:00" endTime="2012-11-19T01:06:04.6721798-03:00" testType="13cdc9d9-ddb5-4fa4-a97d-d965ccfc6d4b" outcome="PassedButRunAborted" testListId="8c84fa94-04c1-424b-9868-57a2d4851a1d" relativeResultsDirectory="32a57d3a-6822-4bdb-a8f8-0a0c0bf7bc51">
      <Output>
        <StdOut>Save/Update: select * from MovimientosCuenta JOIN cliente_movimientos AS cliente ON MovimientosCuenta.nro_movimiento=cliente.nro_movimiento WHERE  MovimientosCuenta.nro_movimiento=1  AND cliente.id_cliente IS NOT  NULL ; select * from cliente_movimientos; select * from documento_movimiento
Save/Update: select * from Cliente WHERE  Cliente.id_cliente=1  ; select * from cliente_movimientos; select * from Pedido WHERE borrado = 0; select * from Factura WHERE borrado = 0; select * from Diseño WHERE borrado = 0
Save/Update: select * from Usuario WHERE  Usuario.usuarioID=1  ; select * from JoinUsuarioToFamilia; select * from JoinPatenteToUsuario
Save/Update: select * from Familia JOIN JoinUsuarioToFamilia AS usuarios ON Familia.familiaID=usuarios.familiaID WHERE usuarios.usuarioID=1  ; select * from JoinFamiliaToPatente
Save/Update: select * from Patente JOIN JoinPatenteToUsuario AS usuario ON Patente.patenteId=usuario.patenteId WHERE usuario.usuarioID=1  
Save/Update: select * from Cliente WHERE  Cliente.usuarioID=1  ; select * from cliente_movimientos; select * from Pedido WHERE borrado = 0; select * from Factura WHERE borrado = 0; select * from Diseño WHERE borrado = 0
Save/Update: select * from Diseño WHERE  Diseño.id_cliente=1  ; select * from historico_estados_diseño WHERE borrado = 0
Save/Update: select * from Factura WHERE  Factura.id_cliente=1  ; select * from documento_movimiento; select * from LineaFactura WHERE borrado = 0
Save/Update: select * from Pedido WHERE  Pedido.id_cliente=1  ; select * from produccion WHERE borrado = 0; select * from historico_estados_pedido WHERE borrado = 0
Save/Update: select * from MovimientosCuenta JOIN cliente_movimientos AS cliente ON MovimientosCuenta.nro_movimiento=cliente.nro_movimiento WHERE cliente.id_cliente=1  AND cliente.id_cliente IS NOT  NULL ; select * from cliente_movimientos; select * from documento_movimiento
Save/Update: select * from Factura WHERE  Factura.nro_Doc=1  ; select * from documento_movimiento; select * from LineaFactura WHERE borrado = 0
Save/Update: select * from tipoMovimiento WHERE  tipoMovimiento.tipoMovimientoID=1  
Save/Update: select * from Cuenta WHERE  Cuenta.cuentaID=1  
Save/Update: DELETE cliente_movimientos where nro_movimiento=4  ; DELETE documento_movimiento where nro_movimiento=4  ; ;DELETE MovimientosCuenta WHERE nro_movimiento=4</StdOut>
      </Output>
    </UnitTestResult>
    <UnitTestResult executionId="5e29e734-c470-4c6d-bef1-223174f4f245" testId="036044ea-8d05-b58f-21af-2b8c451629d2" testName="listarProduccionPorFechasTest" computerName="DIEGO-PC" duration="00:00:00.1115705" startTime="2012-11-19T01:06:04.6781802-03:00" endTime="2012-11-19T01:06:04.7981871-03:00" testType="13cdc9d9-ddb5-4fa4-a97d-d965ccfc6d4b" outcome="PassedButRunAborted" testListId="8c84fa94-04c1-424b-9868-57a2d4851a1d" relativeResultsDirectory="5e29e734-c470-4c6d-bef1-223174f4f245">
      <Output>
        <StdOut>Save/Update: select * from produccion WHERE  produccion.fechaInicio&gt;= CAST('09/10/2012 09:00:00.000'  AS DateTime) AND  produccion.fechaInicio&lt;= CAST('09/10/2012 14:00:00.000'  AS DateTime) AND  produccion.fechaFinal&gt;= CAST('09/10/2012 12:00:00.000'  AS DateTime) AND  produccion.fechaFinal&lt;= CAST('09/10/2012 14:00:00.000'  AS DateTime) ; select * from historico_estados_produccion WHERE borrado = 0
Save/Update: select * from Pedido WHERE  Pedido.cod_pedido=1  ; select * from produccion WHERE borrado = 0; select * from historico_estados_pedido WHERE borrado = 0
Save/Update: select * from Maquina WHERE  Maquina.cod_maquina=1  ; select * from JoinMaquinaToTipoPrenda
Save/Update: select * from Articulos WHERE  Articulos.cod_articulo=1  ; select * from lista_precios WHERE borrado = 0
Save/Update: select * from EstadoTrabajos WHERE  EstadoTrabajos.cod_estado=3  
Save/Update: select * from historico_estados_produccion WHERE  historico_estados_produccion.cod_produccion=1  
Save/Update: select * from produccion_operador WHERE  produccion_operador.cod_prodcuccion=1  
Save/Update: DELETE produccion_operador WHERE id_operador=2  AND cod_prodcuccion=7  
Save/Update: DELETE historico_estados_produccion WHERE nro_estado=1  AND cod_produccion=7  
Save/Update: DELETE historico_estados_produccion WHERE nro_estado=2  AND cod_produccion=7  
Save/Update: DELETE produccion WHERE cod_produccion=7</StdOut>
      </Output>
    </UnitTestResult>
    <UnitTestResult executionId="256eb2b1-9c71-41f1-b5d7-bdc5d736f0eb" testId="046d8853-4c4a-6ed7-e6b4-7cfe78d48668" testName="listarOrdenDeComprasPorMovimientoTest" computerName="DIEGO-PC" duration="00:00:00.0137419" startTime="2012-11-19T01:06:04.8101877-03:00" endTime="2012-11-19T01:06:04.8311889-03:00" testType="13cdc9d9-ddb5-4fa4-a97d-d965ccfc6d4b" outcome="PassedButRunAborted" testListId="8c84fa94-04c1-424b-9868-57a2d4851a1d" relativeResultsDirectory="256eb2b1-9c71-41f1-b5d7-bdc5d736f0eb">
      <Output>
        <StdOut>Save/Update: select * from OrdenDeCompra WHERE  OrdenDeCompra.nro_Doc=3  ; select * from documento_movimiento; select * from LineaOrdenDeCompra WHERE borrado = 0
Save/Update: select * from LineaOrdenDeCompra WHERE  LineaOrdenDeCompra.nro_orden_compra=1  AND  LineaOrdenDeCompra.tipo_orden_compra='A' AND  LineaOrdenDeCompra.nro_sucursal=1  
Save/Update: select * from insumo WHERE  insumo.cod_insumo=1  
Save/Update: select * from insumo WHERE  insumo.cod_insumo=2  
Save/Update: select * from Proveedor WHERE  Proveedor.id_proveedor=1  
Save/Update: select * from MovimientosCuenta JOIN documento_movimiento AS documento ON MovimientosCuenta.nro_movimiento=documento.nro_movimiento JOIN proveedor_movimientos AS proveedor ON MovimientosCuenta.nro_movimiento=proveedor.nro_movimiento WHERE documento.nro_Doc=3  AND proveedor.id_proveedor IS NOT  NULL ; select * from proveedor_movimientos; select * from documento_movimiento
Save/Update: DELETE LineaOrdenDeCompra WHERE nro_orden_compra=2  AND nro_sucursal=1  AND tipo_orden_compra='A' AND nro_linea=1  
Save/Update: DELETE LineaOrdenDeCompra WHERE nro_orden_compra=2  AND nro_sucursal=1  AND tipo_orden_compra='A' AND nro_linea=2  
Save/Update: DELETE proveedor_movimientos where nro_movimiento=4  ; DELETE documento_movimiento where nro_movimiento=4  ; ;DELETE MovimientosCuenta WHERE nro_movimiento=4  
Save/Update: DELETE FROM OrdenDeCompra WHERE nro_Doc =5
Save/Update: delete documento where nro_doc=5</StdOut>
      </Output>
    </UnitTestResult>
    <UnitTestResult executionId="5eb4708f-2bbb-42de-95e2-cf1472ce0184" testId="049d0f88-7bdd-159e-dcba-5d96f972e9a7" testName="cargarUsuariosTest" computerName="DIEGO-PC" duration="00:00:00.0231832" startTime="2012-11-19T01:06:04.8351892-03:00" endTime="2012-11-19T01:06:04.8701912-03:00" testType="13cdc9d9-ddb5-4fa4-a97d-d965ccfc6d4b" outcome="PassedButRunAborted" testListId="8c84fa94-04c1-424b-9868-57a2d4851a1d" relativeResultsDirectory="5eb4708f-2bbb-42de-95e2-cf1472ce0184">
      <Output>
        <StdOut>Save/Update: select * from Usuario; select * from JoinUsuarioToFamilia; select * from JoinPatenteToUsuario
Save/Update: DELETE JoinUsuarioToFamilia where usuarioID=6  ; DELETE JoinPatenteToUsuario where usuarioID=6  ; ;DELETE Usuario WHERE usuarioID=6  
Save/Update: UPDATE Usuario SET nombre='nombre5', apellido='apellido5', mail='mail5@test.com', password='pas5', telefonoFijo='5555-5555', telefonoMovil='5555-5555', bloqueado=0  WHERE usuarioID=5  ; DELETE JoinUsuarioToFamilia where usuarioID=5  ; DELETE JoinPatenteToUsuario where usuarioID=5  ;</StdOut>
      </Output>
    </UnitTestResult>
    <UnitTestResult executionId="4f5cf5ee-7c9f-4fa9-bff3-b566f36535a4" testId="04a946fc-19a1-d283-10d5-49de1068346e" testName="actualizarMovimientoTest" computerName="DIEGO-PC" duration="00:00:00.0899909" startTime="2012-11-19T01:06:04.8761915-03:00" endTime="2012-11-19T01:06:04.9751972-03:00" testType="13cdc9d9-ddb5-4fa4-a97d-d965ccfc6d4b" outcome="PassedButRunAborted" testListId="8c84fa94-04c1-424b-9868-57a2d4851a1d" relativeResultsDirectory="4f5cf5ee-7c9f-4fa9-bff3-b566f36535a4">
      <Output>
        <StdOut>Save/Update: SELECT  ISNULL(MAX(nro_movimiento + 1),1) from MovimientosCuenta
Save/Update: INSERT INTO MovimientosCuenta (nro_movimiento, comentario, fecha, monto, cuentaID, tipoMovimientoID) VALUES (4 , 'com4',  CAST('19/11/2012 01:06:04.890'  AS DateTime), 33.3, 1 , 2 ); DELETE cliente_movimientos where nro_movimiento=4  ;  INSERT INTO cliente_movimientos ( nro_movimiento, id_cliente) VALUES ( 4 , 2 ); DELETE documento_movimiento where nro_movimiento=4  ; 
Save/Update: select * from MovimientosCuenta JOIN cliente_movimientos AS cliente ON MovimientosCuenta.nro_movimiento=cliente.nro_movimiento WHERE  MovimientosCuenta.nro_movimiento=4  AND cliente.id_cliente IS NOT  NULL ; select * from cliente_movimientos; select * from documento_movimiento
Save/Update: select * from Cliente WHERE  Cliente.id_cliente=2  ; select * from cliente_movimientos; select * from Pedido WHERE borrado = 0; select * from Factura WHERE borrado = 0; select * from Diseño WHERE borrado = 0
Save/Update: select * from Usuario WHERE  Usuario.usuarioID=2  ; select * from JoinUsuarioToFamilia; select * from JoinPatenteToUsuario
Save/Update: select * from Familia JOIN JoinUsuarioToFamilia AS usuarios ON Familia.familiaID=usuarios.familiaID WHERE usuarios.usuarioID=2  ; select * from JoinFamiliaToPatente
Save/Update: select * from Patente JOIN JoinFamiliaToPatente AS familia ON Patente.patenteId=familia.patenteId WHERE familia.familiaID=2  
Save/Update: select * from Patente JOIN JoinPatenteToUsuario AS usuario ON Patente.patenteId=usuario.patenteId WHERE usuario.usuarioID=2  
Save/Update: select * from Cliente WHERE  Cliente.usuarioID=2  ; select * from cliente_movimientos; select * from Pedido WHERE borrado = 0; select * from Factura WHERE borrado = 0; select * from Diseño WHERE borrado = 0
Save/Update: select * from Diseño WHERE  Diseño.id_cliente=2  ; select * from historico_estados_diseño WHERE borrado = 0
Save/Update: select * from Factura WHERE  Factura.id_cliente=2  ; select * from documento_movimiento; select * from LineaFactura WHERE borrado = 0
Save/Update: select * from Pedido WHERE  Pedido.id_cliente=2  ; select * from produccion WHERE borrado = 0; select * from historico_estados_pedido WHERE borrado = 0
Save/Update: select * from MovimientosCuenta JOIN cliente_movimientos AS cliente ON MovimientosCuenta.nro_movimiento=cliente.nro_movimiento WHERE cliente.id_cliente=2  AND cliente.id_cliente IS NOT  NULL ; select * from cliente_movimientos; select * from documento_movimiento
Save/Update: select * from tipoMovimiento WHERE  tipoMovimiento.tipoMovimientoID=2  
Save/Update: select * from Cuenta WHERE  Cuenta.cuentaID=1  
Save/Update: UPDATE MovimientosCuenta SET comentario='com4', fecha= CAST('19/11/2012 01:06:04.890'  AS DateTime), monto=33.3, cuentaID=1 , tipoMovimientoID=2  WHERE nro_movimiento=4  ; DELETE cliente_movimientos where nro_movimiento=4  ;  INSERT INTO cliente_movimientos ( nro_movimiento, id_cliente) VALUES ( 4 , 1 ); DELETE documento_movimiento where nro_movimiento=4  ; 
Save/Update: select * from MovimientosCuenta JOIN cliente_movimientos AS cliente ON MovimientosCuenta.nro_movimiento=cliente.nro_movimiento WHERE  MovimientosCuenta.nro_movimiento=4  AND cliente.id_cliente IS NOT  NULL ; select * from cliente_movimientos; select * from documento_movimiento
Save/Update: select * from Cliente WHERE  Cliente.id_cliente=1  ; select * from cliente_movimientos; select * from Pedido WHERE borrado = 0; select * from Factura WHERE borrado = 0; select * from Diseño WHERE borrado = 0
Save/Update: select * from Usuario WHERE  Usuario.usuarioID=1  ; select * from JoinUsuarioToFamilia; select * from JoinPatenteToUsuario
Save/Update: select * from Familia JOIN JoinUsuarioToFamilia AS usuarios ON Familia.familiaID=usuarios.familiaID WHERE usuarios.usuarioID=1  ; select * from JoinFamiliaToPatente
Save/Update: select * from Patente JOIN JoinPatenteToUsuario AS usuario ON Patente.patenteId=usuario.patenteId WHERE usuario.usuarioID=1  
Save/Update: select * from Cliente WHERE  Cliente.usuarioID=1  ; select * from cliente_movimientos; select * from Pedido WHERE borrado = 0; select * from Factura WHERE borrado = 0; select * from Diseño WHERE borrado = 0
Save/Update: select * from Diseño WHERE  Diseño.id_cliente=1  ; select * from historico_estados_diseño WHERE borrado = 0
Save/Update: select * from Factura WHERE  Factura.id_cliente=1  ; select * from documento_movimiento; select * from LineaFactura WHERE borrado = 0
Save/Update: select * from Pedido WHERE  Pedido.id_cliente=1  ; select * from produccion WHERE borrado = 0; select * from historico_estados_pedido WHERE borrado = 0
Save/Update: select * from MovimientosCuenta JOIN cliente_movimientos AS cliente ON MovimientosCuenta.nro_movimiento=cliente.nro_movimiento WHERE cliente.id_cliente=1  AND cliente.id_cliente IS NOT  NULL ; select * from cliente_movimientos; select * from documento_movimiento
Save/Update: select * from tipoMovimiento WHERE  tipoMovimiento.tipoMovimientoID=2  
Save/Update: select * from Cuenta WHERE  Cuenta.cuentaID=1  
Save/Update: DELETE cliente_movimientos where nro_movimiento=4  ; DELETE documento_movimiento where nro_movimiento=4  ; ;DELETE MovimientosCuenta WHERE nro_movimiento=4</StdOut>
      </Output>
    </UnitTestResult>
    <UnitTestResult executionId="16c79feb-da8c-4612-966f-faeb800e201a" testId="0533de1e-bd84-9f46-95b5-950bf92951b0" testName="modificarLineaTest" computerName="DIEGO-PC" duration="00:00:00.0241198" startTime="2012-11-19T01:06:04.9791974-03:00" endTime="2012-11-19T01:06:05.0121993-03:00" testType="13cdc9d9-ddb5-4fa4-a97d-d965ccfc6d4b" outcome="PassedButRunAborted" testListId="8c84fa94-04c1-424b-9868-57a2d4851a1d" relativeResultsDirectory="16c79feb-da8c-4612-966f-faeb800e201a">
      <Output>
        <StdOut>Save/Update: SELECT  ISNULL(MAX(nro_linea + 1),1) from LineaOrdenDeCompra WHERE nro_orden_compra=1 AND nro_sucursal=1 AND tipo_orden_compra='A'
Save/Update: INSERT INTO LineaOrdenDeCompra (nro_orden_compra, nro_sucursal, tipo_orden_compra, nro_linea, cod_producto, cantidad, precio, borrado) VALUES (1 , 1 , 'A', 3 , 3 , 33 , 33.3, 0 ); 
Save/Update: select * from LineaOrdenDeCompra WHERE  LineaOrdenDeCompra.nro_orden_compra=1  AND  LineaOrdenDeCompra.nro_linea=3  AND  LineaOrdenDeCompra.nro_sucursal=1  AND  LineaOrdenDeCompra.tipo_orden_compra='A' 
Save/Update: UPDATE LineaOrdenDeCompra SET cod_producto=3 , cantidad=33 , precio=10, borrado=0  WHERE nro_orden_compra=1  AND nro_sucursal=1  AND tipo_orden_compra='A' AND nro_linea=3  ; 
Save/Update: select * from LineaOrdenDeCompra WHERE  LineaOrdenDeCompra.nro_orden_compra=1  AND  LineaOrdenDeCompra.nro_linea=3  AND  LineaOrdenDeCompra.nro_sucursal=1  AND  LineaOrdenDeCompra.tipo_orden_compra='A' 
Save/Update: DELETE LineaOrdenDeCompra WHERE nro_orden_compra=1  AND nro_sucursal=1  AND tipo_orden_compra='A' AND nro_linea=3</StdOut>
      </Output>
    </UnitTestResult>
    <UnitTestResult executionId="9aef5486-df56-418a-8862-d08e04be4407" testId="0619da45-f95c-9013-f779-f3a2e41e2ddd" testName="borrarUsuarioTest" computerName="DIEGO-PC" duration="00:00:00.0114992" startTime="2012-11-19T01:06:05.0211998-03:00" endTime="2012-11-19T01:06:05.0422010-03:00" testType="13cdc9d9-ddb5-4fa4-a97d-d965ccfc6d4b" outcome="PassedButRunAborted" testListId="8c84fa94-04c1-424b-9868-57a2d4851a1d" relativeResultsDirectory="9aef5486-df56-418a-8862-d08e04be4407">
      <Output>
        <StdOut>Save/Update: INSERT INTO Usuario (usuarioID, nombre, apellido, mail, password, telefonoFijo, telefonoMovil, bloqueado) VALUES (6 , 'nombre6', 'apellido6', 'mail6@test.com', 'pas6', '6666-6666', '6666-6666', 0 ); DELETE JoinUsuarioToFamilia where usuarioID=6  ; DELETE JoinPatenteToUsuario where usuarioID=6  ; 
Save/Update: select * from Usuario WHERE  Usuario.usuarioID=6  ; select * from JoinUsuarioToFamilia; select * from JoinPatenteToUsuario
Save/Update: DELETE JoinUsuarioToFamilia where usuarioID=6  ; DELETE JoinPatenteToUsuario where usuarioID=6  ; ;DELETE Usuario WHERE usuarioID=6  
Save/Update: select * from Usuario WHERE  Usuario.usuarioID=6  ; select * from JoinUsuarioToFamilia; select * from JoinPatenteToUsuario
Save/Update: DELETE JoinUsuarioToFamilia where usuarioID=6  ; DELETE JoinPatenteToUsuario where usuarioID=6  ; ;DELETE Usuario WHERE usuarioID=6  
Save/Update: UPDATE Usuario SET nombre='nombre5', apellido='apellido5', mail='mail5@test.com', password='pas5', telefonoFijo='5555-5555', telefonoMovil='5555-5555', bloqueado=0  WHERE usuarioID=5  ; DELETE JoinUsuarioToFamilia where usuarioID=5  ; DELETE JoinPatenteToUsuario where usuarioID=5  ;</StdOut>
      </Output>
    </UnitTestResult>
    <UnitTestResult executionId="767b4a54-c4e5-4a5f-9565-0529a9c21ed8" testId="06ea3cf0-5b85-5241-6e3e-f83627367b47" testName="actualizarNewsletterTest" computerName="DIEGO-PC" duration="00:00:00.0405275" startTime="2012-11-19T01:06:05.0472013-03:00" endTime="2012-11-19T01:06:05.1002043-03:00" testType="13cdc9d9-ddb5-4fa4-a97d-d965ccfc6d4b" outcome="PassedButRunAborted" testListId="8c84fa94-04c1-424b-9868-57a2d4851a1d" relativeResultsDirectory="767b4a54-c4e5-4a5f-9565-0529a9c21ed8">
      <Output>
        <StdOut>Save/Update: select * from newsletter WHERE  newsletter.nombre='news1' 
Save/Update: UPDATE newsletter SET newsletter='&lt;body background="#8A94AA"&gt;&lt;style type="text/css"&gt;&lt;!--body {	background-color: #8A94AA;}.txt-geral {	font-family: Georgia, Times New Roman, Times, serif;	font-size: 13px;}.style3 {	font-family: Georgia, Times New Roman, Times, serif;	font-size: 13px;	color:#003366;}.txt-geralp {	font-family: Georgia, Times New Roman, Times, serif;	font-size: 11px;}.style-grd {	font-family: Georgia, Times New Roman, Times, serif;	font-size: 18px;}--&gt; &lt;/style&gt;&lt;table width="600" border="0" align="center" cellpadding="0" cellspacing="0"&gt;  &lt;tr&gt;    &lt;td class="titulo3"&gt;&lt;img src="http://www.salvadorefilhos.pt/images/news/bg-topo.gif" alt="" width="600" height="21" /&gt;&lt;/td&gt;  &lt;/tr&gt;  &lt;tr&gt;    &lt;td align="center" bgcolor="#EEEBE0"&gt;&lt;div align="center"&gt;&lt;img src="http://www.salvadorefilhos.pt/images/news/img-topo.jpg" alt="Salvador &amp;amp; Filhos" width="600" height="206" border="0" /&gt;&lt;/div&gt;&lt;/td&gt;  &lt;/tr&gt;  &lt;tr&gt;    &lt;td bgcolor="#EEEBE0"&gt;&lt;table width="97%" border="0" align="center" cellpadding="0" cellspacing="16"&gt;      &lt;tr&gt;        &lt;td width="50%" height="34" valign="top" class="txt-geral"&gt;&lt;div class="style3"&gt;          &lt;p&gt;&lt;b&gt;UNIPROF&lt;/b&gt;&lt;/p&gt;          &lt;p&gt;&lt;b&gt;NEWSLETTER N&amp;ordm;9&lt;/b&gt;&lt;/p&gt;        &lt;/div&gt;&lt;/td&gt;        &lt;td width="50%" align="right" valign="top" class="txt-geral"&gt;&lt;img src="http://www.salvadorefilhos.pt/images/news/logo.gif" alt="Cristo Rei" width="99" height="66" /&gt;&lt;/td&gt;      &lt;/tr&gt;      &lt;tr&gt;        &lt;td colspan="2" valign="top" class="txt-geral"&gt;&lt;p align="center"&gt;&lt;img src="http://www.es.salvadorefilhos.pt/newsletter/images/tit-newsl9.gif" alt="Servicios Adicionales" width="550" height="100" /&gt;&lt;/p&gt;          	&lt;table width="100%" border="0" cellspacing="0" cellpadding="0"&gt;				&lt;tr&gt;					&lt;td width="60%" valign="top"&gt;&lt;h2&gt;&lt;span lang="ES-TRAD" xml:lang="ES-TRAD"&gt;&lt;strong&gt;Env&amp;iacute;o, recepci&amp;oacute;n&lt;/strong&gt;&lt;/span&gt;:&lt;/h2&gt;							&lt;ul&gt;								&lt;li&gt;&lt;span lang="ES-TRAD" xml:lang="ES-TRAD"&gt;Log&amp;iacute;stica de entrega y recogida de pedidos por nuestro   transportista especializado. &lt;/span&gt; &lt;/li&gt;								&lt;li&gt;&lt;span lang="ES-TRAD" xml:lang="ES-TRAD"&gt;Entregas r&amp;aacute;pidas. &lt;/span&gt; &lt;/li&gt;								&lt;li&gt;&lt;span lang="ES-TRAD" xml:lang="ES-TRAD"&gt;Trabajamos internacionalmente. &lt;/span&gt; &lt;/li&gt;								&lt;li&gt;&lt;span lang="ES-TRAD" xml:lang="ES-TRAD"&gt;Entrega directa a nuestros clientes.&lt;/span&gt;&lt;/li&gt;								&lt;/ul&gt;&lt;/td&gt;					&lt;td width="40%" align="right"&gt;&lt;img src="http://www.es.salvadorefilhos.pt/fotos/empresa/carrinho.gif" alt="Env&amp;iacute;o, recepci&amp;oacute;n" width="200" height="190" hspace="0" border="0" /&gt;&lt;/td&gt;				&lt;/tr&gt;				&lt;tr&gt;					&lt;td valign="top"&gt;&lt;h2&gt;&lt;br /&gt;						&lt;strong&gt;Embalaje&lt;/strong&gt;:&lt;/h2&gt;							&lt;ul&gt;								&lt;li&gt;&lt;span lang="ES-TRAD" xml:lang="ES-TRAD"&gt;Tenemos un servicio m&amp;aacute;s a la disponibilidad de nuestros clientes. &lt;/span&gt; &lt;/li&gt;								&lt;li&gt;&lt;span lang="ES-TRAD" xml:lang="ES-TRAD"&gt;Doblar y prensar las piezas personalizadas. &lt;/span&gt; &lt;/li&gt;								&lt;li&gt;&lt;span lang="ES-TRAD" xml:lang="ES-TRAD"&gt;Embalaje individual en una bolsa de pl&amp;aacute;stico. &lt;/span&gt; &lt;/li&gt;								&lt;li&gt;&lt;span lang="ES-TRAD" xml:lang="ES-TRAD"&gt;Embalaje m&amp;uacute;ltiple en una bolsa de pl&amp;aacute;stico. &lt;/span&gt; &lt;/li&gt;								&lt;li&gt;&lt;span lang="ES-TRAD" xml:lang="ES-TRAD"&gt;Embalaje en cajas de cart&amp;oacute;n&lt;/span&gt;&lt;/li&gt;								&lt;/ul&gt;&lt;/td&gt;					&lt;td align="right"&gt;&lt;br /&gt;							&lt;img src="http://www.es.salvadorefilhos.pt/fotos/empresa/embalagem.gif" alt="Embalaje" width="200" height="168" hspace="0" border="0" /&gt;&lt;/td&gt;				&lt;/tr&gt;				&lt;tr&gt;					&lt;td valign="top"&gt;&lt;h2&gt;&lt;br /&gt;						&lt;strong&gt;Control de calidad&lt;/strong&gt;:&lt;/h2&gt;							&lt;ul&gt;								&lt;li&gt;&lt;span lang="ES-TRAD" xml:lang="ES-TRAD"&gt;N&lt;/span&gt;uestros bordados son la prueba de la calidad y durabilidad,   colores s&amp;oacute;lidos y garantidos, calidad garantizada. &lt;/li&gt;								&lt;li&gt;Nuestros textiles son de un acabado de alta calidad, controlado y   probado. &lt;/li&gt;								&lt;li&gt;Control de calidad para todos nuestros art&amp;iacute;culos. &lt;/li&gt;								&lt;li&gt;La experiencia y conocimiento a su servicio. &lt;/li&gt;								&lt;li&gt;P&amp;oacute;nganos a prueba.&lt;/li&gt;								&lt;/ul&gt;&lt;/td&gt;					&lt;td align="right"&gt;&lt;br /&gt;							&lt;img height="200" alt="Control de calidad" src="http://www.es.salvadorefilhos.pt/fotos/empresa/maos.gif" width="200" border="0" /&gt;&lt;/td&gt;				&lt;/tr&gt;			&lt;/table&gt;          	&lt;p&gt;&lt;strong&gt;&amp;iexcl;&lt;a href=""&gt;Env&amp;iacute;enos su solicitud&lt;/a&gt;!&lt;img src="http://www.salvadorefilhos.pt/newsletter/images/download-es.gif" alt="Descargas, Diapositivos gratis" width="173" height="148" border="0" align="right" /&gt;&lt;/strong&gt;&lt;/b&gt;&lt;/p&gt;          &lt;p&gt;Descargue en su ordenador nuestro cat&amp;aacute;logo de hilos y lista de clis&amp;eacute;s en &lt;a href=""&gt;descargas&lt;/a&gt;. &lt;/p&gt;          &lt;p&gt; Calidad siempre em nuestros art&amp;iacute;culos garantizados y acabamiento especial.&lt;/p&gt;&lt;/td&gt;      &lt;/tr&gt;      &lt;tr&gt;        &lt;td colspan="2" valign="top" class="txt-geral"&gt;&lt;/td&gt;      &lt;/tr&gt;    &lt;/table&gt;    &lt;/td&gt;  &lt;/tr&gt;  &lt;tr&gt;   &lt;td&gt;&lt;img src="http://www.salvadorefilhos.pt/images/news/bg-bot.gif" alt="" width="600" height="50" /&gt;&lt;/td&gt;  &lt;/tr&gt;&lt;/table&gt;&lt;/body&gt;&lt;/html&gt;', nombre='news1', enviado=1  WHERE id=1  ; 
Save/Update: select * from newsletter WHERE  newsletter.id=1  
Save/Update: UPDATE newsletter SET newsletter='&lt;body background="#8A94AA"&gt;&lt;style type="text/css"&gt;&lt;!--body {	background-color: #8A94AA;}.txt-geral {	font-family: Georgia, Times New Roman, Times, serif;	font-size: 13px;}.style3 {	font-family: Georgia, Times New Roman, Times, serif;	font-size: 13px;	color:#003366;}.txt-geralp {	font-family: Georgia, Times New Roman, Times, serif;	font-size: 11px;}.style-grd {	font-family: Georgia, Times New Roman, Times, serif;	font-size: 18px;}--&gt; &lt;/style&gt;&lt;table width="600" border="0" align="center" cellpadding="0" cellspacing="0"&gt;  &lt;tr&gt;    &lt;td class="titulo3"&gt;&lt;img src="http://www.salvadorefilhos.pt/images/news/bg-topo.gif" alt="" width="600" height="21" /&gt;&lt;/td&gt;  &lt;/tr&gt;  &lt;tr&gt;    &lt;td align="center" bgcolor="#EEEBE0"&gt;&lt;div align="center"&gt;&lt;img src="http://www.salvadorefilhos.pt/images/news/img-topo.jpg" alt="Salvador &amp;amp; Filhos" width="600" height="206" border="0" /&gt;&lt;/div&gt;&lt;/td&gt;  &lt;/tr&gt;  &lt;tr&gt;    &lt;td bgcolor="#EEEBE0"&gt;&lt;table width="97%" border="0" align="center" cellpadding="0" cellspacing="16"&gt;      &lt;tr&gt;        &lt;td width="50%" height="34" valign="top" class="txt-geral"&gt;&lt;div class="style3"&gt;          &lt;p&gt;&lt;b&gt;UNIPROF&lt;/b&gt;&lt;/p&gt;          &lt;p&gt;&lt;b&gt;NEWSLETTER N&amp;ordm;9&lt;/b&gt;&lt;/p&gt;        &lt;/div&gt;&lt;/td&gt;        &lt;td width="50%" align="right" valign="top" class="txt-geral"&gt;&lt;img src="http://www.salvadorefilhos.pt/images/news/logo.gif" alt="Cristo Rei" width="99" height="66" /&gt;&lt;/td&gt;      &lt;/tr&gt;      &lt;tr&gt;        &lt;td colspan="2" valign="top" class="txt-geral"&gt;&lt;p align="center"&gt;&lt;img src="http://www.es.salvadorefilhos.pt/newsletter/images/tit-newsl9.gif" alt="Servicios Adicionales" width="550" height="100" /&gt;&lt;/p&gt;          	&lt;table width="100%" border="0" cellspacing="0" cellpadding="0"&gt;				&lt;tr&gt;					&lt;td width="60%" valign="top"&gt;&lt;h2&gt;&lt;span lang="ES-TRAD" xml:lang="ES-TRAD"&gt;&lt;strong&gt;Env&amp;iacute;o, recepci&amp;oacute;n&lt;/strong&gt;&lt;/span&gt;:&lt;/h2&gt;							&lt;ul&gt;								&lt;li&gt;&lt;span lang="ES-TRAD" xml:lang="ES-TRAD"&gt;Log&amp;iacute;stica de entrega y recogida de pedidos por nuestro   transportista especializado. &lt;/span&gt; &lt;/li&gt;								&lt;li&gt;&lt;span lang="ES-TRAD" xml:lang="ES-TRAD"&gt;Entregas r&amp;aacute;pidas. &lt;/span&gt; &lt;/li&gt;								&lt;li&gt;&lt;span lang="ES-TRAD" xml:lang="ES-TRAD"&gt;Trabajamos internacionalmente. &lt;/span&gt; &lt;/li&gt;								&lt;li&gt;&lt;span lang="ES-TRAD" xml:lang="ES-TRAD"&gt;Entrega directa a nuestros clientes.&lt;/span&gt;&lt;/li&gt;								&lt;/ul&gt;&lt;/td&gt;					&lt;td width="40%" align="right"&gt;&lt;img src="http://www.es.salvadorefilhos.pt/fotos/empresa/carrinho.gif" alt="Env&amp;iacute;o, recepci&amp;oacute;n" width="200" height="190" hspace="0" border="0" /&gt;&lt;/td&gt;				&lt;/tr&gt;				&lt;tr&gt;					&lt;td valign="top"&gt;&lt;h2&gt;&lt;br /&gt;						&lt;strong&gt;Embalaje&lt;/strong&gt;:&lt;/h2&gt;							&lt;ul&gt;								&lt;li&gt;&lt;span lang="ES-TRAD" xml:lang="ES-TRAD"&gt;Tenemos un servicio m&amp;aacute;s a la disponibilidad de nuestros clientes. &lt;/span&gt; &lt;/li&gt;								&lt;li&gt;&lt;span lang="ES-TRAD" xml:lang="ES-TRAD"&gt;Doblar y prensar las piezas personalizadas. &lt;/span&gt; &lt;/li&gt;								&lt;li&gt;&lt;span lang="ES-TRAD" xml:lang="ES-TRAD"&gt;Embalaje individual en una bolsa de pl&amp;aacute;stico. &lt;/span&gt; &lt;/li&gt;								&lt;li&gt;&lt;span lang="ES-TRAD" xml:lang="ES-TRAD"&gt;Embalaje m&amp;uacute;ltiple en una bolsa de pl&amp;aacute;stico. &lt;/span&gt; &lt;/li&gt;								&lt;li&gt;&lt;span lang="ES-TRAD" xml:lang="ES-TRAD"&gt;Embalaje en cajas de cart&amp;oacute;n&lt;/span&gt;&lt;/li&gt;								&lt;/ul&gt;&lt;/td&gt;					&lt;td align="right"&gt;&lt;br /&gt;							&lt;img src="http://www.es.salvadorefilhos.pt/fotos/empresa/embalagem.gif" alt="Embalaje" width="200" height="168" hspace="0" border="0" /&gt;&lt;/td&gt;				&lt;/tr&gt;				&lt;tr&gt;					&lt;td valign="top"&gt;&lt;h2&gt;&lt;br /&gt;						&lt;strong&gt;Control de calidad&lt;/strong&gt;:&lt;/h2&gt;							&lt;ul&gt;								&lt;li&gt;&lt;span lang="ES-TRAD" xml:lang="ES-TRAD"&gt;N&lt;/span&gt;uestros bordados son la prueba de la calidad y durabilidad,   colores s&amp;oacute;lidos y garantidos, calidad garantizada. &lt;/li&gt;								&lt;li&gt;Nuestros textiles son de un acabado de alta calidad, controlado y   probado. &lt;/li&gt;								&lt;li&gt;Control de calidad para todos nuestros art&amp;iacute;culos. &lt;/li&gt;								&lt;li&gt;La experiencia y conocimiento a su servicio. &lt;/li&gt;								&lt;li&gt;P&amp;oacute;nganos a prueba.&lt;/li&gt;								&lt;/ul&gt;&lt;/td&gt;					&lt;td align="right"&gt;&lt;br /&gt;							&lt;img height="200" alt="Control de calidad" src="http://www.es.salvadorefilhos.pt/fotos/empresa/maos.gif" width="200" border="0" /&gt;&lt;/td&gt;				&lt;/tr&gt;			&lt;/table&gt;          	&lt;p&gt;&lt;strong&gt;&amp;iexcl;&lt;a href=""&gt;Env&amp;iacute;enos su solicitud&lt;/a&gt;!&lt;img src="http://www.salvadorefilhos.pt/newsletter/images/download-es.gif" alt="Descargas, Diapositivos gratis" width="173" height="148" border="0" align="right" /&gt;&lt;/strong&gt;&lt;/b&gt;&lt;/p&gt;          &lt;p&gt;Descargue en su ordenador nuestro cat&amp;aacute;logo de hilos y lista de clis&amp;eacute;s en &lt;a href=""&gt;descargas&lt;/a&gt;. &lt;/p&gt;          &lt;p&gt; Calidad siempre em nuestros art&amp;iacute;culos garantizados y acabamiento especial.&lt;/p&gt;&lt;/td&gt;      &lt;/tr&gt;      &lt;tr&gt;        &lt;td colspan="2" valign="top" class="txt-geral"&gt;&lt;/td&gt;      &lt;/tr&gt;    &lt;/table&gt;    &lt;/td&gt;  &lt;/tr&gt;  &lt;tr&gt;   &lt;td&gt;&lt;img src="http://www.salvadorefilhos.pt/images/news/bg-bot.gif" alt="" width="600" height="50" /&gt;&lt;/td&gt;  &lt;/tr&gt;&lt;/table&gt;&lt;/body&gt;&lt;/html&gt;', nombre='news1', enviado=1  WHERE id=1  ;</StdOut>
      </Output>
    </UnitTestResult>
    <UnitTestResult executionId="0f4c13a3-b117-46ea-b0a6-fb73c7a373be" testId="07a2548d-4241-58e9-0562-3d619b418bbb" testName="cargarDiseñosTest" computerName="DIEGO-PC" duration="00:00:00.0174275" startTime="2012-11-19T01:06:05.1102049-03:00" endTime="2012-11-19T01:06:05.1372064-03:00" testType="13cdc9d9-ddb5-4fa4-a97d-d965ccfc6d4b" outcome="PassedButRunAborted" testListId="8c84fa94-04c1-424b-9868-57a2d4851a1d" relativeResultsDirectory="0f4c13a3-b117-46ea-b0a6-fb73c7a373be">
      <Output>
        <StdOut>Save/Update: select * from Diseño WHERE  Diseño.alto&gt;=5  AND  Diseño.alto&lt;=15  AND  Diseño.ancho&gt;=5  AND  Diseño.ancho&lt;=15  AND  Diseño.nombre LIKE '%ño1%'AND  Diseño.puntadas&gt;=500  AND  Diseño.puntadas&lt;=1500  AND  Diseño.id_cliente=1  ; select * from historico_estados_diseño WHERE borrado = 0</StdOut>
      </Output>
    </UnitTestResult>
    <UnitTestResult executionId="7bb04b6a-decb-444f-a019-858939ab8d67" testId="0826b7aa-fcce-4d97-453d-e58eb4a27a97" testName="crearNuevaMaquinaTest" computerName="DIEGO-PC" duration="00:00:00.0385529" startTime="2012-11-19T01:06:05.1412067-03:00" endTime="2012-11-19T01:06:05.1942097-03:00" testType="13cdc9d9-ddb5-4fa4-a97d-d965ccfc6d4b" outcome="PassedButRunAborted" testListId="8c84fa94-04c1-424b-9868-57a2d4851a1d" relativeResultsDirectory="7bb04b6a-decb-444f-a019-858939ab8d67">
      <Output>
        <StdOut>Save/Update: SELECT  ISNULL(MAX(cod_maquina + 1),1) from Maquina
Save/Update: INSERT INTO Maquina (cod_maquina, altoMargen, anchoMargen, cabezales, nombre, velocidadPromedio, cantidadColores) VALUES (4 , 100 , 200 , 12 , 'nombre nuevo', 1000 , 12 ); DELETE JoinMaquinaToTipoPrenda where cod_maquina=4  ;  INSERT INTO JoinMaquinaToTipoPrenda ( cod_maquina, tipo_prenda) VALUES ( 4 , 1 );  INSERT INTO JoinMaquinaToTipoPrenda ( cod_maquina, tipo_prenda) VALUES ( 4 , 2 ); 
Save/Update: select * from produccion WHERE  produccion.fechaInicio&gt;= CAST('19/11/2012 01:06:05.000'  AS DateTime) ; select * from historico_estados_produccion WHERE borrado = 0
Save/Update: select * from produccion WHERE  produccion.fechaInicio&gt;= CAST('19/11/2012 01:06:05.000'  AS DateTime) ; select * from historico_estados_produccion WHERE borrado = 0
Save/Update: select * from Maquina WHERE  Maquina.cod_maquina=4  ; select * from JoinMaquinaToTipoPrenda
Save/Update: select * from TipoPrenda WHERE  TipoPrenda.tipo_prenda=1  
Save/Update: select * from TipoPrenda WHERE  TipoPrenda.tipo_prenda=2  
Save/Update: DELETE JoinMaquinaToTipoPrenda where cod_maquina=4  ; ;DELETE Maquina WHERE cod_maquina=4  
Save/Update: delete from JoinMaquinaToTipoPrenda where cod_maquina=4</StdOut>
      </Output>
    </UnitTestResult>
    <UnitTestResult executionId="df9a55bf-6859-467c-8d72-b84a698f6919" testId="09863448-141d-d561-d286-b118ec566d97" testName="listarInsumosConRestriccionesTest" computerName="DIEGO-PC" duration="00:00:00.3389941" startTime="2012-11-19T01:06:05.2042103-03:00" endTime="2012-11-19T01:06:05.5652309-03:00" testType="13cdc9d9-ddb5-4fa4-a97d-d965ccfc6d4b" outcome="Failed" testListId="8c84fa94-04c1-424b-9868-57a2d4851a1d" relativeResultsDirectory="df9a55bf-6859-467c-8d72-b84a698f6919">
      <Output>
        <StdOut>Save/Update: select * from insumo WHERE  insumo.nombre LIKE '%bre%'AND  insumo.detalle LIKE '%lle1%'AND  insumo.id_tipo_insumo=1  AND  insumo.color=1  
Save/Update: select * from tipoInsumo WHERE  tipoInsumo.tipo_insumo=1  
Save/Update: select * from color WHERE  color.codigo_color=1  
Save/Update: select * from MovimientosStock WHERE  MovimientosStock.cod_insumo=1  
Save/Update: select * from insumo WHERE  insumo.cod_insumo=1  
Save/Update: select * from tipoInsumo WHERE  tipoInsumo.tipo_insumo=1  
Save/Update: select * from color WHERE  color.codigo_color=1  
Save/Update: select * from MovimientosStock WHERE  MovimientosStock.cod_insumo=1</StdOut>
        <ErrorInfo>
          <Message>Test method Tests.InsumoBusinessTest.listarInsumosConRestriccionesTest threw exception: 
System.ArgumentException: Column 'tipoMovimientoID' does not belong to table MovimientosStock.
TestCleanup method Tests.InsumoBusinessTest.MyTestCleanup threw exception. System.ArgumentException: System.ArgumentException: Column 'tipoMovimientoID' does not belong to table MovimientosStock..</Message>
          <StackTrace>    at System.Data.DataRow.GetDataColumn(String columnName)
   at System.Data.DataRow.get_Item(String columnName)
   at Repositorio.TableDataGateway.cargarPropiedad(Object&amp; objeto, Columna col, DataRow row, DataSet dataset) in C:\Users\Diego\Documents\Visual Studio 2010\Projects\Uniprof\Repositorio\Framework\TableDataGateway.vb:line 443
   at Repositorio.TableDataGateway.crearObjetos(DataSet dataSet) in C:\Users\Diego\Documents\Visual Studio 2010\Projects\Uniprof\Repositorio\Framework\TableDataGateway.vb:line 225
   at Repositorio.TableDataGateway.buscar(List`1 criteria) in C:\Users\Diego\Documents\Visual Studio 2010\Projects\Uniprof\Repositorio\Framework\TableDataGateway.vb:line 15
   at Repositorio.MovimientoStockTDG.cargarMovimientos(List`1 criteria) in C:\Users\Diego\Documents\Visual Studio 2010\Projects\Uniprof\Repositorio\TableDataGateway\MovimientoStockTDG.vb:line 40
   at Repositorio.InsumoRepositorio.completarInsumo(Insumo insumo) in C:\Users\Diego\Documents\Visual Studio 2010\Projects\Uniprof\Repositorio\Repositorios\InsumoRepositorio.vb:line 123
   at Repositorio.InsumoRepositorio.listarInsumosConRestricciones(String nombre, String detalle, String idTipo, String idColor) in C:\Users\Diego\Documents\Visual Studio 2010\Projects\Uniprof\Repositorio\Repositorios\InsumoRepositorio.vb:line 67
   at Tests.InsumoBusinessTest.listarInsumosConRestriccionesTest() in C:\Users\Diego\Documents\Visual Studio 2010\Projects\Uniprof\Tests\TestBusiness\InsumoBusinessTest.vb:line 138

TestCleanup Stack Trace
    at System.Data.DataRow.GetDataColumn(String columnName)
   at System.Data.DataRow.get_Item(String columnName)
   at Repositorio.TableDataGateway.cargarPropiedad(Object&amp; objeto, Columna col, DataRow row, DataSet dataset) in C:\Users\Diego\Documents\Visual Studio 2010\Projects\Uniprof\Repositorio\Framework\TableDataGateway.vb:line 443
   at Repositorio.TableDataGateway.crearObjetos(DataSet dataSet) in C:\Users\Diego\Documents\Visual Studio 2010\Projects\Uniprof\Repositorio\Framework\TableDataGateway.vb:line 225
   at Repositorio.TableDataGateway.buscar(List`1 criteria) in C:\Users\Diego\Documents\Visual Studio 2010\Projects\Uniprof\Repositorio\Framework\TableDataGateway.vb:line 15
   at Repositorio.MovimientoStockTDG.cargarMovimientos(List`1 criteria) in C:\Users\Diego\Documents\Visual Studio 2010\Projects\Uniprof\Repositorio\TableDataGateway\MovimientoStockTDG.vb:line 40
   at Repositorio.InsumoRepositorio.completarInsumo(Insumo insumo) in C:\Users\Diego\Documents\Visual Studio 2010\Projects\Uniprof\Repositorio\Repositorios\InsumoRepositorio.vb:line 123
   at Repositorio.InsumoRepositorio.listarInsumosPorCodigo(Int64 codigo) in C:\Users\Diego\Documents\Visual Studio 2010\Projects\Uniprof\Repositorio\Repositorios\InsumoRepositorio.vb:line 79
   at Tests.InsumoBusinessTest.MyTestCleanup() in C:\Users\Diego\Documents\Visual Studio 2010\Projects\Uniprof\Tests\TestBusiness\InsumoBusinessTest.vb:line 62
</StackTrace>
        </ErrorInfo>
      </Output>
    </UnitTestResult>
    <UnitTestResult executionId="241e9e1b-c622-41af-86a6-4ee8d2ef9fe2" testId="0a8df61c-a62f-1c66-059f-875171321588" testName="grabarListaPrecioTest" computerName="DIEGO-PC" duration="00:00:00.0242684" startTime="2012-11-19T01:06:05.5722313-03:00" endTime="2012-11-19T01:06:05.6072333-03:00" testType="13cdc9d9-ddb5-4fa4-a97d-d965ccfc6d4b" outcome="PassedButRunAborted" testListId="8c84fa94-04c1-424b-9868-57a2d4851a1d" relativeResultsDirectory="241e9e1b-c622-41af-86a6-4ee8d2ef9fe2">
      <Output>
        <StdOut>Save/Update: SELECT  ISNULL( MAX(nro_lista + 1), 1) from lista_precios WHERE cod_articulo=1
Save/Update: INSERT INTO lista_precios (nro_lista, cod_articulo, precio, fechaDesde, fechaHasta, borrado) VALUES (3 , 1 , 3.1,  CAST('11/11/2011 13:55:33.110'  AS DateTime),  CAST('11/11/2011 14:55:33.223'  AS DateTime), 0 ); 
Save/Update: select * from lista_precios WHERE  lista_precios.borrado=0  AND  lista_precios.cod_articulo=1  
Save/Update: DELETE lista_precios WHERE nro_lista=3  AND cod_articulo=1</StdOut>
      </Output>
    </UnitTestResult>
    <UnitTestResult executionId="d8874cfa-bf3a-4608-9517-06662cd6d5d5" testId="0bbd7a33-36a4-99a4-2cd0-83fd451fea26" testName="actualizarUsuarioTest" computerName="DIEGO-PC" duration="00:00:00.0330997" startTime="2012-11-19T01:06:05.6102335-03:00" endTime="2012-11-19T01:06:05.6522359-03:00" testType="13cdc9d9-ddb5-4fa4-a97d-d965ccfc6d4b" outcome="PassedButRunAborted" testListId="8c84fa94-04c1-424b-9868-57a2d4851a1d" relativeResultsDirectory="d8874cfa-bf3a-4608-9517-06662cd6d5d5">
      <Output>
        <StdOut>Save/Update: select * from Usuario WHERE  Usuario.usuarioID=5  ; select * from JoinUsuarioToFamilia; select * from JoinPatenteToUsuario
Save/Update: select * from Familia JOIN JoinUsuarioToFamilia AS usuarios ON Familia.familiaID=usuarios.familiaID WHERE usuarios.usuarioID=5  ; select * from JoinFamiliaToPatente
Save/Update: select * from Patente JOIN JoinPatenteToUsuario AS usuario ON Patente.patenteId=usuario.patenteId WHERE usuario.usuarioID=5  
Save/Update: select * from Cliente WHERE  Cliente.usuarioID=5  ; select * from cliente_movimientos; select * from Pedido WHERE borrado = 0; select * from Factura WHERE borrado = 0; select * from Diseño WHERE borrado = 0
Save/Update: UPDATE Usuario SET nombre='nombreModificado', apellido='apellido5', mail='mail5@test.com', password='pas5', telefonoFijo='5555-5555', telefonoMovil='5555-5555', bloqueado=0  WHERE usuarioID=5  ; DELETE JoinUsuarioToFamilia where usuarioID=5  ;  INSERT INTO JoinUsuarioToFamilia ( usuarioID, familiaID) VALUES ( 5 , 5 ); DELETE JoinPatenteToUsuario where usuarioID=5  ;  INSERT INTO JoinPatenteToUsuario ( usuarioID, patenteId) VALUES ( 5 , 3 ); 
Save/Update: select * from Usuario WHERE  Usuario.usuarioID=5  ; select * from JoinUsuarioToFamilia; select * from JoinPatenteToUsuario
Save/Update: select * from Familia JOIN JoinUsuarioToFamilia AS usuarios ON Familia.familiaID=usuarios.familiaID WHERE usuarios.usuarioID=5  ; select * from JoinFamiliaToPatente
Save/Update: select * from Patente JOIN JoinFamiliaToPatente AS familia ON Patente.patenteId=familia.patenteId WHERE familia.familiaID=5  
Save/Update: select * from Patente JOIN JoinPatenteToUsuario AS usuario ON Patente.patenteId=usuario.patenteId WHERE usuario.usuarioID=5  
Save/Update: select * from Cliente WHERE  Cliente.usuarioID=5  ; select * from cliente_movimientos; select * from Pedido WHERE borrado = 0; select * from Factura WHERE borrado = 0; select * from Diseño WHERE borrado = 0
Save/Update: UPDATE Usuario SET nombre='nombreModificado', apellido='apellido5', mail='mail5@test.com', password='pas5', telefonoFijo='5555-5555', telefonoMovil='5555-5555', bloqueado=0  WHERE usuarioID=5  ; DELETE JoinUsuarioToFamilia where usuarioID=5  ; DELETE JoinPatenteToUsuario where usuarioID=5  ;</StdOut>
      </Output>
    </UnitTestResult>
    <UnitTestResult executionId="15bca10b-6cca-4f82-9ded-84d240ba5029" testId="0d0b6b4c-3d42-300a-bac7-fbab5e0b6cc5" testName="listarProduccionConRestriccionesTest" computerName="DIEGO-PC" duration="00:00:00.0313139" startTime="2012-11-19T01:06:05.6552361-03:00" endTime="2012-11-19T01:06:05.6952384-03:00" testType="13cdc9d9-ddb5-4fa4-a97d-d965ccfc6d4b" outcome="PassedButRunAborted" testListId="8c84fa94-04c1-424b-9868-57a2d4851a1d" relativeResultsDirectory="15bca10b-6cca-4f82-9ded-84d240ba5029">
      <Output>
        <StdOut>Save/Update: select * from produccion WHERE  produccion.fechaInicio&gt;= CAST('09/10/2012 09:00:00.000'  AS DateTime) AND  produccion.fechaInicio&lt;= CAST('09/10/2012 14:00:00.000'  AS DateTime) AND  produccion.fechaFinal&gt;= CAST('09/10/2012 12:00:00.000'  AS DateTime) AND  produccion.fechaFinal&lt;= CAST('09/10/2012 14:00:00.000'  AS DateTime) ; select * from historico_estados_produccion WHERE borrado = 0
Save/Update: select * from Pedido WHERE  Pedido.cod_pedido=1  ; select * from produccion WHERE borrado = 0; select * from historico_estados_pedido WHERE borrado = 0
Save/Update: select * from Maquina WHERE  Maquina.cod_maquina=1  ; select * from JoinMaquinaToTipoPrenda
Save/Update: select * from Articulos WHERE  Articulos.cod_articulo=1  ; select * from lista_precios WHERE borrado = 0
Save/Update: select * from EstadoTrabajos WHERE  EstadoTrabajos.cod_estado=3  
Save/Update: select * from historico_estados_produccion WHERE  historico_estados_produccion.cod_produccion=1  
Save/Update: select * from produccion_operador WHERE  produccion_operador.cod_prodcuccion=1  
Save/Update: DELETE produccion_operador WHERE id_operador=2  AND cod_prodcuccion=7  
Save/Update: DELETE historico_estados_produccion WHERE nro_estado=1  AND cod_produccion=7  
Save/Update: DELETE historico_estados_produccion WHERE nro_estado=2  AND cod_produccion=7  
Save/Update: DELETE produccion WHERE cod_produccion=7</StdOut>
      </Output>
    </UnitTestResult>
    <UnitTestResult executionId="91b66df4-e97b-4144-9231-5a9cd28f5755" testId="0d3f2b5f-2310-d53e-af58-1c0f5f09df9f" testName="cargarMovimientosConRestriccionesTest" computerName="DIEGO-PC" duration="00:00:00.0379768" startTime="2012-11-19T01:06:05.6982385-03:00" endTime="2012-11-19T01:06:05.7442412-03:00" testType="13cdc9d9-ddb5-4fa4-a97d-d965ccfc6d4b" outcome="PassedButRunAborted" testListId="8c84fa94-04c1-424b-9868-57a2d4851a1d" relativeResultsDirectory="91b66df4-e97b-4144-9231-5a9cd28f5755">
      <Output>
        <StdOut>Save/Update: select * from MovimientosCuenta JOIN proveedor_movimientos AS proveedor ON MovimientosCuenta.nro_movimiento=proveedor.nro_movimiento WHERE  MovimientosCuenta.nro_movimiento=3  AND  MovimientosCuenta.comentario LIKE '%m3%'AND  MovimientosCuenta.fecha= CAST('03/03/2003 00:00:00.000'  AS DateTime) AND  MovimientosCuenta.monto&gt;=5 AND  MovimientosCuenta.monto&lt;=50 AND  MovimientosCuenta.cuentaID=1  AND  MovimientosCuenta.tipoMovimientoID=1  AND proveedor.id_proveedor=1  AND proveedor.id_proveedor IS NOT  NULL ; select * from proveedor_movimientos; select * from documento_movimiento
Save/Update: DELETE proveedor_movimientos where nro_movimiento=4  ; DELETE documento_movimiento where nro_movimiento=4  ; ;DELETE MovimientosCuenta WHERE nro_movimiento=4</StdOut>
      </Output>
    </UnitTestResult>
    <UnitTestResult executionId="a9119ef2-f793-43cb-b1c0-785401b5a002" testId="0dd1a643-72f4-8fdd-aebf-659387fe0ecf" testName="disminuirStockTest" computerName="DIEGO-PC" duration="00:00:00.0513664" startTime="2012-11-19T01:06:05.7492415-03:00" endTime="2012-11-19T01:06:05.8082448-03:00" testType="13cdc9d9-ddb5-4fa4-a97d-d965ccfc6d4b" outcome="Failed" testListId="8c84fa94-04c1-424b-9868-57a2d4851a1d" relativeResultsDirectory="a9119ef2-f793-43cb-b1c0-785401b5a002">
      <Output>
        <StdOut>Save/Update: select * from Articulos WHERE  Articulos.cod_articulo=1  ; select * from lista_precios WHERE borrado = 0
Save/Update: select * from lista_precios WHERE  lista_precios.cod_articulo=1  
Save/Update: select * from TipoPrenda WHERE  TipoPrenda.tipo_prenda=1  
Save/Update: select * from Diseño WHERE  Diseño.cod_diseño=1  ; select * from historico_estados_diseño WHERE borrado = 0
Save/Update: select * from Diseño WHERE  Diseño.cod_diseño=1  ; select * from historico_estados_diseño WHERE borrado = 0
Save/Update: select * from Cliente WHERE  Cliente.id_cliente=1  ; select * from cliente_movimientos; select * from Pedido WHERE borrado = 0; select * from Factura WHERE borrado = 0; select * from Diseño WHERE borrado = 0
Save/Update: select * from Usuario WHERE  Usuario.usuarioID=1  ; select * from JoinUsuarioToFamilia; select * from JoinPatenteToUsuario
Save/Update: select * from Diseño_insumos WHERE  Diseño_insumos.cod_diseño=1  
Save/Update: select * from historico_estados_diseño WHERE  historico_estados_diseño.cod_diseño=1  
Save/Update: select * from EstadoDiseños WHERE  EstadoDiseños.estado=2  
Save/Update: select * from insumo WHERE  insumo.cod_insumo=1  
Save/Update: select * from tipoInsumo WHERE  tipoInsumo.tipo_insumo=1  
Save/Update: select * from color WHERE  color.codigo_color=1  
Save/Update: select * from MovimientosStock WHERE  MovimientosStock.cod_insumo=1  
Save/Update: select * from insumo WHERE  insumo.cod_insumo=1  
Save/Update: select * from tipoInsumo WHERE  tipoInsumo.tipo_insumo=1  
Save/Update: select * from color WHERE  color.codigo_color=1  
Save/Update: select * from MovimientosStock WHERE  MovimientosStock.cod_insumo=1</StdOut>
        <ErrorInfo>
          <Message>Test method Tests.InsumoBusinessTest.disminuirStockTest threw exception: 
System.ArgumentException: Column 'tipoMovimientoID' does not belong to table MovimientosStock.
TestCleanup method Tests.InsumoBusinessTest.MyTestCleanup threw exception. System.ArgumentException: System.ArgumentException: Column 'tipoMovimientoID' does not belong to table MovimientosStock..</Message>
          <StackTrace>    at System.Data.DataRow.GetDataColumn(String columnName)
   at System.Data.DataRow.get_Item(String columnName)
   at Repositorio.TableDataGateway.cargarPropiedad(Object&amp; objeto, Columna col, DataRow row, DataSet dataset) in C:\Users\Diego\Documents\Visual Studio 2010\Projects\Uniprof\Repositorio\Framework\TableDataGateway.vb:line 443
   at Repositorio.TableDataGateway.crearObjetos(DataSet dataSet) in C:\Users\Diego\Documents\Visual Studio 2010\Projects\Uniprof\Repositorio\Framework\TableDataGateway.vb:line 225
   at Repositorio.TableDataGateway.buscar(List`1 criteria) in C:\Users\Diego\Documents\Visual Studio 2010\Projects\Uniprof\Repositorio\Framework\TableDataGateway.vb:line 15
   at Repositorio.MovimientoStockTDG.cargarMovimientos(List`1 criteria) in C:\Users\Diego\Documents\Visual Studio 2010\Projects\Uniprof\Repositorio\TableDataGateway\MovimientoStockTDG.vb:line 40
   at Repositorio.InsumoRepositorio.completarInsumo(Insumo insumo) in C:\Users\Diego\Documents\Visual Studio 2010\Projects\Uniprof\Repositorio\Repositorios\InsumoRepositorio.vb:line 123
   at Repositorio.InsumoRepositorio.listarInsumosPorCodigo(Int64 codigo) in C:\Users\Diego\Documents\Visual Studio 2010\Projects\Uniprof\Repositorio\Repositorios\InsumoRepositorio.vb:line 79
   at Negocio.InsumoBusiness.disminuirStock(Int64 idArticulo, Int32 cantidad) in C:\Users\Diego\Documents\Visual Studio 2010\Projects\Uniprof\Negocio\InsumoBusiness.vb:line 78
   at Tests.InsumoBusinessTest.disminuirStockTest() in C:\Users\Diego\Documents\Visual Studio 2010\Projects\Uniprof\Tests\TestBusiness\InsumoBusinessTest.vb:line 236

TestCleanup Stack Trace
    at System.Data.DataRow.GetDataColumn(String columnName)
   at System.Data.DataRow.get_Item(String columnName)
   at Repositorio.TableDataGateway.cargarPropiedad(Object&amp; objeto, Columna col, DataRow row, DataSet dataset) in C:\Users\Diego\Documents\Visual Studio 2010\Projects\Uniprof\Repositorio\Framework\TableDataGateway.vb:line 443
   at Repositorio.TableDataGateway.crearObjetos(DataSet dataSet) in C:\Users\Diego\Documents\Visual Studio 2010\Projects\Uniprof\Repositorio\Framework\TableDataGateway.vb:line 225
   at Repositorio.TableDataGateway.buscar(List`1 criteria) in C:\Users\Diego\Documents\Visual Studio 2010\Projects\Uniprof\Repositorio\Framework\TableDataGateway.vb:line 15
   at Repositorio.MovimientoStockTDG.cargarMovimientos(List`1 criteria) in C:\Users\Diego\Documents\Visual Studio 2010\Projects\Uniprof\Repositorio\TableDataGateway\MovimientoStockTDG.vb:line 40
   at Repositorio.InsumoRepositorio.completarInsumo(Insumo insumo) in C:\Users\Diego\Documents\Visual Studio 2010\Projects\Uniprof\Repositorio\Repositorios\InsumoRepositorio.vb:line 123
   at Repositorio.InsumoRepositorio.listarInsumosPorCodigo(Int64 codigo) in C:\Users\Diego\Documents\Visual Studio 2010\Projects\Uniprof\Repositorio\Repositorios\InsumoRepositorio.vb:line 79
   at Tests.InsumoBusinessTest.MyTestCleanup() in C:\Users\Diego\Documents\Visual Studio 2010\Projects\Uniprof\Tests\TestBusiness\InsumoBusinessTest.vb:line 62
</StackTrace>
        </ErrorInfo>
      </Output>
    </UnitTestResult>
    <UnitTestResult executionId="a38a4e63-7119-4452-8e44-8faa30c5b0f8" testId="10b4c1e2-77e8-b6fe-ff2c-b75bd78a1790" testName="actualizarMovimientoTest" computerName="DIEGO-PC" duration="00:00:00.0451224" startTime="2012-11-19T01:06:05.8152452-03:00" endTime="2012-11-19T01:06:05.8672482-03:00" testType="13cdc9d9-ddb5-4fa4-a97d-d965ccfc6d4b" outcome="PassedButRunAborted" testListId="8c84fa94-04c1-424b-9868-57a2d4851a1d" relativeResultsDirectory="a38a4e63-7119-4452-8e44-8faa30c5b0f8">
      <Output>
        <StdOut>Save/Update: SELECT  ISNULL(MAX(nro_movimiento + 1),1) from MovimientosCuenta
Save/Update: INSERT INTO MovimientosCuenta (nro_movimiento, comentario, fecha, monto, cuentaID, tipoMovimientoID) VALUES (4 , 'com4',  CAST('19/11/2012 01:06:05.824'  AS DateTime), 33.3, 1 , 2 ); DELETE cliente_movimientos where nro_movimiento=4  ;  INSERT INTO cliente_movimientos ( nro_movimiento, id_cliente) VALUES ( 4 , 2 ); DELETE documento_movimiento where nro_movimiento=4  ; 
Save/Update: select * from MovimientosCuenta JOIN cliente_movimientos AS cliente ON MovimientosCuenta.nro_movimiento=cliente.nro_movimiento WHERE  MovimientosCuenta.nro_movimiento=4  AND cliente.id_cliente IS NOT  NULL ; select * from cliente_movimientos; select * from documento_movimiento
Save/Update: select * from Cliente WHERE  Cliente.id_cliente=2  ; select * from cliente_movimientos; select * from Pedido WHERE borrado = 0; select * from Factura WHERE borrado = 0; select * from Diseño WHERE borrado = 0
Save/Update: select * from Usuario WHERE  Usuario.usuarioID=2  ; select * from JoinUsuarioToFamilia; select * from JoinPatenteToUsuario
Save/Update: select * from Familia JOIN JoinUsuarioToFamilia AS usuarios ON Familia.familiaID=usuarios.familiaID WHERE usuarios.usuarioID=2  ; select * from JoinFamiliaToPatente
Save/Update: select * from Patente JOIN JoinFamiliaToPatente AS familia ON Patente.patenteId=familia.patenteId WHERE familia.familiaID=2  
Save/Update: select * from Patente JOIN JoinPatenteToUsuario AS usuario ON Patente.patenteId=usuario.patenteId WHERE usuario.usuarioID=2  
Save/Update: select * from Cliente WHERE  Cliente.usuarioID=2  ; select * from cliente_movimientos; select * from Pedido WHERE borrado = 0; select * from Factura WHERE borrado = 0; select * from Diseño WHERE borrado = 0
Save/Update: select * from Diseño WHERE  Diseño.id_cliente=2  ; select * from historico_estados_diseño WHERE borrado = 0
Save/Update: select * from Factura WHERE  Factura.id_cliente=2  ; select * from documento_movimiento; select * from LineaFactura WHERE borrado = 0
Save/Update: select * from Pedido WHERE  Pedido.id_cliente=2  ; select * from produccion WHERE borrado = 0; select * from historico_estados_pedido WHERE borrado = 0
Save/Update: select * from MovimientosCuenta JOIN cliente_movimientos AS cliente ON MovimientosCuenta.nro_movimiento=cliente.nro_movimiento WHERE cliente.id_cliente=2  AND cliente.id_cliente IS NOT  NULL ; select * from cliente_movimientos; select * from documento_movimiento
Save/Update: select * from tipoMovimiento WHERE  tipoMovimiento.tipoMovimientoID=2  
Save/Update: select * from Cuenta WHERE  Cuenta.cuentaID=1  
Save/Update: UPDATE MovimientosCuenta SET comentario='com4', fecha= CAST('19/11/2012 01:06:05.823'  AS DateTime), monto=33.3, cuentaID=1 , tipoMovimientoID=2  WHERE nro_movimiento=4  ; DELETE cliente_movimientos where nro_movimiento=4  ;  INSERT INTO cliente_movimientos ( nro_movimiento, id_cliente) VALUES ( 4 , 1 ); DELETE documento_movimiento where nro_movimiento=4  ; 
Save/Update: select * from MovimientosCuenta JOIN cliente_movimientos AS cliente ON MovimientosCuenta.nro_movimiento=cliente.nro_movimiento WHERE  MovimientosCuenta.nro_movimiento=4  AND cliente.id_cliente IS NOT  NULL ; select * from cliente_movimientos; select * from documento_movimiento
Save/Update: select * from Cliente WHERE  Cliente.id_cliente=1  ; select * from cliente_movimientos; select * from Pedido WHERE borrado = 0; select * from Factura WHERE borrado = 0; select * from Diseño WHERE borrado = 0
Save/Update: select * from Usuario WHERE  Usuario.usuarioID=1  ; select * from JoinUsuarioToFamilia; select * from JoinPatenteToUsuario
Save/Update: select * from Familia JOIN JoinUsuarioToFamilia AS usuarios ON Familia.familiaID=usuarios.familiaID WHERE usuarios.usuarioID=1  ; select * from JoinFamiliaToPatente
Save/Update: select * from Patente JOIN JoinPatenteToUsuario AS usuario ON Patente.patenteId=usuario.patenteId WHERE usuario.usuarioID=1  
Save/Update: select * from Cliente WHERE  Cliente.usuarioID=1  ; select * from cliente_movimientos; select * from Pedido WHERE borrado = 0; select * from Factura WHERE borrado = 0; select * from Diseño WHERE borrado = 0
Save/Update: select * from Diseño WHERE  Diseño.id_cliente=1  ; select * from historico_estados_diseño WHERE borrado = 0
Save/Update: select * from Factura WHERE  Factura.id_cliente=1  ; select * from documento_movimiento; select * from LineaFactura WHERE borrado = 0
Save/Update: select * from Pedido WHERE  Pedido.id_cliente=1  ; select * from produccion WHERE borrado = 0; select * from historico_estados_pedido WHERE borrado = 0
Save/Update: select * from MovimientosCuenta JOIN cliente_movimientos AS cliente ON MovimientosCuenta.nro_movimiento=cliente.nro_movimiento WHERE cliente.id_cliente=1  AND cliente.id_cliente IS NOT  NULL ; select * from cliente_movimientos; select * from documento_movimiento
Save/Update: select * from tipoMovimiento WHERE  tipoMovimiento.tipoMovimientoID=2  
Save/Update: select * from Cuenta WHERE  Cuenta.cuentaID=1  
Save/Update: DELETE cliente_movimientos where nro_movimiento=4  ; DELETE documento_movimiento where nro_movimiento=4  ; ;DELETE MovimientosCuenta WHERE nro_movimiento=4</StdOut>
      </Output>
    </UnitTestResult>
    <UnitTestResult executionId="efae77f4-98af-4896-a1fc-0a3c08b3cd92" testId="1185b585-ef75-6544-19b0-95bea00f10c1" testName="cargarLineasFacturaConRestriccionTest" computerName="DIEGO-PC" duration="00:00:00.0126731" startTime="2012-11-19T01:06:05.8712484-03:00" endTime="2012-11-19T01:06:05.8902495-03:00" testType="13cdc9d9-ddb5-4fa4-a97d-d965ccfc6d4b" outcome="PassedButRunAborted" testListId="8c84fa94-04c1-424b-9868-57a2d4851a1d" relativeResultsDirectory="efae77f4-98af-4896-a1fc-0a3c08b3cd92">
      <Output>
        <StdOut>Save/Update: select * from LineaOrdenDeCompra WHERE  LineaOrdenDeCompra.cod_producto=1  AND  LineaOrdenDeCompra.borrado=0  AND  LineaOrdenDeCompra.cantidad=10  AND  LineaOrdenDeCompra.nro_orden_compra=1  AND  LineaOrdenDeCompra.nro_linea=1  AND  LineaOrdenDeCompra.nro_sucursal=1  AND  LineaOrdenDeCompra.precio=10 AND  LineaOrdenDeCompra.tipo_orden_compra='A'</StdOut>
      </Output>
    </UnitTestResult>
    <UnitTestResult executionId="e36994a6-3377-484f-b4c3-797a5fb92b83" testId="13283e1a-ebd5-2811-9974-2614dbf7730f" testName="buscarPedidoPorCodigoTest" computerName="DIEGO-PC" duration="00:00:00.0463163" startTime="2012-11-19T01:06:05.8932497-03:00" endTime="2012-11-19T01:06:05.9472528-03:00" testType="13cdc9d9-ddb5-4fa4-a97d-d965ccfc6d4b" outcome="PassedButRunAborted" testListId="8c84fa94-04c1-424b-9868-57a2d4851a1d" relativeResultsDirectory="e36994a6-3377-484f-b4c3-797a5fb92b83">
      <Output>
        <StdOut>Save/Update: select * from Pedido WHERE  Pedido.cod_pedido=1  ; select * from produccion WHERE borrado = 0; select * from historico_estados_pedido WHERE borrado = 0
Save/Update: select * from historico_estados_pedido WHERE  historico_estados_pedido.cod_pedido=1  
Save/Update: select * from tipoPedido WHERE  tipoPedido.tipo_pedido=1  
Save/Update: select * from produccion WHERE  produccion.cod_pedido=1  ; select * from historico_estados_produccion WHERE borrado = 0
Save/Update: select * from Cliente WHERE  Cliente.id_cliente=1  ; select * from cliente_movimientos; select * from Pedido WHERE borrado = 0; select * from Factura WHERE borrado = 0; select * from Diseño WHERE borrado = 0
Save/Update: select * from EstadoPedido WHERE  EstadoPedido.estado_pedido=3  
Save/Update: DELETE historico_estados_pedido WHERE nro_estado=1  AND cod_pedido=5  
Save/Update: DELETE historico_estados_pedido WHERE nro_estado=2  AND cod_pedido=5  
Save/Update: DELETE produccion WHERE cod_produccion=7  
Save/Update: DELETE Pedido WHERE cod_pedido=5</StdOut>
      </Output>
    </UnitTestResult>
    <UnitTestResult executionId="90b6b89f-c34b-4d25-8b3c-ee351debb2db" testId="132dbdad-c767-c70b-4154-f7166132216a" testName="buscarNewsletterPorIDTest" computerName="DIEGO-PC" duration="00:00:00.0049545" startTime="2012-11-19T01:06:05.9492529-03:00" endTime="2012-11-19T01:06:05.9612536-03:00" testType="13cdc9d9-ddb5-4fa4-a97d-d965ccfc6d4b" outcome="PassedButRunAborted" testListId="8c84fa94-04c1-424b-9868-57a2d4851a1d" relativeResultsDirectory="90b6b89f-c34b-4d25-8b3c-ee351debb2db">
      <Output>
        <StdOut>Save/Update: select * from newsletter WHERE  newsletter.id=2</StdOut>
      </Output>
    </UnitTestResult>
    <UnitTestResult executionId="1591fd72-7d3b-4b36-876e-4475941f1052" testId="13496ae0-c24c-3fcb-7178-2789fe5b49ef" testName="modificarTest" computerName="DIEGO-PC" duration="00:00:00.0771474" startTime="2012-11-19T01:06:05.9652538-03:00" endTime="2012-11-19T01:06:06.0482586-03:00" testType="13cdc9d9-ddb5-4fa4-a97d-d965ccfc6d4b" outcome="PassedButRunAborted" testListId="8c84fa94-04c1-424b-9868-57a2d4851a1d" relativeResultsDirectory="1591fd72-7d3b-4b36-876e-4475941f1052">
      <Output>
        <StdOut>Save/Update: select * from Conversacion WHERE  Conversacion.remitente=4  ; select * from mensaje WHERE borrado = 0
Save/Update: select * from Conversacion WHERE  Conversacion.destinatario=4  ; select * from mensaje WHERE borrado = 0
Save/Update: select * from Usuario WHERE  Usuario.usuarioID=4  ; select * from JoinUsuarioToFamilia; select * from JoinPatenteToUsuario
Save/Update: select * from Usuario WHERE  Usuario.usuarioID=5  ; select * from JoinUsuarioToFamilia; select * from JoinPatenteToUsuario
Save/Update: select * from Mensaje WHERE  Mensaje.id_conversacion=2  
Save/Update: UPDATE Conversacion SET remitente=4 , destinatario=5  WHERE id_conversacion=2  ; UPDATE mensaje SET borrado=1 WHERE id_conversacion=2  ; 
Save/Update: UPDATE Mensaje SET tipoMensaje=0 , fecha= CAST('26/08/2012 16:35:00.000'  AS DateTime), mensaje='msj de 4 a 5', leido=1 , borrado=0 , id_conversacion=2  WHERE id=3  ; 
Save/Update: UPDATE Mensaje SET tipoMensaje=1 , fecha= CAST('26/08/2012 16:35:00.000'  AS DateTime), mensaje='msj de 5 a 4', leido=0 , borrado=0 , id_conversacion=2  WHERE id=4  ; 
Save/Update: select * from Conversacion WHERE  Conversacion.remitente=4  ; select * from mensaje WHERE borrado = 0
Save/Update: select * from Conversacion WHERE  Conversacion.destinatario=4  ; select * from mensaje WHERE borrado = 0
Save/Update: select * from Usuario WHERE  Usuario.usuarioID=4  ; select * from JoinUsuarioToFamilia; select * from JoinPatenteToUsuario
Save/Update: select * from Usuario WHERE  Usuario.usuarioID=5  ; select * from JoinUsuarioToFamilia; select * from JoinPatenteToUsuario
Save/Update: select * from Mensaje WHERE  Mensaje.id_conversacion=2  
Save/Update: UPDATE Conversacion SET remitente=4 , destinatario=5  WHERE id_conversacion=2  ; UPDATE mensaje SET borrado=1 WHERE id_conversacion=2  ; 
Save/Update: UPDATE Mensaje SET tipoMensaje=0 , fecha= CAST('26/08/2012 16:35:00.000'  AS DateTime), mensaje='msj de 4 a 5', leido=1 , borrado=0 , id_conversacion=2  WHERE id=3  ; 
Save/Update: UPDATE Mensaje SET tipoMensaje=1 , fecha= CAST('26/08/2012 16:35:00.000'  AS DateTime), mensaje='msj de 5 a 4', leido=1 , borrado=0 , id_conversacion=2  WHERE id=4  ;</StdOut>
      </Output>
    </UnitTestResult>
    <UnitTestResult executionId="8afdf89c-b93f-44c2-8d0f-acd68243de5d" testId="13647b9a-2c0d-1cd8-34c7-faf3c771ec37" testName="listarMovimientosTest" computerName="DIEGO-PC" duration="00:00:00.0329615" startTime="2012-11-19T01:06:06.0532588-03:00" endTime="2012-11-19T01:06:06.0922611-03:00" testType="13cdc9d9-ddb5-4fa4-a97d-d965ccfc6d4b" outcome="PassedButRunAborted" testListId="8c84fa94-04c1-424b-9868-57a2d4851a1d" relativeResultsDirectory="8afdf89c-b93f-44c2-8d0f-acd68243de5d">
      <Output>
        <StdOut>Save/Update: select * from MovimientosCuenta JOIN cliente_movimientos AS cliente ON MovimientosCuenta.nro_movimiento=cliente.nro_movimiento WHERE cliente.id_cliente IS NOT  NULL ; select * from cliente_movimientos; select * from documento_movimiento
Save/Update: select * from Cliente WHERE  Cliente.id_cliente=1  ; select * from cliente_movimientos; select * from Pedido WHERE borrado = 0; select * from Factura WHERE borrado = 0; select * from Diseño WHERE borrado = 0
Save/Update: select * from Usuario WHERE  Usuario.usuarioID=1  ; select * from JoinUsuarioToFamilia; select * from JoinPatenteToUsuario
Save/Update: select * from Familia JOIN JoinUsuarioToFamilia AS usuarios ON Familia.familiaID=usuarios.familiaID WHERE usuarios.usuarioID=1  ; select * from JoinFamiliaToPatente
Save/Update: select * from Patente JOIN JoinPatenteToUsuario AS usuario ON Patente.patenteId=usuario.patenteId WHERE usuario.usuarioID=1  
Save/Update: select * from Cliente WHERE  Cliente.usuarioID=1  ; select * from cliente_movimientos; select * from Pedido WHERE borrado = 0; select * from Factura WHERE borrado = 0; select * from Diseño WHERE borrado = 0
Save/Update: select * from Diseño WHERE  Diseño.id_cliente=1  ; select * from historico_estados_diseño WHERE borrado = 0
Save/Update: select * from Factura WHERE  Factura.id_cliente=1  ; select * from documento_movimiento; select * from LineaFactura WHERE borrado = 0
Save/Update: select * from Pedido WHERE  Pedido.id_cliente=1  ; select * from produccion WHERE borrado = 0; select * from historico_estados_pedido WHERE borrado = 0
Save/Update: select * from MovimientosCuenta JOIN cliente_movimientos AS cliente ON MovimientosCuenta.nro_movimiento=cliente.nro_movimiento WHERE cliente.id_cliente=1  AND cliente.id_cliente IS NOT  NULL ; select * from cliente_movimientos; select * from documento_movimiento
Save/Update: select * from Factura WHERE  Factura.nro_Doc=1  ; select * from documento_movimiento; select * from LineaFactura WHERE borrado = 0
Save/Update: select * from tipoMovimiento WHERE  tipoMovimiento.tipoMovimientoID=1  
Save/Update: select * from Cuenta WHERE  Cuenta.cuentaID=1  
Save/Update: select * from Cliente WHERE  Cliente.id_cliente=1  ; select * from cliente_movimientos; select * from Pedido WHERE borrado = 0; select * from Factura WHERE borrado = 0; select * from Diseño WHERE borrado = 0
Save/Update: select * from Usuario WHERE  Usuario.usuarioID=1  ; select * from JoinUsuarioToFamilia; select * from JoinPatenteToUsuario
Save/Update: select * from Familia JOIN JoinUsuarioToFamilia AS usuarios ON Familia.familiaID=usuarios.familiaID WHERE usuarios.usuarioID=1  ; select * from JoinFamiliaToPatente
Save/Update: select * from Patente JOIN JoinPatenteToUsuario AS usuario ON Patente.patenteId=usuario.patenteId WHERE usuario.usuarioID=1  
Save/Update: select * from Cliente WHERE  Cliente.usuarioID=1  ; select * from cliente_movimientos; select * from Pedido WHERE borrado = 0; select * from Factura WHERE borrado = 0; select * from Diseño WHERE borrado = 0
Save/Update: select * from Diseño WHERE  Diseño.id_cliente=1  ; select * from historico_estados_diseño WHERE borrado = 0
Save/Update: select * from Factura WHERE  Factura.id_cliente=1  ; select * from documento_movimiento; select * from LineaFactura WHERE borrado = 0
Save/Update: select * from Pedido WHERE  Pedido.id_cliente=1  ; select * from produccion WHERE borrado = 0; select * from historico_estados_pedido WHERE borrado = 0
Save/Update: select * from MovimientosCuenta JOIN cliente_movimientos AS cliente ON MovimientosCuenta.nro_movimiento=cliente.nro_movimiento WHERE cliente.id_cliente=1  AND cliente.id_cliente IS NOT  NULL ; select * from cliente_movimientos; select * from documento_movimiento
Save/Update: select * from tipoMovimiento WHERE  tipoMovimiento.tipoMovimientoID=1  
Save/Update: select * from Cuenta WHERE  Cuenta.cuentaID=1  
Save/Update: DELETE cliente_movimientos where nro_movimiento=4  ; DELETE documento_movimiento where nro_movimiento=4  ; ;DELETE MovimientosCuenta WHERE nro_movimiento=4</StdOut>
      </Output>
    </UnitTestResult>
    <UnitTestResult executionId="dc6879ca-fb2c-4bf6-8677-63cf11884f1a" testId="14276aa4-72b7-f96c-4fe9-e83b20c4c391" testName="borrarArticulosTest" computerName="DIEGO-PC" duration="00:00:00.0208604" startTime="2012-11-19T01:06:06.0972614-03:00" endTime="2012-11-19T01:06:06.1302632-03:00" testType="13cdc9d9-ddb5-4fa4-a97d-d965ccfc6d4b" outcome="PassedButRunAborted" testListId="8c84fa94-04c1-424b-9868-57a2d4851a1d" relativeResultsDirectory="dc6879ca-fb2c-4bf6-8677-63cf11884f1a">
      <Output>
        <StdOut>Save/Update: select * from Articulos; select * from lista_precios WHERE borrado = 0
Save/Update: SELECT  ISNULL(MAX(cod_articulo + 1),1) from Articulos
Save/Update: INSERT INTO Articulos (cod_articulo, tipoPrendaID, diseñoID, comentario, produccion, precioActual, borrado) VALUES (4 , 2 , 2 , 'com4', 10 , 1.4, 0 ); UPDATE lista_precios SET borrado=1 WHERE cod_articulo=4  ; 
Save/Update: select * from Articulos; select * from lista_precios WHERE borrado = 0
Save/Update: DELETE Articulos WHERE cod_articulo=4  
Save/Update: select * from Articulos; select * from lista_precios WHERE borrado = 0
Save/Update: DELETE Articulos WHERE cod_articulo=4</StdOut>
      </Output>
    </UnitTestResult>
    <UnitTestResult executionId="776faad0-2d31-4f8c-9854-33b6a6f82659" testId="147439b4-00a7-f2cb-1dec-6270bffba92e" testName="listarFamliasTest" computerName="DIEGO-PC" duration="00:00:00.0131975" startTime="2012-11-19T01:06:06.1402638-03:00" endTime="2012-11-19T01:06:06.1592649-03:00" testType="13cdc9d9-ddb5-4fa4-a97d-d965ccfc6d4b" outcome="PassedButRunAborted" testListId="8c84fa94-04c1-424b-9868-57a2d4851a1d" relativeResultsDirectory="776faad0-2d31-4f8c-9854-33b6a6f82659">
      <Output>
        <StdOut>Save/Update: select * from Familia; select * from JoinFamiliaToPatente
Save/Update: select * from Patente JOIN JoinFamiliaToPatente AS familia ON Patente.patenteId=familia.patenteId WHERE familia.familiaID=1  
Save/Update: select * from Patente JOIN JoinFamiliaToPatente AS familia ON Patente.patenteId=familia.patenteId WHERE familia.familiaID=2  
Save/Update: select * from Patente JOIN JoinFamiliaToPatente AS familia ON Patente.patenteId=familia.patenteId WHERE familia.familiaID=3  
Save/Update: select * from Patente JOIN JoinFamiliaToPatente AS familia ON Patente.patenteId=familia.patenteId WHERE familia.familiaID=4  
Save/Update: select * from Patente JOIN JoinFamiliaToPatente AS familia ON Patente.patenteId=familia.patenteId WHERE familia.familiaID=5  
Save/Update: select * from Patente JOIN JoinFamiliaToPatente AS familia ON Patente.patenteId=familia.patenteId WHERE familia.familiaID=6</StdOut>
      </Output>
    </UnitTestResult>
    <UnitTestResult executionId="4947e7cb-4568-4c56-bbbc-b6466d88618f" testId="1547d2a7-8401-4066-0421-456391521e4e" testName="GuardarPedidoTest1" computerName="DIEGO-PC" duration="00:00:02.8121609" startTime="2012-11-19T01:06:06.1652652-03:00" endTime="2012-11-19T01:06:08.9774261-03:00" testType="13cdc9d9-ddb5-4fa4-a97d-d965ccfc6d4b" outcome="Aborted" testListId="8c84fa94-04c1-424b-9868-57a2d4851a1d" relativeResultsDirectory="4947e7cb-4568-4c56-bbbc-b6466d88618f">
      <Output>
        <StdOut>Save/Update: SELECT  ISNULL(MAX(cod_pedido + 1),1) from Pedido
Save/Update: INSERT INTO Pedido (cod_pedido, comentario, id_cliente, tipo_pedido, estadoActual, fechaInicio, fechaFinal, borrado) VALUES (5 , 'comentario test', 2 , 2 , 2 ,  CAST('19/11/2012 01:06:06.172'  AS DateTime),  NULL , 0 ); UPDATE produccion SET borrado=1 WHERE cod_pedido=5  ; UPDATE historico_estados_pedido SET borrado=1 WHERE cod_pedido=5  ; 
Save/Update: SELECT  ISNULL(MAX(cod_produccion + 1),1) from produccion
Save/Update: INSERT INTO produccion (cod_produccion, comentario, cod_pedido, cod_maquina, cod_articulo, cantidad, estadoActual, utilizacion, fechaInicio, fechaFinal, borrado) VALUES (7 , 'com1', 5 , 2 , 1 , 10 , 1 , 1,  CAST('19/11/2012 01:06:06.172'  AS DateTime),  NULL , 0 ); UPDATE historico_estados_produccion SET borrado=1 WHERE cod_produccion=7  ; 
Save/Update: UPDATE Pedido SET comentario='comentario test', id_cliente=2 , tipo_pedido=2 , estadoActual=2 , fechaInicio= CAST('19/11/2012 01:06:06.172'  AS DateTime), fechaFinal= NULL , borrado=0  WHERE cod_pedido=5  ; UPDATE produccion SET borrado=1 WHERE cod_pedido=5  ; UPDATE historico_estados_pedido SET borrado=1 WHERE cod_pedido=5  ; 
Save/Update: SELECT  ISNULL(MAX(nro_estado + 1),1) from historico_estados_pedido WHERE cod_pedido=5
Save/Update: INSERT INTO historico_estados_pedido (nro_estado, comentario, cod_pedido, fechaDesde, fechaHasta, estado, borrado) VALUES (1 , '', 5 ,  CAST('19/11/2012 01:06:06.194'  AS DateTime),  NULL , 2 , 0 ); 
Save/Update: UPDATE produccion SET comentario='com1', cod_pedido=5 , cod_maquina=2 , cod_articulo=1 , cantidad=10 , estadoActual=1 , utilizacion=1, fechaInicio= CAST('19/11/2012 01:06:06.172'  AS DateTime), fechaFinal= NULL , borrado=0  WHERE cod_produccion=7  ; UPDATE historico_estados_produccion SET borrado=1 WHERE cod_produccion=7  ; 
Save/Update: select * from Pedido WHERE  Pedido.cod_pedido=5  ; select * from produccion WHERE borrado = 0; select * from historico_estados_pedido WHERE borrado = 0
Save/Update: select * from historico_estados_pedido WHERE  historico_estados_pedido.cod_pedido=5  
Save/Update: select * from tipoPedido WHERE  tipoPedido.tipo_pedido=2  
Save/Update: select * from produccion WHERE  produccion.cod_pedido=5  ; select * from historico_estados_produccion WHERE borrado = 0
Save/Update: select * from Cliente WHERE  Cliente.id_cliente=2  ; select * from cliente_movimientos; select * from Pedido WHERE borrado = 0; select * from Factura WHERE borrado = 0; select * from Diseño WHERE borrado = 0
Save/Update: select * from EstadoPedido WHERE  EstadoPedido.estado_pedido=2  
Save/Update: select * from Usuario WHERE  Usuario.usuarioID=2  ; select * from JoinUsuarioToFamilia; select * from JoinPatenteToUsuario
Save/Update: select * from Familia JOIN JoinUsuarioToFamilia AS usuarios ON Familia.familiaID=usuarios.familiaID WHERE usuarios.usuarioID=2  ; select * from JoinFamiliaToPatente
Save/Update: select * from Patente JOIN JoinFamiliaToPatente AS familia ON Patente.patenteId=familia.patenteId WHERE familia.familiaID=2  
Save/Update: select * from Patente JOIN JoinPatenteToUsuario AS usuario ON Patente.patenteId=usuario.patenteId WHERE usuario.usuarioID=2  
Save/Update: select * from Cliente WHERE  Cliente.usuarioID=2  ; select * from cliente_movimientos; select * from Pedido WHERE borrado = 0; select * from Factura WHERE borrado = 0; select * from Diseño WHERE borrado = 0
Save/Update: select * from newsletter WHERE  newsletter.id=1  
Save/Update: select * from produccion WHERE  produccion.cod_produccion=7  ; select * from historico_estados_produccion WHERE borrado = 0
Save/Update: select * from Pedido WHERE  Pedido.cod_pedido=5  ; select * from produccion WHERE borrado = 0; select * from historico_estados_pedido WHERE borrado = 0
Save/Update: select * from Maquina WHERE  Maquina.cod_maquina=2  ; select * from JoinMaquinaToTipoPrenda
Save/Update: select * from Articulos WHERE  Articulos.cod_articulo=1  ; select * from lista_precios WHERE borrado = 0
Save/Update: select * from EstadoTrabajos WHERE  EstadoTrabajos.cod_estado=1  
Save/Update: select * from historico_estados_produccion WHERE  historico_estados_produccion.cod_produccion=7  
Save/Update: select * from produccion_operador WHERE  produccion_operador.cod_prodcuccion=7  
Save/Update: select * from newsletter WHERE  newsletter.id=2  
Save/Update: select * from Articulos WHERE  Articulos.cod_articulo=1  ; select * from lista_precios WHERE borrado = 0
Save/Update: select * from lista_precios WHERE  lista_precios.cod_articulo=1  
Save/Update: select * from TipoPrenda WHERE  TipoPrenda.tipo_prenda=1  
Save/Update: select * from Diseño WHERE  Diseño.cod_diseño=1  ; select * from historico_estados_diseño WHERE borrado = 0</StdOut>
        <ErrorInfo>
          <Message>User aborted test run.</Message>
        </ErrorInfo>
      </Output>
    </UnitTestResult>
    <UnitTestResult executionId="b9df5421-5597-4db3-8bc9-1bcfb724293d" testId="15781058-9d50-4692-2e7e-53db8e43c13c" testName="grabarMovimientoTest" computerName="DIEGO-PC" testType="13cdc9d9-ddb5-4fa4-a97d-d965ccfc6d4b" outcome="NotExecuted" testListId="8c84fa94-04c1-424b-9868-57a2d4851a1d" relativeResultsDirectory="b9df5421-5597-4db3-8bc9-1bcfb724293d">
    </UnitTestResult>
    <UnitTestResult executionId="2f31820f-d7e2-4467-ab6f-8b99dbdcffb1" testId="15a2dfa0-b5da-ca0f-1901-200d0b50ec37" testName="cargarlistaProduccionTest" computerName="DIEGO-PC" testType="13cdc9d9-ddb5-4fa4-a97d-d965ccfc6d4b" outcome="NotExecuted" testListId="8c84fa94-04c1-424b-9868-57a2d4851a1d" relativeResultsDirectory="2f31820f-d7e2-4467-ab6f-8b99dbdcffb1">
    </UnitTestResult>
    <UnitTestResult executionId="9fc44865-0f56-4c76-8293-274a03b2df0d" testId="15e90031-185d-99ec-c865-633047dc95f1" testName="listarMensajesTest" computerName="DIEGO-PC" testType="13cdc9d9-ddb5-4fa4-a97d-d965ccfc6d4b" outcome="NotExecuted" testListId="8c84fa94-04c1-424b-9868-57a2d4851a1d" relativeResultsDirectory="9fc44865-0f56-4c76-8293-274a03b2df0d">
    </UnitTestResult>
    <UnitTestResult executionId="6a9a4f4c-4819-4a7c-bc1c-06f56ab24fb5" testId="16d2afdb-fcf6-6658-1d97-2e6156bb9c19" testName="listarArticulosPorDiseñoTest" computerName="DIEGO-PC" testType="13cdc9d9-ddb5-4fa4-a97d-d965ccfc6d4b" outcome="NotExecuted" testListId="8c84fa94-04c1-424b-9868-57a2d4851a1d" relativeResultsDirectory="6a9a4f4c-4819-4a7c-bc1c-06f56ab24fb5">
    </UnitTestResult>
    <UnitTestResult executionId="53e1ffef-f952-40ac-9fef-34cd95eb797d" testId="16ffbd3f-3aee-beef-202b-0a5edf0b4c4f" testName="cargarPatentesPorFamiliaTest" computerName="DIEGO-PC" testType="13cdc9d9-ddb5-4fa4-a97d-d965ccfc6d4b" outcome="NotExecuted" testListId="8c84fa94-04c1-424b-9868-57a2d4851a1d" relativeResultsDirectory="53e1ffef-f952-40ac-9fef-34cd95eb797d">
    </UnitTestResult>
    <UnitTestResult executionId="d7498330-e882-407b-9b36-01e93db67c1a" testId="179d28ef-c565-5c45-d785-59f1a0626295" testName="crearUsuarioTest" computerName="DIEGO-PC" testType="13cdc9d9-ddb5-4fa4-a97d-d965ccfc6d4b" outcome="NotExecuted" testListId="8c84fa94-04c1-424b-9868-57a2d4851a1d" relativeResultsDirectory="d7498330-e882-407b-9b36-01e93db67c1a">
    </UnitTestResult>
    <UnitTestResult executionId="826b0632-434c-41e3-b918-c77a799e650e" testId="19a165a4-d445-e33e-7cb8-0f8a6d509eae" testName="modificarNuevoPedidoTest" computerName="DIEGO-PC" testType="13cdc9d9-ddb5-4fa4-a97d-d965ccfc6d4b" outcome="NotExecuted" testListId="8c84fa94-04c1-424b-9868-57a2d4851a1d" relativeResultsDirectory="826b0632-434c-41e3-b918-c77a799e650e">
    </UnitTestResult>
    <UnitTestResult executionId="2c68be30-6fd3-406b-af17-986760c48f6f" testId="1a2eb27e-5a5f-d0a1-8888-804cc861f69e" testName="actualizarInsumoTest" computerName="DIEGO-PC" testType="13cdc9d9-ddb5-4fa4-a97d-d965ccfc6d4b" outcome="NotExecuted" testListId="8c84fa94-04c1-424b-9868-57a2d4851a1d" relativeResultsDirectory="2c68be30-6fd3-406b-af17-986760c48f6f">
    </UnitTestResult>
    <UnitTestResult executionId="b2c6825e-cdbb-4597-8d3a-1c83e0cc0bff" testId="1aa90fb2-a5a8-fc6d-427f-550365a59543" testName="buscarPorIdTest" computerName="DIEGO-PC" testType="13cdc9d9-ddb5-4fa4-a97d-d965ccfc6d4b" outcome="NotExecuted" testListId="8c84fa94-04c1-424b-9868-57a2d4851a1d" relativeResultsDirectory="b2c6825e-cdbb-4597-8d3a-1c83e0cc0bff">
    </UnitTestResult>
    <UnitTestResult executionId="42e559a0-2451-4b05-82e4-781cc2cd31c2" testId="1cbe2801-d19a-9274-15f8-0dba46344245" testName="modificarUsuarioTest" computerName="DIEGO-PC" testType="13cdc9d9-ddb5-4fa4-a97d-d965ccfc6d4b" outcome="NotExecuted" testListId="8c84fa94-04c1-424b-9868-57a2d4851a1d" relativeResultsDirectory="42e559a0-2451-4b05-82e4-781cc2cd31c2">
    </UnitTestResult>
    <UnitTestResult executionId="e96cbb61-f66f-4ea3-a6c8-5b848144282e" testId="1cca4a40-3e79-045d-0667-c735e9a1087b" testName="listarFacturasTest" computerName="DIEGO-PC" testType="13cdc9d9-ddb5-4fa4-a97d-d965ccfc6d4b" outcome="NotExecuted" testListId="8c84fa94-04c1-424b-9868-57a2d4851a1d" relativeResultsDirectory="e96cbb61-f66f-4ea3-a6c8-5b848144282e">
    </UnitTestResult>
    <UnitTestResult executionId="700ef044-00fc-4ee6-a6fc-2bf2009e03aa" testId="1cea9887-e3c9-cea8-286a-dd9be44d7403" testName="buscarTipoCuentaPorIdTest2" computerName="DIEGO-PC" testType="13cdc9d9-ddb5-4fa4-a97d-d965ccfc6d4b" outcome="NotExecuted" testListId="8c84fa94-04c1-424b-9868-57a2d4851a1d" relativeResultsDirectory="700ef044-00fc-4ee6-a6fc-2bf2009e03aa">
    </UnitTestResult>
    <UnitTestResult executionId="671283dc-1919-4731-b0ad-7ba5f1d086ec" testId="1e112e87-ecd4-bbc8-5f74-eb12a4718023" testName="borrarLineaTest" computerName="DIEGO-PC" testType="13cdc9d9-ddb5-4fa4-a97d-d965ccfc6d4b" outcome="NotExecuted" testListId="8c84fa94-04c1-424b-9868-57a2d4851a1d" relativeResultsDirectory="671283dc-1919-4731-b0ad-7ba5f1d086ec">
    </UnitTestResult>
    <UnitTestResult executionId="69fc860e-452e-4c2a-817b-703ffcbd334d" testId="1f993eef-b5ac-3548-c940-f219e4216d75" testName="listarProveedoresTest" computerName="DIEGO-PC" testType="13cdc9d9-ddb5-4fa4-a97d-d965ccfc6d4b" outcome="NotExecuted" testListId="8c84fa94-04c1-424b-9868-57a2d4851a1d" relativeResultsDirectory="69fc860e-452e-4c2a-817b-703ffcbd334d">
    </UnitTestResult>
    <UnitTestResult executionId="8ead172d-3928-4a8f-9220-2ed6cf5acef9" testId="1fb18ed6-06da-35e1-ec67-5275eec70993" testName="actualizarTipoPrendaTest" computerName="DIEGO-PC" testType="13cdc9d9-ddb5-4fa4-a97d-d965ccfc6d4b" outcome="NotExecuted" testListId="8c84fa94-04c1-424b-9868-57a2d4851a1d" relativeResultsDirectory="8ead172d-3928-4a8f-9220-2ed6cf5acef9">
    </UnitTestResult>
    <UnitTestResult executionId="5e6d8d76-02af-4b46-92c1-d561312b3e5e" testId="20d5f305-5003-b633-f12a-b60950a7d487" testName="borrarPedidoTest" computerName="DIEGO-PC" testType="13cdc9d9-ddb5-4fa4-a97d-d965ccfc6d4b" outcome="NotExecuted" testListId="8c84fa94-04c1-424b-9868-57a2d4851a1d" relativeResultsDirectory="5e6d8d76-02af-4b46-92c1-d561312b3e5e">
    </UnitTestResult>
    <UnitTestResult executionId="c34819b8-0554-485b-b404-13a7d88125bc" testId="21f1e20b-dcac-fe9b-670b-02932753806f" testName="listarOrdenDeComprasTest" computerName="DIEGO-PC" testType="13cdc9d9-ddb5-4fa4-a97d-d965ccfc6d4b" outcome="NotExecuted" testListId="8c84fa94-04c1-424b-9868-57a2d4851a1d" relativeResultsDirectory="c34819b8-0554-485b-b404-13a7d88125bc">
    </UnitTestResult>
    <UnitTestResult executionId="d94c19ab-d810-49ff-88b3-b3da81118b6e" testId="2277aaf3-514d-5d22-b68b-739c3ef345a2" testName="CambiarEstadoPedidoTest" computerName="DIEGO-PC" testType="13cdc9d9-ddb5-4fa4-a97d-d965ccfc6d4b" outcome="NotExecuted" testListId="8c84fa94-04c1-424b-9868-57a2d4851a1d" relativeResultsDirectory="d94c19ab-d810-49ff-88b3-b3da81118b6e">
    </UnitTestResult>
    <UnitTestResult executionId="7ebbab1a-7767-4450-b9b5-a6501e132702" testId="231d325e-5b2d-4422-b67b-4aed1bbc3f49" testName="grabarFacturasTest" computerName="DIEGO-PC" testType="13cdc9d9-ddb5-4fa4-a97d-d965ccfc6d4b" outcome="NotExecuted" testListId="8c84fa94-04c1-424b-9868-57a2d4851a1d" relativeResultsDirectory="7ebbab1a-7767-4450-b9b5-a6501e132702">
    </UnitTestResult>
    <UnitTestResult executionId="4e050534-b9e0-452c-aa86-3900d4dae2ff" testId="24d98172-4e51-96b3-ef4d-cd0ed2a98c18" testName="grabarHistoricoEstadosTest" computerName="DIEGO-PC" testType="13cdc9d9-ddb5-4fa4-a97d-d965ccfc6d4b" outcome="NotExecuted" testListId="8c84fa94-04c1-424b-9868-57a2d4851a1d" relativeResultsDirectory="4e050534-b9e0-452c-aa86-3900d4dae2ff">
    </UnitTestResult>
    <UnitTestResult executionId="f0f8f9f8-650f-4213-9b1e-812d92fb071d" testId="251887f2-80b7-06cc-ae64-369889df804d" testName="actualizarFamiliaTest" computerName="DIEGO-PC" testType="13cdc9d9-ddb5-4fa4-a97d-d965ccfc6d4b" outcome="NotExecuted" testListId="8c84fa94-04c1-424b-9868-57a2d4851a1d" relativeResultsDirectory="f0f8f9f8-650f-4213-9b1e-812d92fb071d">
    </UnitTestResult>
    <UnitTestResult executionId="c351bbae-719b-4c1d-8f93-7a8f1159ad69" testId="254f3c87-cb8f-24cb-6d93-8a60e4e333c0" testName="borrarProduccionTest" computerName="DIEGO-PC" testType="13cdc9d9-ddb5-4fa4-a97d-d965ccfc6d4b" outcome="NotExecuted" testListId="8c84fa94-04c1-424b-9868-57a2d4851a1d" relativeResultsDirectory="c351bbae-719b-4c1d-8f93-7a8f1159ad69">
    </UnitTestResult>
    <UnitTestResult executionId="0660af19-7790-4c7d-a2c7-2f6c7941a324" testId="25d73e54-4c45-c0f8-0cc6-cd9d82e5c8a4" testName="listarProduccionPorArticuloTest" computerName="DIEGO-PC" testType="13cdc9d9-ddb5-4fa4-a97d-d965ccfc6d4b" outcome="NotExecuted" testListId="8c84fa94-04c1-424b-9868-57a2d4851a1d" relativeResultsDirectory="0660af19-7790-4c7d-a2c7-2f6c7941a324">
    </UnitTestResult>
    <UnitTestResult executionId="38f33735-5876-4649-b03e-75c442839adf" testId="26a546ff-2782-4a5a-0d01-d730f8d08c9d" testName="cargarTest" computerName="DIEGO-PC" testType="13cdc9d9-ddb5-4fa4-a97d-d965ccfc6d4b" outcome="NotExecuted" testListId="8c84fa94-04c1-424b-9868-57a2d4851a1d" relativeResultsDirectory="38f33735-5876-4649-b03e-75c442839adf">
    </UnitTestResult>
    <UnitTestResult executionId="d0a5a2f2-4f57-442e-9aeb-36d290c0b973" testId="26d1e25c-63b7-c2c4-03c0-99f8e7631508" testName="grabarMaquinasTest" computerName="DIEGO-PC" testType="13cdc9d9-ddb5-4fa4-a97d-d965ccfc6d4b" outcome="NotExecuted" testListId="8c84fa94-04c1-424b-9868-57a2d4851a1d" relativeResultsDirectory="d0a5a2f2-4f57-442e-9aeb-36d290c0b973">
    </UnitTestResult>
    <UnitTestResult executionId="d9a63ae6-67e9-47d3-b1d1-5334a21a589d" testId="26e79886-012b-c1dd-53e8-d16d49221a25" testName="listarInsumosConRestriccionesTest" computerName="DIEGO-PC" testType="13cdc9d9-ddb5-4fa4-a97d-d965ccfc6d4b" outcome="NotExecuted" testListId="8c84fa94-04c1-424b-9868-57a2d4851a1d" relativeResultsDirectory="d9a63ae6-67e9-47d3-b1d1-5334a21a589d">
    </UnitTestResult>
    <UnitTestResult executionId="2acc536c-7594-4480-a40e-15d89153c7d9" testId="2807b06d-2424-3984-a9d6-3c90127f0468" testName="BuscarDiseñosTest" computerName="DIEGO-PC" testType="13cdc9d9-ddb5-4fa4-a97d-d965ccfc6d4b" outcome="NotExecuted" testListId="8c84fa94-04c1-424b-9868-57a2d4851a1d" relativeResultsDirectory="2acc536c-7594-4480-a40e-15d89153c7d9">
    </UnitTestResult>
    <UnitTestResult executionId="058a0326-0729-4d45-a961-28787e55d46a" testId="280aded5-68b9-b810-9a8e-34bdb568fac8" testName="grabarProduccionTest" computerName="DIEGO-PC" testType="13cdc9d9-ddb5-4fa4-a97d-d965ccfc6d4b" outcome="NotExecuted" testListId="8c84fa94-04c1-424b-9868-57a2d4851a1d" relativeResultsDirectory="058a0326-0729-4d45-a961-28787e55d46a">
    </UnitTestResult>
    <UnitTestResult executionId="12e19c3d-fd6e-4f14-b447-3d1fb9fecfa7" testId="28e69d1a-8de4-eba9-3792-eae237e8276c" testName="grabarUsuarioTest" computerName="DIEGO-PC" testType="13cdc9d9-ddb5-4fa4-a97d-d965ccfc6d4b" outcome="NotExecuted" testListId="8c84fa94-04c1-424b-9868-57a2d4851a1d" relativeResultsDirectory="12e19c3d-fd6e-4f14-b447-3d1fb9fecfa7">
    </UnitTestResult>
    <UnitTestResult executionId="d9e61b11-5745-48a4-88e7-167f6d17e85c" testId="29a5da4e-65d5-0422-5e68-618976117f03" testName="cargarMovimientosTest" computerName="DIEGO-PC" testType="13cdc9d9-ddb5-4fa4-a97d-d965ccfc6d4b" outcome="NotExecuted" testListId="8c84fa94-04c1-424b-9868-57a2d4851a1d" relativeResultsDirectory="d9e61b11-5745-48a4-88e7-167f6d17e85c">
    </UnitTestResult>
    <UnitTestResult executionId="f15472b9-5270-4339-b777-504225230078" testId="29f0136c-6b94-67a3-1d98-7e9ef56e0b01" testName="grabarMensajeTest" computerName="DIEGO-PC" testType="13cdc9d9-ddb5-4fa4-a97d-d965ccfc6d4b" outcome="NotExecuted" testListId="8c84fa94-04c1-424b-9868-57a2d4851a1d" relativeResultsDirectory="f15472b9-5270-4339-b777-504225230078">
    </UnitTestResult>
    <UnitTestResult executionId="f62c744f-afa1-42dd-a41e-3f8a98625605" testId="2a172fd5-1ba6-de08-de7a-3705a01c8b9d" testName="listarConversacionesPorUsuarioTest" computerName="DIEGO-PC" testType="13cdc9d9-ddb5-4fa4-a97d-d965ccfc6d4b" outcome="NotExecuted" testListId="8c84fa94-04c1-424b-9868-57a2d4851a1d" relativeResultsDirectory="f62c744f-afa1-42dd-a41e-3f8a98625605">
    </UnitTestResult>
    <UnitTestResult executionId="980846de-82ce-49c9-a92b-2bbc6cbbae72" testId="2a2fd5ee-0dc7-50c0-f1c8-c482f09c9964" testName="listarMaquinasTest" computerName="DIEGO-PC" testType="13cdc9d9-ddb5-4fa4-a97d-d965ccfc6d4b" outcome="NotExecuted" testListId="8c84fa94-04c1-424b-9868-57a2d4851a1d" relativeResultsDirectory="980846de-82ce-49c9-a92b-2bbc6cbbae72">
    </UnitTestResult>
    <UnitTestResult executionId="e3565087-f1ba-43f5-bd62-288a2aacad0c" testId="2ae7b1af-8597-a3ce-277b-0dc18037e21f" testName="listarInsumosPorTipoTest" computerName="DIEGO-PC" testType="13cdc9d9-ddb5-4fa4-a97d-d965ccfc6d4b" outcome="NotExecuted" testListId="8c84fa94-04c1-424b-9868-57a2d4851a1d" relativeResultsDirectory="e3565087-f1ba-43f5-bd62-288a2aacad0c">
    </UnitTestResult>
    <UnitTestResult executionId="48857483-7593-45dc-9db9-894f2136589a" testId="2b495ffb-2b2e-0cf5-2875-0685d0724d3c" testName="listarOrdenDeComprasPorIdTest" computerName="DIEGO-PC" testType="13cdc9d9-ddb5-4fa4-a97d-d965ccfc6d4b" outcome="NotExecuted" testListId="8c84fa94-04c1-424b-9868-57a2d4851a1d" relativeResultsDirectory="48857483-7593-45dc-9db9-894f2136589a">
    </UnitTestResult>
    <UnitTestResult executionId="228e0f7b-f43b-4fc5-b113-cd6924ef11ba" testId="2bbea6cc-d32e-272a-1a5e-81a0cec727a7" testName="listarFacturaPorMovimientoTest" computerName="DIEGO-PC" testType="13cdc9d9-ddb5-4fa4-a97d-d965ccfc6d4b" outcome="NotExecuted" testListId="8c84fa94-04c1-424b-9868-57a2d4851a1d" relativeResultsDirectory="228e0f7b-f43b-4fc5-b113-cd6924ef11ba">
    </UnitTestResult>
    <UnitTestResult executionId="6a0ab652-b961-4e41-acfd-fd95d0a29407" testId="2c93c645-adc5-bb40-79d7-b39e8ca0fa8c" testName="cargarFamiliasPorIdTest" computerName="DIEGO-PC" testType="13cdc9d9-ddb5-4fa4-a97d-d965ccfc6d4b" outcome="NotExecuted" testListId="8c84fa94-04c1-424b-9868-57a2d4851a1d" relativeResultsDirectory="6a0ab652-b961-4e41-acfd-fd95d0a29407">
    </UnitTestResult>
    <UnitTestResult executionId="b742d4c0-f2d6-4240-8360-8ecf001509f0" testId="2dd0d705-2d7c-e989-e9d2-1892c8b66262" testName="cargarMensajePorUsuariosTest" computerName="DIEGO-PC" testType="13cdc9d9-ddb5-4fa4-a97d-d965ccfc6d4b" outcome="NotExecuted" testListId="8c84fa94-04c1-424b-9868-57a2d4851a1d" relativeResultsDirectory="b742d4c0-f2d6-4240-8360-8ecf001509f0">
    </UnitTestResult>
    <UnitTestResult executionId="300eb7d1-d526-44a7-bd57-82475419ae1a" testId="2e92c0a7-eb38-f9b0-56bc-708e3a1e95b2" testName="listarProduccionPorEstadoTest" computerName="DIEGO-PC" testType="13cdc9d9-ddb5-4fa4-a97d-d965ccfc6d4b" outcome="NotExecuted" testListId="8c84fa94-04c1-424b-9868-57a2d4851a1d" relativeResultsDirectory="300eb7d1-d526-44a7-bd57-82475419ae1a">
    </UnitTestResult>
    <UnitTestResult executionId="c8427d65-e4de-4c60-a0b6-2d2ae6ae746d" testId="2ecef026-d4ff-850b-2022-72b81bdf2047" testName="grabarProduccionTest" computerName="DIEGO-PC" testType="13cdc9d9-ddb5-4fa4-a97d-d965ccfc6d4b" outcome="NotExecuted" testListId="8c84fa94-04c1-424b-9868-57a2d4851a1d" relativeResultsDirectory="c8427d65-e4de-4c60-a0b6-2d2ae6ae746d">
    </UnitTestResult>
    <UnitTestResult executionId="1fe131a1-8847-41ec-8867-4b17b00917e8" testId="2f3865ce-701f-5035-c928-beb5bf354e66" testName="grabarClienteTest" computerName="DIEGO-PC" testType="13cdc9d9-ddb5-4fa4-a97d-d965ccfc6d4b" outcome="NotExecuted" testListId="8c84fa94-04c1-424b-9868-57a2d4851a1d" relativeResultsDirectory="1fe131a1-8847-41ec-8867-4b17b00917e8">
    </UnitTestResult>
    <UnitTestResult executionId="1c8cb814-7578-458c-8d42-5defed415091" testId="2f942134-eb39-049b-9e6e-2f42e91a8a19" testName="borrarMaquinasTest" computerName="DIEGO-PC" testType="13cdc9d9-ddb5-4fa4-a97d-d965ccfc6d4b" outcome="NotExecuted" testListId="8c84fa94-04c1-424b-9868-57a2d4851a1d" relativeResultsDirectory="1c8cb814-7578-458c-8d42-5defed415091">
    </UnitTestResult>
    <UnitTestResult executionId="5bbf1517-6a2e-4694-b762-3de5c16b95f5" testId="2ff4ab24-8ba8-c855-2fbb-5316fd166e9f" testName="listarInsumosPorColorTest" computerName="DIEGO-PC" testType="13cdc9d9-ddb5-4fa4-a97d-d965ccfc6d4b" outcome="NotExecuted" testListId="8c84fa94-04c1-424b-9868-57a2d4851a1d" relativeResultsDirectory="5bbf1517-6a2e-4694-b762-3de5c16b95f5">
    </UnitTestResult>
    <UnitTestResult executionId="5f8b29b9-3141-442d-997b-17ca0fc7aa67" testId="3022c4e6-888b-2dda-b879-e60c04b5e600" testName="cargarOrdenConRestriccionesTest" computerName="DIEGO-PC" testType="13cdc9d9-ddb5-4fa4-a97d-d965ccfc6d4b" outcome="NotExecuted" testListId="8c84fa94-04c1-424b-9868-57a2d4851a1d" relativeResultsDirectory="5f8b29b9-3141-442d-997b-17ca0fc7aa67">
    </UnitTestResult>
    <UnitTestResult executionId="2a325d7c-fd90-4733-accc-0d0bb721df2e" testId="302f391e-539b-a40e-3606-007f4a4a5dfd" testName="cargarLineasFacturaTest" computerName="DIEGO-PC" testType="13cdc9d9-ddb5-4fa4-a97d-d965ccfc6d4b" outcome="NotExecuted" testListId="8c84fa94-04c1-424b-9868-57a2d4851a1d" relativeResultsDirectory="2a325d7c-fd90-4733-accc-0d0bb721df2e">
    </UnitTestResult>
    <UnitTestResult executionId="7068b0fe-c60b-45ba-baca-5ec24c622af8" testId="3222f04f-3bb8-b915-7622-11e1c846763f" testName="listarProduccionConRestriccionesTest" computerName="DIEGO-PC" testType="13cdc9d9-ddb5-4fa4-a97d-d965ccfc6d4b" outcome="NotExecuted" testListId="8c84fa94-04c1-424b-9868-57a2d4851a1d" relativeResultsDirectory="7068b0fe-c60b-45ba-baca-5ec24c622af8">
    </UnitTestResult>
    <UnitTestResult executionId="19cc8422-2bbf-4a37-ac3e-6d8e9b988f36" testId="3323acf7-8dc7-360e-f0a1-c4a2fbb9a91e" testName="listarMensajesTest" computerName="DIEGO-PC" testType="13cdc9d9-ddb5-4fa4-a97d-d965ccfc6d4b" outcome="NotExecuted" testListId="8c84fa94-04c1-424b-9868-57a2d4851a1d" relativeResultsDirectory="19cc8422-2bbf-4a37-ac3e-6d8e9b988f36">
    </UnitTestResult>
    <UnitTestResult executionId="6c34106a-78cb-44ec-a420-c9d49f3f47bf" testId="33cb7b57-1952-56c9-afdf-65517595c4dd" testName="guardarFamiliaTest" computerName="DIEGO-PC" testType="13cdc9d9-ddb5-4fa4-a97d-d965ccfc6d4b" outcome="NotExecuted" testListId="8c84fa94-04c1-424b-9868-57a2d4851a1d" relativeResultsDirectory="6c34106a-78cb-44ec-a420-c9d49f3f47bf">
    </UnitTestResult>
    <UnitTestResult executionId="08c52149-8ff9-495d-8b89-071ae3de2b9c" testId="34308cfd-d506-0b0a-6562-a4e0e8e6e9f3" testName="buscarEstadosTest" computerName="DIEGO-PC" testType="13cdc9d9-ddb5-4fa4-a97d-d965ccfc6d4b" outcome="NotExecuted" testListId="8c84fa94-04c1-424b-9868-57a2d4851a1d" relativeResultsDirectory="08c52149-8ff9-495d-8b89-071ae3de2b9c">
    </UnitTestResult>
    <UnitTestResult executionId="9a0f427e-87c6-420b-bb70-91a2b41935b7" testId="353a1d2f-a022-ae0b-e495-9424c7779e0c" testName="listarArticulosTest" computerName="DIEGO-PC" testType="13cdc9d9-ddb5-4fa4-a97d-d965ccfc6d4b" outcome="NotExecuted" testListId="8c84fa94-04c1-424b-9868-57a2d4851a1d" relativeResultsDirectory="9a0f427e-87c6-420b-bb70-91a2b41935b7">
    </UnitTestResult>
    <UnitTestResult executionId="1f681772-8de0-4b4e-b426-59abed982d2b" testId="364ee525-fb4e-4236-05f2-99b03bc282b2" testName="borrarUsuarioTest" computerName="DIEGO-PC" testType="13cdc9d9-ddb5-4fa4-a97d-d965ccfc6d4b" outcome="NotExecuted" testListId="8c84fa94-04c1-424b-9868-57a2d4851a1d" relativeResultsDirectory="1f681772-8de0-4b4e-b426-59abed982d2b">
    </UnitTestResult>
    <UnitTestResult executionId="3b5fbeed-3475-4d44-8d72-13c24cba400f" testId="36f9d5ec-47e1-6737-13d6-445eaa622ab8" testName="borrarNewsletterTest" computerName="DIEGO-PC" testType="13cdc9d9-ddb5-4fa4-a97d-d965ccfc6d4b" outcome="NotExecuted" testListId="8c84fa94-04c1-424b-9868-57a2d4851a1d" relativeResultsDirectory="3b5fbeed-3475-4d44-8d72-13c24cba400f">
    </UnitTestResult>
    <UnitTestResult executionId="6318e375-7aca-414d-b685-0feeed7a044c" testId="371ae7d4-9804-8eea-7d23-86fbb28eb5e2" testName="calcularTimepoTrabajoTest3" computerName="DIEGO-PC" testType="13cdc9d9-ddb5-4fa4-a97d-d965ccfc6d4b" outcome="NotExecuted" testListId="8c84fa94-04c1-424b-9868-57a2d4851a1d" relativeResultsDirectory="6318e375-7aca-414d-b685-0feeed7a044c">
    </UnitTestResult>
    <UnitTestResult executionId="b53fcf35-2c8e-43a6-a540-fc49e521f503" testId="375be106-944a-05c4-4975-c4a32afdccd6" testName="modificarDiseñoInsumoTest" computerName="DIEGO-PC" testType="13cdc9d9-ddb5-4fa4-a97d-d965ccfc6d4b" outcome="NotExecuted" testListId="8c84fa94-04c1-424b-9868-57a2d4851a1d" relativeResultsDirectory="b53fcf35-2c8e-43a6-a540-fc49e521f503">
    </UnitTestResult>
    <UnitTestResult executionId="65d895b9-f42e-475c-969a-19c87648da5c" testId="37b5db64-970d-c293-40fd-5d0b9fe33e03" testName="listarFacturaPorMovimientoTest" computerName="DIEGO-PC" testType="13cdc9d9-ddb5-4fa4-a97d-d965ccfc6d4b" outcome="NotExecuted" testListId="8c84fa94-04c1-424b-9868-57a2d4851a1d" relativeResultsDirectory="65d895b9-f42e-475c-969a-19c87648da5c">
    </UnitTestResult>
    <UnitTestResult executionId="09df6e34-962f-43fc-9626-55e8125e5a59" testId="37eb03dd-b0ba-1d1a-150c-82804e7b16da" testName="listarProduccionPorEstadoTest" computerName="DIEGO-PC" testType="13cdc9d9-ddb5-4fa4-a97d-d965ccfc6d4b" outcome="NotExecuted" testListId="8c84fa94-04c1-424b-9868-57a2d4851a1d" relativeResultsDirectory="09df6e34-962f-43fc-9626-55e8125e5a59">
    </UnitTestResult>
    <UnitTestResult executionId="11610d91-5f63-4a7d-b882-d7f786474cac" testId="3814ca38-0b83-b334-0d16-36809809c612" testName="grabarDiseñoInsumoTest" computerName="DIEGO-PC" testType="13cdc9d9-ddb5-4fa4-a97d-d965ccfc6d4b" outcome="NotExecuted" testListId="8c84fa94-04c1-424b-9868-57a2d4851a1d" relativeResultsDirectory="11610d91-5f63-4a7d-b882-d7f786474cac">
    </UnitTestResult>
    <UnitTestResult executionId="eda4008a-16e1-4986-86e5-0073d2220410" testId="390965ee-b707-eb4d-f805-7a307d4ab7fa" testName="buscarEstadosPorIdTest" computerName="DIEGO-PC" testType="13cdc9d9-ddb5-4fa4-a97d-d965ccfc6d4b" outcome="NotExecuted" testListId="8c84fa94-04c1-424b-9868-57a2d4851a1d" relativeResultsDirectory="eda4008a-16e1-4986-86e5-0073d2220410">
    </UnitTestResult>
    <UnitTestResult executionId="cc68c54c-cb86-4ed6-9aff-9d4e88eeb3a5" testId="399698d6-d910-1ab1-d972-fb6aa80639ce" testName="listarProduccionPorMaquinaTest" computerName="DIEGO-PC" testType="13cdc9d9-ddb5-4fa4-a97d-d965ccfc6d4b" outcome="NotExecuted" testListId="8c84fa94-04c1-424b-9868-57a2d4851a1d" relativeResultsDirectory="cc68c54c-cb86-4ed6-9aff-9d4e88eeb3a5">
    </UnitTestResult>
    <UnitTestResult executionId="6a9bbe85-2840-403b-b195-7786cf8a4e5e" testId="39eb9513-2b02-9bb1-bfd3-cd5a5b8ce938" testName="listarOrdenDeComprasPorIdTest" computerName="DIEGO-PC" testType="13cdc9d9-ddb5-4fa4-a97d-d965ccfc6d4b" outcome="NotExecuted" testListId="8c84fa94-04c1-424b-9868-57a2d4851a1d" relativeResultsDirectory="6a9bbe85-2840-403b-b195-7786cf8a4e5e">
    </UnitTestResult>
    <UnitTestResult executionId="3be9cc18-3400-4877-be66-913648cefc06" testId="3a69785d-69f1-1ae3-6647-f1fbd5f0c79c" testName="calcularPosiblesFechasTest2" computerName="DIEGO-PC" testType="13cdc9d9-ddb5-4fa4-a97d-d965ccfc6d4b" outcome="NotExecuted" testListId="8c84fa94-04c1-424b-9868-57a2d4851a1d" relativeResultsDirectory="3be9cc18-3400-4877-be66-913648cefc06">
    </UnitTestResult>
    <UnitTestResult executionId="2052ac89-0b5c-44d8-b66a-f450bb4da06b" testId="3b15fca6-ba42-6ea6-b114-894cdb11cb16" testName="cargarListaPrecioConRestriccionesTest" computerName="DIEGO-PC" testType="13cdc9d9-ddb5-4fa4-a97d-d965ccfc6d4b" outcome="NotExecuted" testListId="8c84fa94-04c1-424b-9868-57a2d4851a1d" relativeResultsDirectory="2052ac89-0b5c-44d8-b66a-f450bb4da06b">
    </UnitTestResult>
    <UnitTestResult executionId="979f8f7d-a13a-455c-a580-92aa2dc08bae" testId="3bb3d861-97d5-17ed-e4db-8593f01e3068" testName="listarInsumosPorTipoTest" computerName="DIEGO-PC" testType="13cdc9d9-ddb5-4fa4-a97d-d965ccfc6d4b" outcome="NotExecuted" testListId="8c84fa94-04c1-424b-9868-57a2d4851a1d" relativeResultsDirectory="979f8f7d-a13a-455c-a580-92aa2dc08bae">
    </UnitTestResult>
    <UnitTestResult executionId="ccedb169-b17e-4f86-9542-aaa5d60af824" testId="3c12ed63-05b7-6919-12b1-8653c094ff5f" testName="buscarPrendasPorDescripcionTest" computerName="DIEGO-PC" testType="13cdc9d9-ddb5-4fa4-a97d-d965ccfc6d4b" outcome="NotExecuted" testListId="8c84fa94-04c1-424b-9868-57a2d4851a1d" relativeResultsDirectory="ccedb169-b17e-4f86-9542-aaa5d60af824">
    </UnitTestResult>
    <UnitTestResult executionId="ed97b851-7c68-41d3-88f9-8f38c3b43dc4" testId="3cd1a5b2-2061-12b0-4cbc-6da8d643a9e8" testName="actualizarMovimientoTest" computerName="DIEGO-PC" testType="13cdc9d9-ddb5-4fa4-a97d-d965ccfc6d4b" outcome="NotExecuted" testListId="8c84fa94-04c1-424b-9868-57a2d4851a1d" relativeResultsDirectory="ed97b851-7c68-41d3-88f9-8f38c3b43dc4">
    </UnitTestResult>
    <UnitTestResult executionId="97ae7ba2-37fb-4501-8139-c0d946bedca3" testId="3d34ce3d-2c19-4b40-f3e1-1e5a5ee88a27" testName="modificarLineaTest" computerName="DIEGO-PC" testType="13cdc9d9-ddb5-4fa4-a97d-d965ccfc6d4b" outcome="NotExecuted" testListId="8c84fa94-04c1-424b-9868-57a2d4851a1d" relativeResultsDirectory="97ae7ba2-37fb-4501-8139-c0d946bedca3">
    </UnitTestResult>
    <UnitTestResult executionId="2bf6516c-6ba4-4cbe-9441-5b166335a3cb" testId="3d5d4690-413e-480e-9909-702cf88399dd" testName="listarMovimientosTest" computerName="DIEGO-PC" testType="13cdc9d9-ddb5-4fa4-a97d-d965ccfc6d4b" outcome="NotExecuted" testListId="8c84fa94-04c1-424b-9868-57a2d4851a1d" relativeResultsDirectory="2bf6516c-6ba4-4cbe-9441-5b166335a3cb">
    </UnitTestResult>
    <UnitTestResult executionId="a4a0c1ec-ff8e-4fa1-8b51-96da8fe4ccc6" testId="3f09e394-0823-389c-6e0c-74955eff820a" testName="listarFacturasTest" computerName="DIEGO-PC" testType="13cdc9d9-ddb5-4fa4-a97d-d965ccfc6d4b" outcome="NotExecuted" testListId="8c84fa94-04c1-424b-9868-57a2d4851a1d" relativeResultsDirectory="a4a0c1ec-ff8e-4fa1-8b51-96da8fe4ccc6">
    </UnitTestResult>
    <UnitTestResult executionId="f8000283-1904-44e3-ac59-d4392650e87f" testId="3f50a717-0b73-d5bd-41bc-37d26b580e88" testName="buscarProveedorPorCodigoTest" computerName="DIEGO-PC" testType="13cdc9d9-ddb5-4fa4-a97d-d965ccfc6d4b" outcome="NotExecuted" testListId="8c84fa94-04c1-424b-9868-57a2d4851a1d" relativeResultsDirectory="f8000283-1904-44e3-ac59-d4392650e87f">
    </UnitTestResult>
    <UnitTestResult executionId="7d2d1e76-b7ac-489c-a999-2dbe97f81ceb" testId="3f81de19-4fde-6528-9e0d-cf576c0d46aa" testName="grabarHistoricoEstadosTest" computerName="DIEGO-PC" testType="13cdc9d9-ddb5-4fa4-a97d-d965ccfc6d4b" outcome="NotExecuted" testListId="8c84fa94-04c1-424b-9868-57a2d4851a1d" relativeResultsDirectory="7d2d1e76-b7ac-489c-a999-2dbe97f81ceb">
    </UnitTestResult>
    <UnitTestResult executionId="d5f3695c-1c40-4936-9134-96d8b41b5230" testId="4063ba31-c658-1e39-f2a1-4789b86cdf92" testName="cargarClientesTest" computerName="DIEGO-PC" testType="13cdc9d9-ddb5-4fa4-a97d-d965ccfc6d4b" outcome="NotExecuted" testListId="8c84fa94-04c1-424b-9868-57a2d4851a1d" relativeResultsDirectory="d5f3695c-1c40-4936-9134-96d8b41b5230">
    </UnitTestResult>
    <UnitTestResult executionId="765f981b-baf0-4210-b3dd-743ae15054db" testId="4075ee85-dce8-0a59-bbe2-572b6c1b6a07" testName="cargarPatentesPorUsuarioTest" computerName="DIEGO-PC" testType="13cdc9d9-ddb5-4fa4-a97d-d965ccfc6d4b" outcome="NotExecuted" testListId="8c84fa94-04c1-424b-9868-57a2d4851a1d" relativeResultsDirectory="765f981b-baf0-4210-b3dd-743ae15054db">
    </UnitTestResult>
    <UnitTestResult executionId="731fd530-67bc-45a0-a8af-fde3c7f06788" testId="40c309eb-6e85-5d22-3be7-c1b561c3a631" testName="actualizaFacturaTest" computerName="DIEGO-PC" testType="13cdc9d9-ddb5-4fa4-a97d-d965ccfc6d4b" outcome="NotExecuted" testListId="8c84fa94-04c1-424b-9868-57a2d4851a1d" relativeResultsDirectory="731fd530-67bc-45a0-a8af-fde3c7f06788">
    </UnitTestResult>
    <UnitTestResult executionId="7376fb15-5f55-4483-b993-cf16a3e173db" testId="4128c841-fbe4-5443-0039-ee6ab9d8480a" testName="borrarMovimientosClienteTest" computerName="DIEGO-PC" testType="13cdc9d9-ddb5-4fa4-a97d-d965ccfc6d4b" outcome="NotExecuted" testListId="8c84fa94-04c1-424b-9868-57a2d4851a1d" relativeResultsDirectory="7376fb15-5f55-4483-b993-cf16a3e173db">
    </UnitTestResult>
    <UnitTestResult executionId="d14d3243-b3ad-4540-8022-cf29477ffb16" testId="4148e9ec-0e25-c6a4-4bc2-03540cd0a990" testName="cargarMensajePorConversacionTest" computerName="DIEGO-PC" testType="13cdc9d9-ddb5-4fa4-a97d-d965ccfc6d4b" outcome="NotExecuted" testListId="8c84fa94-04c1-424b-9868-57a2d4851a1d" relativeResultsDirectory="d14d3243-b3ad-4540-8022-cf29477ffb16">
    </UnitTestResult>
    <UnitTestResult executionId="610450d9-dd6d-427a-be80-fec2aff3cdc1" testId="41ca50b2-af08-ebb5-fe81-0171706b4196" testName="listarMovimientosPorClienteTest" computerName="DIEGO-PC" testType="13cdc9d9-ddb5-4fa4-a97d-d965ccfc6d4b" outcome="NotExecuted" testListId="8c84fa94-04c1-424b-9868-57a2d4851a1d" relativeResultsDirectory="610450d9-dd6d-427a-be80-fec2aff3cdc1">
    </UnitTestResult>
    <UnitTestResult executionId="1ac5173c-6877-4ac5-a59b-e6cc5859e5a9" testId="42bbff3f-ae90-d4a3-ac96-e18e8d721f9a" testName="cargarFamiliasPorPatenteTest" computerName="DIEGO-PC" testType="13cdc9d9-ddb5-4fa4-a97d-d965ccfc6d4b" outcome="NotExecuted" testListId="8c84fa94-04c1-424b-9868-57a2d4851a1d" relativeResultsDirectory="1ac5173c-6877-4ac5-a59b-e6cc5859e5a9">
    </UnitTestResult>
    <UnitTestResult executionId="68f5640e-b2a3-4b95-b869-4e6e8dbbc41c" testId="42bc7f23-0a71-a17c-783c-a7c1f6e66d7c" testName="grabarTest" computerName="DIEGO-PC" testType="13cdc9d9-ddb5-4fa4-a97d-d965ccfc6d4b" outcome="NotExecuted" testListId="8c84fa94-04c1-424b-9868-57a2d4851a1d" relativeResultsDirectory="68f5640e-b2a3-4b95-b869-4e6e8dbbc41c">
    </UnitTestResult>
    <UnitTestResult executionId="f74adad8-5daf-4b80-aa69-d8217c3a3f25" testId="42d34e85-28e2-30e8-a414-32919f9963a2" testName="ejecutarConsultaTest" computerName="DIEGO-PC" testType="13cdc9d9-ddb5-4fa4-a97d-d965ccfc6d4b" outcome="NotExecuted" testListId="8c84fa94-04c1-424b-9868-57a2d4851a1d" relativeResultsDirectory="f74adad8-5daf-4b80-aa69-d8217c3a3f25">
    </UnitTestResult>
    <UnitTestResult executionId="4a3ecfa3-dba4-4fa8-b160-c1a3af5e7a93" testId="42f3bd17-7e9a-3a2a-0abf-94dcbfe8af44" testName="calcularTimepoTrabajoTest4" computerName="DIEGO-PC" testType="13cdc9d9-ddb5-4fa4-a97d-d965ccfc6d4b" outcome="NotExecuted" testListId="8c84fa94-04c1-424b-9868-57a2d4851a1d" relativeResultsDirectory="4a3ecfa3-dba4-4fa8-b160-c1a3af5e7a93">
    </UnitTestResult>
    <UnitTestResult executionId="a911fd6e-840d-4ba0-af53-7b75d6ca606d" testId="43cb51cd-66eb-181b-064e-18bf81c14a68" testName="borrarArticuloTest" computerName="DIEGO-PC" testType="13cdc9d9-ddb5-4fa4-a97d-d965ccfc6d4b" outcome="NotExecuted" testListId="8c84fa94-04c1-424b-9868-57a2d4851a1d" relativeResultsDirectory="a911fd6e-840d-4ba0-af53-7b75d6ca606d">
    </UnitTestResult>
    <UnitTestResult executionId="339a3f07-c64f-4d99-acc7-bef81f903f40" testId="4470df03-406c-ac4c-036b-0433b2842ca5" testName="grabarProduccionTest" computerName="DIEGO-PC" testType="13cdc9d9-ddb5-4fa4-a97d-d965ccfc6d4b" outcome="NotExecuted" testListId="8c84fa94-04c1-424b-9868-57a2d4851a1d" relativeResultsDirectory="339a3f07-c64f-4d99-acc7-bef81f903f40">
    </UnitTestResult>
    <UnitTestResult executionId="7f0a3db3-106b-4742-a375-2a3d6df6d124" testId="44f2f0a7-9e33-876a-b7c3-d86059021fb2" testName="modificarUsuarioTest1" computerName="DIEGO-PC" testType="13cdc9d9-ddb5-4fa4-a97d-d965ccfc6d4b" outcome="NotExecuted" testListId="8c84fa94-04c1-424b-9868-57a2d4851a1d" relativeResultsDirectory="7f0a3db3-106b-4742-a375-2a3d6df6d124">
    </UnitTestResult>
    <UnitTestResult executionId="bc0a78a1-655f-45da-a7ac-3fec34eeab75" testId="45d73400-010d-bede-b097-0e012e473ce7" testName="listarMaquinasTest" computerName="DIEGO-PC" testType="13cdc9d9-ddb5-4fa4-a97d-d965ccfc6d4b" outcome="NotExecuted" testListId="8c84fa94-04c1-424b-9868-57a2d4851a1d" relativeResultsDirectory="bc0a78a1-655f-45da-a7ac-3fec34eeab75">
    </UnitTestResult>
    <UnitTestResult executionId="685263c9-38a6-42e3-b3f6-45432c39d1e0" testId="46319d74-a59b-cb4c-c42c-91de192140ab" testName="borrarProduccionOperadorTest" computerName="DIEGO-PC" testType="13cdc9d9-ddb5-4fa4-a97d-d965ccfc6d4b" outcome="NotExecuted" testListId="8c84fa94-04c1-424b-9868-57a2d4851a1d" relativeResultsDirectory="685263c9-38a6-42e3-b3f6-45432c39d1e0">
    </UnitTestResult>
    <UnitTestResult executionId="8c6b4e28-e959-43c3-b2ad-6c11c3bb367b" testId="466df001-5e88-7941-9225-f5b84ddbea5e" testName="cargarlistaPedidosTest" computerName="DIEGO-PC" testType="13cdc9d9-ddb5-4fa4-a97d-d965ccfc6d4b" outcome="NotExecuted" testListId="8c84fa94-04c1-424b-9868-57a2d4851a1d" relativeResultsDirectory="8c6b4e28-e959-43c3-b2ad-6c11c3bb367b">
    </UnitTestResult>
    <UnitTestResult executionId="2c1dac45-e825-47d5-82b0-50a6a1eee40b" testId="468ca457-0ed7-03c2-646c-9f2875316428" testName="ListarPrendasTest" computerName="DIEGO-PC" testType="13cdc9d9-ddb5-4fa4-a97d-d965ccfc6d4b" outcome="NotExecuted" testListId="8c84fa94-04c1-424b-9868-57a2d4851a1d" relativeResultsDirectory="2c1dac45-e825-47d5-82b0-50a6a1eee40b">
    </UnitTestResult>
    <UnitTestResult executionId="99e48e8f-17f9-4482-a134-cc248d2e9f76" testId="47539572-8702-25fd-25db-bd0bdd8958b7" testName="grabarPrendaTest" computerName="DIEGO-PC" testType="13cdc9d9-ddb5-4fa4-a97d-d965ccfc6d4b" outcome="NotExecuted" testListId="8c84fa94-04c1-424b-9868-57a2d4851a1d" relativeResultsDirectory="99e48e8f-17f9-4482-a134-cc248d2e9f76">
    </UnitTestResult>
    <UnitTestResult executionId="9bca9f3f-124f-40c5-92da-88d5469828f0" testId="47829263-2bc4-1929-0c73-083969548a33" testName="listarMovimientosPorProveedorTest" computerName="DIEGO-PC" testType="13cdc9d9-ddb5-4fa4-a97d-d965ccfc6d4b" outcome="NotExecuted" testListId="8c84fa94-04c1-424b-9868-57a2d4851a1d" relativeResultsDirectory="9bca9f3f-124f-40c5-92da-88d5469828f0">
    </UnitTestResult>
    <UnitTestResult executionId="8a7f5a39-54dc-48dc-8220-c2b2a4a7247f" testId="47d53732-aaac-b97d-3608-f4da6d7da1f0" testName="cargarHistoricoEstadosTest" computerName="DIEGO-PC" testType="13cdc9d9-ddb5-4fa4-a97d-d965ccfc6d4b" outcome="NotExecuted" testListId="8c84fa94-04c1-424b-9868-57a2d4851a1d" relativeResultsDirectory="8a7f5a39-54dc-48dc-8220-c2b2a4a7247f">
    </UnitTestResult>
    <UnitTestResult executionId="6c7ff7c0-6b21-451d-9649-5fe35c46baee" testId="47f1b7ea-5dbe-ff8b-ee2e-cd35503da3a7" testName="buscarNewsletterPorNombreTest" computerName="DIEGO-PC" testType="13cdc9d9-ddb5-4fa4-a97d-d965ccfc6d4b" outcome="NotExecuted" testListId="8c84fa94-04c1-424b-9868-57a2d4851a1d" relativeResultsDirectory="6c7ff7c0-6b21-451d-9649-5fe35c46baee">
    </UnitTestResult>
    <UnitTestResult executionId="26d0b433-49f5-4390-8154-284627d63bc7" testId="4ab5b9e6-5b30-baa0-2e6d-fac9df442766" testName="GuardarPedidoTest" computerName="DIEGO-PC" testType="13cdc9d9-ddb5-4fa4-a97d-d965ccfc6d4b" outcome="NotExecuted" testListId="8c84fa94-04c1-424b-9868-57a2d4851a1d" relativeResultsDirectory="26d0b433-49f5-4390-8154-284627d63bc7">
    </UnitTestResult>
    <UnitTestResult executionId="952cb359-4ddf-4163-84ad-cb5ff64fcca4" testId="4b2e2241-5ba0-4bf3-a87c-c3b9957ec404" testName="buscarPrendasTest" computerName="DIEGO-PC" testType="13cdc9d9-ddb5-4fa4-a97d-d965ccfc6d4b" outcome="NotExecuted" testListId="8c84fa94-04c1-424b-9868-57a2d4851a1d" relativeResultsDirectory="952cb359-4ddf-4163-84ad-cb5ff64fcca4">
    </UnitTestResult>
    <UnitTestResult executionId="3b066853-d9f4-4c17-b95c-508bcb106af5" testId="4b4cc00b-440a-fb3e-bf1c-58f18a59fbb6" testName="actualizaArticuloTest" computerName="DIEGO-PC" testType="13cdc9d9-ddb5-4fa4-a97d-d965ccfc6d4b" outcome="NotExecuted" testListId="8c84fa94-04c1-424b-9868-57a2d4851a1d" relativeResultsDirectory="3b066853-d9f4-4c17-b95c-508bcb106af5">
    </UnitTestResult>
    <UnitTestResult executionId="8346d907-8d2d-478b-9d76-7168be43c20a" testId="4cab3d76-8fe4-c6a9-062c-275660c809ba" testName="listarOpinionesPorIdTest" computerName="DIEGO-PC" testType="13cdc9d9-ddb5-4fa4-a97d-d965ccfc6d4b" outcome="NotExecuted" testListId="8c84fa94-04c1-424b-9868-57a2d4851a1d" relativeResultsDirectory="8346d907-8d2d-478b-9d76-7168be43c20a">
    </UnitTestResult>
    <UnitTestResult executionId="8fd37318-7667-49ec-a070-b8035360e1e6" testId="4cc6b71b-462c-2bdc-f536-28b4d3d30de5" testName="borrarProveedorTest" computerName="DIEGO-PC" testType="13cdc9d9-ddb5-4fa4-a97d-d965ccfc6d4b" outcome="NotExecuted" testListId="8c84fa94-04c1-424b-9868-57a2d4851a1d" relativeResultsDirectory="8fd37318-7667-49ec-a070-b8035360e1e6">
    </UnitTestResult>
    <UnitTestResult executionId="3ed56638-21f3-4283-8780-4931b7498c6a" testId="4d2a8d5b-b176-00fc-503a-b6acea4e399d" testName="modificarTest" computerName="DIEGO-PC" testType="13cdc9d9-ddb5-4fa4-a97d-d965ccfc6d4b" outcome="NotExecuted" testListId="8c84fa94-04c1-424b-9868-57a2d4851a1d" relativeResultsDirectory="3ed56638-21f3-4283-8780-4931b7498c6a">
    </UnitTestResult>
    <UnitTestResult executionId="e5be6ae3-31f2-43bf-b13b-65d791e34e60" testId="4d891028-ff30-5474-0c6f-59e839f50717" testName="buscarPorDescripcionTest" computerName="DIEGO-PC" testType="13cdc9d9-ddb5-4fa4-a97d-d965ccfc6d4b" outcome="NotExecuted" testListId="8c84fa94-04c1-424b-9868-57a2d4851a1d" relativeResultsDirectory="e5be6ae3-31f2-43bf-b13b-65d791e34e60">
    </UnitTestResult>
    <UnitTestResult executionId="23ed89cd-25db-4448-a587-38adf4b005d8" testId="4e213555-50ef-010c-9653-9ed4341cc7e4" testName="buscarDiseñoInsumoConRestriccionesTest" computerName="DIEGO-PC" testType="13cdc9d9-ddb5-4fa4-a97d-d965ccfc6d4b" outcome="NotExecuted" testListId="8c84fa94-04c1-424b-9868-57a2d4851a1d" relativeResultsDirectory="23ed89cd-25db-4448-a587-38adf4b005d8">
    </UnitTestResult>
    <UnitTestResult executionId="248bebb4-8395-484c-87dd-6a16596d3f30" testId="4f159a29-3cb7-c1f2-9ed8-8c5ed23afcbe" testName="actualizarDiseñoTest" computerName="DIEGO-PC" testType="13cdc9d9-ddb5-4fa4-a97d-d965ccfc6d4b" outcome="NotExecuted" testListId="8c84fa94-04c1-424b-9868-57a2d4851a1d" relativeResultsDirectory="248bebb4-8395-484c-87dd-6a16596d3f30">
    </UnitTestResult>
    <UnitTestResult executionId="7360dbb1-55d7-42e0-b2d8-a6a6e21b3304" testId="4f3a2e54-c06b-cfc2-386b-24b648fee82c" testName="cargarMovimientosTest" computerName="DIEGO-PC" testType="13cdc9d9-ddb5-4fa4-a97d-d965ccfc6d4b" outcome="NotExecuted" testListId="8c84fa94-04c1-424b-9868-57a2d4851a1d" relativeResultsDirectory="7360dbb1-55d7-42e0-b2d8-a6a6e21b3304">
    </UnitTestResult>
    <UnitTestResult executionId="8ed51afd-c101-4add-bb06-cb4ca5888a0b" testId="5062f8db-d3cc-b220-b391-1deb74053b65" testName="listarConversacionesPorIdTest" computerName="DIEGO-PC" testType="13cdc9d9-ddb5-4fa4-a97d-d965ccfc6d4b" outcome="NotExecuted" testListId="8c84fa94-04c1-424b-9868-57a2d4851a1d" relativeResultsDirectory="8ed51afd-c101-4add-bb06-cb4ca5888a0b">
    </UnitTestResult>
    <UnitTestResult executionId="97d9c44f-15b1-40fc-a835-e6ba3378b549" testId="5136f8bc-ea30-8e7a-77a2-f46a924db348" testName="buscarTodoTest" computerName="DIEGO-PC" testType="13cdc9d9-ddb5-4fa4-a97d-d965ccfc6d4b" outcome="NotExecuted" testListId="8c84fa94-04c1-424b-9868-57a2d4851a1d" relativeResultsDirectory="97d9c44f-15b1-40fc-a835-e6ba3378b549">
    </UnitTestResult>
    <UnitTestResult executionId="587f60ad-087a-417b-9f04-d00d68df5d24" testId="513854bd-1669-ed84-d891-6995e53105ac" testName="cargarFacturasConRestriccionesTest" computerName="DIEGO-PC" testType="13cdc9d9-ddb5-4fa4-a97d-d965ccfc6d4b" outcome="NotExecuted" testListId="8c84fa94-04c1-424b-9868-57a2d4851a1d" relativeResultsDirectory="587f60ad-087a-417b-9f04-d00d68df5d24">
    </UnitTestResult>
    <UnitTestResult executionId="99a58b28-964a-4365-8af4-76a2c61569c7" testId="52baea7e-b200-446e-6971-763252eb7cdd" testName="cargarHistoricoEstadosTest" computerName="DIEGO-PC" testType="13cdc9d9-ddb5-4fa4-a97d-d965ccfc6d4b" outcome="NotExecuted" testListId="8c84fa94-04c1-424b-9868-57a2d4851a1d" relativeResultsDirectory="99a58b28-964a-4365-8af4-76a2c61569c7">
    </UnitTestResult>
    <UnitTestResult executionId="7366b37e-3344-4ea6-93e7-b89be0754dec" testId="52d17b0e-d936-129e-43f3-078523a7b6ea" testName="actualizarClienteTest" computerName="DIEGO-PC" testType="13cdc9d9-ddb5-4fa4-a97d-d965ccfc6d4b" outcome="NotExecuted" testListId="8c84fa94-04c1-424b-9868-57a2d4851a1d" relativeResultsDirectory="7366b37e-3344-4ea6-93e7-b89be0754dec">
    </UnitTestResult>
    <UnitTestResult executionId="b8ead726-15ec-44b9-943d-dc88f066e7ef" testId="53977503-45e6-020c-cee1-a5a2bdcb3045" testName="borrarFamiliaTest" computerName="DIEGO-PC" testType="13cdc9d9-ddb5-4fa4-a97d-d965ccfc6d4b" outcome="NotExecuted" testListId="8c84fa94-04c1-424b-9868-57a2d4851a1d" relativeResultsDirectory="b8ead726-15ec-44b9-943d-dc88f066e7ef">
    </UnitTestResult>
    <UnitTestResult executionId="a53734a7-97bd-402a-aa7f-80ae4e954ffb" testId="53e8a9c8-96f4-eccd-a6cf-588d5c1fbc4b" testName="guardarArticuloTest" computerName="DIEGO-PC" testType="13cdc9d9-ddb5-4fa4-a97d-d965ccfc6d4b" outcome="NotExecuted" testListId="8c84fa94-04c1-424b-9868-57a2d4851a1d" relativeResultsDirectory="a53734a7-97bd-402a-aa7f-80ae4e954ffb">
    </UnitTestResult>
    <UnitTestResult executionId="9ab0c029-750e-454e-a656-738a5ed892b1" testId="53fb134c-9656-57a4-8598-b11e28cf481e" testName="actualizarMovimientoTest" computerName="DIEGO-PC" testType="13cdc9d9-ddb5-4fa4-a97d-d965ccfc6d4b" outcome="NotExecuted" testListId="8c84fa94-04c1-424b-9868-57a2d4851a1d" relativeResultsDirectory="9ab0c029-750e-454e-a656-738a5ed892b1">
    </UnitTestResult>
    <UnitTestResult executionId="86501383-27c8-4c07-861b-f68e6c8d46e2" testId="542e3d8e-c605-852a-af9b-310782faad08" testName="actualizarMaquinaTest" computerName="DIEGO-PC" testType="13cdc9d9-ddb5-4fa4-a97d-d965ccfc6d4b" outcome="NotExecuted" testListId="8c84fa94-04c1-424b-9868-57a2d4851a1d" relativeResultsDirectory="86501383-27c8-4c07-861b-f68e6c8d46e2">
    </UnitTestResult>
    <UnitTestResult executionId="e510c82d-6667-4d12-91a7-7a67fd6a820d" testId="55841f62-e499-c1d2-7702-e492ea6411db" testName="grabarInsumoTest" computerName="DIEGO-PC" testType="13cdc9d9-ddb5-4fa4-a97d-d965ccfc6d4b" outcome="NotExecuted" testListId="8c84fa94-04c1-424b-9868-57a2d4851a1d" relativeResultsDirectory="e510c82d-6667-4d12-91a7-7a67fd6a820d">
    </UnitTestResult>
    <UnitTestResult executionId="204e2e29-25c8-4937-a441-b1b172543a62" testId="5627da22-d5e7-edd9-24c7-79ea0acd3bdb" testName="buscarEncuestaTest" computerName="DIEGO-PC" testType="13cdc9d9-ddb5-4fa4-a97d-d965ccfc6d4b" outcome="NotExecuted" testListId="8c84fa94-04c1-424b-9868-57a2d4851a1d" relativeResultsDirectory="204e2e29-25c8-4937-a441-b1b172543a62">
    </UnitTestResult>
    <UnitTestResult executionId="b7721bf3-7e4e-4176-bb12-92984487293c" testId="57811f03-2314-dd80-537e-0ead8105505e" testName="actualizarProveedorTest" computerName="DIEGO-PC" testType="13cdc9d9-ddb5-4fa4-a97d-d965ccfc6d4b" outcome="NotExecuted" testListId="8c84fa94-04c1-424b-9868-57a2d4851a1d" relativeResultsDirectory="b7721bf3-7e4e-4176-bb12-92984487293c">
    </UnitTestResult>
    <UnitTestResult executionId="2898ef3d-dbc0-4124-a71a-a613dd54e012" testId="57822e73-41f0-97dd-bf29-4b1fd4ed053c" testName="actualizarMovimientosTest" computerName="DIEGO-PC" testType="13cdc9d9-ddb5-4fa4-a97d-d965ccfc6d4b" outcome="NotExecuted" testListId="8c84fa94-04c1-424b-9868-57a2d4851a1d" relativeResultsDirectory="2898ef3d-dbc0-4124-a71a-a613dd54e012">
    </UnitTestResult>
    <UnitTestResult executionId="068a4245-6ffd-4aa2-897e-4e6e7886a8af" testId="58008e3d-a662-382f-b6bd-ea56db2d0729" testName="buscarPrimerosHuecosMaquinaTest" computerName="DIEGO-PC" testType="13cdc9d9-ddb5-4fa4-a97d-d965ccfc6d4b" outcome="NotExecuted" testListId="8c84fa94-04c1-424b-9868-57a2d4851a1d" relativeResultsDirectory="068a4245-6ffd-4aa2-897e-4e6e7886a8af">
    </UnitTestResult>
    <UnitTestResult executionId="6430d092-2977-4127-b569-3320aa10a895" testId="583b72ae-47b9-5eaa-f8ea-320cdf69527e" testName="actualizarFamiliaPorObjetoTest" computerName="DIEGO-PC" testType="13cdc9d9-ddb5-4fa4-a97d-d965ccfc6d4b" outcome="NotExecuted" testListId="8c84fa94-04c1-424b-9868-57a2d4851a1d" relativeResultsDirectory="6430d092-2977-4127-b569-3320aa10a895">
    </UnitTestResult>
    <UnitTestResult executionId="78d59c6d-ee5e-4903-b188-795fc132d02d" testId="590fbd59-b150-d4b9-6a37-e409519e63c2" testName="buscarInsumosConRestriccionesTest" computerName="DIEGO-PC" testType="13cdc9d9-ddb5-4fa4-a97d-d965ccfc6d4b" outcome="NotExecuted" testListId="8c84fa94-04c1-424b-9868-57a2d4851a1d" relativeResultsDirectory="78d59c6d-ee5e-4903-b188-795fc132d02d">
    </UnitTestResult>
    <UnitTestResult executionId="fbf6977a-6789-40ab-82f7-cc753149fd5b" testId="59186e93-3595-d080-b439-d655c96ab973" testName="grabarUsuarioTest" computerName="DIEGO-PC" testType="13cdc9d9-ddb5-4fa4-a97d-d965ccfc6d4b" outcome="NotExecuted" testListId="8c84fa94-04c1-424b-9868-57a2d4851a1d" relativeResultsDirectory="fbf6977a-6789-40ab-82f7-cc753149fd5b">
    </UnitTestResult>
    <UnitTestResult executionId="44dda838-88ea-4fd9-86de-383b22aab259" testId="5973b42f-4391-99d3-6b49-5d351ffdd924" testName="listarInsumosPorCodigoTest" computerName="DIEGO-PC" testType="13cdc9d9-ddb5-4fa4-a97d-d965ccfc6d4b" outcome="NotExecuted" testListId="8c84fa94-04c1-424b-9868-57a2d4851a1d" relativeResultsDirectory="44dda838-88ea-4fd9-86de-383b22aab259">
    </UnitTestResult>
    <UnitTestResult executionId="54c6ba93-83f7-4493-bf2d-f31258eca5a1" testId="59ac30e1-edc3-3193-83d1-44bf47baeaf4" testName="modificarInsumoTest" computerName="DIEGO-PC" testType="13cdc9d9-ddb5-4fa4-a97d-d965ccfc6d4b" outcome="NotExecuted" testListId="8c84fa94-04c1-424b-9868-57a2d4851a1d" relativeResultsDirectory="54c6ba93-83f7-4493-bf2d-f31258eca5a1">
    </UnitTestResult>
    <UnitTestResult executionId="ebeeac64-fbea-4853-b5ba-226acc4d3526" testId="5a471128-b46d-a047-f96f-afe4f1f9ce56" testName="grabarMovimientosClienteTest" computerName="DIEGO-PC" testType="13cdc9d9-ddb5-4fa4-a97d-d965ccfc6d4b" outcome="NotExecuted" testListId="8c84fa94-04c1-424b-9868-57a2d4851a1d" relativeResultsDirectory="ebeeac64-fbea-4853-b5ba-226acc4d3526">
    </UnitTestResult>
    <UnitTestResult executionId="70fcb314-cce0-442e-8aa0-acfa7e126177" testId="5b45a836-b61f-3f4e-71ec-60865157f707" testName="modificarTest" computerName="DIEGO-PC" testType="13cdc9d9-ddb5-4fa4-a97d-d965ccfc6d4b" outcome="NotExecuted" testListId="8c84fa94-04c1-424b-9868-57a2d4851a1d" relativeResultsDirectory="70fcb314-cce0-442e-8aa0-acfa7e126177">
    </UnitTestResult>
    <UnitTestResult executionId="488e7785-9ad1-4cab-b1e8-22bf8892960b" testId="5b9bfc56-4cc5-173e-d51e-c0dfe65798ee" testName="actualizarTest" computerName="DIEGO-PC" testType="13cdc9d9-ddb5-4fa4-a97d-d965ccfc6d4b" outcome="NotExecuted" testListId="8c84fa94-04c1-424b-9868-57a2d4851a1d" relativeResultsDirectory="488e7785-9ad1-4cab-b1e8-22bf8892960b">
    </UnitTestResult>
    <UnitTestResult executionId="f92fde78-7fae-4019-8529-00f5966cfd42" testId="5bbb6d67-7645-c72a-0a3d-d422f73b22ec" testName="grabarPrendaTest" computerName="DIEGO-PC" testType="13cdc9d9-ddb5-4fa4-a97d-d965ccfc6d4b" outcome="NotExecuted" testListId="8c84fa94-04c1-424b-9868-57a2d4851a1d" relativeResultsDirectory="f92fde78-7fae-4019-8529-00f5966cfd42">
    </UnitTestResult>
    <UnitTestResult executionId="e6a8f595-bcb6-49d5-95cc-ae24dd04fd29" testId="5bc580ea-e8dc-d81d-d20e-846c482c1228" testName="grabarOperadorTest" computerName="DIEGO-PC" testType="13cdc9d9-ddb5-4fa4-a97d-d965ccfc6d4b" outcome="NotExecuted" testListId="8c84fa94-04c1-424b-9868-57a2d4851a1d" relativeResultsDirectory="e6a8f595-bcb6-49d5-95cc-ae24dd04fd29">
    </UnitTestResult>
    <UnitTestResult executionId="7b77daa1-60f9-4f9c-9b08-2a26331c01e0" testId="5bcfcf35-a297-ce16-b906-540d8e2e0904" testName="actualizaArticuloTest" computerName="DIEGO-PC" testType="13cdc9d9-ddb5-4fa4-a97d-d965ccfc6d4b" outcome="NotExecuted" testListId="8c84fa94-04c1-424b-9868-57a2d4851a1d" relativeResultsDirectory="7b77daa1-60f9-4f9c-9b08-2a26331c01e0">
    </UnitTestResult>
    <UnitTestResult executionId="3cb23afe-8490-45b6-82d5-62970bff92b6" testId="5be9d1df-2b36-1659-9ba5-a87863ccb63a" testName="GrabarDiseñoTest" computerName="DIEGO-PC" testType="13cdc9d9-ddb5-4fa4-a97d-d965ccfc6d4b" outcome="NotExecuted" testListId="8c84fa94-04c1-424b-9868-57a2d4851a1d" relativeResultsDirectory="3cb23afe-8490-45b6-82d5-62970bff92b6">
    </UnitTestResult>
    <UnitTestResult executionId="bc686576-a869-44e2-9457-5277932bfc94" testId="5c26e5bc-173f-d60e-f76c-ab3d9a4b4531" testName="buscarPrimerosHuecosMaquinaTest5" computerName="DIEGO-PC" testType="13cdc9d9-ddb5-4fa4-a97d-d965ccfc6d4b" outcome="NotExecuted" testListId="8c84fa94-04c1-424b-9868-57a2d4851a1d" relativeResultsDirectory="bc686576-a869-44e2-9457-5277932bfc94">
    </UnitTestResult>
    <UnitTestResult executionId="2cabf1f9-95d5-4d05-8bbb-0b6f719eef68" testId="5c85b597-4b7a-176d-3dac-461f2d66fe1b" testName="buscarPorDescripcionTest" computerName="DIEGO-PC" testType="13cdc9d9-ddb5-4fa4-a97d-d965ccfc6d4b" outcome="NotExecuted" testListId="8c84fa94-04c1-424b-9868-57a2d4851a1d" relativeResultsDirectory="2cabf1f9-95d5-4d05-8bbb-0b6f719eef68">
    </UnitTestResult>
    <UnitTestResult executionId="0baa7fa3-7ee8-4f2b-beb5-f8a8aa2dd156" testId="5d206a37-78a3-f908-c018-7a5a53253c75" testName="buscarInsumosTest" computerName="DIEGO-PC" testType="13cdc9d9-ddb5-4fa4-a97d-d965ccfc6d4b" outcome="NotExecuted" testListId="8c84fa94-04c1-424b-9868-57a2d4851a1d" relativeResultsDirectory="0baa7fa3-7ee8-4f2b-beb5-f8a8aa2dd156">
    </UnitTestResult>
    <UnitTestResult executionId="5efd8d85-9206-4a6b-9638-1f88855280e0" testId="5d5c620b-143e-df44-c141-574eca133b7a" testName="borrarInsumoTest" computerName="DIEGO-PC" testType="13cdc9d9-ddb5-4fa4-a97d-d965ccfc6d4b" outcome="NotExecuted" testListId="8c84fa94-04c1-424b-9868-57a2d4851a1d" relativeResultsDirectory="5efd8d85-9206-4a6b-9638-1f88855280e0">
    </UnitTestResult>
    <UnitTestResult executionId="4a7f30c2-2670-4165-9e60-9ac1ca248bfe" testId="5e0dec84-1eed-840d-bf51-237b2ddbdebf" testName="modificarListaPrecioTest" computerName="DIEGO-PC" testType="13cdc9d9-ddb5-4fa4-a97d-d965ccfc6d4b" outcome="NotExecuted" testListId="8c84fa94-04c1-424b-9868-57a2d4851a1d" relativeResultsDirectory="4a7f30c2-2670-4165-9e60-9ac1ca248bfe">
    </UnitTestResult>
    <UnitTestResult executionId="71b37bac-58b2-4165-8cf5-aabadbae62ed" testId="5e39e02d-2b70-3982-2130-96924fff6d81" testName="listarProduccionPorFechasTest" computerName="DIEGO-PC" testType="13cdc9d9-ddb5-4fa4-a97d-d965ccfc6d4b" outcome="NotExecuted" testListId="8c84fa94-04c1-424b-9868-57a2d4851a1d" relativeResultsDirectory="71b37bac-58b2-4165-8cf5-aabadbae62ed">
    </UnitTestResult>
    <UnitTestResult executionId="56026e49-a402-4939-a739-4efa55b9467c" testId="5f0d0749-3ebf-18a9-df3b-b2af8e5ec0eb" testName="actualizarUsuarioTest" computerName="DIEGO-PC" testType="13cdc9d9-ddb5-4fa4-a97d-d965ccfc6d4b" outcome="NotExecuted" testListId="8c84fa94-04c1-424b-9868-57a2d4851a1d" relativeResultsDirectory="56026e49-a402-4939-a739-4efa55b9467c">
    </UnitTestResult>
    <UnitTestResult executionId="053a2e3a-0e4a-4ce4-8b4c-61921a60f53c" testId="5f6ca830-a7f5-404d-2afc-b5fe8dc971de" testName="buscarMovimintosTest" computerName="DIEGO-PC" testType="13cdc9d9-ddb5-4fa4-a97d-d965ccfc6d4b" outcome="NotExecuted" testListId="8c84fa94-04c1-424b-9868-57a2d4851a1d" relativeResultsDirectory="053a2e3a-0e4a-4ce4-8b4c-61921a60f53c">
    </UnitTestResult>
    <UnitTestResult executionId="96dfe358-3938-422d-a04f-beceb91a42e2" testId="5fd39f80-1bc2-a1e7-8064-c0ed0e813279" testName="borrarTipoPedidosTest" computerName="DIEGO-PC" testType="13cdc9d9-ddb5-4fa4-a97d-d965ccfc6d4b" outcome="NotExecuted" testListId="8c84fa94-04c1-424b-9868-57a2d4851a1d" relativeResultsDirectory="96dfe358-3938-422d-a04f-beceb91a42e2">
    </UnitTestResult>
    <UnitTestResult executionId="be12c69d-38f6-4d90-927c-7ee8760dba82" testId="5fe3519a-06e9-4436-0b1a-0afc24033be0" testName="calcularDistanciaEntreTrabajosTest2" computerName="DIEGO-PC" testType="13cdc9d9-ddb5-4fa4-a97d-d965ccfc6d4b" outcome="NotExecuted" testListId="8c84fa94-04c1-424b-9868-57a2d4851a1d" relativeResultsDirectory="be12c69d-38f6-4d90-927c-7ee8760dba82">
    </UnitTestResult>
    <UnitTestResult executionId="f5504ed9-0116-485f-a9cc-547b7454fed9" testId="5ffe0bd0-6148-b429-44ab-e9d370687b86" testName="cargarLineasPorOrdenDeCompraTest" computerName="DIEGO-PC" testType="13cdc9d9-ddb5-4fa4-a97d-d965ccfc6d4b" outcome="NotExecuted" testListId="8c84fa94-04c1-424b-9868-57a2d4851a1d" relativeResultsDirectory="f5504ed9-0116-485f-a9cc-547b7454fed9">
    </UnitTestResult>
    <UnitTestResult executionId="5664bd3a-531a-4c21-987c-73ccd2bff22a" testId="601e990e-751d-e263-ef32-4be40187ef20" testName="listarUsuariosTest" computerName="DIEGO-PC" testType="13cdc9d9-ddb5-4fa4-a97d-d965ccfc6d4b" outcome="NotExecuted" testListId="8c84fa94-04c1-424b-9868-57a2d4851a1d" relativeResultsDirectory="5664bd3a-531a-4c21-987c-73ccd2bff22a">
    </UnitTestResult>
    <UnitTestResult executionId="fa10a6fd-9af1-4f14-a543-cead4ce16084" testId="6195d611-24d3-4e42-5b11-b2da792448d4" testName="grabarMovimientoTest" computerName="DIEGO-PC" testType="13cdc9d9-ddb5-4fa4-a97d-d965ccfc6d4b" outcome="NotExecuted" testListId="8c84fa94-04c1-424b-9868-57a2d4851a1d" relativeResultsDirectory="fa10a6fd-9af1-4f14-a543-cead4ce16084">
    </UnitTestResult>
    <UnitTestResult executionId="14bd2345-f5d5-4ed6-9571-faf3e70d298a" testId="61c2c67d-a8aa-50cc-81fa-b25eafff855b" testName="listarProduccionPorCodigoTest" computerName="DIEGO-PC" testType="13cdc9d9-ddb5-4fa4-a97d-d965ccfc6d4b" outcome="NotExecuted" testListId="8c84fa94-04c1-424b-9868-57a2d4851a1d" relativeResultsDirectory="14bd2345-f5d5-4ed6-9571-faf3e70d298a">
    </UnitTestResult>
    <UnitTestResult executionId="7521476a-5acb-4ce5-94aa-794abad99a42" testId="62392e62-abcf-2bb0-a872-aa102226687e" testName="borrarClienteTest" computerName="DIEGO-PC" testType="13cdc9d9-ddb5-4fa4-a97d-d965ccfc6d4b" outcome="NotExecuted" testListId="8c84fa94-04c1-424b-9868-57a2d4851a1d" relativeResultsDirectory="7521476a-5acb-4ce5-94aa-794abad99a42">
    </UnitTestResult>
    <UnitTestResult executionId="8fc26c6e-9764-4565-ba9b-2a69ed6f2307" testId="62f6b994-f314-dfaa-2382-4b70b0820150" testName="listarArticulosTest" computerName="DIEGO-PC" testType="13cdc9d9-ddb5-4fa4-a97d-d965ccfc6d4b" outcome="NotExecuted" testListId="8c84fa94-04c1-424b-9868-57a2d4851a1d" relativeResultsDirectory="8fc26c6e-9764-4565-ba9b-2a69ed6f2307">
    </UnitTestResult>
    <UnitTestResult executionId="f786ae1e-e8eb-4ad2-9409-53c1d832daea" testId="645f3b20-4ed4-9fc8-0db6-f5c22e3f0ef4" testName="listarProduccionPorPedidoTest" computerName="DIEGO-PC" testType="13cdc9d9-ddb5-4fa4-a97d-d965ccfc6d4b" outcome="NotExecuted" testListId="8c84fa94-04c1-424b-9868-57a2d4851a1d" relativeResultsDirectory="f786ae1e-e8eb-4ad2-9409-53c1d832daea">
    </UnitTestResult>
    <UnitTestResult executionId="679f0604-3e8a-4942-a3bc-42c695e6242a" testId="64c5f523-bd77-dde6-863d-1ca40834d636" testName="borrarNewsletterTest" computerName="DIEGO-PC" testType="13cdc9d9-ddb5-4fa4-a97d-d965ccfc6d4b" outcome="NotExecuted" testListId="8c84fa94-04c1-424b-9868-57a2d4851a1d" relativeResultsDirectory="679f0604-3e8a-4942-a3bc-42c695e6242a">
    </UnitTestResult>
    <UnitTestResult executionId="b5aad5b8-93f7-478d-9614-d267608c8a1c" testId="653a7294-5203-6cdc-ff9d-6ea30ca26aa9" testName="grabarInsumoTest" computerName="DIEGO-PC" testType="13cdc9d9-ddb5-4fa4-a97d-d965ccfc6d4b" outcome="NotExecuted" testListId="8c84fa94-04c1-424b-9868-57a2d4851a1d" relativeResultsDirectory="b5aad5b8-93f7-478d-9614-d267608c8a1c">
    </UnitTestResult>
    <UnitTestResult executionId="0e188f67-9ea5-4644-93d4-d617850225e5" testId="65cf3506-53bd-487b-cba6-ed8ab00a65a4" testName="cargarLineasFacturaConRestriccionTest" computerName="DIEGO-PC" testType="13cdc9d9-ddb5-4fa4-a97d-d965ccfc6d4b" outcome="NotExecuted" testListId="8c84fa94-04c1-424b-9868-57a2d4851a1d" relativeResultsDirectory="0e188f67-9ea5-4644-93d4-d617850225e5">
    </UnitTestResult>
    <UnitTestResult executionId="8e230db9-7f5a-42e4-8b29-42a1df82342f" testId="65f33339-f5f5-af8d-e74e-57a59876466d" testName="cargarListaPrecioTest" computerName="DIEGO-PC" testType="13cdc9d9-ddb5-4fa4-a97d-d965ccfc6d4b" outcome="NotExecuted" testListId="8c84fa94-04c1-424b-9868-57a2d4851a1d" relativeResultsDirectory="8e230db9-7f5a-42e4-8b29-42a1df82342f">
    </UnitTestResult>
    <UnitTestResult executionId="50b4d7ba-d2bf-4a3a-8c8a-e820b20c2565" testId="66671db1-8d6b-13a4-a97e-68474a20ccf4" testName="actualizarPedidoTest" computerName="DIEGO-PC" testType="13cdc9d9-ddb5-4fa4-a97d-d965ccfc6d4b" outcome="NotExecuted" testListId="8c84fa94-04c1-424b-9868-57a2d4851a1d" relativeResultsDirectory="50b4d7ba-d2bf-4a3a-8c8a-e820b20c2565">
    </UnitTestResult>
    <UnitTestResult executionId="45f411c2-e764-4f19-abf4-4fd24c04f7d3" testId="66a338ec-66f0-37fa-1bf3-601efb395594" testName="listarPedidosPorClienteTest" computerName="DIEGO-PC" testType="13cdc9d9-ddb5-4fa4-a97d-d965ccfc6d4b" outcome="NotExecuted" testListId="8c84fa94-04c1-424b-9868-57a2d4851a1d" relativeResultsDirectory="45f411c2-e764-4f19-abf4-4fd24c04f7d3">
    </UnitTestResult>
    <UnitTestResult executionId="bf65b489-7986-40ef-8462-53e41ae2bf1f" testId="66accf62-c8b1-294a-c12d-5fcb04e3bddf" testName="cargarFacturasTest" computerName="DIEGO-PC" testType="13cdc9d9-ddb5-4fa4-a97d-d965ccfc6d4b" outcome="NotExecuted" testListId="8c84fa94-04c1-424b-9868-57a2d4851a1d" relativeResultsDirectory="bf65b489-7986-40ef-8462-53e41ae2bf1f">
    </UnitTestResult>
    <UnitTestResult executionId="a610442e-b58b-4bba-96be-be1fe5cb2685" testId="67103975-0d80-6dc0-3e73-31c64db0977f" testName="grabarInsumoTest" computerName="DIEGO-PC" testType="13cdc9d9-ddb5-4fa4-a97d-d965ccfc6d4b" outcome="NotExecuted" testListId="8c84fa94-04c1-424b-9868-57a2d4851a1d" relativeResultsDirectory="a610442e-b58b-4bba-96be-be1fe5cb2685">
    </UnitTestResult>
    <UnitTestResult executionId="b3f0e951-068e-42bb-8903-4ac5f71867c9" testId="68862084-d3f3-3b6a-8d1d-63a8120425c8" testName="actualizarFamiliaTest" computerName="DIEGO-PC" testType="13cdc9d9-ddb5-4fa4-a97d-d965ccfc6d4b" outcome="NotExecuted" testListId="8c84fa94-04c1-424b-9868-57a2d4851a1d" relativeResultsDirectory="b3f0e951-068e-42bb-8903-4ac5f71867c9">
    </UnitTestResult>
    <UnitTestResult executionId="0b6a6dc5-6d89-47ff-a48a-534199100d43" testId="688ff74d-915e-d560-41c3-a70549298345" testName="borrarMovimientosClienteTest" computerName="DIEGO-PC" testType="13cdc9d9-ddb5-4fa4-a97d-d965ccfc6d4b" outcome="NotExecuted" testListId="8c84fa94-04c1-424b-9868-57a2d4851a1d" relativeResultsDirectory="0b6a6dc5-6d89-47ff-a48a-534199100d43">
    </UnitTestResult>
    <UnitTestResult executionId="7887795b-91c2-4352-9250-c1e2925a044f" testId="69fa372c-7458-f7f0-5041-7bf40151831d" testName="cargarMovimientosTest" computerName="DIEGO-PC" testType="13cdc9d9-ddb5-4fa4-a97d-d965ccfc6d4b" outcome="NotExecuted" testListId="8c84fa94-04c1-424b-9868-57a2d4851a1d" relativeResultsDirectory="7887795b-91c2-4352-9250-c1e2925a044f">
    </UnitTestResult>
    <UnitTestResult executionId="ab223c73-b75c-4491-adf6-8212d4c78578" testId="6b7c36cd-44f4-1879-c115-f544d495b61e" testName="cargarFamiliasTest" computerName="DIEGO-PC" testType="13cdc9d9-ddb5-4fa4-a97d-d965ccfc6d4b" outcome="NotExecuted" testListId="8c84fa94-04c1-424b-9868-57a2d4851a1d" relativeResultsDirectory="ab223c73-b75c-4491-adf6-8212d4c78578">
    </UnitTestResult>
    <UnitTestResult executionId="ec0c690d-3389-46d9-aa7b-eadcacd9aa7c" testId="6c508edd-f42b-c301-6d53-7fe205a52a0b" testName="listarPedidosTest" computerName="DIEGO-PC" testType="13cdc9d9-ddb5-4fa4-a97d-d965ccfc6d4b" outcome="NotExecuted" testListId="8c84fa94-04c1-424b-9868-57a2d4851a1d" relativeResultsDirectory="ec0c690d-3389-46d9-aa7b-eadcacd9aa7c">
    </UnitTestResult>
    <UnitTestResult executionId="16612752-3fc4-4076-981c-f73cdc9c9c05" testId="6c77fe8d-a8b3-4efd-1e3d-013b12293f74" testName="borrarListaPrecioTest" computerName="DIEGO-PC" testType="13cdc9d9-ddb5-4fa4-a97d-d965ccfc6d4b" outcome="NotExecuted" testListId="8c84fa94-04c1-424b-9868-57a2d4851a1d" relativeResultsDirectory="16612752-3fc4-4076-981c-f73cdc9c9c05">
    </UnitTestResult>
    <UnitTestResult executionId="3a37e494-75d8-4247-8035-3d9991a03d97" testId="6cf16972-5184-bd8a-3b41-bb02c50f3e4c" testName="calcularFinalizacionTest3" computerName="DIEGO-PC" testType="13cdc9d9-ddb5-4fa4-a97d-d965ccfc6d4b" outcome="NotExecuted" testListId="8c84fa94-04c1-424b-9868-57a2d4851a1d" relativeResultsDirectory="3a37e494-75d8-4247-8035-3d9991a03d97">
    </UnitTestResult>
    <UnitTestResult executionId="1e31c4f9-507b-4728-83ad-0048b5008c24" testId="6dbb761e-cbdb-2c43-0c61-55938d83de19" testName="cargarLineasFacturaTest" computerName="DIEGO-PC" testType="13cdc9d9-ddb5-4fa4-a97d-d965ccfc6d4b" outcome="NotExecuted" testListId="8c84fa94-04c1-424b-9868-57a2d4851a1d" relativeResultsDirectory="1e31c4f9-507b-4728-83ad-0048b5008c24">
    </UnitTestResult>
    <UnitTestResult executionId="13a31daa-a439-49e6-a0a9-0ff912853177" testId="6e20bc5d-0f12-b6d7-ba69-ad542caad9f6" testName="modificarHistoricoEstadosTest" computerName="DIEGO-PC" testType="13cdc9d9-ddb5-4fa4-a97d-d965ccfc6d4b" outcome="NotExecuted" testListId="8c84fa94-04c1-424b-9868-57a2d4851a1d" relativeResultsDirectory="13a31daa-a439-49e6-a0a9-0ff912853177">
    </UnitTestResult>
    <UnitTestResult executionId="ad44e9b8-e681-4e5e-be7e-55d0c8612af8" testId="6fccfc0c-3386-fa76-9bb6-5cb2884d04d6" testName="grabarNuevoPedidoTest" computerName="DIEGO-PC" testType="13cdc9d9-ddb5-4fa4-a97d-d965ccfc6d4b" outcome="NotExecuted" testListId="8c84fa94-04c1-424b-9868-57a2d4851a1d" relativeResultsDirectory="ad44e9b8-e681-4e5e-be7e-55d0c8612af8">
    </UnitTestResult>
    <UnitTestResult executionId="404e079e-ab52-4ed8-aa2f-df85d6a6b21b" testId="70dba011-1aa4-3fb1-b8c2-fb8d0666bd55" testName="actualizarUsuarioTest" computerName="DIEGO-PC" testType="13cdc9d9-ddb5-4fa4-a97d-d965ccfc6d4b" outcome="NotExecuted" testListId="8c84fa94-04c1-424b-9868-57a2d4851a1d" relativeResultsDirectory="404e079e-ab52-4ed8-aa2f-df85d6a6b21b">
    </UnitTestResult>
    <UnitTestResult executionId="39475653-fd17-4545-b09a-cd5957abd9bc" testId="7187fc52-08ae-19d9-62d2-a1273ba98de3" testName="listarArticulosPorPrendaTest" computerName="DIEGO-PC" testType="13cdc9d9-ddb5-4fa4-a97d-d965ccfc6d4b" outcome="NotExecuted" testListId="8c84fa94-04c1-424b-9868-57a2d4851a1d" relativeResultsDirectory="39475653-fd17-4545-b09a-cd5957abd9bc">
    </UnitTestResult>
    <UnitTestResult executionId="25e330c6-768e-433f-9a20-3fcf93a64707" testId="71db679d-9cd7-f55e-94f9-ae66c93fc299" testName="actualizarMaquinaTest" computerName="DIEGO-PC" testType="13cdc9d9-ddb5-4fa4-a97d-d965ccfc6d4b" outcome="NotExecuted" testListId="8c84fa94-04c1-424b-9868-57a2d4851a1d" relativeResultsDirectory="25e330c6-768e-433f-9a20-3fcf93a64707">
    </UnitTestResult>
    <UnitTestResult executionId="c6bdd31b-e5c1-4cb7-81f9-207177326165" testId="723aff45-3bd6-6949-d938-d2ccbc2f388d" testName="buscarProveedoresPorNombreTest" computerName="DIEGO-PC" testType="13cdc9d9-ddb5-4fa4-a97d-d965ccfc6d4b" outcome="NotExecuted" testListId="8c84fa94-04c1-424b-9868-57a2d4851a1d" relativeResultsDirectory="c6bdd31b-e5c1-4cb7-81f9-207177326165">
    </UnitTestResult>
    <UnitTestResult executionId="b50f28d2-1415-4c82-bc27-a4a0c8b55ebb" testId="72b264c8-79c9-9087-ae9e-47c332dbaa6d" testName="listaPatentesPorFamiliaTest" computerName="DIEGO-PC" testType="13cdc9d9-ddb5-4fa4-a97d-d965ccfc6d4b" outcome="NotExecuted" testListId="8c84fa94-04c1-424b-9868-57a2d4851a1d" relativeResultsDirectory="b50f28d2-1415-4c82-bc27-a4a0c8b55ebb">
    </UnitTestResult>
    <UnitTestResult executionId="edd27b17-7eaa-4250-bccd-393a1a61ac98" testId="75cbbdb7-6249-18c8-32b2-1920235c1d97" testName="listarInsumosPorCodigoTest" computerName="DIEGO-PC" testType="13cdc9d9-ddb5-4fa4-a97d-d965ccfc6d4b" outcome="NotExecuted" testListId="8c84fa94-04c1-424b-9868-57a2d4851a1d" relativeResultsDirectory="edd27b17-7eaa-4250-bccd-393a1a61ac98">
    </UnitTestResult>
    <UnitTestResult executionId="9897ee77-b87c-4004-8054-369027d48fd9" testId="75ff0c72-ae5b-a30a-d444-42d5bfa7ed8d" testName="buscarOpinionesPorCriterioTest" computerName="DIEGO-PC" testType="13cdc9d9-ddb5-4fa4-a97d-d965ccfc6d4b" outcome="NotExecuted" testListId="8c84fa94-04c1-424b-9868-57a2d4851a1d" relativeResultsDirectory="9897ee77-b87c-4004-8054-369027d48fd9">
    </UnitTestResult>
    <UnitTestResult executionId="6897a3b8-95df-4979-ab57-c0920de8669c" testId="76669914-042a-1066-d597-b186fff6c621" testName="grabarUsuarioTest" computerName="DIEGO-PC" testType="13cdc9d9-ddb5-4fa4-a97d-d965ccfc6d4b" outcome="NotExecuted" testListId="8c84fa94-04c1-424b-9868-57a2d4851a1d" relativeResultsDirectory="6897a3b8-95df-4979-ab57-c0920de8669c">
    </UnitTestResult>
    <UnitTestResult executionId="7b617a61-7ec5-4963-aa20-81810e5988a4" testId="77619216-98fe-f01d-d92b-ae2614d5a7c1" testName="buscarPorIdTest" computerName="DIEGO-PC" testType="13cdc9d9-ddb5-4fa4-a97d-d965ccfc6d4b" outcome="NotExecuted" testListId="8c84fa94-04c1-424b-9868-57a2d4851a1d" relativeResultsDirectory="7b617a61-7ec5-4963-aa20-81810e5988a4">
    </UnitTestResult>
    <UnitTestResult executionId="5f684ae7-2da8-491c-a96c-af5816793f65" testId="776c9b88-b138-d6aa-dd32-a876a9437025" testName="listarNewsletterTest" computerName="DIEGO-PC" testType="13cdc9d9-ddb5-4fa4-a97d-d965ccfc6d4b" outcome="NotExecuted" testListId="8c84fa94-04c1-424b-9868-57a2d4851a1d" relativeResultsDirectory="5f684ae7-2da8-491c-a96c-af5816793f65">
    </UnitTestResult>
    <UnitTestResult executionId="85ee2789-8b64-4238-9226-0af004fafd66" testId="77a70718-b08f-850c-1bf3-10dbbe443592" testName="actualizaOrdenDeCompraTest" computerName="DIEGO-PC" testType="13cdc9d9-ddb5-4fa4-a97d-d965ccfc6d4b" outcome="NotExecuted" testListId="8c84fa94-04c1-424b-9868-57a2d4851a1d" relativeResultsDirectory="85ee2789-8b64-4238-9226-0af004fafd66">
    </UnitTestResult>
    <UnitTestResult executionId="67ac1e5a-c58e-4ff2-8bd2-62f0c071e0cd" testId="78d51b31-e137-cc46-4586-32e7fc15993b" testName="BuscarDiseñosTest" computerName="DIEGO-PC" testType="13cdc9d9-ddb5-4fa4-a97d-d965ccfc6d4b" outcome="NotExecuted" testListId="8c84fa94-04c1-424b-9868-57a2d4851a1d" relativeResultsDirectory="67ac1e5a-c58e-4ff2-8bd2-62f0c071e0cd">
    </UnitTestResult>
    <UnitTestResult executionId="83bdac66-8b1c-4497-bdc9-8b556185ba52" testId="79432a3c-09ad-494a-94b0-409081b91296" testName="cargarLineasPorFacturaTest" computerName="DIEGO-PC" testType="13cdc9d9-ddb5-4fa4-a97d-d965ccfc6d4b" outcome="NotExecuted" testListId="8c84fa94-04c1-424b-9868-57a2d4851a1d" relativeResultsDirectory="83bdac66-8b1c-4497-bdc9-8b556185ba52">
    </UnitTestResult>
    <UnitTestResult executionId="3d8d0e66-c8e4-4310-87e2-ed31d19e1090" testId="79b9204c-aeda-7048-42ac-c6faee468388" testName="listarProveedoresTest" computerName="DIEGO-PC" testType="13cdc9d9-ddb5-4fa4-a97d-d965ccfc6d4b" outcome="NotExecuted" testListId="8c84fa94-04c1-424b-9868-57a2d4851a1d" relativeResultsDirectory="3d8d0e66-c8e4-4310-87e2-ed31d19e1090">
    </UnitTestResult>
    <UnitTestResult executionId="2a1db21d-ca01-4848-85c4-83c45c3e9e24" testId="79fcf63f-8b0d-33c2-c15a-b70a52cca16c" testName="grabarArticulosTest" computerName="DIEGO-PC" testType="13cdc9d9-ddb5-4fa4-a97d-d965ccfc6d4b" outcome="NotExecuted" testListId="8c84fa94-04c1-424b-9868-57a2d4851a1d" relativeResultsDirectory="2a1db21d-ca01-4848-85c4-83c45c3e9e24">
    </UnitTestResult>
    <UnitTestResult executionId="7d8ae721-0689-4a80-a0ac-8295ba59284f" testId="7a2f5966-e3a2-2a72-e68e-2d6083996de2" testName="buscarPrimerosHuecosMaquinaTest2" computerName="DIEGO-PC" testType="13cdc9d9-ddb5-4fa4-a97d-d965ccfc6d4b" outcome="NotExecuted" testListId="8c84fa94-04c1-424b-9868-57a2d4851a1d" relativeResultsDirectory="7d8ae721-0689-4a80-a0ac-8295ba59284f">
    </UnitTestResult>
    <UnitTestResult executionId="60a3b3cd-c639-4b49-91f5-4caffe97beb9" testId="7a5f4dc9-0c0b-a16a-647b-478ba12b4828" testName="buscarNewsletterPorIdTest" computerName="DIEGO-PC" testType="13cdc9d9-ddb5-4fa4-a97d-d965ccfc6d4b" outcome="NotExecuted" testListId="8c84fa94-04c1-424b-9868-57a2d4851a1d" relativeResultsDirectory="60a3b3cd-c639-4b49-91f5-4caffe97beb9">
    </UnitTestResult>
    <UnitTestResult executionId="43f5819b-da25-44d7-abd5-ca205488cb2c" testId="7eda418a-e258-a33c-7890-73630dd7266c" testName="modificarFacturasTest" computerName="DIEGO-PC" testType="13cdc9d9-ddb5-4fa4-a97d-d965ccfc6d4b" outcome="NotExecuted" testListId="8c84fa94-04c1-424b-9868-57a2d4851a1d" relativeResultsDirectory="43f5819b-da25-44d7-abd5-ca205488cb2c">
    </UnitTestResult>
    <UnitTestResult executionId="9e8a10b0-e82d-446a-8170-028279bfa92a" testId="7ef8ab41-162c-76bc-02f7-a575f043f7e4" testName="grabarMovimientosTest" computerName="DIEGO-PC" testType="13cdc9d9-ddb5-4fa4-a97d-d965ccfc6d4b" outcome="NotExecuted" testListId="8c84fa94-04c1-424b-9868-57a2d4851a1d" relativeResultsDirectory="9e8a10b0-e82d-446a-8170-028279bfa92a">
    </UnitTestResult>
    <UnitTestResult executionId="f9ef49ee-b999-44cd-b6a7-ed03260ab4b8" testId="7f0052b2-2fa5-1442-5124-403810b2060e" testName="listarOrdenDeComprasPorProveedorTest" computerName="DIEGO-PC" testType="13cdc9d9-ddb5-4fa4-a97d-d965ccfc6d4b" outcome="NotExecuted" testListId="8c84fa94-04c1-424b-9868-57a2d4851a1d" relativeResultsDirectory="f9ef49ee-b999-44cd-b6a7-ed03260ab4b8">
    </UnitTestResult>
    <UnitTestResult executionId="63b34ca2-5b7b-4983-bec9-4189dc1d5976" testId="7f10aeee-1e6d-047f-bf86-9fb35cb9cbd0" testName="buscarPrendasPorIDTest" computerName="DIEGO-PC" testType="13cdc9d9-ddb5-4fa4-a97d-d965ccfc6d4b" outcome="NotExecuted" testListId="8c84fa94-04c1-424b-9868-57a2d4851a1d" relativeResultsDirectory="63b34ca2-5b7b-4983-bec9-4189dc1d5976">
    </UnitTestResult>
    <UnitTestResult executionId="ff7fd2f0-b860-4d4b-8136-aa1bd6c0fa25" testId="7f31f25c-e328-77fa-dde7-0ee6e5a7e366" testName="listarUsuariosTest" computerName="DIEGO-PC" testType="13cdc9d9-ddb5-4fa4-a97d-d965ccfc6d4b" outcome="NotExecuted" testListId="8c84fa94-04c1-424b-9868-57a2d4851a1d" relativeResultsDirectory="ff7fd2f0-b860-4d4b-8136-aa1bd6c0fa25">
    </UnitTestResult>
    <UnitTestResult executionId="73e1aac3-5587-4150-a54f-784a74186748" testId="80476086-aaaa-ba28-a4dc-0972defbe8bb" testName="GrabarDiseñoTest1" computerName="DIEGO-PC" testType="13cdc9d9-ddb5-4fa4-a97d-d965ccfc6d4b" outcome="NotExecuted" testListId="8c84fa94-04c1-424b-9868-57a2d4851a1d" relativeResultsDirectory="73e1aac3-5587-4150-a54f-784a74186748">
    </UnitTestResult>
    <UnitTestResult executionId="c700f24a-163d-43a9-bcca-7e6a595e89dc" testId="80e94a1b-f37e-ea8a-5357-ae59cc6e5e45" testName="buscarPrendasPorIDTest" computerName="DIEGO-PC" testType="13cdc9d9-ddb5-4fa4-a97d-d965ccfc6d4b" outcome="NotExecuted" testListId="8c84fa94-04c1-424b-9868-57a2d4851a1d" relativeResultsDirectory="c700f24a-163d-43a9-bcca-7e6a595e89dc">
    </UnitTestResult>
    <UnitTestResult executionId="939afa81-eaeb-4792-b933-9498e317aa6c" testId="81b50b2a-4878-5c02-6765-8402ba293155" testName="actualizarProduccionOperadorTDGTest" computerName="DIEGO-PC" testType="13cdc9d9-ddb5-4fa4-a97d-d965ccfc6d4b" outcome="NotExecuted" testListId="8c84fa94-04c1-424b-9868-57a2d4851a1d" relativeResultsDirectory="939afa81-eaeb-4792-b933-9498e317aa6c">
    </UnitTestResult>
    <UnitTestResult executionId="835c017d-c9ff-43ea-ac6f-125b2edff621" testId="82c5d364-01e4-3d1f-8a3c-419d68a3ff5f" testName="listarPedidosPorClienteTest" computerName="DIEGO-PC" testType="13cdc9d9-ddb5-4fa4-a97d-d965ccfc6d4b" outcome="NotExecuted" testListId="8c84fa94-04c1-424b-9868-57a2d4851a1d" relativeResultsDirectory="835c017d-c9ff-43ea-ac6f-125b2edff621">
    </UnitTestResult>
    <UnitTestResult executionId="88b342d4-0ffc-4d3f-8e5d-2032aee33be1" testId="83ce9798-d52f-2f3d-8537-200546cde5a9" testName="listarPedidosConRestriccionTest" computerName="DIEGO-PC" testType="13cdc9d9-ddb5-4fa4-a97d-d965ccfc6d4b" outcome="NotExecuted" testListId="8c84fa94-04c1-424b-9868-57a2d4851a1d" relativeResultsDirectory="88b342d4-0ffc-4d3f-8e5d-2032aee33be1">
    </UnitTestResult>
    <UnitTestResult executionId="7cb97ced-887c-4ba0-9189-4ef2ac108040" testId="84b841c4-bb70-5525-3ae9-fa35ed11627d" testName="cargarUsuarioTest" computerName="DIEGO-PC" testType="13cdc9d9-ddb5-4fa4-a97d-d965ccfc6d4b" outcome="NotExecuted" testListId="8c84fa94-04c1-424b-9868-57a2d4851a1d" relativeResultsDirectory="7cb97ced-887c-4ba0-9189-4ef2ac108040">
    </UnitTestResult>
    <UnitTestResult executionId="24b3f07d-cbf9-4eda-b9bd-8e3e1b7e528a" testId="851b9d78-997d-9c75-eab0-197fa14a11f0" testName="grabarTest" computerName="DIEGO-PC" testType="13cdc9d9-ddb5-4fa4-a97d-d965ccfc6d4b" outcome="NotExecuted" testListId="8c84fa94-04c1-424b-9868-57a2d4851a1d" relativeResultsDirectory="24b3f07d-cbf9-4eda-b9bd-8e3e1b7e528a">
    </UnitTestResult>
    <UnitTestResult executionId="a07e8409-e655-4e48-b66f-72da3d3e58b2" testId="85ca884d-a763-a279-970a-decd7d2ef2e7" testName="borrarOperadorTest" computerName="DIEGO-PC" testType="13cdc9d9-ddb5-4fa4-a97d-d965ccfc6d4b" outcome="NotExecuted" testListId="8c84fa94-04c1-424b-9868-57a2d4851a1d" relativeResultsDirectory="a07e8409-e655-4e48-b66f-72da3d3e58b2">
    </UnitTestResult>
    <UnitTestResult executionId="fee37d2d-d2b9-47c6-9d76-95f2475c8ef5" testId="88295536-741f-3a89-ef69-1ec7d6b91f08" testName="borrarMensajeTest" computerName="DIEGO-PC" testType="13cdc9d9-ddb5-4fa4-a97d-d965ccfc6d4b" outcome="NotExecuted" testListId="8c84fa94-04c1-424b-9868-57a2d4851a1d" relativeResultsDirectory="fee37d2d-d2b9-47c6-9d76-95f2475c8ef5">
    </UnitTestResult>
    <UnitTestResult executionId="02807692-76d4-46b3-a80b-1511f2b3f696" testId="882cbeee-1641-823c-0b10-58aeb9cabf93" testName="cargarFamiliaTest" computerName="DIEGO-PC" testType="13cdc9d9-ddb5-4fa4-a97d-d965ccfc6d4b" outcome="NotExecuted" testListId="8c84fa94-04c1-424b-9868-57a2d4851a1d" relativeResultsDirectory="02807692-76d4-46b3-a80b-1511f2b3f696">
    </UnitTestResult>
    <UnitTestResult executionId="5e5d2d9f-2000-489e-a248-b622d1cb617e" testId="896a2208-4c38-b781-3b7e-b236d6d81cd2" testName="grabarMovimientoTest" computerName="DIEGO-PC" testType="13cdc9d9-ddb5-4fa4-a97d-d965ccfc6d4b" outcome="NotExecuted" testListId="8c84fa94-04c1-424b-9868-57a2d4851a1d" relativeResultsDirectory="5e5d2d9f-2000-489e-a248-b622d1cb617e">
    </UnitTestResult>
    <UnitTestResult executionId="fa46f39c-4469-4a14-a165-1aca52a059c6" testId="8a0dd9bc-7acf-b95a-4187-a00b7726fa73" testName="listarInsumosPorColorTest" computerName="DIEGO-PC" testType="13cdc9d9-ddb5-4fa4-a97d-d965ccfc6d4b" outcome="NotExecuted" testListId="8c84fa94-04c1-424b-9868-57a2d4851a1d" relativeResultsDirectory="fa46f39c-4469-4a14-a165-1aca52a059c6">
    </UnitTestResult>
    <UnitTestResult executionId="e7fd78b3-38c1-455b-ad71-1121ecd6e396" testId="8c641761-f8ac-ef3e-efbe-0d44137ab9ce" testName="grabarOrdenDeCompraTest" computerName="DIEGO-PC" testType="13cdc9d9-ddb5-4fa4-a97d-d965ccfc6d4b" outcome="NotExecuted" testListId="8c84fa94-04c1-424b-9868-57a2d4851a1d" relativeResultsDirectory="e7fd78b3-38c1-455b-ad71-1121ecd6e396">
    </UnitTestResult>
    <UnitTestResult executionId="5ee21bc5-84cf-4681-ba89-83c204bfde4e" testId="8c73c5b1-73d0-fcfa-2a42-34f5914dbfb1" testName="cargarFamiliasPorIdTest" computerName="DIEGO-PC" testType="13cdc9d9-ddb5-4fa4-a97d-d965ccfc6d4b" outcome="NotExecuted" testListId="8c84fa94-04c1-424b-9868-57a2d4851a1d" relativeResultsDirectory="5ee21bc5-84cf-4681-ba89-83c204bfde4e">
    </UnitTestResult>
    <UnitTestResult executionId="b88088bf-0b61-49a2-b85e-485c043be73b" testId="8ce4ba60-10ed-e341-0892-b9526f864034" testName="cargarFamiliasPorUsuarioTest" computerName="DIEGO-PC" testType="13cdc9d9-ddb5-4fa4-a97d-d965ccfc6d4b" outcome="NotExecuted" testListId="8c84fa94-04c1-424b-9868-57a2d4851a1d" relativeResultsDirectory="b88088bf-0b61-49a2-b85e-485c043be73b">
    </UnitTestResult>
    <UnitTestResult executionId="a6b209c7-e2d7-402c-a137-dfaee4143e52" testId="8d735e5a-f52c-96a5-4bed-a99c0526014e" testName="grabarProveedorTest" computerName="DIEGO-PC" testType="13cdc9d9-ddb5-4fa4-a97d-d965ccfc6d4b" outcome="NotExecuted" testListId="8c84fa94-04c1-424b-9868-57a2d4851a1d" relativeResultsDirectory="a6b209c7-e2d7-402c-a137-dfaee4143e52">
    </UnitTestResult>
    <UnitTestResult executionId="41c0a982-75c4-4cde-b123-eb7cb0285676" testId="8e0c723b-e192-342e-eb9f-eccfedfe5ca1" testName="buscarPrimerosHuecosMaquinaTest3" computerName="DIEGO-PC" testType="13cdc9d9-ddb5-4fa4-a97d-d965ccfc6d4b" outcome="NotExecuted" testListId="8c84fa94-04c1-424b-9868-57a2d4851a1d" relativeResultsDirectory="41c0a982-75c4-4cde-b123-eb7cb0285676">
    </UnitTestResult>
    <UnitTestResult executionId="1c1402cf-386e-4db0-8f9b-15060aee7a9b" testId="8e175a1e-ad15-cbe9-eb2b-34d47332acea" testName="buscarOperadoresConRestriccionesTest" computerName="DIEGO-PC" testType="13cdc9d9-ddb5-4fa4-a97d-d965ccfc6d4b" outcome="NotExecuted" testListId="8c84fa94-04c1-424b-9868-57a2d4851a1d" relativeResultsDirectory="1c1402cf-386e-4db0-8f9b-15060aee7a9b">
    </UnitTestResult>
    <UnitTestResult executionId="0ab0e93c-46b5-4288-9aab-c0d17a3e083a" testId="8ef58195-4b27-3ad6-c671-969e36dd1c6a" testName="buscarDiseñoPorClienteTest" computerName="DIEGO-PC" testType="13cdc9d9-ddb5-4fa4-a97d-d965ccfc6d4b" outcome="NotExecuted" testListId="8c84fa94-04c1-424b-9868-57a2d4851a1d" relativeResultsDirectory="0ab0e93c-46b5-4288-9aab-c0d17a3e083a">
    </UnitTestResult>
    <UnitTestResult executionId="c1caf801-d2a8-4ebb-abf2-4ac256d81429" testId="9051c370-f8a8-7d06-90bf-a5c879f3e27c" testName="buscarMovimientoPorNroTest" computerName="DIEGO-PC" testType="13cdc9d9-ddb5-4fa4-a97d-d965ccfc6d4b" outcome="NotExecuted" testListId="8c84fa94-04c1-424b-9868-57a2d4851a1d" relativeResultsDirectory="c1caf801-d2a8-4ebb-abf2-4ac256d81429">
    </UnitTestResult>
    <UnitTestResult executionId="0c40e61a-81eb-4289-be6b-5c37ce03614e" testId="90665605-993c-c3f0-732c-0c8cb4e19400" testName="buscarOpinionesTest" computerName="DIEGO-PC" testType="13cdc9d9-ddb5-4fa4-a97d-d965ccfc6d4b" outcome="NotExecuted" testListId="8c84fa94-04c1-424b-9868-57a2d4851a1d" relativeResultsDirectory="0c40e61a-81eb-4289-be6b-5c37ce03614e">
    </UnitTestResult>
    <UnitTestResult executionId="d8731fb6-7d4e-467a-8041-28e062370df3" testId="9102ee27-432a-7243-07ab-4d672688ee38" testName="cargarMaquinaPorIdTest" computerName="DIEGO-PC" testType="13cdc9d9-ddb5-4fa4-a97d-d965ccfc6d4b" outcome="NotExecuted" testListId="8c84fa94-04c1-424b-9868-57a2d4851a1d" relativeResultsDirectory="d8731fb6-7d4e-467a-8041-28e062370df3">
    </UnitTestResult>
    <UnitTestResult executionId="dc9ec83e-bd25-4ac8-b959-4275bd410f59" testId="92b34578-8935-0a46-8dd9-4af3ba2aba99" testName="grabarLineaTest" computerName="DIEGO-PC" testType="13cdc9d9-ddb5-4fa4-a97d-d965ccfc6d4b" outcome="NotExecuted" testListId="8c84fa94-04c1-424b-9868-57a2d4851a1d" relativeResultsDirectory="dc9ec83e-bd25-4ac8-b959-4275bd410f59">
    </UnitTestResult>
    <UnitTestResult executionId="3903d092-1764-44fe-8357-dff97b9207ca" testId="9355e16b-4728-468a-6844-3354852565f0" testName="borrarDiseñoTest" computerName="DIEGO-PC" testType="13cdc9d9-ddb5-4fa4-a97d-d965ccfc6d4b" outcome="NotExecuted" testListId="8c84fa94-04c1-424b-9868-57a2d4851a1d" relativeResultsDirectory="3903d092-1764-44fe-8357-dff97b9207ca">
    </UnitTestResult>
    <UnitTestResult executionId="db987503-e9d4-4bfb-ba8f-0595e4057da7" testId="93f8ff39-718d-999f-f07f-06a3b12e22dd" testName="calcularFinalizacionTest4" computerName="DIEGO-PC" testType="13cdc9d9-ddb5-4fa4-a97d-d965ccfc6d4b" outcome="NotExecuted" testListId="8c84fa94-04c1-424b-9868-57a2d4851a1d" relativeResultsDirectory="db987503-e9d4-4bfb-ba8f-0595e4057da7">
    </UnitTestResult>
    <UnitTestResult executionId="1d2d91c1-f913-41db-9d3a-baf82453bee9" testId="954c6542-5669-95f4-2fc5-a01c436de193" testName="borrarLineaTest" computerName="DIEGO-PC" testType="13cdc9d9-ddb5-4fa4-a97d-d965ccfc6d4b" outcome="NotExecuted" testListId="8c84fa94-04c1-424b-9868-57a2d4851a1d" relativeResultsDirectory="1d2d91c1-f913-41db-9d3a-baf82453bee9">
    </UnitTestResult>
    <UnitTestResult executionId="6f1e363b-76e8-4af5-b4ff-c15251bb28f0" testId="967eb374-2104-1acf-4901-5331861aa4b4" testName="buscarTipoCuentasTest" computerName="DIEGO-PC" testType="13cdc9d9-ddb5-4fa4-a97d-d965ccfc6d4b" outcome="NotExecuted" testListId="8c84fa94-04c1-424b-9868-57a2d4851a1d" relativeResultsDirectory="6f1e363b-76e8-4af5-b4ff-c15251bb28f0">
    </UnitTestResult>
    <UnitTestResult executionId="01a2bb2e-ac9d-4c8e-b6f3-5f49a6dc5e9b" testId="96881fe6-dfde-90d7-168b-7e0645c53ba0" testName="modificarMaquinasTest" computerName="DIEGO-PC" testType="13cdc9d9-ddb5-4fa4-a97d-d965ccfc6d4b" outcome="NotExecuted" testListId="8c84fa94-04c1-424b-9868-57a2d4851a1d" relativeResultsDirectory="01a2bb2e-ac9d-4c8e-b6f3-5f49a6dc5e9b">
    </UnitTestResult>
    <UnitTestResult executionId="00206580-7f36-4e2c-87e6-a4d057d2a296" testId="96e75478-d13a-94b1-f4d7-4e30153efd6b" testName="guardarFamiliaTest" computerName="DIEGO-PC" testType="13cdc9d9-ddb5-4fa4-a97d-d965ccfc6d4b" outcome="NotExecuted" testListId="8c84fa94-04c1-424b-9868-57a2d4851a1d" relativeResultsDirectory="00206580-7f36-4e2c-87e6-a4d057d2a296">
    </UnitTestResult>
    <UnitTestResult executionId="155efaa0-f49d-4c5a-b359-ae02130b84f2" testId="97997216-b9cb-a346-d834-1a6abbc22200" testName="guardarOpinionTest" computerName="DIEGO-PC" testType="13cdc9d9-ddb5-4fa4-a97d-d965ccfc6d4b" outcome="NotExecuted" testListId="8c84fa94-04c1-424b-9868-57a2d4851a1d" relativeResultsDirectory="155efaa0-f49d-4c5a-b359-ae02130b84f2">
    </UnitTestResult>
    <UnitTestResult executionId="f7f00ec4-5073-41ea-b4b6-f18e21ceacaf" testId="9853b2bf-c35b-f18f-c067-26f1d74150ec" testName="buscarProveedorPorCodigoTest" computerName="DIEGO-PC" testType="13cdc9d9-ddb5-4fa4-a97d-d965ccfc6d4b" outcome="NotExecuted" testListId="8c84fa94-04c1-424b-9868-57a2d4851a1d" relativeResultsDirectory="f7f00ec4-5073-41ea-b4b6-f18e21ceacaf">
    </UnitTestResult>
    <UnitTestResult executionId="debc7c9e-aece-450c-bf7b-ae091238d7fd" testId="996b7b9c-4963-23a7-ecd9-60f71e9ffdab" testName="buscarEstadosTest" computerName="DIEGO-PC" testType="13cdc9d9-ddb5-4fa4-a97d-d965ccfc6d4b" outcome="NotExecuted" testListId="8c84fa94-04c1-424b-9868-57a2d4851a1d" relativeResultsDirectory="debc7c9e-aece-450c-bf7b-ae091238d7fd">
    </UnitTestResult>
    <UnitTestResult executionId="d4d810af-45b1-4702-972b-3924d2b04484" testId="9abfd9c9-a69f-e14e-a283-753aea9711be" testName="buscarEstadosPorIdTest" computerName="DIEGO-PC" testType="13cdc9d9-ddb5-4fa4-a97d-d965ccfc6d4b" outcome="NotExecuted" testListId="8c84fa94-04c1-424b-9868-57a2d4851a1d" relativeResultsDirectory="d4d810af-45b1-4702-972b-3924d2b04484">
    </UnitTestResult>
    <UnitTestResult executionId="ee8584ea-165d-499b-adb5-001e97b80574" testId="9b145e69-7969-d34a-ea49-9560a18e3f37" testName="listarProduccionPorCodigoTest" computerName="DIEGO-PC" testType="13cdc9d9-ddb5-4fa4-a97d-d965ccfc6d4b" outcome="NotExecuted" testListId="8c84fa94-04c1-424b-9868-57a2d4851a1d" relativeResultsDirectory="ee8584ea-165d-499b-adb5-001e97b80574">
    </UnitTestResult>
    <UnitTestResult executionId="02db0d11-56dd-4a72-b1b5-de4895cf9b75" testId="9bc71622-b688-a88b-7a65-091a11ad1362" testName="buscarTodoTest" computerName="DIEGO-PC" testType="13cdc9d9-ddb5-4fa4-a97d-d965ccfc6d4b" outcome="NotExecuted" testListId="8c84fa94-04c1-424b-9868-57a2d4851a1d" relativeResultsDirectory="02db0d11-56dd-4a72-b1b5-de4895cf9b75">
    </UnitTestResult>
    <UnitTestResult executionId="708dd707-ba7b-4003-bd34-20c8037e3de6" testId="9c1f4476-7313-c46d-328a-55cea693565d" testName="buscarMovimintosTest" computerName="DIEGO-PC" testType="13cdc9d9-ddb5-4fa4-a97d-d965ccfc6d4b" outcome="NotExecuted" testListId="8c84fa94-04c1-424b-9868-57a2d4851a1d" relativeResultsDirectory="708dd707-ba7b-4003-bd34-20c8037e3de6">
    </UnitTestResult>
    <UnitTestResult executionId="d4f78642-713c-4d9f-ae5e-bca7735b0874" testId="9fd9a588-56ca-0b4b-82c9-064d2bfbe430" testName="grabarDiseñosTest" computerName="DIEGO-PC" testType="13cdc9d9-ddb5-4fa4-a97d-d965ccfc6d4b" outcome="NotExecuted" testListId="8c84fa94-04c1-424b-9868-57a2d4851a1d" relativeResultsDirectory="d4f78642-713c-4d9f-ae5e-bca7735b0874">
    </UnitTestResult>
    <UnitTestResult executionId="0de6d6b9-652a-4977-9e64-449a9a1206d0" testId="a17744d1-ab11-f591-d328-1ad420c98fbd" testName="borrarNewsletterTest" computerName="DIEGO-PC" testType="13cdc9d9-ddb5-4fa4-a97d-d965ccfc6d4b" outcome="NotExecuted" testListId="8c84fa94-04c1-424b-9868-57a2d4851a1d" relativeResultsDirectory="0de6d6b9-652a-4977-9e64-449a9a1206d0">
    </UnitTestResult>
    <UnitTestResult executionId="09ca815f-b64e-48e9-b11f-2df9c461725e" testId="a238bb59-cc6f-a250-c2de-3c102510d342" testName="borrarHistoricoEstadosTest" computerName="DIEGO-PC" testType="13cdc9d9-ddb5-4fa4-a97d-d965ccfc6d4b" outcome="NotExecuted" testListId="8c84fa94-04c1-424b-9868-57a2d4851a1d" relativeResultsDirectory="09ca815f-b64e-48e9-b11f-2df9c461725e">
    </UnitTestResult>
    <UnitTestResult executionId="4b79d636-6b8d-41bc-84f9-56f96c305313" testId="a27af6eb-87dc-b90f-c4ca-d8cb1c7c2454" testName="calcularTimepoTrabajoTest2" computerName="DIEGO-PC" testType="13cdc9d9-ddb5-4fa4-a97d-d965ccfc6d4b" outcome="NotExecuted" testListId="8c84fa94-04c1-424b-9868-57a2d4851a1d" relativeResultsDirectory="4b79d636-6b8d-41bc-84f9-56f96c305313">
    </UnitTestResult>
    <UnitTestResult executionId="d951bb1c-044c-4ef0-b6d3-e7bfe4529888" testId="a38bcda1-5217-b092-6b98-6582813fb5d1" testName="cargarUsuarioConRestriccionesTest" computerName="DIEGO-PC" testType="13cdc9d9-ddb5-4fa4-a97d-d965ccfc6d4b" outcome="NotExecuted" testListId="8c84fa94-04c1-424b-9868-57a2d4851a1d" relativeResultsDirectory="d951bb1c-044c-4ef0-b6d3-e7bfe4529888">
    </UnitTestResult>
    <UnitTestResult executionId="d7892967-42e3-4b03-8091-becabcbe0f2a" testId="a39c2fdb-3d54-d4f0-be49-3f4e350da31e" testName="listarProduccionPorMaquinaTest" computerName="DIEGO-PC" testType="13cdc9d9-ddb5-4fa4-a97d-d965ccfc6d4b" outcome="NotExecuted" testListId="8c84fa94-04c1-424b-9868-57a2d4851a1d" relativeResultsDirectory="d7892967-42e3-4b03-8091-becabcbe0f2a">
    </UnitTestResult>
    <UnitTestResult executionId="5ad90452-187a-4600-9448-e1812202c9e5" testId="a472a839-6eaa-12b1-21fb-e977ec47cce0" testName="borrarPrendaTest" computerName="DIEGO-PC" testType="13cdc9d9-ddb5-4fa4-a97d-d965ccfc6d4b" outcome="NotExecuted" testListId="8c84fa94-04c1-424b-9868-57a2d4851a1d" relativeResultsDirectory="5ad90452-187a-4600-9448-e1812202c9e5">
    </UnitTestResult>
    <UnitTestResult executionId="db722eab-c5a8-4d4a-a495-e18cb4124a53" testId="a4e8ed3d-c4ae-1ca8-df36-ee362c8b196a" testName="cargarClienteTest" computerName="DIEGO-PC" testType="13cdc9d9-ddb5-4fa4-a97d-d965ccfc6d4b" outcome="NotExecuted" testListId="8c84fa94-04c1-424b-9868-57a2d4851a1d" relativeResultsDirectory="db722eab-c5a8-4d4a-a495-e18cb4124a53">
    </UnitTestResult>
    <UnitTestResult executionId="467ca8b0-f325-41ce-9f3f-b03619679954" testId="a517dabf-4b66-5f3c-ac24-0d2164897c8e" testName="listarPedidosTest" computerName="DIEGO-PC" testType="13cdc9d9-ddb5-4fa4-a97d-d965ccfc6d4b" outcome="NotExecuted" testListId="8c84fa94-04c1-424b-9868-57a2d4851a1d" relativeResultsDirectory="467ca8b0-f325-41ce-9f3f-b03619679954">
    </UnitTestResult>
    <UnitTestResult executionId="3736704a-f6a8-4b3b-ae20-9f1f2fd04f82" testId="a5adf3df-a9f8-2832-66ba-f690ea4581d6" testName="buscarTipoCuentaPorIdTest" computerName="DIEGO-PC" testType="13cdc9d9-ddb5-4fa4-a97d-d965ccfc6d4b" outcome="NotExecuted" testListId="8c84fa94-04c1-424b-9868-57a2d4851a1d" relativeResultsDirectory="3736704a-f6a8-4b3b-ae20-9f1f2fd04f82">
    </UnitTestResult>
    <UnitTestResult executionId="79e06b9e-80f3-456c-9d58-b66bca5a036e" testId="a5c2a138-5bc5-66da-7c2e-bc96b13a556b" testName="bloquearUsuarioTest" computerName="DIEGO-PC" testType="13cdc9d9-ddb5-4fa4-a97d-d965ccfc6d4b" outcome="NotExecuted" testListId="8c84fa94-04c1-424b-9868-57a2d4851a1d" relativeResultsDirectory="79e06b9e-80f3-456c-9d58-b66bca5a036e">
    </UnitTestResult>
    <UnitTestResult executionId="aff71587-8748-4e78-920e-963a879884ef" testId="a5daaf00-a7ab-4dce-b449-0d5879de0266" testName="cargarTest" computerName="DIEGO-PC" testType="13cdc9d9-ddb5-4fa4-a97d-d965ccfc6d4b" outcome="NotExecuted" testListId="8c84fa94-04c1-424b-9868-57a2d4851a1d" relativeResultsDirectory="aff71587-8748-4e78-920e-963a879884ef">
    </UnitTestResult>
    <UnitTestResult executionId="e97d08c4-3bf7-461e-a68d-cff91ccaa727" testId="a6894dd2-dcf0-7e92-7a7b-7a5aa8466339" testName="cargarFamiliaPorIdTest" computerName="DIEGO-PC" testType="13cdc9d9-ddb5-4fa4-a97d-d965ccfc6d4b" outcome="NotExecuted" testListId="8c84fa94-04c1-424b-9868-57a2d4851a1d" relativeResultsDirectory="e97d08c4-3bf7-461e-a68d-cff91ccaa727">
    </UnitTestResult>
    <UnitTestResult executionId="211a9e8a-c216-46f4-8481-aa3874024d6f" testId="a6fd86e1-4eca-846a-5e19-70da718a6391" testName="buscarNewsletterPorNombreTest" computerName="DIEGO-PC" testType="13cdc9d9-ddb5-4fa4-a97d-d965ccfc6d4b" outcome="NotExecuted" testListId="8c84fa94-04c1-424b-9868-57a2d4851a1d" relativeResultsDirectory="211a9e8a-c216-46f4-8481-aa3874024d6f">
    </UnitTestResult>
    <UnitTestResult executionId="23e2fb2e-c109-4e30-86b7-8637e9df8808" testId="a77c41d3-5bba-1c1e-e81f-7a02217342bf" testName="buscarPrimerosHuecosMaquinaTest4" computerName="DIEGO-PC" testType="13cdc9d9-ddb5-4fa4-a97d-d965ccfc6d4b" outcome="NotExecuted" testListId="8c84fa94-04c1-424b-9868-57a2d4851a1d" relativeResultsDirectory="23e2fb2e-c109-4e30-86b7-8637e9df8808">
    </UnitTestResult>
    <UnitTestResult executionId="92ee0e54-701c-44e6-91f1-a83ff3ae537b" testId="a80088bc-1bb3-9447-8317-64a7363d3cfe" testName="actualizarPedidoTest" computerName="DIEGO-PC" testType="13cdc9d9-ddb5-4fa4-a97d-d965ccfc6d4b" outcome="NotExecuted" testListId="8c84fa94-04c1-424b-9868-57a2d4851a1d" relativeResultsDirectory="92ee0e54-701c-44e6-91f1-a83ff3ae537b">
    </UnitTestResult>
    <UnitTestResult executionId="e1d445db-e684-4100-b384-62171df6aa8e" testId="a835695f-f8af-58f4-71d0-57d24fa7d90f" testName="buscarOpinionPorCriterioTest" computerName="DIEGO-PC" testType="13cdc9d9-ddb5-4fa4-a97d-d965ccfc6d4b" outcome="NotExecuted" testListId="8c84fa94-04c1-424b-9868-57a2d4851a1d" relativeResultsDirectory="e1d445db-e684-4100-b384-62171df6aa8e">
    </UnitTestResult>
    <UnitTestResult executionId="027d4a23-664b-4273-b55f-4dc8f9d18cef" testId="a85e6fd4-de45-4652-f9ef-c22afc1ca0bf" testName="actualizarTest" computerName="DIEGO-PC" testType="13cdc9d9-ddb5-4fa4-a97d-d965ccfc6d4b" outcome="NotExecuted" testListId="8c84fa94-04c1-424b-9868-57a2d4851a1d" relativeResultsDirectory="027d4a23-664b-4273-b55f-4dc8f9d18cef">
    </UnitTestResult>
    <UnitTestResult executionId="1339d944-6b80-49b8-bf70-420720e4cfb6" testId="a8a939dd-3559-39c4-d3e6-695f82176ab4" testName="modificarHistoricoEstadosTest" computerName="DIEGO-PC" testType="13cdc9d9-ddb5-4fa4-a97d-d965ccfc6d4b" outcome="NotExecuted" testListId="8c84fa94-04c1-424b-9868-57a2d4851a1d" relativeResultsDirectory="1339d944-6b80-49b8-bf70-420720e4cfb6">
    </UnitTestResult>
    <UnitTestResult executionId="bacb50b3-a8c4-47bd-9f43-463d1fb40472" testId="a8b0ac8d-b3ff-6693-a29b-869418f5d04f" testName="cargarMaquinasTest" computerName="DIEGO-PC" testType="13cdc9d9-ddb5-4fa4-a97d-d965ccfc6d4b" outcome="NotExecuted" testListId="8c84fa94-04c1-424b-9868-57a2d4851a1d" relativeResultsDirectory="bacb50b3-a8c4-47bd-9f43-463d1fb40472">
    </UnitTestResult>
    <UnitTestResult executionId="090ec070-0390-4b41-84ae-8d5a549fd72e" testId="a914285b-c2e0-dbc2-f99c-c0b34bf25408" testName="GrabarDiseñoTest" computerName="DIEGO-PC" testType="13cdc9d9-ddb5-4fa4-a97d-d965ccfc6d4b" outcome="NotExecuted" testListId="8c84fa94-04c1-424b-9868-57a2d4851a1d" relativeResultsDirectory="090ec070-0390-4b41-84ae-8d5a549fd72e">
    </UnitTestResult>
    <UnitTestResult executionId="535f7ade-8cc5-4c54-99c5-adef68845fa9" testId="aa08efca-9836-e946-b0ea-6d46d0e78977" testName="grabarMovimientoTest" computerName="DIEGO-PC" testType="13cdc9d9-ddb5-4fa4-a97d-d965ccfc6d4b" outcome="NotExecuted" testListId="8c84fa94-04c1-424b-9868-57a2d4851a1d" relativeResultsDirectory="535f7ade-8cc5-4c54-99c5-adef68845fa9">
    </UnitTestResult>
    <UnitTestResult executionId="00968146-1c52-45d7-a26a-2d743767c7eb" testId="aa3d2f13-ce91-e85a-b860-661244f697ca" testName="listarMovimientosPorProveedorTest" computerName="DIEGO-PC" testType="13cdc9d9-ddb5-4fa4-a97d-d965ccfc6d4b" outcome="NotExecuted" testListId="8c84fa94-04c1-424b-9868-57a2d4851a1d" relativeResultsDirectory="00968146-1c52-45d7-a26a-2d743767c7eb">
    </UnitTestResult>
    <UnitTestResult executionId="513bd0e0-2411-4016-a01a-48db6e3f2086" testId="aa89e54f-b120-5f04-a49b-eb1a63d779df" testName="buscarPedidoPorCodigoTest" computerName="DIEGO-PC" testType="13cdc9d9-ddb5-4fa4-a97d-d965ccfc6d4b" outcome="NotExecuted" testListId="8c84fa94-04c1-424b-9868-57a2d4851a1d" relativeResultsDirectory="513bd0e0-2411-4016-a01a-48db6e3f2086">
    </UnitTestResult>
    <UnitTestResult executionId="2ae2be67-6fae-473b-a28c-5d41956537c6" testId="aad710b2-cbba-4fa8-20b9-0a83a5267460" testName="grabarNewsletterTest" computerName="DIEGO-PC" testType="13cdc9d9-ddb5-4fa4-a97d-d965ccfc6d4b" outcome="NotExecuted" testListId="8c84fa94-04c1-424b-9868-57a2d4851a1d" relativeResultsDirectory="2ae2be67-6fae-473b-a28c-5d41956537c6">
    </UnitTestResult>
    <UnitTestResult executionId="8d4653b6-2b4d-41ae-8aff-593b60a871c6" testId="ab0fe80a-1fd5-fb8a-e7d4-5b5fcdcec2eb" testName="borrarTest" computerName="DIEGO-PC" testType="13cdc9d9-ddb5-4fa4-a97d-d965ccfc6d4b" outcome="NotExecuted" testListId="8c84fa94-04c1-424b-9868-57a2d4851a1d" relativeResultsDirectory="8d4653b6-2b4d-41ae-8aff-593b60a871c6">
    </UnitTestResult>
    <UnitTestResult executionId="ae963189-a498-4f18-8ce4-93bef829f3db" testId="ab4f6c28-3581-ba0b-4648-93d882bc1ba4" testName="borrarDiseñosTest" computerName="DIEGO-PC" testType="13cdc9d9-ddb5-4fa4-a97d-d965ccfc6d4b" outcome="NotExecuted" testListId="8c84fa94-04c1-424b-9868-57a2d4851a1d" relativeResultsDirectory="ae963189-a498-4f18-8ce4-93bef829f3db">
    </UnitTestResult>
    <UnitTestResult executionId="b54d836b-17cd-4e4e-8c90-c813ad4e6a01" testId="ac4b28af-d8f4-b156-672f-168bba2db6f5" testName="grabarTest" computerName="DIEGO-PC" testType="13cdc9d9-ddb5-4fa4-a97d-d965ccfc6d4b" outcome="NotExecuted" testListId="8c84fa94-04c1-424b-9868-57a2d4851a1d" relativeResultsDirectory="b54d836b-17cd-4e4e-8c90-c813ad4e6a01">
    </UnitTestResult>
    <UnitTestResult executionId="24fd073a-2186-485e-b120-f23f0e6447a6" testId="acceeb2f-d3a0-c7eb-0a8a-89ba3e60aa95" testName="cargarPatentesTest" computerName="DIEGO-PC" testType="13cdc9d9-ddb5-4fa4-a97d-d965ccfc6d4b" outcome="NotExecuted" testListId="8c84fa94-04c1-424b-9868-57a2d4851a1d" relativeResultsDirectory="24fd073a-2186-485e-b120-f23f0e6447a6">
    </UnitTestResult>
    <UnitTestResult executionId="78dbceee-3412-4f61-b37f-e3c021ed84d6" testId="ad52b45c-d7bf-7d90-509a-9d90fabbb4cb" testName="buscarUsuarioNewsletterTest" computerName="DIEGO-PC" testType="13cdc9d9-ddb5-4fa4-a97d-d965ccfc6d4b" outcome="NotExecuted" testListId="8c84fa94-04c1-424b-9868-57a2d4851a1d" relativeResultsDirectory="78dbceee-3412-4f61-b37f-e3c021ed84d6">
    </UnitTestResult>
    <UnitTestResult executionId="3dcd5a5f-0bbc-4ea2-ad96-53d59ffe507a" testId="adc4b822-2dd8-fb80-0aec-e1f18a81e266" testName="grabarOrdenDeCompraTest" computerName="DIEGO-PC" testType="13cdc9d9-ddb5-4fa4-a97d-d965ccfc6d4b" outcome="NotExecuted" testListId="8c84fa94-04c1-424b-9868-57a2d4851a1d" relativeResultsDirectory="3dcd5a5f-0bbc-4ea2-ad96-53d59ffe507a">
    </UnitTestResult>
    <UnitTestResult executionId="1c8d045f-a569-4217-9161-37aa0560b79d" testId="aeb09f8f-b144-d846-cb07-87151db0c5db" testName="cargarMovimientosConRestriccionesTest" computerName="DIEGO-PC" testType="13cdc9d9-ddb5-4fa4-a97d-d965ccfc6d4b" outcome="NotExecuted" testListId="8c84fa94-04c1-424b-9868-57a2d4851a1d" relativeResultsDirectory="1c8d045f-a569-4217-9161-37aa0560b79d">
    </UnitTestResult>
    <UnitTestResult executionId="d4531886-2673-444a-adcd-d0ab9592ea63" testId="aee8bdae-93b9-94cd-dc66-4af8f0d1e925" testName="actualizarDiseñosTest" computerName="DIEGO-PC" testType="13cdc9d9-ddb5-4fa4-a97d-d965ccfc6d4b" outcome="NotExecuted" testListId="8c84fa94-04c1-424b-9868-57a2d4851a1d" relativeResultsDirectory="d4531886-2673-444a-adcd-d0ab9592ea63">
    </UnitTestResult>
    <UnitTestResult executionId="f5fa3f0b-c50c-4b2b-bbd6-d3389a5b4330" testId="af2a5dd3-889c-239a-49ba-4559ade59815" testName="cargarUsuarioConRestriccionesTest" computerName="DIEGO-PC" testType="13cdc9d9-ddb5-4fa4-a97d-d965ccfc6d4b" outcome="NotExecuted" testListId="8c84fa94-04c1-424b-9868-57a2d4851a1d" relativeResultsDirectory="f5fa3f0b-c50c-4b2b-bbd6-d3389a5b4330">
    </UnitTestResult>
    <UnitTestResult executionId="8acf762e-06f0-4136-a040-ae2c774cf3aa" testId="afb70fb3-f16b-16ef-9272-e650b4c370ff" testName="listarFacturasPorIdTest" computerName="DIEGO-PC" testType="13cdc9d9-ddb5-4fa4-a97d-d965ccfc6d4b" outcome="NotExecuted" testListId="8c84fa94-04c1-424b-9868-57a2d4851a1d" relativeResultsDirectory="8acf762e-06f0-4136-a040-ae2c774cf3aa">
    </UnitTestResult>
    <UnitTestResult executionId="e9d47f6e-ab2d-4af5-9b70-7375c16728e3" testId="b09e98eb-5e7b-17f1-4a91-35133c7055e9" testName="buscarMovimintosTest" computerName="DIEGO-PC" testType="13cdc9d9-ddb5-4fa4-a97d-d965ccfc6d4b" outcome="NotExecuted" testListId="8c84fa94-04c1-424b-9868-57a2d4851a1d" relativeResultsDirectory="e9d47f6e-ab2d-4af5-9b70-7375c16728e3">
    </UnitTestResult>
    <UnitTestResult executionId="0c998cbb-cfe6-41f5-b7e2-7d3bb5db01ad" testId="b09f0486-3351-5bc5-0d5a-f108852661b1" testName="guardarClienteTest" computerName="DIEGO-PC" testType="13cdc9d9-ddb5-4fa4-a97d-d965ccfc6d4b" outcome="NotExecuted" testListId="8c84fa94-04c1-424b-9868-57a2d4851a1d" relativeResultsDirectory="0c998cbb-cfe6-41f5-b7e2-7d3bb5db01ad">
    </UnitTestResult>
    <UnitTestResult executionId="f1b9f703-e2ff-4736-9903-8e1708a17fa6" testId="b1ce8274-0eb4-6ea7-4d2b-12d8e6b2a366" testName="actualizarDiseñoTest" computerName="DIEGO-PC" testType="13cdc9d9-ddb5-4fa4-a97d-d965ccfc6d4b" outcome="NotExecuted" testListId="8c84fa94-04c1-424b-9868-57a2d4851a1d" relativeResultsDirectory="f1b9f703-e2ff-4736-9903-8e1708a17fa6">
    </UnitTestResult>
    <UnitTestResult executionId="2acfcd5b-a576-448b-9d44-1d88569ac140" testId="b2564a1d-a5df-de1a-d3dd-41d0e33b00f4" testName="actualizaOrdenDeCompraTest" computerName="DIEGO-PC" testType="13cdc9d9-ddb5-4fa4-a97d-d965ccfc6d4b" outcome="NotExecuted" testListId="8c84fa94-04c1-424b-9868-57a2d4851a1d" relativeResultsDirectory="2acfcd5b-a576-448b-9d44-1d88569ac140">
    </UnitTestResult>
    <UnitTestResult executionId="040d67fa-5db6-449e-9673-c6c1c6eb4ff3" testId="b28eae18-99f0-9519-6256-d75c3d089452" testName="grabarNewsletterTest" computerName="DIEGO-PC" testType="13cdc9d9-ddb5-4fa4-a97d-d965ccfc6d4b" outcome="NotExecuted" testListId="8c84fa94-04c1-424b-9868-57a2d4851a1d" relativeResultsDirectory="040d67fa-5db6-449e-9673-c6c1c6eb4ff3">
    </UnitTestResult>
    <UnitTestResult executionId="72b8c218-22c8-4889-b59f-34093f083fcf" testId="b40b8a29-c95a-4ade-0e51-c133972e69c6" testName="grabarTest" computerName="DIEGO-PC" testType="13cdc9d9-ddb5-4fa4-a97d-d965ccfc6d4b" outcome="NotExecuted" testListId="8c84fa94-04c1-424b-9868-57a2d4851a1d" relativeResultsDirectory="72b8c218-22c8-4889-b59f-34093f083fcf">
    </UnitTestResult>
    <UnitTestResult executionId="64b06b51-1d74-4325-b495-b9343c440981" testId="b6192558-2ee3-59f6-6537-ecfd184b2822" testName="CargarClientesTest" computerName="DIEGO-PC" testType="13cdc9d9-ddb5-4fa4-a97d-d965ccfc6d4b" outcome="NotExecuted" testListId="8c84fa94-04c1-424b-9868-57a2d4851a1d" relativeResultsDirectory="64b06b51-1d74-4325-b495-b9343c440981">
    </UnitTestResult>
    <UnitTestResult executionId="08f096ed-ea19-48c8-a6bc-bdfd3a65a01c" testId="b697701d-8cff-a257-c4da-79dac613bf34" testName="grabarMensajeTest" computerName="DIEGO-PC" testType="13cdc9d9-ddb5-4fa4-a97d-d965ccfc6d4b" outcome="NotExecuted" testListId="8c84fa94-04c1-424b-9868-57a2d4851a1d" relativeResultsDirectory="08f096ed-ea19-48c8-a6bc-bdfd3a65a01c">
    </UnitTestResult>
    <UnitTestResult executionId="41fd1b15-fd86-497e-9439-b9dfaea7e3f1" testId="b6c93299-c437-e1df-d8ec-dc7e1e4a6bba" testName="listarPedidosConRestriccionTest" computerName="DIEGO-PC" testType="13cdc9d9-ddb5-4fa4-a97d-d965ccfc6d4b" outcome="NotExecuted" testListId="8c84fa94-04c1-424b-9868-57a2d4851a1d" relativeResultsDirectory="41fd1b15-fd86-497e-9439-b9dfaea7e3f1">
    </UnitTestResult>
    <UnitTestResult executionId="40a16adb-44a4-4148-bf10-808589c8e5ce" testId="b6d2504c-fd0b-46f0-ca34-952aa534d5bc" testName="listarNewsletterTest" computerName="DIEGO-PC" testType="13cdc9d9-ddb5-4fa4-a97d-d965ccfc6d4b" outcome="NotExecuted" testListId="8c84fa94-04c1-424b-9868-57a2d4851a1d" relativeResultsDirectory="40a16adb-44a4-4148-bf10-808589c8e5ce">
    </UnitTestResult>
    <UnitTestResult executionId="80be36c0-ee8c-4c68-bbc1-00e3b5fea6c7" testId="b757834a-da0f-6514-4f88-5f56b32e1557" testName="buscarMovimintosTest" computerName="DIEGO-PC" testType="13cdc9d9-ddb5-4fa4-a97d-d965ccfc6d4b" outcome="NotExecuted" testListId="8c84fa94-04c1-424b-9868-57a2d4851a1d" relativeResultsDirectory="80be36c0-ee8c-4c68-bbc1-00e3b5fea6c7">
    </UnitTestResult>
    <UnitTestResult executionId="0e047d15-9cff-42bb-b861-f250aa0d301f" testId="b8413468-f954-3662-0efc-8c48132ad726" testName="listarProduccionPorPedidoTest" computerName="DIEGO-PC" testType="13cdc9d9-ddb5-4fa4-a97d-d965ccfc6d4b" outcome="NotExecuted" testListId="8c84fa94-04c1-424b-9868-57a2d4851a1d" relativeResultsDirectory="0e047d15-9cff-42bb-b861-f250aa0d301f">
    </UnitTestResult>
    <UnitTestResult executionId="e51fc7a2-3fe0-4176-adbe-679968516359" testId="b8f7e814-b981-7bd7-8770-09bbc779dc13" testName="buscarPorDescripcionTest" computerName="DIEGO-PC" testType="13cdc9d9-ddb5-4fa4-a97d-d965ccfc6d4b" outcome="NotExecuted" testListId="8c84fa94-04c1-424b-9868-57a2d4851a1d" relativeResultsDirectory="e51fc7a2-3fe0-4176-adbe-679968516359">
    </UnitTestResult>
    <UnitTestResult executionId="22200847-33e9-409e-8e0c-c55b556c9ab8" testId="b942b6d6-f408-1783-9c4d-ef179ac5d56f" testName="listarArticulosPorPrendaTest" computerName="DIEGO-PC" testType="13cdc9d9-ddb5-4fa4-a97d-d965ccfc6d4b" outcome="NotExecuted" testListId="8c84fa94-04c1-424b-9868-57a2d4851a1d" relativeResultsDirectory="22200847-33e9-409e-8e0c-c55b556c9ab8">
    </UnitTestResult>
    <UnitTestResult executionId="5b5b181a-5a00-460e-9b64-1bae23dc4d71" testId="b98676fe-ee87-56df-eacd-dd7ebb6e2cd3" testName="buscarTodoTest" computerName="DIEGO-PC" testType="13cdc9d9-ddb5-4fa4-a97d-d965ccfc6d4b" outcome="NotExecuted" testListId="8c84fa94-04c1-424b-9868-57a2d4851a1d" relativeResultsDirectory="5b5b181a-5a00-460e-9b64-1bae23dc4d71">
    </UnitTestResult>
    <UnitTestResult executionId="99654e54-f8d2-4110-b8bd-dd2596ff9575" testId="b9fd46b5-4626-f3cd-bb11-d3d09ef904e4" testName="cargarFamiliasPorUsuarioTest" computerName="DIEGO-PC" testType="13cdc9d9-ddb5-4fa4-a97d-d965ccfc6d4b" outcome="NotExecuted" testListId="8c84fa94-04c1-424b-9868-57a2d4851a1d" relativeResultsDirectory="99654e54-f8d2-4110-b8bd-dd2596ff9575">
    </UnitTestResult>
    <UnitTestResult executionId="c73b7306-9f18-4e8c-9f30-8182c82dfa15" testId="bab93624-9701-4d27-3151-c1bf509e95c1" testName="grabarProduccionOperadorTDGTest" computerName="DIEGO-PC" testType="13cdc9d9-ddb5-4fa4-a97d-d965ccfc6d4b" outcome="NotExecuted" testListId="8c84fa94-04c1-424b-9868-57a2d4851a1d" relativeResultsDirectory="c73b7306-9f18-4e8c-9f30-8182c82dfa15">
    </UnitTestResult>
    <UnitTestResult executionId="2502c2dc-8813-487b-bcb7-db71b1256874" testId="bb119d3a-e948-8bb7-862b-ef22cd5e5418" testName="cargarlistaProduccionConRestriccionesTest" computerName="DIEGO-PC" testType="13cdc9d9-ddb5-4fa4-a97d-d965ccfc6d4b" outcome="NotExecuted" testListId="8c84fa94-04c1-424b-9868-57a2d4851a1d" relativeResultsDirectory="2502c2dc-8813-487b-bcb7-db71b1256874">
    </UnitTestResult>
    <UnitTestResult executionId="a271defe-518c-4ef4-a1cf-f9e9d845766a" testId="bbf04cdd-f777-915a-4f82-d89d0fb3c21c" testName="actualizarTipoPedidosTest" computerName="DIEGO-PC" testType="13cdc9d9-ddb5-4fa4-a97d-d965ccfc6d4b" outcome="NotExecuted" testListId="8c84fa94-04c1-424b-9868-57a2d4851a1d" relativeResultsDirectory="a271defe-518c-4ef4-a1cf-f9e9d845766a">
    </UnitTestResult>
    <UnitTestResult executionId="ea87cd88-7628-4635-80a1-304e4246d392" testId="bc086558-20df-1a67-5cff-56823f0eb575" testName="cargarFamiliasPorFamiliaTest" computerName="DIEGO-PC" testType="13cdc9d9-ddb5-4fa4-a97d-d965ccfc6d4b" outcome="NotExecuted" testListId="8c84fa94-04c1-424b-9868-57a2d4851a1d" relativeResultsDirectory="ea87cd88-7628-4635-80a1-304e4246d392">
    </UnitTestResult>
    <UnitTestResult executionId="bf812c9f-adef-4bfd-90dc-ffcface7f927" testId="bc6fbc6a-1040-2a7b-d37a-1937b6e2fa50" testName="listarOrdenDeComprasPorProveedorTest" computerName="DIEGO-PC" testType="13cdc9d9-ddb5-4fa4-a97d-d965ccfc6d4b" outcome="NotExecuted" testListId="8c84fa94-04c1-424b-9868-57a2d4851a1d" relativeResultsDirectory="bf812c9f-adef-4bfd-90dc-ffcface7f927">
    </UnitTestResult>
    <UnitTestResult executionId="c6c01df2-ba1a-4d55-8435-ebc0421ab738" testId="bcd1f511-94b6-a2b6-4c0d-819d27a24411" testName="buscarDiseñoPorClienteTest" computerName="DIEGO-PC" testType="13cdc9d9-ddb5-4fa4-a97d-d965ccfc6d4b" outcome="NotExecuted" testListId="8c84fa94-04c1-424b-9868-57a2d4851a1d" relativeResultsDirectory="c6c01df2-ba1a-4d55-8435-ebc0421ab738">
    </UnitTestResult>
    <UnitTestResult executionId="0d3a27c6-bd56-4f7a-9006-7203947fd41f" testId="bdb05735-8cd1-a75d-4d6a-dc0c0dcde2a9" testName="buscarMovimientoPorNroTest" computerName="DIEGO-PC" testType="13cdc9d9-ddb5-4fa4-a97d-d965ccfc6d4b" outcome="NotExecuted" testListId="8c84fa94-04c1-424b-9868-57a2d4851a1d" relativeResultsDirectory="0d3a27c6-bd56-4f7a-9006-7203947fd41f">
    </UnitTestResult>
    <UnitTestResult executionId="bcbdd06a-1ce6-46e5-94d0-2f9e6fe16cdd" testId="bde72f4f-f66e-49e5-5a7f-f0f6283a032f" testName="buscarNewsletterParaEnviarTest" computerName="DIEGO-PC" testType="13cdc9d9-ddb5-4fa4-a97d-d965ccfc6d4b" outcome="NotExecuted" testListId="8c84fa94-04c1-424b-9868-57a2d4851a1d" relativeResultsDirectory="bcbdd06a-1ce6-46e5-94d0-2f9e6fe16cdd">
    </UnitTestResult>
    <UnitTestResult executionId="3a90f875-4377-46fc-b1b1-9d2f6a269361" testId="be2975a5-16cf-8b54-0e33-59e4bc6c38a6" testName="listarOpinionesPorMailTest" computerName="DIEGO-PC" testType="13cdc9d9-ddb5-4fa4-a97d-d965ccfc6d4b" outcome="NotExecuted" testListId="8c84fa94-04c1-424b-9868-57a2d4851a1d" relativeResultsDirectory="3a90f875-4377-46fc-b1b1-9d2f6a269361">
    </UnitTestResult>
    <UnitTestResult executionId="874f4fb5-120f-4980-9eaf-f46b6e2f4336" testId="beb08e30-b8b0-b48e-c515-c7a8586c6e54" testName="buscarEstadosTest" computerName="DIEGO-PC" testType="13cdc9d9-ddb5-4fa4-a97d-d965ccfc6d4b" outcome="NotExecuted" testListId="8c84fa94-04c1-424b-9868-57a2d4851a1d" relativeResultsDirectory="874f4fb5-120f-4980-9eaf-f46b6e2f4336">
    </UnitTestResult>
    <UnitTestResult executionId="1cd3b223-74d4-463f-b1bd-08f2e1010537" testId="bf3337bc-4ebe-14d7-ffa9-91df711ba6a0" testName="modificarProduccionTest" computerName="DIEGO-PC" testType="13cdc9d9-ddb5-4fa4-a97d-d965ccfc6d4b" outcome="NotExecuted" testListId="8c84fa94-04c1-424b-9868-57a2d4851a1d" relativeResultsDirectory="1cd3b223-74d4-463f-b1bd-08f2e1010537">
    </UnitTestResult>
    <UnitTestResult executionId="55fca1bb-3d1d-486b-a60e-cedecc1b50db" testId="bf901687-526e-3c4f-d25d-5f1eb0ec55f2" testName="listarFacturasPorClienteTest" computerName="DIEGO-PC" testType="13cdc9d9-ddb5-4fa4-a97d-d965ccfc6d4b" outcome="NotExecuted" testListId="8c84fa94-04c1-424b-9868-57a2d4851a1d" relativeResultsDirectory="55fca1bb-3d1d-486b-a60e-cedecc1b50db">
    </UnitTestResult>
    <UnitTestResult executionId="4cf865b8-0bf2-4a74-bec5-661dbb926fd8" testId="c1679918-c36e-2cbe-87a9-96506a9b38f9" testName="ListarPrendasTest" computerName="DIEGO-PC" testType="13cdc9d9-ddb5-4fa4-a97d-d965ccfc6d4b" outcome="NotExecuted" testListId="8c84fa94-04c1-424b-9868-57a2d4851a1d" relativeResultsDirectory="4cf865b8-0bf2-4a74-bec5-661dbb926fd8">
    </UnitTestResult>
    <UnitTestResult executionId="c168dee0-de15-4bcb-b7e1-6e8f01356296" testId="c17e6f29-704e-75d9-e266-2faaf40f3e21" testName="calcularDistanciaEntreTrabajosTest1" computerName="DIEGO-PC" testType="13cdc9d9-ddb5-4fa4-a97d-d965ccfc6d4b" outcome="NotExecuted" testListId="8c84fa94-04c1-424b-9868-57a2d4851a1d" relativeResultsDirectory="c168dee0-de15-4bcb-b7e1-6e8f01356296">
    </UnitTestResult>
    <UnitTestResult executionId="7cad40a1-17a1-4c8d-93c3-2f35623875fe" testId="c27245e1-4f05-55df-8c6f-e38fa3d47902" testName="grabarFacturaTest" computerName="DIEGO-PC" testType="13cdc9d9-ddb5-4fa4-a97d-d965ccfc6d4b" outcome="NotExecuted" testListId="8c84fa94-04c1-424b-9868-57a2d4851a1d" relativeResultsDirectory="7cad40a1-17a1-4c8d-93c3-2f35623875fe">
    </UnitTestResult>
    <UnitTestResult executionId="efe1bc2f-712d-4d2e-a46e-bcc1573fbf3d" testId="c2878fbd-4540-66f8-af38-853465e7a6aa" testName="cargarUsuarioPorFamiliaTest" computerName="DIEGO-PC" testType="13cdc9d9-ddb5-4fa4-a97d-d965ccfc6d4b" outcome="NotExecuted" testListId="8c84fa94-04c1-424b-9868-57a2d4851a1d" relativeResultsDirectory="efe1bc2f-712d-4d2e-a46e-bcc1573fbf3d">
    </UnitTestResult>
    <UnitTestResult executionId="91bb3aad-b155-45c6-a7bf-b3640491de94" testId="c37440e9-11a5-99b5-8db4-69844a9128f1" testName="grabarTipoPedidosTest" computerName="DIEGO-PC" testType="13cdc9d9-ddb5-4fa4-a97d-d965ccfc6d4b" outcome="NotExecuted" testListId="8c84fa94-04c1-424b-9868-57a2d4851a1d" relativeResultsDirectory="91bb3aad-b155-45c6-a7bf-b3640491de94">
    </UnitTestResult>
    <UnitTestResult executionId="3129164c-7191-46bb-9aec-e8344e71ba64" testId="c40068e0-385e-bf45-abe2-9f61f6d3993f" testName="modificarMovimientosClienteTest" computerName="DIEGO-PC" testType="13cdc9d9-ddb5-4fa4-a97d-d965ccfc6d4b" outcome="NotExecuted" testListId="8c84fa94-04c1-424b-9868-57a2d4851a1d" relativeResultsDirectory="3129164c-7191-46bb-9aec-e8344e71ba64">
    </UnitTestResult>
    <UnitTestResult executionId="4f834f70-61e5-4b4d-baec-2aae7a53ba6b" testId="c6a2f7ad-0298-580e-2fa3-bbb6c9b28898" testName="listarFacturasPorIdTest" computerName="DIEGO-PC" testType="13cdc9d9-ddb5-4fa4-a97d-d965ccfc6d4b" outcome="NotExecuted" testListId="8c84fa94-04c1-424b-9868-57a2d4851a1d" relativeResultsDirectory="4f834f70-61e5-4b4d-baec-2aae7a53ba6b">
    </UnitTestResult>
    <UnitTestResult executionId="5f137821-19e1-4cdb-ba3a-44f4c2869926" testId="c6f9c8d4-b42f-f506-2486-8ec3f82f78d3" testName="cargarFamiliasTest" computerName="DIEGO-PC" testType="13cdc9d9-ddb5-4fa4-a97d-d965ccfc6d4b" outcome="NotExecuted" testListId="8c84fa94-04c1-424b-9868-57a2d4851a1d" relativeResultsDirectory="5f137821-19e1-4cdb-ba3a-44f4c2869926">
    </UnitTestResult>
    <UnitTestResult executionId="4cc6c5fc-71bd-4223-96d9-a08b41f93bbc" testId="c736d05f-3776-7117-cc83-8e6ae9b75cf4" testName="cargarMovimientosConRestriccionesTest" computerName="DIEGO-PC" testType="13cdc9d9-ddb5-4fa4-a97d-d965ccfc6d4b" outcome="NotExecuted" testListId="8c84fa94-04c1-424b-9868-57a2d4851a1d" relativeResultsDirectory="4cc6c5fc-71bd-4223-96d9-a08b41f93bbc">
    </UnitTestResult>
    <UnitTestResult executionId="8d0ade9a-b2c8-4dcc-b6dd-560d210a0eb6" testId="c9059140-bd68-daef-e19b-ffc08869ca24" testName="borrarMovimientosTest" computerName="DIEGO-PC" testType="13cdc9d9-ddb5-4fa4-a97d-d965ccfc6d4b" outcome="NotExecuted" testListId="8c84fa94-04c1-424b-9868-57a2d4851a1d" relativeResultsDirectory="8d0ade9a-b2c8-4dcc-b6dd-560d210a0eb6">
    </UnitTestResult>
    <UnitTestResult executionId="fe261746-e2bd-47cf-b312-6e37475f9c47" testId="c928c59c-16e9-64be-3633-321da85248bf" testName="buscarDiseñoInsumoTest" computerName="DIEGO-PC" testType="13cdc9d9-ddb5-4fa4-a97d-d965ccfc6d4b" outcome="NotExecuted" testListId="8c84fa94-04c1-424b-9868-57a2d4851a1d" relativeResultsDirectory="fe261746-e2bd-47cf-b312-6e37475f9c47">
    </UnitTestResult>
    <UnitTestResult executionId="fcf597aa-bb8f-4622-9c97-e10c4533fd06" testId="c931a490-990c-5326-1530-0428c428a145" testName="listarMovimientosPorClienteTest" computerName="DIEGO-PC" testType="13cdc9d9-ddb5-4fa4-a97d-d965ccfc6d4b" outcome="NotExecuted" testListId="8c84fa94-04c1-424b-9868-57a2d4851a1d" relativeResultsDirectory="fcf597aa-bb8f-4622-9c97-e10c4533fd06">
    </UnitTestResult>
    <UnitTestResult executionId="6915415a-e807-4d57-8035-ebeeeec891b6" testId="c96dfb21-7af5-153f-a5d2-8445e5fcca59" testName="cargarMaquinasConRestriccionesTest" computerName="DIEGO-PC" testType="13cdc9d9-ddb5-4fa4-a97d-d965ccfc6d4b" outcome="NotExecuted" testListId="8c84fa94-04c1-424b-9868-57a2d4851a1d" relativeResultsDirectory="6915415a-e807-4d57-8035-ebeeeec891b6">
    </UnitTestResult>
    <UnitTestResult executionId="8615ecf2-6b9b-4b64-a781-0e3d864f0833" testId="cab5d754-b046-c047-88d8-b763f582d340" testName="buscarOperadoresTest" computerName="DIEGO-PC" testType="13cdc9d9-ddb5-4fa4-a97d-d965ccfc6d4b" outcome="NotExecuted" testListId="8c84fa94-04c1-424b-9868-57a2d4851a1d" relativeResultsDirectory="8615ecf2-6b9b-4b64-a781-0e3d864f0833">
    </UnitTestResult>
    <UnitTestResult executionId="0da04b7f-135b-46a4-8248-ac98e2c03dbc" testId="cb0676d4-b73b-00c6-8824-aa32bdf40010" testName="calcularFinalizacionTest" computerName="DIEGO-PC" testType="13cdc9d9-ddb5-4fa4-a97d-d965ccfc6d4b" outcome="NotExecuted" testListId="8c84fa94-04c1-424b-9868-57a2d4851a1d" relativeResultsDirectory="0da04b7f-135b-46a4-8248-ac98e2c03dbc">
    </UnitTestResult>
    <UnitTestResult executionId="ad959c2f-1a95-4175-b1be-d033e988e4f1" testId="cb68f00e-cb19-bf47-0657-80219e1c9cfa" testName="borrarTest" computerName="DIEGO-PC" testType="13cdc9d9-ddb5-4fa4-a97d-d965ccfc6d4b" outcome="NotExecuted" testListId="8c84fa94-04c1-424b-9868-57a2d4851a1d" relativeResultsDirectory="ad959c2f-1a95-4175-b1be-d033e988e4f1">
    </UnitTestResult>
    <UnitTestResult executionId="e63ffc01-9526-451b-89e7-2c7df508b42a" testId="cb854ea1-43fe-4e51-b3cc-ba77c8dba841" testName="buscarArticulosConRestriccionesTest" computerName="DIEGO-PC" testType="13cdc9d9-ddb5-4fa4-a97d-d965ccfc6d4b" outcome="NotExecuted" testListId="8c84fa94-04c1-424b-9868-57a2d4851a1d" relativeResultsDirectory="e63ffc01-9526-451b-89e7-2c7df508b42a">
    </UnitTestResult>
    <UnitTestResult executionId="0ab33727-e821-4514-9b5e-9152c1d146d9" testId="cc6fe6c4-963e-60ba-9611-8e531f6502c5" testName="cargarClientePorFacturaTest" computerName="DIEGO-PC" testType="13cdc9d9-ddb5-4fa4-a97d-d965ccfc6d4b" outcome="NotExecuted" testListId="8c84fa94-04c1-424b-9868-57a2d4851a1d" relativeResultsDirectory="0ab33727-e821-4514-9b5e-9152c1d146d9">
    </UnitTestResult>
    <UnitTestResult executionId="442ab711-586b-4d4a-b45e-49c246bd72f7" testId="ccb6e01a-8e1d-d753-d587-f8c1f14a9dc4" testName="grabarNewsletterTest" computerName="DIEGO-PC" testType="13cdc9d9-ddb5-4fa4-a97d-d965ccfc6d4b" outcome="NotExecuted" testListId="8c84fa94-04c1-424b-9868-57a2d4851a1d" relativeResultsDirectory="442ab711-586b-4d4a-b45e-49c246bd72f7">
    </UnitTestResult>
    <UnitTestResult executionId="31ee51c7-c843-4d0b-a8c7-ea8e8a30fc2b" testId="ccbeee50-2d58-025b-2df8-75ec6a26b781" testName="buscarNewsletterPorNombreTest" computerName="DIEGO-PC" testType="13cdc9d9-ddb5-4fa4-a97d-d965ccfc6d4b" outcome="NotExecuted" testListId="8c84fa94-04c1-424b-9868-57a2d4851a1d" relativeResultsDirectory="31ee51c7-c843-4d0b-a8c7-ea8e8a30fc2b">
    </UnitTestResult>
    <UnitTestResult executionId="41dffcfd-ea6e-48fd-8a23-07ff1cb618d9" testId="cdf27cc7-0312-7eab-0024-7c2c609d9e03" testName="actualizarProduccionTest" computerName="DIEGO-PC" testType="13cdc9d9-ddb5-4fa4-a97d-d965ccfc6d4b" outcome="NotExecuted" testListId="8c84fa94-04c1-424b-9868-57a2d4851a1d" relativeResultsDirectory="41dffcfd-ea6e-48fd-8a23-07ff1cb618d9">
    </UnitTestResult>
    <UnitTestResult executionId="da8cc7b3-4c2e-4cbb-9111-dfd98b9c1922" testId="ce459473-fe89-efb8-04f6-e4458eb5deac" testName="listarFacturasPorClienteTest" computerName="DIEGO-PC" testType="13cdc9d9-ddb5-4fa4-a97d-d965ccfc6d4b" outcome="NotExecuted" testListId="8c84fa94-04c1-424b-9868-57a2d4851a1d" relativeResultsDirectory="da8cc7b3-4c2e-4cbb-9111-dfd98b9c1922">
    </UnitTestResult>
    <UnitTestResult executionId="43c8e74f-06f8-4341-b0e2-1cfe191c1cca" testId="ceeacb60-5ff3-0690-b3df-e29e915ef784" testName="grabarMaquinaTest" computerName="DIEGO-PC" testType="13cdc9d9-ddb5-4fa4-a97d-d965ccfc6d4b" outcome="NotExecuted" testListId="8c84fa94-04c1-424b-9868-57a2d4851a1d" relativeResultsDirectory="43c8e74f-06f8-4341-b0e2-1cfe191c1cca">
    </UnitTestResult>
    <UnitTestResult executionId="36a7c4e7-883b-4a94-949c-1b4e57738917" testId="cf88dd92-747e-1a79-8f2c-fc0e3f9b0004" testName="listarMovimientosTest" computerName="DIEGO-PC" testType="13cdc9d9-ddb5-4fa4-a97d-d965ccfc6d4b" outcome="NotExecuted" testListId="8c84fa94-04c1-424b-9868-57a2d4851a1d" relativeResultsDirectory="36a7c4e7-883b-4a94-949c-1b4e57738917">
    </UnitTestResult>
    <UnitTestResult executionId="f0048d4b-037e-409d-a9e5-e06a81186905" testId="cfd8c036-75a7-640f-488c-228d443acc6e" testName="listaPatentesPorUsuarioTest" computerName="DIEGO-PC" testType="13cdc9d9-ddb5-4fa4-a97d-d965ccfc6d4b" outcome="NotExecuted" testListId="8c84fa94-04c1-424b-9868-57a2d4851a1d" relativeResultsDirectory="f0048d4b-037e-409d-a9e5-e06a81186905">
    </UnitTestResult>
    <UnitTestResult executionId="2be07f51-b875-42dc-8ace-c87c77a56098" testId="d1a8787a-d877-64a2-00b1-470142ee8a14" testName="cargarFamiliasPorUsuarioTest" computerName="DIEGO-PC" testType="13cdc9d9-ddb5-4fa4-a97d-d965ccfc6d4b" outcome="NotExecuted" testListId="8c84fa94-04c1-424b-9868-57a2d4851a1d" relativeResultsDirectory="2be07f51-b875-42dc-8ace-c87c77a56098">
    </UnitTestResult>
    <UnitTestResult executionId="7161e651-189b-45f2-a71a-beeb7fa553c2" testId="d1b2634a-eb02-7f77-05de-c01ea104c115" testName="borrarClienteTest" computerName="DIEGO-PC" testType="13cdc9d9-ddb5-4fa4-a97d-d965ccfc6d4b" outcome="NotExecuted" testListId="8c84fa94-04c1-424b-9868-57a2d4851a1d" relativeResultsDirectory="7161e651-189b-45f2-a71a-beeb7fa553c2">
    </UnitTestResult>
    <UnitTestResult executionId="9cffb1a9-f685-4fb3-b003-4c6e9e36bbb8" testId="d2623342-49bb-a1e6-2415-8d8bba2b7ac4" testName="modificarArticulosTest" computerName="DIEGO-PC" testType="13cdc9d9-ddb5-4fa4-a97d-d965ccfc6d4b" outcome="NotExecuted" testListId="8c84fa94-04c1-424b-9868-57a2d4851a1d" relativeResultsDirectory="9cffb1a9-f685-4fb3-b003-4c6e9e36bbb8">
    </UnitTestResult>
    <UnitTestResult executionId="216c11e8-22d7-4851-8f64-cd80d02517a7" testId="d2ff731c-908c-96c5-902b-39b6c7e680d7" testName="DataAccesObjectConstructorTest" computerName="DIEGO-PC" testType="13cdc9d9-ddb5-4fa4-a97d-d965ccfc6d4b" outcome="NotExecuted" testListId="8c84fa94-04c1-424b-9868-57a2d4851a1d" relativeResultsDirectory="216c11e8-22d7-4851-8f64-cd80d02517a7">
    </UnitTestResult>
    <UnitTestResult executionId="fc7f8f61-9fde-4e18-b165-0ef15e76f4c3" testId="d3580286-a69a-cc57-bea0-cea793fc0992" testName="listarOrdenDeComprasPorMovimientoTest" computerName="DIEGO-PC" testType="13cdc9d9-ddb5-4fa4-a97d-d965ccfc6d4b" outcome="NotExecuted" testListId="8c84fa94-04c1-424b-9868-57a2d4851a1d" relativeResultsDirectory="fc7f8f61-9fde-4e18-b165-0ef15e76f4c3">
    </UnitTestResult>
    <UnitTestResult executionId="56f2e78c-dd22-44f8-9648-2684acb11052" testId="d40feea3-8180-d822-1bc4-ef1286a37118" testName="cargarOrdenesDeComprasTest" computerName="DIEGO-PC" testType="13cdc9d9-ddb5-4fa4-a97d-d965ccfc6d4b" outcome="NotExecuted" testListId="8c84fa94-04c1-424b-9868-57a2d4851a1d" relativeResultsDirectory="56f2e78c-dd22-44f8-9648-2684acb11052">
    </UnitTestResult>
    <UnitTestResult executionId="b4722977-1430-48a9-a422-b006b1678264" testId="d4992a93-c61f-e7a7-6c4a-4dd37d506f00" testName="listarMovimientosPorNroTest" computerName="DIEGO-PC" testType="13cdc9d9-ddb5-4fa4-a97d-d965ccfc6d4b" outcome="NotExecuted" testListId="8c84fa94-04c1-424b-9868-57a2d4851a1d" relativeResultsDirectory="b4722977-1430-48a9-a422-b006b1678264">
    </UnitTestResult>
    <UnitTestResult executionId="f0f811b9-dfff-4005-80d2-4dcb5cd1bec2" testId="d5a80f55-2074-60f0-99dc-1062cdfc3cee" testName="actualizarNewsletterTest" computerName="DIEGO-PC" testType="13cdc9d9-ddb5-4fa4-a97d-d965ccfc6d4b" outcome="NotExecuted" testListId="8c84fa94-04c1-424b-9868-57a2d4851a1d" relativeResultsDirectory="f0f811b9-dfff-4005-80d2-4dcb5cd1bec2">
    </UnitTestResult>
    <UnitTestResult executionId="bd0f4a97-13c1-4b4a-9d06-f1efc37ee589" testId="d5caf4bd-ddf9-d011-d96d-760e6d607d73" testName="buscarArticulosPorCodigoTest" computerName="DIEGO-PC" testType="13cdc9d9-ddb5-4fa4-a97d-d965ccfc6d4b" outcome="NotExecuted" testListId="8c84fa94-04c1-424b-9868-57a2d4851a1d" relativeResultsDirectory="bd0f4a97-13c1-4b4a-9d06-f1efc37ee589">
    </UnitTestResult>
    <UnitTestResult executionId="9cc18198-3b27-42df-bd0f-51df5f499563" testId="d6a986e5-8b98-e2f2-cef0-92190831ed08" testName="borrarFamiliaTest" computerName="DIEGO-PC" testType="13cdc9d9-ddb5-4fa4-a97d-d965ccfc6d4b" outcome="NotExecuted" testListId="8c84fa94-04c1-424b-9868-57a2d4851a1d" relativeResultsDirectory="9cc18198-3b27-42df-bd0f-51df5f499563">
    </UnitTestResult>
    <UnitTestResult executionId="13efd30a-57d5-4d3c-b4e0-5d51c80abc0f" testId="d6d7a27e-0988-cf60-1910-ee6f0eb6cf75" testName="modificarFacturasTest" computerName="DIEGO-PC" testType="13cdc9d9-ddb5-4fa4-a97d-d965ccfc6d4b" outcome="NotExecuted" testListId="8c84fa94-04c1-424b-9868-57a2d4851a1d" relativeResultsDirectory="13efd30a-57d5-4d3c-b4e0-5d51c80abc0f">
    </UnitTestResult>
    <UnitTestResult executionId="2bac8cd7-9679-477b-8d79-61db2c6d3cbf" testId="d708e39f-77d8-94a9-244f-7004fb181d58" testName="calcularPosiblesFechasTest" computerName="DIEGO-PC" testType="13cdc9d9-ddb5-4fa4-a97d-d965ccfc6d4b" outcome="NotExecuted" testListId="8c84fa94-04c1-424b-9868-57a2d4851a1d" relativeResultsDirectory="2bac8cd7-9679-477b-8d79-61db2c6d3cbf">
    </UnitTestResult>
    <UnitTestResult executionId="3e35824d-dc25-4cdc-b910-d4ae0f3dace0" testId="d71a2e75-d02d-d52f-f44c-1c08c736ccf3" testName="buscarTodoTest" computerName="DIEGO-PC" testType="13cdc9d9-ddb5-4fa4-a97d-d965ccfc6d4b" outcome="NotExecuted" testListId="8c84fa94-04c1-424b-9868-57a2d4851a1d" relativeResultsDirectory="3e35824d-dc25-4cdc-b910-d4ae0f3dace0">
    </UnitTestResult>
    <UnitTestResult executionId="14ccef92-e9e5-4f6b-bfc1-c7c33f6e44ed" testId="d7c03cb5-500e-d7d9-da0b-0be2f4981b03" testName="buscarPorIdTest" computerName="DIEGO-PC" testType="13cdc9d9-ddb5-4fa4-a97d-d965ccfc6d4b" outcome="NotExecuted" testListId="8c84fa94-04c1-424b-9868-57a2d4851a1d" relativeResultsDirectory="14ccef92-e9e5-4f6b-bfc1-c7c33f6e44ed">
    </UnitTestResult>
    <UnitTestResult executionId="c64f83b0-6bc7-4ac6-9674-67cac330fd56" testId="d9bcf618-cd6c-c93c-87f9-e64f86f63590" testName="actualizarTipoPrendaTest" computerName="DIEGO-PC" testType="13cdc9d9-ddb5-4fa4-a97d-d965ccfc6d4b" outcome="NotExecuted" testListId="8c84fa94-04c1-424b-9868-57a2d4851a1d" relativeResultsDirectory="c64f83b0-6bc7-4ac6-9674-67cac330fd56">
    </UnitTestResult>
    <UnitTestResult executionId="a3e599b2-894b-464f-a63b-23dc5fa57481" testId="d9f16886-57f7-8858-0bb0-758babcd4a82" testName="cargarUsuarioConRestriccionesTest" computerName="DIEGO-PC" testType="13cdc9d9-ddb5-4fa4-a97d-d965ccfc6d4b" outcome="NotExecuted" testListId="8c84fa94-04c1-424b-9868-57a2d4851a1d" relativeResultsDirectory="a3e599b2-894b-464f-a63b-23dc5fa57481">
    </UnitTestResult>
    <UnitTestResult executionId="7c879568-2587-40c8-a47e-ac37589d967c" testId="da9d278a-cb0f-a51b-e352-ed20685028b9" testName="calcularDistanciaEntreTrabajosTest3" computerName="DIEGO-PC" testType="13cdc9d9-ddb5-4fa4-a97d-d965ccfc6d4b" outcome="NotExecuted" testListId="8c84fa94-04c1-424b-9868-57a2d4851a1d" relativeResultsDirectory="7c879568-2587-40c8-a47e-ac37589d967c">
    </UnitTestResult>
    <UnitTestResult executionId="b9f19ac0-4e7e-4a19-a6b1-c90d6493bfb6" testId="db7e1c98-1137-e435-bbb3-bf8f5402bfbf" testName="calcularDistanciaEntreTrabajosTest4" computerName="DIEGO-PC" testType="13cdc9d9-ddb5-4fa4-a97d-d965ccfc6d4b" outcome="NotExecuted" testListId="8c84fa94-04c1-424b-9868-57a2d4851a1d" relativeResultsDirectory="b9f19ac0-4e7e-4a19-a6b1-c90d6493bfb6">
    </UnitTestResult>
    <UnitTestResult executionId="7cfa80a7-eb37-423f-9f6f-f72d98f4fc96" testId="dba83ae6-c977-93af-bca8-afb2188d9d55" testName="actualizarTipoPrendaTest" computerName="DIEGO-PC" testType="13cdc9d9-ddb5-4fa4-a97d-d965ccfc6d4b" outcome="NotExecuted" testListId="8c84fa94-04c1-424b-9868-57a2d4851a1d" relativeResultsDirectory="7cfa80a7-eb37-423f-9f6f-f72d98f4fc96">
    </UnitTestResult>
    <UnitTestResult executionId="015357ee-1efc-49c7-a4cf-73d44858e4eb" testId="dc17c55e-f745-25bd-9dae-5c78f5bb2176" testName="grabarTipoPrendaTest" computerName="DIEGO-PC" testType="13cdc9d9-ddb5-4fa4-a97d-d965ccfc6d4b" outcome="NotExecuted" testListId="8c84fa94-04c1-424b-9868-57a2d4851a1d" relativeResultsDirectory="015357ee-1efc-49c7-a4cf-73d44858e4eb">
    </UnitTestResult>
    <UnitTestResult executionId="d21c053f-aff3-4cd3-ac6c-03c33f5fe338" testId="dd5a8b39-7328-3edd-3658-5787ac153d19" testName="actualizaFacturaTest" computerName="DIEGO-PC" testType="13cdc9d9-ddb5-4fa4-a97d-d965ccfc6d4b" outcome="NotExecuted" testListId="8c84fa94-04c1-424b-9868-57a2d4851a1d" relativeResultsDirectory="d21c053f-aff3-4cd3-ac6c-03c33f5fe338">
    </UnitTestResult>
    <UnitTestResult executionId="8ae99506-66d2-4b15-a47b-3fc56ae625b3" testId="dde12295-d4b5-9724-4e8c-04bf282ca24f" testName="buscarArticulosPorCodigoTest" computerName="DIEGO-PC" testType="13cdc9d9-ddb5-4fa4-a97d-d965ccfc6d4b" outcome="NotExecuted" testListId="8c84fa94-04c1-424b-9868-57a2d4851a1d" relativeResultsDirectory="8ae99506-66d2-4b15-a47b-3fc56ae625b3">
    </UnitTestResult>
    <UnitTestResult executionId="dac3bf0e-d750-4340-b096-cf03a435df13" testId="de04a58d-71f5-e1d1-1d14-e423a290a69c" testName="actualizarProduccionTest" computerName="DIEGO-PC" testType="13cdc9d9-ddb5-4fa4-a97d-d965ccfc6d4b" outcome="NotExecuted" testListId="8c84fa94-04c1-424b-9868-57a2d4851a1d" relativeResultsDirectory="dac3bf0e-d750-4340-b096-cf03a435df13">
    </UnitTestResult>
    <UnitTestResult executionId="033a943b-3a0f-4914-b840-271a666aebde" testId="dea2dc86-55fc-7dd0-68c2-4ac2d970ca43" testName="modificarMensajeTest" computerName="DIEGO-PC" testType="13cdc9d9-ddb5-4fa4-a97d-d965ccfc6d4b" outcome="NotExecuted" testListId="8c84fa94-04c1-424b-9868-57a2d4851a1d" relativeResultsDirectory="033a943b-3a0f-4914-b840-271a666aebde">
    </UnitTestResult>
    <UnitTestResult executionId="251ca2c8-f84f-40b7-8bd5-b7eeac9d9abd" testId="dfd17420-5a13-5744-e6d4-81c04e097642" testName="buscarPrendasPorIDTest" computerName="DIEGO-PC" testType="13cdc9d9-ddb5-4fa4-a97d-d965ccfc6d4b" outcome="NotExecuted" testListId="8c84fa94-04c1-424b-9868-57a2d4851a1d" relativeResultsDirectory="251ca2c8-f84f-40b7-8bd5-b7eeac9d9abd">
    </UnitTestResult>
    <UnitTestResult executionId="a57c9ddf-b8c6-4b88-bf45-f24c4d1d23fb" testId="e020cadd-bd50-d44d-30aa-ba2f497b2887" testName="borrarTest" computerName="DIEGO-PC" testType="13cdc9d9-ddb5-4fa4-a97d-d965ccfc6d4b" outcome="NotExecuted" testListId="8c84fa94-04c1-424b-9868-57a2d4851a1d" relativeResultsDirectory="a57c9ddf-b8c6-4b88-bf45-f24c4d1d23fb">
    </UnitTestResult>
    <UnitTestResult executionId="38eb11cd-c579-4beb-8b00-93ffe05b923f" testId="e02e0a67-6c2d-0c94-cb65-8df5b3dc5cea" testName="listarMovimientosTest" computerName="DIEGO-PC" testType="13cdc9d9-ddb5-4fa4-a97d-d965ccfc6d4b" outcome="NotExecuted" testListId="8c84fa94-04c1-424b-9868-57a2d4851a1d" relativeResultsDirectory="38eb11cd-c579-4beb-8b00-93ffe05b923f">
    </UnitTestResult>
    <UnitTestResult executionId="32d6c4e7-47e2-42b0-a2ff-6a15a5b351b0" testId="e174714d-b5ae-6791-7e05-a6dae00c0681" testName="buscarArticulosTest" computerName="DIEGO-PC" testType="13cdc9d9-ddb5-4fa4-a97d-d965ccfc6d4b" outcome="NotExecuted" testListId="8c84fa94-04c1-424b-9868-57a2d4851a1d" relativeResultsDirectory="32d6c4e7-47e2-42b0-a2ff-6a15a5b351b0">
    </UnitTestResult>
    <UnitTestResult executionId="a4c0d669-9c69-47a6-8401-3eaa3f575291" testId="e23387f5-cbe9-d2c5-d12c-23a1dbe2d390" testName="grabarFacturaTest" computerName="DIEGO-PC" testType="13cdc9d9-ddb5-4fa4-a97d-d965ccfc6d4b" outcome="NotExecuted" testListId="8c84fa94-04c1-424b-9868-57a2d4851a1d" relativeResultsDirectory="a4c0d669-9c69-47a6-8401-3eaa3f575291">
    </UnitTestResult>
    <UnitTestResult executionId="65f6ef01-14bd-4324-9a80-f2719ea38cf3" testId="e2347588-3d57-efa9-6d83-3dfd95e9941d" testName="buscarPorIdTest" computerName="DIEGO-PC" testType="13cdc9d9-ddb5-4fa4-a97d-d965ccfc6d4b" outcome="NotExecuted" testListId="8c84fa94-04c1-424b-9868-57a2d4851a1d" relativeResultsDirectory="65f6ef01-14bd-4324-9a80-f2719ea38cf3">
    </UnitTestResult>
    <UnitTestResult executionId="d25a0f47-4925-4a77-a211-a0fefe13bdf0" testId="e27be593-1d5d-4e60-f221-5154b5c9193c" testName="agregarPatenteTest" computerName="DIEGO-PC" testType="13cdc9d9-ddb5-4fa4-a97d-d965ccfc6d4b" outcome="NotExecuted" testListId="8c84fa94-04c1-424b-9868-57a2d4851a1d" relativeResultsDirectory="d25a0f47-4925-4a77-a211-a0fefe13bdf0">
    </UnitTestResult>
    <UnitTestResult executionId="b9b4558f-4427-469b-bbb4-ac673cd0e31a" testId="e337de86-0746-0ac2-0c5c-30365e74f01b" testName="saveTest" computerName="DIEGO-PC" testType="13cdc9d9-ddb5-4fa4-a97d-d965ccfc6d4b" outcome="NotExecuted" testListId="8c84fa94-04c1-424b-9868-57a2d4851a1d" relativeResultsDirectory="b9b4558f-4427-469b-bbb4-ac673cd0e31a">
    </UnitTestResult>
    <UnitTestResult executionId="e227910f-795d-4fdb-bed0-937794be5746" testId="e3b5610a-399f-d019-a8c3-fe5f24d0c8a6" testName="listarInsumosTest" computerName="DIEGO-PC" testType="13cdc9d9-ddb5-4fa4-a97d-d965ccfc6d4b" outcome="NotExecuted" testListId="8c84fa94-04c1-424b-9868-57a2d4851a1d" relativeResultsDirectory="e227910f-795d-4fdb-bed0-937794be5746">
    </UnitTestResult>
    <UnitTestResult executionId="a7e6476e-30db-4df4-9483-cd27dc7eaf4b" testId="e3f85f2f-8bca-7a73-722e-520143b3f21d" testName="buscarNewsletterParaEnviarTest" computerName="DIEGO-PC" testType="13cdc9d9-ddb5-4fa4-a97d-d965ccfc6d4b" outcome="NotExecuted" testListId="8c84fa94-04c1-424b-9868-57a2d4851a1d" relativeResultsDirectory="a7e6476e-30db-4df4-9483-cd27dc7eaf4b">
    </UnitTestResult>
    <UnitTestResult executionId="c13cf91c-c04c-4c25-84ee-af8b1ed90817" testId="e4b047bc-e01c-35c0-ab7e-ab1c5de8674f" testName="grabarFacturasTest" computerName="DIEGO-PC" testType="13cdc9d9-ddb5-4fa4-a97d-d965ccfc6d4b" outcome="NotExecuted" testListId="8c84fa94-04c1-424b-9868-57a2d4851a1d" relativeResultsDirectory="c13cf91c-c04c-4c25-84ee-af8b1ed90817">
    </UnitTestResult>
    <UnitTestResult executionId="5c5d37fc-af31-4f08-81b0-061991e308e1" testId="e4e7695e-eb86-2e17-0da3-82500c958fe2" testName="actualizarClienteTest" computerName="DIEGO-PC" testType="13cdc9d9-ddb5-4fa4-a97d-d965ccfc6d4b" outcome="NotExecuted" testListId="8c84fa94-04c1-424b-9868-57a2d4851a1d" relativeResultsDirectory="5c5d37fc-af31-4f08-81b0-061991e308e1">
    </UnitTestResult>
    <UnitTestResult executionId="8e5d461d-9be6-48ed-bf7d-9661d437dc79" testId="e4f43342-50bf-4878-e3d3-5afdaa2ddd37" testName="modificarMovimientosClienteTest" computerName="DIEGO-PC" testType="13cdc9d9-ddb5-4fa4-a97d-d965ccfc6d4b" outcome="NotExecuted" testListId="8c84fa94-04c1-424b-9868-57a2d4851a1d" relativeResultsDirectory="8e5d461d-9be6-48ed-bf7d-9661d437dc79">
    </UnitTestResult>
    <UnitTestResult executionId="1ad8a4e3-bce6-4e67-9026-7f4fd39ca1fe" testId="e64170f8-e36a-c642-d97d-54b6bb0553a6" testName="CargarClienteTest" computerName="DIEGO-PC" testType="13cdc9d9-ddb5-4fa4-a97d-d965ccfc6d4b" outcome="NotExecuted" testListId="8c84fa94-04c1-424b-9868-57a2d4851a1d" relativeResultsDirectory="1ad8a4e3-bce6-4e67-9026-7f4fd39ca1fe">
    </UnitTestResult>
    <UnitTestResult executionId="b42ea207-22f1-40a4-81ef-a036ec005c39" testId="e7af5983-4779-41b6-14d3-f05ee86282c2" testName="buscarNewsletterPorIdTest" computerName="DIEGO-PC" testType="13cdc9d9-ddb5-4fa4-a97d-d965ccfc6d4b" outcome="NotExecuted" testListId="8c84fa94-04c1-424b-9868-57a2d4851a1d" relativeResultsDirectory="b42ea207-22f1-40a4-81ef-a036ec005c39">
    </UnitTestResult>
    <UnitTestResult executionId="5f1e10bc-9ff6-4ccc-bf9a-ae97adaec968" testId="e8b1e8f2-7674-bb72-605f-9a7a2bc1bfee" testName="buscarColorConRestriccionesTest" computerName="DIEGO-PC" testType="13cdc9d9-ddb5-4fa4-a97d-d965ccfc6d4b" outcome="NotExecuted" testListId="8c84fa94-04c1-424b-9868-57a2d4851a1d" relativeResultsDirectory="5f1e10bc-9ff6-4ccc-bf9a-ae97adaec968">
    </UnitTestResult>
    <UnitTestResult executionId="ebad7d16-3993-4629-bcc4-8906c3b61619" testId="e97e5cde-c25e-cb0e-69db-a3582bc2ca43" testName="buscarProveedoresPorNombreTest" computerName="DIEGO-PC" testType="13cdc9d9-ddb5-4fa4-a97d-d965ccfc6d4b" outcome="NotExecuted" testListId="8c84fa94-04c1-424b-9868-57a2d4851a1d" relativeResultsDirectory="ebad7d16-3993-4629-bcc4-8906c3b61619">
    </UnitTestResult>
    <UnitTestResult executionId="070434e9-30ea-448d-b77b-d3707225a949" testId="e9b80469-e28c-1b2c-5a36-980b3cb0f728" testName="grabarLineaTest" computerName="DIEGO-PC" testType="13cdc9d9-ddb5-4fa4-a97d-d965ccfc6d4b" outcome="NotExecuted" testListId="8c84fa94-04c1-424b-9868-57a2d4851a1d" relativeResultsDirectory="070434e9-30ea-448d-b77b-d3707225a949">
    </UnitTestResult>
    <UnitTestResult executionId="a917d86d-29d7-473b-b22e-a9b2d15ab2c7" testId="ea022a26-3382-db95-b68b-60ac6f18deb0" testName="CargarClientesTest" computerName="DIEGO-PC" testType="13cdc9d9-ddb5-4fa4-a97d-d965ccfc6d4b" outcome="NotExecuted" testListId="8c84fa94-04c1-424b-9868-57a2d4851a1d" relativeResultsDirectory="a917d86d-29d7-473b-b22e-a9b2d15ab2c7">
    </UnitTestResult>
    <UnitTestResult executionId="9289cbc1-944a-40c8-8af5-6fed29f2ec7a" testId="eb042ce3-5f20-3d74-ebeb-88f3067e39ea" testName="cargarPedidoPorRestriccionesTest" computerName="DIEGO-PC" testType="13cdc9d9-ddb5-4fa4-a97d-d965ccfc6d4b" outcome="NotExecuted" testListId="8c84fa94-04c1-424b-9868-57a2d4851a1d" relativeResultsDirectory="9289cbc1-944a-40c8-8af5-6fed29f2ec7a">
    </UnitTestResult>
    <UnitTestResult executionId="21f09c23-7bab-49ef-9e25-cc56ab5ac057" testId="ecaad254-0b1d-a420-c28a-c8ca0ba7c959" testName="cargarUsuarioPorIdTest" computerName="DIEGO-PC" testType="13cdc9d9-ddb5-4fa4-a97d-d965ccfc6d4b" outcome="NotExecuted" testListId="8c84fa94-04c1-424b-9868-57a2d4851a1d" relativeResultsDirectory="21f09c23-7bab-49ef-9e25-cc56ab5ac057">
    </UnitTestResult>
    <UnitTestResult executionId="648ac8df-f152-4238-99a5-a99ca6ec2899" testId="ecabc92d-2f24-55b0-b16a-755e692c4e1a" testName="calcularFinalizacionTest2" computerName="DIEGO-PC" testType="13cdc9d9-ddb5-4fa4-a97d-d965ccfc6d4b" outcome="NotExecuted" testListId="8c84fa94-04c1-424b-9868-57a2d4851a1d" relativeResultsDirectory="648ac8df-f152-4238-99a5-a99ca6ec2899">
    </UnitTestResult>
    <UnitTestResult executionId="3f5a3d3d-a479-46ce-a409-896e45412955" testId="ecd27a0e-9f35-c43e-8c11-1b73255aae3c" testName="buscarColorTest" computerName="DIEGO-PC" testType="13cdc9d9-ddb5-4fa4-a97d-d965ccfc6d4b" outcome="NotExecuted" testListId="8c84fa94-04c1-424b-9868-57a2d4851a1d" relativeResultsDirectory="3f5a3d3d-a479-46ce-a409-896e45412955">
    </UnitTestResult>
    <UnitTestResult executionId="023be5c8-3176-438c-9664-985cf9544b31" testId="eda2ca79-f409-f699-6d33-a3da45e5d953" testName="listarOpinionesTest" computerName="DIEGO-PC" testType="13cdc9d9-ddb5-4fa4-a97d-d965ccfc6d4b" outcome="NotExecuted" testListId="8c84fa94-04c1-424b-9868-57a2d4851a1d" relativeResultsDirectory="023be5c8-3176-438c-9664-985cf9544b31">
    </UnitTestResult>
    <UnitTestResult executionId="1cde404f-d772-4e39-81f4-ebf53920dcb0" testId="edb7a5b7-9d9c-7fee-8224-ff9d0e654bf2" testName="grabarFamiliaTest" computerName="DIEGO-PC" testType="13cdc9d9-ddb5-4fa4-a97d-d965ccfc6d4b" outcome="NotExecuted" testListId="8c84fa94-04c1-424b-9868-57a2d4851a1d" relativeResultsDirectory="1cde404f-d772-4e39-81f4-ebf53920dcb0">
    </UnitTestResult>
    <UnitTestResult executionId="81b0c9d9-81c6-46aa-b388-bf63a59fe420" testId="ee5f9022-6777-7fb2-dcc5-530f17ab50c0" testName="borrarArticuloTest" computerName="DIEGO-PC" testType="13cdc9d9-ddb5-4fa4-a97d-d965ccfc6d4b" outcome="NotExecuted" testListId="8c84fa94-04c1-424b-9868-57a2d4851a1d" relativeResultsDirectory="81b0c9d9-81c6-46aa-b388-bf63a59fe420">
    </UnitTestResult>
    <UnitTestResult executionId="2fc0c0d8-1199-4454-94dd-ea0cb2093b3f" testId="ef762903-5f73-156d-4c6c-edbea7a556ad" testName="actualizarInsumoTest" computerName="DIEGO-PC" testType="13cdc9d9-ddb5-4fa4-a97d-d965ccfc6d4b" outcome="NotExecuted" testListId="8c84fa94-04c1-424b-9868-57a2d4851a1d" relativeResultsDirectory="2fc0c0d8-1199-4454-94dd-ea0cb2093b3f">
    </UnitTestResult>
    <UnitTestResult executionId="70a89d9a-5789-439c-a81a-ebfa9529a0ff" testId="f07288f5-2f3d-e939-3514-a642579a478e" testName="borrarFamiliaTest" computerName="DIEGO-PC" testType="13cdc9d9-ddb5-4fa4-a97d-d965ccfc6d4b" outcome="NotExecuted" testListId="8c84fa94-04c1-424b-9868-57a2d4851a1d" relativeResultsDirectory="70a89d9a-5789-439c-a81a-ebfa9529a0ff">
    </UnitTestResult>
    <UnitTestResult executionId="95318e07-6d9b-475f-8380-9a7d94d98ac3" testId="f0936119-968f-f4d0-680f-3a810a2a1183" testName="listarProduccionPorArticuloTest" computerName="DIEGO-PC" testType="13cdc9d9-ddb5-4fa4-a97d-d965ccfc6d4b" outcome="NotExecuted" testListId="8c84fa94-04c1-424b-9868-57a2d4851a1d" relativeResultsDirectory="95318e07-6d9b-475f-8380-9a7d94d98ac3">
    </UnitTestResult>
    <UnitTestResult executionId="2504161e-bd98-4fd5-be66-66cb5ecf472e" testId="f376c1cb-6c7e-6565-2dae-0872021038a2" testName="cargarNewsletterTest" computerName="DIEGO-PC" testType="13cdc9d9-ddb5-4fa4-a97d-d965ccfc6d4b" outcome="NotExecuted" testListId="8c84fa94-04c1-424b-9868-57a2d4851a1d" relativeResultsDirectory="2504161e-bd98-4fd5-be66-66cb5ecf472e">
    </UnitTestResult>
    <UnitTestResult executionId="458659a9-9ef5-43bc-8a8d-ca873eb81635" testId="f384b49a-3778-3092-73a3-70a68b63c811" testName="buscarEstadosPorIdTest" computerName="DIEGO-PC" testType="13cdc9d9-ddb5-4fa4-a97d-d965ccfc6d4b" outcome="NotExecuted" testListId="8c84fa94-04c1-424b-9868-57a2d4851a1d" relativeResultsDirectory="458659a9-9ef5-43bc-8a8d-ca873eb81635">
    </UnitTestResult>
    <UnitTestResult executionId="697a9d88-7fcb-4c9f-9ace-7614f39e83cf" testId="f50b51cf-39fa-28c4-720a-03db16299af8" testName="listarInsumosTest" computerName="DIEGO-PC" testType="13cdc9d9-ddb5-4fa4-a97d-d965ccfc6d4b" outcome="NotExecuted" testListId="8c84fa94-04c1-424b-9868-57a2d4851a1d" relativeResultsDirectory="697a9d88-7fcb-4c9f-9ace-7614f39e83cf">
    </UnitTestResult>
    <UnitTestResult executionId="cd46cc98-0039-40a6-aedd-39a84aba1c75" testId="f537791f-903e-76d6-5080-80a4dc15bac2" testName="buscarPorDescripcionTest" computerName="DIEGO-PC" testType="13cdc9d9-ddb5-4fa4-a97d-d965ccfc6d4b" outcome="NotExecuted" testListId="8c84fa94-04c1-424b-9868-57a2d4851a1d" relativeResultsDirectory="cd46cc98-0039-40a6-aedd-39a84aba1c75">
    </UnitTestResult>
    <UnitTestResult executionId="f3de3918-f7a0-4d1d-9de9-3e53f5664ce5" testId="f55d90a1-1701-8dfe-c19c-fedfde1208d9" testName="listarArticulosPorDiseñoTest" computerName="DIEGO-PC" testType="13cdc9d9-ddb5-4fa4-a97d-d965ccfc6d4b" outcome="NotExecuted" testListId="8c84fa94-04c1-424b-9868-57a2d4851a1d" relativeResultsDirectory="f3de3918-f7a0-4d1d-9de9-3e53f5664ce5">
    </UnitTestResult>
    <UnitTestResult executionId="a8b59de6-5426-4bf7-91f1-6f2d02da1fda" testId="f58b52d0-5450-8dbe-40cd-ee9f7307e372" testName="grabarPedidoTest" computerName="DIEGO-PC" testType="13cdc9d9-ddb5-4fa4-a97d-d965ccfc6d4b" outcome="NotExecuted" testListId="8c84fa94-04c1-424b-9868-57a2d4851a1d" relativeResultsDirectory="a8b59de6-5426-4bf7-91f1-6f2d02da1fda">
    </UnitTestResult>
    <UnitTestResult executionId="d2cebf25-30a0-427d-97d5-845dcbac1bfc" testId="f6ab254b-b89e-8f66-b003-59dd11d22e62" testName="buscarTipoPedidosTest" computerName="DIEGO-PC" testType="13cdc9d9-ddb5-4fa4-a97d-d965ccfc6d4b" outcome="NotExecuted" testListId="8c84fa94-04c1-424b-9868-57a2d4851a1d" relativeResultsDirectory="d2cebf25-30a0-427d-97d5-845dcbac1bfc">
    </UnitTestResult>
    <UnitTestResult executionId="6a35818d-5283-4117-9a1f-aebd093cc294" testId="f6c04c30-f707-2281-f731-8598fcdc8f9b" testName="actualizarNewsletterTest" computerName="DIEGO-PC" testType="13cdc9d9-ddb5-4fa4-a97d-d965ccfc6d4b" outcome="NotExecuted" testListId="8c84fa94-04c1-424b-9868-57a2d4851a1d" relativeResultsDirectory="6a35818d-5283-4117-9a1f-aebd093cc294">
    </UnitTestResult>
    <UnitTestResult executionId="fc57f67b-636b-422f-ae7b-3fbcad10627b" testId="f781ffff-ff93-71bc-5f5f-c8442c8a1cc0" testName="grabarMovimientosClienteTest" computerName="DIEGO-PC" testType="13cdc9d9-ddb5-4fa4-a97d-d965ccfc6d4b" outcome="NotExecuted" testListId="8c84fa94-04c1-424b-9868-57a2d4851a1d" relativeResultsDirectory="fc57f67b-636b-422f-ae7b-3fbcad10627b">
    </UnitTestResult>
    <UnitTestResult executionId="db570560-2f87-4b1a-b86b-d6d9a46c4dd1" testId="f8f00cb1-b7c7-8a4f-6936-45675a68da47" testName="guardarArticuloTest" computerName="DIEGO-PC" testType="13cdc9d9-ddb5-4fa4-a97d-d965ccfc6d4b" outcome="NotExecuted" testListId="8c84fa94-04c1-424b-9868-57a2d4851a1d" relativeResultsDirectory="db570560-2f87-4b1a-b86b-d6d9a46c4dd1">
    </UnitTestResult>
    <UnitTestResult executionId="7c21f31a-d134-42ac-9720-5becc8fc7031" testId="f90684a7-a79c-7fc4-62c1-2b02b1a46484" testName="buscarDiseñoPorIdTest" computerName="DIEGO-PC" testType="13cdc9d9-ddb5-4fa4-a97d-d965ccfc6d4b" outcome="NotExecuted" testListId="8c84fa94-04c1-424b-9868-57a2d4851a1d" relativeResultsDirectory="7c21f31a-d134-42ac-9720-5becc8fc7031">
    </UnitTestResult>
    <UnitTestResult executionId="3def6bd5-ab63-4066-b7e4-be331ad2a499" testId="f90c4160-5714-951f-7521-1af6d342eb17" testName="calcularTimepoTrabajoTest" computerName="DIEGO-PC" testType="13cdc9d9-ddb5-4fa4-a97d-d965ccfc6d4b" outcome="NotExecuted" testListId="8c84fa94-04c1-424b-9868-57a2d4851a1d" relativeResultsDirectory="3def6bd5-ab63-4066-b7e4-be331ad2a499">
    </UnitTestResult>
    <UnitTestResult executionId="9dcf206d-4cf9-4a5d-9f40-32363aebe791" testId="fb8dd2a9-a240-beb6-bd3d-66e4ba26b2aa" testName="cargarMaquinasAptasTest" computerName="DIEGO-PC" testType="13cdc9d9-ddb5-4fa4-a97d-d965ccfc6d4b" outcome="NotExecuted" testListId="8c84fa94-04c1-424b-9868-57a2d4851a1d" relativeResultsDirectory="9dcf206d-4cf9-4a5d-9f40-32363aebe791">
    </UnitTestResult>
    <UnitTestResult executionId="e532da0d-7d67-4a10-b24b-d2c57443609f" testId="fc8d00d7-7a7a-f0f3-a11d-98015016e42e" testName="borrarHistoricoEstadosTest" computerName="DIEGO-PC" testType="13cdc9d9-ddb5-4fa4-a97d-d965ccfc6d4b" outcome="NotExecuted" testListId="8c84fa94-04c1-424b-9868-57a2d4851a1d" relativeResultsDirectory="e532da0d-7d67-4a10-b24b-d2c57443609f">
    </UnitTestResult>
    <UnitTestResult executionId="ec43139b-cc75-47b6-ad57-761288a77f6a" testId="fc8e027e-d84b-5121-34bf-469313af48e4" testName="cargarMensajePorConversacionTest" computerName="DIEGO-PC" testType="13cdc9d9-ddb5-4fa4-a97d-d965ccfc6d4b" outcome="NotExecuted" testListId="8c84fa94-04c1-424b-9868-57a2d4851a1d" relativeResultsDirectory="ec43139b-cc75-47b6-ad57-761288a77f6a">
    </UnitTestResult>
    <UnitTestResult executionId="094ffc52-ce46-4566-a9a1-b1291764d288" testId="fdbcf997-f735-49dd-2d86-a367fe3813bc" testName="grabarTest" computerName="DIEGO-PC" testType="13cdc9d9-ddb5-4fa4-a97d-d965ccfc6d4b" outcome="NotExecuted" testListId="8c84fa94-04c1-424b-9868-57a2d4851a1d" relativeResultsDirectory="094ffc52-ce46-4566-a9a1-b1291764d288">
    </UnitTestResult>
    <UnitTestResult executionId="5c989c8b-fa22-4f29-8472-7d9a5b0b9da7" testId="fe73d6a0-344d-935f-fa47-83db37554a24" testName="listaPatentesTest" computerName="DIEGO-PC" testType="13cdc9d9-ddb5-4fa4-a97d-d965ccfc6d4b" outcome="NotExecuted" testListId="8c84fa94-04c1-424b-9868-57a2d4851a1d" relativeResultsDirectory="5c989c8b-fa22-4f29-8472-7d9a5b0b9da7">
    </UnitTestResult>
    <UnitTestResult executionId="cfbe95f7-abfe-4b3f-9b71-4c24ddf123e4" testId="fe850dae-beb0-69bb-1831-4463cca49bfb" testName="grabarOpinionTest" computerName="DIEGO-PC" testType="13cdc9d9-ddb5-4fa4-a97d-d965ccfc6d4b" outcome="NotExecuted" testListId="8c84fa94-04c1-424b-9868-57a2d4851a1d" relativeResultsDirectory="cfbe95f7-abfe-4b3f-9b71-4c24ddf123e4">
    </UnitTestResult>
    <UnitTestResult executionId="b4f5a9d2-097d-4a34-9096-541f49c7abd6" testId="fed9e610-805c-d98a-9231-d2a52d8e3441" testName="modificarMaquinaTest" computerName="DIEGO-PC" testType="13cdc9d9-ddb5-4fa4-a97d-d965ccfc6d4b" outcome="NotExecuted" testListId="8c84fa94-04c1-424b-9868-57a2d4851a1d" relativeResultsDirectory="b4f5a9d2-097d-4a34-9096-541f49c7abd6">
    </UnitTestResult>
  </Results>
</TestRun>