<?xml version="1.0" encoding="UTF-8"?>
<TestRun id="fb8b55f4-7903-4c4c-b3a0-d9532e22b249" name="Diego@DIEGO-PC 2012-11-19 19:37:17" runUser="Diego-PC\Diego" xmlns="http://microsoft.com/schemas/VisualStudio/TeamTest/2010">
  <TestSettings name="Local" id="ef2db5f0-3f45-4aad-a578-8bde204c9147">
    <Description>These are default test settings for a local test run.</Description>
    <Deployment enabled="false" runDeploymentRoot="Diego_DIEGO-PC 2012-11-19 19_37_17">
      <DeploymentItem filename="C:\Users\Diego\Documents\Visual Studio 2010\Projects\Uniprof\Dominio\bin\Release\Dominio.dll" />
      <DeploymentItem filename="C:\Users\Diego\Documents\Visual Studio 2010\Projects\Uniprof\Negocio\bin\Release\Negocio.dll" />
      <DeploymentItem filename="C:\Users\Diego\Documents\Visual Studio 2010\Projects\Uniprof\Repositorio\bin\Release\Repositorio.dll" />
      <DeploymentItem filename="C:\Users\Diego\Documents\Visual Studio 2010\Projects\Uniprof\Seguridad\bin\Release\Seguridad.dll" />
    </Deployment>
    <Execution>
      <TestTypeSpecific />
      <AgentRule name="Execution Agents">
      </AgentRule>
    </Execution>
  </TestSettings>
  <Times creation="2012-11-19T19:37:17.5797532-03:00" queuing="2012-11-19T19:37:18.1767873-03:00" start="2012-11-19T19:37:20.8819421-03:00" finish="2012-11-19T19:38:29.9528927-03:00" />
  <ResultSummary outcome="Completed">
    <Counters total="407" executed="407" passed="407" error="0" failed="0" timeout="0" aborted="0" inconclusive="0" passedButRunAborted="0" notRunnable="0" notExecuted="0" disconnected="0" warning="0" completed="0" inProgress="0" pending="0" />
  </ResultSummary>
  <TestDefinitions>
    <UnitTest name="grabarMovimientoTest" storage="c:\users\diego\documents\visual studio 2010\projects\uniprof\tests\bin\release\tests.dll" id="896a2208-4c38-b781-3b7e-b236d6d81cd2">
      <Execution id="ae6f106c-b2fb-4219-9869-0834ac8cc773" />
      <TestMethod codeBase="C:/Users/Diego/Documents/Visual Studio 2010/Projects/Uniprof/Tests/bin/Release/Tests.DLL" adapterTypeName="Microsoft.VisualStudio.TestTools.TestTypes.Unit.UnitTestAdapter, Microsoft.VisualStudio.QualityTools.Tips.UnitTest.Adapter, Version=10.0.0.0, Culture=neutral, PublicKeyToken=b03f5f7f11d50a3a" className="Tests.MovimientoProveedorBusinessTest, Tests, Version=1.0.0.0, Culture=neutral, PublicKeyToken=null" name="grabarMovimientoTest" />
    </UnitTest>
    <UnitTest name="actualizarUsuarioTest" storage="c:\users\diego\documents\visual studio 2010\projects\uniprof\tests\bin\release\tests.dll" id="0bbd7a33-36a4-99a4-2cd0-83fd451fea26">
      <Execution id="c56fe2c2-5622-42eb-ac2f-8e83c2154a21" />
      <TestMethod codeBase="C:/Users/Diego/Documents/Visual Studio 2010/Projects/Uniprof/Tests/bin/Release/Tests.DLL" adapterTypeName="Microsoft.VisualStudio.TestTools.TestTypes.Unit.UnitTestAdapter, Microsoft.VisualStudio.QualityTools.Tips.UnitTest.Adapter, Version=10.0.0.0, Culture=neutral, PublicKeyToken=b03f5f7f11d50a3a" className="Tests.UsuarioRepositorioTest, Tests, Version=1.0.0.0, Culture=neutral, PublicKeyToken=null" name="actualizarUsuarioTest" />
    </UnitTest>
    <UnitTest name="cargarNewsletterTest" storage="c:\users\diego\documents\visual studio 2010\projects\uniprof\tests\bin\release\tests.dll" id="f376c1cb-6c7e-6565-2dae-0872021038a2">
      <Execution id="5ac3bc16-a14e-4de1-9ecd-cefad97d961f" />
      <TestMethod codeBase="C:/Users/Diego/Documents/Visual Studio 2010/Projects/Uniprof/Tests/bin/Release/Tests.DLL" adapterTypeName="Microsoft.VisualStudio.TestTools.TestTypes.Unit.UnitTestAdapter, Microsoft.VisualStudio.QualityTools.Tips.UnitTest.Adapter, Version=10.0.0.0, Culture=neutral, PublicKeyToken=b03f5f7f11d50a3a" className="Tests.NewsletterTDGTest, Tests, Version=1.0.0.0, Culture=neutral, PublicKeyToken=null" name="cargarNewsletterTest" />
    </UnitTest>
    <UnitTest name="modificarFacturasTest" storage="c:\users\diego\documents\visual studio 2010\projects\uniprof\tests\bin\release\tests.dll" id="7eda418a-e258-a33c-7890-73630dd7266c">
      <Execution id="7628f99c-2bd5-437d-8cda-14ea6e482c57" />
      <TestMethod codeBase="C:/Users/Diego/Documents/Visual Studio 2010/Projects/Uniprof/Tests/bin/Release/Tests.DLL" adapterTypeName="Microsoft.VisualStudio.TestTools.TestTypes.Unit.UnitTestAdapter, Microsoft.VisualStudio.QualityTools.Tips.UnitTest.Adapter, Version=10.0.0.0, Culture=neutral, PublicKeyToken=b03f5f7f11d50a3a" className="Tests.OrdenDeCompraTDGTest, Tests, Version=1.0.0.0, Culture=neutral, PublicKeyToken=null" name="modificarFacturasTest" />
    </UnitTest>
    <UnitTest name="cargarMensajePorUsuariosTest" storage="c:\users\diego\documents\visual studio 2010\projects\uniprof\tests\bin\release\tests.dll" id="2dd0d705-2d7c-e989-e9d2-1892c8b66262">
      <Execution id="832fe51b-c6ef-47a8-84e5-5c76841c2da0" />
      <TestMethod codeBase="C:/Users/Diego/Documents/Visual Studio 2010/Projects/Uniprof/Tests/bin/Release/Tests.DLL" adapterTypeName="Microsoft.VisualStudio.TestTools.TestTypes.Unit.UnitTestAdapter, Microsoft.VisualStudio.QualityTools.Tips.UnitTest.Adapter, Version=10.0.0.0, Culture=neutral, PublicKeyToken=b03f5f7f11d50a3a" className="Tests.ConversacionTDGTest, Tests, Version=1.0.0.0, Culture=neutral, PublicKeyToken=null" name="cargarMensajePorUsuariosTest" />
    </UnitTest>
    <UnitTest name="modificarProduccionTest" storage="c:\users\diego\documents\visual studio 2010\projects\uniprof\tests\bin\release\tests.dll" id="bf3337bc-4ebe-14d7-ffa9-91df711ba6a0">
      <Execution id="04436c68-558e-480a-a347-c205a45defed" />
      <TestMethod codeBase="C:/Users/Diego/Documents/Visual Studio 2010/Projects/Uniprof/Tests/bin/Release/Tests.DLL" adapterTypeName="Microsoft.VisualStudio.TestTools.TestTypes.Unit.UnitTestAdapter, Microsoft.VisualStudio.QualityTools.Tips.UnitTest.Adapter, Version=10.0.0.0, Culture=neutral, PublicKeyToken=b03f5f7f11d50a3a" className="Tests.ProduccionTDGTest, Tests, Version=1.0.0.0, Culture=neutral, PublicKeyToken=null" name="modificarProduccionTest" />
    </UnitTest>
    <UnitTest name="listarNewsletterTest" storage="c:\users\diego\documents\visual studio 2010\projects\uniprof\tests\bin\release\tests.dll" id="b6d2504c-fd0b-46f0-ca34-952aa534d5bc">
      <Execution id="ed287a0c-eace-493c-9d9b-e37688732347" />
      <TestMethod codeBase="C:/Users/Diego/Documents/Visual Studio 2010/Projects/Uniprof/Tests/bin/Release/Tests.DLL" adapterTypeName="Microsoft.VisualStudio.TestTools.TestTypes.Unit.UnitTestAdapter, Microsoft.VisualStudio.QualityTools.Tips.UnitTest.Adapter, Version=10.0.0.0, Culture=neutral, PublicKeyToken=b03f5f7f11d50a3a" className="Tests.NewsletterRepositorioTest, Tests, Version=1.0.0.0, Culture=neutral, PublicKeyToken=null" name="listarNewsletterTest" />
    </UnitTest>
    <UnitTest name="cargarMovimientosTest" storage="c:\users\diego\documents\visual studio 2010\projects\uniprof\tests\bin\release\tests.dll" id="29a5da4e-65d5-0422-5e68-618976117f03">
      <Execution id="7d634e62-6187-421b-8525-fe2e7cc98dd0" />
      <TestMethod codeBase="C:/Users/Diego/Documents/Visual Studio 2010/Projects/Uniprof/Tests/bin/Release/Tests.DLL" adapterTypeName="Microsoft.VisualStudio.TestTools.TestTypes.Unit.UnitTestAdapter, Microsoft.VisualStudio.QualityTools.Tips.UnitTest.Adapter, Version=10.0.0.0, Culture=neutral, PublicKeyToken=b03f5f7f11d50a3a" className="Tests.MovimientoCuentaProveedorTDGTest, Tests, Version=1.0.0.0, Culture=neutral, PublicKeyToken=null" name="cargarMovimientosTest" />
    </UnitTest>
    <UnitTest name="listarMensajesTest" storage="c:\users\diego\documents\visual studio 2010\projects\uniprof\tests\bin\release\tests.dll" id="3323acf7-8dc7-360e-f0a1-c4a2fbb9a91e">
      <Execution id="22b16e1f-50e0-41e7-a707-b7d621b3df00" />
      <TestMethod codeBase="C:/Users/Diego/Documents/Visual Studio 2010/Projects/Uniprof/Tests/bin/Release/Tests.DLL" adapterTypeName="Microsoft.VisualStudio.TestTools.TestTypes.Unit.UnitTestAdapter, Microsoft.VisualStudio.QualityTools.Tips.UnitTest.Adapter, Version=10.0.0.0, Culture=neutral, PublicKeyToken=b03f5f7f11d50a3a" className="Tests.MensajeRepositorioTest, Tests, Version=1.0.0.0, Culture=neutral, PublicKeyToken=null" name="listarMensajesTest" />
    </UnitTest>
    <UnitTest name="cargarPedidoPorRestriccionesTest" storage="c:\users\diego\documents\visual studio 2010\projects\uniprof\tests\bin\release\tests.dll" id="eb042ce3-5f20-3d74-ebeb-88f3067e39ea">
      <Execution id="9d134098-0992-4a6d-af2f-665d55550fbe" />
      <TestMethod codeBase="C:/Users/Diego/Documents/Visual Studio 2010/Projects/Uniprof/Tests/bin/Release/Tests.DLL" adapterTypeName="Microsoft.VisualStudio.TestTools.TestTypes.Unit.UnitTestAdapter, Microsoft.VisualStudio.QualityTools.Tips.UnitTest.Adapter, Version=10.0.0.0, Culture=neutral, PublicKeyToken=b03f5f7f11d50a3a" className="Tests.PedidoTDGTest, Tests, Version=1.0.0.0, Culture=neutral, PublicKeyToken=null" name="cargarPedidoPorRestriccionesTest" />
    </UnitTest>
    <UnitTest name="borrarTest" storage="c:\users\diego\documents\visual studio 2010\projects\uniprof\tests\bin\release\tests.dll" id="e020cadd-bd50-d44d-30aa-ba2f497b2887">
      <Execution id="cedb8ca1-e7db-4783-b34a-ecddab2bcd7b" />
      <TestMethod codeBase="C:/Users/Diego/Documents/Visual Studio 2010/Projects/Uniprof/Tests/bin/Release/Tests.DLL" adapterTypeName="Microsoft.VisualStudio.TestTools.TestTypes.Unit.UnitTestAdapter, Microsoft.VisualStudio.QualityTools.Tips.UnitTest.Adapter, Version=10.0.0.0, Culture=neutral, PublicKeyToken=b03f5f7f11d50a3a" className="Tests.ConversacionBusinessTest, Tests, Version=1.0.0.0, Culture=neutral, PublicKeyToken=null" name="borrarTest" />
    </UnitTest>
    <UnitTest name="buscarInsumosTest" storage="c:\users\diego\documents\visual studio 2010\projects\uniprof\tests\bin\release\tests.dll" id="5d206a37-78a3-f908-c018-7a5a53253c75">
      <Execution id="df2184e8-e349-496b-84d7-974ba141d473" />
      <TestMethod codeBase="C:/Users/Diego/Documents/Visual Studio 2010/Projects/Uniprof/Tests/bin/Release/Tests.DLL" adapterTypeName="Microsoft.VisualStudio.TestTools.TestTypes.Unit.UnitTestAdapter, Microsoft.VisualStudio.QualityTools.Tips.UnitTest.Adapter, Version=10.0.0.0, Culture=neutral, PublicKeyToken=b03f5f7f11d50a3a" className="Tests.InsumoTDGTest, Tests, Version=1.0.0.0, Culture=neutral, PublicKeyToken=null" name="buscarInsumosTest" />
    </UnitTest>
    <UnitTest name="modificarMaquinasTest" storage="c:\users\diego\documents\visual studio 2010\projects\uniprof\tests\bin\release\tests.dll" id="96881fe6-dfde-90d7-168b-7e0645c53ba0">
      <Execution id="21709507-0d7f-4835-9561-77d1a7a8c3c7" />
      <TestMethod codeBase="C:/Users/Diego/Documents/Visual Studio 2010/Projects/Uniprof/Tests/bin/Release/Tests.DLL" adapterTypeName="Microsoft.VisualStudio.TestTools.TestTypes.Unit.UnitTestAdapter, Microsoft.VisualStudio.QualityTools.Tips.UnitTest.Adapter, Version=10.0.0.0, Culture=neutral, PublicKeyToken=b03f5f7f11d50a3a" className="Tests.MaquinaTDGTest, Tests, Version=1.0.0.0, Culture=neutral, PublicKeyToken=null" name="modificarMaquinasTest" />
    </UnitTest>
    <UnitTest name="listarPedidosConRestriccionTest" storage="c:\users\diego\documents\visual studio 2010\projects\uniprof\tests\bin\release\tests.dll" id="b6c93299-c437-e1df-d8ec-dc7e1e4a6bba">
      <Execution id="a4c8d33c-4a3d-4a37-a5a5-e5e1d103defd" />
      <TestMethod codeBase="C:/Users/Diego/Documents/Visual Studio 2010/Projects/Uniprof/Tests/bin/Release/Tests.DLL" adapterTypeName="Microsoft.VisualStudio.TestTools.TestTypes.Unit.UnitTestAdapter, Microsoft.VisualStudio.QualityTools.Tips.UnitTest.Adapter, Version=10.0.0.0, Culture=neutral, PublicKeyToken=b03f5f7f11d50a3a" className="Tests.PedidoRepositorioTest, Tests, Version=1.0.0.0, Culture=neutral, PublicKeyToken=null" name="listarPedidosConRestriccionTest" />
    </UnitTest>
    <UnitTest name="buscarTipoCuentasTest" storage="c:\users\diego\documents\visual studio 2010\projects\uniprof\tests\bin\release\tests.dll" id="967eb374-2104-1acf-4901-5331861aa4b4">
      <Execution id="81887d30-1920-47af-96c5-3f5ba8420b33" />
      <TestMethod codeBase="C:/Users/Diego/Documents/Visual Studio 2010/Projects/Uniprof/Tests/bin/Release/Tests.DLL" adapterTypeName="Microsoft.VisualStudio.TestTools.TestTypes.Unit.UnitTestAdapter, Microsoft.VisualStudio.QualityTools.Tips.UnitTest.Adapter, Version=10.0.0.0, Culture=neutral, PublicKeyToken=b03f5f7f11d50a3a" className="Tests.CuentaTDGTest, Tests, Version=1.0.0.0, Culture=neutral, PublicKeyToken=null" name="buscarTipoCuentasTest" />
    </UnitTest>
    <UnitTest name="grabarNuevoPedidoTest" storage="c:\users\diego\documents\visual studio 2010\projects\uniprof\tests\bin\release\tests.dll" id="6fccfc0c-3386-fa76-9bb6-5cb2884d04d6">
      <Execution id="97f3c5b4-cfe3-4e3c-8b5c-5cc86339176f" />
      <TestMethod codeBase="C:/Users/Diego/Documents/Visual Studio 2010/Projects/Uniprof/Tests/bin/Release/Tests.DLL" adapterTypeName="Microsoft.VisualStudio.TestTools.TestTypes.Unit.UnitTestAdapter, Microsoft.VisualStudio.QualityTools.Tips.UnitTest.Adapter, Version=10.0.0.0, Culture=neutral, PublicKeyToken=b03f5f7f11d50a3a" className="Tests.PedidoTDGTest, Tests, Version=1.0.0.0, Culture=neutral, PublicKeyToken=null" name="grabarNuevoPedidoTest" />
    </UnitTest>
    <UnitTest name="buscarTodoTest" storage="c:\users\diego\documents\visual studio 2010\projects\uniprof\tests\bin\release\tests.dll" id="b98676fe-ee87-56df-eacd-dd7ebb6e2cd3">
      <Execution id="686269a5-6bcd-47e8-9c87-2a8f437b3058" />
      <TestMethod codeBase="C:/Users/Diego/Documents/Visual Studio 2010/Projects/Uniprof/Tests/bin/Release/Tests.DLL" adapterTypeName="Microsoft.VisualStudio.TestTools.TestTypes.Unit.UnitTestAdapter, Microsoft.VisualStudio.QualityTools.Tips.UnitTest.Adapter, Version=10.0.0.0, Culture=neutral, PublicKeyToken=b03f5f7f11d50a3a" className="Tests.TipoInsumoTDGTest, Tests, Version=1.0.0.0, Culture=neutral, PublicKeyToken=null" name="buscarTodoTest" />
    </UnitTest>
    <UnitTest name="buscarEstadosPorIdTest" storage="c:\users\diego\documents\visual studio 2010\projects\uniprof\tests\bin\release\tests.dll" id="390965ee-b707-eb4d-f805-7a307d4ab7fa">
      <Execution id="64eeb8ea-07d6-4957-8056-9b51cacabe9e" />
      <TestMethod codeBase="C:/Users/Diego/Documents/Visual Studio 2010/Projects/Uniprof/Tests/bin/Release/Tests.DLL" adapterTypeName="Microsoft.VisualStudio.TestTools.TestTypes.Unit.UnitTestAdapter, Microsoft.VisualStudio.QualityTools.Tips.UnitTest.Adapter, Version=10.0.0.0, Culture=neutral, PublicKeyToken=b03f5f7f11d50a3a" className="Tests.EstadoPedidoTDGTest, Tests, Version=1.0.0.0, Culture=neutral, PublicKeyToken=null" name="buscarEstadosPorIdTest" />
    </UnitTest>
    <UnitTest name="grabarMovimientoTest" storage="c:\users\diego\documents\visual studio 2010\projects\uniprof\tests\bin\release\tests.dll" id="15781058-9d50-4692-2e7e-53db8e43c13c">
      <Execution id="e2b9c501-4775-441b-9643-41f5bca3b11b" />
      <TestMethod codeBase="C:/Users/Diego/Documents/Visual Studio 2010/Projects/Uniprof/Tests/bin/Release/Tests.DLL" adapterTypeName="Microsoft.VisualStudio.TestTools.TestTypes.Unit.UnitTestAdapter, Microsoft.VisualStudio.QualityTools.Tips.UnitTest.Adapter, Version=10.0.0.0, Culture=neutral, PublicKeyToken=b03f5f7f11d50a3a" className="Tests.MovimientoCuentaClienteRepositorioTest, Tests, Version=1.0.0.0, Culture=neutral, PublicKeyToken=null" name="grabarMovimientoTest" />
    </UnitTest>
    <UnitTest name="listarOrdenDeComprasPorMovimientoTest" storage="c:\users\diego\documents\visual studio 2010\projects\uniprof\tests\bin\release\tests.dll" id="d3580286-a69a-cc57-bea0-cea793fc0992">
      <Execution id="bbed6389-5f79-4225-9a56-e15db14e1135" />
      <TestMethod codeBase="C:/Users/Diego/Documents/Visual Studio 2010/Projects/Uniprof/Tests/bin/Release/Tests.DLL" adapterTypeName="Microsoft.VisualStudio.TestTools.TestTypes.Unit.UnitTestAdapter, Microsoft.VisualStudio.QualityTools.Tips.UnitTest.Adapter, Version=10.0.0.0, Culture=neutral, PublicKeyToken=b03f5f7f11d50a3a" className="Tests.OrdenCompraRepositorioTest, Tests, Version=1.0.0.0, Culture=neutral, PublicKeyToken=null" name="listarOrdenDeComprasPorMovimientoTest" />
    </UnitTest>
    <UnitTest name="cargarMovimientosTest" storage="c:\users\diego\documents\visual studio 2010\projects\uniprof\tests\bin\release\tests.dll" id="69fa372c-7458-f7f0-5041-7bf40151831d">
      <Execution id="0f7a53ad-e50d-4f87-84bd-c4e382e0f586" />
      <TestMethod codeBase="C:/Users/Diego/Documents/Visual Studio 2010/Projects/Uniprof/Tests/bin/Release/Tests.DLL" adapterTypeName="Microsoft.VisualStudio.TestTools.TestTypes.Unit.UnitTestAdapter, Microsoft.VisualStudio.QualityTools.Tips.UnitTest.Adapter, Version=10.0.0.0, Culture=neutral, PublicKeyToken=b03f5f7f11d50a3a" className="Tests.MovimientoCuentaClienteTDGTest, Tests, Version=1.0.0.0, Culture=neutral, PublicKeyToken=null" name="cargarMovimientosTest" />
    </UnitTest>
    <UnitTest name="borrarClienteTest" storage="c:\users\diego\documents\visual studio 2010\projects\uniprof\tests\bin\release\tests.dll" id="62392e62-abcf-2bb0-a872-aa102226687e">
      <Execution id="e916158d-dd5f-474a-90d7-389a1e2019a9" />
      <TestMethod codeBase="C:/Users/Diego/Documents/Visual Studio 2010/Projects/Uniprof/Tests/bin/Release/Tests.DLL" adapterTypeName="Microsoft.VisualStudio.TestTools.TestTypes.Unit.UnitTestAdapter, Microsoft.VisualStudio.QualityTools.Tips.UnitTest.Adapter, Version=10.0.0.0, Culture=neutral, PublicKeyToken=b03f5f7f11d50a3a" className="Tests.ClienteRepositorioTest, Tests, Version=1.0.0.0, Culture=neutral, PublicKeyToken=null" name="borrarClienteTest" />
    </UnitTest>
    <UnitTest name="modificarMovimientosClienteTest" storage="c:\users\diego\documents\visual studio 2010\projects\uniprof\tests\bin\release\tests.dll" id="e4f43342-50bf-4878-e3d3-5afdaa2ddd37">
      <Execution id="fb1af492-4d62-4407-9024-21a1bcd8696c" />
      <TestMethod codeBase="C:/Users/Diego/Documents/Visual Studio 2010/Projects/Uniprof/Tests/bin/Release/Tests.DLL" adapterTypeName="Microsoft.VisualStudio.TestTools.TestTypes.Unit.UnitTestAdapter, Microsoft.VisualStudio.QualityTools.Tips.UnitTest.Adapter, Version=10.0.0.0, Culture=neutral, PublicKeyToken=b03f5f7f11d50a3a" className="Tests.MovimientoCuentaClienteTDGTest, Tests, Version=1.0.0.0, Culture=neutral, PublicKeyToken=null" name="modificarMovimientosClienteTest" />
    </UnitTest>
    <UnitTest name="grabarTipoPrendaTest" storage="c:\users\diego\documents\visual studio 2010\projects\uniprof\tests\bin\release\tests.dll" id="dc17c55e-f745-25bd-9dae-5c78f5bb2176">
      <Execution id="2334403d-34d0-4e37-954c-977b9b14b467" />
      <TestMethod codeBase="C:/Users/Diego/Documents/Visual Studio 2010/Projects/Uniprof/Tests/bin/Release/Tests.DLL" adapterTypeName="Microsoft.VisualStudio.TestTools.TestTypes.Unit.UnitTestAdapter, Microsoft.VisualStudio.QualityTools.Tips.UnitTest.Adapter, Version=10.0.0.0, Culture=neutral, PublicKeyToken=b03f5f7f11d50a3a" className="Tests.TipoPrendaTDGTest, Tests, Version=1.0.0.0, Culture=neutral, PublicKeyToken=null" name="grabarTipoPrendaTest" />
    </UnitTest>
    <UnitTest name="buscarMovimintosTest" storage="c:\users\diego\documents\visual studio 2010\projects\uniprof\tests\bin\release\tests.dll" id="b757834a-da0f-6514-4f88-5f56b32e1557">
      <Execution id="4f70b825-12a9-4f98-a28a-24642288e8a3" />
      <TestMethod codeBase="C:/Users/Diego/Documents/Visual Studio 2010/Projects/Uniprof/Tests/bin/Release/Tests.DLL" adapterTypeName="Microsoft.VisualStudio.TestTools.TestTypes.Unit.UnitTestAdapter, Microsoft.VisualStudio.QualityTools.Tips.UnitTest.Adapter, Version=10.0.0.0, Culture=neutral, PublicKeyToken=b03f5f7f11d50a3a" className="Tests.MovimientoCuentaProveedorRepositorioTest, Tests, Version=1.0.0.0, Culture=neutral, PublicKeyToken=null" name="buscarMovimintosTest" />
    </UnitTest>
    <UnitTest name="cargarUsuarioConRestriccionesTest" storage="c:\users\diego\documents\visual studio 2010\projects\uniprof\tests\bin\release\tests.dll" id="d9f16886-57f7-8858-0bb0-758babcd4a82">
      <Execution id="c1f6fb55-c3b3-4cc0-8834-0e778cc263a0" />
      <TestMethod codeBase="C:/Users/Diego/Documents/Visual Studio 2010/Projects/Uniprof/Tests/bin/Release/Tests.DLL" adapterTypeName="Microsoft.VisualStudio.TestTools.TestTypes.Unit.UnitTestAdapter, Microsoft.VisualStudio.QualityTools.Tips.UnitTest.Adapter, Version=10.0.0.0, Culture=neutral, PublicKeyToken=b03f5f7f11d50a3a" className="Tests.UsuarioRepositorioTest, Tests, Version=1.0.0.0, Culture=neutral, PublicKeyToken=null" name="cargarUsuarioConRestriccionesTest" />
    </UnitTest>
    <UnitTest name="borrarMovimientosClienteTest" storage="c:\users\diego\documents\visual studio 2010\projects\uniprof\tests\bin\release\tests.dll" id="688ff74d-915e-d560-41c3-a70549298345">
      <Execution id="053d09d5-081d-4919-9b7c-2b1e3196c418" />
      <TestMethod codeBase="C:/Users/Diego/Documents/Visual Studio 2010/Projects/Uniprof/Tests/bin/Release/Tests.DLL" adapterTypeName="Microsoft.VisualStudio.TestTools.TestTypes.Unit.UnitTestAdapter, Microsoft.VisualStudio.QualityTools.Tips.UnitTest.Adapter, Version=10.0.0.0, Culture=neutral, PublicKeyToken=b03f5f7f11d50a3a" className="Tests.MovimientoCuentaProveedorTDGTest, Tests, Version=1.0.0.0, Culture=neutral, PublicKeyToken=null" name="borrarMovimientosClienteTest" />
    </UnitTest>
    <UnitTest name="borrarMaquinasTest" storage="c:\users\diego\documents\visual studio 2010\projects\uniprof\tests\bin\release\tests.dll" id="2f942134-eb39-049b-9e6e-2f42e91a8a19">
      <Execution id="7a0c24e3-b9b8-4b57-9c51-8aa39de7be2e" />
      <TestMethod codeBase="C:/Users/Diego/Documents/Visual Studio 2010/Projects/Uniprof/Tests/bin/Release/Tests.DLL" adapterTypeName="Microsoft.VisualStudio.TestTools.TestTypes.Unit.UnitTestAdapter, Microsoft.VisualStudio.QualityTools.Tips.UnitTest.Adapter, Version=10.0.0.0, Culture=neutral, PublicKeyToken=b03f5f7f11d50a3a" className="Tests.MaquinaTDGTest, Tests, Version=1.0.0.0, Culture=neutral, PublicKeyToken=null" name="borrarMaquinasTest" />
    </UnitTest>
    <UnitTest name="listarProduccionPorFechasTest" storage="c:\users\diego\documents\visual studio 2010\projects\uniprof\tests\bin\release\tests.dll" id="036044ea-8d05-b58f-21af-2b8c451629d2">
      <Execution id="295f982e-9b77-4ffc-a78d-17136f8453ed" />
      <TestMethod codeBase="C:/Users/Diego/Documents/Visual Studio 2010/Projects/Uniprof/Tests/bin/Release/Tests.DLL" adapterTypeName="Microsoft.VisualStudio.TestTools.TestTypes.Unit.UnitTestAdapter, Microsoft.VisualStudio.QualityTools.Tips.UnitTest.Adapter, Version=10.0.0.0, Culture=neutral, PublicKeyToken=b03f5f7f11d50a3a" className="Tests.ProduccionBusinessTest, Tests, Version=1.0.0.0, Culture=neutral, PublicKeyToken=null" name="listarProduccionPorFechasTest" />
    </UnitTest>
    <UnitTest name="grabarFacturaTest" storage="c:\users\diego\documents\visual studio 2010\projects\uniprof\tests\bin\release\tests.dll" id="c27245e1-4f05-55df-8c6f-e38fa3d47902">
      <Execution id="cacc7394-35e8-4c92-8fd7-dd144087d780" />
      <TestMethod codeBase="C:/Users/Diego/Documents/Visual Studio 2010/Projects/Uniprof/Tests/bin/Release/Tests.DLL" adapterTypeName="Microsoft.VisualStudio.TestTools.TestTypes.Unit.UnitTestAdapter, Microsoft.VisualStudio.QualityTools.Tips.UnitTest.Adapter, Version=10.0.0.0, Culture=neutral, PublicKeyToken=b03f5f7f11d50a3a" className="Tests.FacturaRepositorioTest, Tests, Version=1.0.0.0, Culture=neutral, PublicKeyToken=null" name="grabarFacturaTest" />
    </UnitTest>
    <UnitTest name="buscarTodoTest" storage="c:\users\diego\documents\visual studio 2010\projects\uniprof\tests\bin\release\tests.dll" id="9bc71622-b688-a88b-7a65-091a11ad1362">
      <Execution id="d3766a4b-8568-4972-aed6-75ef0217c3fe" />
      <TestMethod codeBase="C:/Users/Diego/Documents/Visual Studio 2010/Projects/Uniprof/Tests/bin/Release/Tests.DLL" adapterTypeName="Microsoft.VisualStudio.TestTools.TestTypes.Unit.UnitTestAdapter, Microsoft.VisualStudio.QualityTools.Tips.UnitTest.Adapter, Version=10.0.0.0, Culture=neutral, PublicKeyToken=b03f5f7f11d50a3a" className="Tests.TipoMovimientoTDGTest, Tests, Version=1.0.0.0, Culture=neutral, PublicKeyToken=null" name="buscarTodoTest" />
    </UnitTest>
    <UnitTest name="grabarTest" storage="c:\users\diego\documents\visual studio 2010\projects\uniprof\tests\bin\release\tests.dll" id="fdbcf997-f735-49dd-2d86-a367fe3813bc">
      <Execution id="163a1ab1-5b63-4305-9f8f-5f7e7c7e8bad" />
      <TestMethod codeBase="C:/Users/Diego/Documents/Visual Studio 2010/Projects/Uniprof/Tests/bin/Release/Tests.DLL" adapterTypeName="Microsoft.VisualStudio.TestTools.TestTypes.Unit.UnitTestAdapter, Microsoft.VisualStudio.QualityTools.Tips.UnitTest.Adapter, Version=10.0.0.0, Culture=neutral, PublicKeyToken=b03f5f7f11d50a3a" className="Tests.MensajeRepositorioTest, Tests, Version=1.0.0.0, Culture=neutral, PublicKeyToken=null" name="grabarTest" />
    </UnitTest>
    <UnitTest name="GrabarDiseñoTest1" storage="c:\users\diego\documents\visual studio 2010\projects\uniprof\tests\bin\release\tests.dll" id="80476086-aaaa-ba28-a4dc-0972defbe8bb">
      <Execution id="0c3cca10-4ef4-49ae-9218-ddf626014405" />
      <TestMethod codeBase="C:/Users/Diego/Documents/Visual Studio 2010/Projects/Uniprof/Tests/bin/Release/Tests.DLL" adapterTypeName="Microsoft.VisualStudio.TestTools.TestTypes.Unit.UnitTestAdapter, Microsoft.VisualStudio.QualityTools.Tips.UnitTest.Adapter, Version=10.0.0.0, Culture=neutral, PublicKeyToken=b03f5f7f11d50a3a" className="Tests.DiseñoBusinessTest, Tests, Version=1.0.0.0, Culture=neutral, PublicKeyToken=null" name="GrabarDiseñoTest1" />
    </UnitTest>
    <UnitTest name="borrarHistoricoEstadosTest" storage="c:\users\diego\documents\visual studio 2010\projects\uniprof\tests\bin\release\tests.dll" id="a238bb59-cc6f-a250-c2de-3c102510d342">
      <Execution id="76d364a6-0bf2-4818-b8d3-2f56a3b640ea" />
      <TestMethod codeBase="C:/Users/Diego/Documents/Visual Studio 2010/Projects/Uniprof/Tests/bin/Release/Tests.DLL" adapterTypeName="Microsoft.VisualStudio.TestTools.TestTypes.Unit.UnitTestAdapter, Microsoft.VisualStudio.QualityTools.Tips.UnitTest.Adapter, Version=10.0.0.0, Culture=neutral, PublicKeyToken=b03f5f7f11d50a3a" className="Tests.HistoricoEstadosProduccionTDGTest, Tests, Version=1.0.0.0, Culture=neutral, PublicKeyToken=null" name="borrarHistoricoEstadosTest" />
    </UnitTest>
    <UnitTest name="cargarMovimientosTest" storage="c:\users\diego\documents\visual studio 2010\projects\uniprof\tests\bin\release\tests.dll" id="4f3a2e54-c06b-cfc2-386b-24b648fee82c">
      <Execution id="f41c593e-b031-4300-b2d1-392d7e268334" />
      <TestMethod codeBase="C:/Users/Diego/Documents/Visual Studio 2010/Projects/Uniprof/Tests/bin/Release/Tests.DLL" adapterTypeName="Microsoft.VisualStudio.TestTools.TestTypes.Unit.UnitTestAdapter, Microsoft.VisualStudio.QualityTools.Tips.UnitTest.Adapter, Version=10.0.0.0, Culture=neutral, PublicKeyToken=b03f5f7f11d50a3a" className="Tests.MovimientoStockTDGTest, Tests, Version=1.0.0.0, Culture=neutral, PublicKeyToken=null" name="cargarMovimientosTest" />
    </UnitTest>
    <UnitTest name="CargarClienteTest" storage="c:\users\diego\documents\visual studio 2010\projects\uniprof\tests\bin\release\tests.dll" id="e64170f8-e36a-c642-d97d-54b6bb0553a6">
      <Execution id="7348613e-88d7-4d38-b866-5b5fcb924592" />
      <TestMethod codeBase="C:/Users/Diego/Documents/Visual Studio 2010/Projects/Uniprof/Tests/bin/Release/Tests.DLL" adapterTypeName="Microsoft.VisualStudio.TestTools.TestTypes.Unit.UnitTestAdapter, Microsoft.VisualStudio.QualityTools.Tips.UnitTest.Adapter, Version=10.0.0.0, Culture=neutral, PublicKeyToken=b03f5f7f11d50a3a" className="Tests.ClienteRepositorioTest, Tests, Version=1.0.0.0, Culture=neutral, PublicKeyToken=null" name="CargarClienteTest" />
    </UnitTest>
    <UnitTest name="buscarOpinionesPorCriterioTest" storage="c:\users\diego\documents\visual studio 2010\projects\uniprof\tests\bin\release\tests.dll" id="75ff0c72-ae5b-a30a-d444-42d5bfa7ed8d">
      <Execution id="daa51e73-0177-4a6b-bb1d-7d0a568586cd" />
      <TestMethod codeBase="C:/Users/Diego/Documents/Visual Studio 2010/Projects/Uniprof/Tests/bin/Release/Tests.DLL" adapterTypeName="Microsoft.VisualStudio.TestTools.TestTypes.Unit.UnitTestAdapter, Microsoft.VisualStudio.QualityTools.Tips.UnitTest.Adapter, Version=10.0.0.0, Culture=neutral, PublicKeyToken=b03f5f7f11d50a3a" className="Tests.OpinionTDGTest, Tests, Version=1.0.0.0, Culture=neutral, PublicKeyToken=null" name="buscarOpinionesPorCriterioTest" />
    </UnitTest>
    <UnitTest name="listarFacturasPorIdTest" storage="c:\users\diego\documents\visual studio 2010\projects\uniprof\tests\bin\release\tests.dll" id="afb70fb3-f16b-16ef-9272-e650b4c370ff">
      <Execution id="36e05120-d2d7-4160-89ce-593ccbad7c66" />
      <TestMethod codeBase="C:/Users/Diego/Documents/Visual Studio 2010/Projects/Uniprof/Tests/bin/Release/Tests.DLL" adapterTypeName="Microsoft.VisualStudio.TestTools.TestTypes.Unit.UnitTestAdapter, Microsoft.VisualStudio.QualityTools.Tips.UnitTest.Adapter, Version=10.0.0.0, Culture=neutral, PublicKeyToken=b03f5f7f11d50a3a" className="Tests.FacturaBusinessTest, Tests, Version=1.0.0.0, Culture=neutral, PublicKeyToken=null" name="listarFacturasPorIdTest" />
    </UnitTest>
    <UnitTest name="cargarUsuarioConRestriccionesTest" storage="c:\users\diego\documents\visual studio 2010\projects\uniprof\tests\bin\release\tests.dll" id="af2a5dd3-889c-239a-49ba-4559ade59815">
      <Execution id="5d157ff5-c94c-42bb-9790-98df4db9ab15" />
      <TestMethod codeBase="C:/Users/Diego/Documents/Visual Studio 2010/Projects/Uniprof/Tests/bin/Release/Tests.DLL" adapterTypeName="Microsoft.VisualStudio.TestTools.TestTypes.Unit.UnitTestAdapter, Microsoft.VisualStudio.QualityTools.Tips.UnitTest.Adapter, Version=10.0.0.0, Culture=neutral, PublicKeyToken=b03f5f7f11d50a3a" className="Tests.UsuarioBusinessTest, Tests, Version=1.0.0.0, Culture=neutral, PublicKeyToken=null" name="cargarUsuarioConRestriccionesTest" />
    </UnitTest>
    <UnitTest name="cargarLineasFacturaConRestriccionTest" storage="c:\users\diego\documents\visual studio 2010\projects\uniprof\tests\bin\release\tests.dll" id="65cf3506-53bd-487b-cba6-ed8ab00a65a4">
      <Execution id="9a094fa9-bb6d-4c56-923a-d769a7a55968" />
      <TestMethod codeBase="C:/Users/Diego/Documents/Visual Studio 2010/Projects/Uniprof/Tests/bin/Release/Tests.DLL" adapterTypeName="Microsoft.VisualStudio.TestTools.TestTypes.Unit.UnitTestAdapter, Microsoft.VisualStudio.QualityTools.Tips.UnitTest.Adapter, Version=10.0.0.0, Culture=neutral, PublicKeyToken=b03f5f7f11d50a3a" className="Tests.LineaFacturaTDGTest, Tests, Version=1.0.0.0, Culture=neutral, PublicKeyToken=null" name="cargarLineasFacturaConRestriccionTest" />
    </UnitTest>
    <UnitTest name="buscarPedidoPorCodigoTest" storage="c:\users\diego\documents\visual studio 2010\projects\uniprof\tests\bin\release\tests.dll" id="aa89e54f-b120-5f04-a49b-eb1a63d779df">
      <Execution id="e5fbf728-4148-47ef-863e-57b58b6cb655" />
      <TestMethod codeBase="C:/Users/Diego/Documents/Visual Studio 2010/Projects/Uniprof/Tests/bin/Release/Tests.DLL" adapterTypeName="Microsoft.VisualStudio.TestTools.TestTypes.Unit.UnitTestAdapter, Microsoft.VisualStudio.QualityTools.Tips.UnitTest.Adapter, Version=10.0.0.0, Culture=neutral, PublicKeyToken=b03f5f7f11d50a3a" className="Tests.PedidoBusinessTest, Tests, Version=1.0.0.0, Culture=neutral, PublicKeyToken=null" name="buscarPedidoPorCodigoTest" />
    </UnitTest>
    <UnitTest name="actualizarUsuarioTest" storage="c:\users\diego\documents\visual studio 2010\projects\uniprof\tests\bin\release\tests.dll" id="5f0d0749-3ebf-18a9-df3b-b2af8e5ec0eb">
      <Execution id="ccfc1c40-3ebf-48d3-b0c7-d5412ac56de4" />
      <TestMethod codeBase="C:/Users/Diego/Documents/Visual Studio 2010/Projects/Uniprof/Tests/bin/Release/Tests.DLL" adapterTypeName="Microsoft.VisualStudio.TestTools.TestTypes.Unit.UnitTestAdapter, Microsoft.VisualStudio.QualityTools.Tips.UnitTest.Adapter, Version=10.0.0.0, Culture=neutral, PublicKeyToken=b03f5f7f11d50a3a" className="Tests.UsuarioTDGTest, Tests, Version=1.0.0.0, Culture=neutral, PublicKeyToken=null" name="actualizarUsuarioTest" />
    </UnitTest>
    <UnitTest name="cargarlistaProduccionConRestriccionesTest" storage="c:\users\diego\documents\visual studio 2010\projects\uniprof\tests\bin\release\tests.dll" id="bb119d3a-e948-8bb7-862b-ef22cd5e5418">
      <Execution id="070d96d3-e7a0-45cf-96ce-a74dc59dca73" />
      <TestMethod codeBase="C:/Users/Diego/Documents/Visual Studio 2010/Projects/Uniprof/Tests/bin/Release/Tests.DLL" adapterTypeName="Microsoft.VisualStudio.TestTools.TestTypes.Unit.UnitTestAdapter, Microsoft.VisualStudio.QualityTools.Tips.UnitTest.Adapter, Version=10.0.0.0, Culture=neutral, PublicKeyToken=b03f5f7f11d50a3a" className="Tests.ProduccionTDGTest, Tests, Version=1.0.0.0, Culture=neutral, PublicKeyToken=null" name="cargarlistaProduccionConRestriccionesTest" />
    </UnitTest>
    <UnitTest name="listarOrdenDeComprasTest" storage="c:\users\diego\documents\visual studio 2010\projects\uniprof\tests\bin\release\tests.dll" id="019bd56c-e56a-79a5-09bc-547b99ed981b">
      <Execution id="f74084ce-ff3a-4a40-a1ba-b83915a41570" />
      <TestMethod codeBase="C:/Users/Diego/Documents/Visual Studio 2010/Projects/Uniprof/Tests/bin/Release/Tests.DLL" adapterTypeName="Microsoft.VisualStudio.TestTools.TestTypes.Unit.UnitTestAdapter, Microsoft.VisualStudio.QualityTools.Tips.UnitTest.Adapter, Version=10.0.0.0, Culture=neutral, PublicKeyToken=b03f5f7f11d50a3a" className="Tests.OrdenCompraBusinessTest, Tests, Version=1.0.0.0, Culture=neutral, PublicKeyToken=null" name="listarOrdenDeComprasTest" />
    </UnitTest>
    <UnitTest name="actualizarClienteTest" storage="c:\users\diego\documents\visual studio 2010\projects\uniprof\tests\bin\release\tests.dll" id="52d17b0e-d936-129e-43f3-078523a7b6ea">
      <Execution id="787d814e-183b-4c4d-b6ec-bd955f3093d8" />
      <TestMethod codeBase="C:/Users/Diego/Documents/Visual Studio 2010/Projects/Uniprof/Tests/bin/Release/Tests.DLL" adapterTypeName="Microsoft.VisualStudio.TestTools.TestTypes.Unit.UnitTestAdapter, Microsoft.VisualStudio.QualityTools.Tips.UnitTest.Adapter, Version=10.0.0.0, Culture=neutral, PublicKeyToken=b03f5f7f11d50a3a" className="Tests.ClienteRepositorioTest, Tests, Version=1.0.0.0, Culture=neutral, PublicKeyToken=null" name="actualizarClienteTest" />
    </UnitTest>
    <UnitTest name="actualizaArticuloTest" storage="c:\users\diego\documents\visual studio 2010\projects\uniprof\tests\bin\release\tests.dll" id="4b4cc00b-440a-fb3e-bf1c-58f18a59fbb6">
      <Execution id="8df9db2d-2db3-4b42-839c-a22ce7b476bd" />
      <TestMethod codeBase="C:/Users/Diego/Documents/Visual Studio 2010/Projects/Uniprof/Tests/bin/Release/Tests.DLL" adapterTypeName="Microsoft.VisualStudio.TestTools.TestTypes.Unit.UnitTestAdapter, Microsoft.VisualStudio.QualityTools.Tips.UnitTest.Adapter, Version=10.0.0.0, Culture=neutral, PublicKeyToken=b03f5f7f11d50a3a" className="Tests.ArticuloBusinessTest, Tests, Version=1.0.0.0, Culture=neutral, PublicKeyToken=null" name="actualizaArticuloTest" />
    </UnitTest>
    <UnitTest name="calcularDistanciaEntreTrabajosTest1" storage="c:\users\diego\documents\visual studio 2010\projects\uniprof\tests\bin\release\tests.dll" id="c17e6f29-704e-75d9-e266-2faaf40f3e21">
      <Execution id="3fbfe6a6-64aa-4efb-be2b-197ebe8aafcb" />
      <TestMethod codeBase="C:/Users/Diego/Documents/Visual Studio 2010/Projects/Uniprof/Tests/bin/Release/Tests.DLL" adapterTypeName="Microsoft.VisualStudio.TestTools.TestTypes.Unit.UnitTestAdapter, Microsoft.VisualStudio.QualityTools.Tips.UnitTest.Adapter, Version=10.0.0.0, Culture=neutral, PublicKeyToken=b03f5f7f11d50a3a" className="Tests.ProduccionBusinessTest, Tests, Version=1.0.0.0, Culture=neutral, PublicKeyToken=null" name="calcularDistanciaEntreTrabajosTest1" />
    </UnitTest>
    <UnitTest name="cargarFamiliasPorUsuarioTest" storage="c:\users\diego\documents\visual studio 2010\projects\uniprof\tests\bin\release\tests.dll" id="d1a8787a-d877-64a2-00b1-470142ee8a14">
      <Execution id="778e5ee2-b346-4e26-9610-95f7dfb4dbec" />
      <TestMethod codeBase="C:/Users/Diego/Documents/Visual Studio 2010/Projects/Uniprof/Tests/bin/Release/Tests.DLL" adapterTypeName="Microsoft.VisualStudio.TestTools.TestTypes.Unit.UnitTestAdapter, Microsoft.VisualStudio.QualityTools.Tips.UnitTest.Adapter, Version=10.0.0.0, Culture=neutral, PublicKeyToken=b03f5f7f11d50a3a" className="Tests.FamiliaTDGTest, Tests, Version=1.0.0.0, Culture=neutral, PublicKeyToken=null" name="cargarFamiliasPorUsuarioTest" />
    </UnitTest>
    <UnitTest name="buscarPrendasPorIDTest" storage="c:\users\diego\documents\visual studio 2010\projects\uniprof\tests\bin\release\tests.dll" id="7f10aeee-1e6d-047f-bf86-9fb35cb9cbd0">
      <Execution id="52dbde71-1d31-45bc-98cc-bc2316c99dc0" />
      <TestMethod codeBase="C:/Users/Diego/Documents/Visual Studio 2010/Projects/Uniprof/Tests/bin/Release/Tests.DLL" adapterTypeName="Microsoft.VisualStudio.TestTools.TestTypes.Unit.UnitTestAdapter, Microsoft.VisualStudio.QualityTools.Tips.UnitTest.Adapter, Version=10.0.0.0, Culture=neutral, PublicKeyToken=b03f5f7f11d50a3a" className="Tests.TipoPrendaRepositorioTest, Tests, Version=1.0.0.0, Culture=neutral, PublicKeyToken=null" name="buscarPrendasPorIDTest" />
    </UnitTest>
    <UnitTest name="buscarPrimerosHuecosMaquinaTest3" storage="c:\users\diego\documents\visual studio 2010\projects\uniprof\tests\bin\release\tests.dll" id="8e0c723b-e192-342e-eb9f-eccfedfe5ca1">
      <Execution id="462b9b67-a7ab-4ddc-8798-934db2c0d26b" />
      <TestMethod codeBase="C:/Users/Diego/Documents/Visual Studio 2010/Projects/Uniprof/Tests/bin/Release/Tests.DLL" adapterTypeName="Microsoft.VisualStudio.TestTools.TestTypes.Unit.UnitTestAdapter, Microsoft.VisualStudio.QualityTools.Tips.UnitTest.Adapter, Version=10.0.0.0, Culture=neutral, PublicKeyToken=b03f5f7f11d50a3a" className="Tests.ProduccionBusinessTest, Tests, Version=1.0.0.0, Culture=neutral, PublicKeyToken=null" name="buscarPrimerosHuecosMaquinaTest3" />
    </UnitTest>
    <UnitTest name="buscarProveedorPorCodigoTest" storage="c:\users\diego\documents\visual studio 2010\projects\uniprof\tests\bin\release\tests.dll" id="9853b2bf-c35b-f18f-c067-26f1d74150ec">
      <Execution id="a1807b06-148a-4c2e-86d1-a2a2ef398c28" />
      <TestMethod codeBase="C:/Users/Diego/Documents/Visual Studio 2010/Projects/Uniprof/Tests/bin/Release/Tests.DLL" adapterTypeName="Microsoft.VisualStudio.TestTools.TestTypes.Unit.UnitTestAdapter, Microsoft.VisualStudio.QualityTools.Tips.UnitTest.Adapter, Version=10.0.0.0, Culture=neutral, PublicKeyToken=b03f5f7f11d50a3a" className="Tests.ProveedorRepositorioTest, Tests, Version=1.0.0.0, Culture=neutral, PublicKeyToken=null" name="buscarProveedorPorCodigoTest" />
    </UnitTest>
    <UnitTest name="buscarEstadosTest" storage="c:\users\diego\documents\visual studio 2010\projects\uniprof\tests\bin\release\tests.dll" id="34308cfd-d506-0b0a-6562-a4e0e8e6e9f3">
      <Execution id="692fc9b2-f744-4f0d-97db-8531da5437c3" />
      <TestMethod codeBase="C:/Users/Diego/Documents/Visual Studio 2010/Projects/Uniprof/Tests/bin/Release/Tests.DLL" adapterTypeName="Microsoft.VisualStudio.TestTools.TestTypes.Unit.UnitTestAdapter, Microsoft.VisualStudio.QualityTools.Tips.UnitTest.Adapter, Version=10.0.0.0, Culture=neutral, PublicKeyToken=b03f5f7f11d50a3a" className="Tests.EstadoPedidoTDGTest, Tests, Version=1.0.0.0, Culture=neutral, PublicKeyToken=null" name="buscarEstadosTest" />
    </UnitTest>
    <UnitTest name="buscarPrimerosHuecosMaquinaTest5" storage="c:\users\diego\documents\visual studio 2010\projects\uniprof\tests\bin\release\tests.dll" id="5c26e5bc-173f-d60e-f76c-ab3d9a4b4531">
      <Execution id="e208f81d-9c57-4266-9563-028ab2dd91f6" />
      <TestMethod codeBase="C:/Users/Diego/Documents/Visual Studio 2010/Projects/Uniprof/Tests/bin/Release/Tests.DLL" adapterTypeName="Microsoft.VisualStudio.TestTools.TestTypes.Unit.UnitTestAdapter, Microsoft.VisualStudio.QualityTools.Tips.UnitTest.Adapter, Version=10.0.0.0, Culture=neutral, PublicKeyToken=b03f5f7f11d50a3a" className="Tests.ProduccionBusinessTest, Tests, Version=1.0.0.0, Culture=neutral, PublicKeyToken=null" name="buscarPrimerosHuecosMaquinaTest5" />
    </UnitTest>
    <UnitTest name="borrarMensajeTest" storage="c:\users\diego\documents\visual studio 2010\projects\uniprof\tests\bin\release\tests.dll" id="88295536-741f-3a89-ef69-1ec7d6b91f08">
      <Execution id="7897057c-8e78-418a-84f4-e784d473a4b1" />
      <TestMethod codeBase="C:/Users/Diego/Documents/Visual Studio 2010/Projects/Uniprof/Tests/bin/Release/Tests.DLL" adapterTypeName="Microsoft.VisualStudio.TestTools.TestTypes.Unit.UnitTestAdapter, Microsoft.VisualStudio.QualityTools.Tips.UnitTest.Adapter, Version=10.0.0.0, Culture=neutral, PublicKeyToken=b03f5f7f11d50a3a" className="Tests.ConversacionTDGTest, Tests, Version=1.0.0.0, Culture=neutral, PublicKeyToken=null" name="borrarMensajeTest" />
    </UnitTest>
    <UnitTest name="cargarPatentesPorUsuarioTest" storage="c:\users\diego\documents\visual studio 2010\projects\uniprof\tests\bin\release\tests.dll" id="4075ee85-dce8-0a59-bbe2-572b6c1b6a07">
      <Execution id="506be816-251d-4f73-93b6-e0bb8b1090ed" />
      <TestMethod codeBase="C:/Users/Diego/Documents/Visual Studio 2010/Projects/Uniprof/Tests/bin/Release/Tests.DLL" adapterTypeName="Microsoft.VisualStudio.TestTools.TestTypes.Unit.UnitTestAdapter, Microsoft.VisualStudio.QualityTools.Tips.UnitTest.Adapter, Version=10.0.0.0, Culture=neutral, PublicKeyToken=b03f5f7f11d50a3a" className="Tests.PatenteRepositorioTest, Tests, Version=1.0.0.0, Culture=neutral, PublicKeyToken=null" name="cargarPatentesPorUsuarioTest" />
    </UnitTest>
    <UnitTest name="calcularFinalizacionTest4" storage="c:\users\diego\documents\visual studio 2010\projects\uniprof\tests\bin\release\tests.dll" id="93f8ff39-718d-999f-f07f-06a3b12e22dd">
      <Execution id="047e18d8-a346-4306-b6cc-e323e87d0feb" />
      <TestMethod codeBase="C:/Users/Diego/Documents/Visual Studio 2010/Projects/Uniprof/Tests/bin/Release/Tests.DLL" adapterTypeName="Microsoft.VisualStudio.TestTools.TestTypes.Unit.UnitTestAdapter, Microsoft.VisualStudio.QualityTools.Tips.UnitTest.Adapter, Version=10.0.0.0, Culture=neutral, PublicKeyToken=b03f5f7f11d50a3a" className="Tests.ProduccionBusinessTest, Tests, Version=1.0.0.0, Culture=neutral, PublicKeyToken=null" name="calcularFinalizacionTest4" />
    </UnitTest>
    <UnitTest name="buscarMovimintosTest" storage="c:\users\diego\documents\visual studio 2010\projects\uniprof\tests\bin\release\tests.dll" id="b09e98eb-5e7b-17f1-4a91-35133c7055e9">
      <Execution id="c78442e6-6b1b-4d51-b6c2-c1018cd497e9" />
      <TestMethod codeBase="C:/Users/Diego/Documents/Visual Studio 2010/Projects/Uniprof/Tests/bin/Release/Tests.DLL" adapterTypeName="Microsoft.VisualStudio.TestTools.TestTypes.Unit.UnitTestAdapter, Microsoft.VisualStudio.QualityTools.Tips.UnitTest.Adapter, Version=10.0.0.0, Culture=neutral, PublicKeyToken=b03f5f7f11d50a3a" className="Tests.MovimientoCuentaClienteRepositorioTest, Tests, Version=1.0.0.0, Culture=neutral, PublicKeyToken=null" name="buscarMovimintosTest" />
    </UnitTest>
    <UnitTest name="listarFacturaPorMovimientoTest" storage="c:\users\diego\documents\visual studio 2010\projects\uniprof\tests\bin\release\tests.dll" id="37b5db64-970d-c293-40fd-5d0b9fe33e03">
      <Execution id="fd9a3ab4-5897-4f4c-918c-9ae413724425" />
      <TestMethod codeBase="C:/Users/Diego/Documents/Visual Studio 2010/Projects/Uniprof/Tests/bin/Release/Tests.DLL" adapterTypeName="Microsoft.VisualStudio.TestTools.TestTypes.Unit.UnitTestAdapter, Microsoft.VisualStudio.QualityTools.Tips.UnitTest.Adapter, Version=10.0.0.0, Culture=neutral, PublicKeyToken=b03f5f7f11d50a3a" className="Tests.FacturaRepositorioTest, Tests, Version=1.0.0.0, Culture=neutral, PublicKeyToken=null" name="listarFacturaPorMovimientoTest" />
    </UnitTest>
    <UnitTest name="cargarListaPrecioTest" storage="c:\users\diego\documents\visual studio 2010\projects\uniprof\tests\bin\release\tests.dll" id="65f33339-f5f5-af8d-e74e-57a59876466d">
      <Execution id="7ab9802d-86d2-4ac6-92df-918ee44dd988" />
      <TestMethod codeBase="C:/Users/Diego/Documents/Visual Studio 2010/Projects/Uniprof/Tests/bin/Release/Tests.DLL" adapterTypeName="Microsoft.VisualStudio.TestTools.TestTypes.Unit.UnitTestAdapter, Microsoft.VisualStudio.QualityTools.Tips.UnitTest.Adapter, Version=10.0.0.0, Culture=neutral, PublicKeyToken=b03f5f7f11d50a3a" className="Tests.ListaPreciosTDGTest, Tests, Version=1.0.0.0, Culture=neutral, PublicKeyToken=null" name="cargarListaPrecioTest" />
    </UnitTest>
    <UnitTest name="grabarPrendaTest" storage="c:\users\diego\documents\visual studio 2010\projects\uniprof\tests\bin\release\tests.dll" id="47539572-8702-25fd-25db-bd0bdd8958b7">
      <Execution id="e5336d60-0a71-42e8-a35f-038a2f36c184" />
      <TestMethod codeBase="C:/Users/Diego/Documents/Visual Studio 2010/Projects/Uniprof/Tests/bin/Release/Tests.DLL" adapterTypeName="Microsoft.VisualStudio.TestTools.TestTypes.Unit.UnitTestAdapter, Microsoft.VisualStudio.QualityTools.Tips.UnitTest.Adapter, Version=10.0.0.0, Culture=neutral, PublicKeyToken=b03f5f7f11d50a3a" className="Tests.TipoPrendaRepositorioTest, Tests, Version=1.0.0.0, Culture=neutral, PublicKeyToken=null" name="grabarPrendaTest" />
    </UnitTest>
    <UnitTest name="actualizarMovimientoTest" storage="c:\users\diego\documents\visual studio 2010\projects\uniprof\tests\bin\release\tests.dll" id="10b4c1e2-77e8-b6fe-ff2c-b75bd78a1790">
      <Execution id="fb4413aa-3b79-4b83-abc7-110fba46e628" />
      <TestMethod codeBase="C:/Users/Diego/Documents/Visual Studio 2010/Projects/Uniprof/Tests/bin/Release/Tests.DLL" adapterTypeName="Microsoft.VisualStudio.TestTools.TestTypes.Unit.UnitTestAdapter, Microsoft.VisualStudio.QualityTools.Tips.UnitTest.Adapter, Version=10.0.0.0, Culture=neutral, PublicKeyToken=b03f5f7f11d50a3a" className="Tests.MovimientoCuentaClienteRepositorioTest, Tests, Version=1.0.0.0, Culture=neutral, PublicKeyToken=null" name="actualizarMovimientoTest" />
    </UnitTest>
    <UnitTest name="listarArticulosPorDiseñoTest" storage="c:\users\diego\documents\visual studio 2010\projects\uniprof\tests\bin\release\tests.dll" id="16d2afdb-fcf6-6658-1d97-2e6156bb9c19">
      <Execution id="d5c47be2-b8d9-4cbc-9251-7c2c9ede82fd" />
      <TestMethod codeBase="C:/Users/Diego/Documents/Visual Studio 2010/Projects/Uniprof/Tests/bin/Release/Tests.DLL" adapterTypeName="Microsoft.VisualStudio.TestTools.TestTypes.Unit.UnitTestAdapter, Microsoft.VisualStudio.QualityTools.Tips.UnitTest.Adapter, Version=10.0.0.0, Culture=neutral, PublicKeyToken=b03f5f7f11d50a3a" className="Tests.ArticuloBusinessTest, Tests, Version=1.0.0.0, Culture=neutral, PublicKeyToken=null" name="listarArticulosPorDiseñoTest" />
    </UnitTest>
    <UnitTest name="grabarNewsletterTest" storage="c:\users\diego\documents\visual studio 2010\projects\uniprof\tests\bin\release\tests.dll" id="ccb6e01a-8e1d-d753-d587-f8c1f14a9dc4">
      <Execution id="0a1125ad-5858-44bb-86bb-d1aebb12ce14" />
      <TestMethod codeBase="C:/Users/Diego/Documents/Visual Studio 2010/Projects/Uniprof/Tests/bin/Release/Tests.DLL" adapterTypeName="Microsoft.VisualStudio.TestTools.TestTypes.Unit.UnitTestAdapter, Microsoft.VisualStudio.QualityTools.Tips.UnitTest.Adapter, Version=10.0.0.0, Culture=neutral, PublicKeyToken=b03f5f7f11d50a3a" className="Tests.NewsletterRepositorioTest, Tests, Version=1.0.0.0, Culture=neutral, PublicKeyToken=null" name="grabarNewsletterTest" />
    </UnitTest>
    <UnitTest name="buscarOperadoresConRestriccionesTest" storage="c:\users\diego\documents\visual studio 2010\projects\uniprof\tests\bin\release\tests.dll" id="8e175a1e-ad15-cbe9-eb2b-34d47332acea">
      <Execution id="40360337-46f7-4be4-8b21-f5b10778147e" />
      <TestMethod codeBase="C:/Users/Diego/Documents/Visual Studio 2010/Projects/Uniprof/Tests/bin/Release/Tests.DLL" adapterTypeName="Microsoft.VisualStudio.TestTools.TestTypes.Unit.UnitTestAdapter, Microsoft.VisualStudio.QualityTools.Tips.UnitTest.Adapter, Version=10.0.0.0, Culture=neutral, PublicKeyToken=b03f5f7f11d50a3a" className="Tests.OperadorTDGTest, Tests, Version=1.0.0.0, Culture=neutral, PublicKeyToken=null" name="buscarOperadoresConRestriccionesTest" />
    </UnitTest>
    <UnitTest name="buscarNewsletterPorIDTest" storage="c:\users\diego\documents\visual studio 2010\projects\uniprof\tests\bin\release\tests.dll" id="132dbdad-c767-c70b-4154-f7166132216a">
      <Execution id="38108871-da13-46ca-88c7-99327ac8b07b" />
      <TestMethod codeBase="C:/Users/Diego/Documents/Visual Studio 2010/Projects/Uniprof/Tests/bin/Release/Tests.DLL" adapterTypeName="Microsoft.VisualStudio.TestTools.TestTypes.Unit.UnitTestAdapter, Microsoft.VisualStudio.QualityTools.Tips.UnitTest.Adapter, Version=10.0.0.0, Culture=neutral, PublicKeyToken=b03f5f7f11d50a3a" className="Tests.NewsletterTDGTest, Tests, Version=1.0.0.0, Culture=neutral, PublicKeyToken=null" name="buscarNewsletterPorIDTest" />
    </UnitTest>
    <UnitTest name="buscarEstadosPorIdTest" storage="c:\users\diego\documents\visual studio 2010\projects\uniprof\tests\bin\release\tests.dll" id="9abfd9c9-a69f-e14e-a283-753aea9711be">
      <Execution id="5757bd08-608a-404f-b976-12433d80f202" />
      <TestMethod codeBase="C:/Users/Diego/Documents/Visual Studio 2010/Projects/Uniprof/Tests/bin/Release/Tests.DLL" adapterTypeName="Microsoft.VisualStudio.TestTools.TestTypes.Unit.UnitTestAdapter, Microsoft.VisualStudio.QualityTools.Tips.UnitTest.Adapter, Version=10.0.0.0, Culture=neutral, PublicKeyToken=b03f5f7f11d50a3a" className="Tests.EstadoDiseñoTDGTest, Tests, Version=1.0.0.0, Culture=neutral, PublicKeyToken=null" name="buscarEstadosPorIdTest" />
    </UnitTest>
    <UnitTest name="borrarLineaTest" storage="c:\users\diego\documents\visual studio 2010\projects\uniprof\tests\bin\release\tests.dll" id="1e112e87-ecd4-bbc8-5f74-eb12a4718023">
      <Execution id="b09eb3c5-bf92-4f37-8feb-a480df9e4e69" />
      <TestMethod codeBase="C:/Users/Diego/Documents/Visual Studio 2010/Projects/Uniprof/Tests/bin/Release/Tests.DLL" adapterTypeName="Microsoft.VisualStudio.TestTools.TestTypes.Unit.UnitTestAdapter, Microsoft.VisualStudio.QualityTools.Tips.UnitTest.Adapter, Version=10.0.0.0, Culture=neutral, PublicKeyToken=b03f5f7f11d50a3a" className="Tests.LineaFacturaTDGTest, Tests, Version=1.0.0.0, Culture=neutral, PublicKeyToken=null" name="borrarLineaTest" />
    </UnitTest>
    <UnitTest name="cargarOrdenConRestriccionesTest" storage="c:\users\diego\documents\visual studio 2010\projects\uniprof\tests\bin\release\tests.dll" id="3022c4e6-888b-2dda-b879-e60c04b5e600">
      <Execution id="df5582ea-f2dc-4f14-bb05-a0ab9018787f" />
      <TestMethod codeBase="C:/Users/Diego/Documents/Visual Studio 2010/Projects/Uniprof/Tests/bin/Release/Tests.DLL" adapterTypeName="Microsoft.VisualStudio.TestTools.TestTypes.Unit.UnitTestAdapter, Microsoft.VisualStudio.QualityTools.Tips.UnitTest.Adapter, Version=10.0.0.0, Culture=neutral, PublicKeyToken=b03f5f7f11d50a3a" className="Tests.OrdenDeCompraTDGTest, Tests, Version=1.0.0.0, Culture=neutral, PublicKeyToken=null" name="cargarOrdenConRestriccionesTest" />
    </UnitTest>
    <UnitTest name="cargarOrdenesDeComprasTest" storage="c:\users\diego\documents\visual studio 2010\projects\uniprof\tests\bin\release\tests.dll" id="d40feea3-8180-d822-1bc4-ef1286a37118">
      <Execution id="a55dfeda-8f88-48e0-b5f0-24a09083fafa" />
      <TestMethod codeBase="C:/Users/Diego/Documents/Visual Studio 2010/Projects/Uniprof/Tests/bin/Release/Tests.DLL" adapterTypeName="Microsoft.VisualStudio.TestTools.TestTypes.Unit.UnitTestAdapter, Microsoft.VisualStudio.QualityTools.Tips.UnitTest.Adapter, Version=10.0.0.0, Culture=neutral, PublicKeyToken=b03f5f7f11d50a3a" className="Tests.OrdenDeCompraTDGTest, Tests, Version=1.0.0.0, Culture=neutral, PublicKeyToken=null" name="cargarOrdenesDeComprasTest" />
    </UnitTest>
    <UnitTest name="grabarInsumoTest" storage="c:\users\diego\documents\visual studio 2010\projects\uniprof\tests\bin\release\tests.dll" id="67103975-0d80-6dc0-3e73-31c64db0977f">
      <Execution id="8a9020b2-b2c7-4e1e-a5f7-8e413d132af4" />
      <TestMethod codeBase="C:/Users/Diego/Documents/Visual Studio 2010/Projects/Uniprof/Tests/bin/Release/Tests.DLL" adapterTypeName="Microsoft.VisualStudio.TestTools.TestTypes.Unit.UnitTestAdapter, Microsoft.VisualStudio.QualityTools.Tips.UnitTest.Adapter, Version=10.0.0.0, Culture=neutral, PublicKeyToken=b03f5f7f11d50a3a" className="Tests.InsumoBusinessTest, Tests, Version=1.0.0.0, Culture=neutral, PublicKeyToken=null" name="grabarInsumoTest" />
    </UnitTest>
    <UnitTest name="listarProduccionPorMaquinaTest" storage="c:\users\diego\documents\visual studio 2010\projects\uniprof\tests\bin\release\tests.dll" id="399698d6-d910-1ab1-d972-fb6aa80639ce">
      <Execution id="a5dde344-4887-419a-983b-707c3f7e9bc1" />
      <TestMethod codeBase="C:/Users/Diego/Documents/Visual Studio 2010/Projects/Uniprof/Tests/bin/Release/Tests.DLL" adapterTypeName="Microsoft.VisualStudio.TestTools.TestTypes.Unit.UnitTestAdapter, Microsoft.VisualStudio.QualityTools.Tips.UnitTest.Adapter, Version=10.0.0.0, Culture=neutral, PublicKeyToken=b03f5f7f11d50a3a" className="Tests.ProduccionRepositorioTest, Tests, Version=1.0.0.0, Culture=neutral, PublicKeyToken=null" name="listarProduccionPorMaquinaTest" />
    </UnitTest>
    <UnitTest name="modificarMensajeTest" storage="c:\users\diego\documents\visual studio 2010\projects\uniprof\tests\bin\release\tests.dll" id="dea2dc86-55fc-7dd0-68c2-4ac2d970ca43">
      <Execution id="8bcbe184-1240-4560-b71a-50e61cb7c963" />
      <TestMethod codeBase="C:/Users/Diego/Documents/Visual Studio 2010/Projects/Uniprof/Tests/bin/Release/Tests.DLL" adapterTypeName="Microsoft.VisualStudio.TestTools.TestTypes.Unit.UnitTestAdapter, Microsoft.VisualStudio.QualityTools.Tips.UnitTest.Adapter, Version=10.0.0.0, Culture=neutral, PublicKeyToken=b03f5f7f11d50a3a" className="Tests.MensajeTDGTest, Tests, Version=1.0.0.0, Culture=neutral, PublicKeyToken=null" name="modificarMensajeTest" />
    </UnitTest>
    <UnitTest name="calcularDistanciaEntreTrabajosTest4" storage="c:\users\diego\documents\visual studio 2010\projects\uniprof\tests\bin\release\tests.dll" id="db7e1c98-1137-e435-bbb3-bf8f5402bfbf">
      <Execution id="e80e0c61-955f-4789-a3fc-36fb9ec59d20" />
      <TestMethod codeBase="C:/Users/Diego/Documents/Visual Studio 2010/Projects/Uniprof/Tests/bin/Release/Tests.DLL" adapterTypeName="Microsoft.VisualStudio.TestTools.TestTypes.Unit.UnitTestAdapter, Microsoft.VisualStudio.QualityTools.Tips.UnitTest.Adapter, Version=10.0.0.0, Culture=neutral, PublicKeyToken=b03f5f7f11d50a3a" className="Tests.ProduccionBusinessTest, Tests, Version=1.0.0.0, Culture=neutral, PublicKeyToken=null" name="calcularDistanciaEntreTrabajosTest4" />
    </UnitTest>
    <UnitTest name="grabarTipoPedidosTest" storage="c:\users\diego\documents\visual studio 2010\projects\uniprof\tests\bin\release\tests.dll" id="c37440e9-11a5-99b5-8db4-69844a9128f1">
      <Execution id="39dcdfd5-055b-4c72-989c-aa7ffbdc3e07" />
      <TestMethod codeBase="C:/Users/Diego/Documents/Visual Studio 2010/Projects/Uniprof/Tests/bin/Release/Tests.DLL" adapterTypeName="Microsoft.VisualStudio.TestTools.TestTypes.Unit.UnitTestAdapter, Microsoft.VisualStudio.QualityTools.Tips.UnitTest.Adapter, Version=10.0.0.0, Culture=neutral, PublicKeyToken=b03f5f7f11d50a3a" className="Tests.TipoPedidoTDGTest, Tests, Version=1.0.0.0, Culture=neutral, PublicKeyToken=null" name="grabarTipoPedidosTest" />
    </UnitTest>
    <UnitTest name="GuardarPedidoTest" storage="c:\users\diego\documents\visual studio 2010\projects\uniprof\tests\bin\release\tests.dll" id="4ab5b9e6-5b30-baa0-2e6d-fac9df442766">
      <Execution id="e76be761-7fa5-4bc6-b1cf-770820c313ed" />
      <TestMethod codeBase="C:/Users/Diego/Documents/Visual Studio 2010/Projects/Uniprof/Tests/bin/Release/Tests.DLL" adapterTypeName="Microsoft.VisualStudio.TestTools.TestTypes.Unit.UnitTestAdapter, Microsoft.VisualStudio.QualityTools.Tips.UnitTest.Adapter, Version=10.0.0.0, Culture=neutral, PublicKeyToken=b03f5f7f11d50a3a" className="Tests.PedidoBusinessTest, Tests, Version=1.0.0.0, Culture=neutral, PublicKeyToken=null" name="GuardarPedidoTest" />
    </UnitTest>
    <UnitTest name="modificarListaPrecioTest" storage="c:\users\diego\documents\visual studio 2010\projects\uniprof\tests\bin\release\tests.dll" id="5e0dec84-1eed-840d-bf51-237b2ddbdebf">
      <Execution id="892c4302-2320-4551-80ac-d74f8b4c226e" />
      <TestMethod codeBase="C:/Users/Diego/Documents/Visual Studio 2010/Projects/Uniprof/Tests/bin/Release/Tests.DLL" adapterTypeName="Microsoft.VisualStudio.TestTools.TestTypes.Unit.UnitTestAdapter, Microsoft.VisualStudio.QualityTools.Tips.UnitTest.Adapter, Version=10.0.0.0, Culture=neutral, PublicKeyToken=b03f5f7f11d50a3a" className="Tests.ListaPreciosTDGTest, Tests, Version=1.0.0.0, Culture=neutral, PublicKeyToken=null" name="modificarListaPrecioTest" />
    </UnitTest>
    <UnitTest name="listarMovimientosTest" storage="c:\users\diego\documents\visual studio 2010\projects\uniprof\tests\bin\release\tests.dll" id="cf88dd92-747e-1a79-8f2c-fc0e3f9b0004">
      <Execution id="3d660640-b099-43ba-9b65-f699c07ef372" />
      <TestMethod codeBase="C:/Users/Diego/Documents/Visual Studio 2010/Projects/Uniprof/Tests/bin/Release/Tests.DLL" adapterTypeName="Microsoft.VisualStudio.TestTools.TestTypes.Unit.UnitTestAdapter, Microsoft.VisualStudio.QualityTools.Tips.UnitTest.Adapter, Version=10.0.0.0, Culture=neutral, PublicKeyToken=b03f5f7f11d50a3a" className="Tests.MovimientoClienteBusinessTest, Tests, Version=1.0.0.0, Culture=neutral, PublicKeyToken=null" name="listarMovimientosTest" />
    </UnitTest>
    <UnitTest name="grabarLineaTest" storage="c:\users\diego\documents\visual studio 2010\projects\uniprof\tests\bin\release\tests.dll" id="92b34578-8935-0a46-8dd9-4af3ba2aba99">
      <Execution id="3a9ea698-b6b0-406b-a968-5d60d7110970" />
      <TestMethod codeBase="C:/Users/Diego/Documents/Visual Studio 2010/Projects/Uniprof/Tests/bin/Release/Tests.DLL" adapterTypeName="Microsoft.VisualStudio.TestTools.TestTypes.Unit.UnitTestAdapter, Microsoft.VisualStudio.QualityTools.Tips.UnitTest.Adapter, Version=10.0.0.0, Culture=neutral, PublicKeyToken=b03f5f7f11d50a3a" className="Tests.LineaOrdenDeCompraTDGTest, Tests, Version=1.0.0.0, Culture=neutral, PublicKeyToken=null" name="grabarLineaTest" />
    </UnitTest>
    <UnitTest name="GrabarDiseñoTest" storage="c:\users\diego\documents\visual studio 2010\projects\uniprof\tests\bin\release\tests.dll" id="a914285b-c2e0-dbc2-f99c-c0b34bf25408">
      <Execution id="52672d2c-4e33-4d1b-a0a3-394128fe3a8a" />
      <TestMethod codeBase="C:/Users/Diego/Documents/Visual Studio 2010/Projects/Uniprof/Tests/bin/Release/Tests.DLL" adapterTypeName="Microsoft.VisualStudio.TestTools.TestTypes.Unit.UnitTestAdapter, Microsoft.VisualStudio.QualityTools.Tips.UnitTest.Adapter, Version=10.0.0.0, Culture=neutral, PublicKeyToken=b03f5f7f11d50a3a" className="Tests.DiseñoRepositorioTest, Tests, Version=1.0.0.0, Culture=neutral, PublicKeyToken=null" name="GrabarDiseñoTest" />
    </UnitTest>
    <UnitTest name="listarArticulosTest" storage="c:\users\diego\documents\visual studio 2010\projects\uniprof\tests\bin\release\tests.dll" id="353a1d2f-a022-ae0b-e495-9424c7779e0c">
      <Execution id="ce716ae3-f22c-4037-88e5-6a123e544166" />
      <TestMethod codeBase="C:/Users/Diego/Documents/Visual Studio 2010/Projects/Uniprof/Tests/bin/Release/Tests.DLL" adapterTypeName="Microsoft.VisualStudio.TestTools.TestTypes.Unit.UnitTestAdapter, Microsoft.VisualStudio.QualityTools.Tips.UnitTest.Adapter, Version=10.0.0.0, Culture=neutral, PublicKeyToken=b03f5f7f11d50a3a" className="Tests.ArticuloRepositorioTest, Tests, Version=1.0.0.0, Culture=neutral, PublicKeyToken=null" name="listarArticulosTest" />
    </UnitTest>
    <UnitTest name="buscarProveedoresPorNombreTest" storage="c:\users\diego\documents\visual studio 2010\projects\uniprof\tests\bin\release\tests.dll" id="e97e5cde-c25e-cb0e-69db-a3582bc2ca43">
      <Execution id="d3f6ee14-c423-4835-b8cd-0e9b7a11cdf8" />
      <TestMethod codeBase="C:/Users/Diego/Documents/Visual Studio 2010/Projects/Uniprof/Tests/bin/Release/Tests.DLL" adapterTypeName="Microsoft.VisualStudio.TestTools.TestTypes.Unit.UnitTestAdapter, Microsoft.VisualStudio.QualityTools.Tips.UnitTest.Adapter, Version=10.0.0.0, Culture=neutral, PublicKeyToken=b03f5f7f11d50a3a" className="Tests.ProveedorBusinessTest, Tests, Version=1.0.0.0, Culture=neutral, PublicKeyToken=null" name="buscarProveedoresPorNombreTest" />
    </UnitTest>
    <UnitTest name="listarOrdenDeComprasPorProveedorTest" storage="c:\users\diego\documents\visual studio 2010\projects\uniprof\tests\bin\release\tests.dll" id="bc6fbc6a-1040-2a7b-d37a-1937b6e2fa50">
      <Execution id="45b6de0d-1ea6-4f3f-a29a-edb57d56e253" />
      <TestMethod codeBase="C:/Users/Diego/Documents/Visual Studio 2010/Projects/Uniprof/Tests/bin/Release/Tests.DLL" adapterTypeName="Microsoft.VisualStudio.TestTools.TestTypes.Unit.UnitTestAdapter, Microsoft.VisualStudio.QualityTools.Tips.UnitTest.Adapter, Version=10.0.0.0, Culture=neutral, PublicKeyToken=b03f5f7f11d50a3a" className="Tests.OrdenCompraRepositorioTest, Tests, Version=1.0.0.0, Culture=neutral, PublicKeyToken=null" name="listarOrdenDeComprasPorProveedorTest" />
    </UnitTest>
    <UnitTest name="borrarProveedorTest" storage="c:\users\diego\documents\visual studio 2010\projects\uniprof\tests\bin\release\tests.dll" id="4cc6b71b-462c-2bdc-f536-28b4d3d30de5">
      <Execution id="8bdbf909-47c2-476d-a703-60cdc296d521" />
      <TestMethod codeBase="C:/Users/Diego/Documents/Visual Studio 2010/Projects/Uniprof/Tests/bin/Release/Tests.DLL" adapterTypeName="Microsoft.VisualStudio.TestTools.TestTypes.Unit.UnitTestAdapter, Microsoft.VisualStudio.QualityTools.Tips.UnitTest.Adapter, Version=10.0.0.0, Culture=neutral, PublicKeyToken=b03f5f7f11d50a3a" className="Tests.ProveedorTDGTest, Tests, Version=1.0.0.0, Culture=neutral, PublicKeyToken=null" name="borrarProveedorTest" />
    </UnitTest>
    <UnitTest name="grabarListaPrecioTest" storage="c:\users\diego\documents\visual studio 2010\projects\uniprof\tests\bin\release\tests.dll" id="0a8df61c-a62f-1c66-059f-875171321588">
      <Execution id="a7f5d7ec-611b-47d2-9eb8-5ee314db559b" />
      <TestMethod codeBase="C:/Users/Diego/Documents/Visual Studio 2010/Projects/Uniprof/Tests/bin/Release/Tests.DLL" adapterTypeName="Microsoft.VisualStudio.TestTools.TestTypes.Unit.UnitTestAdapter, Microsoft.VisualStudio.QualityTools.Tips.UnitTest.Adapter, Version=10.0.0.0, Culture=neutral, PublicKeyToken=b03f5f7f11d50a3a" className="Tests.ListaPreciosTDGTest, Tests, Version=1.0.0.0, Culture=neutral, PublicKeyToken=null" name="grabarListaPrecioTest" />
    </UnitTest>
    <UnitTest name="buscarTipoPedidosTest" storage="c:\users\diego\documents\visual studio 2010\projects\uniprof\tests\bin\release\tests.dll" id="f6ab254b-b89e-8f66-b003-59dd11d22e62">
      <Execution id="d6b0fdcb-fe44-4851-82e8-af8e8b1278a9" />
      <TestMethod codeBase="C:/Users/Diego/Documents/Visual Studio 2010/Projects/Uniprof/Tests/bin/Release/Tests.DLL" adapterTypeName="Microsoft.VisualStudio.TestTools.TestTypes.Unit.UnitTestAdapter, Microsoft.VisualStudio.QualityTools.Tips.UnitTest.Adapter, Version=10.0.0.0, Culture=neutral, PublicKeyToken=b03f5f7f11d50a3a" className="Tests.TipoPedidoTDGTest, Tests, Version=1.0.0.0, Culture=neutral, PublicKeyToken=null" name="buscarTipoPedidosTest" />
    </UnitTest>
    <UnitTest name="listarOrdenDeComprasPorMovimientoTest" storage="c:\users\diego\documents\visual studio 2010\projects\uniprof\tests\bin\release\tests.dll" id="046d8853-4c4a-6ed7-e6b4-7cfe78d48668">
      <Execution id="68510f37-3854-43f3-92d4-ebf5551cac13" />
      <TestMethod codeBase="C:/Users/Diego/Documents/Visual Studio 2010/Projects/Uniprof/Tests/bin/Release/Tests.DLL" adapterTypeName="Microsoft.VisualStudio.TestTools.TestTypes.Unit.UnitTestAdapter, Microsoft.VisualStudio.QualityTools.Tips.UnitTest.Adapter, Version=10.0.0.0, Culture=neutral, PublicKeyToken=b03f5f7f11d50a3a" className="Tests.OrdenCompraBusinessTest, Tests, Version=1.0.0.0, Culture=neutral, PublicKeyToken=null" name="listarOrdenDeComprasPorMovimientoTest" />
    </UnitTest>
    <UnitTest name="borrarMovimientosClienteTest" storage="c:\users\diego\documents\visual studio 2010\projects\uniprof\tests\bin\release\tests.dll" id="4128c841-fbe4-5443-0039-ee6ab9d8480a">
      <Execution id="b7c75cc7-e627-41ce-a8b2-57e962e9080f" />
      <TestMethod codeBase="C:/Users/Diego/Documents/Visual Studio 2010/Projects/Uniprof/Tests/bin/Release/Tests.DLL" adapterTypeName="Microsoft.VisualStudio.TestTools.TestTypes.Unit.UnitTestAdapter, Microsoft.VisualStudio.QualityTools.Tips.UnitTest.Adapter, Version=10.0.0.0, Culture=neutral, PublicKeyToken=b03f5f7f11d50a3a" className="Tests.MovimientoCuentaClienteTDGTest, Tests, Version=1.0.0.0, Culture=neutral, PublicKeyToken=null" name="borrarMovimientosClienteTest" />
    </UnitTest>
    <UnitTest name="actualizaOrdenDeCompraTest" storage="c:\users\diego\documents\visual studio 2010\projects\uniprof\tests\bin\release\tests.dll" id="b2564a1d-a5df-de1a-d3dd-41d0e33b00f4">
      <Execution id="82e1879d-3099-4720-a9c2-fdb7f1073e5d" />
      <TestMethod codeBase="C:/Users/Diego/Documents/Visual Studio 2010/Projects/Uniprof/Tests/bin/Release/Tests.DLL" adapterTypeName="Microsoft.VisualStudio.TestTools.TestTypes.Unit.UnitTestAdapter, Microsoft.VisualStudio.QualityTools.Tips.UnitTest.Adapter, Version=10.0.0.0, Culture=neutral, PublicKeyToken=b03f5f7f11d50a3a" className="Tests.OrdenCompraRepositorioTest, Tests, Version=1.0.0.0, Culture=neutral, PublicKeyToken=null" name="actualizaOrdenDeCompraTest" />
    </UnitTest>
    <UnitTest name="buscarEstadosPorIdTest" storage="c:\users\diego\documents\visual studio 2010\projects\uniprof\tests\bin\release\tests.dll" id="f384b49a-3778-3092-73a3-70a68b63c811">
      <Execution id="6e090d21-09c9-4245-9450-e19e090954f8" />
      <TestMethod codeBase="C:/Users/Diego/Documents/Visual Studio 2010/Projects/Uniprof/Tests/bin/Release/Tests.DLL" adapterTypeName="Microsoft.VisualStudio.TestTools.TestTypes.Unit.UnitTestAdapter, Microsoft.VisualStudio.QualityTools.Tips.UnitTest.Adapter, Version=10.0.0.0, Culture=neutral, PublicKeyToken=b03f5f7f11d50a3a" className="Tests.EstadoTrabajoTDGTest, Tests, Version=1.0.0.0, Culture=neutral, PublicKeyToken=null" name="buscarEstadosPorIdTest" />
    </UnitTest>
    <UnitTest name="buscarPorIdTest" storage="c:\users\diego\documents\visual studio 2010\projects\uniprof\tests\bin\release\tests.dll" id="77619216-98fe-f01d-d92b-ae2614d5a7c1">
      <Execution id="4818e7d1-b00d-4780-ae70-f854bb054224" />
      <TestMethod codeBase="C:/Users/Diego/Documents/Visual Studio 2010/Projects/Uniprof/Tests/bin/Release/Tests.DLL" adapterTypeName="Microsoft.VisualStudio.TestTools.TestTypes.Unit.UnitTestAdapter, Microsoft.VisualStudio.QualityTools.Tips.UnitTest.Adapter, Version=10.0.0.0, Culture=neutral, PublicKeyToken=b03f5f7f11d50a3a" className="Tests.TipoMovimientoTDGTest, Tests, Version=1.0.0.0, Culture=neutral, PublicKeyToken=null" name="buscarPorIdTest" />
    </UnitTest>
    <UnitTest name="buscarPorDescripcionTest" storage="c:\users\diego\documents\visual studio 2010\projects\uniprof\tests\bin\release\tests.dll" id="5c85b597-4b7a-176d-3dac-461f2d66fe1b">
      <Execution id="abd485d9-68a6-44af-b557-45f455a7eed4" />
      <TestMethod codeBase="C:/Users/Diego/Documents/Visual Studio 2010/Projects/Uniprof/Tests/bin/Release/Tests.DLL" adapterTypeName="Microsoft.VisualStudio.TestTools.TestTypes.Unit.UnitTestAdapter, Microsoft.VisualStudio.QualityTools.Tips.UnitTest.Adapter, Version=10.0.0.0, Culture=neutral, PublicKeyToken=b03f5f7f11d50a3a" className="Tests.ProveedorTDGTest, Tests, Version=1.0.0.0, Culture=neutral, PublicKeyToken=null" name="buscarPorDescripcionTest" />
    </UnitTest>
    <UnitTest name="listarOpinionesPorMailTest" storage="c:\users\diego\documents\visual studio 2010\projects\uniprof\tests\bin\release\tests.dll" id="be2975a5-16cf-8b54-0e33-59e4bc6c38a6">
      <Execution id="23e068b7-39cf-45f6-a9f0-c1eac9b1cbf8" />
      <TestMethod codeBase="C:/Users/Diego/Documents/Visual Studio 2010/Projects/Uniprof/Tests/bin/Release/Tests.DLL" adapterTypeName="Microsoft.VisualStudio.TestTools.TestTypes.Unit.UnitTestAdapter, Microsoft.VisualStudio.QualityTools.Tips.UnitTest.Adapter, Version=10.0.0.0, Culture=neutral, PublicKeyToken=b03f5f7f11d50a3a" className="Tests.OpinionRepositorioTest, Tests, Version=1.0.0.0, Culture=neutral, PublicKeyToken=null" name="listarOpinionesPorMailTest" />
    </UnitTest>
    <UnitTest name="grabarMovimientosTest" storage="c:\users\diego\documents\visual studio 2010\projects\uniprof\tests\bin\release\tests.dll" id="7ef8ab41-162c-76bc-02f7-a575f043f7e4">
      <Execution id="600d26e5-b215-4042-b0b7-1f2e59e64f35" />
      <TestMethod codeBase="C:/Users/Diego/Documents/Visual Studio 2010/Projects/Uniprof/Tests/bin/Release/Tests.DLL" adapterTypeName="Microsoft.VisualStudio.TestTools.TestTypes.Unit.UnitTestAdapter, Microsoft.VisualStudio.QualityTools.Tips.UnitTest.Adapter, Version=10.0.0.0, Culture=neutral, PublicKeyToken=b03f5f7f11d50a3a" className="Tests.MovimientoStockTDGTest, Tests, Version=1.0.0.0, Culture=neutral, PublicKeyToken=null" name="grabarMovimientosTest" />
    </UnitTest>
    <UnitTest name="buscarTodoTest" storage="c:\users\diego\documents\visual studio 2010\projects\uniprof\tests\bin\release\tests.dll" id="5136f8bc-ea30-8e7a-77a2-f46a924db348">
      <Execution id="c8d831b9-6d6d-4fba-b7d0-2d133916da75" />
      <TestMethod codeBase="C:/Users/Diego/Documents/Visual Studio 2010/Projects/Uniprof/Tests/bin/Release/Tests.DLL" adapterTypeName="Microsoft.VisualStudio.TestTools.TestTypes.Unit.UnitTestAdapter, Microsoft.VisualStudio.QualityTools.Tips.UnitTest.Adapter, Version=10.0.0.0, Culture=neutral, PublicKeyToken=b03f5f7f11d50a3a" className="Tests.ProveedorTDGTest, Tests, Version=1.0.0.0, Culture=neutral, PublicKeyToken=null" name="buscarTodoTest" />
    </UnitTest>
    <UnitTest name="cargarFamiliasTest" storage="c:\users\diego\documents\visual studio 2010\projects\uniprof\tests\bin\release\tests.dll" id="6b7c36cd-44f4-1879-c115-f544d495b61e">
      <Execution id="bfa111e3-3489-42ba-aa3c-e6db23f36ef9" />
      <TestMethod codeBase="C:/Users/Diego/Documents/Visual Studio 2010/Projects/Uniprof/Tests/bin/Release/Tests.DLL" adapterTypeName="Microsoft.VisualStudio.TestTools.TestTypes.Unit.UnitTestAdapter, Microsoft.VisualStudio.QualityTools.Tips.UnitTest.Adapter, Version=10.0.0.0, Culture=neutral, PublicKeyToken=b03f5f7f11d50a3a" className="Tests.PatenteTDGTest, Tests, Version=1.0.0.0, Culture=neutral, PublicKeyToken=null" name="cargarFamiliasTest" />
    </UnitTest>
    <UnitTest name="actualizarTipoPrendaTest" storage="c:\users\diego\documents\visual studio 2010\projects\uniprof\tests\bin\release\tests.dll" id="1fb18ed6-06da-35e1-ec67-5275eec70993">
      <Execution id="3c93ba19-f886-4573-801f-905cc076ee88" />
      <TestMethod codeBase="C:/Users/Diego/Documents/Visual Studio 2010/Projects/Uniprof/Tests/bin/Release/Tests.DLL" adapterTypeName="Microsoft.VisualStudio.TestTools.TestTypes.Unit.UnitTestAdapter, Microsoft.VisualStudio.QualityTools.Tips.UnitTest.Adapter, Version=10.0.0.0, Culture=neutral, PublicKeyToken=b03f5f7f11d50a3a" className="Tests.TipoPrendaBusinessTest, Tests, Version=1.0.0.0, Culture=neutral, PublicKeyToken=null" name="actualizarTipoPrendaTest" />
    </UnitTest>
    <UnitTest name="modificarUsuarioTest" storage="c:\users\diego\documents\visual studio 2010\projects\uniprof\tests\bin\release\tests.dll" id="1cbe2801-d19a-9274-15f8-0dba46344245">
      <Execution id="af22e832-087f-4e8a-a272-69d22796ffbb" />
      <TestMethod codeBase="C:/Users/Diego/Documents/Visual Studio 2010/Projects/Uniprof/Tests/bin/Release/Tests.DLL" adapterTypeName="Microsoft.VisualStudio.TestTools.TestTypes.Unit.UnitTestAdapter, Microsoft.VisualStudio.QualityTools.Tips.UnitTest.Adapter, Version=10.0.0.0, Culture=neutral, PublicKeyToken=b03f5f7f11d50a3a" className="Tests.UsuarioBusinessTest, Tests, Version=1.0.0.0, Culture=neutral, PublicKeyToken=null" name="modificarUsuarioTest" />
    </UnitTest>
    <UnitTest name="cargarLineasPorOrdenDeCompraTest" storage="c:\users\diego\documents\visual studio 2010\projects\uniprof\tests\bin\release\tests.dll" id="5ffe0bd0-6148-b429-44ab-e9d370687b86">
      <Execution id="382cf1b7-9b47-4b64-b111-ab7908c5a58b" />
      <TestMethod codeBase="C:/Users/Diego/Documents/Visual Studio 2010/Projects/Uniprof/Tests/bin/Release/Tests.DLL" adapterTypeName="Microsoft.VisualStudio.TestTools.TestTypes.Unit.UnitTestAdapter, Microsoft.VisualStudio.QualityTools.Tips.UnitTest.Adapter, Version=10.0.0.0, Culture=neutral, PublicKeyToken=b03f5f7f11d50a3a" className="Tests.LineaOrdenCompraRepositorioTest, Tests, Version=1.0.0.0, Culture=neutral, PublicKeyToken=null" name="cargarLineasPorOrdenDeCompraTest" />
    </UnitTest>
    <UnitTest name="grabarHistoricoEstadosTest" storage="c:\users\diego\documents\visual studio 2010\projects\uniprof\tests\bin\release\tests.dll" id="3f81de19-4fde-6528-9e0d-cf576c0d46aa">
      <Execution id="34c20f6c-ae30-463e-a04c-a8512a1b59e4" />
      <TestMethod codeBase="C:/Users/Diego/Documents/Visual Studio 2010/Projects/Uniprof/Tests/bin/Release/Tests.DLL" adapterTypeName="Microsoft.VisualStudio.TestTools.TestTypes.Unit.UnitTestAdapter, Microsoft.VisualStudio.QualityTools.Tips.UnitTest.Adapter, Version=10.0.0.0, Culture=neutral, PublicKeyToken=b03f5f7f11d50a3a" className="Tests.HistoricoEstadosPedidoTDGTest, Tests, Version=1.0.0.0, Culture=neutral, PublicKeyToken=null" name="grabarHistoricoEstadosTest" />
    </UnitTest>
    <UnitTest name="buscarPrendasTest" storage="c:\users\diego\documents\visual studio 2010\projects\uniprof\tests\bin\release\tests.dll" id="4b2e2241-5ba0-4bf3-a87c-c3b9957ec404">
      <Execution id="93e70125-61a6-443a-8dee-4a71239796fd" />
      <TestMethod codeBase="C:/Users/Diego/Documents/Visual Studio 2010/Projects/Uniprof/Tests/bin/Release/Tests.DLL" adapterTypeName="Microsoft.VisualStudio.TestTools.TestTypes.Unit.UnitTestAdapter, Microsoft.VisualStudio.QualityTools.Tips.UnitTest.Adapter, Version=10.0.0.0, Culture=neutral, PublicKeyToken=b03f5f7f11d50a3a" className="Tests.TipoPrendaTDGTest, Tests, Version=1.0.0.0, Culture=neutral, PublicKeyToken=null" name="buscarPrendasTest" />
    </UnitTest>
    <UnitTest name="grabarInsumoTest" storage="c:\users\diego\documents\visual studio 2010\projects\uniprof\tests\bin\release\tests.dll" id="653a7294-5203-6cdc-ff9d-6ea30ca26aa9">
      <Execution id="f65a8631-d90d-4018-b4f5-743257fa8893" />
      <TestMethod codeBase="C:/Users/Diego/Documents/Visual Studio 2010/Projects/Uniprof/Tests/bin/Release/Tests.DLL" adapterTypeName="Microsoft.VisualStudio.TestTools.TestTypes.Unit.UnitTestAdapter, Microsoft.VisualStudio.QualityTools.Tips.UnitTest.Adapter, Version=10.0.0.0, Culture=neutral, PublicKeyToken=b03f5f7f11d50a3a" className="Tests.InsumoRepositorioTest, Tests, Version=1.0.0.0, Culture=neutral, PublicKeyToken=null" name="grabarInsumoTest" />
    </UnitTest>
    <UnitTest name="actualizarTipoPrendaTest" storage="c:\users\diego\documents\visual studio 2010\projects\uniprof\tests\bin\release\tests.dll" id="d9bcf618-cd6c-c93c-87f9-e64f86f63590">
      <Execution id="315af924-6874-4fce-86a5-a0eccea2ace3" />
      <TestMethod codeBase="C:/Users/Diego/Documents/Visual Studio 2010/Projects/Uniprof/Tests/bin/Release/Tests.DLL" adapterTypeName="Microsoft.VisualStudio.TestTools.TestTypes.Unit.UnitTestAdapter, Microsoft.VisualStudio.QualityTools.Tips.UnitTest.Adapter, Version=10.0.0.0, Culture=neutral, PublicKeyToken=b03f5f7f11d50a3a" className="Tests.TipoPrendaTDGTest, Tests, Version=1.0.0.0, Culture=neutral, PublicKeyToken=null" name="actualizarTipoPrendaTest" />
    </UnitTest>
    <UnitTest name="cargarMovimientosConRestriccionesTest" storage="c:\users\diego\documents\visual studio 2010\projects\uniprof\tests\bin\release\tests.dll" id="c736d05f-3776-7117-cc83-8e6ae9b75cf4">
      <Execution id="fe9731ab-2d30-484b-99a3-02f2f3ae7e90" />
      <TestMethod codeBase="C:/Users/Diego/Documents/Visual Studio 2010/Projects/Uniprof/Tests/bin/Release/Tests.DLL" adapterTypeName="Microsoft.VisualStudio.TestTools.TestTypes.Unit.UnitTestAdapter, Microsoft.VisualStudio.QualityTools.Tips.UnitTest.Adapter, Version=10.0.0.0, Culture=neutral, PublicKeyToken=b03f5f7f11d50a3a" className="Tests.MovimientoCuentaClienteTDGTest, Tests, Version=1.0.0.0, Culture=neutral, PublicKeyToken=null" name="cargarMovimientosConRestriccionesTest" />
    </UnitTest>
    <UnitTest name="actualizarClienteTest" storage="c:\users\diego\documents\visual studio 2010\projects\uniprof\tests\bin\release\tests.dll" id="e4e7695e-eb86-2e17-0da3-82500c958fe2">
      <Execution id="b5b35fb1-0ac5-4daf-8744-fb13a511985d" />
      <TestMethod codeBase="C:/Users/Diego/Documents/Visual Studio 2010/Projects/Uniprof/Tests/bin/Release/Tests.DLL" adapterTypeName="Microsoft.VisualStudio.TestTools.TestTypes.Unit.UnitTestAdapter, Microsoft.VisualStudio.QualityTools.Tips.UnitTest.Adapter, Version=10.0.0.0, Culture=neutral, PublicKeyToken=b03f5f7f11d50a3a" className="Tests.UsuarioBusinessTest, Tests, Version=1.0.0.0, Culture=neutral, PublicKeyToken=null" name="actualizarClienteTest" />
    </UnitTest>
    <UnitTest name="borrarInsumoTest" storage="c:\users\diego\documents\visual studio 2010\projects\uniprof\tests\bin\release\tests.dll" id="5d5c620b-143e-df44-c141-574eca133b7a">
      <Execution id="1f690c88-404f-48c6-8567-4e1393cce6a6" />
      <TestMethod codeBase="C:/Users/Diego/Documents/Visual Studio 2010/Projects/Uniprof/Tests/bin/Release/Tests.DLL" adapterTypeName="Microsoft.VisualStudio.TestTools.TestTypes.Unit.UnitTestAdapter, Microsoft.VisualStudio.QualityTools.Tips.UnitTest.Adapter, Version=10.0.0.0, Culture=neutral, PublicKeyToken=b03f5f7f11d50a3a" className="Tests.InsumoTDGTest, Tests, Version=1.0.0.0, Culture=neutral, PublicKeyToken=null" name="borrarInsumoTest" />
    </UnitTest>
    <UnitTest name="cargarMaquinasConRestriccionesTest" storage="c:\users\diego\documents\visual studio 2010\projects\uniprof\tests\bin\release\tests.dll" id="c96dfb21-7af5-153f-a5d2-8445e5fcca59">
      <Execution id="ea744634-999c-4c73-adcd-7d47451af0b7" />
      <TestMethod codeBase="C:/Users/Diego/Documents/Visual Studio 2010/Projects/Uniprof/Tests/bin/Release/Tests.DLL" adapterTypeName="Microsoft.VisualStudio.TestTools.TestTypes.Unit.UnitTestAdapter, Microsoft.VisualStudio.QualityTools.Tips.UnitTest.Adapter, Version=10.0.0.0, Culture=neutral, PublicKeyToken=b03f5f7f11d50a3a" className="Tests.MaquinaTDGTest, Tests, Version=1.0.0.0, Culture=neutral, PublicKeyToken=null" name="cargarMaquinasConRestriccionesTest" />
    </UnitTest>
    <UnitTest name="cargarUsuarioConRestriccionesTest" storage="c:\users\diego\documents\visual studio 2010\projects\uniprof\tests\bin\release\tests.dll" id="a38bcda1-5217-b092-6b98-6582813fb5d1">
      <Execution id="2e343edf-a137-4e9b-b8c4-747e41f853d7" />
      <TestMethod codeBase="C:/Users/Diego/Documents/Visual Studio 2010/Projects/Uniprof/Tests/bin/Release/Tests.DLL" adapterTypeName="Microsoft.VisualStudio.TestTools.TestTypes.Unit.UnitTestAdapter, Microsoft.VisualStudio.QualityTools.Tips.UnitTest.Adapter, Version=10.0.0.0, Culture=neutral, PublicKeyToken=b03f5f7f11d50a3a" className="Tests.UsuarioTDGTest, Tests, Version=1.0.0.0, Culture=neutral, PublicKeyToken=null" name="cargarUsuarioConRestriccionesTest" />
    </UnitTest>
    <UnitTest name="listarInsumosTest" storage="c:\users\diego\documents\visual studio 2010\projects\uniprof\tests\bin\release\tests.dll" id="e3b5610a-399f-d019-a8c3-fe5f24d0c8a6">
      <Execution id="c6359169-536d-460c-8509-6d4aa892c4ad" />
      <TestMethod codeBase="C:/Users/Diego/Documents/Visual Studio 2010/Projects/Uniprof/Tests/bin/Release/Tests.DLL" adapterTypeName="Microsoft.VisualStudio.TestTools.TestTypes.Unit.UnitTestAdapter, Microsoft.VisualStudio.QualityTools.Tips.UnitTest.Adapter, Version=10.0.0.0, Culture=neutral, PublicKeyToken=b03f5f7f11d50a3a" className="Tests.InsumoBusinessTest, Tests, Version=1.0.0.0, Culture=neutral, PublicKeyToken=null" name="listarInsumosTest" />
    </UnitTest>
    <UnitTest name="cargarFamiliasPorFamiliaTest" storage="c:\users\diego\documents\visual studio 2010\projects\uniprof\tests\bin\release\tests.dll" id="bc086558-20df-1a67-5cff-56823f0eb575">
      <Execution id="e3f37541-83f0-4a5a-a371-c02b683826c5" />
      <TestMethod codeBase="C:/Users/Diego/Documents/Visual Studio 2010/Projects/Uniprof/Tests/bin/Release/Tests.DLL" adapterTypeName="Microsoft.VisualStudio.TestTools.TestTypes.Unit.UnitTestAdapter, Microsoft.VisualStudio.QualityTools.Tips.UnitTest.Adapter, Version=10.0.0.0, Culture=neutral, PublicKeyToken=b03f5f7f11d50a3a" className="Tests.PatenteTDGTest, Tests, Version=1.0.0.0, Culture=neutral, PublicKeyToken=null" name="cargarFamiliasPorFamiliaTest" />
    </UnitTest>
    <UnitTest name="actualizarPedidoTest" storage="c:\users\diego\documents\visual studio 2010\projects\uniprof\tests\bin\release\tests.dll" id="66671db1-8d6b-13a4-a97e-68474a20ccf4">
      <Execution id="a25dc1c5-606d-4a99-ba31-97e2ce869726" />
      <TestMethod codeBase="C:/Users/Diego/Documents/Visual Studio 2010/Projects/Uniprof/Tests/bin/Release/Tests.DLL" adapterTypeName="Microsoft.VisualStudio.TestTools.TestTypes.Unit.UnitTestAdapter, Microsoft.VisualStudio.QualityTools.Tips.UnitTest.Adapter, Version=10.0.0.0, Culture=neutral, PublicKeyToken=b03f5f7f11d50a3a" className="Tests.PedidoRepositorioTest, Tests, Version=1.0.0.0, Culture=neutral, PublicKeyToken=null" name="actualizarPedidoTest" />
    </UnitTest>
    <UnitTest name="cargarFamiliasPorPatenteTest" storage="c:\users\diego\documents\visual studio 2010\projects\uniprof\tests\bin\release\tests.dll" id="42bbff3f-ae90-d4a3-ac96-e18e8d721f9a">
      <Execution id="42a523d6-df13-4f64-b4be-85f1df5174ce" />
      <TestMethod codeBase="C:/Users/Diego/Documents/Visual Studio 2010/Projects/Uniprof/Tests/bin/Release/Tests.DLL" adapterTypeName="Microsoft.VisualStudio.TestTools.TestTypes.Unit.UnitTestAdapter, Microsoft.VisualStudio.QualityTools.Tips.UnitTest.Adapter, Version=10.0.0.0, Culture=neutral, PublicKeyToken=b03f5f7f11d50a3a" className="Tests.FamiliaTDGTest, Tests, Version=1.0.0.0, Culture=neutral, PublicKeyToken=null" name="cargarFamiliasPorPatenteTest" />
    </UnitTest>
    <UnitTest name="actualizaFacturaTest" storage="c:\users\diego\documents\visual studio 2010\projects\uniprof\tests\bin\release\tests.dll" id="40c309eb-6e85-5d22-3be7-c1b561c3a631">
      <Execution id="02783d9d-ae7a-484f-8162-384efdfcfb1a" />
      <TestMethod codeBase="C:/Users/Diego/Documents/Visual Studio 2010/Projects/Uniprof/Tests/bin/Release/Tests.DLL" adapterTypeName="Microsoft.VisualStudio.TestTools.TestTypes.Unit.UnitTestAdapter, Microsoft.VisualStudio.QualityTools.Tips.UnitTest.Adapter, Version=10.0.0.0, Culture=neutral, PublicKeyToken=b03f5f7f11d50a3a" className="Tests.FacturaRepositorioTest, Tests, Version=1.0.0.0, Culture=neutral, PublicKeyToken=null" name="actualizaFacturaTest" />
    </UnitTest>
    <UnitTest name="cargarClientesTest" storage="c:\users\diego\documents\visual studio 2010\projects\uniprof\tests\bin\release\tests.dll" id="4063ba31-c658-1e39-f2a1-4789b86cdf92">
      <Execution id="c582e62c-ce89-4645-a982-0191e36db135" />
      <TestMethod codeBase="C:/Users/Diego/Documents/Visual Studio 2010/Projects/Uniprof/Tests/bin/Release/Tests.DLL" adapterTypeName="Microsoft.VisualStudio.TestTools.TestTypes.Unit.UnitTestAdapter, Microsoft.VisualStudio.QualityTools.Tips.UnitTest.Adapter, Version=10.0.0.0, Culture=neutral, PublicKeyToken=b03f5f7f11d50a3a" className="Tests.ClienteTDGTest, Tests, Version=1.0.0.0, Culture=neutral, PublicKeyToken=null" name="cargarClientesTest" />
    </UnitTest>
    <UnitTest name="cargarMensajePorConversacionTest" storage="c:\users\diego\documents\visual studio 2010\projects\uniprof\tests\bin\release\tests.dll" id="fc8e027e-d84b-5121-34bf-469313af48e4">
      <Execution id="b83209ad-4538-4e85-bb4f-17c5d739b737" />
      <TestMethod codeBase="C:/Users/Diego/Documents/Visual Studio 2010/Projects/Uniprof/Tests/bin/Release/Tests.DLL" adapterTypeName="Microsoft.VisualStudio.TestTools.TestTypes.Unit.UnitTestAdapter, Microsoft.VisualStudio.QualityTools.Tips.UnitTest.Adapter, Version=10.0.0.0, Culture=neutral, PublicKeyToken=b03f5f7f11d50a3a" className="Tests.MensajeRepositorioTest, Tests, Version=1.0.0.0, Culture=neutral, PublicKeyToken=null" name="cargarMensajePorConversacionTest" />
    </UnitTest>
    <UnitTest name="BuscarDiseñosTest" storage="c:\users\diego\documents\visual studio 2010\projects\uniprof\tests\bin\release\tests.dll" id="2807b06d-2424-3984-a9d6-3c90127f0468">
      <Execution id="9493d058-041a-4f8a-81f8-15ea6b1c77de" />
      <TestMethod codeBase="C:/Users/Diego/Documents/Visual Studio 2010/Projects/Uniprof/Tests/bin/Release/Tests.DLL" adapterTypeName="Microsoft.VisualStudio.TestTools.TestTypes.Unit.UnitTestAdapter, Microsoft.VisualStudio.QualityTools.Tips.UnitTest.Adapter, Version=10.0.0.0, Culture=neutral, PublicKeyToken=b03f5f7f11d50a3a" className="Tests.DiseñoBusinessTest, Tests, Version=1.0.0.0, Culture=neutral, PublicKeyToken=null" name="BuscarDiseñosTest" />
    </UnitTest>
    <UnitTest name="buscarPorDescripcionTest" storage="c:\users\diego\documents\visual studio 2010\projects\uniprof\tests\bin\release\tests.dll" id="f537791f-903e-76d6-5080-80a4dc15bac2">
      <Execution id="de84aa0e-a604-4446-bdc0-1e5a1d1b4d58" />
      <TestMethod codeBase="C:/Users/Diego/Documents/Visual Studio 2010/Projects/Uniprof/Tests/bin/Release/Tests.DLL" adapterTypeName="Microsoft.VisualStudio.TestTools.TestTypes.Unit.UnitTestAdapter, Microsoft.VisualStudio.QualityTools.Tips.UnitTest.Adapter, Version=10.0.0.0, Culture=neutral, PublicKeyToken=b03f5f7f11d50a3a" className="Tests.ProduccionOperadorTDGTest, Tests, Version=1.0.0.0, Culture=neutral, PublicKeyToken=null" name="buscarPorDescripcionTest" />
    </UnitTest>
    <UnitTest name="calcularDistanciaEntreTrabajosTest2" storage="c:\users\diego\documents\visual studio 2010\projects\uniprof\tests\bin\release\tests.dll" id="5fe3519a-06e9-4436-0b1a-0afc24033be0">
      <Execution id="8b93f010-9970-4464-bedf-e22751c99887" />
      <TestMethod codeBase="C:/Users/Diego/Documents/Visual Studio 2010/Projects/Uniprof/Tests/bin/Release/Tests.DLL" adapterTypeName="Microsoft.VisualStudio.TestTools.TestTypes.Unit.UnitTestAdapter, Microsoft.VisualStudio.QualityTools.Tips.UnitTest.Adapter, Version=10.0.0.0, Culture=neutral, PublicKeyToken=b03f5f7f11d50a3a" className="Tests.ProduccionBusinessTest, Tests, Version=1.0.0.0, Culture=neutral, PublicKeyToken=null" name="calcularDistanciaEntreTrabajosTest2" />
    </UnitTest>
    <UnitTest name="listarMaquinasTest" storage="c:\users\diego\documents\visual studio 2010\projects\uniprof\tests\bin\release\tests.dll" id="45d73400-010d-bede-b097-0e012e473ce7">
      <Execution id="426189ad-7540-4af6-ab24-b17e85c9535f" />
      <TestMethod codeBase="C:/Users/Diego/Documents/Visual Studio 2010/Projects/Uniprof/Tests/bin/Release/Tests.DLL" adapterTypeName="Microsoft.VisualStudio.TestTools.TestTypes.Unit.UnitTestAdapter, Microsoft.VisualStudio.QualityTools.Tips.UnitTest.Adapter, Version=10.0.0.0, Culture=neutral, PublicKeyToken=b03f5f7f11d50a3a" className="Tests.MaterialesBusinessTest, Tests, Version=1.0.0.0, Culture=neutral, PublicKeyToken=null" name="listarMaquinasTest" />
    </UnitTest>
    <UnitTest name="calcularTimepoTrabajoTest3" storage="c:\users\diego\documents\visual studio 2010\projects\uniprof\tests\bin\release\tests.dll" id="371ae7d4-9804-8eea-7d23-86fbb28eb5e2">
      <Execution id="7ce90114-806a-4b3d-b025-4c893efc260e" />
      <TestMethod codeBase="C:/Users/Diego/Documents/Visual Studio 2010/Projects/Uniprof/Tests/bin/Release/Tests.DLL" adapterTypeName="Microsoft.VisualStudio.TestTools.TestTypes.Unit.UnitTestAdapter, Microsoft.VisualStudio.QualityTools.Tips.UnitTest.Adapter, Version=10.0.0.0, Culture=neutral, PublicKeyToken=b03f5f7f11d50a3a" className="Tests.ProduccionBusinessTest, Tests, Version=1.0.0.0, Culture=neutral, PublicKeyToken=null" name="calcularTimepoTrabajoTest3" />
    </UnitTest>
    <UnitTest name="listarProduccionPorMaquinaTest" storage="c:\users\diego\documents\visual studio 2010\projects\uniprof\tests\bin\release\tests.dll" id="a39c2fdb-3d54-d4f0-be49-3f4e350da31e">
      <Execution id="557483ff-c6f7-4992-8d21-f45c5f4ceaa9" />
      <TestMethod codeBase="C:/Users/Diego/Documents/Visual Studio 2010/Projects/Uniprof/Tests/bin/Release/Tests.DLL" adapterTypeName="Microsoft.VisualStudio.TestTools.TestTypes.Unit.UnitTestAdapter, Microsoft.VisualStudio.QualityTools.Tips.UnitTest.Adapter, Version=10.0.0.0, Culture=neutral, PublicKeyToken=b03f5f7f11d50a3a" className="Tests.ProduccionBusinessTest, Tests, Version=1.0.0.0, Culture=neutral, PublicKeyToken=null" name="listarProduccionPorMaquinaTest" />
    </UnitTest>
    <UnitTest name="calcularPosiblesFechasTest" storage="c:\users\diego\documents\visual studio 2010\projects\uniprof\tests\bin\release\tests.dll" id="d708e39f-77d8-94a9-244f-7004fb181d58">
      <Execution id="6facfe33-a170-4328-9b7e-396d42ef1de2" />
      <TestMethod codeBase="C:/Users/Diego/Documents/Visual Studio 2010/Projects/Uniprof/Tests/bin/Release/Tests.DLL" adapterTypeName="Microsoft.VisualStudio.TestTools.TestTypes.Unit.UnitTestAdapter, Microsoft.VisualStudio.QualityTools.Tips.UnitTest.Adapter, Version=10.0.0.0, Culture=neutral, PublicKeyToken=b03f5f7f11d50a3a" className="Tests.ProduccionBusinessTest, Tests, Version=1.0.0.0, Culture=neutral, PublicKeyToken=null" name="calcularPosiblesFechasTest" />
    </UnitTest>
    <UnitTest name="CargarClientesTest" storage="c:\users\diego\documents\visual studio 2010\projects\uniprof\tests\bin\release\tests.dll" id="b6192558-2ee3-59f6-6537-ecfd184b2822">
      <Execution id="b8a10299-c4c8-460a-a684-1453877a0aad" />
      <TestMethod codeBase="C:/Users/Diego/Documents/Visual Studio 2010/Projects/Uniprof/Tests/bin/Release/Tests.DLL" adapterTypeName="Microsoft.VisualStudio.TestTools.TestTypes.Unit.UnitTestAdapter, Microsoft.VisualStudio.QualityTools.Tips.UnitTest.Adapter, Version=10.0.0.0, Culture=neutral, PublicKeyToken=b03f5f7f11d50a3a" className="Tests.UsuarioBusinessTest, Tests, Version=1.0.0.0, Culture=neutral, PublicKeyToken=null" name="CargarClientesTest" />
    </UnitTest>
    <UnitTest name="disminuirStockTest" storage="c:\users\diego\documents\visual studio 2010\projects\uniprof\tests\bin\release\tests.dll" id="0dd1a643-72f4-8fdd-aebf-659387fe0ecf">
      <Execution id="32157fc3-2c47-4c6d-85f3-760f9100ccc3" />
      <TestMethod codeBase="C:/Users/Diego/Documents/Visual Studio 2010/Projects/Uniprof/Tests/bin/Release/Tests.DLL" adapterTypeName="Microsoft.VisualStudio.TestTools.TestTypes.Unit.UnitTestAdapter, Microsoft.VisualStudio.QualityTools.Tips.UnitTest.Adapter, Version=10.0.0.0, Culture=neutral, PublicKeyToken=b03f5f7f11d50a3a" className="Tests.InsumoBusinessTest, Tests, Version=1.0.0.0, Culture=neutral, PublicKeyToken=null" name="disminuirStockTest" />
    </UnitTest>
    <UnitTest name="grabarTest" storage="c:\users\diego\documents\visual studio 2010\projects\uniprof\tests\bin\release\tests.dll" id="b40b8a29-c95a-4ade-0e51-c133972e69c6">
      <Execution id="56b612d6-7937-48da-b562-03c53f89392b" />
      <TestMethod codeBase="C:/Users/Diego/Documents/Visual Studio 2010/Projects/Uniprof/Tests/bin/Release/Tests.DLL" adapterTypeName="Microsoft.VisualStudio.TestTools.TestTypes.Unit.UnitTestAdapter, Microsoft.VisualStudio.QualityTools.Tips.UnitTest.Adapter, Version=10.0.0.0, Culture=neutral, PublicKeyToken=b03f5f7f11d50a3a" className="Tests.ProveedorRepositorioTest, Tests, Version=1.0.0.0, Culture=neutral, PublicKeyToken=null" name="grabarTest" />
    </UnitTest>
    <UnitTest name="listarFacturasPorClienteTest" storage="c:\users\diego\documents\visual studio 2010\projects\uniprof\tests\bin\release\tests.dll" id="ce459473-fe89-efb8-04f6-e4458eb5deac">
      <Execution id="69cae63b-082c-4fcf-b37c-dd72de1cee13" />
      <TestMethod codeBase="C:/Users/Diego/Documents/Visual Studio 2010/Projects/Uniprof/Tests/bin/Release/Tests.DLL" adapterTypeName="Microsoft.VisualStudio.TestTools.TestTypes.Unit.UnitTestAdapter, Microsoft.VisualStudio.QualityTools.Tips.UnitTest.Adapter, Version=10.0.0.0, Culture=neutral, PublicKeyToken=b03f5f7f11d50a3a" className="Tests.FacturaBusinessTest, Tests, Version=1.0.0.0, Culture=neutral, PublicKeyToken=null" name="listarFacturasPorClienteTest" />
    </UnitTest>
    <UnitTest name="grabarArticulosTest" storage="c:\users\diego\documents\visual studio 2010\projects\uniprof\tests\bin\release\tests.dll" id="79fcf63f-8b0d-33c2-c15a-b70a52cca16c">
      <Execution id="3521992d-b1cc-414a-86b1-13a22b8445a4" />
      <TestMethod codeBase="C:/Users/Diego/Documents/Visual Studio 2010/Projects/Uniprof/Tests/bin/Release/Tests.DLL" adapterTypeName="Microsoft.VisualStudio.TestTools.TestTypes.Unit.UnitTestAdapter, Microsoft.VisualStudio.QualityTools.Tips.UnitTest.Adapter, Version=10.0.0.0, Culture=neutral, PublicKeyToken=b03f5f7f11d50a3a" className="Tests.ArticuloTDGTest, Tests, Version=1.0.0.0, Culture=neutral, PublicKeyToken=null" name="grabarArticulosTest" />
    </UnitTest>
    <UnitTest name="cargarFamiliasPorUsuarioTest" storage="c:\users\diego\documents\visual studio 2010\projects\uniprof\tests\bin\release\tests.dll" id="8ce4ba60-10ed-e341-0892-b9526f864034">
      <Execution id="e2e8fc7d-67e3-456c-95fc-251200125dff" />
      <TestMethod codeBase="C:/Users/Diego/Documents/Visual Studio 2010/Projects/Uniprof/Tests/bin/Release/Tests.DLL" adapterTypeName="Microsoft.VisualStudio.TestTools.TestTypes.Unit.UnitTestAdapter, Microsoft.VisualStudio.QualityTools.Tips.UnitTest.Adapter, Version=10.0.0.0, Culture=neutral, PublicKeyToken=b03f5f7f11d50a3a" className="Tests.FamiliaRepositorioTest, Tests, Version=1.0.0.0, Culture=neutral, PublicKeyToken=null" name="cargarFamiliasPorUsuarioTest" />
    </UnitTest>
    <UnitTest name="borrarTest" storage="c:\users\diego\documents\visual studio 2010\projects\uniprof\tests\bin\release\tests.dll" id="ab0fe80a-1fd5-fb8a-e7d4-5b5fcdcec2eb">
      <Execution id="446389d2-1ba0-4fe7-b8e3-d6390f1d63d4" />
      <TestMethod codeBase="C:/Users/Diego/Documents/Visual Studio 2010/Projects/Uniprof/Tests/bin/Release/Tests.DLL" adapterTypeName="Microsoft.VisualStudio.TestTools.TestTypes.Unit.UnitTestAdapter, Microsoft.VisualStudio.QualityTools.Tips.UnitTest.Adapter, Version=10.0.0.0, Culture=neutral, PublicKeyToken=b03f5f7f11d50a3a" className="Tests.ConversacionRepositorioTest, Tests, Version=1.0.0.0, Culture=neutral, PublicKeyToken=null" name="borrarTest" />
    </UnitTest>
    <UnitTest name="grabarOperadorTest" storage="c:\users\diego\documents\visual studio 2010\projects\uniprof\tests\bin\release\tests.dll" id="5bc580ea-e8dc-d81d-d20e-846c482c1228">
      <Execution id="718fedae-1877-4265-9967-12062e27b4b6" />
      <TestMethod codeBase="C:/Users/Diego/Documents/Visual Studio 2010/Projects/Uniprof/Tests/bin/Release/Tests.DLL" adapterTypeName="Microsoft.VisualStudio.TestTools.TestTypes.Unit.UnitTestAdapter, Microsoft.VisualStudio.QualityTools.Tips.UnitTest.Adapter, Version=10.0.0.0, Culture=neutral, PublicKeyToken=b03f5f7f11d50a3a" className="Tests.OperadorTDGTest, Tests, Version=1.0.0.0, Culture=neutral, PublicKeyToken=null" name="grabarOperadorTest" />
    </UnitTest>
    <UnitTest name="actualizarDiseñoTest" storage="c:\users\diego\documents\visual studio 2010\projects\uniprof\tests\bin\release\tests.dll" id="b1ce8274-0eb4-6ea7-4d2b-12d8e6b2a366">
      <Execution id="e2bc60b9-0be0-4986-b775-5529fa88bd92" />
      <TestMethod codeBase="C:/Users/Diego/Documents/Visual Studio 2010/Projects/Uniprof/Tests/bin/Release/Tests.DLL" adapterTypeName="Microsoft.VisualStudio.TestTools.TestTypes.Unit.UnitTestAdapter, Microsoft.VisualStudio.QualityTools.Tips.UnitTest.Adapter, Version=10.0.0.0, Culture=neutral, PublicKeyToken=b03f5f7f11d50a3a" className="Tests.DiseñoBusinessTest, Tests, Version=1.0.0.0, Culture=neutral, PublicKeyToken=null" name="actualizarDiseñoTest" />
    </UnitTest>
    <UnitTest name="borrarUsuarioTest" storage="c:\users\diego\documents\visual studio 2010\projects\uniprof\tests\bin\release\tests.dll" id="0619da45-f95c-9013-f779-f3a2e41e2ddd">
      <Execution id="f8a845c1-9955-45b5-8ee2-3857f48fd0b2" />
      <TestMethod codeBase="C:/Users/Diego/Documents/Visual Studio 2010/Projects/Uniprof/Tests/bin/Release/Tests.DLL" adapterTypeName="Microsoft.VisualStudio.TestTools.TestTypes.Unit.UnitTestAdapter, Microsoft.VisualStudio.QualityTools.Tips.UnitTest.Adapter, Version=10.0.0.0, Culture=neutral, PublicKeyToken=b03f5f7f11d50a3a" className="Tests.UsuarioTDGTest, Tests, Version=1.0.0.0, Culture=neutral, PublicKeyToken=null" name="borrarUsuarioTest" />
    </UnitTest>
    <UnitTest name="GrabarDiseñoTest" storage="c:\users\diego\documents\visual studio 2010\projects\uniprof\tests\bin\release\tests.dll" id="5be9d1df-2b36-1659-9ba5-a87863ccb63a">
      <Execution id="b7e6884f-f9a7-48d7-a08f-3152bb38947b" />
      <TestMethod codeBase="C:/Users/Diego/Documents/Visual Studio 2010/Projects/Uniprof/Tests/bin/Release/Tests.DLL" adapterTypeName="Microsoft.VisualStudio.TestTools.TestTypes.Unit.UnitTestAdapter, Microsoft.VisualStudio.QualityTools.Tips.UnitTest.Adapter, Version=10.0.0.0, Culture=neutral, PublicKeyToken=b03f5f7f11d50a3a" className="Tests.DiseñoBusinessTest, Tests, Version=1.0.0.0, Culture=neutral, PublicKeyToken=null" name="GrabarDiseñoTest" />
    </UnitTest>
    <UnitTest name="buscarDiseñoInsumoTest" storage="c:\users\diego\documents\visual studio 2010\projects\uniprof\tests\bin\release\tests.dll" id="c928c59c-16e9-64be-3633-321da85248bf">
      <Execution id="9cc91d63-258e-40d3-8cce-2e823e9d412d" />
      <TestMethod codeBase="C:/Users/Diego/Documents/Visual Studio 2010/Projects/Uniprof/Tests/bin/Release/Tests.DLL" adapterTypeName="Microsoft.VisualStudio.TestTools.TestTypes.Unit.UnitTestAdapter, Microsoft.VisualStudio.QualityTools.Tips.UnitTest.Adapter, Version=10.0.0.0, Culture=neutral, PublicKeyToken=b03f5f7f11d50a3a" className="Tests.DiseñoInsumoTDGTest, Tests, Version=1.0.0.0, Culture=neutral, PublicKeyToken=null" name="buscarDiseñoInsumoTest" />
    </UnitTest>
    <UnitTest name="buscarMovimientoPorNroTest" storage="c:\users\diego\documents\visual studio 2010\projects\uniprof\tests\bin\release\tests.dll" id="9051c370-f8a8-7d06-90bf-a5c879f3e27c">
      <Execution id="e1660755-2ab6-4222-ad60-34f4c73da827" />
      <TestMethod codeBase="C:/Users/Diego/Documents/Visual Studio 2010/Projects/Uniprof/Tests/bin/Release/Tests.DLL" adapterTypeName="Microsoft.VisualStudio.TestTools.TestTypes.Unit.UnitTestAdapter, Microsoft.VisualStudio.QualityTools.Tips.UnitTest.Adapter, Version=10.0.0.0, Culture=neutral, PublicKeyToken=b03f5f7f11d50a3a" className="Tests.MovimientoProveedorBusinessTest, Tests, Version=1.0.0.0, Culture=neutral, PublicKeyToken=null" name="buscarMovimientoPorNroTest" />
    </UnitTest>
    <UnitTest name="buscarNewsletterPorNombreTest" storage="c:\users\diego\documents\visual studio 2010\projects\uniprof\tests\bin\release\tests.dll" id="ccbeee50-2d58-025b-2df8-75ec6a26b781">
      <Execution id="04d33dfe-5643-4ab7-a16f-1c6c3c5dd14b" />
      <TestMethod codeBase="C:/Users/Diego/Documents/Visual Studio 2010/Projects/Uniprof/Tests/bin/Release/Tests.DLL" adapterTypeName="Microsoft.VisualStudio.TestTools.TestTypes.Unit.UnitTestAdapter, Microsoft.VisualStudio.QualityTools.Tips.UnitTest.Adapter, Version=10.0.0.0, Culture=neutral, PublicKeyToken=b03f5f7f11d50a3a" className="Tests.NewsletterRepositorioTest, Tests, Version=1.0.0.0, Culture=neutral, PublicKeyToken=null" name="buscarNewsletterPorNombreTest" />
    </UnitTest>
    <UnitTest name="buscarMovimientoPorNroTest" storage="c:\users\diego\documents\visual studio 2010\projects\uniprof\tests\bin\release\tests.dll" id="bdb05735-8cd1-a75d-4d6a-dc0c0dcde2a9">
      <Execution id="c67eb602-d4df-427e-bd07-39b64a244eb7" />
      <TestMethod codeBase="C:/Users/Diego/Documents/Visual Studio 2010/Projects/Uniprof/Tests/bin/Release/Tests.DLL" adapterTypeName="Microsoft.VisualStudio.TestTools.TestTypes.Unit.UnitTestAdapter, Microsoft.VisualStudio.QualityTools.Tips.UnitTest.Adapter, Version=10.0.0.0, Culture=neutral, PublicKeyToken=b03f5f7f11d50a3a" className="Tests.MovimientoCuentaProveedorRepositorioTest, Tests, Version=1.0.0.0, Culture=neutral, PublicKeyToken=null" name="buscarMovimientoPorNroTest" />
    </UnitTest>
    <UnitTest name="calcularTimepoTrabajoTest4" storage="c:\users\diego\documents\visual studio 2010\projects\uniprof\tests\bin\release\tests.dll" id="42f3bd17-7e9a-3a2a-0abf-94dcbfe8af44">
      <Execution id="e1678068-8adb-4f17-bbd1-a1b85f598ddf" />
      <TestMethod codeBase="C:/Users/Diego/Documents/Visual Studio 2010/Projects/Uniprof/Tests/bin/Release/Tests.DLL" adapterTypeName="Microsoft.VisualStudio.TestTools.TestTypes.Unit.UnitTestAdapter, Microsoft.VisualStudio.QualityTools.Tips.UnitTest.Adapter, Version=10.0.0.0, Culture=neutral, PublicKeyToken=b03f5f7f11d50a3a" className="Tests.ProduccionBusinessTest, Tests, Version=1.0.0.0, Culture=neutral, PublicKeyToken=null" name="calcularTimepoTrabajoTest4" />
    </UnitTest>
    <UnitTest name="buscarEstadosTest" storage="c:\users\diego\documents\visual studio 2010\projects\uniprof\tests\bin\release\tests.dll" id="996b7b9c-4963-23a7-ecd9-60f71e9ffdab">
      <Execution id="bb775d07-17e2-4941-a084-9af72ae0dff4" />
      <TestMethod codeBase="C:/Users/Diego/Documents/Visual Studio 2010/Projects/Uniprof/Tests/bin/Release/Tests.DLL" adapterTypeName="Microsoft.VisualStudio.TestTools.TestTypes.Unit.UnitTestAdapter, Microsoft.VisualStudio.QualityTools.Tips.UnitTest.Adapter, Version=10.0.0.0, Culture=neutral, PublicKeyToken=b03f5f7f11d50a3a" className="Tests.EstadoTrabajoTDGTest, Tests, Version=1.0.0.0, Culture=neutral, PublicKeyToken=null" name="buscarEstadosTest" />
    </UnitTest>
    <UnitTest name="listarFacturaPorMovimientoTest" storage="c:\users\diego\documents\visual studio 2010\projects\uniprof\tests\bin\release\tests.dll" id="2bbea6cc-d32e-272a-1a5e-81a0cec727a7">
      <Execution id="333b0657-774a-4d10-9d62-fb4a6bcde46f" />
      <TestMethod codeBase="C:/Users/Diego/Documents/Visual Studio 2010/Projects/Uniprof/Tests/bin/Release/Tests.DLL" adapterTypeName="Microsoft.VisualStudio.TestTools.TestTypes.Unit.UnitTestAdapter, Microsoft.VisualStudio.QualityTools.Tips.UnitTest.Adapter, Version=10.0.0.0, Culture=neutral, PublicKeyToken=b03f5f7f11d50a3a" className="Tests.FacturaBusinessTest, Tests, Version=1.0.0.0, Culture=neutral, PublicKeyToken=null" name="listarFacturaPorMovimientoTest" />
    </UnitTest>
    <UnitTest name="buscarColorTest" storage="c:\users\diego\documents\visual studio 2010\projects\uniprof\tests\bin\release\tests.dll" id="ecd27a0e-9f35-c43e-8c11-1b73255aae3c">
      <Execution id="a0fa09b9-6273-478f-be98-88fa342520d7" />
      <TestMethod codeBase="C:/Users/Diego/Documents/Visual Studio 2010/Projects/Uniprof/Tests/bin/Release/Tests.DLL" adapterTypeName="Microsoft.VisualStudio.TestTools.TestTypes.Unit.UnitTestAdapter, Microsoft.VisualStudio.QualityTools.Tips.UnitTest.Adapter, Version=10.0.0.0, Culture=neutral, PublicKeyToken=b03f5f7f11d50a3a" className="Tests.ColorTDGTest, Tests, Version=1.0.0.0, Culture=neutral, PublicKeyToken=null" name="buscarColorTest" />
    </UnitTest>
    <UnitTest name="cargarUsuariosTest" storage="c:\users\diego\documents\visual studio 2010\projects\uniprof\tests\bin\release\tests.dll" id="049d0f88-7bdd-159e-dcba-5d96f972e9a7">
      <Execution id="af00ce78-fb26-4144-a4a8-905fa726b996" />
      <TestMethod codeBase="C:/Users/Diego/Documents/Visual Studio 2010/Projects/Uniprof/Tests/bin/Release/Tests.DLL" adapterTypeName="Microsoft.VisualStudio.TestTools.TestTypes.Unit.UnitTestAdapter, Microsoft.VisualStudio.QualityTools.Tips.UnitTest.Adapter, Version=10.0.0.0, Culture=neutral, PublicKeyToken=b03f5f7f11d50a3a" className="Tests.UsuarioTDGTest, Tests, Version=1.0.0.0, Culture=neutral, PublicKeyToken=null" name="cargarUsuariosTest" />
    </UnitTest>
    <UnitTest name="cargarTest" storage="c:\users\diego\documents\visual studio 2010\projects\uniprof\tests\bin\release\tests.dll" id="a5daaf00-a7ab-4dce-b449-0d5879de0266">
      <Execution id="66e6b0c2-6d8b-4e31-bc48-9f8e645b3352" />
      <TestMethod codeBase="C:/Users/Diego/Documents/Visual Studio 2010/Projects/Uniprof/Tests/bin/Release/Tests.DLL" adapterTypeName="Microsoft.VisualStudio.TestTools.TestTypes.Unit.UnitTestAdapter, Microsoft.VisualStudio.QualityTools.Tips.UnitTest.Adapter, Version=10.0.0.0, Culture=neutral, PublicKeyToken=b03f5f7f11d50a3a" className="Tests.MensajeTDGTest, Tests, Version=1.0.0.0, Culture=neutral, PublicKeyToken=null" name="cargarTest" />
    </UnitTest>
    <UnitTest name="actualizarNewsletterTest" storage="c:\users\diego\documents\visual studio 2010\projects\uniprof\tests\bin\release\tests.dll" id="06ea3cf0-5b85-5241-6e3e-f83627367b47">
      <Execution id="4d07b41d-08d5-4b48-ace2-ded3b0600d6e" />
      <TestMethod codeBase="C:/Users/Diego/Documents/Visual Studio 2010/Projects/Uniprof/Tests/bin/Release/Tests.DLL" adapterTypeName="Microsoft.VisualStudio.TestTools.TestTypes.Unit.UnitTestAdapter, Microsoft.VisualStudio.QualityTools.Tips.UnitTest.Adapter, Version=10.0.0.0, Culture=neutral, PublicKeyToken=b03f5f7f11d50a3a" className="Tests.NewsletterTDGTest, Tests, Version=1.0.0.0, Culture=neutral, PublicKeyToken=null" name="actualizarNewsletterTest" />
    </UnitTest>
    <UnitTest name="listarInsumosPorCodigoTest" storage="c:\users\diego\documents\visual studio 2010\projects\uniprof\tests\bin\release\tests.dll" id="5973b42f-4391-99d3-6b49-5d351ffdd924">
      <Execution id="099d6101-1e8a-441a-b378-d561af2c60d1" />
      <TestMethod codeBase="C:/Users/Diego/Documents/Visual Studio 2010/Projects/Uniprof/Tests/bin/Release/Tests.DLL" adapterTypeName="Microsoft.VisualStudio.TestTools.TestTypes.Unit.UnitTestAdapter, Microsoft.VisualStudio.QualityTools.Tips.UnitTest.Adapter, Version=10.0.0.0, Culture=neutral, PublicKeyToken=b03f5f7f11d50a3a" className="Tests.InsumoRepositorioTest, Tests, Version=1.0.0.0, Culture=neutral, PublicKeyToken=null" name="listarInsumosPorCodigoTest" />
    </UnitTest>
    <UnitTest name="borrarListaPrecioTest" storage="c:\users\diego\documents\visual studio 2010\projects\uniprof\tests\bin\release\tests.dll" id="6c77fe8d-a8b3-4efd-1e3d-013b12293f74">
      <Execution id="e3ee6651-b288-4b55-b0e2-6c4921512d11" />
      <TestMethod codeBase="C:/Users/Diego/Documents/Visual Studio 2010/Projects/Uniprof/Tests/bin/Release/Tests.DLL" adapterTypeName="Microsoft.VisualStudio.TestTools.TestTypes.Unit.UnitTestAdapter, Microsoft.VisualStudio.QualityTools.Tips.UnitTest.Adapter, Version=10.0.0.0, Culture=neutral, PublicKeyToken=b03f5f7f11d50a3a" className="Tests.ListaPreciosTDGTest, Tests, Version=1.0.0.0, Culture=neutral, PublicKeyToken=null" name="borrarListaPrecioTest" />
    </UnitTest>
    <UnitTest name="buscarPorIdTest" storage="c:\users\diego\documents\visual studio 2010\projects\uniprof\tests\bin\release\tests.dll" id="1aa90fb2-a5a8-fc6d-427f-550365a59543">
      <Execution id="faf234eb-6c5f-47d2-b5ae-42403c7c007a" />
      <TestMethod codeBase="C:/Users/Diego/Documents/Visual Studio 2010/Projects/Uniprof/Tests/bin/Release/Tests.DLL" adapterTypeName="Microsoft.VisualStudio.TestTools.TestTypes.Unit.UnitTestAdapter, Microsoft.VisualStudio.QualityTools.Tips.UnitTest.Adapter, Version=10.0.0.0, Culture=neutral, PublicKeyToken=b03f5f7f11d50a3a" className="Tests.ProveedorTDGTest, Tests, Version=1.0.0.0, Culture=neutral, PublicKeyToken=null" name="buscarPorIdTest" />
    </UnitTest>
    <UnitTest name="grabarDiseñoInsumoTest" storage="c:\users\diego\documents\visual studio 2010\projects\uniprof\tests\bin\release\tests.dll" id="3814ca38-0b83-b334-0d16-36809809c612">
      <Execution id="9dde2223-d964-4020-a441-d559c0bc4812" />
      <TestMethod codeBase="C:/Users/Diego/Documents/Visual Studio 2010/Projects/Uniprof/Tests/bin/Release/Tests.DLL" adapterTypeName="Microsoft.VisualStudio.TestTools.TestTypes.Unit.UnitTestAdapter, Microsoft.VisualStudio.QualityTools.Tips.UnitTest.Adapter, Version=10.0.0.0, Culture=neutral, PublicKeyToken=b03f5f7f11d50a3a" className="Tests.DiseñoInsumoTDGTest, Tests, Version=1.0.0.0, Culture=neutral, PublicKeyToken=null" name="grabarDiseñoInsumoTest" />
    </UnitTest>
    <UnitTest name="buscarUsuarioNewsletterTest" storage="c:\users\diego\documents\visual studio 2010\projects\uniprof\tests\bin\release\tests.dll" id="ad52b45c-d7bf-7d90-509a-9d90fabbb4cb">
      <Execution id="11219478-4750-40d3-aab9-a5c3f499bf1c" />
      <TestMethod codeBase="C:/Users/Diego/Documents/Visual Studio 2010/Projects/Uniprof/Tests/bin/Release/Tests.DLL" adapterTypeName="Microsoft.VisualStudio.TestTools.TestTypes.Unit.UnitTestAdapter, Microsoft.VisualStudio.QualityTools.Tips.UnitTest.Adapter, Version=10.0.0.0, Culture=neutral, PublicKeyToken=b03f5f7f11d50a3a" className="Tests.UsuarioBusinessTest, Tests, Version=1.0.0.0, Culture=neutral, PublicKeyToken=null" name="buscarUsuarioNewsletterTest" />
    </UnitTest>
    <UnitTest name="cargarHistoricoEstadosTest" storage="c:\users\diego\documents\visual studio 2010\projects\uniprof\tests\bin\release\tests.dll" id="52baea7e-b200-446e-6971-763252eb7cdd">
      <Execution id="8aedeee6-7bb8-4db7-af4d-9ba2660870a2" />
      <TestMethod codeBase="C:/Users/Diego/Documents/Visual Studio 2010/Projects/Uniprof/Tests/bin/Release/Tests.DLL" adapterTypeName="Microsoft.VisualStudio.TestTools.TestTypes.Unit.UnitTestAdapter, Microsoft.VisualStudio.QualityTools.Tips.UnitTest.Adapter, Version=10.0.0.0, Culture=neutral, PublicKeyToken=b03f5f7f11d50a3a" className="Tests.HistoricoEstadosPedidoTDGTest, Tests, Version=1.0.0.0, Culture=neutral, PublicKeyToken=null" name="cargarHistoricoEstadosTest" />
    </UnitTest>
    <UnitTest name="actualizarInsumoTest" storage="c:\users\diego\documents\visual studio 2010\projects\uniprof\tests\bin\release\tests.dll" id="ef762903-5f73-156d-4c6c-edbea7a556ad">
      <Execution id="88e2e356-c999-4c98-b30a-3ccad3462c37" />
      <TestMethod codeBase="C:/Users/Diego/Documents/Visual Studio 2010/Projects/Uniprof/Tests/bin/Release/Tests.DLL" adapterTypeName="Microsoft.VisualStudio.TestTools.TestTypes.Unit.UnitTestAdapter, Microsoft.VisualStudio.QualityTools.Tips.UnitTest.Adapter, Version=10.0.0.0, Culture=neutral, PublicKeyToken=b03f5f7f11d50a3a" className="Tests.InsumoRepositorioTest, Tests, Version=1.0.0.0, Culture=neutral, PublicKeyToken=null" name="actualizarInsumoTest" />
    </UnitTest>
    <UnitTest name="modificarTest" storage="c:\users\diego\documents\visual studio 2010\projects\uniprof\tests\bin\release\tests.dll" id="5b45a836-b61f-3f4e-71ec-60865157f707">
      <Execution id="107359c4-5a3f-47f0-afba-60a39185daab" />
      <TestMethod codeBase="C:/Users/Diego/Documents/Visual Studio 2010/Projects/Uniprof/Tests/bin/Release/Tests.DLL" adapterTypeName="Microsoft.VisualStudio.TestTools.TestTypes.Unit.UnitTestAdapter, Microsoft.VisualStudio.QualityTools.Tips.UnitTest.Adapter, Version=10.0.0.0, Culture=neutral, PublicKeyToken=b03f5f7f11d50a3a" className="Tests.ConversacionBusinessTest, Tests, Version=1.0.0.0, Culture=neutral, PublicKeyToken=null" name="modificarTest" />
    </UnitTest>
    <UnitTest name="borrarFamiliaTest" storage="c:\users\diego\documents\visual studio 2010\projects\uniprof\tests\bin\release\tests.dll" id="f07288f5-2f3d-e939-3514-a642579a478e">
      <Execution id="89821f5e-cdcb-4455-9f8d-4e105f5ed486" />
      <TestMethod codeBase="C:/Users/Diego/Documents/Visual Studio 2010/Projects/Uniprof/Tests/bin/Release/Tests.DLL" adapterTypeName="Microsoft.VisualStudio.TestTools.TestTypes.Unit.UnitTestAdapter, Microsoft.VisualStudio.QualityTools.Tips.UnitTest.Adapter, Version=10.0.0.0, Culture=neutral, PublicKeyToken=b03f5f7f11d50a3a" className="Tests.FamiliaRepositorioTest, Tests, Version=1.0.0.0, Culture=neutral, PublicKeyToken=null" name="borrarFamiliaTest" />
    </UnitTest>
    <UnitTest name="CargarClientesTest" storage="c:\users\diego\documents\visual studio 2010\projects\uniprof\tests\bin\release\tests.dll" id="ea022a26-3382-db95-b68b-60ac6f18deb0">
      <Execution id="68eb5572-715a-4320-8e3b-77e031f402c5" />
      <TestMethod codeBase="C:/Users/Diego/Documents/Visual Studio 2010/Projects/Uniprof/Tests/bin/Release/Tests.DLL" adapterTypeName="Microsoft.VisualStudio.TestTools.TestTypes.Unit.UnitTestAdapter, Microsoft.VisualStudio.QualityTools.Tips.UnitTest.Adapter, Version=10.0.0.0, Culture=neutral, PublicKeyToken=b03f5f7f11d50a3a" className="Tests.ClienteRepositorioTest, Tests, Version=1.0.0.0, Culture=neutral, PublicKeyToken=null" name="CargarClientesTest" />
    </UnitTest>
    <UnitTest name="listarFacturasTest" storage="c:\users\diego\documents\visual studio 2010\projects\uniprof\tests\bin\release\tests.dll" id="3f09e394-0823-389c-6e0c-74955eff820a">
      <Execution id="f5507cd8-5f86-4e56-8177-d6489ec184cb" />
      <TestMethod codeBase="C:/Users/Diego/Documents/Visual Studio 2010/Projects/Uniprof/Tests/bin/Release/Tests.DLL" adapterTypeName="Microsoft.VisualStudio.TestTools.TestTypes.Unit.UnitTestAdapter, Microsoft.VisualStudio.QualityTools.Tips.UnitTest.Adapter, Version=10.0.0.0, Culture=neutral, PublicKeyToken=b03f5f7f11d50a3a" className="Tests.FacturaRepositorioTest, Tests, Version=1.0.0.0, Culture=neutral, PublicKeyToken=null" name="listarFacturasTest" />
    </UnitTest>
    <UnitTest name="listarInsumosPorTipoTest" storage="c:\users\diego\documents\visual studio 2010\projects\uniprof\tests\bin\release\tests.dll" id="3bb3d861-97d5-17ed-e4db-8593f01e3068">
      <Execution id="55d3ca80-ec54-4866-9770-c652465552a4" />
      <TestMethod codeBase="C:/Users/Diego/Documents/Visual Studio 2010/Projects/Uniprof/Tests/bin/Release/Tests.DLL" adapterTypeName="Microsoft.VisualStudio.TestTools.TestTypes.Unit.UnitTestAdapter, Microsoft.VisualStudio.QualityTools.Tips.UnitTest.Adapter, Version=10.0.0.0, Culture=neutral, PublicKeyToken=b03f5f7f11d50a3a" className="Tests.InsumoRepositorioTest, Tests, Version=1.0.0.0, Culture=neutral, PublicKeyToken=null" name="listarInsumosPorTipoTest" />
    </UnitTest>
    <UnitTest name="buscarPrimerosHuecosMaquinaTest2" storage="c:\users\diego\documents\visual studio 2010\projects\uniprof\tests\bin\release\tests.dll" id="7a2f5966-e3a2-2a72-e68e-2d6083996de2">
      <Execution id="69780ea9-99bf-4812-9cac-3b08cc9123ca" />
      <TestMethod codeBase="C:/Users/Diego/Documents/Visual Studio 2010/Projects/Uniprof/Tests/bin/Release/Tests.DLL" adapterTypeName="Microsoft.VisualStudio.TestTools.TestTypes.Unit.UnitTestAdapter, Microsoft.VisualStudio.QualityTools.Tips.UnitTest.Adapter, Version=10.0.0.0, Culture=neutral, PublicKeyToken=b03f5f7f11d50a3a" className="Tests.ProduccionBusinessTest, Tests, Version=1.0.0.0, Culture=neutral, PublicKeyToken=null" name="buscarPrimerosHuecosMaquinaTest2" />
    </UnitTest>
    <UnitTest name="buscarOpinionesTest" storage="c:\users\diego\documents\visual studio 2010\projects\uniprof\tests\bin\release\tests.dll" id="90665605-993c-c3f0-732c-0c8cb4e19400">
      <Execution id="f1701a44-cdaa-4260-8be3-07b2bbc6c832" />
      <TestMethod codeBase="C:/Users/Diego/Documents/Visual Studio 2010/Projects/Uniprof/Tests/bin/Release/Tests.DLL" adapterTypeName="Microsoft.VisualStudio.TestTools.TestTypes.Unit.UnitTestAdapter, Microsoft.VisualStudio.QualityTools.Tips.UnitTest.Adapter, Version=10.0.0.0, Culture=neutral, PublicKeyToken=b03f5f7f11d50a3a" className="Tests.OpinionTDGTest, Tests, Version=1.0.0.0, Culture=neutral, PublicKeyToken=null" name="buscarOpinionesTest" />
    </UnitTest>
    <UnitTest name="buscarArticulosPorCodigoTest" storage="c:\users\diego\documents\visual studio 2010\projects\uniprof\tests\bin\release\tests.dll" id="d5caf4bd-ddf9-d011-d96d-760e6d607d73">
      <Execution id="066bef16-a0c6-4fc7-b9b5-f21514b26edc" />
      <TestMethod codeBase="C:/Users/Diego/Documents/Visual Studio 2010/Projects/Uniprof/Tests/bin/Release/Tests.DLL" adapterTypeName="Microsoft.VisualStudio.TestTools.TestTypes.Unit.UnitTestAdapter, Microsoft.VisualStudio.QualityTools.Tips.UnitTest.Adapter, Version=10.0.0.0, Culture=neutral, PublicKeyToken=b03f5f7f11d50a3a" className="Tests.ArticuloBusinessTest, Tests, Version=1.0.0.0, Culture=neutral, PublicKeyToken=null" name="buscarArticulosPorCodigoTest" />
    </UnitTest>
    <UnitTest name="grabarMensajeTest" storage="c:\users\diego\documents\visual studio 2010\projects\uniprof\tests\bin\release\tests.dll" id="b697701d-8cff-a257-c4da-79dac613bf34">
      <Execution id="e4089841-18ef-4774-9de4-ca052c95c554" />
      <TestMethod codeBase="C:/Users/Diego/Documents/Visual Studio 2010/Projects/Uniprof/Tests/bin/Release/Tests.DLL" adapterTypeName="Microsoft.VisualStudio.TestTools.TestTypes.Unit.UnitTestAdapter, Microsoft.VisualStudio.QualityTools.Tips.UnitTest.Adapter, Version=10.0.0.0, Culture=neutral, PublicKeyToken=b03f5f7f11d50a3a" className="Tests.MensajeTDGTest, Tests, Version=1.0.0.0, Culture=neutral, PublicKeyToken=null" name="grabarMensajeTest" />
    </UnitTest>
    <UnitTest name="buscarPorIdTest" storage="c:\users\diego\documents\visual studio 2010\projects\uniprof\tests\bin\release\tests.dll" id="e2347588-3d57-efa9-6d83-3dfd95e9941d">
      <Execution id="054288f6-8708-4448-aa48-080f0a8f145d" />
      <TestMethod codeBase="C:/Users/Diego/Documents/Visual Studio 2010/Projects/Uniprof/Tests/bin/Release/Tests.DLL" adapterTypeName="Microsoft.VisualStudio.TestTools.TestTypes.Unit.UnitTestAdapter, Microsoft.VisualStudio.QualityTools.Tips.UnitTest.Adapter, Version=10.0.0.0, Culture=neutral, PublicKeyToken=b03f5f7f11d50a3a" className="Tests.ProduccionOperadorTDGTest, Tests, Version=1.0.0.0, Culture=neutral, PublicKeyToken=null" name="buscarPorIdTest" />
    </UnitTest>
    <UnitTest name="grabarUsuarioTest" storage="c:\users\diego\documents\visual studio 2010\projects\uniprof\tests\bin\release\tests.dll" id="28e69d1a-8de4-eba9-3792-eae237e8276c">
      <Execution id="4dac68b3-96a5-44a5-9c71-5565cff91045" />
      <TestMethod codeBase="C:/Users/Diego/Documents/Visual Studio 2010/Projects/Uniprof/Tests/bin/Release/Tests.DLL" adapterTypeName="Microsoft.VisualStudio.TestTools.TestTypes.Unit.UnitTestAdapter, Microsoft.VisualStudio.QualityTools.Tips.UnitTest.Adapter, Version=10.0.0.0, Culture=neutral, PublicKeyToken=b03f5f7f11d50a3a" className="Tests.ClienteTDGTest, Tests, Version=1.0.0.0, Culture=neutral, PublicKeyToken=null" name="grabarUsuarioTest" />
    </UnitTest>
    <UnitTest name="buscarPorDescripcionTest" storage="c:\users\diego\documents\visual studio 2010\projects\uniprof\tests\bin\release\tests.dll" id="b8f7e814-b981-7bd7-8770-09bbc779dc13">
      <Execution id="e825f1fd-3f96-4fa1-88ce-1c1ce197fdff" />
      <TestMethod codeBase="C:/Users/Diego/Documents/Visual Studio 2010/Projects/Uniprof/Tests/bin/Release/Tests.DLL" adapterTypeName="Microsoft.VisualStudio.TestTools.TestTypes.Unit.UnitTestAdapter, Microsoft.VisualStudio.QualityTools.Tips.UnitTest.Adapter, Version=10.0.0.0, Culture=neutral, PublicKeyToken=b03f5f7f11d50a3a" className="Tests.TipoInsumoTDGTest, Tests, Version=1.0.0.0, Culture=neutral, PublicKeyToken=null" name="buscarPorDescripcionTest" />
    </UnitTest>
    <UnitTest name="buscarNewsletterPorIdTest" storage="c:\users\diego\documents\visual studio 2010\projects\uniprof\tests\bin\release\tests.dll" id="e7af5983-4779-41b6-14d3-f05ee86282c2">
      <Execution id="c2e266be-4795-4d6b-8f97-b2a690194669" />
      <TestMethod codeBase="C:/Users/Diego/Documents/Visual Studio 2010/Projects/Uniprof/Tests/bin/Release/Tests.DLL" adapterTypeName="Microsoft.VisualStudio.TestTools.TestTypes.Unit.UnitTestAdapter, Microsoft.VisualStudio.QualityTools.Tips.UnitTest.Adapter, Version=10.0.0.0, Culture=neutral, PublicKeyToken=b03f5f7f11d50a3a" className="Tests.NewsletterBusinessTest, Tests, Version=1.0.0.0, Culture=neutral, PublicKeyToken=null" name="buscarNewsletterPorIdTest" />
    </UnitTest>
    <UnitTest name="ListarPrendasTest" storage="c:\users\diego\documents\visual studio 2010\projects\uniprof\tests\bin\release\tests.dll" id="468ca457-0ed7-03c2-646c-9f2875316428">
      <Execution id="f403bd1c-41e0-486d-ad55-fff6021f6ad0" />
      <TestMethod codeBase="C:/Users/Diego/Documents/Visual Studio 2010/Projects/Uniprof/Tests/bin/Release/Tests.DLL" adapterTypeName="Microsoft.VisualStudio.TestTools.TestTypes.Unit.UnitTestAdapter, Microsoft.VisualStudio.QualityTools.Tips.UnitTest.Adapter, Version=10.0.0.0, Culture=neutral, PublicKeyToken=b03f5f7f11d50a3a" className="Tests.TipoPrendaBusinessTest, Tests, Version=1.0.0.0, Culture=neutral, PublicKeyToken=null" name="ListarPrendasTest" />
    </UnitTest>
    <UnitTest name="borrarNewsletterTest" storage="c:\users\diego\documents\visual studio 2010\projects\uniprof\tests\bin\release\tests.dll" id="a17744d1-ab11-f591-d328-1ad420c98fbd">
      <Execution id="0d73439e-d7c2-4cd4-a817-f0cd9930589f" />
      <TestMethod codeBase="C:/Users/Diego/Documents/Visual Studio 2010/Projects/Uniprof/Tests/bin/Release/Tests.DLL" adapterTypeName="Microsoft.VisualStudio.TestTools.TestTypes.Unit.UnitTestAdapter, Microsoft.VisualStudio.QualityTools.Tips.UnitTest.Adapter, Version=10.0.0.0, Culture=neutral, PublicKeyToken=b03f5f7f11d50a3a" className="Tests.NewsletterTDGTest, Tests, Version=1.0.0.0, Culture=neutral, PublicKeyToken=null" name="borrarNewsletterTest" />
    </UnitTest>
    <UnitTest name="cargarUsuarioTest" storage="c:\users\diego\documents\visual studio 2010\projects\uniprof\tests\bin\release\tests.dll" id="84b841c4-bb70-5525-3ae9-fa35ed11627d">
      <Execution id="cbb41951-181e-421e-aa31-a053eb455c0b" />
      <TestMethod codeBase="C:/Users/Diego/Documents/Visual Studio 2010/Projects/Uniprof/Tests/bin/Release/Tests.DLL" adapterTypeName="Microsoft.VisualStudio.TestTools.TestTypes.Unit.UnitTestAdapter, Microsoft.VisualStudio.QualityTools.Tips.UnitTest.Adapter, Version=10.0.0.0, Culture=neutral, PublicKeyToken=b03f5f7f11d50a3a" className="Tests.UsuarioTDGTest, Tests, Version=1.0.0.0, Culture=neutral, PublicKeyToken=null" name="cargarUsuarioTest" />
    </UnitTest>
    <UnitTest name="CambiarEstadoPedidoTest" storage="c:\users\diego\documents\visual studio 2010\projects\uniprof\tests\bin\release\tests.dll" id="2277aaf3-514d-5d22-b68b-739c3ef345a2">
      <Execution id="f64394c4-ecf4-422c-a866-81ed9c248d43" />
      <TestMethod codeBase="C:/Users/Diego/Documents/Visual Studio 2010/Projects/Uniprof/Tests/bin/Release/Tests.DLL" adapterTypeName="Microsoft.VisualStudio.TestTools.TestTypes.Unit.UnitTestAdapter, Microsoft.VisualStudio.QualityTools.Tips.UnitTest.Adapter, Version=10.0.0.0, Culture=neutral, PublicKeyToken=b03f5f7f11d50a3a" className="Tests.PedidoBusinessTest, Tests, Version=1.0.0.0, Culture=neutral, PublicKeyToken=null" name="CambiarEstadoPedidoTest" />
    </UnitTest>
    <UnitTest name="grabarProduccionTest" storage="c:\users\diego\documents\visual studio 2010\projects\uniprof\tests\bin\release\tests.dll" id="2ecef026-d4ff-850b-2022-72b81bdf2047">
      <Execution id="4e6c7625-cba6-4fcf-8ea4-4cc571ea5ebe" />
      <TestMethod codeBase="C:/Users/Diego/Documents/Visual Studio 2010/Projects/Uniprof/Tests/bin/Release/Tests.DLL" adapterTypeName="Microsoft.VisualStudio.TestTools.TestTypes.Unit.UnitTestAdapter, Microsoft.VisualStudio.QualityTools.Tips.UnitTest.Adapter, Version=10.0.0.0, Culture=neutral, PublicKeyToken=b03f5f7f11d50a3a" className="Tests.ProduccionRepositorioTest, Tests, Version=1.0.0.0, Culture=neutral, PublicKeyToken=null" name="grabarProduccionTest" />
    </UnitTest>
    <UnitTest name="cargarFacturasConRestriccionesTest" storage="c:\users\diego\documents\visual studio 2010\projects\uniprof\tests\bin\release\tests.dll" id="513854bd-1669-ed84-d891-6995e53105ac">
      <Execution id="fbc3ae7e-94c4-4ad3-8a7c-e19732423af5" />
      <TestMethod codeBase="C:/Users/Diego/Documents/Visual Studio 2010/Projects/Uniprof/Tests/bin/Release/Tests.DLL" adapterTypeName="Microsoft.VisualStudio.TestTools.TestTypes.Unit.UnitTestAdapter, Microsoft.VisualStudio.QualityTools.Tips.UnitTest.Adapter, Version=10.0.0.0, Culture=neutral, PublicKeyToken=b03f5f7f11d50a3a" className="Tests.FacturaTDGTest, Tests, Version=1.0.0.0, Culture=neutral, PublicKeyToken=null" name="cargarFacturasConRestriccionesTest" />
    </UnitTest>
    <UnitTest name="borrarPedidoTest" storage="c:\users\diego\documents\visual studio 2010\projects\uniprof\tests\bin\release\tests.dll" id="20d5f305-5003-b633-f12a-b60950a7d487">
      <Execution id="36b85fc3-c9a2-49e0-a7c1-058ed3b22a32" />
      <TestMethod codeBase="C:/Users/Diego/Documents/Visual Studio 2010/Projects/Uniprof/Tests/bin/Release/Tests.DLL" adapterTypeName="Microsoft.VisualStudio.TestTools.TestTypes.Unit.UnitTestAdapter, Microsoft.VisualStudio.QualityTools.Tips.UnitTest.Adapter, Version=10.0.0.0, Culture=neutral, PublicKeyToken=b03f5f7f11d50a3a" className="Tests.PedidoTDGTest, Tests, Version=1.0.0.0, Culture=neutral, PublicKeyToken=null" name="borrarPedidoTest" />
    </UnitTest>
    <UnitTest name="listarMovimientosPorNroTest" storage="c:\users\diego\documents\visual studio 2010\projects\uniprof\tests\bin\release\tests.dll" id="0321ef45-ca6a-c46f-356f-5dff04b055f8">
      <Execution id="73b1bf5c-ab6e-4b4e-91cd-829f9785db01" />
      <TestMethod codeBase="C:/Users/Diego/Documents/Visual Studio 2010/Projects/Uniprof/Tests/bin/Release/Tests.DLL" adapterTypeName="Microsoft.VisualStudio.TestTools.TestTypes.Unit.UnitTestAdapter, Microsoft.VisualStudio.QualityTools.Tips.UnitTest.Adapter, Version=10.0.0.0, Culture=neutral, PublicKeyToken=b03f5f7f11d50a3a" className="Tests.MovimientoCuentaClienteRepositorioTest, Tests, Version=1.0.0.0, Culture=neutral, PublicKeyToken=null" name="listarMovimientosPorNroTest" />
    </UnitTest>
    <UnitTest name="listarMovimientosTest" storage="c:\users\diego\documents\visual studio 2010\projects\uniprof\tests\bin\release\tests.dll" id="e02e0a67-6c2d-0c94-cb65-8df5b3dc5cea">
      <Execution id="fb7c0c49-f441-48b2-b782-c1282b19486d" />
      <TestMethod codeBase="C:/Users/Diego/Documents/Visual Studio 2010/Projects/Uniprof/Tests/bin/Release/Tests.DLL" adapterTypeName="Microsoft.VisualStudio.TestTools.TestTypes.Unit.UnitTestAdapter, Microsoft.VisualStudio.QualityTools.Tips.UnitTest.Adapter, Version=10.0.0.0, Culture=neutral, PublicKeyToken=b03f5f7f11d50a3a" className="Tests.MovimientoProveedorBusinessTest, Tests, Version=1.0.0.0, Culture=neutral, PublicKeyToken=null" name="listarMovimientosTest" />
    </UnitTest>
    <UnitTest name="actualizarDiseñosTest" storage="c:\users\diego\documents\visual studio 2010\projects\uniprof\tests\bin\release\tests.dll" id="aee8bdae-93b9-94cd-dc66-4af8f0d1e925">
      <Execution id="33b99fe9-601b-48ee-a32e-95957eb3e914" />
      <TestMethod codeBase="C:/Users/Diego/Documents/Visual Studio 2010/Projects/Uniprof/Tests/bin/Release/Tests.DLL" adapterTypeName="Microsoft.VisualStudio.TestTools.TestTypes.Unit.UnitTestAdapter, Microsoft.VisualStudio.QualityTools.Tips.UnitTest.Adapter, Version=10.0.0.0, Culture=neutral, PublicKeyToken=b03f5f7f11d50a3a" className="Tests.DiseñoTDGTest, Tests, Version=1.0.0.0, Culture=neutral, PublicKeyToken=null" name="actualizarDiseñosTest" />
    </UnitTest>
    <UnitTest name="borrarProduccionTest" storage="c:\users\diego\documents\visual studio 2010\projects\uniprof\tests\bin\release\tests.dll" id="254f3c87-cb8f-24cb-6d93-8a60e4e333c0">
      <Execution id="1545eadf-e6c4-45ee-9929-1d48d2cc4b68" />
      <TestMethod codeBase="C:/Users/Diego/Documents/Visual Studio 2010/Projects/Uniprof/Tests/bin/Release/Tests.DLL" adapterTypeName="Microsoft.VisualStudio.TestTools.TestTypes.Unit.UnitTestAdapter, Microsoft.VisualStudio.QualityTools.Tips.UnitTest.Adapter, Version=10.0.0.0, Culture=neutral, PublicKeyToken=b03f5f7f11d50a3a" className="Tests.ProduccionTDGTest, Tests, Version=1.0.0.0, Culture=neutral, PublicKeyToken=null" name="borrarProduccionTest" />
    </UnitTest>
    <UnitTest name="grabarInsumoTest" storage="c:\users\diego\documents\visual studio 2010\projects\uniprof\tests\bin\release\tests.dll" id="55841f62-e499-c1d2-7702-e492ea6411db">
      <Execution id="8ba4342a-8666-4269-b4aa-76ebab0922ac" />
      <TestMethod codeBase="C:/Users/Diego/Documents/Visual Studio 2010/Projects/Uniprof/Tests/bin/Release/Tests.DLL" adapterTypeName="Microsoft.VisualStudio.TestTools.TestTypes.Unit.UnitTestAdapter, Microsoft.VisualStudio.QualityTools.Tips.UnitTest.Adapter, Version=10.0.0.0, Culture=neutral, PublicKeyToken=b03f5f7f11d50a3a" className="Tests.InsumoTDGTest, Tests, Version=1.0.0.0, Culture=neutral, PublicKeyToken=null" name="grabarInsumoTest" />
    </UnitTest>
    <UnitTest name="calcularTimepoTrabajoTest" storage="c:\users\diego\documents\visual studio 2010\projects\uniprof\tests\bin\release\tests.dll" id="f90c4160-5714-951f-7521-1af6d342eb17">
      <Execution id="92b4d732-d5d6-4d18-b981-ed3fb8f2a3f9" />
      <TestMethod codeBase="C:/Users/Diego/Documents/Visual Studio 2010/Projects/Uniprof/Tests/bin/Release/Tests.DLL" adapterTypeName="Microsoft.VisualStudio.TestTools.TestTypes.Unit.UnitTestAdapter, Microsoft.VisualStudio.QualityTools.Tips.UnitTest.Adapter, Version=10.0.0.0, Culture=neutral, PublicKeyToken=b03f5f7f11d50a3a" className="Tests.ProduccionBusinessTest, Tests, Version=1.0.0.0, Culture=neutral, PublicKeyToken=null" name="calcularTimepoTrabajoTest" />
    </UnitTest>
    <UnitTest name="buscarProveedorPorCodigoTest" storage="c:\users\diego\documents\visual studio 2010\projects\uniprof\tests\bin\release\tests.dll" id="3f50a717-0b73-d5bd-41bc-37d26b580e88">
      <Execution id="4f153f89-8a30-4dcd-9595-3c81ee052501" />
      <TestMethod codeBase="C:/Users/Diego/Documents/Visual Studio 2010/Projects/Uniprof/Tests/bin/Release/Tests.DLL" adapterTypeName="Microsoft.VisualStudio.TestTools.TestTypes.Unit.UnitTestAdapter, Microsoft.VisualStudio.QualityTools.Tips.UnitTest.Adapter, Version=10.0.0.0, Culture=neutral, PublicKeyToken=b03f5f7f11d50a3a" className="Tests.ProveedorBusinessTest, Tests, Version=1.0.0.0, Culture=neutral, PublicKeyToken=null" name="buscarProveedorPorCodigoTest" />
    </UnitTest>
    <UnitTest name="buscarNewsletterPorIdTest" storage="c:\users\diego\documents\visual studio 2010\projects\uniprof\tests\bin\release\tests.dll" id="7a5f4dc9-0c0b-a16a-647b-478ba12b4828">
      <Execution id="b788f4f2-f2f7-414d-aef5-266ba9fb374e" />
      <TestMethod codeBase="C:/Users/Diego/Documents/Visual Studio 2010/Projects/Uniprof/Tests/bin/Release/Tests.DLL" adapterTypeName="Microsoft.VisualStudio.TestTools.TestTypes.Unit.UnitTestAdapter, Microsoft.VisualStudio.QualityTools.Tips.UnitTest.Adapter, Version=10.0.0.0, Culture=neutral, PublicKeyToken=b03f5f7f11d50a3a" className="Tests.NewsletterRepositorioTest, Tests, Version=1.0.0.0, Culture=neutral, PublicKeyToken=null" name="buscarNewsletterPorIdTest" />
    </UnitTest>
    <UnitTest name="buscarMovimintosTest" storage="c:\users\diego\documents\visual studio 2010\projects\uniprof\tests\bin\release\tests.dll" id="5f6ca830-a7f5-404d-2afc-b5fe8dc971de">
      <Execution id="31d4ea0c-6e7a-43e7-8988-ed2adec6dfdd" />
      <TestMethod codeBase="C:/Users/Diego/Documents/Visual Studio 2010/Projects/Uniprof/Tests/bin/Release/Tests.DLL" adapterTypeName="Microsoft.VisualStudio.TestTools.TestTypes.Unit.UnitTestAdapter, Microsoft.VisualStudio.QualityTools.Tips.UnitTest.Adapter, Version=10.0.0.0, Culture=neutral, PublicKeyToken=b03f5f7f11d50a3a" className="Tests.MovimientoClienteBusinessTest, Tests, Version=1.0.0.0, Culture=neutral, PublicKeyToken=null" name="buscarMovimintosTest" />
    </UnitTest>
    <UnitTest name="grabarLineaTest" storage="c:\users\diego\documents\visual studio 2010\projects\uniprof\tests\bin\release\tests.dll" id="e9b80469-e28c-1b2c-5a36-980b3cb0f728">
      <Execution id="f09a4120-5c20-435b-823d-182a245f6611" />
      <TestMethod codeBase="C:/Users/Diego/Documents/Visual Studio 2010/Projects/Uniprof/Tests/bin/Release/Tests.DLL" adapterTypeName="Microsoft.VisualStudio.TestTools.TestTypes.Unit.UnitTestAdapter, Microsoft.VisualStudio.QualityTools.Tips.UnitTest.Adapter, Version=10.0.0.0, Culture=neutral, PublicKeyToken=b03f5f7f11d50a3a" className="Tests.LineaFacturaTDGTest, Tests, Version=1.0.0.0, Culture=neutral, PublicKeyToken=null" name="grabarLineaTest" />
    </UnitTest>
    <UnitTest name="listarConversacionesPorIdTest" storage="c:\users\diego\documents\visual studio 2010\projects\uniprof\tests\bin\release\tests.dll" id="5062f8db-d3cc-b220-b391-1deb74053b65">
      <Execution id="42db1030-983a-45ca-b9aa-0777d69c5a92" />
      <TestMethod codeBase="C:/Users/Diego/Documents/Visual Studio 2010/Projects/Uniprof/Tests/bin/Release/Tests.DLL" adapterTypeName="Microsoft.VisualStudio.TestTools.TestTypes.Unit.UnitTestAdapter, Microsoft.VisualStudio.QualityTools.Tips.UnitTest.Adapter, Version=10.0.0.0, Culture=neutral, PublicKeyToken=b03f5f7f11d50a3a" className="Tests.ConversacionBusinessTest, Tests, Version=1.0.0.0, Culture=neutral, PublicKeyToken=null" name="listarConversacionesPorIdTest" />
    </UnitTest>
    <UnitTest name="buscarOpinionPorCriterioTest" storage="c:\users\diego\documents\visual studio 2010\projects\uniprof\tests\bin\release\tests.dll" id="a835695f-f8af-58f4-71d0-57d24fa7d90f">
      <Execution id="3f136465-75c9-4607-98c8-1bc71a9cf65f" />
      <TestMethod codeBase="C:/Users/Diego/Documents/Visual Studio 2010/Projects/Uniprof/Tests/bin/Release/Tests.DLL" adapterTypeName="Microsoft.VisualStudio.TestTools.TestTypes.Unit.UnitTestAdapter, Microsoft.VisualStudio.QualityTools.Tips.UnitTest.Adapter, Version=10.0.0.0, Culture=neutral, PublicKeyToken=b03f5f7f11d50a3a" className="Tests.OpinionTDGTest, Tests, Version=1.0.0.0, Culture=neutral, PublicKeyToken=null" name="buscarOpinionPorCriterioTest" />
    </UnitTest>
    <UnitTest name="grabarOrdenDeCompraTest" storage="c:\users\diego\documents\visual studio 2010\projects\uniprof\tests\bin\release\tests.dll" id="adc4b822-2dd8-fb80-0aec-e1f18a81e266">
      <Execution id="85684a16-9736-4f33-8af1-a95132fc92f0" />
      <TestMethod codeBase="C:/Users/Diego/Documents/Visual Studio 2010/Projects/Uniprof/Tests/bin/Release/Tests.DLL" adapterTypeName="Microsoft.VisualStudio.TestTools.TestTypes.Unit.UnitTestAdapter, Microsoft.VisualStudio.QualityTools.Tips.UnitTest.Adapter, Version=10.0.0.0, Culture=neutral, PublicKeyToken=b03f5f7f11d50a3a" className="Tests.OrdenCompraRepositorioTest, Tests, Version=1.0.0.0, Culture=neutral, PublicKeyToken=null" name="grabarOrdenDeCompraTest" />
    </UnitTest>
    <UnitTest name="borrarPrendaTest" storage="c:\users\diego\documents\visual studio 2010\projects\uniprof\tests\bin\release\tests.dll" id="a472a839-6eaa-12b1-21fb-e977ec47cce0">
      <Execution id="753fd3e5-ac40-4439-a8f6-d6ba3ce26288" />
      <TestMethod codeBase="C:/Users/Diego/Documents/Visual Studio 2010/Projects/Uniprof/Tests/bin/Release/Tests.DLL" adapterTypeName="Microsoft.VisualStudio.TestTools.TestTypes.Unit.UnitTestAdapter, Microsoft.VisualStudio.QualityTools.Tips.UnitTest.Adapter, Version=10.0.0.0, Culture=neutral, PublicKeyToken=b03f5f7f11d50a3a" className="Tests.TipoPrendaTDGTest, Tests, Version=1.0.0.0, Culture=neutral, PublicKeyToken=null" name="borrarPrendaTest" />
    </UnitTest>
    <UnitTest name="buscarPrimerosHuecosMaquinaTest4" storage="c:\users\diego\documents\visual studio 2010\projects\uniprof\tests\bin\release\tests.dll" id="a77c41d3-5bba-1c1e-e81f-7a02217342bf">
      <Execution id="480dbd62-65f1-483a-b803-c1966934dff9" />
      <TestMethod codeBase="C:/Users/Diego/Documents/Visual Studio 2010/Projects/Uniprof/Tests/bin/Release/Tests.DLL" adapterTypeName="Microsoft.VisualStudio.TestTools.TestTypes.Unit.UnitTestAdapter, Microsoft.VisualStudio.QualityTools.Tips.UnitTest.Adapter, Version=10.0.0.0, Culture=neutral, PublicKeyToken=b03f5f7f11d50a3a" className="Tests.ProduccionBusinessTest, Tests, Version=1.0.0.0, Culture=neutral, PublicKeyToken=null" name="buscarPrimerosHuecosMaquinaTest4" />
    </UnitTest>
    <UnitTest name="grabarDiseñosTest" storage="c:\users\diego\documents\visual studio 2010\projects\uniprof\tests\bin\release\tests.dll" id="9fd9a588-56ca-0b4b-82c9-064d2bfbe430">
      <Execution id="dee0e927-0fb3-416b-860b-ccd8be781603" />
      <TestMethod codeBase="C:/Users/Diego/Documents/Visual Studio 2010/Projects/Uniprof/Tests/bin/Release/Tests.DLL" adapterTypeName="Microsoft.VisualStudio.TestTools.TestTypes.Unit.UnitTestAdapter, Microsoft.VisualStudio.QualityTools.Tips.UnitTest.Adapter, Version=10.0.0.0, Culture=neutral, PublicKeyToken=b03f5f7f11d50a3a" className="Tests.DiseñoTDGTest, Tests, Version=1.0.0.0, Culture=neutral, PublicKeyToken=null" name="grabarDiseñosTest" />
    </UnitTest>
    <UnitTest name="cargarClienteTest" storage="c:\users\diego\documents\visual studio 2010\projects\uniprof\tests\bin\release\tests.dll" id="a4e8ed3d-c4ae-1ca8-df36-ee362c8b196a">
      <Execution id="e82c319b-7af0-4543-86dd-caad3dc8755e" />
      <TestMethod codeBase="C:/Users/Diego/Documents/Visual Studio 2010/Projects/Uniprof/Tests/bin/Release/Tests.DLL" adapterTypeName="Microsoft.VisualStudio.TestTools.TestTypes.Unit.UnitTestAdapter, Microsoft.VisualStudio.QualityTools.Tips.UnitTest.Adapter, Version=10.0.0.0, Culture=neutral, PublicKeyToken=b03f5f7f11d50a3a" className="Tests.ClienteTDGTest, Tests, Version=1.0.0.0, Culture=neutral, PublicKeyToken=null" name="cargarClienteTest" />
    </UnitTest>
    <UnitTest name="actualizarFamiliaTest" storage="c:\users\diego\documents\visual studio 2010\projects\uniprof\tests\bin\release\tests.dll" id="251887f2-80b7-06cc-ae64-369889df804d">
      <Execution id="f3bd8e18-c3ec-4c42-a1d7-a4134ceb871b" />
      <TestMethod codeBase="C:/Users/Diego/Documents/Visual Studio 2010/Projects/Uniprof/Tests/bin/Release/Tests.DLL" adapterTypeName="Microsoft.VisualStudio.TestTools.TestTypes.Unit.UnitTestAdapter, Microsoft.VisualStudio.QualityTools.Tips.UnitTest.Adapter, Version=10.0.0.0, Culture=neutral, PublicKeyToken=b03f5f7f11d50a3a" className="Tests.FamiliaRepositorioTest, Tests, Version=1.0.0.0, Culture=neutral, PublicKeyToken=null" name="actualizarFamiliaTest" />
    </UnitTest>
    <UnitTest name="guardarArticuloTest" storage="c:\users\diego\documents\visual studio 2010\projects\uniprof\tests\bin\release\tests.dll" id="53e8a9c8-96f4-eccd-a6cf-588d5c1fbc4b">
      <Execution id="2297add9-d64e-4b77-84df-8cfe2c6fd71f" />
      <TestMethod codeBase="C:/Users/Diego/Documents/Visual Studio 2010/Projects/Uniprof/Tests/bin/Release/Tests.DLL" adapterTypeName="Microsoft.VisualStudio.TestTools.TestTypes.Unit.UnitTestAdapter, Microsoft.VisualStudio.QualityTools.Tips.UnitTest.Adapter, Version=10.0.0.0, Culture=neutral, PublicKeyToken=b03f5f7f11d50a3a" className="Tests.ArticuloBusinessTest, Tests, Version=1.0.0.0, Culture=neutral, PublicKeyToken=null" name="guardarArticuloTest" />
    </UnitTest>
    <UnitTest name="cargarPatentesTest" storage="c:\users\diego\documents\visual studio 2010\projects\uniprof\tests\bin\release\tests.dll" id="acceeb2f-d3a0-c7eb-0a8a-89ba3e60aa95">
      <Execution id="1c718d1b-0173-4078-b463-a4e418f3676a" />
      <TestMethod codeBase="C:/Users/Diego/Documents/Visual Studio 2010/Projects/Uniprof/Tests/bin/Release/Tests.DLL" adapterTypeName="Microsoft.VisualStudio.TestTools.TestTypes.Unit.UnitTestAdapter, Microsoft.VisualStudio.QualityTools.Tips.UnitTest.Adapter, Version=10.0.0.0, Culture=neutral, PublicKeyToken=b03f5f7f11d50a3a" className="Tests.PatenteRepositorioTest, Tests, Version=1.0.0.0, Culture=neutral, PublicKeyToken=null" name="cargarPatentesTest" />
    </UnitTest>
    <UnitTest name="borrarDiseñoTest" storage="c:\users\diego\documents\visual studio 2010\projects\uniprof\tests\bin\release\tests.dll" id="9355e16b-4728-468a-6844-3354852565f0">
      <Execution id="1925407a-706e-4f9b-91c1-2adc9a3a3447" />
      <TestMethod codeBase="C:/Users/Diego/Documents/Visual Studio 2010/Projects/Uniprof/Tests/bin/Release/Tests.DLL" adapterTypeName="Microsoft.VisualStudio.TestTools.TestTypes.Unit.UnitTestAdapter, Microsoft.VisualStudio.QualityTools.Tips.UnitTest.Adapter, Version=10.0.0.0, Culture=neutral, PublicKeyToken=b03f5f7f11d50a3a" className="Tests.DiseñoRepositorioTest, Tests, Version=1.0.0.0, Culture=neutral, PublicKeyToken=null" name="borrarDiseñoTest" />
    </UnitTest>
    <UnitTest name="listarProduccionPorArticuloTest" storage="c:\users\diego\documents\visual studio 2010\projects\uniprof\tests\bin\release\tests.dll" id="f0936119-968f-f4d0-680f-3a810a2a1183">
      <Execution id="7dcf367b-ef50-494f-b698-6ab3bc2351a8" />
      <TestMethod codeBase="C:/Users/Diego/Documents/Visual Studio 2010/Projects/Uniprof/Tests/bin/Release/Tests.DLL" adapterTypeName="Microsoft.VisualStudio.TestTools.TestTypes.Unit.UnitTestAdapter, Microsoft.VisualStudio.QualityTools.Tips.UnitTest.Adapter, Version=10.0.0.0, Culture=neutral, PublicKeyToken=b03f5f7f11d50a3a" className="Tests.ProduccionBusinessTest, Tests, Version=1.0.0.0, Culture=neutral, PublicKeyToken=null" name="listarProduccionPorArticuloTest" />
    </UnitTest>
    <UnitTest name="listarMovimientosPorNroTest" storage="c:\users\diego\documents\visual studio 2010\projects\uniprof\tests\bin\release\tests.dll" id="d4992a93-c61f-e7a7-6c4a-4dd37d506f00">
      <Execution id="4f4f5079-3c82-413b-9d60-d811abadb490" />
      <TestMethod codeBase="C:/Users/Diego/Documents/Visual Studio 2010/Projects/Uniprof/Tests/bin/Release/Tests.DLL" adapterTypeName="Microsoft.VisualStudio.TestTools.TestTypes.Unit.UnitTestAdapter, Microsoft.VisualStudio.QualityTools.Tips.UnitTest.Adapter, Version=10.0.0.0, Culture=neutral, PublicKeyToken=b03f5f7f11d50a3a" className="Tests.MovimientoClienteBusinessTest, Tests, Version=1.0.0.0, Culture=neutral, PublicKeyToken=null" name="listarMovimientosPorNroTest" />
    </UnitTest>
    <UnitTest name="cargarMaquinasTest" storage="c:\users\diego\documents\visual studio 2010\projects\uniprof\tests\bin\release\tests.dll" id="a8b0ac8d-b3ff-6693-a29b-869418f5d04f">
      <Execution id="69f96f87-7736-44b4-bb16-9ed78994b54d" />
      <TestMethod codeBase="C:/Users/Diego/Documents/Visual Studio 2010/Projects/Uniprof/Tests/bin/Release/Tests.DLL" adapterTypeName="Microsoft.VisualStudio.TestTools.TestTypes.Unit.UnitTestAdapter, Microsoft.VisualStudio.QualityTools.Tips.UnitTest.Adapter, Version=10.0.0.0, Culture=neutral, PublicKeyToken=b03f5f7f11d50a3a" className="Tests.MaquinaTDGTest, Tests, Version=1.0.0.0, Culture=neutral, PublicKeyToken=null" name="cargarMaquinasTest" />
    </UnitTest>
    <UnitTest name="listarFacturasPorClienteTest" storage="c:\users\diego\documents\visual studio 2010\projects\uniprof\tests\bin\release\tests.dll" id="bf901687-526e-3c4f-d25d-5f1eb0ec55f2">
      <Execution id="a439bad9-697f-4e81-b699-f9b9dd8461bb" />
      <TestMethod codeBase="C:/Users/Diego/Documents/Visual Studio 2010/Projects/Uniprof/Tests/bin/Release/Tests.DLL" adapterTypeName="Microsoft.VisualStudio.TestTools.TestTypes.Unit.UnitTestAdapter, Microsoft.VisualStudio.QualityTools.Tips.UnitTest.Adapter, Version=10.0.0.0, Culture=neutral, PublicKeyToken=b03f5f7f11d50a3a" className="Tests.FacturaRepositorioTest, Tests, Version=1.0.0.0, Culture=neutral, PublicKeyToken=null" name="listarFacturasPorClienteTest" />
    </UnitTest>
    <UnitTest name="calcularTimepoTrabajoTest2" storage="c:\users\diego\documents\visual studio 2010\projects\uniprof\tests\bin\release\tests.dll" id="a27af6eb-87dc-b90f-c4ca-d8cb1c7c2454">
      <Execution id="05e39056-1f0d-4c35-924f-b0db87d8e9c2" />
      <TestMethod codeBase="C:/Users/Diego/Documents/Visual Studio 2010/Projects/Uniprof/Tests/bin/Release/Tests.DLL" adapterTypeName="Microsoft.VisualStudio.TestTools.TestTypes.Unit.UnitTestAdapter, Microsoft.VisualStudio.QualityTools.Tips.UnitTest.Adapter, Version=10.0.0.0, Culture=neutral, PublicKeyToken=b03f5f7f11d50a3a" className="Tests.ProduccionBusinessTest, Tests, Version=1.0.0.0, Culture=neutral, PublicKeyToken=null" name="calcularTimepoTrabajoTest2" />
    </UnitTest>
    <UnitTest name="borrarMovimientosTest" storage="c:\users\diego\documents\visual studio 2010\projects\uniprof\tests\bin\release\tests.dll" id="c9059140-bd68-daef-e19b-ffc08869ca24">
      <Execution id="4b2ebdb4-8d32-4f56-85f1-007e8cbdfbdf" />
      <TestMethod codeBase="C:/Users/Diego/Documents/Visual Studio 2010/Projects/Uniprof/Tests/bin/Release/Tests.DLL" adapterTypeName="Microsoft.VisualStudio.TestTools.TestTypes.Unit.UnitTestAdapter, Microsoft.VisualStudio.QualityTools.Tips.UnitTest.Adapter, Version=10.0.0.0, Culture=neutral, PublicKeyToken=b03f5f7f11d50a3a" className="Tests.MovimientoStockTDGTest, Tests, Version=1.0.0.0, Culture=neutral, PublicKeyToken=null" name="borrarMovimientosTest" />
    </UnitTest>
    <UnitTest name="buscarNewsletterPorNombreTest" storage="c:\users\diego\documents\visual studio 2010\projects\uniprof\tests\bin\release\tests.dll" id="a6fd86e1-4eca-846a-5e19-70da718a6391">
      <Execution id="319ef48d-4736-4c3d-920d-9fbc603a640b" />
      <TestMethod codeBase="C:/Users/Diego/Documents/Visual Studio 2010/Projects/Uniprof/Tests/bin/Release/Tests.DLL" adapterTypeName="Microsoft.VisualStudio.TestTools.TestTypes.Unit.UnitTestAdapter, Microsoft.VisualStudio.QualityTools.Tips.UnitTest.Adapter, Version=10.0.0.0, Culture=neutral, PublicKeyToken=b03f5f7f11d50a3a" className="Tests.NewsletterBusinessTest, Tests, Version=1.0.0.0, Culture=neutral, PublicKeyToken=null" name="buscarNewsletterPorNombreTest" />
    </UnitTest>
    <UnitTest name="actualizarFamiliaTest" storage="c:\users\diego\documents\visual studio 2010\projects\uniprof\tests\bin\release\tests.dll" id="68862084-d3f3-3b6a-8d1d-63a8120425c8">
      <Execution id="d08bae14-a1c1-4954-9bff-c5cd48cd1f98" />
      <TestMethod codeBase="C:/Users/Diego/Documents/Visual Studio 2010/Projects/Uniprof/Tests/bin/Release/Tests.DLL" adapterTypeName="Microsoft.VisualStudio.TestTools.TestTypes.Unit.UnitTestAdapter, Microsoft.VisualStudio.QualityTools.Tips.UnitTest.Adapter, Version=10.0.0.0, Culture=neutral, PublicKeyToken=b03f5f7f11d50a3a" className="Tests.FamiliaBusinessTest, Tests, Version=1.0.0.0, Culture=neutral, PublicKeyToken=null" name="actualizarFamiliaTest" />
    </UnitTest>
    <UnitTest name="actualizarProduccionTest" storage="c:\users\diego\documents\visual studio 2010\projects\uniprof\tests\bin\release\tests.dll" id="de04a58d-71f5-e1d1-1d14-e423a290a69c">
      <Execution id="cd26acf1-510d-426e-a50a-edc94b664b6a" />
      <TestMethod codeBase="C:/Users/Diego/Documents/Visual Studio 2010/Projects/Uniprof/Tests/bin/Release/Tests.DLL" adapterTypeName="Microsoft.VisualStudio.TestTools.TestTypes.Unit.UnitTestAdapter, Microsoft.VisualStudio.QualityTools.Tips.UnitTest.Adapter, Version=10.0.0.0, Culture=neutral, PublicKeyToken=b03f5f7f11d50a3a" className="Tests.ProduccionBusinessTest, Tests, Version=1.0.0.0, Culture=neutral, PublicKeyToken=null" name="actualizarProduccionTest" />
    </UnitTest>
    <UnitTest name="cargarFacturasTest" storage="c:\users\diego\documents\visual studio 2010\projects\uniprof\tests\bin\release\tests.dll" id="66accf62-c8b1-294a-c12d-5fcb04e3bddf">
      <Execution id="fee05d57-fe70-4e4e-8f0e-8e9818c314a4" />
      <TestMethod codeBase="C:/Users/Diego/Documents/Visual Studio 2010/Projects/Uniprof/Tests/bin/Release/Tests.DLL" adapterTypeName="Microsoft.VisualStudio.TestTools.TestTypes.Unit.UnitTestAdapter, Microsoft.VisualStudio.QualityTools.Tips.UnitTest.Adapter, Version=10.0.0.0, Culture=neutral, PublicKeyToken=b03f5f7f11d50a3a" className="Tests.FacturaTDGTest, Tests, Version=1.0.0.0, Culture=neutral, PublicKeyToken=null" name="cargarFacturasTest" />
    </UnitTest>
    <UnitTest name="cargarlistaProduccionTest" storage="c:\users\diego\documents\visual studio 2010\projects\uniprof\tests\bin\release\tests.dll" id="15a2dfa0-b5da-ca0f-1901-200d0b50ec37">
      <Execution id="75c18a56-9128-4f25-8be5-71df04155f9f" />
      <TestMethod codeBase="C:/Users/Diego/Documents/Visual Studio 2010/Projects/Uniprof/Tests/bin/Release/Tests.DLL" adapterTypeName="Microsoft.VisualStudio.TestTools.TestTypes.Unit.UnitTestAdapter, Microsoft.VisualStudio.QualityTools.Tips.UnitTest.Adapter, Version=10.0.0.0, Culture=neutral, PublicKeyToken=b03f5f7f11d50a3a" className="Tests.ProduccionTDGTest, Tests, Version=1.0.0.0, Culture=neutral, PublicKeyToken=null" name="cargarlistaProduccionTest" />
    </UnitTest>
    <UnitTest name="listarMovimientosPorProveedorTest" storage="c:\users\diego\documents\visual studio 2010\projects\uniprof\tests\bin\release\tests.dll" id="47829263-2bc4-1929-0c73-083969548a33">
      <Execution id="33beca26-6cb3-45b9-86b1-a2c9037958c8" />
      <TestMethod codeBase="C:/Users/Diego/Documents/Visual Studio 2010/Projects/Uniprof/Tests/bin/Release/Tests.DLL" adapterTypeName="Microsoft.VisualStudio.TestTools.TestTypes.Unit.UnitTestAdapter, Microsoft.VisualStudio.QualityTools.Tips.UnitTest.Adapter, Version=10.0.0.0, Culture=neutral, PublicKeyToken=b03f5f7f11d50a3a" className="Tests.MovimientoCuentaProveedorRepositorioTest, Tests, Version=1.0.0.0, Culture=neutral, PublicKeyToken=null" name="listarMovimientosPorProveedorTest" />
    </UnitTest>
    <UnitTest name="grabarUsuarioTest" storage="c:\users\diego\documents\visual studio 2010\projects\uniprof\tests\bin\release\tests.dll" id="76669914-042a-1066-d597-b186fff6c621">
      <Execution id="66469648-d67a-46c4-8365-cfceae0ea146" />
      <TestMethod codeBase="C:/Users/Diego/Documents/Visual Studio 2010/Projects/Uniprof/Tests/bin/Release/Tests.DLL" adapterTypeName="Microsoft.VisualStudio.TestTools.TestTypes.Unit.UnitTestAdapter, Microsoft.VisualStudio.QualityTools.Tips.UnitTest.Adapter, Version=10.0.0.0, Culture=neutral, PublicKeyToken=b03f5f7f11d50a3a" className="Tests.UsuarioTDGTest, Tests, Version=1.0.0.0, Culture=neutral, PublicKeyToken=null" name="grabarUsuarioTest" />
    </UnitTest>
    <UnitTest name="listarOrdenDeComprasTest" storage="c:\users\diego\documents\visual studio 2010\projects\uniprof\tests\bin\release\tests.dll" id="21f1e20b-dcac-fe9b-670b-02932753806f">
      <Execution id="15d31a44-95f4-48f4-bedc-e1f112ccdffe" />
      <TestMethod codeBase="C:/Users/Diego/Documents/Visual Studio 2010/Projects/Uniprof/Tests/bin/Release/Tests.DLL" adapterTypeName="Microsoft.VisualStudio.TestTools.TestTypes.Unit.UnitTestAdapter, Microsoft.VisualStudio.QualityTools.Tips.UnitTest.Adapter, Version=10.0.0.0, Culture=neutral, PublicKeyToken=b03f5f7f11d50a3a" className="Tests.OrdenCompraRepositorioTest, Tests, Version=1.0.0.0, Culture=neutral, PublicKeyToken=null" name="listarOrdenDeComprasTest" />
    </UnitTest>
    <UnitTest name="buscarPorIdTest" storage="c:\users\diego\documents\visual studio 2010\projects\uniprof\tests\bin\release\tests.dll" id="d7c03cb5-500e-d7d9-da0b-0be2f4981b03">
      <Execution id="0fa7f1ae-4418-454a-a97c-a9baf242a750" />
      <TestMethod codeBase="C:/Users/Diego/Documents/Visual Studio 2010/Projects/Uniprof/Tests/bin/Release/Tests.DLL" adapterTypeName="Microsoft.VisualStudio.TestTools.TestTypes.Unit.UnitTestAdapter, Microsoft.VisualStudio.QualityTools.Tips.UnitTest.Adapter, Version=10.0.0.0, Culture=neutral, PublicKeyToken=b03f5f7f11d50a3a" className="Tests.TipoInsumoTDGTest, Tests, Version=1.0.0.0, Culture=neutral, PublicKeyToken=null" name="buscarPorIdTest" />
    </UnitTest>
    <UnitTest name="listarInsumosTest" storage="c:\users\diego\documents\visual studio 2010\projects\uniprof\tests\bin\release\tests.dll" id="f50b51cf-39fa-28c4-720a-03db16299af8">
      <Execution id="d7ab4791-3539-423e-8b7e-10a321bb99f6" />
      <TestMethod codeBase="C:/Users/Diego/Documents/Visual Studio 2010/Projects/Uniprof/Tests/bin/Release/Tests.DLL" adapterTypeName="Microsoft.VisualStudio.TestTools.TestTypes.Unit.UnitTestAdapter, Microsoft.VisualStudio.QualityTools.Tips.UnitTest.Adapter, Version=10.0.0.0, Culture=neutral, PublicKeyToken=b03f5f7f11d50a3a" className="Tests.InsumoRepositorioTest, Tests, Version=1.0.0.0, Culture=neutral, PublicKeyToken=null" name="listarInsumosTest" />
    </UnitTest>
    <UnitTest name="listarProduccionPorArticuloTest" storage="c:\users\diego\documents\visual studio 2010\projects\uniprof\tests\bin\release\tests.dll" id="25d73e54-4c45-c0f8-0cc6-cd9d82e5c8a4">
      <Execution id="8a53382a-3777-4a22-aa8a-8b10559d69e9" />
      <TestMethod codeBase="C:/Users/Diego/Documents/Visual Studio 2010/Projects/Uniprof/Tests/bin/Release/Tests.DLL" adapterTypeName="Microsoft.VisualStudio.TestTools.TestTypes.Unit.UnitTestAdapter, Microsoft.VisualStudio.QualityTools.Tips.UnitTest.Adapter, Version=10.0.0.0, Culture=neutral, PublicKeyToken=b03f5f7f11d50a3a" className="Tests.ProduccionRepositorioTest, Tests, Version=1.0.0.0, Culture=neutral, PublicKeyToken=null" name="listarProduccionPorArticuloTest" />
    </UnitTest>
    <UnitTest name="listarOpinionesPorIdTest" storage="c:\users\diego\documents\visual studio 2010\projects\uniprof\tests\bin\release\tests.dll" id="4cab3d76-8fe4-c6a9-062c-275660c809ba">
      <Execution id="2567b45d-3193-4f86-8e33-6fb66d084a57" />
      <TestMethod codeBase="C:/Users/Diego/Documents/Visual Studio 2010/Projects/Uniprof/Tests/bin/Release/Tests.DLL" adapterTypeName="Microsoft.VisualStudio.TestTools.TestTypes.Unit.UnitTestAdapter, Microsoft.VisualStudio.QualityTools.Tips.UnitTest.Adapter, Version=10.0.0.0, Culture=neutral, PublicKeyToken=b03f5f7f11d50a3a" className="Tests.OpinionRepositorioTest, Tests, Version=1.0.0.0, Culture=neutral, PublicKeyToken=null" name="listarOpinionesPorIdTest" />
    </UnitTest>
    <UnitTest name="calcularFinalizacionTest3" storage="c:\users\diego\documents\visual studio 2010\projects\uniprof\tests\bin\release\tests.dll" id="6cf16972-5184-bd8a-3b41-bb02c50f3e4c">
      <Execution id="3f700fd1-6663-4752-a440-1c3f2d409a0f" />
      <TestMethod codeBase="C:/Users/Diego/Documents/Visual Studio 2010/Projects/Uniprof/Tests/bin/Release/Tests.DLL" adapterTypeName="Microsoft.VisualStudio.TestTools.TestTypes.Unit.UnitTestAdapter, Microsoft.VisualStudio.QualityTools.Tips.UnitTest.Adapter, Version=10.0.0.0, Culture=neutral, PublicKeyToken=b03f5f7f11d50a3a" className="Tests.ProduccionBusinessTest, Tests, Version=1.0.0.0, Culture=neutral, PublicKeyToken=null" name="calcularFinalizacionTest3" />
    </UnitTest>
    <UnitTest name="listarInsumosConRestriccionesTest" storage="c:\users\diego\documents\visual studio 2010\projects\uniprof\tests\bin\release\tests.dll" id="26e79886-012b-c1dd-53e8-d16d49221a25">
      <Execution id="1da9d8b8-62b8-44a6-80f1-8de52c060178" />
      <TestMethod codeBase="C:/Users/Diego/Documents/Visual Studio 2010/Projects/Uniprof/Tests/bin/Release/Tests.DLL" adapterTypeName="Microsoft.VisualStudio.TestTools.TestTypes.Unit.UnitTestAdapter, Microsoft.VisualStudio.QualityTools.Tips.UnitTest.Adapter, Version=10.0.0.0, Culture=neutral, PublicKeyToken=b03f5f7f11d50a3a" className="Tests.InsumoRepositorioTest, Tests, Version=1.0.0.0, Culture=neutral, PublicKeyToken=null" name="listarInsumosConRestriccionesTest" />
    </UnitTest>
    <UnitTest name="listarOrdenDeComprasPorProveedorTest" storage="c:\users\diego\documents\visual studio 2010\projects\uniprof\tests\bin\release\tests.dll" id="7f0052b2-2fa5-1442-5124-403810b2060e">
      <Execution id="0aed758e-52d5-4fb4-a2b6-ea65690972b1" />
      <TestMethod codeBase="C:/Users/Diego/Documents/Visual Studio 2010/Projects/Uniprof/Tests/bin/Release/Tests.DLL" adapterTypeName="Microsoft.VisualStudio.TestTools.TestTypes.Unit.UnitTestAdapter, Microsoft.VisualStudio.QualityTools.Tips.UnitTest.Adapter, Version=10.0.0.0, Culture=neutral, PublicKeyToken=b03f5f7f11d50a3a" className="Tests.OrdenCompraBusinessTest, Tests, Version=1.0.0.0, Culture=neutral, PublicKeyToken=null" name="listarOrdenDeComprasPorProveedorTest" />
    </UnitTest>
    <UnitTest name="listarProveedoresTest" storage="c:\users\diego\documents\visual studio 2010\projects\uniprof\tests\bin\release\tests.dll" id="79b9204c-aeda-7048-42ac-c6faee468388">
      <Execution id="03cf4636-62a8-472c-bba3-0755d96098b1" />
      <TestMethod codeBase="C:/Users/Diego/Documents/Visual Studio 2010/Projects/Uniprof/Tests/bin/Release/Tests.DLL" adapterTypeName="Microsoft.VisualStudio.TestTools.TestTypes.Unit.UnitTestAdapter, Microsoft.VisualStudio.QualityTools.Tips.UnitTest.Adapter, Version=10.0.0.0, Culture=neutral, PublicKeyToken=b03f5f7f11d50a3a" className="Tests.ProveedorBusinessTest, Tests, Version=1.0.0.0, Culture=neutral, PublicKeyToken=null" name="listarProveedoresTest" />
    </UnitTest>
    <UnitTest name="listarFacturasTest" storage="c:\users\diego\documents\visual studio 2010\projects\uniprof\tests\bin\release\tests.dll" id="1cca4a40-3e79-045d-0667-c735e9a1087b">
      <Execution id="3a0e8549-1e56-44f2-a8a1-d6d3312f1eb2" />
      <TestMethod codeBase="C:/Users/Diego/Documents/Visual Studio 2010/Projects/Uniprof/Tests/bin/Release/Tests.DLL" adapterTypeName="Microsoft.VisualStudio.TestTools.TestTypes.Unit.UnitTestAdapter, Microsoft.VisualStudio.QualityTools.Tips.UnitTest.Adapter, Version=10.0.0.0, Culture=neutral, PublicKeyToken=b03f5f7f11d50a3a" className="Tests.FacturaBusinessTest, Tests, Version=1.0.0.0, Culture=neutral, PublicKeyToken=null" name="listarFacturasTest" />
    </UnitTest>
    <UnitTest name="modificarDiseñoInsumoTest" storage="c:\users\diego\documents\visual studio 2010\projects\uniprof\tests\bin\release\tests.dll" id="375be106-944a-05c4-4975-c4a32afdccd6">
      <Execution id="e624007b-628d-44bc-8c1f-53853773f617" />
      <TestMethod codeBase="C:/Users/Diego/Documents/Visual Studio 2010/Projects/Uniprof/Tests/bin/Release/Tests.DLL" adapterTypeName="Microsoft.VisualStudio.TestTools.TestTypes.Unit.UnitTestAdapter, Microsoft.VisualStudio.QualityTools.Tips.UnitTest.Adapter, Version=10.0.0.0, Culture=neutral, PublicKeyToken=b03f5f7f11d50a3a" className="Tests.DiseñoInsumoTDGTest, Tests, Version=1.0.0.0, Culture=neutral, PublicKeyToken=null" name="modificarDiseñoInsumoTest" />
    </UnitTest>
    <UnitTest name="listaPatentesPorUsuarioTest" storage="c:\users\diego\documents\visual studio 2010\projects\uniprof\tests\bin\release\tests.dll" id="cfd8c036-75a7-640f-488c-228d443acc6e">
      <Execution id="ed30bbb3-f76d-4dd4-a6c7-3250cf06fbbb" />
      <TestMethod codeBase="C:/Users/Diego/Documents/Visual Studio 2010/Projects/Uniprof/Tests/bin/Release/Tests.DLL" adapterTypeName="Microsoft.VisualStudio.TestTools.TestTypes.Unit.UnitTestAdapter, Microsoft.VisualStudio.QualityTools.Tips.UnitTest.Adapter, Version=10.0.0.0, Culture=neutral, PublicKeyToken=b03f5f7f11d50a3a" className="Tests.PatenteBusinessTest, Tests, Version=1.0.0.0, Culture=neutral, PublicKeyToken=null" name="listaPatentesPorUsuarioTest" />
    </UnitTest>
    <UnitTest name="guardarFamiliaTest" storage="c:\users\diego\documents\visual studio 2010\projects\uniprof\tests\bin\release\tests.dll" id="33cb7b57-1952-56c9-afdf-65517595c4dd">
      <Execution id="c1ffe2fb-e8eb-4356-b636-dff2ca82df67" />
      <TestMethod codeBase="C:/Users/Diego/Documents/Visual Studio 2010/Projects/Uniprof/Tests/bin/Release/Tests.DLL" adapterTypeName="Microsoft.VisualStudio.TestTools.TestTypes.Unit.UnitTestAdapter, Microsoft.VisualStudio.QualityTools.Tips.UnitTest.Adapter, Version=10.0.0.0, Culture=neutral, PublicKeyToken=b03f5f7f11d50a3a" className="Tests.FamiliaRepositorioTest, Tests, Version=1.0.0.0, Culture=neutral, PublicKeyToken=null" name="guardarFamiliaTest" />
    </UnitTest>
    <UnitTest name="buscarDiseñoPorClienteTest" storage="c:\users\diego\documents\visual studio 2010\projects\uniprof\tests\bin\release\tests.dll" id="bcd1f511-94b6-a2b6-4c0d-819d27a24411">
      <Execution id="d6c7910d-ad41-4e0c-93ec-6982e4cf0d34" />
      <TestMethod codeBase="C:/Users/Diego/Documents/Visual Studio 2010/Projects/Uniprof/Tests/bin/Release/Tests.DLL" adapterTypeName="Microsoft.VisualStudio.TestTools.TestTypes.Unit.UnitTestAdapter, Microsoft.VisualStudio.QualityTools.Tips.UnitTest.Adapter, Version=10.0.0.0, Culture=neutral, PublicKeyToken=b03f5f7f11d50a3a" className="Tests.DiseñoRepositorioTest, Tests, Version=1.0.0.0, Culture=neutral, PublicKeyToken=null" name="buscarDiseñoPorClienteTest" />
    </UnitTest>
    <UnitTest name="modificarUsuarioTest1" storage="c:\users\diego\documents\visual studio 2010\projects\uniprof\tests\bin\release\tests.dll" id="44f2f0a7-9e33-876a-b7c3-d86059021fb2">
      <Execution id="b074b721-9b1e-4887-8da8-94c3129ae873" />
      <TestMethod codeBase="C:/Users/Diego/Documents/Visual Studio 2010/Projects/Uniprof/Tests/bin/Release/Tests.DLL" adapterTypeName="Microsoft.VisualStudio.TestTools.TestTypes.Unit.UnitTestAdapter, Microsoft.VisualStudio.QualityTools.Tips.UnitTest.Adapter, Version=10.0.0.0, Culture=neutral, PublicKeyToken=b03f5f7f11d50a3a" className="Tests.UsuarioBusinessTest, Tests, Version=1.0.0.0, Culture=neutral, PublicKeyToken=null" name="modificarUsuarioTest1" />
    </UnitTest>
    <UnitTest name="borrarArticuloTest" storage="c:\users\diego\documents\visual studio 2010\projects\uniprof\tests\bin\release\tests.dll" id="ee5f9022-6777-7fb2-dcc5-530f17ab50c0">
      <Execution id="ee9da41d-3f47-4c97-ba63-6472b226bfce" />
      <TestMethod codeBase="C:/Users/Diego/Documents/Visual Studio 2010/Projects/Uniprof/Tests/bin/Release/Tests.DLL" adapterTypeName="Microsoft.VisualStudio.TestTools.TestTypes.Unit.UnitTestAdapter, Microsoft.VisualStudio.QualityTools.Tips.UnitTest.Adapter, Version=10.0.0.0, Culture=neutral, PublicKeyToken=b03f5f7f11d50a3a" className="Tests.ArticuloRepositorioTest, Tests, Version=1.0.0.0, Culture=neutral, PublicKeyToken=null" name="borrarArticuloTest" />
    </UnitTest>
    <UnitTest name="listarInsumosPorTipoTest" storage="c:\users\diego\documents\visual studio 2010\projects\uniprof\tests\bin\release\tests.dll" id="2ae7b1af-8597-a3ce-277b-0dc18037e21f">
      <Execution id="d8634f67-ca92-4608-bdbd-fea06019d8d9" />
      <TestMethod codeBase="C:/Users/Diego/Documents/Visual Studio 2010/Projects/Uniprof/Tests/bin/Release/Tests.DLL" adapterTypeName="Microsoft.VisualStudio.TestTools.TestTypes.Unit.UnitTestAdapter, Microsoft.VisualStudio.QualityTools.Tips.UnitTest.Adapter, Version=10.0.0.0, Culture=neutral, PublicKeyToken=b03f5f7f11d50a3a" className="Tests.InsumoBusinessTest, Tests, Version=1.0.0.0, Culture=neutral, PublicKeyToken=null" name="listarInsumosPorTipoTest" />
    </UnitTest>
    <UnitTest name="actualizaArticuloTest" storage="c:\users\diego\documents\visual studio 2010\projects\uniprof\tests\bin\release\tests.dll" id="5bcfcf35-a297-ce16-b906-540d8e2e0904">
      <Execution id="2ee7691a-f286-4147-89bc-56bfae6dc308" />
      <TestMethod codeBase="C:/Users/Diego/Documents/Visual Studio 2010/Projects/Uniprof/Tests/bin/Release/Tests.DLL" adapterTypeName="Microsoft.VisualStudio.TestTools.TestTypes.Unit.UnitTestAdapter, Microsoft.VisualStudio.QualityTools.Tips.UnitTest.Adapter, Version=10.0.0.0, Culture=neutral, PublicKeyToken=b03f5f7f11d50a3a" className="Tests.ArticuloRepositorioTest, Tests, Version=1.0.0.0, Culture=neutral, PublicKeyToken=null" name="actualizaArticuloTest" />
    </UnitTest>
    <UnitTest name="buscarMovimintosTest" storage="c:\users\diego\documents\visual studio 2010\projects\uniprof\tests\bin\release\tests.dll" id="9c1f4476-7313-c46d-328a-55cea693565d">
      <Execution id="6f62a04e-73cb-4f34-9798-c9ced4511bd8" />
      <TestMethod codeBase="C:/Users/Diego/Documents/Visual Studio 2010/Projects/Uniprof/Tests/bin/Release/Tests.DLL" adapterTypeName="Microsoft.VisualStudio.TestTools.TestTypes.Unit.UnitTestAdapter, Microsoft.VisualStudio.QualityTools.Tips.UnitTest.Adapter, Version=10.0.0.0, Culture=neutral, PublicKeyToken=b03f5f7f11d50a3a" className="Tests.MovimientoProveedorBusinessTest, Tests, Version=1.0.0.0, Culture=neutral, PublicKeyToken=null" name="buscarMovimintosTest" />
    </UnitTest>
    <UnitTest name="listaPatentesPorFamiliaTest" storage="c:\users\diego\documents\visual studio 2010\projects\uniprof\tests\bin\release\tests.dll" id="72b264c8-79c9-9087-ae9e-47c332dbaa6d">
      <Execution id="2570feea-7de7-4fe1-9791-0cb6bc2404c0" />
      <TestMethod codeBase="C:/Users/Diego/Documents/Visual Studio 2010/Projects/Uniprof/Tests/bin/Release/Tests.DLL" adapterTypeName="Microsoft.VisualStudio.TestTools.TestTypes.Unit.UnitTestAdapter, Microsoft.VisualStudio.QualityTools.Tips.UnitTest.Adapter, Version=10.0.0.0, Culture=neutral, PublicKeyToken=b03f5f7f11d50a3a" className="Tests.PatenteBusinessTest, Tests, Version=1.0.0.0, Culture=neutral, PublicKeyToken=null" name="listaPatentesPorFamiliaTest" />
    </UnitTest>
    <UnitTest name="cargarListaPrecioConRestriccionesTest" storage="c:\users\diego\documents\visual studio 2010\projects\uniprof\tests\bin\release\tests.dll" id="3b15fca6-ba42-6ea6-b114-894cdb11cb16">
      <Execution id="b89500ae-37c0-4ffe-a653-a42485cbbcc1" />
      <TestMethod codeBase="C:/Users/Diego/Documents/Visual Studio 2010/Projects/Uniprof/Tests/bin/Release/Tests.DLL" adapterTypeName="Microsoft.VisualStudio.TestTools.TestTypes.Unit.UnitTestAdapter, Microsoft.VisualStudio.QualityTools.Tips.UnitTest.Adapter, Version=10.0.0.0, Culture=neutral, PublicKeyToken=b03f5f7f11d50a3a" className="Tests.ListaPreciosTDGTest, Tests, Version=1.0.0.0, Culture=neutral, PublicKeyToken=null" name="cargarListaPrecioConRestriccionesTest" />
    </UnitTest>
    <UnitTest name="cargarUsuarioPorFamiliaTest" storage="c:\users\diego\documents\visual studio 2010\projects\uniprof\tests\bin\release\tests.dll" id="c2878fbd-4540-66f8-af38-853465e7a6aa">
      <Execution id="8f23ceca-018b-4726-a4e8-b8fdbc1a0808" />
      <TestMethod codeBase="C:/Users/Diego/Documents/Visual Studio 2010/Projects/Uniprof/Tests/bin/Release/Tests.DLL" adapterTypeName="Microsoft.VisualStudio.TestTools.TestTypes.Unit.UnitTestAdapter, Microsoft.VisualStudio.QualityTools.Tips.UnitTest.Adapter, Version=10.0.0.0, Culture=neutral, PublicKeyToken=b03f5f7f11d50a3a" className="Tests.UsuarioTDGTest, Tests, Version=1.0.0.0, Culture=neutral, PublicKeyToken=null" name="cargarUsuarioPorFamiliaTest" />
    </UnitTest>
    <UnitTest name="actualizarProveedorTest" storage="c:\users\diego\documents\visual studio 2010\projects\uniprof\tests\bin\release\tests.dll" id="57811f03-2314-dd80-537e-0ead8105505e">
      <Execution id="bd916fcf-dbe0-4f9d-b527-6d060f2d5f2f" />
      <TestMethod codeBase="C:/Users/Diego/Documents/Visual Studio 2010/Projects/Uniprof/Tests/bin/Release/Tests.DLL" adapterTypeName="Microsoft.VisualStudio.TestTools.TestTypes.Unit.UnitTestAdapter, Microsoft.VisualStudio.QualityTools.Tips.UnitTest.Adapter, Version=10.0.0.0, Culture=neutral, PublicKeyToken=b03f5f7f11d50a3a" className="Tests.ProveedorTDGTest, Tests, Version=1.0.0.0, Culture=neutral, PublicKeyToken=null" name="actualizarProveedorTest" />
    </UnitTest>
    <UnitTest name="calcularFinalizacionTest2" storage="c:\users\diego\documents\visual studio 2010\projects\uniprof\tests\bin\release\tests.dll" id="ecabc92d-2f24-55b0-b16a-755e692c4e1a">
      <Execution id="d48a7a3c-d79e-4cc9-8904-449ef668c53d" />
      <TestMethod codeBase="C:/Users/Diego/Documents/Visual Studio 2010/Projects/Uniprof/Tests/bin/Release/Tests.DLL" adapterTypeName="Microsoft.VisualStudio.TestTools.TestTypes.Unit.UnitTestAdapter, Microsoft.VisualStudio.QualityTools.Tips.UnitTest.Adapter, Version=10.0.0.0, Culture=neutral, PublicKeyToken=b03f5f7f11d50a3a" className="Tests.ProduccionBusinessTest, Tests, Version=1.0.0.0, Culture=neutral, PublicKeyToken=null" name="calcularFinalizacionTest2" />
    </UnitTest>
    <UnitTest name="actualizarFamiliaPorObjetoTest" storage="c:\users\diego\documents\visual studio 2010\projects\uniprof\tests\bin\release\tests.dll" id="583b72ae-47b9-5eaa-f8ea-320cdf69527e">
      <Execution id="d197776a-55a7-4911-81da-82b5ddaeb994" />
      <TestMethod codeBase="C:/Users/Diego/Documents/Visual Studio 2010/Projects/Uniprof/Tests/bin/Release/Tests.DLL" adapterTypeName="Microsoft.VisualStudio.TestTools.TestTypes.Unit.UnitTestAdapter, Microsoft.VisualStudio.QualityTools.Tips.UnitTest.Adapter, Version=10.0.0.0, Culture=neutral, PublicKeyToken=b03f5f7f11d50a3a" className="Tests.FamiliaBusinessTest, Tests, Version=1.0.0.0, Culture=neutral, PublicKeyToken=null" name="actualizarFamiliaPorObjetoTest" />
    </UnitTest>
    <UnitTest name="actualizarMovimientosTest" storage="c:\users\diego\documents\visual studio 2010\projects\uniprof\tests\bin\release\tests.dll" id="57822e73-41f0-97dd-bf29-4b1fd4ed053c">
      <Execution id="b0b4c607-fb52-4c22-a623-68b995f19581" />
      <TestMethod codeBase="C:/Users/Diego/Documents/Visual Studio 2010/Projects/Uniprof/Tests/bin/Release/Tests.DLL" adapterTypeName="Microsoft.VisualStudio.TestTools.TestTypes.Unit.UnitTestAdapter, Microsoft.VisualStudio.QualityTools.Tips.UnitTest.Adapter, Version=10.0.0.0, Culture=neutral, PublicKeyToken=b03f5f7f11d50a3a" className="Tests.MovimientoStockTDGTest, Tests, Version=1.0.0.0, Culture=neutral, PublicKeyToken=null" name="actualizarMovimientosTest" />
    </UnitTest>
    <UnitTest name="borrarHistoricoEstadosTest" storage="c:\users\diego\documents\visual studio 2010\projects\uniprof\tests\bin\release\tests.dll" id="fc8d00d7-7a7a-f0f3-a11d-98015016e42e">
      <Execution id="286bc20a-9e3b-4e6d-bb0a-a2d191bf306e" />
      <TestMethod codeBase="C:/Users/Diego/Documents/Visual Studio 2010/Projects/Uniprof/Tests/bin/Release/Tests.DLL" adapterTypeName="Microsoft.VisualStudio.TestTools.TestTypes.Unit.UnitTestAdapter, Microsoft.VisualStudio.QualityTools.Tips.UnitTest.Adapter, Version=10.0.0.0, Culture=neutral, PublicKeyToken=b03f5f7f11d50a3a" className="Tests.HistoricoEstadosPedidoTDGTest, Tests, Version=1.0.0.0, Culture=neutral, PublicKeyToken=null" name="borrarHistoricoEstadosTest" />
    </UnitTest>
    <UnitTest name="borrarClienteTest" storage="c:\users\diego\documents\visual studio 2010\projects\uniprof\tests\bin\release\tests.dll" id="d1b2634a-eb02-7f77-05de-c01ea104c115">
      <Execution id="149dba8c-a968-4f96-926a-e8a8b92acf2e" />
      <TestMethod codeBase="C:/Users/Diego/Documents/Visual Studio 2010/Projects/Uniprof/Tests/bin/Release/Tests.DLL" adapterTypeName="Microsoft.VisualStudio.TestTools.TestTypes.Unit.UnitTestAdapter, Microsoft.VisualStudio.QualityTools.Tips.UnitTest.Adapter, Version=10.0.0.0, Culture=neutral, PublicKeyToken=b03f5f7f11d50a3a" className="Tests.UsuarioBusinessTest, Tests, Version=1.0.0.0, Culture=neutral, PublicKeyToken=null" name="borrarClienteTest" />
    </UnitTest>
    <UnitTest name="cargarMovimientosConRestriccionesTest" storage="c:\users\diego\documents\visual studio 2010\projects\uniprof\tests\bin\release\tests.dll" id="aeb09f8f-b144-d846-cb07-87151db0c5db">
      <Execution id="d7befcb0-6925-438d-8732-d40a7c3f8e15" />
      <TestMethod codeBase="C:/Users/Diego/Documents/Visual Studio 2010/Projects/Uniprof/Tests/bin/Release/Tests.DLL" adapterTypeName="Microsoft.VisualStudio.TestTools.TestTypes.Unit.UnitTestAdapter, Microsoft.VisualStudio.QualityTools.Tips.UnitTest.Adapter, Version=10.0.0.0, Culture=neutral, PublicKeyToken=b03f5f7f11d50a3a" className="Tests.MovimientoStockTDGTest, Tests, Version=1.0.0.0, Culture=neutral, PublicKeyToken=null" name="cargarMovimientosConRestriccionesTest" />
    </UnitTest>
    <UnitTest name="actualizarNewsletterTest" storage="c:\users\diego\documents\visual studio 2010\projects\uniprof\tests\bin\release\tests.dll" id="d5a80f55-2074-60f0-99dc-1062cdfc3cee">
      <Execution id="60de2271-6233-4483-81ac-e8190ddb5bb9" />
      <TestMethod codeBase="C:/Users/Diego/Documents/Visual Studio 2010/Projects/Uniprof/Tests/bin/Release/Tests.DLL" adapterTypeName="Microsoft.VisualStudio.TestTools.TestTypes.Unit.UnitTestAdapter, Microsoft.VisualStudio.QualityTools.Tips.UnitTest.Adapter, Version=10.0.0.0, Culture=neutral, PublicKeyToken=b03f5f7f11d50a3a" className="Tests.NewsletterRepositorioTest, Tests, Version=1.0.0.0, Culture=neutral, PublicKeyToken=null" name="actualizarNewsletterTest" />
    </UnitTest>
    <UnitTest name="calcularFinalizacionTest" storage="c:\users\diego\documents\visual studio 2010\projects\uniprof\tests\bin\release\tests.dll" id="cb0676d4-b73b-00c6-8824-aa32bdf40010">
      <Execution id="2e0570ab-003c-4d5c-ab95-c9db3c69675c" />
      <TestMethod codeBase="C:/Users/Diego/Documents/Visual Studio 2010/Projects/Uniprof/Tests/bin/Release/Tests.DLL" adapterTypeName="Microsoft.VisualStudio.TestTools.TestTypes.Unit.UnitTestAdapter, Microsoft.VisualStudio.QualityTools.Tips.UnitTest.Adapter, Version=10.0.0.0, Culture=neutral, PublicKeyToken=b03f5f7f11d50a3a" className="Tests.ProduccionBusinessTest, Tests, Version=1.0.0.0, Culture=neutral, PublicKeyToken=null" name="calcularFinalizacionTest" />
    </UnitTest>
    <UnitTest name="cargarHistoricoEstadosTest" storage="c:\users\diego\documents\visual studio 2010\projects\uniprof\tests\bin\release\tests.dll" id="47d53732-aaac-b97d-3608-f4da6d7da1f0">
      <Execution id="e7a198e7-ad30-4c1a-b2c9-d27d6e1e95e0" />
      <TestMethod codeBase="C:/Users/Diego/Documents/Visual Studio 2010/Projects/Uniprof/Tests/bin/Release/Tests.DLL" adapterTypeName="Microsoft.VisualStudio.TestTools.TestTypes.Unit.UnitTestAdapter, Microsoft.VisualStudio.QualityTools.Tips.UnitTest.Adapter, Version=10.0.0.0, Culture=neutral, PublicKeyToken=b03f5f7f11d50a3a" className="Tests.HistoricoEstadosProduccionTDGTest, Tests, Version=1.0.0.0, Culture=neutral, PublicKeyToken=null" name="cargarHistoricoEstadosTest" />
    </UnitTest>
    <UnitTest name="cargarMaquinaPorIdTest" storage="c:\users\diego\documents\visual studio 2010\projects\uniprof\tests\bin\release\tests.dll" id="9102ee27-432a-7243-07ab-4d672688ee38">
      <Execution id="a4393bec-7846-4d86-aef0-efcdde4bc941" />
      <TestMethod codeBase="C:/Users/Diego/Documents/Visual Studio 2010/Projects/Uniprof/Tests/bin/Release/Tests.DLL" adapterTypeName="Microsoft.VisualStudio.TestTools.TestTypes.Unit.UnitTestAdapter, Microsoft.VisualStudio.QualityTools.Tips.UnitTest.Adapter, Version=10.0.0.0, Culture=neutral, PublicKeyToken=b03f5f7f11d50a3a" className="Tests.MaterialesBusinessTest, Tests, Version=1.0.0.0, Culture=neutral, PublicKeyToken=null" name="cargarMaquinaPorIdTest" />
    </UnitTest>
    <UnitTest name="listarProduccionPorEstadoTest" storage="c:\users\diego\documents\visual studio 2010\projects\uniprof\tests\bin\release\tests.dll" id="37eb03dd-b0ba-1d1a-150c-82804e7b16da">
      <Execution id="f9c357db-c019-4402-bd3b-38233053b98c" />
      <TestMethod codeBase="C:/Users/Diego/Documents/Visual Studio 2010/Projects/Uniprof/Tests/bin/Release/Tests.DLL" adapterTypeName="Microsoft.VisualStudio.TestTools.TestTypes.Unit.UnitTestAdapter, Microsoft.VisualStudio.QualityTools.Tips.UnitTest.Adapter, Version=10.0.0.0, Culture=neutral, PublicKeyToken=b03f5f7f11d50a3a" className="Tests.ProduccionRepositorioTest, Tests, Version=1.0.0.0, Culture=neutral, PublicKeyToken=null" name="listarProduccionPorEstadoTest" />
    </UnitTest>
    <UnitTest name="actualizarTest" storage="c:\users\diego\documents\visual studio 2010\projects\uniprof\tests\bin\release\tests.dll" id="5b9bfc56-4cc5-173e-d51e-c0dfe65798ee">
      <Execution id="7d7884b3-c95f-4a11-bc09-5a07bbf097bf" />
      <TestMethod codeBase="C:/Users/Diego/Documents/Visual Studio 2010/Projects/Uniprof/Tests/bin/Release/Tests.DLL" adapterTypeName="Microsoft.VisualStudio.TestTools.TestTypes.Unit.UnitTestAdapter, Microsoft.VisualStudio.QualityTools.Tips.UnitTest.Adapter, Version=10.0.0.0, Culture=neutral, PublicKeyToken=b03f5f7f11d50a3a" className="Tests.ProveedorRepositorioTest, Tests, Version=1.0.0.0, Culture=neutral, PublicKeyToken=null" name="actualizarTest" />
    </UnitTest>
    <UnitTest name="borrarNewsletterTest" storage="c:\users\diego\documents\visual studio 2010\projects\uniprof\tests\bin\release\tests.dll" id="36f9d5ec-47e1-6737-13d6-445eaa622ab8">
      <Execution id="bcce7003-7fa5-4e66-90bf-60456d207570" />
      <TestMethod codeBase="C:/Users/Diego/Documents/Visual Studio 2010/Projects/Uniprof/Tests/bin/Release/Tests.DLL" adapterTypeName="Microsoft.VisualStudio.TestTools.TestTypes.Unit.UnitTestAdapter, Microsoft.VisualStudio.QualityTools.Tips.UnitTest.Adapter, Version=10.0.0.0, Culture=neutral, PublicKeyToken=b03f5f7f11d50a3a" className="Tests.NewsletterBusinessTest, Tests, Version=1.0.0.0, Culture=neutral, PublicKeyToken=null" name="borrarNewsletterTest" />
    </UnitTest>
    <UnitTest name="actualizarDiseñoTest" storage="c:\users\diego\documents\visual studio 2010\projects\uniprof\tests\bin\release\tests.dll" id="4f159a29-3cb7-c1f2-9ed8-8c5ed23afcbe">
      <Execution id="f8a67db3-ee59-45af-9b08-7cfd64620e34" />
      <TestMethod codeBase="C:/Users/Diego/Documents/Visual Studio 2010/Projects/Uniprof/Tests/bin/Release/Tests.DLL" adapterTypeName="Microsoft.VisualStudio.TestTools.TestTypes.Unit.UnitTestAdapter, Microsoft.VisualStudio.QualityTools.Tips.UnitTest.Adapter, Version=10.0.0.0, Culture=neutral, PublicKeyToken=b03f5f7f11d50a3a" className="Tests.DiseñoRepositorioTest, Tests, Version=1.0.0.0, Culture=neutral, PublicKeyToken=null" name="actualizarDiseñoTest" />
    </UnitTest>
    <UnitTest name="modificarLineaTest" storage="c:\users\diego\documents\visual studio 2010\projects\uniprof\tests\bin\release\tests.dll" id="3d34ce3d-2c19-4b40-f3e1-1e5a5ee88a27">
      <Execution id="90ceb297-6f78-4e1f-847a-e0ddecc99574" />
      <TestMethod codeBase="C:/Users/Diego/Documents/Visual Studio 2010/Projects/Uniprof/Tests/bin/Release/Tests.DLL" adapterTypeName="Microsoft.VisualStudio.TestTools.TestTypes.Unit.UnitTestAdapter, Microsoft.VisualStudio.QualityTools.Tips.UnitTest.Adapter, Version=10.0.0.0, Culture=neutral, PublicKeyToken=b03f5f7f11d50a3a" className="Tests.LineaFacturaTDGTest, Tests, Version=1.0.0.0, Culture=neutral, PublicKeyToken=null" name="modificarLineaTest" />
    </UnitTest>
    <UnitTest name="grabarFacturasTest" storage="c:\users\diego\documents\visual studio 2010\projects\uniprof\tests\bin\release\tests.dll" id="231d325e-5b2d-4422-b67b-4aed1bbc3f49">
      <Execution id="10f99d44-0851-4f21-813d-d0423449d5ef" />
      <TestMethod codeBase="C:/Users/Diego/Documents/Visual Studio 2010/Projects/Uniprof/Tests/bin/Release/Tests.DLL" adapterTypeName="Microsoft.VisualStudio.TestTools.TestTypes.Unit.UnitTestAdapter, Microsoft.VisualStudio.QualityTools.Tips.UnitTest.Adapter, Version=10.0.0.0, Culture=neutral, PublicKeyToken=b03f5f7f11d50a3a" className="Tests.FacturaTDGTest, Tests, Version=1.0.0.0, Culture=neutral, PublicKeyToken=null" name="grabarFacturasTest" />
    </UnitTest>
    <UnitTest name="borrarDiseñosTest" storage="c:\users\diego\documents\visual studio 2010\projects\uniprof\tests\bin\release\tests.dll" id="ab4f6c28-3581-ba0b-4648-93d882bc1ba4">
      <Execution id="6d0cad48-469b-4c26-8540-4b6c766e9960" />
      <TestMethod codeBase="C:/Users/Diego/Documents/Visual Studio 2010/Projects/Uniprof/Tests/bin/Release/Tests.DLL" adapterTypeName="Microsoft.VisualStudio.TestTools.TestTypes.Unit.UnitTestAdapter, Microsoft.VisualStudio.QualityTools.Tips.UnitTest.Adapter, Version=10.0.0.0, Culture=neutral, PublicKeyToken=b03f5f7f11d50a3a" className="Tests.DiseñoTDGTest, Tests, Version=1.0.0.0, Culture=neutral, PublicKeyToken=null" name="borrarDiseñosTest" />
    </UnitTest>
    <UnitTest name="listarMaquinasTest" storage="c:\users\diego\documents\visual studio 2010\projects\uniprof\tests\bin\release\tests.dll" id="2a2fd5ee-0dc7-50c0-f1c8-c482f09c9964">
      <Execution id="a5d52970-6215-4c3b-8d9a-7fe7a7b78d91" />
      <TestMethod codeBase="C:/Users/Diego/Documents/Visual Studio 2010/Projects/Uniprof/Tests/bin/Release/Tests.DLL" adapterTypeName="Microsoft.VisualStudio.TestTools.TestTypes.Unit.UnitTestAdapter, Microsoft.VisualStudio.QualityTools.Tips.UnitTest.Adapter, Version=10.0.0.0, Culture=neutral, PublicKeyToken=b03f5f7f11d50a3a" className="Tests.MaquinaRepositorioTest, Tests, Version=1.0.0.0, Culture=neutral, PublicKeyToken=null" name="listarMaquinasTest" />
    </UnitTest>
    <UnitTest name="grabarFacturaTest" storage="c:\users\diego\documents\visual studio 2010\projects\uniprof\tests\bin\release\tests.dll" id="e23387f5-cbe9-d2c5-d12c-23a1dbe2d390">
      <Execution id="47c7c534-46bc-49da-bf11-83c218d53992" />
      <TestMethod codeBase="C:/Users/Diego/Documents/Visual Studio 2010/Projects/Uniprof/Tests/bin/Release/Tests.DLL" adapterTypeName="Microsoft.VisualStudio.TestTools.TestTypes.Unit.UnitTestAdapter, Microsoft.VisualStudio.QualityTools.Tips.UnitTest.Adapter, Version=10.0.0.0, Culture=neutral, PublicKeyToken=b03f5f7f11d50a3a" className="Tests.FacturaBusinessTest, Tests, Version=1.0.0.0, Culture=neutral, PublicKeyToken=null" name="grabarFacturaTest" />
    </UnitTest>
    <UnitTest name="borrarTipoPedidosTest" storage="c:\users\diego\documents\visual studio 2010\projects\uniprof\tests\bin\release\tests.dll" id="5fd39f80-1bc2-a1e7-8064-c0ed0e813279">
      <Execution id="6d6db527-10d3-47b6-94e9-6bede0d4a6e7" />
      <TestMethod codeBase="C:/Users/Diego/Documents/Visual Studio 2010/Projects/Uniprof/Tests/bin/Release/Tests.DLL" adapterTypeName="Microsoft.VisualStudio.TestTools.TestTypes.Unit.UnitTestAdapter, Microsoft.VisualStudio.QualityTools.Tips.UnitTest.Adapter, Version=10.0.0.0, Culture=neutral, PublicKeyToken=b03f5f7f11d50a3a" className="Tests.TipoPedidoTDGTest, Tests, Version=1.0.0.0, Culture=neutral, PublicKeyToken=null" name="borrarTipoPedidosTest" />
    </UnitTest>
    <UnitTest name="grabarPedidoTest" storage="c:\users\diego\documents\visual studio 2010\projects\uniprof\tests\bin\release\tests.dll" id="f58b52d0-5450-8dbe-40cd-ee9f7307e372">
      <Execution id="19cd7ba3-8941-419f-9344-ff2a57b8512b" />
      <TestMethod codeBase="C:/Users/Diego/Documents/Visual Studio 2010/Projects/Uniprof/Tests/bin/Release/Tests.DLL" adapterTypeName="Microsoft.VisualStudio.TestTools.TestTypes.Unit.UnitTestAdapter, Microsoft.VisualStudio.QualityTools.Tips.UnitTest.Adapter, Version=10.0.0.0, Culture=neutral, PublicKeyToken=b03f5f7f11d50a3a" className="Tests.PedidoRepositorioTest, Tests, Version=1.0.0.0, Culture=neutral, PublicKeyToken=null" name="grabarPedidoTest" />
    </UnitTest>
    <UnitTest name="buscarNewsletterPorNombreTest" storage="c:\users\diego\documents\visual studio 2010\projects\uniprof\tests\bin\release\tests.dll" id="47f1b7ea-5dbe-ff8b-ee2e-cd35503da3a7">
      <Execution id="48bc82f5-52c2-4f94-90f5-13a5091a60be" />
      <TestMethod codeBase="C:/Users/Diego/Documents/Visual Studio 2010/Projects/Uniprof/Tests/bin/Release/Tests.DLL" adapterTypeName="Microsoft.VisualStudio.TestTools.TestTypes.Unit.UnitTestAdapter, Microsoft.VisualStudio.QualityTools.Tips.UnitTest.Adapter, Version=10.0.0.0, Culture=neutral, PublicKeyToken=b03f5f7f11d50a3a" className="Tests.NewsletterTDGTest, Tests, Version=1.0.0.0, Culture=neutral, PublicKeyToken=null" name="buscarNewsletterPorNombreTest" />
    </UnitTest>
    <UnitTest name="cargarMensajePorConversacionTest" storage="c:\users\diego\documents\visual studio 2010\projects\uniprof\tests\bin\release\tests.dll" id="4148e9ec-0e25-c6a4-4bc2-03540cd0a990">
      <Execution id="e7a5d5c7-9cc3-4585-962f-aa332050dd36" />
      <TestMethod codeBase="C:/Users/Diego/Documents/Visual Studio 2010/Projects/Uniprof/Tests/bin/Release/Tests.DLL" adapterTypeName="Microsoft.VisualStudio.TestTools.TestTypes.Unit.UnitTestAdapter, Microsoft.VisualStudio.QualityTools.Tips.UnitTest.Adapter, Version=10.0.0.0, Culture=neutral, PublicKeyToken=b03f5f7f11d50a3a" className="Tests.MensajeTDGTest, Tests, Version=1.0.0.0, Culture=neutral, PublicKeyToken=null" name="cargarMensajePorConversacionTest" />
    </UnitTest>
    <UnitTest name="buscarArticulosConRestriccionesTest" storage="c:\users\diego\documents\visual studio 2010\projects\uniprof\tests\bin\release\tests.dll" id="cb854ea1-43fe-4e51-b3cc-ba77c8dba841">
      <Execution id="e8eb6d31-c44f-40c3-ac1b-5b7a17ba742a" />
      <TestMethod codeBase="C:/Users/Diego/Documents/Visual Studio 2010/Projects/Uniprof/Tests/bin/Release/Tests.DLL" adapterTypeName="Microsoft.VisualStudio.TestTools.TestTypes.Unit.UnitTestAdapter, Microsoft.VisualStudio.QualityTools.Tips.UnitTest.Adapter, Version=10.0.0.0, Culture=neutral, PublicKeyToken=b03f5f7f11d50a3a" className="Tests.ArticuloTDGTest, Tests, Version=1.0.0.0, Culture=neutral, PublicKeyToken=null" name="buscarArticulosConRestriccionesTest" />
    </UnitTest>
    <UnitTest name="modificarArticulosTest" storage="c:\users\diego\documents\visual studio 2010\projects\uniprof\tests\bin\release\tests.dll" id="d2623342-49bb-a1e6-2415-8d8bba2b7ac4">
      <Execution id="ce9eabe9-b320-459e-919c-7668c566a4f4" />
      <TestMethod codeBase="C:/Users/Diego/Documents/Visual Studio 2010/Projects/Uniprof/Tests/bin/Release/Tests.DLL" adapterTypeName="Microsoft.VisualStudio.TestTools.TestTypes.Unit.UnitTestAdapter, Microsoft.VisualStudio.QualityTools.Tips.UnitTest.Adapter, Version=10.0.0.0, Culture=neutral, PublicKeyToken=b03f5f7f11d50a3a" className="Tests.ArticuloTDGTest, Tests, Version=1.0.0.0, Culture=neutral, PublicKeyToken=null" name="modificarArticulosTest" />
    </UnitTest>
    <UnitTest name="borrarNewsletterTest" storage="c:\users\diego\documents\visual studio 2010\projects\uniprof\tests\bin\release\tests.dll" id="64c5f523-bd77-dde6-863d-1ca40834d636">
      <Execution id="25f683c6-adbd-4323-99b1-8279d9ca175c" />
      <TestMethod codeBase="C:/Users/Diego/Documents/Visual Studio 2010/Projects/Uniprof/Tests/bin/Release/Tests.DLL" adapterTypeName="Microsoft.VisualStudio.TestTools.TestTypes.Unit.UnitTestAdapter, Microsoft.VisualStudio.QualityTools.Tips.UnitTest.Adapter, Version=10.0.0.0, Culture=neutral, PublicKeyToken=b03f5f7f11d50a3a" className="Tests.NewsletterRepositorioTest, Tests, Version=1.0.0.0, Culture=neutral, PublicKeyToken=null" name="borrarNewsletterTest" />
    </UnitTest>
    <UnitTest name="crearNuevaMaquinaTest" storage="c:\users\diego\documents\visual studio 2010\projects\uniprof\tests\bin\release\tests.dll" id="0826b7aa-fcce-4d97-453d-e58eb4a27a97">
      <Execution id="9e41fb2a-8a1c-4158-adb7-37935f94b45e" />
      <TestMethod codeBase="C:/Users/Diego/Documents/Visual Studio 2010/Projects/Uniprof/Tests/bin/Release/Tests.DLL" adapterTypeName="Microsoft.VisualStudio.TestTools.TestTypes.Unit.UnitTestAdapter, Microsoft.VisualStudio.QualityTools.Tips.UnitTest.Adapter, Version=10.0.0.0, Culture=neutral, PublicKeyToken=b03f5f7f11d50a3a" className="Tests.MaterialesBusinessTest, Tests, Version=1.0.0.0, Culture=neutral, PublicKeyToken=null" name="crearNuevaMaquinaTest" />
    </UnitTest>
    <UnitTest name="actualizaFacturaTest" storage="c:\users\diego\documents\visual studio 2010\projects\uniprof\tests\bin\release\tests.dll" id="dd5a8b39-7328-3edd-3658-5787ac153d19">
      <Execution id="d444182a-f30f-4119-896f-2f88acf1d626" />
      <TestMethod codeBase="C:/Users/Diego/Documents/Visual Studio 2010/Projects/Uniprof/Tests/bin/Release/Tests.DLL" adapterTypeName="Microsoft.VisualStudio.TestTools.TestTypes.Unit.UnitTestAdapter, Microsoft.VisualStudio.QualityTools.Tips.UnitTest.Adapter, Version=10.0.0.0, Culture=neutral, PublicKeyToken=b03f5f7f11d50a3a" className="Tests.FacturaBusinessTest, Tests, Version=1.0.0.0, Culture=neutral, PublicKeyToken=null" name="actualizaFacturaTest" />
    </UnitTest>
    <UnitTest name="modificarLineaTest" storage="c:\users\diego\documents\visual studio 2010\projects\uniprof\tests\bin\release\tests.dll" id="0533de1e-bd84-9f46-95b5-950bf92951b0">
      <Execution id="65e2205f-fb4c-4e9c-88a9-8bb7420c0185" />
      <TestMethod codeBase="C:/Users/Diego/Documents/Visual Studio 2010/Projects/Uniprof/Tests/bin/Release/Tests.DLL" adapterTypeName="Microsoft.VisualStudio.TestTools.TestTypes.Unit.UnitTestAdapter, Microsoft.VisualStudio.QualityTools.Tips.UnitTest.Adapter, Version=10.0.0.0, Culture=neutral, PublicKeyToken=b03f5f7f11d50a3a" className="Tests.LineaOrdenDeCompraTDGTest, Tests, Version=1.0.0.0, Culture=neutral, PublicKeyToken=null" name="modificarLineaTest" />
    </UnitTest>
    <UnitTest name="cargarUsuarioPorIdTest" storage="c:\users\diego\documents\visual studio 2010\projects\uniprof\tests\bin\release\tests.dll" id="ecaad254-0b1d-a420-c28a-c8ca0ba7c959">
      <Execution id="f9d9b029-1935-4ed2-b95f-bf97485f7f82" />
      <TestMethod codeBase="C:/Users/Diego/Documents/Visual Studio 2010/Projects/Uniprof/Tests/bin/Release/Tests.DLL" adapterTypeName="Microsoft.VisualStudio.TestTools.TestTypes.Unit.UnitTestAdapter, Microsoft.VisualStudio.QualityTools.Tips.UnitTest.Adapter, Version=10.0.0.0, Culture=neutral, PublicKeyToken=b03f5f7f11d50a3a" className="Tests.UsuarioRepositorioTest, Tests, Version=1.0.0.0, Culture=neutral, PublicKeyToken=null" name="cargarUsuarioPorIdTest" />
    </UnitTest>
    <UnitTest name="buscarEncuestaTest" storage="c:\users\diego\documents\visual studio 2010\projects\uniprof\tests\bin\release\tests.dll" id="5627da22-d5e7-edd9-24c7-79ea0acd3bdb">
      <Execution id="af273b9a-fc54-46cb-b146-95ed5a14c2e9" />
      <TestMethod codeBase="C:/Users/Diego/Documents/Visual Studio 2010/Projects/Uniprof/Tests/bin/Release/Tests.DLL" adapterTypeName="Microsoft.VisualStudio.TestTools.TestTypes.Unit.UnitTestAdapter, Microsoft.VisualStudio.QualityTools.Tips.UnitTest.Adapter, Version=10.0.0.0, Culture=neutral, PublicKeyToken=b03f5f7f11d50a3a" className="Tests.EncuestaTDGTest, Tests, Version=1.0.0.0, Culture=neutral, PublicKeyToken=null" name="buscarEncuestaTest" />
    </UnitTest>
    <UnitTest name="buscarDiseñoPorClienteTest" storage="c:\users\diego\documents\visual studio 2010\projects\uniprof\tests\bin\release\tests.dll" id="8ef58195-4b27-3ad6-c671-969e36dd1c6a">
      <Execution id="c43e500f-97d5-4ae8-9133-dfab276d3f83" />
      <TestMethod codeBase="C:/Users/Diego/Documents/Visual Studio 2010/Projects/Uniprof/Tests/bin/Release/Tests.DLL" adapterTypeName="Microsoft.VisualStudio.TestTools.TestTypes.Unit.UnitTestAdapter, Microsoft.VisualStudio.QualityTools.Tips.UnitTest.Adapter, Version=10.0.0.0, Culture=neutral, PublicKeyToken=b03f5f7f11d50a3a" className="Tests.DiseñoBusinessTest, Tests, Version=1.0.0.0, Culture=neutral, PublicKeyToken=null" name="buscarDiseñoPorClienteTest" />
    </UnitTest>
    <UnitTest name="grabarOrdenDeCompraTest" storage="c:\users\diego\documents\visual studio 2010\projects\uniprof\tests\bin\release\tests.dll" id="8c641761-f8ac-ef3e-efbe-0d44137ab9ce">
      <Execution id="5f668081-8340-4cb8-be6e-53873906cf9a" />
      <TestMethod codeBase="C:/Users/Diego/Documents/Visual Studio 2010/Projects/Uniprof/Tests/bin/Release/Tests.DLL" adapterTypeName="Microsoft.VisualStudio.TestTools.TestTypes.Unit.UnitTestAdapter, Microsoft.VisualStudio.QualityTools.Tips.UnitTest.Adapter, Version=10.0.0.0, Culture=neutral, PublicKeyToken=b03f5f7f11d50a3a" className="Tests.OrdenCompraBusinessTest, Tests, Version=1.0.0.0, Culture=neutral, PublicKeyToken=null" name="grabarOrdenDeCompraTest" />
    </UnitTest>
    <UnitTest name="listarProduccionPorEstadoTest" storage="c:\users\diego\documents\visual studio 2010\projects\uniprof\tests\bin\release\tests.dll" id="2e92c0a7-eb38-f9b0-56bc-708e3a1e95b2">
      <Execution id="7ac143c8-6d35-490b-8e3e-9de97394f194" />
      <TestMethod codeBase="C:/Users/Diego/Documents/Visual Studio 2010/Projects/Uniprof/Tests/bin/Release/Tests.DLL" adapterTypeName="Microsoft.VisualStudio.TestTools.TestTypes.Unit.UnitTestAdapter, Microsoft.VisualStudio.QualityTools.Tips.UnitTest.Adapter, Version=10.0.0.0, Culture=neutral, PublicKeyToken=b03f5f7f11d50a3a" className="Tests.ProduccionBusinessTest, Tests, Version=1.0.0.0, Culture=neutral, PublicKeyToken=null" name="listarProduccionPorEstadoTest" />
    </UnitTest>
    <UnitTest name="calcularDistanciaEntreTrabajosTest3" storage="c:\users\diego\documents\visual studio 2010\projects\uniprof\tests\bin\release\tests.dll" id="da9d278a-cb0f-a51b-e352-ed20685028b9">
      <Execution id="f872d006-5229-4394-8e18-90b1a4811e23" />
      <TestMethod codeBase="C:/Users/Diego/Documents/Visual Studio 2010/Projects/Uniprof/Tests/bin/Release/Tests.DLL" adapterTypeName="Microsoft.VisualStudio.TestTools.TestTypes.Unit.UnitTestAdapter, Microsoft.VisualStudio.QualityTools.Tips.UnitTest.Adapter, Version=10.0.0.0, Culture=neutral, PublicKeyToken=b03f5f7f11d50a3a" className="Tests.ProduccionBusinessTest, Tests, Version=1.0.0.0, Culture=neutral, PublicKeyToken=null" name="calcularDistanciaEntreTrabajosTest3" />
    </UnitTest>
    <UnitTest name="listarUsuariosTest" storage="c:\users\diego\documents\visual studio 2010\projects\uniprof\tests\bin\release\tests.dll" id="601e990e-751d-e263-ef32-4be40187ef20">
      <Execution id="b5010409-76c4-4822-af0a-187ac3a2f09c" />
      <TestMethod codeBase="C:/Users/Diego/Documents/Visual Studio 2010/Projects/Uniprof/Tests/bin/Release/Tests.DLL" adapterTypeName="Microsoft.VisualStudio.TestTools.TestTypes.Unit.UnitTestAdapter, Microsoft.VisualStudio.QualityTools.Tips.UnitTest.Adapter, Version=10.0.0.0, Culture=neutral, PublicKeyToken=b03f5f7f11d50a3a" className="Tests.UsuarioBusinessTest, Tests, Version=1.0.0.0, Culture=neutral, PublicKeyToken=null" name="listarUsuariosTest" />
    </UnitTest>
    <UnitTest name="listarProduccionConRestriccionesTest" storage="c:\users\diego\documents\visual studio 2010\projects\uniprof\tests\bin\release\tests.dll" id="0d0b6b4c-3d42-300a-bac7-fbab5e0b6cc5">
      <Execution id="e5eb29b6-9182-472a-8f22-fa5472adf7d6" />
      <TestMethod codeBase="C:/Users/Diego/Documents/Visual Studio 2010/Projects/Uniprof/Tests/bin/Release/Tests.DLL" adapterTypeName="Microsoft.VisualStudio.TestTools.TestTypes.Unit.UnitTestAdapter, Microsoft.VisualStudio.QualityTools.Tips.UnitTest.Adapter, Version=10.0.0.0, Culture=neutral, PublicKeyToken=b03f5f7f11d50a3a" className="Tests.ProduccionRepositorioTest, Tests, Version=1.0.0.0, Culture=neutral, PublicKeyToken=null" name="listarProduccionConRestriccionesTest" />
    </UnitTest>
    <UnitTest name="actualizarProduccionOperadorTDGTest" storage="c:\users\diego\documents\visual studio 2010\projects\uniprof\tests\bin\release\tests.dll" id="81b50b2a-4878-5c02-6765-8402ba293155">
      <Execution id="9d58de44-c71e-4e6d-bd72-89e5ebd41d94" />
      <TestMethod codeBase="C:/Users/Diego/Documents/Visual Studio 2010/Projects/Uniprof/Tests/bin/Release/Tests.DLL" adapterTypeName="Microsoft.VisualStudio.TestTools.TestTypes.Unit.UnitTestAdapter, Microsoft.VisualStudio.QualityTools.Tips.UnitTest.Adapter, Version=10.0.0.0, Culture=neutral, PublicKeyToken=b03f5f7f11d50a3a" className="Tests.ProduccionOperadorTDGTest, Tests, Version=1.0.0.0, Culture=neutral, PublicKeyToken=null" name="actualizarProduccionOperadorTDGTest" />
    </UnitTest>
    <UnitTest name="listarFamliasTest" storage="c:\users\diego\documents\visual studio 2010\projects\uniprof\tests\bin\release\tests.dll" id="147439b4-00a7-f2cb-1dec-6270bffba92e">
      <Execution id="3348d9ac-c61d-4fe0-83c9-77f091f07db6" />
      <TestMethod codeBase="C:/Users/Diego/Documents/Visual Studio 2010/Projects/Uniprof/Tests/bin/Release/Tests.DLL" adapterTypeName="Microsoft.VisualStudio.TestTools.TestTypes.Unit.UnitTestAdapter, Microsoft.VisualStudio.QualityTools.Tips.UnitTest.Adapter, Version=10.0.0.0, Culture=neutral, PublicKeyToken=b03f5f7f11d50a3a" className="Tests.FamiliaBusinessTest, Tests, Version=1.0.0.0, Culture=neutral, PublicKeyToken=null" name="listarFamliasTest" />
    </UnitTest>
    <UnitTest name="listarProduccionConRestriccionesTest" storage="c:\users\diego\documents\visual studio 2010\projects\uniprof\tests\bin\release\tests.dll" id="3222f04f-3bb8-b915-7622-11e1c846763f">
      <Execution id="909512fe-aeba-45f5-a48b-ef8390811b97" />
      <TestMethod codeBase="C:/Users/Diego/Documents/Visual Studio 2010/Projects/Uniprof/Tests/bin/Release/Tests.DLL" adapterTypeName="Microsoft.VisualStudio.TestTools.TestTypes.Unit.UnitTestAdapter, Microsoft.VisualStudio.QualityTools.Tips.UnitTest.Adapter, Version=10.0.0.0, Culture=neutral, PublicKeyToken=b03f5f7f11d50a3a" className="Tests.ProduccionBusinessTest, Tests, Version=1.0.0.0, Culture=neutral, PublicKeyToken=null" name="listarProduccionConRestriccionesTest" />
    </UnitTest>
    <UnitTest name="buscarOperadoresTest" storage="c:\users\diego\documents\visual studio 2010\projects\uniprof\tests\bin\release\tests.dll" id="cab5d754-b046-c047-88d8-b763f582d340">
      <Execution id="0d7cebe1-c33f-4533-a665-f84197ddfdf2" />
      <TestMethod codeBase="C:/Users/Diego/Documents/Visual Studio 2010/Projects/Uniprof/Tests/bin/Release/Tests.DLL" adapterTypeName="Microsoft.VisualStudio.TestTools.TestTypes.Unit.UnitTestAdapter, Microsoft.VisualStudio.QualityTools.Tips.UnitTest.Adapter, Version=10.0.0.0, Culture=neutral, PublicKeyToken=b03f5f7f11d50a3a" className="Tests.OperadorTDGTest, Tests, Version=1.0.0.0, Culture=neutral, PublicKeyToken=null" name="buscarOperadoresTest" />
    </UnitTest>
    <UnitTest name="actualizarMovimientoTest" storage="c:\users\diego\documents\visual studio 2010\projects\uniprof\tests\bin\release\tests.dll" id="04a946fc-19a1-d283-10d5-49de1068346e">
      <Execution id="43495686-01e0-45e9-8cd5-7fd81029727b" />
      <TestMethod codeBase="C:/Users/Diego/Documents/Visual Studio 2010/Projects/Uniprof/Tests/bin/Release/Tests.DLL" adapterTypeName="Microsoft.VisualStudio.TestTools.TestTypes.Unit.UnitTestAdapter, Microsoft.VisualStudio.QualityTools.Tips.UnitTest.Adapter, Version=10.0.0.0, Culture=neutral, PublicKeyToken=b03f5f7f11d50a3a" className="Tests.MovimientoClienteBusinessTest, Tests, Version=1.0.0.0, Culture=neutral, PublicKeyToken=null" name="actualizarMovimientoTest" />
    </UnitTest>
    <UnitTest name="buscarArticulosTest" storage="c:\users\diego\documents\visual studio 2010\projects\uniprof\tests\bin\release\tests.dll" id="e174714d-b5ae-6791-7e05-a6dae00c0681">
      <Execution id="562277a9-9117-42f3-9846-1225943a86b5" />
      <TestMethod codeBase="C:/Users/Diego/Documents/Visual Studio 2010/Projects/Uniprof/Tests/bin/Release/Tests.DLL" adapterTypeName="Microsoft.VisualStudio.TestTools.TestTypes.Unit.UnitTestAdapter, Microsoft.VisualStudio.QualityTools.Tips.UnitTest.Adapter, Version=10.0.0.0, Culture=neutral, PublicKeyToken=b03f5f7f11d50a3a" className="Tests.ArticuloTDGTest, Tests, Version=1.0.0.0, Culture=neutral, PublicKeyToken=null" name="buscarArticulosTest" />
    </UnitTest>
    <UnitTest name="modificarFacturasTest" storage="c:\users\diego\documents\visual studio 2010\projects\uniprof\tests\bin\release\tests.dll" id="d6d7a27e-0988-cf60-1910-ee6f0eb6cf75">
      <Execution id="a4a1a6c9-a589-4d10-a7ac-437639dc065a" />
      <TestMethod codeBase="C:/Users/Diego/Documents/Visual Studio 2010/Projects/Uniprof/Tests/bin/Release/Tests.DLL" adapterTypeName="Microsoft.VisualStudio.TestTools.TestTypes.Unit.UnitTestAdapter, Microsoft.VisualStudio.QualityTools.Tips.UnitTest.Adapter, Version=10.0.0.0, Culture=neutral, PublicKeyToken=b03f5f7f11d50a3a" className="Tests.FacturaTDGTest, Tests, Version=1.0.0.0, Culture=neutral, PublicKeyToken=null" name="modificarFacturasTest" />
    </UnitTest>
    <UnitTest name="listarInsumosPorColorTest" storage="c:\users\diego\documents\visual studio 2010\projects\uniprof\tests\bin\release\tests.dll" id="2ff4ab24-8ba8-c855-2fbb-5316fd166e9f">
      <Execution id="9c517a3d-1afc-4469-8f69-7b4e37e63fa1" />
      <TestMethod codeBase="C:/Users/Diego/Documents/Visual Studio 2010/Projects/Uniprof/Tests/bin/Release/Tests.DLL" adapterTypeName="Microsoft.VisualStudio.TestTools.TestTypes.Unit.UnitTestAdapter, Microsoft.VisualStudio.QualityTools.Tips.UnitTest.Adapter, Version=10.0.0.0, Culture=neutral, PublicKeyToken=b03f5f7f11d50a3a" className="Tests.InsumoRepositorioTest, Tests, Version=1.0.0.0, Culture=neutral, PublicKeyToken=null" name="listarInsumosPorColorTest" />
    </UnitTest>
    <UnitTest name="actualizarTipoPedidosTest" storage="c:\users\diego\documents\visual studio 2010\projects\uniprof\tests\bin\release\tests.dll" id="bbf04cdd-f777-915a-4f82-d89d0fb3c21c">
      <Execution id="3b3b005d-65ea-46aa-9eff-245e83af5ae1" />
      <TestMethod codeBase="C:/Users/Diego/Documents/Visual Studio 2010/Projects/Uniprof/Tests/bin/Release/Tests.DLL" adapterTypeName="Microsoft.VisualStudio.TestTools.TestTypes.Unit.UnitTestAdapter, Microsoft.VisualStudio.QualityTools.Tips.UnitTest.Adapter, Version=10.0.0.0, Culture=neutral, PublicKeyToken=b03f5f7f11d50a3a" className="Tests.TipoPedidoTDGTest, Tests, Version=1.0.0.0, Culture=neutral, PublicKeyToken=null" name="actualizarTipoPedidosTest" />
    </UnitTest>
    <UnitTest name="borrarArticuloTest" storage="c:\users\diego\documents\visual studio 2010\projects\uniprof\tests\bin\release\tests.dll" id="43cb51cd-66eb-181b-064e-18bf81c14a68">
      <Execution id="705d59f2-4c12-44df-afa8-0835200dc4ec" />
      <TestMethod codeBase="C:/Users/Diego/Documents/Visual Studio 2010/Projects/Uniprof/Tests/bin/Release/Tests.DLL" adapterTypeName="Microsoft.VisualStudio.TestTools.TestTypes.Unit.UnitTestAdapter, Microsoft.VisualStudio.QualityTools.Tips.UnitTest.Adapter, Version=10.0.0.0, Culture=neutral, PublicKeyToken=b03f5f7f11d50a3a" className="Tests.ArticuloBusinessTest, Tests, Version=1.0.0.0, Culture=neutral, PublicKeyToken=null" name="borrarArticuloTest" />
    </UnitTest>
    <UnitTest name="cargarFamiliasTest" storage="c:\users\diego\documents\visual studio 2010\projects\uniprof\tests\bin\release\tests.dll" id="c6f9c8d4-b42f-f506-2486-8ec3f82f78d3">
      <Execution id="9c1a912c-d865-4500-8b5b-20eab874076b" />
      <TestMethod codeBase="C:/Users/Diego/Documents/Visual Studio 2010/Projects/Uniprof/Tests/bin/Release/Tests.DLL" adapterTypeName="Microsoft.VisualStudio.TestTools.TestTypes.Unit.UnitTestAdapter, Microsoft.VisualStudio.QualityTools.Tips.UnitTest.Adapter, Version=10.0.0.0, Culture=neutral, PublicKeyToken=b03f5f7f11d50a3a" className="Tests.FamiliaTDGTest, Tests, Version=1.0.0.0, Culture=neutral, PublicKeyToken=null" name="cargarFamiliasTest" />
    </UnitTest>
    <UnitTest name="grabarNewsletterTest" storage="c:\users\diego\documents\visual studio 2010\projects\uniprof\tests\bin\release\tests.dll" id="b28eae18-99f0-9519-6256-d75c3d089452">
      <Execution id="32936595-c79c-473c-88b6-63fad4d739da" />
      <TestMethod codeBase="C:/Users/Diego/Documents/Visual Studio 2010/Projects/Uniprof/Tests/bin/Release/Tests.DLL" adapterTypeName="Microsoft.VisualStudio.TestTools.TestTypes.Unit.UnitTestAdapter, Microsoft.VisualStudio.QualityTools.Tips.UnitTest.Adapter, Version=10.0.0.0, Culture=neutral, PublicKeyToken=b03f5f7f11d50a3a" className="Tests.NewsletterBusinessTest, Tests, Version=1.0.0.0, Culture=neutral, PublicKeyToken=null" name="grabarNewsletterTest" />
    </UnitTest>
    <UnitTest name="ListarPrendasTest" storage="c:\users\diego\documents\visual studio 2010\projects\uniprof\tests\bin\release\tests.dll" id="c1679918-c36e-2cbe-87a9-96506a9b38f9">
      <Execution id="3f90d960-193d-4d44-bc16-19db61f39382" />
      <TestMethod codeBase="C:/Users/Diego/Documents/Visual Studio 2010/Projects/Uniprof/Tests/bin/Release/Tests.DLL" adapterTypeName="Microsoft.VisualStudio.TestTools.TestTypes.Unit.UnitTestAdapter, Microsoft.VisualStudio.QualityTools.Tips.UnitTest.Adapter, Version=10.0.0.0, Culture=neutral, PublicKeyToken=b03f5f7f11d50a3a" className="Tests.TipoPrendaRepositorioTest, Tests, Version=1.0.0.0, Culture=neutral, PublicKeyToken=null" name="ListarPrendasTest" />
    </UnitTest>
    <UnitTest name="grabarMovimientoTest" storage="c:\users\diego\documents\visual studio 2010\projects\uniprof\tests\bin\release\tests.dll" id="aa08efca-9836-e946-b0ea-6d46d0e78977">
      <Execution id="6078a2a1-454f-422b-ada6-e0ef9edd6c9b" />
      <TestMethod codeBase="C:/Users/Diego/Documents/Visual Studio 2010/Projects/Uniprof/Tests/bin/Release/Tests.DLL" adapterTypeName="Microsoft.VisualStudio.TestTools.TestTypes.Unit.UnitTestAdapter, Microsoft.VisualStudio.QualityTools.Tips.UnitTest.Adapter, Version=10.0.0.0, Culture=neutral, PublicKeyToken=b03f5f7f11d50a3a" className="Tests.MovimientoCuentaProveedorRepositorioTest, Tests, Version=1.0.0.0, Culture=neutral, PublicKeyToken=null" name="grabarMovimientoTest" />
    </UnitTest>
    <UnitTest name="grabarProveedorTest" storage="c:\users\diego\documents\visual studio 2010\projects\uniprof\tests\bin\release\tests.dll" id="8d735e5a-f52c-96a5-4bed-a99c0526014e">
      <Execution id="88593d32-e9df-453d-a70b-de8124997e72" />
      <TestMethod codeBase="C:/Users/Diego/Documents/Visual Studio 2010/Projects/Uniprof/Tests/bin/Release/Tests.DLL" adapterTypeName="Microsoft.VisualStudio.TestTools.TestTypes.Unit.UnitTestAdapter, Microsoft.VisualStudio.QualityTools.Tips.UnitTest.Adapter, Version=10.0.0.0, Culture=neutral, PublicKeyToken=b03f5f7f11d50a3a" className="Tests.ProveedorTDGTest, Tests, Version=1.0.0.0, Culture=neutral, PublicKeyToken=null" name="grabarProveedorTest" />
    </UnitTest>
    <UnitTest name="cargarPatentesPorFamiliaTest" storage="c:\users\diego\documents\visual studio 2010\projects\uniprof\tests\bin\release\tests.dll" id="16ffbd3f-3aee-beef-202b-0a5edf0b4c4f">
      <Execution id="55a878e2-a598-4b24-acc6-d5c809d42ddd" />
      <TestMethod codeBase="C:/Users/Diego/Documents/Visual Studio 2010/Projects/Uniprof/Tests/bin/Release/Tests.DLL" adapterTypeName="Microsoft.VisualStudio.TestTools.TestTypes.Unit.UnitTestAdapter, Microsoft.VisualStudio.QualityTools.Tips.UnitTest.Adapter, Version=10.0.0.0, Culture=neutral, PublicKeyToken=b03f5f7f11d50a3a" className="Tests.PatenteRepositorioTest, Tests, Version=1.0.0.0, Culture=neutral, PublicKeyToken=null" name="cargarPatentesPorFamiliaTest" />
    </UnitTest>
    <UnitTest name="actualizarUsuarioTest" storage="c:\users\diego\documents\visual studio 2010\projects\uniprof\tests\bin\release\tests.dll" id="70dba011-1aa4-3fb1-b8c2-fb8d0666bd55">
      <Execution id="d4109d94-67af-46a8-a749-ebf97b3ba6eb" />
      <TestMethod codeBase="C:/Users/Diego/Documents/Visual Studio 2010/Projects/Uniprof/Tests/bin/Release/Tests.DLL" adapterTypeName="Microsoft.VisualStudio.TestTools.TestTypes.Unit.UnitTestAdapter, Microsoft.VisualStudio.QualityTools.Tips.UnitTest.Adapter, Version=10.0.0.0, Culture=neutral, PublicKeyToken=b03f5f7f11d50a3a" className="Tests.ClienteTDGTest, Tests, Version=1.0.0.0, Culture=neutral, PublicKeyToken=null" name="actualizarUsuarioTest" />
    </UnitTest>
    <UnitTest name="cargarClientePorFacturaTest" storage="c:\users\diego\documents\visual studio 2010\projects\uniprof\tests\bin\release\tests.dll" id="cc6fe6c4-963e-60ba-9611-8e531f6502c5">
      <Execution id="22b1b0ec-6dac-48e6-a48f-5d4f46d05011" />
      <TestMethod codeBase="C:/Users/Diego/Documents/Visual Studio 2010/Projects/Uniprof/Tests/bin/Release/Tests.DLL" adapterTypeName="Microsoft.VisualStudio.TestTools.TestTypes.Unit.UnitTestAdapter, Microsoft.VisualStudio.QualityTools.Tips.UnitTest.Adapter, Version=10.0.0.0, Culture=neutral, PublicKeyToken=b03f5f7f11d50a3a" className="Tests.ClienteTDGTest, Tests, Version=1.0.0.0, Culture=neutral, PublicKeyToken=null" name="cargarClientePorFacturaTest" />
    </UnitTest>
    <UnitTest name="buscarInsumosConRestriccionesTest" storage="c:\users\diego\documents\visual studio 2010\projects\uniprof\tests\bin\release\tests.dll" id="590fbd59-b150-d4b9-6a37-e409519e63c2">
      <Execution id="5b9c47d2-5867-4a48-8029-f6095e786bb2" />
      <TestMethod codeBase="C:/Users/Diego/Documents/Visual Studio 2010/Projects/Uniprof/Tests/bin/Release/Tests.DLL" adapterTypeName="Microsoft.VisualStudio.TestTools.TestTypes.Unit.UnitTestAdapter, Microsoft.VisualStudio.QualityTools.Tips.UnitTest.Adapter, Version=10.0.0.0, Culture=neutral, PublicKeyToken=b03f5f7f11d50a3a" className="Tests.InsumoTDGTest, Tests, Version=1.0.0.0, Culture=neutral, PublicKeyToken=null" name="buscarInsumosConRestriccionesTest" />
    </UnitTest>
    <UnitTest name="agregarPatenteTest" storage="c:\users\diego\documents\visual studio 2010\projects\uniprof\tests\bin\release\tests.dll" id="e27be593-1d5d-4e60-f221-5154b5c9193c">
      <Execution id="86b24f94-5995-44e7-abec-63f62e3e45a0" />
      <TestMethod codeBase="C:/Users/Diego/Documents/Visual Studio 2010/Projects/Uniprof/Tests/bin/Release/Tests.DLL" adapterTypeName="Microsoft.VisualStudio.TestTools.TestTypes.Unit.UnitTestAdapter, Microsoft.VisualStudio.QualityTools.Tips.UnitTest.Adapter, Version=10.0.0.0, Culture=neutral, PublicKeyToken=b03f5f7f11d50a3a" className="Tests.FamiliaTDGTest, Tests, Version=1.0.0.0, Culture=neutral, PublicKeyToken=null" name="agregarPatenteTest" />
    </UnitTest>
    <UnitTest name="buscarPrimerosHuecosMaquinaTest" storage="c:\users\diego\documents\visual studio 2010\projects\uniprof\tests\bin\release\tests.dll" id="58008e3d-a662-382f-b6bd-ea56db2d0729">
      <Execution id="2dc24d08-8473-4531-9780-47bcea239e68" />
      <TestMethod codeBase="C:/Users/Diego/Documents/Visual Studio 2010/Projects/Uniprof/Tests/bin/Release/Tests.DLL" adapterTypeName="Microsoft.VisualStudio.TestTools.TestTypes.Unit.UnitTestAdapter, Microsoft.VisualStudio.QualityTools.Tips.UnitTest.Adapter, Version=10.0.0.0, Culture=neutral, PublicKeyToken=b03f5f7f11d50a3a" className="Tests.ProduccionBusinessTest, Tests, Version=1.0.0.0, Culture=neutral, PublicKeyToken=null" name="buscarPrimerosHuecosMaquinaTest" />
    </UnitTest>
    <UnitTest name="bloquearUsuarioTest" storage="c:\users\diego\documents\visual studio 2010\projects\uniprof\tests\bin\release\tests.dll" id="a5c2a138-5bc5-66da-7c2e-bc96b13a556b">
      <Execution id="485515e4-8132-4dc4-8012-ec4063e58cf6" />
      <TestMethod codeBase="C:/Users/Diego/Documents/Visual Studio 2010/Projects/Uniprof/Tests/bin/Release/Tests.DLL" adapterTypeName="Microsoft.VisualStudio.TestTools.TestTypes.Unit.UnitTestAdapter, Microsoft.VisualStudio.QualityTools.Tips.UnitTest.Adapter, Version=10.0.0.0, Culture=neutral, PublicKeyToken=b03f5f7f11d50a3a" className="Tests.UsuarioBusinessTest, Tests, Version=1.0.0.0, Culture=neutral, PublicKeyToken=null" name="bloquearUsuarioTest" />
    </UnitTest>
    <UnitTest name="buscarEstadosTest" storage="c:\users\diego\documents\visual studio 2010\projects\uniprof\tests\bin\release\tests.dll" id="beb08e30-b8b0-b48e-c515-c7a8586c6e54">
      <Execution id="78968122-f69e-43ca-908e-f8f0a6082d7f" />
      <TestMethod codeBase="C:/Users/Diego/Documents/Visual Studio 2010/Projects/Uniprof/Tests/bin/Release/Tests.DLL" adapterTypeName="Microsoft.VisualStudio.TestTools.TestTypes.Unit.UnitTestAdapter, Microsoft.VisualStudio.QualityTools.Tips.UnitTest.Adapter, Version=10.0.0.0, Culture=neutral, PublicKeyToken=b03f5f7f11d50a3a" className="Tests.EstadoDiseñoTDGTest, Tests, Version=1.0.0.0, Culture=neutral, PublicKeyToken=null" name="buscarEstadosTest" />
    </UnitTest>
    <UnitTest name="actualizarInsumoTest" storage="c:\users\diego\documents\visual studio 2010\projects\uniprof\tests\bin\release\tests.dll" id="1a2eb27e-5a5f-d0a1-8888-804cc861f69e">
      <Execution id="b2bebb4a-49ff-4277-90e2-5106a9183f8c" />
      <TestMethod codeBase="C:/Users/Diego/Documents/Visual Studio 2010/Projects/Uniprof/Tests/bin/Release/Tests.DLL" adapterTypeName="Microsoft.VisualStudio.TestTools.TestTypes.Unit.UnitTestAdapter, Microsoft.VisualStudio.QualityTools.Tips.UnitTest.Adapter, Version=10.0.0.0, Culture=neutral, PublicKeyToken=b03f5f7f11d50a3a" className="Tests.InsumoBusinessTest, Tests, Version=1.0.0.0, Culture=neutral, PublicKeyToken=null" name="actualizarInsumoTest" />
    </UnitTest>
    <UnitTest name="listarInsumosPorColorTest" storage="c:\users\diego\documents\visual studio 2010\projects\uniprof\tests\bin\release\tests.dll" id="8a0dd9bc-7acf-b95a-4187-a00b7726fa73">
      <Execution id="5fa0bb79-2bc0-4a01-91d5-8d12ec15342f" />
      <TestMethod codeBase="C:/Users/Diego/Documents/Visual Studio 2010/Projects/Uniprof/Tests/bin/Release/Tests.DLL" adapterTypeName="Microsoft.VisualStudio.TestTools.TestTypes.Unit.UnitTestAdapter, Microsoft.VisualStudio.QualityTools.Tips.UnitTest.Adapter, Version=10.0.0.0, Culture=neutral, PublicKeyToken=b03f5f7f11d50a3a" className="Tests.InsumoBusinessTest, Tests, Version=1.0.0.0, Culture=neutral, PublicKeyToken=null" name="listarInsumosPorColorTest" />
    </UnitTest>
    <UnitTest name="borrarUsuarioTest" storage="c:\users\diego\documents\visual studio 2010\projects\uniprof\tests\bin\release\tests.dll" id="364ee525-fb4e-4236-05f2-99b03bc282b2">
      <Execution id="ba0707d9-bd93-4051-a85b-635cdaa559db" />
      <TestMethod codeBase="C:/Users/Diego/Documents/Visual Studio 2010/Projects/Uniprof/Tests/bin/Release/Tests.DLL" adapterTypeName="Microsoft.VisualStudio.TestTools.TestTypes.Unit.UnitTestAdapter, Microsoft.VisualStudio.QualityTools.Tips.UnitTest.Adapter, Version=10.0.0.0, Culture=neutral, PublicKeyToken=b03f5f7f11d50a3a" className="Tests.ClienteTDGTest, Tests, Version=1.0.0.0, Culture=neutral, PublicKeyToken=null" name="borrarUsuarioTest" />
    </UnitTest>
    <UnitTest name="BuscarDiseñosTest" storage="c:\users\diego\documents\visual studio 2010\projects\uniprof\tests\bin\release\tests.dll" id="78d51b31-e137-cc46-4586-32e7fc15993b">
      <Execution id="7b550330-620f-494a-b932-f3886071b2ab" />
      <TestMethod codeBase="C:/Users/Diego/Documents/Visual Studio 2010/Projects/Uniprof/Tests/bin/Release/Tests.DLL" adapterTypeName="Microsoft.VisualStudio.TestTools.TestTypes.Unit.UnitTestAdapter, Microsoft.VisualStudio.QualityTools.Tips.UnitTest.Adapter, Version=10.0.0.0, Culture=neutral, PublicKeyToken=b03f5f7f11d50a3a" className="Tests.DiseñoRepositorioTest, Tests, Version=1.0.0.0, Culture=neutral, PublicKeyToken=null" name="BuscarDiseñosTest" />
    </UnitTest>
    <UnitTest name="cargarLineasFacturaConRestriccionTest" storage="c:\users\diego\documents\visual studio 2010\projects\uniprof\tests\bin\release\tests.dll" id="1185b585-ef75-6544-19b0-95bea00f10c1">
      <Execution id="a828eb73-719b-436c-a64a-0a6be8753e7a" />
      <TestMethod codeBase="C:/Users/Diego/Documents/Visual Studio 2010/Projects/Uniprof/Tests/bin/Release/Tests.DLL" adapterTypeName="Microsoft.VisualStudio.TestTools.TestTypes.Unit.UnitTestAdapter, Microsoft.VisualStudio.QualityTools.Tips.UnitTest.Adapter, Version=10.0.0.0, Culture=neutral, PublicKeyToken=b03f5f7f11d50a3a" className="Tests.LineaOrdenDeCompraTDGTest, Tests, Version=1.0.0.0, Culture=neutral, PublicKeyToken=null" name="cargarLineasFacturaConRestriccionTest" />
    </UnitTest>
    <UnitTest name="GuardarPedidoTest1" storage="c:\users\diego\documents\visual studio 2010\projects\uniprof\tests\bin\release\tests.dll" id="1547d2a7-8401-4066-0421-456391521e4e">
      <Execution id="23e68a88-608f-4333-8e92-58c134fea019" />
      <TestMethod codeBase="C:/Users/Diego/Documents/Visual Studio 2010/Projects/Uniprof/Tests/bin/Release/Tests.DLL" adapterTypeName="Microsoft.VisualStudio.TestTools.TestTypes.Unit.UnitTestAdapter, Microsoft.VisualStudio.QualityTools.Tips.UnitTest.Adapter, Version=10.0.0.0, Culture=neutral, PublicKeyToken=b03f5f7f11d50a3a" className="Tests.PedidoBusinessTest, Tests, Version=1.0.0.0, Culture=neutral, PublicKeyToken=null" name="GuardarPedidoTest1" />
    </UnitTest>
    <UnitTest name="grabarProduccionOperadorTDGTest" storage="c:\users\diego\documents\visual studio 2010\projects\uniprof\tests\bin\release\tests.dll" id="bab93624-9701-4d27-3151-c1bf509e95c1">
      <Execution id="06876d0b-16fc-4233-842a-849597227f84" />
      <TestMethod codeBase="C:/Users/Diego/Documents/Visual Studio 2010/Projects/Uniprof/Tests/bin/Release/Tests.DLL" adapterTypeName="Microsoft.VisualStudio.TestTools.TestTypes.Unit.UnitTestAdapter, Microsoft.VisualStudio.QualityTools.Tips.UnitTest.Adapter, Version=10.0.0.0, Culture=neutral, PublicKeyToken=b03f5f7f11d50a3a" className="Tests.ProduccionOperadorTDGTest, Tests, Version=1.0.0.0, Culture=neutral, PublicKeyToken=null" name="grabarProduccionOperadorTDGTest" />
    </UnitTest>
    <UnitTest name="actualizarMovimientoTest" storage="c:\users\diego\documents\visual studio 2010\projects\uniprof\tests\bin\release\tests.dll" id="3cd1a5b2-2061-12b0-4cbc-6da8d643a9e8">
      <Execution id="b651da31-b229-4169-9e69-656d5a07a52a" />
      <TestMethod codeBase="C:/Users/Diego/Documents/Visual Studio 2010/Projects/Uniprof/Tests/bin/Release/Tests.DLL" adapterTypeName="Microsoft.VisualStudio.TestTools.TestTypes.Unit.UnitTestAdapter, Microsoft.VisualStudio.QualityTools.Tips.UnitTest.Adapter, Version=10.0.0.0, Culture=neutral, PublicKeyToken=b03f5f7f11d50a3a" className="Tests.MovimientoCuentaProveedorRepositorioTest, Tests, Version=1.0.0.0, Culture=neutral, PublicKeyToken=null" name="actualizarMovimientoTest" />
    </UnitTest>
    <UnitTest name="listarFacturasPorIdTest" storage="c:\users\diego\documents\visual studio 2010\projects\uniprof\tests\bin\release\tests.dll" id="c6a2f7ad-0298-580e-2fa3-bbb6c9b28898">
      <Execution id="ece4674c-d7a0-467c-b8cc-fb2ac4cd9591" />
      <TestMethod codeBase="C:/Users/Diego/Documents/Visual Studio 2010/Projects/Uniprof/Tests/bin/Release/Tests.DLL" adapterTypeName="Microsoft.VisualStudio.TestTools.TestTypes.Unit.UnitTestAdapter, Microsoft.VisualStudio.QualityTools.Tips.UnitTest.Adapter, Version=10.0.0.0, Culture=neutral, PublicKeyToken=b03f5f7f11d50a3a" className="Tests.FacturaRepositorioTest, Tests, Version=1.0.0.0, Culture=neutral, PublicKeyToken=null" name="listarFacturasPorIdTest" />
    </UnitTest>
    <UnitTest name="modificarTest" storage="c:\users\diego\documents\visual studio 2010\projects\uniprof\tests\bin\release\tests.dll" id="13496ae0-c24c-3fcb-7178-2789fe5b49ef">
      <Execution id="76baaeb6-554e-4ab4-92c4-c66629f6a5ff" />
      <TestMethod codeBase="C:/Users/Diego/Documents/Visual Studio 2010/Projects/Uniprof/Tests/bin/Release/Tests.DLL" adapterTypeName="Microsoft.VisualStudio.TestTools.TestTypes.Unit.UnitTestAdapter, Microsoft.VisualStudio.QualityTools.Tips.UnitTest.Adapter, Version=10.0.0.0, Culture=neutral, PublicKeyToken=b03f5f7f11d50a3a" className="Tests.ConversacionRepositorioTest, Tests, Version=1.0.0.0, Culture=neutral, PublicKeyToken=null" name="modificarTest" />
    </UnitTest>
    <UnitTest name="borrarArticulosTest" storage="c:\users\diego\documents\visual studio 2010\projects\uniprof\tests\bin\release\tests.dll" id="14276aa4-72b7-f96c-4fe9-e83b20c4c391">
      <Execution id="fdda0bc5-7f77-4634-9993-e1e2c8314530" />
      <TestMethod codeBase="C:/Users/Diego/Documents/Visual Studio 2010/Projects/Uniprof/Tests/bin/Release/Tests.DLL" adapterTypeName="Microsoft.VisualStudio.TestTools.TestTypes.Unit.UnitTestAdapter, Microsoft.VisualStudio.QualityTools.Tips.UnitTest.Adapter, Version=10.0.0.0, Culture=neutral, PublicKeyToken=b03f5f7f11d50a3a" className="Tests.ArticuloTDGTest, Tests, Version=1.0.0.0, Culture=neutral, PublicKeyToken=null" name="borrarArticulosTest" />
    </UnitTest>
    <UnitTest name="borrarTest" storage="c:\users\diego\documents\visual studio 2010\projects\uniprof\tests\bin\release\tests.dll" id="cb68f00e-cb19-bf47-0657-80219e1c9cfa">
      <Execution id="80cc52bc-5fa6-4c88-b4c2-c179780621bd" />
      <TestMethod codeBase="C:/Users/Diego/Documents/Visual Studio 2010/Projects/Uniprof/Tests/bin/Release/Tests.DLL" adapterTypeName="Microsoft.VisualStudio.TestTools.TestTypes.Unit.UnitTestAdapter, Microsoft.VisualStudio.QualityTools.Tips.UnitTest.Adapter, Version=10.0.0.0, Culture=neutral, PublicKeyToken=b03f5f7f11d50a3a" className="Tests.MensajeRepositorioTest, Tests, Version=1.0.0.0, Culture=neutral, PublicKeyToken=null" name="borrarTest" />
    </UnitTest>
    <UnitTest name="listarArticulosTest" storage="c:\users\diego\documents\visual studio 2010\projects\uniprof\tests\bin\release\tests.dll" id="62f6b994-f314-dfaa-2382-4b70b0820150">
      <Execution id="e6e3ca22-f247-4341-b3a4-3015e886d613" />
      <TestMethod codeBase="C:/Users/Diego/Documents/Visual Studio 2010/Projects/Uniprof/Tests/bin/Release/Tests.DLL" adapterTypeName="Microsoft.VisualStudio.TestTools.TestTypes.Unit.UnitTestAdapter, Microsoft.VisualStudio.QualityTools.Tips.UnitTest.Adapter, Version=10.0.0.0, Culture=neutral, PublicKeyToken=b03f5f7f11d50a3a" className="Tests.ArticuloBusinessTest, Tests, Version=1.0.0.0, Culture=neutral, PublicKeyToken=null" name="listarArticulosTest" />
    </UnitTest>
    <UnitTest name="borrarLineaTest" storage="c:\users\diego\documents\visual studio 2010\projects\uniprof\tests\bin\release\tests.dll" id="954c6542-5669-95f4-2fc5-a01c436de193">
      <Execution id="87bb0966-67f2-4b3c-86e7-837ed9914dad" />
      <TestMethod codeBase="C:/Users/Diego/Documents/Visual Studio 2010/Projects/Uniprof/Tests/bin/Release/Tests.DLL" adapterTypeName="Microsoft.VisualStudio.TestTools.TestTypes.Unit.UnitTestAdapter, Microsoft.VisualStudio.QualityTools.Tips.UnitTest.Adapter, Version=10.0.0.0, Culture=neutral, PublicKeyToken=b03f5f7f11d50a3a" className="Tests.LineaOrdenDeCompraTDGTest, Tests, Version=1.0.0.0, Culture=neutral, PublicKeyToken=null" name="borrarLineaTest" />
    </UnitTest>
    <UnitTest name="grabarProduccionTest" storage="c:\users\diego\documents\visual studio 2010\projects\uniprof\tests\bin\release\tests.dll" id="280aded5-68b9-b810-9a8e-34bdb568fac8">
      <Execution id="865400b5-55cc-49ba-9aa8-a6125225d63f" />
      <TestMethod codeBase="C:/Users/Diego/Documents/Visual Studio 2010/Projects/Uniprof/Tests/bin/Release/Tests.DLL" adapterTypeName="Microsoft.VisualStudio.TestTools.TestTypes.Unit.UnitTestAdapter, Microsoft.VisualStudio.QualityTools.Tips.UnitTest.Adapter, Version=10.0.0.0, Culture=neutral, PublicKeyToken=b03f5f7f11d50a3a" className="Tests.ProduccionBusinessTest, Tests, Version=1.0.0.0, Culture=neutral, PublicKeyToken=null" name="grabarProduccionTest" />
    </UnitTest>
    <UnitTest name="listarMovimientosTest" storage="c:\users\diego\documents\visual studio 2010\projects\uniprof\tests\bin\release\tests.dll" id="3d5d4690-413e-480e-9909-702cf88399dd">
      <Execution id="0e1eeb13-f9c5-4502-b4fc-37214aa8a7ca" />
      <TestMethod codeBase="C:/Users/Diego/Documents/Visual Studio 2010/Projects/Uniprof/Tests/bin/Release/Tests.DLL" adapterTypeName="Microsoft.VisualStudio.TestTools.TestTypes.Unit.UnitTestAdapter, Microsoft.VisualStudio.QualityTools.Tips.UnitTest.Adapter, Version=10.0.0.0, Culture=neutral, PublicKeyToken=b03f5f7f11d50a3a" className="Tests.MovimientoCuentaProveedorRepositorioTest, Tests, Version=1.0.0.0, Culture=neutral, PublicKeyToken=null" name="listarMovimientosTest" />
    </UnitTest>
    <UnitTest name="buscarNewsletterParaEnviarTest" storage="c:\users\diego\documents\visual studio 2010\projects\uniprof\tests\bin\release\tests.dll" id="bde72f4f-f66e-49e5-5a7f-f0f6283a032f">
      <Execution id="1401da94-9ed4-48a1-8e0c-01e5232ddef8" />
      <TestMethod codeBase="C:/Users/Diego/Documents/Visual Studio 2010/Projects/Uniprof/Tests/bin/Release/Tests.DLL" adapterTypeName="Microsoft.VisualStudio.TestTools.TestTypes.Unit.UnitTestAdapter, Microsoft.VisualStudio.QualityTools.Tips.UnitTest.Adapter, Version=10.0.0.0, Culture=neutral, PublicKeyToken=b03f5f7f11d50a3a" className="Tests.NewsletterBusinessTest, Tests, Version=1.0.0.0, Culture=neutral, PublicKeyToken=null" name="buscarNewsletterParaEnviarTest" />
    </UnitTest>
    <UnitTest name="crearUsuarioTest" storage="c:\users\diego\documents\visual studio 2010\projects\uniprof\tests\bin\release\tests.dll" id="179d28ef-c565-5c45-d785-59f1a0626295">
      <Execution id="0ecae3f9-918d-4f07-b8d5-9f197b69cb3e" />
      <TestMethod codeBase="C:/Users/Diego/Documents/Visual Studio 2010/Projects/Uniprof/Tests/bin/Release/Tests.DLL" adapterTypeName="Microsoft.VisualStudio.TestTools.TestTypes.Unit.UnitTestAdapter, Microsoft.VisualStudio.QualityTools.Tips.UnitTest.Adapter, Version=10.0.0.0, Culture=neutral, PublicKeyToken=b03f5f7f11d50a3a" className="Tests.UsuarioBusinessTest, Tests, Version=1.0.0.0, Culture=neutral, PublicKeyToken=null" name="crearUsuarioTest" />
    </UnitTest>
    <UnitTest name="buscarColorConRestriccionesTest" storage="c:\users\diego\documents\visual studio 2010\projects\uniprof\tests\bin\release\tests.dll" id="e8b1e8f2-7674-bb72-605f-9a7a2bc1bfee">
      <Execution id="426a5c3c-74f2-4752-a6a4-f60adacb42cc" />
      <TestMethod codeBase="C:/Users/Diego/Documents/Visual Studio 2010/Projects/Uniprof/Tests/bin/Release/Tests.DLL" adapterTypeName="Microsoft.VisualStudio.TestTools.TestTypes.Unit.UnitTestAdapter, Microsoft.VisualStudio.QualityTools.Tips.UnitTest.Adapter, Version=10.0.0.0, Culture=neutral, PublicKeyToken=b03f5f7f11d50a3a" className="Tests.ColorTDGTest, Tests, Version=1.0.0.0, Culture=neutral, PublicKeyToken=null" name="buscarColorConRestriccionesTest" />
    </UnitTest>
    <UnitTest name="buscarNewsletterParaEnviarTest" storage="c:\users\diego\documents\visual studio 2010\projects\uniprof\tests\bin\release\tests.dll" id="e3f85f2f-8bca-7a73-722e-520143b3f21d">
      <Execution id="74db5312-a13f-4458-827a-69c26595de4f" />
      <TestMethod codeBase="C:/Users/Diego/Documents/Visual Studio 2010/Projects/Uniprof/Tests/bin/Release/Tests.DLL" adapterTypeName="Microsoft.VisualStudio.TestTools.TestTypes.Unit.UnitTestAdapter, Microsoft.VisualStudio.QualityTools.Tips.UnitTest.Adapter, Version=10.0.0.0, Culture=neutral, PublicKeyToken=b03f5f7f11d50a3a" className="Tests.NewsletterRepositorioTest, Tests, Version=1.0.0.0, Culture=neutral, PublicKeyToken=null" name="buscarNewsletterParaEnviarTest" />
    </UnitTest>
    <UnitTest name="borrarProduccionOperadorTest" storage="c:\users\diego\documents\visual studio 2010\projects\uniprof\tests\bin\release\tests.dll" id="46319d74-a59b-cb4c-c42c-91de192140ab">
      <Execution id="a0fc2dea-e51f-463a-a476-855134c5efcb" />
      <TestMethod codeBase="C:/Users/Diego/Documents/Visual Studio 2010/Projects/Uniprof/Tests/bin/Release/Tests.DLL" adapterTypeName="Microsoft.VisualStudio.TestTools.TestTypes.Unit.UnitTestAdapter, Microsoft.VisualStudio.QualityTools.Tips.UnitTest.Adapter, Version=10.0.0.0, Culture=neutral, PublicKeyToken=b03f5f7f11d50a3a" className="Tests.ProduccionOperadorTDGTest, Tests, Version=1.0.0.0, Culture=neutral, PublicKeyToken=null" name="borrarProduccionOperadorTest" />
    </UnitTest>
    <UnitTest name="listarOpinionesTest" storage="c:\users\diego\documents\visual studio 2010\projects\uniprof\tests\bin\release\tests.dll" id="eda2ca79-f409-f699-6d33-a3da45e5d953">
      <Execution id="19ec021f-b3d1-4994-bcef-8d4a2a2b3af3" />
      <TestMethod codeBase="C:/Users/Diego/Documents/Visual Studio 2010/Projects/Uniprof/Tests/bin/Release/Tests.DLL" adapterTypeName="Microsoft.VisualStudio.TestTools.TestTypes.Unit.UnitTestAdapter, Microsoft.VisualStudio.QualityTools.Tips.UnitTest.Adapter, Version=10.0.0.0, Culture=neutral, PublicKeyToken=b03f5f7f11d50a3a" className="Tests.OpinionRepositorioTest, Tests, Version=1.0.0.0, Culture=neutral, PublicKeyToken=null" name="listarOpinionesTest" />
    </UnitTest>
    <UnitTest name="buscarArticulosPorCodigoTest" storage="c:\users\diego\documents\visual studio 2010\projects\uniprof\tests\bin\release\tests.dll" id="dde12295-d4b5-9724-4e8c-04bf282ca24f">
      <Execution id="abb5f64a-4f7e-4d33-93ec-a34f783ab52f" />
      <TestMethod codeBase="C:/Users/Diego/Documents/Visual Studio 2010/Projects/Uniprof/Tests/bin/Release/Tests.DLL" adapterTypeName="Microsoft.VisualStudio.TestTools.TestTypes.Unit.UnitTestAdapter, Microsoft.VisualStudio.QualityTools.Tips.UnitTest.Adapter, Version=10.0.0.0, Culture=neutral, PublicKeyToken=b03f5f7f11d50a3a" className="Tests.ArticuloRepositorioTest, Tests, Version=1.0.0.0, Culture=neutral, PublicKeyToken=null" name="buscarArticulosPorCodigoTest" />
    </UnitTest>
    <UnitTest name="listarProveedoresTest" storage="c:\users\diego\documents\visual studio 2010\projects\uniprof\tests\bin\release\tests.dll" id="1f993eef-b5ac-3548-c940-f219e4216d75">
      <Execution id="38ee3ad8-0adb-47e8-ac22-87a0d79da57c" />
      <TestMethod codeBase="C:/Users/Diego/Documents/Visual Studio 2010/Projects/Uniprof/Tests/bin/Release/Tests.DLL" adapterTypeName="Microsoft.VisualStudio.TestTools.TestTypes.Unit.UnitTestAdapter, Microsoft.VisualStudio.QualityTools.Tips.UnitTest.Adapter, Version=10.0.0.0, Culture=neutral, PublicKeyToken=b03f5f7f11d50a3a" className="Tests.ProveedorRepositorioTest, Tests, Version=1.0.0.0, Culture=neutral, PublicKeyToken=null" name="listarProveedoresTest" />
    </UnitTest>
    <UnitTest name="listarArticulosPorPrendaTest" storage="c:\users\diego\documents\visual studio 2010\projects\uniprof\tests\bin\release\tests.dll" id="b942b6d6-f408-1783-9c4d-ef179ac5d56f">
      <Execution id="1ed6d6cb-5ba3-468e-86f8-72c4e2d64a8d" />
      <TestMethod codeBase="C:/Users/Diego/Documents/Visual Studio 2010/Projects/Uniprof/Tests/bin/Release/Tests.DLL" adapterTypeName="Microsoft.VisualStudio.TestTools.TestTypes.Unit.UnitTestAdapter, Microsoft.VisualStudio.QualityTools.Tips.UnitTest.Adapter, Version=10.0.0.0, Culture=neutral, PublicKeyToken=b03f5f7f11d50a3a" className="Tests.ArticuloBusinessTest, Tests, Version=1.0.0.0, Culture=neutral, PublicKeyToken=null" name="listarArticulosPorPrendaTest" />
    </UnitTest>
    <UnitTest name="modificarMovimientosClienteTest" storage="c:\users\diego\documents\visual studio 2010\projects\uniprof\tests\bin\release\tests.dll" id="c40068e0-385e-bf45-abe2-9f61f6d3993f">
      <Execution id="def44603-5794-4d4b-807c-8cc211bc16cb" />
      <TestMethod codeBase="C:/Users/Diego/Documents/Visual Studio 2010/Projects/Uniprof/Tests/bin/Release/Tests.DLL" adapterTypeName="Microsoft.VisualStudio.TestTools.TestTypes.Unit.UnitTestAdapter, Microsoft.VisualStudio.QualityTools.Tips.UnitTest.Adapter, Version=10.0.0.0, Culture=neutral, PublicKeyToken=b03f5f7f11d50a3a" className="Tests.MovimientoCuentaProveedorTDGTest, Tests, Version=1.0.0.0, Culture=neutral, PublicKeyToken=null" name="modificarMovimientosClienteTest" />
    </UnitTest>
    <UnitTest name="buscarTipoCuentaPorIdTest" storage="c:\users\diego\documents\visual studio 2010\projects\uniprof\tests\bin\release\tests.dll" id="a5adf3df-a9f8-2832-66ba-f690ea4581d6">
      <Execution id="c37b8aca-b7eb-466a-8e13-73e572ab1c91" />
      <TestMethod codeBase="C:/Users/Diego/Documents/Visual Studio 2010/Projects/Uniprof/Tests/bin/Release/Tests.DLL" adapterTypeName="Microsoft.VisualStudio.TestTools.TestTypes.Unit.UnitTestAdapter, Microsoft.VisualStudio.QualityTools.Tips.UnitTest.Adapter, Version=10.0.0.0, Culture=neutral, PublicKeyToken=b03f5f7f11d50a3a" className="Tests.CuentaTDGTest, Tests, Version=1.0.0.0, Culture=neutral, PublicKeyToken=null" name="buscarTipoCuentaPorIdTest" />
    </UnitTest>
    <UnitTest name="modificarInsumoTest" storage="c:\users\diego\documents\visual studio 2010\projects\uniprof\tests\bin\release\tests.dll" id="59ac30e1-edc3-3193-83d1-44bf47baeaf4">
      <Execution id="816dbd9a-e2f9-414b-ba6c-26b291d4092c" />
      <TestMethod codeBase="C:/Users/Diego/Documents/Visual Studio 2010/Projects/Uniprof/Tests/bin/Release/Tests.DLL" adapterTypeName="Microsoft.VisualStudio.TestTools.TestTypes.Unit.UnitTestAdapter, Microsoft.VisualStudio.QualityTools.Tips.UnitTest.Adapter, Version=10.0.0.0, Culture=neutral, PublicKeyToken=b03f5f7f11d50a3a" className="Tests.InsumoTDGTest, Tests, Version=1.0.0.0, Culture=neutral, PublicKeyToken=null" name="modificarInsumoTest" />
    </UnitTest>
    <UnitTest name="grabarMensajeTest" storage="c:\users\diego\documents\visual studio 2010\projects\uniprof\tests\bin\release\tests.dll" id="29f0136c-6b94-67a3-1d98-7e9ef56e0b01">
      <Execution id="7a25789d-fa5b-483b-84a2-8730f3e8126d" />
      <TestMethod codeBase="C:/Users/Diego/Documents/Visual Studio 2010/Projects/Uniprof/Tests/bin/Release/Tests.DLL" adapterTypeName="Microsoft.VisualStudio.TestTools.TestTypes.Unit.UnitTestAdapter, Microsoft.VisualStudio.QualityTools.Tips.UnitTest.Adapter, Version=10.0.0.0, Culture=neutral, PublicKeyToken=b03f5f7f11d50a3a" className="Tests.ConversacionTDGTest, Tests, Version=1.0.0.0, Culture=neutral, PublicKeyToken=null" name="grabarMensajeTest" />
    </UnitTest>
    <UnitTest name="buscarPedidoPorCodigoTest" storage="c:\users\diego\documents\visual studio 2010\projects\uniprof\tests\bin\release\tests.dll" id="13283e1a-ebd5-2811-9974-2614dbf7730f">
      <Execution id="4fc2de35-d182-4902-9928-e1d282846885" />
      <TestMethod codeBase="C:/Users/Diego/Documents/Visual Studio 2010/Projects/Uniprof/Tests/bin/Release/Tests.DLL" adapterTypeName="Microsoft.VisualStudio.TestTools.TestTypes.Unit.UnitTestAdapter, Microsoft.VisualStudio.QualityTools.Tips.UnitTest.Adapter, Version=10.0.0.0, Culture=neutral, PublicKeyToken=b03f5f7f11d50a3a" className="Tests.PedidoRepositorioTest, Tests, Version=1.0.0.0, Culture=neutral, PublicKeyToken=null" name="buscarPedidoPorCodigoTest" />
    </UnitTest>
    <UnitTest name="borrarOperadorTest" storage="c:\users\diego\documents\visual studio 2010\projects\uniprof\tests\bin\release\tests.dll" id="85ca884d-a763-a279-970a-decd7d2ef2e7">
      <Execution id="2ecea341-196a-41a8-8b14-18170584ff4f" />
      <TestMethod codeBase="C:/Users/Diego/Documents/Visual Studio 2010/Projects/Uniprof/Tests/bin/Release/Tests.DLL" adapterTypeName="Microsoft.VisualStudio.TestTools.TestTypes.Unit.UnitTestAdapter, Microsoft.VisualStudio.QualityTools.Tips.UnitTest.Adapter, Version=10.0.0.0, Culture=neutral, PublicKeyToken=b03f5f7f11d50a3a" className="Tests.OperadorTDGTest, Tests, Version=1.0.0.0, Culture=neutral, PublicKeyToken=null" name="borrarOperadorTest" />
    </UnitTest>
    <UnitTest name="cargarLineasPorFacturaTest" storage="c:\users\diego\documents\visual studio 2010\projects\uniprof\tests\bin\release\tests.dll" id="79432a3c-09ad-494a-94b0-409081b91296">
      <Execution id="354fdd8e-e443-482d-ad2e-6707db44c1b7" />
      <TestMethod codeBase="C:/Users/Diego/Documents/Visual Studio 2010/Projects/Uniprof/Tests/bin/Release/Tests.DLL" adapterTypeName="Microsoft.VisualStudio.TestTools.TestTypes.Unit.UnitTestAdapter, Microsoft.VisualStudio.QualityTools.Tips.UnitTest.Adapter, Version=10.0.0.0, Culture=neutral, PublicKeyToken=b03f5f7f11d50a3a" className="Tests.LineaFacturaRepostorioTest, Tests, Version=1.0.0.0, Culture=neutral, PublicKeyToken=null" name="cargarLineasPorFacturaTest" />
    </UnitTest>
    <UnitTest name="listarPedidosPorClienteTest" storage="c:\users\diego\documents\visual studio 2010\projects\uniprof\tests\bin\release\tests.dll" id="66a338ec-66f0-37fa-1bf3-601efb395594">
      <Execution id="aa675cd0-db26-4f25-a27e-882c7a4040ac" />
      <TestMethod codeBase="C:/Users/Diego/Documents/Visual Studio 2010/Projects/Uniprof/Tests/bin/Release/Tests.DLL" adapterTypeName="Microsoft.VisualStudio.TestTools.TestTypes.Unit.UnitTestAdapter, Microsoft.VisualStudio.QualityTools.Tips.UnitTest.Adapter, Version=10.0.0.0, Culture=neutral, PublicKeyToken=b03f5f7f11d50a3a" className="Tests.PedidoRepositorioTest, Tests, Version=1.0.0.0, Culture=neutral, PublicKeyToken=null" name="listarPedidosPorClienteTest" />
    </UnitTest>
    <UnitTest name="listarUsuariosTest" storage="c:\users\diego\documents\visual studio 2010\projects\uniprof\tests\bin\release\tests.dll" id="7f31f25c-e328-77fa-dde7-0ee6e5a7e366">
      <Execution id="339975e7-73b3-4f84-bebe-e879f92216b0" />
      <TestMethod codeBase="C:/Users/Diego/Documents/Visual Studio 2010/Projects/Uniprof/Tests/bin/Release/Tests.DLL" adapterTypeName="Microsoft.VisualStudio.TestTools.TestTypes.Unit.UnitTestAdapter, Microsoft.VisualStudio.QualityTools.Tips.UnitTest.Adapter, Version=10.0.0.0, Culture=neutral, PublicKeyToken=b03f5f7f11d50a3a" className="Tests.UsuarioRepositorioTest, Tests, Version=1.0.0.0, Culture=neutral, PublicKeyToken=null" name="listarUsuariosTest" />
    </UnitTest>
    <UnitTest name="buscarProveedoresPorNombreTest" storage="c:\users\diego\documents\visual studio 2010\projects\uniprof\tests\bin\release\tests.dll" id="723aff45-3bd6-6949-d938-d2ccbc2f388d">
      <Execution id="6feef18f-eb49-4ef8-b465-5d77afa68c2d" />
      <TestMethod codeBase="C:/Users/Diego/Documents/Visual Studio 2010/Projects/Uniprof/Tests/bin/Release/Tests.DLL" adapterTypeName="Microsoft.VisualStudio.TestTools.TestTypes.Unit.UnitTestAdapter, Microsoft.VisualStudio.QualityTools.Tips.UnitTest.Adapter, Version=10.0.0.0, Culture=neutral, PublicKeyToken=b03f5f7f11d50a3a" className="Tests.ProveedorRepositorioTest, Tests, Version=1.0.0.0, Culture=neutral, PublicKeyToken=null" name="buscarProveedoresPorNombreTest" />
    </UnitTest>
    <UnitTest name="cargarFamiliasPorIdTest" storage="c:\users\diego\documents\visual studio 2010\projects\uniprof\tests\bin\release\tests.dll" id="2c93c645-adc5-bb40-79d7-b39e8ca0fa8c">
      <Execution id="11e936b6-9d1a-4354-8605-3a8d84d3dca3" />
      <TestMethod codeBase="C:/Users/Diego/Documents/Visual Studio 2010/Projects/Uniprof/Tests/bin/Release/Tests.DLL" adapterTypeName="Microsoft.VisualStudio.TestTools.TestTypes.Unit.UnitTestAdapter, Microsoft.VisualStudio.QualityTools.Tips.UnitTest.Adapter, Version=10.0.0.0, Culture=neutral, PublicKeyToken=b03f5f7f11d50a3a" className="Tests.FamiliaTDGTest, Tests, Version=1.0.0.0, Culture=neutral, PublicKeyToken=null" name="cargarFamiliasPorIdTest" />
    </UnitTest>
    <UnitTest name="listarArticulosPorDiseñoTest" storage="c:\users\diego\documents\visual studio 2010\projects\uniprof\tests\bin\release\tests.dll" id="f55d90a1-1701-8dfe-c19c-fedfde1208d9">
      <Execution id="d7d9cca8-6d50-49ef-b66c-64b2cfce6c6b" />
      <TestMethod codeBase="C:/Users/Diego/Documents/Visual Studio 2010/Projects/Uniprof/Tests/bin/Release/Tests.DLL" adapterTypeName="Microsoft.VisualStudio.TestTools.TestTypes.Unit.UnitTestAdapter, Microsoft.VisualStudio.QualityTools.Tips.UnitTest.Adapter, Version=10.0.0.0, Culture=neutral, PublicKeyToken=b03f5f7f11d50a3a" className="Tests.ArticuloRepositorioTest, Tests, Version=1.0.0.0, Culture=neutral, PublicKeyToken=null" name="listarArticulosPorDiseñoTest" />
    </UnitTest>
    <UnitTest name="buscarPorDescripcionTest" storage="c:\users\diego\documents\visual studio 2010\projects\uniprof\tests\bin\release\tests.dll" id="4d891028-ff30-5474-0c6f-59e839f50717">
      <Execution id="8cda3b8a-bb1b-4c55-9c86-d6a7ea126fb2" />
      <TestMethod codeBase="C:/Users/Diego/Documents/Visual Studio 2010/Projects/Uniprof/Tests/bin/Release/Tests.DLL" adapterTypeName="Microsoft.VisualStudio.TestTools.TestTypes.Unit.UnitTestAdapter, Microsoft.VisualStudio.QualityTools.Tips.UnitTest.Adapter, Version=10.0.0.0, Culture=neutral, PublicKeyToken=b03f5f7f11d50a3a" className="Tests.TipoMovimientoTDGTest, Tests, Version=1.0.0.0, Culture=neutral, PublicKeyToken=null" name="buscarPorDescripcionTest" />
    </UnitTest>
    <UnitTest name="cargarDiseñosTest" storage="c:\users\diego\documents\visual studio 2010\projects\uniprof\tests\bin\release\tests.dll" id="07a2548d-4241-58e9-0562-3d619b418bbb">
      <Execution id="7dd98192-eed8-4124-89b6-8b6dbc5d06d4" />
      <TestMethod codeBase="C:/Users/Diego/Documents/Visual Studio 2010/Projects/Uniprof/Tests/bin/Release/Tests.DLL" adapterTypeName="Microsoft.VisualStudio.TestTools.TestTypes.Unit.UnitTestAdapter, Microsoft.VisualStudio.QualityTools.Tips.UnitTest.Adapter, Version=10.0.0.0, Culture=neutral, PublicKeyToken=b03f5f7f11d50a3a" className="Tests.DiseñoTDGTest, Tests, Version=1.0.0.0, Culture=neutral, PublicKeyToken=null" name="cargarDiseñosTest" />
    </UnitTest>
    <UnitTest name="guardarFamiliaTest" storage="c:\users\diego\documents\visual studio 2010\projects\uniprof\tests\bin\release\tests.dll" id="96e75478-d13a-94b1-f4d7-4e30153efd6b">
      <Execution id="df5a8159-fe46-43a9-8206-c4300cb547ba" />
      <TestMethod codeBase="C:/Users/Diego/Documents/Visual Studio 2010/Projects/Uniprof/Tests/bin/Release/Tests.DLL" adapterTypeName="Microsoft.VisualStudio.TestTools.TestTypes.Unit.UnitTestAdapter, Microsoft.VisualStudio.QualityTools.Tips.UnitTest.Adapter, Version=10.0.0.0, Culture=neutral, PublicKeyToken=b03f5f7f11d50a3a" className="Tests.FamiliaBusinessTest, Tests, Version=1.0.0.0, Culture=neutral, PublicKeyToken=null" name="guardarFamiliaTest" />
    </UnitTest>
    <UnitTest name="modificarTest" storage="c:\users\diego\documents\visual studio 2010\projects\uniprof\tests\bin\release\tests.dll" id="4d2a8d5b-b176-00fc-503a-b6acea4e399d">
      <Execution id="a1fdfb8a-67be-4705-999f-bbdfa368be42" />
      <TestMethod codeBase="C:/Users/Diego/Documents/Visual Studio 2010/Projects/Uniprof/Tests/bin/Release/Tests.DLL" adapterTypeName="Microsoft.VisualStudio.TestTools.TestTypes.Unit.UnitTestAdapter, Microsoft.VisualStudio.QualityTools.Tips.UnitTest.Adapter, Version=10.0.0.0, Culture=neutral, PublicKeyToken=b03f5f7f11d50a3a" className="Tests.MensajeRepositorioTest, Tests, Version=1.0.0.0, Culture=neutral, PublicKeyToken=null" name="modificarTest" />
    </UnitTest>
    <UnitTest name="actualizarTest" storage="c:\users\diego\documents\visual studio 2010\projects\uniprof\tests\bin\release\tests.dll" id="a85e6fd4-de45-4652-f9ef-c22afc1ca0bf">
      <Execution id="bf8a3b0e-d791-4cc5-9180-b3bc17084616" />
      <TestMethod codeBase="C:/Users/Diego/Documents/Visual Studio 2010/Projects/Uniprof/Tests/bin/Release/Tests.DLL" adapterTypeName="Microsoft.VisualStudio.TestTools.TestTypes.Unit.UnitTestAdapter, Microsoft.VisualStudio.QualityTools.Tips.UnitTest.Adapter, Version=10.0.0.0, Culture=neutral, PublicKeyToken=b03f5f7f11d50a3a" className="Tests.ProveedorBusinessTest, Tests, Version=1.0.0.0, Culture=neutral, PublicKeyToken=null" name="actualizarTest" />
    </UnitTest>
    <UnitTest name="listarNewsletterTest" storage="c:\users\diego\documents\visual studio 2010\projects\uniprof\tests\bin\release\tests.dll" id="776c9b88-b138-d6aa-dd32-a876a9437025">
      <Execution id="2c20580e-98c5-45b0-ae57-362a77409aa9" />
      <TestMethod codeBase="C:/Users/Diego/Documents/Visual Studio 2010/Projects/Uniprof/Tests/bin/Release/Tests.DLL" adapterTypeName="Microsoft.VisualStudio.TestTools.TestTypes.Unit.UnitTestAdapter, Microsoft.VisualStudio.QualityTools.Tips.UnitTest.Adapter, Version=10.0.0.0, Culture=neutral, PublicKeyToken=b03f5f7f11d50a3a" className="Tests.NewsletterBusinessTest, Tests, Version=1.0.0.0, Culture=neutral, PublicKeyToken=null" name="listarNewsletterTest" />
    </UnitTest>
    <UnitTest name="listarPedidosPorClienteTest" storage="c:\users\diego\documents\visual studio 2010\projects\uniprof\tests\bin\release\tests.dll" id="82c5d364-01e4-3d1f-8a3c-419d68a3ff5f">
      <Execution id="2d4d2b3a-ac60-45fe-ac55-a39ca2d05472" />
      <TestMethod codeBase="C:/Users/Diego/Documents/Visual Studio 2010/Projects/Uniprof/Tests/bin/Release/Tests.DLL" adapterTypeName="Microsoft.VisualStudio.TestTools.TestTypes.Unit.UnitTestAdapter, Microsoft.VisualStudio.QualityTools.Tips.UnitTest.Adapter, Version=10.0.0.0, Culture=neutral, PublicKeyToken=b03f5f7f11d50a3a" className="Tests.PedidoBusinessTest, Tests, Version=1.0.0.0, Culture=neutral, PublicKeyToken=null" name="listarPedidosPorClienteTest" />
    </UnitTest>
    <UnitTest name="grabarFamiliaTest" storage="c:\users\diego\documents\visual studio 2010\projects\uniprof\tests\bin\release\tests.dll" id="edb7a5b7-9d9c-7fee-8224-ff9d0e654bf2">
      <Execution id="b78963b1-b880-495a-ba28-76330408a89f" />
      <TestMethod codeBase="C:/Users/Diego/Documents/Visual Studio 2010/Projects/Uniprof/Tests/bin/Release/Tests.DLL" adapterTypeName="Microsoft.VisualStudio.TestTools.TestTypes.Unit.UnitTestAdapter, Microsoft.VisualStudio.QualityTools.Tips.UnitTest.Adapter, Version=10.0.0.0, Culture=neutral, PublicKeyToken=b03f5f7f11d50a3a" className="Tests.FamiliaTDGTest, Tests, Version=1.0.0.0, Culture=neutral, PublicKeyToken=null" name="grabarFamiliaTest" />
    </UnitTest>
    <UnitTest name="guardarOpinionTest" storage="c:\users\diego\documents\visual studio 2010\projects\uniprof\tests\bin\release\tests.dll" id="97997216-b9cb-a346-d834-1a6abbc22200">
      <Execution id="3db794b9-3f51-4613-a94f-c0e6a6115294" />
      <TestMethod codeBase="C:/Users/Diego/Documents/Visual Studio 2010/Projects/Uniprof/Tests/bin/Release/Tests.DLL" adapterTypeName="Microsoft.VisualStudio.TestTools.TestTypes.Unit.UnitTestAdapter, Microsoft.VisualStudio.QualityTools.Tips.UnitTest.Adapter, Version=10.0.0.0, Culture=neutral, PublicKeyToken=b03f5f7f11d50a3a" className="Tests.OpinionTDGTest, Tests, Version=1.0.0.0, Culture=neutral, PublicKeyToken=null" name="guardarOpinionTest" />
    </UnitTest>
    <UnitTest name="listarOrdenDeComprasPorIdTest" storage="c:\users\diego\documents\visual studio 2010\projects\uniprof\tests\bin\release\tests.dll" id="39eb9513-2b02-9bb1-bfd3-cd5a5b8ce938">
      <Execution id="f95439a3-7430-4e16-bdc0-15c656b41bad" />
      <TestMethod codeBase="C:/Users/Diego/Documents/Visual Studio 2010/Projects/Uniprof/Tests/bin/Release/Tests.DLL" adapterTypeName="Microsoft.VisualStudio.TestTools.TestTypes.Unit.UnitTestAdapter, Microsoft.VisualStudio.QualityTools.Tips.UnitTest.Adapter, Version=10.0.0.0, Culture=neutral, PublicKeyToken=b03f5f7f11d50a3a" className="Tests.OrdenCompraRepositorioTest, Tests, Version=1.0.0.0, Culture=neutral, PublicKeyToken=null" name="listarOrdenDeComprasPorIdTest" />
    </UnitTest>
    <UnitTest name="listarMovimientosPorProveedorTest" storage="c:\users\diego\documents\visual studio 2010\projects\uniprof\tests\bin\release\tests.dll" id="aa3d2f13-ce91-e85a-b860-661244f697ca">
      <Execution id="c8292ae4-a9ec-4074-a8dd-24e51aa5f3c4" />
      <TestMethod codeBase="C:/Users/Diego/Documents/Visual Studio 2010/Projects/Uniprof/Tests/bin/Release/Tests.DLL" adapterTypeName="Microsoft.VisualStudio.TestTools.TestTypes.Unit.UnitTestAdapter, Microsoft.VisualStudio.QualityTools.Tips.UnitTest.Adapter, Version=10.0.0.0, Culture=neutral, PublicKeyToken=b03f5f7f11d50a3a" className="Tests.MovimientoProveedorBusinessTest, Tests, Version=1.0.0.0, Culture=neutral, PublicKeyToken=null" name="listarMovimientosPorProveedorTest" />
    </UnitTest>
    <UnitTest name="guardarArticuloTest" storage="c:\users\diego\documents\visual studio 2010\projects\uniprof\tests\bin\release\tests.dll" id="f8f00cb1-b7c7-8a4f-6936-45675a68da47">
      <Execution id="008f71d3-7b4b-4d91-87cd-6e4fb4133c23" />
      <TestMethod codeBase="C:/Users/Diego/Documents/Visual Studio 2010/Projects/Uniprof/Tests/bin/Release/Tests.DLL" adapterTypeName="Microsoft.VisualStudio.TestTools.TestTypes.Unit.UnitTestAdapter, Microsoft.VisualStudio.QualityTools.Tips.UnitTest.Adapter, Version=10.0.0.0, Culture=neutral, PublicKeyToken=b03f5f7f11d50a3a" className="Tests.ArticuloRepositorioTest, Tests, Version=1.0.0.0, Culture=neutral, PublicKeyToken=null" name="guardarArticuloTest" />
    </UnitTest>
    <UnitTest name="listarPedidosTest" storage="c:\users\diego\documents\visual studio 2010\projects\uniprof\tests\bin\release\tests.dll" id="a517dabf-4b66-5f3c-ac24-0d2164897c8e">
      <Execution id="ce75001c-202f-4508-8ae7-e436b42fbe54" />
      <TestMethod codeBase="C:/Users/Diego/Documents/Visual Studio 2010/Projects/Uniprof/Tests/bin/Release/Tests.DLL" adapterTypeName="Microsoft.VisualStudio.TestTools.TestTypes.Unit.UnitTestAdapter, Microsoft.VisualStudio.QualityTools.Tips.UnitTest.Adapter, Version=10.0.0.0, Culture=neutral, PublicKeyToken=b03f5f7f11d50a3a" className="Tests.PedidoRepositorioTest, Tests, Version=1.0.0.0, Culture=neutral, PublicKeyToken=null" name="listarPedidosTest" />
    </UnitTest>
    <UnitTest name="grabarPrendaTest" storage="c:\users\diego\documents\visual studio 2010\projects\uniprof\tests\bin\release\tests.dll" id="5bbb6d67-7645-c72a-0a3d-d422f73b22ec">
      <Execution id="22a4bb46-40b4-47e3-abbd-8dff5a32209c" />
      <TestMethod codeBase="C:/Users/Diego/Documents/Visual Studio 2010/Projects/Uniprof/Tests/bin/Release/Tests.DLL" adapterTypeName="Microsoft.VisualStudio.TestTools.TestTypes.Unit.UnitTestAdapter, Microsoft.VisualStudio.QualityTools.Tips.UnitTest.Adapter, Version=10.0.0.0, Culture=neutral, PublicKeyToken=b03f5f7f11d50a3a" className="Tests.TipoPrendaBusinessTest, Tests, Version=1.0.0.0, Culture=neutral, PublicKeyToken=null" name="grabarPrendaTest" />
    </UnitTest>
    <UnitTest name="actualizarMovimientoTest" storage="c:\users\diego\documents\visual studio 2010\projects\uniprof\tests\bin\release\tests.dll" id="53fb134c-9656-57a4-8598-b11e28cf481e">
      <Execution id="0a07495a-c246-4a3c-9949-cfd09e628e1b" />
      <TestMethod codeBase="C:/Users/Diego/Documents/Visual Studio 2010/Projects/Uniprof/Tests/bin/Release/Tests.DLL" adapterTypeName="Microsoft.VisualStudio.TestTools.TestTypes.Unit.UnitTestAdapter, Microsoft.VisualStudio.QualityTools.Tips.UnitTest.Adapter, Version=10.0.0.0, Culture=neutral, PublicKeyToken=b03f5f7f11d50a3a" className="Tests.MovimientoProveedorBusinessTest, Tests, Version=1.0.0.0, Culture=neutral, PublicKeyToken=null" name="actualizarMovimientoTest" />
    </UnitTest>
    <UnitTest name="DataAccesObjectConstructorTest" storage="c:\users\diego\documents\visual studio 2010\projects\uniprof\tests\bin\release\tests.dll" id="d2ff731c-908c-96c5-902b-39b6c7e680d7">
      <Execution id="d083999e-7ed0-45b9-9ba2-6e1839684621" />
      <TestMethod codeBase="C:/Users/Diego/Documents/Visual Studio 2010/Projects/Uniprof/Tests/bin/Release/Tests.DLL" adapterTypeName="Microsoft.VisualStudio.TestTools.TestTypes.Unit.UnitTestAdapter, Microsoft.VisualStudio.QualityTools.Tips.UnitTest.Adapter, Version=10.0.0.0, Culture=neutral, PublicKeyToken=b03f5f7f11d50a3a" className="Tests.DataAccesObjectTest, Tests, Version=1.0.0.0, Culture=neutral, PublicKeyToken=null" name="DataAccesObjectConstructorTest" />
    </UnitTest>
    <UnitTest name="actualizarPedidoTest" storage="c:\users\diego\documents\visual studio 2010\projects\uniprof\tests\bin\release\tests.dll" id="a80088bc-1bb3-9447-8317-64a7363d3cfe">
      <Execution id="b45e1386-99fc-413e-904e-3899f893b508" />
      <TestMethod codeBase="C:/Users/Diego/Documents/Visual Studio 2010/Projects/Uniprof/Tests/bin/Release/Tests.DLL" adapterTypeName="Microsoft.VisualStudio.TestTools.TestTypes.Unit.UnitTestAdapter, Microsoft.VisualStudio.QualityTools.Tips.UnitTest.Adapter, Version=10.0.0.0, Culture=neutral, PublicKeyToken=b03f5f7f11d50a3a" className="Tests.PedidoBusinessTest, Tests, Version=1.0.0.0, Culture=neutral, PublicKeyToken=null" name="actualizarPedidoTest" />
    </UnitTest>
    <UnitTest name="cargarFamiliaTest" storage="c:\users\diego\documents\visual studio 2010\projects\uniprof\tests\bin\release\tests.dll" id="882cbeee-1641-823c-0b10-58aeb9cabf93">
      <Execution id="53334842-6921-4912-a7af-4f3c4722fb26" />
      <TestMethod codeBase="C:/Users/Diego/Documents/Visual Studio 2010/Projects/Uniprof/Tests/bin/Release/Tests.DLL" adapterTypeName="Microsoft.VisualStudio.TestTools.TestTypes.Unit.UnitTestAdapter, Microsoft.VisualStudio.QualityTools.Tips.UnitTest.Adapter, Version=10.0.0.0, Culture=neutral, PublicKeyToken=b03f5f7f11d50a3a" className="Tests.FamiliaBusinessTest, Tests, Version=1.0.0.0, Culture=neutral, PublicKeyToken=null" name="cargarFamiliaTest" />
    </UnitTest>
    <UnitTest name="buscarPrendasPorIDTest" storage="c:\users\diego\documents\visual studio 2010\projects\uniprof\tests\bin\release\tests.dll" id="dfd17420-5a13-5744-e6d4-81c04e097642">
      <Execution id="2af1c4ed-75f3-4384-abac-d9cbe76201f2" />
      <TestMethod codeBase="C:/Users/Diego/Documents/Visual Studio 2010/Projects/Uniprof/Tests/bin/Release/Tests.DLL" adapterTypeName="Microsoft.VisualStudio.TestTools.TestTypes.Unit.UnitTestAdapter, Microsoft.VisualStudio.QualityTools.Tips.UnitTest.Adapter, Version=10.0.0.0, Culture=neutral, PublicKeyToken=b03f5f7f11d50a3a" className="Tests.TipoPrendaBusinessTest, Tests, Version=1.0.0.0, Culture=neutral, PublicKeyToken=null" name="buscarPrendasPorIDTest" />
    </UnitTest>
    <UnitTest name="listarConversacionesPorUsuarioTest" storage="c:\users\diego\documents\visual studio 2010\projects\uniprof\tests\bin\release\tests.dll" id="2a172fd5-1ba6-de08-de7a-3705a01c8b9d">
      <Execution id="78621d13-0125-459e-901f-12a36f72d77b" />
      <TestMethod codeBase="C:/Users/Diego/Documents/Visual Studio 2010/Projects/Uniprof/Tests/bin/Release/Tests.DLL" adapterTypeName="Microsoft.VisualStudio.TestTools.TestTypes.Unit.UnitTestAdapter, Microsoft.VisualStudio.QualityTools.Tips.UnitTest.Adapter, Version=10.0.0.0, Culture=neutral, PublicKeyToken=b03f5f7f11d50a3a" className="Tests.ConversacionBusinessTest, Tests, Version=1.0.0.0, Culture=neutral, PublicKeyToken=null" name="listarConversacionesPorUsuarioTest" />
    </UnitTest>
    <UnitTest name="grabarTest" storage="c:\users\diego\documents\visual studio 2010\projects\uniprof\tests\bin\release\tests.dll" id="ac4b28af-d8f4-b156-672f-168bba2db6f5">
      <Execution id="b9e05a62-2be0-497e-b7ef-b9f48ceafbf0" />
      <TestMethod codeBase="C:/Users/Diego/Documents/Visual Studio 2010/Projects/Uniprof/Tests/bin/Release/Tests.DLL" adapterTypeName="Microsoft.VisualStudio.TestTools.TestTypes.Unit.UnitTestAdapter, Microsoft.VisualStudio.QualityTools.Tips.UnitTest.Adapter, Version=10.0.0.0, Culture=neutral, PublicKeyToken=b03f5f7f11d50a3a" className="Tests.ConversacionRepositorioTest, Tests, Version=1.0.0.0, Culture=neutral, PublicKeyToken=null" name="grabarTest" />
    </UnitTest>
    <UnitTest name="listarProduccionPorPedidoTest" storage="c:\users\diego\documents\visual studio 2010\projects\uniprof\tests\bin\release\tests.dll" id="645f3b20-4ed4-9fc8-0db6-f5c22e3f0ef4">
      <Execution id="a728d037-e247-477d-a131-41162ac1ec14" />
      <TestMethod codeBase="C:/Users/Diego/Documents/Visual Studio 2010/Projects/Uniprof/Tests/bin/Release/Tests.DLL" adapterTypeName="Microsoft.VisualStudio.TestTools.TestTypes.Unit.UnitTestAdapter, Microsoft.VisualStudio.QualityTools.Tips.UnitTest.Adapter, Version=10.0.0.0, Culture=neutral, PublicKeyToken=b03f5f7f11d50a3a" className="Tests.ProduccionBusinessTest, Tests, Version=1.0.0.0, Culture=neutral, PublicKeyToken=null" name="listarProduccionPorPedidoTest" />
    </UnitTest>
    <UnitTest name="buscarTipoCuentaPorIdTest2" storage="c:\users\diego\documents\visual studio 2010\projects\uniprof\tests\bin\release\tests.dll" id="1cea9887-e3c9-cea8-286a-dd9be44d7403">
      <Execution id="bd06b77c-42e0-4ac2-8e73-7c8e0f88e07b" />
      <TestMethod codeBase="C:/Users/Diego/Documents/Visual Studio 2010/Projects/Uniprof/Tests/bin/Release/Tests.DLL" adapterTypeName="Microsoft.VisualStudio.TestTools.TestTypes.Unit.UnitTestAdapter, Microsoft.VisualStudio.QualityTools.Tips.UnitTest.Adapter, Version=10.0.0.0, Culture=neutral, PublicKeyToken=b03f5f7f11d50a3a" className="Tests.CuentaTDGTest, Tests, Version=1.0.0.0, Culture=neutral, PublicKeyToken=null" name="buscarTipoCuentaPorIdTest2" />
    </UnitTest>
    <UnitTest name="buscarDiseñoPorIdTest" storage="c:\users\diego\documents\visual studio 2010\projects\uniprof\tests\bin\release\tests.dll" id="f90684a7-a79c-7fc4-62c1-2b02b1a46484">
      <Execution id="ad7b5006-a397-4109-8c72-2004231a0a33" />
      <TestMethod codeBase="C:/Users/Diego/Documents/Visual Studio 2010/Projects/Uniprof/Tests/bin/Release/Tests.DLL" adapterTypeName="Microsoft.VisualStudio.TestTools.TestTypes.Unit.UnitTestAdapter, Microsoft.VisualStudio.QualityTools.Tips.UnitTest.Adapter, Version=10.0.0.0, Culture=neutral, PublicKeyToken=b03f5f7f11d50a3a" className="Tests.DiseñoBusinessTest, Tests, Version=1.0.0.0, Culture=neutral, PublicKeyToken=null" name="buscarDiseñoPorIdTest" />
    </UnitTest>
    <UnitTest name="grabarTest" storage="c:\users\diego\documents\visual studio 2010\projects\uniprof\tests\bin\release\tests.dll" id="851b9d78-997d-9c75-eab0-197fa14a11f0">
      <Execution id="da543042-3fbd-4743-8505-657e96bc8518" />
      <TestMethod codeBase="C:/Users/Diego/Documents/Visual Studio 2010/Projects/Uniprof/Tests/bin/Release/Tests.DLL" adapterTypeName="Microsoft.VisualStudio.TestTools.TestTypes.Unit.UnitTestAdapter, Microsoft.VisualStudio.QualityTools.Tips.UnitTest.Adapter, Version=10.0.0.0, Culture=neutral, PublicKeyToken=b03f5f7f11d50a3a" className="Tests.ConversacionBusinessTest, Tests, Version=1.0.0.0, Culture=neutral, PublicKeyToken=null" name="grabarTest" />
    </UnitTest>
    <UnitTest name="grabarClienteTest" storage="c:\users\diego\documents\visual studio 2010\projects\uniprof\tests\bin\release\tests.dll" id="2f3865ce-701f-5035-c928-beb5bf354e66">
      <Execution id="fc22db3d-a5ce-424c-b9fa-6f97fccd57e9" />
      <TestMethod codeBase="C:/Users/Diego/Documents/Visual Studio 2010/Projects/Uniprof/Tests/bin/Release/Tests.DLL" adapterTypeName="Microsoft.VisualStudio.TestTools.TestTypes.Unit.UnitTestAdapter, Microsoft.VisualStudio.QualityTools.Tips.UnitTest.Adapter, Version=10.0.0.0, Culture=neutral, PublicKeyToken=b03f5f7f11d50a3a" className="Tests.UsuarioBusinessTest, Tests, Version=1.0.0.0, Culture=neutral, PublicKeyToken=null" name="grabarClienteTest" />
    </UnitTest>
    <UnitTest name="listarPedidosTest" storage="c:\users\diego\documents\visual studio 2010\projects\uniprof\tests\bin\release\tests.dll" id="6c508edd-f42b-c301-6d53-7fe205a52a0b">
      <Execution id="62274212-5d08-4944-a245-32ac9830e412" />
      <TestMethod codeBase="C:/Users/Diego/Documents/Visual Studio 2010/Projects/Uniprof/Tests/bin/Release/Tests.DLL" adapterTypeName="Microsoft.VisualStudio.TestTools.TestTypes.Unit.UnitTestAdapter, Microsoft.VisualStudio.QualityTools.Tips.UnitTest.Adapter, Version=10.0.0.0, Culture=neutral, PublicKeyToken=b03f5f7f11d50a3a" className="Tests.PedidoBusinessTest, Tests, Version=1.0.0.0, Culture=neutral, PublicKeyToken=null" name="listarPedidosTest" />
    </UnitTest>
    <UnitTest name="listarProduccionPorPedidoTest" storage="c:\users\diego\documents\visual studio 2010\projects\uniprof\tests\bin\release\tests.dll" id="b8413468-f954-3662-0efc-8c48132ad726">
      <Execution id="d67cd163-4181-4052-95cd-c0e2ee60885d" />
      <TestMethod codeBase="C:/Users/Diego/Documents/Visual Studio 2010/Projects/Uniprof/Tests/bin/Release/Tests.DLL" adapterTypeName="Microsoft.VisualStudio.TestTools.TestTypes.Unit.UnitTestAdapter, Microsoft.VisualStudio.QualityTools.Tips.UnitTest.Adapter, Version=10.0.0.0, Culture=neutral, PublicKeyToken=b03f5f7f11d50a3a" className="Tests.ProduccionRepositorioTest, Tests, Version=1.0.0.0, Culture=neutral, PublicKeyToken=null" name="listarProduccionPorPedidoTest" />
    </UnitTest>
    <UnitTest name="modificarNuevoPedidoTest" storage="c:\users\diego\documents\visual studio 2010\projects\uniprof\tests\bin\release\tests.dll" id="19a165a4-d445-e33e-7cb8-0f8a6d509eae">
      <Execution id="966bf4a2-d851-4664-971f-887ea25e6b5a" />
      <TestMethod codeBase="C:/Users/Diego/Documents/Visual Studio 2010/Projects/Uniprof/Tests/bin/Release/Tests.DLL" adapterTypeName="Microsoft.VisualStudio.TestTools.TestTypes.Unit.UnitTestAdapter, Microsoft.VisualStudio.QualityTools.Tips.UnitTest.Adapter, Version=10.0.0.0, Culture=neutral, PublicKeyToken=b03f5f7f11d50a3a" className="Tests.PedidoTDGTest, Tests, Version=1.0.0.0, Culture=neutral, PublicKeyToken=null" name="modificarNuevoPedidoTest" />
    </UnitTest>
    <UnitTest name="cargarFamiliasPorIdTest" storage="c:\users\diego\documents\visual studio 2010\projects\uniprof\tests\bin\release\tests.dll" id="8c73c5b1-73d0-fcfa-2a42-34f5914dbfb1">
      <Execution id="d9e57f9f-c00b-4c01-95b8-5e42ad2b598d" />
      <TestMethod codeBase="C:/Users/Diego/Documents/Visual Studio 2010/Projects/Uniprof/Tests/bin/Release/Tests.DLL" adapterTypeName="Microsoft.VisualStudio.TestTools.TestTypes.Unit.UnitTestAdapter, Microsoft.VisualStudio.QualityTools.Tips.UnitTest.Adapter, Version=10.0.0.0, Culture=neutral, PublicKeyToken=b03f5f7f11d50a3a" className="Tests.FamiliaRepositorioTest, Tests, Version=1.0.0.0, Culture=neutral, PublicKeyToken=null" name="cargarFamiliasPorIdTest" />
    </UnitTest>
    <UnitTest name="listarMensajesTest" storage="c:\users\diego\documents\visual studio 2010\projects\uniprof\tests\bin\release\tests.dll" id="15e90031-185d-99ec-c865-633047dc95f1">
      <Execution id="2a5fbf3f-3de5-4733-9016-4f67af07e0cf" />
      <TestMethod codeBase="C:/Users/Diego/Documents/Visual Studio 2010/Projects/Uniprof/Tests/bin/Release/Tests.DLL" adapterTypeName="Microsoft.VisualStudio.TestTools.TestTypes.Unit.UnitTestAdapter, Microsoft.VisualStudio.QualityTools.Tips.UnitTest.Adapter, Version=10.0.0.0, Culture=neutral, PublicKeyToken=b03f5f7f11d50a3a" className="Tests.ConversacionRepositorioTest, Tests, Version=1.0.0.0, Culture=neutral, PublicKeyToken=null" name="listarMensajesTest" />
    </UnitTest>
    <UnitTest name="grabarMovimientoTest" storage="c:\users\diego\documents\visual studio 2010\projects\uniprof\tests\bin\release\tests.dll" id="6195d611-24d3-4e42-5b11-b2da792448d4">
      <Execution id="dbffe5c2-847b-4bcb-bbfb-c1b60aa38c17" />
      <TestMethod codeBase="C:/Users/Diego/Documents/Visual Studio 2010/Projects/Uniprof/Tests/bin/Release/Tests.DLL" adapterTypeName="Microsoft.VisualStudio.TestTools.TestTypes.Unit.UnitTestAdapter, Microsoft.VisualStudio.QualityTools.Tips.UnitTest.Adapter, Version=10.0.0.0, Culture=neutral, PublicKeyToken=b03f5f7f11d50a3a" className="Tests.MovimientoClienteBusinessTest, Tests, Version=1.0.0.0, Culture=neutral, PublicKeyToken=null" name="grabarMovimientoTest" />
    </UnitTest>
    <UnitTest name="actualizarTipoPrendaTest" storage="c:\users\diego\documents\visual studio 2010\projects\uniprof\tests\bin\release\tests.dll" id="dba83ae6-c977-93af-bca8-afb2188d9d55">
      <Execution id="891b3047-3203-409c-8b18-a2e3d7eee624" />
      <TestMethod codeBase="C:/Users/Diego/Documents/Visual Studio 2010/Projects/Uniprof/Tests/bin/Release/Tests.DLL" adapterTypeName="Microsoft.VisualStudio.TestTools.TestTypes.Unit.UnitTestAdapter, Microsoft.VisualStudio.QualityTools.Tips.UnitTest.Adapter, Version=10.0.0.0, Culture=neutral, PublicKeyToken=b03f5f7f11d50a3a" className="Tests.TipoPrendaRepositorioTest, Tests, Version=1.0.0.0, Culture=neutral, PublicKeyToken=null" name="actualizarTipoPrendaTest" />
    </UnitTest>
    <UnitTest name="cargarFamiliaPorIdTest" storage="c:\users\diego\documents\visual studio 2010\projects\uniprof\tests\bin\release\tests.dll" id="a6894dd2-dcf0-7e92-7a7b-7a5aa8466339">
      <Execution id="3539e31a-88ac-468e-be21-515f045157d1" />
      <TestMethod codeBase="C:/Users/Diego/Documents/Visual Studio 2010/Projects/Uniprof/Tests/bin/Release/Tests.DLL" adapterTypeName="Microsoft.VisualStudio.TestTools.TestTypes.Unit.UnitTestAdapter, Microsoft.VisualStudio.QualityTools.Tips.UnitTest.Adapter, Version=10.0.0.0, Culture=neutral, PublicKeyToken=b03f5f7f11d50a3a" className="Tests.FamiliaBusinessTest, Tests, Version=1.0.0.0, Culture=neutral, PublicKeyToken=null" name="cargarFamiliaPorIdTest" />
    </UnitTest>
    <UnitTest name="listarProduccionPorFechasTest" storage="c:\users\diego\documents\visual studio 2010\projects\uniprof\tests\bin\release\tests.dll" id="5e39e02d-2b70-3982-2130-96924fff6d81">
      <Execution id="8ea3cb20-4445-42a1-9e0a-4b2cd9409db4" />
      <TestMethod codeBase="C:/Users/Diego/Documents/Visual Studio 2010/Projects/Uniprof/Tests/bin/Release/Tests.DLL" adapterTypeName="Microsoft.VisualStudio.TestTools.TestTypes.Unit.UnitTestAdapter, Microsoft.VisualStudio.QualityTools.Tips.UnitTest.Adapter, Version=10.0.0.0, Culture=neutral, PublicKeyToken=b03f5f7f11d50a3a" className="Tests.ProduccionRepositorioTest, Tests, Version=1.0.0.0, Culture=neutral, PublicKeyToken=null" name="listarProduccionPorFechasTest" />
    </UnitTest>
    <UnitTest name="listarProduccionPorCodigoTest" storage="c:\users\diego\documents\visual studio 2010\projects\uniprof\tests\bin\release\tests.dll" id="9b145e69-7969-d34a-ea49-9560a18e3f37">
      <Execution id="73cb132e-0530-43be-b59d-7284403e4ba3" />
      <TestMethod codeBase="C:/Users/Diego/Documents/Visual Studio 2010/Projects/Uniprof/Tests/bin/Release/Tests.DLL" adapterTypeName="Microsoft.VisualStudio.TestTools.TestTypes.Unit.UnitTestAdapter, Microsoft.VisualStudio.QualityTools.Tips.UnitTest.Adapter, Version=10.0.0.0, Culture=neutral, PublicKeyToken=b03f5f7f11d50a3a" className="Tests.ProduccionBusinessTest, Tests, Version=1.0.0.0, Culture=neutral, PublicKeyToken=null" name="listarProduccionPorCodigoTest" />
    </UnitTest>
    <UnitTest name="grabarMaquinasTest" storage="c:\users\diego\documents\visual studio 2010\projects\uniprof\tests\bin\release\tests.dll" id="26d1e25c-63b7-c2c4-03c0-99f8e7631508">
      <Execution id="fc925f46-aa51-4b9c-81ed-4f23c81b5b01" />
      <TestMethod codeBase="C:/Users/Diego/Documents/Visual Studio 2010/Projects/Uniprof/Tests/bin/Release/Tests.DLL" adapterTypeName="Microsoft.VisualStudio.TestTools.TestTypes.Unit.UnitTestAdapter, Microsoft.VisualStudio.QualityTools.Tips.UnitTest.Adapter, Version=10.0.0.0, Culture=neutral, PublicKeyToken=b03f5f7f11d50a3a" className="Tests.MaquinaTDGTest, Tests, Version=1.0.0.0, Culture=neutral, PublicKeyToken=null" name="grabarMaquinasTest" />
    </UnitTest>
    <UnitTest name="cargarLineasFacturaTest" storage="c:\users\diego\documents\visual studio 2010\projects\uniprof\tests\bin\release\tests.dll" id="6dbb761e-cbdb-2c43-0c61-55938d83de19">
      <Execution id="496d88f3-1bf0-41fa-b7b3-859c543f607e" />
      <TestMethod codeBase="C:/Users/Diego/Documents/Visual Studio 2010/Projects/Uniprof/Tests/bin/Release/Tests.DLL" adapterTypeName="Microsoft.VisualStudio.TestTools.TestTypes.Unit.UnitTestAdapter, Microsoft.VisualStudio.QualityTools.Tips.UnitTest.Adapter, Version=10.0.0.0, Culture=neutral, PublicKeyToken=b03f5f7f11d50a3a" className="Tests.LineaOrdenDeCompraTDGTest, Tests, Version=1.0.0.0, Culture=neutral, PublicKeyToken=null" name="cargarLineasFacturaTest" />
    </UnitTest>
    <UnitTest name="grabarMovimientosClienteTest" storage="c:\users\diego\documents\visual studio 2010\projects\uniprof\tests\bin\release\tests.dll" id="f781ffff-ff93-71bc-5f5f-c8442c8a1cc0">
      <Execution id="dd2ea92e-edab-4e6b-be92-7177f7581a26" />
      <TestMethod codeBase="C:/Users/Diego/Documents/Visual Studio 2010/Projects/Uniprof/Tests/bin/Release/Tests.DLL" adapterTypeName="Microsoft.VisualStudio.TestTools.TestTypes.Unit.UnitTestAdapter, Microsoft.VisualStudio.QualityTools.Tips.UnitTest.Adapter, Version=10.0.0.0, Culture=neutral, PublicKeyToken=b03f5f7f11d50a3a" className="Tests.MovimientoCuentaProveedorTDGTest, Tests, Version=1.0.0.0, Culture=neutral, PublicKeyToken=null" name="grabarMovimientosClienteTest" />
    </UnitTest>
    <UnitTest name="cargarFamiliasPorUsuarioTest" storage="c:\users\diego\documents\visual studio 2010\projects\uniprof\tests\bin\release\tests.dll" id="b9fd46b5-4626-f3cd-bb11-d3d09ef904e4">
      <Execution id="7331c803-bb61-45e4-8d74-f5820bff7bf6" />
      <TestMethod codeBase="C:/Users/Diego/Documents/Visual Studio 2010/Projects/Uniprof/Tests/bin/Release/Tests.DLL" adapterTypeName="Microsoft.VisualStudio.TestTools.TestTypes.Unit.UnitTestAdapter, Microsoft.VisualStudio.QualityTools.Tips.UnitTest.Adapter, Version=10.0.0.0, Culture=neutral, PublicKeyToken=b03f5f7f11d50a3a" className="Tests.PatenteTDGTest, Tests, Version=1.0.0.0, Culture=neutral, PublicKeyToken=null" name="cargarFamiliasPorUsuarioTest" />
    </UnitTest>
    <UnitTest name="borrarDiseñoInsumoTest" storage="c:\users\diego\documents\visual studio 2010\projects\uniprof\tests\bin\release\tests.dll" id="019cc466-e1e2-1876-80d0-8bd0f4668b2f">
      <Execution id="267ed078-d940-469d-a227-48572932db62" />
      <TestMethod codeBase="C:/Users/Diego/Documents/Visual Studio 2010/Projects/Uniprof/Tests/bin/Release/Tests.DLL" adapterTypeName="Microsoft.VisualStudio.TestTools.TestTypes.Unit.UnitTestAdapter, Microsoft.VisualStudio.QualityTools.Tips.UnitTest.Adapter, Version=10.0.0.0, Culture=neutral, PublicKeyToken=b03f5f7f11d50a3a" className="Tests.DiseñoInsumoTDGTest, Tests, Version=1.0.0.0, Culture=neutral, PublicKeyToken=null" name="borrarDiseñoInsumoTest" />
    </UnitTest>
    <UnitTest name="listarArticulosPorPrendaTest" storage="c:\users\diego\documents\visual studio 2010\projects\uniprof\tests\bin\release\tests.dll" id="7187fc52-08ae-19d9-62d2-a1273ba98de3">
      <Execution id="49872fdb-8a94-4ac8-a11c-b44084b4453a" />
      <TestMethod codeBase="C:/Users/Diego/Documents/Visual Studio 2010/Projects/Uniprof/Tests/bin/Release/Tests.DLL" adapterTypeName="Microsoft.VisualStudio.TestTools.TestTypes.Unit.UnitTestAdapter, Microsoft.VisualStudio.QualityTools.Tips.UnitTest.Adapter, Version=10.0.0.0, Culture=neutral, PublicKeyToken=b03f5f7f11d50a3a" className="Tests.ArticuloRepositorioTest, Tests, Version=1.0.0.0, Culture=neutral, PublicKeyToken=null" name="listarArticulosPorPrendaTest" />
    </UnitTest>
    <UnitTest name="actualizaOrdenDeCompraTest" storage="c:\users\diego\documents\visual studio 2010\projects\uniprof\tests\bin\release\tests.dll" id="77a70718-b08f-850c-1bf3-10dbbe443592">
      <Execution id="75c7562b-a453-45e4-9c67-8f74d4919f05" />
      <TestMethod codeBase="C:/Users/Diego/Documents/Visual Studio 2010/Projects/Uniprof/Tests/bin/Release/Tests.DLL" adapterTypeName="Microsoft.VisualStudio.TestTools.TestTypes.Unit.UnitTestAdapter, Microsoft.VisualStudio.QualityTools.Tips.UnitTest.Adapter, Version=10.0.0.0, Culture=neutral, PublicKeyToken=b03f5f7f11d50a3a" className="Tests.OrdenCompraBusinessTest, Tests, Version=1.0.0.0, Culture=neutral, PublicKeyToken=null" name="actualizaOrdenDeCompraTest" />
    </UnitTest>
    <UnitTest name="guardarClienteTest" storage="c:\users\diego\documents\visual studio 2010\projects\uniprof\tests\bin\release\tests.dll" id="b09f0486-3351-5bc5-0d5a-f108852661b1">
      <Execution id="2b0fc581-e5ad-4a65-b235-273d8ecfb70f" />
      <TestMethod codeBase="C:/Users/Diego/Documents/Visual Studio 2010/Projects/Uniprof/Tests/bin/Release/Tests.DLL" adapterTypeName="Microsoft.VisualStudio.TestTools.TestTypes.Unit.UnitTestAdapter, Microsoft.VisualStudio.QualityTools.Tips.UnitTest.Adapter, Version=10.0.0.0, Culture=neutral, PublicKeyToken=b03f5f7f11d50a3a" className="Tests.ClienteRepositorioTest, Tests, Version=1.0.0.0, Culture=neutral, PublicKeyToken=null" name="guardarClienteTest" />
    </UnitTest>
    <UnitTest name="borrarFamiliaTest" storage="c:\users\diego\documents\visual studio 2010\projects\uniprof\tests\bin\release\tests.dll" id="53977503-45e6-020c-cee1-a5a2bdcb3045">
      <Execution id="b3cba480-face-4272-b975-9070c453b18b" />
      <TestMethod codeBase="C:/Users/Diego/Documents/Visual Studio 2010/Projects/Uniprof/Tests/bin/Release/Tests.DLL" adapterTypeName="Microsoft.VisualStudio.TestTools.TestTypes.Unit.UnitTestAdapter, Microsoft.VisualStudio.QualityTools.Tips.UnitTest.Adapter, Version=10.0.0.0, Culture=neutral, PublicKeyToken=b03f5f7f11d50a3a" className="Tests.FamiliaTDGTest, Tests, Version=1.0.0.0, Culture=neutral, PublicKeyToken=null" name="borrarFamiliaTest" />
    </UnitTest>
    <UnitTest name="grabarTest" storage="c:\users\diego\documents\visual studio 2010\projects\uniprof\tests\bin\release\tests.dll" id="42bc7f23-0a71-a17c-783c-a7c1f6e66d7c">
      <Execution id="935b85f2-8f11-4ed5-bfd4-1886d9ee1a0e" />
      <TestMethod codeBase="C:/Users/Diego/Documents/Visual Studio 2010/Projects/Uniprof/Tests/bin/Release/Tests.DLL" adapterTypeName="Microsoft.VisualStudio.TestTools.TestTypes.Unit.UnitTestAdapter, Microsoft.VisualStudio.QualityTools.Tips.UnitTest.Adapter, Version=10.0.0.0, Culture=neutral, PublicKeyToken=b03f5f7f11d50a3a" className="Tests.ProveedorBusinessTest, Tests, Version=1.0.0.0, Culture=neutral, PublicKeyToken=null" name="grabarTest" />
    </UnitTest>
    <UnitTest name="buscarPrendasPorIDTest" storage="c:\users\diego\documents\visual studio 2010\projects\uniprof\tests\bin\release\tests.dll" id="80e94a1b-f37e-ea8a-5357-ae59cc6e5e45">
      <Execution id="935e09cb-7874-4497-b5c1-50ed2fa46db5" />
      <TestMethod codeBase="C:/Users/Diego/Documents/Visual Studio 2010/Projects/Uniprof/Tests/bin/Release/Tests.DLL" adapterTypeName="Microsoft.VisualStudio.TestTools.TestTypes.Unit.UnitTestAdapter, Microsoft.VisualStudio.QualityTools.Tips.UnitTest.Adapter, Version=10.0.0.0, Culture=neutral, PublicKeyToken=b03f5f7f11d50a3a" className="Tests.TipoPrendaTDGTest, Tests, Version=1.0.0.0, Culture=neutral, PublicKeyToken=null" name="buscarPrendasPorIDTest" />
    </UnitTest>
    <UnitTest name="cargarMovimientosConRestriccionesTest" storage="c:\users\diego\documents\visual studio 2010\projects\uniprof\tests\bin\release\tests.dll" id="0d3f2b5f-2310-d53e-af58-1c0f5f09df9f">
      <Execution id="977a8308-0cdb-4e76-8db6-9634482a501f" />
      <TestMethod codeBase="C:/Users/Diego/Documents/Visual Studio 2010/Projects/Uniprof/Tests/bin/Release/Tests.DLL" adapterTypeName="Microsoft.VisualStudio.TestTools.TestTypes.Unit.UnitTestAdapter, Microsoft.VisualStudio.QualityTools.Tips.UnitTest.Adapter, Version=10.0.0.0, Culture=neutral, PublicKeyToken=b03f5f7f11d50a3a" className="Tests.MovimientoCuentaProveedorTDGTest, Tests, Version=1.0.0.0, Culture=neutral, PublicKeyToken=null" name="cargarMovimientosConRestriccionesTest" />
    </UnitTest>
    <UnitTest name="listarProduccionPorCodigoTest" storage="c:\users\diego\documents\visual studio 2010\projects\uniprof\tests\bin\release\tests.dll" id="61c2c67d-a8aa-50cc-81fa-b25eafff855b">
      <Execution id="fa1037be-16b0-4373-850f-ad0a623a8dea" />
      <TestMethod codeBase="C:/Users/Diego/Documents/Visual Studio 2010/Projects/Uniprof/Tests/bin/Release/Tests.DLL" adapterTypeName="Microsoft.VisualStudio.TestTools.TestTypes.Unit.UnitTestAdapter, Microsoft.VisualStudio.QualityTools.Tips.UnitTest.Adapter, Version=10.0.0.0, Culture=neutral, PublicKeyToken=b03f5f7f11d50a3a" className="Tests.ProduccionRepositorioTest, Tests, Version=1.0.0.0, Culture=neutral, PublicKeyToken=null" name="listarProduccionPorCodigoTest" />
    </UnitTest>
    <UnitTest name="cargarTest" storage="c:\users\diego\documents\visual studio 2010\projects\uniprof\tests\bin\release\tests.dll" id="26a546ff-2782-4a5a-0d01-d730f8d08c9d">
      <Execution id="778f9d86-62ed-42d3-b899-c088fa5423ce" />
      <TestMethod codeBase="C:/Users/Diego/Documents/Visual Studio 2010/Projects/Uniprof/Tests/bin/Release/Tests.DLL" adapterTypeName="Microsoft.VisualStudio.TestTools.TestTypes.Unit.UnitTestAdapter, Microsoft.VisualStudio.QualityTools.Tips.UnitTest.Adapter, Version=10.0.0.0, Culture=neutral, PublicKeyToken=b03f5f7f11d50a3a" className="Tests.ConversacionTDGTest, Tests, Version=1.0.0.0, Culture=neutral, PublicKeyToken=null" name="cargarTest" />
    </UnitTest>
    <UnitTest name="grabarMovimientosClienteTest" storage="c:\users\diego\documents\visual studio 2010\projects\uniprof\tests\bin\release\tests.dll" id="5a471128-b46d-a047-f96f-afe4f1f9ce56">
      <Execution id="4a7fd294-701b-4cb7-ae8a-aede0012af6f" />
      <TestMethod codeBase="C:/Users/Diego/Documents/Visual Studio 2010/Projects/Uniprof/Tests/bin/Release/Tests.DLL" adapterTypeName="Microsoft.VisualStudio.TestTools.TestTypes.Unit.UnitTestAdapter, Microsoft.VisualStudio.QualityTools.Tips.UnitTest.Adapter, Version=10.0.0.0, Culture=neutral, PublicKeyToken=b03f5f7f11d50a3a" className="Tests.MovimientoCuentaClienteTDGTest, Tests, Version=1.0.0.0, Culture=neutral, PublicKeyToken=null" name="grabarMovimientosClienteTest" />
    </UnitTest>
    <UnitTest name="listarInsumosPorCodigoTest" storage="c:\users\diego\documents\visual studio 2010\projects\uniprof\tests\bin\release\tests.dll" id="75cbbdb7-6249-18c8-32b2-1920235c1d97">
      <Execution id="0f606587-76cb-4f6b-8af6-595edf314cd3" />
      <TestMethod codeBase="C:/Users/Diego/Documents/Visual Studio 2010/Projects/Uniprof/Tests/bin/Release/Tests.DLL" adapterTypeName="Microsoft.VisualStudio.TestTools.TestTypes.Unit.UnitTestAdapter, Microsoft.VisualStudio.QualityTools.Tips.UnitTest.Adapter, Version=10.0.0.0, Culture=neutral, PublicKeyToken=b03f5f7f11d50a3a" className="Tests.InsumoBusinessTest, Tests, Version=1.0.0.0, Culture=neutral, PublicKeyToken=null" name="listarInsumosPorCodigoTest" />
    </UnitTest>
    <UnitTest name="modificarHistoricoEstadosTest" storage="c:\users\diego\documents\visual studio 2010\projects\uniprof\tests\bin\release\tests.dll" id="a8a939dd-3559-39c4-d3e6-695f82176ab4">
      <Execution id="c9841dd1-23ea-4ce1-952b-0e54a2ccb4d6" />
      <TestMethod codeBase="C:/Users/Diego/Documents/Visual Studio 2010/Projects/Uniprof/Tests/bin/Release/Tests.DLL" adapterTypeName="Microsoft.VisualStudio.TestTools.TestTypes.Unit.UnitTestAdapter, Microsoft.VisualStudio.QualityTools.Tips.UnitTest.Adapter, Version=10.0.0.0, Culture=neutral, PublicKeyToken=b03f5f7f11d50a3a" className="Tests.HistoricoEstadosPedidoTDGTest, Tests, Version=1.0.0.0, Culture=neutral, PublicKeyToken=null" name="modificarHistoricoEstadosTest" />
    </UnitTest>
    <UnitTest name="grabarHistoricoEstadosTest" storage="c:\users\diego\documents\visual studio 2010\projects\uniprof\tests\bin\release\tests.dll" id="24d98172-4e51-96b3-ef4d-cd0ed2a98c18">
      <Execution id="d6372889-f9af-4981-8f0e-8fe5834ae567" />
      <TestMethod codeBase="C:/Users/Diego/Documents/Visual Studio 2010/Projects/Uniprof/Tests/bin/Release/Tests.DLL" adapterTypeName="Microsoft.VisualStudio.TestTools.TestTypes.Unit.UnitTestAdapter, Microsoft.VisualStudio.QualityTools.Tips.UnitTest.Adapter, Version=10.0.0.0, Culture=neutral, PublicKeyToken=b03f5f7f11d50a3a" className="Tests.HistoricoEstadosProduccionTDGTest, Tests, Version=1.0.0.0, Culture=neutral, PublicKeyToken=null" name="grabarHistoricoEstadosTest" />
    </UnitTest>
    <UnitTest name="listarPedidosConRestriccionTest" storage="c:\users\diego\documents\visual studio 2010\projects\uniprof\tests\bin\release\tests.dll" id="83ce9798-d52f-2f3d-8537-200546cde5a9">
      <Execution id="2433aa4c-b3ba-41c5-aa72-2b294fd8af04" />
      <TestMethod codeBase="C:/Users/Diego/Documents/Visual Studio 2010/Projects/Uniprof/Tests/bin/Release/Tests.DLL" adapterTypeName="Microsoft.VisualStudio.TestTools.TestTypes.Unit.UnitTestAdapter, Microsoft.VisualStudio.QualityTools.Tips.UnitTest.Adapter, Version=10.0.0.0, Culture=neutral, PublicKeyToken=b03f5f7f11d50a3a" className="Tests.PedidoBusinessTest, Tests, Version=1.0.0.0, Culture=neutral, PublicKeyToken=null" name="listarPedidosConRestriccionTest" />
    </UnitTest>
    <UnitTest name="grabarFacturasTest" storage="c:\users\diego\documents\visual studio 2010\projects\uniprof\tests\bin\release\tests.dll" id="e4b047bc-e01c-35c0-ab7e-ab1c5de8674f">
      <Execution id="18366e5b-2ae2-4e44-8744-4b9a2f1ce7d0" />
      <TestMethod codeBase="C:/Users/Diego/Documents/Visual Studio 2010/Projects/Uniprof/Tests/bin/Release/Tests.DLL" adapterTypeName="Microsoft.VisualStudio.TestTools.TestTypes.Unit.UnitTestAdapter, Microsoft.VisualStudio.QualityTools.Tips.UnitTest.Adapter, Version=10.0.0.0, Culture=neutral, PublicKeyToken=b03f5f7f11d50a3a" className="Tests.OrdenDeCompraTDGTest, Tests, Version=1.0.0.0, Culture=neutral, PublicKeyToken=null" name="grabarFacturasTest" />
    </UnitTest>
    <UnitTest name="borrarFamiliaTest" storage="c:\users\diego\documents\visual studio 2010\projects\uniprof\tests\bin\release\tests.dll" id="d6a986e5-8b98-e2f2-cef0-92190831ed08">
      <Execution id="4a1428f4-10a8-4a0a-9841-7ac653f6587f" />
      <TestMethod codeBase="C:/Users/Diego/Documents/Visual Studio 2010/Projects/Uniprof/Tests/bin/Release/Tests.DLL" adapterTypeName="Microsoft.VisualStudio.TestTools.TestTypes.Unit.UnitTestAdapter, Microsoft.VisualStudio.QualityTools.Tips.UnitTest.Adapter, Version=10.0.0.0, Culture=neutral, PublicKeyToken=b03f5f7f11d50a3a" className="Tests.FamiliaBusinessTest, Tests, Version=1.0.0.0, Culture=neutral, PublicKeyToken=null" name="borrarFamiliaTest" />
    </UnitTest>
    <UnitTest name="saveTest" storage="c:\users\diego\documents\visual studio 2010\projects\uniprof\tests\bin\release\tests.dll" id="e337de86-0746-0ac2-0c5c-30365e74f01b">
      <Execution id="86e56604-ef06-4316-a1ab-379e028f0db0" />
      <TestMethod codeBase="C:/Users/Diego/Documents/Visual Studio 2010/Projects/Uniprof/Tests/bin/Release/Tests.DLL" adapterTypeName="Microsoft.VisualStudio.TestTools.TestTypes.Unit.UnitTestAdapter, Microsoft.VisualStudio.QualityTools.Tips.UnitTest.Adapter, Version=10.0.0.0, Culture=neutral, PublicKeyToken=b03f5f7f11d50a3a" className="Tests.DataAccesObjectTest, Tests, Version=1.0.0.0, Culture=neutral, PublicKeyToken=null" name="saveTest" />
    </UnitTest>
    <UnitTest name="grabarOpinionTest" storage="c:\users\diego\documents\visual studio 2010\projects\uniprof\tests\bin\release\tests.dll" id="fe850dae-beb0-69bb-1831-4463cca49bfb">
      <Execution id="9cfcef00-4e34-42fb-9537-edad26097e99" />
      <TestMethod codeBase="C:/Users/Diego/Documents/Visual Studio 2010/Projects/Uniprof/Tests/bin/Release/Tests.DLL" adapterTypeName="Microsoft.VisualStudio.TestTools.TestTypes.Unit.UnitTestAdapter, Microsoft.VisualStudio.QualityTools.Tips.UnitTest.Adapter, Version=10.0.0.0, Culture=neutral, PublicKeyToken=b03f5f7f11d50a3a" className="Tests.OpinionRepositorioTest, Tests, Version=1.0.0.0, Culture=neutral, PublicKeyToken=null" name="grabarOpinionTest" />
    </UnitTest>
    <UnitTest name="modificarHistoricoEstadosTest" storage="c:\users\diego\documents\visual studio 2010\projects\uniprof\tests\bin\release\tests.dll" id="6e20bc5d-0f12-b6d7-ba69-ad542caad9f6">
      <Execution id="aa990612-220d-4a0c-8c20-a8bfc21210e5" />
      <TestMethod codeBase="C:/Users/Diego/Documents/Visual Studio 2010/Projects/Uniprof/Tests/bin/Release/Tests.DLL" adapterTypeName="Microsoft.VisualStudio.TestTools.TestTypes.Unit.UnitTestAdapter, Microsoft.VisualStudio.QualityTools.Tips.UnitTest.Adapter, Version=10.0.0.0, Culture=neutral, PublicKeyToken=b03f5f7f11d50a3a" className="Tests.HistoricoEstadosProduccionTDGTest, Tests, Version=1.0.0.0, Culture=neutral, PublicKeyToken=null" name="modificarHistoricoEstadosTest" />
    </UnitTest>
    <UnitTest name="buscarPrendasPorDescripcionTest" storage="c:\users\diego\documents\visual studio 2010\projects\uniprof\tests\bin\release\tests.dll" id="3c12ed63-05b7-6919-12b1-8653c094ff5f">
      <Execution id="af1867cc-9219-42ab-915d-1b80b6c51f65" />
      <TestMethod codeBase="C:/Users/Diego/Documents/Visual Studio 2010/Projects/Uniprof/Tests/bin/Release/Tests.DLL" adapterTypeName="Microsoft.VisualStudio.TestTools.TestTypes.Unit.UnitTestAdapter, Microsoft.VisualStudio.QualityTools.Tips.UnitTest.Adapter, Version=10.0.0.0, Culture=neutral, PublicKeyToken=b03f5f7f11d50a3a" className="Tests.TipoPrendaTDGTest, Tests, Version=1.0.0.0, Culture=neutral, PublicKeyToken=null" name="buscarPrendasPorDescripcionTest" />
    </UnitTest>
    <UnitTest name="grabarNewsletterTest" storage="c:\users\diego\documents\visual studio 2010\projects\uniprof\tests\bin\release\tests.dll" id="aad710b2-cbba-4fa8-20b9-0a83a5267460">
      <Execution id="c85c362e-8711-4289-86cf-d3c4156fab1e" />
      <TestMethod codeBase="C:/Users/Diego/Documents/Visual Studio 2010/Projects/Uniprof/Tests/bin/Release/Tests.DLL" adapterTypeName="Microsoft.VisualStudio.TestTools.TestTypes.Unit.UnitTestAdapter, Microsoft.VisualStudio.QualityTools.Tips.UnitTest.Adapter, Version=10.0.0.0, Culture=neutral, PublicKeyToken=b03f5f7f11d50a3a" className="Tests.NewsletterTDGTest, Tests, Version=1.0.0.0, Culture=neutral, PublicKeyToken=null" name="grabarNewsletterTest" />
    </UnitTest>
    <UnitTest name="listarMovimientosPorClienteTest" storage="c:\users\diego\documents\visual studio 2010\projects\uniprof\tests\bin\release\tests.dll" id="c931a490-990c-5326-1530-0428c428a145">
      <Execution id="9b832dcc-234b-47ce-ad5e-a8f6cbec964f" />
      <TestMethod codeBase="C:/Users/Diego/Documents/Visual Studio 2010/Projects/Uniprof/Tests/bin/Release/Tests.DLL" adapterTypeName="Microsoft.VisualStudio.TestTools.TestTypes.Unit.UnitTestAdapter, Microsoft.VisualStudio.QualityTools.Tips.UnitTest.Adapter, Version=10.0.0.0, Culture=neutral, PublicKeyToken=b03f5f7f11d50a3a" className="Tests.MovimientoCuentaClienteRepositorioTest, Tests, Version=1.0.0.0, Culture=neutral, PublicKeyToken=null" name="listarMovimientosPorClienteTest" />
    </UnitTest>
    <UnitTest name="actualizarMaquinaTest" storage="c:\users\diego\documents\visual studio 2010\projects\uniprof\tests\bin\release\tests.dll" id="542e3d8e-c605-852a-af9b-310782faad08">
      <Execution id="6d40b0c7-08f6-48b0-adb8-593da0257276" />
      <TestMethod codeBase="C:/Users/Diego/Documents/Visual Studio 2010/Projects/Uniprof/Tests/bin/Release/Tests.DLL" adapterTypeName="Microsoft.VisualStudio.TestTools.TestTypes.Unit.UnitTestAdapter, Microsoft.VisualStudio.QualityTools.Tips.UnitTest.Adapter, Version=10.0.0.0, Culture=neutral, PublicKeyToken=b03f5f7f11d50a3a" className="Tests.MaquinaRepositorioTest, Tests, Version=1.0.0.0, Culture=neutral, PublicKeyToken=null" name="actualizarMaquinaTest" />
    </UnitTest>
    <UnitTest name="listarMovimientosPorClienteTest" storage="c:\users\diego\documents\visual studio 2010\projects\uniprof\tests\bin\release\tests.dll" id="41ca50b2-af08-ebb5-fe81-0171706b4196">
      <Execution id="dfa11a63-2513-408e-b3a0-d4da0d5d1f76" />
      <TestMethod codeBase="C:/Users/Diego/Documents/Visual Studio 2010/Projects/Uniprof/Tests/bin/Release/Tests.DLL" adapterTypeName="Microsoft.VisualStudio.TestTools.TestTypes.Unit.UnitTestAdapter, Microsoft.VisualStudio.QualityTools.Tips.UnitTest.Adapter, Version=10.0.0.0, Culture=neutral, PublicKeyToken=b03f5f7f11d50a3a" className="Tests.MovimientoClienteBusinessTest, Tests, Version=1.0.0.0, Culture=neutral, PublicKeyToken=null" name="listarMovimientosPorClienteTest" />
    </UnitTest>
    <UnitTest name="grabarUsuarioTest" storage="c:\users\diego\documents\visual studio 2010\projects\uniprof\tests\bin\release\tests.dll" id="59186e93-3595-d080-b439-d655c96ab973">
      <Execution id="dafb12ff-fb38-45f4-b9a2-8792cf3c99bd" />
      <TestMethod codeBase="C:/Users/Diego/Documents/Visual Studio 2010/Projects/Uniprof/Tests/bin/Release/Tests.DLL" adapterTypeName="Microsoft.VisualStudio.TestTools.TestTypes.Unit.UnitTestAdapter, Microsoft.VisualStudio.QualityTools.Tips.UnitTest.Adapter, Version=10.0.0.0, Culture=neutral, PublicKeyToken=b03f5f7f11d50a3a" className="Tests.UsuarioRepositorioTest, Tests, Version=1.0.0.0, Culture=neutral, PublicKeyToken=null" name="grabarUsuarioTest" />
    </UnitTest>
    <UnitTest name="cargarLineasFacturaTest" storage="c:\users\diego\documents\visual studio 2010\projects\uniprof\tests\bin\release\tests.dll" id="302f391e-539b-a40e-3606-007f4a4a5dfd">
      <Execution id="6e4ee08b-156b-4f00-bd91-2d2e409ec372" />
      <TestMethod codeBase="C:/Users/Diego/Documents/Visual Studio 2010/Projects/Uniprof/Tests/bin/Release/Tests.DLL" adapterTypeName="Microsoft.VisualStudio.TestTools.TestTypes.Unit.UnitTestAdapter, Microsoft.VisualStudio.QualityTools.Tips.UnitTest.Adapter, Version=10.0.0.0, Culture=neutral, PublicKeyToken=b03f5f7f11d50a3a" className="Tests.LineaFacturaTDGTest, Tests, Version=1.0.0.0, Culture=neutral, PublicKeyToken=null" name="cargarLineasFacturaTest" />
    </UnitTest>
    <UnitTest name="grabarProduccionTest" storage="c:\users\diego\documents\visual studio 2010\projects\uniprof\tests\bin\release\tests.dll" id="4470df03-406c-ac4c-036b-0433b2842ca5">
      <Execution id="fd9803f9-02a9-4f12-be81-620e743ef542" />
      <TestMethod codeBase="C:/Users/Diego/Documents/Visual Studio 2010/Projects/Uniprof/Tests/bin/Release/Tests.DLL" adapterTypeName="Microsoft.VisualStudio.TestTools.TestTypes.Unit.UnitTestAdapter, Microsoft.VisualStudio.QualityTools.Tips.UnitTest.Adapter, Version=10.0.0.0, Culture=neutral, PublicKeyToken=b03f5f7f11d50a3a" className="Tests.ProduccionTDGTest, Tests, Version=1.0.0.0, Culture=neutral, PublicKeyToken=null" name="grabarProduccionTest" />
    </UnitTest>
    <UnitTest name="grabarMaquinaTest" storage="c:\users\diego\documents\visual studio 2010\projects\uniprof\tests\bin\release\tests.dll" id="ceeacb60-5ff3-0690-b3df-e29e915ef784">
      <Execution id="4ec72805-24e0-41c4-9b5f-3224f80b2c91" />
      <TestMethod codeBase="C:/Users/Diego/Documents/Visual Studio 2010/Projects/Uniprof/Tests/bin/Release/Tests.DLL" adapterTypeName="Microsoft.VisualStudio.TestTools.TestTypes.Unit.UnitTestAdapter, Microsoft.VisualStudio.QualityTools.Tips.UnitTest.Adapter, Version=10.0.0.0, Culture=neutral, PublicKeyToken=b03f5f7f11d50a3a" className="Tests.MaquinaRepositorioTest, Tests, Version=1.0.0.0, Culture=neutral, PublicKeyToken=null" name="grabarMaquinaTest" />
    </UnitTest>
    <UnitTest name="ejecutarConsultaTest" storage="c:\users\diego\documents\visual studio 2010\projects\uniprof\tests\bin\release\tests.dll" id="42d34e85-28e2-30e8-a414-32919f9963a2">
      <Execution id="47ba02a0-1bb3-4412-9aed-728a53b3fd97" />
      <TestMethod codeBase="C:/Users/Diego/Documents/Visual Studio 2010/Projects/Uniprof/Tests/bin/Release/Tests.DLL" adapterTypeName="Microsoft.VisualStudio.TestTools.TestTypes.Unit.UnitTestAdapter, Microsoft.VisualStudio.QualityTools.Tips.UnitTest.Adapter, Version=10.0.0.0, Culture=neutral, PublicKeyToken=b03f5f7f11d50a3a" className="Tests.DataAccesObjectTest, Tests, Version=1.0.0.0, Culture=neutral, PublicKeyToken=null" name="ejecutarConsultaTest" />
    </UnitTest>
    <UnitTest name="calcularPosiblesFechasTest2" storage="c:\users\diego\documents\visual studio 2010\projects\uniprof\tests\bin\release\tests.dll" id="3a69785d-69f1-1ae3-6647-f1fbd5f0c79c">
      <Execution id="f230498b-6068-47df-a995-40dddc747131" />
      <TestMethod codeBase="C:/Users/Diego/Documents/Visual Studio 2010/Projects/Uniprof/Tests/bin/Release/Tests.DLL" adapterTypeName="Microsoft.VisualStudio.TestTools.TestTypes.Unit.UnitTestAdapter, Microsoft.VisualStudio.QualityTools.Tips.UnitTest.Adapter, Version=10.0.0.0, Culture=neutral, PublicKeyToken=b03f5f7f11d50a3a" className="Tests.ProduccionBusinessTest, Tests, Version=1.0.0.0, Culture=neutral, PublicKeyToken=null" name="calcularPosiblesFechasTest2" />
    </UnitTest>
    <UnitTest name="listarOrdenDeComprasPorIdTest" storage="c:\users\diego\documents\visual studio 2010\projects\uniprof\tests\bin\release\tests.dll" id="2b495ffb-2b2e-0cf5-2875-0685d0724d3c">
      <Execution id="19897278-2dd3-42c8-ba65-7dfd65118cbd" />
      <TestMethod codeBase="C:/Users/Diego/Documents/Visual Studio 2010/Projects/Uniprof/Tests/bin/Release/Tests.DLL" adapterTypeName="Microsoft.VisualStudio.TestTools.TestTypes.Unit.UnitTestAdapter, Microsoft.VisualStudio.QualityTools.Tips.UnitTest.Adapter, Version=10.0.0.0, Culture=neutral, PublicKeyToken=b03f5f7f11d50a3a" className="Tests.OrdenCompraBusinessTest, Tests, Version=1.0.0.0, Culture=neutral, PublicKeyToken=null" name="listarOrdenDeComprasPorIdTest" />
    </UnitTest>
    <UnitTest name="listarInsumosConRestriccionesTest" storage="c:\users\diego\documents\visual studio 2010\projects\uniprof\tests\bin\release\tests.dll" id="09863448-141d-d561-d286-b118ec566d97">
      <Execution id="e3924025-647e-4bec-97e9-0bc1252cc4b6" />
      <TestMethod codeBase="C:/Users/Diego/Documents/Visual Studio 2010/Projects/Uniprof/Tests/bin/Release/Tests.DLL" adapterTypeName="Microsoft.VisualStudio.TestTools.TestTypes.Unit.UnitTestAdapter, Microsoft.VisualStudio.QualityTools.Tips.UnitTest.Adapter, Version=10.0.0.0, Culture=neutral, PublicKeyToken=b03f5f7f11d50a3a" className="Tests.InsumoBusinessTest, Tests, Version=1.0.0.0, Culture=neutral, PublicKeyToken=null" name="listarInsumosConRestriccionesTest" />
    </UnitTest>
    <UnitTest name="modificarMaquinaTest" storage="c:\users\diego\documents\visual studio 2010\projects\uniprof\tests\bin\release\tests.dll" id="fed9e610-805c-d98a-9231-d2a52d8e3441">
      <Execution id="a1d8c350-8453-4859-8b41-d09dc952a411" />
      <TestMethod codeBase="C:/Users/Diego/Documents/Visual Studio 2010/Projects/Uniprof/Tests/bin/Release/Tests.DLL" adapterTypeName="Microsoft.VisualStudio.TestTools.TestTypes.Unit.UnitTestAdapter, Microsoft.VisualStudio.QualityTools.Tips.UnitTest.Adapter, Version=10.0.0.0, Culture=neutral, PublicKeyToken=b03f5f7f11d50a3a" className="Tests.MaterialesBusinessTest, Tests, Version=1.0.0.0, Culture=neutral, PublicKeyToken=null" name="modificarMaquinaTest" />
    </UnitTest>
    <UnitTest name="buscarDiseñoInsumoConRestriccionesTest" storage="c:\users\diego\documents\visual studio 2010\projects\uniprof\tests\bin\release\tests.dll" id="4e213555-50ef-010c-9653-9ed4341cc7e4">
      <Execution id="6f820714-34b2-4995-925b-fc81ed859bc3" />
      <TestMethod codeBase="C:/Users/Diego/Documents/Visual Studio 2010/Projects/Uniprof/Tests/bin/Release/Tests.DLL" adapterTypeName="Microsoft.VisualStudio.TestTools.TestTypes.Unit.UnitTestAdapter, Microsoft.VisualStudio.QualityTools.Tips.UnitTest.Adapter, Version=10.0.0.0, Culture=neutral, PublicKeyToken=b03f5f7f11d50a3a" className="Tests.DiseñoInsumoTDGTest, Tests, Version=1.0.0.0, Culture=neutral, PublicKeyToken=null" name="buscarDiseñoInsumoConRestriccionesTest" />
    </UnitTest>
    <UnitTest name="actualizarNewsletterTest" storage="c:\users\diego\documents\visual studio 2010\projects\uniprof\tests\bin\release\tests.dll" id="f6c04c30-f707-2281-f731-8598fcdc8f9b">
      <Execution id="3f7a9cbe-99ee-49cd-9e38-acba95769b04" />
      <TestMethod codeBase="C:/Users/Diego/Documents/Visual Studio 2010/Projects/Uniprof/Tests/bin/Release/Tests.DLL" adapterTypeName="Microsoft.VisualStudio.TestTools.TestTypes.Unit.UnitTestAdapter, Microsoft.VisualStudio.QualityTools.Tips.UnitTest.Adapter, Version=10.0.0.0, Culture=neutral, PublicKeyToken=b03f5f7f11d50a3a" className="Tests.NewsletterBusinessTest, Tests, Version=1.0.0.0, Culture=neutral, PublicKeyToken=null" name="actualizarNewsletterTest" />
    </UnitTest>
    <UnitTest name="actualizarProduccionTest" storage="c:\users\diego\documents\visual studio 2010\projects\uniprof\tests\bin\release\tests.dll" id="cdf27cc7-0312-7eab-0024-7c2c609d9e03">
      <Execution id="b55efc8d-93c1-40b1-8f6d-d24408f77d54" />
      <TestMethod codeBase="C:/Users/Diego/Documents/Visual Studio 2010/Projects/Uniprof/Tests/bin/Release/Tests.DLL" adapterTypeName="Microsoft.VisualStudio.TestTools.TestTypes.Unit.UnitTestAdapter, Microsoft.VisualStudio.QualityTools.Tips.UnitTest.Adapter, Version=10.0.0.0, Culture=neutral, PublicKeyToken=b03f5f7f11d50a3a" className="Tests.ProduccionRepositorioTest, Tests, Version=1.0.0.0, Culture=neutral, PublicKeyToken=null" name="actualizarProduccionTest" />
    </UnitTest>
    <UnitTest name="cargarlistaPedidosTest" storage="c:\users\diego\documents\visual studio 2010\projects\uniprof\tests\bin\release\tests.dll" id="466df001-5e88-7941-9225-f5b84ddbea5e">
      <Execution id="8c445e84-b7b5-4d89-83ab-8124d5f123c4" />
      <TestMethod codeBase="C:/Users/Diego/Documents/Visual Studio 2010/Projects/Uniprof/Tests/bin/Release/Tests.DLL" adapterTypeName="Microsoft.VisualStudio.TestTools.TestTypes.Unit.UnitTestAdapter, Microsoft.VisualStudio.QualityTools.Tips.UnitTest.Adapter, Version=10.0.0.0, Culture=neutral, PublicKeyToken=b03f5f7f11d50a3a" className="Tests.PedidoTDGTest, Tests, Version=1.0.0.0, Culture=neutral, PublicKeyToken=null" name="cargarlistaPedidosTest" />
    </UnitTest>
    <UnitTest name="actualizarMaquinaTest" storage="c:\users\diego\documents\visual studio 2010\projects\uniprof\tests\bin\release\tests.dll" id="71db679d-9cd7-f55e-94f9-ae66c93fc299">
      <Execution id="2f82625d-0af8-49bc-b56d-2b1b7914e8fb" />
      <TestMethod codeBase="C:/Users/Diego/Documents/Visual Studio 2010/Projects/Uniprof/Tests/bin/Release/Tests.DLL" adapterTypeName="Microsoft.VisualStudio.TestTools.TestTypes.Unit.UnitTestAdapter, Microsoft.VisualStudio.QualityTools.Tips.UnitTest.Adapter, Version=10.0.0.0, Culture=neutral, PublicKeyToken=b03f5f7f11d50a3a" className="Tests.MaterialesBusinessTest, Tests, Version=1.0.0.0, Culture=neutral, PublicKeyToken=null" name="actualizarMaquinaTest" />
    </UnitTest>
    <UnitTest name="cargarMaquinasAptasTest" storage="c:\users\diego\documents\visual studio 2010\projects\uniprof\tests\bin\release\tests.dll" id="fb8dd2a9-a240-beb6-bd3d-66e4ba26b2aa">
      <Execution id="f446bd0b-771c-4639-a9cb-19b41d72696e" />
      <TestMethod codeBase="C:/Users/Diego/Documents/Visual Studio 2010/Projects/Uniprof/Tests/bin/Release/Tests.DLL" adapterTypeName="Microsoft.VisualStudio.TestTools.TestTypes.Unit.UnitTestAdapter, Microsoft.VisualStudio.QualityTools.Tips.UnitTest.Adapter, Version=10.0.0.0, Culture=neutral, PublicKeyToken=b03f5f7f11d50a3a" className="Tests.MaquinaRepositorioTest, Tests, Version=1.0.0.0, Culture=neutral, PublicKeyToken=null" name="cargarMaquinasAptasTest" />
    </UnitTest>
    <UnitTest name="listaPatentesTest" storage="c:\users\diego\documents\visual studio 2010\projects\uniprof\tests\bin\release\tests.dll" id="fe73d6a0-344d-935f-fa47-83db37554a24">
      <Execution id="66179fc5-7571-49f2-9b88-91285dc117ba" />
      <TestMethod codeBase="C:/Users/Diego/Documents/Visual Studio 2010/Projects/Uniprof/Tests/bin/Release/Tests.DLL" adapterTypeName="Microsoft.VisualStudio.TestTools.TestTypes.Unit.UnitTestAdapter, Microsoft.VisualStudio.QualityTools.Tips.UnitTest.Adapter, Version=10.0.0.0, Culture=neutral, PublicKeyToken=b03f5f7f11d50a3a" className="Tests.PatenteBusinessTest, Tests, Version=1.0.0.0, Culture=neutral, PublicKeyToken=null" name="listaPatentesTest" />
    </UnitTest>
    <UnitTest name="listarMovimientosTest" storage="c:\users\diego\documents\visual studio 2010\projects\uniprof\tests\bin\release\tests.dll" id="13647b9a-2c0d-1cd8-34c7-faf3c771ec37">
      <Execution id="90668407-6642-484d-b08e-54bd36130654" />
      <TestMethod codeBase="C:/Users/Diego/Documents/Visual Studio 2010/Projects/Uniprof/Tests/bin/Release/Tests.DLL" adapterTypeName="Microsoft.VisualStudio.TestTools.TestTypes.Unit.UnitTestAdapter, Microsoft.VisualStudio.QualityTools.Tips.UnitTest.Adapter, Version=10.0.0.0, Culture=neutral, PublicKeyToken=b03f5f7f11d50a3a" className="Tests.MovimientoCuentaClienteRepositorioTest, Tests, Version=1.0.0.0, Culture=neutral, PublicKeyToken=null" name="listarMovimientosTest" />
    </UnitTest>
    <UnitTest name="buscarTodoTest" storage="c:\users\diego\documents\visual studio 2010\projects\uniprof\tests\bin\release\tests.dll" id="d71a2e75-d02d-d52f-f44c-1c08c736ccf3">
      <Execution id="a6279dad-8cd4-4b9d-a8ca-80f6a265165a" />
      <TestMethod codeBase="C:/Users/Diego/Documents/Visual Studio 2010/Projects/Uniprof/Tests/bin/Release/Tests.DLL" adapterTypeName="Microsoft.VisualStudio.TestTools.TestTypes.Unit.UnitTestAdapter, Microsoft.VisualStudio.QualityTools.Tips.UnitTest.Adapter, Version=10.0.0.0, Culture=neutral, PublicKeyToken=b03f5f7f11d50a3a" className="Tests.ProduccionOperadorTDGTest, Tests, Version=1.0.0.0, Culture=neutral, PublicKeyToken=null" name="buscarTodoTest" />
    </UnitTest>
  </TestDefinitions>
  <TestLists>
    <TestList name="Results Not in a List" id="8c84fa94-04c1-424b-9868-57a2d4851a1d" />
    <TestList name="All Loaded Results" id="19431567-8539-422a-85d7-44ee4e166bda" />
  </TestLists>
  <TestEntries>
    <TestEntry testId="019bd56c-e56a-79a5-09bc-547b99ed981b" executionId="f74084ce-ff3a-4a40-a1ba-b83915a41570" testListId="8c84fa94-04c1-424b-9868-57a2d4851a1d" />
    <TestEntry testId="019cc466-e1e2-1876-80d0-8bd0f4668b2f" executionId="267ed078-d940-469d-a227-48572932db62" testListId="8c84fa94-04c1-424b-9868-57a2d4851a1d" />
    <TestEntry testId="0321ef45-ca6a-c46f-356f-5dff04b055f8" executionId="73b1bf5c-ab6e-4b4e-91cd-829f9785db01" testListId="8c84fa94-04c1-424b-9868-57a2d4851a1d" />
    <TestEntry testId="036044ea-8d05-b58f-21af-2b8c451629d2" executionId="295f982e-9b77-4ffc-a78d-17136f8453ed" testListId="8c84fa94-04c1-424b-9868-57a2d4851a1d" />
    <TestEntry testId="046d8853-4c4a-6ed7-e6b4-7cfe78d48668" executionId="68510f37-3854-43f3-92d4-ebf5551cac13" testListId="8c84fa94-04c1-424b-9868-57a2d4851a1d" />
    <TestEntry testId="049d0f88-7bdd-159e-dcba-5d96f972e9a7" executionId="af00ce78-fb26-4144-a4a8-905fa726b996" testListId="8c84fa94-04c1-424b-9868-57a2d4851a1d" />
    <TestEntry testId="04a946fc-19a1-d283-10d5-49de1068346e" executionId="43495686-01e0-45e9-8cd5-7fd81029727b" testListId="8c84fa94-04c1-424b-9868-57a2d4851a1d" />
    <TestEntry testId="0533de1e-bd84-9f46-95b5-950bf92951b0" executionId="65e2205f-fb4c-4e9c-88a9-8bb7420c0185" testListId="8c84fa94-04c1-424b-9868-57a2d4851a1d" />
    <TestEntry testId="0619da45-f95c-9013-f779-f3a2e41e2ddd" executionId="f8a845c1-9955-45b5-8ee2-3857f48fd0b2" testListId="8c84fa94-04c1-424b-9868-57a2d4851a1d" />
    <TestEntry testId="06ea3cf0-5b85-5241-6e3e-f83627367b47" executionId="4d07b41d-08d5-4b48-ace2-ded3b0600d6e" testListId="8c84fa94-04c1-424b-9868-57a2d4851a1d" />
    <TestEntry testId="07a2548d-4241-58e9-0562-3d619b418bbb" executionId="7dd98192-eed8-4124-89b6-8b6dbc5d06d4" testListId="8c84fa94-04c1-424b-9868-57a2d4851a1d" />
    <TestEntry testId="0826b7aa-fcce-4d97-453d-e58eb4a27a97" executionId="9e41fb2a-8a1c-4158-adb7-37935f94b45e" testListId="8c84fa94-04c1-424b-9868-57a2d4851a1d" />
    <TestEntry testId="09863448-141d-d561-d286-b118ec566d97" executionId="e3924025-647e-4bec-97e9-0bc1252cc4b6" testListId="8c84fa94-04c1-424b-9868-57a2d4851a1d" />
    <TestEntry testId="0a8df61c-a62f-1c66-059f-875171321588" executionId="a7f5d7ec-611b-47d2-9eb8-5ee314db559b" testListId="8c84fa94-04c1-424b-9868-57a2d4851a1d" />
    <TestEntry testId="0bbd7a33-36a4-99a4-2cd0-83fd451fea26" executionId="c56fe2c2-5622-42eb-ac2f-8e83c2154a21" testListId="8c84fa94-04c1-424b-9868-57a2d4851a1d" />
    <TestEntry testId="0d0b6b4c-3d42-300a-bac7-fbab5e0b6cc5" executionId="e5eb29b6-9182-472a-8f22-fa5472adf7d6" testListId="8c84fa94-04c1-424b-9868-57a2d4851a1d" />
    <TestEntry testId="0d3f2b5f-2310-d53e-af58-1c0f5f09df9f" executionId="977a8308-0cdb-4e76-8db6-9634482a501f" testListId="8c84fa94-04c1-424b-9868-57a2d4851a1d" />
    <TestEntry testId="0dd1a643-72f4-8fdd-aebf-659387fe0ecf" executionId="32157fc3-2c47-4c6d-85f3-760f9100ccc3" testListId="8c84fa94-04c1-424b-9868-57a2d4851a1d" />
    <TestEntry testId="10b4c1e2-77e8-b6fe-ff2c-b75bd78a1790" executionId="fb4413aa-3b79-4b83-abc7-110fba46e628" testListId="8c84fa94-04c1-424b-9868-57a2d4851a1d" />
    <TestEntry testId="1185b585-ef75-6544-19b0-95bea00f10c1" executionId="a828eb73-719b-436c-a64a-0a6be8753e7a" testListId="8c84fa94-04c1-424b-9868-57a2d4851a1d" />
    <TestEntry testId="13283e1a-ebd5-2811-9974-2614dbf7730f" executionId="4fc2de35-d182-4902-9928-e1d282846885" testListId="8c84fa94-04c1-424b-9868-57a2d4851a1d" />
    <TestEntry testId="132dbdad-c767-c70b-4154-f7166132216a" executionId="38108871-da13-46ca-88c7-99327ac8b07b" testListId="8c84fa94-04c1-424b-9868-57a2d4851a1d" />
    <TestEntry testId="13496ae0-c24c-3fcb-7178-2789fe5b49ef" executionId="76baaeb6-554e-4ab4-92c4-c66629f6a5ff" testListId="8c84fa94-04c1-424b-9868-57a2d4851a1d" />
    <TestEntry testId="13647b9a-2c0d-1cd8-34c7-faf3c771ec37" executionId="90668407-6642-484d-b08e-54bd36130654" testListId="8c84fa94-04c1-424b-9868-57a2d4851a1d" />
    <TestEntry testId="14276aa4-72b7-f96c-4fe9-e83b20c4c391" executionId="fdda0bc5-7f77-4634-9993-e1e2c8314530" testListId="8c84fa94-04c1-424b-9868-57a2d4851a1d" />
    <TestEntry testId="147439b4-00a7-f2cb-1dec-6270bffba92e" executionId="3348d9ac-c61d-4fe0-83c9-77f091f07db6" testListId="8c84fa94-04c1-424b-9868-57a2d4851a1d" />
    <TestEntry testId="1547d2a7-8401-4066-0421-456391521e4e" executionId="23e68a88-608f-4333-8e92-58c134fea019" testListId="8c84fa94-04c1-424b-9868-57a2d4851a1d" />
    <TestEntry testId="15781058-9d50-4692-2e7e-53db8e43c13c" executionId="e2b9c501-4775-441b-9643-41f5bca3b11b" testListId="8c84fa94-04c1-424b-9868-57a2d4851a1d" />
    <TestEntry testId="15a2dfa0-b5da-ca0f-1901-200d0b50ec37" executionId="75c18a56-9128-4f25-8be5-71df04155f9f" testListId="8c84fa94-04c1-424b-9868-57a2d4851a1d" />
    <TestEntry testId="15e90031-185d-99ec-c865-633047dc95f1" executionId="2a5fbf3f-3de5-4733-9016-4f67af07e0cf" testListId="8c84fa94-04c1-424b-9868-57a2d4851a1d" />
    <TestEntry testId="16d2afdb-fcf6-6658-1d97-2e6156bb9c19" executionId="d5c47be2-b8d9-4cbc-9251-7c2c9ede82fd" testListId="8c84fa94-04c1-424b-9868-57a2d4851a1d" />
    <TestEntry testId="16ffbd3f-3aee-beef-202b-0a5edf0b4c4f" executionId="55a878e2-a598-4b24-acc6-d5c809d42ddd" testListId="8c84fa94-04c1-424b-9868-57a2d4851a1d" />
    <TestEntry testId="179d28ef-c565-5c45-d785-59f1a0626295" executionId="0ecae3f9-918d-4f07-b8d5-9f197b69cb3e" testListId="8c84fa94-04c1-424b-9868-57a2d4851a1d" />
    <TestEntry testId="19a165a4-d445-e33e-7cb8-0f8a6d509eae" executionId="966bf4a2-d851-4664-971f-887ea25e6b5a" testListId="8c84fa94-04c1-424b-9868-57a2d4851a1d" />
    <TestEntry testId="1a2eb27e-5a5f-d0a1-8888-804cc861f69e" executionId="b2bebb4a-49ff-4277-90e2-5106a9183f8c" testListId="8c84fa94-04c1-424b-9868-57a2d4851a1d" />
    <TestEntry testId="1aa90fb2-a5a8-fc6d-427f-550365a59543" executionId="faf234eb-6c5f-47d2-b5ae-42403c7c007a" testListId="8c84fa94-04c1-424b-9868-57a2d4851a1d" />
    <TestEntry testId="1cbe2801-d19a-9274-15f8-0dba46344245" executionId="af22e832-087f-4e8a-a272-69d22796ffbb" testListId="8c84fa94-04c1-424b-9868-57a2d4851a1d" />
    <TestEntry testId="1cca4a40-3e79-045d-0667-c735e9a1087b" executionId="3a0e8549-1e56-44f2-a8a1-d6d3312f1eb2" testListId="8c84fa94-04c1-424b-9868-57a2d4851a1d" />
    <TestEntry testId="1cea9887-e3c9-cea8-286a-dd9be44d7403" executionId="bd06b77c-42e0-4ac2-8e73-7c8e0f88e07b" testListId="8c84fa94-04c1-424b-9868-57a2d4851a1d" />
    <TestEntry testId="1e112e87-ecd4-bbc8-5f74-eb12a4718023" executionId="b09eb3c5-bf92-4f37-8feb-a480df9e4e69" testListId="8c84fa94-04c1-424b-9868-57a2d4851a1d" />
    <TestEntry testId="1f993eef-b5ac-3548-c940-f219e4216d75" executionId="38ee3ad8-0adb-47e8-ac22-87a0d79da57c" testListId="8c84fa94-04c1-424b-9868-57a2d4851a1d" />
    <TestEntry testId="1fb18ed6-06da-35e1-ec67-5275eec70993" executionId="3c93ba19-f886-4573-801f-905cc076ee88" testListId="8c84fa94-04c1-424b-9868-57a2d4851a1d" />
    <TestEntry testId="20d5f305-5003-b633-f12a-b60950a7d487" executionId="36b85fc3-c9a2-49e0-a7c1-058ed3b22a32" testListId="8c84fa94-04c1-424b-9868-57a2d4851a1d" />
    <TestEntry testId="21f1e20b-dcac-fe9b-670b-02932753806f" executionId="15d31a44-95f4-48f4-bedc-e1f112ccdffe" testListId="8c84fa94-04c1-424b-9868-57a2d4851a1d" />
    <TestEntry testId="2277aaf3-514d-5d22-b68b-739c3ef345a2" executionId="f64394c4-ecf4-422c-a866-81ed9c248d43" testListId="8c84fa94-04c1-424b-9868-57a2d4851a1d" />
    <TestEntry testId="231d325e-5b2d-4422-b67b-4aed1bbc3f49" executionId="10f99d44-0851-4f21-813d-d0423449d5ef" testListId="8c84fa94-04c1-424b-9868-57a2d4851a1d" />
    <TestEntry testId="24d98172-4e51-96b3-ef4d-cd0ed2a98c18" executionId="d6372889-f9af-4981-8f0e-8fe5834ae567" testListId="8c84fa94-04c1-424b-9868-57a2d4851a1d" />
    <TestEntry testId="251887f2-80b7-06cc-ae64-369889df804d" executionId="f3bd8e18-c3ec-4c42-a1d7-a4134ceb871b" testListId="8c84fa94-04c1-424b-9868-57a2d4851a1d" />
    <TestEntry testId="254f3c87-cb8f-24cb-6d93-8a60e4e333c0" executionId="1545eadf-e6c4-45ee-9929-1d48d2cc4b68" testListId="8c84fa94-04c1-424b-9868-57a2d4851a1d" />
    <TestEntry testId="25d73e54-4c45-c0f8-0cc6-cd9d82e5c8a4" executionId="8a53382a-3777-4a22-aa8a-8b10559d69e9" testListId="8c84fa94-04c1-424b-9868-57a2d4851a1d" />
    <TestEntry testId="26a546ff-2782-4a5a-0d01-d730f8d08c9d" executionId="778f9d86-62ed-42d3-b899-c088fa5423ce" testListId="8c84fa94-04c1-424b-9868-57a2d4851a1d" />
    <TestEntry testId="26d1e25c-63b7-c2c4-03c0-99f8e7631508" executionId="fc925f46-aa51-4b9c-81ed-4f23c81b5b01" testListId="8c84fa94-04c1-424b-9868-57a2d4851a1d" />
    <TestEntry testId="26e79886-012b-c1dd-53e8-d16d49221a25" executionId="1da9d8b8-62b8-44a6-80f1-8de52c060178" testListId="8c84fa94-04c1-424b-9868-57a2d4851a1d" />
    <TestEntry testId="2807b06d-2424-3984-a9d6-3c90127f0468" executionId="9493d058-041a-4f8a-81f8-15ea6b1c77de" testListId="8c84fa94-04c1-424b-9868-57a2d4851a1d" />
    <TestEntry testId="280aded5-68b9-b810-9a8e-34bdb568fac8" executionId="865400b5-55cc-49ba-9aa8-a6125225d63f" testListId="8c84fa94-04c1-424b-9868-57a2d4851a1d" />
    <TestEntry testId="28e69d1a-8de4-eba9-3792-eae237e8276c" executionId="4dac68b3-96a5-44a5-9c71-5565cff91045" testListId="8c84fa94-04c1-424b-9868-57a2d4851a1d" />
    <TestEntry testId="29a5da4e-65d5-0422-5e68-618976117f03" executionId="7d634e62-6187-421b-8525-fe2e7cc98dd0" testListId="8c84fa94-04c1-424b-9868-57a2d4851a1d" />
    <TestEntry testId="29f0136c-6b94-67a3-1d98-7e9ef56e0b01" executionId="7a25789d-fa5b-483b-84a2-8730f3e8126d" testListId="8c84fa94-04c1-424b-9868-57a2d4851a1d" />
    <TestEntry testId="2a172fd5-1ba6-de08-de7a-3705a01c8b9d" executionId="78621d13-0125-459e-901f-12a36f72d77b" testListId="8c84fa94-04c1-424b-9868-57a2d4851a1d" />
    <TestEntry testId="2a2fd5ee-0dc7-50c0-f1c8-c482f09c9964" executionId="a5d52970-6215-4c3b-8d9a-7fe7a7b78d91" testListId="8c84fa94-04c1-424b-9868-57a2d4851a1d" />
    <TestEntry testId="2ae7b1af-8597-a3ce-277b-0dc18037e21f" executionId="d8634f67-ca92-4608-bdbd-fea06019d8d9" testListId="8c84fa94-04c1-424b-9868-57a2d4851a1d" />
    <TestEntry testId="2b495ffb-2b2e-0cf5-2875-0685d0724d3c" executionId="19897278-2dd3-42c8-ba65-7dfd65118cbd" testListId="8c84fa94-04c1-424b-9868-57a2d4851a1d" />
    <TestEntry testId="2bbea6cc-d32e-272a-1a5e-81a0cec727a7" executionId="333b0657-774a-4d10-9d62-fb4a6bcde46f" testListId="8c84fa94-04c1-424b-9868-57a2d4851a1d" />
    <TestEntry testId="2c93c645-adc5-bb40-79d7-b39e8ca0fa8c" executionId="11e936b6-9d1a-4354-8605-3a8d84d3dca3" testListId="8c84fa94-04c1-424b-9868-57a2d4851a1d" />
    <TestEntry testId="2dd0d705-2d7c-e989-e9d2-1892c8b66262" executionId="832fe51b-c6ef-47a8-84e5-5c76841c2da0" testListId="8c84fa94-04c1-424b-9868-57a2d4851a1d" />
    <TestEntry testId="2e92c0a7-eb38-f9b0-56bc-708e3a1e95b2" executionId="7ac143c8-6d35-490b-8e3e-9de97394f194" testListId="8c84fa94-04c1-424b-9868-57a2d4851a1d" />
    <TestEntry testId="2ecef026-d4ff-850b-2022-72b81bdf2047" executionId="4e6c7625-cba6-4fcf-8ea4-4cc571ea5ebe" testListId="8c84fa94-04c1-424b-9868-57a2d4851a1d" />
    <TestEntry testId="2f3865ce-701f-5035-c928-beb5bf354e66" executionId="fc22db3d-a5ce-424c-b9fa-6f97fccd57e9" testListId="8c84fa94-04c1-424b-9868-57a2d4851a1d" />
    <TestEntry testId="2f942134-eb39-049b-9e6e-2f42e91a8a19" executionId="7a0c24e3-b9b8-4b57-9c51-8aa39de7be2e" testListId="8c84fa94-04c1-424b-9868-57a2d4851a1d" />
    <TestEntry testId="2ff4ab24-8ba8-c855-2fbb-5316fd166e9f" executionId="9c517a3d-1afc-4469-8f69-7b4e37e63fa1" testListId="8c84fa94-04c1-424b-9868-57a2d4851a1d" />
    <TestEntry testId="3022c4e6-888b-2dda-b879-e60c04b5e600" executionId="df5582ea-f2dc-4f14-bb05-a0ab9018787f" testListId="8c84fa94-04c1-424b-9868-57a2d4851a1d" />
    <TestEntry testId="302f391e-539b-a40e-3606-007f4a4a5dfd" executionId="6e4ee08b-156b-4f00-bd91-2d2e409ec372" testListId="8c84fa94-04c1-424b-9868-57a2d4851a1d" />
    <TestEntry testId="3222f04f-3bb8-b915-7622-11e1c846763f" executionId="909512fe-aeba-45f5-a48b-ef8390811b97" testListId="8c84fa94-04c1-424b-9868-57a2d4851a1d" />
    <TestEntry testId="3323acf7-8dc7-360e-f0a1-c4a2fbb9a91e" executionId="22b16e1f-50e0-41e7-a707-b7d621b3df00" testListId="8c84fa94-04c1-424b-9868-57a2d4851a1d" />
    <TestEntry testId="33cb7b57-1952-56c9-afdf-65517595c4dd" executionId="c1ffe2fb-e8eb-4356-b636-dff2ca82df67" testListId="8c84fa94-04c1-424b-9868-57a2d4851a1d" />
    <TestEntry testId="34308cfd-d506-0b0a-6562-a4e0e8e6e9f3" executionId="692fc9b2-f744-4f0d-97db-8531da5437c3" testListId="8c84fa94-04c1-424b-9868-57a2d4851a1d" />
    <TestEntry testId="353a1d2f-a022-ae0b-e495-9424c7779e0c" executionId="ce716ae3-f22c-4037-88e5-6a123e544166" testListId="8c84fa94-04c1-424b-9868-57a2d4851a1d" />
    <TestEntry testId="364ee525-fb4e-4236-05f2-99b03bc282b2" executionId="ba0707d9-bd93-4051-a85b-635cdaa559db" testListId="8c84fa94-04c1-424b-9868-57a2d4851a1d" />
    <TestEntry testId="36f9d5ec-47e1-6737-13d6-445eaa622ab8" executionId="bcce7003-7fa5-4e66-90bf-60456d207570" testListId="8c84fa94-04c1-424b-9868-57a2d4851a1d" />
    <TestEntry testId="371ae7d4-9804-8eea-7d23-86fbb28eb5e2" executionId="7ce90114-806a-4b3d-b025-4c893efc260e" testListId="8c84fa94-04c1-424b-9868-57a2d4851a1d" />
    <TestEntry testId="375be106-944a-05c4-4975-c4a32afdccd6" executionId="e624007b-628d-44bc-8c1f-53853773f617" testListId="8c84fa94-04c1-424b-9868-57a2d4851a1d" />
    <TestEntry testId="37b5db64-970d-c293-40fd-5d0b9fe33e03" executionId="fd9a3ab4-5897-4f4c-918c-9ae413724425" testListId="8c84fa94-04c1-424b-9868-57a2d4851a1d" />
    <TestEntry testId="37eb03dd-b0ba-1d1a-150c-82804e7b16da" executionId="f9c357db-c019-4402-bd3b-38233053b98c" testListId="8c84fa94-04c1-424b-9868-57a2d4851a1d" />
    <TestEntry testId="3814ca38-0b83-b334-0d16-36809809c612" executionId="9dde2223-d964-4020-a441-d559c0bc4812" testListId="8c84fa94-04c1-424b-9868-57a2d4851a1d" />
    <TestEntry testId="390965ee-b707-eb4d-f805-7a307d4ab7fa" executionId="64eeb8ea-07d6-4957-8056-9b51cacabe9e" testListId="8c84fa94-04c1-424b-9868-57a2d4851a1d" />
    <TestEntry testId="399698d6-d910-1ab1-d972-fb6aa80639ce" executionId="a5dde344-4887-419a-983b-707c3f7e9bc1" testListId="8c84fa94-04c1-424b-9868-57a2d4851a1d" />
    <TestEntry testId="39eb9513-2b02-9bb1-bfd3-cd5a5b8ce938" executionId="f95439a3-7430-4e16-bdc0-15c656b41bad" testListId="8c84fa94-04c1-424b-9868-57a2d4851a1d" />
    <TestEntry testId="3a69785d-69f1-1ae3-6647-f1fbd5f0c79c" executionId="f230498b-6068-47df-a995-40dddc747131" testListId="8c84fa94-04c1-424b-9868-57a2d4851a1d" />
    <TestEntry testId="3b15fca6-ba42-6ea6-b114-894cdb11cb16" executionId="b89500ae-37c0-4ffe-a653-a42485cbbcc1" testListId="8c84fa94-04c1-424b-9868-57a2d4851a1d" />
    <TestEntry testId="3bb3d861-97d5-17ed-e4db-8593f01e3068" executionId="55d3ca80-ec54-4866-9770-c652465552a4" testListId="8c84fa94-04c1-424b-9868-57a2d4851a1d" />
    <TestEntry testId="3c12ed63-05b7-6919-12b1-8653c094ff5f" executionId="af1867cc-9219-42ab-915d-1b80b6c51f65" testListId="8c84fa94-04c1-424b-9868-57a2d4851a1d" />
    <TestEntry testId="3cd1a5b2-2061-12b0-4cbc-6da8d643a9e8" executionId="b651da31-b229-4169-9e69-656d5a07a52a" testListId="8c84fa94-04c1-424b-9868-57a2d4851a1d" />
    <TestEntry testId="3d34ce3d-2c19-4b40-f3e1-1e5a5ee88a27" executionId="90ceb297-6f78-4e1f-847a-e0ddecc99574" testListId="8c84fa94-04c1-424b-9868-57a2d4851a1d" />
    <TestEntry testId="3d5d4690-413e-480e-9909-702cf88399dd" executionId="0e1eeb13-f9c5-4502-b4fc-37214aa8a7ca" testListId="8c84fa94-04c1-424b-9868-57a2d4851a1d" />
    <TestEntry testId="3f09e394-0823-389c-6e0c-74955eff820a" executionId="f5507cd8-5f86-4e56-8177-d6489ec184cb" testListId="8c84fa94-04c1-424b-9868-57a2d4851a1d" />
    <TestEntry testId="3f50a717-0b73-d5bd-41bc-37d26b580e88" executionId="4f153f89-8a30-4dcd-9595-3c81ee052501" testListId="8c84fa94-04c1-424b-9868-57a2d4851a1d" />
    <TestEntry testId="3f81de19-4fde-6528-9e0d-cf576c0d46aa" executionId="34c20f6c-ae30-463e-a04c-a8512a1b59e4" testListId="8c84fa94-04c1-424b-9868-57a2d4851a1d" />
    <TestEntry testId="4063ba31-c658-1e39-f2a1-4789b86cdf92" executionId="c582e62c-ce89-4645-a982-0191e36db135" testListId="8c84fa94-04c1-424b-9868-57a2d4851a1d" />
    <TestEntry testId="4075ee85-dce8-0a59-bbe2-572b6c1b6a07" executionId="506be816-251d-4f73-93b6-e0bb8b1090ed" testListId="8c84fa94-04c1-424b-9868-57a2d4851a1d" />
    <TestEntry testId="40c309eb-6e85-5d22-3be7-c1b561c3a631" executionId="02783d9d-ae7a-484f-8162-384efdfcfb1a" testListId="8c84fa94-04c1-424b-9868-57a2d4851a1d" />
    <TestEntry testId="4128c841-fbe4-5443-0039-ee6ab9d8480a" executionId="b7c75cc7-e627-41ce-a8b2-57e962e9080f" testListId="8c84fa94-04c1-424b-9868-57a2d4851a1d" />
    <TestEntry testId="4148e9ec-0e25-c6a4-4bc2-03540cd0a990" executionId="e7a5d5c7-9cc3-4585-962f-aa332050dd36" testListId="8c84fa94-04c1-424b-9868-57a2d4851a1d" />
    <TestEntry testId="41ca50b2-af08-ebb5-fe81-0171706b4196" executionId="dfa11a63-2513-408e-b3a0-d4da0d5d1f76" testListId="8c84fa94-04c1-424b-9868-57a2d4851a1d" />
    <TestEntry testId="42bbff3f-ae90-d4a3-ac96-e18e8d721f9a" executionId="42a523d6-df13-4f64-b4be-85f1df5174ce" testListId="8c84fa94-04c1-424b-9868-57a2d4851a1d" />
    <TestEntry testId="42bc7f23-0a71-a17c-783c-a7c1f6e66d7c" executionId="935b85f2-8f11-4ed5-bfd4-1886d9ee1a0e" testListId="8c84fa94-04c1-424b-9868-57a2d4851a1d" />
    <TestEntry testId="42d34e85-28e2-30e8-a414-32919f9963a2" executionId="47ba02a0-1bb3-4412-9aed-728a53b3fd97" testListId="8c84fa94-04c1-424b-9868-57a2d4851a1d" />
    <TestEntry testId="42f3bd17-7e9a-3a2a-0abf-94dcbfe8af44" executionId="e1678068-8adb-4f17-bbd1-a1b85f598ddf" testListId="8c84fa94-04c1-424b-9868-57a2d4851a1d" />
    <TestEntry testId="43cb51cd-66eb-181b-064e-18bf81c14a68" executionId="705d59f2-4c12-44df-afa8-0835200dc4ec" testListId="8c84fa94-04c1-424b-9868-57a2d4851a1d" />
    <TestEntry testId="4470df03-406c-ac4c-036b-0433b2842ca5" executionId="fd9803f9-02a9-4f12-be81-620e743ef542" testListId="8c84fa94-04c1-424b-9868-57a2d4851a1d" />
    <TestEntry testId="44f2f0a7-9e33-876a-b7c3-d86059021fb2" executionId="b074b721-9b1e-4887-8da8-94c3129ae873" testListId="8c84fa94-04c1-424b-9868-57a2d4851a1d" />
    <TestEntry testId="45d73400-010d-bede-b097-0e012e473ce7" executionId="426189ad-7540-4af6-ab24-b17e85c9535f" testListId="8c84fa94-04c1-424b-9868-57a2d4851a1d" />
    <TestEntry testId="46319d74-a59b-cb4c-c42c-91de192140ab" executionId="a0fc2dea-e51f-463a-a476-855134c5efcb" testListId="8c84fa94-04c1-424b-9868-57a2d4851a1d" />
    <TestEntry testId="466df001-5e88-7941-9225-f5b84ddbea5e" executionId="8c445e84-b7b5-4d89-83ab-8124d5f123c4" testListId="8c84fa94-04c1-424b-9868-57a2d4851a1d" />
    <TestEntry testId="468ca457-0ed7-03c2-646c-9f2875316428" executionId="f403bd1c-41e0-486d-ad55-fff6021f6ad0" testListId="8c84fa94-04c1-424b-9868-57a2d4851a1d" />
    <TestEntry testId="47539572-8702-25fd-25db-bd0bdd8958b7" executionId="e5336d60-0a71-42e8-a35f-038a2f36c184" testListId="8c84fa94-04c1-424b-9868-57a2d4851a1d" />
    <TestEntry testId="47829263-2bc4-1929-0c73-083969548a33" executionId="33beca26-6cb3-45b9-86b1-a2c9037958c8" testListId="8c84fa94-04c1-424b-9868-57a2d4851a1d" />
    <TestEntry testId="47d53732-aaac-b97d-3608-f4da6d7da1f0" executionId="e7a198e7-ad30-4c1a-b2c9-d27d6e1e95e0" testListId="8c84fa94-04c1-424b-9868-57a2d4851a1d" />
    <TestEntry testId="47f1b7ea-5dbe-ff8b-ee2e-cd35503da3a7" executionId="48bc82f5-52c2-4f94-90f5-13a5091a60be" testListId="8c84fa94-04c1-424b-9868-57a2d4851a1d" />
    <TestEntry testId="4ab5b9e6-5b30-baa0-2e6d-fac9df442766" executionId="e76be761-7fa5-4bc6-b1cf-770820c313ed" testListId="8c84fa94-04c1-424b-9868-57a2d4851a1d" />
    <TestEntry testId="4b2e2241-5ba0-4bf3-a87c-c3b9957ec404" executionId="93e70125-61a6-443a-8dee-4a71239796fd" testListId="8c84fa94-04c1-424b-9868-57a2d4851a1d" />
    <TestEntry testId="4b4cc00b-440a-fb3e-bf1c-58f18a59fbb6" executionId="8df9db2d-2db3-4b42-839c-a22ce7b476bd" testListId="8c84fa94-04c1-424b-9868-57a2d4851a1d" />
    <TestEntry testId="4cab3d76-8fe4-c6a9-062c-275660c809ba" executionId="2567b45d-3193-4f86-8e33-6fb66d084a57" testListId="8c84fa94-04c1-424b-9868-57a2d4851a1d" />
    <TestEntry testId="4cc6b71b-462c-2bdc-f536-28b4d3d30de5" executionId="8bdbf909-47c2-476d-a703-60cdc296d521" testListId="8c84fa94-04c1-424b-9868-57a2d4851a1d" />
    <TestEntry testId="4d2a8d5b-b176-00fc-503a-b6acea4e399d" executionId="a1fdfb8a-67be-4705-999f-bbdfa368be42" testListId="8c84fa94-04c1-424b-9868-57a2d4851a1d" />
    <TestEntry testId="4d891028-ff30-5474-0c6f-59e839f50717" executionId="8cda3b8a-bb1b-4c55-9c86-d6a7ea126fb2" testListId="8c84fa94-04c1-424b-9868-57a2d4851a1d" />
    <TestEntry testId="4e213555-50ef-010c-9653-9ed4341cc7e4" executionId="6f820714-34b2-4995-925b-fc81ed859bc3" testListId="8c84fa94-04c1-424b-9868-57a2d4851a1d" />
    <TestEntry testId="4f159a29-3cb7-c1f2-9ed8-8c5ed23afcbe" executionId="f8a67db3-ee59-45af-9b08-7cfd64620e34" testListId="8c84fa94-04c1-424b-9868-57a2d4851a1d" />
    <TestEntry testId="4f3a2e54-c06b-cfc2-386b-24b648fee82c" executionId="f41c593e-b031-4300-b2d1-392d7e268334" testListId="8c84fa94-04c1-424b-9868-57a2d4851a1d" />
    <TestEntry testId="5062f8db-d3cc-b220-b391-1deb74053b65" executionId="42db1030-983a-45ca-b9aa-0777d69c5a92" testListId="8c84fa94-04c1-424b-9868-57a2d4851a1d" />
    <TestEntry testId="5136f8bc-ea30-8e7a-77a2-f46a924db348" executionId="c8d831b9-6d6d-4fba-b7d0-2d133916da75" testListId="8c84fa94-04c1-424b-9868-57a2d4851a1d" />
    <TestEntry testId="513854bd-1669-ed84-d891-6995e53105ac" executionId="fbc3ae7e-94c4-4ad3-8a7c-e19732423af5" testListId="8c84fa94-04c1-424b-9868-57a2d4851a1d" />
    <TestEntry testId="52baea7e-b200-446e-6971-763252eb7cdd" executionId="8aedeee6-7bb8-4db7-af4d-9ba2660870a2" testListId="8c84fa94-04c1-424b-9868-57a2d4851a1d" />
    <TestEntry testId="52d17b0e-d936-129e-43f3-078523a7b6ea" executionId="787d814e-183b-4c4d-b6ec-bd955f3093d8" testListId="8c84fa94-04c1-424b-9868-57a2d4851a1d" />
    <TestEntry testId="53977503-45e6-020c-cee1-a5a2bdcb3045" executionId="b3cba480-face-4272-b975-9070c453b18b" testListId="8c84fa94-04c1-424b-9868-57a2d4851a1d" />
    <TestEntry testId="53e8a9c8-96f4-eccd-a6cf-588d5c1fbc4b" executionId="2297add9-d64e-4b77-84df-8cfe2c6fd71f" testListId="8c84fa94-04c1-424b-9868-57a2d4851a1d" />
    <TestEntry testId="53fb134c-9656-57a4-8598-b11e28cf481e" executionId="0a07495a-c246-4a3c-9949-cfd09e628e1b" testListId="8c84fa94-04c1-424b-9868-57a2d4851a1d" />
    <TestEntry testId="542e3d8e-c605-852a-af9b-310782faad08" executionId="6d40b0c7-08f6-48b0-adb8-593da0257276" testListId="8c84fa94-04c1-424b-9868-57a2d4851a1d" />
    <TestEntry testId="55841f62-e499-c1d2-7702-e492ea6411db" executionId="8ba4342a-8666-4269-b4aa-76ebab0922ac" testListId="8c84fa94-04c1-424b-9868-57a2d4851a1d" />
    <TestEntry testId="5627da22-d5e7-edd9-24c7-79ea0acd3bdb" executionId="af273b9a-fc54-46cb-b146-95ed5a14c2e9" testListId="8c84fa94-04c1-424b-9868-57a2d4851a1d" />
    <TestEntry testId="57811f03-2314-dd80-537e-0ead8105505e" executionId="bd916fcf-dbe0-4f9d-b527-6d060f2d5f2f" testListId="8c84fa94-04c1-424b-9868-57a2d4851a1d" />
    <TestEntry testId="57822e73-41f0-97dd-bf29-4b1fd4ed053c" executionId="b0b4c607-fb52-4c22-a623-68b995f19581" testListId="8c84fa94-04c1-424b-9868-57a2d4851a1d" />
    <TestEntry testId="58008e3d-a662-382f-b6bd-ea56db2d0729" executionId="2dc24d08-8473-4531-9780-47bcea239e68" testListId="8c84fa94-04c1-424b-9868-57a2d4851a1d" />
    <TestEntry testId="583b72ae-47b9-5eaa-f8ea-320cdf69527e" executionId="d197776a-55a7-4911-81da-82b5ddaeb994" testListId="8c84fa94-04c1-424b-9868-57a2d4851a1d" />
    <TestEntry testId="590fbd59-b150-d4b9-6a37-e409519e63c2" executionId="5b9c47d2-5867-4a48-8029-f6095e786bb2" testListId="8c84fa94-04c1-424b-9868-57a2d4851a1d" />
    <TestEntry testId="59186e93-3595-d080-b439-d655c96ab973" executionId="dafb12ff-fb38-45f4-b9a2-8792cf3c99bd" testListId="8c84fa94-04c1-424b-9868-57a2d4851a1d" />
    <TestEntry testId="5973b42f-4391-99d3-6b49-5d351ffdd924" executionId="099d6101-1e8a-441a-b378-d561af2c60d1" testListId="8c84fa94-04c1-424b-9868-57a2d4851a1d" />
    <TestEntry testId="59ac30e1-edc3-3193-83d1-44bf47baeaf4" executionId="816dbd9a-e2f9-414b-ba6c-26b291d4092c" testListId="8c84fa94-04c1-424b-9868-57a2d4851a1d" />
    <TestEntry testId="5a471128-b46d-a047-f96f-afe4f1f9ce56" executionId="4a7fd294-701b-4cb7-ae8a-aede0012af6f" testListId="8c84fa94-04c1-424b-9868-57a2d4851a1d" />
    <TestEntry testId="5b45a836-b61f-3f4e-71ec-60865157f707" executionId="107359c4-5a3f-47f0-afba-60a39185daab" testListId="8c84fa94-04c1-424b-9868-57a2d4851a1d" />
    <TestEntry testId="5b9bfc56-4cc5-173e-d51e-c0dfe65798ee" executionId="7d7884b3-c95f-4a11-bc09-5a07bbf097bf" testListId="8c84fa94-04c1-424b-9868-57a2d4851a1d" />
    <TestEntry testId="5bbb6d67-7645-c72a-0a3d-d422f73b22ec" executionId="22a4bb46-40b4-47e3-abbd-8dff5a32209c" testListId="8c84fa94-04c1-424b-9868-57a2d4851a1d" />
    <TestEntry testId="5bc580ea-e8dc-d81d-d20e-846c482c1228" executionId="718fedae-1877-4265-9967-12062e27b4b6" testListId="8c84fa94-04c1-424b-9868-57a2d4851a1d" />
    <TestEntry testId="5bcfcf35-a297-ce16-b906-540d8e2e0904" executionId="2ee7691a-f286-4147-89bc-56bfae6dc308" testListId="8c84fa94-04c1-424b-9868-57a2d4851a1d" />
    <TestEntry testId="5be9d1df-2b36-1659-9ba5-a87863ccb63a" executionId="b7e6884f-f9a7-48d7-a08f-3152bb38947b" testListId="8c84fa94-04c1-424b-9868-57a2d4851a1d" />
    <TestEntry testId="5c26e5bc-173f-d60e-f76c-ab3d9a4b4531" executionId="e208f81d-9c57-4266-9563-028ab2dd91f6" testListId="8c84fa94-04c1-424b-9868-57a2d4851a1d" />
    <TestEntry testId="5c85b597-4b7a-176d-3dac-461f2d66fe1b" executionId="abd485d9-68a6-44af-b557-45f455a7eed4" testListId="8c84fa94-04c1-424b-9868-57a2d4851a1d" />
    <TestEntry testId="5d206a37-78a3-f908-c018-7a5a53253c75" executionId="df2184e8-e349-496b-84d7-974ba141d473" testListId="8c84fa94-04c1-424b-9868-57a2d4851a1d" />
    <TestEntry testId="5d5c620b-143e-df44-c141-574eca133b7a" executionId="1f690c88-404f-48c6-8567-4e1393cce6a6" testListId="8c84fa94-04c1-424b-9868-57a2d4851a1d" />
    <TestEntry testId="5e0dec84-1eed-840d-bf51-237b2ddbdebf" executionId="892c4302-2320-4551-80ac-d74f8b4c226e" testListId="8c84fa94-04c1-424b-9868-57a2d4851a1d" />
    <TestEntry testId="5e39e02d-2b70-3982-2130-96924fff6d81" executionId="8ea3cb20-4445-42a1-9e0a-4b2cd9409db4" testListId="8c84fa94-04c1-424b-9868-57a2d4851a1d" />
    <TestEntry testId="5f0d0749-3ebf-18a9-df3b-b2af8e5ec0eb" executionId="ccfc1c40-3ebf-48d3-b0c7-d5412ac56de4" testListId="8c84fa94-04c1-424b-9868-57a2d4851a1d" />
    <TestEntry testId="5f6ca830-a7f5-404d-2afc-b5fe8dc971de" executionId="31d4ea0c-6e7a-43e7-8988-ed2adec6dfdd" testListId="8c84fa94-04c1-424b-9868-57a2d4851a1d" />
    <TestEntry testId="5fd39f80-1bc2-a1e7-8064-c0ed0e813279" executionId="6d6db527-10d3-47b6-94e9-6bede0d4a6e7" testListId="8c84fa94-04c1-424b-9868-57a2d4851a1d" />
    <TestEntry testId="5fe3519a-06e9-4436-0b1a-0afc24033be0" executionId="8b93f010-9970-4464-bedf-e22751c99887" testListId="8c84fa94-04c1-424b-9868-57a2d4851a1d" />
    <TestEntry testId="5ffe0bd0-6148-b429-44ab-e9d370687b86" executionId="382cf1b7-9b47-4b64-b111-ab7908c5a58b" testListId="8c84fa94-04c1-424b-9868-57a2d4851a1d" />
    <TestEntry testId="601e990e-751d-e263-ef32-4be40187ef20" executionId="b5010409-76c4-4822-af0a-187ac3a2f09c" testListId="8c84fa94-04c1-424b-9868-57a2d4851a1d" />
    <TestEntry testId="6195d611-24d3-4e42-5b11-b2da792448d4" executionId="dbffe5c2-847b-4bcb-bbfb-c1b60aa38c17" testListId="8c84fa94-04c1-424b-9868-57a2d4851a1d" />
    <TestEntry testId="61c2c67d-a8aa-50cc-81fa-b25eafff855b" executionId="fa1037be-16b0-4373-850f-ad0a623a8dea" testListId="8c84fa94-04c1-424b-9868-57a2d4851a1d" />
    <TestEntry testId="62392e62-abcf-2bb0-a872-aa102226687e" executionId="e916158d-dd5f-474a-90d7-389a1e2019a9" testListId="8c84fa94-04c1-424b-9868-57a2d4851a1d" />
    <TestEntry testId="62f6b994-f314-dfaa-2382-4b70b0820150" executionId="e6e3ca22-f247-4341-b3a4-3015e886d613" testListId="8c84fa94-04c1-424b-9868-57a2d4851a1d" />
    <TestEntry testId="645f3b20-4ed4-9fc8-0db6-f5c22e3f0ef4" executionId="a728d037-e247-477d-a131-41162ac1ec14" testListId="8c84fa94-04c1-424b-9868-57a2d4851a1d" />
    <TestEntry testId="64c5f523-bd77-dde6-863d-1ca40834d636" executionId="25f683c6-adbd-4323-99b1-8279d9ca175c" testListId="8c84fa94-04c1-424b-9868-57a2d4851a1d" />
    <TestEntry testId="653a7294-5203-6cdc-ff9d-6ea30ca26aa9" executionId="f65a8631-d90d-4018-b4f5-743257fa8893" testListId="8c84fa94-04c1-424b-9868-57a2d4851a1d" />
    <TestEntry testId="65cf3506-53bd-487b-cba6-ed8ab00a65a4" executionId="9a094fa9-bb6d-4c56-923a-d769a7a55968" testListId="8c84fa94-04c1-424b-9868-57a2d4851a1d" />
    <TestEntry testId="65f33339-f5f5-af8d-e74e-57a59876466d" executionId="7ab9802d-86d2-4ac6-92df-918ee44dd988" testListId="8c84fa94-04c1-424b-9868-57a2d4851a1d" />
    <TestEntry testId="66671db1-8d6b-13a4-a97e-68474a20ccf4" executionId="a25dc1c5-606d-4a99-ba31-97e2ce869726" testListId="8c84fa94-04c1-424b-9868-57a2d4851a1d" />
    <TestEntry testId="66a338ec-66f0-37fa-1bf3-601efb395594" executionId="aa675cd0-db26-4f25-a27e-882c7a4040ac" testListId="8c84fa94-04c1-424b-9868-57a2d4851a1d" />
    <TestEntry testId="66accf62-c8b1-294a-c12d-5fcb04e3bddf" executionId="fee05d57-fe70-4e4e-8f0e-8e9818c314a4" testListId="8c84fa94-04c1-424b-9868-57a2d4851a1d" />
    <TestEntry testId="67103975-0d80-6dc0-3e73-31c64db0977f" executionId="8a9020b2-b2c7-4e1e-a5f7-8e413d132af4" testListId="8c84fa94-04c1-424b-9868-57a2d4851a1d" />
    <TestEntry testId="68862084-d3f3-3b6a-8d1d-63a8120425c8" executionId="d08bae14-a1c1-4954-9bff-c5cd48cd1f98" testListId="8c84fa94-04c1-424b-9868-57a2d4851a1d" />
    <TestEntry testId="688ff74d-915e-d560-41c3-a70549298345" executionId="053d09d5-081d-4919-9b7c-2b1e3196c418" testListId="8c84fa94-04c1-424b-9868-57a2d4851a1d" />
    <TestEntry testId="69fa372c-7458-f7f0-5041-7bf40151831d" executionId="0f7a53ad-e50d-4f87-84bd-c4e382e0f586" testListId="8c84fa94-04c1-424b-9868-57a2d4851a1d" />
    <TestEntry testId="6b7c36cd-44f4-1879-c115-f544d495b61e" executionId="bfa111e3-3489-42ba-aa3c-e6db23f36ef9" testListId="8c84fa94-04c1-424b-9868-57a2d4851a1d" />
    <TestEntry testId="6c508edd-f42b-c301-6d53-7fe205a52a0b" executionId="62274212-5d08-4944-a245-32ac9830e412" testListId="8c84fa94-04c1-424b-9868-57a2d4851a1d" />
    <TestEntry testId="6c77fe8d-a8b3-4efd-1e3d-013b12293f74" executionId="e3ee6651-b288-4b55-b0e2-6c4921512d11" testListId="8c84fa94-04c1-424b-9868-57a2d4851a1d" />
    <TestEntry testId="6cf16972-5184-bd8a-3b41-bb02c50f3e4c" executionId="3f700fd1-6663-4752-a440-1c3f2d409a0f" testListId="8c84fa94-04c1-424b-9868-57a2d4851a1d" />
    <TestEntry testId="6dbb761e-cbdb-2c43-0c61-55938d83de19" executionId="496d88f3-1bf0-41fa-b7b3-859c543f607e" testListId="8c84fa94-04c1-424b-9868-57a2d4851a1d" />
    <TestEntry testId="6e20bc5d-0f12-b6d7-ba69-ad542caad9f6" executionId="aa990612-220d-4a0c-8c20-a8bfc21210e5" testListId="8c84fa94-04c1-424b-9868-57a2d4851a1d" />
    <TestEntry testId="6fccfc0c-3386-fa76-9bb6-5cb2884d04d6" executionId="97f3c5b4-cfe3-4e3c-8b5c-5cc86339176f" testListId="8c84fa94-04c1-424b-9868-57a2d4851a1d" />
    <TestEntry testId="70dba011-1aa4-3fb1-b8c2-fb8d0666bd55" executionId="d4109d94-67af-46a8-a749-ebf97b3ba6eb" testListId="8c84fa94-04c1-424b-9868-57a2d4851a1d" />
    <TestEntry testId="7187fc52-08ae-19d9-62d2-a1273ba98de3" executionId="49872fdb-8a94-4ac8-a11c-b44084b4453a" testListId="8c84fa94-04c1-424b-9868-57a2d4851a1d" />
    <TestEntry testId="71db679d-9cd7-f55e-94f9-ae66c93fc299" executionId="2f82625d-0af8-49bc-b56d-2b1b7914e8fb" testListId="8c84fa94-04c1-424b-9868-57a2d4851a1d" />
    <TestEntry testId="723aff45-3bd6-6949-d938-d2ccbc2f388d" executionId="6feef18f-eb49-4ef8-b465-5d77afa68c2d" testListId="8c84fa94-04c1-424b-9868-57a2d4851a1d" />
    <TestEntry testId="72b264c8-79c9-9087-ae9e-47c332dbaa6d" executionId="2570feea-7de7-4fe1-9791-0cb6bc2404c0" testListId="8c84fa94-04c1-424b-9868-57a2d4851a1d" />
    <TestEntry testId="75cbbdb7-6249-18c8-32b2-1920235c1d97" executionId="0f606587-76cb-4f6b-8af6-595edf314cd3" testListId="8c84fa94-04c1-424b-9868-57a2d4851a1d" />
    <TestEntry testId="75ff0c72-ae5b-a30a-d444-42d5bfa7ed8d" executionId="daa51e73-0177-4a6b-bb1d-7d0a568586cd" testListId="8c84fa94-04c1-424b-9868-57a2d4851a1d" />
    <TestEntry testId="76669914-042a-1066-d597-b186fff6c621" executionId="66469648-d67a-46c4-8365-cfceae0ea146" testListId="8c84fa94-04c1-424b-9868-57a2d4851a1d" />
    <TestEntry testId="77619216-98fe-f01d-d92b-ae2614d5a7c1" executionId="4818e7d1-b00d-4780-ae70-f854bb054224" testListId="8c84fa94-04c1-424b-9868-57a2d4851a1d" />
    <TestEntry testId="776c9b88-b138-d6aa-dd32-a876a9437025" executionId="2c20580e-98c5-45b0-ae57-362a77409aa9" testListId="8c84fa94-04c1-424b-9868-57a2d4851a1d" />
    <TestEntry testId="77a70718-b08f-850c-1bf3-10dbbe443592" executionId="75c7562b-a453-45e4-9c67-8f74d4919f05" testListId="8c84fa94-04c1-424b-9868-57a2d4851a1d" />
    <TestEntry testId="78d51b31-e137-cc46-4586-32e7fc15993b" executionId="7b550330-620f-494a-b932-f3886071b2ab" testListId="8c84fa94-04c1-424b-9868-57a2d4851a1d" />
    <TestEntry testId="79432a3c-09ad-494a-94b0-409081b91296" executionId="354fdd8e-e443-482d-ad2e-6707db44c1b7" testListId="8c84fa94-04c1-424b-9868-57a2d4851a1d" />
    <TestEntry testId="79b9204c-aeda-7048-42ac-c6faee468388" executionId="03cf4636-62a8-472c-bba3-0755d96098b1" testListId="8c84fa94-04c1-424b-9868-57a2d4851a1d" />
    <TestEntry testId="79fcf63f-8b0d-33c2-c15a-b70a52cca16c" executionId="3521992d-b1cc-414a-86b1-13a22b8445a4" testListId="8c84fa94-04c1-424b-9868-57a2d4851a1d" />
    <TestEntry testId="7a2f5966-e3a2-2a72-e68e-2d6083996de2" executionId="69780ea9-99bf-4812-9cac-3b08cc9123ca" testListId="8c84fa94-04c1-424b-9868-57a2d4851a1d" />
    <TestEntry testId="7a5f4dc9-0c0b-a16a-647b-478ba12b4828" executionId="b788f4f2-f2f7-414d-aef5-266ba9fb374e" testListId="8c84fa94-04c1-424b-9868-57a2d4851a1d" />
    <TestEntry testId="7eda418a-e258-a33c-7890-73630dd7266c" executionId="7628f99c-2bd5-437d-8cda-14ea6e482c57" testListId="8c84fa94-04c1-424b-9868-57a2d4851a1d" />
    <TestEntry testId="7ef8ab41-162c-76bc-02f7-a575f043f7e4" executionId="600d26e5-b215-4042-b0b7-1f2e59e64f35" testListId="8c84fa94-04c1-424b-9868-57a2d4851a1d" />
    <TestEntry testId="7f0052b2-2fa5-1442-5124-403810b2060e" executionId="0aed758e-52d5-4fb4-a2b6-ea65690972b1" testListId="8c84fa94-04c1-424b-9868-57a2d4851a1d" />
    <TestEntry testId="7f10aeee-1e6d-047f-bf86-9fb35cb9cbd0" executionId="52dbde71-1d31-45bc-98cc-bc2316c99dc0" testListId="8c84fa94-04c1-424b-9868-57a2d4851a1d" />
    <TestEntry testId="7f31f25c-e328-77fa-dde7-0ee6e5a7e366" executionId="339975e7-73b3-4f84-bebe-e879f92216b0" testListId="8c84fa94-04c1-424b-9868-57a2d4851a1d" />
    <TestEntry testId="80476086-aaaa-ba28-a4dc-0972defbe8bb" executionId="0c3cca10-4ef4-49ae-9218-ddf626014405" testListId="8c84fa94-04c1-424b-9868-57a2d4851a1d" />
    <TestEntry testId="80e94a1b-f37e-ea8a-5357-ae59cc6e5e45" executionId="935e09cb-7874-4497-b5c1-50ed2fa46db5" testListId="8c84fa94-04c1-424b-9868-57a2d4851a1d" />
    <TestEntry testId="81b50b2a-4878-5c02-6765-8402ba293155" executionId="9d58de44-c71e-4e6d-bd72-89e5ebd41d94" testListId="8c84fa94-04c1-424b-9868-57a2d4851a1d" />
    <TestEntry testId="82c5d364-01e4-3d1f-8a3c-419d68a3ff5f" executionId="2d4d2b3a-ac60-45fe-ac55-a39ca2d05472" testListId="8c84fa94-04c1-424b-9868-57a2d4851a1d" />
    <TestEntry testId="83ce9798-d52f-2f3d-8537-200546cde5a9" executionId="2433aa4c-b3ba-41c5-aa72-2b294fd8af04" testListId="8c84fa94-04c1-424b-9868-57a2d4851a1d" />
    <TestEntry testId="84b841c4-bb70-5525-3ae9-fa35ed11627d" executionId="cbb41951-181e-421e-aa31-a053eb455c0b" testListId="8c84fa94-04c1-424b-9868-57a2d4851a1d" />
    <TestEntry testId="851b9d78-997d-9c75-eab0-197fa14a11f0" executionId="da543042-3fbd-4743-8505-657e96bc8518" testListId="8c84fa94-04c1-424b-9868-57a2d4851a1d" />
    <TestEntry testId="85ca884d-a763-a279-970a-decd7d2ef2e7" executionId="2ecea341-196a-41a8-8b14-18170584ff4f" testListId="8c84fa94-04c1-424b-9868-57a2d4851a1d" />
    <TestEntry testId="88295536-741f-3a89-ef69-1ec7d6b91f08" executionId="7897057c-8e78-418a-84f4-e784d473a4b1" testListId="8c84fa94-04c1-424b-9868-57a2d4851a1d" />
    <TestEntry testId="882cbeee-1641-823c-0b10-58aeb9cabf93" executionId="53334842-6921-4912-a7af-4f3c4722fb26" testListId="8c84fa94-04c1-424b-9868-57a2d4851a1d" />
    <TestEntry testId="896a2208-4c38-b781-3b7e-b236d6d81cd2" executionId="ae6f106c-b2fb-4219-9869-0834ac8cc773" testListId="8c84fa94-04c1-424b-9868-57a2d4851a1d" />
    <TestEntry testId="8a0dd9bc-7acf-b95a-4187-a00b7726fa73" executionId="5fa0bb79-2bc0-4a01-91d5-8d12ec15342f" testListId="8c84fa94-04c1-424b-9868-57a2d4851a1d" />
    <TestEntry testId="8c641761-f8ac-ef3e-efbe-0d44137ab9ce" executionId="5f668081-8340-4cb8-be6e-53873906cf9a" testListId="8c84fa94-04c1-424b-9868-57a2d4851a1d" />
    <TestEntry testId="8c73c5b1-73d0-fcfa-2a42-34f5914dbfb1" executionId="d9e57f9f-c00b-4c01-95b8-5e42ad2b598d" testListId="8c84fa94-04c1-424b-9868-57a2d4851a1d" />
    <TestEntry testId="8ce4ba60-10ed-e341-0892-b9526f864034" executionId="e2e8fc7d-67e3-456c-95fc-251200125dff" testListId="8c84fa94-04c1-424b-9868-57a2d4851a1d" />
    <TestEntry testId="8d735e5a-f52c-96a5-4bed-a99c0526014e" executionId="88593d32-e9df-453d-a70b-de8124997e72" testListId="8c84fa94-04c1-424b-9868-57a2d4851a1d" />
    <TestEntry testId="8e0c723b-e192-342e-eb9f-eccfedfe5ca1" executionId="462b9b67-a7ab-4ddc-8798-934db2c0d26b" testListId="8c84fa94-04c1-424b-9868-57a2d4851a1d" />
    <TestEntry testId="8e175a1e-ad15-cbe9-eb2b-34d47332acea" executionId="40360337-46f7-4be4-8b21-f5b10778147e" testListId="8c84fa94-04c1-424b-9868-57a2d4851a1d" />
    <TestEntry testId="8ef58195-4b27-3ad6-c671-969e36dd1c6a" executionId="c43e500f-97d5-4ae8-9133-dfab276d3f83" testListId="8c84fa94-04c1-424b-9868-57a2d4851a1d" />
    <TestEntry testId="9051c370-f8a8-7d06-90bf-a5c879f3e27c" executionId="e1660755-2ab6-4222-ad60-34f4c73da827" testListId="8c84fa94-04c1-424b-9868-57a2d4851a1d" />
    <TestEntry testId="90665605-993c-c3f0-732c-0c8cb4e19400" executionId="f1701a44-cdaa-4260-8be3-07b2bbc6c832" testListId="8c84fa94-04c1-424b-9868-57a2d4851a1d" />
    <TestEntry testId="9102ee27-432a-7243-07ab-4d672688ee38" executionId="a4393bec-7846-4d86-aef0-efcdde4bc941" testListId="8c84fa94-04c1-424b-9868-57a2d4851a1d" />
    <TestEntry testId="92b34578-8935-0a46-8dd9-4af3ba2aba99" executionId="3a9ea698-b6b0-406b-a968-5d60d7110970" testListId="8c84fa94-04c1-424b-9868-57a2d4851a1d" />
    <TestEntry testId="9355e16b-4728-468a-6844-3354852565f0" executionId="1925407a-706e-4f9b-91c1-2adc9a3a3447" testListId="8c84fa94-04c1-424b-9868-57a2d4851a1d" />
    <TestEntry testId="93f8ff39-718d-999f-f07f-06a3b12e22dd" executionId="047e18d8-a346-4306-b6cc-e323e87d0feb" testListId="8c84fa94-04c1-424b-9868-57a2d4851a1d" />
    <TestEntry testId="954c6542-5669-95f4-2fc5-a01c436de193" executionId="87bb0966-67f2-4b3c-86e7-837ed9914dad" testListId="8c84fa94-04c1-424b-9868-57a2d4851a1d" />
    <TestEntry testId="967eb374-2104-1acf-4901-5331861aa4b4" executionId="81887d30-1920-47af-96c5-3f5ba8420b33" testListId="8c84fa94-04c1-424b-9868-57a2d4851a1d" />
    <TestEntry testId="96881fe6-dfde-90d7-168b-7e0645c53ba0" executionId="21709507-0d7f-4835-9561-77d1a7a8c3c7" testListId="8c84fa94-04c1-424b-9868-57a2d4851a1d" />
    <TestEntry testId="96e75478-d13a-94b1-f4d7-4e30153efd6b" executionId="df5a8159-fe46-43a9-8206-c4300cb547ba" testListId="8c84fa94-04c1-424b-9868-57a2d4851a1d" />
    <TestEntry testId="97997216-b9cb-a346-d834-1a6abbc22200" executionId="3db794b9-3f51-4613-a94f-c0e6a6115294" testListId="8c84fa94-04c1-424b-9868-57a2d4851a1d" />
    <TestEntry testId="9853b2bf-c35b-f18f-c067-26f1d74150ec" executionId="a1807b06-148a-4c2e-86d1-a2a2ef398c28" testListId="8c84fa94-04c1-424b-9868-57a2d4851a1d" />
    <TestEntry testId="996b7b9c-4963-23a7-ecd9-60f71e9ffdab" executionId="bb775d07-17e2-4941-a084-9af72ae0dff4" testListId="8c84fa94-04c1-424b-9868-57a2d4851a1d" />
    <TestEntry testId="9abfd9c9-a69f-e14e-a283-753aea9711be" executionId="5757bd08-608a-404f-b976-12433d80f202" testListId="8c84fa94-04c1-424b-9868-57a2d4851a1d" />
    <TestEntry testId="9b145e69-7969-d34a-ea49-9560a18e3f37" executionId="73cb132e-0530-43be-b59d-7284403e4ba3" testListId="8c84fa94-04c1-424b-9868-57a2d4851a1d" />
    <TestEntry testId="9bc71622-b688-a88b-7a65-091a11ad1362" executionId="d3766a4b-8568-4972-aed6-75ef0217c3fe" testListId="8c84fa94-04c1-424b-9868-57a2d4851a1d" />
    <TestEntry testId="9c1f4476-7313-c46d-328a-55cea693565d" executionId="6f62a04e-73cb-4f34-9798-c9ced4511bd8" testListId="8c84fa94-04c1-424b-9868-57a2d4851a1d" />
    <TestEntry testId="9fd9a588-56ca-0b4b-82c9-064d2bfbe430" executionId="dee0e927-0fb3-416b-860b-ccd8be781603" testListId="8c84fa94-04c1-424b-9868-57a2d4851a1d" />
    <TestEntry testId="a17744d1-ab11-f591-d328-1ad420c98fbd" executionId="0d73439e-d7c2-4cd4-a817-f0cd9930589f" testListId="8c84fa94-04c1-424b-9868-57a2d4851a1d" />
    <TestEntry testId="a238bb59-cc6f-a250-c2de-3c102510d342" executionId="76d364a6-0bf2-4818-b8d3-2f56a3b640ea" testListId="8c84fa94-04c1-424b-9868-57a2d4851a1d" />
    <TestEntry testId="a27af6eb-87dc-b90f-c4ca-d8cb1c7c2454" executionId="05e39056-1f0d-4c35-924f-b0db87d8e9c2" testListId="8c84fa94-04c1-424b-9868-57a2d4851a1d" />
    <TestEntry testId="a38bcda1-5217-b092-6b98-6582813fb5d1" executionId="2e343edf-a137-4e9b-b8c4-747e41f853d7" testListId="8c84fa94-04c1-424b-9868-57a2d4851a1d" />
    <TestEntry testId="a39c2fdb-3d54-d4f0-be49-3f4e350da31e" executionId="557483ff-c6f7-4992-8d21-f45c5f4ceaa9" testListId="8c84fa94-04c1-424b-9868-57a2d4851a1d" />
    <TestEntry testId="a472a839-6eaa-12b1-21fb-e977ec47cce0" executionId="753fd3e5-ac40-4439-a8f6-d6ba3ce26288" testListId="8c84fa94-04c1-424b-9868-57a2d4851a1d" />
    <TestEntry testId="a4e8ed3d-c4ae-1ca8-df36-ee362c8b196a" executionId="e82c319b-7af0-4543-86dd-caad3dc8755e" testListId="8c84fa94-04c1-424b-9868-57a2d4851a1d" />
    <TestEntry testId="a517dabf-4b66-5f3c-ac24-0d2164897c8e" executionId="ce75001c-202f-4508-8ae7-e436b42fbe54" testListId="8c84fa94-04c1-424b-9868-57a2d4851a1d" />
    <TestEntry testId="a5adf3df-a9f8-2832-66ba-f690ea4581d6" executionId="c37b8aca-b7eb-466a-8e13-73e572ab1c91" testListId="8c84fa94-04c1-424b-9868-57a2d4851a1d" />
    <TestEntry testId="a5c2a138-5bc5-66da-7c2e-bc96b13a556b" executionId="485515e4-8132-4dc4-8012-ec4063e58cf6" testListId="8c84fa94-04c1-424b-9868-57a2d4851a1d" />
    <TestEntry testId="a5daaf00-a7ab-4dce-b449-0d5879de0266" executionId="66e6b0c2-6d8b-4e31-bc48-9f8e645b3352" testListId="8c84fa94-04c1-424b-9868-57a2d4851a1d" />
    <TestEntry testId="a6894dd2-dcf0-7e92-7a7b-7a5aa8466339" executionId="3539e31a-88ac-468e-be21-515f045157d1" testListId="8c84fa94-04c1-424b-9868-57a2d4851a1d" />
    <TestEntry testId="a6fd86e1-4eca-846a-5e19-70da718a6391" executionId="319ef48d-4736-4c3d-920d-9fbc603a640b" testListId="8c84fa94-04c1-424b-9868-57a2d4851a1d" />
    <TestEntry testId="a77c41d3-5bba-1c1e-e81f-7a02217342bf" executionId="480dbd62-65f1-483a-b803-c1966934dff9" testListId="8c84fa94-04c1-424b-9868-57a2d4851a1d" />
    <TestEntry testId="a80088bc-1bb3-9447-8317-64a7363d3cfe" executionId="b45e1386-99fc-413e-904e-3899f893b508" testListId="8c84fa94-04c1-424b-9868-57a2d4851a1d" />
    <TestEntry testId="a835695f-f8af-58f4-71d0-57d24fa7d90f" executionId="3f136465-75c9-4607-98c8-1bc71a9cf65f" testListId="8c84fa94-04c1-424b-9868-57a2d4851a1d" />
    <TestEntry testId="a85e6fd4-de45-4652-f9ef-c22afc1ca0bf" executionId="bf8a3b0e-d791-4cc5-9180-b3bc17084616" testListId="8c84fa94-04c1-424b-9868-57a2d4851a1d" />
    <TestEntry testId="a8a939dd-3559-39c4-d3e6-695f82176ab4" executionId="c9841dd1-23ea-4ce1-952b-0e54a2ccb4d6" testListId="8c84fa94-04c1-424b-9868-57a2d4851a1d" />
    <TestEntry testId="a8b0ac8d-b3ff-6693-a29b-869418f5d04f" executionId="69f96f87-7736-44b4-bb16-9ed78994b54d" testListId="8c84fa94-04c1-424b-9868-57a2d4851a1d" />
    <TestEntry testId="a914285b-c2e0-dbc2-f99c-c0b34bf25408" executionId="52672d2c-4e33-4d1b-a0a3-394128fe3a8a" testListId="8c84fa94-04c1-424b-9868-57a2d4851a1d" />
    <TestEntry testId="aa08efca-9836-e946-b0ea-6d46d0e78977" executionId="6078a2a1-454f-422b-ada6-e0ef9edd6c9b" testListId="8c84fa94-04c1-424b-9868-57a2d4851a1d" />
    <TestEntry testId="aa3d2f13-ce91-e85a-b860-661244f697ca" executionId="c8292ae4-a9ec-4074-a8dd-24e51aa5f3c4" testListId="8c84fa94-04c1-424b-9868-57a2d4851a1d" />
    <TestEntry testId="aa89e54f-b120-5f04-a49b-eb1a63d779df" executionId="e5fbf728-4148-47ef-863e-57b58b6cb655" testListId="8c84fa94-04c1-424b-9868-57a2d4851a1d" />
    <TestEntry testId="aad710b2-cbba-4fa8-20b9-0a83a5267460" executionId="c85c362e-8711-4289-86cf-d3c4156fab1e" testListId="8c84fa94-04c1-424b-9868-57a2d4851a1d" />
    <TestEntry testId="ab0fe80a-1fd5-fb8a-e7d4-5b5fcdcec2eb" executionId="446389d2-1ba0-4fe7-b8e3-d6390f1d63d4" testListId="8c84fa94-04c1-424b-9868-57a2d4851a1d" />
    <TestEntry testId="ab4f6c28-3581-ba0b-4648-93d882bc1ba4" executionId="6d0cad48-469b-4c26-8540-4b6c766e9960" testListId="8c84fa94-04c1-424b-9868-57a2d4851a1d" />
    <TestEntry testId="ac4b28af-d8f4-b156-672f-168bba2db6f5" executionId="b9e05a62-2be0-497e-b7ef-b9f48ceafbf0" testListId="8c84fa94-04c1-424b-9868-57a2d4851a1d" />
    <TestEntry testId="acceeb2f-d3a0-c7eb-0a8a-89ba3e60aa95" executionId="1c718d1b-0173-4078-b463-a4e418f3676a" testListId="8c84fa94-04c1-424b-9868-57a2d4851a1d" />
    <TestEntry testId="ad52b45c-d7bf-7d90-509a-9d90fabbb4cb" executionId="11219478-4750-40d3-aab9-a5c3f499bf1c" testListId="8c84fa94-04c1-424b-9868-57a2d4851a1d" />
    <TestEntry testId="adc4b822-2dd8-fb80-0aec-e1f18a81e266" executionId="85684a16-9736-4f33-8af1-a95132fc92f0" testListId="8c84fa94-04c1-424b-9868-57a2d4851a1d" />
    <TestEntry testId="aeb09f8f-b144-d846-cb07-87151db0c5db" executionId="d7befcb0-6925-438d-8732-d40a7c3f8e15" testListId="8c84fa94-04c1-424b-9868-57a2d4851a1d" />
    <TestEntry testId="aee8bdae-93b9-94cd-dc66-4af8f0d1e925" executionId="33b99fe9-601b-48ee-a32e-95957eb3e914" testListId="8c84fa94-04c1-424b-9868-57a2d4851a1d" />
    <TestEntry testId="af2a5dd3-889c-239a-49ba-4559ade59815" executionId="5d157ff5-c94c-42bb-9790-98df4db9ab15" testListId="8c84fa94-04c1-424b-9868-57a2d4851a1d" />
    <TestEntry testId="afb70fb3-f16b-16ef-9272-e650b4c370ff" executionId="36e05120-d2d7-4160-89ce-593ccbad7c66" testListId="8c84fa94-04c1-424b-9868-57a2d4851a1d" />
    <TestEntry testId="b09e98eb-5e7b-17f1-4a91-35133c7055e9" executionId="c78442e6-6b1b-4d51-b6c2-c1018cd497e9" testListId="8c84fa94-04c1-424b-9868-57a2d4851a1d" />
    <TestEntry testId="b09f0486-3351-5bc5-0d5a-f108852661b1" executionId="2b0fc581-e5ad-4a65-b235-273d8ecfb70f" testListId="8c84fa94-04c1-424b-9868-57a2d4851a1d" />
    <TestEntry testId="b1ce8274-0eb4-6ea7-4d2b-12d8e6b2a366" executionId="e2bc60b9-0be0-4986-b775-5529fa88bd92" testListId="8c84fa94-04c1-424b-9868-57a2d4851a1d" />
    <TestEntry testId="b2564a1d-a5df-de1a-d3dd-41d0e33b00f4" executionId="82e1879d-3099-4720-a9c2-fdb7f1073e5d" testListId="8c84fa94-04c1-424b-9868-57a2d4851a1d" />
    <TestEntry testId="b28eae18-99f0-9519-6256-d75c3d089452" executionId="32936595-c79c-473c-88b6-63fad4d739da" testListId="8c84fa94-04c1-424b-9868-57a2d4851a1d" />
    <TestEntry testId="b40b8a29-c95a-4ade-0e51-c133972e69c6" executionId="56b612d6-7937-48da-b562-03c53f89392b" testListId="8c84fa94-04c1-424b-9868-57a2d4851a1d" />
    <TestEntry testId="b6192558-2ee3-59f6-6537-ecfd184b2822" executionId="b8a10299-c4c8-460a-a684-1453877a0aad" testListId="8c84fa94-04c1-424b-9868-57a2d4851a1d" />
    <TestEntry testId="b697701d-8cff-a257-c4da-79dac613bf34" executionId="e4089841-18ef-4774-9de4-ca052c95c554" testListId="8c84fa94-04c1-424b-9868-57a2d4851a1d" />
    <TestEntry testId="b6c93299-c437-e1df-d8ec-dc7e1e4a6bba" executionId="a4c8d33c-4a3d-4a37-a5a5-e5e1d103defd" testListId="8c84fa94-04c1-424b-9868-57a2d4851a1d" />
    <TestEntry testId="b6d2504c-fd0b-46f0-ca34-952aa534d5bc" executionId="ed287a0c-eace-493c-9d9b-e37688732347" testListId="8c84fa94-04c1-424b-9868-57a2d4851a1d" />
    <TestEntry testId="b757834a-da0f-6514-4f88-5f56b32e1557" executionId="4f70b825-12a9-4f98-a28a-24642288e8a3" testListId="8c84fa94-04c1-424b-9868-57a2d4851a1d" />
    <TestEntry testId="b8413468-f954-3662-0efc-8c48132ad726" executionId="d67cd163-4181-4052-95cd-c0e2ee60885d" testListId="8c84fa94-04c1-424b-9868-57a2d4851a1d" />
    <TestEntry testId="b8f7e814-b981-7bd7-8770-09bbc779dc13" executionId="e825f1fd-3f96-4fa1-88ce-1c1ce197fdff" testListId="8c84fa94-04c1-424b-9868-57a2d4851a1d" />
    <TestEntry testId="b942b6d6-f408-1783-9c4d-ef179ac5d56f" executionId="1ed6d6cb-5ba3-468e-86f8-72c4e2d64a8d" testListId="8c84fa94-04c1-424b-9868-57a2d4851a1d" />
    <TestEntry testId="b98676fe-ee87-56df-eacd-dd7ebb6e2cd3" executionId="686269a5-6bcd-47e8-9c87-2a8f437b3058" testListId="8c84fa94-04c1-424b-9868-57a2d4851a1d" />
    <TestEntry testId="b9fd46b5-4626-f3cd-bb11-d3d09ef904e4" executionId="7331c803-bb61-45e4-8d74-f5820bff7bf6" testListId="8c84fa94-04c1-424b-9868-57a2d4851a1d" />
    <TestEntry testId="bab93624-9701-4d27-3151-c1bf509e95c1" executionId="06876d0b-16fc-4233-842a-849597227f84" testListId="8c84fa94-04c1-424b-9868-57a2d4851a1d" />
    <TestEntry testId="bb119d3a-e948-8bb7-862b-ef22cd5e5418" executionId="070d96d3-e7a0-45cf-96ce-a74dc59dca73" testListId="8c84fa94-04c1-424b-9868-57a2d4851a1d" />
    <TestEntry testId="bbf04cdd-f777-915a-4f82-d89d0fb3c21c" executionId="3b3b005d-65ea-46aa-9eff-245e83af5ae1" testListId="8c84fa94-04c1-424b-9868-57a2d4851a1d" />
    <TestEntry testId="bc086558-20df-1a67-5cff-56823f0eb575" executionId="e3f37541-83f0-4a5a-a371-c02b683826c5" testListId="8c84fa94-04c1-424b-9868-57a2d4851a1d" />
    <TestEntry testId="bc6fbc6a-1040-2a7b-d37a-1937b6e2fa50" executionId="45b6de0d-1ea6-4f3f-a29a-edb57d56e253" testListId="8c84fa94-04c1-424b-9868-57a2d4851a1d" />
    <TestEntry testId="bcd1f511-94b6-a2b6-4c0d-819d27a24411" executionId="d6c7910d-ad41-4e0c-93ec-6982e4cf0d34" testListId="8c84fa94-04c1-424b-9868-57a2d4851a1d" />
    <TestEntry testId="bdb05735-8cd1-a75d-4d6a-dc0c0dcde2a9" executionId="c67eb602-d4df-427e-bd07-39b64a244eb7" testListId="8c84fa94-04c1-424b-9868-57a2d4851a1d" />
    <TestEntry testId="bde72f4f-f66e-49e5-5a7f-f0f6283a032f" executionId="1401da94-9ed4-48a1-8e0c-01e5232ddef8" testListId="8c84fa94-04c1-424b-9868-57a2d4851a1d" />
    <TestEntry testId="be2975a5-16cf-8b54-0e33-59e4bc6c38a6" executionId="23e068b7-39cf-45f6-a9f0-c1eac9b1cbf8" testListId="8c84fa94-04c1-424b-9868-57a2d4851a1d" />
    <TestEntry testId="beb08e30-b8b0-b48e-c515-c7a8586c6e54" executionId="78968122-f69e-43ca-908e-f8f0a6082d7f" testListId="8c84fa94-04c1-424b-9868-57a2d4851a1d" />
    <TestEntry testId="bf3337bc-4ebe-14d7-ffa9-91df711ba6a0" executionId="04436c68-558e-480a-a347-c205a45defed" testListId="8c84fa94-04c1-424b-9868-57a2d4851a1d" />
    <TestEntry testId="bf901687-526e-3c4f-d25d-5f1eb0ec55f2" executionId="a439bad9-697f-4e81-b699-f9b9dd8461bb" testListId="8c84fa94-04c1-424b-9868-57a2d4851a1d" />
    <TestEntry testId="c1679918-c36e-2cbe-87a9-96506a9b38f9" executionId="3f90d960-193d-4d44-bc16-19db61f39382" testListId="8c84fa94-04c1-424b-9868-57a2d4851a1d" />
    <TestEntry testId="c17e6f29-704e-75d9-e266-2faaf40f3e21" executionId="3fbfe6a6-64aa-4efb-be2b-197ebe8aafcb" testListId="8c84fa94-04c1-424b-9868-57a2d4851a1d" />
    <TestEntry testId="c27245e1-4f05-55df-8c6f-e38fa3d47902" executionId="cacc7394-35e8-4c92-8fd7-dd144087d780" testListId="8c84fa94-04c1-424b-9868-57a2d4851a1d" />
    <TestEntry testId="c2878fbd-4540-66f8-af38-853465e7a6aa" executionId="8f23ceca-018b-4726-a4e8-b8fdbc1a0808" testListId="8c84fa94-04c1-424b-9868-57a2d4851a1d" />
    <TestEntry testId="c37440e9-11a5-99b5-8db4-69844a9128f1" executionId="39dcdfd5-055b-4c72-989c-aa7ffbdc3e07" testListId="8c84fa94-04c1-424b-9868-57a2d4851a1d" />
    <TestEntry testId="c40068e0-385e-bf45-abe2-9f61f6d3993f" executionId="def44603-5794-4d4b-807c-8cc211bc16cb" testListId="8c84fa94-04c1-424b-9868-57a2d4851a1d" />
    <TestEntry testId="c6a2f7ad-0298-580e-2fa3-bbb6c9b28898" executionId="ece4674c-d7a0-467c-b8cc-fb2ac4cd9591" testListId="8c84fa94-04c1-424b-9868-57a2d4851a1d" />
    <TestEntry testId="c6f9c8d4-b42f-f506-2486-8ec3f82f78d3" executionId="9c1a912c-d865-4500-8b5b-20eab874076b" testListId="8c84fa94-04c1-424b-9868-57a2d4851a1d" />
    <TestEntry testId="c736d05f-3776-7117-cc83-8e6ae9b75cf4" executionId="fe9731ab-2d30-484b-99a3-02f2f3ae7e90" testListId="8c84fa94-04c1-424b-9868-57a2d4851a1d" />
    <TestEntry testId="c9059140-bd68-daef-e19b-ffc08869ca24" executionId="4b2ebdb4-8d32-4f56-85f1-007e8cbdfbdf" testListId="8c84fa94-04c1-424b-9868-57a2d4851a1d" />
    <TestEntry testId="c928c59c-16e9-64be-3633-321da85248bf" executionId="9cc91d63-258e-40d3-8cce-2e823e9d412d" testListId="8c84fa94-04c1-424b-9868-57a2d4851a1d" />
    <TestEntry testId="c931a490-990c-5326-1530-0428c428a145" executionId="9b832dcc-234b-47ce-ad5e-a8f6cbec964f" testListId="8c84fa94-04c1-424b-9868-57a2d4851a1d" />
    <TestEntry testId="c96dfb21-7af5-153f-a5d2-8445e5fcca59" executionId="ea744634-999c-4c73-adcd-7d47451af0b7" testListId="8c84fa94-04c1-424b-9868-57a2d4851a1d" />
    <TestEntry testId="cab5d754-b046-c047-88d8-b763f582d340" executionId="0d7cebe1-c33f-4533-a665-f84197ddfdf2" testListId="8c84fa94-04c1-424b-9868-57a2d4851a1d" />
    <TestEntry testId="cb0676d4-b73b-00c6-8824-aa32bdf40010" executionId="2e0570ab-003c-4d5c-ab95-c9db3c69675c" testListId="8c84fa94-04c1-424b-9868-57a2d4851a1d" />
    <TestEntry testId="cb68f00e-cb19-bf47-0657-80219e1c9cfa" executionId="80cc52bc-5fa6-4c88-b4c2-c179780621bd" testListId="8c84fa94-04c1-424b-9868-57a2d4851a1d" />
    <TestEntry testId="cb854ea1-43fe-4e51-b3cc-ba77c8dba841" executionId="e8eb6d31-c44f-40c3-ac1b-5b7a17ba742a" testListId="8c84fa94-04c1-424b-9868-57a2d4851a1d" />
    <TestEntry testId="cc6fe6c4-963e-60ba-9611-8e531f6502c5" executionId="22b1b0ec-6dac-48e6-a48f-5d4f46d05011" testListId="8c84fa94-04c1-424b-9868-57a2d4851a1d" />
    <TestEntry testId="ccb6e01a-8e1d-d753-d587-f8c1f14a9dc4" executionId="0a1125ad-5858-44bb-86bb-d1aebb12ce14" testListId="8c84fa94-04c1-424b-9868-57a2d4851a1d" />
    <TestEntry testId="ccbeee50-2d58-025b-2df8-75ec6a26b781" executionId="04d33dfe-5643-4ab7-a16f-1c6c3c5dd14b" testListId="8c84fa94-04c1-424b-9868-57a2d4851a1d" />
    <TestEntry testId="cdf27cc7-0312-7eab-0024-7c2c609d9e03" executionId="b55efc8d-93c1-40b1-8f6d-d24408f77d54" testListId="8c84fa94-04c1-424b-9868-57a2d4851a1d" />
    <TestEntry testId="ce459473-fe89-efb8-04f6-e4458eb5deac" executionId="69cae63b-082c-4fcf-b37c-dd72de1cee13" testListId="8c84fa94-04c1-424b-9868-57a2d4851a1d" />
    <TestEntry testId="ceeacb60-5ff3-0690-b3df-e29e915ef784" executionId="4ec72805-24e0-41c4-9b5f-3224f80b2c91" testListId="8c84fa94-04c1-424b-9868-57a2d4851a1d" />
    <TestEntry testId="cf88dd92-747e-1a79-8f2c-fc0e3f9b0004" executionId="3d660640-b099-43ba-9b65-f699c07ef372" testListId="8c84fa94-04c1-424b-9868-57a2d4851a1d" />
    <TestEntry testId="cfd8c036-75a7-640f-488c-228d443acc6e" executionId="ed30bbb3-f76d-4dd4-a6c7-3250cf06fbbb" testListId="8c84fa94-04c1-424b-9868-57a2d4851a1d" />
    <TestEntry testId="d1a8787a-d877-64a2-00b1-470142ee8a14" executionId="778e5ee2-b346-4e26-9610-95f7dfb4dbec" testListId="8c84fa94-04c1-424b-9868-57a2d4851a1d" />
    <TestEntry testId="d1b2634a-eb02-7f77-05de-c01ea104c115" executionId="149dba8c-a968-4f96-926a-e8a8b92acf2e" testListId="8c84fa94-04c1-424b-9868-57a2d4851a1d" />
    <TestEntry testId="d2623342-49bb-a1e6-2415-8d8bba2b7ac4" executionId="ce9eabe9-b320-459e-919c-7668c566a4f4" testListId="8c84fa94-04c1-424b-9868-57a2d4851a1d" />
    <TestEntry testId="d2ff731c-908c-96c5-902b-39b6c7e680d7" executionId="d083999e-7ed0-45b9-9ba2-6e1839684621" testListId="8c84fa94-04c1-424b-9868-57a2d4851a1d" />
    <TestEntry testId="d3580286-a69a-cc57-bea0-cea793fc0992" executionId="bbed6389-5f79-4225-9a56-e15db14e1135" testListId="8c84fa94-04c1-424b-9868-57a2d4851a1d" />
    <TestEntry testId="d40feea3-8180-d822-1bc4-ef1286a37118" executionId="a55dfeda-8f88-48e0-b5f0-24a09083fafa" testListId="8c84fa94-04c1-424b-9868-57a2d4851a1d" />
    <TestEntry testId="d4992a93-c61f-e7a7-6c4a-4dd37d506f00" executionId="4f4f5079-3c82-413b-9d60-d811abadb490" testListId="8c84fa94-04c1-424b-9868-57a2d4851a1d" />
    <TestEntry testId="d5a80f55-2074-60f0-99dc-1062cdfc3cee" executionId="60de2271-6233-4483-81ac-e8190ddb5bb9" testListId="8c84fa94-04c1-424b-9868-57a2d4851a1d" />
    <TestEntry testId="d5caf4bd-ddf9-d011-d96d-760e6d607d73" executionId="066bef16-a0c6-4fc7-b9b5-f21514b26edc" testListId="8c84fa94-04c1-424b-9868-57a2d4851a1d" />
    <TestEntry testId="d6a986e5-8b98-e2f2-cef0-92190831ed08" executionId="4a1428f4-10a8-4a0a-9841-7ac653f6587f" testListId="8c84fa94-04c1-424b-9868-57a2d4851a1d" />
    <TestEntry testId="d6d7a27e-0988-cf60-1910-ee6f0eb6cf75" executionId="a4a1a6c9-a589-4d10-a7ac-437639dc065a" testListId="8c84fa94-04c1-424b-9868-57a2d4851a1d" />
    <TestEntry testId="d708e39f-77d8-94a9-244f-7004fb181d58" executionId="6facfe33-a170-4328-9b7e-396d42ef1de2" testListId="8c84fa94-04c1-424b-9868-57a2d4851a1d" />
    <TestEntry testId="d71a2e75-d02d-d52f-f44c-1c08c736ccf3" executionId="a6279dad-8cd4-4b9d-a8ca-80f6a265165a" testListId="8c84fa94-04c1-424b-9868-57a2d4851a1d" />
    <TestEntry testId="d7c03cb5-500e-d7d9-da0b-0be2f4981b03" executionId="0fa7f1ae-4418-454a-a97c-a9baf242a750" testListId="8c84fa94-04c1-424b-9868-57a2d4851a1d" />
    <TestEntry testId="d9bcf618-cd6c-c93c-87f9-e64f86f63590" executionId="315af924-6874-4fce-86a5-a0eccea2ace3" testListId="8c84fa94-04c1-424b-9868-57a2d4851a1d" />
    <TestEntry testId="d9f16886-57f7-8858-0bb0-758babcd4a82" executionId="c1f6fb55-c3b3-4cc0-8834-0e778cc263a0" testListId="8c84fa94-04c1-424b-9868-57a2d4851a1d" />
    <TestEntry testId="da9d278a-cb0f-a51b-e352-ed20685028b9" executionId="f872d006-5229-4394-8e18-90b1a4811e23" testListId="8c84fa94-04c1-424b-9868-57a2d4851a1d" />
    <TestEntry testId="db7e1c98-1137-e435-bbb3-bf8f5402bfbf" executionId="e80e0c61-955f-4789-a3fc-36fb9ec59d20" testListId="8c84fa94-04c1-424b-9868-57a2d4851a1d" />
    <TestEntry testId="dba83ae6-c977-93af-bca8-afb2188d9d55" executionId="891b3047-3203-409c-8b18-a2e3d7eee624" testListId="8c84fa94-04c1-424b-9868-57a2d4851a1d" />
    <TestEntry testId="dc17c55e-f745-25bd-9dae-5c78f5bb2176" executionId="2334403d-34d0-4e37-954c-977b9b14b467" testListId="8c84fa94-04c1-424b-9868-57a2d4851a1d" />
    <TestEntry testId="dd5a8b39-7328-3edd-3658-5787ac153d19" executionId="d444182a-f30f-4119-896f-2f88acf1d626" testListId="8c84fa94-04c1-424b-9868-57a2d4851a1d" />
    <TestEntry testId="dde12295-d4b5-9724-4e8c-04bf282ca24f" executionId="abb5f64a-4f7e-4d33-93ec-a34f783ab52f" testListId="8c84fa94-04c1-424b-9868-57a2d4851a1d" />
    <TestEntry testId="de04a58d-71f5-e1d1-1d14-e423a290a69c" executionId="cd26acf1-510d-426e-a50a-edc94b664b6a" testListId="8c84fa94-04c1-424b-9868-57a2d4851a1d" />
    <TestEntry testId="dea2dc86-55fc-7dd0-68c2-4ac2d970ca43" executionId="8bcbe184-1240-4560-b71a-50e61cb7c963" testListId="8c84fa94-04c1-424b-9868-57a2d4851a1d" />
    <TestEntry testId="dfd17420-5a13-5744-e6d4-81c04e097642" executionId="2af1c4ed-75f3-4384-abac-d9cbe76201f2" testListId="8c84fa94-04c1-424b-9868-57a2d4851a1d" />
    <TestEntry testId="e020cadd-bd50-d44d-30aa-ba2f497b2887" executionId="cedb8ca1-e7db-4783-b34a-ecddab2bcd7b" testListId="8c84fa94-04c1-424b-9868-57a2d4851a1d" />
    <TestEntry testId="e02e0a67-6c2d-0c94-cb65-8df5b3dc5cea" executionId="fb7c0c49-f441-48b2-b782-c1282b19486d" testListId="8c84fa94-04c1-424b-9868-57a2d4851a1d" />
    <TestEntry testId="e174714d-b5ae-6791-7e05-a6dae00c0681" executionId="562277a9-9117-42f3-9846-1225943a86b5" testListId="8c84fa94-04c1-424b-9868-57a2d4851a1d" />
    <TestEntry testId="e23387f5-cbe9-d2c5-d12c-23a1dbe2d390" executionId="47c7c534-46bc-49da-bf11-83c218d53992" testListId="8c84fa94-04c1-424b-9868-57a2d4851a1d" />
    <TestEntry testId="e2347588-3d57-efa9-6d83-3dfd95e9941d" executionId="054288f6-8708-4448-aa48-080f0a8f145d" testListId="8c84fa94-04c1-424b-9868-57a2d4851a1d" />
    <TestEntry testId="e27be593-1d5d-4e60-f221-5154b5c9193c" executionId="86b24f94-5995-44e7-abec-63f62e3e45a0" testListId="8c84fa94-04c1-424b-9868-57a2d4851a1d" />
    <TestEntry testId="e337de86-0746-0ac2-0c5c-30365e74f01b" executionId="86e56604-ef06-4316-a1ab-379e028f0db0" testListId="8c84fa94-04c1-424b-9868-57a2d4851a1d" />
    <TestEntry testId="e3b5610a-399f-d019-a8c3-fe5f24d0c8a6" executionId="c6359169-536d-460c-8509-6d4aa892c4ad" testListId="8c84fa94-04c1-424b-9868-57a2d4851a1d" />
    <TestEntry testId="e3f85f2f-8bca-7a73-722e-520143b3f21d" executionId="74db5312-a13f-4458-827a-69c26595de4f" testListId="8c84fa94-04c1-424b-9868-57a2d4851a1d" />
    <TestEntry testId="e4b047bc-e01c-35c0-ab7e-ab1c5de8674f" executionId="18366e5b-2ae2-4e44-8744-4b9a2f1ce7d0" testListId="8c84fa94-04c1-424b-9868-57a2d4851a1d" />
    <TestEntry testId="e4e7695e-eb86-2e17-0da3-82500c958fe2" executionId="b5b35fb1-0ac5-4daf-8744-fb13a511985d" testListId="8c84fa94-04c1-424b-9868-57a2d4851a1d" />
    <TestEntry testId="e4f43342-50bf-4878-e3d3-5afdaa2ddd37" executionId="fb1af492-4d62-4407-9024-21a1bcd8696c" testListId="8c84fa94-04c1-424b-9868-57a2d4851a1d" />
    <TestEntry testId="e64170f8-e36a-c642-d97d-54b6bb0553a6" executionId="7348613e-88d7-4d38-b866-5b5fcb924592" testListId="8c84fa94-04c1-424b-9868-57a2d4851a1d" />
    <TestEntry testId="e7af5983-4779-41b6-14d3-f05ee86282c2" executionId="c2e266be-4795-4d6b-8f97-b2a690194669" testListId="8c84fa94-04c1-424b-9868-57a2d4851a1d" />
    <TestEntry testId="e8b1e8f2-7674-bb72-605f-9a7a2bc1bfee" executionId="426a5c3c-74f2-4752-a6a4-f60adacb42cc" testListId="8c84fa94-04c1-424b-9868-57a2d4851a1d" />
    <TestEntry testId="e97e5cde-c25e-cb0e-69db-a3582bc2ca43" executionId="d3f6ee14-c423-4835-b8cd-0e9b7a11cdf8" testListId="8c84fa94-04c1-424b-9868-57a2d4851a1d" />
    <TestEntry testId="e9b80469-e28c-1b2c-5a36-980b3cb0f728" executionId="f09a4120-5c20-435b-823d-182a245f6611" testListId="8c84fa94-04c1-424b-9868-57a2d4851a1d" />
    <TestEntry testId="ea022a26-3382-db95-b68b-60ac6f18deb0" executionId="68eb5572-715a-4320-8e3b-77e031f402c5" testListId="8c84fa94-04c1-424b-9868-57a2d4851a1d" />
    <TestEntry testId="eb042ce3-5f20-3d74-ebeb-88f3067e39ea" executionId="9d134098-0992-4a6d-af2f-665d55550fbe" testListId="8c84fa94-04c1-424b-9868-57a2d4851a1d" />
    <TestEntry testId="ecaad254-0b1d-a420-c28a-c8ca0ba7c959" executionId="f9d9b029-1935-4ed2-b95f-bf97485f7f82" testListId="8c84fa94-04c1-424b-9868-57a2d4851a1d" />
    <TestEntry testId="ecabc92d-2f24-55b0-b16a-755e692c4e1a" executionId="d48a7a3c-d79e-4cc9-8904-449ef668c53d" testListId="8c84fa94-04c1-424b-9868-57a2d4851a1d" />
    <TestEntry testId="ecd27a0e-9f35-c43e-8c11-1b73255aae3c" executionId="a0fa09b9-6273-478f-be98-88fa342520d7" testListId="8c84fa94-04c1-424b-9868-57a2d4851a1d" />
    <TestEntry testId="eda2ca79-f409-f699-6d33-a3da45e5d953" executionId="19ec021f-b3d1-4994-bcef-8d4a2a2b3af3" testListId="8c84fa94-04c1-424b-9868-57a2d4851a1d" />
    <TestEntry testId="edb7a5b7-9d9c-7fee-8224-ff9d0e654bf2" executionId="b78963b1-b880-495a-ba28-76330408a89f" testListId="8c84fa94-04c1-424b-9868-57a2d4851a1d" />
    <TestEntry testId="ee5f9022-6777-7fb2-dcc5-530f17ab50c0" executionId="ee9da41d-3f47-4c97-ba63-6472b226bfce" testListId="8c84fa94-04c1-424b-9868-57a2d4851a1d" />
    <TestEntry testId="ef762903-5f73-156d-4c6c-edbea7a556ad" executionId="88e2e356-c999-4c98-b30a-3ccad3462c37" testListId="8c84fa94-04c1-424b-9868-57a2d4851a1d" />
    <TestEntry testId="f07288f5-2f3d-e939-3514-a642579a478e" executionId="89821f5e-cdcb-4455-9f8d-4e105f5ed486" testListId="8c84fa94-04c1-424b-9868-57a2d4851a1d" />
    <TestEntry testId="f0936119-968f-f4d0-680f-3a810a2a1183" executionId="7dcf367b-ef50-494f-b698-6ab3bc2351a8" testListId="8c84fa94-04c1-424b-9868-57a2d4851a1d" />
    <TestEntry testId="f376c1cb-6c7e-6565-2dae-0872021038a2" executionId="5ac3bc16-a14e-4de1-9ecd-cefad97d961f" testListId="8c84fa94-04c1-424b-9868-57a2d4851a1d" />
    <TestEntry testId="f384b49a-3778-3092-73a3-70a68b63c811" executionId="6e090d21-09c9-4245-9450-e19e090954f8" testListId="8c84fa94-04c1-424b-9868-57a2d4851a1d" />
    <TestEntry testId="f50b51cf-39fa-28c4-720a-03db16299af8" executionId="d7ab4791-3539-423e-8b7e-10a321bb99f6" testListId="8c84fa94-04c1-424b-9868-57a2d4851a1d" />
    <TestEntry testId="f537791f-903e-76d6-5080-80a4dc15bac2" executionId="de84aa0e-a604-4446-bdc0-1e5a1d1b4d58" testListId="8c84fa94-04c1-424b-9868-57a2d4851a1d" />
    <TestEntry testId="f55d90a1-1701-8dfe-c19c-fedfde1208d9" executionId="d7d9cca8-6d50-49ef-b66c-64b2cfce6c6b" testListId="8c84fa94-04c1-424b-9868-57a2d4851a1d" />
    <TestEntry testId="f58b52d0-5450-8dbe-40cd-ee9f7307e372" executionId="19cd7ba3-8941-419f-9344-ff2a57b8512b" testListId="8c84fa94-04c1-424b-9868-57a2d4851a1d" />
    <TestEntry testId="f6ab254b-b89e-8f66-b003-59dd11d22e62" executionId="d6b0fdcb-fe44-4851-82e8-af8e8b1278a9" testListId="8c84fa94-04c1-424b-9868-57a2d4851a1d" />
    <TestEntry testId="f6c04c30-f707-2281-f731-8598fcdc8f9b" executionId="3f7a9cbe-99ee-49cd-9e38-acba95769b04" testListId="8c84fa94-04c1-424b-9868-57a2d4851a1d" />
    <TestEntry testId="f781ffff-ff93-71bc-5f5f-c8442c8a1cc0" executionId="dd2ea92e-edab-4e6b-be92-7177f7581a26" testListId="8c84fa94-04c1-424b-9868-57a2d4851a1d" />
    <TestEntry testId="f8f00cb1-b7c7-8a4f-6936-45675a68da47" executionId="008f71d3-7b4b-4d91-87cd-6e4fb4133c23" testListId="8c84fa94-04c1-424b-9868-57a2d4851a1d" />
    <TestEntry testId="f90684a7-a79c-7fc4-62c1-2b02b1a46484" executionId="ad7b5006-a397-4109-8c72-2004231a0a33" testListId="8c84fa94-04c1-424b-9868-57a2d4851a1d" />
    <TestEntry testId="f90c4160-5714-951f-7521-1af6d342eb17" executionId="92b4d732-d5d6-4d18-b981-ed3fb8f2a3f9" testListId="8c84fa94-04c1-424b-9868-57a2d4851a1d" />
    <TestEntry testId="fb8dd2a9-a240-beb6-bd3d-66e4ba26b2aa" executionId="f446bd0b-771c-4639-a9cb-19b41d72696e" testListId="8c84fa94-04c1-424b-9868-57a2d4851a1d" />
    <TestEntry testId="fc8d00d7-7a7a-f0f3-a11d-98015016e42e" executionId="286bc20a-9e3b-4e6d-bb0a-a2d191bf306e" testListId="8c84fa94-04c1-424b-9868-57a2d4851a1d" />
    <TestEntry testId="fc8e027e-d84b-5121-34bf-469313af48e4" executionId="b83209ad-4538-4e85-bb4f-17c5d739b737" testListId="8c84fa94-04c1-424b-9868-57a2d4851a1d" />
    <TestEntry testId="fdbcf997-f735-49dd-2d86-a367fe3813bc" executionId="163a1ab1-5b63-4305-9f8f-5f7e7c7e8bad" testListId="8c84fa94-04c1-424b-9868-57a2d4851a1d" />
    <TestEntry testId="fe73d6a0-344d-935f-fa47-83db37554a24" executionId="66179fc5-7571-49f2-9b88-91285dc117ba" testListId="8c84fa94-04c1-424b-9868-57a2d4851a1d" />
    <TestEntry testId="fe850dae-beb0-69bb-1831-4463cca49bfb" executionId="9cfcef00-4e34-42fb-9537-edad26097e99" testListId="8c84fa94-04c1-424b-9868-57a2d4851a1d" />
    <TestEntry testId="fed9e610-805c-d98a-9231-d2a52d8e3441" executionId="a1d8c350-8453-4859-8b41-d09dc952a411" testListId="8c84fa94-04c1-424b-9868-57a2d4851a1d" />
  </TestEntries>
  <Results>
    <UnitTestResult executionId="f74084ce-ff3a-4a40-a1ba-b83915a41570" testId="019bd56c-e56a-79a5-09bc-547b99ed981b" testName="listarOrdenDeComprasTest" computerName="DIEGO-PC" duration="00:00:00.8425225" startTime="2012-11-19T19:37:21.6359852-03:00" endTime="2012-11-19T19:37:26.0952402-03:00" testType="13cdc9d9-ddb5-4fa4-a97d-d965ccfc6d4b" outcome="Passed" testListId="8c84fa94-04c1-424b-9868-57a2d4851a1d" relativeResultsDirectory="f74084ce-ff3a-4a40-a1ba-b83915a41570">
      <Output>
        <StdOut>Save/Update: select * from OrdenDeCompra; select * from documento_movimiento; select * from LineaOrdenDeCompra WHERE borrado = 0
Save/Update: select * from LineaOrdenDeCompra WHERE  LineaOrdenDeCompra.nro_orden_compra=1  AND  LineaOrdenDeCompra.tipo_orden_compra='A' AND  LineaOrdenDeCompra.nro_sucursal=1  
Save/Update: select * from insumo WHERE  insumo.cod_insumo=1  
Save/Update: select * from insumo WHERE  insumo.cod_insumo=2  
Save/Update: select * from Proveedor WHERE  Proveedor.id_proveedor=1  
Save/Update: select * from MovimientosCuenta JOIN documento_movimiento AS documento ON MovimientosCuenta.nro_movimiento=documento.nro_movimiento JOIN proveedor_movimientos AS proveedor ON MovimientosCuenta.nro_movimiento=proveedor.nro_movimiento WHERE documento.nro_Doc=3  AND proveedor.id_proveedor IS NOT  NULL ; select * from proveedor_movimientos; select * from documento_movimiento
Save/Update: select * from LineaOrdenDeCompra WHERE  LineaOrdenDeCompra.nro_orden_compra=2  AND  LineaOrdenDeCompra.tipo_orden_compra='B' AND  LineaOrdenDeCompra.nro_sucursal=1  
Save/Update: select * from insumo WHERE  insumo.cod_insumo=1  
Save/Update: select * from insumo WHERE  insumo.cod_insumo=1  
Save/Update: select * from Proveedor WHERE  Proveedor.id_proveedor=1  
Save/Update: select * from MovimientosCuenta JOIN documento_movimiento AS documento ON MovimientosCuenta.nro_movimiento=documento.nro_movimiento JOIN proveedor_movimientos AS proveedor ON MovimientosCuenta.nro_movimiento=proveedor.nro_movimiento WHERE documento.nro_Doc=4  AND proveedor.id_proveedor IS NOT  NULL ; select * from proveedor_movimientos; select * from documento_movimiento
Save/Update: DELETE LineaOrdenDeCompra WHERE nro_orden_compra=2  AND nro_sucursal=1  AND tipo_orden_compra='A' AND nro_linea=1  
Save/Update: DELETE LineaOrdenDeCompra WHERE nro_orden_compra=2  AND nro_sucursal=1  AND tipo_orden_compra='A' AND nro_linea=2  
Save/Update: DELETE proveedor_movimientos where nro_movimiento=4  ; DELETE documento_movimiento where nro_movimiento=4  ; ;DELETE MovimientosCuenta WHERE nro_movimiento=4  
Save/Update: DELETE FROM OrdenDeCompra WHERE nro_Doc =5
Save/Update: delete documento where nro_doc=5</StdOut>
      </Output>
    </UnitTestResult>
    <UnitTestResult executionId="267ed078-d940-469d-a227-48572932db62" testId="019cc466-e1e2-1876-80d0-8bd0f4668b2f" testName="borrarDiseñoInsumoTest" computerName="DIEGO-PC" duration="00:00:00.0659127" startTime="2012-11-19T19:37:26.0992405-03:00" endTime="2012-11-19T19:37:26.2242476-03:00" testType="13cdc9d9-ddb5-4fa4-a97d-d965ccfc6d4b" outcome="Passed" testListId="8c84fa94-04c1-424b-9868-57a2d4851a1d" relativeResultsDirectory="267ed078-d940-469d-a227-48572932db62">
      <Output>
        <StdOut>Save/Update: INSERT INTO Diseño_insumos (cod_diseño, cod_insumo, cantidad) VALUES (2 , 1 , 5.5); 
Save/Update: select * from Diseño_insumos
Save/Update: DELETE Diseño_insumos WHERE cod_diseño=2  AND cod_insumo=1  
Save/Update: select * from Diseño_insumos
Save/Update: DELETE Diseño_insumos WHERE cod_diseño=2  AND cod_insumo=1</StdOut>
      </Output>
    </UnitTestResult>
    <UnitTestResult executionId="73b1bf5c-ab6e-4b4e-91cd-829f9785db01" testId="0321ef45-ca6a-c46f-356f-5dff04b055f8" testName="listarMovimientosPorNroTest" computerName="DIEGO-PC" duration="00:00:00.1217758" startTime="2012-11-19T19:37:26.2322481-03:00" endTime="2012-11-19T19:37:26.3612555-03:00" testType="13cdc9d9-ddb5-4fa4-a97d-d965ccfc6d4b" outcome="Passed" testListId="8c84fa94-04c1-424b-9868-57a2d4851a1d" relativeResultsDirectory="73b1bf5c-ab6e-4b4e-91cd-829f9785db01">
      <Output>
        <StdOut>Save/Update: select * from MovimientosCuenta JOIN cliente_movimientos AS cliente ON MovimientosCuenta.nro_movimiento=cliente.nro_movimiento WHERE  MovimientosCuenta.nro_movimiento=1  AND cliente.id_cliente IS NOT  NULL ; select * from cliente_movimientos; select * from documento_movimiento
Save/Update: select * from Cliente WHERE  Cliente.id_cliente=1  ; select * from cliente_movimientos; select * from Pedido WHERE borrado = 0; select * from Factura WHERE borrado = 0; select * from Diseño WHERE borrado = 0
Save/Update: select * from Usuario WHERE  Usuario.usuarioID=1  ; select * from JoinUsuarioToFamilia; select * from JoinPatenteToUsuario
Save/Update: select * from Familia JOIN JoinUsuarioToFamilia AS usuarios ON Familia.familiaID=usuarios.familiaID WHERE usuarios.usuarioID=1  ; select * from JoinFamiliaToPatente
Save/Update: select * from Patente JOIN JoinPatenteToUsuario AS usuario ON Patente.patenteId=usuario.patenteId WHERE usuario.usuarioID=1  
Save/Update: select * from Cliente WHERE  Cliente.usuarioID=1  ; select * from cliente_movimientos; select * from Pedido WHERE borrado = 0; select * from Factura WHERE borrado = 0; select * from Diseño WHERE borrado = 0
Save/Update: select * from Diseño WHERE  Diseño.id_cliente=1  ; select * from historico_estados_diseño WHERE borrado = 0
Save/Update: select * from Factura WHERE  Factura.id_cliente=1  ; select * from documento_movimiento; select * from LineaFactura WHERE borrado = 0
Save/Update: select * from Pedido WHERE  Pedido.id_cliente=1  ; select * from produccion WHERE borrado = 0; select * from historico_estados_pedido WHERE borrado = 0
Save/Update: select * from MovimientosCuenta JOIN cliente_movimientos AS cliente ON MovimientosCuenta.nro_movimiento=cliente.nro_movimiento WHERE cliente.id_cliente=1  AND cliente.id_cliente IS NOT  NULL ; select * from cliente_movimientos; select * from documento_movimiento
Save/Update: select * from Factura WHERE  Factura.nro_Doc=1  ; select * from documento_movimiento; select * from LineaFactura WHERE borrado = 0
Save/Update: select * from tipoMovimiento WHERE  tipoMovimiento.tipoMovimientoID=1  
Save/Update: select * from Cuenta WHERE  Cuenta.cuentaID=1  
Save/Update: DELETE cliente_movimientos where nro_movimiento=4  ; DELETE documento_movimiento where nro_movimiento=4  ; ;DELETE MovimientosCuenta WHERE nro_movimiento=4</StdOut>
      </Output>
    </UnitTestResult>
    <UnitTestResult executionId="295f982e-9b77-4ffc-a78d-17136f8453ed" testId="036044ea-8d05-b58f-21af-2b8c451629d2" testName="listarProduccionPorFechasTest" computerName="DIEGO-PC" duration="00:00:00.3510576" startTime="2012-11-19T19:37:26.3772564-03:00" endTime="2012-11-19T19:37:26.7362769-03:00" testType="13cdc9d9-ddb5-4fa4-a97d-d965ccfc6d4b" outcome="Passed" testListId="8c84fa94-04c1-424b-9868-57a2d4851a1d" relativeResultsDirectory="295f982e-9b77-4ffc-a78d-17136f8453ed">
      <Output>
        <StdOut>Save/Update: select * from produccion WHERE  produccion.fechaInicio&gt;= CAST('09/10/2012 09:00:00.000'  AS DateTime) AND  produccion.fechaInicio&lt;= CAST('09/10/2012 14:00:00.000'  AS DateTime) AND  produccion.fechaFinal&gt;= CAST('09/10/2012 12:00:00.000'  AS DateTime) AND  produccion.fechaFinal&lt;= CAST('09/10/2012 14:00:00.000'  AS DateTime) ; select * from historico_estados_produccion WHERE borrado = 0
Save/Update: select * from Pedido WHERE  Pedido.cod_pedido=1  ; select * from produccion WHERE borrado = 0; select * from historico_estados_pedido WHERE borrado = 0
Save/Update: select * from Maquina WHERE  Maquina.cod_maquina=1  ; select * from JoinMaquinaToTipoPrenda
Save/Update: select * from Articulos WHERE  Articulos.cod_articulo=1  ; select * from lista_precios WHERE borrado = 0
Save/Update: select * from EstadoTrabajos WHERE  EstadoTrabajos.cod_estado=3  
Save/Update: select * from historico_estados_produccion WHERE  historico_estados_produccion.cod_produccion=1  
Save/Update: select * from produccion_operador WHERE  produccion_operador.cod_prodcuccion=1  
Save/Update: DELETE produccion_operador WHERE id_operador=2  AND cod_prodcuccion=7  
Save/Update: DELETE historico_estados_produccion WHERE nro_estado=1  AND cod_produccion=7  
Save/Update: DELETE historico_estados_produccion WHERE nro_estado=2  AND cod_produccion=7  
Save/Update: DELETE produccion WHERE cod_produccion=7</StdOut>
      </Output>
    </UnitTestResult>
    <UnitTestResult executionId="68510f37-3854-43f3-92d4-ebf5551cac13" testId="046d8853-4c4a-6ed7-e6b4-7cfe78d48668" testName="listarOrdenDeComprasPorMovimientoTest" computerName="DIEGO-PC" duration="00:00:00.0128080" startTime="2012-11-19T19:37:26.7402771-03:00" endTime="2012-11-19T19:37:26.7612783-03:00" testType="13cdc9d9-ddb5-4fa4-a97d-d965ccfc6d4b" outcome="Passed" testListId="8c84fa94-04c1-424b-9868-57a2d4851a1d" relativeResultsDirectory="68510f37-3854-43f3-92d4-ebf5551cac13">
      <Output>
        <StdOut>Save/Update: select * from OrdenDeCompra WHERE  OrdenDeCompra.nro_Doc=3  ; select * from documento_movimiento; select * from LineaOrdenDeCompra WHERE borrado = 0
Save/Update: select * from LineaOrdenDeCompra WHERE  LineaOrdenDeCompra.nro_orden_compra=1  AND  LineaOrdenDeCompra.tipo_orden_compra='A' AND  LineaOrdenDeCompra.nro_sucursal=1  
Save/Update: select * from insumo WHERE  insumo.cod_insumo=1  
Save/Update: select * from insumo WHERE  insumo.cod_insumo=2  
Save/Update: select * from Proveedor WHERE  Proveedor.id_proveedor=1  
Save/Update: select * from MovimientosCuenta JOIN documento_movimiento AS documento ON MovimientosCuenta.nro_movimiento=documento.nro_movimiento JOIN proveedor_movimientos AS proveedor ON MovimientosCuenta.nro_movimiento=proveedor.nro_movimiento WHERE documento.nro_Doc=3  AND proveedor.id_proveedor IS NOT  NULL ; select * from proveedor_movimientos; select * from documento_movimiento
Save/Update: DELETE LineaOrdenDeCompra WHERE nro_orden_compra=2  AND nro_sucursal=1  AND tipo_orden_compra='A' AND nro_linea=1  
Save/Update: DELETE LineaOrdenDeCompra WHERE nro_orden_compra=2  AND nro_sucursal=1  AND tipo_orden_compra='A' AND nro_linea=2  
Save/Update: DELETE proveedor_movimientos where nro_movimiento=4  ; DELETE documento_movimiento where nro_movimiento=4  ; ;DELETE MovimientosCuenta WHERE nro_movimiento=4  
Save/Update: DELETE FROM OrdenDeCompra WHERE nro_Doc =5
Save/Update: delete documento where nro_doc=5</StdOut>
      </Output>
    </UnitTestResult>
    <UnitTestResult executionId="af00ce78-fb26-4144-a4a8-905fa726b996" testId="049d0f88-7bdd-159e-dcba-5d96f972e9a7" testName="cargarUsuariosTest" computerName="DIEGO-PC" duration="00:00:00.6629528" startTime="2012-11-19T19:37:26.7702789-03:00" endTime="2012-11-19T19:37:27.4433174-03:00" testType="13cdc9d9-ddb5-4fa4-a97d-d965ccfc6d4b" outcome="Passed" testListId="8c84fa94-04c1-424b-9868-57a2d4851a1d" relativeResultsDirectory="af00ce78-fb26-4144-a4a8-905fa726b996">
      <Output>
        <StdOut>Save/Update: select * from Usuario; select * from JoinUsuarioToFamilia; select * from JoinPatenteToUsuario
Save/Update: DELETE JoinUsuarioToFamilia where usuarioID=6  ; DELETE JoinPatenteToUsuario where usuarioID=6  ; ;DELETE Usuario WHERE usuarioID=6  
Save/Update: UPDATE Usuario SET nombre='nombre5', apellido='apellido5', mail='mail5@test.com', password='pas5', telefonoFijo='5555-5555', telefonoMovil='5555-5555', bloqueado=0  WHERE usuarioID=5  ; DELETE JoinUsuarioToFamilia where usuarioID=5  ; DELETE JoinPatenteToUsuario where usuarioID=5  ;</StdOut>
      </Output>
    </UnitTestResult>
    <UnitTestResult executionId="43495686-01e0-45e9-8cd5-7fd81029727b" testId="04a946fc-19a1-d283-10d5-49de1068346e" testName="actualizarMovimientoTest" computerName="DIEGO-PC" duration="00:00:00.6279967" startTime="2012-11-19T19:37:27.4543180-03:00" endTime="2012-11-19T19:37:28.0883542-03:00" testType="13cdc9d9-ddb5-4fa4-a97d-d965ccfc6d4b" outcome="Passed" testListId="8c84fa94-04c1-424b-9868-57a2d4851a1d" relativeResultsDirectory="43495686-01e0-45e9-8cd5-7fd81029727b">
      <Output>
        <StdOut>Save/Update: SELECT  ISNULL(MAX(nro_movimiento + 1),1) from MovimientosCuenta
Save/Update: INSERT INTO MovimientosCuenta (nro_movimiento, comentario, fecha, monto, cuentaID, tipoMovimientoID) VALUES (4 , 'com4',  CAST('19/11/2012 19:37:27.461'  AS DateTime), 33.3, 1 , 2 ); DELETE cliente_movimientos where nro_movimiento=4  ;  INSERT INTO cliente_movimientos ( nro_movimiento, id_cliente) VALUES ( 4 , 2 ); DELETE documento_movimiento where nro_movimiento=4  ; 
Save/Update: select * from MovimientosCuenta JOIN cliente_movimientos AS cliente ON MovimientosCuenta.nro_movimiento=cliente.nro_movimiento WHERE  MovimientosCuenta.nro_movimiento=4  AND cliente.id_cliente IS NOT  NULL ; select * from cliente_movimientos; select * from documento_movimiento
Save/Update: select * from Cliente WHERE  Cliente.id_cliente=2  ; select * from cliente_movimientos; select * from Pedido WHERE borrado = 0; select * from Factura WHERE borrado = 0; select * from Diseño WHERE borrado = 0
Save/Update: select * from Usuario WHERE  Usuario.usuarioID=2  ; select * from JoinUsuarioToFamilia; select * from JoinPatenteToUsuario
Save/Update: select * from Familia JOIN JoinUsuarioToFamilia AS usuarios ON Familia.familiaID=usuarios.familiaID WHERE usuarios.usuarioID=2  ; select * from JoinFamiliaToPatente
Save/Update: select * from Patente JOIN JoinFamiliaToPatente AS familia ON Patente.patenteId=familia.patenteId WHERE familia.familiaID=2  
Save/Update: select * from Patente JOIN JoinPatenteToUsuario AS usuario ON Patente.patenteId=usuario.patenteId WHERE usuario.usuarioID=2  
Save/Update: select * from Cliente WHERE  Cliente.usuarioID=2  ; select * from cliente_movimientos; select * from Pedido WHERE borrado = 0; select * from Factura WHERE borrado = 0; select * from Diseño WHERE borrado = 0
Save/Update: select * from Diseño WHERE  Diseño.id_cliente=2  ; select * from historico_estados_diseño WHERE borrado = 0
Save/Update: select * from Factura WHERE  Factura.id_cliente=2  ; select * from documento_movimiento; select * from LineaFactura WHERE borrado = 0
Save/Update: select * from Pedido WHERE  Pedido.id_cliente=2  ; select * from produccion WHERE borrado = 0; select * from historico_estados_pedido WHERE borrado = 0
Save/Update: select * from MovimientosCuenta JOIN cliente_movimientos AS cliente ON MovimientosCuenta.nro_movimiento=cliente.nro_movimiento WHERE cliente.id_cliente=2  AND cliente.id_cliente IS NOT  NULL ; select * from cliente_movimientos; select * from documento_movimiento
Save/Update: select * from tipoMovimiento WHERE  tipoMovimiento.tipoMovimientoID=2  
Save/Update: select * from Cuenta WHERE  Cuenta.cuentaID=1  
Save/Update: UPDATE MovimientosCuenta SET comentario='com4', fecha= CAST('19/11/2012 19:37:27.460'  AS DateTime), monto=33.3, cuentaID=1 , tipoMovimientoID=2  WHERE nro_movimiento=4  ; DELETE cliente_movimientos where nro_movimiento=4  ;  INSERT INTO cliente_movimientos ( nro_movimiento, id_cliente) VALUES ( 4 , 1 ); DELETE documento_movimiento where nro_movimiento=4  ; 
Save/Update: select * from MovimientosCuenta JOIN cliente_movimientos AS cliente ON MovimientosCuenta.nro_movimiento=cliente.nro_movimiento WHERE  MovimientosCuenta.nro_movimiento=4  AND cliente.id_cliente IS NOT  NULL ; select * from cliente_movimientos; select * from documento_movimiento
Save/Update: select * from Cliente WHERE  Cliente.id_cliente=1  ; select * from cliente_movimientos; select * from Pedido WHERE borrado = 0; select * from Factura WHERE borrado = 0; select * from Diseño WHERE borrado = 0
Save/Update: select * from Usuario WHERE  Usuario.usuarioID=1  ; select * from JoinUsuarioToFamilia; select * from JoinPatenteToUsuario
Save/Update: select * from Familia JOIN JoinUsuarioToFamilia AS usuarios ON Familia.familiaID=usuarios.familiaID WHERE usuarios.usuarioID=1  ; select * from JoinFamiliaToPatente
Save/Update: select * from Patente JOIN JoinPatenteToUsuario AS usuario ON Patente.patenteId=usuario.patenteId WHERE usuario.usuarioID=1  
Save/Update: select * from Cliente WHERE  Cliente.usuarioID=1  ; select * from cliente_movimientos; select * from Pedido WHERE borrado = 0; select * from Factura WHERE borrado = 0; select * from Diseño WHERE borrado = 0
Save/Update: select * from Diseño WHERE  Diseño.id_cliente=1  ; select * from historico_estados_diseño WHERE borrado = 0
Save/Update: select * from Factura WHERE  Factura.id_cliente=1  ; select * from documento_movimiento; select * from LineaFactura WHERE borrado = 0
Save/Update: select * from Pedido WHERE  Pedido.id_cliente=1  ; select * from produccion WHERE borrado = 0; select * from historico_estados_pedido WHERE borrado = 0
Save/Update: select * from MovimientosCuenta JOIN cliente_movimientos AS cliente ON MovimientosCuenta.nro_movimiento=cliente.nro_movimiento WHERE cliente.id_cliente=1  AND cliente.id_cliente IS NOT  NULL ; select * from cliente_movimientos; select * from documento_movimiento
Save/Update: select * from tipoMovimiento WHERE  tipoMovimiento.tipoMovimientoID=2  
Save/Update: select * from Cuenta WHERE  Cuenta.cuentaID=1  
Save/Update: DELETE cliente_movimientos where nro_movimiento=4  ; DELETE documento_movimiento where nro_movimiento=4  ; ;DELETE MovimientosCuenta WHERE nro_movimiento=4</StdOut>
      </Output>
    </UnitTestResult>
    <UnitTestResult executionId="65e2205f-fb4c-4e9c-88a9-8bb7420c0185" testId="0533de1e-bd84-9f46-95b5-950bf92951b0" testName="modificarLineaTest" computerName="DIEGO-PC" duration="00:00:00.1432078" startTime="2012-11-19T19:37:28.0963547-03:00" endTime="2012-11-19T19:37:28.2473633-03:00" testType="13cdc9d9-ddb5-4fa4-a97d-d965ccfc6d4b" outcome="Passed" testListId="8c84fa94-04c1-424b-9868-57a2d4851a1d" relativeResultsDirectory="65e2205f-fb4c-4e9c-88a9-8bb7420c0185">
      <Output>
        <StdOut>Save/Update: SELECT  ISNULL(MAX(nro_linea + 1),1) from LineaOrdenDeCompra WHERE nro_orden_compra=1 AND nro_sucursal=1 AND tipo_orden_compra='A'
Save/Update: INSERT INTO LineaOrdenDeCompra (nro_orden_compra, nro_sucursal, tipo_orden_compra, nro_linea, cod_producto, cantidad, precio, borrado) VALUES (1 , 1 , 'A', 3 , 3 , 33 , 33.3, 0 ); 
Save/Update: select * from LineaOrdenDeCompra WHERE  LineaOrdenDeCompra.nro_orden_compra=1  AND  LineaOrdenDeCompra.nro_linea=3  AND  LineaOrdenDeCompra.nro_sucursal=1  AND  LineaOrdenDeCompra.tipo_orden_compra='A' 
Save/Update: UPDATE LineaOrdenDeCompra SET cod_producto=3 , cantidad=33 , precio=10, borrado=0  WHERE nro_orden_compra=1  AND nro_sucursal=1  AND tipo_orden_compra='A' AND nro_linea=3  ; 
Save/Update: select * from LineaOrdenDeCompra WHERE  LineaOrdenDeCompra.nro_orden_compra=1  AND  LineaOrdenDeCompra.nro_linea=3  AND  LineaOrdenDeCompra.nro_sucursal=1  AND  LineaOrdenDeCompra.tipo_orden_compra='A' 
Save/Update: DELETE LineaOrdenDeCompra WHERE nro_orden_compra=1  AND nro_sucursal=1  AND tipo_orden_compra='A' AND nro_linea=3</StdOut>
      </Output>
    </UnitTestResult>
    <UnitTestResult executionId="f8a845c1-9955-45b5-8ee2-3857f48fd0b2" testId="0619da45-f95c-9013-f779-f3a2e41e2ddd" testName="borrarUsuarioTest" computerName="DIEGO-PC" duration="00:00:00.0356562" startTime="2012-11-19T19:37:28.2613641-03:00" endTime="2012-11-19T19:37:28.3303681-03:00" testType="13cdc9d9-ddb5-4fa4-a97d-d965ccfc6d4b" outcome="Passed" testListId="8c84fa94-04c1-424b-9868-57a2d4851a1d" relativeResultsDirectory="f8a845c1-9955-45b5-8ee2-3857f48fd0b2">
      <Output>
        <StdOut>Save/Update: INSERT INTO Usuario (usuarioID, nombre, apellido, mail, password, telefonoFijo, telefonoMovil, bloqueado) VALUES (6 , 'nombre6', 'apellido6', 'mail6@test.com', 'pas6', '6666-6666', '6666-6666', 0 ); DELETE JoinUsuarioToFamilia where usuarioID=6  ; DELETE JoinPatenteToUsuario where usuarioID=6  ; 
Save/Update: select * from Usuario WHERE  Usuario.usuarioID=6  ; select * from JoinUsuarioToFamilia; select * from JoinPatenteToUsuario
Save/Update: DELETE JoinUsuarioToFamilia where usuarioID=6  ; DELETE JoinPatenteToUsuario where usuarioID=6  ; ;DELETE Usuario WHERE usuarioID=6  
Save/Update: select * from Usuario WHERE  Usuario.usuarioID=6  ; select * from JoinUsuarioToFamilia; select * from JoinPatenteToUsuario
Save/Update: DELETE JoinUsuarioToFamilia where usuarioID=6  ; DELETE JoinPatenteToUsuario where usuarioID=6  ; ;DELETE Usuario WHERE usuarioID=6  
Save/Update: UPDATE Usuario SET nombre='nombre5', apellido='apellido5', mail='mail5@test.com', password='pas5', telefonoFijo='5555-5555', telefonoMovil='5555-5555', bloqueado=0  WHERE usuarioID=5  ; DELETE JoinUsuarioToFamilia where usuarioID=5  ; DELETE JoinPatenteToUsuario where usuarioID=5  ;</StdOut>
      </Output>
    </UnitTestResult>
    <UnitTestResult executionId="4d07b41d-08d5-4b48-ace2-ded3b0600d6e" testId="06ea3cf0-5b85-5241-6e3e-f83627367b47" testName="actualizarNewsletterTest" computerName="DIEGO-PC" duration="00:00:00.1441403" startTime="2012-11-19T19:37:28.3393686-03:00" endTime="2012-11-19T19:37:28.4903772-03:00" testType="13cdc9d9-ddb5-4fa4-a97d-d965ccfc6d4b" outcome="Passed" testListId="8c84fa94-04c1-424b-9868-57a2d4851a1d" relativeResultsDirectory="4d07b41d-08d5-4b48-ace2-ded3b0600d6e">
      <Output>
        <StdOut>Save/Update: select * from newsletter WHERE  newsletter.nombre='news1' 
Save/Update: UPDATE newsletter SET newsletter='&lt;body background="#8A94AA"&gt;&lt;style type="text/css"&gt;&lt;!--body {	background-color: #8A94AA;}.txt-geral {	font-family: Georgia, Times New Roman, Times, serif;	font-size: 13px;}.style3 {	font-family: Georgia, Times New Roman, Times, serif;	font-size: 13px;	color:#003366;}.txt-geralp {	font-family: Georgia, Times New Roman, Times, serif;	font-size: 11px;}.style-grd {	font-family: Georgia, Times New Roman, Times, serif;	font-size: 18px;}--&gt; &lt;/style&gt;&lt;table width="600" border="0" align="center" cellpadding="0" cellspacing="0"&gt;  &lt;tr&gt;    &lt;td class="titulo3"&gt;&lt;img src="http://www.salvadorefilhos.pt/images/news/bg-topo.gif" alt="" width="600" height="21" /&gt;&lt;/td&gt;  &lt;/tr&gt;  &lt;tr&gt;    &lt;td align="center" bgcolor="#EEEBE0"&gt;&lt;div align="center"&gt;&lt;img src="http://www.salvadorefilhos.pt/images/news/img-topo.jpg" alt="Salvador &amp;amp; Filhos" width="600" height="206" border="0" /&gt;&lt;/div&gt;&lt;/td&gt;  &lt;/tr&gt;  &lt;tr&gt;    &lt;td bgcolor="#EEEBE0"&gt;&lt;table width="97%" border="0" align="center" cellpadding="0" cellspacing="16"&gt;      &lt;tr&gt;        &lt;td width="50%" height="34" valign="top" class="txt-geral"&gt;&lt;div class="style3"&gt;          &lt;p&gt;&lt;b&gt;UNIPROF&lt;/b&gt;&lt;/p&gt;          &lt;p&gt;&lt;b&gt;NEWSLETTER N&amp;ordm;9&lt;/b&gt;&lt;/p&gt;        &lt;/div&gt;&lt;/td&gt;        &lt;td width="50%" align="right" valign="top" class="txt-geral"&gt;&lt;img src="http://www.salvadorefilhos.pt/images/news/logo.gif" alt="Cristo Rei" width="99" height="66" /&gt;&lt;/td&gt;      &lt;/tr&gt;      &lt;tr&gt;        &lt;td colspan="2" valign="top" class="txt-geral"&gt;&lt;p align="center"&gt;&lt;img src="http://www.es.salvadorefilhos.pt/newsletter/images/tit-newsl9.gif" alt="Servicios Adicionales" width="550" height="100" /&gt;&lt;/p&gt;          	&lt;table width="100%" border="0" cellspacing="0" cellpadding="0"&gt;				&lt;tr&gt;					&lt;td width="60%" valign="top"&gt;&lt;h2&gt;&lt;span lang="ES-TRAD" xml:lang="ES-TRAD"&gt;&lt;strong&gt;Env&amp;iacute;o, recepci&amp;oacute;n&lt;/strong&gt;&lt;/span&gt;:&lt;/h2&gt;							&lt;ul&gt;								&lt;li&gt;&lt;span lang="ES-TRAD" xml:lang="ES-TRAD"&gt;Log&amp;iacute;stica de entrega y recogida de pedidos por nuestro   transportista especializado. &lt;/span&gt; &lt;/li&gt;								&lt;li&gt;&lt;span lang="ES-TRAD" xml:lang="ES-TRAD"&gt;Entregas r&amp;aacute;pidas. &lt;/span&gt; &lt;/li&gt;								&lt;li&gt;&lt;span lang="ES-TRAD" xml:lang="ES-TRAD"&gt;Trabajamos internacionalmente. &lt;/span&gt; &lt;/li&gt;								&lt;li&gt;&lt;span lang="ES-TRAD" xml:lang="ES-TRAD"&gt;Entrega directa a nuestros clientes.&lt;/span&gt;&lt;/li&gt;								&lt;/ul&gt;&lt;/td&gt;					&lt;td width="40%" align="right"&gt;&lt;img src="http://www.es.salvadorefilhos.pt/fotos/empresa/carrinho.gif" alt="Env&amp;iacute;o, recepci&amp;oacute;n" width="200" height="190" hspace="0" border="0" /&gt;&lt;/td&gt;				&lt;/tr&gt;				&lt;tr&gt;					&lt;td valign="top"&gt;&lt;h2&gt;&lt;br /&gt;						&lt;strong&gt;Embalaje&lt;/strong&gt;:&lt;/h2&gt;							&lt;ul&gt;								&lt;li&gt;&lt;span lang="ES-TRAD" xml:lang="ES-TRAD"&gt;Tenemos un servicio m&amp;aacute;s a la disponibilidad de nuestros clientes. &lt;/span&gt; &lt;/li&gt;								&lt;li&gt;&lt;span lang="ES-TRAD" xml:lang="ES-TRAD"&gt;Doblar y prensar las piezas personalizadas. &lt;/span&gt; &lt;/li&gt;								&lt;li&gt;&lt;span lang="ES-TRAD" xml:lang="ES-TRAD"&gt;Embalaje individual en una bolsa de pl&amp;aacute;stico. &lt;/span&gt; &lt;/li&gt;								&lt;li&gt;&lt;span lang="ES-TRAD" xml:lang="ES-TRAD"&gt;Embalaje m&amp;uacute;ltiple en una bolsa de pl&amp;aacute;stico. &lt;/span&gt; &lt;/li&gt;								&lt;li&gt;&lt;span lang="ES-TRAD" xml:lang="ES-TRAD"&gt;Embalaje en cajas de cart&amp;oacute;n&lt;/span&gt;&lt;/li&gt;								&lt;/ul&gt;&lt;/td&gt;					&lt;td align="right"&gt;&lt;br /&gt;							&lt;img src="http://www.es.salvadorefilhos.pt/fotos/empresa/embalagem.gif" alt="Embalaje" width="200" height="168" hspace="0" border="0" /&gt;&lt;/td&gt;				&lt;/tr&gt;				&lt;tr&gt;					&lt;td valign="top"&gt;&lt;h2&gt;&lt;br /&gt;						&lt;strong&gt;Control de calidad&lt;/strong&gt;:&lt;/h2&gt;							&lt;ul&gt;								&lt;li&gt;&lt;span lang="ES-TRAD" xml:lang="ES-TRAD"&gt;N&lt;/span&gt;uestros bordados son la prueba de la calidad y durabilidad,   colores s&amp;oacute;lidos y garantidos, calidad garantizada. &lt;/li&gt;								&lt;li&gt;Nuestros textiles son de un acabado de alta calidad, controlado y   probado. &lt;/li&gt;								&lt;li&gt;Control de calidad para todos nuestros art&amp;iacute;culos. &lt;/li&gt;								&lt;li&gt;La experiencia y conocimiento a su servicio. &lt;/li&gt;								&lt;li&gt;P&amp;oacute;nganos a prueba.&lt;/li&gt;								&lt;/ul&gt;&lt;/td&gt;					&lt;td align="right"&gt;&lt;br /&gt;							&lt;img height="200" alt="Control de calidad" src="http://www.es.salvadorefilhos.pt/fotos/empresa/maos.gif" width="200" border="0" /&gt;&lt;/td&gt;				&lt;/tr&gt;			&lt;/table&gt;          	&lt;p&gt;&lt;strong&gt;&amp;iexcl;&lt;a href=""&gt;Env&amp;iacute;enos su solicitud&lt;/a&gt;!&lt;img src="http://www.salvadorefilhos.pt/newsletter/images/download-es.gif" alt="Descargas, Diapositivos gratis" width="173" height="148" border="0" align="right" /&gt;&lt;/strong&gt;&lt;/b&gt;&lt;/p&gt;          &lt;p&gt;Descargue en su ordenador nuestro cat&amp;aacute;logo de hilos y lista de clis&amp;eacute;s en &lt;a href=""&gt;descargas&lt;/a&gt;. &lt;/p&gt;          &lt;p&gt; Calidad siempre em nuestros art&amp;iacute;culos garantizados y acabamiento especial.&lt;/p&gt;&lt;/td&gt;      &lt;/tr&gt;      &lt;tr&gt;        &lt;td colspan="2" valign="top" class="txt-geral"&gt;&lt;/td&gt;      &lt;/tr&gt;    &lt;/table&gt;    &lt;/td&gt;  &lt;/tr&gt;  &lt;tr&gt;   &lt;td&gt;&lt;img src="http://www.salvadorefilhos.pt/images/news/bg-bot.gif" alt="" width="600" height="50" /&gt;&lt;/td&gt;  &lt;/tr&gt;&lt;/table&gt;&lt;/body&gt;&lt;/html&gt;', nombre='news1', enviado=1  WHERE id=1  ; 
Save/Update: select * from newsletter WHERE  newsletter.id=1  
Save/Update: UPDATE newsletter SET newsletter='&lt;body background="#8A94AA"&gt;&lt;style type="text/css"&gt;&lt;!--body {	background-color: #8A94AA;}.txt-geral {	font-family: Georgia, Times New Roman, Times, serif;	font-size: 13px;}.style3 {	font-family: Georgia, Times New Roman, Times, serif;	font-size: 13px;	color:#003366;}.txt-geralp {	font-family: Georgia, Times New Roman, Times, serif;	font-size: 11px;}.style-grd {	font-family: Georgia, Times New Roman, Times, serif;	font-size: 18px;}--&gt; &lt;/style&gt;&lt;table width="600" border="0" align="center" cellpadding="0" cellspacing="0"&gt;  &lt;tr&gt;    &lt;td class="titulo3"&gt;&lt;img src="http://www.salvadorefilhos.pt/images/news/bg-topo.gif" alt="" width="600" height="21" /&gt;&lt;/td&gt;  &lt;/tr&gt;  &lt;tr&gt;    &lt;td align="center" bgcolor="#EEEBE0"&gt;&lt;div align="center"&gt;&lt;img src="http://www.salvadorefilhos.pt/images/news/img-topo.jpg" alt="Salvador &amp;amp; Filhos" width="600" height="206" border="0" /&gt;&lt;/div&gt;&lt;/td&gt;  &lt;/tr&gt;  &lt;tr&gt;    &lt;td bgcolor="#EEEBE0"&gt;&lt;table width="97%" border="0" align="center" cellpadding="0" cellspacing="16"&gt;      &lt;tr&gt;        &lt;td width="50%" height="34" valign="top" class="txt-geral"&gt;&lt;div class="style3"&gt;          &lt;p&gt;&lt;b&gt;UNIPROF&lt;/b&gt;&lt;/p&gt;          &lt;p&gt;&lt;b&gt;NEWSLETTER N&amp;ordm;9&lt;/b&gt;&lt;/p&gt;        &lt;/div&gt;&lt;/td&gt;        &lt;td width="50%" align="right" valign="top" class="txt-geral"&gt;&lt;img src="http://www.salvadorefilhos.pt/images/news/logo.gif" alt="Cristo Rei" width="99" height="66" /&gt;&lt;/td&gt;      &lt;/tr&gt;      &lt;tr&gt;        &lt;td colspan="2" valign="top" class="txt-geral"&gt;&lt;p align="center"&gt;&lt;img src="http://www.es.salvadorefilhos.pt/newsletter/images/tit-newsl9.gif" alt="Servicios Adicionales" width="550" height="100" /&gt;&lt;/p&gt;          	&lt;table width="100%" border="0" cellspacing="0" cellpadding="0"&gt;				&lt;tr&gt;					&lt;td width="60%" valign="top"&gt;&lt;h2&gt;&lt;span lang="ES-TRAD" xml:lang="ES-TRAD"&gt;&lt;strong&gt;Env&amp;iacute;o, recepci&amp;oacute;n&lt;/strong&gt;&lt;/span&gt;:&lt;/h2&gt;							&lt;ul&gt;								&lt;li&gt;&lt;span lang="ES-TRAD" xml:lang="ES-TRAD"&gt;Log&amp;iacute;stica de entrega y recogida de pedidos por nuestro   transportista especializado. &lt;/span&gt; &lt;/li&gt;								&lt;li&gt;&lt;span lang="ES-TRAD" xml:lang="ES-TRAD"&gt;Entregas r&amp;aacute;pidas. &lt;/span&gt; &lt;/li&gt;								&lt;li&gt;&lt;span lang="ES-TRAD" xml:lang="ES-TRAD"&gt;Trabajamos internacionalmente. &lt;/span&gt; &lt;/li&gt;								&lt;li&gt;&lt;span lang="ES-TRAD" xml:lang="ES-TRAD"&gt;Entrega directa a nuestros clientes.&lt;/span&gt;&lt;/li&gt;								&lt;/ul&gt;&lt;/td&gt;					&lt;td width="40%" align="right"&gt;&lt;img src="http://www.es.salvadorefilhos.pt/fotos/empresa/carrinho.gif" alt="Env&amp;iacute;o, recepci&amp;oacute;n" width="200" height="190" hspace="0" border="0" /&gt;&lt;/td&gt;				&lt;/tr&gt;				&lt;tr&gt;					&lt;td valign="top"&gt;&lt;h2&gt;&lt;br /&gt;						&lt;strong&gt;Embalaje&lt;/strong&gt;:&lt;/h2&gt;							&lt;ul&gt;								&lt;li&gt;&lt;span lang="ES-TRAD" xml:lang="ES-TRAD"&gt;Tenemos un servicio m&amp;aacute;s a la disponibilidad de nuestros clientes. &lt;/span&gt; &lt;/li&gt;								&lt;li&gt;&lt;span lang="ES-TRAD" xml:lang="ES-TRAD"&gt;Doblar y prensar las piezas personalizadas. &lt;/span&gt; &lt;/li&gt;								&lt;li&gt;&lt;span lang="ES-TRAD" xml:lang="ES-TRAD"&gt;Embalaje individual en una bolsa de pl&amp;aacute;stico. &lt;/span&gt; &lt;/li&gt;								&lt;li&gt;&lt;span lang="ES-TRAD" xml:lang="ES-TRAD"&gt;Embalaje m&amp;uacute;ltiple en una bolsa de pl&amp;aacute;stico. &lt;/span&gt; &lt;/li&gt;								&lt;li&gt;&lt;span lang="ES-TRAD" xml:lang="ES-TRAD"&gt;Embalaje en cajas de cart&amp;oacute;n&lt;/span&gt;&lt;/li&gt;								&lt;/ul&gt;&lt;/td&gt;					&lt;td align="right"&gt;&lt;br /&gt;							&lt;img src="http://www.es.salvadorefilhos.pt/fotos/empresa/embalagem.gif" alt="Embalaje" width="200" height="168" hspace="0" border="0" /&gt;&lt;/td&gt;				&lt;/tr&gt;				&lt;tr&gt;					&lt;td valign="top"&gt;&lt;h2&gt;&lt;br /&gt;						&lt;strong&gt;Control de calidad&lt;/strong&gt;:&lt;/h2&gt;							&lt;ul&gt;								&lt;li&gt;&lt;span lang="ES-TRAD" xml:lang="ES-TRAD"&gt;N&lt;/span&gt;uestros bordados son la prueba de la calidad y durabilidad,   colores s&amp;oacute;lidos y garantidos, calidad garantizada. &lt;/li&gt;								&lt;li&gt;Nuestros textiles son de un acabado de alta calidad, controlado y   probado. &lt;/li&gt;								&lt;li&gt;Control de calidad para todos nuestros art&amp;iacute;culos. &lt;/li&gt;								&lt;li&gt;La experiencia y conocimiento a su servicio. &lt;/li&gt;								&lt;li&gt;P&amp;oacute;nganos a prueba.&lt;/li&gt;								&lt;/ul&gt;&lt;/td&gt;					&lt;td align="right"&gt;&lt;br /&gt;							&lt;img height="200" alt="Control de calidad" src="http://www.es.salvadorefilhos.pt/fotos/empresa/maos.gif" width="200" border="0" /&gt;&lt;/td&gt;				&lt;/tr&gt;			&lt;/table&gt;          	&lt;p&gt;&lt;strong&gt;&amp;iexcl;&lt;a href=""&gt;Env&amp;iacute;enos su solicitud&lt;/a&gt;!&lt;img src="http://www.salvadorefilhos.pt/newsletter/images/download-es.gif" alt="Descargas, Diapositivos gratis" width="173" height="148" border="0" align="right" /&gt;&lt;/strong&gt;&lt;/b&gt;&lt;/p&gt;          &lt;p&gt;Descargue en su ordenador nuestro cat&amp;aacute;logo de hilos y lista de clis&amp;eacute;s en &lt;a href=""&gt;descargas&lt;/a&gt;. &lt;/p&gt;          &lt;p&gt; Calidad siempre em nuestros art&amp;iacute;culos garantizados y acabamiento especial.&lt;/p&gt;&lt;/td&gt;      &lt;/tr&gt;      &lt;tr&gt;        &lt;td colspan="2" valign="top" class="txt-geral"&gt;&lt;/td&gt;      &lt;/tr&gt;    &lt;/table&gt;    &lt;/td&gt;  &lt;/tr&gt;  &lt;tr&gt;   &lt;td&gt;&lt;img src="http://www.salvadorefilhos.pt/images/news/bg-bot.gif" alt="" width="600" height="50" /&gt;&lt;/td&gt;  &lt;/tr&gt;&lt;/table&gt;&lt;/body&gt;&lt;/html&gt;', nombre='news1', enviado=1  WHERE id=1  ;</StdOut>
      </Output>
    </UnitTestResult>
    <UnitTestResult executionId="7dd98192-eed8-4124-89b6-8b6dbc5d06d4" testId="07a2548d-4241-58e9-0562-3d619b418bbb" testName="cargarDiseñosTest" computerName="DIEGO-PC" duration="00:00:00.0303438" startTime="2012-11-19T19:37:28.4933774-03:00" endTime="2012-11-19T19:37:28.5323796-03:00" testType="13cdc9d9-ddb5-4fa4-a97d-d965ccfc6d4b" outcome="Passed" testListId="8c84fa94-04c1-424b-9868-57a2d4851a1d" relativeResultsDirectory="7dd98192-eed8-4124-89b6-8b6dbc5d06d4">
      <Output>
        <StdOut>Save/Update: select * from Diseño WHERE  Diseño.alto&gt;=5  AND  Diseño.alto&lt;=15  AND  Diseño.ancho&gt;=5  AND  Diseño.ancho&lt;=15  AND  Diseño.nombre LIKE '%ño1%'AND  Diseño.puntadas&gt;=500  AND  Diseño.puntadas&lt;=1500  AND  Diseño.id_cliente=1  ; select * from historico_estados_diseño WHERE borrado = 0</StdOut>
      </Output>
    </UnitTestResult>
    <UnitTestResult executionId="9e41fb2a-8a1c-4158-adb7-37935f94b45e" testId="0826b7aa-fcce-4d97-453d-e58eb4a27a97" testName="crearNuevaMaquinaTest" computerName="DIEGO-PC" duration="00:00:00.1204598" startTime="2012-11-19T19:37:28.5383800-03:00" endTime="2012-11-19T19:37:28.6973891-03:00" testType="13cdc9d9-ddb5-4fa4-a97d-d965ccfc6d4b" outcome="Passed" testListId="8c84fa94-04c1-424b-9868-57a2d4851a1d" relativeResultsDirectory="9e41fb2a-8a1c-4158-adb7-37935f94b45e">
      <Output>
        <StdOut>Save/Update: SELECT  ISNULL(MAX(cod_maquina + 1),1) from Maquina
Save/Update: INSERT INTO Maquina (cod_maquina, altoMargen, anchoMargen, cabezales, nombre, velocidadPromedio, cantidadColores) VALUES (4 , 100 , 200 , 12 , 'nombre nuevo', 1000 , 12 ); DELETE JoinMaquinaToTipoPrenda where cod_maquina=4  ;  INSERT INTO JoinMaquinaToTipoPrenda ( cod_maquina, tipo_prenda) VALUES ( 4 , 1 );  INSERT INTO JoinMaquinaToTipoPrenda ( cod_maquina, tipo_prenda) VALUES ( 4 , 2 ); 
Save/Update: select * from produccion WHERE  produccion.fechaInicio&gt;= CAST('19/11/2012 19:37:28.000'  AS DateTime) ; select * from historico_estados_produccion WHERE borrado = 0
Save/Update: select * from produccion WHERE  produccion.fechaInicio&gt;= CAST('19/11/2012 19:37:28.000'  AS DateTime) ; select * from historico_estados_produccion WHERE borrado = 0
Save/Update: select * from Maquina WHERE  Maquina.cod_maquina=4  ; select * from JoinMaquinaToTipoPrenda
Save/Update: select * from TipoPrenda WHERE  TipoPrenda.tipo_prenda=1  
Save/Update: select * from TipoPrenda WHERE  TipoPrenda.tipo_prenda=2  
Save/Update: DELETE JoinMaquinaToTipoPrenda where cod_maquina=4  ; ;DELETE Maquina WHERE cod_maquina=4  
Save/Update: delete from JoinMaquinaToTipoPrenda where cod_maquina=4</StdOut>
      </Output>
    </UnitTestResult>
    <UnitTestResult executionId="e3924025-647e-4bec-97e9-0bc1252cc4b6" testId="09863448-141d-d561-d286-b118ec566d97" testName="listarInsumosConRestriccionesTest" computerName="DIEGO-PC" duration="00:00:00.1221300" startTime="2012-11-19T19:37:28.7023894-03:00" endTime="2012-11-19T19:37:28.8343969-03:00" testType="13cdc9d9-ddb5-4fa4-a97d-d965ccfc6d4b" outcome="Passed" testListId="8c84fa94-04c1-424b-9868-57a2d4851a1d" relativeResultsDirectory="e3924025-647e-4bec-97e9-0bc1252cc4b6">
      <Output>
        <StdOut>Save/Update: select * from insumo WHERE  insumo.nombre LIKE '%bre%'AND  insumo.detalle LIKE '%lle1%'AND  insumo.id_tipo_insumo=1  AND  insumo.color=1  
Save/Update: select * from tipoInsumo WHERE  tipoInsumo.tipo_insumo=1  
Save/Update: select * from color WHERE  color.codigo_color=1  
Save/Update: select * from MovimientosStock WHERE  MovimientosStock.cod_insumo=1  
Save/Update: select * from insumo WHERE  insumo.cod_insumo=1  
Save/Update: select * from tipoInsumo WHERE  tipoInsumo.tipo_insumo=1  
Save/Update: select * from color WHERE  color.codigo_color=1  
Save/Update: select * from MovimientosStock WHERE  MovimientosStock.cod_insumo=1  
Save/Update: select * from insumo WHERE  insumo.cod_insumo=2  
Save/Update: select * from tipoInsumo WHERE  tipoInsumo.tipo_insumo=1  
Save/Update: select * from color WHERE  color.codigo_color=2  
Save/Update: select * from MovimientosStock WHERE  MovimientosStock.cod_insumo=2  
Save/Update: select * from insumo WHERE  insumo.cod_insumo=1  
Save/Update: select * from tipoInsumo WHERE  tipoInsumo.tipo_insumo=1  
Save/Update: select * from color WHERE  color.codigo_color=1  
Save/Update: select * from MovimientosStock WHERE  MovimientosStock.cod_insumo=1  
Save/Update: UPDATE insumo SET nombre='nombre1', id_tipo_insumo=1 , color=1 , detalle='detalle1', costo=1, cantidadActual=1  WHERE cod_insumo=1  ; 
Save/Update: select * from insumo WHERE  insumo.cod_insumo=2  
Save/Update: select * from tipoInsumo WHERE  tipoInsumo.tipo_insumo=1  
Save/Update: select * from color WHERE  color.codigo_color=2  
Save/Update: select * from MovimientosStock WHERE  MovimientosStock.cod_insumo=2  
Save/Update: UPDATE insumo SET nombre='nombre2', id_tipo_insumo=1 , color=2 , detalle='detalle2', costo=1, cantidadActual=2  WHERE cod_insumo=2  ; 
Save/Update: delete from MovimientosStock where cod_insumo &gt; 2 or (cod_insumo = 1 AND nro_movimiento &gt; 2) or (cod_insumo = 2 AND nro_movimiento &gt; 1)
Save/Update: DELETE MovimientosStock WHERE nro_movimiento=1  AND cod_insumo=5  
Save/Update: DELETE MovimientosStock WHERE nro_movimiento=2  AND cod_insumo=5  
Save/Update: DELETE insumo WHERE cod_insumo=5</StdOut>
      </Output>
    </UnitTestResult>
    <UnitTestResult executionId="a7f5d7ec-611b-47d2-9eb8-5ee314db559b" testId="0a8df61c-a62f-1c66-059f-875171321588" testName="grabarListaPrecioTest" computerName="DIEGO-PC" duration="00:00:00.0676346" startTime="2012-11-19T19:37:28.8463976-03:00" endTime="2012-11-19T19:37:28.9284023-03:00" testType="13cdc9d9-ddb5-4fa4-a97d-d965ccfc6d4b" outcome="Passed" testListId="8c84fa94-04c1-424b-9868-57a2d4851a1d" relativeResultsDirectory="a7f5d7ec-611b-47d2-9eb8-5ee314db559b">
      <Output>
        <StdOut>Save/Update: SELECT  ISNULL( MAX(nro_lista + 1), 1) from lista_precios WHERE cod_articulo=1
Save/Update: INSERT INTO lista_precios (nro_lista, cod_articulo, precio, fechaDesde, fechaHasta, borrado) VALUES (3 , 1 , 3.1,  CAST('11/11/2011 13:55:33.110'  AS DateTime),  CAST('11/11/2011 14:55:33.223'  AS DateTime), 0 ); 
Save/Update: select * from lista_precios WHERE  lista_precios.borrado=0  AND  lista_precios.cod_articulo=1  
Save/Update: DELETE lista_precios WHERE nro_lista=3  AND cod_articulo=1</StdOut>
      </Output>
    </UnitTestResult>
    <UnitTestResult executionId="c56fe2c2-5622-42eb-ac2f-8e83c2154a21" testId="0bbd7a33-36a4-99a4-2cd0-83fd451fea26" testName="actualizarUsuarioTest" computerName="DIEGO-PC" duration="00:00:00.2680344" startTime="2012-11-19T19:37:28.9354027-03:00" endTime="2012-11-19T19:37:29.2124185-03:00" testType="13cdc9d9-ddb5-4fa4-a97d-d965ccfc6d4b" outcome="Passed" testListId="8c84fa94-04c1-424b-9868-57a2d4851a1d" relativeResultsDirectory="c56fe2c2-5622-42eb-ac2f-8e83c2154a21">
      <Output>
        <StdOut>Save/Update: select * from Usuario WHERE  Usuario.usuarioID=5  ; select * from JoinUsuarioToFamilia; select * from JoinPatenteToUsuario
Save/Update: select * from Familia JOIN JoinUsuarioToFamilia AS usuarios ON Familia.familiaID=usuarios.familiaID WHERE usuarios.usuarioID=5  ; select * from JoinFamiliaToPatente
Save/Update: select * from Patente JOIN JoinPatenteToUsuario AS usuario ON Patente.patenteId=usuario.patenteId WHERE usuario.usuarioID=5  
Save/Update: select * from Cliente WHERE  Cliente.usuarioID=5  ; select * from cliente_movimientos; select * from Pedido WHERE borrado = 0; select * from Factura WHERE borrado = 0; select * from Diseño WHERE borrado = 0
Save/Update: UPDATE Usuario SET nombre='nombreModificado', apellido='apellido5', mail='mail5@test.com', password='pas5', telefonoFijo='5555-5555', telefonoMovil='5555-5555', bloqueado=0  WHERE usuarioID=5  ; DELETE JoinUsuarioToFamilia where usuarioID=5  ;  INSERT INTO JoinUsuarioToFamilia ( usuarioID, familiaID) VALUES ( 5 , 5 ); DELETE JoinPatenteToUsuario where usuarioID=5  ;  INSERT INTO JoinPatenteToUsuario ( usuarioID, patenteId) VALUES ( 5 , 3 ); 
Save/Update: select * from Usuario WHERE  Usuario.usuarioID=5  ; select * from JoinUsuarioToFamilia; select * from JoinPatenteToUsuario
Save/Update: select * from Familia JOIN JoinUsuarioToFamilia AS usuarios ON Familia.familiaID=usuarios.familiaID WHERE usuarios.usuarioID=5  ; select * from JoinFamiliaToPatente
Save/Update: select * from Patente JOIN JoinFamiliaToPatente AS familia ON Patente.patenteId=familia.patenteId WHERE familia.familiaID=5  
Save/Update: select * from Patente JOIN JoinPatenteToUsuario AS usuario ON Patente.patenteId=usuario.patenteId WHERE usuario.usuarioID=5  
Save/Update: select * from Cliente WHERE  Cliente.usuarioID=5  ; select * from cliente_movimientos; select * from Pedido WHERE borrado = 0; select * from Factura WHERE borrado = 0; select * from Diseño WHERE borrado = 0
Save/Update: UPDATE Usuario SET nombre='nombreModificado', apellido='apellido5', mail='mail5@test.com', password='pas5', telefonoFijo='5555-5555', telefonoMovil='5555-5555', bloqueado=0  WHERE usuarioID=5  ; DELETE JoinUsuarioToFamilia where usuarioID=5  ; DELETE JoinPatenteToUsuario where usuarioID=5  ;</StdOut>
      </Output>
    </UnitTestResult>
    <UnitTestResult executionId="e5eb29b6-9182-472a-8f22-fa5472adf7d6" testId="0d0b6b4c-3d42-300a-bac7-fbab5e0b6cc5" testName="listarProduccionConRestriccionesTest" computerName="DIEGO-PC" duration="00:00:00.0160716" startTime="2012-11-19T19:37:29.2184189-03:00" endTime="2012-11-19T19:37:29.2404201-03:00" testType="13cdc9d9-ddb5-4fa4-a97d-d965ccfc6d4b" outcome="Passed" testListId="8c84fa94-04c1-424b-9868-57a2d4851a1d" relativeResultsDirectory="e5eb29b6-9182-472a-8f22-fa5472adf7d6">
      <Output>
        <StdOut>Save/Update: select * from produccion WHERE  produccion.fechaInicio&gt;= CAST('09/10/2012 09:00:00.000'  AS DateTime) AND  produccion.fechaInicio&lt;= CAST('09/10/2012 14:00:00.000'  AS DateTime) AND  produccion.fechaFinal&gt;= CAST('09/10/2012 12:00:00.000'  AS DateTime) AND  produccion.fechaFinal&lt;= CAST('09/10/2012 14:00:00.000'  AS DateTime) ; select * from historico_estados_produccion WHERE borrado = 0
Save/Update: select * from Pedido WHERE  Pedido.cod_pedido=1  ; select * from produccion WHERE borrado = 0; select * from historico_estados_pedido WHERE borrado = 0
Save/Update: select * from Maquina WHERE  Maquina.cod_maquina=1  ; select * from JoinMaquinaToTipoPrenda
Save/Update: select * from Articulos WHERE  Articulos.cod_articulo=1  ; select * from lista_precios WHERE borrado = 0
Save/Update: select * from EstadoTrabajos WHERE  EstadoTrabajos.cod_estado=3  
Save/Update: select * from historico_estados_produccion WHERE  historico_estados_produccion.cod_produccion=1  
Save/Update: select * from produccion_operador WHERE  produccion_operador.cod_prodcuccion=1  
Save/Update: DELETE produccion_operador WHERE id_operador=2  AND cod_prodcuccion=7  
Save/Update: DELETE historico_estados_produccion WHERE nro_estado=1  AND cod_produccion=7  
Save/Update: DELETE historico_estados_produccion WHERE nro_estado=2  AND cod_produccion=7  
Save/Update: DELETE produccion WHERE cod_produccion=7</StdOut>
      </Output>
    </UnitTestResult>
    <UnitTestResult executionId="977a8308-0cdb-4e76-8db6-9634482a501f" testId="0d3f2b5f-2310-d53e-af58-1c0f5f09df9f" testName="cargarMovimientosConRestriccionesTest" computerName="DIEGO-PC" duration="00:00:00.2489121" startTime="2012-11-19T19:37:29.2474205-03:00" endTime="2012-11-19T19:37:29.5024351-03:00" testType="13cdc9d9-ddb5-4fa4-a97d-d965ccfc6d4b" outcome="Passed" testListId="8c84fa94-04c1-424b-9868-57a2d4851a1d" relativeResultsDirectory="977a8308-0cdb-4e76-8db6-9634482a501f">
      <Output>
        <StdOut>Save/Update: select * from MovimientosCuenta JOIN proveedor_movimientos AS proveedor ON MovimientosCuenta.nro_movimiento=proveedor.nro_movimiento WHERE  MovimientosCuenta.nro_movimiento=3  AND  MovimientosCuenta.comentario LIKE '%m3%'AND  MovimientosCuenta.fecha= CAST('03/03/2003 00:00:00.000'  AS DateTime) AND  MovimientosCuenta.monto&gt;=5 AND  MovimientosCuenta.monto&lt;=50 AND  MovimientosCuenta.cuentaID=1  AND  MovimientosCuenta.tipoMovimientoID=1  AND proveedor.id_proveedor=1  AND proveedor.id_proveedor IS NOT  NULL ; select * from proveedor_movimientos; select * from documento_movimiento
Save/Update: DELETE proveedor_movimientos where nro_movimiento=4  ; DELETE documento_movimiento where nro_movimiento=4  ; ;DELETE MovimientosCuenta WHERE nro_movimiento=4</StdOut>
      </Output>
    </UnitTestResult>
    <UnitTestResult executionId="32157fc3-2c47-4c6d-85f3-760f9100ccc3" testId="0dd1a643-72f4-8fdd-aebf-659387fe0ecf" testName="disminuirStockTest" computerName="DIEGO-PC" duration="00:00:00.1058487" startTime="2012-11-19T19:37:29.5074354-03:00" endTime="2012-11-19T19:37:29.6204419-03:00" testType="13cdc9d9-ddb5-4fa4-a97d-d965ccfc6d4b" outcome="Passed" testListId="8c84fa94-04c1-424b-9868-57a2d4851a1d" relativeResultsDirectory="32157fc3-2c47-4c6d-85f3-760f9100ccc3">
      <Output>
        <StdOut>Save/Update: select * from Articulos WHERE  Articulos.cod_articulo=1  ; select * from lista_precios WHERE borrado = 0
Save/Update: select * from lista_precios WHERE  lista_precios.cod_articulo=1  
Save/Update: select * from TipoPrenda WHERE  TipoPrenda.tipo_prenda=1  
Save/Update: select * from Diseño WHERE  Diseño.cod_diseño=1  ; select * from historico_estados_diseño WHERE borrado = 0
Save/Update: select * from Diseño WHERE  Diseño.cod_diseño=1  ; select * from historico_estados_diseño WHERE borrado = 0
Save/Update: select * from Cliente WHERE  Cliente.id_cliente=1  ; select * from cliente_movimientos; select * from Pedido WHERE borrado = 0; select * from Factura WHERE borrado = 0; select * from Diseño WHERE borrado = 0
Save/Update: select * from Usuario WHERE  Usuario.usuarioID=1  ; select * from JoinUsuarioToFamilia; select * from JoinPatenteToUsuario
Save/Update: select * from Diseño_insumos WHERE  Diseño_insumos.cod_diseño=1  
Save/Update: select * from historico_estados_diseño WHERE  historico_estados_diseño.cod_diseño=1  
Save/Update: select * from EstadoDiseños WHERE  EstadoDiseños.estado=2  
Save/Update: select * from insumo WHERE  insumo.cod_insumo=1  
Save/Update: select * from tipoInsumo WHERE  tipoInsumo.tipo_insumo=1  
Save/Update: select * from color WHERE  color.codigo_color=1  
Save/Update: select * from MovimientosStock WHERE  MovimientosStock.cod_insumo=1  
Save/Update: select * from insumo WHERE  insumo.cod_insumo=1  
Save/Update: select * from tipoInsumo WHERE  tipoInsumo.tipo_insumo=1  
Save/Update: select * from color WHERE  color.codigo_color=1  
Save/Update: select * from MovimientosStock WHERE  MovimientosStock.cod_insumo=1  
Save/Update: UPDATE insumo SET nombre='nombre1', id_tipo_insumo=1 , color=1 , detalle='detalle1', costo=1, cantidadActual=0  WHERE cod_insumo=1  ; 
Save/Update: SELECT  ISNULL(MAX(nro_movimiento + 1),1) from MovimientosStock WHERE cod_insumo=1
Save/Update: INSERT INTO MovimientosStock (nro_movimiento, cod_insumo, tipo, fecha, cantidad) VALUES (3 , 1 , 1 ,  CAST('19/11/2012 19:37:29.540'  AS DateTime), -1); 
Save/Update: select * from insumo WHERE  insumo.cod_insumo=2  
Save/Update: select * from tipoInsumo WHERE  tipoInsumo.tipo_insumo=1  
Save/Update: select * from color WHERE  color.codigo_color=2  
Save/Update: select * from MovimientosStock WHERE  MovimientosStock.cod_insumo=2  
Save/Update: select * from insumo WHERE  insumo.cod_insumo=2  
Save/Update: select * from tipoInsumo WHERE  tipoInsumo.tipo_insumo=1  
Save/Update: select * from color WHERE  color.codigo_color=2  
Save/Update: select * from MovimientosStock WHERE  MovimientosStock.cod_insumo=2  
Save/Update: UPDATE insumo SET nombre='nombre2', id_tipo_insumo=1 , color=2 , detalle='detalle2', costo=1, cantidadActual=1  WHERE cod_insumo=2  ; 
Save/Update: SELECT  ISNULL(MAX(nro_movimiento + 1),1) from MovimientosStock WHERE cod_insumo=2
Save/Update: INSERT INTO MovimientosStock (nro_movimiento, cod_insumo, tipo, fecha, cantidad) VALUES (2 , 2 , 1 ,  CAST('19/11/2012 19:37:29.551'  AS DateTime), -1); 
Save/Update: select * from insumo WHERE  insumo.cod_insumo=1  
Save/Update: select * from tipoInsumo WHERE  tipoInsumo.tipo_insumo=1  
Save/Update: select * from color WHERE  color.codigo_color=1  
Save/Update: select * from MovimientosStock WHERE  MovimientosStock.cod_insumo=1  
Save/Update: select * from insumo WHERE  insumo.cod_insumo=2  
Save/Update: select * from tipoInsumo WHERE  tipoInsumo.tipo_insumo=1  
Save/Update: select * from color WHERE  color.codigo_color=2  
Save/Update: select * from MovimientosStock WHERE  MovimientosStock.cod_insumo=2  
Save/Update: select * from insumo WHERE  insumo.cod_insumo=1  
Save/Update: select * from tipoInsumo WHERE  tipoInsumo.tipo_insumo=1  
Save/Update: select * from color WHERE  color.codigo_color=1  
Save/Update: select * from MovimientosStock WHERE  MovimientosStock.cod_insumo=1  
Save/Update: select * from insumo WHERE  insumo.cod_insumo=2  
Save/Update: select * from tipoInsumo WHERE  tipoInsumo.tipo_insumo=1  
Save/Update: select * from color WHERE  color.codigo_color=2  
Save/Update: select * from MovimientosStock WHERE  MovimientosStock.cod_insumo=2  
Save/Update: select * from insumo WHERE  insumo.cod_insumo=1  
Save/Update: select * from tipoInsumo WHERE  tipoInsumo.tipo_insumo=1  
Save/Update: select * from color WHERE  color.codigo_color=1  
Save/Update: select * from MovimientosStock WHERE  MovimientosStock.cod_insumo=1  
Save/Update: UPDATE insumo SET nombre='nombre1', id_tipo_insumo=1 , color=1 , detalle='detalle1', costo=1, cantidadActual=1  WHERE cod_insumo=1  ; 
Save/Update: SELECT  ISNULL(MAX(nro_movimiento + 1),1) from MovimientosStock WHERE cod_insumo=1
Save/Update: INSERT INTO MovimientosStock (nro_movimiento, cod_insumo, tipo, fecha, cantidad) VALUES (4 , 1 , 2 ,  CAST('19/11/2012 19:37:29.612'  AS DateTime), 1); 
Save/Update: select * from insumo WHERE  insumo.cod_insumo=2  
Save/Update: select * from tipoInsumo WHERE  tipoInsumo.tipo_insumo=1  
Save/Update: select * from color WHERE  color.codigo_color=2  
Save/Update: select * from MovimientosStock WHERE  MovimientosStock.cod_insumo=2  
Save/Update: UPDATE insumo SET nombre='nombre2', id_tipo_insumo=1 , color=2 , detalle='detalle2', costo=1, cantidadActual=2  WHERE cod_insumo=2  ; 
Save/Update: SELECT  ISNULL(MAX(nro_movimiento + 1),1) from MovimientosStock WHERE cod_insumo=2
Save/Update: INSERT INTO MovimientosStock (nro_movimiento, cod_insumo, tipo, fecha, cantidad) VALUES (3 , 2 , 2 ,  CAST('19/11/2012 19:37:29.614'  AS DateTime), 1); 
Save/Update: delete from MovimientosStock where cod_insumo &gt; 2 or (cod_insumo = 1 AND nro_movimiento &gt; 2) or (cod_insumo = 2 AND nro_movimiento &gt; 1)
Save/Update: DELETE MovimientosStock WHERE nro_movimiento=1  AND cod_insumo=5  
Save/Update: DELETE MovimientosStock WHERE nro_movimiento=2  AND cod_insumo=5  
Save/Update: DELETE insumo WHERE cod_insumo=5</StdOut>
      </Output>
    </UnitTestResult>
    <UnitTestResult executionId="fb4413aa-3b79-4b83-abc7-110fba46e628" testId="10b4c1e2-77e8-b6fe-ff2c-b75bd78a1790" testName="actualizarMovimientoTest" computerName="DIEGO-PC" duration="00:00:00.0762476" startTime="2012-11-19T19:37:29.6244421-03:00" endTime="2012-11-19T19:37:29.7074469-03:00" testType="13cdc9d9-ddb5-4fa4-a97d-d965ccfc6d4b" outcome="Passed" testListId="8c84fa94-04c1-424b-9868-57a2d4851a1d" relativeResultsDirectory="fb4413aa-3b79-4b83-abc7-110fba46e628">
      <Output>
        <StdOut>Save/Update: SELECT  ISNULL(MAX(nro_movimiento + 1),1) from MovimientosCuenta
Save/Update: INSERT INTO MovimientosCuenta (nro_movimiento, comentario, fecha, monto, cuentaID, tipoMovimientoID) VALUES (4 , 'com4',  CAST('19/11/2012 19:37:29.630'  AS DateTime), 33.3, 1 , 2 ); DELETE cliente_movimientos where nro_movimiento=4  ;  INSERT INTO cliente_movimientos ( nro_movimiento, id_cliente) VALUES ( 4 , 2 ); DELETE documento_movimiento where nro_movimiento=4  ; 
Save/Update: select * from MovimientosCuenta JOIN cliente_movimientos AS cliente ON MovimientosCuenta.nro_movimiento=cliente.nro_movimiento WHERE  MovimientosCuenta.nro_movimiento=4  AND cliente.id_cliente IS NOT  NULL ; select * from cliente_movimientos; select * from documento_movimiento
Save/Update: select * from Cliente WHERE  Cliente.id_cliente=2  ; select * from cliente_movimientos; select * from Pedido WHERE borrado = 0; select * from Factura WHERE borrado = 0; select * from Diseño WHERE borrado = 0
Save/Update: select * from Usuario WHERE  Usuario.usuarioID=2  ; select * from JoinUsuarioToFamilia; select * from JoinPatenteToUsuario
Save/Update: select * from Familia JOIN JoinUsuarioToFamilia AS usuarios ON Familia.familiaID=usuarios.familiaID WHERE usuarios.usuarioID=2  ; select * from JoinFamiliaToPatente
Save/Update: select * from Patente JOIN JoinFamiliaToPatente AS familia ON Patente.patenteId=familia.patenteId WHERE familia.familiaID=2  
Save/Update: select * from Patente JOIN JoinPatenteToUsuario AS usuario ON Patente.patenteId=usuario.patenteId WHERE usuario.usuarioID=2  
Save/Update: select * from Cliente WHERE  Cliente.usuarioID=2  ; select * from cliente_movimientos; select * from Pedido WHERE borrado = 0; select * from Factura WHERE borrado = 0; select * from Diseño WHERE borrado = 0
Save/Update: select * from Diseño WHERE  Diseño.id_cliente=2  ; select * from historico_estados_diseño WHERE borrado = 0
Save/Update: select * from Factura WHERE  Factura.id_cliente=2  ; select * from documento_movimiento; select * from LineaFactura WHERE borrado = 0
Save/Update: select * from Pedido WHERE  Pedido.id_cliente=2  ; select * from produccion WHERE borrado = 0; select * from historico_estados_pedido WHERE borrado = 0
Save/Update: select * from MovimientosCuenta JOIN cliente_movimientos AS cliente ON MovimientosCuenta.nro_movimiento=cliente.nro_movimiento WHERE cliente.id_cliente=2  AND cliente.id_cliente IS NOT  NULL ; select * from cliente_movimientos; select * from documento_movimiento
Save/Update: select * from tipoMovimiento WHERE  tipoMovimiento.tipoMovimientoID=2  
Save/Update: select * from Cuenta WHERE  Cuenta.cuentaID=1  
Save/Update: UPDATE MovimientosCuenta SET comentario='com4', fecha= CAST('19/11/2012 19:37:29.630'  AS DateTime), monto=33.3, cuentaID=1 , tipoMovimientoID=2  WHERE nro_movimiento=4  ; DELETE cliente_movimientos where nro_movimiento=4  ;  INSERT INTO cliente_movimientos ( nro_movimiento, id_cliente) VALUES ( 4 , 1 ); DELETE documento_movimiento where nro_movimiento=4  ; 
Save/Update: select * from MovimientosCuenta JOIN cliente_movimientos AS cliente ON MovimientosCuenta.nro_movimiento=cliente.nro_movimiento WHERE  MovimientosCuenta.nro_movimiento=4  AND cliente.id_cliente IS NOT  NULL ; select * from cliente_movimientos; select * from documento_movimiento
Save/Update: select * from Cliente WHERE  Cliente.id_cliente=1  ; select * from cliente_movimientos; select * from Pedido WHERE borrado = 0; select * from Factura WHERE borrado = 0; select * from Diseño WHERE borrado = 0
Save/Update: select * from Usuario WHERE  Usuario.usuarioID=1  ; select * from JoinUsuarioToFamilia; select * from JoinPatenteToUsuario
Save/Update: select * from Familia JOIN JoinUsuarioToFamilia AS usuarios ON Familia.familiaID=usuarios.familiaID WHERE usuarios.usuarioID=1  ; select * from JoinFamiliaToPatente
Save/Update: select * from Patente JOIN JoinPatenteToUsuario AS usuario ON Patente.patenteId=usuario.patenteId WHERE usuario.usuarioID=1  
Save/Update: select * from Cliente WHERE  Cliente.usuarioID=1  ; select * from cliente_movimientos; select * from Pedido WHERE borrado = 0; select * from Factura WHERE borrado = 0; select * from Diseño WHERE borrado = 0
Save/Update: select * from Diseño WHERE  Diseño.id_cliente=1  ; select * from historico_estados_diseño WHERE borrado = 0
Save/Update: select * from Factura WHERE  Factura.id_cliente=1  ; select * from documento_movimiento; select * from LineaFactura WHERE borrado = 0
Save/Update: select * from Pedido WHERE  Pedido.id_cliente=1  ; select * from produccion WHERE borrado = 0; select * from historico_estados_pedido WHERE borrado = 0
Save/Update: select * from MovimientosCuenta JOIN cliente_movimientos AS cliente ON MovimientosCuenta.nro_movimiento=cliente.nro_movimiento WHERE cliente.id_cliente=1  AND cliente.id_cliente IS NOT  NULL ; select * from cliente_movimientos; select * from documento_movimiento
Save/Update: select * from tipoMovimiento WHERE  tipoMovimiento.tipoMovimientoID=2  
Save/Update: select * from Cuenta WHERE  Cuenta.cuentaID=1  
Save/Update: DELETE cliente_movimientos where nro_movimiento=4  ; DELETE documento_movimiento where nro_movimiento=4  ; ;DELETE MovimientosCuenta WHERE nro_movimiento=4</StdOut>
      </Output>
    </UnitTestResult>
    <UnitTestResult executionId="a828eb73-719b-436c-a64a-0a6be8753e7a" testId="1185b585-ef75-6544-19b0-95bea00f10c1" testName="cargarLineasFacturaConRestriccionTest" computerName="DIEGO-PC" duration="00:00:00.3027119" startTime="2012-11-19T19:37:29.7104470-03:00" endTime="2012-11-19T19:37:30.0254650-03:00" testType="13cdc9d9-ddb5-4fa4-a97d-d965ccfc6d4b" outcome="Passed" testListId="8c84fa94-04c1-424b-9868-57a2d4851a1d" relativeResultsDirectory="a828eb73-719b-436c-a64a-0a6be8753e7a">
      <Output>
        <StdOut>Save/Update: select * from LineaOrdenDeCompra WHERE  LineaOrdenDeCompra.cod_producto=1  AND  LineaOrdenDeCompra.borrado=0  AND  LineaOrdenDeCompra.cantidad=10  AND  LineaOrdenDeCompra.nro_orden_compra=1  AND  LineaOrdenDeCompra.nro_linea=1  AND  LineaOrdenDeCompra.nro_sucursal=1  AND  LineaOrdenDeCompra.precio=10 AND  LineaOrdenDeCompra.tipo_orden_compra='A'</StdOut>
      </Output>
    </UnitTestResult>
    <UnitTestResult executionId="4fc2de35-d182-4902-9928-e1d282846885" testId="13283e1a-ebd5-2811-9974-2614dbf7730f" testName="buscarPedidoPorCodigoTest" computerName="DIEGO-PC" duration="00:00:00.0552101" startTime="2012-11-19T19:37:30.0314654-03:00" endTime="2012-11-19T19:37:30.1334712-03:00" testType="13cdc9d9-ddb5-4fa4-a97d-d965ccfc6d4b" outcome="Passed" testListId="8c84fa94-04c1-424b-9868-57a2d4851a1d" relativeResultsDirectory="4fc2de35-d182-4902-9928-e1d282846885">
      <Output>
        <StdOut>Save/Update: select * from Pedido WHERE  Pedido.cod_pedido=1  ; select * from produccion WHERE borrado = 0; select * from historico_estados_pedido WHERE borrado = 0
Save/Update: select * from historico_estados_pedido WHERE  historico_estados_pedido.cod_pedido=1  
Save/Update: select * from tipoPedido WHERE  tipoPedido.tipo_pedido=1  
Save/Update: select * from produccion WHERE  produccion.cod_pedido=1  ; select * from historico_estados_produccion WHERE borrado = 0
Save/Update: select * from Cliente WHERE  Cliente.id_cliente=1  ; select * from cliente_movimientos; select * from Pedido WHERE borrado = 0; select * from Factura WHERE borrado = 0; select * from Diseño WHERE borrado = 0
Save/Update: select * from EstadoPedido WHERE  EstadoPedido.estado_pedido=3  
Save/Update: DELETE historico_estados_pedido WHERE nro_estado=1  AND cod_pedido=5  
Save/Update: DELETE historico_estados_pedido WHERE nro_estado=2  AND cod_pedido=5  
Save/Update: DELETE produccion WHERE cod_produccion=7  
Save/Update: DELETE Pedido WHERE cod_pedido=5</StdOut>
      </Output>
    </UnitTestResult>
    <UnitTestResult executionId="38108871-da13-46ca-88c7-99327ac8b07b" testId="132dbdad-c767-c70b-4154-f7166132216a" testName="buscarNewsletterPorIDTest" computerName="DIEGO-PC" duration="00:00:00.0041710" startTime="2012-11-19T19:37:30.1394716-03:00" endTime="2012-11-19T19:37:30.1514723-03:00" testType="13cdc9d9-ddb5-4fa4-a97d-d965ccfc6d4b" outcome="Passed" testListId="8c84fa94-04c1-424b-9868-57a2d4851a1d" relativeResultsDirectory="38108871-da13-46ca-88c7-99327ac8b07b">
      <Output>
        <StdOut>Save/Update: select * from newsletter WHERE  newsletter.id=2</StdOut>
      </Output>
    </UnitTestResult>
    <UnitTestResult executionId="76baaeb6-554e-4ab4-92c4-c66629f6a5ff" testId="13496ae0-c24c-3fcb-7178-2789fe5b49ef" testName="modificarTest" computerName="DIEGO-PC" duration="00:00:00.0797380" startTime="2012-11-19T19:37:30.1574726-03:00" endTime="2012-11-19T19:37:30.2464777-03:00" testType="13cdc9d9-ddb5-4fa4-a97d-d965ccfc6d4b" outcome="Passed" testListId="8c84fa94-04c1-424b-9868-57a2d4851a1d" relativeResultsDirectory="76baaeb6-554e-4ab4-92c4-c66629f6a5ff">
      <Output>
        <StdOut>Save/Update: select * from Conversacion WHERE  Conversacion.remitente=4  ; select * from mensaje WHERE borrado = 0
Save/Update: select * from Conversacion WHERE  Conversacion.destinatario=4  ; select * from mensaje WHERE borrado = 0
Save/Update: select * from Usuario WHERE  Usuario.usuarioID=4  ; select * from JoinUsuarioToFamilia; select * from JoinPatenteToUsuario
Save/Update: select * from Usuario WHERE  Usuario.usuarioID=5  ; select * from JoinUsuarioToFamilia; select * from JoinPatenteToUsuario
Save/Update: select * from Mensaje WHERE  Mensaje.id_conversacion=2  
Save/Update: UPDATE Conversacion SET remitente=4 , destinatario=5  WHERE id_conversacion=2  ; UPDATE mensaje SET borrado=1 WHERE id_conversacion=2  ; 
Save/Update: UPDATE Mensaje SET tipoMensaje=0 , fecha= CAST('26/08/2012 16:35:00.000'  AS DateTime), mensaje='msj de 4 a 5', leido=1 , borrado=0 , id_conversacion=2  WHERE id=3  ; 
Save/Update: UPDATE Mensaje SET tipoMensaje=1 , fecha= CAST('26/08/2012 16:35:00.000'  AS DateTime), mensaje='msj de 5 a 4', leido=0 , borrado=0 , id_conversacion=2  WHERE id=4  ; 
Save/Update: select * from Conversacion WHERE  Conversacion.remitente=4  ; select * from mensaje WHERE borrado = 0
Save/Update: select * from Conversacion WHERE  Conversacion.destinatario=4  ; select * from mensaje WHERE borrado = 0
Save/Update: select * from Usuario WHERE  Usuario.usuarioID=4  ; select * from JoinUsuarioToFamilia; select * from JoinPatenteToUsuario
Save/Update: select * from Usuario WHERE  Usuario.usuarioID=5  ; select * from JoinUsuarioToFamilia; select * from JoinPatenteToUsuario
Save/Update: select * from Mensaje WHERE  Mensaje.id_conversacion=2  
Save/Update: UPDATE Conversacion SET remitente=4 , destinatario=5  WHERE id_conversacion=2  ; UPDATE mensaje SET borrado=1 WHERE id_conversacion=2  ; 
Save/Update: UPDATE Mensaje SET tipoMensaje=0 , fecha= CAST('26/08/2012 16:35:00.000'  AS DateTime), mensaje='msj de 4 a 5', leido=1 , borrado=0 , id_conversacion=2  WHERE id=3  ; 
Save/Update: UPDATE Mensaje SET tipoMensaje=1 , fecha= CAST('26/08/2012 16:35:00.000'  AS DateTime), mensaje='msj de 5 a 4', leido=1 , borrado=0 , id_conversacion=2  WHERE id=4  ;</StdOut>
      </Output>
    </UnitTestResult>
    <UnitTestResult executionId="90668407-6642-484d-b08e-54bd36130654" testId="13647b9a-2c0d-1cd8-34c7-faf3c771ec37" testName="listarMovimientosTest" computerName="DIEGO-PC" duration="00:00:00.0345063" startTime="2012-11-19T19:37:30.2604785-03:00" endTime="2012-11-19T19:37:30.3044810-03:00" testType="13cdc9d9-ddb5-4fa4-a97d-d965ccfc6d4b" outcome="Passed" testListId="8c84fa94-04c1-424b-9868-57a2d4851a1d" relativeResultsDirectory="90668407-6642-484d-b08e-54bd36130654">
      <Output>
        <StdOut>Save/Update: select * from MovimientosCuenta JOIN cliente_movimientos AS cliente ON MovimientosCuenta.nro_movimiento=cliente.nro_movimiento WHERE cliente.id_cliente IS NOT  NULL ; select * from cliente_movimientos; select * from documento_movimiento
Save/Update: select * from Cliente WHERE  Cliente.id_cliente=1  ; select * from cliente_movimientos; select * from Pedido WHERE borrado = 0; select * from Factura WHERE borrado = 0; select * from Diseño WHERE borrado = 0
Save/Update: select * from Usuario WHERE  Usuario.usuarioID=1  ; select * from JoinUsuarioToFamilia; select * from JoinPatenteToUsuario
Save/Update: select * from Familia JOIN JoinUsuarioToFamilia AS usuarios ON Familia.familiaID=usuarios.familiaID WHERE usuarios.usuarioID=1  ; select * from JoinFamiliaToPatente
Save/Update: select * from Patente JOIN JoinPatenteToUsuario AS usuario ON Patente.patenteId=usuario.patenteId WHERE usuario.usuarioID=1  
Save/Update: select * from Cliente WHERE  Cliente.usuarioID=1  ; select * from cliente_movimientos; select * from Pedido WHERE borrado = 0; select * from Factura WHERE borrado = 0; select * from Diseño WHERE borrado = 0
Save/Update: select * from Diseño WHERE  Diseño.id_cliente=1  ; select * from historico_estados_diseño WHERE borrado = 0
Save/Update: select * from Factura WHERE  Factura.id_cliente=1  ; select * from documento_movimiento; select * from LineaFactura WHERE borrado = 0
Save/Update: select * from Pedido WHERE  Pedido.id_cliente=1  ; select * from produccion WHERE borrado = 0; select * from historico_estados_pedido WHERE borrado = 0
Save/Update: select * from MovimientosCuenta JOIN cliente_movimientos AS cliente ON MovimientosCuenta.nro_movimiento=cliente.nro_movimiento WHERE cliente.id_cliente=1  AND cliente.id_cliente IS NOT  NULL ; select * from cliente_movimientos; select * from documento_movimiento
Save/Update: select * from Factura WHERE  Factura.nro_Doc=1  ; select * from documento_movimiento; select * from LineaFactura WHERE borrado = 0
Save/Update: select * from tipoMovimiento WHERE  tipoMovimiento.tipoMovimientoID=1  
Save/Update: select * from Cuenta WHERE  Cuenta.cuentaID=1  
Save/Update: select * from Cliente WHERE  Cliente.id_cliente=1  ; select * from cliente_movimientos; select * from Pedido WHERE borrado = 0; select * from Factura WHERE borrado = 0; select * from Diseño WHERE borrado = 0
Save/Update: select * from Usuario WHERE  Usuario.usuarioID=1  ; select * from JoinUsuarioToFamilia; select * from JoinPatenteToUsuario
Save/Update: select * from Familia JOIN JoinUsuarioToFamilia AS usuarios ON Familia.familiaID=usuarios.familiaID WHERE usuarios.usuarioID=1  ; select * from JoinFamiliaToPatente
Save/Update: select * from Patente JOIN JoinPatenteToUsuario AS usuario ON Patente.patenteId=usuario.patenteId WHERE usuario.usuarioID=1  
Save/Update: select * from Cliente WHERE  Cliente.usuarioID=1  ; select * from cliente_movimientos; select * from Pedido WHERE borrado = 0; select * from Factura WHERE borrado = 0; select * from Diseño WHERE borrado = 0
Save/Update: select * from Diseño WHERE  Diseño.id_cliente=1  ; select * from historico_estados_diseño WHERE borrado = 0
Save/Update: select * from Factura WHERE  Factura.id_cliente=1  ; select * from documento_movimiento; select * from LineaFactura WHERE borrado = 0
Save/Update: select * from Pedido WHERE  Pedido.id_cliente=1  ; select * from produccion WHERE borrado = 0; select * from historico_estados_pedido WHERE borrado = 0
Save/Update: select * from MovimientosCuenta JOIN cliente_movimientos AS cliente ON MovimientosCuenta.nro_movimiento=cliente.nro_movimiento WHERE cliente.id_cliente=1  AND cliente.id_cliente IS NOT  NULL ; select * from cliente_movimientos; select * from documento_movimiento
Save/Update: select * from tipoMovimiento WHERE  tipoMovimiento.tipoMovimientoID=1  
Save/Update: select * from Cuenta WHERE  Cuenta.cuentaID=1  
Save/Update: DELETE cliente_movimientos where nro_movimiento=4  ; DELETE documento_movimiento where nro_movimiento=4  ; ;DELETE MovimientosCuenta WHERE nro_movimiento=4</StdOut>
      </Output>
    </UnitTestResult>
    <UnitTestResult executionId="fdda0bc5-7f77-4634-9993-e1e2c8314530" testId="14276aa4-72b7-f96c-4fe9-e83b20c4c391" testName="borrarArticulosTest" computerName="DIEGO-PC" duration="00:00:00.0158066" startTime="2012-11-19T19:37:30.3134815-03:00" endTime="2012-11-19T19:37:30.3354828-03:00" testType="13cdc9d9-ddb5-4fa4-a97d-d965ccfc6d4b" outcome="Passed" testListId="8c84fa94-04c1-424b-9868-57a2d4851a1d" relativeResultsDirectory="fdda0bc5-7f77-4634-9993-e1e2c8314530">
      <Output>
        <StdOut>Save/Update: select * from Articulos; select * from lista_precios WHERE borrado = 0
Save/Update: SELECT  ISNULL(MAX(cod_articulo + 1),1) from Articulos
Save/Update: INSERT INTO Articulos (cod_articulo, tipoPrendaID, diseñoID, comentario, produccion, precioActual, borrado) VALUES (4 , 2 , 2 , 'com4', 10 , 1.4, 0 ); UPDATE lista_precios SET borrado=1 WHERE cod_articulo=4  ; 
Save/Update: select * from Articulos; select * from lista_precios WHERE borrado = 0
Save/Update: DELETE Articulos WHERE cod_articulo=4  
Save/Update: select * from Articulos; select * from lista_precios WHERE borrado = 0
Save/Update: DELETE Articulos WHERE cod_articulo=4</StdOut>
      </Output>
    </UnitTestResult>
    <UnitTestResult executionId="3348d9ac-c61d-4fe0-83c9-77f091f07db6" testId="147439b4-00a7-f2cb-1dec-6270bffba92e" testName="listarFamliasTest" computerName="DIEGO-PC" duration="00:00:00.0145743" startTime="2012-11-19T19:37:30.3424832-03:00" endTime="2012-11-19T19:37:30.3644844-03:00" testType="13cdc9d9-ddb5-4fa4-a97d-d965ccfc6d4b" outcome="Passed" testListId="8c84fa94-04c1-424b-9868-57a2d4851a1d" relativeResultsDirectory="3348d9ac-c61d-4fe0-83c9-77f091f07db6">
      <Output>
        <StdOut>Save/Update: select * from Familia; select * from JoinFamiliaToPatente
Save/Update: select * from Patente JOIN JoinFamiliaToPatente AS familia ON Patente.patenteId=familia.patenteId WHERE familia.familiaID=1  
Save/Update: select * from Patente JOIN JoinFamiliaToPatente AS familia ON Patente.patenteId=familia.patenteId WHERE familia.familiaID=2  
Save/Update: select * from Patente JOIN JoinFamiliaToPatente AS familia ON Patente.patenteId=familia.patenteId WHERE familia.familiaID=3  
Save/Update: select * from Patente JOIN JoinFamiliaToPatente AS familia ON Patente.patenteId=familia.patenteId WHERE familia.familiaID=4  
Save/Update: select * from Patente JOIN JoinFamiliaToPatente AS familia ON Patente.patenteId=familia.patenteId WHERE familia.familiaID=5  
Save/Update: select * from Patente JOIN JoinFamiliaToPatente AS familia ON Patente.patenteId=familia.patenteId WHERE familia.familiaID=6</StdOut>
      </Output>
    </UnitTestResult>
    <UnitTestResult executionId="23e68a88-608f-4333-8e92-58c134fea019" testId="1547d2a7-8401-4066-0421-456391521e4e" testName="GuardarPedidoTest1" computerName="DIEGO-PC" duration="00:00:18.8293535" startTime="2012-11-19T19:37:30.3734850-03:00" endTime="2012-11-19T19:37:49.2105624-03:00" testType="13cdc9d9-ddb5-4fa4-a97d-d965ccfc6d4b" outcome="Passed" testListId="8c84fa94-04c1-424b-9868-57a2d4851a1d" relativeResultsDirectory="23e68a88-608f-4333-8e92-58c134fea019">
      <Output>
        <StdOut>Save/Update: SELECT  ISNULL(MAX(cod_pedido + 1),1) from Pedido
Save/Update: INSERT INTO Pedido (cod_pedido, comentario, id_cliente, tipo_pedido, estadoActual, fechaInicio, fechaFinal, borrado) VALUES (5 , 'comentario test', 2 , 2 , 2 ,  CAST('19/11/2012 19:37:30.379'  AS DateTime),  NULL , 0 ); UPDATE produccion SET borrado=1 WHERE cod_pedido=5  ; UPDATE historico_estados_pedido SET borrado=1 WHERE cod_pedido=5  ; 
Save/Update: SELECT  ISNULL(MAX(cod_produccion + 1),1) from produccion
Save/Update: INSERT INTO produccion (cod_produccion, comentario, cod_pedido, cod_maquina, cod_articulo, cantidad, estadoActual, utilizacion, fechaInicio, fechaFinal, borrado) VALUES (7 , 'com1', 5 , 2 , 1 , 10 , 1 , 1,  CAST('19/11/2012 19:37:30.379'  AS DateTime),  NULL , 0 ); UPDATE historico_estados_produccion SET borrado=1 WHERE cod_produccion=7  ; 
Save/Update: UPDATE Pedido SET comentario='comentario test', id_cliente=2 , tipo_pedido=2 , estadoActual=2 , fechaInicio= CAST('19/11/2012 19:37:30.379'  AS DateTime), fechaFinal= NULL , borrado=0  WHERE cod_pedido=5  ; UPDATE produccion SET borrado=1 WHERE cod_pedido=5  ; UPDATE historico_estados_pedido SET borrado=1 WHERE cod_pedido=5  ; 
Save/Update: SELECT  ISNULL(MAX(nro_estado + 1),1) from historico_estados_pedido WHERE cod_pedido=5
Save/Update: INSERT INTO historico_estados_pedido (nro_estado, comentario, cod_pedido, fechaDesde, fechaHasta, estado, borrado) VALUES (1 , '', 5 ,  CAST('19/11/2012 19:37:30.404'  AS DateTime),  NULL , 2 , 0 ); 
Save/Update: UPDATE produccion SET comentario='com1', cod_pedido=5 , cod_maquina=2 , cod_articulo=1 , cantidad=10 , estadoActual=1 , utilizacion=1, fechaInicio= CAST('19/11/2012 19:37:30.379'  AS DateTime), fechaFinal= NULL , borrado=0  WHERE cod_produccion=7  ; UPDATE historico_estados_produccion SET borrado=1 WHERE cod_produccion=7  ; 
Save/Update: select * from Pedido WHERE  Pedido.cod_pedido=5  ; select * from produccion WHERE borrado = 0; select * from historico_estados_pedido WHERE borrado = 0
Save/Update: select * from historico_estados_pedido WHERE  historico_estados_pedido.cod_pedido=5  
Save/Update: select * from tipoPedido WHERE  tipoPedido.tipo_pedido=2  
Save/Update: select * from produccion WHERE  produccion.cod_pedido=5  ; select * from historico_estados_produccion WHERE borrado = 0
Save/Update: select * from Cliente WHERE  Cliente.id_cliente=2  ; select * from cliente_movimientos; select * from Pedido WHERE borrado = 0; select * from Factura WHERE borrado = 0; select * from Diseño WHERE borrado = 0
Save/Update: select * from EstadoPedido WHERE  EstadoPedido.estado_pedido=2  
Save/Update: select * from Usuario WHERE  Usuario.usuarioID=2  ; select * from JoinUsuarioToFamilia; select * from JoinPatenteToUsuario
Save/Update: select * from Familia JOIN JoinUsuarioToFamilia AS usuarios ON Familia.familiaID=usuarios.familiaID WHERE usuarios.usuarioID=2  ; select * from JoinFamiliaToPatente
Save/Update: select * from Patente JOIN JoinFamiliaToPatente AS familia ON Patente.patenteId=familia.patenteId WHERE familia.familiaID=2  
Save/Update: select * from Patente JOIN JoinPatenteToUsuario AS usuario ON Patente.patenteId=usuario.patenteId WHERE usuario.usuarioID=2  
Save/Update: select * from Cliente WHERE  Cliente.usuarioID=2  ; select * from cliente_movimientos; select * from Pedido WHERE borrado = 0; select * from Factura WHERE borrado = 0; select * from Diseño WHERE borrado = 0
Save/Update: select * from newsletter WHERE  newsletter.id=1  
Save/Update: select * from produccion WHERE  produccion.cod_produccion=7  ; select * from historico_estados_produccion WHERE borrado = 0
Save/Update: select * from Pedido WHERE  Pedido.cod_pedido=5  ; select * from produccion WHERE borrado = 0; select * from historico_estados_pedido WHERE borrado = 0
Save/Update: select * from Maquina WHERE  Maquina.cod_maquina=2  ; select * from JoinMaquinaToTipoPrenda
Save/Update: select * from Articulos WHERE  Articulos.cod_articulo=1  ; select * from lista_precios WHERE borrado = 0
Save/Update: select * from EstadoTrabajos WHERE  EstadoTrabajos.cod_estado=1  
Save/Update: select * from historico_estados_produccion WHERE  historico_estados_produccion.cod_produccion=7  
Save/Update: select * from produccion_operador WHERE  produccion_operador.cod_prodcuccion=7  
Save/Update: select * from newsletter WHERE  newsletter.id=2  
Save/Update: select * from Articulos WHERE  Articulos.cod_articulo=1  ; select * from lista_precios WHERE borrado = 0
Save/Update: select * from lista_precios WHERE  lista_precios.cod_articulo=1  
Save/Update: select * from TipoPrenda WHERE  TipoPrenda.tipo_prenda=1  
Save/Update: select * from Diseño WHERE  Diseño.cod_diseño=1  ; select * from historico_estados_diseño WHERE borrado = 0
Save/Update: select * from Pedido WHERE  Pedido.cod_pedido=5  ; select * from produccion WHERE borrado = 0; select * from historico_estados_pedido WHERE borrado = 0
Save/Update: select * from historico_estados_pedido WHERE  historico_estados_pedido.cod_pedido=5  
Save/Update: select * from tipoPedido WHERE  tipoPedido.tipo_pedido=2  
Save/Update: select * from produccion WHERE  produccion.cod_pedido=5  ; select * from historico_estados_produccion WHERE borrado = 0
Save/Update: select * from Cliente WHERE  Cliente.id_cliente=2  ; select * from cliente_movimientos; select * from Pedido WHERE borrado = 0; select * from Factura WHERE borrado = 0; select * from Diseño WHERE borrado = 0
Save/Update: select * from EstadoPedido WHERE  EstadoPedido.estado_pedido=2  
Save/Update: DELETE historico_estados_pedido WHERE nro_estado=1  AND cod_pedido=5  
Save/Update: DELETE historico_estados_pedido WHERE nro_estado=2  AND cod_pedido=5  
Save/Update: DELETE produccion WHERE cod_produccion=7  
Save/Update: DELETE Pedido WHERE cod_pedido=5</StdOut>
      </Output>
    </UnitTestResult>
    <UnitTestResult executionId="e2b9c501-4775-441b-9643-41f5bca3b11b" testId="15781058-9d50-4692-2e7e-53db8e43c13c" testName="grabarMovimientoTest" computerName="DIEGO-PC" duration="00:00:00.0233055" startTime="2012-11-19T19:37:49.2165627-03:00" endTime="2012-11-19T19:37:49.2465644-03:00" testType="13cdc9d9-ddb5-4fa4-a97d-d965ccfc6d4b" outcome="Passed" testListId="8c84fa94-04c1-424b-9868-57a2d4851a1d" relativeResultsDirectory="e2b9c501-4775-441b-9643-41f5bca3b11b">
      <Output>
        <StdOut>Save/Update: SELECT  ISNULL(MAX(nro_movimiento + 1),1) from MovimientosCuenta
Save/Update: INSERT INTO MovimientosCuenta (nro_movimiento, comentario, fecha, monto, cuentaID, tipoMovimientoID) VALUES (4 , 'com4',  CAST('19/11/2012 19:37:49.221'  AS DateTime), 33.3, 1 , 2 ); DELETE cliente_movimientos where nro_movimiento=4  ;  INSERT INTO cliente_movimientos ( nro_movimiento, id_cliente) VALUES ( 4 , 2 ); DELETE documento_movimiento where nro_movimiento=4  ; 
Save/Update: select * from MovimientosCuenta JOIN cliente_movimientos AS cliente ON MovimientosCuenta.nro_movimiento=cliente.nro_movimiento WHERE  MovimientosCuenta.nro_movimiento=4  AND cliente.id_cliente IS NOT  NULL ; select * from cliente_movimientos; select * from documento_movimiento
Save/Update: select * from Cliente WHERE  Cliente.id_cliente=2  ; select * from cliente_movimientos; select * from Pedido WHERE borrado = 0; select * from Factura WHERE borrado = 0; select * from Diseño WHERE borrado = 0
Save/Update: select * from Usuario WHERE  Usuario.usuarioID=2  ; select * from JoinUsuarioToFamilia; select * from JoinPatenteToUsuario
Save/Update: select * from Familia JOIN JoinUsuarioToFamilia AS usuarios ON Familia.familiaID=usuarios.familiaID WHERE usuarios.usuarioID=2  ; select * from JoinFamiliaToPatente
Save/Update: select * from Patente JOIN JoinFamiliaToPatente AS familia ON Patente.patenteId=familia.patenteId WHERE familia.familiaID=2  
Save/Update: select * from Patente JOIN JoinPatenteToUsuario AS usuario ON Patente.patenteId=usuario.patenteId WHERE usuario.usuarioID=2  
Save/Update: select * from Cliente WHERE  Cliente.usuarioID=2  ; select * from cliente_movimientos; select * from Pedido WHERE borrado = 0; select * from Factura WHERE borrado = 0; select * from Diseño WHERE borrado = 0
Save/Update: select * from Diseño WHERE  Diseño.id_cliente=2  ; select * from historico_estados_diseño WHERE borrado = 0
Save/Update: select * from Factura WHERE  Factura.id_cliente=2  ; select * from documento_movimiento; select * from LineaFactura WHERE borrado = 0
Save/Update: select * from Pedido WHERE  Pedido.id_cliente=2  ; select * from produccion WHERE borrado = 0; select * from historico_estados_pedido WHERE borrado = 0
Save/Update: select * from MovimientosCuenta JOIN cliente_movimientos AS cliente ON MovimientosCuenta.nro_movimiento=cliente.nro_movimiento WHERE cliente.id_cliente=2  AND cliente.id_cliente IS NOT  NULL ; select * from cliente_movimientos; select * from documento_movimiento
Save/Update: select * from tipoMovimiento WHERE  tipoMovimiento.tipoMovimientoID=2  
Save/Update: select * from Cuenta WHERE  Cuenta.cuentaID=1  
Save/Update: DELETE cliente_movimientos where nro_movimiento=4  ; DELETE documento_movimiento where nro_movimiento=4  ; ;DELETE MovimientosCuenta WHERE nro_movimiento=4</StdOut>
      </Output>
    </UnitTestResult>
    <UnitTestResult executionId="75c18a56-9128-4f25-8be5-71df04155f9f" testId="15a2dfa0-b5da-ca0f-1901-200d0b50ec37" testName="cargarlistaProduccionTest" computerName="DIEGO-PC" duration="00:00:00.0754555" startTime="2012-11-19T19:37:49.2765661-03:00" endTime="2012-11-19T19:37:49.3635711-03:00" testType="13cdc9d9-ddb5-4fa4-a97d-d965ccfc6d4b" outcome="Passed" testListId="8c84fa94-04c1-424b-9868-57a2d4851a1d" relativeResultsDirectory="75c18a56-9128-4f25-8be5-71df04155f9f">
      <Output>
        <StdOut>Save/Update: select * from produccion; select * from historico_estados_produccion WHERE borrado = 0
Save/Update: DELETE produccion WHERE cod_produccion=7</StdOut>
      </Output>
    </UnitTestResult>
    <UnitTestResult executionId="2a5fbf3f-3de5-4733-9016-4f67af07e0cf" testId="15e90031-185d-99ec-c865-633047dc95f1" testName="listarMensajesTest" computerName="DIEGO-PC" duration="00:00:00.0130666" startTime="2012-11-19T19:37:49.3705715-03:00" endTime="2012-11-19T19:37:49.4495760-03:00" testType="13cdc9d9-ddb5-4fa4-a97d-d965ccfc6d4b" outcome="Passed" testListId="8c84fa94-04c1-424b-9868-57a2d4851a1d" relativeResultsDirectory="2a5fbf3f-3de5-4733-9016-4f67af07e0cf">
      <Output>
        <StdOut>Save/Update: select * from Conversacion WHERE  Conversacion.remitente=1  ; select * from mensaje WHERE borrado = 0
Save/Update: select * from Conversacion WHERE  Conversacion.destinatario=1  ; select * from mensaje WHERE borrado = 0
Save/Update: select * from Usuario WHERE  Usuario.usuarioID=1  ; select * from JoinUsuarioToFamilia; select * from JoinPatenteToUsuario
Save/Update: select * from Usuario WHERE  Usuario.usuarioID=2  ; select * from JoinUsuarioToFamilia; select * from JoinPatenteToUsuario
Save/Update: select * from Mensaje WHERE  Mensaje.id_conversacion=1</StdOut>
      </Output>
    </UnitTestResult>
    <UnitTestResult executionId="d5c47be2-b8d9-4cbc-9251-7c2c9ede82fd" testId="16d2afdb-fcf6-6658-1d97-2e6156bb9c19" testName="listarArticulosPorDiseñoTest" computerName="DIEGO-PC" duration="00:00:00.0171979" startTime="2012-11-19T19:37:49.4545763-03:00" endTime="2012-11-19T19:37:49.4805778-03:00" testType="13cdc9d9-ddb5-4fa4-a97d-d965ccfc6d4b" outcome="Passed" testListId="8c84fa94-04c1-424b-9868-57a2d4851a1d" relativeResultsDirectory="d5c47be2-b8d9-4cbc-9251-7c2c9ede82fd">
      <Output>
        <StdOut>Save/Update: select * from Articulos WHERE  Articulos.diseñoID=1  AND  Articulos.borrado=0  ; select * from lista_precios WHERE borrado = 0
Save/Update: select * from lista_precios WHERE  lista_precios.cod_articulo=1  
Save/Update: select * from TipoPrenda WHERE  TipoPrenda.tipo_prenda=1  
Save/Update: select * from Diseño WHERE  Diseño.cod_diseño=1  ; select * from historico_estados_diseño WHERE borrado = 0
Save/Update: select * from lista_precios WHERE  lista_precios.cod_articulo=3  
Save/Update: select * from TipoPrenda WHERE  TipoPrenda.tipo_prenda=2  
Save/Update: select * from Diseño WHERE  Diseño.cod_diseño=1  ; select * from historico_estados_diseño WHERE borrado = 0
Save/Update: DELETE lista_precios WHERE nro_lista=1  AND cod_articulo=4  
Save/Update: DELETE lista_precios WHERE nro_lista=2  AND cod_articulo=4  
Save/Update: DELETE Articulos WHERE cod_articulo=4</StdOut>
      </Output>
    </UnitTestResult>
    <UnitTestResult executionId="55a878e2-a598-4b24-acc6-d5c809d42ddd" testId="16ffbd3f-3aee-beef-202b-0a5edf0b4c4f" testName="cargarPatentesPorFamiliaTest" computerName="DIEGO-PC" duration="00:00:00.0034161" startTime="2012-11-19T19:37:49.4835780-03:00" endTime="2012-11-19T19:37:49.4945786-03:00" testType="13cdc9d9-ddb5-4fa4-a97d-d965ccfc6d4b" outcome="Passed" testListId="8c84fa94-04c1-424b-9868-57a2d4851a1d" relativeResultsDirectory="55a878e2-a598-4b24-acc6-d5c809d42ddd">
      <Output>
        <StdOut>Save/Update: select * from Patente JOIN JoinFamiliaToPatente AS familia ON Patente.patenteId=familia.patenteId WHERE familia.familiaID=6</StdOut>
      </Output>
    </UnitTestResult>
    <UnitTestResult executionId="0ecae3f9-918d-4f07-b8d5-9f197b69cb3e" testId="179d28ef-c565-5c45-d785-59f1a0626295" testName="crearUsuarioTest" computerName="DIEGO-PC" duration="00:00:00.0446745" startTime="2012-11-19T19:37:49.4965787-03:00" endTime="2012-11-19T19:37:49.5495818-03:00" testType="13cdc9d9-ddb5-4fa4-a97d-d965ccfc6d4b" outcome="Passed" testListId="8c84fa94-04c1-424b-9868-57a2d4851a1d" relativeResultsDirectory="0ecae3f9-918d-4f07-b8d5-9f197b69cb3e">
      <Output>
        <StdOut>Save/Update: SELECT  ISNULL(MAX(usuarioID + 1),1) from Usuario
Save/Update: INSERT INTO Usuario (usuarioID, nombre, apellido, mail, password, telefonoFijo, telefonoMovil, bloqueado) VALUES (6 , 'nombre6', 'apellido6', 'mail6@test.com', '10C91F6B75161578', '6666-6666', '6666-6666', 0 ); DELETE JoinUsuarioToFamilia where usuarioID=6  ;  INSERT INTO JoinUsuarioToFamilia ( usuarioID, familiaID) VALUES ( 6 , 5 ); DELETE JoinPatenteToUsuario where usuarioID=6  ;  INSERT INTO JoinPatenteToUsuario ( usuarioID, patenteId) VALUES ( 6 , 3 ); 
Save/Update: select * from Usuario WHERE  Usuario.usuarioID=6  ; select * from JoinUsuarioToFamilia; select * from JoinPatenteToUsuario
Save/Update: select * from Familia JOIN JoinUsuarioToFamilia AS usuarios ON Familia.familiaID=usuarios.familiaID WHERE usuarios.usuarioID=6  ; select * from JoinFamiliaToPatente
Save/Update: select * from Patente JOIN JoinFamiliaToPatente AS familia ON Patente.patenteId=familia.patenteId WHERE familia.familiaID=5  
Save/Update: select * from Patente JOIN JoinPatenteToUsuario AS usuario ON Patente.patenteId=usuario.patenteId WHERE usuario.usuarioID=6  
Save/Update: select * from Cliente WHERE  Cliente.usuarioID=6  ; select * from cliente_movimientos; select * from Pedido WHERE borrado = 0; select * from Factura WHERE borrado = 0; select * from Diseño WHERE borrado = 0
Save/Update: DELETE JoinUsuarioToFamilia where usuarioID=6  ; DELETE JoinPatenteToUsuario where usuarioID=6  ; ;DELETE Usuario WHERE usuarioID=6  
Save/Update: select * from Usuario WHERE  Usuario.usuarioID=6  AND  Usuario.mail='mail6@test.com' ; select * from JoinUsuarioToFamilia; select * from JoinPatenteToUsuario
Save/Update: UPDATE Usuario SET nombre='nombre1', apellido='apellido1', mail='mail1@test.com', password='11C8', telefonoFijo='1111-1111', telefonoMovil='1111-1111', bloqueado=0  WHERE usuarioID=1  ; DELETE JoinUsuarioToFamilia where usuarioID=1  ; DELETE JoinPatenteToUsuario where usuarioID=1  ; 
Save/Update: UPDATE Cliente SET habitadoTurnos=1 , newsletter=0  WHERE id_cliente=1  ; UPDATE Pedido SET borrado=1 WHERE id_cliente=1  ; UPDATE Factura SET borrado=1 WHERE id_cliente=1  ; UPDATE Diseño SET borrado=1 WHERE id_cliente=1  ; 
Save/Update:  UPDATE factura set borrado = 0 
Save/Update:  UPDATE diseño set borrado = 0 
Save/Update:  UPDATE pedido set borrado = 0 
Save/Update:  Insert into JoinPatenteToUsuario values (1,1)</StdOut>
      </Output>
    </UnitTestResult>
    <UnitTestResult executionId="966bf4a2-d851-4664-971f-887ea25e6b5a" testId="19a165a4-d445-e33e-7cb8-0f8a6d509eae" testName="modificarNuevoPedidoTest" computerName="DIEGO-PC" duration="00:00:00.0694235" startTime="2012-11-19T19:37:49.5515819-03:00" endTime="2012-11-19T19:37:49.6285863-03:00" testType="13cdc9d9-ddb5-4fa4-a97d-d965ccfc6d4b" outcome="Passed" testListId="8c84fa94-04c1-424b-9868-57a2d4851a1d" relativeResultsDirectory="966bf4a2-d851-4664-971f-887ea25e6b5a">
      <Output>
        <StdOut>Save/Update: SELECT  ISNULL(MAX(cod_pedido + 1),1) from Pedido
Save/Update: INSERT INTO Pedido (cod_pedido, comentario, id_cliente, tipo_pedido, estadoActual, fechaInicio, fechaFinal, borrado) VALUES (5 , 'comentario test', 2 , 2 , 2 ,  CAST('19/11/2012 19:37:49.562'  AS DateTime),  CAST('19/11/2012 19:37:49.562'  AS DateTime), 0 ); UPDATE produccion SET borrado=1 WHERE cod_pedido=5  ; UPDATE historico_estados_pedido SET borrado=1 WHERE cod_pedido=5  ; 
Save/Update: select * from Pedido WHERE  Pedido.comentario='comentario test' ; select * from produccion WHERE borrado = 0; select * from historico_estados_pedido WHERE borrado = 0
Save/Update: UPDATE Pedido SET comentario='comentario Modificado', id_cliente=2 , tipo_pedido=2 , estadoActual=3 , fechaInicio= CAST('19/11/2012 19:37:49.562'  AS DateTime), fechaFinal= CAST('10/10/2012 00:00:00.000'  AS DateTime), borrado=0  WHERE cod_pedido=5  ; UPDATE produccion SET borrado=1 WHERE cod_pedido=5  ; UPDATE historico_estados_pedido SET borrado=1 WHERE cod_pedido=5  ; 
Save/Update: select * from Pedido WHERE  Pedido.cod_pedido=5  ; select * from produccion WHERE borrado = 0; select * from historico_estados_pedido WHERE borrado = 0
Save/Update: DELETE Pedido WHERE cod_pedido=5</StdOut>
      </Output>
    </UnitTestResult>
    <UnitTestResult executionId="b2bebb4a-49ff-4277-90e2-5106a9183f8c" testId="1a2eb27e-5a5f-d0a1-8888-804cc861f69e" testName="actualizarInsumoTest" computerName="DIEGO-PC" duration="00:00:00.0378812" startTime="2012-11-19T19:37:49.6325865-03:00" endTime="2012-11-19T19:37:49.6785891-03:00" testType="13cdc9d9-ddb5-4fa4-a97d-d965ccfc6d4b" outcome="Passed" testListId="8c84fa94-04c1-424b-9868-57a2d4851a1d" relativeResultsDirectory="b2bebb4a-49ff-4277-90e2-5106a9183f8c">
      <Output>
        <StdOut>Save/Update: SELECT  ISNULL(MAX(cod_insumo + 1),1) from insumo
Save/Update: INSERT INTO insumo (cod_insumo, nombre, id_tipo_insumo, color, detalle, costo, cantidadActual) VALUES (5 , 'test creacion', 1 , 1 , 'insumo repo test', 5, 100 ); 
Save/Update: SELECT  ISNULL(MAX(nro_movimiento + 1),1) from MovimientosStock WHERE cod_insumo=5
Save/Update: INSERT INTO MovimientosStock (nro_movimiento, cod_insumo, tipo, fecha, cantidad) VALUES (1 , 5 , 2 ,  CAST('19/11/2012 19:37:49.642'  AS DateTime), 100); 
Save/Update: select * from insumo WHERE  insumo.cod_insumo=5  
Save/Update: select * from tipoInsumo WHERE  tipoInsumo.tipo_insumo=1  
Save/Update: select * from color WHERE  color.codigo_color=1  
Save/Update: select * from MovimientosStock WHERE  MovimientosStock.cod_insumo=5  
Save/Update: select * from insumo WHERE  insumo.cod_insumo=5  
Save/Update: select * from tipoInsumo WHERE  tipoInsumo.tipo_insumo=1  
Save/Update: select * from color WHERE  color.codigo_color=1  
Save/Update: select * from MovimientosStock WHERE  MovimientosStock.cod_insumo=5  
Save/Update: UPDATE insumo SET nombre='test creacion', id_tipo_insumo=1 , color=1 , detalle='insumo repo test', costo=5, cantidadActual=250  WHERE cod_insumo=5  ; 
Save/Update: SELECT  ISNULL(MAX(nro_movimiento + 1),1) from MovimientosStock WHERE cod_insumo=5
Save/Update: INSERT INTO MovimientosStock (nro_movimiento, cod_insumo, tipo, fecha, cantidad) VALUES (2 , 5 , 2 ,  CAST('19/11/2012 19:37:49.658'  AS DateTime), 150); 
Save/Update: select * from insumo WHERE  insumo.cod_insumo=5  
Save/Update: select * from tipoInsumo WHERE  tipoInsumo.tipo_insumo=1  
Save/Update: select * from color WHERE  color.codigo_color=1  
Save/Update: select * from MovimientosStock WHERE  MovimientosStock.cod_insumo=5  
Save/Update: select * from insumo WHERE  insumo.cod_insumo=1  
Save/Update: select * from tipoInsumo WHERE  tipoInsumo.tipo_insumo=1  
Save/Update: select * from color WHERE  color.codigo_color=1  
Save/Update: select * from MovimientosStock WHERE  MovimientosStock.cod_insumo=1  
Save/Update: select * from insumo WHERE  insumo.cod_insumo=2  
Save/Update: select * from tipoInsumo WHERE  tipoInsumo.tipo_insumo=1  
Save/Update: select * from color WHERE  color.codigo_color=2  
Save/Update: select * from MovimientosStock WHERE  MovimientosStock.cod_insumo=2  
Save/Update: select * from insumo WHERE  insumo.cod_insumo=1  
Save/Update: select * from tipoInsumo WHERE  tipoInsumo.tipo_insumo=1  
Save/Update: select * from color WHERE  color.codigo_color=1  
Save/Update: select * from MovimientosStock WHERE  MovimientosStock.cod_insumo=1  
Save/Update: UPDATE insumo SET nombre='nombre1', id_tipo_insumo=1 , color=1 , detalle='detalle1', costo=1, cantidadActual=1  WHERE cod_insumo=1  ; 
Save/Update: select * from insumo WHERE  insumo.cod_insumo=2  
Save/Update: select * from tipoInsumo WHERE  tipoInsumo.tipo_insumo=1  
Save/Update: select * from color WHERE  color.codigo_color=2  
Save/Update: select * from MovimientosStock WHERE  MovimientosStock.cod_insumo=2  
Save/Update: UPDATE insumo SET nombre='nombre2', id_tipo_insumo=1 , color=2 , detalle='detalle2', costo=1, cantidadActual=2  WHERE cod_insumo=2  ; 
Save/Update: delete from MovimientosStock where cod_insumo &gt; 2 or (cod_insumo = 1 AND nro_movimiento &gt; 2) or (cod_insumo = 2 AND nro_movimiento &gt; 1)
Save/Update: DELETE MovimientosStock WHERE nro_movimiento=1  AND cod_insumo=5  
Save/Update: DELETE MovimientosStock WHERE nro_movimiento=2  AND cod_insumo=5  
Save/Update: DELETE insumo WHERE cod_insumo=5</StdOut>
      </Output>
    </UnitTestResult>
    <UnitTestResult executionId="faf234eb-6c5f-47d2-b5ae-42403c7c007a" testId="1aa90fb2-a5a8-fc6d-427f-550365a59543" testName="buscarPorIdTest" computerName="DIEGO-PC" duration="00:00:00.0029537" startTime="2012-11-19T19:37:49.6805893-03:00" endTime="2012-11-19T19:37:49.6925899-03:00" testType="13cdc9d9-ddb5-4fa4-a97d-d965ccfc6d4b" outcome="Passed" testListId="8c84fa94-04c1-424b-9868-57a2d4851a1d" relativeResultsDirectory="faf234eb-6c5f-47d2-b5ae-42403c7c007a">
      <Output>
        <StdOut>Save/Update: select * from Proveedor WHERE  Proveedor.id_proveedor=1</StdOut>
      </Output>
    </UnitTestResult>
    <UnitTestResult executionId="af22e832-087f-4e8a-a272-69d22796ffbb" testId="1cbe2801-d19a-9274-15f8-0dba46344245" testName="modificarUsuarioTest" computerName="DIEGO-PC" duration="00:00:00.0236547" startTime="2012-11-19T19:37:49.6995903-03:00" endTime="2012-11-19T19:37:49.7295921-03:00" testType="13cdc9d9-ddb5-4fa4-a97d-d965ccfc6d4b" outcome="Passed" testListId="8c84fa94-04c1-424b-9868-57a2d4851a1d" relativeResultsDirectory="af22e832-087f-4e8a-a272-69d22796ffbb">
      <Output>
        <StdOut>Save/Update: select * from Usuario WHERE  Usuario.usuarioID=5  ; select * from JoinUsuarioToFamilia; select * from JoinPatenteToUsuario
Save/Update: select * from Familia JOIN JoinUsuarioToFamilia AS usuarios ON Familia.familiaID=usuarios.familiaID WHERE usuarios.usuarioID=5  ; select * from JoinFamiliaToPatente
Save/Update: select * from Patente JOIN JoinPatenteToUsuario AS usuario ON Patente.patenteId=usuario.patenteId WHERE usuario.usuarioID=5  
Save/Update: select * from Cliente WHERE  Cliente.usuarioID=5  ; select * from cliente_movimientos; select * from Pedido WHERE borrado = 0; select * from Factura WHERE borrado = 0; select * from Diseño WHERE borrado = 0
Save/Update: UPDATE Usuario SET nombre='nombreModificado', apellido='apellido5', mail='mail5@test.com', password='0000', telefonoFijo='5555-5555', telefonoMovil='5555-5555', bloqueado=0  WHERE usuarioID=5  ; DELETE JoinUsuarioToFamilia where usuarioID=5  ;  INSERT INTO JoinUsuarioToFamilia ( usuarioID, familiaID) VALUES ( 5 , 5 ); DELETE JoinPatenteToUsuario where usuarioID=5  ;  INSERT INTO JoinPatenteToUsuario ( usuarioID, patenteId) VALUES ( 5 , 3 ); 
Save/Update: select * from Usuario WHERE  Usuario.usuarioID=5  ; select * from JoinUsuarioToFamilia; select * from JoinPatenteToUsuario
Save/Update: select * from Familia JOIN JoinUsuarioToFamilia AS usuarios ON Familia.familiaID=usuarios.familiaID WHERE usuarios.usuarioID=5  ; select * from JoinFamiliaToPatente
Save/Update: select * from Patente JOIN JoinFamiliaToPatente AS familia ON Patente.patenteId=familia.patenteId WHERE familia.familiaID=5  
Save/Update: select * from Patente JOIN JoinPatenteToUsuario AS usuario ON Patente.patenteId=usuario.patenteId WHERE usuario.usuarioID=5  
Save/Update: select * from Cliente WHERE  Cliente.usuarioID=5  ; select * from cliente_movimientos; select * from Pedido WHERE borrado = 0; select * from Factura WHERE borrado = 0; select * from Diseño WHERE borrado = 0
Save/Update: UPDATE Usuario SET nombre='nombreModificado', apellido='apellido5', mail='mail5@test.com', password='0000', telefonoFijo='5555-5555', telefonoMovil='5555-5555', bloqueado=0  WHERE usuarioID=5  ; DELETE JoinUsuarioToFamilia where usuarioID=5  ; DELETE JoinPatenteToUsuario where usuarioID=5  ; 
Save/Update: UPDATE Usuario SET nombre='nombre1', apellido='apellido1', mail='mail1@test.com', password='11C8', telefonoFijo='1111-1111', telefonoMovil='1111-1111', bloqueado=0  WHERE usuarioID=1  ; DELETE JoinUsuarioToFamilia where usuarioID=1  ; DELETE JoinPatenteToUsuario where usuarioID=1  ; 
Save/Update: UPDATE Cliente SET habitadoTurnos=1 , newsletter=0  WHERE id_cliente=1  ; UPDATE Pedido SET borrado=1 WHERE id_cliente=1  ; UPDATE Factura SET borrado=1 WHERE id_cliente=1  ; UPDATE Diseño SET borrado=1 WHERE id_cliente=1  ; 
Save/Update:  UPDATE factura set borrado = 0 
Save/Update:  UPDATE diseño set borrado = 0 
Save/Update:  UPDATE pedido set borrado = 0 
Save/Update:  Insert into JoinPatenteToUsuario values (1,1)</StdOut>
      </Output>
    </UnitTestResult>
    <UnitTestResult executionId="3a0e8549-1e56-44f2-a8a1-d6d3312f1eb2" testId="1cca4a40-3e79-045d-0667-c735e9a1087b" testName="listarFacturasTest" computerName="DIEGO-PC" duration="00:00:00.3648657" startTime="2012-11-19T19:37:49.7325922-03:00" endTime="2012-11-19T19:37:50.1056136-03:00" testType="13cdc9d9-ddb5-4fa4-a97d-d965ccfc6d4b" outcome="Passed" testListId="8c84fa94-04c1-424b-9868-57a2d4851a1d" relativeResultsDirectory="3a0e8549-1e56-44f2-a8a1-d6d3312f1eb2">
      <Output>
        <StdOut>Save/Update: select * from Factura; select * from documento_movimiento; select * from LineaFactura WHERE borrado = 0
Save/Update: select * from LineaFactura WHERE  LineaFactura.nro_factura=1  AND  LineaFactura.tipo_factura='A' AND  LineaFactura.nro_sucursal=1  
Save/Update: select * from Articulos WHERE  Articulos.cod_articulo=1  ; select * from lista_precios WHERE borrado = 0
Save/Update: select * from Articulos WHERE  Articulos.cod_articulo=2  ; select * from lista_precios WHERE borrado = 0
Save/Update: select * from Cliente WHERE  Cliente.id_cliente=1  ; select * from cliente_movimientos; select * from Pedido WHERE borrado = 0; select * from Factura WHERE borrado = 0; select * from Diseño WHERE borrado = 0
Save/Update: select * from Usuario WHERE  Usuario.usuarioID=1  ; select * from JoinUsuarioToFamilia; select * from JoinPatenteToUsuario
Save/Update: select * from MovimientosCuenta JOIN documento_movimiento AS documento ON MovimientosCuenta.nro_movimiento=documento.nro_movimiento JOIN cliente_movimientos AS cliente ON MovimientosCuenta.nro_movimiento=cliente.nro_movimiento WHERE documento.nro_Doc=1  AND cliente.id_cliente IS NOT  NULL ; select * from cliente_movimientos; select * from documento_movimiento
Save/Update: select * from LineaFactura WHERE  LineaFactura.nro_factura=1  AND  LineaFactura.tipo_factura='B' AND  LineaFactura.nro_sucursal=2  
Save/Update: select * from Articulos WHERE  Articulos.cod_articulo=1  ; select * from lista_precios WHERE borrado = 0
Save/Update: select * from Articulos WHERE  Articulos.cod_articulo=2  ; select * from lista_precios WHERE borrado = 0
Save/Update: select * from Cliente WHERE  Cliente.id_cliente=1  ; select * from cliente_movimientos; select * from Pedido WHERE borrado = 0; select * from Factura WHERE borrado = 0; select * from Diseño WHERE borrado = 0
Save/Update: select * from Usuario WHERE  Usuario.usuarioID=1  ; select * from JoinUsuarioToFamilia; select * from JoinPatenteToUsuario
Save/Update: select * from MovimientosCuenta JOIN documento_movimiento AS documento ON MovimientosCuenta.nro_movimiento=documento.nro_movimiento JOIN cliente_movimientos AS cliente ON MovimientosCuenta.nro_movimiento=cliente.nro_movimiento WHERE documento.nro_Doc=2  AND cliente.id_cliente IS NOT  NULL ; select * from cliente_movimientos; select * from documento_movimiento
Save/Update: DELETE LineaFactura WHERE nro_factura=2  AND nro_sucursal=1  AND tipo_factura='A' AND nro_linea=1  
Save/Update: DELETE LineaFactura WHERE nro_factura=2  AND nro_sucursal=1  AND tipo_factura='A' AND nro_linea=2  
Save/Update: DELETE cliente_movimientos where nro_movimiento=4  ; DELETE documento_movimiento where nro_movimiento=4  ; ;DELETE MovimientosCuenta WHERE nro_movimiento=4  
Save/Update: DELETE FROM Factura WHERE nro_Doc =5
Save/Update: delete documento where nro_doc=5</StdOut>
      </Output>
    </UnitTestResult>
    <UnitTestResult executionId="bd06b77c-42e0-4ac2-8e73-7c8e0f88e07b" testId="1cea9887-e3c9-cea8-286a-dd9be44d7403" testName="buscarTipoCuentaPorIdTest2" computerName="DIEGO-PC" duration="00:00:00.0030936" startTime="2012-11-19T19:37:50.1126140-03:00" endTime="2012-11-19T19:37:50.1226145-03:00" testType="13cdc9d9-ddb5-4fa4-a97d-d965ccfc6d4b" outcome="Passed" testListId="8c84fa94-04c1-424b-9868-57a2d4851a1d" relativeResultsDirectory="bd06b77c-42e0-4ac2-8e73-7c8e0f88e07b">
      <Output>
        <StdOut>Save/Update: select * from Cuenta WHERE  Cuenta.cuentaID=1</StdOut>
      </Output>
    </UnitTestResult>
    <UnitTestResult executionId="b09eb3c5-bf92-4f37-8feb-a480df9e4e69" testId="1e112e87-ecd4-bbc8-5f74-eb12a4718023" testName="borrarLineaTest" computerName="DIEGO-PC" duration="00:00:00.0168627" startTime="2012-11-19T19:37:50.1286149-03:00" endTime="2012-11-19T19:37:50.1546164-03:00" testType="13cdc9d9-ddb5-4fa4-a97d-d965ccfc6d4b" outcome="Passed" testListId="8c84fa94-04c1-424b-9868-57a2d4851a1d" relativeResultsDirectory="b09eb3c5-bf92-4f37-8feb-a480df9e4e69">
      <Output>
        <StdOut>Save/Update: SELECT  ISNULL(MAX(nro_linea + 1),1) from LineaFactura WHERE nro_factura=1 AND nro_sucursal=1 AND tipo_factura='A'
Save/Update: INSERT INTO LineaFactura (nro_factura, nro_sucursal, tipo_factura, nro_linea, cod_producto, cantidad, precio, borrado) VALUES (1 , 1 , 'A', 3 , 3 , 33 , 33.3, 0 ); 
Save/Update: select * from LineaFactura WHERE  LineaFactura.nro_factura=1  AND  LineaFactura.nro_linea=3  AND  LineaFactura.nro_sucursal=1  AND  LineaFactura.tipo_factura='A' 
Save/Update: DELETE LineaFactura WHERE nro_factura=1  AND nro_sucursal=1  AND tipo_factura='A' AND nro_linea=3  
Save/Update: select * from LineaFactura WHERE  LineaFactura.nro_factura=1  AND  LineaFactura.nro_linea=3  AND  LineaFactura.nro_sucursal=1  AND  LineaFactura.tipo_factura='A'</StdOut>
      </Output>
    </UnitTestResult>
    <UnitTestResult executionId="38ee3ad8-0adb-47e8-ac22-87a0d79da57c" testId="1f993eef-b5ac-3548-c940-f219e4216d75" testName="listarProveedoresTest" computerName="DIEGO-PC" duration="00:00:00.0888265" startTime="2012-11-19T19:37:50.1566165-03:00" endTime="2012-11-19T19:37:50.2566222-03:00" testType="13cdc9d9-ddb5-4fa4-a97d-d965ccfc6d4b" outcome="Passed" testListId="8c84fa94-04c1-424b-9868-57a2d4851a1d" relativeResultsDirectory="38ee3ad8-0adb-47e8-ac22-87a0d79da57c">
      <Output>
        <StdOut>Save/Update: select * from Proveedor
Save/Update: select * from OrdenDeCompra WHERE  OrdenDeCompra.id_proveedor=1  ; select * from documento_movimiento; select * from LineaOrdenDeCompra WHERE borrado = 0
Save/Update: select * from OrdenDeCompra WHERE  OrdenDeCompra.id_proveedor=2  ; select * from documento_movimiento; select * from LineaOrdenDeCompra WHERE borrado = 0
Save/Update: select * from OrdenDeCompra WHERE  OrdenDeCompra.id_proveedor=3  ; select * from documento_movimiento; select * from LineaOrdenDeCompra WHERE borrado = 0
Save/Update: delete OrdenDeCompra where nro_doc=5
Save/Update: delete documento where nro_doc=5
Save/Update: DELETE Proveedor WHERE id_proveedor=4  
Save/Update: UPDATE Proveedor SET nombre='nombre1', telefono='1111-1111', direccion='direccion 1' WHERE id_proveedor=1  ;</StdOut>
      </Output>
    </UnitTestResult>
    <UnitTestResult executionId="3c93ba19-f886-4573-801f-905cc076ee88" testId="1fb18ed6-06da-35e1-ec67-5275eec70993" testName="actualizarTipoPrendaTest" computerName="DIEGO-PC" duration="00:00:00.0075713" startTime="2012-11-19T19:37:50.2636226-03:00" endTime="2012-11-19T19:37:50.2786235-03:00" testType="13cdc9d9-ddb5-4fa4-a97d-d965ccfc6d4b" outcome="Passed" testListId="8c84fa94-04c1-424b-9868-57a2d4851a1d" relativeResultsDirectory="3c93ba19-f886-4573-801f-905cc076ee88">
      <Output>
        <StdOut>Save/Update: UPDATE TipoPrenda SET descripcion='Campera modificada' WHERE tipo_prenda=1  ; 
Save/Update: select * from TipoPrenda WHERE  TipoPrenda.tipo_prenda=1  
Save/Update: UPDATE TipoPrenda SET descripcion='Campera Armada' WHERE tipo_prenda=1  ;</StdOut>
      </Output>
    </UnitTestResult>
    <UnitTestResult executionId="36b85fc3-c9a2-49e0-a7c1-058ed3b22a32" testId="20d5f305-5003-b633-f12a-b60950a7d487" testName="borrarPedidoTest" computerName="DIEGO-PC" duration="00:00:00.0079345" startTime="2012-11-19T19:37:50.2816236-03:00" endTime="2012-11-19T19:37:50.2986246-03:00" testType="13cdc9d9-ddb5-4fa4-a97d-d965ccfc6d4b" outcome="Passed" testListId="8c84fa94-04c1-424b-9868-57a2d4851a1d" relativeResultsDirectory="36b85fc3-c9a2-49e0-a7c1-058ed3b22a32">
      <Output>
        <StdOut>Save/Update: SELECT  ISNULL(MAX(cod_pedido + 1),1) from Pedido
Save/Update: INSERT INTO Pedido (cod_pedido, comentario, id_cliente, tipo_pedido, estadoActual, fechaInicio, fechaFinal, borrado) VALUES (5 , 'comentario test', 2 , 2 , 2 ,  CAST('19/11/2012 19:37:50.289'  AS DateTime),  CAST('19/11/2012 19:37:50.289'  AS DateTime), 0 ); UPDATE produccion SET borrado=1 WHERE cod_pedido=5  ; UPDATE historico_estados_pedido SET borrado=1 WHERE cod_pedido=5  ; 
Save/Update: select * from Pedido WHERE  Pedido.comentario='comentario test' ; select * from produccion WHERE borrado = 0; select * from historico_estados_pedido WHERE borrado = 0
Save/Update: DELETE Pedido WHERE cod_pedido=5  
Save/Update: select * from Pedido WHERE  Pedido.comentario='comentario test' ; select * from produccion WHERE borrado = 0; select * from historico_estados_pedido WHERE borrado = 0
Save/Update: DELETE Pedido WHERE cod_pedido=5</StdOut>
      </Output>
    </UnitTestResult>
    <UnitTestResult executionId="15d31a44-95f4-48f4-bedc-e1f112ccdffe" testId="21f1e20b-dcac-fe9b-670b-02932753806f" testName="listarOrdenDeComprasTest" computerName="DIEGO-PC" duration="00:00:00.0170398" startTime="2012-11-19T19:37:50.3036249-03:00" endTime="2012-11-19T19:37:50.3276263-03:00" testType="13cdc9d9-ddb5-4fa4-a97d-d965ccfc6d4b" outcome="Passed" testListId="8c84fa94-04c1-424b-9868-57a2d4851a1d" relativeResultsDirectory="15d31a44-95f4-48f4-bedc-e1f112ccdffe">
      <Output>
        <StdOut>Save/Update: select * from OrdenDeCompra; select * from documento_movimiento; select * from LineaOrdenDeCompra WHERE borrado = 0
Save/Update: select * from LineaOrdenDeCompra WHERE  LineaOrdenDeCompra.nro_orden_compra=1  AND  LineaOrdenDeCompra.tipo_orden_compra='A' AND  LineaOrdenDeCompra.nro_sucursal=1  
Save/Update: select * from insumo WHERE  insumo.cod_insumo=1  
Save/Update: select * from insumo WHERE  insumo.cod_insumo=2  
Save/Update: select * from Proveedor WHERE  Proveedor.id_proveedor=1  
Save/Update: select * from MovimientosCuenta JOIN documento_movimiento AS documento ON MovimientosCuenta.nro_movimiento=documento.nro_movimiento JOIN proveedor_movimientos AS proveedor ON MovimientosCuenta.nro_movimiento=proveedor.nro_movimiento WHERE documento.nro_Doc=3  AND proveedor.id_proveedor IS NOT  NULL ; select * from proveedor_movimientos; select * from documento_movimiento
Save/Update: select * from LineaOrdenDeCompra WHERE  LineaOrdenDeCompra.nro_orden_compra=2  AND  LineaOrdenDeCompra.tipo_orden_compra='B' AND  LineaOrdenDeCompra.nro_sucursal=1  
Save/Update: select * from insumo WHERE  insumo.cod_insumo=1  
Save/Update: select * from insumo WHERE  insumo.cod_insumo=1  
Save/Update: select * from Proveedor WHERE  Proveedor.id_proveedor=1  
Save/Update: select * from MovimientosCuenta JOIN documento_movimiento AS documento ON MovimientosCuenta.nro_movimiento=documento.nro_movimiento JOIN proveedor_movimientos AS proveedor ON MovimientosCuenta.nro_movimiento=proveedor.nro_movimiento WHERE documento.nro_Doc=4  AND proveedor.id_proveedor IS NOT  NULL ; select * from proveedor_movimientos; select * from documento_movimiento
Save/Update: DELETE LineaOrdenDeCompra WHERE nro_orden_compra=2  AND nro_sucursal=1  AND tipo_orden_compra='A' AND nro_linea=1  
Save/Update: DELETE LineaOrdenDeCompra WHERE nro_orden_compra=2  AND nro_sucursal=1  AND tipo_orden_compra='A' AND nro_linea=2  
Save/Update: DELETE proveedor_movimientos where nro_movimiento=4  ; DELETE documento_movimiento where nro_movimiento=4  ; ;DELETE MovimientosCuenta WHERE nro_movimiento=4  
Save/Update: DELETE FROM OrdenDeCompra WHERE nro_Doc =5
Save/Update: delete documento where nro_doc=5</StdOut>
      </Output>
    </UnitTestResult>
    <UnitTestResult executionId="f64394c4-ecf4-422c-a866-81ed9c248d43" testId="2277aaf3-514d-5d22-b68b-739c3ef345a2" testName="CambiarEstadoPedidoTest" computerName="DIEGO-PC" duration="00:00:16.6697588" startTime="2012-11-19T19:37:50.3346267-03:00" endTime="2012-11-19T19:38:07.0125806-03:00" testType="13cdc9d9-ddb5-4fa4-a97d-d965ccfc6d4b" outcome="Passed" testListId="8c84fa94-04c1-424b-9868-57a2d4851a1d" relativeResultsDirectory="f64394c4-ecf4-422c-a866-81ed9c248d43">
      <Output>
        <StdOut>Save/Update: SELECT  ISNULL(MAX(cod_pedido + 1),1) from Pedido
Save/Update: INSERT INTO Pedido (cod_pedido, comentario, id_cliente, tipo_pedido, estadoActual, fechaInicio, fechaFinal, borrado) VALUES (5 , 'comentario test', 2 , 2 , 1 ,  CAST('19/11/2012 19:37:50.345'  AS DateTime),  NULL , 0 ); UPDATE produccion SET borrado=1 WHERE cod_pedido=5  ; UPDATE historico_estados_pedido SET borrado=1 WHERE cod_pedido=5  ; 
Save/Update: SELECT  ISNULL(MAX(cod_produccion + 1),1) from produccion
Save/Update: INSERT INTO produccion (cod_produccion, comentario, cod_pedido, cod_maquina, cod_articulo, cantidad, estadoActual, utilizacion, fechaInicio, fechaFinal, borrado) VALUES (7 , 'com1', 5 , 2 , 1 , 10 , 1 , 1,  CAST('19/11/2012 19:37:50.345'  AS DateTime),  NULL , 0 ); UPDATE historico_estados_produccion SET borrado=1 WHERE cod_produccion=7  ; 
Save/Update: UPDATE Pedido SET comentario='comentario test', id_cliente=2 , tipo_pedido=2 , estadoActual=1 , fechaInicio= CAST('19/11/2012 19:37:50.345'  AS DateTime), fechaFinal= NULL , borrado=0  WHERE cod_pedido=5  ; UPDATE produccion SET borrado=1 WHERE cod_pedido=5  ; UPDATE historico_estados_pedido SET borrado=1 WHERE cod_pedido=5  ; 
Save/Update: SELECT  ISNULL(MAX(nro_estado + 1),1) from historico_estados_pedido WHERE cod_pedido=5
Save/Update: INSERT INTO historico_estados_pedido (nro_estado, comentario, cod_pedido, fechaDesde, fechaHasta, estado, borrado) VALUES (1 , '', 5 ,  CAST('19/11/2012 19:37:50.349'  AS DateTime),  NULL , 1 , 0 ); 
Save/Update: UPDATE produccion SET comentario='com1', cod_pedido=5 , cod_maquina=2 , cod_articulo=1 , cantidad=10 , estadoActual=1 , utilizacion=1, fechaInicio= CAST('19/11/2012 19:37:50.345'  AS DateTime), fechaFinal= NULL , borrado=0  WHERE cod_produccion=7  ; UPDATE historico_estados_produccion SET borrado=1 WHERE cod_produccion=7  ; 
Save/Update: select * from Pedido WHERE  Pedido.cod_pedido=5  ; select * from produccion WHERE borrado = 0; select * from historico_estados_pedido WHERE borrado = 0
Save/Update: select * from historico_estados_pedido WHERE  historico_estados_pedido.cod_pedido=5  
Save/Update: select * from tipoPedido WHERE  tipoPedido.tipo_pedido=2  
Save/Update: select * from produccion WHERE  produccion.cod_pedido=5  ; select * from historico_estados_produccion WHERE borrado = 0
Save/Update: select * from Cliente WHERE  Cliente.id_cliente=2  ; select * from cliente_movimientos; select * from Pedido WHERE borrado = 0; select * from Factura WHERE borrado = 0; select * from Diseño WHERE borrado = 0
Save/Update: select * from EstadoPedido WHERE  EstadoPedido.estado_pedido=1  
Save/Update: select * from Usuario WHERE  Usuario.usuarioID=2  ; select * from JoinUsuarioToFamilia; select * from JoinPatenteToUsuario
Save/Update: select * from Familia JOIN JoinUsuarioToFamilia AS usuarios ON Familia.familiaID=usuarios.familiaID WHERE usuarios.usuarioID=2  ; select * from JoinFamiliaToPatente
Save/Update: select * from Patente JOIN JoinFamiliaToPatente AS familia ON Patente.patenteId=familia.patenteId WHERE familia.familiaID=2  
Save/Update: select * from Patente JOIN JoinPatenteToUsuario AS usuario ON Patente.patenteId=usuario.patenteId WHERE usuario.usuarioID=2  
Save/Update: select * from Cliente WHERE  Cliente.usuarioID=2  ; select * from cliente_movimientos; select * from Pedido WHERE borrado = 0; select * from Factura WHERE borrado = 0; select * from Diseño WHERE borrado = 0
Save/Update: select * from newsletter WHERE  newsletter.id=1  
Save/Update: select * from produccion WHERE  produccion.cod_produccion=7  ; select * from historico_estados_produccion WHERE borrado = 0
Save/Update: select * from Pedido WHERE  Pedido.cod_pedido=5  ; select * from produccion WHERE borrado = 0; select * from historico_estados_pedido WHERE borrado = 0
Save/Update: select * from Maquina WHERE  Maquina.cod_maquina=2  ; select * from JoinMaquinaToTipoPrenda
Save/Update: select * from Articulos WHERE  Articulos.cod_articulo=1  ; select * from lista_precios WHERE borrado = 0
Save/Update: select * from EstadoTrabajos WHERE  EstadoTrabajos.cod_estado=1  
Save/Update: select * from historico_estados_produccion WHERE  historico_estados_produccion.cod_produccion=7  
Save/Update: select * from produccion_operador WHERE  produccion_operador.cod_prodcuccion=7  
Save/Update: select * from newsletter WHERE  newsletter.id=2  
Save/Update: select * from Articulos WHERE  Articulos.cod_articulo=1  ; select * from lista_precios WHERE borrado = 0
Save/Update: select * from lista_precios WHERE  lista_precios.cod_articulo=1  
Save/Update: select * from TipoPrenda WHERE  TipoPrenda.tipo_prenda=1  
Save/Update: select * from Diseño WHERE  Diseño.cod_diseño=1  ; select * from historico_estados_diseño WHERE borrado = 0
Save/Update: select * from Pedido WHERE  Pedido.cod_pedido=5  ; select * from produccion WHERE borrado = 0; select * from historico_estados_pedido WHERE borrado = 0
Save/Update: select * from historico_estados_pedido WHERE  historico_estados_pedido.cod_pedido=5  
Save/Update: select * from tipoPedido WHERE  tipoPedido.tipo_pedido=2  
Save/Update: select * from produccion WHERE  produccion.cod_pedido=5  ; select * from historico_estados_produccion WHERE borrado = 0
Save/Update: select * from Cliente WHERE  Cliente.id_cliente=2  ; select * from cliente_movimientos; select * from Pedido WHERE borrado = 0; select * from Factura WHERE borrado = 0; select * from Diseño WHERE borrado = 0
Save/Update: select * from EstadoPedido WHERE  EstadoPedido.estado_pedido=1  
Save/Update: UPDATE Pedido SET comentario='comentario Modificado', id_cliente=2 , tipo_pedido=2 , estadoActual=2 , fechaInicio= CAST('19/11/2012 19:37:50.347'  AS DateTime), fechaFinal= NULL , borrado=0  WHERE cod_pedido=5  ; UPDATE produccion SET borrado=1 WHERE cod_pedido=5  ; UPDATE historico_estados_pedido SET borrado=1 WHERE cod_pedido=5  ; 
Save/Update: UPDATE historico_estados_pedido SET comentario='', fechaDesde= CAST('19/11/2012 19:37:50.350'  AS DateTime), fechaHasta= CAST('19/11/2012 19:38:06.866'  AS DateTime), estado=1 , borrado=0  WHERE nro_estado=1  AND cod_pedido=5  ; 
Save/Update: SELECT  ISNULL(MAX(nro_estado + 1),1) from historico_estados_pedido WHERE cod_pedido=5
Save/Update: INSERT INTO historico_estados_pedido (nro_estado, comentario, cod_pedido, fechaDesde, fechaHasta, estado, borrado) VALUES (2 , '', 5 ,  CAST('19/11/2012 19:38:06.866'  AS DateTime),  NULL , 2 , 0 ); 
Save/Update: UPDATE produccion SET comentario='com1', cod_pedido=5 , cod_maquina=2 , cod_articulo=1 , cantidad=10 , estadoActual=1 , utilizacion=1, fechaInicio= CAST('19/11/2012 19:37:50.347'  AS DateTime), fechaFinal= NULL , borrado=0  WHERE cod_produccion=7  ; UPDATE historico_estados_produccion SET borrado=1 WHERE cod_produccion=7  ; 
Save/Update: select * from Pedido WHERE  Pedido.cod_pedido=5  ; select * from produccion WHERE borrado = 0; select * from historico_estados_pedido WHERE borrado = 0
Save/Update: select * from historico_estados_pedido WHERE  historico_estados_pedido.cod_pedido=5  
Save/Update: select * from tipoPedido WHERE  tipoPedido.tipo_pedido=2  
Save/Update: select * from produccion WHERE  produccion.cod_pedido=5  ; select * from historico_estados_produccion WHERE borrado = 0
Save/Update: select * from Cliente WHERE  Cliente.id_cliente=2  ; select * from cliente_movimientos; select * from Pedido WHERE borrado = 0; select * from Factura WHERE borrado = 0; select * from Diseño WHERE borrado = 0
Save/Update: select * from EstadoPedido WHERE  EstadoPedido.estado_pedido=2  
Save/Update: DELETE historico_estados_pedido WHERE nro_estado=1  AND cod_pedido=5  
Save/Update: DELETE historico_estados_pedido WHERE nro_estado=2  AND cod_pedido=5  
Save/Update: DELETE produccion WHERE cod_produccion=7  
Save/Update: DELETE Pedido WHERE cod_pedido=5</StdOut>
      </Output>
    </UnitTestResult>
    <UnitTestResult executionId="10f99d44-0851-4f21-813d-d0423449d5ef" testId="231d325e-5b2d-4422-b67b-4aed1bbc3f49" testName="grabarFacturasTest" computerName="DIEGO-PC" duration="00:00:00.0854226" startTime="2012-11-19T19:38:07.0295816-03:00" endTime="2012-11-19T19:38:07.1275872-03:00" testType="13cdc9d9-ddb5-4fa4-a97d-d965ccfc6d4b" outcome="Passed" testListId="8c84fa94-04c1-424b-9868-57a2d4851a1d" relativeResultsDirectory="10f99d44-0851-4f21-813d-d0423449d5ef">
      <Output>
        <StdOut>Save/Update: SELECT  ISNULL(MAX(nro_Doc + 1),1) from documento
Save/Update: INSERT INTO documento VALUES (5)
Save/Update: SELECT  ISNULL(MAX(nro_factura + 1),1) from Factura WHERE nro_sucursal=1 AND tipo_factura='A'
Save/Update: INSERT INTO Factura (nro_Doc, iva, fecha, borrado, nro_factura, nro_sucursal, tipo_factura, id_cliente, monto) VALUES (5 , 33.3,  CAST('19/11/2012 19:38:07.043'  AS DateTime), 0 , 2 , 1 , 'A', 2 , 33.3); UPDATE LineaFactura SET borrado=1 WHERE nro_factura=2  AND nro_sucursal=1  AND tipo_factura='A' ; 
Save/Update: select * from Factura WHERE  Factura.nro_Doc=5  ; select * from documento_movimiento; select * from LineaFactura WHERE borrado = 0
Save/Update: delete Factura where nro_doc=5
Save/Update: delete documento where nro_doc=5</StdOut>
      </Output>
    </UnitTestResult>
    <UnitTestResult executionId="d6372889-f9af-4981-8f0e-8fe5834ae567" testId="24d98172-4e51-96b3-ef4d-cd0ed2a98c18" testName="grabarHistoricoEstadosTest" computerName="DIEGO-PC" duration="00:00:00.0160403" startTime="2012-11-19T19:38:07.1295873-03:00" endTime="2012-11-19T19:38:07.1595890-03:00" testType="13cdc9d9-ddb5-4fa4-a97d-d965ccfc6d4b" outcome="Passed" testListId="8c84fa94-04c1-424b-9868-57a2d4851a1d" relativeResultsDirectory="d6372889-f9af-4981-8f0e-8fe5834ae567">
      <Output>
        <StdOut>Save/Update: SELECT  ISNULL(MAX(nro_estado + 1),1) from historico_estados_produccion WHERE cod_produccion=2
Save/Update: INSERT INTO historico_estados_produccion (nro_estado, comentario, cod_produccion, fechaDesde, fechaHasta, estado, borrado) VALUES (3 , 'comentario32', 2 ,  CAST('19/11/2012 19:38:07.142'  AS DateTime),  CAST('19/11/2012 19:38:07.142'  AS DateTime), 3 , 0 ); 
Save/Update: select * from historico_estados_produccion WHERE  historico_estados_produccion.nro_estado=3  AND  historico_estados_produccion.cod_produccion=2  
Save/Update: DELETE historico_estados_produccion WHERE nro_estado=3  AND cod_produccion=2</StdOut>
      </Output>
    </UnitTestResult>
    <UnitTestResult executionId="f3bd8e18-c3ec-4c42-a1d7-a4134ceb871b" testId="251887f2-80b7-06cc-ae64-369889df804d" testName="actualizarFamiliaTest" computerName="DIEGO-PC" duration="00:00:00.0378042" startTime="2012-11-19T19:38:07.1705896-03:00" endTime="2012-11-19T19:38:07.2155922-03:00" testType="13cdc9d9-ddb5-4fa4-a97d-d965ccfc6d4b" outcome="Passed" testListId="8c84fa94-04c1-424b-9868-57a2d4851a1d" relativeResultsDirectory="f3bd8e18-c3ec-4c42-a1d7-a4134ceb871b">
      <Output>
        <StdOut>Save/Update: select * from Familia WHERE  Familia.familiaID=5  ; select * from JoinFamiliaToPatente
Save/Update: select * from Patente JOIN JoinFamiliaToPatente AS familia ON Patente.patenteId=familia.patenteId WHERE familia.familiaID=5  
Save/Update: UPDATE Familia SET descripcion='desTest', nombre='nombretest' WHERE familiaID=5  ; DELETE JoinFamiliaToPatente where familiaID=5  ;  INSERT INTO JoinFamiliaToPatente ( familiaID, patenteId) VALUES ( 5 , 9 ); 
Save/Update: select * from Familia WHERE  Familia.familiaID=5  ; select * from JoinFamiliaToPatente
Save/Update: select * from Patente JOIN JoinFamiliaToPatente AS familia ON Patente.patenteId=familia.patenteId WHERE familia.familiaID=5  
Save/Update: UPDATE Familia SET descripcion='desTest', nombre='nombretest' WHERE familiaID=5  ; DELETE JoinFamiliaToPatente where familiaID=5  ;  INSERT INTO JoinFamiliaToPatente ( familiaID, patenteId) VALUES ( 5 , 9 );</StdOut>
      </Output>
    </UnitTestResult>
    <UnitTestResult executionId="1545eadf-e6c4-45ee-9929-1d48d2cc4b68" testId="254f3c87-cb8f-24cb-6d93-8a60e4e333c0" testName="borrarProduccionTest" computerName="DIEGO-PC" duration="00:00:00.0778200" startTime="2012-11-19T19:38:07.2175923-03:00" endTime="2012-11-19T19:38:07.3035972-03:00" testType="13cdc9d9-ddb5-4fa4-a97d-d965ccfc6d4b" outcome="Passed" testListId="8c84fa94-04c1-424b-9868-57a2d4851a1d" relativeResultsDirectory="1545eadf-e6c4-45ee-9929-1d48d2cc4b68">
      <Output>
        <StdOut>Save/Update: SELECT  ISNULL(MAX(cod_produccion + 1),1) from produccion
Save/Update: INSERT INTO produccion (cod_produccion, comentario, cod_pedido, cod_maquina, cod_articulo, cantidad, estadoActual, utilizacion, fechaInicio, fechaFinal, borrado) VALUES (7 , 'comentario test', 3 , 3 , 7 , 10 , 2 , 1,  CAST('19/11/2012 19:38:07.224'  AS DateTime),  CAST('19/11/2012 19:38:07.224'  AS DateTime), 0 ); UPDATE historico_estados_produccion SET borrado=1 WHERE cod_produccion=7  ; 
Save/Update: select * from produccion WHERE  produccion.comentario LIKE '%comentario test%'; select * from historico_estados_produccion WHERE borrado = 0
Save/Update: DELETE produccion WHERE cod_produccion=7  
Save/Update: select * from produccion WHERE  produccion.comentario LIKE '%comentario test%'; select * from historico_estados_produccion WHERE borrado = 0
Save/Update: DELETE produccion WHERE cod_produccion=7</StdOut>
      </Output>
    </UnitTestResult>
    <UnitTestResult executionId="8a53382a-3777-4a22-aa8a-8b10559d69e9" testId="25d73e54-4c45-c0f8-0cc6-cd9d82e5c8a4" testName="listarProduccionPorArticuloTest" computerName="DIEGO-PC" duration="00:00:00.0989875" startTime="2012-11-19T19:38:07.3065974-03:00" endTime="2012-11-19T19:38:07.4146036-03:00" testType="13cdc9d9-ddb5-4fa4-a97d-d965ccfc6d4b" outcome="Passed" testListId="8c84fa94-04c1-424b-9868-57a2d4851a1d" relativeResultsDirectory="8a53382a-3777-4a22-aa8a-8b10559d69e9">
      <Output>
        <StdOut>Save/Update: select * from produccion WHERE  produccion.cod_articulo=1  ; select * from historico_estados_produccion WHERE borrado = 0
Save/Update: select * from Pedido WHERE  Pedido.cod_pedido=1  ; select * from produccion WHERE borrado = 0; select * from historico_estados_pedido WHERE borrado = 0
Save/Update: select * from Maquina WHERE  Maquina.cod_maquina=1  ; select * from JoinMaquinaToTipoPrenda
Save/Update: select * from Articulos WHERE  Articulos.cod_articulo=1  ; select * from lista_precios WHERE borrado = 0
Save/Update: select * from EstadoTrabajos WHERE  EstadoTrabajos.cod_estado=3  
Save/Update: select * from historico_estados_produccion WHERE  historico_estados_produccion.cod_produccion=1  
Save/Update: select * from produccion_operador WHERE  produccion_operador.cod_prodcuccion=1  
Save/Update: DELETE produccion_operador WHERE id_operador=2  AND cod_prodcuccion=7  
Save/Update: DELETE historico_estados_produccion WHERE nro_estado=1  AND cod_produccion=7  
Save/Update: DELETE historico_estados_produccion WHERE nro_estado=2  AND cod_produccion=7  
Save/Update: DELETE produccion WHERE cod_produccion=7</StdOut>
      </Output>
    </UnitTestResult>
    <UnitTestResult executionId="778f9d86-62ed-42d3-b899-c088fa5423ce" testId="26a546ff-2782-4a5a-0d01-d730f8d08c9d" testName="cargarTest" computerName="DIEGO-PC" duration="00:00:00.0424540" startTime="2012-11-19T19:38:07.4236041-03:00" endTime="2012-11-19T19:38:07.4746070-03:00" testType="13cdc9d9-ddb5-4fa4-a97d-d965ccfc6d4b" outcome="Passed" testListId="8c84fa94-04c1-424b-9868-57a2d4851a1d" relativeResultsDirectory="778f9d86-62ed-42d3-b899-c088fa5423ce">
      <Output>
        <StdOut>Save/Update: select * from Conversacion; select * from mensaje WHERE borrado = 0
Save/Update: DELETE Conversacion WHERE id_conversacion=3  
Save/Update: update mensaje set borrado=0</StdOut>
      </Output>
    </UnitTestResult>
    <UnitTestResult executionId="fc925f46-aa51-4b9c-81ed-4f23c81b5b01" testId="26d1e25c-63b7-c2c4-03c0-99f8e7631508" testName="grabarMaquinasTest" computerName="DIEGO-PC" duration="00:00:00.0414889" startTime="2012-11-19T19:38:07.4816074-03:00" endTime="2012-11-19T19:38:07.5326103-03:00" testType="13cdc9d9-ddb5-4fa4-a97d-d965ccfc6d4b" outcome="Passed" testListId="8c84fa94-04c1-424b-9868-57a2d4851a1d" relativeResultsDirectory="fc925f46-aa51-4b9c-81ed-4f23c81b5b01">
      <Output>
        <StdOut>Save/Update: SELECT  ISNULL(MAX(cod_maquina + 1),1) from Maquina
Save/Update: INSERT INTO Maquina (cod_maquina, altoMargen, anchoMargen, cabezales, nombre, velocidadPromedio, cantidadColores) VALUES (4 , 100 , 200 , 12 , 'nombre nuevo', 1000 , 15 ); DELETE JoinMaquinaToTipoPrenda where cod_maquina=4  ; 
Save/Update: select * from Maquina WHERE  Maquina.cod_maquina=4  AND  Maquina.altoMargen&lt;=500  AND  Maquina.anchoMargen&gt;=100  AND  Maquina.cabezales=12  AND  Maquina.nombre LIKE '%e n%'AND  Maquina.velocidadPromedio&gt;=500  ; select * from JoinMaquinaToTipoPrenda
Save/Update: DELETE JoinMaquinaToTipoPrenda where cod_maquina=4  ; ;DELETE Maquina WHERE cod_maquina=4</StdOut>
      </Output>
    </UnitTestResult>
    <UnitTestResult executionId="1da9d8b8-62b8-44a6-80f1-8de52c060178" testId="26e79886-012b-c1dd-53e8-d16d49221a25" testName="listarInsumosConRestriccionesTest" computerName="DIEGO-PC" duration="00:00:00.0085772" startTime="2012-11-19T19:38:07.5396107-03:00" endTime="2012-11-19T19:38:07.5586118-03:00" testType="13cdc9d9-ddb5-4fa4-a97d-d965ccfc6d4b" outcome="Passed" testListId="8c84fa94-04c1-424b-9868-57a2d4851a1d" relativeResultsDirectory="1da9d8b8-62b8-44a6-80f1-8de52c060178">
      <Output>
        <StdOut>Save/Update: select * from insumo WHERE  insumo.nombre LIKE '%bre%'AND  insumo.detalle LIKE '%lle1%'AND  insumo.id_tipo_insumo=1  AND  insumo.color=1  
Save/Update: select * from tipoInsumo WHERE  tipoInsumo.tipo_insumo=1  
Save/Update: select * from color WHERE  color.codigo_color=1  
Save/Update: select * from MovimientosStock WHERE  MovimientosStock.cod_insumo=1  
Save/Update: DELETE MovimientosStock WHERE nro_movimiento=1  AND cod_insumo=5  
Save/Update: DELETE MovimientosStock WHERE nro_movimiento=2  AND cod_insumo=5  
Save/Update: DELETE insumo WHERE cod_insumo=5</StdOut>
      </Output>
    </UnitTestResult>
    <UnitTestResult executionId="9493d058-041a-4f8a-81f8-15ea6b1c77de" testId="2807b06d-2424-3984-a9d6-3c90127f0468" testName="BuscarDiseñosTest" computerName="DIEGO-PC" duration="00:00:00.0698225" startTime="2012-11-19T19:38:07.5606119-03:00" endTime="2012-11-19T19:38:07.6386164-03:00" testType="13cdc9d9-ddb5-4fa4-a97d-d965ccfc6d4b" outcome="Passed" testListId="8c84fa94-04c1-424b-9868-57a2d4851a1d" relativeResultsDirectory="9493d058-041a-4f8a-81f8-15ea6b1c77de">
      <Output>
        <StdOut>Save/Update: select * from Diseño WHERE  Diseño.estadoActual=2  AND  Diseño.nombre LIKE '%ño1%'AND  Diseño.puntadas&gt;=500  AND  Diseño.puntadas&lt;=1500  AND  Diseño.ancho&gt;=5  AND  Diseño.ancho&lt;=15  AND  Diseño.alto&gt;=5  AND  Diseño.alto&lt;=15  AND  Diseño.id_cliente=1  ; select * from historico_estados_diseño WHERE borrado = 0
Save/Update: select * from Cliente WHERE  Cliente.id_cliente=1  ; select * from cliente_movimientos; select * from Pedido WHERE borrado = 0; select * from Factura WHERE borrado = 0; select * from Diseño WHERE borrado = 0
Save/Update: select * from Usuario WHERE  Usuario.usuarioID=1  ; select * from JoinUsuarioToFamilia; select * from JoinPatenteToUsuario
Save/Update: select * from Diseño_insumos WHERE  Diseño_insumos.cod_diseño=1  
Save/Update: select * from historico_estados_diseño WHERE  historico_estados_diseño.cod_diseño=1  
Save/Update: select * from EstadoDiseños WHERE  EstadoDiseños.estado=2  
Save/Update: DELETE FROM Diseño_insumos where cod_diseño=3
Save/Update: DELETE FROM historico_estados_diseño where cod_diseño=3
Save/Update: DELETE Diseño WHERE cod_diseño=3</StdOut>
      </Output>
    </UnitTestResult>
    <UnitTestResult executionId="865400b5-55cc-49ba-9aa8-a6125225d63f" testId="280aded5-68b9-b810-9a8e-34bdb568fac8" testName="grabarProduccionTest" computerName="DIEGO-PC" duration="00:00:00.0201503" startTime="2012-11-19T19:38:07.6416166-03:00" endTime="2012-11-19T19:38:07.6716183-03:00" testType="13cdc9d9-ddb5-4fa4-a97d-d965ccfc6d4b" outcome="Passed" testListId="8c84fa94-04c1-424b-9868-57a2d4851a1d" relativeResultsDirectory="865400b5-55cc-49ba-9aa8-a6125225d63f">
      <Output>
        <StdOut>Save/Update: SELECT  ISNULL(MAX(cod_produccion + 1),1) from produccion
Save/Update: INSERT INTO produccion (cod_produccion, comentario, cod_pedido, cod_maquina, cod_articulo, cantidad, estadoActual, utilizacion, fechaInicio, fechaFinal, borrado) VALUES (7 , 'com test', 3 , 3 , 3 , 10 , 1 , 1,  CAST('14/10/2012 15:00:00.000'  AS DateTime),  CAST('14/10/2012 18:00:00.000'  AS DateTime), 0 ); UPDATE historico_estados_produccion SET borrado=1 WHERE cod_produccion=7  ; 
Save/Update: SELECT  ISNULL(MAX(nro_estado + 1),1) from historico_estados_produccion WHERE cod_produccion=7
Save/Update: INSERT INTO historico_estados_produccion (nro_estado, comentario, cod_produccion, fechaDesde, fechaHasta, estado, borrado) VALUES (1 , 'com test', 7 ,  CAST('19/11/2012 19:38:07.652'  AS DateTime),  NULL , 1 , 0 ); 
Save/Update: select * from produccion WHERE  produccion.cod_produccion=7  ; select * from historico_estados_produccion WHERE borrado = 0
Save/Update: select * from Pedido WHERE  Pedido.cod_pedido=3  ; select * from produccion WHERE borrado = 0; select * from historico_estados_pedido WHERE borrado = 0
Save/Update: select * from Maquina WHERE  Maquina.cod_maquina=3  ; select * from JoinMaquinaToTipoPrenda
Save/Update: select * from Articulos WHERE  Articulos.cod_articulo=3  ; select * from lista_precios WHERE borrado = 0
Save/Update: select * from EstadoTrabajos WHERE  EstadoTrabajos.cod_estado=1  
Save/Update: select * from historico_estados_produccion WHERE  historico_estados_produccion.cod_produccion=7  
Save/Update: select * from produccion_operador WHERE  produccion_operador.cod_prodcuccion=7  
Save/Update: DELETE produccion_operador WHERE id_operador=2  AND cod_prodcuccion=7  
Save/Update: DELETE historico_estados_produccion WHERE nro_estado=1  AND cod_produccion=7  
Save/Update: DELETE historico_estados_produccion WHERE nro_estado=2  AND cod_produccion=7  
Save/Update: DELETE produccion WHERE cod_produccion=7</StdOut>
      </Output>
    </UnitTestResult>
    <UnitTestResult executionId="4dac68b3-96a5-44a5-9c71-5565cff91045" testId="28e69d1a-8de4-eba9-3792-eae237e8276c" testName="grabarUsuarioTest" computerName="DIEGO-PC" duration="00:00:00.0729034" startTime="2012-11-19T19:38:07.6736184-03:00" endTime="2012-11-19T19:38:07.7556231-03:00" testType="13cdc9d9-ddb5-4fa4-a97d-d965ccfc6d4b" outcome="Passed" testListId="8c84fa94-04c1-424b-9868-57a2d4851a1d" relativeResultsDirectory="4dac68b3-96a5-44a5-9c71-5565cff91045">
      <Output>
        <StdOut>Save/Update: INSERT INTO Cliente (id_cliente, habitadoTurnos, usuarioID, newsletter) VALUES (3 , 0 , 3 , 1 ); UPDATE Pedido SET borrado=1 WHERE id_cliente=3  ; UPDATE Factura SET borrado=1 WHERE id_cliente=3  ; UPDATE Diseño SET borrado=1 WHERE id_cliente=3  ; 
Save/Update: select * from Cliente; select * from cliente_movimientos; select * from Pedido WHERE borrado = 0; select * from Factura WHERE borrado = 0; select * from Diseño WHERE borrado = 0
Save/Update: select * from Cliente WHERE  Cliente.id_cliente=3  ; select * from cliente_movimientos; select * from Pedido WHERE borrado = 0; select * from Factura WHERE borrado = 0; select * from Diseño WHERE borrado = 0
Save/Update: DELETE cliente_movimientos where id_cliente=3  ; ;DELETE Cliente WHERE id_cliente=3</StdOut>
      </Output>
    </UnitTestResult>
    <UnitTestResult executionId="7d634e62-6187-421b-8525-fe2e7cc98dd0" testId="29a5da4e-65d5-0422-5e68-618976117f03" testName="cargarMovimientosTest" computerName="DIEGO-PC" duration="00:00:00.0082842" startTime="2012-11-19T19:38:07.7596233-03:00" endTime="2012-11-19T19:38:07.7766243-03:00" testType="13cdc9d9-ddb5-4fa4-a97d-d965ccfc6d4b" outcome="Passed" testListId="8c84fa94-04c1-424b-9868-57a2d4851a1d" relativeResultsDirectory="7d634e62-6187-421b-8525-fe2e7cc98dd0">
      <Output>
        <StdOut>Save/Update: select * from MovimientosCuenta JOIN proveedor_movimientos AS proveedor ON MovimientosCuenta.nro_movimiento=proveedor.nro_movimiento WHERE proveedor.id_proveedor IS NOT  NULL ; select * from proveedor_movimientos; select * from documento_movimiento
Save/Update: DELETE proveedor_movimientos where nro_movimiento=4  ; DELETE documento_movimiento where nro_movimiento=4  ; ;DELETE MovimientosCuenta WHERE nro_movimiento=4</StdOut>
      </Output>
    </UnitTestResult>
    <UnitTestResult executionId="7a25789d-fa5b-483b-84a2-8730f3e8126d" testId="29f0136c-6b94-67a3-1d98-7e9ef56e0b01" testName="grabarMensajeTest" computerName="DIEGO-PC" duration="00:00:00.0473987" startTime="2012-11-19T19:38:07.7796245-03:00" endTime="2012-11-19T19:38:07.8356277-03:00" testType="13cdc9d9-ddb5-4fa4-a97d-d965ccfc6d4b" outcome="Passed" testListId="8c84fa94-04c1-424b-9868-57a2d4851a1d" relativeResultsDirectory="7a25789d-fa5b-483b-84a2-8730f3e8126d">
      <Output>
        <StdOut>Save/Update: SELECT  ISNULL(MAX(id_conversacion + 1),1) from Conversacion
Save/Update: INSERT INTO Conversacion (id_conversacion, remitente, destinatario) VALUES (3 , 2 , 1 ); UPDATE mensaje SET borrado=1 WHERE id_conversacion=3  ; 
Save/Update: select * from Conversacion WHERE  Conversacion.remitente=2  AND  Conversacion.destinatario=1  ; select * from mensaje WHERE borrado = 0
Save/Update: DELETE Conversacion WHERE id_conversacion=3  
Save/Update: update mensaje set borrado=0</StdOut>
      </Output>
    </UnitTestResult>
    <UnitTestResult executionId="78621d13-0125-459e-901f-12a36f72d77b" testId="2a172fd5-1ba6-de08-de7a-3705a01c8b9d" testName="listarConversacionesPorUsuarioTest" computerName="DIEGO-PC" duration="00:00:00.0133687" startTime="2012-11-19T19:38:07.8416280-03:00" endTime="2012-11-19T19:38:07.8626292-03:00" testType="13cdc9d9-ddb5-4fa4-a97d-d965ccfc6d4b" outcome="Passed" testListId="8c84fa94-04c1-424b-9868-57a2d4851a1d" relativeResultsDirectory="78621d13-0125-459e-901f-12a36f72d77b">
      <Output>
        <StdOut>Save/Update: select * from Conversacion WHERE  Conversacion.remitente=1  ; select * from mensaje WHERE borrado = 0
Save/Update: select * from Conversacion WHERE  Conversacion.destinatario=1  ; select * from mensaje WHERE borrado = 0
Save/Update: select * from Usuario WHERE  Usuario.usuarioID=1  ; select * from JoinUsuarioToFamilia; select * from JoinPatenteToUsuario
Save/Update: select * from Usuario WHERE  Usuario.usuarioID=2  ; select * from JoinUsuarioToFamilia; select * from JoinPatenteToUsuario
Save/Update: select * from Mensaje WHERE  Mensaje.id_conversacion=1</StdOut>
      </Output>
    </UnitTestResult>
    <UnitTestResult executionId="a5d52970-6215-4c3b-8d9a-7fe7a7b78d91" testId="2a2fd5ee-0dc7-50c0-f1c8-c482f09c9964" testName="listarMaquinasTest" computerName="DIEGO-PC" duration="00:00:00.0111917" startTime="2012-11-19T19:38:07.8696296-03:00" endTime="2012-11-19T19:38:07.8876306-03:00" testType="13cdc9d9-ddb5-4fa4-a97d-d965ccfc6d4b" outcome="Passed" testListId="8c84fa94-04c1-424b-9868-57a2d4851a1d" relativeResultsDirectory="a5d52970-6215-4c3b-8d9a-7fe7a7b78d91">
      <Output>
        <StdOut>Save/Update: select * from Maquina; select * from JoinMaquinaToTipoPrenda
Save/Update: select * from TipoPrenda WHERE  TipoPrenda.tipo_prenda=1  
Save/Update: select * from TipoPrenda WHERE  TipoPrenda.tipo_prenda=2  
Save/Update: select * from TipoPrenda WHERE  TipoPrenda.tipo_prenda=3  
Save/Update: select * from TipoPrenda WHERE  TipoPrenda.tipo_prenda=1  
Save/Update: select * from TipoPrenda WHERE  TipoPrenda.tipo_prenda=2  
Save/Update: select * from TipoPrenda WHERE  TipoPrenda.tipo_prenda=3  
Save/Update: select * from TipoPrenda WHERE  TipoPrenda.tipo_prenda=1  
Save/Update: select * from TipoPrenda WHERE  TipoPrenda.tipo_prenda=2  
Save/Update: select * from TipoPrenda WHERE  TipoPrenda.tipo_prenda=3  
Save/Update: DELETE JoinMaquinaToTipoPrenda where cod_maquina=4  ; ;DELETE Maquina WHERE cod_maquina=4  
Save/Update: delete from JoinMaquinaToTipoPrenda where cod_maquina=4</StdOut>
      </Output>
    </UnitTestResult>
    <UnitTestResult executionId="d8634f67-ca92-4608-bdbd-fea06019d8d9" testId="2ae7b1af-8597-a3ce-277b-0dc18037e21f" testName="listarInsumosPorTipoTest" computerName="DIEGO-PC" duration="00:00:00.0703940" startTime="2012-11-19T19:38:07.8896308-03:00" endTime="2012-11-19T19:38:07.9666352-03:00" testType="13cdc9d9-ddb5-4fa4-a97d-d965ccfc6d4b" outcome="Passed" testListId="8c84fa94-04c1-424b-9868-57a2d4851a1d" relativeResultsDirectory="d8634f67-ca92-4608-bdbd-fea06019d8d9">
      <Output>
        <StdOut>Save/Update: select * from insumo WHERE  insumo.id_tipo_insumo=1  
Save/Update: select * from tipoInsumo WHERE  tipoInsumo.tipo_insumo=1  
Save/Update: select * from color WHERE  color.codigo_color=1  
Save/Update: select * from MovimientosStock WHERE  MovimientosStock.cod_insumo=1  
Save/Update: select * from tipoInsumo WHERE  tipoInsumo.tipo_insumo=1  
Save/Update: select * from color WHERE  color.codigo_color=2  
Save/Update: select * from MovimientosStock WHERE  MovimientosStock.cod_insumo=2  
Save/Update: select * from tipoInsumo WHERE  tipoInsumo.tipo_insumo=1  
Save/Update: select * from color WHERE  color.codigo_color=3  
Save/Update: select * from MovimientosStock WHERE  MovimientosStock.cod_insumo=3  
Save/Update: select * from tipoInsumo WHERE  tipoInsumo.tipo_insumo=1  
Save/Update: select * from color WHERE  color.codigo_color=4  
Save/Update: select * from MovimientosStock WHERE  MovimientosStock.cod_insumo=4  
Save/Update: select * from insumo WHERE  insumo.cod_insumo=1  
Save/Update: select * from tipoInsumo WHERE  tipoInsumo.tipo_insumo=1  
Save/Update: select * from color WHERE  color.codigo_color=1  
Save/Update: select * from MovimientosStock WHERE  MovimientosStock.cod_insumo=1  
Save/Update: select * from insumo WHERE  insumo.cod_insumo=2  
Save/Update: select * from tipoInsumo WHERE  tipoInsumo.tipo_insumo=1  
Save/Update: select * from color WHERE  color.codigo_color=2  
Save/Update: select * from MovimientosStock WHERE  MovimientosStock.cod_insumo=2  
Save/Update: select * from insumo WHERE  insumo.cod_insumo=1  
Save/Update: select * from tipoInsumo WHERE  tipoInsumo.tipo_insumo=1  
Save/Update: select * from color WHERE  color.codigo_color=1  
Save/Update: select * from MovimientosStock WHERE  MovimientosStock.cod_insumo=1  
Save/Update: UPDATE insumo SET nombre='nombre1', id_tipo_insumo=1 , color=1 , detalle='detalle1', costo=1, cantidadActual=1  WHERE cod_insumo=1  ; 
Save/Update: select * from insumo WHERE  insumo.cod_insumo=2  
Save/Update: select * from tipoInsumo WHERE  tipoInsumo.tipo_insumo=1  
Save/Update: select * from color WHERE  color.codigo_color=2  
Save/Update: select * from MovimientosStock WHERE  MovimientosStock.cod_insumo=2  
Save/Update: UPDATE insumo SET nombre='nombre2', id_tipo_insumo=1 , color=2 , detalle='detalle2', costo=1, cantidadActual=2  WHERE cod_insumo=2  ; 
Save/Update: delete from MovimientosStock where cod_insumo &gt; 2 or (cod_insumo = 1 AND nro_movimiento &gt; 2) or (cod_insumo = 2 AND nro_movimiento &gt; 1)
Save/Update: DELETE MovimientosStock WHERE nro_movimiento=1  AND cod_insumo=5  
Save/Update: DELETE MovimientosStock WHERE nro_movimiento=2  AND cod_insumo=5  
Save/Update: DELETE insumo WHERE cod_insumo=5</StdOut>
      </Output>
    </UnitTestResult>
    <UnitTestResult executionId="19897278-2dd3-42c8-ba65-7dfd65118cbd" testId="2b495ffb-2b2e-0cf5-2875-0685d0724d3c" testName="listarOrdenDeComprasPorIdTest" computerName="DIEGO-PC" duration="00:00:00.0139955" startTime="2012-11-19T19:38:07.9726355-03:00" endTime="2012-11-19T19:38:07.9956368-03:00" testType="13cdc9d9-ddb5-4fa4-a97d-d965ccfc6d4b" outcome="Passed" testListId="8c84fa94-04c1-424b-9868-57a2d4851a1d" relativeResultsDirectory="19897278-2dd3-42c8-ba65-7dfd65118cbd">
      <Output>
        <StdOut>Save/Update: select * from OrdenDeCompra WHERE  OrdenDeCompra.nro_orden_compra=1  AND  OrdenDeCompra.nro_sucursal=1  AND  OrdenDeCompra.tipo_orden_compra='A' ; select * from documento_movimiento; select * from LineaOrdenDeCompra WHERE borrado = 0
Save/Update: select * from LineaOrdenDeCompra WHERE  LineaOrdenDeCompra.nro_orden_compra=1  AND  LineaOrdenDeCompra.tipo_orden_compra='A' AND  LineaOrdenDeCompra.nro_sucursal=1  
Save/Update: select * from insumo WHERE  insumo.cod_insumo=1  
Save/Update: select * from insumo WHERE  insumo.cod_insumo=2  
Save/Update: select * from Proveedor WHERE  Proveedor.id_proveedor=1  
Save/Update: select * from MovimientosCuenta JOIN documento_movimiento AS documento ON MovimientosCuenta.nro_movimiento=documento.nro_movimiento JOIN proveedor_movimientos AS proveedor ON MovimientosCuenta.nro_movimiento=proveedor.nro_movimiento WHERE documento.nro_Doc=3  AND proveedor.id_proveedor IS NOT  NULL ; select * from proveedor_movimientos; select * from documento_movimiento
Save/Update: DELETE LineaOrdenDeCompra WHERE nro_orden_compra=2  AND nro_sucursal=1  AND tipo_orden_compra='A' AND nro_linea=1  
Save/Update: DELETE LineaOrdenDeCompra WHERE nro_orden_compra=2  AND nro_sucursal=1  AND tipo_orden_compra='A' AND nro_linea=2  
Save/Update: DELETE proveedor_movimientos where nro_movimiento=4  ; DELETE documento_movimiento where nro_movimiento=4  ; ;DELETE MovimientosCuenta WHERE nro_movimiento=4  
Save/Update: DELETE FROM OrdenDeCompra WHERE nro_Doc =5
Save/Update: delete documento where nro_doc=5</StdOut>
      </Output>
    </UnitTestResult>
    <UnitTestResult executionId="333b0657-774a-4d10-9d62-fb4a6bcde46f" testId="2bbea6cc-d32e-272a-1a5e-81a0cec727a7" testName="listarFacturaPorMovimientoTest" computerName="DIEGO-PC" duration="00:00:00.0147219" startTime="2012-11-19T19:38:08.0006371-03:00" endTime="2012-11-19T19:38:08.0226384-03:00" testType="13cdc9d9-ddb5-4fa4-a97d-d965ccfc6d4b" outcome="Passed" testListId="8c84fa94-04c1-424b-9868-57a2d4851a1d" relativeResultsDirectory="333b0657-774a-4d10-9d62-fb4a6bcde46f">
      <Output>
        <StdOut>Save/Update: select * from Factura WHERE  Factura.nro_Doc=1  ; select * from documento_movimiento; select * from LineaFactura WHERE borrado = 0
Save/Update: select * from LineaFactura WHERE  LineaFactura.nro_factura=1  AND  LineaFactura.tipo_factura='A' AND  LineaFactura.nro_sucursal=1  
Save/Update: select * from Articulos WHERE  Articulos.cod_articulo=1  ; select * from lista_precios WHERE borrado = 0
Save/Update: select * from Articulos WHERE  Articulos.cod_articulo=2  ; select * from lista_precios WHERE borrado = 0
Save/Update: select * from Cliente WHERE  Cliente.id_cliente=1  ; select * from cliente_movimientos; select * from Pedido WHERE borrado = 0; select * from Factura WHERE borrado = 0; select * from Diseño WHERE borrado = 0
Save/Update: select * from Usuario WHERE  Usuario.usuarioID=1  ; select * from JoinUsuarioToFamilia; select * from JoinPatenteToUsuario
Save/Update: select * from MovimientosCuenta JOIN documento_movimiento AS documento ON MovimientosCuenta.nro_movimiento=documento.nro_movimiento JOIN cliente_movimientos AS cliente ON MovimientosCuenta.nro_movimiento=cliente.nro_movimiento WHERE documento.nro_Doc=1  AND cliente.id_cliente IS NOT  NULL ; select * from cliente_movimientos; select * from documento_movimiento
Save/Update: DELETE LineaFactura WHERE nro_factura=2  AND nro_sucursal=1  AND tipo_factura='A' AND nro_linea=1  
Save/Update: DELETE LineaFactura WHERE nro_factura=2  AND nro_sucursal=1  AND tipo_factura='A' AND nro_linea=2  
Save/Update: DELETE cliente_movimientos where nro_movimiento=4  ; DELETE documento_movimiento where nro_movimiento=4  ; ;DELETE MovimientosCuenta WHERE nro_movimiento=4  
Save/Update: DELETE FROM Factura WHERE nro_Doc =5
Save/Update: delete documento where nro_doc=5</StdOut>
      </Output>
    </UnitTestResult>
    <UnitTestResult executionId="11e936b6-9d1a-4354-8605-3a8d84d3dca3" testId="2c93c645-adc5-bb40-79d7-b39e8ca0fa8c" testName="cargarFamiliasPorIdTest" computerName="DIEGO-PC" duration="00:00:00.0057521" startTime="2012-11-19T19:38:08.0266386-03:00" endTime="2012-11-19T19:38:08.0606405-03:00" testType="13cdc9d9-ddb5-4fa4-a97d-d965ccfc6d4b" outcome="Passed" testListId="8c84fa94-04c1-424b-9868-57a2d4851a1d" relativeResultsDirectory="11e936b6-9d1a-4354-8605-3a8d84d3dca3">
      <Output>
        <StdOut>Save/Update: select * from Familia WHERE  Familia.familiaID=6  ; select * from JoinFamiliaToPatente</StdOut>
      </Output>
    </UnitTestResult>
    <UnitTestResult executionId="832fe51b-c6ef-47a8-84e5-5c76841c2da0" testId="2dd0d705-2d7c-e989-e9d2-1892c8b66262" testName="cargarMensajePorUsuariosTest" computerName="DIEGO-PC" duration="00:00:00.0053504" startTime="2012-11-19T19:38:08.0696410-03:00" endTime="2012-11-19T19:38:08.0806417-03:00" testType="13cdc9d9-ddb5-4fa4-a97d-d965ccfc6d4b" outcome="Passed" testListId="8c84fa94-04c1-424b-9868-57a2d4851a1d" relativeResultsDirectory="832fe51b-c6ef-47a8-84e5-5c76841c2da0">
      <Output>
        <StdOut>Save/Update: select * from Conversacion WHERE  Conversacion.remitente=1  AND  Conversacion.destinatario=2  ; select * from mensaje WHERE borrado = 0
Save/Update: DELETE Conversacion WHERE id_conversacion=3  
Save/Update: update mensaje set borrado=0</StdOut>
      </Output>
    </UnitTestResult>
    <UnitTestResult executionId="7ac143c8-6d35-490b-8e3e-9de97394f194" testId="2e92c0a7-eb38-f9b0-56bc-708e3a1e95b2" testName="listarProduccionPorEstadoTest" computerName="DIEGO-PC" duration="00:00:00.0415618" startTime="2012-11-19T19:38:08.0876421-03:00" endTime="2012-11-19T19:38:08.1386450-03:00" testType="13cdc9d9-ddb5-4fa4-a97d-d965ccfc6d4b" outcome="Passed" testListId="8c84fa94-04c1-424b-9868-57a2d4851a1d" relativeResultsDirectory="7ac143c8-6d35-490b-8e3e-9de97394f194">
      <Output>
        <StdOut>Save/Update: select * from produccion WHERE  produccion.estadoActual=3  ; select * from historico_estados_produccion WHERE borrado = 0
Save/Update: select * from Pedido WHERE  Pedido.cod_pedido=1  ; select * from produccion WHERE borrado = 0; select * from historico_estados_pedido WHERE borrado = 0
Save/Update: select * from Maquina WHERE  Maquina.cod_maquina=1  ; select * from JoinMaquinaToTipoPrenda
Save/Update: select * from Articulos WHERE  Articulos.cod_articulo=1  ; select * from lista_precios WHERE borrado = 0
Save/Update: select * from EstadoTrabajos WHERE  EstadoTrabajos.cod_estado=3  
Save/Update: select * from historico_estados_produccion WHERE  historico_estados_produccion.cod_produccion=1  
Save/Update: select * from produccion_operador WHERE  produccion_operador.cod_prodcuccion=1  
Save/Update: DELETE produccion_operador WHERE id_operador=2  AND cod_prodcuccion=7  
Save/Update: DELETE historico_estados_produccion WHERE nro_estado=1  AND cod_produccion=7  
Save/Update: DELETE historico_estados_produccion WHERE nro_estado=2  AND cod_produccion=7  
Save/Update: DELETE produccion WHERE cod_produccion=7</StdOut>
      </Output>
    </UnitTestResult>
    <UnitTestResult executionId="4e6c7625-cba6-4fcf-8ea4-4cc571ea5ebe" testId="2ecef026-d4ff-850b-2022-72b81bdf2047" testName="grabarProduccionTest" computerName="DIEGO-PC" duration="00:00:00.0112329" startTime="2012-11-19T19:38:08.1446453-03:00" endTime="2012-11-19T19:38:08.1616463-03:00" testType="13cdc9d9-ddb5-4fa4-a97d-d965ccfc6d4b" outcome="Passed" testListId="8c84fa94-04c1-424b-9868-57a2d4851a1d" relativeResultsDirectory="4e6c7625-cba6-4fcf-8ea4-4cc571ea5ebe">
      <Output>
        <StdOut>Save/Update: SELECT  ISNULL(MAX(cod_produccion + 1),1) from produccion
Save/Update: INSERT INTO produccion (cod_produccion, comentario, cod_pedido, cod_maquina, cod_articulo, cantidad, estadoActual, utilizacion, fechaInicio, fechaFinal, borrado) VALUES (7 , 'com test', 3 , 3 , 3 , 10 , 1 , 1,  CAST('09/10/2012 10:00:00.000'  AS DateTime),  CAST('09/10/2012 14:00:00.000'  AS DateTime), 0 ); UPDATE historico_estados_produccion SET borrado=1 WHERE cod_produccion=7  ; 
Save/Update: SELECT  ISNULL(MAX(nro_estado + 1),1) from historico_estados_produccion WHERE cod_produccion=7
Save/Update: INSERT INTO historico_estados_produccion (nro_estado, comentario, cod_produccion, fechaDesde, fechaHasta, estado, borrado) VALUES (1 , 'com test', 7 ,  CAST('19/11/2012 19:38:08.150'  AS DateTime),  NULL , 1 , 0 ); 
Save/Update: select * from produccion WHERE  produccion.cod_produccion=7  ; select * from historico_estados_produccion WHERE borrado = 0
Save/Update: select * from Pedido WHERE  Pedido.cod_pedido=3  ; select * from produccion WHERE borrado = 0; select * from historico_estados_pedido WHERE borrado = 0
Save/Update: select * from Maquina WHERE  Maquina.cod_maquina=3  ; select * from JoinMaquinaToTipoPrenda
Save/Update: select * from Articulos WHERE  Articulos.cod_articulo=3  ; select * from lista_precios WHERE borrado = 0
Save/Update: select * from EstadoTrabajos WHERE  EstadoTrabajos.cod_estado=1  
Save/Update: select * from historico_estados_produccion WHERE  historico_estados_produccion.cod_produccion=7  
Save/Update: select * from produccion_operador WHERE  produccion_operador.cod_prodcuccion=7  
Save/Update: DELETE produccion_operador WHERE id_operador=2  AND cod_prodcuccion=7  
Save/Update: DELETE historico_estados_produccion WHERE nro_estado=1  AND cod_produccion=7  
Save/Update: DELETE historico_estados_produccion WHERE nro_estado=2  AND cod_produccion=7  
Save/Update: DELETE produccion WHERE cod_produccion=7</StdOut>
      </Output>
    </UnitTestResult>
    <UnitTestResult executionId="fc22db3d-a5ce-424c-b9fa-6f97fccd57e9" testId="2f3865ce-701f-5035-c928-beb5bf354e66" testName="grabarClienteTest" computerName="DIEGO-PC" duration="00:00:00.1144019" startTime="2012-11-19T19:38:08.1696468-03:00" endTime="2012-11-19T19:38:08.2936539-03:00" testType="13cdc9d9-ddb5-4fa4-a97d-d965ccfc6d4b" outcome="Passed" testListId="8c84fa94-04c1-424b-9868-57a2d4851a1d" relativeResultsDirectory="fc22db3d-a5ce-424c-b9fa-6f97fccd57e9">
      <Output>
        <StdOut>Save/Update: SELECT  ISNULL(MAX(usuarioID + 1),1) from Usuario
Save/Update: INSERT INTO Usuario (usuarioID, nombre, apellido, mail, password, telefonoFijo, telefonoMovil, bloqueado) VALUES (6 , 'nombre6', 'apellido6', 'mail6@test.com', '559D55197310', '6666-6666', '6666-6666', 0 ); DELETE JoinUsuarioToFamilia where usuarioID=6  ;  INSERT INTO JoinUsuarioToFamilia ( usuarioID, familiaID) VALUES ( 6 , 5 ); DELETE JoinPatenteToUsuario where usuarioID=6  ;  INSERT INTO JoinPatenteToUsuario ( usuarioID, patenteId) VALUES ( 6 , 3 ); 
Save/Update: SELECT  ISNULL(MAX(id_cliente + 1),1) from Cliente
Save/Update: INSERT INTO Cliente (id_cliente, habitadoTurnos, usuarioID, newsletter) VALUES (3 , 0 , 6 , 1 ); UPDATE Pedido SET borrado=1 WHERE id_cliente=3  ; UPDATE Factura SET borrado=1 WHERE id_cliente=3  ; UPDATE Diseño SET borrado=1 WHERE id_cliente=3  ; 
Save/Update: select * from Cliente WHERE  Cliente.id_cliente=3  ; select * from cliente_movimientos; select * from Pedido WHERE borrado = 0; select * from Factura WHERE borrado = 0; select * from Diseño WHERE borrado = 0
Save/Update: select * from Usuario WHERE  Usuario.usuarioID=6  ; select * from JoinUsuarioToFamilia; select * from JoinPatenteToUsuario
Save/Update: select * from Familia JOIN JoinUsuarioToFamilia AS usuarios ON Familia.familiaID=usuarios.familiaID WHERE usuarios.usuarioID=6  ; select * from JoinFamiliaToPatente
Save/Update: select * from Patente JOIN JoinFamiliaToPatente AS familia ON Patente.patenteId=familia.patenteId WHERE familia.familiaID=5  
Save/Update: select * from Patente JOIN JoinPatenteToUsuario AS usuario ON Patente.patenteId=usuario.patenteId WHERE usuario.usuarioID=6  
Save/Update: select * from Cliente WHERE  Cliente.usuarioID=6  ; select * from cliente_movimientos; select * from Pedido WHERE borrado = 0; select * from Factura WHERE borrado = 0; select * from Diseño WHERE borrado = 0
Save/Update: select * from Diseño WHERE  Diseño.id_cliente=6  ; select * from historico_estados_diseño WHERE borrado = 0
Save/Update: select * from Factura WHERE  Factura.id_cliente=6  ; select * from documento_movimiento; select * from LineaFactura WHERE borrado = 0
Save/Update: select * from Pedido WHERE  Pedido.id_cliente=6  ; select * from produccion WHERE borrado = 0; select * from historico_estados_pedido WHERE borrado = 0
Save/Update: select * from MovimientosCuenta JOIN cliente_movimientos AS cliente ON MovimientosCuenta.nro_movimiento=cliente.nro_movimiento WHERE cliente.id_cliente=6  AND cliente.id_cliente IS NOT  NULL ; select * from cliente_movimientos; select * from documento_movimiento
Save/Update: DELETE cliente_movimientos where id_cliente=3  ; ;DELETE Cliente WHERE id_cliente=3  
Save/Update: DELETE JoinUsuarioToFamilia where usuarioID=6  ; DELETE JoinPatenteToUsuario where usuarioID=6  ; ;DELETE Usuario WHERE usuarioID=6  
Save/Update: UPDATE Usuario SET nombre='nombre1', apellido='apellido1', mail='mail1@test.com', password='11C8', telefonoFijo='1111-1111', telefonoMovil='1111-1111', bloqueado=0  WHERE usuarioID=1  ; DELETE JoinUsuarioToFamilia where usuarioID=1  ; DELETE JoinPatenteToUsuario where usuarioID=1  ; 
Save/Update: UPDATE Cliente SET habitadoTurnos=1 , newsletter=0  WHERE id_cliente=1  ; UPDATE Pedido SET borrado=1 WHERE id_cliente=1  ; UPDATE Factura SET borrado=1 WHERE id_cliente=1  ; UPDATE Diseño SET borrado=1 WHERE id_cliente=1  ; 
Save/Update:  UPDATE factura set borrado = 0 
Save/Update:  UPDATE diseño set borrado = 0 
Save/Update:  UPDATE pedido set borrado = 0 
Save/Update:  Insert into JoinPatenteToUsuario values (1,1)</StdOut>
      </Output>
    </UnitTestResult>
    <UnitTestResult executionId="7a0c24e3-b9b8-4b57-9c51-8aa39de7be2e" testId="2f942134-eb39-049b-9e6e-2f42e91a8a19" testName="borrarMaquinasTest" computerName="DIEGO-PC" duration="00:00:00.0072855" startTime="2012-11-19T19:38:08.3026544-03:00" endTime="2012-11-19T19:38:08.3176552-03:00" testType="13cdc9d9-ddb5-4fa4-a97d-d965ccfc6d4b" outcome="Passed" testListId="8c84fa94-04c1-424b-9868-57a2d4851a1d" relativeResultsDirectory="7a0c24e3-b9b8-4b57-9c51-8aa39de7be2e">
      <Output>
        <StdOut>Save/Update: SELECT  ISNULL(MAX(cod_maquina + 1),1) from Maquina
Save/Update: INSERT INTO Maquina (cod_maquina, altoMargen, anchoMargen, cabezales, nombre, velocidadPromedio, cantidadColores) VALUES (4 , 100 , 200 , 12 , 'nombre nuevo', 1000 , 12 ); DELETE JoinMaquinaToTipoPrenda where cod_maquina=4  ; 
Save/Update: select * from Maquina WHERE  Maquina.cod_maquina=4  ; select * from JoinMaquinaToTipoPrenda
Save/Update: DELETE JoinMaquinaToTipoPrenda where cod_maquina=4  ; ;DELETE Maquina WHERE cod_maquina=4  
Save/Update: select * from Maquina WHERE  Maquina.cod_maquina=4  ; select * from JoinMaquinaToTipoPrenda
Save/Update: DELETE JoinMaquinaToTipoPrenda where cod_maquina=4  ; ;DELETE Maquina WHERE cod_maquina=4</StdOut>
      </Output>
    </UnitTestResult>
    <UnitTestResult executionId="9c517a3d-1afc-4469-8f69-7b4e37e63fa1" testId="2ff4ab24-8ba8-c855-2fbb-5316fd166e9f" testName="listarInsumosPorColorTest" computerName="DIEGO-PC" duration="00:00:00.0076216" startTime="2012-11-19T19:38:08.3196553-03:00" endTime="2012-11-19T19:38:08.3356563-03:00" testType="13cdc9d9-ddb5-4fa4-a97d-d965ccfc6d4b" outcome="Passed" testListId="8c84fa94-04c1-424b-9868-57a2d4851a1d" relativeResultsDirectory="9c517a3d-1afc-4469-8f69-7b4e37e63fa1">
      <Output>
        <StdOut>Save/Update: select * from insumo WHERE  insumo.color=1  
Save/Update: select * from tipoInsumo WHERE  tipoInsumo.tipo_insumo=1  
Save/Update: select * from color WHERE  color.codigo_color=1  
Save/Update: select * from MovimientosStock WHERE  MovimientosStock.cod_insumo=1  
Save/Update: DELETE MovimientosStock WHERE nro_movimiento=1  AND cod_insumo=5  
Save/Update: DELETE MovimientosStock WHERE nro_movimiento=2  AND cod_insumo=5  
Save/Update: DELETE insumo WHERE cod_insumo=5</StdOut>
      </Output>
    </UnitTestResult>
    <UnitTestResult executionId="df5582ea-f2dc-4f14-bb05-a0ab9018787f" testId="3022c4e6-888b-2dda-b879-e60c04b5e600" testName="cargarOrdenConRestriccionesTest" computerName="DIEGO-PC" duration="00:00:00.1032337" startTime="2012-11-19T19:38:08.3376564-03:00" endTime="2012-11-19T19:38:08.4486627-03:00" testType="13cdc9d9-ddb5-4fa4-a97d-d965ccfc6d4b" outcome="Passed" testListId="8c84fa94-04c1-424b-9868-57a2d4851a1d" relativeResultsDirectory="df5582ea-f2dc-4f14-bb05-a0ab9018787f">
      <Output>
        <StdOut>Save/Update: select * from OrdenDeCompra WHERE  OrdenDeCompra.borrado=0  AND  OrdenDeCompra.id_proveedor=1  AND  OrdenDeCompra.fecha= CAST('11/11/2011 00:00:00.000'  AS DateTime) AND  OrdenDeCompra.iva=11 AND  OrdenDeCompra.nro_Doc=3  AND  OrdenDeCompra.nro_orden_compra=1  AND  OrdenDeCompra.nro_sucursal=1  AND  OrdenDeCompra.tipo_orden_compra='A' ; select * from documento_movimiento; select * from LineaOrdenDeCompra WHERE borrado = 0
Save/Update: delete OrdenDeCompra where nro_doc=5
Save/Update: delete documento where nro_doc=5</StdOut>
      </Output>
    </UnitTestResult>
    <UnitTestResult executionId="6e4ee08b-156b-4f00-bd91-2d2e409ec372" testId="302f391e-539b-a40e-3606-007f4a4a5dfd" testName="cargarLineasFacturaTest" computerName="DIEGO-PC" duration="00:00:00.0050949" startTime="2012-11-19T19:38:08.4516629-03:00" endTime="2012-11-19T19:38:08.4646636-03:00" testType="13cdc9d9-ddb5-4fa4-a97d-d965ccfc6d4b" outcome="Passed" testListId="8c84fa94-04c1-424b-9868-57a2d4851a1d" relativeResultsDirectory="6e4ee08b-156b-4f00-bd91-2d2e409ec372">
      <Output>
        <StdOut>Save/Update: select * from LineaFactura</StdOut>
      </Output>
    </UnitTestResult>
    <UnitTestResult executionId="909512fe-aeba-45f5-a48b-ef8390811b97" testId="3222f04f-3bb8-b915-7622-11e1c846763f" testName="listarProduccionConRestriccionesTest" computerName="DIEGO-PC" duration="00:00:00.0117836" startTime="2012-11-19T19:38:08.4696639-03:00" endTime="2012-11-19T19:38:08.4886650-03:00" testType="13cdc9d9-ddb5-4fa4-a97d-d965ccfc6d4b" outcome="Passed" testListId="8c84fa94-04c1-424b-9868-57a2d4851a1d" relativeResultsDirectory="909512fe-aeba-45f5-a48b-ef8390811b97">
      <Output>
        <StdOut>Save/Update: select * from produccion WHERE  produccion.fechaInicio&gt;= CAST('09/10/2012 09:00:00.000'  AS DateTime) AND  produccion.fechaInicio&lt;= CAST('09/10/2012 14:00:00.000'  AS DateTime) AND  produccion.fechaFinal&gt;= CAST('09/10/2012 12:00:00.000'  AS DateTime) AND  produccion.fechaFinal&lt;= CAST('09/10/2012 14:00:00.000'  AS DateTime) ; select * from historico_estados_produccion WHERE borrado = 0
Save/Update: select * from Pedido WHERE  Pedido.cod_pedido=1  ; select * from produccion WHERE borrado = 0; select * from historico_estados_pedido WHERE borrado = 0
Save/Update: select * from Maquina WHERE  Maquina.cod_maquina=1  ; select * from JoinMaquinaToTipoPrenda
Save/Update: select * from Articulos WHERE  Articulos.cod_articulo=1  ; select * from lista_precios WHERE borrado = 0
Save/Update: select * from EstadoTrabajos WHERE  EstadoTrabajos.cod_estado=3  
Save/Update: select * from historico_estados_produccion WHERE  historico_estados_produccion.cod_produccion=1  
Save/Update: select * from produccion_operador WHERE  produccion_operador.cod_prodcuccion=1  
Save/Update: DELETE produccion_operador WHERE id_operador=2  AND cod_prodcuccion=7  
Save/Update: DELETE historico_estados_produccion WHERE nro_estado=1  AND cod_produccion=7  
Save/Update: DELETE historico_estados_produccion WHERE nro_estado=2  AND cod_produccion=7  
Save/Update: DELETE produccion WHERE cod_produccion=7</StdOut>
      </Output>
    </UnitTestResult>
    <UnitTestResult executionId="22b16e1f-50e0-41e7-a707-b7d621b3df00" testId="3323acf7-8dc7-360e-f0a1-c4a2fbb9a91e" testName="listarMensajesTest" computerName="DIEGO-PC" duration="00:00:00.0058454" startTime="2012-11-19T19:38:08.4946654-03:00" endTime="2012-11-19T19:38:08.5076661-03:00" testType="13cdc9d9-ddb5-4fa4-a97d-d965ccfc6d4b" outcome="Passed" testListId="8c84fa94-04c1-424b-9868-57a2d4851a1d" relativeResultsDirectory="22b16e1f-50e0-41e7-a707-b7d621b3df00">
      <Output>
        <StdOut>Save/Update: select * from Mensaje</StdOut>
      </Output>
    </UnitTestResult>
    <UnitTestResult executionId="c1ffe2fb-e8eb-4356-b636-dff2ca82df67" testId="33cb7b57-1952-56c9-afdf-65517595c4dd" testName="guardarFamiliaTest" computerName="DIEGO-PC" duration="00:00:00.0155190" startTime="2012-11-19T19:38:08.5106663-03:00" endTime="2012-11-19T19:38:08.5336676-03:00" testType="13cdc9d9-ddb5-4fa4-a97d-d965ccfc6d4b" outcome="Passed" testListId="8c84fa94-04c1-424b-9868-57a2d4851a1d" relativeResultsDirectory="c1ffe2fb-e8eb-4356-b636-dff2ca82df67">
      <Output>
        <StdOut>Save/Update: INSERT INTO Familia (familiaID, descripcion, nombre) VALUES (7 , 'familia test', 'test'); DELETE JoinFamiliaToPatente where familiaID=7  ;  INSERT INTO JoinFamiliaToPatente ( familiaID, patenteId) VALUES ( 7 , 9 ); 
Save/Update: select * from Familia WHERE  Familia.nombre='test' ; select * from JoinFamiliaToPatente
Save/Update: select * from Patente JOIN JoinFamiliaToPatente AS familia ON Patente.patenteId=familia.patenteId WHERE familia.familiaID=7  
Save/Update: DELETE JoinFamiliaToPatente where familiaID=7  ; ;DELETE Familia WHERE familiaID=7</StdOut>
      </Output>
    </UnitTestResult>
    <UnitTestResult executionId="692fc9b2-f744-4f0d-97db-8531da5437c3" testId="34308cfd-d506-0b0a-6562-a4e0e8e6e9f3" testName="buscarEstadosTest" computerName="DIEGO-PC" duration="00:00:00.0036760" startTime="2012-11-19T19:38:08.5356677-03:00" endTime="2012-11-19T19:38:08.5486684-03:00" testType="13cdc9d9-ddb5-4fa4-a97d-d965ccfc6d4b" outcome="Passed" testListId="8c84fa94-04c1-424b-9868-57a2d4851a1d" relativeResultsDirectory="692fc9b2-f744-4f0d-97db-8531da5437c3">
      <Output>
        <StdOut>Save/Update: select * from EstadoPedido</StdOut>
      </Output>
    </UnitTestResult>
    <UnitTestResult executionId="ce716ae3-f22c-4037-88e5-6a123e544166" testId="353a1d2f-a022-ae0b-e495-9424c7779e0c" testName="listarArticulosTest" computerName="DIEGO-PC" duration="00:00:00.0614200" startTime="2012-11-19T19:38:08.5506686-03:00" endTime="2012-11-19T19:38:08.6216726-03:00" testType="13cdc9d9-ddb5-4fa4-a97d-d965ccfc6d4b" outcome="Passed" testListId="8c84fa94-04c1-424b-9868-57a2d4851a1d" relativeResultsDirectory="ce716ae3-f22c-4037-88e5-6a123e544166">
      <Output>
        <StdOut>Save/Update: select * from Articulos WHERE  Articulos.borrado=0  ; select * from lista_precios WHERE borrado = 0
Save/Update: select * from lista_precios WHERE  lista_precios.cod_articulo=1  
Save/Update: select * from TipoPrenda WHERE  TipoPrenda.tipo_prenda=1  
Save/Update: select * from Diseño WHERE  Diseño.cod_diseño=1  ; select * from historico_estados_diseño WHERE borrado = 0
Save/Update: select * from lista_precios WHERE  lista_precios.cod_articulo=2  
Save/Update: select * from TipoPrenda WHERE  TipoPrenda.tipo_prenda=2  
Save/Update: select * from Diseño WHERE  Diseño.cod_diseño=2  ; select * from historico_estados_diseño WHERE borrado = 0
Save/Update: select * from lista_precios WHERE  lista_precios.cod_articulo=3  
Save/Update: select * from TipoPrenda WHERE  TipoPrenda.tipo_prenda=2  
Save/Update: select * from Diseño WHERE  Diseño.cod_diseño=1  ; select * from historico_estados_diseño WHERE borrado = 0
Save/Update: DELETE lista_precios WHERE nro_lista=1  AND cod_articulo=4  
Save/Update: DELETE lista_precios WHERE nro_lista=2  AND cod_articulo=4  
Save/Update: DELETE Articulos WHERE cod_articulo=4</StdOut>
      </Output>
    </UnitTestResult>
    <UnitTestResult executionId="ba0707d9-bd93-4051-a85b-635cdaa559db" testId="364ee525-fb4e-4236-05f2-99b03bc282b2" testName="borrarUsuarioTest" computerName="DIEGO-PC" duration="00:00:00.0092139" startTime="2012-11-19T19:38:08.6386736-03:00" endTime="2012-11-19T19:38:08.6666752-03:00" testType="13cdc9d9-ddb5-4fa4-a97d-d965ccfc6d4b" outcome="Passed" testListId="8c84fa94-04c1-424b-9868-57a2d4851a1d" relativeResultsDirectory="ba0707d9-bd93-4051-a85b-635cdaa559db">
      <Output>
        <StdOut>Save/Update: INSERT INTO Cliente (id_cliente, habitadoTurnos, usuarioID, newsletter) VALUES (3 , 0 , 3 , 0 ); UPDATE Pedido SET borrado=1 WHERE id_cliente=3  ; UPDATE Factura SET borrado=1 WHERE id_cliente=3  ; UPDATE Diseño SET borrado=1 WHERE id_cliente=3  ; 
Save/Update: select * from Cliente WHERE  Cliente.id_cliente=3  ; select * from cliente_movimientos; select * from Pedido WHERE borrado = 0; select * from Factura WHERE borrado = 0; select * from Diseño WHERE borrado = 0
Save/Update: DELETE cliente_movimientos where id_cliente=3  ; ;DELETE Cliente WHERE id_cliente=3  
Save/Update: select * from Cliente WHERE  Cliente.id_cliente=3  ; select * from cliente_movimientos; select * from Pedido WHERE borrado = 0; select * from Factura WHERE borrado = 0; select * from Diseño WHERE borrado = 0</StdOut>
      </Output>
    </UnitTestResult>
    <UnitTestResult executionId="bcce7003-7fa5-4e66-90bf-60456d207570" testId="36f9d5ec-47e1-6737-13d6-445eaa622ab8" testName="borrarNewsletterTest" computerName="DIEGO-PC" duration="00:00:00.0084522" startTime="2012-11-19T19:38:08.6726755-03:00" endTime="2012-11-19T19:38:08.6906766-03:00" testType="13cdc9d9-ddb5-4fa4-a97d-d965ccfc6d4b" outcome="Passed" testListId="8c84fa94-04c1-424b-9868-57a2d4851a1d" relativeResultsDirectory="bcce7003-7fa5-4e66-90bf-60456d207570">
      <Output>
        <StdOut>Save/Update: SELECT  ISNULL(MAX(id + 1),1) from newsletter
Save/Update: INSERT INTO newsletter (id, newsletter, nombre, enviado) VALUES (3 , 'html', 'news3', 0 ); 
Save/Update: select * from newsletter WHERE  newsletter.id=3  
Save/Update: DELETE newsletter WHERE id=3  
Save/Update: select * from newsletter WHERE  newsletter.id=3</StdOut>
      </Output>
    </UnitTestResult>
    <UnitTestResult executionId="7ce90114-806a-4b3d-b025-4c893efc260e" testId="371ae7d4-9804-8eea-7d23-86fbb28eb5e2" testName="calcularTimepoTrabajoTest3" computerName="DIEGO-PC" duration="00:00:00.0039414" startTime="2012-11-19T19:38:08.6956769-03:00" endTime="2012-11-19T19:38:08.7086776-03:00" testType="13cdc9d9-ddb5-4fa4-a97d-d965ccfc6d4b" outcome="Passed" testListId="8c84fa94-04c1-424b-9868-57a2d4851a1d" relativeResultsDirectory="7ce90114-806a-4b3d-b025-4c893efc260e">
      <Output>
        <StdOut>Save/Update: DELETE produccion_operador WHERE id_operador=2  AND cod_prodcuccion=7  
Save/Update: DELETE historico_estados_produccion WHERE nro_estado=1  AND cod_produccion=7  
Save/Update: DELETE historico_estados_produccion WHERE nro_estado=2  AND cod_produccion=7  
Save/Update: DELETE produccion WHERE cod_produccion=7</StdOut>
      </Output>
    </UnitTestResult>
    <UnitTestResult executionId="e624007b-628d-44bc-8c1f-53853773f617" testId="375be106-944a-05c4-4975-c4a32afdccd6" testName="modificarDiseñoInsumoTest" computerName="DIEGO-PC" duration="00:00:00.0293380" startTime="2012-11-19T19:38:08.7146779-03:00" endTime="2012-11-19T19:38:08.7526801-03:00" testType="13cdc9d9-ddb5-4fa4-a97d-d965ccfc6d4b" outcome="Passed" testListId="8c84fa94-04c1-424b-9868-57a2d4851a1d" relativeResultsDirectory="e624007b-628d-44bc-8c1f-53853773f617">
      <Output>
        <StdOut>Save/Update: INSERT INTO Diseño_insumos (cod_diseño, cod_insumo, cantidad) VALUES (2 , 1 , 5.5); 
Save/Update: select * from Diseño_insumos WHERE  Diseño_insumos.cod_diseño=2  AND  Diseño_insumos.cod_insumo=1  
Save/Update: UPDATE Diseño_insumos SET cantidad=15.5 WHERE cod_diseño=2  AND cod_insumo=1  ; 
Save/Update: select * from Diseño_insumos WHERE  Diseño_insumos.cod_diseño=2  AND  Diseño_insumos.cod_insumo=1  
Save/Update: DELETE Diseño_insumos WHERE cod_diseño=2  AND cod_insumo=1</StdOut>
      </Output>
    </UnitTestResult>
    <UnitTestResult executionId="fd9a3ab4-5897-4f4c-918c-9ae413724425" testId="37b5db64-970d-c293-40fd-5d0b9fe33e03" testName="listarFacturaPorMovimientoTest" computerName="DIEGO-PC" duration="00:00:00.0133425" startTime="2012-11-19T19:38:08.7576804-03:00" endTime="2012-11-19T19:38:08.7786816-03:00" testType="13cdc9d9-ddb5-4fa4-a97d-d965ccfc6d4b" outcome="Passed" testListId="8c84fa94-04c1-424b-9868-57a2d4851a1d" relativeResultsDirectory="fd9a3ab4-5897-4f4c-918c-9ae413724425">
      <Output>
        <StdOut>Save/Update: select * from Factura WHERE  Factura.nro_Doc=1  ; select * from documento_movimiento; select * from LineaFactura WHERE borrado = 0
Save/Update: select * from LineaFactura WHERE  LineaFactura.nro_factura=1  AND  LineaFactura.tipo_factura='A' AND  LineaFactura.nro_sucursal=1  
Save/Update: select * from Articulos WHERE  Articulos.cod_articulo=1  ; select * from lista_precios WHERE borrado = 0
Save/Update: select * from Articulos WHERE  Articulos.cod_articulo=2  ; select * from lista_precios WHERE borrado = 0
Save/Update: select * from Cliente WHERE  Cliente.id_cliente=1  ; select * from cliente_movimientos; select * from Pedido WHERE borrado = 0; select * from Factura WHERE borrado = 0; select * from Diseño WHERE borrado = 0
Save/Update: select * from Usuario WHERE  Usuario.usuarioID=1  ; select * from JoinUsuarioToFamilia; select * from JoinPatenteToUsuario
Save/Update: select * from MovimientosCuenta JOIN documento_movimiento AS documento ON MovimientosCuenta.nro_movimiento=documento.nro_movimiento JOIN cliente_movimientos AS cliente ON MovimientosCuenta.nro_movimiento=cliente.nro_movimiento WHERE documento.nro_Doc=1  AND cliente.id_cliente IS NOT  NULL ; select * from cliente_movimientos; select * from documento_movimiento
Save/Update: DELETE LineaFactura WHERE nro_factura=2  AND nro_sucursal=1  AND tipo_factura='A' AND nro_linea=1  
Save/Update: DELETE LineaFactura WHERE nro_factura=2  AND nro_sucursal=1  AND tipo_factura='A' AND nro_linea=2  
Save/Update: DELETE cliente_movimientos where nro_movimiento=4  ; DELETE documento_movimiento where nro_movimiento=4  ; ;DELETE MovimientosCuenta WHERE nro_movimiento=4  
Save/Update: DELETE FROM Factura WHERE nro_Doc =5
Save/Update: delete documento where nro_doc=5</StdOut>
      </Output>
    </UnitTestResult>
    <UnitTestResult executionId="f9c357db-c019-4402-bd3b-38233053b98c" testId="37eb03dd-b0ba-1d1a-150c-82804e7b16da" testName="listarProduccionPorEstadoTest" computerName="DIEGO-PC" duration="00:00:00.0143112" startTime="2012-11-19T19:38:08.7906823-03:00" endTime="2012-11-19T19:38:08.8116835-03:00" testType="13cdc9d9-ddb5-4fa4-a97d-d965ccfc6d4b" outcome="Passed" testListId="8c84fa94-04c1-424b-9868-57a2d4851a1d" relativeResultsDirectory="f9c357db-c019-4402-bd3b-38233053b98c">
      <Output>
        <StdOut>Save/Update: select * from produccion WHERE  produccion.estadoActual=3  ; select * from historico_estados_produccion WHERE borrado = 0
Save/Update: select * from Pedido WHERE  Pedido.cod_pedido=1  ; select * from produccion WHERE borrado = 0; select * from historico_estados_pedido WHERE borrado = 0
Save/Update: select * from Maquina WHERE  Maquina.cod_maquina=1  ; select * from JoinMaquinaToTipoPrenda
Save/Update: select * from Articulos WHERE  Articulos.cod_articulo=1  ; select * from lista_precios WHERE borrado = 0
Save/Update: select * from EstadoTrabajos WHERE  EstadoTrabajos.cod_estado=3  
Save/Update: select * from historico_estados_produccion WHERE  historico_estados_produccion.cod_produccion=1  
Save/Update: select * from produccion_operador WHERE  produccion_operador.cod_prodcuccion=1  
Save/Update: DELETE produccion_operador WHERE id_operador=2  AND cod_prodcuccion=7  
Save/Update: DELETE historico_estados_produccion WHERE nro_estado=1  AND cod_produccion=7  
Save/Update: DELETE historico_estados_produccion WHERE nro_estado=2  AND cod_produccion=7  
Save/Update: DELETE produccion WHERE cod_produccion=7</StdOut>
      </Output>
    </UnitTestResult>
    <UnitTestResult executionId="9dde2223-d964-4020-a441-d559c0bc4812" testId="3814ca38-0b83-b334-0d16-36809809c612" testName="grabarDiseñoInsumoTest" computerName="DIEGO-PC" duration="00:00:00.0048028" startTime="2012-11-19T19:38:08.8166838-03:00" endTime="2012-11-19T19:38:08.8276844-03:00" testType="13cdc9d9-ddb5-4fa4-a97d-d965ccfc6d4b" outcome="Passed" testListId="8c84fa94-04c1-424b-9868-57a2d4851a1d" relativeResultsDirectory="9dde2223-d964-4020-a441-d559c0bc4812">
      <Output>
        <StdOut>Save/Update: INSERT INTO Diseño_insumos (cod_diseño, cod_insumo, cantidad) VALUES (2 , 1 , 5.5); 
Save/Update: select * from Diseño_insumos WHERE  Diseño_insumos.cod_diseño=2  AND  Diseño_insumos.cod_insumo=1  
Save/Update: DELETE Diseño_insumos WHERE cod_diseño=2  AND cod_insumo=1</StdOut>
      </Output>
    </UnitTestResult>
    <UnitTestResult executionId="64eeb8ea-07d6-4957-8056-9b51cacabe9e" testId="390965ee-b707-eb4d-f805-7a307d4ab7fa" testName="buscarEstadosPorIdTest" computerName="DIEGO-PC" duration="00:00:00.0019342" startTime="2012-11-19T19:38:08.8326847-03:00" endTime="2012-11-19T19:38:08.8406851-03:00" testType="13cdc9d9-ddb5-4fa4-a97d-d965ccfc6d4b" outcome="Passed" testListId="8c84fa94-04c1-424b-9868-57a2d4851a1d" relativeResultsDirectory="64eeb8ea-07d6-4957-8056-9b51cacabe9e">
      <Output>
        <StdOut>Save/Update: select * from EstadoPedido WHERE  EstadoPedido.estado_pedido=1</StdOut>
      </Output>
    </UnitTestResult>
    <UnitTestResult executionId="a5dde344-4887-419a-983b-707c3f7e9bc1" testId="399698d6-d910-1ab1-d972-fb6aa80639ce" testName="listarProduccionPorMaquinaTest" computerName="DIEGO-PC" duration="00:00:00.0241248" startTime="2012-11-19T19:38:08.8466855-03:00" endTime="2012-11-19T19:38:08.8786873-03:00" testType="13cdc9d9-ddb5-4fa4-a97d-d965ccfc6d4b" outcome="Passed" testListId="8c84fa94-04c1-424b-9868-57a2d4851a1d" relativeResultsDirectory="a5dde344-4887-419a-983b-707c3f7e9bc1">
      <Output>
        <StdOut>Save/Update: select * from produccion WHERE  produccion.cod_maquina=1  ; select * from historico_estados_produccion WHERE borrado = 0
Save/Update: select * from Pedido WHERE  Pedido.cod_pedido=1  ; select * from produccion WHERE borrado = 0; select * from historico_estados_pedido WHERE borrado = 0
Save/Update: select * from Maquina WHERE  Maquina.cod_maquina=1  ; select * from JoinMaquinaToTipoPrenda
Save/Update: select * from Articulos WHERE  Articulos.cod_articulo=1  ; select * from lista_precios WHERE borrado = 0
Save/Update: select * from EstadoTrabajos WHERE  EstadoTrabajos.cod_estado=3  
Save/Update: select * from historico_estados_produccion WHERE  historico_estados_produccion.cod_produccion=1  
Save/Update: select * from produccion_operador WHERE  produccion_operador.cod_prodcuccion=1  
Save/Update: select * from Pedido WHERE  Pedido.cod_pedido=1  ; select * from produccion WHERE borrado = 0; select * from historico_estados_pedido WHERE borrado = 0
Save/Update: select * from Maquina WHERE  Maquina.cod_maquina=1  ; select * from JoinMaquinaToTipoPrenda
Save/Update: select * from Articulos WHERE  Articulos.cod_articulo=2  ; select * from lista_precios WHERE borrado = 0
Save/Update: select * from EstadoTrabajos WHERE  EstadoTrabajos.cod_estado=2  
Save/Update: select * from historico_estados_produccion WHERE  historico_estados_produccion.cod_produccion=2  
Save/Update: select * from produccion_operador WHERE  produccion_operador.cod_prodcuccion=2  
Save/Update: select * from Pedido WHERE  Pedido.cod_pedido=2  ; select * from produccion WHERE borrado = 0; select * from historico_estados_pedido WHERE borrado = 0
Save/Update: select * from Maquina WHERE  Maquina.cod_maquina=1  ; select * from JoinMaquinaToTipoPrenda
Save/Update: select * from Articulos WHERE  Articulos.cod_articulo=6  ; select * from lista_precios WHERE borrado = 0
Save/Update: select * from EstadoTrabajos WHERE  EstadoTrabajos.cod_estado=0  
Save/Update: select * from historico_estados_produccion WHERE  historico_estados_produccion.cod_produccion=5  
Save/Update: select * from produccion_operador WHERE  produccion_operador.cod_prodcuccion=5  
Save/Update: DELETE produccion_operador WHERE id_operador=2  AND cod_prodcuccion=7  
Save/Update: DELETE historico_estados_produccion WHERE nro_estado=1  AND cod_produccion=7  
Save/Update: DELETE historico_estados_produccion WHERE nro_estado=2  AND cod_produccion=7  
Save/Update: DELETE produccion WHERE cod_produccion=7</StdOut>
      </Output>
    </UnitTestResult>
    <UnitTestResult executionId="f95439a3-7430-4e16-bdc0-15c656b41bad" testId="39eb9513-2b02-9bb1-bfd3-cd5a5b8ce938" testName="listarOrdenDeComprasPorIdTest" computerName="DIEGO-PC" duration="00:00:00.0103996" startTime="2012-11-19T19:38:08.8816875-03:00" endTime="2012-11-19T19:38:08.9046888-03:00" testType="13cdc9d9-ddb5-4fa4-a97d-d965ccfc6d4b" outcome="Passed" testListId="8c84fa94-04c1-424b-9868-57a2d4851a1d" relativeResultsDirectory="f95439a3-7430-4e16-bdc0-15c656b41bad">
      <Output>
        <StdOut>Save/Update: select * from OrdenDeCompra WHERE  OrdenDeCompra.nro_orden_compra=1  AND  OrdenDeCompra.nro_sucursal=1  AND  OrdenDeCompra.tipo_orden_compra='A' ; select * from documento_movimiento; select * from LineaOrdenDeCompra WHERE borrado = 0
Save/Update: select * from LineaOrdenDeCompra WHERE  LineaOrdenDeCompra.nro_orden_compra=1  AND  LineaOrdenDeCompra.tipo_orden_compra='A' AND  LineaOrdenDeCompra.nro_sucursal=1  
Save/Update: select * from insumo WHERE  insumo.cod_insumo=1  
Save/Update: select * from insumo WHERE  insumo.cod_insumo=2  
Save/Update: select * from Proveedor WHERE  Proveedor.id_proveedor=1  
Save/Update: select * from MovimientosCuenta JOIN documento_movimiento AS documento ON MovimientosCuenta.nro_movimiento=documento.nro_movimiento JOIN proveedor_movimientos AS proveedor ON MovimientosCuenta.nro_movimiento=proveedor.nro_movimiento WHERE documento.nro_Doc=3  AND proveedor.id_proveedor IS NOT  NULL ; select * from proveedor_movimientos; select * from documento_movimiento
Save/Update: DELETE LineaOrdenDeCompra WHERE nro_orden_compra=2  AND nro_sucursal=1  AND tipo_orden_compra='A' AND nro_linea=1  
Save/Update: DELETE LineaOrdenDeCompra WHERE nro_orden_compra=2  AND nro_sucursal=1  AND tipo_orden_compra='A' AND nro_linea=2  
Save/Update: DELETE proveedor_movimientos where nro_movimiento=4  ; DELETE documento_movimiento where nro_movimiento=4  ; ;DELETE MovimientosCuenta WHERE nro_movimiento=4  
Save/Update: DELETE FROM OrdenDeCompra WHERE nro_Doc =5
Save/Update: delete documento where nro_doc=5</StdOut>
      </Output>
    </UnitTestResult>
    <UnitTestResult executionId="f230498b-6068-47df-a995-40dddc747131" testId="3a69785d-69f1-1ae3-6647-f1fbd5f0c79c" testName="calcularPosiblesFechasTest2" computerName="DIEGO-PC" duration="00:00:00.1833834" startTime="2012-11-19T19:38:08.9066889-03:00" endTime="2012-11-19T19:38:09.0986999-03:00" testType="13cdc9d9-ddb5-4fa4-a97d-d965ccfc6d4b" outcome="Passed" testListId="8c84fa94-04c1-424b-9868-57a2d4851a1d" relativeResultsDirectory="f230498b-6068-47df-a995-40dddc747131">
      <Output>
        <StdOut>Save/Update: select * from Articulos WHERE  Articulos.cod_articulo=1  ; select * from lista_precios WHERE borrado = 0
Save/Update: select * from lista_precios WHERE  lista_precios.cod_articulo=1  
Save/Update: select * from TipoPrenda WHERE  TipoPrenda.tipo_prenda=1  
Save/Update: select * from Diseño WHERE  Diseño.cod_diseño=1  ; select * from historico_estados_diseño WHERE borrado = 0
Save/Update: select * from Maquina JOIN JoinMaquinaToTipoPrenda AS tiposPrenda ON Maquina.cod_maquina=tiposPrenda.cod_maquina WHERE  Maquina.altoMargen&gt;=11  AND  Maquina.anchoMargen&gt;=11  AND  Maquina.cabezales&gt;=1  AND  Maquina.cantidadColores&gt;=0  AND tiposPrenda.tipo_prenda=1  ; select * from JoinMaquinaToTipoPrenda
Save/Update: select * from TipoPrenda WHERE  TipoPrenda.tipo_prenda=1  
Save/Update: select * from TipoPrenda WHERE  TipoPrenda.tipo_prenda=2  
Save/Update: select * from TipoPrenda WHERE  TipoPrenda.tipo_prenda=3  
Save/Update: select * from TipoPrenda WHERE  TipoPrenda.tipo_prenda=1  
Save/Update: select * from TipoPrenda WHERE  TipoPrenda.tipo_prenda=2  
Save/Update: select * from TipoPrenda WHERE  TipoPrenda.tipo_prenda=3  
Save/Update: select * from TipoPrenda WHERE  TipoPrenda.tipo_prenda=1  
Save/Update: select * from TipoPrenda WHERE  TipoPrenda.tipo_prenda=2  
Save/Update: select * from TipoPrenda WHERE  TipoPrenda.tipo_prenda=3  
Save/Update: select * from produccion WHERE  produccion.cod_maquina=1  AND  produccion.fechaFinal&gt;= CAST('09/10/2012 11:00:00.000'  AS DateTime) ; select * from historico_estados_produccion WHERE borrado = 0
Save/Update: select * from Pedido WHERE  Pedido.cod_pedido=1  ; select * from produccion WHERE borrado = 0; select * from historico_estados_pedido WHERE borrado = 0
Save/Update: select * from Maquina WHERE  Maquina.cod_maquina=1  ; select * from JoinMaquinaToTipoPrenda
Save/Update: select * from Articulos WHERE  Articulos.cod_articulo=1  ; select * from lista_precios WHERE borrado = 0
Save/Update: select * from EstadoTrabajos WHERE  EstadoTrabajos.cod_estado=3  
Save/Update: select * from historico_estados_produccion WHERE  historico_estados_produccion.cod_produccion=1  
Save/Update: select * from produccion_operador WHERE  produccion_operador.cod_prodcuccion=1  
Save/Update: select * from Pedido WHERE  Pedido.cod_pedido=1  ; select * from produccion WHERE borrado = 0; select * from historico_estados_pedido WHERE borrado = 0
Save/Update: select * from Maquina WHERE  Maquina.cod_maquina=1  ; select * from JoinMaquinaToTipoPrenda
Save/Update: select * from Articulos WHERE  Articulos.cod_articulo=2  ; select * from lista_precios WHERE borrado = 0
Save/Update: select * from EstadoTrabajos WHERE  EstadoTrabajos.cod_estado=2  
Save/Update: select * from historico_estados_produccion WHERE  historico_estados_produccion.cod_produccion=2  
Save/Update: select * from produccion_operador WHERE  produccion_operador.cod_prodcuccion=2  
Save/Update: select * from Pedido WHERE  Pedido.cod_pedido=2  ; select * from produccion WHERE borrado = 0; select * from historico_estados_pedido WHERE borrado = 0
Save/Update: select * from Maquina WHERE  Maquina.cod_maquina=1  ; select * from JoinMaquinaToTipoPrenda
Save/Update: select * from Articulos WHERE  Articulos.cod_articulo=6  ; select * from lista_precios WHERE borrado = 0
Save/Update: select * from EstadoTrabajos WHERE  EstadoTrabajos.cod_estado=0  
Save/Update: select * from historico_estados_produccion WHERE  historico_estados_produccion.cod_produccion=5  
Save/Update: select * from produccion_operador WHERE  produccion_operador.cod_prodcuccion=5  
Save/Update: select * from produccion WHERE  produccion.cod_maquina=1  AND  produccion.fechaInicio&gt;= CAST('09/10/2012 14:00:00.000'  AS DateTime) ; select * from historico_estados_produccion WHERE borrado = 0
Save/Update: select * from Pedido WHERE  Pedido.cod_pedido=1  ; select * from produccion WHERE borrado = 0; select * from historico_estados_pedido WHERE borrado = 0
Save/Update: select * from Maquina WHERE  Maquina.cod_maquina=1  ; select * from JoinMaquinaToTipoPrenda
Save/Update: select * from Articulos WHERE  Articulos.cod_articulo=2  ; select * from lista_precios WHERE borrado = 0
Save/Update: select * from EstadoTrabajos WHERE  EstadoTrabajos.cod_estado=2  
Save/Update: select * from historico_estados_produccion WHERE  historico_estados_produccion.cod_produccion=2  
Save/Update: select * from produccion_operador WHERE  produccion_operador.cod_prodcuccion=2  
Save/Update: select * from Pedido WHERE  Pedido.cod_pedido=2  ; select * from produccion WHERE borrado = 0; select * from historico_estados_pedido WHERE borrado = 0
Save/Update: select * from Maquina WHERE  Maquina.cod_maquina=1  ; select * from JoinMaquinaToTipoPrenda
Save/Update: select * from Articulos WHERE  Articulos.cod_articulo=6  ; select * from lista_precios WHERE borrado = 0
Save/Update: select * from EstadoTrabajos WHERE  EstadoTrabajos.cod_estado=0  
Save/Update: select * from historico_estados_produccion WHERE  historico_estados_produccion.cod_produccion=5  
Save/Update: select * from produccion_operador WHERE  produccion_operador.cod_prodcuccion=5  
Save/Update: select * from produccion WHERE  produccion.cod_maquina=1  AND  produccion.fechaInicio&gt;= CAST('10/10/2012 12:00:00.000'  AS DateTime) ; select * from historico_estados_produccion WHERE borrado = 0
Save/Update: select * from Pedido WHERE  Pedido.cod_pedido=2  ; select * from produccion WHERE borrado = 0; select * from historico_estados_pedido WHERE borrado = 0
Save/Update: select * from Maquina WHERE  Maquina.cod_maquina=1  ; select * from JoinMaquinaToTipoPrenda
Save/Update: select * from Articulos WHERE  Articulos.cod_articulo=6  ; select * from lista_precios WHERE borrado = 0
Save/Update: select * from EstadoTrabajos WHERE  EstadoTrabajos.cod_estado=0  
Save/Update: select * from historico_estados_produccion WHERE  historico_estados_produccion.cod_produccion=5  
Save/Update: select * from produccion_operador WHERE  produccion_operador.cod_prodcuccion=5  
Save/Update: select * from produccion WHERE  produccion.cod_maquina=1  AND  produccion.fechaInicio&gt;= CAST('10/10/2012 16:00:00.000'  AS DateTime) ; select * from historico_estados_produccion WHERE borrado = 0
Save/Update: select * from produccion WHERE  produccion.cod_maquina=2  AND  produccion.fechaFinal&gt;= CAST('09/10/2012 11:00:00.000'  AS DateTime) ; select * from historico_estados_produccion WHERE borrado = 0
Save/Update: select * from Pedido WHERE  Pedido.cod_pedido=1  ; select * from produccion WHERE borrado = 0; select * from historico_estados_pedido WHERE borrado = 0
Save/Update: select * from Maquina WHERE  Maquina.cod_maquina=2  ; select * from JoinMaquinaToTipoPrenda
Save/Update: select * from Articulos WHERE  Articulos.cod_articulo=3  ; select * from lista_precios WHERE borrado = 0
Save/Update: select * from EstadoTrabajos WHERE  EstadoTrabajos.cod_estado=0  
Save/Update: select * from historico_estados_produccion WHERE  historico_estados_produccion.cod_produccion=3  
Save/Update: select * from produccion_operador WHERE  produccion_operador.cod_prodcuccion=3  
Save/Update: select * from produccion WHERE  produccion.cod_maquina=2  AND  produccion.fechaInicio&gt;= CAST('12/10/2012 18:00:00.000'  AS DateTime) ; select * from historico_estados_produccion WHERE borrado = 0
Save/Update: select * from produccion WHERE  produccion.cod_maquina=3  AND  produccion.fechaFinal&gt;= CAST('09/10/2012 11:00:00.000'  AS DateTime) ; select * from historico_estados_produccion WHERE borrado = 0
Save/Update: select * from Pedido WHERE  Pedido.cod_pedido=2  ; select * from produccion WHERE borrado = 0; select * from historico_estados_pedido WHERE borrado = 0
Save/Update: select * from Maquina WHERE  Maquina.cod_maquina=3  ; select * from JoinMaquinaToTipoPrenda
Save/Update: select * from Articulos WHERE  Articulos.cod_articulo=5  ; select * from lista_precios WHERE borrado = 0
Save/Update: select * from EstadoTrabajos WHERE  EstadoTrabajos.cod_estado=0  
Save/Update: select * from historico_estados_produccion WHERE  historico_estados_produccion.cod_produccion=4  
Save/Update: select * from produccion_operador WHERE  produccion_operador.cod_prodcuccion=4  
Save/Update: select * from Pedido WHERE  Pedido.cod_pedido=3  ; select * from produccion WHERE borrado = 0; select * from historico_estados_pedido WHERE borrado = 0
Save/Update: select * from Maquina WHERE  Maquina.cod_maquina=3  ; select * from JoinMaquinaToTipoPrenda
Save/Update: select * from Articulos WHERE  Articulos.cod_articulo=4  ; select * from lista_precios WHERE borrado = 0
Save/Update: select * from EstadoTrabajos WHERE  EstadoTrabajos.cod_estado=0  
Save/Update: select * from historico_estados_produccion WHERE  historico_estados_produccion.cod_produccion=6  
Save/Update: select * from produccion_operador WHERE  produccion_operador.cod_prodcuccion=6  
Save/Update: select * from produccion WHERE  produccion.cod_maquina=3  AND  produccion.fechaInicio&gt;= CAST('12/10/2012 13:00:00.000'  AS DateTime) ; select * from historico_estados_produccion WHERE borrado = 0
Save/Update: select * from Pedido WHERE  Pedido.cod_pedido=3  ; select * from produccion WHERE borrado = 0; select * from historico_estados_pedido WHERE borrado = 0
Save/Update: select * from Maquina WHERE  Maquina.cod_maquina=3  ; select * from JoinMaquinaToTipoPrenda
Save/Update: select * from Articulos WHERE  Articulos.cod_articulo=4  ; select * from lista_precios WHERE borrado = 0
Save/Update: select * from EstadoTrabajos WHERE  EstadoTrabajos.cod_estado=0  
Save/Update: select * from historico_estados_produccion WHERE  historico_estados_produccion.cod_produccion=6  
Save/Update: select * from produccion_operador WHERE  produccion_operador.cod_prodcuccion=6  
Save/Update: select * from produccion WHERE  produccion.cod_maquina=3  AND  produccion.fechaInicio&gt;= CAST('15/10/2012 18:00:00.000'  AS DateTime) ; select * from historico_estados_produccion WHERE borrado = 0
Save/Update: DELETE produccion_operador WHERE id_operador=2  AND cod_prodcuccion=7  
Save/Update: DELETE historico_estados_produccion WHERE nro_estado=1  AND cod_produccion=7  
Save/Update: DELETE historico_estados_produccion WHERE nro_estado=2  AND cod_produccion=7  
Save/Update: DELETE produccion WHERE cod_produccion=7</StdOut>
      </Output>
    </UnitTestResult>
    <UnitTestResult executionId="b89500ae-37c0-4ffe-a653-a42485cbbcc1" testId="3b15fca6-ba42-6ea6-b114-894cdb11cb16" testName="cargarListaPrecioConRestriccionesTest" computerName="DIEGO-PC" duration="00:00:00.0057086" startTime="2012-11-19T19:38:09.1027001-03:00" endTime="2012-11-19T19:38:09.1167009-03:00" testType="13cdc9d9-ddb5-4fa4-a97d-d965ccfc6d4b" outcome="Passed" testListId="8c84fa94-04c1-424b-9868-57a2d4851a1d" relativeResultsDirectory="b89500ae-37c0-4ffe-a653-a42485cbbcc1">
      <Output>
        <StdOut>Save/Update: select * from lista_precios WHERE  lista_precios.borrado=0  AND  lista_precios.cod_articulo=1  
Save/Update: DELETE lista_precios WHERE nro_lista=3  AND cod_articulo=1</StdOut>
      </Output>
    </UnitTestResult>
    <UnitTestResult executionId="55d3ca80-ec54-4866-9770-c652465552a4" testId="3bb3d861-97d5-17ed-e4db-8593f01e3068" testName="listarInsumosPorTipoTest" computerName="DIEGO-PC" duration="00:00:00.0119679" startTime="2012-11-19T19:38:09.1197011-03:00" endTime="2012-11-19T19:38:09.1397023-03:00" testType="13cdc9d9-ddb5-4fa4-a97d-d965ccfc6d4b" outcome="Passed" testListId="8c84fa94-04c1-424b-9868-57a2d4851a1d" relativeResultsDirectory="55d3ca80-ec54-4866-9770-c652465552a4">
      <Output>
        <StdOut>Save/Update: select * from insumo WHERE  insumo.id_tipo_insumo=1  
Save/Update: select * from tipoInsumo WHERE  tipoInsumo.tipo_insumo=1  
Save/Update: select * from color WHERE  color.codigo_color=1  
Save/Update: select * from MovimientosStock WHERE  MovimientosStock.cod_insumo=1  
Save/Update: select * from tipoInsumo WHERE  tipoInsumo.tipo_insumo=1  
Save/Update: select * from color WHERE  color.codigo_color=2  
Save/Update: select * from MovimientosStock WHERE  MovimientosStock.cod_insumo=2  
Save/Update: select * from tipoInsumo WHERE  tipoInsumo.tipo_insumo=1  
Save/Update: select * from color WHERE  color.codigo_color=3  
Save/Update: select * from MovimientosStock WHERE  MovimientosStock.cod_insumo=3  
Save/Update: select * from tipoInsumo WHERE  tipoInsumo.tipo_insumo=1  
Save/Update: select * from color WHERE  color.codigo_color=4  
Save/Update: select * from MovimientosStock WHERE  MovimientosStock.cod_insumo=4  
Save/Update: DELETE MovimientosStock WHERE nro_movimiento=1  AND cod_insumo=5  
Save/Update: DELETE MovimientosStock WHERE nro_movimiento=2  AND cod_insumo=5  
Save/Update: DELETE insumo WHERE cod_insumo=5</StdOut>
      </Output>
    </UnitTestResult>
    <UnitTestResult executionId="af1867cc-9219-42ab-915d-1b80b6c51f65" testId="3c12ed63-05b7-6919-12b1-8653c094ff5f" testName="buscarPrendasPorDescripcionTest" computerName="DIEGO-PC" duration="00:00:00.1180454" startTime="2012-11-19T19:38:09.1447025-03:00" endTime="2012-11-19T19:38:09.2717098-03:00" testType="13cdc9d9-ddb5-4fa4-a97d-d965ccfc6d4b" outcome="Passed" testListId="8c84fa94-04c1-424b-9868-57a2d4851a1d" relativeResultsDirectory="af1867cc-9219-42ab-915d-1b80b6c51f65">
      <Output>
        <StdOut>Save/Update: select * from TipoPrenda WHERE  TipoPrenda.descripcion='Bolsillo'</StdOut>
      </Output>
    </UnitTestResult>
    <UnitTestResult executionId="b651da31-b229-4169-9e69-656d5a07a52a" testId="3cd1a5b2-2061-12b0-4cbc-6da8d643a9e8" testName="actualizarMovimientoTest" computerName="DIEGO-PC" duration="00:00:00.0287873" startTime="2012-11-19T19:38:09.2807103-03:00" endTime="2012-11-19T19:38:09.3197125-03:00" testType="13cdc9d9-ddb5-4fa4-a97d-d965ccfc6d4b" outcome="Passed" testListId="8c84fa94-04c1-424b-9868-57a2d4851a1d" relativeResultsDirectory="b651da31-b229-4169-9e69-656d5a07a52a">
      <Output>
        <StdOut>Save/Update: SELECT  ISNULL(MAX(nro_movimiento + 1),1) from MovimientosCuenta
Save/Update: INSERT INTO MovimientosCuenta (nro_movimiento, comentario, fecha, monto, cuentaID, tipoMovimientoID) VALUES (4 , 'com4',  CAST('19/11/2012 19:38:09.291'  AS DateTime), 33.3, 1 , 2 ); DELETE proveedor_movimientos where nro_movimiento=4  ;  INSERT INTO proveedor_movimientos ( nro_movimiento, id_proveedor) VALUES ( 4 , 3 ); DELETE documento_movimiento where nro_movimiento=4  ; 
Save/Update: select * from MovimientosCuenta JOIN proveedor_movimientos AS proveedor ON MovimientosCuenta.nro_movimiento=proveedor.nro_movimiento WHERE  MovimientosCuenta.nro_movimiento=4  AND proveedor.id_proveedor IS NOT  NULL ; select * from proveedor_movimientos; select * from documento_movimiento
Save/Update: select * from Proveedor WHERE  Proveedor.id_proveedor=3  
Save/Update: select * from OrdenDeCompra WHERE  OrdenDeCompra.id_proveedor=3  ; select * from documento_movimiento; select * from LineaOrdenDeCompra WHERE borrado = 0
Save/Update: select * from tipoMovimiento WHERE  tipoMovimiento.tipoMovimientoID=2  
Save/Update: select * from Cuenta WHERE  Cuenta.cuentaID=1  
Save/Update: UPDATE MovimientosCuenta SET comentario='com4', fecha= CAST('19/11/2012 19:38:09.290'  AS DateTime), monto=33.3, cuentaID=1 , tipoMovimientoID=2  WHERE nro_movimiento=4  ; DELETE proveedor_movimientos where nro_movimiento=4  ;  INSERT INTO proveedor_movimientos ( nro_movimiento, id_proveedor) VALUES ( 4 , 1 ); DELETE documento_movimiento where nro_movimiento=4  ; 
Save/Update: select * from MovimientosCuenta JOIN proveedor_movimientos AS proveedor ON MovimientosCuenta.nro_movimiento=proveedor.nro_movimiento WHERE  MovimientosCuenta.nro_movimiento=4  AND proveedor.id_proveedor IS NOT  NULL ; select * from proveedor_movimientos; select * from documento_movimiento
Save/Update: select * from Proveedor WHERE  Proveedor.id_proveedor=1  
Save/Update: select * from OrdenDeCompra WHERE  OrdenDeCompra.id_proveedor=1  ; select * from documento_movimiento; select * from LineaOrdenDeCompra WHERE borrado = 0
Save/Update: select * from tipoMovimiento WHERE  tipoMovimiento.tipoMovimientoID=2  
Save/Update: select * from Cuenta WHERE  Cuenta.cuentaID=1  
Save/Update: DELETE proveedor_movimientos where nro_movimiento=4  ; DELETE documento_movimiento where nro_movimiento=4  ; ;DELETE MovimientosCuenta WHERE nro_movimiento=4</StdOut>
      </Output>
    </UnitTestResult>
    <UnitTestResult executionId="90ceb297-6f78-4e1f-847a-e0ddecc99574" testId="3d34ce3d-2c19-4b40-f3e1-1e5a5ee88a27" testName="modificarLineaTest" computerName="DIEGO-PC" duration="00:00:00.0326142" startTime="2012-11-19T19:38:09.3247128-03:00" endTime="2012-11-19T19:38:09.3647151-03:00" testType="13cdc9d9-ddb5-4fa4-a97d-d965ccfc6d4b" outcome="Passed" testListId="8c84fa94-04c1-424b-9868-57a2d4851a1d" relativeResultsDirectory="90ceb297-6f78-4e1f-847a-e0ddecc99574">
      <Output>
        <StdOut>Save/Update: SELECT  ISNULL(MAX(nro_linea + 1),1) from LineaFactura WHERE nro_factura=1 AND nro_sucursal=1 AND tipo_factura='A'
Save/Update: INSERT INTO LineaFactura (nro_factura, nro_sucursal, tipo_factura, nro_linea, cod_producto, cantidad, precio, borrado) VALUES (1 , 1 , 'A', 3 , 3 , 33 , 33.3, 0 ); 
Save/Update: select * from LineaFactura WHERE  LineaFactura.nro_factura=1  AND  LineaFactura.nro_linea=3  AND  LineaFactura.nro_sucursal=1  AND  LineaFactura.tipo_factura='A' 
Save/Update: UPDATE LineaFactura SET cod_producto=3 , cantidad=33 , precio=10, borrado=0  WHERE nro_factura=1  AND nro_sucursal=1  AND tipo_factura='A' AND nro_linea=3  ; 
Save/Update: select * from LineaFactura WHERE  LineaFactura.nro_factura=1  AND  LineaFactura.nro_linea=3  AND  LineaFactura.nro_sucursal=1  AND  LineaFactura.tipo_factura='A' 
Save/Update: DELETE LineaFactura WHERE nro_factura=1  AND nro_sucursal=1  AND tipo_factura='A' AND nro_linea=3</StdOut>
      </Output>
    </UnitTestResult>
    <UnitTestResult executionId="0e1eeb13-f9c5-4502-b4fc-37214aa8a7ca" testId="3d5d4690-413e-480e-9909-702cf88399dd" testName="listarMovimientosTest" computerName="DIEGO-PC" duration="00:00:00.0101378" startTime="2012-11-19T19:38:09.3697154-03:00" endTime="2012-11-19T19:38:09.3877164-03:00" testType="13cdc9d9-ddb5-4fa4-a97d-d965ccfc6d4b" outcome="Passed" testListId="8c84fa94-04c1-424b-9868-57a2d4851a1d" relativeResultsDirectory="0e1eeb13-f9c5-4502-b4fc-37214aa8a7ca">
      <Output>
        <StdOut>Save/Update: select * from MovimientosCuenta JOIN proveedor_movimientos AS proveedor ON MovimientosCuenta.nro_movimiento=proveedor.nro_movimiento WHERE proveedor.id_proveedor IS NOT  NULL ; select * from proveedor_movimientos; select * from documento_movimiento
Save/Update: select * from Proveedor WHERE  Proveedor.id_proveedor=1  
Save/Update: select * from OrdenDeCompra WHERE  OrdenDeCompra.id_proveedor=1  ; select * from documento_movimiento; select * from LineaOrdenDeCompra WHERE borrado = 0
Save/Update: select * from OrdenDeCompra WHERE  OrdenDeCompra.nro_Doc=3  ; select * from documento_movimiento; select * from LineaOrdenDeCompra WHERE borrado = 0
Save/Update: select * from tipoMovimiento WHERE  tipoMovimiento.tipoMovimientoID=1  
Save/Update: select * from Cuenta WHERE  Cuenta.cuentaID=1  
Save/Update: DELETE proveedor_movimientos where nro_movimiento=4  ; DELETE documento_movimiento where nro_movimiento=4  ; ;DELETE MovimientosCuenta WHERE nro_movimiento=4</StdOut>
      </Output>
    </UnitTestResult>
    <UnitTestResult executionId="f5507cd8-5f86-4e56-8177-d6489ec184cb" testId="3f09e394-0823-389c-6e0c-74955eff820a" testName="listarFacturasTest" computerName="DIEGO-PC" duration="00:00:00.0246017" startTime="2012-11-19T19:38:09.3937168-03:00" endTime="2012-11-19T19:38:09.4247186-03:00" testType="13cdc9d9-ddb5-4fa4-a97d-d965ccfc6d4b" outcome="Passed" testListId="8c84fa94-04c1-424b-9868-57a2d4851a1d" relativeResultsDirectory="f5507cd8-5f86-4e56-8177-d6489ec184cb">
      <Output>
        <StdOut>Save/Update: select * from Factura; select * from documento_movimiento; select * from LineaFactura WHERE borrado = 0
Save/Update: select * from LineaFactura WHERE  LineaFactura.nro_factura=1  AND  LineaFactura.tipo_factura='A' AND  LineaFactura.nro_sucursal=1  
Save/Update: select * from Articulos WHERE  Articulos.cod_articulo=1  ; select * from lista_precios WHERE borrado = 0
Save/Update: select * from Articulos WHERE  Articulos.cod_articulo=2  ; select * from lista_precios WHERE borrado = 0
Save/Update: select * from Cliente WHERE  Cliente.id_cliente=1  ; select * from cliente_movimientos; select * from Pedido WHERE borrado = 0; select * from Factura WHERE borrado = 0; select * from Diseño WHERE borrado = 0
Save/Update: select * from Usuario WHERE  Usuario.usuarioID=1  ; select * from JoinUsuarioToFamilia; select * from JoinPatenteToUsuario
Save/Update: select * from MovimientosCuenta JOIN documento_movimiento AS documento ON MovimientosCuenta.nro_movimiento=documento.nro_movimiento JOIN cliente_movimientos AS cliente ON MovimientosCuenta.nro_movimiento=cliente.nro_movimiento WHERE documento.nro_Doc=1  AND cliente.id_cliente IS NOT  NULL ; select * from cliente_movimientos; select * from documento_movimiento
Save/Update: select * from LineaFactura WHERE  LineaFactura.nro_factura=1  AND  LineaFactura.tipo_factura='B' AND  LineaFactura.nro_sucursal=2  
Save/Update: select * from Articulos WHERE  Articulos.cod_articulo=1  ; select * from lista_precios WHERE borrado = 0
Save/Update: select * from Articulos WHERE  Articulos.cod_articulo=2  ; select * from lista_precios WHERE borrado = 0
Save/Update: select * from Cliente WHERE  Cliente.id_cliente=1  ; select * from cliente_movimientos; select * from Pedido WHERE borrado = 0; select * from Factura WHERE borrado = 0; select * from Diseño WHERE borrado = 0
Save/Update: select * from Usuario WHERE  Usuario.usuarioID=1  ; select * from JoinUsuarioToFamilia; select * from JoinPatenteToUsuario
Save/Update: select * from MovimientosCuenta JOIN documento_movimiento AS documento ON MovimientosCuenta.nro_movimiento=documento.nro_movimiento JOIN cliente_movimientos AS cliente ON MovimientosCuenta.nro_movimiento=cliente.nro_movimiento WHERE documento.nro_Doc=2  AND cliente.id_cliente IS NOT  NULL ; select * from cliente_movimientos; select * from documento_movimiento
Save/Update: DELETE LineaFactura WHERE nro_factura=2  AND nro_sucursal=1  AND tipo_factura='A' AND nro_linea=1  
Save/Update: DELETE LineaFactura WHERE nro_factura=2  AND nro_sucursal=1  AND tipo_factura='A' AND nro_linea=2  
Save/Update: DELETE cliente_movimientos where nro_movimiento=4  ; DELETE documento_movimiento where nro_movimiento=4  ; ;DELETE MovimientosCuenta WHERE nro_movimiento=4  
Save/Update: DELETE FROM Factura WHERE nro_Doc =5
Save/Update: delete documento where nro_doc=5</StdOut>
      </Output>
    </UnitTestResult>
    <UnitTestResult executionId="4f153f89-8a30-4dcd-9595-3c81ee052501" testId="3f50a717-0b73-d5bd-41bc-37d26b580e88" testName="buscarProveedorPorCodigoTest" computerName="DIEGO-PC" duration="00:00:00.0072670" startTime="2012-11-19T19:38:09.4277187-03:00" endTime="2012-11-19T19:38:09.4417195-03:00" testType="13cdc9d9-ddb5-4fa4-a97d-d965ccfc6d4b" outcome="Passed" testListId="8c84fa94-04c1-424b-9868-57a2d4851a1d" relativeResultsDirectory="4f153f89-8a30-4dcd-9595-3c81ee052501">
      <Output>
        <StdOut>Save/Update: select * from Proveedor WHERE  Proveedor.id_proveedor=1  
Save/Update: select * from OrdenDeCompra WHERE  OrdenDeCompra.id_proveedor=1  ; select * from documento_movimiento; select * from LineaOrdenDeCompra WHERE borrado = 0
Save/Update: delete OrdenDeCompra where nro_doc=5
Save/Update: delete documento where nro_doc=5
Save/Update: DELETE Proveedor WHERE id_proveedor=4  
Save/Update: UPDATE Proveedor SET nombre='nombre1', telefono='1111-1111', direccion='direccion 1' WHERE id_proveedor=1  ;</StdOut>
      </Output>
    </UnitTestResult>
    <UnitTestResult executionId="34c20f6c-ae30-463e-a04c-a8512a1b59e4" testId="3f81de19-4fde-6528-9e0d-cf576c0d46aa" testName="grabarHistoricoEstadosTest" computerName="DIEGO-PC" duration="00:00:00.0092678" startTime="2012-11-19T19:38:09.4437196-03:00" endTime="2012-11-19T19:38:09.4607206-03:00" testType="13cdc9d9-ddb5-4fa4-a97d-d965ccfc6d4b" outcome="Passed" testListId="8c84fa94-04c1-424b-9868-57a2d4851a1d" relativeResultsDirectory="34c20f6c-ae30-463e-a04c-a8512a1b59e4">
      <Output>
        <StdOut>Save/Update: SELECT  ISNULL(MAX(nro_estado + 1),1) from historico_estados_pedido WHERE cod_pedido=2
Save/Update: INSERT INTO historico_estados_pedido (nro_estado, comentario, cod_pedido, fechaDesde, fechaHasta, estado, borrado) VALUES (4 , 'comentario32', 2 ,  CAST('19/11/2012 19:38:09.450'  AS DateTime),  NULL , 4 , 0 ); 
Save/Update: select * from historico_estados_pedido WHERE  historico_estados_pedido.nro_estado=4  AND  historico_estados_pedido.cod_pedido=2  
Save/Update: DELETE historico_estados_pedido WHERE nro_estado=4  AND cod_pedido=2</StdOut>
      </Output>
    </UnitTestResult>
    <UnitTestResult executionId="c582e62c-ce89-4645-a982-0191e36db135" testId="4063ba31-c658-1e39-f2a1-4789b86cdf92" testName="cargarClientesTest" computerName="DIEGO-PC" duration="00:00:00.0087864" startTime="2012-11-19T19:38:09.4647208-03:00" endTime="2012-11-19T19:38:09.4797217-03:00" testType="13cdc9d9-ddb5-4fa4-a97d-d965ccfc6d4b" outcome="Passed" testListId="8c84fa94-04c1-424b-9868-57a2d4851a1d" relativeResultsDirectory="c582e62c-ce89-4645-a982-0191e36db135">
      <Output>
        <StdOut>Save/Update: select * from Cliente; select * from cliente_movimientos; select * from Pedido WHERE borrado = 0; select * from Factura WHERE borrado = 0; select * from Diseño WHERE borrado = 0</StdOut>
      </Output>
    </UnitTestResult>
    <UnitTestResult executionId="506be816-251d-4f73-93b6-e0bb8b1090ed" testId="4075ee85-dce8-0a59-bbe2-572b6c1b6a07" testName="cargarPatentesPorUsuarioTest" computerName="DIEGO-PC" duration="00:00:00.1003674" startTime="2012-11-19T19:38:09.4847220-03:00" endTime="2012-11-19T19:38:09.5947283-03:00" testType="13cdc9d9-ddb5-4fa4-a97d-d965ccfc6d4b" outcome="Passed" testListId="8c84fa94-04c1-424b-9868-57a2d4851a1d" relativeResultsDirectory="506be816-251d-4f73-93b6-e0bb8b1090ed">
      <Output>
        <StdOut>Save/Update: select * from Patente JOIN JoinPatenteToUsuario AS usuario ON Patente.patenteId=usuario.patenteId WHERE usuario.usuarioID=3</StdOut>
      </Output>
    </UnitTestResult>
    <UnitTestResult executionId="02783d9d-ae7a-484f-8162-384efdfcfb1a" testId="40c309eb-6e85-5d22-3be7-c1b561c3a631" testName="actualizaFacturaTest" computerName="DIEGO-PC" duration="00:00:00.3180852" startTime="2012-11-19T19:38:09.6027287-03:00" endTime="2012-11-19T19:38:09.9277473-03:00" testType="13cdc9d9-ddb5-4fa4-a97d-d965ccfc6d4b" outcome="Passed" testListId="8c84fa94-04c1-424b-9868-57a2d4851a1d" relativeResultsDirectory="02783d9d-ae7a-484f-8162-384efdfcfb1a">
      <Output>
        <StdOut>Save/Update: SELECT  ISNULL(MAX(nro_Doc + 1),1) from documento
Save/Update: INSERT INTO documento VALUES (5)
Save/Update: SELECT  ISNULL(MAX(nro_factura + 1),1) from Factura WHERE nro_sucursal=1 AND tipo_factura='A'
Save/Update: INSERT INTO Factura (nro_Doc, iva, fecha, borrado, nro_factura, nro_sucursal, tipo_factura, id_cliente, monto) VALUES (5 , 1.1,  CAST('13/10/2012 21:44:12.000'  AS DateTime), 0 , 2 , 1 , 'A', 2 , 100); UPDATE LineaFactura SET borrado=1 WHERE nro_factura=2  AND nro_sucursal=1  AND tipo_factura='A' ; 
Save/Update: SELECT  ISNULL(MAX(nro_linea + 1),1) from LineaFactura WHERE nro_factura=2 AND nro_sucursal=1 AND tipo_factura='A'
Save/Update: INSERT INTO LineaFactura (nro_factura, nro_sucursal, tipo_factura, nro_linea, cod_producto, cantidad, precio, borrado) VALUES (2 , 1 , 'A', 1 , 2 , 10 , 0, 0 ); 
Save/Update: SELECT  ISNULL(MAX(nro_movimiento + 1),1) from MovimientosCuenta
Save/Update: INSERT INTO MovimientosCuenta (nro_movimiento, comentario, fecha, monto, cuentaID, tipoMovimientoID) VALUES (4 , 'com test',  CAST('13/10/2012 21:44:12.000'  AS DateTime), 100, 1 , 1 ); DELETE cliente_movimientos where nro_movimiento=4  ;  INSERT INTO cliente_movimientos ( nro_movimiento, id_cliente) VALUES ( 4 , 2 ); DELETE documento_movimiento where nro_movimiento=4  ;  INSERT INTO documento_movimiento ( nro_movimiento, nro_Doc) VALUES ( 4 , 5 ); 
Save/Update: select * from Factura WHERE  Factura.nro_factura=2  AND  Factura.nro_sucursal=1  AND  Factura.tipo_factura='A' ; select * from documento_movimiento; select * from LineaFactura WHERE borrado = 0
Save/Update: select * from LineaFactura WHERE  LineaFactura.nro_factura=2  AND  LineaFactura.tipo_factura='A' AND  LineaFactura.nro_sucursal=1  
Save/Update: select * from Articulos WHERE  Articulos.cod_articulo=2  ; select * from lista_precios WHERE borrado = 0
Save/Update: select * from Cliente WHERE  Cliente.id_cliente=2  ; select * from cliente_movimientos; select * from Pedido WHERE borrado = 0; select * from Factura WHERE borrado = 0; select * from Diseño WHERE borrado = 0
Save/Update: select * from Usuario WHERE  Usuario.usuarioID=2  ; select * from JoinUsuarioToFamilia; select * from JoinPatenteToUsuario
Save/Update: select * from MovimientosCuenta JOIN documento_movimiento AS documento ON MovimientosCuenta.nro_movimiento=documento.nro_movimiento JOIN cliente_movimientos AS cliente ON MovimientosCuenta.nro_movimiento=cliente.nro_movimiento WHERE documento.nro_Doc=5  AND cliente.id_cliente IS NOT  NULL ; select * from cliente_movimientos; select * from documento_movimiento
Save/Update: UPDATE Factura SET nro_Doc=5 , iva=1.1, fecha= CAST('13/10/2012 21:44:12.000'  AS DateTime), borrado=0 , id_cliente=2 , monto=111 WHERE nro_factura=2  AND nro_sucursal=1  AND tipo_factura='A' ; UPDATE LineaFactura SET borrado=1 WHERE nro_factura=2  AND nro_sucursal=1  AND tipo_factura='A' ; 
Save/Update: UPDATE LineaFactura SET cod_producto=2 , cantidad=15 , precio=0, borrado=0  WHERE nro_factura=2  AND nro_sucursal=1  AND tipo_factura='A' AND nro_linea=1  ; 
Save/Update: SELECT  ISNULL(MAX(nro_linea + 1),1) from LineaFactura WHERE nro_factura=2 AND nro_sucursal=1 AND tipo_factura='A'
Save/Update: INSERT INTO LineaFactura (nro_factura, nro_sucursal, tipo_factura, nro_linea, cod_producto, cantidad, precio, borrado) VALUES (2 , 1 , 'A', 2 , 1 , 10 , 2.1, 0 ); 
Save/Update: UPDATE MovimientosCuenta SET comentario='com test', fecha= CAST('13/10/2012 21:44:12.000'  AS DateTime), monto=111, cuentaID=1 , tipoMovimientoID=1  WHERE nro_movimiento=4  ; DELETE cliente_movimientos where nro_movimiento=4  ;  INSERT INTO cliente_movimientos ( nro_movimiento, id_cliente) VALUES ( 4 , 2 ); DELETE documento_movimiento where nro_movimiento=4  ;  INSERT INTO documento_movimiento ( nro_movimiento, nro_Doc) VALUES ( 4 , 5 ); 
Save/Update: select * from Factura WHERE  Factura.nro_factura=2  AND  Factura.nro_sucursal=1  AND  Factura.tipo_factura='A' ; select * from documento_movimiento; select * from LineaFactura WHERE borrado = 0
Save/Update: select * from LineaFactura WHERE  LineaFactura.nro_factura=2  AND  LineaFactura.tipo_factura='A' AND  LineaFactura.nro_sucursal=1  
Save/Update: select * from Articulos WHERE  Articulos.cod_articulo=2  ; select * from lista_precios WHERE borrado = 0
Save/Update: select * from Articulos WHERE  Articulos.cod_articulo=1  ; select * from lista_precios WHERE borrado = 0
Save/Update: select * from Cliente WHERE  Cliente.id_cliente=2  ; select * from cliente_movimientos; select * from Pedido WHERE borrado = 0; select * from Factura WHERE borrado = 0; select * from Diseño WHERE borrado = 0
Save/Update: select * from Usuario WHERE  Usuario.usuarioID=2  ; select * from JoinUsuarioToFamilia; select * from JoinPatenteToUsuario
Save/Update: select * from MovimientosCuenta JOIN documento_movimiento AS documento ON MovimientosCuenta.nro_movimiento=documento.nro_movimiento JOIN cliente_movimientos AS cliente ON MovimientosCuenta.nro_movimiento=cliente.nro_movimiento WHERE documento.nro_Doc=5  AND cliente.id_cliente IS NOT  NULL ; select * from cliente_movimientos; select * from documento_movimiento
Save/Update: DELETE LineaFactura WHERE nro_factura=2  AND nro_sucursal=1  AND tipo_factura='A' AND nro_linea=1  
Save/Update: DELETE LineaFactura WHERE nro_factura=2  AND nro_sucursal=1  AND tipo_factura='A' AND nro_linea=2  
Save/Update: DELETE cliente_movimientos where nro_movimiento=4  ; DELETE documento_movimiento where nro_movimiento=4  ; ;DELETE MovimientosCuenta WHERE nro_movimiento=4  
Save/Update: DELETE FROM Factura WHERE nro_Doc =5
Save/Update: delete documento where nro_doc=5</StdOut>
      </Output>
    </UnitTestResult>
    <UnitTestResult executionId="b7c75cc7-e627-41ce-a8b2-57e962e9080f" testId="4128c841-fbe4-5443-0039-ee6ab9d8480a" testName="borrarMovimientosClienteTest" computerName="DIEGO-PC" duration="00:00:00.1205902" startTime="2012-11-19T19:38:09.9327476-03:00" endTime="2012-11-19T19:38:10.0607549-03:00" testType="13cdc9d9-ddb5-4fa4-a97d-d965ccfc6d4b" outcome="Passed" testListId="8c84fa94-04c1-424b-9868-57a2d4851a1d" relativeResultsDirectory="b7c75cc7-e627-41ce-a8b2-57e962e9080f">
      <Output>
        <StdOut>Save/Update: SELECT  ISNULL(MAX(nro_movimiento + 1),1) from MovimientosCuenta
Save/Update: INSERT INTO MovimientosCuenta (nro_movimiento, comentario, fecha, monto, cuentaID, tipoMovimientoID) VALUES (4 , 'com4',  CAST('19/11/2012 19:38:09.938'  AS DateTime), 33.3, 1 , 2 ); DELETE cliente_movimientos where nro_movimiento=4  ;  INSERT INTO cliente_movimientos ( nro_movimiento, id_cliente) VALUES ( 4 , 2 ); DELETE documento_movimiento where nro_movimiento=4  ; 
Save/Update: select * from MovimientosCuenta JOIN cliente_movimientos AS cliente ON MovimientosCuenta.nro_movimiento=cliente.nro_movimiento WHERE  MovimientosCuenta.nro_movimiento=4  AND  MovimientosCuenta.monto=33.3 AND cliente.id_cliente IS NOT  NULL ; select * from cliente_movimientos; select * from documento_movimiento
Save/Update: DELETE cliente_movimientos where nro_movimiento=4  ; DELETE documento_movimiento where nro_movimiento=4  ; ;DELETE MovimientosCuenta WHERE nro_movimiento=4  
Save/Update: select * from MovimientosCuenta JOIN cliente_movimientos AS cliente ON MovimientosCuenta.nro_movimiento=cliente.nro_movimiento WHERE  MovimientosCuenta.nro_movimiento=4  AND  MovimientosCuenta.monto=33.3 AND cliente.id_cliente IS NOT  NULL AND cliente.id_cliente IS NOT  NULL ; select * from cliente_movimientos; select * from documento_movimiento
Save/Update: DELETE cliente_movimientos where nro_movimiento=4  ; DELETE documento_movimiento where nro_movimiento=4  ; ;DELETE MovimientosCuenta WHERE nro_movimiento=4</StdOut>
      </Output>
    </UnitTestResult>
    <UnitTestResult executionId="e7a5d5c7-9cc3-4585-962f-aa332050dd36" testId="4148e9ec-0e25-c6a4-4bc2-03540cd0a990" testName="cargarMensajePorConversacionTest" computerName="DIEGO-PC" duration="00:00:00.0049147" startTime="2012-11-19T19:38:10.0647552-03:00" endTime="2012-11-19T19:38:10.0817561-03:00" testType="13cdc9d9-ddb5-4fa4-a97d-d965ccfc6d4b" outcome="Passed" testListId="8c84fa94-04c1-424b-9868-57a2d4851a1d" relativeResultsDirectory="e7a5d5c7-9cc3-4585-962f-aa332050dd36">
      <Output>
        <StdOut>Save/Update: select * from Mensaje WHERE  Mensaje.id_conversacion=1</StdOut>
      </Output>
    </UnitTestResult>
    <UnitTestResult executionId="dfa11a63-2513-408e-b3a0-d4da0d5d1f76" testId="41ca50b2-af08-ebb5-fe81-0171706b4196" testName="listarMovimientosPorClienteTest" computerName="DIEGO-PC" duration="00:00:00.0344166" startTime="2012-11-19T19:38:10.0837562-03:00" endTime="2012-11-19T19:38:10.1247586-03:00" testType="13cdc9d9-ddb5-4fa4-a97d-d965ccfc6d4b" outcome="Passed" testListId="8c84fa94-04c1-424b-9868-57a2d4851a1d" relativeResultsDirectory="dfa11a63-2513-408e-b3a0-d4da0d5d1f76">
      <Output>
        <StdOut>Save/Update: select * from MovimientosCuenta JOIN cliente_movimientos AS cliente ON MovimientosCuenta.nro_movimiento=cliente.nro_movimiento WHERE cliente.id_cliente IS NOT  NULL ; select * from cliente_movimientos; select * from documento_movimiento
Save/Update: select * from Cliente WHERE  Cliente.id_cliente=1  ; select * from cliente_movimientos; select * from Pedido WHERE borrado = 0; select * from Factura WHERE borrado = 0; select * from Diseño WHERE borrado = 0
Save/Update: select * from Usuario WHERE  Usuario.usuarioID=1  ; select * from JoinUsuarioToFamilia; select * from JoinPatenteToUsuario
Save/Update: select * from Familia JOIN JoinUsuarioToFamilia AS usuarios ON Familia.familiaID=usuarios.familiaID WHERE usuarios.usuarioID=1  ; select * from JoinFamiliaToPatente
Save/Update: select * from Patente JOIN JoinPatenteToUsuario AS usuario ON Patente.patenteId=usuario.patenteId WHERE usuario.usuarioID=1  
Save/Update: select * from Cliente WHERE  Cliente.usuarioID=1  ; select * from cliente_movimientos; select * from Pedido WHERE borrado = 0; select * from Factura WHERE borrado = 0; select * from Diseño WHERE borrado = 0
Save/Update: select * from Diseño WHERE  Diseño.id_cliente=1  ; select * from historico_estados_diseño WHERE borrado = 0
Save/Update: select * from Factura WHERE  Factura.id_cliente=1  ; select * from documento_movimiento; select * from LineaFactura WHERE borrado = 0
Save/Update: select * from Pedido WHERE  Pedido.id_cliente=1  ; select * from produccion WHERE borrado = 0; select * from historico_estados_pedido WHERE borrado = 0
Save/Update: select * from MovimientosCuenta JOIN cliente_movimientos AS cliente ON MovimientosCuenta.nro_movimiento=cliente.nro_movimiento WHERE cliente.id_cliente=1  AND cliente.id_cliente IS NOT  NULL ; select * from cliente_movimientos; select * from documento_movimiento
Save/Update: select * from Factura WHERE  Factura.nro_Doc=1  ; select * from documento_movimiento; select * from LineaFactura WHERE borrado = 0
Save/Update: select * from tipoMovimiento WHERE  tipoMovimiento.tipoMovimientoID=1  
Save/Update: select * from Cuenta WHERE  Cuenta.cuentaID=1  
Save/Update: select * from Cliente WHERE  Cliente.id_cliente=1  ; select * from cliente_movimientos; select * from Pedido WHERE borrado = 0; select * from Factura WHERE borrado = 0; select * from Diseño WHERE borrado = 0
Save/Update: select * from Usuario WHERE  Usuario.usuarioID=1  ; select * from JoinUsuarioToFamilia; select * from JoinPatenteToUsuario
Save/Update: select * from Familia JOIN JoinUsuarioToFamilia AS usuarios ON Familia.familiaID=usuarios.familiaID WHERE usuarios.usuarioID=1  ; select * from JoinFamiliaToPatente
Save/Update: select * from Patente JOIN JoinPatenteToUsuario AS usuario ON Patente.patenteId=usuario.patenteId WHERE usuario.usuarioID=1  
Save/Update: select * from Cliente WHERE  Cliente.usuarioID=1  ; select * from cliente_movimientos; select * from Pedido WHERE borrado = 0; select * from Factura WHERE borrado = 0; select * from Diseño WHERE borrado = 0
Save/Update: select * from Diseño WHERE  Diseño.id_cliente=1  ; select * from historico_estados_diseño WHERE borrado = 0
Save/Update: select * from Factura WHERE  Factura.id_cliente=1  ; select * from documento_movimiento; select * from LineaFactura WHERE borrado = 0
Save/Update: select * from Pedido WHERE  Pedido.id_cliente=1  ; select * from produccion WHERE borrado = 0; select * from historico_estados_pedido WHERE borrado = 0
Save/Update: select * from MovimientosCuenta JOIN cliente_movimientos AS cliente ON MovimientosCuenta.nro_movimiento=cliente.nro_movimiento WHERE cliente.id_cliente=1  AND cliente.id_cliente IS NOT  NULL ; select * from cliente_movimientos; select * from documento_movimiento
Save/Update: select * from tipoMovimiento WHERE  tipoMovimiento.tipoMovimientoID=1  
Save/Update: select * from Cuenta WHERE  Cuenta.cuentaID=1  
Save/Update: DELETE cliente_movimientos where nro_movimiento=4  ; DELETE documento_movimiento where nro_movimiento=4  ; ;DELETE MovimientosCuenta WHERE nro_movimiento=4</StdOut>
      </Output>
    </UnitTestResult>
    <UnitTestResult executionId="42a523d6-df13-4f64-b4be-85f1df5174ce" testId="42bbff3f-ae90-d4a3-ac96-e18e8d721f9a" testName="cargarFamiliasPorPatenteTest" computerName="DIEGO-PC" duration="00:00:00.0206099" startTime="2012-11-19T19:38:10.1267587-03:00" endTime="2012-11-19T19:38:10.1547603-03:00" testType="13cdc9d9-ddb5-4fa4-a97d-d965ccfc6d4b" outcome="Passed" testListId="8c84fa94-04c1-424b-9868-57a2d4851a1d" relativeResultsDirectory="42a523d6-df13-4f64-b4be-85f1df5174ce">
      <Output>
        <StdOut>Save/Update: select * from Familia JOIN JoinFamiliaToPatente AS patentes ON Familia.familiaID=patentes.familiaID WHERE patentes.patenteId=4  ; select * from JoinFamiliaToPatente</StdOut>
      </Output>
    </UnitTestResult>
    <UnitTestResult executionId="935b85f2-8f11-4ed5-bfd4-1886d9ee1a0e" testId="42bc7f23-0a71-a17c-783c-a7c1f6e66d7c" testName="grabarTest" computerName="DIEGO-PC" duration="00:00:00.1150441" startTime="2012-11-19T19:38:10.1597606-03:00" endTime="2012-11-19T19:38:10.2817676-03:00" testType="13cdc9d9-ddb5-4fa4-a97d-d965ccfc6d4b" outcome="Passed" testListId="8c84fa94-04c1-424b-9868-57a2d4851a1d" relativeResultsDirectory="935b85f2-8f11-4ed5-bfd4-1886d9ee1a0e">
      <Output>
        <StdOut>Save/Update: INSERT INTO Proveedor (id_proveedor, nombre, telefono, direccion) VALUES (4 , 'nombre4', '4444-4444', 'direccion 4'); 
Save/Update: SELECT  ISNULL(MAX(nro_Doc + 1),1) from documento
Save/Update: INSERT INTO documento VALUES (5)
Save/Update: SELECT  ISNULL(MAX(nro_orden_compra + 1),1) from OrdenDeCompra WHERE nro_sucursal=1 AND tipo_orden_compra='A'
Save/Update: INSERT INTO OrdenDeCompra (nro_Doc, iva, fecha, borrado, nro_orden_compra, nro_sucursal, tipo_orden_compra, id_proveedor, monto) VALUES (5 , 33.3,  CAST('19/11/2012 19:38:10.168'  AS DateTime), 0 , 2 , 1 , 'A', 4 , 33.3); UPDATE LineaOrdenDeCompra SET borrado=1 WHERE nro_orden_compra=2  AND nro_sucursal=1  AND tipo_orden_compra='A' ; 
Save/Update: select * from Proveedor
Save/Update: select * from OrdenDeCompra WHERE  OrdenDeCompra.id_proveedor=1  ; select * from documento_movimiento; select * from LineaOrdenDeCompra WHERE borrado = 0
Save/Update: select * from OrdenDeCompra WHERE  OrdenDeCompra.id_proveedor=2  ; select * from documento_movimiento; select * from LineaOrdenDeCompra WHERE borrado = 0
Save/Update: select * from OrdenDeCompra WHERE  OrdenDeCompra.id_proveedor=3  ; select * from documento_movimiento; select * from LineaOrdenDeCompra WHERE borrado = 0
Save/Update: select * from OrdenDeCompra WHERE  OrdenDeCompra.id_proveedor=4  ; select * from documento_movimiento; select * from LineaOrdenDeCompra WHERE borrado = 0
Save/Update: delete OrdenDeCompra where nro_doc=5
Save/Update: delete documento where nro_doc=5
Save/Update: DELETE Proveedor WHERE id_proveedor=4  
Save/Update: UPDATE Proveedor SET nombre='nombre1', telefono='1111-1111', direccion='direccion 1' WHERE id_proveedor=1  ;</StdOut>
      </Output>
    </UnitTestResult>
    <UnitTestResult executionId="47ba02a0-1bb3-4412-9aed-728a53b3fd97" testId="42d34e85-28e2-30e8-a414-32919f9963a2" testName="ejecutarConsultaTest" computerName="DIEGO-PC" duration="00:00:00.0043291" startTime="2012-11-19T19:38:10.2847677-03:00" endTime="2012-11-19T19:38:10.2987685-03:00" testType="13cdc9d9-ddb5-4fa4-a97d-d965ccfc6d4b" outcome="Passed" testListId="8c84fa94-04c1-424b-9868-57a2d4851a1d" relativeResultsDirectory="47ba02a0-1bb3-4412-9aed-728a53b3fd97">
      <Output>
        <StdOut>Save/Update: select * from usuario</StdOut>
      </Output>
    </UnitTestResult>
    <UnitTestResult executionId="e1678068-8adb-4f17-bbd1-a1b85f598ddf" testId="42f3bd17-7e9a-3a2a-0abf-94dcbfe8af44" testName="calcularTimepoTrabajoTest4" computerName="DIEGO-PC" duration="00:00:00.0032698" startTime="2012-11-19T19:38:10.3007687-03:00" endTime="2012-11-19T19:38:10.3187697-03:00" testType="13cdc9d9-ddb5-4fa4-a97d-d965ccfc6d4b" outcome="Passed" testListId="8c84fa94-04c1-424b-9868-57a2d4851a1d" relativeResultsDirectory="e1678068-8adb-4f17-bbd1-a1b85f598ddf">
      <Output>
        <StdOut>Save/Update: DELETE produccion_operador WHERE id_operador=2  AND cod_prodcuccion=7  
Save/Update: DELETE historico_estados_produccion WHERE nro_estado=1  AND cod_produccion=7  
Save/Update: DELETE historico_estados_produccion WHERE nro_estado=2  AND cod_produccion=7  
Save/Update: DELETE produccion WHERE cod_produccion=7</StdOut>
      </Output>
    </UnitTestResult>
    <UnitTestResult executionId="705d59f2-4c12-44df-afa8-0835200dc4ec" testId="43cb51cd-66eb-181b-064e-18bf81c14a68" testName="borrarArticuloTest" computerName="DIEGO-PC" duration="00:00:00.0655191" startTime="2012-11-19T19:38:10.3207698-03:00" endTime="2012-11-19T19:38:10.3947740-03:00" testType="13cdc9d9-ddb5-4fa4-a97d-d965ccfc6d4b" outcome="Passed" testListId="8c84fa94-04c1-424b-9868-57a2d4851a1d" relativeResultsDirectory="705d59f2-4c12-44df-afa8-0835200dc4ec">
      <Output>
        <StdOut>Save/Update: SELECT  ISNULL(MAX(cod_articulo + 1),1) from Articulos
Save/Update: INSERT INTO Articulos (cod_articulo, tipoPrendaID, diseñoID, comentario, produccion, precioActual, borrado) VALUES (4 , 3 , 2 , 'com test', 10 , 1, 0 ); UPDATE lista_precios SET borrado=1 WHERE cod_articulo=4  ; 
Save/Update: SELECT  ISNULL( MAX(nro_lista + 1), 1) from lista_precios WHERE cod_articulo=4
Save/Update: INSERT INTO lista_precios (nro_lista, cod_articulo, precio, fechaDesde, fechaHasta, borrado) VALUES (1 , 4 , 1,  CAST('19/11/2012 19:38:10.333'  AS DateTime),  NULL , 0 ); 
Save/Update: select * from Articulos WHERE  Articulos.cod_articulo=4  ; select * from lista_precios WHERE borrado = 0
Save/Update: select * from lista_precios WHERE  lista_precios.cod_articulo=4  
Save/Update: select * from TipoPrenda WHERE  TipoPrenda.tipo_prenda=3  
Save/Update: select * from Diseño WHERE  Diseño.cod_diseño=2  ; select * from historico_estados_diseño WHERE borrado = 0
Save/Update: UPDATE Articulos SET tipoPrendaID=3 , diseñoID=2 , comentario='com test', produccion=10 , precioActual=1, borrado=1  WHERE cod_articulo=4  ; UPDATE lista_precios SET borrado=1 WHERE cod_articulo=4  ; 
Save/Update: select * from Articulos WHERE  Articulos.cod_articulo=4  ; select * from lista_precios WHERE borrado = 0
Save/Update: select * from lista_precios WHERE  lista_precios.cod_articulo=4  
Save/Update: select * from TipoPrenda WHERE  TipoPrenda.tipo_prenda=3  
Save/Update: select * from Diseño WHERE  Diseño.cod_diseño=2  ; select * from historico_estados_diseño WHERE borrado = 0
Save/Update: DELETE lista_precios WHERE nro_lista=1  AND cod_articulo=4  
Save/Update: DELETE lista_precios WHERE nro_lista=2  AND cod_articulo=4  
Save/Update: DELETE Articulos WHERE cod_articulo=4</StdOut>
      </Output>
    </UnitTestResult>
    <UnitTestResult executionId="fd9803f9-02a9-4f12-be81-620e743ef542" testId="4470df03-406c-ac4c-036b-0433b2842ca5" testName="grabarProduccionTest" computerName="DIEGO-PC" duration="00:00:00.0092366" startTime="2012-11-19T19:38:10.4017744-03:00" endTime="2012-11-19T19:38:10.4217756-03:00" testType="13cdc9d9-ddb5-4fa4-a97d-d965ccfc6d4b" outcome="Passed" testListId="8c84fa94-04c1-424b-9868-57a2d4851a1d" relativeResultsDirectory="fd9803f9-02a9-4f12-be81-620e743ef542">
      <Output>
        <StdOut>Save/Update: SELECT  ISNULL(MAX(cod_produccion + 1),1) from produccion
Save/Update: INSERT INTO produccion (cod_produccion, comentario, cod_pedido, cod_maquina, cod_articulo, cantidad, estadoActual, utilizacion, fechaInicio, fechaFinal, borrado) VALUES (7 , 'comentario test', 3 , 3 , 7 , 10 , 2 , 1,  CAST('19/11/2012 19:38:10.410'  AS DateTime),  CAST('19/11/2012 19:38:10.410'  AS DateTime), 0 ); UPDATE historico_estados_produccion SET borrado=1 WHERE cod_produccion=7  ; 
Save/Update: select * from produccion WHERE  produccion.comentario LIKE '%comentario test%'; select * from historico_estados_produccion WHERE borrado = 0
Save/Update: DELETE produccion WHERE cod_produccion=7</StdOut>
      </Output>
    </UnitTestResult>
    <UnitTestResult executionId="b074b721-9b1e-4887-8da8-94c3129ae873" testId="44f2f0a7-9e33-876a-b7c3-d86059021fb2" testName="modificarUsuarioTest1" computerName="DIEGO-PC" duration="00:00:00.0187685" startTime="2012-11-19T19:38:10.4337763-03:00" endTime="2012-11-19T19:38:10.4617779-03:00" testType="13cdc9d9-ddb5-4fa4-a97d-d965ccfc6d4b" outcome="Passed" testListId="8c84fa94-04c1-424b-9868-57a2d4851a1d" relativeResultsDirectory="b074b721-9b1e-4887-8da8-94c3129ae873">
      <Output>
        <StdOut>Save/Update: select * from Usuario WHERE  Usuario.usuarioID=5  ; select * from JoinUsuarioToFamilia; select * from JoinPatenteToUsuario
Save/Update: select * from Familia JOIN JoinUsuarioToFamilia AS usuarios ON Familia.familiaID=usuarios.familiaID WHERE usuarios.usuarioID=5  ; select * from JoinFamiliaToPatente
Save/Update: select * from Patente JOIN JoinPatenteToUsuario AS usuario ON Patente.patenteId=usuario.patenteId WHERE usuario.usuarioID=5  
Save/Update: select * from Cliente WHERE  Cliente.usuarioID=5  ; select * from cliente_movimientos; select * from Pedido WHERE borrado = 0; select * from Factura WHERE borrado = 0; select * from Diseño WHERE borrado = 0
Save/Update: UPDATE Usuario SET nombre='nombre6', apellido='apellido6', mail='mail6@test.com', password='10C91F6B75161578', telefonoFijo='6666-6666', telefonoMovil='6666-6666', bloqueado=0  WHERE usuarioID=5  ; DELETE JoinUsuarioToFamilia where usuarioID=5  ;  INSERT INTO JoinUsuarioToFamilia ( usuarioID, familiaID) VALUES ( 5 , 5 ); DELETE JoinPatenteToUsuario where usuarioID=5  ;  INSERT INTO JoinPatenteToUsuario ( usuarioID, patenteId) VALUES ( 5 , 3 ); 
Save/Update: select * from Usuario WHERE  Usuario.usuarioID=5  ; select * from JoinUsuarioToFamilia; select * from JoinPatenteToUsuario
Save/Update: select * from Familia JOIN JoinUsuarioToFamilia AS usuarios ON Familia.familiaID=usuarios.familiaID WHERE usuarios.usuarioID=5  ; select * from JoinFamiliaToPatente
Save/Update: select * from Patente JOIN JoinFamiliaToPatente AS familia ON Patente.patenteId=familia.patenteId WHERE familia.familiaID=5  
Save/Update: select * from Patente JOIN JoinPatenteToUsuario AS usuario ON Patente.patenteId=usuario.patenteId WHERE usuario.usuarioID=5  
Save/Update: select * from Cliente WHERE  Cliente.usuarioID=5  ; select * from cliente_movimientos; select * from Pedido WHERE borrado = 0; select * from Factura WHERE borrado = 0; select * from Diseño WHERE borrado = 0
Save/Update: UPDATE Usuario SET nombre='nombreModificado', apellido='apellido5', mail='mail5@test.com', password='0000', telefonoFijo='5555-5555', telefonoMovil='5555-5555', bloqueado=0  WHERE usuarioID=5  ; DELETE JoinUsuarioToFamilia where usuarioID=5  ; DELETE JoinPatenteToUsuario where usuarioID=5  ; 
Save/Update: UPDATE Usuario SET nombre='nombre1', apellido='apellido1', mail='mail1@test.com', password='11C8', telefonoFijo='1111-1111', telefonoMovil='1111-1111', bloqueado=0  WHERE usuarioID=1  ; DELETE JoinUsuarioToFamilia where usuarioID=1  ; DELETE JoinPatenteToUsuario where usuarioID=1  ; 
Save/Update: UPDATE Cliente SET habitadoTurnos=1 , newsletter=0  WHERE id_cliente=1  ; UPDATE Pedido SET borrado=1 WHERE id_cliente=1  ; UPDATE Factura SET borrado=1 WHERE id_cliente=1  ; UPDATE Diseño SET borrado=1 WHERE id_cliente=1  ; 
Save/Update:  UPDATE factura set borrado = 0 
Save/Update:  UPDATE diseño set borrado = 0 
Save/Update:  UPDATE pedido set borrado = 0 
Save/Update:  Insert into JoinPatenteToUsuario values (1,1)</StdOut>
      </Output>
    </UnitTestResult>
    <UnitTestResult executionId="426189ad-7540-4af6-ab24-b17e85c9535f" testId="45d73400-010d-bede-b097-0e012e473ce7" testName="listarMaquinasTest" computerName="DIEGO-PC" duration="00:00:00.0095640" startTime="2012-11-19T19:38:10.4687783-03:00" endTime="2012-11-19T19:38:10.4847792-03:00" testType="13cdc9d9-ddb5-4fa4-a97d-d965ccfc6d4b" outcome="Passed" testListId="8c84fa94-04c1-424b-9868-57a2d4851a1d" relativeResultsDirectory="426189ad-7540-4af6-ab24-b17e85c9535f">
      <Output>
        <StdOut>Save/Update: select * from Maquina; select * from JoinMaquinaToTipoPrenda
Save/Update: select * from TipoPrenda WHERE  TipoPrenda.tipo_prenda=1  
Save/Update: select * from TipoPrenda WHERE  TipoPrenda.tipo_prenda=2  
Save/Update: select * from TipoPrenda WHERE  TipoPrenda.tipo_prenda=3  
Save/Update: select * from TipoPrenda WHERE  TipoPrenda.tipo_prenda=1  
Save/Update: select * from TipoPrenda WHERE  TipoPrenda.tipo_prenda=2  
Save/Update: select * from TipoPrenda WHERE  TipoPrenda.tipo_prenda=3  
Save/Update: select * from TipoPrenda WHERE  TipoPrenda.tipo_prenda=1  
Save/Update: select * from TipoPrenda WHERE  TipoPrenda.tipo_prenda=2  
Save/Update: select * from TipoPrenda WHERE  TipoPrenda.tipo_prenda=3  
Save/Update: DELETE JoinMaquinaToTipoPrenda where cod_maquina=4  ; ;DELETE Maquina WHERE cod_maquina=4  
Save/Update: delete from JoinMaquinaToTipoPrenda where cod_maquina=4</StdOut>
      </Output>
    </UnitTestResult>
    <UnitTestResult executionId="a0fc2dea-e51f-463a-a476-855134c5efcb" testId="46319d74-a59b-cb4c-c42c-91de192140ab" testName="borrarProduccionOperadorTest" computerName="DIEGO-PC" duration="00:00:00.0102542" startTime="2012-11-19T19:38:10.4907795-03:00" endTime="2012-11-19T19:38:10.5097806-03:00" testType="13cdc9d9-ddb5-4fa4-a97d-d965ccfc6d4b" outcome="Passed" testListId="8c84fa94-04c1-424b-9868-57a2d4851a1d" relativeResultsDirectory="a0fc2dea-e51f-463a-a476-855134c5efcb">
      <Output>
        <StdOut>Save/Update: INSERT INTO produccion_operador (id_operador, cod_prodcuccion, porcentaje) VALUES (2 , 6 , 1 ); 
Save/Update: select * from produccion_operador WHERE  produccion_operador.id_operador=2  AND  produccion_operador.cod_prodcuccion=6  
Save/Update: DELETE produccion_operador WHERE id_operador=2  AND cod_prodcuccion=6  
Save/Update: select * from produccion_operador WHERE  produccion_operador.id_operador=2  AND  produccion_operador.cod_prodcuccion=6</StdOut>
      </Output>
    </UnitTestResult>
    <UnitTestResult executionId="8c445e84-b7b5-4d89-83ab-8124d5f123c4" testId="466df001-5e88-7941-9225-f5b84ddbea5e" testName="cargarlistaPedidosTest" computerName="DIEGO-PC" duration="00:00:00.0128334" startTime="2012-11-19T19:38:10.5157810-03:00" endTime="2012-11-19T19:38:10.5377822-03:00" testType="13cdc9d9-ddb5-4fa4-a97d-d965ccfc6d4b" outcome="Passed" testListId="8c84fa94-04c1-424b-9868-57a2d4851a1d" relativeResultsDirectory="8c445e84-b7b5-4d89-83ab-8124d5f123c4">
      <Output>
        <StdOut>Save/Update: select * from Pedido; select * from produccion WHERE borrado = 0; select * from historico_estados_pedido WHERE borrado = 0
Save/Update: DELETE Pedido WHERE cod_pedido=5</StdOut>
      </Output>
    </UnitTestResult>
    <UnitTestResult executionId="f403bd1c-41e0-486d-ad55-fff6021f6ad0" testId="468ca457-0ed7-03c2-646c-9f2875316428" testName="ListarPrendasTest" computerName="DIEGO-PC" duration="00:00:00.0027313" startTime="2012-11-19T19:38:10.5407824-03:00" endTime="2012-11-19T19:38:10.5487828-03:00" testType="13cdc9d9-ddb5-4fa4-a97d-d965ccfc6d4b" outcome="Passed" testListId="8c84fa94-04c1-424b-9868-57a2d4851a1d" relativeResultsDirectory="f403bd1c-41e0-486d-ad55-fff6021f6ad0">
      <Output>
        <StdOut>Save/Update: select * from TipoPrenda</StdOut>
      </Output>
    </UnitTestResult>
    <UnitTestResult executionId="e5336d60-0a71-42e8-a35f-038a2f36c184" testId="47539572-8702-25fd-25db-bd0bdd8958b7" testName="grabarPrendaTest" computerName="DIEGO-PC" duration="00:00:00.0922648" startTime="2012-11-19T19:38:10.5517830-03:00" endTime="2012-11-19T19:38:10.6507887-03:00" testType="13cdc9d9-ddb5-4fa4-a97d-d965ccfc6d4b" outcome="Passed" testListId="8c84fa94-04c1-424b-9868-57a2d4851a1d" relativeResultsDirectory="e5336d60-0a71-42e8-a35f-038a2f36c184">
      <Output>
        <StdOut>Save/Update: INSERT INTO TipoPrenda (tipo_prenda, descripcion) VALUES (5 , 'gorro'); 
Save/Update: select * from TipoPrenda
Save/Update: DELETE TipoPrenda WHERE tipo_prenda=5</StdOut>
      </Output>
    </UnitTestResult>
    <UnitTestResult executionId="33beca26-6cb3-45b9-86b1-a2c9037958c8" testId="47829263-2bc4-1929-0c73-083969548a33" testName="listarMovimientosPorProveedorTest" computerName="DIEGO-PC" duration="00:00:00.0154189" startTime="2012-11-19T19:38:10.6557890-03:00" endTime="2012-11-19T19:38:10.6797903-03:00" testType="13cdc9d9-ddb5-4fa4-a97d-d965ccfc6d4b" outcome="Passed" testListId="8c84fa94-04c1-424b-9868-57a2d4851a1d" relativeResultsDirectory="33beca26-6cb3-45b9-86b1-a2c9037958c8">
      <Output>
        <StdOut>Save/Update: select * from MovimientosCuenta JOIN proveedor_movimientos AS proveedor ON MovimientosCuenta.nro_movimiento=proveedor.nro_movimiento WHERE proveedor.id_proveedor IS NOT  NULL ; select * from proveedor_movimientos; select * from documento_movimiento
Save/Update: select * from Proveedor WHERE  Proveedor.id_proveedor=1  
Save/Update: select * from OrdenDeCompra WHERE  OrdenDeCompra.id_proveedor=1  ; select * from documento_movimiento; select * from LineaOrdenDeCompra WHERE borrado = 0
Save/Update: select * from OrdenDeCompra WHERE  OrdenDeCompra.nro_Doc=3  ; select * from documento_movimiento; select * from LineaOrdenDeCompra WHERE borrado = 0
Save/Update: select * from tipoMovimiento WHERE  tipoMovimiento.tipoMovimientoID=1  
Save/Update: select * from Cuenta WHERE  Cuenta.cuentaID=1  
Save/Update: DELETE proveedor_movimientos where nro_movimiento=4  ; DELETE documento_movimiento where nro_movimiento=4  ; ;DELETE MovimientosCuenta WHERE nro_movimiento=4</StdOut>
      </Output>
    </UnitTestResult>
    <UnitTestResult executionId="e7a198e7-ad30-4c1a-b2c9-d27d6e1e95e0" testId="47d53732-aaac-b97d-3608-f4da6d7da1f0" testName="cargarHistoricoEstadosTest" computerName="DIEGO-PC" duration="00:00:00.0065695" startTime="2012-11-19T19:38:10.6857907-03:00" endTime="2012-11-19T19:38:10.6997915-03:00" testType="13cdc9d9-ddb5-4fa4-a97d-d965ccfc6d4b" outcome="Passed" testListId="8c84fa94-04c1-424b-9868-57a2d4851a1d" relativeResultsDirectory="e7a198e7-ad30-4c1a-b2c9-d27d6e1e95e0">
      <Output>
        <StdOut>Save/Update: select * from historico_estados_produccion</StdOut>
      </Output>
    </UnitTestResult>
    <UnitTestResult executionId="48bc82f5-52c2-4f94-90f5-13a5091a60be" testId="47f1b7ea-5dbe-ff8b-ee2e-cd35503da3a7" testName="buscarNewsletterPorNombreTest" computerName="DIEGO-PC" duration="00:00:00.0042141" startTime="2012-11-19T19:38:10.7077919-03:00" endTime="2012-11-19T19:38:10.7287931-03:00" testType="13cdc9d9-ddb5-4fa4-a97d-d965ccfc6d4b" outcome="Passed" testListId="8c84fa94-04c1-424b-9868-57a2d4851a1d" relativeResultsDirectory="48bc82f5-52c2-4f94-90f5-13a5091a60be">
      <Output>
        <StdOut>Save/Update: select * from newsletter WHERE  newsletter.nombre='news1'</StdOut>
      </Output>
    </UnitTestResult>
    <UnitTestResult executionId="e76be761-7fa5-4bc6-b1cf-770820c313ed" testId="4ab5b9e6-5b30-baa0-2e6d-fac9df442766" testName="GuardarPedidoTest" computerName="DIEGO-PC" duration="00:00:04.6058333" startTime="2012-11-19T19:38:10.7317933-03:00" endTime="2012-11-19T19:38:15.3480573-03:00" testType="13cdc9d9-ddb5-4fa4-a97d-d965ccfc6d4b" outcome="Passed" testListId="8c84fa94-04c1-424b-9868-57a2d4851a1d" relativeResultsDirectory="e76be761-7fa5-4bc6-b1cf-770820c313ed">
      <Output>
        <StdOut>Save/Update: SELECT  ISNULL(MAX(cod_pedido + 1),1) from Pedido
Save/Update: INSERT INTO Pedido (cod_pedido, comentario, id_cliente, tipo_pedido, estadoActual, fechaInicio, fechaFinal, borrado) VALUES (5 , 'comentario test', 2 , 2 , 2 ,  CAST('19/11/2012 19:38:10.742'  AS DateTime),  NULL , 0 ); UPDATE produccion SET borrado=1 WHERE cod_pedido=5  ; UPDATE historico_estados_pedido SET borrado=1 WHERE cod_pedido=5  ; 
Save/Update: SELECT  ISNULL(MAX(cod_produccion + 1),1) from produccion
Save/Update: INSERT INTO produccion (cod_produccion, comentario, cod_pedido, cod_maquina, cod_articulo, cantidad, estadoActual, utilizacion, fechaInicio, fechaFinal, borrado) VALUES (7 , 'com1', 5 , 2 , 1 , 10 , 1 , 1,  CAST('19/11/2012 19:38:10.742'  AS DateTime),  NULL , 0 ); UPDATE historico_estados_produccion SET borrado=1 WHERE cod_produccion=7  ; 
Save/Update: UPDATE Pedido SET comentario='comentario test', id_cliente=2 , tipo_pedido=2 , estadoActual=2 , fechaInicio= CAST('19/11/2012 19:38:10.742'  AS DateTime), fechaFinal= NULL , borrado=0  WHERE cod_pedido=5  ; UPDATE produccion SET borrado=1 WHERE cod_pedido=5  ; UPDATE historico_estados_pedido SET borrado=1 WHERE cod_pedido=5  ; 
Save/Update: SELECT  ISNULL(MAX(nro_estado + 1),1) from historico_estados_pedido WHERE cod_pedido=5
Save/Update: INSERT INTO historico_estados_pedido (nro_estado, comentario, cod_pedido, fechaDesde, fechaHasta, estado, borrado) VALUES (1 , '', 5 ,  CAST('19/11/2012 19:38:10.747'  AS DateTime),  NULL , 2 , 0 ); 
Save/Update: UPDATE produccion SET comentario='com1', cod_pedido=5 , cod_maquina=2 , cod_articulo=1 , cantidad=10 , estadoActual=1 , utilizacion=1, fechaInicio= CAST('19/11/2012 19:38:10.742'  AS DateTime), fechaFinal= NULL , borrado=0  WHERE cod_produccion=7  ; UPDATE historico_estados_produccion SET borrado=1 WHERE cod_produccion=7  ; 
Save/Update: select * from Pedido WHERE  Pedido.cod_pedido=5  ; select * from produccion WHERE borrado = 0; select * from historico_estados_pedido WHERE borrado = 0
Save/Update: select * from historico_estados_pedido WHERE  historico_estados_pedido.cod_pedido=5  
Save/Update: select * from tipoPedido WHERE  tipoPedido.tipo_pedido=2  
Save/Update: select * from produccion WHERE  produccion.cod_pedido=5  ; select * from historico_estados_produccion WHERE borrado = 0
Save/Update: select * from Cliente WHERE  Cliente.id_cliente=2  ; select * from cliente_movimientos; select * from Pedido WHERE borrado = 0; select * from Factura WHERE borrado = 0; select * from Diseño WHERE borrado = 0
Save/Update: select * from EstadoPedido WHERE  EstadoPedido.estado_pedido=2  
Save/Update: select * from Usuario WHERE  Usuario.usuarioID=2  ; select * from JoinUsuarioToFamilia; select * from JoinPatenteToUsuario
Save/Update: select * from Familia JOIN JoinUsuarioToFamilia AS usuarios ON Familia.familiaID=usuarios.familiaID WHERE usuarios.usuarioID=2  ; select * from JoinFamiliaToPatente
Save/Update: select * from Patente JOIN JoinFamiliaToPatente AS familia ON Patente.patenteId=familia.patenteId WHERE familia.familiaID=2  
Save/Update: select * from Patente JOIN JoinPatenteToUsuario AS usuario ON Patente.patenteId=usuario.patenteId WHERE usuario.usuarioID=2  
Save/Update: select * from Cliente WHERE  Cliente.usuarioID=2  ; select * from cliente_movimientos; select * from Pedido WHERE borrado = 0; select * from Factura WHERE borrado = 0; select * from Diseño WHERE borrado = 0
Save/Update: select * from newsletter WHERE  newsletter.id=1  
Save/Update: select * from produccion WHERE  produccion.cod_produccion=7  ; select * from historico_estados_produccion WHERE borrado = 0
Save/Update: select * from Pedido WHERE  Pedido.cod_pedido=5  ; select * from produccion WHERE borrado = 0; select * from historico_estados_pedido WHERE borrado = 0
Save/Update: select * from Maquina WHERE  Maquina.cod_maquina=2  ; select * from JoinMaquinaToTipoPrenda
Save/Update: select * from Articulos WHERE  Articulos.cod_articulo=1  ; select * from lista_precios WHERE borrado = 0
Save/Update: select * from EstadoTrabajos WHERE  EstadoTrabajos.cod_estado=1  
Save/Update: select * from historico_estados_produccion WHERE  historico_estados_produccion.cod_produccion=7  
Save/Update: select * from produccion_operador WHERE  produccion_operador.cod_prodcuccion=7  
Save/Update: select * from newsletter WHERE  newsletter.id=2  
Save/Update: select * from Articulos WHERE  Articulos.cod_articulo=1  ; select * from lista_precios WHERE borrado = 0
Save/Update: select * from lista_precios WHERE  lista_precios.cod_articulo=1  
Save/Update: select * from TipoPrenda WHERE  TipoPrenda.tipo_prenda=1  
Save/Update: select * from Diseño WHERE  Diseño.cod_diseño=1  ; select * from historico_estados_diseño WHERE borrado = 0
Save/Update: select * from Pedido WHERE  Pedido.cod_pedido=5  ; select * from produccion WHERE borrado = 0; select * from historico_estados_pedido WHERE borrado = 0
Save/Update: select * from historico_estados_pedido WHERE  historico_estados_pedido.cod_pedido=5  
Save/Update: select * from tipoPedido WHERE  tipoPedido.tipo_pedido=2  
Save/Update: select * from produccion WHERE  produccion.cod_pedido=5  ; select * from historico_estados_produccion WHERE borrado = 0
Save/Update: select * from Cliente WHERE  Cliente.id_cliente=2  ; select * from cliente_movimientos; select * from Pedido WHERE borrado = 0; select * from Factura WHERE borrado = 0; select * from Diseño WHERE borrado = 0
Save/Update: select * from EstadoPedido WHERE  EstadoPedido.estado_pedido=2  
Save/Update: DELETE historico_estados_pedido WHERE nro_estado=1  AND cod_pedido=5  
Save/Update: DELETE historico_estados_pedido WHERE nro_estado=2  AND cod_pedido=5  
Save/Update: DELETE produccion WHERE cod_produccion=7  
Save/Update: DELETE Pedido WHERE cod_pedido=5</StdOut>
      </Output>
    </UnitTestResult>
    <UnitTestResult executionId="93e70125-61a6-443a-8dee-4a71239796fd" testId="4b2e2241-5ba0-4bf3-a87c-c3b9957ec404" testName="buscarPrendasTest" computerName="DIEGO-PC" duration="00:00:00.0023323" startTime="2012-11-19T19:38:15.3540577-03:00" endTime="2012-11-19T19:38:15.3660584-03:00" testType="13cdc9d9-ddb5-4fa4-a97d-d965ccfc6d4b" outcome="Passed" testListId="8c84fa94-04c1-424b-9868-57a2d4851a1d" relativeResultsDirectory="93e70125-61a6-443a-8dee-4a71239796fd">
      <Output>
        <StdOut>Save/Update: select * from TipoPrenda</StdOut>
      </Output>
    </UnitTestResult>
    <UnitTestResult executionId="8df9db2d-2db3-4b42-839c-a22ce7b476bd" testId="4b4cc00b-440a-fb3e-bf1c-58f18a59fbb6" testName="actualizaArticuloTest" computerName="DIEGO-PC" duration="00:00:00.0254182" startTime="2012-11-19T19:38:15.3740588-03:00" endTime="2012-11-19T19:38:15.4060607-03:00" testType="13cdc9d9-ddb5-4fa4-a97d-d965ccfc6d4b" outcome="Passed" testListId="8c84fa94-04c1-424b-9868-57a2d4851a1d" relativeResultsDirectory="8df9db2d-2db3-4b42-839c-a22ce7b476bd">
      <Output>
        <StdOut>Save/Update: SELECT  ISNULL(MAX(cod_articulo + 1),1) from Articulos
Save/Update: INSERT INTO Articulos (cod_articulo, tipoPrendaID, diseñoID, comentario, produccion, precioActual, borrado) VALUES (4 , 3 , 2 , 'com test', 10 , 1, 0 ); UPDATE lista_precios SET borrado=1 WHERE cod_articulo=4  ; 
Save/Update: SELECT  ISNULL( MAX(nro_lista + 1), 1) from lista_precios WHERE cod_articulo=4
Save/Update: INSERT INTO lista_precios (nro_lista, cod_articulo, precio, fechaDesde, fechaHasta, borrado) VALUES (1 , 4 , 1,  CAST('19/11/2012 19:38:15.381'  AS DateTime),  NULL , 0 ); 
Save/Update: select * from Articulos WHERE  Articulos.cod_articulo=4  ; select * from lista_precios WHERE borrado = 0
Save/Update: select * from lista_precios WHERE  lista_precios.cod_articulo=4  
Save/Update: select * from TipoPrenda WHERE  TipoPrenda.tipo_prenda=3  
Save/Update: select * from Diseño WHERE  Diseño.cod_diseño=2  ; select * from historico_estados_diseño WHERE borrado = 0
Save/Update: select * from Articulos WHERE  Articulos.cod_articulo=4  ; select * from lista_precios WHERE borrado = 0
Save/Update: select * from lista_precios WHERE  lista_precios.cod_articulo=4  
Save/Update: select * from TipoPrenda WHERE  TipoPrenda.tipo_prenda=3  
Save/Update: select * from Diseño WHERE  Diseño.cod_diseño=2  ; select * from historico_estados_diseño WHERE borrado = 0
Save/Update: UPDATE Articulos SET tipoPrendaID=3 , diseñoID=2 , comentario='com test', produccion=8 , precioActual=2, borrado=0  WHERE cod_articulo=4  ; UPDATE lista_precios SET borrado=1 WHERE cod_articulo=4  ; 
Save/Update: UPDATE lista_precios SET precio=1, fechaDesde= CAST('19/11/2012 19:38:15.380'  AS DateTime), fechaHasta= CAST('19/11/2012 19:38:15.392'  AS DateTime), borrado=0  WHERE nro_lista=1  AND cod_articulo=4  ; 
Save/Update: SELECT  ISNULL( MAX(nro_lista + 1), 1) from lista_precios WHERE cod_articulo=4
Save/Update: INSERT INTO lista_precios (nro_lista, cod_articulo, precio, fechaDesde, fechaHasta, borrado) VALUES (2 , 4 , 2,  CAST('19/11/2012 19:38:15.392'  AS DateTime),  NULL , 0 ); 
Save/Update: select * from Articulos WHERE  Articulos.cod_articulo=4  ; select * from lista_precios WHERE borrado = 0
Save/Update: select * from lista_precios WHERE  lista_precios.cod_articulo=4  
Save/Update: select * from TipoPrenda WHERE  TipoPrenda.tipo_prenda=3  
Save/Update: select * from Diseño WHERE  Diseño.cod_diseño=2  ; select * from historico_estados_diseño WHERE borrado = 0
Save/Update: DELETE lista_precios WHERE nro_lista=1  AND cod_articulo=4  
Save/Update: DELETE lista_precios WHERE nro_lista=2  AND cod_articulo=4  
Save/Update: DELETE Articulos WHERE cod_articulo=4</StdOut>
      </Output>
    </UnitTestResult>
    <UnitTestResult executionId="2567b45d-3193-4f86-8e33-6fb66d084a57" testId="4cab3d76-8fe4-c6a9-062c-275660c809ba" testName="listarOpinionesPorIdTest" computerName="DIEGO-PC" duration="00:00:00.0061542" startTime="2012-11-19T19:38:15.4140611-03:00" endTime="2012-11-19T19:38:15.4300620-03:00" testType="13cdc9d9-ddb5-4fa4-a97d-d965ccfc6d4b" outcome="Passed" testListId="8c84fa94-04c1-424b-9868-57a2d4851a1d" relativeResultsDirectory="2567b45d-3193-4f86-8e33-6fb66d084a57">
      <Output>
        <StdOut>Save/Update: select * from opiniones WHERE  opiniones.id=1</StdOut>
      </Output>
    </UnitTestResult>
    <UnitTestResult executionId="8bdbf909-47c2-476d-a703-60cdc296d521" testId="4cc6b71b-462c-2bdc-f536-28b4d3d30de5" testName="borrarProveedorTest" computerName="DIEGO-PC" duration="00:00:00.0046891" startTime="2012-11-19T19:38:15.4360624-03:00" endTime="2012-11-19T19:38:15.4490631-03:00" testType="13cdc9d9-ddb5-4fa4-a97d-d965ccfc6d4b" outcome="Passed" testListId="8c84fa94-04c1-424b-9868-57a2d4851a1d" relativeResultsDirectory="8bdbf909-47c2-476d-a703-60cdc296d521">
      <Output>
        <StdOut>Save/Update: INSERT INTO Proveedor (id_proveedor, nombre, telefono, direccion) VALUES (4 , 'nombre4', '4444-4444', 'direccion 4'); 
Save/Update: select * from Proveedor WHERE  Proveedor.id_proveedor=4  
Save/Update: DELETE Proveedor WHERE id_proveedor=4  
Save/Update: select * from Proveedor WHERE  Proveedor.id_proveedor=4</StdOut>
      </Output>
    </UnitTestResult>
    <UnitTestResult executionId="a1fdfb8a-67be-4705-999f-bbdfa368be42" testId="4d2a8d5b-b176-00fc-503a-b6acea4e399d" testName="modificarTest" computerName="DIEGO-PC" duration="00:00:00.0063512" startTime="2012-11-19T19:38:15.4530634-03:00" endTime="2012-11-19T19:38:15.4670642-03:00" testType="13cdc9d9-ddb5-4fa4-a97d-d965ccfc6d4b" outcome="Passed" testListId="8c84fa94-04c1-424b-9868-57a2d4851a1d" relativeResultsDirectory="a1fdfb8a-67be-4705-999f-bbdfa368be42">
      <Output>
        <StdOut>Save/Update: select * from Mensaje WHERE  Mensaje.id=2  
Save/Update: UPDATE Mensaje SET tipoMensaje=0 , fecha= CAST('26/08/2012 16:35:00.000'  AS DateTime), mensaje='msj de 1 a 2', leido=1 , borrado=0 , id_conversacion=1  WHERE id=2  ; 
Save/Update: select * from Mensaje WHERE  Mensaje.id=2  
Save/Update: UPDATE Mensaje SET tipoMensaje=0 , fecha= CAST('26/08/2012 16:35:00.000'  AS DateTime), mensaje='msj de 1 a 2', leido=0 , borrado=0 , id_conversacion=1  WHERE id=2  ;</StdOut>
      </Output>
    </UnitTestResult>
    <UnitTestResult executionId="8cda3b8a-bb1b-4c55-9c86-d6a7ea126fb2" testId="4d891028-ff30-5474-0c6f-59e839f50717" testName="buscarPorDescripcionTest" computerName="DIEGO-PC" duration="00:00:00.0071234" startTime="2012-11-19T19:38:15.4720644-03:00" endTime="2012-11-19T19:38:15.4870653-03:00" testType="13cdc9d9-ddb5-4fa4-a97d-d965ccfc6d4b" outcome="Passed" testListId="8c84fa94-04c1-424b-9868-57a2d4851a1d" relativeResultsDirectory="8cda3b8a-bb1b-4c55-9c86-d6a7ea126fb2">
      <Output>
        <StdOut>Save/Update: select * from tipoMovimiento WHERE  tipoMovimiento.movimiento='credito'</StdOut>
      </Output>
    </UnitTestResult>
    <UnitTestResult executionId="6f820714-34b2-4995-925b-fc81ed859bc3" testId="4e213555-50ef-010c-9653-9ed4341cc7e4" testName="buscarDiseñoInsumoConRestriccionesTest" computerName="DIEGO-PC" duration="00:00:00.0065514" startTime="2012-11-19T19:38:15.4890654-03:00" endTime="2012-11-19T19:38:15.5020662-03:00" testType="13cdc9d9-ddb5-4fa4-a97d-d965ccfc6d4b" outcome="Passed" testListId="8c84fa94-04c1-424b-9868-57a2d4851a1d" relativeResultsDirectory="6f820714-34b2-4995-925b-fc81ed859bc3">
      <Output>
        <StdOut>Save/Update: select * from Diseño_insumos WHERE  Diseño_insumos.cantidad=1 AND  Diseño_insumos.cod_diseño=1  AND  Diseño_insumos.cod_insumo=1  
Save/Update: DELETE Diseño_insumos WHERE cod_diseño=2  AND cod_insumo=1</StdOut>
      </Output>
    </UnitTestResult>
    <UnitTestResult executionId="f8a67db3-ee59-45af-9b08-7cfd64620e34" testId="4f159a29-3cb7-c1f2-9ed8-8c5ed23afcbe" testName="actualizarDiseñoTest" computerName="DIEGO-PC" duration="00:00:00.1238523" startTime="2012-11-19T19:38:15.5050663-03:00" endTime="2012-11-19T19:38:15.6370739-03:00" testType="13cdc9d9-ddb5-4fa4-a97d-d965ccfc6d4b" outcome="Passed" testListId="8c84fa94-04c1-424b-9868-57a2d4851a1d" relativeResultsDirectory="f8a67db3-ee59-45af-9b08-7cfd64620e34">
      <Output>
        <StdOut>Save/Update: SELECT  ISNULL(MAX(cod_diseño + 1),1) from Diseño
Save/Update: INSERT INTO Diseño (cod_diseño, nombre, puntadas, alto, ancho, id_cliente, estadoActual, pathImagen, pathDetalle, pathArchivoEditable, pathArchivoFinal, borrado) VALUES (3 , 'diseño3', 3333 , 33 , 33 , 1 , 1 , '/cliente1/imagen/diseño1.jpg', '/cliente1/detalle/diseño1.jpg', '/cliente1/diseñoEditable/diseño1.jpg', '', 0 ); UPDATE historico_estados_diseño SET borrado=1 WHERE cod_diseño=3  ; 
Save/Update: SELECT  ISNULL(MAX(nro_estado + 1),1) from historico_estados_diseño WHERE cod_diseño=3
Save/Update: INSERT INTO historico_estados_diseño (nro_estado, cod_diseño, comentario, fechaDesde, fechaHasta, estado, borrado) VALUES (1 , 3 , 'test',  CAST('19/11/2012 19:38:15.516'  AS DateTime),  NULL , 1 , 0 ); 
Save/Update: select * from Diseño WHERE  Diseño.cod_diseño=3  ; select * from historico_estados_diseño WHERE borrado = 0
Save/Update: select * from Cliente WHERE  Cliente.id_cliente=1  ; select * from cliente_movimientos; select * from Pedido WHERE borrado = 0; select * from Factura WHERE borrado = 0; select * from Diseño WHERE borrado = 0
Save/Update: select * from Usuario WHERE  Usuario.usuarioID=1  ; select * from JoinUsuarioToFamilia; select * from JoinPatenteToUsuario
Save/Update: select * from Diseño_insumos WHERE  Diseño_insumos.cod_diseño=3  
Save/Update: select * from historico_estados_diseño WHERE  historico_estados_diseño.cod_diseño=3  
Save/Update: select * from EstadoDiseños WHERE  EstadoDiseños.estado=1  
Save/Update: UPDATE Diseño SET nombre='diseño3', puntadas=3333 , alto=33 , ancho=33 , id_cliente=1 , estadoActual=2 , pathImagen='/cliente1/imagen/diseño1.jpg', pathDetalle='/cliente1/detalle/diseño1.jpg', pathArchivoEditable='/cliente1/diseñoEditable/diseño1.jpg', pathArchivoFinal='/cliente1/diseño/diseño1.jpg', borrado=0  WHERE cod_diseño=3  ; UPDATE historico_estados_diseño SET borrado=1 WHERE cod_diseño=3  ; 
Save/Update: DELETE Diseño_insumos WHERE cod_diseño=3  AND cod_insumo=1  
Save/Update: INSERT INTO Diseño_insumos (cod_diseño, cod_insumo, cantidad) VALUES (3 , 1 , 3); 
Save/Update: UPDATE historico_estados_diseño SET comentario='test', fechaDesde= CAST('19/11/2012 19:38:15.517'  AS DateTime), fechaHasta= CAST('19/11/2012 19:38:15.583'  AS DateTime), estado=1 , borrado=0  WHERE nro_estado=1  AND cod_diseño=3  ; 
Save/Update: SELECT  ISNULL(MAX(nro_estado + 1),1) from historico_estados_diseño WHERE cod_diseño=3
Save/Update: INSERT INTO historico_estados_diseño (nro_estado, cod_diseño, comentario, fechaDesde, fechaHasta, estado, borrado) VALUES (2 , 3 , 'test',  CAST('19/11/2012 19:38:15.583'  AS DateTime),  NULL , 2 , 0 ); 
Save/Update: select * from Diseño WHERE  Diseño.cod_diseño=3  ; select * from historico_estados_diseño WHERE borrado = 0
Save/Update: select * from Cliente WHERE  Cliente.id_cliente=1  ; select * from cliente_movimientos; select * from Pedido WHERE borrado = 0; select * from Factura WHERE borrado = 0; select * from Diseño WHERE borrado = 0
Save/Update: select * from Usuario WHERE  Usuario.usuarioID=1  ; select * from JoinUsuarioToFamilia; select * from JoinPatenteToUsuario
Save/Update: select * from Diseño_insumos WHERE  Diseño_insumos.cod_diseño=3  
Save/Update: select * from historico_estados_diseño WHERE  historico_estados_diseño.cod_diseño=3  
Save/Update: select * from EstadoDiseños WHERE  EstadoDiseños.estado=2  
Save/Update: DELETE FROM Diseño_insumos where cod_diseño=3
Save/Update: DELETE FROM historico_estados_diseño where cod_diseño=3
Save/Update: DELETE Diseño WHERE cod_diseño=3</StdOut>
      </Output>
    </UnitTestResult>
    <UnitTestResult executionId="f41c593e-b031-4300-b2d1-392d7e268334" testId="4f3a2e54-c06b-cfc2-386b-24b648fee82c" testName="cargarMovimientosTest" computerName="DIEGO-PC" duration="00:00:00.0054038" startTime="2012-11-19T19:38:15.6460744-03:00" endTime="2012-11-19T19:38:15.6600752-03:00" testType="13cdc9d9-ddb5-4fa4-a97d-d965ccfc6d4b" outcome="Passed" testListId="8c84fa94-04c1-424b-9868-57a2d4851a1d" relativeResultsDirectory="f41c593e-b031-4300-b2d1-392d7e268334">
      <Output>
        <StdOut>Save/Update: select * from MovimientosStock
Save/Update: DELETE MovimientosStock WHERE nro_movimiento=3  AND cod_insumo=1</StdOut>
      </Output>
    </UnitTestResult>
    <UnitTestResult executionId="42db1030-983a-45ca-b9aa-0777d69c5a92" testId="5062f8db-d3cc-b220-b391-1deb74053b65" testName="listarConversacionesPorIdTest" computerName="DIEGO-PC" duration="00:00:00.0102741" startTime="2012-11-19T19:38:15.6630754-03:00" endTime="2012-11-19T19:38:15.6810764-03:00" testType="13cdc9d9-ddb5-4fa4-a97d-d965ccfc6d4b" outcome="Passed" testListId="8c84fa94-04c1-424b-9868-57a2d4851a1d" relativeResultsDirectory="42db1030-983a-45ca-b9aa-0777d69c5a92">
      <Output>
        <StdOut>Save/Update: select * from Conversacion WHERE  Conversacion.remitente=1  ; select * from mensaje WHERE borrado = 0
Save/Update: select * from Conversacion WHERE  Conversacion.destinatario=1  ; select * from mensaje WHERE borrado = 0
Save/Update: select * from Usuario WHERE  Usuario.usuarioID=1  ; select * from JoinUsuarioToFamilia; select * from JoinPatenteToUsuario
Save/Update: select * from Usuario WHERE  Usuario.usuarioID=2  ; select * from JoinUsuarioToFamilia; select * from JoinPatenteToUsuario
Save/Update: select * from Mensaje WHERE  Mensaje.id_conversacion=1</StdOut>
      </Output>
    </UnitTestResult>
    <UnitTestResult executionId="c8d831b9-6d6d-4fba-b7d0-2d133916da75" testId="5136f8bc-ea30-8e7a-77a2-f46a924db348" testName="buscarTodoTest" computerName="DIEGO-PC" duration="00:00:00.0056724" startTime="2012-11-19T19:38:15.6820765-03:00" endTime="2012-11-19T19:38:15.6950772-03:00" testType="13cdc9d9-ddb5-4fa4-a97d-d965ccfc6d4b" outcome="Passed" testListId="8c84fa94-04c1-424b-9868-57a2d4851a1d" relativeResultsDirectory="c8d831b9-6d6d-4fba-b7d0-2d133916da75">
      <Output>
        <StdOut>Save/Update: select * from Proveedor</StdOut>
      </Output>
    </UnitTestResult>
    <UnitTestResult executionId="fbc3ae7e-94c4-4ad3-8a7c-e19732423af5" testId="513854bd-1669-ed84-d891-6995e53105ac" testName="cargarFacturasConRestriccionesTest" computerName="DIEGO-PC" duration="00:00:00.0998570" startTime="2012-11-19T19:38:15.6980774-03:00" endTime="2012-11-19T19:38:15.8060835-03:00" testType="13cdc9d9-ddb5-4fa4-a97d-d965ccfc6d4b" outcome="Passed" testListId="8c84fa94-04c1-424b-9868-57a2d4851a1d" relativeResultsDirectory="fbc3ae7e-94c4-4ad3-8a7c-e19732423af5">
      <Output>
        <StdOut>Save/Update: select * from Factura WHERE  Factura.borrado=0  AND  Factura.id_cliente=1  AND  Factura.fecha= CAST('11/11/2011 00:00:00.000'  AS DateTime) AND  Factura.iva=11 AND  Factura.nro_Doc=1  AND  Factura.nro_factura=1  AND  Factura.nro_sucursal=1  AND  Factura.tipo_factura='A' AND  Factura.nro_Doc=1  ; select * from documento_movimiento; select * from LineaFactura WHERE borrado = 0
Save/Update: delete Factura where nro_doc=5
Save/Update: delete documento where nro_doc=5</StdOut>
      </Output>
    </UnitTestResult>
    <UnitTestResult executionId="8aedeee6-7bb8-4db7-af4d-9ba2660870a2" testId="52baea7e-b200-446e-6971-763252eb7cdd" testName="cargarHistoricoEstadosTest" computerName="DIEGO-PC" duration="00:00:00.0043513" startTime="2012-11-19T19:38:15.8130839-03:00" endTime="2012-11-19T19:38:15.8290849-03:00" testType="13cdc9d9-ddb5-4fa4-a97d-d965ccfc6d4b" outcome="Passed" testListId="8c84fa94-04c1-424b-9868-57a2d4851a1d" relativeResultsDirectory="8aedeee6-7bb8-4db7-af4d-9ba2660870a2">
      <Output>
        <StdOut>Save/Update: select * from historico_estados_pedido</StdOut>
      </Output>
    </UnitTestResult>
    <UnitTestResult executionId="787d814e-183b-4c4d-b6ec-bd955f3093d8" testId="52d17b0e-d936-129e-43f3-078523a7b6ea" testName="actualizarClienteTest" computerName="DIEGO-PC" duration="00:00:00.0465549" startTime="2012-11-19T19:38:15.8370853-03:00" endTime="2012-11-19T19:38:15.8930885-03:00" testType="13cdc9d9-ddb5-4fa4-a97d-d965ccfc6d4b" outcome="Passed" testListId="8c84fa94-04c1-424b-9868-57a2d4851a1d" relativeResultsDirectory="787d814e-183b-4c4d-b6ec-bd955f3093d8">
      <Output>
        <StdOut>Save/Update: select * from Cliente WHERE  Cliente.id_cliente=1  ; select * from cliente_movimientos; select * from Pedido WHERE borrado = 0; select * from Factura WHERE borrado = 0; select * from Diseño WHERE borrado = 0
Save/Update: select * from Usuario WHERE  Usuario.usuarioID=1  ; select * from JoinUsuarioToFamilia; select * from JoinPatenteToUsuario
Save/Update: select * from Familia JOIN JoinUsuarioToFamilia AS usuarios ON Familia.familiaID=usuarios.familiaID WHERE usuarios.usuarioID=1  ; select * from JoinFamiliaToPatente
Save/Update: select * from Patente JOIN JoinPatenteToUsuario AS usuario ON Patente.patenteId=usuario.patenteId WHERE usuario.usuarioID=1  
Save/Update: select * from Cliente WHERE  Cliente.usuarioID=1  ; select * from cliente_movimientos; select * from Pedido WHERE borrado = 0; select * from Factura WHERE borrado = 0; select * from Diseño WHERE borrado = 0
Save/Update: select * from Diseño WHERE  Diseño.id_cliente=1  ; select * from historico_estados_diseño WHERE borrado = 0
Save/Update: select * from Factura WHERE  Factura.id_cliente=1  ; select * from documento_movimiento; select * from LineaFactura WHERE borrado = 0
Save/Update: select * from Pedido WHERE  Pedido.id_cliente=1  ; select * from produccion WHERE borrado = 0; select * from historico_estados_pedido WHERE borrado = 0
Save/Update: select * from MovimientosCuenta JOIN cliente_movimientos AS cliente ON MovimientosCuenta.nro_movimiento=cliente.nro_movimiento WHERE cliente.id_cliente=1  AND cliente.id_cliente IS NOT  NULL ; select * from cliente_movimientos; select * from documento_movimiento
Save/Update: UPDATE Usuario SET nombre='nombre6', apellido='apellido6', mail='mail6@test.com', password='pas633', telefonoFijo='6666-6666', telefonoMovil='6666-6666', bloqueado=0  WHERE usuarioID=1  ; DELETE JoinUsuarioToFamilia where usuarioID=1  ;  INSERT INTO JoinUsuarioToFamilia ( usuarioID, familiaID) VALUES ( 1 , 5 ); DELETE JoinPatenteToUsuario where usuarioID=1  ;  INSERT INTO JoinPatenteToUsuario ( usuarioID, patenteId) VALUES ( 1 , 3 ); 
Save/Update: UPDATE Cliente SET habitadoTurnos=0 , newsletter=1  WHERE id_cliente=1  ; UPDATE Pedido SET borrado=1 WHERE id_cliente=1  ; UPDATE Factura SET borrado=1 WHERE id_cliente=1  ; UPDATE Diseño SET borrado=1 WHERE id_cliente=1  ; 
Save/Update: select * from Cliente WHERE  Cliente.id_cliente=1  ; select * from cliente_movimientos; select * from Pedido WHERE borrado = 0; select * from Factura WHERE borrado = 0; select * from Diseño WHERE borrado = 0
Save/Update: select * from Usuario WHERE  Usuario.usuarioID=1  ; select * from JoinUsuarioToFamilia; select * from JoinPatenteToUsuario
Save/Update: select * from Familia JOIN JoinUsuarioToFamilia AS usuarios ON Familia.familiaID=usuarios.familiaID WHERE usuarios.usuarioID=1  ; select * from JoinFamiliaToPatente
Save/Update: select * from Patente JOIN JoinFamiliaToPatente AS familia ON Patente.patenteId=familia.patenteId WHERE familia.familiaID=5  
Save/Update: select * from Patente JOIN JoinPatenteToUsuario AS usuario ON Patente.patenteId=usuario.patenteId WHERE usuario.usuarioID=1  
Save/Update: select * from Cliente WHERE  Cliente.usuarioID=1  ; select * from cliente_movimientos; select * from Pedido WHERE borrado = 0; select * from Factura WHERE borrado = 0; select * from Diseño WHERE borrado = 0
Save/Update: select * from Diseño WHERE  Diseño.id_cliente=1  ; select * from historico_estados_diseño WHERE borrado = 0
Save/Update: select * from Factura WHERE  Factura.id_cliente=1  ; select * from documento_movimiento; select * from LineaFactura WHERE borrado = 0
Save/Update: select * from Pedido WHERE  Pedido.id_cliente=1  ; select * from produccion WHERE borrado = 0; select * from historico_estados_pedido WHERE borrado = 0
Save/Update: select * from MovimientosCuenta JOIN cliente_movimientos AS cliente ON MovimientosCuenta.nro_movimiento=cliente.nro_movimiento WHERE cliente.id_cliente=1  AND cliente.id_cliente IS NOT  NULL ; select * from cliente_movimientos; select * from documento_movimiento
Save/Update: UPDATE Usuario SET nombre='nombre1', apellido='apellido1', mail='mail1@test.com', password='11C8', telefonoFijo='1111-1111', telefonoMovil='1111-1111', bloqueado=0  WHERE usuarioID=1  ; DELETE JoinUsuarioToFamilia where usuarioID=1  ; DELETE JoinPatenteToUsuario where usuarioID=1  ;  INSERT INTO JoinPatenteToUsuario ( usuarioID, patenteId) VALUES ( 1 , 1 ); 
Save/Update: UPDATE Cliente SET habitadoTurnos=1 , newsletter=0  WHERE id_cliente=1  ; UPDATE Pedido SET borrado=1 WHERE id_cliente=1  ; UPDATE Factura SET borrado=1 WHERE id_cliente=1  ; UPDATE Diseño SET borrado=1 WHERE id_cliente=1  ; 
Save/Update:  UPDATE factura set borrado = 0 
Save/Update:  UPDATE diseño set borrado = 0 
Save/Update:  UPDATE pedido set borrado = 0</StdOut>
      </Output>
    </UnitTestResult>
    <UnitTestResult executionId="b3cba480-face-4272-b975-9070c453b18b" testId="53977503-45e6-020c-cee1-a5a2bdcb3045" testName="borrarFamiliaTest" computerName="DIEGO-PC" duration="00:00:00.0092244" startTime="2012-11-19T19:38:15.9000889-03:00" endTime="2012-11-19T19:38:15.9170899-03:00" testType="13cdc9d9-ddb5-4fa4-a97d-d965ccfc6d4b" outcome="Passed" testListId="8c84fa94-04c1-424b-9868-57a2d4851a1d" relativeResultsDirectory="b3cba480-face-4272-b975-9070c453b18b">
      <Output>
        <StdOut>Save/Update: INSERT INTO Familia (familiaID, descripcion, nombre) VALUES (7 , 'familia test', 'test'); DELETE JoinFamiliaToPatente where familiaID=7  ;  INSERT INTO JoinFamiliaToPatente ( familiaID, patenteId) VALUES ( 7 , 9 ); 
Save/Update: select * from Familia WHERE  Familia.familiaID=7  ; select * from JoinFamiliaToPatente
Save/Update: DELETE JoinFamiliaToPatente where familiaID=7  ; ;DELETE Familia WHERE familiaID=7  
Save/Update: select * from Familia WHERE  Familia.familiaID=7  ; select * from JoinFamiliaToPatente</StdOut>
      </Output>
    </UnitTestResult>
    <UnitTestResult executionId="2297add9-d64e-4b77-84df-8cfe2c6fd71f" testId="53e8a9c8-96f4-eccd-a6cf-588d5c1fbc4b" testName="guardarArticuloTest" computerName="DIEGO-PC" duration="00:00:00.0122157" startTime="2012-11-19T19:38:15.9240903-03:00" endTime="2012-11-19T19:38:15.9430914-03:00" testType="13cdc9d9-ddb5-4fa4-a97d-d965ccfc6d4b" outcome="Passed" testListId="8c84fa94-04c1-424b-9868-57a2d4851a1d" relativeResultsDirectory="2297add9-d64e-4b77-84df-8cfe2c6fd71f">
      <Output>
        <StdOut>Save/Update: SELECT  ISNULL(MAX(cod_articulo + 1),1) from Articulos
Save/Update: INSERT INTO Articulos (cod_articulo, tipoPrendaID, diseñoID, comentario, produccion, precioActual, borrado) VALUES (4 , 3 , 2 , 'com test', 10 , 1, 0 ); UPDATE lista_precios SET borrado=1 WHERE cod_articulo=4  ; 
Save/Update: SELECT  ISNULL( MAX(nro_lista + 1), 1) from lista_precios WHERE cod_articulo=4
Save/Update: INSERT INTO lista_precios (nro_lista, cod_articulo, precio, fechaDesde, fechaHasta, borrado) VALUES (1 , 4 , 1,  CAST('19/11/2012 19:38:15.931'  AS DateTime),  NULL , 0 ); 
Save/Update: select * from Articulos WHERE  Articulos.cod_articulo=4  ; select * from lista_precios WHERE borrado = 0
Save/Update: select * from lista_precios WHERE  lista_precios.cod_articulo=4  
Save/Update: select * from TipoPrenda WHERE  TipoPrenda.tipo_prenda=3  
Save/Update: select * from Diseño WHERE  Diseño.cod_diseño=2  ; select * from historico_estados_diseño WHERE borrado = 0
Save/Update: DELETE lista_precios WHERE nro_lista=1  AND cod_articulo=4  
Save/Update: DELETE lista_precios WHERE nro_lista=2  AND cod_articulo=4  
Save/Update: DELETE Articulos WHERE cod_articulo=4</StdOut>
      </Output>
    </UnitTestResult>
    <UnitTestResult executionId="0a07495a-c246-4a3c-9949-cfd09e628e1b" testId="53fb134c-9656-57a4-8598-b11e28cf481e" testName="actualizarMovimientoTest" computerName="DIEGO-PC" duration="00:00:00.0155394" startTime="2012-11-19T19:38:15.9450915-03:00" endTime="2012-11-19T19:38:15.9710930-03:00" testType="13cdc9d9-ddb5-4fa4-a97d-d965ccfc6d4b" outcome="Passed" testListId="8c84fa94-04c1-424b-9868-57a2d4851a1d" relativeResultsDirectory="0a07495a-c246-4a3c-9949-cfd09e628e1b">
      <Output>
        <StdOut>Save/Update: SELECT  ISNULL(MAX(nro_movimiento + 1),1) from MovimientosCuenta
Save/Update: INSERT INTO MovimientosCuenta (nro_movimiento, comentario, fecha, monto, cuentaID, tipoMovimientoID) VALUES (4 , 'com4',  CAST('19/11/2012 19:38:15.957'  AS DateTime), 33.3, 1 , 2 ); DELETE proveedor_movimientos where nro_movimiento=4  ;  INSERT INTO proveedor_movimientos ( nro_movimiento, id_proveedor) VALUES ( 4 , 3 ); DELETE documento_movimiento where nro_movimiento=4  ; 
Save/Update: select * from MovimientosCuenta JOIN proveedor_movimientos AS proveedor ON MovimientosCuenta.nro_movimiento=proveedor.nro_movimiento WHERE  MovimientosCuenta.nro_movimiento=4  AND proveedor.id_proveedor IS NOT  NULL ; select * from proveedor_movimientos; select * from documento_movimiento
Save/Update: select * from Proveedor WHERE  Proveedor.id_proveedor=3  
Save/Update: select * from OrdenDeCompra WHERE  OrdenDeCompra.id_proveedor=3  ; select * from documento_movimiento; select * from LineaOrdenDeCompra WHERE borrado = 0
Save/Update: select * from tipoMovimiento WHERE  tipoMovimiento.tipoMovimientoID=2  
Save/Update: select * from Cuenta WHERE  Cuenta.cuentaID=1  
Save/Update: UPDATE MovimientosCuenta SET comentario='com4', fecha= CAST('19/11/2012 19:38:15.957'  AS DateTime), monto=33.3, cuentaID=1 , tipoMovimientoID=2  WHERE nro_movimiento=4  ; DELETE proveedor_movimientos where nro_movimiento=4  ;  INSERT INTO proveedor_movimientos ( nro_movimiento, id_proveedor) VALUES ( 4 , 1 ); DELETE documento_movimiento where nro_movimiento=4  ; 
Save/Update: select * from MovimientosCuenta JOIN proveedor_movimientos AS proveedor ON MovimientosCuenta.nro_movimiento=proveedor.nro_movimiento WHERE  MovimientosCuenta.nro_movimiento=4  AND proveedor.id_proveedor IS NOT  NULL ; select * from proveedor_movimientos; select * from documento_movimiento
Save/Update: select * from Proveedor WHERE  Proveedor.id_proveedor=1  
Save/Update: select * from OrdenDeCompra WHERE  OrdenDeCompra.id_proveedor=1  ; select * from documento_movimiento; select * from LineaOrdenDeCompra WHERE borrado = 0
Save/Update: select * from tipoMovimiento WHERE  tipoMovimiento.tipoMovimientoID=2  
Save/Update: select * from Cuenta WHERE  Cuenta.cuentaID=1  
Save/Update: DELETE proveedor_movimientos where nro_movimiento=4  ; DELETE documento_movimiento where nro_movimiento=4  ; ;DELETE MovimientosCuenta WHERE nro_movimiento=4</StdOut>
      </Output>
    </UnitTestResult>
    <UnitTestResult executionId="6d40b0c7-08f6-48b0-adb8-593da0257276" testId="542e3d8e-c605-852a-af9b-310782faad08" testName="actualizarMaquinaTest" computerName="DIEGO-PC" duration="00:00:00.0149176" startTime="2012-11-19T19:38:15.9770933-03:00" endTime="2012-11-19T19:38:15.9980945-03:00" testType="13cdc9d9-ddb5-4fa4-a97d-d965ccfc6d4b" outcome="Passed" testListId="8c84fa94-04c1-424b-9868-57a2d4851a1d" relativeResultsDirectory="6d40b0c7-08f6-48b0-adb8-593da0257276">
      <Output>
        <StdOut>Save/Update: SELECT  ISNULL(MAX(cod_maquina + 1),1) from Maquina
Save/Update: INSERT INTO Maquina (cod_maquina, altoMargen, anchoMargen, cabezales, nombre, velocidadPromedio, cantidadColores) VALUES (4 , 100 , 200 , 12 , 'nombre nuevo', 1000 , 12 ); DELETE JoinMaquinaToTipoPrenda where cod_maquina=4  ;  INSERT INTO JoinMaquinaToTipoPrenda ( cod_maquina, tipo_prenda) VALUES ( 4 , 1 );  INSERT INTO JoinMaquinaToTipoPrenda ( cod_maquina, tipo_prenda) VALUES ( 4 , 2 ); 
Save/Update: select * from Maquina WHERE  Maquina.cod_maquina=4  ; select * from JoinMaquinaToTipoPrenda
Save/Update: select * from TipoPrenda WHERE  TipoPrenda.tipo_prenda=1  
Save/Update: select * from TipoPrenda WHERE  TipoPrenda.tipo_prenda=2  
Save/Update: UPDATE Maquina SET altoMargen=100 , anchoMargen=200 , cabezales=12 , nombre='nombre editado', velocidadPromedio=1000 , cantidadColores=12  WHERE cod_maquina=4  ; DELETE JoinMaquinaToTipoPrenda where cod_maquina=4  ;  INSERT INTO JoinMaquinaToTipoPrenda ( cod_maquina, tipo_prenda) VALUES ( 4 , 1 ); 
Save/Update: select * from Maquina WHERE  Maquina.cod_maquina=4  ; select * from JoinMaquinaToTipoPrenda
Save/Update: select * from TipoPrenda WHERE  TipoPrenda.tipo_prenda=1  
Save/Update: DELETE JoinMaquinaToTipoPrenda where cod_maquina=4  ; ;DELETE Maquina WHERE cod_maquina=4  
Save/Update: delete from JoinMaquinaToTipoPrenda where cod_maquina=4</StdOut>
      </Output>
    </UnitTestResult>
    <UnitTestResult executionId="8ba4342a-8666-4269-b4aa-76ebab0922ac" testId="55841f62-e499-c1d2-7702-e492ea6411db" testName="grabarInsumoTest" computerName="DIEGO-PC" duration="00:00:00.0061805" startTime="2012-11-19T19:38:16.0110953-03:00" endTime="2012-11-19T19:38:16.0250961-03:00" testType="13cdc9d9-ddb5-4fa4-a97d-d965ccfc6d4b" outcome="Passed" testListId="8c84fa94-04c1-424b-9868-57a2d4851a1d" relativeResultsDirectory="8ba4342a-8666-4269-b4aa-76ebab0922ac">
      <Output>
        <StdOut>Save/Update: SELECT  ISNULL(MAX(cod_insumo + 1),1) from insumo
Save/Update: INSERT INTO insumo (cod_insumo, nombre, id_tipo_insumo, color, detalle, costo, cantidadActual) VALUES (5 , 'nombre5', 1 , 1 , 'detalle5', 5, 5 ); 
Save/Update: select * from insumo WHERE  insumo.cod_insumo=5  
Save/Update: DELETE insumo WHERE cod_insumo=5</StdOut>
      </Output>
    </UnitTestResult>
    <UnitTestResult executionId="af273b9a-fc54-46cb-b146-95ed5a14c2e9" testId="5627da22-d5e7-edd9-24c7-79ea0acd3bdb" testName="buscarEncuestaTest" computerName="DIEGO-PC" duration="00:00:00.1358461" startTime="2012-11-19T19:38:16.0270962-03:00" endTime="2012-11-19T19:38:16.1721045-03:00" testType="13cdc9d9-ddb5-4fa4-a97d-d965ccfc6d4b" outcome="Passed" testListId="8c84fa94-04c1-424b-9868-57a2d4851a1d" relativeResultsDirectory="af273b9a-fc54-46cb-b146-95ed5a14c2e9">
      <Output>
        <StdOut>Save/Update: SELECT  ISNULL(MAX(id + 1),1) from encuesta
Save/Update: INSERT INTO encuesta (id, atencion, calidad, eficiencia) VALUES (4 , 1 , 2 , 3 ); 
Save/Update: select * from encuesta
Save/Update: DELETE encuesta WHERE id=4  
Save/Update: select * from encuesta</StdOut>
      </Output>
    </UnitTestResult>
    <UnitTestResult executionId="bd916fcf-dbe0-4f9d-b527-6d060f2d5f2f" testId="57811f03-2314-dd80-537e-0ead8105505e" testName="actualizarProveedorTest" computerName="DIEGO-PC" duration="00:00:00.0052829" startTime="2012-11-19T19:38:16.1741046-03:00" endTime="2012-11-19T19:38:16.1881054-03:00" testType="13cdc9d9-ddb5-4fa4-a97d-d965ccfc6d4b" outcome="Passed" testListId="8c84fa94-04c1-424b-9868-57a2d4851a1d" relativeResultsDirectory="bd916fcf-dbe0-4f9d-b527-6d060f2d5f2f">
      <Output>
        <StdOut>Save/Update: UPDATE Proveedor SET nombre='nombre1modificado', telefono='15-1111-1111', direccion='direccion 1 modificado' WHERE id_proveedor=1  ; 
Save/Update: select * from Proveedor WHERE  Proveedor.id_proveedor=1  
Save/Update: UPDATE Proveedor SET nombre='nombre1', telefono='1111-1111', direccion='direccion 1' WHERE id_proveedor=1  ;</StdOut>
      </Output>
    </UnitTestResult>
    <UnitTestResult executionId="b0b4c607-fb52-4c22-a623-68b995f19581" testId="57822e73-41f0-97dd-bf29-4b1fd4ed053c" testName="actualizarMovimientosTest" computerName="DIEGO-PC" duration="00:00:00.0120336" startTime="2012-11-19T19:38:16.1941057-03:00" endTime="2012-11-19T19:38:16.2131068-03:00" testType="13cdc9d9-ddb5-4fa4-a97d-d965ccfc6d4b" outcome="Passed" testListId="8c84fa94-04c1-424b-9868-57a2d4851a1d" relativeResultsDirectory="b0b4c607-fb52-4c22-a623-68b995f19581">
      <Output>
        <StdOut>Save/Update: SELECT  ISNULL(MAX(nro_movimiento + 1),1) from MovimientosStock WHERE cod_insumo=1
Save/Update: INSERT INTO MovimientosStock (nro_movimiento, cod_insumo, tipo, fecha, cantidad) VALUES (3 , 1 , 1 ,  CAST('11/11/2012 00:00:00.000'  AS DateTime), 15); 
Save/Update: select * from MovimientosStock WHERE  MovimientosStock.cod_insumo=1  AND  MovimientosStock.nro_movimiento=3  
Save/Update: UPDATE MovimientosStock SET tipo=1 , fecha= CAST('11/11/2012 00:00:00.000'  AS DateTime), cantidad=18.3 WHERE nro_movimiento=3  AND cod_insumo=1  ; 
Save/Update: select * from MovimientosStock WHERE  MovimientosStock.cod_insumo=1  AND  MovimientosStock.nro_movimiento=3  
Save/Update: DELETE MovimientosStock WHERE nro_movimiento=3  AND cod_insumo=1</StdOut>
      </Output>
    </UnitTestResult>
    <UnitTestResult executionId="2dc24d08-8473-4531-9780-47bcea239e68" testId="58008e3d-a662-382f-b6bd-ea56db2d0729" testName="buscarPrimerosHuecosMaquinaTest" computerName="DIEGO-PC" duration="00:00:00.0296731" startTime="2012-11-19T19:38:16.2151069-03:00" endTime="2012-11-19T19:38:16.2531091-03:00" testType="13cdc9d9-ddb5-4fa4-a97d-d965ccfc6d4b" outcome="Passed" testListId="8c84fa94-04c1-424b-9868-57a2d4851a1d" relativeResultsDirectory="2dc24d08-8473-4531-9780-47bcea239e68">
      <Output>
        <StdOut>Save/Update: select * from produccion WHERE  produccion.cod_maquina=1  AND  produccion.fechaFinal&gt;= CAST('09/10/2012 11:00:00.000'  AS DateTime) ; select * from historico_estados_produccion WHERE borrado = 0
Save/Update: select * from Pedido WHERE  Pedido.cod_pedido=1  ; select * from produccion WHERE borrado = 0; select * from historico_estados_pedido WHERE borrado = 0
Save/Update: select * from Maquina WHERE  Maquina.cod_maquina=1  ; select * from JoinMaquinaToTipoPrenda
Save/Update: select * from Articulos WHERE  Articulos.cod_articulo=1  ; select * from lista_precios WHERE borrado = 0
Save/Update: select * from EstadoTrabajos WHERE  EstadoTrabajos.cod_estado=3  
Save/Update: select * from historico_estados_produccion WHERE  historico_estados_produccion.cod_produccion=1  
Save/Update: select * from produccion_operador WHERE  produccion_operador.cod_prodcuccion=1  
Save/Update: select * from Pedido WHERE  Pedido.cod_pedido=1  ; select * from produccion WHERE borrado = 0; select * from historico_estados_pedido WHERE borrado = 0
Save/Update: select * from Maquina WHERE  Maquina.cod_maquina=1  ; select * from JoinMaquinaToTipoPrenda
Save/Update: select * from Articulos WHERE  Articulos.cod_articulo=2  ; select * from lista_precios WHERE borrado = 0
Save/Update: select * from EstadoTrabajos WHERE  EstadoTrabajos.cod_estado=2  
Save/Update: select * from historico_estados_produccion WHERE  historico_estados_produccion.cod_produccion=2  
Save/Update: select * from produccion_operador WHERE  produccion_operador.cod_prodcuccion=2  
Save/Update: select * from Pedido WHERE  Pedido.cod_pedido=2  ; select * from produccion WHERE borrado = 0; select * from historico_estados_pedido WHERE borrado = 0
Save/Update: select * from Maquina WHERE  Maquina.cod_maquina=1  ; select * from JoinMaquinaToTipoPrenda
Save/Update: select * from Articulos WHERE  Articulos.cod_articulo=6  ; select * from lista_precios WHERE borrado = 0
Save/Update: select * from EstadoTrabajos WHERE  EstadoTrabajos.cod_estado=0  
Save/Update: select * from historico_estados_produccion WHERE  historico_estados_produccion.cod_produccion=5  
Save/Update: select * from produccion_operador WHERE  produccion_operador.cod_prodcuccion=5  
Save/Update: select * from produccion WHERE  produccion.cod_maquina=1  AND  produccion.fechaInicio&gt;= CAST('09/10/2012 14:00:00.000'  AS DateTime) ; select * from historico_estados_produccion WHERE borrado = 0
Save/Update: select * from Pedido WHERE  Pedido.cod_pedido=1  ; select * from produccion WHERE borrado = 0; select * from historico_estados_pedido WHERE borrado = 0
Save/Update: select * from Maquina WHERE  Maquina.cod_maquina=1  ; select * from JoinMaquinaToTipoPrenda
Save/Update: select * from Articulos WHERE  Articulos.cod_articulo=2  ; select * from lista_precios WHERE borrado = 0
Save/Update: select * from EstadoTrabajos WHERE  EstadoTrabajos.cod_estado=2  
Save/Update: select * from historico_estados_produccion WHERE  historico_estados_produccion.cod_produccion=2  
Save/Update: select * from produccion_operador WHERE  produccion_operador.cod_prodcuccion=2  
Save/Update: select * from Pedido WHERE  Pedido.cod_pedido=2  ; select * from produccion WHERE borrado = 0; select * from historico_estados_pedido WHERE borrado = 0
Save/Update: select * from Maquina WHERE  Maquina.cod_maquina=1  ; select * from JoinMaquinaToTipoPrenda
Save/Update: select * from Articulos WHERE  Articulos.cod_articulo=6  ; select * from lista_precios WHERE borrado = 0
Save/Update: select * from EstadoTrabajos WHERE  EstadoTrabajos.cod_estado=0  
Save/Update: select * from historico_estados_produccion WHERE  historico_estados_produccion.cod_produccion=5  
Save/Update: select * from produccion_operador WHERE  produccion_operador.cod_prodcuccion=5  
Save/Update: DELETE produccion_operador WHERE id_operador=2  AND cod_prodcuccion=7  
Save/Update: DELETE historico_estados_produccion WHERE nro_estado=1  AND cod_produccion=7  
Save/Update: DELETE historico_estados_produccion WHERE nro_estado=2  AND cod_produccion=7  
Save/Update: DELETE produccion WHERE cod_produccion=7</StdOut>
      </Output>
    </UnitTestResult>
    <UnitTestResult executionId="d197776a-55a7-4911-81da-82b5ddaeb994" testId="583b72ae-47b9-5eaa-f8ea-320cdf69527e" testName="actualizarFamiliaPorObjetoTest" computerName="DIEGO-PC" duration="00:00:00.0751289" startTime="2012-11-19T19:38:16.2581094-03:00" endTime="2012-11-19T19:38:16.3411141-03:00" testType="13cdc9d9-ddb5-4fa4-a97d-d965ccfc6d4b" outcome="Passed" testListId="8c84fa94-04c1-424b-9868-57a2d4851a1d" relativeResultsDirectory="d197776a-55a7-4911-81da-82b5ddaeb994">
      <Output>
        <StdOut>Save/Update: select * from Familia WHERE  Familia.familiaID=5  ; select * from JoinFamiliaToPatente
Save/Update: select * from Patente JOIN JoinFamiliaToPatente AS familia ON Patente.patenteId=familia.patenteId WHERE familia.familiaID=5  
***************** Error --&gt; Save: UPDATE Familia SET descripcion='desTest', nombre='nombretest' WHERE familiaID=5  ; DELETE JoinFamiliaToPatente where familiaID=5  ;  INSERT INTO JoinFamiliaToPatente ( familiaID, patenteId) VALUES ( 5 , 9 );  INSERT INTO JoinFamiliaToPatente ( familiaID, patenteId) VALUES ( 5 , 9 ); 
                 Stacktrace: Infracción de la restricción PRIMARY KEY 'PK_JoinFamiliaToPatente'. No se puede insertar una clave duplicada en el objeto 'dbo.JoinFamiliaToPatente'.
Se terminó la instrucción.
Save/Update: select * from Familia WHERE  Familia.familiaID=5  ; select * from JoinFamiliaToPatente
Save/Update: select * from Patente JOIN JoinFamiliaToPatente AS familia ON Patente.patenteId=familia.patenteId WHERE familia.familiaID=5  
Save/Update: UPDATE Familia SET descripcion='Administracion de finanzas', nombre='Administracion de finanzas' WHERE familiaID=5  ; DELETE JoinFamiliaToPatente where familiaID=5  ;</StdOut>
      </Output>
    </UnitTestResult>
    <UnitTestResult executionId="5b9c47d2-5867-4a48-8029-f6095e786bb2" testId="590fbd59-b150-d4b9-6a37-e409519e63c2" testName="buscarInsumosConRestriccionesTest" computerName="DIEGO-PC" duration="00:00:00.0393989" startTime="2012-11-19T19:38:16.3491146-03:00" endTime="2012-11-19T19:38:16.3981174-03:00" testType="13cdc9d9-ddb5-4fa4-a97d-d965ccfc6d4b" outcome="Passed" testListId="8c84fa94-04c1-424b-9868-57a2d4851a1d" relativeResultsDirectory="5b9c47d2-5867-4a48-8029-f6095e786bb2">
      <Output>
        <StdOut>Save/Update: select * from insumo WHERE  insumo.cantidadActual=1  AND  insumo.cod_insumo=1  AND  insumo.color=1  AND  insumo.id_tipo_insumo=1  AND  insumo.detalle='detalle1' AND  insumo.nombre='nombre1' 
Save/Update: DELETE insumo WHERE cod_insumo=5</StdOut>
      </Output>
    </UnitTestResult>
    <UnitTestResult executionId="dafb12ff-fb38-45f4-b9a2-8792cf3c99bd" testId="59186e93-3595-d080-b439-d655c96ab973" testName="grabarUsuarioTest" computerName="DIEGO-PC" duration="00:00:00.0120698" startTime="2012-11-19T19:38:16.4051178-03:00" endTime="2012-11-19T19:38:16.4341195-03:00" testType="13cdc9d9-ddb5-4fa4-a97d-d965ccfc6d4b" outcome="Passed" testListId="8c84fa94-04c1-424b-9868-57a2d4851a1d" relativeResultsDirectory="dafb12ff-fb38-45f4-b9a2-8792cf3c99bd">
      <Output>
        <StdOut>Save/Update: INSERT INTO Usuario (usuarioID, nombre, apellido, mail, password, telefonoFijo, telefonoMovil, bloqueado) VALUES (6 , 'nombre6', 'apellido6', 'mail6@test.com', 'pas633', '6666-6666', '6666-6666', 0 ); DELETE JoinUsuarioToFamilia where usuarioID=6  ;  INSERT INTO JoinUsuarioToFamilia ( usuarioID, familiaID) VALUES ( 6 , 5 ); DELETE JoinPatenteToUsuario where usuarioID=6  ;  INSERT INTO JoinPatenteToUsuario ( usuarioID, patenteId) VALUES ( 6 , 3 ); 
Save/Update: select * from Usuario WHERE  Usuario.usuarioID=6  ; select * from JoinUsuarioToFamilia; select * from JoinPatenteToUsuario
Save/Update: select * from Familia JOIN JoinUsuarioToFamilia AS usuarios ON Familia.familiaID=usuarios.familiaID WHERE usuarios.usuarioID=6  ; select * from JoinFamiliaToPatente
Save/Update: select * from Patente JOIN JoinFamiliaToPatente AS familia ON Patente.patenteId=familia.patenteId WHERE familia.familiaID=5  
Save/Update: select * from Patente JOIN JoinPatenteToUsuario AS usuario ON Patente.patenteId=usuario.patenteId WHERE usuario.usuarioID=6  
Save/Update: select * from Cliente WHERE  Cliente.usuarioID=6  ; select * from cliente_movimientos; select * from Pedido WHERE borrado = 0; select * from Factura WHERE borrado = 0; select * from Diseño WHERE borrado = 0
Save/Update: DELETE JoinUsuarioToFamilia where usuarioID=6  ; DELETE JoinPatenteToUsuario where usuarioID=6  ; ;DELETE Usuario WHERE usuarioID=6  
Save/Update: select * from Usuario WHERE  Usuario.usuarioID=6  ; select * from JoinUsuarioToFamilia; select * from JoinPatenteToUsuario</StdOut>
      </Output>
    </UnitTestResult>
    <UnitTestResult executionId="099d6101-1e8a-441a-b378-d561af2c60d1" testId="5973b42f-4391-99d3-6b49-5d351ffdd924" testName="listarInsumosPorCodigoTest" computerName="DIEGO-PC" duration="00:00:00.0042145" startTime="2012-11-19T19:38:16.4411199-03:00" endTime="2012-11-19T19:38:16.4511204-03:00" testType="13cdc9d9-ddb5-4fa4-a97d-d965ccfc6d4b" outcome="Passed" testListId="8c84fa94-04c1-424b-9868-57a2d4851a1d" relativeResultsDirectory="099d6101-1e8a-441a-b378-d561af2c60d1">
      <Output>
        <StdOut>Save/Update: select * from insumo WHERE  insumo.cod_insumo=1  
Save/Update: select * from tipoInsumo WHERE  tipoInsumo.tipo_insumo=1  
Save/Update: select * from color WHERE  color.codigo_color=1  
Save/Update: select * from MovimientosStock WHERE  MovimientosStock.cod_insumo=1  
Save/Update: DELETE MovimientosStock WHERE nro_movimiento=1  AND cod_insumo=5  
Save/Update: DELETE MovimientosStock WHERE nro_movimiento=2  AND cod_insumo=5  
Save/Update: DELETE insumo WHERE cod_insumo=5</StdOut>
      </Output>
    </UnitTestResult>
    <UnitTestResult executionId="816dbd9a-e2f9-414b-ba6c-26b291d4092c" testId="59ac30e1-edc3-3193-83d1-44bf47baeaf4" testName="modificarInsumoTest" computerName="DIEGO-PC" duration="00:00:00.0073009" startTime="2012-11-19T19:38:16.4581208-03:00" endTime="2012-11-19T19:38:16.4711216-03:00" testType="13cdc9d9-ddb5-4fa4-a97d-d965ccfc6d4b" outcome="Passed" testListId="8c84fa94-04c1-424b-9868-57a2d4851a1d" relativeResultsDirectory="816dbd9a-e2f9-414b-ba6c-26b291d4092c">
      <Output>
        <StdOut>Save/Update: SELECT  ISNULL(MAX(cod_insumo + 1),1) from insumo
Save/Update: INSERT INTO insumo (cod_insumo, nombre, id_tipo_insumo, color, detalle, costo, cantidadActual) VALUES (5 , 'nombre5', 1 , 1 , 'detalle5', 5, 5 ); 
Save/Update: select * from insumo WHERE  insumo.cod_insumo=5  
Save/Update: UPDATE insumo SET nombre='nombre5', id_tipo_insumo=1 , color=4 , detalle='detalle5', costo=5, cantidadActual=5  WHERE cod_insumo=5  ; 
Save/Update: select * from insumo WHERE  insumo.cod_insumo=5  
Save/Update: DELETE insumo WHERE cod_insumo=5</StdOut>
      </Output>
    </UnitTestResult>
    <UnitTestResult executionId="4a7fd294-701b-4cb7-ae8a-aede0012af6f" testId="5a471128-b46d-a047-f96f-afe4f1f9ce56" testName="grabarMovimientosClienteTest" computerName="DIEGO-PC" duration="00:00:00.0072076" startTime="2012-11-19T19:38:16.4801221-03:00" endTime="2012-11-19T19:38:16.4941229-03:00" testType="13cdc9d9-ddb5-4fa4-a97d-d965ccfc6d4b" outcome="Passed" testListId="8c84fa94-04c1-424b-9868-57a2d4851a1d" relativeResultsDirectory="4a7fd294-701b-4cb7-ae8a-aede0012af6f">
      <Output>
        <StdOut>Save/Update: SELECT  ISNULL(MAX(nro_movimiento + 1),1) from MovimientosCuenta
Save/Update: INSERT INTO MovimientosCuenta (nro_movimiento, comentario, fecha, monto, cuentaID, tipoMovimientoID) VALUES (4 , 'com4',  CAST('19/11/2012 19:38:16.487'  AS DateTime), 33.3, 1 , 2 ); DELETE cliente_movimientos where nro_movimiento=4  ;  INSERT INTO cliente_movimientos ( nro_movimiento, id_cliente) VALUES ( 4 , 2 ); DELETE documento_movimiento where nro_movimiento=4  ; 
Save/Update: select * from MovimientosCuenta JOIN cliente_movimientos AS cliente ON MovimientosCuenta.nro_movimiento=cliente.nro_movimiento WHERE  MovimientosCuenta.nro_movimiento=4  AND  MovimientosCuenta.monto=33.3 AND cliente.id_cliente IS NOT  NULL ; select * from cliente_movimientos; select * from documento_movimiento
Save/Update: DELETE cliente_movimientos where nro_movimiento=4  ; DELETE documento_movimiento where nro_movimiento=4  ; ;DELETE MovimientosCuenta WHERE nro_movimiento=4</StdOut>
      </Output>
    </UnitTestResult>
    <UnitTestResult executionId="107359c4-5a3f-47f0-afba-60a39185daab" testId="5b45a836-b61f-3f4e-71ec-60865157f707" testName="modificarTest" computerName="DIEGO-PC" duration="00:00:00.0195869" startTime="2012-11-19T19:38:16.5001232-03:00" endTime="2012-11-19T19:38:16.5261247-03:00" testType="13cdc9d9-ddb5-4fa4-a97d-d965ccfc6d4b" outcome="Passed" testListId="8c84fa94-04c1-424b-9868-57a2d4851a1d" relativeResultsDirectory="107359c4-5a3f-47f0-afba-60a39185daab">
      <Output>
        <StdOut>Save/Update: select * from Conversacion WHERE  Conversacion.remitente=4  ; select * from mensaje WHERE borrado = 0
Save/Update: select * from Conversacion WHERE  Conversacion.destinatario=4  ; select * from mensaje WHERE borrado = 0
Save/Update: select * from Usuario WHERE  Usuario.usuarioID=4  ; select * from JoinUsuarioToFamilia; select * from JoinPatenteToUsuario
Save/Update: select * from Usuario WHERE  Usuario.usuarioID=5  ; select * from JoinUsuarioToFamilia; select * from JoinPatenteToUsuario
Save/Update: select * from Mensaje WHERE  Mensaje.id_conversacion=2  
Save/Update: UPDATE Conversacion SET remitente=4 , destinatario=5  WHERE id_conversacion=2  ; UPDATE mensaje SET borrado=1 WHERE id_conversacion=2  ; 
Save/Update: UPDATE Mensaje SET tipoMensaje=0 , fecha= CAST('26/08/2012 16:35:00.000'  AS DateTime), mensaje='msj de 4 a 5', leido=1 , borrado=0 , id_conversacion=2  WHERE id=3  ; 
Save/Update: UPDATE Mensaje SET tipoMensaje=1 , fecha= CAST('26/08/2012 16:35:00.000'  AS DateTime), mensaje='msj de 5 a 4', leido=0 , borrado=0 , id_conversacion=2  WHERE id=4  ; 
Save/Update: select * from Conversacion WHERE  Conversacion.remitente=4  ; select * from mensaje WHERE borrado = 0
Save/Update: select * from Conversacion WHERE  Conversacion.destinatario=4  ; select * from mensaje WHERE borrado = 0
Save/Update: select * from Usuario WHERE  Usuario.usuarioID=4  ; select * from JoinUsuarioToFamilia; select * from JoinPatenteToUsuario
Save/Update: select * from Usuario WHERE  Usuario.usuarioID=5  ; select * from JoinUsuarioToFamilia; select * from JoinPatenteToUsuario
Save/Update: select * from Mensaje WHERE  Mensaje.id_conversacion=2  
Save/Update: UPDATE Conversacion SET remitente=4 , destinatario=5  WHERE id_conversacion=2  ; UPDATE mensaje SET borrado=1 WHERE id_conversacion=2  ; 
Save/Update: UPDATE Mensaje SET tipoMensaje=0 , fecha= CAST('26/08/2012 16:35:00.000'  AS DateTime), mensaje='msj de 4 a 5', leido=1 , borrado=0 , id_conversacion=2  WHERE id=3  ; 
Save/Update: UPDATE Mensaje SET tipoMensaje=1 , fecha= CAST('26/08/2012 16:35:00.000'  AS DateTime), mensaje='msj de 5 a 4', leido=1 , borrado=0 , id_conversacion=2  WHERE id=4  ;</StdOut>
      </Output>
    </UnitTestResult>
    <UnitTestResult executionId="7d7884b3-c95f-4a11-bc09-5a07bbf097bf" testId="5b9bfc56-4cc5-173e-d51e-c0dfe65798ee" testName="actualizarTest" computerName="DIEGO-PC" duration="00:00:00.0056040" startTime="2012-11-19T19:38:16.5331251-03:00" endTime="2012-11-19T19:38:16.5461259-03:00" testType="13cdc9d9-ddb5-4fa4-a97d-d965ccfc6d4b" outcome="Passed" testListId="8c84fa94-04c1-424b-9868-57a2d4851a1d" relativeResultsDirectory="7d7884b3-c95f-4a11-bc09-5a07bbf097bf">
      <Output>
        <StdOut>Save/Update: UPDATE Proveedor SET nombre='nombre1modificado', telefono='15-1111-1111', direccion='direccion 1 modificado' WHERE id_proveedor=1  ; 
Save/Update: select * from Proveedor WHERE  Proveedor.id_proveedor=1  
Save/Update: select * from OrdenDeCompra WHERE  OrdenDeCompra.id_proveedor=1  ; select * from documento_movimiento; select * from LineaOrdenDeCompra WHERE borrado = 0
Save/Update: delete OrdenDeCompra where nro_doc=5
Save/Update: delete documento where nro_doc=5
Save/Update: DELETE Proveedor WHERE id_proveedor=4  
Save/Update: UPDATE Proveedor SET nombre='nombre1', telefono='1111-1111', direccion='direccion 1' WHERE id_proveedor=1  ;</StdOut>
      </Output>
    </UnitTestResult>
    <UnitTestResult executionId="22a4bb46-40b4-47e3-abbd-8dff5a32209c" testId="5bbb6d67-7645-c72a-0a3d-d422f73b22ec" testName="grabarPrendaTest" computerName="DIEGO-PC" duration="00:00:00.0033337" startTime="2012-11-19T19:38:16.5511262-03:00" endTime="2012-11-19T19:38:16.5611267-03:00" testType="13cdc9d9-ddb5-4fa4-a97d-d965ccfc6d4b" outcome="Passed" testListId="8c84fa94-04c1-424b-9868-57a2d4851a1d" relativeResultsDirectory="22a4bb46-40b4-47e3-abbd-8dff5a32209c">
      <Output>
        <StdOut>Save/Update: INSERT INTO TipoPrenda (tipo_prenda, descripcion) VALUES (5 , 'gorro'); 
Save/Update: select * from TipoPrenda
Save/Update: DELETE TipoPrenda WHERE tipo_prenda=5</StdOut>
      </Output>
    </UnitTestResult>
    <UnitTestResult executionId="718fedae-1877-4265-9967-12062e27b4b6" testId="5bc580ea-e8dc-d81d-d20e-846c482c1228" testName="grabarOperadorTest" computerName="DIEGO-PC" duration="00:00:00.0969037" startTime="2012-11-19T19:38:16.5641269-03:00" endTime="2012-11-19T19:38:16.6701330-03:00" testType="13cdc9d9-ddb5-4fa4-a97d-d965ccfc6d4b" outcome="Passed" testListId="8c84fa94-04c1-424b-9868-57a2d4851a1d" relativeResultsDirectory="718fedae-1877-4265-9967-12062e27b4b6">
      <Output>
        <StdOut>Save/Update: SELECT  ISNULL(MAX(id_Operador + 1),1) from operador
Save/Update: INSERT INTO operador (id_Operador, id_usuario) VALUES (3 , 3 ); 
Save/Update: select * from operador WHERE  operador.id_usuario=3  
Save/Update: DELETE operador WHERE id_Operador=3</StdOut>
      </Output>
    </UnitTestResult>
    <UnitTestResult executionId="2ee7691a-f286-4147-89bc-56bfae6dc308" testId="5bcfcf35-a297-ce16-b906-540d8e2e0904" testName="actualizaArticuloTest" computerName="DIEGO-PC" duration="00:00:00.0210008" startTime="2012-11-19T19:38:16.6781334-03:00" endTime="2012-11-19T19:38:16.7061350-03:00" testType="13cdc9d9-ddb5-4fa4-a97d-d965ccfc6d4b" outcome="Passed" testListId="8c84fa94-04c1-424b-9868-57a2d4851a1d" relativeResultsDirectory="2ee7691a-f286-4147-89bc-56bfae6dc308">
      <Output>
        <StdOut>Save/Update: SELECT  ISNULL(MAX(cod_articulo + 1),1) from Articulos
Save/Update: INSERT INTO Articulos (cod_articulo, tipoPrendaID, diseñoID, comentario, produccion, precioActual, borrado) VALUES (4 , 3 , 2 , 'com test', 10 , 1, 0 ); UPDATE lista_precios SET borrado=1 WHERE cod_articulo=4  ; 
Save/Update: SELECT  ISNULL( MAX(nro_lista + 1), 1) from lista_precios WHERE cod_articulo=4
Save/Update: INSERT INTO lista_precios (nro_lista, cod_articulo, precio, fechaDesde, fechaHasta, borrado) VALUES (1 , 4 , 1,  CAST('19/11/2012 19:38:16.686'  AS DateTime),  NULL , 0 ); 
Save/Update: select * from Articulos WHERE  Articulos.cod_articulo=4  ; select * from lista_precios WHERE borrado = 0
Save/Update: select * from lista_precios WHERE  lista_precios.cod_articulo=4  
Save/Update: select * from TipoPrenda WHERE  TipoPrenda.tipo_prenda=3  
Save/Update: select * from Diseño WHERE  Diseño.cod_diseño=2  ; select * from historico_estados_diseño WHERE borrado = 0
Save/Update: UPDATE Articulos SET tipoPrendaID=3 , diseñoID=2 , comentario='com test', produccion=10 , precioActual=2, borrado=0  WHERE cod_articulo=4  ; UPDATE lista_precios SET borrado=1 WHERE cod_articulo=4  ; 
Save/Update: UPDATE lista_precios SET precio=1, fechaDesde= CAST('19/11/2012 19:38:16.687'  AS DateTime), fechaHasta= CAST('11/11/2012 00:00:00.000'  AS DateTime), borrado=0  WHERE nro_lista=1  AND cod_articulo=4  ; 
Save/Update: SELECT  ISNULL( MAX(nro_lista + 1), 1) from lista_precios WHERE cod_articulo=4
Save/Update: INSERT INTO lista_precios (nro_lista, cod_articulo, precio, fechaDesde, fechaHasta, borrado) VALUES (2 , 4 , 2,  CAST('11/11/2012 00:00:00.000'  AS DateTime),  NULL , 0 ); 
Save/Update: select * from Articulos WHERE  Articulos.cod_articulo=4  ; select * from lista_precios WHERE borrado = 0
Save/Update: select * from lista_precios WHERE  lista_precios.cod_articulo=4  
Save/Update: select * from TipoPrenda WHERE  TipoPrenda.tipo_prenda=3  
Save/Update: select * from Diseño WHERE  Diseño.cod_diseño=2  ; select * from historico_estados_diseño WHERE borrado = 0
Save/Update: DELETE lista_precios WHERE nro_lista=1  AND cod_articulo=4  
Save/Update: DELETE lista_precios WHERE nro_lista=2  AND cod_articulo=4  
Save/Update: DELETE Articulos WHERE cod_articulo=4</StdOut>
      </Output>
    </UnitTestResult>
    <UnitTestResult executionId="b7e6884f-f9a7-48d7-a08f-3152bb38947b" testId="5be9d1df-2b36-1659-9ba5-a87863ccb63a" testName="GrabarDiseñoTest" computerName="DIEGO-PC" duration="00:00:00.0159361" startTime="2012-11-19T19:38:16.7101353-03:00" endTime="2012-11-19T19:38:16.7341366-03:00" testType="13cdc9d9-ddb5-4fa4-a97d-d965ccfc6d4b" outcome="Passed" testListId="8c84fa94-04c1-424b-9868-57a2d4851a1d" relativeResultsDirectory="b7e6884f-f9a7-48d7-a08f-3152bb38947b">
      <Output>
        <StdOut>Save/Update: SELECT  ISNULL(MAX(cod_diseño + 1),1) from Diseño
Save/Update: INSERT INTO Diseño (cod_diseño, nombre, puntadas, alto, ancho, id_cliente, estadoActual, pathImagen, pathDetalle, pathArchivoEditable, pathArchivoFinal, borrado) VALUES (3 , 'diseño3', 3333 , 33 , 33 , 1 , 1 , '', '', '', '', 0 ); UPDATE historico_estados_diseño SET borrado=1 WHERE cod_diseño=3  ; 
Save/Update: INSERT INTO Diseño_insumos (cod_diseño, cod_insumo, cantidad) VALUES (3 , 1 , 3); 
Save/Update: SELECT  ISNULL(MAX(nro_estado + 1),1) from historico_estados_diseño WHERE cod_diseño=3
Save/Update: INSERT INTO historico_estados_diseño (nro_estado, cod_diseño, comentario, fechaDesde, fechaHasta, estado, borrado) VALUES (1 , 3 , 'creacion ficha diseño',  CAST('19/11/2012 19:38:16.718'  AS DateTime),  NULL , 1 , 0 ); 
Save/Update: select * from Diseño WHERE  Diseño.cod_diseño=3  ; select * from historico_estados_diseño WHERE borrado = 0
Save/Update: select * from Cliente WHERE  Cliente.id_cliente=1  ; select * from cliente_movimientos; select * from Pedido WHERE borrado = 0; select * from Factura WHERE borrado = 0; select * from Diseño WHERE borrado = 0
Save/Update: select * from Usuario WHERE  Usuario.usuarioID=1  ; select * from JoinUsuarioToFamilia; select * from JoinPatenteToUsuario
Save/Update: select * from Diseño_insumos WHERE  Diseño_insumos.cod_diseño=3  
Save/Update: select * from historico_estados_diseño WHERE  historico_estados_diseño.cod_diseño=3  
Save/Update: select * from EstadoDiseños WHERE  EstadoDiseños.estado=1  
Save/Update: DELETE FROM Diseño_insumos where cod_diseño=3
Save/Update: DELETE FROM historico_estados_diseño where cod_diseño=3
Save/Update: DELETE Diseño WHERE cod_diseño=3</StdOut>
      </Output>
    </UnitTestResult>
    <UnitTestResult executionId="e208f81d-9c57-4266-9563-028ab2dd91f6" testId="5c26e5bc-173f-d60e-f76c-ab3d9a4b4531" testName="buscarPrimerosHuecosMaquinaTest5" computerName="DIEGO-PC" duration="00:00:00.0094689" startTime="2012-11-19T19:38:16.7371368-03:00" endTime="2012-11-19T19:38:16.7541378-03:00" testType="13cdc9d9-ddb5-4fa4-a97d-d965ccfc6d4b" outcome="Passed" testListId="8c84fa94-04c1-424b-9868-57a2d4851a1d" relativeResultsDirectory="e208f81d-9c57-4266-9563-028ab2dd91f6">
      <Output>
        <StdOut>Save/Update: select * from produccion WHERE  produccion.cod_maquina=2  AND  produccion.fechaFinal&gt;= CAST('09/10/2012 11:00:00.000'  AS DateTime) ; select * from historico_estados_produccion WHERE borrado = 0
Save/Update: select * from Pedido WHERE  Pedido.cod_pedido=1  ; select * from produccion WHERE borrado = 0; select * from historico_estados_pedido WHERE borrado = 0
Save/Update: select * from Maquina WHERE  Maquina.cod_maquina=2  ; select * from JoinMaquinaToTipoPrenda
Save/Update: select * from Articulos WHERE  Articulos.cod_articulo=3  ; select * from lista_precios WHERE borrado = 0
Save/Update: select * from EstadoTrabajos WHERE  EstadoTrabajos.cod_estado=0  
Save/Update: select * from historico_estados_produccion WHERE  historico_estados_produccion.cod_produccion=3  
Save/Update: select * from produccion_operador WHERE  produccion_operador.cod_prodcuccion=3  
Save/Update: select * from produccion WHERE  produccion.cod_maquina=2  AND  produccion.fechaInicio&gt;= CAST('12/10/2012 18:00:00.000'  AS DateTime) ; select * from historico_estados_produccion WHERE borrado = 0
Save/Update: DELETE produccion_operador WHERE id_operador=2  AND cod_prodcuccion=7  
Save/Update: DELETE historico_estados_produccion WHERE nro_estado=1  AND cod_produccion=7  
Save/Update: DELETE historico_estados_produccion WHERE nro_estado=2  AND cod_produccion=7  
Save/Update: DELETE produccion WHERE cod_produccion=7</StdOut>
      </Output>
    </UnitTestResult>
    <UnitTestResult executionId="abd485d9-68a6-44af-b557-45f455a7eed4" testId="5c85b597-4b7a-176d-3dac-461f2d66fe1b" testName="buscarPorDescripcionTest" computerName="DIEGO-PC" duration="00:00:00.1481443" startTime="2012-11-19T19:38:16.7591381-03:00" endTime="2012-11-19T19:38:16.9191472-03:00" testType="13cdc9d9-ddb5-4fa4-a97d-d965ccfc6d4b" outcome="Passed" testListId="8c84fa94-04c1-424b-9868-57a2d4851a1d" relativeResultsDirectory="abd485d9-68a6-44af-b557-45f455a7eed4">
      <Output>
        <StdOut>Save/Update: select * from Proveedor WHERE  Proveedor.nombre='nombre2' AND  Proveedor.telefono='2222-2222' AND  Proveedor.direccion='direccion 2'</StdOut>
      </Output>
    </UnitTestResult>
    <UnitTestResult executionId="df2184e8-e349-496b-84d7-974ba141d473" testId="5d206a37-78a3-f908-c018-7a5a53253c75" testName="buscarInsumosTest" computerName="DIEGO-PC" duration="00:00:00.0063300" startTime="2012-11-19T19:38:16.9221474-03:00" endTime="2012-11-19T19:38:16.9361482-03:00" testType="13cdc9d9-ddb5-4fa4-a97d-d965ccfc6d4b" outcome="Passed" testListId="8c84fa94-04c1-424b-9868-57a2d4851a1d" relativeResultsDirectory="df2184e8-e349-496b-84d7-974ba141d473">
      <Output>
        <StdOut>Save/Update: select * from insumo
Save/Update: DELETE insumo WHERE cod_insumo=5</StdOut>
      </Output>
    </UnitTestResult>
    <UnitTestResult executionId="1f690c88-404f-48c6-8567-4e1393cce6a6" testId="5d5c620b-143e-df44-c141-574eca133b7a" testName="borrarInsumoTest" computerName="DIEGO-PC" duration="00:00:00.0070038" startTime="2012-11-19T19:38:16.9431486-03:00" endTime="2012-11-19T19:38:16.9581494-03:00" testType="13cdc9d9-ddb5-4fa4-a97d-d965ccfc6d4b" outcome="Passed" testListId="8c84fa94-04c1-424b-9868-57a2d4851a1d" relativeResultsDirectory="1f690c88-404f-48c6-8567-4e1393cce6a6">
      <Output>
        <StdOut>Save/Update: SELECT  ISNULL(MAX(cod_insumo + 1),1) from insumo
Save/Update: INSERT INTO insumo (cod_insumo, nombre, id_tipo_insumo, color, detalle, costo, cantidadActual) VALUES (5 , 'nombre5', 1 , 1 , 'detalle5', 5, 5 ); 
Save/Update: select * from insumo
Save/Update: DELETE insumo WHERE cod_insumo=5  
Save/Update: select * from insumo
Save/Update: DELETE insumo WHERE cod_insumo=5</StdOut>
      </Output>
    </UnitTestResult>
    <UnitTestResult executionId="892c4302-2320-4551-80ac-d74f8b4c226e" testId="5e0dec84-1eed-840d-bf51-237b2ddbdebf" testName="modificarListaPrecioTest" computerName="DIEGO-PC" duration="00:00:00.0153972" startTime="2012-11-19T19:38:16.9601496-03:00" endTime="2012-11-19T19:38:16.9841509-03:00" testType="13cdc9d9-ddb5-4fa4-a97d-d965ccfc6d4b" outcome="Passed" testListId="8c84fa94-04c1-424b-9868-57a2d4851a1d" relativeResultsDirectory="892c4302-2320-4551-80ac-d74f8b4c226e">
      <Output>
        <StdOut>Save/Update: SELECT  ISNULL( MAX(nro_lista + 1), 1) from lista_precios WHERE cod_articulo=1
Save/Update: INSERT INTO lista_precios (nro_lista, cod_articulo, precio, fechaDesde, fechaHasta, borrado) VALUES (3 , 1 , 3.1,  CAST('11/11/2011 13:55:33.110'  AS DateTime),  CAST('11/11/2011 14:55:33.223'  AS DateTime), 0 ); 
Save/Update: select * from lista_precios WHERE  lista_precios.borrado=0  AND  lista_precios.cod_articulo=1  
Save/Update: UPDATE lista_precios SET precio=4.4, fechaDesde= CAST('11/11/2011 13:55:33.110'  AS DateTime), fechaHasta= CAST('11/11/2011 14:55:33.223'  AS DateTime), borrado=0  WHERE nro_lista=3  AND cod_articulo=1  ; 
Save/Update: select * from lista_precios WHERE  lista_precios.borrado=0  AND  lista_precios.cod_articulo=1  
Save/Update: DELETE lista_precios WHERE nro_lista=3  AND cod_articulo=1</StdOut>
      </Output>
    </UnitTestResult>
    <UnitTestResult executionId="8ea3cb20-4445-42a1-9e0a-4b2cd9409db4" testId="5e39e02d-2b70-3982-2130-96924fff6d81" testName="listarProduccionPorFechasTest" computerName="DIEGO-PC" duration="00:00:00.0145512" startTime="2012-11-19T19:38:16.9861510-03:00" endTime="2012-11-19T19:38:17.0081523-03:00" testType="13cdc9d9-ddb5-4fa4-a97d-d965ccfc6d4b" outcome="Passed" testListId="8c84fa94-04c1-424b-9868-57a2d4851a1d" relativeResultsDirectory="8ea3cb20-4445-42a1-9e0a-4b2cd9409db4">
      <Output>
        <StdOut>Save/Update: select * from produccion WHERE  produccion.fechaInicio&gt;= CAST('09/10/2012 09:00:00.000'  AS DateTime) AND  produccion.fechaInicio&lt;= CAST('09/10/2012 14:00:00.000'  AS DateTime) AND  produccion.fechaFinal&gt;= CAST('09/10/2012 12:00:00.000'  AS DateTime) AND  produccion.fechaFinal&lt;= CAST('09/10/2012 14:00:00.000'  AS DateTime) ; select * from historico_estados_produccion WHERE borrado = 0
Save/Update: select * from Pedido WHERE  Pedido.cod_pedido=1  ; select * from produccion WHERE borrado = 0; select * from historico_estados_pedido WHERE borrado = 0
Save/Update: select * from Maquina WHERE  Maquina.cod_maquina=1  ; select * from JoinMaquinaToTipoPrenda
Save/Update: select * from Articulos WHERE  Articulos.cod_articulo=1  ; select * from lista_precios WHERE borrado = 0
Save/Update: select * from EstadoTrabajos WHERE  EstadoTrabajos.cod_estado=3  
Save/Update: select * from historico_estados_produccion WHERE  historico_estados_produccion.cod_produccion=1  
Save/Update: select * from produccion_operador WHERE  produccion_operador.cod_prodcuccion=1  
Save/Update: DELETE produccion_operador WHERE id_operador=2  AND cod_prodcuccion=7  
Save/Update: DELETE historico_estados_produccion WHERE nro_estado=1  AND cod_produccion=7  
Save/Update: DELETE historico_estados_produccion WHERE nro_estado=2  AND cod_produccion=7  
Save/Update: DELETE produccion WHERE cod_produccion=7</StdOut>
      </Output>
    </UnitTestResult>
    <UnitTestResult executionId="ccfc1c40-3ebf-48d3-b0c7-d5412ac56de4" testId="5f0d0749-3ebf-18a9-df3b-b2af8e5ec0eb" testName="actualizarUsuarioTest" computerName="DIEGO-PC" duration="00:00:00.0083276" startTime="2012-11-19T19:38:17.0121525-03:00" endTime="2012-11-19T19:38:17.0281534-03:00" testType="13cdc9d9-ddb5-4fa4-a97d-d965ccfc6d4b" outcome="Passed" testListId="8c84fa94-04c1-424b-9868-57a2d4851a1d" relativeResultsDirectory="ccfc1c40-3ebf-48d3-b0c7-d5412ac56de4">
      <Output>
        <StdOut>Save/Update: UPDATE Usuario SET nombre='nombre1modificado', apellido='apellido1modificado', mail='mail1modificado@test.com', password='pas1mod', telefonoFijo='1111-1112', telefonoMovil='1111-1112', bloqueado=0  WHERE usuarioID=5  ; DELETE JoinUsuarioToFamilia where usuarioID=5  ;  INSERT INTO JoinUsuarioToFamilia ( usuarioID, familiaID) VALUES ( 5 , 1 ); DELETE JoinPatenteToUsuario where usuarioID=5  ;  INSERT INTO JoinPatenteToUsuario ( usuarioID, patenteId) VALUES ( 5 , 1 ); 
Save/Update: select * from Usuario WHERE  Usuario.usuarioID=5  ; select * from JoinUsuarioToFamilia; select * from JoinPatenteToUsuario
Save/Update: DELETE JoinUsuarioToFamilia where usuarioID=6  ; DELETE JoinPatenteToUsuario where usuarioID=6  ; ;DELETE Usuario WHERE usuarioID=6  
Save/Update: UPDATE Usuario SET nombre='nombre5', apellido='apellido5', mail='mail5@test.com', password='pas5', telefonoFijo='5555-5555', telefonoMovil='5555-5555', bloqueado=0  WHERE usuarioID=5  ; DELETE JoinUsuarioToFamilia where usuarioID=5  ; DELETE JoinPatenteToUsuario where usuarioID=5  ;</StdOut>
      </Output>
    </UnitTestResult>
    <UnitTestResult executionId="31d4ea0c-6e7a-43e7-8988-ed2adec6dfdd" testId="5f6ca830-a7f5-404d-2afc-b5fe8dc971de" testName="buscarMovimintosTest" computerName="DIEGO-PC" duration="00:00:00.1142855" startTime="2012-11-19T19:38:17.0311536-03:00" endTime="2012-11-19T19:38:17.1521605-03:00" testType="13cdc9d9-ddb5-4fa4-a97d-d965ccfc6d4b" outcome="Passed" testListId="8c84fa94-04c1-424b-9868-57a2d4851a1d" relativeResultsDirectory="31d4ea0c-6e7a-43e7-8988-ed2adec6dfdd">
      <Output>
        <StdOut>Save/Update: select * from MovimientosCuenta JOIN cliente_movimientos AS cliente ON MovimientosCuenta.nro_movimiento=cliente.nro_movimiento WHERE  MovimientosCuenta.comentario LIKE '%m1%'AND  MovimientosCuenta.fecha&gt;= CAST('11/11/2011 00:00:00.000'  AS DateTime) AND  MovimientosCuenta.monto&gt;=5 AND  MovimientosCuenta.monto&lt;=15 AND  MovimientosCuenta.cuentaID=1  AND  MovimientosCuenta.tipoMovimientoID=1  AND cliente.id_cliente=1  AND cliente.id_cliente IS NOT  NULL ; select * from cliente_movimientos; select * from documento_movimiento
Save/Update: select * from Cliente WHERE  Cliente.id_cliente=1  ; select * from cliente_movimientos; select * from Pedido WHERE borrado = 0; select * from Factura WHERE borrado = 0; select * from Diseño WHERE borrado = 0
Save/Update: select * from Usuario WHERE  Usuario.usuarioID=1  ; select * from JoinUsuarioToFamilia; select * from JoinPatenteToUsuario
Save/Update: select * from Familia JOIN JoinUsuarioToFamilia AS usuarios ON Familia.familiaID=usuarios.familiaID WHERE usuarios.usuarioID=1  ; select * from JoinFamiliaToPatente
Save/Update: select * from Patente JOIN JoinPatenteToUsuario AS usuario ON Patente.patenteId=usuario.patenteId WHERE usuario.usuarioID=1  
Save/Update: select * from Cliente WHERE  Cliente.usuarioID=1  ; select * from cliente_movimientos; select * from Pedido WHERE borrado = 0; select * from Factura WHERE borrado = 0; select * from Diseño WHERE borrado = 0
Save/Update: select * from Diseño WHERE  Diseño.id_cliente=1  ; select * from historico_estados_diseño WHERE borrado = 0
Save/Update: select * from Factura WHERE  Factura.id_cliente=1  ; select * from documento_movimiento; select * from LineaFactura WHERE borrado = 0
Save/Update: select * from Pedido WHERE  Pedido.id_cliente=1  ; select * from produccion WHERE borrado = 0; select * from historico_estados_pedido WHERE borrado = 0
Save/Update: select * from MovimientosCuenta JOIN cliente_movimientos AS cliente ON MovimientosCuenta.nro_movimiento=cliente.nro_movimiento WHERE cliente.id_cliente=1  AND cliente.id_cliente IS NOT  NULL ; select * from cliente_movimientos; select * from documento_movimiento
Save/Update: select * from Factura WHERE  Factura.nro_Doc=1  ; select * from documento_movimiento; select * from LineaFactura WHERE borrado = 0
Save/Update: select * from tipoMovimiento WHERE  tipoMovimiento.tipoMovimientoID=1  
Save/Update: select * from Cuenta WHERE  Cuenta.cuentaID=1  
Save/Update: DELETE cliente_movimientos where nro_movimiento=4  ; DELETE documento_movimiento where nro_movimiento=4  ; ;DELETE MovimientosCuenta WHERE nro_movimiento=4</StdOut>
      </Output>
    </UnitTestResult>
    <UnitTestResult executionId="6d6db527-10d3-47b6-94e9-6bede0d4a6e7" testId="5fd39f80-1bc2-a1e7-8064-c0ed0e813279" testName="borrarTipoPedidosTest" computerName="DIEGO-PC" duration="00:00:00.0107565" startTime="2012-11-19T19:38:17.1611611-03:00" endTime="2012-11-19T19:38:17.1781620-03:00" testType="13cdc9d9-ddb5-4fa4-a97d-d965ccfc6d4b" outcome="Passed" testListId="8c84fa94-04c1-424b-9868-57a2d4851a1d" relativeResultsDirectory="6d6db527-10d3-47b6-94e9-6bede0d4a6e7">
      <Output>
        <StdOut>Save/Update: select * from tipoPedido
Save/Update: INSERT INTO tipoPedido (tipo_pedido, descripcion) VALUES (3 , 'tipo test'); 
Save/Update: select * from tipoPedido
Save/Update: DELETE tipoPedido WHERE tipo_pedido=3  
Save/Update: select * from tipoPedido</StdOut>
      </Output>
    </UnitTestResult>
    <UnitTestResult executionId="8b93f010-9970-4464-bedf-e22751c99887" testId="5fe3519a-06e9-4436-0b1a-0afc24033be0" testName="calcularDistanciaEntreTrabajosTest2" computerName="DIEGO-PC" duration="00:00:00.0030234" startTime="2012-11-19T19:38:17.1831623-03:00" endTime="2012-11-19T19:38:17.1941629-03:00" testType="13cdc9d9-ddb5-4fa4-a97d-d965ccfc6d4b" outcome="Passed" testListId="8c84fa94-04c1-424b-9868-57a2d4851a1d" relativeResultsDirectory="8b93f010-9970-4464-bedf-e22751c99887">
      <Output>
        <StdOut>Save/Update: DELETE produccion_operador WHERE id_operador=2  AND cod_prodcuccion=7  
Save/Update: DELETE historico_estados_produccion WHERE nro_estado=1  AND cod_produccion=7  
Save/Update: DELETE historico_estados_produccion WHERE nro_estado=2  AND cod_produccion=7  
Save/Update: DELETE produccion WHERE cod_produccion=7</StdOut>
      </Output>
    </UnitTestResult>
    <UnitTestResult executionId="382cf1b7-9b47-4b64-b111-ab7908c5a58b" testId="5ffe0bd0-6148-b429-44ab-e9d370687b86" testName="cargarLineasPorOrdenDeCompraTest" computerName="DIEGO-PC" duration="00:00:00.0070831" startTime="2012-11-19T19:38:17.1971631-03:00" endTime="2012-11-19T19:38:17.2111639-03:00" testType="13cdc9d9-ddb5-4fa4-a97d-d965ccfc6d4b" outcome="Passed" testListId="8c84fa94-04c1-424b-9868-57a2d4851a1d" relativeResultsDirectory="382cf1b7-9b47-4b64-b111-ab7908c5a58b">
      <Output>
        <StdOut>Save/Update: select * from LineaOrdenDeCompra WHERE  LineaOrdenDeCompra.nro_orden_compra=1  AND  LineaOrdenDeCompra.tipo_orden_compra='A' AND  LineaOrdenDeCompra.nro_sucursal=1  
Save/Update: select * from insumo WHERE  insumo.cod_insumo=1  
Save/Update: select * from insumo WHERE  insumo.cod_insumo=2</StdOut>
      </Output>
    </UnitTestResult>
    <UnitTestResult executionId="b5010409-76c4-4822-af0a-187ac3a2f09c" testId="601e990e-751d-e263-ef32-4be40187ef20" testName="listarUsuariosTest" computerName="DIEGO-PC" duration="00:00:00.0803086" startTime="2012-11-19T19:38:17.2171643-03:00" endTime="2012-11-19T19:38:17.3051693-03:00" testType="13cdc9d9-ddb5-4fa4-a97d-d965ccfc6d4b" outcome="Passed" testListId="8c84fa94-04c1-424b-9868-57a2d4851a1d" relativeResultsDirectory="b5010409-76c4-4822-af0a-187ac3a2f09c">
      <Output>
        <StdOut>Save/Update: select * from Usuario; select * from JoinUsuarioToFamilia; select * from JoinPatenteToUsuario
Save/Update: select * from Familia JOIN JoinUsuarioToFamilia AS usuarios ON Familia.familiaID=usuarios.familiaID WHERE usuarios.usuarioID=1  ; select * from JoinFamiliaToPatente
Save/Update: select * from Patente JOIN JoinPatenteToUsuario AS usuario ON Patente.patenteId=usuario.patenteId WHERE usuario.usuarioID=1  
Save/Update: select * from Cliente WHERE  Cliente.usuarioID=1  ; select * from cliente_movimientos; select * from Pedido WHERE borrado = 0; select * from Factura WHERE borrado = 0; select * from Diseño WHERE borrado = 0
Save/Update: select * from Familia JOIN JoinUsuarioToFamilia AS usuarios ON Familia.familiaID=usuarios.familiaID WHERE usuarios.usuarioID=2  ; select * from JoinFamiliaToPatente
Save/Update: select * from Patente JOIN JoinFamiliaToPatente AS familia ON Patente.patenteId=familia.patenteId WHERE familia.familiaID=2  
Save/Update: select * from Patente JOIN JoinPatenteToUsuario AS usuario ON Patente.patenteId=usuario.patenteId WHERE usuario.usuarioID=2  
Save/Update: select * from Cliente WHERE  Cliente.usuarioID=2  ; select * from cliente_movimientos; select * from Pedido WHERE borrado = 0; select * from Factura WHERE borrado = 0; select * from Diseño WHERE borrado = 0
Save/Update: select * from Familia JOIN JoinUsuarioToFamilia AS usuarios ON Familia.familiaID=usuarios.familiaID WHERE usuarios.usuarioID=3  ; select * from JoinFamiliaToPatente
Save/Update: select * from Patente JOIN JoinFamiliaToPatente AS familia ON Patente.patenteId=familia.patenteId WHERE familia.familiaID=6  
Save/Update: select * from Patente JOIN JoinPatenteToUsuario AS usuario ON Patente.patenteId=usuario.patenteId WHERE usuario.usuarioID=3  
Save/Update: select * from Cliente WHERE  Cliente.usuarioID=3  ; select * from cliente_movimientos; select * from Pedido WHERE borrado = 0; select * from Factura WHERE borrado = 0; select * from Diseño WHERE borrado = 0
Save/Update: select * from Familia JOIN JoinUsuarioToFamilia AS usuarios ON Familia.familiaID=usuarios.familiaID WHERE usuarios.usuarioID=4  ; select * from JoinFamiliaToPatente
Save/Update: select * from Patente JOIN JoinPatenteToUsuario AS usuario ON Patente.patenteId=usuario.patenteId WHERE usuario.usuarioID=4  
Save/Update: select * from Cliente WHERE  Cliente.usuarioID=4  ; select * from cliente_movimientos; select * from Pedido WHERE borrado = 0; select * from Factura WHERE borrado = 0; select * from Diseño WHERE borrado = 0
Save/Update: select * from Familia JOIN JoinUsuarioToFamilia AS usuarios ON Familia.familiaID=usuarios.familiaID WHERE usuarios.usuarioID=5  ; select * from JoinFamiliaToPatente
Save/Update: select * from Patente JOIN JoinPatenteToUsuario AS usuario ON Patente.patenteId=usuario.patenteId WHERE usuario.usuarioID=5  
Save/Update: select * from Cliente WHERE  Cliente.usuarioID=5  ; select * from cliente_movimientos; select * from Pedido WHERE borrado = 0; select * from Factura WHERE borrado = 0; select * from Diseño WHERE borrado = 0
Save/Update: UPDATE Usuario SET nombre='nombre1', apellido='apellido1', mail='mail1@test.com', password='11C8', telefonoFijo='1111-1111', telefonoMovil='1111-1111', bloqueado=0  WHERE usuarioID=1  ; DELETE JoinUsuarioToFamilia where usuarioID=1  ; DELETE JoinPatenteToUsuario where usuarioID=1  ; 
Save/Update: UPDATE Cliente SET habitadoTurnos=1 , newsletter=0  WHERE id_cliente=1  ; UPDATE Pedido SET borrado=1 WHERE id_cliente=1  ; UPDATE Factura SET borrado=1 WHERE id_cliente=1  ; UPDATE Diseño SET borrado=1 WHERE id_cliente=1  ; 
Save/Update:  UPDATE factura set borrado = 0 
Save/Update:  UPDATE diseño set borrado = 0 
Save/Update:  UPDATE pedido set borrado = 0 
Save/Update:  Insert into JoinPatenteToUsuario values (1,1)</StdOut>
      </Output>
    </UnitTestResult>
    <UnitTestResult executionId="dbffe5c2-847b-4bcb-bbfb-c1b60aa38c17" testId="6195d611-24d3-4e42-5b11-b2da792448d4" testName="grabarMovimientoTest" computerName="DIEGO-PC" duration="00:00:00.0186272" startTime="2012-11-19T19:38:17.3131697-03:00" endTime="2012-11-19T19:38:17.3401713-03:00" testType="13cdc9d9-ddb5-4fa4-a97d-d965ccfc6d4b" outcome="Passed" testListId="8c84fa94-04c1-424b-9868-57a2d4851a1d" relativeResultsDirectory="dbffe5c2-847b-4bcb-bbfb-c1b60aa38c17">
      <Output>
        <StdOut>Save/Update: SELECT  ISNULL(MAX(nro_movimiento + 1),1) from MovimientosCuenta
Save/Update: INSERT INTO MovimientosCuenta (nro_movimiento, comentario, fecha, monto, cuentaID, tipoMovimientoID) VALUES (4 , 'com4',  CAST('19/11/2012 19:38:17.321'  AS DateTime), 33.3, 1 , 2 ); DELETE cliente_movimientos where nro_movimiento=4  ;  INSERT INTO cliente_movimientos ( nro_movimiento, id_cliente) VALUES ( 4 , 2 ); DELETE documento_movimiento where nro_movimiento=4  ; 
Save/Update: select * from MovimientosCuenta JOIN cliente_movimientos AS cliente ON MovimientosCuenta.nro_movimiento=cliente.nro_movimiento WHERE  MovimientosCuenta.nro_movimiento=4  AND cliente.id_cliente IS NOT  NULL ; select * from cliente_movimientos; select * from documento_movimiento
Save/Update: select * from Cliente WHERE  Cliente.id_cliente=2  ; select * from cliente_movimientos; select * from Pedido WHERE borrado = 0; select * from Factura WHERE borrado = 0; select * from Diseño WHERE borrado = 0
Save/Update: select * from Usuario WHERE  Usuario.usuarioID=2  ; select * from JoinUsuarioToFamilia; select * from JoinPatenteToUsuario
Save/Update: select * from Familia JOIN JoinUsuarioToFamilia AS usuarios ON Familia.familiaID=usuarios.familiaID WHERE usuarios.usuarioID=2  ; select * from JoinFamiliaToPatente
Save/Update: select * from Patente JOIN JoinFamiliaToPatente AS familia ON Patente.patenteId=familia.patenteId WHERE familia.familiaID=2  
Save/Update: select * from Patente JOIN JoinPatenteToUsuario AS usuario ON Patente.patenteId=usuario.patenteId WHERE usuario.usuarioID=2  
Save/Update: select * from Cliente WHERE  Cliente.usuarioID=2  ; select * from cliente_movimientos; select * from Pedido WHERE borrado = 0; select * from Factura WHERE borrado = 0; select * from Diseño WHERE borrado = 0
Save/Update: select * from Diseño WHERE  Diseño.id_cliente=2  ; select * from historico_estados_diseño WHERE borrado = 0
Save/Update: select * from Factura WHERE  Factura.id_cliente=2  ; select * from documento_movimiento; select * from LineaFactura WHERE borrado = 0
Save/Update: select * from Pedido WHERE  Pedido.id_cliente=2  ; select * from produccion WHERE borrado = 0; select * from historico_estados_pedido WHERE borrado = 0
Save/Update: select * from MovimientosCuenta JOIN cliente_movimientos AS cliente ON MovimientosCuenta.nro_movimiento=cliente.nro_movimiento WHERE cliente.id_cliente=2  AND cliente.id_cliente IS NOT  NULL ; select * from cliente_movimientos; select * from documento_movimiento
Save/Update: select * from tipoMovimiento WHERE  tipoMovimiento.tipoMovimientoID=2  
Save/Update: select * from Cuenta WHERE  Cuenta.cuentaID=1  
Save/Update: DELETE cliente_movimientos where nro_movimiento=4  ; DELETE documento_movimiento where nro_movimiento=4  ; ;DELETE MovimientosCuenta WHERE nro_movimiento=4</StdOut>
      </Output>
    </UnitTestResult>
    <UnitTestResult executionId="fa1037be-16b0-4373-850f-ad0a623a8dea" testId="61c2c67d-a8aa-50cc-81fa-b25eafff855b" testName="listarProduccionPorCodigoTest" computerName="DIEGO-PC" duration="00:00:00.0112990" startTime="2012-11-19T19:38:17.3451716-03:00" endTime="2012-11-19T19:38:17.3651727-03:00" testType="13cdc9d9-ddb5-4fa4-a97d-d965ccfc6d4b" outcome="Passed" testListId="8c84fa94-04c1-424b-9868-57a2d4851a1d" relativeResultsDirectory="fa1037be-16b0-4373-850f-ad0a623a8dea">
      <Output>
        <StdOut>Save/Update: select * from produccion WHERE  produccion.cod_produccion=1  ; select * from historico_estados_produccion WHERE borrado = 0
Save/Update: select * from Pedido WHERE  Pedido.cod_pedido=1  ; select * from produccion WHERE borrado = 0; select * from historico_estados_pedido WHERE borrado = 0
Save/Update: select * from Maquina WHERE  Maquina.cod_maquina=1  ; select * from JoinMaquinaToTipoPrenda
Save/Update: select * from Articulos WHERE  Articulos.cod_articulo=1  ; select * from lista_precios WHERE borrado = 0
Save/Update: select * from EstadoTrabajos WHERE  EstadoTrabajos.cod_estado=3  
Save/Update: select * from historico_estados_produccion WHERE  historico_estados_produccion.cod_produccion=1  
Save/Update: select * from produccion_operador WHERE  produccion_operador.cod_prodcuccion=1  
Save/Update: DELETE produccion_operador WHERE id_operador=2  AND cod_prodcuccion=7  
Save/Update: DELETE historico_estados_produccion WHERE nro_estado=1  AND cod_produccion=7  
Save/Update: DELETE historico_estados_produccion WHERE nro_estado=2  AND cod_produccion=7  
Save/Update: DELETE produccion WHERE cod_produccion=7</StdOut>
      </Output>
    </UnitTestResult>
    <UnitTestResult executionId="e916158d-dd5f-474a-90d7-389a1e2019a9" testId="62392e62-abcf-2bb0-a872-aa102226687e" testName="borrarClienteTest" computerName="DIEGO-PC" duration="00:00:00.0171250" startTime="2012-11-19T19:38:17.3671728-03:00" endTime="2012-11-19T19:38:17.3911742-03:00" testType="13cdc9d9-ddb5-4fa4-a97d-d965ccfc6d4b" outcome="Passed" testListId="8c84fa94-04c1-424b-9868-57a2d4851a1d" relativeResultsDirectory="e916158d-dd5f-474a-90d7-389a1e2019a9">
      <Output>
        <StdOut>Save/Update: SELECT  ISNULL(MAX(usuarioID + 1),1) from Usuario
Save/Update: INSERT INTO Usuario (usuarioID, nombre, apellido, mail, password, telefonoFijo, telefonoMovil, bloqueado) VALUES (6 , 'nombre6', 'apellido6', 'mail6@test.com', 'pas633', '6666-6666', '6666-6666', 0 ); DELETE JoinUsuarioToFamilia where usuarioID=6  ;  INSERT INTO JoinUsuarioToFamilia ( usuarioID, familiaID) VALUES ( 6 , 5 ); DELETE JoinPatenteToUsuario where usuarioID=6  ;  INSERT INTO JoinPatenteToUsuario ( usuarioID, patenteId) VALUES ( 6 , 3 ); 
Save/Update: SELECT  ISNULL(MAX(id_cliente + 1),1) from Cliente
Save/Update: INSERT INTO Cliente (id_cliente, habitadoTurnos, usuarioID, newsletter) VALUES (3 , 0 , 6 , 1 ); UPDATE Pedido SET borrado=1 WHERE id_cliente=3  ; UPDATE Factura SET borrado=1 WHERE id_cliente=3  ; UPDATE Diseño SET borrado=1 WHERE id_cliente=3  ; 
Save/Update: select * from Cliente WHERE  Cliente.id_cliente=3  ; select * from cliente_movimientos; select * from Pedido WHERE borrado = 0; select * from Factura WHERE borrado = 0; select * from Diseño WHERE borrado = 0
Save/Update: select * from Usuario WHERE  Usuario.usuarioID=6  ; select * from JoinUsuarioToFamilia; select * from JoinPatenteToUsuario
Save/Update: select * from Familia JOIN JoinUsuarioToFamilia AS usuarios ON Familia.familiaID=usuarios.familiaID WHERE usuarios.usuarioID=6  ; select * from JoinFamiliaToPatente
Save/Update: select * from Patente JOIN JoinFamiliaToPatente AS familia ON Patente.patenteId=familia.patenteId WHERE familia.familiaID=5  
Save/Update: select * from Patente JOIN JoinPatenteToUsuario AS usuario ON Patente.patenteId=usuario.patenteId WHERE usuario.usuarioID=6  
Save/Update: select * from Cliente WHERE  Cliente.usuarioID=6  ; select * from cliente_movimientos; select * from Pedido WHERE borrado = 0; select * from Factura WHERE borrado = 0; select * from Diseño WHERE borrado = 0
Save/Update: select * from Diseño WHERE  Diseño.id_cliente=6  ; select * from historico_estados_diseño WHERE borrado = 0
Save/Update: select * from Factura WHERE  Factura.id_cliente=6  ; select * from documento_movimiento; select * from LineaFactura WHERE borrado = 0
Save/Update: select * from Pedido WHERE  Pedido.id_cliente=6  ; select * from produccion WHERE borrado = 0; select * from historico_estados_pedido WHERE borrado = 0
Save/Update: select * from MovimientosCuenta JOIN cliente_movimientos AS cliente ON MovimientosCuenta.nro_movimiento=cliente.nro_movimiento WHERE cliente.id_cliente=6  AND cliente.id_cliente IS NOT  NULL ; select * from cliente_movimientos; select * from documento_movimiento
Save/Update: DELETE cliente_movimientos where id_cliente=3  ; ;DELETE Cliente WHERE id_cliente=3  
Save/Update: DELETE JoinUsuarioToFamilia where usuarioID=6  ; DELETE JoinPatenteToUsuario where usuarioID=6  ; ;DELETE Usuario WHERE usuarioID=6  
Save/Update: select * from Cliente WHERE  Cliente.id_cliente=3  ; select * from cliente_movimientos; select * from Pedido WHERE borrado = 0; select * from Factura WHERE borrado = 0; select * from Diseño WHERE borrado = 0</StdOut>
      </Output>
    </UnitTestResult>
    <UnitTestResult executionId="e6e3ca22-f247-4341-b3a4-3015e886d613" testId="62f6b994-f314-dfaa-2382-4b70b0820150" testName="listarArticulosTest" computerName="DIEGO-PC" duration="00:00:00.0098634" startTime="2012-11-19T19:38:17.3941744-03:00" endTime="2012-11-19T19:38:17.4101753-03:00" testType="13cdc9d9-ddb5-4fa4-a97d-d965ccfc6d4b" outcome="Passed" testListId="8c84fa94-04c1-424b-9868-57a2d4851a1d" relativeResultsDirectory="e6e3ca22-f247-4341-b3a4-3015e886d613">
      <Output>
        <StdOut>Save/Update: select * from Articulos WHERE  Articulos.borrado=0  ; select * from lista_precios WHERE borrado = 0
Save/Update: select * from lista_precios WHERE  lista_precios.cod_articulo=1  
Save/Update: select * from TipoPrenda WHERE  TipoPrenda.tipo_prenda=1  
Save/Update: select * from Diseño WHERE  Diseño.cod_diseño=1  ; select * from historico_estados_diseño WHERE borrado = 0
Save/Update: select * from lista_precios WHERE  lista_precios.cod_articulo=2  
Save/Update: select * from TipoPrenda WHERE  TipoPrenda.tipo_prenda=2  
Save/Update: select * from Diseño WHERE  Diseño.cod_diseño=2  ; select * from historico_estados_diseño WHERE borrado = 0
Save/Update: select * from lista_precios WHERE  lista_precios.cod_articulo=3  
Save/Update: select * from TipoPrenda WHERE  TipoPrenda.tipo_prenda=2  
Save/Update: select * from Diseño WHERE  Diseño.cod_diseño=1  ; select * from historico_estados_diseño WHERE borrado = 0
Save/Update: DELETE lista_precios WHERE nro_lista=1  AND cod_articulo=4  
Save/Update: DELETE lista_precios WHERE nro_lista=2  AND cod_articulo=4  
Save/Update: DELETE Articulos WHERE cod_articulo=4</StdOut>
      </Output>
    </UnitTestResult>
    <UnitTestResult executionId="a728d037-e247-477d-a131-41162ac1ec14" testId="645f3b20-4ed4-9fc8-0db6-f5c22e3f0ef4" testName="listarProduccionPorPedidoTest" computerName="DIEGO-PC" duration="00:00:00.0178469" startTime="2012-11-19T19:38:17.4131755-03:00" endTime="2012-11-19T19:38:17.4381769-03:00" testType="13cdc9d9-ddb5-4fa4-a97d-d965ccfc6d4b" outcome="Passed" testListId="8c84fa94-04c1-424b-9868-57a2d4851a1d" relativeResultsDirectory="a728d037-e247-477d-a131-41162ac1ec14">
      <Output>
        <StdOut>Save/Update: select * from produccion WHERE  produccion.cod_pedido=1  ; select * from historico_estados_produccion WHERE borrado = 0
Save/Update: select * from Pedido WHERE  Pedido.cod_pedido=1  ; select * from produccion WHERE borrado = 0; select * from historico_estados_pedido WHERE borrado = 0
Save/Update: select * from Maquina WHERE  Maquina.cod_maquina=1  ; select * from JoinMaquinaToTipoPrenda
Save/Update: select * from Articulos WHERE  Articulos.cod_articulo=1  ; select * from lista_precios WHERE borrado = 0
Save/Update: select * from EstadoTrabajos WHERE  EstadoTrabajos.cod_estado=3  
Save/Update: select * from historico_estados_produccion WHERE  historico_estados_produccion.cod_produccion=1  
Save/Update: select * from produccion_operador WHERE  produccion_operador.cod_prodcuccion=1  
Save/Update: select * from Pedido WHERE  Pedido.cod_pedido=1  ; select * from produccion WHERE borrado = 0; select * from historico_estados_pedido WHERE borrado = 0
Save/Update: select * from Maquina WHERE  Maquina.cod_maquina=1  ; select * from JoinMaquinaToTipoPrenda
Save/Update: select * from Articulos WHERE  Articulos.cod_articulo=2  ; select * from lista_precios WHERE borrado = 0
Save/Update: select * from EstadoTrabajos WHERE  EstadoTrabajos.cod_estado=2  
Save/Update: select * from historico_estados_produccion WHERE  historico_estados_produccion.cod_produccion=2  
Save/Update: select * from produccion_operador WHERE  produccion_operador.cod_prodcuccion=2  
Save/Update: select * from Pedido WHERE  Pedido.cod_pedido=1  ; select * from produccion WHERE borrado = 0; select * from historico_estados_pedido WHERE borrado = 0
Save/Update: select * from Maquina WHERE  Maquina.cod_maquina=2  ; select * from JoinMaquinaToTipoPrenda
Save/Update: select * from Articulos WHERE  Articulos.cod_articulo=3  ; select * from lista_precios WHERE borrado = 0
Save/Update: select * from EstadoTrabajos WHERE  EstadoTrabajos.cod_estado=0  
Save/Update: select * from historico_estados_produccion WHERE  historico_estados_produccion.cod_produccion=3  
Save/Update: select * from produccion_operador WHERE  produccion_operador.cod_prodcuccion=3  
Save/Update: DELETE produccion_operador WHERE id_operador=2  AND cod_prodcuccion=7  
Save/Update: DELETE historico_estados_produccion WHERE nro_estado=1  AND cod_produccion=7  
Save/Update: DELETE historico_estados_produccion WHERE nro_estado=2  AND cod_produccion=7  
Save/Update: DELETE produccion WHERE cod_produccion=7</StdOut>
      </Output>
    </UnitTestResult>
    <UnitTestResult executionId="25f683c6-adbd-4323-99b1-8279d9ca175c" testId="64c5f523-bd77-dde6-863d-1ca40834d636" testName="borrarNewsletterTest" computerName="DIEGO-PC" duration="00:00:00.0042272" startTime="2012-11-19T19:38:17.4401770-03:00" endTime="2012-11-19T19:38:17.4511776-03:00" testType="13cdc9d9-ddb5-4fa4-a97d-d965ccfc6d4b" outcome="Passed" testListId="8c84fa94-04c1-424b-9868-57a2d4851a1d" relativeResultsDirectory="25f683c6-adbd-4323-99b1-8279d9ca175c">
      <Output>
        <StdOut>Save/Update: SELECT  ISNULL(MAX(id + 1),1) from newsletter
Save/Update: INSERT INTO newsletter (id, newsletter, nombre, enviado) VALUES (3 , 'html', 'news3', 0 ); 
Save/Update: select * from newsletter WHERE  newsletter.id=3  
Save/Update: DELETE newsletter WHERE id=3  
Save/Update: select * from newsletter WHERE  newsletter.id=3</StdOut>
      </Output>
    </UnitTestResult>
    <UnitTestResult executionId="f65a8631-d90d-4018-b4f5-743257fa8893" testId="653a7294-5203-6cdc-ff9d-6ea30ca26aa9" testName="grabarInsumoTest" computerName="DIEGO-PC" duration="00:00:00.0332722" startTime="2012-11-19T19:38:17.4551779-03:00" endTime="2012-11-19T19:38:17.4961802-03:00" testType="13cdc9d9-ddb5-4fa4-a97d-d965ccfc6d4b" outcome="Passed" testListId="8c84fa94-04c1-424b-9868-57a2d4851a1d" relativeResultsDirectory="f65a8631-d90d-4018-b4f5-743257fa8893">
      <Output>
        <StdOut>Save/Update: SELECT  ISNULL(MAX(cod_insumo + 1),1) from insumo
Save/Update: INSERT INTO insumo (cod_insumo, nombre, id_tipo_insumo, color, detalle, costo, cantidadActual) VALUES (5 , 'test creacion', 1 , 1 , 'insumo repo test', 5, 100 ); 
Save/Update: SELECT  ISNULL(MAX(nro_movimiento + 1),1) from MovimientosStock WHERE cod_insumo=5
Save/Update: INSERT INTO MovimientosStock (nro_movimiento, cod_insumo, tipo, fecha, cantidad) VALUES (1 , 5 , 1 ,  CAST('19/11/2012 19:38:17.462'  AS DateTime), 100); 
Save/Update: select * from insumo WHERE  insumo.cod_insumo=5  
Save/Update: select * from tipoInsumo WHERE  tipoInsumo.tipo_insumo=1  
Save/Update: select * from color WHERE  color.codigo_color=1  
Save/Update: select * from MovimientosStock WHERE  MovimientosStock.cod_insumo=5  
Save/Update: DELETE MovimientosStock WHERE nro_movimiento=1  AND cod_insumo=5  
Save/Update: DELETE MovimientosStock WHERE nro_movimiento=2  AND cod_insumo=5  
Save/Update: DELETE insumo WHERE cod_insumo=5</StdOut>
      </Output>
    </UnitTestResult>
    <UnitTestResult executionId="9a094fa9-bb6d-4c56-923a-d769a7a55968" testId="65cf3506-53bd-487b-cba6-ed8ab00a65a4" testName="cargarLineasFacturaConRestriccionTest" computerName="DIEGO-PC" duration="00:00:00.1780394" startTime="2012-11-19T19:38:17.4981803-03:00" endTime="2012-11-19T19:38:17.6841910-03:00" testType="13cdc9d9-ddb5-4fa4-a97d-d965ccfc6d4b" outcome="Passed" testListId="8c84fa94-04c1-424b-9868-57a2d4851a1d" relativeResultsDirectory="9a094fa9-bb6d-4c56-923a-d769a7a55968">
      <Output>
        <StdOut>Save/Update: select * from LineaFactura WHERE  LineaFactura.cod_producto=1  AND  LineaFactura.borrado=0  AND  LineaFactura.cantidad=10  AND  LineaFactura.nro_factura=1  AND  LineaFactura.nro_linea=1  AND  LineaFactura.nro_sucursal=1  AND  LineaFactura.precio=10 AND  LineaFactura.tipo_factura='A'</StdOut>
      </Output>
    </UnitTestResult>
    <UnitTestResult executionId="7ab9802d-86d2-4ac6-92df-918ee44dd988" testId="65f33339-f5f5-af8d-e74e-57a59876466d" testName="cargarListaPrecioTest" computerName="DIEGO-PC" duration="00:00:00.0049745" startTime="2012-11-19T19:38:17.6991918-03:00" endTime="2012-11-19T19:38:17.7111925-03:00" testType="13cdc9d9-ddb5-4fa4-a97d-d965ccfc6d4b" outcome="Passed" testListId="8c84fa94-04c1-424b-9868-57a2d4851a1d" relativeResultsDirectory="7ab9802d-86d2-4ac6-92df-918ee44dd988">
      <Output>
        <StdOut>Save/Update: select * from lista_precios
Save/Update: DELETE lista_precios WHERE nro_lista=3  AND cod_articulo=1</StdOut>
      </Output>
    </UnitTestResult>
    <UnitTestResult executionId="a25dc1c5-606d-4a99-ba31-97e2ce869726" testId="66671db1-8d6b-13a4-a97e-68474a20ccf4" testName="actualizarPedidoTest" computerName="DIEGO-PC" duration="00:00:00.1624877" startTime="2012-11-19T19:38:17.7191930-03:00" endTime="2012-11-19T19:38:17.8902028-03:00" testType="13cdc9d9-ddb5-4fa4-a97d-d965ccfc6d4b" outcome="Passed" testListId="8c84fa94-04c1-424b-9868-57a2d4851a1d" relativeResultsDirectory="a25dc1c5-606d-4a99-ba31-97e2ce869726">
      <Output>
        <StdOut>Save/Update: SELECT  ISNULL(MAX(cod_pedido + 1),1) from Pedido
Save/Update: INSERT INTO Pedido (cod_pedido, comentario, id_cliente, tipo_pedido, estadoActual, fechaInicio, fechaFinal, borrado) VALUES (5 , 'comentario test', 2 , 2 , 2 ,  CAST('19/11/2012 19:38:17.730'  AS DateTime),  CAST('19/11/2012 19:38:17.730'  AS DateTime), 0 ); UPDATE produccion SET borrado=1 WHERE cod_pedido=5  ; UPDATE historico_estados_pedido SET borrado=1 WHERE cod_pedido=5  ; 
Save/Update: SELECT  ISNULL(MAX(nro_estado + 1),1) from historico_estados_pedido WHERE cod_pedido=5
Save/Update: INSERT INTO historico_estados_pedido (nro_estado, comentario, cod_pedido, fechaDesde, fechaHasta, estado, borrado) VALUES (1 , 'com', 5 ,  CAST('19/11/2012 19:38:17.730'  AS DateTime),  NULL , 1 , 0 ); 
Save/Update: SELECT  ISNULL(MAX(cod_produccion + 1),1) from produccion
Save/Update: INSERT INTO produccion (cod_produccion, comentario, cod_pedido, cod_maquina, cod_articulo, cantidad, estadoActual, utilizacion, fechaInicio, fechaFinal, borrado) VALUES (7 , 'com1', 5 , 2 , 1 , 10 , 1 , 1,  CAST('19/11/2012 19:38:17.730'  AS DateTime),  NULL , 0 ); UPDATE historico_estados_produccion SET borrado=1 WHERE cod_produccion=7  ; 
Save/Update: select * from Pedido WHERE  Pedido.cod_pedido=5  ; select * from produccion WHERE borrado = 0; select * from historico_estados_pedido WHERE borrado = 0
Save/Update: select * from historico_estados_pedido WHERE  historico_estados_pedido.cod_pedido=5  
Save/Update: select * from tipoPedido WHERE  tipoPedido.tipo_pedido=2  
Save/Update: select * from produccion WHERE  produccion.cod_pedido=5  ; select * from historico_estados_produccion WHERE borrado = 0
Save/Update: select * from Cliente WHERE  Cliente.id_cliente=2  ; select * from cliente_movimientos; select * from Pedido WHERE borrado = 0; select * from Factura WHERE borrado = 0; select * from Diseño WHERE borrado = 0
Save/Update: select * from EstadoPedido WHERE  EstadoPedido.estado_pedido=2  
Save/Update: UPDATE Pedido SET comentario='comentario Modificado', id_cliente=2 , tipo_pedido=2 , estadoActual=3 , fechaInicio= CAST('19/11/2012 19:38:17.730'  AS DateTime), fechaFinal= CAST('10/10/2012 00:00:00.000'  AS DateTime), borrado=0  WHERE cod_pedido=5  ; UPDATE produccion SET borrado=1 WHERE cod_pedido=5  ; UPDATE historico_estados_pedido SET borrado=1 WHERE cod_pedido=5  ; 
Save/Update: UPDATE historico_estados_pedido SET comentario='com', fechaDesde= CAST('19/11/2012 19:38:17.730'  AS DateTime), fechaHasta= CAST('10/10/2012 00:00:00.000'  AS DateTime), estado=1 , borrado=0  WHERE nro_estado=1  AND cod_pedido=5  ; 
Save/Update: SELECT  ISNULL(MAX(nro_estado + 1),1) from historico_estados_pedido WHERE cod_pedido=5
Save/Update: INSERT INTO historico_estados_pedido (nro_estado, comentario, cod_pedido, fechaDesde, fechaHasta, estado, borrado) VALUES (2 , 'com', 5 ,  CAST('19/11/2012 19:38:17.743'  AS DateTime),  NULL , 2 , 0 ); 
Save/Update: UPDATE produccion SET comentario='com1', cod_pedido=5 , cod_maquina=2 , cod_articulo=1 , cantidad=10 , estadoActual=1 , utilizacion=1, fechaInicio= CAST('19/11/2012 19:38:17.730'  AS DateTime), fechaFinal= CAST('10/10/2012 00:00:00.000'  AS DateTime), borrado=0  WHERE cod_produccion=7  ; UPDATE historico_estados_produccion SET borrado=1 WHERE cod_produccion=7  ; 
Save/Update: select * from Pedido WHERE  Pedido.cod_pedido=5  ; select * from produccion WHERE borrado = 0; select * from historico_estados_pedido WHERE borrado = 0
Save/Update: select * from historico_estados_pedido WHERE  historico_estados_pedido.cod_pedido=5  
Save/Update: select * from tipoPedido WHERE  tipoPedido.tipo_pedido=2  
Save/Update: select * from produccion WHERE  produccion.cod_pedido=5  ; select * from historico_estados_produccion WHERE borrado = 0
Save/Update: select * from Cliente WHERE  Cliente.id_cliente=2  ; select * from cliente_movimientos; select * from Pedido WHERE borrado = 0; select * from Factura WHERE borrado = 0; select * from Diseño WHERE borrado = 0
Save/Update: select * from EstadoPedido WHERE  EstadoPedido.estado_pedido=3  
Save/Update: DELETE historico_estados_pedido WHERE nro_estado=1  AND cod_pedido=5  
Save/Update: DELETE historico_estados_pedido WHERE nro_estado=2  AND cod_pedido=5  
Save/Update: DELETE produccion WHERE cod_produccion=7  
Save/Update: DELETE Pedido WHERE cod_pedido=5</StdOut>
      </Output>
    </UnitTestResult>
    <UnitTestResult executionId="aa675cd0-db26-4f25-a27e-882c7a4040ac" testId="66a338ec-66f0-37fa-1bf3-601efb395594" testName="listarPedidosPorClienteTest" computerName="DIEGO-PC" duration="00:00:00.0263516" startTime="2012-11-19T19:38:17.8992033-03:00" endTime="2012-11-19T19:38:17.9362054-03:00" testType="13cdc9d9-ddb5-4fa4-a97d-d965ccfc6d4b" outcome="Passed" testListId="8c84fa94-04c1-424b-9868-57a2d4851a1d" relativeResultsDirectory="aa675cd0-db26-4f25-a27e-882c7a4040ac">
      <Output>
        <StdOut>Save/Update: select * from Pedido WHERE  Pedido.id_cliente=1  ; select * from produccion WHERE borrado = 0; select * from historico_estados_pedido WHERE borrado = 0
Save/Update: select * from historico_estados_pedido WHERE  historico_estados_pedido.cod_pedido=1  
Save/Update: select * from tipoPedido WHERE  tipoPedido.tipo_pedido=1  
Save/Update: select * from produccion WHERE  produccion.cod_pedido=1  ; select * from historico_estados_produccion WHERE borrado = 0
Save/Update: select * from Cliente WHERE  Cliente.id_cliente=1  ; select * from cliente_movimientos; select * from Pedido WHERE borrado = 0; select * from Factura WHERE borrado = 0; select * from Diseño WHERE borrado = 0
Save/Update: select * from EstadoPedido WHERE  EstadoPedido.estado_pedido=3  
Save/Update: select * from historico_estados_pedido WHERE  historico_estados_pedido.cod_pedido=3  
Save/Update: select * from tipoPedido WHERE  tipoPedido.tipo_pedido=2  
Save/Update: select * from produccion WHERE  produccion.cod_pedido=3  ; select * from historico_estados_produccion WHERE borrado = 0
Save/Update: select * from Cliente WHERE  Cliente.id_cliente=1  ; select * from cliente_movimientos; select * from Pedido WHERE borrado = 0; select * from Factura WHERE borrado = 0; select * from Diseño WHERE borrado = 0
Save/Update: select * from EstadoPedido WHERE  EstadoPedido.estado_pedido=0  
Save/Update: select * from historico_estados_pedido WHERE  historico_estados_pedido.cod_pedido=4  
Save/Update: select * from tipoPedido WHERE  tipoPedido.tipo_pedido=1  
Save/Update: select * from produccion WHERE  produccion.cod_pedido=4  ; select * from historico_estados_produccion WHERE borrado = 0
Save/Update: select * from Cliente WHERE  Cliente.id_cliente=1  ; select * from cliente_movimientos; select * from Pedido WHERE borrado = 0; select * from Factura WHERE borrado = 0; select * from Diseño WHERE borrado = 0
Save/Update: select * from EstadoPedido WHERE  EstadoPedido.estado_pedido=0  
Save/Update: DELETE historico_estados_pedido WHERE nro_estado=1  AND cod_pedido=5  
Save/Update: DELETE historico_estados_pedido WHERE nro_estado=2  AND cod_pedido=5  
Save/Update: DELETE produccion WHERE cod_produccion=7  
Save/Update: DELETE Pedido WHERE cod_pedido=5</StdOut>
      </Output>
    </UnitTestResult>
    <UnitTestResult executionId="fee05d57-fe70-4e4e-8f0e-8e9818c314a4" testId="66accf62-c8b1-294a-c12d-5fcb04e3bddf" testName="cargarFacturasTest" computerName="DIEGO-PC" duration="00:00:00.0068431" startTime="2012-11-19T19:38:17.9392056-03:00" endTime="2012-11-19T19:38:17.9562065-03:00" testType="13cdc9d9-ddb5-4fa4-a97d-d965ccfc6d4b" outcome="Passed" testListId="8c84fa94-04c1-424b-9868-57a2d4851a1d" relativeResultsDirectory="fee05d57-fe70-4e4e-8f0e-8e9818c314a4">
      <Output>
        <StdOut>Save/Update: select * from Factura; select * from documento_movimiento; select * from LineaFactura WHERE borrado = 0
Save/Update: delete Factura where nro_doc=5
Save/Update: delete documento where nro_doc=5</StdOut>
      </Output>
    </UnitTestResult>
    <UnitTestResult executionId="8a9020b2-b2c7-4e1e-a5f7-8e413d132af4" testId="67103975-0d80-6dc0-3e73-31c64db0977f" testName="grabarInsumoTest" computerName="DIEGO-PC" duration="00:00:00.0148895" startTime="2012-11-19T19:38:17.9622069-03:00" endTime="2012-11-19T19:38:17.9872083-03:00" testType="13cdc9d9-ddb5-4fa4-a97d-d965ccfc6d4b" outcome="Passed" testListId="8c84fa94-04c1-424b-9868-57a2d4851a1d" relativeResultsDirectory="8a9020b2-b2c7-4e1e-a5f7-8e413d132af4">
      <Output>
        <StdOut>Save/Update: SELECT  ISNULL(MAX(cod_insumo + 1),1) from insumo
Save/Update: INSERT INTO insumo (cod_insumo, nombre, id_tipo_insumo, color, detalle, costo, cantidadActual) VALUES (5 , 'test creacion', 1 , 1 , 'insumo repo test', 5, 100 ); 
Save/Update: SELECT  ISNULL(MAX(nro_movimiento + 1),1) from MovimientosStock WHERE cod_insumo=5
Save/Update: INSERT INTO MovimientosStock (nro_movimiento, cod_insumo, tipo, fecha, cantidad) VALUES (1 , 5 , 2 ,  CAST('19/11/2012 19:38:17.972'  AS DateTime), 100); 
Save/Update: select * from insumo WHERE  insumo.cod_insumo=5  
Save/Update: select * from tipoInsumo WHERE  tipoInsumo.tipo_insumo=1  
Save/Update: select * from color WHERE  color.codigo_color=1  
Save/Update: select * from MovimientosStock WHERE  MovimientosStock.cod_insumo=5  
Save/Update: select * from insumo WHERE  insumo.cod_insumo=1  
Save/Update: select * from tipoInsumo WHERE  tipoInsumo.tipo_insumo=1  
Save/Update: select * from color WHERE  color.codigo_color=1  
Save/Update: select * from MovimientosStock WHERE  MovimientosStock.cod_insumo=1  
Save/Update: select * from insumo WHERE  insumo.cod_insumo=2  
Save/Update: select * from tipoInsumo WHERE  tipoInsumo.tipo_insumo=1  
Save/Update: select * from color WHERE  color.codigo_color=2  
Save/Update: select * from MovimientosStock WHERE  MovimientosStock.cod_insumo=2  
Save/Update: select * from insumo WHERE  insumo.cod_insumo=1  
Save/Update: select * from tipoInsumo WHERE  tipoInsumo.tipo_insumo=1  
Save/Update: select * from color WHERE  color.codigo_color=1  
Save/Update: select * from MovimientosStock WHERE  MovimientosStock.cod_insumo=1  
Save/Update: UPDATE insumo SET nombre='nombre1', id_tipo_insumo=1 , color=1 , detalle='detalle1', costo=1, cantidadActual=1  WHERE cod_insumo=1  ; 
Save/Update: select * from insumo WHERE  insumo.cod_insumo=2  
Save/Update: select * from tipoInsumo WHERE  tipoInsumo.tipo_insumo=1  
Save/Update: select * from color WHERE  color.codigo_color=2  
Save/Update: select * from MovimientosStock WHERE  MovimientosStock.cod_insumo=2  
Save/Update: UPDATE insumo SET nombre='nombre2', id_tipo_insumo=1 , color=2 , detalle='detalle2', costo=1, cantidadActual=2  WHERE cod_insumo=2  ; 
Save/Update: delete from MovimientosStock where cod_insumo &gt; 2 or (cod_insumo = 1 AND nro_movimiento &gt; 2) or (cod_insumo = 2 AND nro_movimiento &gt; 1)
Save/Update: DELETE MovimientosStock WHERE nro_movimiento=1  AND cod_insumo=5  
Save/Update: DELETE MovimientosStock WHERE nro_movimiento=2  AND cod_insumo=5  
Save/Update: DELETE insumo WHERE cod_insumo=5</StdOut>
      </Output>
    </UnitTestResult>
    <UnitTestResult executionId="d08bae14-a1c1-4954-9bff-c5cd48cd1f98" testId="68862084-d3f3-3b6a-8d1d-63a8120425c8" testName="actualizarFamiliaTest" computerName="DIEGO-PC" duration="00:00:00.0096637" startTime="2012-11-19T19:38:17.9902085-03:00" endTime="2012-11-19T19:38:18.0112097-03:00" testType="13cdc9d9-ddb5-4fa4-a97d-d965ccfc6d4b" outcome="Passed" testListId="8c84fa94-04c1-424b-9868-57a2d4851a1d" relativeResultsDirectory="d08bae14-a1c1-4954-9bff-c5cd48cd1f98">
      <Output>
        <StdOut>Save/Update: select * from Familia WHERE  Familia.familiaID=2  ; select * from JoinFamiliaToPatente
Save/Update: select * from Patente JOIN JoinFamiliaToPatente AS familia ON Patente.patenteId=familia.patenteId WHERE familia.familiaID=2  
Save/Update: UPDATE Familia SET descripcion='desTest', nombre='nombretest' WHERE familiaID=2  ; DELETE JoinFamiliaToPatente where familiaID=2  ;  INSERT INTO JoinFamiliaToPatente ( familiaID, patenteId) VALUES ( 2 , 9 ); 
Save/Update: select * from Familia WHERE  Familia.familiaID=2  ; select * from JoinFamiliaToPatente
Save/Update: select * from Patente JOIN JoinFamiliaToPatente AS familia ON Patente.patenteId=familia.patenteId WHERE familia.familiaID=2  
Save/Update: UPDATE Familia SET descripcion='Operador maquinas de produccion', nombre='Operador de maquinas' WHERE familiaID=2  ; DELETE JoinFamiliaToPatente where familiaID=2  ;  INSERT INTO JoinFamiliaToPatente ( familiaID, patenteId) VALUES ( 2 , 1 );</StdOut>
      </Output>
    </UnitTestResult>
    <UnitTestResult executionId="053d09d5-081d-4919-9b7c-2b1e3196c418" testId="688ff74d-915e-d560-41c3-a70549298345" testName="borrarMovimientosClienteTest" computerName="DIEGO-PC" duration="00:00:00.2102469" startTime="2012-11-19T19:38:18.0172100-03:00" endTime="2012-11-19T19:38:18.2342224-03:00" testType="13cdc9d9-ddb5-4fa4-a97d-d965ccfc6d4b" outcome="Passed" testListId="8c84fa94-04c1-424b-9868-57a2d4851a1d" relativeResultsDirectory="053d09d5-081d-4919-9b7c-2b1e3196c418">
      <Output>
        <StdOut>Save/Update: SELECT  ISNULL(MAX(nro_movimiento + 1),1) from MovimientosCuenta
Save/Update: INSERT INTO MovimientosCuenta (nro_movimiento, comentario, fecha, monto, cuentaID, tipoMovimientoID) VALUES (4 , 'com4',  CAST('19/11/2012 19:38:18.022'  AS DateTime), 33.3, 1 , 2 ); DELETE proveedor_movimientos where nro_movimiento=4  ;  INSERT INTO proveedor_movimientos ( nro_movimiento, id_proveedor) VALUES ( 4 , 2 ); DELETE documento_movimiento where nro_movimiento=4  ; 
Save/Update: select * from MovimientosCuenta JOIN proveedor_movimientos AS proveedor ON MovimientosCuenta.nro_movimiento=proveedor.nro_movimiento WHERE  MovimientosCuenta.nro_movimiento=4  AND  MovimientosCuenta.monto=33.3 AND proveedor.id_proveedor IS NOT  NULL ; select * from proveedor_movimientos; select * from documento_movimiento
Save/Update: DELETE proveedor_movimientos where nro_movimiento=4  ; DELETE documento_movimiento where nro_movimiento=4  ; ;DELETE MovimientosCuenta WHERE nro_movimiento=4  
Save/Update: select * from MovimientosCuenta JOIN proveedor_movimientos AS proveedor ON MovimientosCuenta.nro_movimiento=proveedor.nro_movimiento WHERE  MovimientosCuenta.nro_movimiento=4  AND  MovimientosCuenta.monto=33.3 AND proveedor.id_proveedor IS NOT  NULL AND proveedor.id_proveedor IS NOT  NULL ; select * from proveedor_movimientos; select * from documento_movimiento
Save/Update: DELETE proveedor_movimientos where nro_movimiento=4  ; DELETE documento_movimiento where nro_movimiento=4  ; ;DELETE MovimientosCuenta WHERE nro_movimiento=4</StdOut>
      </Output>
    </UnitTestResult>
    <UnitTestResult executionId="0f7a53ad-e50d-4f87-84bd-c4e382e0f586" testId="69fa372c-7458-f7f0-5041-7bf40151831d" testName="cargarMovimientosTest" computerName="DIEGO-PC" duration="00:00:00.0049015" startTime="2012-11-19T19:38:18.2442230-03:00" endTime="2012-11-19T19:38:18.2572237-03:00" testType="13cdc9d9-ddb5-4fa4-a97d-d965ccfc6d4b" outcome="Passed" testListId="8c84fa94-04c1-424b-9868-57a2d4851a1d" relativeResultsDirectory="0f7a53ad-e50d-4f87-84bd-c4e382e0f586">
      <Output>
        <StdOut>Save/Update: select * from MovimientosCuenta JOIN cliente_movimientos AS cliente ON MovimientosCuenta.nro_movimiento=cliente.nro_movimiento WHERE cliente.id_cliente IS NOT  NULL ; select * from cliente_movimientos; select * from documento_movimiento
Save/Update: DELETE cliente_movimientos where nro_movimiento=4  ; DELETE documento_movimiento where nro_movimiento=4  ; ;DELETE MovimientosCuenta WHERE nro_movimiento=4</StdOut>
      </Output>
    </UnitTestResult>
    <UnitTestResult executionId="bfa111e3-3489-42ba-aa3c-e6db23f36ef9" testId="6b7c36cd-44f4-1879-c115-f544d495b61e" testName="cargarFamiliasTest" computerName="DIEGO-PC" duration="00:00:00.0026964" startTime="2012-11-19T19:38:18.2672243-03:00" endTime="2012-11-19T19:38:18.2772249-03:00" testType="13cdc9d9-ddb5-4fa4-a97d-d965ccfc6d4b" outcome="Passed" testListId="8c84fa94-04c1-424b-9868-57a2d4851a1d" relativeResultsDirectory="bfa111e3-3489-42ba-aa3c-e6db23f36ef9">
      <Output>
        <StdOut>Save/Update: select * from Patente</StdOut>
      </Output>
    </UnitTestResult>
    <UnitTestResult executionId="62274212-5d08-4944-a245-32ac9830e412" testId="6c508edd-f42b-c301-6d53-7fe205a52a0b" testName="listarPedidosTest" computerName="DIEGO-PC" duration="00:00:00.0234758" startTime="2012-11-19T19:38:18.2872255-03:00" endTime="2012-11-19T19:38:18.3182272-03:00" testType="13cdc9d9-ddb5-4fa4-a97d-d965ccfc6d4b" outcome="Passed" testListId="8c84fa94-04c1-424b-9868-57a2d4851a1d" relativeResultsDirectory="62274212-5d08-4944-a245-32ac9830e412">
      <Output>
        <StdOut>Save/Update: select * from Pedido; select * from produccion WHERE borrado = 0; select * from historico_estados_pedido WHERE borrado = 0
Save/Update: select * from historico_estados_pedido WHERE  historico_estados_pedido.cod_pedido=1  
Save/Update: select * from tipoPedido WHERE  tipoPedido.tipo_pedido=1  
Save/Update: select * from produccion WHERE  produccion.cod_pedido=1  ; select * from historico_estados_produccion WHERE borrado = 0
Save/Update: select * from Cliente WHERE  Cliente.id_cliente=1  ; select * from cliente_movimientos; select * from Pedido WHERE borrado = 0; select * from Factura WHERE borrado = 0; select * from Diseño WHERE borrado = 0
Save/Update: select * from EstadoPedido WHERE  EstadoPedido.estado_pedido=3  
Save/Update: select * from historico_estados_pedido WHERE  historico_estados_pedido.cod_pedido=2  
Save/Update: select * from tipoPedido WHERE  tipoPedido.tipo_pedido=2  
Save/Update: select * from produccion WHERE  produccion.cod_pedido=2  ; select * from historico_estados_produccion WHERE borrado = 0
Save/Update: select * from Cliente WHERE  Cliente.id_cliente=2  ; select * from cliente_movimientos; select * from Pedido WHERE borrado = 0; select * from Factura WHERE borrado = 0; select * from Diseño WHERE borrado = 0
Save/Update: select * from EstadoPedido WHERE  EstadoPedido.estado_pedido=3  
Save/Update: select * from historico_estados_pedido WHERE  historico_estados_pedido.cod_pedido=3  
Save/Update: select * from tipoPedido WHERE  tipoPedido.tipo_pedido=2  
Save/Update: select * from produccion WHERE  produccion.cod_pedido=3  ; select * from historico_estados_produccion WHERE borrado = 0
Save/Update: select * from Cliente WHERE  Cliente.id_cliente=1  ; select * from cliente_movimientos; select * from Pedido WHERE borrado = 0; select * from Factura WHERE borrado = 0; select * from Diseño WHERE borrado = 0
Save/Update: select * from EstadoPedido WHERE  EstadoPedido.estado_pedido=0  
Save/Update: select * from historico_estados_pedido WHERE  historico_estados_pedido.cod_pedido=4  
Save/Update: select * from tipoPedido WHERE  tipoPedido.tipo_pedido=1  
Save/Update: select * from produccion WHERE  produccion.cod_pedido=4  ; select * from historico_estados_produccion WHERE borrado = 0
Save/Update: select * from Cliente WHERE  Cliente.id_cliente=1  ; select * from cliente_movimientos; select * from Pedido WHERE borrado = 0; select * from Factura WHERE borrado = 0; select * from Diseño WHERE borrado = 0
Save/Update: select * from EstadoPedido WHERE  EstadoPedido.estado_pedido=0  
Save/Update: DELETE historico_estados_pedido WHERE nro_estado=1  AND cod_pedido=5  
Save/Update: DELETE historico_estados_pedido WHERE nro_estado=2  AND cod_pedido=5  
Save/Update: DELETE produccion WHERE cod_produccion=7  
Save/Update: DELETE Pedido WHERE cod_pedido=5</StdOut>
      </Output>
    </UnitTestResult>
    <UnitTestResult executionId="e3ee6651-b288-4b55-b0e2-6c4921512d11" testId="6c77fe8d-a8b3-4efd-1e3d-013b12293f74" testName="borrarListaPrecioTest" computerName="DIEGO-PC" duration="00:00:00.0054790" startTime="2012-11-19T19:38:18.3282278-03:00" endTime="2012-11-19T19:38:18.3392284-03:00" testType="13cdc9d9-ddb5-4fa4-a97d-d965ccfc6d4b" outcome="Passed" testListId="8c84fa94-04c1-424b-9868-57a2d4851a1d" relativeResultsDirectory="e3ee6651-b288-4b55-b0e2-6c4921512d11">
      <Output>
        <StdOut>Save/Update: SELECT  ISNULL( MAX(nro_lista + 1), 1) from lista_precios WHERE cod_articulo=1
Save/Update: INSERT INTO lista_precios (nro_lista, cod_articulo, precio, fechaDesde, fechaHasta, borrado) VALUES (3 , 1 , 3.1,  CAST('11/11/2011 13:55:33.110'  AS DateTime),  CAST('11/11/2011 14:55:33.223'  AS DateTime), 0 ); 
Save/Update: select * from lista_precios WHERE  lista_precios.borrado=0  AND  lista_precios.cod_articulo=1  
Save/Update: DELETE lista_precios WHERE nro_lista=3  AND cod_articulo=1  
Save/Update: select * from lista_precios WHERE  lista_precios.borrado=0  AND  lista_precios.cod_articulo=1  
Save/Update: DELETE lista_precios WHERE nro_lista=3  AND cod_articulo=1</StdOut>
      </Output>
    </UnitTestResult>
    <UnitTestResult executionId="3f700fd1-6663-4752-a440-1c3f2d409a0f" testId="6cf16972-5184-bd8a-3b41-bb02c50f3e4c" testName="calcularFinalizacionTest3" computerName="DIEGO-PC" duration="00:00:00.0045324" startTime="2012-11-19T19:38:18.3522292-03:00" endTime="2012-11-19T19:38:18.3632298-03:00" testType="13cdc9d9-ddb5-4fa4-a97d-d965ccfc6d4b" outcome="Passed" testListId="8c84fa94-04c1-424b-9868-57a2d4851a1d" relativeResultsDirectory="3f700fd1-6663-4752-a440-1c3f2d409a0f">
      <Output>
        <StdOut>Save/Update: DELETE produccion_operador WHERE id_operador=2  AND cod_prodcuccion=7  
Save/Update: DELETE historico_estados_produccion WHERE nro_estado=1  AND cod_produccion=7  
Save/Update: DELETE historico_estados_produccion WHERE nro_estado=2  AND cod_produccion=7  
Save/Update: DELETE produccion WHERE cod_produccion=7</StdOut>
      </Output>
    </UnitTestResult>
    <UnitTestResult executionId="496d88f3-1bf0-41fa-b7b3-859c543f607e" testId="6dbb761e-cbdb-2c43-0c61-55938d83de19" testName="cargarLineasFacturaTest" computerName="DIEGO-PC" duration="00:00:00.0045619" startTime="2012-11-19T19:38:18.3692301-03:00" endTime="2012-11-19T19:38:18.3792307-03:00" testType="13cdc9d9-ddb5-4fa4-a97d-d965ccfc6d4b" outcome="Passed" testListId="8c84fa94-04c1-424b-9868-57a2d4851a1d" relativeResultsDirectory="496d88f3-1bf0-41fa-b7b3-859c543f607e">
      <Output>
        <StdOut>Save/Update: select * from LineaOrdenDeCompra</StdOut>
      </Output>
    </UnitTestResult>
    <UnitTestResult executionId="aa990612-220d-4a0c-8c20-a8bfc21210e5" testId="6e20bc5d-0f12-b6d7-ba69-ad542caad9f6" testName="modificarHistoricoEstadosTest" computerName="DIEGO-PC" duration="00:00:00.0844987" startTime="2012-11-19T19:38:18.3862311-03:00" endTime="2012-11-19T19:38:18.4782364-03:00" testType="13cdc9d9-ddb5-4fa4-a97d-d965ccfc6d4b" outcome="Passed" testListId="8c84fa94-04c1-424b-9868-57a2d4851a1d" relativeResultsDirectory="aa990612-220d-4a0c-8c20-a8bfc21210e5">
      <Output>
        <StdOut>Save/Update: select * from historico_estados_produccion WHERE  historico_estados_produccion.nro_estado=1  AND  historico_estados_produccion.cod_produccion=1  
Save/Update: UPDATE historico_estados_produccion SET comentario='comentarioModificado', fechaDesde= CAST('11/09/2012 13:00:00.000'  AS DateTime), fechaHasta= CAST('11/09/2012 14:00:00.000'  AS DateTime), estado=1 , borrado=0  WHERE nro_estado=1  AND cod_produccion=1  ; 
Save/Update: select * from historico_estados_produccion WHERE  historico_estados_produccion.nro_estado=1  AND  historico_estados_produccion.cod_produccion=1  
Save/Update: UPDATE historico_estados_produccion SET comentario='comentario11', fechaDesde= CAST('11/09/2012 13:00:00.000'  AS DateTime), fechaHasta= CAST('11/09/2012 14:00:00.000'  AS DateTime), estado=1 , borrado=0  WHERE nro_estado=1  AND cod_produccion=1  ;</StdOut>
      </Output>
    </UnitTestResult>
    <UnitTestResult executionId="97f3c5b4-cfe3-4e3c-8b5c-5cc86339176f" testId="6fccfc0c-3386-fa76-9bb6-5cb2884d04d6" testName="grabarNuevoPedidoTest" computerName="DIEGO-PC" duration="00:00:00.0140671" startTime="2012-11-19T19:38:18.4832367-03:00" endTime="2012-11-19T19:38:18.5042379-03:00" testType="13cdc9d9-ddb5-4fa4-a97d-d965ccfc6d4b" outcome="Passed" testListId="8c84fa94-04c1-424b-9868-57a2d4851a1d" relativeResultsDirectory="97f3c5b4-cfe3-4e3c-8b5c-5cc86339176f">
      <Output>
        <StdOut>Save/Update: SELECT  ISNULL(MAX(cod_pedido + 1),1) from Pedido
Save/Update: INSERT INTO Pedido (cod_pedido, comentario, id_cliente, tipo_pedido, estadoActual, fechaInicio, fechaFinal, borrado) VALUES (5 , 'comentario test', 2 , 2 , 2 ,  CAST('19/11/2012 19:38:18.490'  AS DateTime),  CAST('19/11/2012 19:38:18.490'  AS DateTime), 0 ); UPDATE produccion SET borrado=1 WHERE cod_pedido=5  ; UPDATE historico_estados_pedido SET borrado=1 WHERE cod_pedido=5  ; 
Save/Update: select * from Pedido WHERE  Pedido.comentario='comentario test' ; select * from produccion WHERE borrado = 0; select * from historico_estados_pedido WHERE borrado = 0
Save/Update: DELETE Pedido WHERE cod_pedido=5</StdOut>
      </Output>
    </UnitTestResult>
    <UnitTestResult executionId="d4109d94-67af-46a8-a749-ebf97b3ba6eb" testId="70dba011-1aa4-3fb1-b8c2-fb8d0666bd55" testName="actualizarUsuarioTest" computerName="DIEGO-PC" duration="00:00:00.0164719" startTime="2012-11-19T19:38:18.5082381-03:00" endTime="2012-11-19T19:38:18.5332395-03:00" testType="13cdc9d9-ddb5-4fa4-a97d-d965ccfc6d4b" outcome="Passed" testListId="8c84fa94-04c1-424b-9868-57a2d4851a1d" relativeResultsDirectory="d4109d94-67af-46a8-a749-ebf97b3ba6eb">
      <Output>
        <StdOut>Save/Update: select * from Cliente WHERE  Cliente.id_cliente=1  ; select * from cliente_movimientos; select * from Pedido WHERE borrado = 0; select * from Factura WHERE borrado = 0; select * from Diseño WHERE borrado = 0
Save/Update: UPDATE Cliente SET habitadoTurnos=0 , newsletter=1  WHERE id_cliente=1  ; UPDATE Pedido SET borrado=1 WHERE id_cliente=1  ; UPDATE Factura SET borrado=1 WHERE id_cliente=1  ; UPDATE Diseño SET borrado=1 WHERE id_cliente=1  ; 
Save/Update: select * from Cliente WHERE  Cliente.id_cliente=1  ; select * from cliente_movimientos; select * from Pedido WHERE borrado = 0; select * from Factura WHERE borrado = 0; select * from Diseño WHERE borrado = 0
Save/Update: UPDATE Cliente SET habitadoTurnos=1 , newsletter=0  WHERE id_cliente=1  ; UPDATE Pedido SET borrado=1 WHERE id_cliente=1  ; UPDATE Factura SET borrado=1 WHERE id_cliente=1  ; UPDATE Diseño SET borrado=1 WHERE id_cliente=1  ; 
Save/Update:  UPDATE factura set borrado = 0 
Save/Update:  UPDATE diseño set borrado = 0 
Save/Update:  UPDATE pedido set borrado = 0</StdOut>
      </Output>
    </UnitTestResult>
    <UnitTestResult executionId="49872fdb-8a94-4ac8-a11c-b44084b4453a" testId="7187fc52-08ae-19d9-62d2-a1273ba98de3" testName="listarArticulosPorPrendaTest" computerName="DIEGO-PC" duration="00:00:00.0117836" startTime="2012-11-19T19:38:18.5362397-03:00" endTime="2012-11-19T19:38:18.5562408-03:00" testType="13cdc9d9-ddb5-4fa4-a97d-d965ccfc6d4b" outcome="Passed" testListId="8c84fa94-04c1-424b-9868-57a2d4851a1d" relativeResultsDirectory="49872fdb-8a94-4ac8-a11c-b44084b4453a">
      <Output>
        <StdOut>Save/Update: select * from Articulos WHERE  Articulos.tipoPrendaID=1  AND  Articulos.borrado=0  ; select * from lista_precios WHERE borrado = 0
Save/Update: select * from lista_precios WHERE  lista_precios.cod_articulo=1  
Save/Update: select * from TipoPrenda WHERE  TipoPrenda.tipo_prenda=1  
Save/Update: select * from Diseño WHERE  Diseño.cod_diseño=1  ; select * from historico_estados_diseño WHERE borrado = 0
Save/Update: DELETE lista_precios WHERE nro_lista=1  AND cod_articulo=4  
Save/Update: DELETE lista_precios WHERE nro_lista=2  AND cod_articulo=4  
Save/Update: DELETE Articulos WHERE cod_articulo=4</StdOut>
      </Output>
    </UnitTestResult>
    <UnitTestResult executionId="2f82625d-0af8-49bc-b56d-2b1b7914e8fb" testId="71db679d-9cd7-f55e-94f9-ae66c93fc299" testName="actualizarMaquinaTest" computerName="DIEGO-PC" duration="00:00:00.0118022" startTime="2012-11-19T19:38:18.5712417-03:00" endTime="2012-11-19T19:38:18.5892427-03:00" testType="13cdc9d9-ddb5-4fa4-a97d-d965ccfc6d4b" outcome="Passed" testListId="8c84fa94-04c1-424b-9868-57a2d4851a1d" relativeResultsDirectory="2f82625d-0af8-49bc-b56d-2b1b7914e8fb">
      <Output>
        <StdOut>Save/Update: SELECT  ISNULL(MAX(cod_maquina + 1),1) from Maquina
Save/Update: INSERT INTO Maquina (cod_maquina, altoMargen, anchoMargen, cabezales, nombre, velocidadPromedio, cantidadColores) VALUES (4 , 100 , 200 , 12 , 'nombre nuevo', 1000 , 12 ); DELETE JoinMaquinaToTipoPrenda where cod_maquina=4  ;  INSERT INTO JoinMaquinaToTipoPrenda ( cod_maquina, tipo_prenda) VALUES ( 4 , 1 );  INSERT INTO JoinMaquinaToTipoPrenda ( cod_maquina, tipo_prenda) VALUES ( 4 , 2 ); 
Save/Update: select * from produccion WHERE  produccion.fechaInicio&gt;= CAST('19/11/2012 19:38:18.000'  AS DateTime) ; select * from historico_estados_produccion WHERE borrado = 0
Save/Update: select * from produccion WHERE  produccion.fechaInicio&gt;= CAST('19/11/2012 19:38:18.000'  AS DateTime) ; select * from historico_estados_produccion WHERE borrado = 0
Save/Update: select * from Maquina WHERE  Maquina.cod_maquina=4  ; select * from JoinMaquinaToTipoPrenda
Save/Update: select * from TipoPrenda WHERE  TipoPrenda.tipo_prenda=1  
Save/Update: select * from TipoPrenda WHERE  TipoPrenda.tipo_prenda=2  
Save/Update: UPDATE Maquina SET altoMargen=100 , anchoMargen=200 , cabezales=12 , nombre='nombre editado', velocidadPromedio=1000 , cantidadColores=12  WHERE cod_maquina=4  ; DELETE JoinMaquinaToTipoPrenda where cod_maquina=4  ;  INSERT INTO JoinMaquinaToTipoPrenda ( cod_maquina, tipo_prenda) VALUES ( 4 , 1 ); 
Save/Update: select * from Maquina WHERE  Maquina.cod_maquina=4  ; select * from JoinMaquinaToTipoPrenda
Save/Update: select * from TipoPrenda WHERE  TipoPrenda.tipo_prenda=1  
Save/Update: DELETE JoinMaquinaToTipoPrenda where cod_maquina=4  ; ;DELETE Maquina WHERE cod_maquina=4  
Save/Update: delete from JoinMaquinaToTipoPrenda where cod_maquina=4</StdOut>
      </Output>
    </UnitTestResult>
    <UnitTestResult executionId="6feef18f-eb49-4ef8-b465-5d77afa68c2d" testId="723aff45-3bd6-6949-d938-d2ccbc2f388d" testName="buscarProveedoresPorNombreTest" computerName="DIEGO-PC" duration="00:00:00.0088702" startTime="2012-11-19T19:38:18.5912428-03:00" endTime="2012-11-19T19:38:18.6072438-03:00" testType="13cdc9d9-ddb5-4fa4-a97d-d965ccfc6d4b" outcome="Passed" testListId="8c84fa94-04c1-424b-9868-57a2d4851a1d" relativeResultsDirectory="6feef18f-eb49-4ef8-b465-5d77afa68c2d">
      <Output>
        <StdOut>Save/Update: select * from Proveedor WHERE  Proveedor.nombre LIKE '%nomb%'
Save/Update: select * from OrdenDeCompra WHERE  OrdenDeCompra.id_proveedor=1  ; select * from documento_movimiento; select * from LineaOrdenDeCompra WHERE borrado = 0
Save/Update: select * from OrdenDeCompra WHERE  OrdenDeCompra.id_proveedor=2  ; select * from documento_movimiento; select * from LineaOrdenDeCompra WHERE borrado = 0
Save/Update: select * from OrdenDeCompra WHERE  OrdenDeCompra.id_proveedor=3  ; select * from documento_movimiento; select * from LineaOrdenDeCompra WHERE borrado = 0
Save/Update: delete OrdenDeCompra where nro_doc=5
Save/Update: delete documento where nro_doc=5
Save/Update: DELETE Proveedor WHERE id_proveedor=4  
Save/Update: UPDATE Proveedor SET nombre='nombre1', telefono='1111-1111', direccion='direccion 1' WHERE id_proveedor=1  ;</StdOut>
      </Output>
    </UnitTestResult>
    <UnitTestResult executionId="2570feea-7de7-4fe1-9791-0cb6bc2404c0" testId="72b264c8-79c9-9087-ae9e-47c332dbaa6d" testName="listaPatentesPorFamiliaTest" computerName="DIEGO-PC" duration="00:00:00.0025212" startTime="2012-11-19T19:38:18.6102439-03:00" endTime="2012-11-19T19:38:18.6222446-03:00" testType="13cdc9d9-ddb5-4fa4-a97d-d965ccfc6d4b" outcome="Passed" testListId="8c84fa94-04c1-424b-9868-57a2d4851a1d" relativeResultsDirectory="2570feea-7de7-4fe1-9791-0cb6bc2404c0">
      <Output>
        <StdOut>Save/Update: select * from Patente JOIN JoinFamiliaToPatente AS familia ON Patente.patenteId=familia.patenteId WHERE familia.familiaID=6</StdOut>
      </Output>
    </UnitTestResult>
    <UnitTestResult executionId="0f606587-76cb-4f6b-8af6-595edf314cd3" testId="75cbbdb7-6249-18c8-32b2-1920235c1d97" testName="listarInsumosPorCodigoTest" computerName="DIEGO-PC" duration="00:00:00.0110418" startTime="2012-11-19T19:38:18.6292450-03:00" endTime="2012-11-19T19:38:18.6472461-03:00" testType="13cdc9d9-ddb5-4fa4-a97d-d965ccfc6d4b" outcome="Passed" testListId="8c84fa94-04c1-424b-9868-57a2d4851a1d" relativeResultsDirectory="0f606587-76cb-4f6b-8af6-595edf314cd3">
      <Output>
        <StdOut>Save/Update: select * from insumo WHERE  insumo.cod_insumo=1  
Save/Update: select * from tipoInsumo WHERE  tipoInsumo.tipo_insumo=1  
Save/Update: select * from color WHERE  color.codigo_color=1  
Save/Update: select * from MovimientosStock WHERE  MovimientosStock.cod_insumo=1  
Save/Update: select * from insumo WHERE  insumo.cod_insumo=1  
Save/Update: select * from tipoInsumo WHERE  tipoInsumo.tipo_insumo=1  
Save/Update: select * from color WHERE  color.codigo_color=1  
Save/Update: select * from MovimientosStock WHERE  MovimientosStock.cod_insumo=1  
Save/Update: select * from insumo WHERE  insumo.cod_insumo=2  
Save/Update: select * from tipoInsumo WHERE  tipoInsumo.tipo_insumo=1  
Save/Update: select * from color WHERE  color.codigo_color=2  
Save/Update: select * from MovimientosStock WHERE  MovimientosStock.cod_insumo=2  
Save/Update: select * from insumo WHERE  insumo.cod_insumo=1  
Save/Update: select * from tipoInsumo WHERE  tipoInsumo.tipo_insumo=1  
Save/Update: select * from color WHERE  color.codigo_color=1  
Save/Update: select * from MovimientosStock WHERE  MovimientosStock.cod_insumo=1  
Save/Update: UPDATE insumo SET nombre='nombre1', id_tipo_insumo=1 , color=1 , detalle='detalle1', costo=1, cantidadActual=1  WHERE cod_insumo=1  ; 
Save/Update: select * from insumo WHERE  insumo.cod_insumo=2  
Save/Update: select * from tipoInsumo WHERE  tipoInsumo.tipo_insumo=1  
Save/Update: select * from color WHERE  color.codigo_color=2  
Save/Update: select * from MovimientosStock WHERE  MovimientosStock.cod_insumo=2  
Save/Update: UPDATE insumo SET nombre='nombre2', id_tipo_insumo=1 , color=2 , detalle='detalle2', costo=1, cantidadActual=2  WHERE cod_insumo=2  ; 
Save/Update: delete from MovimientosStock where cod_insumo &gt; 2 or (cod_insumo = 1 AND nro_movimiento &gt; 2) or (cod_insumo = 2 AND nro_movimiento &gt; 1)
Save/Update: DELETE MovimientosStock WHERE nro_movimiento=1  AND cod_insumo=5  
Save/Update: DELETE MovimientosStock WHERE nro_movimiento=2  AND cod_insumo=5  
Save/Update: DELETE insumo WHERE cod_insumo=5</StdOut>
      </Output>
    </UnitTestResult>
    <UnitTestResult executionId="daa51e73-0177-4a6b-bb1d-7d0a568586cd" testId="75ff0c72-ae5b-a30a-d444-42d5bfa7ed8d" testName="buscarOpinionesPorCriterioTest" computerName="DIEGO-PC" duration="00:00:00.0351657" startTime="2012-11-19T19:38:18.6502462-03:00" endTime="2012-11-19T19:38:18.6962489-03:00" testType="13cdc9d9-ddb5-4fa4-a97d-d965ccfc6d4b" outcome="Passed" testListId="8c84fa94-04c1-424b-9868-57a2d4851a1d" relativeResultsDirectory="daa51e73-0177-4a6b-bb1d-7d0a568586cd">
      <Output>
        <StdOut>Save/Update: select * from opiniones WHERE  opiniones.id=1  AND  opiniones.nombre='nombre1' AND  opiniones.mail='mail1@test.com' AND  opiniones.opinion='opinion1'</StdOut>
      </Output>
    </UnitTestResult>
    <UnitTestResult executionId="66469648-d67a-46c4-8365-cfceae0ea146" testId="76669914-042a-1066-d597-b186fff6c621" testName="grabarUsuarioTest" computerName="DIEGO-PC" duration="00:00:00.0114802" startTime="2012-11-19T19:38:18.7002491-03:00" endTime="2012-11-19T19:38:18.7192502-03:00" testType="13cdc9d9-ddb5-4fa4-a97d-d965ccfc6d4b" outcome="Passed" testListId="8c84fa94-04c1-424b-9868-57a2d4851a1d" relativeResultsDirectory="66469648-d67a-46c4-8365-cfceae0ea146">
      <Output>
        <StdOut>Save/Update: SELECT  ISNULL(MAX(usuarioID + 1),1) from Usuario
Save/Update: INSERT INTO Usuario (usuarioID, nombre, apellido, mail, password, telefonoFijo, telefonoMovil, bloqueado) VALUES (6 , 'nombre6', 'apellido6', 'mail6@test.com', 'pas6', '6666-6666', '6666-6666', 0 ); DELETE JoinUsuarioToFamilia where usuarioID=6  ;  INSERT INTO JoinUsuarioToFamilia ( usuarioID, familiaID) VALUES ( 6 , 1 ); DELETE JoinPatenteToUsuario where usuarioID=6  ;  INSERT INTO JoinPatenteToUsuario ( usuarioID, patenteId) VALUES ( 6 , 1 ); 
Save/Update: select * from Usuario; select * from JoinUsuarioToFamilia; select * from JoinPatenteToUsuario
Save/Update: DELETE JoinUsuarioToFamilia where usuarioID=6  ; DELETE JoinPatenteToUsuario where usuarioID=6  ; ;DELETE Usuario WHERE usuarioID=6  
Save/Update: select * from Usuario; select * from JoinUsuarioToFamilia; select * from JoinPatenteToUsuario
Save/Update: DELETE JoinUsuarioToFamilia where usuarioID=6  ; DELETE JoinPatenteToUsuario where usuarioID=6  ; ;DELETE Usuario WHERE usuarioID=6  
Save/Update: UPDATE Usuario SET nombre='nombre5', apellido='apellido5', mail='mail5@test.com', password='pas5', telefonoFijo='5555-5555', telefonoMovil='5555-5555', bloqueado=0  WHERE usuarioID=5  ; DELETE JoinUsuarioToFamilia where usuarioID=5  ; DELETE JoinPatenteToUsuario where usuarioID=5  ;</StdOut>
      </Output>
    </UnitTestResult>
    <UnitTestResult executionId="4818e7d1-b00d-4780-ae70-f854bb054224" testId="77619216-98fe-f01d-d92b-ae2614d5a7c1" testName="buscarPorIdTest" computerName="DIEGO-PC" duration="00:00:00.0027725" startTime="2012-11-19T19:38:18.7242505-03:00" endTime="2012-11-19T19:38:18.7342510-03:00" testType="13cdc9d9-ddb5-4fa4-a97d-d965ccfc6d4b" outcome="Passed" testListId="8c84fa94-04c1-424b-9868-57a2d4851a1d" relativeResultsDirectory="4818e7d1-b00d-4780-ae70-f854bb054224">
      <Output>
        <StdOut>Save/Update: select * from tipoMovimiento WHERE  tipoMovimiento.tipoMovimientoID=1</StdOut>
      </Output>
    </UnitTestResult>
    <UnitTestResult executionId="2c20580e-98c5-45b0-ae57-362a77409aa9" testId="776c9b88-b138-d6aa-dd32-a876a9437025" testName="listarNewsletterTest" computerName="DIEGO-PC" duration="00:00:00.0036425" startTime="2012-11-19T19:38:18.7382513-03:00" endTime="2012-11-19T19:38:18.7502519-03:00" testType="13cdc9d9-ddb5-4fa4-a97d-d965ccfc6d4b" outcome="Passed" testListId="8c84fa94-04c1-424b-9868-57a2d4851a1d" relativeResultsDirectory="2c20580e-98c5-45b0-ae57-362a77409aa9">
      <Output>
        <StdOut>Save/Update: select * from newsletter</StdOut>
      </Output>
    </UnitTestResult>
    <UnitTestResult executionId="75c7562b-a453-45e4-9c67-8f74d4919f05" testId="77a70718-b08f-850c-1bf3-10dbbe443592" testName="actualizaOrdenDeCompraTest" computerName="DIEGO-PC" duration="00:00:00.1420774" startTime="2012-11-19T19:38:18.7532521-03:00" endTime="2012-11-19T19:38:18.9052608-03:00" testType="13cdc9d9-ddb5-4fa4-a97d-d965ccfc6d4b" outcome="Passed" testListId="8c84fa94-04c1-424b-9868-57a2d4851a1d" relativeResultsDirectory="75c7562b-a453-45e4-9c67-8f74d4919f05">
      <Output>
        <StdOut>Save/Update: SELECT  ISNULL(MAX(nro_Doc + 1),1) from documento
Save/Update: INSERT INTO documento VALUES (5)
Save/Update: SELECT  ISNULL(MAX(nro_orden_compra + 1),1) from OrdenDeCompra WHERE nro_sucursal=1 AND tipo_orden_compra='A'
Save/Update: INSERT INTO OrdenDeCompra (nro_Doc, iva, fecha, borrado, nro_orden_compra, nro_sucursal, tipo_orden_compra, id_proveedor, monto) VALUES (5 , 1.1,  CAST('13/10/2012 21:44:12.000'  AS DateTime), 0 , 2 , 1 , 'A', 2 , 100); UPDATE LineaOrdenDeCompra SET borrado=1 WHERE nro_orden_compra=2  AND nro_sucursal=1  AND tipo_orden_compra='A' ; 
Save/Update: SELECT  ISNULL(MAX(nro_linea + 1),1) from LineaOrdenDeCompra WHERE nro_orden_compra=2 AND nro_sucursal=1 AND tipo_orden_compra='A'
Save/Update: INSERT INTO LineaOrdenDeCompra (nro_orden_compra, nro_sucursal, tipo_orden_compra, nro_linea, cod_producto, cantidad, precio, borrado) VALUES (2 , 1 , 'A', 1 , 2 , 10 , 50, 0 ); 
Save/Update: SELECT  ISNULL(MAX(nro_movimiento + 1),1) from MovimientosCuenta
Save/Update: INSERT INTO MovimientosCuenta (nro_movimiento, comentario, fecha, monto, cuentaID, tipoMovimientoID) VALUES (4 , 'com test',  CAST('13/10/2012 21:44:12.000'  AS DateTime), 100, 1 , 1 ); DELETE proveedor_movimientos where nro_movimiento=4  ;  INSERT INTO proveedor_movimientos ( nro_movimiento, id_proveedor) VALUES ( 4 , 2 ); DELETE documento_movimiento where nro_movimiento=4  ;  INSERT INTO documento_movimiento ( nro_movimiento, nro_Doc) VALUES ( 4 , 5 ); 
Save/Update: select * from OrdenDeCompra WHERE  OrdenDeCompra.nro_orden_compra=2  AND  OrdenDeCompra.nro_sucursal=1  AND  OrdenDeCompra.tipo_orden_compra='A' ; select * from documento_movimiento; select * from LineaOrdenDeCompra WHERE borrado = 0
Save/Update: select * from LineaOrdenDeCompra WHERE  LineaOrdenDeCompra.nro_orden_compra=2  AND  LineaOrdenDeCompra.tipo_orden_compra='A' AND  LineaOrdenDeCompra.nro_sucursal=1  
Save/Update: select * from insumo WHERE  insumo.cod_insumo=2  
Save/Update: select * from Proveedor WHERE  Proveedor.id_proveedor=2  
Save/Update: select * from MovimientosCuenta JOIN documento_movimiento AS documento ON MovimientosCuenta.nro_movimiento=documento.nro_movimiento JOIN proveedor_movimientos AS proveedor ON MovimientosCuenta.nro_movimiento=proveedor.nro_movimiento WHERE documento.nro_Doc=5  AND proveedor.id_proveedor IS NOT  NULL ; select * from proveedor_movimientos; select * from documento_movimiento
Save/Update: UPDATE OrdenDeCompra SET nro_Doc=5 , iva=1.1, fecha= CAST('13/10/2012 21:44:12.000'  AS DateTime), borrado=0 , id_proveedor=2 , monto=111 WHERE nro_orden_compra=2  AND nro_sucursal=1  AND tipo_orden_compra='A' ; UPDATE LineaOrdenDeCompra SET borrado=1 WHERE nro_orden_compra=2  AND nro_sucursal=1  AND tipo_orden_compra='A' ; 
Save/Update: UPDATE LineaOrdenDeCompra SET cod_producto=2 , cantidad=15 , precio=50, borrado=0  WHERE nro_orden_compra=2  AND nro_sucursal=1  AND tipo_orden_compra='A' AND nro_linea=1  ; 
Save/Update: SELECT  ISNULL(MAX(nro_linea + 1),1) from LineaOrdenDeCompra WHERE nro_orden_compra=2 AND nro_sucursal=1 AND tipo_orden_compra='A'
Save/Update: INSERT INTO LineaOrdenDeCompra (nro_orden_compra, nro_sucursal, tipo_orden_compra, nro_linea, cod_producto, cantidad, precio, borrado) VALUES (2 , 1 , 'A', 2 , 1 , 10 , 0, 0 ); 
Save/Update: UPDATE MovimientosCuenta SET comentario='com test', fecha= CAST('13/10/2012 21:44:12.000'  AS DateTime), monto=111, cuentaID=1 , tipoMovimientoID=1  WHERE nro_movimiento=4  ; DELETE proveedor_movimientos where nro_movimiento=4  ;  INSERT INTO proveedor_movimientos ( nro_movimiento, id_proveedor) VALUES ( 4 , 2 ); DELETE documento_movimiento where nro_movimiento=4  ;  INSERT INTO documento_movimiento ( nro_movimiento, nro_Doc) VALUES ( 4 , 5 ); 
Save/Update: select * from OrdenDeCompra WHERE  OrdenDeCompra.nro_orden_compra=2  AND  OrdenDeCompra.nro_sucursal=1  AND  OrdenDeCompra.tipo_orden_compra='A' ; select * from documento_movimiento; select * from LineaOrdenDeCompra WHERE borrado = 0
Save/Update: select * from LineaOrdenDeCompra WHERE  LineaOrdenDeCompra.nro_orden_compra=2  AND  LineaOrdenDeCompra.tipo_orden_compra='A' AND  LineaOrdenDeCompra.nro_sucursal=1  
Save/Update: select * from insumo WHERE  insumo.cod_insumo=2  
Save/Update: select * from insumo WHERE  insumo.cod_insumo=1  
Save/Update: select * from Proveedor WHERE  Proveedor.id_proveedor=2  
Save/Update: select * from MovimientosCuenta JOIN documento_movimiento AS documento ON MovimientosCuenta.nro_movimiento=documento.nro_movimiento JOIN proveedor_movimientos AS proveedor ON MovimientosCuenta.nro_movimiento=proveedor.nro_movimiento WHERE documento.nro_Doc=5  AND proveedor.id_proveedor IS NOT  NULL ; select * from proveedor_movimientos; select * from documento_movimiento
Save/Update: DELETE LineaOrdenDeCompra WHERE nro_orden_compra=2  AND nro_sucursal=1  AND tipo_orden_compra='A' AND nro_linea=1  
Save/Update: DELETE LineaOrdenDeCompra WHERE nro_orden_compra=2  AND nro_sucursal=1  AND tipo_orden_compra='A' AND nro_linea=2  
Save/Update: DELETE proveedor_movimientos where nro_movimiento=4  ; DELETE documento_movimiento where nro_movimiento=4  ; ;DELETE MovimientosCuenta WHERE nro_movimiento=4  
Save/Update: DELETE FROM OrdenDeCompra WHERE nro_Doc =5
Save/Update: delete documento where nro_doc=5</StdOut>
      </Output>
    </UnitTestResult>
    <UnitTestResult executionId="7b550330-620f-494a-b932-f3886071b2ab" testId="78d51b31-e137-cc46-4586-32e7fc15993b" testName="BuscarDiseñosTest" computerName="DIEGO-PC" duration="00:00:00.0117483" startTime="2012-11-19T19:38:18.9122612-03:00" endTime="2012-11-19T19:38:18.9392628-03:00" testType="13cdc9d9-ddb5-4fa4-a97d-d965ccfc6d4b" outcome="Passed" testListId="8c84fa94-04c1-424b-9868-57a2d4851a1d" relativeResultsDirectory="7b550330-620f-494a-b932-f3886071b2ab">
      <Output>
        <StdOut>Save/Update: select * from Diseño WHERE  Diseño.estadoActual=2  AND  Diseño.nombre LIKE '%ño1%'AND  Diseño.puntadas&gt;=500  AND  Diseño.puntadas&lt;=1500  AND  Diseño.ancho&gt;=5  AND  Diseño.ancho&lt;=15  AND  Diseño.alto&gt;=5  AND  Diseño.alto&lt;=15  AND  Diseño.id_cliente=1  ; select * from historico_estados_diseño WHERE borrado = 0
Save/Update: select * from Cliente WHERE  Cliente.id_cliente=1  ; select * from cliente_movimientos; select * from Pedido WHERE borrado = 0; select * from Factura WHERE borrado = 0; select * from Diseño WHERE borrado = 0
Save/Update: select * from Usuario WHERE  Usuario.usuarioID=1  ; select * from JoinUsuarioToFamilia; select * from JoinPatenteToUsuario
Save/Update: select * from Diseño_insumos WHERE  Diseño_insumos.cod_diseño=1  
Save/Update: select * from historico_estados_diseño WHERE  historico_estados_diseño.cod_diseño=1  
Save/Update: select * from EstadoDiseños WHERE  EstadoDiseños.estado=2  
Save/Update: DELETE FROM Diseño_insumos where cod_diseño=3
Save/Update: DELETE FROM historico_estados_diseño where cod_diseño=3
Save/Update: DELETE Diseño WHERE cod_diseño=3</StdOut>
      </Output>
    </UnitTestResult>
    <UnitTestResult executionId="354fdd8e-e443-482d-ad2e-6707db44c1b7" testId="79432a3c-09ad-494a-94b0-409081b91296" testName="cargarLineasPorFacturaTest" computerName="DIEGO-PC" duration="00:00:00.0073471" startTime="2012-11-19T19:38:18.9412629-03:00" endTime="2012-11-19T19:38:18.9562637-03:00" testType="13cdc9d9-ddb5-4fa4-a97d-d965ccfc6d4b" outcome="Passed" testListId="8c84fa94-04c1-424b-9868-57a2d4851a1d" relativeResultsDirectory="354fdd8e-e443-482d-ad2e-6707db44c1b7">
      <Output>
        <StdOut>Save/Update: select * from LineaFactura WHERE  LineaFactura.nro_factura=1  AND  LineaFactura.tipo_factura='A' AND  LineaFactura.nro_sucursal=1  
Save/Update: select * from Articulos WHERE  Articulos.cod_articulo=1  ; select * from lista_precios WHERE borrado = 0
Save/Update: select * from Articulos WHERE  Articulos.cod_articulo=2  ; select * from lista_precios WHERE borrado = 0</StdOut>
      </Output>
    </UnitTestResult>
    <UnitTestResult executionId="03cf4636-62a8-472c-bba3-0755d96098b1" testId="79b9204c-aeda-7048-42ac-c6faee468388" testName="listarProveedoresTest" computerName="DIEGO-PC" duration="00:00:00.0079363" startTime="2012-11-19T19:38:18.9612640-03:00" endTime="2012-11-19T19:38:18.9762649-03:00" testType="13cdc9d9-ddb5-4fa4-a97d-d965ccfc6d4b" outcome="Passed" testListId="8c84fa94-04c1-424b-9868-57a2d4851a1d" relativeResultsDirectory="03cf4636-62a8-472c-bba3-0755d96098b1">
      <Output>
        <StdOut>Save/Update: select * from Proveedor
Save/Update: select * from OrdenDeCompra WHERE  OrdenDeCompra.id_proveedor=1  ; select * from documento_movimiento; select * from LineaOrdenDeCompra WHERE borrado = 0
Save/Update: select * from OrdenDeCompra WHERE  OrdenDeCompra.id_proveedor=2  ; select * from documento_movimiento; select * from LineaOrdenDeCompra WHERE borrado = 0
Save/Update: select * from OrdenDeCompra WHERE  OrdenDeCompra.id_proveedor=3  ; select * from documento_movimiento; select * from LineaOrdenDeCompra WHERE borrado = 0
Save/Update: delete OrdenDeCompra where nro_doc=5
Save/Update: delete documento where nro_doc=5
Save/Update: DELETE Proveedor WHERE id_proveedor=4  
Save/Update: UPDATE Proveedor SET nombre='nombre1', telefono='1111-1111', direccion='direccion 1' WHERE id_proveedor=1  ;</StdOut>
      </Output>
    </UnitTestResult>
    <UnitTestResult executionId="3521992d-b1cc-414a-86b1-13a22b8445a4" testId="79fcf63f-8b0d-33c2-c15a-b70a52cca16c" testName="grabarArticulosTest" computerName="DIEGO-PC" duration="00:00:00.0082602" startTime="2012-11-19T19:38:18.9832653-03:00" endTime="2012-11-19T19:38:18.9982661-03:00" testType="13cdc9d9-ddb5-4fa4-a97d-d965ccfc6d4b" outcome="Passed" testListId="8c84fa94-04c1-424b-9868-57a2d4851a1d" relativeResultsDirectory="3521992d-b1cc-414a-86b1-13a22b8445a4">
      <Output>
        <StdOut>Save/Update: SELECT  ISNULL(MAX(cod_articulo + 1),1) from Articulos
Save/Update: INSERT INTO Articulos (cod_articulo, tipoPrendaID, diseñoID, comentario, produccion, precioActual, borrado) VALUES (4 , 2 , 2 , 'com4', 10 , 1.4, 0 ); UPDATE lista_precios SET borrado=1 WHERE cod_articulo=4  ; 
Save/Update: select * from Articulos WHERE  Articulos.cod_articulo=4  ; select * from lista_precios WHERE borrado = 0
Save/Update: DELETE Articulos WHERE cod_articulo=4</StdOut>
      </Output>
    </UnitTestResult>
    <UnitTestResult executionId="69780ea9-99bf-4812-9cac-3b08cc9123ca" testId="7a2f5966-e3a2-2a72-e68e-2d6083996de2" testName="buscarPrimerosHuecosMaquinaTest2" computerName="DIEGO-PC" duration="00:00:00.0248739" startTime="2012-11-19T19:38:19.0052665-03:00" endTime="2012-11-19T19:38:19.0352682-03:00" testType="13cdc9d9-ddb5-4fa4-a97d-d965ccfc6d4b" outcome="Passed" testListId="8c84fa94-04c1-424b-9868-57a2d4851a1d" relativeResultsDirectory="69780ea9-99bf-4812-9cac-3b08cc9123ca">
      <Output>
        <StdOut>Save/Update: select * from produccion WHERE  produccion.cod_maquina=1  AND  produccion.fechaFinal&gt;= CAST('09/10/2012 11:00:00.000'  AS DateTime) ; select * from historico_estados_produccion WHERE borrado = 0
Save/Update: select * from Pedido WHERE  Pedido.cod_pedido=1  ; select * from produccion WHERE borrado = 0; select * from historico_estados_pedido WHERE borrado = 0
Save/Update: select * from Maquina WHERE  Maquina.cod_maquina=1  ; select * from JoinMaquinaToTipoPrenda
Save/Update: select * from Articulos WHERE  Articulos.cod_articulo=1  ; select * from lista_precios WHERE borrado = 0
Save/Update: select * from EstadoTrabajos WHERE  EstadoTrabajos.cod_estado=3  
Save/Update: select * from historico_estados_produccion WHERE  historico_estados_produccion.cod_produccion=1  
Save/Update: select * from produccion_operador WHERE  produccion_operador.cod_prodcuccion=1  
Save/Update: select * from Pedido WHERE  Pedido.cod_pedido=1  ; select * from produccion WHERE borrado = 0; select * from historico_estados_pedido WHERE borrado = 0
Save/Update: select * from Maquina WHERE  Maquina.cod_maquina=1  ; select * from JoinMaquinaToTipoPrenda
Save/Update: select * from Articulos WHERE  Articulos.cod_articulo=2  ; select * from lista_precios WHERE borrado = 0
Save/Update: select * from EstadoTrabajos WHERE  EstadoTrabajos.cod_estado=2  
Save/Update: select * from historico_estados_produccion WHERE  historico_estados_produccion.cod_produccion=2  
Save/Update: select * from produccion_operador WHERE  produccion_operador.cod_prodcuccion=2  
Save/Update: select * from Pedido WHERE  Pedido.cod_pedido=2  ; select * from produccion WHERE borrado = 0; select * from historico_estados_pedido WHERE borrado = 0
Save/Update: select * from Maquina WHERE  Maquina.cod_maquina=1  ; select * from JoinMaquinaToTipoPrenda
Save/Update: select * from Articulos WHERE  Articulos.cod_articulo=6  ; select * from lista_precios WHERE borrado = 0
Save/Update: select * from EstadoTrabajos WHERE  EstadoTrabajos.cod_estado=0  
Save/Update: select * from historico_estados_produccion WHERE  historico_estados_produccion.cod_produccion=5  
Save/Update: select * from produccion_operador WHERE  produccion_operador.cod_prodcuccion=5  
Save/Update: select * from produccion WHERE  produccion.cod_maquina=1  AND  produccion.fechaInicio&gt;= CAST('09/10/2012 14:00:00.000'  AS DateTime) ; select * from historico_estados_produccion WHERE borrado = 0
Save/Update: select * from Pedido WHERE  Pedido.cod_pedido=1  ; select * from produccion WHERE borrado = 0; select * from historico_estados_pedido WHERE borrado = 0
Save/Update: select * from Maquina WHERE  Maquina.cod_maquina=1  ; select * from JoinMaquinaToTipoPrenda
Save/Update: select * from Articulos WHERE  Articulos.cod_articulo=2  ; select * from lista_precios WHERE borrado = 0
Save/Update: select * from EstadoTrabajos WHERE  EstadoTrabajos.cod_estado=2  
Save/Update: select * from historico_estados_produccion WHERE  historico_estados_produccion.cod_produccion=2  
Save/Update: select * from produccion_operador WHERE  produccion_operador.cod_prodcuccion=2  
Save/Update: select * from Pedido WHERE  Pedido.cod_pedido=2  ; select * from produccion WHERE borrado = 0; select * from historico_estados_pedido WHERE borrado = 0
Save/Update: select * from Maquina WHERE  Maquina.cod_maquina=1  ; select * from JoinMaquinaToTipoPrenda
Save/Update: select * from Articulos WHERE  Articulos.cod_articulo=6  ; select * from lista_precios WHERE borrado = 0
Save/Update: select * from EstadoTrabajos WHERE  EstadoTrabajos.cod_estado=0  
Save/Update: select * from historico_estados_produccion WHERE  historico_estados_produccion.cod_produccion=5  
Save/Update: select * from produccion_operador WHERE  produccion_operador.cod_prodcuccion=5  
Save/Update: select * from produccion WHERE  produccion.cod_maquina=1  AND  produccion.fechaInicio&gt;= CAST('10/10/2012 12:00:00.000'  AS DateTime) ; select * from historico_estados_produccion WHERE borrado = 0
Save/Update: select * from Pedido WHERE  Pedido.cod_pedido=2  ; select * from produccion WHERE borrado = 0; select * from historico_estados_pedido WHERE borrado = 0
Save/Update: select * from Maquina WHERE  Maquina.cod_maquina=1  ; select * from JoinMaquinaToTipoPrenda
Save/Update: select * from Articulos WHERE  Articulos.cod_articulo=6  ; select * from lista_precios WHERE borrado = 0
Save/Update: select * from EstadoTrabajos WHERE  EstadoTrabajos.cod_estado=0  
Save/Update: select * from historico_estados_produccion WHERE  historico_estados_produccion.cod_produccion=5  
Save/Update: select * from produccion_operador WHERE  produccion_operador.cod_prodcuccion=5  
Save/Update: select * from produccion WHERE  produccion.cod_maquina=1  AND  produccion.fechaInicio&gt;= CAST('10/10/2012 16:00:00.000'  AS DateTime) ; select * from historico_estados_produccion WHERE borrado = 0
Save/Update: DELETE produccion_operador WHERE id_operador=2  AND cod_prodcuccion=7  
Save/Update: DELETE historico_estados_produccion WHERE nro_estado=1  AND cod_produccion=7  
Save/Update: DELETE historico_estados_produccion WHERE nro_estado=2  AND cod_produccion=7  
Save/Update: DELETE produccion WHERE cod_produccion=7</StdOut>
      </Output>
    </UnitTestResult>
    <UnitTestResult executionId="b788f4f2-f2f7-414d-aef5-266ba9fb374e" testId="7a5f4dc9-0c0b-a16a-647b-478ba12b4828" testName="buscarNewsletterPorIdTest" computerName="DIEGO-PC" duration="00:00:00.0021317" startTime="2012-11-19T19:38:19.0432687-03:00" endTime="2012-11-19T19:38:19.0522692-03:00" testType="13cdc9d9-ddb5-4fa4-a97d-d965ccfc6d4b" outcome="Passed" testListId="8c84fa94-04c1-424b-9868-57a2d4851a1d" relativeResultsDirectory="b788f4f2-f2f7-414d-aef5-266ba9fb374e">
      <Output>
        <StdOut>Save/Update: select * from newsletter WHERE  newsletter.id=2</StdOut>
      </Output>
    </UnitTestResult>
    <UnitTestResult executionId="7628f99c-2bd5-437d-8cda-14ea6e482c57" testId="7eda418a-e258-a33c-7890-73630dd7266c" testName="modificarFacturasTest" computerName="DIEGO-PC" duration="00:00:00.0637755" startTime="2012-11-19T19:38:19.0552694-03:00" endTime="2012-11-19T19:38:19.3062837-03:00" testType="13cdc9d9-ddb5-4fa4-a97d-d965ccfc6d4b" outcome="Passed" testListId="8c84fa94-04c1-424b-9868-57a2d4851a1d" relativeResultsDirectory="7628f99c-2bd5-437d-8cda-14ea6e482c57">
      <Output>
        <StdOut>Save/Update: SELECT  ISNULL(MAX(nro_Doc + 1),1) from documento
Save/Update: INSERT INTO documento VALUES (5)
Save/Update: SELECT  ISNULL(MAX(nro_orden_compra + 1),1) from OrdenDeCompra WHERE nro_sucursal=1 AND tipo_orden_compra='A'
Save/Update: INSERT INTO OrdenDeCompra (nro_Doc, iva, fecha, borrado, nro_orden_compra, nro_sucursal, tipo_orden_compra, id_proveedor, monto) VALUES (5 , 33.3,  CAST('19/11/2012 19:38:19.065'  AS DateTime), 0 , 2 , 1 , 'A', 2 , 33.3); UPDATE LineaOrdenDeCompra SET borrado=1 WHERE nro_orden_compra=2  AND nro_sucursal=1  AND tipo_orden_compra='A' ; 
Save/Update: select * from OrdenDeCompra WHERE  OrdenDeCompra.nro_Doc=5  ; select * from documento_movimiento; select * from LineaOrdenDeCompra WHERE borrado = 0
Save/Update: UPDATE OrdenDeCompra SET nro_Doc=5 , iva=25.5, fecha= CAST('19/11/2012 19:38:19.067'  AS DateTime), borrado=0 , id_proveedor=2 , monto=33.3 WHERE nro_orden_compra=2  AND nro_sucursal=1  AND tipo_orden_compra='A' ; UPDATE LineaOrdenDeCompra SET borrado=1 WHERE nro_orden_compra=2  AND nro_sucursal=1  AND tipo_orden_compra='A' ; 
Save/Update: select * from OrdenDeCompra WHERE  OrdenDeCompra.nro_Doc=5  ; select * from documento_movimiento; select * from LineaOrdenDeCompra WHERE borrado = 0
Save/Update: delete OrdenDeCompra where nro_doc=5
Save/Update: delete documento where nro_doc=5</StdOut>
      </Output>
    </UnitTestResult>
    <UnitTestResult executionId="600d26e5-b215-4042-b0b7-1f2e59e64f35" testId="7ef8ab41-162c-76bc-02f7-a575f043f7e4" testName="grabarMovimientosTest" computerName="DIEGO-PC" duration="00:00:00.0072176" startTime="2012-11-19T19:38:19.3182844-03:00" endTime="2012-11-19T19:38:19.3372855-03:00" testType="13cdc9d9-ddb5-4fa4-a97d-d965ccfc6d4b" outcome="Passed" testListId="8c84fa94-04c1-424b-9868-57a2d4851a1d" relativeResultsDirectory="600d26e5-b215-4042-b0b7-1f2e59e64f35">
      <Output>
        <StdOut>Save/Update: SELECT  ISNULL(MAX(nro_movimiento + 1),1) from MovimientosStock WHERE cod_insumo=1
Save/Update: INSERT INTO MovimientosStock (nro_movimiento, cod_insumo, tipo, fecha, cantidad) VALUES (3 , 1 , 1 ,  CAST('11/11/2012 00:00:00.000'  AS DateTime), 15); 
Save/Update: select * from MovimientosStock WHERE  MovimientosStock.cod_insumo=1  AND  MovimientosStock.nro_movimiento=3  
Save/Update: DELETE MovimientosStock WHERE nro_movimiento=3  AND cod_insumo=1</StdOut>
      </Output>
    </UnitTestResult>
    <UnitTestResult executionId="0aed758e-52d5-4fb4-a2b6-ea65690972b1" testId="7f0052b2-2fa5-1442-5124-403810b2060e" testName="listarOrdenDeComprasPorProveedorTest" computerName="DIEGO-PC" duration="00:00:00.0158261" startTime="2012-11-19T19:38:19.3402857-03:00" endTime="2012-11-19T19:38:19.3652871-03:00" testType="13cdc9d9-ddb5-4fa4-a97d-d965ccfc6d4b" outcome="Passed" testListId="8c84fa94-04c1-424b-9868-57a2d4851a1d" relativeResultsDirectory="0aed758e-52d5-4fb4-a2b6-ea65690972b1">
      <Output>
        <StdOut>Save/Update: select * from OrdenDeCompra WHERE  OrdenDeCompra.id_proveedor=1  ; select * from documento_movimiento; select * from LineaOrdenDeCompra WHERE borrado = 0
Save/Update: select * from LineaOrdenDeCompra WHERE  LineaOrdenDeCompra.nro_orden_compra=1  AND  LineaOrdenDeCompra.tipo_orden_compra='A' AND  LineaOrdenDeCompra.nro_sucursal=1  
Save/Update: select * from insumo WHERE  insumo.cod_insumo=1  
Save/Update: select * from insumo WHERE  insumo.cod_insumo=2  
Save/Update: select * from Proveedor WHERE  Proveedor.id_proveedor=1  
Save/Update: select * from MovimientosCuenta JOIN documento_movimiento AS documento ON MovimientosCuenta.nro_movimiento=documento.nro_movimiento JOIN proveedor_movimientos AS proveedor ON MovimientosCuenta.nro_movimiento=proveedor.nro_movimiento WHERE documento.nro_Doc=3  AND proveedor.id_proveedor IS NOT  NULL ; select * from proveedor_movimientos; select * from documento_movimiento
Save/Update: select * from LineaOrdenDeCompra WHERE  LineaOrdenDeCompra.nro_orden_compra=2  AND  LineaOrdenDeCompra.tipo_orden_compra='B' AND  LineaOrdenDeCompra.nro_sucursal=1  
Save/Update: select * from insumo WHERE  insumo.cod_insumo=1  
Save/Update: select * from insumo WHERE  insumo.cod_insumo=1  
Save/Update: select * from Proveedor WHERE  Proveedor.id_proveedor=1  
Save/Update: select * from MovimientosCuenta JOIN documento_movimiento AS documento ON MovimientosCuenta.nro_movimiento=documento.nro_movimiento JOIN proveedor_movimientos AS proveedor ON MovimientosCuenta.nro_movimiento=proveedor.nro_movimiento WHERE documento.nro_Doc=4  AND proveedor.id_proveedor IS NOT  NULL ; select * from proveedor_movimientos; select * from documento_movimiento
Save/Update: DELETE LineaOrdenDeCompra WHERE nro_orden_compra=2  AND nro_sucursal=1  AND tipo_orden_compra='A' AND nro_linea=1  
Save/Update: DELETE LineaOrdenDeCompra WHERE nro_orden_compra=2  AND nro_sucursal=1  AND tipo_orden_compra='A' AND nro_linea=2  
Save/Update: DELETE proveedor_movimientos where nro_movimiento=4  ; DELETE documento_movimiento where nro_movimiento=4  ; ;DELETE MovimientosCuenta WHERE nro_movimiento=4  
Save/Update: DELETE FROM OrdenDeCompra WHERE nro_Doc =5
Save/Update: delete documento where nro_doc=5</StdOut>
      </Output>
    </UnitTestResult>
    <UnitTestResult executionId="52dbde71-1d31-45bc-98cc-bc2316c99dc0" testId="7f10aeee-1e6d-047f-bf86-9fb35cb9cbd0" testName="buscarPrendasPorIDTest" computerName="DIEGO-PC" duration="00:00:00.0024338" startTime="2012-11-19T19:38:19.3682873-03:00" endTime="2012-11-19T19:38:19.3802880-03:00" testType="13cdc9d9-ddb5-4fa4-a97d-d965ccfc6d4b" outcome="Passed" testListId="8c84fa94-04c1-424b-9868-57a2d4851a1d" relativeResultsDirectory="52dbde71-1d31-45bc-98cc-bc2316c99dc0">
      <Output>
        <StdOut>Save/Update: select * from TipoPrenda WHERE  TipoPrenda.tipo_prenda=2</StdOut>
      </Output>
    </UnitTestResult>
    <UnitTestResult executionId="339975e7-73b3-4f84-bebe-e879f92216b0" testId="7f31f25c-e328-77fa-dde7-0ee6e5a7e366" testName="listarUsuariosTest" computerName="DIEGO-PC" duration="00:00:00.0200003" startTime="2012-11-19T19:38:19.3852883-03:00" endTime="2012-11-19T19:38:19.4112898-03:00" testType="13cdc9d9-ddb5-4fa4-a97d-d965ccfc6d4b" outcome="Passed" testListId="8c84fa94-04c1-424b-9868-57a2d4851a1d" relativeResultsDirectory="339975e7-73b3-4f84-bebe-e879f92216b0">
      <Output>
        <StdOut>Save/Update: select * from Usuario; select * from JoinUsuarioToFamilia; select * from JoinPatenteToUsuario
Save/Update: select * from Familia JOIN JoinUsuarioToFamilia AS usuarios ON Familia.familiaID=usuarios.familiaID WHERE usuarios.usuarioID=1  ; select * from JoinFamiliaToPatente
Save/Update: select * from Patente JOIN JoinPatenteToUsuario AS usuario ON Patente.patenteId=usuario.patenteId WHERE usuario.usuarioID=1  
Save/Update: select * from Cliente WHERE  Cliente.usuarioID=1  ; select * from cliente_movimientos; select * from Pedido WHERE borrado = 0; select * from Factura WHERE borrado = 0; select * from Diseño WHERE borrado = 0
Save/Update: select * from Familia JOIN JoinUsuarioToFamilia AS usuarios ON Familia.familiaID=usuarios.familiaID WHERE usuarios.usuarioID=2  ; select * from JoinFamiliaToPatente
Save/Update: select * from Patente JOIN JoinFamiliaToPatente AS familia ON Patente.patenteId=familia.patenteId WHERE familia.familiaID=2  
Save/Update: select * from Patente JOIN JoinPatenteToUsuario AS usuario ON Patente.patenteId=usuario.patenteId WHERE usuario.usuarioID=2  
Save/Update: select * from Cliente WHERE  Cliente.usuarioID=2  ; select * from cliente_movimientos; select * from Pedido WHERE borrado = 0; select * from Factura WHERE borrado = 0; select * from Diseño WHERE borrado = 0
Save/Update: select * from Familia JOIN JoinUsuarioToFamilia AS usuarios ON Familia.familiaID=usuarios.familiaID WHERE usuarios.usuarioID=3  ; select * from JoinFamiliaToPatente
Save/Update: select * from Patente JOIN JoinFamiliaToPatente AS familia ON Patente.patenteId=familia.patenteId WHERE familia.familiaID=6  
Save/Update: select * from Patente JOIN JoinPatenteToUsuario AS usuario ON Patente.patenteId=usuario.patenteId WHERE usuario.usuarioID=3  
Save/Update: select * from Cliente WHERE  Cliente.usuarioID=3  ; select * from cliente_movimientos; select * from Pedido WHERE borrado = 0; select * from Factura WHERE borrado = 0; select * from Diseño WHERE borrado = 0
Save/Update: select * from Familia JOIN JoinUsuarioToFamilia AS usuarios ON Familia.familiaID=usuarios.familiaID WHERE usuarios.usuarioID=4  ; select * from JoinFamiliaToPatente
Save/Update: select * from Patente JOIN JoinPatenteToUsuario AS usuario ON Patente.patenteId=usuario.patenteId WHERE usuario.usuarioID=4  
Save/Update: select * from Cliente WHERE  Cliente.usuarioID=4  ; select * from cliente_movimientos; select * from Pedido WHERE borrado = 0; select * from Factura WHERE borrado = 0; select * from Diseño WHERE borrado = 0
Save/Update: select * from Familia JOIN JoinUsuarioToFamilia AS usuarios ON Familia.familiaID=usuarios.familiaID WHERE usuarios.usuarioID=5  ; select * from JoinFamiliaToPatente
Save/Update: select * from Patente JOIN JoinPatenteToUsuario AS usuario ON Patente.patenteId=usuario.patenteId WHERE usuario.usuarioID=5  
Save/Update: select * from Cliente WHERE  Cliente.usuarioID=5  ; select * from cliente_movimientos; select * from Pedido WHERE borrado = 0; select * from Factura WHERE borrado = 0; select * from Diseño WHERE borrado = 0</StdOut>
      </Output>
    </UnitTestResult>
    <UnitTestResult executionId="0c3cca10-4ef4-49ae-9218-ddf626014405" testId="80476086-aaaa-ba28-a4dc-0972defbe8bb" testName="GrabarDiseñoTest1" computerName="DIEGO-PC" duration="00:00:00.0133443" startTime="2012-11-19T19:38:19.4132899-03:00" endTime="2012-11-19T19:38:19.4332910-03:00" testType="13cdc9d9-ddb5-4fa4-a97d-d965ccfc6d4b" outcome="Passed" testListId="8c84fa94-04c1-424b-9868-57a2d4851a1d" relativeResultsDirectory="0c3cca10-4ef4-49ae-9218-ddf626014405">
      <Output>
        <StdOut>Save/Update: SELECT  ISNULL(MAX(cod_diseño + 1),1) from Diseño
Save/Update: INSERT INTO Diseño (cod_diseño, nombre, puntadas, alto, ancho, id_cliente, estadoActual, pathImagen, pathDetalle, pathArchivoEditable, pathArchivoFinal, borrado) VALUES (3 , 'diseño3', 3333 , 33 , 33 , 1 , 1 , '', '', '', '', 0 ); UPDATE historico_estados_diseño SET borrado=1 WHERE cod_diseño=3  ; 
Save/Update: INSERT INTO Diseño_insumos (cod_diseño, cod_insumo, cantidad) VALUES (3 , 1 , 3); 
Save/Update: SELECT  ISNULL(MAX(nro_estado + 1),1) from historico_estados_diseño WHERE cod_diseño=3
Save/Update: INSERT INTO historico_estados_diseño (nro_estado, cod_diseño, comentario, fechaDesde, fechaHasta, estado, borrado) VALUES (1 , 3 , 'creacion ficha diseño',  CAST('19/11/2012 19:38:19.419'  AS DateTime),  NULL , 1 , 0 ); 
Save/Update: select * from Diseño WHERE  Diseño.cod_diseño=3  ; select * from historico_estados_diseño WHERE borrado = 0
Save/Update: select * from Cliente WHERE  Cliente.id_cliente=1  ; select * from cliente_movimientos; select * from Pedido WHERE borrado = 0; select * from Factura WHERE borrado = 0; select * from Diseño WHERE borrado = 0
Save/Update: select * from Usuario WHERE  Usuario.usuarioID=1  ; select * from JoinUsuarioToFamilia; select * from JoinPatenteToUsuario
Save/Update: select * from Diseño_insumos WHERE  Diseño_insumos.cod_diseño=3  
Save/Update: select * from historico_estados_diseño WHERE  historico_estados_diseño.cod_diseño=3  
Save/Update: select * from EstadoDiseños WHERE  EstadoDiseños.estado=1  
Save/Update: DELETE FROM Diseño_insumos where cod_diseño=3
Save/Update: DELETE FROM historico_estados_diseño where cod_diseño=3
Save/Update: DELETE Diseño WHERE cod_diseño=3</StdOut>
      </Output>
    </UnitTestResult>
    <UnitTestResult executionId="935e09cb-7874-4497-b5c1-50ed2fa46db5" testId="80e94a1b-f37e-ea8a-5357-ae59cc6e5e45" testName="buscarPrendasPorIDTest" computerName="DIEGO-PC" duration="00:00:00.0020198" startTime="2012-11-19T19:38:19.4382913-03:00" endTime="2012-11-19T19:38:19.4452917-03:00" testType="13cdc9d9-ddb5-4fa4-a97d-d965ccfc6d4b" outcome="Passed" testListId="8c84fa94-04c1-424b-9868-57a2d4851a1d" relativeResultsDirectory="935e09cb-7874-4497-b5c1-50ed2fa46db5">
      <Output>
        <StdOut>Save/Update: select * from TipoPrenda WHERE  TipoPrenda.tipo_prenda=2</StdOut>
      </Output>
    </UnitTestResult>
    <UnitTestResult executionId="9d58de44-c71e-4e6d-bd72-89e5ebd41d94" testId="81b50b2a-4878-5c02-6765-8402ba293155" testName="actualizarProduccionOperadorTDGTest" computerName="DIEGO-PC" duration="00:00:00.0076968" startTime="2012-11-19T19:38:19.4492919-03:00" endTime="2012-11-19T19:38:19.4632927-03:00" testType="13cdc9d9-ddb5-4fa4-a97d-d965ccfc6d4b" outcome="Passed" testListId="8c84fa94-04c1-424b-9868-57a2d4851a1d" relativeResultsDirectory="9d58de44-c71e-4e6d-bd72-89e5ebd41d94">
      <Output>
        <StdOut>Save/Update: UPDATE produccion_operador SET porcentaje=1  WHERE id_operador=1  AND cod_prodcuccion=1  ; 
Save/Update: select * from produccion_operador WHERE  produccion_operador.id_operador=1  AND  produccion_operador.cod_prodcuccion=1  
Save/Update: UPDATE produccion_operador SET porcentaje=50  WHERE id_operador=1  AND cod_prodcuccion=1  ;</StdOut>
      </Output>
    </UnitTestResult>
    <UnitTestResult executionId="2d4d2b3a-ac60-45fe-ac55-a39ca2d05472" testId="82c5d364-01e4-3d1f-8a3c-419d68a3ff5f" testName="listarPedidosPorClienteTest" computerName="DIEGO-PC" duration="00:00:00.0182422" startTime="2012-11-19T19:38:19.4682930-03:00" endTime="2012-11-19T19:38:19.4922944-03:00" testType="13cdc9d9-ddb5-4fa4-a97d-d965ccfc6d4b" outcome="Passed" testListId="8c84fa94-04c1-424b-9868-57a2d4851a1d" relativeResultsDirectory="2d4d2b3a-ac60-45fe-ac55-a39ca2d05472">
      <Output>
        <StdOut>Save/Update: select * from Pedido WHERE  Pedido.id_cliente=1  ; select * from produccion WHERE borrado = 0; select * from historico_estados_pedido WHERE borrado = 0
Save/Update: select * from historico_estados_pedido WHERE  historico_estados_pedido.cod_pedido=1  
Save/Update: select * from tipoPedido WHERE  tipoPedido.tipo_pedido=1  
Save/Update: select * from produccion WHERE  produccion.cod_pedido=1  ; select * from historico_estados_produccion WHERE borrado = 0
Save/Update: select * from Cliente WHERE  Cliente.id_cliente=1  ; select * from cliente_movimientos; select * from Pedido WHERE borrado = 0; select * from Factura WHERE borrado = 0; select * from Diseño WHERE borrado = 0
Save/Update: select * from EstadoPedido WHERE  EstadoPedido.estado_pedido=3  
Save/Update: select * from historico_estados_pedido WHERE  historico_estados_pedido.cod_pedido=3  
Save/Update: select * from tipoPedido WHERE  tipoPedido.tipo_pedido=2  
Save/Update: select * from produccion WHERE  produccion.cod_pedido=3  ; select * from historico_estados_produccion WHERE borrado = 0
Save/Update: select * from Cliente WHERE  Cliente.id_cliente=1  ; select * from cliente_movimientos; select * from Pedido WHERE borrado = 0; select * from Factura WHERE borrado = 0; select * from Diseño WHERE borrado = 0
Save/Update: select * from EstadoPedido WHERE  EstadoPedido.estado_pedido=0  
Save/Update: select * from historico_estados_pedido WHERE  historico_estados_pedido.cod_pedido=4  
Save/Update: select * from tipoPedido WHERE  tipoPedido.tipo_pedido=1  
Save/Update: select * from produccion WHERE  produccion.cod_pedido=4  ; select * from historico_estados_produccion WHERE borrado = 0
Save/Update: select * from Cliente WHERE  Cliente.id_cliente=1  ; select * from cliente_movimientos; select * from Pedido WHERE borrado = 0; select * from Factura WHERE borrado = 0; select * from Diseño WHERE borrado = 0
Save/Update: select * from EstadoPedido WHERE  EstadoPedido.estado_pedido=0  
Save/Update: DELETE historico_estados_pedido WHERE nro_estado=1  AND cod_pedido=5  
Save/Update: DELETE historico_estados_pedido WHERE nro_estado=2  AND cod_pedido=5  
Save/Update: DELETE produccion WHERE cod_produccion=7  
Save/Update: DELETE Pedido WHERE cod_pedido=5</StdOut>
      </Output>
    </UnitTestResult>
    <UnitTestResult executionId="2433aa4c-b3ba-41c5-aa72-2b294fd8af04" testId="83ce9798-d52f-2f3d-8537-200546cde5a9" testName="listarPedidosConRestriccionTest" computerName="DIEGO-PC" duration="00:00:00.0327994" startTime="2012-11-19T19:38:19.4962946-03:00" endTime="2012-11-19T19:38:19.5352968-03:00" testType="13cdc9d9-ddb5-4fa4-a97d-d965ccfc6d4b" outcome="Passed" testListId="8c84fa94-04c1-424b-9868-57a2d4851a1d" relativeResultsDirectory="2433aa4c-b3ba-41c5-aa72-2b294fd8af04">
      <Output>
        <StdOut>Save/Update: select * from Pedido WHERE  Pedido.id_cliente=1  AND  Pedido.estadoActual=3  AND  Pedido.fechaInicio&gt;= CAST('11/09/2012 12:00:00.000'  AS DateTime) AND  Pedido.fechaInicio&lt;= CAST('11/09/2012 14:00:00.000'  AS DateTime) AND  Pedido.fechaFinal&gt;= CAST('11/09/2012 12:00:00.000'  AS DateTime) AND  Pedido.fechaFinal&lt;= CAST('11/09/2012 14:00:00.000'  AS DateTime) ; select * from produccion WHERE borrado = 0; select * from historico_estados_pedido WHERE borrado = 0
Save/Update: select * from historico_estados_pedido WHERE  historico_estados_pedido.cod_pedido=1  
Save/Update: select * from tipoPedido WHERE  tipoPedido.tipo_pedido=1  
Save/Update: select * from produccion WHERE  produccion.cod_pedido=1  ; select * from historico_estados_produccion WHERE borrado = 0
Save/Update: select * from Cliente WHERE  Cliente.id_cliente=1  ; select * from cliente_movimientos; select * from Pedido WHERE borrado = 0; select * from Factura WHERE borrado = 0; select * from Diseño WHERE borrado = 0
Save/Update: select * from EstadoPedido WHERE  EstadoPedido.estado_pedido=3  
Save/Update: DELETE historico_estados_pedido WHERE nro_estado=1  AND cod_pedido=5  
Save/Update: DELETE historico_estados_pedido WHERE nro_estado=2  AND cod_pedido=5  
Save/Update: DELETE produccion WHERE cod_produccion=7  
Save/Update: DELETE Pedido WHERE cod_pedido=5</StdOut>
      </Output>
    </UnitTestResult>
    <UnitTestResult executionId="cbb41951-181e-421e-aa31-a053eb455c0b" testId="84b841c4-bb70-5525-3ae9-fa35ed11627d" testName="cargarUsuarioTest" computerName="DIEGO-PC" duration="00:00:00.0041366" startTime="2012-11-19T19:38:19.5412972-03:00" endTime="2012-11-19T19:38:19.5512978-03:00" testType="13cdc9d9-ddb5-4fa4-a97d-d965ccfc6d4b" outcome="Passed" testListId="8c84fa94-04c1-424b-9868-57a2d4851a1d" relativeResultsDirectory="cbb41951-181e-421e-aa31-a053eb455c0b">
      <Output>
        <StdOut>Save/Update: select * from Usuario WHERE  Usuario.usuarioID=1  ; select * from JoinUsuarioToFamilia; select * from JoinPatenteToUsuario
Save/Update: DELETE JoinUsuarioToFamilia where usuarioID=6  ; DELETE JoinPatenteToUsuario where usuarioID=6  ; ;DELETE Usuario WHERE usuarioID=6  
Save/Update: UPDATE Usuario SET nombre='nombre5', apellido='apellido5', mail='mail5@test.com', password='pas5', telefonoFijo='5555-5555', telefonoMovil='5555-5555', bloqueado=0  WHERE usuarioID=5  ; DELETE JoinUsuarioToFamilia where usuarioID=5  ; DELETE JoinPatenteToUsuario where usuarioID=5  ;</StdOut>
      </Output>
    </UnitTestResult>
    <UnitTestResult executionId="da543042-3fbd-4743-8505-657e96bc8518" testId="851b9d78-997d-9c75-eab0-197fa14a11f0" testName="grabarTest" computerName="DIEGO-PC" duration="00:00:00.0565941" startTime="2012-11-19T19:38:19.5562980-03:00" endTime="2012-11-19T19:38:19.6233019-03:00" testType="13cdc9d9-ddb5-4fa4-a97d-d965ccfc6d4b" outcome="Passed" testListId="8c84fa94-04c1-424b-9868-57a2d4851a1d" relativeResultsDirectory="da543042-3fbd-4743-8505-657e96bc8518">
      <Output>
        <StdOut>Save/Update: SELECT  ISNULL(MAX(id_conversacion + 1),1) from Conversacion
Save/Update: INSERT INTO Conversacion (id_conversacion, remitente, destinatario) VALUES (3 , 2 , 3 ); UPDATE mensaje SET borrado=1 WHERE id_conversacion=3  ; 
Save/Update: SELECT  ISNULL(MAX(id + 1),1) from Mensaje
Save/Update: INSERT INTO Mensaje (id, tipoMensaje, fecha, mensaje, leido, borrado, id_conversacion) VALUES (5 , 0 ,  CAST('19/11/2012 19:38:19.566'  AS DateTime), 'test msj grabarMensajeTest', 0 , 0 , 3 ); 
Save/Update: SELECT  ISNULL(MAX(id + 1),1) from Mensaje
Save/Update: INSERT INTO Mensaje (id, tipoMensaje, fecha, mensaje, leido, borrado, id_conversacion) VALUES (6 , 1 ,  CAST('19/11/2012 19:38:19.566'  AS DateTime), 'test msj grabarMensajeTest', 0 , 0 , 3 ); 
Save/Update: select * from Conversacion WHERE  Conversacion.remitente=3  ; select * from mensaje WHERE borrado = 0
Save/Update: select * from Conversacion WHERE  Conversacion.destinatario=3  ; select * from mensaje WHERE borrado = 0
Save/Update: select * from Usuario WHERE  Usuario.usuarioID=2  ; select * from JoinUsuarioToFamilia; select * from JoinPatenteToUsuario
Save/Update: select * from Usuario WHERE  Usuario.usuarioID=3  ; select * from JoinUsuarioToFamilia; select * from JoinPatenteToUsuario
Save/Update: select * from Mensaje WHERE  Mensaje.id_conversacion=3  
Save/Update: DELETE Mensaje WHERE id=5  
Save/Update: DELETE Mensaje WHERE id=6  
Save/Update: DELETE Conversacion WHERE id_conversacion=3</StdOut>
      </Output>
    </UnitTestResult>
    <UnitTestResult executionId="2ecea341-196a-41a8-8b14-18170584ff4f" testId="85ca884d-a763-a279-970a-decd7d2ef2e7" testName="borrarOperadorTest" computerName="DIEGO-PC" duration="00:00:00.0083562" startTime="2012-11-19T19:38:19.6283022-03:00" endTime="2012-11-19T19:38:19.6443031-03:00" testType="13cdc9d9-ddb5-4fa4-a97d-d965ccfc6d4b" outcome="Passed" testListId="8c84fa94-04c1-424b-9868-57a2d4851a1d" relativeResultsDirectory="2ecea341-196a-41a8-8b14-18170584ff4f">
      <Output>
        <StdOut>Save/Update: SELECT  ISNULL(MAX(id_Operador + 1),1) from operador
Save/Update: INSERT INTO operador (id_Operador, id_usuario) VALUES (3 , 3 ); 
Save/Update: select * from operador
Save/Update: DELETE operador WHERE id_Operador=3  
Save/Update: select * from operador
Save/Update: DELETE operador WHERE id_Operador=3</StdOut>
      </Output>
    </UnitTestResult>
    <UnitTestResult executionId="7897057c-8e78-418a-84f4-e784d473a4b1" testId="88295536-741f-3a89-ef69-1ec7d6b91f08" testName="borrarMensajeTest" computerName="DIEGO-PC" duration="00:00:00.0088693" startTime="2012-11-19T19:38:19.6493034-03:00" endTime="2012-11-19T19:38:19.6663043-03:00" testType="13cdc9d9-ddb5-4fa4-a97d-d965ccfc6d4b" outcome="Passed" testListId="8c84fa94-04c1-424b-9868-57a2d4851a1d" relativeResultsDirectory="7897057c-8e78-418a-84f4-e784d473a4b1">
      <Output>
        <StdOut>Save/Update: SELECT  ISNULL(MAX(id_conversacion + 1),1) from Conversacion
Save/Update: INSERT INTO Conversacion (id_conversacion, remitente, destinatario) VALUES (3 , 2 , 1 ); UPDATE mensaje SET borrado=1 WHERE id_conversacion=3  ; 
Save/Update: select * from Conversacion WHERE  Conversacion.remitente=2  AND  Conversacion.destinatario=1  ; select * from mensaje WHERE borrado = 0
Save/Update: DELETE Conversacion WHERE id_conversacion=3  
Save/Update: select * from Conversacion WHERE  Conversacion.remitente=2  AND  Conversacion.destinatario=1  ; select * from mensaje WHERE borrado = 0
Save/Update: DELETE Conversacion WHERE id_conversacion=3  
Save/Update: update mensaje set borrado=0</StdOut>
      </Output>
    </UnitTestResult>
    <UnitTestResult executionId="53334842-6921-4912-a7af-4f3c4722fb26" testId="882cbeee-1641-823c-0b10-58aeb9cabf93" testName="cargarFamiliaTest" computerName="DIEGO-PC" duration="00:00:00.0036144" startTime="2012-11-19T19:38:19.6703046-03:00" endTime="2012-11-19T19:38:19.6793051-03:00" testType="13cdc9d9-ddb5-4fa4-a97d-d965ccfc6d4b" outcome="Passed" testListId="8c84fa94-04c1-424b-9868-57a2d4851a1d" relativeResultsDirectory="53334842-6921-4912-a7af-4f3c4722fb26">
      <Output>
        <StdOut>Save/Update: select * from Familia WHERE  Familia.nombre='Administracion usuarios' ; select * from JoinFamiliaToPatente
Save/Update: select * from Patente JOIN JoinFamiliaToPatente AS familia ON Patente.patenteId=familia.patenteId WHERE familia.familiaID=6</StdOut>
      </Output>
    </UnitTestResult>
    <UnitTestResult executionId="ae6f106c-b2fb-4219-9869-0834ac8cc773" testId="896a2208-4c38-b781-3b7e-b236d6d81cd2" testName="grabarMovimientoTest" computerName="DIEGO-PC" duration="00:00:00.0106392" startTime="2012-11-19T19:38:19.6843054-03:00" endTime="2012-11-19T19:38:19.7013063-03:00" testType="13cdc9d9-ddb5-4fa4-a97d-d965ccfc6d4b" outcome="Passed" testListId="8c84fa94-04c1-424b-9868-57a2d4851a1d" relativeResultsDirectory="ae6f106c-b2fb-4219-9869-0834ac8cc773">
      <Output>
        <StdOut>Save/Update: SELECT  ISNULL(MAX(nro_movimiento + 1),1) from MovimientosCuenta
Save/Update: INSERT INTO MovimientosCuenta (nro_movimiento, comentario, fecha, monto, cuentaID, tipoMovimientoID) VALUES (4 , 'com4',  CAST('19/11/2012 19:38:19.689'  AS DateTime), 33.3, 1 , 2 ); DELETE proveedor_movimientos where nro_movimiento=4  ;  INSERT INTO proveedor_movimientos ( nro_movimiento, id_proveedor) VALUES ( 4 , 3 ); DELETE documento_movimiento where nro_movimiento=4  ; 
Save/Update: select * from MovimientosCuenta JOIN proveedor_movimientos AS proveedor ON MovimientosCuenta.nro_movimiento=proveedor.nro_movimiento WHERE  MovimientosCuenta.nro_movimiento=4  AND proveedor.id_proveedor IS NOT  NULL ; select * from proveedor_movimientos; select * from documento_movimiento
Save/Update: select * from Proveedor WHERE  Proveedor.id_proveedor=3  
Save/Update: select * from OrdenDeCompra WHERE  OrdenDeCompra.id_proveedor=3  ; select * from documento_movimiento; select * from LineaOrdenDeCompra WHERE borrado = 0
Save/Update: select * from tipoMovimiento WHERE  tipoMovimiento.tipoMovimientoID=2  
Save/Update: select * from Cuenta WHERE  Cuenta.cuentaID=1  
Save/Update: DELETE proveedor_movimientos where nro_movimiento=4  ; DELETE documento_movimiento where nro_movimiento=4  ; ;DELETE MovimientosCuenta WHERE nro_movimiento=4</StdOut>
      </Output>
    </UnitTestResult>
    <UnitTestResult executionId="5fa0bb79-2bc0-4a01-91d5-8d12ec15342f" testId="8a0dd9bc-7acf-b95a-4187-a00b7726fa73" testName="listarInsumosPorColorTest" computerName="DIEGO-PC" duration="00:00:00.0114847" startTime="2012-11-19T19:38:19.7053066-03:00" endTime="2012-11-19T19:38:19.7223075-03:00" testType="13cdc9d9-ddb5-4fa4-a97d-d965ccfc6d4b" outcome="Passed" testListId="8c84fa94-04c1-424b-9868-57a2d4851a1d" relativeResultsDirectory="5fa0bb79-2bc0-4a01-91d5-8d12ec15342f">
      <Output>
        <StdOut>Save/Update: select * from insumo WHERE  insumo.color=1  
Save/Update: select * from tipoInsumo WHERE  tipoInsumo.tipo_insumo=1  
Save/Update: select * from color WHERE  color.codigo_color=1  
Save/Update: select * from MovimientosStock WHERE  MovimientosStock.cod_insumo=1  
Save/Update: select * from insumo WHERE  insumo.cod_insumo=1  
Save/Update: select * from tipoInsumo WHERE  tipoInsumo.tipo_insumo=1  
Save/Update: select * from color WHERE  color.codigo_color=1  
Save/Update: select * from MovimientosStock WHERE  MovimientosStock.cod_insumo=1  
Save/Update: select * from insumo WHERE  insumo.cod_insumo=2  
Save/Update: select * from tipoInsumo WHERE  tipoInsumo.tipo_insumo=1  
Save/Update: select * from color WHERE  color.codigo_color=2  
Save/Update: select * from MovimientosStock WHERE  MovimientosStock.cod_insumo=2  
Save/Update: select * from insumo WHERE  insumo.cod_insumo=1  
Save/Update: select * from tipoInsumo WHERE  tipoInsumo.tipo_insumo=1  
Save/Update: select * from color WHERE  color.codigo_color=1  
Save/Update: select * from MovimientosStock WHERE  MovimientosStock.cod_insumo=1  
Save/Update: UPDATE insumo SET nombre='nombre1', id_tipo_insumo=1 , color=1 , detalle='detalle1', costo=1, cantidadActual=1  WHERE cod_insumo=1  ; 
Save/Update: select * from insumo WHERE  insumo.cod_insumo=2  
Save/Update: select * from tipoInsumo WHERE  tipoInsumo.tipo_insumo=1  
Save/Update: select * from color WHERE  color.codigo_color=2  
Save/Update: select * from MovimientosStock WHERE  MovimientosStock.cod_insumo=2  
Save/Update: UPDATE insumo SET nombre='nombre2', id_tipo_insumo=1 , color=2 , detalle='detalle2', costo=1, cantidadActual=2  WHERE cod_insumo=2  ; 
Save/Update: delete from MovimientosStock where cod_insumo &gt; 2 or (cod_insumo = 1 AND nro_movimiento &gt; 2) or (cod_insumo = 2 AND nro_movimiento &gt; 1)
Save/Update: DELETE MovimientosStock WHERE nro_movimiento=1  AND cod_insumo=5  
Save/Update: DELETE MovimientosStock WHERE nro_movimiento=2  AND cod_insumo=5  
Save/Update: DELETE insumo WHERE cod_insumo=5</StdOut>
      </Output>
    </UnitTestResult>
    <UnitTestResult executionId="5f668081-8340-4cb8-be6e-53873906cf9a" testId="8c641761-f8ac-ef3e-efbe-0d44137ab9ce" testName="grabarOrdenDeCompraTest" computerName="DIEGO-PC" duration="00:00:00.0183967" startTime="2012-11-19T19:38:19.7273078-03:00" endTime="2012-11-19T19:38:19.7503091-03:00" testType="13cdc9d9-ddb5-4fa4-a97d-d965ccfc6d4b" outcome="Passed" testListId="8c84fa94-04c1-424b-9868-57a2d4851a1d" relativeResultsDirectory="5f668081-8340-4cb8-be6e-53873906cf9a">
      <Output>
        <StdOut>Save/Update: SELECT  ISNULL(MAX(nro_Doc + 1),1) from documento
Save/Update: INSERT INTO documento VALUES (5)
Save/Update: SELECT  ISNULL(MAX(nro_orden_compra + 1),1) from OrdenDeCompra WHERE nro_sucursal=1 AND tipo_orden_compra='A'
Save/Update: INSERT INTO OrdenDeCompra (nro_Doc, iva, fecha, borrado, nro_orden_compra, nro_sucursal, tipo_orden_compra, id_proveedor, monto) VALUES (5 , 1.1,  CAST('13/10/2012 21:44:12.000'  AS DateTime), 0 , 2 , 1 , 'A', 2 , 100); UPDATE LineaOrdenDeCompra SET borrado=1 WHERE nro_orden_compra=2  AND nro_sucursal=1  AND tipo_orden_compra='A' ; 
Save/Update: SELECT  ISNULL(MAX(nro_linea + 1),1) from LineaOrdenDeCompra WHERE nro_orden_compra=2 AND nro_sucursal=1 AND tipo_orden_compra='A'
Save/Update: INSERT INTO LineaOrdenDeCompra (nro_orden_compra, nro_sucursal, tipo_orden_compra, nro_linea, cod_producto, cantidad, precio, borrado) VALUES (2 , 1 , 'A', 1 , 2 , 10 , 50, 0 ); 
Save/Update: SELECT  ISNULL(MAX(nro_movimiento + 1),1) from MovimientosCuenta
Save/Update: INSERT INTO MovimientosCuenta (nro_movimiento, comentario, fecha, monto, cuentaID, tipoMovimientoID) VALUES (4 , 'com test',  CAST('13/10/2012 21:44:12.000'  AS DateTime), 100, 1 , 1 ); DELETE proveedor_movimientos where nro_movimiento=4  ;  INSERT INTO proveedor_movimientos ( nro_movimiento, id_proveedor) VALUES ( 4 , 2 ); DELETE documento_movimiento where nro_movimiento=4  ;  INSERT INTO documento_movimiento ( nro_movimiento, nro_Doc) VALUES ( 4 , 5 ); 
Save/Update: select * from OrdenDeCompra WHERE  OrdenDeCompra.nro_orden_compra=2  AND  OrdenDeCompra.nro_sucursal=1  AND  OrdenDeCompra.tipo_orden_compra='A' ; select * from documento_movimiento; select * from LineaOrdenDeCompra WHERE borrado = 0
Save/Update: select * from LineaOrdenDeCompra WHERE  LineaOrdenDeCompra.nro_orden_compra=2  AND  LineaOrdenDeCompra.tipo_orden_compra='A' AND  LineaOrdenDeCompra.nro_sucursal=1  
Save/Update: select * from insumo WHERE  insumo.cod_insumo=2  
Save/Update: select * from Proveedor WHERE  Proveedor.id_proveedor=2  
Save/Update: select * from MovimientosCuenta JOIN documento_movimiento AS documento ON MovimientosCuenta.nro_movimiento=documento.nro_movimiento JOIN proveedor_movimientos AS proveedor ON MovimientosCuenta.nro_movimiento=proveedor.nro_movimiento WHERE documento.nro_Doc=5  AND proveedor.id_proveedor IS NOT  NULL ; select * from proveedor_movimientos; select * from documento_movimiento
Save/Update: DELETE LineaOrdenDeCompra WHERE nro_orden_compra=2  AND nro_sucursal=1  AND tipo_orden_compra='A' AND nro_linea=1  
Save/Update: DELETE LineaOrdenDeCompra WHERE nro_orden_compra=2  AND nro_sucursal=1  AND tipo_orden_compra='A' AND nro_linea=2  
Save/Update: DELETE proveedor_movimientos where nro_movimiento=4  ; DELETE documento_movimiento where nro_movimiento=4  ; ;DELETE MovimientosCuenta WHERE nro_movimiento=4  
Save/Update: DELETE FROM OrdenDeCompra WHERE nro_Doc =5
Save/Update: delete documento where nro_doc=5</StdOut>
      </Output>
    </UnitTestResult>
    <UnitTestResult executionId="d9e57f9f-c00b-4c01-95b8-5e42ad2b598d" testId="8c73c5b1-73d0-fcfa-2a42-34f5914dbfb1" testName="cargarFamiliasPorIdTest" computerName="DIEGO-PC" duration="00:00:00.0034260" startTime="2012-11-19T19:38:19.7573095-03:00" endTime="2012-11-19T19:38:19.7663101-03:00" testType="13cdc9d9-ddb5-4fa4-a97d-d965ccfc6d4b" outcome="Passed" testListId="8c84fa94-04c1-424b-9868-57a2d4851a1d" relativeResultsDirectory="d9e57f9f-c00b-4c01-95b8-5e42ad2b598d">
      <Output>
        <StdOut>Save/Update: select * from Familia WHERE  Familia.familiaID=6  ; select * from JoinFamiliaToPatente
Save/Update: select * from Patente JOIN JoinFamiliaToPatente AS familia ON Patente.patenteId=familia.patenteId WHERE familia.familiaID=6</StdOut>
      </Output>
    </UnitTestResult>
    <UnitTestResult executionId="e2e8fc7d-67e3-456c-95fc-251200125dff" testId="8ce4ba60-10ed-e341-0892-b9526f864034" testName="cargarFamiliasPorUsuarioTest" computerName="DIEGO-PC" duration="00:00:00.0036706" startTime="2012-11-19T19:38:19.7723104-03:00" endTime="2012-11-19T19:38:19.7833110-03:00" testType="13cdc9d9-ddb5-4fa4-a97d-d965ccfc6d4b" outcome="Passed" testListId="8c84fa94-04c1-424b-9868-57a2d4851a1d" relativeResultsDirectory="e2e8fc7d-67e3-456c-95fc-251200125dff">
      <Output>
        <StdOut>Save/Update: select * from Familia JOIN JoinUsuarioToFamilia AS usuarios ON Familia.familiaID=usuarios.familiaID WHERE usuarios.usuarioID=3  ; select * from JoinFamiliaToPatente
Save/Update: select * from Patente JOIN JoinFamiliaToPatente AS familia ON Patente.patenteId=familia.patenteId WHERE familia.familiaID=6</StdOut>
      </Output>
    </UnitTestResult>
    <UnitTestResult executionId="88593d32-e9df-453d-a70b-de8124997e72" testId="8d735e5a-f52c-96a5-4bed-a99c0526014e" testName="grabarProveedorTest" computerName="DIEGO-PC" duration="00:00:00.0078222" startTime="2012-11-19T19:38:19.7903114-03:00" endTime="2012-11-19T19:38:19.8033122-03:00" testType="13cdc9d9-ddb5-4fa4-a97d-d965ccfc6d4b" outcome="Passed" testListId="8c84fa94-04c1-424b-9868-57a2d4851a1d" relativeResultsDirectory="88593d32-e9df-453d-a70b-de8124997e72">
      <Output>
        <StdOut>Save/Update: INSERT INTO Proveedor (id_proveedor, nombre, telefono, direccion) VALUES (4 , 'nombre4', '4444-4444', 'direccion 4'); 
Save/Update: select * from Proveedor
Save/Update: DELETE Proveedor WHERE id_proveedor=4</StdOut>
      </Output>
    </UnitTestResult>
    <UnitTestResult executionId="462b9b67-a7ab-4ddc-8798-934db2c0d26b" testId="8e0c723b-e192-342e-eb9f-eccfedfe5ca1" testName="buscarPrimerosHuecosMaquinaTest3" computerName="DIEGO-PC" duration="00:00:00.0155091" startTime="2012-11-19T19:38:19.8083125-03:00" endTime="2012-11-19T19:38:19.8323138-03:00" testType="13cdc9d9-ddb5-4fa4-a97d-d965ccfc6d4b" outcome="Passed" testListId="8c84fa94-04c1-424b-9868-57a2d4851a1d" relativeResultsDirectory="462b9b67-a7ab-4ddc-8798-934db2c0d26b">
      <Output>
        <StdOut>Save/Update: select * from produccion WHERE  produccion.cod_maquina=3  AND  produccion.fechaFinal&gt;= CAST('09/10/2012 11:00:00.000'  AS DateTime) ; select * from historico_estados_produccion WHERE borrado = 0
Save/Update: select * from Pedido WHERE  Pedido.cod_pedido=2  ; select * from produccion WHERE borrado = 0; select * from historico_estados_pedido WHERE borrado = 0
Save/Update: select * from Maquina WHERE  Maquina.cod_maquina=3  ; select * from JoinMaquinaToTipoPrenda
Save/Update: select * from Articulos WHERE  Articulos.cod_articulo=5  ; select * from lista_precios WHERE borrado = 0
Save/Update: select * from EstadoTrabajos WHERE  EstadoTrabajos.cod_estado=0  
Save/Update: select * from historico_estados_produccion WHERE  historico_estados_produccion.cod_produccion=4  
Save/Update: select * from produccion_operador WHERE  produccion_operador.cod_prodcuccion=4  
Save/Update: select * from Pedido WHERE  Pedido.cod_pedido=3  ; select * from produccion WHERE borrado = 0; select * from historico_estados_pedido WHERE borrado = 0
Save/Update: select * from Maquina WHERE  Maquina.cod_maquina=3  ; select * from JoinMaquinaToTipoPrenda
Save/Update: select * from Articulos WHERE  Articulos.cod_articulo=4  ; select * from lista_precios WHERE borrado = 0
Save/Update: select * from EstadoTrabajos WHERE  EstadoTrabajos.cod_estado=0  
Save/Update: select * from historico_estados_produccion WHERE  historico_estados_produccion.cod_produccion=6  
Save/Update: select * from produccion_operador WHERE  produccion_operador.cod_prodcuccion=6  
Save/Update: select * from produccion WHERE  produccion.cod_maquina=3  AND  produccion.fechaInicio&gt;= CAST('12/10/2012 13:00:00.000'  AS DateTime) ; select * from historico_estados_produccion WHERE borrado = 0
Save/Update: select * from Pedido WHERE  Pedido.cod_pedido=3  ; select * from produccion WHERE borrado = 0; select * from historico_estados_pedido WHERE borrado = 0
Save/Update: select * from Maquina WHERE  Maquina.cod_maquina=3  ; select * from JoinMaquinaToTipoPrenda
Save/Update: select * from Articulos WHERE  Articulos.cod_articulo=4  ; select * from lista_precios WHERE borrado = 0
Save/Update: select * from EstadoTrabajos WHERE  EstadoTrabajos.cod_estado=0  
Save/Update: select * from historico_estados_produccion WHERE  historico_estados_produccion.cod_produccion=6  
Save/Update: select * from produccion_operador WHERE  produccion_operador.cod_prodcuccion=6  
Save/Update: DELETE produccion_operador WHERE id_operador=2  AND cod_prodcuccion=7  
Save/Update: DELETE historico_estados_produccion WHERE nro_estado=1  AND cod_produccion=7  
Save/Update: DELETE historico_estados_produccion WHERE nro_estado=2  AND cod_produccion=7  
Save/Update: DELETE produccion WHERE cod_produccion=7</StdOut>
      </Output>
    </UnitTestResult>
    <UnitTestResult executionId="40360337-46f7-4be4-8b21-f5b10778147e" testId="8e175a1e-ad15-cbe9-eb2b-34d47332acea" testName="buscarOperadoresConRestriccionesTest" computerName="DIEGO-PC" duration="00:00:00.0059744" startTime="2012-11-19T19:38:19.8383142-03:00" endTime="2012-11-19T19:38:19.8493148-03:00" testType="13cdc9d9-ddb5-4fa4-a97d-d965ccfc6d4b" outcome="Passed" testListId="8c84fa94-04c1-424b-9868-57a2d4851a1d" relativeResultsDirectory="40360337-46f7-4be4-8b21-f5b10778147e">
      <Output>
        <StdOut>Save/Update: select * from operador WHERE  operador.id_Operador=1  AND  operador.id_usuario=4  
Save/Update: DELETE operador WHERE id_Operador=3</StdOut>
      </Output>
    </UnitTestResult>
    <UnitTestResult executionId="c43e500f-97d5-4ae8-9133-dfab276d3f83" testId="8ef58195-4b27-3ad6-c671-969e36dd1c6a" testName="buscarDiseñoPorClienteTest" computerName="DIEGO-PC" duration="00:00:00.0138705" startTime="2012-11-19T19:38:19.8553151-03:00" endTime="2012-11-19T19:38:19.8743162-03:00" testType="13cdc9d9-ddb5-4fa4-a97d-d965ccfc6d4b" outcome="Passed" testListId="8c84fa94-04c1-424b-9868-57a2d4851a1d" relativeResultsDirectory="c43e500f-97d5-4ae8-9133-dfab276d3f83">
      <Output>
        <StdOut>Save/Update: select * from Diseño WHERE  Diseño.id_cliente=1  ; select * from historico_estados_diseño WHERE borrado = 0
Save/Update: select * from Cliente WHERE  Cliente.id_cliente=1  ; select * from cliente_movimientos; select * from Pedido WHERE borrado = 0; select * from Factura WHERE borrado = 0; select * from Diseño WHERE borrado = 0
Save/Update: select * from Usuario WHERE  Usuario.usuarioID=1  ; select * from JoinUsuarioToFamilia; select * from JoinPatenteToUsuario
Save/Update: select * from Diseño_insumos WHERE  Diseño_insumos.cod_diseño=1  
Save/Update: select * from historico_estados_diseño WHERE  historico_estados_diseño.cod_diseño=1  
Save/Update: select * from EstadoDiseños WHERE  EstadoDiseños.estado=2  
Save/Update: select * from Cliente WHERE  Cliente.id_cliente=1  ; select * from cliente_movimientos; select * from Pedido WHERE borrado = 0; select * from Factura WHERE borrado = 0; select * from Diseño WHERE borrado = 0
Save/Update: select * from Usuario WHERE  Usuario.usuarioID=1  ; select * from JoinUsuarioToFamilia; select * from JoinPatenteToUsuario
Save/Update: select * from Diseño_insumos WHERE  Diseño_insumos.cod_diseño=2  
Save/Update: select * from historico_estados_diseño WHERE  historico_estados_diseño.cod_diseño=2  
Save/Update: select * from EstadoDiseños WHERE  EstadoDiseños.estado=2  
Save/Update: DELETE FROM Diseño_insumos where cod_diseño=3
Save/Update: DELETE FROM historico_estados_diseño where cod_diseño=3
Save/Update: DELETE Diseño WHERE cod_diseño=3</StdOut>
      </Output>
    </UnitTestResult>
    <UnitTestResult executionId="e1660755-2ab6-4222-ad60-34f4c73da827" testId="9051c370-f8a8-7d06-90bf-a5c879f3e27c" testName="buscarMovimientoPorNroTest" computerName="DIEGO-PC" duration="00:00:00.0102565" startTime="2012-11-19T19:38:19.8793165-03:00" endTime="2012-11-19T19:38:19.8973176-03:00" testType="13cdc9d9-ddb5-4fa4-a97d-d965ccfc6d4b" outcome="Passed" testListId="8c84fa94-04c1-424b-9868-57a2d4851a1d" relativeResultsDirectory="e1660755-2ab6-4222-ad60-34f4c73da827">
      <Output>
        <StdOut>Save/Update: select * from MovimientosCuenta JOIN proveedor_movimientos AS proveedor ON MovimientosCuenta.nro_movimiento=proveedor.nro_movimiento WHERE  MovimientosCuenta.nro_movimiento=3  AND proveedor.id_proveedor IS NOT  NULL ; select * from proveedor_movimientos; select * from documento_movimiento
Save/Update: select * from Proveedor WHERE  Proveedor.id_proveedor=1  
Save/Update: select * from OrdenDeCompra WHERE  OrdenDeCompra.id_proveedor=1  ; select * from documento_movimiento; select * from LineaOrdenDeCompra WHERE borrado = 0
Save/Update: select * from OrdenDeCompra WHERE  OrdenDeCompra.nro_Doc=3  ; select * from documento_movimiento; select * from LineaOrdenDeCompra WHERE borrado = 0
Save/Update: select * from tipoMovimiento WHERE  tipoMovimiento.tipoMovimientoID=1  
Save/Update: select * from Cuenta WHERE  Cuenta.cuentaID=1  
Save/Update: DELETE proveedor_movimientos where nro_movimiento=4  ; DELETE documento_movimiento where nro_movimiento=4  ; ;DELETE MovimientosCuenta WHERE nro_movimiento=4</StdOut>
      </Output>
    </UnitTestResult>
    <UnitTestResult executionId="f1701a44-cdaa-4260-8be3-07b2bbc6c832" testId="90665605-993c-c3f0-732c-0c8cb4e19400" testName="buscarOpinionesTest" computerName="DIEGO-PC" duration="00:00:00.0069296" startTime="2012-11-19T19:38:19.9053180-03:00" endTime="2012-11-19T19:38:19.9213189-03:00" testType="13cdc9d9-ddb5-4fa4-a97d-d965ccfc6d4b" outcome="Passed" testListId="8c84fa94-04c1-424b-9868-57a2d4851a1d" relativeResultsDirectory="f1701a44-cdaa-4260-8be3-07b2bbc6c832">
      <Output>
        <StdOut>Save/Update: select * from opiniones</StdOut>
      </Output>
    </UnitTestResult>
    <UnitTestResult executionId="a4393bec-7846-4d86-aef0-efcdde4bc941" testId="9102ee27-432a-7243-07ab-4d672688ee38" testName="cargarMaquinaPorIdTest" computerName="DIEGO-PC" duration="00:00:00.0062421" startTime="2012-11-19T19:38:19.9323196-03:00" endTime="2012-11-19T19:38:19.9493205-03:00" testType="13cdc9d9-ddb5-4fa4-a97d-d965ccfc6d4b" outcome="Passed" testListId="8c84fa94-04c1-424b-9868-57a2d4851a1d" relativeResultsDirectory="a4393bec-7846-4d86-aef0-efcdde4bc941">
      <Output>
        <StdOut>Save/Update: select * from Maquina WHERE  Maquina.cod_maquina=1  ; select * from JoinMaquinaToTipoPrenda
Save/Update: select * from TipoPrenda WHERE  TipoPrenda.tipo_prenda=1  
Save/Update: select * from TipoPrenda WHERE  TipoPrenda.tipo_prenda=2  
Save/Update: select * from TipoPrenda WHERE  TipoPrenda.tipo_prenda=3  
Save/Update: DELETE JoinMaquinaToTipoPrenda where cod_maquina=4  ; ;DELETE Maquina WHERE cod_maquina=4  
Save/Update: delete from JoinMaquinaToTipoPrenda where cod_maquina=4</StdOut>
      </Output>
    </UnitTestResult>
    <UnitTestResult executionId="3a9ea698-b6b0-406b-a968-5d60d7110970" testId="92b34578-8935-0a46-8dd9-4af3ba2aba99" testName="grabarLineaTest" computerName="DIEGO-PC" duration="00:00:00.0061221" startTime="2012-11-19T19:38:19.9563209-03:00" endTime="2012-11-19T19:38:19.9693217-03:00" testType="13cdc9d9-ddb5-4fa4-a97d-d965ccfc6d4b" outcome="Passed" testListId="8c84fa94-04c1-424b-9868-57a2d4851a1d" relativeResultsDirectory="3a9ea698-b6b0-406b-a968-5d60d7110970">
      <Output>
        <StdOut>Save/Update: SELECT  ISNULL(MAX(nro_linea + 1),1) from LineaOrdenDeCompra WHERE nro_orden_compra=1 AND nro_sucursal=1 AND tipo_orden_compra='A'
Save/Update: INSERT INTO LineaOrdenDeCompra (nro_orden_compra, nro_sucursal, tipo_orden_compra, nro_linea, cod_producto, cantidad, precio, borrado) VALUES (1 , 1 , 'A', 3 , 3 , 33 , 33.3, 0 ); 
Save/Update: select * from LineaOrdenDeCompra WHERE  LineaOrdenDeCompra.nro_orden_compra=1  AND  LineaOrdenDeCompra.nro_linea=3  AND  LineaOrdenDeCompra.nro_sucursal=1  AND  LineaOrdenDeCompra.tipo_orden_compra='A' 
Save/Update: DELETE LineaOrdenDeCompra WHERE nro_orden_compra=1  AND nro_sucursal=1  AND tipo_orden_compra='A' AND nro_linea=3</StdOut>
      </Output>
    </UnitTestResult>
    <UnitTestResult executionId="1925407a-706e-4f9b-91c1-2adc9a3a3447" testId="9355e16b-4728-468a-6844-3354852565f0" testName="borrarDiseñoTest" computerName="DIEGO-PC" duration="00:00:00.0254268" startTime="2012-11-19T19:38:19.9723218-03:00" endTime="2012-11-19T19:38:20.0043237-03:00" testType="13cdc9d9-ddb5-4fa4-a97d-d965ccfc6d4b" outcome="Passed" testListId="8c84fa94-04c1-424b-9868-57a2d4851a1d" relativeResultsDirectory="1925407a-706e-4f9b-91c1-2adc9a3a3447">
      <Output>
        <StdOut>Save/Update: SELECT  ISNULL(MAX(cod_diseño + 1),1) from Diseño
Save/Update: INSERT INTO Diseño (cod_diseño, nombre, puntadas, alto, ancho, id_cliente, estadoActual, pathImagen, pathDetalle, pathArchivoEditable, pathArchivoFinal, borrado) VALUES (3 , 'diseño3', 3333 , 33 , 33 , 1 , 1 , '', '', '', '', 0 ); UPDATE historico_estados_diseño SET borrado=1 WHERE cod_diseño=3  ; 
Save/Update: select * from Diseño; select * from historico_estados_diseño WHERE borrado = 0
Save/Update: select * from Cliente WHERE  Cliente.id_cliente=1  ; select * from cliente_movimientos; select * from Pedido WHERE borrado = 0; select * from Factura WHERE borrado = 0; select * from Diseño WHERE borrado = 0
Save/Update: select * from Usuario WHERE  Usuario.usuarioID=1  ; select * from JoinUsuarioToFamilia; select * from JoinPatenteToUsuario
Save/Update: select * from Diseño_insumos WHERE  Diseño_insumos.cod_diseño=1  
Save/Update: select * from historico_estados_diseño WHERE  historico_estados_diseño.cod_diseño=1  
Save/Update: select * from EstadoDiseños WHERE  EstadoDiseños.estado=2  
Save/Update: select * from Cliente WHERE  Cliente.id_cliente=1  ; select * from cliente_movimientos; select * from Pedido WHERE borrado = 0; select * from Factura WHERE borrado = 0; select * from Diseño WHERE borrado = 0
Save/Update: select * from Usuario WHERE  Usuario.usuarioID=1  ; select * from JoinUsuarioToFamilia; select * from JoinPatenteToUsuario
Save/Update: select * from Diseño_insumos WHERE  Diseño_insumos.cod_diseño=2  
Save/Update: select * from historico_estados_diseño WHERE  historico_estados_diseño.cod_diseño=2  
Save/Update: select * from EstadoDiseños WHERE  EstadoDiseños.estado=2  
Save/Update: select * from Cliente WHERE  Cliente.id_cliente=1  ; select * from cliente_movimientos; select * from Pedido WHERE borrado = 0; select * from Factura WHERE borrado = 0; select * from Diseño WHERE borrado = 0
Save/Update: select * from Usuario WHERE  Usuario.usuarioID=1  ; select * from JoinUsuarioToFamilia; select * from JoinPatenteToUsuario
Save/Update: select * from Diseño_insumos WHERE  Diseño_insumos.cod_diseño=3  
Save/Update: select * from historico_estados_diseño WHERE  historico_estados_diseño.cod_diseño=3  
Save/Update: select * from EstadoDiseños WHERE  EstadoDiseños.estado=1  
Save/Update: DELETE Diseño WHERE cod_diseño=3  
Save/Update: select * from Diseño; select * from historico_estados_diseño WHERE borrado = 0
Save/Update: select * from Cliente WHERE  Cliente.id_cliente=1  ; select * from cliente_movimientos; select * from Pedido WHERE borrado = 0; select * from Factura WHERE borrado = 0; select * from Diseño WHERE borrado = 0
Save/Update: select * from Usuario WHERE  Usuario.usuarioID=1  ; select * from JoinUsuarioToFamilia; select * from JoinPatenteToUsuario
Save/Update: select * from Diseño_insumos WHERE  Diseño_insumos.cod_diseño=1  
Save/Update: select * from historico_estados_diseño WHERE  historico_estados_diseño.cod_diseño=1  
Save/Update: select * from EstadoDiseños WHERE  EstadoDiseños.estado=2  
Save/Update: select * from Cliente WHERE  Cliente.id_cliente=1  ; select * from cliente_movimientos; select * from Pedido WHERE borrado = 0; select * from Factura WHERE borrado = 0; select * from Diseño WHERE borrado = 0
Save/Update: select * from Usuario WHERE  Usuario.usuarioID=1  ; select * from JoinUsuarioToFamilia; select * from JoinPatenteToUsuario
Save/Update: select * from Diseño_insumos WHERE  Diseño_insumos.cod_diseño=2  
Save/Update: select * from historico_estados_diseño WHERE  historico_estados_diseño.cod_diseño=2  
Save/Update: select * from EstadoDiseños WHERE  EstadoDiseños.estado=2  
Save/Update: DELETE FROM Diseño_insumos where cod_diseño=3
Save/Update: DELETE FROM historico_estados_diseño where cod_diseño=3
Save/Update: DELETE Diseño WHERE cod_diseño=3</StdOut>
      </Output>
    </UnitTestResult>
    <UnitTestResult executionId="047e18d8-a346-4306-b6cc-e323e87d0feb" testId="93f8ff39-718d-999f-f07f-06a3b12e22dd" testName="calcularFinalizacionTest4" computerName="DIEGO-PC" duration="00:00:00.0025887" startTime="2012-11-19T19:38:20.0073238-03:00" endTime="2012-11-19T19:38:20.0153243-03:00" testType="13cdc9d9-ddb5-4fa4-a97d-d965ccfc6d4b" outcome="Passed" testListId="8c84fa94-04c1-424b-9868-57a2d4851a1d" relativeResultsDirectory="047e18d8-a346-4306-b6cc-e323e87d0feb">
      <Output>
        <StdOut>Save/Update: DELETE produccion_operador WHERE id_operador=2  AND cod_prodcuccion=7  
Save/Update: DELETE historico_estados_produccion WHERE nro_estado=1  AND cod_produccion=7  
Save/Update: DELETE historico_estados_produccion WHERE nro_estado=2  AND cod_produccion=7  
Save/Update: DELETE produccion WHERE cod_produccion=7</StdOut>
      </Output>
    </UnitTestResult>
    <UnitTestResult executionId="87bb0966-67f2-4b3c-86e7-837ed9914dad" testId="954c6542-5669-95f4-2fc5-a01c436de193" testName="borrarLineaTest" computerName="DIEGO-PC" duration="00:00:00.0062367" startTime="2012-11-19T19:38:20.0183245-03:00" endTime="2012-11-19T19:38:20.0313252-03:00" testType="13cdc9d9-ddb5-4fa4-a97d-d965ccfc6d4b" outcome="Passed" testListId="8c84fa94-04c1-424b-9868-57a2d4851a1d" relativeResultsDirectory="87bb0966-67f2-4b3c-86e7-837ed9914dad">
      <Output>
        <StdOut>Save/Update: SELECT  ISNULL(MAX(nro_linea + 1),1) from LineaOrdenDeCompra WHERE nro_orden_compra=1 AND nro_sucursal=1 AND tipo_orden_compra='A'
Save/Update: INSERT INTO LineaOrdenDeCompra (nro_orden_compra, nro_sucursal, tipo_orden_compra, nro_linea, cod_producto, cantidad, precio, borrado) VALUES (1 , 1 , 'A', 3 , 3 , 33 , 33.3, 0 ); 
Save/Update: select * from LineaOrdenDeCompra WHERE  LineaOrdenDeCompra.nro_orden_compra=1  AND  LineaOrdenDeCompra.nro_linea=3  AND  LineaOrdenDeCompra.nro_sucursal=1  AND  LineaOrdenDeCompra.tipo_orden_compra='A' 
Save/Update: DELETE LineaOrdenDeCompra WHERE nro_orden_compra=1  AND nro_sucursal=1  AND tipo_orden_compra='A' AND nro_linea=3  
Save/Update: select * from LineaOrdenDeCompra WHERE  LineaOrdenDeCompra.nro_orden_compra=1  AND  LineaOrdenDeCompra.nro_linea=3  AND  LineaOrdenDeCompra.nro_sucursal=1  AND  LineaOrdenDeCompra.tipo_orden_compra='A'</StdOut>
      </Output>
    </UnitTestResult>
    <UnitTestResult executionId="81887d30-1920-47af-96c5-3f5ba8420b33" testId="967eb374-2104-1acf-4901-5331861aa4b4" testName="buscarTipoCuentasTest" computerName="DIEGO-PC" duration="00:00:00.0038739" startTime="2012-11-19T19:38:20.0343254-03:00" endTime="2012-11-19T19:38:20.0433259-03:00" testType="13cdc9d9-ddb5-4fa4-a97d-d965ccfc6d4b" outcome="Passed" testListId="8c84fa94-04c1-424b-9868-57a2d4851a1d" relativeResultsDirectory="81887d30-1920-47af-96c5-3f5ba8420b33">
      <Output>
        <StdOut>Save/Update: select * from Cuenta</StdOut>
      </Output>
    </UnitTestResult>
    <UnitTestResult executionId="21709507-0d7f-4835-9561-77d1a7a8c3c7" testId="96881fe6-dfde-90d7-168b-7e0645c53ba0" testName="modificarMaquinasTest" computerName="DIEGO-PC" duration="00:00:00.0534977" startTime="2012-11-19T19:38:20.0473261-03:00" endTime="2012-11-19T19:38:20.1073296-03:00" testType="13cdc9d9-ddb5-4fa4-a97d-d965ccfc6d4b" outcome="Passed" testListId="8c84fa94-04c1-424b-9868-57a2d4851a1d" relativeResultsDirectory="21709507-0d7f-4835-9561-77d1a7a8c3c7">
      <Output>
        <StdOut>Save/Update: SELECT  ISNULL(MAX(cod_maquina + 1),1) from Maquina
Save/Update: INSERT INTO Maquina (cod_maquina, altoMargen, anchoMargen, cabezales, nombre, velocidadPromedio, cantidadColores) VALUES (4 , 100 , 200 , 12 , 'nombre nuevo', 1000 , 12 ); DELETE JoinMaquinaToTipoPrenda where cod_maquina=4  ; 
Save/Update: select * from Maquina WHERE  Maquina.cod_maquina=4  AND  Maquina.altoMargen&lt;=500  AND  Maquina.anchoMargen&gt;=100  AND  Maquina.cabezales=12  AND  Maquina.nombre LIKE '%e n%'AND  Maquina.velocidadPromedio&gt;=500  AND  Maquina.cantidadColores=12  ; select * from JoinMaquinaToTipoPrenda
Save/Update: UPDATE Maquina SET altoMargen=100 , anchoMargen=200 , cabezales=12 , nombre='nombre editado', velocidadPromedio=1000 , cantidadColores=2  WHERE cod_maquina=4  ; DELETE JoinMaquinaToTipoPrenda where cod_maquina=4  ; 
Save/Update: select * from Maquina WHERE  Maquina.cod_maquina=4  ; select * from JoinMaquinaToTipoPrenda
Save/Update: DELETE JoinMaquinaToTipoPrenda where cod_maquina=4  ; ;DELETE Maquina WHERE cod_maquina=4</StdOut>
      </Output>
    </UnitTestResult>
    <UnitTestResult executionId="df5a8159-fe46-43a9-8206-c4300cb547ba" testId="96e75478-d13a-94b1-f4d7-4e30153efd6b" testName="guardarFamiliaTest" computerName="DIEGO-PC" duration="00:00:00.0063752" startTime="2012-11-19T19:38:20.1103297-03:00" endTime="2012-11-19T19:38:20.1253306-03:00" testType="13cdc9d9-ddb5-4fa4-a97d-d965ccfc6d4b" outcome="Passed" testListId="8c84fa94-04c1-424b-9868-57a2d4851a1d" relativeResultsDirectory="df5a8159-fe46-43a9-8206-c4300cb547ba">
      <Output>
        <StdOut>Save/Update: INSERT INTO Familia (familiaID, descripcion, nombre) VALUES (7 , 'familia test', 'test'); DELETE JoinFamiliaToPatente where familiaID=7  ;  INSERT INTO JoinFamiliaToPatente ( familiaID, patenteId) VALUES ( 7 , 9 ); 
Save/Update: select * from Familia WHERE  Familia.familiaID=7  ; select * from JoinFamiliaToPatente
Save/Update: select * from Patente JOIN JoinFamiliaToPatente AS familia ON Patente.patenteId=familia.patenteId WHERE familia.familiaID=7  
Save/Update: DELETE JoinFamiliaToPatente where familiaID=7  ; ;DELETE Familia WHERE familiaID=7</StdOut>
      </Output>
    </UnitTestResult>
    <UnitTestResult executionId="3db794b9-3f51-4613-a94f-c0e6a6115294" testId="97997216-b9cb-a346-d834-1a6abbc22200" testName="guardarOpinionTest" computerName="DIEGO-PC" duration="00:00:00.0311382" startTime="2012-11-19T19:38:20.1273307-03:00" endTime="2012-11-19T19:38:20.1663329-03:00" testType="13cdc9d9-ddb5-4fa4-a97d-d965ccfc6d4b" outcome="Passed" testListId="8c84fa94-04c1-424b-9868-57a2d4851a1d" relativeResultsDirectory="3db794b9-3f51-4613-a94f-c0e6a6115294">
      <Output>
        <StdOut>Save/Update: SELECT  ISNULL(MAX(id + 1),1) from opiniones
Save/Update: INSERT INTO opiniones (id, nombre, mail, opinion) VALUES (4 , 'nombre4', 'mail4@test.com', 'opinion4'); 
Save/Update: select * from opiniones WHERE  opiniones.id=4  
Save/Update: DELETE opiniones WHERE id=4</StdOut>
      </Output>
    </UnitTestResult>
    <UnitTestResult executionId="a1807b06-148a-4c2e-86d1-a2a2ef398c28" testId="9853b2bf-c35b-f18f-c067-26f1d74150ec" testName="buscarProveedorPorCodigoTest" computerName="DIEGO-PC" duration="00:00:00.0063141" startTime="2012-11-19T19:38:20.1683331-03:00" endTime="2012-11-19T19:38:20.1823339-03:00" testType="13cdc9d9-ddb5-4fa4-a97d-d965ccfc6d4b" outcome="Passed" testListId="8c84fa94-04c1-424b-9868-57a2d4851a1d" relativeResultsDirectory="a1807b06-148a-4c2e-86d1-a2a2ef398c28">
      <Output>
        <StdOut>Save/Update: select * from Proveedor WHERE  Proveedor.id_proveedor=1  
Save/Update: select * from OrdenDeCompra WHERE  OrdenDeCompra.id_proveedor=1  ; select * from documento_movimiento; select * from LineaOrdenDeCompra WHERE borrado = 0
Save/Update: delete OrdenDeCompra where nro_doc=5
Save/Update: delete documento where nro_doc=5
Save/Update: DELETE Proveedor WHERE id_proveedor=4  
Save/Update: UPDATE Proveedor SET nombre='nombre1', telefono='1111-1111', direccion='direccion 1' WHERE id_proveedor=1  ;</StdOut>
      </Output>
    </UnitTestResult>
    <UnitTestResult executionId="bb775d07-17e2-4941-a084-9af72ae0dff4" testId="996b7b9c-4963-23a7-ecd9-60f71e9ffdab" testName="buscarEstadosTest" computerName="DIEGO-PC" duration="00:00:00.0041792" startTime="2012-11-19T19:38:20.1853340-03:00" endTime="2012-11-19T19:38:20.1983348-03:00" testType="13cdc9d9-ddb5-4fa4-a97d-d965ccfc6d4b" outcome="Passed" testListId="8c84fa94-04c1-424b-9868-57a2d4851a1d" relativeResultsDirectory="bb775d07-17e2-4941-a084-9af72ae0dff4">
      <Output>
        <StdOut>Save/Update: select * from EstadoTrabajos</StdOut>
      </Output>
    </UnitTestResult>
    <UnitTestResult executionId="5757bd08-608a-404f-b976-12433d80f202" testId="9abfd9c9-a69f-e14e-a283-753aea9711be" testName="buscarEstadosPorIdTest" computerName="DIEGO-PC" duration="00:00:00.0022549" startTime="2012-11-19T19:38:20.2023350-03:00" endTime="2012-11-19T19:38:20.2133356-03:00" testType="13cdc9d9-ddb5-4fa4-a97d-d965ccfc6d4b" outcome="Passed" testListId="8c84fa94-04c1-424b-9868-57a2d4851a1d" relativeResultsDirectory="5757bd08-608a-404f-b976-12433d80f202">
      <Output>
        <StdOut>Save/Update: select * from EstadoDiseños WHERE  EstadoDiseños.estado=1</StdOut>
      </Output>
    </UnitTestResult>
    <UnitTestResult executionId="73cb132e-0530-43be-b59d-7284403e4ba3" testId="9b145e69-7969-d34a-ea49-9560a18e3f37" testName="listarProduccionPorCodigoTest" computerName="DIEGO-PC" duration="00:00:00.0105350" startTime="2012-11-19T19:38:20.2163358-03:00" endTime="2012-11-19T19:38:20.2343368-03:00" testType="13cdc9d9-ddb5-4fa4-a97d-d965ccfc6d4b" outcome="Passed" testListId="8c84fa94-04c1-424b-9868-57a2d4851a1d" relativeResultsDirectory="73cb132e-0530-43be-b59d-7284403e4ba3">
      <Output>
        <StdOut>Save/Update: select * from produccion WHERE  produccion.cod_produccion=1  ; select * from historico_estados_produccion WHERE borrado = 0
Save/Update: select * from Pedido WHERE  Pedido.cod_pedido=1  ; select * from produccion WHERE borrado = 0; select * from historico_estados_pedido WHERE borrado = 0
Save/Update: select * from Maquina WHERE  Maquina.cod_maquina=1  ; select * from JoinMaquinaToTipoPrenda
Save/Update: select * from Articulos WHERE  Articulos.cod_articulo=1  ; select * from lista_precios WHERE borrado = 0
Save/Update: select * from EstadoTrabajos WHERE  EstadoTrabajos.cod_estado=3  
Save/Update: select * from historico_estados_produccion WHERE  historico_estados_produccion.cod_produccion=1  
Save/Update: select * from produccion_operador WHERE  produccion_operador.cod_prodcuccion=1  
Save/Update: DELETE produccion_operador WHERE id_operador=2  AND cod_prodcuccion=7  
Save/Update: DELETE historico_estados_produccion WHERE nro_estado=1  AND cod_produccion=7  
Save/Update: DELETE historico_estados_produccion WHERE nro_estado=2  AND cod_produccion=7  
Save/Update: DELETE produccion WHERE cod_produccion=7</StdOut>
      </Output>
    </UnitTestResult>
    <UnitTestResult executionId="d3766a4b-8568-4972-aed6-75ef0217c3fe" testId="9bc71622-b688-a88b-7a65-091a11ad1362" testName="buscarTodoTest" computerName="DIEGO-PC" duration="00:00:00.0033794" startTime="2012-11-19T19:38:20.2363369-03:00" endTime="2012-11-19T19:38:20.2463375-03:00" testType="13cdc9d9-ddb5-4fa4-a97d-d965ccfc6d4b" outcome="Passed" testListId="8c84fa94-04c1-424b-9868-57a2d4851a1d" relativeResultsDirectory="d3766a4b-8568-4972-aed6-75ef0217c3fe">
      <Output>
        <StdOut>Save/Update: select * from tipoMovimiento</StdOut>
      </Output>
    </UnitTestResult>
    <UnitTestResult executionId="6f62a04e-73cb-4f34-9798-c9ced4511bd8" testId="9c1f4476-7313-c46d-328a-55cea693565d" testName="buscarMovimintosTest" computerName="DIEGO-PC" duration="00:00:00.0128230" startTime="2012-11-19T19:38:20.2493377-03:00" endTime="2012-11-19T19:38:20.2683388-03:00" testType="13cdc9d9-ddb5-4fa4-a97d-d965ccfc6d4b" outcome="Passed" testListId="8c84fa94-04c1-424b-9868-57a2d4851a1d" relativeResultsDirectory="6f62a04e-73cb-4f34-9798-c9ced4511bd8">
      <Output>
        <StdOut>Save/Update: select * from MovimientosCuenta JOIN proveedor_movimientos AS proveedor ON MovimientosCuenta.nro_movimiento=proveedor.nro_movimiento WHERE  MovimientosCuenta.comentario LIKE '%m3%'AND  MovimientosCuenta.fecha&gt;= CAST('03/03/2003 00:00:00.000'  AS DateTime) AND  MovimientosCuenta.monto&gt;=30 AND  MovimientosCuenta.monto&lt;=33 AND  MovimientosCuenta.cuentaID=1  AND  MovimientosCuenta.tipoMovimientoID=1  AND proveedor.id_proveedor=1  AND proveedor.id_proveedor IS NOT  NULL ; select * from proveedor_movimientos; select * from documento_movimiento
Save/Update: select * from Proveedor WHERE  Proveedor.id_proveedor=1  
Save/Update: select * from OrdenDeCompra WHERE  OrdenDeCompra.id_proveedor=1  ; select * from documento_movimiento; select * from LineaOrdenDeCompra WHERE borrado = 0
Save/Update: select * from OrdenDeCompra WHERE  OrdenDeCompra.nro_Doc=3  ; select * from documento_movimiento; select * from LineaOrdenDeCompra WHERE borrado = 0
Save/Update: select * from tipoMovimiento WHERE  tipoMovimiento.tipoMovimientoID=1  
Save/Update: select * from Cuenta WHERE  Cuenta.cuentaID=1  
Save/Update: DELETE proveedor_movimientos where nro_movimiento=4  ; DELETE documento_movimiento where nro_movimiento=4  ; ;DELETE MovimientosCuenta WHERE nro_movimiento=4</StdOut>
      </Output>
    </UnitTestResult>
    <UnitTestResult executionId="dee0e927-0fb3-416b-860b-ccd8be781603" testId="9fd9a588-56ca-0b4b-82c9-064d2bfbe430" testName="grabarDiseñosTest" computerName="DIEGO-PC" duration="00:00:00.0059504" startTime="2012-11-19T19:38:20.2733391-03:00" endTime="2012-11-19T19:38:20.2853397-03:00" testType="13cdc9d9-ddb5-4fa4-a97d-d965ccfc6d4b" outcome="Passed" testListId="8c84fa94-04c1-424b-9868-57a2d4851a1d" relativeResultsDirectory="dee0e927-0fb3-416b-860b-ccd8be781603">
      <Output>
        <StdOut>Save/Update: SELECT  ISNULL(MAX(cod_diseño + 1),1) from Diseño
Save/Update: INSERT INTO Diseño (cod_diseño, nombre, puntadas, alto, ancho, id_cliente, estadoActual, pathImagen, pathDetalle, pathArchivoEditable, pathArchivoFinal, borrado) VALUES (3 , 'diseño3', 3333 , 33 , 33 , 1 , 1 , '/cliente1/imagen/diseño1.jpg', '/cliente1/detalle/diseño1.jpg', '/cliente1/diseñoEditable/diseño1.jpg', '/cliente1/diseño/diseño1.jpg', 0 ); UPDATE historico_estados_diseño SET borrado=1 WHERE cod_diseño=3  ; 
Save/Update: select * from Diseño WHERE  Diseño.cod_diseño=3  ; select * from historico_estados_diseño WHERE borrado = 0
Save/Update: DELETE Diseño WHERE cod_diseño=3</StdOut>
      </Output>
    </UnitTestResult>
    <UnitTestResult executionId="0d73439e-d7c2-4cd4-a817-f0cd9930589f" testId="a17744d1-ab11-f591-d328-1ad420c98fbd" testName="borrarNewsletterTest" computerName="DIEGO-PC" duration="00:00:00.0046035" startTime="2012-11-19T19:38:20.2903400-03:00" endTime="2012-11-19T19:38:20.3003406-03:00" testType="13cdc9d9-ddb5-4fa4-a97d-d965ccfc6d4b" outcome="Passed" testListId="8c84fa94-04c1-424b-9868-57a2d4851a1d" relativeResultsDirectory="0d73439e-d7c2-4cd4-a817-f0cd9930589f">
      <Output>
        <StdOut>Save/Update: SELECT  ISNULL(MAX(id + 1),1) from newsletter
Save/Update: INSERT INTO newsletter (id, newsletter, nombre, enviado) VALUES (3 , 'html', 'news3', 0 ); 
Save/Update: select * from newsletter WHERE  newsletter.id=3  
Save/Update: DELETE newsletter WHERE id=3  
Save/Update: select * from newsletter WHERE  newsletter.id=3</StdOut>
      </Output>
    </UnitTestResult>
    <UnitTestResult executionId="76d364a6-0bf2-4818-b8d3-2f56a3b640ea" testId="a238bb59-cc6f-a250-c2de-3c102510d342" testName="borrarHistoricoEstadosTest" computerName="DIEGO-PC" duration="00:00:00.0052811" startTime="2012-11-19T19:38:20.3053409-03:00" endTime="2012-11-19T19:38:20.3193417-03:00" testType="13cdc9d9-ddb5-4fa4-a97d-d965ccfc6d4b" outcome="Passed" testListId="8c84fa94-04c1-424b-9868-57a2d4851a1d" relativeResultsDirectory="76d364a6-0bf2-4818-b8d3-2f56a3b640ea">
      <Output>
        <StdOut>Save/Update: SELECT  ISNULL(MAX(nro_estado + 1),1) from historico_estados_produccion WHERE cod_produccion=2
Save/Update: INSERT INTO historico_estados_produccion (nro_estado, comentario, cod_produccion, fechaDesde, fechaHasta, estado, borrado) VALUES (3 , 'comentario32', 2 ,  CAST('19/11/2012 19:38:20.312'  AS DateTime),  CAST('19/11/2012 19:38:20.312'  AS DateTime), 3 , 0 ); 
Save/Update: select * from historico_estados_produccion WHERE  historico_estados_produccion.nro_estado=3  AND  historico_estados_produccion.cod_produccion=2  
Save/Update: DELETE historico_estados_produccion WHERE nro_estado=3  AND cod_produccion=2  
Save/Update: select * from historico_estados_produccion WHERE  historico_estados_produccion.nro_estado=3  AND  historico_estados_produccion.cod_produccion=2</StdOut>
      </Output>
    </UnitTestResult>
    <UnitTestResult executionId="05e39056-1f0d-4c35-924f-b0db87d8e9c2" testId="a27af6eb-87dc-b90f-c4ca-d8cb1c7c2454" testName="calcularTimepoTrabajoTest2" computerName="DIEGO-PC" duration="00:00:00.0024116" startTime="2012-11-19T19:38:20.3263421-03:00" endTime="2012-11-19T19:38:20.3363427-03:00" testType="13cdc9d9-ddb5-4fa4-a97d-d965ccfc6d4b" outcome="Passed" testListId="8c84fa94-04c1-424b-9868-57a2d4851a1d" relativeResultsDirectory="05e39056-1f0d-4c35-924f-b0db87d8e9c2">
      <Output>
        <StdOut>Save/Update: DELETE produccion_operador WHERE id_operador=2  AND cod_prodcuccion=7  
Save/Update: DELETE historico_estados_produccion WHERE nro_estado=1  AND cod_produccion=7  
Save/Update: DELETE historico_estados_produccion WHERE nro_estado=2  AND cod_produccion=7  
Save/Update: DELETE produccion WHERE cod_produccion=7</StdOut>
      </Output>
    </UnitTestResult>
    <UnitTestResult executionId="2e343edf-a137-4e9b-b8c4-747e41f853d7" testId="a38bcda1-5217-b092-6b98-6582813fb5d1" testName="cargarUsuarioConRestriccionesTest" computerName="DIEGO-PC" duration="00:00:00.0559274" startTime="2012-11-19T19:38:20.3413429-03:00" endTime="2012-11-19T19:38:20.4023464-03:00" testType="13cdc9d9-ddb5-4fa4-a97d-d965ccfc6d4b" outcome="Passed" testListId="8c84fa94-04c1-424b-9868-57a2d4851a1d" relativeResultsDirectory="2e343edf-a137-4e9b-b8c4-747e41f853d7">
      <Output>
        <StdOut>Save/Update: select * from Usuario WHERE  Usuario.nombre LIKE '%bre1%'AND  Usuario.apellido LIKE '%ap%'AND  Usuario.mail LIKE '%@test%'AND  Usuario.telefonoFijo LIKE '%1-1%'AND  Usuario.telefonoMovil LIKE '%1-1%'; select * from JoinUsuarioToFamilia; select * from JoinPatenteToUsuario
Save/Update: DELETE JoinUsuarioToFamilia where usuarioID=6  ; DELETE JoinPatenteToUsuario where usuarioID=6  ; ;DELETE Usuario WHERE usuarioID=6  
Save/Update: UPDATE Usuario SET nombre='nombre5', apellido='apellido5', mail='mail5@test.com', password='pas5', telefonoFijo='5555-5555', telefonoMovil='5555-5555', bloqueado=0  WHERE usuarioID=5  ; DELETE JoinUsuarioToFamilia where usuarioID=5  ; DELETE JoinPatenteToUsuario where usuarioID=5  ;</StdOut>
      </Output>
    </UnitTestResult>
    <UnitTestResult executionId="557483ff-c6f7-4992-8d21-f45c5f4ceaa9" testId="a39c2fdb-3d54-d4f0-be49-3f4e350da31e" testName="listarProduccionPorMaquinaTest" computerName="DIEGO-PC" duration="00:00:00.0200529" startTime="2012-11-19T19:38:20.4073467-03:00" endTime="2012-11-19T19:38:20.4333482-03:00" testType="13cdc9d9-ddb5-4fa4-a97d-d965ccfc6d4b" outcome="Passed" testListId="8c84fa94-04c1-424b-9868-57a2d4851a1d" relativeResultsDirectory="557483ff-c6f7-4992-8d21-f45c5f4ceaa9">
      <Output>
        <StdOut>Save/Update: select * from produccion WHERE  produccion.cod_maquina=1  ; select * from historico_estados_produccion WHERE borrado = 0
Save/Update: select * from Pedido WHERE  Pedido.cod_pedido=1  ; select * from produccion WHERE borrado = 0; select * from historico_estados_pedido WHERE borrado = 0
Save/Update: select * from Maquina WHERE  Maquina.cod_maquina=1  ; select * from JoinMaquinaToTipoPrenda
Save/Update: select * from Articulos WHERE  Articulos.cod_articulo=1  ; select * from lista_precios WHERE borrado = 0
Save/Update: select * from EstadoTrabajos WHERE  EstadoTrabajos.cod_estado=3  
Save/Update: select * from historico_estados_produccion WHERE  historico_estados_produccion.cod_produccion=1  
Save/Update: select * from produccion_operador WHERE  produccion_operador.cod_prodcuccion=1  
Save/Update: select * from Pedido WHERE  Pedido.cod_pedido=1  ; select * from produccion WHERE borrado = 0; select * from historico_estados_pedido WHERE borrado = 0
Save/Update: select * from Maquina WHERE  Maquina.cod_maquina=1  ; select * from JoinMaquinaToTipoPrenda
Save/Update: select * from Articulos WHERE  Articulos.cod_articulo=2  ; select * from lista_precios WHERE borrado = 0
Save/Update: select * from EstadoTrabajos WHERE  EstadoTrabajos.cod_estado=2  
Save/Update: select * from historico_estados_produccion WHERE  historico_estados_produccion.cod_produccion=2  
Save/Update: select * from produccion_operador WHERE  produccion_operador.cod_prodcuccion=2  
Save/Update: select * from Pedido WHERE  Pedido.cod_pedido=2  ; select * from produccion WHERE borrado = 0; select * from historico_estados_pedido WHERE borrado = 0
Save/Update: select * from Maquina WHERE  Maquina.cod_maquina=1  ; select * from JoinMaquinaToTipoPrenda
Save/Update: select * from Articulos WHERE  Articulos.cod_articulo=6  ; select * from lista_precios WHERE borrado = 0
Save/Update: select * from EstadoTrabajos WHERE  EstadoTrabajos.cod_estado=0  
Save/Update: select * from historico_estados_produccion WHERE  historico_estados_produccion.cod_produccion=5  
Save/Update: select * from produccion_operador WHERE  produccion_operador.cod_prodcuccion=5  
Save/Update: DELETE produccion_operador WHERE id_operador=2  AND cod_prodcuccion=7  
Save/Update: DELETE historico_estados_produccion WHERE nro_estado=1  AND cod_produccion=7  
Save/Update: DELETE historico_estados_produccion WHERE nro_estado=2  AND cod_produccion=7  
Save/Update: DELETE produccion WHERE cod_produccion=7</StdOut>
      </Output>
    </UnitTestResult>
    <UnitTestResult executionId="753fd3e5-ac40-4439-a8f6-d6ba3ce26288" testId="a472a839-6eaa-12b1-21fb-e977ec47cce0" testName="borrarPrendaTest" computerName="DIEGO-PC" duration="00:00:00.0043594" startTime="2012-11-19T19:38:20.4383485-03:00" endTime="2012-11-19T19:38:20.4493491-03:00" testType="13cdc9d9-ddb5-4fa4-a97d-d965ccfc6d4b" outcome="Passed" testListId="8c84fa94-04c1-424b-9868-57a2d4851a1d" relativeResultsDirectory="753fd3e5-ac40-4439-a8f6-d6ba3ce26288">
      <Output>
        <StdOut>Save/Update: INSERT INTO TipoPrenda (tipo_prenda, descripcion) VALUES (5 , 'gorro'); 
Save/Update: select * from TipoPrenda WHERE  TipoPrenda.tipo_prenda=5  
Save/Update: DELETE TipoPrenda WHERE tipo_prenda=5  
Save/Update: select * from TipoPrenda WHERE  TipoPrenda.tipo_prenda=5</StdOut>
      </Output>
    </UnitTestResult>
    <UnitTestResult executionId="e82c319b-7af0-4543-86dd-caad3dc8755e" testId="a4e8ed3d-c4ae-1ca8-df36-ee362c8b196a" testName="cargarClienteTest" computerName="DIEGO-PC" duration="00:00:00.0075740" startTime="2012-11-19T19:38:20.4593497-03:00" endTime="2012-11-19T19:38:20.4733505-03:00" testType="13cdc9d9-ddb5-4fa4-a97d-d965ccfc6d4b" outcome="Passed" testListId="8c84fa94-04c1-424b-9868-57a2d4851a1d" relativeResultsDirectory="e82c319b-7af0-4543-86dd-caad3dc8755e">
      <Output>
        <StdOut>Save/Update: select * from Cliente WHERE  Cliente.id_cliente=1  ; select * from cliente_movimientos; select * from Pedido WHERE borrado = 0; select * from Factura WHERE borrado = 0; select * from Diseño WHERE borrado = 0</StdOut>
      </Output>
    </UnitTestResult>
    <UnitTestResult executionId="ce75001c-202f-4508-8ae7-e436b42fbe54" testId="a517dabf-4b66-5f3c-ac24-0d2164897c8e" testName="listarPedidosTest" computerName="DIEGO-PC" duration="00:00:00.0235288" startTime="2012-11-19T19:38:20.4813510-03:00" endTime="2012-11-19T19:38:20.5123527-03:00" testType="13cdc9d9-ddb5-4fa4-a97d-d965ccfc6d4b" outcome="Passed" testListId="8c84fa94-04c1-424b-9868-57a2d4851a1d" relativeResultsDirectory="ce75001c-202f-4508-8ae7-e436b42fbe54">
      <Output>
        <StdOut>Save/Update: select * from Pedido; select * from produccion WHERE borrado = 0; select * from historico_estados_pedido WHERE borrado = 0
Save/Update: select * from historico_estados_pedido WHERE  historico_estados_pedido.cod_pedido=1  
Save/Update: select * from tipoPedido WHERE  tipoPedido.tipo_pedido=1  
Save/Update: select * from produccion WHERE  produccion.cod_pedido=1  ; select * from historico_estados_produccion WHERE borrado = 0
Save/Update: select * from Cliente WHERE  Cliente.id_cliente=1  ; select * from cliente_movimientos; select * from Pedido WHERE borrado = 0; select * from Factura WHERE borrado = 0; select * from Diseño WHERE borrado = 0
Save/Update: select * from EstadoPedido WHERE  EstadoPedido.estado_pedido=3  
Save/Update: select * from historico_estados_pedido WHERE  historico_estados_pedido.cod_pedido=2  
Save/Update: select * from tipoPedido WHERE  tipoPedido.tipo_pedido=2  
Save/Update: select * from produccion WHERE  produccion.cod_pedido=2  ; select * from historico_estados_produccion WHERE borrado = 0
Save/Update: select * from Cliente WHERE  Cliente.id_cliente=2  ; select * from cliente_movimientos; select * from Pedido WHERE borrado = 0; select * from Factura WHERE borrado = 0; select * from Diseño WHERE borrado = 0
Save/Update: select * from EstadoPedido WHERE  EstadoPedido.estado_pedido=3  
Save/Update: select * from historico_estados_pedido WHERE  historico_estados_pedido.cod_pedido=3  
Save/Update: select * from tipoPedido WHERE  tipoPedido.tipo_pedido=2  
Save/Update: select * from produccion WHERE  produccion.cod_pedido=3  ; select * from historico_estados_produccion WHERE borrado = 0
Save/Update: select * from Cliente WHERE  Cliente.id_cliente=1  ; select * from cliente_movimientos; select * from Pedido WHERE borrado = 0; select * from Factura WHERE borrado = 0; select * from Diseño WHERE borrado = 0
Save/Update: select * from EstadoPedido WHERE  EstadoPedido.estado_pedido=0  
Save/Update: select * from historico_estados_pedido WHERE  historico_estados_pedido.cod_pedido=4  
Save/Update: select * from tipoPedido WHERE  tipoPedido.tipo_pedido=1  
Save/Update: select * from produccion WHERE  produccion.cod_pedido=4  ; select * from historico_estados_produccion WHERE borrado = 0
Save/Update: select * from Cliente WHERE  Cliente.id_cliente=1  ; select * from cliente_movimientos; select * from Pedido WHERE borrado = 0; select * from Factura WHERE borrado = 0; select * from Diseño WHERE borrado = 0
Save/Update: select * from EstadoPedido WHERE  EstadoPedido.estado_pedido=0  
Save/Update: DELETE historico_estados_pedido WHERE nro_estado=1  AND cod_pedido=5  
Save/Update: DELETE historico_estados_pedido WHERE nro_estado=2  AND cod_pedido=5  
Save/Update: DELETE produccion WHERE cod_produccion=7  
Save/Update: DELETE Pedido WHERE cod_pedido=5</StdOut>
      </Output>
    </UnitTestResult>
    <UnitTestResult executionId="c37b8aca-b7eb-466a-8e13-73e572ab1c91" testId="a5adf3df-a9f8-2832-66ba-f690ea4581d6" testName="buscarTipoCuentaPorIdTest" computerName="DIEGO-PC" duration="00:00:00.0027829" startTime="2012-11-19T19:38:20.5183531-03:00" endTime="2012-11-19T19:38:20.5273536-03:00" testType="13cdc9d9-ddb5-4fa4-a97d-d965ccfc6d4b" outcome="Passed" testListId="8c84fa94-04c1-424b-9868-57a2d4851a1d" relativeResultsDirectory="c37b8aca-b7eb-466a-8e13-73e572ab1c91">
      <Output>
        <StdOut>Save/Update: select * from Cuenta WHERE  Cuenta.cuentaID=1</StdOut>
      </Output>
    </UnitTestResult>
    <UnitTestResult executionId="485515e4-8132-4dc4-8012-ec4063e58cf6" testId="a5c2a138-5bc5-66da-7c2e-bc96b13a556b" testName="bloquearUsuarioTest" computerName="DIEGO-PC" duration="00:00:00.0173165" startTime="2012-11-19T19:38:20.5303538-03:00" endTime="2012-11-19T19:38:20.5533551-03:00" testType="13cdc9d9-ddb5-4fa4-a97d-d965ccfc6d4b" outcome="Passed" testListId="8c84fa94-04c1-424b-9868-57a2d4851a1d" relativeResultsDirectory="485515e4-8132-4dc4-8012-ec4063e58cf6">
      <Output>
        <StdOut>Save/Update: select * from Usuario WHERE  Usuario.usuarioID=1  ; select * from JoinUsuarioToFamilia; select * from JoinPatenteToUsuario
Save/Update: select * from Familia JOIN JoinUsuarioToFamilia AS usuarios ON Familia.familiaID=usuarios.familiaID WHERE usuarios.usuarioID=1  ; select * from JoinFamiliaToPatente
Save/Update: select * from Patente JOIN JoinPatenteToUsuario AS usuario ON Patente.patenteId=usuario.patenteId WHERE usuario.usuarioID=1  
Save/Update: select * from Cliente WHERE  Cliente.usuarioID=1  ; select * from cliente_movimientos; select * from Pedido WHERE borrado = 0; select * from Factura WHERE borrado = 0; select * from Diseño WHERE borrado = 0
Save/Update: UPDATE Usuario SET nombre='nombre1', apellido='apellido1', mail='mail1@test.com', password='44', telefonoFijo='1111-1111', telefonoMovil='1111-1111', bloqueado=1  WHERE usuarioID=1  ; DELETE JoinUsuarioToFamilia where usuarioID=1  ; DELETE JoinPatenteToUsuario where usuarioID=1  ;  INSERT INTO JoinPatenteToUsuario ( usuarioID, patenteId) VALUES ( 1 , 1 ); 
Save/Update: select * from Usuario WHERE  Usuario.usuarioID=1  ; select * from JoinUsuarioToFamilia; select * from JoinPatenteToUsuario
Save/Update: select * from Familia JOIN JoinUsuarioToFamilia AS usuarios ON Familia.familiaID=usuarios.familiaID WHERE usuarios.usuarioID=1  ; select * from JoinFamiliaToPatente
Save/Update: select * from Patente JOIN JoinPatenteToUsuario AS usuario ON Patente.patenteId=usuario.patenteId WHERE usuario.usuarioID=1  
Save/Update: select * from Cliente WHERE  Cliente.usuarioID=1  ; select * from cliente_movimientos; select * from Pedido WHERE borrado = 0; select * from Factura WHERE borrado = 0; select * from Diseño WHERE borrado = 0
Save/Update: UPDATE Usuario SET nombre='nombre1', apellido='apellido1', mail='mail1@test.com', password='44', telefonoFijo='1111-1111', telefonoMovil='1111-1111', bloqueado=1  WHERE usuarioID=1  ; DELETE JoinUsuarioToFamilia where usuarioID=1  ; DELETE JoinPatenteToUsuario where usuarioID=1  ;  INSERT INTO JoinPatenteToUsuario ( usuarioID, patenteId) VALUES ( 1 , 1 ); 
Save/Update: UPDATE Usuario SET nombre='nombre1', apellido='apellido1', mail='mail1@test.com', password='11C8', telefonoFijo='1111-1111', telefonoMovil='1111-1111', bloqueado=0  WHERE usuarioID=1  ; DELETE JoinUsuarioToFamilia where usuarioID=1  ; DELETE JoinPatenteToUsuario where usuarioID=1  ; 
Save/Update: UPDATE Cliente SET habitadoTurnos=1 , newsletter=0  WHERE id_cliente=1  ; UPDATE Pedido SET borrado=1 WHERE id_cliente=1  ; UPDATE Factura SET borrado=1 WHERE id_cliente=1  ; UPDATE Diseño SET borrado=1 WHERE id_cliente=1  ; 
Save/Update:  UPDATE factura set borrado = 0 
Save/Update:  UPDATE diseño set borrado = 0 
Save/Update:  UPDATE pedido set borrado = 0 
Save/Update:  Insert into JoinPatenteToUsuario values (1,1)</StdOut>
      </Output>
    </UnitTestResult>
    <UnitTestResult executionId="66e6b0c2-6d8b-4e31-bc48-9f8e645b3352" testId="a5daaf00-a7ab-4dce-b449-0d5879de0266" testName="cargarTest" computerName="DIEGO-PC" duration="00:00:00.0040148" startTime="2012-11-19T19:38:20.5593554-03:00" endTime="2012-11-19T19:38:20.5703560-03:00" testType="13cdc9d9-ddb5-4fa4-a97d-d965ccfc6d4b" outcome="Passed" testListId="8c84fa94-04c1-424b-9868-57a2d4851a1d" relativeResultsDirectory="66e6b0c2-6d8b-4e31-bc48-9f8e645b3352">
      <Output>
        <StdOut>Save/Update: select * from Mensaje</StdOut>
      </Output>
    </UnitTestResult>
    <UnitTestResult executionId="3539e31a-88ac-468e-be21-515f045157d1" testId="a6894dd2-dcf0-7e92-7a7b-7a5aa8466339" testName="cargarFamiliaPorIdTest" computerName="DIEGO-PC" duration="00:00:00.0030991" startTime="2012-11-19T19:38:20.5723562-03:00" endTime="2012-11-19T19:38:20.5813567-03:00" testType="13cdc9d9-ddb5-4fa4-a97d-d965ccfc6d4b" outcome="Passed" testListId="8c84fa94-04c1-424b-9868-57a2d4851a1d" relativeResultsDirectory="3539e31a-88ac-468e-be21-515f045157d1">
      <Output>
        <StdOut>Save/Update: select * from Familia WHERE  Familia.familiaID=6  ; select * from JoinFamiliaToPatente
Save/Update: select * from Patente JOIN JoinFamiliaToPatente AS familia ON Patente.patenteId=familia.patenteId WHERE familia.familiaID=6</StdOut>
      </Output>
    </UnitTestResult>
    <UnitTestResult executionId="319ef48d-4736-4c3d-920d-9fbc603a640b" testId="a6fd86e1-4eca-846a-5e19-70da718a6391" testName="buscarNewsletterPorNombreTest" computerName="DIEGO-PC" duration="00:00:00.0033264" startTime="2012-11-19T19:38:20.5833568-03:00" endTime="2012-11-19T19:38:20.5943574-03:00" testType="13cdc9d9-ddb5-4fa4-a97d-d965ccfc6d4b" outcome="Passed" testListId="8c84fa94-04c1-424b-9868-57a2d4851a1d" relativeResultsDirectory="319ef48d-4736-4c3d-920d-9fbc603a640b">
      <Output>
        <StdOut>Save/Update: select * from newsletter WHERE  newsletter.nombre='news1'</StdOut>
      </Output>
    </UnitTestResult>
    <UnitTestResult executionId="480dbd62-65f1-483a-b803-c1966934dff9" testId="a77c41d3-5bba-1c1e-e81f-7a02217342bf" testName="buscarPrimerosHuecosMaquinaTest4" computerName="DIEGO-PC" duration="00:00:00.0135675" startTime="2012-11-19T19:38:20.5963575-03:00" endTime="2012-11-19T19:38:20.6163587-03:00" testType="13cdc9d9-ddb5-4fa4-a97d-d965ccfc6d4b" outcome="Passed" testListId="8c84fa94-04c1-424b-9868-57a2d4851a1d" relativeResultsDirectory="480dbd62-65f1-483a-b803-c1966934dff9">
      <Output>
        <StdOut>Save/Update: select * from produccion WHERE  produccion.cod_maquina=3  AND  produccion.fechaFinal&gt;= CAST('09/10/2012 11:00:00.000'  AS DateTime) ; select * from historico_estados_produccion WHERE borrado = 0
Save/Update: select * from Pedido WHERE  Pedido.cod_pedido=2  ; select * from produccion WHERE borrado = 0; select * from historico_estados_pedido WHERE borrado = 0
Save/Update: select * from Maquina WHERE  Maquina.cod_maquina=3  ; select * from JoinMaquinaToTipoPrenda
Save/Update: select * from Articulos WHERE  Articulos.cod_articulo=5  ; select * from lista_precios WHERE borrado = 0
Save/Update: select * from EstadoTrabajos WHERE  EstadoTrabajos.cod_estado=0  
Save/Update: select * from historico_estados_produccion WHERE  historico_estados_produccion.cod_produccion=4  
Save/Update: select * from produccion_operador WHERE  produccion_operador.cod_prodcuccion=4  
Save/Update: select * from Pedido WHERE  Pedido.cod_pedido=3  ; select * from produccion WHERE borrado = 0; select * from historico_estados_pedido WHERE borrado = 0
Save/Update: select * from Maquina WHERE  Maquina.cod_maquina=3  ; select * from JoinMaquinaToTipoPrenda
Save/Update: select * from Articulos WHERE  Articulos.cod_articulo=4  ; select * from lista_precios WHERE borrado = 0
Save/Update: select * from EstadoTrabajos WHERE  EstadoTrabajos.cod_estado=0  
Save/Update: select * from historico_estados_produccion WHERE  historico_estados_produccion.cod_produccion=6  
Save/Update: select * from produccion_operador WHERE  produccion_operador.cod_prodcuccion=6  
Save/Update: select * from produccion WHERE  produccion.cod_maquina=3  AND  produccion.fechaInicio&gt;= CAST('12/10/2012 13:00:00.000'  AS DateTime) ; select * from historico_estados_produccion WHERE borrado = 0
Save/Update: select * from Pedido WHERE  Pedido.cod_pedido=3  ; select * from produccion WHERE borrado = 0; select * from historico_estados_pedido WHERE borrado = 0
Save/Update: select * from Maquina WHERE  Maquina.cod_maquina=3  ; select * from JoinMaquinaToTipoPrenda
Save/Update: select * from Articulos WHERE  Articulos.cod_articulo=4  ; select * from lista_precios WHERE borrado = 0
Save/Update: select * from EstadoTrabajos WHERE  EstadoTrabajos.cod_estado=0  
Save/Update: select * from historico_estados_produccion WHERE  historico_estados_produccion.cod_produccion=6  
Save/Update: select * from produccion_operador WHERE  produccion_operador.cod_prodcuccion=6  
Save/Update: select * from produccion WHERE  produccion.cod_maquina=3  AND  produccion.fechaInicio&gt;= CAST('15/10/2012 18:00:00.000'  AS DateTime) ; select * from historico_estados_produccion WHERE borrado = 0
Save/Update: DELETE produccion_operador WHERE id_operador=2  AND cod_prodcuccion=7  
Save/Update: DELETE historico_estados_produccion WHERE nro_estado=1  AND cod_produccion=7  
Save/Update: DELETE historico_estados_produccion WHERE nro_estado=2  AND cod_produccion=7  
Save/Update: DELETE produccion WHERE cod_produccion=7</StdOut>
      </Output>
    </UnitTestResult>
    <UnitTestResult executionId="b45e1386-99fc-413e-904e-3899f893b508" testId="a80088bc-1bb3-9447-8317-64a7363d3cfe" testName="actualizarPedidoTest" computerName="DIEGO-PC" duration="00:00:05.5234722" startTime="2012-11-19T19:38:20.6203589-03:00" endTime="2012-11-19T19:38:26.1526753-03:00" testType="13cdc9d9-ddb5-4fa4-a97d-d965ccfc6d4b" outcome="Passed" testListId="8c84fa94-04c1-424b-9868-57a2d4851a1d" relativeResultsDirectory="b45e1386-99fc-413e-904e-3899f893b508">
      <Output>
        <StdOut>Save/Update: SELECT  ISNULL(MAX(cod_pedido + 1),1) from Pedido
Save/Update: INSERT INTO Pedido (cod_pedido, comentario, id_cliente, tipo_pedido, estadoActual, fechaInicio, fechaFinal, borrado) VALUES (5 , 'comentario test', 2 , 2 , 2 ,  CAST('19/11/2012 19:38:20.629'  AS DateTime),  NULL , 0 ); UPDATE produccion SET borrado=1 WHERE cod_pedido=5  ; UPDATE historico_estados_pedido SET borrado=1 WHERE cod_pedido=5  ; 
Save/Update: SELECT  ISNULL(MAX(cod_produccion + 1),1) from produccion
Save/Update: INSERT INTO produccion (cod_produccion, comentario, cod_pedido, cod_maquina, cod_articulo, cantidad, estadoActual, utilizacion, fechaInicio, fechaFinal, borrado) VALUES (7 , 'com1', 5 , 2 , 1 , 10 , 1 , 1,  CAST('19/11/2012 19:38:20.629'  AS DateTime),  NULL , 0 ); UPDATE historico_estados_produccion SET borrado=1 WHERE cod_produccion=7  ; 
Save/Update: UPDATE Pedido SET comentario='comentario test', id_cliente=2 , tipo_pedido=2 , estadoActual=2 , fechaInicio= CAST('19/11/2012 19:38:20.629'  AS DateTime), fechaFinal= NULL , borrado=0  WHERE cod_pedido=5  ; UPDATE produccion SET borrado=1 WHERE cod_pedido=5  ; UPDATE historico_estados_pedido SET borrado=1 WHERE cod_pedido=5  ; 
Save/Update: SELECT  ISNULL(MAX(nro_estado + 1),1) from historico_estados_pedido WHERE cod_pedido=5
Save/Update: INSERT INTO historico_estados_pedido (nro_estado, comentario, cod_pedido, fechaDesde, fechaHasta, estado, borrado) VALUES (1 , '', 5 ,  CAST('19/11/2012 19:38:20.632'  AS DateTime),  NULL , 2 , 0 ); 
Save/Update: UPDATE produccion SET comentario='com1', cod_pedido=5 , cod_maquina=2 , cod_articulo=1 , cantidad=10 , estadoActual=1 , utilizacion=1, fechaInicio= CAST('19/11/2012 19:38:20.629'  AS DateTime), fechaFinal= NULL , borrado=0  WHERE cod_produccion=7  ; UPDATE historico_estados_produccion SET borrado=1 WHERE cod_produccion=7  ; 
Save/Update: select * from Pedido WHERE  Pedido.cod_pedido=5  ; select * from produccion WHERE borrado = 0; select * from historico_estados_pedido WHERE borrado = 0
Save/Update: select * from historico_estados_pedido WHERE  historico_estados_pedido.cod_pedido=5  
Save/Update: select * from tipoPedido WHERE  tipoPedido.tipo_pedido=2  
Save/Update: select * from produccion WHERE  produccion.cod_pedido=5  ; select * from historico_estados_produccion WHERE borrado = 0
Save/Update: select * from Cliente WHERE  Cliente.id_cliente=2  ; select * from cliente_movimientos; select * from Pedido WHERE borrado = 0; select * from Factura WHERE borrado = 0; select * from Diseño WHERE borrado = 0
Save/Update: select * from EstadoPedido WHERE  EstadoPedido.estado_pedido=2  
Save/Update: select * from Usuario WHERE  Usuario.usuarioID=2  ; select * from JoinUsuarioToFamilia; select * from JoinPatenteToUsuario
Save/Update: select * from Familia JOIN JoinUsuarioToFamilia AS usuarios ON Familia.familiaID=usuarios.familiaID WHERE usuarios.usuarioID=2  ; select * from JoinFamiliaToPatente
Save/Update: select * from Patente JOIN JoinFamiliaToPatente AS familia ON Patente.patenteId=familia.patenteId WHERE familia.familiaID=2  
Save/Update: select * from Patente JOIN JoinPatenteToUsuario AS usuario ON Patente.patenteId=usuario.patenteId WHERE usuario.usuarioID=2  
Save/Update: select * from Cliente WHERE  Cliente.usuarioID=2  ; select * from cliente_movimientos; select * from Pedido WHERE borrado = 0; select * from Factura WHERE borrado = 0; select * from Diseño WHERE borrado = 0
Save/Update: select * from newsletter WHERE  newsletter.id=1  
Save/Update: select * from produccion WHERE  produccion.cod_produccion=7  ; select * from historico_estados_produccion WHERE borrado = 0
Save/Update: select * from Pedido WHERE  Pedido.cod_pedido=5  ; select * from produccion WHERE borrado = 0; select * from historico_estados_pedido WHERE borrado = 0
Save/Update: select * from Maquina WHERE  Maquina.cod_maquina=2  ; select * from JoinMaquinaToTipoPrenda
Save/Update: select * from Articulos WHERE  Articulos.cod_articulo=1  ; select * from lista_precios WHERE borrado = 0
Save/Update: select * from EstadoTrabajos WHERE  EstadoTrabajos.cod_estado=1  
Save/Update: select * from historico_estados_produccion WHERE  historico_estados_produccion.cod_produccion=7  
Save/Update: select * from produccion_operador WHERE  produccion_operador.cod_prodcuccion=7  
Save/Update: select * from newsletter WHERE  newsletter.id=2  
Save/Update: select * from Articulos WHERE  Articulos.cod_articulo=1  ; select * from lista_precios WHERE borrado = 0
Save/Update: select * from lista_precios WHERE  lista_precios.cod_articulo=1  
Save/Update: select * from TipoPrenda WHERE  TipoPrenda.tipo_prenda=1  
Save/Update: select * from Diseño WHERE  Diseño.cod_diseño=1  ; select * from historico_estados_diseño WHERE borrado = 0
Save/Update: select * from Pedido WHERE  Pedido.cod_pedido=5  ; select * from produccion WHERE borrado = 0; select * from historico_estados_pedido WHERE borrado = 0
Save/Update: select * from historico_estados_pedido WHERE  historico_estados_pedido.cod_pedido=5  
Save/Update: select * from tipoPedido WHERE  tipoPedido.tipo_pedido=2  
Save/Update: select * from produccion WHERE  produccion.cod_pedido=5  ; select * from historico_estados_produccion WHERE borrado = 0
Save/Update: select * from Cliente WHERE  Cliente.id_cliente=2  ; select * from cliente_movimientos; select * from Pedido WHERE borrado = 0; select * from Factura WHERE borrado = 0; select * from Diseño WHERE borrado = 0
Save/Update: select * from EstadoPedido WHERE  EstadoPedido.estado_pedido=2  
Save/Update: UPDATE Pedido SET comentario='comentario Modificado', id_cliente=2 , tipo_pedido=2 , estadoActual=3 , fechaInicio= CAST('19/11/2012 19:38:20.630'  AS DateTime), fechaFinal= CAST('10/10/2012 00:00:00.000'  AS DateTime), borrado=0  WHERE cod_pedido=5  ; UPDATE produccion SET borrado=1 WHERE cod_pedido=5  ; UPDATE historico_estados_pedido SET borrado=1 WHERE cod_pedido=5  ; 
Save/Update: UPDATE historico_estados_pedido SET comentario='', fechaDesde= CAST('19/11/2012 19:38:20.633'  AS DateTime), fechaHasta= CAST('10/10/2012 00:00:00.000'  AS DateTime), estado=2 , borrado=0  WHERE nro_estado=1  AND cod_pedido=5  ; 
Save/Update: SELECT  ISNULL(MAX(nro_estado + 1),1) from historico_estados_pedido WHERE cod_pedido=5
Save/Update: INSERT INTO historico_estados_pedido (nro_estado, comentario, cod_pedido, fechaDesde, fechaHasta, estado, borrado) VALUES (2 , 'com', 5 ,  CAST('19/11/2012 19:38:26.129'  AS DateTime),  NULL , 2 , 0 ); 
Save/Update: UPDATE produccion SET comentario='com1', cod_pedido=5 , cod_maquina=2 , cod_articulo=1 , cantidad=10 , estadoActual=1 , utilizacion=1, fechaInicio= CAST('19/11/2012 19:38:20.630'  AS DateTime), fechaFinal= CAST('10/10/2012 00:00:00.000'  AS DateTime), borrado=0  WHERE cod_produccion=7  ; UPDATE historico_estados_produccion SET borrado=1 WHERE cod_produccion=7  ; 
Save/Update: select * from Pedido WHERE  Pedido.cod_pedido=5  ; select * from produccion WHERE borrado = 0; select * from historico_estados_pedido WHERE borrado = 0
Save/Update: select * from historico_estados_pedido WHERE  historico_estados_pedido.cod_pedido=5  
Save/Update: select * from tipoPedido WHERE  tipoPedido.tipo_pedido=2  
Save/Update: select * from produccion WHERE  produccion.cod_pedido=5  ; select * from historico_estados_produccion WHERE borrado = 0
Save/Update: select * from Cliente WHERE  Cliente.id_cliente=2  ; select * from cliente_movimientos; select * from Pedido WHERE borrado = 0; select * from Factura WHERE borrado = 0; select * from Diseño WHERE borrado = 0
Save/Update: select * from EstadoPedido WHERE  EstadoPedido.estado_pedido=3  
Save/Update: DELETE historico_estados_pedido WHERE nro_estado=1  AND cod_pedido=5  
Save/Update: DELETE historico_estados_pedido WHERE nro_estado=2  AND cod_pedido=5  
Save/Update: DELETE produccion WHERE cod_produccion=7  
Save/Update: DELETE Pedido WHERE cod_pedido=5</StdOut>
      </Output>
    </UnitTestResult>
    <UnitTestResult executionId="3f136465-75c9-4607-98c8-1bc71a9cf65f" testId="a835695f-f8af-58f4-71d0-57d24fa7d90f" testName="buscarOpinionPorCriterioTest" computerName="DIEGO-PC" duration="00:00:00.0032290" startTime="2012-11-19T19:38:26.1586757-03:00" endTime="2012-11-19T19:38:26.1736765-03:00" testType="13cdc9d9-ddb5-4fa4-a97d-d965ccfc6d4b" outcome="Passed" testListId="8c84fa94-04c1-424b-9868-57a2d4851a1d" relativeResultsDirectory="3f136465-75c9-4607-98c8-1bc71a9cf65f">
      <Output>
        <StdOut>Save/Update: select * from opiniones WHERE  opiniones.id=1  AND  opiniones.nombre='nombre1' AND  opiniones.mail='mail1@test.com' AND  opiniones.opinion='opinion1'</StdOut>
      </Output>
    </UnitTestResult>
    <UnitTestResult executionId="bf8a3b0e-d791-4cc5-9180-b3bc17084616" testId="a85e6fd4-de45-4652-f9ef-c22afc1ca0bf" testName="actualizarTest" computerName="DIEGO-PC" duration="00:00:00.0066030" startTime="2012-11-19T19:38:26.1826771-03:00" endTime="2012-11-19T19:38:26.1986780-03:00" testType="13cdc9d9-ddb5-4fa4-a97d-d965ccfc6d4b" outcome="Passed" testListId="8c84fa94-04c1-424b-9868-57a2d4851a1d" relativeResultsDirectory="bf8a3b0e-d791-4cc5-9180-b3bc17084616">
      <Output>
        <StdOut>Save/Update: UPDATE Proveedor SET nombre='nombre1modificado', telefono='15-1111-1111', direccion='direccion 1 modificado' WHERE id_proveedor=1  ; 
Save/Update: select * from Proveedor WHERE  Proveedor.id_proveedor=1  
Save/Update: select * from OrdenDeCompra WHERE  OrdenDeCompra.id_proveedor=1  ; select * from documento_movimiento; select * from LineaOrdenDeCompra WHERE borrado = 0
Save/Update: delete OrdenDeCompra where nro_doc=5
Save/Update: delete documento where nro_doc=5
Save/Update: DELETE Proveedor WHERE id_proveedor=4  
Save/Update: UPDATE Proveedor SET nombre='nombre1', telefono='1111-1111', direccion='direccion 1' WHERE id_proveedor=1  ;</StdOut>
      </Output>
    </UnitTestResult>
    <UnitTestResult executionId="c9841dd1-23ea-4ce1-952b-0e54a2ccb4d6" testId="a8a939dd-3559-39c4-d3e6-695f82176ab4" testName="modificarHistoricoEstadosTest" computerName="DIEGO-PC" duration="00:00:00.0058399" startTime="2012-11-19T19:38:26.2046783-03:00" endTime="2012-11-19T19:38:26.2176791-03:00" testType="13cdc9d9-ddb5-4fa4-a97d-d965ccfc6d4b" outcome="Passed" testListId="8c84fa94-04c1-424b-9868-57a2d4851a1d" relativeResultsDirectory="c9841dd1-23ea-4ce1-952b-0e54a2ccb4d6">
      <Output>
        <StdOut>Save/Update: select * from historico_estados_pedido WHERE  historico_estados_pedido.nro_estado=1  AND  historico_estados_pedido.cod_pedido=1  
Save/Update: UPDATE historico_estados_pedido SET comentario='comentarioModificado', fechaDesde= CAST('11/09/2012 13:00:00.000'  AS DateTime), fechaHasta= CAST('11/09/2012 14:00:00.000'  AS DateTime), estado=1 , borrado=0  WHERE nro_estado=1  AND cod_pedido=1  ; 
Save/Update: select * from historico_estados_pedido WHERE  historico_estados_pedido.nro_estado=1  AND  historico_estados_pedido.cod_pedido=1  
Save/Update: UPDATE historico_estados_pedido SET comentario='comentario 11', fechaDesde= CAST('11/09/2012 13:00:00.000'  AS DateTime), fechaHasta= CAST('11/09/2012 14:00:00.000'  AS DateTime), estado=1 , borrado=0  WHERE nro_estado=1  AND cod_pedido=1  ;</StdOut>
      </Output>
    </UnitTestResult>
    <UnitTestResult executionId="69f96f87-7736-44b4-bb16-9ed78994b54d" testId="a8b0ac8d-b3ff-6693-a29b-869418f5d04f" testName="cargarMaquinasTest" computerName="DIEGO-PC" duration="00:00:00.0054794" startTime="2012-11-19T19:38:26.2236794-03:00" endTime="2012-11-19T19:38:26.2366801-03:00" testType="13cdc9d9-ddb5-4fa4-a97d-d965ccfc6d4b" outcome="Passed" testListId="8c84fa94-04c1-424b-9868-57a2d4851a1d" relativeResultsDirectory="69f96f87-7736-44b4-bb16-9ed78994b54d">
      <Output>
        <StdOut>Save/Update: select * from Maquina; select * from JoinMaquinaToTipoPrenda
Save/Update: DELETE JoinMaquinaToTipoPrenda where cod_maquina=4  ; ;DELETE Maquina WHERE cod_maquina=4</StdOut>
      </Output>
    </UnitTestResult>
    <UnitTestResult executionId="52672d2c-4e33-4d1b-a0a3-394128fe3a8a" testId="a914285b-c2e0-dbc2-f99c-c0b34bf25408" testName="GrabarDiseñoTest" computerName="DIEGO-PC" duration="00:00:00.0445138" startTime="2012-11-19T19:38:26.2416804-03:00" endTime="2012-11-19T19:38:26.2926833-03:00" testType="13cdc9d9-ddb5-4fa4-a97d-d965ccfc6d4b" outcome="Passed" testListId="8c84fa94-04c1-424b-9868-57a2d4851a1d" relativeResultsDirectory="52672d2c-4e33-4d1b-a0a3-394128fe3a8a">
      <Output>
        <StdOut>Save/Update: SELECT  ISNULL(MAX(cod_diseño + 1),1) from Diseño
Save/Update: INSERT INTO Diseño (cod_diseño, nombre, puntadas, alto, ancho, id_cliente, estadoActual, pathImagen, pathDetalle, pathArchivoEditable, pathArchivoFinal, borrado) VALUES (3 , 'diseño3', 3333 , 33 , 33 , 1 , 2 , '/cliente1/imagen/diseño1.jpg', '/cliente1/detalle/diseño1.jpg', '/cliente1/diseñoEditable/diseño1.jpg', '/cliente1/diseño/diseño1.jpg', 0 ); UPDATE historico_estados_diseño SET borrado=1 WHERE cod_diseño=3  ; 
Save/Update: INSERT INTO Diseño_insumos (cod_diseño, cod_insumo, cantidad) VALUES (3 , 1 , 3); 
Save/Update: select * from Diseño WHERE  Diseño.cod_diseño=3  ; select * from historico_estados_diseño WHERE borrado = 0
Save/Update: select * from Cliente WHERE  Cliente.id_cliente=1  ; select * from cliente_movimientos; select * from Pedido WHERE borrado = 0; select * from Factura WHERE borrado = 0; select * from Diseño WHERE borrado = 0
Save/Update: select * from Usuario WHERE  Usuario.usuarioID=1  ; select * from JoinUsuarioToFamilia; select * from JoinPatenteToUsuario
Save/Update: select * from Diseño_insumos WHERE  Diseño_insumos.cod_diseño=3  
Save/Update: select * from historico_estados_diseño WHERE  historico_estados_diseño.cod_diseño=3  
Save/Update: select * from EstadoDiseños WHERE  EstadoDiseños.estado=2  
Save/Update: DELETE FROM Diseño_insumos where cod_diseño=3
Save/Update: DELETE FROM historico_estados_diseño where cod_diseño=3
Save/Update: DELETE Diseño WHERE cod_diseño=3</StdOut>
      </Output>
    </UnitTestResult>
    <UnitTestResult executionId="6078a2a1-454f-422b-ada6-e0ef9edd6c9b" testId="aa08efca-9836-e946-b0ea-6d46d0e78977" testName="grabarMovimientoTest" computerName="DIEGO-PC" duration="00:00:00.0113316" startTime="2012-11-19T19:38:26.2966836-03:00" endTime="2012-11-19T19:38:26.3156847-03:00" testType="13cdc9d9-ddb5-4fa4-a97d-d965ccfc6d4b" outcome="Passed" testListId="8c84fa94-04c1-424b-9868-57a2d4851a1d" relativeResultsDirectory="6078a2a1-454f-422b-ada6-e0ef9edd6c9b">
      <Output>
        <StdOut>Save/Update: SELECT  ISNULL(MAX(nro_movimiento + 1),1) from MovimientosCuenta
Save/Update: INSERT INTO MovimientosCuenta (nro_movimiento, comentario, fecha, monto, cuentaID, tipoMovimientoID) VALUES (4 , 'com4',  CAST('19/11/2012 19:38:26.301'  AS DateTime), 33.3, 1 , 2 ); DELETE proveedor_movimientos where nro_movimiento=4  ;  INSERT INTO proveedor_movimientos ( nro_movimiento, id_proveedor) VALUES ( 4 , 3 ); DELETE documento_movimiento where nro_movimiento=4  ; 
Save/Update: select * from MovimientosCuenta JOIN proveedor_movimientos AS proveedor ON MovimientosCuenta.nro_movimiento=proveedor.nro_movimiento WHERE  MovimientosCuenta.nro_movimiento=4  AND proveedor.id_proveedor IS NOT  NULL ; select * from proveedor_movimientos; select * from documento_movimiento
Save/Update: select * from Proveedor WHERE  Proveedor.id_proveedor=3  
Save/Update: select * from OrdenDeCompra WHERE  OrdenDeCompra.id_proveedor=3  ; select * from documento_movimiento; select * from LineaOrdenDeCompra WHERE borrado = 0
Save/Update: select * from tipoMovimiento WHERE  tipoMovimiento.tipoMovimientoID=2  
Save/Update: select * from Cuenta WHERE  Cuenta.cuentaID=1  
Save/Update: DELETE proveedor_movimientos where nro_movimiento=4  ; DELETE documento_movimiento where nro_movimiento=4  ; ;DELETE MovimientosCuenta WHERE nro_movimiento=4</StdOut>
      </Output>
    </UnitTestResult>
    <UnitTestResult executionId="c8292ae4-a9ec-4074-a8dd-24e51aa5f3c4" testId="aa3d2f13-ce91-e85a-b860-661244f697ca" testName="listarMovimientosPorProveedorTest" computerName="DIEGO-PC" duration="00:00:00.0084866" startTime="2012-11-19T19:38:26.3216850-03:00" endTime="2012-11-19T19:38:26.3356858-03:00" testType="13cdc9d9-ddb5-4fa4-a97d-d965ccfc6d4b" outcome="Passed" testListId="8c84fa94-04c1-424b-9868-57a2d4851a1d" relativeResultsDirectory="c8292ae4-a9ec-4074-a8dd-24e51aa5f3c4">
      <Output>
        <StdOut>Save/Update: select * from MovimientosCuenta JOIN proveedor_movimientos AS proveedor ON MovimientosCuenta.nro_movimiento=proveedor.nro_movimiento WHERE proveedor.id_proveedor IS NOT  NULL ; select * from proveedor_movimientos; select * from documento_movimiento
Save/Update: select * from Proveedor WHERE  Proveedor.id_proveedor=1  
Save/Update: select * from OrdenDeCompra WHERE  OrdenDeCompra.id_proveedor=1  ; select * from documento_movimiento; select * from LineaOrdenDeCompra WHERE borrado = 0
Save/Update: select * from OrdenDeCompra WHERE  OrdenDeCompra.nro_Doc=3  ; select * from documento_movimiento; select * from LineaOrdenDeCompra WHERE borrado = 0
Save/Update: select * from tipoMovimiento WHERE  tipoMovimiento.tipoMovimientoID=1  
Save/Update: select * from Cuenta WHERE  Cuenta.cuentaID=1  
Save/Update: DELETE proveedor_movimientos where nro_movimiento=4  ; DELETE documento_movimiento where nro_movimiento=4  ; ;DELETE MovimientosCuenta WHERE nro_movimiento=4</StdOut>
      </Output>
    </UnitTestResult>
    <UnitTestResult executionId="e5fbf728-4148-47ef-863e-57b58b6cb655" testId="aa89e54f-b120-5f04-a49b-eb1a63d779df" testName="buscarPedidoPorCodigoTest" computerName="DIEGO-PC" duration="00:00:00.0100817" startTime="2012-11-19T19:38:26.3416861-03:00" endTime="2012-11-19T19:38:26.3576871-03:00" testType="13cdc9d9-ddb5-4fa4-a97d-d965ccfc6d4b" outcome="Passed" testListId="8c84fa94-04c1-424b-9868-57a2d4851a1d" relativeResultsDirectory="e5fbf728-4148-47ef-863e-57b58b6cb655">
      <Output>
        <StdOut>Save/Update: select * from Pedido WHERE  Pedido.cod_pedido=1  ; select * from produccion WHERE borrado = 0; select * from historico_estados_pedido WHERE borrado = 0
Save/Update: select * from historico_estados_pedido WHERE  historico_estados_pedido.cod_pedido=1  
Save/Update: select * from tipoPedido WHERE  tipoPedido.tipo_pedido=1  
Save/Update: select * from produccion WHERE  produccion.cod_pedido=1  ; select * from historico_estados_produccion WHERE borrado = 0
Save/Update: select * from Cliente WHERE  Cliente.id_cliente=1  ; select * from cliente_movimientos; select * from Pedido WHERE borrado = 0; select * from Factura WHERE borrado = 0; select * from Diseño WHERE borrado = 0
Save/Update: select * from EstadoPedido WHERE  EstadoPedido.estado_pedido=3  
Save/Update: DELETE historico_estados_pedido WHERE nro_estado=1  AND cod_pedido=5  
Save/Update: DELETE historico_estados_pedido WHERE nro_estado=2  AND cod_pedido=5  
Save/Update: DELETE produccion WHERE cod_produccion=7  
Save/Update: DELETE Pedido WHERE cod_pedido=5</StdOut>
      </Output>
    </UnitTestResult>
    <UnitTestResult executionId="c85c362e-8711-4289-86cf-d3c4156fab1e" testId="aad710b2-cbba-4fa8-20b9-0a83a5267460" testName="grabarNewsletterTest" computerName="DIEGO-PC" duration="00:00:00.0046715" startTime="2012-11-19T19:38:26.3626873-03:00" endTime="2012-11-19T19:38:26.3736880-03:00" testType="13cdc9d9-ddb5-4fa4-a97d-d965ccfc6d4b" outcome="Passed" testListId="8c84fa94-04c1-424b-9868-57a2d4851a1d" relativeResultsDirectory="c85c362e-8711-4289-86cf-d3c4156fab1e">
      <Output>
        <StdOut>Save/Update: SELECT  ISNULL(MAX(id + 1),1) from newsletter
Save/Update: INSERT INTO newsletter (id, newsletter, nombre, enviado) VALUES (3 , 'html', 'news3', 0 ); 
Save/Update: select * from newsletter
Save/Update: DELETE newsletter WHERE id=3</StdOut>
      </Output>
    </UnitTestResult>
    <UnitTestResult executionId="446389d2-1ba0-4fe7-b8e3-d6390f1d63d4" testId="ab0fe80a-1fd5-fb8a-e7d4-5b5fcdcec2eb" testName="borrarTest" computerName="DIEGO-PC" duration="00:00:00.0165901" startTime="2012-11-19T19:38:26.3796883-03:00" endTime="2012-11-19T19:38:26.4016896-03:00" testType="13cdc9d9-ddb5-4fa4-a97d-d965ccfc6d4b" outcome="Passed" testListId="8c84fa94-04c1-424b-9868-57a2d4851a1d" relativeResultsDirectory="446389d2-1ba0-4fe7-b8e3-d6390f1d63d4">
      <Output>
        <StdOut>Save/Update: SELECT  ISNULL(MAX(id_conversacion + 1),1) from Conversacion
Save/Update: INSERT INTO Conversacion (id_conversacion, remitente, destinatario) VALUES (3 , 2 , 3 ); UPDATE mensaje SET borrado=1 WHERE id_conversacion=3  ; 
Save/Update: SELECT  ISNULL(MAX(id + 1),1) from Mensaje
Save/Update: INSERT INTO Mensaje (id, tipoMensaje, fecha, mensaje, leido, borrado, id_conversacion) VALUES (5 , 0 ,  CAST('19/11/2012 19:38:26.386'  AS DateTime), 'test msj grabarMensajeTest', 0 , 0 , 3 ); 
Save/Update: SELECT  ISNULL(MAX(id + 1),1) from Mensaje
Save/Update: INSERT INTO Mensaje (id, tipoMensaje, fecha, mensaje, leido, borrado, id_conversacion) VALUES (6 , 1 ,  CAST('19/11/2012 19:38:26.386'  AS DateTime), 'test msj grabarMensajeTest', 0 , 0 , 3 ); 
Save/Update: select * from Conversacion WHERE  Conversacion.remitente=3  ; select * from mensaje WHERE borrado = 0
Save/Update: select * from Conversacion WHERE  Conversacion.destinatario=3  ; select * from mensaje WHERE borrado = 0
Save/Update: select * from Usuario WHERE  Usuario.usuarioID=2  ; select * from JoinUsuarioToFamilia; select * from JoinPatenteToUsuario
Save/Update: select * from Usuario WHERE  Usuario.usuarioID=3  ; select * from JoinUsuarioToFamilia; select * from JoinPatenteToUsuario
Save/Update: select * from Mensaje WHERE  Mensaje.id_conversacion=3  
Save/Update: DELETE Mensaje WHERE id=5  
Save/Update: DELETE Mensaje WHERE id=6  
Save/Update: DELETE Conversacion WHERE id_conversacion=3  
Save/Update: select * from Conversacion WHERE  Conversacion.remitente=3  ; select * from mensaje WHERE borrado = 0
Save/Update: select * from Conversacion WHERE  Conversacion.destinatario=3  ; select * from mensaje WHERE borrado = 0
Save/Update: select * from Mensaje</StdOut>
      </Output>
    </UnitTestResult>
    <UnitTestResult executionId="6d0cad48-469b-4c26-8540-4b6c766e9960" testId="ab4f6c28-3581-ba0b-4648-93d882bc1ba4" testName="borrarDiseñosTest" computerName="DIEGO-PC" duration="00:00:00.0082769" startTime="2012-11-19T19:38:26.4076899-03:00" endTime="2012-11-19T19:38:26.4226908-03:00" testType="13cdc9d9-ddb5-4fa4-a97d-d965ccfc6d4b" outcome="Passed" testListId="8c84fa94-04c1-424b-9868-57a2d4851a1d" relativeResultsDirectory="6d0cad48-469b-4c26-8540-4b6c766e9960">
      <Output>
        <StdOut>Save/Update: SELECT  ISNULL(MAX(cod_diseño + 1),1) from Diseño
Save/Update: INSERT INTO Diseño (cod_diseño, nombre, puntadas, alto, ancho, id_cliente, estadoActual, pathImagen, pathDetalle, pathArchivoEditable, pathArchivoFinal, borrado) VALUES (3 , 'diseño3', 3333 , 33 , 33 , 1 , 1 , '/cliente1/imagen/diseño1.jpg', '/cliente1/detalle/diseño1.jpg', '/cliente1/diseñoEditable/diseño1.jpg', '/cliente1/diseño/diseño1.jpg', 0 ); UPDATE historico_estados_diseño SET borrado=1 WHERE cod_diseño=3  ; 
Save/Update: select * from Diseño WHERE  Diseño.id_cliente=1  ; select * from historico_estados_diseño WHERE borrado = 0
Save/Update: DELETE Diseño WHERE cod_diseño=3  
Save/Update: select * from Diseño WHERE  Diseño.id_cliente=1  ; select * from historico_estados_diseño WHERE borrado = 0</StdOut>
      </Output>
    </UnitTestResult>
    <UnitTestResult executionId="b9e05a62-2be0-497e-b7ef-b9f48ceafbf0" testId="ac4b28af-d8f4-b156-672f-168bba2db6f5" testName="grabarTest" computerName="DIEGO-PC" duration="00:00:00.0143968" startTime="2012-11-19T19:38:26.4296912-03:00" endTime="2012-11-19T19:38:26.4496923-03:00" testType="13cdc9d9-ddb5-4fa4-a97d-d965ccfc6d4b" outcome="Passed" testListId="8c84fa94-04c1-424b-9868-57a2d4851a1d" relativeResultsDirectory="b9e05a62-2be0-497e-b7ef-b9f48ceafbf0">
      <Output>
        <StdOut>Save/Update: SELECT  ISNULL(MAX(id_conversacion + 1),1) from Conversacion
Save/Update: INSERT INTO Conversacion (id_conversacion, remitente, destinatario) VALUES (3 , 2 , 3 ); UPDATE mensaje SET borrado=1 WHERE id_conversacion=3  ; 
Save/Update: SELECT  ISNULL(MAX(id + 1),1) from Mensaje
Save/Update: INSERT INTO Mensaje (id, tipoMensaje, fecha, mensaje, leido, borrado, id_conversacion) VALUES (5 , 0 ,  CAST('19/11/2012 19:38:26.437'  AS DateTime), 'test msj grabarMensajeTest', 0 , 0 , 3 ); 
Save/Update: SELECT  ISNULL(MAX(id + 1),1) from Mensaje
Save/Update: INSERT INTO Mensaje (id, tipoMensaje, fecha, mensaje, leido, borrado, id_conversacion) VALUES (6 , 1 ,  CAST('19/11/2012 19:38:26.437'  AS DateTime), 'test msj grabarMensajeTest', 0 , 0 , 3 ); 
Save/Update: select * from Conversacion WHERE  Conversacion.remitente=3  ; select * from mensaje WHERE borrado = 0
Save/Update: select * from Conversacion WHERE  Conversacion.destinatario=3  ; select * from mensaje WHERE borrado = 0
Save/Update: select * from Usuario WHERE  Usuario.usuarioID=2  ; select * from JoinUsuarioToFamilia; select * from JoinPatenteToUsuario
Save/Update: select * from Usuario WHERE  Usuario.usuarioID=3  ; select * from JoinUsuarioToFamilia; select * from JoinPatenteToUsuario
Save/Update: select * from Mensaje WHERE  Mensaje.id_conversacion=3  
Save/Update: DELETE Mensaje WHERE id=5  
Save/Update: DELETE Mensaje WHERE id=6  
Save/Update: DELETE Conversacion WHERE id_conversacion=3</StdOut>
      </Output>
    </UnitTestResult>
    <UnitTestResult executionId="1c718d1b-0173-4078-b463-a4e418f3676a" testId="acceeb2f-d3a0-c7eb-0a8a-89ba3e60aa95" testName="cargarPatentesTest" computerName="DIEGO-PC" duration="00:00:00.0029392" startTime="2012-11-19T19:38:26.4516924-03:00" endTime="2012-11-19T19:38:26.4616930-03:00" testType="13cdc9d9-ddb5-4fa4-a97d-d965ccfc6d4b" outcome="Passed" testListId="8c84fa94-04c1-424b-9868-57a2d4851a1d" relativeResultsDirectory="1c718d1b-0173-4078-b463-a4e418f3676a">
      <Output>
        <StdOut>Save/Update: select * from Patente</StdOut>
      </Output>
    </UnitTestResult>
    <UnitTestResult executionId="11219478-4750-40d3-aab9-a5c3f499bf1c" testId="ad52b45c-d7bf-7d90-509a-9d90fabbb4cb" testName="buscarUsuarioNewsletterTest" computerName="DIEGO-PC" duration="00:00:00.0697817" startTime="2012-11-19T19:38:26.4636931-03:00" endTime="2012-11-19T19:38:26.5416976-03:00" testType="13cdc9d9-ddb5-4fa4-a97d-d965ccfc6d4b" outcome="Passed" testListId="8c84fa94-04c1-424b-9868-57a2d4851a1d" relativeResultsDirectory="11219478-4750-40d3-aab9-a5c3f499bf1c">
      <Output>
        <StdOut>Save/Update: select * from Cliente WHERE  Cliente.id_cliente=1  ; select * from cliente_movimientos; select * from Pedido WHERE borrado = 0; select * from Factura WHERE borrado = 0; select * from Diseño WHERE borrado = 0
Save/Update: select * from Usuario WHERE  Usuario.usuarioID=1  ; select * from JoinUsuarioToFamilia; select * from JoinPatenteToUsuario
Save/Update: select * from Familia JOIN JoinUsuarioToFamilia AS usuarios ON Familia.familiaID=usuarios.familiaID WHERE usuarios.usuarioID=1  ; select * from JoinFamiliaToPatente
Save/Update: select * from Patente JOIN JoinPatenteToUsuario AS usuario ON Patente.patenteId=usuario.patenteId WHERE usuario.usuarioID=1  
Save/Update: select * from Cliente WHERE  Cliente.usuarioID=1  ; select * from cliente_movimientos; select * from Pedido WHERE borrado = 0; select * from Factura WHERE borrado = 0; select * from Diseño WHERE borrado = 0
Save/Update: select * from Diseño WHERE  Diseño.id_cliente=1  ; select * from historico_estados_diseño WHERE borrado = 0
Save/Update: select * from Factura WHERE  Factura.id_cliente=1  ; select * from documento_movimiento; select * from LineaFactura WHERE borrado = 0
Save/Update: select * from Pedido WHERE  Pedido.id_cliente=1  ; select * from produccion WHERE borrado = 0; select * from historico_estados_pedido WHERE borrado = 0
Save/Update: select * from MovimientosCuenta JOIN cliente_movimientos AS cliente ON MovimientosCuenta.nro_movimiento=cliente.nro_movimiento WHERE cliente.id_cliente=1  AND cliente.id_cliente IS NOT  NULL ; select * from cliente_movimientos; select * from documento_movimiento
Save/Update: UPDATE Usuario SET nombre='nombre6', apellido='apellido6', mail='mail6@test.com', password='559D55197310', telefonoFijo='6666-6666', telefonoMovil='6666-6666', bloqueado=0  WHERE usuarioID=1  ; DELETE JoinUsuarioToFamilia where usuarioID=1  ;  INSERT INTO JoinUsuarioToFamilia ( usuarioID, familiaID) VALUES ( 1 , 5 ); DELETE JoinPatenteToUsuario where usuarioID=1  ;  INSERT INTO JoinPatenteToUsuario ( usuarioID, patenteId) VALUES ( 1 , 3 ); 
Save/Update: UPDATE Cliente SET habitadoTurnos=0 , newsletter=1  WHERE id_cliente=1  ; UPDATE Pedido SET borrado=1 WHERE id_cliente=1  ; UPDATE Factura SET borrado=1 WHERE id_cliente=1  ; UPDATE Diseño SET borrado=1 WHERE id_cliente=1  ; 
Save/Update: select * from Cliente WHERE  Cliente.newsletter=1  ; select * from cliente_movimientos; select * from Pedido WHERE borrado = 0; select * from Factura WHERE borrado = 0; select * from Diseño WHERE borrado = 0
Save/Update: select * from Usuario WHERE  Usuario.usuarioID=1  ; select * from JoinUsuarioToFamilia; select * from JoinPatenteToUsuario
Save/Update: select * from Familia JOIN JoinUsuarioToFamilia AS usuarios ON Familia.familiaID=usuarios.familiaID WHERE usuarios.usuarioID=1  ; select * from JoinFamiliaToPatente
Save/Update: select * from Patente JOIN JoinFamiliaToPatente AS familia ON Patente.patenteId=familia.patenteId WHERE familia.familiaID=5  
Save/Update: select * from Patente JOIN JoinPatenteToUsuario AS usuario ON Patente.patenteId=usuario.patenteId WHERE usuario.usuarioID=1  
Save/Update: select * from Cliente WHERE  Cliente.usuarioID=1  ; select * from cliente_movimientos; select * from Pedido WHERE borrado = 0; select * from Factura WHERE borrado = 0; select * from Diseño WHERE borrado = 0
Save/Update: select * from Diseño WHERE  Diseño.id_cliente=1  ; select * from historico_estados_diseño WHERE borrado = 0
Save/Update: select * from Factura WHERE  Factura.id_cliente=1  ; select * from documento_movimiento; select * from LineaFactura WHERE borrado = 0
Save/Update: select * from Pedido WHERE  Pedido.id_cliente=1  ; select * from produccion WHERE borrado = 0; select * from historico_estados_pedido WHERE borrado = 0
Save/Update: select * from MovimientosCuenta JOIN cliente_movimientos AS cliente ON MovimientosCuenta.nro_movimiento=cliente.nro_movimiento WHERE cliente.id_cliente=1  AND cliente.id_cliente IS NOT  NULL ; select * from cliente_movimientos; select * from documento_movimiento
Save/Update: UPDATE Usuario SET nombre='nombre1', apellido='apellido1', mail='mail1@test.com', password='14CD6517', telefonoFijo='1111-1111', telefonoMovil='1111-1111', bloqueado=0  WHERE usuarioID=1  ; DELETE JoinUsuarioToFamilia where usuarioID=1  ; DELETE JoinPatenteToUsuario where usuarioID=1  ;  INSERT INTO JoinPatenteToUsuario ( usuarioID, patenteId) VALUES ( 1 , 1 ); 
Save/Update: UPDATE Cliente SET habitadoTurnos=1 , newsletter=0  WHERE id_cliente=1  ; UPDATE Pedido SET borrado=1 WHERE id_cliente=1  ; UPDATE Factura SET borrado=1 WHERE id_cliente=1  ; UPDATE Diseño SET borrado=1 WHERE id_cliente=1  ; 
Save/Update:  UPDATE factura set borrado = 0 
Save/Update:  UPDATE diseño set borrado = 0 
Save/Update:  UPDATE pedido set borrado = 0 
Save/Update: UPDATE Usuario SET nombre='nombre1', apellido='apellido1', mail='mail1@test.com', password='11C8', telefonoFijo='1111-1111', telefonoMovil='1111-1111', bloqueado=0  WHERE usuarioID=1  ; DELETE JoinUsuarioToFamilia where usuarioID=1  ; DELETE JoinPatenteToUsuario where usuarioID=1  ; 
Save/Update: UPDATE Cliente SET habitadoTurnos=1 , newsletter=0  WHERE id_cliente=1  ; UPDATE Pedido SET borrado=1 WHERE id_cliente=1  ; UPDATE Factura SET borrado=1 WHERE id_cliente=1  ; UPDATE Diseño SET borrado=1 WHERE id_cliente=1  ; 
Save/Update:  UPDATE factura set borrado = 0 
Save/Update:  UPDATE diseño set borrado = 0 
Save/Update:  UPDATE pedido set borrado = 0 
Save/Update:  Insert into JoinPatenteToUsuario values (1,1)</StdOut>
      </Output>
    </UnitTestResult>
    <UnitTestResult executionId="85684a16-9736-4f33-8af1-a95132fc92f0" testId="adc4b822-2dd8-fb80-0aec-e1f18a81e266" testName="grabarOrdenDeCompraTest" computerName="DIEGO-PC" duration="00:00:00.0269739" startTime="2012-11-19T19:38:26.5446978-03:00" endTime="2012-11-19T19:38:26.5796998-03:00" testType="13cdc9d9-ddb5-4fa4-a97d-d965ccfc6d4b" outcome="Passed" testListId="8c84fa94-04c1-424b-9868-57a2d4851a1d" relativeResultsDirectory="85684a16-9736-4f33-8af1-a95132fc92f0">
      <Output>
        <StdOut>Save/Update: SELECT  ISNULL(MAX(nro_Doc + 1),1) from documento
Save/Update: INSERT INTO documento VALUES (5)
Save/Update: SELECT  ISNULL(MAX(nro_orden_compra + 1),1) from OrdenDeCompra WHERE nro_sucursal=1 AND tipo_orden_compra='A'
Save/Update: INSERT INTO OrdenDeCompra (nro_Doc, iva, fecha, borrado, nro_orden_compra, nro_sucursal, tipo_orden_compra, id_proveedor, monto) VALUES (5 , 1.1,  CAST('13/10/2012 21:44:12.000'  AS DateTime), 0 , 2 , 1 , 'A', 2 , 100); UPDATE LineaOrdenDeCompra SET borrado=1 WHERE nro_orden_compra=2  AND nro_sucursal=1  AND tipo_orden_compra='A' ; 
Save/Update: SELECT  ISNULL(MAX(nro_linea + 1),1) from LineaOrdenDeCompra WHERE nro_orden_compra=2 AND nro_sucursal=1 AND tipo_orden_compra='A'
Save/Update: INSERT INTO LineaOrdenDeCompra (nro_orden_compra, nro_sucursal, tipo_orden_compra, nro_linea, cod_producto, cantidad, precio, borrado) VALUES (2 , 1 , 'A', 1 , 2 , 10 , 50, 0 ); 
Save/Update: SELECT  ISNULL(MAX(nro_movimiento + 1),1) from MovimientosCuenta
Save/Update: INSERT INTO MovimientosCuenta (nro_movimiento, comentario, fecha, monto, cuentaID, tipoMovimientoID) VALUES (4 , 'com test',  CAST('13/10/2012 21:44:12.000'  AS DateTime), 100, 1 , 1 ); DELETE proveedor_movimientos where nro_movimiento=4  ;  INSERT INTO proveedor_movimientos ( nro_movimiento, id_proveedor) VALUES ( 4 , 2 ); DELETE documento_movimiento where nro_movimiento=4  ;  INSERT INTO documento_movimiento ( nro_movimiento, nro_Doc) VALUES ( 4 , 5 ); 
Save/Update: select * from OrdenDeCompra WHERE  OrdenDeCompra.nro_orden_compra=2  AND  OrdenDeCompra.nro_sucursal=1  AND  OrdenDeCompra.tipo_orden_compra='A' ; select * from documento_movimiento; select * from LineaOrdenDeCompra WHERE borrado = 0
Save/Update: select * from LineaOrdenDeCompra WHERE  LineaOrdenDeCompra.nro_orden_compra=2  AND  LineaOrdenDeCompra.tipo_orden_compra='A' AND  LineaOrdenDeCompra.nro_sucursal=1  
Save/Update: select * from insumo WHERE  insumo.cod_insumo=2  
Save/Update: select * from Proveedor WHERE  Proveedor.id_proveedor=2  
Save/Update: select * from MovimientosCuenta JOIN documento_movimiento AS documento ON MovimientosCuenta.nro_movimiento=documento.nro_movimiento JOIN proveedor_movimientos AS proveedor ON MovimientosCuenta.nro_movimiento=proveedor.nro_movimiento WHERE documento.nro_Doc=5  AND proveedor.id_proveedor IS NOT  NULL ; select * from proveedor_movimientos; select * from documento_movimiento
Save/Update: DELETE LineaOrdenDeCompra WHERE nro_orden_compra=2  AND nro_sucursal=1  AND tipo_orden_compra='A' AND nro_linea=1  
Save/Update: DELETE LineaOrdenDeCompra WHERE nro_orden_compra=2  AND nro_sucursal=1  AND tipo_orden_compra='A' AND nro_linea=2  
Save/Update: DELETE proveedor_movimientos where nro_movimiento=4  ; DELETE documento_movimiento where nro_movimiento=4  ; ;DELETE MovimientosCuenta WHERE nro_movimiento=4  
Save/Update: DELETE FROM OrdenDeCompra WHERE nro_Doc =5
Save/Update: delete documento where nro_doc=5</StdOut>
      </Output>
    </UnitTestResult>
    <UnitTestResult executionId="d7befcb0-6925-438d-8732-d40a7c3f8e15" testId="aeb09f8f-b144-d846-cb07-87151db0c5db" testName="cargarMovimientosConRestriccionesTest" computerName="DIEGO-PC" duration="00:00:00.0102873" startTime="2012-11-19T19:38:26.5816999-03:00" endTime="2012-11-19T19:38:26.6007010-03:00" testType="13cdc9d9-ddb5-4fa4-a97d-d965ccfc6d4b" outcome="Passed" testListId="8c84fa94-04c1-424b-9868-57a2d4851a1d" relativeResultsDirectory="d7befcb0-6925-438d-8732-d40a7c3f8e15">
      <Output>
        <StdOut>Save/Update: select * from MovimientosStock WHERE  MovimientosStock.fecha= CAST('10/10/2012 00:00:00.000'  AS DateTime) AND  MovimientosStock.cod_insumo=1  AND  MovimientosStock.cantidad=10 AND  MovimientosStock.nro_movimiento=1  
Save/Update: DELETE MovimientosStock WHERE nro_movimiento=3  AND cod_insumo=1</StdOut>
      </Output>
    </UnitTestResult>
    <UnitTestResult executionId="33b99fe9-601b-48ee-a32e-95957eb3e914" testId="aee8bdae-93b9-94cd-dc66-4af8f0d1e925" testName="actualizarDiseñosTest" computerName="DIEGO-PC" duration="00:00:00.0122859" startTime="2012-11-19T19:38:26.6027011-03:00" endTime="2012-11-19T19:38:26.6237023-03:00" testType="13cdc9d9-ddb5-4fa4-a97d-d965ccfc6d4b" outcome="Passed" testListId="8c84fa94-04c1-424b-9868-57a2d4851a1d" relativeResultsDirectory="33b99fe9-601b-48ee-a32e-95957eb3e914">
      <Output>
        <StdOut>Save/Update: SELECT  ISNULL(MAX(cod_diseño + 1),1) from Diseño
Save/Update: INSERT INTO Diseño (cod_diseño, nombre, puntadas, alto, ancho, id_cliente, estadoActual, pathImagen, pathDetalle, pathArchivoEditable, pathArchivoFinal, borrado) VALUES (3 , 'diseño3', 3333 , 33 , 33 , 1 , 1 , '/cliente1/imagen/diseño1.jpg', '/cliente1/detalle/diseño1.jpg', '/cliente1/diseñoEditable/diseño1.jpg', '/cliente1/diseño/diseño1.jpg', 0 ); UPDATE historico_estados_diseño SET borrado=1 WHERE cod_diseño=3  ; 
Save/Update: select * from Diseño WHERE  Diseño.cod_diseño=3  ; select * from historico_estados_diseño WHERE borrado = 0
Save/Update: UPDATE Diseño SET nombre='diseño33', puntadas=33333 , alto=333 , ancho=333 , id_cliente=2 , estadoActual=1 , pathImagen='/cliente1/imagen/diseño3.jpg', pathDetalle='/cliente1/detalle/diseño3.jpg', pathArchivoEditable='/cliente1/diseñoEditable/diseño3.jpg', pathArchivoFinal='/cliente1/diseño/diseño3.jpg', borrado=0  WHERE cod_diseño=3  ; UPDATE historico_estados_diseño SET borrado=1 WHERE cod_diseño=3  ; 
Save/Update: select * from Diseño WHERE  Diseño.cod_diseño=3  ; select * from historico_estados_diseño WHERE borrado = 0
Save/Update: DELETE Diseño WHERE cod_diseño=3</StdOut>
      </Output>
    </UnitTestResult>
    <UnitTestResult executionId="5d157ff5-c94c-42bb-9790-98df4db9ab15" testId="af2a5dd3-889c-239a-49ba-4559ade59815" testName="cargarUsuarioConRestriccionesTest" computerName="DIEGO-PC" duration="00:00:00.0220705" startTime="2012-11-19T19:38:26.6267025-03:00" endTime="2012-11-19T19:38:26.6557041-03:00" testType="13cdc9d9-ddb5-4fa4-a97d-d965ccfc6d4b" outcome="Passed" testListId="8c84fa94-04c1-424b-9868-57a2d4851a1d" relativeResultsDirectory="5d157ff5-c94c-42bb-9790-98df4db9ab15">
      <Output>
        <StdOut>Save/Update: select * from Usuario WHERE  Usuario.nombre LIKE '%bre3%'AND  Usuario.apellido LIKE '%ap%'AND  Usuario.mail LIKE '%@test%'AND  Usuario.telefonoFijo LIKE '%3-3%'AND  Usuario.telefonoMovil LIKE '%3-3%'; select * from JoinUsuarioToFamilia; select * from JoinPatenteToUsuario
Save/Update: select * from Familia JOIN JoinUsuarioToFamilia AS usuarios ON Familia.familiaID=usuarios.familiaID WHERE usuarios.usuarioID=3  ; select * from JoinFamiliaToPatente
Save/Update: select * from Patente JOIN JoinFamiliaToPatente AS familia ON Patente.patenteId=familia.patenteId WHERE familia.familiaID=6  
Save/Update: select * from Patente JOIN JoinPatenteToUsuario AS usuario ON Patente.patenteId=usuario.patenteId WHERE usuario.usuarioID=3  
Save/Update: select * from Cliente WHERE  Cliente.usuarioID=3  ; select * from cliente_movimientos; select * from Pedido WHERE borrado = 0; select * from Factura WHERE borrado = 0; select * from Diseño WHERE borrado = 0
Save/Update: UPDATE Usuario SET nombre='nombre1', apellido='apellido1', mail='mail1@test.com', password='11C8', telefonoFijo='1111-1111', telefonoMovil='1111-1111', bloqueado=0  WHERE usuarioID=1  ; DELETE JoinUsuarioToFamilia where usuarioID=1  ; DELETE JoinPatenteToUsuario where usuarioID=1  ; 
Save/Update: UPDATE Cliente SET habitadoTurnos=1 , newsletter=0  WHERE id_cliente=1  ; UPDATE Pedido SET borrado=1 WHERE id_cliente=1  ; UPDATE Factura SET borrado=1 WHERE id_cliente=1  ; UPDATE Diseño SET borrado=1 WHERE id_cliente=1  ; 
Save/Update:  UPDATE factura set borrado = 0 
Save/Update:  UPDATE diseño set borrado = 0 
Save/Update:  UPDATE pedido set borrado = 0 
Save/Update:  Insert into JoinPatenteToUsuario values (1,1)</StdOut>
      </Output>
    </UnitTestResult>
    <UnitTestResult executionId="36e05120-d2d7-4160-89ce-593ccbad7c66" testId="afb70fb3-f16b-16ef-9272-e650b4c370ff" testName="listarFacturasPorIdTest" computerName="DIEGO-PC" duration="00:00:00.0185615" startTime="2012-11-19T19:38:26.6587043-03:00" endTime="2012-11-19T19:38:26.6847058-03:00" testType="13cdc9d9-ddb5-4fa4-a97d-d965ccfc6d4b" outcome="Passed" testListId="8c84fa94-04c1-424b-9868-57a2d4851a1d" relativeResultsDirectory="36e05120-d2d7-4160-89ce-593ccbad7c66">
      <Output>
        <StdOut>Save/Update: select * from Factura WHERE  Factura.nro_factura=1  AND  Factura.nro_sucursal=1  AND  Factura.tipo_factura='A' ; select * from documento_movimiento; select * from LineaFactura WHERE borrado = 0
Save/Update: select * from LineaFactura WHERE  LineaFactura.nro_factura=1  AND  LineaFactura.tipo_factura='A' AND  LineaFactura.nro_sucursal=1  
Save/Update: select * from Articulos WHERE  Articulos.cod_articulo=1  ; select * from lista_precios WHERE borrado = 0
Save/Update: select * from Articulos WHERE  Articulos.cod_articulo=2  ; select * from lista_precios WHERE borrado = 0
Save/Update: select * from Cliente WHERE  Cliente.id_cliente=1  ; select * from cliente_movimientos; select * from Pedido WHERE borrado = 0; select * from Factura WHERE borrado = 0; select * from Diseño WHERE borrado = 0
Save/Update: select * from Usuario WHERE  Usuario.usuarioID=1  ; select * from JoinUsuarioToFamilia; select * from JoinPatenteToUsuario
Save/Update: select * from MovimientosCuenta JOIN documento_movimiento AS documento ON MovimientosCuenta.nro_movimiento=documento.nro_movimiento JOIN cliente_movimientos AS cliente ON MovimientosCuenta.nro_movimiento=cliente.nro_movimiento WHERE documento.nro_Doc=1  AND cliente.id_cliente IS NOT  NULL ; select * from cliente_movimientos; select * from documento_movimiento
Save/Update: DELETE LineaFactura WHERE nro_factura=2  AND nro_sucursal=1  AND tipo_factura='A' AND nro_linea=1  
Save/Update: DELETE LineaFactura WHERE nro_factura=2  AND nro_sucursal=1  AND tipo_factura='A' AND nro_linea=2  
Save/Update: DELETE cliente_movimientos where nro_movimiento=4  ; DELETE documento_movimiento where nro_movimiento=4  ; ;DELETE MovimientosCuenta WHERE nro_movimiento=4  
Save/Update: DELETE FROM Factura WHERE nro_Doc =5
Save/Update: delete documento where nro_doc=5</StdOut>
      </Output>
    </UnitTestResult>
    <UnitTestResult executionId="c78442e6-6b1b-4d51-b6c2-c1018cd497e9" testId="b09e98eb-5e7b-17f1-4a91-35133c7055e9" testName="buscarMovimintosTest" computerName="DIEGO-PC" duration="00:00:00.0208857" startTime="2012-11-19T19:38:26.6867059-03:00" endTime="2012-11-19T19:38:26.7147075-03:00" testType="13cdc9d9-ddb5-4fa4-a97d-d965ccfc6d4b" outcome="Passed" testListId="8c84fa94-04c1-424b-9868-57a2d4851a1d" relativeResultsDirectory="c78442e6-6b1b-4d51-b6c2-c1018cd497e9">
      <Output>
        <StdOut>Save/Update: select * from MovimientosCuenta JOIN cliente_movimientos AS cliente ON MovimientosCuenta.nro_movimiento=cliente.nro_movimiento WHERE  MovimientosCuenta.comentario LIKE '%m1%'AND  MovimientosCuenta.fecha&gt;= CAST('11/11/2011 00:00:00.000'  AS DateTime) AND  MovimientosCuenta.monto&gt;=5 AND  MovimientosCuenta.monto&lt;=15 AND  MovimientosCuenta.cuentaID=1  AND  MovimientosCuenta.tipoMovimientoID=1  AND cliente.id_cliente=1  AND cliente.id_cliente IS NOT  NULL ; select * from cliente_movimientos; select * from documento_movimiento
Save/Update: select * from Cliente WHERE  Cliente.id_cliente=1  ; select * from cliente_movimientos; select * from Pedido WHERE borrado = 0; select * from Factura WHERE borrado = 0; select * from Diseño WHERE borrado = 0
Save/Update: select * from Usuario WHERE  Usuario.usuarioID=1  ; select * from JoinUsuarioToFamilia; select * from JoinPatenteToUsuario
Save/Update: select * from Familia JOIN JoinUsuarioToFamilia AS usuarios ON Familia.familiaID=usuarios.familiaID WHERE usuarios.usuarioID=1  ; select * from JoinFamiliaToPatente
Save/Update: select * from Patente JOIN JoinPatenteToUsuario AS usuario ON Patente.patenteId=usuario.patenteId WHERE usuario.usuarioID=1  
Save/Update: select * from Cliente WHERE  Cliente.usuarioID=1  ; select * from cliente_movimientos; select * from Pedido WHERE borrado = 0; select * from Factura WHERE borrado = 0; select * from Diseño WHERE borrado = 0
Save/Update: select * from Diseño WHERE  Diseño.id_cliente=1  ; select * from historico_estados_diseño WHERE borrado = 0
Save/Update: select * from Factura WHERE  Factura.id_cliente=1  ; select * from documento_movimiento; select * from LineaFactura WHERE borrado = 0
Save/Update: select * from Pedido WHERE  Pedido.id_cliente=1  ; select * from produccion WHERE borrado = 0; select * from historico_estados_pedido WHERE borrado = 0
Save/Update: select * from MovimientosCuenta JOIN cliente_movimientos AS cliente ON MovimientosCuenta.nro_movimiento=cliente.nro_movimiento WHERE cliente.id_cliente=1  AND cliente.id_cliente IS NOT  NULL ; select * from cliente_movimientos; select * from documento_movimiento
Save/Update: select * from Factura WHERE  Factura.nro_Doc=1  ; select * from documento_movimiento; select * from LineaFactura WHERE borrado = 0
Save/Update: select * from tipoMovimiento WHERE  tipoMovimiento.tipoMovimientoID=1  
Save/Update: select * from Cuenta WHERE  Cuenta.cuentaID=1  
Save/Update: DELETE cliente_movimientos where nro_movimiento=4  ; DELETE documento_movimiento where nro_movimiento=4  ; ;DELETE MovimientosCuenta WHERE nro_movimiento=4</StdOut>
      </Output>
    </UnitTestResult>
    <UnitTestResult executionId="2b0fc581-e5ad-4a65-b235-273d8ecfb70f" testId="b09f0486-3351-5bc5-0d5a-f108852661b1" testName="guardarClienteTest" computerName="DIEGO-PC" duration="00:00:00.0190624" startTime="2012-11-19T19:38:26.7207078-03:00" endTime="2012-11-19T19:38:26.7457093-03:00" testType="13cdc9d9-ddb5-4fa4-a97d-d965ccfc6d4b" outcome="Passed" testListId="8c84fa94-04c1-424b-9868-57a2d4851a1d" relativeResultsDirectory="2b0fc581-e5ad-4a65-b235-273d8ecfb70f">
      <Output>
        <StdOut>Save/Update: SELECT  ISNULL(MAX(usuarioID + 1),1) from Usuario
Save/Update: INSERT INTO Usuario (usuarioID, nombre, apellido, mail, password, telefonoFijo, telefonoMovil, bloqueado) VALUES (6 , 'nombre6', 'apellido6', 'mail6@test.com', 'pas633', '6666-6666', '6666-6666', 0 ); DELETE JoinUsuarioToFamilia where usuarioID=6  ;  INSERT INTO JoinUsuarioToFamilia ( usuarioID, familiaID) VALUES ( 6 , 5 ); DELETE JoinPatenteToUsuario where usuarioID=6  ;  INSERT INTO JoinPatenteToUsuario ( usuarioID, patenteId) VALUES ( 6 , 3 ); 
Save/Update: SELECT  ISNULL(MAX(id_cliente + 1),1) from Cliente
Save/Update: INSERT INTO Cliente (id_cliente, habitadoTurnos, usuarioID, newsletter) VALUES (3 , 0 , 6 , 1 ); UPDATE Pedido SET borrado=1 WHERE id_cliente=3  ; UPDATE Factura SET borrado=1 WHERE id_cliente=3  ; UPDATE Diseño SET borrado=1 WHERE id_cliente=3  ; 
Save/Update: select * from Cliente WHERE  Cliente.id_cliente=3  ; select * from cliente_movimientos; select * from Pedido WHERE borrado = 0; select * from Factura WHERE borrado = 0; select * from Diseño WHERE borrado = 0
Save/Update: select * from Usuario WHERE  Usuario.usuarioID=6  ; select * from JoinUsuarioToFamilia; select * from JoinPatenteToUsuario
Save/Update: select * from Familia JOIN JoinUsuarioToFamilia AS usuarios ON Familia.familiaID=usuarios.familiaID WHERE usuarios.usuarioID=6  ; select * from JoinFamiliaToPatente
Save/Update: select * from Patente JOIN JoinFamiliaToPatente AS familia ON Patente.patenteId=familia.patenteId WHERE familia.familiaID=5  
Save/Update: select * from Patente JOIN JoinPatenteToUsuario AS usuario ON Patente.patenteId=usuario.patenteId WHERE usuario.usuarioID=6  
Save/Update: select * from Cliente WHERE  Cliente.usuarioID=6  ; select * from cliente_movimientos; select * from Pedido WHERE borrado = 0; select * from Factura WHERE borrado = 0; select * from Diseño WHERE borrado = 0
Save/Update: select * from Diseño WHERE  Diseño.id_cliente=6  ; select * from historico_estados_diseño WHERE borrado = 0
Save/Update: select * from Factura WHERE  Factura.id_cliente=6  ; select * from documento_movimiento; select * from LineaFactura WHERE borrado = 0
Save/Update: select * from Pedido WHERE  Pedido.id_cliente=6  ; select * from produccion WHERE borrado = 0; select * from historico_estados_pedido WHERE borrado = 0
Save/Update: select * from MovimientosCuenta JOIN cliente_movimientos AS cliente ON MovimientosCuenta.nro_movimiento=cliente.nro_movimiento WHERE cliente.id_cliente=6  AND cliente.id_cliente IS NOT  NULL ; select * from cliente_movimientos; select * from documento_movimiento
Save/Update: DELETE cliente_movimientos where id_cliente=3  ; ;DELETE Cliente WHERE id_cliente=3  
Save/Update: DELETE JoinUsuarioToFamilia where usuarioID=6  ; DELETE JoinPatenteToUsuario where usuarioID=6  ; ;DELETE Usuario WHERE usuarioID=6</StdOut>
      </Output>
    </UnitTestResult>
    <UnitTestResult executionId="e2bc60b9-0be0-4986-b775-5529fa88bd92" testId="b1ce8274-0eb4-6ea7-4d2b-12d8e6b2a366" testName="actualizarDiseñoTest" computerName="DIEGO-PC" duration="00:00:00.1064547" startTime="2012-11-19T19:38:26.7477094-03:00" endTime="2012-11-19T19:38:26.8667162-03:00" testType="13cdc9d9-ddb5-4fa4-a97d-d965ccfc6d4b" outcome="Passed" testListId="8c84fa94-04c1-424b-9868-57a2d4851a1d" relativeResultsDirectory="e2bc60b9-0be0-4986-b775-5529fa88bd92">
      <Output>
        <StdOut>Save/Update: SELECT  ISNULL(MAX(cod_diseño + 1),1) from Diseño
Save/Update: INSERT INTO Diseño (cod_diseño, nombre, puntadas, alto, ancho, id_cliente, estadoActual, pathImagen, pathDetalle, pathArchivoEditable, pathArchivoFinal, borrado) VALUES (3 , 'diseño3', 3333 , 33 , 33 , 1 , 1 , '', '', '', '', 0 ); UPDATE historico_estados_diseño SET borrado=1 WHERE cod_diseño=3  ; 
Save/Update: SELECT  ISNULL(MAX(nro_estado + 1),1) from historico_estados_diseño WHERE cod_diseño=3
Save/Update: INSERT INTO historico_estados_diseño (nro_estado, cod_diseño, comentario, fechaDesde, fechaHasta, estado, borrado) VALUES (1 , 3 , 'creacion ficha diseño',  CAST('19/11/2012 19:38:26.759'  AS DateTime),  NULL , 1 , 0 ); 
Save/Update: select * from Diseño WHERE  Diseño.cod_diseño=3  ; select * from historico_estados_diseño WHERE borrado = 0
Save/Update: select * from Cliente WHERE  Cliente.id_cliente=1  ; select * from cliente_movimientos; select * from Pedido WHERE borrado = 0; select * from Factura WHERE borrado = 0; select * from Diseño WHERE borrado = 0
Save/Update: select * from Usuario WHERE  Usuario.usuarioID=1  ; select * from JoinUsuarioToFamilia; select * from JoinPatenteToUsuario
Save/Update: select * from Diseño_insumos WHERE  Diseño_insumos.cod_diseño=3  
Save/Update: select * from historico_estados_diseño WHERE  historico_estados_diseño.cod_diseño=3  
Save/Update: select * from EstadoDiseños WHERE  EstadoDiseños.estado=1  
Save/Update: select * from Diseño WHERE  Diseño.cod_diseño=3  ; select * from historico_estados_diseño WHERE borrado = 0
Save/Update: select * from Cliente WHERE  Cliente.id_cliente=1  ; select * from cliente_movimientos; select * from Pedido WHERE borrado = 0; select * from Factura WHERE borrado = 0; select * from Diseño WHERE borrado = 0
Save/Update: select * from Usuario WHERE  Usuario.usuarioID=1  ; select * from JoinUsuarioToFamilia; select * from JoinPatenteToUsuario
Save/Update: select * from Diseño_insumos WHERE  Diseño_insumos.cod_diseño=3  
Save/Update: select * from historico_estados_diseño WHERE  historico_estados_diseño.cod_diseño=3  
Save/Update: select * from EstadoDiseños WHERE  EstadoDiseños.estado=1  
Save/Update: UPDATE Diseño SET nombre='diseño3', puntadas=3333 , alto=33 , ancho=33 , id_cliente=1 , estadoActual=1 , pathImagen='', pathDetalle='', pathArchivoEditable='', pathArchivoFinal='/cliente1/diseño/diseño1.jpg', borrado=0  WHERE cod_diseño=3  ; UPDATE historico_estados_diseño SET borrado=1 WHERE cod_diseño=3  ; 
Save/Update: DELETE Diseño_insumos WHERE cod_diseño=3  AND cod_insumo=1  
Save/Update: INSERT INTO Diseño_insumos (cod_diseño, cod_insumo, cantidad) VALUES (3 , 1 , 3); 
Save/Update: UPDATE historico_estados_diseño SET comentario='creacion ficha diseño', fechaDesde= CAST('19/11/2012 19:38:26.760'  AS DateTime), fechaHasta= NULL , estado=1 , borrado=0  WHERE nro_estado=1  AND cod_diseño=3  ; 
Save/Update: select * from Diseño WHERE  Diseño.cod_diseño=3  ; select * from historico_estados_diseño WHERE borrado = 0
Save/Update: select * from Cliente WHERE  Cliente.id_cliente=1  ; select * from cliente_movimientos; select * from Pedido WHERE borrado = 0; select * from Factura WHERE borrado = 0; select * from Diseño WHERE borrado = 0
Save/Update: select * from Usuario WHERE  Usuario.usuarioID=1  ; select * from JoinUsuarioToFamilia; select * from JoinPatenteToUsuario
Save/Update: select * from Diseño_insumos WHERE  Diseño_insumos.cod_diseño=3  
Save/Update: select * from historico_estados_diseño WHERE  historico_estados_diseño.cod_diseño=3  
Save/Update: select * from EstadoDiseños WHERE  EstadoDiseños.estado=1  
Save/Update: UPDATE Diseño SET nombre='diseño3', puntadas=3333 , alto=33 , ancho=33 , id_cliente=1 , estadoActual=2 , pathImagen='', pathDetalle='', pathArchivoEditable='', pathArchivoFinal='/cliente1/diseño/diseño1.jpg', borrado=0  WHERE cod_diseño=3  ; UPDATE historico_estados_diseño SET borrado=1 WHERE cod_diseño=3  ; 
Save/Update: DELETE Diseño_insumos WHERE cod_diseño=3  AND cod_insumo=1  
Save/Update: INSERT INTO Diseño_insumos (cod_diseño, cod_insumo, cantidad) VALUES (3 , 1 , 3); 
Save/Update: UPDATE historico_estados_diseño SET comentario='creacion ficha diseño', fechaDesde= CAST('19/11/2012 19:38:26.760'  AS DateTime), fechaHasta= CAST('19/11/2012 19:38:26.845'  AS DateTime), estado=1 , borrado=0  WHERE nro_estado=1  AND cod_diseño=3  ; 
Save/Update: SELECT  ISNULL(MAX(nro_estado + 1),1) from historico_estados_diseño WHERE cod_diseño=3
Save/Update: INSERT INTO historico_estados_diseño (nro_estado, cod_diseño, comentario, fechaDesde, fechaHasta, estado, borrado) VALUES (2 , 3 , '',  CAST('19/11/2012 19:38:26.845'  AS DateTime),  NULL , 2 , 0 ); 
Save/Update: select * from Diseño WHERE  Diseño.cod_diseño=3  ; select * from historico_estados_diseño WHERE borrado = 0
Save/Update: select * from Cliente WHERE  Cliente.id_cliente=1  ; select * from cliente_movimientos; select * from Pedido WHERE borrado = 0; select * from Factura WHERE borrado = 0; select * from Diseño WHERE borrado = 0
Save/Update: select * from Usuario WHERE  Usuario.usuarioID=1  ; select * from JoinUsuarioToFamilia; select * from JoinPatenteToUsuario
Save/Update: select * from Diseño_insumos WHERE  Diseño_insumos.cod_diseño=3  
Save/Update: select * from historico_estados_diseño WHERE  historico_estados_diseño.cod_diseño=3  
Save/Update: select * from EstadoDiseños WHERE  EstadoDiseños.estado=2  
Save/Update: DELETE FROM Diseño_insumos where cod_diseño=3
Save/Update: DELETE FROM historico_estados_diseño where cod_diseño=3
Save/Update: DELETE Diseño WHERE cod_diseño=3</StdOut>
      </Output>
    </UnitTestResult>
    <UnitTestResult executionId="82e1879d-3099-4720-a9c2-fdb7f1073e5d" testId="b2564a1d-a5df-de1a-d3dd-41d0e33b00f4" testName="actualizaOrdenDeCompraTest" computerName="DIEGO-PC" duration="00:00:00.0551276" startTime="2012-11-19T19:38:26.8727165-03:00" endTime="2012-11-19T19:38:26.9357201-03:00" testType="13cdc9d9-ddb5-4fa4-a97d-d965ccfc6d4b" outcome="Passed" testListId="8c84fa94-04c1-424b-9868-57a2d4851a1d" relativeResultsDirectory="82e1879d-3099-4720-a9c2-fdb7f1073e5d">
      <Output>
        <StdOut>Save/Update: SELECT  ISNULL(MAX(nro_Doc + 1),1) from documento
Save/Update: INSERT INTO documento VALUES (5)
Save/Update: SELECT  ISNULL(MAX(nro_orden_compra + 1),1) from OrdenDeCompra WHERE nro_sucursal=1 AND tipo_orden_compra='A'
Save/Update: INSERT INTO OrdenDeCompra (nro_Doc, iva, fecha, borrado, nro_orden_compra, nro_sucursal, tipo_orden_compra, id_proveedor, monto) VALUES (5 , 1.1,  CAST('13/10/2012 21:44:12.000'  AS DateTime), 0 , 2 , 1 , 'A', 2 , 100); UPDATE LineaOrdenDeCompra SET borrado=1 WHERE nro_orden_compra=2  AND nro_sucursal=1  AND tipo_orden_compra='A' ; 
Save/Update: SELECT  ISNULL(MAX(nro_linea + 1),1) from LineaOrdenDeCompra WHERE nro_orden_compra=2 AND nro_sucursal=1 AND tipo_orden_compra='A'
Save/Update: INSERT INTO LineaOrdenDeCompra (nro_orden_compra, nro_sucursal, tipo_orden_compra, nro_linea, cod_producto, cantidad, precio, borrado) VALUES (2 , 1 , 'A', 1 , 2 , 10 , 50, 0 ); 
Save/Update: SELECT  ISNULL(MAX(nro_movimiento + 1),1) from MovimientosCuenta
Save/Update: INSERT INTO MovimientosCuenta (nro_movimiento, comentario, fecha, monto, cuentaID, tipoMovimientoID) VALUES (4 , 'com test',  CAST('13/10/2012 21:44:12.000'  AS DateTime), 100, 1 , 1 ); DELETE proveedor_movimientos where nro_movimiento=4  ;  INSERT INTO proveedor_movimientos ( nro_movimiento, id_proveedor) VALUES ( 4 , 2 ); DELETE documento_movimiento where nro_movimiento=4  ;  INSERT INTO documento_movimiento ( nro_movimiento, nro_Doc) VALUES ( 4 , 5 ); 
Save/Update: select * from OrdenDeCompra WHERE  OrdenDeCompra.nro_orden_compra=2  AND  OrdenDeCompra.nro_sucursal=1  AND  OrdenDeCompra.tipo_orden_compra='A' ; select * from documento_movimiento; select * from LineaOrdenDeCompra WHERE borrado = 0
Save/Update: select * from LineaOrdenDeCompra WHERE  LineaOrdenDeCompra.nro_orden_compra=2  AND  LineaOrdenDeCompra.tipo_orden_compra='A' AND  LineaOrdenDeCompra.nro_sucursal=1  
Save/Update: select * from insumo WHERE  insumo.cod_insumo=2  
Save/Update: select * from Proveedor WHERE  Proveedor.id_proveedor=2  
Save/Update: select * from MovimientosCuenta JOIN documento_movimiento AS documento ON MovimientosCuenta.nro_movimiento=documento.nro_movimiento JOIN proveedor_movimientos AS proveedor ON MovimientosCuenta.nro_movimiento=proveedor.nro_movimiento WHERE documento.nro_Doc=5  AND proveedor.id_proveedor IS NOT  NULL ; select * from proveedor_movimientos; select * from documento_movimiento
Save/Update: UPDATE OrdenDeCompra SET nro_Doc=5 , iva=1.1, fecha= CAST('13/10/2012 21:44:12.000'  AS DateTime), borrado=0 , id_proveedor=2 , monto=111 WHERE nro_orden_compra=2  AND nro_sucursal=1  AND tipo_orden_compra='A' ; UPDATE LineaOrdenDeCompra SET borrado=1 WHERE nro_orden_compra=2  AND nro_sucursal=1  AND tipo_orden_compra='A' ; 
Save/Update: UPDATE LineaOrdenDeCompra SET cod_producto=2 , cantidad=15 , precio=50, borrado=0  WHERE nro_orden_compra=2  AND nro_sucursal=1  AND tipo_orden_compra='A' AND nro_linea=1  ; 
Save/Update: SELECT  ISNULL(MAX(nro_linea + 1),1) from LineaOrdenDeCompra WHERE nro_orden_compra=2 AND nro_sucursal=1 AND tipo_orden_compra='A'
Save/Update: INSERT INTO LineaOrdenDeCompra (nro_orden_compra, nro_sucursal, tipo_orden_compra, nro_linea, cod_producto, cantidad, precio, borrado) VALUES (2 , 1 , 'A', 2 , 1 , 10 , 0, 0 ); 
Save/Update: UPDATE MovimientosCuenta SET comentario='com test', fecha= CAST('13/10/2012 21:44:12.000'  AS DateTime), monto=111, cuentaID=1 , tipoMovimientoID=1  WHERE nro_movimiento=4  ; DELETE proveedor_movimientos where nro_movimiento=4  ;  INSERT INTO proveedor_movimientos ( nro_movimiento, id_proveedor) VALUES ( 4 , 2 ); DELETE documento_movimiento where nro_movimiento=4  ;  INSERT INTO documento_movimiento ( nro_movimiento, nro_Doc) VALUES ( 4 , 5 ); 
Save/Update: select * from OrdenDeCompra WHERE  OrdenDeCompra.nro_orden_compra=2  AND  OrdenDeCompra.nro_sucursal=1  AND  OrdenDeCompra.tipo_orden_compra='A' ; select * from documento_movimiento; select * from LineaOrdenDeCompra WHERE borrado = 0
Save/Update: select * from LineaOrdenDeCompra WHERE  LineaOrdenDeCompra.nro_orden_compra=2  AND  LineaOrdenDeCompra.tipo_orden_compra='A' AND  LineaOrdenDeCompra.nro_sucursal=1  
Save/Update: select * from insumo WHERE  insumo.cod_insumo=2  
Save/Update: select * from insumo WHERE  insumo.cod_insumo=1  
Save/Update: select * from Proveedor WHERE  Proveedor.id_proveedor=2  
Save/Update: select * from MovimientosCuenta JOIN documento_movimiento AS documento ON MovimientosCuenta.nro_movimiento=documento.nro_movimiento JOIN proveedor_movimientos AS proveedor ON MovimientosCuenta.nro_movimiento=proveedor.nro_movimiento WHERE documento.nro_Doc=5  AND proveedor.id_proveedor IS NOT  NULL ; select * from proveedor_movimientos; select * from documento_movimiento
Save/Update: DELETE LineaOrdenDeCompra WHERE nro_orden_compra=2  AND nro_sucursal=1  AND tipo_orden_compra='A' AND nro_linea=1  
Save/Update: DELETE LineaOrdenDeCompra WHERE nro_orden_compra=2  AND nro_sucursal=1  AND tipo_orden_compra='A' AND nro_linea=2  
Save/Update: DELETE proveedor_movimientos where nro_movimiento=4  ; DELETE documento_movimiento where nro_movimiento=4  ; ;DELETE MovimientosCuenta WHERE nro_movimiento=4  
Save/Update: DELETE FROM OrdenDeCompra WHERE nro_Doc =5
Save/Update: delete documento where nro_doc=5</StdOut>
      </Output>
    </UnitTestResult>
    <UnitTestResult executionId="32936595-c79c-473c-88b6-63fad4d739da" testId="b28eae18-99f0-9519-6256-d75c3d089452" testName="grabarNewsletterTest" computerName="DIEGO-PC" duration="00:00:00.0152256" startTime="2012-11-19T19:38:26.9377202-03:00" endTime="2012-11-19T19:38:26.9637217-03:00" testType="13cdc9d9-ddb5-4fa4-a97d-d965ccfc6d4b" outcome="Passed" testListId="8c84fa94-04c1-424b-9868-57a2d4851a1d" relativeResultsDirectory="32936595-c79c-473c-88b6-63fad4d739da">
      <Output>
        <StdOut>Save/Update: SELECT  ISNULL(MAX(id + 1),1) from newsletter
Save/Update: INSERT INTO newsletter (id, newsletter, nombre, enviado) VALUES (3 , 'html', 'news3', 0 ); 
Save/Update: select * from newsletter
Save/Update: DELETE newsletter WHERE id=3</StdOut>
      </Output>
    </UnitTestResult>
    <UnitTestResult executionId="56b612d6-7937-48da-b562-03c53f89392b" testId="b40b8a29-c95a-4ade-0e51-c133972e69c6" testName="grabarTest" computerName="DIEGO-PC" duration="00:00:00.0150815" startTime="2012-11-19T19:38:26.9717222-03:00" endTime="2012-11-19T19:38:26.9947235-03:00" testType="13cdc9d9-ddb5-4fa4-a97d-d965ccfc6d4b" outcome="Passed" testListId="8c84fa94-04c1-424b-9868-57a2d4851a1d" relativeResultsDirectory="56b612d6-7937-48da-b562-03c53f89392b">
      <Output>
        <StdOut>Save/Update: INSERT INTO Proveedor (id_proveedor, nombre, telefono, direccion) VALUES (4 , 'nombre4', '4444-4444', 'direccion 4'); 
Save/Update: SELECT  ISNULL(MAX(nro_Doc + 1),1) from documento
Save/Update: INSERT INTO documento VALUES (5)
Save/Update: SELECT  ISNULL(MAX(nro_orden_compra + 1),1) from OrdenDeCompra WHERE nro_sucursal=1 AND tipo_orden_compra='A'
Save/Update: INSERT INTO OrdenDeCompra (nro_Doc, iva, fecha, borrado, nro_orden_compra, nro_sucursal, tipo_orden_compra, id_proveedor, monto) VALUES (5 , 33.3,  CAST('19/11/2012 19:38:26.978'  AS DateTime), 0 , 2 , 1 , 'A', 4 , 33.3); UPDATE LineaOrdenDeCompra SET borrado=1 WHERE nro_orden_compra=2  AND nro_sucursal=1  AND tipo_orden_compra='A' ; 
Save/Update: select * from Proveedor
Save/Update: select * from OrdenDeCompra WHERE  OrdenDeCompra.id_proveedor=1  ; select * from documento_movimiento; select * from LineaOrdenDeCompra WHERE borrado = 0
Save/Update: select * from OrdenDeCompra WHERE  OrdenDeCompra.id_proveedor=2  ; select * from documento_movimiento; select * from LineaOrdenDeCompra WHERE borrado = 0
Save/Update: select * from OrdenDeCompra WHERE  OrdenDeCompra.id_proveedor=3  ; select * from documento_movimiento; select * from LineaOrdenDeCompra WHERE borrado = 0
Save/Update: select * from OrdenDeCompra WHERE  OrdenDeCompra.id_proveedor=4  ; select * from documento_movimiento; select * from LineaOrdenDeCompra WHERE borrado = 0
Save/Update: delete OrdenDeCompra where nro_doc=5
Save/Update: delete documento where nro_doc=5
Save/Update: DELETE Proveedor WHERE id_proveedor=4  
Save/Update: UPDATE Proveedor SET nombre='nombre1', telefono='1111-1111', direccion='direccion 1' WHERE id_proveedor=1  ;</StdOut>
      </Output>
    </UnitTestResult>
    <UnitTestResult executionId="b8a10299-c4c8-460a-a684-1453877a0aad" testId="b6192558-2ee3-59f6-6537-ecfd184b2822" testName="CargarClientesTest" computerName="DIEGO-PC" duration="00:00:00.0368260" startTime="2012-11-19T19:38:27.0007238-03:00" endTime="2012-11-19T19:38:27.0447264-03:00" testType="13cdc9d9-ddb5-4fa4-a97d-d965ccfc6d4b" outcome="Passed" testListId="8c84fa94-04c1-424b-9868-57a2d4851a1d" relativeResultsDirectory="b8a10299-c4c8-460a-a684-1453877a0aad">
      <Output>
        <StdOut>Save/Update: select * from Cliente; select * from cliente_movimientos; select * from Pedido WHERE borrado = 0; select * from Factura WHERE borrado = 0; select * from Diseño WHERE borrado = 0
Save/Update: select * from Usuario WHERE  Usuario.usuarioID=1  ; select * from JoinUsuarioToFamilia; select * from JoinPatenteToUsuario
Save/Update: select * from Familia JOIN JoinUsuarioToFamilia AS usuarios ON Familia.familiaID=usuarios.familiaID WHERE usuarios.usuarioID=1  ; select * from JoinFamiliaToPatente
Save/Update: select * from Patente JOIN JoinPatenteToUsuario AS usuario ON Patente.patenteId=usuario.patenteId WHERE usuario.usuarioID=1  
Save/Update: select * from Cliente WHERE  Cliente.usuarioID=1  ; select * from cliente_movimientos; select * from Pedido WHERE borrado = 0; select * from Factura WHERE borrado = 0; select * from Diseño WHERE borrado = 0
Save/Update: select * from Diseño WHERE  Diseño.id_cliente=1  ; select * from historico_estados_diseño WHERE borrado = 0
Save/Update: select * from Factura WHERE  Factura.id_cliente=1  ; select * from documento_movimiento; select * from LineaFactura WHERE borrado = 0
Save/Update: select * from Pedido WHERE  Pedido.id_cliente=1  ; select * from produccion WHERE borrado = 0; select * from historico_estados_pedido WHERE borrado = 0
Save/Update: select * from MovimientosCuenta JOIN cliente_movimientos AS cliente ON MovimientosCuenta.nro_movimiento=cliente.nro_movimiento WHERE cliente.id_cliente=1  AND cliente.id_cliente IS NOT  NULL ; select * from cliente_movimientos; select * from documento_movimiento
Save/Update: select * from Usuario WHERE  Usuario.usuarioID=2  ; select * from JoinUsuarioToFamilia; select * from JoinPatenteToUsuario
Save/Update: select * from Familia JOIN JoinUsuarioToFamilia AS usuarios ON Familia.familiaID=usuarios.familiaID WHERE usuarios.usuarioID=2  ; select * from JoinFamiliaToPatente
Save/Update: select * from Patente JOIN JoinFamiliaToPatente AS familia ON Patente.patenteId=familia.patenteId WHERE familia.familiaID=2  
Save/Update: select * from Patente JOIN JoinPatenteToUsuario AS usuario ON Patente.patenteId=usuario.patenteId WHERE usuario.usuarioID=2  
Save/Update: select * from Cliente WHERE  Cliente.usuarioID=2  ; select * from cliente_movimientos; select * from Pedido WHERE borrado = 0; select * from Factura WHERE borrado = 0; select * from Diseño WHERE borrado = 0
Save/Update: select * from Diseño WHERE  Diseño.id_cliente=2  ; select * from historico_estados_diseño WHERE borrado = 0
Save/Update: select * from Factura WHERE  Factura.id_cliente=2  ; select * from documento_movimiento; select * from LineaFactura WHERE borrado = 0
Save/Update: select * from Pedido WHERE  Pedido.id_cliente=2  ; select * from produccion WHERE borrado = 0; select * from historico_estados_pedido WHERE borrado = 0
Save/Update: select * from MovimientosCuenta JOIN cliente_movimientos AS cliente ON MovimientosCuenta.nro_movimiento=cliente.nro_movimiento WHERE cliente.id_cliente=2  AND cliente.id_cliente IS NOT  NULL ; select * from cliente_movimientos; select * from documento_movimiento
Save/Update: UPDATE Usuario SET nombre='nombre1', apellido='apellido1', mail='mail1@test.com', password='11C8', telefonoFijo='1111-1111', telefonoMovil='1111-1111', bloqueado=0  WHERE usuarioID=1  ; DELETE JoinUsuarioToFamilia where usuarioID=1  ; DELETE JoinPatenteToUsuario where usuarioID=1  ; 
Save/Update: UPDATE Cliente SET habitadoTurnos=1 , newsletter=0  WHERE id_cliente=1  ; UPDATE Pedido SET borrado=1 WHERE id_cliente=1  ; UPDATE Factura SET borrado=1 WHERE id_cliente=1  ; UPDATE Diseño SET borrado=1 WHERE id_cliente=1  ; 
Save/Update:  UPDATE factura set borrado = 0 
Save/Update:  UPDATE diseño set borrado = 0 
Save/Update:  UPDATE pedido set borrado = 0 
Save/Update:  Insert into JoinPatenteToUsuario values (1,1)</StdOut>
      </Output>
    </UnitTestResult>
    <UnitTestResult executionId="e4089841-18ef-4774-9de4-ca052c95c554" testId="b697701d-8cff-a257-c4da-79dac613bf34" testName="grabarMensajeTest" computerName="DIEGO-PC" duration="00:00:00.0055999" startTime="2012-11-19T19:38:27.0507267-03:00" endTime="2012-11-19T19:38:27.0627274-03:00" testType="13cdc9d9-ddb5-4fa4-a97d-d965ccfc6d4b" outcome="Passed" testListId="8c84fa94-04c1-424b-9868-57a2d4851a1d" relativeResultsDirectory="e4089841-18ef-4774-9de4-ca052c95c554">
      <Output>
        <StdOut>Save/Update: SELECT  ISNULL(MAX(id + 1),1) from Mensaje
Save/Update: INSERT INTO Mensaje (id, tipoMensaje, fecha, mensaje, leido, borrado, id_conversacion) VALUES (5 , 0 ,  CAST('19/11/2012 19:38:27.056'  AS DateTime), 'test msj grabarMensajeTest', 0 , 0 , 1 ); 
Save/Update: select * from Mensaje WHERE  Mensaje.id_conversacion=1  
Save/Update: DELETE Mensaje WHERE id=5</StdOut>
      </Output>
    </UnitTestResult>
    <UnitTestResult executionId="a4c8d33c-4a3d-4a37-a5a5-e5e1d103defd" testId="b6c93299-c437-e1df-d8ec-dc7e1e4a6bba" testName="listarPedidosConRestriccionTest" computerName="DIEGO-PC" duration="00:00:00.0121441" startTime="2012-11-19T19:38:27.0697278-03:00" endTime="2012-11-19T19:38:27.0887289-03:00" testType="13cdc9d9-ddb5-4fa4-a97d-d965ccfc6d4b" outcome="Passed" testListId="8c84fa94-04c1-424b-9868-57a2d4851a1d" relativeResultsDirectory="a4c8d33c-4a3d-4a37-a5a5-e5e1d103defd">
      <Output>
        <StdOut>Save/Update: select * from Pedido WHERE  Pedido.id_cliente=1  AND  Pedido.estadoActual=3  AND  Pedido.fechaInicio&gt;= CAST('11/09/2012 12:00:00.000'  AS DateTime) AND  Pedido.fechaInicio&lt;= CAST('11/09/2012 14:00:00.000'  AS DateTime) AND  Pedido.fechaFinal&gt;= CAST('11/09/2012 12:00:00.000'  AS DateTime) AND  Pedido.fechaFinal&lt;= CAST('11/09/2012 14:00:00.000'  AS DateTime) ; select * from produccion WHERE borrado = 0; select * from historico_estados_pedido WHERE borrado = 0
Save/Update: select * from historico_estados_pedido WHERE  historico_estados_pedido.cod_pedido=1  
Save/Update: select * from tipoPedido WHERE  tipoPedido.tipo_pedido=1  
Save/Update: select * from produccion WHERE  produccion.cod_pedido=1  ; select * from historico_estados_produccion WHERE borrado = 0
Save/Update: select * from Cliente WHERE  Cliente.id_cliente=1  ; select * from cliente_movimientos; select * from Pedido WHERE borrado = 0; select * from Factura WHERE borrado = 0; select * from Diseño WHERE borrado = 0
Save/Update: select * from EstadoPedido WHERE  EstadoPedido.estado_pedido=3  
Save/Update: DELETE historico_estados_pedido WHERE nro_estado=1  AND cod_pedido=5  
Save/Update: DELETE historico_estados_pedido WHERE nro_estado=2  AND cod_pedido=5  
Save/Update: DELETE produccion WHERE cod_produccion=7  
Save/Update: DELETE Pedido WHERE cod_pedido=5</StdOut>
      </Output>
    </UnitTestResult>
    <UnitTestResult executionId="ed287a0c-eace-493c-9d9b-e37688732347" testId="b6d2504c-fd0b-46f0-ca34-952aa534d5bc" testName="listarNewsletterTest" computerName="DIEGO-PC" duration="00:00:00.0018201" startTime="2012-11-19T19:38:27.0947292-03:00" endTime="2012-11-19T19:38:27.1057298-03:00" testType="13cdc9d9-ddb5-4fa4-a97d-d965ccfc6d4b" outcome="Passed" testListId="8c84fa94-04c1-424b-9868-57a2d4851a1d" relativeResultsDirectory="ed287a0c-eace-493c-9d9b-e37688732347">
      <Output>
        <StdOut>Save/Update: select * from newsletter</StdOut>
      </Output>
    </UnitTestResult>
    <UnitTestResult executionId="4f70b825-12a9-4f98-a28a-24642288e8a3" testId="b757834a-da0f-6514-4f88-5f56b32e1557" testName="buscarMovimintosTest" computerName="DIEGO-PC" duration="00:00:00.0058390" startTime="2012-11-19T19:38:27.1117302-03:00" endTime="2012-11-19T19:38:27.1237309-03:00" testType="13cdc9d9-ddb5-4fa4-a97d-d965ccfc6d4b" outcome="Passed" testListId="8c84fa94-04c1-424b-9868-57a2d4851a1d" relativeResultsDirectory="4f70b825-12a9-4f98-a28a-24642288e8a3">
      <Output>
        <StdOut>Save/Update: select * from MovimientosCuenta JOIN proveedor_movimientos AS proveedor ON MovimientosCuenta.nro_movimiento=proveedor.nro_movimiento WHERE  MovimientosCuenta.comentario LIKE '%m3%'AND  MovimientosCuenta.fecha&gt;= CAST('03/03/2003 00:00:00.000'  AS DateTime) AND  MovimientosCuenta.monto&gt;=30 AND  MovimientosCuenta.monto&lt;=33 AND  MovimientosCuenta.cuentaID=1  AND  MovimientosCuenta.tipoMovimientoID=1  AND proveedor.id_proveedor=1  AND proveedor.id_proveedor IS NOT  NULL ; select * from proveedor_movimientos; select * from documento_movimiento
Save/Update: select * from Proveedor WHERE  Proveedor.id_proveedor=1  
Save/Update: select * from OrdenDeCompra WHERE  OrdenDeCompra.id_proveedor=1  ; select * from documento_movimiento; select * from LineaOrdenDeCompra WHERE borrado = 0
Save/Update: select * from OrdenDeCompra WHERE  OrdenDeCompra.nro_Doc=3  ; select * from documento_movimiento; select * from LineaOrdenDeCompra WHERE borrado = 0
Save/Update: select * from tipoMovimiento WHERE  tipoMovimiento.tipoMovimientoID=1  
Save/Update: select * from Cuenta WHERE  Cuenta.cuentaID=1  
Save/Update: DELETE proveedor_movimientos where nro_movimiento=4  ; DELETE documento_movimiento where nro_movimiento=4  ; ;DELETE MovimientosCuenta WHERE nro_movimiento=4</StdOut>
      </Output>
    </UnitTestResult>
    <UnitTestResult executionId="d67cd163-4181-4052-95cd-c0e2ee60885d" testId="b8413468-f954-3662-0efc-8c48132ad726" testName="listarProduccionPorPedidoTest" computerName="DIEGO-PC" duration="00:00:00.0173686" startTime="2012-11-19T19:38:27.1297312-03:00" endTime="2012-11-19T19:38:27.1567328-03:00" testType="13cdc9d9-ddb5-4fa4-a97d-d965ccfc6d4b" outcome="Passed" testListId="8c84fa94-04c1-424b-9868-57a2d4851a1d" relativeResultsDirectory="d67cd163-4181-4052-95cd-c0e2ee60885d">
      <Output>
        <StdOut>Save/Update: select * from produccion WHERE  produccion.cod_pedido=1  ; select * from historico_estados_produccion WHERE borrado = 0
Save/Update: select * from Pedido WHERE  Pedido.cod_pedido=1  ; select * from produccion WHERE borrado = 0; select * from historico_estados_pedido WHERE borrado = 0
Save/Update: select * from Maquina WHERE  Maquina.cod_maquina=1  ; select * from JoinMaquinaToTipoPrenda
Save/Update: select * from Articulos WHERE  Articulos.cod_articulo=1  ; select * from lista_precios WHERE borrado = 0
Save/Update: select * from EstadoTrabajos WHERE  EstadoTrabajos.cod_estado=3  
Save/Update: select * from historico_estados_produccion WHERE  historico_estados_produccion.cod_produccion=1  
Save/Update: select * from produccion_operador WHERE  produccion_operador.cod_prodcuccion=1  
Save/Update: select * from Pedido WHERE  Pedido.cod_pedido=1  ; select * from produccion WHERE borrado = 0; select * from historico_estados_pedido WHERE borrado = 0
Save/Update: select * from Maquina WHERE  Maquina.cod_maquina=1  ; select * from JoinMaquinaToTipoPrenda
Save/Update: select * from Articulos WHERE  Articulos.cod_articulo=2  ; select * from lista_precios WHERE borrado = 0
Save/Update: select * from EstadoTrabajos WHERE  EstadoTrabajos.cod_estado=2  
Save/Update: select * from historico_estados_produccion WHERE  historico_estados_produccion.cod_produccion=2  
Save/Update: select * from produccion_operador WHERE  produccion_operador.cod_prodcuccion=2  
Save/Update: select * from Pedido WHERE  Pedido.cod_pedido=1  ; select * from produccion WHERE borrado = 0; select * from historico_estados_pedido WHERE borrado = 0
Save/Update: select * from Maquina WHERE  Maquina.cod_maquina=2  ; select * from JoinMaquinaToTipoPrenda
Save/Update: select * from Articulos WHERE  Articulos.cod_articulo=3  ; select * from lista_precios WHERE borrado = 0
Save/Update: select * from EstadoTrabajos WHERE  EstadoTrabajos.cod_estado=0  
Save/Update: select * from historico_estados_produccion WHERE  historico_estados_produccion.cod_produccion=3  
Save/Update: select * from produccion_operador WHERE  produccion_operador.cod_prodcuccion=3  
Save/Update: DELETE produccion_operador WHERE id_operador=2  AND cod_prodcuccion=7  
Save/Update: DELETE historico_estados_produccion WHERE nro_estado=1  AND cod_produccion=7  
Save/Update: DELETE historico_estados_produccion WHERE nro_estado=2  AND cod_produccion=7  
Save/Update: DELETE produccion WHERE cod_produccion=7</StdOut>
      </Output>
    </UnitTestResult>
    <UnitTestResult executionId="e825f1fd-3f96-4fa1-88ce-1c1ce197fdff" testId="b8f7e814-b981-7bd7-8770-09bbc779dc13" testName="buscarPorDescripcionTest" computerName="DIEGO-PC" duration="00:00:00.0713328" startTime="2012-11-19T19:38:27.1657333-03:00" endTime="2012-11-19T19:38:27.2467379-03:00" testType="13cdc9d9-ddb5-4fa4-a97d-d965ccfc6d4b" outcome="Passed" testListId="8c84fa94-04c1-424b-9868-57a2d4851a1d" relativeResultsDirectory="e825f1fd-3f96-4fa1-88ce-1c1ce197fdff">
      <Output>
        <StdOut>Save/Update: select * from tipoInsumo WHERE  tipoInsumo.descripcion='friselina gruesa'</StdOut>
      </Output>
    </UnitTestResult>
    <UnitTestResult executionId="1ed6d6cb-5ba3-468e-86f8-72c4e2d64a8d" testId="b942b6d6-f408-1783-9c4d-ef179ac5d56f" testName="listarArticulosPorPrendaTest" computerName="DIEGO-PC" duration="00:00:00.0071936" startTime="2012-11-19T19:38:27.2527383-03:00" endTime="2012-11-19T19:38:27.2667391-03:00" testType="13cdc9d9-ddb5-4fa4-a97d-d965ccfc6d4b" outcome="Passed" testListId="8c84fa94-04c1-424b-9868-57a2d4851a1d" relativeResultsDirectory="1ed6d6cb-5ba3-468e-86f8-72c4e2d64a8d">
      <Output>
        <StdOut>Save/Update: select * from Articulos WHERE  Articulos.tipoPrendaID=1  AND  Articulos.borrado=0  ; select * from lista_precios WHERE borrado = 0
Save/Update: select * from lista_precios WHERE  lista_precios.cod_articulo=1  
Save/Update: select * from TipoPrenda WHERE  TipoPrenda.tipo_prenda=1  
Save/Update: select * from Diseño WHERE  Diseño.cod_diseño=1  ; select * from historico_estados_diseño WHERE borrado = 0
Save/Update: DELETE lista_precios WHERE nro_lista=1  AND cod_articulo=4  
Save/Update: DELETE lista_precios WHERE nro_lista=2  AND cod_articulo=4  
Save/Update: DELETE Articulos WHERE cod_articulo=4</StdOut>
      </Output>
    </UnitTestResult>
    <UnitTestResult executionId="686269a5-6bcd-47e8-9c87-2a8f437b3058" testId="b98676fe-ee87-56df-eacd-dd7ebb6e2cd3" testName="buscarTodoTest" computerName="DIEGO-PC" duration="00:00:00.0048341" startTime="2012-11-19T19:38:27.2687392-03:00" endTime="2012-11-19T19:38:27.2847401-03:00" testType="13cdc9d9-ddb5-4fa4-a97d-d965ccfc6d4b" outcome="Passed" testListId="8c84fa94-04c1-424b-9868-57a2d4851a1d" relativeResultsDirectory="686269a5-6bcd-47e8-9c87-2a8f437b3058">
      <Output>
        <StdOut>Save/Update: select * from tipoInsumo</StdOut>
      </Output>
    </UnitTestResult>
    <UnitTestResult executionId="7331c803-bb61-45e4-8d74-f5820bff7bf6" testId="b9fd46b5-4626-f3cd-bb11-d3d09ef904e4" testName="cargarFamiliasPorUsuarioTest" computerName="DIEGO-PC" duration="00:00:00.0032019" startTime="2012-11-19T19:38:27.2917405-03:00" endTime="2012-11-19T19:38:27.3017411-03:00" testType="13cdc9d9-ddb5-4fa4-a97d-d965ccfc6d4b" outcome="Passed" testListId="8c84fa94-04c1-424b-9868-57a2d4851a1d" relativeResultsDirectory="7331c803-bb61-45e4-8d74-f5820bff7bf6">
      <Output>
        <StdOut>Save/Update: select * from Patente JOIN JoinPatenteToUsuario AS usuario ON Patente.patenteId=usuario.patenteId WHERE usuario.usuarioID=3</StdOut>
      </Output>
    </UnitTestResult>
    <UnitTestResult executionId="06876d0b-16fc-4233-842a-849597227f84" testId="bab93624-9701-4d27-3151-c1bf509e95c1" testName="grabarProduccionOperadorTDGTest" computerName="DIEGO-PC" duration="00:00:00.0056157" startTime="2012-11-19T19:38:27.3087415-03:00" endTime="2012-11-19T19:38:27.3197421-03:00" testType="13cdc9d9-ddb5-4fa4-a97d-d965ccfc6d4b" outcome="Passed" testListId="8c84fa94-04c1-424b-9868-57a2d4851a1d" relativeResultsDirectory="06876d0b-16fc-4233-842a-849597227f84">
      <Output>
        <StdOut>Save/Update: INSERT INTO produccion_operador (id_operador, cod_prodcuccion, porcentaje) VALUES (2 , 6 , 1 ); 
Save/Update: select * from produccion_operador WHERE  produccion_operador.id_operador=2  AND  produccion_operador.cod_prodcuccion=6  
Save/Update: DELETE produccion_operador WHERE id_operador=2  AND cod_prodcuccion=6</StdOut>
      </Output>
    </UnitTestResult>
    <UnitTestResult executionId="070d96d3-e7a0-45cf-96ce-a74dc59dca73" testId="bb119d3a-e948-8bb7-862b-ef22cd5e5418" testName="cargarlistaProduccionConRestriccionesTest" computerName="DIEGO-PC" duration="00:00:00.0089712" startTime="2012-11-19T19:38:27.3217422-03:00" endTime="2012-11-19T19:38:27.3387432-03:00" testType="13cdc9d9-ddb5-4fa4-a97d-d965ccfc6d4b" outcome="Passed" testListId="8c84fa94-04c1-424b-9868-57a2d4851a1d" relativeResultsDirectory="070d96d3-e7a0-45cf-96ce-a74dc59dca73">
      <Output>
        <StdOut>Save/Update: select * from produccion WHERE  produccion.cod_produccion=1  AND  produccion.cod_pedido=1  AND  produccion.cod_articulo=1  AND  produccion.cod_maquina=1  AND  produccion.estadoActual=3  AND  produccion.comentario LIKE '%rio%'AND  produccion.borrado=0  ; select * from historico_estados_produccion WHERE borrado = 0
Save/Update: DELETE produccion WHERE cod_produccion=7</StdOut>
      </Output>
    </UnitTestResult>
    <UnitTestResult executionId="3b3b005d-65ea-46aa-9eff-245e83af5ae1" testId="bbf04cdd-f777-915a-4f82-d89d0fb3c21c" testName="actualizarTipoPedidosTest" computerName="DIEGO-PC" duration="00:00:00.0057299" startTime="2012-11-19T19:38:27.3417433-03:00" endTime="2012-11-19T19:38:27.3547441-03:00" testType="13cdc9d9-ddb5-4fa4-a97d-d965ccfc6d4b" outcome="Passed" testListId="8c84fa94-04c1-424b-9868-57a2d4851a1d" relativeResultsDirectory="3b3b005d-65ea-46aa-9eff-245e83af5ae1">
      <Output>
        <StdOut>Save/Update: UPDATE tipoPedido SET descripcion='tipo modificado' WHERE tipo_pedido=1  ; 
Save/Update: select * from tipoPedido WHERE  tipoPedido.tipo_pedido=1  
Save/Update: UPDATE tipoPedido SET descripcion='con turno' WHERE tipo_pedido=1  ;</StdOut>
      </Output>
    </UnitTestResult>
    <UnitTestResult executionId="e3f37541-83f0-4a5a-a371-c02b683826c5" testId="bc086558-20df-1a67-5cff-56823f0eb575" testName="cargarFamiliasPorFamiliaTest" computerName="DIEGO-PC" duration="00:00:00.0021969" startTime="2012-11-19T19:38:27.3567442-03:00" endTime="2012-11-19T19:38:27.3667448-03:00" testType="13cdc9d9-ddb5-4fa4-a97d-d965ccfc6d4b" outcome="Passed" testListId="8c84fa94-04c1-424b-9868-57a2d4851a1d" relativeResultsDirectory="e3f37541-83f0-4a5a-a371-c02b683826c5">
      <Output>
        <StdOut>Save/Update: select * from Patente JOIN JoinFamiliaToPatente AS familia ON Patente.patenteId=familia.patenteId WHERE familia.familiaID=6</StdOut>
      </Output>
    </UnitTestResult>
    <UnitTestResult executionId="45b6de0d-1ea6-4f3f-a29a-edb57d56e253" testId="bc6fbc6a-1040-2a7b-d37a-1937b6e2fa50" testName="listarOrdenDeComprasPorProveedorTest" computerName="DIEGO-PC" duration="00:00:00.0126867" startTime="2012-11-19T19:38:27.3687449-03:00" endTime="2012-11-19T19:38:27.3887460-03:00" testType="13cdc9d9-ddb5-4fa4-a97d-d965ccfc6d4b" outcome="Passed" testListId="8c84fa94-04c1-424b-9868-57a2d4851a1d" relativeResultsDirectory="45b6de0d-1ea6-4f3f-a29a-edb57d56e253">
      <Output>
        <StdOut>Save/Update: select * from OrdenDeCompra WHERE  OrdenDeCompra.id_proveedor=1  ; select * from documento_movimiento; select * from LineaOrdenDeCompra WHERE borrado = 0
Save/Update: select * from LineaOrdenDeCompra WHERE  LineaOrdenDeCompra.nro_orden_compra=1  AND  LineaOrdenDeCompra.tipo_orden_compra='A' AND  LineaOrdenDeCompra.nro_sucursal=1  
Save/Update: select * from insumo WHERE  insumo.cod_insumo=1  
Save/Update: select * from insumo WHERE  insumo.cod_insumo=2  
Save/Update: select * from Proveedor WHERE  Proveedor.id_proveedor=1  
Save/Update: select * from MovimientosCuenta JOIN documento_movimiento AS documento ON MovimientosCuenta.nro_movimiento=documento.nro_movimiento JOIN proveedor_movimientos AS proveedor ON MovimientosCuenta.nro_movimiento=proveedor.nro_movimiento WHERE documento.nro_Doc=3  AND proveedor.id_proveedor IS NOT  NULL ; select * from proveedor_movimientos; select * from documento_movimiento
Save/Update: select * from LineaOrdenDeCompra WHERE  LineaOrdenDeCompra.nro_orden_compra=2  AND  LineaOrdenDeCompra.tipo_orden_compra='B' AND  LineaOrdenDeCompra.nro_sucursal=1  
Save/Update: select * from insumo WHERE  insumo.cod_insumo=1  
Save/Update: select * from insumo WHERE  insumo.cod_insumo=1  
Save/Update: select * from Proveedor WHERE  Proveedor.id_proveedor=1  
Save/Update: select * from MovimientosCuenta JOIN documento_movimiento AS documento ON MovimientosCuenta.nro_movimiento=documento.nro_movimiento JOIN proveedor_movimientos AS proveedor ON MovimientosCuenta.nro_movimiento=proveedor.nro_movimiento WHERE documento.nro_Doc=4  AND proveedor.id_proveedor IS NOT  NULL ; select * from proveedor_movimientos; select * from documento_movimiento
Save/Update: DELETE LineaOrdenDeCompra WHERE nro_orden_compra=2  AND nro_sucursal=1  AND tipo_orden_compra='A' AND nro_linea=1  
Save/Update: DELETE LineaOrdenDeCompra WHERE nro_orden_compra=2  AND nro_sucursal=1  AND tipo_orden_compra='A' AND nro_linea=2  
Save/Update: DELETE proveedor_movimientos where nro_movimiento=4  ; DELETE documento_movimiento where nro_movimiento=4  ; ;DELETE MovimientosCuenta WHERE nro_movimiento=4  
Save/Update: DELETE FROM OrdenDeCompra WHERE nro_Doc =5
Save/Update: delete documento where nro_doc=5</StdOut>
      </Output>
    </UnitTestResult>
    <UnitTestResult executionId="d6c7910d-ad41-4e0c-93ec-6982e4cf0d34" testId="bcd1f511-94b6-a2b6-4c0d-819d27a24411" testName="buscarDiseñoPorClienteTest" computerName="DIEGO-PC" duration="00:00:00.0130707" startTime="2012-11-19T19:38:27.3917462-03:00" endTime="2012-11-19T19:38:27.4127474-03:00" testType="13cdc9d9-ddb5-4fa4-a97d-d965ccfc6d4b" outcome="Passed" testListId="8c84fa94-04c1-424b-9868-57a2d4851a1d" relativeResultsDirectory="d6c7910d-ad41-4e0c-93ec-6982e4cf0d34">
      <Output>
        <StdOut>Save/Update: select * from Diseño WHERE  Diseño.id_cliente=1  ; select * from historico_estados_diseño WHERE borrado = 0
Save/Update: select * from Cliente WHERE  Cliente.id_cliente=1  ; select * from cliente_movimientos; select * from Pedido WHERE borrado = 0; select * from Factura WHERE borrado = 0; select * from Diseño WHERE borrado = 0
Save/Update: select * from Usuario WHERE  Usuario.usuarioID=1  ; select * from JoinUsuarioToFamilia; select * from JoinPatenteToUsuario
Save/Update: select * from Diseño_insumos WHERE  Diseño_insumos.cod_diseño=1  
Save/Update: select * from historico_estados_diseño WHERE  historico_estados_diseño.cod_diseño=1  
Save/Update: select * from EstadoDiseños WHERE  EstadoDiseños.estado=2  
Save/Update: select * from Cliente WHERE  Cliente.id_cliente=1  ; select * from cliente_movimientos; select * from Pedido WHERE borrado = 0; select * from Factura WHERE borrado = 0; select * from Diseño WHERE borrado = 0
Save/Update: select * from Usuario WHERE  Usuario.usuarioID=1  ; select * from JoinUsuarioToFamilia; select * from JoinPatenteToUsuario
Save/Update: select * from Diseño_insumos WHERE  Diseño_insumos.cod_diseño=2  
Save/Update: select * from historico_estados_diseño WHERE  historico_estados_diseño.cod_diseño=2  
Save/Update: select * from EstadoDiseños WHERE  EstadoDiseños.estado=2  
Save/Update: DELETE FROM Diseño_insumos where cod_diseño=3
Save/Update: DELETE FROM historico_estados_diseño where cod_diseño=3
Save/Update: DELETE Diseño WHERE cod_diseño=3</StdOut>
      </Output>
    </UnitTestResult>
    <UnitTestResult executionId="c67eb602-d4df-427e-bd07-39b64a244eb7" testId="bdb05735-8cd1-a75d-4d6a-dc0c0dcde2a9" testName="buscarMovimientoPorNroTest" computerName="DIEGO-PC" duration="00:00:00.0068816" startTime="2012-11-19T19:38:27.4147475-03:00" endTime="2012-11-19T19:38:27.4287483-03:00" testType="13cdc9d9-ddb5-4fa4-a97d-d965ccfc6d4b" outcome="Passed" testListId="8c84fa94-04c1-424b-9868-57a2d4851a1d" relativeResultsDirectory="c67eb602-d4df-427e-bd07-39b64a244eb7">
      <Output>
        <StdOut>Save/Update: select * from MovimientosCuenta JOIN proveedor_movimientos AS proveedor ON MovimientosCuenta.nro_movimiento=proveedor.nro_movimiento WHERE  MovimientosCuenta.nro_movimiento=3  AND proveedor.id_proveedor IS NOT  NULL ; select * from proveedor_movimientos; select * from documento_movimiento
Save/Update: select * from Proveedor WHERE  Proveedor.id_proveedor=1  
Save/Update: select * from OrdenDeCompra WHERE  OrdenDeCompra.id_proveedor=1  ; select * from documento_movimiento; select * from LineaOrdenDeCompra WHERE borrado = 0
Save/Update: select * from OrdenDeCompra WHERE  OrdenDeCompra.nro_Doc=3  ; select * from documento_movimiento; select * from LineaOrdenDeCompra WHERE borrado = 0
Save/Update: select * from tipoMovimiento WHERE  tipoMovimiento.tipoMovimientoID=1  
Save/Update: select * from Cuenta WHERE  Cuenta.cuentaID=1  
Save/Update: DELETE proveedor_movimientos where nro_movimiento=4  ; DELETE documento_movimiento where nro_movimiento=4  ; ;DELETE MovimientosCuenta WHERE nro_movimiento=4</StdOut>
      </Output>
    </UnitTestResult>
    <UnitTestResult executionId="1401da94-9ed4-48a1-8e0c-01e5232ddef8" testId="bde72f4f-f66e-49e5-5a7f-f0f6283a032f" testName="buscarNewsletterParaEnviarTest" computerName="DIEGO-PC" duration="00:00:00.0058499" startTime="2012-11-19T19:38:27.4307484-03:00" endTime="2012-11-19T19:38:27.4437492-03:00" testType="13cdc9d9-ddb5-4fa4-a97d-d965ccfc6d4b" outcome="Passed" testListId="8c84fa94-04c1-424b-9868-57a2d4851a1d" relativeResultsDirectory="1401da94-9ed4-48a1-8e0c-01e5232ddef8">
      <Output>
        <StdOut>Save/Update: select * from newsletter WHERE  newsletter.enviado=0</StdOut>
      </Output>
    </UnitTestResult>
    <UnitTestResult executionId="23e068b7-39cf-45f6-a9f0-c1eac9b1cbf8" testId="be2975a5-16cf-8b54-0e33-59e4bc6c38a6" testName="listarOpinionesPorMailTest" computerName="DIEGO-PC" duration="00:00:00.0040420" startTime="2012-11-19T19:38:27.4467494-03:00" endTime="2012-11-19T19:38:27.4567499-03:00" testType="13cdc9d9-ddb5-4fa4-a97d-d965ccfc6d4b" outcome="Passed" testListId="8c84fa94-04c1-424b-9868-57a2d4851a1d" relativeResultsDirectory="23e068b7-39cf-45f6-a9f0-c1eac9b1cbf8">
      <Output>
        <StdOut>Save/Update: select * from opiniones WHERE  opiniones.mail LIKE '%mail2@test.com%'</StdOut>
      </Output>
    </UnitTestResult>
    <UnitTestResult executionId="78968122-f69e-43ca-908e-f8f0a6082d7f" testId="beb08e30-b8b0-b48e-c515-c7a8586c6e54" testName="buscarEstadosTest" computerName="DIEGO-PC" duration="00:00:00.0033758" startTime="2012-11-19T19:38:27.4607502-03:00" endTime="2012-11-19T19:38:27.4707507-03:00" testType="13cdc9d9-ddb5-4fa4-a97d-d965ccfc6d4b" outcome="Passed" testListId="8c84fa94-04c1-424b-9868-57a2d4851a1d" relativeResultsDirectory="78968122-f69e-43ca-908e-f8f0a6082d7f">
      <Output>
        <StdOut>Save/Update: select * from EstadoDiseños</StdOut>
      </Output>
    </UnitTestResult>
    <UnitTestResult executionId="04436c68-558e-480a-a347-c205a45defed" testId="bf3337bc-4ebe-14d7-ffa9-91df711ba6a0" testName="modificarProduccionTest" computerName="DIEGO-PC" duration="00:00:00.0126151" startTime="2012-11-19T19:38:27.4727508-03:00" endTime="2012-11-19T19:38:27.4907519-03:00" testType="13cdc9d9-ddb5-4fa4-a97d-d965ccfc6d4b" outcome="Passed" testListId="8c84fa94-04c1-424b-9868-57a2d4851a1d" relativeResultsDirectory="04436c68-558e-480a-a347-c205a45defed">
      <Output>
        <StdOut>Save/Update: SELECT  ISNULL(MAX(cod_produccion + 1),1) from produccion
Save/Update: INSERT INTO produccion (cod_produccion, comentario, cod_pedido, cod_maquina, cod_articulo, cantidad, estadoActual, utilizacion, fechaInicio, fechaFinal, borrado) VALUES (7 , 'comentario test', 3 , 3 , 7 , 10 , 2 , 1,  CAST('19/11/2012 19:38:27.481'  AS DateTime),  CAST('19/11/2012 19:38:27.481'  AS DateTime), 0 ); UPDATE historico_estados_produccion SET borrado=1 WHERE cod_produccion=7  ; 
Save/Update: select * from produccion WHERE  produccion.comentario LIKE '%comentario test%'; select * from historico_estados_produccion WHERE borrado = 0
Save/Update: UPDATE produccion SET comentario='comentario test', cod_pedido=3 , cod_maquina=3 , cod_articulo=5 , cantidad=10 , estadoActual=3 , utilizacion=1, fechaInicio= CAST('19/11/2012 19:38:27.480'  AS DateTime), fechaFinal= CAST('19/11/2012 19:38:27.480'  AS DateTime), borrado=0  WHERE cod_produccion=7  ; UPDATE historico_estados_produccion SET borrado=1 WHERE cod_produccion=7  ; 
Save/Update: select * from produccion WHERE  produccion.comentario LIKE '%comentario test%'; select * from historico_estados_produccion WHERE borrado = 0
Save/Update: DELETE produccion WHERE cod_produccion=7</StdOut>
      </Output>
    </UnitTestResult>
    <UnitTestResult executionId="a439bad9-697f-4e81-b699-f9b9dd8461bb" testId="bf901687-526e-3c4f-d25d-5f1eb0ec55f2" testName="listarFacturasPorClienteTest" computerName="DIEGO-PC" duration="00:00:00.0194904" startTime="2012-11-19T19:38:27.4937520-03:00" endTime="2012-11-19T19:38:27.5187535-03:00" testType="13cdc9d9-ddb5-4fa4-a97d-d965ccfc6d4b" outcome="Passed" testListId="8c84fa94-04c1-424b-9868-57a2d4851a1d" relativeResultsDirectory="a439bad9-697f-4e81-b699-f9b9dd8461bb">
      <Output>
        <StdOut>Save/Update: select * from Factura WHERE  Factura.id_cliente=1  ; select * from documento_movimiento; select * from LineaFactura WHERE borrado = 0
Save/Update: select * from LineaFactura WHERE  LineaFactura.nro_factura=1  AND  LineaFactura.tipo_factura='A' AND  LineaFactura.nro_sucursal=1  
Save/Update: select * from Articulos WHERE  Articulos.cod_articulo=1  ; select * from lista_precios WHERE borrado = 0
Save/Update: select * from Articulos WHERE  Articulos.cod_articulo=2  ; select * from lista_precios WHERE borrado = 0
Save/Update: select * from Cliente WHERE  Cliente.id_cliente=1  ; select * from cliente_movimientos; select * from Pedido WHERE borrado = 0; select * from Factura WHERE borrado = 0; select * from Diseño WHERE borrado = 0
Save/Update: select * from Usuario WHERE  Usuario.usuarioID=1  ; select * from JoinUsuarioToFamilia; select * from JoinPatenteToUsuario
Save/Update: select * from MovimientosCuenta JOIN documento_movimiento AS documento ON MovimientosCuenta.nro_movimiento=documento.nro_movimiento JOIN cliente_movimientos AS cliente ON MovimientosCuenta.nro_movimiento=cliente.nro_movimiento WHERE documento.nro_Doc=1  AND cliente.id_cliente IS NOT  NULL ; select * from cliente_movimientos; select * from documento_movimiento
Save/Update: select * from LineaFactura WHERE  LineaFactura.nro_factura=1  AND  LineaFactura.tipo_factura='B' AND  LineaFactura.nro_sucursal=2  
Save/Update: select * from Articulos WHERE  Articulos.cod_articulo=1  ; select * from lista_precios WHERE borrado = 0
Save/Update: select * from Articulos WHERE  Articulos.cod_articulo=2  ; select * from lista_precios WHERE borrado = 0
Save/Update: select * from Cliente WHERE  Cliente.id_cliente=1  ; select * from cliente_movimientos; select * from Pedido WHERE borrado = 0; select * from Factura WHERE borrado = 0; select * from Diseño WHERE borrado = 0
Save/Update: select * from Usuario WHERE  Usuario.usuarioID=1  ; select * from JoinUsuarioToFamilia; select * from JoinPatenteToUsuario
Save/Update: select * from MovimientosCuenta JOIN documento_movimiento AS documento ON MovimientosCuenta.nro_movimiento=documento.nro_movimiento JOIN cliente_movimientos AS cliente ON MovimientosCuenta.nro_movimiento=cliente.nro_movimiento WHERE documento.nro_Doc=2  AND cliente.id_cliente IS NOT  NULL ; select * from cliente_movimientos; select * from documento_movimiento
Save/Update: DELETE LineaFactura WHERE nro_factura=2  AND nro_sucursal=1  AND tipo_factura='A' AND nro_linea=1  
Save/Update: DELETE LineaFactura WHERE nro_factura=2  AND nro_sucursal=1  AND tipo_factura='A' AND nro_linea=2  
Save/Update: DELETE cliente_movimientos where nro_movimiento=4  ; DELETE documento_movimiento where nro_movimiento=4  ; ;DELETE MovimientosCuenta WHERE nro_movimiento=4  
Save/Update: DELETE FROM Factura WHERE nro_Doc =5
Save/Update: delete documento where nro_doc=5</StdOut>
      </Output>
    </UnitTestResult>
    <UnitTestResult executionId="3f90d960-193d-4d44-bc16-19db61f39382" testId="c1679918-c36e-2cbe-87a9-96506a9b38f9" testName="ListarPrendasTest" computerName="DIEGO-PC" duration="00:00:00.0021666" startTime="2012-11-19T19:38:27.5207536-03:00" endTime="2012-11-19T19:38:27.5297541-03:00" testType="13cdc9d9-ddb5-4fa4-a97d-d965ccfc6d4b" outcome="Passed" testListId="8c84fa94-04c1-424b-9868-57a2d4851a1d" relativeResultsDirectory="3f90d960-193d-4d44-bc16-19db61f39382">
      <Output>
        <StdOut>Save/Update: select * from TipoPrenda</StdOut>
      </Output>
    </UnitTestResult>
    <UnitTestResult executionId="3fbfe6a6-64aa-4efb-be2b-197ebe8aafcb" testId="c17e6f29-704e-75d9-e266-2faaf40f3e21" testName="calcularDistanciaEntreTrabajosTest1" computerName="DIEGO-PC" duration="00:00:00.0026833" startTime="2012-11-19T19:38:27.5327543-03:00" endTime="2012-11-19T19:38:27.5427548-03:00" testType="13cdc9d9-ddb5-4fa4-a97d-d965ccfc6d4b" outcome="Passed" testListId="8c84fa94-04c1-424b-9868-57a2d4851a1d" relativeResultsDirectory="3fbfe6a6-64aa-4efb-be2b-197ebe8aafcb">
      <Output>
        <StdOut>Save/Update: DELETE produccion_operador WHERE id_operador=2  AND cod_prodcuccion=7  
Save/Update: DELETE historico_estados_produccion WHERE nro_estado=1  AND cod_produccion=7  
Save/Update: DELETE historico_estados_produccion WHERE nro_estado=2  AND cod_produccion=7  
Save/Update: DELETE produccion WHERE cod_produccion=7</StdOut>
      </Output>
    </UnitTestResult>
    <UnitTestResult executionId="cacc7394-35e8-4c92-8fd7-dd144087d780" testId="c27245e1-4f05-55df-8c6f-e38fa3d47902" testName="grabarFacturaTest" computerName="DIEGO-PC" duration="00:00:00.0413544" startTime="2012-11-19T19:38:27.5457550-03:00" endTime="2012-11-19T19:38:27.5937578-03:00" testType="13cdc9d9-ddb5-4fa4-a97d-d965ccfc6d4b" outcome="Passed" testListId="8c84fa94-04c1-424b-9868-57a2d4851a1d" relativeResultsDirectory="cacc7394-35e8-4c92-8fd7-dd144087d780">
      <Output>
        <StdOut>Save/Update: SELECT  ISNULL(MAX(nro_Doc + 1),1) from documento
Save/Update: INSERT INTO documento VALUES (5)
Save/Update: SELECT  ISNULL(MAX(nro_factura + 1),1) from Factura WHERE nro_sucursal=1 AND tipo_factura='A'
Save/Update: INSERT INTO Factura (nro_Doc, iva, fecha, borrado, nro_factura, nro_sucursal, tipo_factura, id_cliente, monto) VALUES (5 , 1.1,  CAST('13/10/2012 21:44:12.000'  AS DateTime), 0 , 2 , 1 , 'A', 2 , 100); UPDATE LineaFactura SET borrado=1 WHERE nro_factura=2  AND nro_sucursal=1  AND tipo_factura='A' ; 
Save/Update: SELECT  ISNULL(MAX(nro_linea + 1),1) from LineaFactura WHERE nro_factura=2 AND nro_sucursal=1 AND tipo_factura='A'
Save/Update: INSERT INTO LineaFactura (nro_factura, nro_sucursal, tipo_factura, nro_linea, cod_producto, cantidad, precio, borrado) VALUES (2 , 1 , 'A', 1 , 2 , 10 , 50, 0 ); 
Save/Update: SELECT  ISNULL(MAX(nro_movimiento + 1),1) from MovimientosCuenta
Save/Update: INSERT INTO MovimientosCuenta (nro_movimiento, comentario, fecha, monto, cuentaID, tipoMovimientoID) VALUES (4 , 'com test',  CAST('13/10/2012 21:44:12.000'  AS DateTime), 100, 1 , 1 ); DELETE cliente_movimientos where nro_movimiento=4  ;  INSERT INTO cliente_movimientos ( nro_movimiento, id_cliente) VALUES ( 4 , 2 ); DELETE documento_movimiento where nro_movimiento=4  ;  INSERT INTO documento_movimiento ( nro_movimiento, nro_Doc) VALUES ( 4 , 5 ); 
Save/Update: select * from Factura WHERE  Factura.nro_factura=2  AND  Factura.nro_sucursal=1  AND  Factura.tipo_factura='A' ; select * from documento_movimiento; select * from LineaFactura WHERE borrado = 0
Save/Update: select * from LineaFactura WHERE  LineaFactura.nro_factura=2  AND  LineaFactura.tipo_factura='A' AND  LineaFactura.nro_sucursal=1  
Save/Update: select * from Articulos WHERE  Articulos.cod_articulo=2  ; select * from lista_precios WHERE borrado = 0
Save/Update: select * from Cliente WHERE  Cliente.id_cliente=2  ; select * from cliente_movimientos; select * from Pedido WHERE borrado = 0; select * from Factura WHERE borrado = 0; select * from Diseño WHERE borrado = 0
Save/Update: select * from Usuario WHERE  Usuario.usuarioID=2  ; select * from JoinUsuarioToFamilia; select * from JoinPatenteToUsuario
Save/Update: select * from MovimientosCuenta JOIN documento_movimiento AS documento ON MovimientosCuenta.nro_movimiento=documento.nro_movimiento JOIN cliente_movimientos AS cliente ON MovimientosCuenta.nro_movimiento=cliente.nro_movimiento WHERE documento.nro_Doc=5  AND cliente.id_cliente IS NOT  NULL ; select * from cliente_movimientos; select * from documento_movimiento
Save/Update: DELETE LineaFactura WHERE nro_factura=2  AND nro_sucursal=1  AND tipo_factura='A' AND nro_linea=1  
Save/Update: DELETE LineaFactura WHERE nro_factura=2  AND nro_sucursal=1  AND tipo_factura='A' AND nro_linea=2  
Save/Update: DELETE cliente_movimientos where nro_movimiento=4  ; DELETE documento_movimiento where nro_movimiento=4  ; ;DELETE MovimientosCuenta WHERE nro_movimiento=4  
Save/Update: DELETE FROM Factura WHERE nro_Doc =5
Save/Update: delete documento where nro_doc=5</StdOut>
      </Output>
    </UnitTestResult>
    <UnitTestResult executionId="8f23ceca-018b-4726-a4e8-b8fdbc1a0808" testId="c2878fbd-4540-66f8-af38-853465e7a6aa" testName="cargarUsuarioPorFamiliaTest" computerName="DIEGO-PC" duration="00:00:00.1053401" startTime="2012-11-19T19:38:27.5967579-03:00" endTime="2012-11-19T19:38:27.7177649-03:00" testType="13cdc9d9-ddb5-4fa4-a97d-d965ccfc6d4b" outcome="Passed" testListId="8c84fa94-04c1-424b-9868-57a2d4851a1d" relativeResultsDirectory="8f23ceca-018b-4726-a4e8-b8fdbc1a0808">
      <Output>
        <StdOut>Save/Update: select * from Usuario JOIN JoinUsuarioToFamilia AS familias ON Usuario.usuarioID=familias.usuarioID WHERE familias.familiaID=6  ; select * from JoinUsuarioToFamilia; select * from JoinPatenteToUsuario
Save/Update: DELETE JoinUsuarioToFamilia where usuarioID=6  ; DELETE JoinPatenteToUsuario where usuarioID=6  ; ;DELETE Usuario WHERE usuarioID=6  
Save/Update: UPDATE Usuario SET nombre='nombre5', apellido='apellido5', mail='mail5@test.com', password='pas5', telefonoFijo='5555-5555', telefonoMovil='5555-5555', bloqueado=0  WHERE usuarioID=5  ; DELETE JoinUsuarioToFamilia where usuarioID=5  ; DELETE JoinPatenteToUsuario where usuarioID=5  ;</StdOut>
      </Output>
    </UnitTestResult>
    <UnitTestResult executionId="39dcdfd5-055b-4c72-989c-aa7ffbdc3e07" testId="c37440e9-11a5-99b5-8db4-69844a9128f1" testName="grabarTipoPedidosTest" computerName="DIEGO-PC" duration="00:00:00.0051896" startTime="2012-11-19T19:38:27.7277654-03:00" endTime="2012-11-19T19:38:27.7547670-03:00" testType="13cdc9d9-ddb5-4fa4-a97d-d965ccfc6d4b" outcome="Passed" testListId="8c84fa94-04c1-424b-9868-57a2d4851a1d" relativeResultsDirectory="39dcdfd5-055b-4c72-989c-aa7ffbdc3e07">
      <Output>
        <StdOut>Save/Update: INSERT INTO tipoPedido (tipo_pedido, descripcion) VALUES (3 , 'tipo test'); 
Save/Update: select * from tipoPedido
Save/Update: DELETE tipoPedido WHERE tipo_pedido=3</StdOut>
      </Output>
    </UnitTestResult>
    <UnitTestResult executionId="def44603-5794-4d4b-807c-8cc211bc16cb" testId="c40068e0-385e-bf45-abe2-9f61f6d3993f" testName="modificarMovimientosClienteTest" computerName="DIEGO-PC" duration="00:00:00.0153202" startTime="2012-11-19T19:38:27.7647675-03:00" endTime="2012-11-19T19:38:27.7887689-03:00" testType="13cdc9d9-ddb5-4fa4-a97d-d965ccfc6d4b" outcome="Passed" testListId="8c84fa94-04c1-424b-9868-57a2d4851a1d" relativeResultsDirectory="def44603-5794-4d4b-807c-8cc211bc16cb">
      <Output>
        <StdOut>Save/Update: SELECT  ISNULL(MAX(nro_movimiento + 1),1) from MovimientosCuenta
Save/Update: INSERT INTO MovimientosCuenta (nro_movimiento, comentario, fecha, monto, cuentaID, tipoMovimientoID) VALUES (4 , 'com4',  CAST('19/11/2012 19:38:27.774'  AS DateTime), 33.3, 1 , 2 ); DELETE proveedor_movimientos where nro_movimiento=4  ;  INSERT INTO proveedor_movimientos ( nro_movimiento, id_proveedor) VALUES ( 4 , 2 ); DELETE documento_movimiento where nro_movimiento=4  ; 
Save/Update: select * from MovimientosCuenta JOIN proveedor_movimientos AS proveedor ON MovimientosCuenta.nro_movimiento=proveedor.nro_movimiento WHERE  MovimientosCuenta.nro_movimiento=4  AND  MovimientosCuenta.monto=33.3 AND proveedor.id_proveedor IS NOT  NULL ; select * from proveedor_movimientos; select * from documento_movimiento
Save/Update: UPDATE MovimientosCuenta SET comentario='com4', fecha= CAST('19/11/2012 19:38:27.773'  AS DateTime), monto=33.3, cuentaID=1 , tipoMovimientoID=2  WHERE nro_movimiento=4  ; DELETE proveedor_movimientos where nro_movimiento=4  ;  INSERT INTO proveedor_movimientos ( nro_movimiento, id_proveedor) VALUES ( 4 , 3 ); DELETE documento_movimiento where nro_movimiento=4  ; 
Save/Update: select * from MovimientosCuenta JOIN proveedor_movimientos AS proveedor ON MovimientosCuenta.nro_movimiento=proveedor.nro_movimiento WHERE  MovimientosCuenta.nro_movimiento=4  AND  MovimientosCuenta.monto=33.3 AND proveedor.id_proveedor IS NOT  NULL AND proveedor.id_proveedor IS NOT  NULL ; select * from proveedor_movimientos; select * from documento_movimiento
Save/Update: DELETE proveedor_movimientos where nro_movimiento=4  ; DELETE documento_movimiento where nro_movimiento=4  ; ;DELETE MovimientosCuenta WHERE nro_movimiento=4</StdOut>
      </Output>
    </UnitTestResult>
    <UnitTestResult executionId="ece4674c-d7a0-467c-b8cc-fb2ac4cd9591" testId="c6a2f7ad-0298-580e-2fa3-bbb6c9b28898" testName="listarFacturasPorIdTest" computerName="DIEGO-PC" duration="00:00:00.0112085" startTime="2012-11-19T19:38:27.7997695-03:00" endTime="2012-11-19T19:38:27.8187706-03:00" testType="13cdc9d9-ddb5-4fa4-a97d-d965ccfc6d4b" outcome="Passed" testListId="8c84fa94-04c1-424b-9868-57a2d4851a1d" relativeResultsDirectory="ece4674c-d7a0-467c-b8cc-fb2ac4cd9591">
      <Output>
        <StdOut>Save/Update: select * from Factura WHERE  Factura.nro_factura=1  AND  Factura.nro_sucursal=1  AND  Factura.tipo_factura='A' ; select * from documento_movimiento; select * from LineaFactura WHERE borrado = 0
Save/Update: select * from LineaFactura WHERE  LineaFactura.nro_factura=1  AND  LineaFactura.tipo_factura='A' AND  LineaFactura.nro_sucursal=1  
Save/Update: select * from Articulos WHERE  Articulos.cod_articulo=1  ; select * from lista_precios WHERE borrado = 0
Save/Update: select * from Articulos WHERE  Articulos.cod_articulo=2  ; select * from lista_precios WHERE borrado = 0
Save/Update: select * from Cliente WHERE  Cliente.id_cliente=1  ; select * from cliente_movimientos; select * from Pedido WHERE borrado = 0; select * from Factura WHERE borrado = 0; select * from Diseño WHERE borrado = 0
Save/Update: select * from Usuario WHERE  Usuario.usuarioID=1  ; select * from JoinUsuarioToFamilia; select * from JoinPatenteToUsuario
Save/Update: select * from MovimientosCuenta JOIN documento_movimiento AS documento ON MovimientosCuenta.nro_movimiento=documento.nro_movimiento JOIN cliente_movimientos AS cliente ON MovimientosCuenta.nro_movimiento=cliente.nro_movimiento WHERE documento.nro_Doc=1  AND cliente.id_cliente IS NOT  NULL ; select * from cliente_movimientos; select * from documento_movimiento
Save/Update: DELETE LineaFactura WHERE nro_factura=2  AND nro_sucursal=1  AND tipo_factura='A' AND nro_linea=1  
Save/Update: DELETE LineaFactura WHERE nro_factura=2  AND nro_sucursal=1  AND tipo_factura='A' AND nro_linea=2  
Save/Update: DELETE cliente_movimientos where nro_movimiento=4  ; DELETE documento_movimiento where nro_movimiento=4  ; ;DELETE MovimientosCuenta WHERE nro_movimiento=4  
Save/Update: DELETE FROM Factura WHERE nro_Doc =5
Save/Update: delete documento where nro_doc=5</StdOut>
      </Output>
    </UnitTestResult>
    <UnitTestResult executionId="9c1a912c-d865-4500-8b5b-20eab874076b" testId="c6f9c8d4-b42f-f506-2486-8ec3f82f78d3" testName="cargarFamiliasTest" computerName="DIEGO-PC" duration="00:00:00.0026598" startTime="2012-11-19T19:38:27.8257710-03:00" endTime="2012-11-19T19:38:27.8357716-03:00" testType="13cdc9d9-ddb5-4fa4-a97d-d965ccfc6d4b" outcome="Passed" testListId="8c84fa94-04c1-424b-9868-57a2d4851a1d" relativeResultsDirectory="9c1a912c-d865-4500-8b5b-20eab874076b">
      <Output>
        <StdOut>Save/Update: select * from Familia; select * from JoinFamiliaToPatente</StdOut>
      </Output>
    </UnitTestResult>
    <UnitTestResult executionId="fe9731ab-2d30-484b-99a3-02f2f3ae7e90" testId="c736d05f-3776-7117-cc83-8e6ae9b75cf4" testName="cargarMovimientosConRestriccionesTest" computerName="DIEGO-PC" duration="00:00:00.0380882" startTime="2012-11-19T19:38:27.8447721-03:00" endTime="2012-11-19T19:38:27.8887746-03:00" testType="13cdc9d9-ddb5-4fa4-a97d-d965ccfc6d4b" outcome="Passed" testListId="8c84fa94-04c1-424b-9868-57a2d4851a1d" relativeResultsDirectory="fe9731ab-2d30-484b-99a3-02f2f3ae7e90">
      <Output>
        <StdOut>Save/Update: select * from MovimientosCuenta JOIN cliente_movimientos AS cliente ON MovimientosCuenta.nro_movimiento=cliente.nro_movimiento WHERE  MovimientosCuenta.nro_movimiento=1  AND  MovimientosCuenta.comentario LIKE '%m1%'AND  MovimientosCuenta.fecha= CAST('11/11/2011 00:00:00.000'  AS DateTime) AND  MovimientosCuenta.monto&gt;=5 AND  MovimientosCuenta.monto&lt;=15 AND  MovimientosCuenta.cuentaID=1  AND  MovimientosCuenta.tipoMovimientoID=1  AND cliente.id_cliente=1  AND cliente.id_cliente IS NOT  NULL ; select * from cliente_movimientos; select * from documento_movimiento
Save/Update: DELETE cliente_movimientos where nro_movimiento=4  ; DELETE documento_movimiento where nro_movimiento=4  ; ;DELETE MovimientosCuenta WHERE nro_movimiento=4</StdOut>
      </Output>
    </UnitTestResult>
    <UnitTestResult executionId="4b2ebdb4-8d32-4f56-85f1-007e8cbdfbdf" testId="c9059140-bd68-daef-e19b-ffc08869ca24" testName="borrarMovimientosTest" computerName="DIEGO-PC" duration="00:00:00.0066868" startTime="2012-11-19T19:38:27.8937749-03:00" endTime="2012-11-19T19:38:27.9077757-03:00" testType="13cdc9d9-ddb5-4fa4-a97d-d965ccfc6d4b" outcome="Passed" testListId="8c84fa94-04c1-424b-9868-57a2d4851a1d" relativeResultsDirectory="4b2ebdb4-8d32-4f56-85f1-007e8cbdfbdf">
      <Output>
        <StdOut>Save/Update: SELECT  ISNULL(MAX(nro_movimiento + 1),1) from MovimientosStock WHERE cod_insumo=1
Save/Update: INSERT INTO MovimientosStock (nro_movimiento, cod_insumo, tipo, fecha, cantidad) VALUES (3 , 1 , 1 ,  CAST('11/11/2012 00:00:00.000'  AS DateTime), 15); 
Save/Update: select * from MovimientosStock WHERE  MovimientosStock.cod_insumo=1  AND  MovimientosStock.nro_movimiento=3  
Save/Update: DELETE MovimientosStock WHERE nro_movimiento=3  AND cod_insumo=1  
Save/Update: select * from MovimientosStock WHERE  MovimientosStock.cod_insumo=1  AND  MovimientosStock.nro_movimiento=3  
Save/Update: DELETE MovimientosStock WHERE nro_movimiento=3  AND cod_insumo=1</StdOut>
      </Output>
    </UnitTestResult>
    <UnitTestResult executionId="9cc91d63-258e-40d3-8cce-2e823e9d412d" testId="c928c59c-16e9-64be-3633-321da85248bf" testName="buscarDiseñoInsumoTest" computerName="DIEGO-PC" duration="00:00:00.0033875" startTime="2012-11-19T19:38:27.9097758-03:00" endTime="2012-11-19T19:38:27.9197764-03:00" testType="13cdc9d9-ddb5-4fa4-a97d-d965ccfc6d4b" outcome="Passed" testListId="8c84fa94-04c1-424b-9868-57a2d4851a1d" relativeResultsDirectory="9cc91d63-258e-40d3-8cce-2e823e9d412d">
      <Output>
        <StdOut>Save/Update: select * from Diseño_insumos
Save/Update: DELETE Diseño_insumos WHERE cod_diseño=2  AND cod_insumo=1</StdOut>
      </Output>
    </UnitTestResult>
    <UnitTestResult executionId="9b832dcc-234b-47ce-ad5e-a8f6cbec964f" testId="c931a490-990c-5326-1530-0428c428a145" testName="listarMovimientosPorClienteTest" computerName="DIEGO-PC" duration="00:00:00.0293135" startTime="2012-11-19T19:38:27.9217765-03:00" endTime="2012-11-19T19:38:27.9577786-03:00" testType="13cdc9d9-ddb5-4fa4-a97d-d965ccfc6d4b" outcome="Passed" testListId="8c84fa94-04c1-424b-9868-57a2d4851a1d" relativeResultsDirectory="9b832dcc-234b-47ce-ad5e-a8f6cbec964f">
      <Output>
        <StdOut>Save/Update: select * from MovimientosCuenta JOIN cliente_movimientos AS cliente ON MovimientosCuenta.nro_movimiento=cliente.nro_movimiento WHERE cliente.id_cliente IS NOT  NULL ; select * from cliente_movimientos; select * from documento_movimiento
Save/Update: select * from Cliente WHERE  Cliente.id_cliente=1  ; select * from cliente_movimientos; select * from Pedido WHERE borrado = 0; select * from Factura WHERE borrado = 0; select * from Diseño WHERE borrado = 0
Save/Update: select * from Usuario WHERE  Usuario.usuarioID=1  ; select * from JoinUsuarioToFamilia; select * from JoinPatenteToUsuario
Save/Update: select * from Familia JOIN JoinUsuarioToFamilia AS usuarios ON Familia.familiaID=usuarios.familiaID WHERE usuarios.usuarioID=1  ; select * from JoinFamiliaToPatente
Save/Update: select * from Patente JOIN JoinPatenteToUsuario AS usuario ON Patente.patenteId=usuario.patenteId WHERE usuario.usuarioID=1  
Save/Update: select * from Cliente WHERE  Cliente.usuarioID=1  ; select * from cliente_movimientos; select * from Pedido WHERE borrado = 0; select * from Factura WHERE borrado = 0; select * from Diseño WHERE borrado = 0
Save/Update: select * from Diseño WHERE  Diseño.id_cliente=1  ; select * from historico_estados_diseño WHERE borrado = 0
Save/Update: select * from Factura WHERE  Factura.id_cliente=1  ; select * from documento_movimiento; select * from LineaFactura WHERE borrado = 0
Save/Update: select * from Pedido WHERE  Pedido.id_cliente=1  ; select * from produccion WHERE borrado = 0; select * from historico_estados_pedido WHERE borrado = 0
Save/Update: select * from MovimientosCuenta JOIN cliente_movimientos AS cliente ON MovimientosCuenta.nro_movimiento=cliente.nro_movimiento WHERE cliente.id_cliente=1  AND cliente.id_cliente IS NOT  NULL ; select * from cliente_movimientos; select * from documento_movimiento
Save/Update: select * from Factura WHERE  Factura.nro_Doc=1  ; select * from documento_movimiento; select * from LineaFactura WHERE borrado = 0
Save/Update: select * from tipoMovimiento WHERE  tipoMovimiento.tipoMovimientoID=1  
Save/Update: select * from Cuenta WHERE  Cuenta.cuentaID=1  
Save/Update: select * from Cliente WHERE  Cliente.id_cliente=1  ; select * from cliente_movimientos; select * from Pedido WHERE borrado = 0; select * from Factura WHERE borrado = 0; select * from Diseño WHERE borrado = 0
Save/Update: select * from Usuario WHERE  Usuario.usuarioID=1  ; select * from JoinUsuarioToFamilia; select * from JoinPatenteToUsuario
Save/Update: select * from Familia JOIN JoinUsuarioToFamilia AS usuarios ON Familia.familiaID=usuarios.familiaID WHERE usuarios.usuarioID=1  ; select * from JoinFamiliaToPatente
Save/Update: select * from Patente JOIN JoinPatenteToUsuario AS usuario ON Patente.patenteId=usuario.patenteId WHERE usuario.usuarioID=1  
Save/Update: select * from Cliente WHERE  Cliente.usuarioID=1  ; select * from cliente_movimientos; select * from Pedido WHERE borrado = 0; select * from Factura WHERE borrado = 0; select * from Diseño WHERE borrado = 0
Save/Update: select * from Diseño WHERE  Diseño.id_cliente=1  ; select * from historico_estados_diseño WHERE borrado = 0
Save/Update: select * from Factura WHERE  Factura.id_cliente=1  ; select * from documento_movimiento; select * from LineaFactura WHERE borrado = 0
Save/Update: select * from Pedido WHERE  Pedido.id_cliente=1  ; select * from produccion WHERE borrado = 0; select * from historico_estados_pedido WHERE borrado = 0
Save/Update: select * from MovimientosCuenta JOIN cliente_movimientos AS cliente ON MovimientosCuenta.nro_movimiento=cliente.nro_movimiento WHERE cliente.id_cliente=1  AND cliente.id_cliente IS NOT  NULL ; select * from cliente_movimientos; select * from documento_movimiento
Save/Update: select * from tipoMovimiento WHERE  tipoMovimiento.tipoMovimientoID=1  
Save/Update: select * from Cuenta WHERE  Cuenta.cuentaID=1  
Save/Update: DELETE cliente_movimientos where nro_movimiento=4  ; DELETE documento_movimiento where nro_movimiento=4  ; ;DELETE MovimientosCuenta WHERE nro_movimiento=4</StdOut>
      </Output>
    </UnitTestResult>
    <UnitTestResult executionId="ea744634-999c-4c73-adcd-7d47451af0b7" testId="c96dfb21-7af5-153f-a5d2-8445e5fcca59" testName="cargarMaquinasConRestriccionesTest" computerName="DIEGO-PC" duration="00:00:00.0082398" startTime="2012-11-19T19:38:27.9597787-03:00" endTime="2012-11-19T19:38:27.9757796-03:00" testType="13cdc9d9-ddb5-4fa4-a97d-d965ccfc6d4b" outcome="Passed" testListId="8c84fa94-04c1-424b-9868-57a2d4851a1d" relativeResultsDirectory="ea744634-999c-4c73-adcd-7d47451af0b7">
      <Output>
        <StdOut>Save/Update: select * from Maquina WHERE  Maquina.cod_maquina=1  AND  Maquina.altoMargen&lt;=20  AND  Maquina.anchoMargen&gt;=10  AND  Maquina.cabezales=1  AND  Maquina.nombre LIKE '%e1%'AND  Maquina.velocidadPromedio&gt;=111  AND  Maquina.cantidadColores&gt;=2  ; select * from JoinMaquinaToTipoPrenda
Save/Update: DELETE JoinMaquinaToTipoPrenda where cod_maquina=4  ; ;DELETE Maquina WHERE cod_maquina=4</StdOut>
      </Output>
    </UnitTestResult>
    <UnitTestResult executionId="0d7cebe1-c33f-4533-a665-f84197ddfdf2" testId="cab5d754-b046-c047-88d8-b763f582d340" testName="buscarOperadoresTest" computerName="DIEGO-PC" duration="00:00:00.0029152" startTime="2012-11-19T19:38:27.9797798-03:00" endTime="2012-11-19T19:38:27.9887804-03:00" testType="13cdc9d9-ddb5-4fa4-a97d-d965ccfc6d4b" outcome="Passed" testListId="8c84fa94-04c1-424b-9868-57a2d4851a1d" relativeResultsDirectory="0d7cebe1-c33f-4533-a665-f84197ddfdf2">
      <Output>
        <StdOut>Save/Update: select * from operador
Save/Update: DELETE operador WHERE id_Operador=3</StdOut>
      </Output>
    </UnitTestResult>
    <UnitTestResult executionId="2e0570ab-003c-4d5c-ab95-c9db3c69675c" testId="cb0676d4-b73b-00c6-8824-aa32bdf40010" testName="calcularFinalizacionTest" computerName="DIEGO-PC" duration="00:00:00.0023083" startTime="2012-11-19T19:38:27.9937806-03:00" endTime="2012-11-19T19:38:28.0017811-03:00" testType="13cdc9d9-ddb5-4fa4-a97d-d965ccfc6d4b" outcome="Passed" testListId="8c84fa94-04c1-424b-9868-57a2d4851a1d" relativeResultsDirectory="2e0570ab-003c-4d5c-ab95-c9db3c69675c">
      <Output>
        <StdOut>Save/Update: DELETE produccion_operador WHERE id_operador=2  AND cod_prodcuccion=7  
Save/Update: DELETE historico_estados_produccion WHERE nro_estado=1  AND cod_produccion=7  
Save/Update: DELETE historico_estados_produccion WHERE nro_estado=2  AND cod_produccion=7  
Save/Update: DELETE produccion WHERE cod_produccion=7</StdOut>
      </Output>
    </UnitTestResult>
    <UnitTestResult executionId="80cc52bc-5fa6-4c88-b4c2-c179780621bd" testId="cb68f00e-cb19-bf47-0657-80219e1c9cfa" testName="borrarTest" computerName="DIEGO-PC" duration="00:00:00.0081940" startTime="2012-11-19T19:38:28.0057813-03:00" endTime="2012-11-19T19:38:28.0197821-03:00" testType="13cdc9d9-ddb5-4fa4-a97d-d965ccfc6d4b" outcome="Passed" testListId="8c84fa94-04c1-424b-9868-57a2d4851a1d" relativeResultsDirectory="80cc52bc-5fa6-4c88-b4c2-c179780621bd">
      <Output>
        <StdOut>Save/Update: SELECT  ISNULL(MAX(id + 1),1) from Mensaje
Save/Update: INSERT INTO Mensaje (id, tipoMensaje, fecha, mensaje, leido, borrado, id_conversacion) VALUES (5 , 0 ,  CAST('19/11/2012 19:38:28.012'  AS DateTime), 'test msj grabarMensajeTest', 0 , 0 , 1 ); 
Save/Update: select * from Mensaje WHERE  Mensaje.id_conversacion=1  
Save/Update: DELETE Mensaje WHERE id=5  
Save/Update: select * from Mensaje WHERE  Mensaje.id_conversacion=1</StdOut>
      </Output>
    </UnitTestResult>
    <UnitTestResult executionId="e8eb6d31-c44f-40c3-ac1b-5b7a17ba742a" testId="cb854ea1-43fe-4e51-b3cc-ba77c8dba841" testName="buscarArticulosConRestriccionesTest" computerName="DIEGO-PC" duration="00:00:00.0306178" startTime="2012-11-19T19:38:28.0217822-03:00" endTime="2012-11-19T19:38:28.0587844-03:00" testType="13cdc9d9-ddb5-4fa4-a97d-d965ccfc6d4b" outcome="Passed" testListId="8c84fa94-04c1-424b-9868-57a2d4851a1d" relativeResultsDirectory="e8eb6d31-c44f-40c3-ac1b-5b7a17ba742a">
      <Output>
        <StdOut>Save/Update: select * from Articulos WHERE  Articulos.cod_articulo=1  AND  Articulos.comentario='com1' AND  Articulos.diseñoID=1  AND  Articulos.precioActual=2.1 AND  Articulos.tipoPrendaID=1  AND  Articulos.produccion=10  ; select * from lista_precios WHERE borrado = 0
Save/Update: DELETE Articulos WHERE cod_articulo=4</StdOut>
      </Output>
    </UnitTestResult>
    <UnitTestResult executionId="22b1b0ec-6dac-48e6-a48f-5d4f46d05011" testId="cc6fe6c4-963e-60ba-9611-8e531f6502c5" testName="cargarClientePorFacturaTest" computerName="DIEGO-PC" duration="00:00:00.0156771" startTime="2012-11-19T19:38:28.0627846-03:00" endTime="2012-11-19T19:38:28.0847858-03:00" testType="13cdc9d9-ddb5-4fa4-a97d-d965ccfc6d4b" outcome="Passed" testListId="8c84fa94-04c1-424b-9868-57a2d4851a1d" relativeResultsDirectory="22b1b0ec-6dac-48e6-a48f-5d4f46d05011">
      <Output>
        <StdOut>Save/Update: select * from Cliente JOIN Factura AS facturas ON Cliente.id_cliente=facturas.id_cliente JOIN Diseño AS diseño ON Cliente.id_cliente=diseño.id_cliente JOIN cliente_movimientos AS movimientosCuentaCorriente ON Cliente.id_cliente=movimientosCuentaCorriente.id_cliente WHERE facturas.nro_Doc=1  AND diseño.cod_diseño=2  AND movimientosCuentaCorriente.nro_movimiento=1  AND  Cliente.newsletter=0  ; select * from cliente_movimientos; select * from Pedido WHERE borrado = 0; select * from Factura WHERE borrado = 0; select * from Diseño WHERE borrado = 0</StdOut>
      </Output>
    </UnitTestResult>
    <UnitTestResult executionId="0a1125ad-5858-44bb-86bb-d1aebb12ce14" testId="ccb6e01a-8e1d-d753-d587-f8c1f14a9dc4" testName="grabarNewsletterTest" computerName="DIEGO-PC" duration="00:00:00.0049867" startTime="2012-11-19T19:38:28.0867860-03:00" endTime="2012-11-19T19:38:28.0997867-03:00" testType="13cdc9d9-ddb5-4fa4-a97d-d965ccfc6d4b" outcome="Passed" testListId="8c84fa94-04c1-424b-9868-57a2d4851a1d" relativeResultsDirectory="0a1125ad-5858-44bb-86bb-d1aebb12ce14">
      <Output>
        <StdOut>Save/Update: SELECT  ISNULL(MAX(id + 1),1) from newsletter
Save/Update: INSERT INTO newsletter (id, newsletter, nombre, enviado) VALUES (3 , 'html', 'news3', 0 ); 
Save/Update: select * from newsletter
Save/Update: DELETE newsletter WHERE id=3</StdOut>
      </Output>
    </UnitTestResult>
    <UnitTestResult executionId="04d33dfe-5643-4ab7-a16f-1c6c3c5dd14b" testId="ccbeee50-2d58-025b-2df8-75ec6a26b781" testName="buscarNewsletterPorNombreTest" computerName="DIEGO-PC" duration="00:00:00.0020388" startTime="2012-11-19T19:38:28.1047870-03:00" endTime="2012-11-19T19:38:28.1137875-03:00" testType="13cdc9d9-ddb5-4fa4-a97d-d965ccfc6d4b" outcome="Passed" testListId="8c84fa94-04c1-424b-9868-57a2d4851a1d" relativeResultsDirectory="04d33dfe-5643-4ab7-a16f-1c6c3c5dd14b">
      <Output>
        <StdOut>Save/Update: select * from newsletter WHERE  newsletter.nombre='news1'</StdOut>
      </Output>
    </UnitTestResult>
    <UnitTestResult executionId="b55efc8d-93c1-40b1-8f6d-d24408f77d54" testId="cdf27cc7-0312-7eab-0024-7c2c609d9e03" testName="actualizarProduccionTest" computerName="DIEGO-PC" duration="00:00:00.0275744" startTime="2012-11-19T19:38:28.1157876-03:00" endTime="2012-11-19T19:38:28.1507896-03:00" testType="13cdc9d9-ddb5-4fa4-a97d-d965ccfc6d4b" outcome="Passed" testListId="8c84fa94-04c1-424b-9868-57a2d4851a1d" relativeResultsDirectory="b55efc8d-93c1-40b1-8f6d-d24408f77d54">
      <Output>
        <StdOut>Save/Update: SELECT  ISNULL(MAX(cod_produccion + 1),1) from produccion
Save/Update: INSERT INTO produccion (cod_produccion, comentario, cod_pedido, cod_maquina, cod_articulo, cantidad, estadoActual, utilizacion, fechaInicio, fechaFinal, borrado) VALUES (7 , 'com test', 3 , 3 , 3 , 10 , 1 , 1,  CAST('09/10/2012 10:00:00.000'  AS DateTime),  CAST('09/10/2012 14:00:00.000'  AS DateTime), 0 ); UPDATE historico_estados_produccion SET borrado=1 WHERE cod_produccion=7  ; 
Save/Update: SELECT  ISNULL(MAX(nro_estado + 1),1) from historico_estados_produccion WHERE cod_produccion=7
Save/Update: INSERT INTO historico_estados_produccion (nro_estado, comentario, cod_produccion, fechaDesde, fechaHasta, estado, borrado) VALUES (1 , 'com test', 7 ,  CAST('19/11/2012 19:38:28.126'  AS DateTime),  NULL , 1 , 0 ); 
Save/Update: select * from produccion WHERE  produccion.cod_produccion=7  ; select * from historico_estados_produccion WHERE borrado = 0
Save/Update: select * from Pedido WHERE  Pedido.cod_pedido=3  ; select * from produccion WHERE borrado = 0; select * from historico_estados_pedido WHERE borrado = 0
Save/Update: select * from Maquina WHERE  Maquina.cod_maquina=3  ; select * from JoinMaquinaToTipoPrenda
Save/Update: select * from Articulos WHERE  Articulos.cod_articulo=3  ; select * from lista_precios WHERE borrado = 0
Save/Update: select * from EstadoTrabajos WHERE  EstadoTrabajos.cod_estado=1  
Save/Update: select * from historico_estados_produccion WHERE  historico_estados_produccion.cod_produccion=7  
Save/Update: select * from produccion_operador WHERE  produccion_operador.cod_prodcuccion=7  
Save/Update: UPDATE produccion SET comentario='com test', cod_pedido=3 , cod_maquina=3 , cod_articulo=3 , cantidad=10 , estadoActual=1 , utilizacion=1, fechaInicio= CAST('09/10/2012 10:00:00.000'  AS DateTime), fechaFinal= CAST('09/10/2012 14:00:00.000'  AS DateTime), borrado=0  WHERE cod_produccion=7  ; UPDATE historico_estados_produccion SET borrado=1 WHERE cod_produccion=7  ; 
Save/Update: INSERT INTO produccion_operador (id_operador, cod_prodcuccion, porcentaje) VALUES (2 , 7 , 100 ); 
Save/Update: UPDATE historico_estados_produccion SET comentario='com test', fechaDesde= CAST('19/11/2012 19:38:28.127'  AS DateTime), fechaHasta= CAST('09/10/2012 14:00:00.000'  AS DateTime), estado=1 , borrado=0  WHERE nro_estado=1  AND cod_produccion=7  ; 
Save/Update: SELECT  ISNULL(MAX(nro_estado + 1),1) from historico_estados_produccion WHERE cod_produccion=7
Save/Update: INSERT INTO historico_estados_produccion (nro_estado, comentario, cod_produccion, fechaDesde, fechaHasta, estado, borrado) VALUES (2 , 'com test', 7 ,  CAST('19/11/2012 19:38:28.136'  AS DateTime),  NULL , 3 , 0 ); 
Save/Update: select * from produccion WHERE  produccion.cod_produccion=7  ; select * from historico_estados_produccion WHERE borrado = 0
Save/Update: select * from Pedido WHERE  Pedido.cod_pedido=3  ; select * from produccion WHERE borrado = 0; select * from historico_estados_pedido WHERE borrado = 0
Save/Update: select * from Maquina WHERE  Maquina.cod_maquina=3  ; select * from JoinMaquinaToTipoPrenda
Save/Update: select * from Articulos WHERE  Articulos.cod_articulo=3  ; select * from lista_precios WHERE borrado = 0
Save/Update: select * from EstadoTrabajos WHERE  EstadoTrabajos.cod_estado=1  
Save/Update: select * from historico_estados_produccion WHERE  historico_estados_produccion.cod_produccion=7  
Save/Update: select * from produccion_operador WHERE  produccion_operador.cod_prodcuccion=7  
Save/Update: DELETE produccion_operador WHERE id_operador=2  AND cod_prodcuccion=7  
Save/Update: DELETE historico_estados_produccion WHERE nro_estado=1  AND cod_produccion=7  
Save/Update: DELETE historico_estados_produccion WHERE nro_estado=2  AND cod_produccion=7  
Save/Update: DELETE produccion WHERE cod_produccion=7</StdOut>
      </Output>
    </UnitTestResult>
    <UnitTestResult executionId="69cae63b-082c-4fcf-b37c-dd72de1cee13" testId="ce459473-fe89-efb8-04f6-e4458eb5deac" testName="listarFacturasPorClienteTest" computerName="DIEGO-PC" duration="00:00:00.0189125" startTime="2012-11-19T19:38:28.1547899-03:00" endTime="2012-11-19T19:38:28.1837915-03:00" testType="13cdc9d9-ddb5-4fa4-a97d-d965ccfc6d4b" outcome="Passed" testListId="8c84fa94-04c1-424b-9868-57a2d4851a1d" relativeResultsDirectory="69cae63b-082c-4fcf-b37c-dd72de1cee13">
      <Output>
        <StdOut>Save/Update: select * from Factura WHERE  Factura.id_cliente=1  ; select * from documento_movimiento; select * from LineaFactura WHERE borrado = 0
Save/Update: select * from LineaFactura WHERE  LineaFactura.nro_factura=1  AND  LineaFactura.tipo_factura='A' AND  LineaFactura.nro_sucursal=1  
Save/Update: select * from Articulos WHERE  Articulos.cod_articulo=1  ; select * from lista_precios WHERE borrado = 0
Save/Update: select * from Articulos WHERE  Articulos.cod_articulo=2  ; select * from lista_precios WHERE borrado = 0
Save/Update: select * from Cliente WHERE  Cliente.id_cliente=1  ; select * from cliente_movimientos; select * from Pedido WHERE borrado = 0; select * from Factura WHERE borrado = 0; select * from Diseño WHERE borrado = 0
Save/Update: select * from Usuario WHERE  Usuario.usuarioID=1  ; select * from JoinUsuarioToFamilia; select * from JoinPatenteToUsuario
Save/Update: select * from MovimientosCuenta JOIN documento_movimiento AS documento ON MovimientosCuenta.nro_movimiento=documento.nro_movimiento JOIN cliente_movimientos AS cliente ON MovimientosCuenta.nro_movimiento=cliente.nro_movimiento WHERE documento.nro_Doc=1  AND cliente.id_cliente IS NOT  NULL ; select * from cliente_movimientos; select * from documento_movimiento
Save/Update: select * from LineaFactura WHERE  LineaFactura.nro_factura=1  AND  LineaFactura.tipo_factura='B' AND  LineaFactura.nro_sucursal=2  
Save/Update: select * from Articulos WHERE  Articulos.cod_articulo=1  ; select * from lista_precios WHERE borrado = 0
Save/Update: select * from Articulos WHERE  Articulos.cod_articulo=2  ; select * from lista_precios WHERE borrado = 0
Save/Update: select * from Cliente WHERE  Cliente.id_cliente=1  ; select * from cliente_movimientos; select * from Pedido WHERE borrado = 0; select * from Factura WHERE borrado = 0; select * from Diseño WHERE borrado = 0
Save/Update: select * from Usuario WHERE  Usuario.usuarioID=1  ; select * from JoinUsuarioToFamilia; select * from JoinPatenteToUsuario
Save/Update: select * from MovimientosCuenta JOIN documento_movimiento AS documento ON MovimientosCuenta.nro_movimiento=documento.nro_movimiento JOIN cliente_movimientos AS cliente ON MovimientosCuenta.nro_movimiento=cliente.nro_movimiento WHERE documento.nro_Doc=2  AND cliente.id_cliente IS NOT  NULL ; select * from cliente_movimientos; select * from documento_movimiento
Save/Update: DELETE LineaFactura WHERE nro_factura=2  AND nro_sucursal=1  AND tipo_factura='A' AND nro_linea=1  
Save/Update: DELETE LineaFactura WHERE nro_factura=2  AND nro_sucursal=1  AND tipo_factura='A' AND nro_linea=2  
Save/Update: DELETE cliente_movimientos where nro_movimiento=4  ; DELETE documento_movimiento where nro_movimiento=4  ; ;DELETE MovimientosCuenta WHERE nro_movimiento=4  
Save/Update: DELETE FROM Factura WHERE nro_Doc =5
Save/Update: delete documento where nro_doc=5</StdOut>
      </Output>
    </UnitTestResult>
    <UnitTestResult executionId="4ec72805-24e0-41c4-9b5f-3224f80b2c91" testId="ceeacb60-5ff3-0690-b3df-e29e915ef784" testName="grabarMaquinaTest" computerName="DIEGO-PC" duration="00:00:00.0072398" startTime="2012-11-19T19:38:28.1887918-03:00" endTime="2012-11-19T19:38:28.2027926-03:00" testType="13cdc9d9-ddb5-4fa4-a97d-d965ccfc6d4b" outcome="Passed" testListId="8c84fa94-04c1-424b-9868-57a2d4851a1d" relativeResultsDirectory="4ec72805-24e0-41c4-9b5f-3224f80b2c91">
      <Output>
        <StdOut>Save/Update: SELECT  ISNULL(MAX(cod_maquina + 1),1) from Maquina
Save/Update: INSERT INTO Maquina (cod_maquina, altoMargen, anchoMargen, cabezales, nombre, velocidadPromedio, cantidadColores) VALUES (4 , 100 , 200 , 12 , 'nombre nuevo', 1000 , 12 ); DELETE JoinMaquinaToTipoPrenda where cod_maquina=4  ;  INSERT INTO JoinMaquinaToTipoPrenda ( cod_maquina, tipo_prenda) VALUES ( 4 , 1 );  INSERT INTO JoinMaquinaToTipoPrenda ( cod_maquina, tipo_prenda) VALUES ( 4 , 2 ); 
Save/Update: select * from Maquina WHERE  Maquina.cod_maquina=4  ; select * from JoinMaquinaToTipoPrenda
Save/Update: select * from TipoPrenda WHERE  TipoPrenda.tipo_prenda=1  
Save/Update: select * from TipoPrenda WHERE  TipoPrenda.tipo_prenda=2  
Save/Update: DELETE JoinMaquinaToTipoPrenda where cod_maquina=4  ; ;DELETE Maquina WHERE cod_maquina=4  
Save/Update: delete from JoinMaquinaToTipoPrenda where cod_maquina=4</StdOut>
      </Output>
    </UnitTestResult>
    <UnitTestResult executionId="3d660640-b099-43ba-9b65-f699c07ef372" testId="cf88dd92-747e-1a79-8f2c-fc0e3f9b0004" testName="listarMovimientosTest" computerName="DIEGO-PC" duration="00:00:00.0247244" startTime="2012-11-19T19:38:28.2077929-03:00" endTime="2012-11-19T19:38:28.2387947-03:00" testType="13cdc9d9-ddb5-4fa4-a97d-d965ccfc6d4b" outcome="Passed" testListId="8c84fa94-04c1-424b-9868-57a2d4851a1d" relativeResultsDirectory="3d660640-b099-43ba-9b65-f699c07ef372">
      <Output>
        <StdOut>Save/Update: select * from MovimientosCuenta JOIN cliente_movimientos AS cliente ON MovimientosCuenta.nro_movimiento=cliente.nro_movimiento WHERE cliente.id_cliente IS NOT  NULL ; select * from cliente_movimientos; select * from documento_movimiento
Save/Update: select * from Cliente WHERE  Cliente.id_cliente=1  ; select * from cliente_movimientos; select * from Pedido WHERE borrado = 0; select * from Factura WHERE borrado = 0; select * from Diseño WHERE borrado = 0
Save/Update: select * from Usuario WHERE  Usuario.usuarioID=1  ; select * from JoinUsuarioToFamilia; select * from JoinPatenteToUsuario
Save/Update: select * from Familia JOIN JoinUsuarioToFamilia AS usuarios ON Familia.familiaID=usuarios.familiaID WHERE usuarios.usuarioID=1  ; select * from JoinFamiliaToPatente
Save/Update: select * from Patente JOIN JoinPatenteToUsuario AS usuario ON Patente.patenteId=usuario.patenteId WHERE usuario.usuarioID=1  
Save/Update: select * from Cliente WHERE  Cliente.usuarioID=1  ; select * from cliente_movimientos; select * from Pedido WHERE borrado = 0; select * from Factura WHERE borrado = 0; select * from Diseño WHERE borrado = 0
Save/Update: select * from Diseño WHERE  Diseño.id_cliente=1  ; select * from historico_estados_diseño WHERE borrado = 0
Save/Update: select * from Factura WHERE  Factura.id_cliente=1  ; select * from documento_movimiento; select * from LineaFactura WHERE borrado = 0
Save/Update: select * from Pedido WHERE  Pedido.id_cliente=1  ; select * from produccion WHERE borrado = 0; select * from historico_estados_pedido WHERE borrado = 0
Save/Update: select * from MovimientosCuenta JOIN cliente_movimientos AS cliente ON MovimientosCuenta.nro_movimiento=cliente.nro_movimiento WHERE cliente.id_cliente=1  AND cliente.id_cliente IS NOT  NULL ; select * from cliente_movimientos; select * from documento_movimiento
Save/Update: select * from Factura WHERE  Factura.nro_Doc=1  ; select * from documento_movimiento; select * from LineaFactura WHERE borrado = 0
Save/Update: select * from tipoMovimiento WHERE  tipoMovimiento.tipoMovimientoID=1  
Save/Update: select * from Cuenta WHERE  Cuenta.cuentaID=1  
Save/Update: select * from Cliente WHERE  Cliente.id_cliente=1  ; select * from cliente_movimientos; select * from Pedido WHERE borrado = 0; select * from Factura WHERE borrado = 0; select * from Diseño WHERE borrado = 0
Save/Update: select * from Usuario WHERE  Usuario.usuarioID=1  ; select * from JoinUsuarioToFamilia; select * from JoinPatenteToUsuario
Save/Update: select * from Familia JOIN JoinUsuarioToFamilia AS usuarios ON Familia.familiaID=usuarios.familiaID WHERE usuarios.usuarioID=1  ; select * from JoinFamiliaToPatente
Save/Update: select * from Patente JOIN JoinPatenteToUsuario AS usuario ON Patente.patenteId=usuario.patenteId WHERE usuario.usuarioID=1  
Save/Update: select * from Cliente WHERE  Cliente.usuarioID=1  ; select * from cliente_movimientos; select * from Pedido WHERE borrado = 0; select * from Factura WHERE borrado = 0; select * from Diseño WHERE borrado = 0
Save/Update: select * from Diseño WHERE  Diseño.id_cliente=1  ; select * from historico_estados_diseño WHERE borrado = 0
Save/Update: select * from Factura WHERE  Factura.id_cliente=1  ; select * from documento_movimiento; select * from LineaFactura WHERE borrado = 0
Save/Update: select * from Pedido WHERE  Pedido.id_cliente=1  ; select * from produccion WHERE borrado = 0; select * from historico_estados_pedido WHERE borrado = 0
Save/Update: select * from MovimientosCuenta JOIN cliente_movimientos AS cliente ON MovimientosCuenta.nro_movimiento=cliente.nro_movimiento WHERE cliente.id_cliente=1  AND cliente.id_cliente IS NOT  NULL ; select * from cliente_movimientos; select * from documento_movimiento
Save/Update: select * from tipoMovimiento WHERE  tipoMovimiento.tipoMovimientoID=1  
Save/Update: select * from Cuenta WHERE  Cuenta.cuentaID=1  
Save/Update: DELETE cliente_movimientos where nro_movimiento=4  ; DELETE documento_movimiento where nro_movimiento=4  ; ;DELETE MovimientosCuenta WHERE nro_movimiento=4</StdOut>
      </Output>
    </UnitTestResult>
    <UnitTestResult executionId="ed30bbb3-f76d-4dd4-a6c7-3250cf06fbbb" testId="cfd8c036-75a7-640f-488c-228d443acc6e" testName="listaPatentesPorUsuarioTest" computerName="DIEGO-PC" duration="00:00:00.0031566" startTime="2012-11-19T19:38:28.2437949-03:00" endTime="2012-11-19T19:38:28.2537955-03:00" testType="13cdc9d9-ddb5-4fa4-a97d-d965ccfc6d4b" outcome="Passed" testListId="8c84fa94-04c1-424b-9868-57a2d4851a1d" relativeResultsDirectory="ed30bbb3-f76d-4dd4-a6c7-3250cf06fbbb">
      <Output>
        <StdOut>Save/Update: select * from Patente JOIN JoinPatenteToUsuario AS usuario ON Patente.patenteId=usuario.patenteId WHERE usuario.usuarioID=3</StdOut>
      </Output>
    </UnitTestResult>
    <UnitTestResult executionId="778e5ee2-b346-4e26-9610-95f7dfb4dbec" testId="d1a8787a-d877-64a2-00b1-470142ee8a14" testName="cargarFamiliasPorUsuarioTest" computerName="DIEGO-PC" duration="00:00:00.0034953" startTime="2012-11-19T19:38:28.2597959-03:00" endTime="2012-11-19T19:38:28.2687964-03:00" testType="13cdc9d9-ddb5-4fa4-a97d-d965ccfc6d4b" outcome="Passed" testListId="8c84fa94-04c1-424b-9868-57a2d4851a1d" relativeResultsDirectory="778e5ee2-b346-4e26-9610-95f7dfb4dbec">
      <Output>
        <StdOut>Save/Update: select * from Familia JOIN JoinUsuarioToFamilia AS usuarios ON Familia.familiaID=usuarios.familiaID WHERE usuarios.usuarioID=3  ; select * from JoinFamiliaToPatente</StdOut>
      </Output>
    </UnitTestResult>
    <UnitTestResult executionId="149dba8c-a968-4f96-926a-e8a8b92acf2e" testId="d1b2634a-eb02-7f77-05de-c01ea104c115" testName="borrarClienteTest" computerName="DIEGO-PC" duration="00:00:00.0229151" startTime="2012-11-19T19:38:28.2757968-03:00" endTime="2012-11-19T19:38:28.3047984-03:00" testType="13cdc9d9-ddb5-4fa4-a97d-d965ccfc6d4b" outcome="Passed" testListId="8c84fa94-04c1-424b-9868-57a2d4851a1d" relativeResultsDirectory="149dba8c-a968-4f96-926a-e8a8b92acf2e">
      <Output>
        <StdOut>Save/Update: SELECT  ISNULL(MAX(usuarioID + 1),1) from Usuario
Save/Update: INSERT INTO Usuario (usuarioID, nombre, apellido, mail, password, telefonoFijo, telefonoMovil, bloqueado) VALUES (6 , 'nombre6', 'apellido6', 'mail6@test.com', '559D55197310', '6666-6666', '6666-6666', 0 ); DELETE JoinUsuarioToFamilia where usuarioID=6  ;  INSERT INTO JoinUsuarioToFamilia ( usuarioID, familiaID) VALUES ( 6 , 5 ); DELETE JoinPatenteToUsuario where usuarioID=6  ;  INSERT INTO JoinPatenteToUsuario ( usuarioID, patenteId) VALUES ( 6 , 3 ); 
Save/Update: SELECT  ISNULL(MAX(id_cliente + 1),1) from Cliente
Save/Update: INSERT INTO Cliente (id_cliente, habitadoTurnos, usuarioID, newsletter) VALUES (3 , 0 , 6 , 1 ); UPDATE Pedido SET borrado=1 WHERE id_cliente=3  ; UPDATE Factura SET borrado=1 WHERE id_cliente=3  ; UPDATE Diseño SET borrado=1 WHERE id_cliente=3  ; 
Save/Update: select * from Cliente WHERE  Cliente.id_cliente=3  ; select * from cliente_movimientos; select * from Pedido WHERE borrado = 0; select * from Factura WHERE borrado = 0; select * from Diseño WHERE borrado = 0
Save/Update: select * from Usuario WHERE  Usuario.usuarioID=6  ; select * from JoinUsuarioToFamilia; select * from JoinPatenteToUsuario
Save/Update: select * from Familia JOIN JoinUsuarioToFamilia AS usuarios ON Familia.familiaID=usuarios.familiaID WHERE usuarios.usuarioID=6  ; select * from JoinFamiliaToPatente
Save/Update: select * from Patente JOIN JoinFamiliaToPatente AS familia ON Patente.patenteId=familia.patenteId WHERE familia.familiaID=5  
Save/Update: select * from Patente JOIN JoinPatenteToUsuario AS usuario ON Patente.patenteId=usuario.patenteId WHERE usuario.usuarioID=6  
Save/Update: select * from Cliente WHERE  Cliente.usuarioID=6  ; select * from cliente_movimientos; select * from Pedido WHERE borrado = 0; select * from Factura WHERE borrado = 0; select * from Diseño WHERE borrado = 0
Save/Update: select * from Diseño WHERE  Diseño.id_cliente=6  ; select * from historico_estados_diseño WHERE borrado = 0
Save/Update: select * from Factura WHERE  Factura.id_cliente=6  ; select * from documento_movimiento; select * from LineaFactura WHERE borrado = 0
Save/Update: select * from Pedido WHERE  Pedido.id_cliente=6  ; select * from produccion WHERE borrado = 0; select * from historico_estados_pedido WHERE borrado = 0
Save/Update: select * from MovimientosCuenta JOIN cliente_movimientos AS cliente ON MovimientosCuenta.nro_movimiento=cliente.nro_movimiento WHERE cliente.id_cliente=6  AND cliente.id_cliente IS NOT  NULL ; select * from cliente_movimientos; select * from documento_movimiento
Save/Update: DELETE cliente_movimientos where id_cliente=3  ; ;DELETE Cliente WHERE id_cliente=3  
Save/Update: DELETE JoinUsuarioToFamilia where usuarioID=6  ; DELETE JoinPatenteToUsuario where usuarioID=6  ; ;DELETE Usuario WHERE usuarioID=6  
Save/Update: select * from Cliente WHERE  Cliente.id_cliente=3  ; select * from cliente_movimientos; select * from Pedido WHERE borrado = 0; select * from Factura WHERE borrado = 0; select * from Diseño WHERE borrado = 0
Save/Update: UPDATE Usuario SET nombre='nombre1', apellido='apellido1', mail='mail1@test.com', password='11C8', telefonoFijo='1111-1111', telefonoMovil='1111-1111', bloqueado=0  WHERE usuarioID=1  ; DELETE JoinUsuarioToFamilia where usuarioID=1  ; DELETE JoinPatenteToUsuario where usuarioID=1  ; 
Save/Update: UPDATE Cliente SET habitadoTurnos=1 , newsletter=0  WHERE id_cliente=1  ; UPDATE Pedido SET borrado=1 WHERE id_cliente=1  ; UPDATE Factura SET borrado=1 WHERE id_cliente=1  ; UPDATE Diseño SET borrado=1 WHERE id_cliente=1  ; 
Save/Update:  UPDATE factura set borrado = 0 
Save/Update:  UPDATE diseño set borrado = 0 
Save/Update:  UPDATE pedido set borrado = 0 
Save/Update:  Insert into JoinPatenteToUsuario values (1,1)</StdOut>
      </Output>
    </UnitTestResult>
    <UnitTestResult executionId="ce9eabe9-b320-459e-919c-7668c566a4f4" testId="d2623342-49bb-a1e6-2415-8d8bba2b7ac4" testName="modificarArticulosTest" computerName="DIEGO-PC" duration="00:00:00.0251845" startTime="2012-11-19T19:38:28.3127989-03:00" endTime="2012-11-19T19:38:28.3448007-03:00" testType="13cdc9d9-ddb5-4fa4-a97d-d965ccfc6d4b" outcome="Passed" testListId="8c84fa94-04c1-424b-9868-57a2d4851a1d" relativeResultsDirectory="ce9eabe9-b320-459e-919c-7668c566a4f4">
      <Output>
        <StdOut>Save/Update: SELECT  ISNULL(MAX(cod_articulo + 1),1) from Articulos
Save/Update: INSERT INTO Articulos (cod_articulo, tipoPrendaID, diseñoID, comentario, produccion, precioActual, borrado) VALUES (4 , 2 , 2 , 'com4', 10 , 1.4, 0 ); UPDATE lista_precios SET borrado=1 WHERE cod_articulo=4  ; 
Save/Update: select * from Articulos WHERE  Articulos.cod_articulo=4  ; select * from lista_precios WHERE borrado = 0
Save/Update: UPDATE Articulos SET tipoPrendaID=2 , diseñoID=2 , comentario='com modificado', produccion=100 , precioActual=1.4, borrado=0  WHERE cod_articulo=4  ; UPDATE lista_precios SET borrado=1 WHERE cod_articulo=4  ; 
Save/Update: select * from Articulos WHERE  Articulos.cod_articulo=4  ; select * from lista_precios WHERE borrado = 0
Save/Update: DELETE Articulos WHERE cod_articulo=4</StdOut>
      </Output>
    </UnitTestResult>
    <UnitTestResult executionId="d083999e-7ed0-45b9-9ba2-6e1839684621" testId="d2ff731c-908c-96c5-902b-39b6c7e680d7" testName="DataAccesObjectConstructorTest" computerName="DIEGO-PC" duration="00:00:00.0002445" startTime="2012-11-19T19:38:28.3498010-03:00" endTime="2012-11-19T19:38:28.3618017-03:00" testType="13cdc9d9-ddb5-4fa4-a97d-d965ccfc6d4b" outcome="Passed" testListId="8c84fa94-04c1-424b-9868-57a2d4851a1d" relativeResultsDirectory="d083999e-7ed0-45b9-9ba2-6e1839684621">
    </UnitTestResult>
    <UnitTestResult executionId="bbed6389-5f79-4225-9a56-e15db14e1135" testId="d3580286-a69a-cc57-bea0-cea793fc0992" testName="listarOrdenDeComprasPorMovimientoTest" computerName="DIEGO-PC" duration="00:00:00.0128764" startTime="2012-11-19T19:38:28.3638018-03:00" endTime="2012-11-19T19:38:28.3868031-03:00" testType="13cdc9d9-ddb5-4fa4-a97d-d965ccfc6d4b" outcome="Passed" testListId="8c84fa94-04c1-424b-9868-57a2d4851a1d" relativeResultsDirectory="bbed6389-5f79-4225-9a56-e15db14e1135">
      <Output>
        <StdOut>Save/Update: select * from OrdenDeCompra WHERE  OrdenDeCompra.nro_Doc=3  ; select * from documento_movimiento; select * from LineaOrdenDeCompra WHERE borrado = 0
Save/Update: select * from LineaOrdenDeCompra WHERE  LineaOrdenDeCompra.nro_orden_compra=1  AND  LineaOrdenDeCompra.tipo_orden_compra='A' AND  LineaOrdenDeCompra.nro_sucursal=1  
Save/Update: select * from insumo WHERE  insumo.cod_insumo=1  
Save/Update: select * from insumo WHERE  insumo.cod_insumo=2  
Save/Update: select * from Proveedor WHERE  Proveedor.id_proveedor=1  
Save/Update: select * from MovimientosCuenta JOIN documento_movimiento AS documento ON MovimientosCuenta.nro_movimiento=documento.nro_movimiento JOIN proveedor_movimientos AS proveedor ON MovimientosCuenta.nro_movimiento=proveedor.nro_movimiento WHERE documento.nro_Doc=3  AND proveedor.id_proveedor IS NOT  NULL ; select * from proveedor_movimientos; select * from documento_movimiento
Save/Update: DELETE LineaOrdenDeCompra WHERE nro_orden_compra=2  AND nro_sucursal=1  AND tipo_orden_compra='A' AND nro_linea=1  
Save/Update: DELETE LineaOrdenDeCompra WHERE nro_orden_compra=2  AND nro_sucursal=1  AND tipo_orden_compra='A' AND nro_linea=2  
Save/Update: DELETE proveedor_movimientos where nro_movimiento=4  ; DELETE documento_movimiento where nro_movimiento=4  ; ;DELETE MovimientosCuenta WHERE nro_movimiento=4  
Save/Update: DELETE FROM OrdenDeCompra WHERE nro_Doc =5
Save/Update: delete documento where nro_doc=5</StdOut>
      </Output>
    </UnitTestResult>
    <UnitTestResult executionId="a55dfeda-8f88-48e0-b5f0-24a09083fafa" testId="d40feea3-8180-d822-1bc4-ef1286a37118" testName="cargarOrdenesDeComprasTest" computerName="DIEGO-PC" duration="00:00:00.0074717" startTime="2012-11-19T19:38:28.3888032-03:00" endTime="2012-11-19T19:38:28.4038041-03:00" testType="13cdc9d9-ddb5-4fa4-a97d-d965ccfc6d4b" outcome="Passed" testListId="8c84fa94-04c1-424b-9868-57a2d4851a1d" relativeResultsDirectory="a55dfeda-8f88-48e0-b5f0-24a09083fafa">
      <Output>
        <StdOut>Save/Update: select * from OrdenDeCompra; select * from documento_movimiento; select * from LineaOrdenDeCompra WHERE borrado = 0
Save/Update: delete OrdenDeCompra where nro_doc=5
Save/Update: delete documento where nro_doc=5</StdOut>
      </Output>
    </UnitTestResult>
    <UnitTestResult executionId="4f4f5079-3c82-413b-9d60-d811abadb490" testId="d4992a93-c61f-e7a7-6c4a-4dd37d506f00" testName="listarMovimientosPorNroTest" computerName="DIEGO-PC" duration="00:00:00.0233744" startTime="2012-11-19T19:38:28.4088044-03:00" endTime="2012-11-19T19:38:28.4388061-03:00" testType="13cdc9d9-ddb5-4fa4-a97d-d965ccfc6d4b" outcome="Passed" testListId="8c84fa94-04c1-424b-9868-57a2d4851a1d" relativeResultsDirectory="4f4f5079-3c82-413b-9d60-d811abadb490">
      <Output>
        <StdOut>Save/Update: select * from MovimientosCuenta JOIN cliente_movimientos AS cliente ON MovimientosCuenta.nro_movimiento=cliente.nro_movimiento WHERE  MovimientosCuenta.nro_movimiento=1  AND cliente.id_cliente IS NOT  NULL ; select * from cliente_movimientos; select * from documento_movimiento
Save/Update: select * from Cliente WHERE  Cliente.id_cliente=1  ; select * from cliente_movimientos; select * from Pedido WHERE borrado = 0; select * from Factura WHERE borrado = 0; select * from Diseño WHERE borrado = 0
Save/Update: select * from Usuario WHERE  Usuario.usuarioID=1  ; select * from JoinUsuarioToFamilia; select * from JoinPatenteToUsuario
Save/Update: select * from Familia JOIN JoinUsuarioToFamilia AS usuarios ON Familia.familiaID=usuarios.familiaID WHERE usuarios.usuarioID=1  ; select * from JoinFamiliaToPatente
Save/Update: select * from Patente JOIN JoinPatenteToUsuario AS usuario ON Patente.patenteId=usuario.patenteId WHERE usuario.usuarioID=1  
Save/Update: select * from Cliente WHERE  Cliente.usuarioID=1  ; select * from cliente_movimientos; select * from Pedido WHERE borrado = 0; select * from Factura WHERE borrado = 0; select * from Diseño WHERE borrado = 0
Save/Update: select * from Diseño WHERE  Diseño.id_cliente=1  ; select * from historico_estados_diseño WHERE borrado = 0
Save/Update: select * from Factura WHERE  Factura.id_cliente=1  ; select * from documento_movimiento; select * from LineaFactura WHERE borrado = 0
Save/Update: select * from Pedido WHERE  Pedido.id_cliente=1  ; select * from produccion WHERE borrado = 0; select * from historico_estados_pedido WHERE borrado = 0
Save/Update: select * from MovimientosCuenta JOIN cliente_movimientos AS cliente ON MovimientosCuenta.nro_movimiento=cliente.nro_movimiento WHERE cliente.id_cliente=1  AND cliente.id_cliente IS NOT  NULL ; select * from cliente_movimientos; select * from documento_movimiento
Save/Update: select * from Factura WHERE  Factura.nro_Doc=1  ; select * from documento_movimiento; select * from LineaFactura WHERE borrado = 0
Save/Update: select * from tipoMovimiento WHERE  tipoMovimiento.tipoMovimientoID=1  
Save/Update: select * from Cuenta WHERE  Cuenta.cuentaID=1  
Save/Update: DELETE cliente_movimientos where nro_movimiento=4  ; DELETE documento_movimiento where nro_movimiento=4  ; ;DELETE MovimientosCuenta WHERE nro_movimiento=4</StdOut>
      </Output>
    </UnitTestResult>
    <UnitTestResult executionId="60de2271-6233-4483-81ac-e8190ddb5bb9" testId="d5a80f55-2074-60f0-99dc-1062cdfc3cee" testName="actualizarNewsletterTest" computerName="DIEGO-PC" duration="00:00:00.0048105" startTime="2012-11-19T19:38:28.4408062-03:00" endTime="2012-11-19T19:38:28.4518068-03:00" testType="13cdc9d9-ddb5-4fa4-a97d-d965ccfc6d4b" outcome="Passed" testListId="8c84fa94-04c1-424b-9868-57a2d4851a1d" relativeResultsDirectory="60de2271-6233-4483-81ac-e8190ddb5bb9">
      <Output>
        <StdOut>Save/Update: select * from newsletter WHERE  newsletter.nombre='news1' 
Save/Update: UPDATE newsletter SET newsletter='&lt;body background="#8A94AA"&gt;&lt;style type="text/css"&gt;&lt;!--body {	background-color: #8A94AA;}.txt-geral {	font-family: Georgia, Times New Roman, Times, serif;	font-size: 13px;}.style3 {	font-family: Georgia, Times New Roman, Times, serif;	font-size: 13px;	color:#003366;}.txt-geralp {	font-family: Georgia, Times New Roman, Times, serif;	font-size: 11px;}.style-grd {	font-family: Georgia, Times New Roman, Times, serif;	font-size: 18px;}--&gt; &lt;/style&gt;&lt;table width="600" border="0" align="center" cellpadding="0" cellspacing="0"&gt;  &lt;tr&gt;    &lt;td class="titulo3"&gt;&lt;img src="http://www.salvadorefilhos.pt/images/news/bg-topo.gif" alt="" width="600" height="21" /&gt;&lt;/td&gt;  &lt;/tr&gt;  &lt;tr&gt;    &lt;td align="center" bgcolor="#EEEBE0"&gt;&lt;div align="center"&gt;&lt;img src="http://www.salvadorefilhos.pt/images/news/img-topo.jpg" alt="Salvador &amp;amp; Filhos" width="600" height="206" border="0" /&gt;&lt;/div&gt;&lt;/td&gt;  &lt;/tr&gt;  &lt;tr&gt;    &lt;td bgcolor="#EEEBE0"&gt;&lt;table width="97%" border="0" align="center" cellpadding="0" cellspacing="16"&gt;      &lt;tr&gt;        &lt;td width="50%" height="34" valign="top" class="txt-geral"&gt;&lt;div class="style3"&gt;          &lt;p&gt;&lt;b&gt;UNIPROF&lt;/b&gt;&lt;/p&gt;          &lt;p&gt;&lt;b&gt;NEWSLETTER N&amp;ordm;9&lt;/b&gt;&lt;/p&gt;        &lt;/div&gt;&lt;/td&gt;        &lt;td width="50%" align="right" valign="top" class="txt-geral"&gt;&lt;img src="http://www.salvadorefilhos.pt/images/news/logo.gif" alt="Cristo Rei" width="99" height="66" /&gt;&lt;/td&gt;      &lt;/tr&gt;      &lt;tr&gt;        &lt;td colspan="2" valign="top" class="txt-geral"&gt;&lt;p align="center"&gt;&lt;img src="http://www.es.salvadorefilhos.pt/newsletter/images/tit-newsl9.gif" alt="Servicios Adicionales" width="550" height="100" /&gt;&lt;/p&gt;          	&lt;table width="100%" border="0" cellspacing="0" cellpadding="0"&gt;				&lt;tr&gt;					&lt;td width="60%" valign="top"&gt;&lt;h2&gt;&lt;span lang="ES-TRAD" xml:lang="ES-TRAD"&gt;&lt;strong&gt;Env&amp;iacute;o, recepci&amp;oacute;n&lt;/strong&gt;&lt;/span&gt;:&lt;/h2&gt;							&lt;ul&gt;								&lt;li&gt;&lt;span lang="ES-TRAD" xml:lang="ES-TRAD"&gt;Log&amp;iacute;stica de entrega y recogida de pedidos por nuestro   transportista especializado. &lt;/span&gt; &lt;/li&gt;								&lt;li&gt;&lt;span lang="ES-TRAD" xml:lang="ES-TRAD"&gt;Entregas r&amp;aacute;pidas. &lt;/span&gt; &lt;/li&gt;								&lt;li&gt;&lt;span lang="ES-TRAD" xml:lang="ES-TRAD"&gt;Trabajamos internacionalmente. &lt;/span&gt; &lt;/li&gt;								&lt;li&gt;&lt;span lang="ES-TRAD" xml:lang="ES-TRAD"&gt;Entrega directa a nuestros clientes.&lt;/span&gt;&lt;/li&gt;								&lt;/ul&gt;&lt;/td&gt;					&lt;td width="40%" align="right"&gt;&lt;img src="http://www.es.salvadorefilhos.pt/fotos/empresa/carrinho.gif" alt="Env&amp;iacute;o, recepci&amp;oacute;n" width="200" height="190" hspace="0" border="0" /&gt;&lt;/td&gt;				&lt;/tr&gt;				&lt;tr&gt;					&lt;td valign="top"&gt;&lt;h2&gt;&lt;br /&gt;						&lt;strong&gt;Embalaje&lt;/strong&gt;:&lt;/h2&gt;							&lt;ul&gt;								&lt;li&gt;&lt;span lang="ES-TRAD" xml:lang="ES-TRAD"&gt;Tenemos un servicio m&amp;aacute;s a la disponibilidad de nuestros clientes. &lt;/span&gt; &lt;/li&gt;								&lt;li&gt;&lt;span lang="ES-TRAD" xml:lang="ES-TRAD"&gt;Doblar y prensar las piezas personalizadas. &lt;/span&gt; &lt;/li&gt;								&lt;li&gt;&lt;span lang="ES-TRAD" xml:lang="ES-TRAD"&gt;Embalaje individual en una bolsa de pl&amp;aacute;stico. &lt;/span&gt; &lt;/li&gt;								&lt;li&gt;&lt;span lang="ES-TRAD" xml:lang="ES-TRAD"&gt;Embalaje m&amp;uacute;ltiple en una bolsa de pl&amp;aacute;stico. &lt;/span&gt; &lt;/li&gt;								&lt;li&gt;&lt;span lang="ES-TRAD" xml:lang="ES-TRAD"&gt;Embalaje en cajas de cart&amp;oacute;n&lt;/span&gt;&lt;/li&gt;								&lt;/ul&gt;&lt;/td&gt;					&lt;td align="right"&gt;&lt;br /&gt;							&lt;img src="http://www.es.salvadorefilhos.pt/fotos/empresa/embalagem.gif" alt="Embalaje" width="200" height="168" hspace="0" border="0" /&gt;&lt;/td&gt;				&lt;/tr&gt;				&lt;tr&gt;					&lt;td valign="top"&gt;&lt;h2&gt;&lt;br /&gt;						&lt;strong&gt;Control de calidad&lt;/strong&gt;:&lt;/h2&gt;							&lt;ul&gt;								&lt;li&gt;&lt;span lang="ES-TRAD" xml:lang="ES-TRAD"&gt;N&lt;/span&gt;uestros bordados son la prueba de la calidad y durabilidad,   colores s&amp;oacute;lidos y garantidos, calidad garantizada. &lt;/li&gt;								&lt;li&gt;Nuestros textiles son de un acabado de alta calidad, controlado y   probado. &lt;/li&gt;								&lt;li&gt;Control de calidad para todos nuestros art&amp;iacute;culos. &lt;/li&gt;								&lt;li&gt;La experiencia y conocimiento a su servicio. &lt;/li&gt;								&lt;li&gt;P&amp;oacute;nganos a prueba.&lt;/li&gt;								&lt;/ul&gt;&lt;/td&gt;					&lt;td align="right"&gt;&lt;br /&gt;							&lt;img height="200" alt="Control de calidad" src="http://www.es.salvadorefilhos.pt/fotos/empresa/maos.gif" width="200" border="0" /&gt;&lt;/td&gt;				&lt;/tr&gt;			&lt;/table&gt;          	&lt;p&gt;&lt;strong&gt;&amp;iexcl;&lt;a href=""&gt;Env&amp;iacute;enos su solicitud&lt;/a&gt;!&lt;img src="http://www.salvadorefilhos.pt/newsletter/images/download-es.gif" alt="Descargas, Diapositivos gratis" width="173" height="148" border="0" align="right" /&gt;&lt;/strong&gt;&lt;/b&gt;&lt;/p&gt;          &lt;p&gt;Descargue en su ordenador nuestro cat&amp;aacute;logo de hilos y lista de clis&amp;eacute;s en &lt;a href=""&gt;descargas&lt;/a&gt;. &lt;/p&gt;          &lt;p&gt; Calidad siempre em nuestros art&amp;iacute;culos garantizados y acabamiento especial.&lt;/p&gt;&lt;/td&gt;      &lt;/tr&gt;      &lt;tr&gt;        &lt;td colspan="2" valign="top" class="txt-geral"&gt;&lt;/td&gt;      &lt;/tr&gt;    &lt;/table&gt;    &lt;/td&gt;  &lt;/tr&gt;  &lt;tr&gt;   &lt;td&gt;&lt;img src="http://www.salvadorefilhos.pt/images/news/bg-bot.gif" alt="" width="600" height="50" /&gt;&lt;/td&gt;  &lt;/tr&gt;&lt;/table&gt;&lt;/body&gt;&lt;/html&gt;', nombre='news1', enviado=1  WHERE id=1  ; 
Save/Update: select * from newsletter WHERE  newsletter.id=1  
Save/Update: UPDATE newsletter SET newsletter='&lt;body background="#8A94AA"&gt;&lt;style type="text/css"&gt;&lt;!--body {	background-color: #8A94AA;}.txt-geral {	font-family: Georgia, Times New Roman, Times, serif;	font-size: 13px;}.style3 {	font-family: Georgia, Times New Roman, Times, serif;	font-size: 13px;	color:#003366;}.txt-geralp {	font-family: Georgia, Times New Roman, Times, serif;	font-size: 11px;}.style-grd {	font-family: Georgia, Times New Roman, Times, serif;	font-size: 18px;}--&gt; &lt;/style&gt;&lt;table width="600" border="0" align="center" cellpadding="0" cellspacing="0"&gt;  &lt;tr&gt;    &lt;td class="titulo3"&gt;&lt;img src="http://www.salvadorefilhos.pt/images/news/bg-topo.gif" alt="" width="600" height="21" /&gt;&lt;/td&gt;  &lt;/tr&gt;  &lt;tr&gt;    &lt;td align="center" bgcolor="#EEEBE0"&gt;&lt;div align="center"&gt;&lt;img src="http://www.salvadorefilhos.pt/images/news/img-topo.jpg" alt="Salvador &amp;amp; Filhos" width="600" height="206" border="0" /&gt;&lt;/div&gt;&lt;/td&gt;  &lt;/tr&gt;  &lt;tr&gt;    &lt;td bgcolor="#EEEBE0"&gt;&lt;table width="97%" border="0" align="center" cellpadding="0" cellspacing="16"&gt;      &lt;tr&gt;        &lt;td width="50%" height="34" valign="top" class="txt-geral"&gt;&lt;div class="style3"&gt;          &lt;p&gt;&lt;b&gt;UNIPROF&lt;/b&gt;&lt;/p&gt;          &lt;p&gt;&lt;b&gt;NEWSLETTER N&amp;ordm;9&lt;/b&gt;&lt;/p&gt;        &lt;/div&gt;&lt;/td&gt;        &lt;td width="50%" align="right" valign="top" class="txt-geral"&gt;&lt;img src="http://www.salvadorefilhos.pt/images/news/logo.gif" alt="Cristo Rei" width="99" height="66" /&gt;&lt;/td&gt;      &lt;/tr&gt;      &lt;tr&gt;        &lt;td colspan="2" valign="top" class="txt-geral"&gt;&lt;p align="center"&gt;&lt;img src="http://www.es.salvadorefilhos.pt/newsletter/images/tit-newsl9.gif" alt="Servicios Adicionales" width="550" height="100" /&gt;&lt;/p&gt;          	&lt;table width="100%" border="0" cellspacing="0" cellpadding="0"&gt;				&lt;tr&gt;					&lt;td width="60%" valign="top"&gt;&lt;h2&gt;&lt;span lang="ES-TRAD" xml:lang="ES-TRAD"&gt;&lt;strong&gt;Env&amp;iacute;o, recepci&amp;oacute;n&lt;/strong&gt;&lt;/span&gt;:&lt;/h2&gt;							&lt;ul&gt;								&lt;li&gt;&lt;span lang="ES-TRAD" xml:lang="ES-TRAD"&gt;Log&amp;iacute;stica de entrega y recogida de pedidos por nuestro   transportista especializado. &lt;/span&gt; &lt;/li&gt;								&lt;li&gt;&lt;span lang="ES-TRAD" xml:lang="ES-TRAD"&gt;Entregas r&amp;aacute;pidas. &lt;/span&gt; &lt;/li&gt;								&lt;li&gt;&lt;span lang="ES-TRAD" xml:lang="ES-TRAD"&gt;Trabajamos internacionalmente. &lt;/span&gt; &lt;/li&gt;								&lt;li&gt;&lt;span lang="ES-TRAD" xml:lang="ES-TRAD"&gt;Entrega directa a nuestros clientes.&lt;/span&gt;&lt;/li&gt;								&lt;/ul&gt;&lt;/td&gt;					&lt;td width="40%" align="right"&gt;&lt;img src="http://www.es.salvadorefilhos.pt/fotos/empresa/carrinho.gif" alt="Env&amp;iacute;o, recepci&amp;oacute;n" width="200" height="190" hspace="0" border="0" /&gt;&lt;/td&gt;				&lt;/tr&gt;				&lt;tr&gt;					&lt;td valign="top"&gt;&lt;h2&gt;&lt;br /&gt;						&lt;strong&gt;Embalaje&lt;/strong&gt;:&lt;/h2&gt;							&lt;ul&gt;								&lt;li&gt;&lt;span lang="ES-TRAD" xml:lang="ES-TRAD"&gt;Tenemos un servicio m&amp;aacute;s a la disponibilidad de nuestros clientes. &lt;/span&gt; &lt;/li&gt;								&lt;li&gt;&lt;span lang="ES-TRAD" xml:lang="ES-TRAD"&gt;Doblar y prensar las piezas personalizadas. &lt;/span&gt; &lt;/li&gt;								&lt;li&gt;&lt;span lang="ES-TRAD" xml:lang="ES-TRAD"&gt;Embalaje individual en una bolsa de pl&amp;aacute;stico. &lt;/span&gt; &lt;/li&gt;								&lt;li&gt;&lt;span lang="ES-TRAD" xml:lang="ES-TRAD"&gt;Embalaje m&amp;uacute;ltiple en una bolsa de pl&amp;aacute;stico. &lt;/span&gt; &lt;/li&gt;								&lt;li&gt;&lt;span lang="ES-TRAD" xml:lang="ES-TRAD"&gt;Embalaje en cajas de cart&amp;oacute;n&lt;/span&gt;&lt;/li&gt;								&lt;/ul&gt;&lt;/td&gt;					&lt;td align="right"&gt;&lt;br /&gt;							&lt;img src="http://www.es.salvadorefilhos.pt/fotos/empresa/embalagem.gif" alt="Embalaje" width="200" height="168" hspace="0" border="0" /&gt;&lt;/td&gt;				&lt;/tr&gt;				&lt;tr&gt;					&lt;td valign="top"&gt;&lt;h2&gt;&lt;br /&gt;						&lt;strong&gt;Control de calidad&lt;/strong&gt;:&lt;/h2&gt;							&lt;ul&gt;								&lt;li&gt;&lt;span lang="ES-TRAD" xml:lang="ES-TRAD"&gt;N&lt;/span&gt;uestros bordados son la prueba de la calidad y durabilidad,   colores s&amp;oacute;lidos y garantidos, calidad garantizada. &lt;/li&gt;								&lt;li&gt;Nuestros textiles son de un acabado de alta calidad, controlado y   probado. &lt;/li&gt;								&lt;li&gt;Control de calidad para todos nuestros art&amp;iacute;culos. &lt;/li&gt;								&lt;li&gt;La experiencia y conocimiento a su servicio. &lt;/li&gt;								&lt;li&gt;P&amp;oacute;nganos a prueba.&lt;/li&gt;								&lt;/ul&gt;&lt;/td&gt;					&lt;td align="right"&gt;&lt;br /&gt;							&lt;img height="200" alt="Control de calidad" src="http://www.es.salvadorefilhos.pt/fotos/empresa/maos.gif" width="200" border="0" /&gt;&lt;/td&gt;				&lt;/tr&gt;			&lt;/table&gt;          	&lt;p&gt;&lt;strong&gt;&amp;iexcl;&lt;a href=""&gt;Env&amp;iacute;enos su solicitud&lt;/a&gt;!&lt;img src="http://www.salvadorefilhos.pt/newsletter/images/download-es.gif" alt="Descargas, Diapositivos gratis" width="173" height="148" border="0" align="right" /&gt;&lt;/strong&gt;&lt;/b&gt;&lt;/p&gt;          &lt;p&gt;Descargue en su ordenador nuestro cat&amp;aacute;logo de hilos y lista de clis&amp;eacute;s en &lt;a href=""&gt;descargas&lt;/a&gt;. &lt;/p&gt;          &lt;p&gt; Calidad siempre em nuestros art&amp;iacute;culos garantizados y acabamiento especial.&lt;/p&gt;&lt;/td&gt;      &lt;/tr&gt;      &lt;tr&gt;        &lt;td colspan="2" valign="top" class="txt-geral"&gt;&lt;/td&gt;      &lt;/tr&gt;    &lt;/table&gt;    &lt;/td&gt;  &lt;/tr&gt;  &lt;tr&gt;   &lt;td&gt;&lt;img src="http://www.salvadorefilhos.pt/images/news/bg-bot.gif" alt="" width="600" height="50" /&gt;&lt;/td&gt;  &lt;/tr&gt;&lt;/table&gt;&lt;/body&gt;&lt;/html&gt;', nombre='news1', enviado=1  WHERE id=1  ;</StdOut>
      </Output>
    </UnitTestResult>
    <UnitTestResult executionId="066bef16-a0c6-4fc7-b9b5-f21514b26edc" testId="d5caf4bd-ddf9-d011-d96d-760e6d607d73" testName="buscarArticulosPorCodigoTest" computerName="DIEGO-PC" duration="00:00:00.0066153" startTime="2012-11-19T19:38:28.4568071-03:00" endTime="2012-11-19T19:38:28.4698079-03:00" testType="13cdc9d9-ddb5-4fa4-a97d-d965ccfc6d4b" outcome="Passed" testListId="8c84fa94-04c1-424b-9868-57a2d4851a1d" relativeResultsDirectory="066bef16-a0c6-4fc7-b9b5-f21514b26edc">
      <Output>
        <StdOut>Save/Update: select * from Articulos WHERE  Articulos.cod_articulo=1  ; select * from lista_precios WHERE borrado = 0
Save/Update: select * from lista_precios WHERE  lista_precios.cod_articulo=1  
Save/Update: select * from TipoPrenda WHERE  TipoPrenda.tipo_prenda=1  
Save/Update: select * from Diseño WHERE  Diseño.cod_diseño=1  ; select * from historico_estados_diseño WHERE borrado = 0
Save/Update: DELETE lista_precios WHERE nro_lista=1  AND cod_articulo=4  
Save/Update: DELETE lista_precios WHERE nro_lista=2  AND cod_articulo=4  
Save/Update: DELETE Articulos WHERE cod_articulo=4</StdOut>
      </Output>
    </UnitTestResult>
    <UnitTestResult executionId="4a1428f4-10a8-4a0a-9841-7ac653f6587f" testId="d6a986e5-8b98-e2f2-cef0-92190831ed08" testName="borrarFamiliaTest" computerName="DIEGO-PC" duration="00:00:00.0066375" startTime="2012-11-19T19:38:28.4738081-03:00" endTime="2012-11-19T19:38:28.4868088-03:00" testType="13cdc9d9-ddb5-4fa4-a97d-d965ccfc6d4b" outcome="Passed" testListId="8c84fa94-04c1-424b-9868-57a2d4851a1d" relativeResultsDirectory="4a1428f4-10a8-4a0a-9841-7ac653f6587f">
      <Output>
        <StdOut>Save/Update: INSERT INTO Familia (familiaID, descripcion, nombre) VALUES (7 , 'familia test', 'test'); DELETE JoinFamiliaToPatente where familiaID=7  ;  INSERT INTO JoinFamiliaToPatente ( familiaID, patenteId) VALUES ( 7 , 9 ); 
Save/Update: select * from Familia WHERE  Familia.familiaID=7  ; select * from JoinFamiliaToPatente
Save/Update: select * from Patente JOIN JoinFamiliaToPatente AS familia ON Patente.patenteId=familia.patenteId WHERE familia.familiaID=7  
Save/Update: DELETE JoinFamiliaToPatente where familiaID=7  ; ;DELETE Familia WHERE familiaID=7  
Save/Update: select * from Familia WHERE  Familia.familiaID=7  ; select * from JoinFamiliaToPatente</StdOut>
      </Output>
    </UnitTestResult>
    <UnitTestResult executionId="a4a1a6c9-a589-4d10-a7ac-437639dc065a" testId="d6d7a27e-0988-cf60-1910-ee6f0eb6cf75" testName="modificarFacturasTest" computerName="DIEGO-PC" duration="00:00:00.0160498" startTime="2012-11-19T19:38:28.4888090-03:00" endTime="2012-11-19T19:38:28.5128103-03:00" testType="13cdc9d9-ddb5-4fa4-a97d-d965ccfc6d4b" outcome="Passed" testListId="8c84fa94-04c1-424b-9868-57a2d4851a1d" relativeResultsDirectory="a4a1a6c9-a589-4d10-a7ac-437639dc065a">
      <Output>
        <StdOut>Save/Update: SELECT  ISNULL(MAX(nro_Doc + 1),1) from documento
Save/Update: INSERT INTO documento VALUES (5)
Save/Update: SELECT  ISNULL(MAX(nro_factura + 1),1) from Factura WHERE nro_sucursal=1 AND tipo_factura='A'
Save/Update: INSERT INTO Factura (nro_Doc, iva, fecha, borrado, nro_factura, nro_sucursal, tipo_factura, id_cliente, monto) VALUES (5 , 33.3,  CAST('19/11/2012 19:38:28.500'  AS DateTime), 0 , 2 , 1 , 'A', 2 , 33.3); UPDATE LineaFactura SET borrado=1 WHERE nro_factura=2  AND nro_sucursal=1  AND tipo_factura='A' ; 
Save/Update: select * from Factura WHERE  Factura.nro_Doc=5  ; select * from documento_movimiento; select * from LineaFactura WHERE borrado = 0
Save/Update: UPDATE Factura SET nro_Doc=5 , iva=25.5, fecha= CAST('19/11/2012 19:38:28.500'  AS DateTime), borrado=0 , id_cliente=2 , monto=33.3 WHERE nro_factura=2  AND nro_sucursal=1  AND tipo_factura='A' ; UPDATE LineaFactura SET borrado=1 WHERE nro_factura=2  AND nro_sucursal=1  AND tipo_factura='A' ; 
Save/Update: select * from Factura WHERE  Factura.nro_Doc=5  ; select * from documento_movimiento; select * from LineaFactura WHERE borrado = 0
Save/Update: delete Factura where nro_doc=5
Save/Update: delete documento where nro_doc=5</StdOut>
      </Output>
    </UnitTestResult>
    <UnitTestResult executionId="6facfe33-a170-4328-9b7e-396d42ef1de2" testId="d708e39f-77d8-94a9-244f-7004fb181d58" testName="calcularPosiblesFechasTest" computerName="DIEGO-PC" duration="00:00:00.0470327" startTime="2012-11-19T19:38:28.5148104-03:00" endTime="2012-11-19T19:38:28.5688135-03:00" testType="13cdc9d9-ddb5-4fa4-a97d-d965ccfc6d4b" outcome="Passed" testListId="8c84fa94-04c1-424b-9868-57a2d4851a1d" relativeResultsDirectory="6facfe33-a170-4328-9b7e-396d42ef1de2">
      <Output>
        <StdOut>Save/Update: select * from Articulos WHERE  Articulos.cod_articulo=1  ; select * from lista_precios WHERE borrado = 0
Save/Update: select * from lista_precios WHERE  lista_precios.cod_articulo=1  
Save/Update: select * from TipoPrenda WHERE  TipoPrenda.tipo_prenda=1  
Save/Update: select * from Diseño WHERE  Diseño.cod_diseño=1  ; select * from historico_estados_diseño WHERE borrado = 0
Save/Update: select * from Maquina JOIN JoinMaquinaToTipoPrenda AS tiposPrenda ON Maquina.cod_maquina=tiposPrenda.cod_maquina WHERE  Maquina.altoMargen&gt;=11  AND  Maquina.anchoMargen&gt;=11  AND  Maquina.cabezales&gt;=1  AND  Maquina.cantidadColores&gt;=0  AND tiposPrenda.tipo_prenda=1  ; select * from JoinMaquinaToTipoPrenda
Save/Update: select * from TipoPrenda WHERE  TipoPrenda.tipo_prenda=1  
Save/Update: select * from TipoPrenda WHERE  TipoPrenda.tipo_prenda=2  
Save/Update: select * from TipoPrenda WHERE  TipoPrenda.tipo_prenda=3  
Save/Update: select * from TipoPrenda WHERE  TipoPrenda.tipo_prenda=1  
Save/Update: select * from TipoPrenda WHERE  TipoPrenda.tipo_prenda=2  
Save/Update: select * from TipoPrenda WHERE  TipoPrenda.tipo_prenda=3  
Save/Update: select * from TipoPrenda WHERE  TipoPrenda.tipo_prenda=1  
Save/Update: select * from TipoPrenda WHERE  TipoPrenda.tipo_prenda=2  
Save/Update: select * from TipoPrenda WHERE  TipoPrenda.tipo_prenda=3  
Save/Update: select * from produccion WHERE  produccion.cod_maquina=1  AND  produccion.fechaFinal&gt;= CAST('09/10/2012 11:00:00.000'  AS DateTime) ; select * from historico_estados_produccion WHERE borrado = 0
Save/Update: select * from Pedido WHERE  Pedido.cod_pedido=1  ; select * from produccion WHERE borrado = 0; select * from historico_estados_pedido WHERE borrado = 0
Save/Update: select * from Maquina WHERE  Maquina.cod_maquina=1  ; select * from JoinMaquinaToTipoPrenda
Save/Update: select * from Articulos WHERE  Articulos.cod_articulo=1  ; select * from lista_precios WHERE borrado = 0
Save/Update: select * from EstadoTrabajos WHERE  EstadoTrabajos.cod_estado=3  
Save/Update: select * from historico_estados_produccion WHERE  historico_estados_produccion.cod_produccion=1  
Save/Update: select * from produccion_operador WHERE  produccion_operador.cod_prodcuccion=1  
Save/Update: select * from Pedido WHERE  Pedido.cod_pedido=1  ; select * from produccion WHERE borrado = 0; select * from historico_estados_pedido WHERE borrado = 0
Save/Update: select * from Maquina WHERE  Maquina.cod_maquina=1  ; select * from JoinMaquinaToTipoPrenda
Save/Update: select * from Articulos WHERE  Articulos.cod_articulo=2  ; select * from lista_precios WHERE borrado = 0
Save/Update: select * from EstadoTrabajos WHERE  EstadoTrabajos.cod_estado=2  
Save/Update: select * from historico_estados_produccion WHERE  historico_estados_produccion.cod_produccion=2  
Save/Update: select * from produccion_operador WHERE  produccion_operador.cod_prodcuccion=2  
Save/Update: select * from Pedido WHERE  Pedido.cod_pedido=2  ; select * from produccion WHERE borrado = 0; select * from historico_estados_pedido WHERE borrado = 0
Save/Update: select * from Maquina WHERE  Maquina.cod_maquina=1  ; select * from JoinMaquinaToTipoPrenda
Save/Update: select * from Articulos WHERE  Articulos.cod_articulo=6  ; select * from lista_precios WHERE borrado = 0
Save/Update: select * from EstadoTrabajos WHERE  EstadoTrabajos.cod_estado=0  
Save/Update: select * from historico_estados_produccion WHERE  historico_estados_produccion.cod_produccion=5  
Save/Update: select * from produccion_operador WHERE  produccion_operador.cod_prodcuccion=5  
Save/Update: select * from produccion WHERE  produccion.cod_maquina=1  AND  produccion.fechaInicio&gt;= CAST('09/10/2012 14:00:00.000'  AS DateTime) ; select * from historico_estados_produccion WHERE borrado = 0
Save/Update: select * from Pedido WHERE  Pedido.cod_pedido=1  ; select * from produccion WHERE borrado = 0; select * from historico_estados_pedido WHERE borrado = 0
Save/Update: select * from Maquina WHERE  Maquina.cod_maquina=1  ; select * from JoinMaquinaToTipoPrenda
Save/Update: select * from Articulos WHERE  Articulos.cod_articulo=2  ; select * from lista_precios WHERE borrado = 0
Save/Update: select * from EstadoTrabajos WHERE  EstadoTrabajos.cod_estado=2  
Save/Update: select * from historico_estados_produccion WHERE  historico_estados_produccion.cod_produccion=2  
Save/Update: select * from produccion_operador WHERE  produccion_operador.cod_prodcuccion=2  
Save/Update: select * from Pedido WHERE  Pedido.cod_pedido=2  ; select * from produccion WHERE borrado = 0; select * from historico_estados_pedido WHERE borrado = 0
Save/Update: select * from Maquina WHERE  Maquina.cod_maquina=1  ; select * from JoinMaquinaToTipoPrenda
Save/Update: select * from Articulos WHERE  Articulos.cod_articulo=6  ; select * from lista_precios WHERE borrado = 0
Save/Update: select * from EstadoTrabajos WHERE  EstadoTrabajos.cod_estado=0  
Save/Update: select * from historico_estados_produccion WHERE  historico_estados_produccion.cod_produccion=5  
Save/Update: select * from produccion_operador WHERE  produccion_operador.cod_prodcuccion=5  
Save/Update: select * from produccion WHERE  produccion.cod_maquina=1  AND  produccion.fechaInicio&gt;= CAST('10/10/2012 12:00:00.000'  AS DateTime) ; select * from historico_estados_produccion WHERE borrado = 0
Save/Update: select * from Pedido WHERE  Pedido.cod_pedido=2  ; select * from produccion WHERE borrado = 0; select * from historico_estados_pedido WHERE borrado = 0
Save/Update: select * from Maquina WHERE  Maquina.cod_maquina=1  ; select * from JoinMaquinaToTipoPrenda
Save/Update: select * from Articulos WHERE  Articulos.cod_articulo=6  ; select * from lista_precios WHERE borrado = 0
Save/Update: select * from EstadoTrabajos WHERE  EstadoTrabajos.cod_estado=0  
Save/Update: select * from historico_estados_produccion WHERE  historico_estados_produccion.cod_produccion=5  
Save/Update: select * from produccion_operador WHERE  produccion_operador.cod_prodcuccion=5  
Save/Update: select * from produccion WHERE  produccion.cod_maquina=1  AND  produccion.fechaInicio&gt;= CAST('10/10/2012 16:00:00.000'  AS DateTime) ; select * from historico_estados_produccion WHERE borrado = 0
Save/Update: select * from produccion WHERE  produccion.cod_maquina=2  AND  produccion.fechaFinal&gt;= CAST('09/10/2012 11:00:00.000'  AS DateTime) ; select * from historico_estados_produccion WHERE borrado = 0
Save/Update: select * from Pedido WHERE  Pedido.cod_pedido=1  ; select * from produccion WHERE borrado = 0; select * from historico_estados_pedido WHERE borrado = 0
Save/Update: select * from Maquina WHERE  Maquina.cod_maquina=2  ; select * from JoinMaquinaToTipoPrenda
Save/Update: select * from Articulos WHERE  Articulos.cod_articulo=3  ; select * from lista_precios WHERE borrado = 0
Save/Update: select * from EstadoTrabajos WHERE  EstadoTrabajos.cod_estado=0  
Save/Update: select * from historico_estados_produccion WHERE  historico_estados_produccion.cod_produccion=3  
Save/Update: select * from produccion_operador WHERE  produccion_operador.cod_prodcuccion=3  
Save/Update: select * from produccion WHERE  produccion.cod_maquina=2  AND  produccion.fechaInicio&gt;= CAST('12/10/2012 18:00:00.000'  AS DateTime) ; select * from historico_estados_produccion WHERE borrado = 0
Save/Update: select * from produccion WHERE  produccion.cod_maquina=3  AND  produccion.fechaFinal&gt;= CAST('09/10/2012 11:00:00.000'  AS DateTime) ; select * from historico_estados_produccion WHERE borrado = 0
Save/Update: select * from Pedido WHERE  Pedido.cod_pedido=2  ; select * from produccion WHERE borrado = 0; select * from historico_estados_pedido WHERE borrado = 0
Save/Update: select * from Maquina WHERE  Maquina.cod_maquina=3  ; select * from JoinMaquinaToTipoPrenda
Save/Update: select * from Articulos WHERE  Articulos.cod_articulo=5  ; select * from lista_precios WHERE borrado = 0
Save/Update: select * from EstadoTrabajos WHERE  EstadoTrabajos.cod_estado=0  
Save/Update: select * from historico_estados_produccion WHERE  historico_estados_produccion.cod_produccion=4  
Save/Update: select * from produccion_operador WHERE  produccion_operador.cod_prodcuccion=4  
Save/Update: select * from Pedido WHERE  Pedido.cod_pedido=3  ; select * from produccion WHERE borrado = 0; select * from historico_estados_pedido WHERE borrado = 0
Save/Update: select * from Maquina WHERE  Maquina.cod_maquina=3  ; select * from JoinMaquinaToTipoPrenda
Save/Update: select * from Articulos WHERE  Articulos.cod_articulo=4  ; select * from lista_precios WHERE borrado = 0
Save/Update: select * from EstadoTrabajos WHERE  EstadoTrabajos.cod_estado=0  
Save/Update: select * from historico_estados_produccion WHERE  historico_estados_produccion.cod_produccion=6  
Save/Update: select * from produccion_operador WHERE  produccion_operador.cod_prodcuccion=6  
Save/Update: select * from produccion WHERE  produccion.cod_maquina=3  AND  produccion.fechaInicio&gt;= CAST('12/10/2012 13:00:00.000'  AS DateTime) ; select * from historico_estados_produccion WHERE borrado = 0
Save/Update: select * from Pedido WHERE  Pedido.cod_pedido=3  ; select * from produccion WHERE borrado = 0; select * from historico_estados_pedido WHERE borrado = 0
Save/Update: select * from Maquina WHERE  Maquina.cod_maquina=3  ; select * from JoinMaquinaToTipoPrenda
Save/Update: select * from Articulos WHERE  Articulos.cod_articulo=4  ; select * from lista_precios WHERE borrado = 0
Save/Update: select * from EstadoTrabajos WHERE  EstadoTrabajos.cod_estado=0  
Save/Update: select * from historico_estados_produccion WHERE  historico_estados_produccion.cod_produccion=6  
Save/Update: select * from produccion_operador WHERE  produccion_operador.cod_prodcuccion=6  
Save/Update: DELETE produccion_operador WHERE id_operador=2  AND cod_prodcuccion=7  
Save/Update: DELETE historico_estados_produccion WHERE nro_estado=1  AND cod_produccion=7  
Save/Update: DELETE historico_estados_produccion WHERE nro_estado=2  AND cod_produccion=7  
Save/Update: DELETE produccion WHERE cod_produccion=7</StdOut>
      </Output>
    </UnitTestResult>
    <UnitTestResult executionId="a6279dad-8cd4-4b9d-a8ca-80f6a265165a" testId="d71a2e75-d02d-d52f-f44c-1c08c736ccf3" testName="buscarTodoTest" computerName="DIEGO-PC" duration="00:00:00.0073286" startTime="2012-11-19T19:38:28.5708136-03:00" endTime="2012-11-19T19:38:28.5868146-03:00" testType="13cdc9d9-ddb5-4fa4-a97d-d965ccfc6d4b" outcome="Passed" testListId="8c84fa94-04c1-424b-9868-57a2d4851a1d" relativeResultsDirectory="a6279dad-8cd4-4b9d-a8ca-80f6a265165a">
      <Output>
        <StdOut>Save/Update: select * from produccion_operador</StdOut>
      </Output>
    </UnitTestResult>
    <UnitTestResult executionId="0fa7f1ae-4418-454a-a97c-a9baf242a750" testId="d7c03cb5-500e-d7d9-da0b-0be2f4981b03" testName="buscarPorIdTest" computerName="DIEGO-PC" duration="00:00:00.0023645" startTime="2012-11-19T19:38:28.5888147-03:00" endTime="2012-11-19T19:38:28.5978152-03:00" testType="13cdc9d9-ddb5-4fa4-a97d-d965ccfc6d4b" outcome="Passed" testListId="8c84fa94-04c1-424b-9868-57a2d4851a1d" relativeResultsDirectory="0fa7f1ae-4418-454a-a97c-a9baf242a750">
      <Output>
        <StdOut>Save/Update: select * from tipoInsumo WHERE  tipoInsumo.tipo_insumo=1</StdOut>
      </Output>
    </UnitTestResult>
    <UnitTestResult executionId="315af924-6874-4fce-86a5-a0eccea2ace3" testId="d9bcf618-cd6c-c93c-87f9-e64f86f63590" testName="actualizarTipoPrendaTest" computerName="DIEGO-PC" duration="00:00:00.0037136" startTime="2012-11-19T19:38:28.5998153-03:00" endTime="2012-11-19T19:38:28.6098159-03:00" testType="13cdc9d9-ddb5-4fa4-a97d-d965ccfc6d4b" outcome="Passed" testListId="8c84fa94-04c1-424b-9868-57a2d4851a1d" relativeResultsDirectory="315af924-6874-4fce-86a5-a0eccea2ace3">
      <Output>
        <StdOut>Save/Update: UPDATE TipoPrenda SET descripcion='Campera modificada' WHERE tipo_prenda=1  ; 
Save/Update: select * from TipoPrenda WHERE  TipoPrenda.tipo_prenda=1  
Save/Update: UPDATE TipoPrenda SET descripcion='Campera Armada' WHERE tipo_prenda=1  ;</StdOut>
      </Output>
    </UnitTestResult>
    <UnitTestResult executionId="c1f6fb55-c3b3-4cc0-8834-0e778cc263a0" testId="d9f16886-57f7-8858-0bb0-758babcd4a82" testName="cargarUsuarioConRestriccionesTest" computerName="DIEGO-PC" duration="00:00:00.0077094" startTime="2012-11-19T19:38:28.6118160-03:00" endTime="2012-11-19T19:38:28.6268169-03:00" testType="13cdc9d9-ddb5-4fa4-a97d-d965ccfc6d4b" outcome="Passed" testListId="8c84fa94-04c1-424b-9868-57a2d4851a1d" relativeResultsDirectory="c1f6fb55-c3b3-4cc0-8834-0e778cc263a0">
      <Output>
        <StdOut>Save/Update: select * from Usuario WHERE  Usuario.nombre LIKE '%bre1%'AND  Usuario.apellido LIKE '%ap%'AND  Usuario.mail LIKE '%@test%'AND  Usuario.telefonoFijo LIKE '%1-1%'AND  Usuario.telefonoMovil LIKE '%1-1%'; select * from JoinUsuarioToFamilia; select * from JoinPatenteToUsuario
Save/Update: select * from Familia JOIN JoinUsuarioToFamilia AS usuarios ON Familia.familiaID=usuarios.familiaID WHERE usuarios.usuarioID=1  ; select * from JoinFamiliaToPatente
Save/Update: select * from Patente JOIN JoinPatenteToUsuario AS usuario ON Patente.patenteId=usuario.patenteId WHERE usuario.usuarioID=1  
Save/Update: select * from Cliente WHERE  Cliente.usuarioID=1  ; select * from cliente_movimientos; select * from Pedido WHERE borrado = 0; select * from Factura WHERE borrado = 0; select * from Diseño WHERE borrado = 0</StdOut>
      </Output>
    </UnitTestResult>
    <UnitTestResult executionId="f872d006-5229-4394-8e18-90b1a4811e23" testId="da9d278a-cb0f-a51b-e352-ed20685028b9" testName="calcularDistanciaEntreTrabajosTest3" computerName="DIEGO-PC" duration="00:00:00.0026842" startTime="2012-11-19T19:38:28.6298170-03:00" endTime="2012-11-19T19:38:28.6398176-03:00" testType="13cdc9d9-ddb5-4fa4-a97d-d965ccfc6d4b" outcome="Passed" testListId="8c84fa94-04c1-424b-9868-57a2d4851a1d" relativeResultsDirectory="f872d006-5229-4394-8e18-90b1a4811e23">
      <Output>
        <StdOut>Save/Update: DELETE produccion_operador WHERE id_operador=2  AND cod_prodcuccion=7  
Save/Update: DELETE historico_estados_produccion WHERE nro_estado=1  AND cod_produccion=7  
Save/Update: DELETE historico_estados_produccion WHERE nro_estado=2  AND cod_produccion=7  
Save/Update: DELETE produccion WHERE cod_produccion=7</StdOut>
      </Output>
    </UnitTestResult>
    <UnitTestResult executionId="e80e0c61-955f-4789-a3fc-36fb9ec59d20" testId="db7e1c98-1137-e435-bbb3-bf8f5402bfbf" testName="calcularDistanciaEntreTrabajosTest4" computerName="DIEGO-PC" duration="00:00:00.0027227" startTime="2012-11-19T19:38:28.6418177-03:00" endTime="2012-11-19T19:38:28.6518183-03:00" testType="13cdc9d9-ddb5-4fa4-a97d-d965ccfc6d4b" outcome="Passed" testListId="8c84fa94-04c1-424b-9868-57a2d4851a1d" relativeResultsDirectory="e80e0c61-955f-4789-a3fc-36fb9ec59d20">
      <Output>
        <StdOut>Save/Update: DELETE produccion_operador WHERE id_operador=2  AND cod_prodcuccion=7  
Save/Update: DELETE historico_estados_produccion WHERE nro_estado=1  AND cod_produccion=7  
Save/Update: DELETE historico_estados_produccion WHERE nro_estado=2  AND cod_produccion=7  
Save/Update: DELETE produccion WHERE cod_produccion=7</StdOut>
      </Output>
    </UnitTestResult>
    <UnitTestResult executionId="891b3047-3203-409c-8b18-a2e3d7eee624" testId="dba83ae6-c977-93af-bca8-afb2188d9d55" testName="actualizarTipoPrendaTest" computerName="DIEGO-PC" duration="00:00:00.0033128" startTime="2012-11-19T19:38:28.6548185-03:00" endTime="2012-11-19T19:38:28.6648190-03:00" testType="13cdc9d9-ddb5-4fa4-a97d-d965ccfc6d4b" outcome="Passed" testListId="8c84fa94-04c1-424b-9868-57a2d4851a1d" relativeResultsDirectory="891b3047-3203-409c-8b18-a2e3d7eee624">
      <Output>
        <StdOut>Save/Update: UPDATE TipoPrenda SET descripcion='Campera modificada' WHERE tipo_prenda=1  ; 
Save/Update: select * from TipoPrenda WHERE  TipoPrenda.tipo_prenda=1  
Save/Update: UPDATE TipoPrenda SET descripcion='Campera Armada' WHERE tipo_prenda=1  ;</StdOut>
      </Output>
    </UnitTestResult>
    <UnitTestResult executionId="2334403d-34d0-4e37-954c-977b9b14b467" testId="dc17c55e-f745-25bd-9dae-5c78f5bb2176" testName="grabarTipoPrendaTest" computerName="DIEGO-PC" duration="00:00:00.0037680" startTime="2012-11-19T19:38:28.6658191-03:00" endTime="2012-11-19T19:38:28.6768197-03:00" testType="13cdc9d9-ddb5-4fa4-a97d-d965ccfc6d4b" outcome="Passed" testListId="8c84fa94-04c1-424b-9868-57a2d4851a1d" relativeResultsDirectory="2334403d-34d0-4e37-954c-977b9b14b467">
      <Output>
        <StdOut>Save/Update: INSERT INTO TipoPrenda (tipo_prenda, descripcion) VALUES (5 , 'gorro'); 
Save/Update: select * from TipoPrenda
Save/Update: DELETE TipoPrenda WHERE tipo_prenda=5</StdOut>
      </Output>
    </UnitTestResult>
    <UnitTestResult executionId="d444182a-f30f-4119-896f-2f88acf1d626" testId="dd5a8b39-7328-3edd-3658-5787ac153d19" testName="actualizaFacturaTest" computerName="DIEGO-PC" duration="00:00:00.0389106" startTime="2012-11-19T19:38:28.6778198-03:00" endTime="2012-11-19T19:38:28.7238224-03:00" testType="13cdc9d9-ddb5-4fa4-a97d-d965ccfc6d4b" outcome="Passed" testListId="8c84fa94-04c1-424b-9868-57a2d4851a1d" relativeResultsDirectory="d444182a-f30f-4119-896f-2f88acf1d626">
      <Output>
        <StdOut>Save/Update: SELECT  ISNULL(MAX(nro_Doc + 1),1) from documento
Save/Update: INSERT INTO documento VALUES (5)
Save/Update: SELECT  ISNULL(MAX(nro_factura + 1),1) from Factura WHERE nro_sucursal=1 AND tipo_factura='A'
Save/Update: INSERT INTO Factura (nro_Doc, iva, fecha, borrado, nro_factura, nro_sucursal, tipo_factura, id_cliente, monto) VALUES (5 , 1.1,  CAST('13/10/2012 21:44:12.000'  AS DateTime), 0 , 2 , 1 , 'A', 2 , 100); UPDATE LineaFactura SET borrado=1 WHERE nro_factura=2  AND nro_sucursal=1  AND tipo_factura='A' ; 
Save/Update: SELECT  ISNULL(MAX(nro_linea + 1),1) from LineaFactura WHERE nro_factura=2 AND nro_sucursal=1 AND tipo_factura='A'
Save/Update: INSERT INTO LineaFactura (nro_factura, nro_sucursal, tipo_factura, nro_linea, cod_producto, cantidad, precio, borrado) VALUES (2 , 1 , 'A', 1 , 2 , 10 , 0, 0 ); 
Save/Update: SELECT  ISNULL(MAX(nro_movimiento + 1),1) from MovimientosCuenta
Save/Update: INSERT INTO MovimientosCuenta (nro_movimiento, comentario, fecha, monto, cuentaID, tipoMovimientoID) VALUES (4 , 'com test',  CAST('13/10/2012 21:44:12.000'  AS DateTime), 100, 1 , 1 ); DELETE cliente_movimientos where nro_movimiento=4  ;  INSERT INTO cliente_movimientos ( nro_movimiento, id_cliente) VALUES ( 4 , 2 ); DELETE documento_movimiento where nro_movimiento=4  ;  INSERT INTO documento_movimiento ( nro_movimiento, nro_Doc) VALUES ( 4 , 5 ); 
Save/Update: select * from Factura WHERE  Factura.nro_factura=2  AND  Factura.nro_sucursal=1  AND  Factura.tipo_factura='A' ; select * from documento_movimiento; select * from LineaFactura WHERE borrado = 0
Save/Update: select * from LineaFactura WHERE  LineaFactura.nro_factura=2  AND  LineaFactura.tipo_factura='A' AND  LineaFactura.nro_sucursal=1  
Save/Update: select * from Articulos WHERE  Articulos.cod_articulo=2  ; select * from lista_precios WHERE borrado = 0
Save/Update: select * from Cliente WHERE  Cliente.id_cliente=2  ; select * from cliente_movimientos; select * from Pedido WHERE borrado = 0; select * from Factura WHERE borrado = 0; select * from Diseño WHERE borrado = 0
Save/Update: select * from Usuario WHERE  Usuario.usuarioID=2  ; select * from JoinUsuarioToFamilia; select * from JoinPatenteToUsuario
Save/Update: select * from MovimientosCuenta JOIN documento_movimiento AS documento ON MovimientosCuenta.nro_movimiento=documento.nro_movimiento JOIN cliente_movimientos AS cliente ON MovimientosCuenta.nro_movimiento=cliente.nro_movimiento WHERE documento.nro_Doc=5  AND cliente.id_cliente IS NOT  NULL ; select * from cliente_movimientos; select * from documento_movimiento
Save/Update: UPDATE Factura SET nro_Doc=5 , iva=1.1, fecha= CAST('13/10/2012 21:44:12.000'  AS DateTime), borrado=0 , id_cliente=2 , monto=111 WHERE nro_factura=2  AND nro_sucursal=1  AND tipo_factura='A' ; UPDATE LineaFactura SET borrado=1 WHERE nro_factura=2  AND nro_sucursal=1  AND tipo_factura='A' ; 
Save/Update: UPDATE LineaFactura SET cod_producto=2 , cantidad=15 , precio=0, borrado=0  WHERE nro_factura=2  AND nro_sucursal=1  AND tipo_factura='A' AND nro_linea=1  ; 
Save/Update: SELECT  ISNULL(MAX(nro_linea + 1),1) from LineaFactura WHERE nro_factura=2 AND nro_sucursal=1 AND tipo_factura='A'
Save/Update: INSERT INTO LineaFactura (nro_factura, nro_sucursal, tipo_factura, nro_linea, cod_producto, cantidad, precio, borrado) VALUES (2 , 1 , 'A', 2 , 1 , 10 , 2.1, 0 ); 
Save/Update: UPDATE MovimientosCuenta SET comentario='com test', fecha= CAST('13/10/2012 21:44:12.000'  AS DateTime), monto=111, cuentaID=1 , tipoMovimientoID=1  WHERE nro_movimiento=4  ; DELETE cliente_movimientos where nro_movimiento=4  ;  INSERT INTO cliente_movimientos ( nro_movimiento, id_cliente) VALUES ( 4 , 2 ); DELETE documento_movimiento where nro_movimiento=4  ;  INSERT INTO documento_movimiento ( nro_movimiento, nro_Doc) VALUES ( 4 , 5 ); 
Save/Update: select * from Factura WHERE  Factura.nro_factura=2  AND  Factura.nro_sucursal=1  AND  Factura.tipo_factura='A' ; select * from documento_movimiento; select * from LineaFactura WHERE borrado = 0
Save/Update: select * from LineaFactura WHERE  LineaFactura.nro_factura=2  AND  LineaFactura.tipo_factura='A' AND  LineaFactura.nro_sucursal=1  
Save/Update: select * from Articulos WHERE  Articulos.cod_articulo=2  ; select * from lista_precios WHERE borrado = 0
Save/Update: select * from Articulos WHERE  Articulos.cod_articulo=1  ; select * from lista_precios WHERE borrado = 0
Save/Update: select * from Cliente WHERE  Cliente.id_cliente=2  ; select * from cliente_movimientos; select * from Pedido WHERE borrado = 0; select * from Factura WHERE borrado = 0; select * from Diseño WHERE borrado = 0
Save/Update: select * from Usuario WHERE  Usuario.usuarioID=2  ; select * from JoinUsuarioToFamilia; select * from JoinPatenteToUsuario
Save/Update: select * from MovimientosCuenta JOIN documento_movimiento AS documento ON MovimientosCuenta.nro_movimiento=documento.nro_movimiento JOIN cliente_movimientos AS cliente ON MovimientosCuenta.nro_movimiento=cliente.nro_movimiento WHERE documento.nro_Doc=5  AND cliente.id_cliente IS NOT  NULL ; select * from cliente_movimientos; select * from documento_movimiento
Save/Update: DELETE LineaFactura WHERE nro_factura=2  AND nro_sucursal=1  AND tipo_factura='A' AND nro_linea=1  
Save/Update: DELETE LineaFactura WHERE nro_factura=2  AND nro_sucursal=1  AND tipo_factura='A' AND nro_linea=2  
Save/Update: DELETE cliente_movimientos where nro_movimiento=4  ; DELETE documento_movimiento where nro_movimiento=4  ; ;DELETE MovimientosCuenta WHERE nro_movimiento=4  
Save/Update: DELETE FROM Factura WHERE nro_Doc =5
Save/Update: delete documento where nro_doc=5</StdOut>
      </Output>
    </UnitTestResult>
    <UnitTestResult executionId="abb5f64a-4f7e-4d33-93ec-a34f783ab52f" testId="dde12295-d4b5-9724-4e8c-04bf282ca24f" testName="buscarArticulosPorCodigoTest" computerName="DIEGO-PC" duration="00:00:00.0060179" startTime="2012-11-19T19:38:28.7278226-03:00" endTime="2012-11-19T19:38:28.7438235-03:00" testType="13cdc9d9-ddb5-4fa4-a97d-d965ccfc6d4b" outcome="Passed" testListId="8c84fa94-04c1-424b-9868-57a2d4851a1d" relativeResultsDirectory="abb5f64a-4f7e-4d33-93ec-a34f783ab52f">
      <Output>
        <StdOut>Save/Update: select * from Articulos WHERE  Articulos.cod_articulo=1  ; select * from lista_precios WHERE borrado = 0
Save/Update: select * from lista_precios WHERE  lista_precios.cod_articulo=1  
Save/Update: select * from TipoPrenda WHERE  TipoPrenda.tipo_prenda=1  
Save/Update: select * from Diseño WHERE  Diseño.cod_diseño=1  ; select * from historico_estados_diseño WHERE borrado = 0
Save/Update: DELETE lista_precios WHERE nro_lista=1  AND cod_articulo=4  
Save/Update: DELETE lista_precios WHERE nro_lista=2  AND cod_articulo=4  
Save/Update: DELETE Articulos WHERE cod_articulo=4</StdOut>
      </Output>
    </UnitTestResult>
    <UnitTestResult executionId="cd26acf1-510d-426e-a50a-edc94b664b6a" testId="de04a58d-71f5-e1d1-1d14-e423a290a69c" testName="actualizarProduccionTest" computerName="DIEGO-PC" duration="00:00:00.0251818" startTime="2012-11-19T19:38:28.7538241-03:00" endTime="2012-11-19T19:38:28.7848259-03:00" testType="13cdc9d9-ddb5-4fa4-a97d-d965ccfc6d4b" outcome="Passed" testListId="8c84fa94-04c1-424b-9868-57a2d4851a1d" relativeResultsDirectory="cd26acf1-510d-426e-a50a-edc94b664b6a">
      <Output>
        <StdOut>Save/Update: SELECT  ISNULL(MAX(cod_produccion + 1),1) from produccion
Save/Update: INSERT INTO produccion (cod_produccion, comentario, cod_pedido, cod_maquina, cod_articulo, cantidad, estadoActual, utilizacion, fechaInicio, fechaFinal, borrado) VALUES (7 , 'com test', 3 , 3 , 3 , 10 , 1 , 1,  CAST('14/10/2012 15:00:00.000'  AS DateTime),  CAST('14/10/2012 18:00:00.000'  AS DateTime), 0 ); UPDATE historico_estados_produccion SET borrado=1 WHERE cod_produccion=7  ; 
Save/Update: SELECT  ISNULL(MAX(nro_estado + 1),1) from historico_estados_produccion WHERE cod_produccion=7
Save/Update: INSERT INTO historico_estados_produccion (nro_estado, comentario, cod_produccion, fechaDesde, fechaHasta, estado, borrado) VALUES (1 , 'com test', 7 ,  CAST('19/11/2012 19:38:28.761'  AS DateTime),  NULL , 1 , 0 ); 
Save/Update: select * from produccion WHERE  produccion.cod_produccion=7  ; select * from historico_estados_produccion WHERE borrado = 0
Save/Update: select * from Pedido WHERE  Pedido.cod_pedido=3  ; select * from produccion WHERE borrado = 0; select * from historico_estados_pedido WHERE borrado = 0
Save/Update: select * from Maquina WHERE  Maquina.cod_maquina=3  ; select * from JoinMaquinaToTipoPrenda
Save/Update: select * from Articulos WHERE  Articulos.cod_articulo=3  ; select * from lista_precios WHERE borrado = 0
Save/Update: select * from EstadoTrabajos WHERE  EstadoTrabajos.cod_estado=1  
Save/Update: select * from historico_estados_produccion WHERE  historico_estados_produccion.cod_produccion=7  
Save/Update: select * from produccion_operador WHERE  produccion_operador.cod_prodcuccion=7  
Save/Update: UPDATE produccion SET comentario='com test', cod_pedido=3 , cod_maquina=3 , cod_articulo=3 , cantidad=10 , estadoActual=1 , utilizacion=1, fechaInicio= CAST('14/10/2012 15:00:00.000'  AS DateTime), fechaFinal= CAST('14/10/2012 18:00:00.000'  AS DateTime), borrado=0  WHERE cod_produccion=7  ; UPDATE historico_estados_produccion SET borrado=1 WHERE cod_produccion=7  ; 
Save/Update: INSERT INTO produccion_operador (id_operador, cod_prodcuccion, porcentaje) VALUES (2 , 7 , 100 ); 
Save/Update: UPDATE historico_estados_produccion SET comentario='com test', fechaDesde= CAST('19/11/2012 19:38:28.760'  AS DateTime), fechaHasta= CAST('14/10/2012 18:00:00.000'  AS DateTime), estado=1 , borrado=0  WHERE nro_estado=1  AND cod_produccion=7  ; 
Save/Update: SELECT  ISNULL(MAX(nro_estado + 1),1) from historico_estados_produccion WHERE cod_produccion=7
Save/Update: INSERT INTO historico_estados_produccion (nro_estado, comentario, cod_produccion, fechaDesde, fechaHasta, estado, borrado) VALUES (2 , 'com test', 7 ,  CAST('19/11/2012 19:38:28.771'  AS DateTime),  NULL , 3 , 0 ); 
Save/Update: select * from produccion WHERE  produccion.cod_produccion=7  ; select * from historico_estados_produccion WHERE borrado = 0
Save/Update: select * from Pedido WHERE  Pedido.cod_pedido=3  ; select * from produccion WHERE borrado = 0; select * from historico_estados_pedido WHERE borrado = 0
Save/Update: select * from Maquina WHERE  Maquina.cod_maquina=3  ; select * from JoinMaquinaToTipoPrenda
Save/Update: select * from Articulos WHERE  Articulos.cod_articulo=3  ; select * from lista_precios WHERE borrado = 0
Save/Update: select * from EstadoTrabajos WHERE  EstadoTrabajos.cod_estado=1  
Save/Update: select * from historico_estados_produccion WHERE  historico_estados_produccion.cod_produccion=7  
Save/Update: select * from produccion_operador WHERE  produccion_operador.cod_prodcuccion=7  
Save/Update: DELETE produccion_operador WHERE id_operador=2  AND cod_prodcuccion=7  
Save/Update: DELETE historico_estados_produccion WHERE nro_estado=1  AND cod_produccion=7  
Save/Update: DELETE historico_estados_produccion WHERE nro_estado=2  AND cod_produccion=7  
Save/Update: DELETE produccion WHERE cod_produccion=7</StdOut>
      </Output>
    </UnitTestResult>
    <UnitTestResult executionId="8bcbe184-1240-4560-b71a-50e61cb7c963" testId="dea2dc86-55fc-7dd0-68c2-4ac2d970ca43" testName="modificarMensajeTest" computerName="DIEGO-PC" duration="00:00:00.0047852" startTime="2012-11-19T19:38:28.7898262-03:00" endTime="2012-11-19T19:38:28.8078272-03:00" testType="13cdc9d9-ddb5-4fa4-a97d-d965ccfc6d4b" outcome="Passed" testListId="8c84fa94-04c1-424b-9868-57a2d4851a1d" relativeResultsDirectory="8bcbe184-1240-4560-b71a-50e61cb7c963">
      <Output>
        <StdOut>Save/Update: select * from Mensaje WHERE  Mensaje.id=2  
Save/Update: UPDATE Mensaje SET tipoMensaje=0 , fecha= CAST('26/08/2012 16:35:00.000'  AS DateTime), mensaje='msj de 1 a 2', leido=1 , borrado=0 , id_conversacion=1  WHERE id=2  ; 
Save/Update: select * from Mensaje WHERE  Mensaje.id=2  
Save/Update: UPDATE Mensaje SET tipoMensaje=0 , fecha= CAST('26/08/2012 16:35:00.000'  AS DateTime), mensaje='msj de 1 a 2', leido=0 , borrado=0 , id_conversacion=1  WHERE id=2  ;</StdOut>
      </Output>
    </UnitTestResult>
    <UnitTestResult executionId="2af1c4ed-75f3-4384-abac-d9cbe76201f2" testId="dfd17420-5a13-5744-e6d4-81c04e097642" testName="buscarPrendasPorIDTest" computerName="DIEGO-PC" duration="00:00:00.0021661" startTime="2012-11-19T19:38:28.8178278-03:00" endTime="2012-11-19T19:38:28.8258282-03:00" testType="13cdc9d9-ddb5-4fa4-a97d-d965ccfc6d4b" outcome="Passed" testListId="8c84fa94-04c1-424b-9868-57a2d4851a1d" relativeResultsDirectory="2af1c4ed-75f3-4384-abac-d9cbe76201f2">
      <Output>
        <StdOut>Save/Update: select * from TipoPrenda WHERE  TipoPrenda.tipo_prenda=2</StdOut>
      </Output>
    </UnitTestResult>
    <UnitTestResult executionId="cedb8ca1-e7db-4783-b34a-ecddab2bcd7b" testId="e020cadd-bd50-d44d-30aa-ba2f497b2887" testName="borrarTest" computerName="DIEGO-PC" duration="00:00:00.0152749" startTime="2012-11-19T19:38:28.8318286-03:00" endTime="2012-11-19T19:38:28.8548299-03:00" testType="13cdc9d9-ddb5-4fa4-a97d-d965ccfc6d4b" outcome="Passed" testListId="8c84fa94-04c1-424b-9868-57a2d4851a1d" relativeResultsDirectory="cedb8ca1-e7db-4783-b34a-ecddab2bcd7b">
      <Output>
        <StdOut>Save/Update: SELECT  ISNULL(MAX(id_conversacion + 1),1) from Conversacion
Save/Update: INSERT INTO Conversacion (id_conversacion, remitente, destinatario) VALUES (3 , 2 , 3 ); UPDATE mensaje SET borrado=1 WHERE id_conversacion=3  ; 
Save/Update: SELECT  ISNULL(MAX(id + 1),1) from Mensaje
Save/Update: INSERT INTO Mensaje (id, tipoMensaje, fecha, mensaje, leido, borrado, id_conversacion) VALUES (5 , 0 ,  CAST('19/11/2012 19:38:28.839'  AS DateTime), 'test msj grabarMensajeTest', 0 , 0 , 3 ); 
Save/Update: SELECT  ISNULL(MAX(id + 1),1) from Mensaje
Save/Update: INSERT INTO Mensaje (id, tipoMensaje, fecha, mensaje, leido, borrado, id_conversacion) VALUES (6 , 1 ,  CAST('19/11/2012 19:38:28.839'  AS DateTime), 'test msj grabarMensajeTest', 0 , 0 , 3 ); 
Save/Update: select * from Conversacion WHERE  Conversacion.remitente=3  ; select * from mensaje WHERE borrado = 0
Save/Update: select * from Conversacion WHERE  Conversacion.destinatario=3  ; select * from mensaje WHERE borrado = 0
Save/Update: select * from Usuario WHERE  Usuario.usuarioID=2  ; select * from JoinUsuarioToFamilia; select * from JoinPatenteToUsuario
Save/Update: select * from Usuario WHERE  Usuario.usuarioID=3  ; select * from JoinUsuarioToFamilia; select * from JoinPatenteToUsuario
Save/Update: select * from Mensaje WHERE  Mensaje.id_conversacion=3  
Save/Update: DELETE Mensaje WHERE id=5  
Save/Update: DELETE Mensaje WHERE id=6  
Save/Update: DELETE Conversacion WHERE id_conversacion=3  
Save/Update: select * from Conversacion WHERE  Conversacion.remitente=3  ; select * from mensaje WHERE borrado = 0
Save/Update: select * from Conversacion WHERE  Conversacion.destinatario=3  ; select * from mensaje WHERE borrado = 0
Save/Update: select * from Mensaje</StdOut>
      </Output>
    </UnitTestResult>
    <UnitTestResult executionId="fb7c0c49-f441-48b2-b782-c1282b19486d" testId="e02e0a67-6c2d-0c94-cb65-8df5b3dc5cea" testName="listarMovimientosTest" computerName="DIEGO-PC" duration="00:00:00.0103276" startTime="2012-11-19T19:38:28.8608302-03:00" endTime="2012-11-19T19:38:28.8768312-03:00" testType="13cdc9d9-ddb5-4fa4-a97d-d965ccfc6d4b" outcome="Passed" testListId="8c84fa94-04c1-424b-9868-57a2d4851a1d" relativeResultsDirectory="fb7c0c49-f441-48b2-b782-c1282b19486d">
      <Output>
        <StdOut>Save/Update: select * from MovimientosCuenta JOIN proveedor_movimientos AS proveedor ON MovimientosCuenta.nro_movimiento=proveedor.nro_movimiento WHERE proveedor.id_proveedor IS NOT  NULL ; select * from proveedor_movimientos; select * from documento_movimiento
Save/Update: select * from Proveedor WHERE  Proveedor.id_proveedor=1  
Save/Update: select * from OrdenDeCompra WHERE  OrdenDeCompra.id_proveedor=1  ; select * from documento_movimiento; select * from LineaOrdenDeCompra WHERE borrado = 0
Save/Update: select * from OrdenDeCompra WHERE  OrdenDeCompra.nro_Doc=3  ; select * from documento_movimiento; select * from LineaOrdenDeCompra WHERE borrado = 0
Save/Update: select * from tipoMovimiento WHERE  tipoMovimiento.tipoMovimientoID=1  
Save/Update: select * from Cuenta WHERE  Cuenta.cuentaID=1  
Save/Update: DELETE proveedor_movimientos where nro_movimiento=4  ; DELETE documento_movimiento where nro_movimiento=4  ; ;DELETE MovimientosCuenta WHERE nro_movimiento=4</StdOut>
      </Output>
    </UnitTestResult>
    <UnitTestResult executionId="562277a9-9117-42f3-9846-1225943a86b5" testId="e174714d-b5ae-6791-7e05-a6dae00c0681" testName="buscarArticulosTest" computerName="DIEGO-PC" duration="00:00:00.0082289" startTime="2012-11-19T19:38:28.8838316-03:00" endTime="2012-11-19T19:38:28.9088330-03:00" testType="13cdc9d9-ddb5-4fa4-a97d-d965ccfc6d4b" outcome="Passed" testListId="8c84fa94-04c1-424b-9868-57a2d4851a1d" relativeResultsDirectory="562277a9-9117-42f3-9846-1225943a86b5">
      <Output>
        <StdOut>Save/Update: select * from Articulos; select * from lista_precios WHERE borrado = 0
Save/Update: DELETE Articulos WHERE cod_articulo=4</StdOut>
      </Output>
    </UnitTestResult>
    <UnitTestResult executionId="47c7c534-46bc-49da-bf11-83c218d53992" testId="e23387f5-cbe9-d2c5-d12c-23a1dbe2d390" testName="grabarFacturaTest" computerName="DIEGO-PC" duration="00:00:00.0248141" startTime="2012-11-19T19:38:28.9208337-03:00" endTime="2012-11-19T19:38:28.9568357-03:00" testType="13cdc9d9-ddb5-4fa4-a97d-d965ccfc6d4b" outcome="Passed" testListId="8c84fa94-04c1-424b-9868-57a2d4851a1d" relativeResultsDirectory="47c7c534-46bc-49da-bf11-83c218d53992">
      <Output>
        <StdOut>Save/Update: SELECT  ISNULL(MAX(nro_Doc + 1),1) from documento
Save/Update: INSERT INTO documento VALUES (5)
Save/Update: SELECT  ISNULL(MAX(nro_factura + 1),1) from Factura WHERE nro_sucursal=1 AND tipo_factura='A'
Save/Update: INSERT INTO Factura (nro_Doc, iva, fecha, borrado, nro_factura, nro_sucursal, tipo_factura, id_cliente, monto) VALUES (5 , 1.1,  CAST('13/10/2012 21:44:12.000'  AS DateTime), 0 , 2 , 1 , 'A', 2 , 100); UPDATE LineaFactura SET borrado=1 WHERE nro_factura=2  AND nro_sucursal=1  AND tipo_factura='A' ; 
Save/Update: SELECT  ISNULL(MAX(nro_linea + 1),1) from LineaFactura WHERE nro_factura=2 AND nro_sucursal=1 AND tipo_factura='A'
Save/Update: INSERT INTO LineaFactura (nro_factura, nro_sucursal, tipo_factura, nro_linea, cod_producto, cantidad, precio, borrado) VALUES (2 , 1 , 'A', 1 , 2 , 10 , 50, 0 ); 
Save/Update: SELECT  ISNULL(MAX(nro_movimiento + 1),1) from MovimientosCuenta
Save/Update: INSERT INTO MovimientosCuenta (nro_movimiento, comentario, fecha, monto, cuentaID, tipoMovimientoID) VALUES (4 , 'com test',  CAST('13/10/2012 21:44:12.000'  AS DateTime), 100, 1 , 1 ); DELETE cliente_movimientos where nro_movimiento=4  ;  INSERT INTO cliente_movimientos ( nro_movimiento, id_cliente) VALUES ( 4 , 2 ); DELETE documento_movimiento where nro_movimiento=4  ;  INSERT INTO documento_movimiento ( nro_movimiento, nro_Doc) VALUES ( 4 , 5 ); 
Save/Update: select * from Factura WHERE  Factura.nro_factura=2  AND  Factura.nro_sucursal=1  AND  Factura.tipo_factura='A' ; select * from documento_movimiento; select * from LineaFactura WHERE borrado = 0
Save/Update: select * from LineaFactura WHERE  LineaFactura.nro_factura=2  AND  LineaFactura.tipo_factura='A' AND  LineaFactura.nro_sucursal=1  
Save/Update: select * from Articulos WHERE  Articulos.cod_articulo=2  ; select * from lista_precios WHERE borrado = 0
Save/Update: select * from Cliente WHERE  Cliente.id_cliente=2  ; select * from cliente_movimientos; select * from Pedido WHERE borrado = 0; select * from Factura WHERE borrado = 0; select * from Diseño WHERE borrado = 0
Save/Update: select * from Usuario WHERE  Usuario.usuarioID=2  ; select * from JoinUsuarioToFamilia; select * from JoinPatenteToUsuario
Save/Update: select * from MovimientosCuenta JOIN documento_movimiento AS documento ON MovimientosCuenta.nro_movimiento=documento.nro_movimiento JOIN cliente_movimientos AS cliente ON MovimientosCuenta.nro_movimiento=cliente.nro_movimiento WHERE documento.nro_Doc=5  AND cliente.id_cliente IS NOT  NULL ; select * from cliente_movimientos; select * from documento_movimiento
Save/Update: DELETE LineaFactura WHERE nro_factura=2  AND nro_sucursal=1  AND tipo_factura='A' AND nro_linea=1  
Save/Update: DELETE LineaFactura WHERE nro_factura=2  AND nro_sucursal=1  AND tipo_factura='A' AND nro_linea=2  
Save/Update: DELETE cliente_movimientos where nro_movimiento=4  ; DELETE documento_movimiento where nro_movimiento=4  ; ;DELETE MovimientosCuenta WHERE nro_movimiento=4  
Save/Update: DELETE FROM Factura WHERE nro_Doc =5
Save/Update: delete documento where nro_doc=5</StdOut>
      </Output>
    </UnitTestResult>
    <UnitTestResult executionId="054288f6-8708-4448-aa48-080f0a8f145d" testId="e2347588-3d57-efa9-6d83-3dfd95e9941d" testName="buscarPorIdTest" computerName="DIEGO-PC" duration="00:00:00.0027680" startTime="2012-11-19T19:38:28.9628361-03:00" endTime="2012-11-19T19:38:28.9718366-03:00" testType="13cdc9d9-ddb5-4fa4-a97d-d965ccfc6d4b" outcome="Passed" testListId="8c84fa94-04c1-424b-9868-57a2d4851a1d" relativeResultsDirectory="054288f6-8708-4448-aa48-080f0a8f145d">
      <Output>
        <StdOut>Save/Update: select * from produccion_operador WHERE  produccion_operador.id_operador=1  AND  produccion_operador.cod_prodcuccion=1</StdOut>
      </Output>
    </UnitTestResult>
    <UnitTestResult executionId="86b24f94-5995-44e7-abec-63f62e3e45a0" testId="e27be593-1d5d-4e60-f221-5154b5c9193c" testName="agregarPatenteTest" computerName="DIEGO-PC" duration="00:00:00.0063001" startTime="2012-11-19T19:38:28.9738367-03:00" endTime="2012-11-19T19:38:28.9878375-03:00" testType="13cdc9d9-ddb5-4fa4-a97d-d965ccfc6d4b" outcome="Passed" testListId="8c84fa94-04c1-424b-9868-57a2d4851a1d" relativeResultsDirectory="86b24f94-5995-44e7-abec-63f62e3e45a0">
      <Output>
        <StdOut>Save/Update: select * from Familia WHERE  Familia.familiaID=5  ; select * from JoinFamiliaToPatente
Save/Update: UPDATE Familia SET descripcion='desTest', nombre='nombretest' WHERE familiaID=5  ; DELETE JoinFamiliaToPatente where familiaID=5  ;  INSERT INTO JoinFamiliaToPatente ( familiaID, patenteId) VALUES ( 5 , 9 ); 
Save/Update: select * from Familia WHERE  Familia.familiaID=5  ; select * from JoinFamiliaToPatente
Save/Update: UPDATE Familia SET descripcion='Administracion de finanzas', nombre='Administracion de finanzas' WHERE familiaID=5  ; DELETE JoinFamiliaToPatente where familiaID=5  ;</StdOut>
      </Output>
    </UnitTestResult>
    <UnitTestResult executionId="86e56604-ef06-4316-a1ab-379e028f0db0" testId="e337de86-0746-0ac2-0c5c-30365e74f01b" testName="saveTest" computerName="DIEGO-PC" duration="00:00:00.0068879" startTime="2012-11-19T19:38:28.9938378-03:00" endTime="2012-11-19T19:38:29.0078386-03:00" testType="13cdc9d9-ddb5-4fa4-a97d-d965ccfc6d4b" outcome="Passed" testListId="8c84fa94-04c1-424b-9868-57a2d4851a1d" relativeResultsDirectory="86e56604-ef06-4316-a1ab-379e028f0db0">
      <Output>
        <StdOut>***************** Error --&gt; Save: INSERT INTO Patente (patenteID, descripcion, permiso) VALUES (1, 'test', 'test')
                 Stacktrace: Infracción de la restricción PRIMARY KEY 'PK_Patente'. No se puede insertar una clave duplicada en el objeto 'dbo.Patente'.
Se terminó la instrucción.
Save/Update: select * from Patente where patenteID = 1
***************** Error --&gt; Save: DELETE FROM Patente
                 Stacktrace: Instrucción DELETE en conflicto con la restricción REFERENCE "FK_JoinFamiliaToPatente_Patente". El conflicto ha aparecido en la base de datos "uniprof_test", tabla "dbo.JoinFamiliaToPatente", column 'patenteID'.
Se terminó la instrucción.</StdOut>
      </Output>
    </UnitTestResult>
    <UnitTestResult executionId="c6359169-536d-460c-8509-6d4aa892c4ad" testId="e3b5610a-399f-d019-a8c3-fe5f24d0c8a6" testName="listarInsumosTest" computerName="DIEGO-PC" duration="00:00:00.0137251" startTime="2012-11-19T19:38:29.0098388-03:00" endTime="2012-11-19T19:38:29.0308400-03:00" testType="13cdc9d9-ddb5-4fa4-a97d-d965ccfc6d4b" outcome="Passed" testListId="8c84fa94-04c1-424b-9868-57a2d4851a1d" relativeResultsDirectory="c6359169-536d-460c-8509-6d4aa892c4ad">
      <Output>
        <StdOut>Save/Update: select * from insumo
Save/Update: select * from tipoInsumo WHERE  tipoInsumo.tipo_insumo=1  
Save/Update: select * from color WHERE  color.codigo_color=1  
Save/Update: select * from MovimientosStock WHERE  MovimientosStock.cod_insumo=1  
Save/Update: select * from tipoInsumo WHERE  tipoInsumo.tipo_insumo=1  
Save/Update: select * from color WHERE  color.codigo_color=2  
Save/Update: select * from MovimientosStock WHERE  MovimientosStock.cod_insumo=2  
Save/Update: select * from tipoInsumo WHERE  tipoInsumo.tipo_insumo=1  
Save/Update: select * from color WHERE  color.codigo_color=3  
Save/Update: select * from MovimientosStock WHERE  MovimientosStock.cod_insumo=3  
Save/Update: select * from tipoInsumo WHERE  tipoInsumo.tipo_insumo=1  
Save/Update: select * from color WHERE  color.codigo_color=4  
Save/Update: select * from MovimientosStock WHERE  MovimientosStock.cod_insumo=4  
Save/Update: select * from insumo WHERE  insumo.cod_insumo=1  
Save/Update: select * from tipoInsumo WHERE  tipoInsumo.tipo_insumo=1  
Save/Update: select * from color WHERE  color.codigo_color=1  
Save/Update: select * from MovimientosStock WHERE  MovimientosStock.cod_insumo=1  
Save/Update: select * from insumo WHERE  insumo.cod_insumo=2  
Save/Update: select * from tipoInsumo WHERE  tipoInsumo.tipo_insumo=1  
Save/Update: select * from color WHERE  color.codigo_color=2  
Save/Update: select * from MovimientosStock WHERE  MovimientosStock.cod_insumo=2  
Save/Update: select * from insumo WHERE  insumo.cod_insumo=1  
Save/Update: select * from tipoInsumo WHERE  tipoInsumo.tipo_insumo=1  
Save/Update: select * from color WHERE  color.codigo_color=1  
Save/Update: select * from MovimientosStock WHERE  MovimientosStock.cod_insumo=1  
Save/Update: UPDATE insumo SET nombre='nombre1', id_tipo_insumo=1 , color=1 , detalle='detalle1', costo=1, cantidadActual=1  WHERE cod_insumo=1  ; 
Save/Update: select * from insumo WHERE  insumo.cod_insumo=2  
Save/Update: select * from tipoInsumo WHERE  tipoInsumo.tipo_insumo=1  
Save/Update: select * from color WHERE  color.codigo_color=2  
Save/Update: select * from MovimientosStock WHERE  MovimientosStock.cod_insumo=2  
Save/Update: UPDATE insumo SET nombre='nombre2', id_tipo_insumo=1 , color=2 , detalle='detalle2', costo=1, cantidadActual=2  WHERE cod_insumo=2  ; 
Save/Update: delete from MovimientosStock where cod_insumo &gt; 2 or (cod_insumo = 1 AND nro_movimiento &gt; 2) or (cod_insumo = 2 AND nro_movimiento &gt; 1)
Save/Update: DELETE MovimientosStock WHERE nro_movimiento=1  AND cod_insumo=5  
Save/Update: DELETE MovimientosStock WHERE nro_movimiento=2  AND cod_insumo=5  
Save/Update: DELETE insumo WHERE cod_insumo=5</StdOut>
      </Output>
    </UnitTestResult>
    <UnitTestResult executionId="74db5312-a13f-4458-827a-69c26595de4f" testId="e3f85f2f-8bca-7a73-722e-520143b3f21d" testName="buscarNewsletterParaEnviarTest" computerName="DIEGO-PC" duration="00:00:00.0026702" startTime="2012-11-19T19:38:29.0328401-03:00" endTime="2012-11-19T19:38:29.0428406-03:00" testType="13cdc9d9-ddb5-4fa4-a97d-d965ccfc6d4b" outcome="Passed" testListId="8c84fa94-04c1-424b-9868-57a2d4851a1d" relativeResultsDirectory="74db5312-a13f-4458-827a-69c26595de4f">
      <Output>
        <StdOut>Save/Update: select * from newsletter WHERE  newsletter.enviado=0</StdOut>
      </Output>
    </UnitTestResult>
    <UnitTestResult executionId="18366e5b-2ae2-4e44-8744-4b9a2f1ce7d0" testId="e4b047bc-e01c-35c0-ab7e-ab1c5de8674f" testName="grabarFacturasTest" computerName="DIEGO-PC" duration="00:00:00.0131749" startTime="2012-11-19T19:38:29.0488410-03:00" endTime="2012-11-19T19:38:29.0688421-03:00" testType="13cdc9d9-ddb5-4fa4-a97d-d965ccfc6d4b" outcome="Passed" testListId="8c84fa94-04c1-424b-9868-57a2d4851a1d" relativeResultsDirectory="18366e5b-2ae2-4e44-8744-4b9a2f1ce7d0">
      <Output>
        <StdOut>Save/Update: SELECT  ISNULL(MAX(nro_Doc + 1),1) from documento
Save/Update: INSERT INTO documento VALUES (5)
Save/Update: SELECT  ISNULL(MAX(nro_orden_compra + 1),1) from OrdenDeCompra WHERE nro_sucursal=1 AND tipo_orden_compra='A'
Save/Update: INSERT INTO OrdenDeCompra (nro_Doc, iva, fecha, borrado, nro_orden_compra, nro_sucursal, tipo_orden_compra, id_proveedor, monto) VALUES (5 , 33.3,  CAST('19/11/2012 19:38:29.057'  AS DateTime), 0 , 2 , 1 , 'A', 2 , 33.3); UPDATE LineaOrdenDeCompra SET borrado=1 WHERE nro_orden_compra=2  AND nro_sucursal=1  AND tipo_orden_compra='A' ; 
Save/Update: select * from OrdenDeCompra WHERE  OrdenDeCompra.nro_Doc=5  ; select * from documento_movimiento; select * from LineaOrdenDeCompra WHERE borrado = 0
Save/Update: delete OrdenDeCompra where nro_doc=5
Save/Update: delete documento where nro_doc=5</StdOut>
      </Output>
    </UnitTestResult>
    <UnitTestResult executionId="b5b35fb1-0ac5-4daf-8744-fb13a511985d" testId="e4e7695e-eb86-2e17-0da3-82500c958fe2" testName="actualizarClienteTest" computerName="DIEGO-PC" duration="00:00:00.0340883" startTime="2012-11-19T19:38:29.0728424-03:00" endTime="2012-11-19T19:38:29.1118446-03:00" testType="13cdc9d9-ddb5-4fa4-a97d-d965ccfc6d4b" outcome="Passed" testListId="8c84fa94-04c1-424b-9868-57a2d4851a1d" relativeResultsDirectory="b5b35fb1-0ac5-4daf-8744-fb13a511985d">
      <Output>
        <StdOut>Save/Update: select * from Cliente WHERE  Cliente.id_cliente=1  ; select * from cliente_movimientos; select * from Pedido WHERE borrado = 0; select * from Factura WHERE borrado = 0; select * from Diseño WHERE borrado = 0
Save/Update: select * from Usuario WHERE  Usuario.usuarioID=1  ; select * from JoinUsuarioToFamilia; select * from JoinPatenteToUsuario
Save/Update: select * from Familia JOIN JoinUsuarioToFamilia AS usuarios ON Familia.familiaID=usuarios.familiaID WHERE usuarios.usuarioID=1  ; select * from JoinFamiliaToPatente
Save/Update: select * from Patente JOIN JoinPatenteToUsuario AS usuario ON Patente.patenteId=usuario.patenteId WHERE usuario.usuarioID=1  
Save/Update: select * from Cliente WHERE  Cliente.usuarioID=1  ; select * from cliente_movimientos; select * from Pedido WHERE borrado = 0; select * from Factura WHERE borrado = 0; select * from Diseño WHERE borrado = 0
Save/Update: select * from Diseño WHERE  Diseño.id_cliente=1  ; select * from historico_estados_diseño WHERE borrado = 0
Save/Update: select * from Factura WHERE  Factura.id_cliente=1  ; select * from documento_movimiento; select * from LineaFactura WHERE borrado = 0
Save/Update: select * from Pedido WHERE  Pedido.id_cliente=1  ; select * from produccion WHERE borrado = 0; select * from historico_estados_pedido WHERE borrado = 0
Save/Update: select * from MovimientosCuenta JOIN cliente_movimientos AS cliente ON MovimientosCuenta.nro_movimiento=cliente.nro_movimiento WHERE cliente.id_cliente=1  AND cliente.id_cliente IS NOT  NULL ; select * from cliente_movimientos; select * from documento_movimiento
Save/Update: UPDATE Usuario SET nombre='nombre6', apellido='apellido6', mail='mail6@test.com', password='559D55197310', telefonoFijo='6666-6666', telefonoMovil='6666-6666', bloqueado=0  WHERE usuarioID=1  ; DELETE JoinUsuarioToFamilia where usuarioID=1  ;  INSERT INTO JoinUsuarioToFamilia ( usuarioID, familiaID) VALUES ( 1 , 5 ); DELETE JoinPatenteToUsuario where usuarioID=1  ;  INSERT INTO JoinPatenteToUsuario ( usuarioID, patenteId) VALUES ( 1 , 3 ); 
Save/Update: UPDATE Cliente SET habitadoTurnos=0 , newsletter=1  WHERE id_cliente=1  ; UPDATE Pedido SET borrado=1 WHERE id_cliente=1  ; UPDATE Factura SET borrado=1 WHERE id_cliente=1  ; UPDATE Diseño SET borrado=1 WHERE id_cliente=1  ; 
Save/Update: select * from Cliente WHERE  Cliente.id_cliente=1  ; select * from cliente_movimientos; select * from Pedido WHERE borrado = 0; select * from Factura WHERE borrado = 0; select * from Diseño WHERE borrado = 0
Save/Update: select * from Usuario WHERE  Usuario.usuarioID=1  ; select * from JoinUsuarioToFamilia; select * from JoinPatenteToUsuario
Save/Update: select * from Familia JOIN JoinUsuarioToFamilia AS usuarios ON Familia.familiaID=usuarios.familiaID WHERE usuarios.usuarioID=1  ; select * from JoinFamiliaToPatente
Save/Update: select * from Patente JOIN JoinFamiliaToPatente AS familia ON Patente.patenteId=familia.patenteId WHERE familia.familiaID=5  
Save/Update: select * from Patente JOIN JoinPatenteToUsuario AS usuario ON Patente.patenteId=usuario.patenteId WHERE usuario.usuarioID=1  
Save/Update: select * from Cliente WHERE  Cliente.usuarioID=1  ; select * from cliente_movimientos; select * from Pedido WHERE borrado = 0; select * from Factura WHERE borrado = 0; select * from Diseño WHERE borrado = 0
Save/Update: select * from Diseño WHERE  Diseño.id_cliente=1  ; select * from historico_estados_diseño WHERE borrado = 0
Save/Update: select * from Factura WHERE  Factura.id_cliente=1  ; select * from documento_movimiento; select * from LineaFactura WHERE borrado = 0
Save/Update: select * from Pedido WHERE  Pedido.id_cliente=1  ; select * from produccion WHERE borrado = 0; select * from historico_estados_pedido WHERE borrado = 0
Save/Update: select * from MovimientosCuenta JOIN cliente_movimientos AS cliente ON MovimientosCuenta.nro_movimiento=cliente.nro_movimiento WHERE cliente.id_cliente=1  AND cliente.id_cliente IS NOT  NULL ; select * from cliente_movimientos; select * from documento_movimiento
Save/Update: UPDATE Usuario SET nombre='nombre1', apellido='apellido1', mail='mail1@test.com', password='11C8', telefonoFijo='1111-1111', telefonoMovil='1111-1111', bloqueado=0  WHERE usuarioID=1  ; DELETE JoinUsuarioToFamilia where usuarioID=1  ; DELETE JoinPatenteToUsuario where usuarioID=1  ; 
Save/Update: UPDATE Cliente SET habitadoTurnos=1 , newsletter=0  WHERE id_cliente=1  ; UPDATE Pedido SET borrado=1 WHERE id_cliente=1  ; UPDATE Factura SET borrado=1 WHERE id_cliente=1  ; UPDATE Diseño SET borrado=1 WHERE id_cliente=1  ; 
Save/Update:  UPDATE factura set borrado = 0 
Save/Update:  UPDATE diseño set borrado = 0 
Save/Update:  UPDATE pedido set borrado = 0 
Save/Update:  Insert into JoinPatenteToUsuario values (1,1)</StdOut>
      </Output>
    </UnitTestResult>
    <UnitTestResult executionId="fb1af492-4d62-4407-9024-21a1bcd8696c" testId="e4f43342-50bf-4878-e3d3-5afdaa2ddd37" testName="modificarMovimientosClienteTest" computerName="DIEGO-PC" duration="00:00:00.0109915" startTime="2012-11-19T19:38:29.1138447-03:00" endTime="2012-11-19T19:38:29.1308457-03:00" testType="13cdc9d9-ddb5-4fa4-a97d-d965ccfc6d4b" outcome="Passed" testListId="8c84fa94-04c1-424b-9868-57a2d4851a1d" relativeResultsDirectory="fb1af492-4d62-4407-9024-21a1bcd8696c">
      <Output>
        <StdOut>Save/Update: SELECT  ISNULL(MAX(nro_movimiento + 1),1) from MovimientosCuenta
Save/Update: INSERT INTO MovimientosCuenta (nro_movimiento, comentario, fecha, monto, cuentaID, tipoMovimientoID) VALUES (4 , 'com4',  CAST('19/11/2012 19:38:29.119'  AS DateTime), 33.3, 1 , 2 ); DELETE cliente_movimientos where nro_movimiento=4  ;  INSERT INTO cliente_movimientos ( nro_movimiento, id_cliente) VALUES ( 4 , 2 ); DELETE documento_movimiento where nro_movimiento=4  ; 
Save/Update: select * from MovimientosCuenta JOIN cliente_movimientos AS cliente ON MovimientosCuenta.nro_movimiento=cliente.nro_movimiento WHERE  MovimientosCuenta.nro_movimiento=4  AND  MovimientosCuenta.monto=33.3 AND cliente.id_cliente IS NOT  NULL ; select * from cliente_movimientos; select * from documento_movimiento
Save/Update: UPDATE MovimientosCuenta SET comentario='com4', fecha= CAST('19/11/2012 19:38:29.120'  AS DateTime), monto=33.3, cuentaID=1 , tipoMovimientoID=2  WHERE nro_movimiento=4  ; DELETE cliente_movimientos where nro_movimiento=4  ;  INSERT INTO cliente_movimientos ( nro_movimiento, id_cliente) VALUES ( 4 , 1 ); DELETE documento_movimiento where nro_movimiento=4  ; 
Save/Update: select * from MovimientosCuenta JOIN cliente_movimientos AS cliente ON MovimientosCuenta.nro_movimiento=cliente.nro_movimiento WHERE  MovimientosCuenta.nro_movimiento=4  AND  MovimientosCuenta.monto=33.3 AND cliente.id_cliente IS NOT  NULL AND cliente.id_cliente IS NOT  NULL ; select * from cliente_movimientos; select * from documento_movimiento
Save/Update: DELETE cliente_movimientos where nro_movimiento=4  ; DELETE documento_movimiento where nro_movimiento=4  ; ;DELETE MovimientosCuenta WHERE nro_movimiento=4</StdOut>
      </Output>
    </UnitTestResult>
    <UnitTestResult executionId="7348613e-88d7-4d38-b866-5b5fcb924592" testId="e64170f8-e36a-c642-d97d-54b6bb0553a6" testName="CargarClienteTest" computerName="DIEGO-PC" duration="00:00:00.0247244" startTime="2012-11-19T19:38:29.1358460-03:00" endTime="2012-11-19T19:38:29.1668477-03:00" testType="13cdc9d9-ddb5-4fa4-a97d-d965ccfc6d4b" outcome="Passed" testListId="8c84fa94-04c1-424b-9868-57a2d4851a1d" relativeResultsDirectory="7348613e-88d7-4d38-b866-5b5fcb924592">
      <Output>
        <StdOut>Save/Update: select * from Cliente WHERE  Cliente.usuarioID=1  ; select * from cliente_movimientos; select * from Pedido WHERE borrado = 0; select * from Factura WHERE borrado = 0; select * from Diseño WHERE borrado = 0
Save/Update: select * from Usuario WHERE  Usuario.usuarioID=1  ; select * from JoinUsuarioToFamilia; select * from JoinPatenteToUsuario
Save/Update: select * from Familia JOIN JoinUsuarioToFamilia AS usuarios ON Familia.familiaID=usuarios.familiaID WHERE usuarios.usuarioID=1  ; select * from JoinFamiliaToPatente
Save/Update: select * from Patente JOIN JoinPatenteToUsuario AS usuario ON Patente.patenteId=usuario.patenteId WHERE usuario.usuarioID=1  
Save/Update: select * from Cliente WHERE  Cliente.usuarioID=1  ; select * from cliente_movimientos; select * from Pedido WHERE borrado = 0; select * from Factura WHERE borrado = 0; select * from Diseño WHERE borrado = 0
Save/Update: select * from Diseño WHERE  Diseño.id_cliente=1  ; select * from historico_estados_diseño WHERE borrado = 0
Save/Update: select * from Factura WHERE  Factura.id_cliente=1  ; select * from documento_movimiento; select * from LineaFactura WHERE borrado = 0
Save/Update: select * from Pedido WHERE  Pedido.id_cliente=1  ; select * from produccion WHERE borrado = 0; select * from historico_estados_pedido WHERE borrado = 0
Save/Update: select * from MovimientosCuenta JOIN cliente_movimientos AS cliente ON MovimientosCuenta.nro_movimiento=cliente.nro_movimiento WHERE cliente.id_cliente=1  AND cliente.id_cliente IS NOT  NULL ; select * from cliente_movimientos; select * from documento_movimiento</StdOut>
      </Output>
    </UnitTestResult>
    <UnitTestResult executionId="c2e266be-4795-4d6b-8f97-b2a690194669" testId="e7af5983-4779-41b6-14d3-f05ee86282c2" testName="buscarNewsletterPorIdTest" computerName="DIEGO-PC" duration="00:00:00.0020579" startTime="2012-11-19T19:38:29.1698479-03:00" endTime="2012-11-19T19:38:29.1798485-03:00" testType="13cdc9d9-ddb5-4fa4-a97d-d965ccfc6d4b" outcome="Passed" testListId="8c84fa94-04c1-424b-9868-57a2d4851a1d" relativeResultsDirectory="c2e266be-4795-4d6b-8f97-b2a690194669">
      <Output>
        <StdOut>Save/Update: select * from newsletter WHERE  newsletter.id=2</StdOut>
      </Output>
    </UnitTestResult>
    <UnitTestResult executionId="426a5c3c-74f2-4752-a6a4-f60adacb42cc" testId="e8b1e8f2-7674-bb72-605f-9a7a2bc1bfee" testName="buscarColorConRestriccionesTest" computerName="DIEGO-PC" duration="00:00:00.0026303" startTime="2012-11-19T19:38:29.1818486-03:00" endTime="2012-11-19T19:38:29.1918492-03:00" testType="13cdc9d9-ddb5-4fa4-a97d-d965ccfc6d4b" outcome="Passed" testListId="8c84fa94-04c1-424b-9868-57a2d4851a1d" relativeResultsDirectory="426a5c3c-74f2-4752-a6a4-f60adacb42cc">
      <Output>
        <StdOut>Save/Update: select * from color WHERE  color.codigo_color=3</StdOut>
      </Output>
    </UnitTestResult>
    <UnitTestResult executionId="d3f6ee14-c423-4835-b8cd-0e9b7a11cdf8" testId="e97e5cde-c25e-cb0e-69db-a3582bc2ca43" testName="buscarProveedoresPorNombreTest" computerName="DIEGO-PC" duration="00:00:00.0065473" startTime="2012-11-19T19:38:29.1928492-03:00" endTime="2012-11-19T19:38:29.2098502-03:00" testType="13cdc9d9-ddb5-4fa4-a97d-d965ccfc6d4b" outcome="Passed" testListId="8c84fa94-04c1-424b-9868-57a2d4851a1d" relativeResultsDirectory="d3f6ee14-c423-4835-b8cd-0e9b7a11cdf8">
      <Output>
        <StdOut>Save/Update: select * from Proveedor WHERE  Proveedor.nombre LIKE '%nomb%'
Save/Update: select * from OrdenDeCompra WHERE  OrdenDeCompra.id_proveedor=1  ; select * from documento_movimiento; select * from LineaOrdenDeCompra WHERE borrado = 0
Save/Update: select * from OrdenDeCompra WHERE  OrdenDeCompra.id_proveedor=2  ; select * from documento_movimiento; select * from LineaOrdenDeCompra WHERE borrado = 0
Save/Update: select * from OrdenDeCompra WHERE  OrdenDeCompra.id_proveedor=3  ; select * from documento_movimiento; select * from LineaOrdenDeCompra WHERE borrado = 0
Save/Update: delete OrdenDeCompra where nro_doc=5
Save/Update: delete documento where nro_doc=5
Save/Update: DELETE Proveedor WHERE id_proveedor=4  
Save/Update: UPDATE Proveedor SET nombre='nombre1', telefono='1111-1111', direccion='direccion 1' WHERE id_proveedor=1  ;</StdOut>
      </Output>
    </UnitTestResult>
    <UnitTestResult executionId="f09a4120-5c20-435b-823d-182a245f6611" testId="e9b80469-e28c-1b2c-5a36-980b3cb0f728" testName="grabarLineaTest" computerName="DIEGO-PC" duration="00:00:00.0058291" startTime="2012-11-19T19:38:29.2138504-03:00" endTime="2012-11-19T19:38:29.2258511-03:00" testType="13cdc9d9-ddb5-4fa4-a97d-d965ccfc6d4b" outcome="Passed" testListId="8c84fa94-04c1-424b-9868-57a2d4851a1d" relativeResultsDirectory="f09a4120-5c20-435b-823d-182a245f6611">
      <Output>
        <StdOut>Save/Update: SELECT  ISNULL(MAX(nro_linea + 1),1) from LineaFactura WHERE nro_factura=1 AND nro_sucursal=1 AND tipo_factura='A'
Save/Update: INSERT INTO LineaFactura (nro_factura, nro_sucursal, tipo_factura, nro_linea, cod_producto, cantidad, precio, borrado) VALUES (1 , 1 , 'A', 3 , 3 , 33 , 33.3, 0 ); 
Save/Update: select * from LineaFactura WHERE  LineaFactura.nro_factura=1  AND  LineaFactura.nro_linea=3  AND  LineaFactura.nro_sucursal=1  AND  LineaFactura.tipo_factura='A' 
Save/Update: DELETE LineaFactura WHERE nro_factura=1  AND nro_sucursal=1  AND tipo_factura='A' AND nro_linea=3</StdOut>
      </Output>
    </UnitTestResult>
    <UnitTestResult executionId="68eb5572-715a-4320-8e3b-77e031f402c5" testId="ea022a26-3382-db95-b68b-60ac6f18deb0" testName="CargarClientesTest" computerName="DIEGO-PC" duration="00:00:00.0320154" startTime="2012-11-19T19:38:29.2288513-03:00" endTime="2012-11-19T19:38:29.2688536-03:00" testType="13cdc9d9-ddb5-4fa4-a97d-d965ccfc6d4b" outcome="Passed" testListId="8c84fa94-04c1-424b-9868-57a2d4851a1d" relativeResultsDirectory="68eb5572-715a-4320-8e3b-77e031f402c5">
      <Output>
        <StdOut>Save/Update: select * from Cliente; select * from cliente_movimientos; select * from Pedido WHERE borrado = 0; select * from Factura WHERE borrado = 0; select * from Diseño WHERE borrado = 0
Save/Update: select * from Usuario WHERE  Usuario.usuarioID=1  ; select * from JoinUsuarioToFamilia; select * from JoinPatenteToUsuario
Save/Update: select * from Familia JOIN JoinUsuarioToFamilia AS usuarios ON Familia.familiaID=usuarios.familiaID WHERE usuarios.usuarioID=1  ; select * from JoinFamiliaToPatente
Save/Update: select * from Patente JOIN JoinPatenteToUsuario AS usuario ON Patente.patenteId=usuario.patenteId WHERE usuario.usuarioID=1  
Save/Update: select * from Cliente WHERE  Cliente.usuarioID=1  ; select * from cliente_movimientos; select * from Pedido WHERE borrado = 0; select * from Factura WHERE borrado = 0; select * from Diseño WHERE borrado = 0
Save/Update: select * from Diseño WHERE  Diseño.id_cliente=1  ; select * from historico_estados_diseño WHERE borrado = 0
Save/Update: select * from Factura WHERE  Factura.id_cliente=1  ; select * from documento_movimiento; select * from LineaFactura WHERE borrado = 0
Save/Update: select * from Pedido WHERE  Pedido.id_cliente=1  ; select * from produccion WHERE borrado = 0; select * from historico_estados_pedido WHERE borrado = 0
Save/Update: select * from MovimientosCuenta JOIN cliente_movimientos AS cliente ON MovimientosCuenta.nro_movimiento=cliente.nro_movimiento WHERE cliente.id_cliente=1  AND cliente.id_cliente IS NOT  NULL ; select * from cliente_movimientos; select * from documento_movimiento
Save/Update: select * from Usuario WHERE  Usuario.usuarioID=2  ; select * from JoinUsuarioToFamilia; select * from JoinPatenteToUsuario
Save/Update: select * from Familia JOIN JoinUsuarioToFamilia AS usuarios ON Familia.familiaID=usuarios.familiaID WHERE usuarios.usuarioID=2  ; select * from JoinFamiliaToPatente
Save/Update: select * from Patente JOIN JoinFamiliaToPatente AS familia ON Patente.patenteId=familia.patenteId WHERE familia.familiaID=2  
Save/Update: select * from Patente JOIN JoinPatenteToUsuario AS usuario ON Patente.patenteId=usuario.patenteId WHERE usuario.usuarioID=2  
Save/Update: select * from Cliente WHERE  Cliente.usuarioID=2  ; select * from cliente_movimientos; select * from Pedido WHERE borrado = 0; select * from Factura WHERE borrado = 0; select * from Diseño WHERE borrado = 0
Save/Update: select * from Diseño WHERE  Diseño.id_cliente=2  ; select * from historico_estados_diseño WHERE borrado = 0
Save/Update: select * from Factura WHERE  Factura.id_cliente=2  ; select * from documento_movimiento; select * from LineaFactura WHERE borrado = 0
Save/Update: select * from Pedido WHERE  Pedido.id_cliente=2  ; select * from produccion WHERE borrado = 0; select * from historico_estados_pedido WHERE borrado = 0
Save/Update: select * from MovimientosCuenta JOIN cliente_movimientos AS cliente ON MovimientosCuenta.nro_movimiento=cliente.nro_movimiento WHERE cliente.id_cliente=2  AND cliente.id_cliente IS NOT  NULL ; select * from cliente_movimientos; select * from documento_movimiento</StdOut>
      </Output>
    </UnitTestResult>
    <UnitTestResult executionId="9d134098-0992-4a6d-af2f-665d55550fbe" testId="eb042ce3-5f20-3d74-ebeb-88f3067e39ea" testName="cargarPedidoPorRestriccionesTest" computerName="DIEGO-PC" duration="00:00:00.0393291" startTime="2012-11-19T19:38:29.2788541-03:00" endTime="2012-11-19T19:38:29.3288570-03:00" testType="13cdc9d9-ddb5-4fa4-a97d-d965ccfc6d4b" outcome="Passed" testListId="8c84fa94-04c1-424b-9868-57a2d4851a1d" relativeResultsDirectory="9d134098-0992-4a6d-af2f-665d55550fbe">
      <Output>
        <StdOut>Save/Update: select * from Pedido JOIN produccion AS trabajos ON Pedido.cod_pedido=trabajos.cod_pedido WHERE  Pedido.cod_pedido=1  AND  Pedido.comentario='comentario1' AND  Pedido.id_cliente=1  AND  Pedido.tipo_pedido=1  AND trabajos.cod_produccion=3  AND  Pedido.estadoActual=3  AND  Pedido.borrado=0  ; select * from produccion WHERE borrado = 0; select * from historico_estados_pedido WHERE borrado = 0
Save/Update: DELETE Pedido WHERE cod_pedido=5</StdOut>
      </Output>
    </UnitTestResult>
    <UnitTestResult executionId="f9d9b029-1935-4ed2-b95f-bf97485f7f82" testId="ecaad254-0b1d-a420-c28a-c8ca0ba7c959" testName="cargarUsuarioPorIdTest" computerName="DIEGO-PC" duration="00:00:00.0077516" startTime="2012-11-19T19:38:29.3348573-03:00" endTime="2012-11-19T19:38:29.3568586-03:00" testType="13cdc9d9-ddb5-4fa4-a97d-d965ccfc6d4b" outcome="Passed" testListId="8c84fa94-04c1-424b-9868-57a2d4851a1d" relativeResultsDirectory="f9d9b029-1935-4ed2-b95f-bf97485f7f82">
      <Output>
        <StdOut>Save/Update: select * from Usuario WHERE  Usuario.usuarioID=3  ; select * from JoinUsuarioToFamilia; select * from JoinPatenteToUsuario
Save/Update: select * from Familia JOIN JoinUsuarioToFamilia AS usuarios ON Familia.familiaID=usuarios.familiaID WHERE usuarios.usuarioID=3  ; select * from JoinFamiliaToPatente
Save/Update: select * from Patente JOIN JoinFamiliaToPatente AS familia ON Patente.patenteId=familia.patenteId WHERE familia.familiaID=6  
Save/Update: select * from Patente JOIN JoinPatenteToUsuario AS usuario ON Patente.patenteId=usuario.patenteId WHERE usuario.usuarioID=3  
Save/Update: select * from Cliente WHERE  Cliente.usuarioID=3  ; select * from cliente_movimientos; select * from Pedido WHERE borrado = 0; select * from Factura WHERE borrado = 0; select * from Diseño WHERE borrado = 0</StdOut>
      </Output>
    </UnitTestResult>
    <UnitTestResult executionId="d48a7a3c-d79e-4cc9-8904-449ef668c53d" testId="ecabc92d-2f24-55b0-b16a-755e692c4e1a" testName="calcularFinalizacionTest2" computerName="DIEGO-PC" duration="00:00:00.0039559" startTime="2012-11-19T19:38:29.3628589-03:00" endTime="2012-11-19T19:38:29.3758597-03:00" testType="13cdc9d9-ddb5-4fa4-a97d-d965ccfc6d4b" outcome="Passed" testListId="8c84fa94-04c1-424b-9868-57a2d4851a1d" relativeResultsDirectory="d48a7a3c-d79e-4cc9-8904-449ef668c53d">
      <Output>
        <StdOut>Save/Update: DELETE produccion_operador WHERE id_operador=2  AND cod_prodcuccion=7  
Save/Update: DELETE historico_estados_produccion WHERE nro_estado=1  AND cod_produccion=7  
Save/Update: DELETE historico_estados_produccion WHERE nro_estado=2  AND cod_produccion=7  
Save/Update: DELETE produccion WHERE cod_produccion=7</StdOut>
      </Output>
    </UnitTestResult>
    <UnitTestResult executionId="a0fa09b9-6273-478f-be98-88fa342520d7" testId="ecd27a0e-9f35-c43e-8c11-1b73255aae3c" testName="buscarColorTest" computerName="DIEGO-PC" duration="00:00:00.0044283" startTime="2012-11-19T19:38:29.3858603-03:00" endTime="2012-11-19T19:38:29.3958608-03:00" testType="13cdc9d9-ddb5-4fa4-a97d-d965ccfc6d4b" outcome="Passed" testListId="8c84fa94-04c1-424b-9868-57a2d4851a1d" relativeResultsDirectory="a0fa09b9-6273-478f-be98-88fa342520d7">
      <Output>
        <StdOut>Save/Update: select * from color</StdOut>
      </Output>
    </UnitTestResult>
    <UnitTestResult executionId="19ec021f-b3d1-4994-bcef-8d4a2a2b3af3" testId="eda2ca79-f409-f699-6d33-a3da45e5d953" testName="listarOpinionesTest" computerName="DIEGO-PC" duration="00:00:00.0043853" startTime="2012-11-19T19:38:29.3988610-03:00" endTime="2012-11-19T19:38:29.4138619-03:00" testType="13cdc9d9-ddb5-4fa4-a97d-d965ccfc6d4b" outcome="Passed" testListId="8c84fa94-04c1-424b-9868-57a2d4851a1d" relativeResultsDirectory="19ec021f-b3d1-4994-bcef-8d4a2a2b3af3">
      <Output>
        <StdOut>Save/Update: select * from opiniones</StdOut>
      </Output>
    </UnitTestResult>
    <UnitTestResult executionId="b78963b1-b880-495a-ba28-76330408a89f" testId="edb7a5b7-9d9c-7fee-8224-ff9d0e654bf2" testName="grabarFamiliaTest" computerName="DIEGO-PC" duration="00:00:00.0283914" startTime="2012-11-19T19:38:29.4208623-03:00" endTime="2012-11-19T19:38:29.4548642-03:00" testType="13cdc9d9-ddb5-4fa4-a97d-d965ccfc6d4b" outcome="Passed" testListId="8c84fa94-04c1-424b-9868-57a2d4851a1d" relativeResultsDirectory="b78963b1-b880-495a-ba28-76330408a89f">
      <Output>
        <StdOut>Save/Update: INSERT INTO Familia (familiaID, descripcion, nombre) VALUES (7 , 'familia test', 'test'); DELETE JoinFamiliaToPatente where familiaID=7  ;  INSERT INTO JoinFamiliaToPatente ( familiaID, patenteId) VALUES ( 7 , 9 ); 
Save/Update: select * from Familia WHERE  Familia.familiaID=7  ; select * from JoinFamiliaToPatente
Save/Update: DELETE JoinFamiliaToPatente where familiaID=7  ; ;DELETE Familia WHERE familiaID=7</StdOut>
      </Output>
    </UnitTestResult>
    <UnitTestResult executionId="ee9da41d-3f47-4c97-ba63-6472b226bfce" testId="ee5f9022-6777-7fb2-dcc5-530f17ab50c0" testName="borrarArticuloTest" computerName="DIEGO-PC" duration="00:00:00.0160883" startTime="2012-11-19T19:38:29.4608646-03:00" endTime="2012-11-19T19:38:29.4868660-03:00" testType="13cdc9d9-ddb5-4fa4-a97d-d965ccfc6d4b" outcome="Passed" testListId="8c84fa94-04c1-424b-9868-57a2d4851a1d" relativeResultsDirectory="ee9da41d-3f47-4c97-ba63-6472b226bfce">
      <Output>
        <StdOut>Save/Update: SELECT  ISNULL(MAX(cod_articulo + 1),1) from Articulos
Save/Update: INSERT INTO Articulos (cod_articulo, tipoPrendaID, diseñoID, comentario, produccion, precioActual, borrado) VALUES (4 , 3 , 2 , 'com test', 10 , 1, 0 ); UPDATE lista_precios SET borrado=1 WHERE cod_articulo=4  ; 
Save/Update: SELECT  ISNULL( MAX(nro_lista + 1), 1) from lista_precios WHERE cod_articulo=4
Save/Update: INSERT INTO lista_precios (nro_lista, cod_articulo, precio, fechaDesde, fechaHasta, borrado) VALUES (1 , 4 , 1,  CAST('19/11/2012 19:38:29.471'  AS DateTime),  NULL , 0 ); 
Save/Update: select * from Articulos WHERE  Articulos.cod_articulo=4  ; select * from lista_precios WHERE borrado = 0
Save/Update: select * from lista_precios WHERE  lista_precios.cod_articulo=4  
Save/Update: select * from TipoPrenda WHERE  TipoPrenda.tipo_prenda=3  
Save/Update: select * from Diseño WHERE  Diseño.cod_diseño=2  ; select * from historico_estados_diseño WHERE borrado = 0
Save/Update: UPDATE Articulos SET tipoPrendaID=3 , diseñoID=2 , comentario='com test', produccion=10 , precioActual=1, borrado=1  WHERE cod_articulo=4  ; UPDATE lista_precios SET borrado=1 WHERE cod_articulo=4  ; 
Save/Update: select * from Articulos WHERE  Articulos.cod_articulo=4  ; select * from lista_precios WHERE borrado = 0
Save/Update: select * from lista_precios WHERE  lista_precios.cod_articulo=4  
Save/Update: select * from TipoPrenda WHERE  TipoPrenda.tipo_prenda=3  
Save/Update: select * from Diseño WHERE  Diseño.cod_diseño=2  ; select * from historico_estados_diseño WHERE borrado = 0
Save/Update: DELETE lista_precios WHERE nro_lista=1  AND cod_articulo=4  
Save/Update: DELETE lista_precios WHERE nro_lista=2  AND cod_articulo=4  
Save/Update: DELETE Articulos WHERE cod_articulo=4</StdOut>
      </Output>
    </UnitTestResult>
    <UnitTestResult executionId="88e2e356-c999-4c98-b30a-3ccad3462c37" testId="ef762903-5f73-156d-4c6c-edbea7a556ad" testName="actualizarInsumoTest" computerName="DIEGO-PC" duration="00:00:00.0190950" startTime="2012-11-19T19:38:29.4898662-03:00" endTime="2012-11-19T19:38:29.5178678-03:00" testType="13cdc9d9-ddb5-4fa4-a97d-d965ccfc6d4b" outcome="Passed" testListId="8c84fa94-04c1-424b-9868-57a2d4851a1d" relativeResultsDirectory="88e2e356-c999-4c98-b30a-3ccad3462c37">
      <Output>
        <StdOut>Save/Update: SELECT  ISNULL(MAX(cod_insumo + 1),1) from insumo
Save/Update: INSERT INTO insumo (cod_insumo, nombre, id_tipo_insumo, color, detalle, costo, cantidadActual) VALUES (5 , 'test creacion', 1 , 1 , 'insumo repo test', 5, 100 ); 
Save/Update: SELECT  ISNULL(MAX(nro_movimiento + 1),1) from MovimientosStock WHERE cod_insumo=5
Save/Update: INSERT INTO MovimientosStock (nro_movimiento, cod_insumo, tipo, fecha, cantidad) VALUES (1 , 5 , 1 ,  CAST('19/11/2012 19:38:29.502'  AS DateTime), 100); 
Save/Update: select * from insumo WHERE  insumo.cod_insumo=5  
Save/Update: select * from tipoInsumo WHERE  tipoInsumo.tipo_insumo=1  
Save/Update: select * from color WHERE  color.codigo_color=1  
Save/Update: select * from MovimientosStock WHERE  MovimientosStock.cod_insumo=5  
Save/Update: UPDATE insumo SET nombre='test creacion', id_tipo_insumo=1 , color=1 , detalle='insumo repo test', costo=5, cantidadActual=250  WHERE cod_insumo=5  ; 
Save/Update: SELECT  ISNULL(MAX(nro_movimiento + 1),1) from MovimientosStock WHERE cod_insumo=5
Save/Update: INSERT INTO MovimientosStock (nro_movimiento, cod_insumo, tipo, fecha, cantidad) VALUES (2 , 5 , 1 ,  CAST('19/11/2012 19:38:29.507'  AS DateTime), 150); 
Save/Update: select * from insumo WHERE  insumo.cod_insumo=5  
Save/Update: select * from tipoInsumo WHERE  tipoInsumo.tipo_insumo=1  
Save/Update: select * from color WHERE  color.codigo_color=1  
Save/Update: select * from MovimientosStock WHERE  MovimientosStock.cod_insumo=5  
Save/Update: DELETE MovimientosStock WHERE nro_movimiento=1  AND cod_insumo=5  
Save/Update: DELETE MovimientosStock WHERE nro_movimiento=2  AND cod_insumo=5  
Save/Update: DELETE insumo WHERE cod_insumo=5</StdOut>
      </Output>
    </UnitTestResult>
    <UnitTestResult executionId="89821f5e-cdcb-4455-9f8d-4e105f5ed486" testId="f07288f5-2f3d-e939-3514-a642579a478e" testName="borrarFamiliaTest" computerName="DIEGO-PC" duration="00:00:00.0083779" startTime="2012-11-19T19:38:29.5288684-03:00" endTime="2012-11-19T19:38:29.5448694-03:00" testType="13cdc9d9-ddb5-4fa4-a97d-d965ccfc6d4b" outcome="Passed" testListId="8c84fa94-04c1-424b-9868-57a2d4851a1d" relativeResultsDirectory="89821f5e-cdcb-4455-9f8d-4e105f5ed486">
      <Output>
        <StdOut>Save/Update: INSERT INTO Familia (familiaID, descripcion, nombre) VALUES (7 , 'familia test', 'test'); DELETE JoinFamiliaToPatente where familiaID=7  ;  INSERT INTO JoinFamiliaToPatente ( familiaID, patenteId) VALUES ( 7 , 9 ); 
Save/Update: select * from Familia WHERE  Familia.familiaID=7  ; select * from JoinFamiliaToPatente
Save/Update: select * from Patente JOIN JoinFamiliaToPatente AS familia ON Patente.patenteId=familia.patenteId WHERE familia.familiaID=7  
Save/Update: DELETE JoinFamiliaToPatente where familiaID=7  ; ;DELETE Familia WHERE familiaID=7  
Save/Update: select * from Familia WHERE  Familia.familiaID=7  ; select * from JoinFamiliaToPatente</StdOut>
      </Output>
    </UnitTestResult>
    <UnitTestResult executionId="7dcf367b-ef50-494f-b698-6ab3bc2351a8" testId="f0936119-968f-f4d0-680f-3a810a2a1183" testName="listarProduccionPorArticuloTest" computerName="DIEGO-PC" duration="00:00:00.0129602" startTime="2012-11-19T19:38:29.5498696-03:00" endTime="2012-11-19T19:38:29.5698708-03:00" testType="13cdc9d9-ddb5-4fa4-a97d-d965ccfc6d4b" outcome="Passed" testListId="8c84fa94-04c1-424b-9868-57a2d4851a1d" relativeResultsDirectory="7dcf367b-ef50-494f-b698-6ab3bc2351a8">
      <Output>
        <StdOut>Save/Update: select * from produccion WHERE  produccion.cod_articulo=1  ; select * from historico_estados_produccion WHERE borrado = 0
Save/Update: select * from Pedido WHERE  Pedido.cod_pedido=1  ; select * from produccion WHERE borrado = 0; select * from historico_estados_pedido WHERE borrado = 0
Save/Update: select * from Maquina WHERE  Maquina.cod_maquina=1  ; select * from JoinMaquinaToTipoPrenda
Save/Update: select * from Articulos WHERE  Articulos.cod_articulo=1  ; select * from lista_precios WHERE borrado = 0
Save/Update: select * from EstadoTrabajos WHERE  EstadoTrabajos.cod_estado=3  
Save/Update: select * from historico_estados_produccion WHERE  historico_estados_produccion.cod_produccion=1  
Save/Update: select * from produccion_operador WHERE  produccion_operador.cod_prodcuccion=1  
Save/Update: DELETE produccion_operador WHERE id_operador=2  AND cod_prodcuccion=7  
Save/Update: DELETE historico_estados_produccion WHERE nro_estado=1  AND cod_produccion=7  
Save/Update: DELETE historico_estados_produccion WHERE nro_estado=2  AND cod_produccion=7  
Save/Update: DELETE produccion WHERE cod_produccion=7</StdOut>
      </Output>
    </UnitTestResult>
    <UnitTestResult executionId="5ac3bc16-a14e-4de1-9ecd-cefad97d961f" testId="f376c1cb-6c7e-6565-2dae-0872021038a2" testName="cargarNewsletterTest" computerName="DIEGO-PC" duration="00:00:00.0024437" startTime="2012-11-19T19:38:29.5718709-03:00" endTime="2012-11-19T19:38:29.5858717-03:00" testType="13cdc9d9-ddb5-4fa4-a97d-d965ccfc6d4b" outcome="Passed" testListId="8c84fa94-04c1-424b-9868-57a2d4851a1d" relativeResultsDirectory="5ac3bc16-a14e-4de1-9ecd-cefad97d961f">
      <Output>
        <StdOut>Save/Update: select * from newsletter</StdOut>
      </Output>
    </UnitTestResult>
    <UnitTestResult executionId="6e090d21-09c9-4245-9450-e19e090954f8" testId="f384b49a-3778-3092-73a3-70a68b63c811" testName="buscarEstadosPorIdTest" computerName="DIEGO-PC" duration="00:00:00.0023391" startTime="2012-11-19T19:38:29.5878718-03:00" endTime="2012-11-19T19:38:29.6008726-03:00" testType="13cdc9d9-ddb5-4fa4-a97d-d965ccfc6d4b" outcome="Passed" testListId="8c84fa94-04c1-424b-9868-57a2d4851a1d" relativeResultsDirectory="6e090d21-09c9-4245-9450-e19e090954f8">
      <Output>
        <StdOut>Save/Update: select * from EstadoTrabajos WHERE  EstadoTrabajos.cod_estado=2</StdOut>
      </Output>
    </UnitTestResult>
    <UnitTestResult executionId="d7ab4791-3539-423e-8b7e-10a321bb99f6" testId="f50b51cf-39fa-28c4-720a-03db16299af8" testName="listarInsumosTest" computerName="DIEGO-PC" duration="00:00:00.0081727" startTime="2012-11-19T19:38:29.6028727-03:00" endTime="2012-11-19T19:38:29.6188736-03:00" testType="13cdc9d9-ddb5-4fa4-a97d-d965ccfc6d4b" outcome="Passed" testListId="8c84fa94-04c1-424b-9868-57a2d4851a1d" relativeResultsDirectory="d7ab4791-3539-423e-8b7e-10a321bb99f6">
      <Output>
        <StdOut>Save/Update: select * from insumo
Save/Update: select * from tipoInsumo WHERE  tipoInsumo.tipo_insumo=1  
Save/Update: select * from color WHERE  color.codigo_color=1  
Save/Update: select * from MovimientosStock WHERE  MovimientosStock.cod_insumo=1  
Save/Update: select * from tipoInsumo WHERE  tipoInsumo.tipo_insumo=1  
Save/Update: select * from color WHERE  color.codigo_color=2  
Save/Update: select * from MovimientosStock WHERE  MovimientosStock.cod_insumo=2  
Save/Update: select * from tipoInsumo WHERE  tipoInsumo.tipo_insumo=1  
Save/Update: select * from color WHERE  color.codigo_color=3  
Save/Update: select * from MovimientosStock WHERE  MovimientosStock.cod_insumo=3  
Save/Update: select * from tipoInsumo WHERE  tipoInsumo.tipo_insumo=1  
Save/Update: select * from color WHERE  color.codigo_color=4  
Save/Update: select * from MovimientosStock WHERE  MovimientosStock.cod_insumo=4  
Save/Update: DELETE MovimientosStock WHERE nro_movimiento=1  AND cod_insumo=5  
Save/Update: DELETE MovimientosStock WHERE nro_movimiento=2  AND cod_insumo=5  
Save/Update: DELETE insumo WHERE cod_insumo=5</StdOut>
      </Output>
    </UnitTestResult>
    <UnitTestResult executionId="de84aa0e-a604-4446-bdc0-1e5a1d1b4d58" testId="f537791f-903e-76d6-5080-80a4dc15bac2" testName="buscarPorDescripcionTest" computerName="DIEGO-PC" duration="00:00:00.0074848" startTime="2012-11-19T19:38:29.6218738-03:00" endTime="2012-11-19T19:38:29.6398748-03:00" testType="13cdc9d9-ddb5-4fa4-a97d-d965ccfc6d4b" outcome="Passed" testListId="8c84fa94-04c1-424b-9868-57a2d4851a1d" relativeResultsDirectory="de84aa0e-a604-4446-bdc0-1e5a1d1b4d58">
      <Output>
        <StdOut>Save/Update: select * from produccion_operador WHERE  produccion_operador.id_operador=2  AND  produccion_operador.cod_prodcuccion=5  AND  produccion_operador.porcentaje=100</StdOut>
      </Output>
    </UnitTestResult>
    <UnitTestResult executionId="d7d9cca8-6d50-49ef-b66c-64b2cfce6c6b" testId="f55d90a1-1701-8dfe-c19c-fedfde1208d9" testName="listarArticulosPorDiseñoTest" computerName="DIEGO-PC" duration="00:00:00.0101365" startTime="2012-11-19T19:38:29.6428750-03:00" endTime="2012-11-19T19:38:29.6648762-03:00" testType="13cdc9d9-ddb5-4fa4-a97d-d965ccfc6d4b" outcome="Passed" testListId="8c84fa94-04c1-424b-9868-57a2d4851a1d" relativeResultsDirectory="d7d9cca8-6d50-49ef-b66c-64b2cfce6c6b">
      <Output>
        <StdOut>Save/Update: select * from Articulos WHERE  Articulos.diseñoID=1  AND  Articulos.borrado=0  ; select * from lista_precios WHERE borrado = 0
Save/Update: select * from lista_precios WHERE  lista_precios.cod_articulo=1  
Save/Update: select * from TipoPrenda WHERE  TipoPrenda.tipo_prenda=1  
Save/Update: select * from Diseño WHERE  Diseño.cod_diseño=1  ; select * from historico_estados_diseño WHERE borrado = 0
Save/Update: select * from lista_precios WHERE  lista_precios.cod_articulo=3  
Save/Update: select * from TipoPrenda WHERE  TipoPrenda.tipo_prenda=2  
Save/Update: select * from Diseño WHERE  Diseño.cod_diseño=1  ; select * from historico_estados_diseño WHERE borrado = 0
Save/Update: DELETE lista_precios WHERE nro_lista=1  AND cod_articulo=4  
Save/Update: DELETE lista_precios WHERE nro_lista=2  AND cod_articulo=4  
Save/Update: DELETE Articulos WHERE cod_articulo=4</StdOut>
      </Output>
    </UnitTestResult>
    <UnitTestResult executionId="19cd7ba3-8941-419f-9344-ff2a57b8512b" testId="f58b52d0-5450-8dbe-40cd-ee9f7307e372" testName="grabarPedidoTest" computerName="DIEGO-PC" duration="00:00:00.0163551" startTime="2012-11-19T19:38:29.6688765-03:00" endTime="2012-11-19T19:38:29.6948779-03:00" testType="13cdc9d9-ddb5-4fa4-a97d-d965ccfc6d4b" outcome="Passed" testListId="8c84fa94-04c1-424b-9868-57a2d4851a1d" relativeResultsDirectory="19cd7ba3-8941-419f-9344-ff2a57b8512b">
      <Output>
        <StdOut>Save/Update: SELECT  ISNULL(MAX(cod_pedido + 1),1) from Pedido
Save/Update: INSERT INTO Pedido (cod_pedido, comentario, id_cliente, tipo_pedido, estadoActual, fechaInicio, fechaFinal, borrado) VALUES (5 , 'comentario test', 2 , 2 , 2 ,  CAST('19/11/2012 19:38:29.678'  AS DateTime),  CAST('19/11/2012 19:38:29.678'  AS DateTime), 0 ); UPDATE produccion SET borrado=1 WHERE cod_pedido=5  ; UPDATE historico_estados_pedido SET borrado=1 WHERE cod_pedido=5  ; 
Save/Update: SELECT  ISNULL(MAX(nro_estado + 1),1) from historico_estados_pedido WHERE cod_pedido=5
Save/Update: INSERT INTO historico_estados_pedido (nro_estado, comentario, cod_pedido, fechaDesde, fechaHasta, estado, borrado) VALUES (1 , 'com', 5 ,  CAST('19/11/2012 19:38:29.678'  AS DateTime),  NULL , 1 , 0 ); 
Save/Update: SELECT  ISNULL(MAX(cod_produccion + 1),1) from produccion
Save/Update: INSERT INTO produccion (cod_produccion, comentario, cod_pedido, cod_maquina, cod_articulo, cantidad, estadoActual, utilizacion, fechaInicio, fechaFinal, borrado) VALUES (7 , 'com1', 5 , 2 , 1 , 10 , 1 , 1,  CAST('19/11/2012 19:38:29.678'  AS DateTime),  NULL , 0 ); UPDATE historico_estados_produccion SET borrado=1 WHERE cod_produccion=7  ; 
Save/Update: select * from Pedido WHERE  Pedido.cod_pedido=5  ; select * from produccion WHERE borrado = 0; select * from historico_estados_pedido WHERE borrado = 0
Save/Update: select * from historico_estados_pedido WHERE  historico_estados_pedido.cod_pedido=5  
Save/Update: select * from tipoPedido WHERE  tipoPedido.tipo_pedido=2  
Save/Update: select * from produccion WHERE  produccion.cod_pedido=5  ; select * from historico_estados_produccion WHERE borrado = 0
Save/Update: select * from Cliente WHERE  Cliente.id_cliente=2  ; select * from cliente_movimientos; select * from Pedido WHERE borrado = 0; select * from Factura WHERE borrado = 0; select * from Diseño WHERE borrado = 0
Save/Update: select * from EstadoPedido WHERE  EstadoPedido.estado_pedido=2  
Save/Update: DELETE historico_estados_pedido WHERE nro_estado=1  AND cod_pedido=5  
Save/Update: DELETE historico_estados_pedido WHERE nro_estado=2  AND cod_pedido=5  
Save/Update: DELETE produccion WHERE cod_produccion=7  
Save/Update: DELETE Pedido WHERE cod_pedido=5</StdOut>
      </Output>
    </UnitTestResult>
    <UnitTestResult executionId="d6b0fdcb-fe44-4851-82e8-af8e8b1278a9" testId="f6ab254b-b89e-8f66-b003-59dd11d22e62" testName="buscarTipoPedidosTest" computerName="DIEGO-PC" duration="00:00:00.0162871" startTime="2012-11-19T19:38:29.6968781-03:00" endTime="2012-11-19T19:38:29.7198794-03:00" testType="13cdc9d9-ddb5-4fa4-a97d-d965ccfc6d4b" outcome="Passed" testListId="8c84fa94-04c1-424b-9868-57a2d4851a1d" relativeResultsDirectory="d6b0fdcb-fe44-4851-82e8-af8e8b1278a9">
      <Output>
        <StdOut>Save/Update: select * from tipoPedido
Save/Update: select * from tipoPedido WHERE  tipoPedido.tipo_pedido=1  
Save/Update: select * from tipoPedido WHERE  tipoPedido.descripcion='sin turno'</StdOut>
      </Output>
    </UnitTestResult>
    <UnitTestResult executionId="3f7a9cbe-99ee-49cd-9e38-acba95769b04" testId="f6c04c30-f707-2281-f731-8598fcdc8f9b" testName="actualizarNewsletterTest" computerName="DIEGO-PC" duration="00:00:00.0042258" startTime="2012-11-19T19:38:29.7228795-03:00" endTime="2012-11-19T19:38:29.7338802-03:00" testType="13cdc9d9-ddb5-4fa4-a97d-d965ccfc6d4b" outcome="Passed" testListId="8c84fa94-04c1-424b-9868-57a2d4851a1d" relativeResultsDirectory="3f7a9cbe-99ee-49cd-9e38-acba95769b04">
      <Output>
        <StdOut>Save/Update: select * from newsletter WHERE  newsletter.nombre='news1' 
Save/Update: UPDATE newsletter SET newsletter='&lt;body background="#8A94AA"&gt;&lt;style type="text/css"&gt;&lt;!--body {	background-color: #8A94AA;}.txt-geral {	font-family: Georgia, Times New Roman, Times, serif;	font-size: 13px;}.style3 {	font-family: Georgia, Times New Roman, Times, serif;	font-size: 13px;	color:#003366;}.txt-geralp {	font-family: Georgia, Times New Roman, Times, serif;	font-size: 11px;}.style-grd {	font-family: Georgia, Times New Roman, Times, serif;	font-size: 18px;}--&gt; &lt;/style&gt;&lt;table width="600" border="0" align="center" cellpadding="0" cellspacing="0"&gt;  &lt;tr&gt;    &lt;td class="titulo3"&gt;&lt;img src="http://www.salvadorefilhos.pt/images/news/bg-topo.gif" alt="" width="600" height="21" /&gt;&lt;/td&gt;  &lt;/tr&gt;  &lt;tr&gt;    &lt;td align="center" bgcolor="#EEEBE0"&gt;&lt;div align="center"&gt;&lt;img src="http://www.salvadorefilhos.pt/images/news/img-topo.jpg" alt="Salvador &amp;amp; Filhos" width="600" height="206" border="0" /&gt;&lt;/div&gt;&lt;/td&gt;  &lt;/tr&gt;  &lt;tr&gt;    &lt;td bgcolor="#EEEBE0"&gt;&lt;table width="97%" border="0" align="center" cellpadding="0" cellspacing="16"&gt;      &lt;tr&gt;        &lt;td width="50%" height="34" valign="top" class="txt-geral"&gt;&lt;div class="style3"&gt;          &lt;p&gt;&lt;b&gt;UNIPROF&lt;/b&gt;&lt;/p&gt;          &lt;p&gt;&lt;b&gt;NEWSLETTER N&amp;ordm;9&lt;/b&gt;&lt;/p&gt;        &lt;/div&gt;&lt;/td&gt;        &lt;td width="50%" align="right" valign="top" class="txt-geral"&gt;&lt;img src="http://www.salvadorefilhos.pt/images/news/logo.gif" alt="Cristo Rei" width="99" height="66" /&gt;&lt;/td&gt;      &lt;/tr&gt;      &lt;tr&gt;        &lt;td colspan="2" valign="top" class="txt-geral"&gt;&lt;p align="center"&gt;&lt;img src="http://www.es.salvadorefilhos.pt/newsletter/images/tit-newsl9.gif" alt="Servicios Adicionales" width="550" height="100" /&gt;&lt;/p&gt;          	&lt;table width="100%" border="0" cellspacing="0" cellpadding="0"&gt;				&lt;tr&gt;					&lt;td width="60%" valign="top"&gt;&lt;h2&gt;&lt;span lang="ES-TRAD" xml:lang="ES-TRAD"&gt;&lt;strong&gt;Env&amp;iacute;o, recepci&amp;oacute;n&lt;/strong&gt;&lt;/span&gt;:&lt;/h2&gt;							&lt;ul&gt;								&lt;li&gt;&lt;span lang="ES-TRAD" xml:lang="ES-TRAD"&gt;Log&amp;iacute;stica de entrega y recogida de pedidos por nuestro   transportista especializado. &lt;/span&gt; &lt;/li&gt;								&lt;li&gt;&lt;span lang="ES-TRAD" xml:lang="ES-TRAD"&gt;Entregas r&amp;aacute;pidas. &lt;/span&gt; &lt;/li&gt;								&lt;li&gt;&lt;span lang="ES-TRAD" xml:lang="ES-TRAD"&gt;Trabajamos internacionalmente. &lt;/span&gt; &lt;/li&gt;								&lt;li&gt;&lt;span lang="ES-TRAD" xml:lang="ES-TRAD"&gt;Entrega directa a nuestros clientes.&lt;/span&gt;&lt;/li&gt;								&lt;/ul&gt;&lt;/td&gt;					&lt;td width="40%" align="right"&gt;&lt;img src="http://www.es.salvadorefilhos.pt/fotos/empresa/carrinho.gif" alt="Env&amp;iacute;o, recepci&amp;oacute;n" width="200" height="190" hspace="0" border="0" /&gt;&lt;/td&gt;				&lt;/tr&gt;				&lt;tr&gt;					&lt;td valign="top"&gt;&lt;h2&gt;&lt;br /&gt;						&lt;strong&gt;Embalaje&lt;/strong&gt;:&lt;/h2&gt;							&lt;ul&gt;								&lt;li&gt;&lt;span lang="ES-TRAD" xml:lang="ES-TRAD"&gt;Tenemos un servicio m&amp;aacute;s a la disponibilidad de nuestros clientes. &lt;/span&gt; &lt;/li&gt;								&lt;li&gt;&lt;span lang="ES-TRAD" xml:lang="ES-TRAD"&gt;Doblar y prensar las piezas personalizadas. &lt;/span&gt; &lt;/li&gt;								&lt;li&gt;&lt;span lang="ES-TRAD" xml:lang="ES-TRAD"&gt;Embalaje individual en una bolsa de pl&amp;aacute;stico. &lt;/span&gt; &lt;/li&gt;								&lt;li&gt;&lt;span lang="ES-TRAD" xml:lang="ES-TRAD"&gt;Embalaje m&amp;uacute;ltiple en una bolsa de pl&amp;aacute;stico. &lt;/span&gt; &lt;/li&gt;								&lt;li&gt;&lt;span lang="ES-TRAD" xml:lang="ES-TRAD"&gt;Embalaje en cajas de cart&amp;oacute;n&lt;/span&gt;&lt;/li&gt;								&lt;/ul&gt;&lt;/td&gt;					&lt;td align="right"&gt;&lt;br /&gt;							&lt;img src="http://www.es.salvadorefilhos.pt/fotos/empresa/embalagem.gif" alt="Embalaje" width="200" height="168" hspace="0" border="0" /&gt;&lt;/td&gt;				&lt;/tr&gt;				&lt;tr&gt;					&lt;td valign="top"&gt;&lt;h2&gt;&lt;br /&gt;						&lt;strong&gt;Control de calidad&lt;/strong&gt;:&lt;/h2&gt;							&lt;ul&gt;								&lt;li&gt;&lt;span lang="ES-TRAD" xml:lang="ES-TRAD"&gt;N&lt;/span&gt;uestros bordados son la prueba de la calidad y durabilidad,   colores s&amp;oacute;lidos y garantidos, calidad garantizada. &lt;/li&gt;								&lt;li&gt;Nuestros textiles son de un acabado de alta calidad, controlado y   probado. &lt;/li&gt;								&lt;li&gt;Control de calidad para todos nuestros art&amp;iacute;culos. &lt;/li&gt;								&lt;li&gt;La experiencia y conocimiento a su servicio. &lt;/li&gt;								&lt;li&gt;P&amp;oacute;nganos a prueba.&lt;/li&gt;								&lt;/ul&gt;&lt;/td&gt;					&lt;td align="right"&gt;&lt;br /&gt;							&lt;img height="200" alt="Control de calidad" src="http://www.es.salvadorefilhos.pt/fotos/empresa/maos.gif" width="200" border="0" /&gt;&lt;/td&gt;				&lt;/tr&gt;			&lt;/table&gt;          	&lt;p&gt;&lt;strong&gt;&amp;iexcl;&lt;a href=""&gt;Env&amp;iacute;enos su solicitud&lt;/a&gt;!&lt;img src="http://www.salvadorefilhos.pt/newsletter/images/download-es.gif" alt="Descargas, Diapositivos gratis" width="173" height="148" border="0" align="right" /&gt;&lt;/strong&gt;&lt;/b&gt;&lt;/p&gt;          &lt;p&gt;Descargue en su ordenador nuestro cat&amp;aacute;logo de hilos y lista de clis&amp;eacute;s en &lt;a href=""&gt;descargas&lt;/a&gt;. &lt;/p&gt;          &lt;p&gt; Calidad siempre em nuestros art&amp;iacute;culos garantizados y acabamiento especial.&lt;/p&gt;&lt;/td&gt;      &lt;/tr&gt;      &lt;tr&gt;        &lt;td colspan="2" valign="top" class="txt-geral"&gt;&lt;/td&gt;      &lt;/tr&gt;    &lt;/table&gt;    &lt;/td&gt;  &lt;/tr&gt;  &lt;tr&gt;   &lt;td&gt;&lt;img src="http://www.salvadorefilhos.pt/images/news/bg-bot.gif" alt="" width="600" height="50" /&gt;&lt;/td&gt;  &lt;/tr&gt;&lt;/table&gt;&lt;/body&gt;&lt;/html&gt;', nombre='news1', enviado=1  WHERE id=1  ; 
Save/Update: select * from newsletter WHERE  newsletter.id=1  
Save/Update: UPDATE newsletter SET newsletter='&lt;body background="#8A94AA"&gt;&lt;style type="text/css"&gt;&lt;!--body {	background-color: #8A94AA;}.txt-geral {	font-family: Georgia, Times New Roman, Times, serif;	font-size: 13px;}.style3 {	font-family: Georgia, Times New Roman, Times, serif;	font-size: 13px;	color:#003366;}.txt-geralp {	font-family: Georgia, Times New Roman, Times, serif;	font-size: 11px;}.style-grd {	font-family: Georgia, Times New Roman, Times, serif;	font-size: 18px;}--&gt; &lt;/style&gt;&lt;table width="600" border="0" align="center" cellpadding="0" cellspacing="0"&gt;  &lt;tr&gt;    &lt;td class="titulo3"&gt;&lt;img src="http://www.salvadorefilhos.pt/images/news/bg-topo.gif" alt="" width="600" height="21" /&gt;&lt;/td&gt;  &lt;/tr&gt;  &lt;tr&gt;    &lt;td align="center" bgcolor="#EEEBE0"&gt;&lt;div align="center"&gt;&lt;img src="http://www.salvadorefilhos.pt/images/news/img-topo.jpg" alt="Salvador &amp;amp; Filhos" width="600" height="206" border="0" /&gt;&lt;/div&gt;&lt;/td&gt;  &lt;/tr&gt;  &lt;tr&gt;    &lt;td bgcolor="#EEEBE0"&gt;&lt;table width="97%" border="0" align="center" cellpadding="0" cellspacing="16"&gt;      &lt;tr&gt;        &lt;td width="50%" height="34" valign="top" class="txt-geral"&gt;&lt;div class="style3"&gt;          &lt;p&gt;&lt;b&gt;UNIPROF&lt;/b&gt;&lt;/p&gt;          &lt;p&gt;&lt;b&gt;NEWSLETTER N&amp;ordm;9&lt;/b&gt;&lt;/p&gt;        &lt;/div&gt;&lt;/td&gt;        &lt;td width="50%" align="right" valign="top" class="txt-geral"&gt;&lt;img src="http://www.salvadorefilhos.pt/images/news/logo.gif" alt="Cristo Rei" width="99" height="66" /&gt;&lt;/td&gt;      &lt;/tr&gt;      &lt;tr&gt;        &lt;td colspan="2" valign="top" class="txt-geral"&gt;&lt;p align="center"&gt;&lt;img src="http://www.es.salvadorefilhos.pt/newsletter/images/tit-newsl9.gif" alt="Servicios Adicionales" width="550" height="100" /&gt;&lt;/p&gt;          	&lt;table width="100%" border="0" cellspacing="0" cellpadding="0"&gt;				&lt;tr&gt;					&lt;td width="60%" valign="top"&gt;&lt;h2&gt;&lt;span lang="ES-TRAD" xml:lang="ES-TRAD"&gt;&lt;strong&gt;Env&amp;iacute;o, recepci&amp;oacute;n&lt;/strong&gt;&lt;/span&gt;:&lt;/h2&gt;							&lt;ul&gt;								&lt;li&gt;&lt;span lang="ES-TRAD" xml:lang="ES-TRAD"&gt;Log&amp;iacute;stica de entrega y recogida de pedidos por nuestro   transportista especializado. &lt;/span&gt; &lt;/li&gt;								&lt;li&gt;&lt;span lang="ES-TRAD" xml:lang="ES-TRAD"&gt;Entregas r&amp;aacute;pidas. &lt;/span&gt; &lt;/li&gt;								&lt;li&gt;&lt;span lang="ES-TRAD" xml:lang="ES-TRAD"&gt;Trabajamos internacionalmente. &lt;/span&gt; &lt;/li&gt;								&lt;li&gt;&lt;span lang="ES-TRAD" xml:lang="ES-TRAD"&gt;Entrega directa a nuestros clientes.&lt;/span&gt;&lt;/li&gt;								&lt;/ul&gt;&lt;/td&gt;					&lt;td width="40%" align="right"&gt;&lt;img src="http://www.es.salvadorefilhos.pt/fotos/empresa/carrinho.gif" alt="Env&amp;iacute;o, recepci&amp;oacute;n" width="200" height="190" hspace="0" border="0" /&gt;&lt;/td&gt;				&lt;/tr&gt;				&lt;tr&gt;					&lt;td valign="top"&gt;&lt;h2&gt;&lt;br /&gt;						&lt;strong&gt;Embalaje&lt;/strong&gt;:&lt;/h2&gt;							&lt;ul&gt;								&lt;li&gt;&lt;span lang="ES-TRAD" xml:lang="ES-TRAD"&gt;Tenemos un servicio m&amp;aacute;s a la disponibilidad de nuestros clientes. &lt;/span&gt; &lt;/li&gt;								&lt;li&gt;&lt;span lang="ES-TRAD" xml:lang="ES-TRAD"&gt;Doblar y prensar las piezas personalizadas. &lt;/span&gt; &lt;/li&gt;								&lt;li&gt;&lt;span lang="ES-TRAD" xml:lang="ES-TRAD"&gt;Embalaje individual en una bolsa de pl&amp;aacute;stico. &lt;/span&gt; &lt;/li&gt;								&lt;li&gt;&lt;span lang="ES-TRAD" xml:lang="ES-TRAD"&gt;Embalaje m&amp;uacute;ltiple en una bolsa de pl&amp;aacute;stico. &lt;/span&gt; &lt;/li&gt;								&lt;li&gt;&lt;span lang="ES-TRAD" xml:lang="ES-TRAD"&gt;Embalaje en cajas de cart&amp;oacute;n&lt;/span&gt;&lt;/li&gt;								&lt;/ul&gt;&lt;/td&gt;					&lt;td align="right"&gt;&lt;br /&gt;							&lt;img src="http://www.es.salvadorefilhos.pt/fotos/empresa/embalagem.gif" alt="Embalaje" width="200" height="168" hspace="0" border="0" /&gt;&lt;/td&gt;				&lt;/tr&gt;				&lt;tr&gt;					&lt;td valign="top"&gt;&lt;h2&gt;&lt;br /&gt;						&lt;strong&gt;Control de calidad&lt;/strong&gt;:&lt;/h2&gt;							&lt;ul&gt;								&lt;li&gt;&lt;span lang="ES-TRAD" xml:lang="ES-TRAD"&gt;N&lt;/span&gt;uestros bordados son la prueba de la calidad y durabilidad,   colores s&amp;oacute;lidos y garantidos, calidad garantizada. &lt;/li&gt;								&lt;li&gt;Nuestros textiles son de un acabado de alta calidad, controlado y   probado. &lt;/li&gt;								&lt;li&gt;Control de calidad para todos nuestros art&amp;iacute;culos. &lt;/li&gt;								&lt;li&gt;La experiencia y conocimiento a su servicio. &lt;/li&gt;								&lt;li&gt;P&amp;oacute;nganos a prueba.&lt;/li&gt;								&lt;/ul&gt;&lt;/td&gt;					&lt;td align="right"&gt;&lt;br /&gt;							&lt;img height="200" alt="Control de calidad" src="http://www.es.salvadorefilhos.pt/fotos/empresa/maos.gif" width="200" border="0" /&gt;&lt;/td&gt;				&lt;/tr&gt;			&lt;/table&gt;          	&lt;p&gt;&lt;strong&gt;&amp;iexcl;&lt;a href=""&gt;Env&amp;iacute;enos su solicitud&lt;/a&gt;!&lt;img src="http://www.salvadorefilhos.pt/newsletter/images/download-es.gif" alt="Descargas, Diapositivos gratis" width="173" height="148" border="0" align="right" /&gt;&lt;/strong&gt;&lt;/b&gt;&lt;/p&gt;          &lt;p&gt;Descargue en su ordenador nuestro cat&amp;aacute;logo de hilos y lista de clis&amp;eacute;s en &lt;a href=""&gt;descargas&lt;/a&gt;. &lt;/p&gt;          &lt;p&gt; Calidad siempre em nuestros art&amp;iacute;culos garantizados y acabamiento especial.&lt;/p&gt;&lt;/td&gt;      &lt;/tr&gt;      &lt;tr&gt;        &lt;td colspan="2" valign="top" class="txt-geral"&gt;&lt;/td&gt;      &lt;/tr&gt;    &lt;/table&gt;    &lt;/td&gt;  &lt;/tr&gt;  &lt;tr&gt;   &lt;td&gt;&lt;img src="http://www.salvadorefilhos.pt/images/news/bg-bot.gif" alt="" width="600" height="50" /&gt;&lt;/td&gt;  &lt;/tr&gt;&lt;/table&gt;&lt;/body&gt;&lt;/html&gt;', nombre='news1', enviado=1  WHERE id=1  ;</StdOut>
      </Output>
    </UnitTestResult>
    <UnitTestResult executionId="dd2ea92e-edab-4e6b-be92-7177f7581a26" testId="f781ffff-ff93-71bc-5f5f-c8442c8a1cc0" testName="grabarMovimientosClienteTest" computerName="DIEGO-PC" duration="00:00:00.0073064" startTime="2012-11-19T19:38:29.7348802-03:00" endTime="2012-11-19T19:38:29.7488810-03:00" testType="13cdc9d9-ddb5-4fa4-a97d-d965ccfc6d4b" outcome="Passed" testListId="8c84fa94-04c1-424b-9868-57a2d4851a1d" relativeResultsDirectory="dd2ea92e-edab-4e6b-be92-7177f7581a26">
      <Output>
        <StdOut>Save/Update: SELECT  ISNULL(MAX(nro_movimiento + 1),1) from MovimientosCuenta
Save/Update: INSERT INTO MovimientosCuenta (nro_movimiento, comentario, fecha, monto, cuentaID, tipoMovimientoID) VALUES (4 , 'com4',  CAST('19/11/2012 19:38:29.740'  AS DateTime), 33.3, 1 , 2 ); DELETE proveedor_movimientos where nro_movimiento=4  ;  INSERT INTO proveedor_movimientos ( nro_movimiento, id_proveedor) VALUES ( 4 , 2 ); DELETE documento_movimiento where nro_movimiento=4  ; 
Save/Update: select * from MovimientosCuenta JOIN proveedor_movimientos AS proveedor ON MovimientosCuenta.nro_movimiento=proveedor.nro_movimiento WHERE  MovimientosCuenta.nro_movimiento=4  AND  MovimientosCuenta.monto=33.3 AND proveedor.id_proveedor IS NOT  NULL ; select * from proveedor_movimientos; select * from documento_movimiento
Save/Update: DELETE proveedor_movimientos where nro_movimiento=4  ; DELETE documento_movimiento where nro_movimiento=4  ; ;DELETE MovimientosCuenta WHERE nro_movimiento=4</StdOut>
      </Output>
    </UnitTestResult>
    <UnitTestResult executionId="008f71d3-7b4b-4d91-87cd-6e4fb4133c23" testId="f8f00cb1-b7c7-8a4f-6936-45675a68da47" testName="guardarArticuloTest" computerName="DIEGO-PC" duration="00:00:00.0110518" startTime="2012-11-19T19:38:29.7508811-03:00" endTime="2012-11-19T19:38:29.7688822-03:00" testType="13cdc9d9-ddb5-4fa4-a97d-d965ccfc6d4b" outcome="Passed" testListId="8c84fa94-04c1-424b-9868-57a2d4851a1d" relativeResultsDirectory="008f71d3-7b4b-4d91-87cd-6e4fb4133c23">
      <Output>
        <StdOut>Save/Update: SELECT  ISNULL(MAX(cod_articulo + 1),1) from Articulos
Save/Update: INSERT INTO Articulos (cod_articulo, tipoPrendaID, diseñoID, comentario, produccion, precioActual, borrado) VALUES (4 , 3 , 2 , 'com test', 10 , 1, 0 ); UPDATE lista_precios SET borrado=1 WHERE cod_articulo=4  ; 
Save/Update: SELECT  ISNULL( MAX(nro_lista + 1), 1) from lista_precios WHERE cod_articulo=4
Save/Update: INSERT INTO lista_precios (nro_lista, cod_articulo, precio, fechaDesde, fechaHasta, borrado) VALUES (1 , 4 , 1,  CAST('19/11/2012 19:38:29.758'  AS DateTime),  NULL , 0 ); 
Save/Update: select * from Articulos WHERE  Articulos.cod_articulo=4  ; select * from lista_precios WHERE borrado = 0
Save/Update: select * from lista_precios WHERE  lista_precios.cod_articulo=4  
Save/Update: select * from TipoPrenda WHERE  TipoPrenda.tipo_prenda=3  
Save/Update: select * from Diseño WHERE  Diseño.cod_diseño=2  ; select * from historico_estados_diseño WHERE borrado = 0
Save/Update: DELETE lista_precios WHERE nro_lista=1  AND cod_articulo=4  
Save/Update: DELETE lista_precios WHERE nro_lista=2  AND cod_articulo=4  
Save/Update: DELETE Articulos WHERE cod_articulo=4</StdOut>
      </Output>
    </UnitTestResult>
    <UnitTestResult executionId="ad7b5006-a397-4109-8c72-2004231a0a33" testId="f90684a7-a79c-7fc4-62c1-2b02b1a46484" testName="buscarDiseñoPorIdTest" computerName="DIEGO-PC" duration="00:00:00.0088050" startTime="2012-11-19T19:38:29.7748825-03:00" endTime="2012-11-19T19:38:29.7898834-03:00" testType="13cdc9d9-ddb5-4fa4-a97d-d965ccfc6d4b" outcome="Passed" testListId="8c84fa94-04c1-424b-9868-57a2d4851a1d" relativeResultsDirectory="ad7b5006-a397-4109-8c72-2004231a0a33">
      <Output>
        <StdOut>Save/Update: select * from Diseño WHERE  Diseño.cod_diseño=1  ; select * from historico_estados_diseño WHERE borrado = 0
Save/Update: select * from Cliente WHERE  Cliente.id_cliente=1  ; select * from cliente_movimientos; select * from Pedido WHERE borrado = 0; select * from Factura WHERE borrado = 0; select * from Diseño WHERE borrado = 0
Save/Update: select * from Usuario WHERE  Usuario.usuarioID=1  ; select * from JoinUsuarioToFamilia; select * from JoinPatenteToUsuario
Save/Update: select * from Diseño_insumos WHERE  Diseño_insumos.cod_diseño=1  
Save/Update: select * from historico_estados_diseño WHERE  historico_estados_diseño.cod_diseño=1  
Save/Update: select * from EstadoDiseños WHERE  EstadoDiseños.estado=2  
Save/Update: DELETE FROM Diseño_insumos where cod_diseño=3
Save/Update: DELETE FROM historico_estados_diseño where cod_diseño=3
Save/Update: DELETE Diseño WHERE cod_diseño=3</StdOut>
      </Output>
    </UnitTestResult>
    <UnitTestResult executionId="92b4d732-d5d6-4d18-b981-ed3fb8f2a3f9" testId="f90c4160-5714-951f-7521-1af6d342eb17" testName="calcularTimepoTrabajoTest" computerName="DIEGO-PC" duration="00:00:00.0025810" startTime="2012-11-19T19:38:29.7928835-03:00" endTime="2012-11-19T19:38:29.8028841-03:00" testType="13cdc9d9-ddb5-4fa4-a97d-d965ccfc6d4b" outcome="Passed" testListId="8c84fa94-04c1-424b-9868-57a2d4851a1d" relativeResultsDirectory="92b4d732-d5d6-4d18-b981-ed3fb8f2a3f9">
      <Output>
        <StdOut>Save/Update: DELETE produccion_operador WHERE id_operador=2  AND cod_prodcuccion=7  
Save/Update: DELETE historico_estados_produccion WHERE nro_estado=1  AND cod_produccion=7  
Save/Update: DELETE historico_estados_produccion WHERE nro_estado=2  AND cod_produccion=7  
Save/Update: DELETE produccion WHERE cod_produccion=7</StdOut>
      </Output>
    </UnitTestResult>
    <UnitTestResult executionId="f446bd0b-771c-4639-a9cb-19b41d72696e" testId="fb8dd2a9-a240-beb6-bd3d-66e4ba26b2aa" testName="cargarMaquinasAptasTest" computerName="DIEGO-PC" duration="00:00:00.0098435" startTime="2012-11-19T19:38:29.8038842-03:00" endTime="2012-11-19T19:38:29.8228853-03:00" testType="13cdc9d9-ddb5-4fa4-a97d-d965ccfc6d4b" outcome="Passed" testListId="8c84fa94-04c1-424b-9868-57a2d4851a1d" relativeResultsDirectory="f446bd0b-771c-4639-a9cb-19b41d72696e">
      <Output>
        <StdOut>Save/Update: select * from Maquina JOIN JoinMaquinaToTipoPrenda AS tiposPrenda ON Maquina.cod_maquina=tiposPrenda.cod_maquina WHERE  Maquina.altoMargen&gt;=11  AND  Maquina.anchoMargen&gt;=11  AND  Maquina.cabezales&gt;=1  AND  Maquina.cantidadColores&gt;=0  AND tiposPrenda.tipo_prenda=2  ; select * from JoinMaquinaToTipoPrenda
Save/Update: select * from TipoPrenda WHERE  TipoPrenda.tipo_prenda=1  
Save/Update: select * from TipoPrenda WHERE  TipoPrenda.tipo_prenda=2  
Save/Update: select * from TipoPrenda WHERE  TipoPrenda.tipo_prenda=3  
Save/Update: select * from TipoPrenda WHERE  TipoPrenda.tipo_prenda=1  
Save/Update: select * from TipoPrenda WHERE  TipoPrenda.tipo_prenda=2  
Save/Update: select * from TipoPrenda WHERE  TipoPrenda.tipo_prenda=3  
Save/Update: select * from TipoPrenda WHERE  TipoPrenda.tipo_prenda=1  
Save/Update: select * from TipoPrenda WHERE  TipoPrenda.tipo_prenda=2  
Save/Update: select * from TipoPrenda WHERE  TipoPrenda.tipo_prenda=3  
Save/Update: DELETE JoinMaquinaToTipoPrenda where cod_maquina=4  ; ;DELETE Maquina WHERE cod_maquina=4  
Save/Update: delete from JoinMaquinaToTipoPrenda where cod_maquina=4</StdOut>
      </Output>
    </UnitTestResult>
    <UnitTestResult executionId="286bc20a-9e3b-4e6d-bb0a-a2d191bf306e" testId="fc8d00d7-7a7a-f0f3-a11d-98015016e42e" testName="borrarHistoricoEstadosTest" computerName="DIEGO-PC" duration="00:00:00.0048807" startTime="2012-11-19T19:38:29.8248854-03:00" endTime="2012-11-19T19:38:29.8358860-03:00" testType="13cdc9d9-ddb5-4fa4-a97d-d965ccfc6d4b" outcome="Passed" testListId="8c84fa94-04c1-424b-9868-57a2d4851a1d" relativeResultsDirectory="286bc20a-9e3b-4e6d-bb0a-a2d191bf306e">
      <Output>
        <StdOut>Save/Update: SELECT  ISNULL(MAX(nro_estado + 1),1) from historico_estados_pedido WHERE cod_pedido=2
Save/Update: INSERT INTO historico_estados_pedido (nro_estado, comentario, cod_pedido, fechaDesde, fechaHasta, estado, borrado) VALUES (4 , 'comentario32', 2 ,  CAST('19/11/2012 19:38:29.830'  AS DateTime),  NULL , 4 , 0 ); 
Save/Update: select * from historico_estados_pedido WHERE  historico_estados_pedido.nro_estado=4  AND  historico_estados_pedido.cod_pedido=2  
Save/Update: DELETE historico_estados_pedido WHERE nro_estado=4  AND cod_pedido=2  
Save/Update: select * from historico_estados_pedido WHERE  historico_estados_pedido.nro_estado=4  AND  historico_estados_pedido.cod_pedido=2</StdOut>
      </Output>
    </UnitTestResult>
    <UnitTestResult executionId="b83209ad-4538-4e85-bb4f-17c5d739b737" testId="fc8e027e-d84b-5121-34bf-469313af48e4" testName="cargarMensajePorConversacionTest" computerName="DIEGO-PC" duration="00:00:00.0050025" startTime="2012-11-19T19:38:29.8378861-03:00" endTime="2012-11-19T19:38:29.8528870-03:00" testType="13cdc9d9-ddb5-4fa4-a97d-d965ccfc6d4b" outcome="Passed" testListId="8c84fa94-04c1-424b-9868-57a2d4851a1d" relativeResultsDirectory="b83209ad-4538-4e85-bb4f-17c5d739b737">
      <Output>
        <StdOut>Save/Update: select * from Mensaje WHERE  Mensaje.id_conversacion=1</StdOut>
      </Output>
    </UnitTestResult>
    <UnitTestResult executionId="163a1ab1-5b63-4305-9f8f-5f7e7c7e8bad" testId="fdbcf997-f735-49dd-2d86-a367fe3813bc" testName="grabarTest" computerName="DIEGO-PC" duration="00:00:00.0063965" startTime="2012-11-19T19:38:29.8548871-03:00" endTime="2012-11-19T19:38:29.8718881-03:00" testType="13cdc9d9-ddb5-4fa4-a97d-d965ccfc6d4b" outcome="Passed" testListId="8c84fa94-04c1-424b-9868-57a2d4851a1d" relativeResultsDirectory="163a1ab1-5b63-4305-9f8f-5f7e7c7e8bad">
      <Output>
        <StdOut>Save/Update: SELECT  ISNULL(MAX(id + 1),1) from Mensaje
Save/Update: INSERT INTO Mensaje (id, tipoMensaje, fecha, mensaje, leido, borrado, id_conversacion) VALUES (5 , 0 ,  CAST('19/11/2012 19:38:29.864'  AS DateTime), 'test msj grabarMensajeTest', 0 , 0 , 1 ); 
Save/Update: select * from Mensaje WHERE  Mensaje.id_conversacion=1  
Save/Update: DELETE Mensaje WHERE id=5</StdOut>
      </Output>
    </UnitTestResult>
    <UnitTestResult executionId="66179fc5-7571-49f2-9b88-91285dc117ba" testId="fe73d6a0-344d-935f-fa47-83db37554a24" testName="listaPatentesTest" computerName="DIEGO-PC" duration="00:00:00.0027752" startTime="2012-11-19T19:38:29.8738882-03:00" endTime="2012-11-19T19:38:29.8838888-03:00" testType="13cdc9d9-ddb5-4fa4-a97d-d965ccfc6d4b" outcome="Passed" testListId="8c84fa94-04c1-424b-9868-57a2d4851a1d" relativeResultsDirectory="66179fc5-7571-49f2-9b88-91285dc117ba">
      <Output>
        <StdOut>Save/Update: select * from Patente</StdOut>
      </Output>
    </UnitTestResult>
    <UnitTestResult executionId="9cfcef00-4e34-42fb-9537-edad26097e99" testId="fe850dae-beb0-69bb-1831-4463cca49bfb" testName="grabarOpinionTest" computerName="DIEGO-PC" duration="00:00:00.0055610" startTime="2012-11-19T19:38:29.8868889-03:00" endTime="2012-11-19T19:38:29.8998897-03:00" testType="13cdc9d9-ddb5-4fa4-a97d-d965ccfc6d4b" outcome="Passed" testListId="8c84fa94-04c1-424b-9868-57a2d4851a1d" relativeResultsDirectory="9cfcef00-4e34-42fb-9537-edad26097e99">
      <Output>
        <StdOut>Save/Update: SELECT  ISNULL(MAX(id + 1),1) from opiniones
Save/Update: INSERT INTO opiniones (id, nombre, mail, opinion) VALUES (4 , 'nombre4', 'mail4@test.com', 'opinion4'); 
Save/Update: select * from opiniones WHERE  opiniones.id=4  
Save/Update: DELETE opiniones WHERE id=4</StdOut>
      </Output>
    </UnitTestResult>
    <UnitTestResult executionId="a1d8c350-8453-4859-8b41-d09dc952a411" testId="fed9e610-805c-d98a-9231-d2a52d8e3441" testName="modificarMaquinaTest" computerName="DIEGO-PC" duration="00:00:00.0157287" startTime="2012-11-19T19:38:29.9018898-03:00" endTime="2012-11-19T19:38:29.9258912-03:00" testType="13cdc9d9-ddb5-4fa4-a97d-d965ccfc6d4b" outcome="Passed" testListId="8c84fa94-04c1-424b-9868-57a2d4851a1d" relativeResultsDirectory="a1d8c350-8453-4859-8b41-d09dc952a411">
      <Output>
        <StdOut>Save/Update: SELECT  ISNULL(MAX(cod_maquina + 1),1) from Maquina
Save/Update: INSERT INTO Maquina (cod_maquina, altoMargen, anchoMargen, cabezales, nombre, velocidadPromedio, cantidadColores) VALUES (4 , 100 , 200 , 12 , 'nombre nuevo', 1000 , 12 ); DELETE JoinMaquinaToTipoPrenda where cod_maquina=4  ;  INSERT INTO JoinMaquinaToTipoPrenda ( cod_maquina, tipo_prenda) VALUES ( 4 , 1 );  INSERT INTO JoinMaquinaToTipoPrenda ( cod_maquina, tipo_prenda) VALUES ( 4 , 2 ); 
Save/Update: select * from produccion WHERE  produccion.fechaInicio&gt;= CAST('19/11/2012 19:38:29.000'  AS DateTime) ; select * from historico_estados_produccion WHERE borrado = 0
Save/Update: select * from produccion WHERE  produccion.fechaInicio&gt;= CAST('19/11/2012 19:38:29.000'  AS DateTime) ; select * from historico_estados_produccion WHERE borrado = 0
Save/Update: select * from Maquina WHERE  Maquina.cod_maquina=4  ; select * from JoinMaquinaToTipoPrenda
Save/Update: select * from TipoPrenda WHERE  TipoPrenda.tipo_prenda=1  
Save/Update: select * from TipoPrenda WHERE  TipoPrenda.tipo_prenda=2  
Save/Update: select * from Maquina WHERE  Maquina.cod_maquina=4  ; select * from JoinMaquinaToTipoPrenda
Save/Update: select * from TipoPrenda WHERE  TipoPrenda.tipo_prenda=1  
Save/Update: select * from TipoPrenda WHERE  TipoPrenda.tipo_prenda=2  
Save/Update: UPDATE Maquina SET altoMargen=100 , anchoMargen=200 , cabezales=12 , nombre='nombre editado', velocidadPromedio=1000 , cantidadColores=12  WHERE cod_maquina=4  ; DELETE JoinMaquinaToTipoPrenda where cod_maquina=4  ;  INSERT INTO JoinMaquinaToTipoPrenda ( cod_maquina, tipo_prenda) VALUES ( 4 , 1 ); 
Save/Update: select * from Maquina WHERE  Maquina.cod_maquina=4  ; select * from JoinMaquinaToTipoPrenda
Save/Update: select * from TipoPrenda WHERE  TipoPrenda.tipo_prenda=1  
Save/Update: DELETE JoinMaquinaToTipoPrenda where cod_maquina=4  ; ;DELETE Maquina WHERE cod_maquina=4  
Save/Update: delete from JoinMaquinaToTipoPrenda where cod_maquina=4</StdOut>
      </Output>
    </UnitTestResult>
  </Results>
</TestRun>