<?xml version="1.0" encoding="UTF-8"?>
<TestRun id="2c0fe3b6-9638-458a-b712-5cf7b341142f" name="Diego@DIEGO-PC 2012-11-19 01:13:17" runUser="Diego-PC\Diego" xmlns="http://microsoft.com/schemas/VisualStudio/TeamTest/2010">
  <TestSettings name="Local" id="ef2db5f0-3f45-4aad-a578-8bde204c9147">
    <Description>These are default test settings for a local test run.</Description>
    <Deployment enabled="false" runDeploymentRoot="Diego_DIEGO-PC 2012-11-19 01_13_17">
      <DeploymentItem filename="C:\Users\Diego\Documents\Visual Studio 2010\Projects\Uniprof\Dominio\bin\Release\Dominio.dll" />
      <DeploymentItem filename="C:\Users\Diego\Documents\Visual Studio 2010\Projects\Uniprof\Negocio\bin\Release\Negocio.dll" />
      <DeploymentItem filename="C:\Users\Diego\Documents\Visual Studio 2010\Projects\Uniprof\Repositorio\bin\Release\Repositorio.dll" />
      <DeploymentItem filename="C:\Users\Diego\Documents\Visual Studio 2010\Projects\Uniprof\Seguridad\bin\Release\Seguridad.dll" />
    </Deployment>
    <Execution>
      <TestTypeSpecific />
      <AgentRule name="Execution Agents">
      </AgentRule>
    </Execution>
  </TestSettings>
  <Times creation="2012-11-19T01:13:17.3329266-03:00" queuing="2012-11-19T01:13:18.3979875-03:00" start="2012-11-19T01:13:18.4739919-03:00" finish="2012-11-19T01:13:19.2420358-03:00" />
  <ResultSummary outcome="Failed">
    <Counters total="1" executed="1" error="0" failed="1" timeout="0" aborted="0" inconclusive="0" passedButRunAborted="0" notRunnable="0" notExecuted="0" disconnected="0" warning="0" passed="0" completed="0" inProgress="0" pending="0" />
  </ResultSummary>
  <TestDefinitions>
    <UnitTest name="cargarMovimientosTest" storage="c:\users\diego\documents\visual studio 2010\projects\uniprof\tests\bin\release\tests.dll" id="4f3a2e54-c06b-cfc2-386b-24b648fee82c">
      <Execution id="a7356b36-929a-4e3a-93a9-85cb25110621" />
      <TestMethod codeBase="C:/Users/Diego/Documents/Visual Studio 2010/Projects/Uniprof/Tests/bin/Release/Tests.DLL" adapterTypeName="Microsoft.VisualStudio.TestTools.TestTypes.Unit.UnitTestAdapter, Microsoft.VisualStudio.QualityTools.Tips.UnitTest.Adapter, Version=10.0.0.0, Culture=neutral, PublicKeyToken=b03f5f7f11d50a3a" className="Tests.MovimientoStockTDGTest, Tests, Version=1.0.0.0, Culture=neutral, PublicKeyToken=null" name="cargarMovimientosTest" />
    </UnitTest>
  </TestDefinitions>
  <TestLists>
    <TestList name="Results Not in a List" id="8c84fa94-04c1-424b-9868-57a2d4851a1d" />
    <TestList name="All Loaded Results" id="19431567-8539-422a-85d7-44ee4e166bda" />
  </TestLists>
  <TestEntries>
    <TestEntry testId="4f3a2e54-c06b-cfc2-386b-24b648fee82c" executionId="a7356b36-929a-4e3a-93a9-85cb25110621" testListId="8c84fa94-04c1-424b-9868-57a2d4851a1d" />
  </TestEntries>
  <Results>
    <UnitTestResult executionId="a7356b36-929a-4e3a-93a9-85cb25110621" testId="4f3a2e54-c06b-cfc2-386b-24b648fee82c" testName="cargarMovimientosTest" computerName="DIEGO-PC" duration="00:00:00.2528790" startTime="2012-11-19T01:13:18.4949931-03:00" endTime="2012-11-19T01:13:19.2120341-03:00" testType="13cdc9d9-ddb5-4fa4-a97d-d965ccfc6d4b" outcome="Failed" testListId="8c84fa94-04c1-424b-9868-57a2d4851a1d" relativeResultsDirectory="a7356b36-929a-4e3a-93a9-85cb25110621">
      <Output>
        <StdOut>Save/Update: select * from MovimientosStock
Save/Update: DELETE MovimientosStock WHERE nro_movimiento=3  AND cod_insumo=1</StdOut>
        <ErrorInfo>
          <Message>Assert.AreEqual failed. Expected:&lt;3&gt;. Actual:&lt;5&gt;. </Message>
          <StackTrace>   at Tests.MovimientoStockTDGTest.cargarMovimientosTest() in C:\Users\Diego\Documents\Visual Studio 2010\Projects\Uniprof\Tests\TestTDG\MovimientoStockTDGTest.vb:line 71
</StackTrace>
        </ErrorInfo>
      </Output>
    </UnitTestResult>
  </Results>
</TestRun>