<?xml version="1.0" encoding="UTF-8"?>
<TestRun id="63b28b12-4de4-43d3-9aa1-1eb3dfea4adc" name="Diego@DIEGO-PC 2012-11-19 01:14:06" runUser="Diego-PC\Diego" xmlns="http://microsoft.com/schemas/VisualStudio/TeamTest/2010">
  <TestSettings name="Local" id="ef2db5f0-3f45-4aad-a578-8bde204c9147">
    <Description>These are default test settings for a local test run.</Description>
    <Deployment enabled="false" runDeploymentRoot="Diego_DIEGO-PC 2012-11-19 01_14_06">
      <DeploymentItem filename="C:\Users\Diego\Documents\Visual Studio 2010\Projects\Uniprof\Dominio\bin\Release\Dominio.dll" />
      <DeploymentItem filename="C:\Users\Diego\Documents\Visual Studio 2010\Projects\Uniprof\Negocio\bin\Release\Negocio.dll" />
      <DeploymentItem filename="C:\Users\Diego\Documents\Visual Studio 2010\Projects\Uniprof\Repositorio\bin\Release\Repositorio.dll" />
      <DeploymentItem filename="C:\Users\Diego\Documents\Visual Studio 2010\Projects\Uniprof\Seguridad\bin\Release\Seguridad.dll" />
    </Deployment>
    <Execution>
      <TestTypeSpecific />
      <AgentRule name="Execution Agents">
      </AgentRule>
    </Execution>
  </TestSettings>
  <Times creation="2012-11-19T01:14:06.8257575-03:00" queuing="2012-11-19T01:14:07.0007675-03:00" start="2012-11-19T01:14:07.1117738-03:00" finish="2012-11-19T01:14:34.7163527-03:00" />
  <ResultSummary outcome="Completed">
    <Counters total="407" executed="407" passed="407" error="0" failed="0" timeout="0" aborted="0" inconclusive="0" passedButRunAborted="0" notRunnable="0" notExecuted="0" disconnected="0" warning="0" completed="0" inProgress="0" pending="0" />
  </ResultSummary>
  <TestDefinitions>
    <UnitTest name="grabarMovimientoTest" storage="c:\users\diego\documents\visual studio 2010\projects\uniprof\tests\bin\release\tests.dll" id="896a2208-4c38-b781-3b7e-b236d6d81cd2">
      <Execution id="5217908b-9d03-41ea-b9b7-d1db49fea4fd" />
      <TestMethod codeBase="C:/Users/Diego/Documents/Visual Studio 2010/Projects/Uniprof/Tests/bin/Release/Tests.DLL" adapterTypeName="Microsoft.VisualStudio.TestTools.TestTypes.Unit.UnitTestAdapter, Microsoft.VisualStudio.QualityTools.Tips.UnitTest.Adapter, Version=10.0.0.0, Culture=neutral, PublicKeyToken=b03f5f7f11d50a3a" className="Tests.MovimientoProveedorBusinessTest, Tests, Version=1.0.0.0, Culture=neutral, PublicKeyToken=null" name="grabarMovimientoTest" />
    </UnitTest>
    <UnitTest name="actualizarUsuarioTest" storage="c:\users\diego\documents\visual studio 2010\projects\uniprof\tests\bin\release\tests.dll" id="0bbd7a33-36a4-99a4-2cd0-83fd451fea26">
      <Execution id="357fb04e-4af6-4f2a-bdf8-035a540e6fa3" />
      <TestMethod codeBase="C:/Users/Diego/Documents/Visual Studio 2010/Projects/Uniprof/Tests/bin/Release/Tests.DLL" adapterTypeName="Microsoft.VisualStudio.TestTools.TestTypes.Unit.UnitTestAdapter, Microsoft.VisualStudio.QualityTools.Tips.UnitTest.Adapter, Version=10.0.0.0, Culture=neutral, PublicKeyToken=b03f5f7f11d50a3a" className="Tests.UsuarioRepositorioTest, Tests, Version=1.0.0.0, Culture=neutral, PublicKeyToken=null" name="actualizarUsuarioTest" />
    </UnitTest>
    <UnitTest name="cargarNewsletterTest" storage="c:\users\diego\documents\visual studio 2010\projects\uniprof\tests\bin\release\tests.dll" id="f376c1cb-6c7e-6565-2dae-0872021038a2">
      <Execution id="cde85e30-4ac8-4bbf-a1fe-8cc64a0c8073" />
      <TestMethod codeBase="C:/Users/Diego/Documents/Visual Studio 2010/Projects/Uniprof/Tests/bin/Release/Tests.DLL" adapterTypeName="Microsoft.VisualStudio.TestTools.TestTypes.Unit.UnitTestAdapter, Microsoft.VisualStudio.QualityTools.Tips.UnitTest.Adapter, Version=10.0.0.0, Culture=neutral, PublicKeyToken=b03f5f7f11d50a3a" className="Tests.NewsletterTDGTest, Tests, Version=1.0.0.0, Culture=neutral, PublicKeyToken=null" name="cargarNewsletterTest" />
    </UnitTest>
    <UnitTest name="modificarFacturasTest" storage="c:\users\diego\documents\visual studio 2010\projects\uniprof\tests\bin\release\tests.dll" id="7eda418a-e258-a33c-7890-73630dd7266c">
      <Execution id="7c269163-b471-4a93-9b53-9f11f713b977" />
      <TestMethod codeBase="C:/Users/Diego/Documents/Visual Studio 2010/Projects/Uniprof/Tests/bin/Release/Tests.DLL" adapterTypeName="Microsoft.VisualStudio.TestTools.TestTypes.Unit.UnitTestAdapter, Microsoft.VisualStudio.QualityTools.Tips.UnitTest.Adapter, Version=10.0.0.0, Culture=neutral, PublicKeyToken=b03f5f7f11d50a3a" className="Tests.OrdenDeCompraTDGTest, Tests, Version=1.0.0.0, Culture=neutral, PublicKeyToken=null" name="modificarFacturasTest" />
    </UnitTest>
    <UnitTest name="cargarMensajePorUsuariosTest" storage="c:\users\diego\documents\visual studio 2010\projects\uniprof\tests\bin\release\tests.dll" id="2dd0d705-2d7c-e989-e9d2-1892c8b66262">
      <Execution id="6c388fe6-b3df-47cd-b0e6-3875895e5f51" />
      <TestMethod codeBase="C:/Users/Diego/Documents/Visual Studio 2010/Projects/Uniprof/Tests/bin/Release/Tests.DLL" adapterTypeName="Microsoft.VisualStudio.TestTools.TestTypes.Unit.UnitTestAdapter, Microsoft.VisualStudio.QualityTools.Tips.UnitTest.Adapter, Version=10.0.0.0, Culture=neutral, PublicKeyToken=b03f5f7f11d50a3a" className="Tests.ConversacionTDGTest, Tests, Version=1.0.0.0, Culture=neutral, PublicKeyToken=null" name="cargarMensajePorUsuariosTest" />
    </UnitTest>
    <UnitTest name="modificarProduccionTest" storage="c:\users\diego\documents\visual studio 2010\projects\uniprof\tests\bin\release\tests.dll" id="bf3337bc-4ebe-14d7-ffa9-91df711ba6a0">
      <Execution id="d253d143-492f-4cc2-b583-f49f69edb7d7" />
      <TestMethod codeBase="C:/Users/Diego/Documents/Visual Studio 2010/Projects/Uniprof/Tests/bin/Release/Tests.DLL" adapterTypeName="Microsoft.VisualStudio.TestTools.TestTypes.Unit.UnitTestAdapter, Microsoft.VisualStudio.QualityTools.Tips.UnitTest.Adapter, Version=10.0.0.0, Culture=neutral, PublicKeyToken=b03f5f7f11d50a3a" className="Tests.ProduccionTDGTest, Tests, Version=1.0.0.0, Culture=neutral, PublicKeyToken=null" name="modificarProduccionTest" />
    </UnitTest>
    <UnitTest name="listarNewsletterTest" storage="c:\users\diego\documents\visual studio 2010\projects\uniprof\tests\bin\release\tests.dll" id="b6d2504c-fd0b-46f0-ca34-952aa534d5bc">
      <Execution id="3fb65c78-6cc8-4600-ab85-572a919942bb" />
      <TestMethod codeBase="C:/Users/Diego/Documents/Visual Studio 2010/Projects/Uniprof/Tests/bin/Release/Tests.DLL" adapterTypeName="Microsoft.VisualStudio.TestTools.TestTypes.Unit.UnitTestAdapter, Microsoft.VisualStudio.QualityTools.Tips.UnitTest.Adapter, Version=10.0.0.0, Culture=neutral, PublicKeyToken=b03f5f7f11d50a3a" className="Tests.NewsletterRepositorioTest, Tests, Version=1.0.0.0, Culture=neutral, PublicKeyToken=null" name="listarNewsletterTest" />
    </UnitTest>
    <UnitTest name="cargarMovimientosTest" storage="c:\users\diego\documents\visual studio 2010\projects\uniprof\tests\bin\release\tests.dll" id="29a5da4e-65d5-0422-5e68-618976117f03">
      <Execution id="89c34d0c-4f20-4c0f-95b8-98b4e20dd5e6" />
      <TestMethod codeBase="C:/Users/Diego/Documents/Visual Studio 2010/Projects/Uniprof/Tests/bin/Release/Tests.DLL" adapterTypeName="Microsoft.VisualStudio.TestTools.TestTypes.Unit.UnitTestAdapter, Microsoft.VisualStudio.QualityTools.Tips.UnitTest.Adapter, Version=10.0.0.0, Culture=neutral, PublicKeyToken=b03f5f7f11d50a3a" className="Tests.MovimientoCuentaProveedorTDGTest, Tests, Version=1.0.0.0, Culture=neutral, PublicKeyToken=null" name="cargarMovimientosTest" />
    </UnitTest>
    <UnitTest name="listarMensajesTest" storage="c:\users\diego\documents\visual studio 2010\projects\uniprof\tests\bin\release\tests.dll" id="3323acf7-8dc7-360e-f0a1-c4a2fbb9a91e">
      <Execution id="bee0e83b-acef-467e-a3b9-211325b75008" />
      <TestMethod codeBase="C:/Users/Diego/Documents/Visual Studio 2010/Projects/Uniprof/Tests/bin/Release/Tests.DLL" adapterTypeName="Microsoft.VisualStudio.TestTools.TestTypes.Unit.UnitTestAdapter, Microsoft.VisualStudio.QualityTools.Tips.UnitTest.Adapter, Version=10.0.0.0, Culture=neutral, PublicKeyToken=b03f5f7f11d50a3a" className="Tests.MensajeRepositorioTest, Tests, Version=1.0.0.0, Culture=neutral, PublicKeyToken=null" name="listarMensajesTest" />
    </UnitTest>
    <UnitTest name="cargarPedidoPorRestriccionesTest" storage="c:\users\diego\documents\visual studio 2010\projects\uniprof\tests\bin\release\tests.dll" id="eb042ce3-5f20-3d74-ebeb-88f3067e39ea">
      <Execution id="ae2f3261-a5ac-41d3-8868-dd377773df2b" />
      <TestMethod codeBase="C:/Users/Diego/Documents/Visual Studio 2010/Projects/Uniprof/Tests/bin/Release/Tests.DLL" adapterTypeName="Microsoft.VisualStudio.TestTools.TestTypes.Unit.UnitTestAdapter, Microsoft.VisualStudio.QualityTools.Tips.UnitTest.Adapter, Version=10.0.0.0, Culture=neutral, PublicKeyToken=b03f5f7f11d50a3a" className="Tests.PedidoTDGTest, Tests, Version=1.0.0.0, Culture=neutral, PublicKeyToken=null" name="cargarPedidoPorRestriccionesTest" />
    </UnitTest>
    <UnitTest name="borrarTest" storage="c:\users\diego\documents\visual studio 2010\projects\uniprof\tests\bin\release\tests.dll" id="e020cadd-bd50-d44d-30aa-ba2f497b2887">
      <Execution id="69dd7411-7b82-48bc-ab86-14d90ff0bf0b" />
      <TestMethod codeBase="C:/Users/Diego/Documents/Visual Studio 2010/Projects/Uniprof/Tests/bin/Release/Tests.DLL" adapterTypeName="Microsoft.VisualStudio.TestTools.TestTypes.Unit.UnitTestAdapter, Microsoft.VisualStudio.QualityTools.Tips.UnitTest.Adapter, Version=10.0.0.0, Culture=neutral, PublicKeyToken=b03f5f7f11d50a3a" className="Tests.ConversacionBusinessTest, Tests, Version=1.0.0.0, Culture=neutral, PublicKeyToken=null" name="borrarTest" />
    </UnitTest>
    <UnitTest name="buscarInsumosTest" storage="c:\users\diego\documents\visual studio 2010\projects\uniprof\tests\bin\release\tests.dll" id="5d206a37-78a3-f908-c018-7a5a53253c75">
      <Execution id="e2d24b4e-e6ed-4108-b122-123f6948c7e8" />
      <TestMethod codeBase="C:/Users/Diego/Documents/Visual Studio 2010/Projects/Uniprof/Tests/bin/Release/Tests.DLL" adapterTypeName="Microsoft.VisualStudio.TestTools.TestTypes.Unit.UnitTestAdapter, Microsoft.VisualStudio.QualityTools.Tips.UnitTest.Adapter, Version=10.0.0.0, Culture=neutral, PublicKeyToken=b03f5f7f11d50a3a" className="Tests.InsumoTDGTest, Tests, Version=1.0.0.0, Culture=neutral, PublicKeyToken=null" name="buscarInsumosTest" />
    </UnitTest>
    <UnitTest name="modificarMaquinasTest" storage="c:\users\diego\documents\visual studio 2010\projects\uniprof\tests\bin\release\tests.dll" id="96881fe6-dfde-90d7-168b-7e0645c53ba0">
      <Execution id="feb48101-bec1-4ea6-9f8c-0d0704bb890a" />
      <TestMethod codeBase="C:/Users/Diego/Documents/Visual Studio 2010/Projects/Uniprof/Tests/bin/Release/Tests.DLL" adapterTypeName="Microsoft.VisualStudio.TestTools.TestTypes.Unit.UnitTestAdapter, Microsoft.VisualStudio.QualityTools.Tips.UnitTest.Adapter, Version=10.0.0.0, Culture=neutral, PublicKeyToken=b03f5f7f11d50a3a" className="Tests.MaquinaTDGTest, Tests, Version=1.0.0.0, Culture=neutral, PublicKeyToken=null" name="modificarMaquinasTest" />
    </UnitTest>
    <UnitTest name="listarPedidosConRestriccionTest" storage="c:\users\diego\documents\visual studio 2010\projects\uniprof\tests\bin\release\tests.dll" id="b6c93299-c437-e1df-d8ec-dc7e1e4a6bba">
      <Execution id="3df163f5-adea-426c-8297-97709aa1c4f0" />
      <TestMethod codeBase="C:/Users/Diego/Documents/Visual Studio 2010/Projects/Uniprof/Tests/bin/Release/Tests.DLL" adapterTypeName="Microsoft.VisualStudio.TestTools.TestTypes.Unit.UnitTestAdapter, Microsoft.VisualStudio.QualityTools.Tips.UnitTest.Adapter, Version=10.0.0.0, Culture=neutral, PublicKeyToken=b03f5f7f11d50a3a" className="Tests.PedidoRepositorioTest, Tests, Version=1.0.0.0, Culture=neutral, PublicKeyToken=null" name="listarPedidosConRestriccionTest" />
    </UnitTest>
    <UnitTest name="buscarTipoCuentasTest" storage="c:\users\diego\documents\visual studio 2010\projects\uniprof\tests\bin\release\tests.dll" id="967eb374-2104-1acf-4901-5331861aa4b4">
      <Execution id="c727b37c-43c5-4bcd-a276-906f57bbe337" />
      <TestMethod codeBase="C:/Users/Diego/Documents/Visual Studio 2010/Projects/Uniprof/Tests/bin/Release/Tests.DLL" adapterTypeName="Microsoft.VisualStudio.TestTools.TestTypes.Unit.UnitTestAdapter, Microsoft.VisualStudio.QualityTools.Tips.UnitTest.Adapter, Version=10.0.0.0, Culture=neutral, PublicKeyToken=b03f5f7f11d50a3a" className="Tests.CuentaTDGTest, Tests, Version=1.0.0.0, Culture=neutral, PublicKeyToken=null" name="buscarTipoCuentasTest" />
    </UnitTest>
    <UnitTest name="grabarNuevoPedidoTest" storage="c:\users\diego\documents\visual studio 2010\projects\uniprof\tests\bin\release\tests.dll" id="6fccfc0c-3386-fa76-9bb6-5cb2884d04d6">
      <Execution id="162b7347-ef6b-4365-9226-7d614f9900b4" />
      <TestMethod codeBase="C:/Users/Diego/Documents/Visual Studio 2010/Projects/Uniprof/Tests/bin/Release/Tests.DLL" adapterTypeName="Microsoft.VisualStudio.TestTools.TestTypes.Unit.UnitTestAdapter, Microsoft.VisualStudio.QualityTools.Tips.UnitTest.Adapter, Version=10.0.0.0, Culture=neutral, PublicKeyToken=b03f5f7f11d50a3a" className="Tests.PedidoTDGTest, Tests, Version=1.0.0.0, Culture=neutral, PublicKeyToken=null" name="grabarNuevoPedidoTest" />
    </UnitTest>
    <UnitTest name="buscarTodoTest" storage="c:\users\diego\documents\visual studio 2010\projects\uniprof\tests\bin\release\tests.dll" id="b98676fe-ee87-56df-eacd-dd7ebb6e2cd3">
      <Execution id="d6aaf063-8896-4efc-bc3c-8c2355de4314" />
      <TestMethod codeBase="C:/Users/Diego/Documents/Visual Studio 2010/Projects/Uniprof/Tests/bin/Release/Tests.DLL" adapterTypeName="Microsoft.VisualStudio.TestTools.TestTypes.Unit.UnitTestAdapter, Microsoft.VisualStudio.QualityTools.Tips.UnitTest.Adapter, Version=10.0.0.0, Culture=neutral, PublicKeyToken=b03f5f7f11d50a3a" className="Tests.TipoInsumoTDGTest, Tests, Version=1.0.0.0, Culture=neutral, PublicKeyToken=null" name="buscarTodoTest" />
    </UnitTest>
    <UnitTest name="buscarEstadosPorIdTest" storage="c:\users\diego\documents\visual studio 2010\projects\uniprof\tests\bin\release\tests.dll" id="390965ee-b707-eb4d-f805-7a307d4ab7fa">
      <Execution id="1c9c6a67-2389-41e8-a598-81ad6e8c7fe2" />
      <TestMethod codeBase="C:/Users/Diego/Documents/Visual Studio 2010/Projects/Uniprof/Tests/bin/Release/Tests.DLL" adapterTypeName="Microsoft.VisualStudio.TestTools.TestTypes.Unit.UnitTestAdapter, Microsoft.VisualStudio.QualityTools.Tips.UnitTest.Adapter, Version=10.0.0.0, Culture=neutral, PublicKeyToken=b03f5f7f11d50a3a" className="Tests.EstadoPedidoTDGTest, Tests, Version=1.0.0.0, Culture=neutral, PublicKeyToken=null" name="buscarEstadosPorIdTest" />
    </UnitTest>
    <UnitTest name="grabarMovimientoTest" storage="c:\users\diego\documents\visual studio 2010\projects\uniprof\tests\bin\release\tests.dll" id="15781058-9d50-4692-2e7e-53db8e43c13c">
      <Execution id="2c314f7c-d778-4806-8227-41757227eb2f" />
      <TestMethod codeBase="C:/Users/Diego/Documents/Visual Studio 2010/Projects/Uniprof/Tests/bin/Release/Tests.DLL" adapterTypeName="Microsoft.VisualStudio.TestTools.TestTypes.Unit.UnitTestAdapter, Microsoft.VisualStudio.QualityTools.Tips.UnitTest.Adapter, Version=10.0.0.0, Culture=neutral, PublicKeyToken=b03f5f7f11d50a3a" className="Tests.MovimientoCuentaClienteRepositorioTest, Tests, Version=1.0.0.0, Culture=neutral, PublicKeyToken=null" name="grabarMovimientoTest" />
    </UnitTest>
    <UnitTest name="listarOrdenDeComprasPorMovimientoTest" storage="c:\users\diego\documents\visual studio 2010\projects\uniprof\tests\bin\release\tests.dll" id="d3580286-a69a-cc57-bea0-cea793fc0992">
      <Execution id="d3841b4d-7296-48b4-9a86-e462006241e8" />
      <TestMethod codeBase="C:/Users/Diego/Documents/Visual Studio 2010/Projects/Uniprof/Tests/bin/Release/Tests.DLL" adapterTypeName="Microsoft.VisualStudio.TestTools.TestTypes.Unit.UnitTestAdapter, Microsoft.VisualStudio.QualityTools.Tips.UnitTest.Adapter, Version=10.0.0.0, Culture=neutral, PublicKeyToken=b03f5f7f11d50a3a" className="Tests.OrdenCompraRepositorioTest, Tests, Version=1.0.0.0, Culture=neutral, PublicKeyToken=null" name="listarOrdenDeComprasPorMovimientoTest" />
    </UnitTest>
    <UnitTest name="cargarMovimientosTest" storage="c:\users\diego\documents\visual studio 2010\projects\uniprof\tests\bin\release\tests.dll" id="69fa372c-7458-f7f0-5041-7bf40151831d">
      <Execution id="318390d6-30aa-48c8-991f-8ce01a0682e5" />
      <TestMethod codeBase="C:/Users/Diego/Documents/Visual Studio 2010/Projects/Uniprof/Tests/bin/Release/Tests.DLL" adapterTypeName="Microsoft.VisualStudio.TestTools.TestTypes.Unit.UnitTestAdapter, Microsoft.VisualStudio.QualityTools.Tips.UnitTest.Adapter, Version=10.0.0.0, Culture=neutral, PublicKeyToken=b03f5f7f11d50a3a" className="Tests.MovimientoCuentaClienteTDGTest, Tests, Version=1.0.0.0, Culture=neutral, PublicKeyToken=null" name="cargarMovimientosTest" />
    </UnitTest>
    <UnitTest name="borrarClienteTest" storage="c:\users\diego\documents\visual studio 2010\projects\uniprof\tests\bin\release\tests.dll" id="62392e62-abcf-2bb0-a872-aa102226687e">
      <Execution id="fc3c43be-edfd-492c-a7b9-e4a160bfbdbe" />
      <TestMethod codeBase="C:/Users/Diego/Documents/Visual Studio 2010/Projects/Uniprof/Tests/bin/Release/Tests.DLL" adapterTypeName="Microsoft.VisualStudio.TestTools.TestTypes.Unit.UnitTestAdapter, Microsoft.VisualStudio.QualityTools.Tips.UnitTest.Adapter, Version=10.0.0.0, Culture=neutral, PublicKeyToken=b03f5f7f11d50a3a" className="Tests.ClienteRepositorioTest, Tests, Version=1.0.0.0, Culture=neutral, PublicKeyToken=null" name="borrarClienteTest" />
    </UnitTest>
    <UnitTest name="modificarMovimientosClienteTest" storage="c:\users\diego\documents\visual studio 2010\projects\uniprof\tests\bin\release\tests.dll" id="e4f43342-50bf-4878-e3d3-5afdaa2ddd37">
      <Execution id="2b3733fe-36dc-4b60-a2a1-12ab53cb5113" />
      <TestMethod codeBase="C:/Users/Diego/Documents/Visual Studio 2010/Projects/Uniprof/Tests/bin/Release/Tests.DLL" adapterTypeName="Microsoft.VisualStudio.TestTools.TestTypes.Unit.UnitTestAdapter, Microsoft.VisualStudio.QualityTools.Tips.UnitTest.Adapter, Version=10.0.0.0, Culture=neutral, PublicKeyToken=b03f5f7f11d50a3a" className="Tests.MovimientoCuentaClienteTDGTest, Tests, Version=1.0.0.0, Culture=neutral, PublicKeyToken=null" name="modificarMovimientosClienteTest" />
    </UnitTest>
    <UnitTest name="grabarTipoPrendaTest" storage="c:\users\diego\documents\visual studio 2010\projects\uniprof\tests\bin\release\tests.dll" id="dc17c55e-f745-25bd-9dae-5c78f5bb2176">
      <Execution id="98014fc0-7fb2-4bb8-95d6-a5fb0a289ae8" />
      <TestMethod codeBase="C:/Users/Diego/Documents/Visual Studio 2010/Projects/Uniprof/Tests/bin/Release/Tests.DLL" adapterTypeName="Microsoft.VisualStudio.TestTools.TestTypes.Unit.UnitTestAdapter, Microsoft.VisualStudio.QualityTools.Tips.UnitTest.Adapter, Version=10.0.0.0, Culture=neutral, PublicKeyToken=b03f5f7f11d50a3a" className="Tests.TipoPrendaTDGTest, Tests, Version=1.0.0.0, Culture=neutral, PublicKeyToken=null" name="grabarTipoPrendaTest" />
    </UnitTest>
    <UnitTest name="buscarMovimintosTest" storage="c:\users\diego\documents\visual studio 2010\projects\uniprof\tests\bin\release\tests.dll" id="b757834a-da0f-6514-4f88-5f56b32e1557">
      <Execution id="4f34440e-ce8a-42e0-8157-34e37aa83166" />
      <TestMethod codeBase="C:/Users/Diego/Documents/Visual Studio 2010/Projects/Uniprof/Tests/bin/Release/Tests.DLL" adapterTypeName="Microsoft.VisualStudio.TestTools.TestTypes.Unit.UnitTestAdapter, Microsoft.VisualStudio.QualityTools.Tips.UnitTest.Adapter, Version=10.0.0.0, Culture=neutral, PublicKeyToken=b03f5f7f11d50a3a" className="Tests.MovimientoCuentaProveedorRepositorioTest, Tests, Version=1.0.0.0, Culture=neutral, PublicKeyToken=null" name="buscarMovimintosTest" />
    </UnitTest>
    <UnitTest name="cargarUsuarioConRestriccionesTest" storage="c:\users\diego\documents\visual studio 2010\projects\uniprof\tests\bin\release\tests.dll" id="d9f16886-57f7-8858-0bb0-758babcd4a82">
      <Execution id="e7330b5b-adc7-4007-9abc-94947e5571b3" />
      <TestMethod codeBase="C:/Users/Diego/Documents/Visual Studio 2010/Projects/Uniprof/Tests/bin/Release/Tests.DLL" adapterTypeName="Microsoft.VisualStudio.TestTools.TestTypes.Unit.UnitTestAdapter, Microsoft.VisualStudio.QualityTools.Tips.UnitTest.Adapter, Version=10.0.0.0, Culture=neutral, PublicKeyToken=b03f5f7f11d50a3a" className="Tests.UsuarioRepositorioTest, Tests, Version=1.0.0.0, Culture=neutral, PublicKeyToken=null" name="cargarUsuarioConRestriccionesTest" />
    </UnitTest>
    <UnitTest name="borrarMovimientosClienteTest" storage="c:\users\diego\documents\visual studio 2010\projects\uniprof\tests\bin\release\tests.dll" id="688ff74d-915e-d560-41c3-a70549298345">
      <Execution id="33ba966b-5086-459f-b102-f9b78048cbd4" />
      <TestMethod codeBase="C:/Users/Diego/Documents/Visual Studio 2010/Projects/Uniprof/Tests/bin/Release/Tests.DLL" adapterTypeName="Microsoft.VisualStudio.TestTools.TestTypes.Unit.UnitTestAdapter, Microsoft.VisualStudio.QualityTools.Tips.UnitTest.Adapter, Version=10.0.0.0, Culture=neutral, PublicKeyToken=b03f5f7f11d50a3a" className="Tests.MovimientoCuentaProveedorTDGTest, Tests, Version=1.0.0.0, Culture=neutral, PublicKeyToken=null" name="borrarMovimientosClienteTest" />
    </UnitTest>
    <UnitTest name="borrarMaquinasTest" storage="c:\users\diego\documents\visual studio 2010\projects\uniprof\tests\bin\release\tests.dll" id="2f942134-eb39-049b-9e6e-2f42e91a8a19">
      <Execution id="01e00565-fcaa-45a5-8052-94cca2c42b5b" />
      <TestMethod codeBase="C:/Users/Diego/Documents/Visual Studio 2010/Projects/Uniprof/Tests/bin/Release/Tests.DLL" adapterTypeName="Microsoft.VisualStudio.TestTools.TestTypes.Unit.UnitTestAdapter, Microsoft.VisualStudio.QualityTools.Tips.UnitTest.Adapter, Version=10.0.0.0, Culture=neutral, PublicKeyToken=b03f5f7f11d50a3a" className="Tests.MaquinaTDGTest, Tests, Version=1.0.0.0, Culture=neutral, PublicKeyToken=null" name="borrarMaquinasTest" />
    </UnitTest>
    <UnitTest name="listarProduccionPorFechasTest" storage="c:\users\diego\documents\visual studio 2010\projects\uniprof\tests\bin\release\tests.dll" id="036044ea-8d05-b58f-21af-2b8c451629d2">
      <Execution id="9b3000d6-dba6-431d-a861-df7233ddc140" />
      <TestMethod codeBase="C:/Users/Diego/Documents/Visual Studio 2010/Projects/Uniprof/Tests/bin/Release/Tests.DLL" adapterTypeName="Microsoft.VisualStudio.TestTools.TestTypes.Unit.UnitTestAdapter, Microsoft.VisualStudio.QualityTools.Tips.UnitTest.Adapter, Version=10.0.0.0, Culture=neutral, PublicKeyToken=b03f5f7f11d50a3a" className="Tests.ProduccionBusinessTest, Tests, Version=1.0.0.0, Culture=neutral, PublicKeyToken=null" name="listarProduccionPorFechasTest" />
    </UnitTest>
    <UnitTest name="grabarFacturaTest" storage="c:\users\diego\documents\visual studio 2010\projects\uniprof\tests\bin\release\tests.dll" id="c27245e1-4f05-55df-8c6f-e38fa3d47902">
      <Execution id="107963d6-7712-444e-b9ce-5f7f357197e3" />
      <TestMethod codeBase="C:/Users/Diego/Documents/Visual Studio 2010/Projects/Uniprof/Tests/bin/Release/Tests.DLL" adapterTypeName="Microsoft.VisualStudio.TestTools.TestTypes.Unit.UnitTestAdapter, Microsoft.VisualStudio.QualityTools.Tips.UnitTest.Adapter, Version=10.0.0.0, Culture=neutral, PublicKeyToken=b03f5f7f11d50a3a" className="Tests.FacturaRepositorioTest, Tests, Version=1.0.0.0, Culture=neutral, PublicKeyToken=null" name="grabarFacturaTest" />
    </UnitTest>
    <UnitTest name="buscarTodoTest" storage="c:\users\diego\documents\visual studio 2010\projects\uniprof\tests\bin\release\tests.dll" id="9bc71622-b688-a88b-7a65-091a11ad1362">
      <Execution id="154568aa-bfa2-4ab0-b2ed-7667933ceca8" />
      <TestMethod codeBase="C:/Users/Diego/Documents/Visual Studio 2010/Projects/Uniprof/Tests/bin/Release/Tests.DLL" adapterTypeName="Microsoft.VisualStudio.TestTools.TestTypes.Unit.UnitTestAdapter, Microsoft.VisualStudio.QualityTools.Tips.UnitTest.Adapter, Version=10.0.0.0, Culture=neutral, PublicKeyToken=b03f5f7f11d50a3a" className="Tests.TipoMovimientoTDGTest, Tests, Version=1.0.0.0, Culture=neutral, PublicKeyToken=null" name="buscarTodoTest" />
    </UnitTest>
    <UnitTest name="grabarTest" storage="c:\users\diego\documents\visual studio 2010\projects\uniprof\tests\bin\release\tests.dll" id="fdbcf997-f735-49dd-2d86-a367fe3813bc">
      <Execution id="df5657b4-dda0-49cf-b62c-e4b9b1fdbcf2" />
      <TestMethod codeBase="C:/Users/Diego/Documents/Visual Studio 2010/Projects/Uniprof/Tests/bin/Release/Tests.DLL" adapterTypeName="Microsoft.VisualStudio.TestTools.TestTypes.Unit.UnitTestAdapter, Microsoft.VisualStudio.QualityTools.Tips.UnitTest.Adapter, Version=10.0.0.0, Culture=neutral, PublicKeyToken=b03f5f7f11d50a3a" className="Tests.MensajeRepositorioTest, Tests, Version=1.0.0.0, Culture=neutral, PublicKeyToken=null" name="grabarTest" />
    </UnitTest>
    <UnitTest name="GrabarDiseñoTest1" storage="c:\users\diego\documents\visual studio 2010\projects\uniprof\tests\bin\release\tests.dll" id="80476086-aaaa-ba28-a4dc-0972defbe8bb">
      <Execution id="4e7a1e22-f79c-4344-a104-86ed7ea4da65" />
      <TestMethod codeBase="C:/Users/Diego/Documents/Visual Studio 2010/Projects/Uniprof/Tests/bin/Release/Tests.DLL" adapterTypeName="Microsoft.VisualStudio.TestTools.TestTypes.Unit.UnitTestAdapter, Microsoft.VisualStudio.QualityTools.Tips.UnitTest.Adapter, Version=10.0.0.0, Culture=neutral, PublicKeyToken=b03f5f7f11d50a3a" className="Tests.DiseñoBusinessTest, Tests, Version=1.0.0.0, Culture=neutral, PublicKeyToken=null" name="GrabarDiseñoTest1" />
    </UnitTest>
    <UnitTest name="borrarHistoricoEstadosTest" storage="c:\users\diego\documents\visual studio 2010\projects\uniprof\tests\bin\release\tests.dll" id="a238bb59-cc6f-a250-c2de-3c102510d342">
      <Execution id="d6e359f3-fc09-47a2-b3ab-b466c4a42c60" />
      <TestMethod codeBase="C:/Users/Diego/Documents/Visual Studio 2010/Projects/Uniprof/Tests/bin/Release/Tests.DLL" adapterTypeName="Microsoft.VisualStudio.TestTools.TestTypes.Unit.UnitTestAdapter, Microsoft.VisualStudio.QualityTools.Tips.UnitTest.Adapter, Version=10.0.0.0, Culture=neutral, PublicKeyToken=b03f5f7f11d50a3a" className="Tests.HistoricoEstadosProduccionTDGTest, Tests, Version=1.0.0.0, Culture=neutral, PublicKeyToken=null" name="borrarHistoricoEstadosTest" />
    </UnitTest>
    <UnitTest name="cargarMovimientosTest" storage="c:\users\diego\documents\visual studio 2010\projects\uniprof\tests\bin\release\tests.dll" id="4f3a2e54-c06b-cfc2-386b-24b648fee82c">
      <Execution id="63b50a06-6e63-4ae6-ac62-6242d341e0c3" />
      <TestMethod codeBase="C:/Users/Diego/Documents/Visual Studio 2010/Projects/Uniprof/Tests/bin/Release/Tests.DLL" adapterTypeName="Microsoft.VisualStudio.TestTools.TestTypes.Unit.UnitTestAdapter, Microsoft.VisualStudio.QualityTools.Tips.UnitTest.Adapter, Version=10.0.0.0, Culture=neutral, PublicKeyToken=b03f5f7f11d50a3a" className="Tests.MovimientoStockTDGTest, Tests, Version=1.0.0.0, Culture=neutral, PublicKeyToken=null" name="cargarMovimientosTest" />
    </UnitTest>
    <UnitTest name="CargarClienteTest" storage="c:\users\diego\documents\visual studio 2010\projects\uniprof\tests\bin\release\tests.dll" id="e64170f8-e36a-c642-d97d-54b6bb0553a6">
      <Execution id="6200029a-b2a7-46c6-8903-825261923b4c" />
      <TestMethod codeBase="C:/Users/Diego/Documents/Visual Studio 2010/Projects/Uniprof/Tests/bin/Release/Tests.DLL" adapterTypeName="Microsoft.VisualStudio.TestTools.TestTypes.Unit.UnitTestAdapter, Microsoft.VisualStudio.QualityTools.Tips.UnitTest.Adapter, Version=10.0.0.0, Culture=neutral, PublicKeyToken=b03f5f7f11d50a3a" className="Tests.ClienteRepositorioTest, Tests, Version=1.0.0.0, Culture=neutral, PublicKeyToken=null" name="CargarClienteTest" />
    </UnitTest>
    <UnitTest name="buscarOpinionesPorCriterioTest" storage="c:\users\diego\documents\visual studio 2010\projects\uniprof\tests\bin\release\tests.dll" id="75ff0c72-ae5b-a30a-d444-42d5bfa7ed8d">
      <Execution id="66d1ae00-39e1-4628-b93f-f2bce4f1de9c" />
      <TestMethod codeBase="C:/Users/Diego/Documents/Visual Studio 2010/Projects/Uniprof/Tests/bin/Release/Tests.DLL" adapterTypeName="Microsoft.VisualStudio.TestTools.TestTypes.Unit.UnitTestAdapter, Microsoft.VisualStudio.QualityTools.Tips.UnitTest.Adapter, Version=10.0.0.0, Culture=neutral, PublicKeyToken=b03f5f7f11d50a3a" className="Tests.OpinionTDGTest, Tests, Version=1.0.0.0, Culture=neutral, PublicKeyToken=null" name="buscarOpinionesPorCriterioTest" />
    </UnitTest>
    <UnitTest name="listarFacturasPorIdTest" storage="c:\users\diego\documents\visual studio 2010\projects\uniprof\tests\bin\release\tests.dll" id="afb70fb3-f16b-16ef-9272-e650b4c370ff">
      <Execution id="5a1ae1c7-5c37-4f21-912f-9b062b969d62" />
      <TestMethod codeBase="C:/Users/Diego/Documents/Visual Studio 2010/Projects/Uniprof/Tests/bin/Release/Tests.DLL" adapterTypeName="Microsoft.VisualStudio.TestTools.TestTypes.Unit.UnitTestAdapter, Microsoft.VisualStudio.QualityTools.Tips.UnitTest.Adapter, Version=10.0.0.0, Culture=neutral, PublicKeyToken=b03f5f7f11d50a3a" className="Tests.FacturaBusinessTest, Tests, Version=1.0.0.0, Culture=neutral, PublicKeyToken=null" name="listarFacturasPorIdTest" />
    </UnitTest>
    <UnitTest name="cargarUsuarioConRestriccionesTest" storage="c:\users\diego\documents\visual studio 2010\projects\uniprof\tests\bin\release\tests.dll" id="af2a5dd3-889c-239a-49ba-4559ade59815">
      <Execution id="f9dd1905-9e61-43f4-bff3-c52b70baabc4" />
      <TestMethod codeBase="C:/Users/Diego/Documents/Visual Studio 2010/Projects/Uniprof/Tests/bin/Release/Tests.DLL" adapterTypeName="Microsoft.VisualStudio.TestTools.TestTypes.Unit.UnitTestAdapter, Microsoft.VisualStudio.QualityTools.Tips.UnitTest.Adapter, Version=10.0.0.0, Culture=neutral, PublicKeyToken=b03f5f7f11d50a3a" className="Tests.UsuarioBusinessTest, Tests, Version=1.0.0.0, Culture=neutral, PublicKeyToken=null" name="cargarUsuarioConRestriccionesTest" />
    </UnitTest>
    <UnitTest name="cargarLineasFacturaConRestriccionTest" storage="c:\users\diego\documents\visual studio 2010\projects\uniprof\tests\bin\release\tests.dll" id="65cf3506-53bd-487b-cba6-ed8ab00a65a4">
      <Execution id="3af7ffbb-9435-45b7-a063-eb8d1073f37f" />
      <TestMethod codeBase="C:/Users/Diego/Documents/Visual Studio 2010/Projects/Uniprof/Tests/bin/Release/Tests.DLL" adapterTypeName="Microsoft.VisualStudio.TestTools.TestTypes.Unit.UnitTestAdapter, Microsoft.VisualStudio.QualityTools.Tips.UnitTest.Adapter, Version=10.0.0.0, Culture=neutral, PublicKeyToken=b03f5f7f11d50a3a" className="Tests.LineaFacturaTDGTest, Tests, Version=1.0.0.0, Culture=neutral, PublicKeyToken=null" name="cargarLineasFacturaConRestriccionTest" />
    </UnitTest>
    <UnitTest name="buscarPedidoPorCodigoTest" storage="c:\users\diego\documents\visual studio 2010\projects\uniprof\tests\bin\release\tests.dll" id="aa89e54f-b120-5f04-a49b-eb1a63d779df">
      <Execution id="d5f5ca98-3ec2-4197-94d5-d25d0f6b1356" />
      <TestMethod codeBase="C:/Users/Diego/Documents/Visual Studio 2010/Projects/Uniprof/Tests/bin/Release/Tests.DLL" adapterTypeName="Microsoft.VisualStudio.TestTools.TestTypes.Unit.UnitTestAdapter, Microsoft.VisualStudio.QualityTools.Tips.UnitTest.Adapter, Version=10.0.0.0, Culture=neutral, PublicKeyToken=b03f5f7f11d50a3a" className="Tests.PedidoBusinessTest, Tests, Version=1.0.0.0, Culture=neutral, PublicKeyToken=null" name="buscarPedidoPorCodigoTest" />
    </UnitTest>
    <UnitTest name="actualizarUsuarioTest" storage="c:\users\diego\documents\visual studio 2010\projects\uniprof\tests\bin\release\tests.dll" id="5f0d0749-3ebf-18a9-df3b-b2af8e5ec0eb">
      <Execution id="c321541c-19ed-4fa8-b8d8-0973b2ce13c5" />
      <TestMethod codeBase="C:/Users/Diego/Documents/Visual Studio 2010/Projects/Uniprof/Tests/bin/Release/Tests.DLL" adapterTypeName="Microsoft.VisualStudio.TestTools.TestTypes.Unit.UnitTestAdapter, Microsoft.VisualStudio.QualityTools.Tips.UnitTest.Adapter, Version=10.0.0.0, Culture=neutral, PublicKeyToken=b03f5f7f11d50a3a" className="Tests.UsuarioTDGTest, Tests, Version=1.0.0.0, Culture=neutral, PublicKeyToken=null" name="actualizarUsuarioTest" />
    </UnitTest>
    <UnitTest name="cargarlistaProduccionConRestriccionesTest" storage="c:\users\diego\documents\visual studio 2010\projects\uniprof\tests\bin\release\tests.dll" id="bb119d3a-e948-8bb7-862b-ef22cd5e5418">
      <Execution id="aaa68acc-b433-417b-89c5-28f68832c0d5" />
      <TestMethod codeBase="C:/Users/Diego/Documents/Visual Studio 2010/Projects/Uniprof/Tests/bin/Release/Tests.DLL" adapterTypeName="Microsoft.VisualStudio.TestTools.TestTypes.Unit.UnitTestAdapter, Microsoft.VisualStudio.QualityTools.Tips.UnitTest.Adapter, Version=10.0.0.0, Culture=neutral, PublicKeyToken=b03f5f7f11d50a3a" className="Tests.ProduccionTDGTest, Tests, Version=1.0.0.0, Culture=neutral, PublicKeyToken=null" name="cargarlistaProduccionConRestriccionesTest" />
    </UnitTest>
    <UnitTest name="listarOrdenDeComprasTest" storage="c:\users\diego\documents\visual studio 2010\projects\uniprof\tests\bin\release\tests.dll" id="019bd56c-e56a-79a5-09bc-547b99ed981b">
      <Execution id="c921c947-8029-4843-b42f-4c7a0a41935a" />
      <TestMethod codeBase="C:/Users/Diego/Documents/Visual Studio 2010/Projects/Uniprof/Tests/bin/Release/Tests.DLL" adapterTypeName="Microsoft.VisualStudio.TestTools.TestTypes.Unit.UnitTestAdapter, Microsoft.VisualStudio.QualityTools.Tips.UnitTest.Adapter, Version=10.0.0.0, Culture=neutral, PublicKeyToken=b03f5f7f11d50a3a" className="Tests.OrdenCompraBusinessTest, Tests, Version=1.0.0.0, Culture=neutral, PublicKeyToken=null" name="listarOrdenDeComprasTest" />
    </UnitTest>
    <UnitTest name="actualizarClienteTest" storage="c:\users\diego\documents\visual studio 2010\projects\uniprof\tests\bin\release\tests.dll" id="52d17b0e-d936-129e-43f3-078523a7b6ea">
      <Execution id="5067ec94-f10d-4500-8612-31a62d3820f5" />
      <TestMethod codeBase="C:/Users/Diego/Documents/Visual Studio 2010/Projects/Uniprof/Tests/bin/Release/Tests.DLL" adapterTypeName="Microsoft.VisualStudio.TestTools.TestTypes.Unit.UnitTestAdapter, Microsoft.VisualStudio.QualityTools.Tips.UnitTest.Adapter, Version=10.0.0.0, Culture=neutral, PublicKeyToken=b03f5f7f11d50a3a" className="Tests.ClienteRepositorioTest, Tests, Version=1.0.0.0, Culture=neutral, PublicKeyToken=null" name="actualizarClienteTest" />
    </UnitTest>
    <UnitTest name="actualizaArticuloTest" storage="c:\users\diego\documents\visual studio 2010\projects\uniprof\tests\bin\release\tests.dll" id="4b4cc00b-440a-fb3e-bf1c-58f18a59fbb6">
      <Execution id="f4e46756-8ce1-4511-a75e-2605e02dc871" />
      <TestMethod codeBase="C:/Users/Diego/Documents/Visual Studio 2010/Projects/Uniprof/Tests/bin/Release/Tests.DLL" adapterTypeName="Microsoft.VisualStudio.TestTools.TestTypes.Unit.UnitTestAdapter, Microsoft.VisualStudio.QualityTools.Tips.UnitTest.Adapter, Version=10.0.0.0, Culture=neutral, PublicKeyToken=b03f5f7f11d50a3a" className="Tests.ArticuloBusinessTest, Tests, Version=1.0.0.0, Culture=neutral, PublicKeyToken=null" name="actualizaArticuloTest" />
    </UnitTest>
    <UnitTest name="calcularDistanciaEntreTrabajosTest1" storage="c:\users\diego\documents\visual studio 2010\projects\uniprof\tests\bin\release\tests.dll" id="c17e6f29-704e-75d9-e266-2faaf40f3e21">
      <Execution id="b8ac67c2-3c29-4422-891a-599f26e8cd48" />
      <TestMethod codeBase="C:/Users/Diego/Documents/Visual Studio 2010/Projects/Uniprof/Tests/bin/Release/Tests.DLL" adapterTypeName="Microsoft.VisualStudio.TestTools.TestTypes.Unit.UnitTestAdapter, Microsoft.VisualStudio.QualityTools.Tips.UnitTest.Adapter, Version=10.0.0.0, Culture=neutral, PublicKeyToken=b03f5f7f11d50a3a" className="Tests.ProduccionBusinessTest, Tests, Version=1.0.0.0, Culture=neutral, PublicKeyToken=null" name="calcularDistanciaEntreTrabajosTest1" />
    </UnitTest>
    <UnitTest name="cargarFamiliasPorUsuarioTest" storage="c:\users\diego\documents\visual studio 2010\projects\uniprof\tests\bin\release\tests.dll" id="d1a8787a-d877-64a2-00b1-470142ee8a14">
      <Execution id="3f72e74f-5e16-46ec-98cf-cc57354334f2" />
      <TestMethod codeBase="C:/Users/Diego/Documents/Visual Studio 2010/Projects/Uniprof/Tests/bin/Release/Tests.DLL" adapterTypeName="Microsoft.VisualStudio.TestTools.TestTypes.Unit.UnitTestAdapter, Microsoft.VisualStudio.QualityTools.Tips.UnitTest.Adapter, Version=10.0.0.0, Culture=neutral, PublicKeyToken=b03f5f7f11d50a3a" className="Tests.FamiliaTDGTest, Tests, Version=1.0.0.0, Culture=neutral, PublicKeyToken=null" name="cargarFamiliasPorUsuarioTest" />
    </UnitTest>
    <UnitTest name="buscarPrendasPorIDTest" storage="c:\users\diego\documents\visual studio 2010\projects\uniprof\tests\bin\release\tests.dll" id="7f10aeee-1e6d-047f-bf86-9fb35cb9cbd0">
      <Execution id="c04c877f-7294-444b-84f8-d768b4ab98ba" />
      <TestMethod codeBase="C:/Users/Diego/Documents/Visual Studio 2010/Projects/Uniprof/Tests/bin/Release/Tests.DLL" adapterTypeName="Microsoft.VisualStudio.TestTools.TestTypes.Unit.UnitTestAdapter, Microsoft.VisualStudio.QualityTools.Tips.UnitTest.Adapter, Version=10.0.0.0, Culture=neutral, PublicKeyToken=b03f5f7f11d50a3a" className="Tests.TipoPrendaRepositorioTest, Tests, Version=1.0.0.0, Culture=neutral, PublicKeyToken=null" name="buscarPrendasPorIDTest" />
    </UnitTest>
    <UnitTest name="buscarPrimerosHuecosMaquinaTest3" storage="c:\users\diego\documents\visual studio 2010\projects\uniprof\tests\bin\release\tests.dll" id="8e0c723b-e192-342e-eb9f-eccfedfe5ca1">
      <Execution id="7a98b00d-0908-41f6-9bd3-181513dbe2af" />
      <TestMethod codeBase="C:/Users/Diego/Documents/Visual Studio 2010/Projects/Uniprof/Tests/bin/Release/Tests.DLL" adapterTypeName="Microsoft.VisualStudio.TestTools.TestTypes.Unit.UnitTestAdapter, Microsoft.VisualStudio.QualityTools.Tips.UnitTest.Adapter, Version=10.0.0.0, Culture=neutral, PublicKeyToken=b03f5f7f11d50a3a" className="Tests.ProduccionBusinessTest, Tests, Version=1.0.0.0, Culture=neutral, PublicKeyToken=null" name="buscarPrimerosHuecosMaquinaTest3" />
    </UnitTest>
    <UnitTest name="buscarProveedorPorCodigoTest" storage="c:\users\diego\documents\visual studio 2010\projects\uniprof\tests\bin\release\tests.dll" id="9853b2bf-c35b-f18f-c067-26f1d74150ec">
      <Execution id="9df1169c-281d-4f6f-8594-e3fc8ed09b6b" />
      <TestMethod codeBase="C:/Users/Diego/Documents/Visual Studio 2010/Projects/Uniprof/Tests/bin/Release/Tests.DLL" adapterTypeName="Microsoft.VisualStudio.TestTools.TestTypes.Unit.UnitTestAdapter, Microsoft.VisualStudio.QualityTools.Tips.UnitTest.Adapter, Version=10.0.0.0, Culture=neutral, PublicKeyToken=b03f5f7f11d50a3a" className="Tests.ProveedorRepositorioTest, Tests, Version=1.0.0.0, Culture=neutral, PublicKeyToken=null" name="buscarProveedorPorCodigoTest" />
    </UnitTest>
    <UnitTest name="buscarEstadosTest" storage="c:\users\diego\documents\visual studio 2010\projects\uniprof\tests\bin\release\tests.dll" id="34308cfd-d506-0b0a-6562-a4e0e8e6e9f3">
      <Execution id="289c4502-75a0-4a32-a3b1-92b0b87daba4" />
      <TestMethod codeBase="C:/Users/Diego/Documents/Visual Studio 2010/Projects/Uniprof/Tests/bin/Release/Tests.DLL" adapterTypeName="Microsoft.VisualStudio.TestTools.TestTypes.Unit.UnitTestAdapter, Microsoft.VisualStudio.QualityTools.Tips.UnitTest.Adapter, Version=10.0.0.0, Culture=neutral, PublicKeyToken=b03f5f7f11d50a3a" className="Tests.EstadoPedidoTDGTest, Tests, Version=1.0.0.0, Culture=neutral, PublicKeyToken=null" name="buscarEstadosTest" />
    </UnitTest>
    <UnitTest name="buscarPrimerosHuecosMaquinaTest5" storage="c:\users\diego\documents\visual studio 2010\projects\uniprof\tests\bin\release\tests.dll" id="5c26e5bc-173f-d60e-f76c-ab3d9a4b4531">
      <Execution id="e15d9572-c8b4-44e5-8b6b-82044c770380" />
      <TestMethod codeBase="C:/Users/Diego/Documents/Visual Studio 2010/Projects/Uniprof/Tests/bin/Release/Tests.DLL" adapterTypeName="Microsoft.VisualStudio.TestTools.TestTypes.Unit.UnitTestAdapter, Microsoft.VisualStudio.QualityTools.Tips.UnitTest.Adapter, Version=10.0.0.0, Culture=neutral, PublicKeyToken=b03f5f7f11d50a3a" className="Tests.ProduccionBusinessTest, Tests, Version=1.0.0.0, Culture=neutral, PublicKeyToken=null" name="buscarPrimerosHuecosMaquinaTest5" />
    </UnitTest>
    <UnitTest name="borrarMensajeTest" storage="c:\users\diego\documents\visual studio 2010\projects\uniprof\tests\bin\release\tests.dll" id="88295536-741f-3a89-ef69-1ec7d6b91f08">
      <Execution id="eee921f9-5de0-4fae-a1bc-adaebe175509" />
      <TestMethod codeBase="C:/Users/Diego/Documents/Visual Studio 2010/Projects/Uniprof/Tests/bin/Release/Tests.DLL" adapterTypeName="Microsoft.VisualStudio.TestTools.TestTypes.Unit.UnitTestAdapter, Microsoft.VisualStudio.QualityTools.Tips.UnitTest.Adapter, Version=10.0.0.0, Culture=neutral, PublicKeyToken=b03f5f7f11d50a3a" className="Tests.ConversacionTDGTest, Tests, Version=1.0.0.0, Culture=neutral, PublicKeyToken=null" name="borrarMensajeTest" />
    </UnitTest>
    <UnitTest name="cargarPatentesPorUsuarioTest" storage="c:\users\diego\documents\visual studio 2010\projects\uniprof\tests\bin\release\tests.dll" id="4075ee85-dce8-0a59-bbe2-572b6c1b6a07">
      <Execution id="d5a927fb-ded3-43c5-a6ee-23b4842f6361" />
      <TestMethod codeBase="C:/Users/Diego/Documents/Visual Studio 2010/Projects/Uniprof/Tests/bin/Release/Tests.DLL" adapterTypeName="Microsoft.VisualStudio.TestTools.TestTypes.Unit.UnitTestAdapter, Microsoft.VisualStudio.QualityTools.Tips.UnitTest.Adapter, Version=10.0.0.0, Culture=neutral, PublicKeyToken=b03f5f7f11d50a3a" className="Tests.PatenteRepositorioTest, Tests, Version=1.0.0.0, Culture=neutral, PublicKeyToken=null" name="cargarPatentesPorUsuarioTest" />
    </UnitTest>
    <UnitTest name="calcularFinalizacionTest4" storage="c:\users\diego\documents\visual studio 2010\projects\uniprof\tests\bin\release\tests.dll" id="93f8ff39-718d-999f-f07f-06a3b12e22dd">
      <Execution id="361e8c16-5f16-42b1-90d3-2786af0b5e72" />
      <TestMethod codeBase="C:/Users/Diego/Documents/Visual Studio 2010/Projects/Uniprof/Tests/bin/Release/Tests.DLL" adapterTypeName="Microsoft.VisualStudio.TestTools.TestTypes.Unit.UnitTestAdapter, Microsoft.VisualStudio.QualityTools.Tips.UnitTest.Adapter, Version=10.0.0.0, Culture=neutral, PublicKeyToken=b03f5f7f11d50a3a" className="Tests.ProduccionBusinessTest, Tests, Version=1.0.0.0, Culture=neutral, PublicKeyToken=null" name="calcularFinalizacionTest4" />
    </UnitTest>
    <UnitTest name="buscarMovimintosTest" storage="c:\users\diego\documents\visual studio 2010\projects\uniprof\tests\bin\release\tests.dll" id="b09e98eb-5e7b-17f1-4a91-35133c7055e9">
      <Execution id="adef93ca-1e0c-4441-8b28-367868203827" />
      <TestMethod codeBase="C:/Users/Diego/Documents/Visual Studio 2010/Projects/Uniprof/Tests/bin/Release/Tests.DLL" adapterTypeName="Microsoft.VisualStudio.TestTools.TestTypes.Unit.UnitTestAdapter, Microsoft.VisualStudio.QualityTools.Tips.UnitTest.Adapter, Version=10.0.0.0, Culture=neutral, PublicKeyToken=b03f5f7f11d50a3a" className="Tests.MovimientoCuentaClienteRepositorioTest, Tests, Version=1.0.0.0, Culture=neutral, PublicKeyToken=null" name="buscarMovimintosTest" />
    </UnitTest>
    <UnitTest name="listarFacturaPorMovimientoTest" storage="c:\users\diego\documents\visual studio 2010\projects\uniprof\tests\bin\release\tests.dll" id="37b5db64-970d-c293-40fd-5d0b9fe33e03">
      <Execution id="bf11f2f1-f581-47dd-a6ca-d55d7e7d857e" />
      <TestMethod codeBase="C:/Users/Diego/Documents/Visual Studio 2010/Projects/Uniprof/Tests/bin/Release/Tests.DLL" adapterTypeName="Microsoft.VisualStudio.TestTools.TestTypes.Unit.UnitTestAdapter, Microsoft.VisualStudio.QualityTools.Tips.UnitTest.Adapter, Version=10.0.0.0, Culture=neutral, PublicKeyToken=b03f5f7f11d50a3a" className="Tests.FacturaRepositorioTest, Tests, Version=1.0.0.0, Culture=neutral, PublicKeyToken=null" name="listarFacturaPorMovimientoTest" />
    </UnitTest>
    <UnitTest name="cargarListaPrecioTest" storage="c:\users\diego\documents\visual studio 2010\projects\uniprof\tests\bin\release\tests.dll" id="65f33339-f5f5-af8d-e74e-57a59876466d">
      <Execution id="404da7cd-46b0-4111-9664-b182c421beb6" />
      <TestMethod codeBase="C:/Users/Diego/Documents/Visual Studio 2010/Projects/Uniprof/Tests/bin/Release/Tests.DLL" adapterTypeName="Microsoft.VisualStudio.TestTools.TestTypes.Unit.UnitTestAdapter, Microsoft.VisualStudio.QualityTools.Tips.UnitTest.Adapter, Version=10.0.0.0, Culture=neutral, PublicKeyToken=b03f5f7f11d50a3a" className="Tests.ListaPreciosTDGTest, Tests, Version=1.0.0.0, Culture=neutral, PublicKeyToken=null" name="cargarListaPrecioTest" />
    </UnitTest>
    <UnitTest name="grabarPrendaTest" storage="c:\users\diego\documents\visual studio 2010\projects\uniprof\tests\bin\release\tests.dll" id="47539572-8702-25fd-25db-bd0bdd8958b7">
      <Execution id="e3e06fd7-0ede-49e1-98ca-d05ac2557ecf" />
      <TestMethod codeBase="C:/Users/Diego/Documents/Visual Studio 2010/Projects/Uniprof/Tests/bin/Release/Tests.DLL" adapterTypeName="Microsoft.VisualStudio.TestTools.TestTypes.Unit.UnitTestAdapter, Microsoft.VisualStudio.QualityTools.Tips.UnitTest.Adapter, Version=10.0.0.0, Culture=neutral, PublicKeyToken=b03f5f7f11d50a3a" className="Tests.TipoPrendaRepositorioTest, Tests, Version=1.0.0.0, Culture=neutral, PublicKeyToken=null" name="grabarPrendaTest" />
    </UnitTest>
    <UnitTest name="actualizarMovimientoTest" storage="c:\users\diego\documents\visual studio 2010\projects\uniprof\tests\bin\release\tests.dll" id="10b4c1e2-77e8-b6fe-ff2c-b75bd78a1790">
      <Execution id="5dee72fe-55d7-4988-8f7b-e116ee58bf81" />
      <TestMethod codeBase="C:/Users/Diego/Documents/Visual Studio 2010/Projects/Uniprof/Tests/bin/Release/Tests.DLL" adapterTypeName="Microsoft.VisualStudio.TestTools.TestTypes.Unit.UnitTestAdapter, Microsoft.VisualStudio.QualityTools.Tips.UnitTest.Adapter, Version=10.0.0.0, Culture=neutral, PublicKeyToken=b03f5f7f11d50a3a" className="Tests.MovimientoCuentaClienteRepositorioTest, Tests, Version=1.0.0.0, Culture=neutral, PublicKeyToken=null" name="actualizarMovimientoTest" />
    </UnitTest>
    <UnitTest name="listarArticulosPorDiseñoTest" storage="c:\users\diego\documents\visual studio 2010\projects\uniprof\tests\bin\release\tests.dll" id="16d2afdb-fcf6-6658-1d97-2e6156bb9c19">
      <Execution id="9f9b70d1-223d-4b27-9d44-ff5ce2b8e494" />
      <TestMethod codeBase="C:/Users/Diego/Documents/Visual Studio 2010/Projects/Uniprof/Tests/bin/Release/Tests.DLL" adapterTypeName="Microsoft.VisualStudio.TestTools.TestTypes.Unit.UnitTestAdapter, Microsoft.VisualStudio.QualityTools.Tips.UnitTest.Adapter, Version=10.0.0.0, Culture=neutral, PublicKeyToken=b03f5f7f11d50a3a" className="Tests.ArticuloBusinessTest, Tests, Version=1.0.0.0, Culture=neutral, PublicKeyToken=null" name="listarArticulosPorDiseñoTest" />
    </UnitTest>
    <UnitTest name="grabarNewsletterTest" storage="c:\users\diego\documents\visual studio 2010\projects\uniprof\tests\bin\release\tests.dll" id="ccb6e01a-8e1d-d753-d587-f8c1f14a9dc4">
      <Execution id="fc7949e4-cfc2-4eb8-a4ce-9cc56e343f4b" />
      <TestMethod codeBase="C:/Users/Diego/Documents/Visual Studio 2010/Projects/Uniprof/Tests/bin/Release/Tests.DLL" adapterTypeName="Microsoft.VisualStudio.TestTools.TestTypes.Unit.UnitTestAdapter, Microsoft.VisualStudio.QualityTools.Tips.UnitTest.Adapter, Version=10.0.0.0, Culture=neutral, PublicKeyToken=b03f5f7f11d50a3a" className="Tests.NewsletterRepositorioTest, Tests, Version=1.0.0.0, Culture=neutral, PublicKeyToken=null" name="grabarNewsletterTest" />
    </UnitTest>
    <UnitTest name="buscarOperadoresConRestriccionesTest" storage="c:\users\diego\documents\visual studio 2010\projects\uniprof\tests\bin\release\tests.dll" id="8e175a1e-ad15-cbe9-eb2b-34d47332acea">
      <Execution id="3e2f36de-2783-4169-95a7-f70c14dd21ce" />
      <TestMethod codeBase="C:/Users/Diego/Documents/Visual Studio 2010/Projects/Uniprof/Tests/bin/Release/Tests.DLL" adapterTypeName="Microsoft.VisualStudio.TestTools.TestTypes.Unit.UnitTestAdapter, Microsoft.VisualStudio.QualityTools.Tips.UnitTest.Adapter, Version=10.0.0.0, Culture=neutral, PublicKeyToken=b03f5f7f11d50a3a" className="Tests.OperadorTDGTest, Tests, Version=1.0.0.0, Culture=neutral, PublicKeyToken=null" name="buscarOperadoresConRestriccionesTest" />
    </UnitTest>
    <UnitTest name="buscarNewsletterPorIDTest" storage="c:\users\diego\documents\visual studio 2010\projects\uniprof\tests\bin\release\tests.dll" id="132dbdad-c767-c70b-4154-f7166132216a">
      <Execution id="926b5e35-13c9-4a28-85bc-fab61497bf4f" />
      <TestMethod codeBase="C:/Users/Diego/Documents/Visual Studio 2010/Projects/Uniprof/Tests/bin/Release/Tests.DLL" adapterTypeName="Microsoft.VisualStudio.TestTools.TestTypes.Unit.UnitTestAdapter, Microsoft.VisualStudio.QualityTools.Tips.UnitTest.Adapter, Version=10.0.0.0, Culture=neutral, PublicKeyToken=b03f5f7f11d50a3a" className="Tests.NewsletterTDGTest, Tests, Version=1.0.0.0, Culture=neutral, PublicKeyToken=null" name="buscarNewsletterPorIDTest" />
    </UnitTest>
    <UnitTest name="buscarEstadosPorIdTest" storage="c:\users\diego\documents\visual studio 2010\projects\uniprof\tests\bin\release\tests.dll" id="9abfd9c9-a69f-e14e-a283-753aea9711be">
      <Execution id="cf435e31-3772-4387-b038-e221c244e78b" />
      <TestMethod codeBase="C:/Users/Diego/Documents/Visual Studio 2010/Projects/Uniprof/Tests/bin/Release/Tests.DLL" adapterTypeName="Microsoft.VisualStudio.TestTools.TestTypes.Unit.UnitTestAdapter, Microsoft.VisualStudio.QualityTools.Tips.UnitTest.Adapter, Version=10.0.0.0, Culture=neutral, PublicKeyToken=b03f5f7f11d50a3a" className="Tests.EstadoDiseñoTDGTest, Tests, Version=1.0.0.0, Culture=neutral, PublicKeyToken=null" name="buscarEstadosPorIdTest" />
    </UnitTest>
    <UnitTest name="borrarLineaTest" storage="c:\users\diego\documents\visual studio 2010\projects\uniprof\tests\bin\release\tests.dll" id="1e112e87-ecd4-bbc8-5f74-eb12a4718023">
      <Execution id="d0fc8c6f-8b33-4237-b431-dfd4b88154fc" />
      <TestMethod codeBase="C:/Users/Diego/Documents/Visual Studio 2010/Projects/Uniprof/Tests/bin/Release/Tests.DLL" adapterTypeName="Microsoft.VisualStudio.TestTools.TestTypes.Unit.UnitTestAdapter, Microsoft.VisualStudio.QualityTools.Tips.UnitTest.Adapter, Version=10.0.0.0, Culture=neutral, PublicKeyToken=b03f5f7f11d50a3a" className="Tests.LineaFacturaTDGTest, Tests, Version=1.0.0.0, Culture=neutral, PublicKeyToken=null" name="borrarLineaTest" />
    </UnitTest>
    <UnitTest name="cargarOrdenConRestriccionesTest" storage="c:\users\diego\documents\visual studio 2010\projects\uniprof\tests\bin\release\tests.dll" id="3022c4e6-888b-2dda-b879-e60c04b5e600">
      <Execution id="07386547-1c16-48e0-aee2-b4c96b506839" />
      <TestMethod codeBase="C:/Users/Diego/Documents/Visual Studio 2010/Projects/Uniprof/Tests/bin/Release/Tests.DLL" adapterTypeName="Microsoft.VisualStudio.TestTools.TestTypes.Unit.UnitTestAdapter, Microsoft.VisualStudio.QualityTools.Tips.UnitTest.Adapter, Version=10.0.0.0, Culture=neutral, PublicKeyToken=b03f5f7f11d50a3a" className="Tests.OrdenDeCompraTDGTest, Tests, Version=1.0.0.0, Culture=neutral, PublicKeyToken=null" name="cargarOrdenConRestriccionesTest" />
    </UnitTest>
    <UnitTest name="cargarOrdenesDeComprasTest" storage="c:\users\diego\documents\visual studio 2010\projects\uniprof\tests\bin\release\tests.dll" id="d40feea3-8180-d822-1bc4-ef1286a37118">
      <Execution id="53c2b0ee-5995-4f01-afd1-176f4fe369b0" />
      <TestMethod codeBase="C:/Users/Diego/Documents/Visual Studio 2010/Projects/Uniprof/Tests/bin/Release/Tests.DLL" adapterTypeName="Microsoft.VisualStudio.TestTools.TestTypes.Unit.UnitTestAdapter, Microsoft.VisualStudio.QualityTools.Tips.UnitTest.Adapter, Version=10.0.0.0, Culture=neutral, PublicKeyToken=b03f5f7f11d50a3a" className="Tests.OrdenDeCompraTDGTest, Tests, Version=1.0.0.0, Culture=neutral, PublicKeyToken=null" name="cargarOrdenesDeComprasTest" />
    </UnitTest>
    <UnitTest name="grabarInsumoTest" storage="c:\users\diego\documents\visual studio 2010\projects\uniprof\tests\bin\release\tests.dll" id="67103975-0d80-6dc0-3e73-31c64db0977f">
      <Execution id="47c5eb86-3ca8-4b97-aab1-353b64a0ef30" />
      <TestMethod codeBase="C:/Users/Diego/Documents/Visual Studio 2010/Projects/Uniprof/Tests/bin/Release/Tests.DLL" adapterTypeName="Microsoft.VisualStudio.TestTools.TestTypes.Unit.UnitTestAdapter, Microsoft.VisualStudio.QualityTools.Tips.UnitTest.Adapter, Version=10.0.0.0, Culture=neutral, PublicKeyToken=b03f5f7f11d50a3a" className="Tests.InsumoBusinessTest, Tests, Version=1.0.0.0, Culture=neutral, PublicKeyToken=null" name="grabarInsumoTest" />
    </UnitTest>
    <UnitTest name="listarProduccionPorMaquinaTest" storage="c:\users\diego\documents\visual studio 2010\projects\uniprof\tests\bin\release\tests.dll" id="399698d6-d910-1ab1-d972-fb6aa80639ce">
      <Execution id="689c8f84-9fa4-40c1-963e-82195c44c21c" />
      <TestMethod codeBase="C:/Users/Diego/Documents/Visual Studio 2010/Projects/Uniprof/Tests/bin/Release/Tests.DLL" adapterTypeName="Microsoft.VisualStudio.TestTools.TestTypes.Unit.UnitTestAdapter, Microsoft.VisualStudio.QualityTools.Tips.UnitTest.Adapter, Version=10.0.0.0, Culture=neutral, PublicKeyToken=b03f5f7f11d50a3a" className="Tests.ProduccionRepositorioTest, Tests, Version=1.0.0.0, Culture=neutral, PublicKeyToken=null" name="listarProduccionPorMaquinaTest" />
    </UnitTest>
    <UnitTest name="modificarMensajeTest" storage="c:\users\diego\documents\visual studio 2010\projects\uniprof\tests\bin\release\tests.dll" id="dea2dc86-55fc-7dd0-68c2-4ac2d970ca43">
      <Execution id="b71d588b-aea5-4f49-a7de-d3aaf1fddcd4" />
      <TestMethod codeBase="C:/Users/Diego/Documents/Visual Studio 2010/Projects/Uniprof/Tests/bin/Release/Tests.DLL" adapterTypeName="Microsoft.VisualStudio.TestTools.TestTypes.Unit.UnitTestAdapter, Microsoft.VisualStudio.QualityTools.Tips.UnitTest.Adapter, Version=10.0.0.0, Culture=neutral, PublicKeyToken=b03f5f7f11d50a3a" className="Tests.MensajeTDGTest, Tests, Version=1.0.0.0, Culture=neutral, PublicKeyToken=null" name="modificarMensajeTest" />
    </UnitTest>
    <UnitTest name="calcularDistanciaEntreTrabajosTest4" storage="c:\users\diego\documents\visual studio 2010\projects\uniprof\tests\bin\release\tests.dll" id="db7e1c98-1137-e435-bbb3-bf8f5402bfbf">
      <Execution id="d87fbc65-44de-482e-83b8-b96eabd86d2f" />
      <TestMethod codeBase="C:/Users/Diego/Documents/Visual Studio 2010/Projects/Uniprof/Tests/bin/Release/Tests.DLL" adapterTypeName="Microsoft.VisualStudio.TestTools.TestTypes.Unit.UnitTestAdapter, Microsoft.VisualStudio.QualityTools.Tips.UnitTest.Adapter, Version=10.0.0.0, Culture=neutral, PublicKeyToken=b03f5f7f11d50a3a" className="Tests.ProduccionBusinessTest, Tests, Version=1.0.0.0, Culture=neutral, PublicKeyToken=null" name="calcularDistanciaEntreTrabajosTest4" />
    </UnitTest>
    <UnitTest name="grabarTipoPedidosTest" storage="c:\users\diego\documents\visual studio 2010\projects\uniprof\tests\bin\release\tests.dll" id="c37440e9-11a5-99b5-8db4-69844a9128f1">
      <Execution id="0da61404-00df-4310-8b91-2d44f89dff1c" />
      <TestMethod codeBase="C:/Users/Diego/Documents/Visual Studio 2010/Projects/Uniprof/Tests/bin/Release/Tests.DLL" adapterTypeName="Microsoft.VisualStudio.TestTools.TestTypes.Unit.UnitTestAdapter, Microsoft.VisualStudio.QualityTools.Tips.UnitTest.Adapter, Version=10.0.0.0, Culture=neutral, PublicKeyToken=b03f5f7f11d50a3a" className="Tests.TipoPedidoTDGTest, Tests, Version=1.0.0.0, Culture=neutral, PublicKeyToken=null" name="grabarTipoPedidosTest" />
    </UnitTest>
    <UnitTest name="GuardarPedidoTest" storage="c:\users\diego\documents\visual studio 2010\projects\uniprof\tests\bin\release\tests.dll" id="4ab5b9e6-5b30-baa0-2e6d-fac9df442766">
      <Execution id="e95554c8-a799-41e3-b34d-c67da6f9dc71" />
      <TestMethod codeBase="C:/Users/Diego/Documents/Visual Studio 2010/Projects/Uniprof/Tests/bin/Release/Tests.DLL" adapterTypeName="Microsoft.VisualStudio.TestTools.TestTypes.Unit.UnitTestAdapter, Microsoft.VisualStudio.QualityTools.Tips.UnitTest.Adapter, Version=10.0.0.0, Culture=neutral, PublicKeyToken=b03f5f7f11d50a3a" className="Tests.PedidoBusinessTest, Tests, Version=1.0.0.0, Culture=neutral, PublicKeyToken=null" name="GuardarPedidoTest" />
    </UnitTest>
    <UnitTest name="modificarListaPrecioTest" storage="c:\users\diego\documents\visual studio 2010\projects\uniprof\tests\bin\release\tests.dll" id="5e0dec84-1eed-840d-bf51-237b2ddbdebf">
      <Execution id="26384f5e-6797-4f67-b103-1515fea17b62" />
      <TestMethod codeBase="C:/Users/Diego/Documents/Visual Studio 2010/Projects/Uniprof/Tests/bin/Release/Tests.DLL" adapterTypeName="Microsoft.VisualStudio.TestTools.TestTypes.Unit.UnitTestAdapter, Microsoft.VisualStudio.QualityTools.Tips.UnitTest.Adapter, Version=10.0.0.0, Culture=neutral, PublicKeyToken=b03f5f7f11d50a3a" className="Tests.ListaPreciosTDGTest, Tests, Version=1.0.0.0, Culture=neutral, PublicKeyToken=null" name="modificarListaPrecioTest" />
    </UnitTest>
    <UnitTest name="listarMovimientosTest" storage="c:\users\diego\documents\visual studio 2010\projects\uniprof\tests\bin\release\tests.dll" id="cf88dd92-747e-1a79-8f2c-fc0e3f9b0004">
      <Execution id="892c729b-f6d8-42ab-8e53-d916222488f4" />
      <TestMethod codeBase="C:/Users/Diego/Documents/Visual Studio 2010/Projects/Uniprof/Tests/bin/Release/Tests.DLL" adapterTypeName="Microsoft.VisualStudio.TestTools.TestTypes.Unit.UnitTestAdapter, Microsoft.VisualStudio.QualityTools.Tips.UnitTest.Adapter, Version=10.0.0.0, Culture=neutral, PublicKeyToken=b03f5f7f11d50a3a" className="Tests.MovimientoClienteBusinessTest, Tests, Version=1.0.0.0, Culture=neutral, PublicKeyToken=null" name="listarMovimientosTest" />
    </UnitTest>
    <UnitTest name="grabarLineaTest" storage="c:\users\diego\documents\visual studio 2010\projects\uniprof\tests\bin\release\tests.dll" id="92b34578-8935-0a46-8dd9-4af3ba2aba99">
      <Execution id="9abdccd0-98ce-4ff2-919f-8a3fbd8de580" />
      <TestMethod codeBase="C:/Users/Diego/Documents/Visual Studio 2010/Projects/Uniprof/Tests/bin/Release/Tests.DLL" adapterTypeName="Microsoft.VisualStudio.TestTools.TestTypes.Unit.UnitTestAdapter, Microsoft.VisualStudio.QualityTools.Tips.UnitTest.Adapter, Version=10.0.0.0, Culture=neutral, PublicKeyToken=b03f5f7f11d50a3a" className="Tests.LineaOrdenDeCompraTDGTest, Tests, Version=1.0.0.0, Culture=neutral, PublicKeyToken=null" name="grabarLineaTest" />
    </UnitTest>
    <UnitTest name="GrabarDiseñoTest" storage="c:\users\diego\documents\visual studio 2010\projects\uniprof\tests\bin\release\tests.dll" id="a914285b-c2e0-dbc2-f99c-c0b34bf25408">
      <Execution id="f86d5de5-8948-4e01-9ec2-aac2b9f95616" />
      <TestMethod codeBase="C:/Users/Diego/Documents/Visual Studio 2010/Projects/Uniprof/Tests/bin/Release/Tests.DLL" adapterTypeName="Microsoft.VisualStudio.TestTools.TestTypes.Unit.UnitTestAdapter, Microsoft.VisualStudio.QualityTools.Tips.UnitTest.Adapter, Version=10.0.0.0, Culture=neutral, PublicKeyToken=b03f5f7f11d50a3a" className="Tests.DiseñoRepositorioTest, Tests, Version=1.0.0.0, Culture=neutral, PublicKeyToken=null" name="GrabarDiseñoTest" />
    </UnitTest>
    <UnitTest name="listarArticulosTest" storage="c:\users\diego\documents\visual studio 2010\projects\uniprof\tests\bin\release\tests.dll" id="353a1d2f-a022-ae0b-e495-9424c7779e0c">
      <Execution id="01ec3a79-826b-46be-81b0-38cd48fb2bb6" />
      <TestMethod codeBase="C:/Users/Diego/Documents/Visual Studio 2010/Projects/Uniprof/Tests/bin/Release/Tests.DLL" adapterTypeName="Microsoft.VisualStudio.TestTools.TestTypes.Unit.UnitTestAdapter, Microsoft.VisualStudio.QualityTools.Tips.UnitTest.Adapter, Version=10.0.0.0, Culture=neutral, PublicKeyToken=b03f5f7f11d50a3a" className="Tests.ArticuloRepositorioTest, Tests, Version=1.0.0.0, Culture=neutral, PublicKeyToken=null" name="listarArticulosTest" />
    </UnitTest>
    <UnitTest name="buscarProveedoresPorNombreTest" storage="c:\users\diego\documents\visual studio 2010\projects\uniprof\tests\bin\release\tests.dll" id="e97e5cde-c25e-cb0e-69db-a3582bc2ca43">
      <Execution id="30c7e9d2-5d2b-44c2-9bc5-e07095dbd1cd" />
      <TestMethod codeBase="C:/Users/Diego/Documents/Visual Studio 2010/Projects/Uniprof/Tests/bin/Release/Tests.DLL" adapterTypeName="Microsoft.VisualStudio.TestTools.TestTypes.Unit.UnitTestAdapter, Microsoft.VisualStudio.QualityTools.Tips.UnitTest.Adapter, Version=10.0.0.0, Culture=neutral, PublicKeyToken=b03f5f7f11d50a3a" className="Tests.ProveedorBusinessTest, Tests, Version=1.0.0.0, Culture=neutral, PublicKeyToken=null" name="buscarProveedoresPorNombreTest" />
    </UnitTest>
    <UnitTest name="listarOrdenDeComprasPorProveedorTest" storage="c:\users\diego\documents\visual studio 2010\projects\uniprof\tests\bin\release\tests.dll" id="bc6fbc6a-1040-2a7b-d37a-1937b6e2fa50">
      <Execution id="3a7dfe3b-d1c2-4a99-949c-9fae93f0badf" />
      <TestMethod codeBase="C:/Users/Diego/Documents/Visual Studio 2010/Projects/Uniprof/Tests/bin/Release/Tests.DLL" adapterTypeName="Microsoft.VisualStudio.TestTools.TestTypes.Unit.UnitTestAdapter, Microsoft.VisualStudio.QualityTools.Tips.UnitTest.Adapter, Version=10.0.0.0, Culture=neutral, PublicKeyToken=b03f5f7f11d50a3a" className="Tests.OrdenCompraRepositorioTest, Tests, Version=1.0.0.0, Culture=neutral, PublicKeyToken=null" name="listarOrdenDeComprasPorProveedorTest" />
    </UnitTest>
    <UnitTest name="borrarProveedorTest" storage="c:\users\diego\documents\visual studio 2010\projects\uniprof\tests\bin\release\tests.dll" id="4cc6b71b-462c-2bdc-f536-28b4d3d30de5">
      <Execution id="91a5d0a6-71d6-4f21-ad3d-c784374306c2" />
      <TestMethod codeBase="C:/Users/Diego/Documents/Visual Studio 2010/Projects/Uniprof/Tests/bin/Release/Tests.DLL" adapterTypeName="Microsoft.VisualStudio.TestTools.TestTypes.Unit.UnitTestAdapter, Microsoft.VisualStudio.QualityTools.Tips.UnitTest.Adapter, Version=10.0.0.0, Culture=neutral, PublicKeyToken=b03f5f7f11d50a3a" className="Tests.ProveedorTDGTest, Tests, Version=1.0.0.0, Culture=neutral, PublicKeyToken=null" name="borrarProveedorTest" />
    </UnitTest>
    <UnitTest name="grabarListaPrecioTest" storage="c:\users\diego\documents\visual studio 2010\projects\uniprof\tests\bin\release\tests.dll" id="0a8df61c-a62f-1c66-059f-875171321588">
      <Execution id="143a0e7a-e8bd-4ed3-a21a-cbdf291e2480" />
      <TestMethod codeBase="C:/Users/Diego/Documents/Visual Studio 2010/Projects/Uniprof/Tests/bin/Release/Tests.DLL" adapterTypeName="Microsoft.VisualStudio.TestTools.TestTypes.Unit.UnitTestAdapter, Microsoft.VisualStudio.QualityTools.Tips.UnitTest.Adapter, Version=10.0.0.0, Culture=neutral, PublicKeyToken=b03f5f7f11d50a3a" className="Tests.ListaPreciosTDGTest, Tests, Version=1.0.0.0, Culture=neutral, PublicKeyToken=null" name="grabarListaPrecioTest" />
    </UnitTest>
    <UnitTest name="buscarTipoPedidosTest" storage="c:\users\diego\documents\visual studio 2010\projects\uniprof\tests\bin\release\tests.dll" id="f6ab254b-b89e-8f66-b003-59dd11d22e62">
      <Execution id="f9775018-3d34-4539-941a-4836903eab28" />
      <TestMethod codeBase="C:/Users/Diego/Documents/Visual Studio 2010/Projects/Uniprof/Tests/bin/Release/Tests.DLL" adapterTypeName="Microsoft.VisualStudio.TestTools.TestTypes.Unit.UnitTestAdapter, Microsoft.VisualStudio.QualityTools.Tips.UnitTest.Adapter, Version=10.0.0.0, Culture=neutral, PublicKeyToken=b03f5f7f11d50a3a" className="Tests.TipoPedidoTDGTest, Tests, Version=1.0.0.0, Culture=neutral, PublicKeyToken=null" name="buscarTipoPedidosTest" />
    </UnitTest>
    <UnitTest name="listarOrdenDeComprasPorMovimientoTest" storage="c:\users\diego\documents\visual studio 2010\projects\uniprof\tests\bin\release\tests.dll" id="046d8853-4c4a-6ed7-e6b4-7cfe78d48668">
      <Execution id="3007550c-02b7-43de-aec2-befb59d9e3e5" />
      <TestMethod codeBase="C:/Users/Diego/Documents/Visual Studio 2010/Projects/Uniprof/Tests/bin/Release/Tests.DLL" adapterTypeName="Microsoft.VisualStudio.TestTools.TestTypes.Unit.UnitTestAdapter, Microsoft.VisualStudio.QualityTools.Tips.UnitTest.Adapter, Version=10.0.0.0, Culture=neutral, PublicKeyToken=b03f5f7f11d50a3a" className="Tests.OrdenCompraBusinessTest, Tests, Version=1.0.0.0, Culture=neutral, PublicKeyToken=null" name="listarOrdenDeComprasPorMovimientoTest" />
    </UnitTest>
    <UnitTest name="borrarMovimientosClienteTest" storage="c:\users\diego\documents\visual studio 2010\projects\uniprof\tests\bin\release\tests.dll" id="4128c841-fbe4-5443-0039-ee6ab9d8480a">
      <Execution id="e21d3c4b-d062-4166-b46a-fc126510f3ce" />
      <TestMethod codeBase="C:/Users/Diego/Documents/Visual Studio 2010/Projects/Uniprof/Tests/bin/Release/Tests.DLL" adapterTypeName="Microsoft.VisualStudio.TestTools.TestTypes.Unit.UnitTestAdapter, Microsoft.VisualStudio.QualityTools.Tips.UnitTest.Adapter, Version=10.0.0.0, Culture=neutral, PublicKeyToken=b03f5f7f11d50a3a" className="Tests.MovimientoCuentaClienteTDGTest, Tests, Version=1.0.0.0, Culture=neutral, PublicKeyToken=null" name="borrarMovimientosClienteTest" />
    </UnitTest>
    <UnitTest name="actualizaOrdenDeCompraTest" storage="c:\users\diego\documents\visual studio 2010\projects\uniprof\tests\bin\release\tests.dll" id="b2564a1d-a5df-de1a-d3dd-41d0e33b00f4">
      <Execution id="9e7c1fbd-c9f1-436a-97a8-cf7b05081181" />
      <TestMethod codeBase="C:/Users/Diego/Documents/Visual Studio 2010/Projects/Uniprof/Tests/bin/Release/Tests.DLL" adapterTypeName="Microsoft.VisualStudio.TestTools.TestTypes.Unit.UnitTestAdapter, Microsoft.VisualStudio.QualityTools.Tips.UnitTest.Adapter, Version=10.0.0.0, Culture=neutral, PublicKeyToken=b03f5f7f11d50a3a" className="Tests.OrdenCompraRepositorioTest, Tests, Version=1.0.0.0, Culture=neutral, PublicKeyToken=null" name="actualizaOrdenDeCompraTest" />
    </UnitTest>
    <UnitTest name="buscarEstadosPorIdTest" storage="c:\users\diego\documents\visual studio 2010\projects\uniprof\tests\bin\release\tests.dll" id="f384b49a-3778-3092-73a3-70a68b63c811">
      <Execution id="db4e3861-fc95-45bd-851e-7422114275a5" />
      <TestMethod codeBase="C:/Users/Diego/Documents/Visual Studio 2010/Projects/Uniprof/Tests/bin/Release/Tests.DLL" adapterTypeName="Microsoft.VisualStudio.TestTools.TestTypes.Unit.UnitTestAdapter, Microsoft.VisualStudio.QualityTools.Tips.UnitTest.Adapter, Version=10.0.0.0, Culture=neutral, PublicKeyToken=b03f5f7f11d50a3a" className="Tests.EstadoTrabajoTDGTest, Tests, Version=1.0.0.0, Culture=neutral, PublicKeyToken=null" name="buscarEstadosPorIdTest" />
    </UnitTest>
    <UnitTest name="buscarPorIdTest" storage="c:\users\diego\documents\visual studio 2010\projects\uniprof\tests\bin\release\tests.dll" id="77619216-98fe-f01d-d92b-ae2614d5a7c1">
      <Execution id="b0c52615-1b8e-4b7e-9c19-ef241962d8af" />
      <TestMethod codeBase="C:/Users/Diego/Documents/Visual Studio 2010/Projects/Uniprof/Tests/bin/Release/Tests.DLL" adapterTypeName="Microsoft.VisualStudio.TestTools.TestTypes.Unit.UnitTestAdapter, Microsoft.VisualStudio.QualityTools.Tips.UnitTest.Adapter, Version=10.0.0.0, Culture=neutral, PublicKeyToken=b03f5f7f11d50a3a" className="Tests.TipoMovimientoTDGTest, Tests, Version=1.0.0.0, Culture=neutral, PublicKeyToken=null" name="buscarPorIdTest" />
    </UnitTest>
    <UnitTest name="buscarPorDescripcionTest" storage="c:\users\diego\documents\visual studio 2010\projects\uniprof\tests\bin\release\tests.dll" id="5c85b597-4b7a-176d-3dac-461f2d66fe1b">
      <Execution id="846a65da-6e90-4055-8773-01947cfa3bfa" />
      <TestMethod codeBase="C:/Users/Diego/Documents/Visual Studio 2010/Projects/Uniprof/Tests/bin/Release/Tests.DLL" adapterTypeName="Microsoft.VisualStudio.TestTools.TestTypes.Unit.UnitTestAdapter, Microsoft.VisualStudio.QualityTools.Tips.UnitTest.Adapter, Version=10.0.0.0, Culture=neutral, PublicKeyToken=b03f5f7f11d50a3a" className="Tests.ProveedorTDGTest, Tests, Version=1.0.0.0, Culture=neutral, PublicKeyToken=null" name="buscarPorDescripcionTest" />
    </UnitTest>
    <UnitTest name="listarOpinionesPorMailTest" storage="c:\users\diego\documents\visual studio 2010\projects\uniprof\tests\bin\release\tests.dll" id="be2975a5-16cf-8b54-0e33-59e4bc6c38a6">
      <Execution id="b70a30e9-3931-4cec-80dd-750ccc11cb97" />
      <TestMethod codeBase="C:/Users/Diego/Documents/Visual Studio 2010/Projects/Uniprof/Tests/bin/Release/Tests.DLL" adapterTypeName="Microsoft.VisualStudio.TestTools.TestTypes.Unit.UnitTestAdapter, Microsoft.VisualStudio.QualityTools.Tips.UnitTest.Adapter, Version=10.0.0.0, Culture=neutral, PublicKeyToken=b03f5f7f11d50a3a" className="Tests.OpinionRepositorioTest, Tests, Version=1.0.0.0, Culture=neutral, PublicKeyToken=null" name="listarOpinionesPorMailTest" />
    </UnitTest>
    <UnitTest name="grabarMovimientosTest" storage="c:\users\diego\documents\visual studio 2010\projects\uniprof\tests\bin\release\tests.dll" id="7ef8ab41-162c-76bc-02f7-a575f043f7e4">
      <Execution id="afecc560-c666-4964-9f91-9560bb44c62f" />
      <TestMethod codeBase="C:/Users/Diego/Documents/Visual Studio 2010/Projects/Uniprof/Tests/bin/Release/Tests.DLL" adapterTypeName="Microsoft.VisualStudio.TestTools.TestTypes.Unit.UnitTestAdapter, Microsoft.VisualStudio.QualityTools.Tips.UnitTest.Adapter, Version=10.0.0.0, Culture=neutral, PublicKeyToken=b03f5f7f11d50a3a" className="Tests.MovimientoStockTDGTest, Tests, Version=1.0.0.0, Culture=neutral, PublicKeyToken=null" name="grabarMovimientosTest" />
    </UnitTest>
    <UnitTest name="buscarTodoTest" storage="c:\users\diego\documents\visual studio 2010\projects\uniprof\tests\bin\release\tests.dll" id="5136f8bc-ea30-8e7a-77a2-f46a924db348">
      <Execution id="77221cf8-7d60-4ae1-915f-3cc49f06c1bb" />
      <TestMethod codeBase="C:/Users/Diego/Documents/Visual Studio 2010/Projects/Uniprof/Tests/bin/Release/Tests.DLL" adapterTypeName="Microsoft.VisualStudio.TestTools.TestTypes.Unit.UnitTestAdapter, Microsoft.VisualStudio.QualityTools.Tips.UnitTest.Adapter, Version=10.0.0.0, Culture=neutral, PublicKeyToken=b03f5f7f11d50a3a" className="Tests.ProveedorTDGTest, Tests, Version=1.0.0.0, Culture=neutral, PublicKeyToken=null" name="buscarTodoTest" />
    </UnitTest>
    <UnitTest name="cargarFamiliasTest" storage="c:\users\diego\documents\visual studio 2010\projects\uniprof\tests\bin\release\tests.dll" id="6b7c36cd-44f4-1879-c115-f544d495b61e">
      <Execution id="6f2511c2-5c21-4da5-a708-c1c1edad3a49" />
      <TestMethod codeBase="C:/Users/Diego/Documents/Visual Studio 2010/Projects/Uniprof/Tests/bin/Release/Tests.DLL" adapterTypeName="Microsoft.VisualStudio.TestTools.TestTypes.Unit.UnitTestAdapter, Microsoft.VisualStudio.QualityTools.Tips.UnitTest.Adapter, Version=10.0.0.0, Culture=neutral, PublicKeyToken=b03f5f7f11d50a3a" className="Tests.PatenteTDGTest, Tests, Version=1.0.0.0, Culture=neutral, PublicKeyToken=null" name="cargarFamiliasTest" />
    </UnitTest>
    <UnitTest name="actualizarTipoPrendaTest" storage="c:\users\diego\documents\visual studio 2010\projects\uniprof\tests\bin\release\tests.dll" id="1fb18ed6-06da-35e1-ec67-5275eec70993">
      <Execution id="bd4945a3-049a-4d23-a44f-e5e96848cfa6" />
      <TestMethod codeBase="C:/Users/Diego/Documents/Visual Studio 2010/Projects/Uniprof/Tests/bin/Release/Tests.DLL" adapterTypeName="Microsoft.VisualStudio.TestTools.TestTypes.Unit.UnitTestAdapter, Microsoft.VisualStudio.QualityTools.Tips.UnitTest.Adapter, Version=10.0.0.0, Culture=neutral, PublicKeyToken=b03f5f7f11d50a3a" className="Tests.TipoPrendaBusinessTest, Tests, Version=1.0.0.0, Culture=neutral, PublicKeyToken=null" name="actualizarTipoPrendaTest" />
    </UnitTest>
    <UnitTest name="modificarUsuarioTest" storage="c:\users\diego\documents\visual studio 2010\projects\uniprof\tests\bin\release\tests.dll" id="1cbe2801-d19a-9274-15f8-0dba46344245">
      <Execution id="80a3a45b-9e8d-4be7-8f6e-e359da2d8a00" />
      <TestMethod codeBase="C:/Users/Diego/Documents/Visual Studio 2010/Projects/Uniprof/Tests/bin/Release/Tests.DLL" adapterTypeName="Microsoft.VisualStudio.TestTools.TestTypes.Unit.UnitTestAdapter, Microsoft.VisualStudio.QualityTools.Tips.UnitTest.Adapter, Version=10.0.0.0, Culture=neutral, PublicKeyToken=b03f5f7f11d50a3a" className="Tests.UsuarioBusinessTest, Tests, Version=1.0.0.0, Culture=neutral, PublicKeyToken=null" name="modificarUsuarioTest" />
    </UnitTest>
    <UnitTest name="cargarLineasPorOrdenDeCompraTest" storage="c:\users\diego\documents\visual studio 2010\projects\uniprof\tests\bin\release\tests.dll" id="5ffe0bd0-6148-b429-44ab-e9d370687b86">
      <Execution id="5015c009-b8ab-430e-ad0b-580d4f9cd751" />
      <TestMethod codeBase="C:/Users/Diego/Documents/Visual Studio 2010/Projects/Uniprof/Tests/bin/Release/Tests.DLL" adapterTypeName="Microsoft.VisualStudio.TestTools.TestTypes.Unit.UnitTestAdapter, Microsoft.VisualStudio.QualityTools.Tips.UnitTest.Adapter, Version=10.0.0.0, Culture=neutral, PublicKeyToken=b03f5f7f11d50a3a" className="Tests.LineaOrdenCompraRepositorioTest, Tests, Version=1.0.0.0, Culture=neutral, PublicKeyToken=null" name="cargarLineasPorOrdenDeCompraTest" />
    </UnitTest>
    <UnitTest name="grabarHistoricoEstadosTest" storage="c:\users\diego\documents\visual studio 2010\projects\uniprof\tests\bin\release\tests.dll" id="3f81de19-4fde-6528-9e0d-cf576c0d46aa">
      <Execution id="4e7bb2bf-1e7e-49e3-b56a-649e63e1a946" />
      <TestMethod codeBase="C:/Users/Diego/Documents/Visual Studio 2010/Projects/Uniprof/Tests/bin/Release/Tests.DLL" adapterTypeName="Microsoft.VisualStudio.TestTools.TestTypes.Unit.UnitTestAdapter, Microsoft.VisualStudio.QualityTools.Tips.UnitTest.Adapter, Version=10.0.0.0, Culture=neutral, PublicKeyToken=b03f5f7f11d50a3a" className="Tests.HistoricoEstadosPedidoTDGTest, Tests, Version=1.0.0.0, Culture=neutral, PublicKeyToken=null" name="grabarHistoricoEstadosTest" />
    </UnitTest>
    <UnitTest name="buscarPrendasTest" storage="c:\users\diego\documents\visual studio 2010\projects\uniprof\tests\bin\release\tests.dll" id="4b2e2241-5ba0-4bf3-a87c-c3b9957ec404">
      <Execution id="e784edca-2565-4d24-89fb-7b0a723c5100" />
      <TestMethod codeBase="C:/Users/Diego/Documents/Visual Studio 2010/Projects/Uniprof/Tests/bin/Release/Tests.DLL" adapterTypeName="Microsoft.VisualStudio.TestTools.TestTypes.Unit.UnitTestAdapter, Microsoft.VisualStudio.QualityTools.Tips.UnitTest.Adapter, Version=10.0.0.0, Culture=neutral, PublicKeyToken=b03f5f7f11d50a3a" className="Tests.TipoPrendaTDGTest, Tests, Version=1.0.0.0, Culture=neutral, PublicKeyToken=null" name="buscarPrendasTest" />
    </UnitTest>
    <UnitTest name="grabarInsumoTest" storage="c:\users\diego\documents\visual studio 2010\projects\uniprof\tests\bin\release\tests.dll" id="653a7294-5203-6cdc-ff9d-6ea30ca26aa9">
      <Execution id="e3be125d-d0a6-415b-9cc5-affd8b602f33" />
      <TestMethod codeBase="C:/Users/Diego/Documents/Visual Studio 2010/Projects/Uniprof/Tests/bin/Release/Tests.DLL" adapterTypeName="Microsoft.VisualStudio.TestTools.TestTypes.Unit.UnitTestAdapter, Microsoft.VisualStudio.QualityTools.Tips.UnitTest.Adapter, Version=10.0.0.0, Culture=neutral, PublicKeyToken=b03f5f7f11d50a3a" className="Tests.InsumoRepositorioTest, Tests, Version=1.0.0.0, Culture=neutral, PublicKeyToken=null" name="grabarInsumoTest" />
    </UnitTest>
    <UnitTest name="actualizarTipoPrendaTest" storage="c:\users\diego\documents\visual studio 2010\projects\uniprof\tests\bin\release\tests.dll" id="d9bcf618-cd6c-c93c-87f9-e64f86f63590">
      <Execution id="e7da9d09-9675-4c18-9c09-75d7cbe5aee3" />
      <TestMethod codeBase="C:/Users/Diego/Documents/Visual Studio 2010/Projects/Uniprof/Tests/bin/Release/Tests.DLL" adapterTypeName="Microsoft.VisualStudio.TestTools.TestTypes.Unit.UnitTestAdapter, Microsoft.VisualStudio.QualityTools.Tips.UnitTest.Adapter, Version=10.0.0.0, Culture=neutral, PublicKeyToken=b03f5f7f11d50a3a" className="Tests.TipoPrendaTDGTest, Tests, Version=1.0.0.0, Culture=neutral, PublicKeyToken=null" name="actualizarTipoPrendaTest" />
    </UnitTest>
    <UnitTest name="cargarMovimientosConRestriccionesTest" storage="c:\users\diego\documents\visual studio 2010\projects\uniprof\tests\bin\release\tests.dll" id="c736d05f-3776-7117-cc83-8e6ae9b75cf4">
      <Execution id="4fb288ea-6592-4cce-b787-cec563012812" />
      <TestMethod codeBase="C:/Users/Diego/Documents/Visual Studio 2010/Projects/Uniprof/Tests/bin/Release/Tests.DLL" adapterTypeName="Microsoft.VisualStudio.TestTools.TestTypes.Unit.UnitTestAdapter, Microsoft.VisualStudio.QualityTools.Tips.UnitTest.Adapter, Version=10.0.0.0, Culture=neutral, PublicKeyToken=b03f5f7f11d50a3a" className="Tests.MovimientoCuentaClienteTDGTest, Tests, Version=1.0.0.0, Culture=neutral, PublicKeyToken=null" name="cargarMovimientosConRestriccionesTest" />
    </UnitTest>
    <UnitTest name="actualizarClienteTest" storage="c:\users\diego\documents\visual studio 2010\projects\uniprof\tests\bin\release\tests.dll" id="e4e7695e-eb86-2e17-0da3-82500c958fe2">
      <Execution id="02374487-05ac-4b30-b0e6-75a117722268" />
      <TestMethod codeBase="C:/Users/Diego/Documents/Visual Studio 2010/Projects/Uniprof/Tests/bin/Release/Tests.DLL" adapterTypeName="Microsoft.VisualStudio.TestTools.TestTypes.Unit.UnitTestAdapter, Microsoft.VisualStudio.QualityTools.Tips.UnitTest.Adapter, Version=10.0.0.0, Culture=neutral, PublicKeyToken=b03f5f7f11d50a3a" className="Tests.UsuarioBusinessTest, Tests, Version=1.0.0.0, Culture=neutral, PublicKeyToken=null" name="actualizarClienteTest" />
    </UnitTest>
    <UnitTest name="borrarInsumoTest" storage="c:\users\diego\documents\visual studio 2010\projects\uniprof\tests\bin\release\tests.dll" id="5d5c620b-143e-df44-c141-574eca133b7a">
      <Execution id="c107de1f-ea34-4efc-93b9-70835d635571" />
      <TestMethod codeBase="C:/Users/Diego/Documents/Visual Studio 2010/Projects/Uniprof/Tests/bin/Release/Tests.DLL" adapterTypeName="Microsoft.VisualStudio.TestTools.TestTypes.Unit.UnitTestAdapter, Microsoft.VisualStudio.QualityTools.Tips.UnitTest.Adapter, Version=10.0.0.0, Culture=neutral, PublicKeyToken=b03f5f7f11d50a3a" className="Tests.InsumoTDGTest, Tests, Version=1.0.0.0, Culture=neutral, PublicKeyToken=null" name="borrarInsumoTest" />
    </UnitTest>
    <UnitTest name="cargarMaquinasConRestriccionesTest" storage="c:\users\diego\documents\visual studio 2010\projects\uniprof\tests\bin\release\tests.dll" id="c96dfb21-7af5-153f-a5d2-8445e5fcca59">
      <Execution id="2f67d784-0965-4da0-add7-8c4b63a4e96b" />
      <TestMethod codeBase="C:/Users/Diego/Documents/Visual Studio 2010/Projects/Uniprof/Tests/bin/Release/Tests.DLL" adapterTypeName="Microsoft.VisualStudio.TestTools.TestTypes.Unit.UnitTestAdapter, Microsoft.VisualStudio.QualityTools.Tips.UnitTest.Adapter, Version=10.0.0.0, Culture=neutral, PublicKeyToken=b03f5f7f11d50a3a" className="Tests.MaquinaTDGTest, Tests, Version=1.0.0.0, Culture=neutral, PublicKeyToken=null" name="cargarMaquinasConRestriccionesTest" />
    </UnitTest>
    <UnitTest name="cargarUsuarioConRestriccionesTest" storage="c:\users\diego\documents\visual studio 2010\projects\uniprof\tests\bin\release\tests.dll" id="a38bcda1-5217-b092-6b98-6582813fb5d1">
      <Execution id="42b9e522-ae25-4fe8-94a9-7aadba4ced20" />
      <TestMethod codeBase="C:/Users/Diego/Documents/Visual Studio 2010/Projects/Uniprof/Tests/bin/Release/Tests.DLL" adapterTypeName="Microsoft.VisualStudio.TestTools.TestTypes.Unit.UnitTestAdapter, Microsoft.VisualStudio.QualityTools.Tips.UnitTest.Adapter, Version=10.0.0.0, Culture=neutral, PublicKeyToken=b03f5f7f11d50a3a" className="Tests.UsuarioTDGTest, Tests, Version=1.0.0.0, Culture=neutral, PublicKeyToken=null" name="cargarUsuarioConRestriccionesTest" />
    </UnitTest>
    <UnitTest name="listarInsumosTest" storage="c:\users\diego\documents\visual studio 2010\projects\uniprof\tests\bin\release\tests.dll" id="e3b5610a-399f-d019-a8c3-fe5f24d0c8a6">
      <Execution id="1a3c1221-2790-4ec4-b167-a5ec44735d06" />
      <TestMethod codeBase="C:/Users/Diego/Documents/Visual Studio 2010/Projects/Uniprof/Tests/bin/Release/Tests.DLL" adapterTypeName="Microsoft.VisualStudio.TestTools.TestTypes.Unit.UnitTestAdapter, Microsoft.VisualStudio.QualityTools.Tips.UnitTest.Adapter, Version=10.0.0.0, Culture=neutral, PublicKeyToken=b03f5f7f11d50a3a" className="Tests.InsumoBusinessTest, Tests, Version=1.0.0.0, Culture=neutral, PublicKeyToken=null" name="listarInsumosTest" />
    </UnitTest>
    <UnitTest name="cargarFamiliasPorFamiliaTest" storage="c:\users\diego\documents\visual studio 2010\projects\uniprof\tests\bin\release\tests.dll" id="bc086558-20df-1a67-5cff-56823f0eb575">
      <Execution id="bd3ffaf7-69c9-488d-9d33-dc6b7d60b737" />
      <TestMethod codeBase="C:/Users/Diego/Documents/Visual Studio 2010/Projects/Uniprof/Tests/bin/Release/Tests.DLL" adapterTypeName="Microsoft.VisualStudio.TestTools.TestTypes.Unit.UnitTestAdapter, Microsoft.VisualStudio.QualityTools.Tips.UnitTest.Adapter, Version=10.0.0.0, Culture=neutral, PublicKeyToken=b03f5f7f11d50a3a" className="Tests.PatenteTDGTest, Tests, Version=1.0.0.0, Culture=neutral, PublicKeyToken=null" name="cargarFamiliasPorFamiliaTest" />
    </UnitTest>
    <UnitTest name="actualizarPedidoTest" storage="c:\users\diego\documents\visual studio 2010\projects\uniprof\tests\bin\release\tests.dll" id="66671db1-8d6b-13a4-a97e-68474a20ccf4">
      <Execution id="754c2cf3-541a-4547-a1fe-89229eda9397" />
      <TestMethod codeBase="C:/Users/Diego/Documents/Visual Studio 2010/Projects/Uniprof/Tests/bin/Release/Tests.DLL" adapterTypeName="Microsoft.VisualStudio.TestTools.TestTypes.Unit.UnitTestAdapter, Microsoft.VisualStudio.QualityTools.Tips.UnitTest.Adapter, Version=10.0.0.0, Culture=neutral, PublicKeyToken=b03f5f7f11d50a3a" className="Tests.PedidoRepositorioTest, Tests, Version=1.0.0.0, Culture=neutral, PublicKeyToken=null" name="actualizarPedidoTest" />
    </UnitTest>
    <UnitTest name="cargarFamiliasPorPatenteTest" storage="c:\users\diego\documents\visual studio 2010\projects\uniprof\tests\bin\release\tests.dll" id="42bbff3f-ae90-d4a3-ac96-e18e8d721f9a">
      <Execution id="eb1cd5f0-4742-49f3-9621-623528c0660e" />
      <TestMethod codeBase="C:/Users/Diego/Documents/Visual Studio 2010/Projects/Uniprof/Tests/bin/Release/Tests.DLL" adapterTypeName="Microsoft.VisualStudio.TestTools.TestTypes.Unit.UnitTestAdapter, Microsoft.VisualStudio.QualityTools.Tips.UnitTest.Adapter, Version=10.0.0.0, Culture=neutral, PublicKeyToken=b03f5f7f11d50a3a" className="Tests.FamiliaTDGTest, Tests, Version=1.0.0.0, Culture=neutral, PublicKeyToken=null" name="cargarFamiliasPorPatenteTest" />
    </UnitTest>
    <UnitTest name="actualizaFacturaTest" storage="c:\users\diego\documents\visual studio 2010\projects\uniprof\tests\bin\release\tests.dll" id="40c309eb-6e85-5d22-3be7-c1b561c3a631">
      <Execution id="785bd95f-b369-4c57-990a-78701adcb624" />
      <TestMethod codeBase="C:/Users/Diego/Documents/Visual Studio 2010/Projects/Uniprof/Tests/bin/Release/Tests.DLL" adapterTypeName="Microsoft.VisualStudio.TestTools.TestTypes.Unit.UnitTestAdapter, Microsoft.VisualStudio.QualityTools.Tips.UnitTest.Adapter, Version=10.0.0.0, Culture=neutral, PublicKeyToken=b03f5f7f11d50a3a" className="Tests.FacturaRepositorioTest, Tests, Version=1.0.0.0, Culture=neutral, PublicKeyToken=null" name="actualizaFacturaTest" />
    </UnitTest>
    <UnitTest name="cargarClientesTest" storage="c:\users\diego\documents\visual studio 2010\projects\uniprof\tests\bin\release\tests.dll" id="4063ba31-c658-1e39-f2a1-4789b86cdf92">
      <Execution id="87266a58-045e-40c5-a534-348849c4fe30" />
      <TestMethod codeBase="C:/Users/Diego/Documents/Visual Studio 2010/Projects/Uniprof/Tests/bin/Release/Tests.DLL" adapterTypeName="Microsoft.VisualStudio.TestTools.TestTypes.Unit.UnitTestAdapter, Microsoft.VisualStudio.QualityTools.Tips.UnitTest.Adapter, Version=10.0.0.0, Culture=neutral, PublicKeyToken=b03f5f7f11d50a3a" className="Tests.ClienteTDGTest, Tests, Version=1.0.0.0, Culture=neutral, PublicKeyToken=null" name="cargarClientesTest" />
    </UnitTest>
    <UnitTest name="cargarMensajePorConversacionTest" storage="c:\users\diego\documents\visual studio 2010\projects\uniprof\tests\bin\release\tests.dll" id="fc8e027e-d84b-5121-34bf-469313af48e4">
      <Execution id="cd381b0a-f483-4021-9271-042cf2e2945d" />
      <TestMethod codeBase="C:/Users/Diego/Documents/Visual Studio 2010/Projects/Uniprof/Tests/bin/Release/Tests.DLL" adapterTypeName="Microsoft.VisualStudio.TestTools.TestTypes.Unit.UnitTestAdapter, Microsoft.VisualStudio.QualityTools.Tips.UnitTest.Adapter, Version=10.0.0.0, Culture=neutral, PublicKeyToken=b03f5f7f11d50a3a" className="Tests.MensajeRepositorioTest, Tests, Version=1.0.0.0, Culture=neutral, PublicKeyToken=null" name="cargarMensajePorConversacionTest" />
    </UnitTest>
    <UnitTest name="BuscarDiseñosTest" storage="c:\users\diego\documents\visual studio 2010\projects\uniprof\tests\bin\release\tests.dll" id="2807b06d-2424-3984-a9d6-3c90127f0468">
      <Execution id="ac78cba0-190b-4ff1-a1fb-0cf9e39f9c98" />
      <TestMethod codeBase="C:/Users/Diego/Documents/Visual Studio 2010/Projects/Uniprof/Tests/bin/Release/Tests.DLL" adapterTypeName="Microsoft.VisualStudio.TestTools.TestTypes.Unit.UnitTestAdapter, Microsoft.VisualStudio.QualityTools.Tips.UnitTest.Adapter, Version=10.0.0.0, Culture=neutral, PublicKeyToken=b03f5f7f11d50a3a" className="Tests.DiseñoBusinessTest, Tests, Version=1.0.0.0, Culture=neutral, PublicKeyToken=null" name="BuscarDiseñosTest" />
    </UnitTest>
    <UnitTest name="buscarPorDescripcionTest" storage="c:\users\diego\documents\visual studio 2010\projects\uniprof\tests\bin\release\tests.dll" id="f537791f-903e-76d6-5080-80a4dc15bac2">
      <Execution id="3a14e358-640a-4c36-a7d7-ef4aa5d072e1" />
      <TestMethod codeBase="C:/Users/Diego/Documents/Visual Studio 2010/Projects/Uniprof/Tests/bin/Release/Tests.DLL" adapterTypeName="Microsoft.VisualStudio.TestTools.TestTypes.Unit.UnitTestAdapter, Microsoft.VisualStudio.QualityTools.Tips.UnitTest.Adapter, Version=10.0.0.0, Culture=neutral, PublicKeyToken=b03f5f7f11d50a3a" className="Tests.ProduccionOperadorTDGTest, Tests, Version=1.0.0.0, Culture=neutral, PublicKeyToken=null" name="buscarPorDescripcionTest" />
    </UnitTest>
    <UnitTest name="calcularDistanciaEntreTrabajosTest2" storage="c:\users\diego\documents\visual studio 2010\projects\uniprof\tests\bin\release\tests.dll" id="5fe3519a-06e9-4436-0b1a-0afc24033be0">
      <Execution id="ac1e9afb-731a-4d3a-9262-9a31a42d0268" />
      <TestMethod codeBase="C:/Users/Diego/Documents/Visual Studio 2010/Projects/Uniprof/Tests/bin/Release/Tests.DLL" adapterTypeName="Microsoft.VisualStudio.TestTools.TestTypes.Unit.UnitTestAdapter, Microsoft.VisualStudio.QualityTools.Tips.UnitTest.Adapter, Version=10.0.0.0, Culture=neutral, PublicKeyToken=b03f5f7f11d50a3a" className="Tests.ProduccionBusinessTest, Tests, Version=1.0.0.0, Culture=neutral, PublicKeyToken=null" name="calcularDistanciaEntreTrabajosTest2" />
    </UnitTest>
    <UnitTest name="listarMaquinasTest" storage="c:\users\diego\documents\visual studio 2010\projects\uniprof\tests\bin\release\tests.dll" id="45d73400-010d-bede-b097-0e012e473ce7">
      <Execution id="798a4261-a7dc-4e5f-90fb-acac70a63273" />
      <TestMethod codeBase="C:/Users/Diego/Documents/Visual Studio 2010/Projects/Uniprof/Tests/bin/Release/Tests.DLL" adapterTypeName="Microsoft.VisualStudio.TestTools.TestTypes.Unit.UnitTestAdapter, Microsoft.VisualStudio.QualityTools.Tips.UnitTest.Adapter, Version=10.0.0.0, Culture=neutral, PublicKeyToken=b03f5f7f11d50a3a" className="Tests.MaterialesBusinessTest, Tests, Version=1.0.0.0, Culture=neutral, PublicKeyToken=null" name="listarMaquinasTest" />
    </UnitTest>
    <UnitTest name="calcularTimepoTrabajoTest3" storage="c:\users\diego\documents\visual studio 2010\projects\uniprof\tests\bin\release\tests.dll" id="371ae7d4-9804-8eea-7d23-86fbb28eb5e2">
      <Execution id="369ed3bc-2c05-44b4-a263-0933b800eae2" />
      <TestMethod codeBase="C:/Users/Diego/Documents/Visual Studio 2010/Projects/Uniprof/Tests/bin/Release/Tests.DLL" adapterTypeName="Microsoft.VisualStudio.TestTools.TestTypes.Unit.UnitTestAdapter, Microsoft.VisualStudio.QualityTools.Tips.UnitTest.Adapter, Version=10.0.0.0, Culture=neutral, PublicKeyToken=b03f5f7f11d50a3a" className="Tests.ProduccionBusinessTest, Tests, Version=1.0.0.0, Culture=neutral, PublicKeyToken=null" name="calcularTimepoTrabajoTest3" />
    </UnitTest>
    <UnitTest name="listarProduccionPorMaquinaTest" storage="c:\users\diego\documents\visual studio 2010\projects\uniprof\tests\bin\release\tests.dll" id="a39c2fdb-3d54-d4f0-be49-3f4e350da31e">
      <Execution id="0017425b-93c2-4202-be36-3a1c0ff78e31" />
      <TestMethod codeBase="C:/Users/Diego/Documents/Visual Studio 2010/Projects/Uniprof/Tests/bin/Release/Tests.DLL" adapterTypeName="Microsoft.VisualStudio.TestTools.TestTypes.Unit.UnitTestAdapter, Microsoft.VisualStudio.QualityTools.Tips.UnitTest.Adapter, Version=10.0.0.0, Culture=neutral, PublicKeyToken=b03f5f7f11d50a3a" className="Tests.ProduccionBusinessTest, Tests, Version=1.0.0.0, Culture=neutral, PublicKeyToken=null" name="listarProduccionPorMaquinaTest" />
    </UnitTest>
    <UnitTest name="calcularPosiblesFechasTest" storage="c:\users\diego\documents\visual studio 2010\projects\uniprof\tests\bin\release\tests.dll" id="d708e39f-77d8-94a9-244f-7004fb181d58">
      <Execution id="0e1e1f61-f5b4-484b-b957-a8995a44fb9f" />
      <TestMethod codeBase="C:/Users/Diego/Documents/Visual Studio 2010/Projects/Uniprof/Tests/bin/Release/Tests.DLL" adapterTypeName="Microsoft.VisualStudio.TestTools.TestTypes.Unit.UnitTestAdapter, Microsoft.VisualStudio.QualityTools.Tips.UnitTest.Adapter, Version=10.0.0.0, Culture=neutral, PublicKeyToken=b03f5f7f11d50a3a" className="Tests.ProduccionBusinessTest, Tests, Version=1.0.0.0, Culture=neutral, PublicKeyToken=null" name="calcularPosiblesFechasTest" />
    </UnitTest>
    <UnitTest name="CargarClientesTest" storage="c:\users\diego\documents\visual studio 2010\projects\uniprof\tests\bin\release\tests.dll" id="b6192558-2ee3-59f6-6537-ecfd184b2822">
      <Execution id="f6114808-7e1a-4bb1-a061-5472049aa80c" />
      <TestMethod codeBase="C:/Users/Diego/Documents/Visual Studio 2010/Projects/Uniprof/Tests/bin/Release/Tests.DLL" adapterTypeName="Microsoft.VisualStudio.TestTools.TestTypes.Unit.UnitTestAdapter, Microsoft.VisualStudio.QualityTools.Tips.UnitTest.Adapter, Version=10.0.0.0, Culture=neutral, PublicKeyToken=b03f5f7f11d50a3a" className="Tests.UsuarioBusinessTest, Tests, Version=1.0.0.0, Culture=neutral, PublicKeyToken=null" name="CargarClientesTest" />
    </UnitTest>
    <UnitTest name="disminuirStockTest" storage="c:\users\diego\documents\visual studio 2010\projects\uniprof\tests\bin\release\tests.dll" id="0dd1a643-72f4-8fdd-aebf-659387fe0ecf">
      <Execution id="54477d45-a490-4b8a-9775-e5c514ac58a5" />
      <TestMethod codeBase="C:/Users/Diego/Documents/Visual Studio 2010/Projects/Uniprof/Tests/bin/Release/Tests.DLL" adapterTypeName="Microsoft.VisualStudio.TestTools.TestTypes.Unit.UnitTestAdapter, Microsoft.VisualStudio.QualityTools.Tips.UnitTest.Adapter, Version=10.0.0.0, Culture=neutral, PublicKeyToken=b03f5f7f11d50a3a" className="Tests.InsumoBusinessTest, Tests, Version=1.0.0.0, Culture=neutral, PublicKeyToken=null" name="disminuirStockTest" />
    </UnitTest>
    <UnitTest name="grabarTest" storage="c:\users\diego\documents\visual studio 2010\projects\uniprof\tests\bin\release\tests.dll" id="b40b8a29-c95a-4ade-0e51-c133972e69c6">
      <Execution id="158f5e21-d307-41de-9c78-64b688ac61ae" />
      <TestMethod codeBase="C:/Users/Diego/Documents/Visual Studio 2010/Projects/Uniprof/Tests/bin/Release/Tests.DLL" adapterTypeName="Microsoft.VisualStudio.TestTools.TestTypes.Unit.UnitTestAdapter, Microsoft.VisualStudio.QualityTools.Tips.UnitTest.Adapter, Version=10.0.0.0, Culture=neutral, PublicKeyToken=b03f5f7f11d50a3a" className="Tests.ProveedorRepositorioTest, Tests, Version=1.0.0.0, Culture=neutral, PublicKeyToken=null" name="grabarTest" />
    </UnitTest>
    <UnitTest name="listarFacturasPorClienteTest" storage="c:\users\diego\documents\visual studio 2010\projects\uniprof\tests\bin\release\tests.dll" id="ce459473-fe89-efb8-04f6-e4458eb5deac">
      <Execution id="cb09b2d9-6de0-42e5-b7b8-941094c49ca1" />
      <TestMethod codeBase="C:/Users/Diego/Documents/Visual Studio 2010/Projects/Uniprof/Tests/bin/Release/Tests.DLL" adapterTypeName="Microsoft.VisualStudio.TestTools.TestTypes.Unit.UnitTestAdapter, Microsoft.VisualStudio.QualityTools.Tips.UnitTest.Adapter, Version=10.0.0.0, Culture=neutral, PublicKeyToken=b03f5f7f11d50a3a" className="Tests.FacturaBusinessTest, Tests, Version=1.0.0.0, Culture=neutral, PublicKeyToken=null" name="listarFacturasPorClienteTest" />
    </UnitTest>
    <UnitTest name="grabarArticulosTest" storage="c:\users\diego\documents\visual studio 2010\projects\uniprof\tests\bin\release\tests.dll" id="79fcf63f-8b0d-33c2-c15a-b70a52cca16c">
      <Execution id="20007a0b-ebc1-4003-bce5-bbb4a4cb09d0" />
      <TestMethod codeBase="C:/Users/Diego/Documents/Visual Studio 2010/Projects/Uniprof/Tests/bin/Release/Tests.DLL" adapterTypeName="Microsoft.VisualStudio.TestTools.TestTypes.Unit.UnitTestAdapter, Microsoft.VisualStudio.QualityTools.Tips.UnitTest.Adapter, Version=10.0.0.0, Culture=neutral, PublicKeyToken=b03f5f7f11d50a3a" className="Tests.ArticuloTDGTest, Tests, Version=1.0.0.0, Culture=neutral, PublicKeyToken=null" name="grabarArticulosTest" />
    </UnitTest>
    <UnitTest name="cargarFamiliasPorUsuarioTest" storage="c:\users\diego\documents\visual studio 2010\projects\uniprof\tests\bin\release\tests.dll" id="8ce4ba60-10ed-e341-0892-b9526f864034">
      <Execution id="c589a052-2cd0-4912-964e-76abddf24352" />
      <TestMethod codeBase="C:/Users/Diego/Documents/Visual Studio 2010/Projects/Uniprof/Tests/bin/Release/Tests.DLL" adapterTypeName="Microsoft.VisualStudio.TestTools.TestTypes.Unit.UnitTestAdapter, Microsoft.VisualStudio.QualityTools.Tips.UnitTest.Adapter, Version=10.0.0.0, Culture=neutral, PublicKeyToken=b03f5f7f11d50a3a" className="Tests.FamiliaRepositorioTest, Tests, Version=1.0.0.0, Culture=neutral, PublicKeyToken=null" name="cargarFamiliasPorUsuarioTest" />
    </UnitTest>
    <UnitTest name="borrarTest" storage="c:\users\diego\documents\visual studio 2010\projects\uniprof\tests\bin\release\tests.dll" id="ab0fe80a-1fd5-fb8a-e7d4-5b5fcdcec2eb">
      <Execution id="246ac0c8-82e5-4ccd-bde7-7728ee4d67f8" />
      <TestMethod codeBase="C:/Users/Diego/Documents/Visual Studio 2010/Projects/Uniprof/Tests/bin/Release/Tests.DLL" adapterTypeName="Microsoft.VisualStudio.TestTools.TestTypes.Unit.UnitTestAdapter, Microsoft.VisualStudio.QualityTools.Tips.UnitTest.Adapter, Version=10.0.0.0, Culture=neutral, PublicKeyToken=b03f5f7f11d50a3a" className="Tests.ConversacionRepositorioTest, Tests, Version=1.0.0.0, Culture=neutral, PublicKeyToken=null" name="borrarTest" />
    </UnitTest>
    <UnitTest name="grabarOperadorTest" storage="c:\users\diego\documents\visual studio 2010\projects\uniprof\tests\bin\release\tests.dll" id="5bc580ea-e8dc-d81d-d20e-846c482c1228">
      <Execution id="13f300f3-bbf3-4b2f-ad6a-99688d595581" />
      <TestMethod codeBase="C:/Users/Diego/Documents/Visual Studio 2010/Projects/Uniprof/Tests/bin/Release/Tests.DLL" adapterTypeName="Microsoft.VisualStudio.TestTools.TestTypes.Unit.UnitTestAdapter, Microsoft.VisualStudio.QualityTools.Tips.UnitTest.Adapter, Version=10.0.0.0, Culture=neutral, PublicKeyToken=b03f5f7f11d50a3a" className="Tests.OperadorTDGTest, Tests, Version=1.0.0.0, Culture=neutral, PublicKeyToken=null" name="grabarOperadorTest" />
    </UnitTest>
    <UnitTest name="actualizarDiseñoTest" storage="c:\users\diego\documents\visual studio 2010\projects\uniprof\tests\bin\release\tests.dll" id="b1ce8274-0eb4-6ea7-4d2b-12d8e6b2a366">
      <Execution id="a880dc3c-ad97-49d3-8873-d5c554569584" />
      <TestMethod codeBase="C:/Users/Diego/Documents/Visual Studio 2010/Projects/Uniprof/Tests/bin/Release/Tests.DLL" adapterTypeName="Microsoft.VisualStudio.TestTools.TestTypes.Unit.UnitTestAdapter, Microsoft.VisualStudio.QualityTools.Tips.UnitTest.Adapter, Version=10.0.0.0, Culture=neutral, PublicKeyToken=b03f5f7f11d50a3a" className="Tests.DiseñoBusinessTest, Tests, Version=1.0.0.0, Culture=neutral, PublicKeyToken=null" name="actualizarDiseñoTest" />
    </UnitTest>
    <UnitTest name="borrarUsuarioTest" storage="c:\users\diego\documents\visual studio 2010\projects\uniprof\tests\bin\release\tests.dll" id="0619da45-f95c-9013-f779-f3a2e41e2ddd">
      <Execution id="cb42e48d-cb08-4187-8304-bdba06d3b5ad" />
      <TestMethod codeBase="C:/Users/Diego/Documents/Visual Studio 2010/Projects/Uniprof/Tests/bin/Release/Tests.DLL" adapterTypeName="Microsoft.VisualStudio.TestTools.TestTypes.Unit.UnitTestAdapter, Microsoft.VisualStudio.QualityTools.Tips.UnitTest.Adapter, Version=10.0.0.0, Culture=neutral, PublicKeyToken=b03f5f7f11d50a3a" className="Tests.UsuarioTDGTest, Tests, Version=1.0.0.0, Culture=neutral, PublicKeyToken=null" name="borrarUsuarioTest" />
    </UnitTest>
    <UnitTest name="GrabarDiseñoTest" storage="c:\users\diego\documents\visual studio 2010\projects\uniprof\tests\bin\release\tests.dll" id="5be9d1df-2b36-1659-9ba5-a87863ccb63a">
      <Execution id="1ffe74ef-67b9-423f-a840-7bb471e5da8e" />
      <TestMethod codeBase="C:/Users/Diego/Documents/Visual Studio 2010/Projects/Uniprof/Tests/bin/Release/Tests.DLL" adapterTypeName="Microsoft.VisualStudio.TestTools.TestTypes.Unit.UnitTestAdapter, Microsoft.VisualStudio.QualityTools.Tips.UnitTest.Adapter, Version=10.0.0.0, Culture=neutral, PublicKeyToken=b03f5f7f11d50a3a" className="Tests.DiseñoBusinessTest, Tests, Version=1.0.0.0, Culture=neutral, PublicKeyToken=null" name="GrabarDiseñoTest" />
    </UnitTest>
    <UnitTest name="buscarDiseñoInsumoTest" storage="c:\users\diego\documents\visual studio 2010\projects\uniprof\tests\bin\release\tests.dll" id="c928c59c-16e9-64be-3633-321da85248bf">
      <Execution id="f9bb50ce-c340-4958-9406-c4b5e3d1403c" />
      <TestMethod codeBase="C:/Users/Diego/Documents/Visual Studio 2010/Projects/Uniprof/Tests/bin/Release/Tests.DLL" adapterTypeName="Microsoft.VisualStudio.TestTools.TestTypes.Unit.UnitTestAdapter, Microsoft.VisualStudio.QualityTools.Tips.UnitTest.Adapter, Version=10.0.0.0, Culture=neutral, PublicKeyToken=b03f5f7f11d50a3a" className="Tests.DiseñoInsumoTDGTest, Tests, Version=1.0.0.0, Culture=neutral, PublicKeyToken=null" name="buscarDiseñoInsumoTest" />
    </UnitTest>
    <UnitTest name="buscarMovimientoPorNroTest" storage="c:\users\diego\documents\visual studio 2010\projects\uniprof\tests\bin\release\tests.dll" id="9051c370-f8a8-7d06-90bf-a5c879f3e27c">
      <Execution id="89d35c89-5cb3-4c5b-ae8a-b8a87246e653" />
      <TestMethod codeBase="C:/Users/Diego/Documents/Visual Studio 2010/Projects/Uniprof/Tests/bin/Release/Tests.DLL" adapterTypeName="Microsoft.VisualStudio.TestTools.TestTypes.Unit.UnitTestAdapter, Microsoft.VisualStudio.QualityTools.Tips.UnitTest.Adapter, Version=10.0.0.0, Culture=neutral, PublicKeyToken=b03f5f7f11d50a3a" className="Tests.MovimientoProveedorBusinessTest, Tests, Version=1.0.0.0, Culture=neutral, PublicKeyToken=null" name="buscarMovimientoPorNroTest" />
    </UnitTest>
    <UnitTest name="buscarNewsletterPorNombreTest" storage="c:\users\diego\documents\visual studio 2010\projects\uniprof\tests\bin\release\tests.dll" id="ccbeee50-2d58-025b-2df8-75ec6a26b781">
      <Execution id="8931afd4-65c3-41c3-93e6-61acb5487888" />
      <TestMethod codeBase="C:/Users/Diego/Documents/Visual Studio 2010/Projects/Uniprof/Tests/bin/Release/Tests.DLL" adapterTypeName="Microsoft.VisualStudio.TestTools.TestTypes.Unit.UnitTestAdapter, Microsoft.VisualStudio.QualityTools.Tips.UnitTest.Adapter, Version=10.0.0.0, Culture=neutral, PublicKeyToken=b03f5f7f11d50a3a" className="Tests.NewsletterRepositorioTest, Tests, Version=1.0.0.0, Culture=neutral, PublicKeyToken=null" name="buscarNewsletterPorNombreTest" />
    </UnitTest>
    <UnitTest name="buscarMovimientoPorNroTest" storage="c:\users\diego\documents\visual studio 2010\projects\uniprof\tests\bin\release\tests.dll" id="bdb05735-8cd1-a75d-4d6a-dc0c0dcde2a9">
      <Execution id="137b14a0-5e72-4ba6-8022-16ca7caa0ec8" />
      <TestMethod codeBase="C:/Users/Diego/Documents/Visual Studio 2010/Projects/Uniprof/Tests/bin/Release/Tests.DLL" adapterTypeName="Microsoft.VisualStudio.TestTools.TestTypes.Unit.UnitTestAdapter, Microsoft.VisualStudio.QualityTools.Tips.UnitTest.Adapter, Version=10.0.0.0, Culture=neutral, PublicKeyToken=b03f5f7f11d50a3a" className="Tests.MovimientoCuentaProveedorRepositorioTest, Tests, Version=1.0.0.0, Culture=neutral, PublicKeyToken=null" name="buscarMovimientoPorNroTest" />
    </UnitTest>
    <UnitTest name="calcularTimepoTrabajoTest4" storage="c:\users\diego\documents\visual studio 2010\projects\uniprof\tests\bin\release\tests.dll" id="42f3bd17-7e9a-3a2a-0abf-94dcbfe8af44">
      <Execution id="3e7db97d-02bf-4c87-934e-c6965303caa9" />
      <TestMethod codeBase="C:/Users/Diego/Documents/Visual Studio 2010/Projects/Uniprof/Tests/bin/Release/Tests.DLL" adapterTypeName="Microsoft.VisualStudio.TestTools.TestTypes.Unit.UnitTestAdapter, Microsoft.VisualStudio.QualityTools.Tips.UnitTest.Adapter, Version=10.0.0.0, Culture=neutral, PublicKeyToken=b03f5f7f11d50a3a" className="Tests.ProduccionBusinessTest, Tests, Version=1.0.0.0, Culture=neutral, PublicKeyToken=null" name="calcularTimepoTrabajoTest4" />
    </UnitTest>
    <UnitTest name="buscarEstadosTest" storage="c:\users\diego\documents\visual studio 2010\projects\uniprof\tests\bin\release\tests.dll" id="996b7b9c-4963-23a7-ecd9-60f71e9ffdab">
      <Execution id="2ad72c28-f0be-4d2f-85a9-6f417fc5de02" />
      <TestMethod codeBase="C:/Users/Diego/Documents/Visual Studio 2010/Projects/Uniprof/Tests/bin/Release/Tests.DLL" adapterTypeName="Microsoft.VisualStudio.TestTools.TestTypes.Unit.UnitTestAdapter, Microsoft.VisualStudio.QualityTools.Tips.UnitTest.Adapter, Version=10.0.0.0, Culture=neutral, PublicKeyToken=b03f5f7f11d50a3a" className="Tests.EstadoTrabajoTDGTest, Tests, Version=1.0.0.0, Culture=neutral, PublicKeyToken=null" name="buscarEstadosTest" />
    </UnitTest>
    <UnitTest name="listarFacturaPorMovimientoTest" storage="c:\users\diego\documents\visual studio 2010\projects\uniprof\tests\bin\release\tests.dll" id="2bbea6cc-d32e-272a-1a5e-81a0cec727a7">
      <Execution id="00b71a61-7812-469b-b98e-01195e5a60a2" />
      <TestMethod codeBase="C:/Users/Diego/Documents/Visual Studio 2010/Projects/Uniprof/Tests/bin/Release/Tests.DLL" adapterTypeName="Microsoft.VisualStudio.TestTools.TestTypes.Unit.UnitTestAdapter, Microsoft.VisualStudio.QualityTools.Tips.UnitTest.Adapter, Version=10.0.0.0, Culture=neutral, PublicKeyToken=b03f5f7f11d50a3a" className="Tests.FacturaBusinessTest, Tests, Version=1.0.0.0, Culture=neutral, PublicKeyToken=null" name="listarFacturaPorMovimientoTest" />
    </UnitTest>
    <UnitTest name="buscarColorTest" storage="c:\users\diego\documents\visual studio 2010\projects\uniprof\tests\bin\release\tests.dll" id="ecd27a0e-9f35-c43e-8c11-1b73255aae3c">
      <Execution id="e00a6713-22a6-4a2a-9d8d-3e8c086e45b8" />
      <TestMethod codeBase="C:/Users/Diego/Documents/Visual Studio 2010/Projects/Uniprof/Tests/bin/Release/Tests.DLL" adapterTypeName="Microsoft.VisualStudio.TestTools.TestTypes.Unit.UnitTestAdapter, Microsoft.VisualStudio.QualityTools.Tips.UnitTest.Adapter, Version=10.0.0.0, Culture=neutral, PublicKeyToken=b03f5f7f11d50a3a" className="Tests.ColorTDGTest, Tests, Version=1.0.0.0, Culture=neutral, PublicKeyToken=null" name="buscarColorTest" />
    </UnitTest>
    <UnitTest name="cargarUsuariosTest" storage="c:\users\diego\documents\visual studio 2010\projects\uniprof\tests\bin\release\tests.dll" id="049d0f88-7bdd-159e-dcba-5d96f972e9a7">
      <Execution id="00b96652-5713-46c7-831d-a539ea7f77b7" />
      <TestMethod codeBase="C:/Users/Diego/Documents/Visual Studio 2010/Projects/Uniprof/Tests/bin/Release/Tests.DLL" adapterTypeName="Microsoft.VisualStudio.TestTools.TestTypes.Unit.UnitTestAdapter, Microsoft.VisualStudio.QualityTools.Tips.UnitTest.Adapter, Version=10.0.0.0, Culture=neutral, PublicKeyToken=b03f5f7f11d50a3a" className="Tests.UsuarioTDGTest, Tests, Version=1.0.0.0, Culture=neutral, PublicKeyToken=null" name="cargarUsuariosTest" />
    </UnitTest>
    <UnitTest name="cargarTest" storage="c:\users\diego\documents\visual studio 2010\projects\uniprof\tests\bin\release\tests.dll" id="a5daaf00-a7ab-4dce-b449-0d5879de0266">
      <Execution id="4d41754f-180e-4668-a669-379e8320917c" />
      <TestMethod codeBase="C:/Users/Diego/Documents/Visual Studio 2010/Projects/Uniprof/Tests/bin/Release/Tests.DLL" adapterTypeName="Microsoft.VisualStudio.TestTools.TestTypes.Unit.UnitTestAdapter, Microsoft.VisualStudio.QualityTools.Tips.UnitTest.Adapter, Version=10.0.0.0, Culture=neutral, PublicKeyToken=b03f5f7f11d50a3a" className="Tests.MensajeTDGTest, Tests, Version=1.0.0.0, Culture=neutral, PublicKeyToken=null" name="cargarTest" />
    </UnitTest>
    <UnitTest name="actualizarNewsletterTest" storage="c:\users\diego\documents\visual studio 2010\projects\uniprof\tests\bin\release\tests.dll" id="06ea3cf0-5b85-5241-6e3e-f83627367b47">
      <Execution id="053c752b-acc2-472d-82d4-6a8bf013e496" />
      <TestMethod codeBase="C:/Users/Diego/Documents/Visual Studio 2010/Projects/Uniprof/Tests/bin/Release/Tests.DLL" adapterTypeName="Microsoft.VisualStudio.TestTools.TestTypes.Unit.UnitTestAdapter, Microsoft.VisualStudio.QualityTools.Tips.UnitTest.Adapter, Version=10.0.0.0, Culture=neutral, PublicKeyToken=b03f5f7f11d50a3a" className="Tests.NewsletterTDGTest, Tests, Version=1.0.0.0, Culture=neutral, PublicKeyToken=null" name="actualizarNewsletterTest" />
    </UnitTest>
    <UnitTest name="listarInsumosPorCodigoTest" storage="c:\users\diego\documents\visual studio 2010\projects\uniprof\tests\bin\release\tests.dll" id="5973b42f-4391-99d3-6b49-5d351ffdd924">
      <Execution id="146e0965-8ac4-4cb1-9fa9-b3ef18aefb37" />
      <TestMethod codeBase="C:/Users/Diego/Documents/Visual Studio 2010/Projects/Uniprof/Tests/bin/Release/Tests.DLL" adapterTypeName="Microsoft.VisualStudio.TestTools.TestTypes.Unit.UnitTestAdapter, Microsoft.VisualStudio.QualityTools.Tips.UnitTest.Adapter, Version=10.0.0.0, Culture=neutral, PublicKeyToken=b03f5f7f11d50a3a" className="Tests.InsumoRepositorioTest, Tests, Version=1.0.0.0, Culture=neutral, PublicKeyToken=null" name="listarInsumosPorCodigoTest" />
    </UnitTest>
    <UnitTest name="borrarListaPrecioTest" storage="c:\users\diego\documents\visual studio 2010\projects\uniprof\tests\bin\release\tests.dll" id="6c77fe8d-a8b3-4efd-1e3d-013b12293f74">
      <Execution id="94e30524-af6b-44aa-b1af-5fb28e1ef5fe" />
      <TestMethod codeBase="C:/Users/Diego/Documents/Visual Studio 2010/Projects/Uniprof/Tests/bin/Release/Tests.DLL" adapterTypeName="Microsoft.VisualStudio.TestTools.TestTypes.Unit.UnitTestAdapter, Microsoft.VisualStudio.QualityTools.Tips.UnitTest.Adapter, Version=10.0.0.0, Culture=neutral, PublicKeyToken=b03f5f7f11d50a3a" className="Tests.ListaPreciosTDGTest, Tests, Version=1.0.0.0, Culture=neutral, PublicKeyToken=null" name="borrarListaPrecioTest" />
    </UnitTest>
    <UnitTest name="buscarPorIdTest" storage="c:\users\diego\documents\visual studio 2010\projects\uniprof\tests\bin\release\tests.dll" id="1aa90fb2-a5a8-fc6d-427f-550365a59543">
      <Execution id="ee7ddc0d-d7fc-4cd6-b606-644b26f85f47" />
      <TestMethod codeBase="C:/Users/Diego/Documents/Visual Studio 2010/Projects/Uniprof/Tests/bin/Release/Tests.DLL" adapterTypeName="Microsoft.VisualStudio.TestTools.TestTypes.Unit.UnitTestAdapter, Microsoft.VisualStudio.QualityTools.Tips.UnitTest.Adapter, Version=10.0.0.0, Culture=neutral, PublicKeyToken=b03f5f7f11d50a3a" className="Tests.ProveedorTDGTest, Tests, Version=1.0.0.0, Culture=neutral, PublicKeyToken=null" name="buscarPorIdTest" />
    </UnitTest>
    <UnitTest name="grabarDiseñoInsumoTest" storage="c:\users\diego\documents\visual studio 2010\projects\uniprof\tests\bin\release\tests.dll" id="3814ca38-0b83-b334-0d16-36809809c612">
      <Execution id="75e3a8c0-8f95-4e65-b712-9ec158154d2b" />
      <TestMethod codeBase="C:/Users/Diego/Documents/Visual Studio 2010/Projects/Uniprof/Tests/bin/Release/Tests.DLL" adapterTypeName="Microsoft.VisualStudio.TestTools.TestTypes.Unit.UnitTestAdapter, Microsoft.VisualStudio.QualityTools.Tips.UnitTest.Adapter, Version=10.0.0.0, Culture=neutral, PublicKeyToken=b03f5f7f11d50a3a" className="Tests.DiseñoInsumoTDGTest, Tests, Version=1.0.0.0, Culture=neutral, PublicKeyToken=null" name="grabarDiseñoInsumoTest" />
    </UnitTest>
    <UnitTest name="buscarUsuarioNewsletterTest" storage="c:\users\diego\documents\visual studio 2010\projects\uniprof\tests\bin\release\tests.dll" id="ad52b45c-d7bf-7d90-509a-9d90fabbb4cb">
      <Execution id="6d1549de-510b-403f-9a07-991a52e520ba" />
      <TestMethod codeBase="C:/Users/Diego/Documents/Visual Studio 2010/Projects/Uniprof/Tests/bin/Release/Tests.DLL" adapterTypeName="Microsoft.VisualStudio.TestTools.TestTypes.Unit.UnitTestAdapter, Microsoft.VisualStudio.QualityTools.Tips.UnitTest.Adapter, Version=10.0.0.0, Culture=neutral, PublicKeyToken=b03f5f7f11d50a3a" className="Tests.UsuarioBusinessTest, Tests, Version=1.0.0.0, Culture=neutral, PublicKeyToken=null" name="buscarUsuarioNewsletterTest" />
    </UnitTest>
    <UnitTest name="cargarHistoricoEstadosTest" storage="c:\users\diego\documents\visual studio 2010\projects\uniprof\tests\bin\release\tests.dll" id="52baea7e-b200-446e-6971-763252eb7cdd">
      <Execution id="47b4ca51-b1c3-41e9-8ddf-2072d325952f" />
      <TestMethod codeBase="C:/Users/Diego/Documents/Visual Studio 2010/Projects/Uniprof/Tests/bin/Release/Tests.DLL" adapterTypeName="Microsoft.VisualStudio.TestTools.TestTypes.Unit.UnitTestAdapter, Microsoft.VisualStudio.QualityTools.Tips.UnitTest.Adapter, Version=10.0.0.0, Culture=neutral, PublicKeyToken=b03f5f7f11d50a3a" className="Tests.HistoricoEstadosPedidoTDGTest, Tests, Version=1.0.0.0, Culture=neutral, PublicKeyToken=null" name="cargarHistoricoEstadosTest" />
    </UnitTest>
    <UnitTest name="actualizarInsumoTest" storage="c:\users\diego\documents\visual studio 2010\projects\uniprof\tests\bin\release\tests.dll" id="ef762903-5f73-156d-4c6c-edbea7a556ad">
      <Execution id="63f4377a-74db-452f-9d83-f0e7231282e0" />
      <TestMethod codeBase="C:/Users/Diego/Documents/Visual Studio 2010/Projects/Uniprof/Tests/bin/Release/Tests.DLL" adapterTypeName="Microsoft.VisualStudio.TestTools.TestTypes.Unit.UnitTestAdapter, Microsoft.VisualStudio.QualityTools.Tips.UnitTest.Adapter, Version=10.0.0.0, Culture=neutral, PublicKeyToken=b03f5f7f11d50a3a" className="Tests.InsumoRepositorioTest, Tests, Version=1.0.0.0, Culture=neutral, PublicKeyToken=null" name="actualizarInsumoTest" />
    </UnitTest>
    <UnitTest name="modificarTest" storage="c:\users\diego\documents\visual studio 2010\projects\uniprof\tests\bin\release\tests.dll" id="5b45a836-b61f-3f4e-71ec-60865157f707">
      <Execution id="ec3eb3c3-1eef-4743-9304-d3b964e87b8f" />
      <TestMethod codeBase="C:/Users/Diego/Documents/Visual Studio 2010/Projects/Uniprof/Tests/bin/Release/Tests.DLL" adapterTypeName="Microsoft.VisualStudio.TestTools.TestTypes.Unit.UnitTestAdapter, Microsoft.VisualStudio.QualityTools.Tips.UnitTest.Adapter, Version=10.0.0.0, Culture=neutral, PublicKeyToken=b03f5f7f11d50a3a" className="Tests.ConversacionBusinessTest, Tests, Version=1.0.0.0, Culture=neutral, PublicKeyToken=null" name="modificarTest" />
    </UnitTest>
    <UnitTest name="borrarFamiliaTest" storage="c:\users\diego\documents\visual studio 2010\projects\uniprof\tests\bin\release\tests.dll" id="f07288f5-2f3d-e939-3514-a642579a478e">
      <Execution id="71ccda72-f051-47de-a21f-a385d1be0729" />
      <TestMethod codeBase="C:/Users/Diego/Documents/Visual Studio 2010/Projects/Uniprof/Tests/bin/Release/Tests.DLL" adapterTypeName="Microsoft.VisualStudio.TestTools.TestTypes.Unit.UnitTestAdapter, Microsoft.VisualStudio.QualityTools.Tips.UnitTest.Adapter, Version=10.0.0.0, Culture=neutral, PublicKeyToken=b03f5f7f11d50a3a" className="Tests.FamiliaRepositorioTest, Tests, Version=1.0.0.0, Culture=neutral, PublicKeyToken=null" name="borrarFamiliaTest" />
    </UnitTest>
    <UnitTest name="CargarClientesTest" storage="c:\users\diego\documents\visual studio 2010\projects\uniprof\tests\bin\release\tests.dll" id="ea022a26-3382-db95-b68b-60ac6f18deb0">
      <Execution id="63f517fa-cd00-4d7c-b68c-70d5f2c42843" />
      <TestMethod codeBase="C:/Users/Diego/Documents/Visual Studio 2010/Projects/Uniprof/Tests/bin/Release/Tests.DLL" adapterTypeName="Microsoft.VisualStudio.TestTools.TestTypes.Unit.UnitTestAdapter, Microsoft.VisualStudio.QualityTools.Tips.UnitTest.Adapter, Version=10.0.0.0, Culture=neutral, PublicKeyToken=b03f5f7f11d50a3a" className="Tests.ClienteRepositorioTest, Tests, Version=1.0.0.0, Culture=neutral, PublicKeyToken=null" name="CargarClientesTest" />
    </UnitTest>
    <UnitTest name="listarFacturasTest" storage="c:\users\diego\documents\visual studio 2010\projects\uniprof\tests\bin\release\tests.dll" id="3f09e394-0823-389c-6e0c-74955eff820a">
      <Execution id="5c4b36d2-b310-408e-8384-94d89d3d3bda" />
      <TestMethod codeBase="C:/Users/Diego/Documents/Visual Studio 2010/Projects/Uniprof/Tests/bin/Release/Tests.DLL" adapterTypeName="Microsoft.VisualStudio.TestTools.TestTypes.Unit.UnitTestAdapter, Microsoft.VisualStudio.QualityTools.Tips.UnitTest.Adapter, Version=10.0.0.0, Culture=neutral, PublicKeyToken=b03f5f7f11d50a3a" className="Tests.FacturaRepositorioTest, Tests, Version=1.0.0.0, Culture=neutral, PublicKeyToken=null" name="listarFacturasTest" />
    </UnitTest>
    <UnitTest name="listarInsumosPorTipoTest" storage="c:\users\diego\documents\visual studio 2010\projects\uniprof\tests\bin\release\tests.dll" id="3bb3d861-97d5-17ed-e4db-8593f01e3068">
      <Execution id="824956eb-0ed8-4913-9e6a-33511254653f" />
      <TestMethod codeBase="C:/Users/Diego/Documents/Visual Studio 2010/Projects/Uniprof/Tests/bin/Release/Tests.DLL" adapterTypeName="Microsoft.VisualStudio.TestTools.TestTypes.Unit.UnitTestAdapter, Microsoft.VisualStudio.QualityTools.Tips.UnitTest.Adapter, Version=10.0.0.0, Culture=neutral, PublicKeyToken=b03f5f7f11d50a3a" className="Tests.InsumoRepositorioTest, Tests, Version=1.0.0.0, Culture=neutral, PublicKeyToken=null" name="listarInsumosPorTipoTest" />
    </UnitTest>
    <UnitTest name="buscarPrimerosHuecosMaquinaTest2" storage="c:\users\diego\documents\visual studio 2010\projects\uniprof\tests\bin\release\tests.dll" id="7a2f5966-e3a2-2a72-e68e-2d6083996de2">
      <Execution id="dfdfcf09-ff93-4a30-afb3-393113aa74ae" />
      <TestMethod codeBase="C:/Users/Diego/Documents/Visual Studio 2010/Projects/Uniprof/Tests/bin/Release/Tests.DLL" adapterTypeName="Microsoft.VisualStudio.TestTools.TestTypes.Unit.UnitTestAdapter, Microsoft.VisualStudio.QualityTools.Tips.UnitTest.Adapter, Version=10.0.0.0, Culture=neutral, PublicKeyToken=b03f5f7f11d50a3a" className="Tests.ProduccionBusinessTest, Tests, Version=1.0.0.0, Culture=neutral, PublicKeyToken=null" name="buscarPrimerosHuecosMaquinaTest2" />
    </UnitTest>
    <UnitTest name="buscarOpinionesTest" storage="c:\users\diego\documents\visual studio 2010\projects\uniprof\tests\bin\release\tests.dll" id="90665605-993c-c3f0-732c-0c8cb4e19400">
      <Execution id="046db997-d461-4704-9388-095001d8ffd9" />
      <TestMethod codeBase="C:/Users/Diego/Documents/Visual Studio 2010/Projects/Uniprof/Tests/bin/Release/Tests.DLL" adapterTypeName="Microsoft.VisualStudio.TestTools.TestTypes.Unit.UnitTestAdapter, Microsoft.VisualStudio.QualityTools.Tips.UnitTest.Adapter, Version=10.0.0.0, Culture=neutral, PublicKeyToken=b03f5f7f11d50a3a" className="Tests.OpinionTDGTest, Tests, Version=1.0.0.0, Culture=neutral, PublicKeyToken=null" name="buscarOpinionesTest" />
    </UnitTest>
    <UnitTest name="buscarArticulosPorCodigoTest" storage="c:\users\diego\documents\visual studio 2010\projects\uniprof\tests\bin\release\tests.dll" id="d5caf4bd-ddf9-d011-d96d-760e6d607d73">
      <Execution id="128f6e5e-dd08-4b99-b445-e7342d443d79" />
      <TestMethod codeBase="C:/Users/Diego/Documents/Visual Studio 2010/Projects/Uniprof/Tests/bin/Release/Tests.DLL" adapterTypeName="Microsoft.VisualStudio.TestTools.TestTypes.Unit.UnitTestAdapter, Microsoft.VisualStudio.QualityTools.Tips.UnitTest.Adapter, Version=10.0.0.0, Culture=neutral, PublicKeyToken=b03f5f7f11d50a3a" className="Tests.ArticuloBusinessTest, Tests, Version=1.0.0.0, Culture=neutral, PublicKeyToken=null" name="buscarArticulosPorCodigoTest" />
    </UnitTest>
    <UnitTest name="grabarMensajeTest" storage="c:\users\diego\documents\visual studio 2010\projects\uniprof\tests\bin\release\tests.dll" id="b697701d-8cff-a257-c4da-79dac613bf34">
      <Execution id="3fdac3b2-6310-4bd9-b9ed-547e56723165" />
      <TestMethod codeBase="C:/Users/Diego/Documents/Visual Studio 2010/Projects/Uniprof/Tests/bin/Release/Tests.DLL" adapterTypeName="Microsoft.VisualStudio.TestTools.TestTypes.Unit.UnitTestAdapter, Microsoft.VisualStudio.QualityTools.Tips.UnitTest.Adapter, Version=10.0.0.0, Culture=neutral, PublicKeyToken=b03f5f7f11d50a3a" className="Tests.MensajeTDGTest, Tests, Version=1.0.0.0, Culture=neutral, PublicKeyToken=null" name="grabarMensajeTest" />
    </UnitTest>
    <UnitTest name="buscarPorIdTest" storage="c:\users\diego\documents\visual studio 2010\projects\uniprof\tests\bin\release\tests.dll" id="e2347588-3d57-efa9-6d83-3dfd95e9941d">
      <Execution id="7ae0e215-009c-4e2f-93fa-65d4fff09bf3" />
      <TestMethod codeBase="C:/Users/Diego/Documents/Visual Studio 2010/Projects/Uniprof/Tests/bin/Release/Tests.DLL" adapterTypeName="Microsoft.VisualStudio.TestTools.TestTypes.Unit.UnitTestAdapter, Microsoft.VisualStudio.QualityTools.Tips.UnitTest.Adapter, Version=10.0.0.0, Culture=neutral, PublicKeyToken=b03f5f7f11d50a3a" className="Tests.ProduccionOperadorTDGTest, Tests, Version=1.0.0.0, Culture=neutral, PublicKeyToken=null" name="buscarPorIdTest" />
    </UnitTest>
    <UnitTest name="grabarUsuarioTest" storage="c:\users\diego\documents\visual studio 2010\projects\uniprof\tests\bin\release\tests.dll" id="28e69d1a-8de4-eba9-3792-eae237e8276c">
      <Execution id="64f2d67f-0426-45d4-9d5e-e86cbe776cd8" />
      <TestMethod codeBase="C:/Users/Diego/Documents/Visual Studio 2010/Projects/Uniprof/Tests/bin/Release/Tests.DLL" adapterTypeName="Microsoft.VisualStudio.TestTools.TestTypes.Unit.UnitTestAdapter, Microsoft.VisualStudio.QualityTools.Tips.UnitTest.Adapter, Version=10.0.0.0, Culture=neutral, PublicKeyToken=b03f5f7f11d50a3a" className="Tests.ClienteTDGTest, Tests, Version=1.0.0.0, Culture=neutral, PublicKeyToken=null" name="grabarUsuarioTest" />
    </UnitTest>
    <UnitTest name="buscarPorDescripcionTest" storage="c:\users\diego\documents\visual studio 2010\projects\uniprof\tests\bin\release\tests.dll" id="b8f7e814-b981-7bd7-8770-09bbc779dc13">
      <Execution id="7924e8af-1f55-49db-9b7e-b0b474b977c4" />
      <TestMethod codeBase="C:/Users/Diego/Documents/Visual Studio 2010/Projects/Uniprof/Tests/bin/Release/Tests.DLL" adapterTypeName="Microsoft.VisualStudio.TestTools.TestTypes.Unit.UnitTestAdapter, Microsoft.VisualStudio.QualityTools.Tips.UnitTest.Adapter, Version=10.0.0.0, Culture=neutral, PublicKeyToken=b03f5f7f11d50a3a" className="Tests.TipoInsumoTDGTest, Tests, Version=1.0.0.0, Culture=neutral, PublicKeyToken=null" name="buscarPorDescripcionTest" />
    </UnitTest>
    <UnitTest name="buscarNewsletterPorIdTest" storage="c:\users\diego\documents\visual studio 2010\projects\uniprof\tests\bin\release\tests.dll" id="e7af5983-4779-41b6-14d3-f05ee86282c2">
      <Execution id="bf3cedb9-1e52-40f7-ac37-1e96318984a0" />
      <TestMethod codeBase="C:/Users/Diego/Documents/Visual Studio 2010/Projects/Uniprof/Tests/bin/Release/Tests.DLL" adapterTypeName="Microsoft.VisualStudio.TestTools.TestTypes.Unit.UnitTestAdapter, Microsoft.VisualStudio.QualityTools.Tips.UnitTest.Adapter, Version=10.0.0.0, Culture=neutral, PublicKeyToken=b03f5f7f11d50a3a" className="Tests.NewsletterBusinessTest, Tests, Version=1.0.0.0, Culture=neutral, PublicKeyToken=null" name="buscarNewsletterPorIdTest" />
    </UnitTest>
    <UnitTest name="ListarPrendasTest" storage="c:\users\diego\documents\visual studio 2010\projects\uniprof\tests\bin\release\tests.dll" id="468ca457-0ed7-03c2-646c-9f2875316428">
      <Execution id="7d97d35f-142e-438d-abcd-2a5f44b654a7" />
      <TestMethod codeBase="C:/Users/Diego/Documents/Visual Studio 2010/Projects/Uniprof/Tests/bin/Release/Tests.DLL" adapterTypeName="Microsoft.VisualStudio.TestTools.TestTypes.Unit.UnitTestAdapter, Microsoft.VisualStudio.QualityTools.Tips.UnitTest.Adapter, Version=10.0.0.0, Culture=neutral, PublicKeyToken=b03f5f7f11d50a3a" className="Tests.TipoPrendaBusinessTest, Tests, Version=1.0.0.0, Culture=neutral, PublicKeyToken=null" name="ListarPrendasTest" />
    </UnitTest>
    <UnitTest name="borrarNewsletterTest" storage="c:\users\diego\documents\visual studio 2010\projects\uniprof\tests\bin\release\tests.dll" id="a17744d1-ab11-f591-d328-1ad420c98fbd">
      <Execution id="c46dc981-30c3-4f1f-b52b-ffe220275bc1" />
      <TestMethod codeBase="C:/Users/Diego/Documents/Visual Studio 2010/Projects/Uniprof/Tests/bin/Release/Tests.DLL" adapterTypeName="Microsoft.VisualStudio.TestTools.TestTypes.Unit.UnitTestAdapter, Microsoft.VisualStudio.QualityTools.Tips.UnitTest.Adapter, Version=10.0.0.0, Culture=neutral, PublicKeyToken=b03f5f7f11d50a3a" className="Tests.NewsletterTDGTest, Tests, Version=1.0.0.0, Culture=neutral, PublicKeyToken=null" name="borrarNewsletterTest" />
    </UnitTest>
    <UnitTest name="cargarUsuarioTest" storage="c:\users\diego\documents\visual studio 2010\projects\uniprof\tests\bin\release\tests.dll" id="84b841c4-bb70-5525-3ae9-fa35ed11627d">
      <Execution id="e412bb37-9ff3-4688-96b8-4ac8e1421948" />
      <TestMethod codeBase="C:/Users/Diego/Documents/Visual Studio 2010/Projects/Uniprof/Tests/bin/Release/Tests.DLL" adapterTypeName="Microsoft.VisualStudio.TestTools.TestTypes.Unit.UnitTestAdapter, Microsoft.VisualStudio.QualityTools.Tips.UnitTest.Adapter, Version=10.0.0.0, Culture=neutral, PublicKeyToken=b03f5f7f11d50a3a" className="Tests.UsuarioTDGTest, Tests, Version=1.0.0.0, Culture=neutral, PublicKeyToken=null" name="cargarUsuarioTest" />
    </UnitTest>
    <UnitTest name="CambiarEstadoPedidoTest" storage="c:\users\diego\documents\visual studio 2010\projects\uniprof\tests\bin\release\tests.dll" id="2277aaf3-514d-5d22-b68b-739c3ef345a2">
      <Execution id="b5d43765-5cda-427b-b42f-c29b3dd58f56" />
      <TestMethod codeBase="C:/Users/Diego/Documents/Visual Studio 2010/Projects/Uniprof/Tests/bin/Release/Tests.DLL" adapterTypeName="Microsoft.VisualStudio.TestTools.TestTypes.Unit.UnitTestAdapter, Microsoft.VisualStudio.QualityTools.Tips.UnitTest.Adapter, Version=10.0.0.0, Culture=neutral, PublicKeyToken=b03f5f7f11d50a3a" className="Tests.PedidoBusinessTest, Tests, Version=1.0.0.0, Culture=neutral, PublicKeyToken=null" name="CambiarEstadoPedidoTest" />
    </UnitTest>
    <UnitTest name="grabarProduccionTest" storage="c:\users\diego\documents\visual studio 2010\projects\uniprof\tests\bin\release\tests.dll" id="2ecef026-d4ff-850b-2022-72b81bdf2047">
      <Execution id="c71329fb-b391-433d-8f70-1d705515e59c" />
      <TestMethod codeBase="C:/Users/Diego/Documents/Visual Studio 2010/Projects/Uniprof/Tests/bin/Release/Tests.DLL" adapterTypeName="Microsoft.VisualStudio.TestTools.TestTypes.Unit.UnitTestAdapter, Microsoft.VisualStudio.QualityTools.Tips.UnitTest.Adapter, Version=10.0.0.0, Culture=neutral, PublicKeyToken=b03f5f7f11d50a3a" className="Tests.ProduccionRepositorioTest, Tests, Version=1.0.0.0, Culture=neutral, PublicKeyToken=null" name="grabarProduccionTest" />
    </UnitTest>
    <UnitTest name="cargarFacturasConRestriccionesTest" storage="c:\users\diego\documents\visual studio 2010\projects\uniprof\tests\bin\release\tests.dll" id="513854bd-1669-ed84-d891-6995e53105ac">
      <Execution id="8435bafa-775f-4677-82d7-f09f76a2ccb9" />
      <TestMethod codeBase="C:/Users/Diego/Documents/Visual Studio 2010/Projects/Uniprof/Tests/bin/Release/Tests.DLL" adapterTypeName="Microsoft.VisualStudio.TestTools.TestTypes.Unit.UnitTestAdapter, Microsoft.VisualStudio.QualityTools.Tips.UnitTest.Adapter, Version=10.0.0.0, Culture=neutral, PublicKeyToken=b03f5f7f11d50a3a" className="Tests.FacturaTDGTest, Tests, Version=1.0.0.0, Culture=neutral, PublicKeyToken=null" name="cargarFacturasConRestriccionesTest" />
    </UnitTest>
    <UnitTest name="borrarPedidoTest" storage="c:\users\diego\documents\visual studio 2010\projects\uniprof\tests\bin\release\tests.dll" id="20d5f305-5003-b633-f12a-b60950a7d487">
      <Execution id="a1fb0000-cb65-47a9-9b17-f87b10b850c5" />
      <TestMethod codeBase="C:/Users/Diego/Documents/Visual Studio 2010/Projects/Uniprof/Tests/bin/Release/Tests.DLL" adapterTypeName="Microsoft.VisualStudio.TestTools.TestTypes.Unit.UnitTestAdapter, Microsoft.VisualStudio.QualityTools.Tips.UnitTest.Adapter, Version=10.0.0.0, Culture=neutral, PublicKeyToken=b03f5f7f11d50a3a" className="Tests.PedidoTDGTest, Tests, Version=1.0.0.0, Culture=neutral, PublicKeyToken=null" name="borrarPedidoTest" />
    </UnitTest>
    <UnitTest name="listarMovimientosPorNroTest" storage="c:\users\diego\documents\visual studio 2010\projects\uniprof\tests\bin\release\tests.dll" id="0321ef45-ca6a-c46f-356f-5dff04b055f8">
      <Execution id="920fa509-56c2-4f46-9d8c-bc775fc8ca5f" />
      <TestMethod codeBase="C:/Users/Diego/Documents/Visual Studio 2010/Projects/Uniprof/Tests/bin/Release/Tests.DLL" adapterTypeName="Microsoft.VisualStudio.TestTools.TestTypes.Unit.UnitTestAdapter, Microsoft.VisualStudio.QualityTools.Tips.UnitTest.Adapter, Version=10.0.0.0, Culture=neutral, PublicKeyToken=b03f5f7f11d50a3a" className="Tests.MovimientoCuentaClienteRepositorioTest, Tests, Version=1.0.0.0, Culture=neutral, PublicKeyToken=null" name="listarMovimientosPorNroTest" />
    </UnitTest>
    <UnitTest name="listarMovimientosTest" storage="c:\users\diego\documents\visual studio 2010\projects\uniprof\tests\bin\release\tests.dll" id="e02e0a67-6c2d-0c94-cb65-8df5b3dc5cea">
      <Execution id="814873e3-e99b-4338-88df-cde83bcd1812" />
      <TestMethod codeBase="C:/Users/Diego/Documents/Visual Studio 2010/Projects/Uniprof/Tests/bin/Release/Tests.DLL" adapterTypeName="Microsoft.VisualStudio.TestTools.TestTypes.Unit.UnitTestAdapter, Microsoft.VisualStudio.QualityTools.Tips.UnitTest.Adapter, Version=10.0.0.0, Culture=neutral, PublicKeyToken=b03f5f7f11d50a3a" className="Tests.MovimientoProveedorBusinessTest, Tests, Version=1.0.0.0, Culture=neutral, PublicKeyToken=null" name="listarMovimientosTest" />
    </UnitTest>
    <UnitTest name="actualizarDiseñosTest" storage="c:\users\diego\documents\visual studio 2010\projects\uniprof\tests\bin\release\tests.dll" id="aee8bdae-93b9-94cd-dc66-4af8f0d1e925">
      <Execution id="be4de0d3-3428-402f-9d42-fe74493623db" />
      <TestMethod codeBase="C:/Users/Diego/Documents/Visual Studio 2010/Projects/Uniprof/Tests/bin/Release/Tests.DLL" adapterTypeName="Microsoft.VisualStudio.TestTools.TestTypes.Unit.UnitTestAdapter, Microsoft.VisualStudio.QualityTools.Tips.UnitTest.Adapter, Version=10.0.0.0, Culture=neutral, PublicKeyToken=b03f5f7f11d50a3a" className="Tests.DiseñoTDGTest, Tests, Version=1.0.0.0, Culture=neutral, PublicKeyToken=null" name="actualizarDiseñosTest" />
    </UnitTest>
    <UnitTest name="borrarProduccionTest" storage="c:\users\diego\documents\visual studio 2010\projects\uniprof\tests\bin\release\tests.dll" id="254f3c87-cb8f-24cb-6d93-8a60e4e333c0">
      <Execution id="97899455-556a-490e-8fb2-bb82533d9f9b" />
      <TestMethod codeBase="C:/Users/Diego/Documents/Visual Studio 2010/Projects/Uniprof/Tests/bin/Release/Tests.DLL" adapterTypeName="Microsoft.VisualStudio.TestTools.TestTypes.Unit.UnitTestAdapter, Microsoft.VisualStudio.QualityTools.Tips.UnitTest.Adapter, Version=10.0.0.0, Culture=neutral, PublicKeyToken=b03f5f7f11d50a3a" className="Tests.ProduccionTDGTest, Tests, Version=1.0.0.0, Culture=neutral, PublicKeyToken=null" name="borrarProduccionTest" />
    </UnitTest>
    <UnitTest name="grabarInsumoTest" storage="c:\users\diego\documents\visual studio 2010\projects\uniprof\tests\bin\release\tests.dll" id="55841f62-e499-c1d2-7702-e492ea6411db">
      <Execution id="353dbeed-d91c-4882-b90e-e52ffc70ae2a" />
      <TestMethod codeBase="C:/Users/Diego/Documents/Visual Studio 2010/Projects/Uniprof/Tests/bin/Release/Tests.DLL" adapterTypeName="Microsoft.VisualStudio.TestTools.TestTypes.Unit.UnitTestAdapter, Microsoft.VisualStudio.QualityTools.Tips.UnitTest.Adapter, Version=10.0.0.0, Culture=neutral, PublicKeyToken=b03f5f7f11d50a3a" className="Tests.InsumoTDGTest, Tests, Version=1.0.0.0, Culture=neutral, PublicKeyToken=null" name="grabarInsumoTest" />
    </UnitTest>
    <UnitTest name="calcularTimepoTrabajoTest" storage="c:\users\diego\documents\visual studio 2010\projects\uniprof\tests\bin\release\tests.dll" id="f90c4160-5714-951f-7521-1af6d342eb17">
      <Execution id="b51b1eea-4903-4ff6-ab98-9117421a5a7c" />
      <TestMethod codeBase="C:/Users/Diego/Documents/Visual Studio 2010/Projects/Uniprof/Tests/bin/Release/Tests.DLL" adapterTypeName="Microsoft.VisualStudio.TestTools.TestTypes.Unit.UnitTestAdapter, Microsoft.VisualStudio.QualityTools.Tips.UnitTest.Adapter, Version=10.0.0.0, Culture=neutral, PublicKeyToken=b03f5f7f11d50a3a" className="Tests.ProduccionBusinessTest, Tests, Version=1.0.0.0, Culture=neutral, PublicKeyToken=null" name="calcularTimepoTrabajoTest" />
    </UnitTest>
    <UnitTest name="buscarProveedorPorCodigoTest" storage="c:\users\diego\documents\visual studio 2010\projects\uniprof\tests\bin\release\tests.dll" id="3f50a717-0b73-d5bd-41bc-37d26b580e88">
      <Execution id="11ce898e-2921-4394-9434-2b46397cbc19" />
      <TestMethod codeBase="C:/Users/Diego/Documents/Visual Studio 2010/Projects/Uniprof/Tests/bin/Release/Tests.DLL" adapterTypeName="Microsoft.VisualStudio.TestTools.TestTypes.Unit.UnitTestAdapter, Microsoft.VisualStudio.QualityTools.Tips.UnitTest.Adapter, Version=10.0.0.0, Culture=neutral, PublicKeyToken=b03f5f7f11d50a3a" className="Tests.ProveedorBusinessTest, Tests, Version=1.0.0.0, Culture=neutral, PublicKeyToken=null" name="buscarProveedorPorCodigoTest" />
    </UnitTest>
    <UnitTest name="buscarNewsletterPorIdTest" storage="c:\users\diego\documents\visual studio 2010\projects\uniprof\tests\bin\release\tests.dll" id="7a5f4dc9-0c0b-a16a-647b-478ba12b4828">
      <Execution id="b5ecccbe-c0e5-422e-b4f8-5f98bbc95f5f" />
      <TestMethod codeBase="C:/Users/Diego/Documents/Visual Studio 2010/Projects/Uniprof/Tests/bin/Release/Tests.DLL" adapterTypeName="Microsoft.VisualStudio.TestTools.TestTypes.Unit.UnitTestAdapter, Microsoft.VisualStudio.QualityTools.Tips.UnitTest.Adapter, Version=10.0.0.0, Culture=neutral, PublicKeyToken=b03f5f7f11d50a3a" className="Tests.NewsletterRepositorioTest, Tests, Version=1.0.0.0, Culture=neutral, PublicKeyToken=null" name="buscarNewsletterPorIdTest" />
    </UnitTest>
    <UnitTest name="buscarMovimintosTest" storage="c:\users\diego\documents\visual studio 2010\projects\uniprof\tests\bin\release\tests.dll" id="5f6ca830-a7f5-404d-2afc-b5fe8dc971de">
      <Execution id="25e8a144-df12-4ee0-83c1-670c902d73f4" />
      <TestMethod codeBase="C:/Users/Diego/Documents/Visual Studio 2010/Projects/Uniprof/Tests/bin/Release/Tests.DLL" adapterTypeName="Microsoft.VisualStudio.TestTools.TestTypes.Unit.UnitTestAdapter, Microsoft.VisualStudio.QualityTools.Tips.UnitTest.Adapter, Version=10.0.0.0, Culture=neutral, PublicKeyToken=b03f5f7f11d50a3a" className="Tests.MovimientoClienteBusinessTest, Tests, Version=1.0.0.0, Culture=neutral, PublicKeyToken=null" name="buscarMovimintosTest" />
    </UnitTest>
    <UnitTest name="grabarLineaTest" storage="c:\users\diego\documents\visual studio 2010\projects\uniprof\tests\bin\release\tests.dll" id="e9b80469-e28c-1b2c-5a36-980b3cb0f728">
      <Execution id="9e99be9c-efa8-4077-aa73-929ac8d33489" />
      <TestMethod codeBase="C:/Users/Diego/Documents/Visual Studio 2010/Projects/Uniprof/Tests/bin/Release/Tests.DLL" adapterTypeName="Microsoft.VisualStudio.TestTools.TestTypes.Unit.UnitTestAdapter, Microsoft.VisualStudio.QualityTools.Tips.UnitTest.Adapter, Version=10.0.0.0, Culture=neutral, PublicKeyToken=b03f5f7f11d50a3a" className="Tests.LineaFacturaTDGTest, Tests, Version=1.0.0.0, Culture=neutral, PublicKeyToken=null" name="grabarLineaTest" />
    </UnitTest>
    <UnitTest name="listarConversacionesPorIdTest" storage="c:\users\diego\documents\visual studio 2010\projects\uniprof\tests\bin\release\tests.dll" id="5062f8db-d3cc-b220-b391-1deb74053b65">
      <Execution id="33b3b1f3-b63f-4901-abbd-ab44bcb7a304" />
      <TestMethod codeBase="C:/Users/Diego/Documents/Visual Studio 2010/Projects/Uniprof/Tests/bin/Release/Tests.DLL" adapterTypeName="Microsoft.VisualStudio.TestTools.TestTypes.Unit.UnitTestAdapter, Microsoft.VisualStudio.QualityTools.Tips.UnitTest.Adapter, Version=10.0.0.0, Culture=neutral, PublicKeyToken=b03f5f7f11d50a3a" className="Tests.ConversacionBusinessTest, Tests, Version=1.0.0.0, Culture=neutral, PublicKeyToken=null" name="listarConversacionesPorIdTest" />
    </UnitTest>
    <UnitTest name="buscarOpinionPorCriterioTest" storage="c:\users\diego\documents\visual studio 2010\projects\uniprof\tests\bin\release\tests.dll" id="a835695f-f8af-58f4-71d0-57d24fa7d90f">
      <Execution id="7fd3aa67-3862-404c-93cd-4981b51430c1" />
      <TestMethod codeBase="C:/Users/Diego/Documents/Visual Studio 2010/Projects/Uniprof/Tests/bin/Release/Tests.DLL" adapterTypeName="Microsoft.VisualStudio.TestTools.TestTypes.Unit.UnitTestAdapter, Microsoft.VisualStudio.QualityTools.Tips.UnitTest.Adapter, Version=10.0.0.0, Culture=neutral, PublicKeyToken=b03f5f7f11d50a3a" className="Tests.OpinionTDGTest, Tests, Version=1.0.0.0, Culture=neutral, PublicKeyToken=null" name="buscarOpinionPorCriterioTest" />
    </UnitTest>
    <UnitTest name="grabarOrdenDeCompraTest" storage="c:\users\diego\documents\visual studio 2010\projects\uniprof\tests\bin\release\tests.dll" id="adc4b822-2dd8-fb80-0aec-e1f18a81e266">
      <Execution id="a2e51af4-1a3c-4fc1-9cd8-9d850fabfdf0" />
      <TestMethod codeBase="C:/Users/Diego/Documents/Visual Studio 2010/Projects/Uniprof/Tests/bin/Release/Tests.DLL" adapterTypeName="Microsoft.VisualStudio.TestTools.TestTypes.Unit.UnitTestAdapter, Microsoft.VisualStudio.QualityTools.Tips.UnitTest.Adapter, Version=10.0.0.0, Culture=neutral, PublicKeyToken=b03f5f7f11d50a3a" className="Tests.OrdenCompraRepositorioTest, Tests, Version=1.0.0.0, Culture=neutral, PublicKeyToken=null" name="grabarOrdenDeCompraTest" />
    </UnitTest>
    <UnitTest name="borrarPrendaTest" storage="c:\users\diego\documents\visual studio 2010\projects\uniprof\tests\bin\release\tests.dll" id="a472a839-6eaa-12b1-21fb-e977ec47cce0">
      <Execution id="308e07e4-6b7e-4fa5-8b7f-d86efb424649" />
      <TestMethod codeBase="C:/Users/Diego/Documents/Visual Studio 2010/Projects/Uniprof/Tests/bin/Release/Tests.DLL" adapterTypeName="Microsoft.VisualStudio.TestTools.TestTypes.Unit.UnitTestAdapter, Microsoft.VisualStudio.QualityTools.Tips.UnitTest.Adapter, Version=10.0.0.0, Culture=neutral, PublicKeyToken=b03f5f7f11d50a3a" className="Tests.TipoPrendaTDGTest, Tests, Version=1.0.0.0, Culture=neutral, PublicKeyToken=null" name="borrarPrendaTest" />
    </UnitTest>
    <UnitTest name="buscarPrimerosHuecosMaquinaTest4" storage="c:\users\diego\documents\visual studio 2010\projects\uniprof\tests\bin\release\tests.dll" id="a77c41d3-5bba-1c1e-e81f-7a02217342bf">
      <Execution id="58d04dc9-9722-480e-90b5-586805e18bfd" />
      <TestMethod codeBase="C:/Users/Diego/Documents/Visual Studio 2010/Projects/Uniprof/Tests/bin/Release/Tests.DLL" adapterTypeName="Microsoft.VisualStudio.TestTools.TestTypes.Unit.UnitTestAdapter, Microsoft.VisualStudio.QualityTools.Tips.UnitTest.Adapter, Version=10.0.0.0, Culture=neutral, PublicKeyToken=b03f5f7f11d50a3a" className="Tests.ProduccionBusinessTest, Tests, Version=1.0.0.0, Culture=neutral, PublicKeyToken=null" name="buscarPrimerosHuecosMaquinaTest4" />
    </UnitTest>
    <UnitTest name="grabarDiseñosTest" storage="c:\users\diego\documents\visual studio 2010\projects\uniprof\tests\bin\release\tests.dll" id="9fd9a588-56ca-0b4b-82c9-064d2bfbe430">
      <Execution id="fc4e3915-d541-4063-b569-456078e1b519" />
      <TestMethod codeBase="C:/Users/Diego/Documents/Visual Studio 2010/Projects/Uniprof/Tests/bin/Release/Tests.DLL" adapterTypeName="Microsoft.VisualStudio.TestTools.TestTypes.Unit.UnitTestAdapter, Microsoft.VisualStudio.QualityTools.Tips.UnitTest.Adapter, Version=10.0.0.0, Culture=neutral, PublicKeyToken=b03f5f7f11d50a3a" className="Tests.DiseñoTDGTest, Tests, Version=1.0.0.0, Culture=neutral, PublicKeyToken=null" name="grabarDiseñosTest" />
    </UnitTest>
    <UnitTest name="cargarClienteTest" storage="c:\users\diego\documents\visual studio 2010\projects\uniprof\tests\bin\release\tests.dll" id="a4e8ed3d-c4ae-1ca8-df36-ee362c8b196a">
      <Execution id="afffa339-0aec-45c9-bee4-71370da774a7" />
      <TestMethod codeBase="C:/Users/Diego/Documents/Visual Studio 2010/Projects/Uniprof/Tests/bin/Release/Tests.DLL" adapterTypeName="Microsoft.VisualStudio.TestTools.TestTypes.Unit.UnitTestAdapter, Microsoft.VisualStudio.QualityTools.Tips.UnitTest.Adapter, Version=10.0.0.0, Culture=neutral, PublicKeyToken=b03f5f7f11d50a3a" className="Tests.ClienteTDGTest, Tests, Version=1.0.0.0, Culture=neutral, PublicKeyToken=null" name="cargarClienteTest" />
    </UnitTest>
    <UnitTest name="actualizarFamiliaTest" storage="c:\users\diego\documents\visual studio 2010\projects\uniprof\tests\bin\release\tests.dll" id="251887f2-80b7-06cc-ae64-369889df804d">
      <Execution id="7ba7c9ae-423f-488d-adb2-4a1dadfdbd39" />
      <TestMethod codeBase="C:/Users/Diego/Documents/Visual Studio 2010/Projects/Uniprof/Tests/bin/Release/Tests.DLL" adapterTypeName="Microsoft.VisualStudio.TestTools.TestTypes.Unit.UnitTestAdapter, Microsoft.VisualStudio.QualityTools.Tips.UnitTest.Adapter, Version=10.0.0.0, Culture=neutral, PublicKeyToken=b03f5f7f11d50a3a" className="Tests.FamiliaRepositorioTest, Tests, Version=1.0.0.0, Culture=neutral, PublicKeyToken=null" name="actualizarFamiliaTest" />
    </UnitTest>
    <UnitTest name="guardarArticuloTest" storage="c:\users\diego\documents\visual studio 2010\projects\uniprof\tests\bin\release\tests.dll" id="53e8a9c8-96f4-eccd-a6cf-588d5c1fbc4b">
      <Execution id="be4b3fb0-d3c4-4cdb-8116-78d9934f8e1b" />
      <TestMethod codeBase="C:/Users/Diego/Documents/Visual Studio 2010/Projects/Uniprof/Tests/bin/Release/Tests.DLL" adapterTypeName="Microsoft.VisualStudio.TestTools.TestTypes.Unit.UnitTestAdapter, Microsoft.VisualStudio.QualityTools.Tips.UnitTest.Adapter, Version=10.0.0.0, Culture=neutral, PublicKeyToken=b03f5f7f11d50a3a" className="Tests.ArticuloBusinessTest, Tests, Version=1.0.0.0, Culture=neutral, PublicKeyToken=null" name="guardarArticuloTest" />
    </UnitTest>
    <UnitTest name="cargarPatentesTest" storage="c:\users\diego\documents\visual studio 2010\projects\uniprof\tests\bin\release\tests.dll" id="acceeb2f-d3a0-c7eb-0a8a-89ba3e60aa95">
      <Execution id="0ad921fe-bcca-4931-b4a4-04b99e00b14e" />
      <TestMethod codeBase="C:/Users/Diego/Documents/Visual Studio 2010/Projects/Uniprof/Tests/bin/Release/Tests.DLL" adapterTypeName="Microsoft.VisualStudio.TestTools.TestTypes.Unit.UnitTestAdapter, Microsoft.VisualStudio.QualityTools.Tips.UnitTest.Adapter, Version=10.0.0.0, Culture=neutral, PublicKeyToken=b03f5f7f11d50a3a" className="Tests.PatenteRepositorioTest, Tests, Version=1.0.0.0, Culture=neutral, PublicKeyToken=null" name="cargarPatentesTest" />
    </UnitTest>
    <UnitTest name="borrarDiseñoTest" storage="c:\users\diego\documents\visual studio 2010\projects\uniprof\tests\bin\release\tests.dll" id="9355e16b-4728-468a-6844-3354852565f0">
      <Execution id="5065aca4-d82f-44a6-9df3-0af0d52f39a2" />
      <TestMethod codeBase="C:/Users/Diego/Documents/Visual Studio 2010/Projects/Uniprof/Tests/bin/Release/Tests.DLL" adapterTypeName="Microsoft.VisualStudio.TestTools.TestTypes.Unit.UnitTestAdapter, Microsoft.VisualStudio.QualityTools.Tips.UnitTest.Adapter, Version=10.0.0.0, Culture=neutral, PublicKeyToken=b03f5f7f11d50a3a" className="Tests.DiseñoRepositorioTest, Tests, Version=1.0.0.0, Culture=neutral, PublicKeyToken=null" name="borrarDiseñoTest" />
    </UnitTest>
    <UnitTest name="listarProduccionPorArticuloTest" storage="c:\users\diego\documents\visual studio 2010\projects\uniprof\tests\bin\release\tests.dll" id="f0936119-968f-f4d0-680f-3a810a2a1183">
      <Execution id="4bc83293-f7ad-4ef9-9f33-5951ec90919e" />
      <TestMethod codeBase="C:/Users/Diego/Documents/Visual Studio 2010/Projects/Uniprof/Tests/bin/Release/Tests.DLL" adapterTypeName="Microsoft.VisualStudio.TestTools.TestTypes.Unit.UnitTestAdapter, Microsoft.VisualStudio.QualityTools.Tips.UnitTest.Adapter, Version=10.0.0.0, Culture=neutral, PublicKeyToken=b03f5f7f11d50a3a" className="Tests.ProduccionBusinessTest, Tests, Version=1.0.0.0, Culture=neutral, PublicKeyToken=null" name="listarProduccionPorArticuloTest" />
    </UnitTest>
    <UnitTest name="listarMovimientosPorNroTest" storage="c:\users\diego\documents\visual studio 2010\projects\uniprof\tests\bin\release\tests.dll" id="d4992a93-c61f-e7a7-6c4a-4dd37d506f00">
      <Execution id="b3f7f0e8-dd7c-462a-a1fd-53732facba20" />
      <TestMethod codeBase="C:/Users/Diego/Documents/Visual Studio 2010/Projects/Uniprof/Tests/bin/Release/Tests.DLL" adapterTypeName="Microsoft.VisualStudio.TestTools.TestTypes.Unit.UnitTestAdapter, Microsoft.VisualStudio.QualityTools.Tips.UnitTest.Adapter, Version=10.0.0.0, Culture=neutral, PublicKeyToken=b03f5f7f11d50a3a" className="Tests.MovimientoClienteBusinessTest, Tests, Version=1.0.0.0, Culture=neutral, PublicKeyToken=null" name="listarMovimientosPorNroTest" />
    </UnitTest>
    <UnitTest name="cargarMaquinasTest" storage="c:\users\diego\documents\visual studio 2010\projects\uniprof\tests\bin\release\tests.dll" id="a8b0ac8d-b3ff-6693-a29b-869418f5d04f">
      <Execution id="8959e212-0a43-4808-8b75-22fa4c88a950" />
      <TestMethod codeBase="C:/Users/Diego/Documents/Visual Studio 2010/Projects/Uniprof/Tests/bin/Release/Tests.DLL" adapterTypeName="Microsoft.VisualStudio.TestTools.TestTypes.Unit.UnitTestAdapter, Microsoft.VisualStudio.QualityTools.Tips.UnitTest.Adapter, Version=10.0.0.0, Culture=neutral, PublicKeyToken=b03f5f7f11d50a3a" className="Tests.MaquinaTDGTest, Tests, Version=1.0.0.0, Culture=neutral, PublicKeyToken=null" name="cargarMaquinasTest" />
    </UnitTest>
    <UnitTest name="listarFacturasPorClienteTest" storage="c:\users\diego\documents\visual studio 2010\projects\uniprof\tests\bin\release\tests.dll" id="bf901687-526e-3c4f-d25d-5f1eb0ec55f2">
      <Execution id="71d4a60b-786c-47a3-a556-a34000a45606" />
      <TestMethod codeBase="C:/Users/Diego/Documents/Visual Studio 2010/Projects/Uniprof/Tests/bin/Release/Tests.DLL" adapterTypeName="Microsoft.VisualStudio.TestTools.TestTypes.Unit.UnitTestAdapter, Microsoft.VisualStudio.QualityTools.Tips.UnitTest.Adapter, Version=10.0.0.0, Culture=neutral, PublicKeyToken=b03f5f7f11d50a3a" className="Tests.FacturaRepositorioTest, Tests, Version=1.0.0.0, Culture=neutral, PublicKeyToken=null" name="listarFacturasPorClienteTest" />
    </UnitTest>
    <UnitTest name="calcularTimepoTrabajoTest2" storage="c:\users\diego\documents\visual studio 2010\projects\uniprof\tests\bin\release\tests.dll" id="a27af6eb-87dc-b90f-c4ca-d8cb1c7c2454">
      <Execution id="b2a03a0a-c825-4075-bb7e-97535b9f613b" />
      <TestMethod codeBase="C:/Users/Diego/Documents/Visual Studio 2010/Projects/Uniprof/Tests/bin/Release/Tests.DLL" adapterTypeName="Microsoft.VisualStudio.TestTools.TestTypes.Unit.UnitTestAdapter, Microsoft.VisualStudio.QualityTools.Tips.UnitTest.Adapter, Version=10.0.0.0, Culture=neutral, PublicKeyToken=b03f5f7f11d50a3a" className="Tests.ProduccionBusinessTest, Tests, Version=1.0.0.0, Culture=neutral, PublicKeyToken=null" name="calcularTimepoTrabajoTest2" />
    </UnitTest>
    <UnitTest name="borrarMovimientosTest" storage="c:\users\diego\documents\visual studio 2010\projects\uniprof\tests\bin\release\tests.dll" id="c9059140-bd68-daef-e19b-ffc08869ca24">
      <Execution id="014a62e8-9e18-486c-9291-75cbbb304347" />
      <TestMethod codeBase="C:/Users/Diego/Documents/Visual Studio 2010/Projects/Uniprof/Tests/bin/Release/Tests.DLL" adapterTypeName="Microsoft.VisualStudio.TestTools.TestTypes.Unit.UnitTestAdapter, Microsoft.VisualStudio.QualityTools.Tips.UnitTest.Adapter, Version=10.0.0.0, Culture=neutral, PublicKeyToken=b03f5f7f11d50a3a" className="Tests.MovimientoStockTDGTest, Tests, Version=1.0.0.0, Culture=neutral, PublicKeyToken=null" name="borrarMovimientosTest" />
    </UnitTest>
    <UnitTest name="buscarNewsletterPorNombreTest" storage="c:\users\diego\documents\visual studio 2010\projects\uniprof\tests\bin\release\tests.dll" id="a6fd86e1-4eca-846a-5e19-70da718a6391">
      <Execution id="1d45b13d-10b4-4711-ad45-a589825abd50" />
      <TestMethod codeBase="C:/Users/Diego/Documents/Visual Studio 2010/Projects/Uniprof/Tests/bin/Release/Tests.DLL" adapterTypeName="Microsoft.VisualStudio.TestTools.TestTypes.Unit.UnitTestAdapter, Microsoft.VisualStudio.QualityTools.Tips.UnitTest.Adapter, Version=10.0.0.0, Culture=neutral, PublicKeyToken=b03f5f7f11d50a3a" className="Tests.NewsletterBusinessTest, Tests, Version=1.0.0.0, Culture=neutral, PublicKeyToken=null" name="buscarNewsletterPorNombreTest" />
    </UnitTest>
    <UnitTest name="actualizarFamiliaTest" storage="c:\users\diego\documents\visual studio 2010\projects\uniprof\tests\bin\release\tests.dll" id="68862084-d3f3-3b6a-8d1d-63a8120425c8">
      <Execution id="6848ee9e-01f3-43a2-9afe-1ccbfba90b3c" />
      <TestMethod codeBase="C:/Users/Diego/Documents/Visual Studio 2010/Projects/Uniprof/Tests/bin/Release/Tests.DLL" adapterTypeName="Microsoft.VisualStudio.TestTools.TestTypes.Unit.UnitTestAdapter, Microsoft.VisualStudio.QualityTools.Tips.UnitTest.Adapter, Version=10.0.0.0, Culture=neutral, PublicKeyToken=b03f5f7f11d50a3a" className="Tests.FamiliaBusinessTest, Tests, Version=1.0.0.0, Culture=neutral, PublicKeyToken=null" name="actualizarFamiliaTest" />
    </UnitTest>
    <UnitTest name="actualizarProduccionTest" storage="c:\users\diego\documents\visual studio 2010\projects\uniprof\tests\bin\release\tests.dll" id="de04a58d-71f5-e1d1-1d14-e423a290a69c">
      <Execution id="a46d75ea-c8cc-4755-b696-477828f7e63b" />
      <TestMethod codeBase="C:/Users/Diego/Documents/Visual Studio 2010/Projects/Uniprof/Tests/bin/Release/Tests.DLL" adapterTypeName="Microsoft.VisualStudio.TestTools.TestTypes.Unit.UnitTestAdapter, Microsoft.VisualStudio.QualityTools.Tips.UnitTest.Adapter, Version=10.0.0.0, Culture=neutral, PublicKeyToken=b03f5f7f11d50a3a" className="Tests.ProduccionBusinessTest, Tests, Version=1.0.0.0, Culture=neutral, PublicKeyToken=null" name="actualizarProduccionTest" />
    </UnitTest>
    <UnitTest name="cargarFacturasTest" storage="c:\users\diego\documents\visual studio 2010\projects\uniprof\tests\bin\release\tests.dll" id="66accf62-c8b1-294a-c12d-5fcb04e3bddf">
      <Execution id="05c24728-3c7a-482f-8ee1-ea19cdac5330" />
      <TestMethod codeBase="C:/Users/Diego/Documents/Visual Studio 2010/Projects/Uniprof/Tests/bin/Release/Tests.DLL" adapterTypeName="Microsoft.VisualStudio.TestTools.TestTypes.Unit.UnitTestAdapter, Microsoft.VisualStudio.QualityTools.Tips.UnitTest.Adapter, Version=10.0.0.0, Culture=neutral, PublicKeyToken=b03f5f7f11d50a3a" className="Tests.FacturaTDGTest, Tests, Version=1.0.0.0, Culture=neutral, PublicKeyToken=null" name="cargarFacturasTest" />
    </UnitTest>
    <UnitTest name="cargarlistaProduccionTest" storage="c:\users\diego\documents\visual studio 2010\projects\uniprof\tests\bin\release\tests.dll" id="15a2dfa0-b5da-ca0f-1901-200d0b50ec37">
      <Execution id="9152fb6d-98c6-46ae-b56f-d64729942ce9" />
      <TestMethod codeBase="C:/Users/Diego/Documents/Visual Studio 2010/Projects/Uniprof/Tests/bin/Release/Tests.DLL" adapterTypeName="Microsoft.VisualStudio.TestTools.TestTypes.Unit.UnitTestAdapter, Microsoft.VisualStudio.QualityTools.Tips.UnitTest.Adapter, Version=10.0.0.0, Culture=neutral, PublicKeyToken=b03f5f7f11d50a3a" className="Tests.ProduccionTDGTest, Tests, Version=1.0.0.0, Culture=neutral, PublicKeyToken=null" name="cargarlistaProduccionTest" />
    </UnitTest>
    <UnitTest name="listarMovimientosPorProveedorTest" storage="c:\users\diego\documents\visual studio 2010\projects\uniprof\tests\bin\release\tests.dll" id="47829263-2bc4-1929-0c73-083969548a33">
      <Execution id="6d5fd8b5-7cc3-46de-b2aa-d3facb6681a3" />
      <TestMethod codeBase="C:/Users/Diego/Documents/Visual Studio 2010/Projects/Uniprof/Tests/bin/Release/Tests.DLL" adapterTypeName="Microsoft.VisualStudio.TestTools.TestTypes.Unit.UnitTestAdapter, Microsoft.VisualStudio.QualityTools.Tips.UnitTest.Adapter, Version=10.0.0.0, Culture=neutral, PublicKeyToken=b03f5f7f11d50a3a" className="Tests.MovimientoCuentaProveedorRepositorioTest, Tests, Version=1.0.0.0, Culture=neutral, PublicKeyToken=null" name="listarMovimientosPorProveedorTest" />
    </UnitTest>
    <UnitTest name="grabarUsuarioTest" storage="c:\users\diego\documents\visual studio 2010\projects\uniprof\tests\bin\release\tests.dll" id="76669914-042a-1066-d597-b186fff6c621">
      <Execution id="8dee3d76-1d5b-4cc1-98c3-ea95fd384df4" />
      <TestMethod codeBase="C:/Users/Diego/Documents/Visual Studio 2010/Projects/Uniprof/Tests/bin/Release/Tests.DLL" adapterTypeName="Microsoft.VisualStudio.TestTools.TestTypes.Unit.UnitTestAdapter, Microsoft.VisualStudio.QualityTools.Tips.UnitTest.Adapter, Version=10.0.0.0, Culture=neutral, PublicKeyToken=b03f5f7f11d50a3a" className="Tests.UsuarioTDGTest, Tests, Version=1.0.0.0, Culture=neutral, PublicKeyToken=null" name="grabarUsuarioTest" />
    </UnitTest>
    <UnitTest name="listarOrdenDeComprasTest" storage="c:\users\diego\documents\visual studio 2010\projects\uniprof\tests\bin\release\tests.dll" id="21f1e20b-dcac-fe9b-670b-02932753806f">
      <Execution id="9979b6c5-9259-4575-a8e7-55ea48af1f96" />
      <TestMethod codeBase="C:/Users/Diego/Documents/Visual Studio 2010/Projects/Uniprof/Tests/bin/Release/Tests.DLL" adapterTypeName="Microsoft.VisualStudio.TestTools.TestTypes.Unit.UnitTestAdapter, Microsoft.VisualStudio.QualityTools.Tips.UnitTest.Adapter, Version=10.0.0.0, Culture=neutral, PublicKeyToken=b03f5f7f11d50a3a" className="Tests.OrdenCompraRepositorioTest, Tests, Version=1.0.0.0, Culture=neutral, PublicKeyToken=null" name="listarOrdenDeComprasTest" />
    </UnitTest>
    <UnitTest name="buscarPorIdTest" storage="c:\users\diego\documents\visual studio 2010\projects\uniprof\tests\bin\release\tests.dll" id="d7c03cb5-500e-d7d9-da0b-0be2f4981b03">
      <Execution id="962b2dc7-a11a-41ab-bcf6-f7aa6ca34d9e" />
      <TestMethod codeBase="C:/Users/Diego/Documents/Visual Studio 2010/Projects/Uniprof/Tests/bin/Release/Tests.DLL" adapterTypeName="Microsoft.VisualStudio.TestTools.TestTypes.Unit.UnitTestAdapter, Microsoft.VisualStudio.QualityTools.Tips.UnitTest.Adapter, Version=10.0.0.0, Culture=neutral, PublicKeyToken=b03f5f7f11d50a3a" className="Tests.TipoInsumoTDGTest, Tests, Version=1.0.0.0, Culture=neutral, PublicKeyToken=null" name="buscarPorIdTest" />
    </UnitTest>
    <UnitTest name="listarInsumosTest" storage="c:\users\diego\documents\visual studio 2010\projects\uniprof\tests\bin\release\tests.dll" id="f50b51cf-39fa-28c4-720a-03db16299af8">
      <Execution id="836aee56-64c0-49fa-b05c-6cb75f52f44f" />
      <TestMethod codeBase="C:/Users/Diego/Documents/Visual Studio 2010/Projects/Uniprof/Tests/bin/Release/Tests.DLL" adapterTypeName="Microsoft.VisualStudio.TestTools.TestTypes.Unit.UnitTestAdapter, Microsoft.VisualStudio.QualityTools.Tips.UnitTest.Adapter, Version=10.0.0.0, Culture=neutral, PublicKeyToken=b03f5f7f11d50a3a" className="Tests.InsumoRepositorioTest, Tests, Version=1.0.0.0, Culture=neutral, PublicKeyToken=null" name="listarInsumosTest" />
    </UnitTest>
    <UnitTest name="listarProduccionPorArticuloTest" storage="c:\users\diego\documents\visual studio 2010\projects\uniprof\tests\bin\release\tests.dll" id="25d73e54-4c45-c0f8-0cc6-cd9d82e5c8a4">
      <Execution id="56ef22bc-6b76-4d83-b5e2-747f35fcf1d2" />
      <TestMethod codeBase="C:/Users/Diego/Documents/Visual Studio 2010/Projects/Uniprof/Tests/bin/Release/Tests.DLL" adapterTypeName="Microsoft.VisualStudio.TestTools.TestTypes.Unit.UnitTestAdapter, Microsoft.VisualStudio.QualityTools.Tips.UnitTest.Adapter, Version=10.0.0.0, Culture=neutral, PublicKeyToken=b03f5f7f11d50a3a" className="Tests.ProduccionRepositorioTest, Tests, Version=1.0.0.0, Culture=neutral, PublicKeyToken=null" name="listarProduccionPorArticuloTest" />
    </UnitTest>
    <UnitTest name="listarOpinionesPorIdTest" storage="c:\users\diego\documents\visual studio 2010\projects\uniprof\tests\bin\release\tests.dll" id="4cab3d76-8fe4-c6a9-062c-275660c809ba">
      <Execution id="6143ba91-733d-4f8d-b9c6-a73531deb789" />
      <TestMethod codeBase="C:/Users/Diego/Documents/Visual Studio 2010/Projects/Uniprof/Tests/bin/Release/Tests.DLL" adapterTypeName="Microsoft.VisualStudio.TestTools.TestTypes.Unit.UnitTestAdapter, Microsoft.VisualStudio.QualityTools.Tips.UnitTest.Adapter, Version=10.0.0.0, Culture=neutral, PublicKeyToken=b03f5f7f11d50a3a" className="Tests.OpinionRepositorioTest, Tests, Version=1.0.0.0, Culture=neutral, PublicKeyToken=null" name="listarOpinionesPorIdTest" />
    </UnitTest>
    <UnitTest name="calcularFinalizacionTest3" storage="c:\users\diego\documents\visual studio 2010\projects\uniprof\tests\bin\release\tests.dll" id="6cf16972-5184-bd8a-3b41-bb02c50f3e4c">
      <Execution id="296239b9-74d4-447b-b62b-3e2e157dde9b" />
      <TestMethod codeBase="C:/Users/Diego/Documents/Visual Studio 2010/Projects/Uniprof/Tests/bin/Release/Tests.DLL" adapterTypeName="Microsoft.VisualStudio.TestTools.TestTypes.Unit.UnitTestAdapter, Microsoft.VisualStudio.QualityTools.Tips.UnitTest.Adapter, Version=10.0.0.0, Culture=neutral, PublicKeyToken=b03f5f7f11d50a3a" className="Tests.ProduccionBusinessTest, Tests, Version=1.0.0.0, Culture=neutral, PublicKeyToken=null" name="calcularFinalizacionTest3" />
    </UnitTest>
    <UnitTest name="listarInsumosConRestriccionesTest" storage="c:\users\diego\documents\visual studio 2010\projects\uniprof\tests\bin\release\tests.dll" id="26e79886-012b-c1dd-53e8-d16d49221a25">
      <Execution id="9a9e82ce-acc7-4a05-b897-655e022bf907" />
      <TestMethod codeBase="C:/Users/Diego/Documents/Visual Studio 2010/Projects/Uniprof/Tests/bin/Release/Tests.DLL" adapterTypeName="Microsoft.VisualStudio.TestTools.TestTypes.Unit.UnitTestAdapter, Microsoft.VisualStudio.QualityTools.Tips.UnitTest.Adapter, Version=10.0.0.0, Culture=neutral, PublicKeyToken=b03f5f7f11d50a3a" className="Tests.InsumoRepositorioTest, Tests, Version=1.0.0.0, Culture=neutral, PublicKeyToken=null" name="listarInsumosConRestriccionesTest" />
    </UnitTest>
    <UnitTest name="listarOrdenDeComprasPorProveedorTest" storage="c:\users\diego\documents\visual studio 2010\projects\uniprof\tests\bin\release\tests.dll" id="7f0052b2-2fa5-1442-5124-403810b2060e">
      <Execution id="336d56de-0da8-41a6-950f-bc45d97644b6" />
      <TestMethod codeBase="C:/Users/Diego/Documents/Visual Studio 2010/Projects/Uniprof/Tests/bin/Release/Tests.DLL" adapterTypeName="Microsoft.VisualStudio.TestTools.TestTypes.Unit.UnitTestAdapter, Microsoft.VisualStudio.QualityTools.Tips.UnitTest.Adapter, Version=10.0.0.0, Culture=neutral, PublicKeyToken=b03f5f7f11d50a3a" className="Tests.OrdenCompraBusinessTest, Tests, Version=1.0.0.0, Culture=neutral, PublicKeyToken=null" name="listarOrdenDeComprasPorProveedorTest" />
    </UnitTest>
    <UnitTest name="listarProveedoresTest" storage="c:\users\diego\documents\visual studio 2010\projects\uniprof\tests\bin\release\tests.dll" id="79b9204c-aeda-7048-42ac-c6faee468388">
      <Execution id="ba76f8e8-128b-4019-9f53-8e845db57846" />
      <TestMethod codeBase="C:/Users/Diego/Documents/Visual Studio 2010/Projects/Uniprof/Tests/bin/Release/Tests.DLL" adapterTypeName="Microsoft.VisualStudio.TestTools.TestTypes.Unit.UnitTestAdapter, Microsoft.VisualStudio.QualityTools.Tips.UnitTest.Adapter, Version=10.0.0.0, Culture=neutral, PublicKeyToken=b03f5f7f11d50a3a" className="Tests.ProveedorBusinessTest, Tests, Version=1.0.0.0, Culture=neutral, PublicKeyToken=null" name="listarProveedoresTest" />
    </UnitTest>
    <UnitTest name="listarFacturasTest" storage="c:\users\diego\documents\visual studio 2010\projects\uniprof\tests\bin\release\tests.dll" id="1cca4a40-3e79-045d-0667-c735e9a1087b">
      <Execution id="9208dd0e-33eb-4198-91bd-fef4a50aface" />
      <TestMethod codeBase="C:/Users/Diego/Documents/Visual Studio 2010/Projects/Uniprof/Tests/bin/Release/Tests.DLL" adapterTypeName="Microsoft.VisualStudio.TestTools.TestTypes.Unit.UnitTestAdapter, Microsoft.VisualStudio.QualityTools.Tips.UnitTest.Adapter, Version=10.0.0.0, Culture=neutral, PublicKeyToken=b03f5f7f11d50a3a" className="Tests.FacturaBusinessTest, Tests, Version=1.0.0.0, Culture=neutral, PublicKeyToken=null" name="listarFacturasTest" />
    </UnitTest>
    <UnitTest name="modificarDiseñoInsumoTest" storage="c:\users\diego\documents\visual studio 2010\projects\uniprof\tests\bin\release\tests.dll" id="375be106-944a-05c4-4975-c4a32afdccd6">
      <Execution id="d6486bb6-f408-401b-985c-0c3d1263ce85" />
      <TestMethod codeBase="C:/Users/Diego/Documents/Visual Studio 2010/Projects/Uniprof/Tests/bin/Release/Tests.DLL" adapterTypeName="Microsoft.VisualStudio.TestTools.TestTypes.Unit.UnitTestAdapter, Microsoft.VisualStudio.QualityTools.Tips.UnitTest.Adapter, Version=10.0.0.0, Culture=neutral, PublicKeyToken=b03f5f7f11d50a3a" className="Tests.DiseñoInsumoTDGTest, Tests, Version=1.0.0.0, Culture=neutral, PublicKeyToken=null" name="modificarDiseñoInsumoTest" />
    </UnitTest>
    <UnitTest name="listaPatentesPorUsuarioTest" storage="c:\users\diego\documents\visual studio 2010\projects\uniprof\tests\bin\release\tests.dll" id="cfd8c036-75a7-640f-488c-228d443acc6e">
      <Execution id="c379647a-885d-4cb4-acf6-4b0a0d15b42d" />
      <TestMethod codeBase="C:/Users/Diego/Documents/Visual Studio 2010/Projects/Uniprof/Tests/bin/Release/Tests.DLL" adapterTypeName="Microsoft.VisualStudio.TestTools.TestTypes.Unit.UnitTestAdapter, Microsoft.VisualStudio.QualityTools.Tips.UnitTest.Adapter, Version=10.0.0.0, Culture=neutral, PublicKeyToken=b03f5f7f11d50a3a" className="Tests.PatenteBusinessTest, Tests, Version=1.0.0.0, Culture=neutral, PublicKeyToken=null" name="listaPatentesPorUsuarioTest" />
    </UnitTest>
    <UnitTest name="guardarFamiliaTest" storage="c:\users\diego\documents\visual studio 2010\projects\uniprof\tests\bin\release\tests.dll" id="33cb7b57-1952-56c9-afdf-65517595c4dd">
      <Execution id="3fea54df-4819-4e39-8e24-3dbbeb37323d" />
      <TestMethod codeBase="C:/Users/Diego/Documents/Visual Studio 2010/Projects/Uniprof/Tests/bin/Release/Tests.DLL" adapterTypeName="Microsoft.VisualStudio.TestTools.TestTypes.Unit.UnitTestAdapter, Microsoft.VisualStudio.QualityTools.Tips.UnitTest.Adapter, Version=10.0.0.0, Culture=neutral, PublicKeyToken=b03f5f7f11d50a3a" className="Tests.FamiliaRepositorioTest, Tests, Version=1.0.0.0, Culture=neutral, PublicKeyToken=null" name="guardarFamiliaTest" />
    </UnitTest>
    <UnitTest name="buscarDiseñoPorClienteTest" storage="c:\users\diego\documents\visual studio 2010\projects\uniprof\tests\bin\release\tests.dll" id="bcd1f511-94b6-a2b6-4c0d-819d27a24411">
      <Execution id="c17a0989-776c-4e4d-a2f4-a2a199c6002a" />
      <TestMethod codeBase="C:/Users/Diego/Documents/Visual Studio 2010/Projects/Uniprof/Tests/bin/Release/Tests.DLL" adapterTypeName="Microsoft.VisualStudio.TestTools.TestTypes.Unit.UnitTestAdapter, Microsoft.VisualStudio.QualityTools.Tips.UnitTest.Adapter, Version=10.0.0.0, Culture=neutral, PublicKeyToken=b03f5f7f11d50a3a" className="Tests.DiseñoRepositorioTest, Tests, Version=1.0.0.0, Culture=neutral, PublicKeyToken=null" name="buscarDiseñoPorClienteTest" />
    </UnitTest>
    <UnitTest name="modificarUsuarioTest1" storage="c:\users\diego\documents\visual studio 2010\projects\uniprof\tests\bin\release\tests.dll" id="44f2f0a7-9e33-876a-b7c3-d86059021fb2">
      <Execution id="8ace67b3-b0d9-45e7-aedf-0c66ebdd2ac8" />
      <TestMethod codeBase="C:/Users/Diego/Documents/Visual Studio 2010/Projects/Uniprof/Tests/bin/Release/Tests.DLL" adapterTypeName="Microsoft.VisualStudio.TestTools.TestTypes.Unit.UnitTestAdapter, Microsoft.VisualStudio.QualityTools.Tips.UnitTest.Adapter, Version=10.0.0.0, Culture=neutral, PublicKeyToken=b03f5f7f11d50a3a" className="Tests.UsuarioBusinessTest, Tests, Version=1.0.0.0, Culture=neutral, PublicKeyToken=null" name="modificarUsuarioTest1" />
    </UnitTest>
    <UnitTest name="borrarArticuloTest" storage="c:\users\diego\documents\visual studio 2010\projects\uniprof\tests\bin\release\tests.dll" id="ee5f9022-6777-7fb2-dcc5-530f17ab50c0">
      <Execution id="5630ce04-3007-4af7-b49a-2a5077346563" />
      <TestMethod codeBase="C:/Users/Diego/Documents/Visual Studio 2010/Projects/Uniprof/Tests/bin/Release/Tests.DLL" adapterTypeName="Microsoft.VisualStudio.TestTools.TestTypes.Unit.UnitTestAdapter, Microsoft.VisualStudio.QualityTools.Tips.UnitTest.Adapter, Version=10.0.0.0, Culture=neutral, PublicKeyToken=b03f5f7f11d50a3a" className="Tests.ArticuloRepositorioTest, Tests, Version=1.0.0.0, Culture=neutral, PublicKeyToken=null" name="borrarArticuloTest" />
    </UnitTest>
    <UnitTest name="listarInsumosPorTipoTest" storage="c:\users\diego\documents\visual studio 2010\projects\uniprof\tests\bin\release\tests.dll" id="2ae7b1af-8597-a3ce-277b-0dc18037e21f">
      <Execution id="3dab2acf-c687-450a-b295-f6a34ee7df4c" />
      <TestMethod codeBase="C:/Users/Diego/Documents/Visual Studio 2010/Projects/Uniprof/Tests/bin/Release/Tests.DLL" adapterTypeName="Microsoft.VisualStudio.TestTools.TestTypes.Unit.UnitTestAdapter, Microsoft.VisualStudio.QualityTools.Tips.UnitTest.Adapter, Version=10.0.0.0, Culture=neutral, PublicKeyToken=b03f5f7f11d50a3a" className="Tests.InsumoBusinessTest, Tests, Version=1.0.0.0, Culture=neutral, PublicKeyToken=null" name="listarInsumosPorTipoTest" />
    </UnitTest>
    <UnitTest name="actualizaArticuloTest" storage="c:\users\diego\documents\visual studio 2010\projects\uniprof\tests\bin\release\tests.dll" id="5bcfcf35-a297-ce16-b906-540d8e2e0904">
      <Execution id="ed253fa6-8f71-4d16-bde6-9737c639c9cc" />
      <TestMethod codeBase="C:/Users/Diego/Documents/Visual Studio 2010/Projects/Uniprof/Tests/bin/Release/Tests.DLL" adapterTypeName="Microsoft.VisualStudio.TestTools.TestTypes.Unit.UnitTestAdapter, Microsoft.VisualStudio.QualityTools.Tips.UnitTest.Adapter, Version=10.0.0.0, Culture=neutral, PublicKeyToken=b03f5f7f11d50a3a" className="Tests.ArticuloRepositorioTest, Tests, Version=1.0.0.0, Culture=neutral, PublicKeyToken=null" name="actualizaArticuloTest" />
    </UnitTest>
    <UnitTest name="buscarMovimintosTest" storage="c:\users\diego\documents\visual studio 2010\projects\uniprof\tests\bin\release\tests.dll" id="9c1f4476-7313-c46d-328a-55cea693565d">
      <Execution id="f9588181-7882-4522-bd9f-b1542b4295a4" />
      <TestMethod codeBase="C:/Users/Diego/Documents/Visual Studio 2010/Projects/Uniprof/Tests/bin/Release/Tests.DLL" adapterTypeName="Microsoft.VisualStudio.TestTools.TestTypes.Unit.UnitTestAdapter, Microsoft.VisualStudio.QualityTools.Tips.UnitTest.Adapter, Version=10.0.0.0, Culture=neutral, PublicKeyToken=b03f5f7f11d50a3a" className="Tests.MovimientoProveedorBusinessTest, Tests, Version=1.0.0.0, Culture=neutral, PublicKeyToken=null" name="buscarMovimintosTest" />
    </UnitTest>
    <UnitTest name="listaPatentesPorFamiliaTest" storage="c:\users\diego\documents\visual studio 2010\projects\uniprof\tests\bin\release\tests.dll" id="72b264c8-79c9-9087-ae9e-47c332dbaa6d">
      <Execution id="fa650670-d795-46f8-bb18-d41f70c416dd" />
      <TestMethod codeBase="C:/Users/Diego/Documents/Visual Studio 2010/Projects/Uniprof/Tests/bin/Release/Tests.DLL" adapterTypeName="Microsoft.VisualStudio.TestTools.TestTypes.Unit.UnitTestAdapter, Microsoft.VisualStudio.QualityTools.Tips.UnitTest.Adapter, Version=10.0.0.0, Culture=neutral, PublicKeyToken=b03f5f7f11d50a3a" className="Tests.PatenteBusinessTest, Tests, Version=1.0.0.0, Culture=neutral, PublicKeyToken=null" name="listaPatentesPorFamiliaTest" />
    </UnitTest>
    <UnitTest name="cargarListaPrecioConRestriccionesTest" storage="c:\users\diego\documents\visual studio 2010\projects\uniprof\tests\bin\release\tests.dll" id="3b15fca6-ba42-6ea6-b114-894cdb11cb16">
      <Execution id="c21b3612-2372-480d-9087-354b55b0f477" />
      <TestMethod codeBase="C:/Users/Diego/Documents/Visual Studio 2010/Projects/Uniprof/Tests/bin/Release/Tests.DLL" adapterTypeName="Microsoft.VisualStudio.TestTools.TestTypes.Unit.UnitTestAdapter, Microsoft.VisualStudio.QualityTools.Tips.UnitTest.Adapter, Version=10.0.0.0, Culture=neutral, PublicKeyToken=b03f5f7f11d50a3a" className="Tests.ListaPreciosTDGTest, Tests, Version=1.0.0.0, Culture=neutral, PublicKeyToken=null" name="cargarListaPrecioConRestriccionesTest" />
    </UnitTest>
    <UnitTest name="cargarUsuarioPorFamiliaTest" storage="c:\users\diego\documents\visual studio 2010\projects\uniprof\tests\bin\release\tests.dll" id="c2878fbd-4540-66f8-af38-853465e7a6aa">
      <Execution id="de61cb1c-7cf5-4b41-832f-8402b75bb52b" />
      <TestMethod codeBase="C:/Users/Diego/Documents/Visual Studio 2010/Projects/Uniprof/Tests/bin/Release/Tests.DLL" adapterTypeName="Microsoft.VisualStudio.TestTools.TestTypes.Unit.UnitTestAdapter, Microsoft.VisualStudio.QualityTools.Tips.UnitTest.Adapter, Version=10.0.0.0, Culture=neutral, PublicKeyToken=b03f5f7f11d50a3a" className="Tests.UsuarioTDGTest, Tests, Version=1.0.0.0, Culture=neutral, PublicKeyToken=null" name="cargarUsuarioPorFamiliaTest" />
    </UnitTest>
    <UnitTest name="actualizarProveedorTest" storage="c:\users\diego\documents\visual studio 2010\projects\uniprof\tests\bin\release\tests.dll" id="57811f03-2314-dd80-537e-0ead8105505e">
      <Execution id="e8bb6ddd-1bbf-414c-90a4-fd7494db502f" />
      <TestMethod codeBase="C:/Users/Diego/Documents/Visual Studio 2010/Projects/Uniprof/Tests/bin/Release/Tests.DLL" adapterTypeName="Microsoft.VisualStudio.TestTools.TestTypes.Unit.UnitTestAdapter, Microsoft.VisualStudio.QualityTools.Tips.UnitTest.Adapter, Version=10.0.0.0, Culture=neutral, PublicKeyToken=b03f5f7f11d50a3a" className="Tests.ProveedorTDGTest, Tests, Version=1.0.0.0, Culture=neutral, PublicKeyToken=null" name="actualizarProveedorTest" />
    </UnitTest>
    <UnitTest name="calcularFinalizacionTest2" storage="c:\users\diego\documents\visual studio 2010\projects\uniprof\tests\bin\release\tests.dll" id="ecabc92d-2f24-55b0-b16a-755e692c4e1a">
      <Execution id="4ffca104-af63-4597-9ee4-4c4f991fc115" />
      <TestMethod codeBase="C:/Users/Diego/Documents/Visual Studio 2010/Projects/Uniprof/Tests/bin/Release/Tests.DLL" adapterTypeName="Microsoft.VisualStudio.TestTools.TestTypes.Unit.UnitTestAdapter, Microsoft.VisualStudio.QualityTools.Tips.UnitTest.Adapter, Version=10.0.0.0, Culture=neutral, PublicKeyToken=b03f5f7f11d50a3a" className="Tests.ProduccionBusinessTest, Tests, Version=1.0.0.0, Culture=neutral, PublicKeyToken=null" name="calcularFinalizacionTest2" />
    </UnitTest>
    <UnitTest name="actualizarFamiliaPorObjetoTest" storage="c:\users\diego\documents\visual studio 2010\projects\uniprof\tests\bin\release\tests.dll" id="583b72ae-47b9-5eaa-f8ea-320cdf69527e">
      <Execution id="431130a1-6705-401e-ac87-7d9ed9895ff2" />
      <TestMethod codeBase="C:/Users/Diego/Documents/Visual Studio 2010/Projects/Uniprof/Tests/bin/Release/Tests.DLL" adapterTypeName="Microsoft.VisualStudio.TestTools.TestTypes.Unit.UnitTestAdapter, Microsoft.VisualStudio.QualityTools.Tips.UnitTest.Adapter, Version=10.0.0.0, Culture=neutral, PublicKeyToken=b03f5f7f11d50a3a" className="Tests.FamiliaBusinessTest, Tests, Version=1.0.0.0, Culture=neutral, PublicKeyToken=null" name="actualizarFamiliaPorObjetoTest" />
    </UnitTest>
    <UnitTest name="actualizarMovimientosTest" storage="c:\users\diego\documents\visual studio 2010\projects\uniprof\tests\bin\release\tests.dll" id="57822e73-41f0-97dd-bf29-4b1fd4ed053c">
      <Execution id="18d77940-1d99-42b5-bca8-01851cb4fd51" />
      <TestMethod codeBase="C:/Users/Diego/Documents/Visual Studio 2010/Projects/Uniprof/Tests/bin/Release/Tests.DLL" adapterTypeName="Microsoft.VisualStudio.TestTools.TestTypes.Unit.UnitTestAdapter, Microsoft.VisualStudio.QualityTools.Tips.UnitTest.Adapter, Version=10.0.0.0, Culture=neutral, PublicKeyToken=b03f5f7f11d50a3a" className="Tests.MovimientoStockTDGTest, Tests, Version=1.0.0.0, Culture=neutral, PublicKeyToken=null" name="actualizarMovimientosTest" />
    </UnitTest>
    <UnitTest name="borrarHistoricoEstadosTest" storage="c:\users\diego\documents\visual studio 2010\projects\uniprof\tests\bin\release\tests.dll" id="fc8d00d7-7a7a-f0f3-a11d-98015016e42e">
      <Execution id="76db3ea1-5e1a-427c-8741-bfa056818544" />
      <TestMethod codeBase="C:/Users/Diego/Documents/Visual Studio 2010/Projects/Uniprof/Tests/bin/Release/Tests.DLL" adapterTypeName="Microsoft.VisualStudio.TestTools.TestTypes.Unit.UnitTestAdapter, Microsoft.VisualStudio.QualityTools.Tips.UnitTest.Adapter, Version=10.0.0.0, Culture=neutral, PublicKeyToken=b03f5f7f11d50a3a" className="Tests.HistoricoEstadosPedidoTDGTest, Tests, Version=1.0.0.0, Culture=neutral, PublicKeyToken=null" name="borrarHistoricoEstadosTest" />
    </UnitTest>
    <UnitTest name="borrarClienteTest" storage="c:\users\diego\documents\visual studio 2010\projects\uniprof\tests\bin\release\tests.dll" id="d1b2634a-eb02-7f77-05de-c01ea104c115">
      <Execution id="b7f7fd44-6e40-475a-bcc9-28f8264dac3e" />
      <TestMethod codeBase="C:/Users/Diego/Documents/Visual Studio 2010/Projects/Uniprof/Tests/bin/Release/Tests.DLL" adapterTypeName="Microsoft.VisualStudio.TestTools.TestTypes.Unit.UnitTestAdapter, Microsoft.VisualStudio.QualityTools.Tips.UnitTest.Adapter, Version=10.0.0.0, Culture=neutral, PublicKeyToken=b03f5f7f11d50a3a" className="Tests.UsuarioBusinessTest, Tests, Version=1.0.0.0, Culture=neutral, PublicKeyToken=null" name="borrarClienteTest" />
    </UnitTest>
    <UnitTest name="cargarMovimientosConRestriccionesTest" storage="c:\users\diego\documents\visual studio 2010\projects\uniprof\tests\bin\release\tests.dll" id="aeb09f8f-b144-d846-cb07-87151db0c5db">
      <Execution id="ca88a482-6a2c-4df3-a384-ab7642d7a020" />
      <TestMethod codeBase="C:/Users/Diego/Documents/Visual Studio 2010/Projects/Uniprof/Tests/bin/Release/Tests.DLL" adapterTypeName="Microsoft.VisualStudio.TestTools.TestTypes.Unit.UnitTestAdapter, Microsoft.VisualStudio.QualityTools.Tips.UnitTest.Adapter, Version=10.0.0.0, Culture=neutral, PublicKeyToken=b03f5f7f11d50a3a" className="Tests.MovimientoStockTDGTest, Tests, Version=1.0.0.0, Culture=neutral, PublicKeyToken=null" name="cargarMovimientosConRestriccionesTest" />
    </UnitTest>
    <UnitTest name="actualizarNewsletterTest" storage="c:\users\diego\documents\visual studio 2010\projects\uniprof\tests\bin\release\tests.dll" id="d5a80f55-2074-60f0-99dc-1062cdfc3cee">
      <Execution id="31b16f48-17fc-4b1b-99fd-e20e49f12e87" />
      <TestMethod codeBase="C:/Users/Diego/Documents/Visual Studio 2010/Projects/Uniprof/Tests/bin/Release/Tests.DLL" adapterTypeName="Microsoft.VisualStudio.TestTools.TestTypes.Unit.UnitTestAdapter, Microsoft.VisualStudio.QualityTools.Tips.UnitTest.Adapter, Version=10.0.0.0, Culture=neutral, PublicKeyToken=b03f5f7f11d50a3a" className="Tests.NewsletterRepositorioTest, Tests, Version=1.0.0.0, Culture=neutral, PublicKeyToken=null" name="actualizarNewsletterTest" />
    </UnitTest>
    <UnitTest name="calcularFinalizacionTest" storage="c:\users\diego\documents\visual studio 2010\projects\uniprof\tests\bin\release\tests.dll" id="cb0676d4-b73b-00c6-8824-aa32bdf40010">
      <Execution id="de82780d-4abd-4d6f-ac35-df090860f5b8" />
      <TestMethod codeBase="C:/Users/Diego/Documents/Visual Studio 2010/Projects/Uniprof/Tests/bin/Release/Tests.DLL" adapterTypeName="Microsoft.VisualStudio.TestTools.TestTypes.Unit.UnitTestAdapter, Microsoft.VisualStudio.QualityTools.Tips.UnitTest.Adapter, Version=10.0.0.0, Culture=neutral, PublicKeyToken=b03f5f7f11d50a3a" className="Tests.ProduccionBusinessTest, Tests, Version=1.0.0.0, Culture=neutral, PublicKeyToken=null" name="calcularFinalizacionTest" />
    </UnitTest>
    <UnitTest name="cargarHistoricoEstadosTest" storage="c:\users\diego\documents\visual studio 2010\projects\uniprof\tests\bin\release\tests.dll" id="47d53732-aaac-b97d-3608-f4da6d7da1f0">
      <Execution id="84f46c1a-1eab-41a7-966e-99d7b30bd378" />
      <TestMethod codeBase="C:/Users/Diego/Documents/Visual Studio 2010/Projects/Uniprof/Tests/bin/Release/Tests.DLL" adapterTypeName="Microsoft.VisualStudio.TestTools.TestTypes.Unit.UnitTestAdapter, Microsoft.VisualStudio.QualityTools.Tips.UnitTest.Adapter, Version=10.0.0.0, Culture=neutral, PublicKeyToken=b03f5f7f11d50a3a" className="Tests.HistoricoEstadosProduccionTDGTest, Tests, Version=1.0.0.0, Culture=neutral, PublicKeyToken=null" name="cargarHistoricoEstadosTest" />
    </UnitTest>
    <UnitTest name="cargarMaquinaPorIdTest" storage="c:\users\diego\documents\visual studio 2010\projects\uniprof\tests\bin\release\tests.dll" id="9102ee27-432a-7243-07ab-4d672688ee38">
      <Execution id="97f8c078-4fed-4ce9-a2a2-da11631fe553" />
      <TestMethod codeBase="C:/Users/Diego/Documents/Visual Studio 2010/Projects/Uniprof/Tests/bin/Release/Tests.DLL" adapterTypeName="Microsoft.VisualStudio.TestTools.TestTypes.Unit.UnitTestAdapter, Microsoft.VisualStudio.QualityTools.Tips.UnitTest.Adapter, Version=10.0.0.0, Culture=neutral, PublicKeyToken=b03f5f7f11d50a3a" className="Tests.MaterialesBusinessTest, Tests, Version=1.0.0.0, Culture=neutral, PublicKeyToken=null" name="cargarMaquinaPorIdTest" />
    </UnitTest>
    <UnitTest name="listarProduccionPorEstadoTest" storage="c:\users\diego\documents\visual studio 2010\projects\uniprof\tests\bin\release\tests.dll" id="37eb03dd-b0ba-1d1a-150c-82804e7b16da">
      <Execution id="4989b697-ae96-4d05-b140-e322be402a43" />
      <TestMethod codeBase="C:/Users/Diego/Documents/Visual Studio 2010/Projects/Uniprof/Tests/bin/Release/Tests.DLL" adapterTypeName="Microsoft.VisualStudio.TestTools.TestTypes.Unit.UnitTestAdapter, Microsoft.VisualStudio.QualityTools.Tips.UnitTest.Adapter, Version=10.0.0.0, Culture=neutral, PublicKeyToken=b03f5f7f11d50a3a" className="Tests.ProduccionRepositorioTest, Tests, Version=1.0.0.0, Culture=neutral, PublicKeyToken=null" name="listarProduccionPorEstadoTest" />
    </UnitTest>
    <UnitTest name="actualizarTest" storage="c:\users\diego\documents\visual studio 2010\projects\uniprof\tests\bin\release\tests.dll" id="5b9bfc56-4cc5-173e-d51e-c0dfe65798ee">
      <Execution id="ecba2dd3-0253-4599-b51a-459f3773104a" />
      <TestMethod codeBase="C:/Users/Diego/Documents/Visual Studio 2010/Projects/Uniprof/Tests/bin/Release/Tests.DLL" adapterTypeName="Microsoft.VisualStudio.TestTools.TestTypes.Unit.UnitTestAdapter, Microsoft.VisualStudio.QualityTools.Tips.UnitTest.Adapter, Version=10.0.0.0, Culture=neutral, PublicKeyToken=b03f5f7f11d50a3a" className="Tests.ProveedorRepositorioTest, Tests, Version=1.0.0.0, Culture=neutral, PublicKeyToken=null" name="actualizarTest" />
    </UnitTest>
    <UnitTest name="borrarNewsletterTest" storage="c:\users\diego\documents\visual studio 2010\projects\uniprof\tests\bin\release\tests.dll" id="36f9d5ec-47e1-6737-13d6-445eaa622ab8">
      <Execution id="25218fd7-3de6-406f-b92f-dfdc88e229dc" />
      <TestMethod codeBase="C:/Users/Diego/Documents/Visual Studio 2010/Projects/Uniprof/Tests/bin/Release/Tests.DLL" adapterTypeName="Microsoft.VisualStudio.TestTools.TestTypes.Unit.UnitTestAdapter, Microsoft.VisualStudio.QualityTools.Tips.UnitTest.Adapter, Version=10.0.0.0, Culture=neutral, PublicKeyToken=b03f5f7f11d50a3a" className="Tests.NewsletterBusinessTest, Tests, Version=1.0.0.0, Culture=neutral, PublicKeyToken=null" name="borrarNewsletterTest" />
    </UnitTest>
    <UnitTest name="actualizarDiseñoTest" storage="c:\users\diego\documents\visual studio 2010\projects\uniprof\tests\bin\release\tests.dll" id="4f159a29-3cb7-c1f2-9ed8-8c5ed23afcbe">
      <Execution id="f1af49bf-0e17-4b9e-85f8-6e7e1e84ed76" />
      <TestMethod codeBase="C:/Users/Diego/Documents/Visual Studio 2010/Projects/Uniprof/Tests/bin/Release/Tests.DLL" adapterTypeName="Microsoft.VisualStudio.TestTools.TestTypes.Unit.UnitTestAdapter, Microsoft.VisualStudio.QualityTools.Tips.UnitTest.Adapter, Version=10.0.0.0, Culture=neutral, PublicKeyToken=b03f5f7f11d50a3a" className="Tests.DiseñoRepositorioTest, Tests, Version=1.0.0.0, Culture=neutral, PublicKeyToken=null" name="actualizarDiseñoTest" />
    </UnitTest>
    <UnitTest name="modificarLineaTest" storage="c:\users\diego\documents\visual studio 2010\projects\uniprof\tests\bin\release\tests.dll" id="3d34ce3d-2c19-4b40-f3e1-1e5a5ee88a27">
      <Execution id="ef386589-4d38-4d6e-9001-80b355e13545" />
      <TestMethod codeBase="C:/Users/Diego/Documents/Visual Studio 2010/Projects/Uniprof/Tests/bin/Release/Tests.DLL" adapterTypeName="Microsoft.VisualStudio.TestTools.TestTypes.Unit.UnitTestAdapter, Microsoft.VisualStudio.QualityTools.Tips.UnitTest.Adapter, Version=10.0.0.0, Culture=neutral, PublicKeyToken=b03f5f7f11d50a3a" className="Tests.LineaFacturaTDGTest, Tests, Version=1.0.0.0, Culture=neutral, PublicKeyToken=null" name="modificarLineaTest" />
    </UnitTest>
    <UnitTest name="grabarFacturasTest" storage="c:\users\diego\documents\visual studio 2010\projects\uniprof\tests\bin\release\tests.dll" id="231d325e-5b2d-4422-b67b-4aed1bbc3f49">
      <Execution id="06e1bede-1d80-405e-a8af-8c4a54a9aebe" />
      <TestMethod codeBase="C:/Users/Diego/Documents/Visual Studio 2010/Projects/Uniprof/Tests/bin/Release/Tests.DLL" adapterTypeName="Microsoft.VisualStudio.TestTools.TestTypes.Unit.UnitTestAdapter, Microsoft.VisualStudio.QualityTools.Tips.UnitTest.Adapter, Version=10.0.0.0, Culture=neutral, PublicKeyToken=b03f5f7f11d50a3a" className="Tests.FacturaTDGTest, Tests, Version=1.0.0.0, Culture=neutral, PublicKeyToken=null" name="grabarFacturasTest" />
    </UnitTest>
    <UnitTest name="borrarDiseñosTest" storage="c:\users\diego\documents\visual studio 2010\projects\uniprof\tests\bin\release\tests.dll" id="ab4f6c28-3581-ba0b-4648-93d882bc1ba4">
      <Execution id="63c113e0-5042-442a-84fc-59edae53cdab" />
      <TestMethod codeBase="C:/Users/Diego/Documents/Visual Studio 2010/Projects/Uniprof/Tests/bin/Release/Tests.DLL" adapterTypeName="Microsoft.VisualStudio.TestTools.TestTypes.Unit.UnitTestAdapter, Microsoft.VisualStudio.QualityTools.Tips.UnitTest.Adapter, Version=10.0.0.0, Culture=neutral, PublicKeyToken=b03f5f7f11d50a3a" className="Tests.DiseñoTDGTest, Tests, Version=1.0.0.0, Culture=neutral, PublicKeyToken=null" name="borrarDiseñosTest" />
    </UnitTest>
    <UnitTest name="listarMaquinasTest" storage="c:\users\diego\documents\visual studio 2010\projects\uniprof\tests\bin\release\tests.dll" id="2a2fd5ee-0dc7-50c0-f1c8-c482f09c9964">
      <Execution id="963b3d39-9a00-4419-94ef-4d2972a79f5c" />
      <TestMethod codeBase="C:/Users/Diego/Documents/Visual Studio 2010/Projects/Uniprof/Tests/bin/Release/Tests.DLL" adapterTypeName="Microsoft.VisualStudio.TestTools.TestTypes.Unit.UnitTestAdapter, Microsoft.VisualStudio.QualityTools.Tips.UnitTest.Adapter, Version=10.0.0.0, Culture=neutral, PublicKeyToken=b03f5f7f11d50a3a" className="Tests.MaquinaRepositorioTest, Tests, Version=1.0.0.0, Culture=neutral, PublicKeyToken=null" name="listarMaquinasTest" />
    </UnitTest>
    <UnitTest name="grabarFacturaTest" storage="c:\users\diego\documents\visual studio 2010\projects\uniprof\tests\bin\release\tests.dll" id="e23387f5-cbe9-d2c5-d12c-23a1dbe2d390">
      <Execution id="c7ead480-42c6-4893-8edf-06ae1bcbfa1f" />
      <TestMethod codeBase="C:/Users/Diego/Documents/Visual Studio 2010/Projects/Uniprof/Tests/bin/Release/Tests.DLL" adapterTypeName="Microsoft.VisualStudio.TestTools.TestTypes.Unit.UnitTestAdapter, Microsoft.VisualStudio.QualityTools.Tips.UnitTest.Adapter, Version=10.0.0.0, Culture=neutral, PublicKeyToken=b03f5f7f11d50a3a" className="Tests.FacturaBusinessTest, Tests, Version=1.0.0.0, Culture=neutral, PublicKeyToken=null" name="grabarFacturaTest" />
    </UnitTest>
    <UnitTest name="borrarTipoPedidosTest" storage="c:\users\diego\documents\visual studio 2010\projects\uniprof\tests\bin\release\tests.dll" id="5fd39f80-1bc2-a1e7-8064-c0ed0e813279">
      <Execution id="4f64d77f-3b6f-432e-8eb2-c62d01fbde14" />
      <TestMethod codeBase="C:/Users/Diego/Documents/Visual Studio 2010/Projects/Uniprof/Tests/bin/Release/Tests.DLL" adapterTypeName="Microsoft.VisualStudio.TestTools.TestTypes.Unit.UnitTestAdapter, Microsoft.VisualStudio.QualityTools.Tips.UnitTest.Adapter, Version=10.0.0.0, Culture=neutral, PublicKeyToken=b03f5f7f11d50a3a" className="Tests.TipoPedidoTDGTest, Tests, Version=1.0.0.0, Culture=neutral, PublicKeyToken=null" name="borrarTipoPedidosTest" />
    </UnitTest>
    <UnitTest name="grabarPedidoTest" storage="c:\users\diego\documents\visual studio 2010\projects\uniprof\tests\bin\release\tests.dll" id="f58b52d0-5450-8dbe-40cd-ee9f7307e372">
      <Execution id="c13a8349-790f-45e0-b2c9-acc881f23a84" />
      <TestMethod codeBase="C:/Users/Diego/Documents/Visual Studio 2010/Projects/Uniprof/Tests/bin/Release/Tests.DLL" adapterTypeName="Microsoft.VisualStudio.TestTools.TestTypes.Unit.UnitTestAdapter, Microsoft.VisualStudio.QualityTools.Tips.UnitTest.Adapter, Version=10.0.0.0, Culture=neutral, PublicKeyToken=b03f5f7f11d50a3a" className="Tests.PedidoRepositorioTest, Tests, Version=1.0.0.0, Culture=neutral, PublicKeyToken=null" name="grabarPedidoTest" />
    </UnitTest>
    <UnitTest name="buscarNewsletterPorNombreTest" storage="c:\users\diego\documents\visual studio 2010\projects\uniprof\tests\bin\release\tests.dll" id="47f1b7ea-5dbe-ff8b-ee2e-cd35503da3a7">
      <Execution id="45409501-e87f-475f-ba14-e12608cbabd8" />
      <TestMethod codeBase="C:/Users/Diego/Documents/Visual Studio 2010/Projects/Uniprof/Tests/bin/Release/Tests.DLL" adapterTypeName="Microsoft.VisualStudio.TestTools.TestTypes.Unit.UnitTestAdapter, Microsoft.VisualStudio.QualityTools.Tips.UnitTest.Adapter, Version=10.0.0.0, Culture=neutral, PublicKeyToken=b03f5f7f11d50a3a" className="Tests.NewsletterTDGTest, Tests, Version=1.0.0.0, Culture=neutral, PublicKeyToken=null" name="buscarNewsletterPorNombreTest" />
    </UnitTest>
    <UnitTest name="cargarMensajePorConversacionTest" storage="c:\users\diego\documents\visual studio 2010\projects\uniprof\tests\bin\release\tests.dll" id="4148e9ec-0e25-c6a4-4bc2-03540cd0a990">
      <Execution id="a6b6eb40-f90e-4ac0-9f61-76a368a1dc5d" />
      <TestMethod codeBase="C:/Users/Diego/Documents/Visual Studio 2010/Projects/Uniprof/Tests/bin/Release/Tests.DLL" adapterTypeName="Microsoft.VisualStudio.TestTools.TestTypes.Unit.UnitTestAdapter, Microsoft.VisualStudio.QualityTools.Tips.UnitTest.Adapter, Version=10.0.0.0, Culture=neutral, PublicKeyToken=b03f5f7f11d50a3a" className="Tests.MensajeTDGTest, Tests, Version=1.0.0.0, Culture=neutral, PublicKeyToken=null" name="cargarMensajePorConversacionTest" />
    </UnitTest>
    <UnitTest name="buscarArticulosConRestriccionesTest" storage="c:\users\diego\documents\visual studio 2010\projects\uniprof\tests\bin\release\tests.dll" id="cb854ea1-43fe-4e51-b3cc-ba77c8dba841">
      <Execution id="0c26ee6e-8114-4a55-94ed-5c03d0786984" />
      <TestMethod codeBase="C:/Users/Diego/Documents/Visual Studio 2010/Projects/Uniprof/Tests/bin/Release/Tests.DLL" adapterTypeName="Microsoft.VisualStudio.TestTools.TestTypes.Unit.UnitTestAdapter, Microsoft.VisualStudio.QualityTools.Tips.UnitTest.Adapter, Version=10.0.0.0, Culture=neutral, PublicKeyToken=b03f5f7f11d50a3a" className="Tests.ArticuloTDGTest, Tests, Version=1.0.0.0, Culture=neutral, PublicKeyToken=null" name="buscarArticulosConRestriccionesTest" />
    </UnitTest>
    <UnitTest name="modificarArticulosTest" storage="c:\users\diego\documents\visual studio 2010\projects\uniprof\tests\bin\release\tests.dll" id="d2623342-49bb-a1e6-2415-8d8bba2b7ac4">
      <Execution id="cad08b12-622b-4568-9523-545cc4264dd6" />
      <TestMethod codeBase="C:/Users/Diego/Documents/Visual Studio 2010/Projects/Uniprof/Tests/bin/Release/Tests.DLL" adapterTypeName="Microsoft.VisualStudio.TestTools.TestTypes.Unit.UnitTestAdapter, Microsoft.VisualStudio.QualityTools.Tips.UnitTest.Adapter, Version=10.0.0.0, Culture=neutral, PublicKeyToken=b03f5f7f11d50a3a" className="Tests.ArticuloTDGTest, Tests, Version=1.0.0.0, Culture=neutral, PublicKeyToken=null" name="modificarArticulosTest" />
    </UnitTest>
    <UnitTest name="borrarNewsletterTest" storage="c:\users\diego\documents\visual studio 2010\projects\uniprof\tests\bin\release\tests.dll" id="64c5f523-bd77-dde6-863d-1ca40834d636">
      <Execution id="04ffe36b-a489-4587-a207-570415d39dbc" />
      <TestMethod codeBase="C:/Users/Diego/Documents/Visual Studio 2010/Projects/Uniprof/Tests/bin/Release/Tests.DLL" adapterTypeName="Microsoft.VisualStudio.TestTools.TestTypes.Unit.UnitTestAdapter, Microsoft.VisualStudio.QualityTools.Tips.UnitTest.Adapter, Version=10.0.0.0, Culture=neutral, PublicKeyToken=b03f5f7f11d50a3a" className="Tests.NewsletterRepositorioTest, Tests, Version=1.0.0.0, Culture=neutral, PublicKeyToken=null" name="borrarNewsletterTest" />
    </UnitTest>
    <UnitTest name="crearNuevaMaquinaTest" storage="c:\users\diego\documents\visual studio 2010\projects\uniprof\tests\bin\release\tests.dll" id="0826b7aa-fcce-4d97-453d-e58eb4a27a97">
      <Execution id="7aa3d887-385c-40d3-8268-221c415fabf7" />
      <TestMethod codeBase="C:/Users/Diego/Documents/Visual Studio 2010/Projects/Uniprof/Tests/bin/Release/Tests.DLL" adapterTypeName="Microsoft.VisualStudio.TestTools.TestTypes.Unit.UnitTestAdapter, Microsoft.VisualStudio.QualityTools.Tips.UnitTest.Adapter, Version=10.0.0.0, Culture=neutral, PublicKeyToken=b03f5f7f11d50a3a" className="Tests.MaterialesBusinessTest, Tests, Version=1.0.0.0, Culture=neutral, PublicKeyToken=null" name="crearNuevaMaquinaTest" />
    </UnitTest>
    <UnitTest name="actualizaFacturaTest" storage="c:\users\diego\documents\visual studio 2010\projects\uniprof\tests\bin\release\tests.dll" id="dd5a8b39-7328-3edd-3658-5787ac153d19">
      <Execution id="deb2dc56-6565-420e-9944-4e354ab7a22f" />
      <TestMethod codeBase="C:/Users/Diego/Documents/Visual Studio 2010/Projects/Uniprof/Tests/bin/Release/Tests.DLL" adapterTypeName="Microsoft.VisualStudio.TestTools.TestTypes.Unit.UnitTestAdapter, Microsoft.VisualStudio.QualityTools.Tips.UnitTest.Adapter, Version=10.0.0.0, Culture=neutral, PublicKeyToken=b03f5f7f11d50a3a" className="Tests.FacturaBusinessTest, Tests, Version=1.0.0.0, Culture=neutral, PublicKeyToken=null" name="actualizaFacturaTest" />
    </UnitTest>
    <UnitTest name="modificarLineaTest" storage="c:\users\diego\documents\visual studio 2010\projects\uniprof\tests\bin\release\tests.dll" id="0533de1e-bd84-9f46-95b5-950bf92951b0">
      <Execution id="b7e8bdf3-d192-4534-890e-c9b435c82b0f" />
      <TestMethod codeBase="C:/Users/Diego/Documents/Visual Studio 2010/Projects/Uniprof/Tests/bin/Release/Tests.DLL" adapterTypeName="Microsoft.VisualStudio.TestTools.TestTypes.Unit.UnitTestAdapter, Microsoft.VisualStudio.QualityTools.Tips.UnitTest.Adapter, Version=10.0.0.0, Culture=neutral, PublicKeyToken=b03f5f7f11d50a3a" className="Tests.LineaOrdenDeCompraTDGTest, Tests, Version=1.0.0.0, Culture=neutral, PublicKeyToken=null" name="modificarLineaTest" />
    </UnitTest>
    <UnitTest name="cargarUsuarioPorIdTest" storage="c:\users\diego\documents\visual studio 2010\projects\uniprof\tests\bin\release\tests.dll" id="ecaad254-0b1d-a420-c28a-c8ca0ba7c959">
      <Execution id="78c1479c-32bb-48db-8e37-07257cc5f8a8" />
      <TestMethod codeBase="C:/Users/Diego/Documents/Visual Studio 2010/Projects/Uniprof/Tests/bin/Release/Tests.DLL" adapterTypeName="Microsoft.VisualStudio.TestTools.TestTypes.Unit.UnitTestAdapter, Microsoft.VisualStudio.QualityTools.Tips.UnitTest.Adapter, Version=10.0.0.0, Culture=neutral, PublicKeyToken=b03f5f7f11d50a3a" className="Tests.UsuarioRepositorioTest, Tests, Version=1.0.0.0, Culture=neutral, PublicKeyToken=null" name="cargarUsuarioPorIdTest" />
    </UnitTest>
    <UnitTest name="buscarEncuestaTest" storage="c:\users\diego\documents\visual studio 2010\projects\uniprof\tests\bin\release\tests.dll" id="5627da22-d5e7-edd9-24c7-79ea0acd3bdb">
      <Execution id="f2069e9e-b2af-44e3-b50d-9cae0dbcdaa8" />
      <TestMethod codeBase="C:/Users/Diego/Documents/Visual Studio 2010/Projects/Uniprof/Tests/bin/Release/Tests.DLL" adapterTypeName="Microsoft.VisualStudio.TestTools.TestTypes.Unit.UnitTestAdapter, Microsoft.VisualStudio.QualityTools.Tips.UnitTest.Adapter, Version=10.0.0.0, Culture=neutral, PublicKeyToken=b03f5f7f11d50a3a" className="Tests.EncuestaTDGTest, Tests, Version=1.0.0.0, Culture=neutral, PublicKeyToken=null" name="buscarEncuestaTest" />
    </UnitTest>
    <UnitTest name="buscarDiseñoPorClienteTest" storage="c:\users\diego\documents\visual studio 2010\projects\uniprof\tests\bin\release\tests.dll" id="8ef58195-4b27-3ad6-c671-969e36dd1c6a">
      <Execution id="8e5fdcd0-ebb5-4706-a143-e1d20721922b" />
      <TestMethod codeBase="C:/Users/Diego/Documents/Visual Studio 2010/Projects/Uniprof/Tests/bin/Release/Tests.DLL" adapterTypeName="Microsoft.VisualStudio.TestTools.TestTypes.Unit.UnitTestAdapter, Microsoft.VisualStudio.QualityTools.Tips.UnitTest.Adapter, Version=10.0.0.0, Culture=neutral, PublicKeyToken=b03f5f7f11d50a3a" className="Tests.DiseñoBusinessTest, Tests, Version=1.0.0.0, Culture=neutral, PublicKeyToken=null" name="buscarDiseñoPorClienteTest" />
    </UnitTest>
    <UnitTest name="grabarOrdenDeCompraTest" storage="c:\users\diego\documents\visual studio 2010\projects\uniprof\tests\bin\release\tests.dll" id="8c641761-f8ac-ef3e-efbe-0d44137ab9ce">
      <Execution id="a9f20213-aa4b-4328-8098-dbcce525a367" />
      <TestMethod codeBase="C:/Users/Diego/Documents/Visual Studio 2010/Projects/Uniprof/Tests/bin/Release/Tests.DLL" adapterTypeName="Microsoft.VisualStudio.TestTools.TestTypes.Unit.UnitTestAdapter, Microsoft.VisualStudio.QualityTools.Tips.UnitTest.Adapter, Version=10.0.0.0, Culture=neutral, PublicKeyToken=b03f5f7f11d50a3a" className="Tests.OrdenCompraBusinessTest, Tests, Version=1.0.0.0, Culture=neutral, PublicKeyToken=null" name="grabarOrdenDeCompraTest" />
    </UnitTest>
    <UnitTest name="listarProduccionPorEstadoTest" storage="c:\users\diego\documents\visual studio 2010\projects\uniprof\tests\bin\release\tests.dll" id="2e92c0a7-eb38-f9b0-56bc-708e3a1e95b2">
      <Execution id="c87f337d-11a4-497d-bf16-dc733d70b187" />
      <TestMethod codeBase="C:/Users/Diego/Documents/Visual Studio 2010/Projects/Uniprof/Tests/bin/Release/Tests.DLL" adapterTypeName="Microsoft.VisualStudio.TestTools.TestTypes.Unit.UnitTestAdapter, Microsoft.VisualStudio.QualityTools.Tips.UnitTest.Adapter, Version=10.0.0.0, Culture=neutral, PublicKeyToken=b03f5f7f11d50a3a" className="Tests.ProduccionBusinessTest, Tests, Version=1.0.0.0, Culture=neutral, PublicKeyToken=null" name="listarProduccionPorEstadoTest" />
    </UnitTest>
    <UnitTest name="calcularDistanciaEntreTrabajosTest3" storage="c:\users\diego\documents\visual studio 2010\projects\uniprof\tests\bin\release\tests.dll" id="da9d278a-cb0f-a51b-e352-ed20685028b9">
      <Execution id="0794dd35-e283-4354-a008-f0f22ca1e9f6" />
      <TestMethod codeBase="C:/Users/Diego/Documents/Visual Studio 2010/Projects/Uniprof/Tests/bin/Release/Tests.DLL" adapterTypeName="Microsoft.VisualStudio.TestTools.TestTypes.Unit.UnitTestAdapter, Microsoft.VisualStudio.QualityTools.Tips.UnitTest.Adapter, Version=10.0.0.0, Culture=neutral, PublicKeyToken=b03f5f7f11d50a3a" className="Tests.ProduccionBusinessTest, Tests, Version=1.0.0.0, Culture=neutral, PublicKeyToken=null" name="calcularDistanciaEntreTrabajosTest3" />
    </UnitTest>
    <UnitTest name="listarUsuariosTest" storage="c:\users\diego\documents\visual studio 2010\projects\uniprof\tests\bin\release\tests.dll" id="601e990e-751d-e263-ef32-4be40187ef20">
      <Execution id="0cb08bc7-6e1f-42d6-83a6-824d80962e3b" />
      <TestMethod codeBase="C:/Users/Diego/Documents/Visual Studio 2010/Projects/Uniprof/Tests/bin/Release/Tests.DLL" adapterTypeName="Microsoft.VisualStudio.TestTools.TestTypes.Unit.UnitTestAdapter, Microsoft.VisualStudio.QualityTools.Tips.UnitTest.Adapter, Version=10.0.0.0, Culture=neutral, PublicKeyToken=b03f5f7f11d50a3a" className="Tests.UsuarioBusinessTest, Tests, Version=1.0.0.0, Culture=neutral, PublicKeyToken=null" name="listarUsuariosTest" />
    </UnitTest>
    <UnitTest name="listarProduccionConRestriccionesTest" storage="c:\users\diego\documents\visual studio 2010\projects\uniprof\tests\bin\release\tests.dll" id="0d0b6b4c-3d42-300a-bac7-fbab5e0b6cc5">
      <Execution id="6581da45-5b2f-4bc5-8c2a-1f62dd11286c" />
      <TestMethod codeBase="C:/Users/Diego/Documents/Visual Studio 2010/Projects/Uniprof/Tests/bin/Release/Tests.DLL" adapterTypeName="Microsoft.VisualStudio.TestTools.TestTypes.Unit.UnitTestAdapter, Microsoft.VisualStudio.QualityTools.Tips.UnitTest.Adapter, Version=10.0.0.0, Culture=neutral, PublicKeyToken=b03f5f7f11d50a3a" className="Tests.ProduccionRepositorioTest, Tests, Version=1.0.0.0, Culture=neutral, PublicKeyToken=null" name="listarProduccionConRestriccionesTest" />
    </UnitTest>
    <UnitTest name="actualizarProduccionOperadorTDGTest" storage="c:\users\diego\documents\visual studio 2010\projects\uniprof\tests\bin\release\tests.dll" id="81b50b2a-4878-5c02-6765-8402ba293155">
      <Execution id="d0cb36e6-0d9d-4aea-8e82-f93db52318c9" />
      <TestMethod codeBase="C:/Users/Diego/Documents/Visual Studio 2010/Projects/Uniprof/Tests/bin/Release/Tests.DLL" adapterTypeName="Microsoft.VisualStudio.TestTools.TestTypes.Unit.UnitTestAdapter, Microsoft.VisualStudio.QualityTools.Tips.UnitTest.Adapter, Version=10.0.0.0, Culture=neutral, PublicKeyToken=b03f5f7f11d50a3a" className="Tests.ProduccionOperadorTDGTest, Tests, Version=1.0.0.0, Culture=neutral, PublicKeyToken=null" name="actualizarProduccionOperadorTDGTest" />
    </UnitTest>
    <UnitTest name="listarFamliasTest" storage="c:\users\diego\documents\visual studio 2010\projects\uniprof\tests\bin\release\tests.dll" id="147439b4-00a7-f2cb-1dec-6270bffba92e">
      <Execution id="e6bdb8df-d443-4095-8b11-39a6c88a245d" />
      <TestMethod codeBase="C:/Users/Diego/Documents/Visual Studio 2010/Projects/Uniprof/Tests/bin/Release/Tests.DLL" adapterTypeName="Microsoft.VisualStudio.TestTools.TestTypes.Unit.UnitTestAdapter, Microsoft.VisualStudio.QualityTools.Tips.UnitTest.Adapter, Version=10.0.0.0, Culture=neutral, PublicKeyToken=b03f5f7f11d50a3a" className="Tests.FamiliaBusinessTest, Tests, Version=1.0.0.0, Culture=neutral, PublicKeyToken=null" name="listarFamliasTest" />
    </UnitTest>
    <UnitTest name="listarProduccionConRestriccionesTest" storage="c:\users\diego\documents\visual studio 2010\projects\uniprof\tests\bin\release\tests.dll" id="3222f04f-3bb8-b915-7622-11e1c846763f">
      <Execution id="de1e379d-c399-4602-a0df-6b95fcbb61cf" />
      <TestMethod codeBase="C:/Users/Diego/Documents/Visual Studio 2010/Projects/Uniprof/Tests/bin/Release/Tests.DLL" adapterTypeName="Microsoft.VisualStudio.TestTools.TestTypes.Unit.UnitTestAdapter, Microsoft.VisualStudio.QualityTools.Tips.UnitTest.Adapter, Version=10.0.0.0, Culture=neutral, PublicKeyToken=b03f5f7f11d50a3a" className="Tests.ProduccionBusinessTest, Tests, Version=1.0.0.0, Culture=neutral, PublicKeyToken=null" name="listarProduccionConRestriccionesTest" />
    </UnitTest>
    <UnitTest name="buscarOperadoresTest" storage="c:\users\diego\documents\visual studio 2010\projects\uniprof\tests\bin\release\tests.dll" id="cab5d754-b046-c047-88d8-b763f582d340">
      <Execution id="a49492ff-eef2-4fab-9326-59230735bbec" />
      <TestMethod codeBase="C:/Users/Diego/Documents/Visual Studio 2010/Projects/Uniprof/Tests/bin/Release/Tests.DLL" adapterTypeName="Microsoft.VisualStudio.TestTools.TestTypes.Unit.UnitTestAdapter, Microsoft.VisualStudio.QualityTools.Tips.UnitTest.Adapter, Version=10.0.0.0, Culture=neutral, PublicKeyToken=b03f5f7f11d50a3a" className="Tests.OperadorTDGTest, Tests, Version=1.0.0.0, Culture=neutral, PublicKeyToken=null" name="buscarOperadoresTest" />
    </UnitTest>
    <UnitTest name="actualizarMovimientoTest" storage="c:\users\diego\documents\visual studio 2010\projects\uniprof\tests\bin\release\tests.dll" id="04a946fc-19a1-d283-10d5-49de1068346e">
      <Execution id="c2f24df3-583c-4213-87ef-4b7dd14bf74f" />
      <TestMethod codeBase="C:/Users/Diego/Documents/Visual Studio 2010/Projects/Uniprof/Tests/bin/Release/Tests.DLL" adapterTypeName="Microsoft.VisualStudio.TestTools.TestTypes.Unit.UnitTestAdapter, Microsoft.VisualStudio.QualityTools.Tips.UnitTest.Adapter, Version=10.0.0.0, Culture=neutral, PublicKeyToken=b03f5f7f11d50a3a" className="Tests.MovimientoClienteBusinessTest, Tests, Version=1.0.0.0, Culture=neutral, PublicKeyToken=null" name="actualizarMovimientoTest" />
    </UnitTest>
    <UnitTest name="buscarArticulosTest" storage="c:\users\diego\documents\visual studio 2010\projects\uniprof\tests\bin\release\tests.dll" id="e174714d-b5ae-6791-7e05-a6dae00c0681">
      <Execution id="566ecb44-0ca2-4fc6-aa56-751265aaecd2" />
      <TestMethod codeBase="C:/Users/Diego/Documents/Visual Studio 2010/Projects/Uniprof/Tests/bin/Release/Tests.DLL" adapterTypeName="Microsoft.VisualStudio.TestTools.TestTypes.Unit.UnitTestAdapter, Microsoft.VisualStudio.QualityTools.Tips.UnitTest.Adapter, Version=10.0.0.0, Culture=neutral, PublicKeyToken=b03f5f7f11d50a3a" className="Tests.ArticuloTDGTest, Tests, Version=1.0.0.0, Culture=neutral, PublicKeyToken=null" name="buscarArticulosTest" />
    </UnitTest>
    <UnitTest name="modificarFacturasTest" storage="c:\users\diego\documents\visual studio 2010\projects\uniprof\tests\bin\release\tests.dll" id="d6d7a27e-0988-cf60-1910-ee6f0eb6cf75">
      <Execution id="53e22845-add6-40ac-84eb-4d7adf62ffc8" />
      <TestMethod codeBase="C:/Users/Diego/Documents/Visual Studio 2010/Projects/Uniprof/Tests/bin/Release/Tests.DLL" adapterTypeName="Microsoft.VisualStudio.TestTools.TestTypes.Unit.UnitTestAdapter, Microsoft.VisualStudio.QualityTools.Tips.UnitTest.Adapter, Version=10.0.0.0, Culture=neutral, PublicKeyToken=b03f5f7f11d50a3a" className="Tests.FacturaTDGTest, Tests, Version=1.0.0.0, Culture=neutral, PublicKeyToken=null" name="modificarFacturasTest" />
    </UnitTest>
    <UnitTest name="listarInsumosPorColorTest" storage="c:\users\diego\documents\visual studio 2010\projects\uniprof\tests\bin\release\tests.dll" id="2ff4ab24-8ba8-c855-2fbb-5316fd166e9f">
      <Execution id="555eb655-7a7f-4bfa-b723-32e4345c189e" />
      <TestMethod codeBase="C:/Users/Diego/Documents/Visual Studio 2010/Projects/Uniprof/Tests/bin/Release/Tests.DLL" adapterTypeName="Microsoft.VisualStudio.TestTools.TestTypes.Unit.UnitTestAdapter, Microsoft.VisualStudio.QualityTools.Tips.UnitTest.Adapter, Version=10.0.0.0, Culture=neutral, PublicKeyToken=b03f5f7f11d50a3a" className="Tests.InsumoRepositorioTest, Tests, Version=1.0.0.0, Culture=neutral, PublicKeyToken=null" name="listarInsumosPorColorTest" />
    </UnitTest>
    <UnitTest name="actualizarTipoPedidosTest" storage="c:\users\diego\documents\visual studio 2010\projects\uniprof\tests\bin\release\tests.dll" id="bbf04cdd-f777-915a-4f82-d89d0fb3c21c">
      <Execution id="b9c5ce32-d788-4b84-a2cf-b68f80ddb643" />
      <TestMethod codeBase="C:/Users/Diego/Documents/Visual Studio 2010/Projects/Uniprof/Tests/bin/Release/Tests.DLL" adapterTypeName="Microsoft.VisualStudio.TestTools.TestTypes.Unit.UnitTestAdapter, Microsoft.VisualStudio.QualityTools.Tips.UnitTest.Adapter, Version=10.0.0.0, Culture=neutral, PublicKeyToken=b03f5f7f11d50a3a" className="Tests.TipoPedidoTDGTest, Tests, Version=1.0.0.0, Culture=neutral, PublicKeyToken=null" name="actualizarTipoPedidosTest" />
    </UnitTest>
    <UnitTest name="borrarArticuloTest" storage="c:\users\diego\documents\visual studio 2010\projects\uniprof\tests\bin\release\tests.dll" id="43cb51cd-66eb-181b-064e-18bf81c14a68">
      <Execution id="5a20992f-e228-46c6-9e16-440d342f5e37" />
      <TestMethod codeBase="C:/Users/Diego/Documents/Visual Studio 2010/Projects/Uniprof/Tests/bin/Release/Tests.DLL" adapterTypeName="Microsoft.VisualStudio.TestTools.TestTypes.Unit.UnitTestAdapter, Microsoft.VisualStudio.QualityTools.Tips.UnitTest.Adapter, Version=10.0.0.0, Culture=neutral, PublicKeyToken=b03f5f7f11d50a3a" className="Tests.ArticuloBusinessTest, Tests, Version=1.0.0.0, Culture=neutral, PublicKeyToken=null" name="borrarArticuloTest" />
    </UnitTest>
    <UnitTest name="cargarFamiliasTest" storage="c:\users\diego\documents\visual studio 2010\projects\uniprof\tests\bin\release\tests.dll" id="c6f9c8d4-b42f-f506-2486-8ec3f82f78d3">
      <Execution id="4ed77f66-95e2-4a49-900b-42bc827fa5b0" />
      <TestMethod codeBase="C:/Users/Diego/Documents/Visual Studio 2010/Projects/Uniprof/Tests/bin/Release/Tests.DLL" adapterTypeName="Microsoft.VisualStudio.TestTools.TestTypes.Unit.UnitTestAdapter, Microsoft.VisualStudio.QualityTools.Tips.UnitTest.Adapter, Version=10.0.0.0, Culture=neutral, PublicKeyToken=b03f5f7f11d50a3a" className="Tests.FamiliaTDGTest, Tests, Version=1.0.0.0, Culture=neutral, PublicKeyToken=null" name="cargarFamiliasTest" />
    </UnitTest>
    <UnitTest name="grabarNewsletterTest" storage="c:\users\diego\documents\visual studio 2010\projects\uniprof\tests\bin\release\tests.dll" id="b28eae18-99f0-9519-6256-d75c3d089452">
      <Execution id="16afc492-9b47-4a56-a19c-e17e4fd7d8a6" />
      <TestMethod codeBase="C:/Users/Diego/Documents/Visual Studio 2010/Projects/Uniprof/Tests/bin/Release/Tests.DLL" adapterTypeName="Microsoft.VisualStudio.TestTools.TestTypes.Unit.UnitTestAdapter, Microsoft.VisualStudio.QualityTools.Tips.UnitTest.Adapter, Version=10.0.0.0, Culture=neutral, PublicKeyToken=b03f5f7f11d50a3a" className="Tests.NewsletterBusinessTest, Tests, Version=1.0.0.0, Culture=neutral, PublicKeyToken=null" name="grabarNewsletterTest" />
    </UnitTest>
    <UnitTest name="ListarPrendasTest" storage="c:\users\diego\documents\visual studio 2010\projects\uniprof\tests\bin\release\tests.dll" id="c1679918-c36e-2cbe-87a9-96506a9b38f9">
      <Execution id="ce07a40d-4a00-495c-aa01-ecb2da2fed03" />
      <TestMethod codeBase="C:/Users/Diego/Documents/Visual Studio 2010/Projects/Uniprof/Tests/bin/Release/Tests.DLL" adapterTypeName="Microsoft.VisualStudio.TestTools.TestTypes.Unit.UnitTestAdapter, Microsoft.VisualStudio.QualityTools.Tips.UnitTest.Adapter, Version=10.0.0.0, Culture=neutral, PublicKeyToken=b03f5f7f11d50a3a" className="Tests.TipoPrendaRepositorioTest, Tests, Version=1.0.0.0, Culture=neutral, PublicKeyToken=null" name="ListarPrendasTest" />
    </UnitTest>
    <UnitTest name="grabarMovimientoTest" storage="c:\users\diego\documents\visual studio 2010\projects\uniprof\tests\bin\release\tests.dll" id="aa08efca-9836-e946-b0ea-6d46d0e78977">
      <Execution id="3b99be05-65bd-44b8-8e36-0a2ba9542317" />
      <TestMethod codeBase="C:/Users/Diego/Documents/Visual Studio 2010/Projects/Uniprof/Tests/bin/Release/Tests.DLL" adapterTypeName="Microsoft.VisualStudio.TestTools.TestTypes.Unit.UnitTestAdapter, Microsoft.VisualStudio.QualityTools.Tips.UnitTest.Adapter, Version=10.0.0.0, Culture=neutral, PublicKeyToken=b03f5f7f11d50a3a" className="Tests.MovimientoCuentaProveedorRepositorioTest, Tests, Version=1.0.0.0, Culture=neutral, PublicKeyToken=null" name="grabarMovimientoTest" />
    </UnitTest>
    <UnitTest name="grabarProveedorTest" storage="c:\users\diego\documents\visual studio 2010\projects\uniprof\tests\bin\release\tests.dll" id="8d735e5a-f52c-96a5-4bed-a99c0526014e">
      <Execution id="d6c90f0f-42ba-4f30-8a5d-921daf21fabd" />
      <TestMethod codeBase="C:/Users/Diego/Documents/Visual Studio 2010/Projects/Uniprof/Tests/bin/Release/Tests.DLL" adapterTypeName="Microsoft.VisualStudio.TestTools.TestTypes.Unit.UnitTestAdapter, Microsoft.VisualStudio.QualityTools.Tips.UnitTest.Adapter, Version=10.0.0.0, Culture=neutral, PublicKeyToken=b03f5f7f11d50a3a" className="Tests.ProveedorTDGTest, Tests, Version=1.0.0.0, Culture=neutral, PublicKeyToken=null" name="grabarProveedorTest" />
    </UnitTest>
    <UnitTest name="cargarPatentesPorFamiliaTest" storage="c:\users\diego\documents\visual studio 2010\projects\uniprof\tests\bin\release\tests.dll" id="16ffbd3f-3aee-beef-202b-0a5edf0b4c4f">
      <Execution id="02e3ccd6-49ab-4c3e-a37f-345512d984c1" />
      <TestMethod codeBase="C:/Users/Diego/Documents/Visual Studio 2010/Projects/Uniprof/Tests/bin/Release/Tests.DLL" adapterTypeName="Microsoft.VisualStudio.TestTools.TestTypes.Unit.UnitTestAdapter, Microsoft.VisualStudio.QualityTools.Tips.UnitTest.Adapter, Version=10.0.0.0, Culture=neutral, PublicKeyToken=b03f5f7f11d50a3a" className="Tests.PatenteRepositorioTest, Tests, Version=1.0.0.0, Culture=neutral, PublicKeyToken=null" name="cargarPatentesPorFamiliaTest" />
    </UnitTest>
    <UnitTest name="actualizarUsuarioTest" storage="c:\users\diego\documents\visual studio 2010\projects\uniprof\tests\bin\release\tests.dll" id="70dba011-1aa4-3fb1-b8c2-fb8d0666bd55">
      <Execution id="f3f6a11c-c139-4679-8916-78fed0d15481" />
      <TestMethod codeBase="C:/Users/Diego/Documents/Visual Studio 2010/Projects/Uniprof/Tests/bin/Release/Tests.DLL" adapterTypeName="Microsoft.VisualStudio.TestTools.TestTypes.Unit.UnitTestAdapter, Microsoft.VisualStudio.QualityTools.Tips.UnitTest.Adapter, Version=10.0.0.0, Culture=neutral, PublicKeyToken=b03f5f7f11d50a3a" className="Tests.ClienteTDGTest, Tests, Version=1.0.0.0, Culture=neutral, PublicKeyToken=null" name="actualizarUsuarioTest" />
    </UnitTest>
    <UnitTest name="cargarClientePorFacturaTest" storage="c:\users\diego\documents\visual studio 2010\projects\uniprof\tests\bin\release\tests.dll" id="cc6fe6c4-963e-60ba-9611-8e531f6502c5">
      <Execution id="4e45c33e-dedb-4b2a-a796-1bc58db4f3f3" />
      <TestMethod codeBase="C:/Users/Diego/Documents/Visual Studio 2010/Projects/Uniprof/Tests/bin/Release/Tests.DLL" adapterTypeName="Microsoft.VisualStudio.TestTools.TestTypes.Unit.UnitTestAdapter, Microsoft.VisualStudio.QualityTools.Tips.UnitTest.Adapter, Version=10.0.0.0, Culture=neutral, PublicKeyToken=b03f5f7f11d50a3a" className="Tests.ClienteTDGTest, Tests, Version=1.0.0.0, Culture=neutral, PublicKeyToken=null" name="cargarClientePorFacturaTest" />
    </UnitTest>
    <UnitTest name="buscarInsumosConRestriccionesTest" storage="c:\users\diego\documents\visual studio 2010\projects\uniprof\tests\bin\release\tests.dll" id="590fbd59-b150-d4b9-6a37-e409519e63c2">
      <Execution id="322f6146-d4df-4137-8ca1-4dcb9193ed6b" />
      <TestMethod codeBase="C:/Users/Diego/Documents/Visual Studio 2010/Projects/Uniprof/Tests/bin/Release/Tests.DLL" adapterTypeName="Microsoft.VisualStudio.TestTools.TestTypes.Unit.UnitTestAdapter, Microsoft.VisualStudio.QualityTools.Tips.UnitTest.Adapter, Version=10.0.0.0, Culture=neutral, PublicKeyToken=b03f5f7f11d50a3a" className="Tests.InsumoTDGTest, Tests, Version=1.0.0.0, Culture=neutral, PublicKeyToken=null" name="buscarInsumosConRestriccionesTest" />
    </UnitTest>
    <UnitTest name="agregarPatenteTest" storage="c:\users\diego\documents\visual studio 2010\projects\uniprof\tests\bin\release\tests.dll" id="e27be593-1d5d-4e60-f221-5154b5c9193c">
      <Execution id="bae75def-a502-46bb-8127-f204a8c2c303" />
      <TestMethod codeBase="C:/Users/Diego/Documents/Visual Studio 2010/Projects/Uniprof/Tests/bin/Release/Tests.DLL" adapterTypeName="Microsoft.VisualStudio.TestTools.TestTypes.Unit.UnitTestAdapter, Microsoft.VisualStudio.QualityTools.Tips.UnitTest.Adapter, Version=10.0.0.0, Culture=neutral, PublicKeyToken=b03f5f7f11d50a3a" className="Tests.FamiliaTDGTest, Tests, Version=1.0.0.0, Culture=neutral, PublicKeyToken=null" name="agregarPatenteTest" />
    </UnitTest>
    <UnitTest name="buscarPrimerosHuecosMaquinaTest" storage="c:\users\diego\documents\visual studio 2010\projects\uniprof\tests\bin\release\tests.dll" id="58008e3d-a662-382f-b6bd-ea56db2d0729">
      <Execution id="4d245de6-25d0-4426-ad18-9b9532fc5ed8" />
      <TestMethod codeBase="C:/Users/Diego/Documents/Visual Studio 2010/Projects/Uniprof/Tests/bin/Release/Tests.DLL" adapterTypeName="Microsoft.VisualStudio.TestTools.TestTypes.Unit.UnitTestAdapter, Microsoft.VisualStudio.QualityTools.Tips.UnitTest.Adapter, Version=10.0.0.0, Culture=neutral, PublicKeyToken=b03f5f7f11d50a3a" className="Tests.ProduccionBusinessTest, Tests, Version=1.0.0.0, Culture=neutral, PublicKeyToken=null" name="buscarPrimerosHuecosMaquinaTest" />
    </UnitTest>
    <UnitTest name="bloquearUsuarioTest" storage="c:\users\diego\documents\visual studio 2010\projects\uniprof\tests\bin\release\tests.dll" id="a5c2a138-5bc5-66da-7c2e-bc96b13a556b">
      <Execution id="9fd2579c-6ee3-42c7-9515-5a6d94977ea8" />
      <TestMethod codeBase="C:/Users/Diego/Documents/Visual Studio 2010/Projects/Uniprof/Tests/bin/Release/Tests.DLL" adapterTypeName="Microsoft.VisualStudio.TestTools.TestTypes.Unit.UnitTestAdapter, Microsoft.VisualStudio.QualityTools.Tips.UnitTest.Adapter, Version=10.0.0.0, Culture=neutral, PublicKeyToken=b03f5f7f11d50a3a" className="Tests.UsuarioBusinessTest, Tests, Version=1.0.0.0, Culture=neutral, PublicKeyToken=null" name="bloquearUsuarioTest" />
    </UnitTest>
    <UnitTest name="buscarEstadosTest" storage="c:\users\diego\documents\visual studio 2010\projects\uniprof\tests\bin\release\tests.dll" id="beb08e30-b8b0-b48e-c515-c7a8586c6e54">
      <Execution id="34c71c06-896c-4be5-9e16-c2edc603d8a2" />
      <TestMethod codeBase="C:/Users/Diego/Documents/Visual Studio 2010/Projects/Uniprof/Tests/bin/Release/Tests.DLL" adapterTypeName="Microsoft.VisualStudio.TestTools.TestTypes.Unit.UnitTestAdapter, Microsoft.VisualStudio.QualityTools.Tips.UnitTest.Adapter, Version=10.0.0.0, Culture=neutral, PublicKeyToken=b03f5f7f11d50a3a" className="Tests.EstadoDiseñoTDGTest, Tests, Version=1.0.0.0, Culture=neutral, PublicKeyToken=null" name="buscarEstadosTest" />
    </UnitTest>
    <UnitTest name="actualizarInsumoTest" storage="c:\users\diego\documents\visual studio 2010\projects\uniprof\tests\bin\release\tests.dll" id="1a2eb27e-5a5f-d0a1-8888-804cc861f69e">
      <Execution id="024d7a03-5b6c-48d8-bf3a-26ac421c724c" />
      <TestMethod codeBase="C:/Users/Diego/Documents/Visual Studio 2010/Projects/Uniprof/Tests/bin/Release/Tests.DLL" adapterTypeName="Microsoft.VisualStudio.TestTools.TestTypes.Unit.UnitTestAdapter, Microsoft.VisualStudio.QualityTools.Tips.UnitTest.Adapter, Version=10.0.0.0, Culture=neutral, PublicKeyToken=b03f5f7f11d50a3a" className="Tests.InsumoBusinessTest, Tests, Version=1.0.0.0, Culture=neutral, PublicKeyToken=null" name="actualizarInsumoTest" />
    </UnitTest>
    <UnitTest name="listarInsumosPorColorTest" storage="c:\users\diego\documents\visual studio 2010\projects\uniprof\tests\bin\release\tests.dll" id="8a0dd9bc-7acf-b95a-4187-a00b7726fa73">
      <Execution id="a41c5e3a-f5d8-4a4c-85e2-b98f1884daa6" />
      <TestMethod codeBase="C:/Users/Diego/Documents/Visual Studio 2010/Projects/Uniprof/Tests/bin/Release/Tests.DLL" adapterTypeName="Microsoft.VisualStudio.TestTools.TestTypes.Unit.UnitTestAdapter, Microsoft.VisualStudio.QualityTools.Tips.UnitTest.Adapter, Version=10.0.0.0, Culture=neutral, PublicKeyToken=b03f5f7f11d50a3a" className="Tests.InsumoBusinessTest, Tests, Version=1.0.0.0, Culture=neutral, PublicKeyToken=null" name="listarInsumosPorColorTest" />
    </UnitTest>
    <UnitTest name="borrarUsuarioTest" storage="c:\users\diego\documents\visual studio 2010\projects\uniprof\tests\bin\release\tests.dll" id="364ee525-fb4e-4236-05f2-99b03bc282b2">
      <Execution id="fbaae69b-ff7b-4cdb-bd8e-88cba1bee02a" />
      <TestMethod codeBase="C:/Users/Diego/Documents/Visual Studio 2010/Projects/Uniprof/Tests/bin/Release/Tests.DLL" adapterTypeName="Microsoft.VisualStudio.TestTools.TestTypes.Unit.UnitTestAdapter, Microsoft.VisualStudio.QualityTools.Tips.UnitTest.Adapter, Version=10.0.0.0, Culture=neutral, PublicKeyToken=b03f5f7f11d50a3a" className="Tests.ClienteTDGTest, Tests, Version=1.0.0.0, Culture=neutral, PublicKeyToken=null" name="borrarUsuarioTest" />
    </UnitTest>
    <UnitTest name="BuscarDiseñosTest" storage="c:\users\diego\documents\visual studio 2010\projects\uniprof\tests\bin\release\tests.dll" id="78d51b31-e137-cc46-4586-32e7fc15993b">
      <Execution id="71daf707-2e97-4922-8128-71bd34e9c25f" />
      <TestMethod codeBase="C:/Users/Diego/Documents/Visual Studio 2010/Projects/Uniprof/Tests/bin/Release/Tests.DLL" adapterTypeName="Microsoft.VisualStudio.TestTools.TestTypes.Unit.UnitTestAdapter, Microsoft.VisualStudio.QualityTools.Tips.UnitTest.Adapter, Version=10.0.0.0, Culture=neutral, PublicKeyToken=b03f5f7f11d50a3a" className="Tests.DiseñoRepositorioTest, Tests, Version=1.0.0.0, Culture=neutral, PublicKeyToken=null" name="BuscarDiseñosTest" />
    </UnitTest>
    <UnitTest name="cargarLineasFacturaConRestriccionTest" storage="c:\users\diego\documents\visual studio 2010\projects\uniprof\tests\bin\release\tests.dll" id="1185b585-ef75-6544-19b0-95bea00f10c1">
      <Execution id="e074b5c3-5975-496a-afcf-31c75b37fa59" />
      <TestMethod codeBase="C:/Users/Diego/Documents/Visual Studio 2010/Projects/Uniprof/Tests/bin/Release/Tests.DLL" adapterTypeName="Microsoft.VisualStudio.TestTools.TestTypes.Unit.UnitTestAdapter, Microsoft.VisualStudio.QualityTools.Tips.UnitTest.Adapter, Version=10.0.0.0, Culture=neutral, PublicKeyToken=b03f5f7f11d50a3a" className="Tests.LineaOrdenDeCompraTDGTest, Tests, Version=1.0.0.0, Culture=neutral, PublicKeyToken=null" name="cargarLineasFacturaConRestriccionTest" />
    </UnitTest>
    <UnitTest name="GuardarPedidoTest1" storage="c:\users\diego\documents\visual studio 2010\projects\uniprof\tests\bin\release\tests.dll" id="1547d2a7-8401-4066-0421-456391521e4e">
      <Execution id="1c1d6c81-88f2-40d8-89a1-e595b32524d2" />
      <TestMethod codeBase="C:/Users/Diego/Documents/Visual Studio 2010/Projects/Uniprof/Tests/bin/Release/Tests.DLL" adapterTypeName="Microsoft.VisualStudio.TestTools.TestTypes.Unit.UnitTestAdapter, Microsoft.VisualStudio.QualityTools.Tips.UnitTest.Adapter, Version=10.0.0.0, Culture=neutral, PublicKeyToken=b03f5f7f11d50a3a" className="Tests.PedidoBusinessTest, Tests, Version=1.0.0.0, Culture=neutral, PublicKeyToken=null" name="GuardarPedidoTest1" />
    </UnitTest>
    <UnitTest name="grabarProduccionOperadorTDGTest" storage="c:\users\diego\documents\visual studio 2010\projects\uniprof\tests\bin\release\tests.dll" id="bab93624-9701-4d27-3151-c1bf509e95c1">
      <Execution id="a53fecc7-c32e-40d4-9bf2-b68894e96946" />
      <TestMethod codeBase="C:/Users/Diego/Documents/Visual Studio 2010/Projects/Uniprof/Tests/bin/Release/Tests.DLL" adapterTypeName="Microsoft.VisualStudio.TestTools.TestTypes.Unit.UnitTestAdapter, Microsoft.VisualStudio.QualityTools.Tips.UnitTest.Adapter, Version=10.0.0.0, Culture=neutral, PublicKeyToken=b03f5f7f11d50a3a" className="Tests.ProduccionOperadorTDGTest, Tests, Version=1.0.0.0, Culture=neutral, PublicKeyToken=null" name="grabarProduccionOperadorTDGTest" />
    </UnitTest>
    <UnitTest name="actualizarMovimientoTest" storage="c:\users\diego\documents\visual studio 2010\projects\uniprof\tests\bin\release\tests.dll" id="3cd1a5b2-2061-12b0-4cbc-6da8d643a9e8">
      <Execution id="d1b5b473-2ca9-4272-82e8-1c535eac4534" />
      <TestMethod codeBase="C:/Users/Diego/Documents/Visual Studio 2010/Projects/Uniprof/Tests/bin/Release/Tests.DLL" adapterTypeName="Microsoft.VisualStudio.TestTools.TestTypes.Unit.UnitTestAdapter, Microsoft.VisualStudio.QualityTools.Tips.UnitTest.Adapter, Version=10.0.0.0, Culture=neutral, PublicKeyToken=b03f5f7f11d50a3a" className="Tests.MovimientoCuentaProveedorRepositorioTest, Tests, Version=1.0.0.0, Culture=neutral, PublicKeyToken=null" name="actualizarMovimientoTest" />
    </UnitTest>
    <UnitTest name="listarFacturasPorIdTest" storage="c:\users\diego\documents\visual studio 2010\projects\uniprof\tests\bin\release\tests.dll" id="c6a2f7ad-0298-580e-2fa3-bbb6c9b28898">
      <Execution id="af65b71b-b7ed-4615-9350-93a5738683ce" />
      <TestMethod codeBase="C:/Users/Diego/Documents/Visual Studio 2010/Projects/Uniprof/Tests/bin/Release/Tests.DLL" adapterTypeName="Microsoft.VisualStudio.TestTools.TestTypes.Unit.UnitTestAdapter, Microsoft.VisualStudio.QualityTools.Tips.UnitTest.Adapter, Version=10.0.0.0, Culture=neutral, PublicKeyToken=b03f5f7f11d50a3a" className="Tests.FacturaRepositorioTest, Tests, Version=1.0.0.0, Culture=neutral, PublicKeyToken=null" name="listarFacturasPorIdTest" />
    </UnitTest>
    <UnitTest name="modificarTest" storage="c:\users\diego\documents\visual studio 2010\projects\uniprof\tests\bin\release\tests.dll" id="13496ae0-c24c-3fcb-7178-2789fe5b49ef">
      <Execution id="e24d8fa4-c4e4-40e1-91ae-a28dffbb8bac" />
      <TestMethod codeBase="C:/Users/Diego/Documents/Visual Studio 2010/Projects/Uniprof/Tests/bin/Release/Tests.DLL" adapterTypeName="Microsoft.VisualStudio.TestTools.TestTypes.Unit.UnitTestAdapter, Microsoft.VisualStudio.QualityTools.Tips.UnitTest.Adapter, Version=10.0.0.0, Culture=neutral, PublicKeyToken=b03f5f7f11d50a3a" className="Tests.ConversacionRepositorioTest, Tests, Version=1.0.0.0, Culture=neutral, PublicKeyToken=null" name="modificarTest" />
    </UnitTest>
    <UnitTest name="borrarArticulosTest" storage="c:\users\diego\documents\visual studio 2010\projects\uniprof\tests\bin\release\tests.dll" id="14276aa4-72b7-f96c-4fe9-e83b20c4c391">
      <Execution id="0560625c-80e1-4166-9f79-031a126e7b6d" />
      <TestMethod codeBase="C:/Users/Diego/Documents/Visual Studio 2010/Projects/Uniprof/Tests/bin/Release/Tests.DLL" adapterTypeName="Microsoft.VisualStudio.TestTools.TestTypes.Unit.UnitTestAdapter, Microsoft.VisualStudio.QualityTools.Tips.UnitTest.Adapter, Version=10.0.0.0, Culture=neutral, PublicKeyToken=b03f5f7f11d50a3a" className="Tests.ArticuloTDGTest, Tests, Version=1.0.0.0, Culture=neutral, PublicKeyToken=null" name="borrarArticulosTest" />
    </UnitTest>
    <UnitTest name="borrarTest" storage="c:\users\diego\documents\visual studio 2010\projects\uniprof\tests\bin\release\tests.dll" id="cb68f00e-cb19-bf47-0657-80219e1c9cfa">
      <Execution id="37a4591e-00c6-4187-8849-a5440ce1990c" />
      <TestMethod codeBase="C:/Users/Diego/Documents/Visual Studio 2010/Projects/Uniprof/Tests/bin/Release/Tests.DLL" adapterTypeName="Microsoft.VisualStudio.TestTools.TestTypes.Unit.UnitTestAdapter, Microsoft.VisualStudio.QualityTools.Tips.UnitTest.Adapter, Version=10.0.0.0, Culture=neutral, PublicKeyToken=b03f5f7f11d50a3a" className="Tests.MensajeRepositorioTest, Tests, Version=1.0.0.0, Culture=neutral, PublicKeyToken=null" name="borrarTest" />
    </UnitTest>
    <UnitTest name="listarArticulosTest" storage="c:\users\diego\documents\visual studio 2010\projects\uniprof\tests\bin\release\tests.dll" id="62f6b994-f314-dfaa-2382-4b70b0820150">
      <Execution id="67675445-d7b2-4921-b901-368a6a418487" />
      <TestMethod codeBase="C:/Users/Diego/Documents/Visual Studio 2010/Projects/Uniprof/Tests/bin/Release/Tests.DLL" adapterTypeName="Microsoft.VisualStudio.TestTools.TestTypes.Unit.UnitTestAdapter, Microsoft.VisualStudio.QualityTools.Tips.UnitTest.Adapter, Version=10.0.0.0, Culture=neutral, PublicKeyToken=b03f5f7f11d50a3a" className="Tests.ArticuloBusinessTest, Tests, Version=1.0.0.0, Culture=neutral, PublicKeyToken=null" name="listarArticulosTest" />
    </UnitTest>
    <UnitTest name="borrarLineaTest" storage="c:\users\diego\documents\visual studio 2010\projects\uniprof\tests\bin\release\tests.dll" id="954c6542-5669-95f4-2fc5-a01c436de193">
      <Execution id="fd90b3a8-3d0c-43c0-82c0-6b8a135a6cb1" />
      <TestMethod codeBase="C:/Users/Diego/Documents/Visual Studio 2010/Projects/Uniprof/Tests/bin/Release/Tests.DLL" adapterTypeName="Microsoft.VisualStudio.TestTools.TestTypes.Unit.UnitTestAdapter, Microsoft.VisualStudio.QualityTools.Tips.UnitTest.Adapter, Version=10.0.0.0, Culture=neutral, PublicKeyToken=b03f5f7f11d50a3a" className="Tests.LineaOrdenDeCompraTDGTest, Tests, Version=1.0.0.0, Culture=neutral, PublicKeyToken=null" name="borrarLineaTest" />
    </UnitTest>
    <UnitTest name="grabarProduccionTest" storage="c:\users\diego\documents\visual studio 2010\projects\uniprof\tests\bin\release\tests.dll" id="280aded5-68b9-b810-9a8e-34bdb568fac8">
      <Execution id="9c69884d-6959-485a-a009-63ae4b641a63" />
      <TestMethod codeBase="C:/Users/Diego/Documents/Visual Studio 2010/Projects/Uniprof/Tests/bin/Release/Tests.DLL" adapterTypeName="Microsoft.VisualStudio.TestTools.TestTypes.Unit.UnitTestAdapter, Microsoft.VisualStudio.QualityTools.Tips.UnitTest.Adapter, Version=10.0.0.0, Culture=neutral, PublicKeyToken=b03f5f7f11d50a3a" className="Tests.ProduccionBusinessTest, Tests, Version=1.0.0.0, Culture=neutral, PublicKeyToken=null" name="grabarProduccionTest" />
    </UnitTest>
    <UnitTest name="listarMovimientosTest" storage="c:\users\diego\documents\visual studio 2010\projects\uniprof\tests\bin\release\tests.dll" id="3d5d4690-413e-480e-9909-702cf88399dd">
      <Execution id="bc77d2be-3b90-4cd9-b335-15416dfb54b4" />
      <TestMethod codeBase="C:/Users/Diego/Documents/Visual Studio 2010/Projects/Uniprof/Tests/bin/Release/Tests.DLL" adapterTypeName="Microsoft.VisualStudio.TestTools.TestTypes.Unit.UnitTestAdapter, Microsoft.VisualStudio.QualityTools.Tips.UnitTest.Adapter, Version=10.0.0.0, Culture=neutral, PublicKeyToken=b03f5f7f11d50a3a" className="Tests.MovimientoCuentaProveedorRepositorioTest, Tests, Version=1.0.0.0, Culture=neutral, PublicKeyToken=null" name="listarMovimientosTest" />
    </UnitTest>
    <UnitTest name="buscarNewsletterParaEnviarTest" storage="c:\users\diego\documents\visual studio 2010\projects\uniprof\tests\bin\release\tests.dll" id="bde72f4f-f66e-49e5-5a7f-f0f6283a032f">
      <Execution id="af9b4d99-343b-4793-8fde-8a763ff28ebf" />
      <TestMethod codeBase="C:/Users/Diego/Documents/Visual Studio 2010/Projects/Uniprof/Tests/bin/Release/Tests.DLL" adapterTypeName="Microsoft.VisualStudio.TestTools.TestTypes.Unit.UnitTestAdapter, Microsoft.VisualStudio.QualityTools.Tips.UnitTest.Adapter, Version=10.0.0.0, Culture=neutral, PublicKeyToken=b03f5f7f11d50a3a" className="Tests.NewsletterBusinessTest, Tests, Version=1.0.0.0, Culture=neutral, PublicKeyToken=null" name="buscarNewsletterParaEnviarTest" />
    </UnitTest>
    <UnitTest name="crearUsuarioTest" storage="c:\users\diego\documents\visual studio 2010\projects\uniprof\tests\bin\release\tests.dll" id="179d28ef-c565-5c45-d785-59f1a0626295">
      <Execution id="b55e16db-b375-42b4-9520-dabccfda42b8" />
      <TestMethod codeBase="C:/Users/Diego/Documents/Visual Studio 2010/Projects/Uniprof/Tests/bin/Release/Tests.DLL" adapterTypeName="Microsoft.VisualStudio.TestTools.TestTypes.Unit.UnitTestAdapter, Microsoft.VisualStudio.QualityTools.Tips.UnitTest.Adapter, Version=10.0.0.0, Culture=neutral, PublicKeyToken=b03f5f7f11d50a3a" className="Tests.UsuarioBusinessTest, Tests, Version=1.0.0.0, Culture=neutral, PublicKeyToken=null" name="crearUsuarioTest" />
    </UnitTest>
    <UnitTest name="buscarColorConRestriccionesTest" storage="c:\users\diego\documents\visual studio 2010\projects\uniprof\tests\bin\release\tests.dll" id="e8b1e8f2-7674-bb72-605f-9a7a2bc1bfee">
      <Execution id="1e9e67ab-da46-4e32-8164-5e0d778a6390" />
      <TestMethod codeBase="C:/Users/Diego/Documents/Visual Studio 2010/Projects/Uniprof/Tests/bin/Release/Tests.DLL" adapterTypeName="Microsoft.VisualStudio.TestTools.TestTypes.Unit.UnitTestAdapter, Microsoft.VisualStudio.QualityTools.Tips.UnitTest.Adapter, Version=10.0.0.0, Culture=neutral, PublicKeyToken=b03f5f7f11d50a3a" className="Tests.ColorTDGTest, Tests, Version=1.0.0.0, Culture=neutral, PublicKeyToken=null" name="buscarColorConRestriccionesTest" />
    </UnitTest>
    <UnitTest name="buscarNewsletterParaEnviarTest" storage="c:\users\diego\documents\visual studio 2010\projects\uniprof\tests\bin\release\tests.dll" id="e3f85f2f-8bca-7a73-722e-520143b3f21d">
      <Execution id="f7a02d74-b29e-48dd-911f-faa39f24a8be" />
      <TestMethod codeBase="C:/Users/Diego/Documents/Visual Studio 2010/Projects/Uniprof/Tests/bin/Release/Tests.DLL" adapterTypeName="Microsoft.VisualStudio.TestTools.TestTypes.Unit.UnitTestAdapter, Microsoft.VisualStudio.QualityTools.Tips.UnitTest.Adapter, Version=10.0.0.0, Culture=neutral, PublicKeyToken=b03f5f7f11d50a3a" className="Tests.NewsletterRepositorioTest, Tests, Version=1.0.0.0, Culture=neutral, PublicKeyToken=null" name="buscarNewsletterParaEnviarTest" />
    </UnitTest>
    <UnitTest name="borrarProduccionOperadorTest" storage="c:\users\diego\documents\visual studio 2010\projects\uniprof\tests\bin\release\tests.dll" id="46319d74-a59b-cb4c-c42c-91de192140ab">
      <Execution id="ae634415-0f1b-4817-9586-0d122cbacb95" />
      <TestMethod codeBase="C:/Users/Diego/Documents/Visual Studio 2010/Projects/Uniprof/Tests/bin/Release/Tests.DLL" adapterTypeName="Microsoft.VisualStudio.TestTools.TestTypes.Unit.UnitTestAdapter, Microsoft.VisualStudio.QualityTools.Tips.UnitTest.Adapter, Version=10.0.0.0, Culture=neutral, PublicKeyToken=b03f5f7f11d50a3a" className="Tests.ProduccionOperadorTDGTest, Tests, Version=1.0.0.0, Culture=neutral, PublicKeyToken=null" name="borrarProduccionOperadorTest" />
    </UnitTest>
    <UnitTest name="listarOpinionesTest" storage="c:\users\diego\documents\visual studio 2010\projects\uniprof\tests\bin\release\tests.dll" id="eda2ca79-f409-f699-6d33-a3da45e5d953">
      <Execution id="f4ba1d1f-eb37-4289-b072-516db71367ea" />
      <TestMethod codeBase="C:/Users/Diego/Documents/Visual Studio 2010/Projects/Uniprof/Tests/bin/Release/Tests.DLL" adapterTypeName="Microsoft.VisualStudio.TestTools.TestTypes.Unit.UnitTestAdapter, Microsoft.VisualStudio.QualityTools.Tips.UnitTest.Adapter, Version=10.0.0.0, Culture=neutral, PublicKeyToken=b03f5f7f11d50a3a" className="Tests.OpinionRepositorioTest, Tests, Version=1.0.0.0, Culture=neutral, PublicKeyToken=null" name="listarOpinionesTest" />
    </UnitTest>
    <UnitTest name="buscarArticulosPorCodigoTest" storage="c:\users\diego\documents\visual studio 2010\projects\uniprof\tests\bin\release\tests.dll" id="dde12295-d4b5-9724-4e8c-04bf282ca24f">
      <Execution id="cf3a310b-8602-4a60-916f-5b9e5f67d60e" />
      <TestMethod codeBase="C:/Users/Diego/Documents/Visual Studio 2010/Projects/Uniprof/Tests/bin/Release/Tests.DLL" adapterTypeName="Microsoft.VisualStudio.TestTools.TestTypes.Unit.UnitTestAdapter, Microsoft.VisualStudio.QualityTools.Tips.UnitTest.Adapter, Version=10.0.0.0, Culture=neutral, PublicKeyToken=b03f5f7f11d50a3a" className="Tests.ArticuloRepositorioTest, Tests, Version=1.0.0.0, Culture=neutral, PublicKeyToken=null" name="buscarArticulosPorCodigoTest" />
    </UnitTest>
    <UnitTest name="listarProveedoresTest" storage="c:\users\diego\documents\visual studio 2010\projects\uniprof\tests\bin\release\tests.dll" id="1f993eef-b5ac-3548-c940-f219e4216d75">
      <Execution id="5216601a-4878-436e-98b8-6a7913feb367" />
      <TestMethod codeBase="C:/Users/Diego/Documents/Visual Studio 2010/Projects/Uniprof/Tests/bin/Release/Tests.DLL" adapterTypeName="Microsoft.VisualStudio.TestTools.TestTypes.Unit.UnitTestAdapter, Microsoft.VisualStudio.QualityTools.Tips.UnitTest.Adapter, Version=10.0.0.0, Culture=neutral, PublicKeyToken=b03f5f7f11d50a3a" className="Tests.ProveedorRepositorioTest, Tests, Version=1.0.0.0, Culture=neutral, PublicKeyToken=null" name="listarProveedoresTest" />
    </UnitTest>
    <UnitTest name="listarArticulosPorPrendaTest" storage="c:\users\diego\documents\visual studio 2010\projects\uniprof\tests\bin\release\tests.dll" id="b942b6d6-f408-1783-9c4d-ef179ac5d56f">
      <Execution id="f5c823fb-4c0c-49b0-9523-af08858602c7" />
      <TestMethod codeBase="C:/Users/Diego/Documents/Visual Studio 2010/Projects/Uniprof/Tests/bin/Release/Tests.DLL" adapterTypeName="Microsoft.VisualStudio.TestTools.TestTypes.Unit.UnitTestAdapter, Microsoft.VisualStudio.QualityTools.Tips.UnitTest.Adapter, Version=10.0.0.0, Culture=neutral, PublicKeyToken=b03f5f7f11d50a3a" className="Tests.ArticuloBusinessTest, Tests, Version=1.0.0.0, Culture=neutral, PublicKeyToken=null" name="listarArticulosPorPrendaTest" />
    </UnitTest>
    <UnitTest name="modificarMovimientosClienteTest" storage="c:\users\diego\documents\visual studio 2010\projects\uniprof\tests\bin\release\tests.dll" id="c40068e0-385e-bf45-abe2-9f61f6d3993f">
      <Execution id="3c64ab26-e5f9-41de-bfdf-95327772d492" />
      <TestMethod codeBase="C:/Users/Diego/Documents/Visual Studio 2010/Projects/Uniprof/Tests/bin/Release/Tests.DLL" adapterTypeName="Microsoft.VisualStudio.TestTools.TestTypes.Unit.UnitTestAdapter, Microsoft.VisualStudio.QualityTools.Tips.UnitTest.Adapter, Version=10.0.0.0, Culture=neutral, PublicKeyToken=b03f5f7f11d50a3a" className="Tests.MovimientoCuentaProveedorTDGTest, Tests, Version=1.0.0.0, Culture=neutral, PublicKeyToken=null" name="modificarMovimientosClienteTest" />
    </UnitTest>
    <UnitTest name="buscarTipoCuentaPorIdTest" storage="c:\users\diego\documents\visual studio 2010\projects\uniprof\tests\bin\release\tests.dll" id="a5adf3df-a9f8-2832-66ba-f690ea4581d6">
      <Execution id="cc956b92-d80f-4d28-bc0c-88733aee2ea4" />
      <TestMethod codeBase="C:/Users/Diego/Documents/Visual Studio 2010/Projects/Uniprof/Tests/bin/Release/Tests.DLL" adapterTypeName="Microsoft.VisualStudio.TestTools.TestTypes.Unit.UnitTestAdapter, Microsoft.VisualStudio.QualityTools.Tips.UnitTest.Adapter, Version=10.0.0.0, Culture=neutral, PublicKeyToken=b03f5f7f11d50a3a" className="Tests.CuentaTDGTest, Tests, Version=1.0.0.0, Culture=neutral, PublicKeyToken=null" name="buscarTipoCuentaPorIdTest" />
    </UnitTest>
    <UnitTest name="modificarInsumoTest" storage="c:\users\diego\documents\visual studio 2010\projects\uniprof\tests\bin\release\tests.dll" id="59ac30e1-edc3-3193-83d1-44bf47baeaf4">
      <Execution id="78c82823-1845-4149-84d3-36ddb095dfcf" />
      <TestMethod codeBase="C:/Users/Diego/Documents/Visual Studio 2010/Projects/Uniprof/Tests/bin/Release/Tests.DLL" adapterTypeName="Microsoft.VisualStudio.TestTools.TestTypes.Unit.UnitTestAdapter, Microsoft.VisualStudio.QualityTools.Tips.UnitTest.Adapter, Version=10.0.0.0, Culture=neutral, PublicKeyToken=b03f5f7f11d50a3a" className="Tests.InsumoTDGTest, Tests, Version=1.0.0.0, Culture=neutral, PublicKeyToken=null" name="modificarInsumoTest" />
    </UnitTest>
    <UnitTest name="grabarMensajeTest" storage="c:\users\diego\documents\visual studio 2010\projects\uniprof\tests\bin\release\tests.dll" id="29f0136c-6b94-67a3-1d98-7e9ef56e0b01">
      <Execution id="73fec1b6-aa5e-4163-8434-a44cb9faf9c0" />
      <TestMethod codeBase="C:/Users/Diego/Documents/Visual Studio 2010/Projects/Uniprof/Tests/bin/Release/Tests.DLL" adapterTypeName="Microsoft.VisualStudio.TestTools.TestTypes.Unit.UnitTestAdapter, Microsoft.VisualStudio.QualityTools.Tips.UnitTest.Adapter, Version=10.0.0.0, Culture=neutral, PublicKeyToken=b03f5f7f11d50a3a" className="Tests.ConversacionTDGTest, Tests, Version=1.0.0.0, Culture=neutral, PublicKeyToken=null" name="grabarMensajeTest" />
    </UnitTest>
    <UnitTest name="buscarPedidoPorCodigoTest" storage="c:\users\diego\documents\visual studio 2010\projects\uniprof\tests\bin\release\tests.dll" id="13283e1a-ebd5-2811-9974-2614dbf7730f">
      <Execution id="8a2fe19f-e7f8-416d-926e-a780ae063d1d" />
      <TestMethod codeBase="C:/Users/Diego/Documents/Visual Studio 2010/Projects/Uniprof/Tests/bin/Release/Tests.DLL" adapterTypeName="Microsoft.VisualStudio.TestTools.TestTypes.Unit.UnitTestAdapter, Microsoft.VisualStudio.QualityTools.Tips.UnitTest.Adapter, Version=10.0.0.0, Culture=neutral, PublicKeyToken=b03f5f7f11d50a3a" className="Tests.PedidoRepositorioTest, Tests, Version=1.0.0.0, Culture=neutral, PublicKeyToken=null" name="buscarPedidoPorCodigoTest" />
    </UnitTest>
    <UnitTest name="borrarOperadorTest" storage="c:\users\diego\documents\visual studio 2010\projects\uniprof\tests\bin\release\tests.dll" id="85ca884d-a763-a279-970a-decd7d2ef2e7">
      <Execution id="93eeae8c-5db2-4a7d-9e2f-2583c2d8298f" />
      <TestMethod codeBase="C:/Users/Diego/Documents/Visual Studio 2010/Projects/Uniprof/Tests/bin/Release/Tests.DLL" adapterTypeName="Microsoft.VisualStudio.TestTools.TestTypes.Unit.UnitTestAdapter, Microsoft.VisualStudio.QualityTools.Tips.UnitTest.Adapter, Version=10.0.0.0, Culture=neutral, PublicKeyToken=b03f5f7f11d50a3a" className="Tests.OperadorTDGTest, Tests, Version=1.0.0.0, Culture=neutral, PublicKeyToken=null" name="borrarOperadorTest" />
    </UnitTest>
    <UnitTest name="cargarLineasPorFacturaTest" storage="c:\users\diego\documents\visual studio 2010\projects\uniprof\tests\bin\release\tests.dll" id="79432a3c-09ad-494a-94b0-409081b91296">
      <Execution id="302b9468-4fa1-47ef-a61b-e49bbff61a0d" />
      <TestMethod codeBase="C:/Users/Diego/Documents/Visual Studio 2010/Projects/Uniprof/Tests/bin/Release/Tests.DLL" adapterTypeName="Microsoft.VisualStudio.TestTools.TestTypes.Unit.UnitTestAdapter, Microsoft.VisualStudio.QualityTools.Tips.UnitTest.Adapter, Version=10.0.0.0, Culture=neutral, PublicKeyToken=b03f5f7f11d50a3a" className="Tests.LineaFacturaRepostorioTest, Tests, Version=1.0.0.0, Culture=neutral, PublicKeyToken=null" name="cargarLineasPorFacturaTest" />
    </UnitTest>
    <UnitTest name="listarPedidosPorClienteTest" storage="c:\users\diego\documents\visual studio 2010\projects\uniprof\tests\bin\release\tests.dll" id="66a338ec-66f0-37fa-1bf3-601efb395594">
      <Execution id="ff9d832c-0851-4032-ab55-5195c817c594" />
      <TestMethod codeBase="C:/Users/Diego/Documents/Visual Studio 2010/Projects/Uniprof/Tests/bin/Release/Tests.DLL" adapterTypeName="Microsoft.VisualStudio.TestTools.TestTypes.Unit.UnitTestAdapter, Microsoft.VisualStudio.QualityTools.Tips.UnitTest.Adapter, Version=10.0.0.0, Culture=neutral, PublicKeyToken=b03f5f7f11d50a3a" className="Tests.PedidoRepositorioTest, Tests, Version=1.0.0.0, Culture=neutral, PublicKeyToken=null" name="listarPedidosPorClienteTest" />
    </UnitTest>
    <UnitTest name="listarUsuariosTest" storage="c:\users\diego\documents\visual studio 2010\projects\uniprof\tests\bin\release\tests.dll" id="7f31f25c-e328-77fa-dde7-0ee6e5a7e366">
      <Execution id="ba89f7f0-53a7-4181-b4e6-d7f1fa066f64" />
      <TestMethod codeBase="C:/Users/Diego/Documents/Visual Studio 2010/Projects/Uniprof/Tests/bin/Release/Tests.DLL" adapterTypeName="Microsoft.VisualStudio.TestTools.TestTypes.Unit.UnitTestAdapter, Microsoft.VisualStudio.QualityTools.Tips.UnitTest.Adapter, Version=10.0.0.0, Culture=neutral, PublicKeyToken=b03f5f7f11d50a3a" className="Tests.UsuarioRepositorioTest, Tests, Version=1.0.0.0, Culture=neutral, PublicKeyToken=null" name="listarUsuariosTest" />
    </UnitTest>
    <UnitTest name="buscarProveedoresPorNombreTest" storage="c:\users\diego\documents\visual studio 2010\projects\uniprof\tests\bin\release\tests.dll" id="723aff45-3bd6-6949-d938-d2ccbc2f388d">
      <Execution id="9f81ae5a-18ef-4bf3-9177-c2d756dc2bd3" />
      <TestMethod codeBase="C:/Users/Diego/Documents/Visual Studio 2010/Projects/Uniprof/Tests/bin/Release/Tests.DLL" adapterTypeName="Microsoft.VisualStudio.TestTools.TestTypes.Unit.UnitTestAdapter, Microsoft.VisualStudio.QualityTools.Tips.UnitTest.Adapter, Version=10.0.0.0, Culture=neutral, PublicKeyToken=b03f5f7f11d50a3a" className="Tests.ProveedorRepositorioTest, Tests, Version=1.0.0.0, Culture=neutral, PublicKeyToken=null" name="buscarProveedoresPorNombreTest" />
    </UnitTest>
    <UnitTest name="cargarFamiliasPorIdTest" storage="c:\users\diego\documents\visual studio 2010\projects\uniprof\tests\bin\release\tests.dll" id="2c93c645-adc5-bb40-79d7-b39e8ca0fa8c">
      <Execution id="5570ed3b-56f0-4d54-826e-077af7662efc" />
      <TestMethod codeBase="C:/Users/Diego/Documents/Visual Studio 2010/Projects/Uniprof/Tests/bin/Release/Tests.DLL" adapterTypeName="Microsoft.VisualStudio.TestTools.TestTypes.Unit.UnitTestAdapter, Microsoft.VisualStudio.QualityTools.Tips.UnitTest.Adapter, Version=10.0.0.0, Culture=neutral, PublicKeyToken=b03f5f7f11d50a3a" className="Tests.FamiliaTDGTest, Tests, Version=1.0.0.0, Culture=neutral, PublicKeyToken=null" name="cargarFamiliasPorIdTest" />
    </UnitTest>
    <UnitTest name="listarArticulosPorDiseñoTest" storage="c:\users\diego\documents\visual studio 2010\projects\uniprof\tests\bin\release\tests.dll" id="f55d90a1-1701-8dfe-c19c-fedfde1208d9">
      <Execution id="bc5206bb-56ec-435f-81bb-b8ad66628259" />
      <TestMethod codeBase="C:/Users/Diego/Documents/Visual Studio 2010/Projects/Uniprof/Tests/bin/Release/Tests.DLL" adapterTypeName="Microsoft.VisualStudio.TestTools.TestTypes.Unit.UnitTestAdapter, Microsoft.VisualStudio.QualityTools.Tips.UnitTest.Adapter, Version=10.0.0.0, Culture=neutral, PublicKeyToken=b03f5f7f11d50a3a" className="Tests.ArticuloRepositorioTest, Tests, Version=1.0.0.0, Culture=neutral, PublicKeyToken=null" name="listarArticulosPorDiseñoTest" />
    </UnitTest>
    <UnitTest name="buscarPorDescripcionTest" storage="c:\users\diego\documents\visual studio 2010\projects\uniprof\tests\bin\release\tests.dll" id="4d891028-ff30-5474-0c6f-59e839f50717">
      <Execution id="23699a58-4657-4d95-a795-bd312075ca6c" />
      <TestMethod codeBase="C:/Users/Diego/Documents/Visual Studio 2010/Projects/Uniprof/Tests/bin/Release/Tests.DLL" adapterTypeName="Microsoft.VisualStudio.TestTools.TestTypes.Unit.UnitTestAdapter, Microsoft.VisualStudio.QualityTools.Tips.UnitTest.Adapter, Version=10.0.0.0, Culture=neutral, PublicKeyToken=b03f5f7f11d50a3a" className="Tests.TipoMovimientoTDGTest, Tests, Version=1.0.0.0, Culture=neutral, PublicKeyToken=null" name="buscarPorDescripcionTest" />
    </UnitTest>
    <UnitTest name="cargarDiseñosTest" storage="c:\users\diego\documents\visual studio 2010\projects\uniprof\tests\bin\release\tests.dll" id="07a2548d-4241-58e9-0562-3d619b418bbb">
      <Execution id="75caeea7-2b2d-4e3b-accd-1224c2b71a52" />
      <TestMethod codeBase="C:/Users/Diego/Documents/Visual Studio 2010/Projects/Uniprof/Tests/bin/Release/Tests.DLL" adapterTypeName="Microsoft.VisualStudio.TestTools.TestTypes.Unit.UnitTestAdapter, Microsoft.VisualStudio.QualityTools.Tips.UnitTest.Adapter, Version=10.0.0.0, Culture=neutral, PublicKeyToken=b03f5f7f11d50a3a" className="Tests.DiseñoTDGTest, Tests, Version=1.0.0.0, Culture=neutral, PublicKeyToken=null" name="cargarDiseñosTest" />
    </UnitTest>
    <UnitTest name="guardarFamiliaTest" storage="c:\users\diego\documents\visual studio 2010\projects\uniprof\tests\bin\release\tests.dll" id="96e75478-d13a-94b1-f4d7-4e30153efd6b">
      <Execution id="4a94a28f-3262-4420-bd16-1c5d035e8bf0" />
      <TestMethod codeBase="C:/Users/Diego/Documents/Visual Studio 2010/Projects/Uniprof/Tests/bin/Release/Tests.DLL" adapterTypeName="Microsoft.VisualStudio.TestTools.TestTypes.Unit.UnitTestAdapter, Microsoft.VisualStudio.QualityTools.Tips.UnitTest.Adapter, Version=10.0.0.0, Culture=neutral, PublicKeyToken=b03f5f7f11d50a3a" className="Tests.FamiliaBusinessTest, Tests, Version=1.0.0.0, Culture=neutral, PublicKeyToken=null" name="guardarFamiliaTest" />
    </UnitTest>
    <UnitTest name="modificarTest" storage="c:\users\diego\documents\visual studio 2010\projects\uniprof\tests\bin\release\tests.dll" id="4d2a8d5b-b176-00fc-503a-b6acea4e399d">
      <Execution id="3cf76182-34fe-4a0a-8363-066b370468c7" />
      <TestMethod codeBase="C:/Users/Diego/Documents/Visual Studio 2010/Projects/Uniprof/Tests/bin/Release/Tests.DLL" adapterTypeName="Microsoft.VisualStudio.TestTools.TestTypes.Unit.UnitTestAdapter, Microsoft.VisualStudio.QualityTools.Tips.UnitTest.Adapter, Version=10.0.0.0, Culture=neutral, PublicKeyToken=b03f5f7f11d50a3a" className="Tests.MensajeRepositorioTest, Tests, Version=1.0.0.0, Culture=neutral, PublicKeyToken=null" name="modificarTest" />
    </UnitTest>
    <UnitTest name="actualizarTest" storage="c:\users\diego\documents\visual studio 2010\projects\uniprof\tests\bin\release\tests.dll" id="a85e6fd4-de45-4652-f9ef-c22afc1ca0bf">
      <Execution id="7817642a-08a1-4f8e-b3f9-1a39f93595d8" />
      <TestMethod codeBase="C:/Users/Diego/Documents/Visual Studio 2010/Projects/Uniprof/Tests/bin/Release/Tests.DLL" adapterTypeName="Microsoft.VisualStudio.TestTools.TestTypes.Unit.UnitTestAdapter, Microsoft.VisualStudio.QualityTools.Tips.UnitTest.Adapter, Version=10.0.0.0, Culture=neutral, PublicKeyToken=b03f5f7f11d50a3a" className="Tests.ProveedorBusinessTest, Tests, Version=1.0.0.0, Culture=neutral, PublicKeyToken=null" name="actualizarTest" />
    </UnitTest>
    <UnitTest name="listarNewsletterTest" storage="c:\users\diego\documents\visual studio 2010\projects\uniprof\tests\bin\release\tests.dll" id="776c9b88-b138-d6aa-dd32-a876a9437025">
      <Execution id="9180f82c-f6f5-4357-a29f-c9cff9effae0" />
      <TestMethod codeBase="C:/Users/Diego/Documents/Visual Studio 2010/Projects/Uniprof/Tests/bin/Release/Tests.DLL" adapterTypeName="Microsoft.VisualStudio.TestTools.TestTypes.Unit.UnitTestAdapter, Microsoft.VisualStudio.QualityTools.Tips.UnitTest.Adapter, Version=10.0.0.0, Culture=neutral, PublicKeyToken=b03f5f7f11d50a3a" className="Tests.NewsletterBusinessTest, Tests, Version=1.0.0.0, Culture=neutral, PublicKeyToken=null" name="listarNewsletterTest" />
    </UnitTest>
    <UnitTest name="listarPedidosPorClienteTest" storage="c:\users\diego\documents\visual studio 2010\projects\uniprof\tests\bin\release\tests.dll" id="82c5d364-01e4-3d1f-8a3c-419d68a3ff5f">
      <Execution id="d7fafd5c-f00a-44bb-ac37-9ae4d0d2428b" />
      <TestMethod codeBase="C:/Users/Diego/Documents/Visual Studio 2010/Projects/Uniprof/Tests/bin/Release/Tests.DLL" adapterTypeName="Microsoft.VisualStudio.TestTools.TestTypes.Unit.UnitTestAdapter, Microsoft.VisualStudio.QualityTools.Tips.UnitTest.Adapter, Version=10.0.0.0, Culture=neutral, PublicKeyToken=b03f5f7f11d50a3a" className="Tests.PedidoBusinessTest, Tests, Version=1.0.0.0, Culture=neutral, PublicKeyToken=null" name="listarPedidosPorClienteTest" />
    </UnitTest>
    <UnitTest name="grabarFamiliaTest" storage="c:\users\diego\documents\visual studio 2010\projects\uniprof\tests\bin\release\tests.dll" id="edb7a5b7-9d9c-7fee-8224-ff9d0e654bf2">
      <Execution id="fd41306a-a38a-4d06-9339-0839beb22b8c" />
      <TestMethod codeBase="C:/Users/Diego/Documents/Visual Studio 2010/Projects/Uniprof/Tests/bin/Release/Tests.DLL" adapterTypeName="Microsoft.VisualStudio.TestTools.TestTypes.Unit.UnitTestAdapter, Microsoft.VisualStudio.QualityTools.Tips.UnitTest.Adapter, Version=10.0.0.0, Culture=neutral, PublicKeyToken=b03f5f7f11d50a3a" className="Tests.FamiliaTDGTest, Tests, Version=1.0.0.0, Culture=neutral, PublicKeyToken=null" name="grabarFamiliaTest" />
    </UnitTest>
    <UnitTest name="guardarOpinionTest" storage="c:\users\diego\documents\visual studio 2010\projects\uniprof\tests\bin\release\tests.dll" id="97997216-b9cb-a346-d834-1a6abbc22200">
      <Execution id="860b3b35-ac13-465d-a47c-4312a6c2a20d" />
      <TestMethod codeBase="C:/Users/Diego/Documents/Visual Studio 2010/Projects/Uniprof/Tests/bin/Release/Tests.DLL" adapterTypeName="Microsoft.VisualStudio.TestTools.TestTypes.Unit.UnitTestAdapter, Microsoft.VisualStudio.QualityTools.Tips.UnitTest.Adapter, Version=10.0.0.0, Culture=neutral, PublicKeyToken=b03f5f7f11d50a3a" className="Tests.OpinionTDGTest, Tests, Version=1.0.0.0, Culture=neutral, PublicKeyToken=null" name="guardarOpinionTest" />
    </UnitTest>
    <UnitTest name="listarOrdenDeComprasPorIdTest" storage="c:\users\diego\documents\visual studio 2010\projects\uniprof\tests\bin\release\tests.dll" id="39eb9513-2b02-9bb1-bfd3-cd5a5b8ce938">
      <Execution id="bca2aa5b-2e5b-4391-a009-8082519a1ef1" />
      <TestMethod codeBase="C:/Users/Diego/Documents/Visual Studio 2010/Projects/Uniprof/Tests/bin/Release/Tests.DLL" adapterTypeName="Microsoft.VisualStudio.TestTools.TestTypes.Unit.UnitTestAdapter, Microsoft.VisualStudio.QualityTools.Tips.UnitTest.Adapter, Version=10.0.0.0, Culture=neutral, PublicKeyToken=b03f5f7f11d50a3a" className="Tests.OrdenCompraRepositorioTest, Tests, Version=1.0.0.0, Culture=neutral, PublicKeyToken=null" name="listarOrdenDeComprasPorIdTest" />
    </UnitTest>
    <UnitTest name="listarMovimientosPorProveedorTest" storage="c:\users\diego\documents\visual studio 2010\projects\uniprof\tests\bin\release\tests.dll" id="aa3d2f13-ce91-e85a-b860-661244f697ca">
      <Execution id="af5325a2-3e1a-4ca7-a27a-dcdc0c24cb93" />
      <TestMethod codeBase="C:/Users/Diego/Documents/Visual Studio 2010/Projects/Uniprof/Tests/bin/Release/Tests.DLL" adapterTypeName="Microsoft.VisualStudio.TestTools.TestTypes.Unit.UnitTestAdapter, Microsoft.VisualStudio.QualityTools.Tips.UnitTest.Adapter, Version=10.0.0.0, Culture=neutral, PublicKeyToken=b03f5f7f11d50a3a" className="Tests.MovimientoProveedorBusinessTest, Tests, Version=1.0.0.0, Culture=neutral, PublicKeyToken=null" name="listarMovimientosPorProveedorTest" />
    </UnitTest>
    <UnitTest name="guardarArticuloTest" storage="c:\users\diego\documents\visual studio 2010\projects\uniprof\tests\bin\release\tests.dll" id="f8f00cb1-b7c7-8a4f-6936-45675a68da47">
      <Execution id="24f08f3b-7668-44f5-bba1-22b11221c441" />
      <TestMethod codeBase="C:/Users/Diego/Documents/Visual Studio 2010/Projects/Uniprof/Tests/bin/Release/Tests.DLL" adapterTypeName="Microsoft.VisualStudio.TestTools.TestTypes.Unit.UnitTestAdapter, Microsoft.VisualStudio.QualityTools.Tips.UnitTest.Adapter, Version=10.0.0.0, Culture=neutral, PublicKeyToken=b03f5f7f11d50a3a" className="Tests.ArticuloRepositorioTest, Tests, Version=1.0.0.0, Culture=neutral, PublicKeyToken=null" name="guardarArticuloTest" />
    </UnitTest>
    <UnitTest name="listarPedidosTest" storage="c:\users\diego\documents\visual studio 2010\projects\uniprof\tests\bin\release\tests.dll" id="a517dabf-4b66-5f3c-ac24-0d2164897c8e">
      <Execution id="46663380-ec3d-41e9-ad81-55c61d0d5ab4" />
      <TestMethod codeBase="C:/Users/Diego/Documents/Visual Studio 2010/Projects/Uniprof/Tests/bin/Release/Tests.DLL" adapterTypeName="Microsoft.VisualStudio.TestTools.TestTypes.Unit.UnitTestAdapter, Microsoft.VisualStudio.QualityTools.Tips.UnitTest.Adapter, Version=10.0.0.0, Culture=neutral, PublicKeyToken=b03f5f7f11d50a3a" className="Tests.PedidoRepositorioTest, Tests, Version=1.0.0.0, Culture=neutral, PublicKeyToken=null" name="listarPedidosTest" />
    </UnitTest>
    <UnitTest name="grabarPrendaTest" storage="c:\users\diego\documents\visual studio 2010\projects\uniprof\tests\bin\release\tests.dll" id="5bbb6d67-7645-c72a-0a3d-d422f73b22ec">
      <Execution id="035f8876-7b9c-4dae-9a2c-0eb2fe35e9c0" />
      <TestMethod codeBase="C:/Users/Diego/Documents/Visual Studio 2010/Projects/Uniprof/Tests/bin/Release/Tests.DLL" adapterTypeName="Microsoft.VisualStudio.TestTools.TestTypes.Unit.UnitTestAdapter, Microsoft.VisualStudio.QualityTools.Tips.UnitTest.Adapter, Version=10.0.0.0, Culture=neutral, PublicKeyToken=b03f5f7f11d50a3a" className="Tests.TipoPrendaBusinessTest, Tests, Version=1.0.0.0, Culture=neutral, PublicKeyToken=null" name="grabarPrendaTest" />
    </UnitTest>
    <UnitTest name="actualizarMovimientoTest" storage="c:\users\diego\documents\visual studio 2010\projects\uniprof\tests\bin\release\tests.dll" id="53fb134c-9656-57a4-8598-b11e28cf481e">
      <Execution id="d042ce3c-efb0-4fae-9951-fdf3360dfa35" />
      <TestMethod codeBase="C:/Users/Diego/Documents/Visual Studio 2010/Projects/Uniprof/Tests/bin/Release/Tests.DLL" adapterTypeName="Microsoft.VisualStudio.TestTools.TestTypes.Unit.UnitTestAdapter, Microsoft.VisualStudio.QualityTools.Tips.UnitTest.Adapter, Version=10.0.0.0, Culture=neutral, PublicKeyToken=b03f5f7f11d50a3a" className="Tests.MovimientoProveedorBusinessTest, Tests, Version=1.0.0.0, Culture=neutral, PublicKeyToken=null" name="actualizarMovimientoTest" />
    </UnitTest>
    <UnitTest name="DataAccesObjectConstructorTest" storage="c:\users\diego\documents\visual studio 2010\projects\uniprof\tests\bin\release\tests.dll" id="d2ff731c-908c-96c5-902b-39b6c7e680d7">
      <Execution id="fb8430bc-bd08-438d-bdfb-25e08276dae1" />
      <TestMethod codeBase="C:/Users/Diego/Documents/Visual Studio 2010/Projects/Uniprof/Tests/bin/Release/Tests.DLL" adapterTypeName="Microsoft.VisualStudio.TestTools.TestTypes.Unit.UnitTestAdapter, Microsoft.VisualStudio.QualityTools.Tips.UnitTest.Adapter, Version=10.0.0.0, Culture=neutral, PublicKeyToken=b03f5f7f11d50a3a" className="Tests.DataAccesObjectTest, Tests, Version=1.0.0.0, Culture=neutral, PublicKeyToken=null" name="DataAccesObjectConstructorTest" />
    </UnitTest>
    <UnitTest name="actualizarPedidoTest" storage="c:\users\diego\documents\visual studio 2010\projects\uniprof\tests\bin\release\tests.dll" id="a80088bc-1bb3-9447-8317-64a7363d3cfe">
      <Execution id="4e8a2b6c-6c9f-4441-b87f-8c686ba3f899" />
      <TestMethod codeBase="C:/Users/Diego/Documents/Visual Studio 2010/Projects/Uniprof/Tests/bin/Release/Tests.DLL" adapterTypeName="Microsoft.VisualStudio.TestTools.TestTypes.Unit.UnitTestAdapter, Microsoft.VisualStudio.QualityTools.Tips.UnitTest.Adapter, Version=10.0.0.0, Culture=neutral, PublicKeyToken=b03f5f7f11d50a3a" className="Tests.PedidoBusinessTest, Tests, Version=1.0.0.0, Culture=neutral, PublicKeyToken=null" name="actualizarPedidoTest" />
    </UnitTest>
    <UnitTest name="cargarFamiliaTest" storage="c:\users\diego\documents\visual studio 2010\projects\uniprof\tests\bin\release\tests.dll" id="882cbeee-1641-823c-0b10-58aeb9cabf93">
      <Execution id="2261eb82-81a1-4f8c-bfed-cc47d98d42a5" />
      <TestMethod codeBase="C:/Users/Diego/Documents/Visual Studio 2010/Projects/Uniprof/Tests/bin/Release/Tests.DLL" adapterTypeName="Microsoft.VisualStudio.TestTools.TestTypes.Unit.UnitTestAdapter, Microsoft.VisualStudio.QualityTools.Tips.UnitTest.Adapter, Version=10.0.0.0, Culture=neutral, PublicKeyToken=b03f5f7f11d50a3a" className="Tests.FamiliaBusinessTest, Tests, Version=1.0.0.0, Culture=neutral, PublicKeyToken=null" name="cargarFamiliaTest" />
    </UnitTest>
    <UnitTest name="buscarPrendasPorIDTest" storage="c:\users\diego\documents\visual studio 2010\projects\uniprof\tests\bin\release\tests.dll" id="dfd17420-5a13-5744-e6d4-81c04e097642">
      <Execution id="c92c1c38-cdaf-49b7-92f3-fa26b2a78112" />
      <TestMethod codeBase="C:/Users/Diego/Documents/Visual Studio 2010/Projects/Uniprof/Tests/bin/Release/Tests.DLL" adapterTypeName="Microsoft.VisualStudio.TestTools.TestTypes.Unit.UnitTestAdapter, Microsoft.VisualStudio.QualityTools.Tips.UnitTest.Adapter, Version=10.0.0.0, Culture=neutral, PublicKeyToken=b03f5f7f11d50a3a" className="Tests.TipoPrendaBusinessTest, Tests, Version=1.0.0.0, Culture=neutral, PublicKeyToken=null" name="buscarPrendasPorIDTest" />
    </UnitTest>
    <UnitTest name="listarConversacionesPorUsuarioTest" storage="c:\users\diego\documents\visual studio 2010\projects\uniprof\tests\bin\release\tests.dll" id="2a172fd5-1ba6-de08-de7a-3705a01c8b9d">
      <Execution id="be890257-2330-4ab1-a3d6-e4e75a46155c" />
      <TestMethod codeBase="C:/Users/Diego/Documents/Visual Studio 2010/Projects/Uniprof/Tests/bin/Release/Tests.DLL" adapterTypeName="Microsoft.VisualStudio.TestTools.TestTypes.Unit.UnitTestAdapter, Microsoft.VisualStudio.QualityTools.Tips.UnitTest.Adapter, Version=10.0.0.0, Culture=neutral, PublicKeyToken=b03f5f7f11d50a3a" className="Tests.ConversacionBusinessTest, Tests, Version=1.0.0.0, Culture=neutral, PublicKeyToken=null" name="listarConversacionesPorUsuarioTest" />
    </UnitTest>
    <UnitTest name="grabarTest" storage="c:\users\diego\documents\visual studio 2010\projects\uniprof\tests\bin\release\tests.dll" id="ac4b28af-d8f4-b156-672f-168bba2db6f5">
      <Execution id="888fa95b-09d5-4ec3-8d3d-10343470a403" />
      <TestMethod codeBase="C:/Users/Diego/Documents/Visual Studio 2010/Projects/Uniprof/Tests/bin/Release/Tests.DLL" adapterTypeName="Microsoft.VisualStudio.TestTools.TestTypes.Unit.UnitTestAdapter, Microsoft.VisualStudio.QualityTools.Tips.UnitTest.Adapter, Version=10.0.0.0, Culture=neutral, PublicKeyToken=b03f5f7f11d50a3a" className="Tests.ConversacionRepositorioTest, Tests, Version=1.0.0.0, Culture=neutral, PublicKeyToken=null" name="grabarTest" />
    </UnitTest>
    <UnitTest name="listarProduccionPorPedidoTest" storage="c:\users\diego\documents\visual studio 2010\projects\uniprof\tests\bin\release\tests.dll" id="645f3b20-4ed4-9fc8-0db6-f5c22e3f0ef4">
      <Execution id="a2515617-571a-4dfb-8132-9099ad8759e0" />
      <TestMethod codeBase="C:/Users/Diego/Documents/Visual Studio 2010/Projects/Uniprof/Tests/bin/Release/Tests.DLL" adapterTypeName="Microsoft.VisualStudio.TestTools.TestTypes.Unit.UnitTestAdapter, Microsoft.VisualStudio.QualityTools.Tips.UnitTest.Adapter, Version=10.0.0.0, Culture=neutral, PublicKeyToken=b03f5f7f11d50a3a" className="Tests.ProduccionBusinessTest, Tests, Version=1.0.0.0, Culture=neutral, PublicKeyToken=null" name="listarProduccionPorPedidoTest" />
    </UnitTest>
    <UnitTest name="buscarTipoCuentaPorIdTest2" storage="c:\users\diego\documents\visual studio 2010\projects\uniprof\tests\bin\release\tests.dll" id="1cea9887-e3c9-cea8-286a-dd9be44d7403">
      <Execution id="79d142f8-7c80-4432-8bc8-fe9f9f8638da" />
      <TestMethod codeBase="C:/Users/Diego/Documents/Visual Studio 2010/Projects/Uniprof/Tests/bin/Release/Tests.DLL" adapterTypeName="Microsoft.VisualStudio.TestTools.TestTypes.Unit.UnitTestAdapter, Microsoft.VisualStudio.QualityTools.Tips.UnitTest.Adapter, Version=10.0.0.0, Culture=neutral, PublicKeyToken=b03f5f7f11d50a3a" className="Tests.CuentaTDGTest, Tests, Version=1.0.0.0, Culture=neutral, PublicKeyToken=null" name="buscarTipoCuentaPorIdTest2" />
    </UnitTest>
    <UnitTest name="buscarDiseñoPorIdTest" storage="c:\users\diego\documents\visual studio 2010\projects\uniprof\tests\bin\release\tests.dll" id="f90684a7-a79c-7fc4-62c1-2b02b1a46484">
      <Execution id="f98bba43-ff6c-487d-b3e9-a2709af9fb22" />
      <TestMethod codeBase="C:/Users/Diego/Documents/Visual Studio 2010/Projects/Uniprof/Tests/bin/Release/Tests.DLL" adapterTypeName="Microsoft.VisualStudio.TestTools.TestTypes.Unit.UnitTestAdapter, Microsoft.VisualStudio.QualityTools.Tips.UnitTest.Adapter, Version=10.0.0.0, Culture=neutral, PublicKeyToken=b03f5f7f11d50a3a" className="Tests.DiseñoBusinessTest, Tests, Version=1.0.0.0, Culture=neutral, PublicKeyToken=null" name="buscarDiseñoPorIdTest" />
    </UnitTest>
    <UnitTest name="grabarTest" storage="c:\users\diego\documents\visual studio 2010\projects\uniprof\tests\bin\release\tests.dll" id="851b9d78-997d-9c75-eab0-197fa14a11f0">
      <Execution id="2309e665-b7c9-4b57-937d-a16348f4a828" />
      <TestMethod codeBase="C:/Users/Diego/Documents/Visual Studio 2010/Projects/Uniprof/Tests/bin/Release/Tests.DLL" adapterTypeName="Microsoft.VisualStudio.TestTools.TestTypes.Unit.UnitTestAdapter, Microsoft.VisualStudio.QualityTools.Tips.UnitTest.Adapter, Version=10.0.0.0, Culture=neutral, PublicKeyToken=b03f5f7f11d50a3a" className="Tests.ConversacionBusinessTest, Tests, Version=1.0.0.0, Culture=neutral, PublicKeyToken=null" name="grabarTest" />
    </UnitTest>
    <UnitTest name="grabarClienteTest" storage="c:\users\diego\documents\visual studio 2010\projects\uniprof\tests\bin\release\tests.dll" id="2f3865ce-701f-5035-c928-beb5bf354e66">
      <Execution id="5415199f-3dc4-4fa2-84b3-a8e83098cb6b" />
      <TestMethod codeBase="C:/Users/Diego/Documents/Visual Studio 2010/Projects/Uniprof/Tests/bin/Release/Tests.DLL" adapterTypeName="Microsoft.VisualStudio.TestTools.TestTypes.Unit.UnitTestAdapter, Microsoft.VisualStudio.QualityTools.Tips.UnitTest.Adapter, Version=10.0.0.0, Culture=neutral, PublicKeyToken=b03f5f7f11d50a3a" className="Tests.UsuarioBusinessTest, Tests, Version=1.0.0.0, Culture=neutral, PublicKeyToken=null" name="grabarClienteTest" />
    </UnitTest>
    <UnitTest name="listarPedidosTest" storage="c:\users\diego\documents\visual studio 2010\projects\uniprof\tests\bin\release\tests.dll" id="6c508edd-f42b-c301-6d53-7fe205a52a0b">
      <Execution id="4718e3c7-0de6-4f98-a8d4-29ce67f578c4" />
      <TestMethod codeBase="C:/Users/Diego/Documents/Visual Studio 2010/Projects/Uniprof/Tests/bin/Release/Tests.DLL" adapterTypeName="Microsoft.VisualStudio.TestTools.TestTypes.Unit.UnitTestAdapter, Microsoft.VisualStudio.QualityTools.Tips.UnitTest.Adapter, Version=10.0.0.0, Culture=neutral, PublicKeyToken=b03f5f7f11d50a3a" className="Tests.PedidoBusinessTest, Tests, Version=1.0.0.0, Culture=neutral, PublicKeyToken=null" name="listarPedidosTest" />
    </UnitTest>
    <UnitTest name="listarProduccionPorPedidoTest" storage="c:\users\diego\documents\visual studio 2010\projects\uniprof\tests\bin\release\tests.dll" id="b8413468-f954-3662-0efc-8c48132ad726">
      <Execution id="94d63534-2cf8-4631-9450-78e51072469d" />
      <TestMethod codeBase="C:/Users/Diego/Documents/Visual Studio 2010/Projects/Uniprof/Tests/bin/Release/Tests.DLL" adapterTypeName="Microsoft.VisualStudio.TestTools.TestTypes.Unit.UnitTestAdapter, Microsoft.VisualStudio.QualityTools.Tips.UnitTest.Adapter, Version=10.0.0.0, Culture=neutral, PublicKeyToken=b03f5f7f11d50a3a" className="Tests.ProduccionRepositorioTest, Tests, Version=1.0.0.0, Culture=neutral, PublicKeyToken=null" name="listarProduccionPorPedidoTest" />
    </UnitTest>
    <UnitTest name="modificarNuevoPedidoTest" storage="c:\users\diego\documents\visual studio 2010\projects\uniprof\tests\bin\release\tests.dll" id="19a165a4-d445-e33e-7cb8-0f8a6d509eae">
      <Execution id="119d7ccc-2313-4bf3-aa2a-951d022931bf" />
      <TestMethod codeBase="C:/Users/Diego/Documents/Visual Studio 2010/Projects/Uniprof/Tests/bin/Release/Tests.DLL" adapterTypeName="Microsoft.VisualStudio.TestTools.TestTypes.Unit.UnitTestAdapter, Microsoft.VisualStudio.QualityTools.Tips.UnitTest.Adapter, Version=10.0.0.0, Culture=neutral, PublicKeyToken=b03f5f7f11d50a3a" className="Tests.PedidoTDGTest, Tests, Version=1.0.0.0, Culture=neutral, PublicKeyToken=null" name="modificarNuevoPedidoTest" />
    </UnitTest>
    <UnitTest name="cargarFamiliasPorIdTest" storage="c:\users\diego\documents\visual studio 2010\projects\uniprof\tests\bin\release\tests.dll" id="8c73c5b1-73d0-fcfa-2a42-34f5914dbfb1">
      <Execution id="c3e233f4-cbe4-437e-865b-552feb07c1db" />
      <TestMethod codeBase="C:/Users/Diego/Documents/Visual Studio 2010/Projects/Uniprof/Tests/bin/Release/Tests.DLL" adapterTypeName="Microsoft.VisualStudio.TestTools.TestTypes.Unit.UnitTestAdapter, Microsoft.VisualStudio.QualityTools.Tips.UnitTest.Adapter, Version=10.0.0.0, Culture=neutral, PublicKeyToken=b03f5f7f11d50a3a" className="Tests.FamiliaRepositorioTest, Tests, Version=1.0.0.0, Culture=neutral, PublicKeyToken=null" name="cargarFamiliasPorIdTest" />
    </UnitTest>
    <UnitTest name="listarMensajesTest" storage="c:\users\diego\documents\visual studio 2010\projects\uniprof\tests\bin\release\tests.dll" id="15e90031-185d-99ec-c865-633047dc95f1">
      <Execution id="b54dabab-aa74-450b-9fe0-37fdee33ddfb" />
      <TestMethod codeBase="C:/Users/Diego/Documents/Visual Studio 2010/Projects/Uniprof/Tests/bin/Release/Tests.DLL" adapterTypeName="Microsoft.VisualStudio.TestTools.TestTypes.Unit.UnitTestAdapter, Microsoft.VisualStudio.QualityTools.Tips.UnitTest.Adapter, Version=10.0.0.0, Culture=neutral, PublicKeyToken=b03f5f7f11d50a3a" className="Tests.ConversacionRepositorioTest, Tests, Version=1.0.0.0, Culture=neutral, PublicKeyToken=null" name="listarMensajesTest" />
    </UnitTest>
    <UnitTest name="grabarMovimientoTest" storage="c:\users\diego\documents\visual studio 2010\projects\uniprof\tests\bin\release\tests.dll" id="6195d611-24d3-4e42-5b11-b2da792448d4">
      <Execution id="431feb58-870c-4345-879d-3e725fa9f907" />
      <TestMethod codeBase="C:/Users/Diego/Documents/Visual Studio 2010/Projects/Uniprof/Tests/bin/Release/Tests.DLL" adapterTypeName="Microsoft.VisualStudio.TestTools.TestTypes.Unit.UnitTestAdapter, Microsoft.VisualStudio.QualityTools.Tips.UnitTest.Adapter, Version=10.0.0.0, Culture=neutral, PublicKeyToken=b03f5f7f11d50a3a" className="Tests.MovimientoClienteBusinessTest, Tests, Version=1.0.0.0, Culture=neutral, PublicKeyToken=null" name="grabarMovimientoTest" />
    </UnitTest>
    <UnitTest name="actualizarTipoPrendaTest" storage="c:\users\diego\documents\visual studio 2010\projects\uniprof\tests\bin\release\tests.dll" id="dba83ae6-c977-93af-bca8-afb2188d9d55">
      <Execution id="37fca3e5-b23e-4eeb-a868-e8563a0e207e" />
      <TestMethod codeBase="C:/Users/Diego/Documents/Visual Studio 2010/Projects/Uniprof/Tests/bin/Release/Tests.DLL" adapterTypeName="Microsoft.VisualStudio.TestTools.TestTypes.Unit.UnitTestAdapter, Microsoft.VisualStudio.QualityTools.Tips.UnitTest.Adapter, Version=10.0.0.0, Culture=neutral, PublicKeyToken=b03f5f7f11d50a3a" className="Tests.TipoPrendaRepositorioTest, Tests, Version=1.0.0.0, Culture=neutral, PublicKeyToken=null" name="actualizarTipoPrendaTest" />
    </UnitTest>
    <UnitTest name="cargarFamiliaPorIdTest" storage="c:\users\diego\documents\visual studio 2010\projects\uniprof\tests\bin\release\tests.dll" id="a6894dd2-dcf0-7e92-7a7b-7a5aa8466339">
      <Execution id="407b8817-b2f7-4a0d-9909-fd9029bf79b5" />
      <TestMethod codeBase="C:/Users/Diego/Documents/Visual Studio 2010/Projects/Uniprof/Tests/bin/Release/Tests.DLL" adapterTypeName="Microsoft.VisualStudio.TestTools.TestTypes.Unit.UnitTestAdapter, Microsoft.VisualStudio.QualityTools.Tips.UnitTest.Adapter, Version=10.0.0.0, Culture=neutral, PublicKeyToken=b03f5f7f11d50a3a" className="Tests.FamiliaBusinessTest, Tests, Version=1.0.0.0, Culture=neutral, PublicKeyToken=null" name="cargarFamiliaPorIdTest" />
    </UnitTest>
    <UnitTest name="listarProduccionPorFechasTest" storage="c:\users\diego\documents\visual studio 2010\projects\uniprof\tests\bin\release\tests.dll" id="5e39e02d-2b70-3982-2130-96924fff6d81">
      <Execution id="a4e0cf86-7883-4fd9-8b64-9585a4d76c58" />
      <TestMethod codeBase="C:/Users/Diego/Documents/Visual Studio 2010/Projects/Uniprof/Tests/bin/Release/Tests.DLL" adapterTypeName="Microsoft.VisualStudio.TestTools.TestTypes.Unit.UnitTestAdapter, Microsoft.VisualStudio.QualityTools.Tips.UnitTest.Adapter, Version=10.0.0.0, Culture=neutral, PublicKeyToken=b03f5f7f11d50a3a" className="Tests.ProduccionRepositorioTest, Tests, Version=1.0.0.0, Culture=neutral, PublicKeyToken=null" name="listarProduccionPorFechasTest" />
    </UnitTest>
    <UnitTest name="listarProduccionPorCodigoTest" storage="c:\users\diego\documents\visual studio 2010\projects\uniprof\tests\bin\release\tests.dll" id="9b145e69-7969-d34a-ea49-9560a18e3f37">
      <Execution id="8df62fe7-bb02-48c2-b3bb-63179db88f63" />
      <TestMethod codeBase="C:/Users/Diego/Documents/Visual Studio 2010/Projects/Uniprof/Tests/bin/Release/Tests.DLL" adapterTypeName="Microsoft.VisualStudio.TestTools.TestTypes.Unit.UnitTestAdapter, Microsoft.VisualStudio.QualityTools.Tips.UnitTest.Adapter, Version=10.0.0.0, Culture=neutral, PublicKeyToken=b03f5f7f11d50a3a" className="Tests.ProduccionBusinessTest, Tests, Version=1.0.0.0, Culture=neutral, PublicKeyToken=null" name="listarProduccionPorCodigoTest" />
    </UnitTest>
    <UnitTest name="grabarMaquinasTest" storage="c:\users\diego\documents\visual studio 2010\projects\uniprof\tests\bin\release\tests.dll" id="26d1e25c-63b7-c2c4-03c0-99f8e7631508">
      <Execution id="9a839447-c0ad-4008-8c82-1d402badd331" />
      <TestMethod codeBase="C:/Users/Diego/Documents/Visual Studio 2010/Projects/Uniprof/Tests/bin/Release/Tests.DLL" adapterTypeName="Microsoft.VisualStudio.TestTools.TestTypes.Unit.UnitTestAdapter, Microsoft.VisualStudio.QualityTools.Tips.UnitTest.Adapter, Version=10.0.0.0, Culture=neutral, PublicKeyToken=b03f5f7f11d50a3a" className="Tests.MaquinaTDGTest, Tests, Version=1.0.0.0, Culture=neutral, PublicKeyToken=null" name="grabarMaquinasTest" />
    </UnitTest>
    <UnitTest name="cargarLineasFacturaTest" storage="c:\users\diego\documents\visual studio 2010\projects\uniprof\tests\bin\release\tests.dll" id="6dbb761e-cbdb-2c43-0c61-55938d83de19">
      <Execution id="5751e89a-f496-4a7f-be49-b3df76f30a00" />
      <TestMethod codeBase="C:/Users/Diego/Documents/Visual Studio 2010/Projects/Uniprof/Tests/bin/Release/Tests.DLL" adapterTypeName="Microsoft.VisualStudio.TestTools.TestTypes.Unit.UnitTestAdapter, Microsoft.VisualStudio.QualityTools.Tips.UnitTest.Adapter, Version=10.0.0.0, Culture=neutral, PublicKeyToken=b03f5f7f11d50a3a" className="Tests.LineaOrdenDeCompraTDGTest, Tests, Version=1.0.0.0, Culture=neutral, PublicKeyToken=null" name="cargarLineasFacturaTest" />
    </UnitTest>
    <UnitTest name="grabarMovimientosClienteTest" storage="c:\users\diego\documents\visual studio 2010\projects\uniprof\tests\bin\release\tests.dll" id="f781ffff-ff93-71bc-5f5f-c8442c8a1cc0">
      <Execution id="2333746b-a717-490b-b326-9dce49a7fd1a" />
      <TestMethod codeBase="C:/Users/Diego/Documents/Visual Studio 2010/Projects/Uniprof/Tests/bin/Release/Tests.DLL" adapterTypeName="Microsoft.VisualStudio.TestTools.TestTypes.Unit.UnitTestAdapter, Microsoft.VisualStudio.QualityTools.Tips.UnitTest.Adapter, Version=10.0.0.0, Culture=neutral, PublicKeyToken=b03f5f7f11d50a3a" className="Tests.MovimientoCuentaProveedorTDGTest, Tests, Version=1.0.0.0, Culture=neutral, PublicKeyToken=null" name="grabarMovimientosClienteTest" />
    </UnitTest>
    <UnitTest name="cargarFamiliasPorUsuarioTest" storage="c:\users\diego\documents\visual studio 2010\projects\uniprof\tests\bin\release\tests.dll" id="b9fd46b5-4626-f3cd-bb11-d3d09ef904e4">
      <Execution id="8ae11537-5570-43ae-b6e5-4480d334b74b" />
      <TestMethod codeBase="C:/Users/Diego/Documents/Visual Studio 2010/Projects/Uniprof/Tests/bin/Release/Tests.DLL" adapterTypeName="Microsoft.VisualStudio.TestTools.TestTypes.Unit.UnitTestAdapter, Microsoft.VisualStudio.QualityTools.Tips.UnitTest.Adapter, Version=10.0.0.0, Culture=neutral, PublicKeyToken=b03f5f7f11d50a3a" className="Tests.PatenteTDGTest, Tests, Version=1.0.0.0, Culture=neutral, PublicKeyToken=null" name="cargarFamiliasPorUsuarioTest" />
    </UnitTest>
    <UnitTest name="borrarDiseñoInsumoTest" storage="c:\users\diego\documents\visual studio 2010\projects\uniprof\tests\bin\release\tests.dll" id="019cc466-e1e2-1876-80d0-8bd0f4668b2f">
      <Execution id="463248b6-812b-4c0e-8cc2-cc4b51049f5a" />
      <TestMethod codeBase="C:/Users/Diego/Documents/Visual Studio 2010/Projects/Uniprof/Tests/bin/Release/Tests.DLL" adapterTypeName="Microsoft.VisualStudio.TestTools.TestTypes.Unit.UnitTestAdapter, Microsoft.VisualStudio.QualityTools.Tips.UnitTest.Adapter, Version=10.0.0.0, Culture=neutral, PublicKeyToken=b03f5f7f11d50a3a" className="Tests.DiseñoInsumoTDGTest, Tests, Version=1.0.0.0, Culture=neutral, PublicKeyToken=null" name="borrarDiseñoInsumoTest" />
    </UnitTest>
    <UnitTest name="listarArticulosPorPrendaTest" storage="c:\users\diego\documents\visual studio 2010\projects\uniprof\tests\bin\release\tests.dll" id="7187fc52-08ae-19d9-62d2-a1273ba98de3">
      <Execution id="dd04a0ca-e6cf-43ff-957c-ffa7f81d427f" />
      <TestMethod codeBase="C:/Users/Diego/Documents/Visual Studio 2010/Projects/Uniprof/Tests/bin/Release/Tests.DLL" adapterTypeName="Microsoft.VisualStudio.TestTools.TestTypes.Unit.UnitTestAdapter, Microsoft.VisualStudio.QualityTools.Tips.UnitTest.Adapter, Version=10.0.0.0, Culture=neutral, PublicKeyToken=b03f5f7f11d50a3a" className="Tests.ArticuloRepositorioTest, Tests, Version=1.0.0.0, Culture=neutral, PublicKeyToken=null" name="listarArticulosPorPrendaTest" />
    </UnitTest>
    <UnitTest name="actualizaOrdenDeCompraTest" storage="c:\users\diego\documents\visual studio 2010\projects\uniprof\tests\bin\release\tests.dll" id="77a70718-b08f-850c-1bf3-10dbbe443592">
      <Execution id="aa252bf2-c301-4efd-aa40-09649eca6e39" />
      <TestMethod codeBase="C:/Users/Diego/Documents/Visual Studio 2010/Projects/Uniprof/Tests/bin/Release/Tests.DLL" adapterTypeName="Microsoft.VisualStudio.TestTools.TestTypes.Unit.UnitTestAdapter, Microsoft.VisualStudio.QualityTools.Tips.UnitTest.Adapter, Version=10.0.0.0, Culture=neutral, PublicKeyToken=b03f5f7f11d50a3a" className="Tests.OrdenCompraBusinessTest, Tests, Version=1.0.0.0, Culture=neutral, PublicKeyToken=null" name="actualizaOrdenDeCompraTest" />
    </UnitTest>
    <UnitTest name="guardarClienteTest" storage="c:\users\diego\documents\visual studio 2010\projects\uniprof\tests\bin\release\tests.dll" id="b09f0486-3351-5bc5-0d5a-f108852661b1">
      <Execution id="16cee60d-7a8c-4373-9fa6-ceb6cd105e71" />
      <TestMethod codeBase="C:/Users/Diego/Documents/Visual Studio 2010/Projects/Uniprof/Tests/bin/Release/Tests.DLL" adapterTypeName="Microsoft.VisualStudio.TestTools.TestTypes.Unit.UnitTestAdapter, Microsoft.VisualStudio.QualityTools.Tips.UnitTest.Adapter, Version=10.0.0.0, Culture=neutral, PublicKeyToken=b03f5f7f11d50a3a" className="Tests.ClienteRepositorioTest, Tests, Version=1.0.0.0, Culture=neutral, PublicKeyToken=null" name="guardarClienteTest" />
    </UnitTest>
    <UnitTest name="borrarFamiliaTest" storage="c:\users\diego\documents\visual studio 2010\projects\uniprof\tests\bin\release\tests.dll" id="53977503-45e6-020c-cee1-a5a2bdcb3045">
      <Execution id="1cebc3e0-9192-4188-97c4-06e53809433e" />
      <TestMethod codeBase="C:/Users/Diego/Documents/Visual Studio 2010/Projects/Uniprof/Tests/bin/Release/Tests.DLL" adapterTypeName="Microsoft.VisualStudio.TestTools.TestTypes.Unit.UnitTestAdapter, Microsoft.VisualStudio.QualityTools.Tips.UnitTest.Adapter, Version=10.0.0.0, Culture=neutral, PublicKeyToken=b03f5f7f11d50a3a" className="Tests.FamiliaTDGTest, Tests, Version=1.0.0.0, Culture=neutral, PublicKeyToken=null" name="borrarFamiliaTest" />
    </UnitTest>
    <UnitTest name="grabarTest" storage="c:\users\diego\documents\visual studio 2010\projects\uniprof\tests\bin\release\tests.dll" id="42bc7f23-0a71-a17c-783c-a7c1f6e66d7c">
      <Execution id="e32a0894-b59b-47ee-9731-c61b7c6c39b6" />
      <TestMethod codeBase="C:/Users/Diego/Documents/Visual Studio 2010/Projects/Uniprof/Tests/bin/Release/Tests.DLL" adapterTypeName="Microsoft.VisualStudio.TestTools.TestTypes.Unit.UnitTestAdapter, Microsoft.VisualStudio.QualityTools.Tips.UnitTest.Adapter, Version=10.0.0.0, Culture=neutral, PublicKeyToken=b03f5f7f11d50a3a" className="Tests.ProveedorBusinessTest, Tests, Version=1.0.0.0, Culture=neutral, PublicKeyToken=null" name="grabarTest" />
    </UnitTest>
    <UnitTest name="buscarPrendasPorIDTest" storage="c:\users\diego\documents\visual studio 2010\projects\uniprof\tests\bin\release\tests.dll" id="80e94a1b-f37e-ea8a-5357-ae59cc6e5e45">
      <Execution id="44b34f5d-9c53-4637-80cf-cb4c2de13b93" />
      <TestMethod codeBase="C:/Users/Diego/Documents/Visual Studio 2010/Projects/Uniprof/Tests/bin/Release/Tests.DLL" adapterTypeName="Microsoft.VisualStudio.TestTools.TestTypes.Unit.UnitTestAdapter, Microsoft.VisualStudio.QualityTools.Tips.UnitTest.Adapter, Version=10.0.0.0, Culture=neutral, PublicKeyToken=b03f5f7f11d50a3a" className="Tests.TipoPrendaTDGTest, Tests, Version=1.0.0.0, Culture=neutral, PublicKeyToken=null" name="buscarPrendasPorIDTest" />
    </UnitTest>
    <UnitTest name="cargarMovimientosConRestriccionesTest" storage="c:\users\diego\documents\visual studio 2010\projects\uniprof\tests\bin\release\tests.dll" id="0d3f2b5f-2310-d53e-af58-1c0f5f09df9f">
      <Execution id="b19604f0-499c-4eb8-80fd-4deda9e99fd1" />
      <TestMethod codeBase="C:/Users/Diego/Documents/Visual Studio 2010/Projects/Uniprof/Tests/bin/Release/Tests.DLL" adapterTypeName="Microsoft.VisualStudio.TestTools.TestTypes.Unit.UnitTestAdapter, Microsoft.VisualStudio.QualityTools.Tips.UnitTest.Adapter, Version=10.0.0.0, Culture=neutral, PublicKeyToken=b03f5f7f11d50a3a" className="Tests.MovimientoCuentaProveedorTDGTest, Tests, Version=1.0.0.0, Culture=neutral, PublicKeyToken=null" name="cargarMovimientosConRestriccionesTest" />
    </UnitTest>
    <UnitTest name="listarProduccionPorCodigoTest" storage="c:\users\diego\documents\visual studio 2010\projects\uniprof\tests\bin\release\tests.dll" id="61c2c67d-a8aa-50cc-81fa-b25eafff855b">
      <Execution id="7456e36c-3949-4aea-a834-6020f4163fdc" />
      <TestMethod codeBase="C:/Users/Diego/Documents/Visual Studio 2010/Projects/Uniprof/Tests/bin/Release/Tests.DLL" adapterTypeName="Microsoft.VisualStudio.TestTools.TestTypes.Unit.UnitTestAdapter, Microsoft.VisualStudio.QualityTools.Tips.UnitTest.Adapter, Version=10.0.0.0, Culture=neutral, PublicKeyToken=b03f5f7f11d50a3a" className="Tests.ProduccionRepositorioTest, Tests, Version=1.0.0.0, Culture=neutral, PublicKeyToken=null" name="listarProduccionPorCodigoTest" />
    </UnitTest>
    <UnitTest name="cargarTest" storage="c:\users\diego\documents\visual studio 2010\projects\uniprof\tests\bin\release\tests.dll" id="26a546ff-2782-4a5a-0d01-d730f8d08c9d">
      <Execution id="423954e6-760a-4db4-a187-b973a2c90679" />
      <TestMethod codeBase="C:/Users/Diego/Documents/Visual Studio 2010/Projects/Uniprof/Tests/bin/Release/Tests.DLL" adapterTypeName="Microsoft.VisualStudio.TestTools.TestTypes.Unit.UnitTestAdapter, Microsoft.VisualStudio.QualityTools.Tips.UnitTest.Adapter, Version=10.0.0.0, Culture=neutral, PublicKeyToken=b03f5f7f11d50a3a" className="Tests.ConversacionTDGTest, Tests, Version=1.0.0.0, Culture=neutral, PublicKeyToken=null" name="cargarTest" />
    </UnitTest>
    <UnitTest name="grabarMovimientosClienteTest" storage="c:\users\diego\documents\visual studio 2010\projects\uniprof\tests\bin\release\tests.dll" id="5a471128-b46d-a047-f96f-afe4f1f9ce56">
      <Execution id="516cf352-62e7-41a5-8f91-1cb7591305cc" />
      <TestMethod codeBase="C:/Users/Diego/Documents/Visual Studio 2010/Projects/Uniprof/Tests/bin/Release/Tests.DLL" adapterTypeName="Microsoft.VisualStudio.TestTools.TestTypes.Unit.UnitTestAdapter, Microsoft.VisualStudio.QualityTools.Tips.UnitTest.Adapter, Version=10.0.0.0, Culture=neutral, PublicKeyToken=b03f5f7f11d50a3a" className="Tests.MovimientoCuentaClienteTDGTest, Tests, Version=1.0.0.0, Culture=neutral, PublicKeyToken=null" name="grabarMovimientosClienteTest" />
    </UnitTest>
    <UnitTest name="listarInsumosPorCodigoTest" storage="c:\users\diego\documents\visual studio 2010\projects\uniprof\tests\bin\release\tests.dll" id="75cbbdb7-6249-18c8-32b2-1920235c1d97">
      <Execution id="5e09523b-561b-4b04-a76e-6b315b0dfb24" />
      <TestMethod codeBase="C:/Users/Diego/Documents/Visual Studio 2010/Projects/Uniprof/Tests/bin/Release/Tests.DLL" adapterTypeName="Microsoft.VisualStudio.TestTools.TestTypes.Unit.UnitTestAdapter, Microsoft.VisualStudio.QualityTools.Tips.UnitTest.Adapter, Version=10.0.0.0, Culture=neutral, PublicKeyToken=b03f5f7f11d50a3a" className="Tests.InsumoBusinessTest, Tests, Version=1.0.0.0, Culture=neutral, PublicKeyToken=null" name="listarInsumosPorCodigoTest" />
    </UnitTest>
    <UnitTest name="modificarHistoricoEstadosTest" storage="c:\users\diego\documents\visual studio 2010\projects\uniprof\tests\bin\release\tests.dll" id="a8a939dd-3559-39c4-d3e6-695f82176ab4">
      <Execution id="11d8a788-2aa5-4c74-8d5f-3dd499fe5dc2" />
      <TestMethod codeBase="C:/Users/Diego/Documents/Visual Studio 2010/Projects/Uniprof/Tests/bin/Release/Tests.DLL" adapterTypeName="Microsoft.VisualStudio.TestTools.TestTypes.Unit.UnitTestAdapter, Microsoft.VisualStudio.QualityTools.Tips.UnitTest.Adapter, Version=10.0.0.0, Culture=neutral, PublicKeyToken=b03f5f7f11d50a3a" className="Tests.HistoricoEstadosPedidoTDGTest, Tests, Version=1.0.0.0, Culture=neutral, PublicKeyToken=null" name="modificarHistoricoEstadosTest" />
    </UnitTest>
    <UnitTest name="grabarHistoricoEstadosTest" storage="c:\users\diego\documents\visual studio 2010\projects\uniprof\tests\bin\release\tests.dll" id="24d98172-4e51-96b3-ef4d-cd0ed2a98c18">
      <Execution id="ed965253-6b33-46ff-aadb-f226a65b0fe7" />
      <TestMethod codeBase="C:/Users/Diego/Documents/Visual Studio 2010/Projects/Uniprof/Tests/bin/Release/Tests.DLL" adapterTypeName="Microsoft.VisualStudio.TestTools.TestTypes.Unit.UnitTestAdapter, Microsoft.VisualStudio.QualityTools.Tips.UnitTest.Adapter, Version=10.0.0.0, Culture=neutral, PublicKeyToken=b03f5f7f11d50a3a" className="Tests.HistoricoEstadosProduccionTDGTest, Tests, Version=1.0.0.0, Culture=neutral, PublicKeyToken=null" name="grabarHistoricoEstadosTest" />
    </UnitTest>
    <UnitTest name="listarPedidosConRestriccionTest" storage="c:\users\diego\documents\visual studio 2010\projects\uniprof\tests\bin\release\tests.dll" id="83ce9798-d52f-2f3d-8537-200546cde5a9">
      <Execution id="30742a65-33fd-4f78-aff7-b7e6b2ba9b36" />
      <TestMethod codeBase="C:/Users/Diego/Documents/Visual Studio 2010/Projects/Uniprof/Tests/bin/Release/Tests.DLL" adapterTypeName="Microsoft.VisualStudio.TestTools.TestTypes.Unit.UnitTestAdapter, Microsoft.VisualStudio.QualityTools.Tips.UnitTest.Adapter, Version=10.0.0.0, Culture=neutral, PublicKeyToken=b03f5f7f11d50a3a" className="Tests.PedidoBusinessTest, Tests, Version=1.0.0.0, Culture=neutral, PublicKeyToken=null" name="listarPedidosConRestriccionTest" />
    </UnitTest>
    <UnitTest name="grabarFacturasTest" storage="c:\users\diego\documents\visual studio 2010\projects\uniprof\tests\bin\release\tests.dll" id="e4b047bc-e01c-35c0-ab7e-ab1c5de8674f">
      <Execution id="51751cb8-3712-4eaa-9c06-b8275419b599" />
      <TestMethod codeBase="C:/Users/Diego/Documents/Visual Studio 2010/Projects/Uniprof/Tests/bin/Release/Tests.DLL" adapterTypeName="Microsoft.VisualStudio.TestTools.TestTypes.Unit.UnitTestAdapter, Microsoft.VisualStudio.QualityTools.Tips.UnitTest.Adapter, Version=10.0.0.0, Culture=neutral, PublicKeyToken=b03f5f7f11d50a3a" className="Tests.OrdenDeCompraTDGTest, Tests, Version=1.0.0.0, Culture=neutral, PublicKeyToken=null" name="grabarFacturasTest" />
    </UnitTest>
    <UnitTest name="borrarFamiliaTest" storage="c:\users\diego\documents\visual studio 2010\projects\uniprof\tests\bin\release\tests.dll" id="d6a986e5-8b98-e2f2-cef0-92190831ed08">
      <Execution id="68664d17-9e15-49e6-bd21-f47ea8d1bfbb" />
      <TestMethod codeBase="C:/Users/Diego/Documents/Visual Studio 2010/Projects/Uniprof/Tests/bin/Release/Tests.DLL" adapterTypeName="Microsoft.VisualStudio.TestTools.TestTypes.Unit.UnitTestAdapter, Microsoft.VisualStudio.QualityTools.Tips.UnitTest.Adapter, Version=10.0.0.0, Culture=neutral, PublicKeyToken=b03f5f7f11d50a3a" className="Tests.FamiliaBusinessTest, Tests, Version=1.0.0.0, Culture=neutral, PublicKeyToken=null" name="borrarFamiliaTest" />
    </UnitTest>
    <UnitTest name="saveTest" storage="c:\users\diego\documents\visual studio 2010\projects\uniprof\tests\bin\release\tests.dll" id="e337de86-0746-0ac2-0c5c-30365e74f01b">
      <Execution id="32f7b57a-2ce1-4434-88b8-d4aab7090517" />
      <TestMethod codeBase="C:/Users/Diego/Documents/Visual Studio 2010/Projects/Uniprof/Tests/bin/Release/Tests.DLL" adapterTypeName="Microsoft.VisualStudio.TestTools.TestTypes.Unit.UnitTestAdapter, Microsoft.VisualStudio.QualityTools.Tips.UnitTest.Adapter, Version=10.0.0.0, Culture=neutral, PublicKeyToken=b03f5f7f11d50a3a" className="Tests.DataAccesObjectTest, Tests, Version=1.0.0.0, Culture=neutral, PublicKeyToken=null" name="saveTest" />
    </UnitTest>
    <UnitTest name="grabarOpinionTest" storage="c:\users\diego\documents\visual studio 2010\projects\uniprof\tests\bin\release\tests.dll" id="fe850dae-beb0-69bb-1831-4463cca49bfb">
      <Execution id="705116e5-2061-4a89-a05b-b1878e15b6a5" />
      <TestMethod codeBase="C:/Users/Diego/Documents/Visual Studio 2010/Projects/Uniprof/Tests/bin/Release/Tests.DLL" adapterTypeName="Microsoft.VisualStudio.TestTools.TestTypes.Unit.UnitTestAdapter, Microsoft.VisualStudio.QualityTools.Tips.UnitTest.Adapter, Version=10.0.0.0, Culture=neutral, PublicKeyToken=b03f5f7f11d50a3a" className="Tests.OpinionRepositorioTest, Tests, Version=1.0.0.0, Culture=neutral, PublicKeyToken=null" name="grabarOpinionTest" />
    </UnitTest>
    <UnitTest name="modificarHistoricoEstadosTest" storage="c:\users\diego\documents\visual studio 2010\projects\uniprof\tests\bin\release\tests.dll" id="6e20bc5d-0f12-b6d7-ba69-ad542caad9f6">
      <Execution id="f6cb3f39-83e6-4432-a6e4-99fa2314b8cf" />
      <TestMethod codeBase="C:/Users/Diego/Documents/Visual Studio 2010/Projects/Uniprof/Tests/bin/Release/Tests.DLL" adapterTypeName="Microsoft.VisualStudio.TestTools.TestTypes.Unit.UnitTestAdapter, Microsoft.VisualStudio.QualityTools.Tips.UnitTest.Adapter, Version=10.0.0.0, Culture=neutral, PublicKeyToken=b03f5f7f11d50a3a" className="Tests.HistoricoEstadosProduccionTDGTest, Tests, Version=1.0.0.0, Culture=neutral, PublicKeyToken=null" name="modificarHistoricoEstadosTest" />
    </UnitTest>
    <UnitTest name="buscarPrendasPorDescripcionTest" storage="c:\users\diego\documents\visual studio 2010\projects\uniprof\tests\bin\release\tests.dll" id="3c12ed63-05b7-6919-12b1-8653c094ff5f">
      <Execution id="45995ea3-4391-4ce6-9635-2bc39d23e890" />
      <TestMethod codeBase="C:/Users/Diego/Documents/Visual Studio 2010/Projects/Uniprof/Tests/bin/Release/Tests.DLL" adapterTypeName="Microsoft.VisualStudio.TestTools.TestTypes.Unit.UnitTestAdapter, Microsoft.VisualStudio.QualityTools.Tips.UnitTest.Adapter, Version=10.0.0.0, Culture=neutral, PublicKeyToken=b03f5f7f11d50a3a" className="Tests.TipoPrendaTDGTest, Tests, Version=1.0.0.0, Culture=neutral, PublicKeyToken=null" name="buscarPrendasPorDescripcionTest" />
    </UnitTest>
    <UnitTest name="grabarNewsletterTest" storage="c:\users\diego\documents\visual studio 2010\projects\uniprof\tests\bin\release\tests.dll" id="aad710b2-cbba-4fa8-20b9-0a83a5267460">
      <Execution id="b0db3362-cf31-405f-a298-90235a7cfc07" />
      <TestMethod codeBase="C:/Users/Diego/Documents/Visual Studio 2010/Projects/Uniprof/Tests/bin/Release/Tests.DLL" adapterTypeName="Microsoft.VisualStudio.TestTools.TestTypes.Unit.UnitTestAdapter, Microsoft.VisualStudio.QualityTools.Tips.UnitTest.Adapter, Version=10.0.0.0, Culture=neutral, PublicKeyToken=b03f5f7f11d50a3a" className="Tests.NewsletterTDGTest, Tests, Version=1.0.0.0, Culture=neutral, PublicKeyToken=null" name="grabarNewsletterTest" />
    </UnitTest>
    <UnitTest name="listarMovimientosPorClienteTest" storage="c:\users\diego\documents\visual studio 2010\projects\uniprof\tests\bin\release\tests.dll" id="c931a490-990c-5326-1530-0428c428a145">
      <Execution id="d3da28bb-ec95-4198-8c42-eca2d0aac186" />
      <TestMethod codeBase="C:/Users/Diego/Documents/Visual Studio 2010/Projects/Uniprof/Tests/bin/Release/Tests.DLL" adapterTypeName="Microsoft.VisualStudio.TestTools.TestTypes.Unit.UnitTestAdapter, Microsoft.VisualStudio.QualityTools.Tips.UnitTest.Adapter, Version=10.0.0.0, Culture=neutral, PublicKeyToken=b03f5f7f11d50a3a" className="Tests.MovimientoCuentaClienteRepositorioTest, Tests, Version=1.0.0.0, Culture=neutral, PublicKeyToken=null" name="listarMovimientosPorClienteTest" />
    </UnitTest>
    <UnitTest name="actualizarMaquinaTest" storage="c:\users\diego\documents\visual studio 2010\projects\uniprof\tests\bin\release\tests.dll" id="542e3d8e-c605-852a-af9b-310782faad08">
      <Execution id="d044ccbb-ccfe-4dc3-850a-f3cc14ea991d" />
      <TestMethod codeBase="C:/Users/Diego/Documents/Visual Studio 2010/Projects/Uniprof/Tests/bin/Release/Tests.DLL" adapterTypeName="Microsoft.VisualStudio.TestTools.TestTypes.Unit.UnitTestAdapter, Microsoft.VisualStudio.QualityTools.Tips.UnitTest.Adapter, Version=10.0.0.0, Culture=neutral, PublicKeyToken=b03f5f7f11d50a3a" className="Tests.MaquinaRepositorioTest, Tests, Version=1.0.0.0, Culture=neutral, PublicKeyToken=null" name="actualizarMaquinaTest" />
    </UnitTest>
    <UnitTest name="listarMovimientosPorClienteTest" storage="c:\users\diego\documents\visual studio 2010\projects\uniprof\tests\bin\release\tests.dll" id="41ca50b2-af08-ebb5-fe81-0171706b4196">
      <Execution id="4080c64c-0fb0-432b-b8fe-8aa2d749d97d" />
      <TestMethod codeBase="C:/Users/Diego/Documents/Visual Studio 2010/Projects/Uniprof/Tests/bin/Release/Tests.DLL" adapterTypeName="Microsoft.VisualStudio.TestTools.TestTypes.Unit.UnitTestAdapter, Microsoft.VisualStudio.QualityTools.Tips.UnitTest.Adapter, Version=10.0.0.0, Culture=neutral, PublicKeyToken=b03f5f7f11d50a3a" className="Tests.MovimientoClienteBusinessTest, Tests, Version=1.0.0.0, Culture=neutral, PublicKeyToken=null" name="listarMovimientosPorClienteTest" />
    </UnitTest>
    <UnitTest name="grabarUsuarioTest" storage="c:\users\diego\documents\visual studio 2010\projects\uniprof\tests\bin\release\tests.dll" id="59186e93-3595-d080-b439-d655c96ab973">
      <Execution id="476d770c-752d-4663-aaa7-03ade5216637" />
      <TestMethod codeBase="C:/Users/Diego/Documents/Visual Studio 2010/Projects/Uniprof/Tests/bin/Release/Tests.DLL" adapterTypeName="Microsoft.VisualStudio.TestTools.TestTypes.Unit.UnitTestAdapter, Microsoft.VisualStudio.QualityTools.Tips.UnitTest.Adapter, Version=10.0.0.0, Culture=neutral, PublicKeyToken=b03f5f7f11d50a3a" className="Tests.UsuarioRepositorioTest, Tests, Version=1.0.0.0, Culture=neutral, PublicKeyToken=null" name="grabarUsuarioTest" />
    </UnitTest>
    <UnitTest name="cargarLineasFacturaTest" storage="c:\users\diego\documents\visual studio 2010\projects\uniprof\tests\bin\release\tests.dll" id="302f391e-539b-a40e-3606-007f4a4a5dfd">
      <Execution id="7bc0b12a-cb18-447e-ba61-9215f99be974" />
      <TestMethod codeBase="C:/Users/Diego/Documents/Visual Studio 2010/Projects/Uniprof/Tests/bin/Release/Tests.DLL" adapterTypeName="Microsoft.VisualStudio.TestTools.TestTypes.Unit.UnitTestAdapter, Microsoft.VisualStudio.QualityTools.Tips.UnitTest.Adapter, Version=10.0.0.0, Culture=neutral, PublicKeyToken=b03f5f7f11d50a3a" className="Tests.LineaFacturaTDGTest, Tests, Version=1.0.0.0, Culture=neutral, PublicKeyToken=null" name="cargarLineasFacturaTest" />
    </UnitTest>
    <UnitTest name="grabarProduccionTest" storage="c:\users\diego\documents\visual studio 2010\projects\uniprof\tests\bin\release\tests.dll" id="4470df03-406c-ac4c-036b-0433b2842ca5">
      <Execution id="cad104f8-b00b-44e3-97e6-02aaa985e4c9" />
      <TestMethod codeBase="C:/Users/Diego/Documents/Visual Studio 2010/Projects/Uniprof/Tests/bin/Release/Tests.DLL" adapterTypeName="Microsoft.VisualStudio.TestTools.TestTypes.Unit.UnitTestAdapter, Microsoft.VisualStudio.QualityTools.Tips.UnitTest.Adapter, Version=10.0.0.0, Culture=neutral, PublicKeyToken=b03f5f7f11d50a3a" className="Tests.ProduccionTDGTest, Tests, Version=1.0.0.0, Culture=neutral, PublicKeyToken=null" name="grabarProduccionTest" />
    </UnitTest>
    <UnitTest name="grabarMaquinaTest" storage="c:\users\diego\documents\visual studio 2010\projects\uniprof\tests\bin\release\tests.dll" id="ceeacb60-5ff3-0690-b3df-e29e915ef784">
      <Execution id="521dccf7-e7e7-4876-bbb0-be6757af6e5f" />
      <TestMethod codeBase="C:/Users/Diego/Documents/Visual Studio 2010/Projects/Uniprof/Tests/bin/Release/Tests.DLL" adapterTypeName="Microsoft.VisualStudio.TestTools.TestTypes.Unit.UnitTestAdapter, Microsoft.VisualStudio.QualityTools.Tips.UnitTest.Adapter, Version=10.0.0.0, Culture=neutral, PublicKeyToken=b03f5f7f11d50a3a" className="Tests.MaquinaRepositorioTest, Tests, Version=1.0.0.0, Culture=neutral, PublicKeyToken=null" name="grabarMaquinaTest" />
    </UnitTest>
    <UnitTest name="ejecutarConsultaTest" storage="c:\users\diego\documents\visual studio 2010\projects\uniprof\tests\bin\release\tests.dll" id="42d34e85-28e2-30e8-a414-32919f9963a2">
      <Execution id="19c4c104-2333-4d9f-a937-57ae8a9f13d4" />
      <TestMethod codeBase="C:/Users/Diego/Documents/Visual Studio 2010/Projects/Uniprof/Tests/bin/Release/Tests.DLL" adapterTypeName="Microsoft.VisualStudio.TestTools.TestTypes.Unit.UnitTestAdapter, Microsoft.VisualStudio.QualityTools.Tips.UnitTest.Adapter, Version=10.0.0.0, Culture=neutral, PublicKeyToken=b03f5f7f11d50a3a" className="Tests.DataAccesObjectTest, Tests, Version=1.0.0.0, Culture=neutral, PublicKeyToken=null" name="ejecutarConsultaTest" />
    </UnitTest>
    <UnitTest name="calcularPosiblesFechasTest2" storage="c:\users\diego\documents\visual studio 2010\projects\uniprof\tests\bin\release\tests.dll" id="3a69785d-69f1-1ae3-6647-f1fbd5f0c79c">
      <Execution id="45b023cd-a3d1-4a71-bdd9-6955f0c667e9" />
      <TestMethod codeBase="C:/Users/Diego/Documents/Visual Studio 2010/Projects/Uniprof/Tests/bin/Release/Tests.DLL" adapterTypeName="Microsoft.VisualStudio.TestTools.TestTypes.Unit.UnitTestAdapter, Microsoft.VisualStudio.QualityTools.Tips.UnitTest.Adapter, Version=10.0.0.0, Culture=neutral, PublicKeyToken=b03f5f7f11d50a3a" className="Tests.ProduccionBusinessTest, Tests, Version=1.0.0.0, Culture=neutral, PublicKeyToken=null" name="calcularPosiblesFechasTest2" />
    </UnitTest>
    <UnitTest name="listarOrdenDeComprasPorIdTest" storage="c:\users\diego\documents\visual studio 2010\projects\uniprof\tests\bin\release\tests.dll" id="2b495ffb-2b2e-0cf5-2875-0685d0724d3c">
      <Execution id="218c4c63-8063-411c-9ff1-c52710be7276" />
      <TestMethod codeBase="C:/Users/Diego/Documents/Visual Studio 2010/Projects/Uniprof/Tests/bin/Release/Tests.DLL" adapterTypeName="Microsoft.VisualStudio.TestTools.TestTypes.Unit.UnitTestAdapter, Microsoft.VisualStudio.QualityTools.Tips.UnitTest.Adapter, Version=10.0.0.0, Culture=neutral, PublicKeyToken=b03f5f7f11d50a3a" className="Tests.OrdenCompraBusinessTest, Tests, Version=1.0.0.0, Culture=neutral, PublicKeyToken=null" name="listarOrdenDeComprasPorIdTest" />
    </UnitTest>
    <UnitTest name="listarInsumosConRestriccionesTest" storage="c:\users\diego\documents\visual studio 2010\projects\uniprof\tests\bin\release\tests.dll" id="09863448-141d-d561-d286-b118ec566d97">
      <Execution id="31ab556a-89b0-42ba-93c6-220f5bef9fac" />
      <TestMethod codeBase="C:/Users/Diego/Documents/Visual Studio 2010/Projects/Uniprof/Tests/bin/Release/Tests.DLL" adapterTypeName="Microsoft.VisualStudio.TestTools.TestTypes.Unit.UnitTestAdapter, Microsoft.VisualStudio.QualityTools.Tips.UnitTest.Adapter, Version=10.0.0.0, Culture=neutral, PublicKeyToken=b03f5f7f11d50a3a" className="Tests.InsumoBusinessTest, Tests, Version=1.0.0.0, Culture=neutral, PublicKeyToken=null" name="listarInsumosConRestriccionesTest" />
    </UnitTest>
    <UnitTest name="modificarMaquinaTest" storage="c:\users\diego\documents\visual studio 2010\projects\uniprof\tests\bin\release\tests.dll" id="fed9e610-805c-d98a-9231-d2a52d8e3441">
      <Execution id="21312e3a-8437-4d75-8ab1-b75280bc14f2" />
      <TestMethod codeBase="C:/Users/Diego/Documents/Visual Studio 2010/Projects/Uniprof/Tests/bin/Release/Tests.DLL" adapterTypeName="Microsoft.VisualStudio.TestTools.TestTypes.Unit.UnitTestAdapter, Microsoft.VisualStudio.QualityTools.Tips.UnitTest.Adapter, Version=10.0.0.0, Culture=neutral, PublicKeyToken=b03f5f7f11d50a3a" className="Tests.MaterialesBusinessTest, Tests, Version=1.0.0.0, Culture=neutral, PublicKeyToken=null" name="modificarMaquinaTest" />
    </UnitTest>
    <UnitTest name="buscarDiseñoInsumoConRestriccionesTest" storage="c:\users\diego\documents\visual studio 2010\projects\uniprof\tests\bin\release\tests.dll" id="4e213555-50ef-010c-9653-9ed4341cc7e4">
      <Execution id="4364fb65-4aec-4463-85bb-d3251e24eb08" />
      <TestMethod codeBase="C:/Users/Diego/Documents/Visual Studio 2010/Projects/Uniprof/Tests/bin/Release/Tests.DLL" adapterTypeName="Microsoft.VisualStudio.TestTools.TestTypes.Unit.UnitTestAdapter, Microsoft.VisualStudio.QualityTools.Tips.UnitTest.Adapter, Version=10.0.0.0, Culture=neutral, PublicKeyToken=b03f5f7f11d50a3a" className="Tests.DiseñoInsumoTDGTest, Tests, Version=1.0.0.0, Culture=neutral, PublicKeyToken=null" name="buscarDiseñoInsumoConRestriccionesTest" />
    </UnitTest>
    <UnitTest name="actualizarNewsletterTest" storage="c:\users\diego\documents\visual studio 2010\projects\uniprof\tests\bin\release\tests.dll" id="f6c04c30-f707-2281-f731-8598fcdc8f9b">
      <Execution id="aa50c7d2-62ab-4419-90c0-dac17d1731d3" />
      <TestMethod codeBase="C:/Users/Diego/Documents/Visual Studio 2010/Projects/Uniprof/Tests/bin/Release/Tests.DLL" adapterTypeName="Microsoft.VisualStudio.TestTools.TestTypes.Unit.UnitTestAdapter, Microsoft.VisualStudio.QualityTools.Tips.UnitTest.Adapter, Version=10.0.0.0, Culture=neutral, PublicKeyToken=b03f5f7f11d50a3a" className="Tests.NewsletterBusinessTest, Tests, Version=1.0.0.0, Culture=neutral, PublicKeyToken=null" name="actualizarNewsletterTest" />
    </UnitTest>
    <UnitTest name="actualizarProduccionTest" storage="c:\users\diego\documents\visual studio 2010\projects\uniprof\tests\bin\release\tests.dll" id="cdf27cc7-0312-7eab-0024-7c2c609d9e03">
      <Execution id="fdeb48dc-2e54-4d92-8f47-c2e4954cb2d3" />
      <TestMethod codeBase="C:/Users/Diego/Documents/Visual Studio 2010/Projects/Uniprof/Tests/bin/Release/Tests.DLL" adapterTypeName="Microsoft.VisualStudio.TestTools.TestTypes.Unit.UnitTestAdapter, Microsoft.VisualStudio.QualityTools.Tips.UnitTest.Adapter, Version=10.0.0.0, Culture=neutral, PublicKeyToken=b03f5f7f11d50a3a" className="Tests.ProduccionRepositorioTest, Tests, Version=1.0.0.0, Culture=neutral, PublicKeyToken=null" name="actualizarProduccionTest" />
    </UnitTest>
    <UnitTest name="cargarlistaPedidosTest" storage="c:\users\diego\documents\visual studio 2010\projects\uniprof\tests\bin\release\tests.dll" id="466df001-5e88-7941-9225-f5b84ddbea5e">
      <Execution id="1dc60596-a90a-4226-b75b-d37a8217d5ab" />
      <TestMethod codeBase="C:/Users/Diego/Documents/Visual Studio 2010/Projects/Uniprof/Tests/bin/Release/Tests.DLL" adapterTypeName="Microsoft.VisualStudio.TestTools.TestTypes.Unit.UnitTestAdapter, Microsoft.VisualStudio.QualityTools.Tips.UnitTest.Adapter, Version=10.0.0.0, Culture=neutral, PublicKeyToken=b03f5f7f11d50a3a" className="Tests.PedidoTDGTest, Tests, Version=1.0.0.0, Culture=neutral, PublicKeyToken=null" name="cargarlistaPedidosTest" />
    </UnitTest>
    <UnitTest name="actualizarMaquinaTest" storage="c:\users\diego\documents\visual studio 2010\projects\uniprof\tests\bin\release\tests.dll" id="71db679d-9cd7-f55e-94f9-ae66c93fc299">
      <Execution id="e73318b1-5022-4f2b-9169-10a8d958715c" />
      <TestMethod codeBase="C:/Users/Diego/Documents/Visual Studio 2010/Projects/Uniprof/Tests/bin/Release/Tests.DLL" adapterTypeName="Microsoft.VisualStudio.TestTools.TestTypes.Unit.UnitTestAdapter, Microsoft.VisualStudio.QualityTools.Tips.UnitTest.Adapter, Version=10.0.0.0, Culture=neutral, PublicKeyToken=b03f5f7f11d50a3a" className="Tests.MaterialesBusinessTest, Tests, Version=1.0.0.0, Culture=neutral, PublicKeyToken=null" name="actualizarMaquinaTest" />
    </UnitTest>
    <UnitTest name="cargarMaquinasAptasTest" storage="c:\users\diego\documents\visual studio 2010\projects\uniprof\tests\bin\release\tests.dll" id="fb8dd2a9-a240-beb6-bd3d-66e4ba26b2aa">
      <Execution id="793eacf0-12c7-4381-9bc9-fd8e7a5f2448" />
      <TestMethod codeBase="C:/Users/Diego/Documents/Visual Studio 2010/Projects/Uniprof/Tests/bin/Release/Tests.DLL" adapterTypeName="Microsoft.VisualStudio.TestTools.TestTypes.Unit.UnitTestAdapter, Microsoft.VisualStudio.QualityTools.Tips.UnitTest.Adapter, Version=10.0.0.0, Culture=neutral, PublicKeyToken=b03f5f7f11d50a3a" className="Tests.MaquinaRepositorioTest, Tests, Version=1.0.0.0, Culture=neutral, PublicKeyToken=null" name="cargarMaquinasAptasTest" />
    </UnitTest>
    <UnitTest name="listaPatentesTest" storage="c:\users\diego\documents\visual studio 2010\projects\uniprof\tests\bin\release\tests.dll" id="fe73d6a0-344d-935f-fa47-83db37554a24">
      <Execution id="092a2c9a-f05a-4d14-8a72-8c6278a127d8" />
      <TestMethod codeBase="C:/Users/Diego/Documents/Visual Studio 2010/Projects/Uniprof/Tests/bin/Release/Tests.DLL" adapterTypeName="Microsoft.VisualStudio.TestTools.TestTypes.Unit.UnitTestAdapter, Microsoft.VisualStudio.QualityTools.Tips.UnitTest.Adapter, Version=10.0.0.0, Culture=neutral, PublicKeyToken=b03f5f7f11d50a3a" className="Tests.PatenteBusinessTest, Tests, Version=1.0.0.0, Culture=neutral, PublicKeyToken=null" name="listaPatentesTest" />
    </UnitTest>
    <UnitTest name="listarMovimientosTest" storage="c:\users\diego\documents\visual studio 2010\projects\uniprof\tests\bin\release\tests.dll" id="13647b9a-2c0d-1cd8-34c7-faf3c771ec37">
      <Execution id="0af1412c-0911-418d-8425-b75c78172903" />
      <TestMethod codeBase="C:/Users/Diego/Documents/Visual Studio 2010/Projects/Uniprof/Tests/bin/Release/Tests.DLL" adapterTypeName="Microsoft.VisualStudio.TestTools.TestTypes.Unit.UnitTestAdapter, Microsoft.VisualStudio.QualityTools.Tips.UnitTest.Adapter, Version=10.0.0.0, Culture=neutral, PublicKeyToken=b03f5f7f11d50a3a" className="Tests.MovimientoCuentaClienteRepositorioTest, Tests, Version=1.0.0.0, Culture=neutral, PublicKeyToken=null" name="listarMovimientosTest" />
    </UnitTest>
    <UnitTest name="buscarTodoTest" storage="c:\users\diego\documents\visual studio 2010\projects\uniprof\tests\bin\release\tests.dll" id="d71a2e75-d02d-d52f-f44c-1c08c736ccf3">
      <Execution id="47ea397e-223c-4e6b-9cd2-48310f59b235" />
      <TestMethod codeBase="C:/Users/Diego/Documents/Visual Studio 2010/Projects/Uniprof/Tests/bin/Release/Tests.DLL" adapterTypeName="Microsoft.VisualStudio.TestTools.TestTypes.Unit.UnitTestAdapter, Microsoft.VisualStudio.QualityTools.Tips.UnitTest.Adapter, Version=10.0.0.0, Culture=neutral, PublicKeyToken=b03f5f7f11d50a3a" className="Tests.ProduccionOperadorTDGTest, Tests, Version=1.0.0.0, Culture=neutral, PublicKeyToken=null" name="buscarTodoTest" />
    </UnitTest>
  </TestDefinitions>
  <TestLists>
    <TestList name="Results Not in a List" id="8c84fa94-04c1-424b-9868-57a2d4851a1d" />
    <TestList name="All Loaded Results" id="19431567-8539-422a-85d7-44ee4e166bda" />
  </TestLists>
  <TestEntries>
    <TestEntry testId="019bd56c-e56a-79a5-09bc-547b99ed981b" executionId="c921c947-8029-4843-b42f-4c7a0a41935a" testListId="8c84fa94-04c1-424b-9868-57a2d4851a1d" />
    <TestEntry testId="019cc466-e1e2-1876-80d0-8bd0f4668b2f" executionId="463248b6-812b-4c0e-8cc2-cc4b51049f5a" testListId="8c84fa94-04c1-424b-9868-57a2d4851a1d" />
    <TestEntry testId="0321ef45-ca6a-c46f-356f-5dff04b055f8" executionId="920fa509-56c2-4f46-9d8c-bc775fc8ca5f" testListId="8c84fa94-04c1-424b-9868-57a2d4851a1d" />
    <TestEntry testId="036044ea-8d05-b58f-21af-2b8c451629d2" executionId="9b3000d6-dba6-431d-a861-df7233ddc140" testListId="8c84fa94-04c1-424b-9868-57a2d4851a1d" />
    <TestEntry testId="046d8853-4c4a-6ed7-e6b4-7cfe78d48668" executionId="3007550c-02b7-43de-aec2-befb59d9e3e5" testListId="8c84fa94-04c1-424b-9868-57a2d4851a1d" />
    <TestEntry testId="049d0f88-7bdd-159e-dcba-5d96f972e9a7" executionId="00b96652-5713-46c7-831d-a539ea7f77b7" testListId="8c84fa94-04c1-424b-9868-57a2d4851a1d" />
    <TestEntry testId="04a946fc-19a1-d283-10d5-49de1068346e" executionId="c2f24df3-583c-4213-87ef-4b7dd14bf74f" testListId="8c84fa94-04c1-424b-9868-57a2d4851a1d" />
    <TestEntry testId="0533de1e-bd84-9f46-95b5-950bf92951b0" executionId="b7e8bdf3-d192-4534-890e-c9b435c82b0f" testListId="8c84fa94-04c1-424b-9868-57a2d4851a1d" />
    <TestEntry testId="0619da45-f95c-9013-f779-f3a2e41e2ddd" executionId="cb42e48d-cb08-4187-8304-bdba06d3b5ad" testListId="8c84fa94-04c1-424b-9868-57a2d4851a1d" />
    <TestEntry testId="06ea3cf0-5b85-5241-6e3e-f83627367b47" executionId="053c752b-acc2-472d-82d4-6a8bf013e496" testListId="8c84fa94-04c1-424b-9868-57a2d4851a1d" />
    <TestEntry testId="07a2548d-4241-58e9-0562-3d619b418bbb" executionId="75caeea7-2b2d-4e3b-accd-1224c2b71a52" testListId="8c84fa94-04c1-424b-9868-57a2d4851a1d" />
    <TestEntry testId="0826b7aa-fcce-4d97-453d-e58eb4a27a97" executionId="7aa3d887-385c-40d3-8268-221c415fabf7" testListId="8c84fa94-04c1-424b-9868-57a2d4851a1d" />
    <TestEntry testId="09863448-141d-d561-d286-b118ec566d97" executionId="31ab556a-89b0-42ba-93c6-220f5bef9fac" testListId="8c84fa94-04c1-424b-9868-57a2d4851a1d" />
    <TestEntry testId="0a8df61c-a62f-1c66-059f-875171321588" executionId="143a0e7a-e8bd-4ed3-a21a-cbdf291e2480" testListId="8c84fa94-04c1-424b-9868-57a2d4851a1d" />
    <TestEntry testId="0bbd7a33-36a4-99a4-2cd0-83fd451fea26" executionId="357fb04e-4af6-4f2a-bdf8-035a540e6fa3" testListId="8c84fa94-04c1-424b-9868-57a2d4851a1d" />
    <TestEntry testId="0d0b6b4c-3d42-300a-bac7-fbab5e0b6cc5" executionId="6581da45-5b2f-4bc5-8c2a-1f62dd11286c" testListId="8c84fa94-04c1-424b-9868-57a2d4851a1d" />
    <TestEntry testId="0d3f2b5f-2310-d53e-af58-1c0f5f09df9f" executionId="b19604f0-499c-4eb8-80fd-4deda9e99fd1" testListId="8c84fa94-04c1-424b-9868-57a2d4851a1d" />
    <TestEntry testId="0dd1a643-72f4-8fdd-aebf-659387fe0ecf" executionId="54477d45-a490-4b8a-9775-e5c514ac58a5" testListId="8c84fa94-04c1-424b-9868-57a2d4851a1d" />
    <TestEntry testId="10b4c1e2-77e8-b6fe-ff2c-b75bd78a1790" executionId="5dee72fe-55d7-4988-8f7b-e116ee58bf81" testListId="8c84fa94-04c1-424b-9868-57a2d4851a1d" />
    <TestEntry testId="1185b585-ef75-6544-19b0-95bea00f10c1" executionId="e074b5c3-5975-496a-afcf-31c75b37fa59" testListId="8c84fa94-04c1-424b-9868-57a2d4851a1d" />
    <TestEntry testId="13283e1a-ebd5-2811-9974-2614dbf7730f" executionId="8a2fe19f-e7f8-416d-926e-a780ae063d1d" testListId="8c84fa94-04c1-424b-9868-57a2d4851a1d" />
    <TestEntry testId="132dbdad-c767-c70b-4154-f7166132216a" executionId="926b5e35-13c9-4a28-85bc-fab61497bf4f" testListId="8c84fa94-04c1-424b-9868-57a2d4851a1d" />
    <TestEntry testId="13496ae0-c24c-3fcb-7178-2789fe5b49ef" executionId="e24d8fa4-c4e4-40e1-91ae-a28dffbb8bac" testListId="8c84fa94-04c1-424b-9868-57a2d4851a1d" />
    <TestEntry testId="13647b9a-2c0d-1cd8-34c7-faf3c771ec37" executionId="0af1412c-0911-418d-8425-b75c78172903" testListId="8c84fa94-04c1-424b-9868-57a2d4851a1d" />
    <TestEntry testId="14276aa4-72b7-f96c-4fe9-e83b20c4c391" executionId="0560625c-80e1-4166-9f79-031a126e7b6d" testListId="8c84fa94-04c1-424b-9868-57a2d4851a1d" />
    <TestEntry testId="147439b4-00a7-f2cb-1dec-6270bffba92e" executionId="e6bdb8df-d443-4095-8b11-39a6c88a245d" testListId="8c84fa94-04c1-424b-9868-57a2d4851a1d" />
    <TestEntry testId="1547d2a7-8401-4066-0421-456391521e4e" executionId="1c1d6c81-88f2-40d8-89a1-e595b32524d2" testListId="8c84fa94-04c1-424b-9868-57a2d4851a1d" />
    <TestEntry testId="15781058-9d50-4692-2e7e-53db8e43c13c" executionId="2c314f7c-d778-4806-8227-41757227eb2f" testListId="8c84fa94-04c1-424b-9868-57a2d4851a1d" />
    <TestEntry testId="15a2dfa0-b5da-ca0f-1901-200d0b50ec37" executionId="9152fb6d-98c6-46ae-b56f-d64729942ce9" testListId="8c84fa94-04c1-424b-9868-57a2d4851a1d" />
    <TestEntry testId="15e90031-185d-99ec-c865-633047dc95f1" executionId="b54dabab-aa74-450b-9fe0-37fdee33ddfb" testListId="8c84fa94-04c1-424b-9868-57a2d4851a1d" />
    <TestEntry testId="16d2afdb-fcf6-6658-1d97-2e6156bb9c19" executionId="9f9b70d1-223d-4b27-9d44-ff5ce2b8e494" testListId="8c84fa94-04c1-424b-9868-57a2d4851a1d" />
    <TestEntry testId="16ffbd3f-3aee-beef-202b-0a5edf0b4c4f" executionId="02e3ccd6-49ab-4c3e-a37f-345512d984c1" testListId="8c84fa94-04c1-424b-9868-57a2d4851a1d" />
    <TestEntry testId="179d28ef-c565-5c45-d785-59f1a0626295" executionId="b55e16db-b375-42b4-9520-dabccfda42b8" testListId="8c84fa94-04c1-424b-9868-57a2d4851a1d" />
    <TestEntry testId="19a165a4-d445-e33e-7cb8-0f8a6d509eae" executionId="119d7ccc-2313-4bf3-aa2a-951d022931bf" testListId="8c84fa94-04c1-424b-9868-57a2d4851a1d" />
    <TestEntry testId="1a2eb27e-5a5f-d0a1-8888-804cc861f69e" executionId="024d7a03-5b6c-48d8-bf3a-26ac421c724c" testListId="8c84fa94-04c1-424b-9868-57a2d4851a1d" />
    <TestEntry testId="1aa90fb2-a5a8-fc6d-427f-550365a59543" executionId="ee7ddc0d-d7fc-4cd6-b606-644b26f85f47" testListId="8c84fa94-04c1-424b-9868-57a2d4851a1d" />
    <TestEntry testId="1cbe2801-d19a-9274-15f8-0dba46344245" executionId="80a3a45b-9e8d-4be7-8f6e-e359da2d8a00" testListId="8c84fa94-04c1-424b-9868-57a2d4851a1d" />
    <TestEntry testId="1cca4a40-3e79-045d-0667-c735e9a1087b" executionId="9208dd0e-33eb-4198-91bd-fef4a50aface" testListId="8c84fa94-04c1-424b-9868-57a2d4851a1d" />
    <TestEntry testId="1cea9887-e3c9-cea8-286a-dd9be44d7403" executionId="79d142f8-7c80-4432-8bc8-fe9f9f8638da" testListId="8c84fa94-04c1-424b-9868-57a2d4851a1d" />
    <TestEntry testId="1e112e87-ecd4-bbc8-5f74-eb12a4718023" executionId="d0fc8c6f-8b33-4237-b431-dfd4b88154fc" testListId="8c84fa94-04c1-424b-9868-57a2d4851a1d" />
    <TestEntry testId="1f993eef-b5ac-3548-c940-f219e4216d75" executionId="5216601a-4878-436e-98b8-6a7913feb367" testListId="8c84fa94-04c1-424b-9868-57a2d4851a1d" />
    <TestEntry testId="1fb18ed6-06da-35e1-ec67-5275eec70993" executionId="bd4945a3-049a-4d23-a44f-e5e96848cfa6" testListId="8c84fa94-04c1-424b-9868-57a2d4851a1d" />
    <TestEntry testId="20d5f305-5003-b633-f12a-b60950a7d487" executionId="a1fb0000-cb65-47a9-9b17-f87b10b850c5" testListId="8c84fa94-04c1-424b-9868-57a2d4851a1d" />
    <TestEntry testId="21f1e20b-dcac-fe9b-670b-02932753806f" executionId="9979b6c5-9259-4575-a8e7-55ea48af1f96" testListId="8c84fa94-04c1-424b-9868-57a2d4851a1d" />
    <TestEntry testId="2277aaf3-514d-5d22-b68b-739c3ef345a2" executionId="b5d43765-5cda-427b-b42f-c29b3dd58f56" testListId="8c84fa94-04c1-424b-9868-57a2d4851a1d" />
    <TestEntry testId="231d325e-5b2d-4422-b67b-4aed1bbc3f49" executionId="06e1bede-1d80-405e-a8af-8c4a54a9aebe" testListId="8c84fa94-04c1-424b-9868-57a2d4851a1d" />
    <TestEntry testId="24d98172-4e51-96b3-ef4d-cd0ed2a98c18" executionId="ed965253-6b33-46ff-aadb-f226a65b0fe7" testListId="8c84fa94-04c1-424b-9868-57a2d4851a1d" />
    <TestEntry testId="251887f2-80b7-06cc-ae64-369889df804d" executionId="7ba7c9ae-423f-488d-adb2-4a1dadfdbd39" testListId="8c84fa94-04c1-424b-9868-57a2d4851a1d" />
    <TestEntry testId="254f3c87-cb8f-24cb-6d93-8a60e4e333c0" executionId="97899455-556a-490e-8fb2-bb82533d9f9b" testListId="8c84fa94-04c1-424b-9868-57a2d4851a1d" />
    <TestEntry testId="25d73e54-4c45-c0f8-0cc6-cd9d82e5c8a4" executionId="56ef22bc-6b76-4d83-b5e2-747f35fcf1d2" testListId="8c84fa94-04c1-424b-9868-57a2d4851a1d" />
    <TestEntry testId="26a546ff-2782-4a5a-0d01-d730f8d08c9d" executionId="423954e6-760a-4db4-a187-b973a2c90679" testListId="8c84fa94-04c1-424b-9868-57a2d4851a1d" />
    <TestEntry testId="26d1e25c-63b7-c2c4-03c0-99f8e7631508" executionId="9a839447-c0ad-4008-8c82-1d402badd331" testListId="8c84fa94-04c1-424b-9868-57a2d4851a1d" />
    <TestEntry testId="26e79886-012b-c1dd-53e8-d16d49221a25" executionId="9a9e82ce-acc7-4a05-b897-655e022bf907" testListId="8c84fa94-04c1-424b-9868-57a2d4851a1d" />
    <TestEntry testId="2807b06d-2424-3984-a9d6-3c90127f0468" executionId="ac78cba0-190b-4ff1-a1fb-0cf9e39f9c98" testListId="8c84fa94-04c1-424b-9868-57a2d4851a1d" />
    <TestEntry testId="280aded5-68b9-b810-9a8e-34bdb568fac8" executionId="9c69884d-6959-485a-a009-63ae4b641a63" testListId="8c84fa94-04c1-424b-9868-57a2d4851a1d" />
    <TestEntry testId="28e69d1a-8de4-eba9-3792-eae237e8276c" executionId="64f2d67f-0426-45d4-9d5e-e86cbe776cd8" testListId="8c84fa94-04c1-424b-9868-57a2d4851a1d" />
    <TestEntry testId="29a5da4e-65d5-0422-5e68-618976117f03" executionId="89c34d0c-4f20-4c0f-95b8-98b4e20dd5e6" testListId="8c84fa94-04c1-424b-9868-57a2d4851a1d" />
    <TestEntry testId="29f0136c-6b94-67a3-1d98-7e9ef56e0b01" executionId="73fec1b6-aa5e-4163-8434-a44cb9faf9c0" testListId="8c84fa94-04c1-424b-9868-57a2d4851a1d" />
    <TestEntry testId="2a172fd5-1ba6-de08-de7a-3705a01c8b9d" executionId="be890257-2330-4ab1-a3d6-e4e75a46155c" testListId="8c84fa94-04c1-424b-9868-57a2d4851a1d" />
    <TestEntry testId="2a2fd5ee-0dc7-50c0-f1c8-c482f09c9964" executionId="963b3d39-9a00-4419-94ef-4d2972a79f5c" testListId="8c84fa94-04c1-424b-9868-57a2d4851a1d" />
    <TestEntry testId="2ae7b1af-8597-a3ce-277b-0dc18037e21f" executionId="3dab2acf-c687-450a-b295-f6a34ee7df4c" testListId="8c84fa94-04c1-424b-9868-57a2d4851a1d" />
    <TestEntry testId="2b495ffb-2b2e-0cf5-2875-0685d0724d3c" executionId="218c4c63-8063-411c-9ff1-c52710be7276" testListId="8c84fa94-04c1-424b-9868-57a2d4851a1d" />
    <TestEntry testId="2bbea6cc-d32e-272a-1a5e-81a0cec727a7" executionId="00b71a61-7812-469b-b98e-01195e5a60a2" testListId="8c84fa94-04c1-424b-9868-57a2d4851a1d" />
    <TestEntry testId="2c93c645-adc5-bb40-79d7-b39e8ca0fa8c" executionId="5570ed3b-56f0-4d54-826e-077af7662efc" testListId="8c84fa94-04c1-424b-9868-57a2d4851a1d" />
    <TestEntry testId="2dd0d705-2d7c-e989-e9d2-1892c8b66262" executionId="6c388fe6-b3df-47cd-b0e6-3875895e5f51" testListId="8c84fa94-04c1-424b-9868-57a2d4851a1d" />
    <TestEntry testId="2e92c0a7-eb38-f9b0-56bc-708e3a1e95b2" executionId="c87f337d-11a4-497d-bf16-dc733d70b187" testListId="8c84fa94-04c1-424b-9868-57a2d4851a1d" />
    <TestEntry testId="2ecef026-d4ff-850b-2022-72b81bdf2047" executionId="c71329fb-b391-433d-8f70-1d705515e59c" testListId="8c84fa94-04c1-424b-9868-57a2d4851a1d" />
    <TestEntry testId="2f3865ce-701f-5035-c928-beb5bf354e66" executionId="5415199f-3dc4-4fa2-84b3-a8e83098cb6b" testListId="8c84fa94-04c1-424b-9868-57a2d4851a1d" />
    <TestEntry testId="2f942134-eb39-049b-9e6e-2f42e91a8a19" executionId="01e00565-fcaa-45a5-8052-94cca2c42b5b" testListId="8c84fa94-04c1-424b-9868-57a2d4851a1d" />
    <TestEntry testId="2ff4ab24-8ba8-c855-2fbb-5316fd166e9f" executionId="555eb655-7a7f-4bfa-b723-32e4345c189e" testListId="8c84fa94-04c1-424b-9868-57a2d4851a1d" />
    <TestEntry testId="3022c4e6-888b-2dda-b879-e60c04b5e600" executionId="07386547-1c16-48e0-aee2-b4c96b506839" testListId="8c84fa94-04c1-424b-9868-57a2d4851a1d" />
    <TestEntry testId="302f391e-539b-a40e-3606-007f4a4a5dfd" executionId="7bc0b12a-cb18-447e-ba61-9215f99be974" testListId="8c84fa94-04c1-424b-9868-57a2d4851a1d" />
    <TestEntry testId="3222f04f-3bb8-b915-7622-11e1c846763f" executionId="de1e379d-c399-4602-a0df-6b95fcbb61cf" testListId="8c84fa94-04c1-424b-9868-57a2d4851a1d" />
    <TestEntry testId="3323acf7-8dc7-360e-f0a1-c4a2fbb9a91e" executionId="bee0e83b-acef-467e-a3b9-211325b75008" testListId="8c84fa94-04c1-424b-9868-57a2d4851a1d" />
    <TestEntry testId="33cb7b57-1952-56c9-afdf-65517595c4dd" executionId="3fea54df-4819-4e39-8e24-3dbbeb37323d" testListId="8c84fa94-04c1-424b-9868-57a2d4851a1d" />
    <TestEntry testId="34308cfd-d506-0b0a-6562-a4e0e8e6e9f3" executionId="289c4502-75a0-4a32-a3b1-92b0b87daba4" testListId="8c84fa94-04c1-424b-9868-57a2d4851a1d" />
    <TestEntry testId="353a1d2f-a022-ae0b-e495-9424c7779e0c" executionId="01ec3a79-826b-46be-81b0-38cd48fb2bb6" testListId="8c84fa94-04c1-424b-9868-57a2d4851a1d" />
    <TestEntry testId="364ee525-fb4e-4236-05f2-99b03bc282b2" executionId="fbaae69b-ff7b-4cdb-bd8e-88cba1bee02a" testListId="8c84fa94-04c1-424b-9868-57a2d4851a1d" />
    <TestEntry testId="36f9d5ec-47e1-6737-13d6-445eaa622ab8" executionId="25218fd7-3de6-406f-b92f-dfdc88e229dc" testListId="8c84fa94-04c1-424b-9868-57a2d4851a1d" />
    <TestEntry testId="371ae7d4-9804-8eea-7d23-86fbb28eb5e2" executionId="369ed3bc-2c05-44b4-a263-0933b800eae2" testListId="8c84fa94-04c1-424b-9868-57a2d4851a1d" />
    <TestEntry testId="375be106-944a-05c4-4975-c4a32afdccd6" executionId="d6486bb6-f408-401b-985c-0c3d1263ce85" testListId="8c84fa94-04c1-424b-9868-57a2d4851a1d" />
    <TestEntry testId="37b5db64-970d-c293-40fd-5d0b9fe33e03" executionId="bf11f2f1-f581-47dd-a6ca-d55d7e7d857e" testListId="8c84fa94-04c1-424b-9868-57a2d4851a1d" />
    <TestEntry testId="37eb03dd-b0ba-1d1a-150c-82804e7b16da" executionId="4989b697-ae96-4d05-b140-e322be402a43" testListId="8c84fa94-04c1-424b-9868-57a2d4851a1d" />
    <TestEntry testId="3814ca38-0b83-b334-0d16-36809809c612" executionId="75e3a8c0-8f95-4e65-b712-9ec158154d2b" testListId="8c84fa94-04c1-424b-9868-57a2d4851a1d" />
    <TestEntry testId="390965ee-b707-eb4d-f805-7a307d4ab7fa" executionId="1c9c6a67-2389-41e8-a598-81ad6e8c7fe2" testListId="8c84fa94-04c1-424b-9868-57a2d4851a1d" />
    <TestEntry testId="399698d6-d910-1ab1-d972-fb6aa80639ce" executionId="689c8f84-9fa4-40c1-963e-82195c44c21c" testListId="8c84fa94-04c1-424b-9868-57a2d4851a1d" />
    <TestEntry testId="39eb9513-2b02-9bb1-bfd3-cd5a5b8ce938" executionId="bca2aa5b-2e5b-4391-a009-8082519a1ef1" testListId="8c84fa94-04c1-424b-9868-57a2d4851a1d" />
    <TestEntry testId="3a69785d-69f1-1ae3-6647-f1fbd5f0c79c" executionId="45b023cd-a3d1-4a71-bdd9-6955f0c667e9" testListId="8c84fa94-04c1-424b-9868-57a2d4851a1d" />
    <TestEntry testId="3b15fca6-ba42-6ea6-b114-894cdb11cb16" executionId="c21b3612-2372-480d-9087-354b55b0f477" testListId="8c84fa94-04c1-424b-9868-57a2d4851a1d" />
    <TestEntry testId="3bb3d861-97d5-17ed-e4db-8593f01e3068" executionId="824956eb-0ed8-4913-9e6a-33511254653f" testListId="8c84fa94-04c1-424b-9868-57a2d4851a1d" />
    <TestEntry testId="3c12ed63-05b7-6919-12b1-8653c094ff5f" executionId="45995ea3-4391-4ce6-9635-2bc39d23e890" testListId="8c84fa94-04c1-424b-9868-57a2d4851a1d" />
    <TestEntry testId="3cd1a5b2-2061-12b0-4cbc-6da8d643a9e8" executionId="d1b5b473-2ca9-4272-82e8-1c535eac4534" testListId="8c84fa94-04c1-424b-9868-57a2d4851a1d" />
    <TestEntry testId="3d34ce3d-2c19-4b40-f3e1-1e5a5ee88a27" executionId="ef386589-4d38-4d6e-9001-80b355e13545" testListId="8c84fa94-04c1-424b-9868-57a2d4851a1d" />
    <TestEntry testId="3d5d4690-413e-480e-9909-702cf88399dd" executionId="bc77d2be-3b90-4cd9-b335-15416dfb54b4" testListId="8c84fa94-04c1-424b-9868-57a2d4851a1d" />
    <TestEntry testId="3f09e394-0823-389c-6e0c-74955eff820a" executionId="5c4b36d2-b310-408e-8384-94d89d3d3bda" testListId="8c84fa94-04c1-424b-9868-57a2d4851a1d" />
    <TestEntry testId="3f50a717-0b73-d5bd-41bc-37d26b580e88" executionId="11ce898e-2921-4394-9434-2b46397cbc19" testListId="8c84fa94-04c1-424b-9868-57a2d4851a1d" />
    <TestEntry testId="3f81de19-4fde-6528-9e0d-cf576c0d46aa" executionId="4e7bb2bf-1e7e-49e3-b56a-649e63e1a946" testListId="8c84fa94-04c1-424b-9868-57a2d4851a1d" />
    <TestEntry testId="4063ba31-c658-1e39-f2a1-4789b86cdf92" executionId="87266a58-045e-40c5-a534-348849c4fe30" testListId="8c84fa94-04c1-424b-9868-57a2d4851a1d" />
    <TestEntry testId="4075ee85-dce8-0a59-bbe2-572b6c1b6a07" executionId="d5a927fb-ded3-43c5-a6ee-23b4842f6361" testListId="8c84fa94-04c1-424b-9868-57a2d4851a1d" />
    <TestEntry testId="40c309eb-6e85-5d22-3be7-c1b561c3a631" executionId="785bd95f-b369-4c57-990a-78701adcb624" testListId="8c84fa94-04c1-424b-9868-57a2d4851a1d" />
    <TestEntry testId="4128c841-fbe4-5443-0039-ee6ab9d8480a" executionId="e21d3c4b-d062-4166-b46a-fc126510f3ce" testListId="8c84fa94-04c1-424b-9868-57a2d4851a1d" />
    <TestEntry testId="4148e9ec-0e25-c6a4-4bc2-03540cd0a990" executionId="a6b6eb40-f90e-4ac0-9f61-76a368a1dc5d" testListId="8c84fa94-04c1-424b-9868-57a2d4851a1d" />
    <TestEntry testId="41ca50b2-af08-ebb5-fe81-0171706b4196" executionId="4080c64c-0fb0-432b-b8fe-8aa2d749d97d" testListId="8c84fa94-04c1-424b-9868-57a2d4851a1d" />
    <TestEntry testId="42bbff3f-ae90-d4a3-ac96-e18e8d721f9a" executionId="eb1cd5f0-4742-49f3-9621-623528c0660e" testListId="8c84fa94-04c1-424b-9868-57a2d4851a1d" />
    <TestEntry testId="42bc7f23-0a71-a17c-783c-a7c1f6e66d7c" executionId="e32a0894-b59b-47ee-9731-c61b7c6c39b6" testListId="8c84fa94-04c1-424b-9868-57a2d4851a1d" />
    <TestEntry testId="42d34e85-28e2-30e8-a414-32919f9963a2" executionId="19c4c104-2333-4d9f-a937-57ae8a9f13d4" testListId="8c84fa94-04c1-424b-9868-57a2d4851a1d" />
    <TestEntry testId="42f3bd17-7e9a-3a2a-0abf-94dcbfe8af44" executionId="3e7db97d-02bf-4c87-934e-c6965303caa9" testListId="8c84fa94-04c1-424b-9868-57a2d4851a1d" />
    <TestEntry testId="43cb51cd-66eb-181b-064e-18bf81c14a68" executionId="5a20992f-e228-46c6-9e16-440d342f5e37" testListId="8c84fa94-04c1-424b-9868-57a2d4851a1d" />
    <TestEntry testId="4470df03-406c-ac4c-036b-0433b2842ca5" executionId="cad104f8-b00b-44e3-97e6-02aaa985e4c9" testListId="8c84fa94-04c1-424b-9868-57a2d4851a1d" />
    <TestEntry testId="44f2f0a7-9e33-876a-b7c3-d86059021fb2" executionId="8ace67b3-b0d9-45e7-aedf-0c66ebdd2ac8" testListId="8c84fa94-04c1-424b-9868-57a2d4851a1d" />
    <TestEntry testId="45d73400-010d-bede-b097-0e012e473ce7" executionId="798a4261-a7dc-4e5f-90fb-acac70a63273" testListId="8c84fa94-04c1-424b-9868-57a2d4851a1d" />
    <TestEntry testId="46319d74-a59b-cb4c-c42c-91de192140ab" executionId="ae634415-0f1b-4817-9586-0d122cbacb95" testListId="8c84fa94-04c1-424b-9868-57a2d4851a1d" />
    <TestEntry testId="466df001-5e88-7941-9225-f5b84ddbea5e" executionId="1dc60596-a90a-4226-b75b-d37a8217d5ab" testListId="8c84fa94-04c1-424b-9868-57a2d4851a1d" />
    <TestEntry testId="468ca457-0ed7-03c2-646c-9f2875316428" executionId="7d97d35f-142e-438d-abcd-2a5f44b654a7" testListId="8c84fa94-04c1-424b-9868-57a2d4851a1d" />
    <TestEntry testId="47539572-8702-25fd-25db-bd0bdd8958b7" executionId="e3e06fd7-0ede-49e1-98ca-d05ac2557ecf" testListId="8c84fa94-04c1-424b-9868-57a2d4851a1d" />
    <TestEntry testId="47829263-2bc4-1929-0c73-083969548a33" executionId="6d5fd8b5-7cc3-46de-b2aa-d3facb6681a3" testListId="8c84fa94-04c1-424b-9868-57a2d4851a1d" />
    <TestEntry testId="47d53732-aaac-b97d-3608-f4da6d7da1f0" executionId="84f46c1a-1eab-41a7-966e-99d7b30bd378" testListId="8c84fa94-04c1-424b-9868-57a2d4851a1d" />
    <TestEntry testId="47f1b7ea-5dbe-ff8b-ee2e-cd35503da3a7" executionId="45409501-e87f-475f-ba14-e12608cbabd8" testListId="8c84fa94-04c1-424b-9868-57a2d4851a1d" />
    <TestEntry testId="4ab5b9e6-5b30-baa0-2e6d-fac9df442766" executionId="e95554c8-a799-41e3-b34d-c67da6f9dc71" testListId="8c84fa94-04c1-424b-9868-57a2d4851a1d" />
    <TestEntry testId="4b2e2241-5ba0-4bf3-a87c-c3b9957ec404" executionId="e784edca-2565-4d24-89fb-7b0a723c5100" testListId="8c84fa94-04c1-424b-9868-57a2d4851a1d" />
    <TestEntry testId="4b4cc00b-440a-fb3e-bf1c-58f18a59fbb6" executionId="f4e46756-8ce1-4511-a75e-2605e02dc871" testListId="8c84fa94-04c1-424b-9868-57a2d4851a1d" />
    <TestEntry testId="4cab3d76-8fe4-c6a9-062c-275660c809ba" executionId="6143ba91-733d-4f8d-b9c6-a73531deb789" testListId="8c84fa94-04c1-424b-9868-57a2d4851a1d" />
    <TestEntry testId="4cc6b71b-462c-2bdc-f536-28b4d3d30de5" executionId="91a5d0a6-71d6-4f21-ad3d-c784374306c2" testListId="8c84fa94-04c1-424b-9868-57a2d4851a1d" />
    <TestEntry testId="4d2a8d5b-b176-00fc-503a-b6acea4e399d" executionId="3cf76182-34fe-4a0a-8363-066b370468c7" testListId="8c84fa94-04c1-424b-9868-57a2d4851a1d" />
    <TestEntry testId="4d891028-ff30-5474-0c6f-59e839f50717" executionId="23699a58-4657-4d95-a795-bd312075ca6c" testListId="8c84fa94-04c1-424b-9868-57a2d4851a1d" />
    <TestEntry testId="4e213555-50ef-010c-9653-9ed4341cc7e4" executionId="4364fb65-4aec-4463-85bb-d3251e24eb08" testListId="8c84fa94-04c1-424b-9868-57a2d4851a1d" />
    <TestEntry testId="4f159a29-3cb7-c1f2-9ed8-8c5ed23afcbe" executionId="f1af49bf-0e17-4b9e-85f8-6e7e1e84ed76" testListId="8c84fa94-04c1-424b-9868-57a2d4851a1d" />
    <TestEntry testId="4f3a2e54-c06b-cfc2-386b-24b648fee82c" executionId="63b50a06-6e63-4ae6-ac62-6242d341e0c3" testListId="8c84fa94-04c1-424b-9868-57a2d4851a1d" />
    <TestEntry testId="5062f8db-d3cc-b220-b391-1deb74053b65" executionId="33b3b1f3-b63f-4901-abbd-ab44bcb7a304" testListId="8c84fa94-04c1-424b-9868-57a2d4851a1d" />
    <TestEntry testId="5136f8bc-ea30-8e7a-77a2-f46a924db348" executionId="77221cf8-7d60-4ae1-915f-3cc49f06c1bb" testListId="8c84fa94-04c1-424b-9868-57a2d4851a1d" />
    <TestEntry testId="513854bd-1669-ed84-d891-6995e53105ac" executionId="8435bafa-775f-4677-82d7-f09f76a2ccb9" testListId="8c84fa94-04c1-424b-9868-57a2d4851a1d" />
    <TestEntry testId="52baea7e-b200-446e-6971-763252eb7cdd" executionId="47b4ca51-b1c3-41e9-8ddf-2072d325952f" testListId="8c84fa94-04c1-424b-9868-57a2d4851a1d" />
    <TestEntry testId="52d17b0e-d936-129e-43f3-078523a7b6ea" executionId="5067ec94-f10d-4500-8612-31a62d3820f5" testListId="8c84fa94-04c1-424b-9868-57a2d4851a1d" />
    <TestEntry testId="53977503-45e6-020c-cee1-a5a2bdcb3045" executionId="1cebc3e0-9192-4188-97c4-06e53809433e" testListId="8c84fa94-04c1-424b-9868-57a2d4851a1d" />
    <TestEntry testId="53e8a9c8-96f4-eccd-a6cf-588d5c1fbc4b" executionId="be4b3fb0-d3c4-4cdb-8116-78d9934f8e1b" testListId="8c84fa94-04c1-424b-9868-57a2d4851a1d" />
    <TestEntry testId="53fb134c-9656-57a4-8598-b11e28cf481e" executionId="d042ce3c-efb0-4fae-9951-fdf3360dfa35" testListId="8c84fa94-04c1-424b-9868-57a2d4851a1d" />
    <TestEntry testId="542e3d8e-c605-852a-af9b-310782faad08" executionId="d044ccbb-ccfe-4dc3-850a-f3cc14ea991d" testListId="8c84fa94-04c1-424b-9868-57a2d4851a1d" />
    <TestEntry testId="55841f62-e499-c1d2-7702-e492ea6411db" executionId="353dbeed-d91c-4882-b90e-e52ffc70ae2a" testListId="8c84fa94-04c1-424b-9868-57a2d4851a1d" />
    <TestEntry testId="5627da22-d5e7-edd9-24c7-79ea0acd3bdb" executionId="f2069e9e-b2af-44e3-b50d-9cae0dbcdaa8" testListId="8c84fa94-04c1-424b-9868-57a2d4851a1d" />
    <TestEntry testId="57811f03-2314-dd80-537e-0ead8105505e" executionId="e8bb6ddd-1bbf-414c-90a4-fd7494db502f" testListId="8c84fa94-04c1-424b-9868-57a2d4851a1d" />
    <TestEntry testId="57822e73-41f0-97dd-bf29-4b1fd4ed053c" executionId="18d77940-1d99-42b5-bca8-01851cb4fd51" testListId="8c84fa94-04c1-424b-9868-57a2d4851a1d" />
    <TestEntry testId="58008e3d-a662-382f-b6bd-ea56db2d0729" executionId="4d245de6-25d0-4426-ad18-9b9532fc5ed8" testListId="8c84fa94-04c1-424b-9868-57a2d4851a1d" />
    <TestEntry testId="583b72ae-47b9-5eaa-f8ea-320cdf69527e" executionId="431130a1-6705-401e-ac87-7d9ed9895ff2" testListId="8c84fa94-04c1-424b-9868-57a2d4851a1d" />
    <TestEntry testId="590fbd59-b150-d4b9-6a37-e409519e63c2" executionId="322f6146-d4df-4137-8ca1-4dcb9193ed6b" testListId="8c84fa94-04c1-424b-9868-57a2d4851a1d" />
    <TestEntry testId="59186e93-3595-d080-b439-d655c96ab973" executionId="476d770c-752d-4663-aaa7-03ade5216637" testListId="8c84fa94-04c1-424b-9868-57a2d4851a1d" />
    <TestEntry testId="5973b42f-4391-99d3-6b49-5d351ffdd924" executionId="146e0965-8ac4-4cb1-9fa9-b3ef18aefb37" testListId="8c84fa94-04c1-424b-9868-57a2d4851a1d" />
    <TestEntry testId="59ac30e1-edc3-3193-83d1-44bf47baeaf4" executionId="78c82823-1845-4149-84d3-36ddb095dfcf" testListId="8c84fa94-04c1-424b-9868-57a2d4851a1d" />
    <TestEntry testId="5a471128-b46d-a047-f96f-afe4f1f9ce56" executionId="516cf352-62e7-41a5-8f91-1cb7591305cc" testListId="8c84fa94-04c1-424b-9868-57a2d4851a1d" />
    <TestEntry testId="5b45a836-b61f-3f4e-71ec-60865157f707" executionId="ec3eb3c3-1eef-4743-9304-d3b964e87b8f" testListId="8c84fa94-04c1-424b-9868-57a2d4851a1d" />
    <TestEntry testId="5b9bfc56-4cc5-173e-d51e-c0dfe65798ee" executionId="ecba2dd3-0253-4599-b51a-459f3773104a" testListId="8c84fa94-04c1-424b-9868-57a2d4851a1d" />
    <TestEntry testId="5bbb6d67-7645-c72a-0a3d-d422f73b22ec" executionId="035f8876-7b9c-4dae-9a2c-0eb2fe35e9c0" testListId="8c84fa94-04c1-424b-9868-57a2d4851a1d" />
    <TestEntry testId="5bc580ea-e8dc-d81d-d20e-846c482c1228" executionId="13f300f3-bbf3-4b2f-ad6a-99688d595581" testListId="8c84fa94-04c1-424b-9868-57a2d4851a1d" />
    <TestEntry testId="5bcfcf35-a297-ce16-b906-540d8e2e0904" executionId="ed253fa6-8f71-4d16-bde6-9737c639c9cc" testListId="8c84fa94-04c1-424b-9868-57a2d4851a1d" />
    <TestEntry testId="5be9d1df-2b36-1659-9ba5-a87863ccb63a" executionId="1ffe74ef-67b9-423f-a840-7bb471e5da8e" testListId="8c84fa94-04c1-424b-9868-57a2d4851a1d" />
    <TestEntry testId="5c26e5bc-173f-d60e-f76c-ab3d9a4b4531" executionId="e15d9572-c8b4-44e5-8b6b-82044c770380" testListId="8c84fa94-04c1-424b-9868-57a2d4851a1d" />
    <TestEntry testId="5c85b597-4b7a-176d-3dac-461f2d66fe1b" executionId="846a65da-6e90-4055-8773-01947cfa3bfa" testListId="8c84fa94-04c1-424b-9868-57a2d4851a1d" />
    <TestEntry testId="5d206a37-78a3-f908-c018-7a5a53253c75" executionId="e2d24b4e-e6ed-4108-b122-123f6948c7e8" testListId="8c84fa94-04c1-424b-9868-57a2d4851a1d" />
    <TestEntry testId="5d5c620b-143e-df44-c141-574eca133b7a" executionId="c107de1f-ea34-4efc-93b9-70835d635571" testListId="8c84fa94-04c1-424b-9868-57a2d4851a1d" />
    <TestEntry testId="5e0dec84-1eed-840d-bf51-237b2ddbdebf" executionId="26384f5e-6797-4f67-b103-1515fea17b62" testListId="8c84fa94-04c1-424b-9868-57a2d4851a1d" />
    <TestEntry testId="5e39e02d-2b70-3982-2130-96924fff6d81" executionId="a4e0cf86-7883-4fd9-8b64-9585a4d76c58" testListId="8c84fa94-04c1-424b-9868-57a2d4851a1d" />
    <TestEntry testId="5f0d0749-3ebf-18a9-df3b-b2af8e5ec0eb" executionId="c321541c-19ed-4fa8-b8d8-0973b2ce13c5" testListId="8c84fa94-04c1-424b-9868-57a2d4851a1d" />
    <TestEntry testId="5f6ca830-a7f5-404d-2afc-b5fe8dc971de" executionId="25e8a144-df12-4ee0-83c1-670c902d73f4" testListId="8c84fa94-04c1-424b-9868-57a2d4851a1d" />
    <TestEntry testId="5fd39f80-1bc2-a1e7-8064-c0ed0e813279" executionId="4f64d77f-3b6f-432e-8eb2-c62d01fbde14" testListId="8c84fa94-04c1-424b-9868-57a2d4851a1d" />
    <TestEntry testId="5fe3519a-06e9-4436-0b1a-0afc24033be0" executionId="ac1e9afb-731a-4d3a-9262-9a31a42d0268" testListId="8c84fa94-04c1-424b-9868-57a2d4851a1d" />
    <TestEntry testId="5ffe0bd0-6148-b429-44ab-e9d370687b86" executionId="5015c009-b8ab-430e-ad0b-580d4f9cd751" testListId="8c84fa94-04c1-424b-9868-57a2d4851a1d" />
    <TestEntry testId="601e990e-751d-e263-ef32-4be40187ef20" executionId="0cb08bc7-6e1f-42d6-83a6-824d80962e3b" testListId="8c84fa94-04c1-424b-9868-57a2d4851a1d" />
    <TestEntry testId="6195d611-24d3-4e42-5b11-b2da792448d4" executionId="431feb58-870c-4345-879d-3e725fa9f907" testListId="8c84fa94-04c1-424b-9868-57a2d4851a1d" />
    <TestEntry testId="61c2c67d-a8aa-50cc-81fa-b25eafff855b" executionId="7456e36c-3949-4aea-a834-6020f4163fdc" testListId="8c84fa94-04c1-424b-9868-57a2d4851a1d" />
    <TestEntry testId="62392e62-abcf-2bb0-a872-aa102226687e" executionId="fc3c43be-edfd-492c-a7b9-e4a160bfbdbe" testListId="8c84fa94-04c1-424b-9868-57a2d4851a1d" />
    <TestEntry testId="62f6b994-f314-dfaa-2382-4b70b0820150" executionId="67675445-d7b2-4921-b901-368a6a418487" testListId="8c84fa94-04c1-424b-9868-57a2d4851a1d" />
    <TestEntry testId="645f3b20-4ed4-9fc8-0db6-f5c22e3f0ef4" executionId="a2515617-571a-4dfb-8132-9099ad8759e0" testListId="8c84fa94-04c1-424b-9868-57a2d4851a1d" />
    <TestEntry testId="64c5f523-bd77-dde6-863d-1ca40834d636" executionId="04ffe36b-a489-4587-a207-570415d39dbc" testListId="8c84fa94-04c1-424b-9868-57a2d4851a1d" />
    <TestEntry testId="653a7294-5203-6cdc-ff9d-6ea30ca26aa9" executionId="e3be125d-d0a6-415b-9cc5-affd8b602f33" testListId="8c84fa94-04c1-424b-9868-57a2d4851a1d" />
    <TestEntry testId="65cf3506-53bd-487b-cba6-ed8ab00a65a4" executionId="3af7ffbb-9435-45b7-a063-eb8d1073f37f" testListId="8c84fa94-04c1-424b-9868-57a2d4851a1d" />
    <TestEntry testId="65f33339-f5f5-af8d-e74e-57a59876466d" executionId="404da7cd-46b0-4111-9664-b182c421beb6" testListId="8c84fa94-04c1-424b-9868-57a2d4851a1d" />
    <TestEntry testId="66671db1-8d6b-13a4-a97e-68474a20ccf4" executionId="754c2cf3-541a-4547-a1fe-89229eda9397" testListId="8c84fa94-04c1-424b-9868-57a2d4851a1d" />
    <TestEntry testId="66a338ec-66f0-37fa-1bf3-601efb395594" executionId="ff9d832c-0851-4032-ab55-5195c817c594" testListId="8c84fa94-04c1-424b-9868-57a2d4851a1d" />
    <TestEntry testId="66accf62-c8b1-294a-c12d-5fcb04e3bddf" executionId="05c24728-3c7a-482f-8ee1-ea19cdac5330" testListId="8c84fa94-04c1-424b-9868-57a2d4851a1d" />
    <TestEntry testId="67103975-0d80-6dc0-3e73-31c64db0977f" executionId="47c5eb86-3ca8-4b97-aab1-353b64a0ef30" testListId="8c84fa94-04c1-424b-9868-57a2d4851a1d" />
    <TestEntry testId="68862084-d3f3-3b6a-8d1d-63a8120425c8" executionId="6848ee9e-01f3-43a2-9afe-1ccbfba90b3c" testListId="8c84fa94-04c1-424b-9868-57a2d4851a1d" />
    <TestEntry testId="688ff74d-915e-d560-41c3-a70549298345" executionId="33ba966b-5086-459f-b102-f9b78048cbd4" testListId="8c84fa94-04c1-424b-9868-57a2d4851a1d" />
    <TestEntry testId="69fa372c-7458-f7f0-5041-7bf40151831d" executionId="318390d6-30aa-48c8-991f-8ce01a0682e5" testListId="8c84fa94-04c1-424b-9868-57a2d4851a1d" />
    <TestEntry testId="6b7c36cd-44f4-1879-c115-f544d495b61e" executionId="6f2511c2-5c21-4da5-a708-c1c1edad3a49" testListId="8c84fa94-04c1-424b-9868-57a2d4851a1d" />
    <TestEntry testId="6c508edd-f42b-c301-6d53-7fe205a52a0b" executionId="4718e3c7-0de6-4f98-a8d4-29ce67f578c4" testListId="8c84fa94-04c1-424b-9868-57a2d4851a1d" />
    <TestEntry testId="6c77fe8d-a8b3-4efd-1e3d-013b12293f74" executionId="94e30524-af6b-44aa-b1af-5fb28e1ef5fe" testListId="8c84fa94-04c1-424b-9868-57a2d4851a1d" />
    <TestEntry testId="6cf16972-5184-bd8a-3b41-bb02c50f3e4c" executionId="296239b9-74d4-447b-b62b-3e2e157dde9b" testListId="8c84fa94-04c1-424b-9868-57a2d4851a1d" />
    <TestEntry testId="6dbb761e-cbdb-2c43-0c61-55938d83de19" executionId="5751e89a-f496-4a7f-be49-b3df76f30a00" testListId="8c84fa94-04c1-424b-9868-57a2d4851a1d" />
    <TestEntry testId="6e20bc5d-0f12-b6d7-ba69-ad542caad9f6" executionId="f6cb3f39-83e6-4432-a6e4-99fa2314b8cf" testListId="8c84fa94-04c1-424b-9868-57a2d4851a1d" />
    <TestEntry testId="6fccfc0c-3386-fa76-9bb6-5cb2884d04d6" executionId="162b7347-ef6b-4365-9226-7d614f9900b4" testListId="8c84fa94-04c1-424b-9868-57a2d4851a1d" />
    <TestEntry testId="70dba011-1aa4-3fb1-b8c2-fb8d0666bd55" executionId="f3f6a11c-c139-4679-8916-78fed0d15481" testListId="8c84fa94-04c1-424b-9868-57a2d4851a1d" />
    <TestEntry testId="7187fc52-08ae-19d9-62d2-a1273ba98de3" executionId="dd04a0ca-e6cf-43ff-957c-ffa7f81d427f" testListId="8c84fa94-04c1-424b-9868-57a2d4851a1d" />
    <TestEntry testId="71db679d-9cd7-f55e-94f9-ae66c93fc299" executionId="e73318b1-5022-4f2b-9169-10a8d958715c" testListId="8c84fa94-04c1-424b-9868-57a2d4851a1d" />
    <TestEntry testId="723aff45-3bd6-6949-d938-d2ccbc2f388d" executionId="9f81ae5a-18ef-4bf3-9177-c2d756dc2bd3" testListId="8c84fa94-04c1-424b-9868-57a2d4851a1d" />
    <TestEntry testId="72b264c8-79c9-9087-ae9e-47c332dbaa6d" executionId="fa650670-d795-46f8-bb18-d41f70c416dd" testListId="8c84fa94-04c1-424b-9868-57a2d4851a1d" />
    <TestEntry testId="75cbbdb7-6249-18c8-32b2-1920235c1d97" executionId="5e09523b-561b-4b04-a76e-6b315b0dfb24" testListId="8c84fa94-04c1-424b-9868-57a2d4851a1d" />
    <TestEntry testId="75ff0c72-ae5b-a30a-d444-42d5bfa7ed8d" executionId="66d1ae00-39e1-4628-b93f-f2bce4f1de9c" testListId="8c84fa94-04c1-424b-9868-57a2d4851a1d" />
    <TestEntry testId="76669914-042a-1066-d597-b186fff6c621" executionId="8dee3d76-1d5b-4cc1-98c3-ea95fd384df4" testListId="8c84fa94-04c1-424b-9868-57a2d4851a1d" />
    <TestEntry testId="77619216-98fe-f01d-d92b-ae2614d5a7c1" executionId="b0c52615-1b8e-4b7e-9c19-ef241962d8af" testListId="8c84fa94-04c1-424b-9868-57a2d4851a1d" />
    <TestEntry testId="776c9b88-b138-d6aa-dd32-a876a9437025" executionId="9180f82c-f6f5-4357-a29f-c9cff9effae0" testListId="8c84fa94-04c1-424b-9868-57a2d4851a1d" />
    <TestEntry testId="77a70718-b08f-850c-1bf3-10dbbe443592" executionId="aa252bf2-c301-4efd-aa40-09649eca6e39" testListId="8c84fa94-04c1-424b-9868-57a2d4851a1d" />
    <TestEntry testId="78d51b31-e137-cc46-4586-32e7fc15993b" executionId="71daf707-2e97-4922-8128-71bd34e9c25f" testListId="8c84fa94-04c1-424b-9868-57a2d4851a1d" />
    <TestEntry testId="79432a3c-09ad-494a-94b0-409081b91296" executionId="302b9468-4fa1-47ef-a61b-e49bbff61a0d" testListId="8c84fa94-04c1-424b-9868-57a2d4851a1d" />
    <TestEntry testId="79b9204c-aeda-7048-42ac-c6faee468388" executionId="ba76f8e8-128b-4019-9f53-8e845db57846" testListId="8c84fa94-04c1-424b-9868-57a2d4851a1d" />
    <TestEntry testId="79fcf63f-8b0d-33c2-c15a-b70a52cca16c" executionId="20007a0b-ebc1-4003-bce5-bbb4a4cb09d0" testListId="8c84fa94-04c1-424b-9868-57a2d4851a1d" />
    <TestEntry testId="7a2f5966-e3a2-2a72-e68e-2d6083996de2" executionId="dfdfcf09-ff93-4a30-afb3-393113aa74ae" testListId="8c84fa94-04c1-424b-9868-57a2d4851a1d" />
    <TestEntry testId="7a5f4dc9-0c0b-a16a-647b-478ba12b4828" executionId="b5ecccbe-c0e5-422e-b4f8-5f98bbc95f5f" testListId="8c84fa94-04c1-424b-9868-57a2d4851a1d" />
    <TestEntry testId="7eda418a-e258-a33c-7890-73630dd7266c" executionId="7c269163-b471-4a93-9b53-9f11f713b977" testListId="8c84fa94-04c1-424b-9868-57a2d4851a1d" />
    <TestEntry testId="7ef8ab41-162c-76bc-02f7-a575f043f7e4" executionId="afecc560-c666-4964-9f91-9560bb44c62f" testListId="8c84fa94-04c1-424b-9868-57a2d4851a1d" />
    <TestEntry testId="7f0052b2-2fa5-1442-5124-403810b2060e" executionId="336d56de-0da8-41a6-950f-bc45d97644b6" testListId="8c84fa94-04c1-424b-9868-57a2d4851a1d" />
    <TestEntry testId="7f10aeee-1e6d-047f-bf86-9fb35cb9cbd0" executionId="c04c877f-7294-444b-84f8-d768b4ab98ba" testListId="8c84fa94-04c1-424b-9868-57a2d4851a1d" />
    <TestEntry testId="7f31f25c-e328-77fa-dde7-0ee6e5a7e366" executionId="ba89f7f0-53a7-4181-b4e6-d7f1fa066f64" testListId="8c84fa94-04c1-424b-9868-57a2d4851a1d" />
    <TestEntry testId="80476086-aaaa-ba28-a4dc-0972defbe8bb" executionId="4e7a1e22-f79c-4344-a104-86ed7ea4da65" testListId="8c84fa94-04c1-424b-9868-57a2d4851a1d" />
    <TestEntry testId="80e94a1b-f37e-ea8a-5357-ae59cc6e5e45" executionId="44b34f5d-9c53-4637-80cf-cb4c2de13b93" testListId="8c84fa94-04c1-424b-9868-57a2d4851a1d" />
    <TestEntry testId="81b50b2a-4878-5c02-6765-8402ba293155" executionId="d0cb36e6-0d9d-4aea-8e82-f93db52318c9" testListId="8c84fa94-04c1-424b-9868-57a2d4851a1d" />
    <TestEntry testId="82c5d364-01e4-3d1f-8a3c-419d68a3ff5f" executionId="d7fafd5c-f00a-44bb-ac37-9ae4d0d2428b" testListId="8c84fa94-04c1-424b-9868-57a2d4851a1d" />
    <TestEntry testId="83ce9798-d52f-2f3d-8537-200546cde5a9" executionId="30742a65-33fd-4f78-aff7-b7e6b2ba9b36" testListId="8c84fa94-04c1-424b-9868-57a2d4851a1d" />
    <TestEntry testId="84b841c4-bb70-5525-3ae9-fa35ed11627d" executionId="e412bb37-9ff3-4688-96b8-4ac8e1421948" testListId="8c84fa94-04c1-424b-9868-57a2d4851a1d" />
    <TestEntry testId="851b9d78-997d-9c75-eab0-197fa14a11f0" executionId="2309e665-b7c9-4b57-937d-a16348f4a828" testListId="8c84fa94-04c1-424b-9868-57a2d4851a1d" />
    <TestEntry testId="85ca884d-a763-a279-970a-decd7d2ef2e7" executionId="93eeae8c-5db2-4a7d-9e2f-2583c2d8298f" testListId="8c84fa94-04c1-424b-9868-57a2d4851a1d" />
    <TestEntry testId="88295536-741f-3a89-ef69-1ec7d6b91f08" executionId="eee921f9-5de0-4fae-a1bc-adaebe175509" testListId="8c84fa94-04c1-424b-9868-57a2d4851a1d" />
    <TestEntry testId="882cbeee-1641-823c-0b10-58aeb9cabf93" executionId="2261eb82-81a1-4f8c-bfed-cc47d98d42a5" testListId="8c84fa94-04c1-424b-9868-57a2d4851a1d" />
    <TestEntry testId="896a2208-4c38-b781-3b7e-b236d6d81cd2" executionId="5217908b-9d03-41ea-b9b7-d1db49fea4fd" testListId="8c84fa94-04c1-424b-9868-57a2d4851a1d" />
    <TestEntry testId="8a0dd9bc-7acf-b95a-4187-a00b7726fa73" executionId="a41c5e3a-f5d8-4a4c-85e2-b98f1884daa6" testListId="8c84fa94-04c1-424b-9868-57a2d4851a1d" />
    <TestEntry testId="8c641761-f8ac-ef3e-efbe-0d44137ab9ce" executionId="a9f20213-aa4b-4328-8098-dbcce525a367" testListId="8c84fa94-04c1-424b-9868-57a2d4851a1d" />
    <TestEntry testId="8c73c5b1-73d0-fcfa-2a42-34f5914dbfb1" executionId="c3e233f4-cbe4-437e-865b-552feb07c1db" testListId="8c84fa94-04c1-424b-9868-57a2d4851a1d" />
    <TestEntry testId="8ce4ba60-10ed-e341-0892-b9526f864034" executionId="c589a052-2cd0-4912-964e-76abddf24352" testListId="8c84fa94-04c1-424b-9868-57a2d4851a1d" />
    <TestEntry testId="8d735e5a-f52c-96a5-4bed-a99c0526014e" executionId="d6c90f0f-42ba-4f30-8a5d-921daf21fabd" testListId="8c84fa94-04c1-424b-9868-57a2d4851a1d" />
    <TestEntry testId="8e0c723b-e192-342e-eb9f-eccfedfe5ca1" executionId="7a98b00d-0908-41f6-9bd3-181513dbe2af" testListId="8c84fa94-04c1-424b-9868-57a2d4851a1d" />
    <TestEntry testId="8e175a1e-ad15-cbe9-eb2b-34d47332acea" executionId="3e2f36de-2783-4169-95a7-f70c14dd21ce" testListId="8c84fa94-04c1-424b-9868-57a2d4851a1d" />
    <TestEntry testId="8ef58195-4b27-3ad6-c671-969e36dd1c6a" executionId="8e5fdcd0-ebb5-4706-a143-e1d20721922b" testListId="8c84fa94-04c1-424b-9868-57a2d4851a1d" />
    <TestEntry testId="9051c370-f8a8-7d06-90bf-a5c879f3e27c" executionId="89d35c89-5cb3-4c5b-ae8a-b8a87246e653" testListId="8c84fa94-04c1-424b-9868-57a2d4851a1d" />
    <TestEntry testId="90665605-993c-c3f0-732c-0c8cb4e19400" executionId="046db997-d461-4704-9388-095001d8ffd9" testListId="8c84fa94-04c1-424b-9868-57a2d4851a1d" />
    <TestEntry testId="9102ee27-432a-7243-07ab-4d672688ee38" executionId="97f8c078-4fed-4ce9-a2a2-da11631fe553" testListId="8c84fa94-04c1-424b-9868-57a2d4851a1d" />
    <TestEntry testId="92b34578-8935-0a46-8dd9-4af3ba2aba99" executionId="9abdccd0-98ce-4ff2-919f-8a3fbd8de580" testListId="8c84fa94-04c1-424b-9868-57a2d4851a1d" />
    <TestEntry testId="9355e16b-4728-468a-6844-3354852565f0" executionId="5065aca4-d82f-44a6-9df3-0af0d52f39a2" testListId="8c84fa94-04c1-424b-9868-57a2d4851a1d" />
    <TestEntry testId="93f8ff39-718d-999f-f07f-06a3b12e22dd" executionId="361e8c16-5f16-42b1-90d3-2786af0b5e72" testListId="8c84fa94-04c1-424b-9868-57a2d4851a1d" />
    <TestEntry testId="954c6542-5669-95f4-2fc5-a01c436de193" executionId="fd90b3a8-3d0c-43c0-82c0-6b8a135a6cb1" testListId="8c84fa94-04c1-424b-9868-57a2d4851a1d" />
    <TestEntry testId="967eb374-2104-1acf-4901-5331861aa4b4" executionId="c727b37c-43c5-4bcd-a276-906f57bbe337" testListId="8c84fa94-04c1-424b-9868-57a2d4851a1d" />
    <TestEntry testId="96881fe6-dfde-90d7-168b-7e0645c53ba0" executionId="feb48101-bec1-4ea6-9f8c-0d0704bb890a" testListId="8c84fa94-04c1-424b-9868-57a2d4851a1d" />
    <TestEntry testId="96e75478-d13a-94b1-f4d7-4e30153efd6b" executionId="4a94a28f-3262-4420-bd16-1c5d035e8bf0" testListId="8c84fa94-04c1-424b-9868-57a2d4851a1d" />
    <TestEntry testId="97997216-b9cb-a346-d834-1a6abbc22200" executionId="860b3b35-ac13-465d-a47c-4312a6c2a20d" testListId="8c84fa94-04c1-424b-9868-57a2d4851a1d" />
    <TestEntry testId="9853b2bf-c35b-f18f-c067-26f1d74150ec" executionId="9df1169c-281d-4f6f-8594-e3fc8ed09b6b" testListId="8c84fa94-04c1-424b-9868-57a2d4851a1d" />
    <TestEntry testId="996b7b9c-4963-23a7-ecd9-60f71e9ffdab" executionId="2ad72c28-f0be-4d2f-85a9-6f417fc5de02" testListId="8c84fa94-04c1-424b-9868-57a2d4851a1d" />
    <TestEntry testId="9abfd9c9-a69f-e14e-a283-753aea9711be" executionId="cf435e31-3772-4387-b038-e221c244e78b" testListId="8c84fa94-04c1-424b-9868-57a2d4851a1d" />
    <TestEntry testId="9b145e69-7969-d34a-ea49-9560a18e3f37" executionId="8df62fe7-bb02-48c2-b3bb-63179db88f63" testListId="8c84fa94-04c1-424b-9868-57a2d4851a1d" />
    <TestEntry testId="9bc71622-b688-a88b-7a65-091a11ad1362" executionId="154568aa-bfa2-4ab0-b2ed-7667933ceca8" testListId="8c84fa94-04c1-424b-9868-57a2d4851a1d" />
    <TestEntry testId="9c1f4476-7313-c46d-328a-55cea693565d" executionId="f9588181-7882-4522-bd9f-b1542b4295a4" testListId="8c84fa94-04c1-424b-9868-57a2d4851a1d" />
    <TestEntry testId="9fd9a588-56ca-0b4b-82c9-064d2bfbe430" executionId="fc4e3915-d541-4063-b569-456078e1b519" testListId="8c84fa94-04c1-424b-9868-57a2d4851a1d" />
    <TestEntry testId="a17744d1-ab11-f591-d328-1ad420c98fbd" executionId="c46dc981-30c3-4f1f-b52b-ffe220275bc1" testListId="8c84fa94-04c1-424b-9868-57a2d4851a1d" />
    <TestEntry testId="a238bb59-cc6f-a250-c2de-3c102510d342" executionId="d6e359f3-fc09-47a2-b3ab-b466c4a42c60" testListId="8c84fa94-04c1-424b-9868-57a2d4851a1d" />
    <TestEntry testId="a27af6eb-87dc-b90f-c4ca-d8cb1c7c2454" executionId="b2a03a0a-c825-4075-bb7e-97535b9f613b" testListId="8c84fa94-04c1-424b-9868-57a2d4851a1d" />
    <TestEntry testId="a38bcda1-5217-b092-6b98-6582813fb5d1" executionId="42b9e522-ae25-4fe8-94a9-7aadba4ced20" testListId="8c84fa94-04c1-424b-9868-57a2d4851a1d" />
    <TestEntry testId="a39c2fdb-3d54-d4f0-be49-3f4e350da31e" executionId="0017425b-93c2-4202-be36-3a1c0ff78e31" testListId="8c84fa94-04c1-424b-9868-57a2d4851a1d" />
    <TestEntry testId="a472a839-6eaa-12b1-21fb-e977ec47cce0" executionId="308e07e4-6b7e-4fa5-8b7f-d86efb424649" testListId="8c84fa94-04c1-424b-9868-57a2d4851a1d" />
    <TestEntry testId="a4e8ed3d-c4ae-1ca8-df36-ee362c8b196a" executionId="afffa339-0aec-45c9-bee4-71370da774a7" testListId="8c84fa94-04c1-424b-9868-57a2d4851a1d" />
    <TestEntry testId="a517dabf-4b66-5f3c-ac24-0d2164897c8e" executionId="46663380-ec3d-41e9-ad81-55c61d0d5ab4" testListId="8c84fa94-04c1-424b-9868-57a2d4851a1d" />
    <TestEntry testId="a5adf3df-a9f8-2832-66ba-f690ea4581d6" executionId="cc956b92-d80f-4d28-bc0c-88733aee2ea4" testListId="8c84fa94-04c1-424b-9868-57a2d4851a1d" />
    <TestEntry testId="a5c2a138-5bc5-66da-7c2e-bc96b13a556b" executionId="9fd2579c-6ee3-42c7-9515-5a6d94977ea8" testListId="8c84fa94-04c1-424b-9868-57a2d4851a1d" />
    <TestEntry testId="a5daaf00-a7ab-4dce-b449-0d5879de0266" executionId="4d41754f-180e-4668-a669-379e8320917c" testListId="8c84fa94-04c1-424b-9868-57a2d4851a1d" />
    <TestEntry testId="a6894dd2-dcf0-7e92-7a7b-7a5aa8466339" executionId="407b8817-b2f7-4a0d-9909-fd9029bf79b5" testListId="8c84fa94-04c1-424b-9868-57a2d4851a1d" />
    <TestEntry testId="a6fd86e1-4eca-846a-5e19-70da718a6391" executionId="1d45b13d-10b4-4711-ad45-a589825abd50" testListId="8c84fa94-04c1-424b-9868-57a2d4851a1d" />
    <TestEntry testId="a77c41d3-5bba-1c1e-e81f-7a02217342bf" executionId="58d04dc9-9722-480e-90b5-586805e18bfd" testListId="8c84fa94-04c1-424b-9868-57a2d4851a1d" />
    <TestEntry testId="a80088bc-1bb3-9447-8317-64a7363d3cfe" executionId="4e8a2b6c-6c9f-4441-b87f-8c686ba3f899" testListId="8c84fa94-04c1-424b-9868-57a2d4851a1d" />
    <TestEntry testId="a835695f-f8af-58f4-71d0-57d24fa7d90f" executionId="7fd3aa67-3862-404c-93cd-4981b51430c1" testListId="8c84fa94-04c1-424b-9868-57a2d4851a1d" />
    <TestEntry testId="a85e6fd4-de45-4652-f9ef-c22afc1ca0bf" executionId="7817642a-08a1-4f8e-b3f9-1a39f93595d8" testListId="8c84fa94-04c1-424b-9868-57a2d4851a1d" />
    <TestEntry testId="a8a939dd-3559-39c4-d3e6-695f82176ab4" executionId="11d8a788-2aa5-4c74-8d5f-3dd499fe5dc2" testListId="8c84fa94-04c1-424b-9868-57a2d4851a1d" />
    <TestEntry testId="a8b0ac8d-b3ff-6693-a29b-869418f5d04f" executionId="8959e212-0a43-4808-8b75-22fa4c88a950" testListId="8c84fa94-04c1-424b-9868-57a2d4851a1d" />
    <TestEntry testId="a914285b-c2e0-dbc2-f99c-c0b34bf25408" executionId="f86d5de5-8948-4e01-9ec2-aac2b9f95616" testListId="8c84fa94-04c1-424b-9868-57a2d4851a1d" />
    <TestEntry testId="aa08efca-9836-e946-b0ea-6d46d0e78977" executionId="3b99be05-65bd-44b8-8e36-0a2ba9542317" testListId="8c84fa94-04c1-424b-9868-57a2d4851a1d" />
    <TestEntry testId="aa3d2f13-ce91-e85a-b860-661244f697ca" executionId="af5325a2-3e1a-4ca7-a27a-dcdc0c24cb93" testListId="8c84fa94-04c1-424b-9868-57a2d4851a1d" />
    <TestEntry testId="aa89e54f-b120-5f04-a49b-eb1a63d779df" executionId="d5f5ca98-3ec2-4197-94d5-d25d0f6b1356" testListId="8c84fa94-04c1-424b-9868-57a2d4851a1d" />
    <TestEntry testId="aad710b2-cbba-4fa8-20b9-0a83a5267460" executionId="b0db3362-cf31-405f-a298-90235a7cfc07" testListId="8c84fa94-04c1-424b-9868-57a2d4851a1d" />
    <TestEntry testId="ab0fe80a-1fd5-fb8a-e7d4-5b5fcdcec2eb" executionId="246ac0c8-82e5-4ccd-bde7-7728ee4d67f8" testListId="8c84fa94-04c1-424b-9868-57a2d4851a1d" />
    <TestEntry testId="ab4f6c28-3581-ba0b-4648-93d882bc1ba4" executionId="63c113e0-5042-442a-84fc-59edae53cdab" testListId="8c84fa94-04c1-424b-9868-57a2d4851a1d" />
    <TestEntry testId="ac4b28af-d8f4-b156-672f-168bba2db6f5" executionId="888fa95b-09d5-4ec3-8d3d-10343470a403" testListId="8c84fa94-04c1-424b-9868-57a2d4851a1d" />
    <TestEntry testId="acceeb2f-d3a0-c7eb-0a8a-89ba3e60aa95" executionId="0ad921fe-bcca-4931-b4a4-04b99e00b14e" testListId="8c84fa94-04c1-424b-9868-57a2d4851a1d" />
    <TestEntry testId="ad52b45c-d7bf-7d90-509a-9d90fabbb4cb" executionId="6d1549de-510b-403f-9a07-991a52e520ba" testListId="8c84fa94-04c1-424b-9868-57a2d4851a1d" />
    <TestEntry testId="adc4b822-2dd8-fb80-0aec-e1f18a81e266" executionId="a2e51af4-1a3c-4fc1-9cd8-9d850fabfdf0" testListId="8c84fa94-04c1-424b-9868-57a2d4851a1d" />
    <TestEntry testId="aeb09f8f-b144-d846-cb07-87151db0c5db" executionId="ca88a482-6a2c-4df3-a384-ab7642d7a020" testListId="8c84fa94-04c1-424b-9868-57a2d4851a1d" />
    <TestEntry testId="aee8bdae-93b9-94cd-dc66-4af8f0d1e925" executionId="be4de0d3-3428-402f-9d42-fe74493623db" testListId="8c84fa94-04c1-424b-9868-57a2d4851a1d" />
    <TestEntry testId="af2a5dd3-889c-239a-49ba-4559ade59815" executionId="f9dd1905-9e61-43f4-bff3-c52b70baabc4" testListId="8c84fa94-04c1-424b-9868-57a2d4851a1d" />
    <TestEntry testId="afb70fb3-f16b-16ef-9272-e650b4c370ff" executionId="5a1ae1c7-5c37-4f21-912f-9b062b969d62" testListId="8c84fa94-04c1-424b-9868-57a2d4851a1d" />
    <TestEntry testId="b09e98eb-5e7b-17f1-4a91-35133c7055e9" executionId="adef93ca-1e0c-4441-8b28-367868203827" testListId="8c84fa94-04c1-424b-9868-57a2d4851a1d" />
    <TestEntry testId="b09f0486-3351-5bc5-0d5a-f108852661b1" executionId="16cee60d-7a8c-4373-9fa6-ceb6cd105e71" testListId="8c84fa94-04c1-424b-9868-57a2d4851a1d" />
    <TestEntry testId="b1ce8274-0eb4-6ea7-4d2b-12d8e6b2a366" executionId="a880dc3c-ad97-49d3-8873-d5c554569584" testListId="8c84fa94-04c1-424b-9868-57a2d4851a1d" />
    <TestEntry testId="b2564a1d-a5df-de1a-d3dd-41d0e33b00f4" executionId="9e7c1fbd-c9f1-436a-97a8-cf7b05081181" testListId="8c84fa94-04c1-424b-9868-57a2d4851a1d" />
    <TestEntry testId="b28eae18-99f0-9519-6256-d75c3d089452" executionId="16afc492-9b47-4a56-a19c-e17e4fd7d8a6" testListId="8c84fa94-04c1-424b-9868-57a2d4851a1d" />
    <TestEntry testId="b40b8a29-c95a-4ade-0e51-c133972e69c6" executionId="158f5e21-d307-41de-9c78-64b688ac61ae" testListId="8c84fa94-04c1-424b-9868-57a2d4851a1d" />
    <TestEntry testId="b6192558-2ee3-59f6-6537-ecfd184b2822" executionId="f6114808-7e1a-4bb1-a061-5472049aa80c" testListId="8c84fa94-04c1-424b-9868-57a2d4851a1d" />
    <TestEntry testId="b697701d-8cff-a257-c4da-79dac613bf34" executionId="3fdac3b2-6310-4bd9-b9ed-547e56723165" testListId="8c84fa94-04c1-424b-9868-57a2d4851a1d" />
    <TestEntry testId="b6c93299-c437-e1df-d8ec-dc7e1e4a6bba" executionId="3df163f5-adea-426c-8297-97709aa1c4f0" testListId="8c84fa94-04c1-424b-9868-57a2d4851a1d" />
    <TestEntry testId="b6d2504c-fd0b-46f0-ca34-952aa534d5bc" executionId="3fb65c78-6cc8-4600-ab85-572a919942bb" testListId="8c84fa94-04c1-424b-9868-57a2d4851a1d" />
    <TestEntry testId="b757834a-da0f-6514-4f88-5f56b32e1557" executionId="4f34440e-ce8a-42e0-8157-34e37aa83166" testListId="8c84fa94-04c1-424b-9868-57a2d4851a1d" />
    <TestEntry testId="b8413468-f954-3662-0efc-8c48132ad726" executionId="94d63534-2cf8-4631-9450-78e51072469d" testListId="8c84fa94-04c1-424b-9868-57a2d4851a1d" />
    <TestEntry testId="b8f7e814-b981-7bd7-8770-09bbc779dc13" executionId="7924e8af-1f55-49db-9b7e-b0b474b977c4" testListId="8c84fa94-04c1-424b-9868-57a2d4851a1d" />
    <TestEntry testId="b942b6d6-f408-1783-9c4d-ef179ac5d56f" executionId="f5c823fb-4c0c-49b0-9523-af08858602c7" testListId="8c84fa94-04c1-424b-9868-57a2d4851a1d" />
    <TestEntry testId="b98676fe-ee87-56df-eacd-dd7ebb6e2cd3" executionId="d6aaf063-8896-4efc-bc3c-8c2355de4314" testListId="8c84fa94-04c1-424b-9868-57a2d4851a1d" />
    <TestEntry testId="b9fd46b5-4626-f3cd-bb11-d3d09ef904e4" executionId="8ae11537-5570-43ae-b6e5-4480d334b74b" testListId="8c84fa94-04c1-424b-9868-57a2d4851a1d" />
    <TestEntry testId="bab93624-9701-4d27-3151-c1bf509e95c1" executionId="a53fecc7-c32e-40d4-9bf2-b68894e96946" testListId="8c84fa94-04c1-424b-9868-57a2d4851a1d" />
    <TestEntry testId="bb119d3a-e948-8bb7-862b-ef22cd5e5418" executionId="aaa68acc-b433-417b-89c5-28f68832c0d5" testListId="8c84fa94-04c1-424b-9868-57a2d4851a1d" />
    <TestEntry testId="bbf04cdd-f777-915a-4f82-d89d0fb3c21c" executionId="b9c5ce32-d788-4b84-a2cf-b68f80ddb643" testListId="8c84fa94-04c1-424b-9868-57a2d4851a1d" />
    <TestEntry testId="bc086558-20df-1a67-5cff-56823f0eb575" executionId="bd3ffaf7-69c9-488d-9d33-dc6b7d60b737" testListId="8c84fa94-04c1-424b-9868-57a2d4851a1d" />
    <TestEntry testId="bc6fbc6a-1040-2a7b-d37a-1937b6e2fa50" executionId="3a7dfe3b-d1c2-4a99-949c-9fae93f0badf" testListId="8c84fa94-04c1-424b-9868-57a2d4851a1d" />
    <TestEntry testId="bcd1f511-94b6-a2b6-4c0d-819d27a24411" executionId="c17a0989-776c-4e4d-a2f4-a2a199c6002a" testListId="8c84fa94-04c1-424b-9868-57a2d4851a1d" />
    <TestEntry testId="bdb05735-8cd1-a75d-4d6a-dc0c0dcde2a9" executionId="137b14a0-5e72-4ba6-8022-16ca7caa0ec8" testListId="8c84fa94-04c1-424b-9868-57a2d4851a1d" />
    <TestEntry testId="bde72f4f-f66e-49e5-5a7f-f0f6283a032f" executionId="af9b4d99-343b-4793-8fde-8a763ff28ebf" testListId="8c84fa94-04c1-424b-9868-57a2d4851a1d" />
    <TestEntry testId="be2975a5-16cf-8b54-0e33-59e4bc6c38a6" executionId="b70a30e9-3931-4cec-80dd-750ccc11cb97" testListId="8c84fa94-04c1-424b-9868-57a2d4851a1d" />
    <TestEntry testId="beb08e30-b8b0-b48e-c515-c7a8586c6e54" executionId="34c71c06-896c-4be5-9e16-c2edc603d8a2" testListId="8c84fa94-04c1-424b-9868-57a2d4851a1d" />
    <TestEntry testId="bf3337bc-4ebe-14d7-ffa9-91df711ba6a0" executionId="d253d143-492f-4cc2-b583-f49f69edb7d7" testListId="8c84fa94-04c1-424b-9868-57a2d4851a1d" />
    <TestEntry testId="bf901687-526e-3c4f-d25d-5f1eb0ec55f2" executionId="71d4a60b-786c-47a3-a556-a34000a45606" testListId="8c84fa94-04c1-424b-9868-57a2d4851a1d" />
    <TestEntry testId="c1679918-c36e-2cbe-87a9-96506a9b38f9" executionId="ce07a40d-4a00-495c-aa01-ecb2da2fed03" testListId="8c84fa94-04c1-424b-9868-57a2d4851a1d" />
    <TestEntry testId="c17e6f29-704e-75d9-e266-2faaf40f3e21" executionId="b8ac67c2-3c29-4422-891a-599f26e8cd48" testListId="8c84fa94-04c1-424b-9868-57a2d4851a1d" />
    <TestEntry testId="c27245e1-4f05-55df-8c6f-e38fa3d47902" executionId="107963d6-7712-444e-b9ce-5f7f357197e3" testListId="8c84fa94-04c1-424b-9868-57a2d4851a1d" />
    <TestEntry testId="c2878fbd-4540-66f8-af38-853465e7a6aa" executionId="de61cb1c-7cf5-4b41-832f-8402b75bb52b" testListId="8c84fa94-04c1-424b-9868-57a2d4851a1d" />
    <TestEntry testId="c37440e9-11a5-99b5-8db4-69844a9128f1" executionId="0da61404-00df-4310-8b91-2d44f89dff1c" testListId="8c84fa94-04c1-424b-9868-57a2d4851a1d" />
    <TestEntry testId="c40068e0-385e-bf45-abe2-9f61f6d3993f" executionId="3c64ab26-e5f9-41de-bfdf-95327772d492" testListId="8c84fa94-04c1-424b-9868-57a2d4851a1d" />
    <TestEntry testId="c6a2f7ad-0298-580e-2fa3-bbb6c9b28898" executionId="af65b71b-b7ed-4615-9350-93a5738683ce" testListId="8c84fa94-04c1-424b-9868-57a2d4851a1d" />
    <TestEntry testId="c6f9c8d4-b42f-f506-2486-8ec3f82f78d3" executionId="4ed77f66-95e2-4a49-900b-42bc827fa5b0" testListId="8c84fa94-04c1-424b-9868-57a2d4851a1d" />
    <TestEntry testId="c736d05f-3776-7117-cc83-8e6ae9b75cf4" executionId="4fb288ea-6592-4cce-b787-cec563012812" testListId="8c84fa94-04c1-424b-9868-57a2d4851a1d" />
    <TestEntry testId="c9059140-bd68-daef-e19b-ffc08869ca24" executionId="014a62e8-9e18-486c-9291-75cbbb304347" testListId="8c84fa94-04c1-424b-9868-57a2d4851a1d" />
    <TestEntry testId="c928c59c-16e9-64be-3633-321da85248bf" executionId="f9bb50ce-c340-4958-9406-c4b5e3d1403c" testListId="8c84fa94-04c1-424b-9868-57a2d4851a1d" />
    <TestEntry testId="c931a490-990c-5326-1530-0428c428a145" executionId="d3da28bb-ec95-4198-8c42-eca2d0aac186" testListId="8c84fa94-04c1-424b-9868-57a2d4851a1d" />
    <TestEntry testId="c96dfb21-7af5-153f-a5d2-8445e5fcca59" executionId="2f67d784-0965-4da0-add7-8c4b63a4e96b" testListId="8c84fa94-04c1-424b-9868-57a2d4851a1d" />
    <TestEntry testId="cab5d754-b046-c047-88d8-b763f582d340" executionId="a49492ff-eef2-4fab-9326-59230735bbec" testListId="8c84fa94-04c1-424b-9868-57a2d4851a1d" />
    <TestEntry testId="cb0676d4-b73b-00c6-8824-aa32bdf40010" executionId="de82780d-4abd-4d6f-ac35-df090860f5b8" testListId="8c84fa94-04c1-424b-9868-57a2d4851a1d" />
    <TestEntry testId="cb68f00e-cb19-bf47-0657-80219e1c9cfa" executionId="37a4591e-00c6-4187-8849-a5440ce1990c" testListId="8c84fa94-04c1-424b-9868-57a2d4851a1d" />
    <TestEntry testId="cb854ea1-43fe-4e51-b3cc-ba77c8dba841" executionId="0c26ee6e-8114-4a55-94ed-5c03d0786984" testListId="8c84fa94-04c1-424b-9868-57a2d4851a1d" />
    <TestEntry testId="cc6fe6c4-963e-60ba-9611-8e531f6502c5" executionId="4e45c33e-dedb-4b2a-a796-1bc58db4f3f3" testListId="8c84fa94-04c1-424b-9868-57a2d4851a1d" />
    <TestEntry testId="ccb6e01a-8e1d-d753-d587-f8c1f14a9dc4" executionId="fc7949e4-cfc2-4eb8-a4ce-9cc56e343f4b" testListId="8c84fa94-04c1-424b-9868-57a2d4851a1d" />
    <TestEntry testId="ccbeee50-2d58-025b-2df8-75ec6a26b781" executionId="8931afd4-65c3-41c3-93e6-61acb5487888" testListId="8c84fa94-04c1-424b-9868-57a2d4851a1d" />
    <TestEntry testId="cdf27cc7-0312-7eab-0024-7c2c609d9e03" executionId="fdeb48dc-2e54-4d92-8f47-c2e4954cb2d3" testListId="8c84fa94-04c1-424b-9868-57a2d4851a1d" />
    <TestEntry testId="ce459473-fe89-efb8-04f6-e4458eb5deac" executionId="cb09b2d9-6de0-42e5-b7b8-941094c49ca1" testListId="8c84fa94-04c1-424b-9868-57a2d4851a1d" />
    <TestEntry testId="ceeacb60-5ff3-0690-b3df-e29e915ef784" executionId="521dccf7-e7e7-4876-bbb0-be6757af6e5f" testListId="8c84fa94-04c1-424b-9868-57a2d4851a1d" />
    <TestEntry testId="cf88dd92-747e-1a79-8f2c-fc0e3f9b0004" executionId="892c729b-f6d8-42ab-8e53-d916222488f4" testListId="8c84fa94-04c1-424b-9868-57a2d4851a1d" />
    <TestEntry testId="cfd8c036-75a7-640f-488c-228d443acc6e" executionId="c379647a-885d-4cb4-acf6-4b0a0d15b42d" testListId="8c84fa94-04c1-424b-9868-57a2d4851a1d" />
    <TestEntry testId="d1a8787a-d877-64a2-00b1-470142ee8a14" executionId="3f72e74f-5e16-46ec-98cf-cc57354334f2" testListId="8c84fa94-04c1-424b-9868-57a2d4851a1d" />
    <TestEntry testId="d1b2634a-eb02-7f77-05de-c01ea104c115" executionId="b7f7fd44-6e40-475a-bcc9-28f8264dac3e" testListId="8c84fa94-04c1-424b-9868-57a2d4851a1d" />
    <TestEntry testId="d2623342-49bb-a1e6-2415-8d8bba2b7ac4" executionId="cad08b12-622b-4568-9523-545cc4264dd6" testListId="8c84fa94-04c1-424b-9868-57a2d4851a1d" />
    <TestEntry testId="d2ff731c-908c-96c5-902b-39b6c7e680d7" executionId="fb8430bc-bd08-438d-bdfb-25e08276dae1" testListId="8c84fa94-04c1-424b-9868-57a2d4851a1d" />
    <TestEntry testId="d3580286-a69a-cc57-bea0-cea793fc0992" executionId="d3841b4d-7296-48b4-9a86-e462006241e8" testListId="8c84fa94-04c1-424b-9868-57a2d4851a1d" />
    <TestEntry testId="d40feea3-8180-d822-1bc4-ef1286a37118" executionId="53c2b0ee-5995-4f01-afd1-176f4fe369b0" testListId="8c84fa94-04c1-424b-9868-57a2d4851a1d" />
    <TestEntry testId="d4992a93-c61f-e7a7-6c4a-4dd37d506f00" executionId="b3f7f0e8-dd7c-462a-a1fd-53732facba20" testListId="8c84fa94-04c1-424b-9868-57a2d4851a1d" />
    <TestEntry testId="d5a80f55-2074-60f0-99dc-1062cdfc3cee" executionId="31b16f48-17fc-4b1b-99fd-e20e49f12e87" testListId="8c84fa94-04c1-424b-9868-57a2d4851a1d" />
    <TestEntry testId="d5caf4bd-ddf9-d011-d96d-760e6d607d73" executionId="128f6e5e-dd08-4b99-b445-e7342d443d79" testListId="8c84fa94-04c1-424b-9868-57a2d4851a1d" />
    <TestEntry testId="d6a986e5-8b98-e2f2-cef0-92190831ed08" executionId="68664d17-9e15-49e6-bd21-f47ea8d1bfbb" testListId="8c84fa94-04c1-424b-9868-57a2d4851a1d" />
    <TestEntry testId="d6d7a27e-0988-cf60-1910-ee6f0eb6cf75" executionId="53e22845-add6-40ac-84eb-4d7adf62ffc8" testListId="8c84fa94-04c1-424b-9868-57a2d4851a1d" />
    <TestEntry testId="d708e39f-77d8-94a9-244f-7004fb181d58" executionId="0e1e1f61-f5b4-484b-b957-a8995a44fb9f" testListId="8c84fa94-04c1-424b-9868-57a2d4851a1d" />
    <TestEntry testId="d71a2e75-d02d-d52f-f44c-1c08c736ccf3" executionId="47ea397e-223c-4e6b-9cd2-48310f59b235" testListId="8c84fa94-04c1-424b-9868-57a2d4851a1d" />
    <TestEntry testId="d7c03cb5-500e-d7d9-da0b-0be2f4981b03" executionId="962b2dc7-a11a-41ab-bcf6-f7aa6ca34d9e" testListId="8c84fa94-04c1-424b-9868-57a2d4851a1d" />
    <TestEntry testId="d9bcf618-cd6c-c93c-87f9-e64f86f63590" executionId="e7da9d09-9675-4c18-9c09-75d7cbe5aee3" testListId="8c84fa94-04c1-424b-9868-57a2d4851a1d" />
    <TestEntry testId="d9f16886-57f7-8858-0bb0-758babcd4a82" executionId="e7330b5b-adc7-4007-9abc-94947e5571b3" testListId="8c84fa94-04c1-424b-9868-57a2d4851a1d" />
    <TestEntry testId="da9d278a-cb0f-a51b-e352-ed20685028b9" executionId="0794dd35-e283-4354-a008-f0f22ca1e9f6" testListId="8c84fa94-04c1-424b-9868-57a2d4851a1d" />
    <TestEntry testId="db7e1c98-1137-e435-bbb3-bf8f5402bfbf" executionId="d87fbc65-44de-482e-83b8-b96eabd86d2f" testListId="8c84fa94-04c1-424b-9868-57a2d4851a1d" />
    <TestEntry testId="dba83ae6-c977-93af-bca8-afb2188d9d55" executionId="37fca3e5-b23e-4eeb-a868-e8563a0e207e" testListId="8c84fa94-04c1-424b-9868-57a2d4851a1d" />
    <TestEntry testId="dc17c55e-f745-25bd-9dae-5c78f5bb2176" executionId="98014fc0-7fb2-4bb8-95d6-a5fb0a289ae8" testListId="8c84fa94-04c1-424b-9868-57a2d4851a1d" />
    <TestEntry testId="dd5a8b39-7328-3edd-3658-5787ac153d19" executionId="deb2dc56-6565-420e-9944-4e354ab7a22f" testListId="8c84fa94-04c1-424b-9868-57a2d4851a1d" />
    <TestEntry testId="dde12295-d4b5-9724-4e8c-04bf282ca24f" executionId="cf3a310b-8602-4a60-916f-5b9e5f67d60e" testListId="8c84fa94-04c1-424b-9868-57a2d4851a1d" />
    <TestEntry testId="de04a58d-71f5-e1d1-1d14-e423a290a69c" executionId="a46d75ea-c8cc-4755-b696-477828f7e63b" testListId="8c84fa94-04c1-424b-9868-57a2d4851a1d" />
    <TestEntry testId="dea2dc86-55fc-7dd0-68c2-4ac2d970ca43" executionId="b71d588b-aea5-4f49-a7de-d3aaf1fddcd4" testListId="8c84fa94-04c1-424b-9868-57a2d4851a1d" />
    <TestEntry testId="dfd17420-5a13-5744-e6d4-81c04e097642" executionId="c92c1c38-cdaf-49b7-92f3-fa26b2a78112" testListId="8c84fa94-04c1-424b-9868-57a2d4851a1d" />
    <TestEntry testId="e020cadd-bd50-d44d-30aa-ba2f497b2887" executionId="69dd7411-7b82-48bc-ab86-14d90ff0bf0b" testListId="8c84fa94-04c1-424b-9868-57a2d4851a1d" />
    <TestEntry testId="e02e0a67-6c2d-0c94-cb65-8df5b3dc5cea" executionId="814873e3-e99b-4338-88df-cde83bcd1812" testListId="8c84fa94-04c1-424b-9868-57a2d4851a1d" />
    <TestEntry testId="e174714d-b5ae-6791-7e05-a6dae00c0681" executionId="566ecb44-0ca2-4fc6-aa56-751265aaecd2" testListId="8c84fa94-04c1-424b-9868-57a2d4851a1d" />
    <TestEntry testId="e23387f5-cbe9-d2c5-d12c-23a1dbe2d390" executionId="c7ead480-42c6-4893-8edf-06ae1bcbfa1f" testListId="8c84fa94-04c1-424b-9868-57a2d4851a1d" />
    <TestEntry testId="e2347588-3d57-efa9-6d83-3dfd95e9941d" executionId="7ae0e215-009c-4e2f-93fa-65d4fff09bf3" testListId="8c84fa94-04c1-424b-9868-57a2d4851a1d" />
    <TestEntry testId="e27be593-1d5d-4e60-f221-5154b5c9193c" executionId="bae75def-a502-46bb-8127-f204a8c2c303" testListId="8c84fa94-04c1-424b-9868-57a2d4851a1d" />
    <TestEntry testId="e337de86-0746-0ac2-0c5c-30365e74f01b" executionId="32f7b57a-2ce1-4434-88b8-d4aab7090517" testListId="8c84fa94-04c1-424b-9868-57a2d4851a1d" />
    <TestEntry testId="e3b5610a-399f-d019-a8c3-fe5f24d0c8a6" executionId="1a3c1221-2790-4ec4-b167-a5ec44735d06" testListId="8c84fa94-04c1-424b-9868-57a2d4851a1d" />
    <TestEntry testId="e3f85f2f-8bca-7a73-722e-520143b3f21d" executionId="f7a02d74-b29e-48dd-911f-faa39f24a8be" testListId="8c84fa94-04c1-424b-9868-57a2d4851a1d" />
    <TestEntry testId="e4b047bc-e01c-35c0-ab7e-ab1c5de8674f" executionId="51751cb8-3712-4eaa-9c06-b8275419b599" testListId="8c84fa94-04c1-424b-9868-57a2d4851a1d" />
    <TestEntry testId="e4e7695e-eb86-2e17-0da3-82500c958fe2" executionId="02374487-05ac-4b30-b0e6-75a117722268" testListId="8c84fa94-04c1-424b-9868-57a2d4851a1d" />
    <TestEntry testId="e4f43342-50bf-4878-e3d3-5afdaa2ddd37" executionId="2b3733fe-36dc-4b60-a2a1-12ab53cb5113" testListId="8c84fa94-04c1-424b-9868-57a2d4851a1d" />
    <TestEntry testId="e64170f8-e36a-c642-d97d-54b6bb0553a6" executionId="6200029a-b2a7-46c6-8903-825261923b4c" testListId="8c84fa94-04c1-424b-9868-57a2d4851a1d" />
    <TestEntry testId="e7af5983-4779-41b6-14d3-f05ee86282c2" executionId="bf3cedb9-1e52-40f7-ac37-1e96318984a0" testListId="8c84fa94-04c1-424b-9868-57a2d4851a1d" />
    <TestEntry testId="e8b1e8f2-7674-bb72-605f-9a7a2bc1bfee" executionId="1e9e67ab-da46-4e32-8164-5e0d778a6390" testListId="8c84fa94-04c1-424b-9868-57a2d4851a1d" />
    <TestEntry testId="e97e5cde-c25e-cb0e-69db-a3582bc2ca43" executionId="30c7e9d2-5d2b-44c2-9bc5-e07095dbd1cd" testListId="8c84fa94-04c1-424b-9868-57a2d4851a1d" />
    <TestEntry testId="e9b80469-e28c-1b2c-5a36-980b3cb0f728" executionId="9e99be9c-efa8-4077-aa73-929ac8d33489" testListId="8c84fa94-04c1-424b-9868-57a2d4851a1d" />
    <TestEntry testId="ea022a26-3382-db95-b68b-60ac6f18deb0" executionId="63f517fa-cd00-4d7c-b68c-70d5f2c42843" testListId="8c84fa94-04c1-424b-9868-57a2d4851a1d" />
    <TestEntry testId="eb042ce3-5f20-3d74-ebeb-88f3067e39ea" executionId="ae2f3261-a5ac-41d3-8868-dd377773df2b" testListId="8c84fa94-04c1-424b-9868-57a2d4851a1d" />
    <TestEntry testId="ecaad254-0b1d-a420-c28a-c8ca0ba7c959" executionId="78c1479c-32bb-48db-8e37-07257cc5f8a8" testListId="8c84fa94-04c1-424b-9868-57a2d4851a1d" />
    <TestEntry testId="ecabc92d-2f24-55b0-b16a-755e692c4e1a" executionId="4ffca104-af63-4597-9ee4-4c4f991fc115" testListId="8c84fa94-04c1-424b-9868-57a2d4851a1d" />
    <TestEntry testId="ecd27a0e-9f35-c43e-8c11-1b73255aae3c" executionId="e00a6713-22a6-4a2a-9d8d-3e8c086e45b8" testListId="8c84fa94-04c1-424b-9868-57a2d4851a1d" />
    <TestEntry testId="eda2ca79-f409-f699-6d33-a3da45e5d953" executionId="f4ba1d1f-eb37-4289-b072-516db71367ea" testListId="8c84fa94-04c1-424b-9868-57a2d4851a1d" />
    <TestEntry testId="edb7a5b7-9d9c-7fee-8224-ff9d0e654bf2" executionId="fd41306a-a38a-4d06-9339-0839beb22b8c" testListId="8c84fa94-04c1-424b-9868-57a2d4851a1d" />
    <TestEntry testId="ee5f9022-6777-7fb2-dcc5-530f17ab50c0" executionId="5630ce04-3007-4af7-b49a-2a5077346563" testListId="8c84fa94-04c1-424b-9868-57a2d4851a1d" />
    <TestEntry testId="ef762903-5f73-156d-4c6c-edbea7a556ad" executionId="63f4377a-74db-452f-9d83-f0e7231282e0" testListId="8c84fa94-04c1-424b-9868-57a2d4851a1d" />
    <TestEntry testId="f07288f5-2f3d-e939-3514-a642579a478e" executionId="71ccda72-f051-47de-a21f-a385d1be0729" testListId="8c84fa94-04c1-424b-9868-57a2d4851a1d" />
    <TestEntry testId="f0936119-968f-f4d0-680f-3a810a2a1183" executionId="4bc83293-f7ad-4ef9-9f33-5951ec90919e" testListId="8c84fa94-04c1-424b-9868-57a2d4851a1d" />
    <TestEntry testId="f376c1cb-6c7e-6565-2dae-0872021038a2" executionId="cde85e30-4ac8-4bbf-a1fe-8cc64a0c8073" testListId="8c84fa94-04c1-424b-9868-57a2d4851a1d" />
    <TestEntry testId="f384b49a-3778-3092-73a3-70a68b63c811" executionId="db4e3861-fc95-45bd-851e-7422114275a5" testListId="8c84fa94-04c1-424b-9868-57a2d4851a1d" />
    <TestEntry testId="f50b51cf-39fa-28c4-720a-03db16299af8" executionId="836aee56-64c0-49fa-b05c-6cb75f52f44f" testListId="8c84fa94-04c1-424b-9868-57a2d4851a1d" />
    <TestEntry testId="f537791f-903e-76d6-5080-80a4dc15bac2" executionId="3a14e358-640a-4c36-a7d7-ef4aa5d072e1" testListId="8c84fa94-04c1-424b-9868-57a2d4851a1d" />
    <TestEntry testId="f55d90a1-1701-8dfe-c19c-fedfde1208d9" executionId="bc5206bb-56ec-435f-81bb-b8ad66628259" testListId="8c84fa94-04c1-424b-9868-57a2d4851a1d" />
    <TestEntry testId="f58b52d0-5450-8dbe-40cd-ee9f7307e372" executionId="c13a8349-790f-45e0-b2c9-acc881f23a84" testListId="8c84fa94-04c1-424b-9868-57a2d4851a1d" />
    <TestEntry testId="f6ab254b-b89e-8f66-b003-59dd11d22e62" executionId="f9775018-3d34-4539-941a-4836903eab28" testListId="8c84fa94-04c1-424b-9868-57a2d4851a1d" />
    <TestEntry testId="f6c04c30-f707-2281-f731-8598fcdc8f9b" executionId="aa50c7d2-62ab-4419-90c0-dac17d1731d3" testListId="8c84fa94-04c1-424b-9868-57a2d4851a1d" />
    <TestEntry testId="f781ffff-ff93-71bc-5f5f-c8442c8a1cc0" executionId="2333746b-a717-490b-b326-9dce49a7fd1a" testListId="8c84fa94-04c1-424b-9868-57a2d4851a1d" />
    <TestEntry testId="f8f00cb1-b7c7-8a4f-6936-45675a68da47" executionId="24f08f3b-7668-44f5-bba1-22b11221c441" testListId="8c84fa94-04c1-424b-9868-57a2d4851a1d" />
    <TestEntry testId="f90684a7-a79c-7fc4-62c1-2b02b1a46484" executionId="f98bba43-ff6c-487d-b3e9-a2709af9fb22" testListId="8c84fa94-04c1-424b-9868-57a2d4851a1d" />
    <TestEntry testId="f90c4160-5714-951f-7521-1af6d342eb17" executionId="b51b1eea-4903-4ff6-ab98-9117421a5a7c" testListId="8c84fa94-04c1-424b-9868-57a2d4851a1d" />
    <TestEntry testId="fb8dd2a9-a240-beb6-bd3d-66e4ba26b2aa" executionId="793eacf0-12c7-4381-9bc9-fd8e7a5f2448" testListId="8c84fa94-04c1-424b-9868-57a2d4851a1d" />
    <TestEntry testId="fc8d00d7-7a7a-f0f3-a11d-98015016e42e" executionId="76db3ea1-5e1a-427c-8741-bfa056818544" testListId="8c84fa94-04c1-424b-9868-57a2d4851a1d" />
    <TestEntry testId="fc8e027e-d84b-5121-34bf-469313af48e4" executionId="cd381b0a-f483-4021-9271-042cf2e2945d" testListId="8c84fa94-04c1-424b-9868-57a2d4851a1d" />
    <TestEntry testId="fdbcf997-f735-49dd-2d86-a367fe3813bc" executionId="df5657b4-dda0-49cf-b62c-e4b9b1fdbcf2" testListId="8c84fa94-04c1-424b-9868-57a2d4851a1d" />
    <TestEntry testId="fe73d6a0-344d-935f-fa47-83db37554a24" executionId="092a2c9a-f05a-4d14-8a72-8c6278a127d8" testListId="8c84fa94-04c1-424b-9868-57a2d4851a1d" />
    <TestEntry testId="fe850dae-beb0-69bb-1831-4463cca49bfb" executionId="705116e5-2061-4a89-a05b-b1878e15b6a5" testListId="8c84fa94-04c1-424b-9868-57a2d4851a1d" />
    <TestEntry testId="fed9e610-805c-d98a-9231-d2a52d8e3441" executionId="21312e3a-8437-4d75-8ab1-b75280bc14f2" testListId="8c84fa94-04c1-424b-9868-57a2d4851a1d" />
  </TestEntries>
  <Results>
    <UnitTestResult executionId="c921c947-8029-4843-b42f-4c7a0a41935a" testId="019bd56c-e56a-79a5-09bc-547b99ed981b" testName="listarOrdenDeComprasTest" computerName="DIEGO-PC" duration="00:00:00.1342678" startTime="2012-11-19T01:14:07.1237745-03:00" endTime="2012-11-19T01:14:07.5637997-03:00" testType="13cdc9d9-ddb5-4fa4-a97d-d965ccfc6d4b" outcome="Passed" testListId="8c84fa94-04c1-424b-9868-57a2d4851a1d" relativeResultsDirectory="c921c947-8029-4843-b42f-4c7a0a41935a">
      <Output>
        <StdOut>Save/Update: select * from OrdenDeCompra; select * from documento_movimiento; select * from LineaOrdenDeCompra WHERE borrado = 0
Save/Update: select * from LineaOrdenDeCompra WHERE  LineaOrdenDeCompra.nro_orden_compra=1  AND  LineaOrdenDeCompra.tipo_orden_compra='A' AND  LineaOrdenDeCompra.nro_sucursal=1  
Save/Update: select * from insumo WHERE  insumo.cod_insumo=1  
Save/Update: select * from insumo WHERE  insumo.cod_insumo=2  
Save/Update: select * from Proveedor WHERE  Proveedor.id_proveedor=1  
Save/Update: select * from MovimientosCuenta JOIN documento_movimiento AS documento ON MovimientosCuenta.nro_movimiento=documento.nro_movimiento JOIN proveedor_movimientos AS proveedor ON MovimientosCuenta.nro_movimiento=proveedor.nro_movimiento WHERE documento.nro_Doc=3  AND proveedor.id_proveedor IS NOT  NULL ; select * from proveedor_movimientos; select * from documento_movimiento
Save/Update: select * from LineaOrdenDeCompra WHERE  LineaOrdenDeCompra.nro_orden_compra=2  AND  LineaOrdenDeCompra.tipo_orden_compra='B' AND  LineaOrdenDeCompra.nro_sucursal=1  
Save/Update: select * from insumo WHERE  insumo.cod_insumo=1  
Save/Update: select * from insumo WHERE  insumo.cod_insumo=1  
Save/Update: select * from Proveedor WHERE  Proveedor.id_proveedor=1  
Save/Update: select * from MovimientosCuenta JOIN documento_movimiento AS documento ON MovimientosCuenta.nro_movimiento=documento.nro_movimiento JOIN proveedor_movimientos AS proveedor ON MovimientosCuenta.nro_movimiento=proveedor.nro_movimiento WHERE documento.nro_Doc=4  AND proveedor.id_proveedor IS NOT  NULL ; select * from proveedor_movimientos; select * from documento_movimiento
Save/Update: DELETE LineaOrdenDeCompra WHERE nro_orden_compra=2  AND nro_sucursal=1  AND tipo_orden_compra='A' AND nro_linea=1  
Save/Update: DELETE LineaOrdenDeCompra WHERE nro_orden_compra=2  AND nro_sucursal=1  AND tipo_orden_compra='A' AND nro_linea=2  
Save/Update: DELETE proveedor_movimientos where nro_movimiento=4  ; DELETE documento_movimiento where nro_movimiento=4  ; ;DELETE MovimientosCuenta WHERE nro_movimiento=4  
Save/Update: DELETE FROM OrdenDeCompra WHERE nro_Doc =5
Save/Update: delete documento where nro_doc=5</StdOut>
      </Output>
    </UnitTestResult>
    <UnitTestResult executionId="463248b6-812b-4c0e-8cc2-cc4b51049f5a" testId="019cc466-e1e2-1876-80d0-8bd0f4668b2f" testName="borrarDiseñoInsumoTest" computerName="DIEGO-PC" duration="00:00:00.0100463" startTime="2012-11-19T01:14:07.5708001-03:00" endTime="2012-11-19T01:14:07.5898012-03:00" testType="13cdc9d9-ddb5-4fa4-a97d-d965ccfc6d4b" outcome="Passed" testListId="8c84fa94-04c1-424b-9868-57a2d4851a1d" relativeResultsDirectory="463248b6-812b-4c0e-8cc2-cc4b51049f5a">
      <Output>
        <StdOut>Save/Update: INSERT INTO Diseño_insumos (cod_diseño, cod_insumo, cantidad) VALUES (2 , 1 , 5.5); 
Save/Update: select * from Diseño_insumos
Save/Update: DELETE Diseño_insumos WHERE cod_diseño=2  AND cod_insumo=1  
Save/Update: select * from Diseño_insumos
Save/Update: DELETE Diseño_insumos WHERE cod_diseño=2  AND cod_insumo=1</StdOut>
      </Output>
    </UnitTestResult>
    <UnitTestResult executionId="920fa509-56c2-4f46-9d8c-bc775fc8ca5f" testId="0321ef45-ca6a-c46f-356f-5dff04b055f8" testName="listarMovimientosPorNroTest" computerName="DIEGO-PC" duration="00:00:00.0389111" startTime="2012-11-19T01:14:07.5928013-03:00" endTime="2012-11-19T01:14:07.6388040-03:00" testType="13cdc9d9-ddb5-4fa4-a97d-d965ccfc6d4b" outcome="Passed" testListId="8c84fa94-04c1-424b-9868-57a2d4851a1d" relativeResultsDirectory="920fa509-56c2-4f46-9d8c-bc775fc8ca5f">
      <Output>
        <StdOut>Save/Update: select * from MovimientosCuenta JOIN cliente_movimientos AS cliente ON MovimientosCuenta.nro_movimiento=cliente.nro_movimiento WHERE  MovimientosCuenta.nro_movimiento=1  AND cliente.id_cliente IS NOT  NULL ; select * from cliente_movimientos; select * from documento_movimiento
Save/Update: select * from Cliente WHERE  Cliente.id_cliente=1  ; select * from cliente_movimientos; select * from Pedido WHERE borrado = 0; select * from Factura WHERE borrado = 0; select * from Diseño WHERE borrado = 0
Save/Update: select * from Usuario WHERE  Usuario.usuarioID=1  ; select * from JoinUsuarioToFamilia; select * from JoinPatenteToUsuario
Save/Update: select * from Familia JOIN JoinUsuarioToFamilia AS usuarios ON Familia.familiaID=usuarios.familiaID WHERE usuarios.usuarioID=1  ; select * from JoinFamiliaToPatente
Save/Update: select * from Patente JOIN JoinPatenteToUsuario AS usuario ON Patente.patenteId=usuario.patenteId WHERE usuario.usuarioID=1  
Save/Update: select * from Cliente WHERE  Cliente.usuarioID=1  ; select * from cliente_movimientos; select * from Pedido WHERE borrado = 0; select * from Factura WHERE borrado = 0; select * from Diseño WHERE borrado = 0
Save/Update: select * from Diseño WHERE  Diseño.id_cliente=1  ; select * from historico_estados_diseño WHERE borrado = 0
Save/Update: select * from Factura WHERE  Factura.id_cliente=1  ; select * from documento_movimiento; select * from LineaFactura WHERE borrado = 0
Save/Update: select * from Pedido WHERE  Pedido.id_cliente=1  ; select * from produccion WHERE borrado = 0; select * from historico_estados_pedido WHERE borrado = 0
Save/Update: select * from MovimientosCuenta JOIN cliente_movimientos AS cliente ON MovimientosCuenta.nro_movimiento=cliente.nro_movimiento WHERE cliente.id_cliente=1  AND cliente.id_cliente IS NOT  NULL ; select * from cliente_movimientos; select * from documento_movimiento
Save/Update: select * from Factura WHERE  Factura.nro_Doc=1  ; select * from documento_movimiento; select * from LineaFactura WHERE borrado = 0
Save/Update: select * from tipoMovimiento WHERE  tipoMovimiento.tipoMovimientoID=1  
Save/Update: select * from Cuenta WHERE  Cuenta.cuentaID=1  
Save/Update: DELETE cliente_movimientos where nro_movimiento=4  ; DELETE documento_movimiento where nro_movimiento=4  ; ;DELETE MovimientosCuenta WHERE nro_movimiento=4</StdOut>
      </Output>
    </UnitTestResult>
    <UnitTestResult executionId="9b3000d6-dba6-431d-a861-df7233ddc140" testId="036044ea-8d05-b58f-21af-2b8c451629d2" testName="listarProduccionPorFechasTest" computerName="DIEGO-PC" duration="00:00:00.0287207" startTime="2012-11-19T01:14:07.6408041-03:00" endTime="2012-11-19T01:14:07.6758061-03:00" testType="13cdc9d9-ddb5-4fa4-a97d-d965ccfc6d4b" outcome="Passed" testListId="8c84fa94-04c1-424b-9868-57a2d4851a1d" relativeResultsDirectory="9b3000d6-dba6-431d-a861-df7233ddc140">
      <Output>
        <StdOut>Save/Update: select * from produccion WHERE  produccion.fechaInicio&gt;= CAST('09/10/2012 09:00:00.000'  AS DateTime) AND  produccion.fechaInicio&lt;= CAST('09/10/2012 14:00:00.000'  AS DateTime) AND  produccion.fechaFinal&gt;= CAST('09/10/2012 12:00:00.000'  AS DateTime) AND  produccion.fechaFinal&lt;= CAST('09/10/2012 14:00:00.000'  AS DateTime) ; select * from historico_estados_produccion WHERE borrado = 0
Save/Update: select * from Pedido WHERE  Pedido.cod_pedido=1  ; select * from produccion WHERE borrado = 0; select * from historico_estados_pedido WHERE borrado = 0
Save/Update: select * from Maquina WHERE  Maquina.cod_maquina=1  ; select * from JoinMaquinaToTipoPrenda
Save/Update: select * from Articulos WHERE  Articulos.cod_articulo=1  ; select * from lista_precios WHERE borrado = 0
Save/Update: select * from EstadoTrabajos WHERE  EstadoTrabajos.cod_estado=3  
Save/Update: select * from historico_estados_produccion WHERE  historico_estados_produccion.cod_produccion=1  
Save/Update: select * from produccion_operador WHERE  produccion_operador.cod_prodcuccion=1  
Save/Update: DELETE produccion_operador WHERE id_operador=2  AND cod_prodcuccion=7  
Save/Update: DELETE historico_estados_produccion WHERE nro_estado=1  AND cod_produccion=7  
Save/Update: DELETE historico_estados_produccion WHERE nro_estado=2  AND cod_produccion=7  
Save/Update: DELETE produccion WHERE cod_produccion=7</StdOut>
      </Output>
    </UnitTestResult>
    <UnitTestResult executionId="3007550c-02b7-43de-aec2-befb59d9e3e5" testId="046d8853-4c4a-6ed7-e6b4-7cfe78d48668" testName="listarOrdenDeComprasPorMovimientoTest" computerName="DIEGO-PC" duration="00:00:00.0087497" startTime="2012-11-19T01:14:07.6798063-03:00" endTime="2012-11-19T01:14:07.6938071-03:00" testType="13cdc9d9-ddb5-4fa4-a97d-d965ccfc6d4b" outcome="Passed" testListId="8c84fa94-04c1-424b-9868-57a2d4851a1d" relativeResultsDirectory="3007550c-02b7-43de-aec2-befb59d9e3e5">
      <Output>
        <StdOut>Save/Update: select * from OrdenDeCompra WHERE  OrdenDeCompra.nro_Doc=3  ; select * from documento_movimiento; select * from LineaOrdenDeCompra WHERE borrado = 0
Save/Update: select * from LineaOrdenDeCompra WHERE  LineaOrdenDeCompra.nro_orden_compra=1  AND  LineaOrdenDeCompra.tipo_orden_compra='A' AND  LineaOrdenDeCompra.nro_sucursal=1  
Save/Update: select * from insumo WHERE  insumo.cod_insumo=1  
Save/Update: select * from insumo WHERE  insumo.cod_insumo=2  
Save/Update: select * from Proveedor WHERE  Proveedor.id_proveedor=1  
Save/Update: select * from MovimientosCuenta JOIN documento_movimiento AS documento ON MovimientosCuenta.nro_movimiento=documento.nro_movimiento JOIN proveedor_movimientos AS proveedor ON MovimientosCuenta.nro_movimiento=proveedor.nro_movimiento WHERE documento.nro_Doc=3  AND proveedor.id_proveedor IS NOT  NULL ; select * from proveedor_movimientos; select * from documento_movimiento
Save/Update: DELETE LineaOrdenDeCompra WHERE nro_orden_compra=2  AND nro_sucursal=1  AND tipo_orden_compra='A' AND nro_linea=1  
Save/Update: DELETE LineaOrdenDeCompra WHERE nro_orden_compra=2  AND nro_sucursal=1  AND tipo_orden_compra='A' AND nro_linea=2  
Save/Update: DELETE proveedor_movimientos where nro_movimiento=4  ; DELETE documento_movimiento where nro_movimiento=4  ; ;DELETE MovimientosCuenta WHERE nro_movimiento=4  
Save/Update: DELETE FROM OrdenDeCompra WHERE nro_Doc =5
Save/Update: delete documento where nro_doc=5</StdOut>
      </Output>
    </UnitTestResult>
    <UnitTestResult executionId="00b96652-5713-46c7-831d-a539ea7f77b7" testId="049d0f88-7bdd-159e-dcba-5d96f972e9a7" testName="cargarUsuariosTest" computerName="DIEGO-PC" duration="00:00:00.0080242" startTime="2012-11-19T01:14:07.6958072-03:00" endTime="2012-11-19T01:14:07.7108081-03:00" testType="13cdc9d9-ddb5-4fa4-a97d-d965ccfc6d4b" outcome="Passed" testListId="8c84fa94-04c1-424b-9868-57a2d4851a1d" relativeResultsDirectory="00b96652-5713-46c7-831d-a539ea7f77b7">
      <Output>
        <StdOut>Save/Update: select * from Usuario; select * from JoinUsuarioToFamilia; select * from JoinPatenteToUsuario
Save/Update: DELETE JoinUsuarioToFamilia where usuarioID=6  ; DELETE JoinPatenteToUsuario where usuarioID=6  ; ;DELETE Usuario WHERE usuarioID=6  
Save/Update: UPDATE Usuario SET nombre='nombre5', apellido='apellido5', mail='mail5@test.com', password='pas5', telefonoFijo='5555-5555', telefonoMovil='5555-5555', bloqueado=0  WHERE usuarioID=5  ; DELETE JoinUsuarioToFamilia where usuarioID=5  ; DELETE JoinPatenteToUsuario where usuarioID=5  ;</StdOut>
      </Output>
    </UnitTestResult>
    <UnitTestResult executionId="c2f24df3-583c-4213-87ef-4b7dd14bf74f" testId="04a946fc-19a1-d283-10d5-49de1068346e" testName="actualizarMovimientoTest" computerName="DIEGO-PC" duration="00:00:00.0364963" startTime="2012-11-19T01:14:07.7128082-03:00" endTime="2012-11-19T01:14:07.7578108-03:00" testType="13cdc9d9-ddb5-4fa4-a97d-d965ccfc6d4b" outcome="Passed" testListId="8c84fa94-04c1-424b-9868-57a2d4851a1d" relativeResultsDirectory="c2f24df3-583c-4213-87ef-4b7dd14bf74f">
      <Output>
        <StdOut>Save/Update: SELECT  ISNULL(MAX(nro_movimiento + 1),1) from MovimientosCuenta
Save/Update: INSERT INTO MovimientosCuenta (nro_movimiento, comentario, fecha, monto, cuentaID, tipoMovimientoID) VALUES (4 , 'com4',  CAST('19/11/2012 01:14:07.720'  AS DateTime), 33.3, 1 , 2 ); DELETE cliente_movimientos where nro_movimiento=4  ;  INSERT INTO cliente_movimientos ( nro_movimiento, id_cliente) VALUES ( 4 , 2 ); DELETE documento_movimiento where nro_movimiento=4  ; 
Save/Update: select * from MovimientosCuenta JOIN cliente_movimientos AS cliente ON MovimientosCuenta.nro_movimiento=cliente.nro_movimiento WHERE  MovimientosCuenta.nro_movimiento=4  AND cliente.id_cliente IS NOT  NULL ; select * from cliente_movimientos; select * from documento_movimiento
Save/Update: select * from Cliente WHERE  Cliente.id_cliente=2  ; select * from cliente_movimientos; select * from Pedido WHERE borrado = 0; select * from Factura WHERE borrado = 0; select * from Diseño WHERE borrado = 0
Save/Update: select * from Usuario WHERE  Usuario.usuarioID=2  ; select * from JoinUsuarioToFamilia; select * from JoinPatenteToUsuario
Save/Update: select * from Familia JOIN JoinUsuarioToFamilia AS usuarios ON Familia.familiaID=usuarios.familiaID WHERE usuarios.usuarioID=2  ; select * from JoinFamiliaToPatente
Save/Update: select * from Patente JOIN JoinFamiliaToPatente AS familia ON Patente.patenteId=familia.patenteId WHERE familia.familiaID=2  
Save/Update: select * from Patente JOIN JoinPatenteToUsuario AS usuario ON Patente.patenteId=usuario.patenteId WHERE usuario.usuarioID=2  
Save/Update: select * from Cliente WHERE  Cliente.usuarioID=2  ; select * from cliente_movimientos; select * from Pedido WHERE borrado = 0; select * from Factura WHERE borrado = 0; select * from Diseño WHERE borrado = 0
Save/Update: select * from Diseño WHERE  Diseño.id_cliente=2  ; select * from historico_estados_diseño WHERE borrado = 0
Save/Update: select * from Factura WHERE  Factura.id_cliente=2  ; select * from documento_movimiento; select * from LineaFactura WHERE borrado = 0
Save/Update: select * from Pedido WHERE  Pedido.id_cliente=2  ; select * from produccion WHERE borrado = 0; select * from historico_estados_pedido WHERE borrado = 0
Save/Update: select * from MovimientosCuenta JOIN cliente_movimientos AS cliente ON MovimientosCuenta.nro_movimiento=cliente.nro_movimiento WHERE cliente.id_cliente=2  AND cliente.id_cliente IS NOT  NULL ; select * from cliente_movimientos; select * from documento_movimiento
Save/Update: select * from tipoMovimiento WHERE  tipoMovimiento.tipoMovimientoID=2  
Save/Update: select * from Cuenta WHERE  Cuenta.cuentaID=1  
Save/Update: UPDATE MovimientosCuenta SET comentario='com4', fecha= CAST('19/11/2012 01:14:07.720'  AS DateTime), monto=33.3, cuentaID=1 , tipoMovimientoID=2  WHERE nro_movimiento=4  ; DELETE cliente_movimientos where nro_movimiento=4  ;  INSERT INTO cliente_movimientos ( nro_movimiento, id_cliente) VALUES ( 4 , 1 ); DELETE documento_movimiento where nro_movimiento=4  ; 
Save/Update: select * from MovimientosCuenta JOIN cliente_movimientos AS cliente ON MovimientosCuenta.nro_movimiento=cliente.nro_movimiento WHERE  MovimientosCuenta.nro_movimiento=4  AND cliente.id_cliente IS NOT  NULL ; select * from cliente_movimientos; select * from documento_movimiento
Save/Update: select * from Cliente WHERE  Cliente.id_cliente=1  ; select * from cliente_movimientos; select * from Pedido WHERE borrado = 0; select * from Factura WHERE borrado = 0; select * from Diseño WHERE borrado = 0
Save/Update: select * from Usuario WHERE  Usuario.usuarioID=1  ; select * from JoinUsuarioToFamilia; select * from JoinPatenteToUsuario
Save/Update: select * from Familia JOIN JoinUsuarioToFamilia AS usuarios ON Familia.familiaID=usuarios.familiaID WHERE usuarios.usuarioID=1  ; select * from JoinFamiliaToPatente
Save/Update: select * from Patente JOIN JoinPatenteToUsuario AS usuario ON Patente.patenteId=usuario.patenteId WHERE usuario.usuarioID=1  
Save/Update: select * from Cliente WHERE  Cliente.usuarioID=1  ; select * from cliente_movimientos; select * from Pedido WHERE borrado = 0; select * from Factura WHERE borrado = 0; select * from Diseño WHERE borrado = 0
Save/Update: select * from Diseño WHERE  Diseño.id_cliente=1  ; select * from historico_estados_diseño WHERE borrado = 0
Save/Update: select * from Factura WHERE  Factura.id_cliente=1  ; select * from documento_movimiento; select * from LineaFactura WHERE borrado = 0
Save/Update: select * from Pedido WHERE  Pedido.id_cliente=1  ; select * from produccion WHERE borrado = 0; select * from historico_estados_pedido WHERE borrado = 0
Save/Update: select * from MovimientosCuenta JOIN cliente_movimientos AS cliente ON MovimientosCuenta.nro_movimiento=cliente.nro_movimiento WHERE cliente.id_cliente=1  AND cliente.id_cliente IS NOT  NULL ; select * from cliente_movimientos; select * from documento_movimiento
Save/Update: select * from tipoMovimiento WHERE  tipoMovimiento.tipoMovimientoID=2  
Save/Update: select * from Cuenta WHERE  Cuenta.cuentaID=1  
Save/Update: DELETE cliente_movimientos where nro_movimiento=4  ; DELETE documento_movimiento where nro_movimiento=4  ; ;DELETE MovimientosCuenta WHERE nro_movimiento=4</StdOut>
      </Output>
    </UnitTestResult>
    <UnitTestResult executionId="b7e8bdf3-d192-4534-890e-c9b435c82b0f" testId="0533de1e-bd84-9f46-95b5-950bf92951b0" testName="modificarLineaTest" computerName="DIEGO-PC" duration="00:00:00.0100332" startTime="2012-11-19T01:14:07.7618110-03:00" endTime="2012-11-19T01:14:07.7788120-03:00" testType="13cdc9d9-ddb5-4fa4-a97d-d965ccfc6d4b" outcome="Passed" testListId="8c84fa94-04c1-424b-9868-57a2d4851a1d" relativeResultsDirectory="b7e8bdf3-d192-4534-890e-c9b435c82b0f">
      <Output>
        <StdOut>Save/Update: SELECT  ISNULL(MAX(nro_linea + 1),1) from LineaOrdenDeCompra WHERE nro_orden_compra=1 AND nro_sucursal=1 AND tipo_orden_compra='A'
Save/Update: INSERT INTO LineaOrdenDeCompra (nro_orden_compra, nro_sucursal, tipo_orden_compra, nro_linea, cod_producto, cantidad, precio, borrado) VALUES (1 , 1 , 'A', 3 , 3 , 33 , 33.3, 0 ); 
Save/Update: select * from LineaOrdenDeCompra WHERE  LineaOrdenDeCompra.nro_orden_compra=1  AND  LineaOrdenDeCompra.nro_linea=3  AND  LineaOrdenDeCompra.nro_sucursal=1  AND  LineaOrdenDeCompra.tipo_orden_compra='A' 
Save/Update: UPDATE LineaOrdenDeCompra SET cod_producto=3 , cantidad=33 , precio=10, borrado=0  WHERE nro_orden_compra=1  AND nro_sucursal=1  AND tipo_orden_compra='A' AND nro_linea=3  ; 
Save/Update: select * from LineaOrdenDeCompra WHERE  LineaOrdenDeCompra.nro_orden_compra=1  AND  LineaOrdenDeCompra.nro_linea=3  AND  LineaOrdenDeCompra.nro_sucursal=1  AND  LineaOrdenDeCompra.tipo_orden_compra='A' 
Save/Update: DELETE LineaOrdenDeCompra WHERE nro_orden_compra=1  AND nro_sucursal=1  AND tipo_orden_compra='A' AND nro_linea=3</StdOut>
      </Output>
    </UnitTestResult>
    <UnitTestResult executionId="cb42e48d-cb08-4187-8304-bdba06d3b5ad" testId="0619da45-f95c-9013-f779-f3a2e41e2ddd" testName="borrarUsuarioTest" computerName="DIEGO-PC" duration="00:00:00.0064183" startTime="2012-11-19T01:14:07.7808121-03:00" endTime="2012-11-19T01:14:07.7948129-03:00" testType="13cdc9d9-ddb5-4fa4-a97d-d965ccfc6d4b" outcome="Passed" testListId="8c84fa94-04c1-424b-9868-57a2d4851a1d" relativeResultsDirectory="cb42e48d-cb08-4187-8304-bdba06d3b5ad">
      <Output>
        <StdOut>Save/Update: INSERT INTO Usuario (usuarioID, nombre, apellido, mail, password, telefonoFijo, telefonoMovil, bloqueado) VALUES (6 , 'nombre6', 'apellido6', 'mail6@test.com', 'pas6', '6666-6666', '6666-6666', 0 ); DELETE JoinUsuarioToFamilia where usuarioID=6  ; DELETE JoinPatenteToUsuario where usuarioID=6  ; 
Save/Update: select * from Usuario WHERE  Usuario.usuarioID=6  ; select * from JoinUsuarioToFamilia; select * from JoinPatenteToUsuario
Save/Update: DELETE JoinUsuarioToFamilia where usuarioID=6  ; DELETE JoinPatenteToUsuario where usuarioID=6  ; ;DELETE Usuario WHERE usuarioID=6  
Save/Update: select * from Usuario WHERE  Usuario.usuarioID=6  ; select * from JoinUsuarioToFamilia; select * from JoinPatenteToUsuario
Save/Update: DELETE JoinUsuarioToFamilia where usuarioID=6  ; DELETE JoinPatenteToUsuario where usuarioID=6  ; ;DELETE Usuario WHERE usuarioID=6  
Save/Update: UPDATE Usuario SET nombre='nombre5', apellido='apellido5', mail='mail5@test.com', password='pas5', telefonoFijo='5555-5555', telefonoMovil='5555-5555', bloqueado=0  WHERE usuarioID=5  ; DELETE JoinUsuarioToFamilia where usuarioID=5  ; DELETE JoinPatenteToUsuario where usuarioID=5  ;</StdOut>
      </Output>
    </UnitTestResult>
    <UnitTestResult executionId="053c752b-acc2-472d-82d4-6a8bf013e496" testId="06ea3cf0-5b85-5241-6e3e-f83627367b47" testName="actualizarNewsletterTest" computerName="DIEGO-PC" duration="00:00:00.0065664" startTime="2012-11-19T01:14:07.7968130-03:00" endTime="2012-11-19T01:14:07.8108138-03:00" testType="13cdc9d9-ddb5-4fa4-a97d-d965ccfc6d4b" outcome="Passed" testListId="8c84fa94-04c1-424b-9868-57a2d4851a1d" relativeResultsDirectory="053c752b-acc2-472d-82d4-6a8bf013e496">
      <Output>
        <StdOut>Save/Update: select * from newsletter WHERE  newsletter.nombre='news1' 
Save/Update: UPDATE newsletter SET newsletter='&lt;body background="#8A94AA"&gt;&lt;style type="text/css"&gt;&lt;!--body {	background-color: #8A94AA;}.txt-geral {	font-family: Georgia, Times New Roman, Times, serif;	font-size: 13px;}.style3 {	font-family: Georgia, Times New Roman, Times, serif;	font-size: 13px;	color:#003366;}.txt-geralp {	font-family: Georgia, Times New Roman, Times, serif;	font-size: 11px;}.style-grd {	font-family: Georgia, Times New Roman, Times, serif;	font-size: 18px;}--&gt; &lt;/style&gt;&lt;table width="600" border="0" align="center" cellpadding="0" cellspacing="0"&gt;  &lt;tr&gt;    &lt;td class="titulo3"&gt;&lt;img src="http://www.salvadorefilhos.pt/images/news/bg-topo.gif" alt="" width="600" height="21" /&gt;&lt;/td&gt;  &lt;/tr&gt;  &lt;tr&gt;    &lt;td align="center" bgcolor="#EEEBE0"&gt;&lt;div align="center"&gt;&lt;img src="http://www.salvadorefilhos.pt/images/news/img-topo.jpg" alt="Salvador &amp;amp; Filhos" width="600" height="206" border="0" /&gt;&lt;/div&gt;&lt;/td&gt;  &lt;/tr&gt;  &lt;tr&gt;    &lt;td bgcolor="#EEEBE0"&gt;&lt;table width="97%" border="0" align="center" cellpadding="0" cellspacing="16"&gt;      &lt;tr&gt;        &lt;td width="50%" height="34" valign="top" class="txt-geral"&gt;&lt;div class="style3"&gt;          &lt;p&gt;&lt;b&gt;UNIPROF&lt;/b&gt;&lt;/p&gt;          &lt;p&gt;&lt;b&gt;NEWSLETTER N&amp;ordm;9&lt;/b&gt;&lt;/p&gt;        &lt;/div&gt;&lt;/td&gt;        &lt;td width="50%" align="right" valign="top" class="txt-geral"&gt;&lt;img src="http://www.salvadorefilhos.pt/images/news/logo.gif" alt="Cristo Rei" width="99" height="66" /&gt;&lt;/td&gt;      &lt;/tr&gt;      &lt;tr&gt;        &lt;td colspan="2" valign="top" class="txt-geral"&gt;&lt;p align="center"&gt;&lt;img src="http://www.es.salvadorefilhos.pt/newsletter/images/tit-newsl9.gif" alt="Servicios Adicionales" width="550" height="100" /&gt;&lt;/p&gt;          	&lt;table width="100%" border="0" cellspacing="0" cellpadding="0"&gt;				&lt;tr&gt;					&lt;td width="60%" valign="top"&gt;&lt;h2&gt;&lt;span lang="ES-TRAD" xml:lang="ES-TRAD"&gt;&lt;strong&gt;Env&amp;iacute;o, recepci&amp;oacute;n&lt;/strong&gt;&lt;/span&gt;:&lt;/h2&gt;							&lt;ul&gt;								&lt;li&gt;&lt;span lang="ES-TRAD" xml:lang="ES-TRAD"&gt;Log&amp;iacute;stica de entrega y recogida de pedidos por nuestro   transportista especializado. &lt;/span&gt; &lt;/li&gt;								&lt;li&gt;&lt;span lang="ES-TRAD" xml:lang="ES-TRAD"&gt;Entregas r&amp;aacute;pidas. &lt;/span&gt; &lt;/li&gt;								&lt;li&gt;&lt;span lang="ES-TRAD" xml:lang="ES-TRAD"&gt;Trabajamos internacionalmente. &lt;/span&gt; &lt;/li&gt;								&lt;li&gt;&lt;span lang="ES-TRAD" xml:lang="ES-TRAD"&gt;Entrega directa a nuestros clientes.&lt;/span&gt;&lt;/li&gt;								&lt;/ul&gt;&lt;/td&gt;					&lt;td width="40%" align="right"&gt;&lt;img src="http://www.es.salvadorefilhos.pt/fotos/empresa/carrinho.gif" alt="Env&amp;iacute;o, recepci&amp;oacute;n" width="200" height="190" hspace="0" border="0" /&gt;&lt;/td&gt;				&lt;/tr&gt;				&lt;tr&gt;					&lt;td valign="top"&gt;&lt;h2&gt;&lt;br /&gt;						&lt;strong&gt;Embalaje&lt;/strong&gt;:&lt;/h2&gt;							&lt;ul&gt;								&lt;li&gt;&lt;span lang="ES-TRAD" xml:lang="ES-TRAD"&gt;Tenemos un servicio m&amp;aacute;s a la disponibilidad de nuestros clientes. &lt;/span&gt; &lt;/li&gt;								&lt;li&gt;&lt;span lang="ES-TRAD" xml:lang="ES-TRAD"&gt;Doblar y prensar las piezas personalizadas. &lt;/span&gt; &lt;/li&gt;								&lt;li&gt;&lt;span lang="ES-TRAD" xml:lang="ES-TRAD"&gt;Embalaje individual en una bolsa de pl&amp;aacute;stico. &lt;/span&gt; &lt;/li&gt;								&lt;li&gt;&lt;span lang="ES-TRAD" xml:lang="ES-TRAD"&gt;Embalaje m&amp;uacute;ltiple en una bolsa de pl&amp;aacute;stico. &lt;/span&gt; &lt;/li&gt;								&lt;li&gt;&lt;span lang="ES-TRAD" xml:lang="ES-TRAD"&gt;Embalaje en cajas de cart&amp;oacute;n&lt;/span&gt;&lt;/li&gt;								&lt;/ul&gt;&lt;/td&gt;					&lt;td align="right"&gt;&lt;br /&gt;							&lt;img src="http://www.es.salvadorefilhos.pt/fotos/empresa/embalagem.gif" alt="Embalaje" width="200" height="168" hspace="0" border="0" /&gt;&lt;/td&gt;				&lt;/tr&gt;				&lt;tr&gt;					&lt;td valign="top"&gt;&lt;h2&gt;&lt;br /&gt;						&lt;strong&gt;Control de calidad&lt;/strong&gt;:&lt;/h2&gt;							&lt;ul&gt;								&lt;li&gt;&lt;span lang="ES-TRAD" xml:lang="ES-TRAD"&gt;N&lt;/span&gt;uestros bordados son la prueba de la calidad y durabilidad,   colores s&amp;oacute;lidos y garantidos, calidad garantizada. &lt;/li&gt;								&lt;li&gt;Nuestros textiles son de un acabado de alta calidad, controlado y   probado. &lt;/li&gt;								&lt;li&gt;Control de calidad para todos nuestros art&amp;iacute;culos. &lt;/li&gt;								&lt;li&gt;La experiencia y conocimiento a su servicio. &lt;/li&gt;								&lt;li&gt;P&amp;oacute;nganos a prueba.&lt;/li&gt;								&lt;/ul&gt;&lt;/td&gt;					&lt;td align="right"&gt;&lt;br /&gt;							&lt;img height="200" alt="Control de calidad" src="http://www.es.salvadorefilhos.pt/fotos/empresa/maos.gif" width="200" border="0" /&gt;&lt;/td&gt;				&lt;/tr&gt;			&lt;/table&gt;          	&lt;p&gt;&lt;strong&gt;&amp;iexcl;&lt;a href=""&gt;Env&amp;iacute;enos su solicitud&lt;/a&gt;!&lt;img src="http://www.salvadorefilhos.pt/newsletter/images/download-es.gif" alt="Descargas, Diapositivos gratis" width="173" height="148" border="0" align="right" /&gt;&lt;/strong&gt;&lt;/b&gt;&lt;/p&gt;          &lt;p&gt;Descargue en su ordenador nuestro cat&amp;aacute;logo de hilos y lista de clis&amp;eacute;s en &lt;a href=""&gt;descargas&lt;/a&gt;. &lt;/p&gt;          &lt;p&gt; Calidad siempre em nuestros art&amp;iacute;culos garantizados y acabamiento especial.&lt;/p&gt;&lt;/td&gt;      &lt;/tr&gt;      &lt;tr&gt;        &lt;td colspan="2" valign="top" class="txt-geral"&gt;&lt;/td&gt;      &lt;/tr&gt;    &lt;/table&gt;    &lt;/td&gt;  &lt;/tr&gt;  &lt;tr&gt;   &lt;td&gt;&lt;img src="http://www.salvadorefilhos.pt/images/news/bg-bot.gif" alt="" width="600" height="50" /&gt;&lt;/td&gt;  &lt;/tr&gt;&lt;/table&gt;&lt;/body&gt;&lt;/html&gt;', nombre='news1', enviado=1  WHERE id=1  ; 
Save/Update: select * from newsletter WHERE  newsletter.id=1  
Save/Update: UPDATE newsletter SET newsletter='&lt;body background="#8A94AA"&gt;&lt;style type="text/css"&gt;&lt;!--body {	background-color: #8A94AA;}.txt-geral {	font-family: Georgia, Times New Roman, Times, serif;	font-size: 13px;}.style3 {	font-family: Georgia, Times New Roman, Times, serif;	font-size: 13px;	color:#003366;}.txt-geralp {	font-family: Georgia, Times New Roman, Times, serif;	font-size: 11px;}.style-grd {	font-family: Georgia, Times New Roman, Times, serif;	font-size: 18px;}--&gt; &lt;/style&gt;&lt;table width="600" border="0" align="center" cellpadding="0" cellspacing="0"&gt;  &lt;tr&gt;    &lt;td class="titulo3"&gt;&lt;img src="http://www.salvadorefilhos.pt/images/news/bg-topo.gif" alt="" width="600" height="21" /&gt;&lt;/td&gt;  &lt;/tr&gt;  &lt;tr&gt;    &lt;td align="center" bgcolor="#EEEBE0"&gt;&lt;div align="center"&gt;&lt;img src="http://www.salvadorefilhos.pt/images/news/img-topo.jpg" alt="Salvador &amp;amp; Filhos" width="600" height="206" border="0" /&gt;&lt;/div&gt;&lt;/td&gt;  &lt;/tr&gt;  &lt;tr&gt;    &lt;td bgcolor="#EEEBE0"&gt;&lt;table width="97%" border="0" align="center" cellpadding="0" cellspacing="16"&gt;      &lt;tr&gt;        &lt;td width="50%" height="34" valign="top" class="txt-geral"&gt;&lt;div class="style3"&gt;          &lt;p&gt;&lt;b&gt;UNIPROF&lt;/b&gt;&lt;/p&gt;          &lt;p&gt;&lt;b&gt;NEWSLETTER N&amp;ordm;9&lt;/b&gt;&lt;/p&gt;        &lt;/div&gt;&lt;/td&gt;        &lt;td width="50%" align="right" valign="top" class="txt-geral"&gt;&lt;img src="http://www.salvadorefilhos.pt/images/news/logo.gif" alt="Cristo Rei" width="99" height="66" /&gt;&lt;/td&gt;      &lt;/tr&gt;      &lt;tr&gt;        &lt;td colspan="2" valign="top" class="txt-geral"&gt;&lt;p align="center"&gt;&lt;img src="http://www.es.salvadorefilhos.pt/newsletter/images/tit-newsl9.gif" alt="Servicios Adicionales" width="550" height="100" /&gt;&lt;/p&gt;          	&lt;table width="100%" border="0" cellspacing="0" cellpadding="0"&gt;				&lt;tr&gt;					&lt;td width="60%" valign="top"&gt;&lt;h2&gt;&lt;span lang="ES-TRAD" xml:lang="ES-TRAD"&gt;&lt;strong&gt;Env&amp;iacute;o, recepci&amp;oacute;n&lt;/strong&gt;&lt;/span&gt;:&lt;/h2&gt;							&lt;ul&gt;								&lt;li&gt;&lt;span lang="ES-TRAD" xml:lang="ES-TRAD"&gt;Log&amp;iacute;stica de entrega y recogida de pedidos por nuestro   transportista especializado. &lt;/span&gt; &lt;/li&gt;								&lt;li&gt;&lt;span lang="ES-TRAD" xml:lang="ES-TRAD"&gt;Entregas r&amp;aacute;pidas. &lt;/span&gt; &lt;/li&gt;								&lt;li&gt;&lt;span lang="ES-TRAD" xml:lang="ES-TRAD"&gt;Trabajamos internacionalmente. &lt;/span&gt; &lt;/li&gt;								&lt;li&gt;&lt;span lang="ES-TRAD" xml:lang="ES-TRAD"&gt;Entrega directa a nuestros clientes.&lt;/span&gt;&lt;/li&gt;								&lt;/ul&gt;&lt;/td&gt;					&lt;td width="40%" align="right"&gt;&lt;img src="http://www.es.salvadorefilhos.pt/fotos/empresa/carrinho.gif" alt="Env&amp;iacute;o, recepci&amp;oacute;n" width="200" height="190" hspace="0" border="0" /&gt;&lt;/td&gt;				&lt;/tr&gt;				&lt;tr&gt;					&lt;td valign="top"&gt;&lt;h2&gt;&lt;br /&gt;						&lt;strong&gt;Embalaje&lt;/strong&gt;:&lt;/h2&gt;							&lt;ul&gt;								&lt;li&gt;&lt;span lang="ES-TRAD" xml:lang="ES-TRAD"&gt;Tenemos un servicio m&amp;aacute;s a la disponibilidad de nuestros clientes. &lt;/span&gt; &lt;/li&gt;								&lt;li&gt;&lt;span lang="ES-TRAD" xml:lang="ES-TRAD"&gt;Doblar y prensar las piezas personalizadas. &lt;/span&gt; &lt;/li&gt;								&lt;li&gt;&lt;span lang="ES-TRAD" xml:lang="ES-TRAD"&gt;Embalaje individual en una bolsa de pl&amp;aacute;stico. &lt;/span&gt; &lt;/li&gt;								&lt;li&gt;&lt;span lang="ES-TRAD" xml:lang="ES-TRAD"&gt;Embalaje m&amp;uacute;ltiple en una bolsa de pl&amp;aacute;stico. &lt;/span&gt; &lt;/li&gt;								&lt;li&gt;&lt;span lang="ES-TRAD" xml:lang="ES-TRAD"&gt;Embalaje en cajas de cart&amp;oacute;n&lt;/span&gt;&lt;/li&gt;								&lt;/ul&gt;&lt;/td&gt;					&lt;td align="right"&gt;&lt;br /&gt;							&lt;img src="http://www.es.salvadorefilhos.pt/fotos/empresa/embalagem.gif" alt="Embalaje" width="200" height="168" hspace="0" border="0" /&gt;&lt;/td&gt;				&lt;/tr&gt;				&lt;tr&gt;					&lt;td valign="top"&gt;&lt;h2&gt;&lt;br /&gt;						&lt;strong&gt;Control de calidad&lt;/strong&gt;:&lt;/h2&gt;							&lt;ul&gt;								&lt;li&gt;&lt;span lang="ES-TRAD" xml:lang="ES-TRAD"&gt;N&lt;/span&gt;uestros bordados son la prueba de la calidad y durabilidad,   colores s&amp;oacute;lidos y garantidos, calidad garantizada. &lt;/li&gt;								&lt;li&gt;Nuestros textiles son de un acabado de alta calidad, controlado y   probado. &lt;/li&gt;								&lt;li&gt;Control de calidad para todos nuestros art&amp;iacute;culos. &lt;/li&gt;								&lt;li&gt;La experiencia y conocimiento a su servicio. &lt;/li&gt;								&lt;li&gt;P&amp;oacute;nganos a prueba.&lt;/li&gt;								&lt;/ul&gt;&lt;/td&gt;					&lt;td align="right"&gt;&lt;br /&gt;							&lt;img height="200" alt="Control de calidad" src="http://www.es.salvadorefilhos.pt/fotos/empresa/maos.gif" width="200" border="0" /&gt;&lt;/td&gt;				&lt;/tr&gt;			&lt;/table&gt;          	&lt;p&gt;&lt;strong&gt;&amp;iexcl;&lt;a href=""&gt;Env&amp;iacute;enos su solicitud&lt;/a&gt;!&lt;img src="http://www.salvadorefilhos.pt/newsletter/images/download-es.gif" alt="Descargas, Diapositivos gratis" width="173" height="148" border="0" align="right" /&gt;&lt;/strong&gt;&lt;/b&gt;&lt;/p&gt;          &lt;p&gt;Descargue en su ordenador nuestro cat&amp;aacute;logo de hilos y lista de clis&amp;eacute;s en &lt;a href=""&gt;descargas&lt;/a&gt;. &lt;/p&gt;          &lt;p&gt; Calidad siempre em nuestros art&amp;iacute;culos garantizados y acabamiento especial.&lt;/p&gt;&lt;/td&gt;      &lt;/tr&gt;      &lt;tr&gt;        &lt;td colspan="2" valign="top" class="txt-geral"&gt;&lt;/td&gt;      &lt;/tr&gt;    &lt;/table&gt;    &lt;/td&gt;  &lt;/tr&gt;  &lt;tr&gt;   &lt;td&gt;&lt;img src="http://www.salvadorefilhos.pt/images/news/bg-bot.gif" alt="" width="600" height="50" /&gt;&lt;/td&gt;  &lt;/tr&gt;&lt;/table&gt;&lt;/body&gt;&lt;/html&gt;', nombre='news1', enviado=1  WHERE id=1  ;</StdOut>
      </Output>
    </UnitTestResult>
    <UnitTestResult executionId="75caeea7-2b2d-4e3b-accd-1224c2b71a52" testId="07a2548d-4241-58e9-0562-3d619b418bbb" testName="cargarDiseñosTest" computerName="DIEGO-PC" duration="00:00:00.0048929" startTime="2012-11-19T01:14:07.8128139-03:00" endTime="2012-11-19T01:14:07.8268147-03:00" testType="13cdc9d9-ddb5-4fa4-a97d-d965ccfc6d4b" outcome="Passed" testListId="8c84fa94-04c1-424b-9868-57a2d4851a1d" relativeResultsDirectory="75caeea7-2b2d-4e3b-accd-1224c2b71a52">
      <Output>
        <StdOut>Save/Update: select * from Diseño WHERE  Diseño.alto&gt;=5  AND  Diseño.alto&lt;=15  AND  Diseño.ancho&gt;=5  AND  Diseño.ancho&lt;=15  AND  Diseño.nombre LIKE '%ño1%'AND  Diseño.puntadas&gt;=500  AND  Diseño.puntadas&lt;=1500  AND  Diseño.id_cliente=1  ; select * from historico_estados_diseño WHERE borrado = 0</StdOut>
      </Output>
    </UnitTestResult>
    <UnitTestResult executionId="7aa3d887-385c-40d3-8268-221c415fabf7" testId="0826b7aa-fcce-4d97-453d-e58eb4a27a97" testName="crearNuevaMaquinaTest" computerName="DIEGO-PC" duration="00:00:00.0177667" startTime="2012-11-19T01:14:07.8298149-03:00" endTime="2012-11-19T01:14:07.8548163-03:00" testType="13cdc9d9-ddb5-4fa4-a97d-d965ccfc6d4b" outcome="Passed" testListId="8c84fa94-04c1-424b-9868-57a2d4851a1d" relativeResultsDirectory="7aa3d887-385c-40d3-8268-221c415fabf7">
      <Output>
        <StdOut>Save/Update: SELECT  ISNULL(MAX(cod_maquina + 1),1) from Maquina
Save/Update: INSERT INTO Maquina (cod_maquina, altoMargen, anchoMargen, cabezales, nombre, velocidadPromedio, cantidadColores) VALUES (4 , 100 , 200 , 12 , 'nombre nuevo', 1000 , 12 ); DELETE JoinMaquinaToTipoPrenda where cod_maquina=4  ;  INSERT INTO JoinMaquinaToTipoPrenda ( cod_maquina, tipo_prenda) VALUES ( 4 , 1 );  INSERT INTO JoinMaquinaToTipoPrenda ( cod_maquina, tipo_prenda) VALUES ( 4 , 2 ); 
Save/Update: select * from produccion WHERE  produccion.fechaInicio&gt;= CAST('19/11/2012 01:14:07.000'  AS DateTime) ; select * from historico_estados_produccion WHERE borrado = 0
Save/Update: select * from produccion WHERE  produccion.fechaInicio&gt;= CAST('19/11/2012 01:14:07.000'  AS DateTime) ; select * from historico_estados_produccion WHERE borrado = 0
Save/Update: select * from Maquina WHERE  Maquina.cod_maquina=4  ; select * from JoinMaquinaToTipoPrenda
Save/Update: select * from TipoPrenda WHERE  TipoPrenda.tipo_prenda=1  
Save/Update: select * from TipoPrenda WHERE  TipoPrenda.tipo_prenda=2  
Save/Update: DELETE JoinMaquinaToTipoPrenda where cod_maquina=4  ; ;DELETE Maquina WHERE cod_maquina=4  
Save/Update: delete from JoinMaquinaToTipoPrenda where cod_maquina=4</StdOut>
      </Output>
    </UnitTestResult>
    <UnitTestResult executionId="31ab556a-89b0-42ba-93c6-220f5bef9fac" testId="09863448-141d-d561-d286-b118ec566d97" testName="listarInsumosConRestriccionesTest" computerName="DIEGO-PC" duration="00:00:00.0389872" startTime="2012-11-19T01:14:07.8588165-03:00" endTime="2012-11-19T01:14:07.9088194-03:00" testType="13cdc9d9-ddb5-4fa4-a97d-d965ccfc6d4b" outcome="Passed" testListId="8c84fa94-04c1-424b-9868-57a2d4851a1d" relativeResultsDirectory="31ab556a-89b0-42ba-93c6-220f5bef9fac">
      <Output>
        <StdOut>Save/Update: select * from insumo WHERE  insumo.nombre LIKE '%bre%'AND  insumo.detalle LIKE '%lle1%'AND  insumo.id_tipo_insumo=1  AND  insumo.color=1  
Save/Update: select * from tipoInsumo WHERE  tipoInsumo.tipo_insumo=1  
Save/Update: select * from color WHERE  color.codigo_color=1  
Save/Update: select * from MovimientosStock WHERE  MovimientosStock.cod_insumo=1  
Save/Update: select * from insumo WHERE  insumo.cod_insumo=1  
Save/Update: select * from tipoInsumo WHERE  tipoInsumo.tipo_insumo=1  
Save/Update: select * from color WHERE  color.codigo_color=1  
Save/Update: select * from MovimientosStock WHERE  MovimientosStock.cod_insumo=1  
Save/Update: select * from insumo WHERE  insumo.cod_insumo=2  
Save/Update: select * from tipoInsumo WHERE  tipoInsumo.tipo_insumo=1  
Save/Update: select * from color WHERE  color.codigo_color=2  
Save/Update: select * from MovimientosStock WHERE  MovimientosStock.cod_insumo=2  
Save/Update: select * from insumo WHERE  insumo.cod_insumo=1  
Save/Update: select * from tipoInsumo WHERE  tipoInsumo.tipo_insumo=1  
Save/Update: select * from color WHERE  color.codigo_color=1  
Save/Update: select * from MovimientosStock WHERE  MovimientosStock.cod_insumo=1  
Save/Update: UPDATE insumo SET nombre='nombre1', id_tipo_insumo=1 , color=1 , detalle='detalle1', costo=1, cantidadActual=1  WHERE cod_insumo=1  ; 
Save/Update: select * from insumo WHERE  insumo.cod_insumo=2  
Save/Update: select * from tipoInsumo WHERE  tipoInsumo.tipo_insumo=1  
Save/Update: select * from color WHERE  color.codigo_color=2  
Save/Update: select * from MovimientosStock WHERE  MovimientosStock.cod_insumo=2  
Save/Update: UPDATE insumo SET nombre='nombre2', id_tipo_insumo=1 , color=2 , detalle='detalle2', costo=1, cantidadActual=2  WHERE cod_insumo=2  ; 
Save/Update: delete from MovimientosStock where cod_insumo &gt; 2 or (cod_insumo = 1 AND nro_movimiento &gt; 2) or (cod_insumo = 2 AND nro_movimiento &gt; 1)
Save/Update: DELETE MovimientosStock WHERE nro_movimiento=1  AND cod_insumo=5  
Save/Update: DELETE MovimientosStock WHERE nro_movimiento=2  AND cod_insumo=5  
Save/Update: DELETE insumo WHERE cod_insumo=5</StdOut>
      </Output>
    </UnitTestResult>
    <UnitTestResult executionId="143a0e7a-e8bd-4ed3-a21a-cbdf291e2480" testId="0a8df61c-a62f-1c66-059f-875171321588" testName="grabarListaPrecioTest" computerName="DIEGO-PC" duration="00:00:00.0115889" startTime="2012-11-19T01:14:07.9138197-03:00" endTime="2012-11-19T01:14:07.9378211-03:00" testType="13cdc9d9-ddb5-4fa4-a97d-d965ccfc6d4b" outcome="Passed" testListId="8c84fa94-04c1-424b-9868-57a2d4851a1d" relativeResultsDirectory="143a0e7a-e8bd-4ed3-a21a-cbdf291e2480">
      <Output>
        <StdOut>Save/Update: SELECT  ISNULL( MAX(nro_lista + 1), 1) from lista_precios WHERE cod_articulo=1
Save/Update: INSERT INTO lista_precios (nro_lista, cod_articulo, precio, fechaDesde, fechaHasta, borrado) VALUES (3 , 1 , 3.1,  CAST('11/11/2011 13:55:33.110'  AS DateTime),  CAST('11/11/2011 14:55:33.223'  AS DateTime), 0 ); 
Save/Update: select * from lista_precios WHERE  lista_precios.borrado=0  AND  lista_precios.cod_articulo=1  
Save/Update: DELETE lista_precios WHERE nro_lista=3  AND cod_articulo=1</StdOut>
      </Output>
    </UnitTestResult>
    <UnitTestResult executionId="357fb04e-4af6-4f2a-bdf8-035a540e6fa3" testId="0bbd7a33-36a4-99a4-2cd0-83fd451fea26" testName="actualizarUsuarioTest" computerName="DIEGO-PC" duration="00:00:00.0376344" startTime="2012-11-19T01:14:07.9438214-03:00" endTime="2012-11-19T01:14:07.9938243-03:00" testType="13cdc9d9-ddb5-4fa4-a97d-d965ccfc6d4b" outcome="Passed" testListId="8c84fa94-04c1-424b-9868-57a2d4851a1d" relativeResultsDirectory="357fb04e-4af6-4f2a-bdf8-035a540e6fa3">
      <Output>
        <StdOut>Save/Update: select * from Usuario WHERE  Usuario.usuarioID=5  ; select * from JoinUsuarioToFamilia; select * from JoinPatenteToUsuario
Save/Update: select * from Familia JOIN JoinUsuarioToFamilia AS usuarios ON Familia.familiaID=usuarios.familiaID WHERE usuarios.usuarioID=5  ; select * from JoinFamiliaToPatente
Save/Update: select * from Patente JOIN JoinPatenteToUsuario AS usuario ON Patente.patenteId=usuario.patenteId WHERE usuario.usuarioID=5  
Save/Update: select * from Cliente WHERE  Cliente.usuarioID=5  ; select * from cliente_movimientos; select * from Pedido WHERE borrado = 0; select * from Factura WHERE borrado = 0; select * from Diseño WHERE borrado = 0
Save/Update: UPDATE Usuario SET nombre='nombreModificado', apellido='apellido5', mail='mail5@test.com', password='pas5', telefonoFijo='5555-5555', telefonoMovil='5555-5555', bloqueado=0  WHERE usuarioID=5  ; DELETE JoinUsuarioToFamilia where usuarioID=5  ;  INSERT INTO JoinUsuarioToFamilia ( usuarioID, familiaID) VALUES ( 5 , 5 ); DELETE JoinPatenteToUsuario where usuarioID=5  ;  INSERT INTO JoinPatenteToUsuario ( usuarioID, patenteId) VALUES ( 5 , 3 ); 
Save/Update: select * from Usuario WHERE  Usuario.usuarioID=5  ; select * from JoinUsuarioToFamilia; select * from JoinPatenteToUsuario
Save/Update: select * from Familia JOIN JoinUsuarioToFamilia AS usuarios ON Familia.familiaID=usuarios.familiaID WHERE usuarios.usuarioID=5  ; select * from JoinFamiliaToPatente
Save/Update: select * from Patente JOIN JoinFamiliaToPatente AS familia ON Patente.patenteId=familia.patenteId WHERE familia.familiaID=5  
Save/Update: select * from Patente JOIN JoinPatenteToUsuario AS usuario ON Patente.patenteId=usuario.patenteId WHERE usuario.usuarioID=5  
Save/Update: select * from Cliente WHERE  Cliente.usuarioID=5  ; select * from cliente_movimientos; select * from Pedido WHERE borrado = 0; select * from Factura WHERE borrado = 0; select * from Diseño WHERE borrado = 0
Save/Update: UPDATE Usuario SET nombre='nombreModificado', apellido='apellido5', mail='mail5@test.com', password='pas5', telefonoFijo='5555-5555', telefonoMovil='5555-5555', bloqueado=0  WHERE usuarioID=5  ; DELETE JoinUsuarioToFamilia where usuarioID=5  ; DELETE JoinPatenteToUsuario where usuarioID=5  ;</StdOut>
      </Output>
    </UnitTestResult>
    <UnitTestResult executionId="6581da45-5b2f-4bc5-8c2a-1f62dd11286c" testId="0d0b6b4c-3d42-300a-bac7-fbab5e0b6cc5" testName="listarProduccionConRestriccionesTest" computerName="DIEGO-PC" duration="00:00:00.0166241" startTime="2012-11-19T01:14:07.9998246-03:00" endTime="2012-11-19T01:14:08.0258261-03:00" testType="13cdc9d9-ddb5-4fa4-a97d-d965ccfc6d4b" outcome="Passed" testListId="8c84fa94-04c1-424b-9868-57a2d4851a1d" relativeResultsDirectory="6581da45-5b2f-4bc5-8c2a-1f62dd11286c">
      <Output>
        <StdOut>Save/Update: select * from produccion WHERE  produccion.fechaInicio&gt;= CAST('09/10/2012 09:00:00.000'  AS DateTime) AND  produccion.fechaInicio&lt;= CAST('09/10/2012 14:00:00.000'  AS DateTime) AND  produccion.fechaFinal&gt;= CAST('09/10/2012 12:00:00.000'  AS DateTime) AND  produccion.fechaFinal&lt;= CAST('09/10/2012 14:00:00.000'  AS DateTime) ; select * from historico_estados_produccion WHERE borrado = 0
Save/Update: select * from Pedido WHERE  Pedido.cod_pedido=1  ; select * from produccion WHERE borrado = 0; select * from historico_estados_pedido WHERE borrado = 0
Save/Update: select * from Maquina WHERE  Maquina.cod_maquina=1  ; select * from JoinMaquinaToTipoPrenda
Save/Update: select * from Articulos WHERE  Articulos.cod_articulo=1  ; select * from lista_precios WHERE borrado = 0
Save/Update: select * from EstadoTrabajos WHERE  EstadoTrabajos.cod_estado=3  
Save/Update: select * from historico_estados_produccion WHERE  historico_estados_produccion.cod_produccion=1  
Save/Update: select * from produccion_operador WHERE  produccion_operador.cod_prodcuccion=1  
Save/Update: DELETE produccion_operador WHERE id_operador=2  AND cod_prodcuccion=7  
Save/Update: DELETE historico_estados_produccion WHERE nro_estado=1  AND cod_produccion=7  
Save/Update: DELETE historico_estados_produccion WHERE nro_estado=2  AND cod_produccion=7  
Save/Update: DELETE produccion WHERE cod_produccion=7</StdOut>
      </Output>
    </UnitTestResult>
    <UnitTestResult executionId="b19604f0-499c-4eb8-80fd-4deda9e99fd1" testId="0d3f2b5f-2310-d53e-af58-1c0f5f09df9f" testName="cargarMovimientosConRestriccionesTest" computerName="DIEGO-PC" duration="00:00:00.0078381" startTime="2012-11-19T01:14:08.0288263-03:00" endTime="2012-11-19T01:14:08.0448272-03:00" testType="13cdc9d9-ddb5-4fa4-a97d-d965ccfc6d4b" outcome="Passed" testListId="8c84fa94-04c1-424b-9868-57a2d4851a1d" relativeResultsDirectory="b19604f0-499c-4eb8-80fd-4deda9e99fd1">
      <Output>
        <StdOut>Save/Update: select * from MovimientosCuenta JOIN proveedor_movimientos AS proveedor ON MovimientosCuenta.nro_movimiento=proveedor.nro_movimiento WHERE  MovimientosCuenta.nro_movimiento=3  AND  MovimientosCuenta.comentario LIKE '%m3%'AND  MovimientosCuenta.fecha= CAST('03/03/2003 00:00:00.000'  AS DateTime) AND  MovimientosCuenta.monto&gt;=5 AND  MovimientosCuenta.monto&lt;=50 AND  MovimientosCuenta.cuentaID=1  AND  MovimientosCuenta.tipoMovimientoID=1  AND proveedor.id_proveedor=1  AND proveedor.id_proveedor IS NOT  NULL ; select * from proveedor_movimientos; select * from documento_movimiento
Save/Update: DELETE proveedor_movimientos where nro_movimiento=4  ; DELETE documento_movimiento where nro_movimiento=4  ; ;DELETE MovimientosCuenta WHERE nro_movimiento=4</StdOut>
      </Output>
    </UnitTestResult>
    <UnitTestResult executionId="54477d45-a490-4b8a-9775-e5c514ac58a5" testId="0dd1a643-72f4-8fdd-aebf-659387fe0ecf" testName="disminuirStockTest" computerName="DIEGO-PC" duration="00:00:00.0463172" startTime="2012-11-19T01:14:08.0518276-03:00" endTime="2012-11-19T01:14:08.1088308-03:00" testType="13cdc9d9-ddb5-4fa4-a97d-d965ccfc6d4b" outcome="Passed" testListId="8c84fa94-04c1-424b-9868-57a2d4851a1d" relativeResultsDirectory="54477d45-a490-4b8a-9775-e5c514ac58a5">
      <Output>
        <StdOut>Save/Update: select * from Articulos WHERE  Articulos.cod_articulo=1  ; select * from lista_precios WHERE borrado = 0
Save/Update: select * from lista_precios WHERE  lista_precios.cod_articulo=1  
Save/Update: select * from TipoPrenda WHERE  TipoPrenda.tipo_prenda=1  
Save/Update: select * from Diseño WHERE  Diseño.cod_diseño=1  ; select * from historico_estados_diseño WHERE borrado = 0
Save/Update: select * from Diseño WHERE  Diseño.cod_diseño=1  ; select * from historico_estados_diseño WHERE borrado = 0
Save/Update: select * from Cliente WHERE  Cliente.id_cliente=1  ; select * from cliente_movimientos; select * from Pedido WHERE borrado = 0; select * from Factura WHERE borrado = 0; select * from Diseño WHERE borrado = 0
Save/Update: select * from Usuario WHERE  Usuario.usuarioID=1  ; select * from JoinUsuarioToFamilia; select * from JoinPatenteToUsuario
Save/Update: select * from Diseño_insumos WHERE  Diseño_insumos.cod_diseño=1  
Save/Update: select * from historico_estados_diseño WHERE  historico_estados_diseño.cod_diseño=1  
Save/Update: select * from EstadoDiseños WHERE  EstadoDiseños.estado=2  
Save/Update: select * from insumo WHERE  insumo.cod_insumo=1  
Save/Update: select * from tipoInsumo WHERE  tipoInsumo.tipo_insumo=1  
Save/Update: select * from color WHERE  color.codigo_color=1  
Save/Update: select * from MovimientosStock WHERE  MovimientosStock.cod_insumo=1  
Save/Update: select * from insumo WHERE  insumo.cod_insumo=1  
Save/Update: select * from tipoInsumo WHERE  tipoInsumo.tipo_insumo=1  
Save/Update: select * from color WHERE  color.codigo_color=1  
Save/Update: select * from MovimientosStock WHERE  MovimientosStock.cod_insumo=1  
Save/Update: UPDATE insumo SET nombre='nombre1', id_tipo_insumo=1 , color=1 , detalle='detalle1', costo=1, cantidadActual=0  WHERE cod_insumo=1  ; 
Save/Update: SELECT  ISNULL(MAX(nro_movimiento + 1),1) from MovimientosStock WHERE cod_insumo=1
Save/Update: INSERT INTO MovimientosStock (nro_movimiento, cod_insumo, tipo, fecha, cantidad) VALUES (3 , 1 , 1 ,  CAST('19/11/2012 01:14:08.080'  AS DateTime), -1); 
Save/Update: select * from insumo WHERE  insumo.cod_insumo=2  
Save/Update: select * from tipoInsumo WHERE  tipoInsumo.tipo_insumo=1  
Save/Update: select * from color WHERE  color.codigo_color=2  
Save/Update: select * from MovimientosStock WHERE  MovimientosStock.cod_insumo=2  
Save/Update: select * from insumo WHERE  insumo.cod_insumo=2  
Save/Update: select * from tipoInsumo WHERE  tipoInsumo.tipo_insumo=1  
Save/Update: select * from color WHERE  color.codigo_color=2  
Save/Update: select * from MovimientosStock WHERE  MovimientosStock.cod_insumo=2  
Save/Update: UPDATE insumo SET nombre='nombre2', id_tipo_insumo=1 , color=2 , detalle='detalle2', costo=1, cantidadActual=1  WHERE cod_insumo=2  ; 
Save/Update: SELECT  ISNULL(MAX(nro_movimiento + 1),1) from MovimientosStock WHERE cod_insumo=2
Save/Update: INSERT INTO MovimientosStock (nro_movimiento, cod_insumo, tipo, fecha, cantidad) VALUES (2 , 2 , 1 ,  CAST('19/11/2012 01:14:08.085'  AS DateTime), -1); 
Save/Update: select * from insumo WHERE  insumo.cod_insumo=1  
Save/Update: select * from tipoInsumo WHERE  tipoInsumo.tipo_insumo=1  
Save/Update: select * from color WHERE  color.codigo_color=1  
Save/Update: select * from MovimientosStock WHERE  MovimientosStock.cod_insumo=1  
Save/Update: select * from insumo WHERE  insumo.cod_insumo=2  
Save/Update: select * from tipoInsumo WHERE  tipoInsumo.tipo_insumo=1  
Save/Update: select * from color WHERE  color.codigo_color=2  
Save/Update: select * from MovimientosStock WHERE  MovimientosStock.cod_insumo=2  
Save/Update: select * from insumo WHERE  insumo.cod_insumo=1  
Save/Update: select * from tipoInsumo WHERE  tipoInsumo.tipo_insumo=1  
Save/Update: select * from color WHERE  color.codigo_color=1  
Save/Update: select * from MovimientosStock WHERE  MovimientosStock.cod_insumo=1  
Save/Update: select * from insumo WHERE  insumo.cod_insumo=2  
Save/Update: select * from tipoInsumo WHERE  tipoInsumo.tipo_insumo=1  
Save/Update: select * from color WHERE  color.codigo_color=2  
Save/Update: select * from MovimientosStock WHERE  MovimientosStock.cod_insumo=2  
Save/Update: select * from insumo WHERE  insumo.cod_insumo=1  
Save/Update: select * from tipoInsumo WHERE  tipoInsumo.tipo_insumo=1  
Save/Update: select * from color WHERE  color.codigo_color=1  
Save/Update: select * from MovimientosStock WHERE  MovimientosStock.cod_insumo=1  
Save/Update: UPDATE insumo SET nombre='nombre1', id_tipo_insumo=1 , color=1 , detalle='detalle1', costo=1, cantidadActual=1  WHERE cod_insumo=1  ; 
Save/Update: SELECT  ISNULL(MAX(nro_movimiento + 1),1) from MovimientosStock WHERE cod_insumo=1
Save/Update: INSERT INTO MovimientosStock (nro_movimiento, cod_insumo, tipo, fecha, cantidad) VALUES (4 , 1 , 2 ,  CAST('19/11/2012 01:14:08.097'  AS DateTime), 1); 
Save/Update: select * from insumo WHERE  insumo.cod_insumo=2  
Save/Update: select * from tipoInsumo WHERE  tipoInsumo.tipo_insumo=1  
Save/Update: select * from color WHERE  color.codigo_color=2  
Save/Update: select * from MovimientosStock WHERE  MovimientosStock.cod_insumo=2  
Save/Update: UPDATE insumo SET nombre='nombre2', id_tipo_insumo=1 , color=2 , detalle='detalle2', costo=1, cantidadActual=2  WHERE cod_insumo=2  ; 
Save/Update: SELECT  ISNULL(MAX(nro_movimiento + 1),1) from MovimientosStock WHERE cod_insumo=2
Save/Update: INSERT INTO MovimientosStock (nro_movimiento, cod_insumo, tipo, fecha, cantidad) VALUES (3 , 2 , 2 ,  CAST('19/11/2012 01:14:08.100'  AS DateTime), 1); 
Save/Update: delete from MovimientosStock where cod_insumo &gt; 2 or (cod_insumo = 1 AND nro_movimiento &gt; 2) or (cod_insumo = 2 AND nro_movimiento &gt; 1)
Save/Update: DELETE MovimientosStock WHERE nro_movimiento=1  AND cod_insumo=5  
Save/Update: DELETE MovimientosStock WHERE nro_movimiento=2  AND cod_insumo=5  
Save/Update: DELETE insumo WHERE cod_insumo=5</StdOut>
      </Output>
    </UnitTestResult>
    <UnitTestResult executionId="5dee72fe-55d7-4988-8f7b-e116ee58bf81" testId="10b4c1e2-77e8-b6fe-ff2c-b75bd78a1790" testName="actualizarMovimientoTest" computerName="DIEGO-PC" duration="00:00:00.0379492" startTime="2012-11-19T01:14:08.1108310-03:00" endTime="2012-11-19T01:14:08.1578336-03:00" testType="13cdc9d9-ddb5-4fa4-a97d-d965ccfc6d4b" outcome="Passed" testListId="8c84fa94-04c1-424b-9868-57a2d4851a1d" relativeResultsDirectory="5dee72fe-55d7-4988-8f7b-e116ee58bf81">
      <Output>
        <StdOut>Save/Update: SELECT  ISNULL(MAX(nro_movimiento + 1),1) from MovimientosCuenta
Save/Update: INSERT INTO MovimientosCuenta (nro_movimiento, comentario, fecha, monto, cuentaID, tipoMovimientoID) VALUES (4 , 'com4',  CAST('19/11/2012 01:14:08.120'  AS DateTime), 33.3, 1 , 2 ); DELETE cliente_movimientos where nro_movimiento=4  ;  INSERT INTO cliente_movimientos ( nro_movimiento, id_cliente) VALUES ( 4 , 2 ); DELETE documento_movimiento where nro_movimiento=4  ; 
Save/Update: select * from MovimientosCuenta JOIN cliente_movimientos AS cliente ON MovimientosCuenta.nro_movimiento=cliente.nro_movimiento WHERE  MovimientosCuenta.nro_movimiento=4  AND cliente.id_cliente IS NOT  NULL ; select * from cliente_movimientos; select * from documento_movimiento
Save/Update: select * from Cliente WHERE  Cliente.id_cliente=2  ; select * from cliente_movimientos; select * from Pedido WHERE borrado = 0; select * from Factura WHERE borrado = 0; select * from Diseño WHERE borrado = 0
Save/Update: select * from Usuario WHERE  Usuario.usuarioID=2  ; select * from JoinUsuarioToFamilia; select * from JoinPatenteToUsuario
Save/Update: select * from Familia JOIN JoinUsuarioToFamilia AS usuarios ON Familia.familiaID=usuarios.familiaID WHERE usuarios.usuarioID=2  ; select * from JoinFamiliaToPatente
Save/Update: select * from Patente JOIN JoinFamiliaToPatente AS familia ON Patente.patenteId=familia.patenteId WHERE familia.familiaID=2  
Save/Update: select * from Patente JOIN JoinPatenteToUsuario AS usuario ON Patente.patenteId=usuario.patenteId WHERE usuario.usuarioID=2  
Save/Update: select * from Cliente WHERE  Cliente.usuarioID=2  ; select * from cliente_movimientos; select * from Pedido WHERE borrado = 0; select * from Factura WHERE borrado = 0; select * from Diseño WHERE borrado = 0
Save/Update: select * from Diseño WHERE  Diseño.id_cliente=2  ; select * from historico_estados_diseño WHERE borrado = 0
Save/Update: select * from Factura WHERE  Factura.id_cliente=2  ; select * from documento_movimiento; select * from LineaFactura WHERE borrado = 0
Save/Update: select * from Pedido WHERE  Pedido.id_cliente=2  ; select * from produccion WHERE borrado = 0; select * from historico_estados_pedido WHERE borrado = 0
Save/Update: select * from MovimientosCuenta JOIN cliente_movimientos AS cliente ON MovimientosCuenta.nro_movimiento=cliente.nro_movimiento WHERE cliente.id_cliente=2  AND cliente.id_cliente IS NOT  NULL ; select * from cliente_movimientos; select * from documento_movimiento
Save/Update: select * from tipoMovimiento WHERE  tipoMovimiento.tipoMovimientoID=2  
Save/Update: select * from Cuenta WHERE  Cuenta.cuentaID=1  
Save/Update: UPDATE MovimientosCuenta SET comentario='com4', fecha= CAST('19/11/2012 01:14:08.120'  AS DateTime), monto=33.3, cuentaID=1 , tipoMovimientoID=2  WHERE nro_movimiento=4  ; DELETE cliente_movimientos where nro_movimiento=4  ;  INSERT INTO cliente_movimientos ( nro_movimiento, id_cliente) VALUES ( 4 , 1 ); DELETE documento_movimiento where nro_movimiento=4  ; 
Save/Update: select * from MovimientosCuenta JOIN cliente_movimientos AS cliente ON MovimientosCuenta.nro_movimiento=cliente.nro_movimiento WHERE  MovimientosCuenta.nro_movimiento=4  AND cliente.id_cliente IS NOT  NULL ; select * from cliente_movimientos; select * from documento_movimiento
Save/Update: select * from Cliente WHERE  Cliente.id_cliente=1  ; select * from cliente_movimientos; select * from Pedido WHERE borrado = 0; select * from Factura WHERE borrado = 0; select * from Diseño WHERE borrado = 0
Save/Update: select * from Usuario WHERE  Usuario.usuarioID=1  ; select * from JoinUsuarioToFamilia; select * from JoinPatenteToUsuario
Save/Update: select * from Familia JOIN JoinUsuarioToFamilia AS usuarios ON Familia.familiaID=usuarios.familiaID WHERE usuarios.usuarioID=1  ; select * from JoinFamiliaToPatente
Save/Update: select * from Patente JOIN JoinPatenteToUsuario AS usuario ON Patente.patenteId=usuario.patenteId WHERE usuario.usuarioID=1  
Save/Update: select * from Cliente WHERE  Cliente.usuarioID=1  ; select * from cliente_movimientos; select * from Pedido WHERE borrado = 0; select * from Factura WHERE borrado = 0; select * from Diseño WHERE borrado = 0
Save/Update: select * from Diseño WHERE  Diseño.id_cliente=1  ; select * from historico_estados_diseño WHERE borrado = 0
Save/Update: select * from Factura WHERE  Factura.id_cliente=1  ; select * from documento_movimiento; select * from LineaFactura WHERE borrado = 0
Save/Update: select * from Pedido WHERE  Pedido.id_cliente=1  ; select * from produccion WHERE borrado = 0; select * from historico_estados_pedido WHERE borrado = 0
Save/Update: select * from MovimientosCuenta JOIN cliente_movimientos AS cliente ON MovimientosCuenta.nro_movimiento=cliente.nro_movimiento WHERE cliente.id_cliente=1  AND cliente.id_cliente IS NOT  NULL ; select * from cliente_movimientos; select * from documento_movimiento
Save/Update: select * from tipoMovimiento WHERE  tipoMovimiento.tipoMovimientoID=2  
Save/Update: select * from Cuenta WHERE  Cuenta.cuentaID=1  
Save/Update: DELETE cliente_movimientos where nro_movimiento=4  ; DELETE documento_movimiento where nro_movimiento=4  ; ;DELETE MovimientosCuenta WHERE nro_movimiento=4</StdOut>
      </Output>
    </UnitTestResult>
    <UnitTestResult executionId="e074b5c3-5975-496a-afcf-31c75b37fa59" testId="1185b585-ef75-6544-19b0-95bea00f10c1" testName="cargarLineasFacturaConRestriccionTest" computerName="DIEGO-PC" duration="00:00:00.0038413" startTime="2012-11-19T01:14:08.1608338-03:00" endTime="2012-11-19T01:14:08.1748346-03:00" testType="13cdc9d9-ddb5-4fa4-a97d-d965ccfc6d4b" outcome="Passed" testListId="8c84fa94-04c1-424b-9868-57a2d4851a1d" relativeResultsDirectory="e074b5c3-5975-496a-afcf-31c75b37fa59">
      <Output>
        <StdOut>Save/Update: select * from LineaOrdenDeCompra WHERE  LineaOrdenDeCompra.cod_producto=1  AND  LineaOrdenDeCompra.borrado=0  AND  LineaOrdenDeCompra.cantidad=10  AND  LineaOrdenDeCompra.nro_orden_compra=1  AND  LineaOrdenDeCompra.nro_linea=1  AND  LineaOrdenDeCompra.nro_sucursal=1  AND  LineaOrdenDeCompra.precio=10 AND  LineaOrdenDeCompra.tipo_orden_compra='A'</StdOut>
      </Output>
    </UnitTestResult>
    <UnitTestResult executionId="8a2fe19f-e7f8-416d-926e-a780ae063d1d" testId="13283e1a-ebd5-2811-9974-2614dbf7730f" testName="buscarPedidoPorCodigoTest" computerName="DIEGO-PC" duration="00:00:00.0207318" startTime="2012-11-19T01:14:08.1788348-03:00" endTime="2012-11-19T01:14:08.2088366-03:00" testType="13cdc9d9-ddb5-4fa4-a97d-d965ccfc6d4b" outcome="Passed" testListId="8c84fa94-04c1-424b-9868-57a2d4851a1d" relativeResultsDirectory="8a2fe19f-e7f8-416d-926e-a780ae063d1d">
      <Output>
        <StdOut>Save/Update: select * from Pedido WHERE  Pedido.cod_pedido=1  ; select * from produccion WHERE borrado = 0; select * from historico_estados_pedido WHERE borrado = 0
Save/Update: select * from historico_estados_pedido WHERE  historico_estados_pedido.cod_pedido=1  
Save/Update: select * from tipoPedido WHERE  tipoPedido.tipo_pedido=1  
Save/Update: select * from produccion WHERE  produccion.cod_pedido=1  ; select * from historico_estados_produccion WHERE borrado = 0
Save/Update: select * from Cliente WHERE  Cliente.id_cliente=1  ; select * from cliente_movimientos; select * from Pedido WHERE borrado = 0; select * from Factura WHERE borrado = 0; select * from Diseño WHERE borrado = 0
Save/Update: select * from EstadoPedido WHERE  EstadoPedido.estado_pedido=3  
Save/Update: DELETE historico_estados_pedido WHERE nro_estado=1  AND cod_pedido=5  
Save/Update: DELETE historico_estados_pedido WHERE nro_estado=2  AND cod_pedido=5  
Save/Update: DELETE produccion WHERE cod_produccion=7  
Save/Update: DELETE Pedido WHERE cod_pedido=5</StdOut>
      </Output>
    </UnitTestResult>
    <UnitTestResult executionId="926b5e35-13c9-4a28-85bc-fab61497bf4f" testId="132dbdad-c767-c70b-4154-f7166132216a" testName="buscarNewsletterPorIDTest" computerName="DIEGO-PC" duration="00:00:00.0045696" startTime="2012-11-19T01:14:08.2148369-03:00" endTime="2012-11-19T01:14:08.2258375-03:00" testType="13cdc9d9-ddb5-4fa4-a97d-d965ccfc6d4b" outcome="Passed" testListId="8c84fa94-04c1-424b-9868-57a2d4851a1d" relativeResultsDirectory="926b5e35-13c9-4a28-85bc-fab61497bf4f">
      <Output>
        <StdOut>Save/Update: select * from newsletter WHERE  newsletter.id=2</StdOut>
      </Output>
    </UnitTestResult>
    <UnitTestResult executionId="e24d8fa4-c4e4-40e1-91ae-a28dffbb8bac" testId="13496ae0-c24c-3fcb-7178-2789fe5b49ef" testName="modificarTest" computerName="DIEGO-PC" duration="00:00:00.0281804" startTime="2012-11-19T01:14:08.2318379-03:00" endTime="2012-11-19T01:14:08.2668399-03:00" testType="13cdc9d9-ddb5-4fa4-a97d-d965ccfc6d4b" outcome="Passed" testListId="8c84fa94-04c1-424b-9868-57a2d4851a1d" relativeResultsDirectory="e24d8fa4-c4e4-40e1-91ae-a28dffbb8bac">
      <Output>
        <StdOut>Save/Update: select * from Conversacion WHERE  Conversacion.remitente=4  ; select * from mensaje WHERE borrado = 0
Save/Update: select * from Conversacion WHERE  Conversacion.destinatario=4  ; select * from mensaje WHERE borrado = 0
Save/Update: select * from Usuario WHERE  Usuario.usuarioID=4  ; select * from JoinUsuarioToFamilia; select * from JoinPatenteToUsuario
Save/Update: select * from Usuario WHERE  Usuario.usuarioID=5  ; select * from JoinUsuarioToFamilia; select * from JoinPatenteToUsuario
Save/Update: select * from Mensaje WHERE  Mensaje.id_conversacion=2  
Save/Update: UPDATE Conversacion SET remitente=4 , destinatario=5  WHERE id_conversacion=2  ; UPDATE mensaje SET borrado=1 WHERE id_conversacion=2  ; 
Save/Update: UPDATE Mensaje SET tipoMensaje=0 , fecha= CAST('26/08/2012 16:35:00.000'  AS DateTime), mensaje='msj de 4 a 5', leido=1 , borrado=0 , id_conversacion=2  WHERE id=3  ; 
Save/Update: UPDATE Mensaje SET tipoMensaje=1 , fecha= CAST('26/08/2012 16:35:00.000'  AS DateTime), mensaje='msj de 5 a 4', leido=0 , borrado=0 , id_conversacion=2  WHERE id=4  ; 
Save/Update: select * from Conversacion WHERE  Conversacion.remitente=4  ; select * from mensaje WHERE borrado = 0
Save/Update: select * from Conversacion WHERE  Conversacion.destinatario=4  ; select * from mensaje WHERE borrado = 0
Save/Update: select * from Usuario WHERE  Usuario.usuarioID=4  ; select * from JoinUsuarioToFamilia; select * from JoinPatenteToUsuario
Save/Update: select * from Usuario WHERE  Usuario.usuarioID=5  ; select * from JoinUsuarioToFamilia; select * from JoinPatenteToUsuario
Save/Update: select * from Mensaje WHERE  Mensaje.id_conversacion=2  
Save/Update: UPDATE Conversacion SET remitente=4 , destinatario=5  WHERE id_conversacion=2  ; UPDATE mensaje SET borrado=1 WHERE id_conversacion=2  ; 
Save/Update: UPDATE Mensaje SET tipoMensaje=0 , fecha= CAST('26/08/2012 16:35:00.000'  AS DateTime), mensaje='msj de 4 a 5', leido=1 , borrado=0 , id_conversacion=2  WHERE id=3  ; 
Save/Update: UPDATE Mensaje SET tipoMensaje=1 , fecha= CAST('26/08/2012 16:35:00.000'  AS DateTime), mensaje='msj de 5 a 4', leido=1 , borrado=0 , id_conversacion=2  WHERE id=4  ;</StdOut>
      </Output>
    </UnitTestResult>
    <UnitTestResult executionId="0af1412c-0911-418d-8425-b75c78172903" testId="13647b9a-2c0d-1cd8-34c7-faf3c771ec37" testName="listarMovimientosTest" computerName="DIEGO-PC" duration="00:00:00.0299136" startTime="2012-11-19T01:14:08.2688400-03:00" endTime="2012-11-19T01:14:08.3068422-03:00" testType="13cdc9d9-ddb5-4fa4-a97d-d965ccfc6d4b" outcome="Passed" testListId="8c84fa94-04c1-424b-9868-57a2d4851a1d" relativeResultsDirectory="0af1412c-0911-418d-8425-b75c78172903">
      <Output>
        <StdOut>Save/Update: select * from MovimientosCuenta JOIN cliente_movimientos AS cliente ON MovimientosCuenta.nro_movimiento=cliente.nro_movimiento WHERE cliente.id_cliente IS NOT  NULL ; select * from cliente_movimientos; select * from documento_movimiento
Save/Update: select * from Cliente WHERE  Cliente.id_cliente=1  ; select * from cliente_movimientos; select * from Pedido WHERE borrado = 0; select * from Factura WHERE borrado = 0; select * from Diseño WHERE borrado = 0
Save/Update: select * from Usuario WHERE  Usuario.usuarioID=1  ; select * from JoinUsuarioToFamilia; select * from JoinPatenteToUsuario
Save/Update: select * from Familia JOIN JoinUsuarioToFamilia AS usuarios ON Familia.familiaID=usuarios.familiaID WHERE usuarios.usuarioID=1  ; select * from JoinFamiliaToPatente
Save/Update: select * from Patente JOIN JoinPatenteToUsuario AS usuario ON Patente.patenteId=usuario.patenteId WHERE usuario.usuarioID=1  
Save/Update: select * from Cliente WHERE  Cliente.usuarioID=1  ; select * from cliente_movimientos; select * from Pedido WHERE borrado = 0; select * from Factura WHERE borrado = 0; select * from Diseño WHERE borrado = 0
Save/Update: select * from Diseño WHERE  Diseño.id_cliente=1  ; select * from historico_estados_diseño WHERE borrado = 0
Save/Update: select * from Factura WHERE  Factura.id_cliente=1  ; select * from documento_movimiento; select * from LineaFactura WHERE borrado = 0
Save/Update: select * from Pedido WHERE  Pedido.id_cliente=1  ; select * from produccion WHERE borrado = 0; select * from historico_estados_pedido WHERE borrado = 0
Save/Update: select * from MovimientosCuenta JOIN cliente_movimientos AS cliente ON MovimientosCuenta.nro_movimiento=cliente.nro_movimiento WHERE cliente.id_cliente=1  AND cliente.id_cliente IS NOT  NULL ; select * from cliente_movimientos; select * from documento_movimiento
Save/Update: select * from Factura WHERE  Factura.nro_Doc=1  ; select * from documento_movimiento; select * from LineaFactura WHERE borrado = 0
Save/Update: select * from tipoMovimiento WHERE  tipoMovimiento.tipoMovimientoID=1  
Save/Update: select * from Cuenta WHERE  Cuenta.cuentaID=1  
Save/Update: select * from Cliente WHERE  Cliente.id_cliente=1  ; select * from cliente_movimientos; select * from Pedido WHERE borrado = 0; select * from Factura WHERE borrado = 0; select * from Diseño WHERE borrado = 0
Save/Update: select * from Usuario WHERE  Usuario.usuarioID=1  ; select * from JoinUsuarioToFamilia; select * from JoinPatenteToUsuario
Save/Update: select * from Familia JOIN JoinUsuarioToFamilia AS usuarios ON Familia.familiaID=usuarios.familiaID WHERE usuarios.usuarioID=1  ; select * from JoinFamiliaToPatente
Save/Update: select * from Patente JOIN JoinPatenteToUsuario AS usuario ON Patente.patenteId=usuario.patenteId WHERE usuario.usuarioID=1  
Save/Update: select * from Cliente WHERE  Cliente.usuarioID=1  ; select * from cliente_movimientos; select * from Pedido WHERE borrado = 0; select * from Factura WHERE borrado = 0; select * from Diseño WHERE borrado = 0
Save/Update: select * from Diseño WHERE  Diseño.id_cliente=1  ; select * from historico_estados_diseño WHERE borrado = 0
Save/Update: select * from Factura WHERE  Factura.id_cliente=1  ; select * from documento_movimiento; select * from LineaFactura WHERE borrado = 0
Save/Update: select * from Pedido WHERE  Pedido.id_cliente=1  ; select * from produccion WHERE borrado = 0; select * from historico_estados_pedido WHERE borrado = 0
Save/Update: select * from MovimientosCuenta JOIN cliente_movimientos AS cliente ON MovimientosCuenta.nro_movimiento=cliente.nro_movimiento WHERE cliente.id_cliente=1  AND cliente.id_cliente IS NOT  NULL ; select * from cliente_movimientos; select * from documento_movimiento
Save/Update: select * from tipoMovimiento WHERE  tipoMovimiento.tipoMovimientoID=1  
Save/Update: select * from Cuenta WHERE  Cuenta.cuentaID=1  
Save/Update: DELETE cliente_movimientos where nro_movimiento=4  ; DELETE documento_movimiento where nro_movimiento=4  ; ;DELETE MovimientosCuenta WHERE nro_movimiento=4</StdOut>
      </Output>
    </UnitTestResult>
    <UnitTestResult executionId="0560625c-80e1-4166-9f79-031a126e7b6d" testId="14276aa4-72b7-f96c-4fe9-e83b20c4c391" testName="borrarArticulosTest" computerName="DIEGO-PC" duration="00:00:00.0088335" startTime="2012-11-19T01:14:08.3128425-03:00" endTime="2012-11-19T01:14:08.3288434-03:00" testType="13cdc9d9-ddb5-4fa4-a97d-d965ccfc6d4b" outcome="Passed" testListId="8c84fa94-04c1-424b-9868-57a2d4851a1d" relativeResultsDirectory="0560625c-80e1-4166-9f79-031a126e7b6d">
      <Output>
        <StdOut>Save/Update: select * from Articulos; select * from lista_precios WHERE borrado = 0
Save/Update: SELECT  ISNULL(MAX(cod_articulo + 1),1) from Articulos
Save/Update: INSERT INTO Articulos (cod_articulo, tipoPrendaID, diseñoID, comentario, produccion, precioActual, borrado) VALUES (4 , 2 , 2 , 'com4', 10 , 1.4, 0 ); UPDATE lista_precios SET borrado=1 WHERE cod_articulo=4  ; 
Save/Update: select * from Articulos; select * from lista_precios WHERE borrado = 0
Save/Update: DELETE Articulos WHERE cod_articulo=4  
Save/Update: select * from Articulos; select * from lista_precios WHERE borrado = 0
Save/Update: DELETE Articulos WHERE cod_articulo=4</StdOut>
      </Output>
    </UnitTestResult>
    <UnitTestResult executionId="e6bdb8df-d443-4095-8b11-39a6c88a245d" testId="147439b4-00a7-f2cb-1dec-6270bffba92e" testName="listarFamliasTest" computerName="DIEGO-PC" duration="00:00:00.0061823" startTime="2012-11-19T01:14:08.3328437-03:00" endTime="2012-11-19T01:14:08.3478445-03:00" testType="13cdc9d9-ddb5-4fa4-a97d-d965ccfc6d4b" outcome="Passed" testListId="8c84fa94-04c1-424b-9868-57a2d4851a1d" relativeResultsDirectory="e6bdb8df-d443-4095-8b11-39a6c88a245d">
      <Output>
        <StdOut>Save/Update: select * from Familia; select * from JoinFamiliaToPatente
Save/Update: select * from Patente JOIN JoinFamiliaToPatente AS familia ON Patente.patenteId=familia.patenteId WHERE familia.familiaID=1  
Save/Update: select * from Patente JOIN JoinFamiliaToPatente AS familia ON Patente.patenteId=familia.patenteId WHERE familia.familiaID=2  
Save/Update: select * from Patente JOIN JoinFamiliaToPatente AS familia ON Patente.patenteId=familia.patenteId WHERE familia.familiaID=3  
Save/Update: select * from Patente JOIN JoinFamiliaToPatente AS familia ON Patente.patenteId=familia.patenteId WHERE familia.familiaID=4  
Save/Update: select * from Patente JOIN JoinFamiliaToPatente AS familia ON Patente.patenteId=familia.patenteId WHERE familia.familiaID=5  
Save/Update: select * from Patente JOIN JoinFamiliaToPatente AS familia ON Patente.patenteId=familia.patenteId WHERE familia.familiaID=6</StdOut>
      </Output>
    </UnitTestResult>
    <UnitTestResult executionId="1c1d6c81-88f2-40d8-89a1-e595b32524d2" testId="1547d2a7-8401-4066-0421-456391521e4e" testName="GuardarPedidoTest1" computerName="DIEGO-PC" duration="00:00:04.5980274" startTime="2012-11-19T01:14:08.3498446-03:00" endTime="2012-11-19T01:14:12.9571081-03:00" testType="13cdc9d9-ddb5-4fa4-a97d-d965ccfc6d4b" outcome="Passed" testListId="8c84fa94-04c1-424b-9868-57a2d4851a1d" relativeResultsDirectory="1c1d6c81-88f2-40d8-89a1-e595b32524d2">
      <Output>
        <StdOut>Save/Update: SELECT  ISNULL(MAX(cod_pedido + 1),1) from Pedido
Save/Update: INSERT INTO Pedido (cod_pedido, comentario, id_cliente, tipo_pedido, estadoActual, fechaInicio, fechaFinal, borrado) VALUES (5 , 'comentario test', 2 , 2 , 2 ,  CAST('19/11/2012 01:14:08.358'  AS DateTime),  NULL , 0 ); UPDATE produccion SET borrado=1 WHERE cod_pedido=5  ; UPDATE historico_estados_pedido SET borrado=1 WHERE cod_pedido=5  ; 
Save/Update: SELECT  ISNULL(MAX(cod_produccion + 1),1) from produccion
Save/Update: INSERT INTO produccion (cod_produccion, comentario, cod_pedido, cod_maquina, cod_articulo, cantidad, estadoActual, utilizacion, fechaInicio, fechaFinal, borrado) VALUES (7 , 'com1', 5 , 2 , 1 , 10 , 1 , 1,  CAST('19/11/2012 01:14:08.358'  AS DateTime),  NULL , 0 ); UPDATE historico_estados_produccion SET borrado=1 WHERE cod_produccion=7  ; 
Save/Update: UPDATE Pedido SET comentario='comentario test', id_cliente=2 , tipo_pedido=2 , estadoActual=2 , fechaInicio= CAST('19/11/2012 01:14:08.358'  AS DateTime), fechaFinal= NULL , borrado=0  WHERE cod_pedido=5  ; UPDATE produccion SET borrado=1 WHERE cod_pedido=5  ; UPDATE historico_estados_pedido SET borrado=1 WHERE cod_pedido=5  ; 
Save/Update: SELECT  ISNULL(MAX(nro_estado + 1),1) from historico_estados_pedido WHERE cod_pedido=5
Save/Update: INSERT INTO historico_estados_pedido (nro_estado, comentario, cod_pedido, fechaDesde, fechaHasta, estado, borrado) VALUES (1 , '', 5 ,  CAST('19/11/2012 01:14:08.370'  AS DateTime),  NULL , 2 , 0 ); 
Save/Update: UPDATE produccion SET comentario='com1', cod_pedido=5 , cod_maquina=2 , cod_articulo=1 , cantidad=10 , estadoActual=1 , utilizacion=1, fechaInicio= CAST('19/11/2012 01:14:08.358'  AS DateTime), fechaFinal= NULL , borrado=0  WHERE cod_produccion=7  ; UPDATE historico_estados_produccion SET borrado=1 WHERE cod_produccion=7  ; 
Save/Update: select * from Pedido WHERE  Pedido.cod_pedido=5  ; select * from produccion WHERE borrado = 0; select * from historico_estados_pedido WHERE borrado = 0
Save/Update: select * from historico_estados_pedido WHERE  historico_estados_pedido.cod_pedido=5  
Save/Update: select * from tipoPedido WHERE  tipoPedido.tipo_pedido=2  
Save/Update: select * from produccion WHERE  produccion.cod_pedido=5  ; select * from historico_estados_produccion WHERE borrado = 0
Save/Update: select * from Cliente WHERE  Cliente.id_cliente=2  ; select * from cliente_movimientos; select * from Pedido WHERE borrado = 0; select * from Factura WHERE borrado = 0; select * from Diseño WHERE borrado = 0
Save/Update: select * from EstadoPedido WHERE  EstadoPedido.estado_pedido=2  
Save/Update: select * from Usuario WHERE  Usuario.usuarioID=2  ; select * from JoinUsuarioToFamilia; select * from JoinPatenteToUsuario
Save/Update: select * from Familia JOIN JoinUsuarioToFamilia AS usuarios ON Familia.familiaID=usuarios.familiaID WHERE usuarios.usuarioID=2  ; select * from JoinFamiliaToPatente
Save/Update: select * from Patente JOIN JoinFamiliaToPatente AS familia ON Patente.patenteId=familia.patenteId WHERE familia.familiaID=2  
Save/Update: select * from Patente JOIN JoinPatenteToUsuario AS usuario ON Patente.patenteId=usuario.patenteId WHERE usuario.usuarioID=2  
Save/Update: select * from Cliente WHERE  Cliente.usuarioID=2  ; select * from cliente_movimientos; select * from Pedido WHERE borrado = 0; select * from Factura WHERE borrado = 0; select * from Diseño WHERE borrado = 0
Save/Update: select * from newsletter WHERE  newsletter.id=1  
Save/Update: select * from produccion WHERE  produccion.cod_produccion=7  ; select * from historico_estados_produccion WHERE borrado = 0
Save/Update: select * from Pedido WHERE  Pedido.cod_pedido=5  ; select * from produccion WHERE borrado = 0; select * from historico_estados_pedido WHERE borrado = 0
Save/Update: select * from Maquina WHERE  Maquina.cod_maquina=2  ; select * from JoinMaquinaToTipoPrenda
Save/Update: select * from Articulos WHERE  Articulos.cod_articulo=1  ; select * from lista_precios WHERE borrado = 0
Save/Update: select * from EstadoTrabajos WHERE  EstadoTrabajos.cod_estado=1  
Save/Update: select * from historico_estados_produccion WHERE  historico_estados_produccion.cod_produccion=7  
Save/Update: select * from produccion_operador WHERE  produccion_operador.cod_prodcuccion=7  
Save/Update: select * from newsletter WHERE  newsletter.id=2  
Save/Update: select * from Articulos WHERE  Articulos.cod_articulo=1  ; select * from lista_precios WHERE borrado = 0
Save/Update: select * from lista_precios WHERE  lista_precios.cod_articulo=1  
Save/Update: select * from TipoPrenda WHERE  TipoPrenda.tipo_prenda=1  
Save/Update: select * from Diseño WHERE  Diseño.cod_diseño=1  ; select * from historico_estados_diseño WHERE borrado = 0
Save/Update: select * from Pedido WHERE  Pedido.cod_pedido=5  ; select * from produccion WHERE borrado = 0; select * from historico_estados_pedido WHERE borrado = 0
Save/Update: select * from historico_estados_pedido WHERE  historico_estados_pedido.cod_pedido=5  
Save/Update: select * from tipoPedido WHERE  tipoPedido.tipo_pedido=2  
Save/Update: select * from produccion WHERE  produccion.cod_pedido=5  ; select * from historico_estados_produccion WHERE borrado = 0
Save/Update: select * from Cliente WHERE  Cliente.id_cliente=2  ; select * from cliente_movimientos; select * from Pedido WHERE borrado = 0; select * from Factura WHERE borrado = 0; select * from Diseño WHERE borrado = 0
Save/Update: select * from EstadoPedido WHERE  EstadoPedido.estado_pedido=2  
Save/Update: DELETE historico_estados_pedido WHERE nro_estado=1  AND cod_pedido=5  
Save/Update: DELETE historico_estados_pedido WHERE nro_estado=2  AND cod_pedido=5  
Save/Update: DELETE produccion WHERE cod_produccion=7  
Save/Update: DELETE Pedido WHERE cod_pedido=5</StdOut>
      </Output>
    </UnitTestResult>
    <UnitTestResult executionId="2c314f7c-d778-4806-8227-41757227eb2f" testId="15781058-9d50-4692-2e7e-53db8e43c13c" testName="grabarMovimientoTest" computerName="DIEGO-PC" duration="00:00:00.0209179" startTime="2012-11-19T01:14:12.9611084-03:00" endTime="2012-11-19T01:14:12.9911101-03:00" testType="13cdc9d9-ddb5-4fa4-a97d-d965ccfc6d4b" outcome="Passed" testListId="8c84fa94-04c1-424b-9868-57a2d4851a1d" relativeResultsDirectory="2c314f7c-d778-4806-8227-41757227eb2f">
      <Output>
        <StdOut>Save/Update: SELECT  ISNULL(MAX(nro_movimiento + 1),1) from MovimientosCuenta
Save/Update: INSERT INTO MovimientosCuenta (nro_movimiento, comentario, fecha, monto, cuentaID, tipoMovimientoID) VALUES (4 , 'com4',  CAST('19/11/2012 01:14:12.969'  AS DateTime), 33.3, 1 , 2 ); DELETE cliente_movimientos where nro_movimiento=4  ;  INSERT INTO cliente_movimientos ( nro_movimiento, id_cliente) VALUES ( 4 , 2 ); DELETE documento_movimiento where nro_movimiento=4  ; 
Save/Update: select * from MovimientosCuenta JOIN cliente_movimientos AS cliente ON MovimientosCuenta.nro_movimiento=cliente.nro_movimiento WHERE  MovimientosCuenta.nro_movimiento=4  AND cliente.id_cliente IS NOT  NULL ; select * from cliente_movimientos; select * from documento_movimiento
Save/Update: select * from Cliente WHERE  Cliente.id_cliente=2  ; select * from cliente_movimientos; select * from Pedido WHERE borrado = 0; select * from Factura WHERE borrado = 0; select * from Diseño WHERE borrado = 0
Save/Update: select * from Usuario WHERE  Usuario.usuarioID=2  ; select * from JoinUsuarioToFamilia; select * from JoinPatenteToUsuario
Save/Update: select * from Familia JOIN JoinUsuarioToFamilia AS usuarios ON Familia.familiaID=usuarios.familiaID WHERE usuarios.usuarioID=2  ; select * from JoinFamiliaToPatente
Save/Update: select * from Patente JOIN JoinFamiliaToPatente AS familia ON Patente.patenteId=familia.patenteId WHERE familia.familiaID=2  
Save/Update: select * from Patente JOIN JoinPatenteToUsuario AS usuario ON Patente.patenteId=usuario.patenteId WHERE usuario.usuarioID=2  
Save/Update: select * from Cliente WHERE  Cliente.usuarioID=2  ; select * from cliente_movimientos; select * from Pedido WHERE borrado = 0; select * from Factura WHERE borrado = 0; select * from Diseño WHERE borrado = 0
Save/Update: select * from Diseño WHERE  Diseño.id_cliente=2  ; select * from historico_estados_diseño WHERE borrado = 0
Save/Update: select * from Factura WHERE  Factura.id_cliente=2  ; select * from documento_movimiento; select * from LineaFactura WHERE borrado = 0
Save/Update: select * from Pedido WHERE  Pedido.id_cliente=2  ; select * from produccion WHERE borrado = 0; select * from historico_estados_pedido WHERE borrado = 0
Save/Update: select * from MovimientosCuenta JOIN cliente_movimientos AS cliente ON MovimientosCuenta.nro_movimiento=cliente.nro_movimiento WHERE cliente.id_cliente=2  AND cliente.id_cliente IS NOT  NULL ; select * from cliente_movimientos; select * from documento_movimiento
Save/Update: select * from tipoMovimiento WHERE  tipoMovimiento.tipoMovimientoID=2  
Save/Update: select * from Cuenta WHERE  Cuenta.cuentaID=1  
Save/Update: DELETE cliente_movimientos where nro_movimiento=4  ; DELETE documento_movimiento where nro_movimiento=4  ; ;DELETE MovimientosCuenta WHERE nro_movimiento=4</StdOut>
      </Output>
    </UnitTestResult>
    <UnitTestResult executionId="9152fb6d-98c6-46ae-b56f-d64729942ce9" testId="15a2dfa0-b5da-ca0f-1901-200d0b50ec37" testName="cargarlistaProduccionTest" computerName="DIEGO-PC" duration="00:00:00.0069391" startTime="2012-11-19T01:14:12.9941103-03:00" endTime="2012-11-19T01:14:13.0081111-03:00" testType="13cdc9d9-ddb5-4fa4-a97d-d965ccfc6d4b" outcome="Passed" testListId="8c84fa94-04c1-424b-9868-57a2d4851a1d" relativeResultsDirectory="9152fb6d-98c6-46ae-b56f-d64729942ce9">
      <Output>
        <StdOut>Save/Update: select * from produccion; select * from historico_estados_produccion WHERE borrado = 0
Save/Update: DELETE produccion WHERE cod_produccion=7</StdOut>
      </Output>
    </UnitTestResult>
    <UnitTestResult executionId="b54dabab-aa74-450b-9fe0-37fdee33ddfb" testId="15e90031-185d-99ec-c865-633047dc95f1" testName="listarMensajesTest" computerName="DIEGO-PC" duration="00:00:00.0101283" startTime="2012-11-19T01:14:13.0121113-03:00" endTime="2012-11-19T01:14:13.0301123-03:00" testType="13cdc9d9-ddb5-4fa4-a97d-d965ccfc6d4b" outcome="Passed" testListId="8c84fa94-04c1-424b-9868-57a2d4851a1d" relativeResultsDirectory="b54dabab-aa74-450b-9fe0-37fdee33ddfb">
      <Output>
        <StdOut>Save/Update: select * from Conversacion WHERE  Conversacion.remitente=1  ; select * from mensaje WHERE borrado = 0
Save/Update: select * from Conversacion WHERE  Conversacion.destinatario=1  ; select * from mensaje WHERE borrado = 0
Save/Update: select * from Usuario WHERE  Usuario.usuarioID=1  ; select * from JoinUsuarioToFamilia; select * from JoinPatenteToUsuario
Save/Update: select * from Usuario WHERE  Usuario.usuarioID=2  ; select * from JoinUsuarioToFamilia; select * from JoinPatenteToUsuario
Save/Update: select * from Mensaje WHERE  Mensaje.id_conversacion=1</StdOut>
      </Output>
    </UnitTestResult>
    <UnitTestResult executionId="9f9b70d1-223d-4b27-9d44-ff5ce2b8e494" testId="16d2afdb-fcf6-6658-1d97-2e6156bb9c19" testName="listarArticulosPorDiseñoTest" computerName="DIEGO-PC" duration="00:00:00.0155077" startTime="2012-11-19T01:14:13.0331125-03:00" endTime="2012-11-19T01:14:13.0571139-03:00" testType="13cdc9d9-ddb5-4fa4-a97d-d965ccfc6d4b" outcome="Passed" testListId="8c84fa94-04c1-424b-9868-57a2d4851a1d" relativeResultsDirectory="9f9b70d1-223d-4b27-9d44-ff5ce2b8e494">
      <Output>
        <StdOut>Save/Update: select * from Articulos WHERE  Articulos.diseñoID=1  AND  Articulos.borrado=0  ; select * from lista_precios WHERE borrado = 0
Save/Update: select * from lista_precios WHERE  lista_precios.cod_articulo=1  
Save/Update: select * from TipoPrenda WHERE  TipoPrenda.tipo_prenda=1  
Save/Update: select * from Diseño WHERE  Diseño.cod_diseño=1  ; select * from historico_estados_diseño WHERE borrado = 0
Save/Update: select * from lista_precios WHERE  lista_precios.cod_articulo=3  
Save/Update: select * from TipoPrenda WHERE  TipoPrenda.tipo_prenda=2  
Save/Update: select * from Diseño WHERE  Diseño.cod_diseño=1  ; select * from historico_estados_diseño WHERE borrado = 0
Save/Update: DELETE lista_precios WHERE nro_lista=1  AND cod_articulo=4  
Save/Update: DELETE lista_precios WHERE nro_lista=2  AND cod_articulo=4  
Save/Update: DELETE Articulos WHERE cod_articulo=4</StdOut>
      </Output>
    </UnitTestResult>
    <UnitTestResult executionId="02e3ccd6-49ab-4c3e-a37f-345512d984c1" testId="16ffbd3f-3aee-beef-202b-0a5edf0b4c4f" testName="cargarPatentesPorFamiliaTest" computerName="DIEGO-PC" duration="00:00:00.0037177" startTime="2012-11-19T01:14:13.0601140-03:00" endTime="2012-11-19T01:14:13.0701146-03:00" testType="13cdc9d9-ddb5-4fa4-a97d-d965ccfc6d4b" outcome="Passed" testListId="8c84fa94-04c1-424b-9868-57a2d4851a1d" relativeResultsDirectory="02e3ccd6-49ab-4c3e-a37f-345512d984c1">
      <Output>
        <StdOut>Save/Update: select * from Patente JOIN JoinFamiliaToPatente AS familia ON Patente.patenteId=familia.patenteId WHERE familia.familiaID=6</StdOut>
      </Output>
    </UnitTestResult>
    <UnitTestResult executionId="b55e16db-b375-42b4-9520-dabccfda42b8" testId="179d28ef-c565-5c45-d785-59f1a0626295" testName="crearUsuarioTest" computerName="DIEGO-PC" duration="00:00:00.0401076" startTime="2012-11-19T01:14:13.0751149-03:00" endTime="2012-11-19T01:14:13.1211175-03:00" testType="13cdc9d9-ddb5-4fa4-a97d-d965ccfc6d4b" outcome="Passed" testListId="8c84fa94-04c1-424b-9868-57a2d4851a1d" relativeResultsDirectory="b55e16db-b375-42b4-9520-dabccfda42b8">
      <Output>
        <StdOut>Save/Update: SELECT  ISNULL(MAX(usuarioID + 1),1) from Usuario
Save/Update: INSERT INTO Usuario (usuarioID, nombre, apellido, mail, password, telefonoFijo, telefonoMovil, bloqueado) VALUES (6 , 'nombre6', 'apellido6', 'mail6@test.com', '10C91F6B75161578', '6666-6666', '6666-6666', 0 ); DELETE JoinUsuarioToFamilia where usuarioID=6  ;  INSERT INTO JoinUsuarioToFamilia ( usuarioID, familiaID) VALUES ( 6 , 5 ); DELETE JoinPatenteToUsuario where usuarioID=6  ;  INSERT INTO JoinPatenteToUsuario ( usuarioID, patenteId) VALUES ( 6 , 3 ); 
Save/Update: select * from Usuario WHERE  Usuario.usuarioID=6  ; select * from JoinUsuarioToFamilia; select * from JoinPatenteToUsuario
Save/Update: select * from Familia JOIN JoinUsuarioToFamilia AS usuarios ON Familia.familiaID=usuarios.familiaID WHERE usuarios.usuarioID=6  ; select * from JoinFamiliaToPatente
Save/Update: select * from Patente JOIN JoinFamiliaToPatente AS familia ON Patente.patenteId=familia.patenteId WHERE familia.familiaID=5  
Save/Update: select * from Patente JOIN JoinPatenteToUsuario AS usuario ON Patente.patenteId=usuario.patenteId WHERE usuario.usuarioID=6  
Save/Update: select * from Cliente WHERE  Cliente.usuarioID=6  ; select * from cliente_movimientos; select * from Pedido WHERE borrado = 0; select * from Factura WHERE borrado = 0; select * from Diseño WHERE borrado = 0
Save/Update: DELETE JoinUsuarioToFamilia where usuarioID=6  ; DELETE JoinPatenteToUsuario where usuarioID=6  ; ;DELETE Usuario WHERE usuarioID=6  
Save/Update: select * from Usuario WHERE  Usuario.usuarioID=6  AND  Usuario.mail='mail6@test.com' ; select * from JoinUsuarioToFamilia; select * from JoinPatenteToUsuario
Save/Update: UPDATE Usuario SET nombre='nombre1', apellido='apellido1', mail='mail1@test.com', password='11C8', telefonoFijo='1111-1111', telefonoMovil='1111-1111', bloqueado=0  WHERE usuarioID=1  ; DELETE JoinUsuarioToFamilia where usuarioID=1  ; DELETE JoinPatenteToUsuario where usuarioID=1  ; 
Save/Update: UPDATE Cliente SET habitadoTurnos=1 , newsletter=0  WHERE id_cliente=1  ; UPDATE Pedido SET borrado=1 WHERE id_cliente=1  ; UPDATE Factura SET borrado=1 WHERE id_cliente=1  ; UPDATE Diseño SET borrado=1 WHERE id_cliente=1  ; 
Save/Update:  UPDATE factura set borrado = 0 
Save/Update:  UPDATE diseño set borrado = 0 
Save/Update:  UPDATE pedido set borrado = 0 
Save/Update:  Insert into JoinPatenteToUsuario values (1,1)</StdOut>
      </Output>
    </UnitTestResult>
    <UnitTestResult executionId="119d7ccc-2313-4bf3-aa2a-951d022931bf" testId="19a165a4-d445-e33e-7cb8-0f8a6d509eae" testName="modificarNuevoPedidoTest" computerName="DIEGO-PC" duration="00:00:00.0213903" startTime="2012-11-19T01:14:13.1251178-03:00" endTime="2012-11-19T01:14:13.1561195-03:00" testType="13cdc9d9-ddb5-4fa4-a97d-d965ccfc6d4b" outcome="Passed" testListId="8c84fa94-04c1-424b-9868-57a2d4851a1d" relativeResultsDirectory="119d7ccc-2313-4bf3-aa2a-951d022931bf">
      <Output>
        <StdOut>Save/Update: SELECT  ISNULL(MAX(cod_pedido + 1),1) from Pedido
Save/Update: INSERT INTO Pedido (cod_pedido, comentario, id_cliente, tipo_pedido, estadoActual, fechaInicio, fechaFinal, borrado) VALUES (5 , 'comentario test', 2 , 2 , 2 ,  CAST('19/11/2012 01:14:13.138'  AS DateTime),  CAST('19/11/2012 01:14:13.138'  AS DateTime), 0 ); UPDATE produccion SET borrado=1 WHERE cod_pedido=5  ; UPDATE historico_estados_pedido SET borrado=1 WHERE cod_pedido=5  ; 
Save/Update: select * from Pedido WHERE  Pedido.comentario='comentario test' ; select * from produccion WHERE borrado = 0; select * from historico_estados_pedido WHERE borrado = 0
Save/Update: UPDATE Pedido SET comentario='comentario Modificado', id_cliente=2 , tipo_pedido=2 , estadoActual=3 , fechaInicio= CAST('19/11/2012 01:14:13.138'  AS DateTime), fechaFinal= CAST('10/10/2012 00:00:00.000'  AS DateTime), borrado=0  WHERE cod_pedido=5  ; UPDATE produccion SET borrado=1 WHERE cod_pedido=5  ; UPDATE historico_estados_pedido SET borrado=1 WHERE cod_pedido=5  ; 
Save/Update: select * from Pedido WHERE  Pedido.cod_pedido=5  ; select * from produccion WHERE borrado = 0; select * from historico_estados_pedido WHERE borrado = 0
Save/Update: DELETE Pedido WHERE cod_pedido=5</StdOut>
      </Output>
    </UnitTestResult>
    <UnitTestResult executionId="024d7a03-5b6c-48d8-bf3a-26ac421c724c" testId="1a2eb27e-5a5f-d0a1-8888-804cc861f69e" testName="actualizarInsumoTest" computerName="DIEGO-PC" duration="00:00:00.0241162" startTime="2012-11-19T01:14:13.1581196-03:00" endTime="2012-11-19T01:14:13.1901215-03:00" testType="13cdc9d9-ddb5-4fa4-a97d-d965ccfc6d4b" outcome="Passed" testListId="8c84fa94-04c1-424b-9868-57a2d4851a1d" relativeResultsDirectory="024d7a03-5b6c-48d8-bf3a-26ac421c724c">
      <Output>
        <StdOut>Save/Update: SELECT  ISNULL(MAX(cod_insumo + 1),1) from insumo
Save/Update: INSERT INTO insumo (cod_insumo, nombre, id_tipo_insumo, color, detalle, costo, cantidadActual) VALUES (5 , 'test creacion', 1 , 1 , 'insumo repo test', 5, 100 ); 
Save/Update: SELECT  ISNULL(MAX(nro_movimiento + 1),1) from MovimientosStock WHERE cod_insumo=5
Save/Update: INSERT INTO MovimientosStock (nro_movimiento, cod_insumo, tipo, fecha, cantidad) VALUES (1 , 5 , 2 ,  CAST('19/11/2012 01:14:13.168'  AS DateTime), 100); 
Save/Update: select * from insumo WHERE  insumo.cod_insumo=5  
Save/Update: select * from tipoInsumo WHERE  tipoInsumo.tipo_insumo=1  
Save/Update: select * from color WHERE  color.codigo_color=1  
Save/Update: select * from MovimientosStock WHERE  MovimientosStock.cod_insumo=5  
Save/Update: select * from insumo WHERE  insumo.cod_insumo=5  
Save/Update: select * from tipoInsumo WHERE  tipoInsumo.tipo_insumo=1  
Save/Update: select * from color WHERE  color.codigo_color=1  
Save/Update: select * from MovimientosStock WHERE  MovimientosStock.cod_insumo=5  
Save/Update: UPDATE insumo SET nombre='test creacion', id_tipo_insumo=1 , color=1 , detalle='insumo repo test', costo=5, cantidadActual=250  WHERE cod_insumo=5  ; 
Save/Update: SELECT  ISNULL(MAX(nro_movimiento + 1),1) from MovimientosStock WHERE cod_insumo=5
Save/Update: INSERT INTO MovimientosStock (nro_movimiento, cod_insumo, tipo, fecha, cantidad) VALUES (2 , 5 , 2 ,  CAST('19/11/2012 01:14:13.178'  AS DateTime), 150); 
Save/Update: select * from insumo WHERE  insumo.cod_insumo=5  
Save/Update: select * from tipoInsumo WHERE  tipoInsumo.tipo_insumo=1  
Save/Update: select * from color WHERE  color.codigo_color=1  
Save/Update: select * from MovimientosStock WHERE  MovimientosStock.cod_insumo=5  
Save/Update: select * from insumo WHERE  insumo.cod_insumo=1  
Save/Update: select * from tipoInsumo WHERE  tipoInsumo.tipo_insumo=1  
Save/Update: select * from color WHERE  color.codigo_color=1  
Save/Update: select * from MovimientosStock WHERE  MovimientosStock.cod_insumo=1  
Save/Update: select * from insumo WHERE  insumo.cod_insumo=2  
Save/Update: select * from tipoInsumo WHERE  tipoInsumo.tipo_insumo=1  
Save/Update: select * from color WHERE  color.codigo_color=2  
Save/Update: select * from MovimientosStock WHERE  MovimientosStock.cod_insumo=2  
Save/Update: select * from insumo WHERE  insumo.cod_insumo=1  
Save/Update: select * from tipoInsumo WHERE  tipoInsumo.tipo_insumo=1  
Save/Update: select * from color WHERE  color.codigo_color=1  
Save/Update: select * from MovimientosStock WHERE  MovimientosStock.cod_insumo=1  
Save/Update: UPDATE insumo SET nombre='nombre1', id_tipo_insumo=1 , color=1 , detalle='detalle1', costo=1, cantidadActual=1  WHERE cod_insumo=1  ; 
Save/Update: select * from insumo WHERE  insumo.cod_insumo=2  
Save/Update: select * from tipoInsumo WHERE  tipoInsumo.tipo_insumo=1  
Save/Update: select * from color WHERE  color.codigo_color=2  
Save/Update: select * from MovimientosStock WHERE  MovimientosStock.cod_insumo=2  
Save/Update: UPDATE insumo SET nombre='nombre2', id_tipo_insumo=1 , color=2 , detalle='detalle2', costo=1, cantidadActual=2  WHERE cod_insumo=2  ; 
Save/Update: delete from MovimientosStock where cod_insumo &gt; 2 or (cod_insumo = 1 AND nro_movimiento &gt; 2) or (cod_insumo = 2 AND nro_movimiento &gt; 1)
Save/Update: DELETE MovimientosStock WHERE nro_movimiento=1  AND cod_insumo=5  
Save/Update: DELETE MovimientosStock WHERE nro_movimiento=2  AND cod_insumo=5  
Save/Update: DELETE insumo WHERE cod_insumo=5</StdOut>
      </Output>
    </UnitTestResult>
    <UnitTestResult executionId="ee7ddc0d-d7fc-4cd6-b606-644b26f85f47" testId="1aa90fb2-a5a8-fc6d-427f-550365a59543" testName="buscarPorIdTest" computerName="DIEGO-PC" duration="00:00:00.0028500" startTime="2012-11-19T01:14:13.1951218-03:00" endTime="2012-11-19T01:14:13.2051223-03:00" testType="13cdc9d9-ddb5-4fa4-a97d-d965ccfc6d4b" outcome="Passed" testListId="8c84fa94-04c1-424b-9868-57a2d4851a1d" relativeResultsDirectory="ee7ddc0d-d7fc-4cd6-b606-644b26f85f47">
      <Output>
        <StdOut>Save/Update: select * from Proveedor WHERE  Proveedor.id_proveedor=1</StdOut>
      </Output>
    </UnitTestResult>
    <UnitTestResult executionId="80a3a45b-9e8d-4be7-8f6e-e359da2d8a00" testId="1cbe2801-d19a-9274-15f8-0dba46344245" testName="modificarUsuarioTest" computerName="DIEGO-PC" duration="00:00:00.0211140" startTime="2012-11-19T01:14:13.2081225-03:00" endTime="2012-11-19T01:14:13.2361241-03:00" testType="13cdc9d9-ddb5-4fa4-a97d-d965ccfc6d4b" outcome="Passed" testListId="8c84fa94-04c1-424b-9868-57a2d4851a1d" relativeResultsDirectory="80a3a45b-9e8d-4be7-8f6e-e359da2d8a00">
      <Output>
        <StdOut>Save/Update: select * from Usuario WHERE  Usuario.usuarioID=5  ; select * from JoinUsuarioToFamilia; select * from JoinPatenteToUsuario
Save/Update: select * from Familia JOIN JoinUsuarioToFamilia AS usuarios ON Familia.familiaID=usuarios.familiaID WHERE usuarios.usuarioID=5  ; select * from JoinFamiliaToPatente
Save/Update: select * from Patente JOIN JoinPatenteToUsuario AS usuario ON Patente.patenteId=usuario.patenteId WHERE usuario.usuarioID=5  
Save/Update: select * from Cliente WHERE  Cliente.usuarioID=5  ; select * from cliente_movimientos; select * from Pedido WHERE borrado = 0; select * from Factura WHERE borrado = 0; select * from Diseño WHERE borrado = 0
Save/Update: UPDATE Usuario SET nombre='nombreModificado', apellido='apellido5', mail='mail5@test.com', password='0000', telefonoFijo='5555-5555', telefonoMovil='5555-5555', bloqueado=0  WHERE usuarioID=5  ; DELETE JoinUsuarioToFamilia where usuarioID=5  ;  INSERT INTO JoinUsuarioToFamilia ( usuarioID, familiaID) VALUES ( 5 , 5 ); DELETE JoinPatenteToUsuario where usuarioID=5  ;  INSERT INTO JoinPatenteToUsuario ( usuarioID, patenteId) VALUES ( 5 , 3 ); 
Save/Update: select * from Usuario WHERE  Usuario.usuarioID=5  ; select * from JoinUsuarioToFamilia; select * from JoinPatenteToUsuario
Save/Update: select * from Familia JOIN JoinUsuarioToFamilia AS usuarios ON Familia.familiaID=usuarios.familiaID WHERE usuarios.usuarioID=5  ; select * from JoinFamiliaToPatente
Save/Update: select * from Patente JOIN JoinFamiliaToPatente AS familia ON Patente.patenteId=familia.patenteId WHERE familia.familiaID=5  
Save/Update: select * from Patente JOIN JoinPatenteToUsuario AS usuario ON Patente.patenteId=usuario.patenteId WHERE usuario.usuarioID=5  
Save/Update: select * from Cliente WHERE  Cliente.usuarioID=5  ; select * from cliente_movimientos; select * from Pedido WHERE borrado = 0; select * from Factura WHERE borrado = 0; select * from Diseño WHERE borrado = 0
Save/Update: UPDATE Usuario SET nombre='nombreModificado', apellido='apellido5', mail='mail5@test.com', password='0000', telefonoFijo='5555-5555', telefonoMovil='5555-5555', bloqueado=0  WHERE usuarioID=5  ; DELETE JoinUsuarioToFamilia where usuarioID=5  ; DELETE JoinPatenteToUsuario where usuarioID=5  ; 
Save/Update: UPDATE Usuario SET nombre='nombre1', apellido='apellido1', mail='mail1@test.com', password='11C8', telefonoFijo='1111-1111', telefonoMovil='1111-1111', bloqueado=0  WHERE usuarioID=1  ; DELETE JoinUsuarioToFamilia where usuarioID=1  ; DELETE JoinPatenteToUsuario where usuarioID=1  ; 
Save/Update: UPDATE Cliente SET habitadoTurnos=1 , newsletter=0  WHERE id_cliente=1  ; UPDATE Pedido SET borrado=1 WHERE id_cliente=1  ; UPDATE Factura SET borrado=1 WHERE id_cliente=1  ; UPDATE Diseño SET borrado=1 WHERE id_cliente=1  ; 
Save/Update:  UPDATE factura set borrado = 0 
Save/Update:  UPDATE diseño set borrado = 0 
Save/Update:  UPDATE pedido set borrado = 0 
Save/Update:  Insert into JoinPatenteToUsuario values (1,1)</StdOut>
      </Output>
    </UnitTestResult>
    <UnitTestResult executionId="9208dd0e-33eb-4198-91bd-fef4a50aface" testId="1cca4a40-3e79-045d-0667-c735e9a1087b" testName="listarFacturasTest" computerName="DIEGO-PC" duration="00:00:00.0438213" startTime="2012-11-19T01:14:13.2431245-03:00" endTime="2012-11-19T01:14:13.2951275-03:00" testType="13cdc9d9-ddb5-4fa4-a97d-d965ccfc6d4b" outcome="Passed" testListId="8c84fa94-04c1-424b-9868-57a2d4851a1d" relativeResultsDirectory="9208dd0e-33eb-4198-91bd-fef4a50aface">
      <Output>
        <StdOut>Save/Update: select * from Factura; select * from documento_movimiento; select * from LineaFactura WHERE borrado = 0
Save/Update: select * from LineaFactura WHERE  LineaFactura.nro_factura=1  AND  LineaFactura.tipo_factura='A' AND  LineaFactura.nro_sucursal=1  
Save/Update: select * from Articulos WHERE  Articulos.cod_articulo=1  ; select * from lista_precios WHERE borrado = 0
Save/Update: select * from Articulos WHERE  Articulos.cod_articulo=2  ; select * from lista_precios WHERE borrado = 0
Save/Update: select * from Cliente WHERE  Cliente.id_cliente=1  ; select * from cliente_movimientos; select * from Pedido WHERE borrado = 0; select * from Factura WHERE borrado = 0; select * from Diseño WHERE borrado = 0
Save/Update: select * from Usuario WHERE  Usuario.usuarioID=1  ; select * from JoinUsuarioToFamilia; select * from JoinPatenteToUsuario
Save/Update: select * from MovimientosCuenta JOIN documento_movimiento AS documento ON MovimientosCuenta.nro_movimiento=documento.nro_movimiento JOIN cliente_movimientos AS cliente ON MovimientosCuenta.nro_movimiento=cliente.nro_movimiento WHERE documento.nro_Doc=1  AND cliente.id_cliente IS NOT  NULL ; select * from cliente_movimientos; select * from documento_movimiento
Save/Update: select * from LineaFactura WHERE  LineaFactura.nro_factura=1  AND  LineaFactura.tipo_factura='B' AND  LineaFactura.nro_sucursal=2  
Save/Update: select * from Articulos WHERE  Articulos.cod_articulo=1  ; select * from lista_precios WHERE borrado = 0
Save/Update: select * from Articulos WHERE  Articulos.cod_articulo=2  ; select * from lista_precios WHERE borrado = 0
Save/Update: select * from Cliente WHERE  Cliente.id_cliente=1  ; select * from cliente_movimientos; select * from Pedido WHERE borrado = 0; select * from Factura WHERE borrado = 0; select * from Diseño WHERE borrado = 0
Save/Update: select * from Usuario WHERE  Usuario.usuarioID=1  ; select * from JoinUsuarioToFamilia; select * from JoinPatenteToUsuario
Save/Update: select * from MovimientosCuenta JOIN documento_movimiento AS documento ON MovimientosCuenta.nro_movimiento=documento.nro_movimiento JOIN cliente_movimientos AS cliente ON MovimientosCuenta.nro_movimiento=cliente.nro_movimiento WHERE documento.nro_Doc=2  AND cliente.id_cliente IS NOT  NULL ; select * from cliente_movimientos; select * from documento_movimiento
Save/Update: DELETE LineaFactura WHERE nro_factura=2  AND nro_sucursal=1  AND tipo_factura='A' AND nro_linea=1  
Save/Update: DELETE LineaFactura WHERE nro_factura=2  AND nro_sucursal=1  AND tipo_factura='A' AND nro_linea=2  
Save/Update: DELETE cliente_movimientos where nro_movimiento=4  ; DELETE documento_movimiento where nro_movimiento=4  ; ;DELETE MovimientosCuenta WHERE nro_movimiento=4  
Save/Update: DELETE FROM Factura WHERE nro_Doc =5
Save/Update: delete documento where nro_doc=5</StdOut>
      </Output>
    </UnitTestResult>
    <UnitTestResult executionId="79d142f8-7c80-4432-8bc8-fe9f9f8638da" testId="1cea9887-e3c9-cea8-286a-dd9be44d7403" testName="buscarTipoCuentaPorIdTest2" computerName="DIEGO-PC" duration="00:00:00.0023205" startTime="2012-11-19T01:14:13.3011278-03:00" endTime="2012-11-19T01:14:13.3111284-03:00" testType="13cdc9d9-ddb5-4fa4-a97d-d965ccfc6d4b" outcome="Passed" testListId="8c84fa94-04c1-424b-9868-57a2d4851a1d" relativeResultsDirectory="79d142f8-7c80-4432-8bc8-fe9f9f8638da">
      <Output>
        <StdOut>Save/Update: select * from Cuenta WHERE  Cuenta.cuentaID=1</StdOut>
      </Output>
    </UnitTestResult>
    <UnitTestResult executionId="d0fc8c6f-8b33-4237-b431-dfd4b88154fc" testId="1e112e87-ecd4-bbc8-5f74-eb12a4718023" testName="borrarLineaTest" computerName="DIEGO-PC" duration="00:00:00.0149434" startTime="2012-11-19T01:14:13.3181288-03:00" endTime="2012-11-19T01:14:13.3451303-03:00" testType="13cdc9d9-ddb5-4fa4-a97d-d965ccfc6d4b" outcome="Passed" testListId="8c84fa94-04c1-424b-9868-57a2d4851a1d" relativeResultsDirectory="d0fc8c6f-8b33-4237-b431-dfd4b88154fc">
      <Output>
        <StdOut>Save/Update: SELECT  ISNULL(MAX(nro_linea + 1),1) from LineaFactura WHERE nro_factura=1 AND nro_sucursal=1 AND tipo_factura='A'
Save/Update: INSERT INTO LineaFactura (nro_factura, nro_sucursal, tipo_factura, nro_linea, cod_producto, cantidad, precio, borrado) VALUES (1 , 1 , 'A', 3 , 3 , 33 , 33.3, 0 ); 
Save/Update: select * from LineaFactura WHERE  LineaFactura.nro_factura=1  AND  LineaFactura.nro_linea=3  AND  LineaFactura.nro_sucursal=1  AND  LineaFactura.tipo_factura='A' 
Save/Update: DELETE LineaFactura WHERE nro_factura=1  AND nro_sucursal=1  AND tipo_factura='A' AND nro_linea=3  
Save/Update: select * from LineaFactura WHERE  LineaFactura.nro_factura=1  AND  LineaFactura.nro_linea=3  AND  LineaFactura.nro_sucursal=1  AND  LineaFactura.tipo_factura='A'</StdOut>
      </Output>
    </UnitTestResult>
    <UnitTestResult executionId="5216601a-4878-436e-98b8-6a7913feb367" testId="1f993eef-b5ac-3548-c940-f219e4216d75" testName="listarProveedoresTest" computerName="DIEGO-PC" duration="00:00:00.0245147" startTime="2012-11-19T01:14:13.3501306-03:00" endTime="2012-11-19T01:14:13.3821325-03:00" testType="13cdc9d9-ddb5-4fa4-a97d-d965ccfc6d4b" outcome="Passed" testListId="8c84fa94-04c1-424b-9868-57a2d4851a1d" relativeResultsDirectory="5216601a-4878-436e-98b8-6a7913feb367">
      <Output>
        <StdOut>Save/Update: select * from Proveedor
Save/Update: select * from OrdenDeCompra WHERE  OrdenDeCompra.id_proveedor=1  ; select * from documento_movimiento; select * from LineaOrdenDeCompra WHERE borrado = 0
Save/Update: select * from OrdenDeCompra WHERE  OrdenDeCompra.id_proveedor=2  ; select * from documento_movimiento; select * from LineaOrdenDeCompra WHERE borrado = 0
Save/Update: select * from OrdenDeCompra WHERE  OrdenDeCompra.id_proveedor=3  ; select * from documento_movimiento; select * from LineaOrdenDeCompra WHERE borrado = 0
Save/Update: delete OrdenDeCompra where nro_doc=5
Save/Update: delete documento where nro_doc=5
Save/Update: DELETE Proveedor WHERE id_proveedor=4  
Save/Update: UPDATE Proveedor SET nombre='nombre1', telefono='1111-1111', direccion='direccion 1' WHERE id_proveedor=1  ;</StdOut>
      </Output>
    </UnitTestResult>
    <UnitTestResult executionId="bd4945a3-049a-4d23-a44f-e5e96848cfa6" testId="1fb18ed6-06da-35e1-ec67-5275eec70993" testName="actualizarTipoPrendaTest" computerName="DIEGO-PC" duration="00:00:00.0067058" startTime="2012-11-19T01:14:13.3931331-03:00" endTime="2012-11-19T01:14:13.4081339-03:00" testType="13cdc9d9-ddb5-4fa4-a97d-d965ccfc6d4b" outcome="Passed" testListId="8c84fa94-04c1-424b-9868-57a2d4851a1d" relativeResultsDirectory="bd4945a3-049a-4d23-a44f-e5e96848cfa6">
      <Output>
        <StdOut>Save/Update: UPDATE TipoPrenda SET descripcion='Campera modificada' WHERE tipo_prenda=1  ; 
Save/Update: select * from TipoPrenda WHERE  TipoPrenda.tipo_prenda=1  
Save/Update: UPDATE TipoPrenda SET descripcion='Campera Armada' WHERE tipo_prenda=1  ;</StdOut>
      </Output>
    </UnitTestResult>
    <UnitTestResult executionId="a1fb0000-cb65-47a9-9b17-f87b10b850c5" testId="20d5f305-5003-b633-f12a-b60950a7d487" testName="borrarPedidoTest" computerName="DIEGO-PC" duration="00:00:00.0079776" startTime="2012-11-19T01:14:13.4161344-03:00" endTime="2012-11-19T01:14:13.4321353-03:00" testType="13cdc9d9-ddb5-4fa4-a97d-d965ccfc6d4b" outcome="Passed" testListId="8c84fa94-04c1-424b-9868-57a2d4851a1d" relativeResultsDirectory="a1fb0000-cb65-47a9-9b17-f87b10b850c5">
      <Output>
        <StdOut>Save/Update: SELECT  ISNULL(MAX(cod_pedido + 1),1) from Pedido
Save/Update: INSERT INTO Pedido (cod_pedido, comentario, id_cliente, tipo_pedido, estadoActual, fechaInicio, fechaFinal, borrado) VALUES (5 , 'comentario test', 2 , 2 , 2 ,  CAST('19/11/2012 01:14:13.423'  AS DateTime),  CAST('19/11/2012 01:14:13.423'  AS DateTime), 0 ); UPDATE produccion SET borrado=1 WHERE cod_pedido=5  ; UPDATE historico_estados_pedido SET borrado=1 WHERE cod_pedido=5  ; 
Save/Update: select * from Pedido WHERE  Pedido.comentario='comentario test' ; select * from produccion WHERE borrado = 0; select * from historico_estados_pedido WHERE borrado = 0
Save/Update: DELETE Pedido WHERE cod_pedido=5  
Save/Update: select * from Pedido WHERE  Pedido.comentario='comentario test' ; select * from produccion WHERE borrado = 0; select * from historico_estados_pedido WHERE borrado = 0
Save/Update: DELETE Pedido WHERE cod_pedido=5</StdOut>
      </Output>
    </UnitTestResult>
    <UnitTestResult executionId="9979b6c5-9259-4575-a8e7-55ea48af1f96" testId="21f1e20b-dcac-fe9b-670b-02932753806f" testName="listarOrdenDeComprasTest" computerName="DIEGO-PC" duration="00:00:00.0150938" startTime="2012-11-19T01:14:13.4461361-03:00" endTime="2012-11-19T01:14:13.4681374-03:00" testType="13cdc9d9-ddb5-4fa4-a97d-d965ccfc6d4b" outcome="Passed" testListId="8c84fa94-04c1-424b-9868-57a2d4851a1d" relativeResultsDirectory="9979b6c5-9259-4575-a8e7-55ea48af1f96">
      <Output>
        <StdOut>Save/Update: select * from OrdenDeCompra; select * from documento_movimiento; select * from LineaOrdenDeCompra WHERE borrado = 0
Save/Update: select * from LineaOrdenDeCompra WHERE  LineaOrdenDeCompra.nro_orden_compra=1  AND  LineaOrdenDeCompra.tipo_orden_compra='A' AND  LineaOrdenDeCompra.nro_sucursal=1  
Save/Update: select * from insumo WHERE  insumo.cod_insumo=1  
Save/Update: select * from insumo WHERE  insumo.cod_insumo=2  
Save/Update: select * from Proveedor WHERE  Proveedor.id_proveedor=1  
Save/Update: select * from MovimientosCuenta JOIN documento_movimiento AS documento ON MovimientosCuenta.nro_movimiento=documento.nro_movimiento JOIN proveedor_movimientos AS proveedor ON MovimientosCuenta.nro_movimiento=proveedor.nro_movimiento WHERE documento.nro_Doc=3  AND proveedor.id_proveedor IS NOT  NULL ; select * from proveedor_movimientos; select * from documento_movimiento
Save/Update: select * from LineaOrdenDeCompra WHERE  LineaOrdenDeCompra.nro_orden_compra=2  AND  LineaOrdenDeCompra.tipo_orden_compra='B' AND  LineaOrdenDeCompra.nro_sucursal=1  
Save/Update: select * from insumo WHERE  insumo.cod_insumo=1  
Save/Update: select * from insumo WHERE  insumo.cod_insumo=1  
Save/Update: select * from Proveedor WHERE  Proveedor.id_proveedor=1  
Save/Update: select * from MovimientosCuenta JOIN documento_movimiento AS documento ON MovimientosCuenta.nro_movimiento=documento.nro_movimiento JOIN proveedor_movimientos AS proveedor ON MovimientosCuenta.nro_movimiento=proveedor.nro_movimiento WHERE documento.nro_Doc=4  AND proveedor.id_proveedor IS NOT  NULL ; select * from proveedor_movimientos; select * from documento_movimiento
Save/Update: DELETE LineaOrdenDeCompra WHERE nro_orden_compra=2  AND nro_sucursal=1  AND tipo_orden_compra='A' AND nro_linea=1  
Save/Update: DELETE LineaOrdenDeCompra WHERE nro_orden_compra=2  AND nro_sucursal=1  AND tipo_orden_compra='A' AND nro_linea=2  
Save/Update: DELETE proveedor_movimientos where nro_movimiento=4  ; DELETE documento_movimiento where nro_movimiento=4  ; ;DELETE MovimientosCuenta WHERE nro_movimiento=4  
Save/Update: DELETE FROM OrdenDeCompra WHERE nro_Doc =5
Save/Update: delete documento where nro_doc=5</StdOut>
      </Output>
    </UnitTestResult>
    <UnitTestResult executionId="b5d43765-5cda-427b-b42f-c29b3dd58f56" testId="2277aaf3-514d-5d22-b68b-739c3ef345a2" testName="CambiarEstadoPedidoTest" computerName="DIEGO-PC" duration="00:00:03.9449696" startTime="2012-11-19T01:14:13.4771379-03:00" endTime="2012-11-19T01:14:17.4313641-03:00" testType="13cdc9d9-ddb5-4fa4-a97d-d965ccfc6d4b" outcome="Passed" testListId="8c84fa94-04c1-424b-9868-57a2d4851a1d" relativeResultsDirectory="b5d43765-5cda-427b-b42f-c29b3dd58f56">
      <Output>
        <StdOut>Save/Update: SELECT  ISNULL(MAX(cod_pedido + 1),1) from Pedido
Save/Update: INSERT INTO Pedido (cod_pedido, comentario, id_cliente, tipo_pedido, estadoActual, fechaInicio, fechaFinal, borrado) VALUES (5 , 'comentario test', 2 , 2 , 1 ,  CAST('19/11/2012 01:14:13.486'  AS DateTime),  NULL , 0 ); UPDATE produccion SET borrado=1 WHERE cod_pedido=5  ; UPDATE historico_estados_pedido SET borrado=1 WHERE cod_pedido=5  ; 
Save/Update: SELECT  ISNULL(MAX(cod_produccion + 1),1) from produccion
Save/Update: INSERT INTO produccion (cod_produccion, comentario, cod_pedido, cod_maquina, cod_articulo, cantidad, estadoActual, utilizacion, fechaInicio, fechaFinal, borrado) VALUES (7 , 'com1', 5 , 2 , 1 , 10 , 1 , 1,  CAST('19/11/2012 01:14:13.486'  AS DateTime),  NULL , 0 ); UPDATE historico_estados_produccion SET borrado=1 WHERE cod_produccion=7  ; 
Save/Update: UPDATE Pedido SET comentario='comentario test', id_cliente=2 , tipo_pedido=2 , estadoActual=1 , fechaInicio= CAST('19/11/2012 01:14:13.486'  AS DateTime), fechaFinal= NULL , borrado=0  WHERE cod_pedido=5  ; UPDATE produccion SET borrado=1 WHERE cod_pedido=5  ; UPDATE historico_estados_pedido SET borrado=1 WHERE cod_pedido=5  ; 
Save/Update: SELECT  ISNULL(MAX(nro_estado + 1),1) from historico_estados_pedido WHERE cod_pedido=5
Save/Update: INSERT INTO historico_estados_pedido (nro_estado, comentario, cod_pedido, fechaDesde, fechaHasta, estado, borrado) VALUES (1 , '', 5 ,  CAST('19/11/2012 01:14:13.490'  AS DateTime),  NULL , 1 , 0 ); 
Save/Update: UPDATE produccion SET comentario='com1', cod_pedido=5 , cod_maquina=2 , cod_articulo=1 , cantidad=10 , estadoActual=1 , utilizacion=1, fechaInicio= CAST('19/11/2012 01:14:13.486'  AS DateTime), fechaFinal= NULL , borrado=0  WHERE cod_produccion=7  ; UPDATE historico_estados_produccion SET borrado=1 WHERE cod_produccion=7  ; 
Save/Update: select * from Pedido WHERE  Pedido.cod_pedido=5  ; select * from produccion WHERE borrado = 0; select * from historico_estados_pedido WHERE borrado = 0
Save/Update: select * from historico_estados_pedido WHERE  historico_estados_pedido.cod_pedido=5  
Save/Update: select * from tipoPedido WHERE  tipoPedido.tipo_pedido=2  
Save/Update: select * from produccion WHERE  produccion.cod_pedido=5  ; select * from historico_estados_produccion WHERE borrado = 0
Save/Update: select * from Cliente WHERE  Cliente.id_cliente=2  ; select * from cliente_movimientos; select * from Pedido WHERE borrado = 0; select * from Factura WHERE borrado = 0; select * from Diseño WHERE borrado = 0
Save/Update: select * from EstadoPedido WHERE  EstadoPedido.estado_pedido=1  
Save/Update: select * from Usuario WHERE  Usuario.usuarioID=2  ; select * from JoinUsuarioToFamilia; select * from JoinPatenteToUsuario
Save/Update: select * from Familia JOIN JoinUsuarioToFamilia AS usuarios ON Familia.familiaID=usuarios.familiaID WHERE usuarios.usuarioID=2  ; select * from JoinFamiliaToPatente
Save/Update: select * from Patente JOIN JoinFamiliaToPatente AS familia ON Patente.patenteId=familia.patenteId WHERE familia.familiaID=2  
Save/Update: select * from Patente JOIN JoinPatenteToUsuario AS usuario ON Patente.patenteId=usuario.patenteId WHERE usuario.usuarioID=2  
Save/Update: select * from Cliente WHERE  Cliente.usuarioID=2  ; select * from cliente_movimientos; select * from Pedido WHERE borrado = 0; select * from Factura WHERE borrado = 0; select * from Diseño WHERE borrado = 0
Save/Update: select * from newsletter WHERE  newsletter.id=1  
Save/Update: select * from produccion WHERE  produccion.cod_produccion=7  ; select * from historico_estados_produccion WHERE borrado = 0
Save/Update: select * from Pedido WHERE  Pedido.cod_pedido=5  ; select * from produccion WHERE borrado = 0; select * from historico_estados_pedido WHERE borrado = 0
Save/Update: select * from Maquina WHERE  Maquina.cod_maquina=2  ; select * from JoinMaquinaToTipoPrenda
Save/Update: select * from Articulos WHERE  Articulos.cod_articulo=1  ; select * from lista_precios WHERE borrado = 0
Save/Update: select * from EstadoTrabajos WHERE  EstadoTrabajos.cod_estado=1  
Save/Update: select * from historico_estados_produccion WHERE  historico_estados_produccion.cod_produccion=7  
Save/Update: select * from produccion_operador WHERE  produccion_operador.cod_prodcuccion=7  
Save/Update: select * from newsletter WHERE  newsletter.id=2  
Save/Update: select * from Articulos WHERE  Articulos.cod_articulo=1  ; select * from lista_precios WHERE borrado = 0
Save/Update: select * from lista_precios WHERE  lista_precios.cod_articulo=1  
Save/Update: select * from TipoPrenda WHERE  TipoPrenda.tipo_prenda=1  
Save/Update: select * from Diseño WHERE  Diseño.cod_diseño=1  ; select * from historico_estados_diseño WHERE borrado = 0
Save/Update: select * from Pedido WHERE  Pedido.cod_pedido=5  ; select * from produccion WHERE borrado = 0; select * from historico_estados_pedido WHERE borrado = 0
Save/Update: select * from historico_estados_pedido WHERE  historico_estados_pedido.cod_pedido=5  
Save/Update: select * from tipoPedido WHERE  tipoPedido.tipo_pedido=2  
Save/Update: select * from produccion WHERE  produccion.cod_pedido=5  ; select * from historico_estados_produccion WHERE borrado = 0
Save/Update: select * from Cliente WHERE  Cliente.id_cliente=2  ; select * from cliente_movimientos; select * from Pedido WHERE borrado = 0; select * from Factura WHERE borrado = 0; select * from Diseño WHERE borrado = 0
Save/Update: select * from EstadoPedido WHERE  EstadoPedido.estado_pedido=1  
Save/Update: UPDATE Pedido SET comentario='comentario Modificado', id_cliente=2 , tipo_pedido=2 , estadoActual=2 , fechaInicio= CAST('19/11/2012 01:14:13.487'  AS DateTime), fechaFinal= NULL , borrado=0  WHERE cod_pedido=5  ; UPDATE produccion SET borrado=1 WHERE cod_pedido=5  ; UPDATE historico_estados_pedido SET borrado=1 WHERE cod_pedido=5  ; 
Save/Update: UPDATE historico_estados_pedido SET comentario='', fechaDesde= CAST('19/11/2012 01:14:13.490'  AS DateTime), fechaHasta= CAST('19/11/2012 01:14:17.404'  AS DateTime), estado=1 , borrado=0  WHERE nro_estado=1  AND cod_pedido=5  ; 
Save/Update: SELECT  ISNULL(MAX(nro_estado + 1),1) from historico_estados_pedido WHERE cod_pedido=5
Save/Update: INSERT INTO historico_estados_pedido (nro_estado, comentario, cod_pedido, fechaDesde, fechaHasta, estado, borrado) VALUES (2 , '', 5 ,  CAST('19/11/2012 01:14:17.404'  AS DateTime),  NULL , 2 , 0 ); 
Save/Update: UPDATE produccion SET comentario='com1', cod_pedido=5 , cod_maquina=2 , cod_articulo=1 , cantidad=10 , estadoActual=1 , utilizacion=1, fechaInicio= CAST('19/11/2012 01:14:13.487'  AS DateTime), fechaFinal= NULL , borrado=0  WHERE cod_produccion=7  ; UPDATE historico_estados_produccion SET borrado=1 WHERE cod_produccion=7  ; 
Save/Update: select * from Pedido WHERE  Pedido.cod_pedido=5  ; select * from produccion WHERE borrado = 0; select * from historico_estados_pedido WHERE borrado = 0
Save/Update: select * from historico_estados_pedido WHERE  historico_estados_pedido.cod_pedido=5  
Save/Update: select * from tipoPedido WHERE  tipoPedido.tipo_pedido=2  
Save/Update: select * from produccion WHERE  produccion.cod_pedido=5  ; select * from historico_estados_produccion WHERE borrado = 0
Save/Update: select * from Cliente WHERE  Cliente.id_cliente=2  ; select * from cliente_movimientos; select * from Pedido WHERE borrado = 0; select * from Factura WHERE borrado = 0; select * from Diseño WHERE borrado = 0
Save/Update: select * from EstadoPedido WHERE  EstadoPedido.estado_pedido=2  
Save/Update: DELETE historico_estados_pedido WHERE nro_estado=1  AND cod_pedido=5  
Save/Update: DELETE historico_estados_pedido WHERE nro_estado=2  AND cod_pedido=5  
Save/Update: DELETE produccion WHERE cod_produccion=7  
Save/Update: DELETE Pedido WHERE cod_pedido=5</StdOut>
      </Output>
    </UnitTestResult>
    <UnitTestResult executionId="06e1bede-1d80-405e-a8af-8c4a54a9aebe" testId="231d325e-5b2d-4422-b67b-4aed1bbc3f49" testName="grabarFacturasTest" computerName="DIEGO-PC" duration="00:00:00.0276637" startTime="2012-11-19T01:14:17.4383645-03:00" endTime="2012-11-19T01:14:17.4733665-03:00" testType="13cdc9d9-ddb5-4fa4-a97d-d965ccfc6d4b" outcome="Passed" testListId="8c84fa94-04c1-424b-9868-57a2d4851a1d" relativeResultsDirectory="06e1bede-1d80-405e-a8af-8c4a54a9aebe">
      <Output>
        <StdOut>Save/Update: SELECT  ISNULL(MAX(nro_Doc + 1),1) from documento
Save/Update: INSERT INTO documento VALUES (5)
Save/Update: SELECT  ISNULL(MAX(nro_factura + 1),1) from Factura WHERE nro_sucursal=1 AND tipo_factura='A'
Save/Update: INSERT INTO Factura (nro_Doc, iva, fecha, borrado, nro_factura, nro_sucursal, tipo_factura, id_cliente, monto) VALUES (5 , 33.3,  CAST('19/11/2012 01:14:17.447'  AS DateTime), 0 , 2 , 1 , 'A', 2 , 33.3); UPDATE LineaFactura SET borrado=1 WHERE nro_factura=2  AND nro_sucursal=1  AND tipo_factura='A' ; 
Save/Update: select * from Factura WHERE  Factura.nro_Doc=5  ; select * from documento_movimiento; select * from LineaFactura WHERE borrado = 0
Save/Update: delete Factura where nro_doc=5
Save/Update: delete documento where nro_doc=5</StdOut>
      </Output>
    </UnitTestResult>
    <UnitTestResult executionId="ed965253-6b33-46ff-aadb-f226a65b0fe7" testId="24d98172-4e51-96b3-ef4d-cd0ed2a98c18" testName="grabarHistoricoEstadosTest" computerName="DIEGO-PC" duration="00:00:00.0116595" startTime="2012-11-19T01:14:17.4783668-03:00" endTime="2012-11-19T01:14:17.4963678-03:00" testType="13cdc9d9-ddb5-4fa4-a97d-d965ccfc6d4b" outcome="Passed" testListId="8c84fa94-04c1-424b-9868-57a2d4851a1d" relativeResultsDirectory="ed965253-6b33-46ff-aadb-f226a65b0fe7">
      <Output>
        <StdOut>Save/Update: SELECT  ISNULL(MAX(nro_estado + 1),1) from historico_estados_produccion WHERE cod_produccion=2
Save/Update: INSERT INTO historico_estados_produccion (nro_estado, comentario, cod_produccion, fechaDesde, fechaHasta, estado, borrado) VALUES (3 , 'comentario32', 2 ,  CAST('19/11/2012 01:14:17.483'  AS DateTime),  CAST('19/11/2012 01:14:17.483'  AS DateTime), 3 , 0 ); 
Save/Update: select * from historico_estados_produccion WHERE  historico_estados_produccion.nro_estado=3  AND  historico_estados_produccion.cod_produccion=2  
Save/Update: DELETE historico_estados_produccion WHERE nro_estado=3  AND cod_produccion=2</StdOut>
      </Output>
    </UnitTestResult>
    <UnitTestResult executionId="7ba7c9ae-423f-488d-adb2-4a1dadfdbd39" testId="251887f2-80b7-06cc-ae64-369889df804d" testName="actualizarFamiliaTest" computerName="DIEGO-PC" duration="00:00:00.0144262" startTime="2012-11-19T01:14:17.5063684-03:00" endTime="2012-11-19T01:14:17.5283696-03:00" testType="13cdc9d9-ddb5-4fa4-a97d-d965ccfc6d4b" outcome="Passed" testListId="8c84fa94-04c1-424b-9868-57a2d4851a1d" relativeResultsDirectory="7ba7c9ae-423f-488d-adb2-4a1dadfdbd39">
      <Output>
        <StdOut>Save/Update: select * from Familia WHERE  Familia.familiaID=5  ; select * from JoinFamiliaToPatente
Save/Update: select * from Patente JOIN JoinFamiliaToPatente AS familia ON Patente.patenteId=familia.patenteId WHERE familia.familiaID=5  
Save/Update: UPDATE Familia SET descripcion='desTest', nombre='nombretest' WHERE familiaID=5  ; DELETE JoinFamiliaToPatente where familiaID=5  ;  INSERT INTO JoinFamiliaToPatente ( familiaID, patenteId) VALUES ( 5 , 9 ); 
Save/Update: select * from Familia WHERE  Familia.familiaID=5  ; select * from JoinFamiliaToPatente
Save/Update: select * from Patente JOIN JoinFamiliaToPatente AS familia ON Patente.patenteId=familia.patenteId WHERE familia.familiaID=5  
Save/Update: UPDATE Familia SET descripcion='desTest', nombre='nombretest' WHERE familiaID=5  ; DELETE JoinFamiliaToPatente where familiaID=5  ;  INSERT INTO JoinFamiliaToPatente ( familiaID, patenteId) VALUES ( 5 , 9 );</StdOut>
      </Output>
    </UnitTestResult>
    <UnitTestResult executionId="97899455-556a-490e-8fb2-bb82533d9f9b" testId="254f3c87-cb8f-24cb-6d93-8a60e4e333c0" testName="borrarProduccionTest" computerName="DIEGO-PC" duration="00:00:00.0203006" startTime="2012-11-19T01:14:17.5333699-03:00" endTime="2012-11-19T01:14:17.5623716-03:00" testType="13cdc9d9-ddb5-4fa4-a97d-d965ccfc6d4b" outcome="Passed" testListId="8c84fa94-04c1-424b-9868-57a2d4851a1d" relativeResultsDirectory="97899455-556a-490e-8fb2-bb82533d9f9b">
      <Output>
        <StdOut>Save/Update: SELECT  ISNULL(MAX(cod_produccion + 1),1) from produccion
Save/Update: INSERT INTO produccion (cod_produccion, comentario, cod_pedido, cod_maquina, cod_articulo, cantidad, estadoActual, utilizacion, fechaInicio, fechaFinal, borrado) VALUES (7 , 'comentario test', 3 , 3 , 7 , 10 , 2 , 1,  CAST('19/11/2012 01:14:17.540'  AS DateTime),  CAST('19/11/2012 01:14:17.540'  AS DateTime), 0 ); UPDATE historico_estados_produccion SET borrado=1 WHERE cod_produccion=7  ; 
Save/Update: select * from produccion WHERE  produccion.comentario LIKE '%comentario test%'; select * from historico_estados_produccion WHERE borrado = 0
Save/Update: DELETE produccion WHERE cod_produccion=7  
Save/Update: select * from produccion WHERE  produccion.comentario LIKE '%comentario test%'; select * from historico_estados_produccion WHERE borrado = 0
Save/Update: DELETE produccion WHERE cod_produccion=7</StdOut>
      </Output>
    </UnitTestResult>
    <UnitTestResult executionId="56ef22bc-6b76-4d83-b5e2-747f35fcf1d2" testId="25d73e54-4c45-c0f8-0cc6-cd9d82e5c8a4" testName="listarProduccionPorArticuloTest" computerName="DIEGO-PC" duration="00:00:00.0164855" startTime="2012-11-19T01:14:17.5703720-03:00" endTime="2012-11-19T01:14:17.5973736-03:00" testType="13cdc9d9-ddb5-4fa4-a97d-d965ccfc6d4b" outcome="Passed" testListId="8c84fa94-04c1-424b-9868-57a2d4851a1d" relativeResultsDirectory="56ef22bc-6b76-4d83-b5e2-747f35fcf1d2">
      <Output>
        <StdOut>Save/Update: select * from produccion WHERE  produccion.cod_articulo=1  ; select * from historico_estados_produccion WHERE borrado = 0
Save/Update: select * from Pedido WHERE  Pedido.cod_pedido=1  ; select * from produccion WHERE borrado = 0; select * from historico_estados_pedido WHERE borrado = 0
Save/Update: select * from Maquina WHERE  Maquina.cod_maquina=1  ; select * from JoinMaquinaToTipoPrenda
Save/Update: select * from Articulos WHERE  Articulos.cod_articulo=1  ; select * from lista_precios WHERE borrado = 0
Save/Update: select * from EstadoTrabajos WHERE  EstadoTrabajos.cod_estado=3  
Save/Update: select * from historico_estados_produccion WHERE  historico_estados_produccion.cod_produccion=1  
Save/Update: select * from produccion_operador WHERE  produccion_operador.cod_prodcuccion=1  
Save/Update: DELETE produccion_operador WHERE id_operador=2  AND cod_prodcuccion=7  
Save/Update: DELETE historico_estados_produccion WHERE nro_estado=1  AND cod_produccion=7  
Save/Update: DELETE historico_estados_produccion WHERE nro_estado=2  AND cod_produccion=7  
Save/Update: DELETE produccion WHERE cod_produccion=7</StdOut>
      </Output>
    </UnitTestResult>
    <UnitTestResult executionId="423954e6-760a-4db4-a187-b973a2c90679" testId="26a546ff-2782-4a5a-0d01-d730f8d08c9d" testName="cargarTest" computerName="DIEGO-PC" duration="00:00:00.0083566" startTime="2012-11-19T01:14:17.6013738-03:00" endTime="2012-11-19T01:14:17.6163746-03:00" testType="13cdc9d9-ddb5-4fa4-a97d-d965ccfc6d4b" outcome="Passed" testListId="8c84fa94-04c1-424b-9868-57a2d4851a1d" relativeResultsDirectory="423954e6-760a-4db4-a187-b973a2c90679">
      <Output>
        <StdOut>Save/Update: select * from Conversacion; select * from mensaje WHERE borrado = 0
Save/Update: DELETE Conversacion WHERE id_conversacion=3  
Save/Update: update mensaje set borrado=0</StdOut>
      </Output>
    </UnitTestResult>
    <UnitTestResult executionId="9a839447-c0ad-4008-8c82-1d402badd331" testId="26d1e25c-63b7-c2c4-03c0-99f8e7631508" testName="grabarMaquinasTest" computerName="DIEGO-PC" duration="00:00:00.0183296" startTime="2012-11-19T01:14:17.6203749-03:00" endTime="2012-11-19T01:14:17.6443762-03:00" testType="13cdc9d9-ddb5-4fa4-a97d-d965ccfc6d4b" outcome="Passed" testListId="8c84fa94-04c1-424b-9868-57a2d4851a1d" relativeResultsDirectory="9a839447-c0ad-4008-8c82-1d402badd331">
      <Output>
        <StdOut>Save/Update: SELECT  ISNULL(MAX(cod_maquina + 1),1) from Maquina
Save/Update: INSERT INTO Maquina (cod_maquina, altoMargen, anchoMargen, cabezales, nombre, velocidadPromedio, cantidadColores) VALUES (4 , 100 , 200 , 12 , 'nombre nuevo', 1000 , 15 ); DELETE JoinMaquinaToTipoPrenda where cod_maquina=4  ; 
Save/Update: select * from Maquina WHERE  Maquina.cod_maquina=4  AND  Maquina.altoMargen&lt;=500  AND  Maquina.anchoMargen&gt;=100  AND  Maquina.cabezales=12  AND  Maquina.nombre LIKE '%e n%'AND  Maquina.velocidadPromedio&gt;=500  ; select * from JoinMaquinaToTipoPrenda
Save/Update: DELETE JoinMaquinaToTipoPrenda where cod_maquina=4  ; ;DELETE Maquina WHERE cod_maquina=4</StdOut>
      </Output>
    </UnitTestResult>
    <UnitTestResult executionId="9a9e82ce-acc7-4a05-b897-655e022bf907" testId="26e79886-012b-c1dd-53e8-d16d49221a25" testName="listarInsumosConRestriccionesTest" computerName="DIEGO-PC" duration="00:00:00.0064767" startTime="2012-11-19T01:14:17.6473764-03:00" endTime="2012-11-19T01:14:17.6593771-03:00" testType="13cdc9d9-ddb5-4fa4-a97d-d965ccfc6d4b" outcome="Passed" testListId="8c84fa94-04c1-424b-9868-57a2d4851a1d" relativeResultsDirectory="9a9e82ce-acc7-4a05-b897-655e022bf907">
      <Output>
        <StdOut>Save/Update: select * from insumo WHERE  insumo.nombre LIKE '%bre%'AND  insumo.detalle LIKE '%lle1%'AND  insumo.id_tipo_insumo=1  AND  insumo.color=1  
Save/Update: select * from tipoInsumo WHERE  tipoInsumo.tipo_insumo=1  
Save/Update: select * from color WHERE  color.codigo_color=1  
Save/Update: select * from MovimientosStock WHERE  MovimientosStock.cod_insumo=1  
Save/Update: DELETE MovimientosStock WHERE nro_movimiento=1  AND cod_insumo=5  
Save/Update: DELETE MovimientosStock WHERE nro_movimiento=2  AND cod_insumo=5  
Save/Update: DELETE insumo WHERE cod_insumo=5</StdOut>
      </Output>
    </UnitTestResult>
    <UnitTestResult executionId="ac78cba0-190b-4ff1-a1fb-0cf9e39f9c98" testId="2807b06d-2424-3984-a9d6-3c90127f0468" testName="BuscarDiseñosTest" computerName="DIEGO-PC" duration="00:00:00.0219070" startTime="2012-11-19T01:14:17.6623773-03:00" endTime="2012-11-19T01:14:17.6923790-03:00" testType="13cdc9d9-ddb5-4fa4-a97d-d965ccfc6d4b" outcome="Passed" testListId="8c84fa94-04c1-424b-9868-57a2d4851a1d" relativeResultsDirectory="ac78cba0-190b-4ff1-a1fb-0cf9e39f9c98">
      <Output>
        <StdOut>Save/Update: select * from Diseño WHERE  Diseño.estadoActual=2  AND  Diseño.nombre LIKE '%ño1%'AND  Diseño.puntadas&gt;=500  AND  Diseño.puntadas&lt;=1500  AND  Diseño.ancho&gt;=5  AND  Diseño.ancho&lt;=15  AND  Diseño.alto&gt;=5  AND  Diseño.alto&lt;=15  AND  Diseño.id_cliente=1  ; select * from historico_estados_diseño WHERE borrado = 0
Save/Update: select * from Cliente WHERE  Cliente.id_cliente=1  ; select * from cliente_movimientos; select * from Pedido WHERE borrado = 0; select * from Factura WHERE borrado = 0; select * from Diseño WHERE borrado = 0
Save/Update: select * from Usuario WHERE  Usuario.usuarioID=1  ; select * from JoinUsuarioToFamilia; select * from JoinPatenteToUsuario
Save/Update: select * from Diseño_insumos WHERE  Diseño_insumos.cod_diseño=1  
Save/Update: select * from historico_estados_diseño WHERE  historico_estados_diseño.cod_diseño=1  
Save/Update: select * from EstadoDiseños WHERE  EstadoDiseños.estado=2  
Save/Update: DELETE FROM Diseño_insumos where cod_diseño=3
Save/Update: DELETE FROM historico_estados_diseño where cod_diseño=3
Save/Update: DELETE Diseño WHERE cod_diseño=3</StdOut>
      </Output>
    </UnitTestResult>
    <UnitTestResult executionId="9c69884d-6959-485a-a009-63ae4b641a63" testId="280aded5-68b9-b810-9a8e-34bdb568fac8" testName="grabarProduccionTest" computerName="DIEGO-PC" duration="00:00:00.0185466" startTime="2012-11-19T01:14:17.6963792-03:00" endTime="2012-11-19T01:14:17.7203806-03:00" testType="13cdc9d9-ddb5-4fa4-a97d-d965ccfc6d4b" outcome="Passed" testListId="8c84fa94-04c1-424b-9868-57a2d4851a1d" relativeResultsDirectory="9c69884d-6959-485a-a009-63ae4b641a63">
      <Output>
        <StdOut>Save/Update: SELECT  ISNULL(MAX(cod_produccion + 1),1) from produccion
Save/Update: INSERT INTO produccion (cod_produccion, comentario, cod_pedido, cod_maquina, cod_articulo, cantidad, estadoActual, utilizacion, fechaInicio, fechaFinal, borrado) VALUES (7 , 'com test', 3 , 3 , 3 , 10 , 1 , 1,  CAST('14/10/2012 15:00:00.000'  AS DateTime),  CAST('14/10/2012 18:00:00.000'  AS DateTime), 0 ); UPDATE historico_estados_produccion SET borrado=1 WHERE cod_produccion=7  ; 
Save/Update: SELECT  ISNULL(MAX(nro_estado + 1),1) from historico_estados_produccion WHERE cod_produccion=7
Save/Update: INSERT INTO historico_estados_produccion (nro_estado, comentario, cod_produccion, fechaDesde, fechaHasta, estado, borrado) VALUES (1 , 'com test', 7 ,  CAST('19/11/2012 01:14:17.703'  AS DateTime),  NULL , 1 , 0 ); 
Save/Update: select * from produccion WHERE  produccion.cod_produccion=7  ; select * from historico_estados_produccion WHERE borrado = 0
Save/Update: select * from Pedido WHERE  Pedido.cod_pedido=3  ; select * from produccion WHERE borrado = 0; select * from historico_estados_pedido WHERE borrado = 0
Save/Update: select * from Maquina WHERE  Maquina.cod_maquina=3  ; select * from JoinMaquinaToTipoPrenda
Save/Update: select * from Articulos WHERE  Articulos.cod_articulo=3  ; select * from lista_precios WHERE borrado = 0
Save/Update: select * from EstadoTrabajos WHERE  EstadoTrabajos.cod_estado=1  
Save/Update: select * from historico_estados_produccion WHERE  historico_estados_produccion.cod_produccion=7  
Save/Update: select * from produccion_operador WHERE  produccion_operador.cod_prodcuccion=7  
Save/Update: DELETE produccion_operador WHERE id_operador=2  AND cod_prodcuccion=7  
Save/Update: DELETE historico_estados_produccion WHERE nro_estado=1  AND cod_produccion=7  
Save/Update: DELETE historico_estados_produccion WHERE nro_estado=2  AND cod_produccion=7  
Save/Update: DELETE produccion WHERE cod_produccion=7</StdOut>
      </Output>
    </UnitTestResult>
    <UnitTestResult executionId="64f2d67f-0426-45d4-9d5e-e86cbe776cd8" testId="28e69d1a-8de4-eba9-3792-eae237e8276c" testName="grabarUsuarioTest" computerName="DIEGO-PC" duration="00:00:00.0144122" startTime="2012-11-19T01:14:17.7233808-03:00" endTime="2012-11-19T01:14:17.7463821-03:00" testType="13cdc9d9-ddb5-4fa4-a97d-d965ccfc6d4b" outcome="Passed" testListId="8c84fa94-04c1-424b-9868-57a2d4851a1d" relativeResultsDirectory="64f2d67f-0426-45d4-9d5e-e86cbe776cd8">
      <Output>
        <StdOut>Save/Update: INSERT INTO Cliente (id_cliente, habitadoTurnos, usuarioID, newsletter) VALUES (3 , 0 , 3 , 1 ); UPDATE Pedido SET borrado=1 WHERE id_cliente=3  ; UPDATE Factura SET borrado=1 WHERE id_cliente=3  ; UPDATE Diseño SET borrado=1 WHERE id_cliente=3  ; 
Save/Update: select * from Cliente; select * from cliente_movimientos; select * from Pedido WHERE borrado = 0; select * from Factura WHERE borrado = 0; select * from Diseño WHERE borrado = 0
Save/Update: select * from Cliente WHERE  Cliente.id_cliente=3  ; select * from cliente_movimientos; select * from Pedido WHERE borrado = 0; select * from Factura WHERE borrado = 0; select * from Diseño WHERE borrado = 0
Save/Update: DELETE cliente_movimientos where id_cliente=3  ; ;DELETE Cliente WHERE id_cliente=3</StdOut>
      </Output>
    </UnitTestResult>
    <UnitTestResult executionId="89c34d0c-4f20-4c0f-95b8-98b4e20dd5e6" testId="29a5da4e-65d5-0422-5e68-618976117f03" testName="cargarMovimientosTest" computerName="DIEGO-PC" duration="00:00:00.0067249" startTime="2012-11-19T01:14:17.7503823-03:00" endTime="2012-11-19T01:14:17.7633831-03:00" testType="13cdc9d9-ddb5-4fa4-a97d-d965ccfc6d4b" outcome="Passed" testListId="8c84fa94-04c1-424b-9868-57a2d4851a1d" relativeResultsDirectory="89c34d0c-4f20-4c0f-95b8-98b4e20dd5e6">
      <Output>
        <StdOut>Save/Update: select * from MovimientosCuenta JOIN proveedor_movimientos AS proveedor ON MovimientosCuenta.nro_movimiento=proveedor.nro_movimiento WHERE proveedor.id_proveedor IS NOT  NULL ; select * from proveedor_movimientos; select * from documento_movimiento
Save/Update: DELETE proveedor_movimientos where nro_movimiento=4  ; DELETE documento_movimiento where nro_movimiento=4  ; ;DELETE MovimientosCuenta WHERE nro_movimiento=4</StdOut>
      </Output>
    </UnitTestResult>
    <UnitTestResult executionId="73fec1b6-aa5e-4163-8434-a44cb9faf9c0" testId="29f0136c-6b94-67a3-1d98-7e9ef56e0b01" testName="grabarMensajeTest" computerName="DIEGO-PC" duration="00:00:00.0116256" startTime="2012-11-19T01:14:17.7663832-03:00" endTime="2012-11-19T01:14:17.7843843-03:00" testType="13cdc9d9-ddb5-4fa4-a97d-d965ccfc6d4b" outcome="Passed" testListId="8c84fa94-04c1-424b-9868-57a2d4851a1d" relativeResultsDirectory="73fec1b6-aa5e-4163-8434-a44cb9faf9c0">
      <Output>
        <StdOut>Save/Update: SELECT  ISNULL(MAX(id_conversacion + 1),1) from Conversacion
Save/Update: INSERT INTO Conversacion (id_conversacion, remitente, destinatario) VALUES (3 , 2 , 1 ); UPDATE mensaje SET borrado=1 WHERE id_conversacion=3  ; 
Save/Update: select * from Conversacion WHERE  Conversacion.remitente=2  AND  Conversacion.destinatario=1  ; select * from mensaje WHERE borrado = 0
Save/Update: DELETE Conversacion WHERE id_conversacion=3  
Save/Update: update mensaje set borrado=0</StdOut>
      </Output>
    </UnitTestResult>
    <UnitTestResult executionId="be890257-2330-4ab1-a3d6-e4e75a46155c" testId="2a172fd5-1ba6-de08-de7a-3705a01c8b9d" testName="listarConversacionesPorUsuarioTest" computerName="DIEGO-PC" duration="00:00:00.0096206" startTime="2012-11-19T01:14:17.7873844-03:00" endTime="2012-11-19T01:14:17.8043854-03:00" testType="13cdc9d9-ddb5-4fa4-a97d-d965ccfc6d4b" outcome="Passed" testListId="8c84fa94-04c1-424b-9868-57a2d4851a1d" relativeResultsDirectory="be890257-2330-4ab1-a3d6-e4e75a46155c">
      <Output>
        <StdOut>Save/Update: select * from Conversacion WHERE  Conversacion.remitente=1  ; select * from mensaje WHERE borrado = 0
Save/Update: select * from Conversacion WHERE  Conversacion.destinatario=1  ; select * from mensaje WHERE borrado = 0
Save/Update: select * from Usuario WHERE  Usuario.usuarioID=1  ; select * from JoinUsuarioToFamilia; select * from JoinPatenteToUsuario
Save/Update: select * from Usuario WHERE  Usuario.usuarioID=2  ; select * from JoinUsuarioToFamilia; select * from JoinPatenteToUsuario
Save/Update: select * from Mensaje WHERE  Mensaje.id_conversacion=1</StdOut>
      </Output>
    </UnitTestResult>
    <UnitTestResult executionId="963b3d39-9a00-4419-94ef-4d2972a79f5c" testId="2a2fd5ee-0dc7-50c0-f1c8-c482f09c9964" testName="listarMaquinasTest" computerName="DIEGO-PC" duration="00:00:00.0092207" startTime="2012-11-19T01:14:17.8083856-03:00" endTime="2012-11-19T01:14:17.8233865-03:00" testType="13cdc9d9-ddb5-4fa4-a97d-d965ccfc6d4b" outcome="Passed" testListId="8c84fa94-04c1-424b-9868-57a2d4851a1d" relativeResultsDirectory="963b3d39-9a00-4419-94ef-4d2972a79f5c">
      <Output>
        <StdOut>Save/Update: select * from Maquina; select * from JoinMaquinaToTipoPrenda
Save/Update: select * from TipoPrenda WHERE  TipoPrenda.tipo_prenda=1  
Save/Update: select * from TipoPrenda WHERE  TipoPrenda.tipo_prenda=2  
Save/Update: select * from TipoPrenda WHERE  TipoPrenda.tipo_prenda=3  
Save/Update: select * from TipoPrenda WHERE  TipoPrenda.tipo_prenda=1  
Save/Update: select * from TipoPrenda WHERE  TipoPrenda.tipo_prenda=2  
Save/Update: select * from TipoPrenda WHERE  TipoPrenda.tipo_prenda=3  
Save/Update: select * from TipoPrenda WHERE  TipoPrenda.tipo_prenda=1  
Save/Update: select * from TipoPrenda WHERE  TipoPrenda.tipo_prenda=2  
Save/Update: select * from TipoPrenda WHERE  TipoPrenda.tipo_prenda=3  
Save/Update: DELETE JoinMaquinaToTipoPrenda where cod_maquina=4  ; ;DELETE Maquina WHERE cod_maquina=4  
Save/Update: delete from JoinMaquinaToTipoPrenda where cod_maquina=4</StdOut>
      </Output>
    </UnitTestResult>
    <UnitTestResult executionId="3dab2acf-c687-450a-b295-f6a34ee7df4c" testId="2ae7b1af-8597-a3ce-277b-0dc18037e21f" testName="listarInsumosPorTipoTest" computerName="DIEGO-PC" duration="00:00:00.0153687" startTime="2012-11-19T01:14:17.8273867-03:00" endTime="2012-11-19T01:14:17.8483879-03:00" testType="13cdc9d9-ddb5-4fa4-a97d-d965ccfc6d4b" outcome="Passed" testListId="8c84fa94-04c1-424b-9868-57a2d4851a1d" relativeResultsDirectory="3dab2acf-c687-450a-b295-f6a34ee7df4c">
      <Output>
        <StdOut>Save/Update: select * from insumo WHERE  insumo.id_tipo_insumo=1  
Save/Update: select * from tipoInsumo WHERE  tipoInsumo.tipo_insumo=1  
Save/Update: select * from color WHERE  color.codigo_color=1  
Save/Update: select * from MovimientosStock WHERE  MovimientosStock.cod_insumo=1  
Save/Update: select * from tipoInsumo WHERE  tipoInsumo.tipo_insumo=1  
Save/Update: select * from color WHERE  color.codigo_color=2  
Save/Update: select * from MovimientosStock WHERE  MovimientosStock.cod_insumo=2  
Save/Update: select * from tipoInsumo WHERE  tipoInsumo.tipo_insumo=1  
Save/Update: select * from color WHERE  color.codigo_color=3  
Save/Update: select * from MovimientosStock WHERE  MovimientosStock.cod_insumo=3  
Save/Update: select * from tipoInsumo WHERE  tipoInsumo.tipo_insumo=1  
Save/Update: select * from color WHERE  color.codigo_color=4  
Save/Update: select * from MovimientosStock WHERE  MovimientosStock.cod_insumo=4  
Save/Update: select * from insumo WHERE  insumo.cod_insumo=1  
Save/Update: select * from tipoInsumo WHERE  tipoInsumo.tipo_insumo=1  
Save/Update: select * from color WHERE  color.codigo_color=1  
Save/Update: select * from MovimientosStock WHERE  MovimientosStock.cod_insumo=1  
Save/Update: select * from insumo WHERE  insumo.cod_insumo=2  
Save/Update: select * from tipoInsumo WHERE  tipoInsumo.tipo_insumo=1  
Save/Update: select * from color WHERE  color.codigo_color=2  
Save/Update: select * from MovimientosStock WHERE  MovimientosStock.cod_insumo=2  
Save/Update: select * from insumo WHERE  insumo.cod_insumo=1  
Save/Update: select * from tipoInsumo WHERE  tipoInsumo.tipo_insumo=1  
Save/Update: select * from color WHERE  color.codigo_color=1  
Save/Update: select * from MovimientosStock WHERE  MovimientosStock.cod_insumo=1  
Save/Update: UPDATE insumo SET nombre='nombre1', id_tipo_insumo=1 , color=1 , detalle='detalle1', costo=1, cantidadActual=1  WHERE cod_insumo=1  ; 
Save/Update: select * from insumo WHERE  insumo.cod_insumo=2  
Save/Update: select * from tipoInsumo WHERE  tipoInsumo.tipo_insumo=1  
Save/Update: select * from color WHERE  color.codigo_color=2  
Save/Update: select * from MovimientosStock WHERE  MovimientosStock.cod_insumo=2  
Save/Update: UPDATE insumo SET nombre='nombre2', id_tipo_insumo=1 , color=2 , detalle='detalle2', costo=1, cantidadActual=2  WHERE cod_insumo=2  ; 
Save/Update: delete from MovimientosStock where cod_insumo &gt; 2 or (cod_insumo = 1 AND nro_movimiento &gt; 2) or (cod_insumo = 2 AND nro_movimiento &gt; 1)
Save/Update: DELETE MovimientosStock WHERE nro_movimiento=1  AND cod_insumo=5  
Save/Update: DELETE MovimientosStock WHERE nro_movimiento=2  AND cod_insumo=5  
Save/Update: DELETE insumo WHERE cod_insumo=5</StdOut>
      </Output>
    </UnitTestResult>
    <UnitTestResult executionId="218c4c63-8063-411c-9ff1-c52710be7276" testId="2b495ffb-2b2e-0cf5-2875-0685d0724d3c" testName="listarOrdenDeComprasPorIdTest" computerName="DIEGO-PC" duration="00:00:00.0107732" startTime="2012-11-19T01:14:17.8523881-03:00" endTime="2012-11-19T01:14:17.8683891-03:00" testType="13cdc9d9-ddb5-4fa4-a97d-d965ccfc6d4b" outcome="Passed" testListId="8c84fa94-04c1-424b-9868-57a2d4851a1d" relativeResultsDirectory="218c4c63-8063-411c-9ff1-c52710be7276">
      <Output>
        <StdOut>Save/Update: select * from OrdenDeCompra WHERE  OrdenDeCompra.nro_orden_compra=1  AND  OrdenDeCompra.nro_sucursal=1  AND  OrdenDeCompra.tipo_orden_compra='A' ; select * from documento_movimiento; select * from LineaOrdenDeCompra WHERE borrado = 0
Save/Update: select * from LineaOrdenDeCompra WHERE  LineaOrdenDeCompra.nro_orden_compra=1  AND  LineaOrdenDeCompra.tipo_orden_compra='A' AND  LineaOrdenDeCompra.nro_sucursal=1  
Save/Update: select * from insumo WHERE  insumo.cod_insumo=1  
Save/Update: select * from insumo WHERE  insumo.cod_insumo=2  
Save/Update: select * from Proveedor WHERE  Proveedor.id_proveedor=1  
Save/Update: select * from MovimientosCuenta JOIN documento_movimiento AS documento ON MovimientosCuenta.nro_movimiento=documento.nro_movimiento JOIN proveedor_movimientos AS proveedor ON MovimientosCuenta.nro_movimiento=proveedor.nro_movimiento WHERE documento.nro_Doc=3  AND proveedor.id_proveedor IS NOT  NULL ; select * from proveedor_movimientos; select * from documento_movimiento
Save/Update: DELETE LineaOrdenDeCompra WHERE nro_orden_compra=2  AND nro_sucursal=1  AND tipo_orden_compra='A' AND nro_linea=1  
Save/Update: DELETE LineaOrdenDeCompra WHERE nro_orden_compra=2  AND nro_sucursal=1  AND tipo_orden_compra='A' AND nro_linea=2  
Save/Update: DELETE proveedor_movimientos where nro_movimiento=4  ; DELETE documento_movimiento where nro_movimiento=4  ; ;DELETE MovimientosCuenta WHERE nro_movimiento=4  
Save/Update: DELETE FROM OrdenDeCompra WHERE nro_Doc =5
Save/Update: delete documento where nro_doc=5</StdOut>
      </Output>
    </UnitTestResult>
    <UnitTestResult executionId="00b71a61-7812-469b-b98e-01195e5a60a2" testId="2bbea6cc-d32e-272a-1a5e-81a0cec727a7" testName="listarFacturaPorMovimientoTest" computerName="DIEGO-PC" duration="00:00:00.0127700" startTime="2012-11-19T01:14:17.8703892-03:00" endTime="2012-11-19T01:14:17.8903903-03:00" testType="13cdc9d9-ddb5-4fa4-a97d-d965ccfc6d4b" outcome="Passed" testListId="8c84fa94-04c1-424b-9868-57a2d4851a1d" relativeResultsDirectory="00b71a61-7812-469b-b98e-01195e5a60a2">
      <Output>
        <StdOut>Save/Update: select * from Factura WHERE  Factura.nro_Doc=1  ; select * from documento_movimiento; select * from LineaFactura WHERE borrado = 0
Save/Update: select * from LineaFactura WHERE  LineaFactura.nro_factura=1  AND  LineaFactura.tipo_factura='A' AND  LineaFactura.nro_sucursal=1  
Save/Update: select * from Articulos WHERE  Articulos.cod_articulo=1  ; select * from lista_precios WHERE borrado = 0
Save/Update: select * from Articulos WHERE  Articulos.cod_articulo=2  ; select * from lista_precios WHERE borrado = 0
Save/Update: select * from Cliente WHERE  Cliente.id_cliente=1  ; select * from cliente_movimientos; select * from Pedido WHERE borrado = 0; select * from Factura WHERE borrado = 0; select * from Diseño WHERE borrado = 0
Save/Update: select * from Usuario WHERE  Usuario.usuarioID=1  ; select * from JoinUsuarioToFamilia; select * from JoinPatenteToUsuario
Save/Update: select * from MovimientosCuenta JOIN documento_movimiento AS documento ON MovimientosCuenta.nro_movimiento=documento.nro_movimiento JOIN cliente_movimientos AS cliente ON MovimientosCuenta.nro_movimiento=cliente.nro_movimiento WHERE documento.nro_Doc=1  AND cliente.id_cliente IS NOT  NULL ; select * from cliente_movimientos; select * from documento_movimiento
Save/Update: DELETE LineaFactura WHERE nro_factura=2  AND nro_sucursal=1  AND tipo_factura='A' AND nro_linea=1  
Save/Update: DELETE LineaFactura WHERE nro_factura=2  AND nro_sucursal=1  AND tipo_factura='A' AND nro_linea=2  
Save/Update: DELETE cliente_movimientos where nro_movimiento=4  ; DELETE documento_movimiento where nro_movimiento=4  ; ;DELETE MovimientosCuenta WHERE nro_movimiento=4  
Save/Update: DELETE FROM Factura WHERE nro_Doc =5
Save/Update: delete documento where nro_doc=5</StdOut>
      </Output>
    </UnitTestResult>
    <UnitTestResult executionId="5570ed3b-56f0-4d54-826e-077af7662efc" testId="2c93c645-adc5-bb40-79d7-b39e8ca0fa8c" testName="cargarFamiliasPorIdTest" computerName="DIEGO-PC" duration="00:00:00.0037852" startTime="2012-11-19T01:14:17.8923904-03:00" endTime="2012-11-19T01:14:17.9023910-03:00" testType="13cdc9d9-ddb5-4fa4-a97d-d965ccfc6d4b" outcome="Passed" testListId="8c84fa94-04c1-424b-9868-57a2d4851a1d" relativeResultsDirectory="5570ed3b-56f0-4d54-826e-077af7662efc">
      <Output>
        <StdOut>Save/Update: select * from Familia WHERE  Familia.familiaID=6  ; select * from JoinFamiliaToPatente</StdOut>
      </Output>
    </UnitTestResult>
    <UnitTestResult executionId="6c388fe6-b3df-47cd-b0e6-3875895e5f51" testId="2dd0d705-2d7c-e989-e9d2-1892c8b66262" testName="cargarMensajePorUsuariosTest" computerName="DIEGO-PC" duration="00:00:00.0052888" startTime="2012-11-19T01:14:17.9073913-03:00" endTime="2012-11-19T01:14:17.9173919-03:00" testType="13cdc9d9-ddb5-4fa4-a97d-d965ccfc6d4b" outcome="Passed" testListId="8c84fa94-04c1-424b-9868-57a2d4851a1d" relativeResultsDirectory="6c388fe6-b3df-47cd-b0e6-3875895e5f51">
      <Output>
        <StdOut>Save/Update: select * from Conversacion WHERE  Conversacion.remitente=1  AND  Conversacion.destinatario=2  ; select * from mensaje WHERE borrado = 0
Save/Update: DELETE Conversacion WHERE id_conversacion=3  
Save/Update: update mensaje set borrado=0</StdOut>
      </Output>
    </UnitTestResult>
    <UnitTestResult executionId="c87f337d-11a4-497d-bf16-dc733d70b187" testId="2e92c0a7-eb38-f9b0-56bc-708e3a1e95b2" testName="listarProduccionPorEstadoTest" computerName="DIEGO-PC" duration="00:00:00.0151196" startTime="2012-11-19T01:14:17.9233922-03:00" endTime="2012-11-19T01:14:17.9453935-03:00" testType="13cdc9d9-ddb5-4fa4-a97d-d965ccfc6d4b" outcome="Passed" testListId="8c84fa94-04c1-424b-9868-57a2d4851a1d" relativeResultsDirectory="c87f337d-11a4-497d-bf16-dc733d70b187">
      <Output>
        <StdOut>Save/Update: select * from produccion WHERE  produccion.estadoActual=3  ; select * from historico_estados_produccion WHERE borrado = 0
Save/Update: select * from Pedido WHERE  Pedido.cod_pedido=1  ; select * from produccion WHERE borrado = 0; select * from historico_estados_pedido WHERE borrado = 0
Save/Update: select * from Maquina WHERE  Maquina.cod_maquina=1  ; select * from JoinMaquinaToTipoPrenda
Save/Update: select * from Articulos WHERE  Articulos.cod_articulo=1  ; select * from lista_precios WHERE borrado = 0
Save/Update: select * from EstadoTrabajos WHERE  EstadoTrabajos.cod_estado=3  
Save/Update: select * from historico_estados_produccion WHERE  historico_estados_produccion.cod_produccion=1  
Save/Update: select * from produccion_operador WHERE  produccion_operador.cod_prodcuccion=1  
Save/Update: DELETE produccion_operador WHERE id_operador=2  AND cod_prodcuccion=7  
Save/Update: DELETE historico_estados_produccion WHERE nro_estado=1  AND cod_produccion=7  
Save/Update: DELETE historico_estados_produccion WHERE nro_estado=2  AND cod_produccion=7  
Save/Update: DELETE produccion WHERE cod_produccion=7</StdOut>
      </Output>
    </UnitTestResult>
    <UnitTestResult executionId="c71329fb-b391-433d-8f70-1d705515e59c" testId="2ecef026-d4ff-850b-2022-72b81bdf2047" testName="grabarProduccionTest" computerName="DIEGO-PC" duration="00:00:00.0118144" startTime="2012-11-19T01:14:17.9503937-03:00" endTime="2012-11-19T01:14:17.9683948-03:00" testType="13cdc9d9-ddb5-4fa4-a97d-d965ccfc6d4b" outcome="Passed" testListId="8c84fa94-04c1-424b-9868-57a2d4851a1d" relativeResultsDirectory="c71329fb-b391-433d-8f70-1d705515e59c">
      <Output>
        <StdOut>Save/Update: SELECT  ISNULL(MAX(cod_produccion + 1),1) from produccion
Save/Update: INSERT INTO produccion (cod_produccion, comentario, cod_pedido, cod_maquina, cod_articulo, cantidad, estadoActual, utilizacion, fechaInicio, fechaFinal, borrado) VALUES (7 , 'com test', 3 , 3 , 3 , 10 , 1 , 1,  CAST('09/10/2012 10:00:00.000'  AS DateTime),  CAST('09/10/2012 14:00:00.000'  AS DateTime), 0 ); UPDATE historico_estados_produccion SET borrado=1 WHERE cod_produccion=7  ; 
Save/Update: SELECT  ISNULL(MAX(nro_estado + 1),1) from historico_estados_produccion WHERE cod_produccion=7
Save/Update: INSERT INTO historico_estados_produccion (nro_estado, comentario, cod_produccion, fechaDesde, fechaHasta, estado, borrado) VALUES (1 , 'com test', 7 ,  CAST('19/11/2012 01:14:17.956'  AS DateTime),  NULL , 1 , 0 ); 
Save/Update: select * from produccion WHERE  produccion.cod_produccion=7  ; select * from historico_estados_produccion WHERE borrado = 0
Save/Update: select * from Pedido WHERE  Pedido.cod_pedido=3  ; select * from produccion WHERE borrado = 0; select * from historico_estados_pedido WHERE borrado = 0
Save/Update: select * from Maquina WHERE  Maquina.cod_maquina=3  ; select * from JoinMaquinaToTipoPrenda
Save/Update: select * from Articulos WHERE  Articulos.cod_articulo=3  ; select * from lista_precios WHERE borrado = 0
Save/Update: select * from EstadoTrabajos WHERE  EstadoTrabajos.cod_estado=1  
Save/Update: select * from historico_estados_produccion WHERE  historico_estados_produccion.cod_produccion=7  
Save/Update: select * from produccion_operador WHERE  produccion_operador.cod_prodcuccion=7  
Save/Update: DELETE produccion_operador WHERE id_operador=2  AND cod_prodcuccion=7  
Save/Update: DELETE historico_estados_produccion WHERE nro_estado=1  AND cod_produccion=7  
Save/Update: DELETE historico_estados_produccion WHERE nro_estado=2  AND cod_produccion=7  
Save/Update: DELETE produccion WHERE cod_produccion=7</StdOut>
      </Output>
    </UnitTestResult>
    <UnitTestResult executionId="5415199f-3dc4-4fa2-84b3-a8e83098cb6b" testId="2f3865ce-701f-5035-c928-beb5bf354e66" testName="grabarClienteTest" computerName="DIEGO-PC" duration="00:00:00.0292107" startTime="2012-11-19T01:14:17.9723950-03:00" endTime="2012-11-19T01:14:18.0063970-03:00" testType="13cdc9d9-ddb5-4fa4-a97d-d965ccfc6d4b" outcome="Passed" testListId="8c84fa94-04c1-424b-9868-57a2d4851a1d" relativeResultsDirectory="5415199f-3dc4-4fa2-84b3-a8e83098cb6b">
      <Output>
        <StdOut>Save/Update: SELECT  ISNULL(MAX(usuarioID + 1),1) from Usuario
Save/Update: INSERT INTO Usuario (usuarioID, nombre, apellido, mail, password, telefonoFijo, telefonoMovil, bloqueado) VALUES (6 , 'nombre6', 'apellido6', 'mail6@test.com', '559D55197310', '6666-6666', '6666-6666', 0 ); DELETE JoinUsuarioToFamilia where usuarioID=6  ;  INSERT INTO JoinUsuarioToFamilia ( usuarioID, familiaID) VALUES ( 6 , 5 ); DELETE JoinPatenteToUsuario where usuarioID=6  ;  INSERT INTO JoinPatenteToUsuario ( usuarioID, patenteId) VALUES ( 6 , 3 ); 
Save/Update: SELECT  ISNULL(MAX(id_cliente + 1),1) from Cliente
Save/Update: INSERT INTO Cliente (id_cliente, habitadoTurnos, usuarioID, newsletter) VALUES (3 , 0 , 6 , 1 ); UPDATE Pedido SET borrado=1 WHERE id_cliente=3  ; UPDATE Factura SET borrado=1 WHERE id_cliente=3  ; UPDATE Diseño SET borrado=1 WHERE id_cliente=3  ; 
Save/Update: select * from Cliente WHERE  Cliente.id_cliente=3  ; select * from cliente_movimientos; select * from Pedido WHERE borrado = 0; select * from Factura WHERE borrado = 0; select * from Diseño WHERE borrado = 0
Save/Update: select * from Usuario WHERE  Usuario.usuarioID=6  ; select * from JoinUsuarioToFamilia; select * from JoinPatenteToUsuario
Save/Update: select * from Familia JOIN JoinUsuarioToFamilia AS usuarios ON Familia.familiaID=usuarios.familiaID WHERE usuarios.usuarioID=6  ; select * from JoinFamiliaToPatente
Save/Update: select * from Patente JOIN JoinFamiliaToPatente AS familia ON Patente.patenteId=familia.patenteId WHERE familia.familiaID=5  
Save/Update: select * from Patente JOIN JoinPatenteToUsuario AS usuario ON Patente.patenteId=usuario.patenteId WHERE usuario.usuarioID=6  
Save/Update: select * from Cliente WHERE  Cliente.usuarioID=6  ; select * from cliente_movimientos; select * from Pedido WHERE borrado = 0; select * from Factura WHERE borrado = 0; select * from Diseño WHERE borrado = 0
Save/Update: select * from Diseño WHERE  Diseño.id_cliente=6  ; select * from historico_estados_diseño WHERE borrado = 0
Save/Update: select * from Factura WHERE  Factura.id_cliente=6  ; select * from documento_movimiento; select * from LineaFactura WHERE borrado = 0
Save/Update: select * from Pedido WHERE  Pedido.id_cliente=6  ; select * from produccion WHERE borrado = 0; select * from historico_estados_pedido WHERE borrado = 0
Save/Update: select * from MovimientosCuenta JOIN cliente_movimientos AS cliente ON MovimientosCuenta.nro_movimiento=cliente.nro_movimiento WHERE cliente.id_cliente=6  AND cliente.id_cliente IS NOT  NULL ; select * from cliente_movimientos; select * from documento_movimiento
Save/Update: DELETE cliente_movimientos where id_cliente=3  ; ;DELETE Cliente WHERE id_cliente=3  
Save/Update: DELETE JoinUsuarioToFamilia where usuarioID=6  ; DELETE JoinPatenteToUsuario where usuarioID=6  ; ;DELETE Usuario WHERE usuarioID=6  
Save/Update: UPDATE Usuario SET nombre='nombre1', apellido='apellido1', mail='mail1@test.com', password='11C8', telefonoFijo='1111-1111', telefonoMovil='1111-1111', bloqueado=0  WHERE usuarioID=1  ; DELETE JoinUsuarioToFamilia where usuarioID=1  ; DELETE JoinPatenteToUsuario where usuarioID=1  ; 
Save/Update: UPDATE Cliente SET habitadoTurnos=1 , newsletter=0  WHERE id_cliente=1  ; UPDATE Pedido SET borrado=1 WHERE id_cliente=1  ; UPDATE Factura SET borrado=1 WHERE id_cliente=1  ; UPDATE Diseño SET borrado=1 WHERE id_cliente=1  ; 
Save/Update:  UPDATE factura set borrado = 0 
Save/Update:  UPDATE diseño set borrado = 0 
Save/Update:  UPDATE pedido set borrado = 0 
Save/Update:  Insert into JoinPatenteToUsuario values (1,1)</StdOut>
      </Output>
    </UnitTestResult>
    <UnitTestResult executionId="01e00565-fcaa-45a5-8052-94cca2c42b5b" testId="2f942134-eb39-049b-9e6e-2f42e91a8a19" testName="borrarMaquinasTest" computerName="DIEGO-PC" duration="00:00:00.0052765" startTime="2012-11-19T01:14:18.0113972-03:00" endTime="2012-11-19T01:14:18.0243980-03:00" testType="13cdc9d9-ddb5-4fa4-a97d-d965ccfc6d4b" outcome="Passed" testListId="8c84fa94-04c1-424b-9868-57a2d4851a1d" relativeResultsDirectory="01e00565-fcaa-45a5-8052-94cca2c42b5b">
      <Output>
        <StdOut>Save/Update: SELECT  ISNULL(MAX(cod_maquina + 1),1) from Maquina
Save/Update: INSERT INTO Maquina (cod_maquina, altoMargen, anchoMargen, cabezales, nombre, velocidadPromedio, cantidadColores) VALUES (4 , 100 , 200 , 12 , 'nombre nuevo', 1000 , 12 ); DELETE JoinMaquinaToTipoPrenda where cod_maquina=4  ; 
Save/Update: select * from Maquina WHERE  Maquina.cod_maquina=4  ; select * from JoinMaquinaToTipoPrenda
Save/Update: DELETE JoinMaquinaToTipoPrenda where cod_maquina=4  ; ;DELETE Maquina WHERE cod_maquina=4  
Save/Update: select * from Maquina WHERE  Maquina.cod_maquina=4  ; select * from JoinMaquinaToTipoPrenda
Save/Update: DELETE JoinMaquinaToTipoPrenda where cod_maquina=4  ; ;DELETE Maquina WHERE cod_maquina=4</StdOut>
      </Output>
    </UnitTestResult>
    <UnitTestResult executionId="555eb655-7a7f-4bfa-b723-32e4345c189e" testId="2ff4ab24-8ba8-c855-2fbb-5316fd166e9f" testName="listarInsumosPorColorTest" computerName="DIEGO-PC" duration="00:00:00.0054735" startTime="2012-11-19T01:14:18.0283982-03:00" endTime="2012-11-19T01:14:18.0403989-03:00" testType="13cdc9d9-ddb5-4fa4-a97d-d965ccfc6d4b" outcome="Passed" testListId="8c84fa94-04c1-424b-9868-57a2d4851a1d" relativeResultsDirectory="555eb655-7a7f-4bfa-b723-32e4345c189e">
      <Output>
        <StdOut>Save/Update: select * from insumo WHERE  insumo.color=1  
Save/Update: select * from tipoInsumo WHERE  tipoInsumo.tipo_insumo=1  
Save/Update: select * from color WHERE  color.codigo_color=1  
Save/Update: select * from MovimientosStock WHERE  MovimientosStock.cod_insumo=1  
Save/Update: DELETE MovimientosStock WHERE nro_movimiento=1  AND cod_insumo=5  
Save/Update: DELETE MovimientosStock WHERE nro_movimiento=2  AND cod_insumo=5  
Save/Update: DELETE insumo WHERE cod_insumo=5</StdOut>
      </Output>
    </UnitTestResult>
    <UnitTestResult executionId="07386547-1c16-48e0-aee2-b4c96b506839" testId="3022c4e6-888b-2dda-b879-e60c04b5e600" testName="cargarOrdenConRestriccionesTest" computerName="DIEGO-PC" duration="00:00:00.0124421" startTime="2012-11-19T01:14:18.0423990-03:00" endTime="2012-11-19T01:14:18.0594000-03:00" testType="13cdc9d9-ddb5-4fa4-a97d-d965ccfc6d4b" outcome="Passed" testListId="8c84fa94-04c1-424b-9868-57a2d4851a1d" relativeResultsDirectory="07386547-1c16-48e0-aee2-b4c96b506839">
      <Output>
        <StdOut>Save/Update: select * from OrdenDeCompra WHERE  OrdenDeCompra.borrado=0  AND  OrdenDeCompra.id_proveedor=1  AND  OrdenDeCompra.fecha= CAST('11/11/2011 00:00:00.000'  AS DateTime) AND  OrdenDeCompra.iva=11 AND  OrdenDeCompra.nro_Doc=3  AND  OrdenDeCompra.nro_orden_compra=1  AND  OrdenDeCompra.nro_sucursal=1  AND  OrdenDeCompra.tipo_orden_compra='A' ; select * from documento_movimiento; select * from LineaOrdenDeCompra WHERE borrado = 0
Save/Update: delete OrdenDeCompra where nro_doc=5
Save/Update: delete documento where nro_doc=5</StdOut>
      </Output>
    </UnitTestResult>
    <UnitTestResult executionId="7bc0b12a-cb18-447e-ba61-9215f99be974" testId="302f391e-539b-a40e-3606-007f4a4a5dfd" testName="cargarLineasFacturaTest" computerName="DIEGO-PC" duration="00:00:00.0044142" startTime="2012-11-19T01:14:18.0644003-03:00" endTime="2012-11-19T01:14:18.0744008-03:00" testType="13cdc9d9-ddb5-4fa4-a97d-d965ccfc6d4b" outcome="Passed" testListId="8c84fa94-04c1-424b-9868-57a2d4851a1d" relativeResultsDirectory="7bc0b12a-cb18-447e-ba61-9215f99be974">
      <Output>
        <StdOut>Save/Update: select * from LineaFactura</StdOut>
      </Output>
    </UnitTestResult>
    <UnitTestResult executionId="de1e379d-c399-4602-a0df-6b95fcbb61cf" testId="3222f04f-3bb8-b915-7622-11e1c846763f" testName="listarProduccionConRestriccionesTest" computerName="DIEGO-PC" duration="00:00:00.0099204" startTime="2012-11-19T01:14:18.0804012-03:00" endTime="2012-11-19T01:14:18.0954020-03:00" testType="13cdc9d9-ddb5-4fa4-a97d-d965ccfc6d4b" outcome="Passed" testListId="8c84fa94-04c1-424b-9868-57a2d4851a1d" relativeResultsDirectory="de1e379d-c399-4602-a0df-6b95fcbb61cf">
      <Output>
        <StdOut>Save/Update: select * from produccion WHERE  produccion.fechaInicio&gt;= CAST('09/10/2012 09:00:00.000'  AS DateTime) AND  produccion.fechaInicio&lt;= CAST('09/10/2012 14:00:00.000'  AS DateTime) AND  produccion.fechaFinal&gt;= CAST('09/10/2012 12:00:00.000'  AS DateTime) AND  produccion.fechaFinal&lt;= CAST('09/10/2012 14:00:00.000'  AS DateTime) ; select * from historico_estados_produccion WHERE borrado = 0
Save/Update: select * from Pedido WHERE  Pedido.cod_pedido=1  ; select * from produccion WHERE borrado = 0; select * from historico_estados_pedido WHERE borrado = 0
Save/Update: select * from Maquina WHERE  Maquina.cod_maquina=1  ; select * from JoinMaquinaToTipoPrenda
Save/Update: select * from Articulos WHERE  Articulos.cod_articulo=1  ; select * from lista_precios WHERE borrado = 0
Save/Update: select * from EstadoTrabajos WHERE  EstadoTrabajos.cod_estado=3  
Save/Update: select * from historico_estados_produccion WHERE  historico_estados_produccion.cod_produccion=1  
Save/Update: select * from produccion_operador WHERE  produccion_operador.cod_prodcuccion=1  
Save/Update: DELETE produccion_operador WHERE id_operador=2  AND cod_prodcuccion=7  
Save/Update: DELETE historico_estados_produccion WHERE nro_estado=1  AND cod_produccion=7  
Save/Update: DELETE historico_estados_produccion WHERE nro_estado=2  AND cod_produccion=7  
Save/Update: DELETE produccion WHERE cod_produccion=7</StdOut>
      </Output>
    </UnitTestResult>
    <UnitTestResult executionId="bee0e83b-acef-467e-a3b9-211325b75008" testId="3323acf7-8dc7-360e-f0a1-c4a2fbb9a91e" testName="listarMensajesTest" computerName="DIEGO-PC" duration="00:00:00.0038287" startTime="2012-11-19T01:14:18.1004023-03:00" endTime="2012-11-19T01:14:18.1104029-03:00" testType="13cdc9d9-ddb5-4fa4-a97d-d965ccfc6d4b" outcome="Passed" testListId="8c84fa94-04c1-424b-9868-57a2d4851a1d" relativeResultsDirectory="bee0e83b-acef-467e-a3b9-211325b75008">
      <Output>
        <StdOut>Save/Update: select * from Mensaje</StdOut>
      </Output>
    </UnitTestResult>
    <UnitTestResult executionId="3fea54df-4819-4e39-8e24-3dbbeb37323d" testId="33cb7b57-1952-56c9-afdf-65517595c4dd" testName="guardarFamiliaTest" computerName="DIEGO-PC" duration="00:00:00.0135064" startTime="2012-11-19T01:14:18.1134031-03:00" endTime="2012-11-19T01:14:18.1354043-03:00" testType="13cdc9d9-ddb5-4fa4-a97d-d965ccfc6d4b" outcome="Passed" testListId="8c84fa94-04c1-424b-9868-57a2d4851a1d" relativeResultsDirectory="3fea54df-4819-4e39-8e24-3dbbeb37323d">
      <Output>
        <StdOut>Save/Update: INSERT INTO Familia (familiaID, descripcion, nombre) VALUES (7 , 'familia test', 'test'); DELETE JoinFamiliaToPatente where familiaID=7  ;  INSERT INTO JoinFamiliaToPatente ( familiaID, patenteId) VALUES ( 7 , 9 ); 
Save/Update: select * from Familia WHERE  Familia.nombre='test' ; select * from JoinFamiliaToPatente
Save/Update: select * from Patente JOIN JoinFamiliaToPatente AS familia ON Patente.patenteId=familia.patenteId WHERE familia.familiaID=7  
Save/Update: DELETE JoinFamiliaToPatente where familiaID=7  ; ;DELETE Familia WHERE familiaID=7</StdOut>
      </Output>
    </UnitTestResult>
    <UnitTestResult executionId="289c4502-75a0-4a32-a3b1-92b0b87daba4" testId="34308cfd-d506-0b0a-6562-a4e0e8e6e9f3" testName="buscarEstadosTest" computerName="DIEGO-PC" duration="00:00:00.0036520" startTime="2012-11-19T01:14:18.1404046-03:00" endTime="2012-11-19T01:14:18.1494051-03:00" testType="13cdc9d9-ddb5-4fa4-a97d-d965ccfc6d4b" outcome="Passed" testListId="8c84fa94-04c1-424b-9868-57a2d4851a1d" relativeResultsDirectory="289c4502-75a0-4a32-a3b1-92b0b87daba4">
      <Output>
        <StdOut>Save/Update: select * from EstadoPedido</StdOut>
      </Output>
    </UnitTestResult>
    <UnitTestResult executionId="01ec3a79-826b-46be-81b0-38cd48fb2bb6" testId="353a1d2f-a022-ae0b-e495-9424c7779e0c" testName="listarArticulosTest" computerName="DIEGO-PC" duration="00:00:00.0137505" startTime="2012-11-19T01:14:18.1544054-03:00" endTime="2012-11-19T01:14:18.1734065-03:00" testType="13cdc9d9-ddb5-4fa4-a97d-d965ccfc6d4b" outcome="Passed" testListId="8c84fa94-04c1-424b-9868-57a2d4851a1d" relativeResultsDirectory="01ec3a79-826b-46be-81b0-38cd48fb2bb6">
      <Output>
        <StdOut>Save/Update: select * from Articulos WHERE  Articulos.borrado=0  ; select * from lista_precios WHERE borrado = 0
Save/Update: select * from lista_precios WHERE  lista_precios.cod_articulo=1  
Save/Update: select * from TipoPrenda WHERE  TipoPrenda.tipo_prenda=1  
Save/Update: select * from Diseño WHERE  Diseño.cod_diseño=1  ; select * from historico_estados_diseño WHERE borrado = 0
Save/Update: select * from lista_precios WHERE  lista_precios.cod_articulo=2  
Save/Update: select * from TipoPrenda WHERE  TipoPrenda.tipo_prenda=2  
Save/Update: select * from Diseño WHERE  Diseño.cod_diseño=2  ; select * from historico_estados_diseño WHERE borrado = 0
Save/Update: select * from lista_precios WHERE  lista_precios.cod_articulo=3  
Save/Update: select * from TipoPrenda WHERE  TipoPrenda.tipo_prenda=2  
Save/Update: select * from Diseño WHERE  Diseño.cod_diseño=1  ; select * from historico_estados_diseño WHERE borrado = 0
Save/Update: DELETE lista_precios WHERE nro_lista=1  AND cod_articulo=4  
Save/Update: DELETE lista_precios WHERE nro_lista=2  AND cod_articulo=4  
Save/Update: DELETE Articulos WHERE cod_articulo=4</StdOut>
      </Output>
    </UnitTestResult>
    <UnitTestResult executionId="fbaae69b-ff7b-4cdb-bd8e-88cba1bee02a" testId="364ee525-fb4e-4236-05f2-99b03bc282b2" testName="borrarUsuarioTest" computerName="DIEGO-PC" duration="00:00:00.0071338" startTime="2012-11-19T01:14:18.1754066-03:00" endTime="2012-11-19T01:14:18.1884074-03:00" testType="13cdc9d9-ddb5-4fa4-a97d-d965ccfc6d4b" outcome="Passed" testListId="8c84fa94-04c1-424b-9868-57a2d4851a1d" relativeResultsDirectory="fbaae69b-ff7b-4cdb-bd8e-88cba1bee02a">
      <Output>
        <StdOut>Save/Update: INSERT INTO Cliente (id_cliente, habitadoTurnos, usuarioID, newsletter) VALUES (3 , 0 , 3 , 0 ); UPDATE Pedido SET borrado=1 WHERE id_cliente=3  ; UPDATE Factura SET borrado=1 WHERE id_cliente=3  ; UPDATE Diseño SET borrado=1 WHERE id_cliente=3  ; 
Save/Update: select * from Cliente WHERE  Cliente.id_cliente=3  ; select * from cliente_movimientos; select * from Pedido WHERE borrado = 0; select * from Factura WHERE borrado = 0; select * from Diseño WHERE borrado = 0
Save/Update: DELETE cliente_movimientos where id_cliente=3  ; ;DELETE Cliente WHERE id_cliente=3  
Save/Update: select * from Cliente WHERE  Cliente.id_cliente=3  ; select * from cliente_movimientos; select * from Pedido WHERE borrado = 0; select * from Factura WHERE borrado = 0; select * from Diseño WHERE borrado = 0</StdOut>
      </Output>
    </UnitTestResult>
    <UnitTestResult executionId="25218fd7-3de6-406f-b92f-dfdc88e229dc" testId="36f9d5ec-47e1-6737-13d6-445eaa622ab8" testName="borrarNewsletterTest" computerName="DIEGO-PC" duration="00:00:00.0328777" startTime="2012-11-19T01:14:18.1934076-03:00" endTime="2012-11-19T01:14:18.2334099-03:00" testType="13cdc9d9-ddb5-4fa4-a97d-d965ccfc6d4b" outcome="Passed" testListId="8c84fa94-04c1-424b-9868-57a2d4851a1d" relativeResultsDirectory="25218fd7-3de6-406f-b92f-dfdc88e229dc">
      <Output>
        <StdOut>Save/Update: SELECT  ISNULL(MAX(id + 1),1) from newsletter
Save/Update: INSERT INTO newsletter (id, newsletter, nombre, enviado) VALUES (3 , 'html', 'news3', 0 ); 
Save/Update: select * from newsletter WHERE  newsletter.id=3  
Save/Update: DELETE newsletter WHERE id=3  
Save/Update: select * from newsletter WHERE  newsletter.id=3</StdOut>
      </Output>
    </UnitTestResult>
    <UnitTestResult executionId="369ed3bc-2c05-44b4-a263-0933b800eae2" testId="371ae7d4-9804-8eea-7d23-86fbb28eb5e2" testName="calcularTimepoTrabajoTest3" computerName="DIEGO-PC" duration="00:00:00.0038563" startTime="2012-11-19T01:14:18.2404103-03:00" endTime="2012-11-19T01:14:18.2504109-03:00" testType="13cdc9d9-ddb5-4fa4-a97d-d965ccfc6d4b" outcome="Passed" testListId="8c84fa94-04c1-424b-9868-57a2d4851a1d" relativeResultsDirectory="369ed3bc-2c05-44b4-a263-0933b800eae2">
      <Output>
        <StdOut>Save/Update: DELETE produccion_operador WHERE id_operador=2  AND cod_prodcuccion=7  
Save/Update: DELETE historico_estados_produccion WHERE nro_estado=1  AND cod_produccion=7  
Save/Update: DELETE historico_estados_produccion WHERE nro_estado=2  AND cod_produccion=7  
Save/Update: DELETE produccion WHERE cod_produccion=7</StdOut>
      </Output>
    </UnitTestResult>
    <UnitTestResult executionId="d6486bb6-f408-401b-985c-0c3d1263ce85" testId="375be106-944a-05c4-4975-c4a32afdccd6" testName="modificarDiseñoInsumoTest" computerName="DIEGO-PC" duration="00:00:00.0099295" startTime="2012-11-19T01:14:18.2564113-03:00" endTime="2012-11-19T01:14:18.2724122-03:00" testType="13cdc9d9-ddb5-4fa4-a97d-d965ccfc6d4b" outcome="Passed" testListId="8c84fa94-04c1-424b-9868-57a2d4851a1d" relativeResultsDirectory="d6486bb6-f408-401b-985c-0c3d1263ce85">
      <Output>
        <StdOut>Save/Update: INSERT INTO Diseño_insumos (cod_diseño, cod_insumo, cantidad) VALUES (2 , 1 , 5.5); 
Save/Update: select * from Diseño_insumos WHERE  Diseño_insumos.cod_diseño=2  AND  Diseño_insumos.cod_insumo=1  
Save/Update: UPDATE Diseño_insumos SET cantidad=15.5 WHERE cod_diseño=2  AND cod_insumo=1  ; 
Save/Update: select * from Diseño_insumos WHERE  Diseño_insumos.cod_diseño=2  AND  Diseño_insumos.cod_insumo=1  
Save/Update: DELETE Diseño_insumos WHERE cod_diseño=2  AND cod_insumo=1</StdOut>
      </Output>
    </UnitTestResult>
    <UnitTestResult executionId="bf11f2f1-f581-47dd-a6ca-d55d7e7d857e" testId="37b5db64-970d-c293-40fd-5d0b9fe33e03" testName="listarFacturaPorMovimientoTest" computerName="DIEGO-PC" duration="00:00:00.0147437" startTime="2012-11-19T01:14:18.2834128-03:00" endTime="2012-11-19T01:14:18.3054141-03:00" testType="13cdc9d9-ddb5-4fa4-a97d-d965ccfc6d4b" outcome="Passed" testListId="8c84fa94-04c1-424b-9868-57a2d4851a1d" relativeResultsDirectory="bf11f2f1-f581-47dd-a6ca-d55d7e7d857e">
      <Output>
        <StdOut>Save/Update: select * from Factura WHERE  Factura.nro_Doc=1  ; select * from documento_movimiento; select * from LineaFactura WHERE borrado = 0
Save/Update: select * from LineaFactura WHERE  LineaFactura.nro_factura=1  AND  LineaFactura.tipo_factura='A' AND  LineaFactura.nro_sucursal=1  
Save/Update: select * from Articulos WHERE  Articulos.cod_articulo=1  ; select * from lista_precios WHERE borrado = 0
Save/Update: select * from Articulos WHERE  Articulos.cod_articulo=2  ; select * from lista_precios WHERE borrado = 0
Save/Update: select * from Cliente WHERE  Cliente.id_cliente=1  ; select * from cliente_movimientos; select * from Pedido WHERE borrado = 0; select * from Factura WHERE borrado = 0; select * from Diseño WHERE borrado = 0
Save/Update: select * from Usuario WHERE  Usuario.usuarioID=1  ; select * from JoinUsuarioToFamilia; select * from JoinPatenteToUsuario
Save/Update: select * from MovimientosCuenta JOIN documento_movimiento AS documento ON MovimientosCuenta.nro_movimiento=documento.nro_movimiento JOIN cliente_movimientos AS cliente ON MovimientosCuenta.nro_movimiento=cliente.nro_movimiento WHERE documento.nro_Doc=1  AND cliente.id_cliente IS NOT  NULL ; select * from cliente_movimientos; select * from documento_movimiento
Save/Update: DELETE LineaFactura WHERE nro_factura=2  AND nro_sucursal=1  AND tipo_factura='A' AND nro_linea=1  
Save/Update: DELETE LineaFactura WHERE nro_factura=2  AND nro_sucursal=1  AND tipo_factura='A' AND nro_linea=2  
Save/Update: DELETE cliente_movimientos where nro_movimiento=4  ; DELETE documento_movimiento where nro_movimiento=4  ; ;DELETE MovimientosCuenta WHERE nro_movimiento=4  
Save/Update: DELETE FROM Factura WHERE nro_Doc =5
Save/Update: delete documento where nro_doc=5</StdOut>
      </Output>
    </UnitTestResult>
    <UnitTestResult executionId="4989b697-ae96-4d05-b140-e322be402a43" testId="37eb03dd-b0ba-1d1a-150c-82804e7b16da" testName="listarProduccionPorEstadoTest" computerName="DIEGO-PC" duration="00:00:00.0124847" startTime="2012-11-19T01:14:18.3114144-03:00" endTime="2012-11-19T01:14:18.3294154-03:00" testType="13cdc9d9-ddb5-4fa4-a97d-d965ccfc6d4b" outcome="Passed" testListId="8c84fa94-04c1-424b-9868-57a2d4851a1d" relativeResultsDirectory="4989b697-ae96-4d05-b140-e322be402a43">
      <Output>
        <StdOut>Save/Update: select * from produccion WHERE  produccion.estadoActual=3  ; select * from historico_estados_produccion WHERE borrado = 0
Save/Update: select * from Pedido WHERE  Pedido.cod_pedido=1  ; select * from produccion WHERE borrado = 0; select * from historico_estados_pedido WHERE borrado = 0
Save/Update: select * from Maquina WHERE  Maquina.cod_maquina=1  ; select * from JoinMaquinaToTipoPrenda
Save/Update: select * from Articulos WHERE  Articulos.cod_articulo=1  ; select * from lista_precios WHERE borrado = 0
Save/Update: select * from EstadoTrabajos WHERE  EstadoTrabajos.cod_estado=3  
Save/Update: select * from historico_estados_produccion WHERE  historico_estados_produccion.cod_produccion=1  
Save/Update: select * from produccion_operador WHERE  produccion_operador.cod_prodcuccion=1  
Save/Update: DELETE produccion_operador WHERE id_operador=2  AND cod_prodcuccion=7  
Save/Update: DELETE historico_estados_produccion WHERE nro_estado=1  AND cod_produccion=7  
Save/Update: DELETE historico_estados_produccion WHERE nro_estado=2  AND cod_produccion=7  
Save/Update: DELETE produccion WHERE cod_produccion=7</StdOut>
      </Output>
    </UnitTestResult>
    <UnitTestResult executionId="75e3a8c0-8f95-4e65-b712-9ec158154d2b" testId="3814ca38-0b83-b334-0d16-36809809c612" testName="grabarDiseñoInsumoTest" computerName="DIEGO-PC" duration="00:00:00.0046008" startTime="2012-11-19T01:14:18.3354158-03:00" endTime="2012-11-19T01:14:18.3454163-03:00" testType="13cdc9d9-ddb5-4fa4-a97d-d965ccfc6d4b" outcome="Passed" testListId="8c84fa94-04c1-424b-9868-57a2d4851a1d" relativeResultsDirectory="75e3a8c0-8f95-4e65-b712-9ec158154d2b">
      <Output>
        <StdOut>Save/Update: INSERT INTO Diseño_insumos (cod_diseño, cod_insumo, cantidad) VALUES (2 , 1 , 5.5); 
Save/Update: select * from Diseño_insumos WHERE  Diseño_insumos.cod_diseño=2  AND  Diseño_insumos.cod_insumo=1  
Save/Update: DELETE Diseño_insumos WHERE cod_diseño=2  AND cod_insumo=1</StdOut>
      </Output>
    </UnitTestResult>
    <UnitTestResult executionId="1c9c6a67-2389-41e8-a598-81ad6e8c7fe2" testId="390965ee-b707-eb4d-f805-7a307d4ab7fa" testName="buscarEstadosPorIdTest" computerName="DIEGO-PC" duration="00:00:00.0020053" startTime="2012-11-19T01:14:18.3524167-03:00" endTime="2012-11-19T01:14:18.3594171-03:00" testType="13cdc9d9-ddb5-4fa4-a97d-d965ccfc6d4b" outcome="Passed" testListId="8c84fa94-04c1-424b-9868-57a2d4851a1d" relativeResultsDirectory="1c9c6a67-2389-41e8-a598-81ad6e8c7fe2">
      <Output>
        <StdOut>Save/Update: select * from EstadoPedido WHERE  EstadoPedido.estado_pedido=1</StdOut>
      </Output>
    </UnitTestResult>
    <UnitTestResult executionId="689c8f84-9fa4-40c1-963e-82195c44c21c" testId="399698d6-d910-1ab1-d972-fb6aa80639ce" testName="listarProduccionPorMaquinaTest" computerName="DIEGO-PC" duration="00:00:00.0189465" startTime="2012-11-19T01:14:18.3664175-03:00" endTime="2012-11-19T01:14:18.3904189-03:00" testType="13cdc9d9-ddb5-4fa4-a97d-d965ccfc6d4b" outcome="Passed" testListId="8c84fa94-04c1-424b-9868-57a2d4851a1d" relativeResultsDirectory="689c8f84-9fa4-40c1-963e-82195c44c21c">
      <Output>
        <StdOut>Save/Update: select * from produccion WHERE  produccion.cod_maquina=1  ; select * from historico_estados_produccion WHERE borrado = 0
Save/Update: select * from Pedido WHERE  Pedido.cod_pedido=1  ; select * from produccion WHERE borrado = 0; select * from historico_estados_pedido WHERE borrado = 0
Save/Update: select * from Maquina WHERE  Maquina.cod_maquina=1  ; select * from JoinMaquinaToTipoPrenda
Save/Update: select * from Articulos WHERE  Articulos.cod_articulo=1  ; select * from lista_precios WHERE borrado = 0
Save/Update: select * from EstadoTrabajos WHERE  EstadoTrabajos.cod_estado=3  
Save/Update: select * from historico_estados_produccion WHERE  historico_estados_produccion.cod_produccion=1  
Save/Update: select * from produccion_operador WHERE  produccion_operador.cod_prodcuccion=1  
Save/Update: select * from Pedido WHERE  Pedido.cod_pedido=1  ; select * from produccion WHERE borrado = 0; select * from historico_estados_pedido WHERE borrado = 0
Save/Update: select * from Maquina WHERE  Maquina.cod_maquina=1  ; select * from JoinMaquinaToTipoPrenda
Save/Update: select * from Articulos WHERE  Articulos.cod_articulo=2  ; select * from lista_precios WHERE borrado = 0
Save/Update: select * from EstadoTrabajos WHERE  EstadoTrabajos.cod_estado=2  
Save/Update: select * from historico_estados_produccion WHERE  historico_estados_produccion.cod_produccion=2  
Save/Update: select * from produccion_operador WHERE  produccion_operador.cod_prodcuccion=2  
Save/Update: select * from Pedido WHERE  Pedido.cod_pedido=2  ; select * from produccion WHERE borrado = 0; select * from historico_estados_pedido WHERE borrado = 0
Save/Update: select * from Maquina WHERE  Maquina.cod_maquina=1  ; select * from JoinMaquinaToTipoPrenda
Save/Update: select * from Articulos WHERE  Articulos.cod_articulo=6  ; select * from lista_precios WHERE borrado = 0
Save/Update: select * from EstadoTrabajos WHERE  EstadoTrabajos.cod_estado=0  
Save/Update: select * from historico_estados_produccion WHERE  historico_estados_produccion.cod_produccion=5  
Save/Update: select * from produccion_operador WHERE  produccion_operador.cod_prodcuccion=5  
Save/Update: DELETE produccion_operador WHERE id_operador=2  AND cod_prodcuccion=7  
Save/Update: DELETE historico_estados_produccion WHERE nro_estado=1  AND cod_produccion=7  
Save/Update: DELETE historico_estados_produccion WHERE nro_estado=2  AND cod_produccion=7  
Save/Update: DELETE produccion WHERE cod_produccion=7</StdOut>
      </Output>
    </UnitTestResult>
    <UnitTestResult executionId="bca2aa5b-2e5b-4391-a009-8082519a1ef1" testId="39eb9513-2b02-9bb1-bfd3-cd5a5b8ce938" testName="listarOrdenDeComprasPorIdTest" computerName="DIEGO-PC" duration="00:00:00.0095002" startTime="2012-11-19T01:14:18.3944191-03:00" endTime="2012-11-19T01:14:18.4094200-03:00" testType="13cdc9d9-ddb5-4fa4-a97d-d965ccfc6d4b" outcome="Passed" testListId="8c84fa94-04c1-424b-9868-57a2d4851a1d" relativeResultsDirectory="bca2aa5b-2e5b-4391-a009-8082519a1ef1">
      <Output>
        <StdOut>Save/Update: select * from OrdenDeCompra WHERE  OrdenDeCompra.nro_orden_compra=1  AND  OrdenDeCompra.nro_sucursal=1  AND  OrdenDeCompra.tipo_orden_compra='A' ; select * from documento_movimiento; select * from LineaOrdenDeCompra WHERE borrado = 0
Save/Update: select * from LineaOrdenDeCompra WHERE  LineaOrdenDeCompra.nro_orden_compra=1  AND  LineaOrdenDeCompra.tipo_orden_compra='A' AND  LineaOrdenDeCompra.nro_sucursal=1  
Save/Update: select * from insumo WHERE  insumo.cod_insumo=1  
Save/Update: select * from insumo WHERE  insumo.cod_insumo=2  
Save/Update: select * from Proveedor WHERE  Proveedor.id_proveedor=1  
Save/Update: select * from MovimientosCuenta JOIN documento_movimiento AS documento ON MovimientosCuenta.nro_movimiento=documento.nro_movimiento JOIN proveedor_movimientos AS proveedor ON MovimientosCuenta.nro_movimiento=proveedor.nro_movimiento WHERE documento.nro_Doc=3  AND proveedor.id_proveedor IS NOT  NULL ; select * from proveedor_movimientos; select * from documento_movimiento
Save/Update: DELETE LineaOrdenDeCompra WHERE nro_orden_compra=2  AND nro_sucursal=1  AND tipo_orden_compra='A' AND nro_linea=1  
Save/Update: DELETE LineaOrdenDeCompra WHERE nro_orden_compra=2  AND nro_sucursal=1  AND tipo_orden_compra='A' AND nro_linea=2  
Save/Update: DELETE proveedor_movimientos where nro_movimiento=4  ; DELETE documento_movimiento where nro_movimiento=4  ; ;DELETE MovimientosCuenta WHERE nro_movimiento=4  
Save/Update: DELETE FROM OrdenDeCompra WHERE nro_Doc =5
Save/Update: delete documento where nro_doc=5</StdOut>
      </Output>
    </UnitTestResult>
    <UnitTestResult executionId="45b023cd-a3d1-4a71-bdd9-6955f0c667e9" testId="3a69785d-69f1-1ae3-6647-f1fbd5f0c79c" testName="calcularPosiblesFechasTest2" computerName="DIEGO-PC" duration="00:00:00.0721177" startTime="2012-11-19T01:14:18.4144203-03:00" endTime="2012-11-19T01:14:18.4914247-03:00" testType="13cdc9d9-ddb5-4fa4-a97d-d965ccfc6d4b" outcome="Passed" testListId="8c84fa94-04c1-424b-9868-57a2d4851a1d" relativeResultsDirectory="45b023cd-a3d1-4a71-bdd9-6955f0c667e9">
      <Output>
        <StdOut>Save/Update: select * from Articulos WHERE  Articulos.cod_articulo=1  ; select * from lista_precios WHERE borrado = 0
Save/Update: select * from lista_precios WHERE  lista_precios.cod_articulo=1  
Save/Update: select * from TipoPrenda WHERE  TipoPrenda.tipo_prenda=1  
Save/Update: select * from Diseño WHERE  Diseño.cod_diseño=1  ; select * from historico_estados_diseño WHERE borrado = 0
Save/Update: select * from Maquina JOIN JoinMaquinaToTipoPrenda AS tiposPrenda ON Maquina.cod_maquina=tiposPrenda.cod_maquina WHERE  Maquina.altoMargen&gt;=11  AND  Maquina.anchoMargen&gt;=11  AND  Maquina.cabezales&gt;=1  AND  Maquina.cantidadColores&gt;=0  AND tiposPrenda.tipo_prenda=1  ; select * from JoinMaquinaToTipoPrenda
Save/Update: select * from TipoPrenda WHERE  TipoPrenda.tipo_prenda=1  
Save/Update: select * from TipoPrenda WHERE  TipoPrenda.tipo_prenda=2  
Save/Update: select * from TipoPrenda WHERE  TipoPrenda.tipo_prenda=3  
Save/Update: select * from TipoPrenda WHERE  TipoPrenda.tipo_prenda=1  
Save/Update: select * from TipoPrenda WHERE  TipoPrenda.tipo_prenda=2  
Save/Update: select * from TipoPrenda WHERE  TipoPrenda.tipo_prenda=3  
Save/Update: select * from TipoPrenda WHERE  TipoPrenda.tipo_prenda=1  
Save/Update: select * from TipoPrenda WHERE  TipoPrenda.tipo_prenda=2  
Save/Update: select * from TipoPrenda WHERE  TipoPrenda.tipo_prenda=3  
Save/Update: select * from produccion WHERE  produccion.cod_maquina=1  AND  produccion.fechaFinal&gt;= CAST('09/10/2012 11:00:00.000'  AS DateTime) ; select * from historico_estados_produccion WHERE borrado = 0
Save/Update: select * from Pedido WHERE  Pedido.cod_pedido=1  ; select * from produccion WHERE borrado = 0; select * from historico_estados_pedido WHERE borrado = 0
Save/Update: select * from Maquina WHERE  Maquina.cod_maquina=1  ; select * from JoinMaquinaToTipoPrenda
Save/Update: select * from Articulos WHERE  Articulos.cod_articulo=1  ; select * from lista_precios WHERE borrado = 0
Save/Update: select * from EstadoTrabajos WHERE  EstadoTrabajos.cod_estado=3  
Save/Update: select * from historico_estados_produccion WHERE  historico_estados_produccion.cod_produccion=1  
Save/Update: select * from produccion_operador WHERE  produccion_operador.cod_prodcuccion=1  
Save/Update: select * from Pedido WHERE  Pedido.cod_pedido=1  ; select * from produccion WHERE borrado = 0; select * from historico_estados_pedido WHERE borrado = 0
Save/Update: select * from Maquina WHERE  Maquina.cod_maquina=1  ; select * from JoinMaquinaToTipoPrenda
Save/Update: select * from Articulos WHERE  Articulos.cod_articulo=2  ; select * from lista_precios WHERE borrado = 0
Save/Update: select * from EstadoTrabajos WHERE  EstadoTrabajos.cod_estado=2  
Save/Update: select * from historico_estados_produccion WHERE  historico_estados_produccion.cod_produccion=2  
Save/Update: select * from produccion_operador WHERE  produccion_operador.cod_prodcuccion=2  
Save/Update: select * from Pedido WHERE  Pedido.cod_pedido=2  ; select * from produccion WHERE borrado = 0; select * from historico_estados_pedido WHERE borrado = 0
Save/Update: select * from Maquina WHERE  Maquina.cod_maquina=1  ; select * from JoinMaquinaToTipoPrenda
Save/Update: select * from Articulos WHERE  Articulos.cod_articulo=6  ; select * from lista_precios WHERE borrado = 0
Save/Update: select * from EstadoTrabajos WHERE  EstadoTrabajos.cod_estado=0  
Save/Update: select * from historico_estados_produccion WHERE  historico_estados_produccion.cod_produccion=5  
Save/Update: select * from produccion_operador WHERE  produccion_operador.cod_prodcuccion=5  
Save/Update: select * from produccion WHERE  produccion.cod_maquina=1  AND  produccion.fechaInicio&gt;= CAST('09/10/2012 14:00:00.000'  AS DateTime) ; select * from historico_estados_produccion WHERE borrado = 0
Save/Update: select * from Pedido WHERE  Pedido.cod_pedido=1  ; select * from produccion WHERE borrado = 0; select * from historico_estados_pedido WHERE borrado = 0
Save/Update: select * from Maquina WHERE  Maquina.cod_maquina=1  ; select * from JoinMaquinaToTipoPrenda
Save/Update: select * from Articulos WHERE  Articulos.cod_articulo=2  ; select * from lista_precios WHERE borrado = 0
Save/Update: select * from EstadoTrabajos WHERE  EstadoTrabajos.cod_estado=2  
Save/Update: select * from historico_estados_produccion WHERE  historico_estados_produccion.cod_produccion=2  
Save/Update: select * from produccion_operador WHERE  produccion_operador.cod_prodcuccion=2  
Save/Update: select * from Pedido WHERE  Pedido.cod_pedido=2  ; select * from produccion WHERE borrado = 0; select * from historico_estados_pedido WHERE borrado = 0
Save/Update: select * from Maquina WHERE  Maquina.cod_maquina=1  ; select * from JoinMaquinaToTipoPrenda
Save/Update: select * from Articulos WHERE  Articulos.cod_articulo=6  ; select * from lista_precios WHERE borrado = 0
Save/Update: select * from EstadoTrabajos WHERE  EstadoTrabajos.cod_estado=0  
Save/Update: select * from historico_estados_produccion WHERE  historico_estados_produccion.cod_produccion=5  
Save/Update: select * from produccion_operador WHERE  produccion_operador.cod_prodcuccion=5  
Save/Update: select * from produccion WHERE  produccion.cod_maquina=1  AND  produccion.fechaInicio&gt;= CAST('10/10/2012 12:00:00.000'  AS DateTime) ; select * from historico_estados_produccion WHERE borrado = 0
Save/Update: select * from Pedido WHERE  Pedido.cod_pedido=2  ; select * from produccion WHERE borrado = 0; select * from historico_estados_pedido WHERE borrado = 0
Save/Update: select * from Maquina WHERE  Maquina.cod_maquina=1  ; select * from JoinMaquinaToTipoPrenda
Save/Update: select * from Articulos WHERE  Articulos.cod_articulo=6  ; select * from lista_precios WHERE borrado = 0
Save/Update: select * from EstadoTrabajos WHERE  EstadoTrabajos.cod_estado=0  
Save/Update: select * from historico_estados_produccion WHERE  historico_estados_produccion.cod_produccion=5  
Save/Update: select * from produccion_operador WHERE  produccion_operador.cod_prodcuccion=5  
Save/Update: select * from produccion WHERE  produccion.cod_maquina=1  AND  produccion.fechaInicio&gt;= CAST('10/10/2012 16:00:00.000'  AS DateTime) ; select * from historico_estados_produccion WHERE borrado = 0
Save/Update: select * from produccion WHERE  produccion.cod_maquina=2  AND  produccion.fechaFinal&gt;= CAST('09/10/2012 11:00:00.000'  AS DateTime) ; select * from historico_estados_produccion WHERE borrado = 0
Save/Update: select * from Pedido WHERE  Pedido.cod_pedido=1  ; select * from produccion WHERE borrado = 0; select * from historico_estados_pedido WHERE borrado = 0
Save/Update: select * from Maquina WHERE  Maquina.cod_maquina=2  ; select * from JoinMaquinaToTipoPrenda
Save/Update: select * from Articulos WHERE  Articulos.cod_articulo=3  ; select * from lista_precios WHERE borrado = 0
Save/Update: select * from EstadoTrabajos WHERE  EstadoTrabajos.cod_estado=0  
Save/Update: select * from historico_estados_produccion WHERE  historico_estados_produccion.cod_produccion=3  
Save/Update: select * from produccion_operador WHERE  produccion_operador.cod_prodcuccion=3  
Save/Update: select * from produccion WHERE  produccion.cod_maquina=2  AND  produccion.fechaInicio&gt;= CAST('12/10/2012 18:00:00.000'  AS DateTime) ; select * from historico_estados_produccion WHERE borrado = 0
Save/Update: select * from produccion WHERE  produccion.cod_maquina=3  AND  produccion.fechaFinal&gt;= CAST('09/10/2012 11:00:00.000'  AS DateTime) ; select * from historico_estados_produccion WHERE borrado = 0
Save/Update: select * from Pedido WHERE  Pedido.cod_pedido=2  ; select * from produccion WHERE borrado = 0; select * from historico_estados_pedido WHERE borrado = 0
Save/Update: select * from Maquina WHERE  Maquina.cod_maquina=3  ; select * from JoinMaquinaToTipoPrenda
Save/Update: select * from Articulos WHERE  Articulos.cod_articulo=5  ; select * from lista_precios WHERE borrado = 0
Save/Update: select * from EstadoTrabajos WHERE  EstadoTrabajos.cod_estado=0  
Save/Update: select * from historico_estados_produccion WHERE  historico_estados_produccion.cod_produccion=4  
Save/Update: select * from produccion_operador WHERE  produccion_operador.cod_prodcuccion=4  
Save/Update: select * from Pedido WHERE  Pedido.cod_pedido=3  ; select * from produccion WHERE borrado = 0; select * from historico_estados_pedido WHERE borrado = 0
Save/Update: select * from Maquina WHERE  Maquina.cod_maquina=3  ; select * from JoinMaquinaToTipoPrenda
Save/Update: select * from Articulos WHERE  Articulos.cod_articulo=4  ; select * from lista_precios WHERE borrado = 0
Save/Update: select * from EstadoTrabajos WHERE  EstadoTrabajos.cod_estado=0  
Save/Update: select * from historico_estados_produccion WHERE  historico_estados_produccion.cod_produccion=6  
Save/Update: select * from produccion_operador WHERE  produccion_operador.cod_prodcuccion=6  
Save/Update: select * from produccion WHERE  produccion.cod_maquina=3  AND  produccion.fechaInicio&gt;= CAST('12/10/2012 13:00:00.000'  AS DateTime) ; select * from historico_estados_produccion WHERE borrado = 0
Save/Update: select * from Pedido WHERE  Pedido.cod_pedido=3  ; select * from produccion WHERE borrado = 0; select * from historico_estados_pedido WHERE borrado = 0
Save/Update: select * from Maquina WHERE  Maquina.cod_maquina=3  ; select * from JoinMaquinaToTipoPrenda
Save/Update: select * from Articulos WHERE  Articulos.cod_articulo=4  ; select * from lista_precios WHERE borrado = 0
Save/Update: select * from EstadoTrabajos WHERE  EstadoTrabajos.cod_estado=0  
Save/Update: select * from historico_estados_produccion WHERE  historico_estados_produccion.cod_produccion=6  
Save/Update: select * from produccion_operador WHERE  produccion_operador.cod_prodcuccion=6  
Save/Update: select * from produccion WHERE  produccion.cod_maquina=3  AND  produccion.fechaInicio&gt;= CAST('15/10/2012 18:00:00.000'  AS DateTime) ; select * from historico_estados_produccion WHERE borrado = 0
Save/Update: DELETE produccion_operador WHERE id_operador=2  AND cod_prodcuccion=7  
Save/Update: DELETE historico_estados_produccion WHERE nro_estado=1  AND cod_produccion=7  
Save/Update: DELETE historico_estados_produccion WHERE nro_estado=2  AND cod_produccion=7  
Save/Update: DELETE produccion WHERE cod_produccion=7</StdOut>
      </Output>
    </UnitTestResult>
    <UnitTestResult executionId="c21b3612-2372-480d-9087-354b55b0f477" testId="3b15fca6-ba42-6ea6-b114-894cdb11cb16" testName="cargarListaPrecioConRestriccionesTest" computerName="DIEGO-PC" duration="00:00:00.0052838" startTime="2012-11-19T01:14:18.5054255-03:00" endTime="2012-11-19T01:14:18.5204264-03:00" testType="13cdc9d9-ddb5-4fa4-a97d-d965ccfc6d4b" outcome="Passed" testListId="8c84fa94-04c1-424b-9868-57a2d4851a1d" relativeResultsDirectory="c21b3612-2372-480d-9087-354b55b0f477">
      <Output>
        <StdOut>Save/Update: select * from lista_precios WHERE  lista_precios.borrado=0  AND  lista_precios.cod_articulo=1  
Save/Update: DELETE lista_precios WHERE nro_lista=3  AND cod_articulo=1</StdOut>
      </Output>
    </UnitTestResult>
    <UnitTestResult executionId="824956eb-0ed8-4913-9e6a-33511254653f" testId="3bb3d861-97d5-17ed-e4db-8593f01e3068" testName="listarInsumosPorTipoTest" computerName="DIEGO-PC" duration="00:00:00.0086361" startTime="2012-11-19T01:14:18.5224265-03:00" endTime="2012-11-19T01:14:18.5384274-03:00" testType="13cdc9d9-ddb5-4fa4-a97d-d965ccfc6d4b" outcome="Passed" testListId="8c84fa94-04c1-424b-9868-57a2d4851a1d" relativeResultsDirectory="824956eb-0ed8-4913-9e6a-33511254653f">
      <Output>
        <StdOut>Save/Update: select * from insumo WHERE  insumo.id_tipo_insumo=1  
Save/Update: select * from tipoInsumo WHERE  tipoInsumo.tipo_insumo=1  
Save/Update: select * from color WHERE  color.codigo_color=1  
Save/Update: select * from MovimientosStock WHERE  MovimientosStock.cod_insumo=1  
Save/Update: select * from tipoInsumo WHERE  tipoInsumo.tipo_insumo=1  
Save/Update: select * from color WHERE  color.codigo_color=2  
Save/Update: select * from MovimientosStock WHERE  MovimientosStock.cod_insumo=2  
Save/Update: select * from tipoInsumo WHERE  tipoInsumo.tipo_insumo=1  
Save/Update: select * from color WHERE  color.codigo_color=3  
Save/Update: select * from MovimientosStock WHERE  MovimientosStock.cod_insumo=3  
Save/Update: select * from tipoInsumo WHERE  tipoInsumo.tipo_insumo=1  
Save/Update: select * from color WHERE  color.codigo_color=4  
Save/Update: select * from MovimientosStock WHERE  MovimientosStock.cod_insumo=4  
Save/Update: DELETE MovimientosStock WHERE nro_movimiento=1  AND cod_insumo=5  
Save/Update: DELETE MovimientosStock WHERE nro_movimiento=2  AND cod_insumo=5  
Save/Update: DELETE insumo WHERE cod_insumo=5</StdOut>
      </Output>
    </UnitTestResult>
    <UnitTestResult executionId="45995ea3-4391-4ce6-9635-2bc39d23e890" testId="3c12ed63-05b7-6919-12b1-8653c094ff5f" testName="buscarPrendasPorDescripcionTest" computerName="DIEGO-PC" duration="00:00:00.0070763" startTime="2012-11-19T01:14:18.5424276-03:00" endTime="2012-11-19T01:14:18.5564284-03:00" testType="13cdc9d9-ddb5-4fa4-a97d-d965ccfc6d4b" outcome="Passed" testListId="8c84fa94-04c1-424b-9868-57a2d4851a1d" relativeResultsDirectory="45995ea3-4391-4ce6-9635-2bc39d23e890">
      <Output>
        <StdOut>Save/Update: select * from TipoPrenda WHERE  TipoPrenda.descripcion='Bolsillo'</StdOut>
      </Output>
    </UnitTestResult>
    <UnitTestResult executionId="d1b5b473-2ca9-4272-82e8-1c535eac4534" testId="3cd1a5b2-2061-12b0-4cbc-6da8d643a9e8" testName="actualizarMovimientoTest" computerName="DIEGO-PC" duration="00:00:00.0204098" startTime="2012-11-19T01:14:18.5594286-03:00" endTime="2012-11-19T01:14:18.5864301-03:00" testType="13cdc9d9-ddb5-4fa4-a97d-d965ccfc6d4b" outcome="Passed" testListId="8c84fa94-04c1-424b-9868-57a2d4851a1d" relativeResultsDirectory="d1b5b473-2ca9-4272-82e8-1c535eac4534">
      <Output>
        <StdOut>Save/Update: SELECT  ISNULL(MAX(nro_movimiento + 1),1) from MovimientosCuenta
Save/Update: INSERT INTO MovimientosCuenta (nro_movimiento, comentario, fecha, monto, cuentaID, tipoMovimientoID) VALUES (4 , 'com4',  CAST('19/11/2012 01:14:18.565'  AS DateTime), 33.3, 1 , 2 ); DELETE proveedor_movimientos where nro_movimiento=4  ;  INSERT INTO proveedor_movimientos ( nro_movimiento, id_proveedor) VALUES ( 4 , 3 ); DELETE documento_movimiento where nro_movimiento=4  ; 
Save/Update: select * from MovimientosCuenta JOIN proveedor_movimientos AS proveedor ON MovimientosCuenta.nro_movimiento=proveedor.nro_movimiento WHERE  MovimientosCuenta.nro_movimiento=4  AND proveedor.id_proveedor IS NOT  NULL ; select * from proveedor_movimientos; select * from documento_movimiento
Save/Update: select * from Proveedor WHERE  Proveedor.id_proveedor=3  
Save/Update: select * from OrdenDeCompra WHERE  OrdenDeCompra.id_proveedor=3  ; select * from documento_movimiento; select * from LineaOrdenDeCompra WHERE borrado = 0
Save/Update: select * from tipoMovimiento WHERE  tipoMovimiento.tipoMovimientoID=2  
Save/Update: select * from Cuenta WHERE  Cuenta.cuentaID=1  
Save/Update: UPDATE MovimientosCuenta SET comentario='com4', fecha= CAST('19/11/2012 01:14:18.567'  AS DateTime), monto=33.3, cuentaID=1 , tipoMovimientoID=2  WHERE nro_movimiento=4  ; DELETE proveedor_movimientos where nro_movimiento=4  ;  INSERT INTO proveedor_movimientos ( nro_movimiento, id_proveedor) VALUES ( 4 , 1 ); DELETE documento_movimiento where nro_movimiento=4  ; 
Save/Update: select * from MovimientosCuenta JOIN proveedor_movimientos AS proveedor ON MovimientosCuenta.nro_movimiento=proveedor.nro_movimiento WHERE  MovimientosCuenta.nro_movimiento=4  AND proveedor.id_proveedor IS NOT  NULL ; select * from proveedor_movimientos; select * from documento_movimiento
Save/Update: select * from Proveedor WHERE  Proveedor.id_proveedor=1  
Save/Update: select * from OrdenDeCompra WHERE  OrdenDeCompra.id_proveedor=1  ; select * from documento_movimiento; select * from LineaOrdenDeCompra WHERE borrado = 0
Save/Update: select * from tipoMovimiento WHERE  tipoMovimiento.tipoMovimientoID=2  
Save/Update: select * from Cuenta WHERE  Cuenta.cuentaID=1  
Save/Update: DELETE proveedor_movimientos where nro_movimiento=4  ; DELETE documento_movimiento where nro_movimiento=4  ; ;DELETE MovimientosCuenta WHERE nro_movimiento=4</StdOut>
      </Output>
    </UnitTestResult>
    <UnitTestResult executionId="ef386589-4d38-4d6e-9001-80b355e13545" testId="3d34ce3d-2c19-4b40-f3e1-1e5a5ee88a27" testName="modificarLineaTest" computerName="DIEGO-PC" duration="00:00:00.0107343" startTime="2012-11-19T01:14:18.5914304-03:00" endTime="2012-11-19T01:14:18.6074313-03:00" testType="13cdc9d9-ddb5-4fa4-a97d-d965ccfc6d4b" outcome="Passed" testListId="8c84fa94-04c1-424b-9868-57a2d4851a1d" relativeResultsDirectory="ef386589-4d38-4d6e-9001-80b355e13545">
      <Output>
        <StdOut>Save/Update: SELECT  ISNULL(MAX(nro_linea + 1),1) from LineaFactura WHERE nro_factura=1 AND nro_sucursal=1 AND tipo_factura='A'
Save/Update: INSERT INTO LineaFactura (nro_factura, nro_sucursal, tipo_factura, nro_linea, cod_producto, cantidad, precio, borrado) VALUES (1 , 1 , 'A', 3 , 3 , 33 , 33.3, 0 ); 
Save/Update: select * from LineaFactura WHERE  LineaFactura.nro_factura=1  AND  LineaFactura.nro_linea=3  AND  LineaFactura.nro_sucursal=1  AND  LineaFactura.tipo_factura='A' 
Save/Update: UPDATE LineaFactura SET cod_producto=3 , cantidad=33 , precio=10, borrado=0  WHERE nro_factura=1  AND nro_sucursal=1  AND tipo_factura='A' AND nro_linea=3  ; 
Save/Update: select * from LineaFactura WHERE  LineaFactura.nro_factura=1  AND  LineaFactura.nro_linea=3  AND  LineaFactura.nro_sucursal=1  AND  LineaFactura.tipo_factura='A' 
Save/Update: DELETE LineaFactura WHERE nro_factura=1  AND nro_sucursal=1  AND tipo_factura='A' AND nro_linea=3</StdOut>
      </Output>
    </UnitTestResult>
    <UnitTestResult executionId="bc77d2be-3b90-4cd9-b335-15416dfb54b4" testId="3d5d4690-413e-480e-9909-702cf88399dd" testName="listarMovimientosTest" computerName="DIEGO-PC" duration="00:00:00.0078299" startTime="2012-11-19T01:14:18.6094314-03:00" endTime="2012-11-19T01:14:18.6234322-03:00" testType="13cdc9d9-ddb5-4fa4-a97d-d965ccfc6d4b" outcome="Passed" testListId="8c84fa94-04c1-424b-9868-57a2d4851a1d" relativeResultsDirectory="bc77d2be-3b90-4cd9-b335-15416dfb54b4">
      <Output>
        <StdOut>Save/Update: select * from MovimientosCuenta JOIN proveedor_movimientos AS proveedor ON MovimientosCuenta.nro_movimiento=proveedor.nro_movimiento WHERE proveedor.id_proveedor IS NOT  NULL ; select * from proveedor_movimientos; select * from documento_movimiento
Save/Update: select * from Proveedor WHERE  Proveedor.id_proveedor=1  
Save/Update: select * from OrdenDeCompra WHERE  OrdenDeCompra.id_proveedor=1  ; select * from documento_movimiento; select * from LineaOrdenDeCompra WHERE borrado = 0
Save/Update: select * from OrdenDeCompra WHERE  OrdenDeCompra.nro_Doc=3  ; select * from documento_movimiento; select * from LineaOrdenDeCompra WHERE borrado = 0
Save/Update: select * from tipoMovimiento WHERE  tipoMovimiento.tipoMovimientoID=1  
Save/Update: select * from Cuenta WHERE  Cuenta.cuentaID=1  
Save/Update: DELETE proveedor_movimientos where nro_movimiento=4  ; DELETE documento_movimiento where nro_movimiento=4  ; ;DELETE MovimientosCuenta WHERE nro_movimiento=4</StdOut>
      </Output>
    </UnitTestResult>
    <UnitTestResult executionId="5c4b36d2-b310-408e-8384-94d89d3d3bda" testId="3f09e394-0823-389c-6e0c-74955eff820a" testName="listarFacturasTest" computerName="DIEGO-PC" duration="00:00:00.0179397" startTime="2012-11-19T01:14:18.6264324-03:00" endTime="2012-11-19T01:14:18.6504338-03:00" testType="13cdc9d9-ddb5-4fa4-a97d-d965ccfc6d4b" outcome="Passed" testListId="8c84fa94-04c1-424b-9868-57a2d4851a1d" relativeResultsDirectory="5c4b36d2-b310-408e-8384-94d89d3d3bda">
      <Output>
        <StdOut>Save/Update: select * from Factura; select * from documento_movimiento; select * from LineaFactura WHERE borrado = 0
Save/Update: select * from LineaFactura WHERE  LineaFactura.nro_factura=1  AND  LineaFactura.tipo_factura='A' AND  LineaFactura.nro_sucursal=1  
Save/Update: select * from Articulos WHERE  Articulos.cod_articulo=1  ; select * from lista_precios WHERE borrado = 0
Save/Update: select * from Articulos WHERE  Articulos.cod_articulo=2  ; select * from lista_precios WHERE borrado = 0
Save/Update: select * from Cliente WHERE  Cliente.id_cliente=1  ; select * from cliente_movimientos; select * from Pedido WHERE borrado = 0; select * from Factura WHERE borrado = 0; select * from Diseño WHERE borrado = 0
Save/Update: select * from Usuario WHERE  Usuario.usuarioID=1  ; select * from JoinUsuarioToFamilia; select * from JoinPatenteToUsuario
Save/Update: select * from MovimientosCuenta JOIN documento_movimiento AS documento ON MovimientosCuenta.nro_movimiento=documento.nro_movimiento JOIN cliente_movimientos AS cliente ON MovimientosCuenta.nro_movimiento=cliente.nro_movimiento WHERE documento.nro_Doc=1  AND cliente.id_cliente IS NOT  NULL ; select * from cliente_movimientos; select * from documento_movimiento
Save/Update: select * from LineaFactura WHERE  LineaFactura.nro_factura=1  AND  LineaFactura.tipo_factura='B' AND  LineaFactura.nro_sucursal=2  
Save/Update: select * from Articulos WHERE  Articulos.cod_articulo=1  ; select * from lista_precios WHERE borrado = 0
Save/Update: select * from Articulos WHERE  Articulos.cod_articulo=2  ; select * from lista_precios WHERE borrado = 0
Save/Update: select * from Cliente WHERE  Cliente.id_cliente=1  ; select * from cliente_movimientos; select * from Pedido WHERE borrado = 0; select * from Factura WHERE borrado = 0; select * from Diseño WHERE borrado = 0
Save/Update: select * from Usuario WHERE  Usuario.usuarioID=1  ; select * from JoinUsuarioToFamilia; select * from JoinPatenteToUsuario
Save/Update: select * from MovimientosCuenta JOIN documento_movimiento AS documento ON MovimientosCuenta.nro_movimiento=documento.nro_movimiento JOIN cliente_movimientos AS cliente ON MovimientosCuenta.nro_movimiento=cliente.nro_movimiento WHERE documento.nro_Doc=2  AND cliente.id_cliente IS NOT  NULL ; select * from cliente_movimientos; select * from documento_movimiento
Save/Update: DELETE LineaFactura WHERE nro_factura=2  AND nro_sucursal=1  AND tipo_factura='A' AND nro_linea=1  
Save/Update: DELETE LineaFactura WHERE nro_factura=2  AND nro_sucursal=1  AND tipo_factura='A' AND nro_linea=2  
Save/Update: DELETE cliente_movimientos where nro_movimiento=4  ; DELETE documento_movimiento where nro_movimiento=4  ; ;DELETE MovimientosCuenta WHERE nro_movimiento=4  
Save/Update: DELETE FROM Factura WHERE nro_Doc =5
Save/Update: delete documento where nro_doc=5</StdOut>
      </Output>
    </UnitTestResult>
    <UnitTestResult executionId="11ce898e-2921-4394-9434-2b46397cbc19" testId="3f50a717-0b73-d5bd-41bc-37d26b580e88" testName="buscarProveedorPorCodigoTest" computerName="DIEGO-PC" duration="00:00:00.0062815" startTime="2012-11-19T01:14:18.6534340-03:00" endTime="2012-11-19T01:14:18.6654346-03:00" testType="13cdc9d9-ddb5-4fa4-a97d-d965ccfc6d4b" outcome="Passed" testListId="8c84fa94-04c1-424b-9868-57a2d4851a1d" relativeResultsDirectory="11ce898e-2921-4394-9434-2b46397cbc19">
      <Output>
        <StdOut>Save/Update: select * from Proveedor WHERE  Proveedor.id_proveedor=1  
Save/Update: select * from OrdenDeCompra WHERE  OrdenDeCompra.id_proveedor=1  ; select * from documento_movimiento; select * from LineaOrdenDeCompra WHERE borrado = 0
Save/Update: delete OrdenDeCompra where nro_doc=5
Save/Update: delete documento where nro_doc=5
Save/Update: DELETE Proveedor WHERE id_proveedor=4  
Save/Update: UPDATE Proveedor SET nombre='nombre1', telefono='1111-1111', direccion='direccion 1' WHERE id_proveedor=1  ;</StdOut>
      </Output>
    </UnitTestResult>
    <UnitTestResult executionId="4e7bb2bf-1e7e-49e3-b56a-649e63e1a946" testId="3f81de19-4fde-6528-9e0d-cf576c0d46aa" testName="grabarHistoricoEstadosTest" computerName="DIEGO-PC" duration="00:00:00.0091854" startTime="2012-11-19T01:14:18.6694349-03:00" endTime="2012-11-19T01:14:18.6844357-03:00" testType="13cdc9d9-ddb5-4fa4-a97d-d965ccfc6d4b" outcome="Passed" testListId="8c84fa94-04c1-424b-9868-57a2d4851a1d" relativeResultsDirectory="4e7bb2bf-1e7e-49e3-b56a-649e63e1a946">
      <Output>
        <StdOut>Save/Update: SELECT  ISNULL(MAX(nro_estado + 1),1) from historico_estados_pedido WHERE cod_pedido=2
Save/Update: INSERT INTO historico_estados_pedido (nro_estado, comentario, cod_pedido, fechaDesde, fechaHasta, estado, borrado) VALUES (4 , 'comentario32', 2 ,  CAST('19/11/2012 01:14:18.674'  AS DateTime),  NULL , 4 , 0 ); 
Save/Update: select * from historico_estados_pedido WHERE  historico_estados_pedido.nro_estado=4  AND  historico_estados_pedido.cod_pedido=2  
Save/Update: DELETE historico_estados_pedido WHERE nro_estado=4  AND cod_pedido=2</StdOut>
      </Output>
    </UnitTestResult>
    <UnitTestResult executionId="87266a58-045e-40c5-a534-348849c4fe30" testId="4063ba31-c658-1e39-f2a1-4789b86cdf92" testName="cargarClientesTest" computerName="DIEGO-PC" duration="00:00:00.0083648" startTime="2012-11-19T01:14:18.6884360-03:00" endTime="2012-11-19T01:14:18.7024368-03:00" testType="13cdc9d9-ddb5-4fa4-a97d-d965ccfc6d4b" outcome="Passed" testListId="8c84fa94-04c1-424b-9868-57a2d4851a1d" relativeResultsDirectory="87266a58-045e-40c5-a534-348849c4fe30">
      <Output>
        <StdOut>Save/Update: select * from Cliente; select * from cliente_movimientos; select * from Pedido WHERE borrado = 0; select * from Factura WHERE borrado = 0; select * from Diseño WHERE borrado = 0</StdOut>
      </Output>
    </UnitTestResult>
    <UnitTestResult executionId="d5a927fb-ded3-43c5-a6ee-23b4842f6361" testId="4075ee85-dce8-0a59-bbe2-572b6c1b6a07" testName="cargarPatentesPorUsuarioTest" computerName="DIEGO-PC" duration="00:00:00.0044586" startTime="2012-11-19T01:14:18.7054369-03:00" endTime="2012-11-19T01:14:18.7164376-03:00" testType="13cdc9d9-ddb5-4fa4-a97d-d965ccfc6d4b" outcome="Passed" testListId="8c84fa94-04c1-424b-9868-57a2d4851a1d" relativeResultsDirectory="d5a927fb-ded3-43c5-a6ee-23b4842f6361">
      <Output>
        <StdOut>Save/Update: select * from Patente JOIN JoinPatenteToUsuario AS usuario ON Patente.patenteId=usuario.patenteId WHERE usuario.usuarioID=3</StdOut>
      </Output>
    </UnitTestResult>
    <UnitTestResult executionId="785bd95f-b369-4c57-990a-78701adcb624" testId="40c309eb-6e85-5d22-3be7-c1b561c3a631" testName="actualizaFacturaTest" computerName="DIEGO-PC" duration="00:00:00.0576584" startTime="2012-11-19T01:14:18.7204378-03:00" endTime="2012-11-19T01:14:18.7834414-03:00" testType="13cdc9d9-ddb5-4fa4-a97d-d965ccfc6d4b" outcome="Passed" testListId="8c84fa94-04c1-424b-9868-57a2d4851a1d" relativeResultsDirectory="785bd95f-b369-4c57-990a-78701adcb624">
      <Output>
        <StdOut>Save/Update: SELECT  ISNULL(MAX(nro_Doc + 1),1) from documento
Save/Update: INSERT INTO documento VALUES (5)
Save/Update: SELECT  ISNULL(MAX(nro_factura + 1),1) from Factura WHERE nro_sucursal=1 AND tipo_factura='A'
Save/Update: INSERT INTO Factura (nro_Doc, iva, fecha, borrado, nro_factura, nro_sucursal, tipo_factura, id_cliente, monto) VALUES (5 , 1.1,  CAST('13/10/2012 21:44:12.000'  AS DateTime), 0 , 2 , 1 , 'A', 2 , 100); UPDATE LineaFactura SET borrado=1 WHERE nro_factura=2  AND nro_sucursal=1  AND tipo_factura='A' ; 
Save/Update: SELECT  ISNULL(MAX(nro_linea + 1),1) from LineaFactura WHERE nro_factura=2 AND nro_sucursal=1 AND tipo_factura='A'
Save/Update: INSERT INTO LineaFactura (nro_factura, nro_sucursal, tipo_factura, nro_linea, cod_producto, cantidad, precio, borrado) VALUES (2 , 1 , 'A', 1 , 2 , 10 , 0, 0 ); 
Save/Update: SELECT  ISNULL(MAX(nro_movimiento + 1),1) from MovimientosCuenta
Save/Update: INSERT INTO MovimientosCuenta (nro_movimiento, comentario, fecha, monto, cuentaID, tipoMovimientoID) VALUES (4 , 'com test',  CAST('13/10/2012 21:44:12.000'  AS DateTime), 100, 1 , 1 ); DELETE cliente_movimientos where nro_movimiento=4  ;  INSERT INTO cliente_movimientos ( nro_movimiento, id_cliente) VALUES ( 4 , 2 ); DELETE documento_movimiento where nro_movimiento=4  ;  INSERT INTO documento_movimiento ( nro_movimiento, nro_Doc) VALUES ( 4 , 5 ); 
Save/Update: select * from Factura WHERE  Factura.nro_factura=2  AND  Factura.nro_sucursal=1  AND  Factura.tipo_factura='A' ; select * from documento_movimiento; select * from LineaFactura WHERE borrado = 0
Save/Update: select * from LineaFactura WHERE  LineaFactura.nro_factura=2  AND  LineaFactura.tipo_factura='A' AND  LineaFactura.nro_sucursal=1  
Save/Update: select * from Articulos WHERE  Articulos.cod_articulo=2  ; select * from lista_precios WHERE borrado = 0
Save/Update: select * from Cliente WHERE  Cliente.id_cliente=2  ; select * from cliente_movimientos; select * from Pedido WHERE borrado = 0; select * from Factura WHERE borrado = 0; select * from Diseño WHERE borrado = 0
Save/Update: select * from Usuario WHERE  Usuario.usuarioID=2  ; select * from JoinUsuarioToFamilia; select * from JoinPatenteToUsuario
Save/Update: select * from MovimientosCuenta JOIN documento_movimiento AS documento ON MovimientosCuenta.nro_movimiento=documento.nro_movimiento JOIN cliente_movimientos AS cliente ON MovimientosCuenta.nro_movimiento=cliente.nro_movimiento WHERE documento.nro_Doc=5  AND cliente.id_cliente IS NOT  NULL ; select * from cliente_movimientos; select * from documento_movimiento
Save/Update: UPDATE Factura SET nro_Doc=5 , iva=1.1, fecha= CAST('13/10/2012 21:44:12.000'  AS DateTime), borrado=0 , id_cliente=2 , monto=111 WHERE nro_factura=2  AND nro_sucursal=1  AND tipo_factura='A' ; UPDATE LineaFactura SET borrado=1 WHERE nro_factura=2  AND nro_sucursal=1  AND tipo_factura='A' ; 
Save/Update: UPDATE LineaFactura SET cod_producto=2 , cantidad=15 , precio=0, borrado=0  WHERE nro_factura=2  AND nro_sucursal=1  AND tipo_factura='A' AND nro_linea=1  ; 
Save/Update: SELECT  ISNULL(MAX(nro_linea + 1),1) from LineaFactura WHERE nro_factura=2 AND nro_sucursal=1 AND tipo_factura='A'
Save/Update: INSERT INTO LineaFactura (nro_factura, nro_sucursal, tipo_factura, nro_linea, cod_producto, cantidad, precio, borrado) VALUES (2 , 1 , 'A', 2 , 1 , 10 , 2.1, 0 ); 
Save/Update: UPDATE MovimientosCuenta SET comentario='com test', fecha= CAST('13/10/2012 21:44:12.000'  AS DateTime), monto=111, cuentaID=1 , tipoMovimientoID=1  WHERE nro_movimiento=4  ; DELETE cliente_movimientos where nro_movimiento=4  ;  INSERT INTO cliente_movimientos ( nro_movimiento, id_cliente) VALUES ( 4 , 2 ); DELETE documento_movimiento where nro_movimiento=4  ;  INSERT INTO documento_movimiento ( nro_movimiento, nro_Doc) VALUES ( 4 , 5 ); 
Save/Update: select * from Factura WHERE  Factura.nro_factura=2  AND  Factura.nro_sucursal=1  AND  Factura.tipo_factura='A' ; select * from documento_movimiento; select * from LineaFactura WHERE borrado = 0
Save/Update: select * from LineaFactura WHERE  LineaFactura.nro_factura=2  AND  LineaFactura.tipo_factura='A' AND  LineaFactura.nro_sucursal=1  
Save/Update: select * from Articulos WHERE  Articulos.cod_articulo=2  ; select * from lista_precios WHERE borrado = 0
Save/Update: select * from Articulos WHERE  Articulos.cod_articulo=1  ; select * from lista_precios WHERE borrado = 0
Save/Update: select * from Cliente WHERE  Cliente.id_cliente=2  ; select * from cliente_movimientos; select * from Pedido WHERE borrado = 0; select * from Factura WHERE borrado = 0; select * from Diseño WHERE borrado = 0
Save/Update: select * from Usuario WHERE  Usuario.usuarioID=2  ; select * from JoinUsuarioToFamilia; select * from JoinPatenteToUsuario
Save/Update: select * from MovimientosCuenta JOIN documento_movimiento AS documento ON MovimientosCuenta.nro_movimiento=documento.nro_movimiento JOIN cliente_movimientos AS cliente ON MovimientosCuenta.nro_movimiento=cliente.nro_movimiento WHERE documento.nro_Doc=5  AND cliente.id_cliente IS NOT  NULL ; select * from cliente_movimientos; select * from documento_movimiento
Save/Update: DELETE LineaFactura WHERE nro_factura=2  AND nro_sucursal=1  AND tipo_factura='A' AND nro_linea=1  
Save/Update: DELETE LineaFactura WHERE nro_factura=2  AND nro_sucursal=1  AND tipo_factura='A' AND nro_linea=2  
Save/Update: DELETE cliente_movimientos where nro_movimiento=4  ; DELETE documento_movimiento where nro_movimiento=4  ; ;DELETE MovimientosCuenta WHERE nro_movimiento=4  
Save/Update: DELETE FROM Factura WHERE nro_Doc =5
Save/Update: delete documento where nro_doc=5</StdOut>
      </Output>
    </UnitTestResult>
    <UnitTestResult executionId="e21d3c4b-d062-4166-b46a-fc126510f3ce" testId="4128c841-fbe4-5443-0039-ee6ab9d8480a" testName="borrarMovimientosClienteTest" computerName="DIEGO-PC" duration="00:00:00.0142215" startTime="2012-11-19T01:14:18.7864416-03:00" endTime="2012-11-19T01:14:18.8074428-03:00" testType="13cdc9d9-ddb5-4fa4-a97d-d965ccfc6d4b" outcome="Passed" testListId="8c84fa94-04c1-424b-9868-57a2d4851a1d" relativeResultsDirectory="e21d3c4b-d062-4166-b46a-fc126510f3ce">
      <Output>
        <StdOut>Save/Update: SELECT  ISNULL(MAX(nro_movimiento + 1),1) from MovimientosCuenta
Save/Update: INSERT INTO MovimientosCuenta (nro_movimiento, comentario, fecha, monto, cuentaID, tipoMovimientoID) VALUES (4 , 'com4',  CAST('19/11/2012 01:14:18.792'  AS DateTime), 33.3, 1 , 2 ); DELETE cliente_movimientos where nro_movimiento=4  ;  INSERT INTO cliente_movimientos ( nro_movimiento, id_cliente) VALUES ( 4 , 2 ); DELETE documento_movimiento where nro_movimiento=4  ; 
Save/Update: select * from MovimientosCuenta JOIN cliente_movimientos AS cliente ON MovimientosCuenta.nro_movimiento=cliente.nro_movimiento WHERE  MovimientosCuenta.nro_movimiento=4  AND  MovimientosCuenta.monto=33.3 AND cliente.id_cliente IS NOT  NULL ; select * from cliente_movimientos; select * from documento_movimiento
Save/Update: DELETE cliente_movimientos where nro_movimiento=4  ; DELETE documento_movimiento where nro_movimiento=4  ; ;DELETE MovimientosCuenta WHERE nro_movimiento=4  
Save/Update: select * from MovimientosCuenta JOIN cliente_movimientos AS cliente ON MovimientosCuenta.nro_movimiento=cliente.nro_movimiento WHERE  MovimientosCuenta.nro_movimiento=4  AND  MovimientosCuenta.monto=33.3 AND cliente.id_cliente IS NOT  NULL AND cliente.id_cliente IS NOT  NULL ; select * from cliente_movimientos; select * from documento_movimiento
Save/Update: DELETE cliente_movimientos where nro_movimiento=4  ; DELETE documento_movimiento where nro_movimiento=4  ; ;DELETE MovimientosCuenta WHERE nro_movimiento=4</StdOut>
      </Output>
    </UnitTestResult>
    <UnitTestResult executionId="a6b6eb40-f90e-4ac0-9f61-76a368a1dc5d" testId="4148e9ec-0e25-c6a4-4bc2-03540cd0a990" testName="cargarMensajePorConversacionTest" computerName="DIEGO-PC" duration="00:00:00.0040429" startTime="2012-11-19T01:14:18.8134431-03:00" endTime="2012-11-19T01:14:18.8254438-03:00" testType="13cdc9d9-ddb5-4fa4-a97d-d965ccfc6d4b" outcome="Passed" testListId="8c84fa94-04c1-424b-9868-57a2d4851a1d" relativeResultsDirectory="a6b6eb40-f90e-4ac0-9f61-76a368a1dc5d">
      <Output>
        <StdOut>Save/Update: select * from Mensaje WHERE  Mensaje.id_conversacion=1</StdOut>
      </Output>
    </UnitTestResult>
    <UnitTestResult executionId="4080c64c-0fb0-432b-b8fe-8aa2d749d97d" testId="41ca50b2-af08-ebb5-fe81-0171706b4196" testName="listarMovimientosPorClienteTest" computerName="DIEGO-PC" duration="00:00:00.0294245" startTime="2012-11-19T01:14:18.8304441-03:00" endTime="2012-11-19T01:14:18.8664461-03:00" testType="13cdc9d9-ddb5-4fa4-a97d-d965ccfc6d4b" outcome="Passed" testListId="8c84fa94-04c1-424b-9868-57a2d4851a1d" relativeResultsDirectory="4080c64c-0fb0-432b-b8fe-8aa2d749d97d">
      <Output>
        <StdOut>Save/Update: select * from MovimientosCuenta JOIN cliente_movimientos AS cliente ON MovimientosCuenta.nro_movimiento=cliente.nro_movimiento WHERE cliente.id_cliente IS NOT  NULL ; select * from cliente_movimientos; select * from documento_movimiento
Save/Update: select * from Cliente WHERE  Cliente.id_cliente=1  ; select * from cliente_movimientos; select * from Pedido WHERE borrado = 0; select * from Factura WHERE borrado = 0; select * from Diseño WHERE borrado = 0
Save/Update: select * from Usuario WHERE  Usuario.usuarioID=1  ; select * from JoinUsuarioToFamilia; select * from JoinPatenteToUsuario
Save/Update: select * from Familia JOIN JoinUsuarioToFamilia AS usuarios ON Familia.familiaID=usuarios.familiaID WHERE usuarios.usuarioID=1  ; select * from JoinFamiliaToPatente
Save/Update: select * from Patente JOIN JoinPatenteToUsuario AS usuario ON Patente.patenteId=usuario.patenteId WHERE usuario.usuarioID=1  
Save/Update: select * from Cliente WHERE  Cliente.usuarioID=1  ; select * from cliente_movimientos; select * from Pedido WHERE borrado = 0; select * from Factura WHERE borrado = 0; select * from Diseño WHERE borrado = 0
Save/Update: select * from Diseño WHERE  Diseño.id_cliente=1  ; select * from historico_estados_diseño WHERE borrado = 0
Save/Update: select * from Factura WHERE  Factura.id_cliente=1  ; select * from documento_movimiento; select * from LineaFactura WHERE borrado = 0
Save/Update: select * from Pedido WHERE  Pedido.id_cliente=1  ; select * from produccion WHERE borrado = 0; select * from historico_estados_pedido WHERE borrado = 0
Save/Update: select * from MovimientosCuenta JOIN cliente_movimientos AS cliente ON MovimientosCuenta.nro_movimiento=cliente.nro_movimiento WHERE cliente.id_cliente=1  AND cliente.id_cliente IS NOT  NULL ; select * from cliente_movimientos; select * from documento_movimiento
Save/Update: select * from Factura WHERE  Factura.nro_Doc=1  ; select * from documento_movimiento; select * from LineaFactura WHERE borrado = 0
Save/Update: select * from tipoMovimiento WHERE  tipoMovimiento.tipoMovimientoID=1  
Save/Update: select * from Cuenta WHERE  Cuenta.cuentaID=1  
Save/Update: select * from Cliente WHERE  Cliente.id_cliente=1  ; select * from cliente_movimientos; select * from Pedido WHERE borrado = 0; select * from Factura WHERE borrado = 0; select * from Diseño WHERE borrado = 0
Save/Update: select * from Usuario WHERE  Usuario.usuarioID=1  ; select * from JoinUsuarioToFamilia; select * from JoinPatenteToUsuario
Save/Update: select * from Familia JOIN JoinUsuarioToFamilia AS usuarios ON Familia.familiaID=usuarios.familiaID WHERE usuarios.usuarioID=1  ; select * from JoinFamiliaToPatente
Save/Update: select * from Patente JOIN JoinPatenteToUsuario AS usuario ON Patente.patenteId=usuario.patenteId WHERE usuario.usuarioID=1  
Save/Update: select * from Cliente WHERE  Cliente.usuarioID=1  ; select * from cliente_movimientos; select * from Pedido WHERE borrado = 0; select * from Factura WHERE borrado = 0; select * from Diseño WHERE borrado = 0
Save/Update: select * from Diseño WHERE  Diseño.id_cliente=1  ; select * from historico_estados_diseño WHERE borrado = 0
Save/Update: select * from Factura WHERE  Factura.id_cliente=1  ; select * from documento_movimiento; select * from LineaFactura WHERE borrado = 0
Save/Update: select * from Pedido WHERE  Pedido.id_cliente=1  ; select * from produccion WHERE borrado = 0; select * from historico_estados_pedido WHERE borrado = 0
Save/Update: select * from MovimientosCuenta JOIN cliente_movimientos AS cliente ON MovimientosCuenta.nro_movimiento=cliente.nro_movimiento WHERE cliente.id_cliente=1  AND cliente.id_cliente IS NOT  NULL ; select * from cliente_movimientos; select * from documento_movimiento
Save/Update: select * from tipoMovimiento WHERE  tipoMovimiento.tipoMovimientoID=1  
Save/Update: select * from Cuenta WHERE  Cuenta.cuentaID=1  
Save/Update: DELETE cliente_movimientos where nro_movimiento=4  ; DELETE documento_movimiento where nro_movimiento=4  ; ;DELETE MovimientosCuenta WHERE nro_movimiento=4</StdOut>
      </Output>
    </UnitTestResult>
    <UnitTestResult executionId="eb1cd5f0-4742-49f3-9621-623528c0660e" testId="42bbff3f-ae90-d4a3-ac96-e18e8d721f9a" testName="cargarFamiliasPorPatenteTest" computerName="DIEGO-PC" duration="00:00:00.0056678" startTime="2012-11-19T01:14:18.8724465-03:00" endTime="2012-11-19T01:14:18.8854472-03:00" testType="13cdc9d9-ddb5-4fa4-a97d-d965ccfc6d4b" outcome="Passed" testListId="8c84fa94-04c1-424b-9868-57a2d4851a1d" relativeResultsDirectory="eb1cd5f0-4742-49f3-9621-623528c0660e">
      <Output>
        <StdOut>Save/Update: select * from Familia JOIN JoinFamiliaToPatente AS patentes ON Familia.familiaID=patentes.familiaID WHERE patentes.patenteId=4  ; select * from JoinFamiliaToPatente</StdOut>
      </Output>
    </UnitTestResult>
    <UnitTestResult executionId="e32a0894-b59b-47ee-9731-c61b7c6c39b6" testId="42bc7f23-0a71-a17c-783c-a7c1f6e66d7c" testName="grabarTest" computerName="DIEGO-PC" duration="00:00:00.0241995" startTime="2012-11-19T01:14:18.8904475-03:00" endTime="2012-11-19T01:14:18.9214493-03:00" testType="13cdc9d9-ddb5-4fa4-a97d-d965ccfc6d4b" outcome="Passed" testListId="8c84fa94-04c1-424b-9868-57a2d4851a1d" relativeResultsDirectory="e32a0894-b59b-47ee-9731-c61b7c6c39b6">
      <Output>
        <StdOut>Save/Update: INSERT INTO Proveedor (id_proveedor, nombre, telefono, direccion) VALUES (4 , 'nombre4', '4444-4444', 'direccion 4'); 
Save/Update: SELECT  ISNULL(MAX(nro_Doc + 1),1) from documento
Save/Update: INSERT INTO documento VALUES (5)
Save/Update: SELECT  ISNULL(MAX(nro_orden_compra + 1),1) from OrdenDeCompra WHERE nro_sucursal=1 AND tipo_orden_compra='A'
Save/Update: INSERT INTO OrdenDeCompra (nro_Doc, iva, fecha, borrado, nro_orden_compra, nro_sucursal, tipo_orden_compra, id_proveedor, monto) VALUES (5 , 33.3,  CAST('19/11/2012 01:14:18.897'  AS DateTime), 0 , 2 , 1 , 'A', 4 , 33.3); UPDATE LineaOrdenDeCompra SET borrado=1 WHERE nro_orden_compra=2  AND nro_sucursal=1  AND tipo_orden_compra='A' ; 
Save/Update: select * from Proveedor
Save/Update: select * from OrdenDeCompra WHERE  OrdenDeCompra.id_proveedor=1  ; select * from documento_movimiento; select * from LineaOrdenDeCompra WHERE borrado = 0
Save/Update: select * from OrdenDeCompra WHERE  OrdenDeCompra.id_proveedor=2  ; select * from documento_movimiento; select * from LineaOrdenDeCompra WHERE borrado = 0
Save/Update: select * from OrdenDeCompra WHERE  OrdenDeCompra.id_proveedor=3  ; select * from documento_movimiento; select * from LineaOrdenDeCompra WHERE borrado = 0
Save/Update: select * from OrdenDeCompra WHERE  OrdenDeCompra.id_proveedor=4  ; select * from documento_movimiento; select * from LineaOrdenDeCompra WHERE borrado = 0
Save/Update: delete OrdenDeCompra where nro_doc=5
Save/Update: delete documento where nro_doc=5
Save/Update: DELETE Proveedor WHERE id_proveedor=4  
Save/Update: UPDATE Proveedor SET nombre='nombre1', telefono='1111-1111', direccion='direccion 1' WHERE id_proveedor=1  ;</StdOut>
      </Output>
    </UnitTestResult>
    <UnitTestResult executionId="19c4c104-2333-4d9f-a937-57ae8a9f13d4" testId="42d34e85-28e2-30e8-a414-32919f9963a2" testName="ejecutarConsultaTest" computerName="DIEGO-PC" duration="00:00:00.0025139" startTime="2012-11-19T01:14:18.9274496-03:00" endTime="2012-11-19T01:14:18.9364501-03:00" testType="13cdc9d9-ddb5-4fa4-a97d-d965ccfc6d4b" outcome="Passed" testListId="8c84fa94-04c1-424b-9868-57a2d4851a1d" relativeResultsDirectory="19c4c104-2333-4d9f-a937-57ae8a9f13d4">
      <Output>
        <StdOut>Save/Update: select * from usuario</StdOut>
      </Output>
    </UnitTestResult>
    <UnitTestResult executionId="3e7db97d-02bf-4c87-934e-c6965303caa9" testId="42f3bd17-7e9a-3a2a-0abf-94dcbfe8af44" testName="calcularTimepoTrabajoTest4" computerName="DIEGO-PC" duration="00:00:00.0025062" startTime="2012-11-19T01:14:18.9424505-03:00" endTime="2012-11-19T01:14:18.9514510-03:00" testType="13cdc9d9-ddb5-4fa4-a97d-d965ccfc6d4b" outcome="Passed" testListId="8c84fa94-04c1-424b-9868-57a2d4851a1d" relativeResultsDirectory="3e7db97d-02bf-4c87-934e-c6965303caa9">
      <Output>
        <StdOut>Save/Update: DELETE produccion_operador WHERE id_operador=2  AND cod_prodcuccion=7  
Save/Update: DELETE historico_estados_produccion WHERE nro_estado=1  AND cod_produccion=7  
Save/Update: DELETE historico_estados_produccion WHERE nro_estado=2  AND cod_produccion=7  
Save/Update: DELETE produccion WHERE cod_produccion=7</StdOut>
      </Output>
    </UnitTestResult>
    <UnitTestResult executionId="5a20992f-e228-46c6-9e16-440d342f5e37" testId="43cb51cd-66eb-181b-064e-18bf81c14a68" testName="borrarArticuloTest" computerName="DIEGO-PC" duration="00:00:00.0250124" startTime="2012-11-19T01:14:18.9574513-03:00" endTime="2012-11-19T01:14:18.9894532-03:00" testType="13cdc9d9-ddb5-4fa4-a97d-d965ccfc6d4b" outcome="Passed" testListId="8c84fa94-04c1-424b-9868-57a2d4851a1d" relativeResultsDirectory="5a20992f-e228-46c6-9e16-440d342f5e37">
      <Output>
        <StdOut>Save/Update: SELECT  ISNULL(MAX(cod_articulo + 1),1) from Articulos
Save/Update: INSERT INTO Articulos (cod_articulo, tipoPrendaID, diseñoID, comentario, produccion, precioActual, borrado) VALUES (4 , 3 , 2 , 'com test', 10 , 1, 0 ); UPDATE lista_precios SET borrado=1 WHERE cod_articulo=4  ; 
Save/Update: SELECT  ISNULL( MAX(nro_lista + 1), 1) from lista_precios WHERE cod_articulo=4
Save/Update: INSERT INTO lista_precios (nro_lista, cod_articulo, precio, fechaDesde, fechaHasta, borrado) VALUES (1 , 4 , 1,  CAST('19/11/2012 01:14:18.966'  AS DateTime),  NULL , 0 ); 
Save/Update: select * from Articulos WHERE  Articulos.cod_articulo=4  ; select * from lista_precios WHERE borrado = 0
Save/Update: select * from lista_precios WHERE  lista_precios.cod_articulo=4  
Save/Update: select * from TipoPrenda WHERE  TipoPrenda.tipo_prenda=3  
Save/Update: select * from Diseño WHERE  Diseño.cod_diseño=2  ; select * from historico_estados_diseño WHERE borrado = 0
Save/Update: UPDATE Articulos SET tipoPrendaID=3 , diseñoID=2 , comentario='com test', produccion=10 , precioActual=1, borrado=1  WHERE cod_articulo=4  ; UPDATE lista_precios SET borrado=1 WHERE cod_articulo=4  ; 
Save/Update: select * from Articulos WHERE  Articulos.cod_articulo=4  ; select * from lista_precios WHERE borrado = 0
Save/Update: select * from lista_precios WHERE  lista_precios.cod_articulo=4  
Save/Update: select * from TipoPrenda WHERE  TipoPrenda.tipo_prenda=3  
Save/Update: select * from Diseño WHERE  Diseño.cod_diseño=2  ; select * from historico_estados_diseño WHERE borrado = 0
Save/Update: DELETE lista_precios WHERE nro_lista=1  AND cod_articulo=4  
Save/Update: DELETE lista_precios WHERE nro_lista=2  AND cod_articulo=4  
Save/Update: DELETE Articulos WHERE cod_articulo=4</StdOut>
      </Output>
    </UnitTestResult>
    <UnitTestResult executionId="cad104f8-b00b-44e3-97e6-02aaa985e4c9" testId="4470df03-406c-ac4c-036b-0433b2842ca5" testName="grabarProduccionTest" computerName="DIEGO-PC" duration="00:00:00.0086460" startTime="2012-11-19T01:14:18.9924534-03:00" endTime="2012-11-19T01:14:19.0104544-03:00" testType="13cdc9d9-ddb5-4fa4-a97d-d965ccfc6d4b" outcome="Passed" testListId="8c84fa94-04c1-424b-9868-57a2d4851a1d" relativeResultsDirectory="cad104f8-b00b-44e3-97e6-02aaa985e4c9">
      <Output>
        <StdOut>Save/Update: SELECT  ISNULL(MAX(cod_produccion + 1),1) from produccion
Save/Update: INSERT INTO produccion (cod_produccion, comentario, cod_pedido, cod_maquina, cod_articulo, cantidad, estadoActual, utilizacion, fechaInicio, fechaFinal, borrado) VALUES (7 , 'comentario test', 3 , 3 , 7 , 10 , 2 , 1,  CAST('19/11/2012 01:14:19.001'  AS DateTime),  CAST('19/11/2012 01:14:19.001'  AS DateTime), 0 ); UPDATE historico_estados_produccion SET borrado=1 WHERE cod_produccion=7  ; 
Save/Update: select * from produccion WHERE  produccion.comentario LIKE '%comentario test%'; select * from historico_estados_produccion WHERE borrado = 0
Save/Update: DELETE produccion WHERE cod_produccion=7</StdOut>
      </Output>
    </UnitTestResult>
    <UnitTestResult executionId="8ace67b3-b0d9-45e7-aedf-0c66ebdd2ac8" testId="44f2f0a7-9e33-876a-b7c3-d86059021fb2" testName="modificarUsuarioTest1" computerName="DIEGO-PC" duration="00:00:00.0370923" startTime="2012-11-19T01:14:19.0174548-03:00" endTime="2012-11-19T01:14:19.0664576-03:00" testType="13cdc9d9-ddb5-4fa4-a97d-d965ccfc6d4b" outcome="Passed" testListId="8c84fa94-04c1-424b-9868-57a2d4851a1d" relativeResultsDirectory="8ace67b3-b0d9-45e7-aedf-0c66ebdd2ac8">
      <Output>
        <StdOut>Save/Update: select * from Usuario WHERE  Usuario.usuarioID=5  ; select * from JoinUsuarioToFamilia; select * from JoinPatenteToUsuario
Save/Update: select * from Familia JOIN JoinUsuarioToFamilia AS usuarios ON Familia.familiaID=usuarios.familiaID WHERE usuarios.usuarioID=5  ; select * from JoinFamiliaToPatente
Save/Update: select * from Patente JOIN JoinPatenteToUsuario AS usuario ON Patente.patenteId=usuario.patenteId WHERE usuario.usuarioID=5  
Save/Update: select * from Cliente WHERE  Cliente.usuarioID=5  ; select * from cliente_movimientos; select * from Pedido WHERE borrado = 0; select * from Factura WHERE borrado = 0; select * from Diseño WHERE borrado = 0
Save/Update: UPDATE Usuario SET nombre='nombre6', apellido='apellido6', mail='mail6@test.com', password='10C91F6B75161578', telefonoFijo='6666-6666', telefonoMovil='6666-6666', bloqueado=0  WHERE usuarioID=5  ; DELETE JoinUsuarioToFamilia where usuarioID=5  ;  INSERT INTO JoinUsuarioToFamilia ( usuarioID, familiaID) VALUES ( 5 , 5 ); DELETE JoinPatenteToUsuario where usuarioID=5  ;  INSERT INTO JoinPatenteToUsuario ( usuarioID, patenteId) VALUES ( 5 , 3 ); 
Save/Update: select * from Usuario WHERE  Usuario.usuarioID=5  ; select * from JoinUsuarioToFamilia; select * from JoinPatenteToUsuario
Save/Update: select * from Familia JOIN JoinUsuarioToFamilia AS usuarios ON Familia.familiaID=usuarios.familiaID WHERE usuarios.usuarioID=5  ; select * from JoinFamiliaToPatente
Save/Update: select * from Patente JOIN JoinFamiliaToPatente AS familia ON Patente.patenteId=familia.patenteId WHERE familia.familiaID=5  
Save/Update: select * from Patente JOIN JoinPatenteToUsuario AS usuario ON Patente.patenteId=usuario.patenteId WHERE usuario.usuarioID=5  
Save/Update: select * from Cliente WHERE  Cliente.usuarioID=5  ; select * from cliente_movimientos; select * from Pedido WHERE borrado = 0; select * from Factura WHERE borrado = 0; select * from Diseño WHERE borrado = 0
Save/Update: UPDATE Usuario SET nombre='nombreModificado', apellido='apellido5', mail='mail5@test.com', password='0000', telefonoFijo='5555-5555', telefonoMovil='5555-5555', bloqueado=0  WHERE usuarioID=5  ; DELETE JoinUsuarioToFamilia where usuarioID=5  ; DELETE JoinPatenteToUsuario where usuarioID=5  ; 
Save/Update: UPDATE Usuario SET nombre='nombre1', apellido='apellido1', mail='mail1@test.com', password='11C8', telefonoFijo='1111-1111', telefonoMovil='1111-1111', bloqueado=0  WHERE usuarioID=1  ; DELETE JoinUsuarioToFamilia where usuarioID=1  ; DELETE JoinPatenteToUsuario where usuarioID=1  ; 
Save/Update: UPDATE Cliente SET habitadoTurnos=1 , newsletter=0  WHERE id_cliente=1  ; UPDATE Pedido SET borrado=1 WHERE id_cliente=1  ; UPDATE Factura SET borrado=1 WHERE id_cliente=1  ; UPDATE Diseño SET borrado=1 WHERE id_cliente=1  ; 
Save/Update:  UPDATE factura set borrado = 0 
Save/Update:  UPDATE diseño set borrado = 0 
Save/Update:  UPDATE pedido set borrado = 0 
Save/Update:  Insert into JoinPatenteToUsuario values (1,1)</StdOut>
      </Output>
    </UnitTestResult>
    <UnitTestResult executionId="798a4261-a7dc-4e5f-90fb-acac70a63273" testId="45d73400-010d-bede-b097-0e012e473ce7" testName="listarMaquinasTest" computerName="DIEGO-PC" duration="00:00:00.0077688" startTime="2012-11-19T01:14:19.0724579-03:00" endTime="2012-11-19T01:14:19.0874588-03:00" testType="13cdc9d9-ddb5-4fa4-a97d-d965ccfc6d4b" outcome="Passed" testListId="8c84fa94-04c1-424b-9868-57a2d4851a1d" relativeResultsDirectory="798a4261-a7dc-4e5f-90fb-acac70a63273">
      <Output>
        <StdOut>Save/Update: select * from Maquina; select * from JoinMaquinaToTipoPrenda
Save/Update: select * from TipoPrenda WHERE  TipoPrenda.tipo_prenda=1  
Save/Update: select * from TipoPrenda WHERE  TipoPrenda.tipo_prenda=2  
Save/Update: select * from TipoPrenda WHERE  TipoPrenda.tipo_prenda=3  
Save/Update: select * from TipoPrenda WHERE  TipoPrenda.tipo_prenda=1  
Save/Update: select * from TipoPrenda WHERE  TipoPrenda.tipo_prenda=2  
Save/Update: select * from TipoPrenda WHERE  TipoPrenda.tipo_prenda=3  
Save/Update: select * from TipoPrenda WHERE  TipoPrenda.tipo_prenda=1  
Save/Update: select * from TipoPrenda WHERE  TipoPrenda.tipo_prenda=2  
Save/Update: select * from TipoPrenda WHERE  TipoPrenda.tipo_prenda=3  
Save/Update: DELETE JoinMaquinaToTipoPrenda where cod_maquina=4  ; ;DELETE Maquina WHERE cod_maquina=4  
Save/Update: delete from JoinMaquinaToTipoPrenda where cod_maquina=4</StdOut>
      </Output>
    </UnitTestResult>
    <UnitTestResult executionId="ae634415-0f1b-4817-9586-0d122cbacb95" testId="46319d74-a59b-cb4c-c42c-91de192140ab" testName="borrarProduccionOperadorTest" computerName="DIEGO-PC" duration="00:00:00.0093004" startTime="2012-11-19T01:14:19.0924591-03:00" endTime="2012-11-19T01:14:19.1104601-03:00" testType="13cdc9d9-ddb5-4fa4-a97d-d965ccfc6d4b" outcome="Passed" testListId="8c84fa94-04c1-424b-9868-57a2d4851a1d" relativeResultsDirectory="ae634415-0f1b-4817-9586-0d122cbacb95">
      <Output>
        <StdOut>Save/Update: INSERT INTO produccion_operador (id_operador, cod_prodcuccion, porcentaje) VALUES (2 , 6 , 1 ); 
Save/Update: select * from produccion_operador WHERE  produccion_operador.id_operador=2  AND  produccion_operador.cod_prodcuccion=6  
Save/Update: DELETE produccion_operador WHERE id_operador=2  AND cod_prodcuccion=6  
Save/Update: select * from produccion_operador WHERE  produccion_operador.id_operador=2  AND  produccion_operador.cod_prodcuccion=6</StdOut>
      </Output>
    </UnitTestResult>
    <UnitTestResult executionId="1dc60596-a90a-4226-b75b-d37a8217d5ab" testId="466df001-5e88-7941-9225-f5b84ddbea5e" testName="cargarlistaPedidosTest" computerName="DIEGO-PC" duration="00:00:00.0065292" startTime="2012-11-19T01:14:19.1144603-03:00" endTime="2012-11-19T01:14:19.1264610-03:00" testType="13cdc9d9-ddb5-4fa4-a97d-d965ccfc6d4b" outcome="Passed" testListId="8c84fa94-04c1-424b-9868-57a2d4851a1d" relativeResultsDirectory="1dc60596-a90a-4226-b75b-d37a8217d5ab">
      <Output>
        <StdOut>Save/Update: select * from Pedido; select * from produccion WHERE borrado = 0; select * from historico_estados_pedido WHERE borrado = 0
Save/Update: DELETE Pedido WHERE cod_pedido=5</StdOut>
      </Output>
    </UnitTestResult>
    <UnitTestResult executionId="7d97d35f-142e-438d-abcd-2a5f44b654a7" testId="468ca457-0ed7-03c2-646c-9f2875316428" testName="ListarPrendasTest" computerName="DIEGO-PC" duration="00:00:00.0023554" startTime="2012-11-19T01:14:19.1294612-03:00" endTime="2012-11-19T01:14:19.1384617-03:00" testType="13cdc9d9-ddb5-4fa4-a97d-d965ccfc6d4b" outcome="Passed" testListId="8c84fa94-04c1-424b-9868-57a2d4851a1d" relativeResultsDirectory="7d97d35f-142e-438d-abcd-2a5f44b654a7">
      <Output>
        <StdOut>Save/Update: select * from TipoPrenda</StdOut>
      </Output>
    </UnitTestResult>
    <UnitTestResult executionId="e3e06fd7-0ede-49e1-98ca-d05ac2557ecf" testId="47539572-8702-25fd-25db-bd0bdd8958b7" testName="grabarPrendaTest" computerName="DIEGO-PC" duration="00:00:00.0059147" startTime="2012-11-19T01:14:19.1404618-03:00" endTime="2012-11-19T01:14:19.1544626-03:00" testType="13cdc9d9-ddb5-4fa4-a97d-d965ccfc6d4b" outcome="Passed" testListId="8c84fa94-04c1-424b-9868-57a2d4851a1d" relativeResultsDirectory="e3e06fd7-0ede-49e1-98ca-d05ac2557ecf">
      <Output>
        <StdOut>Save/Update: INSERT INTO TipoPrenda (tipo_prenda, descripcion) VALUES (5 , 'gorro'); 
Save/Update: select * from TipoPrenda
Save/Update: DELETE TipoPrenda WHERE tipo_prenda=5</StdOut>
      </Output>
    </UnitTestResult>
    <UnitTestResult executionId="6d5fd8b5-7cc3-46de-b2aa-d3facb6681a3" testId="47829263-2bc4-1929-0c73-083969548a33" testName="listarMovimientosPorProveedorTest" computerName="DIEGO-PC" duration="00:00:00.0085346" startTime="2012-11-19T01:14:19.1574628-03:00" endTime="2012-11-19T01:14:19.1724636-03:00" testType="13cdc9d9-ddb5-4fa4-a97d-d965ccfc6d4b" outcome="Passed" testListId="8c84fa94-04c1-424b-9868-57a2d4851a1d" relativeResultsDirectory="6d5fd8b5-7cc3-46de-b2aa-d3facb6681a3">
      <Output>
        <StdOut>Save/Update: select * from MovimientosCuenta JOIN proveedor_movimientos AS proveedor ON MovimientosCuenta.nro_movimiento=proveedor.nro_movimiento WHERE proveedor.id_proveedor IS NOT  NULL ; select * from proveedor_movimientos; select * from documento_movimiento
Save/Update: select * from Proveedor WHERE  Proveedor.id_proveedor=1  
Save/Update: select * from OrdenDeCompra WHERE  OrdenDeCompra.id_proveedor=1  ; select * from documento_movimiento; select * from LineaOrdenDeCompra WHERE borrado = 0
Save/Update: select * from OrdenDeCompra WHERE  OrdenDeCompra.nro_Doc=3  ; select * from documento_movimiento; select * from LineaOrdenDeCompra WHERE borrado = 0
Save/Update: select * from tipoMovimiento WHERE  tipoMovimiento.tipoMovimientoID=1  
Save/Update: select * from Cuenta WHERE  Cuenta.cuentaID=1  
Save/Update: DELETE proveedor_movimientos where nro_movimiento=4  ; DELETE documento_movimiento where nro_movimiento=4  ; ;DELETE MovimientosCuenta WHERE nro_movimiento=4</StdOut>
      </Output>
    </UnitTestResult>
    <UnitTestResult executionId="84f46c1a-1eab-41a7-966e-99d7b30bd378" testId="47d53732-aaac-b97d-3608-f4da6d7da1f0" testName="cargarHistoricoEstadosTest" computerName="DIEGO-PC" duration="00:00:00.0039537" startTime="2012-11-19T01:14:19.1744638-03:00" endTime="2012-11-19T01:14:19.1844643-03:00" testType="13cdc9d9-ddb5-4fa4-a97d-d965ccfc6d4b" outcome="Passed" testListId="8c84fa94-04c1-424b-9868-57a2d4851a1d" relativeResultsDirectory="84f46c1a-1eab-41a7-966e-99d7b30bd378">
      <Output>
        <StdOut>Save/Update: select * from historico_estados_produccion</StdOut>
      </Output>
    </UnitTestResult>
    <UnitTestResult executionId="45409501-e87f-475f-ba14-e12608cbabd8" testId="47f1b7ea-5dbe-ff8b-ee2e-cd35503da3a7" testName="buscarNewsletterPorNombreTest" computerName="DIEGO-PC" duration="00:00:00.0027761" startTime="2012-11-19T01:14:19.1884646-03:00" endTime="2012-11-19T01:14:19.1974651-03:00" testType="13cdc9d9-ddb5-4fa4-a97d-d965ccfc6d4b" outcome="Passed" testListId="8c84fa94-04c1-424b-9868-57a2d4851a1d" relativeResultsDirectory="45409501-e87f-475f-ba14-e12608cbabd8">
      <Output>
        <StdOut>Save/Update: select * from newsletter WHERE  newsletter.nombre='news1'</StdOut>
      </Output>
    </UnitTestResult>
    <UnitTestResult executionId="e95554c8-a799-41e3-b34d-c67da6f9dc71" testId="4ab5b9e6-5b30-baa0-2e6d-fac9df442766" testName="GuardarPedidoTest" computerName="DIEGO-PC" duration="00:00:03.7649629" startTime="2012-11-19T01:14:19.1994652-03:00" endTime="2012-11-19T01:14:22.9716809-03:00" testType="13cdc9d9-ddb5-4fa4-a97d-d965ccfc6d4b" outcome="Passed" testListId="8c84fa94-04c1-424b-9868-57a2d4851a1d" relativeResultsDirectory="e95554c8-a799-41e3-b34d-c67da6f9dc71">
      <Output>
        <StdOut>Save/Update: SELECT  ISNULL(MAX(cod_pedido + 1),1) from Pedido
Save/Update: INSERT INTO Pedido (cod_pedido, comentario, id_cliente, tipo_pedido, estadoActual, fechaInicio, fechaFinal, borrado) VALUES (5 , 'comentario test', 2 , 2 , 2 ,  CAST('19/11/2012 01:14:19.207'  AS DateTime),  NULL , 0 ); UPDATE produccion SET borrado=1 WHERE cod_pedido=5  ; UPDATE historico_estados_pedido SET borrado=1 WHERE cod_pedido=5  ; 
Save/Update: SELECT  ISNULL(MAX(cod_produccion + 1),1) from produccion
Save/Update: INSERT INTO produccion (cod_produccion, comentario, cod_pedido, cod_maquina, cod_articulo, cantidad, estadoActual, utilizacion, fechaInicio, fechaFinal, borrado) VALUES (7 , 'com1', 5 , 2 , 1 , 10 , 1 , 1,  CAST('19/11/2012 01:14:19.207'  AS DateTime),  NULL , 0 ); UPDATE historico_estados_produccion SET borrado=1 WHERE cod_produccion=7  ; 
Save/Update: UPDATE Pedido SET comentario='comentario test', id_cliente=2 , tipo_pedido=2 , estadoActual=2 , fechaInicio= CAST('19/11/2012 01:14:19.207'  AS DateTime), fechaFinal= NULL , borrado=0  WHERE cod_pedido=5  ; UPDATE produccion SET borrado=1 WHERE cod_pedido=5  ; UPDATE historico_estados_pedido SET borrado=1 WHERE cod_pedido=5  ; 
Save/Update: SELECT  ISNULL(MAX(nro_estado + 1),1) from historico_estados_pedido WHERE cod_pedido=5
Save/Update: INSERT INTO historico_estados_pedido (nro_estado, comentario, cod_pedido, fechaDesde, fechaHasta, estado, borrado) VALUES (1 , '', 5 ,  CAST('19/11/2012 01:14:19.211'  AS DateTime),  NULL , 2 , 0 ); 
Save/Update: UPDATE produccion SET comentario='com1', cod_pedido=5 , cod_maquina=2 , cod_articulo=1 , cantidad=10 , estadoActual=1 , utilizacion=1, fechaInicio= CAST('19/11/2012 01:14:19.207'  AS DateTime), fechaFinal= NULL , borrado=0  WHERE cod_produccion=7  ; UPDATE historico_estados_produccion SET borrado=1 WHERE cod_produccion=7  ; 
Save/Update: select * from Pedido WHERE  Pedido.cod_pedido=5  ; select * from produccion WHERE borrado = 0; select * from historico_estados_pedido WHERE borrado = 0
Save/Update: select * from historico_estados_pedido WHERE  historico_estados_pedido.cod_pedido=5  
Save/Update: select * from tipoPedido WHERE  tipoPedido.tipo_pedido=2  
Save/Update: select * from produccion WHERE  produccion.cod_pedido=5  ; select * from historico_estados_produccion WHERE borrado = 0
Save/Update: select * from Cliente WHERE  Cliente.id_cliente=2  ; select * from cliente_movimientos; select * from Pedido WHERE borrado = 0; select * from Factura WHERE borrado = 0; select * from Diseño WHERE borrado = 0
Save/Update: select * from EstadoPedido WHERE  EstadoPedido.estado_pedido=2  
Save/Update: select * from Usuario WHERE  Usuario.usuarioID=2  ; select * from JoinUsuarioToFamilia; select * from JoinPatenteToUsuario
Save/Update: select * from Familia JOIN JoinUsuarioToFamilia AS usuarios ON Familia.familiaID=usuarios.familiaID WHERE usuarios.usuarioID=2  ; select * from JoinFamiliaToPatente
Save/Update: select * from Patente JOIN JoinFamiliaToPatente AS familia ON Patente.patenteId=familia.patenteId WHERE familia.familiaID=2  
Save/Update: select * from Patente JOIN JoinPatenteToUsuario AS usuario ON Patente.patenteId=usuario.patenteId WHERE usuario.usuarioID=2  
Save/Update: select * from Cliente WHERE  Cliente.usuarioID=2  ; select * from cliente_movimientos; select * from Pedido WHERE borrado = 0; select * from Factura WHERE borrado = 0; select * from Diseño WHERE borrado = 0
Save/Update: select * from newsletter WHERE  newsletter.id=1  
Save/Update: select * from produccion WHERE  produccion.cod_produccion=7  ; select * from historico_estados_produccion WHERE borrado = 0
Save/Update: select * from Pedido WHERE  Pedido.cod_pedido=5  ; select * from produccion WHERE borrado = 0; select * from historico_estados_pedido WHERE borrado = 0
Save/Update: select * from Maquina WHERE  Maquina.cod_maquina=2  ; select * from JoinMaquinaToTipoPrenda
Save/Update: select * from Articulos WHERE  Articulos.cod_articulo=1  ; select * from lista_precios WHERE borrado = 0
Save/Update: select * from EstadoTrabajos WHERE  EstadoTrabajos.cod_estado=1  
Save/Update: select * from historico_estados_produccion WHERE  historico_estados_produccion.cod_produccion=7  
Save/Update: select * from produccion_operador WHERE  produccion_operador.cod_prodcuccion=7  
Save/Update: select * from newsletter WHERE  newsletter.id=2  
Save/Update: select * from Articulos WHERE  Articulos.cod_articulo=1  ; select * from lista_precios WHERE borrado = 0
Save/Update: select * from lista_precios WHERE  lista_precios.cod_articulo=1  
Save/Update: select * from TipoPrenda WHERE  TipoPrenda.tipo_prenda=1  
Save/Update: select * from Diseño WHERE  Diseño.cod_diseño=1  ; select * from historico_estados_diseño WHERE borrado = 0
Save/Update: select * from Pedido WHERE  Pedido.cod_pedido=5  ; select * from produccion WHERE borrado = 0; select * from historico_estados_pedido WHERE borrado = 0
Save/Update: select * from historico_estados_pedido WHERE  historico_estados_pedido.cod_pedido=5  
Save/Update: select * from tipoPedido WHERE  tipoPedido.tipo_pedido=2  
Save/Update: select * from produccion WHERE  produccion.cod_pedido=5  ; select * from historico_estados_produccion WHERE borrado = 0
Save/Update: select * from Cliente WHERE  Cliente.id_cliente=2  ; select * from cliente_movimientos; select * from Pedido WHERE borrado = 0; select * from Factura WHERE borrado = 0; select * from Diseño WHERE borrado = 0
Save/Update: select * from EstadoPedido WHERE  EstadoPedido.estado_pedido=2  
Save/Update: DELETE historico_estados_pedido WHERE nro_estado=1  AND cod_pedido=5  
Save/Update: DELETE historico_estados_pedido WHERE nro_estado=2  AND cod_pedido=5  
Save/Update: DELETE produccion WHERE cod_produccion=7  
Save/Update: DELETE Pedido WHERE cod_pedido=5</StdOut>
      </Output>
    </UnitTestResult>
    <UnitTestResult executionId="e784edca-2565-4d24-89fb-7b0a723c5100" testId="4b2e2241-5ba0-4bf3-a87c-c3b9957ec404" testName="buscarPrendasTest" computerName="DIEGO-PC" duration="00:00:00.0018776" startTime="2012-11-19T01:14:22.9776813-03:00" endTime="2012-11-19T01:14:22.9866818-03:00" testType="13cdc9d9-ddb5-4fa4-a97d-d965ccfc6d4b" outcome="Passed" testListId="8c84fa94-04c1-424b-9868-57a2d4851a1d" relativeResultsDirectory="e784edca-2565-4d24-89fb-7b0a723c5100">
      <Output>
        <StdOut>Save/Update: select * from TipoPrenda</StdOut>
      </Output>
    </UnitTestResult>
    <UnitTestResult executionId="f4e46756-8ce1-4511-a75e-2605e02dc871" testId="4b4cc00b-440a-fb3e-bf1c-58f18a59fbb6" testName="actualizaArticuloTest" computerName="DIEGO-PC" duration="00:00:00.0250731" startTime="2012-11-19T01:14:22.9926822-03:00" endTime="2012-11-19T01:14:23.0226839-03:00" testType="13cdc9d9-ddb5-4fa4-a97d-d965ccfc6d4b" outcome="Passed" testListId="8c84fa94-04c1-424b-9868-57a2d4851a1d" relativeResultsDirectory="f4e46756-8ce1-4511-a75e-2605e02dc871">
      <Output>
        <StdOut>Save/Update: SELECT  ISNULL(MAX(cod_articulo + 1),1) from Articulos
Save/Update: INSERT INTO Articulos (cod_articulo, tipoPrendaID, diseñoID, comentario, produccion, precioActual, borrado) VALUES (4 , 3 , 2 , 'com test', 10 , 1, 0 ); UPDATE lista_precios SET borrado=1 WHERE cod_articulo=4  ; 
Save/Update: SELECT  ISNULL( MAX(nro_lista + 1), 1) from lista_precios WHERE cod_articulo=4
Save/Update: INSERT INTO lista_precios (nro_lista, cod_articulo, precio, fechaDesde, fechaHasta, borrado) VALUES (1 , 4 , 1,  CAST('19/11/2012 01:14:22.998'  AS DateTime),  NULL , 0 ); 
Save/Update: select * from Articulos WHERE  Articulos.cod_articulo=4  ; select * from lista_precios WHERE borrado = 0
Save/Update: select * from lista_precios WHERE  lista_precios.cod_articulo=4  
Save/Update: select * from TipoPrenda WHERE  TipoPrenda.tipo_prenda=3  
Save/Update: select * from Diseño WHERE  Diseño.cod_diseño=2  ; select * from historico_estados_diseño WHERE borrado = 0
Save/Update: select * from Articulos WHERE  Articulos.cod_articulo=4  ; select * from lista_precios WHERE borrado = 0
Save/Update: select * from lista_precios WHERE  lista_precios.cod_articulo=4  
Save/Update: select * from TipoPrenda WHERE  TipoPrenda.tipo_prenda=3  
Save/Update: select * from Diseño WHERE  Diseño.cod_diseño=2  ; select * from historico_estados_diseño WHERE borrado = 0
Save/Update: UPDATE Articulos SET tipoPrendaID=3 , diseñoID=2 , comentario='com test', produccion=8 , precioActual=2, borrado=0  WHERE cod_articulo=4  ; UPDATE lista_precios SET borrado=1 WHERE cod_articulo=4  ; 
Save/Update: UPDATE lista_precios SET precio=1, fechaDesde= CAST('19/11/2012 01:14:22.997'  AS DateTime), fechaHasta= CAST('19/11/2012 01:14:23.009'  AS DateTime), borrado=0  WHERE nro_lista=1  AND cod_articulo=4  ; 
Save/Update: SELECT  ISNULL( MAX(nro_lista + 1), 1) from lista_precios WHERE cod_articulo=4
Save/Update: INSERT INTO lista_precios (nro_lista, cod_articulo, precio, fechaDesde, fechaHasta, borrado) VALUES (2 , 4 , 2,  CAST('19/11/2012 01:14:23.009'  AS DateTime),  NULL , 0 ); 
Save/Update: select * from Articulos WHERE  Articulos.cod_articulo=4  ; select * from lista_precios WHERE borrado = 0
Save/Update: select * from lista_precios WHERE  lista_precios.cod_articulo=4  
Save/Update: select * from TipoPrenda WHERE  TipoPrenda.tipo_prenda=3  
Save/Update: select * from Diseño WHERE  Diseño.cod_diseño=2  ; select * from historico_estados_diseño WHERE borrado = 0
Save/Update: DELETE lista_precios WHERE nro_lista=1  AND cod_articulo=4  
Save/Update: DELETE lista_precios WHERE nro_lista=2  AND cod_articulo=4  
Save/Update: DELETE Articulos WHERE cod_articulo=4</StdOut>
      </Output>
    </UnitTestResult>
    <UnitTestResult executionId="6143ba91-733d-4f8d-b9c6-a73531deb789" testId="4cab3d76-8fe4-c6a9-062c-275660c809ba" testName="listarOpinionesPorIdTest" computerName="DIEGO-PC" duration="00:00:00.0368414" startTime="2012-11-19T01:14:23.0276842-03:00" endTime="2012-11-19T01:14:23.0716867-03:00" testType="13cdc9d9-ddb5-4fa4-a97d-d965ccfc6d4b" outcome="Passed" testListId="8c84fa94-04c1-424b-9868-57a2d4851a1d" relativeResultsDirectory="6143ba91-733d-4f8d-b9c6-a73531deb789">
      <Output>
        <StdOut>Save/Update: select * from opiniones WHERE  opiniones.id=1</StdOut>
      </Output>
    </UnitTestResult>
    <UnitTestResult executionId="91a5d0a6-71d6-4f21-ad3d-c784374306c2" testId="4cc6b71b-462c-2bdc-f536-28b4d3d30de5" testName="borrarProveedorTest" computerName="DIEGO-PC" duration="00:00:00.0054808" startTime="2012-11-19T01:14:23.0756869-03:00" endTime="2012-11-19T01:14:23.0866875-03:00" testType="13cdc9d9-ddb5-4fa4-a97d-d965ccfc6d4b" outcome="Passed" testListId="8c84fa94-04c1-424b-9868-57a2d4851a1d" relativeResultsDirectory="91a5d0a6-71d6-4f21-ad3d-c784374306c2">
      <Output>
        <StdOut>Save/Update: INSERT INTO Proveedor (id_proveedor, nombre, telefono, direccion) VALUES (4 , 'nombre4', '4444-4444', 'direccion 4'); 
Save/Update: select * from Proveedor WHERE  Proveedor.id_proveedor=4  
Save/Update: DELETE Proveedor WHERE id_proveedor=4  
Save/Update: select * from Proveedor WHERE  Proveedor.id_proveedor=4</StdOut>
      </Output>
    </UnitTestResult>
    <UnitTestResult executionId="3cf76182-34fe-4a0a-8363-066b370468c7" testId="4d2a8d5b-b176-00fc-503a-b6acea4e399d" testName="modificarTest" computerName="DIEGO-PC" duration="00:00:00.0068435" startTime="2012-11-19T01:14:23.0916878-03:00" endTime="2012-11-19T01:14:23.1046886-03:00" testType="13cdc9d9-ddb5-4fa4-a97d-d965ccfc6d4b" outcome="Passed" testListId="8c84fa94-04c1-424b-9868-57a2d4851a1d" relativeResultsDirectory="3cf76182-34fe-4a0a-8363-066b370468c7">
      <Output>
        <StdOut>Save/Update: select * from Mensaje WHERE  Mensaje.id=2  
Save/Update: UPDATE Mensaje SET tipoMensaje=0 , fecha= CAST('26/08/2012 16:35:00.000'  AS DateTime), mensaje='msj de 1 a 2', leido=1 , borrado=0 , id_conversacion=1  WHERE id=2  ; 
Save/Update: select * from Mensaje WHERE  Mensaje.id=2  
Save/Update: UPDATE Mensaje SET tipoMensaje=0 , fecha= CAST('26/08/2012 16:35:00.000'  AS DateTime), mensaje='msj de 1 a 2', leido=0 , borrado=0 , id_conversacion=1  WHERE id=2  ;</StdOut>
      </Output>
    </UnitTestResult>
    <UnitTestResult executionId="23699a58-4657-4d95-a795-bd312075ca6c" testId="4d891028-ff30-5474-0c6f-59e839f50717" testName="buscarPorDescripcionTest" computerName="DIEGO-PC" duration="00:00:00.0068752" startTime="2012-11-19T01:14:23.1096888-03:00" endTime="2012-11-19T01:14:23.1236896-03:00" testType="13cdc9d9-ddb5-4fa4-a97d-d965ccfc6d4b" outcome="Passed" testListId="8c84fa94-04c1-424b-9868-57a2d4851a1d" relativeResultsDirectory="23699a58-4657-4d95-a795-bd312075ca6c">
      <Output>
        <StdOut>Save/Update: select * from tipoMovimiento WHERE  tipoMovimiento.movimiento='credito'</StdOut>
      </Output>
    </UnitTestResult>
    <UnitTestResult executionId="4364fb65-4aec-4463-85bb-d3251e24eb08" testId="4e213555-50ef-010c-9653-9ed4341cc7e4" testName="buscarDiseñoInsumoConRestriccionesTest" computerName="DIEGO-PC" duration="00:00:00.0087728" startTime="2012-11-19T01:14:23.1296900-03:00" endTime="2012-11-19T01:14:23.1456909-03:00" testType="13cdc9d9-ddb5-4fa4-a97d-d965ccfc6d4b" outcome="Passed" testListId="8c84fa94-04c1-424b-9868-57a2d4851a1d" relativeResultsDirectory="4364fb65-4aec-4463-85bb-d3251e24eb08">
      <Output>
        <StdOut>Save/Update: select * from Diseño_insumos WHERE  Diseño_insumos.cantidad=1 AND  Diseño_insumos.cod_diseño=1  AND  Diseño_insumos.cod_insumo=1  
Save/Update: DELETE Diseño_insumos WHERE cod_diseño=2  AND cod_insumo=1</StdOut>
      </Output>
    </UnitTestResult>
    <UnitTestResult executionId="f1af49bf-0e17-4b9e-85f8-6e7e1e84ed76" testId="4f159a29-3cb7-c1f2-9ed8-8c5ed23afcbe" testName="actualizarDiseñoTest" computerName="DIEGO-PC" duration="00:00:00.0504724" startTime="2012-11-19T01:14:23.1486911-03:00" endTime="2012-11-19T01:14:23.2076944-03:00" testType="13cdc9d9-ddb5-4fa4-a97d-d965ccfc6d4b" outcome="Passed" testListId="8c84fa94-04c1-424b-9868-57a2d4851a1d" relativeResultsDirectory="f1af49bf-0e17-4b9e-85f8-6e7e1e84ed76">
      <Output>
        <StdOut>Save/Update: SELECT  ISNULL(MAX(cod_diseño + 1),1) from Diseño
Save/Update: INSERT INTO Diseño (cod_diseño, nombre, puntadas, alto, ancho, id_cliente, estadoActual, pathImagen, pathDetalle, pathArchivoEditable, pathArchivoFinal, borrado) VALUES (3 , 'diseño3', 3333 , 33 , 33 , 1 , 1 , '/cliente1/imagen/diseño1.jpg', '/cliente1/detalle/diseño1.jpg', '/cliente1/diseñoEditable/diseño1.jpg', '', 0 ); UPDATE historico_estados_diseño SET borrado=1 WHERE cod_diseño=3  ; 
Save/Update: SELECT  ISNULL(MAX(nro_estado + 1),1) from historico_estados_diseño WHERE cod_diseño=3
Save/Update: INSERT INTO historico_estados_diseño (nro_estado, cod_diseño, comentario, fechaDesde, fechaHasta, estado, borrado) VALUES (1 , 3 , 'test',  CAST('19/11/2012 01:14:23.159'  AS DateTime),  NULL , 1 , 0 ); 
Save/Update: select * from Diseño WHERE  Diseño.cod_diseño=3  ; select * from historico_estados_diseño WHERE borrado = 0
Save/Update: select * from Cliente WHERE  Cliente.id_cliente=1  ; select * from cliente_movimientos; select * from Pedido WHERE borrado = 0; select * from Factura WHERE borrado = 0; select * from Diseño WHERE borrado = 0
Save/Update: select * from Usuario WHERE  Usuario.usuarioID=1  ; select * from JoinUsuarioToFamilia; select * from JoinPatenteToUsuario
Save/Update: select * from Diseño_insumos WHERE  Diseño_insumos.cod_diseño=3  
Save/Update: select * from historico_estados_diseño WHERE  historico_estados_diseño.cod_diseño=3  
Save/Update: select * from EstadoDiseños WHERE  EstadoDiseños.estado=1  
Save/Update: UPDATE Diseño SET nombre='diseño3', puntadas=3333 , alto=33 , ancho=33 , id_cliente=1 , estadoActual=2 , pathImagen='/cliente1/imagen/diseño1.jpg', pathDetalle='/cliente1/detalle/diseño1.jpg', pathArchivoEditable='/cliente1/diseñoEditable/diseño1.jpg', pathArchivoFinal='/cliente1/diseño/diseño1.jpg', borrado=0  WHERE cod_diseño=3  ; UPDATE historico_estados_diseño SET borrado=1 WHERE cod_diseño=3  ; 
Save/Update: DELETE Diseño_insumos WHERE cod_diseño=3  AND cod_insumo=1  
Save/Update: INSERT INTO Diseño_insumos (cod_diseño, cod_insumo, cantidad) VALUES (3 , 1 , 3); 
Save/Update: UPDATE historico_estados_diseño SET comentario='test', fechaDesde= CAST('19/11/2012 01:14:23.160'  AS DateTime), fechaHasta= CAST('19/11/2012 01:14:23.184'  AS DateTime), estado=1 , borrado=0  WHERE nro_estado=1  AND cod_diseño=3  ; 
Save/Update: SELECT  ISNULL(MAX(nro_estado + 1),1) from historico_estados_diseño WHERE cod_diseño=3
Save/Update: INSERT INTO historico_estados_diseño (nro_estado, cod_diseño, comentario, fechaDesde, fechaHasta, estado, borrado) VALUES (2 , 3 , 'test',  CAST('19/11/2012 01:14:23.184'  AS DateTime),  NULL , 2 , 0 ); 
Save/Update: select * from Diseño WHERE  Diseño.cod_diseño=3  ; select * from historico_estados_diseño WHERE borrado = 0
Save/Update: select * from Cliente WHERE  Cliente.id_cliente=1  ; select * from cliente_movimientos; select * from Pedido WHERE borrado = 0; select * from Factura WHERE borrado = 0; select * from Diseño WHERE borrado = 0
Save/Update: select * from Usuario WHERE  Usuario.usuarioID=1  ; select * from JoinUsuarioToFamilia; select * from JoinPatenteToUsuario
Save/Update: select * from Diseño_insumos WHERE  Diseño_insumos.cod_diseño=3  
Save/Update: select * from historico_estados_diseño WHERE  historico_estados_diseño.cod_diseño=3  
Save/Update: select * from EstadoDiseños WHERE  EstadoDiseños.estado=2  
Save/Update: DELETE FROM Diseño_insumos where cod_diseño=3
Save/Update: DELETE FROM historico_estados_diseño where cod_diseño=3
Save/Update: DELETE Diseño WHERE cod_diseño=3</StdOut>
      </Output>
    </UnitTestResult>
    <UnitTestResult executionId="63b50a06-6e63-4ae6-ac62-6242d341e0c3" testId="4f3a2e54-c06b-cfc2-386b-24b648fee82c" testName="cargarMovimientosTest" computerName="DIEGO-PC" duration="00:00:00.0042145" startTime="2012-11-19T01:14:23.2106946-03:00" endTime="2012-11-19T01:14:23.2216952-03:00" testType="13cdc9d9-ddb5-4fa4-a97d-d965ccfc6d4b" outcome="Passed" testListId="8c84fa94-04c1-424b-9868-57a2d4851a1d" relativeResultsDirectory="63b50a06-6e63-4ae6-ac62-6242d341e0c3">
      <Output>
        <StdOut>Save/Update: select * from MovimientosStock
Save/Update: DELETE MovimientosStock WHERE nro_movimiento=3  AND cod_insumo=1</StdOut>
      </Output>
    </UnitTestResult>
    <UnitTestResult executionId="33b3b1f3-b63f-4901-abbd-ab44bcb7a304" testId="5062f8db-d3cc-b220-b391-1deb74053b65" testName="listarConversacionesPorIdTest" computerName="DIEGO-PC" duration="00:00:00.0093516" startTime="2012-11-19T01:14:23.2236954-03:00" endTime="2012-11-19T01:14:23.2416964-03:00" testType="13cdc9d9-ddb5-4fa4-a97d-d965ccfc6d4b" outcome="Passed" testListId="8c84fa94-04c1-424b-9868-57a2d4851a1d" relativeResultsDirectory="33b3b1f3-b63f-4901-abbd-ab44bcb7a304">
      <Output>
        <StdOut>Save/Update: select * from Conversacion WHERE  Conversacion.remitente=1  ; select * from mensaje WHERE borrado = 0
Save/Update: select * from Conversacion WHERE  Conversacion.destinatario=1  ; select * from mensaje WHERE borrado = 0
Save/Update: select * from Usuario WHERE  Usuario.usuarioID=1  ; select * from JoinUsuarioToFamilia; select * from JoinPatenteToUsuario
Save/Update: select * from Usuario WHERE  Usuario.usuarioID=2  ; select * from JoinUsuarioToFamilia; select * from JoinPatenteToUsuario
Save/Update: select * from Mensaje WHERE  Mensaje.id_conversacion=1</StdOut>
      </Output>
    </UnitTestResult>
    <UnitTestResult executionId="77221cf8-7d60-4ae1-915f-3cc49f06c1bb" testId="5136f8bc-ea30-8e7a-77a2-f46a924db348" testName="buscarTodoTest" computerName="DIEGO-PC" duration="00:00:00.0041652" startTime="2012-11-19T01:14:23.2446966-03:00" endTime="2012-11-19T01:14:23.2546971-03:00" testType="13cdc9d9-ddb5-4fa4-a97d-d965ccfc6d4b" outcome="Passed" testListId="8c84fa94-04c1-424b-9868-57a2d4851a1d" relativeResultsDirectory="77221cf8-7d60-4ae1-915f-3cc49f06c1bb">
      <Output>
        <StdOut>Save/Update: select * from Proveedor</StdOut>
      </Output>
    </UnitTestResult>
    <UnitTestResult executionId="8435bafa-775f-4677-82d7-f09f76a2ccb9" testId="513854bd-1669-ed84-d891-6995e53105ac" testName="cargarFacturasConRestriccionesTest" computerName="DIEGO-PC" duration="00:00:00.0134480" startTime="2012-11-19T01:14:23.2556972-03:00" endTime="2012-11-19T01:14:23.2756983-03:00" testType="13cdc9d9-ddb5-4fa4-a97d-d965ccfc6d4b" outcome="Passed" testListId="8c84fa94-04c1-424b-9868-57a2d4851a1d" relativeResultsDirectory="8435bafa-775f-4677-82d7-f09f76a2ccb9">
      <Output>
        <StdOut>Save/Update: select * from Factura WHERE  Factura.borrado=0  AND  Factura.id_cliente=1  AND  Factura.fecha= CAST('11/11/2011 00:00:00.000'  AS DateTime) AND  Factura.iva=11 AND  Factura.nro_Doc=1  AND  Factura.nro_factura=1  AND  Factura.nro_sucursal=1  AND  Factura.tipo_factura='A' AND  Factura.nro_Doc=1  ; select * from documento_movimiento; select * from LineaFactura WHERE borrado = 0
Save/Update: delete Factura where nro_doc=5
Save/Update: delete documento where nro_doc=5</StdOut>
      </Output>
    </UnitTestResult>
    <UnitTestResult executionId="47b4ca51-b1c3-41e9-8ddf-2072d325952f" testId="52baea7e-b200-446e-6971-763252eb7cdd" testName="cargarHistoricoEstadosTest" computerName="DIEGO-PC" duration="00:00:00.0043142" startTime="2012-11-19T01:14:23.2786985-03:00" endTime="2012-11-19T01:14:23.2896991-03:00" testType="13cdc9d9-ddb5-4fa4-a97d-d965ccfc6d4b" outcome="Passed" testListId="8c84fa94-04c1-424b-9868-57a2d4851a1d" relativeResultsDirectory="47b4ca51-b1c3-41e9-8ddf-2072d325952f">
      <Output>
        <StdOut>Save/Update: select * from historico_estados_pedido</StdOut>
      </Output>
    </UnitTestResult>
    <UnitTestResult executionId="5067ec94-f10d-4500-8612-31a62d3820f5" testId="52d17b0e-d936-129e-43f3-078523a7b6ea" testName="actualizarClienteTest" computerName="DIEGO-PC" duration="00:00:00.0361268" startTime="2012-11-19T01:14:23.2926993-03:00" endTime="2012-11-19T01:14:23.3367018-03:00" testType="13cdc9d9-ddb5-4fa4-a97d-d965ccfc6d4b" outcome="Passed" testListId="8c84fa94-04c1-424b-9868-57a2d4851a1d" relativeResultsDirectory="5067ec94-f10d-4500-8612-31a62d3820f5">
      <Output>
        <StdOut>Save/Update: select * from Cliente WHERE  Cliente.id_cliente=1  ; select * from cliente_movimientos; select * from Pedido WHERE borrado = 0; select * from Factura WHERE borrado = 0; select * from Diseño WHERE borrado = 0
Save/Update: select * from Usuario WHERE  Usuario.usuarioID=1  ; select * from JoinUsuarioToFamilia; select * from JoinPatenteToUsuario
Save/Update: select * from Familia JOIN JoinUsuarioToFamilia AS usuarios ON Familia.familiaID=usuarios.familiaID WHERE usuarios.usuarioID=1  ; select * from JoinFamiliaToPatente
Save/Update: select * from Patente JOIN JoinPatenteToUsuario AS usuario ON Patente.patenteId=usuario.patenteId WHERE usuario.usuarioID=1  
Save/Update: select * from Cliente WHERE  Cliente.usuarioID=1  ; select * from cliente_movimientos; select * from Pedido WHERE borrado = 0; select * from Factura WHERE borrado = 0; select * from Diseño WHERE borrado = 0
Save/Update: select * from Diseño WHERE  Diseño.id_cliente=1  ; select * from historico_estados_diseño WHERE borrado = 0
Save/Update: select * from Factura WHERE  Factura.id_cliente=1  ; select * from documento_movimiento; select * from LineaFactura WHERE borrado = 0
Save/Update: select * from Pedido WHERE  Pedido.id_cliente=1  ; select * from produccion WHERE borrado = 0; select * from historico_estados_pedido WHERE borrado = 0
Save/Update: select * from MovimientosCuenta JOIN cliente_movimientos AS cliente ON MovimientosCuenta.nro_movimiento=cliente.nro_movimiento WHERE cliente.id_cliente=1  AND cliente.id_cliente IS NOT  NULL ; select * from cliente_movimientos; select * from documento_movimiento
Save/Update: UPDATE Usuario SET nombre='nombre6', apellido='apellido6', mail='mail6@test.com', password='pas633', telefonoFijo='6666-6666', telefonoMovil='6666-6666', bloqueado=0  WHERE usuarioID=1  ; DELETE JoinUsuarioToFamilia where usuarioID=1  ;  INSERT INTO JoinUsuarioToFamilia ( usuarioID, familiaID) VALUES ( 1 , 5 ); DELETE JoinPatenteToUsuario where usuarioID=1  ;  INSERT INTO JoinPatenteToUsuario ( usuarioID, patenteId) VALUES ( 1 , 3 ); 
Save/Update: UPDATE Cliente SET habitadoTurnos=0 , newsletter=1  WHERE id_cliente=1  ; UPDATE Pedido SET borrado=1 WHERE id_cliente=1  ; UPDATE Factura SET borrado=1 WHERE id_cliente=1  ; UPDATE Diseño SET borrado=1 WHERE id_cliente=1  ; 
Save/Update: select * from Cliente WHERE  Cliente.id_cliente=1  ; select * from cliente_movimientos; select * from Pedido WHERE borrado = 0; select * from Factura WHERE borrado = 0; select * from Diseño WHERE borrado = 0
Save/Update: select * from Usuario WHERE  Usuario.usuarioID=1  ; select * from JoinUsuarioToFamilia; select * from JoinPatenteToUsuario
Save/Update: select * from Familia JOIN JoinUsuarioToFamilia AS usuarios ON Familia.familiaID=usuarios.familiaID WHERE usuarios.usuarioID=1  ; select * from JoinFamiliaToPatente
Save/Update: select * from Patente JOIN JoinFamiliaToPatente AS familia ON Patente.patenteId=familia.patenteId WHERE familia.familiaID=5  
Save/Update: select * from Patente JOIN JoinPatenteToUsuario AS usuario ON Patente.patenteId=usuario.patenteId WHERE usuario.usuarioID=1  
Save/Update: select * from Cliente WHERE  Cliente.usuarioID=1  ; select * from cliente_movimientos; select * from Pedido WHERE borrado = 0; select * from Factura WHERE borrado = 0; select * from Diseño WHERE borrado = 0
Save/Update: select * from Diseño WHERE  Diseño.id_cliente=1  ; select * from historico_estados_diseño WHERE borrado = 0
Save/Update: select * from Factura WHERE  Factura.id_cliente=1  ; select * from documento_movimiento; select * from LineaFactura WHERE borrado = 0
Save/Update: select * from Pedido WHERE  Pedido.id_cliente=1  ; select * from produccion WHERE borrado = 0; select * from historico_estados_pedido WHERE borrado = 0
Save/Update: select * from MovimientosCuenta JOIN cliente_movimientos AS cliente ON MovimientosCuenta.nro_movimiento=cliente.nro_movimiento WHERE cliente.id_cliente=1  AND cliente.id_cliente IS NOT  NULL ; select * from cliente_movimientos; select * from documento_movimiento
Save/Update: UPDATE Usuario SET nombre='nombre1', apellido='apellido1', mail='mail1@test.com', password='11C8', telefonoFijo='1111-1111', telefonoMovil='1111-1111', bloqueado=0  WHERE usuarioID=1  ; DELETE JoinUsuarioToFamilia where usuarioID=1  ; DELETE JoinPatenteToUsuario where usuarioID=1  ;  INSERT INTO JoinPatenteToUsuario ( usuarioID, patenteId) VALUES ( 1 , 1 ); 
Save/Update: UPDATE Cliente SET habitadoTurnos=1 , newsletter=0  WHERE id_cliente=1  ; UPDATE Pedido SET borrado=1 WHERE id_cliente=1  ; UPDATE Factura SET borrado=1 WHERE id_cliente=1  ; UPDATE Diseño SET borrado=1 WHERE id_cliente=1  ; 
Save/Update:  UPDATE factura set borrado = 0 
Save/Update:  UPDATE diseño set borrado = 0 
Save/Update:  UPDATE pedido set borrado = 0</StdOut>
      </Output>
    </UnitTestResult>
    <UnitTestResult executionId="1cebc3e0-9192-4188-97c4-06e53809433e" testId="53977503-45e6-020c-cee1-a5a2bdcb3045" testName="borrarFamiliaTest" computerName="DIEGO-PC" duration="00:00:00.0075509" startTime="2012-11-19T01:14:23.3407021-03:00" endTime="2012-11-19T01:14:23.3607032-03:00" testType="13cdc9d9-ddb5-4fa4-a97d-d965ccfc6d4b" outcome="Passed" testListId="8c84fa94-04c1-424b-9868-57a2d4851a1d" relativeResultsDirectory="1cebc3e0-9192-4188-97c4-06e53809433e">
      <Output>
        <StdOut>Save/Update: INSERT INTO Familia (familiaID, descripcion, nombre) VALUES (7 , 'familia test', 'test'); DELETE JoinFamiliaToPatente where familiaID=7  ;  INSERT INTO JoinFamiliaToPatente ( familiaID, patenteId) VALUES ( 7 , 9 ); 
Save/Update: select * from Familia WHERE  Familia.familiaID=7  ; select * from JoinFamiliaToPatente
Save/Update: DELETE JoinFamiliaToPatente where familiaID=7  ; ;DELETE Familia WHERE familiaID=7  
Save/Update: select * from Familia WHERE  Familia.familiaID=7  ; select * from JoinFamiliaToPatente</StdOut>
      </Output>
    </UnitTestResult>
    <UnitTestResult executionId="be4b3fb0-d3c4-4cdb-8116-78d9934f8e1b" testId="53e8a9c8-96f4-eccd-a6cf-588d5c1fbc4b" testName="guardarArticuloTest" computerName="DIEGO-PC" duration="00:00:00.0099970" startTime="2012-11-19T01:14:23.3627033-03:00" endTime="2012-11-19T01:14:23.3817044-03:00" testType="13cdc9d9-ddb5-4fa4-a97d-d965ccfc6d4b" outcome="Passed" testListId="8c84fa94-04c1-424b-9868-57a2d4851a1d" relativeResultsDirectory="be4b3fb0-d3c4-4cdb-8116-78d9934f8e1b">
      <Output>
        <StdOut>Save/Update: SELECT  ISNULL(MAX(cod_articulo + 1),1) from Articulos
Save/Update: INSERT INTO Articulos (cod_articulo, tipoPrendaID, diseñoID, comentario, produccion, precioActual, borrado) VALUES (4 , 3 , 2 , 'com test', 10 , 1, 0 ); UPDATE lista_precios SET borrado=1 WHERE cod_articulo=4  ; 
Save/Update: SELECT  ISNULL( MAX(nro_lista + 1), 1) from lista_precios WHERE cod_articulo=4
Save/Update: INSERT INTO lista_precios (nro_lista, cod_articulo, precio, fechaDesde, fechaHasta, borrado) VALUES (1 , 4 , 1,  CAST('19/11/2012 01:14:23.370'  AS DateTime),  NULL , 0 ); 
Save/Update: select * from Articulos WHERE  Articulos.cod_articulo=4  ; select * from lista_precios WHERE borrado = 0
Save/Update: select * from lista_precios WHERE  lista_precios.cod_articulo=4  
Save/Update: select * from TipoPrenda WHERE  TipoPrenda.tipo_prenda=3  
Save/Update: select * from Diseño WHERE  Diseño.cod_diseño=2  ; select * from historico_estados_diseño WHERE borrado = 0
Save/Update: DELETE lista_precios WHERE nro_lista=1  AND cod_articulo=4  
Save/Update: DELETE lista_precios WHERE nro_lista=2  AND cod_articulo=4  
Save/Update: DELETE Articulos WHERE cod_articulo=4</StdOut>
      </Output>
    </UnitTestResult>
    <UnitTestResult executionId="d042ce3c-efb0-4fae-9951-fdf3360dfa35" testId="53fb134c-9656-57a4-8598-b11e28cf481e" testName="actualizarMovimientoTest" computerName="DIEGO-PC" duration="00:00:00.0157903" startTime="2012-11-19T01:14:23.3847046-03:00" endTime="2012-11-19T01:14:23.4087059-03:00" testType="13cdc9d9-ddb5-4fa4-a97d-d965ccfc6d4b" outcome="Passed" testListId="8c84fa94-04c1-424b-9868-57a2d4851a1d" relativeResultsDirectory="d042ce3c-efb0-4fae-9951-fdf3360dfa35">
      <Output>
        <StdOut>Save/Update: SELECT  ISNULL(MAX(nro_movimiento + 1),1) from MovimientosCuenta
Save/Update: INSERT INTO MovimientosCuenta (nro_movimiento, comentario, fecha, monto, cuentaID, tipoMovimientoID) VALUES (4 , 'com4',  CAST('19/11/2012 01:14:23.393'  AS DateTime), 33.3, 1 , 2 ); DELETE proveedor_movimientos where nro_movimiento=4  ;  INSERT INTO proveedor_movimientos ( nro_movimiento, id_proveedor) VALUES ( 4 , 3 ); DELETE documento_movimiento where nro_movimiento=4  ; 
Save/Update: select * from MovimientosCuenta JOIN proveedor_movimientos AS proveedor ON MovimientosCuenta.nro_movimiento=proveedor.nro_movimiento WHERE  MovimientosCuenta.nro_movimiento=4  AND proveedor.id_proveedor IS NOT  NULL ; select * from proveedor_movimientos; select * from documento_movimiento
Save/Update: select * from Proveedor WHERE  Proveedor.id_proveedor=3  
Save/Update: select * from OrdenDeCompra WHERE  OrdenDeCompra.id_proveedor=3  ; select * from documento_movimiento; select * from LineaOrdenDeCompra WHERE borrado = 0
Save/Update: select * from tipoMovimiento WHERE  tipoMovimiento.tipoMovimientoID=2  
Save/Update: select * from Cuenta WHERE  Cuenta.cuentaID=1  
Save/Update: UPDATE MovimientosCuenta SET comentario='com4', fecha= CAST('19/11/2012 01:14:23.393'  AS DateTime), monto=33.3, cuentaID=1 , tipoMovimientoID=2  WHERE nro_movimiento=4  ; DELETE proveedor_movimientos where nro_movimiento=4  ;  INSERT INTO proveedor_movimientos ( nro_movimiento, id_proveedor) VALUES ( 4 , 1 ); DELETE documento_movimiento where nro_movimiento=4  ; 
Save/Update: select * from MovimientosCuenta JOIN proveedor_movimientos AS proveedor ON MovimientosCuenta.nro_movimiento=proveedor.nro_movimiento WHERE  MovimientosCuenta.nro_movimiento=4  AND proveedor.id_proveedor IS NOT  NULL ; select * from proveedor_movimientos; select * from documento_movimiento
Save/Update: select * from Proveedor WHERE  Proveedor.id_proveedor=1  
Save/Update: select * from OrdenDeCompra WHERE  OrdenDeCompra.id_proveedor=1  ; select * from documento_movimiento; select * from LineaOrdenDeCompra WHERE borrado = 0
Save/Update: select * from tipoMovimiento WHERE  tipoMovimiento.tipoMovimientoID=2  
Save/Update: select * from Cuenta WHERE  Cuenta.cuentaID=1  
Save/Update: DELETE proveedor_movimientos where nro_movimiento=4  ; DELETE documento_movimiento where nro_movimiento=4  ; ;DELETE MovimientosCuenta WHERE nro_movimiento=4</StdOut>
      </Output>
    </UnitTestResult>
    <UnitTestResult executionId="d044ccbb-ccfe-4dc3-850a-f3cc14ea991d" testId="542e3d8e-c605-852a-af9b-310782faad08" testName="actualizarMaquinaTest" computerName="DIEGO-PC" duration="00:00:00.0133628" startTime="2012-11-19T01:14:23.4107061-03:00" endTime="2012-11-19T01:14:23.4297071-03:00" testType="13cdc9d9-ddb5-4fa4-a97d-d965ccfc6d4b" outcome="Passed" testListId="8c84fa94-04c1-424b-9868-57a2d4851a1d" relativeResultsDirectory="d044ccbb-ccfe-4dc3-850a-f3cc14ea991d">
      <Output>
        <StdOut>Save/Update: SELECT  ISNULL(MAX(cod_maquina + 1),1) from Maquina
Save/Update: INSERT INTO Maquina (cod_maquina, altoMargen, anchoMargen, cabezales, nombre, velocidadPromedio, cantidadColores) VALUES (4 , 100 , 200 , 12 , 'nombre nuevo', 1000 , 12 ); DELETE JoinMaquinaToTipoPrenda where cod_maquina=4  ;  INSERT INTO JoinMaquinaToTipoPrenda ( cod_maquina, tipo_prenda) VALUES ( 4 , 1 );  INSERT INTO JoinMaquinaToTipoPrenda ( cod_maquina, tipo_prenda) VALUES ( 4 , 2 ); 
Save/Update: select * from Maquina WHERE  Maquina.cod_maquina=4  ; select * from JoinMaquinaToTipoPrenda
Save/Update: select * from TipoPrenda WHERE  TipoPrenda.tipo_prenda=1  
Save/Update: select * from TipoPrenda WHERE  TipoPrenda.tipo_prenda=2  
Save/Update: UPDATE Maquina SET altoMargen=100 , anchoMargen=200 , cabezales=12 , nombre='nombre editado', velocidadPromedio=1000 , cantidadColores=12  WHERE cod_maquina=4  ; DELETE JoinMaquinaToTipoPrenda where cod_maquina=4  ;  INSERT INTO JoinMaquinaToTipoPrenda ( cod_maquina, tipo_prenda) VALUES ( 4 , 1 ); 
Save/Update: select * from Maquina WHERE  Maquina.cod_maquina=4  ; select * from JoinMaquinaToTipoPrenda
Save/Update: select * from TipoPrenda WHERE  TipoPrenda.tipo_prenda=1  
Save/Update: DELETE JoinMaquinaToTipoPrenda where cod_maquina=4  ; ;DELETE Maquina WHERE cod_maquina=4  
Save/Update: delete from JoinMaquinaToTipoPrenda where cod_maquina=4</StdOut>
      </Output>
    </UnitTestResult>
    <UnitTestResult executionId="353dbeed-d91c-4882-b90e-e52ffc70ae2a" testId="55841f62-e499-c1d2-7702-e492ea6411db" testName="grabarInsumoTest" computerName="DIEGO-PC" duration="00:00:00.0064219" startTime="2012-11-19T01:14:23.4327073-03:00" endTime="2012-11-19T01:14:23.4447080-03:00" testType="13cdc9d9-ddb5-4fa4-a97d-d965ccfc6d4b" outcome="Passed" testListId="8c84fa94-04c1-424b-9868-57a2d4851a1d" relativeResultsDirectory="353dbeed-d91c-4882-b90e-e52ffc70ae2a">
      <Output>
        <StdOut>Save/Update: SELECT  ISNULL(MAX(cod_insumo + 1),1) from insumo
Save/Update: INSERT INTO insumo (cod_insumo, nombre, id_tipo_insumo, color, detalle, costo, cantidadActual) VALUES (5 , 'nombre5', 1 , 1 , 'detalle5', 5, 5 ); 
Save/Update: select * from insumo WHERE  insumo.cod_insumo=5  
Save/Update: DELETE insumo WHERE cod_insumo=5</StdOut>
      </Output>
    </UnitTestResult>
    <UnitTestResult executionId="f2069e9e-b2af-44e3-b50d-9cae0dbcdaa8" testId="5627da22-d5e7-edd9-24c7-79ea0acd3bdb" testName="buscarEncuestaTest" computerName="DIEGO-PC" duration="00:00:00.0266102" startTime="2012-11-19T01:14:23.4467081-03:00" endTime="2012-11-19T01:14:23.4797100-03:00" testType="13cdc9d9-ddb5-4fa4-a97d-d965ccfc6d4b" outcome="Passed" testListId="8c84fa94-04c1-424b-9868-57a2d4851a1d" relativeResultsDirectory="f2069e9e-b2af-44e3-b50d-9cae0dbcdaa8">
      <Output>
        <StdOut>Save/Update: SELECT  ISNULL(MAX(id + 1),1) from encuesta
Save/Update: INSERT INTO encuesta (id, atencion, calidad, eficiencia) VALUES (4 , 1 , 2 , 3 ); 
Save/Update: select * from encuesta
Save/Update: DELETE encuesta WHERE id=4  
Save/Update: select * from encuesta</StdOut>
      </Output>
    </UnitTestResult>
    <UnitTestResult executionId="e8bb6ddd-1bbf-414c-90a4-fd7494db502f" testId="57811f03-2314-dd80-537e-0ead8105505e" testName="actualizarProveedorTest" computerName="DIEGO-PC" duration="00:00:00.0043680" startTime="2012-11-19T01:14:23.4857104-03:00" endTime="2012-11-19T01:14:23.4967110-03:00" testType="13cdc9d9-ddb5-4fa4-a97d-d965ccfc6d4b" outcome="Passed" testListId="8c84fa94-04c1-424b-9868-57a2d4851a1d" relativeResultsDirectory="e8bb6ddd-1bbf-414c-90a4-fd7494db502f">
      <Output>
        <StdOut>Save/Update: UPDATE Proveedor SET nombre='nombre1modificado', telefono='15-1111-1111', direccion='direccion 1 modificado' WHERE id_proveedor=1  ; 
Save/Update: select * from Proveedor WHERE  Proveedor.id_proveedor=1  
Save/Update: UPDATE Proveedor SET nombre='nombre1', telefono='1111-1111', direccion='direccion 1' WHERE id_proveedor=1  ;</StdOut>
      </Output>
    </UnitTestResult>
    <UnitTestResult executionId="18d77940-1d99-42b5-bca8-01851cb4fd51" testId="57822e73-41f0-97dd-bf29-4b1fd4ed053c" testName="actualizarMovimientosTest" computerName="DIEGO-PC" duration="00:00:00.0067534" startTime="2012-11-19T01:14:23.5007112-03:00" endTime="2012-11-19T01:14:23.5137120-03:00" testType="13cdc9d9-ddb5-4fa4-a97d-d965ccfc6d4b" outcome="Passed" testListId="8c84fa94-04c1-424b-9868-57a2d4851a1d" relativeResultsDirectory="18d77940-1d99-42b5-bca8-01851cb4fd51">
      <Output>
        <StdOut>Save/Update: SELECT  ISNULL(MAX(nro_movimiento + 1),1) from MovimientosStock WHERE cod_insumo=1
Save/Update: INSERT INTO MovimientosStock (nro_movimiento, cod_insumo, tipo, fecha, cantidad) VALUES (3 , 1 , 1 ,  CAST('11/11/2012 00:00:00.000'  AS DateTime), 15); 
Save/Update: select * from MovimientosStock WHERE  MovimientosStock.cod_insumo=1  AND  MovimientosStock.nro_movimiento=3  
Save/Update: UPDATE MovimientosStock SET tipo=1 , fecha= CAST('11/11/2012 00:00:00.000'  AS DateTime), cantidad=18.3 WHERE nro_movimiento=3  AND cod_insumo=1  ; 
Save/Update: select * from MovimientosStock WHERE  MovimientosStock.cod_insumo=1  AND  MovimientosStock.nro_movimiento=3  
Save/Update: DELETE MovimientosStock WHERE nro_movimiento=3  AND cod_insumo=1</StdOut>
      </Output>
    </UnitTestResult>
    <UnitTestResult executionId="4d245de6-25d0-4426-ad18-9b9532fc5ed8" testId="58008e3d-a662-382f-b6bd-ea56db2d0729" testName="buscarPrimerosHuecosMaquinaTest" computerName="DIEGO-PC" duration="00:00:00.0217874" startTime="2012-11-19T01:14:23.5177122-03:00" endTime="2012-11-19T01:14:23.5447137-03:00" testType="13cdc9d9-ddb5-4fa4-a97d-d965ccfc6d4b" outcome="Passed" testListId="8c84fa94-04c1-424b-9868-57a2d4851a1d" relativeResultsDirectory="4d245de6-25d0-4426-ad18-9b9532fc5ed8">
      <Output>
        <StdOut>Save/Update: select * from produccion WHERE  produccion.cod_maquina=1  AND  produccion.fechaFinal&gt;= CAST('09/10/2012 11:00:00.000'  AS DateTime) ; select * from historico_estados_produccion WHERE borrado = 0
Save/Update: select * from Pedido WHERE  Pedido.cod_pedido=1  ; select * from produccion WHERE borrado = 0; select * from historico_estados_pedido WHERE borrado = 0
Save/Update: select * from Maquina WHERE  Maquina.cod_maquina=1  ; select * from JoinMaquinaToTipoPrenda
Save/Update: select * from Articulos WHERE  Articulos.cod_articulo=1  ; select * from lista_precios WHERE borrado = 0
Save/Update: select * from EstadoTrabajos WHERE  EstadoTrabajos.cod_estado=3  
Save/Update: select * from historico_estados_produccion WHERE  historico_estados_produccion.cod_produccion=1  
Save/Update: select * from produccion_operador WHERE  produccion_operador.cod_prodcuccion=1  
Save/Update: select * from Pedido WHERE  Pedido.cod_pedido=1  ; select * from produccion WHERE borrado = 0; select * from historico_estados_pedido WHERE borrado = 0
Save/Update: select * from Maquina WHERE  Maquina.cod_maquina=1  ; select * from JoinMaquinaToTipoPrenda
Save/Update: select * from Articulos WHERE  Articulos.cod_articulo=2  ; select * from lista_precios WHERE borrado = 0
Save/Update: select * from EstadoTrabajos WHERE  EstadoTrabajos.cod_estado=2  
Save/Update: select * from historico_estados_produccion WHERE  historico_estados_produccion.cod_produccion=2  
Save/Update: select * from produccion_operador WHERE  produccion_operador.cod_prodcuccion=2  
Save/Update: select * from Pedido WHERE  Pedido.cod_pedido=2  ; select * from produccion WHERE borrado = 0; select * from historico_estados_pedido WHERE borrado = 0
Save/Update: select * from Maquina WHERE  Maquina.cod_maquina=1  ; select * from JoinMaquinaToTipoPrenda
Save/Update: select * from Articulos WHERE  Articulos.cod_articulo=6  ; select * from lista_precios WHERE borrado = 0
Save/Update: select * from EstadoTrabajos WHERE  EstadoTrabajos.cod_estado=0  
Save/Update: select * from historico_estados_produccion WHERE  historico_estados_produccion.cod_produccion=5  
Save/Update: select * from produccion_operador WHERE  produccion_operador.cod_prodcuccion=5  
Save/Update: select * from produccion WHERE  produccion.cod_maquina=1  AND  produccion.fechaInicio&gt;= CAST('09/10/2012 14:00:00.000'  AS DateTime) ; select * from historico_estados_produccion WHERE borrado = 0
Save/Update: select * from Pedido WHERE  Pedido.cod_pedido=1  ; select * from produccion WHERE borrado = 0; select * from historico_estados_pedido WHERE borrado = 0
Save/Update: select * from Maquina WHERE  Maquina.cod_maquina=1  ; select * from JoinMaquinaToTipoPrenda
Save/Update: select * from Articulos WHERE  Articulos.cod_articulo=2  ; select * from lista_precios WHERE borrado = 0
Save/Update: select * from EstadoTrabajos WHERE  EstadoTrabajos.cod_estado=2  
Save/Update: select * from historico_estados_produccion WHERE  historico_estados_produccion.cod_produccion=2  
Save/Update: select * from produccion_operador WHERE  produccion_operador.cod_prodcuccion=2  
Save/Update: select * from Pedido WHERE  Pedido.cod_pedido=2  ; select * from produccion WHERE borrado = 0; select * from historico_estados_pedido WHERE borrado = 0
Save/Update: select * from Maquina WHERE  Maquina.cod_maquina=1  ; select * from JoinMaquinaToTipoPrenda
Save/Update: select * from Articulos WHERE  Articulos.cod_articulo=6  ; select * from lista_precios WHERE borrado = 0
Save/Update: select * from EstadoTrabajos WHERE  EstadoTrabajos.cod_estado=0  
Save/Update: select * from historico_estados_produccion WHERE  historico_estados_produccion.cod_produccion=5  
Save/Update: select * from produccion_operador WHERE  produccion_operador.cod_prodcuccion=5  
Save/Update: DELETE produccion_operador WHERE id_operador=2  AND cod_prodcuccion=7  
Save/Update: DELETE historico_estados_produccion WHERE nro_estado=1  AND cod_produccion=7  
Save/Update: DELETE historico_estados_produccion WHERE nro_estado=2  AND cod_produccion=7  
Save/Update: DELETE produccion WHERE cod_produccion=7</StdOut>
      </Output>
    </UnitTestResult>
    <UnitTestResult executionId="431130a1-6705-401e-ac87-7d9ed9895ff2" testId="583b72ae-47b9-5eaa-f8ea-320cdf69527e" testName="actualizarFamiliaPorObjetoTest" computerName="DIEGO-PC" duration="00:00:00.1079737" startTime="2012-11-19T01:14:23.5477139-03:00" endTime="2012-11-19T01:14:23.6647206-03:00" testType="13cdc9d9-ddb5-4fa4-a97d-d965ccfc6d4b" outcome="Passed" testListId="8c84fa94-04c1-424b-9868-57a2d4851a1d" relativeResultsDirectory="431130a1-6705-401e-ac87-7d9ed9895ff2">
      <Output>
        <StdOut>Save/Update: select * from Familia WHERE  Familia.familiaID=5  ; select * from JoinFamiliaToPatente
Save/Update: select * from Patente JOIN JoinFamiliaToPatente AS familia ON Patente.patenteId=familia.patenteId WHERE familia.familiaID=5  
***************** Error --&gt; Save: UPDATE Familia SET descripcion='desTest', nombre='nombretest' WHERE familiaID=5  ; DELETE JoinFamiliaToPatente where familiaID=5  ;  INSERT INTO JoinFamiliaToPatente ( familiaID, patenteId) VALUES ( 5 , 9 );  INSERT INTO JoinFamiliaToPatente ( familiaID, patenteId) VALUES ( 5 , 9 ); 
                 Stacktrace: Infracción de la restricción PRIMARY KEY 'PK_JoinFamiliaToPatente'. No se puede insertar una clave duplicada en el objeto 'dbo.JoinFamiliaToPatente'.
Se terminó la instrucción.
Save/Update: select * from Familia WHERE  Familia.familiaID=5  ; select * from JoinFamiliaToPatente
Save/Update: select * from Patente JOIN JoinFamiliaToPatente AS familia ON Patente.patenteId=familia.patenteId WHERE familia.familiaID=5  
Save/Update: UPDATE Familia SET descripcion='Administracion de finanzas', nombre='Administracion de finanzas' WHERE familiaID=5  ; DELETE JoinFamiliaToPatente where familiaID=5  ;</StdOut>
      </Output>
    </UnitTestResult>
    <UnitTestResult executionId="322f6146-d4df-4137-8ca1-4dcb9193ed6b" testId="590fbd59-b150-d4b9-6a37-e409519e63c2" testName="buscarInsumosConRestriccionesTest" computerName="DIEGO-PC" duration="00:00:00.0066193" startTime="2012-11-19T01:14:23.6677208-03:00" endTime="2012-11-19T01:14:23.6827216-03:00" testType="13cdc9d9-ddb5-4fa4-a97d-d965ccfc6d4b" outcome="Passed" testListId="8c84fa94-04c1-424b-9868-57a2d4851a1d" relativeResultsDirectory="322f6146-d4df-4137-8ca1-4dcb9193ed6b">
      <Output>
        <StdOut>Save/Update: select * from insumo WHERE  insumo.cantidadActual=1  AND  insumo.cod_insumo=1  AND  insumo.color=1  AND  insumo.id_tipo_insumo=1  AND  insumo.detalle='detalle1' AND  insumo.nombre='nombre1' 
Save/Update: DELETE insumo WHERE cod_insumo=5</StdOut>
      </Output>
    </UnitTestResult>
    <UnitTestResult executionId="476d770c-752d-4663-aaa7-03ade5216637" testId="59186e93-3595-d080-b439-d655c96ab973" testName="grabarUsuarioTest" computerName="DIEGO-PC" duration="00:00:00.0168179" startTime="2012-11-19T01:14:23.6867218-03:00" endTime="2012-11-19T01:14:23.7117233-03:00" testType="13cdc9d9-ddb5-4fa4-a97d-d965ccfc6d4b" outcome="Passed" testListId="8c84fa94-04c1-424b-9868-57a2d4851a1d" relativeResultsDirectory="476d770c-752d-4663-aaa7-03ade5216637">
      <Output>
        <StdOut>Save/Update: INSERT INTO Usuario (usuarioID, nombre, apellido, mail, password, telefonoFijo, telefonoMovil, bloqueado) VALUES (6 , 'nombre6', 'apellido6', 'mail6@test.com', 'pas633', '6666-6666', '6666-6666', 0 ); DELETE JoinUsuarioToFamilia where usuarioID=6  ;  INSERT INTO JoinUsuarioToFamilia ( usuarioID, familiaID) VALUES ( 6 , 5 ); DELETE JoinPatenteToUsuario where usuarioID=6  ;  INSERT INTO JoinPatenteToUsuario ( usuarioID, patenteId) VALUES ( 6 , 3 ); 
Save/Update: select * from Usuario WHERE  Usuario.usuarioID=6  ; select * from JoinUsuarioToFamilia; select * from JoinPatenteToUsuario
Save/Update: select * from Familia JOIN JoinUsuarioToFamilia AS usuarios ON Familia.familiaID=usuarios.familiaID WHERE usuarios.usuarioID=6  ; select * from JoinFamiliaToPatente
Save/Update: select * from Patente JOIN JoinFamiliaToPatente AS familia ON Patente.patenteId=familia.patenteId WHERE familia.familiaID=5  
Save/Update: select * from Patente JOIN JoinPatenteToUsuario AS usuario ON Patente.patenteId=usuario.patenteId WHERE usuario.usuarioID=6  
Save/Update: select * from Cliente WHERE  Cliente.usuarioID=6  ; select * from cliente_movimientos; select * from Pedido WHERE borrado = 0; select * from Factura WHERE borrado = 0; select * from Diseño WHERE borrado = 0
Save/Update: DELETE JoinUsuarioToFamilia where usuarioID=6  ; DELETE JoinPatenteToUsuario where usuarioID=6  ; ;DELETE Usuario WHERE usuarioID=6  
Save/Update: select * from Usuario WHERE  Usuario.usuarioID=6  ; select * from JoinUsuarioToFamilia; select * from JoinPatenteToUsuario</StdOut>
      </Output>
    </UnitTestResult>
    <UnitTestResult executionId="146e0965-8ac4-4cb1-9fa9-b3ef18aefb37" testId="5973b42f-4391-99d3-6b49-5d351ffdd924" testName="listarInsumosPorCodigoTest" computerName="DIEGO-PC" duration="00:00:00.0056991" startTime="2012-11-19T01:14:23.7157235-03:00" endTime="2012-11-19T01:14:23.7297243-03:00" testType="13cdc9d9-ddb5-4fa4-a97d-d965ccfc6d4b" outcome="Passed" testListId="8c84fa94-04c1-424b-9868-57a2d4851a1d" relativeResultsDirectory="146e0965-8ac4-4cb1-9fa9-b3ef18aefb37">
      <Output>
        <StdOut>Save/Update: select * from insumo WHERE  insumo.cod_insumo=1  
Save/Update: select * from tipoInsumo WHERE  tipoInsumo.tipo_insumo=1  
Save/Update: select * from color WHERE  color.codigo_color=1  
Save/Update: select * from MovimientosStock WHERE  MovimientosStock.cod_insumo=1  
Save/Update: DELETE MovimientosStock WHERE nro_movimiento=1  AND cod_insumo=5  
Save/Update: DELETE MovimientosStock WHERE nro_movimiento=2  AND cod_insumo=5  
Save/Update: DELETE insumo WHERE cod_insumo=5</StdOut>
      </Output>
    </UnitTestResult>
    <UnitTestResult executionId="78c82823-1845-4149-84d3-36ddb095dfcf" testId="59ac30e1-edc3-3193-83d1-44bf47baeaf4" testName="modificarInsumoTest" computerName="DIEGO-PC" duration="00:00:00.0133927" startTime="2012-11-19T01:14:23.7337245-03:00" endTime="2012-11-19T01:14:23.7557258-03:00" testType="13cdc9d9-ddb5-4fa4-a97d-d965ccfc6d4b" outcome="Passed" testListId="8c84fa94-04c1-424b-9868-57a2d4851a1d" relativeResultsDirectory="78c82823-1845-4149-84d3-36ddb095dfcf">
      <Output>
        <StdOut>Save/Update: SELECT  ISNULL(MAX(cod_insumo + 1),1) from insumo
Save/Update: INSERT INTO insumo (cod_insumo, nombre, id_tipo_insumo, color, detalle, costo, cantidadActual) VALUES (5 , 'nombre5', 1 , 1 , 'detalle5', 5, 5 ); 
Save/Update: select * from insumo WHERE  insumo.cod_insumo=5  
Save/Update: UPDATE insumo SET nombre='nombre5', id_tipo_insumo=1 , color=4 , detalle='detalle5', costo=5, cantidadActual=5  WHERE cod_insumo=5  ; 
Save/Update: select * from insumo WHERE  insumo.cod_insumo=5  
Save/Update: DELETE insumo WHERE cod_insumo=5</StdOut>
      </Output>
    </UnitTestResult>
    <UnitTestResult executionId="516cf352-62e7-41a5-8f91-1cb7591305cc" testId="5a471128-b46d-a047-f96f-afe4f1f9ce56" testName="grabarMovimientosClienteTest" computerName="DIEGO-PC" duration="00:00:00.0251637" startTime="2012-11-19T01:14:23.7597260-03:00" endTime="2012-11-19T01:14:23.7937280-03:00" testType="13cdc9d9-ddb5-4fa4-a97d-d965ccfc6d4b" outcome="Passed" testListId="8c84fa94-04c1-424b-9868-57a2d4851a1d" relativeResultsDirectory="516cf352-62e7-41a5-8f91-1cb7591305cc">
      <Output>
        <StdOut>Save/Update: SELECT  ISNULL(MAX(nro_movimiento + 1),1) from MovimientosCuenta
Save/Update: INSERT INTO MovimientosCuenta (nro_movimiento, comentario, fecha, monto, cuentaID, tipoMovimientoID) VALUES (4 , 'com4',  CAST('19/11/2012 01:14:23.766'  AS DateTime), 33.3, 1 , 2 ); DELETE cliente_movimientos where nro_movimiento=4  ;  INSERT INTO cliente_movimientos ( nro_movimiento, id_cliente) VALUES ( 4 , 2 ); DELETE documento_movimiento where nro_movimiento=4  ; 
Save/Update: select * from MovimientosCuenta JOIN cliente_movimientos AS cliente ON MovimientosCuenta.nro_movimiento=cliente.nro_movimiento WHERE  MovimientosCuenta.nro_movimiento=4  AND  MovimientosCuenta.monto=33.3 AND cliente.id_cliente IS NOT  NULL ; select * from cliente_movimientos; select * from documento_movimiento
Save/Update: DELETE cliente_movimientos where nro_movimiento=4  ; DELETE documento_movimiento where nro_movimiento=4  ; ;DELETE MovimientosCuenta WHERE nro_movimiento=4</StdOut>
      </Output>
    </UnitTestResult>
    <UnitTestResult executionId="ec3eb3c3-1eef-4743-9304-d3b964e87b8f" testId="5b45a836-b61f-3f4e-71ec-60865157f707" testName="modificarTest" computerName="DIEGO-PC" duration="00:00:00.0242095" startTime="2012-11-19T01:14:23.7987283-03:00" endTime="2012-11-19T01:14:23.8297300-03:00" testType="13cdc9d9-ddb5-4fa4-a97d-d965ccfc6d4b" outcome="Passed" testListId="8c84fa94-04c1-424b-9868-57a2d4851a1d" relativeResultsDirectory="ec3eb3c3-1eef-4743-9304-d3b964e87b8f">
      <Output>
        <StdOut>Save/Update: select * from Conversacion WHERE  Conversacion.remitente=4  ; select * from mensaje WHERE borrado = 0
Save/Update: select * from Conversacion WHERE  Conversacion.destinatario=4  ; select * from mensaje WHERE borrado = 0
Save/Update: select * from Usuario WHERE  Usuario.usuarioID=4  ; select * from JoinUsuarioToFamilia; select * from JoinPatenteToUsuario
Save/Update: select * from Usuario WHERE  Usuario.usuarioID=5  ; select * from JoinUsuarioToFamilia; select * from JoinPatenteToUsuario
Save/Update: select * from Mensaje WHERE  Mensaje.id_conversacion=2  
Save/Update: UPDATE Conversacion SET remitente=4 , destinatario=5  WHERE id_conversacion=2  ; UPDATE mensaje SET borrado=1 WHERE id_conversacion=2  ; 
Save/Update: UPDATE Mensaje SET tipoMensaje=0 , fecha= CAST('26/08/2012 16:35:00.000'  AS DateTime), mensaje='msj de 4 a 5', leido=1 , borrado=0 , id_conversacion=2  WHERE id=3  ; 
Save/Update: UPDATE Mensaje SET tipoMensaje=1 , fecha= CAST('26/08/2012 16:35:00.000'  AS DateTime), mensaje='msj de 5 a 4', leido=0 , borrado=0 , id_conversacion=2  WHERE id=4  ; 
Save/Update: select * from Conversacion WHERE  Conversacion.remitente=4  ; select * from mensaje WHERE borrado = 0
Save/Update: select * from Conversacion WHERE  Conversacion.destinatario=4  ; select * from mensaje WHERE borrado = 0
Save/Update: select * from Usuario WHERE  Usuario.usuarioID=4  ; select * from JoinUsuarioToFamilia; select * from JoinPatenteToUsuario
Save/Update: select * from Usuario WHERE  Usuario.usuarioID=5  ; select * from JoinUsuarioToFamilia; select * from JoinPatenteToUsuario
Save/Update: select * from Mensaje WHERE  Mensaje.id_conversacion=2  
Save/Update: UPDATE Conversacion SET remitente=4 , destinatario=5  WHERE id_conversacion=2  ; UPDATE mensaje SET borrado=1 WHERE id_conversacion=2  ; 
Save/Update: UPDATE Mensaje SET tipoMensaje=0 , fecha= CAST('26/08/2012 16:35:00.000'  AS DateTime), mensaje='msj de 4 a 5', leido=1 , borrado=0 , id_conversacion=2  WHERE id=3  ; 
Save/Update: UPDATE Mensaje SET tipoMensaje=1 , fecha= CAST('26/08/2012 16:35:00.000'  AS DateTime), mensaje='msj de 5 a 4', leido=1 , borrado=0 , id_conversacion=2  WHERE id=4  ;</StdOut>
      </Output>
    </UnitTestResult>
    <UnitTestResult executionId="ecba2dd3-0253-4599-b51a-459f3773104a" testId="5b9bfc56-4cc5-173e-d51e-c0dfe65798ee" testName="actualizarTest" computerName="DIEGO-PC" duration="00:00:00.0079685" startTime="2012-11-19T01:14:23.8347303-03:00" endTime="2012-11-19T01:14:23.8507312-03:00" testType="13cdc9d9-ddb5-4fa4-a97d-d965ccfc6d4b" outcome="Passed" testListId="8c84fa94-04c1-424b-9868-57a2d4851a1d" relativeResultsDirectory="ecba2dd3-0253-4599-b51a-459f3773104a">
      <Output>
        <StdOut>Save/Update: UPDATE Proveedor SET nombre='nombre1modificado', telefono='15-1111-1111', direccion='direccion 1 modificado' WHERE id_proveedor=1  ; 
Save/Update: select * from Proveedor WHERE  Proveedor.id_proveedor=1  
Save/Update: select * from OrdenDeCompra WHERE  OrdenDeCompra.id_proveedor=1  ; select * from documento_movimiento; select * from LineaOrdenDeCompra WHERE borrado = 0
Save/Update: delete OrdenDeCompra where nro_doc=5
Save/Update: delete documento where nro_doc=5
Save/Update: DELETE Proveedor WHERE id_proveedor=4  
Save/Update: UPDATE Proveedor SET nombre='nombre1', telefono='1111-1111', direccion='direccion 1' WHERE id_proveedor=1  ;</StdOut>
      </Output>
    </UnitTestResult>
    <UnitTestResult executionId="035f8876-7b9c-4dae-9a2c-0eb2fe35e9c0" testId="5bbb6d67-7645-c72a-0a3d-d422f73b22ec" testName="grabarPrendaTest" computerName="DIEGO-PC" duration="00:00:00.0050619" startTime="2012-11-19T01:14:23.8557315-03:00" endTime="2012-11-19T01:14:23.8677322-03:00" testType="13cdc9d9-ddb5-4fa4-a97d-d965ccfc6d4b" outcome="Passed" testListId="8c84fa94-04c1-424b-9868-57a2d4851a1d" relativeResultsDirectory="035f8876-7b9c-4dae-9a2c-0eb2fe35e9c0">
      <Output>
        <StdOut>Save/Update: INSERT INTO TipoPrenda (tipo_prenda, descripcion) VALUES (5 , 'gorro'); 
Save/Update: select * from TipoPrenda
Save/Update: DELETE TipoPrenda WHERE tipo_prenda=5</StdOut>
      </Output>
    </UnitTestResult>
    <UnitTestResult executionId="13f300f3-bbf3-4b2f-ad6a-99688d595581" testId="5bc580ea-e8dc-d81d-d20e-846c482c1228" testName="grabarOperadorTest" computerName="DIEGO-PC" duration="00:00:00.0119811" startTime="2012-11-19T01:14:23.8727325-03:00" endTime="2012-11-19T01:14:23.8927336-03:00" testType="13cdc9d9-ddb5-4fa4-a97d-d965ccfc6d4b" outcome="Passed" testListId="8c84fa94-04c1-424b-9868-57a2d4851a1d" relativeResultsDirectory="13f300f3-bbf3-4b2f-ad6a-99688d595581">
      <Output>
        <StdOut>Save/Update: SELECT  ISNULL(MAX(id_Operador + 1),1) from operador
Save/Update: INSERT INTO operador (id_Operador, id_usuario) VALUES (3 , 3 ); 
Save/Update: select * from operador WHERE  operador.id_usuario=3  
Save/Update: DELETE operador WHERE id_Operador=3</StdOut>
      </Output>
    </UnitTestResult>
    <UnitTestResult executionId="ed253fa6-8f71-4d16-bde6-9737c639c9cc" testId="5bcfcf35-a297-ce16-b906-540d8e2e0904" testName="actualizaArticuloTest" computerName="DIEGO-PC" duration="00:00:00.0166820" startTime="2012-11-19T01:14:23.9037343-03:00" endTime="2012-11-19T01:14:23.9267356-03:00" testType="13cdc9d9-ddb5-4fa4-a97d-d965ccfc6d4b" outcome="Passed" testListId="8c84fa94-04c1-424b-9868-57a2d4851a1d" relativeResultsDirectory="ed253fa6-8f71-4d16-bde6-9737c639c9cc">
      <Output>
        <StdOut>Save/Update: SELECT  ISNULL(MAX(cod_articulo + 1),1) from Articulos
Save/Update: INSERT INTO Articulos (cod_articulo, tipoPrendaID, diseñoID, comentario, produccion, precioActual, borrado) VALUES (4 , 3 , 2 , 'com test', 10 , 1, 0 ); UPDATE lista_precios SET borrado=1 WHERE cod_articulo=4  ; 
Save/Update: SELECT  ISNULL( MAX(nro_lista + 1), 1) from lista_precios WHERE cod_articulo=4
Save/Update: INSERT INTO lista_precios (nro_lista, cod_articulo, precio, fechaDesde, fechaHasta, borrado) VALUES (1 , 4 , 1,  CAST('19/11/2012 01:14:23.911'  AS DateTime),  NULL , 0 ); 
Save/Update: select * from Articulos WHERE  Articulos.cod_articulo=4  ; select * from lista_precios WHERE borrado = 0
Save/Update: select * from lista_precios WHERE  lista_precios.cod_articulo=4  
Save/Update: select * from TipoPrenda WHERE  TipoPrenda.tipo_prenda=3  
Save/Update: select * from Diseño WHERE  Diseño.cod_diseño=2  ; select * from historico_estados_diseño WHERE borrado = 0
Save/Update: UPDATE Articulos SET tipoPrendaID=3 , diseñoID=2 , comentario='com test', produccion=10 , precioActual=2, borrado=0  WHERE cod_articulo=4  ; UPDATE lista_precios SET borrado=1 WHERE cod_articulo=4  ; 
Save/Update: UPDATE lista_precios SET precio=1, fechaDesde= CAST('19/11/2012 01:14:23.910'  AS DateTime), fechaHasta= CAST('11/11/2012 00:00:00.000'  AS DateTime), borrado=0  WHERE nro_lista=1  AND cod_articulo=4  ; 
Save/Update: SELECT  ISNULL( MAX(nro_lista + 1), 1) from lista_precios WHERE cod_articulo=4
Save/Update: INSERT INTO lista_precios (nro_lista, cod_articulo, precio, fechaDesde, fechaHasta, borrado) VALUES (2 , 4 , 2,  CAST('11/11/2012 00:00:00.000'  AS DateTime),  NULL , 0 ); 
Save/Update: select * from Articulos WHERE  Articulos.cod_articulo=4  ; select * from lista_precios WHERE borrado = 0
Save/Update: select * from lista_precios WHERE  lista_precios.cod_articulo=4  
Save/Update: select * from TipoPrenda WHERE  TipoPrenda.tipo_prenda=3  
Save/Update: select * from Diseño WHERE  Diseño.cod_diseño=2  ; select * from historico_estados_diseño WHERE borrado = 0
Save/Update: DELETE lista_precios WHERE nro_lista=1  AND cod_articulo=4  
Save/Update: DELETE lista_precios WHERE nro_lista=2  AND cod_articulo=4  
Save/Update: DELETE Articulos WHERE cod_articulo=4</StdOut>
      </Output>
    </UnitTestResult>
    <UnitTestResult executionId="1ffe74ef-67b9-423f-a840-7bb471e5da8e" testId="5be9d1df-2b36-1659-9ba5-a87863ccb63a" testName="GrabarDiseñoTest" computerName="DIEGO-PC" duration="00:00:00.0143845" startTime="2012-11-19T01:14:23.9307358-03:00" endTime="2012-11-19T01:14:23.9507369-03:00" testType="13cdc9d9-ddb5-4fa4-a97d-d965ccfc6d4b" outcome="Passed" testListId="8c84fa94-04c1-424b-9868-57a2d4851a1d" relativeResultsDirectory="1ffe74ef-67b9-423f-a840-7bb471e5da8e">
      <Output>
        <StdOut>Save/Update: SELECT  ISNULL(MAX(cod_diseño + 1),1) from Diseño
Save/Update: INSERT INTO Diseño (cod_diseño, nombre, puntadas, alto, ancho, id_cliente, estadoActual, pathImagen, pathDetalle, pathArchivoEditable, pathArchivoFinal, borrado) VALUES (3 , 'diseño3', 3333 , 33 , 33 , 1 , 1 , '', '', '', '', 0 ); UPDATE historico_estados_diseño SET borrado=1 WHERE cod_diseño=3  ; 
Save/Update: INSERT INTO Diseño_insumos (cod_diseño, cod_insumo, cantidad) VALUES (3 , 1 , 3); 
Save/Update: SELECT  ISNULL(MAX(nro_estado + 1),1) from historico_estados_diseño WHERE cod_diseño=3
Save/Update: INSERT INTO historico_estados_diseño (nro_estado, cod_diseño, comentario, fechaDesde, fechaHasta, estado, borrado) VALUES (1 , 3 , 'creacion ficha diseño',  CAST('19/11/2012 01:14:23.935'  AS DateTime),  NULL , 1 , 0 ); 
Save/Update: select * from Diseño WHERE  Diseño.cod_diseño=3  ; select * from historico_estados_diseño WHERE borrado = 0
Save/Update: select * from Cliente WHERE  Cliente.id_cliente=1  ; select * from cliente_movimientos; select * from Pedido WHERE borrado = 0; select * from Factura WHERE borrado = 0; select * from Diseño WHERE borrado = 0
Save/Update: select * from Usuario WHERE  Usuario.usuarioID=1  ; select * from JoinUsuarioToFamilia; select * from JoinPatenteToUsuario
Save/Update: select * from Diseño_insumos WHERE  Diseño_insumos.cod_diseño=3  
Save/Update: select * from historico_estados_diseño WHERE  historico_estados_diseño.cod_diseño=3  
Save/Update: select * from EstadoDiseños WHERE  EstadoDiseños.estado=1  
Save/Update: DELETE FROM Diseño_insumos where cod_diseño=3
Save/Update: DELETE FROM historico_estados_diseño where cod_diseño=3
Save/Update: DELETE Diseño WHERE cod_diseño=3</StdOut>
      </Output>
    </UnitTestResult>
    <UnitTestResult executionId="e15d9572-c8b4-44e5-8b6b-82044c770380" testId="5c26e5bc-173f-d60e-f76c-ab3d9a4b4531" testName="buscarPrimerosHuecosMaquinaTest5" computerName="DIEGO-PC" duration="00:00:00.0089617" startTime="2012-11-19T01:14:23.9547372-03:00" endTime="2012-11-19T01:14:23.9687380-03:00" testType="13cdc9d9-ddb5-4fa4-a97d-d965ccfc6d4b" outcome="Passed" testListId="8c84fa94-04c1-424b-9868-57a2d4851a1d" relativeResultsDirectory="e15d9572-c8b4-44e5-8b6b-82044c770380">
      <Output>
        <StdOut>Save/Update: select * from produccion WHERE  produccion.cod_maquina=2  AND  produccion.fechaFinal&gt;= CAST('09/10/2012 11:00:00.000'  AS DateTime) ; select * from historico_estados_produccion WHERE borrado = 0
Save/Update: select * from Pedido WHERE  Pedido.cod_pedido=1  ; select * from produccion WHERE borrado = 0; select * from historico_estados_pedido WHERE borrado = 0
Save/Update: select * from Maquina WHERE  Maquina.cod_maquina=2  ; select * from JoinMaquinaToTipoPrenda
Save/Update: select * from Articulos WHERE  Articulos.cod_articulo=3  ; select * from lista_precios WHERE borrado = 0
Save/Update: select * from EstadoTrabajos WHERE  EstadoTrabajos.cod_estado=0  
Save/Update: select * from historico_estados_produccion WHERE  historico_estados_produccion.cod_produccion=3  
Save/Update: select * from produccion_operador WHERE  produccion_operador.cod_prodcuccion=3  
Save/Update: select * from produccion WHERE  produccion.cod_maquina=2  AND  produccion.fechaInicio&gt;= CAST('12/10/2012 18:00:00.000'  AS DateTime) ; select * from historico_estados_produccion WHERE borrado = 0
Save/Update: DELETE produccion_operador WHERE id_operador=2  AND cod_prodcuccion=7  
Save/Update: DELETE historico_estados_produccion WHERE nro_estado=1  AND cod_produccion=7  
Save/Update: DELETE historico_estados_produccion WHERE nro_estado=2  AND cod_produccion=7  
Save/Update: DELETE produccion WHERE cod_produccion=7</StdOut>
      </Output>
    </UnitTestResult>
    <UnitTestResult executionId="846a65da-6e90-4055-8773-01947cfa3bfa" testId="5c85b597-4b7a-176d-3dac-461f2d66fe1b" testName="buscarPorDescripcionTest" computerName="DIEGO-PC" duration="00:00:00.0108733" startTime="2012-11-19T01:14:23.9727382-03:00" endTime="2012-11-19T01:14:23.9897392-03:00" testType="13cdc9d9-ddb5-4fa4-a97d-d965ccfc6d4b" outcome="Passed" testListId="8c84fa94-04c1-424b-9868-57a2d4851a1d" relativeResultsDirectory="846a65da-6e90-4055-8773-01947cfa3bfa">
      <Output>
        <StdOut>Save/Update: select * from Proveedor WHERE  Proveedor.nombre='nombre2' AND  Proveedor.telefono='2222-2222' AND  Proveedor.direccion='direccion 2'</StdOut>
      </Output>
    </UnitTestResult>
    <UnitTestResult executionId="e2d24b4e-e6ed-4108-b122-123f6948c7e8" testId="5d206a37-78a3-f908-c018-7a5a53253c75" testName="buscarInsumosTest" computerName="DIEGO-PC" duration="00:00:00.0057552" startTime="2012-11-19T01:14:23.9947395-03:00" endTime="2012-11-19T01:14:24.0057401-03:00" testType="13cdc9d9-ddb5-4fa4-a97d-d965ccfc6d4b" outcome="Passed" testListId="8c84fa94-04c1-424b-9868-57a2d4851a1d" relativeResultsDirectory="e2d24b4e-e6ed-4108-b122-123f6948c7e8">
      <Output>
        <StdOut>Save/Update: select * from insumo
Save/Update: DELETE insumo WHERE cod_insumo=5</StdOut>
      </Output>
    </UnitTestResult>
    <UnitTestResult executionId="c107de1f-ea34-4efc-93b9-70835d635571" testId="5d5c620b-143e-df44-c141-574eca133b7a" testName="borrarInsumoTest" computerName="DIEGO-PC" duration="00:00:00.0063644" startTime="2012-11-19T01:14:24.0157407-03:00" endTime="2012-11-19T01:14:24.0297415-03:00" testType="13cdc9d9-ddb5-4fa4-a97d-d965ccfc6d4b" outcome="Passed" testListId="8c84fa94-04c1-424b-9868-57a2d4851a1d" relativeResultsDirectory="c107de1f-ea34-4efc-93b9-70835d635571">
      <Output>
        <StdOut>Save/Update: SELECT  ISNULL(MAX(cod_insumo + 1),1) from insumo
Save/Update: INSERT INTO insumo (cod_insumo, nombre, id_tipo_insumo, color, detalle, costo, cantidadActual) VALUES (5 , 'nombre5', 1 , 1 , 'detalle5', 5, 5 ); 
Save/Update: select * from insumo
Save/Update: DELETE insumo WHERE cod_insumo=5  
Save/Update: select * from insumo
Save/Update: DELETE insumo WHERE cod_insumo=5</StdOut>
      </Output>
    </UnitTestResult>
    <UnitTestResult executionId="26384f5e-6797-4f67-b103-1515fea17b62" testId="5e0dec84-1eed-840d-bf51-237b2ddbdebf" testName="modificarListaPrecioTest" computerName="DIEGO-PC" duration="00:00:00.0139539" startTime="2012-11-19T01:14:24.0327416-03:00" endTime="2012-11-19T01:14:24.0567430-03:00" testType="13cdc9d9-ddb5-4fa4-a97d-d965ccfc6d4b" outcome="Passed" testListId="8c84fa94-04c1-424b-9868-57a2d4851a1d" relativeResultsDirectory="26384f5e-6797-4f67-b103-1515fea17b62">
      <Output>
        <StdOut>Save/Update: SELECT  ISNULL( MAX(nro_lista + 1), 1) from lista_precios WHERE cod_articulo=1
Save/Update: INSERT INTO lista_precios (nro_lista, cod_articulo, precio, fechaDesde, fechaHasta, borrado) VALUES (3 , 1 , 3.1,  CAST('11/11/2011 13:55:33.110'  AS DateTime),  CAST('11/11/2011 14:55:33.223'  AS DateTime), 0 ); 
Save/Update: select * from lista_precios WHERE  lista_precios.borrado=0  AND  lista_precios.cod_articulo=1  
Save/Update: UPDATE lista_precios SET precio=4.4, fechaDesde= CAST('11/11/2011 13:55:33.110'  AS DateTime), fechaHasta= CAST('11/11/2011 14:55:33.223'  AS DateTime), borrado=0  WHERE nro_lista=3  AND cod_articulo=1  ; 
Save/Update: select * from lista_precios WHERE  lista_precios.borrado=0  AND  lista_precios.cod_articulo=1  
Save/Update: DELETE lista_precios WHERE nro_lista=3  AND cod_articulo=1</StdOut>
      </Output>
    </UnitTestResult>
    <UnitTestResult executionId="a4e0cf86-7883-4fd9-8b64-9585a4d76c58" testId="5e39e02d-2b70-3982-2130-96924fff6d81" testName="listarProduccionPorFechasTest" computerName="DIEGO-PC" duration="00:00:00.0124648" startTime="2012-11-19T01:14:24.0597432-03:00" endTime="2012-11-19T01:14:24.0807444-03:00" testType="13cdc9d9-ddb5-4fa4-a97d-d965ccfc6d4b" outcome="Passed" testListId="8c84fa94-04c1-424b-9868-57a2d4851a1d" relativeResultsDirectory="a4e0cf86-7883-4fd9-8b64-9585a4d76c58">
      <Output>
        <StdOut>Save/Update: select * from produccion WHERE  produccion.fechaInicio&gt;= CAST('09/10/2012 09:00:00.000'  AS DateTime) AND  produccion.fechaInicio&lt;= CAST('09/10/2012 14:00:00.000'  AS DateTime) AND  produccion.fechaFinal&gt;= CAST('09/10/2012 12:00:00.000'  AS DateTime) AND  produccion.fechaFinal&lt;= CAST('09/10/2012 14:00:00.000'  AS DateTime) ; select * from historico_estados_produccion WHERE borrado = 0
Save/Update: select * from Pedido WHERE  Pedido.cod_pedido=1  ; select * from produccion WHERE borrado = 0; select * from historico_estados_pedido WHERE borrado = 0
Save/Update: select * from Maquina WHERE  Maquina.cod_maquina=1  ; select * from JoinMaquinaToTipoPrenda
Save/Update: select * from Articulos WHERE  Articulos.cod_articulo=1  ; select * from lista_precios WHERE borrado = 0
Save/Update: select * from EstadoTrabajos WHERE  EstadoTrabajos.cod_estado=3  
Save/Update: select * from historico_estados_produccion WHERE  historico_estados_produccion.cod_produccion=1  
Save/Update: select * from produccion_operador WHERE  produccion_operador.cod_prodcuccion=1  
Save/Update: DELETE produccion_operador WHERE id_operador=2  AND cod_prodcuccion=7  
Save/Update: DELETE historico_estados_produccion WHERE nro_estado=1  AND cod_produccion=7  
Save/Update: DELETE historico_estados_produccion WHERE nro_estado=2  AND cod_produccion=7  
Save/Update: DELETE produccion WHERE cod_produccion=7</StdOut>
      </Output>
    </UnitTestResult>
    <UnitTestResult executionId="c321541c-19ed-4fa8-b8d8-0973b2ce13c5" testId="5f0d0749-3ebf-18a9-df3b-b2af8e5ec0eb" testName="actualizarUsuarioTest" computerName="DIEGO-PC" duration="00:00:00.0097370" startTime="2012-11-19T01:14:24.0827445-03:00" endTime="2012-11-19T01:14:24.0987454-03:00" testType="13cdc9d9-ddb5-4fa4-a97d-d965ccfc6d4b" outcome="Passed" testListId="8c84fa94-04c1-424b-9868-57a2d4851a1d" relativeResultsDirectory="c321541c-19ed-4fa8-b8d8-0973b2ce13c5">
      <Output>
        <StdOut>Save/Update: UPDATE Usuario SET nombre='nombre1modificado', apellido='apellido1modificado', mail='mail1modificado@test.com', password='pas1mod', telefonoFijo='1111-1112', telefonoMovil='1111-1112', bloqueado=0  WHERE usuarioID=5  ; DELETE JoinUsuarioToFamilia where usuarioID=5  ;  INSERT INTO JoinUsuarioToFamilia ( usuarioID, familiaID) VALUES ( 5 , 1 ); DELETE JoinPatenteToUsuario where usuarioID=5  ;  INSERT INTO JoinPatenteToUsuario ( usuarioID, patenteId) VALUES ( 5 , 1 ); 
Save/Update: select * from Usuario WHERE  Usuario.usuarioID=5  ; select * from JoinUsuarioToFamilia; select * from JoinPatenteToUsuario
Save/Update: DELETE JoinUsuarioToFamilia where usuarioID=6  ; DELETE JoinPatenteToUsuario where usuarioID=6  ; ;DELETE Usuario WHERE usuarioID=6  
Save/Update: UPDATE Usuario SET nombre='nombre5', apellido='apellido5', mail='mail5@test.com', password='pas5', telefonoFijo='5555-5555', telefonoMovil='5555-5555', bloqueado=0  WHERE usuarioID=5  ; DELETE JoinUsuarioToFamilia where usuarioID=5  ; DELETE JoinPatenteToUsuario where usuarioID=5  ;</StdOut>
      </Output>
    </UnitTestResult>
    <UnitTestResult executionId="25e8a144-df12-4ee0-83c1-670c902d73f4" testId="5f6ca830-a7f5-404d-2afc-b5fe8dc971de" testName="buscarMovimintosTest" computerName="DIEGO-PC" duration="00:00:00.0203636" startTime="2012-11-19T01:14:24.1017456-03:00" endTime="2012-11-19T01:14:24.1287471-03:00" testType="13cdc9d9-ddb5-4fa4-a97d-d965ccfc6d4b" outcome="Passed" testListId="8c84fa94-04c1-424b-9868-57a2d4851a1d" relativeResultsDirectory="25e8a144-df12-4ee0-83c1-670c902d73f4">
      <Output>
        <StdOut>Save/Update: select * from MovimientosCuenta JOIN cliente_movimientos AS cliente ON MovimientosCuenta.nro_movimiento=cliente.nro_movimiento WHERE  MovimientosCuenta.comentario LIKE '%m1%'AND  MovimientosCuenta.fecha&gt;= CAST('11/11/2011 00:00:00.000'  AS DateTime) AND  MovimientosCuenta.monto&gt;=5 AND  MovimientosCuenta.monto&lt;=15 AND  MovimientosCuenta.cuentaID=1  AND  MovimientosCuenta.tipoMovimientoID=1  AND cliente.id_cliente=1  AND cliente.id_cliente IS NOT  NULL ; select * from cliente_movimientos; select * from documento_movimiento
Save/Update: select * from Cliente WHERE  Cliente.id_cliente=1  ; select * from cliente_movimientos; select * from Pedido WHERE borrado = 0; select * from Factura WHERE borrado = 0; select * from Diseño WHERE borrado = 0
Save/Update: select * from Usuario WHERE  Usuario.usuarioID=1  ; select * from JoinUsuarioToFamilia; select * from JoinPatenteToUsuario
Save/Update: select * from Familia JOIN JoinUsuarioToFamilia AS usuarios ON Familia.familiaID=usuarios.familiaID WHERE usuarios.usuarioID=1  ; select * from JoinFamiliaToPatente
Save/Update: select * from Patente JOIN JoinPatenteToUsuario AS usuario ON Patente.patenteId=usuario.patenteId WHERE usuario.usuarioID=1  
Save/Update: select * from Cliente WHERE  Cliente.usuarioID=1  ; select * from cliente_movimientos; select * from Pedido WHERE borrado = 0; select * from Factura WHERE borrado = 0; select * from Diseño WHERE borrado = 0
Save/Update: select * from Diseño WHERE  Diseño.id_cliente=1  ; select * from historico_estados_diseño WHERE borrado = 0
Save/Update: select * from Factura WHERE  Factura.id_cliente=1  ; select * from documento_movimiento; select * from LineaFactura WHERE borrado = 0
Save/Update: select * from Pedido WHERE  Pedido.id_cliente=1  ; select * from produccion WHERE borrado = 0; select * from historico_estados_pedido WHERE borrado = 0
Save/Update: select * from MovimientosCuenta JOIN cliente_movimientos AS cliente ON MovimientosCuenta.nro_movimiento=cliente.nro_movimiento WHERE cliente.id_cliente=1  AND cliente.id_cliente IS NOT  NULL ; select * from cliente_movimientos; select * from documento_movimiento
Save/Update: select * from Factura WHERE  Factura.nro_Doc=1  ; select * from documento_movimiento; select * from LineaFactura WHERE borrado = 0
Save/Update: select * from tipoMovimiento WHERE  tipoMovimiento.tipoMovimientoID=1  
Save/Update: select * from Cuenta WHERE  Cuenta.cuentaID=1  
Save/Update: DELETE cliente_movimientos where nro_movimiento=4  ; DELETE documento_movimiento where nro_movimiento=4  ; ;DELETE MovimientosCuenta WHERE nro_movimiento=4</StdOut>
      </Output>
    </UnitTestResult>
    <UnitTestResult executionId="4f64d77f-3b6f-432e-8eb2-c62d01fbde14" testId="5fd39f80-1bc2-a1e7-8064-c0ed0e813279" testName="borrarTipoPedidosTest" computerName="DIEGO-PC" duration="00:00:00.0110880" startTime="2012-11-19T01:14:24.1307472-03:00" endTime="2012-11-19T01:14:24.1507484-03:00" testType="13cdc9d9-ddb5-4fa4-a97d-d965ccfc6d4b" outcome="Passed" testListId="8c84fa94-04c1-424b-9868-57a2d4851a1d" relativeResultsDirectory="4f64d77f-3b6f-432e-8eb2-c62d01fbde14">
      <Output>
        <StdOut>Save/Update: select * from tipoPedido
Save/Update: INSERT INTO tipoPedido (tipo_pedido, descripcion) VALUES (3 , 'tipo test'); 
Save/Update: select * from tipoPedido
Save/Update: DELETE tipoPedido WHERE tipo_pedido=3  
Save/Update: select * from tipoPedido</StdOut>
      </Output>
    </UnitTestResult>
    <UnitTestResult executionId="ac1e9afb-731a-4d3a-9262-9a31a42d0268" testId="5fe3519a-06e9-4436-0b1a-0afc24033be0" testName="calcularDistanciaEntreTrabajosTest2" computerName="DIEGO-PC" duration="00:00:00.0025280" startTime="2012-11-19T01:14:24.1527485-03:00" endTime="2012-11-19T01:14:24.1637491-03:00" testType="13cdc9d9-ddb5-4fa4-a97d-d965ccfc6d4b" outcome="Passed" testListId="8c84fa94-04c1-424b-9868-57a2d4851a1d" relativeResultsDirectory="ac1e9afb-731a-4d3a-9262-9a31a42d0268">
      <Output>
        <StdOut>Save/Update: DELETE produccion_operador WHERE id_operador=2  AND cod_prodcuccion=7  
Save/Update: DELETE historico_estados_produccion WHERE nro_estado=1  AND cod_produccion=7  
Save/Update: DELETE historico_estados_produccion WHERE nro_estado=2  AND cod_produccion=7  
Save/Update: DELETE produccion WHERE cod_produccion=7</StdOut>
      </Output>
    </UnitTestResult>
    <UnitTestResult executionId="5015c009-b8ab-430e-ad0b-580d4f9cd751" testId="5ffe0bd0-6148-b429-44ab-e9d370687b86" testName="cargarLineasPorOrdenDeCompraTest" computerName="DIEGO-PC" duration="00:00:00.0039215" startTime="2012-11-19T01:14:24.1667493-03:00" endTime="2012-11-19T01:14:24.1767499-03:00" testType="13cdc9d9-ddb5-4fa4-a97d-d965ccfc6d4b" outcome="Passed" testListId="8c84fa94-04c1-424b-9868-57a2d4851a1d" relativeResultsDirectory="5015c009-b8ab-430e-ad0b-580d4f9cd751">
      <Output>
        <StdOut>Save/Update: select * from LineaOrdenDeCompra WHERE  LineaOrdenDeCompra.nro_orden_compra=1  AND  LineaOrdenDeCompra.tipo_orden_compra='A' AND  LineaOrdenDeCompra.nro_sucursal=1  
Save/Update: select * from insumo WHERE  insumo.cod_insumo=1  
Save/Update: select * from insumo WHERE  insumo.cod_insumo=2</StdOut>
      </Output>
    </UnitTestResult>
    <UnitTestResult executionId="0cb08bc7-6e1f-42d6-83a6-824d80962e3b" testId="601e990e-751d-e263-ef32-4be40187ef20" testName="listarUsuariosTest" computerName="DIEGO-PC" duration="00:00:00.0600840" startTime="2012-11-19T01:14:24.1797500-03:00" endTime="2012-11-19T01:14:24.2467539-03:00" testType="13cdc9d9-ddb5-4fa4-a97d-d965ccfc6d4b" outcome="Passed" testListId="8c84fa94-04c1-424b-9868-57a2d4851a1d" relativeResultsDirectory="0cb08bc7-6e1f-42d6-83a6-824d80962e3b">
      <Output>
        <StdOut>Save/Update: select * from Usuario; select * from JoinUsuarioToFamilia; select * from JoinPatenteToUsuario
Save/Update: select * from Familia JOIN JoinUsuarioToFamilia AS usuarios ON Familia.familiaID=usuarios.familiaID WHERE usuarios.usuarioID=1  ; select * from JoinFamiliaToPatente
Save/Update: select * from Patente JOIN JoinPatenteToUsuario AS usuario ON Patente.patenteId=usuario.patenteId WHERE usuario.usuarioID=1  
Save/Update: select * from Cliente WHERE  Cliente.usuarioID=1  ; select * from cliente_movimientos; select * from Pedido WHERE borrado = 0; select * from Factura WHERE borrado = 0; select * from Diseño WHERE borrado = 0
Save/Update: select * from Familia JOIN JoinUsuarioToFamilia AS usuarios ON Familia.familiaID=usuarios.familiaID WHERE usuarios.usuarioID=2  ; select * from JoinFamiliaToPatente
Save/Update: select * from Patente JOIN JoinFamiliaToPatente AS familia ON Patente.patenteId=familia.patenteId WHERE familia.familiaID=2  
Save/Update: select * from Patente JOIN JoinPatenteToUsuario AS usuario ON Patente.patenteId=usuario.patenteId WHERE usuario.usuarioID=2  
Save/Update: select * from Cliente WHERE  Cliente.usuarioID=2  ; select * from cliente_movimientos; select * from Pedido WHERE borrado = 0; select * from Factura WHERE borrado = 0; select * from Diseño WHERE borrado = 0
Save/Update: select * from Familia JOIN JoinUsuarioToFamilia AS usuarios ON Familia.familiaID=usuarios.familiaID WHERE usuarios.usuarioID=3  ; select * from JoinFamiliaToPatente
Save/Update: select * from Patente JOIN JoinFamiliaToPatente AS familia ON Patente.patenteId=familia.patenteId WHERE familia.familiaID=6  
Save/Update: select * from Patente JOIN JoinPatenteToUsuario AS usuario ON Patente.patenteId=usuario.patenteId WHERE usuario.usuarioID=3  
Save/Update: select * from Cliente WHERE  Cliente.usuarioID=3  ; select * from cliente_movimientos; select * from Pedido WHERE borrado = 0; select * from Factura WHERE borrado = 0; select * from Diseño WHERE borrado = 0
Save/Update: select * from Familia JOIN JoinUsuarioToFamilia AS usuarios ON Familia.familiaID=usuarios.familiaID WHERE usuarios.usuarioID=4  ; select * from JoinFamiliaToPatente
Save/Update: select * from Patente JOIN JoinPatenteToUsuario AS usuario ON Patente.patenteId=usuario.patenteId WHERE usuario.usuarioID=4  
Save/Update: select * from Cliente WHERE  Cliente.usuarioID=4  ; select * from cliente_movimientos; select * from Pedido WHERE borrado = 0; select * from Factura WHERE borrado = 0; select * from Diseño WHERE borrado = 0
Save/Update: select * from Familia JOIN JoinUsuarioToFamilia AS usuarios ON Familia.familiaID=usuarios.familiaID WHERE usuarios.usuarioID=5  ; select * from JoinFamiliaToPatente
Save/Update: select * from Patente JOIN JoinPatenteToUsuario AS usuario ON Patente.patenteId=usuario.patenteId WHERE usuario.usuarioID=5  
Save/Update: select * from Cliente WHERE  Cliente.usuarioID=5  ; select * from cliente_movimientos; select * from Pedido WHERE borrado = 0; select * from Factura WHERE borrado = 0; select * from Diseño WHERE borrado = 0
Save/Update: UPDATE Usuario SET nombre='nombre1', apellido='apellido1', mail='mail1@test.com', password='11C8', telefonoFijo='1111-1111', telefonoMovil='1111-1111', bloqueado=0  WHERE usuarioID=1  ; DELETE JoinUsuarioToFamilia where usuarioID=1  ; DELETE JoinPatenteToUsuario where usuarioID=1  ; 
Save/Update: UPDATE Cliente SET habitadoTurnos=1 , newsletter=0  WHERE id_cliente=1  ; UPDATE Pedido SET borrado=1 WHERE id_cliente=1  ; UPDATE Factura SET borrado=1 WHERE id_cliente=1  ; UPDATE Diseño SET borrado=1 WHERE id_cliente=1  ; 
Save/Update:  UPDATE factura set borrado = 0 
Save/Update:  UPDATE diseño set borrado = 0 
Save/Update:  UPDATE pedido set borrado = 0 
Save/Update:  Insert into JoinPatenteToUsuario values (1,1)</StdOut>
      </Output>
    </UnitTestResult>
    <UnitTestResult executionId="431feb58-870c-4345-879d-3e725fa9f907" testId="6195d611-24d3-4e42-5b11-b2da792448d4" testName="grabarMovimientoTest" computerName="DIEGO-PC" duration="00:00:00.0200488" startTime="2012-11-19T01:14:24.2507541-03:00" endTime="2012-11-19T01:14:24.2787557-03:00" testType="13cdc9d9-ddb5-4fa4-a97d-d965ccfc6d4b" outcome="Passed" testListId="8c84fa94-04c1-424b-9868-57a2d4851a1d" relativeResultsDirectory="431feb58-870c-4345-879d-3e725fa9f907">
      <Output>
        <StdOut>Save/Update: SELECT  ISNULL(MAX(nro_movimiento + 1),1) from MovimientosCuenta
Save/Update: INSERT INTO MovimientosCuenta (nro_movimiento, comentario, fecha, monto, cuentaID, tipoMovimientoID) VALUES (4 , 'com4',  CAST('19/11/2012 01:14:24.256'  AS DateTime), 33.3, 1 , 2 ); DELETE cliente_movimientos where nro_movimiento=4  ;  INSERT INTO cliente_movimientos ( nro_movimiento, id_cliente) VALUES ( 4 , 2 ); DELETE documento_movimiento where nro_movimiento=4  ; 
Save/Update: select * from MovimientosCuenta JOIN cliente_movimientos AS cliente ON MovimientosCuenta.nro_movimiento=cliente.nro_movimiento WHERE  MovimientosCuenta.nro_movimiento=4  AND cliente.id_cliente IS NOT  NULL ; select * from cliente_movimientos; select * from documento_movimiento
Save/Update: select * from Cliente WHERE  Cliente.id_cliente=2  ; select * from cliente_movimientos; select * from Pedido WHERE borrado = 0; select * from Factura WHERE borrado = 0; select * from Diseño WHERE borrado = 0
Save/Update: select * from Usuario WHERE  Usuario.usuarioID=2  ; select * from JoinUsuarioToFamilia; select * from JoinPatenteToUsuario
Save/Update: select * from Familia JOIN JoinUsuarioToFamilia AS usuarios ON Familia.familiaID=usuarios.familiaID WHERE usuarios.usuarioID=2  ; select * from JoinFamiliaToPatente
Save/Update: select * from Patente JOIN JoinFamiliaToPatente AS familia ON Patente.patenteId=familia.patenteId WHERE familia.familiaID=2  
Save/Update: select * from Patente JOIN JoinPatenteToUsuario AS usuario ON Patente.patenteId=usuario.patenteId WHERE usuario.usuarioID=2  
Save/Update: select * from Cliente WHERE  Cliente.usuarioID=2  ; select * from cliente_movimientos; select * from Pedido WHERE borrado = 0; select * from Factura WHERE borrado = 0; select * from Diseño WHERE borrado = 0
Save/Update: select * from Diseño WHERE  Diseño.id_cliente=2  ; select * from historico_estados_diseño WHERE borrado = 0
Save/Update: select * from Factura WHERE  Factura.id_cliente=2  ; select * from documento_movimiento; select * from LineaFactura WHERE borrado = 0
Save/Update: select * from Pedido WHERE  Pedido.id_cliente=2  ; select * from produccion WHERE borrado = 0; select * from historico_estados_pedido WHERE borrado = 0
Save/Update: select * from MovimientosCuenta JOIN cliente_movimientos AS cliente ON MovimientosCuenta.nro_movimiento=cliente.nro_movimiento WHERE cliente.id_cliente=2  AND cliente.id_cliente IS NOT  NULL ; select * from cliente_movimientos; select * from documento_movimiento
Save/Update: select * from tipoMovimiento WHERE  tipoMovimiento.tipoMovimientoID=2  
Save/Update: select * from Cuenta WHERE  Cuenta.cuentaID=1  
Save/Update: DELETE cliente_movimientos where nro_movimiento=4  ; DELETE documento_movimiento where nro_movimiento=4  ; ;DELETE MovimientosCuenta WHERE nro_movimiento=4</StdOut>
      </Output>
    </UnitTestResult>
    <UnitTestResult executionId="7456e36c-3949-4aea-a834-6020f4163fdc" testId="61c2c67d-a8aa-50cc-81fa-b25eafff855b" testName="listarProduccionPorCodigoTest" computerName="DIEGO-PC" duration="00:00:00.0115132" startTime="2012-11-19T01:14:24.2817559-03:00" endTime="2012-11-19T01:14:24.3007570-03:00" testType="13cdc9d9-ddb5-4fa4-a97d-d965ccfc6d4b" outcome="Passed" testListId="8c84fa94-04c1-424b-9868-57a2d4851a1d" relativeResultsDirectory="7456e36c-3949-4aea-a834-6020f4163fdc">
      <Output>
        <StdOut>Save/Update: select * from produccion WHERE  produccion.cod_produccion=1  ; select * from historico_estados_produccion WHERE borrado = 0
Save/Update: select * from Pedido WHERE  Pedido.cod_pedido=1  ; select * from produccion WHERE borrado = 0; select * from historico_estados_pedido WHERE borrado = 0
Save/Update: select * from Maquina WHERE  Maquina.cod_maquina=1  ; select * from JoinMaquinaToTipoPrenda
Save/Update: select * from Articulos WHERE  Articulos.cod_articulo=1  ; select * from lista_precios WHERE borrado = 0
Save/Update: select * from EstadoTrabajos WHERE  EstadoTrabajos.cod_estado=3  
Save/Update: select * from historico_estados_produccion WHERE  historico_estados_produccion.cod_produccion=1  
Save/Update: select * from produccion_operador WHERE  produccion_operador.cod_prodcuccion=1  
Save/Update: DELETE produccion_operador WHERE id_operador=2  AND cod_prodcuccion=7  
Save/Update: DELETE historico_estados_produccion WHERE nro_estado=1  AND cod_produccion=7  
Save/Update: DELETE historico_estados_produccion WHERE nro_estado=2  AND cod_produccion=7  
Save/Update: DELETE produccion WHERE cod_produccion=7</StdOut>
      </Output>
    </UnitTestResult>
    <UnitTestResult executionId="fc3c43be-edfd-492c-a7b9-e4a160bfbdbe" testId="62392e62-abcf-2bb0-a872-aa102226687e" testName="borrarClienteTest" computerName="DIEGO-PC" duration="00:00:00.0189705" startTime="2012-11-19T01:14:24.3037571-03:00" endTime="2012-11-19T01:14:24.3287586-03:00" testType="13cdc9d9-ddb5-4fa4-a97d-d965ccfc6d4b" outcome="Passed" testListId="8c84fa94-04c1-424b-9868-57a2d4851a1d" relativeResultsDirectory="fc3c43be-edfd-492c-a7b9-e4a160bfbdbe">
      <Output>
        <StdOut>Save/Update: SELECT  ISNULL(MAX(usuarioID + 1),1) from Usuario
Save/Update: INSERT INTO Usuario (usuarioID, nombre, apellido, mail, password, telefonoFijo, telefonoMovil, bloqueado) VALUES (6 , 'nombre6', 'apellido6', 'mail6@test.com', 'pas633', '6666-6666', '6666-6666', 0 ); DELETE JoinUsuarioToFamilia where usuarioID=6  ;  INSERT INTO JoinUsuarioToFamilia ( usuarioID, familiaID) VALUES ( 6 , 5 ); DELETE JoinPatenteToUsuario where usuarioID=6  ;  INSERT INTO JoinPatenteToUsuario ( usuarioID, patenteId) VALUES ( 6 , 3 ); 
Save/Update: SELECT  ISNULL(MAX(id_cliente + 1),1) from Cliente
Save/Update: INSERT INTO Cliente (id_cliente, habitadoTurnos, usuarioID, newsletter) VALUES (3 , 0 , 6 , 1 ); UPDATE Pedido SET borrado=1 WHERE id_cliente=3  ; UPDATE Factura SET borrado=1 WHERE id_cliente=3  ; UPDATE Diseño SET borrado=1 WHERE id_cliente=3  ; 
Save/Update: select * from Cliente WHERE  Cliente.id_cliente=3  ; select * from cliente_movimientos; select * from Pedido WHERE borrado = 0; select * from Factura WHERE borrado = 0; select * from Diseño WHERE borrado = 0
Save/Update: select * from Usuario WHERE  Usuario.usuarioID=6  ; select * from JoinUsuarioToFamilia; select * from JoinPatenteToUsuario
Save/Update: select * from Familia JOIN JoinUsuarioToFamilia AS usuarios ON Familia.familiaID=usuarios.familiaID WHERE usuarios.usuarioID=6  ; select * from JoinFamiliaToPatente
Save/Update: select * from Patente JOIN JoinFamiliaToPatente AS familia ON Patente.patenteId=familia.patenteId WHERE familia.familiaID=5  
Save/Update: select * from Patente JOIN JoinPatenteToUsuario AS usuario ON Patente.patenteId=usuario.patenteId WHERE usuario.usuarioID=6  
Save/Update: select * from Cliente WHERE  Cliente.usuarioID=6  ; select * from cliente_movimientos; select * from Pedido WHERE borrado = 0; select * from Factura WHERE borrado = 0; select * from Diseño WHERE borrado = 0
Save/Update: select * from Diseño WHERE  Diseño.id_cliente=6  ; select * from historico_estados_diseño WHERE borrado = 0
Save/Update: select * from Factura WHERE  Factura.id_cliente=6  ; select * from documento_movimiento; select * from LineaFactura WHERE borrado = 0
Save/Update: select * from Pedido WHERE  Pedido.id_cliente=6  ; select * from produccion WHERE borrado = 0; select * from historico_estados_pedido WHERE borrado = 0
Save/Update: select * from MovimientosCuenta JOIN cliente_movimientos AS cliente ON MovimientosCuenta.nro_movimiento=cliente.nro_movimiento WHERE cliente.id_cliente=6  AND cliente.id_cliente IS NOT  NULL ; select * from cliente_movimientos; select * from documento_movimiento
Save/Update: DELETE cliente_movimientos where id_cliente=3  ; ;DELETE Cliente WHERE id_cliente=3  
Save/Update: DELETE JoinUsuarioToFamilia where usuarioID=6  ; DELETE JoinPatenteToUsuario where usuarioID=6  ; ;DELETE Usuario WHERE usuarioID=6  
Save/Update: select * from Cliente WHERE  Cliente.id_cliente=3  ; select * from cliente_movimientos; select * from Pedido WHERE borrado = 0; select * from Factura WHERE borrado = 0; select * from Diseño WHERE borrado = 0</StdOut>
      </Output>
    </UnitTestResult>
    <UnitTestResult executionId="67675445-d7b2-4921-b901-368a6a418487" testId="62f6b994-f314-dfaa-2382-4b70b0820150" testName="listarArticulosTest" computerName="DIEGO-PC" duration="00:00:00.0131337" startTime="2012-11-19T01:14:24.3337589-03:00" endTime="2012-11-19T01:14:24.3547601-03:00" testType="13cdc9d9-ddb5-4fa4-a97d-d965ccfc6d4b" outcome="Passed" testListId="8c84fa94-04c1-424b-9868-57a2d4851a1d" relativeResultsDirectory="67675445-d7b2-4921-b901-368a6a418487">
      <Output>
        <StdOut>Save/Update: select * from Articulos WHERE  Articulos.borrado=0  ; select * from lista_precios WHERE borrado = 0
Save/Update: select * from lista_precios WHERE  lista_precios.cod_articulo=1  
Save/Update: select * from TipoPrenda WHERE  TipoPrenda.tipo_prenda=1  
Save/Update: select * from Diseño WHERE  Diseño.cod_diseño=1  ; select * from historico_estados_diseño WHERE borrado = 0
Save/Update: select * from lista_precios WHERE  lista_precios.cod_articulo=2  
Save/Update: select * from TipoPrenda WHERE  TipoPrenda.tipo_prenda=2  
Save/Update: select * from Diseño WHERE  Diseño.cod_diseño=2  ; select * from historico_estados_diseño WHERE borrado = 0
Save/Update: select * from lista_precios WHERE  lista_precios.cod_articulo=3  
Save/Update: select * from TipoPrenda WHERE  TipoPrenda.tipo_prenda=2  
Save/Update: select * from Diseño WHERE  Diseño.cod_diseño=1  ; select * from historico_estados_diseño WHERE borrado = 0
Save/Update: DELETE lista_precios WHERE nro_lista=1  AND cod_articulo=4  
Save/Update: DELETE lista_precios WHERE nro_lista=2  AND cod_articulo=4  
Save/Update: DELETE Articulos WHERE cod_articulo=4</StdOut>
      </Output>
    </UnitTestResult>
    <UnitTestResult executionId="a2515617-571a-4dfb-8132-9099ad8759e0" testId="645f3b20-4ed4-9fc8-0db6-f5c22e3f0ef4" testName="listarProduccionPorPedidoTest" computerName="DIEGO-PC" duration="00:00:00.0242747" startTime="2012-11-19T01:14:24.3607604-03:00" endTime="2012-11-19T01:14:24.3917622-03:00" testType="13cdc9d9-ddb5-4fa4-a97d-d965ccfc6d4b" outcome="Passed" testListId="8c84fa94-04c1-424b-9868-57a2d4851a1d" relativeResultsDirectory="a2515617-571a-4dfb-8132-9099ad8759e0">
      <Output>
        <StdOut>Save/Update: select * from produccion WHERE  produccion.cod_pedido=1  ; select * from historico_estados_produccion WHERE borrado = 0
Save/Update: select * from Pedido WHERE  Pedido.cod_pedido=1  ; select * from produccion WHERE borrado = 0; select * from historico_estados_pedido WHERE borrado = 0
Save/Update: select * from Maquina WHERE  Maquina.cod_maquina=1  ; select * from JoinMaquinaToTipoPrenda
Save/Update: select * from Articulos WHERE  Articulos.cod_articulo=1  ; select * from lista_precios WHERE borrado = 0
Save/Update: select * from EstadoTrabajos WHERE  EstadoTrabajos.cod_estado=3  
Save/Update: select * from historico_estados_produccion WHERE  historico_estados_produccion.cod_produccion=1  
Save/Update: select * from produccion_operador WHERE  produccion_operador.cod_prodcuccion=1  
Save/Update: select * from Pedido WHERE  Pedido.cod_pedido=1  ; select * from produccion WHERE borrado = 0; select * from historico_estados_pedido WHERE borrado = 0
Save/Update: select * from Maquina WHERE  Maquina.cod_maquina=1  ; select * from JoinMaquinaToTipoPrenda
Save/Update: select * from Articulos WHERE  Articulos.cod_articulo=2  ; select * from lista_precios WHERE borrado = 0
Save/Update: select * from EstadoTrabajos WHERE  EstadoTrabajos.cod_estado=2  
Save/Update: select * from historico_estados_produccion WHERE  historico_estados_produccion.cod_produccion=2  
Save/Update: select * from produccion_operador WHERE  produccion_operador.cod_prodcuccion=2  
Save/Update: select * from Pedido WHERE  Pedido.cod_pedido=1  ; select * from produccion WHERE borrado = 0; select * from historico_estados_pedido WHERE borrado = 0
Save/Update: select * from Maquina WHERE  Maquina.cod_maquina=2  ; select * from JoinMaquinaToTipoPrenda
Save/Update: select * from Articulos WHERE  Articulos.cod_articulo=3  ; select * from lista_precios WHERE borrado = 0
Save/Update: select * from EstadoTrabajos WHERE  EstadoTrabajos.cod_estado=0  
Save/Update: select * from historico_estados_produccion WHERE  historico_estados_produccion.cod_produccion=3  
Save/Update: select * from produccion_operador WHERE  produccion_operador.cod_prodcuccion=3  
Save/Update: DELETE produccion_operador WHERE id_operador=2  AND cod_prodcuccion=7  
Save/Update: DELETE historico_estados_produccion WHERE nro_estado=1  AND cod_produccion=7  
Save/Update: DELETE historico_estados_produccion WHERE nro_estado=2  AND cod_produccion=7  
Save/Update: DELETE produccion WHERE cod_produccion=7</StdOut>
      </Output>
    </UnitTestResult>
    <UnitTestResult executionId="04ffe36b-a489-4587-a207-570415d39dbc" testId="64c5f523-bd77-dde6-863d-1ca40834d636" testName="borrarNewsletterTest" computerName="DIEGO-PC" duration="00:00:00.0058431" startTime="2012-11-19T01:14:24.3967625-03:00" endTime="2012-11-19T01:14:24.4137634-03:00" testType="13cdc9d9-ddb5-4fa4-a97d-d965ccfc6d4b" outcome="Passed" testListId="8c84fa94-04c1-424b-9868-57a2d4851a1d" relativeResultsDirectory="04ffe36b-a489-4587-a207-570415d39dbc">
      <Output>
        <StdOut>Save/Update: SELECT  ISNULL(MAX(id + 1),1) from newsletter
Save/Update: INSERT INTO newsletter (id, newsletter, nombre, enviado) VALUES (3 , 'html', 'news3', 0 ); 
Save/Update: select * from newsletter WHERE  newsletter.id=3  
Save/Update: DELETE newsletter WHERE id=3  
Save/Update: select * from newsletter WHERE  newsletter.id=3</StdOut>
      </Output>
    </UnitTestResult>
    <UnitTestResult executionId="e3be125d-d0a6-415b-9cc5-affd8b602f33" testId="653a7294-5203-6cdc-ff9d-6ea30ca26aa9" testName="grabarInsumoTest" computerName="DIEGO-PC" duration="00:00:00.0094381" startTime="2012-11-19T01:14:24.4197638-03:00" endTime="2012-11-19T01:14:24.4377648-03:00" testType="13cdc9d9-ddb5-4fa4-a97d-d965ccfc6d4b" outcome="Passed" testListId="8c84fa94-04c1-424b-9868-57a2d4851a1d" relativeResultsDirectory="e3be125d-d0a6-415b-9cc5-affd8b602f33">
      <Output>
        <StdOut>Save/Update: SELECT  ISNULL(MAX(cod_insumo + 1),1) from insumo
Save/Update: INSERT INTO insumo (cod_insumo, nombre, id_tipo_insumo, color, detalle, costo, cantidadActual) VALUES (5 , 'test creacion', 1 , 1 , 'insumo repo test', 5, 100 ); 
Save/Update: SELECT  ISNULL(MAX(nro_movimiento + 1),1) from MovimientosStock WHERE cod_insumo=5
Save/Update: INSERT INTO MovimientosStock (nro_movimiento, cod_insumo, tipo, fecha, cantidad) VALUES (1 , 5 , 1 ,  CAST('19/11/2012 01:14:24.425'  AS DateTime), 100); 
Save/Update: select * from insumo WHERE  insumo.cod_insumo=5  
Save/Update: select * from tipoInsumo WHERE  tipoInsumo.tipo_insumo=1  
Save/Update: select * from color WHERE  color.codigo_color=1  
Save/Update: select * from MovimientosStock WHERE  MovimientosStock.cod_insumo=5  
Save/Update: DELETE MovimientosStock WHERE nro_movimiento=1  AND cod_insumo=5  
Save/Update: DELETE MovimientosStock WHERE nro_movimiento=2  AND cod_insumo=5  
Save/Update: DELETE insumo WHERE cod_insumo=5</StdOut>
      </Output>
    </UnitTestResult>
    <UnitTestResult executionId="3af7ffbb-9435-45b7-a063-eb8d1073f37f" testId="65cf3506-53bd-487b-cba6-ed8ab00a65a4" testName="cargarLineasFacturaConRestriccionTest" computerName="DIEGO-PC" duration="00:00:00.0094599" startTime="2012-11-19T01:14:24.4427651-03:00" endTime="2012-11-19T01:14:24.4597661-03:00" testType="13cdc9d9-ddb5-4fa4-a97d-d965ccfc6d4b" outcome="Passed" testListId="8c84fa94-04c1-424b-9868-57a2d4851a1d" relativeResultsDirectory="3af7ffbb-9435-45b7-a063-eb8d1073f37f">
      <Output>
        <StdOut>Save/Update: select * from LineaFactura WHERE  LineaFactura.cod_producto=1  AND  LineaFactura.borrado=0  AND  LineaFactura.cantidad=10  AND  LineaFactura.nro_factura=1  AND  LineaFactura.nro_linea=1  AND  LineaFactura.nro_sucursal=1  AND  LineaFactura.precio=10 AND  LineaFactura.tipo_factura='A'</StdOut>
      </Output>
    </UnitTestResult>
    <UnitTestResult executionId="404da7cd-46b0-4111-9664-b182c421beb6" testId="65f33339-f5f5-af8d-e74e-57a59876466d" testName="cargarListaPrecioTest" computerName="DIEGO-PC" duration="00:00:00.0043477" startTime="2012-11-19T01:14:24.4667665-03:00" endTime="2012-11-19T01:14:24.4777671-03:00" testType="13cdc9d9-ddb5-4fa4-a97d-d965ccfc6d4b" outcome="Passed" testListId="8c84fa94-04c1-424b-9868-57a2d4851a1d" relativeResultsDirectory="404da7cd-46b0-4111-9664-b182c421beb6">
      <Output>
        <StdOut>Save/Update: select * from lista_precios
Save/Update: DELETE lista_precios WHERE nro_lista=3  AND cod_articulo=1</StdOut>
      </Output>
    </UnitTestResult>
    <UnitTestResult executionId="754c2cf3-541a-4547-a1fe-89229eda9397" testId="66671db1-8d6b-13a4-a97e-68474a20ccf4" testName="actualizarPedidoTest" computerName="DIEGO-PC" duration="00:00:00.0300390" startTime="2012-11-19T01:14:24.4837674-03:00" endTime="2012-11-19T01:14:24.5197695-03:00" testType="13cdc9d9-ddb5-4fa4-a97d-d965ccfc6d4b" outcome="Passed" testListId="8c84fa94-04c1-424b-9868-57a2d4851a1d" relativeResultsDirectory="754c2cf3-541a-4547-a1fe-89229eda9397">
      <Output>
        <StdOut>Save/Update: SELECT  ISNULL(MAX(cod_pedido + 1),1) from Pedido
Save/Update: INSERT INTO Pedido (cod_pedido, comentario, id_cliente, tipo_pedido, estadoActual, fechaInicio, fechaFinal, borrado) VALUES (5 , 'comentario test', 2 , 2 , 2 ,  CAST('19/11/2012 01:14:24.492'  AS DateTime),  CAST('19/11/2012 01:14:24.492'  AS DateTime), 0 ); UPDATE produccion SET borrado=1 WHERE cod_pedido=5  ; UPDATE historico_estados_pedido SET borrado=1 WHERE cod_pedido=5  ; 
Save/Update: SELECT  ISNULL(MAX(nro_estado + 1),1) from historico_estados_pedido WHERE cod_pedido=5
Save/Update: INSERT INTO historico_estados_pedido (nro_estado, comentario, cod_pedido, fechaDesde, fechaHasta, estado, borrado) VALUES (1 , 'com', 5 ,  CAST('19/11/2012 01:14:24.492'  AS DateTime),  NULL , 1 , 0 ); 
Save/Update: SELECT  ISNULL(MAX(cod_produccion + 1),1) from produccion
Save/Update: INSERT INTO produccion (cod_produccion, comentario, cod_pedido, cod_maquina, cod_articulo, cantidad, estadoActual, utilizacion, fechaInicio, fechaFinal, borrado) VALUES (7 , 'com1', 5 , 2 , 1 , 10 , 1 , 1,  CAST('19/11/2012 01:14:24.492'  AS DateTime),  NULL , 0 ); UPDATE historico_estados_produccion SET borrado=1 WHERE cod_produccion=7  ; 
Save/Update: select * from Pedido WHERE  Pedido.cod_pedido=5  ; select * from produccion WHERE borrado = 0; select * from historico_estados_pedido WHERE borrado = 0
Save/Update: select * from historico_estados_pedido WHERE  historico_estados_pedido.cod_pedido=5  
Save/Update: select * from tipoPedido WHERE  tipoPedido.tipo_pedido=2  
Save/Update: select * from produccion WHERE  produccion.cod_pedido=5  ; select * from historico_estados_produccion WHERE borrado = 0
Save/Update: select * from Cliente WHERE  Cliente.id_cliente=2  ; select * from cliente_movimientos; select * from Pedido WHERE borrado = 0; select * from Factura WHERE borrado = 0; select * from Diseño WHERE borrado = 0
Save/Update: select * from EstadoPedido WHERE  EstadoPedido.estado_pedido=2  
Save/Update: UPDATE Pedido SET comentario='comentario Modificado', id_cliente=2 , tipo_pedido=2 , estadoActual=3 , fechaInicio= CAST('19/11/2012 01:14:24.493'  AS DateTime), fechaFinal= CAST('10/10/2012 00:00:00.000'  AS DateTime), borrado=0  WHERE cod_pedido=5  ; UPDATE produccion SET borrado=1 WHERE cod_pedido=5  ; UPDATE historico_estados_pedido SET borrado=1 WHERE cod_pedido=5  ; 
Save/Update: UPDATE historico_estados_pedido SET comentario='com', fechaDesde= CAST('19/11/2012 01:14:24.493'  AS DateTime), fechaHasta= CAST('10/10/2012 00:00:00.000'  AS DateTime), estado=1 , borrado=0  WHERE nro_estado=1  AND cod_pedido=5  ; 
Save/Update: SELECT  ISNULL(MAX(nro_estado + 1),1) from historico_estados_pedido WHERE cod_pedido=5
Save/Update: INSERT INTO historico_estados_pedido (nro_estado, comentario, cod_pedido, fechaDesde, fechaHasta, estado, borrado) VALUES (2 , 'com', 5 ,  CAST('19/11/2012 01:14:24.501'  AS DateTime),  NULL , 2 , 0 ); 
Save/Update: UPDATE produccion SET comentario='com1', cod_pedido=5 , cod_maquina=2 , cod_articulo=1 , cantidad=10 , estadoActual=1 , utilizacion=1, fechaInicio= CAST('19/11/2012 01:14:24.493'  AS DateTime), fechaFinal= CAST('10/10/2012 00:00:00.000'  AS DateTime), borrado=0  WHERE cod_produccion=7  ; UPDATE historico_estados_produccion SET borrado=1 WHERE cod_produccion=7  ; 
Save/Update: select * from Pedido WHERE  Pedido.cod_pedido=5  ; select * from produccion WHERE borrado = 0; select * from historico_estados_pedido WHERE borrado = 0
Save/Update: select * from historico_estados_pedido WHERE  historico_estados_pedido.cod_pedido=5  
Save/Update: select * from tipoPedido WHERE  tipoPedido.tipo_pedido=2  
Save/Update: select * from produccion WHERE  produccion.cod_pedido=5  ; select * from historico_estados_produccion WHERE borrado = 0
Save/Update: select * from Cliente WHERE  Cliente.id_cliente=2  ; select * from cliente_movimientos; select * from Pedido WHERE borrado = 0; select * from Factura WHERE borrado = 0; select * from Diseño WHERE borrado = 0
Save/Update: select * from EstadoPedido WHERE  EstadoPedido.estado_pedido=3  
Save/Update: DELETE historico_estados_pedido WHERE nro_estado=1  AND cod_pedido=5  
Save/Update: DELETE historico_estados_pedido WHERE nro_estado=2  AND cod_pedido=5  
Save/Update: DELETE produccion WHERE cod_produccion=7  
Save/Update: DELETE Pedido WHERE cod_pedido=5</StdOut>
      </Output>
    </UnitTestResult>
    <UnitTestResult executionId="ff9d832c-0851-4032-ab55-5195c817c594" testId="66a338ec-66f0-37fa-1bf3-601efb395594" testName="listarPedidosPorClienteTest" computerName="DIEGO-PC" duration="00:00:00.0212082" startTime="2012-11-19T01:14:24.5247698-03:00" endTime="2012-11-19T01:14:24.5527714-03:00" testType="13cdc9d9-ddb5-4fa4-a97d-d965ccfc6d4b" outcome="Passed" testListId="8c84fa94-04c1-424b-9868-57a2d4851a1d" relativeResultsDirectory="ff9d832c-0851-4032-ab55-5195c817c594">
      <Output>
        <StdOut>Save/Update: select * from Pedido WHERE  Pedido.id_cliente=1  ; select * from produccion WHERE borrado = 0; select * from historico_estados_pedido WHERE borrado = 0
Save/Update: select * from historico_estados_pedido WHERE  historico_estados_pedido.cod_pedido=1  
Save/Update: select * from tipoPedido WHERE  tipoPedido.tipo_pedido=1  
Save/Update: select * from produccion WHERE  produccion.cod_pedido=1  ; select * from historico_estados_produccion WHERE borrado = 0
Save/Update: select * from Cliente WHERE  Cliente.id_cliente=1  ; select * from cliente_movimientos; select * from Pedido WHERE borrado = 0; select * from Factura WHERE borrado = 0; select * from Diseño WHERE borrado = 0
Save/Update: select * from EstadoPedido WHERE  EstadoPedido.estado_pedido=3  
Save/Update: select * from historico_estados_pedido WHERE  historico_estados_pedido.cod_pedido=3  
Save/Update: select * from tipoPedido WHERE  tipoPedido.tipo_pedido=2  
Save/Update: select * from produccion WHERE  produccion.cod_pedido=3  ; select * from historico_estados_produccion WHERE borrado = 0
Save/Update: select * from Cliente WHERE  Cliente.id_cliente=1  ; select * from cliente_movimientos; select * from Pedido WHERE borrado = 0; select * from Factura WHERE borrado = 0; select * from Diseño WHERE borrado = 0
Save/Update: select * from EstadoPedido WHERE  EstadoPedido.estado_pedido=0  
Save/Update: select * from historico_estados_pedido WHERE  historico_estados_pedido.cod_pedido=4  
Save/Update: select * from tipoPedido WHERE  tipoPedido.tipo_pedido=1  
Save/Update: select * from produccion WHERE  produccion.cod_pedido=4  ; select * from historico_estados_produccion WHERE borrado = 0
Save/Update: select * from Cliente WHERE  Cliente.id_cliente=1  ; select * from cliente_movimientos; select * from Pedido WHERE borrado = 0; select * from Factura WHERE borrado = 0; select * from Diseño WHERE borrado = 0
Save/Update: select * from EstadoPedido WHERE  EstadoPedido.estado_pedido=0  
Save/Update: DELETE historico_estados_pedido WHERE nro_estado=1  AND cod_pedido=5  
Save/Update: DELETE historico_estados_pedido WHERE nro_estado=2  AND cod_pedido=5  
Save/Update: DELETE produccion WHERE cod_produccion=7  
Save/Update: DELETE Pedido WHERE cod_pedido=5</StdOut>
      </Output>
    </UnitTestResult>
    <UnitTestResult executionId="05c24728-3c7a-482f-8ee1-ea19cdac5330" testId="66accf62-c8b1-294a-c12d-5fcb04e3bddf" testName="cargarFacturasTest" computerName="DIEGO-PC" duration="00:00:00.0056266" startTime="2012-11-19T01:14:24.5577717-03:00" endTime="2012-11-19T01:14:24.5707724-03:00" testType="13cdc9d9-ddb5-4fa4-a97d-d965ccfc6d4b" outcome="Passed" testListId="8c84fa94-04c1-424b-9868-57a2d4851a1d" relativeResultsDirectory="05c24728-3c7a-482f-8ee1-ea19cdac5330">
      <Output>
        <StdOut>Save/Update: select * from Factura; select * from documento_movimiento; select * from LineaFactura WHERE borrado = 0
Save/Update: delete Factura where nro_doc=5
Save/Update: delete documento where nro_doc=5</StdOut>
      </Output>
    </UnitTestResult>
    <UnitTestResult executionId="47c5eb86-3ca8-4b97-aab1-353b64a0ef30" testId="67103975-0d80-6dc0-3e73-31c64db0977f" testName="grabarInsumoTest" computerName="DIEGO-PC" duration="00:00:00.0184270" startTime="2012-11-19T01:14:24.5777728-03:00" endTime="2012-11-19T01:14:24.6037743-03:00" testType="13cdc9d9-ddb5-4fa4-a97d-d965ccfc6d4b" outcome="Passed" testListId="8c84fa94-04c1-424b-9868-57a2d4851a1d" relativeResultsDirectory="47c5eb86-3ca8-4b97-aab1-353b64a0ef30">
      <Output>
        <StdOut>Save/Update: SELECT  ISNULL(MAX(cod_insumo + 1),1) from insumo
Save/Update: INSERT INTO insumo (cod_insumo, nombre, id_tipo_insumo, color, detalle, costo, cantidadActual) VALUES (5 , 'test creacion', 1 , 1 , 'insumo repo test', 5, 100 ); 
Save/Update: SELECT  ISNULL(MAX(nro_movimiento + 1),1) from MovimientosStock WHERE cod_insumo=5
Save/Update: INSERT INTO MovimientosStock (nro_movimiento, cod_insumo, tipo, fecha, cantidad) VALUES (1 , 5 , 2 ,  CAST('19/11/2012 01:14:24.586'  AS DateTime), 100); 
Save/Update: select * from insumo WHERE  insumo.cod_insumo=5  
Save/Update: select * from tipoInsumo WHERE  tipoInsumo.tipo_insumo=1  
Save/Update: select * from color WHERE  color.codigo_color=1  
Save/Update: select * from MovimientosStock WHERE  MovimientosStock.cod_insumo=5  
Save/Update: select * from insumo WHERE  insumo.cod_insumo=1  
Save/Update: select * from tipoInsumo WHERE  tipoInsumo.tipo_insumo=1  
Save/Update: select * from color WHERE  color.codigo_color=1  
Save/Update: select * from MovimientosStock WHERE  MovimientosStock.cod_insumo=1  
Save/Update: select * from insumo WHERE  insumo.cod_insumo=2  
Save/Update: select * from tipoInsumo WHERE  tipoInsumo.tipo_insumo=1  
Save/Update: select * from color WHERE  color.codigo_color=2  
Save/Update: select * from MovimientosStock WHERE  MovimientosStock.cod_insumo=2  
Save/Update: select * from insumo WHERE  insumo.cod_insumo=1  
Save/Update: select * from tipoInsumo WHERE  tipoInsumo.tipo_insumo=1  
Save/Update: select * from color WHERE  color.codigo_color=1  
Save/Update: select * from MovimientosStock WHERE  MovimientosStock.cod_insumo=1  
Save/Update: UPDATE insumo SET nombre='nombre1', id_tipo_insumo=1 , color=1 , detalle='detalle1', costo=1, cantidadActual=1  WHERE cod_insumo=1  ; 
Save/Update: select * from insumo WHERE  insumo.cod_insumo=2  
Save/Update: select * from tipoInsumo WHERE  tipoInsumo.tipo_insumo=1  
Save/Update: select * from color WHERE  color.codigo_color=2  
Save/Update: select * from MovimientosStock WHERE  MovimientosStock.cod_insumo=2  
Save/Update: UPDATE insumo SET nombre='nombre2', id_tipo_insumo=1 , color=2 , detalle='detalle2', costo=1, cantidadActual=2  WHERE cod_insumo=2  ; 
Save/Update: delete from MovimientosStock where cod_insumo &gt; 2 or (cod_insumo = 1 AND nro_movimiento &gt; 2) or (cod_insumo = 2 AND nro_movimiento &gt; 1)
Save/Update: DELETE MovimientosStock WHERE nro_movimiento=1  AND cod_insumo=5  
Save/Update: DELETE MovimientosStock WHERE nro_movimiento=2  AND cod_insumo=5  
Save/Update: DELETE insumo WHERE cod_insumo=5</StdOut>
      </Output>
    </UnitTestResult>
    <UnitTestResult executionId="6848ee9e-01f3-43a2-9afe-1ccbfba90b3c" testId="68862084-d3f3-3b6a-8d1d-63a8120425c8" testName="actualizarFamiliaTest" computerName="DIEGO-PC" duration="00:00:00.0093131" startTime="2012-11-19T01:14:24.6097746-03:00" endTime="2012-11-19T01:14:24.6257756-03:00" testType="13cdc9d9-ddb5-4fa4-a97d-d965ccfc6d4b" outcome="Passed" testListId="8c84fa94-04c1-424b-9868-57a2d4851a1d" relativeResultsDirectory="6848ee9e-01f3-43a2-9afe-1ccbfba90b3c">
      <Output>
        <StdOut>Save/Update: select * from Familia WHERE  Familia.familiaID=2  ; select * from JoinFamiliaToPatente
Save/Update: select * from Patente JOIN JoinFamiliaToPatente AS familia ON Patente.patenteId=familia.patenteId WHERE familia.familiaID=2  
Save/Update: UPDATE Familia SET descripcion='desTest', nombre='nombretest' WHERE familiaID=2  ; DELETE JoinFamiliaToPatente where familiaID=2  ;  INSERT INTO JoinFamiliaToPatente ( familiaID, patenteId) VALUES ( 2 , 9 ); 
Save/Update: select * from Familia WHERE  Familia.familiaID=2  ; select * from JoinFamiliaToPatente
Save/Update: select * from Patente JOIN JoinFamiliaToPatente AS familia ON Patente.patenteId=familia.patenteId WHERE familia.familiaID=2  
Save/Update: UPDATE Familia SET descripcion='Operador maquinas de produccion', nombre='Operador de maquinas' WHERE familiaID=2  ; DELETE JoinFamiliaToPatente where familiaID=2  ;  INSERT INTO JoinFamiliaToPatente ( familiaID, patenteId) VALUES ( 2 , 1 );</StdOut>
      </Output>
    </UnitTestResult>
    <UnitTestResult executionId="33ba966b-5086-459f-b102-f9b78048cbd4" testId="688ff74d-915e-d560-41c3-a70549298345" testName="borrarMovimientosClienteTest" computerName="DIEGO-PC" duration="00:00:00.0140924" startTime="2012-11-19T01:14:24.6307758-03:00" endTime="2012-11-19T01:14:24.6537772-03:00" testType="13cdc9d9-ddb5-4fa4-a97d-d965ccfc6d4b" outcome="Passed" testListId="8c84fa94-04c1-424b-9868-57a2d4851a1d" relativeResultsDirectory="33ba966b-5086-459f-b102-f9b78048cbd4">
      <Output>
        <StdOut>Save/Update: SELECT  ISNULL(MAX(nro_movimiento + 1),1) from MovimientosCuenta
Save/Update: INSERT INTO MovimientosCuenta (nro_movimiento, comentario, fecha, monto, cuentaID, tipoMovimientoID) VALUES (4 , 'com4',  CAST('19/11/2012 01:14:24.638'  AS DateTime), 33.3, 1 , 2 ); DELETE proveedor_movimientos where nro_movimiento=4  ;  INSERT INTO proveedor_movimientos ( nro_movimiento, id_proveedor) VALUES ( 4 , 2 ); DELETE documento_movimiento where nro_movimiento=4  ; 
Save/Update: select * from MovimientosCuenta JOIN proveedor_movimientos AS proveedor ON MovimientosCuenta.nro_movimiento=proveedor.nro_movimiento WHERE  MovimientosCuenta.nro_movimiento=4  AND  MovimientosCuenta.monto=33.3 AND proveedor.id_proveedor IS NOT  NULL ; select * from proveedor_movimientos; select * from documento_movimiento
Save/Update: DELETE proveedor_movimientos where nro_movimiento=4  ; DELETE documento_movimiento where nro_movimiento=4  ; ;DELETE MovimientosCuenta WHERE nro_movimiento=4  
Save/Update: select * from MovimientosCuenta JOIN proveedor_movimientos AS proveedor ON MovimientosCuenta.nro_movimiento=proveedor.nro_movimiento WHERE  MovimientosCuenta.nro_movimiento=4  AND  MovimientosCuenta.monto=33.3 AND proveedor.id_proveedor IS NOT  NULL AND proveedor.id_proveedor IS NOT  NULL ; select * from proveedor_movimientos; select * from documento_movimiento
Save/Update: DELETE proveedor_movimientos where nro_movimiento=4  ; DELETE documento_movimiento where nro_movimiento=4  ; ;DELETE MovimientosCuenta WHERE nro_movimiento=4</StdOut>
      </Output>
    </UnitTestResult>
    <UnitTestResult executionId="318390d6-30aa-48c8-991f-8ce01a0682e5" testId="69fa372c-7458-f7f0-5041-7bf40151831d" testName="cargarMovimientosTest" computerName="DIEGO-PC" duration="00:00:00.0048721" startTime="2012-11-19T01:14:24.6577774-03:00" endTime="2012-11-19T01:14:24.6677780-03:00" testType="13cdc9d9-ddb5-4fa4-a97d-d965ccfc6d4b" outcome="Passed" testListId="8c84fa94-04c1-424b-9868-57a2d4851a1d" relativeResultsDirectory="318390d6-30aa-48c8-991f-8ce01a0682e5">
      <Output>
        <StdOut>Save/Update: select * from MovimientosCuenta JOIN cliente_movimientos AS cliente ON MovimientosCuenta.nro_movimiento=cliente.nro_movimiento WHERE cliente.id_cliente IS NOT  NULL ; select * from cliente_movimientos; select * from documento_movimiento
Save/Update: DELETE cliente_movimientos where nro_movimiento=4  ; DELETE documento_movimiento where nro_movimiento=4  ; ;DELETE MovimientosCuenta WHERE nro_movimiento=4</StdOut>
      </Output>
    </UnitTestResult>
    <UnitTestResult executionId="6f2511c2-5c21-4da5-a708-c1c1edad3a49" testId="6b7c36cd-44f4-1879-c115-f544d495b61e" testName="cargarFamiliasTest" computerName="DIEGO-PC" duration="00:00:00.0025769" startTime="2012-11-19T01:14:24.6737783-03:00" endTime="2012-11-19T01:14:24.6817788-03:00" testType="13cdc9d9-ddb5-4fa4-a97d-d965ccfc6d4b" outcome="Passed" testListId="8c84fa94-04c1-424b-9868-57a2d4851a1d" relativeResultsDirectory="6f2511c2-5c21-4da5-a708-c1c1edad3a49">
      <Output>
        <StdOut>Save/Update: select * from Patente</StdOut>
      </Output>
    </UnitTestResult>
    <UnitTestResult executionId="4718e3c7-0de6-4f98-a8d4-29ce67f578c4" testId="6c508edd-f42b-c301-6d53-7fe205a52a0b" testName="listarPedidosTest" computerName="DIEGO-PC" duration="00:00:00.0221498" startTime="2012-11-19T01:14:24.6857790-03:00" endTime="2012-11-19T01:14:24.7157807-03:00" testType="13cdc9d9-ddb5-4fa4-a97d-d965ccfc6d4b" outcome="Passed" testListId="8c84fa94-04c1-424b-9868-57a2d4851a1d" relativeResultsDirectory="4718e3c7-0de6-4f98-a8d4-29ce67f578c4">
      <Output>
        <StdOut>Save/Update: select * from Pedido; select * from produccion WHERE borrado = 0; select * from historico_estados_pedido WHERE borrado = 0
Save/Update: select * from historico_estados_pedido WHERE  historico_estados_pedido.cod_pedido=1  
Save/Update: select * from tipoPedido WHERE  tipoPedido.tipo_pedido=1  
Save/Update: select * from produccion WHERE  produccion.cod_pedido=1  ; select * from historico_estados_produccion WHERE borrado = 0
Save/Update: select * from Cliente WHERE  Cliente.id_cliente=1  ; select * from cliente_movimientos; select * from Pedido WHERE borrado = 0; select * from Factura WHERE borrado = 0; select * from Diseño WHERE borrado = 0
Save/Update: select * from EstadoPedido WHERE  EstadoPedido.estado_pedido=3  
Save/Update: select * from historico_estados_pedido WHERE  historico_estados_pedido.cod_pedido=2  
Save/Update: select * from tipoPedido WHERE  tipoPedido.tipo_pedido=2  
Save/Update: select * from produccion WHERE  produccion.cod_pedido=2  ; select * from historico_estados_produccion WHERE borrado = 0
Save/Update: select * from Cliente WHERE  Cliente.id_cliente=2  ; select * from cliente_movimientos; select * from Pedido WHERE borrado = 0; select * from Factura WHERE borrado = 0; select * from Diseño WHERE borrado = 0
Save/Update: select * from EstadoPedido WHERE  EstadoPedido.estado_pedido=3  
Save/Update: select * from historico_estados_pedido WHERE  historico_estados_pedido.cod_pedido=3  
Save/Update: select * from tipoPedido WHERE  tipoPedido.tipo_pedido=2  
Save/Update: select * from produccion WHERE  produccion.cod_pedido=3  ; select * from historico_estados_produccion WHERE borrado = 0
Save/Update: select * from Cliente WHERE  Cliente.id_cliente=1  ; select * from cliente_movimientos; select * from Pedido WHERE borrado = 0; select * from Factura WHERE borrado = 0; select * from Diseño WHERE borrado = 0
Save/Update: select * from EstadoPedido WHERE  EstadoPedido.estado_pedido=0  
Save/Update: select * from historico_estados_pedido WHERE  historico_estados_pedido.cod_pedido=4  
Save/Update: select * from tipoPedido WHERE  tipoPedido.tipo_pedido=1  
Save/Update: select * from produccion WHERE  produccion.cod_pedido=4  ; select * from historico_estados_produccion WHERE borrado = 0
Save/Update: select * from Cliente WHERE  Cliente.id_cliente=1  ; select * from cliente_movimientos; select * from Pedido WHERE borrado = 0; select * from Factura WHERE borrado = 0; select * from Diseño WHERE borrado = 0
Save/Update: select * from EstadoPedido WHERE  EstadoPedido.estado_pedido=0  
Save/Update: DELETE historico_estados_pedido WHERE nro_estado=1  AND cod_pedido=5  
Save/Update: DELETE historico_estados_pedido WHERE nro_estado=2  AND cod_pedido=5  
Save/Update: DELETE produccion WHERE cod_produccion=7  
Save/Update: DELETE Pedido WHERE cod_pedido=5</StdOut>
      </Output>
    </UnitTestResult>
    <UnitTestResult executionId="94e30524-af6b-44aa-b1af-5fb28e1ef5fe" testId="6c77fe8d-a8b3-4efd-1e3d-013b12293f74" testName="borrarListaPrecioTest" computerName="DIEGO-PC" duration="00:00:00.0052136" startTime="2012-11-19T01:14:24.7187809-03:00" endTime="2012-11-19T01:14:24.7297815-03:00" testType="13cdc9d9-ddb5-4fa4-a97d-d965ccfc6d4b" outcome="Passed" testListId="8c84fa94-04c1-424b-9868-57a2d4851a1d" relativeResultsDirectory="94e30524-af6b-44aa-b1af-5fb28e1ef5fe">
      <Output>
        <StdOut>Save/Update: SELECT  ISNULL( MAX(nro_lista + 1), 1) from lista_precios WHERE cod_articulo=1
Save/Update: INSERT INTO lista_precios (nro_lista, cod_articulo, precio, fechaDesde, fechaHasta, borrado) VALUES (3 , 1 , 3.1,  CAST('11/11/2011 13:55:33.110'  AS DateTime),  CAST('11/11/2011 14:55:33.223'  AS DateTime), 0 ); 
Save/Update: select * from lista_precios WHERE  lista_precios.borrado=0  AND  lista_precios.cod_articulo=1  
Save/Update: DELETE lista_precios WHERE nro_lista=3  AND cod_articulo=1  
Save/Update: select * from lista_precios WHERE  lista_precios.borrado=0  AND  lista_precios.cod_articulo=1  
Save/Update: DELETE lista_precios WHERE nro_lista=3  AND cod_articulo=1</StdOut>
      </Output>
    </UnitTestResult>
    <UnitTestResult executionId="296239b9-74d4-447b-b62b-3e2e157dde9b" testId="6cf16972-5184-bd8a-3b41-bb02c50f3e4c" testName="calcularFinalizacionTest3" computerName="DIEGO-PC" duration="00:00:00.0026561" startTime="2012-11-19T01:14:24.7337817-03:00" endTime="2012-11-19T01:14:24.7427823-03:00" testType="13cdc9d9-ddb5-4fa4-a97d-d965ccfc6d4b" outcome="Passed" testListId="8c84fa94-04c1-424b-9868-57a2d4851a1d" relativeResultsDirectory="296239b9-74d4-447b-b62b-3e2e157dde9b">
      <Output>
        <StdOut>Save/Update: DELETE produccion_operador WHERE id_operador=2  AND cod_prodcuccion=7  
Save/Update: DELETE historico_estados_produccion WHERE nro_estado=1  AND cod_produccion=7  
Save/Update: DELETE historico_estados_produccion WHERE nro_estado=2  AND cod_produccion=7  
Save/Update: DELETE produccion WHERE cod_produccion=7</StdOut>
      </Output>
    </UnitTestResult>
    <UnitTestResult executionId="5751e89a-f496-4a7f-be49-b3df76f30a00" testId="6dbb761e-cbdb-2c43-0c61-55938d83de19" testName="cargarLineasFacturaTest" computerName="DIEGO-PC" duration="00:00:00.0047091" startTime="2012-11-19T01:14:24.7467825-03:00" endTime="2012-11-19T01:14:24.7567831-03:00" testType="13cdc9d9-ddb5-4fa4-a97d-d965ccfc6d4b" outcome="Passed" testListId="8c84fa94-04c1-424b-9868-57a2d4851a1d" relativeResultsDirectory="5751e89a-f496-4a7f-be49-b3df76f30a00">
      <Output>
        <StdOut>Save/Update: select * from LineaOrdenDeCompra</StdOut>
      </Output>
    </UnitTestResult>
    <UnitTestResult executionId="f6cb3f39-83e6-4432-a6e4-99fa2314b8cf" testId="6e20bc5d-0f12-b6d7-ba69-ad542caad9f6" testName="modificarHistoricoEstadosTest" computerName="DIEGO-PC" duration="00:00:00.0071963" startTime="2012-11-19T01:14:24.7607833-03:00" endTime="2012-11-19T01:14:24.7737840-03:00" testType="13cdc9d9-ddb5-4fa4-a97d-d965ccfc6d4b" outcome="Passed" testListId="8c84fa94-04c1-424b-9868-57a2d4851a1d" relativeResultsDirectory="f6cb3f39-83e6-4432-a6e4-99fa2314b8cf">
      <Output>
        <StdOut>Save/Update: select * from historico_estados_produccion WHERE  historico_estados_produccion.nro_estado=1  AND  historico_estados_produccion.cod_produccion=1  
Save/Update: UPDATE historico_estados_produccion SET comentario='comentarioModificado', fechaDesde= CAST('11/09/2012 13:00:00.000'  AS DateTime), fechaHasta= CAST('11/09/2012 14:00:00.000'  AS DateTime), estado=1 , borrado=0  WHERE nro_estado=1  AND cod_produccion=1  ; 
Save/Update: select * from historico_estados_produccion WHERE  historico_estados_produccion.nro_estado=1  AND  historico_estados_produccion.cod_produccion=1  
Save/Update: UPDATE historico_estados_produccion SET comentario='comentario11', fechaDesde= CAST('11/09/2012 13:00:00.000'  AS DateTime), fechaHasta= CAST('11/09/2012 14:00:00.000'  AS DateTime), estado=1 , borrado=0  WHERE nro_estado=1  AND cod_produccion=1  ;</StdOut>
      </Output>
    </UnitTestResult>
    <UnitTestResult executionId="162b7347-ef6b-4365-9226-7d614f9900b4" testId="6fccfc0c-3386-fa76-9bb6-5cb2884d04d6" testName="grabarNuevoPedidoTest" computerName="DIEGO-PC" duration="00:00:00.0072991" startTime="2012-11-19T01:14:24.7757841-03:00" endTime="2012-11-19T01:14:24.7897849-03:00" testType="13cdc9d9-ddb5-4fa4-a97d-d965ccfc6d4b" outcome="Passed" testListId="8c84fa94-04c1-424b-9868-57a2d4851a1d" relativeResultsDirectory="162b7347-ef6b-4365-9226-7d614f9900b4">
      <Output>
        <StdOut>Save/Update: SELECT  ISNULL(MAX(cod_pedido + 1),1) from Pedido
Save/Update: INSERT INTO Pedido (cod_pedido, comentario, id_cliente, tipo_pedido, estadoActual, fechaInicio, fechaFinal, borrado) VALUES (5 , 'comentario test', 2 , 2 , 2 ,  CAST('19/11/2012 01:14:24.782'  AS DateTime),  CAST('19/11/2012 01:14:24.782'  AS DateTime), 0 ); UPDATE produccion SET borrado=1 WHERE cod_pedido=5  ; UPDATE historico_estados_pedido SET borrado=1 WHERE cod_pedido=5  ; 
Save/Update: select * from Pedido WHERE  Pedido.comentario='comentario test' ; select * from produccion WHERE borrado = 0; select * from historico_estados_pedido WHERE borrado = 0
Save/Update: DELETE Pedido WHERE cod_pedido=5</StdOut>
      </Output>
    </UnitTestResult>
    <UnitTestResult executionId="f3f6a11c-c139-4679-8916-78fed0d15481" testId="70dba011-1aa4-3fb1-b8c2-fb8d0666bd55" testName="actualizarUsuarioTest" computerName="DIEGO-PC" duration="00:00:00.0101387" startTime="2012-11-19T01:14:24.7937852-03:00" endTime="2012-11-19T01:14:24.8107861-03:00" testType="13cdc9d9-ddb5-4fa4-a97d-d965ccfc6d4b" outcome="Passed" testListId="8c84fa94-04c1-424b-9868-57a2d4851a1d" relativeResultsDirectory="f3f6a11c-c139-4679-8916-78fed0d15481">
      <Output>
        <StdOut>Save/Update: select * from Cliente WHERE  Cliente.id_cliente=1  ; select * from cliente_movimientos; select * from Pedido WHERE borrado = 0; select * from Factura WHERE borrado = 0; select * from Diseño WHERE borrado = 0
Save/Update: UPDATE Cliente SET habitadoTurnos=0 , newsletter=1  WHERE id_cliente=1  ; UPDATE Pedido SET borrado=1 WHERE id_cliente=1  ; UPDATE Factura SET borrado=1 WHERE id_cliente=1  ; UPDATE Diseño SET borrado=1 WHERE id_cliente=1  ; 
Save/Update: select * from Cliente WHERE  Cliente.id_cliente=1  ; select * from cliente_movimientos; select * from Pedido WHERE borrado = 0; select * from Factura WHERE borrado = 0; select * from Diseño WHERE borrado = 0
Save/Update: UPDATE Cliente SET habitadoTurnos=1 , newsletter=0  WHERE id_cliente=1  ; UPDATE Pedido SET borrado=1 WHERE id_cliente=1  ; UPDATE Factura SET borrado=1 WHERE id_cliente=1  ; UPDATE Diseño SET borrado=1 WHERE id_cliente=1  ; 
Save/Update:  UPDATE factura set borrado = 0 
Save/Update:  UPDATE diseño set borrado = 0 
Save/Update:  UPDATE pedido set borrado = 0</StdOut>
      </Output>
    </UnitTestResult>
    <UnitTestResult executionId="dd04a0ca-e6cf-43ff-957c-ffa7f81d427f" testId="7187fc52-08ae-19d9-62d2-a1273ba98de3" testName="listarArticulosPorPrendaTest" computerName="DIEGO-PC" duration="00:00:00.0096460" startTime="2012-11-19T01:14:24.8137863-03:00" endTime="2012-11-19T01:14:24.8287872-03:00" testType="13cdc9d9-ddb5-4fa4-a97d-d965ccfc6d4b" outcome="Passed" testListId="8c84fa94-04c1-424b-9868-57a2d4851a1d" relativeResultsDirectory="dd04a0ca-e6cf-43ff-957c-ffa7f81d427f">
      <Output>
        <StdOut>Save/Update: select * from Articulos WHERE  Articulos.tipoPrendaID=1  AND  Articulos.borrado=0  ; select * from lista_precios WHERE borrado = 0
Save/Update: select * from lista_precios WHERE  lista_precios.cod_articulo=1  
Save/Update: select * from TipoPrenda WHERE  TipoPrenda.tipo_prenda=1  
Save/Update: select * from Diseño WHERE  Diseño.cod_diseño=1  ; select * from historico_estados_diseño WHERE borrado = 0
Save/Update: DELETE lista_precios WHERE nro_lista=1  AND cod_articulo=4  
Save/Update: DELETE lista_precios WHERE nro_lista=2  AND cod_articulo=4  
Save/Update: DELETE Articulos WHERE cod_articulo=4</StdOut>
      </Output>
    </UnitTestResult>
    <UnitTestResult executionId="e73318b1-5022-4f2b-9169-10a8d958715c" testId="71db679d-9cd7-f55e-94f9-ae66c93fc299" testName="actualizarMaquinaTest" computerName="DIEGO-PC" duration="00:00:00.0140902" startTime="2012-11-19T01:14:24.8317873-03:00" endTime="2012-11-19T01:14:24.8527885-03:00" testType="13cdc9d9-ddb5-4fa4-a97d-d965ccfc6d4b" outcome="Passed" testListId="8c84fa94-04c1-424b-9868-57a2d4851a1d" relativeResultsDirectory="e73318b1-5022-4f2b-9169-10a8d958715c">
      <Output>
        <StdOut>Save/Update: SELECT  ISNULL(MAX(cod_maquina + 1),1) from Maquina
Save/Update: INSERT INTO Maquina (cod_maquina, altoMargen, anchoMargen, cabezales, nombre, velocidadPromedio, cantidadColores) VALUES (4 , 100 , 200 , 12 , 'nombre nuevo', 1000 , 12 ); DELETE JoinMaquinaToTipoPrenda where cod_maquina=4  ;  INSERT INTO JoinMaquinaToTipoPrenda ( cod_maquina, tipo_prenda) VALUES ( 4 , 1 );  INSERT INTO JoinMaquinaToTipoPrenda ( cod_maquina, tipo_prenda) VALUES ( 4 , 2 ); 
Save/Update: select * from produccion WHERE  produccion.fechaInicio&gt;= CAST('19/11/2012 01:14:24.000'  AS DateTime) ; select * from historico_estados_produccion WHERE borrado = 0
Save/Update: select * from produccion WHERE  produccion.fechaInicio&gt;= CAST('19/11/2012 01:14:24.000'  AS DateTime) ; select * from historico_estados_produccion WHERE borrado = 0
Save/Update: select * from Maquina WHERE  Maquina.cod_maquina=4  ; select * from JoinMaquinaToTipoPrenda
Save/Update: select * from TipoPrenda WHERE  TipoPrenda.tipo_prenda=1  
Save/Update: select * from TipoPrenda WHERE  TipoPrenda.tipo_prenda=2  
Save/Update: UPDATE Maquina SET altoMargen=100 , anchoMargen=200 , cabezales=12 , nombre='nombre editado', velocidadPromedio=1000 , cantidadColores=12  WHERE cod_maquina=4  ; DELETE JoinMaquinaToTipoPrenda where cod_maquina=4  ;  INSERT INTO JoinMaquinaToTipoPrenda ( cod_maquina, tipo_prenda) VALUES ( 4 , 1 ); 
Save/Update: select * from Maquina WHERE  Maquina.cod_maquina=4  ; select * from JoinMaquinaToTipoPrenda
Save/Update: select * from TipoPrenda WHERE  TipoPrenda.tipo_prenda=1  
Save/Update: DELETE JoinMaquinaToTipoPrenda where cod_maquina=4  ; ;DELETE Maquina WHERE cod_maquina=4  
Save/Update: delete from JoinMaquinaToTipoPrenda where cod_maquina=4</StdOut>
      </Output>
    </UnitTestResult>
    <UnitTestResult executionId="9f81ae5a-18ef-4bf3-9177-c2d756dc2bd3" testId="723aff45-3bd6-6949-d938-d2ccbc2f388d" testName="buscarProveedoresPorNombreTest" computerName="DIEGO-PC" duration="00:00:00.0086284" startTime="2012-11-19T01:14:24.8557887-03:00" endTime="2012-11-19T01:14:24.8717896-03:00" testType="13cdc9d9-ddb5-4fa4-a97d-d965ccfc6d4b" outcome="Passed" testListId="8c84fa94-04c1-424b-9868-57a2d4851a1d" relativeResultsDirectory="9f81ae5a-18ef-4bf3-9177-c2d756dc2bd3">
      <Output>
        <StdOut>Save/Update: select * from Proveedor WHERE  Proveedor.nombre LIKE '%nomb%'
Save/Update: select * from OrdenDeCompra WHERE  OrdenDeCompra.id_proveedor=1  ; select * from documento_movimiento; select * from LineaOrdenDeCompra WHERE borrado = 0
Save/Update: select * from OrdenDeCompra WHERE  OrdenDeCompra.id_proveedor=2  ; select * from documento_movimiento; select * from LineaOrdenDeCompra WHERE borrado = 0
Save/Update: select * from OrdenDeCompra WHERE  OrdenDeCompra.id_proveedor=3  ; select * from documento_movimiento; select * from LineaOrdenDeCompra WHERE borrado = 0
Save/Update: delete OrdenDeCompra where nro_doc=5
Save/Update: delete documento where nro_doc=5
Save/Update: DELETE Proveedor WHERE id_proveedor=4  
Save/Update: UPDATE Proveedor SET nombre='nombre1', telefono='1111-1111', direccion='direccion 1' WHERE id_proveedor=1  ;</StdOut>
      </Output>
    </UnitTestResult>
    <UnitTestResult executionId="fa650670-d795-46f8-bb18-d41f70c416dd" testId="72b264c8-79c9-9087-ae9e-47c332dbaa6d" testName="listaPatentesPorFamiliaTest" computerName="DIEGO-PC" duration="00:00:00.0034029" startTime="2012-11-19T01:14:24.8747898-03:00" endTime="2012-11-19T01:14:24.8847904-03:00" testType="13cdc9d9-ddb5-4fa4-a97d-d965ccfc6d4b" outcome="Passed" testListId="8c84fa94-04c1-424b-9868-57a2d4851a1d" relativeResultsDirectory="fa650670-d795-46f8-bb18-d41f70c416dd">
      <Output>
        <StdOut>Save/Update: select * from Patente JOIN JoinFamiliaToPatente AS familia ON Patente.patenteId=familia.patenteId WHERE familia.familiaID=6</StdOut>
      </Output>
    </UnitTestResult>
    <UnitTestResult executionId="5e09523b-561b-4b04-a76e-6b315b0dfb24" testId="75cbbdb7-6249-18c8-32b2-1920235c1d97" testName="listarInsumosPorCodigoTest" computerName="DIEGO-PC" duration="00:00:00.0094549" startTime="2012-11-19T01:14:24.8877905-03:00" endTime="2012-11-19T01:14:24.9037915-03:00" testType="13cdc9d9-ddb5-4fa4-a97d-d965ccfc6d4b" outcome="Passed" testListId="8c84fa94-04c1-424b-9868-57a2d4851a1d" relativeResultsDirectory="5e09523b-561b-4b04-a76e-6b315b0dfb24">
      <Output>
        <StdOut>Save/Update: select * from insumo WHERE  insumo.cod_insumo=1  
Save/Update: select * from tipoInsumo WHERE  tipoInsumo.tipo_insumo=1  
Save/Update: select * from color WHERE  color.codigo_color=1  
Save/Update: select * from MovimientosStock WHERE  MovimientosStock.cod_insumo=1  
Save/Update: select * from insumo WHERE  insumo.cod_insumo=1  
Save/Update: select * from tipoInsumo WHERE  tipoInsumo.tipo_insumo=1  
Save/Update: select * from color WHERE  color.codigo_color=1  
Save/Update: select * from MovimientosStock WHERE  MovimientosStock.cod_insumo=1  
Save/Update: select * from insumo WHERE  insumo.cod_insumo=2  
Save/Update: select * from tipoInsumo WHERE  tipoInsumo.tipo_insumo=1  
Save/Update: select * from color WHERE  color.codigo_color=2  
Save/Update: select * from MovimientosStock WHERE  MovimientosStock.cod_insumo=2  
Save/Update: select * from insumo WHERE  insumo.cod_insumo=1  
Save/Update: select * from tipoInsumo WHERE  tipoInsumo.tipo_insumo=1  
Save/Update: select * from color WHERE  color.codigo_color=1  
Save/Update: select * from MovimientosStock WHERE  MovimientosStock.cod_insumo=1  
Save/Update: UPDATE insumo SET nombre='nombre1', id_tipo_insumo=1 , color=1 , detalle='detalle1', costo=1, cantidadActual=1  WHERE cod_insumo=1  ; 
Save/Update: select * from insumo WHERE  insumo.cod_insumo=2  
Save/Update: select * from tipoInsumo WHERE  tipoInsumo.tipo_insumo=1  
Save/Update: select * from color WHERE  color.codigo_color=2  
Save/Update: select * from MovimientosStock WHERE  MovimientosStock.cod_insumo=2  
Save/Update: UPDATE insumo SET nombre='nombre2', id_tipo_insumo=1 , color=2 , detalle='detalle2', costo=1, cantidadActual=2  WHERE cod_insumo=2  ; 
Save/Update: delete from MovimientosStock where cod_insumo &gt; 2 or (cod_insumo = 1 AND nro_movimiento &gt; 2) or (cod_insumo = 2 AND nro_movimiento &gt; 1)
Save/Update: DELETE MovimientosStock WHERE nro_movimiento=1  AND cod_insumo=5  
Save/Update: DELETE MovimientosStock WHERE nro_movimiento=2  AND cod_insumo=5  
Save/Update: DELETE insumo WHERE cod_insumo=5</StdOut>
      </Output>
    </UnitTestResult>
    <UnitTestResult executionId="66d1ae00-39e1-4628-b93f-f2bce4f1de9c" testId="75ff0c72-ae5b-a30a-d444-42d5bfa7ed8d" testName="buscarOpinionesPorCriterioTest" computerName="DIEGO-PC" duration="00:00:00.0106143" startTime="2012-11-19T01:14:24.9077917-03:00" endTime="2012-11-19T01:14:24.9247927-03:00" testType="13cdc9d9-ddb5-4fa4-a97d-d965ccfc6d4b" outcome="Passed" testListId="8c84fa94-04c1-424b-9868-57a2d4851a1d" relativeResultsDirectory="66d1ae00-39e1-4628-b93f-f2bce4f1de9c">
      <Output>
        <StdOut>Save/Update: select * from opiniones WHERE  opiniones.id=1  AND  opiniones.nombre='nombre1' AND  opiniones.mail='mail1@test.com' AND  opiniones.opinion='opinion1'</StdOut>
      </Output>
    </UnitTestResult>
    <UnitTestResult executionId="8dee3d76-1d5b-4cc1-98c3-ea95fd384df4" testId="76669914-042a-1066-d597-b186fff6c621" testName="grabarUsuarioTest" computerName="DIEGO-PC" duration="00:00:00.0092013" startTime="2012-11-19T01:14:24.9257927-03:00" endTime="2012-11-19T01:14:24.9427937-03:00" testType="13cdc9d9-ddb5-4fa4-a97d-d965ccfc6d4b" outcome="Passed" testListId="8c84fa94-04c1-424b-9868-57a2d4851a1d" relativeResultsDirectory="8dee3d76-1d5b-4cc1-98c3-ea95fd384df4">
      <Output>
        <StdOut>Save/Update: SELECT  ISNULL(MAX(usuarioID + 1),1) from Usuario
Save/Update: INSERT INTO Usuario (usuarioID, nombre, apellido, mail, password, telefonoFijo, telefonoMovil, bloqueado) VALUES (6 , 'nombre6', 'apellido6', 'mail6@test.com', 'pas6', '6666-6666', '6666-6666', 0 ); DELETE JoinUsuarioToFamilia where usuarioID=6  ;  INSERT INTO JoinUsuarioToFamilia ( usuarioID, familiaID) VALUES ( 6 , 1 ); DELETE JoinPatenteToUsuario where usuarioID=6  ;  INSERT INTO JoinPatenteToUsuario ( usuarioID, patenteId) VALUES ( 6 , 1 ); 
Save/Update: select * from Usuario; select * from JoinUsuarioToFamilia; select * from JoinPatenteToUsuario
Save/Update: DELETE JoinUsuarioToFamilia where usuarioID=6  ; DELETE JoinPatenteToUsuario where usuarioID=6  ; ;DELETE Usuario WHERE usuarioID=6  
Save/Update: select * from Usuario; select * from JoinUsuarioToFamilia; select * from JoinPatenteToUsuario
Save/Update: DELETE JoinUsuarioToFamilia where usuarioID=6  ; DELETE JoinPatenteToUsuario where usuarioID=6  ; ;DELETE Usuario WHERE usuarioID=6  
Save/Update: UPDATE Usuario SET nombre='nombre5', apellido='apellido5', mail='mail5@test.com', password='pas5', telefonoFijo='5555-5555', telefonoMovil='5555-5555', bloqueado=0  WHERE usuarioID=5  ; DELETE JoinUsuarioToFamilia where usuarioID=5  ; DELETE JoinPatenteToUsuario where usuarioID=5  ;</StdOut>
      </Output>
    </UnitTestResult>
    <UnitTestResult executionId="b0c52615-1b8e-4b7e-9c19-ef241962d8af" testId="77619216-98fe-f01d-d92b-ae2614d5a7c1" testName="buscarPorIdTest" computerName="DIEGO-PC" duration="00:00:00.0022648" startTime="2012-11-19T01:14:24.9457939-03:00" endTime="2012-11-19T01:14:24.9547944-03:00" testType="13cdc9d9-ddb5-4fa4-a97d-d965ccfc6d4b" outcome="Passed" testListId="8c84fa94-04c1-424b-9868-57a2d4851a1d" relativeResultsDirectory="b0c52615-1b8e-4b7e-9c19-ef241962d8af">
      <Output>
        <StdOut>Save/Update: select * from tipoMovimiento WHERE  tipoMovimiento.tipoMovimientoID=1</StdOut>
      </Output>
    </UnitTestResult>
    <UnitTestResult executionId="9180f82c-f6f5-4357-a29f-c9cff9effae0" testId="776c9b88-b138-d6aa-dd32-a876a9437025" testName="listarNewsletterTest" computerName="DIEGO-PC" duration="00:00:00.0027567" startTime="2012-11-19T01:14:24.9567945-03:00" endTime="2012-11-19T01:14:24.9667951-03:00" testType="13cdc9d9-ddb5-4fa4-a97d-d965ccfc6d4b" outcome="Passed" testListId="8c84fa94-04c1-424b-9868-57a2d4851a1d" relativeResultsDirectory="9180f82c-f6f5-4357-a29f-c9cff9effae0">
      <Output>
        <StdOut>Save/Update: select * from newsletter</StdOut>
      </Output>
    </UnitTestResult>
    <UnitTestResult executionId="aa252bf2-c301-4efd-aa40-09649eca6e39" testId="77a70718-b08f-850c-1bf3-10dbbe443592" testName="actualizaOrdenDeCompraTest" computerName="DIEGO-PC" duration="00:00:00.0442461" startTime="2012-11-19T01:14:24.9687952-03:00" endTime="2012-11-19T01:14:25.0197981-03:00" testType="13cdc9d9-ddb5-4fa4-a97d-d965ccfc6d4b" outcome="Passed" testListId="8c84fa94-04c1-424b-9868-57a2d4851a1d" relativeResultsDirectory="aa252bf2-c301-4efd-aa40-09649eca6e39">
      <Output>
        <StdOut>Save/Update: SELECT  ISNULL(MAX(nro_Doc + 1),1) from documento
Save/Update: INSERT INTO documento VALUES (5)
Save/Update: SELECT  ISNULL(MAX(nro_orden_compra + 1),1) from OrdenDeCompra WHERE nro_sucursal=1 AND tipo_orden_compra='A'
Save/Update: INSERT INTO OrdenDeCompra (nro_Doc, iva, fecha, borrado, nro_orden_compra, nro_sucursal, tipo_orden_compra, id_proveedor, monto) VALUES (5 , 1.1,  CAST('13/10/2012 21:44:12.000'  AS DateTime), 0 , 2 , 1 , 'A', 2 , 100); UPDATE LineaOrdenDeCompra SET borrado=1 WHERE nro_orden_compra=2  AND nro_sucursal=1  AND tipo_orden_compra='A' ; 
Save/Update: SELECT  ISNULL(MAX(nro_linea + 1),1) from LineaOrdenDeCompra WHERE nro_orden_compra=2 AND nro_sucursal=1 AND tipo_orden_compra='A'
Save/Update: INSERT INTO LineaOrdenDeCompra (nro_orden_compra, nro_sucursal, tipo_orden_compra, nro_linea, cod_producto, cantidad, precio, borrado) VALUES (2 , 1 , 'A', 1 , 2 , 10 , 50, 0 ); 
Save/Update: SELECT  ISNULL(MAX(nro_movimiento + 1),1) from MovimientosCuenta
Save/Update: INSERT INTO MovimientosCuenta (nro_movimiento, comentario, fecha, monto, cuentaID, tipoMovimientoID) VALUES (4 , 'com test',  CAST('13/10/2012 21:44:12.000'  AS DateTime), 100, 1 , 1 ); DELETE proveedor_movimientos where nro_movimiento=4  ;  INSERT INTO proveedor_movimientos ( nro_movimiento, id_proveedor) VALUES ( 4 , 2 ); DELETE documento_movimiento where nro_movimiento=4  ;  INSERT INTO documento_movimiento ( nro_movimiento, nro_Doc) VALUES ( 4 , 5 ); 
Save/Update: select * from OrdenDeCompra WHERE  OrdenDeCompra.nro_orden_compra=2  AND  OrdenDeCompra.nro_sucursal=1  AND  OrdenDeCompra.tipo_orden_compra='A' ; select * from documento_movimiento; select * from LineaOrdenDeCompra WHERE borrado = 0
Save/Update: select * from LineaOrdenDeCompra WHERE  LineaOrdenDeCompra.nro_orden_compra=2  AND  LineaOrdenDeCompra.tipo_orden_compra='A' AND  LineaOrdenDeCompra.nro_sucursal=1  
Save/Update: select * from insumo WHERE  insumo.cod_insumo=2  
Save/Update: select * from Proveedor WHERE  Proveedor.id_proveedor=2  
Save/Update: select * from MovimientosCuenta JOIN documento_movimiento AS documento ON MovimientosCuenta.nro_movimiento=documento.nro_movimiento JOIN proveedor_movimientos AS proveedor ON MovimientosCuenta.nro_movimiento=proveedor.nro_movimiento WHERE documento.nro_Doc=5  AND proveedor.id_proveedor IS NOT  NULL ; select * from proveedor_movimientos; select * from documento_movimiento
Save/Update: UPDATE OrdenDeCompra SET nro_Doc=5 , iva=1.1, fecha= CAST('13/10/2012 21:44:12.000'  AS DateTime), borrado=0 , id_proveedor=2 , monto=111 WHERE nro_orden_compra=2  AND nro_sucursal=1  AND tipo_orden_compra='A' ; UPDATE LineaOrdenDeCompra SET borrado=1 WHERE nro_orden_compra=2  AND nro_sucursal=1  AND tipo_orden_compra='A' ; 
Save/Update: UPDATE LineaOrdenDeCompra SET cod_producto=2 , cantidad=15 , precio=50, borrado=0  WHERE nro_orden_compra=2  AND nro_sucursal=1  AND tipo_orden_compra='A' AND nro_linea=1  ; 
Save/Update: SELECT  ISNULL(MAX(nro_linea + 1),1) from LineaOrdenDeCompra WHERE nro_orden_compra=2 AND nro_sucursal=1 AND tipo_orden_compra='A'
Save/Update: INSERT INTO LineaOrdenDeCompra (nro_orden_compra, nro_sucursal, tipo_orden_compra, nro_linea, cod_producto, cantidad, precio, borrado) VALUES (2 , 1 , 'A', 2 , 1 , 10 , 0, 0 ); 
Save/Update: UPDATE MovimientosCuenta SET comentario='com test', fecha= CAST('13/10/2012 21:44:12.000'  AS DateTime), monto=111, cuentaID=1 , tipoMovimientoID=1  WHERE nro_movimiento=4  ; DELETE proveedor_movimientos where nro_movimiento=4  ;  INSERT INTO proveedor_movimientos ( nro_movimiento, id_proveedor) VALUES ( 4 , 2 ); DELETE documento_movimiento where nro_movimiento=4  ;  INSERT INTO documento_movimiento ( nro_movimiento, nro_Doc) VALUES ( 4 , 5 ); 
Save/Update: select * from OrdenDeCompra WHERE  OrdenDeCompra.nro_orden_compra=2  AND  OrdenDeCompra.nro_sucursal=1  AND  OrdenDeCompra.tipo_orden_compra='A' ; select * from documento_movimiento; select * from LineaOrdenDeCompra WHERE borrado = 0
Save/Update: select * from LineaOrdenDeCompra WHERE  LineaOrdenDeCompra.nro_orden_compra=2  AND  LineaOrdenDeCompra.tipo_orden_compra='A' AND  LineaOrdenDeCompra.nro_sucursal=1  
Save/Update: select * from insumo WHERE  insumo.cod_insumo=2  
Save/Update: select * from insumo WHERE  insumo.cod_insumo=1  
Save/Update: select * from Proveedor WHERE  Proveedor.id_proveedor=2  
Save/Update: select * from MovimientosCuenta JOIN documento_movimiento AS documento ON MovimientosCuenta.nro_movimiento=documento.nro_movimiento JOIN proveedor_movimientos AS proveedor ON MovimientosCuenta.nro_movimiento=proveedor.nro_movimiento WHERE documento.nro_Doc=5  AND proveedor.id_proveedor IS NOT  NULL ; select * from proveedor_movimientos; select * from documento_movimiento
Save/Update: DELETE LineaOrdenDeCompra WHERE nro_orden_compra=2  AND nro_sucursal=1  AND tipo_orden_compra='A' AND nro_linea=1  
Save/Update: DELETE LineaOrdenDeCompra WHERE nro_orden_compra=2  AND nro_sucursal=1  AND tipo_orden_compra='A' AND nro_linea=2  
Save/Update: DELETE proveedor_movimientos where nro_movimiento=4  ; DELETE documento_movimiento where nro_movimiento=4  ; ;DELETE MovimientosCuenta WHERE nro_movimiento=4  
Save/Update: DELETE FROM OrdenDeCompra WHERE nro_Doc =5
Save/Update: delete documento where nro_doc=5</StdOut>
      </Output>
    </UnitTestResult>
    <UnitTestResult executionId="71daf707-2e97-4922-8128-71bd34e9c25f" testId="78d51b31-e137-cc46-4586-32e7fc15993b" testName="BuscarDiseñosTest" computerName="DIEGO-PC" duration="00:00:00.0104453" startTime="2012-11-19T01:14:25.0217982-03:00" endTime="2012-11-19T01:14:25.0387992-03:00" testType="13cdc9d9-ddb5-4fa4-a97d-d965ccfc6d4b" outcome="Passed" testListId="8c84fa94-04c1-424b-9868-57a2d4851a1d" relativeResultsDirectory="71daf707-2e97-4922-8128-71bd34e9c25f">
      <Output>
        <StdOut>Save/Update: select * from Diseño WHERE  Diseño.estadoActual=2  AND  Diseño.nombre LIKE '%ño1%'AND  Diseño.puntadas&gt;=500  AND  Diseño.puntadas&lt;=1500  AND  Diseño.ancho&gt;=5  AND  Diseño.ancho&lt;=15  AND  Diseño.alto&gt;=5  AND  Diseño.alto&lt;=15  AND  Diseño.id_cliente=1  ; select * from historico_estados_diseño WHERE borrado = 0
Save/Update: select * from Cliente WHERE  Cliente.id_cliente=1  ; select * from cliente_movimientos; select * from Pedido WHERE borrado = 0; select * from Factura WHERE borrado = 0; select * from Diseño WHERE borrado = 0
Save/Update: select * from Usuario WHERE  Usuario.usuarioID=1  ; select * from JoinUsuarioToFamilia; select * from JoinPatenteToUsuario
Save/Update: select * from Diseño_insumos WHERE  Diseño_insumos.cod_diseño=1  
Save/Update: select * from historico_estados_diseño WHERE  historico_estados_diseño.cod_diseño=1  
Save/Update: select * from EstadoDiseños WHERE  EstadoDiseños.estado=2  
Save/Update: DELETE FROM Diseño_insumos where cod_diseño=3
Save/Update: DELETE FROM historico_estados_diseño where cod_diseño=3
Save/Update: DELETE Diseño WHERE cod_diseño=3</StdOut>
      </Output>
    </UnitTestResult>
    <UnitTestResult executionId="302b9468-4fa1-47ef-a61b-e49bbff61a0d" testId="79432a3c-09ad-494a-94b0-409081b91296" testName="cargarLineasPorFacturaTest" computerName="DIEGO-PC" duration="00:00:00.0052068" startTime="2012-11-19T01:14:25.0407993-03:00" endTime="2012-11-19T01:14:25.0538000-03:00" testType="13cdc9d9-ddb5-4fa4-a97d-d965ccfc6d4b" outcome="Passed" testListId="8c84fa94-04c1-424b-9868-57a2d4851a1d" relativeResultsDirectory="302b9468-4fa1-47ef-a61b-e49bbff61a0d">
      <Output>
        <StdOut>Save/Update: select * from LineaFactura WHERE  LineaFactura.nro_factura=1  AND  LineaFactura.tipo_factura='A' AND  LineaFactura.nro_sucursal=1  
Save/Update: select * from Articulos WHERE  Articulos.cod_articulo=1  ; select * from lista_precios WHERE borrado = 0
Save/Update: select * from Articulos WHERE  Articulos.cod_articulo=2  ; select * from lista_precios WHERE borrado = 0</StdOut>
      </Output>
    </UnitTestResult>
    <UnitTestResult executionId="ba76f8e8-128b-4019-9f53-8e845db57846" testId="79b9204c-aeda-7048-42ac-c6faee468388" testName="listarProveedoresTest" computerName="DIEGO-PC" duration="00:00:00.0091379" startTime="2012-11-19T01:14:25.0558002-03:00" endTime="2012-11-19T01:14:25.0718011-03:00" testType="13cdc9d9-ddb5-4fa4-a97d-d965ccfc6d4b" outcome="Passed" testListId="8c84fa94-04c1-424b-9868-57a2d4851a1d" relativeResultsDirectory="ba76f8e8-128b-4019-9f53-8e845db57846">
      <Output>
        <StdOut>Save/Update: select * from Proveedor
Save/Update: select * from OrdenDeCompra WHERE  OrdenDeCompra.id_proveedor=1  ; select * from documento_movimiento; select * from LineaOrdenDeCompra WHERE borrado = 0
Save/Update: select * from OrdenDeCompra WHERE  OrdenDeCompra.id_proveedor=2  ; select * from documento_movimiento; select * from LineaOrdenDeCompra WHERE borrado = 0
Save/Update: select * from OrdenDeCompra WHERE  OrdenDeCompra.id_proveedor=3  ; select * from documento_movimiento; select * from LineaOrdenDeCompra WHERE borrado = 0
Save/Update: delete OrdenDeCompra where nro_doc=5
Save/Update: delete documento where nro_doc=5
Save/Update: DELETE Proveedor WHERE id_proveedor=4  
Save/Update: UPDATE Proveedor SET nombre='nombre1', telefono='1111-1111', direccion='direccion 1' WHERE id_proveedor=1  ;</StdOut>
      </Output>
    </UnitTestResult>
    <UnitTestResult executionId="20007a0b-ebc1-4003-bce5-bbb4a4cb09d0" testId="79fcf63f-8b0d-33c2-c15a-b70a52cca16c" testName="grabarArticulosTest" computerName="DIEGO-PC" duration="00:00:00.0056497" startTime="2012-11-19T01:14:25.0748012-03:00" endTime="2012-11-19T01:14:25.0858019-03:00" testType="13cdc9d9-ddb5-4fa4-a97d-d965ccfc6d4b" outcome="Passed" testListId="8c84fa94-04c1-424b-9868-57a2d4851a1d" relativeResultsDirectory="20007a0b-ebc1-4003-bce5-bbb4a4cb09d0">
      <Output>
        <StdOut>Save/Update: SELECT  ISNULL(MAX(cod_articulo + 1),1) from Articulos
Save/Update: INSERT INTO Articulos (cod_articulo, tipoPrendaID, diseñoID, comentario, produccion, precioActual, borrado) VALUES (4 , 2 , 2 , 'com4', 10 , 1.4, 0 ); UPDATE lista_precios SET borrado=1 WHERE cod_articulo=4  ; 
Save/Update: select * from Articulos WHERE  Articulos.cod_articulo=4  ; select * from lista_precios WHERE borrado = 0
Save/Update: DELETE Articulos WHERE cod_articulo=4</StdOut>
      </Output>
    </UnitTestResult>
    <UnitTestResult executionId="dfdfcf09-ff93-4a30-afb3-393113aa74ae" testId="7a2f5966-e3a2-2a72-e68e-2d6083996de2" testName="buscarPrimerosHuecosMaquinaTest2" computerName="DIEGO-PC" duration="00:00:00.0312854" startTime="2012-11-19T01:14:25.0888020-03:00" endTime="2012-11-19T01:14:25.1268042-03:00" testType="13cdc9d9-ddb5-4fa4-a97d-d965ccfc6d4b" outcome="Passed" testListId="8c84fa94-04c1-424b-9868-57a2d4851a1d" relativeResultsDirectory="dfdfcf09-ff93-4a30-afb3-393113aa74ae">
      <Output>
        <StdOut>Save/Update: select * from produccion WHERE  produccion.cod_maquina=1  AND  produccion.fechaFinal&gt;= CAST('09/10/2012 11:00:00.000'  AS DateTime) ; select * from historico_estados_produccion WHERE borrado = 0
Save/Update: select * from Pedido WHERE  Pedido.cod_pedido=1  ; select * from produccion WHERE borrado = 0; select * from historico_estados_pedido WHERE borrado = 0
Save/Update: select * from Maquina WHERE  Maquina.cod_maquina=1  ; select * from JoinMaquinaToTipoPrenda
Save/Update: select * from Articulos WHERE  Articulos.cod_articulo=1  ; select * from lista_precios WHERE borrado = 0
Save/Update: select * from EstadoTrabajos WHERE  EstadoTrabajos.cod_estado=3  
Save/Update: select * from historico_estados_produccion WHERE  historico_estados_produccion.cod_produccion=1  
Save/Update: select * from produccion_operador WHERE  produccion_operador.cod_prodcuccion=1  
Save/Update: select * from Pedido WHERE  Pedido.cod_pedido=1  ; select * from produccion WHERE borrado = 0; select * from historico_estados_pedido WHERE borrado = 0
Save/Update: select * from Maquina WHERE  Maquina.cod_maquina=1  ; select * from JoinMaquinaToTipoPrenda
Save/Update: select * from Articulos WHERE  Articulos.cod_articulo=2  ; select * from lista_precios WHERE borrado = 0
Save/Update: select * from EstadoTrabajos WHERE  EstadoTrabajos.cod_estado=2  
Save/Update: select * from historico_estados_produccion WHERE  historico_estados_produccion.cod_produccion=2  
Save/Update: select * from produccion_operador WHERE  produccion_operador.cod_prodcuccion=2  
Save/Update: select * from Pedido WHERE  Pedido.cod_pedido=2  ; select * from produccion WHERE borrado = 0; select * from historico_estados_pedido WHERE borrado = 0
Save/Update: select * from Maquina WHERE  Maquina.cod_maquina=1  ; select * from JoinMaquinaToTipoPrenda
Save/Update: select * from Articulos WHERE  Articulos.cod_articulo=6  ; select * from lista_precios WHERE borrado = 0
Save/Update: select * from EstadoTrabajos WHERE  EstadoTrabajos.cod_estado=0  
Save/Update: select * from historico_estados_produccion WHERE  historico_estados_produccion.cod_produccion=5  
Save/Update: select * from produccion_operador WHERE  produccion_operador.cod_prodcuccion=5  
Save/Update: select * from produccion WHERE  produccion.cod_maquina=1  AND  produccion.fechaInicio&gt;= CAST('09/10/2012 14:00:00.000'  AS DateTime) ; select * from historico_estados_produccion WHERE borrado = 0
Save/Update: select * from Pedido WHERE  Pedido.cod_pedido=1  ; select * from produccion WHERE borrado = 0; select * from historico_estados_pedido WHERE borrado = 0
Save/Update: select * from Maquina WHERE  Maquina.cod_maquina=1  ; select * from JoinMaquinaToTipoPrenda
Save/Update: select * from Articulos WHERE  Articulos.cod_articulo=2  ; select * from lista_precios WHERE borrado = 0
Save/Update: select * from EstadoTrabajos WHERE  EstadoTrabajos.cod_estado=2  
Save/Update: select * from historico_estados_produccion WHERE  historico_estados_produccion.cod_produccion=2  
Save/Update: select * from produccion_operador WHERE  produccion_operador.cod_prodcuccion=2  
Save/Update: select * from Pedido WHERE  Pedido.cod_pedido=2  ; select * from produccion WHERE borrado = 0; select * from historico_estados_pedido WHERE borrado = 0
Save/Update: select * from Maquina WHERE  Maquina.cod_maquina=1  ; select * from JoinMaquinaToTipoPrenda
Save/Update: select * from Articulos WHERE  Articulos.cod_articulo=6  ; select * from lista_precios WHERE borrado = 0
Save/Update: select * from EstadoTrabajos WHERE  EstadoTrabajos.cod_estado=0  
Save/Update: select * from historico_estados_produccion WHERE  historico_estados_produccion.cod_produccion=5  
Save/Update: select * from produccion_operador WHERE  produccion_operador.cod_prodcuccion=5  
Save/Update: select * from produccion WHERE  produccion.cod_maquina=1  AND  produccion.fechaInicio&gt;= CAST('10/10/2012 12:00:00.000'  AS DateTime) ; select * from historico_estados_produccion WHERE borrado = 0
Save/Update: select * from Pedido WHERE  Pedido.cod_pedido=2  ; select * from produccion WHERE borrado = 0; select * from historico_estados_pedido WHERE borrado = 0
Save/Update: select * from Maquina WHERE  Maquina.cod_maquina=1  ; select * from JoinMaquinaToTipoPrenda
Save/Update: select * from Articulos WHERE  Articulos.cod_articulo=6  ; select * from lista_precios WHERE borrado = 0
Save/Update: select * from EstadoTrabajos WHERE  EstadoTrabajos.cod_estado=0  
Save/Update: select * from historico_estados_produccion WHERE  historico_estados_produccion.cod_produccion=5  
Save/Update: select * from produccion_operador WHERE  produccion_operador.cod_prodcuccion=5  
Save/Update: select * from produccion WHERE  produccion.cod_maquina=1  AND  produccion.fechaInicio&gt;= CAST('10/10/2012 16:00:00.000'  AS DateTime) ; select * from historico_estados_produccion WHERE borrado = 0
Save/Update: DELETE produccion_operador WHERE id_operador=2  AND cod_prodcuccion=7  
Save/Update: DELETE historico_estados_produccion WHERE nro_estado=1  AND cod_produccion=7  
Save/Update: DELETE historico_estados_produccion WHERE nro_estado=2  AND cod_produccion=7  
Save/Update: DELETE produccion WHERE cod_produccion=7</StdOut>
      </Output>
    </UnitTestResult>
    <UnitTestResult executionId="b5ecccbe-c0e5-422e-b4f8-5f98bbc95f5f" testId="7a5f4dc9-0c0b-a16a-647b-478ba12b4828" testName="buscarNewsletterPorIdTest" computerName="DIEGO-PC" duration="00:00:00.0024741" startTime="2012-11-19T01:14:25.1308044-03:00" endTime="2012-11-19T01:14:25.1428051-03:00" testType="13cdc9d9-ddb5-4fa4-a97d-d965ccfc6d4b" outcome="Passed" testListId="8c84fa94-04c1-424b-9868-57a2d4851a1d" relativeResultsDirectory="b5ecccbe-c0e5-422e-b4f8-5f98bbc95f5f">
      <Output>
        <StdOut>Save/Update: select * from newsletter WHERE  newsletter.id=2</StdOut>
      </Output>
    </UnitTestResult>
    <UnitTestResult executionId="7c269163-b471-4a93-9b53-9f11f713b977" testId="7eda418a-e258-a33c-7890-73630dd7266c" testName="modificarFacturasTest" computerName="DIEGO-PC" duration="00:00:00.0224917" startTime="2012-11-19T01:14:25.1478054-03:00" endTime="2012-11-19T01:14:25.1808073-03:00" testType="13cdc9d9-ddb5-4fa4-a97d-d965ccfc6d4b" outcome="Passed" testListId="8c84fa94-04c1-424b-9868-57a2d4851a1d" relativeResultsDirectory="7c269163-b471-4a93-9b53-9f11f713b977">
      <Output>
        <StdOut>Save/Update: SELECT  ISNULL(MAX(nro_Doc + 1),1) from documento
Save/Update: INSERT INTO documento VALUES (5)
Save/Update: SELECT  ISNULL(MAX(nro_orden_compra + 1),1) from OrdenDeCompra WHERE nro_sucursal=1 AND tipo_orden_compra='A'
Save/Update: INSERT INTO OrdenDeCompra (nro_Doc, iva, fecha, borrado, nro_orden_compra, nro_sucursal, tipo_orden_compra, id_proveedor, monto) VALUES (5 , 33.3,  CAST('19/11/2012 01:14:25.155'  AS DateTime), 0 , 2 , 1 , 'A', 2 , 33.3); UPDATE LineaOrdenDeCompra SET borrado=1 WHERE nro_orden_compra=2  AND nro_sucursal=1  AND tipo_orden_compra='A' ; 
Save/Update: select * from OrdenDeCompra WHERE  OrdenDeCompra.nro_Doc=5  ; select * from documento_movimiento; select * from LineaOrdenDeCompra WHERE borrado = 0
Save/Update: UPDATE OrdenDeCompra SET nro_Doc=5 , iva=25.5, fecha= CAST('19/11/2012 01:14:25.157'  AS DateTime), borrado=0 , id_proveedor=2 , monto=33.3 WHERE nro_orden_compra=2  AND nro_sucursal=1  AND tipo_orden_compra='A' ; UPDATE LineaOrdenDeCompra SET borrado=1 WHERE nro_orden_compra=2  AND nro_sucursal=1  AND tipo_orden_compra='A' ; 
Save/Update: select * from OrdenDeCompra WHERE  OrdenDeCompra.nro_Doc=5  ; select * from documento_movimiento; select * from LineaOrdenDeCompra WHERE borrado = 0
Save/Update: delete OrdenDeCompra where nro_doc=5
Save/Update: delete documento where nro_doc=5</StdOut>
      </Output>
    </UnitTestResult>
    <UnitTestResult executionId="afecc560-c666-4964-9f91-9560bb44c62f" testId="7ef8ab41-162c-76bc-02f7-a575f043f7e4" testName="grabarMovimientosTest" computerName="DIEGO-PC" duration="00:00:00.0057009" startTime="2012-11-19T01:14:25.1928080-03:00" endTime="2012-11-19T01:14:25.2098090-03:00" testType="13cdc9d9-ddb5-4fa4-a97d-d965ccfc6d4b" outcome="Passed" testListId="8c84fa94-04c1-424b-9868-57a2d4851a1d" relativeResultsDirectory="afecc560-c666-4964-9f91-9560bb44c62f">
      <Output>
        <StdOut>Save/Update: SELECT  ISNULL(MAX(nro_movimiento + 1),1) from MovimientosStock WHERE cod_insumo=1
Save/Update: INSERT INTO MovimientosStock (nro_movimiento, cod_insumo, tipo, fecha, cantidad) VALUES (3 , 1 , 1 ,  CAST('11/11/2012 00:00:00.000'  AS DateTime), 15); 
Save/Update: select * from MovimientosStock WHERE  MovimientosStock.cod_insumo=1  AND  MovimientosStock.nro_movimiento=3  
Save/Update: DELETE MovimientosStock WHERE nro_movimiento=3  AND cod_insumo=1</StdOut>
      </Output>
    </UnitTestResult>
    <UnitTestResult executionId="336d56de-0da8-41a6-950f-bc45d97644b6" testId="7f0052b2-2fa5-1442-5124-403810b2060e" testName="listarOrdenDeComprasPorProveedorTest" computerName="DIEGO-PC" duration="00:00:00.0149185" startTime="2012-11-19T01:14:25.2148092-03:00" endTime="2012-11-19T01:14:25.2378106-03:00" testType="13cdc9d9-ddb5-4fa4-a97d-d965ccfc6d4b" outcome="Passed" testListId="8c84fa94-04c1-424b-9868-57a2d4851a1d" relativeResultsDirectory="336d56de-0da8-41a6-950f-bc45d97644b6">
      <Output>
        <StdOut>Save/Update: select * from OrdenDeCompra WHERE  OrdenDeCompra.id_proveedor=1  ; select * from documento_movimiento; select * from LineaOrdenDeCompra WHERE borrado = 0
Save/Update: select * from LineaOrdenDeCompra WHERE  LineaOrdenDeCompra.nro_orden_compra=1  AND  LineaOrdenDeCompra.tipo_orden_compra='A' AND  LineaOrdenDeCompra.nro_sucursal=1  
Save/Update: select * from insumo WHERE  insumo.cod_insumo=1  
Save/Update: select * from insumo WHERE  insumo.cod_insumo=2  
Save/Update: select * from Proveedor WHERE  Proveedor.id_proveedor=1  
Save/Update: select * from MovimientosCuenta JOIN documento_movimiento AS documento ON MovimientosCuenta.nro_movimiento=documento.nro_movimiento JOIN proveedor_movimientos AS proveedor ON MovimientosCuenta.nro_movimiento=proveedor.nro_movimiento WHERE documento.nro_Doc=3  AND proveedor.id_proveedor IS NOT  NULL ; select * from proveedor_movimientos; select * from documento_movimiento
Save/Update: select * from LineaOrdenDeCompra WHERE  LineaOrdenDeCompra.nro_orden_compra=2  AND  LineaOrdenDeCompra.tipo_orden_compra='B' AND  LineaOrdenDeCompra.nro_sucursal=1  
Save/Update: select * from insumo WHERE  insumo.cod_insumo=1  
Save/Update: select * from insumo WHERE  insumo.cod_insumo=1  
Save/Update: select * from Proveedor WHERE  Proveedor.id_proveedor=1  
Save/Update: select * from MovimientosCuenta JOIN documento_movimiento AS documento ON MovimientosCuenta.nro_movimiento=documento.nro_movimiento JOIN proveedor_movimientos AS proveedor ON MovimientosCuenta.nro_movimiento=proveedor.nro_movimiento WHERE documento.nro_Doc=4  AND proveedor.id_proveedor IS NOT  NULL ; select * from proveedor_movimientos; select * from documento_movimiento
Save/Update: DELETE LineaOrdenDeCompra WHERE nro_orden_compra=2  AND nro_sucursal=1  AND tipo_orden_compra='A' AND nro_linea=1  
Save/Update: DELETE LineaOrdenDeCompra WHERE nro_orden_compra=2  AND nro_sucursal=1  AND tipo_orden_compra='A' AND nro_linea=2  
Save/Update: DELETE proveedor_movimientos where nro_movimiento=4  ; DELETE documento_movimiento where nro_movimiento=4  ; ;DELETE MovimientosCuenta WHERE nro_movimiento=4  
Save/Update: DELETE FROM OrdenDeCompra WHERE nro_Doc =5
Save/Update: delete documento where nro_doc=5</StdOut>
      </Output>
    </UnitTestResult>
    <UnitTestResult executionId="c04c877f-7294-444b-84f8-d768b4ab98ba" testId="7f10aeee-1e6d-047f-bf86-9fb35cb9cbd0" testName="buscarPrendasPorIDTest" computerName="DIEGO-PC" duration="00:00:00.0020271" startTime="2012-11-19T01:14:25.2408107-03:00" endTime="2012-11-19T01:14:25.2508113-03:00" testType="13cdc9d9-ddb5-4fa4-a97d-d965ccfc6d4b" outcome="Passed" testListId="8c84fa94-04c1-424b-9868-57a2d4851a1d" relativeResultsDirectory="c04c877f-7294-444b-84f8-d768b4ab98ba">
      <Output>
        <StdOut>Save/Update: select * from TipoPrenda WHERE  TipoPrenda.tipo_prenda=2</StdOut>
      </Output>
    </UnitTestResult>
    <UnitTestResult executionId="ba89f7f0-53a7-4181-b4e6-d7f1fa066f64" testId="7f31f25c-e328-77fa-dde7-0ee6e5a7e366" testName="listarUsuariosTest" computerName="DIEGO-PC" duration="00:00:00.0211769" startTime="2012-11-19T01:14:25.2538115-03:00" endTime="2012-11-19T01:14:25.2828131-03:00" testType="13cdc9d9-ddb5-4fa4-a97d-d965ccfc6d4b" outcome="Passed" testListId="8c84fa94-04c1-424b-9868-57a2d4851a1d" relativeResultsDirectory="ba89f7f0-53a7-4181-b4e6-d7f1fa066f64">
      <Output>
        <StdOut>Save/Update: select * from Usuario; select * from JoinUsuarioToFamilia; select * from JoinPatenteToUsuario
Save/Update: select * from Familia JOIN JoinUsuarioToFamilia AS usuarios ON Familia.familiaID=usuarios.familiaID WHERE usuarios.usuarioID=1  ; select * from JoinFamiliaToPatente
Save/Update: select * from Patente JOIN JoinPatenteToUsuario AS usuario ON Patente.patenteId=usuario.patenteId WHERE usuario.usuarioID=1  
Save/Update: select * from Cliente WHERE  Cliente.usuarioID=1  ; select * from cliente_movimientos; select * from Pedido WHERE borrado = 0; select * from Factura WHERE borrado = 0; select * from Diseño WHERE borrado = 0
Save/Update: select * from Familia JOIN JoinUsuarioToFamilia AS usuarios ON Familia.familiaID=usuarios.familiaID WHERE usuarios.usuarioID=2  ; select * from JoinFamiliaToPatente
Save/Update: select * from Patente JOIN JoinFamiliaToPatente AS familia ON Patente.patenteId=familia.patenteId WHERE familia.familiaID=2  
Save/Update: select * from Patente JOIN JoinPatenteToUsuario AS usuario ON Patente.patenteId=usuario.patenteId WHERE usuario.usuarioID=2  
Save/Update: select * from Cliente WHERE  Cliente.usuarioID=2  ; select * from cliente_movimientos; select * from Pedido WHERE borrado = 0; select * from Factura WHERE borrado = 0; select * from Diseño WHERE borrado = 0
Save/Update: select * from Familia JOIN JoinUsuarioToFamilia AS usuarios ON Familia.familiaID=usuarios.familiaID WHERE usuarios.usuarioID=3  ; select * from JoinFamiliaToPatente
Save/Update: select * from Patente JOIN JoinFamiliaToPatente AS familia ON Patente.patenteId=familia.patenteId WHERE familia.familiaID=6  
Save/Update: select * from Patente JOIN JoinPatenteToUsuario AS usuario ON Patente.patenteId=usuario.patenteId WHERE usuario.usuarioID=3  
Save/Update: select * from Cliente WHERE  Cliente.usuarioID=3  ; select * from cliente_movimientos; select * from Pedido WHERE borrado = 0; select * from Factura WHERE borrado = 0; select * from Diseño WHERE borrado = 0
Save/Update: select * from Familia JOIN JoinUsuarioToFamilia AS usuarios ON Familia.familiaID=usuarios.familiaID WHERE usuarios.usuarioID=4  ; select * from JoinFamiliaToPatente
Save/Update: select * from Patente JOIN JoinPatenteToUsuario AS usuario ON Patente.patenteId=usuario.patenteId WHERE usuario.usuarioID=4  
Save/Update: select * from Cliente WHERE  Cliente.usuarioID=4  ; select * from cliente_movimientos; select * from Pedido WHERE borrado = 0; select * from Factura WHERE borrado = 0; select * from Diseño WHERE borrado = 0
Save/Update: select * from Familia JOIN JoinUsuarioToFamilia AS usuarios ON Familia.familiaID=usuarios.familiaID WHERE usuarios.usuarioID=5  ; select * from JoinFamiliaToPatente
Save/Update: select * from Patente JOIN JoinPatenteToUsuario AS usuario ON Patente.patenteId=usuario.patenteId WHERE usuario.usuarioID=5  
Save/Update: select * from Cliente WHERE  Cliente.usuarioID=5  ; select * from cliente_movimientos; select * from Pedido WHERE borrado = 0; select * from Factura WHERE borrado = 0; select * from Diseño WHERE borrado = 0</StdOut>
      </Output>
    </UnitTestResult>
    <UnitTestResult executionId="4e7a1e22-f79c-4344-a104-86ed7ea4da65" testId="80476086-aaaa-ba28-a4dc-0972defbe8bb" testName="GrabarDiseñoTest1" computerName="DIEGO-PC" duration="00:00:00.0132614" startTime="2012-11-19T01:14:25.2868134-03:00" endTime="2012-11-19T01:14:25.3058145-03:00" testType="13cdc9d9-ddb5-4fa4-a97d-d965ccfc6d4b" outcome="Passed" testListId="8c84fa94-04c1-424b-9868-57a2d4851a1d" relativeResultsDirectory="4e7a1e22-f79c-4344-a104-86ed7ea4da65">
      <Output>
        <StdOut>Save/Update: SELECT  ISNULL(MAX(cod_diseño + 1),1) from Diseño
Save/Update: INSERT INTO Diseño (cod_diseño, nombre, puntadas, alto, ancho, id_cliente, estadoActual, pathImagen, pathDetalle, pathArchivoEditable, pathArchivoFinal, borrado) VALUES (3 , 'diseño3', 3333 , 33 , 33 , 1 , 1 , '', '', '', '', 0 ); UPDATE historico_estados_diseño SET borrado=1 WHERE cod_diseño=3  ; 
Save/Update: INSERT INTO Diseño_insumos (cod_diseño, cod_insumo, cantidad) VALUES (3 , 1 , 3); 
Save/Update: SELECT  ISNULL(MAX(nro_estado + 1),1) from historico_estados_diseño WHERE cod_diseño=3
Save/Update: INSERT INTO historico_estados_diseño (nro_estado, cod_diseño, comentario, fechaDesde, fechaHasta, estado, borrado) VALUES (1 , 3 , 'creacion ficha diseño',  CAST('19/11/2012 01:14:25.291'  AS DateTime),  NULL , 1 , 0 ); 
Save/Update: select * from Diseño WHERE  Diseño.cod_diseño=3  ; select * from historico_estados_diseño WHERE borrado = 0
Save/Update: select * from Cliente WHERE  Cliente.id_cliente=1  ; select * from cliente_movimientos; select * from Pedido WHERE borrado = 0; select * from Factura WHERE borrado = 0; select * from Diseño WHERE borrado = 0
Save/Update: select * from Usuario WHERE  Usuario.usuarioID=1  ; select * from JoinUsuarioToFamilia; select * from JoinPatenteToUsuario
Save/Update: select * from Diseño_insumos WHERE  Diseño_insumos.cod_diseño=3  
Save/Update: select * from historico_estados_diseño WHERE  historico_estados_diseño.cod_diseño=3  
Save/Update: select * from EstadoDiseños WHERE  EstadoDiseños.estado=1  
Save/Update: DELETE FROM Diseño_insumos where cod_diseño=3
Save/Update: DELETE FROM historico_estados_diseño where cod_diseño=3
Save/Update: DELETE Diseño WHERE cod_diseño=3</StdOut>
      </Output>
    </UnitTestResult>
    <UnitTestResult executionId="44b34f5d-9c53-4637-80cf-cb4c2de13b93" testId="80e94a1b-f37e-ea8a-5357-ae59cc6e5e45" testName="buscarPrendasPorIDTest" computerName="DIEGO-PC" duration="00:00:00.0022114" startTime="2012-11-19T01:14:25.3108147-03:00" endTime="2012-11-19T01:14:25.3198153-03:00" testType="13cdc9d9-ddb5-4fa4-a97d-d965ccfc6d4b" outcome="Passed" testListId="8c84fa94-04c1-424b-9868-57a2d4851a1d" relativeResultsDirectory="44b34f5d-9c53-4637-80cf-cb4c2de13b93">
      <Output>
        <StdOut>Save/Update: select * from TipoPrenda WHERE  TipoPrenda.tipo_prenda=2</StdOut>
      </Output>
    </UnitTestResult>
    <UnitTestResult executionId="d0cb36e6-0d9d-4aea-8e82-f93db52318c9" testId="81b50b2a-4878-5c02-6765-8402ba293155" testName="actualizarProduccionOperadorTDGTest" computerName="DIEGO-PC" duration="00:00:00.0068154" startTime="2012-11-19T01:14:25.3238155-03:00" endTime="2012-11-19T01:14:25.3368162-03:00" testType="13cdc9d9-ddb5-4fa4-a97d-d965ccfc6d4b" outcome="Passed" testListId="8c84fa94-04c1-424b-9868-57a2d4851a1d" relativeResultsDirectory="d0cb36e6-0d9d-4aea-8e82-f93db52318c9">
      <Output>
        <StdOut>Save/Update: UPDATE produccion_operador SET porcentaje=1  WHERE id_operador=1  AND cod_prodcuccion=1  ; 
Save/Update: select * from produccion_operador WHERE  produccion_operador.id_operador=1  AND  produccion_operador.cod_prodcuccion=1  
Save/Update: UPDATE produccion_operador SET porcentaje=50  WHERE id_operador=1  AND cod_prodcuccion=1  ;</StdOut>
      </Output>
    </UnitTestResult>
    <UnitTestResult executionId="d7fafd5c-f00a-44bb-ac37-9ae4d0d2428b" testId="82c5d364-01e4-3d1f-8a3c-419d68a3ff5f" testName="listarPedidosPorClienteTest" computerName="DIEGO-PC" duration="00:00:00.0176997" startTime="2012-11-19T01:14:25.3398164-03:00" endTime="2012-11-19T01:14:25.3638178-03:00" testType="13cdc9d9-ddb5-4fa4-a97d-d965ccfc6d4b" outcome="Passed" testListId="8c84fa94-04c1-424b-9868-57a2d4851a1d" relativeResultsDirectory="d7fafd5c-f00a-44bb-ac37-9ae4d0d2428b">
      <Output>
        <StdOut>Save/Update: select * from Pedido WHERE  Pedido.id_cliente=1  ; select * from produccion WHERE borrado = 0; select * from historico_estados_pedido WHERE borrado = 0
Save/Update: select * from historico_estados_pedido WHERE  historico_estados_pedido.cod_pedido=1  
Save/Update: select * from tipoPedido WHERE  tipoPedido.tipo_pedido=1  
Save/Update: select * from produccion WHERE  produccion.cod_pedido=1  ; select * from historico_estados_produccion WHERE borrado = 0
Save/Update: select * from Cliente WHERE  Cliente.id_cliente=1  ; select * from cliente_movimientos; select * from Pedido WHERE borrado = 0; select * from Factura WHERE borrado = 0; select * from Diseño WHERE borrado = 0
Save/Update: select * from EstadoPedido WHERE  EstadoPedido.estado_pedido=3  
Save/Update: select * from historico_estados_pedido WHERE  historico_estados_pedido.cod_pedido=3  
Save/Update: select * from tipoPedido WHERE  tipoPedido.tipo_pedido=2  
Save/Update: select * from produccion WHERE  produccion.cod_pedido=3  ; select * from historico_estados_produccion WHERE borrado = 0
Save/Update: select * from Cliente WHERE  Cliente.id_cliente=1  ; select * from cliente_movimientos; select * from Pedido WHERE borrado = 0; select * from Factura WHERE borrado = 0; select * from Diseño WHERE borrado = 0
Save/Update: select * from EstadoPedido WHERE  EstadoPedido.estado_pedido=0  
Save/Update: select * from historico_estados_pedido WHERE  historico_estados_pedido.cod_pedido=4  
Save/Update: select * from tipoPedido WHERE  tipoPedido.tipo_pedido=1  
Save/Update: select * from produccion WHERE  produccion.cod_pedido=4  ; select * from historico_estados_produccion WHERE borrado = 0
Save/Update: select * from Cliente WHERE  Cliente.id_cliente=1  ; select * from cliente_movimientos; select * from Pedido WHERE borrado = 0; select * from Factura WHERE borrado = 0; select * from Diseño WHERE borrado = 0
Save/Update: select * from EstadoPedido WHERE  EstadoPedido.estado_pedido=0  
Save/Update: DELETE historico_estados_pedido WHERE nro_estado=1  AND cod_pedido=5  
Save/Update: DELETE historico_estados_pedido WHERE nro_estado=2  AND cod_pedido=5  
Save/Update: DELETE produccion WHERE cod_produccion=7  
Save/Update: DELETE Pedido WHERE cod_pedido=5</StdOut>
      </Output>
    </UnitTestResult>
    <UnitTestResult executionId="30742a65-33fd-4f78-aff7-b7e6b2ba9b36" testId="83ce9798-d52f-2f3d-8537-200546cde5a9" testName="listarPedidosConRestriccionTest" computerName="DIEGO-PC" duration="00:00:00.0191340" startTime="2012-11-19T01:14:25.3678180-03:00" endTime="2012-11-19T01:14:25.3928194-03:00" testType="13cdc9d9-ddb5-4fa4-a97d-d965ccfc6d4b" outcome="Passed" testListId="8c84fa94-04c1-424b-9868-57a2d4851a1d" relativeResultsDirectory="30742a65-33fd-4f78-aff7-b7e6b2ba9b36">
      <Output>
        <StdOut>Save/Update: select * from Pedido WHERE  Pedido.id_cliente=1  AND  Pedido.estadoActual=3  AND  Pedido.fechaInicio&gt;= CAST('11/09/2012 12:00:00.000'  AS DateTime) AND  Pedido.fechaInicio&lt;= CAST('11/09/2012 14:00:00.000'  AS DateTime) AND  Pedido.fechaFinal&gt;= CAST('11/09/2012 12:00:00.000'  AS DateTime) AND  Pedido.fechaFinal&lt;= CAST('11/09/2012 14:00:00.000'  AS DateTime) ; select * from produccion WHERE borrado = 0; select * from historico_estados_pedido WHERE borrado = 0
Save/Update: select * from historico_estados_pedido WHERE  historico_estados_pedido.cod_pedido=1  
Save/Update: select * from tipoPedido WHERE  tipoPedido.tipo_pedido=1  
Save/Update: select * from produccion WHERE  produccion.cod_pedido=1  ; select * from historico_estados_produccion WHERE borrado = 0
Save/Update: select * from Cliente WHERE  Cliente.id_cliente=1  ; select * from cliente_movimientos; select * from Pedido WHERE borrado = 0; select * from Factura WHERE borrado = 0; select * from Diseño WHERE borrado = 0
Save/Update: select * from EstadoPedido WHERE  EstadoPedido.estado_pedido=3  
Save/Update: DELETE historico_estados_pedido WHERE nro_estado=1  AND cod_pedido=5  
Save/Update: DELETE historico_estados_pedido WHERE nro_estado=2  AND cod_pedido=5  
Save/Update: DELETE produccion WHERE cod_produccion=7  
Save/Update: DELETE Pedido WHERE cod_pedido=5</StdOut>
      </Output>
    </UnitTestResult>
    <UnitTestResult executionId="e412bb37-9ff3-4688-96b8-4ac8e1421948" testId="84b841c4-bb70-5525-3ae9-fa35ed11627d" testName="cargarUsuarioTest" computerName="DIEGO-PC" duration="00:00:00.0033921" startTime="2012-11-19T01:14:25.3968197-03:00" endTime="2012-11-19T01:14:25.4058202-03:00" testType="13cdc9d9-ddb5-4fa4-a97d-d965ccfc6d4b" outcome="Passed" testListId="8c84fa94-04c1-424b-9868-57a2d4851a1d" relativeResultsDirectory="e412bb37-9ff3-4688-96b8-4ac8e1421948">
      <Output>
        <StdOut>Save/Update: select * from Usuario WHERE  Usuario.usuarioID=1  ; select * from JoinUsuarioToFamilia; select * from JoinPatenteToUsuario
Save/Update: DELETE JoinUsuarioToFamilia where usuarioID=6  ; DELETE JoinPatenteToUsuario where usuarioID=6  ; ;DELETE Usuario WHERE usuarioID=6  
Save/Update: UPDATE Usuario SET nombre='nombre5', apellido='apellido5', mail='mail5@test.com', password='pas5', telefonoFijo='5555-5555', telefonoMovil='5555-5555', bloqueado=0  WHERE usuarioID=5  ; DELETE JoinUsuarioToFamilia where usuarioID=5  ; DELETE JoinPatenteToUsuario where usuarioID=5  ;</StdOut>
      </Output>
    </UnitTestResult>
    <UnitTestResult executionId="2309e665-b7c9-4b57-937d-a16348f4a828" testId="851b9d78-997d-9c75-eab0-197fa14a11f0" testName="grabarTest" computerName="DIEGO-PC" duration="00:00:00.0207712" startTime="2012-11-19T01:14:25.4098204-03:00" endTime="2012-11-19T01:14:25.4368219-03:00" testType="13cdc9d9-ddb5-4fa4-a97d-d965ccfc6d4b" outcome="Passed" testListId="8c84fa94-04c1-424b-9868-57a2d4851a1d" relativeResultsDirectory="2309e665-b7c9-4b57-937d-a16348f4a828">
      <Output>
        <StdOut>Save/Update: SELECT  ISNULL(MAX(id_conversacion + 1),1) from Conversacion
Save/Update: INSERT INTO Conversacion (id_conversacion, remitente, destinatario) VALUES (3 , 2 , 3 ); UPDATE mensaje SET borrado=1 WHERE id_conversacion=3  ; 
Save/Update: SELECT  ISNULL(MAX(id + 1),1) from Mensaje
Save/Update: INSERT INTO Mensaje (id, tipoMensaje, fecha, mensaje, leido, borrado, id_conversacion) VALUES (5 , 0 ,  CAST('19/11/2012 01:14:25.417'  AS DateTime), 'test msj grabarMensajeTest', 0 , 0 , 3 ); 
Save/Update: SELECT  ISNULL(MAX(id + 1),1) from Mensaje
Save/Update: INSERT INTO Mensaje (id, tipoMensaje, fecha, mensaje, leido, borrado, id_conversacion) VALUES (6 , 1 ,  CAST('19/11/2012 01:14:25.417'  AS DateTime), 'test msj grabarMensajeTest', 0 , 0 , 3 ); 
Save/Update: select * from Conversacion WHERE  Conversacion.remitente=3  ; select * from mensaje WHERE borrado = 0
Save/Update: select * from Conversacion WHERE  Conversacion.destinatario=3  ; select * from mensaje WHERE borrado = 0
Save/Update: select * from Usuario WHERE  Usuario.usuarioID=2  ; select * from JoinUsuarioToFamilia; select * from JoinPatenteToUsuario
Save/Update: select * from Usuario WHERE  Usuario.usuarioID=3  ; select * from JoinUsuarioToFamilia; select * from JoinPatenteToUsuario
Save/Update: select * from Mensaje WHERE  Mensaje.id_conversacion=3  
Save/Update: DELETE Mensaje WHERE id=5  
Save/Update: DELETE Mensaje WHERE id=6  
Save/Update: DELETE Conversacion WHERE id_conversacion=3</StdOut>
      </Output>
    </UnitTestResult>
    <UnitTestResult executionId="93eeae8c-5db2-4a7d-9e2f-2583c2d8298f" testId="85ca884d-a763-a279-970a-decd7d2ef2e7" testName="borrarOperadorTest" computerName="DIEGO-PC" duration="00:00:00.0115232" startTime="2012-11-19T01:14:25.4408222-03:00" endTime="2012-11-19T01:14:25.4578231-03:00" testType="13cdc9d9-ddb5-4fa4-a97d-d965ccfc6d4b" outcome="Passed" testListId="8c84fa94-04c1-424b-9868-57a2d4851a1d" relativeResultsDirectory="93eeae8c-5db2-4a7d-9e2f-2583c2d8298f">
      <Output>
        <StdOut>Save/Update: SELECT  ISNULL(MAX(id_Operador + 1),1) from operador
Save/Update: INSERT INTO operador (id_Operador, id_usuario) VALUES (3 , 3 ); 
Save/Update: select * from operador
Save/Update: DELETE operador WHERE id_Operador=3  
Save/Update: select * from operador
Save/Update: DELETE operador WHERE id_Operador=3</StdOut>
      </Output>
    </UnitTestResult>
    <UnitTestResult executionId="eee921f9-5de0-4fae-a1bc-adaebe175509" testId="88295536-741f-3a89-ef69-1ec7d6b91f08" testName="borrarMensajeTest" computerName="DIEGO-PC" duration="00:00:00.0063771" startTime="2012-11-19T01:14:25.4628234-03:00" endTime="2012-11-19T01:14:25.4758242-03:00" testType="13cdc9d9-ddb5-4fa4-a97d-d965ccfc6d4b" outcome="Passed" testListId="8c84fa94-04c1-424b-9868-57a2d4851a1d" relativeResultsDirectory="eee921f9-5de0-4fae-a1bc-adaebe175509">
      <Output>
        <StdOut>Save/Update: SELECT  ISNULL(MAX(id_conversacion + 1),1) from Conversacion
Save/Update: INSERT INTO Conversacion (id_conversacion, remitente, destinatario) VALUES (3 , 2 , 1 ); UPDATE mensaje SET borrado=1 WHERE id_conversacion=3  ; 
Save/Update: select * from Conversacion WHERE  Conversacion.remitente=2  AND  Conversacion.destinatario=1  ; select * from mensaje WHERE borrado = 0
Save/Update: DELETE Conversacion WHERE id_conversacion=3  
Save/Update: select * from Conversacion WHERE  Conversacion.remitente=2  AND  Conversacion.destinatario=1  ; select * from mensaje WHERE borrado = 0
Save/Update: DELETE Conversacion WHERE id_conversacion=3  
Save/Update: update mensaje set borrado=0</StdOut>
      </Output>
    </UnitTestResult>
    <UnitTestResult executionId="2261eb82-81a1-4f8c-bfed-cc47d98d42a5" testId="882cbeee-1641-823c-0b10-58aeb9cabf93" testName="cargarFamiliaTest" computerName="DIEGO-PC" duration="00:00:00.0033382" startTime="2012-11-19T01:14:25.4798244-03:00" endTime="2012-11-19T01:14:25.4888249-03:00" testType="13cdc9d9-ddb5-4fa4-a97d-d965ccfc6d4b" outcome="Passed" testListId="8c84fa94-04c1-424b-9868-57a2d4851a1d" relativeResultsDirectory="2261eb82-81a1-4f8c-bfed-cc47d98d42a5">
      <Output>
        <StdOut>Save/Update: select * from Familia WHERE  Familia.nombre='Administracion usuarios' ; select * from JoinFamiliaToPatente
Save/Update: select * from Patente JOIN JoinFamiliaToPatente AS familia ON Patente.patenteId=familia.patenteId WHERE familia.familiaID=6</StdOut>
      </Output>
    </UnitTestResult>
    <UnitTestResult executionId="5217908b-9d03-41ea-b9b7-d1db49fea4fd" testId="896a2208-4c38-b781-3b7e-b236d6d81cd2" testName="grabarMovimientoTest" computerName="DIEGO-PC" duration="00:00:00.0083956" startTime="2012-11-19T01:14:25.4928252-03:00" endTime="2012-11-19T01:14:25.5068260-03:00" testType="13cdc9d9-ddb5-4fa4-a97d-d965ccfc6d4b" outcome="Passed" testListId="8c84fa94-04c1-424b-9868-57a2d4851a1d" relativeResultsDirectory="5217908b-9d03-41ea-b9b7-d1db49fea4fd">
      <Output>
        <StdOut>Save/Update: SELECT  ISNULL(MAX(nro_movimiento + 1),1) from MovimientosCuenta
Save/Update: INSERT INTO MovimientosCuenta (nro_movimiento, comentario, fecha, monto, cuentaID, tipoMovimientoID) VALUES (4 , 'com4',  CAST('19/11/2012 01:14:25.497'  AS DateTime), 33.3, 1 , 2 ); DELETE proveedor_movimientos where nro_movimiento=4  ;  INSERT INTO proveedor_movimientos ( nro_movimiento, id_proveedor) VALUES ( 4 , 3 ); DELETE documento_movimiento where nro_movimiento=4  ; 
Save/Update: select * from MovimientosCuenta JOIN proveedor_movimientos AS proveedor ON MovimientosCuenta.nro_movimiento=proveedor.nro_movimiento WHERE  MovimientosCuenta.nro_movimiento=4  AND proveedor.id_proveedor IS NOT  NULL ; select * from proveedor_movimientos; select * from documento_movimiento
Save/Update: select * from Proveedor WHERE  Proveedor.id_proveedor=3  
Save/Update: select * from OrdenDeCompra WHERE  OrdenDeCompra.id_proveedor=3  ; select * from documento_movimiento; select * from LineaOrdenDeCompra WHERE borrado = 0
Save/Update: select * from tipoMovimiento WHERE  tipoMovimiento.tipoMovimientoID=2  
Save/Update: select * from Cuenta WHERE  Cuenta.cuentaID=1  
Save/Update: DELETE proveedor_movimientos where nro_movimiento=4  ; DELETE documento_movimiento where nro_movimiento=4  ; ;DELETE MovimientosCuenta WHERE nro_movimiento=4</StdOut>
      </Output>
    </UnitTestResult>
    <UnitTestResult executionId="a41c5e3a-f5d8-4a4c-85e2-b98f1884daa6" testId="8a0dd9bc-7acf-b95a-4187-a00b7726fa73" testName="listarInsumosPorColorTest" computerName="DIEGO-PC" duration="00:00:00.0104675" startTime="2012-11-19T01:14:25.5098261-03:00" endTime="2012-11-19T01:14:25.5288272-03:00" testType="13cdc9d9-ddb5-4fa4-a97d-d965ccfc6d4b" outcome="Passed" testListId="8c84fa94-04c1-424b-9868-57a2d4851a1d" relativeResultsDirectory="a41c5e3a-f5d8-4a4c-85e2-b98f1884daa6">
      <Output>
        <StdOut>Save/Update: select * from insumo WHERE  insumo.color=1  
Save/Update: select * from tipoInsumo WHERE  tipoInsumo.tipo_insumo=1  
Save/Update: select * from color WHERE  color.codigo_color=1  
Save/Update: select * from MovimientosStock WHERE  MovimientosStock.cod_insumo=1  
Save/Update: select * from insumo WHERE  insumo.cod_insumo=1  
Save/Update: select * from tipoInsumo WHERE  tipoInsumo.tipo_insumo=1  
Save/Update: select * from color WHERE  color.codigo_color=1  
Save/Update: select * from MovimientosStock WHERE  MovimientosStock.cod_insumo=1  
Save/Update: select * from insumo WHERE  insumo.cod_insumo=2  
Save/Update: select * from tipoInsumo WHERE  tipoInsumo.tipo_insumo=1  
Save/Update: select * from color WHERE  color.codigo_color=2  
Save/Update: select * from MovimientosStock WHERE  MovimientosStock.cod_insumo=2  
Save/Update: select * from insumo WHERE  insumo.cod_insumo=1  
Save/Update: select * from tipoInsumo WHERE  tipoInsumo.tipo_insumo=1  
Save/Update: select * from color WHERE  color.codigo_color=1  
Save/Update: select * from MovimientosStock WHERE  MovimientosStock.cod_insumo=1  
Save/Update: UPDATE insumo SET nombre='nombre1', id_tipo_insumo=1 , color=1 , detalle='detalle1', costo=1, cantidadActual=1  WHERE cod_insumo=1  ; 
Save/Update: select * from insumo WHERE  insumo.cod_insumo=2  
Save/Update: select * from tipoInsumo WHERE  tipoInsumo.tipo_insumo=1  
Save/Update: select * from color WHERE  color.codigo_color=2  
Save/Update: select * from MovimientosStock WHERE  MovimientosStock.cod_insumo=2  
Save/Update: UPDATE insumo SET nombre='nombre2', id_tipo_insumo=1 , color=2 , detalle='detalle2', costo=1, cantidadActual=2  WHERE cod_insumo=2  ; 
Save/Update: delete from MovimientosStock where cod_insumo &gt; 2 or (cod_insumo = 1 AND nro_movimiento &gt; 2) or (cod_insumo = 2 AND nro_movimiento &gt; 1)
Save/Update: DELETE MovimientosStock WHERE nro_movimiento=1  AND cod_insumo=5  
Save/Update: DELETE MovimientosStock WHERE nro_movimiento=2  AND cod_insumo=5  
Save/Update: DELETE insumo WHERE cod_insumo=5</StdOut>
      </Output>
    </UnitTestResult>
    <UnitTestResult executionId="a9f20213-aa4b-4328-8098-dbcce525a367" testId="8c641761-f8ac-ef3e-efbe-0d44137ab9ce" testName="grabarOrdenDeCompraTest" computerName="DIEGO-PC" duration="00:00:00.0148877" startTime="2012-11-19T01:14:25.5338275-03:00" endTime="2012-11-19T01:14:25.5548287-03:00" testType="13cdc9d9-ddb5-4fa4-a97d-d965ccfc6d4b" outcome="Passed" testListId="8c84fa94-04c1-424b-9868-57a2d4851a1d" relativeResultsDirectory="a9f20213-aa4b-4328-8098-dbcce525a367">
      <Output>
        <StdOut>Save/Update: SELECT  ISNULL(MAX(nro_Doc + 1),1) from documento
Save/Update: INSERT INTO documento VALUES (5)
Save/Update: SELECT  ISNULL(MAX(nro_orden_compra + 1),1) from OrdenDeCompra WHERE nro_sucursal=1 AND tipo_orden_compra='A'
Save/Update: INSERT INTO OrdenDeCompra (nro_Doc, iva, fecha, borrado, nro_orden_compra, nro_sucursal, tipo_orden_compra, id_proveedor, monto) VALUES (5 , 1.1,  CAST('13/10/2012 21:44:12.000'  AS DateTime), 0 , 2 , 1 , 'A', 2 , 100); UPDATE LineaOrdenDeCompra SET borrado=1 WHERE nro_orden_compra=2  AND nro_sucursal=1  AND tipo_orden_compra='A' ; 
Save/Update: SELECT  ISNULL(MAX(nro_linea + 1),1) from LineaOrdenDeCompra WHERE nro_orden_compra=2 AND nro_sucursal=1 AND tipo_orden_compra='A'
Save/Update: INSERT INTO LineaOrdenDeCompra (nro_orden_compra, nro_sucursal, tipo_orden_compra, nro_linea, cod_producto, cantidad, precio, borrado) VALUES (2 , 1 , 'A', 1 , 2 , 10 , 50, 0 ); 
Save/Update: SELECT  ISNULL(MAX(nro_movimiento + 1),1) from MovimientosCuenta
Save/Update: INSERT INTO MovimientosCuenta (nro_movimiento, comentario, fecha, monto, cuentaID, tipoMovimientoID) VALUES (4 , 'com test',  CAST('13/10/2012 21:44:12.000'  AS DateTime), 100, 1 , 1 ); DELETE proveedor_movimientos where nro_movimiento=4  ;  INSERT INTO proveedor_movimientos ( nro_movimiento, id_proveedor) VALUES ( 4 , 2 ); DELETE documento_movimiento where nro_movimiento=4  ;  INSERT INTO documento_movimiento ( nro_movimiento, nro_Doc) VALUES ( 4 , 5 ); 
Save/Update: select * from OrdenDeCompra WHERE  OrdenDeCompra.nro_orden_compra=2  AND  OrdenDeCompra.nro_sucursal=1  AND  OrdenDeCompra.tipo_orden_compra='A' ; select * from documento_movimiento; select * from LineaOrdenDeCompra WHERE borrado = 0
Save/Update: select * from LineaOrdenDeCompra WHERE  LineaOrdenDeCompra.nro_orden_compra=2  AND  LineaOrdenDeCompra.tipo_orden_compra='A' AND  LineaOrdenDeCompra.nro_sucursal=1  
Save/Update: select * from insumo WHERE  insumo.cod_insumo=2  
Save/Update: select * from Proveedor WHERE  Proveedor.id_proveedor=2  
Save/Update: select * from MovimientosCuenta JOIN documento_movimiento AS documento ON MovimientosCuenta.nro_movimiento=documento.nro_movimiento JOIN proveedor_movimientos AS proveedor ON MovimientosCuenta.nro_movimiento=proveedor.nro_movimiento WHERE documento.nro_Doc=5  AND proveedor.id_proveedor IS NOT  NULL ; select * from proveedor_movimientos; select * from documento_movimiento
Save/Update: DELETE LineaOrdenDeCompra WHERE nro_orden_compra=2  AND nro_sucursal=1  AND tipo_orden_compra='A' AND nro_linea=1  
Save/Update: DELETE LineaOrdenDeCompra WHERE nro_orden_compra=2  AND nro_sucursal=1  AND tipo_orden_compra='A' AND nro_linea=2  
Save/Update: DELETE proveedor_movimientos where nro_movimiento=4  ; DELETE documento_movimiento where nro_movimiento=4  ; ;DELETE MovimientosCuenta WHERE nro_movimiento=4  
Save/Update: DELETE FROM OrdenDeCompra WHERE nro_Doc =5
Save/Update: delete documento where nro_doc=5</StdOut>
      </Output>
    </UnitTestResult>
    <UnitTestResult executionId="c3e233f4-cbe4-437e-865b-552feb07c1db" testId="8c73c5b1-73d0-fcfa-2a42-34f5914dbfb1" testName="cargarFamiliasPorIdTest" computerName="DIEGO-PC" duration="00:00:00.0036824" startTime="2012-11-19T01:14:25.5598290-03:00" endTime="2012-11-19T01:14:25.5698296-03:00" testType="13cdc9d9-ddb5-4fa4-a97d-d965ccfc6d4b" outcome="Passed" testListId="8c84fa94-04c1-424b-9868-57a2d4851a1d" relativeResultsDirectory="c3e233f4-cbe4-437e-865b-552feb07c1db">
      <Output>
        <StdOut>Save/Update: select * from Familia WHERE  Familia.familiaID=6  ; select * from JoinFamiliaToPatente
Save/Update: select * from Patente JOIN JoinFamiliaToPatente AS familia ON Patente.patenteId=familia.patenteId WHERE familia.familiaID=6</StdOut>
      </Output>
    </UnitTestResult>
    <UnitTestResult executionId="c589a052-2cd0-4912-964e-76abddf24352" testId="8ce4ba60-10ed-e341-0892-b9526f864034" testName="cargarFamiliasPorUsuarioTest" computerName="DIEGO-PC" duration="00:00:00.0034283" startTime="2012-11-19T01:14:25.5758299-03:00" endTime="2012-11-19T01:14:25.5858305-03:00" testType="13cdc9d9-ddb5-4fa4-a97d-d965ccfc6d4b" outcome="Passed" testListId="8c84fa94-04c1-424b-9868-57a2d4851a1d" relativeResultsDirectory="c589a052-2cd0-4912-964e-76abddf24352">
      <Output>
        <StdOut>Save/Update: select * from Familia JOIN JoinUsuarioToFamilia AS usuarios ON Familia.familiaID=usuarios.familiaID WHERE usuarios.usuarioID=3  ; select * from JoinFamiliaToPatente
Save/Update: select * from Patente JOIN JoinFamiliaToPatente AS familia ON Patente.patenteId=familia.patenteId WHERE familia.familiaID=6</StdOut>
      </Output>
    </UnitTestResult>
    <UnitTestResult executionId="d6c90f0f-42ba-4f30-8a5d-921daf21fabd" testId="8d735e5a-f52c-96a5-4bed-a99c0526014e" testName="grabarProveedorTest" computerName="DIEGO-PC" duration="00:00:00.0064862" startTime="2012-11-19T01:14:25.5928309-03:00" endTime="2012-11-19T01:14:25.6078317-03:00" testType="13cdc9d9-ddb5-4fa4-a97d-d965ccfc6d4b" outcome="Passed" testListId="8c84fa94-04c1-424b-9868-57a2d4851a1d" relativeResultsDirectory="d6c90f0f-42ba-4f30-8a5d-921daf21fabd">
      <Output>
        <StdOut>Save/Update: INSERT INTO Proveedor (id_proveedor, nombre, telefono, direccion) VALUES (4 , 'nombre4', '4444-4444', 'direccion 4'); 
Save/Update: select * from Proveedor
Save/Update: DELETE Proveedor WHERE id_proveedor=4</StdOut>
      </Output>
    </UnitTestResult>
    <UnitTestResult executionId="7a98b00d-0908-41f6-9bd3-181513dbe2af" testId="8e0c723b-e192-342e-eb9f-eccfedfe5ca1" testName="buscarPrimerosHuecosMaquinaTest3" computerName="DIEGO-PC" duration="00:00:00.0138248" startTime="2012-11-19T01:14:25.6118320-03:00" endTime="2012-11-19T01:14:25.6328332-03:00" testType="13cdc9d9-ddb5-4fa4-a97d-d965ccfc6d4b" outcome="Passed" testListId="8c84fa94-04c1-424b-9868-57a2d4851a1d" relativeResultsDirectory="7a98b00d-0908-41f6-9bd3-181513dbe2af">
      <Output>
        <StdOut>Save/Update: select * from produccion WHERE  produccion.cod_maquina=3  AND  produccion.fechaFinal&gt;= CAST('09/10/2012 11:00:00.000'  AS DateTime) ; select * from historico_estados_produccion WHERE borrado = 0
Save/Update: select * from Pedido WHERE  Pedido.cod_pedido=2  ; select * from produccion WHERE borrado = 0; select * from historico_estados_pedido WHERE borrado = 0
Save/Update: select * from Maquina WHERE  Maquina.cod_maquina=3  ; select * from JoinMaquinaToTipoPrenda
Save/Update: select * from Articulos WHERE  Articulos.cod_articulo=5  ; select * from lista_precios WHERE borrado = 0
Save/Update: select * from EstadoTrabajos WHERE  EstadoTrabajos.cod_estado=0  
Save/Update: select * from historico_estados_produccion WHERE  historico_estados_produccion.cod_produccion=4  
Save/Update: select * from produccion_operador WHERE  produccion_operador.cod_prodcuccion=4  
Save/Update: select * from Pedido WHERE  Pedido.cod_pedido=3  ; select * from produccion WHERE borrado = 0; select * from historico_estados_pedido WHERE borrado = 0
Save/Update: select * from Maquina WHERE  Maquina.cod_maquina=3  ; select * from JoinMaquinaToTipoPrenda
Save/Update: select * from Articulos WHERE  Articulos.cod_articulo=4  ; select * from lista_precios WHERE borrado = 0
Save/Update: select * from EstadoTrabajos WHERE  EstadoTrabajos.cod_estado=0  
Save/Update: select * from historico_estados_produccion WHERE  historico_estados_produccion.cod_produccion=6  
Save/Update: select * from produccion_operador WHERE  produccion_operador.cod_prodcuccion=6  
Save/Update: select * from produccion WHERE  produccion.cod_maquina=3  AND  produccion.fechaInicio&gt;= CAST('12/10/2012 13:00:00.000'  AS DateTime) ; select * from historico_estados_produccion WHERE borrado = 0
Save/Update: select * from Pedido WHERE  Pedido.cod_pedido=3  ; select * from produccion WHERE borrado = 0; select * from historico_estados_pedido WHERE borrado = 0
Save/Update: select * from Maquina WHERE  Maquina.cod_maquina=3  ; select * from JoinMaquinaToTipoPrenda
Save/Update: select * from Articulos WHERE  Articulos.cod_articulo=4  ; select * from lista_precios WHERE borrado = 0
Save/Update: select * from EstadoTrabajos WHERE  EstadoTrabajos.cod_estado=0  
Save/Update: select * from historico_estados_produccion WHERE  historico_estados_produccion.cod_produccion=6  
Save/Update: select * from produccion_operador WHERE  produccion_operador.cod_prodcuccion=6  
Save/Update: DELETE produccion_operador WHERE id_operador=2  AND cod_prodcuccion=7  
Save/Update: DELETE historico_estados_produccion WHERE nro_estado=1  AND cod_produccion=7  
Save/Update: DELETE historico_estados_produccion WHERE nro_estado=2  AND cod_produccion=7  
Save/Update: DELETE produccion WHERE cod_produccion=7</StdOut>
      </Output>
    </UnitTestResult>
    <UnitTestResult executionId="3e2f36de-2783-4169-95a7-f70c14dd21ce" testId="8e175a1e-ad15-cbe9-eb2b-34d47332acea" testName="buscarOperadoresConRestriccionesTest" computerName="DIEGO-PC" duration="00:00:00.0040370" startTime="2012-11-19T01:14:25.6388335-03:00" endTime="2012-11-19T01:14:25.6488341-03:00" testType="13cdc9d9-ddb5-4fa4-a97d-d965ccfc6d4b" outcome="Passed" testListId="8c84fa94-04c1-424b-9868-57a2d4851a1d" relativeResultsDirectory="3e2f36de-2783-4169-95a7-f70c14dd21ce">
      <Output>
        <StdOut>Save/Update: select * from operador WHERE  operador.id_Operador=1  AND  operador.id_usuario=4  
Save/Update: DELETE operador WHERE id_Operador=3</StdOut>
      </Output>
    </UnitTestResult>
    <UnitTestResult executionId="8e5fdcd0-ebb5-4706-a143-e1d20721922b" testId="8ef58195-4b27-3ad6-c671-969e36dd1c6a" testName="buscarDiseñoPorClienteTest" computerName="DIEGO-PC" duration="00:00:00.0127134" startTime="2012-11-19T01:14:25.6558345-03:00" endTime="2012-11-19T01:14:25.6748356-03:00" testType="13cdc9d9-ddb5-4fa4-a97d-d965ccfc6d4b" outcome="Passed" testListId="8c84fa94-04c1-424b-9868-57a2d4851a1d" relativeResultsDirectory="8e5fdcd0-ebb5-4706-a143-e1d20721922b">
      <Output>
        <StdOut>Save/Update: select * from Diseño WHERE  Diseño.id_cliente=1  ; select * from historico_estados_diseño WHERE borrado = 0
Save/Update: select * from Cliente WHERE  Cliente.id_cliente=1  ; select * from cliente_movimientos; select * from Pedido WHERE borrado = 0; select * from Factura WHERE borrado = 0; select * from Diseño WHERE borrado = 0
Save/Update: select * from Usuario WHERE  Usuario.usuarioID=1  ; select * from JoinUsuarioToFamilia; select * from JoinPatenteToUsuario
Save/Update: select * from Diseño_insumos WHERE  Diseño_insumos.cod_diseño=1  
Save/Update: select * from historico_estados_diseño WHERE  historico_estados_diseño.cod_diseño=1  
Save/Update: select * from EstadoDiseños WHERE  EstadoDiseños.estado=2  
Save/Update: select * from Cliente WHERE  Cliente.id_cliente=1  ; select * from cliente_movimientos; select * from Pedido WHERE borrado = 0; select * from Factura WHERE borrado = 0; select * from Diseño WHERE borrado = 0
Save/Update: select * from Usuario WHERE  Usuario.usuarioID=1  ; select * from JoinUsuarioToFamilia; select * from JoinPatenteToUsuario
Save/Update: select * from Diseño_insumos WHERE  Diseño_insumos.cod_diseño=2  
Save/Update: select * from historico_estados_diseño WHERE  historico_estados_diseño.cod_diseño=2  
Save/Update: select * from EstadoDiseños WHERE  EstadoDiseños.estado=2  
Save/Update: DELETE FROM Diseño_insumos where cod_diseño=3
Save/Update: DELETE FROM historico_estados_diseño where cod_diseño=3
Save/Update: DELETE Diseño WHERE cod_diseño=3</StdOut>
      </Output>
    </UnitTestResult>
    <UnitTestResult executionId="89d35c89-5cb3-4c5b-ae8a-b8a87246e653" testId="9051c370-f8a8-7d06-90bf-a5c879f3e27c" testName="buscarMovimientoPorNroTest" computerName="DIEGO-PC" duration="00:00:00.0084707" startTime="2012-11-19T01:14:25.6808359-03:00" endTime="2012-11-19T01:14:25.6968368-03:00" testType="13cdc9d9-ddb5-4fa4-a97d-d965ccfc6d4b" outcome="Passed" testListId="8c84fa94-04c1-424b-9868-57a2d4851a1d" relativeResultsDirectory="89d35c89-5cb3-4c5b-ae8a-b8a87246e653">
      <Output>
        <StdOut>Save/Update: select * from MovimientosCuenta JOIN proveedor_movimientos AS proveedor ON MovimientosCuenta.nro_movimiento=proveedor.nro_movimiento WHERE  MovimientosCuenta.nro_movimiento=3  AND proveedor.id_proveedor IS NOT  NULL ; select * from proveedor_movimientos; select * from documento_movimiento
Save/Update: select * from Proveedor WHERE  Proveedor.id_proveedor=1  
Save/Update: select * from OrdenDeCompra WHERE  OrdenDeCompra.id_proveedor=1  ; select * from documento_movimiento; select * from LineaOrdenDeCompra WHERE borrado = 0
Save/Update: select * from OrdenDeCompra WHERE  OrdenDeCompra.nro_Doc=3  ; select * from documento_movimiento; select * from LineaOrdenDeCompra WHERE borrado = 0
Save/Update: select * from tipoMovimiento WHERE  tipoMovimiento.tipoMovimientoID=1  
Save/Update: select * from Cuenta WHERE  Cuenta.cuentaID=1  
Save/Update: DELETE proveedor_movimientos where nro_movimiento=4  ; DELETE documento_movimiento where nro_movimiento=4  ; ;DELETE MovimientosCuenta WHERE nro_movimiento=4</StdOut>
      </Output>
    </UnitTestResult>
    <UnitTestResult executionId="046db997-d461-4704-9388-095001d8ffd9" testId="90665605-993c-c3f0-732c-0c8cb4e19400" testName="buscarOpinionesTest" computerName="DIEGO-PC" duration="00:00:00.0046543" startTime="2012-11-19T01:14:25.7018371-03:00" endTime="2012-11-19T01:14:25.7128377-03:00" testType="13cdc9d9-ddb5-4fa4-a97d-d965ccfc6d4b" outcome="Passed" testListId="8c84fa94-04c1-424b-9868-57a2d4851a1d" relativeResultsDirectory="046db997-d461-4704-9388-095001d8ffd9">
      <Output>
        <StdOut>Save/Update: select * from opiniones</StdOut>
      </Output>
    </UnitTestResult>
    <UnitTestResult executionId="97f8c078-4fed-4ce9-a2a2-da11631fe553" testId="9102ee27-432a-7243-07ab-4d672688ee38" testName="cargarMaquinaPorIdTest" computerName="DIEGO-PC" duration="00:00:00.0041303" startTime="2012-11-19T01:14:25.7188381-03:00" endTime="2012-11-19T01:14:25.7318388-03:00" testType="13cdc9d9-ddb5-4fa4-a97d-d965ccfc6d4b" outcome="Passed" testListId="8c84fa94-04c1-424b-9868-57a2d4851a1d" relativeResultsDirectory="97f8c078-4fed-4ce9-a2a2-da11631fe553">
      <Output>
        <StdOut>Save/Update: select * from Maquina WHERE  Maquina.cod_maquina=1  ; select * from JoinMaquinaToTipoPrenda
Save/Update: select * from TipoPrenda WHERE  TipoPrenda.tipo_prenda=1  
Save/Update: select * from TipoPrenda WHERE  TipoPrenda.tipo_prenda=2  
Save/Update: select * from TipoPrenda WHERE  TipoPrenda.tipo_prenda=3  
Save/Update: DELETE JoinMaquinaToTipoPrenda where cod_maquina=4  ; ;DELETE Maquina WHERE cod_maquina=4  
Save/Update: delete from JoinMaquinaToTipoPrenda where cod_maquina=4</StdOut>
      </Output>
    </UnitTestResult>
    <UnitTestResult executionId="9abdccd0-98ce-4ff2-919f-8a3fbd8de580" testId="92b34578-8935-0a46-8dd9-4af3ba2aba99" testName="grabarLineaTest" computerName="DIEGO-PC" duration="00:00:00.0062385" startTime="2012-11-19T01:14:25.7388392-03:00" endTime="2012-11-19T01:14:25.7518400-03:00" testType="13cdc9d9-ddb5-4fa4-a97d-d965ccfc6d4b" outcome="Passed" testListId="8c84fa94-04c1-424b-9868-57a2d4851a1d" relativeResultsDirectory="9abdccd0-98ce-4ff2-919f-8a3fbd8de580">
      <Output>
        <StdOut>Save/Update: SELECT  ISNULL(MAX(nro_linea + 1),1) from LineaOrdenDeCompra WHERE nro_orden_compra=1 AND nro_sucursal=1 AND tipo_orden_compra='A'
Save/Update: INSERT INTO LineaOrdenDeCompra (nro_orden_compra, nro_sucursal, tipo_orden_compra, nro_linea, cod_producto, cantidad, precio, borrado) VALUES (1 , 1 , 'A', 3 , 3 , 33 , 33.3, 0 ); 
Save/Update: select * from LineaOrdenDeCompra WHERE  LineaOrdenDeCompra.nro_orden_compra=1  AND  LineaOrdenDeCompra.nro_linea=3  AND  LineaOrdenDeCompra.nro_sucursal=1  AND  LineaOrdenDeCompra.tipo_orden_compra='A' 
Save/Update: DELETE LineaOrdenDeCompra WHERE nro_orden_compra=1  AND nro_sucursal=1  AND tipo_orden_compra='A' AND nro_linea=3</StdOut>
      </Output>
    </UnitTestResult>
    <UnitTestResult executionId="5065aca4-d82f-44a6-9df3-0af0d52f39a2" testId="9355e16b-4728-468a-6844-3354852565f0" testName="borrarDiseñoTest" computerName="DIEGO-PC" duration="00:00:00.0266261" startTime="2012-11-19T01:14:25.7568403-03:00" endTime="2012-11-19T01:14:25.7928423-03:00" testType="13cdc9d9-ddb5-4fa4-a97d-d965ccfc6d4b" outcome="Passed" testListId="8c84fa94-04c1-424b-9868-57a2d4851a1d" relativeResultsDirectory="5065aca4-d82f-44a6-9df3-0af0d52f39a2">
      <Output>
        <StdOut>Save/Update: SELECT  ISNULL(MAX(cod_diseño + 1),1) from Diseño
Save/Update: INSERT INTO Diseño (cod_diseño, nombre, puntadas, alto, ancho, id_cliente, estadoActual, pathImagen, pathDetalle, pathArchivoEditable, pathArchivoFinal, borrado) VALUES (3 , 'diseño3', 3333 , 33 , 33 , 1 , 1 , '', '', '', '', 0 ); UPDATE historico_estados_diseño SET borrado=1 WHERE cod_diseño=3  ; 
Save/Update: select * from Diseño; select * from historico_estados_diseño WHERE borrado = 0
Save/Update: select * from Cliente WHERE  Cliente.id_cliente=1  ; select * from cliente_movimientos; select * from Pedido WHERE borrado = 0; select * from Factura WHERE borrado = 0; select * from Diseño WHERE borrado = 0
Save/Update: select * from Usuario WHERE  Usuario.usuarioID=1  ; select * from JoinUsuarioToFamilia; select * from JoinPatenteToUsuario
Save/Update: select * from Diseño_insumos WHERE  Diseño_insumos.cod_diseño=1  
Save/Update: select * from historico_estados_diseño WHERE  historico_estados_diseño.cod_diseño=1  
Save/Update: select * from EstadoDiseños WHERE  EstadoDiseños.estado=2  
Save/Update: select * from Cliente WHERE  Cliente.id_cliente=1  ; select * from cliente_movimientos; select * from Pedido WHERE borrado = 0; select * from Factura WHERE borrado = 0; select * from Diseño WHERE borrado = 0
Save/Update: select * from Usuario WHERE  Usuario.usuarioID=1  ; select * from JoinUsuarioToFamilia; select * from JoinPatenteToUsuario
Save/Update: select * from Diseño_insumos WHERE  Diseño_insumos.cod_diseño=2  
Save/Update: select * from historico_estados_diseño WHERE  historico_estados_diseño.cod_diseño=2  
Save/Update: select * from EstadoDiseños WHERE  EstadoDiseños.estado=2  
Save/Update: select * from Cliente WHERE  Cliente.id_cliente=1  ; select * from cliente_movimientos; select * from Pedido WHERE borrado = 0; select * from Factura WHERE borrado = 0; select * from Diseño WHERE borrado = 0
Save/Update: select * from Usuario WHERE  Usuario.usuarioID=1  ; select * from JoinUsuarioToFamilia; select * from JoinPatenteToUsuario
Save/Update: select * from Diseño_insumos WHERE  Diseño_insumos.cod_diseño=3  
Save/Update: select * from historico_estados_diseño WHERE  historico_estados_diseño.cod_diseño=3  
Save/Update: select * from EstadoDiseños WHERE  EstadoDiseños.estado=1  
Save/Update: DELETE Diseño WHERE cod_diseño=3  
Save/Update: select * from Diseño; select * from historico_estados_diseño WHERE borrado = 0
Save/Update: select * from Cliente WHERE  Cliente.id_cliente=1  ; select * from cliente_movimientos; select * from Pedido WHERE borrado = 0; select * from Factura WHERE borrado = 0; select * from Diseño WHERE borrado = 0
Save/Update: select * from Usuario WHERE  Usuario.usuarioID=1  ; select * from JoinUsuarioToFamilia; select * from JoinPatenteToUsuario
Save/Update: select * from Diseño_insumos WHERE  Diseño_insumos.cod_diseño=1  
Save/Update: select * from historico_estados_diseño WHERE  historico_estados_diseño.cod_diseño=1  
Save/Update: select * from EstadoDiseños WHERE  EstadoDiseños.estado=2  
Save/Update: select * from Cliente WHERE  Cliente.id_cliente=1  ; select * from cliente_movimientos; select * from Pedido WHERE borrado = 0; select * from Factura WHERE borrado = 0; select * from Diseño WHERE borrado = 0
Save/Update: select * from Usuario WHERE  Usuario.usuarioID=1  ; select * from JoinUsuarioToFamilia; select * from JoinPatenteToUsuario
Save/Update: select * from Diseño_insumos WHERE  Diseño_insumos.cod_diseño=2  
Save/Update: select * from historico_estados_diseño WHERE  historico_estados_diseño.cod_diseño=2  
Save/Update: select * from EstadoDiseños WHERE  EstadoDiseños.estado=2  
Save/Update: DELETE FROM Diseño_insumos where cod_diseño=3
Save/Update: DELETE FROM historico_estados_diseño where cod_diseño=3
Save/Update: DELETE Diseño WHERE cod_diseño=3</StdOut>
      </Output>
    </UnitTestResult>
    <UnitTestResult executionId="361e8c16-5f16-42b1-90d3-2786af0b5e72" testId="93f8ff39-718d-999f-f07f-06a3b12e22dd" testName="calcularFinalizacionTest4" computerName="DIEGO-PC" duration="00:00:00.0025320" startTime="2012-11-19T01:14:25.7958425-03:00" endTime="2012-11-19T01:14:25.8088432-03:00" testType="13cdc9d9-ddb5-4fa4-a97d-d965ccfc6d4b" outcome="Passed" testListId="8c84fa94-04c1-424b-9868-57a2d4851a1d" relativeResultsDirectory="361e8c16-5f16-42b1-90d3-2786af0b5e72">
      <Output>
        <StdOut>Save/Update: DELETE produccion_operador WHERE id_operador=2  AND cod_prodcuccion=7  
Save/Update: DELETE historico_estados_produccion WHERE nro_estado=1  AND cod_produccion=7  
Save/Update: DELETE historico_estados_produccion WHERE nro_estado=2  AND cod_produccion=7  
Save/Update: DELETE produccion WHERE cod_produccion=7</StdOut>
      </Output>
    </UnitTestResult>
    <UnitTestResult executionId="fd90b3a8-3d0c-43c0-82c0-6b8a135a6cb1" testId="954c6542-5669-95f4-2fc5-a01c436de193" testName="borrarLineaTest" computerName="DIEGO-PC" duration="00:00:00.0057616" startTime="2012-11-19T01:14:25.8138435-03:00" endTime="2012-11-19T01:14:25.8248441-03:00" testType="13cdc9d9-ddb5-4fa4-a97d-d965ccfc6d4b" outcome="Passed" testListId="8c84fa94-04c1-424b-9868-57a2d4851a1d" relativeResultsDirectory="fd90b3a8-3d0c-43c0-82c0-6b8a135a6cb1">
      <Output>
        <StdOut>Save/Update: SELECT  ISNULL(MAX(nro_linea + 1),1) from LineaOrdenDeCompra WHERE nro_orden_compra=1 AND nro_sucursal=1 AND tipo_orden_compra='A'
Save/Update: INSERT INTO LineaOrdenDeCompra (nro_orden_compra, nro_sucursal, tipo_orden_compra, nro_linea, cod_producto, cantidad, precio, borrado) VALUES (1 , 1 , 'A', 3 , 3 , 33 , 33.3, 0 ); 
Save/Update: select * from LineaOrdenDeCompra WHERE  LineaOrdenDeCompra.nro_orden_compra=1  AND  LineaOrdenDeCompra.nro_linea=3  AND  LineaOrdenDeCompra.nro_sucursal=1  AND  LineaOrdenDeCompra.tipo_orden_compra='A' 
Save/Update: DELETE LineaOrdenDeCompra WHERE nro_orden_compra=1  AND nro_sucursal=1  AND tipo_orden_compra='A' AND nro_linea=3  
Save/Update: select * from LineaOrdenDeCompra WHERE  LineaOrdenDeCompra.nro_orden_compra=1  AND  LineaOrdenDeCompra.nro_linea=3  AND  LineaOrdenDeCompra.nro_sucursal=1  AND  LineaOrdenDeCompra.tipo_orden_compra='A'</StdOut>
      </Output>
    </UnitTestResult>
    <UnitTestResult executionId="c727b37c-43c5-4bcd-a276-906f57bbe337" testId="967eb374-2104-1acf-4901-5331861aa4b4" testName="buscarTipoCuentasTest" computerName="DIEGO-PC" duration="00:00:00.0049409" startTime="2012-11-19T01:14:25.8288444-03:00" endTime="2012-11-19T01:14:25.8408451-03:00" testType="13cdc9d9-ddb5-4fa4-a97d-d965ccfc6d4b" outcome="Passed" testListId="8c84fa94-04c1-424b-9868-57a2d4851a1d" relativeResultsDirectory="c727b37c-43c5-4bcd-a276-906f57bbe337">
      <Output>
        <StdOut>Save/Update: select * from Cuenta</StdOut>
      </Output>
    </UnitTestResult>
    <UnitTestResult executionId="feb48101-bec1-4ea6-9f8c-0d0704bb890a" testId="96881fe6-dfde-90d7-168b-7e0645c53ba0" testName="modificarMaquinasTest" computerName="DIEGO-PC" duration="00:00:00.0129099" startTime="2012-11-19T01:14:25.8458453-03:00" endTime="2012-11-19T01:14:25.8698467-03:00" testType="13cdc9d9-ddb5-4fa4-a97d-d965ccfc6d4b" outcome="Passed" testListId="8c84fa94-04c1-424b-9868-57a2d4851a1d" relativeResultsDirectory="feb48101-bec1-4ea6-9f8c-0d0704bb890a">
      <Output>
        <StdOut>Save/Update: SELECT  ISNULL(MAX(cod_maquina + 1),1) from Maquina
Save/Update: INSERT INTO Maquina (cod_maquina, altoMargen, anchoMargen, cabezales, nombre, velocidadPromedio, cantidadColores) VALUES (4 , 100 , 200 , 12 , 'nombre nuevo', 1000 , 12 ); DELETE JoinMaquinaToTipoPrenda where cod_maquina=4  ; 
Save/Update: select * from Maquina WHERE  Maquina.cod_maquina=4  AND  Maquina.altoMargen&lt;=500  AND  Maquina.anchoMargen&gt;=100  AND  Maquina.cabezales=12  AND  Maquina.nombre LIKE '%e n%'AND  Maquina.velocidadPromedio&gt;=500  AND  Maquina.cantidadColores=12  ; select * from JoinMaquinaToTipoPrenda
Save/Update: UPDATE Maquina SET altoMargen=100 , anchoMargen=200 , cabezales=12 , nombre='nombre editado', velocidadPromedio=1000 , cantidadColores=2  WHERE cod_maquina=4  ; DELETE JoinMaquinaToTipoPrenda where cod_maquina=4  ; 
Save/Update: select * from Maquina WHERE  Maquina.cod_maquina=4  ; select * from JoinMaquinaToTipoPrenda
Save/Update: DELETE JoinMaquinaToTipoPrenda where cod_maquina=4  ; ;DELETE Maquina WHERE cod_maquina=4</StdOut>
      </Output>
    </UnitTestResult>
    <UnitTestResult executionId="4a94a28f-3262-4420-bd16-1c5d035e8bf0" testId="96e75478-d13a-94b1-f4d7-4e30153efd6b" testName="guardarFamiliaTest" computerName="DIEGO-PC" duration="00:00:00.0073911" startTime="2012-11-19T01:14:25.8728469-03:00" endTime="2012-11-19T01:14:25.8898479-03:00" testType="13cdc9d9-ddb5-4fa4-a97d-d965ccfc6d4b" outcome="Passed" testListId="8c84fa94-04c1-424b-9868-57a2d4851a1d" relativeResultsDirectory="4a94a28f-3262-4420-bd16-1c5d035e8bf0">
      <Output>
        <StdOut>Save/Update: INSERT INTO Familia (familiaID, descripcion, nombre) VALUES (7 , 'familia test', 'test'); DELETE JoinFamiliaToPatente where familiaID=7  ;  INSERT INTO JoinFamiliaToPatente ( familiaID, patenteId) VALUES ( 7 , 9 ); 
Save/Update: select * from Familia WHERE  Familia.familiaID=7  ; select * from JoinFamiliaToPatente
Save/Update: select * from Patente JOIN JoinFamiliaToPatente AS familia ON Patente.patenteId=familia.patenteId WHERE familia.familiaID=7  
Save/Update: DELETE JoinFamiliaToPatente where familiaID=7  ; ;DELETE Familia WHERE familiaID=7</StdOut>
      </Output>
    </UnitTestResult>
    <UnitTestResult executionId="860b3b35-ac13-465d-a47c-4312a6c2a20d" testId="97997216-b9cb-a346-d834-1a6abbc22200" testName="guardarOpinionTest" computerName="DIEGO-PC" duration="00:00:00.0114236" startTime="2012-11-19T01:14:25.8928480-03:00" endTime="2012-11-19T01:14:25.9108491-03:00" testType="13cdc9d9-ddb5-4fa4-a97d-d965ccfc6d4b" outcome="Passed" testListId="8c84fa94-04c1-424b-9868-57a2d4851a1d" relativeResultsDirectory="860b3b35-ac13-465d-a47c-4312a6c2a20d">
      <Output>
        <StdOut>Save/Update: SELECT  ISNULL(MAX(id + 1),1) from opiniones
Save/Update: INSERT INTO opiniones (id, nombre, mail, opinion) VALUES (4 , 'nombre4', 'mail4@test.com', 'opinion4'); 
Save/Update: select * from opiniones WHERE  opiniones.id=4  
Save/Update: DELETE opiniones WHERE id=4</StdOut>
      </Output>
    </UnitTestResult>
    <UnitTestResult executionId="9df1169c-281d-4f6f-8594-e3fc8ed09b6b" testId="9853b2bf-c35b-f18f-c067-26f1d74150ec" testName="buscarProveedorPorCodigoTest" computerName="DIEGO-PC" duration="00:00:00.0053662" startTime="2012-11-19T01:14:25.9148493-03:00" endTime="2012-11-19T01:14:25.9278500-03:00" testType="13cdc9d9-ddb5-4fa4-a97d-d965ccfc6d4b" outcome="Passed" testListId="8c84fa94-04c1-424b-9868-57a2d4851a1d" relativeResultsDirectory="9df1169c-281d-4f6f-8594-e3fc8ed09b6b">
      <Output>
        <StdOut>Save/Update: select * from Proveedor WHERE  Proveedor.id_proveedor=1  
Save/Update: select * from OrdenDeCompra WHERE  OrdenDeCompra.id_proveedor=1  ; select * from documento_movimiento; select * from LineaOrdenDeCompra WHERE borrado = 0
Save/Update: delete OrdenDeCompra where nro_doc=5
Save/Update: delete documento where nro_doc=5
Save/Update: DELETE Proveedor WHERE id_proveedor=4  
Save/Update: UPDATE Proveedor SET nombre='nombre1', telefono='1111-1111', direccion='direccion 1' WHERE id_proveedor=1  ;</StdOut>
      </Output>
    </UnitTestResult>
    <UnitTestResult executionId="2ad72c28-f0be-4d2f-85a9-6f417fc5de02" testId="996b7b9c-4963-23a7-ecd9-60f71e9ffdab" testName="buscarEstadosTest" computerName="DIEGO-PC" duration="00:00:00.0040945" startTime="2012-11-19T01:14:25.9338504-03:00" endTime="2012-11-19T01:14:25.9458511-03:00" testType="13cdc9d9-ddb5-4fa4-a97d-d965ccfc6d4b" outcome="Passed" testListId="8c84fa94-04c1-424b-9868-57a2d4851a1d" relativeResultsDirectory="2ad72c28-f0be-4d2f-85a9-6f417fc5de02">
      <Output>
        <StdOut>Save/Update: select * from EstadoTrabajos</StdOut>
      </Output>
    </UnitTestResult>
    <UnitTestResult executionId="cf435e31-3772-4387-b038-e221c244e78b" testId="9abfd9c9-a69f-e14e-a283-753aea9711be" testName="buscarEstadosPorIdTest" computerName="DIEGO-PC" duration="00:00:00.0023858" startTime="2012-11-19T01:14:25.9488512-03:00" endTime="2012-11-19T01:14:25.9588518-03:00" testType="13cdc9d9-ddb5-4fa4-a97d-d965ccfc6d4b" outcome="Passed" testListId="8c84fa94-04c1-424b-9868-57a2d4851a1d" relativeResultsDirectory="cf435e31-3772-4387-b038-e221c244e78b">
      <Output>
        <StdOut>Save/Update: select * from EstadoDiseños WHERE  EstadoDiseños.estado=1</StdOut>
      </Output>
    </UnitTestResult>
    <UnitTestResult executionId="8df62fe7-bb02-48c2-b3bb-63179db88f63" testId="9b145e69-7969-d34a-ea49-9560a18e3f37" testName="listarProduccionPorCodigoTest" computerName="DIEGO-PC" duration="00:00:00.0123053" startTime="2012-11-19T01:14:25.9598519-03:00" endTime="2012-11-19T01:14:25.9838532-03:00" testType="13cdc9d9-ddb5-4fa4-a97d-d965ccfc6d4b" outcome="Passed" testListId="8c84fa94-04c1-424b-9868-57a2d4851a1d" relativeResultsDirectory="8df62fe7-bb02-48c2-b3bb-63179db88f63">
      <Output>
        <StdOut>Save/Update: select * from produccion WHERE  produccion.cod_produccion=1  ; select * from historico_estados_produccion WHERE borrado = 0
Save/Update: select * from Pedido WHERE  Pedido.cod_pedido=1  ; select * from produccion WHERE borrado = 0; select * from historico_estados_pedido WHERE borrado = 0
Save/Update: select * from Maquina WHERE  Maquina.cod_maquina=1  ; select * from JoinMaquinaToTipoPrenda
Save/Update: select * from Articulos WHERE  Articulos.cod_articulo=1  ; select * from lista_precios WHERE borrado = 0
Save/Update: select * from EstadoTrabajos WHERE  EstadoTrabajos.cod_estado=3  
Save/Update: select * from historico_estados_produccion WHERE  historico_estados_produccion.cod_produccion=1  
Save/Update: select * from produccion_operador WHERE  produccion_operador.cod_prodcuccion=1  
Save/Update: DELETE produccion_operador WHERE id_operador=2  AND cod_prodcuccion=7  
Save/Update: DELETE historico_estados_produccion WHERE nro_estado=1  AND cod_produccion=7  
Save/Update: DELETE historico_estados_produccion WHERE nro_estado=2  AND cod_produccion=7  
Save/Update: DELETE produccion WHERE cod_produccion=7</StdOut>
      </Output>
    </UnitTestResult>
    <UnitTestResult executionId="154568aa-bfa2-4ab0-b2ed-7667933ceca8" testId="9bc71622-b688-a88b-7a65-091a11ad1362" testName="buscarTodoTest" computerName="DIEGO-PC" duration="00:00:00.0036774" startTime="2012-11-19T01:14:25.9888535-03:00" endTime="2012-11-19T01:14:25.9998542-03:00" testType="13cdc9d9-ddb5-4fa4-a97d-d965ccfc6d4b" outcome="Passed" testListId="8c84fa94-04c1-424b-9868-57a2d4851a1d" relativeResultsDirectory="154568aa-bfa2-4ab0-b2ed-7667933ceca8">
      <Output>
        <StdOut>Save/Update: select * from tipoMovimiento</StdOut>
      </Output>
    </UnitTestResult>
    <UnitTestResult executionId="f9588181-7882-4522-bd9f-b1542b4295a4" testId="9c1f4476-7313-c46d-328a-55cea693565d" testName="buscarMovimintosTest" computerName="DIEGO-PC" duration="00:00:00.0129217" startTime="2012-11-19T01:14:26.0018543-03:00" endTime="2012-11-19T01:14:26.0218554-03:00" testType="13cdc9d9-ddb5-4fa4-a97d-d965ccfc6d4b" outcome="Passed" testListId="8c84fa94-04c1-424b-9868-57a2d4851a1d" relativeResultsDirectory="f9588181-7882-4522-bd9f-b1542b4295a4">
      <Output>
        <StdOut>Save/Update: select * from MovimientosCuenta JOIN proveedor_movimientos AS proveedor ON MovimientosCuenta.nro_movimiento=proveedor.nro_movimiento WHERE  MovimientosCuenta.comentario LIKE '%m3%'AND  MovimientosCuenta.fecha&gt;= CAST('03/03/2003 00:00:00.000'  AS DateTime) AND  MovimientosCuenta.monto&gt;=30 AND  MovimientosCuenta.monto&lt;=33 AND  MovimientosCuenta.cuentaID=1  AND  MovimientosCuenta.tipoMovimientoID=1  AND proveedor.id_proveedor=1  AND proveedor.id_proveedor IS NOT  NULL ; select * from proveedor_movimientos; select * from documento_movimiento
Save/Update: select * from Proveedor WHERE  Proveedor.id_proveedor=1  
Save/Update: select * from OrdenDeCompra WHERE  OrdenDeCompra.id_proveedor=1  ; select * from documento_movimiento; select * from LineaOrdenDeCompra WHERE borrado = 0
Save/Update: select * from OrdenDeCompra WHERE  OrdenDeCompra.nro_Doc=3  ; select * from documento_movimiento; select * from LineaOrdenDeCompra WHERE borrado = 0
Save/Update: select * from tipoMovimiento WHERE  tipoMovimiento.tipoMovimientoID=1  
Save/Update: select * from Cuenta WHERE  Cuenta.cuentaID=1  
Save/Update: DELETE proveedor_movimientos where nro_movimiento=4  ; DELETE documento_movimiento where nro_movimiento=4  ; ;DELETE MovimientosCuenta WHERE nro_movimiento=4</StdOut>
      </Output>
    </UnitTestResult>
    <UnitTestResult executionId="fc4e3915-d541-4063-b569-456078e1b519" testId="9fd9a588-56ca-0b4b-82c9-064d2bfbe430" testName="grabarDiseñosTest" computerName="DIEGO-PC" duration="00:00:00.0067013" startTime="2012-11-19T01:14:26.0238555-03:00" endTime="2012-11-19T01:14:26.0378563-03:00" testType="13cdc9d9-ddb5-4fa4-a97d-d965ccfc6d4b" outcome="Passed" testListId="8c84fa94-04c1-424b-9868-57a2d4851a1d" relativeResultsDirectory="fc4e3915-d541-4063-b569-456078e1b519">
      <Output>
        <StdOut>Save/Update: SELECT  ISNULL(MAX(cod_diseño + 1),1) from Diseño
Save/Update: INSERT INTO Diseño (cod_diseño, nombre, puntadas, alto, ancho, id_cliente, estadoActual, pathImagen, pathDetalle, pathArchivoEditable, pathArchivoFinal, borrado) VALUES (3 , 'diseño3', 3333 , 33 , 33 , 1 , 1 , '/cliente1/imagen/diseño1.jpg', '/cliente1/detalle/diseño1.jpg', '/cliente1/diseñoEditable/diseño1.jpg', '/cliente1/diseño/diseño1.jpg', 0 ); UPDATE historico_estados_diseño SET borrado=1 WHERE cod_diseño=3  ; 
Save/Update: select * from Diseño WHERE  Diseño.cod_diseño=3  ; select * from historico_estados_diseño WHERE borrado = 0
Save/Update: DELETE Diseño WHERE cod_diseño=3</StdOut>
      </Output>
    </UnitTestResult>
    <UnitTestResult executionId="c46dc981-30c3-4f1f-b52b-ffe220275bc1" testId="a17744d1-ab11-f591-d328-1ad420c98fbd" testName="borrarNewsletterTest" computerName="DIEGO-PC" duration="00:00:00.0044781" startTime="2012-11-19T01:14:26.0398564-03:00" endTime="2012-11-19T01:14:26.0508571-03:00" testType="13cdc9d9-ddb5-4fa4-a97d-d965ccfc6d4b" outcome="Passed" testListId="8c84fa94-04c1-424b-9868-57a2d4851a1d" relativeResultsDirectory="c46dc981-30c3-4f1f-b52b-ffe220275bc1">
      <Output>
        <StdOut>Save/Update: SELECT  ISNULL(MAX(id + 1),1) from newsletter
Save/Update: INSERT INTO newsletter (id, newsletter, nombre, enviado) VALUES (3 , 'html', 'news3', 0 ); 
Save/Update: select * from newsletter WHERE  newsletter.id=3  
Save/Update: DELETE newsletter WHERE id=3  
Save/Update: select * from newsletter WHERE  newsletter.id=3</StdOut>
      </Output>
    </UnitTestResult>
    <UnitTestResult executionId="d6e359f3-fc09-47a2-b3ab-b466c4a42c60" testId="a238bb59-cc6f-a250-c2de-3c102510d342" testName="borrarHistoricoEstadosTest" computerName="DIEGO-PC" duration="00:00:00.0046185" startTime="2012-11-19T01:14:26.0538572-03:00" endTime="2012-11-19T01:14:26.0648579-03:00" testType="13cdc9d9-ddb5-4fa4-a97d-d965ccfc6d4b" outcome="Passed" testListId="8c84fa94-04c1-424b-9868-57a2d4851a1d" relativeResultsDirectory="d6e359f3-fc09-47a2-b3ab-b466c4a42c60">
      <Output>
        <StdOut>Save/Update: SELECT  ISNULL(MAX(nro_estado + 1),1) from historico_estados_produccion WHERE cod_produccion=2
Save/Update: INSERT INTO historico_estados_produccion (nro_estado, comentario, cod_produccion, fechaDesde, fechaHasta, estado, borrado) VALUES (3 , 'comentario32', 2 ,  CAST('19/11/2012 01:14:26.058'  AS DateTime),  CAST('19/11/2012 01:14:26.058'  AS DateTime), 3 , 0 ); 
Save/Update: select * from historico_estados_produccion WHERE  historico_estados_produccion.nro_estado=3  AND  historico_estados_produccion.cod_produccion=2  
Save/Update: DELETE historico_estados_produccion WHERE nro_estado=3  AND cod_produccion=2  
Save/Update: select * from historico_estados_produccion WHERE  historico_estados_produccion.nro_estado=3  AND  historico_estados_produccion.cod_produccion=2</StdOut>
      </Output>
    </UnitTestResult>
    <UnitTestResult executionId="b2a03a0a-c825-4075-bb7e-97535b9f613b" testId="a27af6eb-87dc-b90f-c4ca-d8cb1c7c2454" testName="calcularTimepoTrabajoTest2" computerName="DIEGO-PC" duration="00:00:00.0023545" startTime="2012-11-19T01:14:26.0678580-03:00" endTime="2012-11-19T01:14:26.0768586-03:00" testType="13cdc9d9-ddb5-4fa4-a97d-d965ccfc6d4b" outcome="Passed" testListId="8c84fa94-04c1-424b-9868-57a2d4851a1d" relativeResultsDirectory="b2a03a0a-c825-4075-bb7e-97535b9f613b">
      <Output>
        <StdOut>Save/Update: DELETE produccion_operador WHERE id_operador=2  AND cod_prodcuccion=7  
Save/Update: DELETE historico_estados_produccion WHERE nro_estado=1  AND cod_produccion=7  
Save/Update: DELETE historico_estados_produccion WHERE nro_estado=2  AND cod_produccion=7  
Save/Update: DELETE produccion WHERE cod_produccion=7</StdOut>
      </Output>
    </UnitTestResult>
    <UnitTestResult executionId="42b9e522-ae25-4fe8-94a9-7aadba4ced20" testId="a38bcda1-5217-b092-6b98-6582813fb5d1" testName="cargarUsuarioConRestriccionesTest" computerName="DIEGO-PC" duration="00:00:00.0122641" startTime="2012-11-19T01:14:26.0788587-03:00" endTime="2012-11-19T01:14:26.0978598-03:00" testType="13cdc9d9-ddb5-4fa4-a97d-d965ccfc6d4b" outcome="Passed" testListId="8c84fa94-04c1-424b-9868-57a2d4851a1d" relativeResultsDirectory="42b9e522-ae25-4fe8-94a9-7aadba4ced20">
      <Output>
        <StdOut>Save/Update: select * from Usuario WHERE  Usuario.nombre LIKE '%bre1%'AND  Usuario.apellido LIKE '%ap%'AND  Usuario.mail LIKE '%@test%'AND  Usuario.telefonoFijo LIKE '%1-1%'AND  Usuario.telefonoMovil LIKE '%1-1%'; select * from JoinUsuarioToFamilia; select * from JoinPatenteToUsuario
Save/Update: DELETE JoinUsuarioToFamilia where usuarioID=6  ; DELETE JoinPatenteToUsuario where usuarioID=6  ; ;DELETE Usuario WHERE usuarioID=6  
Save/Update: UPDATE Usuario SET nombre='nombre5', apellido='apellido5', mail='mail5@test.com', password='pas5', telefonoFijo='5555-5555', telefonoMovil='5555-5555', bloqueado=0  WHERE usuarioID=5  ; DELETE JoinUsuarioToFamilia where usuarioID=5  ; DELETE JoinPatenteToUsuario where usuarioID=5  ;</StdOut>
      </Output>
    </UnitTestResult>
    <UnitTestResult executionId="0017425b-93c2-4202-be36-3a1c0ff78e31" testId="a39c2fdb-3d54-d4f0-be49-3f4e350da31e" testName="listarProduccionPorMaquinaTest" computerName="DIEGO-PC" duration="00:00:00.0176567" startTime="2012-11-19T01:14:26.0998599-03:00" endTime="2012-11-19T01:14:26.1258614-03:00" testType="13cdc9d9-ddb5-4fa4-a97d-d965ccfc6d4b" outcome="Passed" testListId="8c84fa94-04c1-424b-9868-57a2d4851a1d" relativeResultsDirectory="0017425b-93c2-4202-be36-3a1c0ff78e31">
      <Output>
        <StdOut>Save/Update: select * from produccion WHERE  produccion.cod_maquina=1  ; select * from historico_estados_produccion WHERE borrado = 0
Save/Update: select * from Pedido WHERE  Pedido.cod_pedido=1  ; select * from produccion WHERE borrado = 0; select * from historico_estados_pedido WHERE borrado = 0
Save/Update: select * from Maquina WHERE  Maquina.cod_maquina=1  ; select * from JoinMaquinaToTipoPrenda
Save/Update: select * from Articulos WHERE  Articulos.cod_articulo=1  ; select * from lista_precios WHERE borrado = 0
Save/Update: select * from EstadoTrabajos WHERE  EstadoTrabajos.cod_estado=3  
Save/Update: select * from historico_estados_produccion WHERE  historico_estados_produccion.cod_produccion=1  
Save/Update: select * from produccion_operador WHERE  produccion_operador.cod_prodcuccion=1  
Save/Update: select * from Pedido WHERE  Pedido.cod_pedido=1  ; select * from produccion WHERE borrado = 0; select * from historico_estados_pedido WHERE borrado = 0
Save/Update: select * from Maquina WHERE  Maquina.cod_maquina=1  ; select * from JoinMaquinaToTipoPrenda
Save/Update: select * from Articulos WHERE  Articulos.cod_articulo=2  ; select * from lista_precios WHERE borrado = 0
Save/Update: select * from EstadoTrabajos WHERE  EstadoTrabajos.cod_estado=2  
Save/Update: select * from historico_estados_produccion WHERE  historico_estados_produccion.cod_produccion=2  
Save/Update: select * from produccion_operador WHERE  produccion_operador.cod_prodcuccion=2  
Save/Update: select * from Pedido WHERE  Pedido.cod_pedido=2  ; select * from produccion WHERE borrado = 0; select * from historico_estados_pedido WHERE borrado = 0
Save/Update: select * from Maquina WHERE  Maquina.cod_maquina=1  ; select * from JoinMaquinaToTipoPrenda
Save/Update: select * from Articulos WHERE  Articulos.cod_articulo=6  ; select * from lista_precios WHERE borrado = 0
Save/Update: select * from EstadoTrabajos WHERE  EstadoTrabajos.cod_estado=0  
Save/Update: select * from historico_estados_produccion WHERE  historico_estados_produccion.cod_produccion=5  
Save/Update: select * from produccion_operador WHERE  produccion_operador.cod_prodcuccion=5  
Save/Update: DELETE produccion_operador WHERE id_operador=2  AND cod_prodcuccion=7  
Save/Update: DELETE historico_estados_produccion WHERE nro_estado=1  AND cod_produccion=7  
Save/Update: DELETE historico_estados_produccion WHERE nro_estado=2  AND cod_produccion=7  
Save/Update: DELETE produccion WHERE cod_produccion=7</StdOut>
      </Output>
    </UnitTestResult>
    <UnitTestResult executionId="308e07e4-6b7e-4fa5-8b7f-d86efb424649" testId="a472a839-6eaa-12b1-21fb-e977ec47cce0" testName="borrarPrendaTest" computerName="DIEGO-PC" duration="00:00:00.0044514" startTime="2012-11-19T01:14:26.1288615-03:00" endTime="2012-11-19T01:14:26.1398622-03:00" testType="13cdc9d9-ddb5-4fa4-a97d-d965ccfc6d4b" outcome="Passed" testListId="8c84fa94-04c1-424b-9868-57a2d4851a1d" relativeResultsDirectory="308e07e4-6b7e-4fa5-8b7f-d86efb424649">
      <Output>
        <StdOut>Save/Update: INSERT INTO TipoPrenda (tipo_prenda, descripcion) VALUES (5 , 'gorro'); 
Save/Update: select * from TipoPrenda WHERE  TipoPrenda.tipo_prenda=5  
Save/Update: DELETE TipoPrenda WHERE tipo_prenda=5  
Save/Update: select * from TipoPrenda WHERE  TipoPrenda.tipo_prenda=5</StdOut>
      </Output>
    </UnitTestResult>
    <UnitTestResult executionId="afffa339-0aec-45c9-bee4-71370da774a7" testId="a4e8ed3d-c4ae-1ca8-df36-ee362c8b196a" testName="cargarClienteTest" computerName="DIEGO-PC" duration="00:00:00.0067335" startTime="2012-11-19T01:14:26.1418623-03:00" endTime="2012-11-19T01:14:26.1548630-03:00" testType="13cdc9d9-ddb5-4fa4-a97d-d965ccfc6d4b" outcome="Passed" testListId="8c84fa94-04c1-424b-9868-57a2d4851a1d" relativeResultsDirectory="afffa339-0aec-45c9-bee4-71370da774a7">
      <Output>
        <StdOut>Save/Update: select * from Cliente WHERE  Cliente.id_cliente=1  ; select * from cliente_movimientos; select * from Pedido WHERE borrado = 0; select * from Factura WHERE borrado = 0; select * from Diseño WHERE borrado = 0</StdOut>
      </Output>
    </UnitTestResult>
    <UnitTestResult executionId="46663380-ec3d-41e9-ad81-55c61d0d5ab4" testId="a517dabf-4b66-5f3c-ac24-0d2164897c8e" testName="listarPedidosTest" computerName="DIEGO-PC" duration="00:00:00.0210764" startTime="2012-11-19T01:14:26.1568631-03:00" endTime="2012-11-19T01:14:26.1848647-03:00" testType="13cdc9d9-ddb5-4fa4-a97d-d965ccfc6d4b" outcome="Passed" testListId="8c84fa94-04c1-424b-9868-57a2d4851a1d" relativeResultsDirectory="46663380-ec3d-41e9-ad81-55c61d0d5ab4">
      <Output>
        <StdOut>Save/Update: select * from Pedido; select * from produccion WHERE borrado = 0; select * from historico_estados_pedido WHERE borrado = 0
Save/Update: select * from historico_estados_pedido WHERE  historico_estados_pedido.cod_pedido=1  
Save/Update: select * from tipoPedido WHERE  tipoPedido.tipo_pedido=1  
Save/Update: select * from produccion WHERE  produccion.cod_pedido=1  ; select * from historico_estados_produccion WHERE borrado = 0
Save/Update: select * from Cliente WHERE  Cliente.id_cliente=1  ; select * from cliente_movimientos; select * from Pedido WHERE borrado = 0; select * from Factura WHERE borrado = 0; select * from Diseño WHERE borrado = 0
Save/Update: select * from EstadoPedido WHERE  EstadoPedido.estado_pedido=3  
Save/Update: select * from historico_estados_pedido WHERE  historico_estados_pedido.cod_pedido=2  
Save/Update: select * from tipoPedido WHERE  tipoPedido.tipo_pedido=2  
Save/Update: select * from produccion WHERE  produccion.cod_pedido=2  ; select * from historico_estados_produccion WHERE borrado = 0
Save/Update: select * from Cliente WHERE  Cliente.id_cliente=2  ; select * from cliente_movimientos; select * from Pedido WHERE borrado = 0; select * from Factura WHERE borrado = 0; select * from Diseño WHERE borrado = 0
Save/Update: select * from EstadoPedido WHERE  EstadoPedido.estado_pedido=3  
Save/Update: select * from historico_estados_pedido WHERE  historico_estados_pedido.cod_pedido=3  
Save/Update: select * from tipoPedido WHERE  tipoPedido.tipo_pedido=2  
Save/Update: select * from produccion WHERE  produccion.cod_pedido=3  ; select * from historico_estados_produccion WHERE borrado = 0
Save/Update: select * from Cliente WHERE  Cliente.id_cliente=1  ; select * from cliente_movimientos; select * from Pedido WHERE borrado = 0; select * from Factura WHERE borrado = 0; select * from Diseño WHERE borrado = 0
Save/Update: select * from EstadoPedido WHERE  EstadoPedido.estado_pedido=0  
Save/Update: select * from historico_estados_pedido WHERE  historico_estados_pedido.cod_pedido=4  
Save/Update: select * from tipoPedido WHERE  tipoPedido.tipo_pedido=1  
Save/Update: select * from produccion WHERE  produccion.cod_pedido=4  ; select * from historico_estados_produccion WHERE borrado = 0
Save/Update: select * from Cliente WHERE  Cliente.id_cliente=1  ; select * from cliente_movimientos; select * from Pedido WHERE borrado = 0; select * from Factura WHERE borrado = 0; select * from Diseño WHERE borrado = 0
Save/Update: select * from EstadoPedido WHERE  EstadoPedido.estado_pedido=0  
Save/Update: DELETE historico_estados_pedido WHERE nro_estado=1  AND cod_pedido=5  
Save/Update: DELETE historico_estados_pedido WHERE nro_estado=2  AND cod_pedido=5  
Save/Update: DELETE produccion WHERE cod_produccion=7  
Save/Update: DELETE Pedido WHERE cod_pedido=5</StdOut>
      </Output>
    </UnitTestResult>
    <UnitTestResult executionId="cc956b92-d80f-4d28-bc0c-88733aee2ea4" testId="a5adf3df-a9f8-2832-66ba-f690ea4581d6" testName="buscarTipoCuentaPorIdTest" computerName="DIEGO-PC" duration="00:00:00.0024061" startTime="2012-11-19T01:14:26.1878649-03:00" endTime="2012-11-19T01:14:26.1968654-03:00" testType="13cdc9d9-ddb5-4fa4-a97d-d965ccfc6d4b" outcome="Passed" testListId="8c84fa94-04c1-424b-9868-57a2d4851a1d" relativeResultsDirectory="cc956b92-d80f-4d28-bc0c-88733aee2ea4">
      <Output>
        <StdOut>Save/Update: select * from Cuenta WHERE  Cuenta.cuentaID=1</StdOut>
      </Output>
    </UnitTestResult>
    <UnitTestResult executionId="9fd2579c-6ee3-42c7-9515-5a6d94977ea8" testId="a5c2a138-5bc5-66da-7c2e-bc96b13a556b" testName="bloquearUsuarioTest" computerName="DIEGO-PC" duration="00:00:00.0172069" startTime="2012-11-19T01:14:26.2008656-03:00" endTime="2012-11-19T01:14:26.2258671-03:00" testType="13cdc9d9-ddb5-4fa4-a97d-d965ccfc6d4b" outcome="Passed" testListId="8c84fa94-04c1-424b-9868-57a2d4851a1d" relativeResultsDirectory="9fd2579c-6ee3-42c7-9515-5a6d94977ea8">
      <Output>
        <StdOut>Save/Update: select * from Usuario WHERE  Usuario.usuarioID=1  ; select * from JoinUsuarioToFamilia; select * from JoinPatenteToUsuario
Save/Update: select * from Familia JOIN JoinUsuarioToFamilia AS usuarios ON Familia.familiaID=usuarios.familiaID WHERE usuarios.usuarioID=1  ; select * from JoinFamiliaToPatente
Save/Update: select * from Patente JOIN JoinPatenteToUsuario AS usuario ON Patente.patenteId=usuario.patenteId WHERE usuario.usuarioID=1  
Save/Update: select * from Cliente WHERE  Cliente.usuarioID=1  ; select * from cliente_movimientos; select * from Pedido WHERE borrado = 0; select * from Factura WHERE borrado = 0; select * from Diseño WHERE borrado = 0
Save/Update: UPDATE Usuario SET nombre='nombre1', apellido='apellido1', mail='mail1@test.com', password='44', telefonoFijo='1111-1111', telefonoMovil='1111-1111', bloqueado=1  WHERE usuarioID=1  ; DELETE JoinUsuarioToFamilia where usuarioID=1  ; DELETE JoinPatenteToUsuario where usuarioID=1  ;  INSERT INTO JoinPatenteToUsuario ( usuarioID, patenteId) VALUES ( 1 , 1 ); 
Save/Update: select * from Usuario WHERE  Usuario.usuarioID=1  ; select * from JoinUsuarioToFamilia; select * from JoinPatenteToUsuario
Save/Update: select * from Familia JOIN JoinUsuarioToFamilia AS usuarios ON Familia.familiaID=usuarios.familiaID WHERE usuarios.usuarioID=1  ; select * from JoinFamiliaToPatente
Save/Update: select * from Patente JOIN JoinPatenteToUsuario AS usuario ON Patente.patenteId=usuario.patenteId WHERE usuario.usuarioID=1  
Save/Update: select * from Cliente WHERE  Cliente.usuarioID=1  ; select * from cliente_movimientos; select * from Pedido WHERE borrado = 0; select * from Factura WHERE borrado = 0; select * from Diseño WHERE borrado = 0
Save/Update: UPDATE Usuario SET nombre='nombre1', apellido='apellido1', mail='mail1@test.com', password='44', telefonoFijo='1111-1111', telefonoMovil='1111-1111', bloqueado=1  WHERE usuarioID=1  ; DELETE JoinUsuarioToFamilia where usuarioID=1  ; DELETE JoinPatenteToUsuario where usuarioID=1  ;  INSERT INTO JoinPatenteToUsuario ( usuarioID, patenteId) VALUES ( 1 , 1 ); 
Save/Update: UPDATE Usuario SET nombre='nombre1', apellido='apellido1', mail='mail1@test.com', password='11C8', telefonoFijo='1111-1111', telefonoMovil='1111-1111', bloqueado=0  WHERE usuarioID=1  ; DELETE JoinUsuarioToFamilia where usuarioID=1  ; DELETE JoinPatenteToUsuario where usuarioID=1  ; 
Save/Update: UPDATE Cliente SET habitadoTurnos=1 , newsletter=0  WHERE id_cliente=1  ; UPDATE Pedido SET borrado=1 WHERE id_cliente=1  ; UPDATE Factura SET borrado=1 WHERE id_cliente=1  ; UPDATE Diseño SET borrado=1 WHERE id_cliente=1  ; 
Save/Update:  UPDATE factura set borrado = 0 
Save/Update:  UPDATE diseño set borrado = 0 
Save/Update:  UPDATE pedido set borrado = 0 
Save/Update:  Insert into JoinPatenteToUsuario values (1,1)</StdOut>
      </Output>
    </UnitTestResult>
    <UnitTestResult executionId="4d41754f-180e-4668-a669-379e8320917c" testId="a5daaf00-a7ab-4dce-b449-0d5879de0266" testName="cargarTest" computerName="DIEGO-PC" duration="00:00:00.0031869" startTime="2012-11-19T01:14:26.2298673-03:00" endTime="2012-11-19T01:14:26.2388678-03:00" testType="13cdc9d9-ddb5-4fa4-a97d-d965ccfc6d4b" outcome="Passed" testListId="8c84fa94-04c1-424b-9868-57a2d4851a1d" relativeResultsDirectory="4d41754f-180e-4668-a669-379e8320917c">
      <Output>
        <StdOut>Save/Update: select * from Mensaje</StdOut>
      </Output>
    </UnitTestResult>
    <UnitTestResult executionId="407b8817-b2f7-4a0d-9909-fd9029bf79b5" testId="a6894dd2-dcf0-7e92-7a7b-7a5aa8466339" testName="cargarFamiliaPorIdTest" computerName="DIEGO-PC" duration="00:00:00.0030234" startTime="2012-11-19T01:14:26.2438681-03:00" endTime="2012-11-19T01:14:26.2518686-03:00" testType="13cdc9d9-ddb5-4fa4-a97d-d965ccfc6d4b" outcome="Passed" testListId="8c84fa94-04c1-424b-9868-57a2d4851a1d" relativeResultsDirectory="407b8817-b2f7-4a0d-9909-fd9029bf79b5">
      <Output>
        <StdOut>Save/Update: select * from Familia WHERE  Familia.familiaID=6  ; select * from JoinFamiliaToPatente
Save/Update: select * from Patente JOIN JoinFamiliaToPatente AS familia ON Patente.patenteId=familia.patenteId WHERE familia.familiaID=6</StdOut>
      </Output>
    </UnitTestResult>
    <UnitTestResult executionId="1d45b13d-10b4-4711-ad45-a589825abd50" testId="a6fd86e1-4eca-846a-5e19-70da718a6391" testName="buscarNewsletterPorNombreTest" computerName="DIEGO-PC" duration="00:00:00.0023903" startTime="2012-11-19T01:14:26.2558688-03:00" endTime="2012-11-19T01:14:26.2648693-03:00" testType="13cdc9d9-ddb5-4fa4-a97d-d965ccfc6d4b" outcome="Passed" testListId="8c84fa94-04c1-424b-9868-57a2d4851a1d" relativeResultsDirectory="1d45b13d-10b4-4711-ad45-a589825abd50">
      <Output>
        <StdOut>Save/Update: select * from newsletter WHERE  newsletter.nombre='news1'</StdOut>
      </Output>
    </UnitTestResult>
    <UnitTestResult executionId="58d04dc9-9722-480e-90b5-586805e18bfd" testId="a77c41d3-5bba-1c1e-e81f-7a02217342bf" testName="buscarPrimerosHuecosMaquinaTest4" computerName="DIEGO-PC" duration="00:00:00.0146259" startTime="2012-11-19T01:14:26.2688695-03:00" endTime="2012-11-19T01:14:26.2888707-03:00" testType="13cdc9d9-ddb5-4fa4-a97d-d965ccfc6d4b" outcome="Passed" testListId="8c84fa94-04c1-424b-9868-57a2d4851a1d" relativeResultsDirectory="58d04dc9-9722-480e-90b5-586805e18bfd">
      <Output>
        <StdOut>Save/Update: select * from produccion WHERE  produccion.cod_maquina=3  AND  produccion.fechaFinal&gt;= CAST('09/10/2012 11:00:00.000'  AS DateTime) ; select * from historico_estados_produccion WHERE borrado = 0
Save/Update: select * from Pedido WHERE  Pedido.cod_pedido=2  ; select * from produccion WHERE borrado = 0; select * from historico_estados_pedido WHERE borrado = 0
Save/Update: select * from Maquina WHERE  Maquina.cod_maquina=3  ; select * from JoinMaquinaToTipoPrenda
Save/Update: select * from Articulos WHERE  Articulos.cod_articulo=5  ; select * from lista_precios WHERE borrado = 0
Save/Update: select * from EstadoTrabajos WHERE  EstadoTrabajos.cod_estado=0  
Save/Update: select * from historico_estados_produccion WHERE  historico_estados_produccion.cod_produccion=4  
Save/Update: select * from produccion_operador WHERE  produccion_operador.cod_prodcuccion=4  
Save/Update: select * from Pedido WHERE  Pedido.cod_pedido=3  ; select * from produccion WHERE borrado = 0; select * from historico_estados_pedido WHERE borrado = 0
Save/Update: select * from Maquina WHERE  Maquina.cod_maquina=3  ; select * from JoinMaquinaToTipoPrenda
Save/Update: select * from Articulos WHERE  Articulos.cod_articulo=4  ; select * from lista_precios WHERE borrado = 0
Save/Update: select * from EstadoTrabajos WHERE  EstadoTrabajos.cod_estado=0  
Save/Update: select * from historico_estados_produccion WHERE  historico_estados_produccion.cod_produccion=6  
Save/Update: select * from produccion_operador WHERE  produccion_operador.cod_prodcuccion=6  
Save/Update: select * from produccion WHERE  produccion.cod_maquina=3  AND  produccion.fechaInicio&gt;= CAST('12/10/2012 13:00:00.000'  AS DateTime) ; select * from historico_estados_produccion WHERE borrado = 0
Save/Update: select * from Pedido WHERE  Pedido.cod_pedido=3  ; select * from produccion WHERE borrado = 0; select * from historico_estados_pedido WHERE borrado = 0
Save/Update: select * from Maquina WHERE  Maquina.cod_maquina=3  ; select * from JoinMaquinaToTipoPrenda
Save/Update: select * from Articulos WHERE  Articulos.cod_articulo=4  ; select * from lista_precios WHERE borrado = 0
Save/Update: select * from EstadoTrabajos WHERE  EstadoTrabajos.cod_estado=0  
Save/Update: select * from historico_estados_produccion WHERE  historico_estados_produccion.cod_produccion=6  
Save/Update: select * from produccion_operador WHERE  produccion_operador.cod_prodcuccion=6  
Save/Update: select * from produccion WHERE  produccion.cod_maquina=3  AND  produccion.fechaInicio&gt;= CAST('15/10/2012 18:00:00.000'  AS DateTime) ; select * from historico_estados_produccion WHERE borrado = 0
Save/Update: DELETE produccion_operador WHERE id_operador=2  AND cod_prodcuccion=7  
Save/Update: DELETE historico_estados_produccion WHERE nro_estado=1  AND cod_produccion=7  
Save/Update: DELETE historico_estados_produccion WHERE nro_estado=2  AND cod_produccion=7  
Save/Update: DELETE produccion WHERE cod_produccion=7</StdOut>
      </Output>
    </UnitTestResult>
    <UnitTestResult executionId="4e8a2b6c-6c9f-4441-b87f-8c686ba3f899" testId="a80088bc-1bb3-9447-8317-64a7363d3cfe" testName="actualizarPedidoTest" computerName="DIEGO-PC" duration="00:00:03.7388535" startTime="2012-11-19T01:14:26.2928709-03:00" endTime="2012-11-19T01:14:30.0380851-03:00" testType="13cdc9d9-ddb5-4fa4-a97d-d965ccfc6d4b" outcome="Passed" testListId="8c84fa94-04c1-424b-9868-57a2d4851a1d" relativeResultsDirectory="4e8a2b6c-6c9f-4441-b87f-8c686ba3f899">
      <Output>
        <StdOut>Save/Update: SELECT  ISNULL(MAX(cod_pedido + 1),1) from Pedido
Save/Update: INSERT INTO Pedido (cod_pedido, comentario, id_cliente, tipo_pedido, estadoActual, fechaInicio, fechaFinal, borrado) VALUES (5 , 'comentario test', 2 , 2 , 2 ,  CAST('19/11/2012 01:14:26.300'  AS DateTime),  NULL , 0 ); UPDATE produccion SET borrado=1 WHERE cod_pedido=5  ; UPDATE historico_estados_pedido SET borrado=1 WHERE cod_pedido=5  ; 
Save/Update: SELECT  ISNULL(MAX(cod_produccion + 1),1) from produccion
Save/Update: INSERT INTO produccion (cod_produccion, comentario, cod_pedido, cod_maquina, cod_articulo, cantidad, estadoActual, utilizacion, fechaInicio, fechaFinal, borrado) VALUES (7 , 'com1', 5 , 2 , 1 , 10 , 1 , 1,  CAST('19/11/2012 01:14:26.300'  AS DateTime),  NULL , 0 ); UPDATE historico_estados_produccion SET borrado=1 WHERE cod_produccion=7  ; 
Save/Update: UPDATE Pedido SET comentario='comentario test', id_cliente=2 , tipo_pedido=2 , estadoActual=2 , fechaInicio= CAST('19/11/2012 01:14:26.300'  AS DateTime), fechaFinal= NULL , borrado=0  WHERE cod_pedido=5  ; UPDATE produccion SET borrado=1 WHERE cod_pedido=5  ; UPDATE historico_estados_pedido SET borrado=1 WHERE cod_pedido=5  ; 
Save/Update: SELECT  ISNULL(MAX(nro_estado + 1),1) from historico_estados_pedido WHERE cod_pedido=5
Save/Update: INSERT INTO historico_estados_pedido (nro_estado, comentario, cod_pedido, fechaDesde, fechaHasta, estado, borrado) VALUES (1 , '', 5 ,  CAST('19/11/2012 01:14:26.304'  AS DateTime),  NULL , 2 , 0 ); 
Save/Update: UPDATE produccion SET comentario='com1', cod_pedido=5 , cod_maquina=2 , cod_articulo=1 , cantidad=10 , estadoActual=1 , utilizacion=1, fechaInicio= CAST('19/11/2012 01:14:26.300'  AS DateTime), fechaFinal= NULL , borrado=0  WHERE cod_produccion=7  ; UPDATE historico_estados_produccion SET borrado=1 WHERE cod_produccion=7  ; 
Save/Update: select * from Pedido WHERE  Pedido.cod_pedido=5  ; select * from produccion WHERE borrado = 0; select * from historico_estados_pedido WHERE borrado = 0
Save/Update: select * from historico_estados_pedido WHERE  historico_estados_pedido.cod_pedido=5  
Save/Update: select * from tipoPedido WHERE  tipoPedido.tipo_pedido=2  
Save/Update: select * from produccion WHERE  produccion.cod_pedido=5  ; select * from historico_estados_produccion WHERE borrado = 0
Save/Update: select * from Cliente WHERE  Cliente.id_cliente=2  ; select * from cliente_movimientos; select * from Pedido WHERE borrado = 0; select * from Factura WHERE borrado = 0; select * from Diseño WHERE borrado = 0
Save/Update: select * from EstadoPedido WHERE  EstadoPedido.estado_pedido=2  
Save/Update: select * from Usuario WHERE  Usuario.usuarioID=2  ; select * from JoinUsuarioToFamilia; select * from JoinPatenteToUsuario
Save/Update: select * from Familia JOIN JoinUsuarioToFamilia AS usuarios ON Familia.familiaID=usuarios.familiaID WHERE usuarios.usuarioID=2  ; select * from JoinFamiliaToPatente
Save/Update: select * from Patente JOIN JoinFamiliaToPatente AS familia ON Patente.patenteId=familia.patenteId WHERE familia.familiaID=2  
Save/Update: select * from Patente JOIN JoinPatenteToUsuario AS usuario ON Patente.patenteId=usuario.patenteId WHERE usuario.usuarioID=2  
Save/Update: select * from Cliente WHERE  Cliente.usuarioID=2  ; select * from cliente_movimientos; select * from Pedido WHERE borrado = 0; select * from Factura WHERE borrado = 0; select * from Diseño WHERE borrado = 0
Save/Update: select * from newsletter WHERE  newsletter.id=1  
Save/Update: select * from produccion WHERE  produccion.cod_produccion=7  ; select * from historico_estados_produccion WHERE borrado = 0
Save/Update: select * from Pedido WHERE  Pedido.cod_pedido=5  ; select * from produccion WHERE borrado = 0; select * from historico_estados_pedido WHERE borrado = 0
Save/Update: select * from Maquina WHERE  Maquina.cod_maquina=2  ; select * from JoinMaquinaToTipoPrenda
Save/Update: select * from Articulos WHERE  Articulos.cod_articulo=1  ; select * from lista_precios WHERE borrado = 0
Save/Update: select * from EstadoTrabajos WHERE  EstadoTrabajos.cod_estado=1  
Save/Update: select * from historico_estados_produccion WHERE  historico_estados_produccion.cod_produccion=7  
Save/Update: select * from produccion_operador WHERE  produccion_operador.cod_prodcuccion=7  
Save/Update: select * from newsletter WHERE  newsletter.id=2  
Save/Update: select * from Articulos WHERE  Articulos.cod_articulo=1  ; select * from lista_precios WHERE borrado = 0
Save/Update: select * from lista_precios WHERE  lista_precios.cod_articulo=1  
Save/Update: select * from TipoPrenda WHERE  TipoPrenda.tipo_prenda=1  
Save/Update: select * from Diseño WHERE  Diseño.cod_diseño=1  ; select * from historico_estados_diseño WHERE borrado = 0
Save/Update: select * from Pedido WHERE  Pedido.cod_pedido=5  ; select * from produccion WHERE borrado = 0; select * from historico_estados_pedido WHERE borrado = 0
Save/Update: select * from historico_estados_pedido WHERE  historico_estados_pedido.cod_pedido=5  
Save/Update: select * from tipoPedido WHERE  tipoPedido.tipo_pedido=2  
Save/Update: select * from produccion WHERE  produccion.cod_pedido=5  ; select * from historico_estados_produccion WHERE borrado = 0
Save/Update: select * from Cliente WHERE  Cliente.id_cliente=2  ; select * from cliente_movimientos; select * from Pedido WHERE borrado = 0; select * from Factura WHERE borrado = 0; select * from Diseño WHERE borrado = 0
Save/Update: select * from EstadoPedido WHERE  EstadoPedido.estado_pedido=2  
Save/Update: UPDATE Pedido SET comentario='comentario Modificado', id_cliente=2 , tipo_pedido=2 , estadoActual=3 , fechaInicio= CAST('19/11/2012 01:14:26.300'  AS DateTime), fechaFinal= CAST('10/10/2012 00:00:00.000'  AS DateTime), borrado=0  WHERE cod_pedido=5  ; UPDATE produccion SET borrado=1 WHERE cod_pedido=5  ; UPDATE historico_estados_pedido SET borrado=1 WHERE cod_pedido=5  ; 
Save/Update: UPDATE historico_estados_pedido SET comentario='', fechaDesde= CAST('19/11/2012 01:14:26.303'  AS DateTime), fechaHasta= CAST('10/10/2012 00:00:00.000'  AS DateTime), estado=2 , borrado=0  WHERE nro_estado=1  AND cod_pedido=5  ; 
Save/Update: SELECT  ISNULL(MAX(nro_estado + 1),1) from historico_estados_pedido WHERE cod_pedido=5
Save/Update: INSERT INTO historico_estados_pedido (nro_estado, comentario, cod_pedido, fechaDesde, fechaHasta, estado, borrado) VALUES (2 , 'com', 5 ,  CAST('19/11/2012 01:14:30.018'  AS DateTime),  NULL , 2 , 0 ); 
Save/Update: UPDATE produccion SET comentario='com1', cod_pedido=5 , cod_maquina=2 , cod_articulo=1 , cantidad=10 , estadoActual=1 , utilizacion=1, fechaInicio= CAST('19/11/2012 01:14:26.300'  AS DateTime), fechaFinal= CAST('10/10/2012 00:00:00.000'  AS DateTime), borrado=0  WHERE cod_produccion=7  ; UPDATE historico_estados_produccion SET borrado=1 WHERE cod_produccion=7  ; 
Save/Update: select * from Pedido WHERE  Pedido.cod_pedido=5  ; select * from produccion WHERE borrado = 0; select * from historico_estados_pedido WHERE borrado = 0
Save/Update: select * from historico_estados_pedido WHERE  historico_estados_pedido.cod_pedido=5  
Save/Update: select * from tipoPedido WHERE  tipoPedido.tipo_pedido=2  
Save/Update: select * from produccion WHERE  produccion.cod_pedido=5  ; select * from historico_estados_produccion WHERE borrado = 0
Save/Update: select * from Cliente WHERE  Cliente.id_cliente=2  ; select * from cliente_movimientos; select * from Pedido WHERE borrado = 0; select * from Factura WHERE borrado = 0; select * from Diseño WHERE borrado = 0
Save/Update: select * from EstadoPedido WHERE  EstadoPedido.estado_pedido=3  
Save/Update: DELETE historico_estados_pedido WHERE nro_estado=1  AND cod_pedido=5  
Save/Update: DELETE historico_estados_pedido WHERE nro_estado=2  AND cod_pedido=5  
Save/Update: DELETE produccion WHERE cod_produccion=7  
Save/Update: DELETE Pedido WHERE cod_pedido=5</StdOut>
      </Output>
    </UnitTestResult>
    <UnitTestResult executionId="7fd3aa67-3862-404c-93cd-4981b51430c1" testId="a835695f-f8af-58f4-71d0-57d24fa7d90f" testName="buscarOpinionPorCriterioTest" computerName="DIEGO-PC" duration="00:00:00.0041792" startTime="2012-11-19T01:14:30.0430854-03:00" endTime="2012-11-19T01:14:30.0540860-03:00" testType="13cdc9d9-ddb5-4fa4-a97d-d965ccfc6d4b" outcome="Passed" testListId="8c84fa94-04c1-424b-9868-57a2d4851a1d" relativeResultsDirectory="7fd3aa67-3862-404c-93cd-4981b51430c1">
      <Output>
        <StdOut>Save/Update: select * from opiniones WHERE  opiniones.id=1  AND  opiniones.nombre='nombre1' AND  opiniones.mail='mail1@test.com' AND  opiniones.opinion='opinion1'</StdOut>
      </Output>
    </UnitTestResult>
    <UnitTestResult executionId="7817642a-08a1-4f8e-b3f9-1a39f93595d8" testId="a85e6fd4-de45-4652-f9ef-c22afc1ca0bf" testName="actualizarTest" computerName="DIEGO-PC" duration="00:00:00.0078068" startTime="2012-11-19T01:14:30.0600864-03:00" endTime="2012-11-19T01:14:30.0760873-03:00" testType="13cdc9d9-ddb5-4fa4-a97d-d965ccfc6d4b" outcome="Passed" testListId="8c84fa94-04c1-424b-9868-57a2d4851a1d" relativeResultsDirectory="7817642a-08a1-4f8e-b3f9-1a39f93595d8">
      <Output>
        <StdOut>Save/Update: UPDATE Proveedor SET nombre='nombre1modificado', telefono='15-1111-1111', direccion='direccion 1 modificado' WHERE id_proveedor=1  ; 
Save/Update: select * from Proveedor WHERE  Proveedor.id_proveedor=1  
Save/Update: select * from OrdenDeCompra WHERE  OrdenDeCompra.id_proveedor=1  ; select * from documento_movimiento; select * from LineaOrdenDeCompra WHERE borrado = 0
Save/Update: delete OrdenDeCompra where nro_doc=5
Save/Update: delete documento where nro_doc=5
Save/Update: DELETE Proveedor WHERE id_proveedor=4  
Save/Update: UPDATE Proveedor SET nombre='nombre1', telefono='1111-1111', direccion='direccion 1' WHERE id_proveedor=1  ;</StdOut>
      </Output>
    </UnitTestResult>
    <UnitTestResult executionId="11d8a788-2aa5-4c74-8d5f-3dd499fe5dc2" testId="a8a939dd-3559-39c4-d3e6-695f82176ab4" testName="modificarHistoricoEstadosTest" computerName="DIEGO-PC" duration="00:00:00.0064500" startTime="2012-11-19T01:14:30.0810876-03:00" endTime="2012-11-19T01:14:30.0940883-03:00" testType="13cdc9d9-ddb5-4fa4-a97d-d965ccfc6d4b" outcome="Passed" testListId="8c84fa94-04c1-424b-9868-57a2d4851a1d" relativeResultsDirectory="11d8a788-2aa5-4c74-8d5f-3dd499fe5dc2">
      <Output>
        <StdOut>Save/Update: select * from historico_estados_pedido WHERE  historico_estados_pedido.nro_estado=1  AND  historico_estados_pedido.cod_pedido=1  
Save/Update: UPDATE historico_estados_pedido SET comentario='comentarioModificado', fechaDesde= CAST('11/09/2012 13:00:00.000'  AS DateTime), fechaHasta= CAST('11/09/2012 14:00:00.000'  AS DateTime), estado=1 , borrado=0  WHERE nro_estado=1  AND cod_pedido=1  ; 
Save/Update: select * from historico_estados_pedido WHERE  historico_estados_pedido.nro_estado=1  AND  historico_estados_pedido.cod_pedido=1  
Save/Update: UPDATE historico_estados_pedido SET comentario='comentario 11', fechaDesde= CAST('11/09/2012 13:00:00.000'  AS DateTime), fechaHasta= CAST('11/09/2012 14:00:00.000'  AS DateTime), estado=1 , borrado=0  WHERE nro_estado=1  AND cod_pedido=1  ;</StdOut>
      </Output>
    </UnitTestResult>
    <UnitTestResult executionId="8959e212-0a43-4808-8b75-22fa4c88a950" testId="a8b0ac8d-b3ff-6693-a29b-869418f5d04f" testName="cargarMaquinasTest" computerName="DIEGO-PC" duration="00:00:00.0050465" startTime="2012-11-19T01:14:30.0990886-03:00" endTime="2012-11-19T01:14:30.1100892-03:00" testType="13cdc9d9-ddb5-4fa4-a97d-d965ccfc6d4b" outcome="Passed" testListId="8c84fa94-04c1-424b-9868-57a2d4851a1d" relativeResultsDirectory="8959e212-0a43-4808-8b75-22fa4c88a950">
      <Output>
        <StdOut>Save/Update: select * from Maquina; select * from JoinMaquinaToTipoPrenda
Save/Update: DELETE JoinMaquinaToTipoPrenda where cod_maquina=4  ; ;DELETE Maquina WHERE cod_maquina=4</StdOut>
      </Output>
    </UnitTestResult>
    <UnitTestResult executionId="f86d5de5-8948-4e01-9ec2-aac2b9f95616" testId="a914285b-c2e0-dbc2-f99c-c0b34bf25408" testName="GrabarDiseñoTest" computerName="DIEGO-PC" duration="00:00:00.0135829" startTime="2012-11-19T01:14:30.1150895-03:00" endTime="2012-11-19T01:14:30.1350907-03:00" testType="13cdc9d9-ddb5-4fa4-a97d-d965ccfc6d4b" outcome="Passed" testListId="8c84fa94-04c1-424b-9868-57a2d4851a1d" relativeResultsDirectory="f86d5de5-8948-4e01-9ec2-aac2b9f95616">
      <Output>
        <StdOut>Save/Update: SELECT  ISNULL(MAX(cod_diseño + 1),1) from Diseño
Save/Update: INSERT INTO Diseño (cod_diseño, nombre, puntadas, alto, ancho, id_cliente, estadoActual, pathImagen, pathDetalle, pathArchivoEditable, pathArchivoFinal, borrado) VALUES (3 , 'diseño3', 3333 , 33 , 33 , 1 , 2 , '/cliente1/imagen/diseño1.jpg', '/cliente1/detalle/diseño1.jpg', '/cliente1/diseñoEditable/diseño1.jpg', '/cliente1/diseño/diseño1.jpg', 0 ); UPDATE historico_estados_diseño SET borrado=1 WHERE cod_diseño=3  ; 
Save/Update: INSERT INTO Diseño_insumos (cod_diseño, cod_insumo, cantidad) VALUES (3 , 1 , 3); 
Save/Update: select * from Diseño WHERE  Diseño.cod_diseño=3  ; select * from historico_estados_diseño WHERE borrado = 0
Save/Update: select * from Cliente WHERE  Cliente.id_cliente=1  ; select * from cliente_movimientos; select * from Pedido WHERE borrado = 0; select * from Factura WHERE borrado = 0; select * from Diseño WHERE borrado = 0
Save/Update: select * from Usuario WHERE  Usuario.usuarioID=1  ; select * from JoinUsuarioToFamilia; select * from JoinPatenteToUsuario
Save/Update: select * from Diseño_insumos WHERE  Diseño_insumos.cod_diseño=3  
Save/Update: select * from historico_estados_diseño WHERE  historico_estados_diseño.cod_diseño=3  
Save/Update: select * from EstadoDiseños WHERE  EstadoDiseños.estado=2  
Save/Update: DELETE FROM Diseño_insumos where cod_diseño=3
Save/Update: DELETE FROM historico_estados_diseño where cod_diseño=3
Save/Update: DELETE Diseño WHERE cod_diseño=3</StdOut>
      </Output>
    </UnitTestResult>
    <UnitTestResult executionId="3b99be05-65bd-44b8-8e36-0a2ba9542317" testId="aa08efca-9836-e946-b0ea-6d46d0e78977" testName="grabarMovimientoTest" computerName="DIEGO-PC" duration="00:00:00.0139249" startTime="2012-11-19T01:14:30.1400910-03:00" endTime="2012-11-19T01:14:30.1600921-03:00" testType="13cdc9d9-ddb5-4fa4-a97d-d965ccfc6d4b" outcome="Passed" testListId="8c84fa94-04c1-424b-9868-57a2d4851a1d" relativeResultsDirectory="3b99be05-65bd-44b8-8e36-0a2ba9542317">
      <Output>
        <StdOut>Save/Update: SELECT  ISNULL(MAX(nro_movimiento + 1),1) from MovimientosCuenta
Save/Update: INSERT INTO MovimientosCuenta (nro_movimiento, comentario, fecha, monto, cuentaID, tipoMovimientoID) VALUES (4 , 'com4',  CAST('19/11/2012 01:14:30.145'  AS DateTime), 33.3, 1 , 2 ); DELETE proveedor_movimientos where nro_movimiento=4  ;  INSERT INTO proveedor_movimientos ( nro_movimiento, id_proveedor) VALUES ( 4 , 3 ); DELETE documento_movimiento where nro_movimiento=4  ; 
Save/Update: select * from MovimientosCuenta JOIN proveedor_movimientos AS proveedor ON MovimientosCuenta.nro_movimiento=proveedor.nro_movimiento WHERE  MovimientosCuenta.nro_movimiento=4  AND proveedor.id_proveedor IS NOT  NULL ; select * from proveedor_movimientos; select * from documento_movimiento
Save/Update: select * from Proveedor WHERE  Proveedor.id_proveedor=3  
Save/Update: select * from OrdenDeCompra WHERE  OrdenDeCompra.id_proveedor=3  ; select * from documento_movimiento; select * from LineaOrdenDeCompra WHERE borrado = 0
Save/Update: select * from tipoMovimiento WHERE  tipoMovimiento.tipoMovimientoID=2  
Save/Update: select * from Cuenta WHERE  Cuenta.cuentaID=1  
Save/Update: DELETE proveedor_movimientos where nro_movimiento=4  ; DELETE documento_movimiento where nro_movimiento=4  ; ;DELETE MovimientosCuenta WHERE nro_movimiento=4</StdOut>
      </Output>
    </UnitTestResult>
    <UnitTestResult executionId="af5325a2-3e1a-4ca7-a27a-dcdc0c24cb93" testId="aa3d2f13-ce91-e85a-b860-661244f697ca" testName="listarMovimientosPorProveedorTest" computerName="DIEGO-PC" duration="00:00:00.0086329" startTime="2012-11-19T01:14:30.1650924-03:00" endTime="2012-11-19T01:14:30.1810933-03:00" testType="13cdc9d9-ddb5-4fa4-a97d-d965ccfc6d4b" outcome="Passed" testListId="8c84fa94-04c1-424b-9868-57a2d4851a1d" relativeResultsDirectory="af5325a2-3e1a-4ca7-a27a-dcdc0c24cb93">
      <Output>
        <StdOut>Save/Update: select * from MovimientosCuenta JOIN proveedor_movimientos AS proveedor ON MovimientosCuenta.nro_movimiento=proveedor.nro_movimiento WHERE proveedor.id_proveedor IS NOT  NULL ; select * from proveedor_movimientos; select * from documento_movimiento
Save/Update: select * from Proveedor WHERE  Proveedor.id_proveedor=1  
Save/Update: select * from OrdenDeCompra WHERE  OrdenDeCompra.id_proveedor=1  ; select * from documento_movimiento; select * from LineaOrdenDeCompra WHERE borrado = 0
Save/Update: select * from OrdenDeCompra WHERE  OrdenDeCompra.nro_Doc=3  ; select * from documento_movimiento; select * from LineaOrdenDeCompra WHERE borrado = 0
Save/Update: select * from tipoMovimiento WHERE  tipoMovimiento.tipoMovimientoID=1  
Save/Update: select * from Cuenta WHERE  Cuenta.cuentaID=1  
Save/Update: DELETE proveedor_movimientos where nro_movimiento=4  ; DELETE documento_movimiento where nro_movimiento=4  ; ;DELETE MovimientosCuenta WHERE nro_movimiento=4</StdOut>
      </Output>
    </UnitTestResult>
    <UnitTestResult executionId="d5f5ca98-3ec2-4197-94d5-d25d0f6b1356" testId="aa89e54f-b120-5f04-a49b-eb1a63d779df" testName="buscarPedidoPorCodigoTest" computerName="DIEGO-PC" duration="00:00:00.0098466" startTime="2012-11-19T01:14:30.1850935-03:00" endTime="2012-11-19T01:14:30.2010944-03:00" testType="13cdc9d9-ddb5-4fa4-a97d-d965ccfc6d4b" outcome="Passed" testListId="8c84fa94-04c1-424b-9868-57a2d4851a1d" relativeResultsDirectory="d5f5ca98-3ec2-4197-94d5-d25d0f6b1356">
      <Output>
        <StdOut>Save/Update: select * from Pedido WHERE  Pedido.cod_pedido=1  ; select * from produccion WHERE borrado = 0; select * from historico_estados_pedido WHERE borrado = 0
Save/Update: select * from historico_estados_pedido WHERE  historico_estados_pedido.cod_pedido=1  
Save/Update: select * from tipoPedido WHERE  tipoPedido.tipo_pedido=1  
Save/Update: select * from produccion WHERE  produccion.cod_pedido=1  ; select * from historico_estados_produccion WHERE borrado = 0
Save/Update: select * from Cliente WHERE  Cliente.id_cliente=1  ; select * from cliente_movimientos; select * from Pedido WHERE borrado = 0; select * from Factura WHERE borrado = 0; select * from Diseño WHERE borrado = 0
Save/Update: select * from EstadoPedido WHERE  EstadoPedido.estado_pedido=3  
Save/Update: DELETE historico_estados_pedido WHERE nro_estado=1  AND cod_pedido=5  
Save/Update: DELETE historico_estados_pedido WHERE nro_estado=2  AND cod_pedido=5  
Save/Update: DELETE produccion WHERE cod_produccion=7  
Save/Update: DELETE Pedido WHERE cod_pedido=5</StdOut>
      </Output>
    </UnitTestResult>
    <UnitTestResult executionId="b0db3362-cf31-405f-a298-90235a7cfc07" testId="aad710b2-cbba-4fa8-20b9-0a83a5267460" testName="grabarNewsletterTest" computerName="DIEGO-PC" duration="00:00:00.0051370" startTime="2012-11-19T01:14:30.2050947-03:00" endTime="2012-11-19T01:14:30.2160953-03:00" testType="13cdc9d9-ddb5-4fa4-a97d-d965ccfc6d4b" outcome="Passed" testListId="8c84fa94-04c1-424b-9868-57a2d4851a1d" relativeResultsDirectory="b0db3362-cf31-405f-a298-90235a7cfc07">
      <Output>
        <StdOut>Save/Update: SELECT  ISNULL(MAX(id + 1),1) from newsletter
Save/Update: INSERT INTO newsletter (id, newsletter, nombre, enviado) VALUES (3 , 'html', 'news3', 0 ); 
Save/Update: select * from newsletter
Save/Update: DELETE newsletter WHERE id=3</StdOut>
      </Output>
    </UnitTestResult>
    <UnitTestResult executionId="246ac0c8-82e5-4ccd-bde7-7728ee4d67f8" testId="ab0fe80a-1fd5-fb8a-e7d4-5b5fcdcec2eb" testName="borrarTest" computerName="DIEGO-PC" duration="00:00:00.0158551" startTime="2012-11-19T01:14:30.2200955-03:00" endTime="2012-11-19T01:14:30.2420968-03:00" testType="13cdc9d9-ddb5-4fa4-a97d-d965ccfc6d4b" outcome="Passed" testListId="8c84fa94-04c1-424b-9868-57a2d4851a1d" relativeResultsDirectory="246ac0c8-82e5-4ccd-bde7-7728ee4d67f8">
      <Output>
        <StdOut>Save/Update: SELECT  ISNULL(MAX(id_conversacion + 1),1) from Conversacion
Save/Update: INSERT INTO Conversacion (id_conversacion, remitente, destinatario) VALUES (3 , 2 , 3 ); UPDATE mensaje SET borrado=1 WHERE id_conversacion=3  ; 
Save/Update: SELECT  ISNULL(MAX(id + 1),1) from Mensaje
Save/Update: INSERT INTO Mensaje (id, tipoMensaje, fecha, mensaje, leido, borrado, id_conversacion) VALUES (5 , 0 ,  CAST('19/11/2012 01:14:30.228'  AS DateTime), 'test msj grabarMensajeTest', 0 , 0 , 3 ); 
Save/Update: SELECT  ISNULL(MAX(id + 1),1) from Mensaje
Save/Update: INSERT INTO Mensaje (id, tipoMensaje, fecha, mensaje, leido, borrado, id_conversacion) VALUES (6 , 1 ,  CAST('19/11/2012 01:14:30.228'  AS DateTime), 'test msj grabarMensajeTest', 0 , 0 , 3 ); 
Save/Update: select * from Conversacion WHERE  Conversacion.remitente=3  ; select * from mensaje WHERE borrado = 0
Save/Update: select * from Conversacion WHERE  Conversacion.destinatario=3  ; select * from mensaje WHERE borrado = 0
Save/Update: select * from Usuario WHERE  Usuario.usuarioID=2  ; select * from JoinUsuarioToFamilia; select * from JoinPatenteToUsuario
Save/Update: select * from Usuario WHERE  Usuario.usuarioID=3  ; select * from JoinUsuarioToFamilia; select * from JoinPatenteToUsuario
Save/Update: select * from Mensaje WHERE  Mensaje.id_conversacion=3  
Save/Update: DELETE Mensaje WHERE id=5  
Save/Update: DELETE Mensaje WHERE id=6  
Save/Update: DELETE Conversacion WHERE id_conversacion=3  
Save/Update: select * from Conversacion WHERE  Conversacion.remitente=3  ; select * from mensaje WHERE borrado = 0
Save/Update: select * from Conversacion WHERE  Conversacion.destinatario=3  ; select * from mensaje WHERE borrado = 0
Save/Update: select * from Mensaje</StdOut>
      </Output>
    </UnitTestResult>
    <UnitTestResult executionId="63c113e0-5042-442a-84fc-59edae53cdab" testId="ab4f6c28-3581-ba0b-4648-93d882bc1ba4" testName="borrarDiseñosTest" computerName="DIEGO-PC" duration="00:00:00.0070007" startTime="2012-11-19T01:14:30.2460970-03:00" endTime="2012-11-19T01:14:30.2600978-03:00" testType="13cdc9d9-ddb5-4fa4-a97d-d965ccfc6d4b" outcome="Passed" testListId="8c84fa94-04c1-424b-9868-57a2d4851a1d" relativeResultsDirectory="63c113e0-5042-442a-84fc-59edae53cdab">
      <Output>
        <StdOut>Save/Update: SELECT  ISNULL(MAX(cod_diseño + 1),1) from Diseño
Save/Update: INSERT INTO Diseño (cod_diseño, nombre, puntadas, alto, ancho, id_cliente, estadoActual, pathImagen, pathDetalle, pathArchivoEditable, pathArchivoFinal, borrado) VALUES (3 , 'diseño3', 3333 , 33 , 33 , 1 , 1 , '/cliente1/imagen/diseño1.jpg', '/cliente1/detalle/diseño1.jpg', '/cliente1/diseñoEditable/diseño1.jpg', '/cliente1/diseño/diseño1.jpg', 0 ); UPDATE historico_estados_diseño SET borrado=1 WHERE cod_diseño=3  ; 
Save/Update: select * from Diseño WHERE  Diseño.id_cliente=1  ; select * from historico_estados_diseño WHERE borrado = 0
Save/Update: DELETE Diseño WHERE cod_diseño=3  
Save/Update: select * from Diseño WHERE  Diseño.id_cliente=1  ; select * from historico_estados_diseño WHERE borrado = 0</StdOut>
      </Output>
    </UnitTestResult>
    <UnitTestResult executionId="888fa95b-09d5-4ec3-8d3d-10343470a403" testId="ac4b28af-d8f4-b156-672f-168bba2db6f5" testName="grabarTest" computerName="DIEGO-PC" duration="00:00:00.0138832" startTime="2012-11-19T01:14:30.2640981-03:00" endTime="2012-11-19T01:14:30.2840992-03:00" testType="13cdc9d9-ddb5-4fa4-a97d-d965ccfc6d4b" outcome="Passed" testListId="8c84fa94-04c1-424b-9868-57a2d4851a1d" relativeResultsDirectory="888fa95b-09d5-4ec3-8d3d-10343470a403">
      <Output>
        <StdOut>Save/Update: SELECT  ISNULL(MAX(id_conversacion + 1),1) from Conversacion
Save/Update: INSERT INTO Conversacion (id_conversacion, remitente, destinatario) VALUES (3 , 2 , 3 ); UPDATE mensaje SET borrado=1 WHERE id_conversacion=3  ; 
Save/Update: SELECT  ISNULL(MAX(id + 1),1) from Mensaje
Save/Update: INSERT INTO Mensaje (id, tipoMensaje, fecha, mensaje, leido, borrado, id_conversacion) VALUES (5 , 0 ,  CAST('19/11/2012 01:14:30.272'  AS DateTime), 'test msj grabarMensajeTest', 0 , 0 , 3 ); 
Save/Update: SELECT  ISNULL(MAX(id + 1),1) from Mensaje
Save/Update: INSERT INTO Mensaje (id, tipoMensaje, fecha, mensaje, leido, borrado, id_conversacion) VALUES (6 , 1 ,  CAST('19/11/2012 01:14:30.272'  AS DateTime), 'test msj grabarMensajeTest', 0 , 0 , 3 ); 
Save/Update: select * from Conversacion WHERE  Conversacion.remitente=3  ; select * from mensaje WHERE borrado = 0
Save/Update: select * from Conversacion WHERE  Conversacion.destinatario=3  ; select * from mensaje WHERE borrado = 0
Save/Update: select * from Usuario WHERE  Usuario.usuarioID=2  ; select * from JoinUsuarioToFamilia; select * from JoinPatenteToUsuario
Save/Update: select * from Usuario WHERE  Usuario.usuarioID=3  ; select * from JoinUsuarioToFamilia; select * from JoinPatenteToUsuario
Save/Update: select * from Mensaje WHERE  Mensaje.id_conversacion=3  
Save/Update: DELETE Mensaje WHERE id=5  
Save/Update: DELETE Mensaje WHERE id=6  
Save/Update: DELETE Conversacion WHERE id_conversacion=3</StdOut>
      </Output>
    </UnitTestResult>
    <UnitTestResult executionId="0ad921fe-bcca-4931-b4a4-04b99e00b14e" testId="acceeb2f-d3a0-c7eb-0a8a-89ba3e60aa95" testName="cargarPatentesTest" computerName="DIEGO-PC" duration="00:00:00.0025841" startTime="2012-11-19T01:14:30.2880994-03:00" endTime="2012-11-19T01:14:30.2970999-03:00" testType="13cdc9d9-ddb5-4fa4-a97d-d965ccfc6d4b" outcome="Passed" testListId="8c84fa94-04c1-424b-9868-57a2d4851a1d" relativeResultsDirectory="0ad921fe-bcca-4931-b4a4-04b99e00b14e">
      <Output>
        <StdOut>Save/Update: select * from Patente</StdOut>
      </Output>
    </UnitTestResult>
    <UnitTestResult executionId="6d1549de-510b-403f-9a07-991a52e520ba" testId="ad52b45c-d7bf-7d90-509a-9d90fabbb4cb" testName="buscarUsuarioNewsletterTest" computerName="DIEGO-PC" duration="00:00:00.0425736" startTime="2012-11-19T01:14:30.3011002-03:00" endTime="2012-11-19T01:14:30.3521031-03:00" testType="13cdc9d9-ddb5-4fa4-a97d-d965ccfc6d4b" outcome="Passed" testListId="8c84fa94-04c1-424b-9868-57a2d4851a1d" relativeResultsDirectory="6d1549de-510b-403f-9a07-991a52e520ba">
      <Output>
        <StdOut>Save/Update: select * from Cliente WHERE  Cliente.id_cliente=1  ; select * from cliente_movimientos; select * from Pedido WHERE borrado = 0; select * from Factura WHERE borrado = 0; select * from Diseño WHERE borrado = 0
Save/Update: select * from Usuario WHERE  Usuario.usuarioID=1  ; select * from JoinUsuarioToFamilia; select * from JoinPatenteToUsuario
Save/Update: select * from Familia JOIN JoinUsuarioToFamilia AS usuarios ON Familia.familiaID=usuarios.familiaID WHERE usuarios.usuarioID=1  ; select * from JoinFamiliaToPatente
Save/Update: select * from Patente JOIN JoinPatenteToUsuario AS usuario ON Patente.patenteId=usuario.patenteId WHERE usuario.usuarioID=1  
Save/Update: select * from Cliente WHERE  Cliente.usuarioID=1  ; select * from cliente_movimientos; select * from Pedido WHERE borrado = 0; select * from Factura WHERE borrado = 0; select * from Diseño WHERE borrado = 0
Save/Update: select * from Diseño WHERE  Diseño.id_cliente=1  ; select * from historico_estados_diseño WHERE borrado = 0
Save/Update: select * from Factura WHERE  Factura.id_cliente=1  ; select * from documento_movimiento; select * from LineaFactura WHERE borrado = 0
Save/Update: select * from Pedido WHERE  Pedido.id_cliente=1  ; select * from produccion WHERE borrado = 0; select * from historico_estados_pedido WHERE borrado = 0
Save/Update: select * from MovimientosCuenta JOIN cliente_movimientos AS cliente ON MovimientosCuenta.nro_movimiento=cliente.nro_movimiento WHERE cliente.id_cliente=1  AND cliente.id_cliente IS NOT  NULL ; select * from cliente_movimientos; select * from documento_movimiento
Save/Update: UPDATE Usuario SET nombre='nombre6', apellido='apellido6', mail='mail6@test.com', password='559D55197310', telefonoFijo='6666-6666', telefonoMovil='6666-6666', bloqueado=0  WHERE usuarioID=1  ; DELETE JoinUsuarioToFamilia where usuarioID=1  ;  INSERT INTO JoinUsuarioToFamilia ( usuarioID, familiaID) VALUES ( 1 , 5 ); DELETE JoinPatenteToUsuario where usuarioID=1  ;  INSERT INTO JoinPatenteToUsuario ( usuarioID, patenteId) VALUES ( 1 , 3 ); 
Save/Update: UPDATE Cliente SET habitadoTurnos=0 , newsletter=1  WHERE id_cliente=1  ; UPDATE Pedido SET borrado=1 WHERE id_cliente=1  ; UPDATE Factura SET borrado=1 WHERE id_cliente=1  ; UPDATE Diseño SET borrado=1 WHERE id_cliente=1  ; 
Save/Update: select * from Cliente WHERE  Cliente.newsletter=1  ; select * from cliente_movimientos; select * from Pedido WHERE borrado = 0; select * from Factura WHERE borrado = 0; select * from Diseño WHERE borrado = 0
Save/Update: select * from Usuario WHERE  Usuario.usuarioID=1  ; select * from JoinUsuarioToFamilia; select * from JoinPatenteToUsuario
Save/Update: select * from Familia JOIN JoinUsuarioToFamilia AS usuarios ON Familia.familiaID=usuarios.familiaID WHERE usuarios.usuarioID=1  ; select * from JoinFamiliaToPatente
Save/Update: select * from Patente JOIN JoinFamiliaToPatente AS familia ON Patente.patenteId=familia.patenteId WHERE familia.familiaID=5  
Save/Update: select * from Patente JOIN JoinPatenteToUsuario AS usuario ON Patente.patenteId=usuario.patenteId WHERE usuario.usuarioID=1  
Save/Update: select * from Cliente WHERE  Cliente.usuarioID=1  ; select * from cliente_movimientos; select * from Pedido WHERE borrado = 0; select * from Factura WHERE borrado = 0; select * from Diseño WHERE borrado = 0
Save/Update: select * from Diseño WHERE  Diseño.id_cliente=1  ; select * from historico_estados_diseño WHERE borrado = 0
Save/Update: select * from Factura WHERE  Factura.id_cliente=1  ; select * from documento_movimiento; select * from LineaFactura WHERE borrado = 0
Save/Update: select * from Pedido WHERE  Pedido.id_cliente=1  ; select * from produccion WHERE borrado = 0; select * from historico_estados_pedido WHERE borrado = 0
Save/Update: select * from MovimientosCuenta JOIN cliente_movimientos AS cliente ON MovimientosCuenta.nro_movimiento=cliente.nro_movimiento WHERE cliente.id_cliente=1  AND cliente.id_cliente IS NOT  NULL ; select * from cliente_movimientos; select * from documento_movimiento
Save/Update: UPDATE Usuario SET nombre='nombre1', apellido='apellido1', mail='mail1@test.com', password='14CD6517', telefonoFijo='1111-1111', telefonoMovil='1111-1111', bloqueado=0  WHERE usuarioID=1  ; DELETE JoinUsuarioToFamilia where usuarioID=1  ; DELETE JoinPatenteToUsuario where usuarioID=1  ;  INSERT INTO JoinPatenteToUsuario ( usuarioID, patenteId) VALUES ( 1 , 1 ); 
Save/Update: UPDATE Cliente SET habitadoTurnos=1 , newsletter=0  WHERE id_cliente=1  ; UPDATE Pedido SET borrado=1 WHERE id_cliente=1  ; UPDATE Factura SET borrado=1 WHERE id_cliente=1  ; UPDATE Diseño SET borrado=1 WHERE id_cliente=1  ; 
Save/Update:  UPDATE factura set borrado = 0 
Save/Update:  UPDATE diseño set borrado = 0 
Save/Update:  UPDATE pedido set borrado = 0 
Save/Update: UPDATE Usuario SET nombre='nombre1', apellido='apellido1', mail='mail1@test.com', password='11C8', telefonoFijo='1111-1111', telefonoMovil='1111-1111', bloqueado=0  WHERE usuarioID=1  ; DELETE JoinUsuarioToFamilia where usuarioID=1  ; DELETE JoinPatenteToUsuario where usuarioID=1  ; 
Save/Update: UPDATE Cliente SET habitadoTurnos=1 , newsletter=0  WHERE id_cliente=1  ; UPDATE Pedido SET borrado=1 WHERE id_cliente=1  ; UPDATE Factura SET borrado=1 WHERE id_cliente=1  ; UPDATE Diseño SET borrado=1 WHERE id_cliente=1  ; 
Save/Update:  UPDATE factura set borrado = 0 
Save/Update:  UPDATE diseño set borrado = 0 
Save/Update:  UPDATE pedido set borrado = 0 
Save/Update:  Insert into JoinPatenteToUsuario values (1,1)</StdOut>
      </Output>
    </UnitTestResult>
    <UnitTestResult executionId="a2e51af4-1a3c-4fc1-9cd8-9d850fabfdf0" testId="adc4b822-2dd8-fb80-0aec-e1f18a81e266" testName="grabarOrdenDeCompraTest" computerName="DIEGO-PC" duration="00:00:00.0161087" startTime="2012-11-19T01:14:30.3561033-03:00" endTime="2012-11-19T01:14:30.3781046-03:00" testType="13cdc9d9-ddb5-4fa4-a97d-d965ccfc6d4b" outcome="Passed" testListId="8c84fa94-04c1-424b-9868-57a2d4851a1d" relativeResultsDirectory="a2e51af4-1a3c-4fc1-9cd8-9d850fabfdf0">
      <Output>
        <StdOut>Save/Update: SELECT  ISNULL(MAX(nro_Doc + 1),1) from documento
Save/Update: INSERT INTO documento VALUES (5)
Save/Update: SELECT  ISNULL(MAX(nro_orden_compra + 1),1) from OrdenDeCompra WHERE nro_sucursal=1 AND tipo_orden_compra='A'
Save/Update: INSERT INTO OrdenDeCompra (nro_Doc, iva, fecha, borrado, nro_orden_compra, nro_sucursal, tipo_orden_compra, id_proveedor, monto) VALUES (5 , 1.1,  CAST('13/10/2012 21:44:12.000'  AS DateTime), 0 , 2 , 1 , 'A', 2 , 100); UPDATE LineaOrdenDeCompra SET borrado=1 WHERE nro_orden_compra=2  AND nro_sucursal=1  AND tipo_orden_compra='A' ; 
Save/Update: SELECT  ISNULL(MAX(nro_linea + 1),1) from LineaOrdenDeCompra WHERE nro_orden_compra=2 AND nro_sucursal=1 AND tipo_orden_compra='A'
Save/Update: INSERT INTO LineaOrdenDeCompra (nro_orden_compra, nro_sucursal, tipo_orden_compra, nro_linea, cod_producto, cantidad, precio, borrado) VALUES (2 , 1 , 'A', 1 , 2 , 10 , 50, 0 ); 
Save/Update: SELECT  ISNULL(MAX(nro_movimiento + 1),1) from MovimientosCuenta
Save/Update: INSERT INTO MovimientosCuenta (nro_movimiento, comentario, fecha, monto, cuentaID, tipoMovimientoID) VALUES (4 , 'com test',  CAST('13/10/2012 21:44:12.000'  AS DateTime), 100, 1 , 1 ); DELETE proveedor_movimientos where nro_movimiento=4  ;  INSERT INTO proveedor_movimientos ( nro_movimiento, id_proveedor) VALUES ( 4 , 2 ); DELETE documento_movimiento where nro_movimiento=4  ;  INSERT INTO documento_movimiento ( nro_movimiento, nro_Doc) VALUES ( 4 , 5 ); 
Save/Update: select * from OrdenDeCompra WHERE  OrdenDeCompra.nro_orden_compra=2  AND  OrdenDeCompra.nro_sucursal=1  AND  OrdenDeCompra.tipo_orden_compra='A' ; select * from documento_movimiento; select * from LineaOrdenDeCompra WHERE borrado = 0
Save/Update: select * from LineaOrdenDeCompra WHERE  LineaOrdenDeCompra.nro_orden_compra=2  AND  LineaOrdenDeCompra.tipo_orden_compra='A' AND  LineaOrdenDeCompra.nro_sucursal=1  
Save/Update: select * from insumo WHERE  insumo.cod_insumo=2  
Save/Update: select * from Proveedor WHERE  Proveedor.id_proveedor=2  
Save/Update: select * from MovimientosCuenta JOIN documento_movimiento AS documento ON MovimientosCuenta.nro_movimiento=documento.nro_movimiento JOIN proveedor_movimientos AS proveedor ON MovimientosCuenta.nro_movimiento=proveedor.nro_movimiento WHERE documento.nro_Doc=5  AND proveedor.id_proveedor IS NOT  NULL ; select * from proveedor_movimientos; select * from documento_movimiento
Save/Update: DELETE LineaOrdenDeCompra WHERE nro_orden_compra=2  AND nro_sucursal=1  AND tipo_orden_compra='A' AND nro_linea=1  
Save/Update: DELETE LineaOrdenDeCompra WHERE nro_orden_compra=2  AND nro_sucursal=1  AND tipo_orden_compra='A' AND nro_linea=2  
Save/Update: DELETE proveedor_movimientos where nro_movimiento=4  ; DELETE documento_movimiento where nro_movimiento=4  ; ;DELETE MovimientosCuenta WHERE nro_movimiento=4  
Save/Update: DELETE FROM OrdenDeCompra WHERE nro_Doc =5
Save/Update: delete documento where nro_doc=5</StdOut>
      </Output>
    </UnitTestResult>
    <UnitTestResult executionId="ca88a482-6a2c-4df3-a384-ab7642d7a020" testId="aeb09f8f-b144-d846-cb07-87151db0c5db" testName="cargarMovimientosConRestriccionesTest" computerName="DIEGO-PC" duration="00:00:00.0041307" startTime="2012-11-19T01:14:30.3831049-03:00" endTime="2012-11-19T01:14:30.3981057-03:00" testType="13cdc9d9-ddb5-4fa4-a97d-d965ccfc6d4b" outcome="Passed" testListId="8c84fa94-04c1-424b-9868-57a2d4851a1d" relativeResultsDirectory="ca88a482-6a2c-4df3-a384-ab7642d7a020">
      <Output>
        <StdOut>Save/Update: select * from MovimientosStock WHERE  MovimientosStock.fecha= CAST('10/10/2012 00:00:00.000'  AS DateTime) AND  MovimientosStock.cod_insumo=1  AND  MovimientosStock.cantidad=10 AND  MovimientosStock.nro_movimiento=1  
Save/Update: DELETE MovimientosStock WHERE nro_movimiento=3  AND cod_insumo=1</StdOut>
      </Output>
    </UnitTestResult>
    <UnitTestResult executionId="be4de0d3-3428-402f-9d42-fe74493623db" testId="aee8bdae-93b9-94cd-dc66-4af8f0d1e925" testName="actualizarDiseñosTest" computerName="DIEGO-PC" duration="00:00:00.0077371" startTime="2012-11-19T01:14:30.4031060-03:00" endTime="2012-11-19T01:14:30.4181069-03:00" testType="13cdc9d9-ddb5-4fa4-a97d-d965ccfc6d4b" outcome="Passed" testListId="8c84fa94-04c1-424b-9868-57a2d4851a1d" relativeResultsDirectory="be4de0d3-3428-402f-9d42-fe74493623db">
      <Output>
        <StdOut>Save/Update: SELECT  ISNULL(MAX(cod_diseño + 1),1) from Diseño
Save/Update: INSERT INTO Diseño (cod_diseño, nombre, puntadas, alto, ancho, id_cliente, estadoActual, pathImagen, pathDetalle, pathArchivoEditable, pathArchivoFinal, borrado) VALUES (3 , 'diseño3', 3333 , 33 , 33 , 1 , 1 , '/cliente1/imagen/diseño1.jpg', '/cliente1/detalle/diseño1.jpg', '/cliente1/diseñoEditable/diseño1.jpg', '/cliente1/diseño/diseño1.jpg', 0 ); UPDATE historico_estados_diseño SET borrado=1 WHERE cod_diseño=3  ; 
Save/Update: select * from Diseño WHERE  Diseño.cod_diseño=3  ; select * from historico_estados_diseño WHERE borrado = 0
Save/Update: UPDATE Diseño SET nombre='diseño33', puntadas=33333 , alto=333 , ancho=333 , id_cliente=2 , estadoActual=1 , pathImagen='/cliente1/imagen/diseño3.jpg', pathDetalle='/cliente1/detalle/diseño3.jpg', pathArchivoEditable='/cliente1/diseñoEditable/diseño3.jpg', pathArchivoFinal='/cliente1/diseño/diseño3.jpg', borrado=0  WHERE cod_diseño=3  ; UPDATE historico_estados_diseño SET borrado=1 WHERE cod_diseño=3  ; 
Save/Update: select * from Diseño WHERE  Diseño.cod_diseño=3  ; select * from historico_estados_diseño WHERE borrado = 0
Save/Update: DELETE Diseño WHERE cod_diseño=3</StdOut>
      </Output>
    </UnitTestResult>
    <UnitTestResult executionId="f9dd1905-9e61-43f4-bff3-c52b70baabc4" testId="af2a5dd3-889c-239a-49ba-4559ade59815" testName="cargarUsuarioConRestriccionesTest" computerName="DIEGO-PC" duration="00:00:00.0161866" startTime="2012-11-19T01:14:30.4231071-03:00" endTime="2012-11-19T01:14:30.4461085-03:00" testType="13cdc9d9-ddb5-4fa4-a97d-d965ccfc6d4b" outcome="Passed" testListId="8c84fa94-04c1-424b-9868-57a2d4851a1d" relativeResultsDirectory="f9dd1905-9e61-43f4-bff3-c52b70baabc4">
      <Output>
        <StdOut>Save/Update: select * from Usuario WHERE  Usuario.nombre LIKE '%bre3%'AND  Usuario.apellido LIKE '%ap%'AND  Usuario.mail LIKE '%@test%'AND  Usuario.telefonoFijo LIKE '%3-3%'AND  Usuario.telefonoMovil LIKE '%3-3%'; select * from JoinUsuarioToFamilia; select * from JoinPatenteToUsuario
Save/Update: select * from Familia JOIN JoinUsuarioToFamilia AS usuarios ON Familia.familiaID=usuarios.familiaID WHERE usuarios.usuarioID=3  ; select * from JoinFamiliaToPatente
Save/Update: select * from Patente JOIN JoinFamiliaToPatente AS familia ON Patente.patenteId=familia.patenteId WHERE familia.familiaID=6  
Save/Update: select * from Patente JOIN JoinPatenteToUsuario AS usuario ON Patente.patenteId=usuario.patenteId WHERE usuario.usuarioID=3  
Save/Update: select * from Cliente WHERE  Cliente.usuarioID=3  ; select * from cliente_movimientos; select * from Pedido WHERE borrado = 0; select * from Factura WHERE borrado = 0; select * from Diseño WHERE borrado = 0
Save/Update: UPDATE Usuario SET nombre='nombre1', apellido='apellido1', mail='mail1@test.com', password='11C8', telefonoFijo='1111-1111', telefonoMovil='1111-1111', bloqueado=0  WHERE usuarioID=1  ; DELETE JoinUsuarioToFamilia where usuarioID=1  ; DELETE JoinPatenteToUsuario where usuarioID=1  ; 
Save/Update: UPDATE Cliente SET habitadoTurnos=1 , newsletter=0  WHERE id_cliente=1  ; UPDATE Pedido SET borrado=1 WHERE id_cliente=1  ; UPDATE Factura SET borrado=1 WHERE id_cliente=1  ; UPDATE Diseño SET borrado=1 WHERE id_cliente=1  ; 
Save/Update:  UPDATE factura set borrado = 0 
Save/Update:  UPDATE diseño set borrado = 0 
Save/Update:  UPDATE pedido set borrado = 0 
Save/Update:  Insert into JoinPatenteToUsuario values (1,1)</StdOut>
      </Output>
    </UnitTestResult>
    <UnitTestResult executionId="5a1ae1c7-5c37-4f21-912f-9b062b969d62" testId="afb70fb3-f16b-16ef-9272-e650b4c370ff" testName="listarFacturasPorIdTest" computerName="DIEGO-PC" duration="00:00:00.0121468" startTime="2012-11-19T01:14:30.4511087-03:00" endTime="2012-11-19T01:14:30.4711099-03:00" testType="13cdc9d9-ddb5-4fa4-a97d-d965ccfc6d4b" outcome="Passed" testListId="8c84fa94-04c1-424b-9868-57a2d4851a1d" relativeResultsDirectory="5a1ae1c7-5c37-4f21-912f-9b062b969d62">
      <Output>
        <StdOut>Save/Update: select * from Factura WHERE  Factura.nro_factura=1  AND  Factura.nro_sucursal=1  AND  Factura.tipo_factura='A' ; select * from documento_movimiento; select * from LineaFactura WHERE borrado = 0
Save/Update: select * from LineaFactura WHERE  LineaFactura.nro_factura=1  AND  LineaFactura.tipo_factura='A' AND  LineaFactura.nro_sucursal=1  
Save/Update: select * from Articulos WHERE  Articulos.cod_articulo=1  ; select * from lista_precios WHERE borrado = 0
Save/Update: select * from Articulos WHERE  Articulos.cod_articulo=2  ; select * from lista_precios WHERE borrado = 0
Save/Update: select * from Cliente WHERE  Cliente.id_cliente=1  ; select * from cliente_movimientos; select * from Pedido WHERE borrado = 0; select * from Factura WHERE borrado = 0; select * from Diseño WHERE borrado = 0
Save/Update: select * from Usuario WHERE  Usuario.usuarioID=1  ; select * from JoinUsuarioToFamilia; select * from JoinPatenteToUsuario
Save/Update: select * from MovimientosCuenta JOIN documento_movimiento AS documento ON MovimientosCuenta.nro_movimiento=documento.nro_movimiento JOIN cliente_movimientos AS cliente ON MovimientosCuenta.nro_movimiento=cliente.nro_movimiento WHERE documento.nro_Doc=1  AND cliente.id_cliente IS NOT  NULL ; select * from cliente_movimientos; select * from documento_movimiento
Save/Update: DELETE LineaFactura WHERE nro_factura=2  AND nro_sucursal=1  AND tipo_factura='A' AND nro_linea=1  
Save/Update: DELETE LineaFactura WHERE nro_factura=2  AND nro_sucursal=1  AND tipo_factura='A' AND nro_linea=2  
Save/Update: DELETE cliente_movimientos where nro_movimiento=4  ; DELETE documento_movimiento where nro_movimiento=4  ; ;DELETE MovimientosCuenta WHERE nro_movimiento=4  
Save/Update: DELETE FROM Factura WHERE nro_Doc =5
Save/Update: delete documento where nro_doc=5</StdOut>
      </Output>
    </UnitTestResult>
    <UnitTestResult executionId="adef93ca-1e0c-4441-8b28-367868203827" testId="b09e98eb-5e7b-17f1-4a91-35133c7055e9" testName="buscarMovimintosTest" computerName="DIEGO-PC" duration="00:00:00.0147686" startTime="2012-11-19T01:14:30.4751101-03:00" endTime="2012-11-19T01:14:30.4971114-03:00" testType="13cdc9d9-ddb5-4fa4-a97d-d965ccfc6d4b" outcome="Passed" testListId="8c84fa94-04c1-424b-9868-57a2d4851a1d" relativeResultsDirectory="adef93ca-1e0c-4441-8b28-367868203827">
      <Output>
        <StdOut>Save/Update: select * from MovimientosCuenta JOIN cliente_movimientos AS cliente ON MovimientosCuenta.nro_movimiento=cliente.nro_movimiento WHERE  MovimientosCuenta.comentario LIKE '%m1%'AND  MovimientosCuenta.fecha&gt;= CAST('11/11/2011 00:00:00.000'  AS DateTime) AND  MovimientosCuenta.monto&gt;=5 AND  MovimientosCuenta.monto&lt;=15 AND  MovimientosCuenta.cuentaID=1  AND  MovimientosCuenta.tipoMovimientoID=1  AND cliente.id_cliente=1  AND cliente.id_cliente IS NOT  NULL ; select * from cliente_movimientos; select * from documento_movimiento
Save/Update: select * from Cliente WHERE  Cliente.id_cliente=1  ; select * from cliente_movimientos; select * from Pedido WHERE borrado = 0; select * from Factura WHERE borrado = 0; select * from Diseño WHERE borrado = 0
Save/Update: select * from Usuario WHERE  Usuario.usuarioID=1  ; select * from JoinUsuarioToFamilia; select * from JoinPatenteToUsuario
Save/Update: select * from Familia JOIN JoinUsuarioToFamilia AS usuarios ON Familia.familiaID=usuarios.familiaID WHERE usuarios.usuarioID=1  ; select * from JoinFamiliaToPatente
Save/Update: select * from Patente JOIN JoinPatenteToUsuario AS usuario ON Patente.patenteId=usuario.patenteId WHERE usuario.usuarioID=1  
Save/Update: select * from Cliente WHERE  Cliente.usuarioID=1  ; select * from cliente_movimientos; select * from Pedido WHERE borrado = 0; select * from Factura WHERE borrado = 0; select * from Diseño WHERE borrado = 0
Save/Update: select * from Diseño WHERE  Diseño.id_cliente=1  ; select * from historico_estados_diseño WHERE borrado = 0
Save/Update: select * from Factura WHERE  Factura.id_cliente=1  ; select * from documento_movimiento; select * from LineaFactura WHERE borrado = 0
Save/Update: select * from Pedido WHERE  Pedido.id_cliente=1  ; select * from produccion WHERE borrado = 0; select * from historico_estados_pedido WHERE borrado = 0
Save/Update: select * from MovimientosCuenta JOIN cliente_movimientos AS cliente ON MovimientosCuenta.nro_movimiento=cliente.nro_movimiento WHERE cliente.id_cliente=1  AND cliente.id_cliente IS NOT  NULL ; select * from cliente_movimientos; select * from documento_movimiento
Save/Update: select * from Factura WHERE  Factura.nro_Doc=1  ; select * from documento_movimiento; select * from LineaFactura WHERE borrado = 0
Save/Update: select * from tipoMovimiento WHERE  tipoMovimiento.tipoMovimientoID=1  
Save/Update: select * from Cuenta WHERE  Cuenta.cuentaID=1  
Save/Update: DELETE cliente_movimientos where nro_movimiento=4  ; DELETE documento_movimiento where nro_movimiento=4  ; ;DELETE MovimientosCuenta WHERE nro_movimiento=4</StdOut>
      </Output>
    </UnitTestResult>
    <UnitTestResult executionId="16cee60d-7a8c-4373-9fa6-ceb6cd105e71" testId="b09f0486-3351-5bc5-0d5a-f108852661b1" testName="guardarClienteTest" computerName="DIEGO-PC" duration="00:00:00.0181725" startTime="2012-11-19T01:14:30.5011116-03:00" endTime="2012-11-19T01:14:30.5251130-03:00" testType="13cdc9d9-ddb5-4fa4-a97d-d965ccfc6d4b" outcome="Passed" testListId="8c84fa94-04c1-424b-9868-57a2d4851a1d" relativeResultsDirectory="16cee60d-7a8c-4373-9fa6-ceb6cd105e71">
      <Output>
        <StdOut>Save/Update: SELECT  ISNULL(MAX(usuarioID + 1),1) from Usuario
Save/Update: INSERT INTO Usuario (usuarioID, nombre, apellido, mail, password, telefonoFijo, telefonoMovil, bloqueado) VALUES (6 , 'nombre6', 'apellido6', 'mail6@test.com', 'pas633', '6666-6666', '6666-6666', 0 ); DELETE JoinUsuarioToFamilia where usuarioID=6  ;  INSERT INTO JoinUsuarioToFamilia ( usuarioID, familiaID) VALUES ( 6 , 5 ); DELETE JoinPatenteToUsuario where usuarioID=6  ;  INSERT INTO JoinPatenteToUsuario ( usuarioID, patenteId) VALUES ( 6 , 3 ); 
Save/Update: SELECT  ISNULL(MAX(id_cliente + 1),1) from Cliente
Save/Update: INSERT INTO Cliente (id_cliente, habitadoTurnos, usuarioID, newsletter) VALUES (3 , 0 , 6 , 1 ); UPDATE Pedido SET borrado=1 WHERE id_cliente=3  ; UPDATE Factura SET borrado=1 WHERE id_cliente=3  ; UPDATE Diseño SET borrado=1 WHERE id_cliente=3  ; 
Save/Update: select * from Cliente WHERE  Cliente.id_cliente=3  ; select * from cliente_movimientos; select * from Pedido WHERE borrado = 0; select * from Factura WHERE borrado = 0; select * from Diseño WHERE borrado = 0
Save/Update: select * from Usuario WHERE  Usuario.usuarioID=6  ; select * from JoinUsuarioToFamilia; select * from JoinPatenteToUsuario
Save/Update: select * from Familia JOIN JoinUsuarioToFamilia AS usuarios ON Familia.familiaID=usuarios.familiaID WHERE usuarios.usuarioID=6  ; select * from JoinFamiliaToPatente
Save/Update: select * from Patente JOIN JoinFamiliaToPatente AS familia ON Patente.patenteId=familia.patenteId WHERE familia.familiaID=5  
Save/Update: select * from Patente JOIN JoinPatenteToUsuario AS usuario ON Patente.patenteId=usuario.patenteId WHERE usuario.usuarioID=6  
Save/Update: select * from Cliente WHERE  Cliente.usuarioID=6  ; select * from cliente_movimientos; select * from Pedido WHERE borrado = 0; select * from Factura WHERE borrado = 0; select * from Diseño WHERE borrado = 0
Save/Update: select * from Diseño WHERE  Diseño.id_cliente=6  ; select * from historico_estados_diseño WHERE borrado = 0
Save/Update: select * from Factura WHERE  Factura.id_cliente=6  ; select * from documento_movimiento; select * from LineaFactura WHERE borrado = 0
Save/Update: select * from Pedido WHERE  Pedido.id_cliente=6  ; select * from produccion WHERE borrado = 0; select * from historico_estados_pedido WHERE borrado = 0
Save/Update: select * from MovimientosCuenta JOIN cliente_movimientos AS cliente ON MovimientosCuenta.nro_movimiento=cliente.nro_movimiento WHERE cliente.id_cliente=6  AND cliente.id_cliente IS NOT  NULL ; select * from cliente_movimientos; select * from documento_movimiento
Save/Update: DELETE cliente_movimientos where id_cliente=3  ; ;DELETE Cliente WHERE id_cliente=3  
Save/Update: DELETE JoinUsuarioToFamilia where usuarioID=6  ; DELETE JoinPatenteToUsuario where usuarioID=6  ; ;DELETE Usuario WHERE usuarioID=6</StdOut>
      </Output>
    </UnitTestResult>
    <UnitTestResult executionId="a880dc3c-ad97-49d3-8873-d5c554569584" testId="b1ce8274-0eb4-6ea7-4d2b-12d8e6b2a366" testName="actualizarDiseñoTest" computerName="DIEGO-PC" duration="00:00:00.0431954" startTime="2012-11-19T01:14:30.5291132-03:00" endTime="2012-11-19T01:14:30.5781160-03:00" testType="13cdc9d9-ddb5-4fa4-a97d-d965ccfc6d4b" outcome="Passed" testListId="8c84fa94-04c1-424b-9868-57a2d4851a1d" relativeResultsDirectory="a880dc3c-ad97-49d3-8873-d5c554569584">
      <Output>
        <StdOut>Save/Update: SELECT  ISNULL(MAX(cod_diseño + 1),1) from Diseño
Save/Update: INSERT INTO Diseño (cod_diseño, nombre, puntadas, alto, ancho, id_cliente, estadoActual, pathImagen, pathDetalle, pathArchivoEditable, pathArchivoFinal, borrado) VALUES (3 , 'diseño3', 3333 , 33 , 33 , 1 , 1 , '', '', '', '', 0 ); UPDATE historico_estados_diseño SET borrado=1 WHERE cod_diseño=3  ; 
Save/Update: SELECT  ISNULL(MAX(nro_estado + 1),1) from historico_estados_diseño WHERE cod_diseño=3
Save/Update: INSERT INTO historico_estados_diseño (nro_estado, cod_diseño, comentario, fechaDesde, fechaHasta, estado, borrado) VALUES (1 , 3 , 'creacion ficha diseño',  CAST('19/11/2012 01:14:30.536'  AS DateTime),  NULL , 1 , 0 ); 
Save/Update: select * from Diseño WHERE  Diseño.cod_diseño=3  ; select * from historico_estados_diseño WHERE borrado = 0
Save/Update: select * from Cliente WHERE  Cliente.id_cliente=1  ; select * from cliente_movimientos; select * from Pedido WHERE borrado = 0; select * from Factura WHERE borrado = 0; select * from Diseño WHERE borrado = 0
Save/Update: select * from Usuario WHERE  Usuario.usuarioID=1  ; select * from JoinUsuarioToFamilia; select * from JoinPatenteToUsuario
Save/Update: select * from Diseño_insumos WHERE  Diseño_insumos.cod_diseño=3  
Save/Update: select * from historico_estados_diseño WHERE  historico_estados_diseño.cod_diseño=3  
Save/Update: select * from EstadoDiseños WHERE  EstadoDiseños.estado=1  
Save/Update: select * from Diseño WHERE  Diseño.cod_diseño=3  ; select * from historico_estados_diseño WHERE borrado = 0
Save/Update: select * from Cliente WHERE  Cliente.id_cliente=1  ; select * from cliente_movimientos; select * from Pedido WHERE borrado = 0; select * from Factura WHERE borrado = 0; select * from Diseño WHERE borrado = 0
Save/Update: select * from Usuario WHERE  Usuario.usuarioID=1  ; select * from JoinUsuarioToFamilia; select * from JoinPatenteToUsuario
Save/Update: select * from Diseño_insumos WHERE  Diseño_insumos.cod_diseño=3  
Save/Update: select * from historico_estados_diseño WHERE  historico_estados_diseño.cod_diseño=3  
Save/Update: select * from EstadoDiseños WHERE  EstadoDiseños.estado=1  
Save/Update: UPDATE Diseño SET nombre='diseño3', puntadas=3333 , alto=33 , ancho=33 , id_cliente=1 , estadoActual=1 , pathImagen='', pathDetalle='', pathArchivoEditable='', pathArchivoFinal='/cliente1/diseño/diseño1.jpg', borrado=0  WHERE cod_diseño=3  ; UPDATE historico_estados_diseño SET borrado=1 WHERE cod_diseño=3  ; 
Save/Update: DELETE Diseño_insumos WHERE cod_diseño=3  AND cod_insumo=1  
Save/Update: INSERT INTO Diseño_insumos (cod_diseño, cod_insumo, cantidad) VALUES (3 , 1 , 3); 
Save/Update: UPDATE historico_estados_diseño SET comentario='creacion ficha diseño', fechaDesde= CAST('19/11/2012 01:14:30.537'  AS DateTime), fechaHasta= NULL , estado=1 , borrado=0  WHERE nro_estado=1  AND cod_diseño=3  ; 
Save/Update: select * from Diseño WHERE  Diseño.cod_diseño=3  ; select * from historico_estados_diseño WHERE borrado = 0
Save/Update: select * from Cliente WHERE  Cliente.id_cliente=1  ; select * from cliente_movimientos; select * from Pedido WHERE borrado = 0; select * from Factura WHERE borrado = 0; select * from Diseño WHERE borrado = 0
Save/Update: select * from Usuario WHERE  Usuario.usuarioID=1  ; select * from JoinUsuarioToFamilia; select * from JoinPatenteToUsuario
Save/Update: select * from Diseño_insumos WHERE  Diseño_insumos.cod_diseño=3  
Save/Update: select * from historico_estados_diseño WHERE  historico_estados_diseño.cod_diseño=3  
Save/Update: select * from EstadoDiseños WHERE  EstadoDiseños.estado=1  
Save/Update: UPDATE Diseño SET nombre='diseño3', puntadas=3333 , alto=33 , ancho=33 , id_cliente=1 , estadoActual=2 , pathImagen='', pathDetalle='', pathArchivoEditable='', pathArchivoFinal='/cliente1/diseño/diseño1.jpg', borrado=0  WHERE cod_diseño=3  ; UPDATE historico_estados_diseño SET borrado=1 WHERE cod_diseño=3  ; 
Save/Update: DELETE Diseño_insumos WHERE cod_diseño=3  AND cod_insumo=1  
Save/Update: INSERT INTO Diseño_insumos (cod_diseño, cod_insumo, cantidad) VALUES (3 , 1 , 3); 
Save/Update: UPDATE historico_estados_diseño SET comentario='creacion ficha diseño', fechaDesde= CAST('19/11/2012 01:14:30.537'  AS DateTime), fechaHasta= CAST('19/11/2012 01:14:30.565'  AS DateTime), estado=1 , borrado=0  WHERE nro_estado=1  AND cod_diseño=3  ; 
Save/Update: SELECT  ISNULL(MAX(nro_estado + 1),1) from historico_estados_diseño WHERE cod_diseño=3
Save/Update: INSERT INTO historico_estados_diseño (nro_estado, cod_diseño, comentario, fechaDesde, fechaHasta, estado, borrado) VALUES (2 , 3 , '',  CAST('19/11/2012 01:14:30.565'  AS DateTime),  NULL , 2 , 0 ); 
Save/Update: select * from Diseño WHERE  Diseño.cod_diseño=3  ; select * from historico_estados_diseño WHERE borrado = 0
Save/Update: select * from Cliente WHERE  Cliente.id_cliente=1  ; select * from cliente_movimientos; select * from Pedido WHERE borrado = 0; select * from Factura WHERE borrado = 0; select * from Diseño WHERE borrado = 0
Save/Update: select * from Usuario WHERE  Usuario.usuarioID=1  ; select * from JoinUsuarioToFamilia; select * from JoinPatenteToUsuario
Save/Update: select * from Diseño_insumos WHERE  Diseño_insumos.cod_diseño=3  
Save/Update: select * from historico_estados_diseño WHERE  historico_estados_diseño.cod_diseño=3  
Save/Update: select * from EstadoDiseños WHERE  EstadoDiseños.estado=2  
Save/Update: DELETE FROM Diseño_insumos where cod_diseño=3
Save/Update: DELETE FROM historico_estados_diseño where cod_diseño=3
Save/Update: DELETE Diseño WHERE cod_diseño=3</StdOut>
      </Output>
    </UnitTestResult>
    <UnitTestResult executionId="9e7c1fbd-c9f1-436a-97a8-cf7b05081181" testId="b2564a1d-a5df-de1a-d3dd-41d0e33b00f4" testName="actualizaOrdenDeCompraTest" computerName="DIEGO-PC" duration="00:00:00.0265849" startTime="2012-11-19T01:14:30.5861165-03:00" endTime="2012-11-19T01:14:30.6191184-03:00" testType="13cdc9d9-ddb5-4fa4-a97d-d965ccfc6d4b" outcome="Passed" testListId="8c84fa94-04c1-424b-9868-57a2d4851a1d" relativeResultsDirectory="9e7c1fbd-c9f1-436a-97a8-cf7b05081181">
      <Output>
        <StdOut>Save/Update: SELECT  ISNULL(MAX(nro_Doc + 1),1) from documento
Save/Update: INSERT INTO documento VALUES (5)
Save/Update: SELECT  ISNULL(MAX(nro_orden_compra + 1),1) from OrdenDeCompra WHERE nro_sucursal=1 AND tipo_orden_compra='A'
Save/Update: INSERT INTO OrdenDeCompra (nro_Doc, iva, fecha, borrado, nro_orden_compra, nro_sucursal, tipo_orden_compra, id_proveedor, monto) VALUES (5 , 1.1,  CAST('13/10/2012 21:44:12.000'  AS DateTime), 0 , 2 , 1 , 'A', 2 , 100); UPDATE LineaOrdenDeCompra SET borrado=1 WHERE nro_orden_compra=2  AND nro_sucursal=1  AND tipo_orden_compra='A' ; 
Save/Update: SELECT  ISNULL(MAX(nro_linea + 1),1) from LineaOrdenDeCompra WHERE nro_orden_compra=2 AND nro_sucursal=1 AND tipo_orden_compra='A'
Save/Update: INSERT INTO LineaOrdenDeCompra (nro_orden_compra, nro_sucursal, tipo_orden_compra, nro_linea, cod_producto, cantidad, precio, borrado) VALUES (2 , 1 , 'A', 1 , 2 , 10 , 50, 0 ); 
Save/Update: SELECT  ISNULL(MAX(nro_movimiento + 1),1) from MovimientosCuenta
Save/Update: INSERT INTO MovimientosCuenta (nro_movimiento, comentario, fecha, monto, cuentaID, tipoMovimientoID) VALUES (4 , 'com test',  CAST('13/10/2012 21:44:12.000'  AS DateTime), 100, 1 , 1 ); DELETE proveedor_movimientos where nro_movimiento=4  ;  INSERT INTO proveedor_movimientos ( nro_movimiento, id_proveedor) VALUES ( 4 , 2 ); DELETE documento_movimiento where nro_movimiento=4  ;  INSERT INTO documento_movimiento ( nro_movimiento, nro_Doc) VALUES ( 4 , 5 ); 
Save/Update: select * from OrdenDeCompra WHERE  OrdenDeCompra.nro_orden_compra=2  AND  OrdenDeCompra.nro_sucursal=1  AND  OrdenDeCompra.tipo_orden_compra='A' ; select * from documento_movimiento; select * from LineaOrdenDeCompra WHERE borrado = 0
Save/Update: select * from LineaOrdenDeCompra WHERE  LineaOrdenDeCompra.nro_orden_compra=2  AND  LineaOrdenDeCompra.tipo_orden_compra='A' AND  LineaOrdenDeCompra.nro_sucursal=1  
Save/Update: select * from insumo WHERE  insumo.cod_insumo=2  
Save/Update: select * from Proveedor WHERE  Proveedor.id_proveedor=2  
Save/Update: select * from MovimientosCuenta JOIN documento_movimiento AS documento ON MovimientosCuenta.nro_movimiento=documento.nro_movimiento JOIN proveedor_movimientos AS proveedor ON MovimientosCuenta.nro_movimiento=proveedor.nro_movimiento WHERE documento.nro_Doc=5  AND proveedor.id_proveedor IS NOT  NULL ; select * from proveedor_movimientos; select * from documento_movimiento
Save/Update: UPDATE OrdenDeCompra SET nro_Doc=5 , iva=1.1, fecha= CAST('13/10/2012 21:44:12.000'  AS DateTime), borrado=0 , id_proveedor=2 , monto=111 WHERE nro_orden_compra=2  AND nro_sucursal=1  AND tipo_orden_compra='A' ; UPDATE LineaOrdenDeCompra SET borrado=1 WHERE nro_orden_compra=2  AND nro_sucursal=1  AND tipo_orden_compra='A' ; 
Save/Update: UPDATE LineaOrdenDeCompra SET cod_producto=2 , cantidad=15 , precio=50, borrado=0  WHERE nro_orden_compra=2  AND nro_sucursal=1  AND tipo_orden_compra='A' AND nro_linea=1  ; 
Save/Update: SELECT  ISNULL(MAX(nro_linea + 1),1) from LineaOrdenDeCompra WHERE nro_orden_compra=2 AND nro_sucursal=1 AND tipo_orden_compra='A'
Save/Update: INSERT INTO LineaOrdenDeCompra (nro_orden_compra, nro_sucursal, tipo_orden_compra, nro_linea, cod_producto, cantidad, precio, borrado) VALUES (2 , 1 , 'A', 2 , 1 , 10 , 0, 0 ); 
Save/Update: UPDATE MovimientosCuenta SET comentario='com test', fecha= CAST('13/10/2012 21:44:12.000'  AS DateTime), monto=111, cuentaID=1 , tipoMovimientoID=1  WHERE nro_movimiento=4  ; DELETE proveedor_movimientos where nro_movimiento=4  ;  INSERT INTO proveedor_movimientos ( nro_movimiento, id_proveedor) VALUES ( 4 , 2 ); DELETE documento_movimiento where nro_movimiento=4  ;  INSERT INTO documento_movimiento ( nro_movimiento, nro_Doc) VALUES ( 4 , 5 ); 
Save/Update: select * from OrdenDeCompra WHERE  OrdenDeCompra.nro_orden_compra=2  AND  OrdenDeCompra.nro_sucursal=1  AND  OrdenDeCompra.tipo_orden_compra='A' ; select * from documento_movimiento; select * from LineaOrdenDeCompra WHERE borrado = 0
Save/Update: select * from LineaOrdenDeCompra WHERE  LineaOrdenDeCompra.nro_orden_compra=2  AND  LineaOrdenDeCompra.tipo_orden_compra='A' AND  LineaOrdenDeCompra.nro_sucursal=1  
Save/Update: select * from insumo WHERE  insumo.cod_insumo=2  
Save/Update: select * from insumo WHERE  insumo.cod_insumo=1  
Save/Update: select * from Proveedor WHERE  Proveedor.id_proveedor=2  
Save/Update: select * from MovimientosCuenta JOIN documento_movimiento AS documento ON MovimientosCuenta.nro_movimiento=documento.nro_movimiento JOIN proveedor_movimientos AS proveedor ON MovimientosCuenta.nro_movimiento=proveedor.nro_movimiento WHERE documento.nro_Doc=5  AND proveedor.id_proveedor IS NOT  NULL ; select * from proveedor_movimientos; select * from documento_movimiento
Save/Update: DELETE LineaOrdenDeCompra WHERE nro_orden_compra=2  AND nro_sucursal=1  AND tipo_orden_compra='A' AND nro_linea=1  
Save/Update: DELETE LineaOrdenDeCompra WHERE nro_orden_compra=2  AND nro_sucursal=1  AND tipo_orden_compra='A' AND nro_linea=2  
Save/Update: DELETE proveedor_movimientos where nro_movimiento=4  ; DELETE documento_movimiento where nro_movimiento=4  ; ;DELETE MovimientosCuenta WHERE nro_movimiento=4  
Save/Update: DELETE FROM OrdenDeCompra WHERE nro_Doc =5
Save/Update: delete documento where nro_doc=5</StdOut>
      </Output>
    </UnitTestResult>
    <UnitTestResult executionId="16afc492-9b47-4a56-a19c-e17e4fd7d8a6" testId="b28eae18-99f0-9519-6256-d75c3d089452" testName="grabarNewsletterTest" computerName="DIEGO-PC" duration="00:00:00.0045940" startTime="2012-11-19T01:14:30.6231186-03:00" endTime="2012-11-19T01:14:30.6371194-03:00" testType="13cdc9d9-ddb5-4fa4-a97d-d965ccfc6d4b" outcome="Passed" testListId="8c84fa94-04c1-424b-9868-57a2d4851a1d" relativeResultsDirectory="16afc492-9b47-4a56-a19c-e17e4fd7d8a6">
      <Output>
        <StdOut>Save/Update: SELECT  ISNULL(MAX(id + 1),1) from newsletter
Save/Update: INSERT INTO newsletter (id, newsletter, nombre, enviado) VALUES (3 , 'html', 'news3', 0 ); 
Save/Update: select * from newsletter
Save/Update: DELETE newsletter WHERE id=3</StdOut>
      </Output>
    </UnitTestResult>
    <UnitTestResult executionId="158f5e21-d307-41de-9c78-64b688ac61ae" testId="b40b8a29-c95a-4ade-0e51-c133972e69c6" testName="grabarTest" computerName="DIEGO-PC" duration="00:00:00.0118900" startTime="2012-11-19T01:14:30.6401196-03:00" endTime="2012-11-19T01:14:30.6581206-03:00" testType="13cdc9d9-ddb5-4fa4-a97d-d965ccfc6d4b" outcome="Passed" testListId="8c84fa94-04c1-424b-9868-57a2d4851a1d" relativeResultsDirectory="158f5e21-d307-41de-9c78-64b688ac61ae">
      <Output>
        <StdOut>Save/Update: INSERT INTO Proveedor (id_proveedor, nombre, telefono, direccion) VALUES (4 , 'nombre4', '4444-4444', 'direccion 4'); 
Save/Update: SELECT  ISNULL(MAX(nro_Doc + 1),1) from documento
Save/Update: INSERT INTO documento VALUES (5)
Save/Update: SELECT  ISNULL(MAX(nro_orden_compra + 1),1) from OrdenDeCompra WHERE nro_sucursal=1 AND tipo_orden_compra='A'
Save/Update: INSERT INTO OrdenDeCompra (nro_Doc, iva, fecha, borrado, nro_orden_compra, nro_sucursal, tipo_orden_compra, id_proveedor, monto) VALUES (5 , 33.3,  CAST('19/11/2012 01:14:30.647'  AS DateTime), 0 , 2 , 1 , 'A', 4 , 33.3); UPDATE LineaOrdenDeCompra SET borrado=1 WHERE nro_orden_compra=2  AND nro_sucursal=1  AND tipo_orden_compra='A' ; 
Save/Update: select * from Proveedor
Save/Update: select * from OrdenDeCompra WHERE  OrdenDeCompra.id_proveedor=1  ; select * from documento_movimiento; select * from LineaOrdenDeCompra WHERE borrado = 0
Save/Update: select * from OrdenDeCompra WHERE  OrdenDeCompra.id_proveedor=2  ; select * from documento_movimiento; select * from LineaOrdenDeCompra WHERE borrado = 0
Save/Update: select * from OrdenDeCompra WHERE  OrdenDeCompra.id_proveedor=3  ; select * from documento_movimiento; select * from LineaOrdenDeCompra WHERE borrado = 0
Save/Update: select * from OrdenDeCompra WHERE  OrdenDeCompra.id_proveedor=4  ; select * from documento_movimiento; select * from LineaOrdenDeCompra WHERE borrado = 0
Save/Update: delete OrdenDeCompra where nro_doc=5
Save/Update: delete documento where nro_doc=5
Save/Update: DELETE Proveedor WHERE id_proveedor=4  
Save/Update: UPDATE Proveedor SET nombre='nombre1', telefono='1111-1111', direccion='direccion 1' WHERE id_proveedor=1  ;</StdOut>
      </Output>
    </UnitTestResult>
    <UnitTestResult executionId="f6114808-7e1a-4bb1-a061-5472049aa80c" testId="b6192558-2ee3-59f6-6537-ecfd184b2822" testName="CargarClientesTest" computerName="DIEGO-PC" duration="00:00:00.0415347" startTime="2012-11-19T01:14:30.6601207-03:00" endTime="2012-11-19T01:14:30.7091235-03:00" testType="13cdc9d9-ddb5-4fa4-a97d-d965ccfc6d4b" outcome="Passed" testListId="8c84fa94-04c1-424b-9868-57a2d4851a1d" relativeResultsDirectory="f6114808-7e1a-4bb1-a061-5472049aa80c">
      <Output>
        <StdOut>Save/Update: select * from Cliente; select * from cliente_movimientos; select * from Pedido WHERE borrado = 0; select * from Factura WHERE borrado = 0; select * from Diseño WHERE borrado = 0
Save/Update: select * from Usuario WHERE  Usuario.usuarioID=1  ; select * from JoinUsuarioToFamilia; select * from JoinPatenteToUsuario
Save/Update: select * from Familia JOIN JoinUsuarioToFamilia AS usuarios ON Familia.familiaID=usuarios.familiaID WHERE usuarios.usuarioID=1  ; select * from JoinFamiliaToPatente
Save/Update: select * from Patente JOIN JoinPatenteToUsuario AS usuario ON Patente.patenteId=usuario.patenteId WHERE usuario.usuarioID=1  
Save/Update: select * from Cliente WHERE  Cliente.usuarioID=1  ; select * from cliente_movimientos; select * from Pedido WHERE borrado = 0; select * from Factura WHERE borrado = 0; select * from Diseño WHERE borrado = 0
Save/Update: select * from Diseño WHERE  Diseño.id_cliente=1  ; select * from historico_estados_diseño WHERE borrado = 0
Save/Update: select * from Factura WHERE  Factura.id_cliente=1  ; select * from documento_movimiento; select * from LineaFactura WHERE borrado = 0
Save/Update: select * from Pedido WHERE  Pedido.id_cliente=1  ; select * from produccion WHERE borrado = 0; select * from historico_estados_pedido WHERE borrado = 0
Save/Update: select * from MovimientosCuenta JOIN cliente_movimientos AS cliente ON MovimientosCuenta.nro_movimiento=cliente.nro_movimiento WHERE cliente.id_cliente=1  AND cliente.id_cliente IS NOT  NULL ; select * from cliente_movimientos; select * from documento_movimiento
Save/Update: select * from Usuario WHERE  Usuario.usuarioID=2  ; select * from JoinUsuarioToFamilia; select * from JoinPatenteToUsuario
Save/Update: select * from Familia JOIN JoinUsuarioToFamilia AS usuarios ON Familia.familiaID=usuarios.familiaID WHERE usuarios.usuarioID=2  ; select * from JoinFamiliaToPatente
Save/Update: select * from Patente JOIN JoinFamiliaToPatente AS familia ON Patente.patenteId=familia.patenteId WHERE familia.familiaID=2  
Save/Update: select * from Patente JOIN JoinPatenteToUsuario AS usuario ON Patente.patenteId=usuario.patenteId WHERE usuario.usuarioID=2  
Save/Update: select * from Cliente WHERE  Cliente.usuarioID=2  ; select * from cliente_movimientos; select * from Pedido WHERE borrado = 0; select * from Factura WHERE borrado = 0; select * from Diseño WHERE borrado = 0
Save/Update: select * from Diseño WHERE  Diseño.id_cliente=2  ; select * from historico_estados_diseño WHERE borrado = 0
Save/Update: select * from Factura WHERE  Factura.id_cliente=2  ; select * from documento_movimiento; select * from LineaFactura WHERE borrado = 0
Save/Update: select * from Pedido WHERE  Pedido.id_cliente=2  ; select * from produccion WHERE borrado = 0; select * from historico_estados_pedido WHERE borrado = 0
Save/Update: select * from MovimientosCuenta JOIN cliente_movimientos AS cliente ON MovimientosCuenta.nro_movimiento=cliente.nro_movimiento WHERE cliente.id_cliente=2  AND cliente.id_cliente IS NOT  NULL ; select * from cliente_movimientos; select * from documento_movimiento
Save/Update: UPDATE Usuario SET nombre='nombre1', apellido='apellido1', mail='mail1@test.com', password='11C8', telefonoFijo='1111-1111', telefonoMovil='1111-1111', bloqueado=0  WHERE usuarioID=1  ; DELETE JoinUsuarioToFamilia where usuarioID=1  ; DELETE JoinPatenteToUsuario where usuarioID=1  ; 
Save/Update: UPDATE Cliente SET habitadoTurnos=1 , newsletter=0  WHERE id_cliente=1  ; UPDATE Pedido SET borrado=1 WHERE id_cliente=1  ; UPDATE Factura SET borrado=1 WHERE id_cliente=1  ; UPDATE Diseño SET borrado=1 WHERE id_cliente=1  ; 
Save/Update:  UPDATE factura set borrado = 0 
Save/Update:  UPDATE diseño set borrado = 0 
Save/Update:  UPDATE pedido set borrado = 0 
Save/Update:  Insert into JoinPatenteToUsuario values (1,1)</StdOut>
      </Output>
    </UnitTestResult>
    <UnitTestResult executionId="3fdac3b2-6310-4bd9-b9ed-547e56723165" testId="b697701d-8cff-a257-c4da-79dac613bf34" testName="grabarMensajeTest" computerName="DIEGO-PC" duration="00:00:00.0065107" startTime="2012-11-19T01:14:30.7121237-03:00" endTime="2012-11-19T01:14:30.7261245-03:00" testType="13cdc9d9-ddb5-4fa4-a97d-d965ccfc6d4b" outcome="Passed" testListId="8c84fa94-04c1-424b-9868-57a2d4851a1d" relativeResultsDirectory="3fdac3b2-6310-4bd9-b9ed-547e56723165">
      <Output>
        <StdOut>Save/Update: SELECT  ISNULL(MAX(id + 1),1) from Mensaje
Save/Update: INSERT INTO Mensaje (id, tipoMensaje, fecha, mensaje, leido, borrado, id_conversacion) VALUES (5 , 0 ,  CAST('19/11/2012 01:14:30.719'  AS DateTime), 'test msj grabarMensajeTest', 0 , 0 , 1 ); 
Save/Update: select * from Mensaje WHERE  Mensaje.id_conversacion=1  
Save/Update: DELETE Mensaje WHERE id=5</StdOut>
      </Output>
    </UnitTestResult>
    <UnitTestResult executionId="3df163f5-adea-426c-8297-97709aa1c4f0" testId="b6c93299-c437-e1df-d8ec-dc7e1e4a6bba" testName="listarPedidosConRestriccionTest" computerName="DIEGO-PC" duration="00:00:00.0155023" startTime="2012-11-19T01:14:30.7281246-03:00" endTime="2012-11-19T01:14:30.7511259-03:00" testType="13cdc9d9-ddb5-4fa4-a97d-d965ccfc6d4b" outcome="Passed" testListId="8c84fa94-04c1-424b-9868-57a2d4851a1d" relativeResultsDirectory="3df163f5-adea-426c-8297-97709aa1c4f0">
      <Output>
        <StdOut>Save/Update: select * from Pedido WHERE  Pedido.id_cliente=1  AND  Pedido.estadoActual=3  AND  Pedido.fechaInicio&gt;= CAST('11/09/2012 12:00:00.000'  AS DateTime) AND  Pedido.fechaInicio&lt;= CAST('11/09/2012 14:00:00.000'  AS DateTime) AND  Pedido.fechaFinal&gt;= CAST('11/09/2012 12:00:00.000'  AS DateTime) AND  Pedido.fechaFinal&lt;= CAST('11/09/2012 14:00:00.000'  AS DateTime) ; select * from produccion WHERE borrado = 0; select * from historico_estados_pedido WHERE borrado = 0
Save/Update: select * from historico_estados_pedido WHERE  historico_estados_pedido.cod_pedido=1  
Save/Update: select * from tipoPedido WHERE  tipoPedido.tipo_pedido=1  
Save/Update: select * from produccion WHERE  produccion.cod_pedido=1  ; select * from historico_estados_produccion WHERE borrado = 0
Save/Update: select * from Cliente WHERE  Cliente.id_cliente=1  ; select * from cliente_movimientos; select * from Pedido WHERE borrado = 0; select * from Factura WHERE borrado = 0; select * from Diseño WHERE borrado = 0
Save/Update: select * from EstadoPedido WHERE  EstadoPedido.estado_pedido=3  
Save/Update: DELETE historico_estados_pedido WHERE nro_estado=1  AND cod_pedido=5  
Save/Update: DELETE historico_estados_pedido WHERE nro_estado=2  AND cod_pedido=5  
Save/Update: DELETE produccion WHERE cod_produccion=7  
Save/Update: DELETE Pedido WHERE cod_pedido=5</StdOut>
      </Output>
    </UnitTestResult>
    <UnitTestResult executionId="3fb65c78-6cc8-4600-ab85-572a919942bb" testId="b6d2504c-fd0b-46f0-ca34-952aa534d5bc" testName="listarNewsletterTest" computerName="DIEGO-PC" duration="00:00:00.0024781" startTime="2012-11-19T01:14:30.7541261-03:00" endTime="2012-11-19T01:14:30.7641267-03:00" testType="13cdc9d9-ddb5-4fa4-a97d-d965ccfc6d4b" outcome="Passed" testListId="8c84fa94-04c1-424b-9868-57a2d4851a1d" relativeResultsDirectory="3fb65c78-6cc8-4600-ab85-572a919942bb">
      <Output>
        <StdOut>Save/Update: select * from newsletter</StdOut>
      </Output>
    </UnitTestResult>
    <UnitTestResult executionId="4f34440e-ce8a-42e0-8157-34e37aa83166" testId="b757834a-da0f-6514-4f88-5f56b32e1557" testName="buscarMovimintosTest" computerName="DIEGO-PC" duration="00:00:00.0080120" startTime="2012-11-19T01:14:30.7661268-03:00" endTime="2012-11-19T01:14:30.7821277-03:00" testType="13cdc9d9-ddb5-4fa4-a97d-d965ccfc6d4b" outcome="Passed" testListId="8c84fa94-04c1-424b-9868-57a2d4851a1d" relativeResultsDirectory="4f34440e-ce8a-42e0-8157-34e37aa83166">
      <Output>
        <StdOut>Save/Update: select * from MovimientosCuenta JOIN proveedor_movimientos AS proveedor ON MovimientosCuenta.nro_movimiento=proveedor.nro_movimiento WHERE  MovimientosCuenta.comentario LIKE '%m3%'AND  MovimientosCuenta.fecha&gt;= CAST('03/03/2003 00:00:00.000'  AS DateTime) AND  MovimientosCuenta.monto&gt;=30 AND  MovimientosCuenta.monto&lt;=33 AND  MovimientosCuenta.cuentaID=1  AND  MovimientosCuenta.tipoMovimientoID=1  AND proveedor.id_proveedor=1  AND proveedor.id_proveedor IS NOT  NULL ; select * from proveedor_movimientos; select * from documento_movimiento
Save/Update: select * from Proveedor WHERE  Proveedor.id_proveedor=1  
Save/Update: select * from OrdenDeCompra WHERE  OrdenDeCompra.id_proveedor=1  ; select * from documento_movimiento; select * from LineaOrdenDeCompra WHERE borrado = 0
Save/Update: select * from OrdenDeCompra WHERE  OrdenDeCompra.nro_Doc=3  ; select * from documento_movimiento; select * from LineaOrdenDeCompra WHERE borrado = 0
Save/Update: select * from tipoMovimiento WHERE  tipoMovimiento.tipoMovimientoID=1  
Save/Update: select * from Cuenta WHERE  Cuenta.cuentaID=1  
Save/Update: DELETE proveedor_movimientos where nro_movimiento=4  ; DELETE documento_movimiento where nro_movimiento=4  ; ;DELETE MovimientosCuenta WHERE nro_movimiento=4</StdOut>
      </Output>
    </UnitTestResult>
    <UnitTestResult executionId="94d63534-2cf8-4631-9450-78e51072469d" testId="b8413468-f954-3662-0efc-8c48132ad726" testName="listarProduccionPorPedidoTest" computerName="DIEGO-PC" duration="00:00:00.0227910" startTime="2012-11-19T01:14:30.7841278-03:00" endTime="2012-11-19T01:14:30.8161296-03:00" testType="13cdc9d9-ddb5-4fa4-a97d-d965ccfc6d4b" outcome="Passed" testListId="8c84fa94-04c1-424b-9868-57a2d4851a1d" relativeResultsDirectory="94d63534-2cf8-4631-9450-78e51072469d">
      <Output>
        <StdOut>Save/Update: select * from produccion WHERE  produccion.cod_pedido=1  ; select * from historico_estados_produccion WHERE borrado = 0
Save/Update: select * from Pedido WHERE  Pedido.cod_pedido=1  ; select * from produccion WHERE borrado = 0; select * from historico_estados_pedido WHERE borrado = 0
Save/Update: select * from Maquina WHERE  Maquina.cod_maquina=1  ; select * from JoinMaquinaToTipoPrenda
Save/Update: select * from Articulos WHERE  Articulos.cod_articulo=1  ; select * from lista_precios WHERE borrado = 0
Save/Update: select * from EstadoTrabajos WHERE  EstadoTrabajos.cod_estado=3  
Save/Update: select * from historico_estados_produccion WHERE  historico_estados_produccion.cod_produccion=1  
Save/Update: select * from produccion_operador WHERE  produccion_operador.cod_prodcuccion=1  
Save/Update: select * from Pedido WHERE  Pedido.cod_pedido=1  ; select * from produccion WHERE borrado = 0; select * from historico_estados_pedido WHERE borrado = 0
Save/Update: select * from Maquina WHERE  Maquina.cod_maquina=1  ; select * from JoinMaquinaToTipoPrenda
Save/Update: select * from Articulos WHERE  Articulos.cod_articulo=2  ; select * from lista_precios WHERE borrado = 0
Save/Update: select * from EstadoTrabajos WHERE  EstadoTrabajos.cod_estado=2  
Save/Update: select * from historico_estados_produccion WHERE  historico_estados_produccion.cod_produccion=2  
Save/Update: select * from produccion_operador WHERE  produccion_operador.cod_prodcuccion=2  
Save/Update: select * from Pedido WHERE  Pedido.cod_pedido=1  ; select * from produccion WHERE borrado = 0; select * from historico_estados_pedido WHERE borrado = 0
Save/Update: select * from Maquina WHERE  Maquina.cod_maquina=2  ; select * from JoinMaquinaToTipoPrenda
Save/Update: select * from Articulos WHERE  Articulos.cod_articulo=3  ; select * from lista_precios WHERE borrado = 0
Save/Update: select * from EstadoTrabajos WHERE  EstadoTrabajos.cod_estado=0  
Save/Update: select * from historico_estados_produccion WHERE  historico_estados_produccion.cod_produccion=3  
Save/Update: select * from produccion_operador WHERE  produccion_operador.cod_prodcuccion=3  
Save/Update: DELETE produccion_operador WHERE id_operador=2  AND cod_prodcuccion=7  
Save/Update: DELETE historico_estados_produccion WHERE nro_estado=1  AND cod_produccion=7  
Save/Update: DELETE historico_estados_produccion WHERE nro_estado=2  AND cod_produccion=7  
Save/Update: DELETE produccion WHERE cod_produccion=7</StdOut>
      </Output>
    </UnitTestResult>
    <UnitTestResult executionId="7924e8af-1f55-49db-9b7e-b0b474b977c4" testId="b8f7e814-b981-7bd7-8770-09bbc779dc13" testName="buscarPorDescripcionTest" computerName="DIEGO-PC" duration="00:00:00.0116314" startTime="2012-11-19T01:14:30.8181297-03:00" endTime="2012-11-19T01:14:30.8381309-03:00" testType="13cdc9d9-ddb5-4fa4-a97d-d965ccfc6d4b" outcome="Passed" testListId="8c84fa94-04c1-424b-9868-57a2d4851a1d" relativeResultsDirectory="7924e8af-1f55-49db-9b7e-b0b474b977c4">
      <Output>
        <StdOut>Save/Update: select * from tipoInsumo WHERE  tipoInsumo.descripcion='friselina gruesa'</StdOut>
      </Output>
    </UnitTestResult>
    <UnitTestResult executionId="f5c823fb-4c0c-49b0-9523-af08858602c7" testId="b942b6d6-f408-1783-9c4d-ef179ac5d56f" testName="listarArticulosPorPrendaTest" computerName="DIEGO-PC" duration="00:00:00.0092366" startTime="2012-11-19T01:14:30.8421311-03:00" endTime="2012-11-19T01:14:30.8581320-03:00" testType="13cdc9d9-ddb5-4fa4-a97d-d965ccfc6d4b" outcome="Passed" testListId="8c84fa94-04c1-424b-9868-57a2d4851a1d" relativeResultsDirectory="f5c823fb-4c0c-49b0-9523-af08858602c7">
      <Output>
        <StdOut>Save/Update: select * from Articulos WHERE  Articulos.tipoPrendaID=1  AND  Articulos.borrado=0  ; select * from lista_precios WHERE borrado = 0
Save/Update: select * from lista_precios WHERE  lista_precios.cod_articulo=1  
Save/Update: select * from TipoPrenda WHERE  TipoPrenda.tipo_prenda=1  
Save/Update: select * from Diseño WHERE  Diseño.cod_diseño=1  ; select * from historico_estados_diseño WHERE borrado = 0
Save/Update: DELETE lista_precios WHERE nro_lista=1  AND cod_articulo=4  
Save/Update: DELETE lista_precios WHERE nro_lista=2  AND cod_articulo=4  
Save/Update: DELETE Articulos WHERE cod_articulo=4</StdOut>
      </Output>
    </UnitTestResult>
    <UnitTestResult executionId="d6aaf063-8896-4efc-bc3c-8c2355de4314" testId="b98676fe-ee87-56df-eacd-dd7ebb6e2cd3" testName="buscarTodoTest" computerName="DIEGO-PC" duration="00:00:00.0060732" startTime="2012-11-19T01:14:30.8601321-03:00" endTime="2012-11-19T01:14:30.8731329-03:00" testType="13cdc9d9-ddb5-4fa4-a97d-d965ccfc6d4b" outcome="Passed" testListId="8c84fa94-04c1-424b-9868-57a2d4851a1d" relativeResultsDirectory="d6aaf063-8896-4efc-bc3c-8c2355de4314">
      <Output>
        <StdOut>Save/Update: select * from tipoInsumo</StdOut>
      </Output>
    </UnitTestResult>
    <UnitTestResult executionId="8ae11537-5570-43ae-b6e5-4480d334b74b" testId="b9fd46b5-4626-f3cd-bb11-d3d09ef904e4" testName="cargarFamiliasPorUsuarioTest" computerName="DIEGO-PC" duration="00:00:00.0038409" startTime="2012-11-19T01:14:30.8781332-03:00" endTime="2012-11-19T01:14:30.8891338-03:00" testType="13cdc9d9-ddb5-4fa4-a97d-d965ccfc6d4b" outcome="Passed" testListId="8c84fa94-04c1-424b-9868-57a2d4851a1d" relativeResultsDirectory="8ae11537-5570-43ae-b6e5-4480d334b74b">
      <Output>
        <StdOut>Save/Update: select * from Patente JOIN JoinPatenteToUsuario AS usuario ON Patente.patenteId=usuario.patenteId WHERE usuario.usuarioID=3</StdOut>
      </Output>
    </UnitTestResult>
    <UnitTestResult executionId="a53fecc7-c32e-40d4-9bf2-b68894e96946" testId="bab93624-9701-4d27-3151-c1bf509e95c1" testName="grabarProduccionOperadorTDGTest" computerName="DIEGO-PC" duration="00:00:00.0058128" startTime="2012-11-19T01:14:30.8911339-03:00" endTime="2012-11-19T01:14:30.9031346-03:00" testType="13cdc9d9-ddb5-4fa4-a97d-d965ccfc6d4b" outcome="Passed" testListId="8c84fa94-04c1-424b-9868-57a2d4851a1d" relativeResultsDirectory="a53fecc7-c32e-40d4-9bf2-b68894e96946">
      <Output>
        <StdOut>Save/Update: INSERT INTO produccion_operador (id_operador, cod_prodcuccion, porcentaje) VALUES (2 , 6 , 1 ); 
Save/Update: select * from produccion_operador WHERE  produccion_operador.id_operador=2  AND  produccion_operador.cod_prodcuccion=6  
Save/Update: DELETE produccion_operador WHERE id_operador=2  AND cod_prodcuccion=6</StdOut>
      </Output>
    </UnitTestResult>
    <UnitTestResult executionId="aaa68acc-b433-417b-89c5-28f68832c0d5" testId="bb119d3a-e948-8bb7-862b-ef22cd5e5418" testName="cargarlistaProduccionConRestriccionesTest" computerName="DIEGO-PC" duration="00:00:00.0091573" startTime="2012-11-19T01:14:30.9061348-03:00" endTime="2012-11-19T01:14:30.9241358-03:00" testType="13cdc9d9-ddb5-4fa4-a97d-d965ccfc6d4b" outcome="Passed" testListId="8c84fa94-04c1-424b-9868-57a2d4851a1d" relativeResultsDirectory="aaa68acc-b433-417b-89c5-28f68832c0d5">
      <Output>
        <StdOut>Save/Update: select * from produccion WHERE  produccion.cod_produccion=1  AND  produccion.cod_pedido=1  AND  produccion.cod_articulo=1  AND  produccion.cod_maquina=1  AND  produccion.estadoActual=3  AND  produccion.comentario LIKE '%rio%'AND  produccion.borrado=0  ; select * from historico_estados_produccion WHERE borrado = 0
Save/Update: DELETE produccion WHERE cod_produccion=7</StdOut>
      </Output>
    </UnitTestResult>
    <UnitTestResult executionId="b9c5ce32-d788-4b84-a2cf-b68f80ddb643" testId="bbf04cdd-f777-915a-4f82-d89d0fb3c21c" testName="actualizarTipoPedidosTest" computerName="DIEGO-PC" duration="00:00:00.0071959" startTime="2012-11-19T01:14:30.9271360-03:00" endTime="2012-11-19T01:14:30.9401367-03:00" testType="13cdc9d9-ddb5-4fa4-a97d-d965ccfc6d4b" outcome="Passed" testListId="8c84fa94-04c1-424b-9868-57a2d4851a1d" relativeResultsDirectory="b9c5ce32-d788-4b84-a2cf-b68f80ddb643">
      <Output>
        <StdOut>Save/Update: UPDATE tipoPedido SET descripcion='tipo modificado' WHERE tipo_pedido=1  ; 
Save/Update: select * from tipoPedido WHERE  tipoPedido.tipo_pedido=1  
Save/Update: UPDATE tipoPedido SET descripcion='con turno' WHERE tipo_pedido=1  ;</StdOut>
      </Output>
    </UnitTestResult>
    <UnitTestResult executionId="bd3ffaf7-69c9-488d-9d33-dc6b7d60b737" testId="bc086558-20df-1a67-5cff-56823f0eb575" testName="cargarFamiliasPorFamiliaTest" computerName="DIEGO-PC" duration="00:00:00.0031543" startTime="2012-11-19T01:14:30.9431369-03:00" endTime="2012-11-19T01:14:30.9531375-03:00" testType="13cdc9d9-ddb5-4fa4-a97d-d965ccfc6d4b" outcome="Passed" testListId="8c84fa94-04c1-424b-9868-57a2d4851a1d" relativeResultsDirectory="bd3ffaf7-69c9-488d-9d33-dc6b7d60b737">
      <Output>
        <StdOut>Save/Update: select * from Patente JOIN JoinFamiliaToPatente AS familia ON Patente.patenteId=familia.patenteId WHERE familia.familiaID=6</StdOut>
      </Output>
    </UnitTestResult>
    <UnitTestResult executionId="3a7dfe3b-d1c2-4a99-949c-9fae93f0badf" testId="bc6fbc6a-1040-2a7b-d37a-1937b6e2fa50" testName="listarOrdenDeComprasPorProveedorTest" computerName="DIEGO-PC" duration="00:00:00.0136930" startTime="2012-11-19T01:14:30.9541375-03:00" endTime="2012-11-19T01:14:30.9761388-03:00" testType="13cdc9d9-ddb5-4fa4-a97d-d965ccfc6d4b" outcome="Passed" testListId="8c84fa94-04c1-424b-9868-57a2d4851a1d" relativeResultsDirectory="3a7dfe3b-d1c2-4a99-949c-9fae93f0badf">
      <Output>
        <StdOut>Save/Update: select * from OrdenDeCompra WHERE  OrdenDeCompra.id_proveedor=1  ; select * from documento_movimiento; select * from LineaOrdenDeCompra WHERE borrado = 0
Save/Update: select * from LineaOrdenDeCompra WHERE  LineaOrdenDeCompra.nro_orden_compra=1  AND  LineaOrdenDeCompra.tipo_orden_compra='A' AND  LineaOrdenDeCompra.nro_sucursal=1  
Save/Update: select * from insumo WHERE  insumo.cod_insumo=1  
Save/Update: select * from insumo WHERE  insumo.cod_insumo=2  
Save/Update: select * from Proveedor WHERE  Proveedor.id_proveedor=1  
Save/Update: select * from MovimientosCuenta JOIN documento_movimiento AS documento ON MovimientosCuenta.nro_movimiento=documento.nro_movimiento JOIN proveedor_movimientos AS proveedor ON MovimientosCuenta.nro_movimiento=proveedor.nro_movimiento WHERE documento.nro_Doc=3  AND proveedor.id_proveedor IS NOT  NULL ; select * from proveedor_movimientos; select * from documento_movimiento
Save/Update: select * from LineaOrdenDeCompra WHERE  LineaOrdenDeCompra.nro_orden_compra=2  AND  LineaOrdenDeCompra.tipo_orden_compra='B' AND  LineaOrdenDeCompra.nro_sucursal=1  
Save/Update: select * from insumo WHERE  insumo.cod_insumo=1  
Save/Update: select * from insumo WHERE  insumo.cod_insumo=1  
Save/Update: select * from Proveedor WHERE  Proveedor.id_proveedor=1  
Save/Update: select * from MovimientosCuenta JOIN documento_movimiento AS documento ON MovimientosCuenta.nro_movimiento=documento.nro_movimiento JOIN proveedor_movimientos AS proveedor ON MovimientosCuenta.nro_movimiento=proveedor.nro_movimiento WHERE documento.nro_Doc=4  AND proveedor.id_proveedor IS NOT  NULL ; select * from proveedor_movimientos; select * from documento_movimiento
Save/Update: DELETE LineaOrdenDeCompra WHERE nro_orden_compra=2  AND nro_sucursal=1  AND tipo_orden_compra='A' AND nro_linea=1  
Save/Update: DELETE LineaOrdenDeCompra WHERE nro_orden_compra=2  AND nro_sucursal=1  AND tipo_orden_compra='A' AND nro_linea=2  
Save/Update: DELETE proveedor_movimientos where nro_movimiento=4  ; DELETE documento_movimiento where nro_movimiento=4  ; ;DELETE MovimientosCuenta WHERE nro_movimiento=4  
Save/Update: DELETE FROM OrdenDeCompra WHERE nro_Doc =5
Save/Update: delete documento where nro_doc=5</StdOut>
      </Output>
    </UnitTestResult>
    <UnitTestResult executionId="c17a0989-776c-4e4d-a2f4-a2a199c6002a" testId="bcd1f511-94b6-a2b6-4c0d-819d27a24411" testName="buscarDiseñoPorClienteTest" computerName="DIEGO-PC" duration="00:00:00.0127469" startTime="2012-11-19T01:14:30.9801390-03:00" endTime="2012-11-19T01:14:30.9991401-03:00" testType="13cdc9d9-ddb5-4fa4-a97d-d965ccfc6d4b" outcome="Passed" testListId="8c84fa94-04c1-424b-9868-57a2d4851a1d" relativeResultsDirectory="c17a0989-776c-4e4d-a2f4-a2a199c6002a">
      <Output>
        <StdOut>Save/Update: select * from Diseño WHERE  Diseño.id_cliente=1  ; select * from historico_estados_diseño WHERE borrado = 0
Save/Update: select * from Cliente WHERE  Cliente.id_cliente=1  ; select * from cliente_movimientos; select * from Pedido WHERE borrado = 0; select * from Factura WHERE borrado = 0; select * from Diseño WHERE borrado = 0
Save/Update: select * from Usuario WHERE  Usuario.usuarioID=1  ; select * from JoinUsuarioToFamilia; select * from JoinPatenteToUsuario
Save/Update: select * from Diseño_insumos WHERE  Diseño_insumos.cod_diseño=1  
Save/Update: select * from historico_estados_diseño WHERE  historico_estados_diseño.cod_diseño=1  
Save/Update: select * from EstadoDiseños WHERE  EstadoDiseños.estado=2  
Save/Update: select * from Cliente WHERE  Cliente.id_cliente=1  ; select * from cliente_movimientos; select * from Pedido WHERE borrado = 0; select * from Factura WHERE borrado = 0; select * from Diseño WHERE borrado = 0
Save/Update: select * from Usuario WHERE  Usuario.usuarioID=1  ; select * from JoinUsuarioToFamilia; select * from JoinPatenteToUsuario
Save/Update: select * from Diseño_insumos WHERE  Diseño_insumos.cod_diseño=2  
Save/Update: select * from historico_estados_diseño WHERE  historico_estados_diseño.cod_diseño=2  
Save/Update: select * from EstadoDiseños WHERE  EstadoDiseños.estado=2  
Save/Update: DELETE FROM Diseño_insumos where cod_diseño=3
Save/Update: DELETE FROM historico_estados_diseño where cod_diseño=3
Save/Update: DELETE Diseño WHERE cod_diseño=3</StdOut>
      </Output>
    </UnitTestResult>
    <UnitTestResult executionId="137b14a0-5e72-4ba6-8022-16ca7caa0ec8" testId="bdb05735-8cd1-a75d-4d6a-dc0c0dcde2a9" testName="buscarMovimientoPorNroTest" computerName="DIEGO-PC" duration="00:00:00.0075505" startTime="2012-11-19T01:14:31.0031403-03:00" endTime="2012-11-19T01:14:31.0181412-03:00" testType="13cdc9d9-ddb5-4fa4-a97d-d965ccfc6d4b" outcome="Passed" testListId="8c84fa94-04c1-424b-9868-57a2d4851a1d" relativeResultsDirectory="137b14a0-5e72-4ba6-8022-16ca7caa0ec8">
      <Output>
        <StdOut>Save/Update: select * from MovimientosCuenta JOIN proveedor_movimientos AS proveedor ON MovimientosCuenta.nro_movimiento=proveedor.nro_movimiento WHERE  MovimientosCuenta.nro_movimiento=3  AND proveedor.id_proveedor IS NOT  NULL ; select * from proveedor_movimientos; select * from documento_movimiento
Save/Update: select * from Proveedor WHERE  Proveedor.id_proveedor=1  
Save/Update: select * from OrdenDeCompra WHERE  OrdenDeCompra.id_proveedor=1  ; select * from documento_movimiento; select * from LineaOrdenDeCompra WHERE borrado = 0
Save/Update: select * from OrdenDeCompra WHERE  OrdenDeCompra.nro_Doc=3  ; select * from documento_movimiento; select * from LineaOrdenDeCompra WHERE borrado = 0
Save/Update: select * from tipoMovimiento WHERE  tipoMovimiento.tipoMovimientoID=1  
Save/Update: select * from Cuenta WHERE  Cuenta.cuentaID=1  
Save/Update: DELETE proveedor_movimientos where nro_movimiento=4  ; DELETE documento_movimiento where nro_movimiento=4  ; ;DELETE MovimientosCuenta WHERE nro_movimiento=4</StdOut>
      </Output>
    </UnitTestResult>
    <UnitTestResult executionId="af9b4d99-343b-4793-8fde-8a763ff28ebf" testId="bde72f4f-f66e-49e5-5a7f-f0f6283a032f" testName="buscarNewsletterParaEnviarTest" computerName="DIEGO-PC" duration="00:00:00.0060102" startTime="2012-11-19T01:14:31.0221414-03:00" endTime="2012-11-19T01:14:31.0361422-03:00" testType="13cdc9d9-ddb5-4fa4-a97d-d965ccfc6d4b" outcome="Passed" testListId="8c84fa94-04c1-424b-9868-57a2d4851a1d" relativeResultsDirectory="af9b4d99-343b-4793-8fde-8a763ff28ebf">
      <Output>
        <StdOut>Save/Update: select * from newsletter WHERE  newsletter.enviado=0</StdOut>
      </Output>
    </UnitTestResult>
    <UnitTestResult executionId="b70a30e9-3931-4cec-80dd-750ccc11cb97" testId="be2975a5-16cf-8b54-0e33-59e4bc6c38a6" testName="listarOpinionesPorMailTest" computerName="DIEGO-PC" duration="00:00:00.0052054" startTime="2012-11-19T01:14:31.0381423-03:00" endTime="2012-11-19T01:14:31.0501430-03:00" testType="13cdc9d9-ddb5-4fa4-a97d-d965ccfc6d4b" outcome="Passed" testListId="8c84fa94-04c1-424b-9868-57a2d4851a1d" relativeResultsDirectory="b70a30e9-3931-4cec-80dd-750ccc11cb97">
      <Output>
        <StdOut>Save/Update: select * from opiniones WHERE  opiniones.mail LIKE '%mail2@test.com%'</StdOut>
      </Output>
    </UnitTestResult>
    <UnitTestResult executionId="34c71c06-896c-4be5-9e16-c2edc603d8a2" testId="beb08e30-b8b0-b48e-c515-c7a8586c6e54" testName="buscarEstadosTest" computerName="DIEGO-PC" duration="00:00:00.0037720" startTime="2012-11-19T01:14:31.0531432-03:00" endTime="2012-11-19T01:14:31.0661439-03:00" testType="13cdc9d9-ddb5-4fa4-a97d-d965ccfc6d4b" outcome="Passed" testListId="8c84fa94-04c1-424b-9868-57a2d4851a1d" relativeResultsDirectory="34c71c06-896c-4be5-9e16-c2edc603d8a2">
      <Output>
        <StdOut>Save/Update: select * from EstadoDiseños</StdOut>
      </Output>
    </UnitTestResult>
    <UnitTestResult executionId="d253d143-492f-4cc2-b583-f49f69edb7d7" testId="bf3337bc-4ebe-14d7-ffa9-91df711ba6a0" testName="modificarProduccionTest" computerName="DIEGO-PC" duration="00:00:00.0119000" startTime="2012-11-19T01:14:31.0721443-03:00" endTime="2012-11-19T01:14:31.0911454-03:00" testType="13cdc9d9-ddb5-4fa4-a97d-d965ccfc6d4b" outcome="Passed" testListId="8c84fa94-04c1-424b-9868-57a2d4851a1d" relativeResultsDirectory="d253d143-492f-4cc2-b583-f49f69edb7d7">
      <Output>
        <StdOut>Save/Update: SELECT  ISNULL(MAX(cod_produccion + 1),1) from produccion
Save/Update: INSERT INTO produccion (cod_produccion, comentario, cod_pedido, cod_maquina, cod_articulo, cantidad, estadoActual, utilizacion, fechaInicio, fechaFinal, borrado) VALUES (7 , 'comentario test', 3 , 3 , 7 , 10 , 2 , 1,  CAST('19/11/2012 01:14:31.079'  AS DateTime),  CAST('19/11/2012 01:14:31.079'  AS DateTime), 0 ); UPDATE historico_estados_produccion SET borrado=1 WHERE cod_produccion=7  ; 
Save/Update: select * from produccion WHERE  produccion.comentario LIKE '%comentario test%'; select * from historico_estados_produccion WHERE borrado = 0
Save/Update: UPDATE produccion SET comentario='comentario test', cod_pedido=3 , cod_maquina=3 , cod_articulo=5 , cantidad=10 , estadoActual=3 , utilizacion=1, fechaInicio= CAST('19/11/2012 01:14:31.080'  AS DateTime), fechaFinal= CAST('19/11/2012 01:14:31.080'  AS DateTime), borrado=0  WHERE cod_produccion=7  ; UPDATE historico_estados_produccion SET borrado=1 WHERE cod_produccion=7  ; 
Save/Update: select * from produccion WHERE  produccion.comentario LIKE '%comentario test%'; select * from historico_estados_produccion WHERE borrado = 0
Save/Update: DELETE produccion WHERE cod_produccion=7</StdOut>
      </Output>
    </UnitTestResult>
    <UnitTestResult executionId="71d4a60b-786c-47a3-a556-a34000a45606" testId="bf901687-526e-3c4f-d25d-5f1eb0ec55f2" testName="listarFacturasPorClienteTest" computerName="DIEGO-PC" duration="00:00:00.0215470" startTime="2012-11-19T01:14:31.0991458-03:00" endTime="2012-11-19T01:14:31.1281475-03:00" testType="13cdc9d9-ddb5-4fa4-a97d-d965ccfc6d4b" outcome="Passed" testListId="8c84fa94-04c1-424b-9868-57a2d4851a1d" relativeResultsDirectory="71d4a60b-786c-47a3-a556-a34000a45606">
      <Output>
        <StdOut>Save/Update: select * from Factura WHERE  Factura.id_cliente=1  ; select * from documento_movimiento; select * from LineaFactura WHERE borrado = 0
Save/Update: select * from LineaFactura WHERE  LineaFactura.nro_factura=1  AND  LineaFactura.tipo_factura='A' AND  LineaFactura.nro_sucursal=1  
Save/Update: select * from Articulos WHERE  Articulos.cod_articulo=1  ; select * from lista_precios WHERE borrado = 0
Save/Update: select * from Articulos WHERE  Articulos.cod_articulo=2  ; select * from lista_precios WHERE borrado = 0
Save/Update: select * from Cliente WHERE  Cliente.id_cliente=1  ; select * from cliente_movimientos; select * from Pedido WHERE borrado = 0; select * from Factura WHERE borrado = 0; select * from Diseño WHERE borrado = 0
Save/Update: select * from Usuario WHERE  Usuario.usuarioID=1  ; select * from JoinUsuarioToFamilia; select * from JoinPatenteToUsuario
Save/Update: select * from MovimientosCuenta JOIN documento_movimiento AS documento ON MovimientosCuenta.nro_movimiento=documento.nro_movimiento JOIN cliente_movimientos AS cliente ON MovimientosCuenta.nro_movimiento=cliente.nro_movimiento WHERE documento.nro_Doc=1  AND cliente.id_cliente IS NOT  NULL ; select * from cliente_movimientos; select * from documento_movimiento
Save/Update: select * from LineaFactura WHERE  LineaFactura.nro_factura=1  AND  LineaFactura.tipo_factura='B' AND  LineaFactura.nro_sucursal=2  
Save/Update: select * from Articulos WHERE  Articulos.cod_articulo=1  ; select * from lista_precios WHERE borrado = 0
Save/Update: select * from Articulos WHERE  Articulos.cod_articulo=2  ; select * from lista_precios WHERE borrado = 0
Save/Update: select * from Cliente WHERE  Cliente.id_cliente=1  ; select * from cliente_movimientos; select * from Pedido WHERE borrado = 0; select * from Factura WHERE borrado = 0; select * from Diseño WHERE borrado = 0
Save/Update: select * from Usuario WHERE  Usuario.usuarioID=1  ; select * from JoinUsuarioToFamilia; select * from JoinPatenteToUsuario
Save/Update: select * from MovimientosCuenta JOIN documento_movimiento AS documento ON MovimientosCuenta.nro_movimiento=documento.nro_movimiento JOIN cliente_movimientos AS cliente ON MovimientosCuenta.nro_movimiento=cliente.nro_movimiento WHERE documento.nro_Doc=2  AND cliente.id_cliente IS NOT  NULL ; select * from cliente_movimientos; select * from documento_movimiento
Save/Update: DELETE LineaFactura WHERE nro_factura=2  AND nro_sucursal=1  AND tipo_factura='A' AND nro_linea=1  
Save/Update: DELETE LineaFactura WHERE nro_factura=2  AND nro_sucursal=1  AND tipo_factura='A' AND nro_linea=2  
Save/Update: DELETE cliente_movimientos where nro_movimiento=4  ; DELETE documento_movimiento where nro_movimiento=4  ; ;DELETE MovimientosCuenta WHERE nro_movimiento=4  
Save/Update: DELETE FROM Factura WHERE nro_Doc =5
Save/Update: delete documento where nro_doc=5</StdOut>
      </Output>
    </UnitTestResult>
    <UnitTestResult executionId="ce07a40d-4a00-495c-aa01-ecb2da2fed03" testId="c1679918-c36e-2cbe-87a9-96506a9b38f9" testName="ListarPrendasTest" computerName="DIEGO-PC" duration="00:00:00.0024573" startTime="2012-11-19T01:14:31.1311476-03:00" endTime="2012-11-19T01:14:31.1411482-03:00" testType="13cdc9d9-ddb5-4fa4-a97d-d965ccfc6d4b" outcome="Passed" testListId="8c84fa94-04c1-424b-9868-57a2d4851a1d" relativeResultsDirectory="ce07a40d-4a00-495c-aa01-ecb2da2fed03">
      <Output>
        <StdOut>Save/Update: select * from TipoPrenda</StdOut>
      </Output>
    </UnitTestResult>
    <UnitTestResult executionId="b8ac67c2-3c29-4422-891a-599f26e8cd48" testId="c17e6f29-704e-75d9-e266-2faaf40f3e21" testName="calcularDistanciaEntreTrabajosTest1" computerName="DIEGO-PC" duration="00:00:00.0026466" startTime="2012-11-19T01:14:31.1431483-03:00" endTime="2012-11-19T01:14:31.1531489-03:00" testType="13cdc9d9-ddb5-4fa4-a97d-d965ccfc6d4b" outcome="Passed" testListId="8c84fa94-04c1-424b-9868-57a2d4851a1d" relativeResultsDirectory="b8ac67c2-3c29-4422-891a-599f26e8cd48">
      <Output>
        <StdOut>Save/Update: DELETE produccion_operador WHERE id_operador=2  AND cod_prodcuccion=7  
Save/Update: DELETE historico_estados_produccion WHERE nro_estado=1  AND cod_produccion=7  
Save/Update: DELETE historico_estados_produccion WHERE nro_estado=2  AND cod_produccion=7  
Save/Update: DELETE produccion WHERE cod_produccion=7</StdOut>
      </Output>
    </UnitTestResult>
    <UnitTestResult executionId="107963d6-7712-444e-b9ce-5f7f357197e3" testId="c27245e1-4f05-55df-8c6f-e38fa3d47902" testName="grabarFacturaTest" computerName="DIEGO-PC" duration="00:00:00.0199917" startTime="2012-11-19T01:14:31.1551490-03:00" endTime="2012-11-19T01:14:31.1811505-03:00" testType="13cdc9d9-ddb5-4fa4-a97d-d965ccfc6d4b" outcome="Passed" testListId="8c84fa94-04c1-424b-9868-57a2d4851a1d" relativeResultsDirectory="107963d6-7712-444e-b9ce-5f7f357197e3">
      <Output>
        <StdOut>Save/Update: SELECT  ISNULL(MAX(nro_Doc + 1),1) from documento
Save/Update: INSERT INTO documento VALUES (5)
Save/Update: SELECT  ISNULL(MAX(nro_factura + 1),1) from Factura WHERE nro_sucursal=1 AND tipo_factura='A'
Save/Update: INSERT INTO Factura (nro_Doc, iva, fecha, borrado, nro_factura, nro_sucursal, tipo_factura, id_cliente, monto) VALUES (5 , 1.1,  CAST('13/10/2012 21:44:12.000'  AS DateTime), 0 , 2 , 1 , 'A', 2 , 100); UPDATE LineaFactura SET borrado=1 WHERE nro_factura=2  AND nro_sucursal=1  AND tipo_factura='A' ; 
Save/Update: SELECT  ISNULL(MAX(nro_linea + 1),1) from LineaFactura WHERE nro_factura=2 AND nro_sucursal=1 AND tipo_factura='A'
Save/Update: INSERT INTO LineaFactura (nro_factura, nro_sucursal, tipo_factura, nro_linea, cod_producto, cantidad, precio, borrado) VALUES (2 , 1 , 'A', 1 , 2 , 10 , 50, 0 ); 
Save/Update: SELECT  ISNULL(MAX(nro_movimiento + 1),1) from MovimientosCuenta
Save/Update: INSERT INTO MovimientosCuenta (nro_movimiento, comentario, fecha, monto, cuentaID, tipoMovimientoID) VALUES (4 , 'com test',  CAST('13/10/2012 21:44:12.000'  AS DateTime), 100, 1 , 1 ); DELETE cliente_movimientos where nro_movimiento=4  ;  INSERT INTO cliente_movimientos ( nro_movimiento, id_cliente) VALUES ( 4 , 2 ); DELETE documento_movimiento where nro_movimiento=4  ;  INSERT INTO documento_movimiento ( nro_movimiento, nro_Doc) VALUES ( 4 , 5 ); 
Save/Update: select * from Factura WHERE  Factura.nro_factura=2  AND  Factura.nro_sucursal=1  AND  Factura.tipo_factura='A' ; select * from documento_movimiento; select * from LineaFactura WHERE borrado = 0
Save/Update: select * from LineaFactura WHERE  LineaFactura.nro_factura=2  AND  LineaFactura.tipo_factura='A' AND  LineaFactura.nro_sucursal=1  
Save/Update: select * from Articulos WHERE  Articulos.cod_articulo=2  ; select * from lista_precios WHERE borrado = 0
Save/Update: select * from Cliente WHERE  Cliente.id_cliente=2  ; select * from cliente_movimientos; select * from Pedido WHERE borrado = 0; select * from Factura WHERE borrado = 0; select * from Diseño WHERE borrado = 0
Save/Update: select * from Usuario WHERE  Usuario.usuarioID=2  ; select * from JoinUsuarioToFamilia; select * from JoinPatenteToUsuario
Save/Update: select * from MovimientosCuenta JOIN documento_movimiento AS documento ON MovimientosCuenta.nro_movimiento=documento.nro_movimiento JOIN cliente_movimientos AS cliente ON MovimientosCuenta.nro_movimiento=cliente.nro_movimiento WHERE documento.nro_Doc=5  AND cliente.id_cliente IS NOT  NULL ; select * from cliente_movimientos; select * from documento_movimiento
Save/Update: DELETE LineaFactura WHERE nro_factura=2  AND nro_sucursal=1  AND tipo_factura='A' AND nro_linea=1  
Save/Update: DELETE LineaFactura WHERE nro_factura=2  AND nro_sucursal=1  AND tipo_factura='A' AND nro_linea=2  
Save/Update: DELETE cliente_movimientos where nro_movimiento=4  ; DELETE documento_movimiento where nro_movimiento=4  ; ;DELETE MovimientosCuenta WHERE nro_movimiento=4  
Save/Update: DELETE FROM Factura WHERE nro_Doc =5
Save/Update: delete documento where nro_doc=5</StdOut>
      </Output>
    </UnitTestResult>
    <UnitTestResult executionId="de61cb1c-7cf5-4b41-832f-8402b75bb52b" testId="c2878fbd-4540-66f8-af38-853465e7a6aa" testName="cargarUsuarioPorFamiliaTest" computerName="DIEGO-PC" duration="00:00:00.0055410" startTime="2012-11-19T01:14:31.1831506-03:00" endTime="2012-11-19T01:14:31.1971514-03:00" testType="13cdc9d9-ddb5-4fa4-a97d-d965ccfc6d4b" outcome="Passed" testListId="8c84fa94-04c1-424b-9868-57a2d4851a1d" relativeResultsDirectory="de61cb1c-7cf5-4b41-832f-8402b75bb52b">
      <Output>
        <StdOut>Save/Update: select * from Usuario JOIN JoinUsuarioToFamilia AS familias ON Usuario.usuarioID=familias.usuarioID WHERE familias.familiaID=6  ; select * from JoinUsuarioToFamilia; select * from JoinPatenteToUsuario
Save/Update: DELETE JoinUsuarioToFamilia where usuarioID=6  ; DELETE JoinPatenteToUsuario where usuarioID=6  ; ;DELETE Usuario WHERE usuarioID=6  
Save/Update: UPDATE Usuario SET nombre='nombre5', apellido='apellido5', mail='mail5@test.com', password='pas5', telefonoFijo='5555-5555', telefonoMovil='5555-5555', bloqueado=0  WHERE usuarioID=5  ; DELETE JoinUsuarioToFamilia where usuarioID=5  ; DELETE JoinPatenteToUsuario where usuarioID=5  ;</StdOut>
      </Output>
    </UnitTestResult>
    <UnitTestResult executionId="0da61404-00df-4310-8b91-2d44f89dff1c" testId="c37440e9-11a5-99b5-8db4-69844a9128f1" testName="grabarTipoPedidosTest" computerName="DIEGO-PC" duration="00:00:00.0053137" startTime="2012-11-19T01:14:31.2011516-03:00" endTime="2012-11-19T01:14:31.2121523-03:00" testType="13cdc9d9-ddb5-4fa4-a97d-d965ccfc6d4b" outcome="Passed" testListId="8c84fa94-04c1-424b-9868-57a2d4851a1d" relativeResultsDirectory="0da61404-00df-4310-8b91-2d44f89dff1c">
      <Output>
        <StdOut>Save/Update: INSERT INTO tipoPedido (tipo_pedido, descripcion) VALUES (3 , 'tipo test'); 
Save/Update: select * from tipoPedido
Save/Update: DELETE tipoPedido WHERE tipo_pedido=3</StdOut>
      </Output>
    </UnitTestResult>
    <UnitTestResult executionId="3c64ab26-e5f9-41de-bfdf-95327772d492" testId="c40068e0-385e-bf45-abe2-9f61f6d3993f" testName="modificarMovimientosClienteTest" computerName="DIEGO-PC" duration="00:00:00.0106559" startTime="2012-11-19T01:14:31.2161525-03:00" endTime="2012-11-19T01:14:31.2331535-03:00" testType="13cdc9d9-ddb5-4fa4-a97d-d965ccfc6d4b" outcome="Passed" testListId="8c84fa94-04c1-424b-9868-57a2d4851a1d" relativeResultsDirectory="3c64ab26-e5f9-41de-bfdf-95327772d492">
      <Output>
        <StdOut>Save/Update: SELECT  ISNULL(MAX(nro_movimiento + 1),1) from MovimientosCuenta
Save/Update: INSERT INTO MovimientosCuenta (nro_movimiento, comentario, fecha, monto, cuentaID, tipoMovimientoID) VALUES (4 , 'com4',  CAST('19/11/2012 01:14:31.222'  AS DateTime), 33.3, 1 , 2 ); DELETE proveedor_movimientos where nro_movimiento=4  ;  INSERT INTO proveedor_movimientos ( nro_movimiento, id_proveedor) VALUES ( 4 , 2 ); DELETE documento_movimiento where nro_movimiento=4  ; 
Save/Update: select * from MovimientosCuenta JOIN proveedor_movimientos AS proveedor ON MovimientosCuenta.nro_movimiento=proveedor.nro_movimiento WHERE  MovimientosCuenta.nro_movimiento=4  AND  MovimientosCuenta.monto=33.3 AND proveedor.id_proveedor IS NOT  NULL ; select * from proveedor_movimientos; select * from documento_movimiento
Save/Update: UPDATE MovimientosCuenta SET comentario='com4', fecha= CAST('19/11/2012 01:14:31.223'  AS DateTime), monto=33.3, cuentaID=1 , tipoMovimientoID=2  WHERE nro_movimiento=4  ; DELETE proveedor_movimientos where nro_movimiento=4  ;  INSERT INTO proveedor_movimientos ( nro_movimiento, id_proveedor) VALUES ( 4 , 3 ); DELETE documento_movimiento where nro_movimiento=4  ; 
Save/Update: select * from MovimientosCuenta JOIN proveedor_movimientos AS proveedor ON MovimientosCuenta.nro_movimiento=proveedor.nro_movimiento WHERE  MovimientosCuenta.nro_movimiento=4  AND  MovimientosCuenta.monto=33.3 AND proveedor.id_proveedor IS NOT  NULL AND proveedor.id_proveedor IS NOT  NULL ; select * from proveedor_movimientos; select * from documento_movimiento
Save/Update: DELETE proveedor_movimientos where nro_movimiento=4  ; DELETE documento_movimiento where nro_movimiento=4  ; ;DELETE MovimientosCuenta WHERE nro_movimiento=4</StdOut>
      </Output>
    </UnitTestResult>
    <UnitTestResult executionId="af65b71b-b7ed-4615-9350-93a5738683ce" testId="c6a2f7ad-0298-580e-2fa3-bbb6c9b28898" testName="listarFacturasPorIdTest" computerName="DIEGO-PC" duration="00:00:00.0107710" startTime="2012-11-19T01:14:31.2371537-03:00" endTime="2012-11-19T01:14:31.2531546-03:00" testType="13cdc9d9-ddb5-4fa4-a97d-d965ccfc6d4b" outcome="Passed" testListId="8c84fa94-04c1-424b-9868-57a2d4851a1d" relativeResultsDirectory="af65b71b-b7ed-4615-9350-93a5738683ce">
      <Output>
        <StdOut>Save/Update: select * from Factura WHERE  Factura.nro_factura=1  AND  Factura.nro_sucursal=1  AND  Factura.tipo_factura='A' ; select * from documento_movimiento; select * from LineaFactura WHERE borrado = 0
Save/Update: select * from LineaFactura WHERE  LineaFactura.nro_factura=1  AND  LineaFactura.tipo_factura='A' AND  LineaFactura.nro_sucursal=1  
Save/Update: select * from Articulos WHERE  Articulos.cod_articulo=1  ; select * from lista_precios WHERE borrado = 0
Save/Update: select * from Articulos WHERE  Articulos.cod_articulo=2  ; select * from lista_precios WHERE borrado = 0
Save/Update: select * from Cliente WHERE  Cliente.id_cliente=1  ; select * from cliente_movimientos; select * from Pedido WHERE borrado = 0; select * from Factura WHERE borrado = 0; select * from Diseño WHERE borrado = 0
Save/Update: select * from Usuario WHERE  Usuario.usuarioID=1  ; select * from JoinUsuarioToFamilia; select * from JoinPatenteToUsuario
Save/Update: select * from MovimientosCuenta JOIN documento_movimiento AS documento ON MovimientosCuenta.nro_movimiento=documento.nro_movimiento JOIN cliente_movimientos AS cliente ON MovimientosCuenta.nro_movimiento=cliente.nro_movimiento WHERE documento.nro_Doc=1  AND cliente.id_cliente IS NOT  NULL ; select * from cliente_movimientos; select * from documento_movimiento
Save/Update: DELETE LineaFactura WHERE nro_factura=2  AND nro_sucursal=1  AND tipo_factura='A' AND nro_linea=1  
Save/Update: DELETE LineaFactura WHERE nro_factura=2  AND nro_sucursal=1  AND tipo_factura='A' AND nro_linea=2  
Save/Update: DELETE cliente_movimientos where nro_movimiento=4  ; DELETE documento_movimiento where nro_movimiento=4  ; ;DELETE MovimientosCuenta WHERE nro_movimiento=4  
Save/Update: DELETE FROM Factura WHERE nro_Doc =5
Save/Update: delete documento where nro_doc=5</StdOut>
      </Output>
    </UnitTestResult>
    <UnitTestResult executionId="4ed77f66-95e2-4a49-900b-42bc827fa5b0" testId="c6f9c8d4-b42f-f506-2486-8ec3f82f78d3" testName="cargarFamiliasTest" computerName="DIEGO-PC" duration="00:00:00.0026113" startTime="2012-11-19T01:14:31.2571549-03:00" endTime="2012-11-19T01:14:31.2661554-03:00" testType="13cdc9d9-ddb5-4fa4-a97d-d965ccfc6d4b" outcome="Passed" testListId="8c84fa94-04c1-424b-9868-57a2d4851a1d" relativeResultsDirectory="4ed77f66-95e2-4a49-900b-42bc827fa5b0">
      <Output>
        <StdOut>Save/Update: select * from Familia; select * from JoinFamiliaToPatente</StdOut>
      </Output>
    </UnitTestResult>
    <UnitTestResult executionId="4fb288ea-6592-4cce-b787-cec563012812" testId="c736d05f-3776-7117-cc83-8e6ae9b75cf4" testName="cargarMovimientosConRestriccionesTest" computerName="DIEGO-PC" duration="00:00:00.0084667" startTime="2012-11-19T01:14:31.2701556-03:00" endTime="2012-11-19T01:14:31.2841564-03:00" testType="13cdc9d9-ddb5-4fa4-a97d-d965ccfc6d4b" outcome="Passed" testListId="8c84fa94-04c1-424b-9868-57a2d4851a1d" relativeResultsDirectory="4fb288ea-6592-4cce-b787-cec563012812">
      <Output>
        <StdOut>Save/Update: select * from MovimientosCuenta JOIN cliente_movimientos AS cliente ON MovimientosCuenta.nro_movimiento=cliente.nro_movimiento WHERE  MovimientosCuenta.nro_movimiento=1  AND  MovimientosCuenta.comentario LIKE '%m1%'AND  MovimientosCuenta.fecha= CAST('11/11/2011 00:00:00.000'  AS DateTime) AND  MovimientosCuenta.monto&gt;=5 AND  MovimientosCuenta.monto&lt;=15 AND  MovimientosCuenta.cuentaID=1  AND  MovimientosCuenta.tipoMovimientoID=1  AND cliente.id_cliente=1  AND cliente.id_cliente IS NOT  NULL ; select * from cliente_movimientos; select * from documento_movimiento
Save/Update: DELETE cliente_movimientos where nro_movimiento=4  ; DELETE documento_movimiento where nro_movimiento=4  ; ;DELETE MovimientosCuenta WHERE nro_movimiento=4</StdOut>
      </Output>
    </UnitTestResult>
    <UnitTestResult executionId="014a62e8-9e18-486c-9291-75cbbb304347" testId="c9059140-bd68-daef-e19b-ffc08869ca24" testName="borrarMovimientosTest" computerName="DIEGO-PC" duration="00:00:00.0058399" startTime="2012-11-19T01:14:31.2891567-03:00" endTime="2012-11-19T01:14:31.3011574-03:00" testType="13cdc9d9-ddb5-4fa4-a97d-d965ccfc6d4b" outcome="Passed" testListId="8c84fa94-04c1-424b-9868-57a2d4851a1d" relativeResultsDirectory="014a62e8-9e18-486c-9291-75cbbb304347">
      <Output>
        <StdOut>Save/Update: SELECT  ISNULL(MAX(nro_movimiento + 1),1) from MovimientosStock WHERE cod_insumo=1
Save/Update: INSERT INTO MovimientosStock (nro_movimiento, cod_insumo, tipo, fecha, cantidad) VALUES (3 , 1 , 1 ,  CAST('11/11/2012 00:00:00.000'  AS DateTime), 15); 
Save/Update: select * from MovimientosStock WHERE  MovimientosStock.cod_insumo=1  AND  MovimientosStock.nro_movimiento=3  
Save/Update: DELETE MovimientosStock WHERE nro_movimiento=3  AND cod_insumo=1  
Save/Update: select * from MovimientosStock WHERE  MovimientosStock.cod_insumo=1  AND  MovimientosStock.nro_movimiento=3  
Save/Update: DELETE MovimientosStock WHERE nro_movimiento=3  AND cod_insumo=1</StdOut>
      </Output>
    </UnitTestResult>
    <UnitTestResult executionId="f9bb50ce-c340-4958-9406-c4b5e3d1403c" testId="c928c59c-16e9-64be-3633-321da85248bf" testName="buscarDiseñoInsumoTest" computerName="DIEGO-PC" duration="00:00:00.0031498" startTime="2012-11-19T01:14:31.3041575-03:00" endTime="2012-11-19T01:14:31.3141581-03:00" testType="13cdc9d9-ddb5-4fa4-a97d-d965ccfc6d4b" outcome="Passed" testListId="8c84fa94-04c1-424b-9868-57a2d4851a1d" relativeResultsDirectory="f9bb50ce-c340-4958-9406-c4b5e3d1403c">
      <Output>
        <StdOut>Save/Update: select * from Diseño_insumos
Save/Update: DELETE Diseño_insumos WHERE cod_diseño=2  AND cod_insumo=1</StdOut>
      </Output>
    </UnitTestResult>
    <UnitTestResult executionId="d3da28bb-ec95-4198-8c42-eca2d0aac186" testId="c931a490-990c-5326-1530-0428c428a145" testName="listarMovimientosPorClienteTest" computerName="DIEGO-PC" duration="00:00:00.0278720" startTime="2012-11-19T01:14:31.3171583-03:00" endTime="2012-11-19T01:14:31.3521603-03:00" testType="13cdc9d9-ddb5-4fa4-a97d-d965ccfc6d4b" outcome="Passed" testListId="8c84fa94-04c1-424b-9868-57a2d4851a1d" relativeResultsDirectory="d3da28bb-ec95-4198-8c42-eca2d0aac186">
      <Output>
        <StdOut>Save/Update: select * from MovimientosCuenta JOIN cliente_movimientos AS cliente ON MovimientosCuenta.nro_movimiento=cliente.nro_movimiento WHERE cliente.id_cliente IS NOT  NULL ; select * from cliente_movimientos; select * from documento_movimiento
Save/Update: select * from Cliente WHERE  Cliente.id_cliente=1  ; select * from cliente_movimientos; select * from Pedido WHERE borrado = 0; select * from Factura WHERE borrado = 0; select * from Diseño WHERE borrado = 0
Save/Update: select * from Usuario WHERE  Usuario.usuarioID=1  ; select * from JoinUsuarioToFamilia; select * from JoinPatenteToUsuario
Save/Update: select * from Familia JOIN JoinUsuarioToFamilia AS usuarios ON Familia.familiaID=usuarios.familiaID WHERE usuarios.usuarioID=1  ; select * from JoinFamiliaToPatente
Save/Update: select * from Patente JOIN JoinPatenteToUsuario AS usuario ON Patente.patenteId=usuario.patenteId WHERE usuario.usuarioID=1  
Save/Update: select * from Cliente WHERE  Cliente.usuarioID=1  ; select * from cliente_movimientos; select * from Pedido WHERE borrado = 0; select * from Factura WHERE borrado = 0; select * from Diseño WHERE borrado = 0
Save/Update: select * from Diseño WHERE  Diseño.id_cliente=1  ; select * from historico_estados_diseño WHERE borrado = 0
Save/Update: select * from Factura WHERE  Factura.id_cliente=1  ; select * from documento_movimiento; select * from LineaFactura WHERE borrado = 0
Save/Update: select * from Pedido WHERE  Pedido.id_cliente=1  ; select * from produccion WHERE borrado = 0; select * from historico_estados_pedido WHERE borrado = 0
Save/Update: select * from MovimientosCuenta JOIN cliente_movimientos AS cliente ON MovimientosCuenta.nro_movimiento=cliente.nro_movimiento WHERE cliente.id_cliente=1  AND cliente.id_cliente IS NOT  NULL ; select * from cliente_movimientos; select * from documento_movimiento
Save/Update: select * from Factura WHERE  Factura.nro_Doc=1  ; select * from documento_movimiento; select * from LineaFactura WHERE borrado = 0
Save/Update: select * from tipoMovimiento WHERE  tipoMovimiento.tipoMovimientoID=1  
Save/Update: select * from Cuenta WHERE  Cuenta.cuentaID=1  
Save/Update: select * from Cliente WHERE  Cliente.id_cliente=1  ; select * from cliente_movimientos; select * from Pedido WHERE borrado = 0; select * from Factura WHERE borrado = 0; select * from Diseño WHERE borrado = 0
Save/Update: select * from Usuario WHERE  Usuario.usuarioID=1  ; select * from JoinUsuarioToFamilia; select * from JoinPatenteToUsuario
Save/Update: select * from Familia JOIN JoinUsuarioToFamilia AS usuarios ON Familia.familiaID=usuarios.familiaID WHERE usuarios.usuarioID=1  ; select * from JoinFamiliaToPatente
Save/Update: select * from Patente JOIN JoinPatenteToUsuario AS usuario ON Patente.patenteId=usuario.patenteId WHERE usuario.usuarioID=1  
Save/Update: select * from Cliente WHERE  Cliente.usuarioID=1  ; select * from cliente_movimientos; select * from Pedido WHERE borrado = 0; select * from Factura WHERE borrado = 0; select * from Diseño WHERE borrado = 0
Save/Update: select * from Diseño WHERE  Diseño.id_cliente=1  ; select * from historico_estados_diseño WHERE borrado = 0
Save/Update: select * from Factura WHERE  Factura.id_cliente=1  ; select * from documento_movimiento; select * from LineaFactura WHERE borrado = 0
Save/Update: select * from Pedido WHERE  Pedido.id_cliente=1  ; select * from produccion WHERE borrado = 0; select * from historico_estados_pedido WHERE borrado = 0
Save/Update: select * from MovimientosCuenta JOIN cliente_movimientos AS cliente ON MovimientosCuenta.nro_movimiento=cliente.nro_movimiento WHERE cliente.id_cliente=1  AND cliente.id_cliente IS NOT  NULL ; select * from cliente_movimientos; select * from documento_movimiento
Save/Update: select * from tipoMovimiento WHERE  tipoMovimiento.tipoMovimientoID=1  
Save/Update: select * from Cuenta WHERE  Cuenta.cuentaID=1  
Save/Update: DELETE cliente_movimientos where nro_movimiento=4  ; DELETE documento_movimiento where nro_movimiento=4  ; ;DELETE MovimientosCuenta WHERE nro_movimiento=4</StdOut>
      </Output>
    </UnitTestResult>
    <UnitTestResult executionId="2f67d784-0965-4da0-add7-8c4b63a4e96b" testId="c96dfb21-7af5-153f-a5d2-8445e5fcca59" testName="cargarMaquinasConRestriccionesTest" computerName="DIEGO-PC" duration="00:00:00.0071877" startTime="2012-11-19T01:14:31.3561605-03:00" endTime="2012-11-19T01:14:31.3691613-03:00" testType="13cdc9d9-ddb5-4fa4-a97d-d965ccfc6d4b" outcome="Passed" testListId="8c84fa94-04c1-424b-9868-57a2d4851a1d" relativeResultsDirectory="2f67d784-0965-4da0-add7-8c4b63a4e96b">
      <Output>
        <StdOut>Save/Update: select * from Maquina WHERE  Maquina.cod_maquina=1  AND  Maquina.altoMargen&lt;=20  AND  Maquina.anchoMargen&gt;=10  AND  Maquina.cabezales=1  AND  Maquina.nombre LIKE '%e1%'AND  Maquina.velocidadPromedio&gt;=111  AND  Maquina.cantidadColores&gt;=2  ; select * from JoinMaquinaToTipoPrenda
Save/Update: DELETE JoinMaquinaToTipoPrenda where cod_maquina=4  ; ;DELETE Maquina WHERE cod_maquina=4</StdOut>
      </Output>
    </UnitTestResult>
    <UnitTestResult executionId="a49492ff-eef2-4fab-9326-59230735bbec" testId="cab5d754-b046-c047-88d8-b763f582d340" testName="buscarOperadoresTest" computerName="DIEGO-PC" duration="00:00:00.0026031" startTime="2012-11-19T01:14:31.3741615-03:00" endTime="2012-11-19T01:14:31.3831621-03:00" testType="13cdc9d9-ddb5-4fa4-a97d-d965ccfc6d4b" outcome="Passed" testListId="8c84fa94-04c1-424b-9868-57a2d4851a1d" relativeResultsDirectory="a49492ff-eef2-4fab-9326-59230735bbec">
      <Output>
        <StdOut>Save/Update: select * from operador
Save/Update: DELETE operador WHERE id_Operador=3</StdOut>
      </Output>
    </UnitTestResult>
    <UnitTestResult executionId="de82780d-4abd-4d6f-ac35-df090860f5b8" testId="cb0676d4-b73b-00c6-8824-aa32bdf40010" testName="calcularFinalizacionTest" computerName="DIEGO-PC" duration="00:00:00.0024886" startTime="2012-11-19T01:14:31.3881623-03:00" endTime="2012-11-19T01:14:31.3961628-03:00" testType="13cdc9d9-ddb5-4fa4-a97d-d965ccfc6d4b" outcome="Passed" testListId="8c84fa94-04c1-424b-9868-57a2d4851a1d" relativeResultsDirectory="de82780d-4abd-4d6f-ac35-df090860f5b8">
      <Output>
        <StdOut>Save/Update: DELETE produccion_operador WHERE id_operador=2  AND cod_prodcuccion=7  
Save/Update: DELETE historico_estados_produccion WHERE nro_estado=1  AND cod_produccion=7  
Save/Update: DELETE historico_estados_produccion WHERE nro_estado=2  AND cod_produccion=7  
Save/Update: DELETE produccion WHERE cod_produccion=7</StdOut>
      </Output>
    </UnitTestResult>
    <UnitTestResult executionId="37a4591e-00c6-4187-8849-a5440ce1990c" testId="cb68f00e-cb19-bf47-0657-80219e1c9cfa" testName="borrarTest" computerName="DIEGO-PC" duration="00:00:00.0072751" startTime="2012-11-19T01:14:31.4021631-03:00" endTime="2012-11-19T01:14:31.4141638-03:00" testType="13cdc9d9-ddb5-4fa4-a97d-d965ccfc6d4b" outcome="Passed" testListId="8c84fa94-04c1-424b-9868-57a2d4851a1d" relativeResultsDirectory="37a4591e-00c6-4187-8849-a5440ce1990c">
      <Output>
        <StdOut>Save/Update: SELECT  ISNULL(MAX(id + 1),1) from Mensaje
Save/Update: INSERT INTO Mensaje (id, tipoMensaje, fecha, mensaje, leido, borrado, id_conversacion) VALUES (5 , 0 ,  CAST('19/11/2012 01:14:31.407'  AS DateTime), 'test msj grabarMensajeTest', 0 , 0 , 1 ); 
Save/Update: select * from Mensaje WHERE  Mensaje.id_conversacion=1  
Save/Update: DELETE Mensaje WHERE id=5  
Save/Update: select * from Mensaje WHERE  Mensaje.id_conversacion=1</StdOut>
      </Output>
    </UnitTestResult>
    <UnitTestResult executionId="0c26ee6e-8114-4a55-94ed-5c03d0786984" testId="cb854ea1-43fe-4e51-b3cc-ba77c8dba841" testName="buscarArticulosConRestriccionesTest" computerName="DIEGO-PC" duration="00:00:00.0120640" startTime="2012-11-19T01:14:31.4201642-03:00" endTime="2012-11-19T01:14:31.4391653-03:00" testType="13cdc9d9-ddb5-4fa4-a97d-d965ccfc6d4b" outcome="Passed" testListId="8c84fa94-04c1-424b-9868-57a2d4851a1d" relativeResultsDirectory="0c26ee6e-8114-4a55-94ed-5c03d0786984">
      <Output>
        <StdOut>Save/Update: select * from Articulos WHERE  Articulos.cod_articulo=1  AND  Articulos.comentario='com1' AND  Articulos.diseñoID=1  AND  Articulos.precioActual=2.1 AND  Articulos.tipoPrendaID=1  AND  Articulos.produccion=10  ; select * from lista_precios WHERE borrado = 0
Save/Update: DELETE Articulos WHERE cod_articulo=4</StdOut>
      </Output>
    </UnitTestResult>
    <UnitTestResult executionId="4e45c33e-dedb-4b2a-a796-1bc58db4f3f3" testId="cc6fe6c4-963e-60ba-9611-8e531f6502c5" testName="cargarClientePorFacturaTest" computerName="DIEGO-PC" duration="00:00:00.0151766" startTime="2012-11-19T01:14:31.4441655-03:00" endTime="2012-11-19T01:14:31.4651667-03:00" testType="13cdc9d9-ddb5-4fa4-a97d-d965ccfc6d4b" outcome="Passed" testListId="8c84fa94-04c1-424b-9868-57a2d4851a1d" relativeResultsDirectory="4e45c33e-dedb-4b2a-a796-1bc58db4f3f3">
      <Output>
        <StdOut>Save/Update: select * from Cliente JOIN Factura AS facturas ON Cliente.id_cliente=facturas.id_cliente JOIN Diseño AS diseño ON Cliente.id_cliente=diseño.id_cliente JOIN cliente_movimientos AS movimientosCuentaCorriente ON Cliente.id_cliente=movimientosCuentaCorriente.id_cliente WHERE facturas.nro_Doc=1  AND diseño.cod_diseño=2  AND movimientosCuentaCorriente.nro_movimiento=1  AND  Cliente.newsletter=0  ; select * from cliente_movimientos; select * from Pedido WHERE borrado = 0; select * from Factura WHERE borrado = 0; select * from Diseño WHERE borrado = 0</StdOut>
      </Output>
    </UnitTestResult>
    <UnitTestResult executionId="fc7949e4-cfc2-4eb8-a4ce-9cc56e343f4b" testId="ccb6e01a-8e1d-d753-d587-f8c1f14a9dc4" testName="grabarNewsletterTest" computerName="DIEGO-PC" duration="00:00:00.0047797" startTime="2012-11-19T01:14:31.4701670-03:00" endTime="2012-11-19T01:14:31.4811677-03:00" testType="13cdc9d9-ddb5-4fa4-a97d-d965ccfc6d4b" outcome="Passed" testListId="8c84fa94-04c1-424b-9868-57a2d4851a1d" relativeResultsDirectory="fc7949e4-cfc2-4eb8-a4ce-9cc56e343f4b">
      <Output>
        <StdOut>Save/Update: SELECT  ISNULL(MAX(id + 1),1) from newsletter
Save/Update: INSERT INTO newsletter (id, newsletter, nombre, enviado) VALUES (3 , 'html', 'news3', 0 ); 
Save/Update: select * from newsletter
Save/Update: DELETE newsletter WHERE id=3</StdOut>
      </Output>
    </UnitTestResult>
    <UnitTestResult executionId="8931afd4-65c3-41c3-93e6-61acb5487888" testId="ccbeee50-2d58-025b-2df8-75ec6a26b781" testName="buscarNewsletterPorNombreTest" computerName="DIEGO-PC" duration="00:00:00.0020900" startTime="2012-11-19T01:14:31.4831678-03:00" endTime="2012-11-19T01:14:31.4921683-03:00" testType="13cdc9d9-ddb5-4fa4-a97d-d965ccfc6d4b" outcome="Passed" testListId="8c84fa94-04c1-424b-9868-57a2d4851a1d" relativeResultsDirectory="8931afd4-65c3-41c3-93e6-61acb5487888">
      <Output>
        <StdOut>Save/Update: select * from newsletter WHERE  newsletter.nombre='news1'</StdOut>
      </Output>
    </UnitTestResult>
    <UnitTestResult executionId="fdeb48dc-2e54-4d92-8f47-c2e4954cb2d3" testId="cdf27cc7-0312-7eab-0024-7c2c609d9e03" testName="actualizarProduccionTest" computerName="DIEGO-PC" duration="00:00:00.0238440" startTime="2012-11-19T01:14:31.4961685-03:00" endTime="2012-11-19T01:14:31.5261702-03:00" testType="13cdc9d9-ddb5-4fa4-a97d-d965ccfc6d4b" outcome="Passed" testListId="8c84fa94-04c1-424b-9868-57a2d4851a1d" relativeResultsDirectory="fdeb48dc-2e54-4d92-8f47-c2e4954cb2d3">
      <Output>
        <StdOut>Save/Update: SELECT  ISNULL(MAX(cod_produccion + 1),1) from produccion
Save/Update: INSERT INTO produccion (cod_produccion, comentario, cod_pedido, cod_maquina, cod_articulo, cantidad, estadoActual, utilizacion, fechaInicio, fechaFinal, borrado) VALUES (7 , 'com test', 3 , 3 , 3 , 10 , 1 , 1,  CAST('09/10/2012 10:00:00.000'  AS DateTime),  CAST('09/10/2012 14:00:00.000'  AS DateTime), 0 ); UPDATE historico_estados_produccion SET borrado=1 WHERE cod_produccion=7  ; 
Save/Update: SELECT  ISNULL(MAX(nro_estado + 1),1) from historico_estados_produccion WHERE cod_produccion=7
Save/Update: INSERT INTO historico_estados_produccion (nro_estado, comentario, cod_produccion, fechaDesde, fechaHasta, estado, borrado) VALUES (1 , 'com test', 7 ,  CAST('19/11/2012 01:14:31.506'  AS DateTime),  NULL , 1 , 0 ); 
Save/Update: select * from produccion WHERE  produccion.cod_produccion=7  ; select * from historico_estados_produccion WHERE borrado = 0
Save/Update: select * from Pedido WHERE  Pedido.cod_pedido=3  ; select * from produccion WHERE borrado = 0; select * from historico_estados_pedido WHERE borrado = 0
Save/Update: select * from Maquina WHERE  Maquina.cod_maquina=3  ; select * from JoinMaquinaToTipoPrenda
Save/Update: select * from Articulos WHERE  Articulos.cod_articulo=3  ; select * from lista_precios WHERE borrado = 0
Save/Update: select * from EstadoTrabajos WHERE  EstadoTrabajos.cod_estado=1  
Save/Update: select * from historico_estados_produccion WHERE  historico_estados_produccion.cod_produccion=7  
Save/Update: select * from produccion_operador WHERE  produccion_operador.cod_prodcuccion=7  
Save/Update: UPDATE produccion SET comentario='com test', cod_pedido=3 , cod_maquina=3 , cod_articulo=3 , cantidad=10 , estadoActual=1 , utilizacion=1, fechaInicio= CAST('09/10/2012 10:00:00.000'  AS DateTime), fechaFinal= CAST('09/10/2012 14:00:00.000'  AS DateTime), borrado=0  WHERE cod_produccion=7  ; UPDATE historico_estados_produccion SET borrado=1 WHERE cod_produccion=7  ; 
Save/Update: INSERT INTO produccion_operador (id_operador, cod_prodcuccion, porcentaje) VALUES (2 , 7 , 100 ); 
Save/Update: UPDATE historico_estados_produccion SET comentario='com test', fechaDesde= CAST('19/11/2012 01:14:31.507'  AS DateTime), fechaHasta= CAST('09/10/2012 14:00:00.000'  AS DateTime), estado=1 , borrado=0  WHERE nro_estado=1  AND cod_produccion=7  ; 
Save/Update: SELECT  ISNULL(MAX(nro_estado + 1),1) from historico_estados_produccion WHERE cod_produccion=7
Save/Update: INSERT INTO historico_estados_produccion (nro_estado, comentario, cod_produccion, fechaDesde, fechaHasta, estado, borrado) VALUES (2 , 'com test', 7 ,  CAST('19/11/2012 01:14:31.513'  AS DateTime),  NULL , 3 , 0 ); 
Save/Update: select * from produccion WHERE  produccion.cod_produccion=7  ; select * from historico_estados_produccion WHERE borrado = 0
Save/Update: select * from Pedido WHERE  Pedido.cod_pedido=3  ; select * from produccion WHERE borrado = 0; select * from historico_estados_pedido WHERE borrado = 0
Save/Update: select * from Maquina WHERE  Maquina.cod_maquina=3  ; select * from JoinMaquinaToTipoPrenda
Save/Update: select * from Articulos WHERE  Articulos.cod_articulo=3  ; select * from lista_precios WHERE borrado = 0
Save/Update: select * from EstadoTrabajos WHERE  EstadoTrabajos.cod_estado=1  
Save/Update: select * from historico_estados_produccion WHERE  historico_estados_produccion.cod_produccion=7  
Save/Update: select * from produccion_operador WHERE  produccion_operador.cod_prodcuccion=7  
Save/Update: DELETE produccion_operador WHERE id_operador=2  AND cod_prodcuccion=7  
Save/Update: DELETE historico_estados_produccion WHERE nro_estado=1  AND cod_produccion=7  
Save/Update: DELETE historico_estados_produccion WHERE nro_estado=2  AND cod_produccion=7  
Save/Update: DELETE produccion WHERE cod_produccion=7</StdOut>
      </Output>
    </UnitTestResult>
    <UnitTestResult executionId="cb09b2d9-6de0-42e5-b7b8-941094c49ca1" testId="ce459473-fe89-efb8-04f6-e4458eb5deac" testName="listarFacturasPorClienteTest" computerName="DIEGO-PC" duration="00:00:00.0166870" startTime="2012-11-19T01:14:31.5321706-03:00" endTime="2012-11-19T01:14:31.5551719-03:00" testType="13cdc9d9-ddb5-4fa4-a97d-d965ccfc6d4b" outcome="Passed" testListId="8c84fa94-04c1-424b-9868-57a2d4851a1d" relativeResultsDirectory="cb09b2d9-6de0-42e5-b7b8-941094c49ca1">
      <Output>
        <StdOut>Save/Update: select * from Factura WHERE  Factura.id_cliente=1  ; select * from documento_movimiento; select * from LineaFactura WHERE borrado = 0
Save/Update: select * from LineaFactura WHERE  LineaFactura.nro_factura=1  AND  LineaFactura.tipo_factura='A' AND  LineaFactura.nro_sucursal=1  
Save/Update: select * from Articulos WHERE  Articulos.cod_articulo=1  ; select * from lista_precios WHERE borrado = 0
Save/Update: select * from Articulos WHERE  Articulos.cod_articulo=2  ; select * from lista_precios WHERE borrado = 0
Save/Update: select * from Cliente WHERE  Cliente.id_cliente=1  ; select * from cliente_movimientos; select * from Pedido WHERE borrado = 0; select * from Factura WHERE borrado = 0; select * from Diseño WHERE borrado = 0
Save/Update: select * from Usuario WHERE  Usuario.usuarioID=1  ; select * from JoinUsuarioToFamilia; select * from JoinPatenteToUsuario
Save/Update: select * from MovimientosCuenta JOIN documento_movimiento AS documento ON MovimientosCuenta.nro_movimiento=documento.nro_movimiento JOIN cliente_movimientos AS cliente ON MovimientosCuenta.nro_movimiento=cliente.nro_movimiento WHERE documento.nro_Doc=1  AND cliente.id_cliente IS NOT  NULL ; select * from cliente_movimientos; select * from documento_movimiento
Save/Update: select * from LineaFactura WHERE  LineaFactura.nro_factura=1  AND  LineaFactura.tipo_factura='B' AND  LineaFactura.nro_sucursal=2  
Save/Update: select * from Articulos WHERE  Articulos.cod_articulo=1  ; select * from lista_precios WHERE borrado = 0
Save/Update: select * from Articulos WHERE  Articulos.cod_articulo=2  ; select * from lista_precios WHERE borrado = 0
Save/Update: select * from Cliente WHERE  Cliente.id_cliente=1  ; select * from cliente_movimientos; select * from Pedido WHERE borrado = 0; select * from Factura WHERE borrado = 0; select * from Diseño WHERE borrado = 0
Save/Update: select * from Usuario WHERE  Usuario.usuarioID=1  ; select * from JoinUsuarioToFamilia; select * from JoinPatenteToUsuario
Save/Update: select * from MovimientosCuenta JOIN documento_movimiento AS documento ON MovimientosCuenta.nro_movimiento=documento.nro_movimiento JOIN cliente_movimientos AS cliente ON MovimientosCuenta.nro_movimiento=cliente.nro_movimiento WHERE documento.nro_Doc=2  AND cliente.id_cliente IS NOT  NULL ; select * from cliente_movimientos; select * from documento_movimiento
Save/Update: DELETE LineaFactura WHERE nro_factura=2  AND nro_sucursal=1  AND tipo_factura='A' AND nro_linea=1  
Save/Update: DELETE LineaFactura WHERE nro_factura=2  AND nro_sucursal=1  AND tipo_factura='A' AND nro_linea=2  
Save/Update: DELETE cliente_movimientos where nro_movimiento=4  ; DELETE documento_movimiento where nro_movimiento=4  ; ;DELETE MovimientosCuenta WHERE nro_movimiento=4  
Save/Update: DELETE FROM Factura WHERE nro_Doc =5
Save/Update: delete documento where nro_doc=5</StdOut>
      </Output>
    </UnitTestResult>
    <UnitTestResult executionId="521dccf7-e7e7-4876-bbb0-be6757af6e5f" testId="ceeacb60-5ff3-0690-b3df-e29e915ef784" testName="grabarMaquinaTest" computerName="DIEGO-PC" duration="00:00:00.0074182" startTime="2012-11-19T01:14:31.5601722-03:00" endTime="2012-11-19T01:14:31.5741730-03:00" testType="13cdc9d9-ddb5-4fa4-a97d-d965ccfc6d4b" outcome="Passed" testListId="8c84fa94-04c1-424b-9868-57a2d4851a1d" relativeResultsDirectory="521dccf7-e7e7-4876-bbb0-be6757af6e5f">
      <Output>
        <StdOut>Save/Update: SELECT  ISNULL(MAX(cod_maquina + 1),1) from Maquina
Save/Update: INSERT INTO Maquina (cod_maquina, altoMargen, anchoMargen, cabezales, nombre, velocidadPromedio, cantidadColores) VALUES (4 , 100 , 200 , 12 , 'nombre nuevo', 1000 , 12 ); DELETE JoinMaquinaToTipoPrenda where cod_maquina=4  ;  INSERT INTO JoinMaquinaToTipoPrenda ( cod_maquina, tipo_prenda) VALUES ( 4 , 1 );  INSERT INTO JoinMaquinaToTipoPrenda ( cod_maquina, tipo_prenda) VALUES ( 4 , 2 ); 
Save/Update: select * from Maquina WHERE  Maquina.cod_maquina=4  ; select * from JoinMaquinaToTipoPrenda
Save/Update: select * from TipoPrenda WHERE  TipoPrenda.tipo_prenda=1  
Save/Update: select * from TipoPrenda WHERE  TipoPrenda.tipo_prenda=2  
Save/Update: DELETE JoinMaquinaToTipoPrenda where cod_maquina=4  ; ;DELETE Maquina WHERE cod_maquina=4  
Save/Update: delete from JoinMaquinaToTipoPrenda where cod_maquina=4</StdOut>
      </Output>
    </UnitTestResult>
    <UnitTestResult executionId="892c729b-f6d8-42ab-8e53-d916222488f4" testId="cf88dd92-747e-1a79-8f2c-fc0e3f9b0004" testName="listarMovimientosTest" computerName="DIEGO-PC" duration="00:00:00.0237557" startTime="2012-11-19T01:14:31.5791733-03:00" endTime="2012-11-19T01:14:31.6101750-03:00" testType="13cdc9d9-ddb5-4fa4-a97d-d965ccfc6d4b" outcome="Passed" testListId="8c84fa94-04c1-424b-9868-57a2d4851a1d" relativeResultsDirectory="892c729b-f6d8-42ab-8e53-d916222488f4">
      <Output>
        <StdOut>Save/Update: select * from MovimientosCuenta JOIN cliente_movimientos AS cliente ON MovimientosCuenta.nro_movimiento=cliente.nro_movimiento WHERE cliente.id_cliente IS NOT  NULL ; select * from cliente_movimientos; select * from documento_movimiento
Save/Update: select * from Cliente WHERE  Cliente.id_cliente=1  ; select * from cliente_movimientos; select * from Pedido WHERE borrado = 0; select * from Factura WHERE borrado = 0; select * from Diseño WHERE borrado = 0
Save/Update: select * from Usuario WHERE  Usuario.usuarioID=1  ; select * from JoinUsuarioToFamilia; select * from JoinPatenteToUsuario
Save/Update: select * from Familia JOIN JoinUsuarioToFamilia AS usuarios ON Familia.familiaID=usuarios.familiaID WHERE usuarios.usuarioID=1  ; select * from JoinFamiliaToPatente
Save/Update: select * from Patente JOIN JoinPatenteToUsuario AS usuario ON Patente.patenteId=usuario.patenteId WHERE usuario.usuarioID=1  
Save/Update: select * from Cliente WHERE  Cliente.usuarioID=1  ; select * from cliente_movimientos; select * from Pedido WHERE borrado = 0; select * from Factura WHERE borrado = 0; select * from Diseño WHERE borrado = 0
Save/Update: select * from Diseño WHERE  Diseño.id_cliente=1  ; select * from historico_estados_diseño WHERE borrado = 0
Save/Update: select * from Factura WHERE  Factura.id_cliente=1  ; select * from documento_movimiento; select * from LineaFactura WHERE borrado = 0
Save/Update: select * from Pedido WHERE  Pedido.id_cliente=1  ; select * from produccion WHERE borrado = 0; select * from historico_estados_pedido WHERE borrado = 0
Save/Update: select * from MovimientosCuenta JOIN cliente_movimientos AS cliente ON MovimientosCuenta.nro_movimiento=cliente.nro_movimiento WHERE cliente.id_cliente=1  AND cliente.id_cliente IS NOT  NULL ; select * from cliente_movimientos; select * from documento_movimiento
Save/Update: select * from Factura WHERE  Factura.nro_Doc=1  ; select * from documento_movimiento; select * from LineaFactura WHERE borrado = 0
Save/Update: select * from tipoMovimiento WHERE  tipoMovimiento.tipoMovimientoID=1  
Save/Update: select * from Cuenta WHERE  Cuenta.cuentaID=1  
Save/Update: select * from Cliente WHERE  Cliente.id_cliente=1  ; select * from cliente_movimientos; select * from Pedido WHERE borrado = 0; select * from Factura WHERE borrado = 0; select * from Diseño WHERE borrado = 0
Save/Update: select * from Usuario WHERE  Usuario.usuarioID=1  ; select * from JoinUsuarioToFamilia; select * from JoinPatenteToUsuario
Save/Update: select * from Familia JOIN JoinUsuarioToFamilia AS usuarios ON Familia.familiaID=usuarios.familiaID WHERE usuarios.usuarioID=1  ; select * from JoinFamiliaToPatente
Save/Update: select * from Patente JOIN JoinPatenteToUsuario AS usuario ON Patente.patenteId=usuario.patenteId WHERE usuario.usuarioID=1  
Save/Update: select * from Cliente WHERE  Cliente.usuarioID=1  ; select * from cliente_movimientos; select * from Pedido WHERE borrado = 0; select * from Factura WHERE borrado = 0; select * from Diseño WHERE borrado = 0
Save/Update: select * from Diseño WHERE  Diseño.id_cliente=1  ; select * from historico_estados_diseño WHERE borrado = 0
Save/Update: select * from Factura WHERE  Factura.id_cliente=1  ; select * from documento_movimiento; select * from LineaFactura WHERE borrado = 0
Save/Update: select * from Pedido WHERE  Pedido.id_cliente=1  ; select * from produccion WHERE borrado = 0; select * from historico_estados_pedido WHERE borrado = 0
Save/Update: select * from MovimientosCuenta JOIN cliente_movimientos AS cliente ON MovimientosCuenta.nro_movimiento=cliente.nro_movimiento WHERE cliente.id_cliente=1  AND cliente.id_cliente IS NOT  NULL ; select * from cliente_movimientos; select * from documento_movimiento
Save/Update: select * from tipoMovimiento WHERE  tipoMovimiento.tipoMovimientoID=1  
Save/Update: select * from Cuenta WHERE  Cuenta.cuentaID=1  
Save/Update: DELETE cliente_movimientos where nro_movimiento=4  ; DELETE documento_movimiento where nro_movimiento=4  ; ;DELETE MovimientosCuenta WHERE nro_movimiento=4</StdOut>
      </Output>
    </UnitTestResult>
    <UnitTestResult executionId="c379647a-885d-4cb4-acf6-4b0a0d15b42d" testId="cfd8c036-75a7-640f-488c-228d443acc6e" testName="listaPatentesPorUsuarioTest" computerName="DIEGO-PC" duration="00:00:00.0025262" startTime="2012-11-19T01:14:31.6171754-03:00" endTime="2012-11-19T01:14:31.6251759-03:00" testType="13cdc9d9-ddb5-4fa4-a97d-d965ccfc6d4b" outcome="Passed" testListId="8c84fa94-04c1-424b-9868-57a2d4851a1d" relativeResultsDirectory="c379647a-885d-4cb4-acf6-4b0a0d15b42d">
      <Output>
        <StdOut>Save/Update: select * from Patente JOIN JoinPatenteToUsuario AS usuario ON Patente.patenteId=usuario.patenteId WHERE usuario.usuarioID=3</StdOut>
      </Output>
    </UnitTestResult>
    <UnitTestResult executionId="3f72e74f-5e16-46ec-98cf-cc57354334f2" testId="d1a8787a-d877-64a2-00b1-470142ee8a14" testName="cargarFamiliasPorUsuarioTest" computerName="DIEGO-PC" duration="00:00:00.0037018" startTime="2012-11-19T01:14:31.6301762-03:00" endTime="2012-11-19T01:14:31.6421769-03:00" testType="13cdc9d9-ddb5-4fa4-a97d-d965ccfc6d4b" outcome="Passed" testListId="8c84fa94-04c1-424b-9868-57a2d4851a1d" relativeResultsDirectory="3f72e74f-5e16-46ec-98cf-cc57354334f2">
      <Output>
        <StdOut>Save/Update: select * from Familia JOIN JoinUsuarioToFamilia AS usuarios ON Familia.familiaID=usuarios.familiaID WHERE usuarios.usuarioID=3  ; select * from JoinFamiliaToPatente</StdOut>
      </Output>
    </UnitTestResult>
    <UnitTestResult executionId="b7f7fd44-6e40-475a-bcc9-28f8264dac3e" testId="d1b2634a-eb02-7f77-05de-c01ea104c115" testName="borrarClienteTest" computerName="DIEGO-PC" duration="00:00:00.0249884" startTime="2012-11-19T01:14:31.6491773-03:00" endTime="2012-11-19T01:14:31.6841793-03:00" testType="13cdc9d9-ddb5-4fa4-a97d-d965ccfc6d4b" outcome="Passed" testListId="8c84fa94-04c1-424b-9868-57a2d4851a1d" relativeResultsDirectory="b7f7fd44-6e40-475a-bcc9-28f8264dac3e">
      <Output>
        <StdOut>Save/Update: SELECT  ISNULL(MAX(usuarioID + 1),1) from Usuario
Save/Update: INSERT INTO Usuario (usuarioID, nombre, apellido, mail, password, telefonoFijo, telefonoMovil, bloqueado) VALUES (6 , 'nombre6', 'apellido6', 'mail6@test.com', '559D55197310', '6666-6666', '6666-6666', 0 ); DELETE JoinUsuarioToFamilia where usuarioID=6  ;  INSERT INTO JoinUsuarioToFamilia ( usuarioID, familiaID) VALUES ( 6 , 5 ); DELETE JoinPatenteToUsuario where usuarioID=6  ;  INSERT INTO JoinPatenteToUsuario ( usuarioID, patenteId) VALUES ( 6 , 3 ); 
Save/Update: SELECT  ISNULL(MAX(id_cliente + 1),1) from Cliente
Save/Update: INSERT INTO Cliente (id_cliente, habitadoTurnos, usuarioID, newsletter) VALUES (3 , 0 , 6 , 1 ); UPDATE Pedido SET borrado=1 WHERE id_cliente=3  ; UPDATE Factura SET borrado=1 WHERE id_cliente=3  ; UPDATE Diseño SET borrado=1 WHERE id_cliente=3  ; 
Save/Update: select * from Cliente WHERE  Cliente.id_cliente=3  ; select * from cliente_movimientos; select * from Pedido WHERE borrado = 0; select * from Factura WHERE borrado = 0; select * from Diseño WHERE borrado = 0
Save/Update: select * from Usuario WHERE  Usuario.usuarioID=6  ; select * from JoinUsuarioToFamilia; select * from JoinPatenteToUsuario
Save/Update: select * from Familia JOIN JoinUsuarioToFamilia AS usuarios ON Familia.familiaID=usuarios.familiaID WHERE usuarios.usuarioID=6  ; select * from JoinFamiliaToPatente
Save/Update: select * from Patente JOIN JoinFamiliaToPatente AS familia ON Patente.patenteId=familia.patenteId WHERE familia.familiaID=5  
Save/Update: select * from Patente JOIN JoinPatenteToUsuario AS usuario ON Patente.patenteId=usuario.patenteId WHERE usuario.usuarioID=6  
Save/Update: select * from Cliente WHERE  Cliente.usuarioID=6  ; select * from cliente_movimientos; select * from Pedido WHERE borrado = 0; select * from Factura WHERE borrado = 0; select * from Diseño WHERE borrado = 0
Save/Update: select * from Diseño WHERE  Diseño.id_cliente=6  ; select * from historico_estados_diseño WHERE borrado = 0
Save/Update: select * from Factura WHERE  Factura.id_cliente=6  ; select * from documento_movimiento; select * from LineaFactura WHERE borrado = 0
Save/Update: select * from Pedido WHERE  Pedido.id_cliente=6  ; select * from produccion WHERE borrado = 0; select * from historico_estados_pedido WHERE borrado = 0
Save/Update: select * from MovimientosCuenta JOIN cliente_movimientos AS cliente ON MovimientosCuenta.nro_movimiento=cliente.nro_movimiento WHERE cliente.id_cliente=6  AND cliente.id_cliente IS NOT  NULL ; select * from cliente_movimientos; select * from documento_movimiento
Save/Update: DELETE cliente_movimientos where id_cliente=3  ; ;DELETE Cliente WHERE id_cliente=3  
Save/Update: DELETE JoinUsuarioToFamilia where usuarioID=6  ; DELETE JoinPatenteToUsuario where usuarioID=6  ; ;DELETE Usuario WHERE usuarioID=6  
Save/Update: select * from Cliente WHERE  Cliente.id_cliente=3  ; select * from cliente_movimientos; select * from Pedido WHERE borrado = 0; select * from Factura WHERE borrado = 0; select * from Diseño WHERE borrado = 0
Save/Update: UPDATE Usuario SET nombre='nombre1', apellido='apellido1', mail='mail1@test.com', password='11C8', telefonoFijo='1111-1111', telefonoMovil='1111-1111', bloqueado=0  WHERE usuarioID=1  ; DELETE JoinUsuarioToFamilia where usuarioID=1  ; DELETE JoinPatenteToUsuario where usuarioID=1  ; 
Save/Update: UPDATE Cliente SET habitadoTurnos=1 , newsletter=0  WHERE id_cliente=1  ; UPDATE Pedido SET borrado=1 WHERE id_cliente=1  ; UPDATE Factura SET borrado=1 WHERE id_cliente=1  ; UPDATE Diseño SET borrado=1 WHERE id_cliente=1  ; 
Save/Update:  UPDATE factura set borrado = 0 
Save/Update:  UPDATE diseño set borrado = 0 
Save/Update:  UPDATE pedido set borrado = 0 
Save/Update:  Insert into JoinPatenteToUsuario values (1,1)</StdOut>
      </Output>
    </UnitTestResult>
    <UnitTestResult executionId="cad08b12-622b-4568-9523-545cc4264dd6" testId="d2623342-49bb-a1e6-2415-8d8bba2b7ac4" testName="modificarArticulosTest" computerName="DIEGO-PC" duration="00:00:00.0154235" startTime="2012-11-19T01:14:31.6921797-03:00" endTime="2012-11-19T01:14:31.7151810-03:00" testType="13cdc9d9-ddb5-4fa4-a97d-d965ccfc6d4b" outcome="Passed" testListId="8c84fa94-04c1-424b-9868-57a2d4851a1d" relativeResultsDirectory="cad08b12-622b-4568-9523-545cc4264dd6">
      <Output>
        <StdOut>Save/Update: SELECT  ISNULL(MAX(cod_articulo + 1),1) from Articulos
Save/Update: INSERT INTO Articulos (cod_articulo, tipoPrendaID, diseñoID, comentario, produccion, precioActual, borrado) VALUES (4 , 2 , 2 , 'com4', 10 , 1.4, 0 ); UPDATE lista_precios SET borrado=1 WHERE cod_articulo=4  ; 
Save/Update: select * from Articulos WHERE  Articulos.cod_articulo=4  ; select * from lista_precios WHERE borrado = 0
Save/Update: UPDATE Articulos SET tipoPrendaID=2 , diseñoID=2 , comentario='com modificado', produccion=100 , precioActual=1.4, borrado=0  WHERE cod_articulo=4  ; UPDATE lista_precios SET borrado=1 WHERE cod_articulo=4  ; 
Save/Update: select * from Articulos WHERE  Articulos.cod_articulo=4  ; select * from lista_precios WHERE borrado = 0
Save/Update: DELETE Articulos WHERE cod_articulo=4</StdOut>
      </Output>
    </UnitTestResult>
    <UnitTestResult executionId="fb8430bc-bd08-438d-bdfb-25e08276dae1" testId="d2ff731c-908c-96c5-902b-39b6c7e680d7" testName="DataAccesObjectConstructorTest" computerName="DIEGO-PC" duration="00:00:00.0001897" startTime="2012-11-19T01:14:31.7211814-03:00" endTime="2012-11-19T01:14:31.7291819-03:00" testType="13cdc9d9-ddb5-4fa4-a97d-d965ccfc6d4b" outcome="Passed" testListId="8c84fa94-04c1-424b-9868-57a2d4851a1d" relativeResultsDirectory="fb8430bc-bd08-438d-bdfb-25e08276dae1">
    </UnitTestResult>
    <UnitTestResult executionId="d3841b4d-7296-48b4-9a86-e462006241e8" testId="d3580286-a69a-cc57-bea0-cea793fc0992" testName="listarOrdenDeComprasPorMovimientoTest" computerName="DIEGO-PC" duration="00:00:00.0086795" startTime="2012-11-19T01:14:31.7321820-03:00" endTime="2012-11-19T01:14:31.7471829-03:00" testType="13cdc9d9-ddb5-4fa4-a97d-d965ccfc6d4b" outcome="Passed" testListId="8c84fa94-04c1-424b-9868-57a2d4851a1d" relativeResultsDirectory="d3841b4d-7296-48b4-9a86-e462006241e8">
      <Output>
        <StdOut>Save/Update: select * from OrdenDeCompra WHERE  OrdenDeCompra.nro_Doc=3  ; select * from documento_movimiento; select * from LineaOrdenDeCompra WHERE borrado = 0
Save/Update: select * from LineaOrdenDeCompra WHERE  LineaOrdenDeCompra.nro_orden_compra=1  AND  LineaOrdenDeCompra.tipo_orden_compra='A' AND  LineaOrdenDeCompra.nro_sucursal=1  
Save/Update: select * from insumo WHERE  insumo.cod_insumo=1  
Save/Update: select * from insumo WHERE  insumo.cod_insumo=2  
Save/Update: select * from Proveedor WHERE  Proveedor.id_proveedor=1  
Save/Update: select * from MovimientosCuenta JOIN documento_movimiento AS documento ON MovimientosCuenta.nro_movimiento=documento.nro_movimiento JOIN proveedor_movimientos AS proveedor ON MovimientosCuenta.nro_movimiento=proveedor.nro_movimiento WHERE documento.nro_Doc=3  AND proveedor.id_proveedor IS NOT  NULL ; select * from proveedor_movimientos; select * from documento_movimiento
Save/Update: DELETE LineaOrdenDeCompra WHERE nro_orden_compra=2  AND nro_sucursal=1  AND tipo_orden_compra='A' AND nro_linea=1  
Save/Update: DELETE LineaOrdenDeCompra WHERE nro_orden_compra=2  AND nro_sucursal=1  AND tipo_orden_compra='A' AND nro_linea=2  
Save/Update: DELETE proveedor_movimientos where nro_movimiento=4  ; DELETE documento_movimiento where nro_movimiento=4  ; ;DELETE MovimientosCuenta WHERE nro_movimiento=4  
Save/Update: DELETE FROM OrdenDeCompra WHERE nro_Doc =5
Save/Update: delete documento where nro_doc=5</StdOut>
      </Output>
    </UnitTestResult>
    <UnitTestResult executionId="53c2b0ee-5995-4f01-afd1-176f4fe369b0" testId="d40feea3-8180-d822-1bc4-ef1286a37118" testName="cargarOrdenesDeComprasTest" computerName="DIEGO-PC" duration="00:00:00.0055062" startTime="2012-11-19T01:14:31.7511831-03:00" endTime="2012-11-19T01:14:31.7631838-03:00" testType="13cdc9d9-ddb5-4fa4-a97d-d965ccfc6d4b" outcome="Passed" testListId="8c84fa94-04c1-424b-9868-57a2d4851a1d" relativeResultsDirectory="53c2b0ee-5995-4f01-afd1-176f4fe369b0">
      <Output>
        <StdOut>Save/Update: select * from OrdenDeCompra; select * from documento_movimiento; select * from LineaOrdenDeCompra WHERE borrado = 0
Save/Update: delete OrdenDeCompra where nro_doc=5
Save/Update: delete documento where nro_doc=5</StdOut>
      </Output>
    </UnitTestResult>
    <UnitTestResult executionId="b3f7f0e8-dd7c-462a-a1fd-53732facba20" testId="d4992a93-c61f-e7a7-6c4a-4dd37d506f00" testName="listarMovimientosPorNroTest" computerName="DIEGO-PC" duration="00:00:00.0156087" startTime="2012-11-19T01:14:31.7681841-03:00" endTime="2012-11-19T01:14:31.7911854-03:00" testType="13cdc9d9-ddb5-4fa4-a97d-d965ccfc6d4b" outcome="Passed" testListId="8c84fa94-04c1-424b-9868-57a2d4851a1d" relativeResultsDirectory="b3f7f0e8-dd7c-462a-a1fd-53732facba20">
      <Output>
        <StdOut>Save/Update: select * from MovimientosCuenta JOIN cliente_movimientos AS cliente ON MovimientosCuenta.nro_movimiento=cliente.nro_movimiento WHERE  MovimientosCuenta.nro_movimiento=1  AND cliente.id_cliente IS NOT  NULL ; select * from cliente_movimientos; select * from documento_movimiento
Save/Update: select * from Cliente WHERE  Cliente.id_cliente=1  ; select * from cliente_movimientos; select * from Pedido WHERE borrado = 0; select * from Factura WHERE borrado = 0; select * from Diseño WHERE borrado = 0
Save/Update: select * from Usuario WHERE  Usuario.usuarioID=1  ; select * from JoinUsuarioToFamilia; select * from JoinPatenteToUsuario
Save/Update: select * from Familia JOIN JoinUsuarioToFamilia AS usuarios ON Familia.familiaID=usuarios.familiaID WHERE usuarios.usuarioID=1  ; select * from JoinFamiliaToPatente
Save/Update: select * from Patente JOIN JoinPatenteToUsuario AS usuario ON Patente.patenteId=usuario.patenteId WHERE usuario.usuarioID=1  
Save/Update: select * from Cliente WHERE  Cliente.usuarioID=1  ; select * from cliente_movimientos; select * from Pedido WHERE borrado = 0; select * from Factura WHERE borrado = 0; select * from Diseño WHERE borrado = 0
Save/Update: select * from Diseño WHERE  Diseño.id_cliente=1  ; select * from historico_estados_diseño WHERE borrado = 0
Save/Update: select * from Factura WHERE  Factura.id_cliente=1  ; select * from documento_movimiento; select * from LineaFactura WHERE borrado = 0
Save/Update: select * from Pedido WHERE  Pedido.id_cliente=1  ; select * from produccion WHERE borrado = 0; select * from historico_estados_pedido WHERE borrado = 0
Save/Update: select * from MovimientosCuenta JOIN cliente_movimientos AS cliente ON MovimientosCuenta.nro_movimiento=cliente.nro_movimiento WHERE cliente.id_cliente=1  AND cliente.id_cliente IS NOT  NULL ; select * from cliente_movimientos; select * from documento_movimiento
Save/Update: select * from Factura WHERE  Factura.nro_Doc=1  ; select * from documento_movimiento; select * from LineaFactura WHERE borrado = 0
Save/Update: select * from tipoMovimiento WHERE  tipoMovimiento.tipoMovimientoID=1  
Save/Update: select * from Cuenta WHERE  Cuenta.cuentaID=1  
Save/Update: DELETE cliente_movimientos where nro_movimiento=4  ; DELETE documento_movimiento where nro_movimiento=4  ; ;DELETE MovimientosCuenta WHERE nro_movimiento=4</StdOut>
      </Output>
    </UnitTestResult>
    <UnitTestResult executionId="31b16f48-17fc-4b1b-99fd-e20e49f12e87" testId="d5a80f55-2074-60f0-99dc-1062cdfc3cee" testName="actualizarNewsletterTest" computerName="DIEGO-PC" duration="00:00:00.0040510" startTime="2012-11-19T01:14:31.7951856-03:00" endTime="2012-11-19T01:14:31.8051862-03:00" testType="13cdc9d9-ddb5-4fa4-a97d-d965ccfc6d4b" outcome="Passed" testListId="8c84fa94-04c1-424b-9868-57a2d4851a1d" relativeResultsDirectory="31b16f48-17fc-4b1b-99fd-e20e49f12e87">
      <Output>
        <StdOut>Save/Update: select * from newsletter WHERE  newsletter.nombre='news1' 
Save/Update: UPDATE newsletter SET newsletter='&lt;body background="#8A94AA"&gt;&lt;style type="text/css"&gt;&lt;!--body {	background-color: #8A94AA;}.txt-geral {	font-family: Georgia, Times New Roman, Times, serif;	font-size: 13px;}.style3 {	font-family: Georgia, Times New Roman, Times, serif;	font-size: 13px;	color:#003366;}.txt-geralp {	font-family: Georgia, Times New Roman, Times, serif;	font-size: 11px;}.style-grd {	font-family: Georgia, Times New Roman, Times, serif;	font-size: 18px;}--&gt; &lt;/style&gt;&lt;table width="600" border="0" align="center" cellpadding="0" cellspacing="0"&gt;  &lt;tr&gt;    &lt;td class="titulo3"&gt;&lt;img src="http://www.salvadorefilhos.pt/images/news/bg-topo.gif" alt="" width="600" height="21" /&gt;&lt;/td&gt;  &lt;/tr&gt;  &lt;tr&gt;    &lt;td align="center" bgcolor="#EEEBE0"&gt;&lt;div align="center"&gt;&lt;img src="http://www.salvadorefilhos.pt/images/news/img-topo.jpg" alt="Salvador &amp;amp; Filhos" width="600" height="206" border="0" /&gt;&lt;/div&gt;&lt;/td&gt;  &lt;/tr&gt;  &lt;tr&gt;    &lt;td bgcolor="#EEEBE0"&gt;&lt;table width="97%" border="0" align="center" cellpadding="0" cellspacing="16"&gt;      &lt;tr&gt;        &lt;td width="50%" height="34" valign="top" class="txt-geral"&gt;&lt;div class="style3"&gt;          &lt;p&gt;&lt;b&gt;UNIPROF&lt;/b&gt;&lt;/p&gt;          &lt;p&gt;&lt;b&gt;NEWSLETTER N&amp;ordm;9&lt;/b&gt;&lt;/p&gt;        &lt;/div&gt;&lt;/td&gt;        &lt;td width="50%" align="right" valign="top" class="txt-geral"&gt;&lt;img src="http://www.salvadorefilhos.pt/images/news/logo.gif" alt="Cristo Rei" width="99" height="66" /&gt;&lt;/td&gt;      &lt;/tr&gt;      &lt;tr&gt;        &lt;td colspan="2" valign="top" class="txt-geral"&gt;&lt;p align="center"&gt;&lt;img src="http://www.es.salvadorefilhos.pt/newsletter/images/tit-newsl9.gif" alt="Servicios Adicionales" width="550" height="100" /&gt;&lt;/p&gt;          	&lt;table width="100%" border="0" cellspacing="0" cellpadding="0"&gt;				&lt;tr&gt;					&lt;td width="60%" valign="top"&gt;&lt;h2&gt;&lt;span lang="ES-TRAD" xml:lang="ES-TRAD"&gt;&lt;strong&gt;Env&amp;iacute;o, recepci&amp;oacute;n&lt;/strong&gt;&lt;/span&gt;:&lt;/h2&gt;							&lt;ul&gt;								&lt;li&gt;&lt;span lang="ES-TRAD" xml:lang="ES-TRAD"&gt;Log&amp;iacute;stica de entrega y recogida de pedidos por nuestro   transportista especializado. &lt;/span&gt; &lt;/li&gt;								&lt;li&gt;&lt;span lang="ES-TRAD" xml:lang="ES-TRAD"&gt;Entregas r&amp;aacute;pidas. &lt;/span&gt; &lt;/li&gt;								&lt;li&gt;&lt;span lang="ES-TRAD" xml:lang="ES-TRAD"&gt;Trabajamos internacionalmente. &lt;/span&gt; &lt;/li&gt;								&lt;li&gt;&lt;span lang="ES-TRAD" xml:lang="ES-TRAD"&gt;Entrega directa a nuestros clientes.&lt;/span&gt;&lt;/li&gt;								&lt;/ul&gt;&lt;/td&gt;					&lt;td width="40%" align="right"&gt;&lt;img src="http://www.es.salvadorefilhos.pt/fotos/empresa/carrinho.gif" alt="Env&amp;iacute;o, recepci&amp;oacute;n" width="200" height="190" hspace="0" border="0" /&gt;&lt;/td&gt;				&lt;/tr&gt;				&lt;tr&gt;					&lt;td valign="top"&gt;&lt;h2&gt;&lt;br /&gt;						&lt;strong&gt;Embalaje&lt;/strong&gt;:&lt;/h2&gt;							&lt;ul&gt;								&lt;li&gt;&lt;span lang="ES-TRAD" xml:lang="ES-TRAD"&gt;Tenemos un servicio m&amp;aacute;s a la disponibilidad de nuestros clientes. &lt;/span&gt; &lt;/li&gt;								&lt;li&gt;&lt;span lang="ES-TRAD" xml:lang="ES-TRAD"&gt;Doblar y prensar las piezas personalizadas. &lt;/span&gt; &lt;/li&gt;								&lt;li&gt;&lt;span lang="ES-TRAD" xml:lang="ES-TRAD"&gt;Embalaje individual en una bolsa de pl&amp;aacute;stico. &lt;/span&gt; &lt;/li&gt;								&lt;li&gt;&lt;span lang="ES-TRAD" xml:lang="ES-TRAD"&gt;Embalaje m&amp;uacute;ltiple en una bolsa de pl&amp;aacute;stico. &lt;/span&gt; &lt;/li&gt;								&lt;li&gt;&lt;span lang="ES-TRAD" xml:lang="ES-TRAD"&gt;Embalaje en cajas de cart&amp;oacute;n&lt;/span&gt;&lt;/li&gt;								&lt;/ul&gt;&lt;/td&gt;					&lt;td align="right"&gt;&lt;br /&gt;							&lt;img src="http://www.es.salvadorefilhos.pt/fotos/empresa/embalagem.gif" alt="Embalaje" width="200" height="168" hspace="0" border="0" /&gt;&lt;/td&gt;				&lt;/tr&gt;				&lt;tr&gt;					&lt;td valign="top"&gt;&lt;h2&gt;&lt;br /&gt;						&lt;strong&gt;Control de calidad&lt;/strong&gt;:&lt;/h2&gt;							&lt;ul&gt;								&lt;li&gt;&lt;span lang="ES-TRAD" xml:lang="ES-TRAD"&gt;N&lt;/span&gt;uestros bordados son la prueba de la calidad y durabilidad,   colores s&amp;oacute;lidos y garantidos, calidad garantizada. &lt;/li&gt;								&lt;li&gt;Nuestros textiles son de un acabado de alta calidad, controlado y   probado. &lt;/li&gt;								&lt;li&gt;Control de calidad para todos nuestros art&amp;iacute;culos. &lt;/li&gt;								&lt;li&gt;La experiencia y conocimiento a su servicio. &lt;/li&gt;								&lt;li&gt;P&amp;oacute;nganos a prueba.&lt;/li&gt;								&lt;/ul&gt;&lt;/td&gt;					&lt;td align="right"&gt;&lt;br /&gt;							&lt;img height="200" alt="Control de calidad" src="http://www.es.salvadorefilhos.pt/fotos/empresa/maos.gif" width="200" border="0" /&gt;&lt;/td&gt;				&lt;/tr&gt;			&lt;/table&gt;          	&lt;p&gt;&lt;strong&gt;&amp;iexcl;&lt;a href=""&gt;Env&amp;iacute;enos su solicitud&lt;/a&gt;!&lt;img src="http://www.salvadorefilhos.pt/newsletter/images/download-es.gif" alt="Descargas, Diapositivos gratis" width="173" height="148" border="0" align="right" /&gt;&lt;/strong&gt;&lt;/b&gt;&lt;/p&gt;          &lt;p&gt;Descargue en su ordenador nuestro cat&amp;aacute;logo de hilos y lista de clis&amp;eacute;s en &lt;a href=""&gt;descargas&lt;/a&gt;. &lt;/p&gt;          &lt;p&gt; Calidad siempre em nuestros art&amp;iacute;culos garantizados y acabamiento especial.&lt;/p&gt;&lt;/td&gt;      &lt;/tr&gt;      &lt;tr&gt;        &lt;td colspan="2" valign="top" class="txt-geral"&gt;&lt;/td&gt;      &lt;/tr&gt;    &lt;/table&gt;    &lt;/td&gt;  &lt;/tr&gt;  &lt;tr&gt;   &lt;td&gt;&lt;img src="http://www.salvadorefilhos.pt/images/news/bg-bot.gif" alt="" width="600" height="50" /&gt;&lt;/td&gt;  &lt;/tr&gt;&lt;/table&gt;&lt;/body&gt;&lt;/html&gt;', nombre='news1', enviado=1  WHERE id=1  ; 
Save/Update: select * from newsletter WHERE  newsletter.id=1  
Save/Update: UPDATE newsletter SET newsletter='&lt;body background="#8A94AA"&gt;&lt;style type="text/css"&gt;&lt;!--body {	background-color: #8A94AA;}.txt-geral {	font-family: Georgia, Times New Roman, Times, serif;	font-size: 13px;}.style3 {	font-family: Georgia, Times New Roman, Times, serif;	font-size: 13px;	color:#003366;}.txt-geralp {	font-family: Georgia, Times New Roman, Times, serif;	font-size: 11px;}.style-grd {	font-family: Georgia, Times New Roman, Times, serif;	font-size: 18px;}--&gt; &lt;/style&gt;&lt;table width="600" border="0" align="center" cellpadding="0" cellspacing="0"&gt;  &lt;tr&gt;    &lt;td class="titulo3"&gt;&lt;img src="http://www.salvadorefilhos.pt/images/news/bg-topo.gif" alt="" width="600" height="21" /&gt;&lt;/td&gt;  &lt;/tr&gt;  &lt;tr&gt;    &lt;td align="center" bgcolor="#EEEBE0"&gt;&lt;div align="center"&gt;&lt;img src="http://www.salvadorefilhos.pt/images/news/img-topo.jpg" alt="Salvador &amp;amp; Filhos" width="600" height="206" border="0" /&gt;&lt;/div&gt;&lt;/td&gt;  &lt;/tr&gt;  &lt;tr&gt;    &lt;td bgcolor="#EEEBE0"&gt;&lt;table width="97%" border="0" align="center" cellpadding="0" cellspacing="16"&gt;      &lt;tr&gt;        &lt;td width="50%" height="34" valign="top" class="txt-geral"&gt;&lt;div class="style3"&gt;          &lt;p&gt;&lt;b&gt;UNIPROF&lt;/b&gt;&lt;/p&gt;          &lt;p&gt;&lt;b&gt;NEWSLETTER N&amp;ordm;9&lt;/b&gt;&lt;/p&gt;        &lt;/div&gt;&lt;/td&gt;        &lt;td width="50%" align="right" valign="top" class="txt-geral"&gt;&lt;img src="http://www.salvadorefilhos.pt/images/news/logo.gif" alt="Cristo Rei" width="99" height="66" /&gt;&lt;/td&gt;      &lt;/tr&gt;      &lt;tr&gt;        &lt;td colspan="2" valign="top" class="txt-geral"&gt;&lt;p align="center"&gt;&lt;img src="http://www.es.salvadorefilhos.pt/newsletter/images/tit-newsl9.gif" alt="Servicios Adicionales" width="550" height="100" /&gt;&lt;/p&gt;          	&lt;table width="100%" border="0" cellspacing="0" cellpadding="0"&gt;				&lt;tr&gt;					&lt;td width="60%" valign="top"&gt;&lt;h2&gt;&lt;span lang="ES-TRAD" xml:lang="ES-TRAD"&gt;&lt;strong&gt;Env&amp;iacute;o, recepci&amp;oacute;n&lt;/strong&gt;&lt;/span&gt;:&lt;/h2&gt;							&lt;ul&gt;								&lt;li&gt;&lt;span lang="ES-TRAD" xml:lang="ES-TRAD"&gt;Log&amp;iacute;stica de entrega y recogida de pedidos por nuestro   transportista especializado. &lt;/span&gt; &lt;/li&gt;								&lt;li&gt;&lt;span lang="ES-TRAD" xml:lang="ES-TRAD"&gt;Entregas r&amp;aacute;pidas. &lt;/span&gt; &lt;/li&gt;								&lt;li&gt;&lt;span lang="ES-TRAD" xml:lang="ES-TRAD"&gt;Trabajamos internacionalmente. &lt;/span&gt; &lt;/li&gt;								&lt;li&gt;&lt;span lang="ES-TRAD" xml:lang="ES-TRAD"&gt;Entrega directa a nuestros clientes.&lt;/span&gt;&lt;/li&gt;								&lt;/ul&gt;&lt;/td&gt;					&lt;td width="40%" align="right"&gt;&lt;img src="http://www.es.salvadorefilhos.pt/fotos/empresa/carrinho.gif" alt="Env&amp;iacute;o, recepci&amp;oacute;n" width="200" height="190" hspace="0" border="0" /&gt;&lt;/td&gt;				&lt;/tr&gt;				&lt;tr&gt;					&lt;td valign="top"&gt;&lt;h2&gt;&lt;br /&gt;						&lt;strong&gt;Embalaje&lt;/strong&gt;:&lt;/h2&gt;							&lt;ul&gt;								&lt;li&gt;&lt;span lang="ES-TRAD" xml:lang="ES-TRAD"&gt;Tenemos un servicio m&amp;aacute;s a la disponibilidad de nuestros clientes. &lt;/span&gt; &lt;/li&gt;								&lt;li&gt;&lt;span lang="ES-TRAD" xml:lang="ES-TRAD"&gt;Doblar y prensar las piezas personalizadas. &lt;/span&gt; &lt;/li&gt;								&lt;li&gt;&lt;span lang="ES-TRAD" xml:lang="ES-TRAD"&gt;Embalaje individual en una bolsa de pl&amp;aacute;stico. &lt;/span&gt; &lt;/li&gt;								&lt;li&gt;&lt;span lang="ES-TRAD" xml:lang="ES-TRAD"&gt;Embalaje m&amp;uacute;ltiple en una bolsa de pl&amp;aacute;stico. &lt;/span&gt; &lt;/li&gt;								&lt;li&gt;&lt;span lang="ES-TRAD" xml:lang="ES-TRAD"&gt;Embalaje en cajas de cart&amp;oacute;n&lt;/span&gt;&lt;/li&gt;								&lt;/ul&gt;&lt;/td&gt;					&lt;td align="right"&gt;&lt;br /&gt;							&lt;img src="http://www.es.salvadorefilhos.pt/fotos/empresa/embalagem.gif" alt="Embalaje" width="200" height="168" hspace="0" border="0" /&gt;&lt;/td&gt;				&lt;/tr&gt;				&lt;tr&gt;					&lt;td valign="top"&gt;&lt;h2&gt;&lt;br /&gt;						&lt;strong&gt;Control de calidad&lt;/strong&gt;:&lt;/h2&gt;							&lt;ul&gt;								&lt;li&gt;&lt;span lang="ES-TRAD" xml:lang="ES-TRAD"&gt;N&lt;/span&gt;uestros bordados son la prueba de la calidad y durabilidad,   colores s&amp;oacute;lidos y garantidos, calidad garantizada. &lt;/li&gt;								&lt;li&gt;Nuestros textiles son de un acabado de alta calidad, controlado y   probado. &lt;/li&gt;								&lt;li&gt;Control de calidad para todos nuestros art&amp;iacute;culos. &lt;/li&gt;								&lt;li&gt;La experiencia y conocimiento a su servicio. &lt;/li&gt;								&lt;li&gt;P&amp;oacute;nganos a prueba.&lt;/li&gt;								&lt;/ul&gt;&lt;/td&gt;					&lt;td align="right"&gt;&lt;br /&gt;							&lt;img height="200" alt="Control de calidad" src="http://www.es.salvadorefilhos.pt/fotos/empresa/maos.gif" width="200" border="0" /&gt;&lt;/td&gt;				&lt;/tr&gt;			&lt;/table&gt;          	&lt;p&gt;&lt;strong&gt;&amp;iexcl;&lt;a href=""&gt;Env&amp;iacute;enos su solicitud&lt;/a&gt;!&lt;img src="http://www.salvadorefilhos.pt/newsletter/images/download-es.gif" alt="Descargas, Diapositivos gratis" width="173" height="148" border="0" align="right" /&gt;&lt;/strong&gt;&lt;/b&gt;&lt;/p&gt;          &lt;p&gt;Descargue en su ordenador nuestro cat&amp;aacute;logo de hilos y lista de clis&amp;eacute;s en &lt;a href=""&gt;descargas&lt;/a&gt;. &lt;/p&gt;          &lt;p&gt; Calidad siempre em nuestros art&amp;iacute;culos garantizados y acabamiento especial.&lt;/p&gt;&lt;/td&gt;      &lt;/tr&gt;      &lt;tr&gt;        &lt;td colspan="2" valign="top" class="txt-geral"&gt;&lt;/td&gt;      &lt;/tr&gt;    &lt;/table&gt;    &lt;/td&gt;  &lt;/tr&gt;  &lt;tr&gt;   &lt;td&gt;&lt;img src="http://www.salvadorefilhos.pt/images/news/bg-bot.gif" alt="" width="600" height="50" /&gt;&lt;/td&gt;  &lt;/tr&gt;&lt;/table&gt;&lt;/body&gt;&lt;/html&gt;', nombre='news1', enviado=1  WHERE id=1  ;</StdOut>
      </Output>
    </UnitTestResult>
    <UnitTestResult executionId="128f6e5e-dd08-4b99-b445-e7342d443d79" testId="d5caf4bd-ddf9-d011-d96d-760e6d607d73" testName="buscarArticulosPorCodigoTest" computerName="DIEGO-PC" duration="00:00:00.0057580" startTime="2012-11-19T01:14:31.8101865-03:00" endTime="2012-11-19T01:14:31.8221872-03:00" testType="13cdc9d9-ddb5-4fa4-a97d-d965ccfc6d4b" outcome="Passed" testListId="8c84fa94-04c1-424b-9868-57a2d4851a1d" relativeResultsDirectory="128f6e5e-dd08-4b99-b445-e7342d443d79">
      <Output>
        <StdOut>Save/Update: select * from Articulos WHERE  Articulos.cod_articulo=1  ; select * from lista_precios WHERE borrado = 0
Save/Update: select * from lista_precios WHERE  lista_precios.cod_articulo=1  
Save/Update: select * from TipoPrenda WHERE  TipoPrenda.tipo_prenda=1  
Save/Update: select * from Diseño WHERE  Diseño.cod_diseño=1  ; select * from historico_estados_diseño WHERE borrado = 0
Save/Update: DELETE lista_precios WHERE nro_lista=1  AND cod_articulo=4  
Save/Update: DELETE lista_precios WHERE nro_lista=2  AND cod_articulo=4  
Save/Update: DELETE Articulos WHERE cod_articulo=4</StdOut>
      </Output>
    </UnitTestResult>
    <UnitTestResult executionId="68664d17-9e15-49e6-bd21-f47ea8d1bfbb" testId="d6a986e5-8b98-e2f2-cef0-92190831ed08" testName="borrarFamiliaTest" computerName="DIEGO-PC" duration="00:00:00.0062588" startTime="2012-11-19T01:14:31.8261874-03:00" endTime="2012-11-19T01:14:31.8391881-03:00" testType="13cdc9d9-ddb5-4fa4-a97d-d965ccfc6d4b" outcome="Passed" testListId="8c84fa94-04c1-424b-9868-57a2d4851a1d" relativeResultsDirectory="68664d17-9e15-49e6-bd21-f47ea8d1bfbb">
      <Output>
        <StdOut>Save/Update: INSERT INTO Familia (familiaID, descripcion, nombre) VALUES (7 , 'familia test', 'test'); DELETE JoinFamiliaToPatente where familiaID=7  ;  INSERT INTO JoinFamiliaToPatente ( familiaID, patenteId) VALUES ( 7 , 9 ); 
Save/Update: select * from Familia WHERE  Familia.familiaID=7  ; select * from JoinFamiliaToPatente
Save/Update: select * from Patente JOIN JoinFamiliaToPatente AS familia ON Patente.patenteId=familia.patenteId WHERE familia.familiaID=7  
Save/Update: DELETE JoinFamiliaToPatente where familiaID=7  ; ;DELETE Familia WHERE familiaID=7  
Save/Update: select * from Familia WHERE  Familia.familiaID=7  ; select * from JoinFamiliaToPatente</StdOut>
      </Output>
    </UnitTestResult>
    <UnitTestResult executionId="53e22845-add6-40ac-84eb-4d7adf62ffc8" testId="d6d7a27e-0988-cf60-1910-ee6f0eb6cf75" testName="modificarFacturasTest" computerName="DIEGO-PC" duration="00:00:00.0153592" startTime="2012-11-19T01:14:31.8431884-03:00" endTime="2012-11-19T01:14:31.8651896-03:00" testType="13cdc9d9-ddb5-4fa4-a97d-d965ccfc6d4b" outcome="Passed" testListId="8c84fa94-04c1-424b-9868-57a2d4851a1d" relativeResultsDirectory="53e22845-add6-40ac-84eb-4d7adf62ffc8">
      <Output>
        <StdOut>Save/Update: SELECT  ISNULL(MAX(nro_Doc + 1),1) from documento
Save/Update: INSERT INTO documento VALUES (5)
Save/Update: SELECT  ISNULL(MAX(nro_factura + 1),1) from Factura WHERE nro_sucursal=1 AND tipo_factura='A'
Save/Update: INSERT INTO Factura (nro_Doc, iva, fecha, borrado, nro_factura, nro_sucursal, tipo_factura, id_cliente, monto) VALUES (5 , 33.3,  CAST('19/11/2012 01:14:31.853'  AS DateTime), 0 , 2 , 1 , 'A', 2 , 33.3); UPDATE LineaFactura SET borrado=1 WHERE nro_factura=2  AND nro_sucursal=1  AND tipo_factura='A' ; 
Save/Update: select * from Factura WHERE  Factura.nro_Doc=5  ; select * from documento_movimiento; select * from LineaFactura WHERE borrado = 0
Save/Update: UPDATE Factura SET nro_Doc=5 , iva=25.5, fecha= CAST('19/11/2012 01:14:31.853'  AS DateTime), borrado=0 , id_cliente=2 , monto=33.3 WHERE nro_factura=2  AND nro_sucursal=1  AND tipo_factura='A' ; UPDATE LineaFactura SET borrado=1 WHERE nro_factura=2  AND nro_sucursal=1  AND tipo_factura='A' ; 
Save/Update: select * from Factura WHERE  Factura.nro_Doc=5  ; select * from documento_movimiento; select * from LineaFactura WHERE borrado = 0
Save/Update: delete Factura where nro_doc=5
Save/Update: delete documento where nro_doc=5</StdOut>
      </Output>
    </UnitTestResult>
    <UnitTestResult executionId="0e1e1f61-f5b4-484b-b957-a8995a44fb9f" testId="d708e39f-77d8-94a9-244f-7004fb181d58" testName="calcularPosiblesFechasTest" computerName="DIEGO-PC" duration="00:00:00.0498424" startTime="2012-11-19T01:14:31.8701899-03:00" endTime="2012-11-19T01:14:31.9251931-03:00" testType="13cdc9d9-ddb5-4fa4-a97d-d965ccfc6d4b" outcome="Passed" testListId="8c84fa94-04c1-424b-9868-57a2d4851a1d" relativeResultsDirectory="0e1e1f61-f5b4-484b-b957-a8995a44fb9f">
      <Output>
        <StdOut>Save/Update: select * from Articulos WHERE  Articulos.cod_articulo=1  ; select * from lista_precios WHERE borrado = 0
Save/Update: select * from lista_precios WHERE  lista_precios.cod_articulo=1  
Save/Update: select * from TipoPrenda WHERE  TipoPrenda.tipo_prenda=1  
Save/Update: select * from Diseño WHERE  Diseño.cod_diseño=1  ; select * from historico_estados_diseño WHERE borrado = 0
Save/Update: select * from Maquina JOIN JoinMaquinaToTipoPrenda AS tiposPrenda ON Maquina.cod_maquina=tiposPrenda.cod_maquina WHERE  Maquina.altoMargen&gt;=11  AND  Maquina.anchoMargen&gt;=11  AND  Maquina.cabezales&gt;=1  AND  Maquina.cantidadColores&gt;=0  AND tiposPrenda.tipo_prenda=1  ; select * from JoinMaquinaToTipoPrenda
Save/Update: select * from TipoPrenda WHERE  TipoPrenda.tipo_prenda=1  
Save/Update: select * from TipoPrenda WHERE  TipoPrenda.tipo_prenda=2  
Save/Update: select * from TipoPrenda WHERE  TipoPrenda.tipo_prenda=3  
Save/Update: select * from TipoPrenda WHERE  TipoPrenda.tipo_prenda=1  
Save/Update: select * from TipoPrenda WHERE  TipoPrenda.tipo_prenda=2  
Save/Update: select * from TipoPrenda WHERE  TipoPrenda.tipo_prenda=3  
Save/Update: select * from TipoPrenda WHERE  TipoPrenda.tipo_prenda=1  
Save/Update: select * from TipoPrenda WHERE  TipoPrenda.tipo_prenda=2  
Save/Update: select * from TipoPrenda WHERE  TipoPrenda.tipo_prenda=3  
Save/Update: select * from produccion WHERE  produccion.cod_maquina=1  AND  produccion.fechaFinal&gt;= CAST('09/10/2012 11:00:00.000'  AS DateTime) ; select * from historico_estados_produccion WHERE borrado = 0
Save/Update: select * from Pedido WHERE  Pedido.cod_pedido=1  ; select * from produccion WHERE borrado = 0; select * from historico_estados_pedido WHERE borrado = 0
Save/Update: select * from Maquina WHERE  Maquina.cod_maquina=1  ; select * from JoinMaquinaToTipoPrenda
Save/Update: select * from Articulos WHERE  Articulos.cod_articulo=1  ; select * from lista_precios WHERE borrado = 0
Save/Update: select * from EstadoTrabajos WHERE  EstadoTrabajos.cod_estado=3  
Save/Update: select * from historico_estados_produccion WHERE  historico_estados_produccion.cod_produccion=1  
Save/Update: select * from produccion_operador WHERE  produccion_operador.cod_prodcuccion=1  
Save/Update: select * from Pedido WHERE  Pedido.cod_pedido=1  ; select * from produccion WHERE borrado = 0; select * from historico_estados_pedido WHERE borrado = 0
Save/Update: select * from Maquina WHERE  Maquina.cod_maquina=1  ; select * from JoinMaquinaToTipoPrenda
Save/Update: select * from Articulos WHERE  Articulos.cod_articulo=2  ; select * from lista_precios WHERE borrado = 0
Save/Update: select * from EstadoTrabajos WHERE  EstadoTrabajos.cod_estado=2  
Save/Update: select * from historico_estados_produccion WHERE  historico_estados_produccion.cod_produccion=2  
Save/Update: select * from produccion_operador WHERE  produccion_operador.cod_prodcuccion=2  
Save/Update: select * from Pedido WHERE  Pedido.cod_pedido=2  ; select * from produccion WHERE borrado = 0; select * from historico_estados_pedido WHERE borrado = 0
Save/Update: select * from Maquina WHERE  Maquina.cod_maquina=1  ; select * from JoinMaquinaToTipoPrenda
Save/Update: select * from Articulos WHERE  Articulos.cod_articulo=6  ; select * from lista_precios WHERE borrado = 0
Save/Update: select * from EstadoTrabajos WHERE  EstadoTrabajos.cod_estado=0  
Save/Update: select * from historico_estados_produccion WHERE  historico_estados_produccion.cod_produccion=5  
Save/Update: select * from produccion_operador WHERE  produccion_operador.cod_prodcuccion=5  
Save/Update: select * from produccion WHERE  produccion.cod_maquina=1  AND  produccion.fechaInicio&gt;= CAST('09/10/2012 14:00:00.000'  AS DateTime) ; select * from historico_estados_produccion WHERE borrado = 0
Save/Update: select * from Pedido WHERE  Pedido.cod_pedido=1  ; select * from produccion WHERE borrado = 0; select * from historico_estados_pedido WHERE borrado = 0
Save/Update: select * from Maquina WHERE  Maquina.cod_maquina=1  ; select * from JoinMaquinaToTipoPrenda
Save/Update: select * from Articulos WHERE  Articulos.cod_articulo=2  ; select * from lista_precios WHERE borrado = 0
Save/Update: select * from EstadoTrabajos WHERE  EstadoTrabajos.cod_estado=2  
Save/Update: select * from historico_estados_produccion WHERE  historico_estados_produccion.cod_produccion=2  
Save/Update: select * from produccion_operador WHERE  produccion_operador.cod_prodcuccion=2  
Save/Update: select * from Pedido WHERE  Pedido.cod_pedido=2  ; select * from produccion WHERE borrado = 0; select * from historico_estados_pedido WHERE borrado = 0
Save/Update: select * from Maquina WHERE  Maquina.cod_maquina=1  ; select * from JoinMaquinaToTipoPrenda
Save/Update: select * from Articulos WHERE  Articulos.cod_articulo=6  ; select * from lista_precios WHERE borrado = 0
Save/Update: select * from EstadoTrabajos WHERE  EstadoTrabajos.cod_estado=0  
Save/Update: select * from historico_estados_produccion WHERE  historico_estados_produccion.cod_produccion=5  
Save/Update: select * from produccion_operador WHERE  produccion_operador.cod_prodcuccion=5  
Save/Update: select * from produccion WHERE  produccion.cod_maquina=1  AND  produccion.fechaInicio&gt;= CAST('10/10/2012 12:00:00.000'  AS DateTime) ; select * from historico_estados_produccion WHERE borrado = 0
Save/Update: select * from Pedido WHERE  Pedido.cod_pedido=2  ; select * from produccion WHERE borrado = 0; select * from historico_estados_pedido WHERE borrado = 0
Save/Update: select * from Maquina WHERE  Maquina.cod_maquina=1  ; select * from JoinMaquinaToTipoPrenda
Save/Update: select * from Articulos WHERE  Articulos.cod_articulo=6  ; select * from lista_precios WHERE borrado = 0
Save/Update: select * from EstadoTrabajos WHERE  EstadoTrabajos.cod_estado=0  
Save/Update: select * from historico_estados_produccion WHERE  historico_estados_produccion.cod_produccion=5  
Save/Update: select * from produccion_operador WHERE  produccion_operador.cod_prodcuccion=5  
Save/Update: select * from produccion WHERE  produccion.cod_maquina=1  AND  produccion.fechaInicio&gt;= CAST('10/10/2012 16:00:00.000'  AS DateTime) ; select * from historico_estados_produccion WHERE borrado = 0
Save/Update: select * from produccion WHERE  produccion.cod_maquina=2  AND  produccion.fechaFinal&gt;= CAST('09/10/2012 11:00:00.000'  AS DateTime) ; select * from historico_estados_produccion WHERE borrado = 0
Save/Update: select * from Pedido WHERE  Pedido.cod_pedido=1  ; select * from produccion WHERE borrado = 0; select * from historico_estados_pedido WHERE borrado = 0
Save/Update: select * from Maquina WHERE  Maquina.cod_maquina=2  ; select * from JoinMaquinaToTipoPrenda
Save/Update: select * from Articulos WHERE  Articulos.cod_articulo=3  ; select * from lista_precios WHERE borrado = 0
Save/Update: select * from EstadoTrabajos WHERE  EstadoTrabajos.cod_estado=0  
Save/Update: select * from historico_estados_produccion WHERE  historico_estados_produccion.cod_produccion=3  
Save/Update: select * from produccion_operador WHERE  produccion_operador.cod_prodcuccion=3  
Save/Update: select * from produccion WHERE  produccion.cod_maquina=2  AND  produccion.fechaInicio&gt;= CAST('12/10/2012 18:00:00.000'  AS DateTime) ; select * from historico_estados_produccion WHERE borrado = 0
Save/Update: select * from produccion WHERE  produccion.cod_maquina=3  AND  produccion.fechaFinal&gt;= CAST('09/10/2012 11:00:00.000'  AS DateTime) ; select * from historico_estados_produccion WHERE borrado = 0
Save/Update: select * from Pedido WHERE  Pedido.cod_pedido=2  ; select * from produccion WHERE borrado = 0; select * from historico_estados_pedido WHERE borrado = 0
Save/Update: select * from Maquina WHERE  Maquina.cod_maquina=3  ; select * from JoinMaquinaToTipoPrenda
Save/Update: select * from Articulos WHERE  Articulos.cod_articulo=5  ; select * from lista_precios WHERE borrado = 0
Save/Update: select * from EstadoTrabajos WHERE  EstadoTrabajos.cod_estado=0  
Save/Update: select * from historico_estados_produccion WHERE  historico_estados_produccion.cod_produccion=4  
Save/Update: select * from produccion_operador WHERE  produccion_operador.cod_prodcuccion=4  
Save/Update: select * from Pedido WHERE  Pedido.cod_pedido=3  ; select * from produccion WHERE borrado = 0; select * from historico_estados_pedido WHERE borrado = 0
Save/Update: select * from Maquina WHERE  Maquina.cod_maquina=3  ; select * from JoinMaquinaToTipoPrenda
Save/Update: select * from Articulos WHERE  Articulos.cod_articulo=4  ; select * from lista_precios WHERE borrado = 0
Save/Update: select * from EstadoTrabajos WHERE  EstadoTrabajos.cod_estado=0  
Save/Update: select * from historico_estados_produccion WHERE  historico_estados_produccion.cod_produccion=6  
Save/Update: select * from produccion_operador WHERE  produccion_operador.cod_prodcuccion=6  
Save/Update: select * from produccion WHERE  produccion.cod_maquina=3  AND  produccion.fechaInicio&gt;= CAST('12/10/2012 13:00:00.000'  AS DateTime) ; select * from historico_estados_produccion WHERE borrado = 0
Save/Update: select * from Pedido WHERE  Pedido.cod_pedido=3  ; select * from produccion WHERE borrado = 0; select * from historico_estados_pedido WHERE borrado = 0
Save/Update: select * from Maquina WHERE  Maquina.cod_maquina=3  ; select * from JoinMaquinaToTipoPrenda
Save/Update: select * from Articulos WHERE  Articulos.cod_articulo=4  ; select * from lista_precios WHERE borrado = 0
Save/Update: select * from EstadoTrabajos WHERE  EstadoTrabajos.cod_estado=0  
Save/Update: select * from historico_estados_produccion WHERE  historico_estados_produccion.cod_produccion=6  
Save/Update: select * from produccion_operador WHERE  produccion_operador.cod_prodcuccion=6  
Save/Update: DELETE produccion_operador WHERE id_operador=2  AND cod_prodcuccion=7  
Save/Update: DELETE historico_estados_produccion WHERE nro_estado=1  AND cod_produccion=7  
Save/Update: DELETE historico_estados_produccion WHERE nro_estado=2  AND cod_produccion=7  
Save/Update: DELETE produccion WHERE cod_produccion=7</StdOut>
      </Output>
    </UnitTestResult>
    <UnitTestResult executionId="47ea397e-223c-4e6b-9cd2-48310f59b235" testId="d71a2e75-d02d-d52f-f44c-1c08c736ccf3" testName="buscarTodoTest" computerName="DIEGO-PC" duration="00:00:00.0065686" startTime="2012-11-19T01:14:31.9281932-03:00" endTime="2012-11-19T01:14:31.9411940-03:00" testType="13cdc9d9-ddb5-4fa4-a97d-d965ccfc6d4b" outcome="Passed" testListId="8c84fa94-04c1-424b-9868-57a2d4851a1d" relativeResultsDirectory="47ea397e-223c-4e6b-9cd2-48310f59b235">
      <Output>
        <StdOut>Save/Update: select * from produccion_operador</StdOut>
      </Output>
    </UnitTestResult>
    <UnitTestResult executionId="962b2dc7-a11a-41ab-bcf6-f7aa6ca34d9e" testId="d7c03cb5-500e-d7d9-da0b-0be2f4981b03" testName="buscarPorIdTest" computerName="DIEGO-PC" duration="00:00:00.0024156" startTime="2012-11-19T01:14:31.9451942-03:00" endTime="2012-11-19T01:14:31.9541947-03:00" testType="13cdc9d9-ddb5-4fa4-a97d-d965ccfc6d4b" outcome="Passed" testListId="8c84fa94-04c1-424b-9868-57a2d4851a1d" relativeResultsDirectory="962b2dc7-a11a-41ab-bcf6-f7aa6ca34d9e">
      <Output>
        <StdOut>Save/Update: select * from tipoInsumo WHERE  tipoInsumo.tipo_insumo=1</StdOut>
      </Output>
    </UnitTestResult>
    <UnitTestResult executionId="e7da9d09-9675-4c18-9c09-75d7cbe5aee3" testId="d9bcf618-cd6c-c93c-87f9-e64f86f63590" testName="actualizarTipoPrendaTest" computerName="DIEGO-PC" duration="00:00:00.0065781" startTime="2012-11-19T01:14:31.9581949-03:00" endTime="2012-11-19T01:14:31.9701956-03:00" testType="13cdc9d9-ddb5-4fa4-a97d-d965ccfc6d4b" outcome="Passed" testListId="8c84fa94-04c1-424b-9868-57a2d4851a1d" relativeResultsDirectory="e7da9d09-9675-4c18-9c09-75d7cbe5aee3">
      <Output>
        <StdOut>Save/Update: UPDATE TipoPrenda SET descripcion='Campera modificada' WHERE tipo_prenda=1  ; 
Save/Update: select * from TipoPrenda WHERE  TipoPrenda.tipo_prenda=1  
Save/Update: UPDATE TipoPrenda SET descripcion='Campera Armada' WHERE tipo_prenda=1  ;</StdOut>
      </Output>
    </UnitTestResult>
    <UnitTestResult executionId="e7330b5b-adc7-4007-9abc-94947e5571b3" testId="d9f16886-57f7-8858-0bb0-758babcd4a82" testName="cargarUsuarioConRestriccionesTest" computerName="DIEGO-PC" duration="00:00:00.0062788" startTime="2012-11-19T01:14:31.9751959-03:00" endTime="2012-11-19T01:14:31.9871966-03:00" testType="13cdc9d9-ddb5-4fa4-a97d-d965ccfc6d4b" outcome="Passed" testListId="8c84fa94-04c1-424b-9868-57a2d4851a1d" relativeResultsDirectory="e7330b5b-adc7-4007-9abc-94947e5571b3">
      <Output>
        <StdOut>Save/Update: select * from Usuario WHERE  Usuario.nombre LIKE '%bre1%'AND  Usuario.apellido LIKE '%ap%'AND  Usuario.mail LIKE '%@test%'AND  Usuario.telefonoFijo LIKE '%1-1%'AND  Usuario.telefonoMovil LIKE '%1-1%'; select * from JoinUsuarioToFamilia; select * from JoinPatenteToUsuario
Save/Update: select * from Familia JOIN JoinUsuarioToFamilia AS usuarios ON Familia.familiaID=usuarios.familiaID WHERE usuarios.usuarioID=1  ; select * from JoinFamiliaToPatente
Save/Update: select * from Patente JOIN JoinPatenteToUsuario AS usuario ON Patente.patenteId=usuario.patenteId WHERE usuario.usuarioID=1  
Save/Update: select * from Cliente WHERE  Cliente.usuarioID=1  ; select * from cliente_movimientos; select * from Pedido WHERE borrado = 0; select * from Factura WHERE borrado = 0; select * from Diseño WHERE borrado = 0</StdOut>
      </Output>
    </UnitTestResult>
    <UnitTestResult executionId="0794dd35-e283-4354-a008-f0f22ca1e9f6" testId="da9d278a-cb0f-a51b-e352-ed20685028b9" testName="calcularDistanciaEntreTrabajosTest3" computerName="DIEGO-PC" duration="00:00:00.0025003" startTime="2012-11-19T01:14:31.9881967-03:00" endTime="2012-11-19T01:14:31.9981972-03:00" testType="13cdc9d9-ddb5-4fa4-a97d-d965ccfc6d4b" outcome="Passed" testListId="8c84fa94-04c1-424b-9868-57a2d4851a1d" relativeResultsDirectory="0794dd35-e283-4354-a008-f0f22ca1e9f6">
      <Output>
        <StdOut>Save/Update: DELETE produccion_operador WHERE id_operador=2  AND cod_prodcuccion=7  
Save/Update: DELETE historico_estados_produccion WHERE nro_estado=1  AND cod_produccion=7  
Save/Update: DELETE historico_estados_produccion WHERE nro_estado=2  AND cod_produccion=7  
Save/Update: DELETE produccion WHERE cod_produccion=7</StdOut>
      </Output>
    </UnitTestResult>
    <UnitTestResult executionId="d87fbc65-44de-482e-83b8-b96eabd86d2f" testId="db7e1c98-1137-e435-bbb3-bf8f5402bfbf" testName="calcularDistanciaEntreTrabajosTest4" computerName="DIEGO-PC" duration="00:00:00.0033418" startTime="2012-11-19T01:14:32.0041976-03:00" endTime="2012-11-19T01:14:32.0151982-03:00" testType="13cdc9d9-ddb5-4fa4-a97d-d965ccfc6d4b" outcome="Passed" testListId="8c84fa94-04c1-424b-9868-57a2d4851a1d" relativeResultsDirectory="d87fbc65-44de-482e-83b8-b96eabd86d2f">
      <Output>
        <StdOut>Save/Update: DELETE produccion_operador WHERE id_operador=2  AND cod_prodcuccion=7  
Save/Update: DELETE historico_estados_produccion WHERE nro_estado=1  AND cod_produccion=7  
Save/Update: DELETE historico_estados_produccion WHERE nro_estado=2  AND cod_produccion=7  
Save/Update: DELETE produccion WHERE cod_produccion=7</StdOut>
      </Output>
    </UnitTestResult>
    <UnitTestResult executionId="37fca3e5-b23e-4eeb-a868-e8563a0e207e" testId="dba83ae6-c977-93af-bca8-afb2188d9d55" testName="actualizarTipoPrendaTest" computerName="DIEGO-PC" duration="00:00:00.0037349" startTime="2012-11-19T01:14:32.0181984-03:00" endTime="2012-11-19T01:14:32.0291990-03:00" testType="13cdc9d9-ddb5-4fa4-a97d-d965ccfc6d4b" outcome="Passed" testListId="8c84fa94-04c1-424b-9868-57a2d4851a1d" relativeResultsDirectory="37fca3e5-b23e-4eeb-a868-e8563a0e207e">
      <Output>
        <StdOut>Save/Update: UPDATE TipoPrenda SET descripcion='Campera modificada' WHERE tipo_prenda=1  ; 
Save/Update: select * from TipoPrenda WHERE  TipoPrenda.tipo_prenda=1  
Save/Update: UPDATE TipoPrenda SET descripcion='Campera Armada' WHERE tipo_prenda=1  ;</StdOut>
      </Output>
    </UnitTestResult>
    <UnitTestResult executionId="98014fc0-7fb2-4bb8-95d6-a5fb0a289ae8" testId="dc17c55e-f745-25bd-9dae-5c78f5bb2176" testName="grabarTipoPrendaTest" computerName="DIEGO-PC" duration="00:00:00.0035234" startTime="2012-11-19T01:14:32.0321992-03:00" endTime="2012-11-19T01:14:32.0421998-03:00" testType="13cdc9d9-ddb5-4fa4-a97d-d965ccfc6d4b" outcome="Passed" testListId="8c84fa94-04c1-424b-9868-57a2d4851a1d" relativeResultsDirectory="98014fc0-7fb2-4bb8-95d6-a5fb0a289ae8">
      <Output>
        <StdOut>Save/Update: INSERT INTO TipoPrenda (tipo_prenda, descripcion) VALUES (5 , 'gorro'); 
Save/Update: select * from TipoPrenda
Save/Update: DELETE TipoPrenda WHERE tipo_prenda=5</StdOut>
      </Output>
    </UnitTestResult>
    <UnitTestResult executionId="deb2dc56-6565-420e-9944-4e354ab7a22f" testId="dd5a8b39-7328-3edd-3658-5787ac153d19" testName="actualizaFacturaTest" computerName="DIEGO-PC" duration="00:00:00.0351530" startTime="2012-11-19T01:14:32.0451999-03:00" endTime="2012-11-19T01:14:32.0882024-03:00" testType="13cdc9d9-ddb5-4fa4-a97d-d965ccfc6d4b" outcome="Passed" testListId="8c84fa94-04c1-424b-9868-57a2d4851a1d" relativeResultsDirectory="deb2dc56-6565-420e-9944-4e354ab7a22f">
      <Output>
        <StdOut>Save/Update: SELECT  ISNULL(MAX(nro_Doc + 1),1) from documento
Save/Update: INSERT INTO documento VALUES (5)
Save/Update: SELECT  ISNULL(MAX(nro_factura + 1),1) from Factura WHERE nro_sucursal=1 AND tipo_factura='A'
Save/Update: INSERT INTO Factura (nro_Doc, iva, fecha, borrado, nro_factura, nro_sucursal, tipo_factura, id_cliente, monto) VALUES (5 , 1.1,  CAST('13/10/2012 21:44:12.000'  AS DateTime), 0 , 2 , 1 , 'A', 2 , 100); UPDATE LineaFactura SET borrado=1 WHERE nro_factura=2  AND nro_sucursal=1  AND tipo_factura='A' ; 
Save/Update: SELECT  ISNULL(MAX(nro_linea + 1),1) from LineaFactura WHERE nro_factura=2 AND nro_sucursal=1 AND tipo_factura='A'
Save/Update: INSERT INTO LineaFactura (nro_factura, nro_sucursal, tipo_factura, nro_linea, cod_producto, cantidad, precio, borrado) VALUES (2 , 1 , 'A', 1 , 2 , 10 , 0, 0 ); 
Save/Update: SELECT  ISNULL(MAX(nro_movimiento + 1),1) from MovimientosCuenta
Save/Update: INSERT INTO MovimientosCuenta (nro_movimiento, comentario, fecha, monto, cuentaID, tipoMovimientoID) VALUES (4 , 'com test',  CAST('13/10/2012 21:44:12.000'  AS DateTime), 100, 1 , 1 ); DELETE cliente_movimientos where nro_movimiento=4  ;  INSERT INTO cliente_movimientos ( nro_movimiento, id_cliente) VALUES ( 4 , 2 ); DELETE documento_movimiento where nro_movimiento=4  ;  INSERT INTO documento_movimiento ( nro_movimiento, nro_Doc) VALUES ( 4 , 5 ); 
Save/Update: select * from Factura WHERE  Factura.nro_factura=2  AND  Factura.nro_sucursal=1  AND  Factura.tipo_factura='A' ; select * from documento_movimiento; select * from LineaFactura WHERE borrado = 0
Save/Update: select * from LineaFactura WHERE  LineaFactura.nro_factura=2  AND  LineaFactura.tipo_factura='A' AND  LineaFactura.nro_sucursal=1  
Save/Update: select * from Articulos WHERE  Articulos.cod_articulo=2  ; select * from lista_precios WHERE borrado = 0
Save/Update: select * from Cliente WHERE  Cliente.id_cliente=2  ; select * from cliente_movimientos; select * from Pedido WHERE borrado = 0; select * from Factura WHERE borrado = 0; select * from Diseño WHERE borrado = 0
Save/Update: select * from Usuario WHERE  Usuario.usuarioID=2  ; select * from JoinUsuarioToFamilia; select * from JoinPatenteToUsuario
Save/Update: select * from MovimientosCuenta JOIN documento_movimiento AS documento ON MovimientosCuenta.nro_movimiento=documento.nro_movimiento JOIN cliente_movimientos AS cliente ON MovimientosCuenta.nro_movimiento=cliente.nro_movimiento WHERE documento.nro_Doc=5  AND cliente.id_cliente IS NOT  NULL ; select * from cliente_movimientos; select * from documento_movimiento
Save/Update: UPDATE Factura SET nro_Doc=5 , iva=1.1, fecha= CAST('13/10/2012 21:44:12.000'  AS DateTime), borrado=0 , id_cliente=2 , monto=111 WHERE nro_factura=2  AND nro_sucursal=1  AND tipo_factura='A' ; UPDATE LineaFactura SET borrado=1 WHERE nro_factura=2  AND nro_sucursal=1  AND tipo_factura='A' ; 
Save/Update: UPDATE LineaFactura SET cod_producto=2 , cantidad=15 , precio=0, borrado=0  WHERE nro_factura=2  AND nro_sucursal=1  AND tipo_factura='A' AND nro_linea=1  ; 
Save/Update: SELECT  ISNULL(MAX(nro_linea + 1),1) from LineaFactura WHERE nro_factura=2 AND nro_sucursal=1 AND tipo_factura='A'
Save/Update: INSERT INTO LineaFactura (nro_factura, nro_sucursal, tipo_factura, nro_linea, cod_producto, cantidad, precio, borrado) VALUES (2 , 1 , 'A', 2 , 1 , 10 , 2.1, 0 ); 
Save/Update: UPDATE MovimientosCuenta SET comentario='com test', fecha= CAST('13/10/2012 21:44:12.000'  AS DateTime), monto=111, cuentaID=1 , tipoMovimientoID=1  WHERE nro_movimiento=4  ; DELETE cliente_movimientos where nro_movimiento=4  ;  INSERT INTO cliente_movimientos ( nro_movimiento, id_cliente) VALUES ( 4 , 2 ); DELETE documento_movimiento where nro_movimiento=4  ;  INSERT INTO documento_movimiento ( nro_movimiento, nro_Doc) VALUES ( 4 , 5 ); 
Save/Update: select * from Factura WHERE  Factura.nro_factura=2  AND  Factura.nro_sucursal=1  AND  Factura.tipo_factura='A' ; select * from documento_movimiento; select * from LineaFactura WHERE borrado = 0
Save/Update: select * from LineaFactura WHERE  LineaFactura.nro_factura=2  AND  LineaFactura.tipo_factura='A' AND  LineaFactura.nro_sucursal=1  
Save/Update: select * from Articulos WHERE  Articulos.cod_articulo=2  ; select * from lista_precios WHERE borrado = 0
Save/Update: select * from Articulos WHERE  Articulos.cod_articulo=1  ; select * from lista_precios WHERE borrado = 0
Save/Update: select * from Cliente WHERE  Cliente.id_cliente=2  ; select * from cliente_movimientos; select * from Pedido WHERE borrado = 0; select * from Factura WHERE borrado = 0; select * from Diseño WHERE borrado = 0
Save/Update: select * from Usuario WHERE  Usuario.usuarioID=2  ; select * from JoinUsuarioToFamilia; select * from JoinPatenteToUsuario
Save/Update: select * from MovimientosCuenta JOIN documento_movimiento AS documento ON MovimientosCuenta.nro_movimiento=documento.nro_movimiento JOIN cliente_movimientos AS cliente ON MovimientosCuenta.nro_movimiento=cliente.nro_movimiento WHERE documento.nro_Doc=5  AND cliente.id_cliente IS NOT  NULL ; select * from cliente_movimientos; select * from documento_movimiento
Save/Update: DELETE LineaFactura WHERE nro_factura=2  AND nro_sucursal=1  AND tipo_factura='A' AND nro_linea=1  
Save/Update: DELETE LineaFactura WHERE nro_factura=2  AND nro_sucursal=1  AND tipo_factura='A' AND nro_linea=2  
Save/Update: DELETE cliente_movimientos where nro_movimiento=4  ; DELETE documento_movimiento where nro_movimiento=4  ; ;DELETE MovimientosCuenta WHERE nro_movimiento=4  
Save/Update: DELETE FROM Factura WHERE nro_Doc =5
Save/Update: delete documento where nro_doc=5</StdOut>
      </Output>
    </UnitTestResult>
    <UnitTestResult executionId="cf3a310b-8602-4a60-916f-5b9e5f67d60e" testId="dde12295-d4b5-9724-4e8c-04bf282ca24f" testName="buscarArticulosPorCodigoTest" computerName="DIEGO-PC" duration="00:00:00.0067004" startTime="2012-11-19T01:14:32.0902025-03:00" endTime="2012-11-19T01:14:32.1022032-03:00" testType="13cdc9d9-ddb5-4fa4-a97d-d965ccfc6d4b" outcome="Passed" testListId="8c84fa94-04c1-424b-9868-57a2d4851a1d" relativeResultsDirectory="cf3a310b-8602-4a60-916f-5b9e5f67d60e">
      <Output>
        <StdOut>Save/Update: select * from Articulos WHERE  Articulos.cod_articulo=1  ; select * from lista_precios WHERE borrado = 0
Save/Update: select * from lista_precios WHERE  lista_precios.cod_articulo=1  
Save/Update: select * from TipoPrenda WHERE  TipoPrenda.tipo_prenda=1  
Save/Update: select * from Diseño WHERE  Diseño.cod_diseño=1  ; select * from historico_estados_diseño WHERE borrado = 0
Save/Update: DELETE lista_precios WHERE nro_lista=1  AND cod_articulo=4  
Save/Update: DELETE lista_precios WHERE nro_lista=2  AND cod_articulo=4  
Save/Update: DELETE Articulos WHERE cod_articulo=4</StdOut>
      </Output>
    </UnitTestResult>
    <UnitTestResult executionId="a46d75ea-c8cc-4755-b696-477828f7e63b" testId="de04a58d-71f5-e1d1-1d14-e423a290a69c" testName="actualizarProduccionTest" computerName="DIEGO-PC" duration="00:00:00.0228907" startTime="2012-11-19T01:14:32.1052034-03:00" endTime="2012-11-19T01:14:32.1352051-03:00" testType="13cdc9d9-ddb5-4fa4-a97d-d965ccfc6d4b" outcome="Passed" testListId="8c84fa94-04c1-424b-9868-57a2d4851a1d" relativeResultsDirectory="a46d75ea-c8cc-4755-b696-477828f7e63b">
      <Output>
        <StdOut>Save/Update: SELECT  ISNULL(MAX(cod_produccion + 1),1) from produccion
Save/Update: INSERT INTO produccion (cod_produccion, comentario, cod_pedido, cod_maquina, cod_articulo, cantidad, estadoActual, utilizacion, fechaInicio, fechaFinal, borrado) VALUES (7 , 'com test', 3 , 3 , 3 , 10 , 1 , 1,  CAST('14/10/2012 15:00:00.000'  AS DateTime),  CAST('14/10/2012 18:00:00.000'  AS DateTime), 0 ); UPDATE historico_estados_produccion SET borrado=1 WHERE cod_produccion=7  ; 
Save/Update: SELECT  ISNULL(MAX(nro_estado + 1),1) from historico_estados_produccion WHERE cod_produccion=7
Save/Update: INSERT INTO historico_estados_produccion (nro_estado, comentario, cod_produccion, fechaDesde, fechaHasta, estado, borrado) VALUES (1 , 'com test', 7 ,  CAST('19/11/2012 01:14:32.116'  AS DateTime),  NULL , 1 , 0 ); 
Save/Update: select * from produccion WHERE  produccion.cod_produccion=7  ; select * from historico_estados_produccion WHERE borrado = 0
Save/Update: select * from Pedido WHERE  Pedido.cod_pedido=3  ; select * from produccion WHERE borrado = 0; select * from historico_estados_pedido WHERE borrado = 0
Save/Update: select * from Maquina WHERE  Maquina.cod_maquina=3  ; select * from JoinMaquinaToTipoPrenda
Save/Update: select * from Articulos WHERE  Articulos.cod_articulo=3  ; select * from lista_precios WHERE borrado = 0
Save/Update: select * from EstadoTrabajos WHERE  EstadoTrabajos.cod_estado=1  
Save/Update: select * from historico_estados_produccion WHERE  historico_estados_produccion.cod_produccion=7  
Save/Update: select * from produccion_operador WHERE  produccion_operador.cod_prodcuccion=7  
Save/Update: UPDATE produccion SET comentario='com test', cod_pedido=3 , cod_maquina=3 , cod_articulo=3 , cantidad=10 , estadoActual=1 , utilizacion=1, fechaInicio= CAST('14/10/2012 15:00:00.000'  AS DateTime), fechaFinal= CAST('14/10/2012 18:00:00.000'  AS DateTime), borrado=0  WHERE cod_produccion=7  ; UPDATE historico_estados_produccion SET borrado=1 WHERE cod_produccion=7  ; 
Save/Update: INSERT INTO produccion_operador (id_operador, cod_prodcuccion, porcentaje) VALUES (2 , 7 , 100 ); 
Save/Update: UPDATE historico_estados_produccion SET comentario='com test', fechaDesde= CAST('19/11/2012 01:14:32.117'  AS DateTime), fechaHasta= CAST('14/10/2012 18:00:00.000'  AS DateTime), estado=1 , borrado=0  WHERE nro_estado=1  AND cod_produccion=7  ; 
Save/Update: SELECT  ISNULL(MAX(nro_estado + 1),1) from historico_estados_produccion WHERE cod_produccion=7
Save/Update: INSERT INTO historico_estados_produccion (nro_estado, comentario, cod_produccion, fechaDesde, fechaHasta, estado, borrado) VALUES (2 , 'com test', 7 ,  CAST('19/11/2012 01:14:32.123'  AS DateTime),  NULL , 3 , 0 ); 
Save/Update: select * from produccion WHERE  produccion.cod_produccion=7  ; select * from historico_estados_produccion WHERE borrado = 0
Save/Update: select * from Pedido WHERE  Pedido.cod_pedido=3  ; select * from produccion WHERE borrado = 0; select * from historico_estados_pedido WHERE borrado = 0
Save/Update: select * from Maquina WHERE  Maquina.cod_maquina=3  ; select * from JoinMaquinaToTipoPrenda
Save/Update: select * from Articulos WHERE  Articulos.cod_articulo=3  ; select * from lista_precios WHERE borrado = 0
Save/Update: select * from EstadoTrabajos WHERE  EstadoTrabajos.cod_estado=1  
Save/Update: select * from historico_estados_produccion WHERE  historico_estados_produccion.cod_produccion=7  
Save/Update: select * from produccion_operador WHERE  produccion_operador.cod_prodcuccion=7  
Save/Update: DELETE produccion_operador WHERE id_operador=2  AND cod_prodcuccion=7  
Save/Update: DELETE historico_estados_produccion WHERE nro_estado=1  AND cod_produccion=7  
Save/Update: DELETE historico_estados_produccion WHERE nro_estado=2  AND cod_produccion=7  
Save/Update: DELETE produccion WHERE cod_produccion=7</StdOut>
      </Output>
    </UnitTestResult>
    <UnitTestResult executionId="b71d588b-aea5-4f49-a7de-d3aaf1fddcd4" testId="dea2dc86-55fc-7dd0-68c2-4ac2d970ca43" testName="modificarMensajeTest" computerName="DIEGO-PC" duration="00:00:00.0045777" startTime="2012-11-19T01:14:32.1372052-03:00" endTime="2012-11-19T01:14:32.1482058-03:00" testType="13cdc9d9-ddb5-4fa4-a97d-d965ccfc6d4b" outcome="Passed" testListId="8c84fa94-04c1-424b-9868-57a2d4851a1d" relativeResultsDirectory="b71d588b-aea5-4f49-a7de-d3aaf1fddcd4">
      <Output>
        <StdOut>Save/Update: select * from Mensaje WHERE  Mensaje.id=2  
Save/Update: UPDATE Mensaje SET tipoMensaje=0 , fecha= CAST('26/08/2012 16:35:00.000'  AS DateTime), mensaje='msj de 1 a 2', leido=1 , borrado=0 , id_conversacion=1  WHERE id=2  ; 
Save/Update: select * from Mensaje WHERE  Mensaje.id=2  
Save/Update: UPDATE Mensaje SET tipoMensaje=0 , fecha= CAST('26/08/2012 16:35:00.000'  AS DateTime), mensaje='msj de 1 a 2', leido=0 , borrado=0 , id_conversacion=1  WHERE id=2  ;</StdOut>
      </Output>
    </UnitTestResult>
    <UnitTestResult executionId="c92c1c38-cdaf-49b7-92f3-fa26b2a78112" testId="dfd17420-5a13-5744-e6d4-81c04e097642" testName="buscarPrendasPorIDTest" computerName="DIEGO-PC" duration="00:00:00.0018364" startTime="2012-11-19T01:14:32.1522060-03:00" endTime="2012-11-19T01:14:32.1602065-03:00" testType="13cdc9d9-ddb5-4fa4-a97d-d965ccfc6d4b" outcome="Passed" testListId="8c84fa94-04c1-424b-9868-57a2d4851a1d" relativeResultsDirectory="c92c1c38-cdaf-49b7-92f3-fa26b2a78112">
      <Output>
        <StdOut>Save/Update: select * from TipoPrenda WHERE  TipoPrenda.tipo_prenda=2</StdOut>
      </Output>
    </UnitTestResult>
    <UnitTestResult executionId="69dd7411-7b82-48bc-ab86-14d90ff0bf0b" testId="e020cadd-bd50-d44d-30aa-ba2f497b2887" testName="borrarTest" computerName="DIEGO-PC" duration="00:00:00.0159706" startTime="2012-11-19T01:14:32.1622066-03:00" endTime="2012-11-19T01:14:32.1852079-03:00" testType="13cdc9d9-ddb5-4fa4-a97d-d965ccfc6d4b" outcome="Passed" testListId="8c84fa94-04c1-424b-9868-57a2d4851a1d" relativeResultsDirectory="69dd7411-7b82-48bc-ab86-14d90ff0bf0b">
      <Output>
        <StdOut>Save/Update: SELECT  ISNULL(MAX(id_conversacion + 1),1) from Conversacion
Save/Update: INSERT INTO Conversacion (id_conversacion, remitente, destinatario) VALUES (3 , 2 , 3 ); UPDATE mensaje SET borrado=1 WHERE id_conversacion=3  ; 
Save/Update: SELECT  ISNULL(MAX(id + 1),1) from Mensaje
Save/Update: INSERT INTO Mensaje (id, tipoMensaje, fecha, mensaje, leido, borrado, id_conversacion) VALUES (5 , 0 ,  CAST('19/11/2012 01:14:32.172'  AS DateTime), 'test msj grabarMensajeTest', 0 , 0 , 3 ); 
Save/Update: SELECT  ISNULL(MAX(id + 1),1) from Mensaje
Save/Update: INSERT INTO Mensaje (id, tipoMensaje, fecha, mensaje, leido, borrado, id_conversacion) VALUES (6 , 1 ,  CAST('19/11/2012 01:14:32.172'  AS DateTime), 'test msj grabarMensajeTest', 0 , 0 , 3 ); 
Save/Update: select * from Conversacion WHERE  Conversacion.remitente=3  ; select * from mensaje WHERE borrado = 0
Save/Update: select * from Conversacion WHERE  Conversacion.destinatario=3  ; select * from mensaje WHERE borrado = 0
Save/Update: select * from Usuario WHERE  Usuario.usuarioID=2  ; select * from JoinUsuarioToFamilia; select * from JoinPatenteToUsuario
Save/Update: select * from Usuario WHERE  Usuario.usuarioID=3  ; select * from JoinUsuarioToFamilia; select * from JoinPatenteToUsuario
Save/Update: select * from Mensaje WHERE  Mensaje.id_conversacion=3  
Save/Update: DELETE Mensaje WHERE id=5  
Save/Update: DELETE Mensaje WHERE id=6  
Save/Update: DELETE Conversacion WHERE id_conversacion=3  
Save/Update: select * from Conversacion WHERE  Conversacion.remitente=3  ; select * from mensaje WHERE borrado = 0
Save/Update: select * from Conversacion WHERE  Conversacion.destinatario=3  ; select * from mensaje WHERE borrado = 0
Save/Update: select * from Mensaje</StdOut>
      </Output>
    </UnitTestResult>
    <UnitTestResult executionId="814873e3-e99b-4338-88df-cde83bcd1812" testId="e02e0a67-6c2d-0c94-cb65-8df5b3dc5cea" testName="listarMovimientosTest" computerName="DIEGO-PC" duration="00:00:00.0081148" startTime="2012-11-19T01:14:32.1872080-03:00" endTime="2012-11-19T01:14:32.2102094-03:00" testType="13cdc9d9-ddb5-4fa4-a97d-d965ccfc6d4b" outcome="Passed" testListId="8c84fa94-04c1-424b-9868-57a2d4851a1d" relativeResultsDirectory="814873e3-e99b-4338-88df-cde83bcd1812">
      <Output>
        <StdOut>Save/Update: select * from MovimientosCuenta JOIN proveedor_movimientos AS proveedor ON MovimientosCuenta.nro_movimiento=proveedor.nro_movimiento WHERE proveedor.id_proveedor IS NOT  NULL ; select * from proveedor_movimientos; select * from documento_movimiento
Save/Update: select * from Proveedor WHERE  Proveedor.id_proveedor=1  
Save/Update: select * from OrdenDeCompra WHERE  OrdenDeCompra.id_proveedor=1  ; select * from documento_movimiento; select * from LineaOrdenDeCompra WHERE borrado = 0
Save/Update: select * from OrdenDeCompra WHERE  OrdenDeCompra.nro_Doc=3  ; select * from documento_movimiento; select * from LineaOrdenDeCompra WHERE borrado = 0
Save/Update: select * from tipoMovimiento WHERE  tipoMovimiento.tipoMovimientoID=1  
Save/Update: select * from Cuenta WHERE  Cuenta.cuentaID=1  
Save/Update: DELETE proveedor_movimientos where nro_movimiento=4  ; DELETE documento_movimiento where nro_movimiento=4  ; ;DELETE MovimientosCuenta WHERE nro_movimiento=4</StdOut>
      </Output>
    </UnitTestResult>
    <UnitTestResult executionId="566ecb44-0ca2-4fc6-aa56-751265aaecd2" testId="e174714d-b5ae-6791-7e05-a6dae00c0681" testName="buscarArticulosTest" computerName="DIEGO-PC" duration="00:00:00.0049409" startTime="2012-11-19T01:14:32.2132095-03:00" endTime="2012-11-19T01:14:32.2252102-03:00" testType="13cdc9d9-ddb5-4fa4-a97d-d965ccfc6d4b" outcome="Passed" testListId="8c84fa94-04c1-424b-9868-57a2d4851a1d" relativeResultsDirectory="566ecb44-0ca2-4fc6-aa56-751265aaecd2">
      <Output>
        <StdOut>Save/Update: select * from Articulos; select * from lista_precios WHERE borrado = 0
Save/Update: DELETE Articulos WHERE cod_articulo=4</StdOut>
      </Output>
    </UnitTestResult>
    <UnitTestResult executionId="c7ead480-42c6-4893-8edf-06ae1bcbfa1f" testId="e23387f5-cbe9-d2c5-d12c-23a1dbe2d390" testName="grabarFacturaTest" computerName="DIEGO-PC" duration="00:00:00.0212394" startTime="2012-11-19T01:14:32.2282104-03:00" endTime="2012-11-19T01:14:32.2562120-03:00" testType="13cdc9d9-ddb5-4fa4-a97d-d965ccfc6d4b" outcome="Passed" testListId="8c84fa94-04c1-424b-9868-57a2d4851a1d" relativeResultsDirectory="c7ead480-42c6-4893-8edf-06ae1bcbfa1f">
      <Output>
        <StdOut>Save/Update: SELECT  ISNULL(MAX(nro_Doc + 1),1) from documento
Save/Update: INSERT INTO documento VALUES (5)
Save/Update: SELECT  ISNULL(MAX(nro_factura + 1),1) from Factura WHERE nro_sucursal=1 AND tipo_factura='A'
Save/Update: INSERT INTO Factura (nro_Doc, iva, fecha, borrado, nro_factura, nro_sucursal, tipo_factura, id_cliente, monto) VALUES (5 , 1.1,  CAST('13/10/2012 21:44:12.000'  AS DateTime), 0 , 2 , 1 , 'A', 2 , 100); UPDATE LineaFactura SET borrado=1 WHERE nro_factura=2  AND nro_sucursal=1  AND tipo_factura='A' ; 
Save/Update: SELECT  ISNULL(MAX(nro_linea + 1),1) from LineaFactura WHERE nro_factura=2 AND nro_sucursal=1 AND tipo_factura='A'
Save/Update: INSERT INTO LineaFactura (nro_factura, nro_sucursal, tipo_factura, nro_linea, cod_producto, cantidad, precio, borrado) VALUES (2 , 1 , 'A', 1 , 2 , 10 , 50, 0 ); 
Save/Update: SELECT  ISNULL(MAX(nro_movimiento + 1),1) from MovimientosCuenta
Save/Update: INSERT INTO MovimientosCuenta (nro_movimiento, comentario, fecha, monto, cuentaID, tipoMovimientoID) VALUES (4 , 'com test',  CAST('13/10/2012 21:44:12.000'  AS DateTime), 100, 1 , 1 ); DELETE cliente_movimientos where nro_movimiento=4  ;  INSERT INTO cliente_movimientos ( nro_movimiento, id_cliente) VALUES ( 4 , 2 ); DELETE documento_movimiento where nro_movimiento=4  ;  INSERT INTO documento_movimiento ( nro_movimiento, nro_Doc) VALUES ( 4 , 5 ); 
Save/Update: select * from Factura WHERE  Factura.nro_factura=2  AND  Factura.nro_sucursal=1  AND  Factura.tipo_factura='A' ; select * from documento_movimiento; select * from LineaFactura WHERE borrado = 0
Save/Update: select * from LineaFactura WHERE  LineaFactura.nro_factura=2  AND  LineaFactura.tipo_factura='A' AND  LineaFactura.nro_sucursal=1  
Save/Update: select * from Articulos WHERE  Articulos.cod_articulo=2  ; select * from lista_precios WHERE borrado = 0
Save/Update: select * from Cliente WHERE  Cliente.id_cliente=2  ; select * from cliente_movimientos; select * from Pedido WHERE borrado = 0; select * from Factura WHERE borrado = 0; select * from Diseño WHERE borrado = 0
Save/Update: select * from Usuario WHERE  Usuario.usuarioID=2  ; select * from JoinUsuarioToFamilia; select * from JoinPatenteToUsuario
Save/Update: select * from MovimientosCuenta JOIN documento_movimiento AS documento ON MovimientosCuenta.nro_movimiento=documento.nro_movimiento JOIN cliente_movimientos AS cliente ON MovimientosCuenta.nro_movimiento=cliente.nro_movimiento WHERE documento.nro_Doc=5  AND cliente.id_cliente IS NOT  NULL ; select * from cliente_movimientos; select * from documento_movimiento
Save/Update: DELETE LineaFactura WHERE nro_factura=2  AND nro_sucursal=1  AND tipo_factura='A' AND nro_linea=1  
Save/Update: DELETE LineaFactura WHERE nro_factura=2  AND nro_sucursal=1  AND tipo_factura='A' AND nro_linea=2  
Save/Update: DELETE cliente_movimientos where nro_movimiento=4  ; DELETE documento_movimiento where nro_movimiento=4  ; ;DELETE MovimientosCuenta WHERE nro_movimiento=4  
Save/Update: DELETE FROM Factura WHERE nro_Doc =5
Save/Update: delete documento where nro_doc=5</StdOut>
      </Output>
    </UnitTestResult>
    <UnitTestResult executionId="7ae0e215-009c-4e2f-93fa-65d4fff09bf3" testId="e2347588-3d57-efa9-6d83-3dfd95e9941d" testName="buscarPorIdTest" computerName="DIEGO-PC" duration="00:00:00.0039156" startTime="2012-11-19T01:14:32.2612123-03:00" endTime="2012-11-19T01:14:32.2722129-03:00" testType="13cdc9d9-ddb5-4fa4-a97d-d965ccfc6d4b" outcome="Passed" testListId="8c84fa94-04c1-424b-9868-57a2d4851a1d" relativeResultsDirectory="7ae0e215-009c-4e2f-93fa-65d4fff09bf3">
      <Output>
        <StdOut>Save/Update: select * from produccion_operador WHERE  produccion_operador.id_operador=1  AND  produccion_operador.cod_prodcuccion=1</StdOut>
      </Output>
    </UnitTestResult>
    <UnitTestResult executionId="bae75def-a502-46bb-8127-f204a8c2c303" testId="e27be593-1d5d-4e60-f221-5154b5c9193c" testName="agregarPatenteTest" computerName="DIEGO-PC" duration="00:00:00.0075559" startTime="2012-11-19T01:14:32.2762131-03:00" endTime="2012-11-19T01:14:32.2922141-03:00" testType="13cdc9d9-ddb5-4fa4-a97d-d965ccfc6d4b" outcome="Passed" testListId="8c84fa94-04c1-424b-9868-57a2d4851a1d" relativeResultsDirectory="bae75def-a502-46bb-8127-f204a8c2c303">
      <Output>
        <StdOut>Save/Update: select * from Familia WHERE  Familia.familiaID=5  ; select * from JoinFamiliaToPatente
Save/Update: UPDATE Familia SET descripcion='desTest', nombre='nombretest' WHERE familiaID=5  ; DELETE JoinFamiliaToPatente where familiaID=5  ;  INSERT INTO JoinFamiliaToPatente ( familiaID, patenteId) VALUES ( 5 , 9 ); 
Save/Update: select * from Familia WHERE  Familia.familiaID=5  ; select * from JoinFamiliaToPatente
Save/Update: UPDATE Familia SET descripcion='Administracion de finanzas', nombre='Administracion de finanzas' WHERE familiaID=5  ; DELETE JoinFamiliaToPatente where familiaID=5  ;</StdOut>
      </Output>
    </UnitTestResult>
    <UnitTestResult executionId="32f7b57a-2ce1-4434-88b8-d4aab7090517" testId="e337de86-0746-0ac2-0c5c-30365e74f01b" testName="saveTest" computerName="DIEGO-PC" duration="00:00:00.0665603" startTime="2012-11-19T01:14:32.2962143-03:00" endTime="2012-11-19T01:14:32.3722186-03:00" testType="13cdc9d9-ddb5-4fa4-a97d-d965ccfc6d4b" outcome="Passed" testListId="8c84fa94-04c1-424b-9868-57a2d4851a1d" relativeResultsDirectory="32f7b57a-2ce1-4434-88b8-d4aab7090517">
      <Output>
        <StdOut>***************** Error --&gt; Save: INSERT INTO Patente (patenteID, descripcion, permiso) VALUES (1, 'test', 'test')
                 Stacktrace: Infracción de la restricción PRIMARY KEY 'PK_Patente'. No se puede insertar una clave duplicada en el objeto 'dbo.Patente'.
Se terminó la instrucción.
Save/Update: select * from Patente where patenteID = 1
***************** Error --&gt; Save: DELETE FROM Patente
                 Stacktrace: Instrucción DELETE en conflicto con la restricción REFERENCE "FK_JoinFamiliaToPatente_Patente". El conflicto ha aparecido en la base de datos "uniprof_test", tabla "dbo.JoinFamiliaToPatente", column 'patenteID'.
Se terminó la instrucción.</StdOut>
      </Output>
    </UnitTestResult>
    <UnitTestResult executionId="1a3c1221-2790-4ec4-b167-a5ec44735d06" testId="e3b5610a-399f-d019-a8c3-fe5f24d0c8a6" testName="listarInsumosTest" computerName="DIEGO-PC" duration="00:00:00.0186784" startTime="2012-11-19T01:14:32.3772189-03:00" endTime="2012-11-19T01:14:32.4042205-03:00" testType="13cdc9d9-ddb5-4fa4-a97d-d965ccfc6d4b" outcome="Passed" testListId="8c84fa94-04c1-424b-9868-57a2d4851a1d" relativeResultsDirectory="1a3c1221-2790-4ec4-b167-a5ec44735d06">
      <Output>
        <StdOut>Save/Update: select * from insumo
Save/Update: select * from tipoInsumo WHERE  tipoInsumo.tipo_insumo=1  
Save/Update: select * from color WHERE  color.codigo_color=1  
Save/Update: select * from MovimientosStock WHERE  MovimientosStock.cod_insumo=1  
Save/Update: select * from tipoInsumo WHERE  tipoInsumo.tipo_insumo=1  
Save/Update: select * from color WHERE  color.codigo_color=2  
Save/Update: select * from MovimientosStock WHERE  MovimientosStock.cod_insumo=2  
Save/Update: select * from tipoInsumo WHERE  tipoInsumo.tipo_insumo=1  
Save/Update: select * from color WHERE  color.codigo_color=3  
Save/Update: select * from MovimientosStock WHERE  MovimientosStock.cod_insumo=3  
Save/Update: select * from tipoInsumo WHERE  tipoInsumo.tipo_insumo=1  
Save/Update: select * from color WHERE  color.codigo_color=4  
Save/Update: select * from MovimientosStock WHERE  MovimientosStock.cod_insumo=4  
Save/Update: select * from insumo WHERE  insumo.cod_insumo=1  
Save/Update: select * from tipoInsumo WHERE  tipoInsumo.tipo_insumo=1  
Save/Update: select * from color WHERE  color.codigo_color=1  
Save/Update: select * from MovimientosStock WHERE  MovimientosStock.cod_insumo=1  
Save/Update: select * from insumo WHERE  insumo.cod_insumo=2  
Save/Update: select * from tipoInsumo WHERE  tipoInsumo.tipo_insumo=1  
Save/Update: select * from color WHERE  color.codigo_color=2  
Save/Update: select * from MovimientosStock WHERE  MovimientosStock.cod_insumo=2  
Save/Update: select * from insumo WHERE  insumo.cod_insumo=1  
Save/Update: select * from tipoInsumo WHERE  tipoInsumo.tipo_insumo=1  
Save/Update: select * from color WHERE  color.codigo_color=1  
Save/Update: select * from MovimientosStock WHERE  MovimientosStock.cod_insumo=1  
Save/Update: UPDATE insumo SET nombre='nombre1', id_tipo_insumo=1 , color=1 , detalle='detalle1', costo=1, cantidadActual=1  WHERE cod_insumo=1  ; 
Save/Update: select * from insumo WHERE  insumo.cod_insumo=2  
Save/Update: select * from tipoInsumo WHERE  tipoInsumo.tipo_insumo=1  
Save/Update: select * from color WHERE  color.codigo_color=2  
Save/Update: select * from MovimientosStock WHERE  MovimientosStock.cod_insumo=2  
Save/Update: UPDATE insumo SET nombre='nombre2', id_tipo_insumo=1 , color=2 , detalle='detalle2', costo=1, cantidadActual=2  WHERE cod_insumo=2  ; 
Save/Update: delete from MovimientosStock where cod_insumo &gt; 2 or (cod_insumo = 1 AND nro_movimiento &gt; 2) or (cod_insumo = 2 AND nro_movimiento &gt; 1)
Save/Update: DELETE MovimientosStock WHERE nro_movimiento=1  AND cod_insumo=5  
Save/Update: DELETE MovimientosStock WHERE nro_movimiento=2  AND cod_insumo=5  
Save/Update: DELETE insumo WHERE cod_insumo=5</StdOut>
      </Output>
    </UnitTestResult>
    <UnitTestResult executionId="f7a02d74-b29e-48dd-911f-faa39f24a8be" testId="e3f85f2f-8bca-7a73-722e-520143b3f21d" testName="buscarNewsletterParaEnviarTest" computerName="DIEGO-PC" duration="00:00:00.0025633" startTime="2012-11-19T01:14:32.4092207-03:00" endTime="2012-11-19T01:14:32.4182213-03:00" testType="13cdc9d9-ddb5-4fa4-a97d-d965ccfc6d4b" outcome="Passed" testListId="8c84fa94-04c1-424b-9868-57a2d4851a1d" relativeResultsDirectory="f7a02d74-b29e-48dd-911f-faa39f24a8be">
      <Output>
        <StdOut>Save/Update: select * from newsletter WHERE  newsletter.enviado=0</StdOut>
      </Output>
    </UnitTestResult>
    <UnitTestResult executionId="51751cb8-3712-4eaa-9c06-b8275419b599" testId="e4b047bc-e01c-35c0-ab7e-ab1c5de8674f" testName="grabarFacturasTest" computerName="DIEGO-PC" duration="00:00:00.0092488" startTime="2012-11-19T01:14:32.4232215-03:00" endTime="2012-11-19T01:14:32.4392225-03:00" testType="13cdc9d9-ddb5-4fa4-a97d-d965ccfc6d4b" outcome="Passed" testListId="8c84fa94-04c1-424b-9868-57a2d4851a1d" relativeResultsDirectory="51751cb8-3712-4eaa-9c06-b8275419b599">
      <Output>
        <StdOut>Save/Update: SELECT  ISNULL(MAX(nro_Doc + 1),1) from documento
Save/Update: INSERT INTO documento VALUES (5)
Save/Update: SELECT  ISNULL(MAX(nro_orden_compra + 1),1) from OrdenDeCompra WHERE nro_sucursal=1 AND tipo_orden_compra='A'
Save/Update: INSERT INTO OrdenDeCompra (nro_Doc, iva, fecha, borrado, nro_orden_compra, nro_sucursal, tipo_orden_compra, id_proveedor, monto) VALUES (5 , 33.3,  CAST('19/11/2012 01:14:32.430'  AS DateTime), 0 , 2 , 1 , 'A', 2 , 33.3); UPDATE LineaOrdenDeCompra SET borrado=1 WHERE nro_orden_compra=2  AND nro_sucursal=1  AND tipo_orden_compra='A' ; 
Save/Update: select * from OrdenDeCompra WHERE  OrdenDeCompra.nro_Doc=5  ; select * from documento_movimiento; select * from LineaOrdenDeCompra WHERE borrado = 0
Save/Update: delete OrdenDeCompra where nro_doc=5
Save/Update: delete documento where nro_doc=5</StdOut>
      </Output>
    </UnitTestResult>
    <UnitTestResult executionId="02374487-05ac-4b30-b0e6-75a117722268" testId="e4e7695e-eb86-2e17-0da3-82500c958fe2" testName="actualizarClienteTest" computerName="DIEGO-PC" duration="00:00:00.0349302" startTime="2012-11-19T01:14:32.4442227-03:00" endTime="2012-11-19T01:14:32.4852251-03:00" testType="13cdc9d9-ddb5-4fa4-a97d-d965ccfc6d4b" outcome="Passed" testListId="8c84fa94-04c1-424b-9868-57a2d4851a1d" relativeResultsDirectory="02374487-05ac-4b30-b0e6-75a117722268">
      <Output>
        <StdOut>Save/Update: select * from Cliente WHERE  Cliente.id_cliente=1  ; select * from cliente_movimientos; select * from Pedido WHERE borrado = 0; select * from Factura WHERE borrado = 0; select * from Diseño WHERE borrado = 0
Save/Update: select * from Usuario WHERE  Usuario.usuarioID=1  ; select * from JoinUsuarioToFamilia; select * from JoinPatenteToUsuario
Save/Update: select * from Familia JOIN JoinUsuarioToFamilia AS usuarios ON Familia.familiaID=usuarios.familiaID WHERE usuarios.usuarioID=1  ; select * from JoinFamiliaToPatente
Save/Update: select * from Patente JOIN JoinPatenteToUsuario AS usuario ON Patente.patenteId=usuario.patenteId WHERE usuario.usuarioID=1  
Save/Update: select * from Cliente WHERE  Cliente.usuarioID=1  ; select * from cliente_movimientos; select * from Pedido WHERE borrado = 0; select * from Factura WHERE borrado = 0; select * from Diseño WHERE borrado = 0
Save/Update: select * from Diseño WHERE  Diseño.id_cliente=1  ; select * from historico_estados_diseño WHERE borrado = 0
Save/Update: select * from Factura WHERE  Factura.id_cliente=1  ; select * from documento_movimiento; select * from LineaFactura WHERE borrado = 0
Save/Update: select * from Pedido WHERE  Pedido.id_cliente=1  ; select * from produccion WHERE borrado = 0; select * from historico_estados_pedido WHERE borrado = 0
Save/Update: select * from MovimientosCuenta JOIN cliente_movimientos AS cliente ON MovimientosCuenta.nro_movimiento=cliente.nro_movimiento WHERE cliente.id_cliente=1  AND cliente.id_cliente IS NOT  NULL ; select * from cliente_movimientos; select * from documento_movimiento
Save/Update: UPDATE Usuario SET nombre='nombre6', apellido='apellido6', mail='mail6@test.com', password='559D55197310', telefonoFijo='6666-6666', telefonoMovil='6666-6666', bloqueado=0  WHERE usuarioID=1  ; DELETE JoinUsuarioToFamilia where usuarioID=1  ;  INSERT INTO JoinUsuarioToFamilia ( usuarioID, familiaID) VALUES ( 1 , 5 ); DELETE JoinPatenteToUsuario where usuarioID=1  ;  INSERT INTO JoinPatenteToUsuario ( usuarioID, patenteId) VALUES ( 1 , 3 ); 
Save/Update: UPDATE Cliente SET habitadoTurnos=0 , newsletter=1  WHERE id_cliente=1  ; UPDATE Pedido SET borrado=1 WHERE id_cliente=1  ; UPDATE Factura SET borrado=1 WHERE id_cliente=1  ; UPDATE Diseño SET borrado=1 WHERE id_cliente=1  ; 
Save/Update: select * from Cliente WHERE  Cliente.id_cliente=1  ; select * from cliente_movimientos; select * from Pedido WHERE borrado = 0; select * from Factura WHERE borrado = 0; select * from Diseño WHERE borrado = 0
Save/Update: select * from Usuario WHERE  Usuario.usuarioID=1  ; select * from JoinUsuarioToFamilia; select * from JoinPatenteToUsuario
Save/Update: select * from Familia JOIN JoinUsuarioToFamilia AS usuarios ON Familia.familiaID=usuarios.familiaID WHERE usuarios.usuarioID=1  ; select * from JoinFamiliaToPatente
Save/Update: select * from Patente JOIN JoinFamiliaToPatente AS familia ON Patente.patenteId=familia.patenteId WHERE familia.familiaID=5  
Save/Update: select * from Patente JOIN JoinPatenteToUsuario AS usuario ON Patente.patenteId=usuario.patenteId WHERE usuario.usuarioID=1  
Save/Update: select * from Cliente WHERE  Cliente.usuarioID=1  ; select * from cliente_movimientos; select * from Pedido WHERE borrado = 0; select * from Factura WHERE borrado = 0; select * from Diseño WHERE borrado = 0
Save/Update: select * from Diseño WHERE  Diseño.id_cliente=1  ; select * from historico_estados_diseño WHERE borrado = 0
Save/Update: select * from Factura WHERE  Factura.id_cliente=1  ; select * from documento_movimiento; select * from LineaFactura WHERE borrado = 0
Save/Update: select * from Pedido WHERE  Pedido.id_cliente=1  ; select * from produccion WHERE borrado = 0; select * from historico_estados_pedido WHERE borrado = 0
Save/Update: select * from MovimientosCuenta JOIN cliente_movimientos AS cliente ON MovimientosCuenta.nro_movimiento=cliente.nro_movimiento WHERE cliente.id_cliente=1  AND cliente.id_cliente IS NOT  NULL ; select * from cliente_movimientos; select * from documento_movimiento
Save/Update: UPDATE Usuario SET nombre='nombre1', apellido='apellido1', mail='mail1@test.com', password='11C8', telefonoFijo='1111-1111', telefonoMovil='1111-1111', bloqueado=0  WHERE usuarioID=1  ; DELETE JoinUsuarioToFamilia where usuarioID=1  ; DELETE JoinPatenteToUsuario where usuarioID=1  ; 
Save/Update: UPDATE Cliente SET habitadoTurnos=1 , newsletter=0  WHERE id_cliente=1  ; UPDATE Pedido SET borrado=1 WHERE id_cliente=1  ; UPDATE Factura SET borrado=1 WHERE id_cliente=1  ; UPDATE Diseño SET borrado=1 WHERE id_cliente=1  ; 
Save/Update:  UPDATE factura set borrado = 0 
Save/Update:  UPDATE diseño set borrado = 0 
Save/Update:  UPDATE pedido set borrado = 0 
Save/Update:  Insert into JoinPatenteToUsuario values (1,1)</StdOut>
      </Output>
    </UnitTestResult>
    <UnitTestResult executionId="2b3733fe-36dc-4b60-a2a1-12ab53cb5113" testId="e4f43342-50bf-4878-e3d3-5afdaa2ddd37" testName="modificarMovimientosClienteTest" computerName="DIEGO-PC" duration="00:00:00.0104988" startTime="2012-11-19T01:14:32.4892253-03:00" endTime="2012-11-19T01:14:32.5062263-03:00" testType="13cdc9d9-ddb5-4fa4-a97d-d965ccfc6d4b" outcome="Passed" testListId="8c84fa94-04c1-424b-9868-57a2d4851a1d" relativeResultsDirectory="2b3733fe-36dc-4b60-a2a1-12ab53cb5113">
      <Output>
        <StdOut>Save/Update: SELECT  ISNULL(MAX(nro_movimiento + 1),1) from MovimientosCuenta
Save/Update: INSERT INTO MovimientosCuenta (nro_movimiento, comentario, fecha, monto, cuentaID, tipoMovimientoID) VALUES (4 , 'com4',  CAST('19/11/2012 01:14:32.496'  AS DateTime), 33.3, 1 , 2 ); DELETE cliente_movimientos where nro_movimiento=4  ;  INSERT INTO cliente_movimientos ( nro_movimiento, id_cliente) VALUES ( 4 , 2 ); DELETE documento_movimiento where nro_movimiento=4  ; 
Save/Update: select * from MovimientosCuenta JOIN cliente_movimientos AS cliente ON MovimientosCuenta.nro_movimiento=cliente.nro_movimiento WHERE  MovimientosCuenta.nro_movimiento=4  AND  MovimientosCuenta.monto=33.3 AND cliente.id_cliente IS NOT  NULL ; select * from cliente_movimientos; select * from documento_movimiento
Save/Update: UPDATE MovimientosCuenta SET comentario='com4', fecha= CAST('19/11/2012 01:14:32.497'  AS DateTime), monto=33.3, cuentaID=1 , tipoMovimientoID=2  WHERE nro_movimiento=4  ; DELETE cliente_movimientos where nro_movimiento=4  ;  INSERT INTO cliente_movimientos ( nro_movimiento, id_cliente) VALUES ( 4 , 1 ); DELETE documento_movimiento where nro_movimiento=4  ; 
Save/Update: select * from MovimientosCuenta JOIN cliente_movimientos AS cliente ON MovimientosCuenta.nro_movimiento=cliente.nro_movimiento WHERE  MovimientosCuenta.nro_movimiento=4  AND  MovimientosCuenta.monto=33.3 AND cliente.id_cliente IS NOT  NULL AND cliente.id_cliente IS NOT  NULL ; select * from cliente_movimientos; select * from documento_movimiento
Save/Update: DELETE cliente_movimientos where nro_movimiento=4  ; DELETE documento_movimiento where nro_movimiento=4  ; ;DELETE MovimientosCuenta WHERE nro_movimiento=4</StdOut>
      </Output>
    </UnitTestResult>
    <UnitTestResult executionId="6200029a-b2a7-46c6-8903-825261923b4c" testId="e64170f8-e36a-c642-d97d-54b6bb0553a6" testName="CargarClienteTest" computerName="DIEGO-PC" duration="00:00:00.0161345" startTime="2012-11-19T01:14:32.5102265-03:00" endTime="2012-11-19T01:14:32.5332278-03:00" testType="13cdc9d9-ddb5-4fa4-a97d-d965ccfc6d4b" outcome="Passed" testListId="8c84fa94-04c1-424b-9868-57a2d4851a1d" relativeResultsDirectory="6200029a-b2a7-46c6-8903-825261923b4c">
      <Output>
        <StdOut>Save/Update: select * from Cliente WHERE  Cliente.usuarioID=1  ; select * from cliente_movimientos; select * from Pedido WHERE borrado = 0; select * from Factura WHERE borrado = 0; select * from Diseño WHERE borrado = 0
Save/Update: select * from Usuario WHERE  Usuario.usuarioID=1  ; select * from JoinUsuarioToFamilia; select * from JoinPatenteToUsuario
Save/Update: select * from Familia JOIN JoinUsuarioToFamilia AS usuarios ON Familia.familiaID=usuarios.familiaID WHERE usuarios.usuarioID=1  ; select * from JoinFamiliaToPatente
Save/Update: select * from Patente JOIN JoinPatenteToUsuario AS usuario ON Patente.patenteId=usuario.patenteId WHERE usuario.usuarioID=1  
Save/Update: select * from Cliente WHERE  Cliente.usuarioID=1  ; select * from cliente_movimientos; select * from Pedido WHERE borrado = 0; select * from Factura WHERE borrado = 0; select * from Diseño WHERE borrado = 0
Save/Update: select * from Diseño WHERE  Diseño.id_cliente=1  ; select * from historico_estados_diseño WHERE borrado = 0
Save/Update: select * from Factura WHERE  Factura.id_cliente=1  ; select * from documento_movimiento; select * from LineaFactura WHERE borrado = 0
Save/Update: select * from Pedido WHERE  Pedido.id_cliente=1  ; select * from produccion WHERE borrado = 0; select * from historico_estados_pedido WHERE borrado = 0
Save/Update: select * from MovimientosCuenta JOIN cliente_movimientos AS cliente ON MovimientosCuenta.nro_movimiento=cliente.nro_movimiento WHERE cliente.id_cliente=1  AND cliente.id_cliente IS NOT  NULL ; select * from cliente_movimientos; select * from documento_movimiento</StdOut>
      </Output>
    </UnitTestResult>
    <UnitTestResult executionId="bf3cedb9-1e52-40f7-ac37-1e96318984a0" testId="e7af5983-4779-41b6-14d3-f05ee86282c2" testName="buscarNewsletterPorIdTest" computerName="DIEGO-PC" duration="00:00:00.0020792" startTime="2012-11-19T01:14:32.5372281-03:00" endTime="2012-11-19T01:14:32.5452285-03:00" testType="13cdc9d9-ddb5-4fa4-a97d-d965ccfc6d4b" outcome="Passed" testListId="8c84fa94-04c1-424b-9868-57a2d4851a1d" relativeResultsDirectory="bf3cedb9-1e52-40f7-ac37-1e96318984a0">
      <Output>
        <StdOut>Save/Update: select * from newsletter WHERE  newsletter.id=2</StdOut>
      </Output>
    </UnitTestResult>
    <UnitTestResult executionId="1e9e67ab-da46-4e32-8164-5e0d778a6390" testId="e8b1e8f2-7674-bb72-605f-9a7a2bc1bfee" testName="buscarColorConRestriccionesTest" computerName="DIEGO-PC" duration="00:00:00.0022861" startTime="2012-11-19T01:14:32.5472286-03:00" endTime="2012-11-19T01:14:32.5582293-03:00" testType="13cdc9d9-ddb5-4fa4-a97d-d965ccfc6d4b" outcome="Passed" testListId="8c84fa94-04c1-424b-9868-57a2d4851a1d" relativeResultsDirectory="1e9e67ab-da46-4e32-8164-5e0d778a6390">
      <Output>
        <StdOut>Save/Update: select * from color WHERE  color.codigo_color=3</StdOut>
      </Output>
    </UnitTestResult>
    <UnitTestResult executionId="30c7e9d2-5d2b-44c2-9bc5-e07095dbd1cd" testId="e97e5cde-c25e-cb0e-69db-a3582bc2ca43" testName="buscarProveedoresPorNombreTest" computerName="DIEGO-PC" duration="00:00:00.0062145" startTime="2012-11-19T01:14:32.5632296-03:00" endTime="2012-11-19T01:14:32.5762303-03:00" testType="13cdc9d9-ddb5-4fa4-a97d-d965ccfc6d4b" outcome="Passed" testListId="8c84fa94-04c1-424b-9868-57a2d4851a1d" relativeResultsDirectory="30c7e9d2-5d2b-44c2-9bc5-e07095dbd1cd">
      <Output>
        <StdOut>Save/Update: select * from Proveedor WHERE  Proveedor.nombre LIKE '%nomb%'
Save/Update: select * from OrdenDeCompra WHERE  OrdenDeCompra.id_proveedor=1  ; select * from documento_movimiento; select * from LineaOrdenDeCompra WHERE borrado = 0
Save/Update: select * from OrdenDeCompra WHERE  OrdenDeCompra.id_proveedor=2  ; select * from documento_movimiento; select * from LineaOrdenDeCompra WHERE borrado = 0
Save/Update: select * from OrdenDeCompra WHERE  OrdenDeCompra.id_proveedor=3  ; select * from documento_movimiento; select * from LineaOrdenDeCompra WHERE borrado = 0
Save/Update: delete OrdenDeCompra where nro_doc=5
Save/Update: delete documento where nro_doc=5
Save/Update: DELETE Proveedor WHERE id_proveedor=4  
Save/Update: UPDATE Proveedor SET nombre='nombre1', telefono='1111-1111', direccion='direccion 1' WHERE id_proveedor=1  ;</StdOut>
      </Output>
    </UnitTestResult>
    <UnitTestResult executionId="9e99be9c-efa8-4077-aa73-929ac8d33489" testId="e9b80469-e28c-1b2c-5a36-980b3cb0f728" testName="grabarLineaTest" computerName="DIEGO-PC" duration="00:00:00.0052652" startTime="2012-11-19T01:14:32.5802305-03:00" endTime="2012-11-19T01:14:32.5922312-03:00" testType="13cdc9d9-ddb5-4fa4-a97d-d965ccfc6d4b" outcome="Passed" testListId="8c84fa94-04c1-424b-9868-57a2d4851a1d" relativeResultsDirectory="9e99be9c-efa8-4077-aa73-929ac8d33489">
      <Output>
        <StdOut>Save/Update: SELECT  ISNULL(MAX(nro_linea + 1),1) from LineaFactura WHERE nro_factura=1 AND nro_sucursal=1 AND tipo_factura='A'
Save/Update: INSERT INTO LineaFactura (nro_factura, nro_sucursal, tipo_factura, nro_linea, cod_producto, cantidad, precio, borrado) VALUES (1 , 1 , 'A', 3 , 3 , 33 , 33.3, 0 ); 
Save/Update: select * from LineaFactura WHERE  LineaFactura.nro_factura=1  AND  LineaFactura.nro_linea=3  AND  LineaFactura.nro_sucursal=1  AND  LineaFactura.tipo_factura='A' 
Save/Update: DELETE LineaFactura WHERE nro_factura=1  AND nro_sucursal=1  AND tipo_factura='A' AND nro_linea=3</StdOut>
      </Output>
    </UnitTestResult>
    <UnitTestResult executionId="63f517fa-cd00-4d7c-b68c-70d5f2c42843" testId="ea022a26-3382-db95-b68b-60ac6f18deb0" testName="CargarClientesTest" computerName="DIEGO-PC" duration="00:00:00.0302791" startTime="2012-11-19T01:14:32.5962314-03:00" endTime="2012-11-19T01:14:32.6342336-03:00" testType="13cdc9d9-ddb5-4fa4-a97d-d965ccfc6d4b" outcome="Passed" testListId="8c84fa94-04c1-424b-9868-57a2d4851a1d" relativeResultsDirectory="63f517fa-cd00-4d7c-b68c-70d5f2c42843">
      <Output>
        <StdOut>Save/Update: select * from Cliente; select * from cliente_movimientos; select * from Pedido WHERE borrado = 0; select * from Factura WHERE borrado = 0; select * from Diseño WHERE borrado = 0
Save/Update: select * from Usuario WHERE  Usuario.usuarioID=1  ; select * from JoinUsuarioToFamilia; select * from JoinPatenteToUsuario
Save/Update: select * from Familia JOIN JoinUsuarioToFamilia AS usuarios ON Familia.familiaID=usuarios.familiaID WHERE usuarios.usuarioID=1  ; select * from JoinFamiliaToPatente
Save/Update: select * from Patente JOIN JoinPatenteToUsuario AS usuario ON Patente.patenteId=usuario.patenteId WHERE usuario.usuarioID=1  
Save/Update: select * from Cliente WHERE  Cliente.usuarioID=1  ; select * from cliente_movimientos; select * from Pedido WHERE borrado = 0; select * from Factura WHERE borrado = 0; select * from Diseño WHERE borrado = 0
Save/Update: select * from Diseño WHERE  Diseño.id_cliente=1  ; select * from historico_estados_diseño WHERE borrado = 0
Save/Update: select * from Factura WHERE  Factura.id_cliente=1  ; select * from documento_movimiento; select * from LineaFactura WHERE borrado = 0
Save/Update: select * from Pedido WHERE  Pedido.id_cliente=1  ; select * from produccion WHERE borrado = 0; select * from historico_estados_pedido WHERE borrado = 0
Save/Update: select * from MovimientosCuenta JOIN cliente_movimientos AS cliente ON MovimientosCuenta.nro_movimiento=cliente.nro_movimiento WHERE cliente.id_cliente=1  AND cliente.id_cliente IS NOT  NULL ; select * from cliente_movimientos; select * from documento_movimiento
Save/Update: select * from Usuario WHERE  Usuario.usuarioID=2  ; select * from JoinUsuarioToFamilia; select * from JoinPatenteToUsuario
Save/Update: select * from Familia JOIN JoinUsuarioToFamilia AS usuarios ON Familia.familiaID=usuarios.familiaID WHERE usuarios.usuarioID=2  ; select * from JoinFamiliaToPatente
Save/Update: select * from Patente JOIN JoinFamiliaToPatente AS familia ON Patente.patenteId=familia.patenteId WHERE familia.familiaID=2  
Save/Update: select * from Patente JOIN JoinPatenteToUsuario AS usuario ON Patente.patenteId=usuario.patenteId WHERE usuario.usuarioID=2  
Save/Update: select * from Cliente WHERE  Cliente.usuarioID=2  ; select * from cliente_movimientos; select * from Pedido WHERE borrado = 0; select * from Factura WHERE borrado = 0; select * from Diseño WHERE borrado = 0
Save/Update: select * from Diseño WHERE  Diseño.id_cliente=2  ; select * from historico_estados_diseño WHERE borrado = 0
Save/Update: select * from Factura WHERE  Factura.id_cliente=2  ; select * from documento_movimiento; select * from LineaFactura WHERE borrado = 0
Save/Update: select * from Pedido WHERE  Pedido.id_cliente=2  ; select * from produccion WHERE borrado = 0; select * from historico_estados_pedido WHERE borrado = 0
Save/Update: select * from MovimientosCuenta JOIN cliente_movimientos AS cliente ON MovimientosCuenta.nro_movimiento=cliente.nro_movimiento WHERE cliente.id_cliente=2  AND cliente.id_cliente IS NOT  NULL ; select * from cliente_movimientos; select * from documento_movimiento</StdOut>
      </Output>
    </UnitTestResult>
    <UnitTestResult executionId="ae2f3261-a5ac-41d3-8868-dd377773df2b" testId="eb042ce3-5f20-3d74-ebeb-88f3067e39ea" testName="cargarPedidoPorRestriccionesTest" computerName="DIEGO-PC" duration="00:00:00.0095210" startTime="2012-11-19T01:14:32.6382338-03:00" endTime="2012-11-19T01:14:32.6552348-03:00" testType="13cdc9d9-ddb5-4fa4-a97d-d965ccfc6d4b" outcome="Passed" testListId="8c84fa94-04c1-424b-9868-57a2d4851a1d" relativeResultsDirectory="ae2f3261-a5ac-41d3-8868-dd377773df2b">
      <Output>
        <StdOut>Save/Update: select * from Pedido JOIN produccion AS trabajos ON Pedido.cod_pedido=trabajos.cod_pedido WHERE  Pedido.cod_pedido=1  AND  Pedido.comentario='comentario1' AND  Pedido.id_cliente=1  AND  Pedido.tipo_pedido=1  AND trabajos.cod_produccion=3  AND  Pedido.estadoActual=3  AND  Pedido.borrado=0  ; select * from produccion WHERE borrado = 0; select * from historico_estados_pedido WHERE borrado = 0
Save/Update: DELETE Pedido WHERE cod_pedido=5</StdOut>
      </Output>
    </UnitTestResult>
    <UnitTestResult executionId="78c1479c-32bb-48db-8e37-07257cc5f8a8" testId="ecaad254-0b1d-a420-c28a-c8ca0ba7c959" testName="cargarUsuarioPorIdTest" computerName="DIEGO-PC" duration="00:00:00.0067919" startTime="2012-11-19T01:14:32.6592350-03:00" endTime="2012-11-19T01:14:32.6732358-03:00" testType="13cdc9d9-ddb5-4fa4-a97d-d965ccfc6d4b" outcome="Passed" testListId="8c84fa94-04c1-424b-9868-57a2d4851a1d" relativeResultsDirectory="78c1479c-32bb-48db-8e37-07257cc5f8a8">
      <Output>
        <StdOut>Save/Update: select * from Usuario WHERE  Usuario.usuarioID=3  ; select * from JoinUsuarioToFamilia; select * from JoinPatenteToUsuario
Save/Update: select * from Familia JOIN JoinUsuarioToFamilia AS usuarios ON Familia.familiaID=usuarios.familiaID WHERE usuarios.usuarioID=3  ; select * from JoinFamiliaToPatente
Save/Update: select * from Patente JOIN JoinFamiliaToPatente AS familia ON Patente.patenteId=familia.patenteId WHERE familia.familiaID=6  
Save/Update: select * from Patente JOIN JoinPatenteToUsuario AS usuario ON Patente.patenteId=usuario.patenteId WHERE usuario.usuarioID=3  
Save/Update: select * from Cliente WHERE  Cliente.usuarioID=3  ; select * from cliente_movimientos; select * from Pedido WHERE borrado = 0; select * from Factura WHERE borrado = 0; select * from Diseño WHERE borrado = 0</StdOut>
      </Output>
    </UnitTestResult>
    <UnitTestResult executionId="4ffca104-af63-4597-9ee4-4c4f991fc115" testId="ecabc92d-2f24-55b0-b16a-755e692c4e1a" testName="calcularFinalizacionTest2" computerName="DIEGO-PC" duration="00:00:00.0027227" startTime="2012-11-19T01:14:32.6772361-03:00" endTime="2012-11-19T01:14:32.6852365-03:00" testType="13cdc9d9-ddb5-4fa4-a97d-d965ccfc6d4b" outcome="Passed" testListId="8c84fa94-04c1-424b-9868-57a2d4851a1d" relativeResultsDirectory="4ffca104-af63-4597-9ee4-4c4f991fc115">
      <Output>
        <StdOut>Save/Update: DELETE produccion_operador WHERE id_operador=2  AND cod_prodcuccion=7  
Save/Update: DELETE historico_estados_produccion WHERE nro_estado=1  AND cod_produccion=7  
Save/Update: DELETE historico_estados_produccion WHERE nro_estado=2  AND cod_produccion=7  
Save/Update: DELETE produccion WHERE cod_produccion=7</StdOut>
      </Output>
    </UnitTestResult>
    <UnitTestResult executionId="e00a6713-22a6-4a2a-9d8d-3e8c086e45b8" testId="ecd27a0e-9f35-c43e-8c11-1b73255aae3c" testName="buscarColorTest" computerName="DIEGO-PC" duration="00:00:00.0037965" startTime="2012-11-19T01:14:32.6902368-03:00" endTime="2012-11-19T01:14:32.6992373-03:00" testType="13cdc9d9-ddb5-4fa4-a97d-d965ccfc6d4b" outcome="Passed" testListId="8c84fa94-04c1-424b-9868-57a2d4851a1d" relativeResultsDirectory="e00a6713-22a6-4a2a-9d8d-3e8c086e45b8">
      <Output>
        <StdOut>Save/Update: select * from color</StdOut>
      </Output>
    </UnitTestResult>
    <UnitTestResult executionId="f4ba1d1f-eb37-4289-b072-516db71367ea" testId="eda2ca79-f409-f699-6d33-a3da45e5d953" testName="listarOpinionesTest" computerName="DIEGO-PC" duration="00:00:00.0042091" startTime="2012-11-19T01:14:32.7032376-03:00" endTime="2012-11-19T01:14:32.7142382-03:00" testType="13cdc9d9-ddb5-4fa4-a97d-d965ccfc6d4b" outcome="Passed" testListId="8c84fa94-04c1-424b-9868-57a2d4851a1d" relativeResultsDirectory="f4ba1d1f-eb37-4289-b072-516db71367ea">
      <Output>
        <StdOut>Save/Update: select * from opiniones</StdOut>
      </Output>
    </UnitTestResult>
    <UnitTestResult executionId="fd41306a-a38a-4d06-9339-0839beb22b8c" testId="edb7a5b7-9d9c-7fee-8224-ff9d0e654bf2" testName="grabarFamiliaTest" computerName="DIEGO-PC" duration="00:00:00.0066266" startTime="2012-11-19T01:14:32.7192385-03:00" endTime="2012-11-19T01:14:32.7312392-03:00" testType="13cdc9d9-ddb5-4fa4-a97d-d965ccfc6d4b" outcome="Passed" testListId="8c84fa94-04c1-424b-9868-57a2d4851a1d" relativeResultsDirectory="fd41306a-a38a-4d06-9339-0839beb22b8c">
      <Output>
        <StdOut>Save/Update: INSERT INTO Familia (familiaID, descripcion, nombre) VALUES (7 , 'familia test', 'test'); DELETE JoinFamiliaToPatente where familiaID=7  ;  INSERT INTO JoinFamiliaToPatente ( familiaID, patenteId) VALUES ( 7 , 9 ); 
Save/Update: select * from Familia WHERE  Familia.familiaID=7  ; select * from JoinFamiliaToPatente
Save/Update: DELETE JoinFamiliaToPatente where familiaID=7  ; ;DELETE Familia WHERE familiaID=7</StdOut>
      </Output>
    </UnitTestResult>
    <UnitTestResult executionId="5630ce04-3007-4af7-b49a-2a5077346563" testId="ee5f9022-6777-7fb2-dcc5-530f17ab50c0" testName="borrarArticuloTest" computerName="DIEGO-PC" duration="00:00:00.0187277" startTime="2012-11-19T01:14:32.7362395-03:00" endTime="2012-11-19T01:14:32.7622409-03:00" testType="13cdc9d9-ddb5-4fa4-a97d-d965ccfc6d4b" outcome="Passed" testListId="8c84fa94-04c1-424b-9868-57a2d4851a1d" relativeResultsDirectory="5630ce04-3007-4af7-b49a-2a5077346563">
      <Output>
        <StdOut>Save/Update: SELECT  ISNULL(MAX(cod_articulo + 1),1) from Articulos
Save/Update: INSERT INTO Articulos (cod_articulo, tipoPrendaID, diseñoID, comentario, produccion, precioActual, borrado) VALUES (4 , 3 , 2 , 'com test', 10 , 1, 0 ); UPDATE lista_precios SET borrado=1 WHERE cod_articulo=4  ; 
Save/Update: SELECT  ISNULL( MAX(nro_lista + 1), 1) from lista_precios WHERE cod_articulo=4
Save/Update: INSERT INTO lista_precios (nro_lista, cod_articulo, precio, fechaDesde, fechaHasta, borrado) VALUES (1 , 4 , 1,  CAST('19/11/2012 01:14:32.745'  AS DateTime),  NULL , 0 ); 
Save/Update: select * from Articulos WHERE  Articulos.cod_articulo=4  ; select * from lista_precios WHERE borrado = 0
Save/Update: select * from lista_precios WHERE  lista_precios.cod_articulo=4  
Save/Update: select * from TipoPrenda WHERE  TipoPrenda.tipo_prenda=3  
Save/Update: select * from Diseño WHERE  Diseño.cod_diseño=2  ; select * from historico_estados_diseño WHERE borrado = 0
Save/Update: UPDATE Articulos SET tipoPrendaID=3 , diseñoID=2 , comentario='com test', produccion=10 , precioActual=1, borrado=1  WHERE cod_articulo=4  ; UPDATE lista_precios SET borrado=1 WHERE cod_articulo=4  ; 
Save/Update: select * from Articulos WHERE  Articulos.cod_articulo=4  ; select * from lista_precios WHERE borrado = 0
Save/Update: select * from lista_precios WHERE  lista_precios.cod_articulo=4  
Save/Update: select * from TipoPrenda WHERE  TipoPrenda.tipo_prenda=3  
Save/Update: select * from Diseño WHERE  Diseño.cod_diseño=2  ; select * from historico_estados_diseño WHERE borrado = 0
Save/Update: DELETE lista_precios WHERE nro_lista=1  AND cod_articulo=4  
Save/Update: DELETE lista_precios WHERE nro_lista=2  AND cod_articulo=4  
Save/Update: DELETE Articulos WHERE cod_articulo=4</StdOut>
      </Output>
    </UnitTestResult>
    <UnitTestResult executionId="63f4377a-74db-452f-9d83-f0e7231282e0" testId="ef762903-5f73-156d-4c6c-edbea7a556ad" testName="actualizarInsumoTest" computerName="DIEGO-PC" duration="00:00:00.0154198" startTime="2012-11-19T01:14:32.7682413-03:00" endTime="2012-11-19T01:14:32.7902425-03:00" testType="13cdc9d9-ddb5-4fa4-a97d-d965ccfc6d4b" outcome="Passed" testListId="8c84fa94-04c1-424b-9868-57a2d4851a1d" relativeResultsDirectory="63f4377a-74db-452f-9d83-f0e7231282e0">
      <Output>
        <StdOut>Save/Update: SELECT  ISNULL(MAX(cod_insumo + 1),1) from insumo
Save/Update: INSERT INTO insumo (cod_insumo, nombre, id_tipo_insumo, color, detalle, costo, cantidadActual) VALUES (5 , 'test creacion', 1 , 1 , 'insumo repo test', 5, 100 ); 
Save/Update: SELECT  ISNULL(MAX(nro_movimiento + 1),1) from MovimientosStock WHERE cod_insumo=5
Save/Update: INSERT INTO MovimientosStock (nro_movimiento, cod_insumo, tipo, fecha, cantidad) VALUES (1 , 5 , 1 ,  CAST('19/11/2012 01:14:32.777'  AS DateTime), 100); 
Save/Update: select * from insumo WHERE  insumo.cod_insumo=5  
Save/Update: select * from tipoInsumo WHERE  tipoInsumo.tipo_insumo=1  
Save/Update: select * from color WHERE  color.codigo_color=1  
Save/Update: select * from MovimientosStock WHERE  MovimientosStock.cod_insumo=5  
Save/Update: UPDATE insumo SET nombre='test creacion', id_tipo_insumo=1 , color=1 , detalle='insumo repo test', costo=5, cantidadActual=250  WHERE cod_insumo=5  ; 
Save/Update: SELECT  ISNULL(MAX(nro_movimiento + 1),1) from MovimientosStock WHERE cod_insumo=5
Save/Update: INSERT INTO MovimientosStock (nro_movimiento, cod_insumo, tipo, fecha, cantidad) VALUES (2 , 5 , 1 ,  CAST('19/11/2012 01:14:32.782'  AS DateTime), 150); 
Save/Update: select * from insumo WHERE  insumo.cod_insumo=5  
Save/Update: select * from tipoInsumo WHERE  tipoInsumo.tipo_insumo=1  
Save/Update: select * from color WHERE  color.codigo_color=1  
Save/Update: select * from MovimientosStock WHERE  MovimientosStock.cod_insumo=5  
Save/Update: DELETE MovimientosStock WHERE nro_movimiento=1  AND cod_insumo=5  
Save/Update: DELETE MovimientosStock WHERE nro_movimiento=2  AND cod_insumo=5  
Save/Update: DELETE insumo WHERE cod_insumo=5</StdOut>
      </Output>
    </UnitTestResult>
    <UnitTestResult executionId="71ccda72-f051-47de-a21f-a385d1be0729" testId="f07288f5-2f3d-e939-3514-a642579a478e" testName="borrarFamiliaTest" computerName="DIEGO-PC" duration="00:00:00.0063467" startTime="2012-11-19T01:14:32.7962429-03:00" endTime="2012-11-19T01:14:32.8112437-03:00" testType="13cdc9d9-ddb5-4fa4-a97d-d965ccfc6d4b" outcome="Passed" testListId="8c84fa94-04c1-424b-9868-57a2d4851a1d" relativeResultsDirectory="71ccda72-f051-47de-a21f-a385d1be0729">
      <Output>
        <StdOut>Save/Update: INSERT INTO Familia (familiaID, descripcion, nombre) VALUES (7 , 'familia test', 'test'); DELETE JoinFamiliaToPatente where familiaID=7  ;  INSERT INTO JoinFamiliaToPatente ( familiaID, patenteId) VALUES ( 7 , 9 ); 
Save/Update: select * from Familia WHERE  Familia.familiaID=7  ; select * from JoinFamiliaToPatente
Save/Update: select * from Patente JOIN JoinFamiliaToPatente AS familia ON Patente.patenteId=familia.patenteId WHERE familia.familiaID=7  
Save/Update: DELETE JoinFamiliaToPatente where familiaID=7  ; ;DELETE Familia WHERE familiaID=7  
Save/Update: select * from Familia WHERE  Familia.familiaID=7  ; select * from JoinFamiliaToPatente</StdOut>
      </Output>
    </UnitTestResult>
    <UnitTestResult executionId="4bc83293-f7ad-4ef9-9f33-5951ec90919e" testId="f0936119-968f-f4d0-680f-3a810a2a1183" testName="listarProduccionPorArticuloTest" computerName="DIEGO-PC" duration="00:00:00.0119612" startTime="2012-11-19T01:14:32.8152440-03:00" endTime="2012-11-19T01:14:32.8372452-03:00" testType="13cdc9d9-ddb5-4fa4-a97d-d965ccfc6d4b" outcome="Passed" testListId="8c84fa94-04c1-424b-9868-57a2d4851a1d" relativeResultsDirectory="4bc83293-f7ad-4ef9-9f33-5951ec90919e">
      <Output>
        <StdOut>Save/Update: select * from produccion WHERE  produccion.cod_articulo=1  ; select * from historico_estados_produccion WHERE borrado = 0
Save/Update: select * from Pedido WHERE  Pedido.cod_pedido=1  ; select * from produccion WHERE borrado = 0; select * from historico_estados_pedido WHERE borrado = 0
Save/Update: select * from Maquina WHERE  Maquina.cod_maquina=1  ; select * from JoinMaquinaToTipoPrenda
Save/Update: select * from Articulos WHERE  Articulos.cod_articulo=1  ; select * from lista_precios WHERE borrado = 0
Save/Update: select * from EstadoTrabajos WHERE  EstadoTrabajos.cod_estado=3  
Save/Update: select * from historico_estados_produccion WHERE  historico_estados_produccion.cod_produccion=1  
Save/Update: select * from produccion_operador WHERE  produccion_operador.cod_prodcuccion=1  
Save/Update: DELETE produccion_operador WHERE id_operador=2  AND cod_prodcuccion=7  
Save/Update: DELETE historico_estados_produccion WHERE nro_estado=1  AND cod_produccion=7  
Save/Update: DELETE historico_estados_produccion WHERE nro_estado=2  AND cod_produccion=7  
Save/Update: DELETE produccion WHERE cod_produccion=7</StdOut>
      </Output>
    </UnitTestResult>
    <UnitTestResult executionId="cde85e30-4ac8-4bbf-a1fe-8cc64a0c8073" testId="f376c1cb-6c7e-6565-2dae-0872021038a2" testName="cargarNewsletterTest" computerName="DIEGO-PC" duration="00:00:00.0025859" startTime="2012-11-19T01:14:32.8462457-03:00" endTime="2012-11-19T01:14:32.8582464-03:00" testType="13cdc9d9-ddb5-4fa4-a97d-d965ccfc6d4b" outcome="Passed" testListId="8c84fa94-04c1-424b-9868-57a2d4851a1d" relativeResultsDirectory="cde85e30-4ac8-4bbf-a1fe-8cc64a0c8073">
      <Output>
        <StdOut>Save/Update: select * from newsletter</StdOut>
      </Output>
    </UnitTestResult>
    <UnitTestResult executionId="db4e3861-fc95-45bd-851e-7422114275a5" testId="f384b49a-3778-3092-73a3-70a68b63c811" testName="buscarEstadosPorIdTest" computerName="DIEGO-PC" duration="00:00:00.0023849" startTime="2012-11-19T01:14:32.8662469-03:00" endTime="2012-11-19T01:14:32.8752474-03:00" testType="13cdc9d9-ddb5-4fa4-a97d-d965ccfc6d4b" outcome="Passed" testListId="8c84fa94-04c1-424b-9868-57a2d4851a1d" relativeResultsDirectory="db4e3861-fc95-45bd-851e-7422114275a5">
      <Output>
        <StdOut>Save/Update: select * from EstadoTrabajos WHERE  EstadoTrabajos.cod_estado=2</StdOut>
      </Output>
    </UnitTestResult>
    <UnitTestResult executionId="836aee56-64c0-49fa-b05c-6cb75f52f44f" testId="f50b51cf-39fa-28c4-720a-03db16299af8" testName="listarInsumosTest" computerName="DIEGO-PC" duration="00:00:00.0077425" startTime="2012-11-19T01:14:32.8792476-03:00" endTime="2012-11-19T01:14:32.8962486-03:00" testType="13cdc9d9-ddb5-4fa4-a97d-d965ccfc6d4b" outcome="Passed" testListId="8c84fa94-04c1-424b-9868-57a2d4851a1d" relativeResultsDirectory="836aee56-64c0-49fa-b05c-6cb75f52f44f">
      <Output>
        <StdOut>Save/Update: select * from insumo
Save/Update: select * from tipoInsumo WHERE  tipoInsumo.tipo_insumo=1  
Save/Update: select * from color WHERE  color.codigo_color=1  
Save/Update: select * from MovimientosStock WHERE  MovimientosStock.cod_insumo=1  
Save/Update: select * from tipoInsumo WHERE  tipoInsumo.tipo_insumo=1  
Save/Update: select * from color WHERE  color.codigo_color=2  
Save/Update: select * from MovimientosStock WHERE  MovimientosStock.cod_insumo=2  
Save/Update: select * from tipoInsumo WHERE  tipoInsumo.tipo_insumo=1  
Save/Update: select * from color WHERE  color.codigo_color=3  
Save/Update: select * from MovimientosStock WHERE  MovimientosStock.cod_insumo=3  
Save/Update: select * from tipoInsumo WHERE  tipoInsumo.tipo_insumo=1  
Save/Update: select * from color WHERE  color.codigo_color=4  
Save/Update: select * from MovimientosStock WHERE  MovimientosStock.cod_insumo=4  
Save/Update: DELETE MovimientosStock WHERE nro_movimiento=1  AND cod_insumo=5  
Save/Update: DELETE MovimientosStock WHERE nro_movimiento=2  AND cod_insumo=5  
Save/Update: DELETE insumo WHERE cod_insumo=5</StdOut>
      </Output>
    </UnitTestResult>
    <UnitTestResult executionId="3a14e358-640a-4c36-a7d7-ef4aa5d072e1" testId="f537791f-903e-76d6-5080-80a4dc15bac2" testName="buscarPorDescripcionTest" computerName="DIEGO-PC" duration="00:00:00.0065446" startTime="2012-11-19T01:14:32.9002488-03:00" endTime="2012-11-19T01:14:32.9142496-03:00" testType="13cdc9d9-ddb5-4fa4-a97d-d965ccfc6d4b" outcome="Passed" testListId="8c84fa94-04c1-424b-9868-57a2d4851a1d" relativeResultsDirectory="3a14e358-640a-4c36-a7d7-ef4aa5d072e1">
      <Output>
        <StdOut>Save/Update: select * from produccion_operador WHERE  produccion_operador.id_operador=2  AND  produccion_operador.cod_prodcuccion=5  AND  produccion_operador.porcentaje=100</StdOut>
      </Output>
    </UnitTestResult>
    <UnitTestResult executionId="bc5206bb-56ec-435f-81bb-b8ad66628259" testId="f55d90a1-1701-8dfe-c19c-fedfde1208d9" testName="listarArticulosPorDiseñoTest" computerName="DIEGO-PC" duration="00:00:00.0082706" startTime="2012-11-19T01:14:32.9192499-03:00" endTime="2012-11-19T01:14:32.9332507-03:00" testType="13cdc9d9-ddb5-4fa4-a97d-d965ccfc6d4b" outcome="Passed" testListId="8c84fa94-04c1-424b-9868-57a2d4851a1d" relativeResultsDirectory="bc5206bb-56ec-435f-81bb-b8ad66628259">
      <Output>
        <StdOut>Save/Update: select * from Articulos WHERE  Articulos.diseñoID=1  AND  Articulos.borrado=0  ; select * from lista_precios WHERE borrado = 0
Save/Update: select * from lista_precios WHERE  lista_precios.cod_articulo=1  
Save/Update: select * from TipoPrenda WHERE  TipoPrenda.tipo_prenda=1  
Save/Update: select * from Diseño WHERE  Diseño.cod_diseño=1  ; select * from historico_estados_diseño WHERE borrado = 0
Save/Update: select * from lista_precios WHERE  lista_precios.cod_articulo=3  
Save/Update: select * from TipoPrenda WHERE  TipoPrenda.tipo_prenda=2  
Save/Update: select * from Diseño WHERE  Diseño.cod_diseño=1  ; select * from historico_estados_diseño WHERE borrado = 0
Save/Update: DELETE lista_precios WHERE nro_lista=1  AND cod_articulo=4  
Save/Update: DELETE lista_precios WHERE nro_lista=2  AND cod_articulo=4  
Save/Update: DELETE Articulos WHERE cod_articulo=4</StdOut>
      </Output>
    </UnitTestResult>
    <UnitTestResult executionId="c13a8349-790f-45e0-b2c9-acc881f23a84" testId="f58b52d0-5450-8dbe-40cd-ee9f7307e372" testName="grabarPedidoTest" computerName="DIEGO-PC" duration="00:00:00.0139679" startTime="2012-11-19T01:14:32.9372509-03:00" endTime="2012-11-19T01:14:32.9572521-03:00" testType="13cdc9d9-ddb5-4fa4-a97d-d965ccfc6d4b" outcome="Passed" testListId="8c84fa94-04c1-424b-9868-57a2d4851a1d" relativeResultsDirectory="c13a8349-790f-45e0-b2c9-acc881f23a84">
      <Output>
        <StdOut>Save/Update: SELECT  ISNULL(MAX(cod_pedido + 1),1) from Pedido
Save/Update: INSERT INTO Pedido (cod_pedido, comentario, id_cliente, tipo_pedido, estadoActual, fechaInicio, fechaFinal, borrado) VALUES (5 , 'comentario test', 2 , 2 , 2 ,  CAST('19/11/2012 01:14:32.943'  AS DateTime),  CAST('19/11/2012 01:14:32.943'  AS DateTime), 0 ); UPDATE produccion SET borrado=1 WHERE cod_pedido=5  ; UPDATE historico_estados_pedido SET borrado=1 WHERE cod_pedido=5  ; 
Save/Update: SELECT  ISNULL(MAX(nro_estado + 1),1) from historico_estados_pedido WHERE cod_pedido=5
Save/Update: INSERT INTO historico_estados_pedido (nro_estado, comentario, cod_pedido, fechaDesde, fechaHasta, estado, borrado) VALUES (1 , 'com', 5 ,  CAST('19/11/2012 01:14:32.943'  AS DateTime),  NULL , 1 , 0 ); 
Save/Update: SELECT  ISNULL(MAX(cod_produccion + 1),1) from produccion
Save/Update: INSERT INTO produccion (cod_produccion, comentario, cod_pedido, cod_maquina, cod_articulo, cantidad, estadoActual, utilizacion, fechaInicio, fechaFinal, borrado) VALUES (7 , 'com1', 5 , 2 , 1 , 10 , 1 , 1,  CAST('19/11/2012 01:14:32.943'  AS DateTime),  NULL , 0 ); UPDATE historico_estados_produccion SET borrado=1 WHERE cod_produccion=7  ; 
Save/Update: select * from Pedido WHERE  Pedido.cod_pedido=5  ; select * from produccion WHERE borrado = 0; select * from historico_estados_pedido WHERE borrado = 0
Save/Update: select * from historico_estados_pedido WHERE  historico_estados_pedido.cod_pedido=5  
Save/Update: select * from tipoPedido WHERE  tipoPedido.tipo_pedido=2  
Save/Update: select * from produccion WHERE  produccion.cod_pedido=5  ; select * from historico_estados_produccion WHERE borrado = 0
Save/Update: select * from Cliente WHERE  Cliente.id_cliente=2  ; select * from cliente_movimientos; select * from Pedido WHERE borrado = 0; select * from Factura WHERE borrado = 0; select * from Diseño WHERE borrado = 0
Save/Update: select * from EstadoPedido WHERE  EstadoPedido.estado_pedido=2  
Save/Update: DELETE historico_estados_pedido WHERE nro_estado=1  AND cod_pedido=5  
Save/Update: DELETE historico_estados_pedido WHERE nro_estado=2  AND cod_pedido=5  
Save/Update: DELETE produccion WHERE cod_produccion=7  
Save/Update: DELETE Pedido WHERE cod_pedido=5</StdOut>
      </Output>
    </UnitTestResult>
    <UnitTestResult executionId="f9775018-3d34-4539-941a-4836903eab28" testId="f6ab254b-b89e-8f66-b003-59dd11d22e62" testName="buscarTipoPedidosTest" computerName="DIEGO-PC" duration="00:00:00.0076723" startTime="2012-11-19T01:14:32.9612523-03:00" endTime="2012-11-19T01:14:32.9762532-03:00" testType="13cdc9d9-ddb5-4fa4-a97d-d965ccfc6d4b" outcome="Passed" testListId="8c84fa94-04c1-424b-9868-57a2d4851a1d" relativeResultsDirectory="f9775018-3d34-4539-941a-4836903eab28">
      <Output>
        <StdOut>Save/Update: select * from tipoPedido
Save/Update: select * from tipoPedido WHERE  tipoPedido.tipo_pedido=1  
Save/Update: select * from tipoPedido WHERE  tipoPedido.descripcion='sin turno'</StdOut>
      </Output>
    </UnitTestResult>
    <UnitTestResult executionId="aa50c7d2-62ab-4419-90c0-dac17d1731d3" testId="f6c04c30-f707-2281-f731-8598fcdc8f9b" testName="actualizarNewsletterTest" computerName="DIEGO-PC" duration="00:00:00.0042335" startTime="2012-11-19T01:14:32.9802534-03:00" endTime="2012-11-19T01:14:32.9902540-03:00" testType="13cdc9d9-ddb5-4fa4-a97d-d965ccfc6d4b" outcome="Passed" testListId="8c84fa94-04c1-424b-9868-57a2d4851a1d" relativeResultsDirectory="aa50c7d2-62ab-4419-90c0-dac17d1731d3">
      <Output>
        <StdOut>Save/Update: select * from newsletter WHERE  newsletter.nombre='news1' 
Save/Update: UPDATE newsletter SET newsletter='&lt;body background="#8A94AA"&gt;&lt;style type="text/css"&gt;&lt;!--body {	background-color: #8A94AA;}.txt-geral {	font-family: Georgia, Times New Roman, Times, serif;	font-size: 13px;}.style3 {	font-family: Georgia, Times New Roman, Times, serif;	font-size: 13px;	color:#003366;}.txt-geralp {	font-family: Georgia, Times New Roman, Times, serif;	font-size: 11px;}.style-grd {	font-family: Georgia, Times New Roman, Times, serif;	font-size: 18px;}--&gt; &lt;/style&gt;&lt;table width="600" border="0" align="center" cellpadding="0" cellspacing="0"&gt;  &lt;tr&gt;    &lt;td class="titulo3"&gt;&lt;img src="http://www.salvadorefilhos.pt/images/news/bg-topo.gif" alt="" width="600" height="21" /&gt;&lt;/td&gt;  &lt;/tr&gt;  &lt;tr&gt;    &lt;td align="center" bgcolor="#EEEBE0"&gt;&lt;div align="center"&gt;&lt;img src="http://www.salvadorefilhos.pt/images/news/img-topo.jpg" alt="Salvador &amp;amp; Filhos" width="600" height="206" border="0" /&gt;&lt;/div&gt;&lt;/td&gt;  &lt;/tr&gt;  &lt;tr&gt;    &lt;td bgcolor="#EEEBE0"&gt;&lt;table width="97%" border="0" align="center" cellpadding="0" cellspacing="16"&gt;      &lt;tr&gt;        &lt;td width="50%" height="34" valign="top" class="txt-geral"&gt;&lt;div class="style3"&gt;          &lt;p&gt;&lt;b&gt;UNIPROF&lt;/b&gt;&lt;/p&gt;          &lt;p&gt;&lt;b&gt;NEWSLETTER N&amp;ordm;9&lt;/b&gt;&lt;/p&gt;        &lt;/div&gt;&lt;/td&gt;        &lt;td width="50%" align="right" valign="top" class="txt-geral"&gt;&lt;img src="http://www.salvadorefilhos.pt/images/news/logo.gif" alt="Cristo Rei" width="99" height="66" /&gt;&lt;/td&gt;      &lt;/tr&gt;      &lt;tr&gt;        &lt;td colspan="2" valign="top" class="txt-geral"&gt;&lt;p align="center"&gt;&lt;img src="http://www.es.salvadorefilhos.pt/newsletter/images/tit-newsl9.gif" alt="Servicios Adicionales" width="550" height="100" /&gt;&lt;/p&gt;          	&lt;table width="100%" border="0" cellspacing="0" cellpadding="0"&gt;				&lt;tr&gt;					&lt;td width="60%" valign="top"&gt;&lt;h2&gt;&lt;span lang="ES-TRAD" xml:lang="ES-TRAD"&gt;&lt;strong&gt;Env&amp;iacute;o, recepci&amp;oacute;n&lt;/strong&gt;&lt;/span&gt;:&lt;/h2&gt;							&lt;ul&gt;								&lt;li&gt;&lt;span lang="ES-TRAD" xml:lang="ES-TRAD"&gt;Log&amp;iacute;stica de entrega y recogida de pedidos por nuestro   transportista especializado. &lt;/span&gt; &lt;/li&gt;								&lt;li&gt;&lt;span lang="ES-TRAD" xml:lang="ES-TRAD"&gt;Entregas r&amp;aacute;pidas. &lt;/span&gt; &lt;/li&gt;								&lt;li&gt;&lt;span lang="ES-TRAD" xml:lang="ES-TRAD"&gt;Trabajamos internacionalmente. &lt;/span&gt; &lt;/li&gt;								&lt;li&gt;&lt;span lang="ES-TRAD" xml:lang="ES-TRAD"&gt;Entrega directa a nuestros clientes.&lt;/span&gt;&lt;/li&gt;								&lt;/ul&gt;&lt;/td&gt;					&lt;td width="40%" align="right"&gt;&lt;img src="http://www.es.salvadorefilhos.pt/fotos/empresa/carrinho.gif" alt="Env&amp;iacute;o, recepci&amp;oacute;n" width="200" height="190" hspace="0" border="0" /&gt;&lt;/td&gt;				&lt;/tr&gt;				&lt;tr&gt;					&lt;td valign="top"&gt;&lt;h2&gt;&lt;br /&gt;						&lt;strong&gt;Embalaje&lt;/strong&gt;:&lt;/h2&gt;							&lt;ul&gt;								&lt;li&gt;&lt;span lang="ES-TRAD" xml:lang="ES-TRAD"&gt;Tenemos un servicio m&amp;aacute;s a la disponibilidad de nuestros clientes. &lt;/span&gt; &lt;/li&gt;								&lt;li&gt;&lt;span lang="ES-TRAD" xml:lang="ES-TRAD"&gt;Doblar y prensar las piezas personalizadas. &lt;/span&gt; &lt;/li&gt;								&lt;li&gt;&lt;span lang="ES-TRAD" xml:lang="ES-TRAD"&gt;Embalaje individual en una bolsa de pl&amp;aacute;stico. &lt;/span&gt; &lt;/li&gt;								&lt;li&gt;&lt;span lang="ES-TRAD" xml:lang="ES-TRAD"&gt;Embalaje m&amp;uacute;ltiple en una bolsa de pl&amp;aacute;stico. &lt;/span&gt; &lt;/li&gt;								&lt;li&gt;&lt;span lang="ES-TRAD" xml:lang="ES-TRAD"&gt;Embalaje en cajas de cart&amp;oacute;n&lt;/span&gt;&lt;/li&gt;								&lt;/ul&gt;&lt;/td&gt;					&lt;td align="right"&gt;&lt;br /&gt;							&lt;img src="http://www.es.salvadorefilhos.pt/fotos/empresa/embalagem.gif" alt="Embalaje" width="200" height="168" hspace="0" border="0" /&gt;&lt;/td&gt;				&lt;/tr&gt;				&lt;tr&gt;					&lt;td valign="top"&gt;&lt;h2&gt;&lt;br /&gt;						&lt;strong&gt;Control de calidad&lt;/strong&gt;:&lt;/h2&gt;							&lt;ul&gt;								&lt;li&gt;&lt;span lang="ES-TRAD" xml:lang="ES-TRAD"&gt;N&lt;/span&gt;uestros bordados son la prueba de la calidad y durabilidad,   colores s&amp;oacute;lidos y garantidos, calidad garantizada. &lt;/li&gt;								&lt;li&gt;Nuestros textiles son de un acabado de alta calidad, controlado y   probado. &lt;/li&gt;								&lt;li&gt;Control de calidad para todos nuestros art&amp;iacute;culos. &lt;/li&gt;								&lt;li&gt;La experiencia y conocimiento a su servicio. &lt;/li&gt;								&lt;li&gt;P&amp;oacute;nganos a prueba.&lt;/li&gt;								&lt;/ul&gt;&lt;/td&gt;					&lt;td align="right"&gt;&lt;br /&gt;							&lt;img height="200" alt="Control de calidad" src="http://www.es.salvadorefilhos.pt/fotos/empresa/maos.gif" width="200" border="0" /&gt;&lt;/td&gt;				&lt;/tr&gt;			&lt;/table&gt;          	&lt;p&gt;&lt;strong&gt;&amp;iexcl;&lt;a href=""&gt;Env&amp;iacute;enos su solicitud&lt;/a&gt;!&lt;img src="http://www.salvadorefilhos.pt/newsletter/images/download-es.gif" alt="Descargas, Diapositivos gratis" width="173" height="148" border="0" align="right" /&gt;&lt;/strong&gt;&lt;/b&gt;&lt;/p&gt;          &lt;p&gt;Descargue en su ordenador nuestro cat&amp;aacute;logo de hilos y lista de clis&amp;eacute;s en &lt;a href=""&gt;descargas&lt;/a&gt;. &lt;/p&gt;          &lt;p&gt; Calidad siempre em nuestros art&amp;iacute;culos garantizados y acabamiento especial.&lt;/p&gt;&lt;/td&gt;      &lt;/tr&gt;      &lt;tr&gt;        &lt;td colspan="2" valign="top" class="txt-geral"&gt;&lt;/td&gt;      &lt;/tr&gt;    &lt;/table&gt;    &lt;/td&gt;  &lt;/tr&gt;  &lt;tr&gt;   &lt;td&gt;&lt;img src="http://www.salvadorefilhos.pt/images/news/bg-bot.gif" alt="" width="600" height="50" /&gt;&lt;/td&gt;  &lt;/tr&gt;&lt;/table&gt;&lt;/body&gt;&lt;/html&gt;', nombre='news1', enviado=1  WHERE id=1  ; 
Save/Update: select * from newsletter WHERE  newsletter.id=1  
Save/Update: UPDATE newsletter SET newsletter='&lt;body background="#8A94AA"&gt;&lt;style type="text/css"&gt;&lt;!--body {	background-color: #8A94AA;}.txt-geral {	font-family: Georgia, Times New Roman, Times, serif;	font-size: 13px;}.style3 {	font-family: Georgia, Times New Roman, Times, serif;	font-size: 13px;	color:#003366;}.txt-geralp {	font-family: Georgia, Times New Roman, Times, serif;	font-size: 11px;}.style-grd {	font-family: Georgia, Times New Roman, Times, serif;	font-size: 18px;}--&gt; &lt;/style&gt;&lt;table width="600" border="0" align="center" cellpadding="0" cellspacing="0"&gt;  &lt;tr&gt;    &lt;td class="titulo3"&gt;&lt;img src="http://www.salvadorefilhos.pt/images/news/bg-topo.gif" alt="" width="600" height="21" /&gt;&lt;/td&gt;  &lt;/tr&gt;  &lt;tr&gt;    &lt;td align="center" bgcolor="#EEEBE0"&gt;&lt;div align="center"&gt;&lt;img src="http://www.salvadorefilhos.pt/images/news/img-topo.jpg" alt="Salvador &amp;amp; Filhos" width="600" height="206" border="0" /&gt;&lt;/div&gt;&lt;/td&gt;  &lt;/tr&gt;  &lt;tr&gt;    &lt;td bgcolor="#EEEBE0"&gt;&lt;table width="97%" border="0" align="center" cellpadding="0" cellspacing="16"&gt;      &lt;tr&gt;        &lt;td width="50%" height="34" valign="top" class="txt-geral"&gt;&lt;div class="style3"&gt;          &lt;p&gt;&lt;b&gt;UNIPROF&lt;/b&gt;&lt;/p&gt;          &lt;p&gt;&lt;b&gt;NEWSLETTER N&amp;ordm;9&lt;/b&gt;&lt;/p&gt;        &lt;/div&gt;&lt;/td&gt;        &lt;td width="50%" align="right" valign="top" class="txt-geral"&gt;&lt;img src="http://www.salvadorefilhos.pt/images/news/logo.gif" alt="Cristo Rei" width="99" height="66" /&gt;&lt;/td&gt;      &lt;/tr&gt;      &lt;tr&gt;        &lt;td colspan="2" valign="top" class="txt-geral"&gt;&lt;p align="center"&gt;&lt;img src="http://www.es.salvadorefilhos.pt/newsletter/images/tit-newsl9.gif" alt="Servicios Adicionales" width="550" height="100" /&gt;&lt;/p&gt;          	&lt;table width="100%" border="0" cellspacing="0" cellpadding="0"&gt;				&lt;tr&gt;					&lt;td width="60%" valign="top"&gt;&lt;h2&gt;&lt;span lang="ES-TRAD" xml:lang="ES-TRAD"&gt;&lt;strong&gt;Env&amp;iacute;o, recepci&amp;oacute;n&lt;/strong&gt;&lt;/span&gt;:&lt;/h2&gt;							&lt;ul&gt;								&lt;li&gt;&lt;span lang="ES-TRAD" xml:lang="ES-TRAD"&gt;Log&amp;iacute;stica de entrega y recogida de pedidos por nuestro   transportista especializado. &lt;/span&gt; &lt;/li&gt;								&lt;li&gt;&lt;span lang="ES-TRAD" xml:lang="ES-TRAD"&gt;Entregas r&amp;aacute;pidas. &lt;/span&gt; &lt;/li&gt;								&lt;li&gt;&lt;span lang="ES-TRAD" xml:lang="ES-TRAD"&gt;Trabajamos internacionalmente. &lt;/span&gt; &lt;/li&gt;								&lt;li&gt;&lt;span lang="ES-TRAD" xml:lang="ES-TRAD"&gt;Entrega directa a nuestros clientes.&lt;/span&gt;&lt;/li&gt;								&lt;/ul&gt;&lt;/td&gt;					&lt;td width="40%" align="right"&gt;&lt;img src="http://www.es.salvadorefilhos.pt/fotos/empresa/carrinho.gif" alt="Env&amp;iacute;o, recepci&amp;oacute;n" width="200" height="190" hspace="0" border="0" /&gt;&lt;/td&gt;				&lt;/tr&gt;				&lt;tr&gt;					&lt;td valign="top"&gt;&lt;h2&gt;&lt;br /&gt;						&lt;strong&gt;Embalaje&lt;/strong&gt;:&lt;/h2&gt;							&lt;ul&gt;								&lt;li&gt;&lt;span lang="ES-TRAD" xml:lang="ES-TRAD"&gt;Tenemos un servicio m&amp;aacute;s a la disponibilidad de nuestros clientes. &lt;/span&gt; &lt;/li&gt;								&lt;li&gt;&lt;span lang="ES-TRAD" xml:lang="ES-TRAD"&gt;Doblar y prensar las piezas personalizadas. &lt;/span&gt; &lt;/li&gt;								&lt;li&gt;&lt;span lang="ES-TRAD" xml:lang="ES-TRAD"&gt;Embalaje individual en una bolsa de pl&amp;aacute;stico. &lt;/span&gt; &lt;/li&gt;								&lt;li&gt;&lt;span lang="ES-TRAD" xml:lang="ES-TRAD"&gt;Embalaje m&amp;uacute;ltiple en una bolsa de pl&amp;aacute;stico. &lt;/span&gt; &lt;/li&gt;								&lt;li&gt;&lt;span lang="ES-TRAD" xml:lang="ES-TRAD"&gt;Embalaje en cajas de cart&amp;oacute;n&lt;/span&gt;&lt;/li&gt;								&lt;/ul&gt;&lt;/td&gt;					&lt;td align="right"&gt;&lt;br /&gt;							&lt;img src="http://www.es.salvadorefilhos.pt/fotos/empresa/embalagem.gif" alt="Embalaje" width="200" height="168" hspace="0" border="0" /&gt;&lt;/td&gt;				&lt;/tr&gt;				&lt;tr&gt;					&lt;td valign="top"&gt;&lt;h2&gt;&lt;br /&gt;						&lt;strong&gt;Control de calidad&lt;/strong&gt;:&lt;/h2&gt;							&lt;ul&gt;								&lt;li&gt;&lt;span lang="ES-TRAD" xml:lang="ES-TRAD"&gt;N&lt;/span&gt;uestros bordados son la prueba de la calidad y durabilidad,   colores s&amp;oacute;lidos y garantidos, calidad garantizada. &lt;/li&gt;								&lt;li&gt;Nuestros textiles son de un acabado de alta calidad, controlado y   probado. &lt;/li&gt;								&lt;li&gt;Control de calidad para todos nuestros art&amp;iacute;culos. &lt;/li&gt;								&lt;li&gt;La experiencia y conocimiento a su servicio. &lt;/li&gt;								&lt;li&gt;P&amp;oacute;nganos a prueba.&lt;/li&gt;								&lt;/ul&gt;&lt;/td&gt;					&lt;td align="right"&gt;&lt;br /&gt;							&lt;img height="200" alt="Control de calidad" src="http://www.es.salvadorefilhos.pt/fotos/empresa/maos.gif" width="200" border="0" /&gt;&lt;/td&gt;				&lt;/tr&gt;			&lt;/table&gt;          	&lt;p&gt;&lt;strong&gt;&amp;iexcl;&lt;a href=""&gt;Env&amp;iacute;enos su solicitud&lt;/a&gt;!&lt;img src="http://www.salvadorefilhos.pt/newsletter/images/download-es.gif" alt="Descargas, Diapositivos gratis" width="173" height="148" border="0" align="right" /&gt;&lt;/strong&gt;&lt;/b&gt;&lt;/p&gt;          &lt;p&gt;Descargue en su ordenador nuestro cat&amp;aacute;logo de hilos y lista de clis&amp;eacute;s en &lt;a href=""&gt;descargas&lt;/a&gt;. &lt;/p&gt;          &lt;p&gt; Calidad siempre em nuestros art&amp;iacute;culos garantizados y acabamiento especial.&lt;/p&gt;&lt;/td&gt;      &lt;/tr&gt;      &lt;tr&gt;        &lt;td colspan="2" valign="top" class="txt-geral"&gt;&lt;/td&gt;      &lt;/tr&gt;    &lt;/table&gt;    &lt;/td&gt;  &lt;/tr&gt;  &lt;tr&gt;   &lt;td&gt;&lt;img src="http://www.salvadorefilhos.pt/images/news/bg-bot.gif" alt="" width="600" height="50" /&gt;&lt;/td&gt;  &lt;/tr&gt;&lt;/table&gt;&lt;/body&gt;&lt;/html&gt;', nombre='news1', enviado=1  WHERE id=1  ;</StdOut>
      </Output>
    </UnitTestResult>
    <UnitTestResult executionId="2333746b-a717-490b-b326-9dce49a7fd1a" testId="f781ffff-ff93-71bc-5f5f-c8442c8a1cc0" testName="grabarMovimientosClienteTest" computerName="DIEGO-PC" duration="00:00:00.0080025" startTime="2012-11-19T01:14:32.9942542-03:00" endTime="2012-11-19T01:14:33.0082550-03:00" testType="13cdc9d9-ddb5-4fa4-a97d-d965ccfc6d4b" outcome="Passed" testListId="8c84fa94-04c1-424b-9868-57a2d4851a1d" relativeResultsDirectory="2333746b-a717-490b-b326-9dce49a7fd1a">
      <Output>
        <StdOut>Save/Update: SELECT  ISNULL(MAX(nro_movimiento + 1),1) from MovimientosCuenta
Save/Update: INSERT INTO MovimientosCuenta (nro_movimiento, comentario, fecha, monto, cuentaID, tipoMovimientoID) VALUES (4 , 'com4',  CAST('19/11/2012 01:14:33.000'  AS DateTime), 33.3, 1 , 2 ); DELETE proveedor_movimientos where nro_movimiento=4  ;  INSERT INTO proveedor_movimientos ( nro_movimiento, id_proveedor) VALUES ( 4 , 2 ); DELETE documento_movimiento where nro_movimiento=4  ; 
Save/Update: select * from MovimientosCuenta JOIN proveedor_movimientos AS proveedor ON MovimientosCuenta.nro_movimiento=proveedor.nro_movimiento WHERE  MovimientosCuenta.nro_movimiento=4  AND  MovimientosCuenta.monto=33.3 AND proveedor.id_proveedor IS NOT  NULL ; select * from proveedor_movimientos; select * from documento_movimiento
Save/Update: DELETE proveedor_movimientos where nro_movimiento=4  ; DELETE documento_movimiento where nro_movimiento=4  ; ;DELETE MovimientosCuenta WHERE nro_movimiento=4</StdOut>
      </Output>
    </UnitTestResult>
    <UnitTestResult executionId="24f08f3b-7668-44f5-bba1-22b11221c441" testId="f8f00cb1-b7c7-8a4f-6936-45675a68da47" testName="guardarArticuloTest" computerName="DIEGO-PC" duration="00:00:00.0102655" startTime="2012-11-19T01:14:33.0122552-03:00" endTime="2012-11-19T01:14:33.0292562-03:00" testType="13cdc9d9-ddb5-4fa4-a97d-d965ccfc6d4b" outcome="Passed" testListId="8c84fa94-04c1-424b-9868-57a2d4851a1d" relativeResultsDirectory="24f08f3b-7668-44f5-bba1-22b11221c441">
      <Output>
        <StdOut>Save/Update: SELECT  ISNULL(MAX(cod_articulo + 1),1) from Articulos
Save/Update: INSERT INTO Articulos (cod_articulo, tipoPrendaID, diseñoID, comentario, produccion, precioActual, borrado) VALUES (4 , 3 , 2 , 'com test', 10 , 1, 0 ); UPDATE lista_precios SET borrado=1 WHERE cod_articulo=4  ; 
Save/Update: SELECT  ISNULL( MAX(nro_lista + 1), 1) from lista_precios WHERE cod_articulo=4
Save/Update: INSERT INTO lista_precios (nro_lista, cod_articulo, precio, fechaDesde, fechaHasta, borrado) VALUES (1 , 4 , 1,  CAST('19/11/2012 01:14:33.019'  AS DateTime),  NULL , 0 ); 
Save/Update: select * from Articulos WHERE  Articulos.cod_articulo=4  ; select * from lista_precios WHERE borrado = 0
Save/Update: select * from lista_precios WHERE  lista_precios.cod_articulo=4  
Save/Update: select * from TipoPrenda WHERE  TipoPrenda.tipo_prenda=3  
Save/Update: select * from Diseño WHERE  Diseño.cod_diseño=2  ; select * from historico_estados_diseño WHERE borrado = 0
Save/Update: DELETE lista_precios WHERE nro_lista=1  AND cod_articulo=4  
Save/Update: DELETE lista_precios WHERE nro_lista=2  AND cod_articulo=4  
Save/Update: DELETE Articulos WHERE cod_articulo=4</StdOut>
      </Output>
    </UnitTestResult>
    <UnitTestResult executionId="f98bba43-ff6c-487d-b3e9-a2709af9fb22" testId="f90684a7-a79c-7fc4-62c1-2b02b1a46484" testName="buscarDiseñoPorIdTest" computerName="DIEGO-PC" duration="00:00:00.0099870" startTime="2012-11-19T01:14:33.0342565-03:00" endTime="2012-11-19T01:14:33.0492574-03:00" testType="13cdc9d9-ddb5-4fa4-a97d-d965ccfc6d4b" outcome="Passed" testListId="8c84fa94-04c1-424b-9868-57a2d4851a1d" relativeResultsDirectory="f98bba43-ff6c-487d-b3e9-a2709af9fb22">
      <Output>
        <StdOut>Save/Update: select * from Diseño WHERE  Diseño.cod_diseño=1  ; select * from historico_estados_diseño WHERE borrado = 0
Save/Update: select * from Cliente WHERE  Cliente.id_cliente=1  ; select * from cliente_movimientos; select * from Pedido WHERE borrado = 0; select * from Factura WHERE borrado = 0; select * from Diseño WHERE borrado = 0
Save/Update: select * from Usuario WHERE  Usuario.usuarioID=1  ; select * from JoinUsuarioToFamilia; select * from JoinPatenteToUsuario
Save/Update: select * from Diseño_insumos WHERE  Diseño_insumos.cod_diseño=1  
Save/Update: select * from historico_estados_diseño WHERE  historico_estados_diseño.cod_diseño=1  
Save/Update: select * from EstadoDiseños WHERE  EstadoDiseños.estado=2  
Save/Update: DELETE FROM Diseño_insumos where cod_diseño=3
Save/Update: DELETE FROM historico_estados_diseño where cod_diseño=3
Save/Update: DELETE Diseño WHERE cod_diseño=3</StdOut>
      </Output>
    </UnitTestResult>
    <UnitTestResult executionId="b51b1eea-4903-4ff6-ab98-9117421a5a7c" testId="f90c4160-5714-951f-7521-1af6d342eb17" testName="calcularTimepoTrabajoTest" computerName="DIEGO-PC" duration="00:00:00.0027820" startTime="2012-11-19T01:14:33.0532576-03:00" endTime="2012-11-19T01:14:33.0632582-03:00" testType="13cdc9d9-ddb5-4fa4-a97d-d965ccfc6d4b" outcome="Passed" testListId="8c84fa94-04c1-424b-9868-57a2d4851a1d" relativeResultsDirectory="b51b1eea-4903-4ff6-ab98-9117421a5a7c">
      <Output>
        <StdOut>Save/Update: DELETE produccion_operador WHERE id_operador=2  AND cod_prodcuccion=7  
Save/Update: DELETE historico_estados_produccion WHERE nro_estado=1  AND cod_produccion=7  
Save/Update: DELETE historico_estados_produccion WHERE nro_estado=2  AND cod_produccion=7  
Save/Update: DELETE produccion WHERE cod_produccion=7</StdOut>
      </Output>
    </UnitTestResult>
    <UnitTestResult executionId="793eacf0-12c7-4381-9bc9-fd8e7a5f2448" testId="fb8dd2a9-a240-beb6-bd3d-66e4ba26b2aa" testName="cargarMaquinasAptasTest" computerName="DIEGO-PC" duration="00:00:00.0099014" startTime="2012-11-19T01:14:33.0672584-03:00" endTime="2012-11-19T01:14:33.0832593-03:00" testType="13cdc9d9-ddb5-4fa4-a97d-d965ccfc6d4b" outcome="Passed" testListId="8c84fa94-04c1-424b-9868-57a2d4851a1d" relativeResultsDirectory="793eacf0-12c7-4381-9bc9-fd8e7a5f2448">
      <Output>
        <StdOut>Save/Update: select * from Maquina JOIN JoinMaquinaToTipoPrenda AS tiposPrenda ON Maquina.cod_maquina=tiposPrenda.cod_maquina WHERE  Maquina.altoMargen&gt;=11  AND  Maquina.anchoMargen&gt;=11  AND  Maquina.cabezales&gt;=1  AND  Maquina.cantidadColores&gt;=0  AND tiposPrenda.tipo_prenda=2  ; select * from JoinMaquinaToTipoPrenda
Save/Update: select * from TipoPrenda WHERE  TipoPrenda.tipo_prenda=1  
Save/Update: select * from TipoPrenda WHERE  TipoPrenda.tipo_prenda=2  
Save/Update: select * from TipoPrenda WHERE  TipoPrenda.tipo_prenda=3  
Save/Update: select * from TipoPrenda WHERE  TipoPrenda.tipo_prenda=1  
Save/Update: select * from TipoPrenda WHERE  TipoPrenda.tipo_prenda=2  
Save/Update: select * from TipoPrenda WHERE  TipoPrenda.tipo_prenda=3  
Save/Update: select * from TipoPrenda WHERE  TipoPrenda.tipo_prenda=1  
Save/Update: select * from TipoPrenda WHERE  TipoPrenda.tipo_prenda=2  
Save/Update: select * from TipoPrenda WHERE  TipoPrenda.tipo_prenda=3  
Save/Update: DELETE JoinMaquinaToTipoPrenda where cod_maquina=4  ; ;DELETE Maquina WHERE cod_maquina=4  
Save/Update: delete from JoinMaquinaToTipoPrenda where cod_maquina=4</StdOut>
      </Output>
    </UnitTestResult>
    <UnitTestResult executionId="76db3ea1-5e1a-427c-8741-bfa056818544" testId="fc8d00d7-7a7a-f0f3-a11d-98015016e42e" testName="borrarHistoricoEstadosTest" computerName="DIEGO-PC" duration="00:00:00.0049378" startTime="2012-11-19T01:14:33.0882596-03:00" endTime="2012-11-19T01:14:33.0992602-03:00" testType="13cdc9d9-ddb5-4fa4-a97d-d965ccfc6d4b" outcome="Passed" testListId="8c84fa94-04c1-424b-9868-57a2d4851a1d" relativeResultsDirectory="76db3ea1-5e1a-427c-8741-bfa056818544">
      <Output>
        <StdOut>Save/Update: SELECT  ISNULL(MAX(nro_estado + 1),1) from historico_estados_pedido WHERE cod_pedido=2
Save/Update: INSERT INTO historico_estados_pedido (nro_estado, comentario, cod_pedido, fechaDesde, fechaHasta, estado, borrado) VALUES (4 , 'comentario32', 2 ,  CAST('19/11/2012 01:14:33.093'  AS DateTime),  NULL , 4 , 0 ); 
Save/Update: select * from historico_estados_pedido WHERE  historico_estados_pedido.nro_estado=4  AND  historico_estados_pedido.cod_pedido=2  
Save/Update: DELETE historico_estados_pedido WHERE nro_estado=4  AND cod_pedido=2  
Save/Update: select * from historico_estados_pedido WHERE  historico_estados_pedido.nro_estado=4  AND  historico_estados_pedido.cod_pedido=2</StdOut>
      </Output>
    </UnitTestResult>
    <UnitTestResult executionId="cd381b0a-f483-4021-9271-042cf2e2945d" testId="fc8e027e-d84b-5121-34bf-469313af48e4" testName="cargarMensajePorConversacionTest" computerName="DIEGO-PC" duration="00:00:00.0037743" startTime="2012-11-19T01:14:33.1032604-03:00" endTime="2012-11-19T01:14:33.1132610-03:00" testType="13cdc9d9-ddb5-4fa4-a97d-d965ccfc6d4b" outcome="Passed" testListId="8c84fa94-04c1-424b-9868-57a2d4851a1d" relativeResultsDirectory="cd381b0a-f483-4021-9271-042cf2e2945d">
      <Output>
        <StdOut>Save/Update: select * from Mensaje WHERE  Mensaje.id_conversacion=1</StdOut>
      </Output>
    </UnitTestResult>
    <UnitTestResult executionId="df5657b4-dda0-49cf-b62c-e4b9b1fdbcf2" testId="fdbcf997-f735-49dd-2d86-a367fe3813bc" testName="grabarTest" computerName="DIEGO-PC" duration="00:00:00.0056239" startTime="2012-11-19T01:14:33.1162612-03:00" endTime="2012-11-19T01:14:33.1292619-03:00" testType="13cdc9d9-ddb5-4fa4-a97d-d965ccfc6d4b" outcome="Passed" testListId="8c84fa94-04c1-424b-9868-57a2d4851a1d" relativeResultsDirectory="df5657b4-dda0-49cf-b62c-e4b9b1fdbcf2">
      <Output>
        <StdOut>Save/Update: SELECT  ISNULL(MAX(id + 1),1) from Mensaje
Save/Update: INSERT INTO Mensaje (id, tipoMensaje, fecha, mensaje, leido, borrado, id_conversacion) VALUES (5 , 0 ,  CAST('19/11/2012 01:14:33.123'  AS DateTime), 'test msj grabarMensajeTest', 0 , 0 , 1 ); 
Save/Update: select * from Mensaje WHERE  Mensaje.id_conversacion=1  
Save/Update: DELETE Mensaje WHERE id=5</StdOut>
      </Output>
    </UnitTestResult>
    <UnitTestResult executionId="092a2c9a-f05a-4d14-8a72-8c6278a127d8" testId="fe73d6a0-344d-935f-fa47-83db37554a24" testName="listaPatentesTest" computerName="DIEGO-PC" duration="00:00:00.0020678" startTime="2012-11-19T01:14:33.1332622-03:00" endTime="2012-11-19T01:14:33.1412626-03:00" testType="13cdc9d9-ddb5-4fa4-a97d-d965ccfc6d4b" outcome="Passed" testListId="8c84fa94-04c1-424b-9868-57a2d4851a1d" relativeResultsDirectory="092a2c9a-f05a-4d14-8a72-8c6278a127d8">
      <Output>
        <StdOut>Save/Update: select * from Patente</StdOut>
      </Output>
    </UnitTestResult>
    <UnitTestResult executionId="705116e5-2061-4a89-a05b-b1878e15b6a5" testId="fe850dae-beb0-69bb-1831-4463cca49bfb" testName="grabarOpinionTest" computerName="DIEGO-PC" duration="00:00:00.0040863" startTime="2012-11-19T01:14:33.1452628-03:00" endTime="2012-11-19T01:14:33.1542634-03:00" testType="13cdc9d9-ddb5-4fa4-a97d-d965ccfc6d4b" outcome="Passed" testListId="8c84fa94-04c1-424b-9868-57a2d4851a1d" relativeResultsDirectory="705116e5-2061-4a89-a05b-b1878e15b6a5">
      <Output>
        <StdOut>Save/Update: SELECT  ISNULL(MAX(id + 1),1) from opiniones
Save/Update: INSERT INTO opiniones (id, nombre, mail, opinion) VALUES (4 , 'nombre4', 'mail4@test.com', 'opinion4'); 
Save/Update: select * from opiniones WHERE  opiniones.id=4  
Save/Update: DELETE opiniones WHERE id=4</StdOut>
      </Output>
    </UnitTestResult>
    <UnitTestResult executionId="21312e3a-8437-4d75-8ab1-b75280bc14f2" testId="fed9e610-805c-d98a-9231-d2a52d8e3441" testName="modificarMaquinaTest" computerName="DIEGO-PC" duration="00:00:00.0129706" startTime="2012-11-19T01:14:33.1572635-03:00" endTime="2012-11-19T01:14:33.1762646-03:00" testType="13cdc9d9-ddb5-4fa4-a97d-d965ccfc6d4b" outcome="Passed" testListId="8c84fa94-04c1-424b-9868-57a2d4851a1d" relativeResultsDirectory="21312e3a-8437-4d75-8ab1-b75280bc14f2">
      <Output>
        <StdOut>Save/Update: SELECT  ISNULL(MAX(cod_maquina + 1),1) from Maquina
Save/Update: INSERT INTO Maquina (cod_maquina, altoMargen, anchoMargen, cabezales, nombre, velocidadPromedio, cantidadColores) VALUES (4 , 100 , 200 , 12 , 'nombre nuevo', 1000 , 12 ); DELETE JoinMaquinaToTipoPrenda where cod_maquina=4  ;  INSERT INTO JoinMaquinaToTipoPrenda ( cod_maquina, tipo_prenda) VALUES ( 4 , 1 );  INSERT INTO JoinMaquinaToTipoPrenda ( cod_maquina, tipo_prenda) VALUES ( 4 , 2 ); 
Save/Update: select * from produccion WHERE  produccion.fechaInicio&gt;= CAST('19/11/2012 01:14:33.000'  AS DateTime) ; select * from historico_estados_produccion WHERE borrado = 0
Save/Update: select * from produccion WHERE  produccion.fechaInicio&gt;= CAST('19/11/2012 01:14:33.000'  AS DateTime) ; select * from historico_estados_produccion WHERE borrado = 0
Save/Update: select * from Maquina WHERE  Maquina.cod_maquina=4  ; select * from JoinMaquinaToTipoPrenda
Save/Update: select * from TipoPrenda WHERE  TipoPrenda.tipo_prenda=1  
Save/Update: select * from TipoPrenda WHERE  TipoPrenda.tipo_prenda=2  
Save/Update: select * from Maquina WHERE  Maquina.cod_maquina=4  ; select * from JoinMaquinaToTipoPrenda
Save/Update: select * from TipoPrenda WHERE  TipoPrenda.tipo_prenda=1  
Save/Update: select * from TipoPrenda WHERE  TipoPrenda.tipo_prenda=2  
Save/Update: UPDATE Maquina SET altoMargen=100 , anchoMargen=200 , cabezales=12 , nombre='nombre editado', velocidadPromedio=1000 , cantidadColores=12  WHERE cod_maquina=4  ; DELETE JoinMaquinaToTipoPrenda where cod_maquina=4  ;  INSERT INTO JoinMaquinaToTipoPrenda ( cod_maquina, tipo_prenda) VALUES ( 4 , 1 ); 
Save/Update: select * from Maquina WHERE  Maquina.cod_maquina=4  ; select * from JoinMaquinaToTipoPrenda
Save/Update: select * from TipoPrenda WHERE  TipoPrenda.tipo_prenda=1  
Save/Update: DELETE JoinMaquinaToTipoPrenda where cod_maquina=4  ; ;DELETE Maquina WHERE cod_maquina=4  
Save/Update: delete from JoinMaquinaToTipoPrenda where cod_maquina=4</StdOut>
      </Output>
    </UnitTestResult>
  </Results>
</TestRun>