<?xml version="1.0" encoding="UTF-8"?>
<TestRun id="8db2c80a-92ed-467c-8477-d68343bd3282" name="Diego@DIEGO-PC 2012-12-13 22:11:16" runUser="Diego-PC\Diego" xmlns="http://microsoft.com/schemas/VisualStudio/TeamTest/2010">
  <TestSettings name="Local" id="ef2db5f0-3f45-4aad-a578-8bde204c9147">
    <Description>These are default test settings for a local test run.</Description>
    <Deployment enabled="false" runDeploymentRoot="Diego_DIEGO-PC 2012-12-13 22_11_16">
      <DeploymentItem filename="C:\Users\Diego\Google Drive\Facultad\Trabajo Final Ingenieria\Entrega Final 15.12\Uniprof 27.11\Uniprof\Repositorio\bin\Debug\Repositorio.dll" />
      <DeploymentItem filename="C:\Users\Diego\Google Drive\Facultad\Trabajo Final Ingenieria\Entrega Final 15.12\Uniprof 27.11\Uniprof\Seguridad\bin\Debug\Seguridad.dll" />
      <DeploymentItem filename="C:\Users\Diego\Google Drive\Facultad\Trabajo Final Ingenieria\Entrega Final 15.12\Uniprof 27.11\Uniprof\Dominio\bin\Debug\Dominio.dll" />
      <DeploymentItem filename="C:\Users\Diego\Google Drive\Facultad\Trabajo Final Ingenieria\Entrega Final 15.12\Uniprof 27.11\Uniprof\Negocio\bin\Debug\Negocio.dll" />
    </Deployment>
    <Execution>
      <TestTypeSpecific />
      <AgentRule name="Execution Agents">
      </AgentRule>
    </Execution>
  </TestSettings>
  <Times creation="2012-12-13T22:11:16.1429094-03:00" queuing="2012-12-13T22:11:27.7505733-03:00" start="2012-12-13T22:11:29.7376870-03:00" finish="2012-12-13T22:12:16.8803834-03:00" />
  <ResultSummary outcome="Completed">
    <Counters total="409" executed="409" passed="409" error="0" failed="0" timeout="0" aborted="0" inconclusive="0" passedButRunAborted="0" notRunnable="0" notExecuted="0" disconnected="0" warning="0" completed="0" inProgress="0" pending="0" />
  </ResultSummary>
  <TestDefinitions>
    <UnitTest name="grabarMovimientoTest" storage="c:\users\diego\google drive\facultad\trabajo final ingenieria\entrega final 15.12\uniprof 27.11\uniprof\tests\bin\debug\tests.dll" id="896a2208-4c38-b781-3b7e-b236d6d81cd2">
      <Execution id="a01d36c8-900d-4731-800f-fd0a5a8b7f1b" />
      <TestMethod codeBase="C:/Users/Diego/Google Drive/Facultad/Trabajo Final Ingenieria/Entrega Final 15.12/Uniprof 27.11/Uniprof/Tests/bin/Debug/Tests.DLL" adapterTypeName="Microsoft.VisualStudio.TestTools.TestTypes.Unit.UnitTestAdapter, Microsoft.VisualStudio.QualityTools.Tips.UnitTest.Adapter, Version=10.0.0.0, Culture=neutral, PublicKeyToken=b03f5f7f11d50a3a" className="Tests.MovimientoProveedorBusinessTest, Tests, Version=1.0.0.0, Culture=neutral, PublicKeyToken=null" name="grabarMovimientoTest" />
    </UnitTest>
    <UnitTest name="actualizarUsuarioTest" storage="c:\users\diego\google drive\facultad\trabajo final ingenieria\entrega final 15.12\uniprof 27.11\uniprof\tests\bin\debug\tests.dll" id="0bbd7a33-36a4-99a4-2cd0-83fd451fea26">
      <Execution id="951ae846-8d8b-475e-972b-c3a02e874311" />
      <TestMethod codeBase="C:/Users/Diego/Google Drive/Facultad/Trabajo Final Ingenieria/Entrega Final 15.12/Uniprof 27.11/Uniprof/Tests/bin/Debug/Tests.DLL" adapterTypeName="Microsoft.VisualStudio.TestTools.TestTypes.Unit.UnitTestAdapter, Microsoft.VisualStudio.QualityTools.Tips.UnitTest.Adapter, Version=10.0.0.0, Culture=neutral, PublicKeyToken=b03f5f7f11d50a3a" className="Tests.UsuarioRepositorioTest, Tests, Version=1.0.0.0, Culture=neutral, PublicKeyToken=null" name="actualizarUsuarioTest" />
    </UnitTest>
    <UnitTest name="cargarNewsletterTest" storage="c:\users\diego\google drive\facultad\trabajo final ingenieria\entrega final 15.12\uniprof 27.11\uniprof\tests\bin\debug\tests.dll" id="f376c1cb-6c7e-6565-2dae-0872021038a2">
      <Execution id="9786885f-0e1a-489d-b3ed-114a9cdc0dba" />
      <TestMethod codeBase="C:/Users/Diego/Google Drive/Facultad/Trabajo Final Ingenieria/Entrega Final 15.12/Uniprof 27.11/Uniprof/Tests/bin/Debug/Tests.DLL" adapterTypeName="Microsoft.VisualStudio.TestTools.TestTypes.Unit.UnitTestAdapter, Microsoft.VisualStudio.QualityTools.Tips.UnitTest.Adapter, Version=10.0.0.0, Culture=neutral, PublicKeyToken=b03f5f7f11d50a3a" className="Tests.NewsletterTDGTest, Tests, Version=1.0.0.0, Culture=neutral, PublicKeyToken=null" name="cargarNewsletterTest" />
    </UnitTest>
    <UnitTest name="modificarFacturasTest" storage="c:\users\diego\google drive\facultad\trabajo final ingenieria\entrega final 15.12\uniprof 27.11\uniprof\tests\bin\debug\tests.dll" id="7eda418a-e258-a33c-7890-73630dd7266c">
      <Execution id="0391ed43-e393-47fa-9241-48f04b57793e" />
      <TestMethod codeBase="C:/Users/Diego/Google Drive/Facultad/Trabajo Final Ingenieria/Entrega Final 15.12/Uniprof 27.11/Uniprof/Tests/bin/Debug/Tests.DLL" adapterTypeName="Microsoft.VisualStudio.TestTools.TestTypes.Unit.UnitTestAdapter, Microsoft.VisualStudio.QualityTools.Tips.UnitTest.Adapter, Version=10.0.0.0, Culture=neutral, PublicKeyToken=b03f5f7f11d50a3a" className="Tests.OrdenDeCompraTDGTest, Tests, Version=1.0.0.0, Culture=neutral, PublicKeyToken=null" name="modificarFacturasTest" />
    </UnitTest>
    <UnitTest name="cargarMensajePorUsuariosTest" storage="c:\users\diego\google drive\facultad\trabajo final ingenieria\entrega final 15.12\uniprof 27.11\uniprof\tests\bin\debug\tests.dll" id="2dd0d705-2d7c-e989-e9d2-1892c8b66262">
      <Execution id="35e2c153-6f0c-4ed2-b852-1f067e039251" />
      <TestMethod codeBase="C:/Users/Diego/Google Drive/Facultad/Trabajo Final Ingenieria/Entrega Final 15.12/Uniprof 27.11/Uniprof/Tests/bin/Debug/Tests.DLL" adapterTypeName="Microsoft.VisualStudio.TestTools.TestTypes.Unit.UnitTestAdapter, Microsoft.VisualStudio.QualityTools.Tips.UnitTest.Adapter, Version=10.0.0.0, Culture=neutral, PublicKeyToken=b03f5f7f11d50a3a" className="Tests.ConversacionTDGTest, Tests, Version=1.0.0.0, Culture=neutral, PublicKeyToken=null" name="cargarMensajePorUsuariosTest" />
    </UnitTest>
    <UnitTest name="modificarProduccionTest" storage="c:\users\diego\google drive\facultad\trabajo final ingenieria\entrega final 15.12\uniprof 27.11\uniprof\tests\bin\debug\tests.dll" id="bf3337bc-4ebe-14d7-ffa9-91df711ba6a0">
      <Execution id="5e15a6a4-7caf-48bd-8255-c6601e67b28a" />
      <TestMethod codeBase="C:/Users/Diego/Google Drive/Facultad/Trabajo Final Ingenieria/Entrega Final 15.12/Uniprof 27.11/Uniprof/Tests/bin/Debug/Tests.DLL" adapterTypeName="Microsoft.VisualStudio.TestTools.TestTypes.Unit.UnitTestAdapter, Microsoft.VisualStudio.QualityTools.Tips.UnitTest.Adapter, Version=10.0.0.0, Culture=neutral, PublicKeyToken=b03f5f7f11d50a3a" className="Tests.ProduccionTDGTest, Tests, Version=1.0.0.0, Culture=neutral, PublicKeyToken=null" name="modificarProduccionTest" />
    </UnitTest>
    <UnitTest name="listarNewsletterTest" storage="c:\users\diego\google drive\facultad\trabajo final ingenieria\entrega final 15.12\uniprof 27.11\uniprof\tests\bin\debug\tests.dll" id="b6d2504c-fd0b-46f0-ca34-952aa534d5bc">
      <Execution id="71dcde74-451c-48b6-bcd9-1c2c7b3c5859" />
      <TestMethod codeBase="C:/Users/Diego/Google Drive/Facultad/Trabajo Final Ingenieria/Entrega Final 15.12/Uniprof 27.11/Uniprof/Tests/bin/Debug/Tests.DLL" adapterTypeName="Microsoft.VisualStudio.TestTools.TestTypes.Unit.UnitTestAdapter, Microsoft.VisualStudio.QualityTools.Tips.UnitTest.Adapter, Version=10.0.0.0, Culture=neutral, PublicKeyToken=b03f5f7f11d50a3a" className="Tests.NewsletterRepositorioTest, Tests, Version=1.0.0.0, Culture=neutral, PublicKeyToken=null" name="listarNewsletterTest" />
    </UnitTest>
    <UnitTest name="cargarMovimientosTest" storage="c:\users\diego\google drive\facultad\trabajo final ingenieria\entrega final 15.12\uniprof 27.11\uniprof\tests\bin\debug\tests.dll" id="29a5da4e-65d5-0422-5e68-618976117f03">
      <Execution id="de256aa2-69cd-4824-9594-866833301d0b" />
      <TestMethod codeBase="C:/Users/Diego/Google Drive/Facultad/Trabajo Final Ingenieria/Entrega Final 15.12/Uniprof 27.11/Uniprof/Tests/bin/Debug/Tests.DLL" adapterTypeName="Microsoft.VisualStudio.TestTools.TestTypes.Unit.UnitTestAdapter, Microsoft.VisualStudio.QualityTools.Tips.UnitTest.Adapter, Version=10.0.0.0, Culture=neutral, PublicKeyToken=b03f5f7f11d50a3a" className="Tests.MovimientoCuentaProveedorTDGTest, Tests, Version=1.0.0.0, Culture=neutral, PublicKeyToken=null" name="cargarMovimientosTest" />
    </UnitTest>
    <UnitTest name="listarMensajesTest" storage="c:\users\diego\google drive\facultad\trabajo final ingenieria\entrega final 15.12\uniprof 27.11\uniprof\tests\bin\debug\tests.dll" id="3323acf7-8dc7-360e-f0a1-c4a2fbb9a91e">
      <Execution id="b1a7d3ca-798b-45fe-9e06-326c105b475b" />
      <TestMethod codeBase="C:/Users/Diego/Google Drive/Facultad/Trabajo Final Ingenieria/Entrega Final 15.12/Uniprof 27.11/Uniprof/Tests/bin/Debug/Tests.DLL" adapterTypeName="Microsoft.VisualStudio.TestTools.TestTypes.Unit.UnitTestAdapter, Microsoft.VisualStudio.QualityTools.Tips.UnitTest.Adapter, Version=10.0.0.0, Culture=neutral, PublicKeyToken=b03f5f7f11d50a3a" className="Tests.MensajeRepositorioTest, Tests, Version=1.0.0.0, Culture=neutral, PublicKeyToken=null" name="listarMensajesTest" />
    </UnitTest>
    <UnitTest name="cargarPedidoPorRestriccionesTest" storage="c:\users\diego\google drive\facultad\trabajo final ingenieria\entrega final 15.12\uniprof 27.11\uniprof\tests\bin\debug\tests.dll" id="eb042ce3-5f20-3d74-ebeb-88f3067e39ea">
      <Execution id="b82c0a6b-1d85-4dc6-8610-883bb727d3af" />
      <TestMethod codeBase="C:/Users/Diego/Google Drive/Facultad/Trabajo Final Ingenieria/Entrega Final 15.12/Uniprof 27.11/Uniprof/Tests/bin/Debug/Tests.DLL" adapterTypeName="Microsoft.VisualStudio.TestTools.TestTypes.Unit.UnitTestAdapter, Microsoft.VisualStudio.QualityTools.Tips.UnitTest.Adapter, Version=10.0.0.0, Culture=neutral, PublicKeyToken=b03f5f7f11d50a3a" className="Tests.PedidoTDGTest, Tests, Version=1.0.0.0, Culture=neutral, PublicKeyToken=null" name="cargarPedidoPorRestriccionesTest" />
    </UnitTest>
    <UnitTest name="borrarTest" storage="c:\users\diego\google drive\facultad\trabajo final ingenieria\entrega final 15.12\uniprof 27.11\uniprof\tests\bin\debug\tests.dll" id="e020cadd-bd50-d44d-30aa-ba2f497b2887">
      <Execution id="8f0baa41-bf63-42ac-90ba-a7749f64980a" />
      <TestMethod codeBase="C:/Users/Diego/Google Drive/Facultad/Trabajo Final Ingenieria/Entrega Final 15.12/Uniprof 27.11/Uniprof/Tests/bin/Debug/Tests.DLL" adapterTypeName="Microsoft.VisualStudio.TestTools.TestTypes.Unit.UnitTestAdapter, Microsoft.VisualStudio.QualityTools.Tips.UnitTest.Adapter, Version=10.0.0.0, Culture=neutral, PublicKeyToken=b03f5f7f11d50a3a" className="Tests.ConversacionBusinessTest, Tests, Version=1.0.0.0, Culture=neutral, PublicKeyToken=null" name="borrarTest" />
    </UnitTest>
    <UnitTest name="buscarInsumosTest" storage="c:\users\diego\google drive\facultad\trabajo final ingenieria\entrega final 15.12\uniprof 27.11\uniprof\tests\bin\debug\tests.dll" id="5d206a37-78a3-f908-c018-7a5a53253c75">
      <Execution id="5f670d19-652b-49b0-a1c5-fc15783174bc" />
      <TestMethod codeBase="C:/Users/Diego/Google Drive/Facultad/Trabajo Final Ingenieria/Entrega Final 15.12/Uniprof 27.11/Uniprof/Tests/bin/Debug/Tests.DLL" adapterTypeName="Microsoft.VisualStudio.TestTools.TestTypes.Unit.UnitTestAdapter, Microsoft.VisualStudio.QualityTools.Tips.UnitTest.Adapter, Version=10.0.0.0, Culture=neutral, PublicKeyToken=b03f5f7f11d50a3a" className="Tests.InsumoTDGTest, Tests, Version=1.0.0.0, Culture=neutral, PublicKeyToken=null" name="buscarInsumosTest" />
    </UnitTest>
    <UnitTest name="modificarMaquinasTest" storage="c:\users\diego\google drive\facultad\trabajo final ingenieria\entrega final 15.12\uniprof 27.11\uniprof\tests\bin\debug\tests.dll" id="96881fe6-dfde-90d7-168b-7e0645c53ba0">
      <Execution id="c1e8dc4c-446c-4adc-98bc-2a5a6fdd1fc2" />
      <TestMethod codeBase="C:/Users/Diego/Google Drive/Facultad/Trabajo Final Ingenieria/Entrega Final 15.12/Uniprof 27.11/Uniprof/Tests/bin/Debug/Tests.DLL" adapterTypeName="Microsoft.VisualStudio.TestTools.TestTypes.Unit.UnitTestAdapter, Microsoft.VisualStudio.QualityTools.Tips.UnitTest.Adapter, Version=10.0.0.0, Culture=neutral, PublicKeyToken=b03f5f7f11d50a3a" className="Tests.MaquinaTDGTest, Tests, Version=1.0.0.0, Culture=neutral, PublicKeyToken=null" name="modificarMaquinasTest" />
    </UnitTest>
    <UnitTest name="listarPedidosConRestriccionTest" storage="c:\users\diego\google drive\facultad\trabajo final ingenieria\entrega final 15.12\uniprof 27.11\uniprof\tests\bin\debug\tests.dll" id="b6c93299-c437-e1df-d8ec-dc7e1e4a6bba">
      <Execution id="983aab65-dee0-40a4-982a-2100b3edbdde" />
      <TestMethod codeBase="C:/Users/Diego/Google Drive/Facultad/Trabajo Final Ingenieria/Entrega Final 15.12/Uniprof 27.11/Uniprof/Tests/bin/Debug/Tests.DLL" adapterTypeName="Microsoft.VisualStudio.TestTools.TestTypes.Unit.UnitTestAdapter, Microsoft.VisualStudio.QualityTools.Tips.UnitTest.Adapter, Version=10.0.0.0, Culture=neutral, PublicKeyToken=b03f5f7f11d50a3a" className="Tests.PedidoRepositorioTest, Tests, Version=1.0.0.0, Culture=neutral, PublicKeyToken=null" name="listarPedidosConRestriccionTest" />
    </UnitTest>
    <UnitTest name="buscarTipoCuentasTest" storage="c:\users\diego\google drive\facultad\trabajo final ingenieria\entrega final 15.12\uniprof 27.11\uniprof\tests\bin\debug\tests.dll" id="967eb374-2104-1acf-4901-5331861aa4b4">
      <Execution id="3521c634-62a9-4548-8eba-a05888260e61" />
      <TestMethod codeBase="C:/Users/Diego/Google Drive/Facultad/Trabajo Final Ingenieria/Entrega Final 15.12/Uniprof 27.11/Uniprof/Tests/bin/Debug/Tests.DLL" adapterTypeName="Microsoft.VisualStudio.TestTools.TestTypes.Unit.UnitTestAdapter, Microsoft.VisualStudio.QualityTools.Tips.UnitTest.Adapter, Version=10.0.0.0, Culture=neutral, PublicKeyToken=b03f5f7f11d50a3a" className="Tests.CuentaTDGTest, Tests, Version=1.0.0.0, Culture=neutral, PublicKeyToken=null" name="buscarTipoCuentasTest" />
    </UnitTest>
    <UnitTest name="grabarNuevoPedidoTest" storage="c:\users\diego\google drive\facultad\trabajo final ingenieria\entrega final 15.12\uniprof 27.11\uniprof\tests\bin\debug\tests.dll" id="6fccfc0c-3386-fa76-9bb6-5cb2884d04d6">
      <Execution id="6a438f02-50ef-4407-94b3-c75fee27662f" />
      <TestMethod codeBase="C:/Users/Diego/Google Drive/Facultad/Trabajo Final Ingenieria/Entrega Final 15.12/Uniprof 27.11/Uniprof/Tests/bin/Debug/Tests.DLL" adapterTypeName="Microsoft.VisualStudio.TestTools.TestTypes.Unit.UnitTestAdapter, Microsoft.VisualStudio.QualityTools.Tips.UnitTest.Adapter, Version=10.0.0.0, Culture=neutral, PublicKeyToken=b03f5f7f11d50a3a" className="Tests.PedidoTDGTest, Tests, Version=1.0.0.0, Culture=neutral, PublicKeyToken=null" name="grabarNuevoPedidoTest" />
    </UnitTest>
    <UnitTest name="buscarTodoTest" storage="c:\users\diego\google drive\facultad\trabajo final ingenieria\entrega final 15.12\uniprof 27.11\uniprof\tests\bin\debug\tests.dll" id="b98676fe-ee87-56df-eacd-dd7ebb6e2cd3">
      <Execution id="e230236e-22b5-4972-adfd-0dd421c53cee" />
      <TestMethod codeBase="C:/Users/Diego/Google Drive/Facultad/Trabajo Final Ingenieria/Entrega Final 15.12/Uniprof 27.11/Uniprof/Tests/bin/Debug/Tests.DLL" adapterTypeName="Microsoft.VisualStudio.TestTools.TestTypes.Unit.UnitTestAdapter, Microsoft.VisualStudio.QualityTools.Tips.UnitTest.Adapter, Version=10.0.0.0, Culture=neutral, PublicKeyToken=b03f5f7f11d50a3a" className="Tests.TipoInsumoTDGTest, Tests, Version=1.0.0.0, Culture=neutral, PublicKeyToken=null" name="buscarTodoTest" />
    </UnitTest>
    <UnitTest name="buscarEstadosPorIdTest" storage="c:\users\diego\google drive\facultad\trabajo final ingenieria\entrega final 15.12\uniprof 27.11\uniprof\tests\bin\debug\tests.dll" id="390965ee-b707-eb4d-f805-7a307d4ab7fa">
      <Execution id="b1403d48-4499-4191-9f11-23487ad18a79" />
      <TestMethod codeBase="C:/Users/Diego/Google Drive/Facultad/Trabajo Final Ingenieria/Entrega Final 15.12/Uniprof 27.11/Uniprof/Tests/bin/Debug/Tests.DLL" adapterTypeName="Microsoft.VisualStudio.TestTools.TestTypes.Unit.UnitTestAdapter, Microsoft.VisualStudio.QualityTools.Tips.UnitTest.Adapter, Version=10.0.0.0, Culture=neutral, PublicKeyToken=b03f5f7f11d50a3a" className="Tests.EstadoPedidoTDGTest, Tests, Version=1.0.0.0, Culture=neutral, PublicKeyToken=null" name="buscarEstadosPorIdTest" />
    </UnitTest>
    <UnitTest name="grabarMovimientoTest" storage="c:\users\diego\google drive\facultad\trabajo final ingenieria\entrega final 15.12\uniprof 27.11\uniprof\tests\bin\debug\tests.dll" id="15781058-9d50-4692-2e7e-53db8e43c13c">
      <Execution id="2f9d0b7b-eab6-47e2-bce2-fad4d492345a" />
      <TestMethod codeBase="C:/Users/Diego/Google Drive/Facultad/Trabajo Final Ingenieria/Entrega Final 15.12/Uniprof 27.11/Uniprof/Tests/bin/Debug/Tests.DLL" adapterTypeName="Microsoft.VisualStudio.TestTools.TestTypes.Unit.UnitTestAdapter, Microsoft.VisualStudio.QualityTools.Tips.UnitTest.Adapter, Version=10.0.0.0, Culture=neutral, PublicKeyToken=b03f5f7f11d50a3a" className="Tests.MovimientoCuentaClienteRepositorioTest, Tests, Version=1.0.0.0, Culture=neutral, PublicKeyToken=null" name="grabarMovimientoTest" />
    </UnitTest>
    <UnitTest name="listarOrdenDeComprasPorMovimientoTest" storage="c:\users\diego\google drive\facultad\trabajo final ingenieria\entrega final 15.12\uniprof 27.11\uniprof\tests\bin\debug\tests.dll" id="d3580286-a69a-cc57-bea0-cea793fc0992">
      <Execution id="a6c04fb9-74c9-4eba-9da5-d1ea3c903d6f" />
      <TestMethod codeBase="C:/Users/Diego/Google Drive/Facultad/Trabajo Final Ingenieria/Entrega Final 15.12/Uniprof 27.11/Uniprof/Tests/bin/Debug/Tests.DLL" adapterTypeName="Microsoft.VisualStudio.TestTools.TestTypes.Unit.UnitTestAdapter, Microsoft.VisualStudio.QualityTools.Tips.UnitTest.Adapter, Version=10.0.0.0, Culture=neutral, PublicKeyToken=b03f5f7f11d50a3a" className="Tests.OrdenCompraRepositorioTest, Tests, Version=1.0.0.0, Culture=neutral, PublicKeyToken=null" name="listarOrdenDeComprasPorMovimientoTest" />
    </UnitTest>
    <UnitTest name="cargarMovimientosTest" storage="c:\users\diego\google drive\facultad\trabajo final ingenieria\entrega final 15.12\uniprof 27.11\uniprof\tests\bin\debug\tests.dll" id="69fa372c-7458-f7f0-5041-7bf40151831d">
      <Execution id="189b798a-e6b4-4e43-9eb8-da921bbd1bd2" />
      <TestMethod codeBase="C:/Users/Diego/Google Drive/Facultad/Trabajo Final Ingenieria/Entrega Final 15.12/Uniprof 27.11/Uniprof/Tests/bin/Debug/Tests.DLL" adapterTypeName="Microsoft.VisualStudio.TestTools.TestTypes.Unit.UnitTestAdapter, Microsoft.VisualStudio.QualityTools.Tips.UnitTest.Adapter, Version=10.0.0.0, Culture=neutral, PublicKeyToken=b03f5f7f11d50a3a" className="Tests.MovimientoCuentaClienteTDGTest, Tests, Version=1.0.0.0, Culture=neutral, PublicKeyToken=null" name="cargarMovimientosTest" />
    </UnitTest>
    <UnitTest name="borrarClienteTest" storage="c:\users\diego\google drive\facultad\trabajo final ingenieria\entrega final 15.12\uniprof 27.11\uniprof\tests\bin\debug\tests.dll" id="62392e62-abcf-2bb0-a872-aa102226687e">
      <Execution id="1d5e4b7e-6676-4901-ad25-38fe35655546" />
      <TestMethod codeBase="C:/Users/Diego/Google Drive/Facultad/Trabajo Final Ingenieria/Entrega Final 15.12/Uniprof 27.11/Uniprof/Tests/bin/Debug/Tests.DLL" adapterTypeName="Microsoft.VisualStudio.TestTools.TestTypes.Unit.UnitTestAdapter, Microsoft.VisualStudio.QualityTools.Tips.UnitTest.Adapter, Version=10.0.0.0, Culture=neutral, PublicKeyToken=b03f5f7f11d50a3a" className="Tests.ClienteRepositorioTest, Tests, Version=1.0.0.0, Culture=neutral, PublicKeyToken=null" name="borrarClienteTest" />
    </UnitTest>
    <UnitTest name="modificarMovimientosClienteTest" storage="c:\users\diego\google drive\facultad\trabajo final ingenieria\entrega final 15.12\uniprof 27.11\uniprof\tests\bin\debug\tests.dll" id="e4f43342-50bf-4878-e3d3-5afdaa2ddd37">
      <Execution id="2cabe6cc-2c50-4546-84d0-196025fa794b" />
      <TestMethod codeBase="C:/Users/Diego/Google Drive/Facultad/Trabajo Final Ingenieria/Entrega Final 15.12/Uniprof 27.11/Uniprof/Tests/bin/Debug/Tests.DLL" adapterTypeName="Microsoft.VisualStudio.TestTools.TestTypes.Unit.UnitTestAdapter, Microsoft.VisualStudio.QualityTools.Tips.UnitTest.Adapter, Version=10.0.0.0, Culture=neutral, PublicKeyToken=b03f5f7f11d50a3a" className="Tests.MovimientoCuentaClienteTDGTest, Tests, Version=1.0.0.0, Culture=neutral, PublicKeyToken=null" name="modificarMovimientosClienteTest" />
    </UnitTest>
    <UnitTest name="grabarTipoPrendaTest" storage="c:\users\diego\google drive\facultad\trabajo final ingenieria\entrega final 15.12\uniprof 27.11\uniprof\tests\bin\debug\tests.dll" id="dc17c55e-f745-25bd-9dae-5c78f5bb2176">
      <Execution id="e4d9c080-dea5-4a87-a5f2-a48a4bcc1f92" />
      <TestMethod codeBase="C:/Users/Diego/Google Drive/Facultad/Trabajo Final Ingenieria/Entrega Final 15.12/Uniprof 27.11/Uniprof/Tests/bin/Debug/Tests.DLL" adapterTypeName="Microsoft.VisualStudio.TestTools.TestTypes.Unit.UnitTestAdapter, Microsoft.VisualStudio.QualityTools.Tips.UnitTest.Adapter, Version=10.0.0.0, Culture=neutral, PublicKeyToken=b03f5f7f11d50a3a" className="Tests.TipoPrendaTDGTest, Tests, Version=1.0.0.0, Culture=neutral, PublicKeyToken=null" name="grabarTipoPrendaTest" />
    </UnitTest>
    <UnitTest name="buscarMovimintosTest" storage="c:\users\diego\google drive\facultad\trabajo final ingenieria\entrega final 15.12\uniprof 27.11\uniprof\tests\bin\debug\tests.dll" id="b757834a-da0f-6514-4f88-5f56b32e1557">
      <Execution id="e8d7e865-6851-4863-85cd-5770e5d62517" />
      <TestMethod codeBase="C:/Users/Diego/Google Drive/Facultad/Trabajo Final Ingenieria/Entrega Final 15.12/Uniprof 27.11/Uniprof/Tests/bin/Debug/Tests.DLL" adapterTypeName="Microsoft.VisualStudio.TestTools.TestTypes.Unit.UnitTestAdapter, Microsoft.VisualStudio.QualityTools.Tips.UnitTest.Adapter, Version=10.0.0.0, Culture=neutral, PublicKeyToken=b03f5f7f11d50a3a" className="Tests.MovimientoCuentaProveedorRepositorioTest, Tests, Version=1.0.0.0, Culture=neutral, PublicKeyToken=null" name="buscarMovimintosTest" />
    </UnitTest>
    <UnitTest name="cargarUsuarioConRestriccionesTest" storage="c:\users\diego\google drive\facultad\trabajo final ingenieria\entrega final 15.12\uniprof 27.11\uniprof\tests\bin\debug\tests.dll" id="d9f16886-57f7-8858-0bb0-758babcd4a82">
      <Execution id="6d0cc9f3-95ab-4799-9dd7-985e905d313c" />
      <TestMethod codeBase="C:/Users/Diego/Google Drive/Facultad/Trabajo Final Ingenieria/Entrega Final 15.12/Uniprof 27.11/Uniprof/Tests/bin/Debug/Tests.DLL" adapterTypeName="Microsoft.VisualStudio.TestTools.TestTypes.Unit.UnitTestAdapter, Microsoft.VisualStudio.QualityTools.Tips.UnitTest.Adapter, Version=10.0.0.0, Culture=neutral, PublicKeyToken=b03f5f7f11d50a3a" className="Tests.UsuarioRepositorioTest, Tests, Version=1.0.0.0, Culture=neutral, PublicKeyToken=null" name="cargarUsuarioConRestriccionesTest" />
    </UnitTest>
    <UnitTest name="borrarMovimientosClienteTest" storage="c:\users\diego\google drive\facultad\trabajo final ingenieria\entrega final 15.12\uniprof 27.11\uniprof\tests\bin\debug\tests.dll" id="688ff74d-915e-d560-41c3-a70549298345">
      <Execution id="afd350ee-884c-4a33-b181-52cd543cc6b2" />
      <TestMethod codeBase="C:/Users/Diego/Google Drive/Facultad/Trabajo Final Ingenieria/Entrega Final 15.12/Uniprof 27.11/Uniprof/Tests/bin/Debug/Tests.DLL" adapterTypeName="Microsoft.VisualStudio.TestTools.TestTypes.Unit.UnitTestAdapter, Microsoft.VisualStudio.QualityTools.Tips.UnitTest.Adapter, Version=10.0.0.0, Culture=neutral, PublicKeyToken=b03f5f7f11d50a3a" className="Tests.MovimientoCuentaProveedorTDGTest, Tests, Version=1.0.0.0, Culture=neutral, PublicKeyToken=null" name="borrarMovimientosClienteTest" />
    </UnitTest>
    <UnitTest name="borrarMaquinasTest" storage="c:\users\diego\google drive\facultad\trabajo final ingenieria\entrega final 15.12\uniprof 27.11\uniprof\tests\bin\debug\tests.dll" id="2f942134-eb39-049b-9e6e-2f42e91a8a19">
      <Execution id="354b2293-75a9-4313-b177-1114440585e2" />
      <TestMethod codeBase="C:/Users/Diego/Google Drive/Facultad/Trabajo Final Ingenieria/Entrega Final 15.12/Uniprof 27.11/Uniprof/Tests/bin/Debug/Tests.DLL" adapterTypeName="Microsoft.VisualStudio.TestTools.TestTypes.Unit.UnitTestAdapter, Microsoft.VisualStudio.QualityTools.Tips.UnitTest.Adapter, Version=10.0.0.0, Culture=neutral, PublicKeyToken=b03f5f7f11d50a3a" className="Tests.MaquinaTDGTest, Tests, Version=1.0.0.0, Culture=neutral, PublicKeyToken=null" name="borrarMaquinasTest" />
    </UnitTest>
    <UnitTest name="listarProduccionPorFechasTest" storage="c:\users\diego\google drive\facultad\trabajo final ingenieria\entrega final 15.12\uniprof 27.11\uniprof\tests\bin\debug\tests.dll" id="036044ea-8d05-b58f-21af-2b8c451629d2">
      <Execution id="06c73eda-749b-4cf2-ba22-b9c58e1180e0" />
      <TestMethod codeBase="C:/Users/Diego/Google Drive/Facultad/Trabajo Final Ingenieria/Entrega Final 15.12/Uniprof 27.11/Uniprof/Tests/bin/Debug/Tests.DLL" adapterTypeName="Microsoft.VisualStudio.TestTools.TestTypes.Unit.UnitTestAdapter, Microsoft.VisualStudio.QualityTools.Tips.UnitTest.Adapter, Version=10.0.0.0, Culture=neutral, PublicKeyToken=b03f5f7f11d50a3a" className="Tests.ProduccionBusinessTest, Tests, Version=1.0.0.0, Culture=neutral, PublicKeyToken=null" name="listarProduccionPorFechasTest" />
    </UnitTest>
    <UnitTest name="grabarFacturaTest" storage="c:\users\diego\google drive\facultad\trabajo final ingenieria\entrega final 15.12\uniprof 27.11\uniprof\tests\bin\debug\tests.dll" id="c27245e1-4f05-55df-8c6f-e38fa3d47902">
      <Execution id="cf5a4fd8-46cc-477d-aef4-f4bc09b6e71e" />
      <TestMethod codeBase="C:/Users/Diego/Google Drive/Facultad/Trabajo Final Ingenieria/Entrega Final 15.12/Uniprof 27.11/Uniprof/Tests/bin/Debug/Tests.DLL" adapterTypeName="Microsoft.VisualStudio.TestTools.TestTypes.Unit.UnitTestAdapter, Microsoft.VisualStudio.QualityTools.Tips.UnitTest.Adapter, Version=10.0.0.0, Culture=neutral, PublicKeyToken=b03f5f7f11d50a3a" className="Tests.FacturaRepositorioTest, Tests, Version=1.0.0.0, Culture=neutral, PublicKeyToken=null" name="grabarFacturaTest" />
    </UnitTest>
    <UnitTest name="buscarTodoTest" storage="c:\users\diego\google drive\facultad\trabajo final ingenieria\entrega final 15.12\uniprof 27.11\uniprof\tests\bin\debug\tests.dll" id="9bc71622-b688-a88b-7a65-091a11ad1362">
      <Execution id="5b060d18-2289-48e4-bf1d-ec00105f2943" />
      <TestMethod codeBase="C:/Users/Diego/Google Drive/Facultad/Trabajo Final Ingenieria/Entrega Final 15.12/Uniprof 27.11/Uniprof/Tests/bin/Debug/Tests.DLL" adapterTypeName="Microsoft.VisualStudio.TestTools.TestTypes.Unit.UnitTestAdapter, Microsoft.VisualStudio.QualityTools.Tips.UnitTest.Adapter, Version=10.0.0.0, Culture=neutral, PublicKeyToken=b03f5f7f11d50a3a" className="Tests.TipoMovimientoTDGTest, Tests, Version=1.0.0.0, Culture=neutral, PublicKeyToken=null" name="buscarTodoTest" />
    </UnitTest>
    <UnitTest name="grabarTest" storage="c:\users\diego\google drive\facultad\trabajo final ingenieria\entrega final 15.12\uniprof 27.11\uniprof\tests\bin\debug\tests.dll" id="fdbcf997-f735-49dd-2d86-a367fe3813bc">
      <Execution id="7b3d934e-9745-462f-8c05-87d2ec5b0e49" />
      <TestMethod codeBase="C:/Users/Diego/Google Drive/Facultad/Trabajo Final Ingenieria/Entrega Final 15.12/Uniprof 27.11/Uniprof/Tests/bin/Debug/Tests.DLL" adapterTypeName="Microsoft.VisualStudio.TestTools.TestTypes.Unit.UnitTestAdapter, Microsoft.VisualStudio.QualityTools.Tips.UnitTest.Adapter, Version=10.0.0.0, Culture=neutral, PublicKeyToken=b03f5f7f11d50a3a" className="Tests.MensajeRepositorioTest, Tests, Version=1.0.0.0, Culture=neutral, PublicKeyToken=null" name="grabarTest" />
    </UnitTest>
    <UnitTest name="GrabarDiseñoTest1" storage="c:\users\diego\google drive\facultad\trabajo final ingenieria\entrega final 15.12\uniprof 27.11\uniprof\tests\bin\debug\tests.dll" id="80476086-aaaa-ba28-a4dc-0972defbe8bb">
      <Execution id="47080a52-7d6b-4691-aa48-e6904493fdb9" />
      <TestMethod codeBase="C:/Users/Diego/Google Drive/Facultad/Trabajo Final Ingenieria/Entrega Final 15.12/Uniprof 27.11/Uniprof/Tests/bin/Debug/Tests.DLL" adapterTypeName="Microsoft.VisualStudio.TestTools.TestTypes.Unit.UnitTestAdapter, Microsoft.VisualStudio.QualityTools.Tips.UnitTest.Adapter, Version=10.0.0.0, Culture=neutral, PublicKeyToken=b03f5f7f11d50a3a" className="Tests.DiseñoBusinessTest, Tests, Version=1.0.0.0, Culture=neutral, PublicKeyToken=null" name="GrabarDiseñoTest1" />
    </UnitTest>
    <UnitTest name="borrarHistoricoEstadosTest" storage="c:\users\diego\google drive\facultad\trabajo final ingenieria\entrega final 15.12\uniprof 27.11\uniprof\tests\bin\debug\tests.dll" id="a238bb59-cc6f-a250-c2de-3c102510d342">
      <Execution id="3f9f2c2d-5caa-429e-b073-ebdd6c95f39c" />
      <TestMethod codeBase="C:/Users/Diego/Google Drive/Facultad/Trabajo Final Ingenieria/Entrega Final 15.12/Uniprof 27.11/Uniprof/Tests/bin/Debug/Tests.DLL" adapterTypeName="Microsoft.VisualStudio.TestTools.TestTypes.Unit.UnitTestAdapter, Microsoft.VisualStudio.QualityTools.Tips.UnitTest.Adapter, Version=10.0.0.0, Culture=neutral, PublicKeyToken=b03f5f7f11d50a3a" className="Tests.HistoricoEstadosProduccionTDGTest, Tests, Version=1.0.0.0, Culture=neutral, PublicKeyToken=null" name="borrarHistoricoEstadosTest" />
    </UnitTest>
    <UnitTest name="cargarMovimientosTest" storage="c:\users\diego\google drive\facultad\trabajo final ingenieria\entrega final 15.12\uniprof 27.11\uniprof\tests\bin\debug\tests.dll" id="4f3a2e54-c06b-cfc2-386b-24b648fee82c">
      <Execution id="5f26b29a-0941-419b-a658-b9677fe25481" />
      <TestMethod codeBase="C:/Users/Diego/Google Drive/Facultad/Trabajo Final Ingenieria/Entrega Final 15.12/Uniprof 27.11/Uniprof/Tests/bin/Debug/Tests.DLL" adapterTypeName="Microsoft.VisualStudio.TestTools.TestTypes.Unit.UnitTestAdapter, Microsoft.VisualStudio.QualityTools.Tips.UnitTest.Adapter, Version=10.0.0.0, Culture=neutral, PublicKeyToken=b03f5f7f11d50a3a" className="Tests.MovimientoStockTDGTest, Tests, Version=1.0.0.0, Culture=neutral, PublicKeyToken=null" name="cargarMovimientosTest" />
    </UnitTest>
    <UnitTest name="CargarClienteTest" storage="c:\users\diego\google drive\facultad\trabajo final ingenieria\entrega final 15.12\uniprof 27.11\uniprof\tests\bin\debug\tests.dll" id="e64170f8-e36a-c642-d97d-54b6bb0553a6">
      <Execution id="701ee397-4e4f-4b8b-b4e8-84ae405f947c" />
      <TestMethod codeBase="C:/Users/Diego/Google Drive/Facultad/Trabajo Final Ingenieria/Entrega Final 15.12/Uniprof 27.11/Uniprof/Tests/bin/Debug/Tests.DLL" adapterTypeName="Microsoft.VisualStudio.TestTools.TestTypes.Unit.UnitTestAdapter, Microsoft.VisualStudio.QualityTools.Tips.UnitTest.Adapter, Version=10.0.0.0, Culture=neutral, PublicKeyToken=b03f5f7f11d50a3a" className="Tests.ClienteRepositorioTest, Tests, Version=1.0.0.0, Culture=neutral, PublicKeyToken=null" name="CargarClienteTest" />
    </UnitTest>
    <UnitTest name="buscarOpinionesPorCriterioTest" storage="c:\users\diego\google drive\facultad\trabajo final ingenieria\entrega final 15.12\uniprof 27.11\uniprof\tests\bin\debug\tests.dll" id="75ff0c72-ae5b-a30a-d444-42d5bfa7ed8d">
      <Execution id="a463e2e5-7cae-4077-8fe1-7e0231f17da0" />
      <TestMethod codeBase="C:/Users/Diego/Google Drive/Facultad/Trabajo Final Ingenieria/Entrega Final 15.12/Uniprof 27.11/Uniprof/Tests/bin/Debug/Tests.DLL" adapterTypeName="Microsoft.VisualStudio.TestTools.TestTypes.Unit.UnitTestAdapter, Microsoft.VisualStudio.QualityTools.Tips.UnitTest.Adapter, Version=10.0.0.0, Culture=neutral, PublicKeyToken=b03f5f7f11d50a3a" className="Tests.OpinionTDGTest, Tests, Version=1.0.0.0, Culture=neutral, PublicKeyToken=null" name="buscarOpinionesPorCriterioTest" />
    </UnitTest>
    <UnitTest name="listarFacturasPorIdTest" storage="c:\users\diego\google drive\facultad\trabajo final ingenieria\entrega final 15.12\uniprof 27.11\uniprof\tests\bin\debug\tests.dll" id="afb70fb3-f16b-16ef-9272-e650b4c370ff">
      <Execution id="a4ce7082-110c-4314-b1f0-18113eb18ff3" />
      <TestMethod codeBase="C:/Users/Diego/Google Drive/Facultad/Trabajo Final Ingenieria/Entrega Final 15.12/Uniprof 27.11/Uniprof/Tests/bin/Debug/Tests.DLL" adapterTypeName="Microsoft.VisualStudio.TestTools.TestTypes.Unit.UnitTestAdapter, Microsoft.VisualStudio.QualityTools.Tips.UnitTest.Adapter, Version=10.0.0.0, Culture=neutral, PublicKeyToken=b03f5f7f11d50a3a" className="Tests.FacturaBusinessTest, Tests, Version=1.0.0.0, Culture=neutral, PublicKeyToken=null" name="listarFacturasPorIdTest" />
    </UnitTest>
    <UnitTest name="cargarUsuarioConRestriccionesTest" storage="c:\users\diego\google drive\facultad\trabajo final ingenieria\entrega final 15.12\uniprof 27.11\uniprof\tests\bin\debug\tests.dll" id="af2a5dd3-889c-239a-49ba-4559ade59815">
      <Execution id="6f588843-d814-471e-b3d9-8af9fc446e2b" />
      <TestMethod codeBase="C:/Users/Diego/Google Drive/Facultad/Trabajo Final Ingenieria/Entrega Final 15.12/Uniprof 27.11/Uniprof/Tests/bin/Debug/Tests.DLL" adapterTypeName="Microsoft.VisualStudio.TestTools.TestTypes.Unit.UnitTestAdapter, Microsoft.VisualStudio.QualityTools.Tips.UnitTest.Adapter, Version=10.0.0.0, Culture=neutral, PublicKeyToken=b03f5f7f11d50a3a" className="Tests.UsuarioBusinessTest, Tests, Version=1.0.0.0, Culture=neutral, PublicKeyToken=null" name="cargarUsuarioConRestriccionesTest" />
    </UnitTest>
    <UnitTest name="cargarLineasFacturaConRestriccionTest" storage="c:\users\diego\google drive\facultad\trabajo final ingenieria\entrega final 15.12\uniprof 27.11\uniprof\tests\bin\debug\tests.dll" id="65cf3506-53bd-487b-cba6-ed8ab00a65a4">
      <Execution id="ebdc5c35-fe3a-4a5f-ad9e-78e3f271527d" />
      <TestMethod codeBase="C:/Users/Diego/Google Drive/Facultad/Trabajo Final Ingenieria/Entrega Final 15.12/Uniprof 27.11/Uniprof/Tests/bin/Debug/Tests.DLL" adapterTypeName="Microsoft.VisualStudio.TestTools.TestTypes.Unit.UnitTestAdapter, Microsoft.VisualStudio.QualityTools.Tips.UnitTest.Adapter, Version=10.0.0.0, Culture=neutral, PublicKeyToken=b03f5f7f11d50a3a" className="Tests.LineaFacturaTDGTest, Tests, Version=1.0.0.0, Culture=neutral, PublicKeyToken=null" name="cargarLineasFacturaConRestriccionTest" />
    </UnitTest>
    <UnitTest name="buscarPedidoPorCodigoTest" storage="c:\users\diego\google drive\facultad\trabajo final ingenieria\entrega final 15.12\uniprof 27.11\uniprof\tests\bin\debug\tests.dll" id="aa89e54f-b120-5f04-a49b-eb1a63d779df">
      <Execution id="45cbfbd3-859d-4c47-92f5-85722ccdcce3" />
      <TestMethod codeBase="C:/Users/Diego/Google Drive/Facultad/Trabajo Final Ingenieria/Entrega Final 15.12/Uniprof 27.11/Uniprof/Tests/bin/Debug/Tests.DLL" adapterTypeName="Microsoft.VisualStudio.TestTools.TestTypes.Unit.UnitTestAdapter, Microsoft.VisualStudio.QualityTools.Tips.UnitTest.Adapter, Version=10.0.0.0, Culture=neutral, PublicKeyToken=b03f5f7f11d50a3a" className="Tests.PedidoBusinessTest, Tests, Version=1.0.0.0, Culture=neutral, PublicKeyToken=null" name="buscarPedidoPorCodigoTest" />
    </UnitTest>
    <UnitTest name="actualizarUsuarioTest" storage="c:\users\diego\google drive\facultad\trabajo final ingenieria\entrega final 15.12\uniprof 27.11\uniprof\tests\bin\debug\tests.dll" id="5f0d0749-3ebf-18a9-df3b-b2af8e5ec0eb">
      <Execution id="20b3f676-b839-4d77-b453-69dff8c620f4" />
      <TestMethod codeBase="C:/Users/Diego/Google Drive/Facultad/Trabajo Final Ingenieria/Entrega Final 15.12/Uniprof 27.11/Uniprof/Tests/bin/Debug/Tests.DLL" adapterTypeName="Microsoft.VisualStudio.TestTools.TestTypes.Unit.UnitTestAdapter, Microsoft.VisualStudio.QualityTools.Tips.UnitTest.Adapter, Version=10.0.0.0, Culture=neutral, PublicKeyToken=b03f5f7f11d50a3a" className="Tests.UsuarioTDGTest, Tests, Version=1.0.0.0, Culture=neutral, PublicKeyToken=null" name="actualizarUsuarioTest" />
    </UnitTest>
    <UnitTest name="cargarlistaProduccionConRestriccionesTest" storage="c:\users\diego\google drive\facultad\trabajo final ingenieria\entrega final 15.12\uniprof 27.11\uniprof\tests\bin\debug\tests.dll" id="bb119d3a-e948-8bb7-862b-ef22cd5e5418">
      <Execution id="1f4f1ab8-be8c-4547-8b9c-e1b47e6f4143" />
      <TestMethod codeBase="C:/Users/Diego/Google Drive/Facultad/Trabajo Final Ingenieria/Entrega Final 15.12/Uniprof 27.11/Uniprof/Tests/bin/Debug/Tests.DLL" adapterTypeName="Microsoft.VisualStudio.TestTools.TestTypes.Unit.UnitTestAdapter, Microsoft.VisualStudio.QualityTools.Tips.UnitTest.Adapter, Version=10.0.0.0, Culture=neutral, PublicKeyToken=b03f5f7f11d50a3a" className="Tests.ProduccionTDGTest, Tests, Version=1.0.0.0, Culture=neutral, PublicKeyToken=null" name="cargarlistaProduccionConRestriccionesTest" />
    </UnitTest>
    <UnitTest name="listarOrdenDeComprasTest" storage="c:\users\diego\google drive\facultad\trabajo final ingenieria\entrega final 15.12\uniprof 27.11\uniprof\tests\bin\debug\tests.dll" id="019bd56c-e56a-79a5-09bc-547b99ed981b">
      <Execution id="4599eee8-ec28-4368-b43e-a3e566e2fe3c" />
      <TestMethod codeBase="C:/Users/Diego/Google Drive/Facultad/Trabajo Final Ingenieria/Entrega Final 15.12/Uniprof 27.11/Uniprof/Tests/bin/Debug/Tests.DLL" adapterTypeName="Microsoft.VisualStudio.TestTools.TestTypes.Unit.UnitTestAdapter, Microsoft.VisualStudio.QualityTools.Tips.UnitTest.Adapter, Version=10.0.0.0, Culture=neutral, PublicKeyToken=b03f5f7f11d50a3a" className="Tests.OrdenCompraBusinessTest, Tests, Version=1.0.0.0, Culture=neutral, PublicKeyToken=null" name="listarOrdenDeComprasTest" />
    </UnitTest>
    <UnitTest name="actualizarClienteTest" storage="c:\users\diego\google drive\facultad\trabajo final ingenieria\entrega final 15.12\uniprof 27.11\uniprof\tests\bin\debug\tests.dll" id="52d17b0e-d936-129e-43f3-078523a7b6ea">
      <Execution id="ff3709b4-06e1-4605-9721-efaa20fce1fa" />
      <TestMethod codeBase="C:/Users/Diego/Google Drive/Facultad/Trabajo Final Ingenieria/Entrega Final 15.12/Uniprof 27.11/Uniprof/Tests/bin/Debug/Tests.DLL" adapterTypeName="Microsoft.VisualStudio.TestTools.TestTypes.Unit.UnitTestAdapter, Microsoft.VisualStudio.QualityTools.Tips.UnitTest.Adapter, Version=10.0.0.0, Culture=neutral, PublicKeyToken=b03f5f7f11d50a3a" className="Tests.ClienteRepositorioTest, Tests, Version=1.0.0.0, Culture=neutral, PublicKeyToken=null" name="actualizarClienteTest" />
    </UnitTest>
    <UnitTest name="actualizaArticuloTest" storage="c:\users\diego\google drive\facultad\trabajo final ingenieria\entrega final 15.12\uniprof 27.11\uniprof\tests\bin\debug\tests.dll" id="4b4cc00b-440a-fb3e-bf1c-58f18a59fbb6">
      <Execution id="c9225727-0b2f-4a5e-b6a6-3622e5f497f3" />
      <TestMethod codeBase="C:/Users/Diego/Google Drive/Facultad/Trabajo Final Ingenieria/Entrega Final 15.12/Uniprof 27.11/Uniprof/Tests/bin/Debug/Tests.DLL" adapterTypeName="Microsoft.VisualStudio.TestTools.TestTypes.Unit.UnitTestAdapter, Microsoft.VisualStudio.QualityTools.Tips.UnitTest.Adapter, Version=10.0.0.0, Culture=neutral, PublicKeyToken=b03f5f7f11d50a3a" className="Tests.ArticuloBusinessTest, Tests, Version=1.0.0.0, Culture=neutral, PublicKeyToken=null" name="actualizaArticuloTest" />
    </UnitTest>
    <UnitTest name="calcularDistanciaEntreTrabajosTest1" storage="c:\users\diego\google drive\facultad\trabajo final ingenieria\entrega final 15.12\uniprof 27.11\uniprof\tests\bin\debug\tests.dll" id="c17e6f29-704e-75d9-e266-2faaf40f3e21">
      <Execution id="04fd5fc3-7eaa-46d6-8c39-ddec9227aadc" />
      <TestMethod codeBase="C:/Users/Diego/Google Drive/Facultad/Trabajo Final Ingenieria/Entrega Final 15.12/Uniprof 27.11/Uniprof/Tests/bin/Debug/Tests.DLL" adapterTypeName="Microsoft.VisualStudio.TestTools.TestTypes.Unit.UnitTestAdapter, Microsoft.VisualStudio.QualityTools.Tips.UnitTest.Adapter, Version=10.0.0.0, Culture=neutral, PublicKeyToken=b03f5f7f11d50a3a" className="Tests.ProduccionBusinessTest, Tests, Version=1.0.0.0, Culture=neutral, PublicKeyToken=null" name="calcularDistanciaEntreTrabajosTest1" />
    </UnitTest>
    <UnitTest name="cargarFamiliasPorUsuarioTest" storage="c:\users\diego\google drive\facultad\trabajo final ingenieria\entrega final 15.12\uniprof 27.11\uniprof\tests\bin\debug\tests.dll" id="d1a8787a-d877-64a2-00b1-470142ee8a14">
      <Execution id="86851e6b-f11f-45eb-abb4-69cd3e954bb4" />
      <TestMethod codeBase="C:/Users/Diego/Google Drive/Facultad/Trabajo Final Ingenieria/Entrega Final 15.12/Uniprof 27.11/Uniprof/Tests/bin/Debug/Tests.DLL" adapterTypeName="Microsoft.VisualStudio.TestTools.TestTypes.Unit.UnitTestAdapter, Microsoft.VisualStudio.QualityTools.Tips.UnitTest.Adapter, Version=10.0.0.0, Culture=neutral, PublicKeyToken=b03f5f7f11d50a3a" className="Tests.FamiliaTDGTest, Tests, Version=1.0.0.0, Culture=neutral, PublicKeyToken=null" name="cargarFamiliasPorUsuarioTest" />
    </UnitTest>
    <UnitTest name="buscarPrendasPorIDTest" storage="c:\users\diego\google drive\facultad\trabajo final ingenieria\entrega final 15.12\uniprof 27.11\uniprof\tests\bin\debug\tests.dll" id="7f10aeee-1e6d-047f-bf86-9fb35cb9cbd0">
      <Execution id="e7edd2d9-09ea-4834-868e-c6828a0abd50" />
      <TestMethod codeBase="C:/Users/Diego/Google Drive/Facultad/Trabajo Final Ingenieria/Entrega Final 15.12/Uniprof 27.11/Uniprof/Tests/bin/Debug/Tests.DLL" adapterTypeName="Microsoft.VisualStudio.TestTools.TestTypes.Unit.UnitTestAdapter, Microsoft.VisualStudio.QualityTools.Tips.UnitTest.Adapter, Version=10.0.0.0, Culture=neutral, PublicKeyToken=b03f5f7f11d50a3a" className="Tests.TipoPrendaRepositorioTest, Tests, Version=1.0.0.0, Culture=neutral, PublicKeyToken=null" name="buscarPrendasPorIDTest" />
    </UnitTest>
    <UnitTest name="buscarPrimerosHuecosMaquinaTest3" storage="c:\users\diego\google drive\facultad\trabajo final ingenieria\entrega final 15.12\uniprof 27.11\uniprof\tests\bin\debug\tests.dll" id="8e0c723b-e192-342e-eb9f-eccfedfe5ca1">
      <Execution id="7dc41fa7-07bf-43c4-ba7a-3e9b8f6f0990" />
      <TestMethod codeBase="C:/Users/Diego/Google Drive/Facultad/Trabajo Final Ingenieria/Entrega Final 15.12/Uniprof 27.11/Uniprof/Tests/bin/Debug/Tests.DLL" adapterTypeName="Microsoft.VisualStudio.TestTools.TestTypes.Unit.UnitTestAdapter, Microsoft.VisualStudio.QualityTools.Tips.UnitTest.Adapter, Version=10.0.0.0, Culture=neutral, PublicKeyToken=b03f5f7f11d50a3a" className="Tests.ProduccionBusinessTest, Tests, Version=1.0.0.0, Culture=neutral, PublicKeyToken=null" name="buscarPrimerosHuecosMaquinaTest3" />
    </UnitTest>
    <UnitTest name="buscarProveedorPorCodigoTest" storage="c:\users\diego\google drive\facultad\trabajo final ingenieria\entrega final 15.12\uniprof 27.11\uniprof\tests\bin\debug\tests.dll" id="9853b2bf-c35b-f18f-c067-26f1d74150ec">
      <Execution id="98fb5249-6462-41cf-a6d3-42847319c5a5" />
      <TestMethod codeBase="C:/Users/Diego/Google Drive/Facultad/Trabajo Final Ingenieria/Entrega Final 15.12/Uniprof 27.11/Uniprof/Tests/bin/Debug/Tests.DLL" adapterTypeName="Microsoft.VisualStudio.TestTools.TestTypes.Unit.UnitTestAdapter, Microsoft.VisualStudio.QualityTools.Tips.UnitTest.Adapter, Version=10.0.0.0, Culture=neutral, PublicKeyToken=b03f5f7f11d50a3a" className="Tests.ProveedorRepositorioTest, Tests, Version=1.0.0.0, Culture=neutral, PublicKeyToken=null" name="buscarProveedorPorCodigoTest" />
    </UnitTest>
    <UnitTest name="buscarEstadosTest" storage="c:\users\diego\google drive\facultad\trabajo final ingenieria\entrega final 15.12\uniprof 27.11\uniprof\tests\bin\debug\tests.dll" id="34308cfd-d506-0b0a-6562-a4e0e8e6e9f3">
      <Execution id="f526f73a-2b84-4207-aabe-b8c9c655fc36" />
      <TestMethod codeBase="C:/Users/Diego/Google Drive/Facultad/Trabajo Final Ingenieria/Entrega Final 15.12/Uniprof 27.11/Uniprof/Tests/bin/Debug/Tests.DLL" adapterTypeName="Microsoft.VisualStudio.TestTools.TestTypes.Unit.UnitTestAdapter, Microsoft.VisualStudio.QualityTools.Tips.UnitTest.Adapter, Version=10.0.0.0, Culture=neutral, PublicKeyToken=b03f5f7f11d50a3a" className="Tests.EstadoPedidoTDGTest, Tests, Version=1.0.0.0, Culture=neutral, PublicKeyToken=null" name="buscarEstadosTest" />
    </UnitTest>
    <UnitTest name="buscarPrimerosHuecosMaquinaTest5" storage="c:\users\diego\google drive\facultad\trabajo final ingenieria\entrega final 15.12\uniprof 27.11\uniprof\tests\bin\debug\tests.dll" id="5c26e5bc-173f-d60e-f76c-ab3d9a4b4531">
      <Execution id="c9d766d4-2867-4be0-8604-961e43207a4e" />
      <TestMethod codeBase="C:/Users/Diego/Google Drive/Facultad/Trabajo Final Ingenieria/Entrega Final 15.12/Uniprof 27.11/Uniprof/Tests/bin/Debug/Tests.DLL" adapterTypeName="Microsoft.VisualStudio.TestTools.TestTypes.Unit.UnitTestAdapter, Microsoft.VisualStudio.QualityTools.Tips.UnitTest.Adapter, Version=10.0.0.0, Culture=neutral, PublicKeyToken=b03f5f7f11d50a3a" className="Tests.ProduccionBusinessTest, Tests, Version=1.0.0.0, Culture=neutral, PublicKeyToken=null" name="buscarPrimerosHuecosMaquinaTest5" />
    </UnitTest>
    <UnitTest name="borrarMensajeTest" storage="c:\users\diego\google drive\facultad\trabajo final ingenieria\entrega final 15.12\uniprof 27.11\uniprof\tests\bin\debug\tests.dll" id="88295536-741f-3a89-ef69-1ec7d6b91f08">
      <Execution id="9a7fd9e0-b8ee-4c20-9303-0f9485fae242" />
      <TestMethod codeBase="C:/Users/Diego/Google Drive/Facultad/Trabajo Final Ingenieria/Entrega Final 15.12/Uniprof 27.11/Uniprof/Tests/bin/Debug/Tests.DLL" adapterTypeName="Microsoft.VisualStudio.TestTools.TestTypes.Unit.UnitTestAdapter, Microsoft.VisualStudio.QualityTools.Tips.UnitTest.Adapter, Version=10.0.0.0, Culture=neutral, PublicKeyToken=b03f5f7f11d50a3a" className="Tests.ConversacionTDGTest, Tests, Version=1.0.0.0, Culture=neutral, PublicKeyToken=null" name="borrarMensajeTest" />
    </UnitTest>
    <UnitTest name="cargarPatentesPorUsuarioTest" storage="c:\users\diego\google drive\facultad\trabajo final ingenieria\entrega final 15.12\uniprof 27.11\uniprof\tests\bin\debug\tests.dll" id="4075ee85-dce8-0a59-bbe2-572b6c1b6a07">
      <Execution id="eb065850-bcd9-4cec-afb5-d98eedfd90c8" />
      <TestMethod codeBase="C:/Users/Diego/Google Drive/Facultad/Trabajo Final Ingenieria/Entrega Final 15.12/Uniprof 27.11/Uniprof/Tests/bin/Debug/Tests.DLL" adapterTypeName="Microsoft.VisualStudio.TestTools.TestTypes.Unit.UnitTestAdapter, Microsoft.VisualStudio.QualityTools.Tips.UnitTest.Adapter, Version=10.0.0.0, Culture=neutral, PublicKeyToken=b03f5f7f11d50a3a" className="Tests.PatenteRepositorioTest, Tests, Version=1.0.0.0, Culture=neutral, PublicKeyToken=null" name="cargarPatentesPorUsuarioTest" />
    </UnitTest>
    <UnitTest name="calcularFinalizacionTest4" storage="c:\users\diego\google drive\facultad\trabajo final ingenieria\entrega final 15.12\uniprof 27.11\uniprof\tests\bin\debug\tests.dll" id="93f8ff39-718d-999f-f07f-06a3b12e22dd">
      <Execution id="fbc1bbac-7a28-48a8-820a-c292acaa05d7" />
      <TestMethod codeBase="C:/Users/Diego/Google Drive/Facultad/Trabajo Final Ingenieria/Entrega Final 15.12/Uniprof 27.11/Uniprof/Tests/bin/Debug/Tests.DLL" adapterTypeName="Microsoft.VisualStudio.TestTools.TestTypes.Unit.UnitTestAdapter, Microsoft.VisualStudio.QualityTools.Tips.UnitTest.Adapter, Version=10.0.0.0, Culture=neutral, PublicKeyToken=b03f5f7f11d50a3a" className="Tests.ProduccionBusinessTest, Tests, Version=1.0.0.0, Culture=neutral, PublicKeyToken=null" name="calcularFinalizacionTest4" />
    </UnitTest>
    <UnitTest name="buscarMovimintosTest" storage="c:\users\diego\google drive\facultad\trabajo final ingenieria\entrega final 15.12\uniprof 27.11\uniprof\tests\bin\debug\tests.dll" id="b09e98eb-5e7b-17f1-4a91-35133c7055e9">
      <Execution id="c264129c-a991-4002-9486-b682021517a4" />
      <TestMethod codeBase="C:/Users/Diego/Google Drive/Facultad/Trabajo Final Ingenieria/Entrega Final 15.12/Uniprof 27.11/Uniprof/Tests/bin/Debug/Tests.DLL" adapterTypeName="Microsoft.VisualStudio.TestTools.TestTypes.Unit.UnitTestAdapter, Microsoft.VisualStudio.QualityTools.Tips.UnitTest.Adapter, Version=10.0.0.0, Culture=neutral, PublicKeyToken=b03f5f7f11d50a3a" className="Tests.MovimientoCuentaClienteRepositorioTest, Tests, Version=1.0.0.0, Culture=neutral, PublicKeyToken=null" name="buscarMovimintosTest" />
    </UnitTest>
    <UnitTest name="listarFacturaPorMovimientoTest" storage="c:\users\diego\google drive\facultad\trabajo final ingenieria\entrega final 15.12\uniprof 27.11\uniprof\tests\bin\debug\tests.dll" id="37b5db64-970d-c293-40fd-5d0b9fe33e03">
      <Execution id="cdba3ca0-4158-491f-892e-4e93874da7bc" />
      <TestMethod codeBase="C:/Users/Diego/Google Drive/Facultad/Trabajo Final Ingenieria/Entrega Final 15.12/Uniprof 27.11/Uniprof/Tests/bin/Debug/Tests.DLL" adapterTypeName="Microsoft.VisualStudio.TestTools.TestTypes.Unit.UnitTestAdapter, Microsoft.VisualStudio.QualityTools.Tips.UnitTest.Adapter, Version=10.0.0.0, Culture=neutral, PublicKeyToken=b03f5f7f11d50a3a" className="Tests.FacturaRepositorioTest, Tests, Version=1.0.0.0, Culture=neutral, PublicKeyToken=null" name="listarFacturaPorMovimientoTest" />
    </UnitTest>
    <UnitTest name="cargarListaPrecioTest" storage="c:\users\diego\google drive\facultad\trabajo final ingenieria\entrega final 15.12\uniprof 27.11\uniprof\tests\bin\debug\tests.dll" id="65f33339-f5f5-af8d-e74e-57a59876466d">
      <Execution id="865dbaf6-d602-44b0-bc3f-1b73966a7c70" />
      <TestMethod codeBase="C:/Users/Diego/Google Drive/Facultad/Trabajo Final Ingenieria/Entrega Final 15.12/Uniprof 27.11/Uniprof/Tests/bin/Debug/Tests.DLL" adapterTypeName="Microsoft.VisualStudio.TestTools.TestTypes.Unit.UnitTestAdapter, Microsoft.VisualStudio.QualityTools.Tips.UnitTest.Adapter, Version=10.0.0.0, Culture=neutral, PublicKeyToken=b03f5f7f11d50a3a" className="Tests.ListaPreciosTDGTest, Tests, Version=1.0.0.0, Culture=neutral, PublicKeyToken=null" name="cargarListaPrecioTest" />
    </UnitTest>
    <UnitTest name="grabarPrendaTest" storage="c:\users\diego\google drive\facultad\trabajo final ingenieria\entrega final 15.12\uniprof 27.11\uniprof\tests\bin\debug\tests.dll" id="47539572-8702-25fd-25db-bd0bdd8958b7">
      <Execution id="182cd62f-ac59-45dc-bb74-00ff1dbd97f5" />
      <TestMethod codeBase="C:/Users/Diego/Google Drive/Facultad/Trabajo Final Ingenieria/Entrega Final 15.12/Uniprof 27.11/Uniprof/Tests/bin/Debug/Tests.DLL" adapterTypeName="Microsoft.VisualStudio.TestTools.TestTypes.Unit.UnitTestAdapter, Microsoft.VisualStudio.QualityTools.Tips.UnitTest.Adapter, Version=10.0.0.0, Culture=neutral, PublicKeyToken=b03f5f7f11d50a3a" className="Tests.TipoPrendaRepositorioTest, Tests, Version=1.0.0.0, Culture=neutral, PublicKeyToken=null" name="grabarPrendaTest" />
    </UnitTest>
    <UnitTest name="actualizarMovimientoTest" storage="c:\users\diego\google drive\facultad\trabajo final ingenieria\entrega final 15.12\uniprof 27.11\uniprof\tests\bin\debug\tests.dll" id="10b4c1e2-77e8-b6fe-ff2c-b75bd78a1790">
      <Execution id="e526e625-baab-4e4f-9d3c-ee92300dc905" />
      <TestMethod codeBase="C:/Users/Diego/Google Drive/Facultad/Trabajo Final Ingenieria/Entrega Final 15.12/Uniprof 27.11/Uniprof/Tests/bin/Debug/Tests.DLL" adapterTypeName="Microsoft.VisualStudio.TestTools.TestTypes.Unit.UnitTestAdapter, Microsoft.VisualStudio.QualityTools.Tips.UnitTest.Adapter, Version=10.0.0.0, Culture=neutral, PublicKeyToken=b03f5f7f11d50a3a" className="Tests.MovimientoCuentaClienteRepositorioTest, Tests, Version=1.0.0.0, Culture=neutral, PublicKeyToken=null" name="actualizarMovimientoTest" />
    </UnitTest>
    <UnitTest name="listarArticulosPorDiseñoTest" storage="c:\users\diego\google drive\facultad\trabajo final ingenieria\entrega final 15.12\uniprof 27.11\uniprof\tests\bin\debug\tests.dll" id="16d2afdb-fcf6-6658-1d97-2e6156bb9c19">
      <Execution id="34248b48-8fb6-4882-ab51-5ea205367bfe" />
      <TestMethod codeBase="C:/Users/Diego/Google Drive/Facultad/Trabajo Final Ingenieria/Entrega Final 15.12/Uniprof 27.11/Uniprof/Tests/bin/Debug/Tests.DLL" adapterTypeName="Microsoft.VisualStudio.TestTools.TestTypes.Unit.UnitTestAdapter, Microsoft.VisualStudio.QualityTools.Tips.UnitTest.Adapter, Version=10.0.0.0, Culture=neutral, PublicKeyToken=b03f5f7f11d50a3a" className="Tests.ArticuloBusinessTest, Tests, Version=1.0.0.0, Culture=neutral, PublicKeyToken=null" name="listarArticulosPorDiseñoTest" />
    </UnitTest>
    <UnitTest name="grabarNewsletterTest" storage="c:\users\diego\google drive\facultad\trabajo final ingenieria\entrega final 15.12\uniprof 27.11\uniprof\tests\bin\debug\tests.dll" id="ccb6e01a-8e1d-d753-d587-f8c1f14a9dc4">
      <Execution id="f5e419aa-4d15-42fd-8328-53b67ef415e5" />
      <TestMethod codeBase="C:/Users/Diego/Google Drive/Facultad/Trabajo Final Ingenieria/Entrega Final 15.12/Uniprof 27.11/Uniprof/Tests/bin/Debug/Tests.DLL" adapterTypeName="Microsoft.VisualStudio.TestTools.TestTypes.Unit.UnitTestAdapter, Microsoft.VisualStudio.QualityTools.Tips.UnitTest.Adapter, Version=10.0.0.0, Culture=neutral, PublicKeyToken=b03f5f7f11d50a3a" className="Tests.NewsletterRepositorioTest, Tests, Version=1.0.0.0, Culture=neutral, PublicKeyToken=null" name="grabarNewsletterTest" />
    </UnitTest>
    <UnitTest name="buscarOperadoresConRestriccionesTest" storage="c:\users\diego\google drive\facultad\trabajo final ingenieria\entrega final 15.12\uniprof 27.11\uniprof\tests\bin\debug\tests.dll" id="8e175a1e-ad15-cbe9-eb2b-34d47332acea">
      <Execution id="dc734184-5a88-4061-8bdb-d99d57b73f9e" />
      <TestMethod codeBase="C:/Users/Diego/Google Drive/Facultad/Trabajo Final Ingenieria/Entrega Final 15.12/Uniprof 27.11/Uniprof/Tests/bin/Debug/Tests.DLL" adapterTypeName="Microsoft.VisualStudio.TestTools.TestTypes.Unit.UnitTestAdapter, Microsoft.VisualStudio.QualityTools.Tips.UnitTest.Adapter, Version=10.0.0.0, Culture=neutral, PublicKeyToken=b03f5f7f11d50a3a" className="Tests.OperadorTDGTest, Tests, Version=1.0.0.0, Culture=neutral, PublicKeyToken=null" name="buscarOperadoresConRestriccionesTest" />
    </UnitTest>
    <UnitTest name="buscarNewsletterPorIDTest" storage="c:\users\diego\google drive\facultad\trabajo final ingenieria\entrega final 15.12\uniprof 27.11\uniprof\tests\bin\debug\tests.dll" id="132dbdad-c767-c70b-4154-f7166132216a">
      <Execution id="0640213b-d488-4260-aecd-6cbc0aa0fe1b" />
      <TestMethod codeBase="C:/Users/Diego/Google Drive/Facultad/Trabajo Final Ingenieria/Entrega Final 15.12/Uniprof 27.11/Uniprof/Tests/bin/Debug/Tests.DLL" adapterTypeName="Microsoft.VisualStudio.TestTools.TestTypes.Unit.UnitTestAdapter, Microsoft.VisualStudio.QualityTools.Tips.UnitTest.Adapter, Version=10.0.0.0, Culture=neutral, PublicKeyToken=b03f5f7f11d50a3a" className="Tests.NewsletterTDGTest, Tests, Version=1.0.0.0, Culture=neutral, PublicKeyToken=null" name="buscarNewsletterPorIDTest" />
    </UnitTest>
    <UnitTest name="buscarEstadosPorIdTest" storage="c:\users\diego\google drive\facultad\trabajo final ingenieria\entrega final 15.12\uniprof 27.11\uniprof\tests\bin\debug\tests.dll" id="9abfd9c9-a69f-e14e-a283-753aea9711be">
      <Execution id="7bdf22f8-a185-4a54-a7c5-3cc18bd6d67e" />
      <TestMethod codeBase="C:/Users/Diego/Google Drive/Facultad/Trabajo Final Ingenieria/Entrega Final 15.12/Uniprof 27.11/Uniprof/Tests/bin/Debug/Tests.DLL" adapterTypeName="Microsoft.VisualStudio.TestTools.TestTypes.Unit.UnitTestAdapter, Microsoft.VisualStudio.QualityTools.Tips.UnitTest.Adapter, Version=10.0.0.0, Culture=neutral, PublicKeyToken=b03f5f7f11d50a3a" className="Tests.EstadoDiseñoTDGTest, Tests, Version=1.0.0.0, Culture=neutral, PublicKeyToken=null" name="buscarEstadosPorIdTest" />
    </UnitTest>
    <UnitTest name="borrarLineaTest" storage="c:\users\diego\google drive\facultad\trabajo final ingenieria\entrega final 15.12\uniprof 27.11\uniprof\tests\bin\debug\tests.dll" id="1e112e87-ecd4-bbc8-5f74-eb12a4718023">
      <Execution id="fdee46b4-de4b-4b29-b233-55a9687f9b87" />
      <TestMethod codeBase="C:/Users/Diego/Google Drive/Facultad/Trabajo Final Ingenieria/Entrega Final 15.12/Uniprof 27.11/Uniprof/Tests/bin/Debug/Tests.DLL" adapterTypeName="Microsoft.VisualStudio.TestTools.TestTypes.Unit.UnitTestAdapter, Microsoft.VisualStudio.QualityTools.Tips.UnitTest.Adapter, Version=10.0.0.0, Culture=neutral, PublicKeyToken=b03f5f7f11d50a3a" className="Tests.LineaFacturaTDGTest, Tests, Version=1.0.0.0, Culture=neutral, PublicKeyToken=null" name="borrarLineaTest" />
    </UnitTest>
    <UnitTest name="cargarOrdenConRestriccionesTest" storage="c:\users\diego\google drive\facultad\trabajo final ingenieria\entrega final 15.12\uniprof 27.11\uniprof\tests\bin\debug\tests.dll" id="3022c4e6-888b-2dda-b879-e60c04b5e600">
      <Execution id="a09bdbf0-9f04-4f3f-a6d7-3401c5f7c1f6" />
      <TestMethod codeBase="C:/Users/Diego/Google Drive/Facultad/Trabajo Final Ingenieria/Entrega Final 15.12/Uniprof 27.11/Uniprof/Tests/bin/Debug/Tests.DLL" adapterTypeName="Microsoft.VisualStudio.TestTools.TestTypes.Unit.UnitTestAdapter, Microsoft.VisualStudio.QualityTools.Tips.UnitTest.Adapter, Version=10.0.0.0, Culture=neutral, PublicKeyToken=b03f5f7f11d50a3a" className="Tests.OrdenDeCompraTDGTest, Tests, Version=1.0.0.0, Culture=neutral, PublicKeyToken=null" name="cargarOrdenConRestriccionesTest" />
    </UnitTest>
    <UnitTest name="cargarOrdenesDeComprasTest" storage="c:\users\diego\google drive\facultad\trabajo final ingenieria\entrega final 15.12\uniprof 27.11\uniprof\tests\bin\debug\tests.dll" id="d40feea3-8180-d822-1bc4-ef1286a37118">
      <Execution id="3551d054-8c03-4434-ba0d-629c5d2c8e31" />
      <TestMethod codeBase="C:/Users/Diego/Google Drive/Facultad/Trabajo Final Ingenieria/Entrega Final 15.12/Uniprof 27.11/Uniprof/Tests/bin/Debug/Tests.DLL" adapterTypeName="Microsoft.VisualStudio.TestTools.TestTypes.Unit.UnitTestAdapter, Microsoft.VisualStudio.QualityTools.Tips.UnitTest.Adapter, Version=10.0.0.0, Culture=neutral, PublicKeyToken=b03f5f7f11d50a3a" className="Tests.OrdenDeCompraTDGTest, Tests, Version=1.0.0.0, Culture=neutral, PublicKeyToken=null" name="cargarOrdenesDeComprasTest" />
    </UnitTest>
    <UnitTest name="grabarInsumoTest" storage="c:\users\diego\google drive\facultad\trabajo final ingenieria\entrega final 15.12\uniprof 27.11\uniprof\tests\bin\debug\tests.dll" id="67103975-0d80-6dc0-3e73-31c64db0977f">
      <Execution id="819c8e04-a065-41fb-9f2d-8ce92a52a77f" />
      <TestMethod codeBase="C:/Users/Diego/Google Drive/Facultad/Trabajo Final Ingenieria/Entrega Final 15.12/Uniprof 27.11/Uniprof/Tests/bin/Debug/Tests.DLL" adapterTypeName="Microsoft.VisualStudio.TestTools.TestTypes.Unit.UnitTestAdapter, Microsoft.VisualStudio.QualityTools.Tips.UnitTest.Adapter, Version=10.0.0.0, Culture=neutral, PublicKeyToken=b03f5f7f11d50a3a" className="Tests.InsumoBusinessTest, Tests, Version=1.0.0.0, Culture=neutral, PublicKeyToken=null" name="grabarInsumoTest" />
    </UnitTest>
    <UnitTest name="listarProduccionPorMaquinaTest" storage="c:\users\diego\google drive\facultad\trabajo final ingenieria\entrega final 15.12\uniprof 27.11\uniprof\tests\bin\debug\tests.dll" id="399698d6-d910-1ab1-d972-fb6aa80639ce">
      <Execution id="530b87c0-633b-4358-9cea-3a007d791493" />
      <TestMethod codeBase="C:/Users/Diego/Google Drive/Facultad/Trabajo Final Ingenieria/Entrega Final 15.12/Uniprof 27.11/Uniprof/Tests/bin/Debug/Tests.DLL" adapterTypeName="Microsoft.VisualStudio.TestTools.TestTypes.Unit.UnitTestAdapter, Microsoft.VisualStudio.QualityTools.Tips.UnitTest.Adapter, Version=10.0.0.0, Culture=neutral, PublicKeyToken=b03f5f7f11d50a3a" className="Tests.ProduccionRepositorioTest, Tests, Version=1.0.0.0, Culture=neutral, PublicKeyToken=null" name="listarProduccionPorMaquinaTest" />
    </UnitTest>
    <UnitTest name="modificarMensajeTest" storage="c:\users\diego\google drive\facultad\trabajo final ingenieria\entrega final 15.12\uniprof 27.11\uniprof\tests\bin\debug\tests.dll" id="dea2dc86-55fc-7dd0-68c2-4ac2d970ca43">
      <Execution id="89150294-b81f-402e-adcb-d402b8455768" />
      <TestMethod codeBase="C:/Users/Diego/Google Drive/Facultad/Trabajo Final Ingenieria/Entrega Final 15.12/Uniprof 27.11/Uniprof/Tests/bin/Debug/Tests.DLL" adapterTypeName="Microsoft.VisualStudio.TestTools.TestTypes.Unit.UnitTestAdapter, Microsoft.VisualStudio.QualityTools.Tips.UnitTest.Adapter, Version=10.0.0.0, Culture=neutral, PublicKeyToken=b03f5f7f11d50a3a" className="Tests.MensajeTDGTest, Tests, Version=1.0.0.0, Culture=neutral, PublicKeyToken=null" name="modificarMensajeTest" />
    </UnitTest>
    <UnitTest name="calcularDistanciaEntreTrabajosTest4" storage="c:\users\diego\google drive\facultad\trabajo final ingenieria\entrega final 15.12\uniprof 27.11\uniprof\tests\bin\debug\tests.dll" id="db7e1c98-1137-e435-bbb3-bf8f5402bfbf">
      <Execution id="514aa81a-b732-410b-88ca-69b812f95076" />
      <TestMethod codeBase="C:/Users/Diego/Google Drive/Facultad/Trabajo Final Ingenieria/Entrega Final 15.12/Uniprof 27.11/Uniprof/Tests/bin/Debug/Tests.DLL" adapterTypeName="Microsoft.VisualStudio.TestTools.TestTypes.Unit.UnitTestAdapter, Microsoft.VisualStudio.QualityTools.Tips.UnitTest.Adapter, Version=10.0.0.0, Culture=neutral, PublicKeyToken=b03f5f7f11d50a3a" className="Tests.ProduccionBusinessTest, Tests, Version=1.0.0.0, Culture=neutral, PublicKeyToken=null" name="calcularDistanciaEntreTrabajosTest4" />
    </UnitTest>
    <UnitTest name="grabarTipoPedidosTest" storage="c:\users\diego\google drive\facultad\trabajo final ingenieria\entrega final 15.12\uniprof 27.11\uniprof\tests\bin\debug\tests.dll" id="c37440e9-11a5-99b5-8db4-69844a9128f1">
      <Execution id="237e1910-bcd4-4ce5-802a-96600bdfc04d" />
      <TestMethod codeBase="C:/Users/Diego/Google Drive/Facultad/Trabajo Final Ingenieria/Entrega Final 15.12/Uniprof 27.11/Uniprof/Tests/bin/Debug/Tests.DLL" adapterTypeName="Microsoft.VisualStudio.TestTools.TestTypes.Unit.UnitTestAdapter, Microsoft.VisualStudio.QualityTools.Tips.UnitTest.Adapter, Version=10.0.0.0, Culture=neutral, PublicKeyToken=b03f5f7f11d50a3a" className="Tests.TipoPedidoTDGTest, Tests, Version=1.0.0.0, Culture=neutral, PublicKeyToken=null" name="grabarTipoPedidosTest" />
    </UnitTest>
    <UnitTest name="GuardarPedidoTest" storage="c:\users\diego\google drive\facultad\trabajo final ingenieria\entrega final 15.12\uniprof 27.11\uniprof\tests\bin\debug\tests.dll" id="4ab5b9e6-5b30-baa0-2e6d-fac9df442766">
      <Execution id="a021366f-5857-4423-bbbb-e1ade5d6b63b" />
      <TestMethod codeBase="C:/Users/Diego/Google Drive/Facultad/Trabajo Final Ingenieria/Entrega Final 15.12/Uniprof 27.11/Uniprof/Tests/bin/Debug/Tests.DLL" adapterTypeName="Microsoft.VisualStudio.TestTools.TestTypes.Unit.UnitTestAdapter, Microsoft.VisualStudio.QualityTools.Tips.UnitTest.Adapter, Version=10.0.0.0, Culture=neutral, PublicKeyToken=b03f5f7f11d50a3a" className="Tests.PedidoBusinessTest, Tests, Version=1.0.0.0, Culture=neutral, PublicKeyToken=null" name="GuardarPedidoTest" />
    </UnitTest>
    <UnitTest name="modificarListaPrecioTest" storage="c:\users\diego\google drive\facultad\trabajo final ingenieria\entrega final 15.12\uniprof 27.11\uniprof\tests\bin\debug\tests.dll" id="5e0dec84-1eed-840d-bf51-237b2ddbdebf">
      <Execution id="fa757759-6091-4a61-92d8-83d8ebac2515" />
      <TestMethod codeBase="C:/Users/Diego/Google Drive/Facultad/Trabajo Final Ingenieria/Entrega Final 15.12/Uniprof 27.11/Uniprof/Tests/bin/Debug/Tests.DLL" adapterTypeName="Microsoft.VisualStudio.TestTools.TestTypes.Unit.UnitTestAdapter, Microsoft.VisualStudio.QualityTools.Tips.UnitTest.Adapter, Version=10.0.0.0, Culture=neutral, PublicKeyToken=b03f5f7f11d50a3a" className="Tests.ListaPreciosTDGTest, Tests, Version=1.0.0.0, Culture=neutral, PublicKeyToken=null" name="modificarListaPrecioTest" />
    </UnitTest>
    <UnitTest name="listarMovimientosTest" storage="c:\users\diego\google drive\facultad\trabajo final ingenieria\entrega final 15.12\uniprof 27.11\uniprof\tests\bin\debug\tests.dll" id="cf88dd92-747e-1a79-8f2c-fc0e3f9b0004">
      <Execution id="dbc4d511-5af6-41a2-b994-c3700a4280c0" />
      <TestMethod codeBase="C:/Users/Diego/Google Drive/Facultad/Trabajo Final Ingenieria/Entrega Final 15.12/Uniprof 27.11/Uniprof/Tests/bin/Debug/Tests.DLL" adapterTypeName="Microsoft.VisualStudio.TestTools.TestTypes.Unit.UnitTestAdapter, Microsoft.VisualStudio.QualityTools.Tips.UnitTest.Adapter, Version=10.0.0.0, Culture=neutral, PublicKeyToken=b03f5f7f11d50a3a" className="Tests.MovimientoClienteBusinessTest, Tests, Version=1.0.0.0, Culture=neutral, PublicKeyToken=null" name="listarMovimientosTest" />
    </UnitTest>
    <UnitTest name="grabarLineaTest" storage="c:\users\diego\google drive\facultad\trabajo final ingenieria\entrega final 15.12\uniprof 27.11\uniprof\tests\bin\debug\tests.dll" id="92b34578-8935-0a46-8dd9-4af3ba2aba99">
      <Execution id="8a83e727-5396-42bf-a487-29ec5763a945" />
      <TestMethod codeBase="C:/Users/Diego/Google Drive/Facultad/Trabajo Final Ingenieria/Entrega Final 15.12/Uniprof 27.11/Uniprof/Tests/bin/Debug/Tests.DLL" adapterTypeName="Microsoft.VisualStudio.TestTools.TestTypes.Unit.UnitTestAdapter, Microsoft.VisualStudio.QualityTools.Tips.UnitTest.Adapter, Version=10.0.0.0, Culture=neutral, PublicKeyToken=b03f5f7f11d50a3a" className="Tests.LineaOrdenDeCompraTDGTest, Tests, Version=1.0.0.0, Culture=neutral, PublicKeyToken=null" name="grabarLineaTest" />
    </UnitTest>
    <UnitTest name="GrabarDiseñoTest" storage="c:\users\diego\google drive\facultad\trabajo final ingenieria\entrega final 15.12\uniprof 27.11\uniprof\tests\bin\debug\tests.dll" id="a914285b-c2e0-dbc2-f99c-c0b34bf25408">
      <Execution id="bf7513f8-bc38-4a19-88c3-8a1b7ae0f9f9" />
      <TestMethod codeBase="C:/Users/Diego/Google Drive/Facultad/Trabajo Final Ingenieria/Entrega Final 15.12/Uniprof 27.11/Uniprof/Tests/bin/Debug/Tests.DLL" adapterTypeName="Microsoft.VisualStudio.TestTools.TestTypes.Unit.UnitTestAdapter, Microsoft.VisualStudio.QualityTools.Tips.UnitTest.Adapter, Version=10.0.0.0, Culture=neutral, PublicKeyToken=b03f5f7f11d50a3a" className="Tests.DiseñoRepositorioTest, Tests, Version=1.0.0.0, Culture=neutral, PublicKeyToken=null" name="GrabarDiseñoTest" />
    </UnitTest>
    <UnitTest name="listarArticulosTest" storage="c:\users\diego\google drive\facultad\trabajo final ingenieria\entrega final 15.12\uniprof 27.11\uniprof\tests\bin\debug\tests.dll" id="353a1d2f-a022-ae0b-e495-9424c7779e0c">
      <Execution id="c5980ea1-21d1-4631-bbdc-aa896573bf60" />
      <TestMethod codeBase="C:/Users/Diego/Google Drive/Facultad/Trabajo Final Ingenieria/Entrega Final 15.12/Uniprof 27.11/Uniprof/Tests/bin/Debug/Tests.DLL" adapterTypeName="Microsoft.VisualStudio.TestTools.TestTypes.Unit.UnitTestAdapter, Microsoft.VisualStudio.QualityTools.Tips.UnitTest.Adapter, Version=10.0.0.0, Culture=neutral, PublicKeyToken=b03f5f7f11d50a3a" className="Tests.ArticuloRepositorioTest, Tests, Version=1.0.0.0, Culture=neutral, PublicKeyToken=null" name="listarArticulosTest" />
    </UnitTest>
    <UnitTest name="buscarProveedoresPorNombreTest" storage="c:\users\diego\google drive\facultad\trabajo final ingenieria\entrega final 15.12\uniprof 27.11\uniprof\tests\bin\debug\tests.dll" id="e97e5cde-c25e-cb0e-69db-a3582bc2ca43">
      <Execution id="3b0b51ba-a8fe-464f-987b-651bae15cc6f" />
      <TestMethod codeBase="C:/Users/Diego/Google Drive/Facultad/Trabajo Final Ingenieria/Entrega Final 15.12/Uniprof 27.11/Uniprof/Tests/bin/Debug/Tests.DLL" adapterTypeName="Microsoft.VisualStudio.TestTools.TestTypes.Unit.UnitTestAdapter, Microsoft.VisualStudio.QualityTools.Tips.UnitTest.Adapter, Version=10.0.0.0, Culture=neutral, PublicKeyToken=b03f5f7f11d50a3a" className="Tests.ProveedorBusinessTest, Tests, Version=1.0.0.0, Culture=neutral, PublicKeyToken=null" name="buscarProveedoresPorNombreTest" />
    </UnitTest>
    <UnitTest name="listarOrdenDeComprasPorProveedorTest" storage="c:\users\diego\google drive\facultad\trabajo final ingenieria\entrega final 15.12\uniprof 27.11\uniprof\tests\bin\debug\tests.dll" id="bc6fbc6a-1040-2a7b-d37a-1937b6e2fa50">
      <Execution id="757c963a-70b2-4f84-9356-c265aa01b218" />
      <TestMethod codeBase="C:/Users/Diego/Google Drive/Facultad/Trabajo Final Ingenieria/Entrega Final 15.12/Uniprof 27.11/Uniprof/Tests/bin/Debug/Tests.DLL" adapterTypeName="Microsoft.VisualStudio.TestTools.TestTypes.Unit.UnitTestAdapter, Microsoft.VisualStudio.QualityTools.Tips.UnitTest.Adapter, Version=10.0.0.0, Culture=neutral, PublicKeyToken=b03f5f7f11d50a3a" className="Tests.OrdenCompraRepositorioTest, Tests, Version=1.0.0.0, Culture=neutral, PublicKeyToken=null" name="listarOrdenDeComprasPorProveedorTest" />
    </UnitTest>
    <UnitTest name="borrarProveedorTest" storage="c:\users\diego\google drive\facultad\trabajo final ingenieria\entrega final 15.12\uniprof 27.11\uniprof\tests\bin\debug\tests.dll" id="4cc6b71b-462c-2bdc-f536-28b4d3d30de5">
      <Execution id="a284a84c-b2d8-41d9-a482-23a663698a9b" />
      <TestMethod codeBase="C:/Users/Diego/Google Drive/Facultad/Trabajo Final Ingenieria/Entrega Final 15.12/Uniprof 27.11/Uniprof/Tests/bin/Debug/Tests.DLL" adapterTypeName="Microsoft.VisualStudio.TestTools.TestTypes.Unit.UnitTestAdapter, Microsoft.VisualStudio.QualityTools.Tips.UnitTest.Adapter, Version=10.0.0.0, Culture=neutral, PublicKeyToken=b03f5f7f11d50a3a" className="Tests.ProveedorTDGTest, Tests, Version=1.0.0.0, Culture=neutral, PublicKeyToken=null" name="borrarProveedorTest" />
    </UnitTest>
    <UnitTest name="grabarListaPrecioTest" storage="c:\users\diego\google drive\facultad\trabajo final ingenieria\entrega final 15.12\uniprof 27.11\uniprof\tests\bin\debug\tests.dll" id="0a8df61c-a62f-1c66-059f-875171321588">
      <Execution id="7fea9f08-4a0c-4e0f-bf4c-db8ad4174fdc" />
      <TestMethod codeBase="C:/Users/Diego/Google Drive/Facultad/Trabajo Final Ingenieria/Entrega Final 15.12/Uniprof 27.11/Uniprof/Tests/bin/Debug/Tests.DLL" adapterTypeName="Microsoft.VisualStudio.TestTools.TestTypes.Unit.UnitTestAdapter, Microsoft.VisualStudio.QualityTools.Tips.UnitTest.Adapter, Version=10.0.0.0, Culture=neutral, PublicKeyToken=b03f5f7f11d50a3a" className="Tests.ListaPreciosTDGTest, Tests, Version=1.0.0.0, Culture=neutral, PublicKeyToken=null" name="grabarListaPrecioTest" />
    </UnitTest>
    <UnitTest name="buscarTipoPedidosTest" storage="c:\users\diego\google drive\facultad\trabajo final ingenieria\entrega final 15.12\uniprof 27.11\uniprof\tests\bin\debug\tests.dll" id="f6ab254b-b89e-8f66-b003-59dd11d22e62">
      <Execution id="e5efddca-6cd6-4980-afcd-707e9561696e" />
      <TestMethod codeBase="C:/Users/Diego/Google Drive/Facultad/Trabajo Final Ingenieria/Entrega Final 15.12/Uniprof 27.11/Uniprof/Tests/bin/Debug/Tests.DLL" adapterTypeName="Microsoft.VisualStudio.TestTools.TestTypes.Unit.UnitTestAdapter, Microsoft.VisualStudio.QualityTools.Tips.UnitTest.Adapter, Version=10.0.0.0, Culture=neutral, PublicKeyToken=b03f5f7f11d50a3a" className="Tests.TipoPedidoTDGTest, Tests, Version=1.0.0.0, Culture=neutral, PublicKeyToken=null" name="buscarTipoPedidosTest" />
    </UnitTest>
    <UnitTest name="listarOrdenDeComprasPorMovimientoTest" storage="c:\users\diego\google drive\facultad\trabajo final ingenieria\entrega final 15.12\uniprof 27.11\uniprof\tests\bin\debug\tests.dll" id="046d8853-4c4a-6ed7-e6b4-7cfe78d48668">
      <Execution id="252a1222-2580-41ef-8bd2-48242289dcae" />
      <TestMethod codeBase="C:/Users/Diego/Google Drive/Facultad/Trabajo Final Ingenieria/Entrega Final 15.12/Uniprof 27.11/Uniprof/Tests/bin/Debug/Tests.DLL" adapterTypeName="Microsoft.VisualStudio.TestTools.TestTypes.Unit.UnitTestAdapter, Microsoft.VisualStudio.QualityTools.Tips.UnitTest.Adapter, Version=10.0.0.0, Culture=neutral, PublicKeyToken=b03f5f7f11d50a3a" className="Tests.OrdenCompraBusinessTest, Tests, Version=1.0.0.0, Culture=neutral, PublicKeyToken=null" name="listarOrdenDeComprasPorMovimientoTest" />
    </UnitTest>
    <UnitTest name="borrarMovimientosClienteTest" storage="c:\users\diego\google drive\facultad\trabajo final ingenieria\entrega final 15.12\uniprof 27.11\uniprof\tests\bin\debug\tests.dll" id="4128c841-fbe4-5443-0039-ee6ab9d8480a">
      <Execution id="e863dfba-595a-4c72-b242-6049955033b5" />
      <TestMethod codeBase="C:/Users/Diego/Google Drive/Facultad/Trabajo Final Ingenieria/Entrega Final 15.12/Uniprof 27.11/Uniprof/Tests/bin/Debug/Tests.DLL" adapterTypeName="Microsoft.VisualStudio.TestTools.TestTypes.Unit.UnitTestAdapter, Microsoft.VisualStudio.QualityTools.Tips.UnitTest.Adapter, Version=10.0.0.0, Culture=neutral, PublicKeyToken=b03f5f7f11d50a3a" className="Tests.MovimientoCuentaClienteTDGTest, Tests, Version=1.0.0.0, Culture=neutral, PublicKeyToken=null" name="borrarMovimientosClienteTest" />
    </UnitTest>
    <UnitTest name="actualizaOrdenDeCompraTest" storage="c:\users\diego\google drive\facultad\trabajo final ingenieria\entrega final 15.12\uniprof 27.11\uniprof\tests\bin\debug\tests.dll" id="b2564a1d-a5df-de1a-d3dd-41d0e33b00f4">
      <Execution id="e4ad0a6c-3c2f-4534-806a-39f942786524" />
      <TestMethod codeBase="C:/Users/Diego/Google Drive/Facultad/Trabajo Final Ingenieria/Entrega Final 15.12/Uniprof 27.11/Uniprof/Tests/bin/Debug/Tests.DLL" adapterTypeName="Microsoft.VisualStudio.TestTools.TestTypes.Unit.UnitTestAdapter, Microsoft.VisualStudio.QualityTools.Tips.UnitTest.Adapter, Version=10.0.0.0, Culture=neutral, PublicKeyToken=b03f5f7f11d50a3a" className="Tests.OrdenCompraRepositorioTest, Tests, Version=1.0.0.0, Culture=neutral, PublicKeyToken=null" name="actualizaOrdenDeCompraTest" />
    </UnitTest>
    <UnitTest name="buscarEstadosPorIdTest" storage="c:\users\diego\google drive\facultad\trabajo final ingenieria\entrega final 15.12\uniprof 27.11\uniprof\tests\bin\debug\tests.dll" id="f384b49a-3778-3092-73a3-70a68b63c811">
      <Execution id="dd16c333-0e8f-478b-b20b-89c3c2a6dd76" />
      <TestMethod codeBase="C:/Users/Diego/Google Drive/Facultad/Trabajo Final Ingenieria/Entrega Final 15.12/Uniprof 27.11/Uniprof/Tests/bin/Debug/Tests.DLL" adapterTypeName="Microsoft.VisualStudio.TestTools.TestTypes.Unit.UnitTestAdapter, Microsoft.VisualStudio.QualityTools.Tips.UnitTest.Adapter, Version=10.0.0.0, Culture=neutral, PublicKeyToken=b03f5f7f11d50a3a" className="Tests.EstadoTrabajoTDGTest, Tests, Version=1.0.0.0, Culture=neutral, PublicKeyToken=null" name="buscarEstadosPorIdTest" />
    </UnitTest>
    <UnitTest name="buscarPorIdTest" storage="c:\users\diego\google drive\facultad\trabajo final ingenieria\entrega final 15.12\uniprof 27.11\uniprof\tests\bin\debug\tests.dll" id="77619216-98fe-f01d-d92b-ae2614d5a7c1">
      <Execution id="7d759b70-1aa0-4dd7-8064-b2d306edd95d" />
      <TestMethod codeBase="C:/Users/Diego/Google Drive/Facultad/Trabajo Final Ingenieria/Entrega Final 15.12/Uniprof 27.11/Uniprof/Tests/bin/Debug/Tests.DLL" adapterTypeName="Microsoft.VisualStudio.TestTools.TestTypes.Unit.UnitTestAdapter, Microsoft.VisualStudio.QualityTools.Tips.UnitTest.Adapter, Version=10.0.0.0, Culture=neutral, PublicKeyToken=b03f5f7f11d50a3a" className="Tests.TipoMovimientoTDGTest, Tests, Version=1.0.0.0, Culture=neutral, PublicKeyToken=null" name="buscarPorIdTest" />
    </UnitTest>
    <UnitTest name="buscarPorDescripcionTest" storage="c:\users\diego\google drive\facultad\trabajo final ingenieria\entrega final 15.12\uniprof 27.11\uniprof\tests\bin\debug\tests.dll" id="5c85b597-4b7a-176d-3dac-461f2d66fe1b">
      <Execution id="5b596420-85f6-494c-ab00-65031334e4e6" />
      <TestMethod codeBase="C:/Users/Diego/Google Drive/Facultad/Trabajo Final Ingenieria/Entrega Final 15.12/Uniprof 27.11/Uniprof/Tests/bin/Debug/Tests.DLL" adapterTypeName="Microsoft.VisualStudio.TestTools.TestTypes.Unit.UnitTestAdapter, Microsoft.VisualStudio.QualityTools.Tips.UnitTest.Adapter, Version=10.0.0.0, Culture=neutral, PublicKeyToken=b03f5f7f11d50a3a" className="Tests.ProveedorTDGTest, Tests, Version=1.0.0.0, Culture=neutral, PublicKeyToken=null" name="buscarPorDescripcionTest" />
    </UnitTest>
    <UnitTest name="listarOpinionesPorMailTest" storage="c:\users\diego\google drive\facultad\trabajo final ingenieria\entrega final 15.12\uniprof 27.11\uniprof\tests\bin\debug\tests.dll" id="be2975a5-16cf-8b54-0e33-59e4bc6c38a6">
      <Execution id="666bc67b-adb7-4ddd-bd72-b62c9dbf2f16" />
      <TestMethod codeBase="C:/Users/Diego/Google Drive/Facultad/Trabajo Final Ingenieria/Entrega Final 15.12/Uniprof 27.11/Uniprof/Tests/bin/Debug/Tests.DLL" adapterTypeName="Microsoft.VisualStudio.TestTools.TestTypes.Unit.UnitTestAdapter, Microsoft.VisualStudio.QualityTools.Tips.UnitTest.Adapter, Version=10.0.0.0, Culture=neutral, PublicKeyToken=b03f5f7f11d50a3a" className="Tests.OpinionRepositorioTest, Tests, Version=1.0.0.0, Culture=neutral, PublicKeyToken=null" name="listarOpinionesPorMailTest" />
    </UnitTest>
    <UnitTest name="grabarMovimientosTest" storage="c:\users\diego\google drive\facultad\trabajo final ingenieria\entrega final 15.12\uniprof 27.11\uniprof\tests\bin\debug\tests.dll" id="7ef8ab41-162c-76bc-02f7-a575f043f7e4">
      <Execution id="a02cbd9b-13c6-4cbd-b814-9c0708a4aac5" />
      <TestMethod codeBase="C:/Users/Diego/Google Drive/Facultad/Trabajo Final Ingenieria/Entrega Final 15.12/Uniprof 27.11/Uniprof/Tests/bin/Debug/Tests.DLL" adapterTypeName="Microsoft.VisualStudio.TestTools.TestTypes.Unit.UnitTestAdapter, Microsoft.VisualStudio.QualityTools.Tips.UnitTest.Adapter, Version=10.0.0.0, Culture=neutral, PublicKeyToken=b03f5f7f11d50a3a" className="Tests.MovimientoStockTDGTest, Tests, Version=1.0.0.0, Culture=neutral, PublicKeyToken=null" name="grabarMovimientosTest" />
    </UnitTest>
    <UnitTest name="buscarTodoTest" storage="c:\users\diego\google drive\facultad\trabajo final ingenieria\entrega final 15.12\uniprof 27.11\uniprof\tests\bin\debug\tests.dll" id="5136f8bc-ea30-8e7a-77a2-f46a924db348">
      <Execution id="024bbdc4-a6aa-4277-b2f7-26d3b57d6806" />
      <TestMethod codeBase="C:/Users/Diego/Google Drive/Facultad/Trabajo Final Ingenieria/Entrega Final 15.12/Uniprof 27.11/Uniprof/Tests/bin/Debug/Tests.DLL" adapterTypeName="Microsoft.VisualStudio.TestTools.TestTypes.Unit.UnitTestAdapter, Microsoft.VisualStudio.QualityTools.Tips.UnitTest.Adapter, Version=10.0.0.0, Culture=neutral, PublicKeyToken=b03f5f7f11d50a3a" className="Tests.ProveedorTDGTest, Tests, Version=1.0.0.0, Culture=neutral, PublicKeyToken=null" name="buscarTodoTest" />
    </UnitTest>
    <UnitTest name="cargarFamiliasTest" storage="c:\users\diego\google drive\facultad\trabajo final ingenieria\entrega final 15.12\uniprof 27.11\uniprof\tests\bin\debug\tests.dll" id="6b7c36cd-44f4-1879-c115-f544d495b61e">
      <Execution id="40e675e7-834c-4f87-94db-d86c16f09596" />
      <TestMethod codeBase="C:/Users/Diego/Google Drive/Facultad/Trabajo Final Ingenieria/Entrega Final 15.12/Uniprof 27.11/Uniprof/Tests/bin/Debug/Tests.DLL" adapterTypeName="Microsoft.VisualStudio.TestTools.TestTypes.Unit.UnitTestAdapter, Microsoft.VisualStudio.QualityTools.Tips.UnitTest.Adapter, Version=10.0.0.0, Culture=neutral, PublicKeyToken=b03f5f7f11d50a3a" className="Tests.PatenteTDGTest, Tests, Version=1.0.0.0, Culture=neutral, PublicKeyToken=null" name="cargarFamiliasTest" />
    </UnitTest>
    <UnitTest name="actualizarTipoPrendaTest" storage="c:\users\diego\google drive\facultad\trabajo final ingenieria\entrega final 15.12\uniprof 27.11\uniprof\tests\bin\debug\tests.dll" id="1fb18ed6-06da-35e1-ec67-5275eec70993">
      <Execution id="b18e747b-332a-4595-b19a-f6311885160c" />
      <TestMethod codeBase="C:/Users/Diego/Google Drive/Facultad/Trabajo Final Ingenieria/Entrega Final 15.12/Uniprof 27.11/Uniprof/Tests/bin/Debug/Tests.DLL" adapterTypeName="Microsoft.VisualStudio.TestTools.TestTypes.Unit.UnitTestAdapter, Microsoft.VisualStudio.QualityTools.Tips.UnitTest.Adapter, Version=10.0.0.0, Culture=neutral, PublicKeyToken=b03f5f7f11d50a3a" className="Tests.TipoPrendaBusinessTest, Tests, Version=1.0.0.0, Culture=neutral, PublicKeyToken=null" name="actualizarTipoPrendaTest" />
    </UnitTest>
    <UnitTest name="modificarUsuarioTest" storage="c:\users\diego\google drive\facultad\trabajo final ingenieria\entrega final 15.12\uniprof 27.11\uniprof\tests\bin\debug\tests.dll" id="1cbe2801-d19a-9274-15f8-0dba46344245">
      <Execution id="d1a4ed5f-b8b5-430a-a0e0-6e72ed1990cb" />
      <TestMethod codeBase="C:/Users/Diego/Google Drive/Facultad/Trabajo Final Ingenieria/Entrega Final 15.12/Uniprof 27.11/Uniprof/Tests/bin/Debug/Tests.DLL" adapterTypeName="Microsoft.VisualStudio.TestTools.TestTypes.Unit.UnitTestAdapter, Microsoft.VisualStudio.QualityTools.Tips.UnitTest.Adapter, Version=10.0.0.0, Culture=neutral, PublicKeyToken=b03f5f7f11d50a3a" className="Tests.UsuarioBusinessTest, Tests, Version=1.0.0.0, Culture=neutral, PublicKeyToken=null" name="modificarUsuarioTest" />
    </UnitTest>
    <UnitTest name="cargarLineasPorOrdenDeCompraTest" storage="c:\users\diego\google drive\facultad\trabajo final ingenieria\entrega final 15.12\uniprof 27.11\uniprof\tests\bin\debug\tests.dll" id="5ffe0bd0-6148-b429-44ab-e9d370687b86">
      <Execution id="0cfe6871-2c98-4414-9487-38c40d3b05dd" />
      <TestMethod codeBase="C:/Users/Diego/Google Drive/Facultad/Trabajo Final Ingenieria/Entrega Final 15.12/Uniprof 27.11/Uniprof/Tests/bin/Debug/Tests.DLL" adapterTypeName="Microsoft.VisualStudio.TestTools.TestTypes.Unit.UnitTestAdapter, Microsoft.VisualStudio.QualityTools.Tips.UnitTest.Adapter, Version=10.0.0.0, Culture=neutral, PublicKeyToken=b03f5f7f11d50a3a" className="Tests.LineaOrdenCompraRepositorioTest, Tests, Version=1.0.0.0, Culture=neutral, PublicKeyToken=null" name="cargarLineasPorOrdenDeCompraTest" />
    </UnitTest>
    <UnitTest name="grabarHistoricoEstadosTest" storage="c:\users\diego\google drive\facultad\trabajo final ingenieria\entrega final 15.12\uniprof 27.11\uniprof\tests\bin\debug\tests.dll" id="3f81de19-4fde-6528-9e0d-cf576c0d46aa">
      <Execution id="898b83f7-c582-4f7d-a860-c236e9318089" />
      <TestMethod codeBase="C:/Users/Diego/Google Drive/Facultad/Trabajo Final Ingenieria/Entrega Final 15.12/Uniprof 27.11/Uniprof/Tests/bin/Debug/Tests.DLL" adapterTypeName="Microsoft.VisualStudio.TestTools.TestTypes.Unit.UnitTestAdapter, Microsoft.VisualStudio.QualityTools.Tips.UnitTest.Adapter, Version=10.0.0.0, Culture=neutral, PublicKeyToken=b03f5f7f11d50a3a" className="Tests.HistoricoEstadosPedidoTDGTest, Tests, Version=1.0.0.0, Culture=neutral, PublicKeyToken=null" name="grabarHistoricoEstadosTest" />
    </UnitTest>
    <UnitTest name="buscarPrendasTest" storage="c:\users\diego\google drive\facultad\trabajo final ingenieria\entrega final 15.12\uniprof 27.11\uniprof\tests\bin\debug\tests.dll" id="4b2e2241-5ba0-4bf3-a87c-c3b9957ec404">
      <Execution id="0f6fb7b1-4449-4a1f-a4f8-47ba77e33018" />
      <TestMethod codeBase="C:/Users/Diego/Google Drive/Facultad/Trabajo Final Ingenieria/Entrega Final 15.12/Uniprof 27.11/Uniprof/Tests/bin/Debug/Tests.DLL" adapterTypeName="Microsoft.VisualStudio.TestTools.TestTypes.Unit.UnitTestAdapter, Microsoft.VisualStudio.QualityTools.Tips.UnitTest.Adapter, Version=10.0.0.0, Culture=neutral, PublicKeyToken=b03f5f7f11d50a3a" className="Tests.TipoPrendaTDGTest, Tests, Version=1.0.0.0, Culture=neutral, PublicKeyToken=null" name="buscarPrendasTest" />
    </UnitTest>
    <UnitTest name="grabarInsumoTest" storage="c:\users\diego\google drive\facultad\trabajo final ingenieria\entrega final 15.12\uniprof 27.11\uniprof\tests\bin\debug\tests.dll" id="653a7294-5203-6cdc-ff9d-6ea30ca26aa9">
      <Execution id="607f4400-6eb0-42a7-9b4b-dbf8660f9896" />
      <TestMethod codeBase="C:/Users/Diego/Google Drive/Facultad/Trabajo Final Ingenieria/Entrega Final 15.12/Uniprof 27.11/Uniprof/Tests/bin/Debug/Tests.DLL" adapterTypeName="Microsoft.VisualStudio.TestTools.TestTypes.Unit.UnitTestAdapter, Microsoft.VisualStudio.QualityTools.Tips.UnitTest.Adapter, Version=10.0.0.0, Culture=neutral, PublicKeyToken=b03f5f7f11d50a3a" className="Tests.InsumoRepositorioTest, Tests, Version=1.0.0.0, Culture=neutral, PublicKeyToken=null" name="grabarInsumoTest" />
    </UnitTest>
    <UnitTest name="obtenerIdsArticulosFrecuentesTest" storage="c:\users\diego\google drive\facultad\trabajo final ingenieria\entrega final 15.12\uniprof 27.11\uniprof\tests\bin\debug\tests.dll" id="1f18c315-e299-cbd9-ed3a-225fc06b347a">
      <Execution id="11cb0752-82aa-4448-b4ca-19e27a1652db" />
      <TestMethod codeBase="C:/Users/Diego/Google Drive/Facultad/Trabajo Final Ingenieria/Entrega Final 15.12/Uniprof 27.11/Uniprof/Tests/bin/Debug/Tests.DLL" adapterTypeName="Microsoft.VisualStudio.TestTools.TestTypes.Unit.UnitTestAdapter, Microsoft.VisualStudio.QualityTools.Tips.UnitTest.Adapter, Version=10.0.0.0, Culture=neutral, PublicKeyToken=b03f5f7f11d50a3a" className="Tests.ArticuloTDGTest, Tests, Version=1.0.0.0, Culture=neutral, PublicKeyToken=null" name="obtenerIdsArticulosFrecuentesTest" />
    </UnitTest>
    <UnitTest name="actualizarTipoPrendaTest" storage="c:\users\diego\google drive\facultad\trabajo final ingenieria\entrega final 15.12\uniprof 27.11\uniprof\tests\bin\debug\tests.dll" id="d9bcf618-cd6c-c93c-87f9-e64f86f63590">
      <Execution id="68614fc1-460b-40e5-b484-569a401e83fa" />
      <TestMethod codeBase="C:/Users/Diego/Google Drive/Facultad/Trabajo Final Ingenieria/Entrega Final 15.12/Uniprof 27.11/Uniprof/Tests/bin/Debug/Tests.DLL" adapterTypeName="Microsoft.VisualStudio.TestTools.TestTypes.Unit.UnitTestAdapter, Microsoft.VisualStudio.QualityTools.Tips.UnitTest.Adapter, Version=10.0.0.0, Culture=neutral, PublicKeyToken=b03f5f7f11d50a3a" className="Tests.TipoPrendaTDGTest, Tests, Version=1.0.0.0, Culture=neutral, PublicKeyToken=null" name="actualizarTipoPrendaTest" />
    </UnitTest>
    <UnitTest name="cargarMovimientosConRestriccionesTest" storage="c:\users\diego\google drive\facultad\trabajo final ingenieria\entrega final 15.12\uniprof 27.11\uniprof\tests\bin\debug\tests.dll" id="c736d05f-3776-7117-cc83-8e6ae9b75cf4">
      <Execution id="588e8d3e-a7a9-4f58-81c9-14fba344585c" />
      <TestMethod codeBase="C:/Users/Diego/Google Drive/Facultad/Trabajo Final Ingenieria/Entrega Final 15.12/Uniprof 27.11/Uniprof/Tests/bin/Debug/Tests.DLL" adapterTypeName="Microsoft.VisualStudio.TestTools.TestTypes.Unit.UnitTestAdapter, Microsoft.VisualStudio.QualityTools.Tips.UnitTest.Adapter, Version=10.0.0.0, Culture=neutral, PublicKeyToken=b03f5f7f11d50a3a" className="Tests.MovimientoCuentaClienteTDGTest, Tests, Version=1.0.0.0, Culture=neutral, PublicKeyToken=null" name="cargarMovimientosConRestriccionesTest" />
    </UnitTest>
    <UnitTest name="actualizarClienteTest" storage="c:\users\diego\google drive\facultad\trabajo final ingenieria\entrega final 15.12\uniprof 27.11\uniprof\tests\bin\debug\tests.dll" id="e4e7695e-eb86-2e17-0da3-82500c958fe2">
      <Execution id="451414ed-9cf7-4938-ad8a-2b18fcd058c7" />
      <TestMethod codeBase="C:/Users/Diego/Google Drive/Facultad/Trabajo Final Ingenieria/Entrega Final 15.12/Uniprof 27.11/Uniprof/Tests/bin/Debug/Tests.DLL" adapterTypeName="Microsoft.VisualStudio.TestTools.TestTypes.Unit.UnitTestAdapter, Microsoft.VisualStudio.QualityTools.Tips.UnitTest.Adapter, Version=10.0.0.0, Culture=neutral, PublicKeyToken=b03f5f7f11d50a3a" className="Tests.UsuarioBusinessTest, Tests, Version=1.0.0.0, Culture=neutral, PublicKeyToken=null" name="actualizarClienteTest" />
    </UnitTest>
    <UnitTest name="borrarInsumoTest" storage="c:\users\diego\google drive\facultad\trabajo final ingenieria\entrega final 15.12\uniprof 27.11\uniprof\tests\bin\debug\tests.dll" id="5d5c620b-143e-df44-c141-574eca133b7a">
      <Execution id="4084266a-4fe9-4230-926e-354fc94ac493" />
      <TestMethod codeBase="C:/Users/Diego/Google Drive/Facultad/Trabajo Final Ingenieria/Entrega Final 15.12/Uniprof 27.11/Uniprof/Tests/bin/Debug/Tests.DLL" adapterTypeName="Microsoft.VisualStudio.TestTools.TestTypes.Unit.UnitTestAdapter, Microsoft.VisualStudio.QualityTools.Tips.UnitTest.Adapter, Version=10.0.0.0, Culture=neutral, PublicKeyToken=b03f5f7f11d50a3a" className="Tests.InsumoTDGTest, Tests, Version=1.0.0.0, Culture=neutral, PublicKeyToken=null" name="borrarInsumoTest" />
    </UnitTest>
    <UnitTest name="cargarMaquinasConRestriccionesTest" storage="c:\users\diego\google drive\facultad\trabajo final ingenieria\entrega final 15.12\uniprof 27.11\uniprof\tests\bin\debug\tests.dll" id="c96dfb21-7af5-153f-a5d2-8445e5fcca59">
      <Execution id="dc81f60d-e195-4038-9b18-01aebdf53dba" />
      <TestMethod codeBase="C:/Users/Diego/Google Drive/Facultad/Trabajo Final Ingenieria/Entrega Final 15.12/Uniprof 27.11/Uniprof/Tests/bin/Debug/Tests.DLL" adapterTypeName="Microsoft.VisualStudio.TestTools.TestTypes.Unit.UnitTestAdapter, Microsoft.VisualStudio.QualityTools.Tips.UnitTest.Adapter, Version=10.0.0.0, Culture=neutral, PublicKeyToken=b03f5f7f11d50a3a" className="Tests.MaquinaTDGTest, Tests, Version=1.0.0.0, Culture=neutral, PublicKeyToken=null" name="cargarMaquinasConRestriccionesTest" />
    </UnitTest>
    <UnitTest name="cargarUsuarioConRestriccionesTest" storage="c:\users\diego\google drive\facultad\trabajo final ingenieria\entrega final 15.12\uniprof 27.11\uniprof\tests\bin\debug\tests.dll" id="a38bcda1-5217-b092-6b98-6582813fb5d1">
      <Execution id="3f2a9a58-b176-48f4-bc57-6c2196341275" />
      <TestMethod codeBase="C:/Users/Diego/Google Drive/Facultad/Trabajo Final Ingenieria/Entrega Final 15.12/Uniprof 27.11/Uniprof/Tests/bin/Debug/Tests.DLL" adapterTypeName="Microsoft.VisualStudio.TestTools.TestTypes.Unit.UnitTestAdapter, Microsoft.VisualStudio.QualityTools.Tips.UnitTest.Adapter, Version=10.0.0.0, Culture=neutral, PublicKeyToken=b03f5f7f11d50a3a" className="Tests.UsuarioTDGTest, Tests, Version=1.0.0.0, Culture=neutral, PublicKeyToken=null" name="cargarUsuarioConRestriccionesTest" />
    </UnitTest>
    <UnitTest name="listarInsumosTest" storage="c:\users\diego\google drive\facultad\trabajo final ingenieria\entrega final 15.12\uniprof 27.11\uniprof\tests\bin\debug\tests.dll" id="e3b5610a-399f-d019-a8c3-fe5f24d0c8a6">
      <Execution id="0ee5d2e6-d602-4e8c-860b-cb80be163ab2" />
      <TestMethod codeBase="C:/Users/Diego/Google Drive/Facultad/Trabajo Final Ingenieria/Entrega Final 15.12/Uniprof 27.11/Uniprof/Tests/bin/Debug/Tests.DLL" adapterTypeName="Microsoft.VisualStudio.TestTools.TestTypes.Unit.UnitTestAdapter, Microsoft.VisualStudio.QualityTools.Tips.UnitTest.Adapter, Version=10.0.0.0, Culture=neutral, PublicKeyToken=b03f5f7f11d50a3a" className="Tests.InsumoBusinessTest, Tests, Version=1.0.0.0, Culture=neutral, PublicKeyToken=null" name="listarInsumosTest" />
    </UnitTest>
    <UnitTest name="cargarFamiliasPorFamiliaTest" storage="c:\users\diego\google drive\facultad\trabajo final ingenieria\entrega final 15.12\uniprof 27.11\uniprof\tests\bin\debug\tests.dll" id="bc086558-20df-1a67-5cff-56823f0eb575">
      <Execution id="5e5e46b0-6940-40c0-9686-e2637231ca96" />
      <TestMethod codeBase="C:/Users/Diego/Google Drive/Facultad/Trabajo Final Ingenieria/Entrega Final 15.12/Uniprof 27.11/Uniprof/Tests/bin/Debug/Tests.DLL" adapterTypeName="Microsoft.VisualStudio.TestTools.TestTypes.Unit.UnitTestAdapter, Microsoft.VisualStudio.QualityTools.Tips.UnitTest.Adapter, Version=10.0.0.0, Culture=neutral, PublicKeyToken=b03f5f7f11d50a3a" className="Tests.PatenteTDGTest, Tests, Version=1.0.0.0, Culture=neutral, PublicKeyToken=null" name="cargarFamiliasPorFamiliaTest" />
    </UnitTest>
    <UnitTest name="actualizarPedidoTest" storage="c:\users\diego\google drive\facultad\trabajo final ingenieria\entrega final 15.12\uniprof 27.11\uniprof\tests\bin\debug\tests.dll" id="66671db1-8d6b-13a4-a97e-68474a20ccf4">
      <Execution id="79b7769f-9c7f-4d88-b13b-c3b9015a20e4" />
      <TestMethod codeBase="C:/Users/Diego/Google Drive/Facultad/Trabajo Final Ingenieria/Entrega Final 15.12/Uniprof 27.11/Uniprof/Tests/bin/Debug/Tests.DLL" adapterTypeName="Microsoft.VisualStudio.TestTools.TestTypes.Unit.UnitTestAdapter, Microsoft.VisualStudio.QualityTools.Tips.UnitTest.Adapter, Version=10.0.0.0, Culture=neutral, PublicKeyToken=b03f5f7f11d50a3a" className="Tests.PedidoRepositorioTest, Tests, Version=1.0.0.0, Culture=neutral, PublicKeyToken=null" name="actualizarPedidoTest" />
    </UnitTest>
    <UnitTest name="cargarFamiliasPorPatenteTest" storage="c:\users\diego\google drive\facultad\trabajo final ingenieria\entrega final 15.12\uniprof 27.11\uniprof\tests\bin\debug\tests.dll" id="42bbff3f-ae90-d4a3-ac96-e18e8d721f9a">
      <Execution id="2c6d1ea7-0336-485d-ad73-c1283d5a9b3d" />
      <TestMethod codeBase="C:/Users/Diego/Google Drive/Facultad/Trabajo Final Ingenieria/Entrega Final 15.12/Uniprof 27.11/Uniprof/Tests/bin/Debug/Tests.DLL" adapterTypeName="Microsoft.VisualStudio.TestTools.TestTypes.Unit.UnitTestAdapter, Microsoft.VisualStudio.QualityTools.Tips.UnitTest.Adapter, Version=10.0.0.0, Culture=neutral, PublicKeyToken=b03f5f7f11d50a3a" className="Tests.FamiliaTDGTest, Tests, Version=1.0.0.0, Culture=neutral, PublicKeyToken=null" name="cargarFamiliasPorPatenteTest" />
    </UnitTest>
    <UnitTest name="actualizaFacturaTest" storage="c:\users\diego\google drive\facultad\trabajo final ingenieria\entrega final 15.12\uniprof 27.11\uniprof\tests\bin\debug\tests.dll" id="40c309eb-6e85-5d22-3be7-c1b561c3a631">
      <Execution id="9f449674-4ea5-44dc-ae79-8d828e4e331b" />
      <TestMethod codeBase="C:/Users/Diego/Google Drive/Facultad/Trabajo Final Ingenieria/Entrega Final 15.12/Uniprof 27.11/Uniprof/Tests/bin/Debug/Tests.DLL" adapterTypeName="Microsoft.VisualStudio.TestTools.TestTypes.Unit.UnitTestAdapter, Microsoft.VisualStudio.QualityTools.Tips.UnitTest.Adapter, Version=10.0.0.0, Culture=neutral, PublicKeyToken=b03f5f7f11d50a3a" className="Tests.FacturaRepositorioTest, Tests, Version=1.0.0.0, Culture=neutral, PublicKeyToken=null" name="actualizaFacturaTest" />
    </UnitTest>
    <UnitTest name="cargarClientesTest" storage="c:\users\diego\google drive\facultad\trabajo final ingenieria\entrega final 15.12\uniprof 27.11\uniprof\tests\bin\debug\tests.dll" id="4063ba31-c658-1e39-f2a1-4789b86cdf92">
      <Execution id="a8b144fb-d202-4856-b662-7e7fb35a8947" />
      <TestMethod codeBase="C:/Users/Diego/Google Drive/Facultad/Trabajo Final Ingenieria/Entrega Final 15.12/Uniprof 27.11/Uniprof/Tests/bin/Debug/Tests.DLL" adapterTypeName="Microsoft.VisualStudio.TestTools.TestTypes.Unit.UnitTestAdapter, Microsoft.VisualStudio.QualityTools.Tips.UnitTest.Adapter, Version=10.0.0.0, Culture=neutral, PublicKeyToken=b03f5f7f11d50a3a" className="Tests.ClienteTDGTest, Tests, Version=1.0.0.0, Culture=neutral, PublicKeyToken=null" name="cargarClientesTest" />
    </UnitTest>
    <UnitTest name="cargarMensajePorConversacionTest" storage="c:\users\diego\google drive\facultad\trabajo final ingenieria\entrega final 15.12\uniprof 27.11\uniprof\tests\bin\debug\tests.dll" id="fc8e027e-d84b-5121-34bf-469313af48e4">
      <Execution id="004f268a-ff9a-478d-a0e5-2e448210012e" />
      <TestMethod codeBase="C:/Users/Diego/Google Drive/Facultad/Trabajo Final Ingenieria/Entrega Final 15.12/Uniprof 27.11/Uniprof/Tests/bin/Debug/Tests.DLL" adapterTypeName="Microsoft.VisualStudio.TestTools.TestTypes.Unit.UnitTestAdapter, Microsoft.VisualStudio.QualityTools.Tips.UnitTest.Adapter, Version=10.0.0.0, Culture=neutral, PublicKeyToken=b03f5f7f11d50a3a" className="Tests.MensajeRepositorioTest, Tests, Version=1.0.0.0, Culture=neutral, PublicKeyToken=null" name="cargarMensajePorConversacionTest" />
    </UnitTest>
    <UnitTest name="BuscarDiseñosTest" storage="c:\users\diego\google drive\facultad\trabajo final ingenieria\entrega final 15.12\uniprof 27.11\uniprof\tests\bin\debug\tests.dll" id="2807b06d-2424-3984-a9d6-3c90127f0468">
      <Execution id="14b70730-4dee-4550-8454-23d38bc99446" />
      <TestMethod codeBase="C:/Users/Diego/Google Drive/Facultad/Trabajo Final Ingenieria/Entrega Final 15.12/Uniprof 27.11/Uniprof/Tests/bin/Debug/Tests.DLL" adapterTypeName="Microsoft.VisualStudio.TestTools.TestTypes.Unit.UnitTestAdapter, Microsoft.VisualStudio.QualityTools.Tips.UnitTest.Adapter, Version=10.0.0.0, Culture=neutral, PublicKeyToken=b03f5f7f11d50a3a" className="Tests.DiseñoBusinessTest, Tests, Version=1.0.0.0, Culture=neutral, PublicKeyToken=null" name="BuscarDiseñosTest" />
    </UnitTest>
    <UnitTest name="buscarPorDescripcionTest" storage="c:\users\diego\google drive\facultad\trabajo final ingenieria\entrega final 15.12\uniprof 27.11\uniprof\tests\bin\debug\tests.dll" id="f537791f-903e-76d6-5080-80a4dc15bac2">
      <Execution id="1a688fa7-4aa3-4866-bf8a-2eb963e943de" />
      <TestMethod codeBase="C:/Users/Diego/Google Drive/Facultad/Trabajo Final Ingenieria/Entrega Final 15.12/Uniprof 27.11/Uniprof/Tests/bin/Debug/Tests.DLL" adapterTypeName="Microsoft.VisualStudio.TestTools.TestTypes.Unit.UnitTestAdapter, Microsoft.VisualStudio.QualityTools.Tips.UnitTest.Adapter, Version=10.0.0.0, Culture=neutral, PublicKeyToken=b03f5f7f11d50a3a" className="Tests.ProduccionOperadorTDGTest, Tests, Version=1.0.0.0, Culture=neutral, PublicKeyToken=null" name="buscarPorDescripcionTest" />
    </UnitTest>
    <UnitTest name="calcularDistanciaEntreTrabajosTest2" storage="c:\users\diego\google drive\facultad\trabajo final ingenieria\entrega final 15.12\uniprof 27.11\uniprof\tests\bin\debug\tests.dll" id="5fe3519a-06e9-4436-0b1a-0afc24033be0">
      <Execution id="c90c7171-f50a-427b-ab1b-efc4261f9aee" />
      <TestMethod codeBase="C:/Users/Diego/Google Drive/Facultad/Trabajo Final Ingenieria/Entrega Final 15.12/Uniprof 27.11/Uniprof/Tests/bin/Debug/Tests.DLL" adapterTypeName="Microsoft.VisualStudio.TestTools.TestTypes.Unit.UnitTestAdapter, Microsoft.VisualStudio.QualityTools.Tips.UnitTest.Adapter, Version=10.0.0.0, Culture=neutral, PublicKeyToken=b03f5f7f11d50a3a" className="Tests.ProduccionBusinessTest, Tests, Version=1.0.0.0, Culture=neutral, PublicKeyToken=null" name="calcularDistanciaEntreTrabajosTest2" />
    </UnitTest>
    <UnitTest name="listarMaquinasTest" storage="c:\users\diego\google drive\facultad\trabajo final ingenieria\entrega final 15.12\uniprof 27.11\uniprof\tests\bin\debug\tests.dll" id="45d73400-010d-bede-b097-0e012e473ce7">
      <Execution id="1a1701a7-bc74-4fc7-bb7a-2e2792f26835" />
      <TestMethod codeBase="C:/Users/Diego/Google Drive/Facultad/Trabajo Final Ingenieria/Entrega Final 15.12/Uniprof 27.11/Uniprof/Tests/bin/Debug/Tests.DLL" adapterTypeName="Microsoft.VisualStudio.TestTools.TestTypes.Unit.UnitTestAdapter, Microsoft.VisualStudio.QualityTools.Tips.UnitTest.Adapter, Version=10.0.0.0, Culture=neutral, PublicKeyToken=b03f5f7f11d50a3a" className="Tests.MaterialesBusinessTest, Tests, Version=1.0.0.0, Culture=neutral, PublicKeyToken=null" name="listarMaquinasTest" />
    </UnitTest>
    <UnitTest name="calcularTimepoTrabajoTest3" storage="c:\users\diego\google drive\facultad\trabajo final ingenieria\entrega final 15.12\uniprof 27.11\uniprof\tests\bin\debug\tests.dll" id="371ae7d4-9804-8eea-7d23-86fbb28eb5e2">
      <Execution id="7b10645d-deeb-4914-8ddc-4b5147abfd59" />
      <TestMethod codeBase="C:/Users/Diego/Google Drive/Facultad/Trabajo Final Ingenieria/Entrega Final 15.12/Uniprof 27.11/Uniprof/Tests/bin/Debug/Tests.DLL" adapterTypeName="Microsoft.VisualStudio.TestTools.TestTypes.Unit.UnitTestAdapter, Microsoft.VisualStudio.QualityTools.Tips.UnitTest.Adapter, Version=10.0.0.0, Culture=neutral, PublicKeyToken=b03f5f7f11d50a3a" className="Tests.ProduccionBusinessTest, Tests, Version=1.0.0.0, Culture=neutral, PublicKeyToken=null" name="calcularTimepoTrabajoTest3" />
    </UnitTest>
    <UnitTest name="listarProduccionPorMaquinaTest" storage="c:\users\diego\google drive\facultad\trabajo final ingenieria\entrega final 15.12\uniprof 27.11\uniprof\tests\bin\debug\tests.dll" id="a39c2fdb-3d54-d4f0-be49-3f4e350da31e">
      <Execution id="732015dd-6962-4f83-8a9d-a56beccf59f3" />
      <TestMethod codeBase="C:/Users/Diego/Google Drive/Facultad/Trabajo Final Ingenieria/Entrega Final 15.12/Uniprof 27.11/Uniprof/Tests/bin/Debug/Tests.DLL" adapterTypeName="Microsoft.VisualStudio.TestTools.TestTypes.Unit.UnitTestAdapter, Microsoft.VisualStudio.QualityTools.Tips.UnitTest.Adapter, Version=10.0.0.0, Culture=neutral, PublicKeyToken=b03f5f7f11d50a3a" className="Tests.ProduccionBusinessTest, Tests, Version=1.0.0.0, Culture=neutral, PublicKeyToken=null" name="listarProduccionPorMaquinaTest" />
    </UnitTest>
    <UnitTest name="calcularPosiblesFechasTest" storage="c:\users\diego\google drive\facultad\trabajo final ingenieria\entrega final 15.12\uniprof 27.11\uniprof\tests\bin\debug\tests.dll" id="d708e39f-77d8-94a9-244f-7004fb181d58">
      <Execution id="6c319a74-05bd-4d14-845b-6cb004a4bdb4" />
      <TestMethod codeBase="C:/Users/Diego/Google Drive/Facultad/Trabajo Final Ingenieria/Entrega Final 15.12/Uniprof 27.11/Uniprof/Tests/bin/Debug/Tests.DLL" adapterTypeName="Microsoft.VisualStudio.TestTools.TestTypes.Unit.UnitTestAdapter, Microsoft.VisualStudio.QualityTools.Tips.UnitTest.Adapter, Version=10.0.0.0, Culture=neutral, PublicKeyToken=b03f5f7f11d50a3a" className="Tests.ProduccionBusinessTest, Tests, Version=1.0.0.0, Culture=neutral, PublicKeyToken=null" name="calcularPosiblesFechasTest" />
    </UnitTest>
    <UnitTest name="CargarClientesTest" storage="c:\users\diego\google drive\facultad\trabajo final ingenieria\entrega final 15.12\uniprof 27.11\uniprof\tests\bin\debug\tests.dll" id="b6192558-2ee3-59f6-6537-ecfd184b2822">
      <Execution id="4eff4bd7-388e-4a2c-bc64-25f6ff12a642" />
      <TestMethod codeBase="C:/Users/Diego/Google Drive/Facultad/Trabajo Final Ingenieria/Entrega Final 15.12/Uniprof 27.11/Uniprof/Tests/bin/Debug/Tests.DLL" adapterTypeName="Microsoft.VisualStudio.TestTools.TestTypes.Unit.UnitTestAdapter, Microsoft.VisualStudio.QualityTools.Tips.UnitTest.Adapter, Version=10.0.0.0, Culture=neutral, PublicKeyToken=b03f5f7f11d50a3a" className="Tests.UsuarioBusinessTest, Tests, Version=1.0.0.0, Culture=neutral, PublicKeyToken=null" name="CargarClientesTest" />
    </UnitTest>
    <UnitTest name="disminuirStockTest" storage="c:\users\diego\google drive\facultad\trabajo final ingenieria\entrega final 15.12\uniprof 27.11\uniprof\tests\bin\debug\tests.dll" id="0dd1a643-72f4-8fdd-aebf-659387fe0ecf">
      <Execution id="827ae0f2-e94d-4c06-8408-e31b6681c1b6" />
      <TestMethod codeBase="C:/Users/Diego/Google Drive/Facultad/Trabajo Final Ingenieria/Entrega Final 15.12/Uniprof 27.11/Uniprof/Tests/bin/Debug/Tests.DLL" adapterTypeName="Microsoft.VisualStudio.TestTools.TestTypes.Unit.UnitTestAdapter, Microsoft.VisualStudio.QualityTools.Tips.UnitTest.Adapter, Version=10.0.0.0, Culture=neutral, PublicKeyToken=b03f5f7f11d50a3a" className="Tests.InsumoBusinessTest, Tests, Version=1.0.0.0, Culture=neutral, PublicKeyToken=null" name="disminuirStockTest" />
    </UnitTest>
    <UnitTest name="grabarTest" storage="c:\users\diego\google drive\facultad\trabajo final ingenieria\entrega final 15.12\uniprof 27.11\uniprof\tests\bin\debug\tests.dll" id="b40b8a29-c95a-4ade-0e51-c133972e69c6">
      <Execution id="43b4e68d-d460-48ef-b4ae-19c590f00c7a" />
      <TestMethod codeBase="C:/Users/Diego/Google Drive/Facultad/Trabajo Final Ingenieria/Entrega Final 15.12/Uniprof 27.11/Uniprof/Tests/bin/Debug/Tests.DLL" adapterTypeName="Microsoft.VisualStudio.TestTools.TestTypes.Unit.UnitTestAdapter, Microsoft.VisualStudio.QualityTools.Tips.UnitTest.Adapter, Version=10.0.0.0, Culture=neutral, PublicKeyToken=b03f5f7f11d50a3a" className="Tests.ProveedorRepositorioTest, Tests, Version=1.0.0.0, Culture=neutral, PublicKeyToken=null" name="grabarTest" />
    </UnitTest>
    <UnitTest name="listarFacturasPorClienteTest" storage="c:\users\diego\google drive\facultad\trabajo final ingenieria\entrega final 15.12\uniprof 27.11\uniprof\tests\bin\debug\tests.dll" id="ce459473-fe89-efb8-04f6-e4458eb5deac">
      <Execution id="66df7485-b00f-4a5c-a2f0-9f2e383baf3c" />
      <TestMethod codeBase="C:/Users/Diego/Google Drive/Facultad/Trabajo Final Ingenieria/Entrega Final 15.12/Uniprof 27.11/Uniprof/Tests/bin/Debug/Tests.DLL" adapterTypeName="Microsoft.VisualStudio.TestTools.TestTypes.Unit.UnitTestAdapter, Microsoft.VisualStudio.QualityTools.Tips.UnitTest.Adapter, Version=10.0.0.0, Culture=neutral, PublicKeyToken=b03f5f7f11d50a3a" className="Tests.FacturaBusinessTest, Tests, Version=1.0.0.0, Culture=neutral, PublicKeyToken=null" name="listarFacturasPorClienteTest" />
    </UnitTest>
    <UnitTest name="grabarArticulosTest" storage="c:\users\diego\google drive\facultad\trabajo final ingenieria\entrega final 15.12\uniprof 27.11\uniprof\tests\bin\debug\tests.dll" id="79fcf63f-8b0d-33c2-c15a-b70a52cca16c">
      <Execution id="dc47cbf2-14f5-49e9-9946-cfa52ff8f408" />
      <TestMethod codeBase="C:/Users/Diego/Google Drive/Facultad/Trabajo Final Ingenieria/Entrega Final 15.12/Uniprof 27.11/Uniprof/Tests/bin/Debug/Tests.DLL" adapterTypeName="Microsoft.VisualStudio.TestTools.TestTypes.Unit.UnitTestAdapter, Microsoft.VisualStudio.QualityTools.Tips.UnitTest.Adapter, Version=10.0.0.0, Culture=neutral, PublicKeyToken=b03f5f7f11d50a3a" className="Tests.ArticuloTDGTest, Tests, Version=1.0.0.0, Culture=neutral, PublicKeyToken=null" name="grabarArticulosTest" />
    </UnitTest>
    <UnitTest name="cargarFamiliasPorUsuarioTest" storage="c:\users\diego\google drive\facultad\trabajo final ingenieria\entrega final 15.12\uniprof 27.11\uniprof\tests\bin\debug\tests.dll" id="8ce4ba60-10ed-e341-0892-b9526f864034">
      <Execution id="a5dbce24-107e-4a2d-ba55-668f888a0071" />
      <TestMethod codeBase="C:/Users/Diego/Google Drive/Facultad/Trabajo Final Ingenieria/Entrega Final 15.12/Uniprof 27.11/Uniprof/Tests/bin/Debug/Tests.DLL" adapterTypeName="Microsoft.VisualStudio.TestTools.TestTypes.Unit.UnitTestAdapter, Microsoft.VisualStudio.QualityTools.Tips.UnitTest.Adapter, Version=10.0.0.0, Culture=neutral, PublicKeyToken=b03f5f7f11d50a3a" className="Tests.FamiliaRepositorioTest, Tests, Version=1.0.0.0, Culture=neutral, PublicKeyToken=null" name="cargarFamiliasPorUsuarioTest" />
    </UnitTest>
    <UnitTest name="borrarTest" storage="c:\users\diego\google drive\facultad\trabajo final ingenieria\entrega final 15.12\uniprof 27.11\uniprof\tests\bin\debug\tests.dll" id="ab0fe80a-1fd5-fb8a-e7d4-5b5fcdcec2eb">
      <Execution id="1b2cda3c-aa68-4217-b532-99dcf4a38542" />
      <TestMethod codeBase="C:/Users/Diego/Google Drive/Facultad/Trabajo Final Ingenieria/Entrega Final 15.12/Uniprof 27.11/Uniprof/Tests/bin/Debug/Tests.DLL" adapterTypeName="Microsoft.VisualStudio.TestTools.TestTypes.Unit.UnitTestAdapter, Microsoft.VisualStudio.QualityTools.Tips.UnitTest.Adapter, Version=10.0.0.0, Culture=neutral, PublicKeyToken=b03f5f7f11d50a3a" className="Tests.ConversacionRepositorioTest, Tests, Version=1.0.0.0, Culture=neutral, PublicKeyToken=null" name="borrarTest" />
    </UnitTest>
    <UnitTest name="grabarOperadorTest" storage="c:\users\diego\google drive\facultad\trabajo final ingenieria\entrega final 15.12\uniprof 27.11\uniprof\tests\bin\debug\tests.dll" id="5bc580ea-e8dc-d81d-d20e-846c482c1228">
      <Execution id="efcf259f-be5d-4792-afc3-57b9f6f34478" />
      <TestMethod codeBase="C:/Users/Diego/Google Drive/Facultad/Trabajo Final Ingenieria/Entrega Final 15.12/Uniprof 27.11/Uniprof/Tests/bin/Debug/Tests.DLL" adapterTypeName="Microsoft.VisualStudio.TestTools.TestTypes.Unit.UnitTestAdapter, Microsoft.VisualStudio.QualityTools.Tips.UnitTest.Adapter, Version=10.0.0.0, Culture=neutral, PublicKeyToken=b03f5f7f11d50a3a" className="Tests.OperadorTDGTest, Tests, Version=1.0.0.0, Culture=neutral, PublicKeyToken=null" name="grabarOperadorTest" />
    </UnitTest>
    <UnitTest name="actualizarDiseñoTest" storage="c:\users\diego\google drive\facultad\trabajo final ingenieria\entrega final 15.12\uniprof 27.11\uniprof\tests\bin\debug\tests.dll" id="b1ce8274-0eb4-6ea7-4d2b-12d8e6b2a366">
      <Execution id="e4c9c143-aa71-42a9-bcb8-df68e5f79161" />
      <TestMethod codeBase="C:/Users/Diego/Google Drive/Facultad/Trabajo Final Ingenieria/Entrega Final 15.12/Uniprof 27.11/Uniprof/Tests/bin/Debug/Tests.DLL" adapterTypeName="Microsoft.VisualStudio.TestTools.TestTypes.Unit.UnitTestAdapter, Microsoft.VisualStudio.QualityTools.Tips.UnitTest.Adapter, Version=10.0.0.0, Culture=neutral, PublicKeyToken=b03f5f7f11d50a3a" className="Tests.DiseñoBusinessTest, Tests, Version=1.0.0.0, Culture=neutral, PublicKeyToken=null" name="actualizarDiseñoTest" />
    </UnitTest>
    <UnitTest name="borrarUsuarioTest" storage="c:\users\diego\google drive\facultad\trabajo final ingenieria\entrega final 15.12\uniprof 27.11\uniprof\tests\bin\debug\tests.dll" id="0619da45-f95c-9013-f779-f3a2e41e2ddd">
      <Execution id="1d66f75f-5a1f-48ef-b0cc-17f53bc45262" />
      <TestMethod codeBase="C:/Users/Diego/Google Drive/Facultad/Trabajo Final Ingenieria/Entrega Final 15.12/Uniprof 27.11/Uniprof/Tests/bin/Debug/Tests.DLL" adapterTypeName="Microsoft.VisualStudio.TestTools.TestTypes.Unit.UnitTestAdapter, Microsoft.VisualStudio.QualityTools.Tips.UnitTest.Adapter, Version=10.0.0.0, Culture=neutral, PublicKeyToken=b03f5f7f11d50a3a" className="Tests.UsuarioTDGTest, Tests, Version=1.0.0.0, Culture=neutral, PublicKeyToken=null" name="borrarUsuarioTest" />
    </UnitTest>
    <UnitTest name="GrabarDiseñoTest" storage="c:\users\diego\google drive\facultad\trabajo final ingenieria\entrega final 15.12\uniprof 27.11\uniprof\tests\bin\debug\tests.dll" id="5be9d1df-2b36-1659-9ba5-a87863ccb63a">
      <Execution id="46518363-62f1-481d-88c3-c8a64db84d5e" />
      <TestMethod codeBase="C:/Users/Diego/Google Drive/Facultad/Trabajo Final Ingenieria/Entrega Final 15.12/Uniprof 27.11/Uniprof/Tests/bin/Debug/Tests.DLL" adapterTypeName="Microsoft.VisualStudio.TestTools.TestTypes.Unit.UnitTestAdapter, Microsoft.VisualStudio.QualityTools.Tips.UnitTest.Adapter, Version=10.0.0.0, Culture=neutral, PublicKeyToken=b03f5f7f11d50a3a" className="Tests.DiseñoBusinessTest, Tests, Version=1.0.0.0, Culture=neutral, PublicKeyToken=null" name="GrabarDiseñoTest" />
    </UnitTest>
    <UnitTest name="buscarDiseñoInsumoTest" storage="c:\users\diego\google drive\facultad\trabajo final ingenieria\entrega final 15.12\uniprof 27.11\uniprof\tests\bin\debug\tests.dll" id="c928c59c-16e9-64be-3633-321da85248bf">
      <Execution id="562e7fd2-a51d-4f6b-8e53-fe14e91842a1" />
      <TestMethod codeBase="C:/Users/Diego/Google Drive/Facultad/Trabajo Final Ingenieria/Entrega Final 15.12/Uniprof 27.11/Uniprof/Tests/bin/Debug/Tests.DLL" adapterTypeName="Microsoft.VisualStudio.TestTools.TestTypes.Unit.UnitTestAdapter, Microsoft.VisualStudio.QualityTools.Tips.UnitTest.Adapter, Version=10.0.0.0, Culture=neutral, PublicKeyToken=b03f5f7f11d50a3a" className="Tests.DiseñoInsumoTDGTest, Tests, Version=1.0.0.0, Culture=neutral, PublicKeyToken=null" name="buscarDiseñoInsumoTest" />
    </UnitTest>
    <UnitTest name="buscarMovimientoPorNroTest" storage="c:\users\diego\google drive\facultad\trabajo final ingenieria\entrega final 15.12\uniprof 27.11\uniprof\tests\bin\debug\tests.dll" id="9051c370-f8a8-7d06-90bf-a5c879f3e27c">
      <Execution id="592977d5-9c42-4bca-ba9a-b396295ddc8a" />
      <TestMethod codeBase="C:/Users/Diego/Google Drive/Facultad/Trabajo Final Ingenieria/Entrega Final 15.12/Uniprof 27.11/Uniprof/Tests/bin/Debug/Tests.DLL" adapterTypeName="Microsoft.VisualStudio.TestTools.TestTypes.Unit.UnitTestAdapter, Microsoft.VisualStudio.QualityTools.Tips.UnitTest.Adapter, Version=10.0.0.0, Culture=neutral, PublicKeyToken=b03f5f7f11d50a3a" className="Tests.MovimientoProveedorBusinessTest, Tests, Version=1.0.0.0, Culture=neutral, PublicKeyToken=null" name="buscarMovimientoPorNroTest" />
    </UnitTest>
    <UnitTest name="buscarNewsletterPorNombreTest" storage="c:\users\diego\google drive\facultad\trabajo final ingenieria\entrega final 15.12\uniprof 27.11\uniprof\tests\bin\debug\tests.dll" id="ccbeee50-2d58-025b-2df8-75ec6a26b781">
      <Execution id="5606b7d4-70c2-4c98-9787-d275498a4c39" />
      <TestMethod codeBase="C:/Users/Diego/Google Drive/Facultad/Trabajo Final Ingenieria/Entrega Final 15.12/Uniprof 27.11/Uniprof/Tests/bin/Debug/Tests.DLL" adapterTypeName="Microsoft.VisualStudio.TestTools.TestTypes.Unit.UnitTestAdapter, Microsoft.VisualStudio.QualityTools.Tips.UnitTest.Adapter, Version=10.0.0.0, Culture=neutral, PublicKeyToken=b03f5f7f11d50a3a" className="Tests.NewsletterRepositorioTest, Tests, Version=1.0.0.0, Culture=neutral, PublicKeyToken=null" name="buscarNewsletterPorNombreTest" />
    </UnitTest>
    <UnitTest name="buscarMovimientoPorNroTest" storage="c:\users\diego\google drive\facultad\trabajo final ingenieria\entrega final 15.12\uniprof 27.11\uniprof\tests\bin\debug\tests.dll" id="bdb05735-8cd1-a75d-4d6a-dc0c0dcde2a9">
      <Execution id="a2c755f9-f1f0-41b1-9dc5-c6d21e598d14" />
      <TestMethod codeBase="C:/Users/Diego/Google Drive/Facultad/Trabajo Final Ingenieria/Entrega Final 15.12/Uniprof 27.11/Uniprof/Tests/bin/Debug/Tests.DLL" adapterTypeName="Microsoft.VisualStudio.TestTools.TestTypes.Unit.UnitTestAdapter, Microsoft.VisualStudio.QualityTools.Tips.UnitTest.Adapter, Version=10.0.0.0, Culture=neutral, PublicKeyToken=b03f5f7f11d50a3a" className="Tests.MovimientoCuentaProveedorRepositorioTest, Tests, Version=1.0.0.0, Culture=neutral, PublicKeyToken=null" name="buscarMovimientoPorNroTest" />
    </UnitTest>
    <UnitTest name="calcularTimepoTrabajoTest4" storage="c:\users\diego\google drive\facultad\trabajo final ingenieria\entrega final 15.12\uniprof 27.11\uniprof\tests\bin\debug\tests.dll" id="42f3bd17-7e9a-3a2a-0abf-94dcbfe8af44">
      <Execution id="9c39444e-2520-4c01-a26a-dca54fc8b571" />
      <TestMethod codeBase="C:/Users/Diego/Google Drive/Facultad/Trabajo Final Ingenieria/Entrega Final 15.12/Uniprof 27.11/Uniprof/Tests/bin/Debug/Tests.DLL" adapterTypeName="Microsoft.VisualStudio.TestTools.TestTypes.Unit.UnitTestAdapter, Microsoft.VisualStudio.QualityTools.Tips.UnitTest.Adapter, Version=10.0.0.0, Culture=neutral, PublicKeyToken=b03f5f7f11d50a3a" className="Tests.ProduccionBusinessTest, Tests, Version=1.0.0.0, Culture=neutral, PublicKeyToken=null" name="calcularTimepoTrabajoTest4" />
    </UnitTest>
    <UnitTest name="buscarEstadosTest" storage="c:\users\diego\google drive\facultad\trabajo final ingenieria\entrega final 15.12\uniprof 27.11\uniprof\tests\bin\debug\tests.dll" id="996b7b9c-4963-23a7-ecd9-60f71e9ffdab">
      <Execution id="25bed8c2-20af-46c4-8cbc-4b74b3829bd1" />
      <TestMethod codeBase="C:/Users/Diego/Google Drive/Facultad/Trabajo Final Ingenieria/Entrega Final 15.12/Uniprof 27.11/Uniprof/Tests/bin/Debug/Tests.DLL" adapterTypeName="Microsoft.VisualStudio.TestTools.TestTypes.Unit.UnitTestAdapter, Microsoft.VisualStudio.QualityTools.Tips.UnitTest.Adapter, Version=10.0.0.0, Culture=neutral, PublicKeyToken=b03f5f7f11d50a3a" className="Tests.EstadoTrabajoTDGTest, Tests, Version=1.0.0.0, Culture=neutral, PublicKeyToken=null" name="buscarEstadosTest" />
    </UnitTest>
    <UnitTest name="listarFacturaPorMovimientoTest" storage="c:\users\diego\google drive\facultad\trabajo final ingenieria\entrega final 15.12\uniprof 27.11\uniprof\tests\bin\debug\tests.dll" id="2bbea6cc-d32e-272a-1a5e-81a0cec727a7">
      <Execution id="9f4aa46c-545f-4b96-93ec-120d84196a95" />
      <TestMethod codeBase="C:/Users/Diego/Google Drive/Facultad/Trabajo Final Ingenieria/Entrega Final 15.12/Uniprof 27.11/Uniprof/Tests/bin/Debug/Tests.DLL" adapterTypeName="Microsoft.VisualStudio.TestTools.TestTypes.Unit.UnitTestAdapter, Microsoft.VisualStudio.QualityTools.Tips.UnitTest.Adapter, Version=10.0.0.0, Culture=neutral, PublicKeyToken=b03f5f7f11d50a3a" className="Tests.FacturaBusinessTest, Tests, Version=1.0.0.0, Culture=neutral, PublicKeyToken=null" name="listarFacturaPorMovimientoTest" />
    </UnitTest>
    <UnitTest name="buscarColorTest" storage="c:\users\diego\google drive\facultad\trabajo final ingenieria\entrega final 15.12\uniprof 27.11\uniprof\tests\bin\debug\tests.dll" id="ecd27a0e-9f35-c43e-8c11-1b73255aae3c">
      <Execution id="557195cd-a84a-48f2-8797-521b6edd99c4" />
      <TestMethod codeBase="C:/Users/Diego/Google Drive/Facultad/Trabajo Final Ingenieria/Entrega Final 15.12/Uniprof 27.11/Uniprof/Tests/bin/Debug/Tests.DLL" adapterTypeName="Microsoft.VisualStudio.TestTools.TestTypes.Unit.UnitTestAdapter, Microsoft.VisualStudio.QualityTools.Tips.UnitTest.Adapter, Version=10.0.0.0, Culture=neutral, PublicKeyToken=b03f5f7f11d50a3a" className="Tests.ColorTDGTest, Tests, Version=1.0.0.0, Culture=neutral, PublicKeyToken=null" name="buscarColorTest" />
    </UnitTest>
    <UnitTest name="cargarUsuariosTest" storage="c:\users\diego\google drive\facultad\trabajo final ingenieria\entrega final 15.12\uniprof 27.11\uniprof\tests\bin\debug\tests.dll" id="049d0f88-7bdd-159e-dcba-5d96f972e9a7">
      <Execution id="bf62164e-78a9-40b5-8ab1-5d2659940647" />
      <TestMethod codeBase="C:/Users/Diego/Google Drive/Facultad/Trabajo Final Ingenieria/Entrega Final 15.12/Uniprof 27.11/Uniprof/Tests/bin/Debug/Tests.DLL" adapterTypeName="Microsoft.VisualStudio.TestTools.TestTypes.Unit.UnitTestAdapter, Microsoft.VisualStudio.QualityTools.Tips.UnitTest.Adapter, Version=10.0.0.0, Culture=neutral, PublicKeyToken=b03f5f7f11d50a3a" className="Tests.UsuarioTDGTest, Tests, Version=1.0.0.0, Culture=neutral, PublicKeyToken=null" name="cargarUsuariosTest" />
    </UnitTest>
    <UnitTest name="cargarTest" storage="c:\users\diego\google drive\facultad\trabajo final ingenieria\entrega final 15.12\uniprof 27.11\uniprof\tests\bin\debug\tests.dll" id="a5daaf00-a7ab-4dce-b449-0d5879de0266">
      <Execution id="ea453695-b132-42fe-b3fd-424315882aa0" />
      <TestMethod codeBase="C:/Users/Diego/Google Drive/Facultad/Trabajo Final Ingenieria/Entrega Final 15.12/Uniprof 27.11/Uniprof/Tests/bin/Debug/Tests.DLL" adapterTypeName="Microsoft.VisualStudio.TestTools.TestTypes.Unit.UnitTestAdapter, Microsoft.VisualStudio.QualityTools.Tips.UnitTest.Adapter, Version=10.0.0.0, Culture=neutral, PublicKeyToken=b03f5f7f11d50a3a" className="Tests.MensajeTDGTest, Tests, Version=1.0.0.0, Culture=neutral, PublicKeyToken=null" name="cargarTest" />
    </UnitTest>
    <UnitTest name="actualizarNewsletterTest" storage="c:\users\diego\google drive\facultad\trabajo final ingenieria\entrega final 15.12\uniprof 27.11\uniprof\tests\bin\debug\tests.dll" id="06ea3cf0-5b85-5241-6e3e-f83627367b47">
      <Execution id="413e5b6c-8903-4951-8ebe-6ca190b0daa6" />
      <TestMethod codeBase="C:/Users/Diego/Google Drive/Facultad/Trabajo Final Ingenieria/Entrega Final 15.12/Uniprof 27.11/Uniprof/Tests/bin/Debug/Tests.DLL" adapterTypeName="Microsoft.VisualStudio.TestTools.TestTypes.Unit.UnitTestAdapter, Microsoft.VisualStudio.QualityTools.Tips.UnitTest.Adapter, Version=10.0.0.0, Culture=neutral, PublicKeyToken=b03f5f7f11d50a3a" className="Tests.NewsletterTDGTest, Tests, Version=1.0.0.0, Culture=neutral, PublicKeyToken=null" name="actualizarNewsletterTest" />
    </UnitTest>
    <UnitTest name="listarInsumosPorCodigoTest" storage="c:\users\diego\google drive\facultad\trabajo final ingenieria\entrega final 15.12\uniprof 27.11\uniprof\tests\bin\debug\tests.dll" id="5973b42f-4391-99d3-6b49-5d351ffdd924">
      <Execution id="efe8c115-2ac6-4aa8-999d-92db121125ab" />
      <TestMethod codeBase="C:/Users/Diego/Google Drive/Facultad/Trabajo Final Ingenieria/Entrega Final 15.12/Uniprof 27.11/Uniprof/Tests/bin/Debug/Tests.DLL" adapterTypeName="Microsoft.VisualStudio.TestTools.TestTypes.Unit.UnitTestAdapter, Microsoft.VisualStudio.QualityTools.Tips.UnitTest.Adapter, Version=10.0.0.0, Culture=neutral, PublicKeyToken=b03f5f7f11d50a3a" className="Tests.InsumoRepositorioTest, Tests, Version=1.0.0.0, Culture=neutral, PublicKeyToken=null" name="listarInsumosPorCodigoTest" />
    </UnitTest>
    <UnitTest name="borrarListaPrecioTest" storage="c:\users\diego\google drive\facultad\trabajo final ingenieria\entrega final 15.12\uniprof 27.11\uniprof\tests\bin\debug\tests.dll" id="6c77fe8d-a8b3-4efd-1e3d-013b12293f74">
      <Execution id="9256ff69-231d-441b-aacb-29b9c5a40051" />
      <TestMethod codeBase="C:/Users/Diego/Google Drive/Facultad/Trabajo Final Ingenieria/Entrega Final 15.12/Uniprof 27.11/Uniprof/Tests/bin/Debug/Tests.DLL" adapterTypeName="Microsoft.VisualStudio.TestTools.TestTypes.Unit.UnitTestAdapter, Microsoft.VisualStudio.QualityTools.Tips.UnitTest.Adapter, Version=10.0.0.0, Culture=neutral, PublicKeyToken=b03f5f7f11d50a3a" className="Tests.ListaPreciosTDGTest, Tests, Version=1.0.0.0, Culture=neutral, PublicKeyToken=null" name="borrarListaPrecioTest" />
    </UnitTest>
    <UnitTest name="buscarPorIdTest" storage="c:\users\diego\google drive\facultad\trabajo final ingenieria\entrega final 15.12\uniprof 27.11\uniprof\tests\bin\debug\tests.dll" id="1aa90fb2-a5a8-fc6d-427f-550365a59543">
      <Execution id="94d54e8d-7537-4b57-9e72-fc845305c515" />
      <TestMethod codeBase="C:/Users/Diego/Google Drive/Facultad/Trabajo Final Ingenieria/Entrega Final 15.12/Uniprof 27.11/Uniprof/Tests/bin/Debug/Tests.DLL" adapterTypeName="Microsoft.VisualStudio.TestTools.TestTypes.Unit.UnitTestAdapter, Microsoft.VisualStudio.QualityTools.Tips.UnitTest.Adapter, Version=10.0.0.0, Culture=neutral, PublicKeyToken=b03f5f7f11d50a3a" className="Tests.ProveedorTDGTest, Tests, Version=1.0.0.0, Culture=neutral, PublicKeyToken=null" name="buscarPorIdTest" />
    </UnitTest>
    <UnitTest name="grabarDiseñoInsumoTest" storage="c:\users\diego\google drive\facultad\trabajo final ingenieria\entrega final 15.12\uniprof 27.11\uniprof\tests\bin\debug\tests.dll" id="3814ca38-0b83-b334-0d16-36809809c612">
      <Execution id="c6aabdc6-662e-4b2e-91d9-6899b30f5d74" />
      <TestMethod codeBase="C:/Users/Diego/Google Drive/Facultad/Trabajo Final Ingenieria/Entrega Final 15.12/Uniprof 27.11/Uniprof/Tests/bin/Debug/Tests.DLL" adapterTypeName="Microsoft.VisualStudio.TestTools.TestTypes.Unit.UnitTestAdapter, Microsoft.VisualStudio.QualityTools.Tips.UnitTest.Adapter, Version=10.0.0.0, Culture=neutral, PublicKeyToken=b03f5f7f11d50a3a" className="Tests.DiseñoInsumoTDGTest, Tests, Version=1.0.0.0, Culture=neutral, PublicKeyToken=null" name="grabarDiseñoInsumoTest" />
    </UnitTest>
    <UnitTest name="buscarUsuarioNewsletterTest" storage="c:\users\diego\google drive\facultad\trabajo final ingenieria\entrega final 15.12\uniprof 27.11\uniprof\tests\bin\debug\tests.dll" id="ad52b45c-d7bf-7d90-509a-9d90fabbb4cb">
      <Execution id="e60caa10-afff-41fd-a970-53cf4f4b0793" />
      <TestMethod codeBase="C:/Users/Diego/Google Drive/Facultad/Trabajo Final Ingenieria/Entrega Final 15.12/Uniprof 27.11/Uniprof/Tests/bin/Debug/Tests.DLL" adapterTypeName="Microsoft.VisualStudio.TestTools.TestTypes.Unit.UnitTestAdapter, Microsoft.VisualStudio.QualityTools.Tips.UnitTest.Adapter, Version=10.0.0.0, Culture=neutral, PublicKeyToken=b03f5f7f11d50a3a" className="Tests.UsuarioBusinessTest, Tests, Version=1.0.0.0, Culture=neutral, PublicKeyToken=null" name="buscarUsuarioNewsletterTest" />
    </UnitTest>
    <UnitTest name="cargarHistoricoEstadosTest" storage="c:\users\diego\google drive\facultad\trabajo final ingenieria\entrega final 15.12\uniprof 27.11\uniprof\tests\bin\debug\tests.dll" id="52baea7e-b200-446e-6971-763252eb7cdd">
      <Execution id="1f0d5284-8cb9-4d7f-9a03-a6494437a827" />
      <TestMethod codeBase="C:/Users/Diego/Google Drive/Facultad/Trabajo Final Ingenieria/Entrega Final 15.12/Uniprof 27.11/Uniprof/Tests/bin/Debug/Tests.DLL" adapterTypeName="Microsoft.VisualStudio.TestTools.TestTypes.Unit.UnitTestAdapter, Microsoft.VisualStudio.QualityTools.Tips.UnitTest.Adapter, Version=10.0.0.0, Culture=neutral, PublicKeyToken=b03f5f7f11d50a3a" className="Tests.HistoricoEstadosPedidoTDGTest, Tests, Version=1.0.0.0, Culture=neutral, PublicKeyToken=null" name="cargarHistoricoEstadosTest" />
    </UnitTest>
    <UnitTest name="actualizarInsumoTest" storage="c:\users\diego\google drive\facultad\trabajo final ingenieria\entrega final 15.12\uniprof 27.11\uniprof\tests\bin\debug\tests.dll" id="ef762903-5f73-156d-4c6c-edbea7a556ad">
      <Execution id="8f404d4e-2967-434f-a0a2-f454676437a6" />
      <TestMethod codeBase="C:/Users/Diego/Google Drive/Facultad/Trabajo Final Ingenieria/Entrega Final 15.12/Uniprof 27.11/Uniprof/Tests/bin/Debug/Tests.DLL" adapterTypeName="Microsoft.VisualStudio.TestTools.TestTypes.Unit.UnitTestAdapter, Microsoft.VisualStudio.QualityTools.Tips.UnitTest.Adapter, Version=10.0.0.0, Culture=neutral, PublicKeyToken=b03f5f7f11d50a3a" className="Tests.InsumoRepositorioTest, Tests, Version=1.0.0.0, Culture=neutral, PublicKeyToken=null" name="actualizarInsumoTest" />
    </UnitTest>
    <UnitTest name="modificarTest" storage="c:\users\diego\google drive\facultad\trabajo final ingenieria\entrega final 15.12\uniprof 27.11\uniprof\tests\bin\debug\tests.dll" id="5b45a836-b61f-3f4e-71ec-60865157f707">
      <Execution id="f41cb2e6-6d99-44ea-b52e-ee328583a8ce" />
      <TestMethod codeBase="C:/Users/Diego/Google Drive/Facultad/Trabajo Final Ingenieria/Entrega Final 15.12/Uniprof 27.11/Uniprof/Tests/bin/Debug/Tests.DLL" adapterTypeName="Microsoft.VisualStudio.TestTools.TestTypes.Unit.UnitTestAdapter, Microsoft.VisualStudio.QualityTools.Tips.UnitTest.Adapter, Version=10.0.0.0, Culture=neutral, PublicKeyToken=b03f5f7f11d50a3a" className="Tests.ConversacionBusinessTest, Tests, Version=1.0.0.0, Culture=neutral, PublicKeyToken=null" name="modificarTest" />
    </UnitTest>
    <UnitTest name="borrarFamiliaTest" storage="c:\users\diego\google drive\facultad\trabajo final ingenieria\entrega final 15.12\uniprof 27.11\uniprof\tests\bin\debug\tests.dll" id="f07288f5-2f3d-e939-3514-a642579a478e">
      <Execution id="db6fbc0f-e014-42e6-9ece-1a5f65d41a84" />
      <TestMethod codeBase="C:/Users/Diego/Google Drive/Facultad/Trabajo Final Ingenieria/Entrega Final 15.12/Uniprof 27.11/Uniprof/Tests/bin/Debug/Tests.DLL" adapterTypeName="Microsoft.VisualStudio.TestTools.TestTypes.Unit.UnitTestAdapter, Microsoft.VisualStudio.QualityTools.Tips.UnitTest.Adapter, Version=10.0.0.0, Culture=neutral, PublicKeyToken=b03f5f7f11d50a3a" className="Tests.FamiliaRepositorioTest, Tests, Version=1.0.0.0, Culture=neutral, PublicKeyToken=null" name="borrarFamiliaTest" />
    </UnitTest>
    <UnitTest name="CargarClientesTest" storage="c:\users\diego\google drive\facultad\trabajo final ingenieria\entrega final 15.12\uniprof 27.11\uniprof\tests\bin\debug\tests.dll" id="ea022a26-3382-db95-b68b-60ac6f18deb0">
      <Execution id="a3c256c9-af65-4553-a1b4-726b717ffbd3" />
      <TestMethod codeBase="C:/Users/Diego/Google Drive/Facultad/Trabajo Final Ingenieria/Entrega Final 15.12/Uniprof 27.11/Uniprof/Tests/bin/Debug/Tests.DLL" adapterTypeName="Microsoft.VisualStudio.TestTools.TestTypes.Unit.UnitTestAdapter, Microsoft.VisualStudio.QualityTools.Tips.UnitTest.Adapter, Version=10.0.0.0, Culture=neutral, PublicKeyToken=b03f5f7f11d50a3a" className="Tests.ClienteRepositorioTest, Tests, Version=1.0.0.0, Culture=neutral, PublicKeyToken=null" name="CargarClientesTest" />
    </UnitTest>
    <UnitTest name="listarFacturasTest" storage="c:\users\diego\google drive\facultad\trabajo final ingenieria\entrega final 15.12\uniprof 27.11\uniprof\tests\bin\debug\tests.dll" id="3f09e394-0823-389c-6e0c-74955eff820a">
      <Execution id="b23e17d9-9c0d-4fac-89d6-8358b8890e35" />
      <TestMethod codeBase="C:/Users/Diego/Google Drive/Facultad/Trabajo Final Ingenieria/Entrega Final 15.12/Uniprof 27.11/Uniprof/Tests/bin/Debug/Tests.DLL" adapterTypeName="Microsoft.VisualStudio.TestTools.TestTypes.Unit.UnitTestAdapter, Microsoft.VisualStudio.QualityTools.Tips.UnitTest.Adapter, Version=10.0.0.0, Culture=neutral, PublicKeyToken=b03f5f7f11d50a3a" className="Tests.FacturaRepositorioTest, Tests, Version=1.0.0.0, Culture=neutral, PublicKeyToken=null" name="listarFacturasTest" />
    </UnitTest>
    <UnitTest name="listarInsumosPorTipoTest" storage="c:\users\diego\google drive\facultad\trabajo final ingenieria\entrega final 15.12\uniprof 27.11\uniprof\tests\bin\debug\tests.dll" id="3bb3d861-97d5-17ed-e4db-8593f01e3068">
      <Execution id="faf62a0b-e5fd-435d-a5fb-8c0816b2fc3c" />
      <TestMethod codeBase="C:/Users/Diego/Google Drive/Facultad/Trabajo Final Ingenieria/Entrega Final 15.12/Uniprof 27.11/Uniprof/Tests/bin/Debug/Tests.DLL" adapterTypeName="Microsoft.VisualStudio.TestTools.TestTypes.Unit.UnitTestAdapter, Microsoft.VisualStudio.QualityTools.Tips.UnitTest.Adapter, Version=10.0.0.0, Culture=neutral, PublicKeyToken=b03f5f7f11d50a3a" className="Tests.InsumoRepositorioTest, Tests, Version=1.0.0.0, Culture=neutral, PublicKeyToken=null" name="listarInsumosPorTipoTest" />
    </UnitTest>
    <UnitTest name="buscarPrimerosHuecosMaquinaTest2" storage="c:\users\diego\google drive\facultad\trabajo final ingenieria\entrega final 15.12\uniprof 27.11\uniprof\tests\bin\debug\tests.dll" id="7a2f5966-e3a2-2a72-e68e-2d6083996de2">
      <Execution id="42557b4f-438d-4aef-aa16-7414c9513532" />
      <TestMethod codeBase="C:/Users/Diego/Google Drive/Facultad/Trabajo Final Ingenieria/Entrega Final 15.12/Uniprof 27.11/Uniprof/Tests/bin/Debug/Tests.DLL" adapterTypeName="Microsoft.VisualStudio.TestTools.TestTypes.Unit.UnitTestAdapter, Microsoft.VisualStudio.QualityTools.Tips.UnitTest.Adapter, Version=10.0.0.0, Culture=neutral, PublicKeyToken=b03f5f7f11d50a3a" className="Tests.ProduccionBusinessTest, Tests, Version=1.0.0.0, Culture=neutral, PublicKeyToken=null" name="buscarPrimerosHuecosMaquinaTest2" />
    </UnitTest>
    <UnitTest name="buscarOpinionesTest" storage="c:\users\diego\google drive\facultad\trabajo final ingenieria\entrega final 15.12\uniprof 27.11\uniprof\tests\bin\debug\tests.dll" id="90665605-993c-c3f0-732c-0c8cb4e19400">
      <Execution id="1474bcbe-8e4c-47d4-8c5f-7577359bb222" />
      <TestMethod codeBase="C:/Users/Diego/Google Drive/Facultad/Trabajo Final Ingenieria/Entrega Final 15.12/Uniprof 27.11/Uniprof/Tests/bin/Debug/Tests.DLL" adapterTypeName="Microsoft.VisualStudio.TestTools.TestTypes.Unit.UnitTestAdapter, Microsoft.VisualStudio.QualityTools.Tips.UnitTest.Adapter, Version=10.0.0.0, Culture=neutral, PublicKeyToken=b03f5f7f11d50a3a" className="Tests.OpinionTDGTest, Tests, Version=1.0.0.0, Culture=neutral, PublicKeyToken=null" name="buscarOpinionesTest" />
    </UnitTest>
    <UnitTest name="buscarArticulosPorCodigoTest" storage="c:\users\diego\google drive\facultad\trabajo final ingenieria\entrega final 15.12\uniprof 27.11\uniprof\tests\bin\debug\tests.dll" id="d5caf4bd-ddf9-d011-d96d-760e6d607d73">
      <Execution id="5224c9c6-d478-412b-b85c-1a180ab3344e" />
      <TestMethod codeBase="C:/Users/Diego/Google Drive/Facultad/Trabajo Final Ingenieria/Entrega Final 15.12/Uniprof 27.11/Uniprof/Tests/bin/Debug/Tests.DLL" adapterTypeName="Microsoft.VisualStudio.TestTools.TestTypes.Unit.UnitTestAdapter, Microsoft.VisualStudio.QualityTools.Tips.UnitTest.Adapter, Version=10.0.0.0, Culture=neutral, PublicKeyToken=b03f5f7f11d50a3a" className="Tests.ArticuloBusinessTest, Tests, Version=1.0.0.0, Culture=neutral, PublicKeyToken=null" name="buscarArticulosPorCodigoTest" />
    </UnitTest>
    <UnitTest name="grabarMensajeTest" storage="c:\users\diego\google drive\facultad\trabajo final ingenieria\entrega final 15.12\uniprof 27.11\uniprof\tests\bin\debug\tests.dll" id="b697701d-8cff-a257-c4da-79dac613bf34">
      <Execution id="66301518-1de9-4367-9b34-c9668d49d115" />
      <TestMethod codeBase="C:/Users/Diego/Google Drive/Facultad/Trabajo Final Ingenieria/Entrega Final 15.12/Uniprof 27.11/Uniprof/Tests/bin/Debug/Tests.DLL" adapterTypeName="Microsoft.VisualStudio.TestTools.TestTypes.Unit.UnitTestAdapter, Microsoft.VisualStudio.QualityTools.Tips.UnitTest.Adapter, Version=10.0.0.0, Culture=neutral, PublicKeyToken=b03f5f7f11d50a3a" className="Tests.MensajeTDGTest, Tests, Version=1.0.0.0, Culture=neutral, PublicKeyToken=null" name="grabarMensajeTest" />
    </UnitTest>
    <UnitTest name="buscarPorIdTest" storage="c:\users\diego\google drive\facultad\trabajo final ingenieria\entrega final 15.12\uniprof 27.11\uniprof\tests\bin\debug\tests.dll" id="e2347588-3d57-efa9-6d83-3dfd95e9941d">
      <Execution id="cb6457ef-1c9f-4cef-9ddd-87ab929aa106" />
      <TestMethod codeBase="C:/Users/Diego/Google Drive/Facultad/Trabajo Final Ingenieria/Entrega Final 15.12/Uniprof 27.11/Uniprof/Tests/bin/Debug/Tests.DLL" adapterTypeName="Microsoft.VisualStudio.TestTools.TestTypes.Unit.UnitTestAdapter, Microsoft.VisualStudio.QualityTools.Tips.UnitTest.Adapter, Version=10.0.0.0, Culture=neutral, PublicKeyToken=b03f5f7f11d50a3a" className="Tests.ProduccionOperadorTDGTest, Tests, Version=1.0.0.0, Culture=neutral, PublicKeyToken=null" name="buscarPorIdTest" />
    </UnitTest>
    <UnitTest name="grabarUsuarioTest" storage="c:\users\diego\google drive\facultad\trabajo final ingenieria\entrega final 15.12\uniprof 27.11\uniprof\tests\bin\debug\tests.dll" id="28e69d1a-8de4-eba9-3792-eae237e8276c">
      <Execution id="fa6f79cc-de87-45a8-b34c-0ad167d4ec5b" />
      <TestMethod codeBase="C:/Users/Diego/Google Drive/Facultad/Trabajo Final Ingenieria/Entrega Final 15.12/Uniprof 27.11/Uniprof/Tests/bin/Debug/Tests.DLL" adapterTypeName="Microsoft.VisualStudio.TestTools.TestTypes.Unit.UnitTestAdapter, Microsoft.VisualStudio.QualityTools.Tips.UnitTest.Adapter, Version=10.0.0.0, Culture=neutral, PublicKeyToken=b03f5f7f11d50a3a" className="Tests.ClienteTDGTest, Tests, Version=1.0.0.0, Culture=neutral, PublicKeyToken=null" name="grabarUsuarioTest" />
    </UnitTest>
    <UnitTest name="buscarPorDescripcionTest" storage="c:\users\diego\google drive\facultad\trabajo final ingenieria\entrega final 15.12\uniprof 27.11\uniprof\tests\bin\debug\tests.dll" id="b8f7e814-b981-7bd7-8770-09bbc779dc13">
      <Execution id="f084764e-ad7c-470d-b5aa-a2867e09ec3c" />
      <TestMethod codeBase="C:/Users/Diego/Google Drive/Facultad/Trabajo Final Ingenieria/Entrega Final 15.12/Uniprof 27.11/Uniprof/Tests/bin/Debug/Tests.DLL" adapterTypeName="Microsoft.VisualStudio.TestTools.TestTypes.Unit.UnitTestAdapter, Microsoft.VisualStudio.QualityTools.Tips.UnitTest.Adapter, Version=10.0.0.0, Culture=neutral, PublicKeyToken=b03f5f7f11d50a3a" className="Tests.TipoInsumoTDGTest, Tests, Version=1.0.0.0, Culture=neutral, PublicKeyToken=null" name="buscarPorDescripcionTest" />
    </UnitTest>
    <UnitTest name="buscarNewsletterPorIdTest" storage="c:\users\diego\google drive\facultad\trabajo final ingenieria\entrega final 15.12\uniprof 27.11\uniprof\tests\bin\debug\tests.dll" id="e7af5983-4779-41b6-14d3-f05ee86282c2">
      <Execution id="7a948af5-1358-4b0b-a494-27d065575636" />
      <TestMethod codeBase="C:/Users/Diego/Google Drive/Facultad/Trabajo Final Ingenieria/Entrega Final 15.12/Uniprof 27.11/Uniprof/Tests/bin/Debug/Tests.DLL" adapterTypeName="Microsoft.VisualStudio.TestTools.TestTypes.Unit.UnitTestAdapter, Microsoft.VisualStudio.QualityTools.Tips.UnitTest.Adapter, Version=10.0.0.0, Culture=neutral, PublicKeyToken=b03f5f7f11d50a3a" className="Tests.NewsletterBusinessTest, Tests, Version=1.0.0.0, Culture=neutral, PublicKeyToken=null" name="buscarNewsletterPorIdTest" />
    </UnitTest>
    <UnitTest name="ListarPrendasTest" storage="c:\users\diego\google drive\facultad\trabajo final ingenieria\entrega final 15.12\uniprof 27.11\uniprof\tests\bin\debug\tests.dll" id="468ca457-0ed7-03c2-646c-9f2875316428">
      <Execution id="f33baedf-9bab-45d6-8abd-b2ec2d3589d8" />
      <TestMethod codeBase="C:/Users/Diego/Google Drive/Facultad/Trabajo Final Ingenieria/Entrega Final 15.12/Uniprof 27.11/Uniprof/Tests/bin/Debug/Tests.DLL" adapterTypeName="Microsoft.VisualStudio.TestTools.TestTypes.Unit.UnitTestAdapter, Microsoft.VisualStudio.QualityTools.Tips.UnitTest.Adapter, Version=10.0.0.0, Culture=neutral, PublicKeyToken=b03f5f7f11d50a3a" className="Tests.TipoPrendaBusinessTest, Tests, Version=1.0.0.0, Culture=neutral, PublicKeyToken=null" name="ListarPrendasTest" />
    </UnitTest>
    <UnitTest name="borrarNewsletterTest" storage="c:\users\diego\google drive\facultad\trabajo final ingenieria\entrega final 15.12\uniprof 27.11\uniprof\tests\bin\debug\tests.dll" id="a17744d1-ab11-f591-d328-1ad420c98fbd">
      <Execution id="46c3f654-5a46-4d28-8527-5be276eb6472" />
      <TestMethod codeBase="C:/Users/Diego/Google Drive/Facultad/Trabajo Final Ingenieria/Entrega Final 15.12/Uniprof 27.11/Uniprof/Tests/bin/Debug/Tests.DLL" adapterTypeName="Microsoft.VisualStudio.TestTools.TestTypes.Unit.UnitTestAdapter, Microsoft.VisualStudio.QualityTools.Tips.UnitTest.Adapter, Version=10.0.0.0, Culture=neutral, PublicKeyToken=b03f5f7f11d50a3a" className="Tests.NewsletterTDGTest, Tests, Version=1.0.0.0, Culture=neutral, PublicKeyToken=null" name="borrarNewsletterTest" />
    </UnitTest>
    <UnitTest name="cargarUsuarioTest" storage="c:\users\diego\google drive\facultad\trabajo final ingenieria\entrega final 15.12\uniprof 27.11\uniprof\tests\bin\debug\tests.dll" id="84b841c4-bb70-5525-3ae9-fa35ed11627d">
      <Execution id="a7a350b5-b4c6-41b4-86c9-a63391d8b94a" />
      <TestMethod codeBase="C:/Users/Diego/Google Drive/Facultad/Trabajo Final Ingenieria/Entrega Final 15.12/Uniprof 27.11/Uniprof/Tests/bin/Debug/Tests.DLL" adapterTypeName="Microsoft.VisualStudio.TestTools.TestTypes.Unit.UnitTestAdapter, Microsoft.VisualStudio.QualityTools.Tips.UnitTest.Adapter, Version=10.0.0.0, Culture=neutral, PublicKeyToken=b03f5f7f11d50a3a" className="Tests.UsuarioTDGTest, Tests, Version=1.0.0.0, Culture=neutral, PublicKeyToken=null" name="cargarUsuarioTest" />
    </UnitTest>
    <UnitTest name="CambiarEstadoPedidoTest" storage="c:\users\diego\google drive\facultad\trabajo final ingenieria\entrega final 15.12\uniprof 27.11\uniprof\tests\bin\debug\tests.dll" id="2277aaf3-514d-5d22-b68b-739c3ef345a2">
      <Execution id="8449a01f-9132-48ff-af88-1e8ae4db56c8" />
      <TestMethod codeBase="C:/Users/Diego/Google Drive/Facultad/Trabajo Final Ingenieria/Entrega Final 15.12/Uniprof 27.11/Uniprof/Tests/bin/Debug/Tests.DLL" adapterTypeName="Microsoft.VisualStudio.TestTools.TestTypes.Unit.UnitTestAdapter, Microsoft.VisualStudio.QualityTools.Tips.UnitTest.Adapter, Version=10.0.0.0, Culture=neutral, PublicKeyToken=b03f5f7f11d50a3a" className="Tests.PedidoBusinessTest, Tests, Version=1.0.0.0, Culture=neutral, PublicKeyToken=null" name="CambiarEstadoPedidoTest" />
    </UnitTest>
    <UnitTest name="grabarProduccionTest" storage="c:\users\diego\google drive\facultad\trabajo final ingenieria\entrega final 15.12\uniprof 27.11\uniprof\tests\bin\debug\tests.dll" id="2ecef026-d4ff-850b-2022-72b81bdf2047">
      <Execution id="08f7f2cb-d781-4616-9b62-ca1115ab9568" />
      <TestMethod codeBase="C:/Users/Diego/Google Drive/Facultad/Trabajo Final Ingenieria/Entrega Final 15.12/Uniprof 27.11/Uniprof/Tests/bin/Debug/Tests.DLL" adapterTypeName="Microsoft.VisualStudio.TestTools.TestTypes.Unit.UnitTestAdapter, Microsoft.VisualStudio.QualityTools.Tips.UnitTest.Adapter, Version=10.0.0.0, Culture=neutral, PublicKeyToken=b03f5f7f11d50a3a" className="Tests.ProduccionRepositorioTest, Tests, Version=1.0.0.0, Culture=neutral, PublicKeyToken=null" name="grabarProduccionTest" />
    </UnitTest>
    <UnitTest name="cargarFacturasConRestriccionesTest" storage="c:\users\diego\google drive\facultad\trabajo final ingenieria\entrega final 15.12\uniprof 27.11\uniprof\tests\bin\debug\tests.dll" id="513854bd-1669-ed84-d891-6995e53105ac">
      <Execution id="af77d26b-7869-45b8-b005-6a21fadf40b3" />
      <TestMethod codeBase="C:/Users/Diego/Google Drive/Facultad/Trabajo Final Ingenieria/Entrega Final 15.12/Uniprof 27.11/Uniprof/Tests/bin/Debug/Tests.DLL" adapterTypeName="Microsoft.VisualStudio.TestTools.TestTypes.Unit.UnitTestAdapter, Microsoft.VisualStudio.QualityTools.Tips.UnitTest.Adapter, Version=10.0.0.0, Culture=neutral, PublicKeyToken=b03f5f7f11d50a3a" className="Tests.FacturaTDGTest, Tests, Version=1.0.0.0, Culture=neutral, PublicKeyToken=null" name="cargarFacturasConRestriccionesTest" />
    </UnitTest>
    <UnitTest name="borrarPedidoTest" storage="c:\users\diego\google drive\facultad\trabajo final ingenieria\entrega final 15.12\uniprof 27.11\uniprof\tests\bin\debug\tests.dll" id="20d5f305-5003-b633-f12a-b60950a7d487">
      <Execution id="22ec3f3c-7e05-4909-9671-06324934d23b" />
      <TestMethod codeBase="C:/Users/Diego/Google Drive/Facultad/Trabajo Final Ingenieria/Entrega Final 15.12/Uniprof 27.11/Uniprof/Tests/bin/Debug/Tests.DLL" adapterTypeName="Microsoft.VisualStudio.TestTools.TestTypes.Unit.UnitTestAdapter, Microsoft.VisualStudio.QualityTools.Tips.UnitTest.Adapter, Version=10.0.0.0, Culture=neutral, PublicKeyToken=b03f5f7f11d50a3a" className="Tests.PedidoTDGTest, Tests, Version=1.0.0.0, Culture=neutral, PublicKeyToken=null" name="borrarPedidoTest" />
    </UnitTest>
    <UnitTest name="listarMovimientosPorNroTest" storage="c:\users\diego\google drive\facultad\trabajo final ingenieria\entrega final 15.12\uniprof 27.11\uniprof\tests\bin\debug\tests.dll" id="0321ef45-ca6a-c46f-356f-5dff04b055f8">
      <Execution id="eadc9b59-6363-47b5-8123-9156cb038bba" />
      <TestMethod codeBase="C:/Users/Diego/Google Drive/Facultad/Trabajo Final Ingenieria/Entrega Final 15.12/Uniprof 27.11/Uniprof/Tests/bin/Debug/Tests.DLL" adapterTypeName="Microsoft.VisualStudio.TestTools.TestTypes.Unit.UnitTestAdapter, Microsoft.VisualStudio.QualityTools.Tips.UnitTest.Adapter, Version=10.0.0.0, Culture=neutral, PublicKeyToken=b03f5f7f11d50a3a" className="Tests.MovimientoCuentaClienteRepositorioTest, Tests, Version=1.0.0.0, Culture=neutral, PublicKeyToken=null" name="listarMovimientosPorNroTest" />
    </UnitTest>
    <UnitTest name="listarMovimientosTest" storage="c:\users\diego\google drive\facultad\trabajo final ingenieria\entrega final 15.12\uniprof 27.11\uniprof\tests\bin\debug\tests.dll" id="e02e0a67-6c2d-0c94-cb65-8df5b3dc5cea">
      <Execution id="c4223393-8a2a-49dd-9e38-62eccd37843e" />
      <TestMethod codeBase="C:/Users/Diego/Google Drive/Facultad/Trabajo Final Ingenieria/Entrega Final 15.12/Uniprof 27.11/Uniprof/Tests/bin/Debug/Tests.DLL" adapterTypeName="Microsoft.VisualStudio.TestTools.TestTypes.Unit.UnitTestAdapter, Microsoft.VisualStudio.QualityTools.Tips.UnitTest.Adapter, Version=10.0.0.0, Culture=neutral, PublicKeyToken=b03f5f7f11d50a3a" className="Tests.MovimientoProveedorBusinessTest, Tests, Version=1.0.0.0, Culture=neutral, PublicKeyToken=null" name="listarMovimientosTest" />
    </UnitTest>
    <UnitTest name="actualizarDiseñosTest" storage="c:\users\diego\google drive\facultad\trabajo final ingenieria\entrega final 15.12\uniprof 27.11\uniprof\tests\bin\debug\tests.dll" id="aee8bdae-93b9-94cd-dc66-4af8f0d1e925">
      <Execution id="08f1252f-f183-4a27-ae3e-0bf619060a26" />
      <TestMethod codeBase="C:/Users/Diego/Google Drive/Facultad/Trabajo Final Ingenieria/Entrega Final 15.12/Uniprof 27.11/Uniprof/Tests/bin/Debug/Tests.DLL" adapterTypeName="Microsoft.VisualStudio.TestTools.TestTypes.Unit.UnitTestAdapter, Microsoft.VisualStudio.QualityTools.Tips.UnitTest.Adapter, Version=10.0.0.0, Culture=neutral, PublicKeyToken=b03f5f7f11d50a3a" className="Tests.DiseñoTDGTest, Tests, Version=1.0.0.0, Culture=neutral, PublicKeyToken=null" name="actualizarDiseñosTest" />
    </UnitTest>
    <UnitTest name="borrarProduccionTest" storage="c:\users\diego\google drive\facultad\trabajo final ingenieria\entrega final 15.12\uniprof 27.11\uniprof\tests\bin\debug\tests.dll" id="254f3c87-cb8f-24cb-6d93-8a60e4e333c0">
      <Execution id="fb625dd4-e0ea-46a0-9d86-73cffc1789b6" />
      <TestMethod codeBase="C:/Users/Diego/Google Drive/Facultad/Trabajo Final Ingenieria/Entrega Final 15.12/Uniprof 27.11/Uniprof/Tests/bin/Debug/Tests.DLL" adapterTypeName="Microsoft.VisualStudio.TestTools.TestTypes.Unit.UnitTestAdapter, Microsoft.VisualStudio.QualityTools.Tips.UnitTest.Adapter, Version=10.0.0.0, Culture=neutral, PublicKeyToken=b03f5f7f11d50a3a" className="Tests.ProduccionTDGTest, Tests, Version=1.0.0.0, Culture=neutral, PublicKeyToken=null" name="borrarProduccionTest" />
    </UnitTest>
    <UnitTest name="grabarInsumoTest" storage="c:\users\diego\google drive\facultad\trabajo final ingenieria\entrega final 15.12\uniprof 27.11\uniprof\tests\bin\debug\tests.dll" id="55841f62-e499-c1d2-7702-e492ea6411db">
      <Execution id="c1b24935-3527-4812-90be-4767784bcfa9" />
      <TestMethod codeBase="C:/Users/Diego/Google Drive/Facultad/Trabajo Final Ingenieria/Entrega Final 15.12/Uniprof 27.11/Uniprof/Tests/bin/Debug/Tests.DLL" adapterTypeName="Microsoft.VisualStudio.TestTools.TestTypes.Unit.UnitTestAdapter, Microsoft.VisualStudio.QualityTools.Tips.UnitTest.Adapter, Version=10.0.0.0, Culture=neutral, PublicKeyToken=b03f5f7f11d50a3a" className="Tests.InsumoTDGTest, Tests, Version=1.0.0.0, Culture=neutral, PublicKeyToken=null" name="grabarInsumoTest" />
    </UnitTest>
    <UnitTest name="calcularTimepoTrabajoTest" storage="c:\users\diego\google drive\facultad\trabajo final ingenieria\entrega final 15.12\uniprof 27.11\uniprof\tests\bin\debug\tests.dll" id="f90c4160-5714-951f-7521-1af6d342eb17">
      <Execution id="6abda306-6181-4084-ac86-d07902e97b9c" />
      <TestMethod codeBase="C:/Users/Diego/Google Drive/Facultad/Trabajo Final Ingenieria/Entrega Final 15.12/Uniprof 27.11/Uniprof/Tests/bin/Debug/Tests.DLL" adapterTypeName="Microsoft.VisualStudio.TestTools.TestTypes.Unit.UnitTestAdapter, Microsoft.VisualStudio.QualityTools.Tips.UnitTest.Adapter, Version=10.0.0.0, Culture=neutral, PublicKeyToken=b03f5f7f11d50a3a" className="Tests.ProduccionBusinessTest, Tests, Version=1.0.0.0, Culture=neutral, PublicKeyToken=null" name="calcularTimepoTrabajoTest" />
    </UnitTest>
    <UnitTest name="buscarProveedorPorCodigoTest" storage="c:\users\diego\google drive\facultad\trabajo final ingenieria\entrega final 15.12\uniprof 27.11\uniprof\tests\bin\debug\tests.dll" id="3f50a717-0b73-d5bd-41bc-37d26b580e88">
      <Execution id="3592c924-f805-4a5f-be96-1f28d1341463" />
      <TestMethod codeBase="C:/Users/Diego/Google Drive/Facultad/Trabajo Final Ingenieria/Entrega Final 15.12/Uniprof 27.11/Uniprof/Tests/bin/Debug/Tests.DLL" adapterTypeName="Microsoft.VisualStudio.TestTools.TestTypes.Unit.UnitTestAdapter, Microsoft.VisualStudio.QualityTools.Tips.UnitTest.Adapter, Version=10.0.0.0, Culture=neutral, PublicKeyToken=b03f5f7f11d50a3a" className="Tests.ProveedorBusinessTest, Tests, Version=1.0.0.0, Culture=neutral, PublicKeyToken=null" name="buscarProveedorPorCodigoTest" />
    </UnitTest>
    <UnitTest name="buscarNewsletterPorIdTest" storage="c:\users\diego\google drive\facultad\trabajo final ingenieria\entrega final 15.12\uniprof 27.11\uniprof\tests\bin\debug\tests.dll" id="7a5f4dc9-0c0b-a16a-647b-478ba12b4828">
      <Execution id="d2ec006a-60fd-48e4-84a8-c5210722ffd4" />
      <TestMethod codeBase="C:/Users/Diego/Google Drive/Facultad/Trabajo Final Ingenieria/Entrega Final 15.12/Uniprof 27.11/Uniprof/Tests/bin/Debug/Tests.DLL" adapterTypeName="Microsoft.VisualStudio.TestTools.TestTypes.Unit.UnitTestAdapter, Microsoft.VisualStudio.QualityTools.Tips.UnitTest.Adapter, Version=10.0.0.0, Culture=neutral, PublicKeyToken=b03f5f7f11d50a3a" className="Tests.NewsletterRepositorioTest, Tests, Version=1.0.0.0, Culture=neutral, PublicKeyToken=null" name="buscarNewsletterPorIdTest" />
    </UnitTest>
    <UnitTest name="buscarMovimintosTest" storage="c:\users\diego\google drive\facultad\trabajo final ingenieria\entrega final 15.12\uniprof 27.11\uniprof\tests\bin\debug\tests.dll" id="5f6ca830-a7f5-404d-2afc-b5fe8dc971de">
      <Execution id="5b895e45-f39a-4a57-8ab1-c9dedcc7a4da" />
      <TestMethod codeBase="C:/Users/Diego/Google Drive/Facultad/Trabajo Final Ingenieria/Entrega Final 15.12/Uniprof 27.11/Uniprof/Tests/bin/Debug/Tests.DLL" adapterTypeName="Microsoft.VisualStudio.TestTools.TestTypes.Unit.UnitTestAdapter, Microsoft.VisualStudio.QualityTools.Tips.UnitTest.Adapter, Version=10.0.0.0, Culture=neutral, PublicKeyToken=b03f5f7f11d50a3a" className="Tests.MovimientoClienteBusinessTest, Tests, Version=1.0.0.0, Culture=neutral, PublicKeyToken=null" name="buscarMovimintosTest" />
    </UnitTest>
    <UnitTest name="grabarLineaTest" storage="c:\users\diego\google drive\facultad\trabajo final ingenieria\entrega final 15.12\uniprof 27.11\uniprof\tests\bin\debug\tests.dll" id="e9b80469-e28c-1b2c-5a36-980b3cb0f728">
      <Execution id="f0671b30-71d4-4ac4-9213-56849f52f289" />
      <TestMethod codeBase="C:/Users/Diego/Google Drive/Facultad/Trabajo Final Ingenieria/Entrega Final 15.12/Uniprof 27.11/Uniprof/Tests/bin/Debug/Tests.DLL" adapterTypeName="Microsoft.VisualStudio.TestTools.TestTypes.Unit.UnitTestAdapter, Microsoft.VisualStudio.QualityTools.Tips.UnitTest.Adapter, Version=10.0.0.0, Culture=neutral, PublicKeyToken=b03f5f7f11d50a3a" className="Tests.LineaFacturaTDGTest, Tests, Version=1.0.0.0, Culture=neutral, PublicKeyToken=null" name="grabarLineaTest" />
    </UnitTest>
    <UnitTest name="listarConversacionesPorIdTest" storage="c:\users\diego\google drive\facultad\trabajo final ingenieria\entrega final 15.12\uniprof 27.11\uniprof\tests\bin\debug\tests.dll" id="5062f8db-d3cc-b220-b391-1deb74053b65">
      <Execution id="8090b65e-23c3-446b-acfa-52566ead0eee" />
      <TestMethod codeBase="C:/Users/Diego/Google Drive/Facultad/Trabajo Final Ingenieria/Entrega Final 15.12/Uniprof 27.11/Uniprof/Tests/bin/Debug/Tests.DLL" adapterTypeName="Microsoft.VisualStudio.TestTools.TestTypes.Unit.UnitTestAdapter, Microsoft.VisualStudio.QualityTools.Tips.UnitTest.Adapter, Version=10.0.0.0, Culture=neutral, PublicKeyToken=b03f5f7f11d50a3a" className="Tests.ConversacionBusinessTest, Tests, Version=1.0.0.0, Culture=neutral, PublicKeyToken=null" name="listarConversacionesPorIdTest" />
    </UnitTest>
    <UnitTest name="buscarOpinionPorCriterioTest" storage="c:\users\diego\google drive\facultad\trabajo final ingenieria\entrega final 15.12\uniprof 27.11\uniprof\tests\bin\debug\tests.dll" id="a835695f-f8af-58f4-71d0-57d24fa7d90f">
      <Execution id="d0f5b5c3-a9eb-40db-9246-d016cde11e28" />
      <TestMethod codeBase="C:/Users/Diego/Google Drive/Facultad/Trabajo Final Ingenieria/Entrega Final 15.12/Uniprof 27.11/Uniprof/Tests/bin/Debug/Tests.DLL" adapterTypeName="Microsoft.VisualStudio.TestTools.TestTypes.Unit.UnitTestAdapter, Microsoft.VisualStudio.QualityTools.Tips.UnitTest.Adapter, Version=10.0.0.0, Culture=neutral, PublicKeyToken=b03f5f7f11d50a3a" className="Tests.OpinionTDGTest, Tests, Version=1.0.0.0, Culture=neutral, PublicKeyToken=null" name="buscarOpinionPorCriterioTest" />
    </UnitTest>
    <UnitTest name="grabarOrdenDeCompraTest" storage="c:\users\diego\google drive\facultad\trabajo final ingenieria\entrega final 15.12\uniprof 27.11\uniprof\tests\bin\debug\tests.dll" id="adc4b822-2dd8-fb80-0aec-e1f18a81e266">
      <Execution id="c9fc55a3-8d3d-4043-a747-44e59e1acdde" />
      <TestMethod codeBase="C:/Users/Diego/Google Drive/Facultad/Trabajo Final Ingenieria/Entrega Final 15.12/Uniprof 27.11/Uniprof/Tests/bin/Debug/Tests.DLL" adapterTypeName="Microsoft.VisualStudio.TestTools.TestTypes.Unit.UnitTestAdapter, Microsoft.VisualStudio.QualityTools.Tips.UnitTest.Adapter, Version=10.0.0.0, Culture=neutral, PublicKeyToken=b03f5f7f11d50a3a" className="Tests.OrdenCompraRepositorioTest, Tests, Version=1.0.0.0, Culture=neutral, PublicKeyToken=null" name="grabarOrdenDeCompraTest" />
    </UnitTest>
    <UnitTest name="borrarPrendaTest" storage="c:\users\diego\google drive\facultad\trabajo final ingenieria\entrega final 15.12\uniprof 27.11\uniprof\tests\bin\debug\tests.dll" id="a472a839-6eaa-12b1-21fb-e977ec47cce0">
      <Execution id="e3e2ec9c-a17b-4d10-b01e-8caba5ae6750" />
      <TestMethod codeBase="C:/Users/Diego/Google Drive/Facultad/Trabajo Final Ingenieria/Entrega Final 15.12/Uniprof 27.11/Uniprof/Tests/bin/Debug/Tests.DLL" adapterTypeName="Microsoft.VisualStudio.TestTools.TestTypes.Unit.UnitTestAdapter, Microsoft.VisualStudio.QualityTools.Tips.UnitTest.Adapter, Version=10.0.0.0, Culture=neutral, PublicKeyToken=b03f5f7f11d50a3a" className="Tests.TipoPrendaTDGTest, Tests, Version=1.0.0.0, Culture=neutral, PublicKeyToken=null" name="borrarPrendaTest" />
    </UnitTest>
    <UnitTest name="buscarPrimerosHuecosMaquinaTest4" storage="c:\users\diego\google drive\facultad\trabajo final ingenieria\entrega final 15.12\uniprof 27.11\uniprof\tests\bin\debug\tests.dll" id="a77c41d3-5bba-1c1e-e81f-7a02217342bf">
      <Execution id="53c4632b-731f-4973-9aef-3821e40db758" />
      <TestMethod codeBase="C:/Users/Diego/Google Drive/Facultad/Trabajo Final Ingenieria/Entrega Final 15.12/Uniprof 27.11/Uniprof/Tests/bin/Debug/Tests.DLL" adapterTypeName="Microsoft.VisualStudio.TestTools.TestTypes.Unit.UnitTestAdapter, Microsoft.VisualStudio.QualityTools.Tips.UnitTest.Adapter, Version=10.0.0.0, Culture=neutral, PublicKeyToken=b03f5f7f11d50a3a" className="Tests.ProduccionBusinessTest, Tests, Version=1.0.0.0, Culture=neutral, PublicKeyToken=null" name="buscarPrimerosHuecosMaquinaTest4" />
    </UnitTest>
    <UnitTest name="grabarDiseñosTest" storage="c:\users\diego\google drive\facultad\trabajo final ingenieria\entrega final 15.12\uniprof 27.11\uniprof\tests\bin\debug\tests.dll" id="9fd9a588-56ca-0b4b-82c9-064d2bfbe430">
      <Execution id="ce9fa444-ef61-46e1-85a3-820995ccc886" />
      <TestMethod codeBase="C:/Users/Diego/Google Drive/Facultad/Trabajo Final Ingenieria/Entrega Final 15.12/Uniprof 27.11/Uniprof/Tests/bin/Debug/Tests.DLL" adapterTypeName="Microsoft.VisualStudio.TestTools.TestTypes.Unit.UnitTestAdapter, Microsoft.VisualStudio.QualityTools.Tips.UnitTest.Adapter, Version=10.0.0.0, Culture=neutral, PublicKeyToken=b03f5f7f11d50a3a" className="Tests.DiseñoTDGTest, Tests, Version=1.0.0.0, Culture=neutral, PublicKeyToken=null" name="grabarDiseñosTest" />
    </UnitTest>
    <UnitTest name="cargarClienteTest" storage="c:\users\diego\google drive\facultad\trabajo final ingenieria\entrega final 15.12\uniprof 27.11\uniprof\tests\bin\debug\tests.dll" id="a4e8ed3d-c4ae-1ca8-df36-ee362c8b196a">
      <Execution id="70cb0469-34f5-4b8b-bb17-60ec811a1e87" />
      <TestMethod codeBase="C:/Users/Diego/Google Drive/Facultad/Trabajo Final Ingenieria/Entrega Final 15.12/Uniprof 27.11/Uniprof/Tests/bin/Debug/Tests.DLL" adapterTypeName="Microsoft.VisualStudio.TestTools.TestTypes.Unit.UnitTestAdapter, Microsoft.VisualStudio.QualityTools.Tips.UnitTest.Adapter, Version=10.0.0.0, Culture=neutral, PublicKeyToken=b03f5f7f11d50a3a" className="Tests.ClienteTDGTest, Tests, Version=1.0.0.0, Culture=neutral, PublicKeyToken=null" name="cargarClienteTest" />
    </UnitTest>
    <UnitTest name="actualizarFamiliaTest" storage="c:\users\diego\google drive\facultad\trabajo final ingenieria\entrega final 15.12\uniprof 27.11\uniprof\tests\bin\debug\tests.dll" id="251887f2-80b7-06cc-ae64-369889df804d">
      <Execution id="6ef113a4-c410-4c21-975d-35231ff646b6" />
      <TestMethod codeBase="C:/Users/Diego/Google Drive/Facultad/Trabajo Final Ingenieria/Entrega Final 15.12/Uniprof 27.11/Uniprof/Tests/bin/Debug/Tests.DLL" adapterTypeName="Microsoft.VisualStudio.TestTools.TestTypes.Unit.UnitTestAdapter, Microsoft.VisualStudio.QualityTools.Tips.UnitTest.Adapter, Version=10.0.0.0, Culture=neutral, PublicKeyToken=b03f5f7f11d50a3a" className="Tests.FamiliaRepositorioTest, Tests, Version=1.0.0.0, Culture=neutral, PublicKeyToken=null" name="actualizarFamiliaTest" />
    </UnitTest>
    <UnitTest name="guardarArticuloTest" storage="c:\users\diego\google drive\facultad\trabajo final ingenieria\entrega final 15.12\uniprof 27.11\uniprof\tests\bin\debug\tests.dll" id="53e8a9c8-96f4-eccd-a6cf-588d5c1fbc4b">
      <Execution id="ae49ab1d-04c2-4ae3-b1ef-5cbb7b09ce6b" />
      <TestMethod codeBase="C:/Users/Diego/Google Drive/Facultad/Trabajo Final Ingenieria/Entrega Final 15.12/Uniprof 27.11/Uniprof/Tests/bin/Debug/Tests.DLL" adapterTypeName="Microsoft.VisualStudio.TestTools.TestTypes.Unit.UnitTestAdapter, Microsoft.VisualStudio.QualityTools.Tips.UnitTest.Adapter, Version=10.0.0.0, Culture=neutral, PublicKeyToken=b03f5f7f11d50a3a" className="Tests.ArticuloBusinessTest, Tests, Version=1.0.0.0, Culture=neutral, PublicKeyToken=null" name="guardarArticuloTest" />
    </UnitTest>
    <UnitTest name="cargarPatentesTest" storage="c:\users\diego\google drive\facultad\trabajo final ingenieria\entrega final 15.12\uniprof 27.11\uniprof\tests\bin\debug\tests.dll" id="acceeb2f-d3a0-c7eb-0a8a-89ba3e60aa95">
      <Execution id="4396b6f8-a1fc-4093-9543-eff55f803d81" />
      <TestMethod codeBase="C:/Users/Diego/Google Drive/Facultad/Trabajo Final Ingenieria/Entrega Final 15.12/Uniprof 27.11/Uniprof/Tests/bin/Debug/Tests.DLL" adapterTypeName="Microsoft.VisualStudio.TestTools.TestTypes.Unit.UnitTestAdapter, Microsoft.VisualStudio.QualityTools.Tips.UnitTest.Adapter, Version=10.0.0.0, Culture=neutral, PublicKeyToken=b03f5f7f11d50a3a" className="Tests.PatenteRepositorioTest, Tests, Version=1.0.0.0, Culture=neutral, PublicKeyToken=null" name="cargarPatentesTest" />
    </UnitTest>
    <UnitTest name="borrarDiseñoTest" storage="c:\users\diego\google drive\facultad\trabajo final ingenieria\entrega final 15.12\uniprof 27.11\uniprof\tests\bin\debug\tests.dll" id="9355e16b-4728-468a-6844-3354852565f0">
      <Execution id="c656b175-b50a-47d9-b024-242c9df50e67" />
      <TestMethod codeBase="C:/Users/Diego/Google Drive/Facultad/Trabajo Final Ingenieria/Entrega Final 15.12/Uniprof 27.11/Uniprof/Tests/bin/Debug/Tests.DLL" adapterTypeName="Microsoft.VisualStudio.TestTools.TestTypes.Unit.UnitTestAdapter, Microsoft.VisualStudio.QualityTools.Tips.UnitTest.Adapter, Version=10.0.0.0, Culture=neutral, PublicKeyToken=b03f5f7f11d50a3a" className="Tests.DiseñoRepositorioTest, Tests, Version=1.0.0.0, Culture=neutral, PublicKeyToken=null" name="borrarDiseñoTest" />
    </UnitTest>
    <UnitTest name="listarProduccionPorArticuloTest" storage="c:\users\diego\google drive\facultad\trabajo final ingenieria\entrega final 15.12\uniprof 27.11\uniprof\tests\bin\debug\tests.dll" id="f0936119-968f-f4d0-680f-3a810a2a1183">
      <Execution id="33e239eb-310b-402c-af93-e3982c05a2af" />
      <TestMethod codeBase="C:/Users/Diego/Google Drive/Facultad/Trabajo Final Ingenieria/Entrega Final 15.12/Uniprof 27.11/Uniprof/Tests/bin/Debug/Tests.DLL" adapterTypeName="Microsoft.VisualStudio.TestTools.TestTypes.Unit.UnitTestAdapter, Microsoft.VisualStudio.QualityTools.Tips.UnitTest.Adapter, Version=10.0.0.0, Culture=neutral, PublicKeyToken=b03f5f7f11d50a3a" className="Tests.ProduccionBusinessTest, Tests, Version=1.0.0.0, Culture=neutral, PublicKeyToken=null" name="listarProduccionPorArticuloTest" />
    </UnitTest>
    <UnitTest name="listarMovimientosPorNroTest" storage="c:\users\diego\google drive\facultad\trabajo final ingenieria\entrega final 15.12\uniprof 27.11\uniprof\tests\bin\debug\tests.dll" id="d4992a93-c61f-e7a7-6c4a-4dd37d506f00">
      <Execution id="27de9c24-e20e-4593-a281-2899e82b49b6" />
      <TestMethod codeBase="C:/Users/Diego/Google Drive/Facultad/Trabajo Final Ingenieria/Entrega Final 15.12/Uniprof 27.11/Uniprof/Tests/bin/Debug/Tests.DLL" adapterTypeName="Microsoft.VisualStudio.TestTools.TestTypes.Unit.UnitTestAdapter, Microsoft.VisualStudio.QualityTools.Tips.UnitTest.Adapter, Version=10.0.0.0, Culture=neutral, PublicKeyToken=b03f5f7f11d50a3a" className="Tests.MovimientoClienteBusinessTest, Tests, Version=1.0.0.0, Culture=neutral, PublicKeyToken=null" name="listarMovimientosPorNroTest" />
    </UnitTest>
    <UnitTest name="cargarMaquinasTest" storage="c:\users\diego\google drive\facultad\trabajo final ingenieria\entrega final 15.12\uniprof 27.11\uniprof\tests\bin\debug\tests.dll" id="a8b0ac8d-b3ff-6693-a29b-869418f5d04f">
      <Execution id="aff5c4e9-8f29-47b8-9490-364f8eb5cc20" />
      <TestMethod codeBase="C:/Users/Diego/Google Drive/Facultad/Trabajo Final Ingenieria/Entrega Final 15.12/Uniprof 27.11/Uniprof/Tests/bin/Debug/Tests.DLL" adapterTypeName="Microsoft.VisualStudio.TestTools.TestTypes.Unit.UnitTestAdapter, Microsoft.VisualStudio.QualityTools.Tips.UnitTest.Adapter, Version=10.0.0.0, Culture=neutral, PublicKeyToken=b03f5f7f11d50a3a" className="Tests.MaquinaTDGTest, Tests, Version=1.0.0.0, Culture=neutral, PublicKeyToken=null" name="cargarMaquinasTest" />
    </UnitTest>
    <UnitTest name="listarFacturasPorClienteTest" storage="c:\users\diego\google drive\facultad\trabajo final ingenieria\entrega final 15.12\uniprof 27.11\uniprof\tests\bin\debug\tests.dll" id="bf901687-526e-3c4f-d25d-5f1eb0ec55f2">
      <Execution id="b96062d7-6f7f-4430-aa87-432779e52bdd" />
      <TestMethod codeBase="C:/Users/Diego/Google Drive/Facultad/Trabajo Final Ingenieria/Entrega Final 15.12/Uniprof 27.11/Uniprof/Tests/bin/Debug/Tests.DLL" adapterTypeName="Microsoft.VisualStudio.TestTools.TestTypes.Unit.UnitTestAdapter, Microsoft.VisualStudio.QualityTools.Tips.UnitTest.Adapter, Version=10.0.0.0, Culture=neutral, PublicKeyToken=b03f5f7f11d50a3a" className="Tests.FacturaRepositorioTest, Tests, Version=1.0.0.0, Culture=neutral, PublicKeyToken=null" name="listarFacturasPorClienteTest" />
    </UnitTest>
    <UnitTest name="calcularTimepoTrabajoTest2" storage="c:\users\diego\google drive\facultad\trabajo final ingenieria\entrega final 15.12\uniprof 27.11\uniprof\tests\bin\debug\tests.dll" id="a27af6eb-87dc-b90f-c4ca-d8cb1c7c2454">
      <Execution id="8402fb12-0a72-4591-82e8-1c3d8c5bcbb3" />
      <TestMethod codeBase="C:/Users/Diego/Google Drive/Facultad/Trabajo Final Ingenieria/Entrega Final 15.12/Uniprof 27.11/Uniprof/Tests/bin/Debug/Tests.DLL" adapterTypeName="Microsoft.VisualStudio.TestTools.TestTypes.Unit.UnitTestAdapter, Microsoft.VisualStudio.QualityTools.Tips.UnitTest.Adapter, Version=10.0.0.0, Culture=neutral, PublicKeyToken=b03f5f7f11d50a3a" className="Tests.ProduccionBusinessTest, Tests, Version=1.0.0.0, Culture=neutral, PublicKeyToken=null" name="calcularTimepoTrabajoTest2" />
    </UnitTest>
    <UnitTest name="borrarMovimientosTest" storage="c:\users\diego\google drive\facultad\trabajo final ingenieria\entrega final 15.12\uniprof 27.11\uniprof\tests\bin\debug\tests.dll" id="c9059140-bd68-daef-e19b-ffc08869ca24">
      <Execution id="cc88bab1-0064-4ab8-bf17-5c17cbf257f0" />
      <TestMethod codeBase="C:/Users/Diego/Google Drive/Facultad/Trabajo Final Ingenieria/Entrega Final 15.12/Uniprof 27.11/Uniprof/Tests/bin/Debug/Tests.DLL" adapterTypeName="Microsoft.VisualStudio.TestTools.TestTypes.Unit.UnitTestAdapter, Microsoft.VisualStudio.QualityTools.Tips.UnitTest.Adapter, Version=10.0.0.0, Culture=neutral, PublicKeyToken=b03f5f7f11d50a3a" className="Tests.MovimientoStockTDGTest, Tests, Version=1.0.0.0, Culture=neutral, PublicKeyToken=null" name="borrarMovimientosTest" />
    </UnitTest>
    <UnitTest name="buscarNewsletterPorNombreTest" storage="c:\users\diego\google drive\facultad\trabajo final ingenieria\entrega final 15.12\uniprof 27.11\uniprof\tests\bin\debug\tests.dll" id="a6fd86e1-4eca-846a-5e19-70da718a6391">
      <Execution id="9052ab1c-4bba-4af9-a74a-69caa62a1810" />
      <TestMethod codeBase="C:/Users/Diego/Google Drive/Facultad/Trabajo Final Ingenieria/Entrega Final 15.12/Uniprof 27.11/Uniprof/Tests/bin/Debug/Tests.DLL" adapterTypeName="Microsoft.VisualStudio.TestTools.TestTypes.Unit.UnitTestAdapter, Microsoft.VisualStudio.QualityTools.Tips.UnitTest.Adapter, Version=10.0.0.0, Culture=neutral, PublicKeyToken=b03f5f7f11d50a3a" className="Tests.NewsletterBusinessTest, Tests, Version=1.0.0.0, Culture=neutral, PublicKeyToken=null" name="buscarNewsletterPorNombreTest" />
    </UnitTest>
    <UnitTest name="actualizarFamiliaTest" storage="c:\users\diego\google drive\facultad\trabajo final ingenieria\entrega final 15.12\uniprof 27.11\uniprof\tests\bin\debug\tests.dll" id="68862084-d3f3-3b6a-8d1d-63a8120425c8">
      <Execution id="1696d2f6-be82-4a38-a909-c08b25a3e3a1" />
      <TestMethod codeBase="C:/Users/Diego/Google Drive/Facultad/Trabajo Final Ingenieria/Entrega Final 15.12/Uniprof 27.11/Uniprof/Tests/bin/Debug/Tests.DLL" adapterTypeName="Microsoft.VisualStudio.TestTools.TestTypes.Unit.UnitTestAdapter, Microsoft.VisualStudio.QualityTools.Tips.UnitTest.Adapter, Version=10.0.0.0, Culture=neutral, PublicKeyToken=b03f5f7f11d50a3a" className="Tests.FamiliaBusinessTest, Tests, Version=1.0.0.0, Culture=neutral, PublicKeyToken=null" name="actualizarFamiliaTest" />
    </UnitTest>
    <UnitTest name="actualizarProduccionTest" storage="c:\users\diego\google drive\facultad\trabajo final ingenieria\entrega final 15.12\uniprof 27.11\uniprof\tests\bin\debug\tests.dll" id="de04a58d-71f5-e1d1-1d14-e423a290a69c">
      <Execution id="54308dab-ebd5-4cea-9d68-e95e721d60b6" />
      <TestMethod codeBase="C:/Users/Diego/Google Drive/Facultad/Trabajo Final Ingenieria/Entrega Final 15.12/Uniprof 27.11/Uniprof/Tests/bin/Debug/Tests.DLL" adapterTypeName="Microsoft.VisualStudio.TestTools.TestTypes.Unit.UnitTestAdapter, Microsoft.VisualStudio.QualityTools.Tips.UnitTest.Adapter, Version=10.0.0.0, Culture=neutral, PublicKeyToken=b03f5f7f11d50a3a" className="Tests.ProduccionBusinessTest, Tests, Version=1.0.0.0, Culture=neutral, PublicKeyToken=null" name="actualizarProduccionTest" />
    </UnitTest>
    <UnitTest name="cargarFacturasTest" storage="c:\users\diego\google drive\facultad\trabajo final ingenieria\entrega final 15.12\uniprof 27.11\uniprof\tests\bin\debug\tests.dll" id="66accf62-c8b1-294a-c12d-5fcb04e3bddf">
      <Execution id="169a7516-8ec9-472e-9596-530fe1d8c2e2" />
      <TestMethod codeBase="C:/Users/Diego/Google Drive/Facultad/Trabajo Final Ingenieria/Entrega Final 15.12/Uniprof 27.11/Uniprof/Tests/bin/Debug/Tests.DLL" adapterTypeName="Microsoft.VisualStudio.TestTools.TestTypes.Unit.UnitTestAdapter, Microsoft.VisualStudio.QualityTools.Tips.UnitTest.Adapter, Version=10.0.0.0, Culture=neutral, PublicKeyToken=b03f5f7f11d50a3a" className="Tests.FacturaTDGTest, Tests, Version=1.0.0.0, Culture=neutral, PublicKeyToken=null" name="cargarFacturasTest" />
    </UnitTest>
    <UnitTest name="cargarlistaProduccionTest" storage="c:\users\diego\google drive\facultad\trabajo final ingenieria\entrega final 15.12\uniprof 27.11\uniprof\tests\bin\debug\tests.dll" id="15a2dfa0-b5da-ca0f-1901-200d0b50ec37">
      <Execution id="c2f94311-4589-4318-9f2f-316d01fbb271" />
      <TestMethod codeBase="C:/Users/Diego/Google Drive/Facultad/Trabajo Final Ingenieria/Entrega Final 15.12/Uniprof 27.11/Uniprof/Tests/bin/Debug/Tests.DLL" adapterTypeName="Microsoft.VisualStudio.TestTools.TestTypes.Unit.UnitTestAdapter, Microsoft.VisualStudio.QualityTools.Tips.UnitTest.Adapter, Version=10.0.0.0, Culture=neutral, PublicKeyToken=b03f5f7f11d50a3a" className="Tests.ProduccionTDGTest, Tests, Version=1.0.0.0, Culture=neutral, PublicKeyToken=null" name="cargarlistaProduccionTest" />
    </UnitTest>
    <UnitTest name="listarMovimientosPorProveedorTest" storage="c:\users\diego\google drive\facultad\trabajo final ingenieria\entrega final 15.12\uniprof 27.11\uniprof\tests\bin\debug\tests.dll" id="47829263-2bc4-1929-0c73-083969548a33">
      <Execution id="8971cf63-fccb-4037-ba5a-62ab94af450c" />
      <TestMethod codeBase="C:/Users/Diego/Google Drive/Facultad/Trabajo Final Ingenieria/Entrega Final 15.12/Uniprof 27.11/Uniprof/Tests/bin/Debug/Tests.DLL" adapterTypeName="Microsoft.VisualStudio.TestTools.TestTypes.Unit.UnitTestAdapter, Microsoft.VisualStudio.QualityTools.Tips.UnitTest.Adapter, Version=10.0.0.0, Culture=neutral, PublicKeyToken=b03f5f7f11d50a3a" className="Tests.MovimientoCuentaProveedorRepositorioTest, Tests, Version=1.0.0.0, Culture=neutral, PublicKeyToken=null" name="listarMovimientosPorProveedorTest" />
    </UnitTest>
    <UnitTest name="grabarUsuarioTest" storage="c:\users\diego\google drive\facultad\trabajo final ingenieria\entrega final 15.12\uniprof 27.11\uniprof\tests\bin\debug\tests.dll" id="76669914-042a-1066-d597-b186fff6c621">
      <Execution id="734c17fd-c133-4839-8992-7dfd980396f4" />
      <TestMethod codeBase="C:/Users/Diego/Google Drive/Facultad/Trabajo Final Ingenieria/Entrega Final 15.12/Uniprof 27.11/Uniprof/Tests/bin/Debug/Tests.DLL" adapterTypeName="Microsoft.VisualStudio.TestTools.TestTypes.Unit.UnitTestAdapter, Microsoft.VisualStudio.QualityTools.Tips.UnitTest.Adapter, Version=10.0.0.0, Culture=neutral, PublicKeyToken=b03f5f7f11d50a3a" className="Tests.UsuarioTDGTest, Tests, Version=1.0.0.0, Culture=neutral, PublicKeyToken=null" name="grabarUsuarioTest" />
    </UnitTest>
    <UnitTest name="listarOrdenDeComprasTest" storage="c:\users\diego\google drive\facultad\trabajo final ingenieria\entrega final 15.12\uniprof 27.11\uniprof\tests\bin\debug\tests.dll" id="21f1e20b-dcac-fe9b-670b-02932753806f">
      <Execution id="470bd9b7-2894-478b-8a18-8563261250ee" />
      <TestMethod codeBase="C:/Users/Diego/Google Drive/Facultad/Trabajo Final Ingenieria/Entrega Final 15.12/Uniprof 27.11/Uniprof/Tests/bin/Debug/Tests.DLL" adapterTypeName="Microsoft.VisualStudio.TestTools.TestTypes.Unit.UnitTestAdapter, Microsoft.VisualStudio.QualityTools.Tips.UnitTest.Adapter, Version=10.0.0.0, Culture=neutral, PublicKeyToken=b03f5f7f11d50a3a" className="Tests.OrdenCompraRepositorioTest, Tests, Version=1.0.0.0, Culture=neutral, PublicKeyToken=null" name="listarOrdenDeComprasTest" />
    </UnitTest>
    <UnitTest name="buscarPorIdTest" storage="c:\users\diego\google drive\facultad\trabajo final ingenieria\entrega final 15.12\uniprof 27.11\uniprof\tests\bin\debug\tests.dll" id="d7c03cb5-500e-d7d9-da0b-0be2f4981b03">
      <Execution id="10664b0f-5a30-4333-a5b3-d5a7f961ecf0" />
      <TestMethod codeBase="C:/Users/Diego/Google Drive/Facultad/Trabajo Final Ingenieria/Entrega Final 15.12/Uniprof 27.11/Uniprof/Tests/bin/Debug/Tests.DLL" adapterTypeName="Microsoft.VisualStudio.TestTools.TestTypes.Unit.UnitTestAdapter, Microsoft.VisualStudio.QualityTools.Tips.UnitTest.Adapter, Version=10.0.0.0, Culture=neutral, PublicKeyToken=b03f5f7f11d50a3a" className="Tests.TipoInsumoTDGTest, Tests, Version=1.0.0.0, Culture=neutral, PublicKeyToken=null" name="buscarPorIdTest" />
    </UnitTest>
    <UnitTest name="listarInsumosTest" storage="c:\users\diego\google drive\facultad\trabajo final ingenieria\entrega final 15.12\uniprof 27.11\uniprof\tests\bin\debug\tests.dll" id="f50b51cf-39fa-28c4-720a-03db16299af8">
      <Execution id="acce62b3-f1da-4372-9d19-782801a78d64" />
      <TestMethod codeBase="C:/Users/Diego/Google Drive/Facultad/Trabajo Final Ingenieria/Entrega Final 15.12/Uniprof 27.11/Uniprof/Tests/bin/Debug/Tests.DLL" adapterTypeName="Microsoft.VisualStudio.TestTools.TestTypes.Unit.UnitTestAdapter, Microsoft.VisualStudio.QualityTools.Tips.UnitTest.Adapter, Version=10.0.0.0, Culture=neutral, PublicKeyToken=b03f5f7f11d50a3a" className="Tests.InsumoRepositorioTest, Tests, Version=1.0.0.0, Culture=neutral, PublicKeyToken=null" name="listarInsumosTest" />
    </UnitTest>
    <UnitTest name="listarProduccionPorArticuloTest" storage="c:\users\diego\google drive\facultad\trabajo final ingenieria\entrega final 15.12\uniprof 27.11\uniprof\tests\bin\debug\tests.dll" id="25d73e54-4c45-c0f8-0cc6-cd9d82e5c8a4">
      <Execution id="19b4cb67-892d-4ffd-a2fa-3e9388a8240a" />
      <TestMethod codeBase="C:/Users/Diego/Google Drive/Facultad/Trabajo Final Ingenieria/Entrega Final 15.12/Uniprof 27.11/Uniprof/Tests/bin/Debug/Tests.DLL" adapterTypeName="Microsoft.VisualStudio.TestTools.TestTypes.Unit.UnitTestAdapter, Microsoft.VisualStudio.QualityTools.Tips.UnitTest.Adapter, Version=10.0.0.0, Culture=neutral, PublicKeyToken=b03f5f7f11d50a3a" className="Tests.ProduccionRepositorioTest, Tests, Version=1.0.0.0, Culture=neutral, PublicKeyToken=null" name="listarProduccionPorArticuloTest" />
    </UnitTest>
    <UnitTest name="listarOpinionesPorIdTest" storage="c:\users\diego\google drive\facultad\trabajo final ingenieria\entrega final 15.12\uniprof 27.11\uniprof\tests\bin\debug\tests.dll" id="4cab3d76-8fe4-c6a9-062c-275660c809ba">
      <Execution id="c9a29f8b-cca4-47dc-bbda-ab906837a23a" />
      <TestMethod codeBase="C:/Users/Diego/Google Drive/Facultad/Trabajo Final Ingenieria/Entrega Final 15.12/Uniprof 27.11/Uniprof/Tests/bin/Debug/Tests.DLL" adapterTypeName="Microsoft.VisualStudio.TestTools.TestTypes.Unit.UnitTestAdapter, Microsoft.VisualStudio.QualityTools.Tips.UnitTest.Adapter, Version=10.0.0.0, Culture=neutral, PublicKeyToken=b03f5f7f11d50a3a" className="Tests.OpinionRepositorioTest, Tests, Version=1.0.0.0, Culture=neutral, PublicKeyToken=null" name="listarOpinionesPorIdTest" />
    </UnitTest>
    <UnitTest name="calcularFinalizacionTest3" storage="c:\users\diego\google drive\facultad\trabajo final ingenieria\entrega final 15.12\uniprof 27.11\uniprof\tests\bin\debug\tests.dll" id="6cf16972-5184-bd8a-3b41-bb02c50f3e4c">
      <Execution id="fca79c88-e9af-47b9-8bac-3a0eb547a5c8" />
      <TestMethod codeBase="C:/Users/Diego/Google Drive/Facultad/Trabajo Final Ingenieria/Entrega Final 15.12/Uniprof 27.11/Uniprof/Tests/bin/Debug/Tests.DLL" adapterTypeName="Microsoft.VisualStudio.TestTools.TestTypes.Unit.UnitTestAdapter, Microsoft.VisualStudio.QualityTools.Tips.UnitTest.Adapter, Version=10.0.0.0, Culture=neutral, PublicKeyToken=b03f5f7f11d50a3a" className="Tests.ProduccionBusinessTest, Tests, Version=1.0.0.0, Culture=neutral, PublicKeyToken=null" name="calcularFinalizacionTest3" />
    </UnitTest>
    <UnitTest name="listarInsumosConRestriccionesTest" storage="c:\users\diego\google drive\facultad\trabajo final ingenieria\entrega final 15.12\uniprof 27.11\uniprof\tests\bin\debug\tests.dll" id="26e79886-012b-c1dd-53e8-d16d49221a25">
      <Execution id="35aa91c9-9ba3-449f-8574-636d5d49f101" />
      <TestMethod codeBase="C:/Users/Diego/Google Drive/Facultad/Trabajo Final Ingenieria/Entrega Final 15.12/Uniprof 27.11/Uniprof/Tests/bin/Debug/Tests.DLL" adapterTypeName="Microsoft.VisualStudio.TestTools.TestTypes.Unit.UnitTestAdapter, Microsoft.VisualStudio.QualityTools.Tips.UnitTest.Adapter, Version=10.0.0.0, Culture=neutral, PublicKeyToken=b03f5f7f11d50a3a" className="Tests.InsumoRepositorioTest, Tests, Version=1.0.0.0, Culture=neutral, PublicKeyToken=null" name="listarInsumosConRestriccionesTest" />
    </UnitTest>
    <UnitTest name="listarOrdenDeComprasPorProveedorTest" storage="c:\users\diego\google drive\facultad\trabajo final ingenieria\entrega final 15.12\uniprof 27.11\uniprof\tests\bin\debug\tests.dll" id="7f0052b2-2fa5-1442-5124-403810b2060e">
      <Execution id="3d112ca5-031b-41f5-99f1-9b235eb5f4be" />
      <TestMethod codeBase="C:/Users/Diego/Google Drive/Facultad/Trabajo Final Ingenieria/Entrega Final 15.12/Uniprof 27.11/Uniprof/Tests/bin/Debug/Tests.DLL" adapterTypeName="Microsoft.VisualStudio.TestTools.TestTypes.Unit.UnitTestAdapter, Microsoft.VisualStudio.QualityTools.Tips.UnitTest.Adapter, Version=10.0.0.0, Culture=neutral, PublicKeyToken=b03f5f7f11d50a3a" className="Tests.OrdenCompraBusinessTest, Tests, Version=1.0.0.0, Culture=neutral, PublicKeyToken=null" name="listarOrdenDeComprasPorProveedorTest" />
    </UnitTest>
    <UnitTest name="listarProveedoresTest" storage="c:\users\diego\google drive\facultad\trabajo final ingenieria\entrega final 15.12\uniprof 27.11\uniprof\tests\bin\debug\tests.dll" id="79b9204c-aeda-7048-42ac-c6faee468388">
      <Execution id="ca584f59-1c8b-44f8-8514-a1cf91f61d0e" />
      <TestMethod codeBase="C:/Users/Diego/Google Drive/Facultad/Trabajo Final Ingenieria/Entrega Final 15.12/Uniprof 27.11/Uniprof/Tests/bin/Debug/Tests.DLL" adapterTypeName="Microsoft.VisualStudio.TestTools.TestTypes.Unit.UnitTestAdapter, Microsoft.VisualStudio.QualityTools.Tips.UnitTest.Adapter, Version=10.0.0.0, Culture=neutral, PublicKeyToken=b03f5f7f11d50a3a" className="Tests.ProveedorBusinessTest, Tests, Version=1.0.0.0, Culture=neutral, PublicKeyToken=null" name="listarProveedoresTest" />
    </UnitTest>
    <UnitTest name="listarFacturasTest" storage="c:\users\diego\google drive\facultad\trabajo final ingenieria\entrega final 15.12\uniprof 27.11\uniprof\tests\bin\debug\tests.dll" id="1cca4a40-3e79-045d-0667-c735e9a1087b">
      <Execution id="7714ed7d-b5c0-46a9-8824-28dcdabc6c32" />
      <TestMethod codeBase="C:/Users/Diego/Google Drive/Facultad/Trabajo Final Ingenieria/Entrega Final 15.12/Uniprof 27.11/Uniprof/Tests/bin/Debug/Tests.DLL" adapterTypeName="Microsoft.VisualStudio.TestTools.TestTypes.Unit.UnitTestAdapter, Microsoft.VisualStudio.QualityTools.Tips.UnitTest.Adapter, Version=10.0.0.0, Culture=neutral, PublicKeyToken=b03f5f7f11d50a3a" className="Tests.FacturaBusinessTest, Tests, Version=1.0.0.0, Culture=neutral, PublicKeyToken=null" name="listarFacturasTest" />
    </UnitTest>
    <UnitTest name="modificarDiseñoInsumoTest" storage="c:\users\diego\google drive\facultad\trabajo final ingenieria\entrega final 15.12\uniprof 27.11\uniprof\tests\bin\debug\tests.dll" id="375be106-944a-05c4-4975-c4a32afdccd6">
      <Execution id="0cc038b7-741b-448e-9d0e-80d6c68a3a53" />
      <TestMethod codeBase="C:/Users/Diego/Google Drive/Facultad/Trabajo Final Ingenieria/Entrega Final 15.12/Uniprof 27.11/Uniprof/Tests/bin/Debug/Tests.DLL" adapterTypeName="Microsoft.VisualStudio.TestTools.TestTypes.Unit.UnitTestAdapter, Microsoft.VisualStudio.QualityTools.Tips.UnitTest.Adapter, Version=10.0.0.0, Culture=neutral, PublicKeyToken=b03f5f7f11d50a3a" className="Tests.DiseñoInsumoTDGTest, Tests, Version=1.0.0.0, Culture=neutral, PublicKeyToken=null" name="modificarDiseñoInsumoTest" />
    </UnitTest>
    <UnitTest name="listaPatentesPorUsuarioTest" storage="c:\users\diego\google drive\facultad\trabajo final ingenieria\entrega final 15.12\uniprof 27.11\uniprof\tests\bin\debug\tests.dll" id="cfd8c036-75a7-640f-488c-228d443acc6e">
      <Execution id="98697856-fdc2-4fc5-8220-cefafa94b1e2" />
      <TestMethod codeBase="C:/Users/Diego/Google Drive/Facultad/Trabajo Final Ingenieria/Entrega Final 15.12/Uniprof 27.11/Uniprof/Tests/bin/Debug/Tests.DLL" adapterTypeName="Microsoft.VisualStudio.TestTools.TestTypes.Unit.UnitTestAdapter, Microsoft.VisualStudio.QualityTools.Tips.UnitTest.Adapter, Version=10.0.0.0, Culture=neutral, PublicKeyToken=b03f5f7f11d50a3a" className="Tests.PatenteBusinessTest, Tests, Version=1.0.0.0, Culture=neutral, PublicKeyToken=null" name="listaPatentesPorUsuarioTest" />
    </UnitTest>
    <UnitTest name="guardarFamiliaTest" storage="c:\users\diego\google drive\facultad\trabajo final ingenieria\entrega final 15.12\uniprof 27.11\uniprof\tests\bin\debug\tests.dll" id="33cb7b57-1952-56c9-afdf-65517595c4dd">
      <Execution id="16892d5e-a1bd-42f6-9df0-20e459da83ca" />
      <TestMethod codeBase="C:/Users/Diego/Google Drive/Facultad/Trabajo Final Ingenieria/Entrega Final 15.12/Uniprof 27.11/Uniprof/Tests/bin/Debug/Tests.DLL" adapterTypeName="Microsoft.VisualStudio.TestTools.TestTypes.Unit.UnitTestAdapter, Microsoft.VisualStudio.QualityTools.Tips.UnitTest.Adapter, Version=10.0.0.0, Culture=neutral, PublicKeyToken=b03f5f7f11d50a3a" className="Tests.FamiliaRepositorioTest, Tests, Version=1.0.0.0, Culture=neutral, PublicKeyToken=null" name="guardarFamiliaTest" />
    </UnitTest>
    <UnitTest name="buscarDiseñoPorClienteTest" storage="c:\users\diego\google drive\facultad\trabajo final ingenieria\entrega final 15.12\uniprof 27.11\uniprof\tests\bin\debug\tests.dll" id="bcd1f511-94b6-a2b6-4c0d-819d27a24411">
      <Execution id="1ba50056-1dc7-4c1d-81c5-345bea51453c" />
      <TestMethod codeBase="C:/Users/Diego/Google Drive/Facultad/Trabajo Final Ingenieria/Entrega Final 15.12/Uniprof 27.11/Uniprof/Tests/bin/Debug/Tests.DLL" adapterTypeName="Microsoft.VisualStudio.TestTools.TestTypes.Unit.UnitTestAdapter, Microsoft.VisualStudio.QualityTools.Tips.UnitTest.Adapter, Version=10.0.0.0, Culture=neutral, PublicKeyToken=b03f5f7f11d50a3a" className="Tests.DiseñoRepositorioTest, Tests, Version=1.0.0.0, Culture=neutral, PublicKeyToken=null" name="buscarDiseñoPorClienteTest" />
    </UnitTest>
    <UnitTest name="modificarUsuarioTest1" storage="c:\users\diego\google drive\facultad\trabajo final ingenieria\entrega final 15.12\uniprof 27.11\uniprof\tests\bin\debug\tests.dll" id="44f2f0a7-9e33-876a-b7c3-d86059021fb2">
      <Execution id="89d81bd3-80ad-4241-bec6-db7ee2e950b0" />
      <TestMethod codeBase="C:/Users/Diego/Google Drive/Facultad/Trabajo Final Ingenieria/Entrega Final 15.12/Uniprof 27.11/Uniprof/Tests/bin/Debug/Tests.DLL" adapterTypeName="Microsoft.VisualStudio.TestTools.TestTypes.Unit.UnitTestAdapter, Microsoft.VisualStudio.QualityTools.Tips.UnitTest.Adapter, Version=10.0.0.0, Culture=neutral, PublicKeyToken=b03f5f7f11d50a3a" className="Tests.UsuarioBusinessTest, Tests, Version=1.0.0.0, Culture=neutral, PublicKeyToken=null" name="modificarUsuarioTest1" />
    </UnitTest>
    <UnitTest name="borrarArticuloTest" storage="c:\users\diego\google drive\facultad\trabajo final ingenieria\entrega final 15.12\uniprof 27.11\uniprof\tests\bin\debug\tests.dll" id="ee5f9022-6777-7fb2-dcc5-530f17ab50c0">
      <Execution id="bdbca5ac-380d-43cf-8eb6-41875542552d" />
      <TestMethod codeBase="C:/Users/Diego/Google Drive/Facultad/Trabajo Final Ingenieria/Entrega Final 15.12/Uniprof 27.11/Uniprof/Tests/bin/Debug/Tests.DLL" adapterTypeName="Microsoft.VisualStudio.TestTools.TestTypes.Unit.UnitTestAdapter, Microsoft.VisualStudio.QualityTools.Tips.UnitTest.Adapter, Version=10.0.0.0, Culture=neutral, PublicKeyToken=b03f5f7f11d50a3a" className="Tests.ArticuloRepositorioTest, Tests, Version=1.0.0.0, Culture=neutral, PublicKeyToken=null" name="borrarArticuloTest" />
    </UnitTest>
    <UnitTest name="listarInsumosPorTipoTest" storage="c:\users\diego\google drive\facultad\trabajo final ingenieria\entrega final 15.12\uniprof 27.11\uniprof\tests\bin\debug\tests.dll" id="2ae7b1af-8597-a3ce-277b-0dc18037e21f">
      <Execution id="310e260e-303c-4e33-88ed-0d691ad07ad0" />
      <TestMethod codeBase="C:/Users/Diego/Google Drive/Facultad/Trabajo Final Ingenieria/Entrega Final 15.12/Uniprof 27.11/Uniprof/Tests/bin/Debug/Tests.DLL" adapterTypeName="Microsoft.VisualStudio.TestTools.TestTypes.Unit.UnitTestAdapter, Microsoft.VisualStudio.QualityTools.Tips.UnitTest.Adapter, Version=10.0.0.0, Culture=neutral, PublicKeyToken=b03f5f7f11d50a3a" className="Tests.InsumoBusinessTest, Tests, Version=1.0.0.0, Culture=neutral, PublicKeyToken=null" name="listarInsumosPorTipoTest" />
    </UnitTest>
    <UnitTest name="actualizaArticuloTest" storage="c:\users\diego\google drive\facultad\trabajo final ingenieria\entrega final 15.12\uniprof 27.11\uniprof\tests\bin\debug\tests.dll" id="5bcfcf35-a297-ce16-b906-540d8e2e0904">
      <Execution id="2afc480d-e2dd-46aa-a7b3-53c88b9b6e5d" />
      <TestMethod codeBase="C:/Users/Diego/Google Drive/Facultad/Trabajo Final Ingenieria/Entrega Final 15.12/Uniprof 27.11/Uniprof/Tests/bin/Debug/Tests.DLL" adapterTypeName="Microsoft.VisualStudio.TestTools.TestTypes.Unit.UnitTestAdapter, Microsoft.VisualStudio.QualityTools.Tips.UnitTest.Adapter, Version=10.0.0.0, Culture=neutral, PublicKeyToken=b03f5f7f11d50a3a" className="Tests.ArticuloRepositorioTest, Tests, Version=1.0.0.0, Culture=neutral, PublicKeyToken=null" name="actualizaArticuloTest" />
    </UnitTest>
    <UnitTest name="buscarMovimintosTest" storage="c:\users\diego\google drive\facultad\trabajo final ingenieria\entrega final 15.12\uniprof 27.11\uniprof\tests\bin\debug\tests.dll" id="9c1f4476-7313-c46d-328a-55cea693565d">
      <Execution id="fc8a135b-9438-486d-893f-16ca8d9ce039" />
      <TestMethod codeBase="C:/Users/Diego/Google Drive/Facultad/Trabajo Final Ingenieria/Entrega Final 15.12/Uniprof 27.11/Uniprof/Tests/bin/Debug/Tests.DLL" adapterTypeName="Microsoft.VisualStudio.TestTools.TestTypes.Unit.UnitTestAdapter, Microsoft.VisualStudio.QualityTools.Tips.UnitTest.Adapter, Version=10.0.0.0, Culture=neutral, PublicKeyToken=b03f5f7f11d50a3a" className="Tests.MovimientoProveedorBusinessTest, Tests, Version=1.0.0.0, Culture=neutral, PublicKeyToken=null" name="buscarMovimintosTest" />
    </UnitTest>
    <UnitTest name="listaPatentesPorFamiliaTest" storage="c:\users\diego\google drive\facultad\trabajo final ingenieria\entrega final 15.12\uniprof 27.11\uniprof\tests\bin\debug\tests.dll" id="72b264c8-79c9-9087-ae9e-47c332dbaa6d">
      <Execution id="36f2888d-49d7-4ba9-9cbc-a757ed6c3a93" />
      <TestMethod codeBase="C:/Users/Diego/Google Drive/Facultad/Trabajo Final Ingenieria/Entrega Final 15.12/Uniprof 27.11/Uniprof/Tests/bin/Debug/Tests.DLL" adapterTypeName="Microsoft.VisualStudio.TestTools.TestTypes.Unit.UnitTestAdapter, Microsoft.VisualStudio.QualityTools.Tips.UnitTest.Adapter, Version=10.0.0.0, Culture=neutral, PublicKeyToken=b03f5f7f11d50a3a" className="Tests.PatenteBusinessTest, Tests, Version=1.0.0.0, Culture=neutral, PublicKeyToken=null" name="listaPatentesPorFamiliaTest" />
    </UnitTest>
    <UnitTest name="cargarListaPrecioConRestriccionesTest" storage="c:\users\diego\google drive\facultad\trabajo final ingenieria\entrega final 15.12\uniprof 27.11\uniprof\tests\bin\debug\tests.dll" id="3b15fca6-ba42-6ea6-b114-894cdb11cb16">
      <Execution id="6a16c77b-33b3-43c5-8d72-3526d278d9b8" />
      <TestMethod codeBase="C:/Users/Diego/Google Drive/Facultad/Trabajo Final Ingenieria/Entrega Final 15.12/Uniprof 27.11/Uniprof/Tests/bin/Debug/Tests.DLL" adapterTypeName="Microsoft.VisualStudio.TestTools.TestTypes.Unit.UnitTestAdapter, Microsoft.VisualStudio.QualityTools.Tips.UnitTest.Adapter, Version=10.0.0.0, Culture=neutral, PublicKeyToken=b03f5f7f11d50a3a" className="Tests.ListaPreciosTDGTest, Tests, Version=1.0.0.0, Culture=neutral, PublicKeyToken=null" name="cargarListaPrecioConRestriccionesTest" />
    </UnitTest>
    <UnitTest name="cargarUsuarioPorFamiliaTest" storage="c:\users\diego\google drive\facultad\trabajo final ingenieria\entrega final 15.12\uniprof 27.11\uniprof\tests\bin\debug\tests.dll" id="c2878fbd-4540-66f8-af38-853465e7a6aa">
      <Execution id="e96cbbf7-2c10-422c-bba6-6b064d99be05" />
      <TestMethod codeBase="C:/Users/Diego/Google Drive/Facultad/Trabajo Final Ingenieria/Entrega Final 15.12/Uniprof 27.11/Uniprof/Tests/bin/Debug/Tests.DLL" adapterTypeName="Microsoft.VisualStudio.TestTools.TestTypes.Unit.UnitTestAdapter, Microsoft.VisualStudio.QualityTools.Tips.UnitTest.Adapter, Version=10.0.0.0, Culture=neutral, PublicKeyToken=b03f5f7f11d50a3a" className="Tests.UsuarioTDGTest, Tests, Version=1.0.0.0, Culture=neutral, PublicKeyToken=null" name="cargarUsuarioPorFamiliaTest" />
    </UnitTest>
    <UnitTest name="actualizarProveedorTest" storage="c:\users\diego\google drive\facultad\trabajo final ingenieria\entrega final 15.12\uniprof 27.11\uniprof\tests\bin\debug\tests.dll" id="57811f03-2314-dd80-537e-0ead8105505e">
      <Execution id="f805f6a3-5544-4af9-8443-17f81f6828a8" />
      <TestMethod codeBase="C:/Users/Diego/Google Drive/Facultad/Trabajo Final Ingenieria/Entrega Final 15.12/Uniprof 27.11/Uniprof/Tests/bin/Debug/Tests.DLL" adapterTypeName="Microsoft.VisualStudio.TestTools.TestTypes.Unit.UnitTestAdapter, Microsoft.VisualStudio.QualityTools.Tips.UnitTest.Adapter, Version=10.0.0.0, Culture=neutral, PublicKeyToken=b03f5f7f11d50a3a" className="Tests.ProveedorTDGTest, Tests, Version=1.0.0.0, Culture=neutral, PublicKeyToken=null" name="actualizarProveedorTest" />
    </UnitTest>
    <UnitTest name="calcularFinalizacionTest2" storage="c:\users\diego\google drive\facultad\trabajo final ingenieria\entrega final 15.12\uniprof 27.11\uniprof\tests\bin\debug\tests.dll" id="ecabc92d-2f24-55b0-b16a-755e692c4e1a">
      <Execution id="0ff40a34-6416-4b99-a9ba-220972c90291" />
      <TestMethod codeBase="C:/Users/Diego/Google Drive/Facultad/Trabajo Final Ingenieria/Entrega Final 15.12/Uniprof 27.11/Uniprof/Tests/bin/Debug/Tests.DLL" adapterTypeName="Microsoft.VisualStudio.TestTools.TestTypes.Unit.UnitTestAdapter, Microsoft.VisualStudio.QualityTools.Tips.UnitTest.Adapter, Version=10.0.0.0, Culture=neutral, PublicKeyToken=b03f5f7f11d50a3a" className="Tests.ProduccionBusinessTest, Tests, Version=1.0.0.0, Culture=neutral, PublicKeyToken=null" name="calcularFinalizacionTest2" />
    </UnitTest>
    <UnitTest name="actualizarFamiliaPorObjetoTest" storage="c:\users\diego\google drive\facultad\trabajo final ingenieria\entrega final 15.12\uniprof 27.11\uniprof\tests\bin\debug\tests.dll" id="583b72ae-47b9-5eaa-f8ea-320cdf69527e">
      <Execution id="3d1d2a01-577d-4a92-b4ef-f683649c3f76" />
      <TestMethod codeBase="C:/Users/Diego/Google Drive/Facultad/Trabajo Final Ingenieria/Entrega Final 15.12/Uniprof 27.11/Uniprof/Tests/bin/Debug/Tests.DLL" adapterTypeName="Microsoft.VisualStudio.TestTools.TestTypes.Unit.UnitTestAdapter, Microsoft.VisualStudio.QualityTools.Tips.UnitTest.Adapter, Version=10.0.0.0, Culture=neutral, PublicKeyToken=b03f5f7f11d50a3a" className="Tests.FamiliaBusinessTest, Tests, Version=1.0.0.0, Culture=neutral, PublicKeyToken=null" name="actualizarFamiliaPorObjetoTest" />
    </UnitTest>
    <UnitTest name="actualizarMovimientosTest" storage="c:\users\diego\google drive\facultad\trabajo final ingenieria\entrega final 15.12\uniprof 27.11\uniprof\tests\bin\debug\tests.dll" id="57822e73-41f0-97dd-bf29-4b1fd4ed053c">
      <Execution id="ececb0dc-a228-4b78-b2cc-995c1dc5e1db" />
      <TestMethod codeBase="C:/Users/Diego/Google Drive/Facultad/Trabajo Final Ingenieria/Entrega Final 15.12/Uniprof 27.11/Uniprof/Tests/bin/Debug/Tests.DLL" adapterTypeName="Microsoft.VisualStudio.TestTools.TestTypes.Unit.UnitTestAdapter, Microsoft.VisualStudio.QualityTools.Tips.UnitTest.Adapter, Version=10.0.0.0, Culture=neutral, PublicKeyToken=b03f5f7f11d50a3a" className="Tests.MovimientoStockTDGTest, Tests, Version=1.0.0.0, Culture=neutral, PublicKeyToken=null" name="actualizarMovimientosTest" />
    </UnitTest>
    <UnitTest name="borrarHistoricoEstadosTest" storage="c:\users\diego\google drive\facultad\trabajo final ingenieria\entrega final 15.12\uniprof 27.11\uniprof\tests\bin\debug\tests.dll" id="fc8d00d7-7a7a-f0f3-a11d-98015016e42e">
      <Execution id="b6cd959c-4e0f-4618-b000-f0f62d68ee1d" />
      <TestMethod codeBase="C:/Users/Diego/Google Drive/Facultad/Trabajo Final Ingenieria/Entrega Final 15.12/Uniprof 27.11/Uniprof/Tests/bin/Debug/Tests.DLL" adapterTypeName="Microsoft.VisualStudio.TestTools.TestTypes.Unit.UnitTestAdapter, Microsoft.VisualStudio.QualityTools.Tips.UnitTest.Adapter, Version=10.0.0.0, Culture=neutral, PublicKeyToken=b03f5f7f11d50a3a" className="Tests.HistoricoEstadosPedidoTDGTest, Tests, Version=1.0.0.0, Culture=neutral, PublicKeyToken=null" name="borrarHistoricoEstadosTest" />
    </UnitTest>
    <UnitTest name="borrarClienteTest" storage="c:\users\diego\google drive\facultad\trabajo final ingenieria\entrega final 15.12\uniprof 27.11\uniprof\tests\bin\debug\tests.dll" id="d1b2634a-eb02-7f77-05de-c01ea104c115">
      <Execution id="09a7bd54-5199-4a32-838c-b2fb14b9c203" />
      <TestMethod codeBase="C:/Users/Diego/Google Drive/Facultad/Trabajo Final Ingenieria/Entrega Final 15.12/Uniprof 27.11/Uniprof/Tests/bin/Debug/Tests.DLL" adapterTypeName="Microsoft.VisualStudio.TestTools.TestTypes.Unit.UnitTestAdapter, Microsoft.VisualStudio.QualityTools.Tips.UnitTest.Adapter, Version=10.0.0.0, Culture=neutral, PublicKeyToken=b03f5f7f11d50a3a" className="Tests.UsuarioBusinessTest, Tests, Version=1.0.0.0, Culture=neutral, PublicKeyToken=null" name="borrarClienteTest" />
    </UnitTest>
    <UnitTest name="cargarMovimientosConRestriccionesTest" storage="c:\users\diego\google drive\facultad\trabajo final ingenieria\entrega final 15.12\uniprof 27.11\uniprof\tests\bin\debug\tests.dll" id="aeb09f8f-b144-d846-cb07-87151db0c5db">
      <Execution id="3e840405-88da-4a30-8e42-72ecf59366f6" />
      <TestMethod codeBase="C:/Users/Diego/Google Drive/Facultad/Trabajo Final Ingenieria/Entrega Final 15.12/Uniprof 27.11/Uniprof/Tests/bin/Debug/Tests.DLL" adapterTypeName="Microsoft.VisualStudio.TestTools.TestTypes.Unit.UnitTestAdapter, Microsoft.VisualStudio.QualityTools.Tips.UnitTest.Adapter, Version=10.0.0.0, Culture=neutral, PublicKeyToken=b03f5f7f11d50a3a" className="Tests.MovimientoStockTDGTest, Tests, Version=1.0.0.0, Culture=neutral, PublicKeyToken=null" name="cargarMovimientosConRestriccionesTest" />
    </UnitTest>
    <UnitTest name="actualizarNewsletterTest" storage="c:\users\diego\google drive\facultad\trabajo final ingenieria\entrega final 15.12\uniprof 27.11\uniprof\tests\bin\debug\tests.dll" id="d5a80f55-2074-60f0-99dc-1062cdfc3cee">
      <Execution id="7323c8dd-e774-4573-ba2e-d123e3fd9e61" />
      <TestMethod codeBase="C:/Users/Diego/Google Drive/Facultad/Trabajo Final Ingenieria/Entrega Final 15.12/Uniprof 27.11/Uniprof/Tests/bin/Debug/Tests.DLL" adapterTypeName="Microsoft.VisualStudio.TestTools.TestTypes.Unit.UnitTestAdapter, Microsoft.VisualStudio.QualityTools.Tips.UnitTest.Adapter, Version=10.0.0.0, Culture=neutral, PublicKeyToken=b03f5f7f11d50a3a" className="Tests.NewsletterRepositorioTest, Tests, Version=1.0.0.0, Culture=neutral, PublicKeyToken=null" name="actualizarNewsletterTest" />
    </UnitTest>
    <UnitTest name="calcularFinalizacionTest" storage="c:\users\diego\google drive\facultad\trabajo final ingenieria\entrega final 15.12\uniprof 27.11\uniprof\tests\bin\debug\tests.dll" id="cb0676d4-b73b-00c6-8824-aa32bdf40010">
      <Execution id="5471cfe4-690e-411d-bf77-274d3d37f4c3" />
      <TestMethod codeBase="C:/Users/Diego/Google Drive/Facultad/Trabajo Final Ingenieria/Entrega Final 15.12/Uniprof 27.11/Uniprof/Tests/bin/Debug/Tests.DLL" adapterTypeName="Microsoft.VisualStudio.TestTools.TestTypes.Unit.UnitTestAdapter, Microsoft.VisualStudio.QualityTools.Tips.UnitTest.Adapter, Version=10.0.0.0, Culture=neutral, PublicKeyToken=b03f5f7f11d50a3a" className="Tests.ProduccionBusinessTest, Tests, Version=1.0.0.0, Culture=neutral, PublicKeyToken=null" name="calcularFinalizacionTest" />
    </UnitTest>
    <UnitTest name="cargarHistoricoEstadosTest" storage="c:\users\diego\google drive\facultad\trabajo final ingenieria\entrega final 15.12\uniprof 27.11\uniprof\tests\bin\debug\tests.dll" id="47d53732-aaac-b97d-3608-f4da6d7da1f0">
      <Execution id="295c8f99-e629-4306-8baf-99e52afb4b65" />
      <TestMethod codeBase="C:/Users/Diego/Google Drive/Facultad/Trabajo Final Ingenieria/Entrega Final 15.12/Uniprof 27.11/Uniprof/Tests/bin/Debug/Tests.DLL" adapterTypeName="Microsoft.VisualStudio.TestTools.TestTypes.Unit.UnitTestAdapter, Microsoft.VisualStudio.QualityTools.Tips.UnitTest.Adapter, Version=10.0.0.0, Culture=neutral, PublicKeyToken=b03f5f7f11d50a3a" className="Tests.HistoricoEstadosProduccionTDGTest, Tests, Version=1.0.0.0, Culture=neutral, PublicKeyToken=null" name="cargarHistoricoEstadosTest" />
    </UnitTest>
    <UnitTest name="cargarMaquinaPorIdTest" storage="c:\users\diego\google drive\facultad\trabajo final ingenieria\entrega final 15.12\uniprof 27.11\uniprof\tests\bin\debug\tests.dll" id="9102ee27-432a-7243-07ab-4d672688ee38">
      <Execution id="2f94074d-9704-4054-889b-f3253af457a3" />
      <TestMethod codeBase="C:/Users/Diego/Google Drive/Facultad/Trabajo Final Ingenieria/Entrega Final 15.12/Uniprof 27.11/Uniprof/Tests/bin/Debug/Tests.DLL" adapterTypeName="Microsoft.VisualStudio.TestTools.TestTypes.Unit.UnitTestAdapter, Microsoft.VisualStudio.QualityTools.Tips.UnitTest.Adapter, Version=10.0.0.0, Culture=neutral, PublicKeyToken=b03f5f7f11d50a3a" className="Tests.MaterialesBusinessTest, Tests, Version=1.0.0.0, Culture=neutral, PublicKeyToken=null" name="cargarMaquinaPorIdTest" />
    </UnitTest>
    <UnitTest name="listarProduccionPorEstadoTest" storage="c:\users\diego\google drive\facultad\trabajo final ingenieria\entrega final 15.12\uniprof 27.11\uniprof\tests\bin\debug\tests.dll" id="37eb03dd-b0ba-1d1a-150c-82804e7b16da">
      <Execution id="70ccb2db-1115-4d96-9438-219ce3c2fed8" />
      <TestMethod codeBase="C:/Users/Diego/Google Drive/Facultad/Trabajo Final Ingenieria/Entrega Final 15.12/Uniprof 27.11/Uniprof/Tests/bin/Debug/Tests.DLL" adapterTypeName="Microsoft.VisualStudio.TestTools.TestTypes.Unit.UnitTestAdapter, Microsoft.VisualStudio.QualityTools.Tips.UnitTest.Adapter, Version=10.0.0.0, Culture=neutral, PublicKeyToken=b03f5f7f11d50a3a" className="Tests.ProduccionRepositorioTest, Tests, Version=1.0.0.0, Culture=neutral, PublicKeyToken=null" name="listarProduccionPorEstadoTest" />
    </UnitTest>
    <UnitTest name="actualizarTest" storage="c:\users\diego\google drive\facultad\trabajo final ingenieria\entrega final 15.12\uniprof 27.11\uniprof\tests\bin\debug\tests.dll" id="5b9bfc56-4cc5-173e-d51e-c0dfe65798ee">
      <Execution id="6e3e8966-725c-448f-b1ad-515ff237ebf0" />
      <TestMethod codeBase="C:/Users/Diego/Google Drive/Facultad/Trabajo Final Ingenieria/Entrega Final 15.12/Uniprof 27.11/Uniprof/Tests/bin/Debug/Tests.DLL" adapterTypeName="Microsoft.VisualStudio.TestTools.TestTypes.Unit.UnitTestAdapter, Microsoft.VisualStudio.QualityTools.Tips.UnitTest.Adapter, Version=10.0.0.0, Culture=neutral, PublicKeyToken=b03f5f7f11d50a3a" className="Tests.ProveedorRepositorioTest, Tests, Version=1.0.0.0, Culture=neutral, PublicKeyToken=null" name="actualizarTest" />
    </UnitTest>
    <UnitTest name="borrarNewsletterTest" storage="c:\users\diego\google drive\facultad\trabajo final ingenieria\entrega final 15.12\uniprof 27.11\uniprof\tests\bin\debug\tests.dll" id="36f9d5ec-47e1-6737-13d6-445eaa622ab8">
      <Execution id="07edda6e-92d0-4d70-8a29-1316a749aa0a" />
      <TestMethod codeBase="C:/Users/Diego/Google Drive/Facultad/Trabajo Final Ingenieria/Entrega Final 15.12/Uniprof 27.11/Uniprof/Tests/bin/Debug/Tests.DLL" adapterTypeName="Microsoft.VisualStudio.TestTools.TestTypes.Unit.UnitTestAdapter, Microsoft.VisualStudio.QualityTools.Tips.UnitTest.Adapter, Version=10.0.0.0, Culture=neutral, PublicKeyToken=b03f5f7f11d50a3a" className="Tests.NewsletterBusinessTest, Tests, Version=1.0.0.0, Culture=neutral, PublicKeyToken=null" name="borrarNewsletterTest" />
    </UnitTest>
    <UnitTest name="actualizarDiseñoTest" storage="c:\users\diego\google drive\facultad\trabajo final ingenieria\entrega final 15.12\uniprof 27.11\uniprof\tests\bin\debug\tests.dll" id="4f159a29-3cb7-c1f2-9ed8-8c5ed23afcbe">
      <Execution id="f930e008-2392-4dd6-b700-7420fe7b0088" />
      <TestMethod codeBase="C:/Users/Diego/Google Drive/Facultad/Trabajo Final Ingenieria/Entrega Final 15.12/Uniprof 27.11/Uniprof/Tests/bin/Debug/Tests.DLL" adapterTypeName="Microsoft.VisualStudio.TestTools.TestTypes.Unit.UnitTestAdapter, Microsoft.VisualStudio.QualityTools.Tips.UnitTest.Adapter, Version=10.0.0.0, Culture=neutral, PublicKeyToken=b03f5f7f11d50a3a" className="Tests.DiseñoRepositorioTest, Tests, Version=1.0.0.0, Culture=neutral, PublicKeyToken=null" name="actualizarDiseñoTest" />
    </UnitTest>
    <UnitTest name="modificarLineaTest" storage="c:\users\diego\google drive\facultad\trabajo final ingenieria\entrega final 15.12\uniprof 27.11\uniprof\tests\bin\debug\tests.dll" id="3d34ce3d-2c19-4b40-f3e1-1e5a5ee88a27">
      <Execution id="5b110759-038f-46f5-a33e-30e5c1c8a250" />
      <TestMethod codeBase="C:/Users/Diego/Google Drive/Facultad/Trabajo Final Ingenieria/Entrega Final 15.12/Uniprof 27.11/Uniprof/Tests/bin/Debug/Tests.DLL" adapterTypeName="Microsoft.VisualStudio.TestTools.TestTypes.Unit.UnitTestAdapter, Microsoft.VisualStudio.QualityTools.Tips.UnitTest.Adapter, Version=10.0.0.0, Culture=neutral, PublicKeyToken=b03f5f7f11d50a3a" className="Tests.LineaFacturaTDGTest, Tests, Version=1.0.0.0, Culture=neutral, PublicKeyToken=null" name="modificarLineaTest" />
    </UnitTest>
    <UnitTest name="grabarFacturasTest" storage="c:\users\diego\google drive\facultad\trabajo final ingenieria\entrega final 15.12\uniprof 27.11\uniprof\tests\bin\debug\tests.dll" id="231d325e-5b2d-4422-b67b-4aed1bbc3f49">
      <Execution id="8f1cca42-b838-47c4-b335-2c3748ade585" />
      <TestMethod codeBase="C:/Users/Diego/Google Drive/Facultad/Trabajo Final Ingenieria/Entrega Final 15.12/Uniprof 27.11/Uniprof/Tests/bin/Debug/Tests.DLL" adapterTypeName="Microsoft.VisualStudio.TestTools.TestTypes.Unit.UnitTestAdapter, Microsoft.VisualStudio.QualityTools.Tips.UnitTest.Adapter, Version=10.0.0.0, Culture=neutral, PublicKeyToken=b03f5f7f11d50a3a" className="Tests.FacturaTDGTest, Tests, Version=1.0.0.0, Culture=neutral, PublicKeyToken=null" name="grabarFacturasTest" />
    </UnitTest>
    <UnitTest name="borrarDiseñosTest" storage="c:\users\diego\google drive\facultad\trabajo final ingenieria\entrega final 15.12\uniprof 27.11\uniprof\tests\bin\debug\tests.dll" id="ab4f6c28-3581-ba0b-4648-93d882bc1ba4">
      <Execution id="36f9dbb8-c5a4-450d-9278-bcf4bcb6ac5a" />
      <TestMethod codeBase="C:/Users/Diego/Google Drive/Facultad/Trabajo Final Ingenieria/Entrega Final 15.12/Uniprof 27.11/Uniprof/Tests/bin/Debug/Tests.DLL" adapterTypeName="Microsoft.VisualStudio.TestTools.TestTypes.Unit.UnitTestAdapter, Microsoft.VisualStudio.QualityTools.Tips.UnitTest.Adapter, Version=10.0.0.0, Culture=neutral, PublicKeyToken=b03f5f7f11d50a3a" className="Tests.DiseñoTDGTest, Tests, Version=1.0.0.0, Culture=neutral, PublicKeyToken=null" name="borrarDiseñosTest" />
    </UnitTest>
    <UnitTest name="listarMaquinasTest" storage="c:\users\diego\google drive\facultad\trabajo final ingenieria\entrega final 15.12\uniprof 27.11\uniprof\tests\bin\debug\tests.dll" id="2a2fd5ee-0dc7-50c0-f1c8-c482f09c9964">
      <Execution id="54f32b61-089b-4130-80c9-ce5926def2c5" />
      <TestMethod codeBase="C:/Users/Diego/Google Drive/Facultad/Trabajo Final Ingenieria/Entrega Final 15.12/Uniprof 27.11/Uniprof/Tests/bin/Debug/Tests.DLL" adapterTypeName="Microsoft.VisualStudio.TestTools.TestTypes.Unit.UnitTestAdapter, Microsoft.VisualStudio.QualityTools.Tips.UnitTest.Adapter, Version=10.0.0.0, Culture=neutral, PublicKeyToken=b03f5f7f11d50a3a" className="Tests.MaquinaRepositorioTest, Tests, Version=1.0.0.0, Culture=neutral, PublicKeyToken=null" name="listarMaquinasTest" />
    </UnitTest>
    <UnitTest name="grabarFacturaTest" storage="c:\users\diego\google drive\facultad\trabajo final ingenieria\entrega final 15.12\uniprof 27.11\uniprof\tests\bin\debug\tests.dll" id="e23387f5-cbe9-d2c5-d12c-23a1dbe2d390">
      <Execution id="a73eb6cf-d4d4-447f-8c48-6df7afd101b0" />
      <TestMethod codeBase="C:/Users/Diego/Google Drive/Facultad/Trabajo Final Ingenieria/Entrega Final 15.12/Uniprof 27.11/Uniprof/Tests/bin/Debug/Tests.DLL" adapterTypeName="Microsoft.VisualStudio.TestTools.TestTypes.Unit.UnitTestAdapter, Microsoft.VisualStudio.QualityTools.Tips.UnitTest.Adapter, Version=10.0.0.0, Culture=neutral, PublicKeyToken=b03f5f7f11d50a3a" className="Tests.FacturaBusinessTest, Tests, Version=1.0.0.0, Culture=neutral, PublicKeyToken=null" name="grabarFacturaTest" />
    </UnitTest>
    <UnitTest name="borrarTipoPedidosTest" storage="c:\users\diego\google drive\facultad\trabajo final ingenieria\entrega final 15.12\uniprof 27.11\uniprof\tests\bin\debug\tests.dll" id="5fd39f80-1bc2-a1e7-8064-c0ed0e813279">
      <Execution id="935b52be-51d0-4776-ab09-b273e005ce62" />
      <TestMethod codeBase="C:/Users/Diego/Google Drive/Facultad/Trabajo Final Ingenieria/Entrega Final 15.12/Uniprof 27.11/Uniprof/Tests/bin/Debug/Tests.DLL" adapterTypeName="Microsoft.VisualStudio.TestTools.TestTypes.Unit.UnitTestAdapter, Microsoft.VisualStudio.QualityTools.Tips.UnitTest.Adapter, Version=10.0.0.0, Culture=neutral, PublicKeyToken=b03f5f7f11d50a3a" className="Tests.TipoPedidoTDGTest, Tests, Version=1.0.0.0, Culture=neutral, PublicKeyToken=null" name="borrarTipoPedidosTest" />
    </UnitTest>
    <UnitTest name="grabarPedidoTest" storage="c:\users\diego\google drive\facultad\trabajo final ingenieria\entrega final 15.12\uniprof 27.11\uniprof\tests\bin\debug\tests.dll" id="f58b52d0-5450-8dbe-40cd-ee9f7307e372">
      <Execution id="7d16d01d-9ce7-4055-947c-3f1486f981b7" />
      <TestMethod codeBase="C:/Users/Diego/Google Drive/Facultad/Trabajo Final Ingenieria/Entrega Final 15.12/Uniprof 27.11/Uniprof/Tests/bin/Debug/Tests.DLL" adapterTypeName="Microsoft.VisualStudio.TestTools.TestTypes.Unit.UnitTestAdapter, Microsoft.VisualStudio.QualityTools.Tips.UnitTest.Adapter, Version=10.0.0.0, Culture=neutral, PublicKeyToken=b03f5f7f11d50a3a" className="Tests.PedidoRepositorioTest, Tests, Version=1.0.0.0, Culture=neutral, PublicKeyToken=null" name="grabarPedidoTest" />
    </UnitTest>
    <UnitTest name="buscarNewsletterPorNombreTest" storage="c:\users\diego\google drive\facultad\trabajo final ingenieria\entrega final 15.12\uniprof 27.11\uniprof\tests\bin\debug\tests.dll" id="47f1b7ea-5dbe-ff8b-ee2e-cd35503da3a7">
      <Execution id="b9c79173-7332-4ffd-adc4-174d3489916f" />
      <TestMethod codeBase="C:/Users/Diego/Google Drive/Facultad/Trabajo Final Ingenieria/Entrega Final 15.12/Uniprof 27.11/Uniprof/Tests/bin/Debug/Tests.DLL" adapterTypeName="Microsoft.VisualStudio.TestTools.TestTypes.Unit.UnitTestAdapter, Microsoft.VisualStudio.QualityTools.Tips.UnitTest.Adapter, Version=10.0.0.0, Culture=neutral, PublicKeyToken=b03f5f7f11d50a3a" className="Tests.NewsletterTDGTest, Tests, Version=1.0.0.0, Culture=neutral, PublicKeyToken=null" name="buscarNewsletterPorNombreTest" />
    </UnitTest>
    <UnitTest name="cargarMensajePorConversacionTest" storage="c:\users\diego\google drive\facultad\trabajo final ingenieria\entrega final 15.12\uniprof 27.11\uniprof\tests\bin\debug\tests.dll" id="4148e9ec-0e25-c6a4-4bc2-03540cd0a990">
      <Execution id="cd8838ca-7bfd-44f6-9e45-bb13619b9f29" />
      <TestMethod codeBase="C:/Users/Diego/Google Drive/Facultad/Trabajo Final Ingenieria/Entrega Final 15.12/Uniprof 27.11/Uniprof/Tests/bin/Debug/Tests.DLL" adapterTypeName="Microsoft.VisualStudio.TestTools.TestTypes.Unit.UnitTestAdapter, Microsoft.VisualStudio.QualityTools.Tips.UnitTest.Adapter, Version=10.0.0.0, Culture=neutral, PublicKeyToken=b03f5f7f11d50a3a" className="Tests.MensajeTDGTest, Tests, Version=1.0.0.0, Culture=neutral, PublicKeyToken=null" name="cargarMensajePorConversacionTest" />
    </UnitTest>
    <UnitTest name="buscarArticulosConRestriccionesTest" storage="c:\users\diego\google drive\facultad\trabajo final ingenieria\entrega final 15.12\uniprof 27.11\uniprof\tests\bin\debug\tests.dll" id="cb854ea1-43fe-4e51-b3cc-ba77c8dba841">
      <Execution id="cfd1ee9b-1237-46ac-8a52-d80c67ca266e" />
      <TestMethod codeBase="C:/Users/Diego/Google Drive/Facultad/Trabajo Final Ingenieria/Entrega Final 15.12/Uniprof 27.11/Uniprof/Tests/bin/Debug/Tests.DLL" adapterTypeName="Microsoft.VisualStudio.TestTools.TestTypes.Unit.UnitTestAdapter, Microsoft.VisualStudio.QualityTools.Tips.UnitTest.Adapter, Version=10.0.0.0, Culture=neutral, PublicKeyToken=b03f5f7f11d50a3a" className="Tests.ArticuloTDGTest, Tests, Version=1.0.0.0, Culture=neutral, PublicKeyToken=null" name="buscarArticulosConRestriccionesTest" />
    </UnitTest>
    <UnitTest name="modificarArticulosTest" storage="c:\users\diego\google drive\facultad\trabajo final ingenieria\entrega final 15.12\uniprof 27.11\uniprof\tests\bin\debug\tests.dll" id="d2623342-49bb-a1e6-2415-8d8bba2b7ac4">
      <Execution id="ac181e66-84b5-46a6-906e-7ed7576ea004" />
      <TestMethod codeBase="C:/Users/Diego/Google Drive/Facultad/Trabajo Final Ingenieria/Entrega Final 15.12/Uniprof 27.11/Uniprof/Tests/bin/Debug/Tests.DLL" adapterTypeName="Microsoft.VisualStudio.TestTools.TestTypes.Unit.UnitTestAdapter, Microsoft.VisualStudio.QualityTools.Tips.UnitTest.Adapter, Version=10.0.0.0, Culture=neutral, PublicKeyToken=b03f5f7f11d50a3a" className="Tests.ArticuloTDGTest, Tests, Version=1.0.0.0, Culture=neutral, PublicKeyToken=null" name="modificarArticulosTest" />
    </UnitTest>
    <UnitTest name="borrarNewsletterTest" storage="c:\users\diego\google drive\facultad\trabajo final ingenieria\entrega final 15.12\uniprof 27.11\uniprof\tests\bin\debug\tests.dll" id="64c5f523-bd77-dde6-863d-1ca40834d636">
      <Execution id="db10d8ba-592b-43ba-a3a6-257ef7302bfb" />
      <TestMethod codeBase="C:/Users/Diego/Google Drive/Facultad/Trabajo Final Ingenieria/Entrega Final 15.12/Uniprof 27.11/Uniprof/Tests/bin/Debug/Tests.DLL" adapterTypeName="Microsoft.VisualStudio.TestTools.TestTypes.Unit.UnitTestAdapter, Microsoft.VisualStudio.QualityTools.Tips.UnitTest.Adapter, Version=10.0.0.0, Culture=neutral, PublicKeyToken=b03f5f7f11d50a3a" className="Tests.NewsletterRepositorioTest, Tests, Version=1.0.0.0, Culture=neutral, PublicKeyToken=null" name="borrarNewsletterTest" />
    </UnitTest>
    <UnitTest name="crearNuevaMaquinaTest" storage="c:\users\diego\google drive\facultad\trabajo final ingenieria\entrega final 15.12\uniprof 27.11\uniprof\tests\bin\debug\tests.dll" id="0826b7aa-fcce-4d97-453d-e58eb4a27a97">
      <Execution id="7bb348e5-b624-4d62-8961-a77d715b63fa" />
      <TestMethod codeBase="C:/Users/Diego/Google Drive/Facultad/Trabajo Final Ingenieria/Entrega Final 15.12/Uniprof 27.11/Uniprof/Tests/bin/Debug/Tests.DLL" adapterTypeName="Microsoft.VisualStudio.TestTools.TestTypes.Unit.UnitTestAdapter, Microsoft.VisualStudio.QualityTools.Tips.UnitTest.Adapter, Version=10.0.0.0, Culture=neutral, PublicKeyToken=b03f5f7f11d50a3a" className="Tests.MaterialesBusinessTest, Tests, Version=1.0.0.0, Culture=neutral, PublicKeyToken=null" name="crearNuevaMaquinaTest" />
    </UnitTest>
    <UnitTest name="actualizaFacturaTest" storage="c:\users\diego\google drive\facultad\trabajo final ingenieria\entrega final 15.12\uniprof 27.11\uniprof\tests\bin\debug\tests.dll" id="dd5a8b39-7328-3edd-3658-5787ac153d19">
      <Execution id="0c9fe5b1-3951-4ce9-b6e1-215c1ffe278d" />
      <TestMethod codeBase="C:/Users/Diego/Google Drive/Facultad/Trabajo Final Ingenieria/Entrega Final 15.12/Uniprof 27.11/Uniprof/Tests/bin/Debug/Tests.DLL" adapterTypeName="Microsoft.VisualStudio.TestTools.TestTypes.Unit.UnitTestAdapter, Microsoft.VisualStudio.QualityTools.Tips.UnitTest.Adapter, Version=10.0.0.0, Culture=neutral, PublicKeyToken=b03f5f7f11d50a3a" className="Tests.FacturaBusinessTest, Tests, Version=1.0.0.0, Culture=neutral, PublicKeyToken=null" name="actualizaFacturaTest" />
    </UnitTest>
    <UnitTest name="modificarLineaTest" storage="c:\users\diego\google drive\facultad\trabajo final ingenieria\entrega final 15.12\uniprof 27.11\uniprof\tests\bin\debug\tests.dll" id="0533de1e-bd84-9f46-95b5-950bf92951b0">
      <Execution id="46ef5c33-a144-4359-9e52-1b52ebe4f38c" />
      <TestMethod codeBase="C:/Users/Diego/Google Drive/Facultad/Trabajo Final Ingenieria/Entrega Final 15.12/Uniprof 27.11/Uniprof/Tests/bin/Debug/Tests.DLL" adapterTypeName="Microsoft.VisualStudio.TestTools.TestTypes.Unit.UnitTestAdapter, Microsoft.VisualStudio.QualityTools.Tips.UnitTest.Adapter, Version=10.0.0.0, Culture=neutral, PublicKeyToken=b03f5f7f11d50a3a" className="Tests.LineaOrdenDeCompraTDGTest, Tests, Version=1.0.0.0, Culture=neutral, PublicKeyToken=null" name="modificarLineaTest" />
    </UnitTest>
    <UnitTest name="obtenerArticulosFrecuentesTest" storage="c:\users\diego\google drive\facultad\trabajo final ingenieria\entrega final 15.12\uniprof 27.11\uniprof\tests\bin\debug\tests.dll" id="48945e0f-871f-2510-b1ef-49518a731b66">
      <Execution id="9e979a2b-2350-441b-87e1-45bc93a73915" />
      <TestMethod codeBase="C:/Users/Diego/Google Drive/Facultad/Trabajo Final Ingenieria/Entrega Final 15.12/Uniprof 27.11/Uniprof/Tests/bin/Debug/Tests.DLL" adapterTypeName="Microsoft.VisualStudio.TestTools.TestTypes.Unit.UnitTestAdapter, Microsoft.VisualStudio.QualityTools.Tips.UnitTest.Adapter, Version=10.0.0.0, Culture=neutral, PublicKeyToken=b03f5f7f11d50a3a" className="Tests.ArticuloRepositorioTest, Tests, Version=1.0.0.0, Culture=neutral, PublicKeyToken=null" name="obtenerArticulosFrecuentesTest" />
    </UnitTest>
    <UnitTest name="buscarEncuestaTest" storage="c:\users\diego\google drive\facultad\trabajo final ingenieria\entrega final 15.12\uniprof 27.11\uniprof\tests\bin\debug\tests.dll" id="5627da22-d5e7-edd9-24c7-79ea0acd3bdb">
      <Execution id="23d0949e-11e8-4304-8b2e-8c91a53d96bc" />
      <TestMethod codeBase="C:/Users/Diego/Google Drive/Facultad/Trabajo Final Ingenieria/Entrega Final 15.12/Uniprof 27.11/Uniprof/Tests/bin/Debug/Tests.DLL" adapterTypeName="Microsoft.VisualStudio.TestTools.TestTypes.Unit.UnitTestAdapter, Microsoft.VisualStudio.QualityTools.Tips.UnitTest.Adapter, Version=10.0.0.0, Culture=neutral, PublicKeyToken=b03f5f7f11d50a3a" className="Tests.EncuestaTDGTest, Tests, Version=1.0.0.0, Culture=neutral, PublicKeyToken=null" name="buscarEncuestaTest" />
    </UnitTest>
    <UnitTest name="buscarDiseñoPorClienteTest" storage="c:\users\diego\google drive\facultad\trabajo final ingenieria\entrega final 15.12\uniprof 27.11\uniprof\tests\bin\debug\tests.dll" id="8ef58195-4b27-3ad6-c671-969e36dd1c6a">
      <Execution id="24bf2316-51db-409f-874d-2cf90f035868" />
      <TestMethod codeBase="C:/Users/Diego/Google Drive/Facultad/Trabajo Final Ingenieria/Entrega Final 15.12/Uniprof 27.11/Uniprof/Tests/bin/Debug/Tests.DLL" adapterTypeName="Microsoft.VisualStudio.TestTools.TestTypes.Unit.UnitTestAdapter, Microsoft.VisualStudio.QualityTools.Tips.UnitTest.Adapter, Version=10.0.0.0, Culture=neutral, PublicKeyToken=b03f5f7f11d50a3a" className="Tests.DiseñoBusinessTest, Tests, Version=1.0.0.0, Culture=neutral, PublicKeyToken=null" name="buscarDiseñoPorClienteTest" />
    </UnitTest>
    <UnitTest name="grabarOrdenDeCompraTest" storage="c:\users\diego\google drive\facultad\trabajo final ingenieria\entrega final 15.12\uniprof 27.11\uniprof\tests\bin\debug\tests.dll" id="8c641761-f8ac-ef3e-efbe-0d44137ab9ce">
      <Execution id="43ecd606-8a38-48f7-8cb2-e65c243804e8" />
      <TestMethod codeBase="C:/Users/Diego/Google Drive/Facultad/Trabajo Final Ingenieria/Entrega Final 15.12/Uniprof 27.11/Uniprof/Tests/bin/Debug/Tests.DLL" adapterTypeName="Microsoft.VisualStudio.TestTools.TestTypes.Unit.UnitTestAdapter, Microsoft.VisualStudio.QualityTools.Tips.UnitTest.Adapter, Version=10.0.0.0, Culture=neutral, PublicKeyToken=b03f5f7f11d50a3a" className="Tests.OrdenCompraBusinessTest, Tests, Version=1.0.0.0, Culture=neutral, PublicKeyToken=null" name="grabarOrdenDeCompraTest" />
    </UnitTest>
    <UnitTest name="listarProduccionPorEstadoTest" storage="c:\users\diego\google drive\facultad\trabajo final ingenieria\entrega final 15.12\uniprof 27.11\uniprof\tests\bin\debug\tests.dll" id="2e92c0a7-eb38-f9b0-56bc-708e3a1e95b2">
      <Execution id="8c1e127a-9c76-4fc0-856e-4cb17102603a" />
      <TestMethod codeBase="C:/Users/Diego/Google Drive/Facultad/Trabajo Final Ingenieria/Entrega Final 15.12/Uniprof 27.11/Uniprof/Tests/bin/Debug/Tests.DLL" adapterTypeName="Microsoft.VisualStudio.TestTools.TestTypes.Unit.UnitTestAdapter, Microsoft.VisualStudio.QualityTools.Tips.UnitTest.Adapter, Version=10.0.0.0, Culture=neutral, PublicKeyToken=b03f5f7f11d50a3a" className="Tests.ProduccionBusinessTest, Tests, Version=1.0.0.0, Culture=neutral, PublicKeyToken=null" name="listarProduccionPorEstadoTest" />
    </UnitTest>
    <UnitTest name="calcularDistanciaEntreTrabajosTest3" storage="c:\users\diego\google drive\facultad\trabajo final ingenieria\entrega final 15.12\uniprof 27.11\uniprof\tests\bin\debug\tests.dll" id="da9d278a-cb0f-a51b-e352-ed20685028b9">
      <Execution id="95839379-be59-4dd5-95a2-c38c7a2a3f90" />
      <TestMethod codeBase="C:/Users/Diego/Google Drive/Facultad/Trabajo Final Ingenieria/Entrega Final 15.12/Uniprof 27.11/Uniprof/Tests/bin/Debug/Tests.DLL" adapterTypeName="Microsoft.VisualStudio.TestTools.TestTypes.Unit.UnitTestAdapter, Microsoft.VisualStudio.QualityTools.Tips.UnitTest.Adapter, Version=10.0.0.0, Culture=neutral, PublicKeyToken=b03f5f7f11d50a3a" className="Tests.ProduccionBusinessTest, Tests, Version=1.0.0.0, Culture=neutral, PublicKeyToken=null" name="calcularDistanciaEntreTrabajosTest3" />
    </UnitTest>
    <UnitTest name="listarUsuariosTest" storage="c:\users\diego\google drive\facultad\trabajo final ingenieria\entrega final 15.12\uniprof 27.11\uniprof\tests\bin\debug\tests.dll" id="601e990e-751d-e263-ef32-4be40187ef20">
      <Execution id="700e9c33-5f2e-4a5c-bae4-3f57e21d1d11" />
      <TestMethod codeBase="C:/Users/Diego/Google Drive/Facultad/Trabajo Final Ingenieria/Entrega Final 15.12/Uniprof 27.11/Uniprof/Tests/bin/Debug/Tests.DLL" adapterTypeName="Microsoft.VisualStudio.TestTools.TestTypes.Unit.UnitTestAdapter, Microsoft.VisualStudio.QualityTools.Tips.UnitTest.Adapter, Version=10.0.0.0, Culture=neutral, PublicKeyToken=b03f5f7f11d50a3a" className="Tests.UsuarioBusinessTest, Tests, Version=1.0.0.0, Culture=neutral, PublicKeyToken=null" name="listarUsuariosTest" />
    </UnitTest>
    <UnitTest name="listarProduccionConRestriccionesTest" storage="c:\users\diego\google drive\facultad\trabajo final ingenieria\entrega final 15.12\uniprof 27.11\uniprof\tests\bin\debug\tests.dll" id="0d0b6b4c-3d42-300a-bac7-fbab5e0b6cc5">
      <Execution id="cc116a81-8a7e-4b99-a34c-f359f6415147" />
      <TestMethod codeBase="C:/Users/Diego/Google Drive/Facultad/Trabajo Final Ingenieria/Entrega Final 15.12/Uniprof 27.11/Uniprof/Tests/bin/Debug/Tests.DLL" adapterTypeName="Microsoft.VisualStudio.TestTools.TestTypes.Unit.UnitTestAdapter, Microsoft.VisualStudio.QualityTools.Tips.UnitTest.Adapter, Version=10.0.0.0, Culture=neutral, PublicKeyToken=b03f5f7f11d50a3a" className="Tests.ProduccionRepositorioTest, Tests, Version=1.0.0.0, Culture=neutral, PublicKeyToken=null" name="listarProduccionConRestriccionesTest" />
    </UnitTest>
    <UnitTest name="actualizarProduccionOperadorTDGTest" storage="c:\users\diego\google drive\facultad\trabajo final ingenieria\entrega final 15.12\uniprof 27.11\uniprof\tests\bin\debug\tests.dll" id="81b50b2a-4878-5c02-6765-8402ba293155">
      <Execution id="4a8081b9-4b6b-4703-805c-f4efd23cea16" />
      <TestMethod codeBase="C:/Users/Diego/Google Drive/Facultad/Trabajo Final Ingenieria/Entrega Final 15.12/Uniprof 27.11/Uniprof/Tests/bin/Debug/Tests.DLL" adapterTypeName="Microsoft.VisualStudio.TestTools.TestTypes.Unit.UnitTestAdapter, Microsoft.VisualStudio.QualityTools.Tips.UnitTest.Adapter, Version=10.0.0.0, Culture=neutral, PublicKeyToken=b03f5f7f11d50a3a" className="Tests.ProduccionOperadorTDGTest, Tests, Version=1.0.0.0, Culture=neutral, PublicKeyToken=null" name="actualizarProduccionOperadorTDGTest" />
    </UnitTest>
    <UnitTest name="listarFamliasTest" storage="c:\users\diego\google drive\facultad\trabajo final ingenieria\entrega final 15.12\uniprof 27.11\uniprof\tests\bin\debug\tests.dll" id="147439b4-00a7-f2cb-1dec-6270bffba92e">
      <Execution id="ec901873-a6bb-4ddc-bb6f-0d4105a6a3c4" />
      <TestMethod codeBase="C:/Users/Diego/Google Drive/Facultad/Trabajo Final Ingenieria/Entrega Final 15.12/Uniprof 27.11/Uniprof/Tests/bin/Debug/Tests.DLL" adapterTypeName="Microsoft.VisualStudio.TestTools.TestTypes.Unit.UnitTestAdapter, Microsoft.VisualStudio.QualityTools.Tips.UnitTest.Adapter, Version=10.0.0.0, Culture=neutral, PublicKeyToken=b03f5f7f11d50a3a" className="Tests.FamiliaBusinessTest, Tests, Version=1.0.0.0, Culture=neutral, PublicKeyToken=null" name="listarFamliasTest" />
    </UnitTest>
    <UnitTest name="listarProduccionConRestriccionesTest" storage="c:\users\diego\google drive\facultad\trabajo final ingenieria\entrega final 15.12\uniprof 27.11\uniprof\tests\bin\debug\tests.dll" id="3222f04f-3bb8-b915-7622-11e1c846763f">
      <Execution id="8deb5e9e-f3c2-469b-a0e4-debabacd3771" />
      <TestMethod codeBase="C:/Users/Diego/Google Drive/Facultad/Trabajo Final Ingenieria/Entrega Final 15.12/Uniprof 27.11/Uniprof/Tests/bin/Debug/Tests.DLL" adapterTypeName="Microsoft.VisualStudio.TestTools.TestTypes.Unit.UnitTestAdapter, Microsoft.VisualStudio.QualityTools.Tips.UnitTest.Adapter, Version=10.0.0.0, Culture=neutral, PublicKeyToken=b03f5f7f11d50a3a" className="Tests.ProduccionBusinessTest, Tests, Version=1.0.0.0, Culture=neutral, PublicKeyToken=null" name="listarProduccionConRestriccionesTest" />
    </UnitTest>
    <UnitTest name="buscarOperadoresTest" storage="c:\users\diego\google drive\facultad\trabajo final ingenieria\entrega final 15.12\uniprof 27.11\uniprof\tests\bin\debug\tests.dll" id="cab5d754-b046-c047-88d8-b763f582d340">
      <Execution id="40a6175e-2c00-440d-b52b-24716782de65" />
      <TestMethod codeBase="C:/Users/Diego/Google Drive/Facultad/Trabajo Final Ingenieria/Entrega Final 15.12/Uniprof 27.11/Uniprof/Tests/bin/Debug/Tests.DLL" adapterTypeName="Microsoft.VisualStudio.TestTools.TestTypes.Unit.UnitTestAdapter, Microsoft.VisualStudio.QualityTools.Tips.UnitTest.Adapter, Version=10.0.0.0, Culture=neutral, PublicKeyToken=b03f5f7f11d50a3a" className="Tests.OperadorTDGTest, Tests, Version=1.0.0.0, Culture=neutral, PublicKeyToken=null" name="buscarOperadoresTest" />
    </UnitTest>
    <UnitTest name="actualizarMovimientoTest" storage="c:\users\diego\google drive\facultad\trabajo final ingenieria\entrega final 15.12\uniprof 27.11\uniprof\tests\bin\debug\tests.dll" id="04a946fc-19a1-d283-10d5-49de1068346e">
      <Execution id="72c84c5a-adfa-4852-9837-5ed802332fe8" />
      <TestMethod codeBase="C:/Users/Diego/Google Drive/Facultad/Trabajo Final Ingenieria/Entrega Final 15.12/Uniprof 27.11/Uniprof/Tests/bin/Debug/Tests.DLL" adapterTypeName="Microsoft.VisualStudio.TestTools.TestTypes.Unit.UnitTestAdapter, Microsoft.VisualStudio.QualityTools.Tips.UnitTest.Adapter, Version=10.0.0.0, Culture=neutral, PublicKeyToken=b03f5f7f11d50a3a" className="Tests.MovimientoClienteBusinessTest, Tests, Version=1.0.0.0, Culture=neutral, PublicKeyToken=null" name="actualizarMovimientoTest" />
    </UnitTest>
    <UnitTest name="buscarArticulosTest" storage="c:\users\diego\google drive\facultad\trabajo final ingenieria\entrega final 15.12\uniprof 27.11\uniprof\tests\bin\debug\tests.dll" id="e174714d-b5ae-6791-7e05-a6dae00c0681">
      <Execution id="0d0683b3-9d36-4a19-aa35-38548b063e9e" />
      <TestMethod codeBase="C:/Users/Diego/Google Drive/Facultad/Trabajo Final Ingenieria/Entrega Final 15.12/Uniprof 27.11/Uniprof/Tests/bin/Debug/Tests.DLL" adapterTypeName="Microsoft.VisualStudio.TestTools.TestTypes.Unit.UnitTestAdapter, Microsoft.VisualStudio.QualityTools.Tips.UnitTest.Adapter, Version=10.0.0.0, Culture=neutral, PublicKeyToken=b03f5f7f11d50a3a" className="Tests.ArticuloTDGTest, Tests, Version=1.0.0.0, Culture=neutral, PublicKeyToken=null" name="buscarArticulosTest" />
    </UnitTest>
    <UnitTest name="modificarFacturasTest" storage="c:\users\diego\google drive\facultad\trabajo final ingenieria\entrega final 15.12\uniprof 27.11\uniprof\tests\bin\debug\tests.dll" id="d6d7a27e-0988-cf60-1910-ee6f0eb6cf75">
      <Execution id="3cdc189e-df03-4b96-b54a-e7f029eb1d4c" />
      <TestMethod codeBase="C:/Users/Diego/Google Drive/Facultad/Trabajo Final Ingenieria/Entrega Final 15.12/Uniprof 27.11/Uniprof/Tests/bin/Debug/Tests.DLL" adapterTypeName="Microsoft.VisualStudio.TestTools.TestTypes.Unit.UnitTestAdapter, Microsoft.VisualStudio.QualityTools.Tips.UnitTest.Adapter, Version=10.0.0.0, Culture=neutral, PublicKeyToken=b03f5f7f11d50a3a" className="Tests.FacturaTDGTest, Tests, Version=1.0.0.0, Culture=neutral, PublicKeyToken=null" name="modificarFacturasTest" />
    </UnitTest>
    <UnitTest name="listarInsumosPorColorTest" storage="c:\users\diego\google drive\facultad\trabajo final ingenieria\entrega final 15.12\uniprof 27.11\uniprof\tests\bin\debug\tests.dll" id="2ff4ab24-8ba8-c855-2fbb-5316fd166e9f">
      <Execution id="df71a448-912e-481a-9e52-7df5d932b56a" />
      <TestMethod codeBase="C:/Users/Diego/Google Drive/Facultad/Trabajo Final Ingenieria/Entrega Final 15.12/Uniprof 27.11/Uniprof/Tests/bin/Debug/Tests.DLL" adapterTypeName="Microsoft.VisualStudio.TestTools.TestTypes.Unit.UnitTestAdapter, Microsoft.VisualStudio.QualityTools.Tips.UnitTest.Adapter, Version=10.0.0.0, Culture=neutral, PublicKeyToken=b03f5f7f11d50a3a" className="Tests.InsumoRepositorioTest, Tests, Version=1.0.0.0, Culture=neutral, PublicKeyToken=null" name="listarInsumosPorColorTest" />
    </UnitTest>
    <UnitTest name="actualizarTipoPedidosTest" storage="c:\users\diego\google drive\facultad\trabajo final ingenieria\entrega final 15.12\uniprof 27.11\uniprof\tests\bin\debug\tests.dll" id="bbf04cdd-f777-915a-4f82-d89d0fb3c21c">
      <Execution id="0fb4e370-b6d3-4a4f-afe0-d4cd279ac3fd" />
      <TestMethod codeBase="C:/Users/Diego/Google Drive/Facultad/Trabajo Final Ingenieria/Entrega Final 15.12/Uniprof 27.11/Uniprof/Tests/bin/Debug/Tests.DLL" adapterTypeName="Microsoft.VisualStudio.TestTools.TestTypes.Unit.UnitTestAdapter, Microsoft.VisualStudio.QualityTools.Tips.UnitTest.Adapter, Version=10.0.0.0, Culture=neutral, PublicKeyToken=b03f5f7f11d50a3a" className="Tests.TipoPedidoTDGTest, Tests, Version=1.0.0.0, Culture=neutral, PublicKeyToken=null" name="actualizarTipoPedidosTest" />
    </UnitTest>
    <UnitTest name="borrarArticuloTest" storage="c:\users\diego\google drive\facultad\trabajo final ingenieria\entrega final 15.12\uniprof 27.11\uniprof\tests\bin\debug\tests.dll" id="43cb51cd-66eb-181b-064e-18bf81c14a68">
      <Execution id="c3d0534d-422e-4833-8c2b-a776ce51ef9b" />
      <TestMethod codeBase="C:/Users/Diego/Google Drive/Facultad/Trabajo Final Ingenieria/Entrega Final 15.12/Uniprof 27.11/Uniprof/Tests/bin/Debug/Tests.DLL" adapterTypeName="Microsoft.VisualStudio.TestTools.TestTypes.Unit.UnitTestAdapter, Microsoft.VisualStudio.QualityTools.Tips.UnitTest.Adapter, Version=10.0.0.0, Culture=neutral, PublicKeyToken=b03f5f7f11d50a3a" className="Tests.ArticuloBusinessTest, Tests, Version=1.0.0.0, Culture=neutral, PublicKeyToken=null" name="borrarArticuloTest" />
    </UnitTest>
    <UnitTest name="cargarFamiliasTest" storage="c:\users\diego\google drive\facultad\trabajo final ingenieria\entrega final 15.12\uniprof 27.11\uniprof\tests\bin\debug\tests.dll" id="c6f9c8d4-b42f-f506-2486-8ec3f82f78d3">
      <Execution id="7ff0bfb9-e555-4cf0-b516-31550112ef6a" />
      <TestMethod codeBase="C:/Users/Diego/Google Drive/Facultad/Trabajo Final Ingenieria/Entrega Final 15.12/Uniprof 27.11/Uniprof/Tests/bin/Debug/Tests.DLL" adapterTypeName="Microsoft.VisualStudio.TestTools.TestTypes.Unit.UnitTestAdapter, Microsoft.VisualStudio.QualityTools.Tips.UnitTest.Adapter, Version=10.0.0.0, Culture=neutral, PublicKeyToken=b03f5f7f11d50a3a" className="Tests.FamiliaTDGTest, Tests, Version=1.0.0.0, Culture=neutral, PublicKeyToken=null" name="cargarFamiliasTest" />
    </UnitTest>
    <UnitTest name="grabarNewsletterTest" storage="c:\users\diego\google drive\facultad\trabajo final ingenieria\entrega final 15.12\uniprof 27.11\uniprof\tests\bin\debug\tests.dll" id="b28eae18-99f0-9519-6256-d75c3d089452">
      <Execution id="cdb9da8a-1874-41f7-a749-bcb99c3c8b0c" />
      <TestMethod codeBase="C:/Users/Diego/Google Drive/Facultad/Trabajo Final Ingenieria/Entrega Final 15.12/Uniprof 27.11/Uniprof/Tests/bin/Debug/Tests.DLL" adapterTypeName="Microsoft.VisualStudio.TestTools.TestTypes.Unit.UnitTestAdapter, Microsoft.VisualStudio.QualityTools.Tips.UnitTest.Adapter, Version=10.0.0.0, Culture=neutral, PublicKeyToken=b03f5f7f11d50a3a" className="Tests.NewsletterBusinessTest, Tests, Version=1.0.0.0, Culture=neutral, PublicKeyToken=null" name="grabarNewsletterTest" />
    </UnitTest>
    <UnitTest name="ListarPrendasTest" storage="c:\users\diego\google drive\facultad\trabajo final ingenieria\entrega final 15.12\uniprof 27.11\uniprof\tests\bin\debug\tests.dll" id="c1679918-c36e-2cbe-87a9-96506a9b38f9">
      <Execution id="c11a6ae1-b133-4039-b2ae-8a6a62afb4fc" />
      <TestMethod codeBase="C:/Users/Diego/Google Drive/Facultad/Trabajo Final Ingenieria/Entrega Final 15.12/Uniprof 27.11/Uniprof/Tests/bin/Debug/Tests.DLL" adapterTypeName="Microsoft.VisualStudio.TestTools.TestTypes.Unit.UnitTestAdapter, Microsoft.VisualStudio.QualityTools.Tips.UnitTest.Adapter, Version=10.0.0.0, Culture=neutral, PublicKeyToken=b03f5f7f11d50a3a" className="Tests.TipoPrendaRepositorioTest, Tests, Version=1.0.0.0, Culture=neutral, PublicKeyToken=null" name="ListarPrendasTest" />
    </UnitTest>
    <UnitTest name="grabarMovimientoTest" storage="c:\users\diego\google drive\facultad\trabajo final ingenieria\entrega final 15.12\uniprof 27.11\uniprof\tests\bin\debug\tests.dll" id="aa08efca-9836-e946-b0ea-6d46d0e78977">
      <Execution id="170182ac-5836-4257-af87-3883d20576b2" />
      <TestMethod codeBase="C:/Users/Diego/Google Drive/Facultad/Trabajo Final Ingenieria/Entrega Final 15.12/Uniprof 27.11/Uniprof/Tests/bin/Debug/Tests.DLL" adapterTypeName="Microsoft.VisualStudio.TestTools.TestTypes.Unit.UnitTestAdapter, Microsoft.VisualStudio.QualityTools.Tips.UnitTest.Adapter, Version=10.0.0.0, Culture=neutral, PublicKeyToken=b03f5f7f11d50a3a" className="Tests.MovimientoCuentaProveedorRepositorioTest, Tests, Version=1.0.0.0, Culture=neutral, PublicKeyToken=null" name="grabarMovimientoTest" />
    </UnitTest>
    <UnitTest name="grabarProveedorTest" storage="c:\users\diego\google drive\facultad\trabajo final ingenieria\entrega final 15.12\uniprof 27.11\uniprof\tests\bin\debug\tests.dll" id="8d735e5a-f52c-96a5-4bed-a99c0526014e">
      <Execution id="56a4f291-2669-4fc8-9b1d-24857b32f48a" />
      <TestMethod codeBase="C:/Users/Diego/Google Drive/Facultad/Trabajo Final Ingenieria/Entrega Final 15.12/Uniprof 27.11/Uniprof/Tests/bin/Debug/Tests.DLL" adapterTypeName="Microsoft.VisualStudio.TestTools.TestTypes.Unit.UnitTestAdapter, Microsoft.VisualStudio.QualityTools.Tips.UnitTest.Adapter, Version=10.0.0.0, Culture=neutral, PublicKeyToken=b03f5f7f11d50a3a" className="Tests.ProveedorTDGTest, Tests, Version=1.0.0.0, Culture=neutral, PublicKeyToken=null" name="grabarProveedorTest" />
    </UnitTest>
    <UnitTest name="cargarPatentesPorFamiliaTest" storage="c:\users\diego\google drive\facultad\trabajo final ingenieria\entrega final 15.12\uniprof 27.11\uniprof\tests\bin\debug\tests.dll" id="16ffbd3f-3aee-beef-202b-0a5edf0b4c4f">
      <Execution id="3ae8a07a-11a7-491d-adb1-047c75c2b4ba" />
      <TestMethod codeBase="C:/Users/Diego/Google Drive/Facultad/Trabajo Final Ingenieria/Entrega Final 15.12/Uniprof 27.11/Uniprof/Tests/bin/Debug/Tests.DLL" adapterTypeName="Microsoft.VisualStudio.TestTools.TestTypes.Unit.UnitTestAdapter, Microsoft.VisualStudio.QualityTools.Tips.UnitTest.Adapter, Version=10.0.0.0, Culture=neutral, PublicKeyToken=b03f5f7f11d50a3a" className="Tests.PatenteRepositorioTest, Tests, Version=1.0.0.0, Culture=neutral, PublicKeyToken=null" name="cargarPatentesPorFamiliaTest" />
    </UnitTest>
    <UnitTest name="actualizarUsuarioTest" storage="c:\users\diego\google drive\facultad\trabajo final ingenieria\entrega final 15.12\uniprof 27.11\uniprof\tests\bin\debug\tests.dll" id="70dba011-1aa4-3fb1-b8c2-fb8d0666bd55">
      <Execution id="27e2c7b8-b87a-4b99-bb29-eccf91fed89b" />
      <TestMethod codeBase="C:/Users/Diego/Google Drive/Facultad/Trabajo Final Ingenieria/Entrega Final 15.12/Uniprof 27.11/Uniprof/Tests/bin/Debug/Tests.DLL" adapterTypeName="Microsoft.VisualStudio.TestTools.TestTypes.Unit.UnitTestAdapter, Microsoft.VisualStudio.QualityTools.Tips.UnitTest.Adapter, Version=10.0.0.0, Culture=neutral, PublicKeyToken=b03f5f7f11d50a3a" className="Tests.ClienteTDGTest, Tests, Version=1.0.0.0, Culture=neutral, PublicKeyToken=null" name="actualizarUsuarioTest" />
    </UnitTest>
    <UnitTest name="cargarClientePorFacturaTest" storage="c:\users\diego\google drive\facultad\trabajo final ingenieria\entrega final 15.12\uniprof 27.11\uniprof\tests\bin\debug\tests.dll" id="cc6fe6c4-963e-60ba-9611-8e531f6502c5">
      <Execution id="71d8c4e8-0216-4d72-a052-a16abc64b86c" />
      <TestMethod codeBase="C:/Users/Diego/Google Drive/Facultad/Trabajo Final Ingenieria/Entrega Final 15.12/Uniprof 27.11/Uniprof/Tests/bin/Debug/Tests.DLL" adapterTypeName="Microsoft.VisualStudio.TestTools.TestTypes.Unit.UnitTestAdapter, Microsoft.VisualStudio.QualityTools.Tips.UnitTest.Adapter, Version=10.0.0.0, Culture=neutral, PublicKeyToken=b03f5f7f11d50a3a" className="Tests.ClienteTDGTest, Tests, Version=1.0.0.0, Culture=neutral, PublicKeyToken=null" name="cargarClientePorFacturaTest" />
    </UnitTest>
    <UnitTest name="buscarInsumosConRestriccionesTest" storage="c:\users\diego\google drive\facultad\trabajo final ingenieria\entrega final 15.12\uniprof 27.11\uniprof\tests\bin\debug\tests.dll" id="590fbd59-b150-d4b9-6a37-e409519e63c2">
      <Execution id="0ec87c8c-6311-47af-a1c9-28202e6d5531" />
      <TestMethod codeBase="C:/Users/Diego/Google Drive/Facultad/Trabajo Final Ingenieria/Entrega Final 15.12/Uniprof 27.11/Uniprof/Tests/bin/Debug/Tests.DLL" adapterTypeName="Microsoft.VisualStudio.TestTools.TestTypes.Unit.UnitTestAdapter, Microsoft.VisualStudio.QualityTools.Tips.UnitTest.Adapter, Version=10.0.0.0, Culture=neutral, PublicKeyToken=b03f5f7f11d50a3a" className="Tests.InsumoTDGTest, Tests, Version=1.0.0.0, Culture=neutral, PublicKeyToken=null" name="buscarInsumosConRestriccionesTest" />
    </UnitTest>
    <UnitTest name="agregarPatenteTest" storage="c:\users\diego\google drive\facultad\trabajo final ingenieria\entrega final 15.12\uniprof 27.11\uniprof\tests\bin\debug\tests.dll" id="e27be593-1d5d-4e60-f221-5154b5c9193c">
      <Execution id="8f27933d-eabe-4ff3-aef8-b133a17a01f3" />
      <TestMethod codeBase="C:/Users/Diego/Google Drive/Facultad/Trabajo Final Ingenieria/Entrega Final 15.12/Uniprof 27.11/Uniprof/Tests/bin/Debug/Tests.DLL" adapterTypeName="Microsoft.VisualStudio.TestTools.TestTypes.Unit.UnitTestAdapter, Microsoft.VisualStudio.QualityTools.Tips.UnitTest.Adapter, Version=10.0.0.0, Culture=neutral, PublicKeyToken=b03f5f7f11d50a3a" className="Tests.FamiliaTDGTest, Tests, Version=1.0.0.0, Culture=neutral, PublicKeyToken=null" name="agregarPatenteTest" />
    </UnitTest>
    <UnitTest name="buscarPrimerosHuecosMaquinaTest" storage="c:\users\diego\google drive\facultad\trabajo final ingenieria\entrega final 15.12\uniprof 27.11\uniprof\tests\bin\debug\tests.dll" id="58008e3d-a662-382f-b6bd-ea56db2d0729">
      <Execution id="ca6d371f-59d5-40bc-801a-4c51d0fd7afc" />
      <TestMethod codeBase="C:/Users/Diego/Google Drive/Facultad/Trabajo Final Ingenieria/Entrega Final 15.12/Uniprof 27.11/Uniprof/Tests/bin/Debug/Tests.DLL" adapterTypeName="Microsoft.VisualStudio.TestTools.TestTypes.Unit.UnitTestAdapter, Microsoft.VisualStudio.QualityTools.Tips.UnitTest.Adapter, Version=10.0.0.0, Culture=neutral, PublicKeyToken=b03f5f7f11d50a3a" className="Tests.ProduccionBusinessTest, Tests, Version=1.0.0.0, Culture=neutral, PublicKeyToken=null" name="buscarPrimerosHuecosMaquinaTest" />
    </UnitTest>
    <UnitTest name="bloquearUsuarioTest" storage="c:\users\diego\google drive\facultad\trabajo final ingenieria\entrega final 15.12\uniprof 27.11\uniprof\tests\bin\debug\tests.dll" id="a5c2a138-5bc5-66da-7c2e-bc96b13a556b">
      <Execution id="14c92d3f-7fae-4412-ae75-3229810a6a02" />
      <TestMethod codeBase="C:/Users/Diego/Google Drive/Facultad/Trabajo Final Ingenieria/Entrega Final 15.12/Uniprof 27.11/Uniprof/Tests/bin/Debug/Tests.DLL" adapterTypeName="Microsoft.VisualStudio.TestTools.TestTypes.Unit.UnitTestAdapter, Microsoft.VisualStudio.QualityTools.Tips.UnitTest.Adapter, Version=10.0.0.0, Culture=neutral, PublicKeyToken=b03f5f7f11d50a3a" className="Tests.UsuarioBusinessTest, Tests, Version=1.0.0.0, Culture=neutral, PublicKeyToken=null" name="bloquearUsuarioTest" />
    </UnitTest>
    <UnitTest name="buscarEstadosTest" storage="c:\users\diego\google drive\facultad\trabajo final ingenieria\entrega final 15.12\uniprof 27.11\uniprof\tests\bin\debug\tests.dll" id="beb08e30-b8b0-b48e-c515-c7a8586c6e54">
      <Execution id="12fbcde2-b7e8-4b34-8487-ec300042d56f" />
      <TestMethod codeBase="C:/Users/Diego/Google Drive/Facultad/Trabajo Final Ingenieria/Entrega Final 15.12/Uniprof 27.11/Uniprof/Tests/bin/Debug/Tests.DLL" adapterTypeName="Microsoft.VisualStudio.TestTools.TestTypes.Unit.UnitTestAdapter, Microsoft.VisualStudio.QualityTools.Tips.UnitTest.Adapter, Version=10.0.0.0, Culture=neutral, PublicKeyToken=b03f5f7f11d50a3a" className="Tests.EstadoDiseñoTDGTest, Tests, Version=1.0.0.0, Culture=neutral, PublicKeyToken=null" name="buscarEstadosTest" />
    </UnitTest>
    <UnitTest name="actualizarInsumoTest" storage="c:\users\diego\google drive\facultad\trabajo final ingenieria\entrega final 15.12\uniprof 27.11\uniprof\tests\bin\debug\tests.dll" id="1a2eb27e-5a5f-d0a1-8888-804cc861f69e">
      <Execution id="1492b142-7676-4840-a268-c68eb8a2e3cd" />
      <TestMethod codeBase="C:/Users/Diego/Google Drive/Facultad/Trabajo Final Ingenieria/Entrega Final 15.12/Uniprof 27.11/Uniprof/Tests/bin/Debug/Tests.DLL" adapterTypeName="Microsoft.VisualStudio.TestTools.TestTypes.Unit.UnitTestAdapter, Microsoft.VisualStudio.QualityTools.Tips.UnitTest.Adapter, Version=10.0.0.0, Culture=neutral, PublicKeyToken=b03f5f7f11d50a3a" className="Tests.InsumoBusinessTest, Tests, Version=1.0.0.0, Culture=neutral, PublicKeyToken=null" name="actualizarInsumoTest" />
    </UnitTest>
    <UnitTest name="listarInsumosPorColorTest" storage="c:\users\diego\google drive\facultad\trabajo final ingenieria\entrega final 15.12\uniprof 27.11\uniprof\tests\bin\debug\tests.dll" id="8a0dd9bc-7acf-b95a-4187-a00b7726fa73">
      <Execution id="c5260b80-2c61-4531-9a8c-167bb2bc7843" />
      <TestMethod codeBase="C:/Users/Diego/Google Drive/Facultad/Trabajo Final Ingenieria/Entrega Final 15.12/Uniprof 27.11/Uniprof/Tests/bin/Debug/Tests.DLL" adapterTypeName="Microsoft.VisualStudio.TestTools.TestTypes.Unit.UnitTestAdapter, Microsoft.VisualStudio.QualityTools.Tips.UnitTest.Adapter, Version=10.0.0.0, Culture=neutral, PublicKeyToken=b03f5f7f11d50a3a" className="Tests.InsumoBusinessTest, Tests, Version=1.0.0.0, Culture=neutral, PublicKeyToken=null" name="listarInsumosPorColorTest" />
    </UnitTest>
    <UnitTest name="cargarUsuarioPorIdTest" storage="c:\users\diego\google drive\facultad\trabajo final ingenieria\entrega final 15.12\uniprof 27.11\uniprof\tests\bin\debug\tests.dll" id="ecaad254-0b1d-a420-c28a-c8ca0ba7c959">
      <Execution id="0015a3c8-2648-4e61-91e6-b507a15c2c4d" />
      <TestMethod codeBase="C:/Users/Diego/Google Drive/Facultad/Trabajo Final Ingenieria/Entrega Final 15.12/Uniprof 27.11/Uniprof/Tests/bin/Debug/Tests.DLL" adapterTypeName="Microsoft.VisualStudio.TestTools.TestTypes.Unit.UnitTestAdapter, Microsoft.VisualStudio.QualityTools.Tips.UnitTest.Adapter, Version=10.0.0.0, Culture=neutral, PublicKeyToken=b03f5f7f11d50a3a" className="Tests.UsuarioRepositorioTest, Tests, Version=1.0.0.0, Culture=neutral, PublicKeyToken=null" name="cargarUsuarioPorIdTest" />
    </UnitTest>
    <UnitTest name="borrarUsuarioTest" storage="c:\users\diego\google drive\facultad\trabajo final ingenieria\entrega final 15.12\uniprof 27.11\uniprof\tests\bin\debug\tests.dll" id="364ee525-fb4e-4236-05f2-99b03bc282b2">
      <Execution id="6853d27d-9b90-4d7a-8cac-c9fd5044ce69" />
      <TestMethod codeBase="C:/Users/Diego/Google Drive/Facultad/Trabajo Final Ingenieria/Entrega Final 15.12/Uniprof 27.11/Uniprof/Tests/bin/Debug/Tests.DLL" adapterTypeName="Microsoft.VisualStudio.TestTools.TestTypes.Unit.UnitTestAdapter, Microsoft.VisualStudio.QualityTools.Tips.UnitTest.Adapter, Version=10.0.0.0, Culture=neutral, PublicKeyToken=b03f5f7f11d50a3a" className="Tests.ClienteTDGTest, Tests, Version=1.0.0.0, Culture=neutral, PublicKeyToken=null" name="borrarUsuarioTest" />
    </UnitTest>
    <UnitTest name="BuscarDiseñosTest" storage="c:\users\diego\google drive\facultad\trabajo final ingenieria\entrega final 15.12\uniprof 27.11\uniprof\tests\bin\debug\tests.dll" id="78d51b31-e137-cc46-4586-32e7fc15993b">
      <Execution id="c82cced9-e98e-4bf1-b11e-89234d03df19" />
      <TestMethod codeBase="C:/Users/Diego/Google Drive/Facultad/Trabajo Final Ingenieria/Entrega Final 15.12/Uniprof 27.11/Uniprof/Tests/bin/Debug/Tests.DLL" adapterTypeName="Microsoft.VisualStudio.TestTools.TestTypes.Unit.UnitTestAdapter, Microsoft.VisualStudio.QualityTools.Tips.UnitTest.Adapter, Version=10.0.0.0, Culture=neutral, PublicKeyToken=b03f5f7f11d50a3a" className="Tests.DiseñoRepositorioTest, Tests, Version=1.0.0.0, Culture=neutral, PublicKeyToken=null" name="BuscarDiseñosTest" />
    </UnitTest>
    <UnitTest name="cargarLineasFacturaConRestriccionTest" storage="c:\users\diego\google drive\facultad\trabajo final ingenieria\entrega final 15.12\uniprof 27.11\uniprof\tests\bin\debug\tests.dll" id="1185b585-ef75-6544-19b0-95bea00f10c1">
      <Execution id="73b6c5c6-f503-4edc-b5f1-8cbcafb3356e" />
      <TestMethod codeBase="C:/Users/Diego/Google Drive/Facultad/Trabajo Final Ingenieria/Entrega Final 15.12/Uniprof 27.11/Uniprof/Tests/bin/Debug/Tests.DLL" adapterTypeName="Microsoft.VisualStudio.TestTools.TestTypes.Unit.UnitTestAdapter, Microsoft.VisualStudio.QualityTools.Tips.UnitTest.Adapter, Version=10.0.0.0, Culture=neutral, PublicKeyToken=b03f5f7f11d50a3a" className="Tests.LineaOrdenDeCompraTDGTest, Tests, Version=1.0.0.0, Culture=neutral, PublicKeyToken=null" name="cargarLineasFacturaConRestriccionTest" />
    </UnitTest>
    <UnitTest name="GuardarPedidoTest1" storage="c:\users\diego\google drive\facultad\trabajo final ingenieria\entrega final 15.12\uniprof 27.11\uniprof\tests\bin\debug\tests.dll" id="1547d2a7-8401-4066-0421-456391521e4e">
      <Execution id="218eb867-a653-4dbd-a013-991ff255784a" />
      <TestMethod codeBase="C:/Users/Diego/Google Drive/Facultad/Trabajo Final Ingenieria/Entrega Final 15.12/Uniprof 27.11/Uniprof/Tests/bin/Debug/Tests.DLL" adapterTypeName="Microsoft.VisualStudio.TestTools.TestTypes.Unit.UnitTestAdapter, Microsoft.VisualStudio.QualityTools.Tips.UnitTest.Adapter, Version=10.0.0.0, Culture=neutral, PublicKeyToken=b03f5f7f11d50a3a" className="Tests.PedidoBusinessTest, Tests, Version=1.0.0.0, Culture=neutral, PublicKeyToken=null" name="GuardarPedidoTest1" />
    </UnitTest>
    <UnitTest name="grabarProduccionOperadorTDGTest" storage="c:\users\diego\google drive\facultad\trabajo final ingenieria\entrega final 15.12\uniprof 27.11\uniprof\tests\bin\debug\tests.dll" id="bab93624-9701-4d27-3151-c1bf509e95c1">
      <Execution id="3cfb8b00-27b8-4a0e-a56e-43de5e09cddd" />
      <TestMethod codeBase="C:/Users/Diego/Google Drive/Facultad/Trabajo Final Ingenieria/Entrega Final 15.12/Uniprof 27.11/Uniprof/Tests/bin/Debug/Tests.DLL" adapterTypeName="Microsoft.VisualStudio.TestTools.TestTypes.Unit.UnitTestAdapter, Microsoft.VisualStudio.QualityTools.Tips.UnitTest.Adapter, Version=10.0.0.0, Culture=neutral, PublicKeyToken=b03f5f7f11d50a3a" className="Tests.ProduccionOperadorTDGTest, Tests, Version=1.0.0.0, Culture=neutral, PublicKeyToken=null" name="grabarProduccionOperadorTDGTest" />
    </UnitTest>
    <UnitTest name="actualizarMovimientoTest" storage="c:\users\diego\google drive\facultad\trabajo final ingenieria\entrega final 15.12\uniprof 27.11\uniprof\tests\bin\debug\tests.dll" id="3cd1a5b2-2061-12b0-4cbc-6da8d643a9e8">
      <Execution id="30ab9f96-3fab-46f6-b4ba-0faf5503d417" />
      <TestMethod codeBase="C:/Users/Diego/Google Drive/Facultad/Trabajo Final Ingenieria/Entrega Final 15.12/Uniprof 27.11/Uniprof/Tests/bin/Debug/Tests.DLL" adapterTypeName="Microsoft.VisualStudio.TestTools.TestTypes.Unit.UnitTestAdapter, Microsoft.VisualStudio.QualityTools.Tips.UnitTest.Adapter, Version=10.0.0.0, Culture=neutral, PublicKeyToken=b03f5f7f11d50a3a" className="Tests.MovimientoCuentaProveedorRepositorioTest, Tests, Version=1.0.0.0, Culture=neutral, PublicKeyToken=null" name="actualizarMovimientoTest" />
    </UnitTest>
    <UnitTest name="listarFacturasPorIdTest" storage="c:\users\diego\google drive\facultad\trabajo final ingenieria\entrega final 15.12\uniprof 27.11\uniprof\tests\bin\debug\tests.dll" id="c6a2f7ad-0298-580e-2fa3-bbb6c9b28898">
      <Execution id="b76ae51d-9e29-4bf1-9ec1-58d87b7a9934" />
      <TestMethod codeBase="C:/Users/Diego/Google Drive/Facultad/Trabajo Final Ingenieria/Entrega Final 15.12/Uniprof 27.11/Uniprof/Tests/bin/Debug/Tests.DLL" adapterTypeName="Microsoft.VisualStudio.TestTools.TestTypes.Unit.UnitTestAdapter, Microsoft.VisualStudio.QualityTools.Tips.UnitTest.Adapter, Version=10.0.0.0, Culture=neutral, PublicKeyToken=b03f5f7f11d50a3a" className="Tests.FacturaRepositorioTest, Tests, Version=1.0.0.0, Culture=neutral, PublicKeyToken=null" name="listarFacturasPorIdTest" />
    </UnitTest>
    <UnitTest name="modificarTest" storage="c:\users\diego\google drive\facultad\trabajo final ingenieria\entrega final 15.12\uniprof 27.11\uniprof\tests\bin\debug\tests.dll" id="13496ae0-c24c-3fcb-7178-2789fe5b49ef">
      <Execution id="cc1e5988-187f-4db9-bbe4-b743b08ab3d0" />
      <TestMethod codeBase="C:/Users/Diego/Google Drive/Facultad/Trabajo Final Ingenieria/Entrega Final 15.12/Uniprof 27.11/Uniprof/Tests/bin/Debug/Tests.DLL" adapterTypeName="Microsoft.VisualStudio.TestTools.TestTypes.Unit.UnitTestAdapter, Microsoft.VisualStudio.QualityTools.Tips.UnitTest.Adapter, Version=10.0.0.0, Culture=neutral, PublicKeyToken=b03f5f7f11d50a3a" className="Tests.ConversacionRepositorioTest, Tests, Version=1.0.0.0, Culture=neutral, PublicKeyToken=null" name="modificarTest" />
    </UnitTest>
    <UnitTest name="borrarArticulosTest" storage="c:\users\diego\google drive\facultad\trabajo final ingenieria\entrega final 15.12\uniprof 27.11\uniprof\tests\bin\debug\tests.dll" id="14276aa4-72b7-f96c-4fe9-e83b20c4c391">
      <Execution id="4bab564c-b574-4da5-b162-ae848955cae9" />
      <TestMethod codeBase="C:/Users/Diego/Google Drive/Facultad/Trabajo Final Ingenieria/Entrega Final 15.12/Uniprof 27.11/Uniprof/Tests/bin/Debug/Tests.DLL" adapterTypeName="Microsoft.VisualStudio.TestTools.TestTypes.Unit.UnitTestAdapter, Microsoft.VisualStudio.QualityTools.Tips.UnitTest.Adapter, Version=10.0.0.0, Culture=neutral, PublicKeyToken=b03f5f7f11d50a3a" className="Tests.ArticuloTDGTest, Tests, Version=1.0.0.0, Culture=neutral, PublicKeyToken=null" name="borrarArticulosTest" />
    </UnitTest>
    <UnitTest name="borrarTest" storage="c:\users\diego\google drive\facultad\trabajo final ingenieria\entrega final 15.12\uniprof 27.11\uniprof\tests\bin\debug\tests.dll" id="cb68f00e-cb19-bf47-0657-80219e1c9cfa">
      <Execution id="1cbcb7fa-1a2b-4317-9394-76f69fa57ab8" />
      <TestMethod codeBase="C:/Users/Diego/Google Drive/Facultad/Trabajo Final Ingenieria/Entrega Final 15.12/Uniprof 27.11/Uniprof/Tests/bin/Debug/Tests.DLL" adapterTypeName="Microsoft.VisualStudio.TestTools.TestTypes.Unit.UnitTestAdapter, Microsoft.VisualStudio.QualityTools.Tips.UnitTest.Adapter, Version=10.0.0.0, Culture=neutral, PublicKeyToken=b03f5f7f11d50a3a" className="Tests.MensajeRepositorioTest, Tests, Version=1.0.0.0, Culture=neutral, PublicKeyToken=null" name="borrarTest" />
    </UnitTest>
    <UnitTest name="listarArticulosTest" storage="c:\users\diego\google drive\facultad\trabajo final ingenieria\entrega final 15.12\uniprof 27.11\uniprof\tests\bin\debug\tests.dll" id="62f6b994-f314-dfaa-2382-4b70b0820150">
      <Execution id="d25b3b94-442c-416c-a0b1-e059e48c59a6" />
      <TestMethod codeBase="C:/Users/Diego/Google Drive/Facultad/Trabajo Final Ingenieria/Entrega Final 15.12/Uniprof 27.11/Uniprof/Tests/bin/Debug/Tests.DLL" adapterTypeName="Microsoft.VisualStudio.TestTools.TestTypes.Unit.UnitTestAdapter, Microsoft.VisualStudio.QualityTools.Tips.UnitTest.Adapter, Version=10.0.0.0, Culture=neutral, PublicKeyToken=b03f5f7f11d50a3a" className="Tests.ArticuloBusinessTest, Tests, Version=1.0.0.0, Culture=neutral, PublicKeyToken=null" name="listarArticulosTest" />
    </UnitTest>
    <UnitTest name="borrarLineaTest" storage="c:\users\diego\google drive\facultad\trabajo final ingenieria\entrega final 15.12\uniprof 27.11\uniprof\tests\bin\debug\tests.dll" id="954c6542-5669-95f4-2fc5-a01c436de193">
      <Execution id="195b5a6d-da84-4ecc-a445-1a665a21d074" />
      <TestMethod codeBase="C:/Users/Diego/Google Drive/Facultad/Trabajo Final Ingenieria/Entrega Final 15.12/Uniprof 27.11/Uniprof/Tests/bin/Debug/Tests.DLL" adapterTypeName="Microsoft.VisualStudio.TestTools.TestTypes.Unit.UnitTestAdapter, Microsoft.VisualStudio.QualityTools.Tips.UnitTest.Adapter, Version=10.0.0.0, Culture=neutral, PublicKeyToken=b03f5f7f11d50a3a" className="Tests.LineaOrdenDeCompraTDGTest, Tests, Version=1.0.0.0, Culture=neutral, PublicKeyToken=null" name="borrarLineaTest" />
    </UnitTest>
    <UnitTest name="grabarProduccionTest" storage="c:\users\diego\google drive\facultad\trabajo final ingenieria\entrega final 15.12\uniprof 27.11\uniprof\tests\bin\debug\tests.dll" id="280aded5-68b9-b810-9a8e-34bdb568fac8">
      <Execution id="27605f23-b034-4ed9-b65e-276b0ff388f2" />
      <TestMethod codeBase="C:/Users/Diego/Google Drive/Facultad/Trabajo Final Ingenieria/Entrega Final 15.12/Uniprof 27.11/Uniprof/Tests/bin/Debug/Tests.DLL" adapterTypeName="Microsoft.VisualStudio.TestTools.TestTypes.Unit.UnitTestAdapter, Microsoft.VisualStudio.QualityTools.Tips.UnitTest.Adapter, Version=10.0.0.0, Culture=neutral, PublicKeyToken=b03f5f7f11d50a3a" className="Tests.ProduccionBusinessTest, Tests, Version=1.0.0.0, Culture=neutral, PublicKeyToken=null" name="grabarProduccionTest" />
    </UnitTest>
    <UnitTest name="listarMovimientosTest" storage="c:\users\diego\google drive\facultad\trabajo final ingenieria\entrega final 15.12\uniprof 27.11\uniprof\tests\bin\debug\tests.dll" id="3d5d4690-413e-480e-9909-702cf88399dd">
      <Execution id="e345723e-f78a-490f-a806-73e79582c2a4" />
      <TestMethod codeBase="C:/Users/Diego/Google Drive/Facultad/Trabajo Final Ingenieria/Entrega Final 15.12/Uniprof 27.11/Uniprof/Tests/bin/Debug/Tests.DLL" adapterTypeName="Microsoft.VisualStudio.TestTools.TestTypes.Unit.UnitTestAdapter, Microsoft.VisualStudio.QualityTools.Tips.UnitTest.Adapter, Version=10.0.0.0, Culture=neutral, PublicKeyToken=b03f5f7f11d50a3a" className="Tests.MovimientoCuentaProveedorRepositorioTest, Tests, Version=1.0.0.0, Culture=neutral, PublicKeyToken=null" name="listarMovimientosTest" />
    </UnitTest>
    <UnitTest name="buscarNewsletterParaEnviarTest" storage="c:\users\diego\google drive\facultad\trabajo final ingenieria\entrega final 15.12\uniprof 27.11\uniprof\tests\bin\debug\tests.dll" id="bde72f4f-f66e-49e5-5a7f-f0f6283a032f">
      <Execution id="309c0e21-a654-4865-a47c-fbcebad44f16" />
      <TestMethod codeBase="C:/Users/Diego/Google Drive/Facultad/Trabajo Final Ingenieria/Entrega Final 15.12/Uniprof 27.11/Uniprof/Tests/bin/Debug/Tests.DLL" adapterTypeName="Microsoft.VisualStudio.TestTools.TestTypes.Unit.UnitTestAdapter, Microsoft.VisualStudio.QualityTools.Tips.UnitTest.Adapter, Version=10.0.0.0, Culture=neutral, PublicKeyToken=b03f5f7f11d50a3a" className="Tests.NewsletterBusinessTest, Tests, Version=1.0.0.0, Culture=neutral, PublicKeyToken=null" name="buscarNewsletterParaEnviarTest" />
    </UnitTest>
    <UnitTest name="crearUsuarioTest" storage="c:\users\diego\google drive\facultad\trabajo final ingenieria\entrega final 15.12\uniprof 27.11\uniprof\tests\bin\debug\tests.dll" id="179d28ef-c565-5c45-d785-59f1a0626295">
      <Execution id="917f8473-61f9-49e6-a5c9-51ccbe9fd6bb" />
      <TestMethod codeBase="C:/Users/Diego/Google Drive/Facultad/Trabajo Final Ingenieria/Entrega Final 15.12/Uniprof 27.11/Uniprof/Tests/bin/Debug/Tests.DLL" adapterTypeName="Microsoft.VisualStudio.TestTools.TestTypes.Unit.UnitTestAdapter, Microsoft.VisualStudio.QualityTools.Tips.UnitTest.Adapter, Version=10.0.0.0, Culture=neutral, PublicKeyToken=b03f5f7f11d50a3a" className="Tests.UsuarioBusinessTest, Tests, Version=1.0.0.0, Culture=neutral, PublicKeyToken=null" name="crearUsuarioTest" />
    </UnitTest>
    <UnitTest name="buscarColorConRestriccionesTest" storage="c:\users\diego\google drive\facultad\trabajo final ingenieria\entrega final 15.12\uniprof 27.11\uniprof\tests\bin\debug\tests.dll" id="e8b1e8f2-7674-bb72-605f-9a7a2bc1bfee">
      <Execution id="125a2765-ba83-4ed0-a491-5f93e1e86460" />
      <TestMethod codeBase="C:/Users/Diego/Google Drive/Facultad/Trabajo Final Ingenieria/Entrega Final 15.12/Uniprof 27.11/Uniprof/Tests/bin/Debug/Tests.DLL" adapterTypeName="Microsoft.VisualStudio.TestTools.TestTypes.Unit.UnitTestAdapter, Microsoft.VisualStudio.QualityTools.Tips.UnitTest.Adapter, Version=10.0.0.0, Culture=neutral, PublicKeyToken=b03f5f7f11d50a3a" className="Tests.ColorTDGTest, Tests, Version=1.0.0.0, Culture=neutral, PublicKeyToken=null" name="buscarColorConRestriccionesTest" />
    </UnitTest>
    <UnitTest name="buscarNewsletterParaEnviarTest" storage="c:\users\diego\google drive\facultad\trabajo final ingenieria\entrega final 15.12\uniprof 27.11\uniprof\tests\bin\debug\tests.dll" id="e3f85f2f-8bca-7a73-722e-520143b3f21d">
      <Execution id="b0760dd0-f7a9-43cc-ade6-4aad07951425" />
      <TestMethod codeBase="C:/Users/Diego/Google Drive/Facultad/Trabajo Final Ingenieria/Entrega Final 15.12/Uniprof 27.11/Uniprof/Tests/bin/Debug/Tests.DLL" adapterTypeName="Microsoft.VisualStudio.TestTools.TestTypes.Unit.UnitTestAdapter, Microsoft.VisualStudio.QualityTools.Tips.UnitTest.Adapter, Version=10.0.0.0, Culture=neutral, PublicKeyToken=b03f5f7f11d50a3a" className="Tests.NewsletterRepositorioTest, Tests, Version=1.0.0.0, Culture=neutral, PublicKeyToken=null" name="buscarNewsletterParaEnviarTest" />
    </UnitTest>
    <UnitTest name="borrarProduccionOperadorTest" storage="c:\users\diego\google drive\facultad\trabajo final ingenieria\entrega final 15.12\uniprof 27.11\uniprof\tests\bin\debug\tests.dll" id="46319d74-a59b-cb4c-c42c-91de192140ab">
      <Execution id="5070e05f-f5fb-4876-a9e7-e807d2174c26" />
      <TestMethod codeBase="C:/Users/Diego/Google Drive/Facultad/Trabajo Final Ingenieria/Entrega Final 15.12/Uniprof 27.11/Uniprof/Tests/bin/Debug/Tests.DLL" adapterTypeName="Microsoft.VisualStudio.TestTools.TestTypes.Unit.UnitTestAdapter, Microsoft.VisualStudio.QualityTools.Tips.UnitTest.Adapter, Version=10.0.0.0, Culture=neutral, PublicKeyToken=b03f5f7f11d50a3a" className="Tests.ProduccionOperadorTDGTest, Tests, Version=1.0.0.0, Culture=neutral, PublicKeyToken=null" name="borrarProduccionOperadorTest" />
    </UnitTest>
    <UnitTest name="listarOpinionesTest" storage="c:\users\diego\google drive\facultad\trabajo final ingenieria\entrega final 15.12\uniprof 27.11\uniprof\tests\bin\debug\tests.dll" id="eda2ca79-f409-f699-6d33-a3da45e5d953">
      <Execution id="4b93ddc2-5ad1-4d2d-9af8-d6407c3ea87a" />
      <TestMethod codeBase="C:/Users/Diego/Google Drive/Facultad/Trabajo Final Ingenieria/Entrega Final 15.12/Uniprof 27.11/Uniprof/Tests/bin/Debug/Tests.DLL" adapterTypeName="Microsoft.VisualStudio.TestTools.TestTypes.Unit.UnitTestAdapter, Microsoft.VisualStudio.QualityTools.Tips.UnitTest.Adapter, Version=10.0.0.0, Culture=neutral, PublicKeyToken=b03f5f7f11d50a3a" className="Tests.OpinionRepositorioTest, Tests, Version=1.0.0.0, Culture=neutral, PublicKeyToken=null" name="listarOpinionesTest" />
    </UnitTest>
    <UnitTest name="buscarArticulosPorCodigoTest" storage="c:\users\diego\google drive\facultad\trabajo final ingenieria\entrega final 15.12\uniprof 27.11\uniprof\tests\bin\debug\tests.dll" id="dde12295-d4b5-9724-4e8c-04bf282ca24f">
      <Execution id="dca8df3b-6664-47c6-9212-893e7aa9990c" />
      <TestMethod codeBase="C:/Users/Diego/Google Drive/Facultad/Trabajo Final Ingenieria/Entrega Final 15.12/Uniprof 27.11/Uniprof/Tests/bin/Debug/Tests.DLL" adapterTypeName="Microsoft.VisualStudio.TestTools.TestTypes.Unit.UnitTestAdapter, Microsoft.VisualStudio.QualityTools.Tips.UnitTest.Adapter, Version=10.0.0.0, Culture=neutral, PublicKeyToken=b03f5f7f11d50a3a" className="Tests.ArticuloRepositorioTest, Tests, Version=1.0.0.0, Culture=neutral, PublicKeyToken=null" name="buscarArticulosPorCodigoTest" />
    </UnitTest>
    <UnitTest name="listarProveedoresTest" storage="c:\users\diego\google drive\facultad\trabajo final ingenieria\entrega final 15.12\uniprof 27.11\uniprof\tests\bin\debug\tests.dll" id="1f993eef-b5ac-3548-c940-f219e4216d75">
      <Execution id="899b116a-f451-4912-83a3-6978f74a1e29" />
      <TestMethod codeBase="C:/Users/Diego/Google Drive/Facultad/Trabajo Final Ingenieria/Entrega Final 15.12/Uniprof 27.11/Uniprof/Tests/bin/Debug/Tests.DLL" adapterTypeName="Microsoft.VisualStudio.TestTools.TestTypes.Unit.UnitTestAdapter, Microsoft.VisualStudio.QualityTools.Tips.UnitTest.Adapter, Version=10.0.0.0, Culture=neutral, PublicKeyToken=b03f5f7f11d50a3a" className="Tests.ProveedorRepositorioTest, Tests, Version=1.0.0.0, Culture=neutral, PublicKeyToken=null" name="listarProveedoresTest" />
    </UnitTest>
    <UnitTest name="listarArticulosPorPrendaTest" storage="c:\users\diego\google drive\facultad\trabajo final ingenieria\entrega final 15.12\uniprof 27.11\uniprof\tests\bin\debug\tests.dll" id="b942b6d6-f408-1783-9c4d-ef179ac5d56f">
      <Execution id="a7cd6c37-282d-427b-ad7c-68a699d0a3e7" />
      <TestMethod codeBase="C:/Users/Diego/Google Drive/Facultad/Trabajo Final Ingenieria/Entrega Final 15.12/Uniprof 27.11/Uniprof/Tests/bin/Debug/Tests.DLL" adapterTypeName="Microsoft.VisualStudio.TestTools.TestTypes.Unit.UnitTestAdapter, Microsoft.VisualStudio.QualityTools.Tips.UnitTest.Adapter, Version=10.0.0.0, Culture=neutral, PublicKeyToken=b03f5f7f11d50a3a" className="Tests.ArticuloBusinessTest, Tests, Version=1.0.0.0, Culture=neutral, PublicKeyToken=null" name="listarArticulosPorPrendaTest" />
    </UnitTest>
    <UnitTest name="modificarMovimientosClienteTest" storage="c:\users\diego\google drive\facultad\trabajo final ingenieria\entrega final 15.12\uniprof 27.11\uniprof\tests\bin\debug\tests.dll" id="c40068e0-385e-bf45-abe2-9f61f6d3993f">
      <Execution id="3477efd4-0cc4-408b-9a37-cfdf23d840e5" />
      <TestMethod codeBase="C:/Users/Diego/Google Drive/Facultad/Trabajo Final Ingenieria/Entrega Final 15.12/Uniprof 27.11/Uniprof/Tests/bin/Debug/Tests.DLL" adapterTypeName="Microsoft.VisualStudio.TestTools.TestTypes.Unit.UnitTestAdapter, Microsoft.VisualStudio.QualityTools.Tips.UnitTest.Adapter, Version=10.0.0.0, Culture=neutral, PublicKeyToken=b03f5f7f11d50a3a" className="Tests.MovimientoCuentaProveedorTDGTest, Tests, Version=1.0.0.0, Culture=neutral, PublicKeyToken=null" name="modificarMovimientosClienteTest" />
    </UnitTest>
    <UnitTest name="buscarTipoCuentaPorIdTest" storage="c:\users\diego\google drive\facultad\trabajo final ingenieria\entrega final 15.12\uniprof 27.11\uniprof\tests\bin\debug\tests.dll" id="a5adf3df-a9f8-2832-66ba-f690ea4581d6">
      <Execution id="00e779e7-5939-48f0-bacb-a92e01f4b351" />
      <TestMethod codeBase="C:/Users/Diego/Google Drive/Facultad/Trabajo Final Ingenieria/Entrega Final 15.12/Uniprof 27.11/Uniprof/Tests/bin/Debug/Tests.DLL" adapterTypeName="Microsoft.VisualStudio.TestTools.TestTypes.Unit.UnitTestAdapter, Microsoft.VisualStudio.QualityTools.Tips.UnitTest.Adapter, Version=10.0.0.0, Culture=neutral, PublicKeyToken=b03f5f7f11d50a3a" className="Tests.CuentaTDGTest, Tests, Version=1.0.0.0, Culture=neutral, PublicKeyToken=null" name="buscarTipoCuentaPorIdTest" />
    </UnitTest>
    <UnitTest name="modificarInsumoTest" storage="c:\users\diego\google drive\facultad\trabajo final ingenieria\entrega final 15.12\uniprof 27.11\uniprof\tests\bin\debug\tests.dll" id="59ac30e1-edc3-3193-83d1-44bf47baeaf4">
      <Execution id="dd4f0d97-14de-4dbc-95df-60b430097a3f" />
      <TestMethod codeBase="C:/Users/Diego/Google Drive/Facultad/Trabajo Final Ingenieria/Entrega Final 15.12/Uniprof 27.11/Uniprof/Tests/bin/Debug/Tests.DLL" adapterTypeName="Microsoft.VisualStudio.TestTools.TestTypes.Unit.UnitTestAdapter, Microsoft.VisualStudio.QualityTools.Tips.UnitTest.Adapter, Version=10.0.0.0, Culture=neutral, PublicKeyToken=b03f5f7f11d50a3a" className="Tests.InsumoTDGTest, Tests, Version=1.0.0.0, Culture=neutral, PublicKeyToken=null" name="modificarInsumoTest" />
    </UnitTest>
    <UnitTest name="grabarMensajeTest" storage="c:\users\diego\google drive\facultad\trabajo final ingenieria\entrega final 15.12\uniprof 27.11\uniprof\tests\bin\debug\tests.dll" id="29f0136c-6b94-67a3-1d98-7e9ef56e0b01">
      <Execution id="d8dfa585-dc01-4dc1-b61b-075415c04f79" />
      <TestMethod codeBase="C:/Users/Diego/Google Drive/Facultad/Trabajo Final Ingenieria/Entrega Final 15.12/Uniprof 27.11/Uniprof/Tests/bin/Debug/Tests.DLL" adapterTypeName="Microsoft.VisualStudio.TestTools.TestTypes.Unit.UnitTestAdapter, Microsoft.VisualStudio.QualityTools.Tips.UnitTest.Adapter, Version=10.0.0.0, Culture=neutral, PublicKeyToken=b03f5f7f11d50a3a" className="Tests.ConversacionTDGTest, Tests, Version=1.0.0.0, Culture=neutral, PublicKeyToken=null" name="grabarMensajeTest" />
    </UnitTest>
    <UnitTest name="buscarPedidoPorCodigoTest" storage="c:\users\diego\google drive\facultad\trabajo final ingenieria\entrega final 15.12\uniprof 27.11\uniprof\tests\bin\debug\tests.dll" id="13283e1a-ebd5-2811-9974-2614dbf7730f">
      <Execution id="e8dcb993-9861-4193-95c5-286c87351d0d" />
      <TestMethod codeBase="C:/Users/Diego/Google Drive/Facultad/Trabajo Final Ingenieria/Entrega Final 15.12/Uniprof 27.11/Uniprof/Tests/bin/Debug/Tests.DLL" adapterTypeName="Microsoft.VisualStudio.TestTools.TestTypes.Unit.UnitTestAdapter, Microsoft.VisualStudio.QualityTools.Tips.UnitTest.Adapter, Version=10.0.0.0, Culture=neutral, PublicKeyToken=b03f5f7f11d50a3a" className="Tests.PedidoRepositorioTest, Tests, Version=1.0.0.0, Culture=neutral, PublicKeyToken=null" name="buscarPedidoPorCodigoTest" />
    </UnitTest>
    <UnitTest name="borrarOperadorTest" storage="c:\users\diego\google drive\facultad\trabajo final ingenieria\entrega final 15.12\uniprof 27.11\uniprof\tests\bin\debug\tests.dll" id="85ca884d-a763-a279-970a-decd7d2ef2e7">
      <Execution id="3206a922-19e2-4c48-8b3f-dfd83c0a44a3" />
      <TestMethod codeBase="C:/Users/Diego/Google Drive/Facultad/Trabajo Final Ingenieria/Entrega Final 15.12/Uniprof 27.11/Uniprof/Tests/bin/Debug/Tests.DLL" adapterTypeName="Microsoft.VisualStudio.TestTools.TestTypes.Unit.UnitTestAdapter, Microsoft.VisualStudio.QualityTools.Tips.UnitTest.Adapter, Version=10.0.0.0, Culture=neutral, PublicKeyToken=b03f5f7f11d50a3a" className="Tests.OperadorTDGTest, Tests, Version=1.0.0.0, Culture=neutral, PublicKeyToken=null" name="borrarOperadorTest" />
    </UnitTest>
    <UnitTest name="cargarLineasPorFacturaTest" storage="c:\users\diego\google drive\facultad\trabajo final ingenieria\entrega final 15.12\uniprof 27.11\uniprof\tests\bin\debug\tests.dll" id="79432a3c-09ad-494a-94b0-409081b91296">
      <Execution id="84fb640d-440e-43d6-a6d3-c5242b658b57" />
      <TestMethod codeBase="C:/Users/Diego/Google Drive/Facultad/Trabajo Final Ingenieria/Entrega Final 15.12/Uniprof 27.11/Uniprof/Tests/bin/Debug/Tests.DLL" adapterTypeName="Microsoft.VisualStudio.TestTools.TestTypes.Unit.UnitTestAdapter, Microsoft.VisualStudio.QualityTools.Tips.UnitTest.Adapter, Version=10.0.0.0, Culture=neutral, PublicKeyToken=b03f5f7f11d50a3a" className="Tests.LineaFacturaRepostorioTest, Tests, Version=1.0.0.0, Culture=neutral, PublicKeyToken=null" name="cargarLineasPorFacturaTest" />
    </UnitTest>
    <UnitTest name="listarPedidosPorClienteTest" storage="c:\users\diego\google drive\facultad\trabajo final ingenieria\entrega final 15.12\uniprof 27.11\uniprof\tests\bin\debug\tests.dll" id="66a338ec-66f0-37fa-1bf3-601efb395594">
      <Execution id="af0ee4eb-2b00-4a22-8f71-740fec0c9c4b" />
      <TestMethod codeBase="C:/Users/Diego/Google Drive/Facultad/Trabajo Final Ingenieria/Entrega Final 15.12/Uniprof 27.11/Uniprof/Tests/bin/Debug/Tests.DLL" adapterTypeName="Microsoft.VisualStudio.TestTools.TestTypes.Unit.UnitTestAdapter, Microsoft.VisualStudio.QualityTools.Tips.UnitTest.Adapter, Version=10.0.0.0, Culture=neutral, PublicKeyToken=b03f5f7f11d50a3a" className="Tests.PedidoRepositorioTest, Tests, Version=1.0.0.0, Culture=neutral, PublicKeyToken=null" name="listarPedidosPorClienteTest" />
    </UnitTest>
    <UnitTest name="listarUsuariosTest" storage="c:\users\diego\google drive\facultad\trabajo final ingenieria\entrega final 15.12\uniprof 27.11\uniprof\tests\bin\debug\tests.dll" id="7f31f25c-e328-77fa-dde7-0ee6e5a7e366">
      <Execution id="ece5e5b8-c593-4123-a883-43b8de299012" />
      <TestMethod codeBase="C:/Users/Diego/Google Drive/Facultad/Trabajo Final Ingenieria/Entrega Final 15.12/Uniprof 27.11/Uniprof/Tests/bin/Debug/Tests.DLL" adapterTypeName="Microsoft.VisualStudio.TestTools.TestTypes.Unit.UnitTestAdapter, Microsoft.VisualStudio.QualityTools.Tips.UnitTest.Adapter, Version=10.0.0.0, Culture=neutral, PublicKeyToken=b03f5f7f11d50a3a" className="Tests.UsuarioRepositorioTest, Tests, Version=1.0.0.0, Culture=neutral, PublicKeyToken=null" name="listarUsuariosTest" />
    </UnitTest>
    <UnitTest name="buscarProveedoresPorNombreTest" storage="c:\users\diego\google drive\facultad\trabajo final ingenieria\entrega final 15.12\uniprof 27.11\uniprof\tests\bin\debug\tests.dll" id="723aff45-3bd6-6949-d938-d2ccbc2f388d">
      <Execution id="a6a883e2-6170-4a5f-903f-a2ed0ef30695" />
      <TestMethod codeBase="C:/Users/Diego/Google Drive/Facultad/Trabajo Final Ingenieria/Entrega Final 15.12/Uniprof 27.11/Uniprof/Tests/bin/Debug/Tests.DLL" adapterTypeName="Microsoft.VisualStudio.TestTools.TestTypes.Unit.UnitTestAdapter, Microsoft.VisualStudio.QualityTools.Tips.UnitTest.Adapter, Version=10.0.0.0, Culture=neutral, PublicKeyToken=b03f5f7f11d50a3a" className="Tests.ProveedorRepositorioTest, Tests, Version=1.0.0.0, Culture=neutral, PublicKeyToken=null" name="buscarProveedoresPorNombreTest" />
    </UnitTest>
    <UnitTest name="cargarFamiliasPorIdTest" storage="c:\users\diego\google drive\facultad\trabajo final ingenieria\entrega final 15.12\uniprof 27.11\uniprof\tests\bin\debug\tests.dll" id="2c93c645-adc5-bb40-79d7-b39e8ca0fa8c">
      <Execution id="e9e75c26-5165-41d9-b1e4-b0a1b5b98e06" />
      <TestMethod codeBase="C:/Users/Diego/Google Drive/Facultad/Trabajo Final Ingenieria/Entrega Final 15.12/Uniprof 27.11/Uniprof/Tests/bin/Debug/Tests.DLL" adapterTypeName="Microsoft.VisualStudio.TestTools.TestTypes.Unit.UnitTestAdapter, Microsoft.VisualStudio.QualityTools.Tips.UnitTest.Adapter, Version=10.0.0.0, Culture=neutral, PublicKeyToken=b03f5f7f11d50a3a" className="Tests.FamiliaTDGTest, Tests, Version=1.0.0.0, Culture=neutral, PublicKeyToken=null" name="cargarFamiliasPorIdTest" />
    </UnitTest>
    <UnitTest name="listarArticulosPorDiseñoTest" storage="c:\users\diego\google drive\facultad\trabajo final ingenieria\entrega final 15.12\uniprof 27.11\uniprof\tests\bin\debug\tests.dll" id="f55d90a1-1701-8dfe-c19c-fedfde1208d9">
      <Execution id="52cb0041-297f-4d5a-b63e-ec1bd50e3903" />
      <TestMethod codeBase="C:/Users/Diego/Google Drive/Facultad/Trabajo Final Ingenieria/Entrega Final 15.12/Uniprof 27.11/Uniprof/Tests/bin/Debug/Tests.DLL" adapterTypeName="Microsoft.VisualStudio.TestTools.TestTypes.Unit.UnitTestAdapter, Microsoft.VisualStudio.QualityTools.Tips.UnitTest.Adapter, Version=10.0.0.0, Culture=neutral, PublicKeyToken=b03f5f7f11d50a3a" className="Tests.ArticuloRepositorioTest, Tests, Version=1.0.0.0, Culture=neutral, PublicKeyToken=null" name="listarArticulosPorDiseñoTest" />
    </UnitTest>
    <UnitTest name="buscarPorDescripcionTest" storage="c:\users\diego\google drive\facultad\trabajo final ingenieria\entrega final 15.12\uniprof 27.11\uniprof\tests\bin\debug\tests.dll" id="4d891028-ff30-5474-0c6f-59e839f50717">
      <Execution id="c9bce767-2084-49a6-8ead-aa08138c5ab4" />
      <TestMethod codeBase="C:/Users/Diego/Google Drive/Facultad/Trabajo Final Ingenieria/Entrega Final 15.12/Uniprof 27.11/Uniprof/Tests/bin/Debug/Tests.DLL" adapterTypeName="Microsoft.VisualStudio.TestTools.TestTypes.Unit.UnitTestAdapter, Microsoft.VisualStudio.QualityTools.Tips.UnitTest.Adapter, Version=10.0.0.0, Culture=neutral, PublicKeyToken=b03f5f7f11d50a3a" className="Tests.TipoMovimientoTDGTest, Tests, Version=1.0.0.0, Culture=neutral, PublicKeyToken=null" name="buscarPorDescripcionTest" />
    </UnitTest>
    <UnitTest name="cargarDiseñosTest" storage="c:\users\diego\google drive\facultad\trabajo final ingenieria\entrega final 15.12\uniprof 27.11\uniprof\tests\bin\debug\tests.dll" id="07a2548d-4241-58e9-0562-3d619b418bbb">
      <Execution id="d8099bd6-f77c-4920-93d4-419a7a061c0d" />
      <TestMethod codeBase="C:/Users/Diego/Google Drive/Facultad/Trabajo Final Ingenieria/Entrega Final 15.12/Uniprof 27.11/Uniprof/Tests/bin/Debug/Tests.DLL" adapterTypeName="Microsoft.VisualStudio.TestTools.TestTypes.Unit.UnitTestAdapter, Microsoft.VisualStudio.QualityTools.Tips.UnitTest.Adapter, Version=10.0.0.0, Culture=neutral, PublicKeyToken=b03f5f7f11d50a3a" className="Tests.DiseñoTDGTest, Tests, Version=1.0.0.0, Culture=neutral, PublicKeyToken=null" name="cargarDiseñosTest" />
    </UnitTest>
    <UnitTest name="guardarFamiliaTest" storage="c:\users\diego\google drive\facultad\trabajo final ingenieria\entrega final 15.12\uniprof 27.11\uniprof\tests\bin\debug\tests.dll" id="96e75478-d13a-94b1-f4d7-4e30153efd6b">
      <Execution id="c33dcf7c-a085-4101-9a07-209ef674f589" />
      <TestMethod codeBase="C:/Users/Diego/Google Drive/Facultad/Trabajo Final Ingenieria/Entrega Final 15.12/Uniprof 27.11/Uniprof/Tests/bin/Debug/Tests.DLL" adapterTypeName="Microsoft.VisualStudio.TestTools.TestTypes.Unit.UnitTestAdapter, Microsoft.VisualStudio.QualityTools.Tips.UnitTest.Adapter, Version=10.0.0.0, Culture=neutral, PublicKeyToken=b03f5f7f11d50a3a" className="Tests.FamiliaBusinessTest, Tests, Version=1.0.0.0, Culture=neutral, PublicKeyToken=null" name="guardarFamiliaTest" />
    </UnitTest>
    <UnitTest name="modificarTest" storage="c:\users\diego\google drive\facultad\trabajo final ingenieria\entrega final 15.12\uniprof 27.11\uniprof\tests\bin\debug\tests.dll" id="4d2a8d5b-b176-00fc-503a-b6acea4e399d">
      <Execution id="850fcf48-1936-4214-af2d-83e87f06d7a9" />
      <TestMethod codeBase="C:/Users/Diego/Google Drive/Facultad/Trabajo Final Ingenieria/Entrega Final 15.12/Uniprof 27.11/Uniprof/Tests/bin/Debug/Tests.DLL" adapterTypeName="Microsoft.VisualStudio.TestTools.TestTypes.Unit.UnitTestAdapter, Microsoft.VisualStudio.QualityTools.Tips.UnitTest.Adapter, Version=10.0.0.0, Culture=neutral, PublicKeyToken=b03f5f7f11d50a3a" className="Tests.MensajeRepositorioTest, Tests, Version=1.0.0.0, Culture=neutral, PublicKeyToken=null" name="modificarTest" />
    </UnitTest>
    <UnitTest name="actualizarTest" storage="c:\users\diego\google drive\facultad\trabajo final ingenieria\entrega final 15.12\uniprof 27.11\uniprof\tests\bin\debug\tests.dll" id="a85e6fd4-de45-4652-f9ef-c22afc1ca0bf">
      <Execution id="3cb6aef9-dcf6-4dcd-a525-533c2173b159" />
      <TestMethod codeBase="C:/Users/Diego/Google Drive/Facultad/Trabajo Final Ingenieria/Entrega Final 15.12/Uniprof 27.11/Uniprof/Tests/bin/Debug/Tests.DLL" adapterTypeName="Microsoft.VisualStudio.TestTools.TestTypes.Unit.UnitTestAdapter, Microsoft.VisualStudio.QualityTools.Tips.UnitTest.Adapter, Version=10.0.0.0, Culture=neutral, PublicKeyToken=b03f5f7f11d50a3a" className="Tests.ProveedorBusinessTest, Tests, Version=1.0.0.0, Culture=neutral, PublicKeyToken=null" name="actualizarTest" />
    </UnitTest>
    <UnitTest name="listarNewsletterTest" storage="c:\users\diego\google drive\facultad\trabajo final ingenieria\entrega final 15.12\uniprof 27.11\uniprof\tests\bin\debug\tests.dll" id="776c9b88-b138-d6aa-dd32-a876a9437025">
      <Execution id="333d156e-9254-4555-bbc5-d5b836431179" />
      <TestMethod codeBase="C:/Users/Diego/Google Drive/Facultad/Trabajo Final Ingenieria/Entrega Final 15.12/Uniprof 27.11/Uniprof/Tests/bin/Debug/Tests.DLL" adapterTypeName="Microsoft.VisualStudio.TestTools.TestTypes.Unit.UnitTestAdapter, Microsoft.VisualStudio.QualityTools.Tips.UnitTest.Adapter, Version=10.0.0.0, Culture=neutral, PublicKeyToken=b03f5f7f11d50a3a" className="Tests.NewsletterBusinessTest, Tests, Version=1.0.0.0, Culture=neutral, PublicKeyToken=null" name="listarNewsletterTest" />
    </UnitTest>
    <UnitTest name="listarPedidosPorClienteTest" storage="c:\users\diego\google drive\facultad\trabajo final ingenieria\entrega final 15.12\uniprof 27.11\uniprof\tests\bin\debug\tests.dll" id="82c5d364-01e4-3d1f-8a3c-419d68a3ff5f">
      <Execution id="439fdb48-1473-4136-9a89-59f169fda472" />
      <TestMethod codeBase="C:/Users/Diego/Google Drive/Facultad/Trabajo Final Ingenieria/Entrega Final 15.12/Uniprof 27.11/Uniprof/Tests/bin/Debug/Tests.DLL" adapterTypeName="Microsoft.VisualStudio.TestTools.TestTypes.Unit.UnitTestAdapter, Microsoft.VisualStudio.QualityTools.Tips.UnitTest.Adapter, Version=10.0.0.0, Culture=neutral, PublicKeyToken=b03f5f7f11d50a3a" className="Tests.PedidoBusinessTest, Tests, Version=1.0.0.0, Culture=neutral, PublicKeyToken=null" name="listarPedidosPorClienteTest" />
    </UnitTest>
    <UnitTest name="grabarFamiliaTest" storage="c:\users\diego\google drive\facultad\trabajo final ingenieria\entrega final 15.12\uniprof 27.11\uniprof\tests\bin\debug\tests.dll" id="edb7a5b7-9d9c-7fee-8224-ff9d0e654bf2">
      <Execution id="1e74d70f-88da-4835-badb-6f1c7a68d558" />
      <TestMethod codeBase="C:/Users/Diego/Google Drive/Facultad/Trabajo Final Ingenieria/Entrega Final 15.12/Uniprof 27.11/Uniprof/Tests/bin/Debug/Tests.DLL" adapterTypeName="Microsoft.VisualStudio.TestTools.TestTypes.Unit.UnitTestAdapter, Microsoft.VisualStudio.QualityTools.Tips.UnitTest.Adapter, Version=10.0.0.0, Culture=neutral, PublicKeyToken=b03f5f7f11d50a3a" className="Tests.FamiliaTDGTest, Tests, Version=1.0.0.0, Culture=neutral, PublicKeyToken=null" name="grabarFamiliaTest" />
    </UnitTest>
    <UnitTest name="guardarOpinionTest" storage="c:\users\diego\google drive\facultad\trabajo final ingenieria\entrega final 15.12\uniprof 27.11\uniprof\tests\bin\debug\tests.dll" id="97997216-b9cb-a346-d834-1a6abbc22200">
      <Execution id="20841e55-4062-420c-9804-45afb3051771" />
      <TestMethod codeBase="C:/Users/Diego/Google Drive/Facultad/Trabajo Final Ingenieria/Entrega Final 15.12/Uniprof 27.11/Uniprof/Tests/bin/Debug/Tests.DLL" adapterTypeName="Microsoft.VisualStudio.TestTools.TestTypes.Unit.UnitTestAdapter, Microsoft.VisualStudio.QualityTools.Tips.UnitTest.Adapter, Version=10.0.0.0, Culture=neutral, PublicKeyToken=b03f5f7f11d50a3a" className="Tests.OpinionTDGTest, Tests, Version=1.0.0.0, Culture=neutral, PublicKeyToken=null" name="guardarOpinionTest" />
    </UnitTest>
    <UnitTest name="listarOrdenDeComprasPorIdTest" storage="c:\users\diego\google drive\facultad\trabajo final ingenieria\entrega final 15.12\uniprof 27.11\uniprof\tests\bin\debug\tests.dll" id="39eb9513-2b02-9bb1-bfd3-cd5a5b8ce938">
      <Execution id="ef32bcb0-ab79-4ab8-91a9-6118fd5d5dac" />
      <TestMethod codeBase="C:/Users/Diego/Google Drive/Facultad/Trabajo Final Ingenieria/Entrega Final 15.12/Uniprof 27.11/Uniprof/Tests/bin/Debug/Tests.DLL" adapterTypeName="Microsoft.VisualStudio.TestTools.TestTypes.Unit.UnitTestAdapter, Microsoft.VisualStudio.QualityTools.Tips.UnitTest.Adapter, Version=10.0.0.0, Culture=neutral, PublicKeyToken=b03f5f7f11d50a3a" className="Tests.OrdenCompraRepositorioTest, Tests, Version=1.0.0.0, Culture=neutral, PublicKeyToken=null" name="listarOrdenDeComprasPorIdTest" />
    </UnitTest>
    <UnitTest name="listarMovimientosPorProveedorTest" storage="c:\users\diego\google drive\facultad\trabajo final ingenieria\entrega final 15.12\uniprof 27.11\uniprof\tests\bin\debug\tests.dll" id="aa3d2f13-ce91-e85a-b860-661244f697ca">
      <Execution id="541a0896-43e1-46f0-ae37-3ac803154fa5" />
      <TestMethod codeBase="C:/Users/Diego/Google Drive/Facultad/Trabajo Final Ingenieria/Entrega Final 15.12/Uniprof 27.11/Uniprof/Tests/bin/Debug/Tests.DLL" adapterTypeName="Microsoft.VisualStudio.TestTools.TestTypes.Unit.UnitTestAdapter, Microsoft.VisualStudio.QualityTools.Tips.UnitTest.Adapter, Version=10.0.0.0, Culture=neutral, PublicKeyToken=b03f5f7f11d50a3a" className="Tests.MovimientoProveedorBusinessTest, Tests, Version=1.0.0.0, Culture=neutral, PublicKeyToken=null" name="listarMovimientosPorProveedorTest" />
    </UnitTest>
    <UnitTest name="guardarArticuloTest" storage="c:\users\diego\google drive\facultad\trabajo final ingenieria\entrega final 15.12\uniprof 27.11\uniprof\tests\bin\debug\tests.dll" id="f8f00cb1-b7c7-8a4f-6936-45675a68da47">
      <Execution id="563d88b0-8da3-417f-abe1-fbe4d9585d57" />
      <TestMethod codeBase="C:/Users/Diego/Google Drive/Facultad/Trabajo Final Ingenieria/Entrega Final 15.12/Uniprof 27.11/Uniprof/Tests/bin/Debug/Tests.DLL" adapterTypeName="Microsoft.VisualStudio.TestTools.TestTypes.Unit.UnitTestAdapter, Microsoft.VisualStudio.QualityTools.Tips.UnitTest.Adapter, Version=10.0.0.0, Culture=neutral, PublicKeyToken=b03f5f7f11d50a3a" className="Tests.ArticuloRepositorioTest, Tests, Version=1.0.0.0, Culture=neutral, PublicKeyToken=null" name="guardarArticuloTest" />
    </UnitTest>
    <UnitTest name="listarPedidosTest" storage="c:\users\diego\google drive\facultad\trabajo final ingenieria\entrega final 15.12\uniprof 27.11\uniprof\tests\bin\debug\tests.dll" id="a517dabf-4b66-5f3c-ac24-0d2164897c8e">
      <Execution id="c16765db-d14b-4396-a76e-49571444828e" />
      <TestMethod codeBase="C:/Users/Diego/Google Drive/Facultad/Trabajo Final Ingenieria/Entrega Final 15.12/Uniprof 27.11/Uniprof/Tests/bin/Debug/Tests.DLL" adapterTypeName="Microsoft.VisualStudio.TestTools.TestTypes.Unit.UnitTestAdapter, Microsoft.VisualStudio.QualityTools.Tips.UnitTest.Adapter, Version=10.0.0.0, Culture=neutral, PublicKeyToken=b03f5f7f11d50a3a" className="Tests.PedidoRepositorioTest, Tests, Version=1.0.0.0, Culture=neutral, PublicKeyToken=null" name="listarPedidosTest" />
    </UnitTest>
    <UnitTest name="grabarPrendaTest" storage="c:\users\diego\google drive\facultad\trabajo final ingenieria\entrega final 15.12\uniprof 27.11\uniprof\tests\bin\debug\tests.dll" id="5bbb6d67-7645-c72a-0a3d-d422f73b22ec">
      <Execution id="d275c830-088d-4480-9c44-5cc2ed1e3e69" />
      <TestMethod codeBase="C:/Users/Diego/Google Drive/Facultad/Trabajo Final Ingenieria/Entrega Final 15.12/Uniprof 27.11/Uniprof/Tests/bin/Debug/Tests.DLL" adapterTypeName="Microsoft.VisualStudio.TestTools.TestTypes.Unit.UnitTestAdapter, Microsoft.VisualStudio.QualityTools.Tips.UnitTest.Adapter, Version=10.0.0.0, Culture=neutral, PublicKeyToken=b03f5f7f11d50a3a" className="Tests.TipoPrendaBusinessTest, Tests, Version=1.0.0.0, Culture=neutral, PublicKeyToken=null" name="grabarPrendaTest" />
    </UnitTest>
    <UnitTest name="actualizarMovimientoTest" storage="c:\users\diego\google drive\facultad\trabajo final ingenieria\entrega final 15.12\uniprof 27.11\uniprof\tests\bin\debug\tests.dll" id="53fb134c-9656-57a4-8598-b11e28cf481e">
      <Execution id="723ac32b-46d5-46ff-b170-f6a5b1680738" />
      <TestMethod codeBase="C:/Users/Diego/Google Drive/Facultad/Trabajo Final Ingenieria/Entrega Final 15.12/Uniprof 27.11/Uniprof/Tests/bin/Debug/Tests.DLL" adapterTypeName="Microsoft.VisualStudio.TestTools.TestTypes.Unit.UnitTestAdapter, Microsoft.VisualStudio.QualityTools.Tips.UnitTest.Adapter, Version=10.0.0.0, Culture=neutral, PublicKeyToken=b03f5f7f11d50a3a" className="Tests.MovimientoProveedorBusinessTest, Tests, Version=1.0.0.0, Culture=neutral, PublicKeyToken=null" name="actualizarMovimientoTest" />
    </UnitTest>
    <UnitTest name="DataAccesObjectConstructorTest" storage="c:\users\diego\google drive\facultad\trabajo final ingenieria\entrega final 15.12\uniprof 27.11\uniprof\tests\bin\debug\tests.dll" id="d2ff731c-908c-96c5-902b-39b6c7e680d7">
      <Execution id="64373c7b-d99d-44c8-8aac-504e5d9945ed" />
      <TestMethod codeBase="C:/Users/Diego/Google Drive/Facultad/Trabajo Final Ingenieria/Entrega Final 15.12/Uniprof 27.11/Uniprof/Tests/bin/Debug/Tests.DLL" adapterTypeName="Microsoft.VisualStudio.TestTools.TestTypes.Unit.UnitTestAdapter, Microsoft.VisualStudio.QualityTools.Tips.UnitTest.Adapter, Version=10.0.0.0, Culture=neutral, PublicKeyToken=b03f5f7f11d50a3a" className="Tests.DataAccesObjectTest, Tests, Version=1.0.0.0, Culture=neutral, PublicKeyToken=null" name="DataAccesObjectConstructorTest" />
    </UnitTest>
    <UnitTest name="actualizarPedidoTest" storage="c:\users\diego\google drive\facultad\trabajo final ingenieria\entrega final 15.12\uniprof 27.11\uniprof\tests\bin\debug\tests.dll" id="a80088bc-1bb3-9447-8317-64a7363d3cfe">
      <Execution id="82f0aa45-0259-4bc1-af88-fbb70f627936" />
      <TestMethod codeBase="C:/Users/Diego/Google Drive/Facultad/Trabajo Final Ingenieria/Entrega Final 15.12/Uniprof 27.11/Uniprof/Tests/bin/Debug/Tests.DLL" adapterTypeName="Microsoft.VisualStudio.TestTools.TestTypes.Unit.UnitTestAdapter, Microsoft.VisualStudio.QualityTools.Tips.UnitTest.Adapter, Version=10.0.0.0, Culture=neutral, PublicKeyToken=b03f5f7f11d50a3a" className="Tests.PedidoBusinessTest, Tests, Version=1.0.0.0, Culture=neutral, PublicKeyToken=null" name="actualizarPedidoTest" />
    </UnitTest>
    <UnitTest name="cargarFamiliaTest" storage="c:\users\diego\google drive\facultad\trabajo final ingenieria\entrega final 15.12\uniprof 27.11\uniprof\tests\bin\debug\tests.dll" id="882cbeee-1641-823c-0b10-58aeb9cabf93">
      <Execution id="5e4e8f97-71d7-4ab8-a24a-c220cca616d8" />
      <TestMethod codeBase="C:/Users/Diego/Google Drive/Facultad/Trabajo Final Ingenieria/Entrega Final 15.12/Uniprof 27.11/Uniprof/Tests/bin/Debug/Tests.DLL" adapterTypeName="Microsoft.VisualStudio.TestTools.TestTypes.Unit.UnitTestAdapter, Microsoft.VisualStudio.QualityTools.Tips.UnitTest.Adapter, Version=10.0.0.0, Culture=neutral, PublicKeyToken=b03f5f7f11d50a3a" className="Tests.FamiliaBusinessTest, Tests, Version=1.0.0.0, Culture=neutral, PublicKeyToken=null" name="cargarFamiliaTest" />
    </UnitTest>
    <UnitTest name="buscarPrendasPorIDTest" storage="c:\users\diego\google drive\facultad\trabajo final ingenieria\entrega final 15.12\uniprof 27.11\uniprof\tests\bin\debug\tests.dll" id="dfd17420-5a13-5744-e6d4-81c04e097642">
      <Execution id="a9ec4f78-1efd-4488-8438-5d746a87bd77" />
      <TestMethod codeBase="C:/Users/Diego/Google Drive/Facultad/Trabajo Final Ingenieria/Entrega Final 15.12/Uniprof 27.11/Uniprof/Tests/bin/Debug/Tests.DLL" adapterTypeName="Microsoft.VisualStudio.TestTools.TestTypes.Unit.UnitTestAdapter, Microsoft.VisualStudio.QualityTools.Tips.UnitTest.Adapter, Version=10.0.0.0, Culture=neutral, PublicKeyToken=b03f5f7f11d50a3a" className="Tests.TipoPrendaBusinessTest, Tests, Version=1.0.0.0, Culture=neutral, PublicKeyToken=null" name="buscarPrendasPorIDTest" />
    </UnitTest>
    <UnitTest name="listarConversacionesPorUsuarioTest" storage="c:\users\diego\google drive\facultad\trabajo final ingenieria\entrega final 15.12\uniprof 27.11\uniprof\tests\bin\debug\tests.dll" id="2a172fd5-1ba6-de08-de7a-3705a01c8b9d">
      <Execution id="9e908916-6285-481d-909c-2bf976fec14d" />
      <TestMethod codeBase="C:/Users/Diego/Google Drive/Facultad/Trabajo Final Ingenieria/Entrega Final 15.12/Uniprof 27.11/Uniprof/Tests/bin/Debug/Tests.DLL" adapterTypeName="Microsoft.VisualStudio.TestTools.TestTypes.Unit.UnitTestAdapter, Microsoft.VisualStudio.QualityTools.Tips.UnitTest.Adapter, Version=10.0.0.0, Culture=neutral, PublicKeyToken=b03f5f7f11d50a3a" className="Tests.ConversacionBusinessTest, Tests, Version=1.0.0.0, Culture=neutral, PublicKeyToken=null" name="listarConversacionesPorUsuarioTest" />
    </UnitTest>
    <UnitTest name="grabarTest" storage="c:\users\diego\google drive\facultad\trabajo final ingenieria\entrega final 15.12\uniprof 27.11\uniprof\tests\bin\debug\tests.dll" id="ac4b28af-d8f4-b156-672f-168bba2db6f5">
      <Execution id="5d73e439-edf4-40b4-abef-1e277fce7fe5" />
      <TestMethod codeBase="C:/Users/Diego/Google Drive/Facultad/Trabajo Final Ingenieria/Entrega Final 15.12/Uniprof 27.11/Uniprof/Tests/bin/Debug/Tests.DLL" adapterTypeName="Microsoft.VisualStudio.TestTools.TestTypes.Unit.UnitTestAdapter, Microsoft.VisualStudio.QualityTools.Tips.UnitTest.Adapter, Version=10.0.0.0, Culture=neutral, PublicKeyToken=b03f5f7f11d50a3a" className="Tests.ConversacionRepositorioTest, Tests, Version=1.0.0.0, Culture=neutral, PublicKeyToken=null" name="grabarTest" />
    </UnitTest>
    <UnitTest name="listarProduccionPorPedidoTest" storage="c:\users\diego\google drive\facultad\trabajo final ingenieria\entrega final 15.12\uniprof 27.11\uniprof\tests\bin\debug\tests.dll" id="645f3b20-4ed4-9fc8-0db6-f5c22e3f0ef4">
      <Execution id="718a6bea-a699-4a28-8b49-1d4325d7dd69" />
      <TestMethod codeBase="C:/Users/Diego/Google Drive/Facultad/Trabajo Final Ingenieria/Entrega Final 15.12/Uniprof 27.11/Uniprof/Tests/bin/Debug/Tests.DLL" adapterTypeName="Microsoft.VisualStudio.TestTools.TestTypes.Unit.UnitTestAdapter, Microsoft.VisualStudio.QualityTools.Tips.UnitTest.Adapter, Version=10.0.0.0, Culture=neutral, PublicKeyToken=b03f5f7f11d50a3a" className="Tests.ProduccionBusinessTest, Tests, Version=1.0.0.0, Culture=neutral, PublicKeyToken=null" name="listarProduccionPorPedidoTest" />
    </UnitTest>
    <UnitTest name="buscarTipoCuentaPorIdTest2" storage="c:\users\diego\google drive\facultad\trabajo final ingenieria\entrega final 15.12\uniprof 27.11\uniprof\tests\bin\debug\tests.dll" id="1cea9887-e3c9-cea8-286a-dd9be44d7403">
      <Execution id="a83f4229-ebfb-45bb-ad1a-abb4955c85f4" />
      <TestMethod codeBase="C:/Users/Diego/Google Drive/Facultad/Trabajo Final Ingenieria/Entrega Final 15.12/Uniprof 27.11/Uniprof/Tests/bin/Debug/Tests.DLL" adapterTypeName="Microsoft.VisualStudio.TestTools.TestTypes.Unit.UnitTestAdapter, Microsoft.VisualStudio.QualityTools.Tips.UnitTest.Adapter, Version=10.0.0.0, Culture=neutral, PublicKeyToken=b03f5f7f11d50a3a" className="Tests.CuentaTDGTest, Tests, Version=1.0.0.0, Culture=neutral, PublicKeyToken=null" name="buscarTipoCuentaPorIdTest2" />
    </UnitTest>
    <UnitTest name="buscarDiseñoPorIdTest" storage="c:\users\diego\google drive\facultad\trabajo final ingenieria\entrega final 15.12\uniprof 27.11\uniprof\tests\bin\debug\tests.dll" id="f90684a7-a79c-7fc4-62c1-2b02b1a46484">
      <Execution id="286d9357-1a6b-42b9-8bdc-2f8d2b7f590d" />
      <TestMethod codeBase="C:/Users/Diego/Google Drive/Facultad/Trabajo Final Ingenieria/Entrega Final 15.12/Uniprof 27.11/Uniprof/Tests/bin/Debug/Tests.DLL" adapterTypeName="Microsoft.VisualStudio.TestTools.TestTypes.Unit.UnitTestAdapter, Microsoft.VisualStudio.QualityTools.Tips.UnitTest.Adapter, Version=10.0.0.0, Culture=neutral, PublicKeyToken=b03f5f7f11d50a3a" className="Tests.DiseñoBusinessTest, Tests, Version=1.0.0.0, Culture=neutral, PublicKeyToken=null" name="buscarDiseñoPorIdTest" />
    </UnitTest>
    <UnitTest name="grabarTest" storage="c:\users\diego\google drive\facultad\trabajo final ingenieria\entrega final 15.12\uniprof 27.11\uniprof\tests\bin\debug\tests.dll" id="851b9d78-997d-9c75-eab0-197fa14a11f0">
      <Execution id="ba126b8e-fbf8-49e2-aef4-d710a976d2a2" />
      <TestMethod codeBase="C:/Users/Diego/Google Drive/Facultad/Trabajo Final Ingenieria/Entrega Final 15.12/Uniprof 27.11/Uniprof/Tests/bin/Debug/Tests.DLL" adapterTypeName="Microsoft.VisualStudio.TestTools.TestTypes.Unit.UnitTestAdapter, Microsoft.VisualStudio.QualityTools.Tips.UnitTest.Adapter, Version=10.0.0.0, Culture=neutral, PublicKeyToken=b03f5f7f11d50a3a" className="Tests.ConversacionBusinessTest, Tests, Version=1.0.0.0, Culture=neutral, PublicKeyToken=null" name="grabarTest" />
    </UnitTest>
    <UnitTest name="grabarClienteTest" storage="c:\users\diego\google drive\facultad\trabajo final ingenieria\entrega final 15.12\uniprof 27.11\uniprof\tests\bin\debug\tests.dll" id="2f3865ce-701f-5035-c928-beb5bf354e66">
      <Execution id="94db2c1a-5d31-4353-8315-fdc55c19a859" />
      <TestMethod codeBase="C:/Users/Diego/Google Drive/Facultad/Trabajo Final Ingenieria/Entrega Final 15.12/Uniprof 27.11/Uniprof/Tests/bin/Debug/Tests.DLL" adapterTypeName="Microsoft.VisualStudio.TestTools.TestTypes.Unit.UnitTestAdapter, Microsoft.VisualStudio.QualityTools.Tips.UnitTest.Adapter, Version=10.0.0.0, Culture=neutral, PublicKeyToken=b03f5f7f11d50a3a" className="Tests.UsuarioBusinessTest, Tests, Version=1.0.0.0, Culture=neutral, PublicKeyToken=null" name="grabarClienteTest" />
    </UnitTest>
    <UnitTest name="listarPedidosTest" storage="c:\users\diego\google drive\facultad\trabajo final ingenieria\entrega final 15.12\uniprof 27.11\uniprof\tests\bin\debug\tests.dll" id="6c508edd-f42b-c301-6d53-7fe205a52a0b">
      <Execution id="4f27bd7a-235e-444c-9fa6-ccd33655a47d" />
      <TestMethod codeBase="C:/Users/Diego/Google Drive/Facultad/Trabajo Final Ingenieria/Entrega Final 15.12/Uniprof 27.11/Uniprof/Tests/bin/Debug/Tests.DLL" adapterTypeName="Microsoft.VisualStudio.TestTools.TestTypes.Unit.UnitTestAdapter, Microsoft.VisualStudio.QualityTools.Tips.UnitTest.Adapter, Version=10.0.0.0, Culture=neutral, PublicKeyToken=b03f5f7f11d50a3a" className="Tests.PedidoBusinessTest, Tests, Version=1.0.0.0, Culture=neutral, PublicKeyToken=null" name="listarPedidosTest" />
    </UnitTest>
    <UnitTest name="listarProduccionPorPedidoTest" storage="c:\users\diego\google drive\facultad\trabajo final ingenieria\entrega final 15.12\uniprof 27.11\uniprof\tests\bin\debug\tests.dll" id="b8413468-f954-3662-0efc-8c48132ad726">
      <Execution id="2a223099-c5d9-442e-9b9b-679618bc1597" />
      <TestMethod codeBase="C:/Users/Diego/Google Drive/Facultad/Trabajo Final Ingenieria/Entrega Final 15.12/Uniprof 27.11/Uniprof/Tests/bin/Debug/Tests.DLL" adapterTypeName="Microsoft.VisualStudio.TestTools.TestTypes.Unit.UnitTestAdapter, Microsoft.VisualStudio.QualityTools.Tips.UnitTest.Adapter, Version=10.0.0.0, Culture=neutral, PublicKeyToken=b03f5f7f11d50a3a" className="Tests.ProduccionRepositorioTest, Tests, Version=1.0.0.0, Culture=neutral, PublicKeyToken=null" name="listarProduccionPorPedidoTest" />
    </UnitTest>
    <UnitTest name="modificarNuevoPedidoTest" storage="c:\users\diego\google drive\facultad\trabajo final ingenieria\entrega final 15.12\uniprof 27.11\uniprof\tests\bin\debug\tests.dll" id="19a165a4-d445-e33e-7cb8-0f8a6d509eae">
      <Execution id="f221f49d-ef41-4c14-8c48-9c4b9a122cb5" />
      <TestMethod codeBase="C:/Users/Diego/Google Drive/Facultad/Trabajo Final Ingenieria/Entrega Final 15.12/Uniprof 27.11/Uniprof/Tests/bin/Debug/Tests.DLL" adapterTypeName="Microsoft.VisualStudio.TestTools.TestTypes.Unit.UnitTestAdapter, Microsoft.VisualStudio.QualityTools.Tips.UnitTest.Adapter, Version=10.0.0.0, Culture=neutral, PublicKeyToken=b03f5f7f11d50a3a" className="Tests.PedidoTDGTest, Tests, Version=1.0.0.0, Culture=neutral, PublicKeyToken=null" name="modificarNuevoPedidoTest" />
    </UnitTest>
    <UnitTest name="cargarFamiliasPorIdTest" storage="c:\users\diego\google drive\facultad\trabajo final ingenieria\entrega final 15.12\uniprof 27.11\uniprof\tests\bin\debug\tests.dll" id="8c73c5b1-73d0-fcfa-2a42-34f5914dbfb1">
      <Execution id="4dfc545c-8fd5-46d1-ae08-564d20351ab8" />
      <TestMethod codeBase="C:/Users/Diego/Google Drive/Facultad/Trabajo Final Ingenieria/Entrega Final 15.12/Uniprof 27.11/Uniprof/Tests/bin/Debug/Tests.DLL" adapterTypeName="Microsoft.VisualStudio.TestTools.TestTypes.Unit.UnitTestAdapter, Microsoft.VisualStudio.QualityTools.Tips.UnitTest.Adapter, Version=10.0.0.0, Culture=neutral, PublicKeyToken=b03f5f7f11d50a3a" className="Tests.FamiliaRepositorioTest, Tests, Version=1.0.0.0, Culture=neutral, PublicKeyToken=null" name="cargarFamiliasPorIdTest" />
    </UnitTest>
    <UnitTest name="listarMensajesTest" storage="c:\users\diego\google drive\facultad\trabajo final ingenieria\entrega final 15.12\uniprof 27.11\uniprof\tests\bin\debug\tests.dll" id="15e90031-185d-99ec-c865-633047dc95f1">
      <Execution id="fb0e1a83-0a28-4420-b2e7-3ccd86518542" />
      <TestMethod codeBase="C:/Users/Diego/Google Drive/Facultad/Trabajo Final Ingenieria/Entrega Final 15.12/Uniprof 27.11/Uniprof/Tests/bin/Debug/Tests.DLL" adapterTypeName="Microsoft.VisualStudio.TestTools.TestTypes.Unit.UnitTestAdapter, Microsoft.VisualStudio.QualityTools.Tips.UnitTest.Adapter, Version=10.0.0.0, Culture=neutral, PublicKeyToken=b03f5f7f11d50a3a" className="Tests.ConversacionRepositorioTest, Tests, Version=1.0.0.0, Culture=neutral, PublicKeyToken=null" name="listarMensajesTest" />
    </UnitTest>
    <UnitTest name="grabarMovimientoTest" storage="c:\users\diego\google drive\facultad\trabajo final ingenieria\entrega final 15.12\uniprof 27.11\uniprof\tests\bin\debug\tests.dll" id="6195d611-24d3-4e42-5b11-b2da792448d4">
      <Execution id="d40893b8-3e9d-4b00-8d1a-c2f6b7bb7b1d" />
      <TestMethod codeBase="C:/Users/Diego/Google Drive/Facultad/Trabajo Final Ingenieria/Entrega Final 15.12/Uniprof 27.11/Uniprof/Tests/bin/Debug/Tests.DLL" adapterTypeName="Microsoft.VisualStudio.TestTools.TestTypes.Unit.UnitTestAdapter, Microsoft.VisualStudio.QualityTools.Tips.UnitTest.Adapter, Version=10.0.0.0, Culture=neutral, PublicKeyToken=b03f5f7f11d50a3a" className="Tests.MovimientoClienteBusinessTest, Tests, Version=1.0.0.0, Culture=neutral, PublicKeyToken=null" name="grabarMovimientoTest" />
    </UnitTest>
    <UnitTest name="actualizarTipoPrendaTest" storage="c:\users\diego\google drive\facultad\trabajo final ingenieria\entrega final 15.12\uniprof 27.11\uniprof\tests\bin\debug\tests.dll" id="dba83ae6-c977-93af-bca8-afb2188d9d55">
      <Execution id="c4849827-d907-44f8-8df2-c0485770fc92" />
      <TestMethod codeBase="C:/Users/Diego/Google Drive/Facultad/Trabajo Final Ingenieria/Entrega Final 15.12/Uniprof 27.11/Uniprof/Tests/bin/Debug/Tests.DLL" adapterTypeName="Microsoft.VisualStudio.TestTools.TestTypes.Unit.UnitTestAdapter, Microsoft.VisualStudio.QualityTools.Tips.UnitTest.Adapter, Version=10.0.0.0, Culture=neutral, PublicKeyToken=b03f5f7f11d50a3a" className="Tests.TipoPrendaRepositorioTest, Tests, Version=1.0.0.0, Culture=neutral, PublicKeyToken=null" name="actualizarTipoPrendaTest" />
    </UnitTest>
    <UnitTest name="cargarFamiliaPorIdTest" storage="c:\users\diego\google drive\facultad\trabajo final ingenieria\entrega final 15.12\uniprof 27.11\uniprof\tests\bin\debug\tests.dll" id="a6894dd2-dcf0-7e92-7a7b-7a5aa8466339">
      <Execution id="fa34da2b-3193-46da-8580-5caac912e322" />
      <TestMethod codeBase="C:/Users/Diego/Google Drive/Facultad/Trabajo Final Ingenieria/Entrega Final 15.12/Uniprof 27.11/Uniprof/Tests/bin/Debug/Tests.DLL" adapterTypeName="Microsoft.VisualStudio.TestTools.TestTypes.Unit.UnitTestAdapter, Microsoft.VisualStudio.QualityTools.Tips.UnitTest.Adapter, Version=10.0.0.0, Culture=neutral, PublicKeyToken=b03f5f7f11d50a3a" className="Tests.FamiliaBusinessTest, Tests, Version=1.0.0.0, Culture=neutral, PublicKeyToken=null" name="cargarFamiliaPorIdTest" />
    </UnitTest>
    <UnitTest name="listarProduccionPorFechasTest" storage="c:\users\diego\google drive\facultad\trabajo final ingenieria\entrega final 15.12\uniprof 27.11\uniprof\tests\bin\debug\tests.dll" id="5e39e02d-2b70-3982-2130-96924fff6d81">
      <Execution id="4a7ac6b5-d555-41e9-a14f-5bdf9a29a0ec" />
      <TestMethod codeBase="C:/Users/Diego/Google Drive/Facultad/Trabajo Final Ingenieria/Entrega Final 15.12/Uniprof 27.11/Uniprof/Tests/bin/Debug/Tests.DLL" adapterTypeName="Microsoft.VisualStudio.TestTools.TestTypes.Unit.UnitTestAdapter, Microsoft.VisualStudio.QualityTools.Tips.UnitTest.Adapter, Version=10.0.0.0, Culture=neutral, PublicKeyToken=b03f5f7f11d50a3a" className="Tests.ProduccionRepositorioTest, Tests, Version=1.0.0.0, Culture=neutral, PublicKeyToken=null" name="listarProduccionPorFechasTest" />
    </UnitTest>
    <UnitTest name="listarProduccionPorCodigoTest" storage="c:\users\diego\google drive\facultad\trabajo final ingenieria\entrega final 15.12\uniprof 27.11\uniprof\tests\bin\debug\tests.dll" id="9b145e69-7969-d34a-ea49-9560a18e3f37">
      <Execution id="7afb880a-d4e4-4b97-8e76-77421d4f462e" />
      <TestMethod codeBase="C:/Users/Diego/Google Drive/Facultad/Trabajo Final Ingenieria/Entrega Final 15.12/Uniprof 27.11/Uniprof/Tests/bin/Debug/Tests.DLL" adapterTypeName="Microsoft.VisualStudio.TestTools.TestTypes.Unit.UnitTestAdapter, Microsoft.VisualStudio.QualityTools.Tips.UnitTest.Adapter, Version=10.0.0.0, Culture=neutral, PublicKeyToken=b03f5f7f11d50a3a" className="Tests.ProduccionBusinessTest, Tests, Version=1.0.0.0, Culture=neutral, PublicKeyToken=null" name="listarProduccionPorCodigoTest" />
    </UnitTest>
    <UnitTest name="grabarMaquinasTest" storage="c:\users\diego\google drive\facultad\trabajo final ingenieria\entrega final 15.12\uniprof 27.11\uniprof\tests\bin\debug\tests.dll" id="26d1e25c-63b7-c2c4-03c0-99f8e7631508">
      <Execution id="b67d7ec5-dd68-47be-a945-bb0713b47e57" />
      <TestMethod codeBase="C:/Users/Diego/Google Drive/Facultad/Trabajo Final Ingenieria/Entrega Final 15.12/Uniprof 27.11/Uniprof/Tests/bin/Debug/Tests.DLL" adapterTypeName="Microsoft.VisualStudio.TestTools.TestTypes.Unit.UnitTestAdapter, Microsoft.VisualStudio.QualityTools.Tips.UnitTest.Adapter, Version=10.0.0.0, Culture=neutral, PublicKeyToken=b03f5f7f11d50a3a" className="Tests.MaquinaTDGTest, Tests, Version=1.0.0.0, Culture=neutral, PublicKeyToken=null" name="grabarMaquinasTest" />
    </UnitTest>
    <UnitTest name="cargarLineasFacturaTest" storage="c:\users\diego\google drive\facultad\trabajo final ingenieria\entrega final 15.12\uniprof 27.11\uniprof\tests\bin\debug\tests.dll" id="6dbb761e-cbdb-2c43-0c61-55938d83de19">
      <Execution id="30fa7430-3134-4917-ba05-e40aa7731adc" />
      <TestMethod codeBase="C:/Users/Diego/Google Drive/Facultad/Trabajo Final Ingenieria/Entrega Final 15.12/Uniprof 27.11/Uniprof/Tests/bin/Debug/Tests.DLL" adapterTypeName="Microsoft.VisualStudio.TestTools.TestTypes.Unit.UnitTestAdapter, Microsoft.VisualStudio.QualityTools.Tips.UnitTest.Adapter, Version=10.0.0.0, Culture=neutral, PublicKeyToken=b03f5f7f11d50a3a" className="Tests.LineaOrdenDeCompraTDGTest, Tests, Version=1.0.0.0, Culture=neutral, PublicKeyToken=null" name="cargarLineasFacturaTest" />
    </UnitTest>
    <UnitTest name="grabarMovimientosClienteTest" storage="c:\users\diego\google drive\facultad\trabajo final ingenieria\entrega final 15.12\uniprof 27.11\uniprof\tests\bin\debug\tests.dll" id="f781ffff-ff93-71bc-5f5f-c8442c8a1cc0">
      <Execution id="eda9fe02-c6c2-4236-b02d-4b459cab783d" />
      <TestMethod codeBase="C:/Users/Diego/Google Drive/Facultad/Trabajo Final Ingenieria/Entrega Final 15.12/Uniprof 27.11/Uniprof/Tests/bin/Debug/Tests.DLL" adapterTypeName="Microsoft.VisualStudio.TestTools.TestTypes.Unit.UnitTestAdapter, Microsoft.VisualStudio.QualityTools.Tips.UnitTest.Adapter, Version=10.0.0.0, Culture=neutral, PublicKeyToken=b03f5f7f11d50a3a" className="Tests.MovimientoCuentaProveedorTDGTest, Tests, Version=1.0.0.0, Culture=neutral, PublicKeyToken=null" name="grabarMovimientosClienteTest" />
    </UnitTest>
    <UnitTest name="cargarFamiliasPorUsuarioTest" storage="c:\users\diego\google drive\facultad\trabajo final ingenieria\entrega final 15.12\uniprof 27.11\uniprof\tests\bin\debug\tests.dll" id="b9fd46b5-4626-f3cd-bb11-d3d09ef904e4">
      <Execution id="248c3363-810e-4cca-81e4-45645996f554" />
      <TestMethod codeBase="C:/Users/Diego/Google Drive/Facultad/Trabajo Final Ingenieria/Entrega Final 15.12/Uniprof 27.11/Uniprof/Tests/bin/Debug/Tests.DLL" adapterTypeName="Microsoft.VisualStudio.TestTools.TestTypes.Unit.UnitTestAdapter, Microsoft.VisualStudio.QualityTools.Tips.UnitTest.Adapter, Version=10.0.0.0, Culture=neutral, PublicKeyToken=b03f5f7f11d50a3a" className="Tests.PatenteTDGTest, Tests, Version=1.0.0.0, Culture=neutral, PublicKeyToken=null" name="cargarFamiliasPorUsuarioTest" />
    </UnitTest>
    <UnitTest name="borrarDiseñoInsumoTest" storage="c:\users\diego\google drive\facultad\trabajo final ingenieria\entrega final 15.12\uniprof 27.11\uniprof\tests\bin\debug\tests.dll" id="019cc466-e1e2-1876-80d0-8bd0f4668b2f">
      <Execution id="aa8be01e-cda6-4406-9a47-fabdb846a246" />
      <TestMethod codeBase="C:/Users/Diego/Google Drive/Facultad/Trabajo Final Ingenieria/Entrega Final 15.12/Uniprof 27.11/Uniprof/Tests/bin/Debug/Tests.DLL" adapterTypeName="Microsoft.VisualStudio.TestTools.TestTypes.Unit.UnitTestAdapter, Microsoft.VisualStudio.QualityTools.Tips.UnitTest.Adapter, Version=10.0.0.0, Culture=neutral, PublicKeyToken=b03f5f7f11d50a3a" className="Tests.DiseñoInsumoTDGTest, Tests, Version=1.0.0.0, Culture=neutral, PublicKeyToken=null" name="borrarDiseñoInsumoTest" />
    </UnitTest>
    <UnitTest name="listarArticulosPorPrendaTest" storage="c:\users\diego\google drive\facultad\trabajo final ingenieria\entrega final 15.12\uniprof 27.11\uniprof\tests\bin\debug\tests.dll" id="7187fc52-08ae-19d9-62d2-a1273ba98de3">
      <Execution id="e07d81f3-1627-4e4e-8afc-fbd164d18422" />
      <TestMethod codeBase="C:/Users/Diego/Google Drive/Facultad/Trabajo Final Ingenieria/Entrega Final 15.12/Uniprof 27.11/Uniprof/Tests/bin/Debug/Tests.DLL" adapterTypeName="Microsoft.VisualStudio.TestTools.TestTypes.Unit.UnitTestAdapter, Microsoft.VisualStudio.QualityTools.Tips.UnitTest.Adapter, Version=10.0.0.0, Culture=neutral, PublicKeyToken=b03f5f7f11d50a3a" className="Tests.ArticuloRepositorioTest, Tests, Version=1.0.0.0, Culture=neutral, PublicKeyToken=null" name="listarArticulosPorPrendaTest" />
    </UnitTest>
    <UnitTest name="actualizaOrdenDeCompraTest" storage="c:\users\diego\google drive\facultad\trabajo final ingenieria\entrega final 15.12\uniprof 27.11\uniprof\tests\bin\debug\tests.dll" id="77a70718-b08f-850c-1bf3-10dbbe443592">
      <Execution id="29aa6896-108d-43af-857a-f3061f102d8f" />
      <TestMethod codeBase="C:/Users/Diego/Google Drive/Facultad/Trabajo Final Ingenieria/Entrega Final 15.12/Uniprof 27.11/Uniprof/Tests/bin/Debug/Tests.DLL" adapterTypeName="Microsoft.VisualStudio.TestTools.TestTypes.Unit.UnitTestAdapter, Microsoft.VisualStudio.QualityTools.Tips.UnitTest.Adapter, Version=10.0.0.0, Culture=neutral, PublicKeyToken=b03f5f7f11d50a3a" className="Tests.OrdenCompraBusinessTest, Tests, Version=1.0.0.0, Culture=neutral, PublicKeyToken=null" name="actualizaOrdenDeCompraTest" />
    </UnitTest>
    <UnitTest name="guardarClienteTest" storage="c:\users\diego\google drive\facultad\trabajo final ingenieria\entrega final 15.12\uniprof 27.11\uniprof\tests\bin\debug\tests.dll" id="b09f0486-3351-5bc5-0d5a-f108852661b1">
      <Execution id="6977578d-0414-4d17-acda-baf6e1c6f683" />
      <TestMethod codeBase="C:/Users/Diego/Google Drive/Facultad/Trabajo Final Ingenieria/Entrega Final 15.12/Uniprof 27.11/Uniprof/Tests/bin/Debug/Tests.DLL" adapterTypeName="Microsoft.VisualStudio.TestTools.TestTypes.Unit.UnitTestAdapter, Microsoft.VisualStudio.QualityTools.Tips.UnitTest.Adapter, Version=10.0.0.0, Culture=neutral, PublicKeyToken=b03f5f7f11d50a3a" className="Tests.ClienteRepositorioTest, Tests, Version=1.0.0.0, Culture=neutral, PublicKeyToken=null" name="guardarClienteTest" />
    </UnitTest>
    <UnitTest name="borrarFamiliaTest" storage="c:\users\diego\google drive\facultad\trabajo final ingenieria\entrega final 15.12\uniprof 27.11\uniprof\tests\bin\debug\tests.dll" id="53977503-45e6-020c-cee1-a5a2bdcb3045">
      <Execution id="8832dab7-14b8-4da7-a5d9-ca805317d73d" />
      <TestMethod codeBase="C:/Users/Diego/Google Drive/Facultad/Trabajo Final Ingenieria/Entrega Final 15.12/Uniprof 27.11/Uniprof/Tests/bin/Debug/Tests.DLL" adapterTypeName="Microsoft.VisualStudio.TestTools.TestTypes.Unit.UnitTestAdapter, Microsoft.VisualStudio.QualityTools.Tips.UnitTest.Adapter, Version=10.0.0.0, Culture=neutral, PublicKeyToken=b03f5f7f11d50a3a" className="Tests.FamiliaTDGTest, Tests, Version=1.0.0.0, Culture=neutral, PublicKeyToken=null" name="borrarFamiliaTest" />
    </UnitTest>
    <UnitTest name="grabarTest" storage="c:\users\diego\google drive\facultad\trabajo final ingenieria\entrega final 15.12\uniprof 27.11\uniprof\tests\bin\debug\tests.dll" id="42bc7f23-0a71-a17c-783c-a7c1f6e66d7c">
      <Execution id="7a65d223-cbb1-40bf-bf84-a3267f4eb5e0" />
      <TestMethod codeBase="C:/Users/Diego/Google Drive/Facultad/Trabajo Final Ingenieria/Entrega Final 15.12/Uniprof 27.11/Uniprof/Tests/bin/Debug/Tests.DLL" adapterTypeName="Microsoft.VisualStudio.TestTools.TestTypes.Unit.UnitTestAdapter, Microsoft.VisualStudio.QualityTools.Tips.UnitTest.Adapter, Version=10.0.0.0, Culture=neutral, PublicKeyToken=b03f5f7f11d50a3a" className="Tests.ProveedorBusinessTest, Tests, Version=1.0.0.0, Culture=neutral, PublicKeyToken=null" name="grabarTest" />
    </UnitTest>
    <UnitTest name="buscarPrendasPorIDTest" storage="c:\users\diego\google drive\facultad\trabajo final ingenieria\entrega final 15.12\uniprof 27.11\uniprof\tests\bin\debug\tests.dll" id="80e94a1b-f37e-ea8a-5357-ae59cc6e5e45">
      <Execution id="4315fd0f-f068-4b3f-870c-aebac0fa50d1" />
      <TestMethod codeBase="C:/Users/Diego/Google Drive/Facultad/Trabajo Final Ingenieria/Entrega Final 15.12/Uniprof 27.11/Uniprof/Tests/bin/Debug/Tests.DLL" adapterTypeName="Microsoft.VisualStudio.TestTools.TestTypes.Unit.UnitTestAdapter, Microsoft.VisualStudio.QualityTools.Tips.UnitTest.Adapter, Version=10.0.0.0, Culture=neutral, PublicKeyToken=b03f5f7f11d50a3a" className="Tests.TipoPrendaTDGTest, Tests, Version=1.0.0.0, Culture=neutral, PublicKeyToken=null" name="buscarPrendasPorIDTest" />
    </UnitTest>
    <UnitTest name="cargarMovimientosConRestriccionesTest" storage="c:\users\diego\google drive\facultad\trabajo final ingenieria\entrega final 15.12\uniprof 27.11\uniprof\tests\bin\debug\tests.dll" id="0d3f2b5f-2310-d53e-af58-1c0f5f09df9f">
      <Execution id="991c7b3e-4a76-4081-9a6b-9b22188d8ebd" />
      <TestMethod codeBase="C:/Users/Diego/Google Drive/Facultad/Trabajo Final Ingenieria/Entrega Final 15.12/Uniprof 27.11/Uniprof/Tests/bin/Debug/Tests.DLL" adapterTypeName="Microsoft.VisualStudio.TestTools.TestTypes.Unit.UnitTestAdapter, Microsoft.VisualStudio.QualityTools.Tips.UnitTest.Adapter, Version=10.0.0.0, Culture=neutral, PublicKeyToken=b03f5f7f11d50a3a" className="Tests.MovimientoCuentaProveedorTDGTest, Tests, Version=1.0.0.0, Culture=neutral, PublicKeyToken=null" name="cargarMovimientosConRestriccionesTest" />
    </UnitTest>
    <UnitTest name="listarProduccionPorCodigoTest" storage="c:\users\diego\google drive\facultad\trabajo final ingenieria\entrega final 15.12\uniprof 27.11\uniprof\tests\bin\debug\tests.dll" id="61c2c67d-a8aa-50cc-81fa-b25eafff855b">
      <Execution id="18d1fecc-5070-4da9-be2d-dca80ebfddd2" />
      <TestMethod codeBase="C:/Users/Diego/Google Drive/Facultad/Trabajo Final Ingenieria/Entrega Final 15.12/Uniprof 27.11/Uniprof/Tests/bin/Debug/Tests.DLL" adapterTypeName="Microsoft.VisualStudio.TestTools.TestTypes.Unit.UnitTestAdapter, Microsoft.VisualStudio.QualityTools.Tips.UnitTest.Adapter, Version=10.0.0.0, Culture=neutral, PublicKeyToken=b03f5f7f11d50a3a" className="Tests.ProduccionRepositorioTest, Tests, Version=1.0.0.0, Culture=neutral, PublicKeyToken=null" name="listarProduccionPorCodigoTest" />
    </UnitTest>
    <UnitTest name="cargarTest" storage="c:\users\diego\google drive\facultad\trabajo final ingenieria\entrega final 15.12\uniprof 27.11\uniprof\tests\bin\debug\tests.dll" id="26a546ff-2782-4a5a-0d01-d730f8d08c9d">
      <Execution id="aa384b57-533c-4ecf-b960-6ecca28a01dd" />
      <TestMethod codeBase="C:/Users/Diego/Google Drive/Facultad/Trabajo Final Ingenieria/Entrega Final 15.12/Uniprof 27.11/Uniprof/Tests/bin/Debug/Tests.DLL" adapterTypeName="Microsoft.VisualStudio.TestTools.TestTypes.Unit.UnitTestAdapter, Microsoft.VisualStudio.QualityTools.Tips.UnitTest.Adapter, Version=10.0.0.0, Culture=neutral, PublicKeyToken=b03f5f7f11d50a3a" className="Tests.ConversacionTDGTest, Tests, Version=1.0.0.0, Culture=neutral, PublicKeyToken=null" name="cargarTest" />
    </UnitTest>
    <UnitTest name="grabarMovimientosClienteTest" storage="c:\users\diego\google drive\facultad\trabajo final ingenieria\entrega final 15.12\uniprof 27.11\uniprof\tests\bin\debug\tests.dll" id="5a471128-b46d-a047-f96f-afe4f1f9ce56">
      <Execution id="9d66f36f-ec8d-49ca-8f77-439095639895" />
      <TestMethod codeBase="C:/Users/Diego/Google Drive/Facultad/Trabajo Final Ingenieria/Entrega Final 15.12/Uniprof 27.11/Uniprof/Tests/bin/Debug/Tests.DLL" adapterTypeName="Microsoft.VisualStudio.TestTools.TestTypes.Unit.UnitTestAdapter, Microsoft.VisualStudio.QualityTools.Tips.UnitTest.Adapter, Version=10.0.0.0, Culture=neutral, PublicKeyToken=b03f5f7f11d50a3a" className="Tests.MovimientoCuentaClienteTDGTest, Tests, Version=1.0.0.0, Culture=neutral, PublicKeyToken=null" name="grabarMovimientosClienteTest" />
    </UnitTest>
    <UnitTest name="listarInsumosPorCodigoTest" storage="c:\users\diego\google drive\facultad\trabajo final ingenieria\entrega final 15.12\uniprof 27.11\uniprof\tests\bin\debug\tests.dll" id="75cbbdb7-6249-18c8-32b2-1920235c1d97">
      <Execution id="ee25da49-a7c7-445d-9ef0-1e4b3df62d46" />
      <TestMethod codeBase="C:/Users/Diego/Google Drive/Facultad/Trabajo Final Ingenieria/Entrega Final 15.12/Uniprof 27.11/Uniprof/Tests/bin/Debug/Tests.DLL" adapterTypeName="Microsoft.VisualStudio.TestTools.TestTypes.Unit.UnitTestAdapter, Microsoft.VisualStudio.QualityTools.Tips.UnitTest.Adapter, Version=10.0.0.0, Culture=neutral, PublicKeyToken=b03f5f7f11d50a3a" className="Tests.InsumoBusinessTest, Tests, Version=1.0.0.0, Culture=neutral, PublicKeyToken=null" name="listarInsumosPorCodigoTest" />
    </UnitTest>
    <UnitTest name="modificarHistoricoEstadosTest" storage="c:\users\diego\google drive\facultad\trabajo final ingenieria\entrega final 15.12\uniprof 27.11\uniprof\tests\bin\debug\tests.dll" id="a8a939dd-3559-39c4-d3e6-695f82176ab4">
      <Execution id="2dbedb1d-cf90-4832-99b0-0be191651f9f" />
      <TestMethod codeBase="C:/Users/Diego/Google Drive/Facultad/Trabajo Final Ingenieria/Entrega Final 15.12/Uniprof 27.11/Uniprof/Tests/bin/Debug/Tests.DLL" adapterTypeName="Microsoft.VisualStudio.TestTools.TestTypes.Unit.UnitTestAdapter, Microsoft.VisualStudio.QualityTools.Tips.UnitTest.Adapter, Version=10.0.0.0, Culture=neutral, PublicKeyToken=b03f5f7f11d50a3a" className="Tests.HistoricoEstadosPedidoTDGTest, Tests, Version=1.0.0.0, Culture=neutral, PublicKeyToken=null" name="modificarHistoricoEstadosTest" />
    </UnitTest>
    <UnitTest name="grabarHistoricoEstadosTest" storage="c:\users\diego\google drive\facultad\trabajo final ingenieria\entrega final 15.12\uniprof 27.11\uniprof\tests\bin\debug\tests.dll" id="24d98172-4e51-96b3-ef4d-cd0ed2a98c18">
      <Execution id="e22544e5-528a-4870-a045-b66123d58183" />
      <TestMethod codeBase="C:/Users/Diego/Google Drive/Facultad/Trabajo Final Ingenieria/Entrega Final 15.12/Uniprof 27.11/Uniprof/Tests/bin/Debug/Tests.DLL" adapterTypeName="Microsoft.VisualStudio.TestTools.TestTypes.Unit.UnitTestAdapter, Microsoft.VisualStudio.QualityTools.Tips.UnitTest.Adapter, Version=10.0.0.0, Culture=neutral, PublicKeyToken=b03f5f7f11d50a3a" className="Tests.HistoricoEstadosProduccionTDGTest, Tests, Version=1.0.0.0, Culture=neutral, PublicKeyToken=null" name="grabarHistoricoEstadosTest" />
    </UnitTest>
    <UnitTest name="listarPedidosConRestriccionTest" storage="c:\users\diego\google drive\facultad\trabajo final ingenieria\entrega final 15.12\uniprof 27.11\uniprof\tests\bin\debug\tests.dll" id="83ce9798-d52f-2f3d-8537-200546cde5a9">
      <Execution id="640cb5d5-d336-4921-83fd-b80ef608eafb" />
      <TestMethod codeBase="C:/Users/Diego/Google Drive/Facultad/Trabajo Final Ingenieria/Entrega Final 15.12/Uniprof 27.11/Uniprof/Tests/bin/Debug/Tests.DLL" adapterTypeName="Microsoft.VisualStudio.TestTools.TestTypes.Unit.UnitTestAdapter, Microsoft.VisualStudio.QualityTools.Tips.UnitTest.Adapter, Version=10.0.0.0, Culture=neutral, PublicKeyToken=b03f5f7f11d50a3a" className="Tests.PedidoBusinessTest, Tests, Version=1.0.0.0, Culture=neutral, PublicKeyToken=null" name="listarPedidosConRestriccionTest" />
    </UnitTest>
    <UnitTest name="grabarFacturasTest" storage="c:\users\diego\google drive\facultad\trabajo final ingenieria\entrega final 15.12\uniprof 27.11\uniprof\tests\bin\debug\tests.dll" id="e4b047bc-e01c-35c0-ab7e-ab1c5de8674f">
      <Execution id="028add8a-3b34-412c-b877-b834b9456c3f" />
      <TestMethod codeBase="C:/Users/Diego/Google Drive/Facultad/Trabajo Final Ingenieria/Entrega Final 15.12/Uniprof 27.11/Uniprof/Tests/bin/Debug/Tests.DLL" adapterTypeName="Microsoft.VisualStudio.TestTools.TestTypes.Unit.UnitTestAdapter, Microsoft.VisualStudio.QualityTools.Tips.UnitTest.Adapter, Version=10.0.0.0, Culture=neutral, PublicKeyToken=b03f5f7f11d50a3a" className="Tests.OrdenDeCompraTDGTest, Tests, Version=1.0.0.0, Culture=neutral, PublicKeyToken=null" name="grabarFacturasTest" />
    </UnitTest>
    <UnitTest name="borrarFamiliaTest" storage="c:\users\diego\google drive\facultad\trabajo final ingenieria\entrega final 15.12\uniprof 27.11\uniprof\tests\bin\debug\tests.dll" id="d6a986e5-8b98-e2f2-cef0-92190831ed08">
      <Execution id="dbf15e4a-243c-4372-8d91-2a00ee1b244a" />
      <TestMethod codeBase="C:/Users/Diego/Google Drive/Facultad/Trabajo Final Ingenieria/Entrega Final 15.12/Uniprof 27.11/Uniprof/Tests/bin/Debug/Tests.DLL" adapterTypeName="Microsoft.VisualStudio.TestTools.TestTypes.Unit.UnitTestAdapter, Microsoft.VisualStudio.QualityTools.Tips.UnitTest.Adapter, Version=10.0.0.0, Culture=neutral, PublicKeyToken=b03f5f7f11d50a3a" className="Tests.FamiliaBusinessTest, Tests, Version=1.0.0.0, Culture=neutral, PublicKeyToken=null" name="borrarFamiliaTest" />
    </UnitTest>
    <UnitTest name="saveTest" storage="c:\users\diego\google drive\facultad\trabajo final ingenieria\entrega final 15.12\uniprof 27.11\uniprof\tests\bin\debug\tests.dll" id="e337de86-0746-0ac2-0c5c-30365e74f01b">
      <Execution id="931a86f3-684b-4d5d-99db-f56dccbc169c" />
      <TestMethod codeBase="C:/Users/Diego/Google Drive/Facultad/Trabajo Final Ingenieria/Entrega Final 15.12/Uniprof 27.11/Uniprof/Tests/bin/Debug/Tests.DLL" adapterTypeName="Microsoft.VisualStudio.TestTools.TestTypes.Unit.UnitTestAdapter, Microsoft.VisualStudio.QualityTools.Tips.UnitTest.Adapter, Version=10.0.0.0, Culture=neutral, PublicKeyToken=b03f5f7f11d50a3a" className="Tests.DataAccesObjectTest, Tests, Version=1.0.0.0, Culture=neutral, PublicKeyToken=null" name="saveTest" />
    </UnitTest>
    <UnitTest name="grabarOpinionTest" storage="c:\users\diego\google drive\facultad\trabajo final ingenieria\entrega final 15.12\uniprof 27.11\uniprof\tests\bin\debug\tests.dll" id="fe850dae-beb0-69bb-1831-4463cca49bfb">
      <Execution id="6dbbca43-d0fc-4ed1-8220-50b3d2a378ac" />
      <TestMethod codeBase="C:/Users/Diego/Google Drive/Facultad/Trabajo Final Ingenieria/Entrega Final 15.12/Uniprof 27.11/Uniprof/Tests/bin/Debug/Tests.DLL" adapterTypeName="Microsoft.VisualStudio.TestTools.TestTypes.Unit.UnitTestAdapter, Microsoft.VisualStudio.QualityTools.Tips.UnitTest.Adapter, Version=10.0.0.0, Culture=neutral, PublicKeyToken=b03f5f7f11d50a3a" className="Tests.OpinionRepositorioTest, Tests, Version=1.0.0.0, Culture=neutral, PublicKeyToken=null" name="grabarOpinionTest" />
    </UnitTest>
    <UnitTest name="modificarHistoricoEstadosTest" storage="c:\users\diego\google drive\facultad\trabajo final ingenieria\entrega final 15.12\uniprof 27.11\uniprof\tests\bin\debug\tests.dll" id="6e20bc5d-0f12-b6d7-ba69-ad542caad9f6">
      <Execution id="f57c4893-8f9d-484f-b6b8-fc78efe13bb2" />
      <TestMethod codeBase="C:/Users/Diego/Google Drive/Facultad/Trabajo Final Ingenieria/Entrega Final 15.12/Uniprof 27.11/Uniprof/Tests/bin/Debug/Tests.DLL" adapterTypeName="Microsoft.VisualStudio.TestTools.TestTypes.Unit.UnitTestAdapter, Microsoft.VisualStudio.QualityTools.Tips.UnitTest.Adapter, Version=10.0.0.0, Culture=neutral, PublicKeyToken=b03f5f7f11d50a3a" className="Tests.HistoricoEstadosProduccionTDGTest, Tests, Version=1.0.0.0, Culture=neutral, PublicKeyToken=null" name="modificarHistoricoEstadosTest" />
    </UnitTest>
    <UnitTest name="buscarPrendasPorDescripcionTest" storage="c:\users\diego\google drive\facultad\trabajo final ingenieria\entrega final 15.12\uniprof 27.11\uniprof\tests\bin\debug\tests.dll" id="3c12ed63-05b7-6919-12b1-8653c094ff5f">
      <Execution id="a9f1d5cc-17b4-4828-ae13-6d707f69013d" />
      <TestMethod codeBase="C:/Users/Diego/Google Drive/Facultad/Trabajo Final Ingenieria/Entrega Final 15.12/Uniprof 27.11/Uniprof/Tests/bin/Debug/Tests.DLL" adapterTypeName="Microsoft.VisualStudio.TestTools.TestTypes.Unit.UnitTestAdapter, Microsoft.VisualStudio.QualityTools.Tips.UnitTest.Adapter, Version=10.0.0.0, Culture=neutral, PublicKeyToken=b03f5f7f11d50a3a" className="Tests.TipoPrendaTDGTest, Tests, Version=1.0.0.0, Culture=neutral, PublicKeyToken=null" name="buscarPrendasPorDescripcionTest" />
    </UnitTest>
    <UnitTest name="grabarNewsletterTest" storage="c:\users\diego\google drive\facultad\trabajo final ingenieria\entrega final 15.12\uniprof 27.11\uniprof\tests\bin\debug\tests.dll" id="aad710b2-cbba-4fa8-20b9-0a83a5267460">
      <Execution id="ff3b7e0f-1150-4f47-ad1d-771400c015cc" />
      <TestMethod codeBase="C:/Users/Diego/Google Drive/Facultad/Trabajo Final Ingenieria/Entrega Final 15.12/Uniprof 27.11/Uniprof/Tests/bin/Debug/Tests.DLL" adapterTypeName="Microsoft.VisualStudio.TestTools.TestTypes.Unit.UnitTestAdapter, Microsoft.VisualStudio.QualityTools.Tips.UnitTest.Adapter, Version=10.0.0.0, Culture=neutral, PublicKeyToken=b03f5f7f11d50a3a" className="Tests.NewsletterTDGTest, Tests, Version=1.0.0.0, Culture=neutral, PublicKeyToken=null" name="grabarNewsletterTest" />
    </UnitTest>
    <UnitTest name="listarMovimientosPorClienteTest" storage="c:\users\diego\google drive\facultad\trabajo final ingenieria\entrega final 15.12\uniprof 27.11\uniprof\tests\bin\debug\tests.dll" id="c931a490-990c-5326-1530-0428c428a145">
      <Execution id="08e78895-f551-4c0d-870c-994d7c6a9d23" />
      <TestMethod codeBase="C:/Users/Diego/Google Drive/Facultad/Trabajo Final Ingenieria/Entrega Final 15.12/Uniprof 27.11/Uniprof/Tests/bin/Debug/Tests.DLL" adapterTypeName="Microsoft.VisualStudio.TestTools.TestTypes.Unit.UnitTestAdapter, Microsoft.VisualStudio.QualityTools.Tips.UnitTest.Adapter, Version=10.0.0.0, Culture=neutral, PublicKeyToken=b03f5f7f11d50a3a" className="Tests.MovimientoCuentaClienteRepositorioTest, Tests, Version=1.0.0.0, Culture=neutral, PublicKeyToken=null" name="listarMovimientosPorClienteTest" />
    </UnitTest>
    <UnitTest name="actualizarMaquinaTest" storage="c:\users\diego\google drive\facultad\trabajo final ingenieria\entrega final 15.12\uniprof 27.11\uniprof\tests\bin\debug\tests.dll" id="542e3d8e-c605-852a-af9b-310782faad08">
      <Execution id="736baa0c-c1d5-4900-930d-d2da2e8e93a1" />
      <TestMethod codeBase="C:/Users/Diego/Google Drive/Facultad/Trabajo Final Ingenieria/Entrega Final 15.12/Uniprof 27.11/Uniprof/Tests/bin/Debug/Tests.DLL" adapterTypeName="Microsoft.VisualStudio.TestTools.TestTypes.Unit.UnitTestAdapter, Microsoft.VisualStudio.QualityTools.Tips.UnitTest.Adapter, Version=10.0.0.0, Culture=neutral, PublicKeyToken=b03f5f7f11d50a3a" className="Tests.MaquinaRepositorioTest, Tests, Version=1.0.0.0, Culture=neutral, PublicKeyToken=null" name="actualizarMaquinaTest" />
    </UnitTest>
    <UnitTest name="listarMovimientosPorClienteTest" storage="c:\users\diego\google drive\facultad\trabajo final ingenieria\entrega final 15.12\uniprof 27.11\uniprof\tests\bin\debug\tests.dll" id="41ca50b2-af08-ebb5-fe81-0171706b4196">
      <Execution id="0ef44a4c-1dae-4be3-9821-4097c89ecb98" />
      <TestMethod codeBase="C:/Users/Diego/Google Drive/Facultad/Trabajo Final Ingenieria/Entrega Final 15.12/Uniprof 27.11/Uniprof/Tests/bin/Debug/Tests.DLL" adapterTypeName="Microsoft.VisualStudio.TestTools.TestTypes.Unit.UnitTestAdapter, Microsoft.VisualStudio.QualityTools.Tips.UnitTest.Adapter, Version=10.0.0.0, Culture=neutral, PublicKeyToken=b03f5f7f11d50a3a" className="Tests.MovimientoClienteBusinessTest, Tests, Version=1.0.0.0, Culture=neutral, PublicKeyToken=null" name="listarMovimientosPorClienteTest" />
    </UnitTest>
    <UnitTest name="grabarUsuarioTest" storage="c:\users\diego\google drive\facultad\trabajo final ingenieria\entrega final 15.12\uniprof 27.11\uniprof\tests\bin\debug\tests.dll" id="59186e93-3595-d080-b439-d655c96ab973">
      <Execution id="bb3bbfe6-b9ee-4582-aa68-c3a863036085" />
      <TestMethod codeBase="C:/Users/Diego/Google Drive/Facultad/Trabajo Final Ingenieria/Entrega Final 15.12/Uniprof 27.11/Uniprof/Tests/bin/Debug/Tests.DLL" adapterTypeName="Microsoft.VisualStudio.TestTools.TestTypes.Unit.UnitTestAdapter, Microsoft.VisualStudio.QualityTools.Tips.UnitTest.Adapter, Version=10.0.0.0, Culture=neutral, PublicKeyToken=b03f5f7f11d50a3a" className="Tests.UsuarioRepositorioTest, Tests, Version=1.0.0.0, Culture=neutral, PublicKeyToken=null" name="grabarUsuarioTest" />
    </UnitTest>
    <UnitTest name="cargarLineasFacturaTest" storage="c:\users\diego\google drive\facultad\trabajo final ingenieria\entrega final 15.12\uniprof 27.11\uniprof\tests\bin\debug\tests.dll" id="302f391e-539b-a40e-3606-007f4a4a5dfd">
      <Execution id="972365bd-38d4-4460-822a-de3c6b0da824" />
      <TestMethod codeBase="C:/Users/Diego/Google Drive/Facultad/Trabajo Final Ingenieria/Entrega Final 15.12/Uniprof 27.11/Uniprof/Tests/bin/Debug/Tests.DLL" adapterTypeName="Microsoft.VisualStudio.TestTools.TestTypes.Unit.UnitTestAdapter, Microsoft.VisualStudio.QualityTools.Tips.UnitTest.Adapter, Version=10.0.0.0, Culture=neutral, PublicKeyToken=b03f5f7f11d50a3a" className="Tests.LineaFacturaTDGTest, Tests, Version=1.0.0.0, Culture=neutral, PublicKeyToken=null" name="cargarLineasFacturaTest" />
    </UnitTest>
    <UnitTest name="grabarProduccionTest" storage="c:\users\diego\google drive\facultad\trabajo final ingenieria\entrega final 15.12\uniprof 27.11\uniprof\tests\bin\debug\tests.dll" id="4470df03-406c-ac4c-036b-0433b2842ca5">
      <Execution id="599ed2e7-bd1d-4ccd-992a-34106def5dc0" />
      <TestMethod codeBase="C:/Users/Diego/Google Drive/Facultad/Trabajo Final Ingenieria/Entrega Final 15.12/Uniprof 27.11/Uniprof/Tests/bin/Debug/Tests.DLL" adapterTypeName="Microsoft.VisualStudio.TestTools.TestTypes.Unit.UnitTestAdapter, Microsoft.VisualStudio.QualityTools.Tips.UnitTest.Adapter, Version=10.0.0.0, Culture=neutral, PublicKeyToken=b03f5f7f11d50a3a" className="Tests.ProduccionTDGTest, Tests, Version=1.0.0.0, Culture=neutral, PublicKeyToken=null" name="grabarProduccionTest" />
    </UnitTest>
    <UnitTest name="grabarMaquinaTest" storage="c:\users\diego\google drive\facultad\trabajo final ingenieria\entrega final 15.12\uniprof 27.11\uniprof\tests\bin\debug\tests.dll" id="ceeacb60-5ff3-0690-b3df-e29e915ef784">
      <Execution id="4fd80bce-5c89-4b30-a387-e7de7fbac733" />
      <TestMethod codeBase="C:/Users/Diego/Google Drive/Facultad/Trabajo Final Ingenieria/Entrega Final 15.12/Uniprof 27.11/Uniprof/Tests/bin/Debug/Tests.DLL" adapterTypeName="Microsoft.VisualStudio.TestTools.TestTypes.Unit.UnitTestAdapter, Microsoft.VisualStudio.QualityTools.Tips.UnitTest.Adapter, Version=10.0.0.0, Culture=neutral, PublicKeyToken=b03f5f7f11d50a3a" className="Tests.MaquinaRepositorioTest, Tests, Version=1.0.0.0, Culture=neutral, PublicKeyToken=null" name="grabarMaquinaTest" />
    </UnitTest>
    <UnitTest name="ejecutarConsultaTest" storage="c:\users\diego\google drive\facultad\trabajo final ingenieria\entrega final 15.12\uniprof 27.11\uniprof\tests\bin\debug\tests.dll" id="42d34e85-28e2-30e8-a414-32919f9963a2">
      <Execution id="66d607b3-3d63-4fe6-aecd-7b8b700f6eda" />
      <TestMethod codeBase="C:/Users/Diego/Google Drive/Facultad/Trabajo Final Ingenieria/Entrega Final 15.12/Uniprof 27.11/Uniprof/Tests/bin/Debug/Tests.DLL" adapterTypeName="Microsoft.VisualStudio.TestTools.TestTypes.Unit.UnitTestAdapter, Microsoft.VisualStudio.QualityTools.Tips.UnitTest.Adapter, Version=10.0.0.0, Culture=neutral, PublicKeyToken=b03f5f7f11d50a3a" className="Tests.DataAccesObjectTest, Tests, Version=1.0.0.0, Culture=neutral, PublicKeyToken=null" name="ejecutarConsultaTest" />
    </UnitTest>
    <UnitTest name="calcularPosiblesFechasTest2" storage="c:\users\diego\google drive\facultad\trabajo final ingenieria\entrega final 15.12\uniprof 27.11\uniprof\tests\bin\debug\tests.dll" id="3a69785d-69f1-1ae3-6647-f1fbd5f0c79c">
      <Execution id="c09ead5a-94e1-40a9-b612-c5bb81a630d2" />
      <TestMethod codeBase="C:/Users/Diego/Google Drive/Facultad/Trabajo Final Ingenieria/Entrega Final 15.12/Uniprof 27.11/Uniprof/Tests/bin/Debug/Tests.DLL" adapterTypeName="Microsoft.VisualStudio.TestTools.TestTypes.Unit.UnitTestAdapter, Microsoft.VisualStudio.QualityTools.Tips.UnitTest.Adapter, Version=10.0.0.0, Culture=neutral, PublicKeyToken=b03f5f7f11d50a3a" className="Tests.ProduccionBusinessTest, Tests, Version=1.0.0.0, Culture=neutral, PublicKeyToken=null" name="calcularPosiblesFechasTest2" />
    </UnitTest>
    <UnitTest name="listarOrdenDeComprasPorIdTest" storage="c:\users\diego\google drive\facultad\trabajo final ingenieria\entrega final 15.12\uniprof 27.11\uniprof\tests\bin\debug\tests.dll" id="2b495ffb-2b2e-0cf5-2875-0685d0724d3c">
      <Execution id="31de311c-eec8-4403-b296-6ffd810c4482" />
      <TestMethod codeBase="C:/Users/Diego/Google Drive/Facultad/Trabajo Final Ingenieria/Entrega Final 15.12/Uniprof 27.11/Uniprof/Tests/bin/Debug/Tests.DLL" adapterTypeName="Microsoft.VisualStudio.TestTools.TestTypes.Unit.UnitTestAdapter, Microsoft.VisualStudio.QualityTools.Tips.UnitTest.Adapter, Version=10.0.0.0, Culture=neutral, PublicKeyToken=b03f5f7f11d50a3a" className="Tests.OrdenCompraBusinessTest, Tests, Version=1.0.0.0, Culture=neutral, PublicKeyToken=null" name="listarOrdenDeComprasPorIdTest" />
    </UnitTest>
    <UnitTest name="listarInsumosConRestriccionesTest" storage="c:\users\diego\google drive\facultad\trabajo final ingenieria\entrega final 15.12\uniprof 27.11\uniprof\tests\bin\debug\tests.dll" id="09863448-141d-d561-d286-b118ec566d97">
      <Execution id="0e546f21-e391-4d05-829f-c9d3281aa22d" />
      <TestMethod codeBase="C:/Users/Diego/Google Drive/Facultad/Trabajo Final Ingenieria/Entrega Final 15.12/Uniprof 27.11/Uniprof/Tests/bin/Debug/Tests.DLL" adapterTypeName="Microsoft.VisualStudio.TestTools.TestTypes.Unit.UnitTestAdapter, Microsoft.VisualStudio.QualityTools.Tips.UnitTest.Adapter, Version=10.0.0.0, Culture=neutral, PublicKeyToken=b03f5f7f11d50a3a" className="Tests.InsumoBusinessTest, Tests, Version=1.0.0.0, Culture=neutral, PublicKeyToken=null" name="listarInsumosConRestriccionesTest" />
    </UnitTest>
    <UnitTest name="modificarMaquinaTest" storage="c:\users\diego\google drive\facultad\trabajo final ingenieria\entrega final 15.12\uniprof 27.11\uniprof\tests\bin\debug\tests.dll" id="fed9e610-805c-d98a-9231-d2a52d8e3441">
      <Execution id="a90a7c9a-023e-4c73-ae60-6a82a032a251" />
      <TestMethod codeBase="C:/Users/Diego/Google Drive/Facultad/Trabajo Final Ingenieria/Entrega Final 15.12/Uniprof 27.11/Uniprof/Tests/bin/Debug/Tests.DLL" adapterTypeName="Microsoft.VisualStudio.TestTools.TestTypes.Unit.UnitTestAdapter, Microsoft.VisualStudio.QualityTools.Tips.UnitTest.Adapter, Version=10.0.0.0, Culture=neutral, PublicKeyToken=b03f5f7f11d50a3a" className="Tests.MaterialesBusinessTest, Tests, Version=1.0.0.0, Culture=neutral, PublicKeyToken=null" name="modificarMaquinaTest" />
    </UnitTest>
    <UnitTest name="buscarDiseñoInsumoConRestriccionesTest" storage="c:\users\diego\google drive\facultad\trabajo final ingenieria\entrega final 15.12\uniprof 27.11\uniprof\tests\bin\debug\tests.dll" id="4e213555-50ef-010c-9653-9ed4341cc7e4">
      <Execution id="70e68916-bb21-4380-adc2-cc6d34179d5e" />
      <TestMethod codeBase="C:/Users/Diego/Google Drive/Facultad/Trabajo Final Ingenieria/Entrega Final 15.12/Uniprof 27.11/Uniprof/Tests/bin/Debug/Tests.DLL" adapterTypeName="Microsoft.VisualStudio.TestTools.TestTypes.Unit.UnitTestAdapter, Microsoft.VisualStudio.QualityTools.Tips.UnitTest.Adapter, Version=10.0.0.0, Culture=neutral, PublicKeyToken=b03f5f7f11d50a3a" className="Tests.DiseñoInsumoTDGTest, Tests, Version=1.0.0.0, Culture=neutral, PublicKeyToken=null" name="buscarDiseñoInsumoConRestriccionesTest" />
    </UnitTest>
    <UnitTest name="actualizarNewsletterTest" storage="c:\users\diego\google drive\facultad\trabajo final ingenieria\entrega final 15.12\uniprof 27.11\uniprof\tests\bin\debug\tests.dll" id="f6c04c30-f707-2281-f731-8598fcdc8f9b">
      <Execution id="8743dea2-1833-4580-85a8-1664b56da907" />
      <TestMethod codeBase="C:/Users/Diego/Google Drive/Facultad/Trabajo Final Ingenieria/Entrega Final 15.12/Uniprof 27.11/Uniprof/Tests/bin/Debug/Tests.DLL" adapterTypeName="Microsoft.VisualStudio.TestTools.TestTypes.Unit.UnitTestAdapter, Microsoft.VisualStudio.QualityTools.Tips.UnitTest.Adapter, Version=10.0.0.0, Culture=neutral, PublicKeyToken=b03f5f7f11d50a3a" className="Tests.NewsletterBusinessTest, Tests, Version=1.0.0.0, Culture=neutral, PublicKeyToken=null" name="actualizarNewsletterTest" />
    </UnitTest>
    <UnitTest name="actualizarProduccionTest" storage="c:\users\diego\google drive\facultad\trabajo final ingenieria\entrega final 15.12\uniprof 27.11\uniprof\tests\bin\debug\tests.dll" id="cdf27cc7-0312-7eab-0024-7c2c609d9e03">
      <Execution id="fa95a5a5-e1ba-4e57-ab61-4fddf939729a" />
      <TestMethod codeBase="C:/Users/Diego/Google Drive/Facultad/Trabajo Final Ingenieria/Entrega Final 15.12/Uniprof 27.11/Uniprof/Tests/bin/Debug/Tests.DLL" adapterTypeName="Microsoft.VisualStudio.TestTools.TestTypes.Unit.UnitTestAdapter, Microsoft.VisualStudio.QualityTools.Tips.UnitTest.Adapter, Version=10.0.0.0, Culture=neutral, PublicKeyToken=b03f5f7f11d50a3a" className="Tests.ProduccionRepositorioTest, Tests, Version=1.0.0.0, Culture=neutral, PublicKeyToken=null" name="actualizarProduccionTest" />
    </UnitTest>
    <UnitTest name="cargarlistaPedidosTest" storage="c:\users\diego\google drive\facultad\trabajo final ingenieria\entrega final 15.12\uniprof 27.11\uniprof\tests\bin\debug\tests.dll" id="466df001-5e88-7941-9225-f5b84ddbea5e">
      <Execution id="d876261d-fc21-4e6f-bac4-9729b27ecb13" />
      <TestMethod codeBase="C:/Users/Diego/Google Drive/Facultad/Trabajo Final Ingenieria/Entrega Final 15.12/Uniprof 27.11/Uniprof/Tests/bin/Debug/Tests.DLL" adapterTypeName="Microsoft.VisualStudio.TestTools.TestTypes.Unit.UnitTestAdapter, Microsoft.VisualStudio.QualityTools.Tips.UnitTest.Adapter, Version=10.0.0.0, Culture=neutral, PublicKeyToken=b03f5f7f11d50a3a" className="Tests.PedidoTDGTest, Tests, Version=1.0.0.0, Culture=neutral, PublicKeyToken=null" name="cargarlistaPedidosTest" />
    </UnitTest>
    <UnitTest name="actualizarMaquinaTest" storage="c:\users\diego\google drive\facultad\trabajo final ingenieria\entrega final 15.12\uniprof 27.11\uniprof\tests\bin\debug\tests.dll" id="71db679d-9cd7-f55e-94f9-ae66c93fc299">
      <Execution id="b3adc460-5ff0-4025-bb36-dbeeb23d8a4d" />
      <TestMethod codeBase="C:/Users/Diego/Google Drive/Facultad/Trabajo Final Ingenieria/Entrega Final 15.12/Uniprof 27.11/Uniprof/Tests/bin/Debug/Tests.DLL" adapterTypeName="Microsoft.VisualStudio.TestTools.TestTypes.Unit.UnitTestAdapter, Microsoft.VisualStudio.QualityTools.Tips.UnitTest.Adapter, Version=10.0.0.0, Culture=neutral, PublicKeyToken=b03f5f7f11d50a3a" className="Tests.MaterialesBusinessTest, Tests, Version=1.0.0.0, Culture=neutral, PublicKeyToken=null" name="actualizarMaquinaTest" />
    </UnitTest>
    <UnitTest name="cargarMaquinasAptasTest" storage="c:\users\diego\google drive\facultad\trabajo final ingenieria\entrega final 15.12\uniprof 27.11\uniprof\tests\bin\debug\tests.dll" id="fb8dd2a9-a240-beb6-bd3d-66e4ba26b2aa">
      <Execution id="4c22d07e-a86a-43bb-aad2-9bbbd64ccc36" />
      <TestMethod codeBase="C:/Users/Diego/Google Drive/Facultad/Trabajo Final Ingenieria/Entrega Final 15.12/Uniprof 27.11/Uniprof/Tests/bin/Debug/Tests.DLL" adapterTypeName="Microsoft.VisualStudio.TestTools.TestTypes.Unit.UnitTestAdapter, Microsoft.VisualStudio.QualityTools.Tips.UnitTest.Adapter, Version=10.0.0.0, Culture=neutral, PublicKeyToken=b03f5f7f11d50a3a" className="Tests.MaquinaRepositorioTest, Tests, Version=1.0.0.0, Culture=neutral, PublicKeyToken=null" name="cargarMaquinasAptasTest" />
    </UnitTest>
    <UnitTest name="listaPatentesTest" storage="c:\users\diego\google drive\facultad\trabajo final ingenieria\entrega final 15.12\uniprof 27.11\uniprof\tests\bin\debug\tests.dll" id="fe73d6a0-344d-935f-fa47-83db37554a24">
      <Execution id="6457de39-02ce-4c92-a7e3-0c15eb1f4f57" />
      <TestMethod codeBase="C:/Users/Diego/Google Drive/Facultad/Trabajo Final Ingenieria/Entrega Final 15.12/Uniprof 27.11/Uniprof/Tests/bin/Debug/Tests.DLL" adapterTypeName="Microsoft.VisualStudio.TestTools.TestTypes.Unit.UnitTestAdapter, Microsoft.VisualStudio.QualityTools.Tips.UnitTest.Adapter, Version=10.0.0.0, Culture=neutral, PublicKeyToken=b03f5f7f11d50a3a" className="Tests.PatenteBusinessTest, Tests, Version=1.0.0.0, Culture=neutral, PublicKeyToken=null" name="listaPatentesTest" />
    </UnitTest>
    <UnitTest name="listarMovimientosTest" storage="c:\users\diego\google drive\facultad\trabajo final ingenieria\entrega final 15.12\uniprof 27.11\uniprof\tests\bin\debug\tests.dll" id="13647b9a-2c0d-1cd8-34c7-faf3c771ec37">
      <Execution id="e64af28e-d1e3-457b-af70-8ae9214a7a9f" />
      <TestMethod codeBase="C:/Users/Diego/Google Drive/Facultad/Trabajo Final Ingenieria/Entrega Final 15.12/Uniprof 27.11/Uniprof/Tests/bin/Debug/Tests.DLL" adapterTypeName="Microsoft.VisualStudio.TestTools.TestTypes.Unit.UnitTestAdapter, Microsoft.VisualStudio.QualityTools.Tips.UnitTest.Adapter, Version=10.0.0.0, Culture=neutral, PublicKeyToken=b03f5f7f11d50a3a" className="Tests.MovimientoCuentaClienteRepositorioTest, Tests, Version=1.0.0.0, Culture=neutral, PublicKeyToken=null" name="listarMovimientosTest" />
    </UnitTest>
    <UnitTest name="buscarTodoTest" storage="c:\users\diego\google drive\facultad\trabajo final ingenieria\entrega final 15.12\uniprof 27.11\uniprof\tests\bin\debug\tests.dll" id="d71a2e75-d02d-d52f-f44c-1c08c736ccf3">
      <Execution id="713cc192-c364-4936-9011-cf90b1fe5c4b" />
      <TestMethod codeBase="C:/Users/Diego/Google Drive/Facultad/Trabajo Final Ingenieria/Entrega Final 15.12/Uniprof 27.11/Uniprof/Tests/bin/Debug/Tests.DLL" adapterTypeName="Microsoft.VisualStudio.TestTools.TestTypes.Unit.UnitTestAdapter, Microsoft.VisualStudio.QualityTools.Tips.UnitTest.Adapter, Version=10.0.0.0, Culture=neutral, PublicKeyToken=b03f5f7f11d50a3a" className="Tests.ProduccionOperadorTDGTest, Tests, Version=1.0.0.0, Culture=neutral, PublicKeyToken=null" name="buscarTodoTest" />
    </UnitTest>
  </TestDefinitions>
  <TestLists>
    <TestList name="Results Not in a List" id="8c84fa94-04c1-424b-9868-57a2d4851a1d" />
    <TestList name="All Loaded Results" id="19431567-8539-422a-85d7-44ee4e166bda" />
  </TestLists>
  <TestEntries>
    <TestEntry testId="019bd56c-e56a-79a5-09bc-547b99ed981b" executionId="4599eee8-ec28-4368-b43e-a3e566e2fe3c" testListId="8c84fa94-04c1-424b-9868-57a2d4851a1d" />
    <TestEntry testId="019cc466-e1e2-1876-80d0-8bd0f4668b2f" executionId="aa8be01e-cda6-4406-9a47-fabdb846a246" testListId="8c84fa94-04c1-424b-9868-57a2d4851a1d" />
    <TestEntry testId="0321ef45-ca6a-c46f-356f-5dff04b055f8" executionId="eadc9b59-6363-47b5-8123-9156cb038bba" testListId="8c84fa94-04c1-424b-9868-57a2d4851a1d" />
    <TestEntry testId="036044ea-8d05-b58f-21af-2b8c451629d2" executionId="06c73eda-749b-4cf2-ba22-b9c58e1180e0" testListId="8c84fa94-04c1-424b-9868-57a2d4851a1d" />
    <TestEntry testId="046d8853-4c4a-6ed7-e6b4-7cfe78d48668" executionId="252a1222-2580-41ef-8bd2-48242289dcae" testListId="8c84fa94-04c1-424b-9868-57a2d4851a1d" />
    <TestEntry testId="049d0f88-7bdd-159e-dcba-5d96f972e9a7" executionId="bf62164e-78a9-40b5-8ab1-5d2659940647" testListId="8c84fa94-04c1-424b-9868-57a2d4851a1d" />
    <TestEntry testId="04a946fc-19a1-d283-10d5-49de1068346e" executionId="72c84c5a-adfa-4852-9837-5ed802332fe8" testListId="8c84fa94-04c1-424b-9868-57a2d4851a1d" />
    <TestEntry testId="0533de1e-bd84-9f46-95b5-950bf92951b0" executionId="46ef5c33-a144-4359-9e52-1b52ebe4f38c" testListId="8c84fa94-04c1-424b-9868-57a2d4851a1d" />
    <TestEntry testId="0619da45-f95c-9013-f779-f3a2e41e2ddd" executionId="1d66f75f-5a1f-48ef-b0cc-17f53bc45262" testListId="8c84fa94-04c1-424b-9868-57a2d4851a1d" />
    <TestEntry testId="06ea3cf0-5b85-5241-6e3e-f83627367b47" executionId="413e5b6c-8903-4951-8ebe-6ca190b0daa6" testListId="8c84fa94-04c1-424b-9868-57a2d4851a1d" />
    <TestEntry testId="07a2548d-4241-58e9-0562-3d619b418bbb" executionId="d8099bd6-f77c-4920-93d4-419a7a061c0d" testListId="8c84fa94-04c1-424b-9868-57a2d4851a1d" />
    <TestEntry testId="0826b7aa-fcce-4d97-453d-e58eb4a27a97" executionId="7bb348e5-b624-4d62-8961-a77d715b63fa" testListId="8c84fa94-04c1-424b-9868-57a2d4851a1d" />
    <TestEntry testId="09863448-141d-d561-d286-b118ec566d97" executionId="0e546f21-e391-4d05-829f-c9d3281aa22d" testListId="8c84fa94-04c1-424b-9868-57a2d4851a1d" />
    <TestEntry testId="0a8df61c-a62f-1c66-059f-875171321588" executionId="7fea9f08-4a0c-4e0f-bf4c-db8ad4174fdc" testListId="8c84fa94-04c1-424b-9868-57a2d4851a1d" />
    <TestEntry testId="0bbd7a33-36a4-99a4-2cd0-83fd451fea26" executionId="951ae846-8d8b-475e-972b-c3a02e874311" testListId="8c84fa94-04c1-424b-9868-57a2d4851a1d" />
    <TestEntry testId="0d0b6b4c-3d42-300a-bac7-fbab5e0b6cc5" executionId="cc116a81-8a7e-4b99-a34c-f359f6415147" testListId="8c84fa94-04c1-424b-9868-57a2d4851a1d" />
    <TestEntry testId="0d3f2b5f-2310-d53e-af58-1c0f5f09df9f" executionId="991c7b3e-4a76-4081-9a6b-9b22188d8ebd" testListId="8c84fa94-04c1-424b-9868-57a2d4851a1d" />
    <TestEntry testId="0dd1a643-72f4-8fdd-aebf-659387fe0ecf" executionId="827ae0f2-e94d-4c06-8408-e31b6681c1b6" testListId="8c84fa94-04c1-424b-9868-57a2d4851a1d" />
    <TestEntry testId="10b4c1e2-77e8-b6fe-ff2c-b75bd78a1790" executionId="e526e625-baab-4e4f-9d3c-ee92300dc905" testListId="8c84fa94-04c1-424b-9868-57a2d4851a1d" />
    <TestEntry testId="1185b585-ef75-6544-19b0-95bea00f10c1" executionId="73b6c5c6-f503-4edc-b5f1-8cbcafb3356e" testListId="8c84fa94-04c1-424b-9868-57a2d4851a1d" />
    <TestEntry testId="13283e1a-ebd5-2811-9974-2614dbf7730f" executionId="e8dcb993-9861-4193-95c5-286c87351d0d" testListId="8c84fa94-04c1-424b-9868-57a2d4851a1d" />
    <TestEntry testId="132dbdad-c767-c70b-4154-f7166132216a" executionId="0640213b-d488-4260-aecd-6cbc0aa0fe1b" testListId="8c84fa94-04c1-424b-9868-57a2d4851a1d" />
    <TestEntry testId="13496ae0-c24c-3fcb-7178-2789fe5b49ef" executionId="cc1e5988-187f-4db9-bbe4-b743b08ab3d0" testListId="8c84fa94-04c1-424b-9868-57a2d4851a1d" />
    <TestEntry testId="13647b9a-2c0d-1cd8-34c7-faf3c771ec37" executionId="e64af28e-d1e3-457b-af70-8ae9214a7a9f" testListId="8c84fa94-04c1-424b-9868-57a2d4851a1d" />
    <TestEntry testId="14276aa4-72b7-f96c-4fe9-e83b20c4c391" executionId="4bab564c-b574-4da5-b162-ae848955cae9" testListId="8c84fa94-04c1-424b-9868-57a2d4851a1d" />
    <TestEntry testId="147439b4-00a7-f2cb-1dec-6270bffba92e" executionId="ec901873-a6bb-4ddc-bb6f-0d4105a6a3c4" testListId="8c84fa94-04c1-424b-9868-57a2d4851a1d" />
    <TestEntry testId="1547d2a7-8401-4066-0421-456391521e4e" executionId="218eb867-a653-4dbd-a013-991ff255784a" testListId="8c84fa94-04c1-424b-9868-57a2d4851a1d" />
    <TestEntry testId="15781058-9d50-4692-2e7e-53db8e43c13c" executionId="2f9d0b7b-eab6-47e2-bce2-fad4d492345a" testListId="8c84fa94-04c1-424b-9868-57a2d4851a1d" />
    <TestEntry testId="15a2dfa0-b5da-ca0f-1901-200d0b50ec37" executionId="c2f94311-4589-4318-9f2f-316d01fbb271" testListId="8c84fa94-04c1-424b-9868-57a2d4851a1d" />
    <TestEntry testId="15e90031-185d-99ec-c865-633047dc95f1" executionId="fb0e1a83-0a28-4420-b2e7-3ccd86518542" testListId="8c84fa94-04c1-424b-9868-57a2d4851a1d" />
    <TestEntry testId="16d2afdb-fcf6-6658-1d97-2e6156bb9c19" executionId="34248b48-8fb6-4882-ab51-5ea205367bfe" testListId="8c84fa94-04c1-424b-9868-57a2d4851a1d" />
    <TestEntry testId="16ffbd3f-3aee-beef-202b-0a5edf0b4c4f" executionId="3ae8a07a-11a7-491d-adb1-047c75c2b4ba" testListId="8c84fa94-04c1-424b-9868-57a2d4851a1d" />
    <TestEntry testId="179d28ef-c565-5c45-d785-59f1a0626295" executionId="917f8473-61f9-49e6-a5c9-51ccbe9fd6bb" testListId="8c84fa94-04c1-424b-9868-57a2d4851a1d" />
    <TestEntry testId="19a165a4-d445-e33e-7cb8-0f8a6d509eae" executionId="f221f49d-ef41-4c14-8c48-9c4b9a122cb5" testListId="8c84fa94-04c1-424b-9868-57a2d4851a1d" />
    <TestEntry testId="1a2eb27e-5a5f-d0a1-8888-804cc861f69e" executionId="1492b142-7676-4840-a268-c68eb8a2e3cd" testListId="8c84fa94-04c1-424b-9868-57a2d4851a1d" />
    <TestEntry testId="1aa90fb2-a5a8-fc6d-427f-550365a59543" executionId="94d54e8d-7537-4b57-9e72-fc845305c515" testListId="8c84fa94-04c1-424b-9868-57a2d4851a1d" />
    <TestEntry testId="1cbe2801-d19a-9274-15f8-0dba46344245" executionId="d1a4ed5f-b8b5-430a-a0e0-6e72ed1990cb" testListId="8c84fa94-04c1-424b-9868-57a2d4851a1d" />
    <TestEntry testId="1cca4a40-3e79-045d-0667-c735e9a1087b" executionId="7714ed7d-b5c0-46a9-8824-28dcdabc6c32" testListId="8c84fa94-04c1-424b-9868-57a2d4851a1d" />
    <TestEntry testId="1cea9887-e3c9-cea8-286a-dd9be44d7403" executionId="a83f4229-ebfb-45bb-ad1a-abb4955c85f4" testListId="8c84fa94-04c1-424b-9868-57a2d4851a1d" />
    <TestEntry testId="1e112e87-ecd4-bbc8-5f74-eb12a4718023" executionId="fdee46b4-de4b-4b29-b233-55a9687f9b87" testListId="8c84fa94-04c1-424b-9868-57a2d4851a1d" />
    <TestEntry testId="1f18c315-e299-cbd9-ed3a-225fc06b347a" executionId="11cb0752-82aa-4448-b4ca-19e27a1652db" testListId="8c84fa94-04c1-424b-9868-57a2d4851a1d" />
    <TestEntry testId="1f993eef-b5ac-3548-c940-f219e4216d75" executionId="899b116a-f451-4912-83a3-6978f74a1e29" testListId="8c84fa94-04c1-424b-9868-57a2d4851a1d" />
    <TestEntry testId="1fb18ed6-06da-35e1-ec67-5275eec70993" executionId="b18e747b-332a-4595-b19a-f6311885160c" testListId="8c84fa94-04c1-424b-9868-57a2d4851a1d" />
    <TestEntry testId="20d5f305-5003-b633-f12a-b60950a7d487" executionId="22ec3f3c-7e05-4909-9671-06324934d23b" testListId="8c84fa94-04c1-424b-9868-57a2d4851a1d" />
    <TestEntry testId="21f1e20b-dcac-fe9b-670b-02932753806f" executionId="470bd9b7-2894-478b-8a18-8563261250ee" testListId="8c84fa94-04c1-424b-9868-57a2d4851a1d" />
    <TestEntry testId="2277aaf3-514d-5d22-b68b-739c3ef345a2" executionId="8449a01f-9132-48ff-af88-1e8ae4db56c8" testListId="8c84fa94-04c1-424b-9868-57a2d4851a1d" />
    <TestEntry testId="231d325e-5b2d-4422-b67b-4aed1bbc3f49" executionId="8f1cca42-b838-47c4-b335-2c3748ade585" testListId="8c84fa94-04c1-424b-9868-57a2d4851a1d" />
    <TestEntry testId="24d98172-4e51-96b3-ef4d-cd0ed2a98c18" executionId="e22544e5-528a-4870-a045-b66123d58183" testListId="8c84fa94-04c1-424b-9868-57a2d4851a1d" />
    <TestEntry testId="251887f2-80b7-06cc-ae64-369889df804d" executionId="6ef113a4-c410-4c21-975d-35231ff646b6" testListId="8c84fa94-04c1-424b-9868-57a2d4851a1d" />
    <TestEntry testId="254f3c87-cb8f-24cb-6d93-8a60e4e333c0" executionId="fb625dd4-e0ea-46a0-9d86-73cffc1789b6" testListId="8c84fa94-04c1-424b-9868-57a2d4851a1d" />
    <TestEntry testId="25d73e54-4c45-c0f8-0cc6-cd9d82e5c8a4" executionId="19b4cb67-892d-4ffd-a2fa-3e9388a8240a" testListId="8c84fa94-04c1-424b-9868-57a2d4851a1d" />
    <TestEntry testId="26a546ff-2782-4a5a-0d01-d730f8d08c9d" executionId="aa384b57-533c-4ecf-b960-6ecca28a01dd" testListId="8c84fa94-04c1-424b-9868-57a2d4851a1d" />
    <TestEntry testId="26d1e25c-63b7-c2c4-03c0-99f8e7631508" executionId="b67d7ec5-dd68-47be-a945-bb0713b47e57" testListId="8c84fa94-04c1-424b-9868-57a2d4851a1d" />
    <TestEntry testId="26e79886-012b-c1dd-53e8-d16d49221a25" executionId="35aa91c9-9ba3-449f-8574-636d5d49f101" testListId="8c84fa94-04c1-424b-9868-57a2d4851a1d" />
    <TestEntry testId="2807b06d-2424-3984-a9d6-3c90127f0468" executionId="14b70730-4dee-4550-8454-23d38bc99446" testListId="8c84fa94-04c1-424b-9868-57a2d4851a1d" />
    <TestEntry testId="280aded5-68b9-b810-9a8e-34bdb568fac8" executionId="27605f23-b034-4ed9-b65e-276b0ff388f2" testListId="8c84fa94-04c1-424b-9868-57a2d4851a1d" />
    <TestEntry testId="28e69d1a-8de4-eba9-3792-eae237e8276c" executionId="fa6f79cc-de87-45a8-b34c-0ad167d4ec5b" testListId="8c84fa94-04c1-424b-9868-57a2d4851a1d" />
    <TestEntry testId="29a5da4e-65d5-0422-5e68-618976117f03" executionId="de256aa2-69cd-4824-9594-866833301d0b" testListId="8c84fa94-04c1-424b-9868-57a2d4851a1d" />
    <TestEntry testId="29f0136c-6b94-67a3-1d98-7e9ef56e0b01" executionId="d8dfa585-dc01-4dc1-b61b-075415c04f79" testListId="8c84fa94-04c1-424b-9868-57a2d4851a1d" />
    <TestEntry testId="2a172fd5-1ba6-de08-de7a-3705a01c8b9d" executionId="9e908916-6285-481d-909c-2bf976fec14d" testListId="8c84fa94-04c1-424b-9868-57a2d4851a1d" />
    <TestEntry testId="2a2fd5ee-0dc7-50c0-f1c8-c482f09c9964" executionId="54f32b61-089b-4130-80c9-ce5926def2c5" testListId="8c84fa94-04c1-424b-9868-57a2d4851a1d" />
    <TestEntry testId="2ae7b1af-8597-a3ce-277b-0dc18037e21f" executionId="310e260e-303c-4e33-88ed-0d691ad07ad0" testListId="8c84fa94-04c1-424b-9868-57a2d4851a1d" />
    <TestEntry testId="2b495ffb-2b2e-0cf5-2875-0685d0724d3c" executionId="31de311c-eec8-4403-b296-6ffd810c4482" testListId="8c84fa94-04c1-424b-9868-57a2d4851a1d" />
    <TestEntry testId="2bbea6cc-d32e-272a-1a5e-81a0cec727a7" executionId="9f4aa46c-545f-4b96-93ec-120d84196a95" testListId="8c84fa94-04c1-424b-9868-57a2d4851a1d" />
    <TestEntry testId="2c93c645-adc5-bb40-79d7-b39e8ca0fa8c" executionId="e9e75c26-5165-41d9-b1e4-b0a1b5b98e06" testListId="8c84fa94-04c1-424b-9868-57a2d4851a1d" />
    <TestEntry testId="2dd0d705-2d7c-e989-e9d2-1892c8b66262" executionId="35e2c153-6f0c-4ed2-b852-1f067e039251" testListId="8c84fa94-04c1-424b-9868-57a2d4851a1d" />
    <TestEntry testId="2e92c0a7-eb38-f9b0-56bc-708e3a1e95b2" executionId="8c1e127a-9c76-4fc0-856e-4cb17102603a" testListId="8c84fa94-04c1-424b-9868-57a2d4851a1d" />
    <TestEntry testId="2ecef026-d4ff-850b-2022-72b81bdf2047" executionId="08f7f2cb-d781-4616-9b62-ca1115ab9568" testListId="8c84fa94-04c1-424b-9868-57a2d4851a1d" />
    <TestEntry testId="2f3865ce-701f-5035-c928-beb5bf354e66" executionId="94db2c1a-5d31-4353-8315-fdc55c19a859" testListId="8c84fa94-04c1-424b-9868-57a2d4851a1d" />
    <TestEntry testId="2f942134-eb39-049b-9e6e-2f42e91a8a19" executionId="354b2293-75a9-4313-b177-1114440585e2" testListId="8c84fa94-04c1-424b-9868-57a2d4851a1d" />
    <TestEntry testId="2ff4ab24-8ba8-c855-2fbb-5316fd166e9f" executionId="df71a448-912e-481a-9e52-7df5d932b56a" testListId="8c84fa94-04c1-424b-9868-57a2d4851a1d" />
    <TestEntry testId="3022c4e6-888b-2dda-b879-e60c04b5e600" executionId="a09bdbf0-9f04-4f3f-a6d7-3401c5f7c1f6" testListId="8c84fa94-04c1-424b-9868-57a2d4851a1d" />
    <TestEntry testId="302f391e-539b-a40e-3606-007f4a4a5dfd" executionId="972365bd-38d4-4460-822a-de3c6b0da824" testListId="8c84fa94-04c1-424b-9868-57a2d4851a1d" />
    <TestEntry testId="3222f04f-3bb8-b915-7622-11e1c846763f" executionId="8deb5e9e-f3c2-469b-a0e4-debabacd3771" testListId="8c84fa94-04c1-424b-9868-57a2d4851a1d" />
    <TestEntry testId="3323acf7-8dc7-360e-f0a1-c4a2fbb9a91e" executionId="b1a7d3ca-798b-45fe-9e06-326c105b475b" testListId="8c84fa94-04c1-424b-9868-57a2d4851a1d" />
    <TestEntry testId="33cb7b57-1952-56c9-afdf-65517595c4dd" executionId="16892d5e-a1bd-42f6-9df0-20e459da83ca" testListId="8c84fa94-04c1-424b-9868-57a2d4851a1d" />
    <TestEntry testId="34308cfd-d506-0b0a-6562-a4e0e8e6e9f3" executionId="f526f73a-2b84-4207-aabe-b8c9c655fc36" testListId="8c84fa94-04c1-424b-9868-57a2d4851a1d" />
    <TestEntry testId="353a1d2f-a022-ae0b-e495-9424c7779e0c" executionId="c5980ea1-21d1-4631-bbdc-aa896573bf60" testListId="8c84fa94-04c1-424b-9868-57a2d4851a1d" />
    <TestEntry testId="364ee525-fb4e-4236-05f2-99b03bc282b2" executionId="6853d27d-9b90-4d7a-8cac-c9fd5044ce69" testListId="8c84fa94-04c1-424b-9868-57a2d4851a1d" />
    <TestEntry testId="36f9d5ec-47e1-6737-13d6-445eaa622ab8" executionId="07edda6e-92d0-4d70-8a29-1316a749aa0a" testListId="8c84fa94-04c1-424b-9868-57a2d4851a1d" />
    <TestEntry testId="371ae7d4-9804-8eea-7d23-86fbb28eb5e2" executionId="7b10645d-deeb-4914-8ddc-4b5147abfd59" testListId="8c84fa94-04c1-424b-9868-57a2d4851a1d" />
    <TestEntry testId="375be106-944a-05c4-4975-c4a32afdccd6" executionId="0cc038b7-741b-448e-9d0e-80d6c68a3a53" testListId="8c84fa94-04c1-424b-9868-57a2d4851a1d" />
    <TestEntry testId="37b5db64-970d-c293-40fd-5d0b9fe33e03" executionId="cdba3ca0-4158-491f-892e-4e93874da7bc" testListId="8c84fa94-04c1-424b-9868-57a2d4851a1d" />
    <TestEntry testId="37eb03dd-b0ba-1d1a-150c-82804e7b16da" executionId="70ccb2db-1115-4d96-9438-219ce3c2fed8" testListId="8c84fa94-04c1-424b-9868-57a2d4851a1d" />
    <TestEntry testId="3814ca38-0b83-b334-0d16-36809809c612" executionId="c6aabdc6-662e-4b2e-91d9-6899b30f5d74" testListId="8c84fa94-04c1-424b-9868-57a2d4851a1d" />
    <TestEntry testId="390965ee-b707-eb4d-f805-7a307d4ab7fa" executionId="b1403d48-4499-4191-9f11-23487ad18a79" testListId="8c84fa94-04c1-424b-9868-57a2d4851a1d" />
    <TestEntry testId="399698d6-d910-1ab1-d972-fb6aa80639ce" executionId="530b87c0-633b-4358-9cea-3a007d791493" testListId="8c84fa94-04c1-424b-9868-57a2d4851a1d" />
    <TestEntry testId="39eb9513-2b02-9bb1-bfd3-cd5a5b8ce938" executionId="ef32bcb0-ab79-4ab8-91a9-6118fd5d5dac" testListId="8c84fa94-04c1-424b-9868-57a2d4851a1d" />
    <TestEntry testId="3a69785d-69f1-1ae3-6647-f1fbd5f0c79c" executionId="c09ead5a-94e1-40a9-b612-c5bb81a630d2" testListId="8c84fa94-04c1-424b-9868-57a2d4851a1d" />
    <TestEntry testId="3b15fca6-ba42-6ea6-b114-894cdb11cb16" executionId="6a16c77b-33b3-43c5-8d72-3526d278d9b8" testListId="8c84fa94-04c1-424b-9868-57a2d4851a1d" />
    <TestEntry testId="3bb3d861-97d5-17ed-e4db-8593f01e3068" executionId="faf62a0b-e5fd-435d-a5fb-8c0816b2fc3c" testListId="8c84fa94-04c1-424b-9868-57a2d4851a1d" />
    <TestEntry testId="3c12ed63-05b7-6919-12b1-8653c094ff5f" executionId="a9f1d5cc-17b4-4828-ae13-6d707f69013d" testListId="8c84fa94-04c1-424b-9868-57a2d4851a1d" />
    <TestEntry testId="3cd1a5b2-2061-12b0-4cbc-6da8d643a9e8" executionId="30ab9f96-3fab-46f6-b4ba-0faf5503d417" testListId="8c84fa94-04c1-424b-9868-57a2d4851a1d" />
    <TestEntry testId="3d34ce3d-2c19-4b40-f3e1-1e5a5ee88a27" executionId="5b110759-038f-46f5-a33e-30e5c1c8a250" testListId="8c84fa94-04c1-424b-9868-57a2d4851a1d" />
    <TestEntry testId="3d5d4690-413e-480e-9909-702cf88399dd" executionId="e345723e-f78a-490f-a806-73e79582c2a4" testListId="8c84fa94-04c1-424b-9868-57a2d4851a1d" />
    <TestEntry testId="3f09e394-0823-389c-6e0c-74955eff820a" executionId="b23e17d9-9c0d-4fac-89d6-8358b8890e35" testListId="8c84fa94-04c1-424b-9868-57a2d4851a1d" />
    <TestEntry testId="3f50a717-0b73-d5bd-41bc-37d26b580e88" executionId="3592c924-f805-4a5f-be96-1f28d1341463" testListId="8c84fa94-04c1-424b-9868-57a2d4851a1d" />
    <TestEntry testId="3f81de19-4fde-6528-9e0d-cf576c0d46aa" executionId="898b83f7-c582-4f7d-a860-c236e9318089" testListId="8c84fa94-04c1-424b-9868-57a2d4851a1d" />
    <TestEntry testId="4063ba31-c658-1e39-f2a1-4789b86cdf92" executionId="a8b144fb-d202-4856-b662-7e7fb35a8947" testListId="8c84fa94-04c1-424b-9868-57a2d4851a1d" />
    <TestEntry testId="4075ee85-dce8-0a59-bbe2-572b6c1b6a07" executionId="eb065850-bcd9-4cec-afb5-d98eedfd90c8" testListId="8c84fa94-04c1-424b-9868-57a2d4851a1d" />
    <TestEntry testId="40c309eb-6e85-5d22-3be7-c1b561c3a631" executionId="9f449674-4ea5-44dc-ae79-8d828e4e331b" testListId="8c84fa94-04c1-424b-9868-57a2d4851a1d" />
    <TestEntry testId="4128c841-fbe4-5443-0039-ee6ab9d8480a" executionId="e863dfba-595a-4c72-b242-6049955033b5" testListId="8c84fa94-04c1-424b-9868-57a2d4851a1d" />
    <TestEntry testId="4148e9ec-0e25-c6a4-4bc2-03540cd0a990" executionId="cd8838ca-7bfd-44f6-9e45-bb13619b9f29" testListId="8c84fa94-04c1-424b-9868-57a2d4851a1d" />
    <TestEntry testId="41ca50b2-af08-ebb5-fe81-0171706b4196" executionId="0ef44a4c-1dae-4be3-9821-4097c89ecb98" testListId="8c84fa94-04c1-424b-9868-57a2d4851a1d" />
    <TestEntry testId="42bbff3f-ae90-d4a3-ac96-e18e8d721f9a" executionId="2c6d1ea7-0336-485d-ad73-c1283d5a9b3d" testListId="8c84fa94-04c1-424b-9868-57a2d4851a1d" />
    <TestEntry testId="42bc7f23-0a71-a17c-783c-a7c1f6e66d7c" executionId="7a65d223-cbb1-40bf-bf84-a3267f4eb5e0" testListId="8c84fa94-04c1-424b-9868-57a2d4851a1d" />
    <TestEntry testId="42d34e85-28e2-30e8-a414-32919f9963a2" executionId="66d607b3-3d63-4fe6-aecd-7b8b700f6eda" testListId="8c84fa94-04c1-424b-9868-57a2d4851a1d" />
    <TestEntry testId="42f3bd17-7e9a-3a2a-0abf-94dcbfe8af44" executionId="9c39444e-2520-4c01-a26a-dca54fc8b571" testListId="8c84fa94-04c1-424b-9868-57a2d4851a1d" />
    <TestEntry testId="43cb51cd-66eb-181b-064e-18bf81c14a68" executionId="c3d0534d-422e-4833-8c2b-a776ce51ef9b" testListId="8c84fa94-04c1-424b-9868-57a2d4851a1d" />
    <TestEntry testId="4470df03-406c-ac4c-036b-0433b2842ca5" executionId="599ed2e7-bd1d-4ccd-992a-34106def5dc0" testListId="8c84fa94-04c1-424b-9868-57a2d4851a1d" />
    <TestEntry testId="44f2f0a7-9e33-876a-b7c3-d86059021fb2" executionId="89d81bd3-80ad-4241-bec6-db7ee2e950b0" testListId="8c84fa94-04c1-424b-9868-57a2d4851a1d" />
    <TestEntry testId="45d73400-010d-bede-b097-0e012e473ce7" executionId="1a1701a7-bc74-4fc7-bb7a-2e2792f26835" testListId="8c84fa94-04c1-424b-9868-57a2d4851a1d" />
    <TestEntry testId="46319d74-a59b-cb4c-c42c-91de192140ab" executionId="5070e05f-f5fb-4876-a9e7-e807d2174c26" testListId="8c84fa94-04c1-424b-9868-57a2d4851a1d" />
    <TestEntry testId="466df001-5e88-7941-9225-f5b84ddbea5e" executionId="d876261d-fc21-4e6f-bac4-9729b27ecb13" testListId="8c84fa94-04c1-424b-9868-57a2d4851a1d" />
    <TestEntry testId="468ca457-0ed7-03c2-646c-9f2875316428" executionId="f33baedf-9bab-45d6-8abd-b2ec2d3589d8" testListId="8c84fa94-04c1-424b-9868-57a2d4851a1d" />
    <TestEntry testId="47539572-8702-25fd-25db-bd0bdd8958b7" executionId="182cd62f-ac59-45dc-bb74-00ff1dbd97f5" testListId="8c84fa94-04c1-424b-9868-57a2d4851a1d" />
    <TestEntry testId="47829263-2bc4-1929-0c73-083969548a33" executionId="8971cf63-fccb-4037-ba5a-62ab94af450c" testListId="8c84fa94-04c1-424b-9868-57a2d4851a1d" />
    <TestEntry testId="47d53732-aaac-b97d-3608-f4da6d7da1f0" executionId="295c8f99-e629-4306-8baf-99e52afb4b65" testListId="8c84fa94-04c1-424b-9868-57a2d4851a1d" />
    <TestEntry testId="47f1b7ea-5dbe-ff8b-ee2e-cd35503da3a7" executionId="b9c79173-7332-4ffd-adc4-174d3489916f" testListId="8c84fa94-04c1-424b-9868-57a2d4851a1d" />
    <TestEntry testId="48945e0f-871f-2510-b1ef-49518a731b66" executionId="9e979a2b-2350-441b-87e1-45bc93a73915" testListId="8c84fa94-04c1-424b-9868-57a2d4851a1d" />
    <TestEntry testId="4ab5b9e6-5b30-baa0-2e6d-fac9df442766" executionId="a021366f-5857-4423-bbbb-e1ade5d6b63b" testListId="8c84fa94-04c1-424b-9868-57a2d4851a1d" />
    <TestEntry testId="4b2e2241-5ba0-4bf3-a87c-c3b9957ec404" executionId="0f6fb7b1-4449-4a1f-a4f8-47ba77e33018" testListId="8c84fa94-04c1-424b-9868-57a2d4851a1d" />
    <TestEntry testId="4b4cc00b-440a-fb3e-bf1c-58f18a59fbb6" executionId="c9225727-0b2f-4a5e-b6a6-3622e5f497f3" testListId="8c84fa94-04c1-424b-9868-57a2d4851a1d" />
    <TestEntry testId="4cab3d76-8fe4-c6a9-062c-275660c809ba" executionId="c9a29f8b-cca4-47dc-bbda-ab906837a23a" testListId="8c84fa94-04c1-424b-9868-57a2d4851a1d" />
    <TestEntry testId="4cc6b71b-462c-2bdc-f536-28b4d3d30de5" executionId="a284a84c-b2d8-41d9-a482-23a663698a9b" testListId="8c84fa94-04c1-424b-9868-57a2d4851a1d" />
    <TestEntry testId="4d2a8d5b-b176-00fc-503a-b6acea4e399d" executionId="850fcf48-1936-4214-af2d-83e87f06d7a9" testListId="8c84fa94-04c1-424b-9868-57a2d4851a1d" />
    <TestEntry testId="4d891028-ff30-5474-0c6f-59e839f50717" executionId="c9bce767-2084-49a6-8ead-aa08138c5ab4" testListId="8c84fa94-04c1-424b-9868-57a2d4851a1d" />
    <TestEntry testId="4e213555-50ef-010c-9653-9ed4341cc7e4" executionId="70e68916-bb21-4380-adc2-cc6d34179d5e" testListId="8c84fa94-04c1-424b-9868-57a2d4851a1d" />
    <TestEntry testId="4f159a29-3cb7-c1f2-9ed8-8c5ed23afcbe" executionId="f930e008-2392-4dd6-b700-7420fe7b0088" testListId="8c84fa94-04c1-424b-9868-57a2d4851a1d" />
    <TestEntry testId="4f3a2e54-c06b-cfc2-386b-24b648fee82c" executionId="5f26b29a-0941-419b-a658-b9677fe25481" testListId="8c84fa94-04c1-424b-9868-57a2d4851a1d" />
    <TestEntry testId="5062f8db-d3cc-b220-b391-1deb74053b65" executionId="8090b65e-23c3-446b-acfa-52566ead0eee" testListId="8c84fa94-04c1-424b-9868-57a2d4851a1d" />
    <TestEntry testId="5136f8bc-ea30-8e7a-77a2-f46a924db348" executionId="024bbdc4-a6aa-4277-b2f7-26d3b57d6806" testListId="8c84fa94-04c1-424b-9868-57a2d4851a1d" />
    <TestEntry testId="513854bd-1669-ed84-d891-6995e53105ac" executionId="af77d26b-7869-45b8-b005-6a21fadf40b3" testListId="8c84fa94-04c1-424b-9868-57a2d4851a1d" />
    <TestEntry testId="52baea7e-b200-446e-6971-763252eb7cdd" executionId="1f0d5284-8cb9-4d7f-9a03-a6494437a827" testListId="8c84fa94-04c1-424b-9868-57a2d4851a1d" />
    <TestEntry testId="52d17b0e-d936-129e-43f3-078523a7b6ea" executionId="ff3709b4-06e1-4605-9721-efaa20fce1fa" testListId="8c84fa94-04c1-424b-9868-57a2d4851a1d" />
    <TestEntry testId="53977503-45e6-020c-cee1-a5a2bdcb3045" executionId="8832dab7-14b8-4da7-a5d9-ca805317d73d" testListId="8c84fa94-04c1-424b-9868-57a2d4851a1d" />
    <TestEntry testId="53e8a9c8-96f4-eccd-a6cf-588d5c1fbc4b" executionId="ae49ab1d-04c2-4ae3-b1ef-5cbb7b09ce6b" testListId="8c84fa94-04c1-424b-9868-57a2d4851a1d" />
    <TestEntry testId="53fb134c-9656-57a4-8598-b11e28cf481e" executionId="723ac32b-46d5-46ff-b170-f6a5b1680738" testListId="8c84fa94-04c1-424b-9868-57a2d4851a1d" />
    <TestEntry testId="542e3d8e-c605-852a-af9b-310782faad08" executionId="736baa0c-c1d5-4900-930d-d2da2e8e93a1" testListId="8c84fa94-04c1-424b-9868-57a2d4851a1d" />
    <TestEntry testId="55841f62-e499-c1d2-7702-e492ea6411db" executionId="c1b24935-3527-4812-90be-4767784bcfa9" testListId="8c84fa94-04c1-424b-9868-57a2d4851a1d" />
    <TestEntry testId="5627da22-d5e7-edd9-24c7-79ea0acd3bdb" executionId="23d0949e-11e8-4304-8b2e-8c91a53d96bc" testListId="8c84fa94-04c1-424b-9868-57a2d4851a1d" />
    <TestEntry testId="57811f03-2314-dd80-537e-0ead8105505e" executionId="f805f6a3-5544-4af9-8443-17f81f6828a8" testListId="8c84fa94-04c1-424b-9868-57a2d4851a1d" />
    <TestEntry testId="57822e73-41f0-97dd-bf29-4b1fd4ed053c" executionId="ececb0dc-a228-4b78-b2cc-995c1dc5e1db" testListId="8c84fa94-04c1-424b-9868-57a2d4851a1d" />
    <TestEntry testId="58008e3d-a662-382f-b6bd-ea56db2d0729" executionId="ca6d371f-59d5-40bc-801a-4c51d0fd7afc" testListId="8c84fa94-04c1-424b-9868-57a2d4851a1d" />
    <TestEntry testId="583b72ae-47b9-5eaa-f8ea-320cdf69527e" executionId="3d1d2a01-577d-4a92-b4ef-f683649c3f76" testListId="8c84fa94-04c1-424b-9868-57a2d4851a1d" />
    <TestEntry testId="590fbd59-b150-d4b9-6a37-e409519e63c2" executionId="0ec87c8c-6311-47af-a1c9-28202e6d5531" testListId="8c84fa94-04c1-424b-9868-57a2d4851a1d" />
    <TestEntry testId="59186e93-3595-d080-b439-d655c96ab973" executionId="bb3bbfe6-b9ee-4582-aa68-c3a863036085" testListId="8c84fa94-04c1-424b-9868-57a2d4851a1d" />
    <TestEntry testId="5973b42f-4391-99d3-6b49-5d351ffdd924" executionId="efe8c115-2ac6-4aa8-999d-92db121125ab" testListId="8c84fa94-04c1-424b-9868-57a2d4851a1d" />
    <TestEntry testId="59ac30e1-edc3-3193-83d1-44bf47baeaf4" executionId="dd4f0d97-14de-4dbc-95df-60b430097a3f" testListId="8c84fa94-04c1-424b-9868-57a2d4851a1d" />
    <TestEntry testId="5a471128-b46d-a047-f96f-afe4f1f9ce56" executionId="9d66f36f-ec8d-49ca-8f77-439095639895" testListId="8c84fa94-04c1-424b-9868-57a2d4851a1d" />
    <TestEntry testId="5b45a836-b61f-3f4e-71ec-60865157f707" executionId="f41cb2e6-6d99-44ea-b52e-ee328583a8ce" testListId="8c84fa94-04c1-424b-9868-57a2d4851a1d" />
    <TestEntry testId="5b9bfc56-4cc5-173e-d51e-c0dfe65798ee" executionId="6e3e8966-725c-448f-b1ad-515ff237ebf0" testListId="8c84fa94-04c1-424b-9868-57a2d4851a1d" />
    <TestEntry testId="5bbb6d67-7645-c72a-0a3d-d422f73b22ec" executionId="d275c830-088d-4480-9c44-5cc2ed1e3e69" testListId="8c84fa94-04c1-424b-9868-57a2d4851a1d" />
    <TestEntry testId="5bc580ea-e8dc-d81d-d20e-846c482c1228" executionId="efcf259f-be5d-4792-afc3-57b9f6f34478" testListId="8c84fa94-04c1-424b-9868-57a2d4851a1d" />
    <TestEntry testId="5bcfcf35-a297-ce16-b906-540d8e2e0904" executionId="2afc480d-e2dd-46aa-a7b3-53c88b9b6e5d" testListId="8c84fa94-04c1-424b-9868-57a2d4851a1d" />
    <TestEntry testId="5be9d1df-2b36-1659-9ba5-a87863ccb63a" executionId="46518363-62f1-481d-88c3-c8a64db84d5e" testListId="8c84fa94-04c1-424b-9868-57a2d4851a1d" />
    <TestEntry testId="5c26e5bc-173f-d60e-f76c-ab3d9a4b4531" executionId="c9d766d4-2867-4be0-8604-961e43207a4e" testListId="8c84fa94-04c1-424b-9868-57a2d4851a1d" />
    <TestEntry testId="5c85b597-4b7a-176d-3dac-461f2d66fe1b" executionId="5b596420-85f6-494c-ab00-65031334e4e6" testListId="8c84fa94-04c1-424b-9868-57a2d4851a1d" />
    <TestEntry testId="5d206a37-78a3-f908-c018-7a5a53253c75" executionId="5f670d19-652b-49b0-a1c5-fc15783174bc" testListId="8c84fa94-04c1-424b-9868-57a2d4851a1d" />
    <TestEntry testId="5d5c620b-143e-df44-c141-574eca133b7a" executionId="4084266a-4fe9-4230-926e-354fc94ac493" testListId="8c84fa94-04c1-424b-9868-57a2d4851a1d" />
    <TestEntry testId="5e0dec84-1eed-840d-bf51-237b2ddbdebf" executionId="fa757759-6091-4a61-92d8-83d8ebac2515" testListId="8c84fa94-04c1-424b-9868-57a2d4851a1d" />
    <TestEntry testId="5e39e02d-2b70-3982-2130-96924fff6d81" executionId="4a7ac6b5-d555-41e9-a14f-5bdf9a29a0ec" testListId="8c84fa94-04c1-424b-9868-57a2d4851a1d" />
    <TestEntry testId="5f0d0749-3ebf-18a9-df3b-b2af8e5ec0eb" executionId="20b3f676-b839-4d77-b453-69dff8c620f4" testListId="8c84fa94-04c1-424b-9868-57a2d4851a1d" />
    <TestEntry testId="5f6ca830-a7f5-404d-2afc-b5fe8dc971de" executionId="5b895e45-f39a-4a57-8ab1-c9dedcc7a4da" testListId="8c84fa94-04c1-424b-9868-57a2d4851a1d" />
    <TestEntry testId="5fd39f80-1bc2-a1e7-8064-c0ed0e813279" executionId="935b52be-51d0-4776-ab09-b273e005ce62" testListId="8c84fa94-04c1-424b-9868-57a2d4851a1d" />
    <TestEntry testId="5fe3519a-06e9-4436-0b1a-0afc24033be0" executionId="c90c7171-f50a-427b-ab1b-efc4261f9aee" testListId="8c84fa94-04c1-424b-9868-57a2d4851a1d" />
    <TestEntry testId="5ffe0bd0-6148-b429-44ab-e9d370687b86" executionId="0cfe6871-2c98-4414-9487-38c40d3b05dd" testListId="8c84fa94-04c1-424b-9868-57a2d4851a1d" />
    <TestEntry testId="601e990e-751d-e263-ef32-4be40187ef20" executionId="700e9c33-5f2e-4a5c-bae4-3f57e21d1d11" testListId="8c84fa94-04c1-424b-9868-57a2d4851a1d" />
    <TestEntry testId="6195d611-24d3-4e42-5b11-b2da792448d4" executionId="d40893b8-3e9d-4b00-8d1a-c2f6b7bb7b1d" testListId="8c84fa94-04c1-424b-9868-57a2d4851a1d" />
    <TestEntry testId="61c2c67d-a8aa-50cc-81fa-b25eafff855b" executionId="18d1fecc-5070-4da9-be2d-dca80ebfddd2" testListId="8c84fa94-04c1-424b-9868-57a2d4851a1d" />
    <TestEntry testId="62392e62-abcf-2bb0-a872-aa102226687e" executionId="1d5e4b7e-6676-4901-ad25-38fe35655546" testListId="8c84fa94-04c1-424b-9868-57a2d4851a1d" />
    <TestEntry testId="62f6b994-f314-dfaa-2382-4b70b0820150" executionId="d25b3b94-442c-416c-a0b1-e059e48c59a6" testListId="8c84fa94-04c1-424b-9868-57a2d4851a1d" />
    <TestEntry testId="645f3b20-4ed4-9fc8-0db6-f5c22e3f0ef4" executionId="718a6bea-a699-4a28-8b49-1d4325d7dd69" testListId="8c84fa94-04c1-424b-9868-57a2d4851a1d" />
    <TestEntry testId="64c5f523-bd77-dde6-863d-1ca40834d636" executionId="db10d8ba-592b-43ba-a3a6-257ef7302bfb" testListId="8c84fa94-04c1-424b-9868-57a2d4851a1d" />
    <TestEntry testId="653a7294-5203-6cdc-ff9d-6ea30ca26aa9" executionId="607f4400-6eb0-42a7-9b4b-dbf8660f9896" testListId="8c84fa94-04c1-424b-9868-57a2d4851a1d" />
    <TestEntry testId="65cf3506-53bd-487b-cba6-ed8ab00a65a4" executionId="ebdc5c35-fe3a-4a5f-ad9e-78e3f271527d" testListId="8c84fa94-04c1-424b-9868-57a2d4851a1d" />
    <TestEntry testId="65f33339-f5f5-af8d-e74e-57a59876466d" executionId="865dbaf6-d602-44b0-bc3f-1b73966a7c70" testListId="8c84fa94-04c1-424b-9868-57a2d4851a1d" />
    <TestEntry testId="66671db1-8d6b-13a4-a97e-68474a20ccf4" executionId="79b7769f-9c7f-4d88-b13b-c3b9015a20e4" testListId="8c84fa94-04c1-424b-9868-57a2d4851a1d" />
    <TestEntry testId="66a338ec-66f0-37fa-1bf3-601efb395594" executionId="af0ee4eb-2b00-4a22-8f71-740fec0c9c4b" testListId="8c84fa94-04c1-424b-9868-57a2d4851a1d" />
    <TestEntry testId="66accf62-c8b1-294a-c12d-5fcb04e3bddf" executionId="169a7516-8ec9-472e-9596-530fe1d8c2e2" testListId="8c84fa94-04c1-424b-9868-57a2d4851a1d" />
    <TestEntry testId="67103975-0d80-6dc0-3e73-31c64db0977f" executionId="819c8e04-a065-41fb-9f2d-8ce92a52a77f" testListId="8c84fa94-04c1-424b-9868-57a2d4851a1d" />
    <TestEntry testId="68862084-d3f3-3b6a-8d1d-63a8120425c8" executionId="1696d2f6-be82-4a38-a909-c08b25a3e3a1" testListId="8c84fa94-04c1-424b-9868-57a2d4851a1d" />
    <TestEntry testId="688ff74d-915e-d560-41c3-a70549298345" executionId="afd350ee-884c-4a33-b181-52cd543cc6b2" testListId="8c84fa94-04c1-424b-9868-57a2d4851a1d" />
    <TestEntry testId="69fa372c-7458-f7f0-5041-7bf40151831d" executionId="189b798a-e6b4-4e43-9eb8-da921bbd1bd2" testListId="8c84fa94-04c1-424b-9868-57a2d4851a1d" />
    <TestEntry testId="6b7c36cd-44f4-1879-c115-f544d495b61e" executionId="40e675e7-834c-4f87-94db-d86c16f09596" testListId="8c84fa94-04c1-424b-9868-57a2d4851a1d" />
    <TestEntry testId="6c508edd-f42b-c301-6d53-7fe205a52a0b" executionId="4f27bd7a-235e-444c-9fa6-ccd33655a47d" testListId="8c84fa94-04c1-424b-9868-57a2d4851a1d" />
    <TestEntry testId="6c77fe8d-a8b3-4efd-1e3d-013b12293f74" executionId="9256ff69-231d-441b-aacb-29b9c5a40051" testListId="8c84fa94-04c1-424b-9868-57a2d4851a1d" />
    <TestEntry testId="6cf16972-5184-bd8a-3b41-bb02c50f3e4c" executionId="fca79c88-e9af-47b9-8bac-3a0eb547a5c8" testListId="8c84fa94-04c1-424b-9868-57a2d4851a1d" />
    <TestEntry testId="6dbb761e-cbdb-2c43-0c61-55938d83de19" executionId="30fa7430-3134-4917-ba05-e40aa7731adc" testListId="8c84fa94-04c1-424b-9868-57a2d4851a1d" />
    <TestEntry testId="6e20bc5d-0f12-b6d7-ba69-ad542caad9f6" executionId="f57c4893-8f9d-484f-b6b8-fc78efe13bb2" testListId="8c84fa94-04c1-424b-9868-57a2d4851a1d" />
    <TestEntry testId="6fccfc0c-3386-fa76-9bb6-5cb2884d04d6" executionId="6a438f02-50ef-4407-94b3-c75fee27662f" testListId="8c84fa94-04c1-424b-9868-57a2d4851a1d" />
    <TestEntry testId="70dba011-1aa4-3fb1-b8c2-fb8d0666bd55" executionId="27e2c7b8-b87a-4b99-bb29-eccf91fed89b" testListId="8c84fa94-04c1-424b-9868-57a2d4851a1d" />
    <TestEntry testId="7187fc52-08ae-19d9-62d2-a1273ba98de3" executionId="e07d81f3-1627-4e4e-8afc-fbd164d18422" testListId="8c84fa94-04c1-424b-9868-57a2d4851a1d" />
    <TestEntry testId="71db679d-9cd7-f55e-94f9-ae66c93fc299" executionId="b3adc460-5ff0-4025-bb36-dbeeb23d8a4d" testListId="8c84fa94-04c1-424b-9868-57a2d4851a1d" />
    <TestEntry testId="723aff45-3bd6-6949-d938-d2ccbc2f388d" executionId="a6a883e2-6170-4a5f-903f-a2ed0ef30695" testListId="8c84fa94-04c1-424b-9868-57a2d4851a1d" />
    <TestEntry testId="72b264c8-79c9-9087-ae9e-47c332dbaa6d" executionId="36f2888d-49d7-4ba9-9cbc-a757ed6c3a93" testListId="8c84fa94-04c1-424b-9868-57a2d4851a1d" />
    <TestEntry testId="75cbbdb7-6249-18c8-32b2-1920235c1d97" executionId="ee25da49-a7c7-445d-9ef0-1e4b3df62d46" testListId="8c84fa94-04c1-424b-9868-57a2d4851a1d" />
    <TestEntry testId="75ff0c72-ae5b-a30a-d444-42d5bfa7ed8d" executionId="a463e2e5-7cae-4077-8fe1-7e0231f17da0" testListId="8c84fa94-04c1-424b-9868-57a2d4851a1d" />
    <TestEntry testId="76669914-042a-1066-d597-b186fff6c621" executionId="734c17fd-c133-4839-8992-7dfd980396f4" testListId="8c84fa94-04c1-424b-9868-57a2d4851a1d" />
    <TestEntry testId="77619216-98fe-f01d-d92b-ae2614d5a7c1" executionId="7d759b70-1aa0-4dd7-8064-b2d306edd95d" testListId="8c84fa94-04c1-424b-9868-57a2d4851a1d" />
    <TestEntry testId="776c9b88-b138-d6aa-dd32-a876a9437025" executionId="333d156e-9254-4555-bbc5-d5b836431179" testListId="8c84fa94-04c1-424b-9868-57a2d4851a1d" />
    <TestEntry testId="77a70718-b08f-850c-1bf3-10dbbe443592" executionId="29aa6896-108d-43af-857a-f3061f102d8f" testListId="8c84fa94-04c1-424b-9868-57a2d4851a1d" />
    <TestEntry testId="78d51b31-e137-cc46-4586-32e7fc15993b" executionId="c82cced9-e98e-4bf1-b11e-89234d03df19" testListId="8c84fa94-04c1-424b-9868-57a2d4851a1d" />
    <TestEntry testId="79432a3c-09ad-494a-94b0-409081b91296" executionId="84fb640d-440e-43d6-a6d3-c5242b658b57" testListId="8c84fa94-04c1-424b-9868-57a2d4851a1d" />
    <TestEntry testId="79b9204c-aeda-7048-42ac-c6faee468388" executionId="ca584f59-1c8b-44f8-8514-a1cf91f61d0e" testListId="8c84fa94-04c1-424b-9868-57a2d4851a1d" />
    <TestEntry testId="79fcf63f-8b0d-33c2-c15a-b70a52cca16c" executionId="dc47cbf2-14f5-49e9-9946-cfa52ff8f408" testListId="8c84fa94-04c1-424b-9868-57a2d4851a1d" />
    <TestEntry testId="7a2f5966-e3a2-2a72-e68e-2d6083996de2" executionId="42557b4f-438d-4aef-aa16-7414c9513532" testListId="8c84fa94-04c1-424b-9868-57a2d4851a1d" />
    <TestEntry testId="7a5f4dc9-0c0b-a16a-647b-478ba12b4828" executionId="d2ec006a-60fd-48e4-84a8-c5210722ffd4" testListId="8c84fa94-04c1-424b-9868-57a2d4851a1d" />
    <TestEntry testId="7eda418a-e258-a33c-7890-73630dd7266c" executionId="0391ed43-e393-47fa-9241-48f04b57793e" testListId="8c84fa94-04c1-424b-9868-57a2d4851a1d" />
    <TestEntry testId="7ef8ab41-162c-76bc-02f7-a575f043f7e4" executionId="a02cbd9b-13c6-4cbd-b814-9c0708a4aac5" testListId="8c84fa94-04c1-424b-9868-57a2d4851a1d" />
    <TestEntry testId="7f0052b2-2fa5-1442-5124-403810b2060e" executionId="3d112ca5-031b-41f5-99f1-9b235eb5f4be" testListId="8c84fa94-04c1-424b-9868-57a2d4851a1d" />
    <TestEntry testId="7f10aeee-1e6d-047f-bf86-9fb35cb9cbd0" executionId="e7edd2d9-09ea-4834-868e-c6828a0abd50" testListId="8c84fa94-04c1-424b-9868-57a2d4851a1d" />
    <TestEntry testId="7f31f25c-e328-77fa-dde7-0ee6e5a7e366" executionId="ece5e5b8-c593-4123-a883-43b8de299012" testListId="8c84fa94-04c1-424b-9868-57a2d4851a1d" />
    <TestEntry testId="80476086-aaaa-ba28-a4dc-0972defbe8bb" executionId="47080a52-7d6b-4691-aa48-e6904493fdb9" testListId="8c84fa94-04c1-424b-9868-57a2d4851a1d" />
    <TestEntry testId="80e94a1b-f37e-ea8a-5357-ae59cc6e5e45" executionId="4315fd0f-f068-4b3f-870c-aebac0fa50d1" testListId="8c84fa94-04c1-424b-9868-57a2d4851a1d" />
    <TestEntry testId="81b50b2a-4878-5c02-6765-8402ba293155" executionId="4a8081b9-4b6b-4703-805c-f4efd23cea16" testListId="8c84fa94-04c1-424b-9868-57a2d4851a1d" />
    <TestEntry testId="82c5d364-01e4-3d1f-8a3c-419d68a3ff5f" executionId="439fdb48-1473-4136-9a89-59f169fda472" testListId="8c84fa94-04c1-424b-9868-57a2d4851a1d" />
    <TestEntry testId="83ce9798-d52f-2f3d-8537-200546cde5a9" executionId="640cb5d5-d336-4921-83fd-b80ef608eafb" testListId="8c84fa94-04c1-424b-9868-57a2d4851a1d" />
    <TestEntry testId="84b841c4-bb70-5525-3ae9-fa35ed11627d" executionId="a7a350b5-b4c6-41b4-86c9-a63391d8b94a" testListId="8c84fa94-04c1-424b-9868-57a2d4851a1d" />
    <TestEntry testId="851b9d78-997d-9c75-eab0-197fa14a11f0" executionId="ba126b8e-fbf8-49e2-aef4-d710a976d2a2" testListId="8c84fa94-04c1-424b-9868-57a2d4851a1d" />
    <TestEntry testId="85ca884d-a763-a279-970a-decd7d2ef2e7" executionId="3206a922-19e2-4c48-8b3f-dfd83c0a44a3" testListId="8c84fa94-04c1-424b-9868-57a2d4851a1d" />
    <TestEntry testId="88295536-741f-3a89-ef69-1ec7d6b91f08" executionId="9a7fd9e0-b8ee-4c20-9303-0f9485fae242" testListId="8c84fa94-04c1-424b-9868-57a2d4851a1d" />
    <TestEntry testId="882cbeee-1641-823c-0b10-58aeb9cabf93" executionId="5e4e8f97-71d7-4ab8-a24a-c220cca616d8" testListId="8c84fa94-04c1-424b-9868-57a2d4851a1d" />
    <TestEntry testId="896a2208-4c38-b781-3b7e-b236d6d81cd2" executionId="a01d36c8-900d-4731-800f-fd0a5a8b7f1b" testListId="8c84fa94-04c1-424b-9868-57a2d4851a1d" />
    <TestEntry testId="8a0dd9bc-7acf-b95a-4187-a00b7726fa73" executionId="c5260b80-2c61-4531-9a8c-167bb2bc7843" testListId="8c84fa94-04c1-424b-9868-57a2d4851a1d" />
    <TestEntry testId="8c641761-f8ac-ef3e-efbe-0d44137ab9ce" executionId="43ecd606-8a38-48f7-8cb2-e65c243804e8" testListId="8c84fa94-04c1-424b-9868-57a2d4851a1d" />
    <TestEntry testId="8c73c5b1-73d0-fcfa-2a42-34f5914dbfb1" executionId="4dfc545c-8fd5-46d1-ae08-564d20351ab8" testListId="8c84fa94-04c1-424b-9868-57a2d4851a1d" />
    <TestEntry testId="8ce4ba60-10ed-e341-0892-b9526f864034" executionId="a5dbce24-107e-4a2d-ba55-668f888a0071" testListId="8c84fa94-04c1-424b-9868-57a2d4851a1d" />
    <TestEntry testId="8d735e5a-f52c-96a5-4bed-a99c0526014e" executionId="56a4f291-2669-4fc8-9b1d-24857b32f48a" testListId="8c84fa94-04c1-424b-9868-57a2d4851a1d" />
    <TestEntry testId="8e0c723b-e192-342e-eb9f-eccfedfe5ca1" executionId="7dc41fa7-07bf-43c4-ba7a-3e9b8f6f0990" testListId="8c84fa94-04c1-424b-9868-57a2d4851a1d" />
    <TestEntry testId="8e175a1e-ad15-cbe9-eb2b-34d47332acea" executionId="dc734184-5a88-4061-8bdb-d99d57b73f9e" testListId="8c84fa94-04c1-424b-9868-57a2d4851a1d" />
    <TestEntry testId="8ef58195-4b27-3ad6-c671-969e36dd1c6a" executionId="24bf2316-51db-409f-874d-2cf90f035868" testListId="8c84fa94-04c1-424b-9868-57a2d4851a1d" />
    <TestEntry testId="9051c370-f8a8-7d06-90bf-a5c879f3e27c" executionId="592977d5-9c42-4bca-ba9a-b396295ddc8a" testListId="8c84fa94-04c1-424b-9868-57a2d4851a1d" />
    <TestEntry testId="90665605-993c-c3f0-732c-0c8cb4e19400" executionId="1474bcbe-8e4c-47d4-8c5f-7577359bb222" testListId="8c84fa94-04c1-424b-9868-57a2d4851a1d" />
    <TestEntry testId="9102ee27-432a-7243-07ab-4d672688ee38" executionId="2f94074d-9704-4054-889b-f3253af457a3" testListId="8c84fa94-04c1-424b-9868-57a2d4851a1d" />
    <TestEntry testId="92b34578-8935-0a46-8dd9-4af3ba2aba99" executionId="8a83e727-5396-42bf-a487-29ec5763a945" testListId="8c84fa94-04c1-424b-9868-57a2d4851a1d" />
    <TestEntry testId="9355e16b-4728-468a-6844-3354852565f0" executionId="c656b175-b50a-47d9-b024-242c9df50e67" testListId="8c84fa94-04c1-424b-9868-57a2d4851a1d" />
    <TestEntry testId="93f8ff39-718d-999f-f07f-06a3b12e22dd" executionId="fbc1bbac-7a28-48a8-820a-c292acaa05d7" testListId="8c84fa94-04c1-424b-9868-57a2d4851a1d" />
    <TestEntry testId="954c6542-5669-95f4-2fc5-a01c436de193" executionId="195b5a6d-da84-4ecc-a445-1a665a21d074" testListId="8c84fa94-04c1-424b-9868-57a2d4851a1d" />
    <TestEntry testId="967eb374-2104-1acf-4901-5331861aa4b4" executionId="3521c634-62a9-4548-8eba-a05888260e61" testListId="8c84fa94-04c1-424b-9868-57a2d4851a1d" />
    <TestEntry testId="96881fe6-dfde-90d7-168b-7e0645c53ba0" executionId="c1e8dc4c-446c-4adc-98bc-2a5a6fdd1fc2" testListId="8c84fa94-04c1-424b-9868-57a2d4851a1d" />
    <TestEntry testId="96e75478-d13a-94b1-f4d7-4e30153efd6b" executionId="c33dcf7c-a085-4101-9a07-209ef674f589" testListId="8c84fa94-04c1-424b-9868-57a2d4851a1d" />
    <TestEntry testId="97997216-b9cb-a346-d834-1a6abbc22200" executionId="20841e55-4062-420c-9804-45afb3051771" testListId="8c84fa94-04c1-424b-9868-57a2d4851a1d" />
    <TestEntry testId="9853b2bf-c35b-f18f-c067-26f1d74150ec" executionId="98fb5249-6462-41cf-a6d3-42847319c5a5" testListId="8c84fa94-04c1-424b-9868-57a2d4851a1d" />
    <TestEntry testId="996b7b9c-4963-23a7-ecd9-60f71e9ffdab" executionId="25bed8c2-20af-46c4-8cbc-4b74b3829bd1" testListId="8c84fa94-04c1-424b-9868-57a2d4851a1d" />
    <TestEntry testId="9abfd9c9-a69f-e14e-a283-753aea9711be" executionId="7bdf22f8-a185-4a54-a7c5-3cc18bd6d67e" testListId="8c84fa94-04c1-424b-9868-57a2d4851a1d" />
    <TestEntry testId="9b145e69-7969-d34a-ea49-9560a18e3f37" executionId="7afb880a-d4e4-4b97-8e76-77421d4f462e" testListId="8c84fa94-04c1-424b-9868-57a2d4851a1d" />
    <TestEntry testId="9bc71622-b688-a88b-7a65-091a11ad1362" executionId="5b060d18-2289-48e4-bf1d-ec00105f2943" testListId="8c84fa94-04c1-424b-9868-57a2d4851a1d" />
    <TestEntry testId="9c1f4476-7313-c46d-328a-55cea693565d" executionId="fc8a135b-9438-486d-893f-16ca8d9ce039" testListId="8c84fa94-04c1-424b-9868-57a2d4851a1d" />
    <TestEntry testId="9fd9a588-56ca-0b4b-82c9-064d2bfbe430" executionId="ce9fa444-ef61-46e1-85a3-820995ccc886" testListId="8c84fa94-04c1-424b-9868-57a2d4851a1d" />
    <TestEntry testId="a17744d1-ab11-f591-d328-1ad420c98fbd" executionId="46c3f654-5a46-4d28-8527-5be276eb6472" testListId="8c84fa94-04c1-424b-9868-57a2d4851a1d" />
    <TestEntry testId="a238bb59-cc6f-a250-c2de-3c102510d342" executionId="3f9f2c2d-5caa-429e-b073-ebdd6c95f39c" testListId="8c84fa94-04c1-424b-9868-57a2d4851a1d" />
    <TestEntry testId="a27af6eb-87dc-b90f-c4ca-d8cb1c7c2454" executionId="8402fb12-0a72-4591-82e8-1c3d8c5bcbb3" testListId="8c84fa94-04c1-424b-9868-57a2d4851a1d" />
    <TestEntry testId="a38bcda1-5217-b092-6b98-6582813fb5d1" executionId="3f2a9a58-b176-48f4-bc57-6c2196341275" testListId="8c84fa94-04c1-424b-9868-57a2d4851a1d" />
    <TestEntry testId="a39c2fdb-3d54-d4f0-be49-3f4e350da31e" executionId="732015dd-6962-4f83-8a9d-a56beccf59f3" testListId="8c84fa94-04c1-424b-9868-57a2d4851a1d" />
    <TestEntry testId="a472a839-6eaa-12b1-21fb-e977ec47cce0" executionId="e3e2ec9c-a17b-4d10-b01e-8caba5ae6750" testListId="8c84fa94-04c1-424b-9868-57a2d4851a1d" />
    <TestEntry testId="a4e8ed3d-c4ae-1ca8-df36-ee362c8b196a" executionId="70cb0469-34f5-4b8b-bb17-60ec811a1e87" testListId="8c84fa94-04c1-424b-9868-57a2d4851a1d" />
    <TestEntry testId="a517dabf-4b66-5f3c-ac24-0d2164897c8e" executionId="c16765db-d14b-4396-a76e-49571444828e" testListId="8c84fa94-04c1-424b-9868-57a2d4851a1d" />
    <TestEntry testId="a5adf3df-a9f8-2832-66ba-f690ea4581d6" executionId="00e779e7-5939-48f0-bacb-a92e01f4b351" testListId="8c84fa94-04c1-424b-9868-57a2d4851a1d" />
    <TestEntry testId="a5c2a138-5bc5-66da-7c2e-bc96b13a556b" executionId="14c92d3f-7fae-4412-ae75-3229810a6a02" testListId="8c84fa94-04c1-424b-9868-57a2d4851a1d" />
    <TestEntry testId="a5daaf00-a7ab-4dce-b449-0d5879de0266" executionId="ea453695-b132-42fe-b3fd-424315882aa0" testListId="8c84fa94-04c1-424b-9868-57a2d4851a1d" />
    <TestEntry testId="a6894dd2-dcf0-7e92-7a7b-7a5aa8466339" executionId="fa34da2b-3193-46da-8580-5caac912e322" testListId="8c84fa94-04c1-424b-9868-57a2d4851a1d" />
    <TestEntry testId="a6fd86e1-4eca-846a-5e19-70da718a6391" executionId="9052ab1c-4bba-4af9-a74a-69caa62a1810" testListId="8c84fa94-04c1-424b-9868-57a2d4851a1d" />
    <TestEntry testId="a77c41d3-5bba-1c1e-e81f-7a02217342bf" executionId="53c4632b-731f-4973-9aef-3821e40db758" testListId="8c84fa94-04c1-424b-9868-57a2d4851a1d" />
    <TestEntry testId="a80088bc-1bb3-9447-8317-64a7363d3cfe" executionId="82f0aa45-0259-4bc1-af88-fbb70f627936" testListId="8c84fa94-04c1-424b-9868-57a2d4851a1d" />
    <TestEntry testId="a835695f-f8af-58f4-71d0-57d24fa7d90f" executionId="d0f5b5c3-a9eb-40db-9246-d016cde11e28" testListId="8c84fa94-04c1-424b-9868-57a2d4851a1d" />
    <TestEntry testId="a85e6fd4-de45-4652-f9ef-c22afc1ca0bf" executionId="3cb6aef9-dcf6-4dcd-a525-533c2173b159" testListId="8c84fa94-04c1-424b-9868-57a2d4851a1d" />
    <TestEntry testId="a8a939dd-3559-39c4-d3e6-695f82176ab4" executionId="2dbedb1d-cf90-4832-99b0-0be191651f9f" testListId="8c84fa94-04c1-424b-9868-57a2d4851a1d" />
    <TestEntry testId="a8b0ac8d-b3ff-6693-a29b-869418f5d04f" executionId="aff5c4e9-8f29-47b8-9490-364f8eb5cc20" testListId="8c84fa94-04c1-424b-9868-57a2d4851a1d" />
    <TestEntry testId="a914285b-c2e0-dbc2-f99c-c0b34bf25408" executionId="bf7513f8-bc38-4a19-88c3-8a1b7ae0f9f9" testListId="8c84fa94-04c1-424b-9868-57a2d4851a1d" />
    <TestEntry testId="aa08efca-9836-e946-b0ea-6d46d0e78977" executionId="170182ac-5836-4257-af87-3883d20576b2" testListId="8c84fa94-04c1-424b-9868-57a2d4851a1d" />
    <TestEntry testId="aa3d2f13-ce91-e85a-b860-661244f697ca" executionId="541a0896-43e1-46f0-ae37-3ac803154fa5" testListId="8c84fa94-04c1-424b-9868-57a2d4851a1d" />
    <TestEntry testId="aa89e54f-b120-5f04-a49b-eb1a63d779df" executionId="45cbfbd3-859d-4c47-92f5-85722ccdcce3" testListId="8c84fa94-04c1-424b-9868-57a2d4851a1d" />
    <TestEntry testId="aad710b2-cbba-4fa8-20b9-0a83a5267460" executionId="ff3b7e0f-1150-4f47-ad1d-771400c015cc" testListId="8c84fa94-04c1-424b-9868-57a2d4851a1d" />
    <TestEntry testId="ab0fe80a-1fd5-fb8a-e7d4-5b5fcdcec2eb" executionId="1b2cda3c-aa68-4217-b532-99dcf4a38542" testListId="8c84fa94-04c1-424b-9868-57a2d4851a1d" />
    <TestEntry testId="ab4f6c28-3581-ba0b-4648-93d882bc1ba4" executionId="36f9dbb8-c5a4-450d-9278-bcf4bcb6ac5a" testListId="8c84fa94-04c1-424b-9868-57a2d4851a1d" />
    <TestEntry testId="ac4b28af-d8f4-b156-672f-168bba2db6f5" executionId="5d73e439-edf4-40b4-abef-1e277fce7fe5" testListId="8c84fa94-04c1-424b-9868-57a2d4851a1d" />
    <TestEntry testId="acceeb2f-d3a0-c7eb-0a8a-89ba3e60aa95" executionId="4396b6f8-a1fc-4093-9543-eff55f803d81" testListId="8c84fa94-04c1-424b-9868-57a2d4851a1d" />
    <TestEntry testId="ad52b45c-d7bf-7d90-509a-9d90fabbb4cb" executionId="e60caa10-afff-41fd-a970-53cf4f4b0793" testListId="8c84fa94-04c1-424b-9868-57a2d4851a1d" />
    <TestEntry testId="adc4b822-2dd8-fb80-0aec-e1f18a81e266" executionId="c9fc55a3-8d3d-4043-a747-44e59e1acdde" testListId="8c84fa94-04c1-424b-9868-57a2d4851a1d" />
    <TestEntry testId="aeb09f8f-b144-d846-cb07-87151db0c5db" executionId="3e840405-88da-4a30-8e42-72ecf59366f6" testListId="8c84fa94-04c1-424b-9868-57a2d4851a1d" />
    <TestEntry testId="aee8bdae-93b9-94cd-dc66-4af8f0d1e925" executionId="08f1252f-f183-4a27-ae3e-0bf619060a26" testListId="8c84fa94-04c1-424b-9868-57a2d4851a1d" />
    <TestEntry testId="af2a5dd3-889c-239a-49ba-4559ade59815" executionId="6f588843-d814-471e-b3d9-8af9fc446e2b" testListId="8c84fa94-04c1-424b-9868-57a2d4851a1d" />
    <TestEntry testId="afb70fb3-f16b-16ef-9272-e650b4c370ff" executionId="a4ce7082-110c-4314-b1f0-18113eb18ff3" testListId="8c84fa94-04c1-424b-9868-57a2d4851a1d" />
    <TestEntry testId="b09e98eb-5e7b-17f1-4a91-35133c7055e9" executionId="c264129c-a991-4002-9486-b682021517a4" testListId="8c84fa94-04c1-424b-9868-57a2d4851a1d" />
    <TestEntry testId="b09f0486-3351-5bc5-0d5a-f108852661b1" executionId="6977578d-0414-4d17-acda-baf6e1c6f683" testListId="8c84fa94-04c1-424b-9868-57a2d4851a1d" />
    <TestEntry testId="b1ce8274-0eb4-6ea7-4d2b-12d8e6b2a366" executionId="e4c9c143-aa71-42a9-bcb8-df68e5f79161" testListId="8c84fa94-04c1-424b-9868-57a2d4851a1d" />
    <TestEntry testId="b2564a1d-a5df-de1a-d3dd-41d0e33b00f4" executionId="e4ad0a6c-3c2f-4534-806a-39f942786524" testListId="8c84fa94-04c1-424b-9868-57a2d4851a1d" />
    <TestEntry testId="b28eae18-99f0-9519-6256-d75c3d089452" executionId="cdb9da8a-1874-41f7-a749-bcb99c3c8b0c" testListId="8c84fa94-04c1-424b-9868-57a2d4851a1d" />
    <TestEntry testId="b40b8a29-c95a-4ade-0e51-c133972e69c6" executionId="43b4e68d-d460-48ef-b4ae-19c590f00c7a" testListId="8c84fa94-04c1-424b-9868-57a2d4851a1d" />
    <TestEntry testId="b6192558-2ee3-59f6-6537-ecfd184b2822" executionId="4eff4bd7-388e-4a2c-bc64-25f6ff12a642" testListId="8c84fa94-04c1-424b-9868-57a2d4851a1d" />
    <TestEntry testId="b697701d-8cff-a257-c4da-79dac613bf34" executionId="66301518-1de9-4367-9b34-c9668d49d115" testListId="8c84fa94-04c1-424b-9868-57a2d4851a1d" />
    <TestEntry testId="b6c93299-c437-e1df-d8ec-dc7e1e4a6bba" executionId="983aab65-dee0-40a4-982a-2100b3edbdde" testListId="8c84fa94-04c1-424b-9868-57a2d4851a1d" />
    <TestEntry testId="b6d2504c-fd0b-46f0-ca34-952aa534d5bc" executionId="71dcde74-451c-48b6-bcd9-1c2c7b3c5859" testListId="8c84fa94-04c1-424b-9868-57a2d4851a1d" />
    <TestEntry testId="b757834a-da0f-6514-4f88-5f56b32e1557" executionId="e8d7e865-6851-4863-85cd-5770e5d62517" testListId="8c84fa94-04c1-424b-9868-57a2d4851a1d" />
    <TestEntry testId="b8413468-f954-3662-0efc-8c48132ad726" executionId="2a223099-c5d9-442e-9b9b-679618bc1597" testListId="8c84fa94-04c1-424b-9868-57a2d4851a1d" />
    <TestEntry testId="b8f7e814-b981-7bd7-8770-09bbc779dc13" executionId="f084764e-ad7c-470d-b5aa-a2867e09ec3c" testListId="8c84fa94-04c1-424b-9868-57a2d4851a1d" />
    <TestEntry testId="b942b6d6-f408-1783-9c4d-ef179ac5d56f" executionId="a7cd6c37-282d-427b-ad7c-68a699d0a3e7" testListId="8c84fa94-04c1-424b-9868-57a2d4851a1d" />
    <TestEntry testId="b98676fe-ee87-56df-eacd-dd7ebb6e2cd3" executionId="e230236e-22b5-4972-adfd-0dd421c53cee" testListId="8c84fa94-04c1-424b-9868-57a2d4851a1d" />
    <TestEntry testId="b9fd46b5-4626-f3cd-bb11-d3d09ef904e4" executionId="248c3363-810e-4cca-81e4-45645996f554" testListId="8c84fa94-04c1-424b-9868-57a2d4851a1d" />
    <TestEntry testId="bab93624-9701-4d27-3151-c1bf509e95c1" executionId="3cfb8b00-27b8-4a0e-a56e-43de5e09cddd" testListId="8c84fa94-04c1-424b-9868-57a2d4851a1d" />
    <TestEntry testId="bb119d3a-e948-8bb7-862b-ef22cd5e5418" executionId="1f4f1ab8-be8c-4547-8b9c-e1b47e6f4143" testListId="8c84fa94-04c1-424b-9868-57a2d4851a1d" />
    <TestEntry testId="bbf04cdd-f777-915a-4f82-d89d0fb3c21c" executionId="0fb4e370-b6d3-4a4f-afe0-d4cd279ac3fd" testListId="8c84fa94-04c1-424b-9868-57a2d4851a1d" />
    <TestEntry testId="bc086558-20df-1a67-5cff-56823f0eb575" executionId="5e5e46b0-6940-40c0-9686-e2637231ca96" testListId="8c84fa94-04c1-424b-9868-57a2d4851a1d" />
    <TestEntry testId="bc6fbc6a-1040-2a7b-d37a-1937b6e2fa50" executionId="757c963a-70b2-4f84-9356-c265aa01b218" testListId="8c84fa94-04c1-424b-9868-57a2d4851a1d" />
    <TestEntry testId="bcd1f511-94b6-a2b6-4c0d-819d27a24411" executionId="1ba50056-1dc7-4c1d-81c5-345bea51453c" testListId="8c84fa94-04c1-424b-9868-57a2d4851a1d" />
    <TestEntry testId="bdb05735-8cd1-a75d-4d6a-dc0c0dcde2a9" executionId="a2c755f9-f1f0-41b1-9dc5-c6d21e598d14" testListId="8c84fa94-04c1-424b-9868-57a2d4851a1d" />
    <TestEntry testId="bde72f4f-f66e-49e5-5a7f-f0f6283a032f" executionId="309c0e21-a654-4865-a47c-fbcebad44f16" testListId="8c84fa94-04c1-424b-9868-57a2d4851a1d" />
    <TestEntry testId="be2975a5-16cf-8b54-0e33-59e4bc6c38a6" executionId="666bc67b-adb7-4ddd-bd72-b62c9dbf2f16" testListId="8c84fa94-04c1-424b-9868-57a2d4851a1d" />
    <TestEntry testId="beb08e30-b8b0-b48e-c515-c7a8586c6e54" executionId="12fbcde2-b7e8-4b34-8487-ec300042d56f" testListId="8c84fa94-04c1-424b-9868-57a2d4851a1d" />
    <TestEntry testId="bf3337bc-4ebe-14d7-ffa9-91df711ba6a0" executionId="5e15a6a4-7caf-48bd-8255-c6601e67b28a" testListId="8c84fa94-04c1-424b-9868-57a2d4851a1d" />
    <TestEntry testId="bf901687-526e-3c4f-d25d-5f1eb0ec55f2" executionId="b96062d7-6f7f-4430-aa87-432779e52bdd" testListId="8c84fa94-04c1-424b-9868-57a2d4851a1d" />
    <TestEntry testId="c1679918-c36e-2cbe-87a9-96506a9b38f9" executionId="c11a6ae1-b133-4039-b2ae-8a6a62afb4fc" testListId="8c84fa94-04c1-424b-9868-57a2d4851a1d" />
    <TestEntry testId="c17e6f29-704e-75d9-e266-2faaf40f3e21" executionId="04fd5fc3-7eaa-46d6-8c39-ddec9227aadc" testListId="8c84fa94-04c1-424b-9868-57a2d4851a1d" />
    <TestEntry testId="c27245e1-4f05-55df-8c6f-e38fa3d47902" executionId="cf5a4fd8-46cc-477d-aef4-f4bc09b6e71e" testListId="8c84fa94-04c1-424b-9868-57a2d4851a1d" />
    <TestEntry testId="c2878fbd-4540-66f8-af38-853465e7a6aa" executionId="e96cbbf7-2c10-422c-bba6-6b064d99be05" testListId="8c84fa94-04c1-424b-9868-57a2d4851a1d" />
    <TestEntry testId="c37440e9-11a5-99b5-8db4-69844a9128f1" executionId="237e1910-bcd4-4ce5-802a-96600bdfc04d" testListId="8c84fa94-04c1-424b-9868-57a2d4851a1d" />
    <TestEntry testId="c40068e0-385e-bf45-abe2-9f61f6d3993f" executionId="3477efd4-0cc4-408b-9a37-cfdf23d840e5" testListId="8c84fa94-04c1-424b-9868-57a2d4851a1d" />
    <TestEntry testId="c6a2f7ad-0298-580e-2fa3-bbb6c9b28898" executionId="b76ae51d-9e29-4bf1-9ec1-58d87b7a9934" testListId="8c84fa94-04c1-424b-9868-57a2d4851a1d" />
    <TestEntry testId="c6f9c8d4-b42f-f506-2486-8ec3f82f78d3" executionId="7ff0bfb9-e555-4cf0-b516-31550112ef6a" testListId="8c84fa94-04c1-424b-9868-57a2d4851a1d" />
    <TestEntry testId="c736d05f-3776-7117-cc83-8e6ae9b75cf4" executionId="588e8d3e-a7a9-4f58-81c9-14fba344585c" testListId="8c84fa94-04c1-424b-9868-57a2d4851a1d" />
    <TestEntry testId="c9059140-bd68-daef-e19b-ffc08869ca24" executionId="cc88bab1-0064-4ab8-bf17-5c17cbf257f0" testListId="8c84fa94-04c1-424b-9868-57a2d4851a1d" />
    <TestEntry testId="c928c59c-16e9-64be-3633-321da85248bf" executionId="562e7fd2-a51d-4f6b-8e53-fe14e91842a1" testListId="8c84fa94-04c1-424b-9868-57a2d4851a1d" />
    <TestEntry testId="c931a490-990c-5326-1530-0428c428a145" executionId="08e78895-f551-4c0d-870c-994d7c6a9d23" testListId="8c84fa94-04c1-424b-9868-57a2d4851a1d" />
    <TestEntry testId="c96dfb21-7af5-153f-a5d2-8445e5fcca59" executionId="dc81f60d-e195-4038-9b18-01aebdf53dba" testListId="8c84fa94-04c1-424b-9868-57a2d4851a1d" />
    <TestEntry testId="cab5d754-b046-c047-88d8-b763f582d340" executionId="40a6175e-2c00-440d-b52b-24716782de65" testListId="8c84fa94-04c1-424b-9868-57a2d4851a1d" />
    <TestEntry testId="cb0676d4-b73b-00c6-8824-aa32bdf40010" executionId="5471cfe4-690e-411d-bf77-274d3d37f4c3" testListId="8c84fa94-04c1-424b-9868-57a2d4851a1d" />
    <TestEntry testId="cb68f00e-cb19-bf47-0657-80219e1c9cfa" executionId="1cbcb7fa-1a2b-4317-9394-76f69fa57ab8" testListId="8c84fa94-04c1-424b-9868-57a2d4851a1d" />
    <TestEntry testId="cb854ea1-43fe-4e51-b3cc-ba77c8dba841" executionId="cfd1ee9b-1237-46ac-8a52-d80c67ca266e" testListId="8c84fa94-04c1-424b-9868-57a2d4851a1d" />
    <TestEntry testId="cc6fe6c4-963e-60ba-9611-8e531f6502c5" executionId="71d8c4e8-0216-4d72-a052-a16abc64b86c" testListId="8c84fa94-04c1-424b-9868-57a2d4851a1d" />
    <TestEntry testId="ccb6e01a-8e1d-d753-d587-f8c1f14a9dc4" executionId="f5e419aa-4d15-42fd-8328-53b67ef415e5" testListId="8c84fa94-04c1-424b-9868-57a2d4851a1d" />
    <TestEntry testId="ccbeee50-2d58-025b-2df8-75ec6a26b781" executionId="5606b7d4-70c2-4c98-9787-d275498a4c39" testListId="8c84fa94-04c1-424b-9868-57a2d4851a1d" />
    <TestEntry testId="cdf27cc7-0312-7eab-0024-7c2c609d9e03" executionId="fa95a5a5-e1ba-4e57-ab61-4fddf939729a" testListId="8c84fa94-04c1-424b-9868-57a2d4851a1d" />
    <TestEntry testId="ce459473-fe89-efb8-04f6-e4458eb5deac" executionId="66df7485-b00f-4a5c-a2f0-9f2e383baf3c" testListId="8c84fa94-04c1-424b-9868-57a2d4851a1d" />
    <TestEntry testId="ceeacb60-5ff3-0690-b3df-e29e915ef784" executionId="4fd80bce-5c89-4b30-a387-e7de7fbac733" testListId="8c84fa94-04c1-424b-9868-57a2d4851a1d" />
    <TestEntry testId="cf88dd92-747e-1a79-8f2c-fc0e3f9b0004" executionId="dbc4d511-5af6-41a2-b994-c3700a4280c0" testListId="8c84fa94-04c1-424b-9868-57a2d4851a1d" />
    <TestEntry testId="cfd8c036-75a7-640f-488c-228d443acc6e" executionId="98697856-fdc2-4fc5-8220-cefafa94b1e2" testListId="8c84fa94-04c1-424b-9868-57a2d4851a1d" />
    <TestEntry testId="d1a8787a-d877-64a2-00b1-470142ee8a14" executionId="86851e6b-f11f-45eb-abb4-69cd3e954bb4" testListId="8c84fa94-04c1-424b-9868-57a2d4851a1d" />
    <TestEntry testId="d1b2634a-eb02-7f77-05de-c01ea104c115" executionId="09a7bd54-5199-4a32-838c-b2fb14b9c203" testListId="8c84fa94-04c1-424b-9868-57a2d4851a1d" />
    <TestEntry testId="d2623342-49bb-a1e6-2415-8d8bba2b7ac4" executionId="ac181e66-84b5-46a6-906e-7ed7576ea004" testListId="8c84fa94-04c1-424b-9868-57a2d4851a1d" />
    <TestEntry testId="d2ff731c-908c-96c5-902b-39b6c7e680d7" executionId="64373c7b-d99d-44c8-8aac-504e5d9945ed" testListId="8c84fa94-04c1-424b-9868-57a2d4851a1d" />
    <TestEntry testId="d3580286-a69a-cc57-bea0-cea793fc0992" executionId="a6c04fb9-74c9-4eba-9da5-d1ea3c903d6f" testListId="8c84fa94-04c1-424b-9868-57a2d4851a1d" />
    <TestEntry testId="d40feea3-8180-d822-1bc4-ef1286a37118" executionId="3551d054-8c03-4434-ba0d-629c5d2c8e31" testListId="8c84fa94-04c1-424b-9868-57a2d4851a1d" />
    <TestEntry testId="d4992a93-c61f-e7a7-6c4a-4dd37d506f00" executionId="27de9c24-e20e-4593-a281-2899e82b49b6" testListId="8c84fa94-04c1-424b-9868-57a2d4851a1d" />
    <TestEntry testId="d5a80f55-2074-60f0-99dc-1062cdfc3cee" executionId="7323c8dd-e774-4573-ba2e-d123e3fd9e61" testListId="8c84fa94-04c1-424b-9868-57a2d4851a1d" />
    <TestEntry testId="d5caf4bd-ddf9-d011-d96d-760e6d607d73" executionId="5224c9c6-d478-412b-b85c-1a180ab3344e" testListId="8c84fa94-04c1-424b-9868-57a2d4851a1d" />
    <TestEntry testId="d6a986e5-8b98-e2f2-cef0-92190831ed08" executionId="dbf15e4a-243c-4372-8d91-2a00ee1b244a" testListId="8c84fa94-04c1-424b-9868-57a2d4851a1d" />
    <TestEntry testId="d6d7a27e-0988-cf60-1910-ee6f0eb6cf75" executionId="3cdc189e-df03-4b96-b54a-e7f029eb1d4c" testListId="8c84fa94-04c1-424b-9868-57a2d4851a1d" />
    <TestEntry testId="d708e39f-77d8-94a9-244f-7004fb181d58" executionId="6c319a74-05bd-4d14-845b-6cb004a4bdb4" testListId="8c84fa94-04c1-424b-9868-57a2d4851a1d" />
    <TestEntry testId="d71a2e75-d02d-d52f-f44c-1c08c736ccf3" executionId="713cc192-c364-4936-9011-cf90b1fe5c4b" testListId="8c84fa94-04c1-424b-9868-57a2d4851a1d" />
    <TestEntry testId="d7c03cb5-500e-d7d9-da0b-0be2f4981b03" executionId="10664b0f-5a30-4333-a5b3-d5a7f961ecf0" testListId="8c84fa94-04c1-424b-9868-57a2d4851a1d" />
    <TestEntry testId="d9bcf618-cd6c-c93c-87f9-e64f86f63590" executionId="68614fc1-460b-40e5-b484-569a401e83fa" testListId="8c84fa94-04c1-424b-9868-57a2d4851a1d" />
    <TestEntry testId="d9f16886-57f7-8858-0bb0-758babcd4a82" executionId="6d0cc9f3-95ab-4799-9dd7-985e905d313c" testListId="8c84fa94-04c1-424b-9868-57a2d4851a1d" />
    <TestEntry testId="da9d278a-cb0f-a51b-e352-ed20685028b9" executionId="95839379-be59-4dd5-95a2-c38c7a2a3f90" testListId="8c84fa94-04c1-424b-9868-57a2d4851a1d" />
    <TestEntry testId="db7e1c98-1137-e435-bbb3-bf8f5402bfbf" executionId="514aa81a-b732-410b-88ca-69b812f95076" testListId="8c84fa94-04c1-424b-9868-57a2d4851a1d" />
    <TestEntry testId="dba83ae6-c977-93af-bca8-afb2188d9d55" executionId="c4849827-d907-44f8-8df2-c0485770fc92" testListId="8c84fa94-04c1-424b-9868-57a2d4851a1d" />
    <TestEntry testId="dc17c55e-f745-25bd-9dae-5c78f5bb2176" executionId="e4d9c080-dea5-4a87-a5f2-a48a4bcc1f92" testListId="8c84fa94-04c1-424b-9868-57a2d4851a1d" />
    <TestEntry testId="dd5a8b39-7328-3edd-3658-5787ac153d19" executionId="0c9fe5b1-3951-4ce9-b6e1-215c1ffe278d" testListId="8c84fa94-04c1-424b-9868-57a2d4851a1d" />
    <TestEntry testId="dde12295-d4b5-9724-4e8c-04bf282ca24f" executionId="dca8df3b-6664-47c6-9212-893e7aa9990c" testListId="8c84fa94-04c1-424b-9868-57a2d4851a1d" />
    <TestEntry testId="de04a58d-71f5-e1d1-1d14-e423a290a69c" executionId="54308dab-ebd5-4cea-9d68-e95e721d60b6" testListId="8c84fa94-04c1-424b-9868-57a2d4851a1d" />
    <TestEntry testId="dea2dc86-55fc-7dd0-68c2-4ac2d970ca43" executionId="89150294-b81f-402e-adcb-d402b8455768" testListId="8c84fa94-04c1-424b-9868-57a2d4851a1d" />
    <TestEntry testId="dfd17420-5a13-5744-e6d4-81c04e097642" executionId="a9ec4f78-1efd-4488-8438-5d746a87bd77" testListId="8c84fa94-04c1-424b-9868-57a2d4851a1d" />
    <TestEntry testId="e020cadd-bd50-d44d-30aa-ba2f497b2887" executionId="8f0baa41-bf63-42ac-90ba-a7749f64980a" testListId="8c84fa94-04c1-424b-9868-57a2d4851a1d" />
    <TestEntry testId="e02e0a67-6c2d-0c94-cb65-8df5b3dc5cea" executionId="c4223393-8a2a-49dd-9e38-62eccd37843e" testListId="8c84fa94-04c1-424b-9868-57a2d4851a1d" />
    <TestEntry testId="e174714d-b5ae-6791-7e05-a6dae00c0681" executionId="0d0683b3-9d36-4a19-aa35-38548b063e9e" testListId="8c84fa94-04c1-424b-9868-57a2d4851a1d" />
    <TestEntry testId="e23387f5-cbe9-d2c5-d12c-23a1dbe2d390" executionId="a73eb6cf-d4d4-447f-8c48-6df7afd101b0" testListId="8c84fa94-04c1-424b-9868-57a2d4851a1d" />
    <TestEntry testId="e2347588-3d57-efa9-6d83-3dfd95e9941d" executionId="cb6457ef-1c9f-4cef-9ddd-87ab929aa106" testListId="8c84fa94-04c1-424b-9868-57a2d4851a1d" />
    <TestEntry testId="e27be593-1d5d-4e60-f221-5154b5c9193c" executionId="8f27933d-eabe-4ff3-aef8-b133a17a01f3" testListId="8c84fa94-04c1-424b-9868-57a2d4851a1d" />
    <TestEntry testId="e337de86-0746-0ac2-0c5c-30365e74f01b" executionId="931a86f3-684b-4d5d-99db-f56dccbc169c" testListId="8c84fa94-04c1-424b-9868-57a2d4851a1d" />
    <TestEntry testId="e3b5610a-399f-d019-a8c3-fe5f24d0c8a6" executionId="0ee5d2e6-d602-4e8c-860b-cb80be163ab2" testListId="8c84fa94-04c1-424b-9868-57a2d4851a1d" />
    <TestEntry testId="e3f85f2f-8bca-7a73-722e-520143b3f21d" executionId="b0760dd0-f7a9-43cc-ade6-4aad07951425" testListId="8c84fa94-04c1-424b-9868-57a2d4851a1d" />
    <TestEntry testId="e4b047bc-e01c-35c0-ab7e-ab1c5de8674f" executionId="028add8a-3b34-412c-b877-b834b9456c3f" testListId="8c84fa94-04c1-424b-9868-57a2d4851a1d" />
    <TestEntry testId="e4e7695e-eb86-2e17-0da3-82500c958fe2" executionId="451414ed-9cf7-4938-ad8a-2b18fcd058c7" testListId="8c84fa94-04c1-424b-9868-57a2d4851a1d" />
    <TestEntry testId="e4f43342-50bf-4878-e3d3-5afdaa2ddd37" executionId="2cabe6cc-2c50-4546-84d0-196025fa794b" testListId="8c84fa94-04c1-424b-9868-57a2d4851a1d" />
    <TestEntry testId="e64170f8-e36a-c642-d97d-54b6bb0553a6" executionId="701ee397-4e4f-4b8b-b4e8-84ae405f947c" testListId="8c84fa94-04c1-424b-9868-57a2d4851a1d" />
    <TestEntry testId="e7af5983-4779-41b6-14d3-f05ee86282c2" executionId="7a948af5-1358-4b0b-a494-27d065575636" testListId="8c84fa94-04c1-424b-9868-57a2d4851a1d" />
    <TestEntry testId="e8b1e8f2-7674-bb72-605f-9a7a2bc1bfee" executionId="125a2765-ba83-4ed0-a491-5f93e1e86460" testListId="8c84fa94-04c1-424b-9868-57a2d4851a1d" />
    <TestEntry testId="e97e5cde-c25e-cb0e-69db-a3582bc2ca43" executionId="3b0b51ba-a8fe-464f-987b-651bae15cc6f" testListId="8c84fa94-04c1-424b-9868-57a2d4851a1d" />
    <TestEntry testId="e9b80469-e28c-1b2c-5a36-980b3cb0f728" executionId="f0671b30-71d4-4ac4-9213-56849f52f289" testListId="8c84fa94-04c1-424b-9868-57a2d4851a1d" />
    <TestEntry testId="ea022a26-3382-db95-b68b-60ac6f18deb0" executionId="a3c256c9-af65-4553-a1b4-726b717ffbd3" testListId="8c84fa94-04c1-424b-9868-57a2d4851a1d" />
    <TestEntry testId="eb042ce3-5f20-3d74-ebeb-88f3067e39ea" executionId="b82c0a6b-1d85-4dc6-8610-883bb727d3af" testListId="8c84fa94-04c1-424b-9868-57a2d4851a1d" />
    <TestEntry testId="ecaad254-0b1d-a420-c28a-c8ca0ba7c959" executionId="0015a3c8-2648-4e61-91e6-b507a15c2c4d" testListId="8c84fa94-04c1-424b-9868-57a2d4851a1d" />
    <TestEntry testId="ecabc92d-2f24-55b0-b16a-755e692c4e1a" executionId="0ff40a34-6416-4b99-a9ba-220972c90291" testListId="8c84fa94-04c1-424b-9868-57a2d4851a1d" />
    <TestEntry testId="ecd27a0e-9f35-c43e-8c11-1b73255aae3c" executionId="557195cd-a84a-48f2-8797-521b6edd99c4" testListId="8c84fa94-04c1-424b-9868-57a2d4851a1d" />
    <TestEntry testId="eda2ca79-f409-f699-6d33-a3da45e5d953" executionId="4b93ddc2-5ad1-4d2d-9af8-d6407c3ea87a" testListId="8c84fa94-04c1-424b-9868-57a2d4851a1d" />
    <TestEntry testId="edb7a5b7-9d9c-7fee-8224-ff9d0e654bf2" executionId="1e74d70f-88da-4835-badb-6f1c7a68d558" testListId="8c84fa94-04c1-424b-9868-57a2d4851a1d" />
    <TestEntry testId="ee5f9022-6777-7fb2-dcc5-530f17ab50c0" executionId="bdbca5ac-380d-43cf-8eb6-41875542552d" testListId="8c84fa94-04c1-424b-9868-57a2d4851a1d" />
    <TestEntry testId="ef762903-5f73-156d-4c6c-edbea7a556ad" executionId="8f404d4e-2967-434f-a0a2-f454676437a6" testListId="8c84fa94-04c1-424b-9868-57a2d4851a1d" />
    <TestEntry testId="f07288f5-2f3d-e939-3514-a642579a478e" executionId="db6fbc0f-e014-42e6-9ece-1a5f65d41a84" testListId="8c84fa94-04c1-424b-9868-57a2d4851a1d" />
    <TestEntry testId="f0936119-968f-f4d0-680f-3a810a2a1183" executionId="33e239eb-310b-402c-af93-e3982c05a2af" testListId="8c84fa94-04c1-424b-9868-57a2d4851a1d" />
    <TestEntry testId="f376c1cb-6c7e-6565-2dae-0872021038a2" executionId="9786885f-0e1a-489d-b3ed-114a9cdc0dba" testListId="8c84fa94-04c1-424b-9868-57a2d4851a1d" />
    <TestEntry testId="f384b49a-3778-3092-73a3-70a68b63c811" executionId="dd16c333-0e8f-478b-b20b-89c3c2a6dd76" testListId="8c84fa94-04c1-424b-9868-57a2d4851a1d" />
    <TestEntry testId="f50b51cf-39fa-28c4-720a-03db16299af8" executionId="acce62b3-f1da-4372-9d19-782801a78d64" testListId="8c84fa94-04c1-424b-9868-57a2d4851a1d" />
    <TestEntry testId="f537791f-903e-76d6-5080-80a4dc15bac2" executionId="1a688fa7-4aa3-4866-bf8a-2eb963e943de" testListId="8c84fa94-04c1-424b-9868-57a2d4851a1d" />
    <TestEntry testId="f55d90a1-1701-8dfe-c19c-fedfde1208d9" executionId="52cb0041-297f-4d5a-b63e-ec1bd50e3903" testListId="8c84fa94-04c1-424b-9868-57a2d4851a1d" />
    <TestEntry testId="f58b52d0-5450-8dbe-40cd-ee9f7307e372" executionId="7d16d01d-9ce7-4055-947c-3f1486f981b7" testListId="8c84fa94-04c1-424b-9868-57a2d4851a1d" />
    <TestEntry testId="f6ab254b-b89e-8f66-b003-59dd11d22e62" executionId="e5efddca-6cd6-4980-afcd-707e9561696e" testListId="8c84fa94-04c1-424b-9868-57a2d4851a1d" />
    <TestEntry testId="f6c04c30-f707-2281-f731-8598fcdc8f9b" executionId="8743dea2-1833-4580-85a8-1664b56da907" testListId="8c84fa94-04c1-424b-9868-57a2d4851a1d" />
    <TestEntry testId="f781ffff-ff93-71bc-5f5f-c8442c8a1cc0" executionId="eda9fe02-c6c2-4236-b02d-4b459cab783d" testListId="8c84fa94-04c1-424b-9868-57a2d4851a1d" />
    <TestEntry testId="f8f00cb1-b7c7-8a4f-6936-45675a68da47" executionId="563d88b0-8da3-417f-abe1-fbe4d9585d57" testListId="8c84fa94-04c1-424b-9868-57a2d4851a1d" />
    <TestEntry testId="f90684a7-a79c-7fc4-62c1-2b02b1a46484" executionId="286d9357-1a6b-42b9-8bdc-2f8d2b7f590d" testListId="8c84fa94-04c1-424b-9868-57a2d4851a1d" />
    <TestEntry testId="f90c4160-5714-951f-7521-1af6d342eb17" executionId="6abda306-6181-4084-ac86-d07902e97b9c" testListId="8c84fa94-04c1-424b-9868-57a2d4851a1d" />
    <TestEntry testId="fb8dd2a9-a240-beb6-bd3d-66e4ba26b2aa" executionId="4c22d07e-a86a-43bb-aad2-9bbbd64ccc36" testListId="8c84fa94-04c1-424b-9868-57a2d4851a1d" />
    <TestEntry testId="fc8d00d7-7a7a-f0f3-a11d-98015016e42e" executionId="b6cd959c-4e0f-4618-b000-f0f62d68ee1d" testListId="8c84fa94-04c1-424b-9868-57a2d4851a1d" />
    <TestEntry testId="fc8e027e-d84b-5121-34bf-469313af48e4" executionId="004f268a-ff9a-478d-a0e5-2e448210012e" testListId="8c84fa94-04c1-424b-9868-57a2d4851a1d" />
    <TestEntry testId="fdbcf997-f735-49dd-2d86-a367fe3813bc" executionId="7b3d934e-9745-462f-8c05-87d2ec5b0e49" testListId="8c84fa94-04c1-424b-9868-57a2d4851a1d" />
    <TestEntry testId="fe73d6a0-344d-935f-fa47-83db37554a24" executionId="6457de39-02ce-4c92-a7e3-0c15eb1f4f57" testListId="8c84fa94-04c1-424b-9868-57a2d4851a1d" />
    <TestEntry testId="fe850dae-beb0-69bb-1831-4463cca49bfb" executionId="6dbbca43-d0fc-4ed1-8220-50b3d2a378ac" testListId="8c84fa94-04c1-424b-9868-57a2d4851a1d" />
    <TestEntry testId="fed9e610-805c-d98a-9231-d2a52d8e3441" executionId="a90a7c9a-023e-4c73-ae60-6a82a032a251" testListId="8c84fa94-04c1-424b-9868-57a2d4851a1d" />
  </TestEntries>
  <Results>
    <UnitTestResult executionId="4599eee8-ec28-4368-b43e-a3e566e2fe3c" testId="019bd56c-e56a-79a5-09bc-547b99ed981b" testName="listarOrdenDeComprasTest" computerName="DIEGO-PC" duration="00:00:04.8518794" startTime="2012-12-13T22:11:30.0697060-03:00" endTime="2012-12-13T22:11:36.1680548-03:00" testType="13cdc9d9-ddb5-4fa4-a97d-d965ccfc6d4b" outcome="Passed" testListId="8c84fa94-04c1-424b-9868-57a2d4851a1d" relativeResultsDirectory="4599eee8-ec28-4368-b43e-a3e566e2fe3c">
      <Output>
        <StdOut>Save/Update: select * from OrdenDeCompra; select * from documento_movimiento; select * from LineaOrdenDeCompra WHERE borrado = 0
Save/Update: select * from LineaOrdenDeCompra WHERE  LineaOrdenDeCompra.nro_orden_compra=1  AND  LineaOrdenDeCompra.tipo_orden_compra='A' AND  LineaOrdenDeCompra.nro_sucursal=1  
Save/Update: select * from insumo WHERE  insumo.cod_insumo=1  
Save/Update: select * from insumo WHERE  insumo.cod_insumo=2  
Save/Update: select * from Proveedor WHERE  Proveedor.id_proveedor=1  
Save/Update: select * from MovimientosCuenta JOIN documento_movimiento AS documento ON MovimientosCuenta.nro_movimiento=documento.nro_movimiento JOIN proveedor_movimientos AS proveedor ON MovimientosCuenta.nro_movimiento=proveedor.nro_movimiento WHERE documento.nro_Doc=3  AND proveedor.id_proveedor IS NOT  NULL ; select * from proveedor_movimientos; select * from documento_movimiento
Save/Update: select * from LineaOrdenDeCompra WHERE  LineaOrdenDeCompra.nro_orden_compra=2  AND  LineaOrdenDeCompra.tipo_orden_compra='B' AND  LineaOrdenDeCompra.nro_sucursal=1  
Save/Update: select * from insumo WHERE  insumo.cod_insumo=1  
Save/Update: select * from insumo WHERE  insumo.cod_insumo=1  
Save/Update: select * from Proveedor WHERE  Proveedor.id_proveedor=1  
Save/Update: select * from MovimientosCuenta JOIN documento_movimiento AS documento ON MovimientosCuenta.nro_movimiento=documento.nro_movimiento JOIN proveedor_movimientos AS proveedor ON MovimientosCuenta.nro_movimiento=proveedor.nro_movimiento WHERE documento.nro_Doc=4  AND proveedor.id_proveedor IS NOT  NULL ; select * from proveedor_movimientos; select * from documento_movimiento
Save/Update: DELETE LineaOrdenDeCompra WHERE nro_orden_compra=2  AND nro_sucursal=1  AND tipo_orden_compra='A' AND nro_linea=1  
Save/Update: DELETE LineaOrdenDeCompra WHERE nro_orden_compra=2  AND nro_sucursal=1  AND tipo_orden_compra='A' AND nro_linea=2  
Save/Update: DELETE proveedor_movimientos where nro_movimiento=4  ; DELETE documento_movimiento where nro_movimiento=4  ; ;DELETE MovimientosCuenta WHERE nro_movimiento=4  
Save/Update: DELETE FROM OrdenDeCompra WHERE nro_Doc =5
Save/Update: delete documento where nro_doc=5</StdOut>
      </Output>
    </UnitTestResult>
    <UnitTestResult executionId="aa8be01e-cda6-4406-9a47-fabdb846a246" testId="019cc466-e1e2-1876-80d0-8bd0f4668b2f" testName="borrarDiseñoInsumoTest" computerName="DIEGO-PC" duration="00:00:00.0220849" startTime="2012-12-13T22:11:36.1700549-03:00" endTime="2012-12-13T22:11:36.2080571-03:00" testType="13cdc9d9-ddb5-4fa4-a97d-d965ccfc6d4b" outcome="Passed" testListId="8c84fa94-04c1-424b-9868-57a2d4851a1d" relativeResultsDirectory="aa8be01e-cda6-4406-9a47-fabdb846a246">
      <Output>
        <StdOut>Save/Update: INSERT INTO Diseño_insumos (cod_diseño, cod_insumo, cantidad) VALUES (2 , 1 , 5.5); 
Save/Update: select * from Diseño_insumos
Save/Update: DELETE Diseño_insumos WHERE cod_diseño=2  AND cod_insumo=1  
Save/Update: select * from Diseño_insumos
Save/Update: DELETE Diseño_insumos WHERE cod_diseño=2  AND cod_insumo=1</StdOut>
      </Output>
    </UnitTestResult>
    <UnitTestResult executionId="eadc9b59-6363-47b5-8123-9156cb038bba" testId="0321ef45-ca6a-c46f-356f-5dff04b055f8" testName="listarMovimientosPorNroTest" computerName="DIEGO-PC" duration="00:00:00.0961388" startTime="2012-12-13T22:11:36.2090571-03:00" endTime="2012-12-13T22:11:36.3120630-03:00" testType="13cdc9d9-ddb5-4fa4-a97d-d965ccfc6d4b" outcome="Passed" testListId="8c84fa94-04c1-424b-9868-57a2d4851a1d" relativeResultsDirectory="eadc9b59-6363-47b5-8123-9156cb038bba">
      <Output>
        <StdOut>Save/Update: select * from MovimientosCuenta JOIN cliente_movimientos AS cliente ON MovimientosCuenta.nro_movimiento=cliente.nro_movimiento WHERE  MovimientosCuenta.nro_movimiento=1  AND cliente.id_cliente IS NOT  NULL ; select * from cliente_movimientos; select * from documento_movimiento
Save/Update: select * from Cliente WHERE  Cliente.id_cliente=1  ; select * from cliente_movimientos; select * from Pedido WHERE borrado = 0; select * from Factura WHERE borrado = 0; select * from Diseño WHERE borrado = 0
Save/Update: select * from Usuario WHERE  Usuario.usuarioID=1  ; select * from JoinUsuarioToFamilia; select * from JoinPatenteToUsuario
Save/Update: select * from Familia JOIN JoinUsuarioToFamilia AS usuarios ON Familia.familiaID=usuarios.familiaID WHERE usuarios.usuarioID=1  ; select * from JoinFamiliaToPatente
Save/Update: select * from Patente JOIN JoinPatenteToUsuario AS usuario ON Patente.patenteId=usuario.patenteId WHERE usuario.usuarioID=1  
Save/Update: select * from Cliente WHERE  Cliente.usuarioID=1  ; select * from cliente_movimientos; select * from Pedido WHERE borrado = 0; select * from Factura WHERE borrado = 0; select * from Diseño WHERE borrado = 0
Save/Update: select * from Diseño WHERE  Diseño.id_cliente=1  ; select * from historico_estados_diseño WHERE borrado = 0
Save/Update: select * from Factura WHERE  Factura.id_cliente=1  ; select * from documento_movimiento; select * from LineaFactura WHERE borrado = 0
Save/Update: select * from Pedido WHERE  Pedido.id_cliente=1  ; select * from produccion WHERE borrado = 0; select * from historico_estados_pedido WHERE borrado = 0
Save/Update: select * from MovimientosCuenta JOIN cliente_movimientos AS cliente ON MovimientosCuenta.nro_movimiento=cliente.nro_movimiento WHERE cliente.id_cliente=1  AND cliente.id_cliente IS NOT  NULL ; select * from cliente_movimientos; select * from documento_movimiento
Save/Update: select * from Factura WHERE  Factura.nro_Doc=1  ; select * from documento_movimiento; select * from LineaFactura WHERE borrado = 0
Save/Update: select * from tipoMovimiento WHERE  tipoMovimiento.tipoMovimientoID=1  
Save/Update: select * from Cuenta WHERE  Cuenta.cuentaID=1  
Save/Update: DELETE cliente_movimientos where nro_movimiento=4  ; DELETE documento_movimiento where nro_movimiento=4  ; ;DELETE MovimientosCuenta WHERE nro_movimiento=4</StdOut>
      </Output>
    </UnitTestResult>
    <UnitTestResult executionId="06c73eda-749b-4cf2-ba22-b9c58e1180e0" testId="036044ea-8d05-b58f-21af-2b8c451629d2" testName="listarProduccionPorFechasTest" computerName="DIEGO-PC" duration="00:00:00.9266684" startTime="2012-12-13T22:11:36.3160633-03:00" endTime="2012-12-13T22:11:37.2511167-03:00" testType="13cdc9d9-ddb5-4fa4-a97d-d965ccfc6d4b" outcome="Passed" testListId="8c84fa94-04c1-424b-9868-57a2d4851a1d" relativeResultsDirectory="06c73eda-749b-4cf2-ba22-b9c58e1180e0">
      <Output>
        <StdOut>Save/Update: select * from produccion WHERE  produccion.fechaInicio&gt;= CAST('09/10/2012 09:00:00.000'  AS DateTime) AND  produccion.fechaInicio&lt;= CAST('09/10/2012 14:00:00.000'  AS DateTime) AND  produccion.fechaFinal&gt;= CAST('09/10/2012 12:00:00.000'  AS DateTime) AND  produccion.fechaFinal&lt;= CAST('09/10/2012 14:00:00.000'  AS DateTime) ; select * from historico_estados_produccion WHERE borrado = 0
Save/Update: select * from Pedido WHERE  Pedido.cod_pedido=1  ; select * from produccion WHERE borrado = 0; select * from historico_estados_pedido WHERE borrado = 0
Save/Update: select * from Maquina WHERE  Maquina.cod_maquina=1  ; select * from JoinMaquinaToTipoPrenda
Save/Update: select * from Articulos WHERE  Articulos.cod_articulo=1  ; select * from lista_precios WHERE borrado = 0
Save/Update: select * from EstadoTrabajos WHERE  EstadoTrabajos.cod_estado=3  
Save/Update: select * from historico_estados_produccion WHERE  historico_estados_produccion.cod_produccion=1  
Save/Update: select * from produccion_operador WHERE  produccion_operador.cod_prodcuccion=1  
Save/Update: DELETE produccion_operador WHERE id_operador=2  AND cod_prodcuccion=7  
Save/Update: DELETE historico_estados_produccion WHERE nro_estado=1  AND cod_produccion=7  
Save/Update: DELETE historico_estados_produccion WHERE nro_estado=2  AND cod_produccion=7  
Save/Update: DELETE produccion WHERE cod_produccion=7</StdOut>
      </Output>
    </UnitTestResult>
    <UnitTestResult executionId="252a1222-2580-41ef-8bd2-48242289dcae" testId="046d8853-4c4a-6ed7-e6b4-7cfe78d48668" testName="listarOrdenDeComprasPorMovimientoTest" computerName="DIEGO-PC" duration="00:00:00.0122817" startTime="2012-12-13T22:11:37.2561170-03:00" endTime="2012-12-13T22:11:37.2761182-03:00" testType="13cdc9d9-ddb5-4fa4-a97d-d965ccfc6d4b" outcome="Passed" testListId="8c84fa94-04c1-424b-9868-57a2d4851a1d" relativeResultsDirectory="252a1222-2580-41ef-8bd2-48242289dcae">
      <Output>
        <StdOut>Save/Update: select * from OrdenDeCompra WHERE  OrdenDeCompra.nro_Doc=3  ; select * from documento_movimiento; select * from LineaOrdenDeCompra WHERE borrado = 0
Save/Update: select * from LineaOrdenDeCompra WHERE  LineaOrdenDeCompra.nro_orden_compra=1  AND  LineaOrdenDeCompra.tipo_orden_compra='A' AND  LineaOrdenDeCompra.nro_sucursal=1  
Save/Update: select * from insumo WHERE  insumo.cod_insumo=1  
Save/Update: select * from insumo WHERE  insumo.cod_insumo=2  
Save/Update: select * from Proveedor WHERE  Proveedor.id_proveedor=1  
Save/Update: select * from MovimientosCuenta JOIN documento_movimiento AS documento ON MovimientosCuenta.nro_movimiento=documento.nro_movimiento JOIN proveedor_movimientos AS proveedor ON MovimientosCuenta.nro_movimiento=proveedor.nro_movimiento WHERE documento.nro_Doc=3  AND proveedor.id_proveedor IS NOT  NULL ; select * from proveedor_movimientos; select * from documento_movimiento
Save/Update: DELETE LineaOrdenDeCompra WHERE nro_orden_compra=2  AND nro_sucursal=1  AND tipo_orden_compra='A' AND nro_linea=1  
Save/Update: DELETE LineaOrdenDeCompra WHERE nro_orden_compra=2  AND nro_sucursal=1  AND tipo_orden_compra='A' AND nro_linea=2  
Save/Update: DELETE proveedor_movimientos where nro_movimiento=4  ; DELETE documento_movimiento where nro_movimiento=4  ; ;DELETE MovimientosCuenta WHERE nro_movimiento=4  
Save/Update: DELETE FROM OrdenDeCompra WHERE nro_Doc =5
Save/Update: delete documento where nro_doc=5</StdOut>
      </Output>
    </UnitTestResult>
    <UnitTestResult executionId="bf62164e-78a9-40b5-8ab1-5d2659940647" testId="049d0f88-7bdd-159e-dcba-5d96f972e9a7" testName="cargarUsuariosTest" computerName="DIEGO-PC" duration="00:00:00.0165370" startTime="2012-12-13T22:11:37.2801184-03:00" endTime="2012-12-13T22:11:37.3041198-03:00" testType="13cdc9d9-ddb5-4fa4-a97d-d965ccfc6d4b" outcome="Passed" testListId="8c84fa94-04c1-424b-9868-57a2d4851a1d" relativeResultsDirectory="bf62164e-78a9-40b5-8ab1-5d2659940647">
      <Output>
        <StdOut>Save/Update: select * from Usuario; select * from JoinUsuarioToFamilia; select * from JoinPatenteToUsuario
Save/Update: DELETE JoinUsuarioToFamilia where usuarioID=6  ; DELETE JoinPatenteToUsuario where usuarioID=6  ; ;DELETE Usuario WHERE usuarioID=6  
Save/Update: UPDATE Usuario SET nombre='nombre5', apellido='apellido5', mail='mail5@test.com', password='pas5', telefonoFijo='5555-5555', telefonoMovil='5555-5555', bloqueado=0  WHERE usuarioID=5  ; DELETE JoinUsuarioToFamilia where usuarioID=5  ; DELETE JoinPatenteToUsuario where usuarioID=5  ;</StdOut>
      </Output>
    </UnitTestResult>
    <UnitTestResult executionId="72c84c5a-adfa-4852-9837-5ed802332fe8" testId="04a946fc-19a1-d283-10d5-49de1068346e" testName="actualizarMovimientoTest" computerName="DIEGO-PC" duration="00:00:00.0701020" startTime="2012-12-13T22:11:37.3071199-03:00" endTime="2012-12-13T22:11:37.3911248-03:00" testType="13cdc9d9-ddb5-4fa4-a97d-d965ccfc6d4b" outcome="Passed" testListId="8c84fa94-04c1-424b-9868-57a2d4851a1d" relativeResultsDirectory="72c84c5a-adfa-4852-9837-5ed802332fe8">
      <Output>
        <StdOut>Save/Update: SELECT  ISNULL(MAX(nro_movimiento + 1),1) from MovimientosCuenta
Save/Update: INSERT INTO MovimientosCuenta (nro_movimiento, comentario, fecha, monto, cuentaID, tipoMovimientoID) VALUES (4 , 'com4',  CAST('13/12/2012 22:11:37.319'  AS DateTime), 33.3, 1 , 2 ); DELETE cliente_movimientos where nro_movimiento=4  ;  INSERT INTO cliente_movimientos ( nro_movimiento, id_cliente) VALUES ( 4 , 2 ); DELETE documento_movimiento where nro_movimiento=4  ; 
Save/Update: select * from MovimientosCuenta JOIN cliente_movimientos AS cliente ON MovimientosCuenta.nro_movimiento=cliente.nro_movimiento WHERE  MovimientosCuenta.nro_movimiento=4  AND cliente.id_cliente IS NOT  NULL ; select * from cliente_movimientos; select * from documento_movimiento
Save/Update: select * from Cliente WHERE  Cliente.id_cliente=2  ; select * from cliente_movimientos; select * from Pedido WHERE borrado = 0; select * from Factura WHERE borrado = 0; select * from Diseño WHERE borrado = 0
Save/Update: select * from Usuario WHERE  Usuario.usuarioID=2  ; select * from JoinUsuarioToFamilia; select * from JoinPatenteToUsuario
Save/Update: select * from Familia JOIN JoinUsuarioToFamilia AS usuarios ON Familia.familiaID=usuarios.familiaID WHERE usuarios.usuarioID=2  ; select * from JoinFamiliaToPatente
Save/Update: select * from Patente JOIN JoinFamiliaToPatente AS familia ON Patente.patenteId=familia.patenteId WHERE familia.familiaID=2  
Save/Update: select * from Patente JOIN JoinPatenteToUsuario AS usuario ON Patente.patenteId=usuario.patenteId WHERE usuario.usuarioID=2  
Save/Update: select * from Cliente WHERE  Cliente.usuarioID=2  ; select * from cliente_movimientos; select * from Pedido WHERE borrado = 0; select * from Factura WHERE borrado = 0; select * from Diseño WHERE borrado = 0
Save/Update: select * from Diseño WHERE  Diseño.id_cliente=2  ; select * from historico_estados_diseño WHERE borrado = 0
Save/Update: select * from Factura WHERE  Factura.id_cliente=2  ; select * from documento_movimiento; select * from LineaFactura WHERE borrado = 0
Save/Update: select * from Pedido WHERE  Pedido.id_cliente=2  ; select * from produccion WHERE borrado = 0; select * from historico_estados_pedido WHERE borrado = 0
Save/Update: select * from MovimientosCuenta JOIN cliente_movimientos AS cliente ON MovimientosCuenta.nro_movimiento=cliente.nro_movimiento WHERE cliente.id_cliente=2  AND cliente.id_cliente IS NOT  NULL ; select * from cliente_movimientos; select * from documento_movimiento
Save/Update: select * from tipoMovimiento WHERE  tipoMovimiento.tipoMovimientoID=2  
Save/Update: select * from Cuenta WHERE  Cuenta.cuentaID=1  
Save/Update: UPDATE MovimientosCuenta SET comentario='com4', fecha= CAST('13/12/2012 22:11:37.320'  AS DateTime), monto=33.3, cuentaID=1 , tipoMovimientoID=2  WHERE nro_movimiento=4  ; DELETE cliente_movimientos where nro_movimiento=4  ;  INSERT INTO cliente_movimientos ( nro_movimiento, id_cliente) VALUES ( 4 , 1 ); DELETE documento_movimiento where nro_movimiento=4  ; 
Save/Update: select * from MovimientosCuenta JOIN cliente_movimientos AS cliente ON MovimientosCuenta.nro_movimiento=cliente.nro_movimiento WHERE  MovimientosCuenta.nro_movimiento=4  AND cliente.id_cliente IS NOT  NULL ; select * from cliente_movimientos; select * from documento_movimiento
Save/Update: select * from Cliente WHERE  Cliente.id_cliente=1  ; select * from cliente_movimientos; select * from Pedido WHERE borrado = 0; select * from Factura WHERE borrado = 0; select * from Diseño WHERE borrado = 0
Save/Update: select * from Usuario WHERE  Usuario.usuarioID=1  ; select * from JoinUsuarioToFamilia; select * from JoinPatenteToUsuario
Save/Update: select * from Familia JOIN JoinUsuarioToFamilia AS usuarios ON Familia.familiaID=usuarios.familiaID WHERE usuarios.usuarioID=1  ; select * from JoinFamiliaToPatente
Save/Update: select * from Patente JOIN JoinPatenteToUsuario AS usuario ON Patente.patenteId=usuario.patenteId WHERE usuario.usuarioID=1  
Save/Update: select * from Cliente WHERE  Cliente.usuarioID=1  ; select * from cliente_movimientos; select * from Pedido WHERE borrado = 0; select * from Factura WHERE borrado = 0; select * from Diseño WHERE borrado = 0
Save/Update: select * from Diseño WHERE  Diseño.id_cliente=1  ; select * from historico_estados_diseño WHERE borrado = 0
Save/Update: select * from Factura WHERE  Factura.id_cliente=1  ; select * from documento_movimiento; select * from LineaFactura WHERE borrado = 0
Save/Update: select * from Pedido WHERE  Pedido.id_cliente=1  ; select * from produccion WHERE borrado = 0; select * from historico_estados_pedido WHERE borrado = 0
Save/Update: select * from MovimientosCuenta JOIN cliente_movimientos AS cliente ON MovimientosCuenta.nro_movimiento=cliente.nro_movimiento WHERE cliente.id_cliente=1  AND cliente.id_cliente IS NOT  NULL ; select * from cliente_movimientos; select * from documento_movimiento
Save/Update: select * from tipoMovimiento WHERE  tipoMovimiento.tipoMovimientoID=2  
Save/Update: select * from Cuenta WHERE  Cuenta.cuentaID=1  
Save/Update: DELETE cliente_movimientos where nro_movimiento=4  ; DELETE documento_movimiento where nro_movimiento=4  ; ;DELETE MovimientosCuenta WHERE nro_movimiento=4</StdOut>
      </Output>
    </UnitTestResult>
    <UnitTestResult executionId="46ef5c33-a144-4359-9e52-1b52ebe4f38c" testId="0533de1e-bd84-9f46-95b5-950bf92951b0" testName="modificarLineaTest" computerName="DIEGO-PC" duration="00:00:00.0169433" startTime="2012-12-13T22:11:37.3941249-03:00" endTime="2012-12-13T22:11:37.4161262-03:00" testType="13cdc9d9-ddb5-4fa4-a97d-d965ccfc6d4b" outcome="Passed" testListId="8c84fa94-04c1-424b-9868-57a2d4851a1d" relativeResultsDirectory="46ef5c33-a144-4359-9e52-1b52ebe4f38c">
      <Output>
        <StdOut>Save/Update: SELECT  ISNULL(MAX(nro_linea + 1),1) from LineaOrdenDeCompra WHERE nro_orden_compra=1 AND nro_sucursal=1 AND tipo_orden_compra='A'
Save/Update: INSERT INTO LineaOrdenDeCompra (nro_orden_compra, nro_sucursal, tipo_orden_compra, nro_linea, cod_producto, cantidad, precio, borrado) VALUES (1 , 1 , 'A', 3 , 3 , 33 , 33.3, 0 ); 
Save/Update: select * from LineaOrdenDeCompra WHERE  LineaOrdenDeCompra.nro_orden_compra=1  AND  LineaOrdenDeCompra.nro_linea=3  AND  LineaOrdenDeCompra.nro_sucursal=1  AND  LineaOrdenDeCompra.tipo_orden_compra='A' 
Save/Update: UPDATE LineaOrdenDeCompra SET cod_producto=3 , cantidad=33 , precio=10, borrado=0  WHERE nro_orden_compra=1  AND nro_sucursal=1  AND tipo_orden_compra='A' AND nro_linea=3  ; 
Save/Update: select * from LineaOrdenDeCompra WHERE  LineaOrdenDeCompra.nro_orden_compra=1  AND  LineaOrdenDeCompra.nro_linea=3  AND  LineaOrdenDeCompra.nro_sucursal=1  AND  LineaOrdenDeCompra.tipo_orden_compra='A' 
Save/Update: DELETE LineaOrdenDeCompra WHERE nro_orden_compra=1  AND nro_sucursal=1  AND tipo_orden_compra='A' AND nro_linea=3</StdOut>
      </Output>
    </UnitTestResult>
    <UnitTestResult executionId="1d66f75f-5a1f-48ef-b0cc-17f53bc45262" testId="0619da45-f95c-9013-f779-f3a2e41e2ddd" testName="borrarUsuarioTest" computerName="DIEGO-PC" duration="00:00:00.0068426" startTime="2012-12-13T22:11:37.4171262-03:00" endTime="2012-12-13T22:11:37.4291269-03:00" testType="13cdc9d9-ddb5-4fa4-a97d-d965ccfc6d4b" outcome="Passed" testListId="8c84fa94-04c1-424b-9868-57a2d4851a1d" relativeResultsDirectory="1d66f75f-5a1f-48ef-b0cc-17f53bc45262">
      <Output>
        <StdOut>Save/Update: INSERT INTO Usuario (usuarioID, nombre, apellido, mail, password, telefonoFijo, telefonoMovil, bloqueado) VALUES (6 , 'nombre6', 'apellido6', 'mail6@test.com', 'pas6', '6666-6666', '6666-6666', 0 ); DELETE JoinUsuarioToFamilia where usuarioID=6  ; DELETE JoinPatenteToUsuario where usuarioID=6  ; 
Save/Update: select * from Usuario WHERE  Usuario.usuarioID=6  ; select * from JoinUsuarioToFamilia; select * from JoinPatenteToUsuario
Save/Update: DELETE JoinUsuarioToFamilia where usuarioID=6  ; DELETE JoinPatenteToUsuario where usuarioID=6  ; ;DELETE Usuario WHERE usuarioID=6  
Save/Update: select * from Usuario WHERE  Usuario.usuarioID=6  ; select * from JoinUsuarioToFamilia; select * from JoinPatenteToUsuario
Save/Update: DELETE JoinUsuarioToFamilia where usuarioID=6  ; DELETE JoinPatenteToUsuario where usuarioID=6  ; ;DELETE Usuario WHERE usuarioID=6  
Save/Update: UPDATE Usuario SET nombre='nombre5', apellido='apellido5', mail='mail5@test.com', password='pas5', telefonoFijo='5555-5555', telefonoMovil='5555-5555', bloqueado=0  WHERE usuarioID=5  ; DELETE JoinUsuarioToFamilia where usuarioID=5  ; DELETE JoinPatenteToUsuario where usuarioID=5  ;</StdOut>
      </Output>
    </UnitTestResult>
    <UnitTestResult executionId="413e5b6c-8903-4951-8ebe-6ca190b0daa6" testId="06ea3cf0-5b85-5241-6e3e-f83627367b47" testName="actualizarNewsletterTest" computerName="DIEGO-PC" duration="00:00:00.2197302" startTime="2012-12-13T22:11:37.4301270-03:00" endTime="2012-12-13T22:11:37.6561399-03:00" testType="13cdc9d9-ddb5-4fa4-a97d-d965ccfc6d4b" outcome="Passed" testListId="8c84fa94-04c1-424b-9868-57a2d4851a1d" relativeResultsDirectory="413e5b6c-8903-4951-8ebe-6ca190b0daa6">
      <Output>
        <StdOut>Save/Update: select * from newsletter WHERE  newsletter.nombre='news1' 
Save/Update: UPDATE newsletter SET newsletter='&lt;body background="#8A94AA"&gt;&lt;style type="text/css"&gt;&lt;!--body {	background-color: #8A94AA;}.txt-geral {	font-family: Georgia, Times New Roman, Times, serif;	font-size: 13px;}.style3 {	font-family: Georgia, Times New Roman, Times, serif;	font-size: 13px;	color:#003366;}.txt-geralp {	font-family: Georgia, Times New Roman, Times, serif;	font-size: 11px;}.style-grd {	font-family: Georgia, Times New Roman, Times, serif;	font-size: 18px;}--&gt; &lt;/style&gt;&lt;table width="600" border="0" align="center" cellpadding="0" cellspacing="0"&gt;  &lt;tr&gt;    &lt;td class="titulo3"&gt;&lt;img src="http://www.salvadorefilhos.pt/images/news/bg-topo.gif" alt="" width="600" height="21" /&gt;&lt;/td&gt;  &lt;/tr&gt;  &lt;tr&gt;    &lt;td align="center" bgcolor="#EEEBE0"&gt;&lt;div align="center"&gt;&lt;img src="http://www.salvadorefilhos.pt/images/news/img-topo.jpg" alt="Salvador &amp;amp; Filhos" width="600" height="206" border="0" /&gt;&lt;/div&gt;&lt;/td&gt;  &lt;/tr&gt;  &lt;tr&gt;    &lt;td bgcolor="#EEEBE0"&gt;&lt;table width="97%" border="0" align="center" cellpadding="0" cellspacing="16"&gt;      &lt;tr&gt;        &lt;td width="50%" height="34" valign="top" class="txt-geral"&gt;&lt;div class="style3"&gt;          &lt;p&gt;&lt;b&gt;UNIPROF&lt;/b&gt;&lt;/p&gt;          &lt;p&gt;&lt;b&gt;NEWSLETTER N&amp;ordm;9&lt;/b&gt;&lt;/p&gt;        &lt;/div&gt;&lt;/td&gt;        &lt;td width="50%" align="right" valign="top" class="txt-geral"&gt;&lt;img src="http://www.salvadorefilhos.pt/images/news/logo.gif" alt="Cristo Rei" width="99" height="66" /&gt;&lt;/td&gt;      &lt;/tr&gt;      &lt;tr&gt;        &lt;td colspan="2" valign="top" class="txt-geral"&gt;&lt;p align="center"&gt;&lt;img src="http://www.es.salvadorefilhos.pt/newsletter/images/tit-newsl9.gif" alt="Servicios Adicionales" width="550" height="100" /&gt;&lt;/p&gt;          	&lt;table width="100%" border="0" cellspacing="0" cellpadding="0"&gt;				&lt;tr&gt;					&lt;td width="60%" valign="top"&gt;&lt;h2&gt;&lt;span lang="ES-TRAD" xml:lang="ES-TRAD"&gt;&lt;strong&gt;Env&amp;iacute;o, recepci&amp;oacute;n&lt;/strong&gt;&lt;/span&gt;:&lt;/h2&gt;							&lt;ul&gt;								&lt;li&gt;&lt;span lang="ES-TRAD" xml:lang="ES-TRAD"&gt;Log&amp;iacute;stica de entrega y recogida de pedidos por nuestro   transportista especializado. &lt;/span&gt; &lt;/li&gt;								&lt;li&gt;&lt;span lang="ES-TRAD" xml:lang="ES-TRAD"&gt;Entregas r&amp;aacute;pidas. &lt;/span&gt; &lt;/li&gt;								&lt;li&gt;&lt;span lang="ES-TRAD" xml:lang="ES-TRAD"&gt;Trabajamos internacionalmente. &lt;/span&gt; &lt;/li&gt;								&lt;li&gt;&lt;span lang="ES-TRAD" xml:lang="ES-TRAD"&gt;Entrega directa a nuestros clientes.&lt;/span&gt;&lt;/li&gt;								&lt;/ul&gt;&lt;/td&gt;					&lt;td width="40%" align="right"&gt;&lt;img src="http://www.es.salvadorefilhos.pt/fotos/empresa/carrinho.gif" alt="Env&amp;iacute;o, recepci&amp;oacute;n" width="200" height="190" hspace="0" border="0" /&gt;&lt;/td&gt;				&lt;/tr&gt;				&lt;tr&gt;					&lt;td valign="top"&gt;&lt;h2&gt;&lt;br /&gt;						&lt;strong&gt;Embalaje&lt;/strong&gt;:&lt;/h2&gt;							&lt;ul&gt;								&lt;li&gt;&lt;span lang="ES-TRAD" xml:lang="ES-TRAD"&gt;Tenemos un servicio m&amp;aacute;s a la disponibilidad de nuestros clientes. &lt;/span&gt; &lt;/li&gt;								&lt;li&gt;&lt;span lang="ES-TRAD" xml:lang="ES-TRAD"&gt;Doblar y prensar las piezas personalizadas. &lt;/span&gt; &lt;/li&gt;								&lt;li&gt;&lt;span lang="ES-TRAD" xml:lang="ES-TRAD"&gt;Embalaje individual en una bolsa de pl&amp;aacute;stico. &lt;/span&gt; &lt;/li&gt;								&lt;li&gt;&lt;span lang="ES-TRAD" xml:lang="ES-TRAD"&gt;Embalaje m&amp;uacute;ltiple en una bolsa de pl&amp;aacute;stico. &lt;/span&gt; &lt;/li&gt;								&lt;li&gt;&lt;span lang="ES-TRAD" xml:lang="ES-TRAD"&gt;Embalaje en cajas de cart&amp;oacute;n&lt;/span&gt;&lt;/li&gt;								&lt;/ul&gt;&lt;/td&gt;					&lt;td align="right"&gt;&lt;br /&gt;							&lt;img src="http://www.es.salvadorefilhos.pt/fotos/empresa/embalagem.gif" alt="Embalaje" width="200" height="168" hspace="0" border="0" /&gt;&lt;/td&gt;				&lt;/tr&gt;				&lt;tr&gt;					&lt;td valign="top"&gt;&lt;h2&gt;&lt;br /&gt;						&lt;strong&gt;Control de calidad&lt;/strong&gt;:&lt;/h2&gt;							&lt;ul&gt;								&lt;li&gt;&lt;span lang="ES-TRAD" xml:lang="ES-TRAD"&gt;N&lt;/span&gt;uestros bordados son la prueba de la calidad y durabilidad,   colores s&amp;oacute;lidos y garantidos, calidad garantizada. &lt;/li&gt;								&lt;li&gt;Nuestros textiles son de un acabado de alta calidad, controlado y   probado. &lt;/li&gt;								&lt;li&gt;Control de calidad para todos nuestros art&amp;iacute;culos. &lt;/li&gt;								&lt;li&gt;La experiencia y conocimiento a su servicio. &lt;/li&gt;								&lt;li&gt;P&amp;oacute;nganos a prueba.&lt;/li&gt;								&lt;/ul&gt;&lt;/td&gt;					&lt;td align="right"&gt;&lt;br /&gt;							&lt;img height="200" alt="Control de calidad" src="http://www.es.salvadorefilhos.pt/fotos/empresa/maos.gif" width="200" border="0" /&gt;&lt;/td&gt;				&lt;/tr&gt;			&lt;/table&gt;          	&lt;p&gt;&lt;strong&gt;&amp;iexcl;&lt;a href=""&gt;Env&amp;iacute;enos su solicitud&lt;/a&gt;!&lt;img src="http://www.salvadorefilhos.pt/newsletter/images/download-es.gif" alt="Descargas, Diapositivos gratis" width="173" height="148" border="0" align="right" /&gt;&lt;/strong&gt;&lt;/b&gt;&lt;/p&gt;          &lt;p&gt;Descargue en su ordenador nuestro cat&amp;aacute;logo de hilos y lista de clis&amp;eacute;s en &lt;a href=""&gt;descargas&lt;/a&gt;. &lt;/p&gt;          &lt;p&gt; Calidad siempre em nuestros art&amp;iacute;culos garantizados y acabamiento especial.&lt;/p&gt;&lt;/td&gt;      &lt;/tr&gt;      &lt;tr&gt;        &lt;td colspan="2" valign="top" class="txt-geral"&gt;&lt;/td&gt;      &lt;/tr&gt;    &lt;/table&gt;    &lt;/td&gt;  &lt;/tr&gt;  &lt;tr&gt;   &lt;td&gt;&lt;img src="http://www.salvadorefilhos.pt/images/news/bg-bot.gif" alt="" width="600" height="50" /&gt;&lt;/td&gt;  &lt;/tr&gt;&lt;/table&gt;&lt;/body&gt;&lt;/html&gt;', nombre='news1', enviado=1  WHERE id=1  ; 
Save/Update: select * from newsletter WHERE  newsletter.id=1  
Save/Update: UPDATE newsletter SET newsletter='&lt;body background="#8A94AA"&gt;&lt;style type="text/css"&gt;&lt;!--body {	background-color: #8A94AA;}.txt-geral {	font-family: Georgia, Times New Roman, Times, serif;	font-size: 13px;}.style3 {	font-family: Georgia, Times New Roman, Times, serif;	font-size: 13px;	color:#003366;}.txt-geralp {	font-family: Georgia, Times New Roman, Times, serif;	font-size: 11px;}.style-grd {	font-family: Georgia, Times New Roman, Times, serif;	font-size: 18px;}--&gt; &lt;/style&gt;&lt;table width="600" border="0" align="center" cellpadding="0" cellspacing="0"&gt;  &lt;tr&gt;    &lt;td class="titulo3"&gt;&lt;img src="http://www.salvadorefilhos.pt/images/news/bg-topo.gif" alt="" width="600" height="21" /&gt;&lt;/td&gt;  &lt;/tr&gt;  &lt;tr&gt;    &lt;td align="center" bgcolor="#EEEBE0"&gt;&lt;div align="center"&gt;&lt;img src="http://www.salvadorefilhos.pt/images/news/img-topo.jpg" alt="Salvador &amp;amp; Filhos" width="600" height="206" border="0" /&gt;&lt;/div&gt;&lt;/td&gt;  &lt;/tr&gt;  &lt;tr&gt;    &lt;td bgcolor="#EEEBE0"&gt;&lt;table width="97%" border="0" align="center" cellpadding="0" cellspacing="16"&gt;      &lt;tr&gt;        &lt;td width="50%" height="34" valign="top" class="txt-geral"&gt;&lt;div class="style3"&gt;          &lt;p&gt;&lt;b&gt;UNIPROF&lt;/b&gt;&lt;/p&gt;          &lt;p&gt;&lt;b&gt;NEWSLETTER N&amp;ordm;9&lt;/b&gt;&lt;/p&gt;        &lt;/div&gt;&lt;/td&gt;        &lt;td width="50%" align="right" valign="top" class="txt-geral"&gt;&lt;img src="http://www.salvadorefilhos.pt/images/news/logo.gif" alt="Cristo Rei" width="99" height="66" /&gt;&lt;/td&gt;      &lt;/tr&gt;      &lt;tr&gt;        &lt;td colspan="2" valign="top" class="txt-geral"&gt;&lt;p align="center"&gt;&lt;img src="http://www.es.salvadorefilhos.pt/newsletter/images/tit-newsl9.gif" alt="Servicios Adicionales" width="550" height="100" /&gt;&lt;/p&gt;          	&lt;table width="100%" border="0" cellspacing="0" cellpadding="0"&gt;				&lt;tr&gt;					&lt;td width="60%" valign="top"&gt;&lt;h2&gt;&lt;span lang="ES-TRAD" xml:lang="ES-TRAD"&gt;&lt;strong&gt;Env&amp;iacute;o, recepci&amp;oacute;n&lt;/strong&gt;&lt;/span&gt;:&lt;/h2&gt;							&lt;ul&gt;								&lt;li&gt;&lt;span lang="ES-TRAD" xml:lang="ES-TRAD"&gt;Log&amp;iacute;stica de entrega y recogida de pedidos por nuestro   transportista especializado. &lt;/span&gt; &lt;/li&gt;								&lt;li&gt;&lt;span lang="ES-TRAD" xml:lang="ES-TRAD"&gt;Entregas r&amp;aacute;pidas. &lt;/span&gt; &lt;/li&gt;								&lt;li&gt;&lt;span lang="ES-TRAD" xml:lang="ES-TRAD"&gt;Trabajamos internacionalmente. &lt;/span&gt; &lt;/li&gt;								&lt;li&gt;&lt;span lang="ES-TRAD" xml:lang="ES-TRAD"&gt;Entrega directa a nuestros clientes.&lt;/span&gt;&lt;/li&gt;								&lt;/ul&gt;&lt;/td&gt;					&lt;td width="40%" align="right"&gt;&lt;img src="http://www.es.salvadorefilhos.pt/fotos/empresa/carrinho.gif" alt="Env&amp;iacute;o, recepci&amp;oacute;n" width="200" height="190" hspace="0" border="0" /&gt;&lt;/td&gt;				&lt;/tr&gt;				&lt;tr&gt;					&lt;td valign="top"&gt;&lt;h2&gt;&lt;br /&gt;						&lt;strong&gt;Embalaje&lt;/strong&gt;:&lt;/h2&gt;							&lt;ul&gt;								&lt;li&gt;&lt;span lang="ES-TRAD" xml:lang="ES-TRAD"&gt;Tenemos un servicio m&amp;aacute;s a la disponibilidad de nuestros clientes. &lt;/span&gt; &lt;/li&gt;								&lt;li&gt;&lt;span lang="ES-TRAD" xml:lang="ES-TRAD"&gt;Doblar y prensar las piezas personalizadas. &lt;/span&gt; &lt;/li&gt;								&lt;li&gt;&lt;span lang="ES-TRAD" xml:lang="ES-TRAD"&gt;Embalaje individual en una bolsa de pl&amp;aacute;stico. &lt;/span&gt; &lt;/li&gt;								&lt;li&gt;&lt;span lang="ES-TRAD" xml:lang="ES-TRAD"&gt;Embalaje m&amp;uacute;ltiple en una bolsa de pl&amp;aacute;stico. &lt;/span&gt; &lt;/li&gt;								&lt;li&gt;&lt;span lang="ES-TRAD" xml:lang="ES-TRAD"&gt;Embalaje en cajas de cart&amp;oacute;n&lt;/span&gt;&lt;/li&gt;								&lt;/ul&gt;&lt;/td&gt;					&lt;td align="right"&gt;&lt;br /&gt;							&lt;img src="http://www.es.salvadorefilhos.pt/fotos/empresa/embalagem.gif" alt="Embalaje" width="200" height="168" hspace="0" border="0" /&gt;&lt;/td&gt;				&lt;/tr&gt;				&lt;tr&gt;					&lt;td valign="top"&gt;&lt;h2&gt;&lt;br /&gt;						&lt;strong&gt;Control de calidad&lt;/strong&gt;:&lt;/h2&gt;							&lt;ul&gt;								&lt;li&gt;&lt;span lang="ES-TRAD" xml:lang="ES-TRAD"&gt;N&lt;/span&gt;uestros bordados son la prueba de la calidad y durabilidad,   colores s&amp;oacute;lidos y garantidos, calidad garantizada. &lt;/li&gt;								&lt;li&gt;Nuestros textiles son de un acabado de alta calidad, controlado y   probado. &lt;/li&gt;								&lt;li&gt;Control de calidad para todos nuestros art&amp;iacute;culos. &lt;/li&gt;								&lt;li&gt;La experiencia y conocimiento a su servicio. &lt;/li&gt;								&lt;li&gt;P&amp;oacute;nganos a prueba.&lt;/li&gt;								&lt;/ul&gt;&lt;/td&gt;					&lt;td align="right"&gt;&lt;br /&gt;							&lt;img height="200" alt="Control de calidad" src="http://www.es.salvadorefilhos.pt/fotos/empresa/maos.gif" width="200" border="0" /&gt;&lt;/td&gt;				&lt;/tr&gt;			&lt;/table&gt;          	&lt;p&gt;&lt;strong&gt;&amp;iexcl;&lt;a href=""&gt;Env&amp;iacute;enos su solicitud&lt;/a&gt;!&lt;img src="http://www.salvadorefilhos.pt/newsletter/images/download-es.gif" alt="Descargas, Diapositivos gratis" width="173" height="148" border="0" align="right" /&gt;&lt;/strong&gt;&lt;/b&gt;&lt;/p&gt;          &lt;p&gt;Descargue en su ordenador nuestro cat&amp;aacute;logo de hilos y lista de clis&amp;eacute;s en &lt;a href=""&gt;descargas&lt;/a&gt;. &lt;/p&gt;          &lt;p&gt; Calidad siempre em nuestros art&amp;iacute;culos garantizados y acabamiento especial.&lt;/p&gt;&lt;/td&gt;      &lt;/tr&gt;      &lt;tr&gt;        &lt;td colspan="2" valign="top" class="txt-geral"&gt;&lt;/td&gt;      &lt;/tr&gt;    &lt;/table&gt;    &lt;/td&gt;  &lt;/tr&gt;  &lt;tr&gt;   &lt;td&gt;&lt;img src="http://www.salvadorefilhos.pt/images/news/bg-bot.gif" alt="" width="600" height="50" /&gt;&lt;/td&gt;  &lt;/tr&gt;&lt;/table&gt;&lt;/body&gt;&lt;/html&gt;', nombre='news1', enviado=1  WHERE id=1  ;</StdOut>
      </Output>
    </UnitTestResult>
    <UnitTestResult executionId="d8099bd6-f77c-4920-93d4-419a7a061c0d" testId="07a2548d-4241-58e9-0562-3d619b418bbb" testName="cargarDiseñosTest" computerName="DIEGO-PC" duration="00:00:00.0141766" startTime="2012-12-13T22:11:37.6601401-03:00" endTime="2012-12-13T22:11:37.6841415-03:00" testType="13cdc9d9-ddb5-4fa4-a97d-d965ccfc6d4b" outcome="Passed" testListId="8c84fa94-04c1-424b-9868-57a2d4851a1d" relativeResultsDirectory="d8099bd6-f77c-4920-93d4-419a7a061c0d">
      <Output>
        <StdOut>Save/Update: select * from Diseño WHERE  Diseño.alto&gt;=5  AND  Diseño.alto&lt;=15  AND  Diseño.ancho&gt;=5  AND  Diseño.ancho&lt;=15  AND  Diseño.nombre LIKE '%ño1%'AND  Diseño.puntadas&gt;=500  AND  Diseño.puntadas&lt;=1500  AND  Diseño.id_cliente=1  ; select * from historico_estados_diseño WHERE borrado = 0</StdOut>
      </Output>
    </UnitTestResult>
    <UnitTestResult executionId="7bb348e5-b624-4d62-8961-a77d715b63fa" testId="0826b7aa-fcce-4d97-453d-e58eb4a27a97" testName="crearNuevaMaquinaTest" computerName="DIEGO-PC" duration="00:00:00.0267487" startTime="2012-12-13T22:11:37.6871417-03:00" endTime="2012-12-13T22:11:37.7221437-03:00" testType="13cdc9d9-ddb5-4fa4-a97d-d965ccfc6d4b" outcome="Passed" testListId="8c84fa94-04c1-424b-9868-57a2d4851a1d" relativeResultsDirectory="7bb348e5-b624-4d62-8961-a77d715b63fa">
      <Output>
        <StdOut>Save/Update: SELECT  ISNULL(MAX(cod_maquina + 1),1) from Maquina
Save/Update: INSERT INTO Maquina (cod_maquina, altoMargen, anchoMargen, cabezales, nombre, velocidadPromedio, cantidadColores) VALUES (4 , 100 , 200 , 12 , 'nombre nuevo', 1000 , 12 ); DELETE JoinMaquinaToTipoPrenda where cod_maquina=4  ;  INSERT INTO JoinMaquinaToTipoPrenda ( cod_maquina, tipo_prenda) VALUES ( 4 , 1 );  INSERT INTO JoinMaquinaToTipoPrenda ( cod_maquina, tipo_prenda) VALUES ( 4 , 2 ); 
Save/Update: select * from produccion WHERE  produccion.fechaInicio&gt;= CAST('13/12/2012 22:11:37.000'  AS DateTime) ; select * from historico_estados_produccion WHERE borrado = 0
Save/Update: select * from produccion WHERE  produccion.fechaInicio&gt;= CAST('13/12/2012 22:11:37.000'  AS DateTime) ; select * from historico_estados_produccion WHERE borrado = 0
Save/Update: select * from Maquina WHERE  Maquina.cod_maquina=4  ; select * from JoinMaquinaToTipoPrenda
Save/Update: select * from TipoPrenda WHERE  TipoPrenda.tipo_prenda=1  
Save/Update: select * from TipoPrenda WHERE  TipoPrenda.tipo_prenda=2  
Save/Update: DELETE JoinMaquinaToTipoPrenda where cod_maquina=4  ; ;DELETE Maquina WHERE cod_maquina=4  
Save/Update: delete from JoinMaquinaToTipoPrenda where cod_maquina=4</StdOut>
      </Output>
    </UnitTestResult>
    <UnitTestResult executionId="0e546f21-e391-4d05-829f-c9d3281aa22d" testId="09863448-141d-d561-d286-b118ec566d97" testName="listarInsumosConRestriccionesTest" computerName="DIEGO-PC" duration="00:00:00.0438505" startTime="2012-12-13T22:11:37.7241438-03:00" endTime="2012-12-13T22:11:37.7751467-03:00" testType="13cdc9d9-ddb5-4fa4-a97d-d965ccfc6d4b" outcome="Passed" testListId="8c84fa94-04c1-424b-9868-57a2d4851a1d" relativeResultsDirectory="0e546f21-e391-4d05-829f-c9d3281aa22d">
      <Output>
        <StdOut>Save/Update: select * from insumo WHERE  insumo.nombre LIKE '%bre%'AND  insumo.detalle LIKE '%lle1%'AND  insumo.id_tipo_insumo=1  AND  insumo.color=1  
Save/Update: select * from tipoInsumo WHERE  tipoInsumo.tipo_insumo=1  
Save/Update: select * from color WHERE  color.codigo_color=1  
Save/Update: select * from MovimientosStock WHERE  MovimientosStock.cod_insumo=1  
Save/Update: select * from insumo WHERE  insumo.cod_insumo=1  
Save/Update: select * from tipoInsumo WHERE  tipoInsumo.tipo_insumo=1  
Save/Update: select * from color WHERE  color.codigo_color=1  
Save/Update: select * from MovimientosStock WHERE  MovimientosStock.cod_insumo=1  
Save/Update: select * from insumo WHERE  insumo.cod_insumo=2  
Save/Update: select * from tipoInsumo WHERE  tipoInsumo.tipo_insumo=1  
Save/Update: select * from color WHERE  color.codigo_color=2  
Save/Update: select * from MovimientosStock WHERE  MovimientosStock.cod_insumo=2  
Save/Update: select * from insumo WHERE  insumo.cod_insumo=1  
Save/Update: select * from tipoInsumo WHERE  tipoInsumo.tipo_insumo=1  
Save/Update: select * from color WHERE  color.codigo_color=1  
Save/Update: select * from MovimientosStock WHERE  MovimientosStock.cod_insumo=1  
Save/Update: UPDATE insumo SET nombre='nombre1', id_tipo_insumo=1 , color=1 , detalle='detalle1', costo=1, cantidadActual=1  WHERE cod_insumo=1  ; 
Save/Update: select * from insumo WHERE  insumo.cod_insumo=2  
Save/Update: select * from tipoInsumo WHERE  tipoInsumo.tipo_insumo=1  
Save/Update: select * from color WHERE  color.codigo_color=2  
Save/Update: select * from MovimientosStock WHERE  MovimientosStock.cod_insumo=2  
Save/Update: UPDATE insumo SET nombre='nombre2', id_tipo_insumo=1 , color=2 , detalle='detalle2', costo=1, cantidadActual=2  WHERE cod_insumo=2  ; 
Save/Update: delete from MovimientosStock where cod_insumo &gt; 2 or (cod_insumo = 1 AND nro_movimiento &gt; 2) or (cod_insumo = 2 AND nro_movimiento &gt; 1)
Save/Update: DELETE MovimientosStock WHERE nro_movimiento=1  AND cod_insumo=5  
Save/Update: DELETE MovimientosStock WHERE nro_movimiento=2  AND cod_insumo=5  
Save/Update: DELETE insumo WHERE cod_insumo=5</StdOut>
      </Output>
    </UnitTestResult>
    <UnitTestResult executionId="7fea9f08-4a0c-4e0f-bf4c-db8ad4174fdc" testId="0a8df61c-a62f-1c66-059f-875171321588" testName="grabarListaPrecioTest" computerName="DIEGO-PC" duration="00:00:00.0167354" startTime="2012-12-13T22:11:37.7761468-03:00" endTime="2012-12-13T22:11:37.8011482-03:00" testType="13cdc9d9-ddb5-4fa4-a97d-d965ccfc6d4b" outcome="Passed" testListId="8c84fa94-04c1-424b-9868-57a2d4851a1d" relativeResultsDirectory="7fea9f08-4a0c-4e0f-bf4c-db8ad4174fdc">
      <Output>
        <StdOut>Save/Update: SELECT  ISNULL( MAX(nro_lista + 1), 1) from lista_precios WHERE cod_articulo=1
Save/Update: INSERT INTO lista_precios (nro_lista, cod_articulo, precio, fechaDesde, fechaHasta, borrado) VALUES (3 , 1 , 3.1,  CAST('11/11/2011 13:55:33.110'  AS DateTime),  CAST('11/11/2011 14:55:33.223'  AS DateTime), 0 ); 
Save/Update: select * from lista_precios WHERE  lista_precios.borrado=0  AND  lista_precios.cod_articulo=1  
Save/Update: DELETE lista_precios WHERE nro_lista=3  AND cod_articulo=1</StdOut>
      </Output>
    </UnitTestResult>
    <UnitTestResult executionId="951ae846-8d8b-475e-972b-c3a02e874311" testId="0bbd7a33-36a4-99a4-2cd0-83fd451fea26" testName="actualizarUsuarioTest" computerName="DIEGO-PC" duration="00:00:00.0217728" startTime="2012-12-13T22:11:37.8071485-03:00" endTime="2012-12-13T22:11:37.8361502-03:00" testType="13cdc9d9-ddb5-4fa4-a97d-d965ccfc6d4b" outcome="Passed" testListId="8c84fa94-04c1-424b-9868-57a2d4851a1d" relativeResultsDirectory="951ae846-8d8b-475e-972b-c3a02e874311">
      <Output>
        <StdOut>Save/Update: select * from Usuario WHERE  Usuario.usuarioID=5  ; select * from JoinUsuarioToFamilia; select * from JoinPatenteToUsuario
Save/Update: select * from Familia JOIN JoinUsuarioToFamilia AS usuarios ON Familia.familiaID=usuarios.familiaID WHERE usuarios.usuarioID=5  ; select * from JoinFamiliaToPatente
Save/Update: select * from Patente JOIN JoinPatenteToUsuario AS usuario ON Patente.patenteId=usuario.patenteId WHERE usuario.usuarioID=5  
Save/Update: select * from Cliente WHERE  Cliente.usuarioID=5  ; select * from cliente_movimientos; select * from Pedido WHERE borrado = 0; select * from Factura WHERE borrado = 0; select * from Diseño WHERE borrado = 0
Save/Update: UPDATE Usuario SET nombre='nombreModificado', apellido='apellido5', mail='mail5@test.com', password='pas5', telefonoFijo='5555-5555', telefonoMovil='5555-5555', bloqueado=0  WHERE usuarioID=5  ; DELETE JoinUsuarioToFamilia where usuarioID=5  ;  INSERT INTO JoinUsuarioToFamilia ( usuarioID, familiaID) VALUES ( 5 , 5 ); DELETE JoinPatenteToUsuario where usuarioID=5  ;  INSERT INTO JoinPatenteToUsuario ( usuarioID, patenteId) VALUES ( 5 , 3 ); 
Save/Update: select * from Usuario WHERE  Usuario.usuarioID=5  ; select * from JoinUsuarioToFamilia; select * from JoinPatenteToUsuario
Save/Update: select * from Familia JOIN JoinUsuarioToFamilia AS usuarios ON Familia.familiaID=usuarios.familiaID WHERE usuarios.usuarioID=5  ; select * from JoinFamiliaToPatente
Save/Update: select * from Patente JOIN JoinFamiliaToPatente AS familia ON Patente.patenteId=familia.patenteId WHERE familia.familiaID=5  
Save/Update: select * from Patente JOIN JoinPatenteToUsuario AS usuario ON Patente.patenteId=usuario.patenteId WHERE usuario.usuarioID=5  
Save/Update: select * from Cliente WHERE  Cliente.usuarioID=5  ; select * from cliente_movimientos; select * from Pedido WHERE borrado = 0; select * from Factura WHERE borrado = 0; select * from Diseño WHERE borrado = 0
Save/Update: UPDATE Usuario SET nombre='nombreModificado', apellido='apellido5', mail='mail5@test.com', password='pas5', telefonoFijo='5555-5555', telefonoMovil='5555-5555', bloqueado=0  WHERE usuarioID=5  ; DELETE JoinUsuarioToFamilia where usuarioID=5  ; DELETE JoinPatenteToUsuario where usuarioID=5  ;</StdOut>
      </Output>
    </UnitTestResult>
    <UnitTestResult executionId="cc116a81-8a7e-4b99-a34c-f359f6415147" testId="0d0b6b4c-3d42-300a-bac7-fbab5e0b6cc5" testName="listarProduccionConRestriccionesTest" computerName="DIEGO-PC" duration="00:00:00.0105449" startTime="2012-12-13T22:11:37.8401504-03:00" endTime="2012-12-13T22:11:37.8571514-03:00" testType="13cdc9d9-ddb5-4fa4-a97d-d965ccfc6d4b" outcome="Passed" testListId="8c84fa94-04c1-424b-9868-57a2d4851a1d" relativeResultsDirectory="cc116a81-8a7e-4b99-a34c-f359f6415147">
      <Output>
        <StdOut>Save/Update: select * from produccion WHERE  produccion.fechaInicio&gt;= CAST('09/10/2012 09:00:00.000'  AS DateTime) AND  produccion.fechaInicio&lt;= CAST('09/10/2012 14:00:00.000'  AS DateTime) AND  produccion.fechaFinal&gt;= CAST('09/10/2012 12:00:00.000'  AS DateTime) AND  produccion.fechaFinal&lt;= CAST('09/10/2012 14:00:00.000'  AS DateTime) ; select * from historico_estados_produccion WHERE borrado = 0
Save/Update: select * from Pedido WHERE  Pedido.cod_pedido=1  ; select * from produccion WHERE borrado = 0; select * from historico_estados_pedido WHERE borrado = 0
Save/Update: select * from Maquina WHERE  Maquina.cod_maquina=1  ; select * from JoinMaquinaToTipoPrenda
Save/Update: select * from Articulos WHERE  Articulos.cod_articulo=1  ; select * from lista_precios WHERE borrado = 0
Save/Update: select * from EstadoTrabajos WHERE  EstadoTrabajos.cod_estado=3  
Save/Update: select * from historico_estados_produccion WHERE  historico_estados_produccion.cod_produccion=1  
Save/Update: select * from produccion_operador WHERE  produccion_operador.cod_prodcuccion=1  
Save/Update: DELETE produccion_operador WHERE id_operador=2  AND cod_prodcuccion=7  
Save/Update: DELETE historico_estados_produccion WHERE nro_estado=1  AND cod_produccion=7  
Save/Update: DELETE historico_estados_produccion WHERE nro_estado=2  AND cod_produccion=7  
Save/Update: DELETE produccion WHERE cod_produccion=7</StdOut>
      </Output>
    </UnitTestResult>
    <UnitTestResult executionId="991c7b3e-4a76-4081-9a6b-9b22188d8ebd" testId="0d3f2b5f-2310-d53e-af58-1c0f5f09df9f" testName="cargarMovimientosConRestriccionesTest" computerName="DIEGO-PC" duration="00:00:00.0139551" startTime="2012-12-13T22:11:37.8601516-03:00" endTime="2012-12-13T22:11:37.8811528-03:00" testType="13cdc9d9-ddb5-4fa4-a97d-d965ccfc6d4b" outcome="Passed" testListId="8c84fa94-04c1-424b-9868-57a2d4851a1d" relativeResultsDirectory="991c7b3e-4a76-4081-9a6b-9b22188d8ebd">
      <Output>
        <StdOut>Save/Update: select * from MovimientosCuenta JOIN proveedor_movimientos AS proveedor ON MovimientosCuenta.nro_movimiento=proveedor.nro_movimiento WHERE  MovimientosCuenta.nro_movimiento=3  AND  MovimientosCuenta.comentario LIKE '%m3%'AND  MovimientosCuenta.fecha= CAST('03/03/2003 00:00:00.000'  AS DateTime) AND  MovimientosCuenta.monto&gt;=5 AND  MovimientosCuenta.monto&lt;=50 AND  MovimientosCuenta.cuentaID=1  AND  MovimientosCuenta.tipoMovimientoID=1  AND proveedor.id_proveedor=1  AND proveedor.id_proveedor IS NOT  NULL ; select * from proveedor_movimientos; select * from documento_movimiento
Save/Update: DELETE proveedor_movimientos where nro_movimiento=4  ; DELETE documento_movimiento where nro_movimiento=4  ; ;DELETE MovimientosCuenta WHERE nro_movimiento=4</StdOut>
      </Output>
    </UnitTestResult>
    <UnitTestResult executionId="827ae0f2-e94d-4c06-8408-e31b6681c1b6" testId="0dd1a643-72f4-8fdd-aebf-659387fe0ecf" testName="disminuirStockTest" computerName="DIEGO-PC" duration="00:00:00.0450656" startTime="2012-12-13T22:11:37.8831529-03:00" endTime="2012-12-13T22:11:37.9341558-03:00" testType="13cdc9d9-ddb5-4fa4-a97d-d965ccfc6d4b" outcome="Passed" testListId="8c84fa94-04c1-424b-9868-57a2d4851a1d" relativeResultsDirectory="827ae0f2-e94d-4c06-8408-e31b6681c1b6">
      <Output>
        <StdOut>Save/Update: select * from Articulos WHERE  Articulos.cod_articulo=1  ; select * from lista_precios WHERE borrado = 0
Save/Update: select * from lista_precios WHERE  lista_precios.cod_articulo=1  
Save/Update: select * from TipoPrenda WHERE  TipoPrenda.tipo_prenda=1  
Save/Update: select * from Diseño WHERE  Diseño.cod_diseño=1  ; select * from historico_estados_diseño WHERE borrado = 0
Save/Update: select * from Diseño WHERE  Diseño.cod_diseño=1  ; select * from historico_estados_diseño WHERE borrado = 0
Save/Update: select * from Cliente WHERE  Cliente.id_cliente=1  ; select * from cliente_movimientos; select * from Pedido WHERE borrado = 0; select * from Factura WHERE borrado = 0; select * from Diseño WHERE borrado = 0
Save/Update: select * from Usuario WHERE  Usuario.usuarioID=1  ; select * from JoinUsuarioToFamilia; select * from JoinPatenteToUsuario
Save/Update: select * from Diseño_insumos WHERE  Diseño_insumos.cod_diseño=1  
Save/Update: select * from historico_estados_diseño WHERE  historico_estados_diseño.cod_diseño=1  
Save/Update: select * from EstadoDiseños WHERE  EstadoDiseños.estado=2  
Save/Update: select * from insumo WHERE  insumo.cod_insumo=1  
Save/Update: select * from tipoInsumo WHERE  tipoInsumo.tipo_insumo=1  
Save/Update: select * from color WHERE  color.codigo_color=1  
Save/Update: select * from MovimientosStock WHERE  MovimientosStock.cod_insumo=1  
Save/Update: select * from insumo WHERE  insumo.cod_insumo=1  
Save/Update: select * from tipoInsumo WHERE  tipoInsumo.tipo_insumo=1  
Save/Update: select * from color WHERE  color.codigo_color=1  
Save/Update: select * from MovimientosStock WHERE  MovimientosStock.cod_insumo=1  
Save/Update: UPDATE insumo SET nombre='nombre1', id_tipo_insumo=1 , color=1 , detalle='detalle1', costo=1, cantidadActual=0  WHERE cod_insumo=1  ; 
Save/Update: SELECT  ISNULL(MAX(nro_movimiento + 1),1) from MovimientosStock WHERE cod_insumo=1
Save/Update: INSERT INTO MovimientosStock (nro_movimiento, cod_insumo, tipo, fecha, cantidad) VALUES (3 , 1 , 1 ,  CAST('13/12/2012 22:11:37.908'  AS DateTime), -1); 
Save/Update: select * from insumo WHERE  insumo.cod_insumo=2  
Save/Update: select * from tipoInsumo WHERE  tipoInsumo.tipo_insumo=1  
Save/Update: select * from color WHERE  color.codigo_color=2  
Save/Update: select * from MovimientosStock WHERE  MovimientosStock.cod_insumo=2  
Save/Update: select * from insumo WHERE  insumo.cod_insumo=2  
Save/Update: select * from tipoInsumo WHERE  tipoInsumo.tipo_insumo=1  
Save/Update: select * from color WHERE  color.codigo_color=2  
Save/Update: select * from MovimientosStock WHERE  MovimientosStock.cod_insumo=2  
Save/Update: UPDATE insumo SET nombre='nombre2', id_tipo_insumo=1 , color=2 , detalle='detalle2', costo=1, cantidadActual=1  WHERE cod_insumo=2  ; 
Save/Update: SELECT  ISNULL(MAX(nro_movimiento + 1),1) from MovimientosStock WHERE cod_insumo=2
Save/Update: INSERT INTO MovimientosStock (nro_movimiento, cod_insumo, tipo, fecha, cantidad) VALUES (2 , 2 , 1 ,  CAST('13/12/2012 22:11:37.916'  AS DateTime), -1); 
Save/Update: select * from insumo WHERE  insumo.cod_insumo=1  
Save/Update: select * from tipoInsumo WHERE  tipoInsumo.tipo_insumo=1  
Save/Update: select * from color WHERE  color.codigo_color=1  
Save/Update: select * from MovimientosStock WHERE  MovimientosStock.cod_insumo=1  
Save/Update: select * from insumo WHERE  insumo.cod_insumo=2  
Save/Update: select * from tipoInsumo WHERE  tipoInsumo.tipo_insumo=1  
Save/Update: select * from color WHERE  color.codigo_color=2  
Save/Update: select * from MovimientosStock WHERE  MovimientosStock.cod_insumo=2  
Save/Update: select * from insumo WHERE  insumo.cod_insumo=1  
Save/Update: select * from tipoInsumo WHERE  tipoInsumo.tipo_insumo=1  
Save/Update: select * from color WHERE  color.codigo_color=1  
Save/Update: select * from MovimientosStock WHERE  MovimientosStock.cod_insumo=1  
Save/Update: select * from insumo WHERE  insumo.cod_insumo=2  
Save/Update: select * from tipoInsumo WHERE  tipoInsumo.tipo_insumo=1  
Save/Update: select * from color WHERE  color.codigo_color=2  
Save/Update: select * from MovimientosStock WHERE  MovimientosStock.cod_insumo=2  
Save/Update: select * from insumo WHERE  insumo.cod_insumo=1  
Save/Update: select * from tipoInsumo WHERE  tipoInsumo.tipo_insumo=1  
Save/Update: select * from color WHERE  color.codigo_color=1  
Save/Update: select * from MovimientosStock WHERE  MovimientosStock.cod_insumo=1  
Save/Update: UPDATE insumo SET nombre='nombre1', id_tipo_insumo=1 , color=1 , detalle='detalle1', costo=1, cantidadActual=1  WHERE cod_insumo=1  ; 
Save/Update: SELECT  ISNULL(MAX(nro_movimiento + 1),1) from MovimientosStock WHERE cod_insumo=1
Save/Update: INSERT INTO MovimientosStock (nro_movimiento, cod_insumo, tipo, fecha, cantidad) VALUES (4 , 1 , 2 ,  CAST('13/12/2012 22:11:37.926'  AS DateTime), 1); 
Save/Update: select * from insumo WHERE  insumo.cod_insumo=2  
Save/Update: select * from tipoInsumo WHERE  tipoInsumo.tipo_insumo=1  
Save/Update: select * from color WHERE  color.codigo_color=2  
Save/Update: select * from MovimientosStock WHERE  MovimientosStock.cod_insumo=2  
Save/Update: UPDATE insumo SET nombre='nombre2', id_tipo_insumo=1 , color=2 , detalle='detalle2', costo=1, cantidadActual=2  WHERE cod_insumo=2  ; 
Save/Update: SELECT  ISNULL(MAX(nro_movimiento + 1),1) from MovimientosStock WHERE cod_insumo=2
Save/Update: INSERT INTO MovimientosStock (nro_movimiento, cod_insumo, tipo, fecha, cantidad) VALUES (3 , 2 , 2 ,  CAST('13/12/2012 22:11:37.928'  AS DateTime), 1); 
Save/Update: delete from MovimientosStock where cod_insumo &gt; 2 or (cod_insumo = 1 AND nro_movimiento &gt; 2) or (cod_insumo = 2 AND nro_movimiento &gt; 1)
Save/Update: DELETE MovimientosStock WHERE nro_movimiento=1  AND cod_insumo=5  
Save/Update: DELETE MovimientosStock WHERE nro_movimiento=2  AND cod_insumo=5  
Save/Update: DELETE insumo WHERE cod_insumo=5</StdOut>
      </Output>
    </UnitTestResult>
    <UnitTestResult executionId="e526e625-baab-4e4f-9d3c-ee92300dc905" testId="10b4c1e2-77e8-b6fe-ff2c-b75bd78a1790" testName="actualizarMovimientoTest" computerName="DIEGO-PC" duration="00:00:00.0370749" startTime="2012-12-13T22:11:37.9351559-03:00" endTime="2012-12-13T22:11:37.9791584-03:00" testType="13cdc9d9-ddb5-4fa4-a97d-d965ccfc6d4b" outcome="Passed" testListId="8c84fa94-04c1-424b-9868-57a2d4851a1d" relativeResultsDirectory="e526e625-baab-4e4f-9d3c-ee92300dc905">
      <Output>
        <StdOut>Save/Update: SELECT  ISNULL(MAX(nro_movimiento + 1),1) from MovimientosCuenta
Save/Update: INSERT INTO MovimientosCuenta (nro_movimiento, comentario, fecha, monto, cuentaID, tipoMovimientoID) VALUES (4 , 'com4',  CAST('13/12/2012 22:11:37.940'  AS DateTime), 33.3, 1 , 2 ); DELETE cliente_movimientos where nro_movimiento=4  ;  INSERT INTO cliente_movimientos ( nro_movimiento, id_cliente) VALUES ( 4 , 2 ); DELETE documento_movimiento where nro_movimiento=4  ; 
Save/Update: select * from MovimientosCuenta JOIN cliente_movimientos AS cliente ON MovimientosCuenta.nro_movimiento=cliente.nro_movimiento WHERE  MovimientosCuenta.nro_movimiento=4  AND cliente.id_cliente IS NOT  NULL ; select * from cliente_movimientos; select * from documento_movimiento
Save/Update: select * from Cliente WHERE  Cliente.id_cliente=2  ; select * from cliente_movimientos; select * from Pedido WHERE borrado = 0; select * from Factura WHERE borrado = 0; select * from Diseño WHERE borrado = 0
Save/Update: select * from Usuario WHERE  Usuario.usuarioID=2  ; select * from JoinUsuarioToFamilia; select * from JoinPatenteToUsuario
Save/Update: select * from Familia JOIN JoinUsuarioToFamilia AS usuarios ON Familia.familiaID=usuarios.familiaID WHERE usuarios.usuarioID=2  ; select * from JoinFamiliaToPatente
Save/Update: select * from Patente JOIN JoinFamiliaToPatente AS familia ON Patente.patenteId=familia.patenteId WHERE familia.familiaID=2  
Save/Update: select * from Patente JOIN JoinPatenteToUsuario AS usuario ON Patente.patenteId=usuario.patenteId WHERE usuario.usuarioID=2  
Save/Update: select * from Cliente WHERE  Cliente.usuarioID=2  ; select * from cliente_movimientos; select * from Pedido WHERE borrado = 0; select * from Factura WHERE borrado = 0; select * from Diseño WHERE borrado = 0
Save/Update: select * from Diseño WHERE  Diseño.id_cliente=2  ; select * from historico_estados_diseño WHERE borrado = 0
Save/Update: select * from Factura WHERE  Factura.id_cliente=2  ; select * from documento_movimiento; select * from LineaFactura WHERE borrado = 0
Save/Update: select * from Pedido WHERE  Pedido.id_cliente=2  ; select * from produccion WHERE borrado = 0; select * from historico_estados_pedido WHERE borrado = 0
Save/Update: select * from MovimientosCuenta JOIN cliente_movimientos AS cliente ON MovimientosCuenta.nro_movimiento=cliente.nro_movimiento WHERE cliente.id_cliente=2  AND cliente.id_cliente IS NOT  NULL ; select * from cliente_movimientos; select * from documento_movimiento
Save/Update: select * from tipoMovimiento WHERE  tipoMovimiento.tipoMovimientoID=2  
Save/Update: select * from Cuenta WHERE  Cuenta.cuentaID=1  
Save/Update: UPDATE MovimientosCuenta SET comentario='com4', fecha= CAST('13/12/2012 22:11:37.940'  AS DateTime), monto=33.3, cuentaID=1 , tipoMovimientoID=2  WHERE nro_movimiento=4  ; DELETE cliente_movimientos where nro_movimiento=4  ;  INSERT INTO cliente_movimientos ( nro_movimiento, id_cliente) VALUES ( 4 , 1 ); DELETE documento_movimiento where nro_movimiento=4  ; 
Save/Update: select * from MovimientosCuenta JOIN cliente_movimientos AS cliente ON MovimientosCuenta.nro_movimiento=cliente.nro_movimiento WHERE  MovimientosCuenta.nro_movimiento=4  AND cliente.id_cliente IS NOT  NULL ; select * from cliente_movimientos; select * from documento_movimiento
Save/Update: select * from Cliente WHERE  Cliente.id_cliente=1  ; select * from cliente_movimientos; select * from Pedido WHERE borrado = 0; select * from Factura WHERE borrado = 0; select * from Diseño WHERE borrado = 0
Save/Update: select * from Usuario WHERE  Usuario.usuarioID=1  ; select * from JoinUsuarioToFamilia; select * from JoinPatenteToUsuario
Save/Update: select * from Familia JOIN JoinUsuarioToFamilia AS usuarios ON Familia.familiaID=usuarios.familiaID WHERE usuarios.usuarioID=1  ; select * from JoinFamiliaToPatente
Save/Update: select * from Patente JOIN JoinPatenteToUsuario AS usuario ON Patente.patenteId=usuario.patenteId WHERE usuario.usuarioID=1  
Save/Update: select * from Cliente WHERE  Cliente.usuarioID=1  ; select * from cliente_movimientos; select * from Pedido WHERE borrado = 0; select * from Factura WHERE borrado = 0; select * from Diseño WHERE borrado = 0
Save/Update: select * from Diseño WHERE  Diseño.id_cliente=1  ; select * from historico_estados_diseño WHERE borrado = 0
Save/Update: select * from Factura WHERE  Factura.id_cliente=1  ; select * from documento_movimiento; select * from LineaFactura WHERE borrado = 0
Save/Update: select * from Pedido WHERE  Pedido.id_cliente=1  ; select * from produccion WHERE borrado = 0; select * from historico_estados_pedido WHERE borrado = 0
Save/Update: select * from MovimientosCuenta JOIN cliente_movimientos AS cliente ON MovimientosCuenta.nro_movimiento=cliente.nro_movimiento WHERE cliente.id_cliente=1  AND cliente.id_cliente IS NOT  NULL ; select * from cliente_movimientos; select * from documento_movimiento
Save/Update: select * from tipoMovimiento WHERE  tipoMovimiento.tipoMovimientoID=2  
Save/Update: select * from Cuenta WHERE  Cuenta.cuentaID=1  
Save/Update: DELETE cliente_movimientos where nro_movimiento=4  ; DELETE documento_movimiento where nro_movimiento=4  ; ;DELETE MovimientosCuenta WHERE nro_movimiento=4</StdOut>
      </Output>
    </UnitTestResult>
    <UnitTestResult executionId="73b6c5c6-f503-4edc-b5f1-8cbcafb3356e" testId="1185b585-ef75-6544-19b0-95bea00f10c1" testName="cargarLineasFacturaConRestriccionTest" computerName="DIEGO-PC" duration="00:00:00.0092633" startTime="2012-12-13T22:11:37.9811585-03:00" endTime="2012-12-13T22:11:37.9971594-03:00" testType="13cdc9d9-ddb5-4fa4-a97d-d965ccfc6d4b" outcome="Passed" testListId="8c84fa94-04c1-424b-9868-57a2d4851a1d" relativeResultsDirectory="73b6c5c6-f503-4edc-b5f1-8cbcafb3356e">
      <Output>
        <StdOut>Save/Update: select * from LineaOrdenDeCompra WHERE  LineaOrdenDeCompra.cod_producto=1  AND  LineaOrdenDeCompra.borrado=0  AND  LineaOrdenDeCompra.cantidad=10  AND  LineaOrdenDeCompra.nro_orden_compra=1  AND  LineaOrdenDeCompra.nro_linea=1  AND  LineaOrdenDeCompra.nro_sucursal=1  AND  LineaOrdenDeCompra.precio=10 AND  LineaOrdenDeCompra.tipo_orden_compra='A'</StdOut>
      </Output>
    </UnitTestResult>
    <UnitTestResult executionId="e8dcb993-9861-4193-95c5-286c87351d0d" testId="13283e1a-ebd5-2811-9974-2614dbf7730f" testName="buscarPedidoPorCodigoTest" computerName="DIEGO-PC" duration="00:00:00.0239562" startTime="2012-12-13T22:11:37.9991595-03:00" endTime="2012-12-13T22:11:38.0301613-03:00" testType="13cdc9d9-ddb5-4fa4-a97d-d965ccfc6d4b" outcome="Passed" testListId="8c84fa94-04c1-424b-9868-57a2d4851a1d" relativeResultsDirectory="e8dcb993-9861-4193-95c5-286c87351d0d">
      <Output>
        <StdOut>Save/Update: select * from Pedido WHERE  Pedido.cod_pedido=1  ; select * from produccion WHERE borrado = 0; select * from historico_estados_pedido WHERE borrado = 0
Save/Update: select * from historico_estados_pedido WHERE  historico_estados_pedido.cod_pedido=1  
Save/Update: select * from tipoPedido WHERE  tipoPedido.tipo_pedido=1  
Save/Update: select * from produccion WHERE  produccion.cod_pedido=1  ; select * from historico_estados_produccion WHERE borrado = 0
Save/Update: select * from Cliente WHERE  Cliente.id_cliente=1  ; select * from cliente_movimientos; select * from Pedido WHERE borrado = 0; select * from Factura WHERE borrado = 0; select * from Diseño WHERE borrado = 0
Save/Update: select * from EstadoPedido WHERE  EstadoPedido.estado_pedido=3  
Save/Update: DELETE historico_estados_pedido WHERE nro_estado=1  AND cod_pedido=5  
Save/Update: DELETE historico_estados_pedido WHERE nro_estado=2  AND cod_pedido=5  
Save/Update: DELETE produccion WHERE cod_produccion=7  
Save/Update: DELETE Pedido WHERE cod_pedido=5</StdOut>
      </Output>
    </UnitTestResult>
    <UnitTestResult executionId="0640213b-d488-4260-aecd-6cbc0aa0fe1b" testId="132dbdad-c767-c70b-4154-f7166132216a" testName="buscarNewsletterPorIDTest" computerName="DIEGO-PC" duration="00:00:00.0028019" startTime="2012-12-13T22:11:38.0331615-03:00" endTime="2012-12-13T22:11:38.0421620-03:00" testType="13cdc9d9-ddb5-4fa4-a97d-d965ccfc6d4b" outcome="Passed" testListId="8c84fa94-04c1-424b-9868-57a2d4851a1d" relativeResultsDirectory="0640213b-d488-4260-aecd-6cbc0aa0fe1b">
      <Output>
        <StdOut>Save/Update: select * from newsletter WHERE  newsletter.id=2</StdOut>
      </Output>
    </UnitTestResult>
    <UnitTestResult executionId="cc1e5988-187f-4db9-bbe4-b743b08ab3d0" testId="13496ae0-c24c-3fcb-7178-2789fe5b49ef" testName="modificarTest" computerName="DIEGO-PC" duration="00:00:00.0424158" startTime="2012-12-13T22:11:38.0461622-03:00" endTime="2012-12-13T22:11:38.0941650-03:00" testType="13cdc9d9-ddb5-4fa4-a97d-d965ccfc6d4b" outcome="Passed" testListId="8c84fa94-04c1-424b-9868-57a2d4851a1d" relativeResultsDirectory="cc1e5988-187f-4db9-bbe4-b743b08ab3d0">
      <Output>
        <StdOut>Save/Update: select * from Conversacion WHERE  Conversacion.remitente=4  ; select * from mensaje WHERE borrado = 0
Save/Update: select * from Conversacion WHERE  Conversacion.destinatario=4  ; select * from mensaje WHERE borrado = 0
Save/Update: select * from Usuario WHERE  Usuario.usuarioID=4  ; select * from JoinUsuarioToFamilia; select * from JoinPatenteToUsuario
Save/Update: select * from Usuario WHERE  Usuario.usuarioID=5  ; select * from JoinUsuarioToFamilia; select * from JoinPatenteToUsuario
Save/Update: select * from Mensaje WHERE  Mensaje.id_conversacion=2  
Save/Update: UPDATE Conversacion SET remitente=4 , destinatario=5  WHERE id_conversacion=2  ; UPDATE mensaje SET borrado=1 WHERE id_conversacion=2  ; 
Save/Update: UPDATE Mensaje SET tipoMensaje=0 , fecha= CAST('26/08/2012 16:35:00.000'  AS DateTime), mensaje='msj de 4 a 5', leido=1 , borrado=0 , id_conversacion=2  WHERE id=3  ; 
Save/Update: UPDATE Mensaje SET tipoMensaje=1 , fecha= CAST('26/08/2012 16:35:00.000'  AS DateTime), mensaje='msj de 5 a 4', leido=0 , borrado=0 , id_conversacion=2  WHERE id=4  ; 
Save/Update: select * from Conversacion WHERE  Conversacion.remitente=4  ; select * from mensaje WHERE borrado = 0
Save/Update: select * from Conversacion WHERE  Conversacion.destinatario=4  ; select * from mensaje WHERE borrado = 0
Save/Update: select * from Usuario WHERE  Usuario.usuarioID=4  ; select * from JoinUsuarioToFamilia; select * from JoinPatenteToUsuario
Save/Update: select * from Usuario WHERE  Usuario.usuarioID=5  ; select * from JoinUsuarioToFamilia; select * from JoinPatenteToUsuario
Save/Update: select * from Mensaje WHERE  Mensaje.id_conversacion=2  
Save/Update: UPDATE Conversacion SET remitente=4 , destinatario=5  WHERE id_conversacion=2  ; UPDATE mensaje SET borrado=1 WHERE id_conversacion=2  ; 
Save/Update: UPDATE Mensaje SET tipoMensaje=0 , fecha= CAST('26/08/2012 16:35:00.000'  AS DateTime), mensaje='msj de 4 a 5', leido=1 , borrado=0 , id_conversacion=2  WHERE id=3  ; 
Save/Update: UPDATE Mensaje SET tipoMensaje=1 , fecha= CAST('26/08/2012 16:35:00.000'  AS DateTime), mensaje='msj de 5 a 4', leido=1 , borrado=0 , id_conversacion=2  WHERE id=4  ;</StdOut>
      </Output>
    </UnitTestResult>
    <UnitTestResult executionId="e64af28e-d1e3-457b-af70-8ae9214a7a9f" testId="13647b9a-2c0d-1cd8-34c7-faf3c771ec37" testName="listarMovimientosTest" computerName="DIEGO-PC" duration="00:00:00.0262152" startTime="2012-12-13T22:11:38.0951650-03:00" endTime="2012-12-13T22:11:38.1291670-03:00" testType="13cdc9d9-ddb5-4fa4-a97d-d965ccfc6d4b" outcome="Passed" testListId="8c84fa94-04c1-424b-9868-57a2d4851a1d" relativeResultsDirectory="e64af28e-d1e3-457b-af70-8ae9214a7a9f">
      <Output>
        <StdOut>Save/Update: select * from MovimientosCuenta JOIN cliente_movimientos AS cliente ON MovimientosCuenta.nro_movimiento=cliente.nro_movimiento WHERE cliente.id_cliente IS NOT  NULL ; select * from cliente_movimientos; select * from documento_movimiento
Save/Update: select * from Cliente WHERE  Cliente.id_cliente=1  ; select * from cliente_movimientos; select * from Pedido WHERE borrado = 0; select * from Factura WHERE borrado = 0; select * from Diseño WHERE borrado = 0
Save/Update: select * from Usuario WHERE  Usuario.usuarioID=1  ; select * from JoinUsuarioToFamilia; select * from JoinPatenteToUsuario
Save/Update: select * from Familia JOIN JoinUsuarioToFamilia AS usuarios ON Familia.familiaID=usuarios.familiaID WHERE usuarios.usuarioID=1  ; select * from JoinFamiliaToPatente
Save/Update: select * from Patente JOIN JoinPatenteToUsuario AS usuario ON Patente.patenteId=usuario.patenteId WHERE usuario.usuarioID=1  
Save/Update: select * from Cliente WHERE  Cliente.usuarioID=1  ; select * from cliente_movimientos; select * from Pedido WHERE borrado = 0; select * from Factura WHERE borrado = 0; select * from Diseño WHERE borrado = 0
Save/Update: select * from Diseño WHERE  Diseño.id_cliente=1  ; select * from historico_estados_diseño WHERE borrado = 0
Save/Update: select * from Factura WHERE  Factura.id_cliente=1  ; select * from documento_movimiento; select * from LineaFactura WHERE borrado = 0
Save/Update: select * from Pedido WHERE  Pedido.id_cliente=1  ; select * from produccion WHERE borrado = 0; select * from historico_estados_pedido WHERE borrado = 0
Save/Update: select * from MovimientosCuenta JOIN cliente_movimientos AS cliente ON MovimientosCuenta.nro_movimiento=cliente.nro_movimiento WHERE cliente.id_cliente=1  AND cliente.id_cliente IS NOT  NULL ; select * from cliente_movimientos; select * from documento_movimiento
Save/Update: select * from Factura WHERE  Factura.nro_Doc=1  ; select * from documento_movimiento; select * from LineaFactura WHERE borrado = 0
Save/Update: select * from tipoMovimiento WHERE  tipoMovimiento.tipoMovimientoID=1  
Save/Update: select * from Cuenta WHERE  Cuenta.cuentaID=1  
Save/Update: select * from Cliente WHERE  Cliente.id_cliente=1  ; select * from cliente_movimientos; select * from Pedido WHERE borrado = 0; select * from Factura WHERE borrado = 0; select * from Diseño WHERE borrado = 0
Save/Update: select * from Usuario WHERE  Usuario.usuarioID=1  ; select * from JoinUsuarioToFamilia; select * from JoinPatenteToUsuario
Save/Update: select * from Familia JOIN JoinUsuarioToFamilia AS usuarios ON Familia.familiaID=usuarios.familiaID WHERE usuarios.usuarioID=1  ; select * from JoinFamiliaToPatente
Save/Update: select * from Patente JOIN JoinPatenteToUsuario AS usuario ON Patente.patenteId=usuario.patenteId WHERE usuario.usuarioID=1  
Save/Update: select * from Cliente WHERE  Cliente.usuarioID=1  ; select * from cliente_movimientos; select * from Pedido WHERE borrado = 0; select * from Factura WHERE borrado = 0; select * from Diseño WHERE borrado = 0
Save/Update: select * from Diseño WHERE  Diseño.id_cliente=1  ; select * from historico_estados_diseño WHERE borrado = 0
Save/Update: select * from Factura WHERE  Factura.id_cliente=1  ; select * from documento_movimiento; select * from LineaFactura WHERE borrado = 0
Save/Update: select * from Pedido WHERE  Pedido.id_cliente=1  ; select * from produccion WHERE borrado = 0; select * from historico_estados_pedido WHERE borrado = 0
Save/Update: select * from MovimientosCuenta JOIN cliente_movimientos AS cliente ON MovimientosCuenta.nro_movimiento=cliente.nro_movimiento WHERE cliente.id_cliente=1  AND cliente.id_cliente IS NOT  NULL ; select * from cliente_movimientos; select * from documento_movimiento
Save/Update: select * from tipoMovimiento WHERE  tipoMovimiento.tipoMovimientoID=1  
Save/Update: select * from Cuenta WHERE  Cuenta.cuentaID=1  
Save/Update: DELETE cliente_movimientos where nro_movimiento=4  ; DELETE documento_movimiento where nro_movimiento=4  ; ;DELETE MovimientosCuenta WHERE nro_movimiento=4</StdOut>
      </Output>
    </UnitTestResult>
    <UnitTestResult executionId="4bab564c-b574-4da5-b162-ae848955cae9" testId="14276aa4-72b7-f96c-4fe9-e83b20c4c391" testName="borrarArticulosTest" computerName="DIEGO-PC" duration="00:00:00.0160411" startTime="2012-12-13T22:11:38.1331672-03:00" endTime="2012-12-13T22:11:38.1551685-03:00" testType="13cdc9d9-ddb5-4fa4-a97d-d965ccfc6d4b" outcome="Passed" testListId="8c84fa94-04c1-424b-9868-57a2d4851a1d" relativeResultsDirectory="4bab564c-b574-4da5-b162-ae848955cae9">
      <Output>
        <StdOut>Save/Update: select * from Articulos; select * from lista_precios WHERE borrado = 0
Save/Update: SELECT  ISNULL(MAX(cod_articulo + 1),1) from Articulos
Save/Update: INSERT INTO Articulos (cod_articulo, tipoPrendaID, diseñoID, comentario, produccion, precioActual, borrado) VALUES (4 , 2 , 2 , 'com4', 10 , 1.4, 0 ); UPDATE lista_precios SET borrado=1 WHERE cod_articulo=4  ; 
Save/Update: select * from Articulos; select * from lista_precios WHERE borrado = 0
Save/Update: DELETE Articulos WHERE cod_articulo=4  
Save/Update: select * from Articulos; select * from lista_precios WHERE borrado = 0
Save/Update: DELETE Articulos WHERE cod_articulo=4</StdOut>
      </Output>
    </UnitTestResult>
    <UnitTestResult executionId="ec901873-a6bb-4ddc-bb6f-0d4105a6a3c4" testId="147439b4-00a7-f2cb-1dec-6270bffba92e" testName="listarFamliasTest" computerName="DIEGO-PC" duration="00:00:00.0120856" startTime="2012-12-13T22:11:38.1611688-03:00" endTime="2012-12-13T22:11:38.1801699-03:00" testType="13cdc9d9-ddb5-4fa4-a97d-d965ccfc6d4b" outcome="Passed" testListId="8c84fa94-04c1-424b-9868-57a2d4851a1d" relativeResultsDirectory="ec901873-a6bb-4ddc-bb6f-0d4105a6a3c4">
      <Output>
        <StdOut>Save/Update: select * from Familia; select * from JoinFamiliaToPatente
Save/Update: select * from Patente JOIN JoinFamiliaToPatente AS familia ON Patente.patenteId=familia.patenteId WHERE familia.familiaID=1  
Save/Update: select * from Patente JOIN JoinFamiliaToPatente AS familia ON Patente.patenteId=familia.patenteId WHERE familia.familiaID=2  
Save/Update: select * from Patente JOIN JoinFamiliaToPatente AS familia ON Patente.patenteId=familia.patenteId WHERE familia.familiaID=3  
Save/Update: select * from Patente JOIN JoinFamiliaToPatente AS familia ON Patente.patenteId=familia.patenteId WHERE familia.familiaID=4  
Save/Update: select * from Patente JOIN JoinFamiliaToPatente AS familia ON Patente.patenteId=familia.patenteId WHERE familia.familiaID=5  
Save/Update: select * from Patente JOIN JoinFamiliaToPatente AS familia ON Patente.patenteId=familia.patenteId WHERE familia.familiaID=6</StdOut>
      </Output>
    </UnitTestResult>
    <UnitTestResult executionId="218eb867-a653-4dbd-a013-991ff255784a" testId="1547d2a7-8401-4066-0421-456391521e4e" testName="GuardarPedidoTest1" computerName="DIEGO-PC" duration="00:00:14.7876444" startTime="2012-12-13T22:11:38.1861702-03:00" endTime="2012-12-13T22:11:52.9820165-03:00" testType="13cdc9d9-ddb5-4fa4-a97d-d965ccfc6d4b" outcome="Passed" testListId="8c84fa94-04c1-424b-9868-57a2d4851a1d" relativeResultsDirectory="218eb867-a653-4dbd-a013-991ff255784a">
      <Output>
        <StdOut>Save/Update: SELECT  ISNULL(MAX(cod_pedido + 1),1) from Pedido
Save/Update: INSERT INTO Pedido (cod_pedido, comentario, id_cliente, tipo_pedido, estadoActual, fechaInicio, fechaFinal, borrado) VALUES (5 , 'comentario test', 2 , 2 , 2 ,  CAST('13/12/2012 22:11:38.191'  AS DateTime),  NULL , 0 ); UPDATE produccion SET borrado=1 WHERE cod_pedido=5  ; UPDATE historico_estados_pedido SET borrado=1 WHERE cod_pedido=5  ; 
Save/Update: SELECT  ISNULL(MAX(cod_produccion + 1),1) from produccion
Save/Update: INSERT INTO produccion (cod_produccion, comentario, cod_pedido, cod_maquina, cod_articulo, cantidad, estadoActual, utilizacion, fechaInicio, fechaFinal, borrado) VALUES (7 , 'com1', 5 , 2 , 1 , 10 , 1 , 1,  CAST('13/12/2012 22:11:38.191'  AS DateTime),  NULL , 0 ); UPDATE historico_estados_produccion SET borrado=1 WHERE cod_produccion=7  ; 
Save/Update: UPDATE Pedido SET comentario='comentario test', id_cliente=2 , tipo_pedido=2 , estadoActual=2 , fechaInicio= CAST('13/12/2012 22:11:38.191'  AS DateTime), fechaFinal= NULL , borrado=0  WHERE cod_pedido=5  ; UPDATE produccion SET borrado=1 WHERE cod_pedido=5  ; UPDATE historico_estados_pedido SET borrado=1 WHERE cod_pedido=5  ; 
Save/Update: SELECT  ISNULL(MAX(nro_estado + 1),1) from historico_estados_pedido WHERE cod_pedido=5
Save/Update: INSERT INTO historico_estados_pedido (nro_estado, comentario, cod_pedido, fechaDesde, fechaHasta, estado, borrado) VALUES (1 , '', 5 ,  CAST('13/12/2012 22:11:38.208'  AS DateTime),  NULL , 2 , 0 ); 
Save/Update: UPDATE produccion SET comentario='com1', cod_pedido=5 , cod_maquina=2 , cod_articulo=1 , cantidad=10 , estadoActual=1 , utilizacion=1, fechaInicio= CAST('13/12/2012 22:11:38.191'  AS DateTime), fechaFinal= NULL , borrado=0  WHERE cod_produccion=7  ; UPDATE historico_estados_produccion SET borrado=1 WHERE cod_produccion=7  ; 
Save/Update: select * from Pedido WHERE  Pedido.cod_pedido=5  ; select * from produccion WHERE borrado = 0; select * from historico_estados_pedido WHERE borrado = 0
Save/Update: select * from historico_estados_pedido WHERE  historico_estados_pedido.cod_pedido=5  
Save/Update: select * from tipoPedido WHERE  tipoPedido.tipo_pedido=2  
Save/Update: select * from produccion WHERE  produccion.cod_pedido=5  ; select * from historico_estados_produccion WHERE borrado = 0
Save/Update: select * from Cliente WHERE  Cliente.id_cliente=2  ; select * from cliente_movimientos; select * from Pedido WHERE borrado = 0; select * from Factura WHERE borrado = 0; select * from Diseño WHERE borrado = 0
Save/Update: select * from EstadoPedido WHERE  EstadoPedido.estado_pedido=2  
Save/Update: select * from Usuario WHERE  Usuario.usuarioID=2  ; select * from JoinUsuarioToFamilia; select * from JoinPatenteToUsuario
Save/Update: select * from Familia JOIN JoinUsuarioToFamilia AS usuarios ON Familia.familiaID=usuarios.familiaID WHERE usuarios.usuarioID=2  ; select * from JoinFamiliaToPatente
Save/Update: select * from Patente JOIN JoinFamiliaToPatente AS familia ON Patente.patenteId=familia.patenteId WHERE familia.familiaID=2  
Save/Update: select * from Patente JOIN JoinPatenteToUsuario AS usuario ON Patente.patenteId=usuario.patenteId WHERE usuario.usuarioID=2  
Save/Update: select * from Cliente WHERE  Cliente.usuarioID=2  ; select * from cliente_movimientos; select * from Pedido WHERE borrado = 0; select * from Factura WHERE borrado = 0; select * from Diseño WHERE borrado = 0
Save/Update: select * from newsletter WHERE  newsletter.id=1  
Save/Update: select * from produccion WHERE  produccion.cod_produccion=7  ; select * from historico_estados_produccion WHERE borrado = 0
Save/Update: select * from Pedido WHERE  Pedido.cod_pedido=5  ; select * from produccion WHERE borrado = 0; select * from historico_estados_pedido WHERE borrado = 0
Save/Update: select * from Maquina WHERE  Maquina.cod_maquina=2  ; select * from JoinMaquinaToTipoPrenda
Save/Update: select * from Articulos WHERE  Articulos.cod_articulo=1  ; select * from lista_precios WHERE borrado = 0
Save/Update: select * from EstadoTrabajos WHERE  EstadoTrabajos.cod_estado=1  
Save/Update: select * from historico_estados_produccion WHERE  historico_estados_produccion.cod_produccion=7  
Save/Update: select * from produccion_operador WHERE  produccion_operador.cod_prodcuccion=7  
Save/Update: select * from newsletter WHERE  newsletter.id=2  
Save/Update: select * from Articulos WHERE  Articulos.cod_articulo=1  ; select * from lista_precios WHERE borrado = 0
Save/Update: select * from lista_precios WHERE  lista_precios.cod_articulo=1  
Save/Update: select * from TipoPrenda WHERE  TipoPrenda.tipo_prenda=1  
Save/Update: select * from Diseño WHERE  Diseño.cod_diseño=1  ; select * from historico_estados_diseño WHERE borrado = 0
Save/Update: select * from Pedido WHERE  Pedido.cod_pedido=5  ; select * from produccion WHERE borrado = 0; select * from historico_estados_pedido WHERE borrado = 0
Save/Update: select * from historico_estados_pedido WHERE  historico_estados_pedido.cod_pedido=5  
Save/Update: select * from tipoPedido WHERE  tipoPedido.tipo_pedido=2  
Save/Update: select * from produccion WHERE  produccion.cod_pedido=5  ; select * from historico_estados_produccion WHERE borrado = 0
Save/Update: select * from Cliente WHERE  Cliente.id_cliente=2  ; select * from cliente_movimientos; select * from Pedido WHERE borrado = 0; select * from Factura WHERE borrado = 0; select * from Diseño WHERE borrado = 0
Save/Update: select * from EstadoPedido WHERE  EstadoPedido.estado_pedido=2  
Save/Update: DELETE historico_estados_pedido WHERE nro_estado=1  AND cod_pedido=5  
Save/Update: DELETE historico_estados_pedido WHERE nro_estado=2  AND cod_pedido=5  
Save/Update: DELETE produccion WHERE cod_produccion=7  
Save/Update: DELETE Pedido WHERE cod_pedido=5</StdOut>
      </Output>
    </UnitTestResult>
    <UnitTestResult executionId="2f9d0b7b-eab6-47e2-bce2-fad4d492345a" testId="15781058-9d50-4692-2e7e-53db8e43c13c" testName="grabarMovimientoTest" computerName="DIEGO-PC" duration="00:00:00.0216479" startTime="2012-12-13T22:11:52.9860167-03:00" endTime="2012-12-13T22:11:53.0170185-03:00" testType="13cdc9d9-ddb5-4fa4-a97d-d965ccfc6d4b" outcome="Passed" testListId="8c84fa94-04c1-424b-9868-57a2d4851a1d" relativeResultsDirectory="2f9d0b7b-eab6-47e2-bce2-fad4d492345a">
      <Output>
        <StdOut>Save/Update: SELECT  ISNULL(MAX(nro_movimiento + 1),1) from MovimientosCuenta
Save/Update: INSERT INTO MovimientosCuenta (nro_movimiento, comentario, fecha, monto, cuentaID, tipoMovimientoID) VALUES (4 , 'com4',  CAST('13/12/2012 22:11:52.992'  AS DateTime), 33.3, 1 , 2 ); DELETE cliente_movimientos where nro_movimiento=4  ;  INSERT INTO cliente_movimientos ( nro_movimiento, id_cliente) VALUES ( 4 , 2 ); DELETE documento_movimiento where nro_movimiento=4  ; 
Save/Update: select * from MovimientosCuenta JOIN cliente_movimientos AS cliente ON MovimientosCuenta.nro_movimiento=cliente.nro_movimiento WHERE  MovimientosCuenta.nro_movimiento=4  AND cliente.id_cliente IS NOT  NULL ; select * from cliente_movimientos; select * from documento_movimiento
Save/Update: select * from Cliente WHERE  Cliente.id_cliente=2  ; select * from cliente_movimientos; select * from Pedido WHERE borrado = 0; select * from Factura WHERE borrado = 0; select * from Diseño WHERE borrado = 0
Save/Update: select * from Usuario WHERE  Usuario.usuarioID=2  ; select * from JoinUsuarioToFamilia; select * from JoinPatenteToUsuario
Save/Update: select * from Familia JOIN JoinUsuarioToFamilia AS usuarios ON Familia.familiaID=usuarios.familiaID WHERE usuarios.usuarioID=2  ; select * from JoinFamiliaToPatente
Save/Update: select * from Patente JOIN JoinFamiliaToPatente AS familia ON Patente.patenteId=familia.patenteId WHERE familia.familiaID=2  
Save/Update: select * from Patente JOIN JoinPatenteToUsuario AS usuario ON Patente.patenteId=usuario.patenteId WHERE usuario.usuarioID=2  
Save/Update: select * from Cliente WHERE  Cliente.usuarioID=2  ; select * from cliente_movimientos; select * from Pedido WHERE borrado = 0; select * from Factura WHERE borrado = 0; select * from Diseño WHERE borrado = 0
Save/Update: select * from Diseño WHERE  Diseño.id_cliente=2  ; select * from historico_estados_diseño WHERE borrado = 0
Save/Update: select * from Factura WHERE  Factura.id_cliente=2  ; select * from documento_movimiento; select * from LineaFactura WHERE borrado = 0
Save/Update: select * from Pedido WHERE  Pedido.id_cliente=2  ; select * from produccion WHERE borrado = 0; select * from historico_estados_pedido WHERE borrado = 0
Save/Update: select * from MovimientosCuenta JOIN cliente_movimientos AS cliente ON MovimientosCuenta.nro_movimiento=cliente.nro_movimiento WHERE cliente.id_cliente=2  AND cliente.id_cliente IS NOT  NULL ; select * from cliente_movimientos; select * from documento_movimiento
Save/Update: select * from tipoMovimiento WHERE  tipoMovimiento.tipoMovimientoID=2  
Save/Update: select * from Cuenta WHERE  Cuenta.cuentaID=1  
Save/Update: DELETE cliente_movimientos where nro_movimiento=4  ; DELETE documento_movimiento where nro_movimiento=4  ; ;DELETE MovimientosCuenta WHERE nro_movimiento=4</StdOut>
      </Output>
    </UnitTestResult>
    <UnitTestResult executionId="c2f94311-4589-4318-9f2f-316d01fbb271" testId="15a2dfa0-b5da-ca0f-1901-200d0b50ec37" testName="cargarlistaProduccionTest" computerName="DIEGO-PC" duration="00:00:00.0053848" startTime="2012-12-13T22:11:53.0220188-03:00" endTime="2012-12-13T22:11:53.0340195-03:00" testType="13cdc9d9-ddb5-4fa4-a97d-d965ccfc6d4b" outcome="Passed" testListId="8c84fa94-04c1-424b-9868-57a2d4851a1d" relativeResultsDirectory="c2f94311-4589-4318-9f2f-316d01fbb271">
      <Output>
        <StdOut>Save/Update: select * from produccion; select * from historico_estados_produccion WHERE borrado = 0
Save/Update: DELETE produccion WHERE cod_produccion=7</StdOut>
      </Output>
    </UnitTestResult>
    <UnitTestResult executionId="fb0e1a83-0a28-4420-b2e7-3ccd86518542" testId="15e90031-185d-99ec-c865-633047dc95f1" testName="listarMensajesTest" computerName="DIEGO-PC" duration="00:00:00.0080704" startTime="2012-12-13T22:11:53.0370196-03:00" endTime="2012-12-13T22:11:53.0520205-03:00" testType="13cdc9d9-ddb5-4fa4-a97d-d965ccfc6d4b" outcome="Passed" testListId="8c84fa94-04c1-424b-9868-57a2d4851a1d" relativeResultsDirectory="fb0e1a83-0a28-4420-b2e7-3ccd86518542">
      <Output>
        <StdOut>Save/Update: select * from Conversacion WHERE  Conversacion.remitente=1  ; select * from mensaje WHERE borrado = 0
Save/Update: select * from Conversacion WHERE  Conversacion.destinatario=1  ; select * from mensaje WHERE borrado = 0
Save/Update: select * from Usuario WHERE  Usuario.usuarioID=1  ; select * from JoinUsuarioToFamilia; select * from JoinPatenteToUsuario
Save/Update: select * from Usuario WHERE  Usuario.usuarioID=2  ; select * from JoinUsuarioToFamilia; select * from JoinPatenteToUsuario
Save/Update: select * from Mensaje WHERE  Mensaje.id_conversacion=1</StdOut>
      </Output>
    </UnitTestResult>
    <UnitTestResult executionId="34248b48-8fb6-4882-ab51-5ea205367bfe" testId="16d2afdb-fcf6-6658-1d97-2e6156bb9c19" testName="listarArticulosPorDiseñoTest" computerName="DIEGO-PC" duration="00:00:00.0137681" startTime="2012-12-13T22:11:53.0560207-03:00" endTime="2012-12-13T22:11:53.0760219-03:00" testType="13cdc9d9-ddb5-4fa4-a97d-d965ccfc6d4b" outcome="Passed" testListId="8c84fa94-04c1-424b-9868-57a2d4851a1d" relativeResultsDirectory="34248b48-8fb6-4882-ab51-5ea205367bfe">
      <Output>
        <StdOut>Save/Update: select * from Articulos WHERE  Articulos.diseñoID=1  AND  Articulos.borrado=0  ; select * from lista_precios WHERE borrado = 0
Save/Update: select * from lista_precios WHERE  lista_precios.cod_articulo=1  
Save/Update: select * from TipoPrenda WHERE  TipoPrenda.tipo_prenda=1  
Save/Update: select * from Diseño WHERE  Diseño.cod_diseño=1  ; select * from historico_estados_diseño WHERE borrado = 0
Save/Update: select * from lista_precios WHERE  lista_precios.cod_articulo=3  
Save/Update: select * from TipoPrenda WHERE  TipoPrenda.tipo_prenda=2  
Save/Update: select * from Diseño WHERE  Diseño.cod_diseño=1  ; select * from historico_estados_diseño WHERE borrado = 0
Save/Update: DELETE lista_precios WHERE nro_lista=1  AND cod_articulo=4  
Save/Update: DELETE lista_precios WHERE nro_lista=2  AND cod_articulo=4  
Save/Update: DELETE Articulos WHERE cod_articulo=4</StdOut>
      </Output>
    </UnitTestResult>
    <UnitTestResult executionId="3ae8a07a-11a7-491d-adb1-047c75c2b4ba" testId="16ffbd3f-3aee-beef-202b-0a5edf0b4c4f" testName="cargarPatentesPorFamiliaTest" computerName="DIEGO-PC" duration="00:00:00.0023590" startTime="2012-12-13T22:11:53.0790220-03:00" endTime="2012-12-13T22:11:53.0880226-03:00" testType="13cdc9d9-ddb5-4fa4-a97d-d965ccfc6d4b" outcome="Passed" testListId="8c84fa94-04c1-424b-9868-57a2d4851a1d" relativeResultsDirectory="3ae8a07a-11a7-491d-adb1-047c75c2b4ba">
      <Output>
        <StdOut>Save/Update: select * from Patente JOIN JoinFamiliaToPatente AS familia ON Patente.patenteId=familia.patenteId WHERE familia.familiaID=6</StdOut>
      </Output>
    </UnitTestResult>
    <UnitTestResult executionId="917f8473-61f9-49e6-a5c9-51ccbe9fd6bb" testId="179d28ef-c565-5c45-d785-59f1a0626295" testName="crearUsuarioTest" computerName="DIEGO-PC" duration="00:00:00.0495496" startTime="2012-12-13T22:11:53.0920228-03:00" endTime="2012-12-13T22:11:53.1480260-03:00" testType="13cdc9d9-ddb5-4fa4-a97d-d965ccfc6d4b" outcome="Passed" testListId="8c84fa94-04c1-424b-9868-57a2d4851a1d" relativeResultsDirectory="917f8473-61f9-49e6-a5c9-51ccbe9fd6bb">
      <Output>
        <StdOut>Save/Update: SELECT  ISNULL(MAX(usuarioID + 1),1) from Usuario
Save/Update: INSERT INTO Usuario (usuarioID, nombre, apellido, mail, password, telefonoFijo, telefonoMovil, bloqueado) VALUES (6 , 'nombre6', 'apellido6', 'mail6@test.com', '10C91F6B75161578', '6666-6666', '6666-6666', 0 ); DELETE JoinUsuarioToFamilia where usuarioID=6  ;  INSERT INTO JoinUsuarioToFamilia ( usuarioID, familiaID) VALUES ( 6 , 5 ); DELETE JoinPatenteToUsuario where usuarioID=6  ;  INSERT INTO JoinPatenteToUsuario ( usuarioID, patenteId) VALUES ( 6 , 3 ); 
Save/Update: select * from Usuario WHERE  Usuario.usuarioID=6  ; select * from JoinUsuarioToFamilia; select * from JoinPatenteToUsuario
Save/Update: select * from Familia JOIN JoinUsuarioToFamilia AS usuarios ON Familia.familiaID=usuarios.familiaID WHERE usuarios.usuarioID=6  ; select * from JoinFamiliaToPatente
Save/Update: select * from Patente JOIN JoinFamiliaToPatente AS familia ON Patente.patenteId=familia.patenteId WHERE familia.familiaID=5  
Save/Update: select * from Patente JOIN JoinPatenteToUsuario AS usuario ON Patente.patenteId=usuario.patenteId WHERE usuario.usuarioID=6  
Save/Update: select * from Cliente WHERE  Cliente.usuarioID=6  ; select * from cliente_movimientos; select * from Pedido WHERE borrado = 0; select * from Factura WHERE borrado = 0; select * from Diseño WHERE borrado = 0
Save/Update: DELETE JoinUsuarioToFamilia where usuarioID=6  ; DELETE JoinPatenteToUsuario where usuarioID=6  ; ;DELETE Usuario WHERE usuarioID=6  
Save/Update: select * from Usuario WHERE  Usuario.usuarioID=6  AND  Usuario.mail='mail6@test.com' ; select * from JoinUsuarioToFamilia; select * from JoinPatenteToUsuario
Save/Update: UPDATE Usuario SET nombre='nombre1', apellido='apellido1', mail='mail1@test.com', password='11C8', telefonoFijo='1111-1111', telefonoMovil='1111-1111', bloqueado=0  WHERE usuarioID=1  ; DELETE JoinUsuarioToFamilia where usuarioID=1  ; DELETE JoinPatenteToUsuario where usuarioID=1  ; 
Save/Update: UPDATE Cliente SET habitadoTurnos=1 , newsletter=0  WHERE id_cliente=1  ; UPDATE Pedido SET borrado=1 WHERE id_cliente=1  ; UPDATE Factura SET borrado=1 WHERE id_cliente=1  ; UPDATE Diseño SET borrado=1 WHERE id_cliente=1  ; 
Save/Update:  UPDATE factura set borrado = 0 
Save/Update:  UPDATE diseño set borrado = 0 
Save/Update:  UPDATE pedido set borrado = 0 
Save/Update:  Insert into JoinPatenteToUsuario values (1,1)</StdOut>
      </Output>
    </UnitTestResult>
    <UnitTestResult executionId="f221f49d-ef41-4c14-8c48-9c4b9a122cb5" testId="19a165a4-d445-e33e-7cb8-0f8a6d509eae" testName="modificarNuevoPedidoTest" computerName="DIEGO-PC" duration="00:00:00.0185017" startTime="2012-12-13T22:11:53.1510262-03:00" endTime="2012-12-13T22:11:53.1760276-03:00" testType="13cdc9d9-ddb5-4fa4-a97d-d965ccfc6d4b" outcome="Passed" testListId="8c84fa94-04c1-424b-9868-57a2d4851a1d" relativeResultsDirectory="f221f49d-ef41-4c14-8c48-9c4b9a122cb5">
      <Output>
        <StdOut>Save/Update: SELECT  ISNULL(MAX(cod_pedido + 1),1) from Pedido
Save/Update: INSERT INTO Pedido (cod_pedido, comentario, id_cliente, tipo_pedido, estadoActual, fechaInicio, fechaFinal, borrado) VALUES (5 , 'comentario test', 2 , 2 , 2 ,  CAST('13/12/2012 22:11:53.157'  AS DateTime),  CAST('13/12/2012 22:11:53.157'  AS DateTime), 0 ); UPDATE produccion SET borrado=1 WHERE cod_pedido=5  ; UPDATE historico_estados_pedido SET borrado=1 WHERE cod_pedido=5  ; 
Save/Update: select * from Pedido WHERE  Pedido.comentario='comentario test' ; select * from produccion WHERE borrado = 0; select * from historico_estados_pedido WHERE borrado = 0
Save/Update: UPDATE Pedido SET comentario='comentario Modificado', id_cliente=2 , tipo_pedido=2 , estadoActual=3 , fechaInicio= CAST('13/12/2012 22:11:53.157'  AS DateTime), fechaFinal= CAST('10/10/2012 00:00:00.000'  AS DateTime), borrado=0  WHERE cod_pedido=5  ; UPDATE produccion SET borrado=1 WHERE cod_pedido=5  ; UPDATE historico_estados_pedido SET borrado=1 WHERE cod_pedido=5  ; 
Save/Update: select * from Pedido WHERE  Pedido.cod_pedido=5  ; select * from produccion WHERE borrado = 0; select * from historico_estados_pedido WHERE borrado = 0
Save/Update: DELETE Pedido WHERE cod_pedido=5</StdOut>
      </Output>
    </UnitTestResult>
    <UnitTestResult executionId="1492b142-7676-4840-a268-c68eb8a2e3cd" testId="1a2eb27e-5a5f-d0a1-8888-804cc861f69e" testName="actualizarInsumoTest" computerName="DIEGO-PC" duration="00:00:00.0240092" startTime="2012-12-13T22:11:53.1780277-03:00" endTime="2012-12-13T22:11:53.2100295-03:00" testType="13cdc9d9-ddb5-4fa4-a97d-d965ccfc6d4b" outcome="Passed" testListId="8c84fa94-04c1-424b-9868-57a2d4851a1d" relativeResultsDirectory="1492b142-7676-4840-a268-c68eb8a2e3cd">
      <Output>
        <StdOut>Save/Update: SELECT  ISNULL(MAX(cod_insumo + 1),1) from insumo
Save/Update: INSERT INTO insumo (cod_insumo, nombre, id_tipo_insumo, color, detalle, costo, cantidadActual) VALUES (5 , 'test creacion', 1 , 1 , 'insumo repo test', 5, 100 ); 
Save/Update: SELECT  ISNULL(MAX(nro_movimiento + 1),1) from MovimientosStock WHERE cod_insumo=5
Save/Update: INSERT INTO MovimientosStock (nro_movimiento, cod_insumo, tipo, fecha, cantidad) VALUES (1 , 5 , 2 ,  CAST('13/12/2012 22:11:53.185'  AS DateTime), 100); 
Save/Update: select * from insumo WHERE  insumo.cod_insumo=5  
Save/Update: select * from tipoInsumo WHERE  tipoInsumo.tipo_insumo=1  
Save/Update: select * from color WHERE  color.codigo_color=1  
Save/Update: select * from MovimientosStock WHERE  MovimientosStock.cod_insumo=5  
Save/Update: select * from insumo WHERE  insumo.cod_insumo=5  
Save/Update: select * from tipoInsumo WHERE  tipoInsumo.tipo_insumo=1  
Save/Update: select * from color WHERE  color.codigo_color=1  
Save/Update: select * from MovimientosStock WHERE  MovimientosStock.cod_insumo=5  
Save/Update: UPDATE insumo SET nombre='test creacion', id_tipo_insumo=1 , color=1 , detalle='insumo repo test', costo=5, cantidadActual=250  WHERE cod_insumo=5  ; 
Save/Update: SELECT  ISNULL(MAX(nro_movimiento + 1),1) from MovimientosStock WHERE cod_insumo=5
Save/Update: INSERT INTO MovimientosStock (nro_movimiento, cod_insumo, tipo, fecha, cantidad) VALUES (2 , 5 , 2 ,  CAST('13/12/2012 22:11:53.197'  AS DateTime), 150); 
Save/Update: select * from insumo WHERE  insumo.cod_insumo=5  
Save/Update: select * from tipoInsumo WHERE  tipoInsumo.tipo_insumo=1  
Save/Update: select * from color WHERE  color.codigo_color=1  
Save/Update: select * from MovimientosStock WHERE  MovimientosStock.cod_insumo=5  
Save/Update: select * from insumo WHERE  insumo.cod_insumo=1  
Save/Update: select * from tipoInsumo WHERE  tipoInsumo.tipo_insumo=1  
Save/Update: select * from color WHERE  color.codigo_color=1  
Save/Update: select * from MovimientosStock WHERE  MovimientosStock.cod_insumo=1  
Save/Update: select * from insumo WHERE  insumo.cod_insumo=2  
Save/Update: select * from tipoInsumo WHERE  tipoInsumo.tipo_insumo=1  
Save/Update: select * from color WHERE  color.codigo_color=2  
Save/Update: select * from MovimientosStock WHERE  MovimientosStock.cod_insumo=2  
Save/Update: select * from insumo WHERE  insumo.cod_insumo=1  
Save/Update: select * from tipoInsumo WHERE  tipoInsumo.tipo_insumo=1  
Save/Update: select * from color WHERE  color.codigo_color=1  
Save/Update: select * from MovimientosStock WHERE  MovimientosStock.cod_insumo=1  
Save/Update: UPDATE insumo SET nombre='nombre1', id_tipo_insumo=1 , color=1 , detalle='detalle1', costo=1, cantidadActual=1  WHERE cod_insumo=1  ; 
Save/Update: select * from insumo WHERE  insumo.cod_insumo=2  
Save/Update: select * from tipoInsumo WHERE  tipoInsumo.tipo_insumo=1  
Save/Update: select * from color WHERE  color.codigo_color=2  
Save/Update: select * from MovimientosStock WHERE  MovimientosStock.cod_insumo=2  
Save/Update: UPDATE insumo SET nombre='nombre2', id_tipo_insumo=1 , color=2 , detalle='detalle2', costo=1, cantidadActual=2  WHERE cod_insumo=2  ; 
Save/Update: delete from MovimientosStock where cod_insumo &gt; 2 or (cod_insumo = 1 AND nro_movimiento &gt; 2) or (cod_insumo = 2 AND nro_movimiento &gt; 1)
Save/Update: DELETE MovimientosStock WHERE nro_movimiento=1  AND cod_insumo=5  
Save/Update: DELETE MovimientosStock WHERE nro_movimiento=2  AND cod_insumo=5  
Save/Update: DELETE insumo WHERE cod_insumo=5</StdOut>
      </Output>
    </UnitTestResult>
    <UnitTestResult executionId="94d54e8d-7537-4b57-9e72-fc845305c515" testId="1aa90fb2-a5a8-fc6d-427f-550365a59543" testName="buscarPorIdTest" computerName="DIEGO-PC" duration="00:00:00.0022965" startTime="2012-12-13T22:11:53.2130297-03:00" endTime="2012-12-13T22:11:53.2210302-03:00" testType="13cdc9d9-ddb5-4fa4-a97d-d965ccfc6d4b" outcome="Passed" testListId="8c84fa94-04c1-424b-9868-57a2d4851a1d" relativeResultsDirectory="94d54e8d-7537-4b57-9e72-fc845305c515">
      <Output>
        <StdOut>Save/Update: select * from Proveedor WHERE  Proveedor.id_proveedor=1</StdOut>
      </Output>
    </UnitTestResult>
    <UnitTestResult executionId="d1a4ed5f-b8b5-430a-a0e0-6e72ed1990cb" testId="1cbe2801-d19a-9274-15f8-0dba46344245" testName="modificarUsuarioTest" computerName="DIEGO-PC" duration="00:00:00.0173065" startTime="2012-12-13T22:11:53.2240303-03:00" endTime="2012-12-13T22:11:53.2480317-03:00" testType="13cdc9d9-ddb5-4fa4-a97d-d965ccfc6d4b" outcome="Passed" testListId="8c84fa94-04c1-424b-9868-57a2d4851a1d" relativeResultsDirectory="d1a4ed5f-b8b5-430a-a0e0-6e72ed1990cb">
      <Output>
        <StdOut>Save/Update: select * from Usuario WHERE  Usuario.usuarioID=5  ; select * from JoinUsuarioToFamilia; select * from JoinPatenteToUsuario
Save/Update: select * from Familia JOIN JoinUsuarioToFamilia AS usuarios ON Familia.familiaID=usuarios.familiaID WHERE usuarios.usuarioID=5  ; select * from JoinFamiliaToPatente
Save/Update: select * from Patente JOIN JoinPatenteToUsuario AS usuario ON Patente.patenteId=usuario.patenteId WHERE usuario.usuarioID=5  
Save/Update: select * from Cliente WHERE  Cliente.usuarioID=5  ; select * from cliente_movimientos; select * from Pedido WHERE borrado = 0; select * from Factura WHERE borrado = 0; select * from Diseño WHERE borrado = 0
Save/Update: UPDATE Usuario SET nombre='nombreModificado', apellido='apellido5', mail='mail5@test.com', password='0000', telefonoFijo='5555-5555', telefonoMovil='5555-5555', bloqueado=0  WHERE usuarioID=5  ; DELETE JoinUsuarioToFamilia where usuarioID=5  ;  INSERT INTO JoinUsuarioToFamilia ( usuarioID, familiaID) VALUES ( 5 , 5 ); DELETE JoinPatenteToUsuario where usuarioID=5  ;  INSERT INTO JoinPatenteToUsuario ( usuarioID, patenteId) VALUES ( 5 , 3 ); 
Save/Update: select * from Usuario WHERE  Usuario.usuarioID=5  ; select * from JoinUsuarioToFamilia; select * from JoinPatenteToUsuario
Save/Update: select * from Familia JOIN JoinUsuarioToFamilia AS usuarios ON Familia.familiaID=usuarios.familiaID WHERE usuarios.usuarioID=5  ; select * from JoinFamiliaToPatente
Save/Update: select * from Patente JOIN JoinFamiliaToPatente AS familia ON Patente.patenteId=familia.patenteId WHERE familia.familiaID=5  
Save/Update: select * from Patente JOIN JoinPatenteToUsuario AS usuario ON Patente.patenteId=usuario.patenteId WHERE usuario.usuarioID=5  
Save/Update: select * from Cliente WHERE  Cliente.usuarioID=5  ; select * from cliente_movimientos; select * from Pedido WHERE borrado = 0; select * from Factura WHERE borrado = 0; select * from Diseño WHERE borrado = 0
Save/Update: UPDATE Usuario SET nombre='nombreModificado', apellido='apellido5', mail='mail5@test.com', password='0000', telefonoFijo='5555-5555', telefonoMovil='5555-5555', bloqueado=0  WHERE usuarioID=5  ; DELETE JoinUsuarioToFamilia where usuarioID=5  ; DELETE JoinPatenteToUsuario where usuarioID=5  ; 
Save/Update: UPDATE Usuario SET nombre='nombre1', apellido='apellido1', mail='mail1@test.com', password='11C8', telefonoFijo='1111-1111', telefonoMovil='1111-1111', bloqueado=0  WHERE usuarioID=1  ; DELETE JoinUsuarioToFamilia where usuarioID=1  ; DELETE JoinPatenteToUsuario where usuarioID=1  ; 
Save/Update: UPDATE Cliente SET habitadoTurnos=1 , newsletter=0  WHERE id_cliente=1  ; UPDATE Pedido SET borrado=1 WHERE id_cliente=1  ; UPDATE Factura SET borrado=1 WHERE id_cliente=1  ; UPDATE Diseño SET borrado=1 WHERE id_cliente=1  ; 
Save/Update:  UPDATE factura set borrado = 0 
Save/Update:  UPDATE diseño set borrado = 0 
Save/Update:  UPDATE pedido set borrado = 0 
Save/Update:  Insert into JoinPatenteToUsuario values (1,1)</StdOut>
      </Output>
    </UnitTestResult>
    <UnitTestResult executionId="7714ed7d-b5c0-46a9-8824-28dcdabc6c32" testId="1cca4a40-3e79-045d-0667-c735e9a1087b" testName="listarFacturasTest" computerName="DIEGO-PC" duration="00:00:00.0432206" startTime="2012-12-13T22:11:53.2510319-03:00" endTime="2012-12-13T22:11:53.3020348-03:00" testType="13cdc9d9-ddb5-4fa4-a97d-d965ccfc6d4b" outcome="Passed" testListId="8c84fa94-04c1-424b-9868-57a2d4851a1d" relativeResultsDirectory="7714ed7d-b5c0-46a9-8824-28dcdabc6c32">
      <Output>
        <StdOut>Save/Update: select * from Factura; select * from documento_movimiento; select * from LineaFactura WHERE borrado = 0
Save/Update: select * from LineaFactura WHERE  LineaFactura.nro_factura=1  AND  LineaFactura.tipo_factura='A' AND  LineaFactura.nro_sucursal=1  
Save/Update: select * from Articulos WHERE  Articulos.cod_articulo=1  ; select * from lista_precios WHERE borrado = 0
Save/Update: select * from Articulos WHERE  Articulos.cod_articulo=2  ; select * from lista_precios WHERE borrado = 0
Save/Update: select * from Cliente WHERE  Cliente.id_cliente=1  ; select * from cliente_movimientos; select * from Pedido WHERE borrado = 0; select * from Factura WHERE borrado = 0; select * from Diseño WHERE borrado = 0
Save/Update: select * from Usuario WHERE  Usuario.usuarioID=1  ; select * from JoinUsuarioToFamilia; select * from JoinPatenteToUsuario
Save/Update: select * from MovimientosCuenta JOIN documento_movimiento AS documento ON MovimientosCuenta.nro_movimiento=documento.nro_movimiento JOIN cliente_movimientos AS cliente ON MovimientosCuenta.nro_movimiento=cliente.nro_movimiento WHERE documento.nro_Doc=1  AND cliente.id_cliente IS NOT  NULL ; select * from cliente_movimientos; select * from documento_movimiento
Save/Update: select * from LineaFactura WHERE  LineaFactura.nro_factura=1  AND  LineaFactura.tipo_factura='B' AND  LineaFactura.nro_sucursal=2  
Save/Update: select * from Articulos WHERE  Articulos.cod_articulo=1  ; select * from lista_precios WHERE borrado = 0
Save/Update: select * from Articulos WHERE  Articulos.cod_articulo=2  ; select * from lista_precios WHERE borrado = 0
Save/Update: select * from Cliente WHERE  Cliente.id_cliente=1  ; select * from cliente_movimientos; select * from Pedido WHERE borrado = 0; select * from Factura WHERE borrado = 0; select * from Diseño WHERE borrado = 0
Save/Update: select * from Usuario WHERE  Usuario.usuarioID=1  ; select * from JoinUsuarioToFamilia; select * from JoinPatenteToUsuario
Save/Update: select * from MovimientosCuenta JOIN documento_movimiento AS documento ON MovimientosCuenta.nro_movimiento=documento.nro_movimiento JOIN cliente_movimientos AS cliente ON MovimientosCuenta.nro_movimiento=cliente.nro_movimiento WHERE documento.nro_Doc=2  AND cliente.id_cliente IS NOT  NULL ; select * from cliente_movimientos; select * from documento_movimiento
Save/Update: DELETE LineaFactura WHERE nro_factura=2  AND nro_sucursal=1  AND tipo_factura='A' AND nro_linea=1  
Save/Update: DELETE LineaFactura WHERE nro_factura=2  AND nro_sucursal=1  AND tipo_factura='A' AND nro_linea=2  
Save/Update: DELETE cliente_movimientos where nro_movimiento=4  ; DELETE documento_movimiento where nro_movimiento=4  ; ;DELETE MovimientosCuenta WHERE nro_movimiento=4  
Save/Update: DELETE FROM Factura WHERE nro_Doc =5
Save/Update: delete documento where nro_doc=5</StdOut>
      </Output>
    </UnitTestResult>
    <UnitTestResult executionId="a83f4229-ebfb-45bb-ad1a-abb4955c85f4" testId="1cea9887-e3c9-cea8-286a-dd9be44d7403" testName="buscarTipoCuentaPorIdTest2" computerName="DIEGO-PC" duration="00:00:00.0019976" startTime="2012-12-13T22:11:53.3050350-03:00" endTime="2012-12-13T22:11:53.3160356-03:00" testType="13cdc9d9-ddb5-4fa4-a97d-d965ccfc6d4b" outcome="Passed" testListId="8c84fa94-04c1-424b-9868-57a2d4851a1d" relativeResultsDirectory="a83f4229-ebfb-45bb-ad1a-abb4955c85f4">
      <Output>
        <StdOut>Save/Update: select * from Cuenta WHERE  Cuenta.cuentaID=1</StdOut>
      </Output>
    </UnitTestResult>
    <UnitTestResult executionId="fdee46b4-de4b-4b29-b233-55a9687f9b87" testId="1e112e87-ecd4-bbc8-5f74-eb12a4718023" testName="borrarLineaTest" computerName="DIEGO-PC" duration="00:00:00.0120218" startTime="2012-12-13T22:11:53.3190358-03:00" endTime="2012-12-13T22:11:53.3410370-03:00" testType="13cdc9d9-ddb5-4fa4-a97d-d965ccfc6d4b" outcome="Passed" testListId="8c84fa94-04c1-424b-9868-57a2d4851a1d" relativeResultsDirectory="fdee46b4-de4b-4b29-b233-55a9687f9b87">
      <Output>
        <StdOut>Save/Update: SELECT  ISNULL(MAX(nro_linea + 1),1) from LineaFactura WHERE nro_factura=1 AND nro_sucursal=1 AND tipo_factura='A'
Save/Update: INSERT INTO LineaFactura (nro_factura, nro_sucursal, tipo_factura, nro_linea, cod_producto, cantidad, precio, borrado) VALUES (1 , 1 , 'A', 3 , 3 , 33 , 33.3, 0 ); 
Save/Update: select * from LineaFactura WHERE  LineaFactura.nro_factura=1  AND  LineaFactura.nro_linea=3  AND  LineaFactura.nro_sucursal=1  AND  LineaFactura.tipo_factura='A' 
Save/Update: DELETE LineaFactura WHERE nro_factura=1  AND nro_sucursal=1  AND tipo_factura='A' AND nro_linea=3  
Save/Update: select * from LineaFactura WHERE  LineaFactura.nro_factura=1  AND  LineaFactura.nro_linea=3  AND  LineaFactura.nro_sucursal=1  AND  LineaFactura.tipo_factura='A'</StdOut>
      </Output>
    </UnitTestResult>
    <UnitTestResult executionId="11cb0752-82aa-4448-b4ca-19e27a1652db" testId="1f18c315-e299-cbd9-ed3a-225fc06b347a" testName="obtenerIdsArticulosFrecuentesTest" computerName="DIEGO-PC" duration="00:00:00.0134497" startTime="2012-12-13T22:11:53.3440372-03:00" endTime="2012-12-13T22:11:53.3640384-03:00" testType="13cdc9d9-ddb5-4fa4-a97d-d965ccfc6d4b" outcome="Passed" testListId="8c84fa94-04c1-424b-9868-57a2d4851a1d" relativeResultsDirectory="11cb0752-82aa-4448-b4ca-19e27a1652db">
      <Output>
        <StdOut>Save/Update: select top 3 pr.cod_articulo as idArticulo, SUM(pr.cantidad) as cantidad  from produccion pr, Pedido pe  where(pe.cod_pedido = pr.cod_pedido)  AND pe.id_cliente = 1 group by pr.cod_articulo  order by cantidad desc
Save/Update: select top 3 pr.cod_articulo as idArticulo, SUM(pr.cantidad) as cantidad  from produccion pr, Pedido pe  where(pe.cod_pedido = pr.cod_pedido)  AND pe.id_cliente = 2 group by pr.cod_articulo  order by cantidad desc
Save/Update: DELETE Articulos WHERE cod_articulo=4</StdOut>
      </Output>
    </UnitTestResult>
    <UnitTestResult executionId="899b116a-f451-4912-83a3-6978f74a1e29" testId="1f993eef-b5ac-3548-c940-f219e4216d75" testName="listarProveedoresTest" computerName="DIEGO-PC" duration="00:00:00.0170651" startTime="2012-12-13T22:11:53.3680386-03:00" endTime="2012-12-13T22:11:53.3930400-03:00" testType="13cdc9d9-ddb5-4fa4-a97d-d965ccfc6d4b" outcome="Passed" testListId="8c84fa94-04c1-424b-9868-57a2d4851a1d" relativeResultsDirectory="899b116a-f451-4912-83a3-6978f74a1e29">
      <Output>
        <StdOut>Save/Update: select * from Proveedor
Save/Update: select * from OrdenDeCompra WHERE  OrdenDeCompra.id_proveedor=1  ; select * from documento_movimiento; select * from LineaOrdenDeCompra WHERE borrado = 0
Save/Update: select * from OrdenDeCompra WHERE  OrdenDeCompra.id_proveedor=2  ; select * from documento_movimiento; select * from LineaOrdenDeCompra WHERE borrado = 0
Save/Update: select * from OrdenDeCompra WHERE  OrdenDeCompra.id_proveedor=3  ; select * from documento_movimiento; select * from LineaOrdenDeCompra WHERE borrado = 0
Save/Update: delete OrdenDeCompra where nro_doc=5
Save/Update: delete documento where nro_doc=5
Save/Update: DELETE Proveedor WHERE id_proveedor=4  
Save/Update: UPDATE Proveedor SET nombre='nombre1', telefono='1111-1111', direccion='direccion 1' WHERE id_proveedor=1  ;</StdOut>
      </Output>
    </UnitTestResult>
    <UnitTestResult executionId="b18e747b-332a-4595-b19a-f6311885160c" testId="1fb18ed6-06da-35e1-ec67-5275eec70993" testName="actualizarTipoPrendaTest" computerName="DIEGO-PC" duration="00:00:00.0057308" startTime="2012-12-13T22:11:53.3970402-03:00" endTime="2012-12-13T22:11:53.4090409-03:00" testType="13cdc9d9-ddb5-4fa4-a97d-d965ccfc6d4b" outcome="Passed" testListId="8c84fa94-04c1-424b-9868-57a2d4851a1d" relativeResultsDirectory="b18e747b-332a-4595-b19a-f6311885160c">
      <Output>
        <StdOut>Save/Update: UPDATE TipoPrenda SET descripcion='Campera modificada' WHERE tipo_prenda=1  ; 
Save/Update: select * from TipoPrenda WHERE  TipoPrenda.tipo_prenda=1  
Save/Update: UPDATE TipoPrenda SET descripcion='Campera Armada' WHERE tipo_prenda=1  ;</StdOut>
      </Output>
    </UnitTestResult>
    <UnitTestResult executionId="22ec3f3c-7e05-4909-9671-06324934d23b" testId="20d5f305-5003-b633-f12a-b60950a7d487" testName="borrarPedidoTest" computerName="DIEGO-PC" duration="00:00:00.0063847" startTime="2012-12-13T22:11:53.4120411-03:00" endTime="2012-12-13T22:11:53.4260419-03:00" testType="13cdc9d9-ddb5-4fa4-a97d-d965ccfc6d4b" outcome="Passed" testListId="8c84fa94-04c1-424b-9868-57a2d4851a1d" relativeResultsDirectory="22ec3f3c-7e05-4909-9671-06324934d23b">
      <Output>
        <StdOut>Save/Update: SELECT  ISNULL(MAX(cod_pedido + 1),1) from Pedido
Save/Update: INSERT INTO Pedido (cod_pedido, comentario, id_cliente, tipo_pedido, estadoActual, fechaInicio, fechaFinal, borrado) VALUES (5 , 'comentario test', 2 , 2 , 2 ,  CAST('13/12/2012 22:11:53.417'  AS DateTime),  CAST('13/12/2012 22:11:53.417'  AS DateTime), 0 ); UPDATE produccion SET borrado=1 WHERE cod_pedido=5  ; UPDATE historico_estados_pedido SET borrado=1 WHERE cod_pedido=5  ; 
Save/Update: select * from Pedido WHERE  Pedido.comentario='comentario test' ; select * from produccion WHERE borrado = 0; select * from historico_estados_pedido WHERE borrado = 0
Save/Update: DELETE Pedido WHERE cod_pedido=5  
Save/Update: select * from Pedido WHERE  Pedido.comentario='comentario test' ; select * from produccion WHERE borrado = 0; select * from historico_estados_pedido WHERE borrado = 0
Save/Update: DELETE Pedido WHERE cod_pedido=5</StdOut>
      </Output>
    </UnitTestResult>
    <UnitTestResult executionId="470bd9b7-2894-478b-8a18-8563261250ee" testId="21f1e20b-dcac-fe9b-670b-02932753806f" testName="listarOrdenDeComprasTest" computerName="DIEGO-PC" duration="00:00:00.0108647" startTime="2012-12-13T22:11:53.4320422-03:00" endTime="2012-12-13T22:11:53.4510433-03:00" testType="13cdc9d9-ddb5-4fa4-a97d-d965ccfc6d4b" outcome="Passed" testListId="8c84fa94-04c1-424b-9868-57a2d4851a1d" relativeResultsDirectory="470bd9b7-2894-478b-8a18-8563261250ee">
      <Output>
        <StdOut>Save/Update: select * from OrdenDeCompra; select * from documento_movimiento; select * from LineaOrdenDeCompra WHERE borrado = 0
Save/Update: select * from LineaOrdenDeCompra WHERE  LineaOrdenDeCompra.nro_orden_compra=1  AND  LineaOrdenDeCompra.tipo_orden_compra='A' AND  LineaOrdenDeCompra.nro_sucursal=1  
Save/Update: select * from insumo WHERE  insumo.cod_insumo=1  
Save/Update: select * from insumo WHERE  insumo.cod_insumo=2  
Save/Update: select * from Proveedor WHERE  Proveedor.id_proveedor=1  
Save/Update: select * from MovimientosCuenta JOIN documento_movimiento AS documento ON MovimientosCuenta.nro_movimiento=documento.nro_movimiento JOIN proveedor_movimientos AS proveedor ON MovimientosCuenta.nro_movimiento=proveedor.nro_movimiento WHERE documento.nro_Doc=3  AND proveedor.id_proveedor IS NOT  NULL ; select * from proveedor_movimientos; select * from documento_movimiento
Save/Update: select * from LineaOrdenDeCompra WHERE  LineaOrdenDeCompra.nro_orden_compra=2  AND  LineaOrdenDeCompra.tipo_orden_compra='B' AND  LineaOrdenDeCompra.nro_sucursal=1  
Save/Update: select * from insumo WHERE  insumo.cod_insumo=1  
Save/Update: select * from insumo WHERE  insumo.cod_insumo=1  
Save/Update: select * from Proveedor WHERE  Proveedor.id_proveedor=1  
Save/Update: select * from MovimientosCuenta JOIN documento_movimiento AS documento ON MovimientosCuenta.nro_movimiento=documento.nro_movimiento JOIN proveedor_movimientos AS proveedor ON MovimientosCuenta.nro_movimiento=proveedor.nro_movimiento WHERE documento.nro_Doc=4  AND proveedor.id_proveedor IS NOT  NULL ; select * from proveedor_movimientos; select * from documento_movimiento
Save/Update: DELETE LineaOrdenDeCompra WHERE nro_orden_compra=2  AND nro_sucursal=1  AND tipo_orden_compra='A' AND nro_linea=1  
Save/Update: DELETE LineaOrdenDeCompra WHERE nro_orden_compra=2  AND nro_sucursal=1  AND tipo_orden_compra='A' AND nro_linea=2  
Save/Update: DELETE proveedor_movimientos where nro_movimiento=4  ; DELETE documento_movimiento where nro_movimiento=4  ; ;DELETE MovimientosCuenta WHERE nro_movimiento=4  
Save/Update: DELETE FROM OrdenDeCompra WHERE nro_Doc =5
Save/Update: delete documento where nro_doc=5</StdOut>
      </Output>
    </UnitTestResult>
    <UnitTestResult executionId="8449a01f-9132-48ff-af88-1e8ae4db56c8" testId="2277aaf3-514d-5d22-b68b-739c3ef345a2" testName="CambiarEstadoPedidoTest" computerName="DIEGO-PC" duration="00:00:04.0134615" startTime="2012-12-13T22:11:53.4580437-03:00" endTime="2012-12-13T22:11:57.4882742-03:00" testType="13cdc9d9-ddb5-4fa4-a97d-d965ccfc6d4b" outcome="Passed" testListId="8c84fa94-04c1-424b-9868-57a2d4851a1d" relativeResultsDirectory="8449a01f-9132-48ff-af88-1e8ae4db56c8">
      <Output>
        <StdOut>Save/Update: SELECT  ISNULL(MAX(cod_pedido + 1),1) from Pedido
Save/Update: INSERT INTO Pedido (cod_pedido, comentario, id_cliente, tipo_pedido, estadoActual, fechaInicio, fechaFinal, borrado) VALUES (5 , 'comentario test', 2 , 2 , 1 ,  CAST('13/12/2012 22:11:53.471'  AS DateTime),  NULL , 0 ); UPDATE produccion SET borrado=1 WHERE cod_pedido=5  ; UPDATE historico_estados_pedido SET borrado=1 WHERE cod_pedido=5  ; 
Save/Update: SELECT  ISNULL(MAX(cod_produccion + 1),1) from produccion
Save/Update: INSERT INTO produccion (cod_produccion, comentario, cod_pedido, cod_maquina, cod_articulo, cantidad, estadoActual, utilizacion, fechaInicio, fechaFinal, borrado) VALUES (7 , 'com1', 5 , 2 , 1 , 10 , 1 , 1,  CAST('13/12/2012 22:11:53.471'  AS DateTime),  NULL , 0 ); UPDATE historico_estados_produccion SET borrado=1 WHERE cod_produccion=7  ; 
Save/Update: UPDATE Pedido SET comentario='comentario test', id_cliente=2 , tipo_pedido=2 , estadoActual=1 , fechaInicio= CAST('13/12/2012 22:11:53.471'  AS DateTime), fechaFinal= NULL , borrado=0  WHERE cod_pedido=5  ; UPDATE produccion SET borrado=1 WHERE cod_pedido=5  ; UPDATE historico_estados_pedido SET borrado=1 WHERE cod_pedido=5  ; 
Save/Update: SELECT  ISNULL(MAX(nro_estado + 1),1) from historico_estados_pedido WHERE cod_pedido=5
Save/Update: INSERT INTO historico_estados_pedido (nro_estado, comentario, cod_pedido, fechaDesde, fechaHasta, estado, borrado) VALUES (1 , '', 5 ,  CAST('13/12/2012 22:11:53.475'  AS DateTime),  NULL , 1 , 0 ); 
Save/Update: UPDATE produccion SET comentario='com1', cod_pedido=5 , cod_maquina=2 , cod_articulo=1 , cantidad=10 , estadoActual=1 , utilizacion=1, fechaInicio= CAST('13/12/2012 22:11:53.471'  AS DateTime), fechaFinal= NULL , borrado=0  WHERE cod_produccion=7  ; UPDATE historico_estados_produccion SET borrado=1 WHERE cod_produccion=7  ; 
Save/Update: select * from Pedido WHERE  Pedido.cod_pedido=5  ; select * from produccion WHERE borrado = 0; select * from historico_estados_pedido WHERE borrado = 0
Save/Update: select * from historico_estados_pedido WHERE  historico_estados_pedido.cod_pedido=5  
Save/Update: select * from tipoPedido WHERE  tipoPedido.tipo_pedido=2  
Save/Update: select * from produccion WHERE  produccion.cod_pedido=5  ; select * from historico_estados_produccion WHERE borrado = 0
Save/Update: select * from Cliente WHERE  Cliente.id_cliente=2  ; select * from cliente_movimientos; select * from Pedido WHERE borrado = 0; select * from Factura WHERE borrado = 0; select * from Diseño WHERE borrado = 0
Save/Update: select * from EstadoPedido WHERE  EstadoPedido.estado_pedido=1  
Save/Update: select * from Usuario WHERE  Usuario.usuarioID=2  ; select * from JoinUsuarioToFamilia; select * from JoinPatenteToUsuario
Save/Update: select * from Familia JOIN JoinUsuarioToFamilia AS usuarios ON Familia.familiaID=usuarios.familiaID WHERE usuarios.usuarioID=2  ; select * from JoinFamiliaToPatente
Save/Update: select * from Patente JOIN JoinFamiliaToPatente AS familia ON Patente.patenteId=familia.patenteId WHERE familia.familiaID=2  
Save/Update: select * from Patente JOIN JoinPatenteToUsuario AS usuario ON Patente.patenteId=usuario.patenteId WHERE usuario.usuarioID=2  
Save/Update: select * from Cliente WHERE  Cliente.usuarioID=2  ; select * from cliente_movimientos; select * from Pedido WHERE borrado = 0; select * from Factura WHERE borrado = 0; select * from Diseño WHERE borrado = 0
Save/Update: select * from newsletter WHERE  newsletter.id=1  
Save/Update: select * from produccion WHERE  produccion.cod_produccion=7  ; select * from historico_estados_produccion WHERE borrado = 0
Save/Update: select * from Pedido WHERE  Pedido.cod_pedido=5  ; select * from produccion WHERE borrado = 0; select * from historico_estados_pedido WHERE borrado = 0
Save/Update: select * from Maquina WHERE  Maquina.cod_maquina=2  ; select * from JoinMaquinaToTipoPrenda
Save/Update: select * from Articulos WHERE  Articulos.cod_articulo=1  ; select * from lista_precios WHERE borrado = 0
Save/Update: select * from EstadoTrabajos WHERE  EstadoTrabajos.cod_estado=1  
Save/Update: select * from historico_estados_produccion WHERE  historico_estados_produccion.cod_produccion=7  
Save/Update: select * from produccion_operador WHERE  produccion_operador.cod_prodcuccion=7  
Save/Update: select * from newsletter WHERE  newsletter.id=2  
Save/Update: select * from Articulos WHERE  Articulos.cod_articulo=1  ; select * from lista_precios WHERE borrado = 0
Save/Update: select * from lista_precios WHERE  lista_precios.cod_articulo=1  
Save/Update: select * from TipoPrenda WHERE  TipoPrenda.tipo_prenda=1  
Save/Update: select * from Diseño WHERE  Diseño.cod_diseño=1  ; select * from historico_estados_diseño WHERE borrado = 0
Save/Update: select * from Pedido WHERE  Pedido.cod_pedido=5  ; select * from produccion WHERE borrado = 0; select * from historico_estados_pedido WHERE borrado = 0
Save/Update: select * from historico_estados_pedido WHERE  historico_estados_pedido.cod_pedido=5  
Save/Update: select * from tipoPedido WHERE  tipoPedido.tipo_pedido=2  
Save/Update: select * from produccion WHERE  produccion.cod_pedido=5  ; select * from historico_estados_produccion WHERE borrado = 0
Save/Update: select * from Cliente WHERE  Cliente.id_cliente=2  ; select * from cliente_movimientos; select * from Pedido WHERE borrado = 0; select * from Factura WHERE borrado = 0; select * from Diseño WHERE borrado = 0
Save/Update: select * from EstadoPedido WHERE  EstadoPedido.estado_pedido=1  
Save/Update: UPDATE Pedido SET comentario='comentario Modificado', id_cliente=2 , tipo_pedido=2 , estadoActual=2 , fechaInicio= CAST('13/12/2012 22:11:53.470'  AS DateTime), fechaFinal= NULL , borrado=0  WHERE cod_pedido=5  ; UPDATE produccion SET borrado=1 WHERE cod_pedido=5  ; UPDATE historico_estados_pedido SET borrado=1 WHERE cod_pedido=5  ; 
Save/Update: UPDATE historico_estados_pedido SET comentario='', fechaDesde= CAST('13/12/2012 22:11:53.477'  AS DateTime), fechaHasta= CAST('13/12/2012 22:11:57.452'  AS DateTime), estado=1 , borrado=0  WHERE nro_estado=1  AND cod_pedido=5  ; 
Save/Update: SELECT  ISNULL(MAX(nro_estado + 1),1) from historico_estados_pedido WHERE cod_pedido=5
Save/Update: INSERT INTO historico_estados_pedido (nro_estado, comentario, cod_pedido, fechaDesde, fechaHasta, estado, borrado) VALUES (2 , '', 5 ,  CAST('13/12/2012 22:11:57.452'  AS DateTime),  NULL , 2 , 0 ); 
Save/Update: UPDATE produccion SET comentario='com1', cod_pedido=5 , cod_maquina=2 , cod_articulo=1 , cantidad=10 , estadoActual=1 , utilizacion=1, fechaInicio= CAST('13/12/2012 22:11:53.470'  AS DateTime), fechaFinal= NULL , borrado=0  WHERE cod_produccion=7  ; UPDATE historico_estados_produccion SET borrado=1 WHERE cod_produccion=7  ; 
Save/Update: select * from Pedido WHERE  Pedido.cod_pedido=5  ; select * from produccion WHERE borrado = 0; select * from historico_estados_pedido WHERE borrado = 0
Save/Update: select * from historico_estados_pedido WHERE  historico_estados_pedido.cod_pedido=5  
Save/Update: select * from tipoPedido WHERE  tipoPedido.tipo_pedido=2  
Save/Update: select * from produccion WHERE  produccion.cod_pedido=5  ; select * from historico_estados_produccion WHERE borrado = 0
Save/Update: select * from Cliente WHERE  Cliente.id_cliente=2  ; select * from cliente_movimientos; select * from Pedido WHERE borrado = 0; select * from Factura WHERE borrado = 0; select * from Diseño WHERE borrado = 0
Save/Update: select * from EstadoPedido WHERE  EstadoPedido.estado_pedido=2  
Save/Update: DELETE historico_estados_pedido WHERE nro_estado=1  AND cod_pedido=5  
Save/Update: DELETE historico_estados_pedido WHERE nro_estado=2  AND cod_pedido=5  
Save/Update: DELETE produccion WHERE cod_produccion=7  
Save/Update: DELETE Pedido WHERE cod_pedido=5</StdOut>
      </Output>
    </UnitTestResult>
    <UnitTestResult executionId="8f1cca42-b838-47c4-b335-2c3748ade585" testId="231d325e-5b2d-4422-b67b-4aed1bbc3f49" testName="grabarFacturasTest" computerName="DIEGO-PC" duration="00:00:00.0221352" startTime="2012-12-13T22:11:57.4902744-03:00" endTime="2012-12-13T22:11:57.5222762-03:00" testType="13cdc9d9-ddb5-4fa4-a97d-d965ccfc6d4b" outcome="Passed" testListId="8c84fa94-04c1-424b-9868-57a2d4851a1d" relativeResultsDirectory="8f1cca42-b838-47c4-b335-2c3748ade585">
      <Output>
        <StdOut>Save/Update: SELECT  ISNULL(MAX(nro_Doc + 1),1) from documento
Save/Update: INSERT INTO documento VALUES (5)
Save/Update: SELECT  ISNULL(MAX(nro_factura + 1),1) from Factura WHERE nro_sucursal=1 AND tipo_factura='A'
Save/Update: INSERT INTO Factura (nro_Doc, iva, fecha, borrado, nro_factura, nro_sucursal, tipo_factura, id_cliente, monto) VALUES (5 , 33.3,  CAST('13/12/2012 22:11:57.498'  AS DateTime), 0 , 2 , 1 , 'A', 2 , 33.3); UPDATE LineaFactura SET borrado=1 WHERE nro_factura=2  AND nro_sucursal=1  AND tipo_factura='A' ; 
Save/Update: select * from Factura WHERE  Factura.nro_Doc=5  ; select * from documento_movimiento; select * from LineaFactura WHERE borrado = 0
Save/Update: delete Factura where nro_doc=5
Save/Update: delete documento where nro_doc=5</StdOut>
      </Output>
    </UnitTestResult>
    <UnitTestResult executionId="e22544e5-528a-4870-a045-b66123d58183" testId="24d98172-4e51-96b3-ef4d-cd0ed2a98c18" testName="grabarHistoricoEstadosTest" computerName="DIEGO-PC" duration="00:00:00.0130122" startTime="2012-12-13T22:11:57.5262764-03:00" endTime="2012-12-13T22:11:57.5472776-03:00" testType="13cdc9d9-ddb5-4fa4-a97d-d965ccfc6d4b" outcome="Passed" testListId="8c84fa94-04c1-424b-9868-57a2d4851a1d" relativeResultsDirectory="e22544e5-528a-4870-a045-b66123d58183">
      <Output>
        <StdOut>Save/Update: SELECT  ISNULL(MAX(nro_estado + 1),1) from historico_estados_produccion WHERE cod_produccion=2
Save/Update: INSERT INTO historico_estados_produccion (nro_estado, comentario, cod_produccion, fechaDesde, fechaHasta, estado, borrado) VALUES (3 , 'comentario32', 2 ,  CAST('13/12/2012 22:11:57.532'  AS DateTime),  CAST('13/12/2012 22:11:57.532'  AS DateTime), 3 , 0 ); 
Save/Update: select * from historico_estados_produccion WHERE  historico_estados_produccion.nro_estado=3  AND  historico_estados_produccion.cod_produccion=2  
Save/Update: DELETE historico_estados_produccion WHERE nro_estado=3  AND cod_produccion=2</StdOut>
      </Output>
    </UnitTestResult>
    <UnitTestResult executionId="6ef113a4-c410-4c21-975d-35231ff646b6" testId="251887f2-80b7-06cc-ae64-369889df804d" testName="actualizarFamiliaTest" computerName="DIEGO-PC" duration="00:00:00.0166068" startTime="2012-12-13T22:11:57.5502778-03:00" endTime="2012-12-13T22:11:57.5762793-03:00" testType="13cdc9d9-ddb5-4fa4-a97d-d965ccfc6d4b" outcome="Passed" testListId="8c84fa94-04c1-424b-9868-57a2d4851a1d" relativeResultsDirectory="6ef113a4-c410-4c21-975d-35231ff646b6">
      <Output>
        <StdOut>Save/Update: select * from Familia WHERE  Familia.familiaID=5  ; select * from JoinFamiliaToPatente
Save/Update: select * from Patente JOIN JoinFamiliaToPatente AS familia ON Patente.patenteId=familia.patenteId WHERE familia.familiaID=5  
Save/Update: UPDATE Familia SET descripcion='desTest', nombre='nombretest' WHERE familiaID=5  ; DELETE JoinFamiliaToPatente where familiaID=5  ;  INSERT INTO JoinFamiliaToPatente ( familiaID, patenteId) VALUES ( 5 , 9 ); 
Save/Update: select * from Familia WHERE  Familia.familiaID=5  ; select * from JoinFamiliaToPatente
Save/Update: select * from Patente JOIN JoinFamiliaToPatente AS familia ON Patente.patenteId=familia.patenteId WHERE familia.familiaID=5  
Save/Update: UPDATE Familia SET descripcion='desTest', nombre='nombretest' WHERE familiaID=5  ; DELETE JoinFamiliaToPatente where familiaID=5  ;  INSERT INTO JoinFamiliaToPatente ( familiaID, patenteId) VALUES ( 5 , 9 );</StdOut>
      </Output>
    </UnitTestResult>
    <UnitTestResult executionId="fb625dd4-e0ea-46a0-9d86-73cffc1789b6" testId="254f3c87-cb8f-24cb-6d93-8a60e4e333c0" testName="borrarProduccionTest" computerName="DIEGO-PC" duration="00:00:00.0114344" startTime="2012-12-13T22:11:57.5782794-03:00" endTime="2012-12-13T22:11:57.5952804-03:00" testType="13cdc9d9-ddb5-4fa4-a97d-d965ccfc6d4b" outcome="Passed" testListId="8c84fa94-04c1-424b-9868-57a2d4851a1d" relativeResultsDirectory="fb625dd4-e0ea-46a0-9d86-73cffc1789b6">
      <Output>
        <StdOut>Save/Update: SELECT  ISNULL(MAX(cod_produccion + 1),1) from produccion
Save/Update: INSERT INTO produccion (cod_produccion, comentario, cod_pedido, cod_maquina, cod_articulo, cantidad, estadoActual, utilizacion, fechaInicio, fechaFinal, borrado) VALUES (7 , 'comentario test', 3 , 3 , 7 , 10 , 2 , 1,  CAST('13/12/2012 22:11:57.582'  AS DateTime),  CAST('13/12/2012 22:11:57.582'  AS DateTime), 0 ); UPDATE historico_estados_produccion SET borrado=1 WHERE cod_produccion=7  ; 
Save/Update: select * from produccion WHERE  produccion.comentario LIKE '%comentario test%'; select * from historico_estados_produccion WHERE borrado = 0
Save/Update: DELETE produccion WHERE cod_produccion=7  
Save/Update: select * from produccion WHERE  produccion.comentario LIKE '%comentario test%'; select * from historico_estados_produccion WHERE borrado = 0
Save/Update: DELETE produccion WHERE cod_produccion=7</StdOut>
      </Output>
    </UnitTestResult>
    <UnitTestResult executionId="19b4cb67-892d-4ffd-a2fa-3e9388a8240a" testId="25d73e54-4c45-c0f8-0cc6-cd9d82e5c8a4" testName="listarProduccionPorArticuloTest" computerName="DIEGO-PC" duration="00:00:00.0103207" startTime="2012-12-13T22:11:57.5972805-03:00" endTime="2012-12-13T22:11:57.6142815-03:00" testType="13cdc9d9-ddb5-4fa4-a97d-d965ccfc6d4b" outcome="Passed" testListId="8c84fa94-04c1-424b-9868-57a2d4851a1d" relativeResultsDirectory="19b4cb67-892d-4ffd-a2fa-3e9388a8240a">
      <Output>
        <StdOut>Save/Update: select * from produccion WHERE  produccion.cod_articulo=1  ; select * from historico_estados_produccion WHERE borrado = 0
Save/Update: select * from Pedido WHERE  Pedido.cod_pedido=1  ; select * from produccion WHERE borrado = 0; select * from historico_estados_pedido WHERE borrado = 0
Save/Update: select * from Maquina WHERE  Maquina.cod_maquina=1  ; select * from JoinMaquinaToTipoPrenda
Save/Update: select * from Articulos WHERE  Articulos.cod_articulo=1  ; select * from lista_precios WHERE borrado = 0
Save/Update: select * from EstadoTrabajos WHERE  EstadoTrabajos.cod_estado=3  
Save/Update: select * from historico_estados_produccion WHERE  historico_estados_produccion.cod_produccion=1  
Save/Update: select * from produccion_operador WHERE  produccion_operador.cod_prodcuccion=1  
Save/Update: DELETE produccion_operador WHERE id_operador=2  AND cod_prodcuccion=7  
Save/Update: DELETE historico_estados_produccion WHERE nro_estado=1  AND cod_produccion=7  
Save/Update: DELETE historico_estados_produccion WHERE nro_estado=2  AND cod_produccion=7  
Save/Update: DELETE produccion WHERE cod_produccion=7</StdOut>
      </Output>
    </UnitTestResult>
    <UnitTestResult executionId="aa384b57-533c-4ecf-b960-6ecca28a01dd" testId="26a546ff-2782-4a5a-0d01-d730f8d08c9d" testName="cargarTest" computerName="DIEGO-PC" duration="00:00:00.0075577" startTime="2012-12-13T22:11:57.6162816-03:00" endTime="2012-12-13T22:11:57.6312824-03:00" testType="13cdc9d9-ddb5-4fa4-a97d-d965ccfc6d4b" outcome="Passed" testListId="8c84fa94-04c1-424b-9868-57a2d4851a1d" relativeResultsDirectory="aa384b57-533c-4ecf-b960-6ecca28a01dd">
      <Output>
        <StdOut>Save/Update: select * from Conversacion; select * from mensaje WHERE borrado = 0
Save/Update: DELETE Conversacion WHERE id_conversacion=3  
Save/Update: update mensaje set borrado=0</StdOut>
      </Output>
    </UnitTestResult>
    <UnitTestResult executionId="b67d7ec5-dd68-47be-a945-bb0713b47e57" testId="26d1e25c-63b7-c2c4-03c0-99f8e7631508" testName="grabarMaquinasTest" computerName="DIEGO-PC" duration="00:00:00.0150480" startTime="2012-12-13T22:11:57.6342826-03:00" endTime="2012-12-13T22:11:57.6562839-03:00" testType="13cdc9d9-ddb5-4fa4-a97d-d965ccfc6d4b" outcome="Passed" testListId="8c84fa94-04c1-424b-9868-57a2d4851a1d" relativeResultsDirectory="b67d7ec5-dd68-47be-a945-bb0713b47e57">
      <Output>
        <StdOut>Save/Update: SELECT  ISNULL(MAX(cod_maquina + 1),1) from Maquina
Save/Update: INSERT INTO Maquina (cod_maquina, altoMargen, anchoMargen, cabezales, nombre, velocidadPromedio, cantidadColores) VALUES (4 , 100 , 200 , 12 , 'nombre nuevo', 1000 , 15 ); DELETE JoinMaquinaToTipoPrenda where cod_maquina=4  ; 
Save/Update: select * from Maquina WHERE  Maquina.cod_maquina=4  AND  Maquina.altoMargen&lt;=500  AND  Maquina.anchoMargen&gt;=100  AND  Maquina.cabezales=12  AND  Maquina.nombre LIKE '%e n%'AND  Maquina.velocidadPromedio&gt;=500  ; select * from JoinMaquinaToTipoPrenda
Save/Update: DELETE JoinMaquinaToTipoPrenda where cod_maquina=4  ; ;DELETE Maquina WHERE cod_maquina=4</StdOut>
      </Output>
    </UnitTestResult>
    <UnitTestResult executionId="35aa91c9-9ba3-449f-8574-636d5d49f101" testId="26e79886-012b-c1dd-53e8-d16d49221a25" testName="listarInsumosConRestriccionesTest" computerName="DIEGO-PC" duration="00:00:00.0048359" startTime="2012-12-13T22:11:57.6582840-03:00" endTime="2012-12-13T22:11:57.6702847-03:00" testType="13cdc9d9-ddb5-4fa4-a97d-d965ccfc6d4b" outcome="Passed" testListId="8c84fa94-04c1-424b-9868-57a2d4851a1d" relativeResultsDirectory="35aa91c9-9ba3-449f-8574-636d5d49f101">
      <Output>
        <StdOut>Save/Update: select * from insumo WHERE  insumo.nombre LIKE '%bre%'AND  insumo.detalle LIKE '%lle1%'AND  insumo.id_tipo_insumo=1  AND  insumo.color=1  
Save/Update: select * from tipoInsumo WHERE  tipoInsumo.tipo_insumo=1  
Save/Update: select * from color WHERE  color.codigo_color=1  
Save/Update: select * from MovimientosStock WHERE  MovimientosStock.cod_insumo=1  
Save/Update: DELETE MovimientosStock WHERE nro_movimiento=1  AND cod_insumo=5  
Save/Update: DELETE MovimientosStock WHERE nro_movimiento=2  AND cod_insumo=5  
Save/Update: DELETE insumo WHERE cod_insumo=5</StdOut>
      </Output>
    </UnitTestResult>
    <UnitTestResult executionId="14b70730-4dee-4550-8454-23d38bc99446" testId="2807b06d-2424-3984-a9d6-3c90127f0468" testName="BuscarDiseñosTest" computerName="DIEGO-PC" duration="00:00:00.0185003" startTime="2012-12-13T22:11:57.6732848-03:00" endTime="2012-12-13T22:11:57.6992863-03:00" testType="13cdc9d9-ddb5-4fa4-a97d-d965ccfc6d4b" outcome="Passed" testListId="8c84fa94-04c1-424b-9868-57a2d4851a1d" relativeResultsDirectory="14b70730-4dee-4550-8454-23d38bc99446">
      <Output>
        <StdOut>Save/Update: select * from Diseño WHERE  Diseño.estadoActual=2  AND  Diseño.nombre LIKE '%ño1%'AND  Diseño.puntadas&gt;=500  AND  Diseño.puntadas&lt;=1500  AND  Diseño.ancho&gt;=5  AND  Diseño.ancho&lt;=15  AND  Diseño.alto&gt;=5  AND  Diseño.alto&lt;=15  AND  Diseño.id_cliente=1  ; select * from historico_estados_diseño WHERE borrado = 0
Save/Update: select * from Cliente WHERE  Cliente.id_cliente=1  ; select * from cliente_movimientos; select * from Pedido WHERE borrado = 0; select * from Factura WHERE borrado = 0; select * from Diseño WHERE borrado = 0
Save/Update: select * from Usuario WHERE  Usuario.usuarioID=1  ; select * from JoinUsuarioToFamilia; select * from JoinPatenteToUsuario
Save/Update: select * from Diseño_insumos WHERE  Diseño_insumos.cod_diseño=1  
Save/Update: select * from historico_estados_diseño WHERE  historico_estados_diseño.cod_diseño=1  
Save/Update: select * from EstadoDiseños WHERE  EstadoDiseños.estado=2  
Save/Update: DELETE FROM Diseño_insumos where cod_diseño=3
Save/Update: DELETE FROM historico_estados_diseño where cod_diseño=3
Save/Update: DELETE Diseño WHERE cod_diseño=3</StdOut>
      </Output>
    </UnitTestResult>
    <UnitTestResult executionId="27605f23-b034-4ed9-b65e-276b0ff388f2" testId="280aded5-68b9-b810-9a8e-34bdb568fac8" testName="grabarProduccionTest" computerName="DIEGO-PC" duration="00:00:00.0159628" startTime="2012-12-13T22:11:57.7022865-03:00" endTime="2012-12-13T22:11:57.7242877-03:00" testType="13cdc9d9-ddb5-4fa4-a97d-d965ccfc6d4b" outcome="Passed" testListId="8c84fa94-04c1-424b-9868-57a2d4851a1d" relativeResultsDirectory="27605f23-b034-4ed9-b65e-276b0ff388f2">
      <Output>
        <StdOut>Save/Update: SELECT  ISNULL(MAX(cod_produccion + 1),1) from produccion
Save/Update: INSERT INTO produccion (cod_produccion, comentario, cod_pedido, cod_maquina, cod_articulo, cantidad, estadoActual, utilizacion, fechaInicio, fechaFinal, borrado) VALUES (7 , 'com test', 3 , 3 , 3 , 10 , 1 , 1,  CAST('14/10/2012 15:00:00.000'  AS DateTime),  CAST('14/10/2012 18:00:00.000'  AS DateTime), 0 ); UPDATE historico_estados_produccion SET borrado=1 WHERE cod_produccion=7  ; 
Save/Update: SELECT  ISNULL(MAX(nro_estado + 1),1) from historico_estados_produccion WHERE cod_produccion=7
Save/Update: INSERT INTO historico_estados_produccion (nro_estado, comentario, cod_produccion, fechaDesde, fechaHasta, estado, borrado) VALUES (1 , 'com test', 7 ,  CAST('13/12/2012 22:11:57.706'  AS DateTime),  NULL , 1 , 0 ); 
Save/Update: select * from produccion WHERE  produccion.cod_produccion=7  ; select * from historico_estados_produccion WHERE borrado = 0
Save/Update: select * from Pedido WHERE  Pedido.cod_pedido=3  ; select * from produccion WHERE borrado = 0; select * from historico_estados_pedido WHERE borrado = 0
Save/Update: select * from Maquina WHERE  Maquina.cod_maquina=3  ; select * from JoinMaquinaToTipoPrenda
Save/Update: select * from Articulos WHERE  Articulos.cod_articulo=3  ; select * from lista_precios WHERE borrado = 0
Save/Update: select * from EstadoTrabajos WHERE  EstadoTrabajos.cod_estado=1  
Save/Update: select * from historico_estados_produccion WHERE  historico_estados_produccion.cod_produccion=7  
Save/Update: select * from produccion_operador WHERE  produccion_operador.cod_prodcuccion=7  
Save/Update: DELETE produccion_operador WHERE id_operador=2  AND cod_prodcuccion=7  
Save/Update: DELETE historico_estados_produccion WHERE nro_estado=1  AND cod_produccion=7  
Save/Update: DELETE historico_estados_produccion WHERE nro_estado=2  AND cod_produccion=7  
Save/Update: DELETE produccion WHERE cod_produccion=7</StdOut>
      </Output>
    </UnitTestResult>
    <UnitTestResult executionId="fa6f79cc-de87-45a8-b34c-0ad167d4ec5b" testId="28e69d1a-8de4-eba9-3792-eae237e8276c" testName="grabarUsuarioTest" computerName="DIEGO-PC" duration="00:00:00.0243153" startTime="2012-12-13T22:11:57.7262879-03:00" endTime="2012-12-13T22:11:57.7582897-03:00" testType="13cdc9d9-ddb5-4fa4-a97d-d965ccfc6d4b" outcome="Passed" testListId="8c84fa94-04c1-424b-9868-57a2d4851a1d" relativeResultsDirectory="fa6f79cc-de87-45a8-b34c-0ad167d4ec5b">
      <Output>
        <StdOut>Save/Update: INSERT INTO Cliente (id_cliente, habitadoTurnos, usuarioID, newsletter) VALUES (3 , 0 , 3 , 1 ); UPDATE Pedido SET borrado=1 WHERE id_cliente=3  ; UPDATE Factura SET borrado=1 WHERE id_cliente=3  ; UPDATE Diseño SET borrado=1 WHERE id_cliente=3  ; 
Save/Update: select * from Cliente; select * from cliente_movimientos; select * from Pedido WHERE borrado = 0; select * from Factura WHERE borrado = 0; select * from Diseño WHERE borrado = 0
Save/Update: select * from Cliente WHERE  Cliente.id_cliente=3  ; select * from cliente_movimientos; select * from Pedido WHERE borrado = 0; select * from Factura WHERE borrado = 0; select * from Diseño WHERE borrado = 0
Save/Update: DELETE cliente_movimientos where id_cliente=3  ; ;DELETE Cliente WHERE id_cliente=3</StdOut>
      </Output>
    </UnitTestResult>
    <UnitTestResult executionId="de256aa2-69cd-4824-9594-866833301d0b" testId="29a5da4e-65d5-0422-5e68-618976117f03" testName="cargarMovimientosTest" computerName="DIEGO-PC" duration="00:00:00.0055686" startTime="2012-12-13T22:11:57.7602898-03:00" endTime="2012-12-13T22:11:57.7722905-03:00" testType="13cdc9d9-ddb5-4fa4-a97d-d965ccfc6d4b" outcome="Passed" testListId="8c84fa94-04c1-424b-9868-57a2d4851a1d" relativeResultsDirectory="de256aa2-69cd-4824-9594-866833301d0b">
      <Output>
        <StdOut>Save/Update: select * from MovimientosCuenta JOIN proveedor_movimientos AS proveedor ON MovimientosCuenta.nro_movimiento=proveedor.nro_movimiento WHERE proveedor.id_proveedor IS NOT  NULL ; select * from proveedor_movimientos; select * from documento_movimiento
Save/Update: DELETE proveedor_movimientos where nro_movimiento=4  ; DELETE documento_movimiento where nro_movimiento=4  ; ;DELETE MovimientosCuenta WHERE nro_movimiento=4</StdOut>
      </Output>
    </UnitTestResult>
    <UnitTestResult executionId="d8dfa585-dc01-4dc1-b61b-075415c04f79" testId="29f0136c-6b94-67a3-1d98-7e9ef56e0b01" testName="grabarMensajeTest" computerName="DIEGO-PC" duration="00:00:00.0400305" startTime="2012-12-13T22:11:57.7732905-03:00" endTime="2012-12-13T22:11:57.8192932-03:00" testType="13cdc9d9-ddb5-4fa4-a97d-d965ccfc6d4b" outcome="Passed" testListId="8c84fa94-04c1-424b-9868-57a2d4851a1d" relativeResultsDirectory="d8dfa585-dc01-4dc1-b61b-075415c04f79">
      <Output>
        <StdOut>Save/Update: SELECT  ISNULL(MAX(id_conversacion + 1),1) from Conversacion
Save/Update: INSERT INTO Conversacion (id_conversacion, remitente, destinatario) VALUES (3 , 2 , 1 ); UPDATE mensaje SET borrado=1 WHERE id_conversacion=3  ; 
Save/Update: select * from Conversacion WHERE  Conversacion.remitente=2  AND  Conversacion.destinatario=1  ; select * from mensaje WHERE borrado = 0
Save/Update: DELETE Conversacion WHERE id_conversacion=3  
Save/Update: update mensaje set borrado=0</StdOut>
      </Output>
    </UnitTestResult>
    <UnitTestResult executionId="9e908916-6285-481d-909c-2bf976fec14d" testId="2a172fd5-1ba6-de08-de7a-3705a01c8b9d" testName="listarConversacionesPorUsuarioTest" computerName="DIEGO-PC" duration="00:00:00.0069468" startTime="2012-12-13T22:11:57.8212933-03:00" endTime="2012-12-13T22:11:57.8352941-03:00" testType="13cdc9d9-ddb5-4fa4-a97d-d965ccfc6d4b" outcome="Passed" testListId="8c84fa94-04c1-424b-9868-57a2d4851a1d" relativeResultsDirectory="9e908916-6285-481d-909c-2bf976fec14d">
      <Output>
        <StdOut>Save/Update: select * from Conversacion WHERE  Conversacion.remitente=1  ; select * from mensaje WHERE borrado = 0
Save/Update: select * from Conversacion WHERE  Conversacion.destinatario=1  ; select * from mensaje WHERE borrado = 0
Save/Update: select * from Usuario WHERE  Usuario.usuarioID=1  ; select * from JoinUsuarioToFamilia; select * from JoinPatenteToUsuario
Save/Update: select * from Usuario WHERE  Usuario.usuarioID=2  ; select * from JoinUsuarioToFamilia; select * from JoinPatenteToUsuario
Save/Update: select * from Mensaje WHERE  Mensaje.id_conversacion=1</StdOut>
      </Output>
    </UnitTestResult>
    <UnitTestResult executionId="54f32b61-089b-4130-80c9-ce5926def2c5" testId="2a2fd5ee-0dc7-50c0-f1c8-c482f09c9964" testName="listarMaquinasTest" computerName="DIEGO-PC" duration="00:00:00.0081578" startTime="2012-12-13T22:11:57.8372942-03:00" endTime="2012-12-13T22:11:57.8512950-03:00" testType="13cdc9d9-ddb5-4fa4-a97d-d965ccfc6d4b" outcome="Passed" testListId="8c84fa94-04c1-424b-9868-57a2d4851a1d" relativeResultsDirectory="54f32b61-089b-4130-80c9-ce5926def2c5">
      <Output>
        <StdOut>Save/Update: select * from Maquina; select * from JoinMaquinaToTipoPrenda
Save/Update: select * from TipoPrenda WHERE  TipoPrenda.tipo_prenda=1  
Save/Update: select * from TipoPrenda WHERE  TipoPrenda.tipo_prenda=2  
Save/Update: select * from TipoPrenda WHERE  TipoPrenda.tipo_prenda=3  
Save/Update: select * from TipoPrenda WHERE  TipoPrenda.tipo_prenda=1  
Save/Update: select * from TipoPrenda WHERE  TipoPrenda.tipo_prenda=2  
Save/Update: select * from TipoPrenda WHERE  TipoPrenda.tipo_prenda=3  
Save/Update: select * from TipoPrenda WHERE  TipoPrenda.tipo_prenda=1  
Save/Update: select * from TipoPrenda WHERE  TipoPrenda.tipo_prenda=2  
Save/Update: select * from TipoPrenda WHERE  TipoPrenda.tipo_prenda=3  
Save/Update: DELETE JoinMaquinaToTipoPrenda where cod_maquina=4  ; ;DELETE Maquina WHERE cod_maquina=4  
Save/Update: delete from JoinMaquinaToTipoPrenda where cod_maquina=4</StdOut>
      </Output>
    </UnitTestResult>
    <UnitTestResult executionId="310e260e-303c-4e33-88ed-0d691ad07ad0" testId="2ae7b1af-8597-a3ce-277b-0dc18037e21f" testName="listarInsumosPorTipoTest" computerName="DIEGO-PC" duration="00:00:00.0165882" startTime="2012-12-13T22:11:57.8522951-03:00" endTime="2012-12-13T22:11:57.8752964-03:00" testType="13cdc9d9-ddb5-4fa4-a97d-d965ccfc6d4b" outcome="Passed" testListId="8c84fa94-04c1-424b-9868-57a2d4851a1d" relativeResultsDirectory="310e260e-303c-4e33-88ed-0d691ad07ad0">
      <Output>
        <StdOut>Save/Update: select * from insumo WHERE  insumo.id_tipo_insumo=1  
Save/Update: select * from tipoInsumo WHERE  tipoInsumo.tipo_insumo=1  
Save/Update: select * from color WHERE  color.codigo_color=1  
Save/Update: select * from MovimientosStock WHERE  MovimientosStock.cod_insumo=1  
Save/Update: select * from tipoInsumo WHERE  tipoInsumo.tipo_insumo=1  
Save/Update: select * from color WHERE  color.codigo_color=2  
Save/Update: select * from MovimientosStock WHERE  MovimientosStock.cod_insumo=2  
Save/Update: select * from tipoInsumo WHERE  tipoInsumo.tipo_insumo=1  
Save/Update: select * from color WHERE  color.codigo_color=3  
Save/Update: select * from MovimientosStock WHERE  MovimientosStock.cod_insumo=3  
Save/Update: select * from tipoInsumo WHERE  tipoInsumo.tipo_insumo=1  
Save/Update: select * from color WHERE  color.codigo_color=4  
Save/Update: select * from MovimientosStock WHERE  MovimientosStock.cod_insumo=4  
Save/Update: select * from insumo WHERE  insumo.cod_insumo=1  
Save/Update: select * from tipoInsumo WHERE  tipoInsumo.tipo_insumo=1  
Save/Update: select * from color WHERE  color.codigo_color=1  
Save/Update: select * from MovimientosStock WHERE  MovimientosStock.cod_insumo=1  
Save/Update: select * from insumo WHERE  insumo.cod_insumo=2  
Save/Update: select * from tipoInsumo WHERE  tipoInsumo.tipo_insumo=1  
Save/Update: select * from color WHERE  color.codigo_color=2  
Save/Update: select * from MovimientosStock WHERE  MovimientosStock.cod_insumo=2  
Save/Update: select * from insumo WHERE  insumo.cod_insumo=1  
Save/Update: select * from tipoInsumo WHERE  tipoInsumo.tipo_insumo=1  
Save/Update: select * from color WHERE  color.codigo_color=1  
Save/Update: select * from MovimientosStock WHERE  MovimientosStock.cod_insumo=1  
Save/Update: UPDATE insumo SET nombre='nombre1', id_tipo_insumo=1 , color=1 , detalle='detalle1', costo=1, cantidadActual=1  WHERE cod_insumo=1  ; 
Save/Update: select * from insumo WHERE  insumo.cod_insumo=2  
Save/Update: select * from tipoInsumo WHERE  tipoInsumo.tipo_insumo=1  
Save/Update: select * from color WHERE  color.codigo_color=2  
Save/Update: select * from MovimientosStock WHERE  MovimientosStock.cod_insumo=2  
Save/Update: UPDATE insumo SET nombre='nombre2', id_tipo_insumo=1 , color=2 , detalle='detalle2', costo=1, cantidadActual=2  WHERE cod_insumo=2  ; 
Save/Update: delete from MovimientosStock where cod_insumo &gt; 2 or (cod_insumo = 1 AND nro_movimiento &gt; 2) or (cod_insumo = 2 AND nro_movimiento &gt; 1)
Save/Update: DELETE MovimientosStock WHERE nro_movimiento=1  AND cod_insumo=5  
Save/Update: DELETE MovimientosStock WHERE nro_movimiento=2  AND cod_insumo=5  
Save/Update: DELETE insumo WHERE cod_insumo=5</StdOut>
      </Output>
    </UnitTestResult>
    <UnitTestResult executionId="31de311c-eec8-4403-b296-6ffd810c4482" testId="2b495ffb-2b2e-0cf5-2875-0685d0724d3c" testName="listarOrdenDeComprasPorIdTest" computerName="DIEGO-PC" duration="00:00:00.0088520" startTime="2012-12-13T22:11:57.8772965-03:00" endTime="2012-12-13T22:11:57.8972976-03:00" testType="13cdc9d9-ddb5-4fa4-a97d-d965ccfc6d4b" outcome="Passed" testListId="8c84fa94-04c1-424b-9868-57a2d4851a1d" relativeResultsDirectory="31de311c-eec8-4403-b296-6ffd810c4482">
      <Output>
        <StdOut>Save/Update: select * from OrdenDeCompra WHERE  OrdenDeCompra.nro_orden_compra=1  AND  OrdenDeCompra.nro_sucursal=1  AND  OrdenDeCompra.tipo_orden_compra='A' ; select * from documento_movimiento; select * from LineaOrdenDeCompra WHERE borrado = 0
Save/Update: select * from LineaOrdenDeCompra WHERE  LineaOrdenDeCompra.nro_orden_compra=1  AND  LineaOrdenDeCompra.tipo_orden_compra='A' AND  LineaOrdenDeCompra.nro_sucursal=1  
Save/Update: select * from insumo WHERE  insumo.cod_insumo=1  
Save/Update: select * from insumo WHERE  insumo.cod_insumo=2  
Save/Update: select * from Proveedor WHERE  Proveedor.id_proveedor=1  
Save/Update: select * from MovimientosCuenta JOIN documento_movimiento AS documento ON MovimientosCuenta.nro_movimiento=documento.nro_movimiento JOIN proveedor_movimientos AS proveedor ON MovimientosCuenta.nro_movimiento=proveedor.nro_movimiento WHERE documento.nro_Doc=3  AND proveedor.id_proveedor IS NOT  NULL ; select * from proveedor_movimientos; select * from documento_movimiento
Save/Update: DELETE LineaOrdenDeCompra WHERE nro_orden_compra=2  AND nro_sucursal=1  AND tipo_orden_compra='A' AND nro_linea=1  
Save/Update: DELETE LineaOrdenDeCompra WHERE nro_orden_compra=2  AND nro_sucursal=1  AND tipo_orden_compra='A' AND nro_linea=2  
Save/Update: DELETE proveedor_movimientos where nro_movimiento=4  ; DELETE documento_movimiento where nro_movimiento=4  ; ;DELETE MovimientosCuenta WHERE nro_movimiento=4  
Save/Update: DELETE FROM OrdenDeCompra WHERE nro_Doc =5
Save/Update: delete documento where nro_doc=5</StdOut>
      </Output>
    </UnitTestResult>
    <UnitTestResult executionId="9f4aa46c-545f-4b96-93ec-120d84196a95" testId="2bbea6cc-d32e-272a-1a5e-81a0cec727a7" testName="listarFacturaPorMovimientoTest" computerName="DIEGO-PC" duration="00:00:00.0112514" startTime="2012-12-13T22:11:57.8992978-03:00" endTime="2012-12-13T22:11:57.9182988-03:00" testType="13cdc9d9-ddb5-4fa4-a97d-d965ccfc6d4b" outcome="Passed" testListId="8c84fa94-04c1-424b-9868-57a2d4851a1d" relativeResultsDirectory="9f4aa46c-545f-4b96-93ec-120d84196a95">
      <Output>
        <StdOut>Save/Update: select * from Factura WHERE  Factura.nro_Doc=1  ; select * from documento_movimiento; select * from LineaFactura WHERE borrado = 0
Save/Update: select * from LineaFactura WHERE  LineaFactura.nro_factura=1  AND  LineaFactura.tipo_factura='A' AND  LineaFactura.nro_sucursal=1  
Save/Update: select * from Articulos WHERE  Articulos.cod_articulo=1  ; select * from lista_precios WHERE borrado = 0
Save/Update: select * from Articulos WHERE  Articulos.cod_articulo=2  ; select * from lista_precios WHERE borrado = 0
Save/Update: select * from Cliente WHERE  Cliente.id_cliente=1  ; select * from cliente_movimientos; select * from Pedido WHERE borrado = 0; select * from Factura WHERE borrado = 0; select * from Diseño WHERE borrado = 0
Save/Update: select * from Usuario WHERE  Usuario.usuarioID=1  ; select * from JoinUsuarioToFamilia; select * from JoinPatenteToUsuario
Save/Update: select * from MovimientosCuenta JOIN documento_movimiento AS documento ON MovimientosCuenta.nro_movimiento=documento.nro_movimiento JOIN cliente_movimientos AS cliente ON MovimientosCuenta.nro_movimiento=cliente.nro_movimiento WHERE documento.nro_Doc=1  AND cliente.id_cliente IS NOT  NULL ; select * from cliente_movimientos; select * from documento_movimiento
Save/Update: DELETE LineaFactura WHERE nro_factura=2  AND nro_sucursal=1  AND tipo_factura='A' AND nro_linea=1  
Save/Update: DELETE LineaFactura WHERE nro_factura=2  AND nro_sucursal=1  AND tipo_factura='A' AND nro_linea=2  
Save/Update: DELETE cliente_movimientos where nro_movimiento=4  ; DELETE documento_movimiento where nro_movimiento=4  ; ;DELETE MovimientosCuenta WHERE nro_movimiento=4  
Save/Update: DELETE FROM Factura WHERE nro_Doc =5
Save/Update: delete documento where nro_doc=5</StdOut>
      </Output>
    </UnitTestResult>
    <UnitTestResult executionId="e9e75c26-5165-41d9-b1e4-b0a1b5b98e06" testId="2c93c645-adc5-bb40-79d7-b39e8ca0fa8c" testName="cargarFamiliasPorIdTest" computerName="DIEGO-PC" duration="00:00:00.0028916" startTime="2012-12-13T22:11:57.9192989-03:00" endTime="2012-12-13T22:11:57.9282994-03:00" testType="13cdc9d9-ddb5-4fa4-a97d-d965ccfc6d4b" outcome="Passed" testListId="8c84fa94-04c1-424b-9868-57a2d4851a1d" relativeResultsDirectory="e9e75c26-5165-41d9-b1e4-b0a1b5b98e06">
      <Output>
        <StdOut>Save/Update: select * from Familia WHERE  Familia.familiaID=6  ; select * from JoinFamiliaToPatente</StdOut>
      </Output>
    </UnitTestResult>
    <UnitTestResult executionId="35e2c153-6f0c-4ed2-b852-1f067e039251" testId="2dd0d705-2d7c-e989-e9d2-1892c8b66262" testName="cargarMensajePorUsuariosTest" computerName="DIEGO-PC" duration="00:00:00.0036244" startTime="2012-12-13T22:11:57.9302995-03:00" endTime="2012-12-13T22:11:57.9393000-03:00" testType="13cdc9d9-ddb5-4fa4-a97d-d965ccfc6d4b" outcome="Passed" testListId="8c84fa94-04c1-424b-9868-57a2d4851a1d" relativeResultsDirectory="35e2c153-6f0c-4ed2-b852-1f067e039251">
      <Output>
        <StdOut>Save/Update: select * from Conversacion WHERE  Conversacion.remitente=1  AND  Conversacion.destinatario=2  ; select * from mensaje WHERE borrado = 0
Save/Update: DELETE Conversacion WHERE id_conversacion=3  
Save/Update: update mensaje set borrado=0</StdOut>
      </Output>
    </UnitTestResult>
    <UnitTestResult executionId="8c1e127a-9c76-4fc0-856e-4cb17102603a" testId="2e92c0a7-eb38-f9b0-56bc-708e3a1e95b2" testName="listarProduccionPorEstadoTest" computerName="DIEGO-PC" duration="00:00:00.0127853" startTime="2012-12-13T22:11:57.9413002-03:00" endTime="2012-12-13T22:11:57.9603012-03:00" testType="13cdc9d9-ddb5-4fa4-a97d-d965ccfc6d4b" outcome="Passed" testListId="8c84fa94-04c1-424b-9868-57a2d4851a1d" relativeResultsDirectory="8c1e127a-9c76-4fc0-856e-4cb17102603a">
      <Output>
        <StdOut>Save/Update: select * from produccion WHERE  produccion.estadoActual=3  ; select * from historico_estados_produccion WHERE borrado = 0
Save/Update: select * from Pedido WHERE  Pedido.cod_pedido=1  ; select * from produccion WHERE borrado = 0; select * from historico_estados_pedido WHERE borrado = 0
Save/Update: select * from Maquina WHERE  Maquina.cod_maquina=1  ; select * from JoinMaquinaToTipoPrenda
Save/Update: select * from Articulos WHERE  Articulos.cod_articulo=1  ; select * from lista_precios WHERE borrado = 0
Save/Update: select * from EstadoTrabajos WHERE  EstadoTrabajos.cod_estado=3  
Save/Update: select * from historico_estados_produccion WHERE  historico_estados_produccion.cod_produccion=1  
Save/Update: select * from produccion_operador WHERE  produccion_operador.cod_prodcuccion=1  
Save/Update: DELETE produccion_operador WHERE id_operador=2  AND cod_prodcuccion=7  
Save/Update: DELETE historico_estados_produccion WHERE nro_estado=1  AND cod_produccion=7  
Save/Update: DELETE historico_estados_produccion WHERE nro_estado=2  AND cod_produccion=7  
Save/Update: DELETE produccion WHERE cod_produccion=7</StdOut>
      </Output>
    </UnitTestResult>
    <UnitTestResult executionId="08f7f2cb-d781-4616-9b62-ca1115ab9568" testId="2ecef026-d4ff-850b-2022-72b81bdf2047" testName="grabarProduccionTest" computerName="DIEGO-PC" duration="00:00:00.0102564" startTime="2012-12-13T22:11:57.9643015-03:00" endTime="2012-12-13T22:11:57.9803024-03:00" testType="13cdc9d9-ddb5-4fa4-a97d-d965ccfc6d4b" outcome="Passed" testListId="8c84fa94-04c1-424b-9868-57a2d4851a1d" relativeResultsDirectory="08f7f2cb-d781-4616-9b62-ca1115ab9568">
      <Output>
        <StdOut>Save/Update: SELECT  ISNULL(MAX(cod_produccion + 1),1) from produccion
Save/Update: INSERT INTO produccion (cod_produccion, comentario, cod_pedido, cod_maquina, cod_articulo, cantidad, estadoActual, utilizacion, fechaInicio, fechaFinal, borrado) VALUES (7 , 'com test', 3 , 3 , 3 , 10 , 1 , 1,  CAST('09/10/2012 10:00:00.000'  AS DateTime),  CAST('09/10/2012 14:00:00.000'  AS DateTime), 0 ); UPDATE historico_estados_produccion SET borrado=1 WHERE cod_produccion=7  ; 
Save/Update: SELECT  ISNULL(MAX(nro_estado + 1),1) from historico_estados_produccion WHERE cod_produccion=7
Save/Update: INSERT INTO historico_estados_produccion (nro_estado, comentario, cod_produccion, fechaDesde, fechaHasta, estado, borrado) VALUES (1 , 'com test', 7 ,  CAST('13/12/2012 22:11:57.968'  AS DateTime),  NULL , 1 , 0 ); 
Save/Update: select * from produccion WHERE  produccion.cod_produccion=7  ; select * from historico_estados_produccion WHERE borrado = 0
Save/Update: select * from Pedido WHERE  Pedido.cod_pedido=3  ; select * from produccion WHERE borrado = 0; select * from historico_estados_pedido WHERE borrado = 0
Save/Update: select * from Maquina WHERE  Maquina.cod_maquina=3  ; select * from JoinMaquinaToTipoPrenda
Save/Update: select * from Articulos WHERE  Articulos.cod_articulo=3  ; select * from lista_precios WHERE borrado = 0
Save/Update: select * from EstadoTrabajos WHERE  EstadoTrabajos.cod_estado=1  
Save/Update: select * from historico_estados_produccion WHERE  historico_estados_produccion.cod_produccion=7  
Save/Update: select * from produccion_operador WHERE  produccion_operador.cod_prodcuccion=7  
Save/Update: DELETE produccion_operador WHERE id_operador=2  AND cod_prodcuccion=7  
Save/Update: DELETE historico_estados_produccion WHERE nro_estado=1  AND cod_produccion=7  
Save/Update: DELETE historico_estados_produccion WHERE nro_estado=2  AND cod_produccion=7  
Save/Update: DELETE produccion WHERE cod_produccion=7</StdOut>
      </Output>
    </UnitTestResult>
    <UnitTestResult executionId="94db2c1a-5d31-4353-8315-fdc55c19a859" testId="2f3865ce-701f-5035-c928-beb5bf354e66" testName="grabarClienteTest" computerName="DIEGO-PC" duration="00:00:00.0313536" startTime="2012-12-13T22:11:57.9813024-03:00" endTime="2012-12-13T22:11:58.0193046-03:00" testType="13cdc9d9-ddb5-4fa4-a97d-d965ccfc6d4b" outcome="Passed" testListId="8c84fa94-04c1-424b-9868-57a2d4851a1d" relativeResultsDirectory="94db2c1a-5d31-4353-8315-fdc55c19a859">
      <Output>
        <StdOut>Save/Update: SELECT  ISNULL(MAX(usuarioID + 1),1) from Usuario
Save/Update: INSERT INTO Usuario (usuarioID, nombre, apellido, mail, password, telefonoFijo, telefonoMovil, bloqueado) VALUES (6 , 'nombre6', 'apellido6', 'mail6@test.com', '559D55197310', '6666-6666', '6666-6666', 0 ); DELETE JoinUsuarioToFamilia where usuarioID=6  ;  INSERT INTO JoinUsuarioToFamilia ( usuarioID, familiaID) VALUES ( 6 , 5 ); DELETE JoinPatenteToUsuario where usuarioID=6  ;  INSERT INTO JoinPatenteToUsuario ( usuarioID, patenteId) VALUES ( 6 , 3 ); 
Save/Update: SELECT  ISNULL(MAX(id_cliente + 1),1) from Cliente
Save/Update: INSERT INTO Cliente (id_cliente, habitadoTurnos, usuarioID, newsletter) VALUES (3 , 0 , 6 , 1 ); UPDATE Pedido SET borrado=1 WHERE id_cliente=3  ; UPDATE Factura SET borrado=1 WHERE id_cliente=3  ; UPDATE Diseño SET borrado=1 WHERE id_cliente=3  ; 
Save/Update: select * from Cliente WHERE  Cliente.id_cliente=3  ; select * from cliente_movimientos; select * from Pedido WHERE borrado = 0; select * from Factura WHERE borrado = 0; select * from Diseño WHERE borrado = 0
Save/Update: select * from Usuario WHERE  Usuario.usuarioID=6  ; select * from JoinUsuarioToFamilia; select * from JoinPatenteToUsuario
Save/Update: select * from Familia JOIN JoinUsuarioToFamilia AS usuarios ON Familia.familiaID=usuarios.familiaID WHERE usuarios.usuarioID=6  ; select * from JoinFamiliaToPatente
Save/Update: select * from Patente JOIN JoinFamiliaToPatente AS familia ON Patente.patenteId=familia.patenteId WHERE familia.familiaID=5  
Save/Update: select * from Patente JOIN JoinPatenteToUsuario AS usuario ON Patente.patenteId=usuario.patenteId WHERE usuario.usuarioID=6  
Save/Update: select * from Cliente WHERE  Cliente.usuarioID=6  ; select * from cliente_movimientos; select * from Pedido WHERE borrado = 0; select * from Factura WHERE borrado = 0; select * from Diseño WHERE borrado = 0
Save/Update: select * from Diseño WHERE  Diseño.id_cliente=6  ; select * from historico_estados_diseño WHERE borrado = 0
Save/Update: select * from Factura WHERE  Factura.id_cliente=6  ; select * from documento_movimiento; select * from LineaFactura WHERE borrado = 0
Save/Update: select * from Pedido WHERE  Pedido.id_cliente=6  ; select * from produccion WHERE borrado = 0; select * from historico_estados_pedido WHERE borrado = 0
Save/Update: select * from MovimientosCuenta JOIN cliente_movimientos AS cliente ON MovimientosCuenta.nro_movimiento=cliente.nro_movimiento WHERE cliente.id_cliente=6  AND cliente.id_cliente IS NOT  NULL ; select * from cliente_movimientos; select * from documento_movimiento
Save/Update: DELETE cliente_movimientos where id_cliente=3  ; ;DELETE Cliente WHERE id_cliente=3  
Save/Update: DELETE JoinUsuarioToFamilia where usuarioID=6  ; DELETE JoinPatenteToUsuario where usuarioID=6  ; ;DELETE Usuario WHERE usuarioID=6  
Save/Update: UPDATE Usuario SET nombre='nombre1', apellido='apellido1', mail='mail1@test.com', password='11C8', telefonoFijo='1111-1111', telefonoMovil='1111-1111', bloqueado=0  WHERE usuarioID=1  ; DELETE JoinUsuarioToFamilia where usuarioID=1  ; DELETE JoinPatenteToUsuario where usuarioID=1  ; 
Save/Update: UPDATE Cliente SET habitadoTurnos=1 , newsletter=0  WHERE id_cliente=1  ; UPDATE Pedido SET borrado=1 WHERE id_cliente=1  ; UPDATE Factura SET borrado=1 WHERE id_cliente=1  ; UPDATE Diseño SET borrado=1 WHERE id_cliente=1  ; 
Save/Update:  UPDATE factura set borrado = 0 
Save/Update:  UPDATE diseño set borrado = 0 
Save/Update:  UPDATE pedido set borrado = 0 
Save/Update:  Insert into JoinPatenteToUsuario values (1,1)</StdOut>
      </Output>
    </UnitTestResult>
    <UnitTestResult executionId="354b2293-75a9-4313-b177-1114440585e2" testId="2f942134-eb39-049b-9e6e-2f42e91a8a19" testName="borrarMaquinasTest" computerName="DIEGO-PC" duration="00:00:00.0062126" startTime="2012-12-13T22:11:58.0213047-03:00" endTime="2012-12-13T22:11:58.0333054-03:00" testType="13cdc9d9-ddb5-4fa4-a97d-d965ccfc6d4b" outcome="Passed" testListId="8c84fa94-04c1-424b-9868-57a2d4851a1d" relativeResultsDirectory="354b2293-75a9-4313-b177-1114440585e2">
      <Output>
        <StdOut>Save/Update: SELECT  ISNULL(MAX(cod_maquina + 1),1) from Maquina
Save/Update: INSERT INTO Maquina (cod_maquina, altoMargen, anchoMargen, cabezales, nombre, velocidadPromedio, cantidadColores) VALUES (4 , 100 , 200 , 12 , 'nombre nuevo', 1000 , 12 ); DELETE JoinMaquinaToTipoPrenda where cod_maquina=4  ; 
Save/Update: select * from Maquina WHERE  Maquina.cod_maquina=4  ; select * from JoinMaquinaToTipoPrenda
Save/Update: DELETE JoinMaquinaToTipoPrenda where cod_maquina=4  ; ;DELETE Maquina WHERE cod_maquina=4  
Save/Update: select * from Maquina WHERE  Maquina.cod_maquina=4  ; select * from JoinMaquinaToTipoPrenda
Save/Update: DELETE JoinMaquinaToTipoPrenda where cod_maquina=4  ; ;DELETE Maquina WHERE cod_maquina=4</StdOut>
      </Output>
    </UnitTestResult>
    <UnitTestResult executionId="df71a448-912e-481a-9e52-7df5d932b56a" testId="2ff4ab24-8ba8-c855-2fbb-5316fd166e9f" testName="listarInsumosPorColorTest" computerName="DIEGO-PC" duration="00:00:00.0057892" startTime="2012-12-13T22:11:58.0353055-03:00" endTime="2012-12-13T22:11:58.0473062-03:00" testType="13cdc9d9-ddb5-4fa4-a97d-d965ccfc6d4b" outcome="Passed" testListId="8c84fa94-04c1-424b-9868-57a2d4851a1d" relativeResultsDirectory="df71a448-912e-481a-9e52-7df5d932b56a">
      <Output>
        <StdOut>Save/Update: select * from insumo WHERE  insumo.color=1  
Save/Update: select * from tipoInsumo WHERE  tipoInsumo.tipo_insumo=1  
Save/Update: select * from color WHERE  color.codigo_color=1  
Save/Update: select * from MovimientosStock WHERE  MovimientosStock.cod_insumo=1  
Save/Update: DELETE MovimientosStock WHERE nro_movimiento=1  AND cod_insumo=5  
Save/Update: DELETE MovimientosStock WHERE nro_movimiento=2  AND cod_insumo=5  
Save/Update: DELETE insumo WHERE cod_insumo=5</StdOut>
      </Output>
    </UnitTestResult>
    <UnitTestResult executionId="a09bdbf0-9f04-4f3f-a6d7-3401c5f7c1f6" testId="3022c4e6-888b-2dda-b879-e60c04b5e600" testName="cargarOrdenConRestriccionesTest" computerName="DIEGO-PC" duration="00:00:00.0118827" startTime="2012-12-13T22:11:58.0493063-03:00" endTime="2012-12-13T22:11:58.0673074-03:00" testType="13cdc9d9-ddb5-4fa4-a97d-d965ccfc6d4b" outcome="Passed" testListId="8c84fa94-04c1-424b-9868-57a2d4851a1d" relativeResultsDirectory="a09bdbf0-9f04-4f3f-a6d7-3401c5f7c1f6">
      <Output>
        <StdOut>Save/Update: select * from OrdenDeCompra WHERE  OrdenDeCompra.borrado=0  AND  OrdenDeCompra.id_proveedor=1  AND  OrdenDeCompra.fecha= CAST('11/11/2011 00:00:00.000'  AS DateTime) AND  OrdenDeCompra.iva=11 AND  OrdenDeCompra.nro_Doc=3  AND  OrdenDeCompra.nro_orden_compra=1  AND  OrdenDeCompra.nro_sucursal=1  AND  OrdenDeCompra.tipo_orden_compra='A' ; select * from documento_movimiento; select * from LineaOrdenDeCompra WHERE borrado = 0
Save/Update: delete OrdenDeCompra where nro_doc=5
Save/Update: delete documento where nro_doc=5</StdOut>
      </Output>
    </UnitTestResult>
    <UnitTestResult executionId="972365bd-38d4-4460-822a-de3c6b0da824" testId="302f391e-539b-a40e-3606-007f4a4a5dfd" testName="cargarLineasFacturaTest" computerName="DIEGO-PC" duration="00:00:00.0031357" startTime="2012-12-13T22:11:58.0693075-03:00" endTime="2012-12-13T22:11:58.0793080-03:00" testType="13cdc9d9-ddb5-4fa4-a97d-d965ccfc6d4b" outcome="Passed" testListId="8c84fa94-04c1-424b-9868-57a2d4851a1d" relativeResultsDirectory="972365bd-38d4-4460-822a-de3c6b0da824">
      <Output>
        <StdOut>Save/Update: select * from LineaFactura</StdOut>
      </Output>
    </UnitTestResult>
    <UnitTestResult executionId="8deb5e9e-f3c2-469b-a0e4-debabacd3771" testId="3222f04f-3bb8-b915-7622-11e1c846763f" testName="listarProduccionConRestriccionesTest" computerName="DIEGO-PC" duration="00:00:00.0094286" startTime="2012-12-13T22:11:58.0833083-03:00" endTime="2012-12-13T22:11:58.0983091-03:00" testType="13cdc9d9-ddb5-4fa4-a97d-d965ccfc6d4b" outcome="Passed" testListId="8c84fa94-04c1-424b-9868-57a2d4851a1d" relativeResultsDirectory="8deb5e9e-f3c2-469b-a0e4-debabacd3771">
      <Output>
        <StdOut>Save/Update: select * from produccion WHERE  produccion.fechaInicio&gt;= CAST('09/10/2012 09:00:00.000'  AS DateTime) AND  produccion.fechaInicio&lt;= CAST('09/10/2012 14:00:00.000'  AS DateTime) AND  produccion.fechaFinal&gt;= CAST('09/10/2012 12:00:00.000'  AS DateTime) AND  produccion.fechaFinal&lt;= CAST('09/10/2012 14:00:00.000'  AS DateTime) ; select * from historico_estados_produccion WHERE borrado = 0
Save/Update: select * from Pedido WHERE  Pedido.cod_pedido=1  ; select * from produccion WHERE borrado = 0; select * from historico_estados_pedido WHERE borrado = 0
Save/Update: select * from Maquina WHERE  Maquina.cod_maquina=1  ; select * from JoinMaquinaToTipoPrenda
Save/Update: select * from Articulos WHERE  Articulos.cod_articulo=1  ; select * from lista_precios WHERE borrado = 0
Save/Update: select * from EstadoTrabajos WHERE  EstadoTrabajos.cod_estado=3  
Save/Update: select * from historico_estados_produccion WHERE  historico_estados_produccion.cod_produccion=1  
Save/Update: select * from produccion_operador WHERE  produccion_operador.cod_prodcuccion=1  
Save/Update: DELETE produccion_operador WHERE id_operador=2  AND cod_prodcuccion=7  
Save/Update: DELETE historico_estados_produccion WHERE nro_estado=1  AND cod_produccion=7  
Save/Update: DELETE historico_estados_produccion WHERE nro_estado=2  AND cod_produccion=7  
Save/Update: DELETE produccion WHERE cod_produccion=7</StdOut>
      </Output>
    </UnitTestResult>
    <UnitTestResult executionId="b1a7d3ca-798b-45fe-9e06-326c105b475b" testId="3323acf7-8dc7-360e-f0a1-c4a2fbb9a91e" testName="listarMensajesTest" computerName="DIEGO-PC" duration="00:00:00.0031221" startTime="2012-12-13T22:11:58.1003092-03:00" endTime="2012-12-13T22:11:58.1103098-03:00" testType="13cdc9d9-ddb5-4fa4-a97d-d965ccfc6d4b" outcome="Passed" testListId="8c84fa94-04c1-424b-9868-57a2d4851a1d" relativeResultsDirectory="b1a7d3ca-798b-45fe-9e06-326c105b475b">
      <Output>
        <StdOut>Save/Update: select * from Mensaje</StdOut>
      </Output>
    </UnitTestResult>
    <UnitTestResult executionId="16892d5e-a1bd-42f6-9df0-20e459da83ca" testId="33cb7b57-1952-56c9-afdf-65517595c4dd" testName="guardarFamiliaTest" computerName="DIEGO-PC" duration="00:00:00.0144175" startTime="2012-12-13T22:11:58.1143101-03:00" endTime="2012-12-13T22:11:58.1353113-03:00" testType="13cdc9d9-ddb5-4fa4-a97d-d965ccfc6d4b" outcome="Passed" testListId="8c84fa94-04c1-424b-9868-57a2d4851a1d" relativeResultsDirectory="16892d5e-a1bd-42f6-9df0-20e459da83ca">
      <Output>
        <StdOut>Save/Update: INSERT INTO Familia (familiaID, descripcion, nombre) VALUES (7 , 'familia test', 'test'); DELETE JoinFamiliaToPatente where familiaID=7  ;  INSERT INTO JoinFamiliaToPatente ( familiaID, patenteId) VALUES ( 7 , 9 ); 
Save/Update: select * from Familia WHERE  Familia.nombre='test' ; select * from JoinFamiliaToPatente
Save/Update: select * from Patente JOIN JoinFamiliaToPatente AS familia ON Patente.patenteId=familia.patenteId WHERE familia.familiaID=7  
Save/Update: DELETE JoinFamiliaToPatente where familiaID=7  ; ;DELETE Familia WHERE familiaID=7</StdOut>
      </Output>
    </UnitTestResult>
    <UnitTestResult executionId="f526f73a-2b84-4207-aabe-b8c9c655fc36" testId="34308cfd-d506-0b0a-6562-a4e0e8e6e9f3" testName="buscarEstadosTest" computerName="DIEGO-PC" duration="00:00:00.0033767" startTime="2012-12-13T22:11:58.1383114-03:00" endTime="2012-12-13T22:11:58.1493121-03:00" testType="13cdc9d9-ddb5-4fa4-a97d-d965ccfc6d4b" outcome="Passed" testListId="8c84fa94-04c1-424b-9868-57a2d4851a1d" relativeResultsDirectory="f526f73a-2b84-4207-aabe-b8c9c655fc36">
      <Output>
        <StdOut>Save/Update: select * from EstadoPedido</StdOut>
      </Output>
    </UnitTestResult>
    <UnitTestResult executionId="c5980ea1-21d1-4631-bbdc-aa896573bf60" testId="353a1d2f-a022-ae0b-e495-9424c7779e0c" testName="listarArticulosTest" computerName="DIEGO-PC" duration="00:00:00.0122278" startTime="2012-12-13T22:11:58.1523122-03:00" endTime="2012-12-13T22:11:58.1713133-03:00" testType="13cdc9d9-ddb5-4fa4-a97d-d965ccfc6d4b" outcome="Passed" testListId="8c84fa94-04c1-424b-9868-57a2d4851a1d" relativeResultsDirectory="c5980ea1-21d1-4631-bbdc-aa896573bf60">
      <Output>
        <StdOut>Save/Update: select * from Articulos WHERE  Articulos.borrado=0  ; select * from lista_precios WHERE borrado = 0
Save/Update: select * from lista_precios WHERE  lista_precios.cod_articulo=1  
Save/Update: select * from TipoPrenda WHERE  TipoPrenda.tipo_prenda=1  
Save/Update: select * from Diseño WHERE  Diseño.cod_diseño=1  ; select * from historico_estados_diseño WHERE borrado = 0
Save/Update: select * from lista_precios WHERE  lista_precios.cod_articulo=2  
Save/Update: select * from TipoPrenda WHERE  TipoPrenda.tipo_prenda=2  
Save/Update: select * from Diseño WHERE  Diseño.cod_diseño=2  ; select * from historico_estados_diseño WHERE borrado = 0
Save/Update: select * from lista_precios WHERE  lista_precios.cod_articulo=3  
Save/Update: select * from TipoPrenda WHERE  TipoPrenda.tipo_prenda=2  
Save/Update: select * from Diseño WHERE  Diseño.cod_diseño=1  ; select * from historico_estados_diseño WHERE borrado = 0
Save/Update: DELETE lista_precios WHERE nro_lista=1  AND cod_articulo=4  
Save/Update: DELETE lista_precios WHERE nro_lista=2  AND cod_articulo=4  
Save/Update: DELETE Articulos WHERE cod_articulo=4</StdOut>
      </Output>
    </UnitTestResult>
    <UnitTestResult executionId="6853d27d-9b90-4d7a-8cac-c9fd5044ce69" testId="364ee525-fb4e-4236-05f2-99b03bc282b2" testName="borrarUsuarioTest" computerName="DIEGO-PC" duration="00:00:00.0072316" startTime="2012-12-13T22:11:58.1743135-03:00" endTime="2012-12-13T22:11:58.1883143-03:00" testType="13cdc9d9-ddb5-4fa4-a97d-d965ccfc6d4b" outcome="Passed" testListId="8c84fa94-04c1-424b-9868-57a2d4851a1d" relativeResultsDirectory="6853d27d-9b90-4d7a-8cac-c9fd5044ce69">
      <Output>
        <StdOut>Save/Update: INSERT INTO Cliente (id_cliente, habitadoTurnos, usuarioID, newsletter) VALUES (3 , 0 , 3 , 0 ); UPDATE Pedido SET borrado=1 WHERE id_cliente=3  ; UPDATE Factura SET borrado=1 WHERE id_cliente=3  ; UPDATE Diseño SET borrado=1 WHERE id_cliente=3  ; 
Save/Update: select * from Cliente WHERE  Cliente.id_cliente=3  ; select * from cliente_movimientos; select * from Pedido WHERE borrado = 0; select * from Factura WHERE borrado = 0; select * from Diseño WHERE borrado = 0
Save/Update: DELETE cliente_movimientos where id_cliente=3  ; ;DELETE Cliente WHERE id_cliente=3  
Save/Update: select * from Cliente WHERE  Cliente.id_cliente=3  ; select * from cliente_movimientos; select * from Pedido WHERE borrado = 0; select * from Factura WHERE borrado = 0; select * from Diseño WHERE borrado = 0</StdOut>
      </Output>
    </UnitTestResult>
    <UnitTestResult executionId="07edda6e-92d0-4d70-8a29-1316a749aa0a" testId="36f9d5ec-47e1-6737-13d6-445eaa622ab8" testName="borrarNewsletterTest" computerName="DIEGO-PC" duration="00:00:00.0094666" startTime="2012-12-13T22:11:58.1913145-03:00" endTime="2012-12-13T22:11:58.2073154-03:00" testType="13cdc9d9-ddb5-4fa4-a97d-d965ccfc6d4b" outcome="Passed" testListId="8c84fa94-04c1-424b-9868-57a2d4851a1d" relativeResultsDirectory="07edda6e-92d0-4d70-8a29-1316a749aa0a">
      <Output>
        <StdOut>Save/Update: SELECT  ISNULL(MAX(id + 1),1) from newsletter
Save/Update: INSERT INTO newsletter (id, newsletter, nombre, enviado) VALUES (3 , 'html', 'news3', 0 ); 
Save/Update: select * from newsletter WHERE  newsletter.id=3  
Save/Update: DELETE newsletter WHERE id=3  
Save/Update: select * from newsletter WHERE  newsletter.id=3</StdOut>
      </Output>
    </UnitTestResult>
    <UnitTestResult executionId="7b10645d-deeb-4914-8ddc-4b5147abfd59" testId="371ae7d4-9804-8eea-7d23-86fbb28eb5e2" testName="calcularTimepoTrabajoTest3" computerName="DIEGO-PC" duration="00:00:00.0032258" startTime="2012-12-13T22:11:58.2093155-03:00" endTime="2012-12-13T22:11:58.2213162-03:00" testType="13cdc9d9-ddb5-4fa4-a97d-d965ccfc6d4b" outcome="Passed" testListId="8c84fa94-04c1-424b-9868-57a2d4851a1d" relativeResultsDirectory="7b10645d-deeb-4914-8ddc-4b5147abfd59">
      <Output>
        <StdOut>Save/Update: DELETE produccion_operador WHERE id_operador=2  AND cod_prodcuccion=7  
Save/Update: DELETE historico_estados_produccion WHERE nro_estado=1  AND cod_produccion=7  
Save/Update: DELETE historico_estados_produccion WHERE nro_estado=2  AND cod_produccion=7  
Save/Update: DELETE produccion WHERE cod_produccion=7</StdOut>
      </Output>
    </UnitTestResult>
    <UnitTestResult executionId="0cc038b7-741b-448e-9d0e-80d6c68a3a53" testId="375be106-944a-05c4-4975-c4a32afdccd6" testName="modificarDiseñoInsumoTest" computerName="DIEGO-PC" duration="00:00:00.0081179" startTime="2012-12-13T22:11:58.2243163-03:00" endTime="2012-12-13T22:11:58.2383171-03:00" testType="13cdc9d9-ddb5-4fa4-a97d-d965ccfc6d4b" outcome="Passed" testListId="8c84fa94-04c1-424b-9868-57a2d4851a1d" relativeResultsDirectory="0cc038b7-741b-448e-9d0e-80d6c68a3a53">
      <Output>
        <StdOut>Save/Update: INSERT INTO Diseño_insumos (cod_diseño, cod_insumo, cantidad) VALUES (2 , 1 , 5.5); 
Save/Update: select * from Diseño_insumos WHERE  Diseño_insumos.cod_diseño=2  AND  Diseño_insumos.cod_insumo=1  
Save/Update: UPDATE Diseño_insumos SET cantidad=15.5 WHERE cod_diseño=2  AND cod_insumo=1  ; 
Save/Update: select * from Diseño_insumos WHERE  Diseño_insumos.cod_diseño=2  AND  Diseño_insumos.cod_insumo=1  
Save/Update: DELETE Diseño_insumos WHERE cod_diseño=2  AND cod_insumo=1</StdOut>
      </Output>
    </UnitTestResult>
    <UnitTestResult executionId="cdba3ca0-4158-491f-892e-4e93874da7bc" testId="37b5db64-970d-c293-40fd-5d0b9fe33e03" testName="listarFacturaPorMovimientoTest" computerName="DIEGO-PC" duration="00:00:00.0123103" startTime="2012-12-13T22:11:58.2403173-03:00" endTime="2012-12-13T22:11:58.2613185-03:00" testType="13cdc9d9-ddb5-4fa4-a97d-d965ccfc6d4b" outcome="Passed" testListId="8c84fa94-04c1-424b-9868-57a2d4851a1d" relativeResultsDirectory="cdba3ca0-4158-491f-892e-4e93874da7bc">
      <Output>
        <StdOut>Save/Update: select * from Factura WHERE  Factura.nro_Doc=1  ; select * from documento_movimiento; select * from LineaFactura WHERE borrado = 0
Save/Update: select * from LineaFactura WHERE  LineaFactura.nro_factura=1  AND  LineaFactura.tipo_factura='A' AND  LineaFactura.nro_sucursal=1  
Save/Update: select * from Articulos WHERE  Articulos.cod_articulo=1  ; select * from lista_precios WHERE borrado = 0
Save/Update: select * from Articulos WHERE  Articulos.cod_articulo=2  ; select * from lista_precios WHERE borrado = 0
Save/Update: select * from Cliente WHERE  Cliente.id_cliente=1  ; select * from cliente_movimientos; select * from Pedido WHERE borrado = 0; select * from Factura WHERE borrado = 0; select * from Diseño WHERE borrado = 0
Save/Update: select * from Usuario WHERE  Usuario.usuarioID=1  ; select * from JoinUsuarioToFamilia; select * from JoinPatenteToUsuario
Save/Update: select * from MovimientosCuenta JOIN documento_movimiento AS documento ON MovimientosCuenta.nro_movimiento=documento.nro_movimiento JOIN cliente_movimientos AS cliente ON MovimientosCuenta.nro_movimiento=cliente.nro_movimiento WHERE documento.nro_Doc=1  AND cliente.id_cliente IS NOT  NULL ; select * from cliente_movimientos; select * from documento_movimiento
Save/Update: DELETE LineaFactura WHERE nro_factura=2  AND nro_sucursal=1  AND tipo_factura='A' AND nro_linea=1  
Save/Update: DELETE LineaFactura WHERE nro_factura=2  AND nro_sucursal=1  AND tipo_factura='A' AND nro_linea=2  
Save/Update: DELETE cliente_movimientos where nro_movimiento=4  ; DELETE documento_movimiento where nro_movimiento=4  ; ;DELETE MovimientosCuenta WHERE nro_movimiento=4  
Save/Update: DELETE FROM Factura WHERE nro_Doc =5
Save/Update: delete documento where nro_doc=5</StdOut>
      </Output>
    </UnitTestResult>
    <UnitTestResult executionId="70ccb2db-1115-4d96-9438-219ce3c2fed8" testId="37eb03dd-b0ba-1d1a-150c-82804e7b16da" testName="listarProduccionPorEstadoTest" computerName="DIEGO-PC" duration="00:00:00.0107754" startTime="2012-12-13T22:11:58.2643186-03:00" endTime="2012-12-13T22:11:58.2823197-03:00" testType="13cdc9d9-ddb5-4fa4-a97d-d965ccfc6d4b" outcome="Passed" testListId="8c84fa94-04c1-424b-9868-57a2d4851a1d" relativeResultsDirectory="70ccb2db-1115-4d96-9438-219ce3c2fed8">
      <Output>
        <StdOut>Save/Update: select * from produccion WHERE  produccion.estadoActual=3  ; select * from historico_estados_produccion WHERE borrado = 0
Save/Update: select * from Pedido WHERE  Pedido.cod_pedido=1  ; select * from produccion WHERE borrado = 0; select * from historico_estados_pedido WHERE borrado = 0
Save/Update: select * from Maquina WHERE  Maquina.cod_maquina=1  ; select * from JoinMaquinaToTipoPrenda
Save/Update: select * from Articulos WHERE  Articulos.cod_articulo=1  ; select * from lista_precios WHERE borrado = 0
Save/Update: select * from EstadoTrabajos WHERE  EstadoTrabajos.cod_estado=3  
Save/Update: select * from historico_estados_produccion WHERE  historico_estados_produccion.cod_produccion=1  
Save/Update: select * from produccion_operador WHERE  produccion_operador.cod_prodcuccion=1  
Save/Update: DELETE produccion_operador WHERE id_operador=2  AND cod_prodcuccion=7  
Save/Update: DELETE historico_estados_produccion WHERE nro_estado=1  AND cod_produccion=7  
Save/Update: DELETE historico_estados_produccion WHERE nro_estado=2  AND cod_produccion=7  
Save/Update: DELETE produccion WHERE cod_produccion=7</StdOut>
      </Output>
    </UnitTestResult>
    <UnitTestResult executionId="c6aabdc6-662e-4b2e-91d9-6899b30f5d74" testId="3814ca38-0b83-b334-0d16-36809809c612" testName="grabarDiseñoInsumoTest" computerName="DIEGO-PC" duration="00:00:00.0038169" startTime="2012-12-13T22:11:58.2843198-03:00" endTime="2012-12-13T22:11:58.2953204-03:00" testType="13cdc9d9-ddb5-4fa4-a97d-d965ccfc6d4b" outcome="Passed" testListId="8c84fa94-04c1-424b-9868-57a2d4851a1d" relativeResultsDirectory="c6aabdc6-662e-4b2e-91d9-6899b30f5d74">
      <Output>
        <StdOut>Save/Update: INSERT INTO Diseño_insumos (cod_diseño, cod_insumo, cantidad) VALUES (2 , 1 , 5.5); 
Save/Update: select * from Diseño_insumos WHERE  Diseño_insumos.cod_diseño=2  AND  Diseño_insumos.cod_insumo=1  
Save/Update: DELETE Diseño_insumos WHERE cod_diseño=2  AND cod_insumo=1</StdOut>
      </Output>
    </UnitTestResult>
    <UnitTestResult executionId="b1403d48-4499-4191-9f11-23487ad18a79" testId="390965ee-b707-eb4d-f805-7a307d4ab7fa" testName="buscarEstadosPorIdTest" computerName="DIEGO-PC" duration="00:00:00.0020012" startTime="2012-12-13T22:11:58.2963205-03:00" endTime="2012-12-13T22:11:58.3043209-03:00" testType="13cdc9d9-ddb5-4fa4-a97d-d965ccfc6d4b" outcome="Passed" testListId="8c84fa94-04c1-424b-9868-57a2d4851a1d" relativeResultsDirectory="b1403d48-4499-4191-9f11-23487ad18a79">
      <Output>
        <StdOut>Save/Update: select * from EstadoPedido WHERE  EstadoPedido.estado_pedido=1</StdOut>
      </Output>
    </UnitTestResult>
    <UnitTestResult executionId="530b87c0-633b-4358-9cea-3a007d791493" testId="399698d6-d910-1ab1-d972-fb6aa80639ce" testName="listarProduccionPorMaquinaTest" computerName="DIEGO-PC" duration="00:00:00.0162635" startTime="2012-12-13T22:11:58.3063210-03:00" endTime="2012-12-13T22:11:58.3293223-03:00" testType="13cdc9d9-ddb5-4fa4-a97d-d965ccfc6d4b" outcome="Passed" testListId="8c84fa94-04c1-424b-9868-57a2d4851a1d" relativeResultsDirectory="530b87c0-633b-4358-9cea-3a007d791493">
      <Output>
        <StdOut>Save/Update: select * from produccion WHERE  produccion.cod_maquina=1  ; select * from historico_estados_produccion WHERE borrado = 0
Save/Update: select * from Pedido WHERE  Pedido.cod_pedido=1  ; select * from produccion WHERE borrado = 0; select * from historico_estados_pedido WHERE borrado = 0
Save/Update: select * from Maquina WHERE  Maquina.cod_maquina=1  ; select * from JoinMaquinaToTipoPrenda
Save/Update: select * from Articulos WHERE  Articulos.cod_articulo=1  ; select * from lista_precios WHERE borrado = 0
Save/Update: select * from EstadoTrabajos WHERE  EstadoTrabajos.cod_estado=3  
Save/Update: select * from historico_estados_produccion WHERE  historico_estados_produccion.cod_produccion=1  
Save/Update: select * from produccion_operador WHERE  produccion_operador.cod_prodcuccion=1  
Save/Update: select * from Pedido WHERE  Pedido.cod_pedido=1  ; select * from produccion WHERE borrado = 0; select * from historico_estados_pedido WHERE borrado = 0
Save/Update: select * from Maquina WHERE  Maquina.cod_maquina=1  ; select * from JoinMaquinaToTipoPrenda
Save/Update: select * from Articulos WHERE  Articulos.cod_articulo=2  ; select * from lista_precios WHERE borrado = 0
Save/Update: select * from EstadoTrabajos WHERE  EstadoTrabajos.cod_estado=2  
Save/Update: select * from historico_estados_produccion WHERE  historico_estados_produccion.cod_produccion=2  
Save/Update: select * from produccion_operador WHERE  produccion_operador.cod_prodcuccion=2  
Save/Update: select * from Pedido WHERE  Pedido.cod_pedido=2  ; select * from produccion WHERE borrado = 0; select * from historico_estados_pedido WHERE borrado = 0
Save/Update: select * from Maquina WHERE  Maquina.cod_maquina=1  ; select * from JoinMaquinaToTipoPrenda
Save/Update: select * from Articulos WHERE  Articulos.cod_articulo=6  ; select * from lista_precios WHERE borrado = 0
Save/Update: select * from EstadoTrabajos WHERE  EstadoTrabajos.cod_estado=0  
Save/Update: select * from historico_estados_produccion WHERE  historico_estados_produccion.cod_produccion=5  
Save/Update: select * from produccion_operador WHERE  produccion_operador.cod_prodcuccion=5  
Save/Update: DELETE produccion_operador WHERE id_operador=2  AND cod_prodcuccion=7  
Save/Update: DELETE historico_estados_produccion WHERE nro_estado=1  AND cod_produccion=7  
Save/Update: DELETE historico_estados_produccion WHERE nro_estado=2  AND cod_produccion=7  
Save/Update: DELETE produccion WHERE cod_produccion=7</StdOut>
      </Output>
    </UnitTestResult>
    <UnitTestResult executionId="ef32bcb0-ab79-4ab8-91a9-6118fd5d5dac" testId="39eb9513-2b02-9bb1-bfd3-cd5a5b8ce938" testName="listarOrdenDeComprasPorIdTest" computerName="DIEGO-PC" duration="00:00:00.0072946" startTime="2012-12-13T22:11:58.3313225-03:00" endTime="2012-12-13T22:11:58.3443232-03:00" testType="13cdc9d9-ddb5-4fa4-a97d-d965ccfc6d4b" outcome="Passed" testListId="8c84fa94-04c1-424b-9868-57a2d4851a1d" relativeResultsDirectory="ef32bcb0-ab79-4ab8-91a9-6118fd5d5dac">
      <Output>
        <StdOut>Save/Update: select * from OrdenDeCompra WHERE  OrdenDeCompra.nro_orden_compra=1  AND  OrdenDeCompra.nro_sucursal=1  AND  OrdenDeCompra.tipo_orden_compra='A' ; select * from documento_movimiento; select * from LineaOrdenDeCompra WHERE borrado = 0
Save/Update: select * from LineaOrdenDeCompra WHERE  LineaOrdenDeCompra.nro_orden_compra=1  AND  LineaOrdenDeCompra.tipo_orden_compra='A' AND  LineaOrdenDeCompra.nro_sucursal=1  
Save/Update: select * from insumo WHERE  insumo.cod_insumo=1  
Save/Update: select * from insumo WHERE  insumo.cod_insumo=2  
Save/Update: select * from Proveedor WHERE  Proveedor.id_proveedor=1  
Save/Update: select * from MovimientosCuenta JOIN documento_movimiento AS documento ON MovimientosCuenta.nro_movimiento=documento.nro_movimiento JOIN proveedor_movimientos AS proveedor ON MovimientosCuenta.nro_movimiento=proveedor.nro_movimiento WHERE documento.nro_Doc=3  AND proveedor.id_proveedor IS NOT  NULL ; select * from proveedor_movimientos; select * from documento_movimiento
Save/Update: DELETE LineaOrdenDeCompra WHERE nro_orden_compra=2  AND nro_sucursal=1  AND tipo_orden_compra='A' AND nro_linea=1  
Save/Update: DELETE LineaOrdenDeCompra WHERE nro_orden_compra=2  AND nro_sucursal=1  AND tipo_orden_compra='A' AND nro_linea=2  
Save/Update: DELETE proveedor_movimientos where nro_movimiento=4  ; DELETE documento_movimiento where nro_movimiento=4  ; ;DELETE MovimientosCuenta WHERE nro_movimiento=4  
Save/Update: DELETE FROM OrdenDeCompra WHERE nro_Doc =5
Save/Update: delete documento where nro_doc=5</StdOut>
      </Output>
    </UnitTestResult>
    <UnitTestResult executionId="c09ead5a-94e1-40a9-b612-c5bb81a630d2" testId="3a69785d-69f1-1ae3-6647-f1fbd5f0c79c" testName="calcularPosiblesFechasTest2" computerName="DIEGO-PC" duration="00:00:00.0636430" startTime="2012-12-13T22:11:58.3463233-03:00" endTime="2012-12-13T22:11:58.4153273-03:00" testType="13cdc9d9-ddb5-4fa4-a97d-d965ccfc6d4b" outcome="Passed" testListId="8c84fa94-04c1-424b-9868-57a2d4851a1d" relativeResultsDirectory="c09ead5a-94e1-40a9-b612-c5bb81a630d2">
      <Output>
        <StdOut>Save/Update: select * from Articulos WHERE  Articulos.cod_articulo=1  ; select * from lista_precios WHERE borrado = 0
Save/Update: select * from lista_precios WHERE  lista_precios.cod_articulo=1  
Save/Update: select * from TipoPrenda WHERE  TipoPrenda.tipo_prenda=1  
Save/Update: select * from Diseño WHERE  Diseño.cod_diseño=1  ; select * from historico_estados_diseño WHERE borrado = 0
Save/Update: select * from Maquina JOIN JoinMaquinaToTipoPrenda AS tiposPrenda ON Maquina.cod_maquina=tiposPrenda.cod_maquina WHERE  Maquina.altoMargen&gt;=11  AND  Maquina.anchoMargen&gt;=11  AND  Maquina.cabezales&gt;=1  AND  Maquina.cantidadColores&gt;=0  AND tiposPrenda.tipo_prenda=1  ; select * from JoinMaquinaToTipoPrenda
Save/Update: select * from TipoPrenda WHERE  TipoPrenda.tipo_prenda=1  
Save/Update: select * from TipoPrenda WHERE  TipoPrenda.tipo_prenda=2  
Save/Update: select * from TipoPrenda WHERE  TipoPrenda.tipo_prenda=3  
Save/Update: select * from TipoPrenda WHERE  TipoPrenda.tipo_prenda=1  
Save/Update: select * from TipoPrenda WHERE  TipoPrenda.tipo_prenda=2  
Save/Update: select * from TipoPrenda WHERE  TipoPrenda.tipo_prenda=3  
Save/Update: select * from TipoPrenda WHERE  TipoPrenda.tipo_prenda=1  
Save/Update: select * from TipoPrenda WHERE  TipoPrenda.tipo_prenda=2  
Save/Update: select * from TipoPrenda WHERE  TipoPrenda.tipo_prenda=3  
Save/Update: select * from produccion WHERE  produccion.cod_maquina=1  AND  produccion.fechaFinal&gt;= CAST('09/10/2012 11:00:00.000'  AS DateTime) ; select * from historico_estados_produccion WHERE borrado = 0
Save/Update: select * from Pedido WHERE  Pedido.cod_pedido=1  ; select * from produccion WHERE borrado = 0; select * from historico_estados_pedido WHERE borrado = 0
Save/Update: select * from Maquina WHERE  Maquina.cod_maquina=1  ; select * from JoinMaquinaToTipoPrenda
Save/Update: select * from Articulos WHERE  Articulos.cod_articulo=1  ; select * from lista_precios WHERE borrado = 0
Save/Update: select * from EstadoTrabajos WHERE  EstadoTrabajos.cod_estado=3  
Save/Update: select * from historico_estados_produccion WHERE  historico_estados_produccion.cod_produccion=1  
Save/Update: select * from produccion_operador WHERE  produccion_operador.cod_prodcuccion=1  
Save/Update: select * from Pedido WHERE  Pedido.cod_pedido=1  ; select * from produccion WHERE borrado = 0; select * from historico_estados_pedido WHERE borrado = 0
Save/Update: select * from Maquina WHERE  Maquina.cod_maquina=1  ; select * from JoinMaquinaToTipoPrenda
Save/Update: select * from Articulos WHERE  Articulos.cod_articulo=2  ; select * from lista_precios WHERE borrado = 0
Save/Update: select * from EstadoTrabajos WHERE  EstadoTrabajos.cod_estado=2  
Save/Update: select * from historico_estados_produccion WHERE  historico_estados_produccion.cod_produccion=2  
Save/Update: select * from produccion_operador WHERE  produccion_operador.cod_prodcuccion=2  
Save/Update: select * from Pedido WHERE  Pedido.cod_pedido=2  ; select * from produccion WHERE borrado = 0; select * from historico_estados_pedido WHERE borrado = 0
Save/Update: select * from Maquina WHERE  Maquina.cod_maquina=1  ; select * from JoinMaquinaToTipoPrenda
Save/Update: select * from Articulos WHERE  Articulos.cod_articulo=6  ; select * from lista_precios WHERE borrado = 0
Save/Update: select * from EstadoTrabajos WHERE  EstadoTrabajos.cod_estado=0  
Save/Update: select * from historico_estados_produccion WHERE  historico_estados_produccion.cod_produccion=5  
Save/Update: select * from produccion_operador WHERE  produccion_operador.cod_prodcuccion=5  
Save/Update: select * from produccion WHERE  produccion.cod_maquina=1  AND  produccion.fechaInicio&gt;= CAST('09/10/2012 14:00:00.000'  AS DateTime) ; select * from historico_estados_produccion WHERE borrado = 0
Save/Update: select * from Pedido WHERE  Pedido.cod_pedido=1  ; select * from produccion WHERE borrado = 0; select * from historico_estados_pedido WHERE borrado = 0
Save/Update: select * from Maquina WHERE  Maquina.cod_maquina=1  ; select * from JoinMaquinaToTipoPrenda
Save/Update: select * from Articulos WHERE  Articulos.cod_articulo=2  ; select * from lista_precios WHERE borrado = 0
Save/Update: select * from EstadoTrabajos WHERE  EstadoTrabajos.cod_estado=2  
Save/Update: select * from historico_estados_produccion WHERE  historico_estados_produccion.cod_produccion=2  
Save/Update: select * from produccion_operador WHERE  produccion_operador.cod_prodcuccion=2  
Save/Update: select * from Pedido WHERE  Pedido.cod_pedido=2  ; select * from produccion WHERE borrado = 0; select * from historico_estados_pedido WHERE borrado = 0
Save/Update: select * from Maquina WHERE  Maquina.cod_maquina=1  ; select * from JoinMaquinaToTipoPrenda
Save/Update: select * from Articulos WHERE  Articulos.cod_articulo=6  ; select * from lista_precios WHERE borrado = 0
Save/Update: select * from EstadoTrabajos WHERE  EstadoTrabajos.cod_estado=0  
Save/Update: select * from historico_estados_produccion WHERE  historico_estados_produccion.cod_produccion=5  
Save/Update: select * from produccion_operador WHERE  produccion_operador.cod_prodcuccion=5  
Save/Update: select * from produccion WHERE  produccion.cod_maquina=1  AND  produccion.fechaInicio&gt;= CAST('10/10/2012 12:00:00.000'  AS DateTime) ; select * from historico_estados_produccion WHERE borrado = 0
Save/Update: select * from Pedido WHERE  Pedido.cod_pedido=2  ; select * from produccion WHERE borrado = 0; select * from historico_estados_pedido WHERE borrado = 0
Save/Update: select * from Maquina WHERE  Maquina.cod_maquina=1  ; select * from JoinMaquinaToTipoPrenda
Save/Update: select * from Articulos WHERE  Articulos.cod_articulo=6  ; select * from lista_precios WHERE borrado = 0
Save/Update: select * from EstadoTrabajos WHERE  EstadoTrabajos.cod_estado=0  
Save/Update: select * from historico_estados_produccion WHERE  historico_estados_produccion.cod_produccion=5  
Save/Update: select * from produccion_operador WHERE  produccion_operador.cod_prodcuccion=5  
Save/Update: select * from produccion WHERE  produccion.cod_maquina=1  AND  produccion.fechaInicio&gt;= CAST('10/10/2012 16:00:00.000'  AS DateTime) ; select * from historico_estados_produccion WHERE borrado = 0
Save/Update: select * from produccion WHERE  produccion.cod_maquina=2  AND  produccion.fechaFinal&gt;= CAST('09/10/2012 11:00:00.000'  AS DateTime) ; select * from historico_estados_produccion WHERE borrado = 0
Save/Update: select * from Pedido WHERE  Pedido.cod_pedido=1  ; select * from produccion WHERE borrado = 0; select * from historico_estados_pedido WHERE borrado = 0
Save/Update: select * from Maquina WHERE  Maquina.cod_maquina=2  ; select * from JoinMaquinaToTipoPrenda
Save/Update: select * from Articulos WHERE  Articulos.cod_articulo=3  ; select * from lista_precios WHERE borrado = 0
Save/Update: select * from EstadoTrabajos WHERE  EstadoTrabajos.cod_estado=0  
Save/Update: select * from historico_estados_produccion WHERE  historico_estados_produccion.cod_produccion=3  
Save/Update: select * from produccion_operador WHERE  produccion_operador.cod_prodcuccion=3  
Save/Update: select * from produccion WHERE  produccion.cod_maquina=2  AND  produccion.fechaInicio&gt;= CAST('12/10/2012 18:00:00.000'  AS DateTime) ; select * from historico_estados_produccion WHERE borrado = 0
Save/Update: select * from produccion WHERE  produccion.cod_maquina=3  AND  produccion.fechaFinal&gt;= CAST('09/10/2012 11:00:00.000'  AS DateTime) ; select * from historico_estados_produccion WHERE borrado = 0
Save/Update: select * from Pedido WHERE  Pedido.cod_pedido=2  ; select * from produccion WHERE borrado = 0; select * from historico_estados_pedido WHERE borrado = 0
Save/Update: select * from Maquina WHERE  Maquina.cod_maquina=3  ; select * from JoinMaquinaToTipoPrenda
Save/Update: select * from Articulos WHERE  Articulos.cod_articulo=5  ; select * from lista_precios WHERE borrado = 0
Save/Update: select * from EstadoTrabajos WHERE  EstadoTrabajos.cod_estado=0  
Save/Update: select * from historico_estados_produccion WHERE  historico_estados_produccion.cod_produccion=4  
Save/Update: select * from produccion_operador WHERE  produccion_operador.cod_prodcuccion=4  
Save/Update: select * from Pedido WHERE  Pedido.cod_pedido=3  ; select * from produccion WHERE borrado = 0; select * from historico_estados_pedido WHERE borrado = 0
Save/Update: select * from Maquina WHERE  Maquina.cod_maquina=3  ; select * from JoinMaquinaToTipoPrenda
Save/Update: select * from Articulos WHERE  Articulos.cod_articulo=2  ; select * from lista_precios WHERE borrado = 0
Save/Update: select * from EstadoTrabajos WHERE  EstadoTrabajos.cod_estado=0  
Save/Update: select * from historico_estados_produccion WHERE  historico_estados_produccion.cod_produccion=6  
Save/Update: select * from produccion_operador WHERE  produccion_operador.cod_prodcuccion=6  
Save/Update: select * from produccion WHERE  produccion.cod_maquina=3  AND  produccion.fechaInicio&gt;= CAST('12/10/2012 13:00:00.000'  AS DateTime) ; select * from historico_estados_produccion WHERE borrado = 0
Save/Update: select * from Pedido WHERE  Pedido.cod_pedido=3  ; select * from produccion WHERE borrado = 0; select * from historico_estados_pedido WHERE borrado = 0
Save/Update: select * from Maquina WHERE  Maquina.cod_maquina=3  ; select * from JoinMaquinaToTipoPrenda
Save/Update: select * from Articulos WHERE  Articulos.cod_articulo=2  ; select * from lista_precios WHERE borrado = 0
Save/Update: select * from EstadoTrabajos WHERE  EstadoTrabajos.cod_estado=0  
Save/Update: select * from historico_estados_produccion WHERE  historico_estados_produccion.cod_produccion=6  
Save/Update: select * from produccion_operador WHERE  produccion_operador.cod_prodcuccion=6  
Save/Update: select * from produccion WHERE  produccion.cod_maquina=3  AND  produccion.fechaInicio&gt;= CAST('15/10/2012 18:00:00.000'  AS DateTime) ; select * from historico_estados_produccion WHERE borrado = 0
Save/Update: DELETE produccion_operador WHERE id_operador=2  AND cod_prodcuccion=7  
Save/Update: DELETE historico_estados_produccion WHERE nro_estado=1  AND cod_produccion=7  
Save/Update: DELETE historico_estados_produccion WHERE nro_estado=2  AND cod_produccion=7  
Save/Update: DELETE produccion WHERE cod_produccion=7</StdOut>
      </Output>
    </UnitTestResult>
    <UnitTestResult executionId="6a16c77b-33b3-43c5-8d72-3526d278d9b8" testId="3b15fca6-ba42-6ea6-b114-894cdb11cb16" testName="cargarListaPrecioConRestriccionesTest" computerName="DIEGO-PC" duration="00:00:00.0029931" startTime="2012-12-13T22:11:58.4173274-03:00" endTime="2012-12-13T22:11:58.4263279-03:00" testType="13cdc9d9-ddb5-4fa4-a97d-d965ccfc6d4b" outcome="Passed" testListId="8c84fa94-04c1-424b-9868-57a2d4851a1d" relativeResultsDirectory="6a16c77b-33b3-43c5-8d72-3526d278d9b8">
      <Output>
        <StdOut>Save/Update: select * from lista_precios WHERE  lista_precios.borrado=0  AND  lista_precios.cod_articulo=1  
Save/Update: DELETE lista_precios WHERE nro_lista=3  AND cod_articulo=1</StdOut>
      </Output>
    </UnitTestResult>
    <UnitTestResult executionId="faf62a0b-e5fd-435d-a5fb-8c0816b2fc3c" testId="3bb3d861-97d5-17ed-e4db-8593f01e3068" testName="listarInsumosPorTipoTest" computerName="DIEGO-PC" duration="00:00:00.0062330" startTime="2012-12-13T22:11:58.4283280-03:00" endTime="2012-12-13T22:11:58.4403287-03:00" testType="13cdc9d9-ddb5-4fa4-a97d-d965ccfc6d4b" outcome="Passed" testListId="8c84fa94-04c1-424b-9868-57a2d4851a1d" relativeResultsDirectory="faf62a0b-e5fd-435d-a5fb-8c0816b2fc3c">
      <Output>
        <StdOut>Save/Update: select * from insumo WHERE  insumo.id_tipo_insumo=1  
Save/Update: select * from tipoInsumo WHERE  tipoInsumo.tipo_insumo=1  
Save/Update: select * from color WHERE  color.codigo_color=1  
Save/Update: select * from MovimientosStock WHERE  MovimientosStock.cod_insumo=1  
Save/Update: select * from tipoInsumo WHERE  tipoInsumo.tipo_insumo=1  
Save/Update: select * from color WHERE  color.codigo_color=2  
Save/Update: select * from MovimientosStock WHERE  MovimientosStock.cod_insumo=2  
Save/Update: select * from tipoInsumo WHERE  tipoInsumo.tipo_insumo=1  
Save/Update: select * from color WHERE  color.codigo_color=3  
Save/Update: select * from MovimientosStock WHERE  MovimientosStock.cod_insumo=3  
Save/Update: select * from tipoInsumo WHERE  tipoInsumo.tipo_insumo=1  
Save/Update: select * from color WHERE  color.codigo_color=4  
Save/Update: select * from MovimientosStock WHERE  MovimientosStock.cod_insumo=4  
Save/Update: DELETE MovimientosStock WHERE nro_movimiento=1  AND cod_insumo=5  
Save/Update: DELETE MovimientosStock WHERE nro_movimiento=2  AND cod_insumo=5  
Save/Update: DELETE insumo WHERE cod_insumo=5</StdOut>
      </Output>
    </UnitTestResult>
    <UnitTestResult executionId="a9f1d5cc-17b4-4828-ae13-6d707f69013d" testId="3c12ed63-05b7-6919-12b1-8653c094ff5f" testName="buscarPrendasPorDescripcionTest" computerName="DIEGO-PC" duration="00:00:00.0052095" startTime="2012-12-13T22:11:58.4423288-03:00" endTime="2012-12-13T22:11:58.4543295-03:00" testType="13cdc9d9-ddb5-4fa4-a97d-d965ccfc6d4b" outcome="Passed" testListId="8c84fa94-04c1-424b-9868-57a2d4851a1d" relativeResultsDirectory="a9f1d5cc-17b4-4828-ae13-6d707f69013d">
      <Output>
        <StdOut>Save/Update: select * from TipoPrenda WHERE  TipoPrenda.descripcion='Bolsillo'</StdOut>
      </Output>
    </UnitTestResult>
    <UnitTestResult executionId="30ab9f96-3fab-46f6-b4ba-0faf5503d417" testId="3cd1a5b2-2061-12b0-4cbc-6da8d643a9e8" testName="actualizarMovimientoTest" computerName="DIEGO-PC" duration="00:00:00.0187453" startTime="2012-12-13T22:11:58.4553296-03:00" endTime="2012-12-13T22:11:58.4803310-03:00" testType="13cdc9d9-ddb5-4fa4-a97d-d965ccfc6d4b" outcome="Passed" testListId="8c84fa94-04c1-424b-9868-57a2d4851a1d" relativeResultsDirectory="30ab9f96-3fab-46f6-b4ba-0faf5503d417">
      <Output>
        <StdOut>Save/Update: SELECT  ISNULL(MAX(nro_movimiento + 1),1) from MovimientosCuenta
Save/Update: INSERT INTO MovimientosCuenta (nro_movimiento, comentario, fecha, monto, cuentaID, tipoMovimientoID) VALUES (4 , 'com4',  CAST('13/12/2012 22:11:58.460'  AS DateTime), 33.3, 1 , 2 ); DELETE proveedor_movimientos where nro_movimiento=4  ;  INSERT INTO proveedor_movimientos ( nro_movimiento, id_proveedor) VALUES ( 4 , 3 ); DELETE documento_movimiento where nro_movimiento=4  ; 
Save/Update: select * from MovimientosCuenta JOIN proveedor_movimientos AS proveedor ON MovimientosCuenta.nro_movimiento=proveedor.nro_movimiento WHERE  MovimientosCuenta.nro_movimiento=4  AND proveedor.id_proveedor IS NOT  NULL ; select * from proveedor_movimientos; select * from documento_movimiento
Save/Update: select * from Proveedor WHERE  Proveedor.id_proveedor=3  
Save/Update: select * from OrdenDeCompra WHERE  OrdenDeCompra.id_proveedor=3  ; select * from documento_movimiento; select * from LineaOrdenDeCompra WHERE borrado = 0
Save/Update: select * from tipoMovimiento WHERE  tipoMovimiento.tipoMovimientoID=2  
Save/Update: select * from Cuenta WHERE  Cuenta.cuentaID=1  
Save/Update: UPDATE MovimientosCuenta SET comentario='com4', fecha= CAST('13/12/2012 22:11:58.460'  AS DateTime), monto=33.3, cuentaID=1 , tipoMovimientoID=2  WHERE nro_movimiento=4  ; DELETE proveedor_movimientos where nro_movimiento=4  ;  INSERT INTO proveedor_movimientos ( nro_movimiento, id_proveedor) VALUES ( 4 , 1 ); DELETE documento_movimiento where nro_movimiento=4  ; 
Save/Update: select * from MovimientosCuenta JOIN proveedor_movimientos AS proveedor ON MovimientosCuenta.nro_movimiento=proveedor.nro_movimiento WHERE  MovimientosCuenta.nro_movimiento=4  AND proveedor.id_proveedor IS NOT  NULL ; select * from proveedor_movimientos; select * from documento_movimiento
Save/Update: select * from Proveedor WHERE  Proveedor.id_proveedor=1  
Save/Update: select * from OrdenDeCompra WHERE  OrdenDeCompra.id_proveedor=1  ; select * from documento_movimiento; select * from LineaOrdenDeCompra WHERE borrado = 0
Save/Update: select * from tipoMovimiento WHERE  tipoMovimiento.tipoMovimientoID=2  
Save/Update: select * from Cuenta WHERE  Cuenta.cuentaID=1  
Save/Update: DELETE proveedor_movimientos where nro_movimiento=4  ; DELETE documento_movimiento where nro_movimiento=4  ; ;DELETE MovimientosCuenta WHERE nro_movimiento=4</StdOut>
      </Output>
    </UnitTestResult>
    <UnitTestResult executionId="5b110759-038f-46f5-a33e-30e5c1c8a250" testId="3d34ce3d-2c19-4b40-f3e1-1e5a5ee88a27" testName="modificarLineaTest" computerName="DIEGO-PC" duration="00:00:00.0090237" startTime="2012-12-13T22:11:58.4833312-03:00" endTime="2012-12-13T22:11:58.4983320-03:00" testType="13cdc9d9-ddb5-4fa4-a97d-d965ccfc6d4b" outcome="Passed" testListId="8c84fa94-04c1-424b-9868-57a2d4851a1d" relativeResultsDirectory="5b110759-038f-46f5-a33e-30e5c1c8a250">
      <Output>
        <StdOut>Save/Update: SELECT  ISNULL(MAX(nro_linea + 1),1) from LineaFactura WHERE nro_factura=1 AND nro_sucursal=1 AND tipo_factura='A'
Save/Update: INSERT INTO LineaFactura (nro_factura, nro_sucursal, tipo_factura, nro_linea, cod_producto, cantidad, precio, borrado) VALUES (1 , 1 , 'A', 3 , 3 , 33 , 33.3, 0 ); 
Save/Update: select * from LineaFactura WHERE  LineaFactura.nro_factura=1  AND  LineaFactura.nro_linea=3  AND  LineaFactura.nro_sucursal=1  AND  LineaFactura.tipo_factura='A' 
Save/Update: UPDATE LineaFactura SET cod_producto=3 , cantidad=33 , precio=10, borrado=0  WHERE nro_factura=1  AND nro_sucursal=1  AND tipo_factura='A' AND nro_linea=3  ; 
Save/Update: select * from LineaFactura WHERE  LineaFactura.nro_factura=1  AND  LineaFactura.nro_linea=3  AND  LineaFactura.nro_sucursal=1  AND  LineaFactura.tipo_factura='A' 
Save/Update: DELETE LineaFactura WHERE nro_factura=1  AND nro_sucursal=1  AND tipo_factura='A' AND nro_linea=3</StdOut>
      </Output>
    </UnitTestResult>
    <UnitTestResult executionId="e345723e-f78a-490f-a806-73e79582c2a4" testId="3d5d4690-413e-480e-9909-702cf88399dd" testName="listarMovimientosTest" computerName="DIEGO-PC" duration="00:00:00.0062701" startTime="2012-12-13T22:11:58.4993321-03:00" endTime="2012-12-13T22:11:58.5123328-03:00" testType="13cdc9d9-ddb5-4fa4-a97d-d965ccfc6d4b" outcome="Passed" testListId="8c84fa94-04c1-424b-9868-57a2d4851a1d" relativeResultsDirectory="e345723e-f78a-490f-a806-73e79582c2a4">
      <Output>
        <StdOut>Save/Update: select * from MovimientosCuenta JOIN proveedor_movimientos AS proveedor ON MovimientosCuenta.nro_movimiento=proveedor.nro_movimiento WHERE proveedor.id_proveedor IS NOT  NULL ; select * from proveedor_movimientos; select * from documento_movimiento
Save/Update: select * from Proveedor WHERE  Proveedor.id_proveedor=1  
Save/Update: select * from OrdenDeCompra WHERE  OrdenDeCompra.id_proveedor=1  ; select * from documento_movimiento; select * from LineaOrdenDeCompra WHERE borrado = 0
Save/Update: select * from OrdenDeCompra WHERE  OrdenDeCompra.nro_Doc=3  ; select * from documento_movimiento; select * from LineaOrdenDeCompra WHERE borrado = 0
Save/Update: select * from tipoMovimiento WHERE  tipoMovimiento.tipoMovimientoID=1  
Save/Update: select * from Cuenta WHERE  Cuenta.cuentaID=1  
Save/Update: DELETE proveedor_movimientos where nro_movimiento=4  ; DELETE documento_movimiento where nro_movimiento=4  ; ;DELETE MovimientosCuenta WHERE nro_movimiento=4</StdOut>
      </Output>
    </UnitTestResult>
    <UnitTestResult executionId="b23e17d9-9c0d-4fac-89d6-8358b8890e35" testId="3f09e394-0823-389c-6e0c-74955eff820a" testName="listarFacturasTest" computerName="DIEGO-PC" duration="00:00:00.0163948" startTime="2012-12-13T22:11:58.5143329-03:00" endTime="2012-12-13T22:11:58.5363342-03:00" testType="13cdc9d9-ddb5-4fa4-a97d-d965ccfc6d4b" outcome="Passed" testListId="8c84fa94-04c1-424b-9868-57a2d4851a1d" relativeResultsDirectory="b23e17d9-9c0d-4fac-89d6-8358b8890e35">
      <Output>
        <StdOut>Save/Update: select * from Factura; select * from documento_movimiento; select * from LineaFactura WHERE borrado = 0
Save/Update: select * from LineaFactura WHERE  LineaFactura.nro_factura=1  AND  LineaFactura.tipo_factura='A' AND  LineaFactura.nro_sucursal=1  
Save/Update: select * from Articulos WHERE  Articulos.cod_articulo=1  ; select * from lista_precios WHERE borrado = 0
Save/Update: select * from Articulos WHERE  Articulos.cod_articulo=2  ; select * from lista_precios WHERE borrado = 0
Save/Update: select * from Cliente WHERE  Cliente.id_cliente=1  ; select * from cliente_movimientos; select * from Pedido WHERE borrado = 0; select * from Factura WHERE borrado = 0; select * from Diseño WHERE borrado = 0
Save/Update: select * from Usuario WHERE  Usuario.usuarioID=1  ; select * from JoinUsuarioToFamilia; select * from JoinPatenteToUsuario
Save/Update: select * from MovimientosCuenta JOIN documento_movimiento AS documento ON MovimientosCuenta.nro_movimiento=documento.nro_movimiento JOIN cliente_movimientos AS cliente ON MovimientosCuenta.nro_movimiento=cliente.nro_movimiento WHERE documento.nro_Doc=1  AND cliente.id_cliente IS NOT  NULL ; select * from cliente_movimientos; select * from documento_movimiento
Save/Update: select * from LineaFactura WHERE  LineaFactura.nro_factura=1  AND  LineaFactura.tipo_factura='B' AND  LineaFactura.nro_sucursal=2  
Save/Update: select * from Articulos WHERE  Articulos.cod_articulo=1  ; select * from lista_precios WHERE borrado = 0
Save/Update: select * from Articulos WHERE  Articulos.cod_articulo=2  ; select * from lista_precios WHERE borrado = 0
Save/Update: select * from Cliente WHERE  Cliente.id_cliente=1  ; select * from cliente_movimientos; select * from Pedido WHERE borrado = 0; select * from Factura WHERE borrado = 0; select * from Diseño WHERE borrado = 0
Save/Update: select * from Usuario WHERE  Usuario.usuarioID=1  ; select * from JoinUsuarioToFamilia; select * from JoinPatenteToUsuario
Save/Update: select * from MovimientosCuenta JOIN documento_movimiento AS documento ON MovimientosCuenta.nro_movimiento=documento.nro_movimiento JOIN cliente_movimientos AS cliente ON MovimientosCuenta.nro_movimiento=cliente.nro_movimiento WHERE documento.nro_Doc=2  AND cliente.id_cliente IS NOT  NULL ; select * from cliente_movimientos; select * from documento_movimiento
Save/Update: DELETE LineaFactura WHERE nro_factura=2  AND nro_sucursal=1  AND tipo_factura='A' AND nro_linea=1  
Save/Update: DELETE LineaFactura WHERE nro_factura=2  AND nro_sucursal=1  AND tipo_factura='A' AND nro_linea=2  
Save/Update: DELETE cliente_movimientos where nro_movimiento=4  ; DELETE documento_movimiento where nro_movimiento=4  ; ;DELETE MovimientosCuenta WHERE nro_movimiento=4  
Save/Update: DELETE FROM Factura WHERE nro_Doc =5
Save/Update: delete documento where nro_doc=5</StdOut>
      </Output>
    </UnitTestResult>
    <UnitTestResult executionId="3592c924-f805-4a5f-be96-1f28d1341463" testId="3f50a717-0b73-d5bd-41bc-37d26b580e88" testName="buscarProveedorPorCodigoTest" computerName="DIEGO-PC" duration="00:00:00.0046081" startTime="2012-12-13T22:11:58.5383343-03:00" endTime="2012-12-13T22:11:58.5493349-03:00" testType="13cdc9d9-ddb5-4fa4-a97d-d965ccfc6d4b" outcome="Passed" testListId="8c84fa94-04c1-424b-9868-57a2d4851a1d" relativeResultsDirectory="3592c924-f805-4a5f-be96-1f28d1341463">
      <Output>
        <StdOut>Save/Update: select * from Proveedor WHERE  Proveedor.id_proveedor=1  
Save/Update: select * from OrdenDeCompra WHERE  OrdenDeCompra.id_proveedor=1  ; select * from documento_movimiento; select * from LineaOrdenDeCompra WHERE borrado = 0
Save/Update: delete OrdenDeCompra where nro_doc=5
Save/Update: delete documento where nro_doc=5
Save/Update: DELETE Proveedor WHERE id_proveedor=4  
Save/Update: UPDATE Proveedor SET nombre='nombre1', telefono='1111-1111', direccion='direccion 1' WHERE id_proveedor=1  ;</StdOut>
      </Output>
    </UnitTestResult>
    <UnitTestResult executionId="898b83f7-c582-4f7d-a860-c236e9318089" testId="3f81de19-4fde-6528-9e0d-cf576c0d46aa" testName="grabarHistoricoEstadosTest" computerName="DIEGO-PC" duration="00:00:00.0080554" startTime="2012-12-13T22:11:58.5503350-03:00" endTime="2012-12-13T22:11:58.5653358-03:00" testType="13cdc9d9-ddb5-4fa4-a97d-d965ccfc6d4b" outcome="Passed" testListId="8c84fa94-04c1-424b-9868-57a2d4851a1d" relativeResultsDirectory="898b83f7-c582-4f7d-a860-c236e9318089">
      <Output>
        <StdOut>Save/Update: SELECT  ISNULL(MAX(nro_estado + 1),1) from historico_estados_pedido WHERE cod_pedido=2
Save/Update: INSERT INTO historico_estados_pedido (nro_estado, comentario, cod_pedido, fechaDesde, fechaHasta, estado, borrado) VALUES (4 , 'comentario32', 2 ,  CAST('13/12/2012 22:11:58.556'  AS DateTime),  NULL , 4 , 0 ); 
Save/Update: select * from historico_estados_pedido WHERE  historico_estados_pedido.nro_estado=4  AND  historico_estados_pedido.cod_pedido=2  
Save/Update: DELETE historico_estados_pedido WHERE nro_estado=4  AND cod_pedido=2</StdOut>
      </Output>
    </UnitTestResult>
    <UnitTestResult executionId="a8b144fb-d202-4856-b662-7e7fb35a8947" testId="4063ba31-c658-1e39-f2a1-4789b86cdf92" testName="cargarClientesTest" computerName="DIEGO-PC" duration="00:00:00.0048345" startTime="2012-12-13T22:11:58.5673360-03:00" endTime="2012-12-13T22:11:58.5783366-03:00" testType="13cdc9d9-ddb5-4fa4-a97d-d965ccfc6d4b" outcome="Passed" testListId="8c84fa94-04c1-424b-9868-57a2d4851a1d" relativeResultsDirectory="a8b144fb-d202-4856-b662-7e7fb35a8947">
      <Output>
        <StdOut>Save/Update: select * from Cliente; select * from cliente_movimientos; select * from Pedido WHERE borrado = 0; select * from Factura WHERE borrado = 0; select * from Diseño WHERE borrado = 0</StdOut>
      </Output>
    </UnitTestResult>
    <UnitTestResult executionId="eb065850-bcd9-4cec-afb5-d98eedfd90c8" testId="4075ee85-dce8-0a59-bbe2-572b6c1b6a07" testName="cargarPatentesPorUsuarioTest" computerName="DIEGO-PC" duration="00:00:00.0037562" startTime="2012-12-13T22:11:58.5803367-03:00" endTime="2012-12-13T22:11:58.5903373-03:00" testType="13cdc9d9-ddb5-4fa4-a97d-d965ccfc6d4b" outcome="Passed" testListId="8c84fa94-04c1-424b-9868-57a2d4851a1d" relativeResultsDirectory="eb065850-bcd9-4cec-afb5-d98eedfd90c8">
      <Output>
        <StdOut>Save/Update: select * from Patente JOIN JoinPatenteToUsuario AS usuario ON Patente.patenteId=usuario.patenteId WHERE usuario.usuarioID=3</StdOut>
      </Output>
    </UnitTestResult>
    <UnitTestResult executionId="9f449674-4ea5-44dc-ae79-8d828e4e331b" testId="40c309eb-6e85-5d22-3be7-c1b561c3a631" testName="actualizaFacturaTest" computerName="DIEGO-PC" duration="00:00:02.0874407" startTime="2012-12-13T22:11:58.5923374-03:00" endTime="2012-12-13T22:12:00.6884573-03:00" testType="13cdc9d9-ddb5-4fa4-a97d-d965ccfc6d4b" outcome="Passed" testListId="8c84fa94-04c1-424b-9868-57a2d4851a1d" relativeResultsDirectory="9f449674-4ea5-44dc-ae79-8d828e4e331b">
      <Output>
        <StdOut>Save/Update: SELECT  ISNULL(MAX(nro_Doc + 1),1) from documento
Save/Update: INSERT INTO documento VALUES (5)
Save/Update: SELECT  ISNULL(MAX(nro_factura + 1),1) from Factura WHERE nro_sucursal=1 AND tipo_factura='A'
Save/Update: INSERT INTO Factura (nro_Doc, iva, fecha, borrado, nro_factura, nro_sucursal, tipo_factura, id_cliente, monto) VALUES (5 , 1.1,  CAST('13/10/2012 21:44:12.000'  AS DateTime), 0 , 2 , 1 , 'A', 2 , 100); UPDATE LineaFactura SET borrado=1 WHERE nro_factura=2  AND nro_sucursal=1  AND tipo_factura='A' ; 
Save/Update: SELECT  ISNULL(MAX(nro_linea + 1),1) from LineaFactura WHERE nro_factura=2 AND nro_sucursal=1 AND tipo_factura='A'
Save/Update: INSERT INTO LineaFactura (nro_factura, nro_sucursal, tipo_factura, nro_linea, cod_producto, cantidad, precio, borrado) VALUES (2 , 1 , 'A', 1 , 2 , 10 , 0, 0 ); 
Save/Update: SELECT  ISNULL(MAX(nro_movimiento + 1),1) from MovimientosCuenta
Save/Update: INSERT INTO MovimientosCuenta (nro_movimiento, comentario, fecha, monto, cuentaID, tipoMovimientoID) VALUES (4 , 'com test',  CAST('13/10/2012 21:44:12.000'  AS DateTime), 100, 1 , 1 ); DELETE cliente_movimientos where nro_movimiento=4  ;  INSERT INTO cliente_movimientos ( nro_movimiento, id_cliente) VALUES ( 4 , 2 ); DELETE documento_movimiento where nro_movimiento=4  ;  INSERT INTO documento_movimiento ( nro_movimiento, nro_Doc) VALUES ( 4 , 5 ); 
Save/Update: select * from Factura WHERE  Factura.nro_factura=2  AND  Factura.nro_sucursal=1  AND  Factura.tipo_factura='A' ; select * from documento_movimiento; select * from LineaFactura WHERE borrado = 0
Save/Update: select * from LineaFactura WHERE  LineaFactura.nro_factura=2  AND  LineaFactura.tipo_factura='A' AND  LineaFactura.nro_sucursal=1  
Save/Update: select * from Articulos WHERE  Articulos.cod_articulo=2  ; select * from lista_precios WHERE borrado = 0
Save/Update: select * from Cliente WHERE  Cliente.id_cliente=2  ; select * from cliente_movimientos; select * from Pedido WHERE borrado = 0; select * from Factura WHERE borrado = 0; select * from Diseño WHERE borrado = 0
Save/Update: select * from Usuario WHERE  Usuario.usuarioID=2  ; select * from JoinUsuarioToFamilia; select * from JoinPatenteToUsuario
Save/Update: select * from MovimientosCuenta JOIN documento_movimiento AS documento ON MovimientosCuenta.nro_movimiento=documento.nro_movimiento JOIN cliente_movimientos AS cliente ON MovimientosCuenta.nro_movimiento=cliente.nro_movimiento WHERE documento.nro_Doc=5  AND cliente.id_cliente IS NOT  NULL ; select * from cliente_movimientos; select * from documento_movimiento
Save/Update: UPDATE Factura SET nro_Doc=5 , iva=1.1, fecha= CAST('13/10/2012 21:44:12.000'  AS DateTime), borrado=0 , id_cliente=2 , monto=111 WHERE nro_factura=2  AND nro_sucursal=1  AND tipo_factura='A' ; UPDATE LineaFactura SET borrado=1 WHERE nro_factura=2  AND nro_sucursal=1  AND tipo_factura='A' ; 
Save/Update: UPDATE LineaFactura SET cod_producto=2 , cantidad=15 , precio=0, borrado=0  WHERE nro_factura=2  AND nro_sucursal=1  AND tipo_factura='A' AND nro_linea=1  ; 
Save/Update: SELECT  ISNULL(MAX(nro_linea + 1),1) from LineaFactura WHERE nro_factura=2 AND nro_sucursal=1 AND tipo_factura='A'
Save/Update: INSERT INTO LineaFactura (nro_factura, nro_sucursal, tipo_factura, nro_linea, cod_producto, cantidad, precio, borrado) VALUES (2 , 1 , 'A', 2 , 1 , 10 , 2.1, 0 ); 
Save/Update: UPDATE MovimientosCuenta SET comentario='com test', fecha= CAST('13/10/2012 21:44:12.000'  AS DateTime), monto=111, cuentaID=1 , tipoMovimientoID=1  WHERE nro_movimiento=4  ; DELETE cliente_movimientos where nro_movimiento=4  ;  INSERT INTO cliente_movimientos ( nro_movimiento, id_cliente) VALUES ( 4 , 2 ); DELETE documento_movimiento where nro_movimiento=4  ;  INSERT INTO documento_movimiento ( nro_movimiento, nro_Doc) VALUES ( 4 , 5 ); 
Save/Update: select * from Factura WHERE  Factura.nro_factura=2  AND  Factura.nro_sucursal=1  AND  Factura.tipo_factura='A' ; select * from documento_movimiento; select * from LineaFactura WHERE borrado = 0
Save/Update: select * from LineaFactura WHERE  LineaFactura.nro_factura=2  AND  LineaFactura.tipo_factura='A' AND  LineaFactura.nro_sucursal=1  
Save/Update: select * from Articulos WHERE  Articulos.cod_articulo=2  ; select * from lista_precios WHERE borrado = 0
Save/Update: select * from Articulos WHERE  Articulos.cod_articulo=1  ; select * from lista_precios WHERE borrado = 0
Save/Update: select * from Cliente WHERE  Cliente.id_cliente=2  ; select * from cliente_movimientos; select * from Pedido WHERE borrado = 0; select * from Factura WHERE borrado = 0; select * from Diseño WHERE borrado = 0
Save/Update: select * from Usuario WHERE  Usuario.usuarioID=2  ; select * from JoinUsuarioToFamilia; select * from JoinPatenteToUsuario
Save/Update: select * from MovimientosCuenta JOIN documento_movimiento AS documento ON MovimientosCuenta.nro_movimiento=documento.nro_movimiento JOIN cliente_movimientos AS cliente ON MovimientosCuenta.nro_movimiento=cliente.nro_movimiento WHERE documento.nro_Doc=5  AND cliente.id_cliente IS NOT  NULL ; select * from cliente_movimientos; select * from documento_movimiento
Save/Update: DELETE LineaFactura WHERE nro_factura=2  AND nro_sucursal=1  AND tipo_factura='A' AND nro_linea=1  
Save/Update: DELETE LineaFactura WHERE nro_factura=2  AND nro_sucursal=1  AND tipo_factura='A' AND nro_linea=2  
Save/Update: DELETE cliente_movimientos where nro_movimiento=4  ; DELETE documento_movimiento where nro_movimiento=4  ; ;DELETE MovimientosCuenta WHERE nro_movimiento=4  
Save/Update: DELETE FROM Factura WHERE nro_Doc =5
Save/Update: delete documento where nro_doc=5</StdOut>
      </Output>
    </UnitTestResult>
    <UnitTestResult executionId="e863dfba-595a-4c72-b242-6049955033b5" testId="4128c841-fbe4-5443-0039-ee6ab9d8480a" testName="borrarMovimientosClienteTest" computerName="DIEGO-PC" duration="00:00:00.1922111" startTime="2012-12-13T22:12:00.6914575-03:00" endTime="2012-12-13T22:12:00.8984693-03:00" testType="13cdc9d9-ddb5-4fa4-a97d-d965ccfc6d4b" outcome="Passed" testListId="8c84fa94-04c1-424b-9868-57a2d4851a1d" relativeResultsDirectory="e863dfba-595a-4c72-b242-6049955033b5">
      <Output>
        <StdOut>Save/Update: SELECT  ISNULL(MAX(nro_movimiento + 1),1) from MovimientosCuenta
Save/Update: INSERT INTO MovimientosCuenta (nro_movimiento, comentario, fecha, monto, cuentaID, tipoMovimientoID) VALUES (4 , 'com4',  CAST('13/12/2012 22:12:00.703'  AS DateTime), 33.3, 1 , 2 ); DELETE cliente_movimientos where nro_movimiento=4  ;  INSERT INTO cliente_movimientos ( nro_movimiento, id_cliente) VALUES ( 4 , 2 ); DELETE documento_movimiento where nro_movimiento=4  ; 
Save/Update: select * from MovimientosCuenta JOIN cliente_movimientos AS cliente ON MovimientosCuenta.nro_movimiento=cliente.nro_movimiento WHERE  MovimientosCuenta.nro_movimiento=4  AND  MovimientosCuenta.monto=33.3 AND cliente.id_cliente IS NOT  NULL ; select * from cliente_movimientos; select * from documento_movimiento
Save/Update: DELETE cliente_movimientos where nro_movimiento=4  ; DELETE documento_movimiento where nro_movimiento=4  ; ;DELETE MovimientosCuenta WHERE nro_movimiento=4  
Save/Update: select * from MovimientosCuenta JOIN cliente_movimientos AS cliente ON MovimientosCuenta.nro_movimiento=cliente.nro_movimiento WHERE  MovimientosCuenta.nro_movimiento=4  AND  MovimientosCuenta.monto=33.3 AND cliente.id_cliente IS NOT  NULL AND cliente.id_cliente IS NOT  NULL ; select * from cliente_movimientos; select * from documento_movimiento
Save/Update: DELETE cliente_movimientos where nro_movimiento=4  ; DELETE documento_movimiento where nro_movimiento=4  ; ;DELETE MovimientosCuenta WHERE nro_movimiento=4</StdOut>
      </Output>
    </UnitTestResult>
    <UnitTestResult executionId="cd8838ca-7bfd-44f6-9e45-bb13619b9f29" testId="4148e9ec-0e25-c6a4-4bc2-03540cd0a990" testName="cargarMensajePorConversacionTest" computerName="DIEGO-PC" duration="00:00:00.0028934" startTime="2012-12-13T22:12:00.9044696-03:00" endTime="2012-12-13T22:12:00.9164703-03:00" testType="13cdc9d9-ddb5-4fa4-a97d-d965ccfc6d4b" outcome="Passed" testListId="8c84fa94-04c1-424b-9868-57a2d4851a1d" relativeResultsDirectory="cd8838ca-7bfd-44f6-9e45-bb13619b9f29">
      <Output>
        <StdOut>Save/Update: select * from Mensaje WHERE  Mensaje.id_conversacion=1</StdOut>
      </Output>
    </UnitTestResult>
    <UnitTestResult executionId="0ef44a4c-1dae-4be3-9821-4097c89ecb98" testId="41ca50b2-af08-ebb5-fe81-0171706b4196" testName="listarMovimientosPorClienteTest" computerName="DIEGO-PC" duration="00:00:00.0371433" startTime="2012-12-13T22:12:00.9194705-03:00" endTime="2012-12-13T22:12:00.9654731-03:00" testType="13cdc9d9-ddb5-4fa4-a97d-d965ccfc6d4b" outcome="Passed" testListId="8c84fa94-04c1-424b-9868-57a2d4851a1d" relativeResultsDirectory="0ef44a4c-1dae-4be3-9821-4097c89ecb98">
      <Output>
        <StdOut>Save/Update: select * from MovimientosCuenta JOIN cliente_movimientos AS cliente ON MovimientosCuenta.nro_movimiento=cliente.nro_movimiento WHERE cliente.id_cliente IS NOT  NULL ; select * from cliente_movimientos; select * from documento_movimiento
Save/Update: select * from Cliente WHERE  Cliente.id_cliente=1  ; select * from cliente_movimientos; select * from Pedido WHERE borrado = 0; select * from Factura WHERE borrado = 0; select * from Diseño WHERE borrado = 0
Save/Update: select * from Usuario WHERE  Usuario.usuarioID=1  ; select * from JoinUsuarioToFamilia; select * from JoinPatenteToUsuario
Save/Update: select * from Familia JOIN JoinUsuarioToFamilia AS usuarios ON Familia.familiaID=usuarios.familiaID WHERE usuarios.usuarioID=1  ; select * from JoinFamiliaToPatente
Save/Update: select * from Patente JOIN JoinPatenteToUsuario AS usuario ON Patente.patenteId=usuario.patenteId WHERE usuario.usuarioID=1  
Save/Update: select * from Cliente WHERE  Cliente.usuarioID=1  ; select * from cliente_movimientos; select * from Pedido WHERE borrado = 0; select * from Factura WHERE borrado = 0; select * from Diseño WHERE borrado = 0
Save/Update: select * from Diseño WHERE  Diseño.id_cliente=1  ; select * from historico_estados_diseño WHERE borrado = 0
Save/Update: select * from Factura WHERE  Factura.id_cliente=1  ; select * from documento_movimiento; select * from LineaFactura WHERE borrado = 0
Save/Update: select * from Pedido WHERE  Pedido.id_cliente=1  ; select * from produccion WHERE borrado = 0; select * from historico_estados_pedido WHERE borrado = 0
Save/Update: select * from MovimientosCuenta JOIN cliente_movimientos AS cliente ON MovimientosCuenta.nro_movimiento=cliente.nro_movimiento WHERE cliente.id_cliente=1  AND cliente.id_cliente IS NOT  NULL ; select * from cliente_movimientos; select * from documento_movimiento
Save/Update: select * from Factura WHERE  Factura.nro_Doc=1  ; select * from documento_movimiento; select * from LineaFactura WHERE borrado = 0
Save/Update: select * from tipoMovimiento WHERE  tipoMovimiento.tipoMovimientoID=1  
Save/Update: select * from Cuenta WHERE  Cuenta.cuentaID=1  
Save/Update: select * from Cliente WHERE  Cliente.id_cliente=1  ; select * from cliente_movimientos; select * from Pedido WHERE borrado = 0; select * from Factura WHERE borrado = 0; select * from Diseño WHERE borrado = 0
Save/Update: select * from Usuario WHERE  Usuario.usuarioID=1  ; select * from JoinUsuarioToFamilia; select * from JoinPatenteToUsuario
Save/Update: select * from Familia JOIN JoinUsuarioToFamilia AS usuarios ON Familia.familiaID=usuarios.familiaID WHERE usuarios.usuarioID=1  ; select * from JoinFamiliaToPatente
Save/Update: select * from Patente JOIN JoinPatenteToUsuario AS usuario ON Patente.patenteId=usuario.patenteId WHERE usuario.usuarioID=1  
Save/Update: select * from Cliente WHERE  Cliente.usuarioID=1  ; select * from cliente_movimientos; select * from Pedido WHERE borrado = 0; select * from Factura WHERE borrado = 0; select * from Diseño WHERE borrado = 0
Save/Update: select * from Diseño WHERE  Diseño.id_cliente=1  ; select * from historico_estados_diseño WHERE borrado = 0
Save/Update: select * from Factura WHERE  Factura.id_cliente=1  ; select * from documento_movimiento; select * from LineaFactura WHERE borrado = 0
Save/Update: select * from Pedido WHERE  Pedido.id_cliente=1  ; select * from produccion WHERE borrado = 0; select * from historico_estados_pedido WHERE borrado = 0
Save/Update: select * from MovimientosCuenta JOIN cliente_movimientos AS cliente ON MovimientosCuenta.nro_movimiento=cliente.nro_movimiento WHERE cliente.id_cliente=1  AND cliente.id_cliente IS NOT  NULL ; select * from cliente_movimientos; select * from documento_movimiento
Save/Update: select * from tipoMovimiento WHERE  tipoMovimiento.tipoMovimientoID=1  
Save/Update: select * from Cuenta WHERE  Cuenta.cuentaID=1  
Save/Update: DELETE cliente_movimientos where nro_movimiento=4  ; DELETE documento_movimiento where nro_movimiento=4  ; ;DELETE MovimientosCuenta WHERE nro_movimiento=4</StdOut>
      </Output>
    </UnitTestResult>
    <UnitTestResult executionId="2c6d1ea7-0336-485d-ad73-c1283d5a9b3d" testId="42bbff3f-ae90-d4a3-ac96-e18e8d721f9a" testName="cargarFamiliasPorPatenteTest" computerName="DIEGO-PC" duration="00:00:00.0050061" startTime="2012-12-13T22:12:00.9684733-03:00" endTime="2012-12-13T22:12:00.9824741-03:00" testType="13cdc9d9-ddb5-4fa4-a97d-d965ccfc6d4b" outcome="Passed" testListId="8c84fa94-04c1-424b-9868-57a2d4851a1d" relativeResultsDirectory="2c6d1ea7-0336-485d-ad73-c1283d5a9b3d">
      <Output>
        <StdOut>Save/Update: select * from Familia JOIN JoinFamiliaToPatente AS patentes ON Familia.familiaID=patentes.familiaID WHERE patentes.patenteId=4  ; select * from JoinFamiliaToPatente</StdOut>
      </Output>
    </UnitTestResult>
    <UnitTestResult executionId="7a65d223-cbb1-40bf-bf84-a3267f4eb5e0" testId="42bc7f23-0a71-a17c-783c-a7c1f6e66d7c" testName="grabarTest" computerName="DIEGO-PC" duration="00:00:00.0218729" startTime="2012-12-13T22:12:00.9884744-03:00" endTime="2012-12-13T22:12:01.0164760-03:00" testType="13cdc9d9-ddb5-4fa4-a97d-d965ccfc6d4b" outcome="Passed" testListId="8c84fa94-04c1-424b-9868-57a2d4851a1d" relativeResultsDirectory="7a65d223-cbb1-40bf-bf84-a3267f4eb5e0">
      <Output>
        <StdOut>Save/Update: INSERT INTO Proveedor (id_proveedor, nombre, telefono, direccion) VALUES (4 , 'nombre4', '4444-4444', 'direccion 4'); 
Save/Update: SELECT  ISNULL(MAX(nro_Doc + 1),1) from documento
Save/Update: INSERT INTO documento VALUES (5)
Save/Update: SELECT  ISNULL(MAX(nro_orden_compra + 1),1) from OrdenDeCompra WHERE nro_sucursal=1 AND tipo_orden_compra='A'
Save/Update: INSERT INTO OrdenDeCompra (nro_Doc, iva, fecha, borrado, nro_orden_compra, nro_sucursal, tipo_orden_compra, id_proveedor, monto) VALUES (5 , 33.3,  CAST('13/12/2012 22:12:00.992'  AS DateTime), 0 , 2 , 1 , 'A', 4 , 33.3); UPDATE LineaOrdenDeCompra SET borrado=1 WHERE nro_orden_compra=2  AND nro_sucursal=1  AND tipo_orden_compra='A' ; 
Save/Update: select * from Proveedor
Save/Update: select * from OrdenDeCompra WHERE  OrdenDeCompra.id_proveedor=1  ; select * from documento_movimiento; select * from LineaOrdenDeCompra WHERE borrado = 0
Save/Update: select * from OrdenDeCompra WHERE  OrdenDeCompra.id_proveedor=2  ; select * from documento_movimiento; select * from LineaOrdenDeCompra WHERE borrado = 0
Save/Update: select * from OrdenDeCompra WHERE  OrdenDeCompra.id_proveedor=3  ; select * from documento_movimiento; select * from LineaOrdenDeCompra WHERE borrado = 0
Save/Update: select * from OrdenDeCompra WHERE  OrdenDeCompra.id_proveedor=4  ; select * from documento_movimiento; select * from LineaOrdenDeCompra WHERE borrado = 0
Save/Update: delete OrdenDeCompra where nro_doc=5
Save/Update: delete documento where nro_doc=5
Save/Update: DELETE Proveedor WHERE id_proveedor=4  
Save/Update: UPDATE Proveedor SET nombre='nombre1', telefono='1111-1111', direccion='direccion 1' WHERE id_proveedor=1  ;</StdOut>
      </Output>
    </UnitTestResult>
    <UnitTestResult executionId="66d607b3-3d63-4fe6-aecd-7b8b700f6eda" testId="42d34e85-28e2-30e8-a414-32919f9963a2" testName="ejecutarConsultaTest" computerName="DIEGO-PC" duration="00:00:00.0025180" startTime="2012-12-13T22:12:01.0194762-03:00" endTime="2012-12-13T22:12:01.0294768-03:00" testType="13cdc9d9-ddb5-4fa4-a97d-d965ccfc6d4b" outcome="Passed" testListId="8c84fa94-04c1-424b-9868-57a2d4851a1d" relativeResultsDirectory="66d607b3-3d63-4fe6-aecd-7b8b700f6eda">
      <Output>
        <StdOut>Save/Update: select * from usuario</StdOut>
      </Output>
    </UnitTestResult>
    <UnitTestResult executionId="9c39444e-2520-4c01-a26a-dca54fc8b571" testId="42f3bd17-7e9a-3a2a-0abf-94dcbfe8af44" testName="calcularTimepoTrabajoTest4" computerName="DIEGO-PC" duration="00:00:00.0025529" startTime="2012-12-13T22:12:01.0334770-03:00" endTime="2012-12-13T22:12:01.0424775-03:00" testType="13cdc9d9-ddb5-4fa4-a97d-d965ccfc6d4b" outcome="Passed" testListId="8c84fa94-04c1-424b-9868-57a2d4851a1d" relativeResultsDirectory="9c39444e-2520-4c01-a26a-dca54fc8b571">
      <Output>
        <StdOut>Save/Update: DELETE produccion_operador WHERE id_operador=2  AND cod_prodcuccion=7  
Save/Update: DELETE historico_estados_produccion WHERE nro_estado=1  AND cod_produccion=7  
Save/Update: DELETE historico_estados_produccion WHERE nro_estado=2  AND cod_produccion=7  
Save/Update: DELETE produccion WHERE cod_produccion=7</StdOut>
      </Output>
    </UnitTestResult>
    <UnitTestResult executionId="c3d0534d-422e-4833-8c2b-a776ce51ef9b" testId="43cb51cd-66eb-181b-064e-18bf81c14a68" testName="borrarArticuloTest" computerName="DIEGO-PC" duration="00:00:00.0228956" startTime="2012-12-13T22:12:01.0464778-03:00" endTime="2012-12-13T22:12:01.0754794-03:00" testType="13cdc9d9-ddb5-4fa4-a97d-d965ccfc6d4b" outcome="Passed" testListId="8c84fa94-04c1-424b-9868-57a2d4851a1d" relativeResultsDirectory="c3d0534d-422e-4833-8c2b-a776ce51ef9b">
      <Output>
        <StdOut>Save/Update: SELECT  ISNULL(MAX(cod_articulo + 1),1) from Articulos
Save/Update: INSERT INTO Articulos (cod_articulo, tipoPrendaID, diseñoID, comentario, produccion, precioActual, borrado) VALUES (4 , 3 , 2 , 'com test', 10 , 1, 0 ); UPDATE lista_precios SET borrado=1 WHERE cod_articulo=4  ; 
Save/Update: SELECT  ISNULL( MAX(nro_lista + 1), 1) from lista_precios WHERE cod_articulo=4
Save/Update: INSERT INTO lista_precios (nro_lista, cod_articulo, precio, fechaDesde, fechaHasta, borrado) VALUES (1 , 4 , 1,  CAST('13/12/2012 22:12:01.051'  AS DateTime),  NULL , 0 ); 
Save/Update: select * from Articulos WHERE  Articulos.cod_articulo=4  ; select * from lista_precios WHERE borrado = 0
Save/Update: select * from lista_precios WHERE  lista_precios.cod_articulo=4  
Save/Update: select * from TipoPrenda WHERE  TipoPrenda.tipo_prenda=3  
Save/Update: select * from Diseño WHERE  Diseño.cod_diseño=2  ; select * from historico_estados_diseño WHERE borrado = 0
Save/Update: UPDATE Articulos SET tipoPrendaID=3 , diseñoID=2 , comentario='com test', produccion=10 , precioActual=1, borrado=1  WHERE cod_articulo=4  ; UPDATE lista_precios SET borrado=1 WHERE cod_articulo=4  ; 
Save/Update: select * from Articulos WHERE  Articulos.cod_articulo=4  ; select * from lista_precios WHERE borrado = 0
Save/Update: select * from lista_precios WHERE  lista_precios.cod_articulo=4  
Save/Update: select * from TipoPrenda WHERE  TipoPrenda.tipo_prenda=3  
Save/Update: select * from Diseño WHERE  Diseño.cod_diseño=2  ; select * from historico_estados_diseño WHERE borrado = 0
Save/Update: DELETE lista_precios WHERE nro_lista=1  AND cod_articulo=4  
Save/Update: DELETE lista_precios WHERE nro_lista=2  AND cod_articulo=4  
Save/Update: DELETE Articulos WHERE cod_articulo=4</StdOut>
      </Output>
    </UnitTestResult>
    <UnitTestResult executionId="599ed2e7-bd1d-4ccd-992a-34106def5dc0" testId="4470df03-406c-ac4c-036b-0433b2842ca5" testName="grabarProduccionTest" computerName="DIEGO-PC" duration="00:00:00.0058770" startTime="2012-12-13T22:12:01.0784796-03:00" endTime="2012-12-13T22:12:01.0914803-03:00" testType="13cdc9d9-ddb5-4fa4-a97d-d965ccfc6d4b" outcome="Passed" testListId="8c84fa94-04c1-424b-9868-57a2d4851a1d" relativeResultsDirectory="599ed2e7-bd1d-4ccd-992a-34106def5dc0">
      <Output>
        <StdOut>Save/Update: SELECT  ISNULL(MAX(cod_produccion + 1),1) from produccion
Save/Update: INSERT INTO produccion (cod_produccion, comentario, cod_pedido, cod_maquina, cod_articulo, cantidad, estadoActual, utilizacion, fechaInicio, fechaFinal, borrado) VALUES (7 , 'comentario test', 3 , 3 , 7 , 10 , 2 , 1,  CAST('13/12/2012 22:12:01.083'  AS DateTime),  CAST('13/12/2012 22:12:01.083'  AS DateTime), 0 ); UPDATE historico_estados_produccion SET borrado=1 WHERE cod_produccion=7  ; 
Save/Update: select * from produccion WHERE  produccion.comentario LIKE '%comentario test%'; select * from historico_estados_produccion WHERE borrado = 0
Save/Update: DELETE produccion WHERE cod_produccion=7</StdOut>
      </Output>
    </UnitTestResult>
    <UnitTestResult executionId="89d81bd3-80ad-4241-bec6-db7ee2e950b0" testId="44f2f0a7-9e33-876a-b7c3-d86059021fb2" testName="modificarUsuarioTest1" computerName="DIEGO-PC" duration="00:00:00.0186729" startTime="2012-12-13T22:12:01.0964806-03:00" endTime="2012-12-13T22:12:01.1224821-03:00" testType="13cdc9d9-ddb5-4fa4-a97d-d965ccfc6d4b" outcome="Passed" testListId="8c84fa94-04c1-424b-9868-57a2d4851a1d" relativeResultsDirectory="89d81bd3-80ad-4241-bec6-db7ee2e950b0">
      <Output>
        <StdOut>Save/Update: select * from Usuario WHERE  Usuario.usuarioID=5  ; select * from JoinUsuarioToFamilia; select * from JoinPatenteToUsuario
Save/Update: select * from Familia JOIN JoinUsuarioToFamilia AS usuarios ON Familia.familiaID=usuarios.familiaID WHERE usuarios.usuarioID=5  ; select * from JoinFamiliaToPatente
Save/Update: select * from Patente JOIN JoinPatenteToUsuario AS usuario ON Patente.patenteId=usuario.patenteId WHERE usuario.usuarioID=5  
Save/Update: select * from Cliente WHERE  Cliente.usuarioID=5  ; select * from cliente_movimientos; select * from Pedido WHERE borrado = 0; select * from Factura WHERE borrado = 0; select * from Diseño WHERE borrado = 0
Save/Update: UPDATE Usuario SET nombre='nombre6', apellido='apellido6', mail='mail6@test.com', password='10C91F6B75161578', telefonoFijo='6666-6666', telefonoMovil='6666-6666', bloqueado=0  WHERE usuarioID=5  ; DELETE JoinUsuarioToFamilia where usuarioID=5  ;  INSERT INTO JoinUsuarioToFamilia ( usuarioID, familiaID) VALUES ( 5 , 5 ); DELETE JoinPatenteToUsuario where usuarioID=5  ;  INSERT INTO JoinPatenteToUsuario ( usuarioID, patenteId) VALUES ( 5 , 3 ); 
Save/Update: select * from Usuario WHERE  Usuario.usuarioID=5  ; select * from JoinUsuarioToFamilia; select * from JoinPatenteToUsuario
Save/Update: select * from Familia JOIN JoinUsuarioToFamilia AS usuarios ON Familia.familiaID=usuarios.familiaID WHERE usuarios.usuarioID=5  ; select * from JoinFamiliaToPatente
Save/Update: select * from Patente JOIN JoinFamiliaToPatente AS familia ON Patente.patenteId=familia.patenteId WHERE familia.familiaID=5  
Save/Update: select * from Patente JOIN JoinPatenteToUsuario AS usuario ON Patente.patenteId=usuario.patenteId WHERE usuario.usuarioID=5  
Save/Update: select * from Cliente WHERE  Cliente.usuarioID=5  ; select * from cliente_movimientos; select * from Pedido WHERE borrado = 0; select * from Factura WHERE borrado = 0; select * from Diseño WHERE borrado = 0
Save/Update: UPDATE Usuario SET nombre='nombreModificado', apellido='apellido5', mail='mail5@test.com', password='0000', telefonoFijo='5555-5555', telefonoMovil='5555-5555', bloqueado=0  WHERE usuarioID=5  ; DELETE JoinUsuarioToFamilia where usuarioID=5  ; DELETE JoinPatenteToUsuario where usuarioID=5  ; 
Save/Update: UPDATE Usuario SET nombre='nombre1', apellido='apellido1', mail='mail1@test.com', password='11C8', telefonoFijo='1111-1111', telefonoMovil='1111-1111', bloqueado=0  WHERE usuarioID=1  ; DELETE JoinUsuarioToFamilia where usuarioID=1  ; DELETE JoinPatenteToUsuario where usuarioID=1  ; 
Save/Update: UPDATE Cliente SET habitadoTurnos=1 , newsletter=0  WHERE id_cliente=1  ; UPDATE Pedido SET borrado=1 WHERE id_cliente=1  ; UPDATE Factura SET borrado=1 WHERE id_cliente=1  ; UPDATE Diseño SET borrado=1 WHERE id_cliente=1  ; 
Save/Update:  UPDATE factura set borrado = 0 
Save/Update:  UPDATE diseño set borrado = 0 
Save/Update:  UPDATE pedido set borrado = 0 
Save/Update:  Insert into JoinPatenteToUsuario values (1,1)</StdOut>
      </Output>
    </UnitTestResult>
    <UnitTestResult executionId="1a1701a7-bc74-4fc7-bb7a-2e2792f26835" testId="45d73400-010d-bede-b097-0e012e473ce7" testName="listarMaquinasTest" computerName="DIEGO-PC" duration="00:00:00.0055863" startTime="2012-12-13T22:12:01.1254823-03:00" endTime="2012-12-13T22:12:01.1374830-03:00" testType="13cdc9d9-ddb5-4fa4-a97d-d965ccfc6d4b" outcome="Passed" testListId="8c84fa94-04c1-424b-9868-57a2d4851a1d" relativeResultsDirectory="1a1701a7-bc74-4fc7-bb7a-2e2792f26835">
      <Output>
        <StdOut>Save/Update: select * from Maquina; select * from JoinMaquinaToTipoPrenda
Save/Update: select * from TipoPrenda WHERE  TipoPrenda.tipo_prenda=1  
Save/Update: select * from TipoPrenda WHERE  TipoPrenda.tipo_prenda=2  
Save/Update: select * from TipoPrenda WHERE  TipoPrenda.tipo_prenda=3  
Save/Update: select * from TipoPrenda WHERE  TipoPrenda.tipo_prenda=1  
Save/Update: select * from TipoPrenda WHERE  TipoPrenda.tipo_prenda=2  
Save/Update: select * from TipoPrenda WHERE  TipoPrenda.tipo_prenda=3  
Save/Update: select * from TipoPrenda WHERE  TipoPrenda.tipo_prenda=1  
Save/Update: select * from TipoPrenda WHERE  TipoPrenda.tipo_prenda=2  
Save/Update: select * from TipoPrenda WHERE  TipoPrenda.tipo_prenda=3  
Save/Update: DELETE JoinMaquinaToTipoPrenda where cod_maquina=4  ; ;DELETE Maquina WHERE cod_maquina=4  
Save/Update: delete from JoinMaquinaToTipoPrenda where cod_maquina=4</StdOut>
      </Output>
    </UnitTestResult>
    <UnitTestResult executionId="5070e05f-f5fb-4876-a9e7-e807d2174c26" testId="46319d74-a59b-cb4c-c42c-91de192140ab" testName="borrarProduccionOperadorTest" computerName="DIEGO-PC" duration="00:00:00.0062919" startTime="2012-12-13T22:12:01.1414832-03:00" endTime="2012-12-13T22:12:01.1544839-03:00" testType="13cdc9d9-ddb5-4fa4-a97d-d965ccfc6d4b" outcome="Passed" testListId="8c84fa94-04c1-424b-9868-57a2d4851a1d" relativeResultsDirectory="5070e05f-f5fb-4876-a9e7-e807d2174c26">
      <Output>
        <StdOut>Save/Update: INSERT INTO produccion_operador (id_operador, cod_prodcuccion, porcentaje) VALUES (2 , 6 , 1 ); 
Save/Update: select * from produccion_operador WHERE  produccion_operador.id_operador=2  AND  produccion_operador.cod_prodcuccion=6  
Save/Update: DELETE produccion_operador WHERE id_operador=2  AND cod_prodcuccion=6  
Save/Update: select * from produccion_operador WHERE  produccion_operador.id_operador=2  AND  produccion_operador.cod_prodcuccion=6</StdOut>
      </Output>
    </UnitTestResult>
    <UnitTestResult executionId="d876261d-fc21-4e6f-bac4-9729b27ecb13" testId="466df001-5e88-7941-9225-f5b84ddbea5e" testName="cargarlistaPedidosTest" computerName="DIEGO-PC" duration="00:00:00.0042879" startTime="2012-12-13T22:12:01.1584842-03:00" endTime="2012-12-13T22:12:01.1694848-03:00" testType="13cdc9d9-ddb5-4fa4-a97d-d965ccfc6d4b" outcome="Passed" testListId="8c84fa94-04c1-424b-9868-57a2d4851a1d" relativeResultsDirectory="d876261d-fc21-4e6f-bac4-9729b27ecb13">
      <Output>
        <StdOut>Save/Update: select * from Pedido; select * from produccion WHERE borrado = 0; select * from historico_estados_pedido WHERE borrado = 0
Save/Update: DELETE Pedido WHERE cod_pedido=5</StdOut>
      </Output>
    </UnitTestResult>
    <UnitTestResult executionId="f33baedf-9bab-45d6-8abd-b2ec2d3589d8" testId="468ca457-0ed7-03c2-646c-9f2875316428" testName="ListarPrendasTest" computerName="DIEGO-PC" duration="00:00:00.0024238" startTime="2012-12-13T22:12:01.1734850-03:00" endTime="2012-12-13T22:12:01.1834856-03:00" testType="13cdc9d9-ddb5-4fa4-a97d-d965ccfc6d4b" outcome="Passed" testListId="8c84fa94-04c1-424b-9868-57a2d4851a1d" relativeResultsDirectory="f33baedf-9bab-45d6-8abd-b2ec2d3589d8">
      <Output>
        <StdOut>Save/Update: select * from TipoPrenda</StdOut>
      </Output>
    </UnitTestResult>
    <UnitTestResult executionId="182cd62f-ac59-45dc-bb74-00ff1dbd97f5" testId="47539572-8702-25fd-25db-bd0bdd8958b7" testName="grabarPrendaTest" computerName="DIEGO-PC" duration="00:00:00.0057937" startTime="2012-12-13T22:12:01.1864858-03:00" endTime="2012-12-13T22:12:01.1994865-03:00" testType="13cdc9d9-ddb5-4fa4-a97d-d965ccfc6d4b" outcome="Passed" testListId="8c84fa94-04c1-424b-9868-57a2d4851a1d" relativeResultsDirectory="182cd62f-ac59-45dc-bb74-00ff1dbd97f5">
      <Output>
        <StdOut>Save/Update: INSERT INTO TipoPrenda (tipo_prenda, descripcion) VALUES (5 , 'gorro'); 
Save/Update: select * from TipoPrenda
Save/Update: DELETE TipoPrenda WHERE tipo_prenda=5</StdOut>
      </Output>
    </UnitTestResult>
    <UnitTestResult executionId="8971cf63-fccb-4037-ba5a-62ab94af450c" testId="47829263-2bc4-1929-0c73-083969548a33" testName="listarMovimientosPorProveedorTest" computerName="DIEGO-PC" duration="00:00:00.0079327" startTime="2012-12-13T22:12:01.2034867-03:00" endTime="2012-12-13T22:12:01.2174875-03:00" testType="13cdc9d9-ddb5-4fa4-a97d-d965ccfc6d4b" outcome="Passed" testListId="8c84fa94-04c1-424b-9868-57a2d4851a1d" relativeResultsDirectory="8971cf63-fccb-4037-ba5a-62ab94af450c">
      <Output>
        <StdOut>Save/Update: select * from MovimientosCuenta JOIN proveedor_movimientos AS proveedor ON MovimientosCuenta.nro_movimiento=proveedor.nro_movimiento WHERE proveedor.id_proveedor IS NOT  NULL ; select * from proveedor_movimientos; select * from documento_movimiento
Save/Update: select * from Proveedor WHERE  Proveedor.id_proveedor=1  
Save/Update: select * from OrdenDeCompra WHERE  OrdenDeCompra.id_proveedor=1  ; select * from documento_movimiento; select * from LineaOrdenDeCompra WHERE borrado = 0
Save/Update: select * from OrdenDeCompra WHERE  OrdenDeCompra.nro_Doc=3  ; select * from documento_movimiento; select * from LineaOrdenDeCompra WHERE borrado = 0
Save/Update: select * from tipoMovimiento WHERE  tipoMovimiento.tipoMovimientoID=1  
Save/Update: select * from Cuenta WHERE  Cuenta.cuentaID=1  
Save/Update: DELETE proveedor_movimientos where nro_movimiento=4  ; DELETE documento_movimiento where nro_movimiento=4  ; ;DELETE MovimientosCuenta WHERE nro_movimiento=4</StdOut>
      </Output>
    </UnitTestResult>
    <UnitTestResult executionId="295c8f99-e629-4306-8baf-99e52afb4b65" testId="47d53732-aaac-b97d-3608-f4da6d7da1f0" testName="cargarHistoricoEstadosTest" computerName="DIEGO-PC" duration="00:00:00.0030619" startTime="2012-12-13T22:12:01.2234879-03:00" endTime="2012-12-13T22:12:01.2324884-03:00" testType="13cdc9d9-ddb5-4fa4-a97d-d965ccfc6d4b" outcome="Passed" testListId="8c84fa94-04c1-424b-9868-57a2d4851a1d" relativeResultsDirectory="295c8f99-e629-4306-8baf-99e52afb4b65">
      <Output>
        <StdOut>Save/Update: select * from historico_estados_produccion</StdOut>
      </Output>
    </UnitTestResult>
    <UnitTestResult executionId="b9c79173-7332-4ffd-adc4-174d3489916f" testId="47f1b7ea-5dbe-ff8b-ee2e-cd35503da3a7" testName="buscarNewsletterPorNombreTest" computerName="DIEGO-PC" duration="00:00:00.0025619" startTime="2012-12-13T22:12:01.2364886-03:00" endTime="2012-12-13T22:12:01.2464892-03:00" testType="13cdc9d9-ddb5-4fa4-a97d-d965ccfc6d4b" outcome="Passed" testListId="8c84fa94-04c1-424b-9868-57a2d4851a1d" relativeResultsDirectory="b9c79173-7332-4ffd-adc4-174d3489916f">
      <Output>
        <StdOut>Save/Update: select * from newsletter WHERE  newsletter.nombre='news1'</StdOut>
      </Output>
    </UnitTestResult>
    <UnitTestResult executionId="9e979a2b-2350-441b-87e1-45bc93a73915" testId="48945e0f-871f-2510-b1ef-49518a731b66" testName="obtenerArticulosFrecuentesTest" computerName="DIEGO-PC" duration="00:00:00.0100794" startTime="2012-12-13T22:12:01.2504894-03:00" endTime="2012-12-13T22:12:01.2674904-03:00" testType="13cdc9d9-ddb5-4fa4-a97d-d965ccfc6d4b" outcome="Passed" testListId="8c84fa94-04c1-424b-9868-57a2d4851a1d" relativeResultsDirectory="9e979a2b-2350-441b-87e1-45bc93a73915">
      <Output>
        <StdOut>Save/Update: select top 3 pr.cod_articulo as idArticulo, SUM(pr.cantidad) as cantidad  from produccion pr, Pedido pe  where(pe.cod_pedido = pr.cod_pedido)  AND pe.id_cliente = 1 group by pr.cod_articulo  order by cantidad desc
Save/Update: select * from Articulos WHERE  Articulos.cod_articulo=2  ; select * from lista_precios WHERE borrado = 0
Save/Update: select * from lista_precios WHERE  lista_precios.cod_articulo=2  
Save/Update: select * from TipoPrenda WHERE  TipoPrenda.tipo_prenda=2  
Save/Update: select * from Diseño WHERE  Diseño.cod_diseño=2  ; select * from historico_estados_diseño WHERE borrado = 0
Save/Update: select * from Articulos WHERE  Articulos.cod_articulo=3  ; select * from lista_precios WHERE borrado = 0
Save/Update: select * from lista_precios WHERE  lista_precios.cod_articulo=3  
Save/Update: select * from TipoPrenda WHERE  TipoPrenda.tipo_prenda=2  
Save/Update: select * from Diseño WHERE  Diseño.cod_diseño=1  ; select * from historico_estados_diseño WHERE borrado = 0
Save/Update: select * from Articulos WHERE  Articulos.cod_articulo=1  ; select * from lista_precios WHERE borrado = 0
Save/Update: select * from lista_precios WHERE  lista_precios.cod_articulo=1  
Save/Update: select * from TipoPrenda WHERE  TipoPrenda.tipo_prenda=1  
Save/Update: select * from Diseño WHERE  Diseño.cod_diseño=1  ; select * from historico_estados_diseño WHERE borrado = 0
Save/Update: DELETE lista_precios WHERE nro_lista=1  AND cod_articulo=4  
Save/Update: DELETE lista_precios WHERE nro_lista=2  AND cod_articulo=4  
Save/Update: DELETE Articulos WHERE cod_articulo=4</StdOut>
      </Output>
    </UnitTestResult>
    <UnitTestResult executionId="a021366f-5857-4423-bbbb-e1ade5d6b63b" testId="4ab5b9e6-5b30-baa0-2e6d-fac9df442766" testName="GuardarPedidoTest" computerName="DIEGO-PC" duration="00:00:04.0684458" startTime="2012-12-13T22:12:01.2714906-03:00" endTime="2012-12-13T22:12:05.3477238-03:00" testType="13cdc9d9-ddb5-4fa4-a97d-d965ccfc6d4b" outcome="Passed" testListId="8c84fa94-04c1-424b-9868-57a2d4851a1d" relativeResultsDirectory="a021366f-5857-4423-bbbb-e1ade5d6b63b">
      <Output>
        <StdOut>Save/Update: SELECT  ISNULL(MAX(cod_pedido + 1),1) from Pedido
Save/Update: INSERT INTO Pedido (cod_pedido, comentario, id_cliente, tipo_pedido, estadoActual, fechaInicio, fechaFinal, borrado) VALUES (5 , 'comentario test', 2 , 2 , 2 ,  CAST('13/12/2012 22:12:01.275'  AS DateTime),  NULL , 0 ); UPDATE produccion SET borrado=1 WHERE cod_pedido=5  ; UPDATE historico_estados_pedido SET borrado=1 WHERE cod_pedido=5  ; 
Save/Update: SELECT  ISNULL(MAX(cod_produccion + 1),1) from produccion
Save/Update: INSERT INTO produccion (cod_produccion, comentario, cod_pedido, cod_maquina, cod_articulo, cantidad, estadoActual, utilizacion, fechaInicio, fechaFinal, borrado) VALUES (7 , 'com1', 5 , 2 , 1 , 10 , 1 , 1,  CAST('13/12/2012 22:12:01.275'  AS DateTime),  NULL , 0 ); UPDATE historico_estados_produccion SET borrado=1 WHERE cod_produccion=7  ; 
Save/Update: UPDATE Pedido SET comentario='comentario test', id_cliente=2 , tipo_pedido=2 , estadoActual=2 , fechaInicio= CAST('13/12/2012 22:12:01.275'  AS DateTime), fechaFinal= NULL , borrado=0  WHERE cod_pedido=5  ; UPDATE produccion SET borrado=1 WHERE cod_pedido=5  ; UPDATE historico_estados_pedido SET borrado=1 WHERE cod_pedido=5  ; 
Save/Update: SELECT  ISNULL(MAX(nro_estado + 1),1) from historico_estados_pedido WHERE cod_pedido=5
Save/Update: INSERT INTO historico_estados_pedido (nro_estado, comentario, cod_pedido, fechaDesde, fechaHasta, estado, borrado) VALUES (1 , '', 5 ,  CAST('13/12/2012 22:12:01.280'  AS DateTime),  NULL , 2 , 0 ); 
Save/Update: UPDATE produccion SET comentario='com1', cod_pedido=5 , cod_maquina=2 , cod_articulo=1 , cantidad=10 , estadoActual=1 , utilizacion=1, fechaInicio= CAST('13/12/2012 22:12:01.275'  AS DateTime), fechaFinal= NULL , borrado=0  WHERE cod_produccion=7  ; UPDATE historico_estados_produccion SET borrado=1 WHERE cod_produccion=7  ; 
Save/Update: select * from Pedido WHERE  Pedido.cod_pedido=5  ; select * from produccion WHERE borrado = 0; select * from historico_estados_pedido WHERE borrado = 0
Save/Update: select * from historico_estados_pedido WHERE  historico_estados_pedido.cod_pedido=5  
Save/Update: select * from tipoPedido WHERE  tipoPedido.tipo_pedido=2  
Save/Update: select * from produccion WHERE  produccion.cod_pedido=5  ; select * from historico_estados_produccion WHERE borrado = 0
Save/Update: select * from Cliente WHERE  Cliente.id_cliente=2  ; select * from cliente_movimientos; select * from Pedido WHERE borrado = 0; select * from Factura WHERE borrado = 0; select * from Diseño WHERE borrado = 0
Save/Update: select * from EstadoPedido WHERE  EstadoPedido.estado_pedido=2  
Save/Update: select * from Usuario WHERE  Usuario.usuarioID=2  ; select * from JoinUsuarioToFamilia; select * from JoinPatenteToUsuario
Save/Update: select * from Familia JOIN JoinUsuarioToFamilia AS usuarios ON Familia.familiaID=usuarios.familiaID WHERE usuarios.usuarioID=2  ; select * from JoinFamiliaToPatente
Save/Update: select * from Patente JOIN JoinFamiliaToPatente AS familia ON Patente.patenteId=familia.patenteId WHERE familia.familiaID=2  
Save/Update: select * from Patente JOIN JoinPatenteToUsuario AS usuario ON Patente.patenteId=usuario.patenteId WHERE usuario.usuarioID=2  
Save/Update: select * from Cliente WHERE  Cliente.usuarioID=2  ; select * from cliente_movimientos; select * from Pedido WHERE borrado = 0; select * from Factura WHERE borrado = 0; select * from Diseño WHERE borrado = 0
Save/Update: select * from newsletter WHERE  newsletter.id=1  
Save/Update: select * from produccion WHERE  produccion.cod_produccion=7  ; select * from historico_estados_produccion WHERE borrado = 0
Save/Update: select * from Pedido WHERE  Pedido.cod_pedido=5  ; select * from produccion WHERE borrado = 0; select * from historico_estados_pedido WHERE borrado = 0
Save/Update: select * from Maquina WHERE  Maquina.cod_maquina=2  ; select * from JoinMaquinaToTipoPrenda
Save/Update: select * from Articulos WHERE  Articulos.cod_articulo=1  ; select * from lista_precios WHERE borrado = 0
Save/Update: select * from EstadoTrabajos WHERE  EstadoTrabajos.cod_estado=1  
Save/Update: select * from historico_estados_produccion WHERE  historico_estados_produccion.cod_produccion=7  
Save/Update: select * from produccion_operador WHERE  produccion_operador.cod_prodcuccion=7  
Save/Update: select * from newsletter WHERE  newsletter.id=2  
Save/Update: select * from Articulos WHERE  Articulos.cod_articulo=1  ; select * from lista_precios WHERE borrado = 0
Save/Update: select * from lista_precios WHERE  lista_precios.cod_articulo=1  
Save/Update: select * from TipoPrenda WHERE  TipoPrenda.tipo_prenda=1  
Save/Update: select * from Diseño WHERE  Diseño.cod_diseño=1  ; select * from historico_estados_diseño WHERE borrado = 0
Save/Update: select * from Pedido WHERE  Pedido.cod_pedido=5  ; select * from produccion WHERE borrado = 0; select * from historico_estados_pedido WHERE borrado = 0
Save/Update: select * from historico_estados_pedido WHERE  historico_estados_pedido.cod_pedido=5  
Save/Update: select * from tipoPedido WHERE  tipoPedido.tipo_pedido=2  
Save/Update: select * from produccion WHERE  produccion.cod_pedido=5  ; select * from historico_estados_produccion WHERE borrado = 0
Save/Update: select * from Cliente WHERE  Cliente.id_cliente=2  ; select * from cliente_movimientos; select * from Pedido WHERE borrado = 0; select * from Factura WHERE borrado = 0; select * from Diseño WHERE borrado = 0
Save/Update: select * from EstadoPedido WHERE  EstadoPedido.estado_pedido=2  
Save/Update: DELETE historico_estados_pedido WHERE nro_estado=1  AND cod_pedido=5  
Save/Update: DELETE historico_estados_pedido WHERE nro_estado=2  AND cod_pedido=5  
Save/Update: DELETE produccion WHERE cod_produccion=7  
Save/Update: DELETE Pedido WHERE cod_pedido=5</StdOut>
      </Output>
    </UnitTestResult>
    <UnitTestResult executionId="0f6fb7b1-4449-4a1f-a4f8-47ba77e33018" testId="4b2e2241-5ba0-4bf3-a87c-c3b9957ec404" testName="buscarPrendasTest" computerName="DIEGO-PC" duration="00:00:00.0016829" startTime="2012-12-13T22:12:05.3497239-03:00" endTime="2012-12-13T22:12:05.3587244-03:00" testType="13cdc9d9-ddb5-4fa4-a97d-d965ccfc6d4b" outcome="Passed" testListId="8c84fa94-04c1-424b-9868-57a2d4851a1d" relativeResultsDirectory="0f6fb7b1-4449-4a1f-a4f8-47ba77e33018">
      <Output>
        <StdOut>Save/Update: select * from TipoPrenda</StdOut>
      </Output>
    </UnitTestResult>
    <UnitTestResult executionId="c9225727-0b2f-4a5e-b6a6-3622e5f497f3" testId="4b4cc00b-440a-fb3e-bf1c-58f18a59fbb6" testName="actualizaArticuloTest" computerName="DIEGO-PC" duration="00:00:00.0238235" startTime="2012-12-13T22:12:05.3617246-03:00" endTime="2012-12-13T22:12:05.3927264-03:00" testType="13cdc9d9-ddb5-4fa4-a97d-d965ccfc6d4b" outcome="Passed" testListId="8c84fa94-04c1-424b-9868-57a2d4851a1d" relativeResultsDirectory="c9225727-0b2f-4a5e-b6a6-3622e5f497f3">
      <Output>
        <StdOut>Save/Update: SELECT  ISNULL(MAX(cod_articulo + 1),1) from Articulos
Save/Update: INSERT INTO Articulos (cod_articulo, tipoPrendaID, diseñoID, comentario, produccion, precioActual, borrado) VALUES (4 , 3 , 2 , 'com test', 10 , 1, 0 ); UPDATE lista_precios SET borrado=1 WHERE cod_articulo=4  ; 
Save/Update: SELECT  ISNULL( MAX(nro_lista + 1), 1) from lista_precios WHERE cod_articulo=4
Save/Update: INSERT INTO lista_precios (nro_lista, cod_articulo, precio, fechaDesde, fechaHasta, borrado) VALUES (1 , 4 , 1,  CAST('13/12/2012 22:12:05.366'  AS DateTime),  NULL , 0 ); 
Save/Update: select * from Articulos WHERE  Articulos.cod_articulo=4  ; select * from lista_precios WHERE borrado = 0
Save/Update: select * from lista_precios WHERE  lista_precios.cod_articulo=4  
Save/Update: select * from TipoPrenda WHERE  TipoPrenda.tipo_prenda=3  
Save/Update: select * from Diseño WHERE  Diseño.cod_diseño=2  ; select * from historico_estados_diseño WHERE borrado = 0
Save/Update: select * from Articulos WHERE  Articulos.cod_articulo=4  ; select * from lista_precios WHERE borrado = 0
Save/Update: select * from lista_precios WHERE  lista_precios.cod_articulo=4  
Save/Update: select * from TipoPrenda WHERE  TipoPrenda.tipo_prenda=3  
Save/Update: select * from Diseño WHERE  Diseño.cod_diseño=2  ; select * from historico_estados_diseño WHERE borrado = 0
Save/Update: UPDATE Articulos SET tipoPrendaID=3 , diseñoID=2 , comentario='com test', produccion=8 , precioActual=2, borrado=0  WHERE cod_articulo=4  ; UPDATE lista_precios SET borrado=1 WHERE cod_articulo=4  ; 
Save/Update: UPDATE lista_precios SET precio=1, fechaDesde= CAST('13/12/2012 22:12:05.367'  AS DateTime), fechaHasta= CAST('13/12/2012 22:12:05.377'  AS DateTime), borrado=0  WHERE nro_lista=1  AND cod_articulo=4  ; 
Save/Update: SELECT  ISNULL( MAX(nro_lista + 1), 1) from lista_precios WHERE cod_articulo=4
Save/Update: INSERT INTO lista_precios (nro_lista, cod_articulo, precio, fechaDesde, fechaHasta, borrado) VALUES (2 , 4 , 2,  CAST('13/12/2012 22:12:05.377'  AS DateTime),  NULL , 0 ); 
Save/Update: select * from Articulos WHERE  Articulos.cod_articulo=4  ; select * from lista_precios WHERE borrado = 0
Save/Update: select * from lista_precios WHERE  lista_precios.cod_articulo=4  
Save/Update: select * from TipoPrenda WHERE  TipoPrenda.tipo_prenda=3  
Save/Update: select * from Diseño WHERE  Diseño.cod_diseño=2  ; select * from historico_estados_diseño WHERE borrado = 0
Save/Update: DELETE lista_precios WHERE nro_lista=1  AND cod_articulo=4  
Save/Update: DELETE lista_precios WHERE nro_lista=2  AND cod_articulo=4  
Save/Update: DELETE Articulos WHERE cod_articulo=4</StdOut>
      </Output>
    </UnitTestResult>
    <UnitTestResult executionId="c9a29f8b-cca4-47dc-bbda-ab906837a23a" testId="4cab3d76-8fe4-c6a9-062c-275660c809ba" testName="listarOpinionesPorIdTest" computerName="DIEGO-PC" duration="00:00:00.0077379" startTime="2012-12-13T22:12:05.3957265-03:00" endTime="2012-12-13T22:12:05.4127275-03:00" testType="13cdc9d9-ddb5-4fa4-a97d-d965ccfc6d4b" outcome="Passed" testListId="8c84fa94-04c1-424b-9868-57a2d4851a1d" relativeResultsDirectory="c9a29f8b-cca4-47dc-bbda-ab906837a23a">
      <Output>
        <StdOut>Save/Update: select * from opiniones WHERE  opiniones.id=1</StdOut>
      </Output>
    </UnitTestResult>
    <UnitTestResult executionId="a284a84c-b2d8-41d9-a482-23a663698a9b" testId="4cc6b71b-462c-2bdc-f536-28b4d3d30de5" testName="borrarProveedorTest" computerName="DIEGO-PC" duration="00:00:00.0055310" startTime="2012-12-13T22:12:05.4157277-03:00" endTime="2012-12-13T22:12:05.4297285-03:00" testType="13cdc9d9-ddb5-4fa4-a97d-d965ccfc6d4b" outcome="Passed" testListId="8c84fa94-04c1-424b-9868-57a2d4851a1d" relativeResultsDirectory="a284a84c-b2d8-41d9-a482-23a663698a9b">
      <Output>
        <StdOut>Save/Update: INSERT INTO Proveedor (id_proveedor, nombre, telefono, direccion) VALUES (4 , 'nombre4', '4444-4444', 'direccion 4'); 
Save/Update: select * from Proveedor WHERE  Proveedor.id_proveedor=4  
Save/Update: DELETE Proveedor WHERE id_proveedor=4  
Save/Update: select * from Proveedor WHERE  Proveedor.id_proveedor=4</StdOut>
      </Output>
    </UnitTestResult>
    <UnitTestResult executionId="850fcf48-1936-4214-af2d-83e87f06d7a9" testId="4d2a8d5b-b176-00fc-503a-b6acea4e399d" testName="modificarTest" computerName="DIEGO-PC" duration="00:00:00.0071270" startTime="2012-12-13T22:12:05.4327286-03:00" endTime="2012-12-13T22:12:05.4477295-03:00" testType="13cdc9d9-ddb5-4fa4-a97d-d965ccfc6d4b" outcome="Passed" testListId="8c84fa94-04c1-424b-9868-57a2d4851a1d" relativeResultsDirectory="850fcf48-1936-4214-af2d-83e87f06d7a9">
      <Output>
        <StdOut>Save/Update: select * from Mensaje WHERE  Mensaje.id=2  
Save/Update: UPDATE Mensaje SET tipoMensaje=0 , fecha= CAST('26/08/2012 16:35:00.000'  AS DateTime), mensaje='msj de 1 a 2', leido=1 , borrado=0 , id_conversacion=1  WHERE id=2  ; 
Save/Update: select * from Mensaje WHERE  Mensaje.id=2  
Save/Update: UPDATE Mensaje SET tipoMensaje=0 , fecha= CAST('26/08/2012 16:35:00.000'  AS DateTime), mensaje='msj de 1 a 2', leido=0 , borrado=0 , id_conversacion=1  WHERE id=2  ;</StdOut>
      </Output>
    </UnitTestResult>
    <UnitTestResult executionId="c9bce767-2084-49a6-8ead-aa08138c5ab4" testId="4d891028-ff30-5474-0c6f-59e839f50717" testName="buscarPorDescripcionTest" computerName="DIEGO-PC" duration="00:00:00.0063548" startTime="2012-12-13T22:12:05.4507297-03:00" endTime="2012-12-13T22:12:05.4647305-03:00" testType="13cdc9d9-ddb5-4fa4-a97d-d965ccfc6d4b" outcome="Passed" testListId="8c84fa94-04c1-424b-9868-57a2d4851a1d" relativeResultsDirectory="c9bce767-2084-49a6-8ead-aa08138c5ab4">
      <Output>
        <StdOut>Save/Update: select * from tipoMovimiento WHERE  tipoMovimiento.movimiento='credito'</StdOut>
      </Output>
    </UnitTestResult>
    <UnitTestResult executionId="70e68916-bb21-4380-adc2-cc6d34179d5e" testId="4e213555-50ef-010c-9653-9ed4341cc7e4" testName="buscarDiseñoInsumoConRestriccionesTest" computerName="DIEGO-PC" duration="00:00:00.0058290" startTime="2012-12-13T22:12:05.4677306-03:00" endTime="2012-12-13T22:12:05.4817314-03:00" testType="13cdc9d9-ddb5-4fa4-a97d-d965ccfc6d4b" outcome="Passed" testListId="8c84fa94-04c1-424b-9868-57a2d4851a1d" relativeResultsDirectory="70e68916-bb21-4380-adc2-cc6d34179d5e">
      <Output>
        <StdOut>Save/Update: select * from Diseño_insumos WHERE  Diseño_insumos.cantidad=1 AND  Diseño_insumos.cod_diseño=1  AND  Diseño_insumos.cod_insumo=1  
Save/Update: DELETE Diseño_insumos WHERE cod_diseño=2  AND cod_insumo=1</StdOut>
      </Output>
    </UnitTestResult>
    <UnitTestResult executionId="f930e008-2392-4dd6-b700-7420fe7b0088" testId="4f159a29-3cb7-c1f2-9ed8-8c5ed23afcbe" testName="actualizarDiseñoTest" computerName="DIEGO-PC" duration="00:00:00.0462907" startTime="2012-12-13T22:12:05.4837316-03:00" endTime="2012-12-13T22:12:05.5397348-03:00" testType="13cdc9d9-ddb5-4fa4-a97d-d965ccfc6d4b" outcome="Passed" testListId="8c84fa94-04c1-424b-9868-57a2d4851a1d" relativeResultsDirectory="f930e008-2392-4dd6-b700-7420fe7b0088">
      <Output>
        <StdOut>Save/Update: SELECT  ISNULL(MAX(cod_diseño + 1),1) from Diseño
Save/Update: INSERT INTO Diseño (cod_diseño, nombre, puntadas, alto, ancho, id_cliente, estadoActual, pathImagen, pathDetalle, pathArchivoEditable, pathArchivoFinal, borrado) VALUES (3 , 'diseño3', 3333 , 33 , 33 , 1 , 1 , '/cliente1/imagen/diseño1.jpg', '/cliente1/detalle/diseño1.jpg', '/cliente1/diseñoEditable/diseño1.jpg', '', 0 ); UPDATE historico_estados_diseño SET borrado=1 WHERE cod_diseño=3  ; 
Save/Update: SELECT  ISNULL(MAX(nro_estado + 1),1) from historico_estados_diseño WHERE cod_diseño=3
Save/Update: INSERT INTO historico_estados_diseño (nro_estado, cod_diseño, comentario, fechaDesde, fechaHasta, estado, borrado) VALUES (1 , 3 , 'test',  CAST('13/12/2012 22:12:05.491'  AS DateTime),  NULL , 1 , 0 ); 
Save/Update: select * from Diseño WHERE  Diseño.cod_diseño=3  ; select * from historico_estados_diseño WHERE borrado = 0
Save/Update: select * from Cliente WHERE  Cliente.id_cliente=1  ; select * from cliente_movimientos; select * from Pedido WHERE borrado = 0; select * from Factura WHERE borrado = 0; select * from Diseño WHERE borrado = 0
Save/Update: select * from Usuario WHERE  Usuario.usuarioID=1  ; select * from JoinUsuarioToFamilia; select * from JoinPatenteToUsuario
Save/Update: select * from Diseño_insumos WHERE  Diseño_insumos.cod_diseño=3  
Save/Update: select * from historico_estados_diseño WHERE  historico_estados_diseño.cod_diseño=3  
Save/Update: select * from EstadoDiseños WHERE  EstadoDiseños.estado=1  
Save/Update: UPDATE Diseño SET nombre='diseño3', puntadas=3333 , alto=33 , ancho=33 , id_cliente=1 , estadoActual=2 , pathImagen='/cliente1/imagen/diseño1.jpg', pathDetalle='/cliente1/detalle/diseño1.jpg', pathArchivoEditable='/cliente1/diseñoEditable/diseño1.jpg', pathArchivoFinal='/cliente1/diseño/diseño1.jpg', borrado=0  WHERE cod_diseño=3  ; UPDATE historico_estados_diseño SET borrado=1 WHERE cod_diseño=3  ; 
Save/Update: DELETE Diseño_insumos WHERE cod_diseño=3  AND cod_insumo=1  
Save/Update: INSERT INTO Diseño_insumos (cod_diseño, cod_insumo, cantidad) VALUES (3 , 1 , 3); 
Save/Update: UPDATE historico_estados_diseño SET comentario='test', fechaDesde= CAST('13/12/2012 22:12:05.490'  AS DateTime), fechaHasta= CAST('13/12/2012 22:12:05.516'  AS DateTime), estado=1 , borrado=0  WHERE nro_estado=1  AND cod_diseño=3  ; 
Save/Update: SELECT  ISNULL(MAX(nro_estado + 1),1) from historico_estados_diseño WHERE cod_diseño=3
Save/Update: INSERT INTO historico_estados_diseño (nro_estado, cod_diseño, comentario, fechaDesde, fechaHasta, estado, borrado) VALUES (2 , 3 , 'test',  CAST('13/12/2012 22:12:05.516'  AS DateTime),  NULL , 2 , 0 ); 
Save/Update: select * from Diseño WHERE  Diseño.cod_diseño=3  ; select * from historico_estados_diseño WHERE borrado = 0
Save/Update: select * from Cliente WHERE  Cliente.id_cliente=1  ; select * from cliente_movimientos; select * from Pedido WHERE borrado = 0; select * from Factura WHERE borrado = 0; select * from Diseño WHERE borrado = 0
Save/Update: select * from Usuario WHERE  Usuario.usuarioID=1  ; select * from JoinUsuarioToFamilia; select * from JoinPatenteToUsuario
Save/Update: select * from Diseño_insumos WHERE  Diseño_insumos.cod_diseño=3  
Save/Update: select * from historico_estados_diseño WHERE  historico_estados_diseño.cod_diseño=3  
Save/Update: select * from EstadoDiseños WHERE  EstadoDiseños.estado=2  
Save/Update: DELETE FROM Diseño_insumos where cod_diseño=3
Save/Update: DELETE FROM historico_estados_diseño where cod_diseño=3
Save/Update: DELETE Diseño WHERE cod_diseño=3</StdOut>
      </Output>
    </UnitTestResult>
    <UnitTestResult executionId="5f26b29a-0941-419b-a658-b9677fe25481" testId="4f3a2e54-c06b-cfc2-386b-24b648fee82c" testName="cargarMovimientosTest" computerName="DIEGO-PC" duration="00:00:00.0040809" startTime="2012-12-13T22:12:05.5417349-03:00" endTime="2012-12-13T22:12:05.5527355-03:00" testType="13cdc9d9-ddb5-4fa4-a97d-d965ccfc6d4b" outcome="Passed" testListId="8c84fa94-04c1-424b-9868-57a2d4851a1d" relativeResultsDirectory="5f26b29a-0941-419b-a658-b9677fe25481">
      <Output>
        <StdOut>Save/Update: select * from MovimientosStock
Save/Update: DELETE MovimientosStock WHERE nro_movimiento=3  AND cod_insumo=1</StdOut>
      </Output>
    </UnitTestResult>
    <UnitTestResult executionId="8090b65e-23c3-446b-acfa-52566ead0eee" testId="5062f8db-d3cc-b220-b391-1deb74053b65" testName="listarConversacionesPorIdTest" computerName="DIEGO-PC" duration="00:00:00.0063915" startTime="2012-12-13T22:12:05.5547356-03:00" endTime="2012-12-13T22:12:05.5717366-03:00" testType="13cdc9d9-ddb5-4fa4-a97d-d965ccfc6d4b" outcome="Passed" testListId="8c84fa94-04c1-424b-9868-57a2d4851a1d" relativeResultsDirectory="8090b65e-23c3-446b-acfa-52566ead0eee">
      <Output>
        <StdOut>Save/Update: select * from Conversacion WHERE  Conversacion.remitente=1  ; select * from mensaje WHERE borrado = 0
Save/Update: select * from Conversacion WHERE  Conversacion.destinatario=1  ; select * from mensaje WHERE borrado = 0
Save/Update: select * from Usuario WHERE  Usuario.usuarioID=1  ; select * from JoinUsuarioToFamilia; select * from JoinPatenteToUsuario
Save/Update: select * from Usuario WHERE  Usuario.usuarioID=2  ; select * from JoinUsuarioToFamilia; select * from JoinPatenteToUsuario
Save/Update: select * from Mensaje WHERE  Mensaje.id_conversacion=1</StdOut>
      </Output>
    </UnitTestResult>
    <UnitTestResult executionId="024bbdc4-a6aa-4277-b2f7-26d3b57d6806" testId="5136f8bc-ea30-8e7a-77a2-f46a924db348" testName="buscarTodoTest" computerName="DIEGO-PC" duration="00:00:00.0030293" startTime="2012-12-13T22:12:05.5747368-03:00" endTime="2012-12-13T22:12:05.5847373-03:00" testType="13cdc9d9-ddb5-4fa4-a97d-d965ccfc6d4b" outcome="Passed" testListId="8c84fa94-04c1-424b-9868-57a2d4851a1d" relativeResultsDirectory="024bbdc4-a6aa-4277-b2f7-26d3b57d6806">
      <Output>
        <StdOut>Save/Update: select * from Proveedor</StdOut>
      </Output>
    </UnitTestResult>
    <UnitTestResult executionId="af77d26b-7869-45b8-b005-6a21fadf40b3" testId="513854bd-1669-ed84-d891-6995e53105ac" testName="cargarFacturasConRestriccionesTest" computerName="DIEGO-PC" duration="00:00:00.1481359" startTime="2012-12-13T22:12:05.5867374-03:00" endTime="2012-12-13T22:12:05.7467466-03:00" testType="13cdc9d9-ddb5-4fa4-a97d-d965ccfc6d4b" outcome="Passed" testListId="8c84fa94-04c1-424b-9868-57a2d4851a1d" relativeResultsDirectory="af77d26b-7869-45b8-b005-6a21fadf40b3">
      <Output>
        <StdOut>Save/Update: select * from Factura WHERE  Factura.borrado=0  AND  Factura.id_cliente=1  AND  Factura.fecha= CAST('11/11/2011 00:00:00.000'  AS DateTime) AND  Factura.iva=11 AND  Factura.nro_Doc=1  AND  Factura.nro_factura=1  AND  Factura.nro_sucursal=1  AND  Factura.tipo_factura='A' AND  Factura.nro_Doc=1  ; select * from documento_movimiento; select * from LineaFactura WHERE borrado = 0
Save/Update: delete Factura where nro_doc=5
Save/Update: delete documento where nro_doc=5</StdOut>
      </Output>
    </UnitTestResult>
    <UnitTestResult executionId="1f0d5284-8cb9-4d7f-9a03-a6494437a827" testId="52baea7e-b200-446e-6971-763252eb7cdd" testName="cargarHistoricoEstadosTest" computerName="DIEGO-PC" duration="00:00:00.0030800" startTime="2012-12-13T22:12:05.7497468-03:00" endTime="2012-12-13T22:12:05.7627475-03:00" testType="13cdc9d9-ddb5-4fa4-a97d-d965ccfc6d4b" outcome="Passed" testListId="8c84fa94-04c1-424b-9868-57a2d4851a1d" relativeResultsDirectory="1f0d5284-8cb9-4d7f-9a03-a6494437a827">
      <Output>
        <StdOut>Save/Update: select * from historico_estados_pedido</StdOut>
      </Output>
    </UnitTestResult>
    <UnitTestResult executionId="ff3709b4-06e1-4605-9721-efaa20fce1fa" testId="52d17b0e-d936-129e-43f3-078523a7b6ea" testName="actualizarClienteTest" computerName="DIEGO-PC" duration="00:00:00.0408493" startTime="2012-12-13T22:12:05.7667477-03:00" endTime="2012-12-13T22:12:05.8157505-03:00" testType="13cdc9d9-ddb5-4fa4-a97d-d965ccfc6d4b" outcome="Passed" testListId="8c84fa94-04c1-424b-9868-57a2d4851a1d" relativeResultsDirectory="ff3709b4-06e1-4605-9721-efaa20fce1fa">
      <Output>
        <StdOut>Save/Update: select * from Cliente WHERE  Cliente.id_cliente=1  ; select * from cliente_movimientos; select * from Pedido WHERE borrado = 0; select * from Factura WHERE borrado = 0; select * from Diseño WHERE borrado = 0
Save/Update: select * from Usuario WHERE  Usuario.usuarioID=1  ; select * from JoinUsuarioToFamilia; select * from JoinPatenteToUsuario
Save/Update: select * from Familia JOIN JoinUsuarioToFamilia AS usuarios ON Familia.familiaID=usuarios.familiaID WHERE usuarios.usuarioID=1  ; select * from JoinFamiliaToPatente
Save/Update: select * from Patente JOIN JoinPatenteToUsuario AS usuario ON Patente.patenteId=usuario.patenteId WHERE usuario.usuarioID=1  
Save/Update: select * from Cliente WHERE  Cliente.usuarioID=1  ; select * from cliente_movimientos; select * from Pedido WHERE borrado = 0; select * from Factura WHERE borrado = 0; select * from Diseño WHERE borrado = 0
Save/Update: select * from Diseño WHERE  Diseño.id_cliente=1  ; select * from historico_estados_diseño WHERE borrado = 0
Save/Update: select * from Factura WHERE  Factura.id_cliente=1  ; select * from documento_movimiento; select * from LineaFactura WHERE borrado = 0
Save/Update: select * from Pedido WHERE  Pedido.id_cliente=1  ; select * from produccion WHERE borrado = 0; select * from historico_estados_pedido WHERE borrado = 0
Save/Update: select * from MovimientosCuenta JOIN cliente_movimientos AS cliente ON MovimientosCuenta.nro_movimiento=cliente.nro_movimiento WHERE cliente.id_cliente=1  AND cliente.id_cliente IS NOT  NULL ; select * from cliente_movimientos; select * from documento_movimiento
Save/Update: UPDATE Usuario SET nombre='nombre6', apellido='apellido6', mail='mail6@test.com', password='pas633', telefonoFijo='6666-6666', telefonoMovil='6666-6666', bloqueado=0  WHERE usuarioID=1  ; DELETE JoinUsuarioToFamilia where usuarioID=1  ;  INSERT INTO JoinUsuarioToFamilia ( usuarioID, familiaID) VALUES ( 1 , 5 ); DELETE JoinPatenteToUsuario where usuarioID=1  ;  INSERT INTO JoinPatenteToUsuario ( usuarioID, patenteId) VALUES ( 1 , 3 ); 
Save/Update: UPDATE Cliente SET habitadoTurnos=0 , newsletter=1  WHERE id_cliente=1  ; UPDATE Pedido SET borrado=1 WHERE id_cliente=1  ; UPDATE Factura SET borrado=1 WHERE id_cliente=1  ; UPDATE Diseño SET borrado=1 WHERE id_cliente=1  ; 
Save/Update: select * from Cliente WHERE  Cliente.id_cliente=1  ; select * from cliente_movimientos; select * from Pedido WHERE borrado = 0; select * from Factura WHERE borrado = 0; select * from Diseño WHERE borrado = 0
Save/Update: select * from Usuario WHERE  Usuario.usuarioID=1  ; select * from JoinUsuarioToFamilia; select * from JoinPatenteToUsuario
Save/Update: select * from Familia JOIN JoinUsuarioToFamilia AS usuarios ON Familia.familiaID=usuarios.familiaID WHERE usuarios.usuarioID=1  ; select * from JoinFamiliaToPatente
Save/Update: select * from Patente JOIN JoinFamiliaToPatente AS familia ON Patente.patenteId=familia.patenteId WHERE familia.familiaID=5  
Save/Update: select * from Patente JOIN JoinPatenteToUsuario AS usuario ON Patente.patenteId=usuario.patenteId WHERE usuario.usuarioID=1  
Save/Update: select * from Cliente WHERE  Cliente.usuarioID=1  ; select * from cliente_movimientos; select * from Pedido WHERE borrado = 0; select * from Factura WHERE borrado = 0; select * from Diseño WHERE borrado = 0
Save/Update: select * from Diseño WHERE  Diseño.id_cliente=1  ; select * from historico_estados_diseño WHERE borrado = 0
Save/Update: select * from Factura WHERE  Factura.id_cliente=1  ; select * from documento_movimiento; select * from LineaFactura WHERE borrado = 0
Save/Update: select * from Pedido WHERE  Pedido.id_cliente=1  ; select * from produccion WHERE borrado = 0; select * from historico_estados_pedido WHERE borrado = 0
Save/Update: select * from MovimientosCuenta JOIN cliente_movimientos AS cliente ON MovimientosCuenta.nro_movimiento=cliente.nro_movimiento WHERE cliente.id_cliente=1  AND cliente.id_cliente IS NOT  NULL ; select * from cliente_movimientos; select * from documento_movimiento
Save/Update: UPDATE Usuario SET nombre='nombre1', apellido='apellido1', mail='mail1@test.com', password='11C8', telefonoFijo='1111-1111', telefonoMovil='1111-1111', bloqueado=0  WHERE usuarioID=1  ; DELETE JoinUsuarioToFamilia where usuarioID=1  ; DELETE JoinPatenteToUsuario where usuarioID=1  ;  INSERT INTO JoinPatenteToUsuario ( usuarioID, patenteId) VALUES ( 1 , 1 ); 
Save/Update: UPDATE Cliente SET habitadoTurnos=1 , newsletter=0  WHERE id_cliente=1  ; UPDATE Pedido SET borrado=1 WHERE id_cliente=1  ; UPDATE Factura SET borrado=1 WHERE id_cliente=1  ; UPDATE Diseño SET borrado=1 WHERE id_cliente=1  ; 
Save/Update:  UPDATE factura set borrado = 0 
Save/Update:  UPDATE diseño set borrado = 0 
Save/Update:  UPDATE pedido set borrado = 0</StdOut>
      </Output>
    </UnitTestResult>
    <UnitTestResult executionId="8832dab7-14b8-4da7-a5d9-ca805317d73d" testId="53977503-45e6-020c-cee1-a5a2bdcb3045" testName="borrarFamiliaTest" computerName="DIEGO-PC" duration="00:00:00.0068892" startTime="2012-12-13T22:12:05.8167506-03:00" endTime="2012-12-13T22:12:05.8327515-03:00" testType="13cdc9d9-ddb5-4fa4-a97d-d965ccfc6d4b" outcome="Passed" testListId="8c84fa94-04c1-424b-9868-57a2d4851a1d" relativeResultsDirectory="8832dab7-14b8-4da7-a5d9-ca805317d73d">
      <Output>
        <StdOut>Save/Update: INSERT INTO Familia (familiaID, descripcion, nombre) VALUES (7 , 'familia test', 'test'); DELETE JoinFamiliaToPatente where familiaID=7  ;  INSERT INTO JoinFamiliaToPatente ( familiaID, patenteId) VALUES ( 7 , 9 ); 
Save/Update: select * from Familia WHERE  Familia.familiaID=7  ; select * from JoinFamiliaToPatente
Save/Update: DELETE JoinFamiliaToPatente where familiaID=7  ; ;DELETE Familia WHERE familiaID=7  
Save/Update: select * from Familia WHERE  Familia.familiaID=7  ; select * from JoinFamiliaToPatente</StdOut>
      </Output>
    </UnitTestResult>
    <UnitTestResult executionId="ae49ab1d-04c2-4ae3-b1ef-5cbb7b09ce6b" testId="53e8a9c8-96f4-eccd-a6cf-588d5c1fbc4b" testName="guardarArticuloTest" computerName="DIEGO-PC" duration="00:00:00.0098973" startTime="2012-12-13T22:12:05.8347516-03:00" endTime="2012-12-13T22:12:05.8527527-03:00" testType="13cdc9d9-ddb5-4fa4-a97d-d965ccfc6d4b" outcome="Passed" testListId="8c84fa94-04c1-424b-9868-57a2d4851a1d" relativeResultsDirectory="ae49ab1d-04c2-4ae3-b1ef-5cbb7b09ce6b">
      <Output>
        <StdOut>Save/Update: SELECT  ISNULL(MAX(cod_articulo + 1),1) from Articulos
Save/Update: INSERT INTO Articulos (cod_articulo, tipoPrendaID, diseñoID, comentario, produccion, precioActual, borrado) VALUES (4 , 3 , 2 , 'com test', 10 , 1, 0 ); UPDATE lista_precios SET borrado=1 WHERE cod_articulo=4  ; 
Save/Update: SELECT  ISNULL( MAX(nro_lista + 1), 1) from lista_precios WHERE cod_articulo=4
Save/Update: INSERT INTO lista_precios (nro_lista, cod_articulo, precio, fechaDesde, fechaHasta, borrado) VALUES (1 , 4 , 1,  CAST('13/12/2012 22:12:05.840'  AS DateTime),  NULL , 0 ); 
Save/Update: select * from Articulos WHERE  Articulos.cod_articulo=4  ; select * from lista_precios WHERE borrado = 0
Save/Update: select * from lista_precios WHERE  lista_precios.cod_articulo=4  
Save/Update: select * from TipoPrenda WHERE  TipoPrenda.tipo_prenda=3  
Save/Update: select * from Diseño WHERE  Diseño.cod_diseño=2  ; select * from historico_estados_diseño WHERE borrado = 0
Save/Update: DELETE lista_precios WHERE nro_lista=1  AND cod_articulo=4  
Save/Update: DELETE lista_precios WHERE nro_lista=2  AND cod_articulo=4  
Save/Update: DELETE Articulos WHERE cod_articulo=4</StdOut>
      </Output>
    </UnitTestResult>
    <UnitTestResult executionId="723ac32b-46d5-46ff-b170-f6a5b1680738" testId="53fb134c-9656-57a4-8598-b11e28cf481e" testName="actualizarMovimientoTest" computerName="DIEGO-PC" duration="00:00:00.0155366" startTime="2012-12-13T22:12:05.8547528-03:00" endTime="2012-12-13T22:12:05.8797542-03:00" testType="13cdc9d9-ddb5-4fa4-a97d-d965ccfc6d4b" outcome="Passed" testListId="8c84fa94-04c1-424b-9868-57a2d4851a1d" relativeResultsDirectory="723ac32b-46d5-46ff-b170-f6a5b1680738">
      <Output>
        <StdOut>Save/Update: SELECT  ISNULL(MAX(nro_movimiento + 1),1) from MovimientosCuenta
Save/Update: INSERT INTO MovimientosCuenta (nro_movimiento, comentario, fecha, monto, cuentaID, tipoMovimientoID) VALUES (4 , 'com4',  CAST('13/12/2012 22:12:05.861'  AS DateTime), 33.3, 1 , 2 ); DELETE proveedor_movimientos where nro_movimiento=4  ;  INSERT INTO proveedor_movimientos ( nro_movimiento, id_proveedor) VALUES ( 4 , 3 ); DELETE documento_movimiento where nro_movimiento=4  ; 
Save/Update: select * from MovimientosCuenta JOIN proveedor_movimientos AS proveedor ON MovimientosCuenta.nro_movimiento=proveedor.nro_movimiento WHERE  MovimientosCuenta.nro_movimiento=4  AND proveedor.id_proveedor IS NOT  NULL ; select * from proveedor_movimientos; select * from documento_movimiento
Save/Update: select * from Proveedor WHERE  Proveedor.id_proveedor=3  
Save/Update: select * from OrdenDeCompra WHERE  OrdenDeCompra.id_proveedor=3  ; select * from documento_movimiento; select * from LineaOrdenDeCompra WHERE borrado = 0
Save/Update: select * from tipoMovimiento WHERE  tipoMovimiento.tipoMovimientoID=2  
Save/Update: select * from Cuenta WHERE  Cuenta.cuentaID=1  
Save/Update: UPDATE MovimientosCuenta SET comentario='com4', fecha= CAST('13/12/2012 22:12:05.860'  AS DateTime), monto=33.3, cuentaID=1 , tipoMovimientoID=2  WHERE nro_movimiento=4  ; DELETE proveedor_movimientos where nro_movimiento=4  ;  INSERT INTO proveedor_movimientos ( nro_movimiento, id_proveedor) VALUES ( 4 , 1 ); DELETE documento_movimiento where nro_movimiento=4  ; 
Save/Update: select * from MovimientosCuenta JOIN proveedor_movimientos AS proveedor ON MovimientosCuenta.nro_movimiento=proveedor.nro_movimiento WHERE  MovimientosCuenta.nro_movimiento=4  AND proveedor.id_proveedor IS NOT  NULL ; select * from proveedor_movimientos; select * from documento_movimiento
Save/Update: select * from Proveedor WHERE  Proveedor.id_proveedor=1  
Save/Update: select * from OrdenDeCompra WHERE  OrdenDeCompra.id_proveedor=1  ; select * from documento_movimiento; select * from LineaOrdenDeCompra WHERE borrado = 0
Save/Update: select * from tipoMovimiento WHERE  tipoMovimiento.tipoMovimientoID=2  
Save/Update: select * from Cuenta WHERE  Cuenta.cuentaID=1  
Save/Update: DELETE proveedor_movimientos where nro_movimiento=4  ; DELETE documento_movimiento where nro_movimiento=4  ; ;DELETE MovimientosCuenta WHERE nro_movimiento=4</StdOut>
      </Output>
    </UnitTestResult>
    <UnitTestResult executionId="736baa0c-c1d5-4900-930d-d2da2e8e93a1" testId="542e3d8e-c605-852a-af9b-310782faad08" testName="actualizarMaquinaTest" computerName="DIEGO-PC" duration="00:00:00.0177906" startTime="2012-12-13T22:12:05.8827544-03:00" endTime="2012-12-13T22:12:05.9097559-03:00" testType="13cdc9d9-ddb5-4fa4-a97d-d965ccfc6d4b" outcome="Passed" testListId="8c84fa94-04c1-424b-9868-57a2d4851a1d" relativeResultsDirectory="736baa0c-c1d5-4900-930d-d2da2e8e93a1">
      <Output>
        <StdOut>Save/Update: SELECT  ISNULL(MAX(cod_maquina + 1),1) from Maquina
Save/Update: INSERT INTO Maquina (cod_maquina, altoMargen, anchoMargen, cabezales, nombre, velocidadPromedio, cantidadColores) VALUES (4 , 100 , 200 , 12 , 'nombre nuevo', 1000 , 12 ); DELETE JoinMaquinaToTipoPrenda where cod_maquina=4  ;  INSERT INTO JoinMaquinaToTipoPrenda ( cod_maquina, tipo_prenda) VALUES ( 4 , 1 );  INSERT INTO JoinMaquinaToTipoPrenda ( cod_maquina, tipo_prenda) VALUES ( 4 , 2 ); 
Save/Update: select * from Maquina WHERE  Maquina.cod_maquina=4  ; select * from JoinMaquinaToTipoPrenda
Save/Update: select * from TipoPrenda WHERE  TipoPrenda.tipo_prenda=1  
Save/Update: select * from TipoPrenda WHERE  TipoPrenda.tipo_prenda=2  
Save/Update: UPDATE Maquina SET altoMargen=100 , anchoMargen=200 , cabezales=12 , nombre='nombre editado', velocidadPromedio=1000 , cantidadColores=12  WHERE cod_maquina=4  ; DELETE JoinMaquinaToTipoPrenda where cod_maquina=4  ;  INSERT INTO JoinMaquinaToTipoPrenda ( cod_maquina, tipo_prenda) VALUES ( 4 , 1 ); 
Save/Update: select * from Maquina WHERE  Maquina.cod_maquina=4  ; select * from JoinMaquinaToTipoPrenda
Save/Update: select * from TipoPrenda WHERE  TipoPrenda.tipo_prenda=1  
Save/Update: DELETE JoinMaquinaToTipoPrenda where cod_maquina=4  ; ;DELETE Maquina WHERE cod_maquina=4  
Save/Update: delete from JoinMaquinaToTipoPrenda where cod_maquina=4</StdOut>
      </Output>
    </UnitTestResult>
    <UnitTestResult executionId="c1b24935-3527-4812-90be-4767784bcfa9" testId="55841f62-e499-c1d2-7702-e492ea6411db" testName="grabarInsumoTest" computerName="DIEGO-PC" duration="00:00:00.0050818" startTime="2012-12-13T22:12:05.9117560-03:00" endTime="2012-12-13T22:12:05.9237567-03:00" testType="13cdc9d9-ddb5-4fa4-a97d-d965ccfc6d4b" outcome="Passed" testListId="8c84fa94-04c1-424b-9868-57a2d4851a1d" relativeResultsDirectory="c1b24935-3527-4812-90be-4767784bcfa9">
      <Output>
        <StdOut>Save/Update: SELECT  ISNULL(MAX(cod_insumo + 1),1) from insumo
Save/Update: INSERT INTO insumo (cod_insumo, nombre, id_tipo_insumo, color, detalle, costo, cantidadActual) VALUES (5 , 'nombre5', 1 , 1 , 'detalle5', 5, 5 ); 
Save/Update: select * from insumo WHERE  insumo.cod_insumo=5  
Save/Update: DELETE insumo WHERE cod_insumo=5</StdOut>
      </Output>
    </UnitTestResult>
    <UnitTestResult executionId="23d0949e-11e8-4304-8b2e-8c91a53d96bc" testId="5627da22-d5e7-edd9-24c7-79ea0acd3bdb" testName="buscarEncuestaTest" computerName="DIEGO-PC" duration="00:00:00.0118719" startTime="2012-12-13T22:12:05.9257568-03:00" endTime="2012-12-13T22:12:05.9437579-03:00" testType="13cdc9d9-ddb5-4fa4-a97d-d965ccfc6d4b" outcome="Passed" testListId="8c84fa94-04c1-424b-9868-57a2d4851a1d" relativeResultsDirectory="23d0949e-11e8-4304-8b2e-8c91a53d96bc">
      <Output>
        <StdOut>Save/Update: SELECT  ISNULL(MAX(id + 1),1) from encuesta
Save/Update: INSERT INTO encuesta (id, atencion, calidad, eficiencia) VALUES (4 , 1 , 2 , 3 ); 
Save/Update: select * from encuesta
Save/Update: DELETE encuesta WHERE id=4  
Save/Update: select * from encuesta</StdOut>
      </Output>
    </UnitTestResult>
    <UnitTestResult executionId="f805f6a3-5544-4af9-8443-17f81f6828a8" testId="57811f03-2314-dd80-537e-0ead8105505e" testName="actualizarProveedorTest" computerName="DIEGO-PC" duration="00:00:00.0036543" startTime="2012-12-13T22:12:05.9457580-03:00" endTime="2012-12-13T22:12:05.9567586-03:00" testType="13cdc9d9-ddb5-4fa4-a97d-d965ccfc6d4b" outcome="Passed" testListId="8c84fa94-04c1-424b-9868-57a2d4851a1d" relativeResultsDirectory="f805f6a3-5544-4af9-8443-17f81f6828a8">
      <Output>
        <StdOut>Save/Update: UPDATE Proveedor SET nombre='nombre1modificado', telefono='15-1111-1111', direccion='direccion 1 modificado' WHERE id_proveedor=1  ; 
Save/Update: select * from Proveedor WHERE  Proveedor.id_proveedor=1  
Save/Update: UPDATE Proveedor SET nombre='nombre1', telefono='1111-1111', direccion='direccion 1' WHERE id_proveedor=1  ;</StdOut>
      </Output>
    </UnitTestResult>
    <UnitTestResult executionId="ececb0dc-a228-4b78-b2cc-995c1dc5e1db" testId="57822e73-41f0-97dd-bf29-4b1fd4ed053c" testName="actualizarMovimientosTest" computerName="DIEGO-PC" duration="00:00:00.0099512" startTime="2012-12-13T22:12:05.9597588-03:00" endTime="2012-12-13T22:12:05.9767598-03:00" testType="13cdc9d9-ddb5-4fa4-a97d-d965ccfc6d4b" outcome="Passed" testListId="8c84fa94-04c1-424b-9868-57a2d4851a1d" relativeResultsDirectory="ececb0dc-a228-4b78-b2cc-995c1dc5e1db">
      <Output>
        <StdOut>Save/Update: SELECT  ISNULL(MAX(nro_movimiento + 1),1) from MovimientosStock WHERE cod_insumo=1
Save/Update: INSERT INTO MovimientosStock (nro_movimiento, cod_insumo, tipo, fecha, cantidad) VALUES (3 , 1 , 1 ,  CAST('11/11/2012 00:00:00.000'  AS DateTime), 15); 
Save/Update: select * from MovimientosStock WHERE  MovimientosStock.cod_insumo=1  AND  MovimientosStock.nro_movimiento=3  
Save/Update: UPDATE MovimientosStock SET tipo=1 , fecha= CAST('11/11/2012 00:00:00.000'  AS DateTime), cantidad=18.3 WHERE nro_movimiento=3  AND cod_insumo=1  ; 
Save/Update: select * from MovimientosStock WHERE  MovimientosStock.cod_insumo=1  AND  MovimientosStock.nro_movimiento=3  
Save/Update: DELETE MovimientosStock WHERE nro_movimiento=3  AND cod_insumo=1</StdOut>
      </Output>
    </UnitTestResult>
    <UnitTestResult executionId="ca6d371f-59d5-40bc-801a-4c51d0fd7afc" testId="58008e3d-a662-382f-b6bd-ea56db2d0729" testName="buscarPrimerosHuecosMaquinaTest" computerName="DIEGO-PC" duration="00:00:00.0265671" startTime="2012-12-13T22:12:05.9777598-03:00" endTime="2012-12-13T22:12:06.0097616-03:00" testType="13cdc9d9-ddb5-4fa4-a97d-d965ccfc6d4b" outcome="Passed" testListId="8c84fa94-04c1-424b-9868-57a2d4851a1d" relativeResultsDirectory="ca6d371f-59d5-40bc-801a-4c51d0fd7afc">
      <Output>
        <StdOut>Save/Update: select * from produccion WHERE  produccion.cod_maquina=1  AND  produccion.fechaFinal&gt;= CAST('09/10/2012 11:00:00.000'  AS DateTime) ; select * from historico_estados_produccion WHERE borrado = 0
Save/Update: select * from Pedido WHERE  Pedido.cod_pedido=1  ; select * from produccion WHERE borrado = 0; select * from historico_estados_pedido WHERE borrado = 0
Save/Update: select * from Maquina WHERE  Maquina.cod_maquina=1  ; select * from JoinMaquinaToTipoPrenda
Save/Update: select * from Articulos WHERE  Articulos.cod_articulo=1  ; select * from lista_precios WHERE borrado = 0
Save/Update: select * from EstadoTrabajos WHERE  EstadoTrabajos.cod_estado=3  
Save/Update: select * from historico_estados_produccion WHERE  historico_estados_produccion.cod_produccion=1  
Save/Update: select * from produccion_operador WHERE  produccion_operador.cod_prodcuccion=1  
Save/Update: select * from Pedido WHERE  Pedido.cod_pedido=1  ; select * from produccion WHERE borrado = 0; select * from historico_estados_pedido WHERE borrado = 0
Save/Update: select * from Maquina WHERE  Maquina.cod_maquina=1  ; select * from JoinMaquinaToTipoPrenda
Save/Update: select * from Articulos WHERE  Articulos.cod_articulo=2  ; select * from lista_precios WHERE borrado = 0
Save/Update: select * from EstadoTrabajos WHERE  EstadoTrabajos.cod_estado=2  
Save/Update: select * from historico_estados_produccion WHERE  historico_estados_produccion.cod_produccion=2  
Save/Update: select * from produccion_operador WHERE  produccion_operador.cod_prodcuccion=2  
Save/Update: select * from Pedido WHERE  Pedido.cod_pedido=2  ; select * from produccion WHERE borrado = 0; select * from historico_estados_pedido WHERE borrado = 0
Save/Update: select * from Maquina WHERE  Maquina.cod_maquina=1  ; select * from JoinMaquinaToTipoPrenda
Save/Update: select * from Articulos WHERE  Articulos.cod_articulo=6  ; select * from lista_precios WHERE borrado = 0
Save/Update: select * from EstadoTrabajos WHERE  EstadoTrabajos.cod_estado=0  
Save/Update: select * from historico_estados_produccion WHERE  historico_estados_produccion.cod_produccion=5  
Save/Update: select * from produccion_operador WHERE  produccion_operador.cod_prodcuccion=5  
Save/Update: select * from produccion WHERE  produccion.cod_maquina=1  AND  produccion.fechaInicio&gt;= CAST('09/10/2012 14:00:00.000'  AS DateTime) ; select * from historico_estados_produccion WHERE borrado = 0
Save/Update: select * from Pedido WHERE  Pedido.cod_pedido=1  ; select * from produccion WHERE borrado = 0; select * from historico_estados_pedido WHERE borrado = 0
Save/Update: select * from Maquina WHERE  Maquina.cod_maquina=1  ; select * from JoinMaquinaToTipoPrenda
Save/Update: select * from Articulos WHERE  Articulos.cod_articulo=2  ; select * from lista_precios WHERE borrado = 0
Save/Update: select * from EstadoTrabajos WHERE  EstadoTrabajos.cod_estado=2  
Save/Update: select * from historico_estados_produccion WHERE  historico_estados_produccion.cod_produccion=2  
Save/Update: select * from produccion_operador WHERE  produccion_operador.cod_prodcuccion=2  
Save/Update: select * from Pedido WHERE  Pedido.cod_pedido=2  ; select * from produccion WHERE borrado = 0; select * from historico_estados_pedido WHERE borrado = 0
Save/Update: select * from Maquina WHERE  Maquina.cod_maquina=1  ; select * from JoinMaquinaToTipoPrenda
Save/Update: select * from Articulos WHERE  Articulos.cod_articulo=6  ; select * from lista_precios WHERE borrado = 0
Save/Update: select * from EstadoTrabajos WHERE  EstadoTrabajos.cod_estado=0  
Save/Update: select * from historico_estados_produccion WHERE  historico_estados_produccion.cod_produccion=5  
Save/Update: select * from produccion_operador WHERE  produccion_operador.cod_prodcuccion=5  
Save/Update: DELETE produccion_operador WHERE id_operador=2  AND cod_prodcuccion=7  
Save/Update: DELETE historico_estados_produccion WHERE nro_estado=1  AND cod_produccion=7  
Save/Update: DELETE historico_estados_produccion WHERE nro_estado=2  AND cod_produccion=7  
Save/Update: DELETE produccion WHERE cod_produccion=7</StdOut>
      </Output>
    </UnitTestResult>
    <UnitTestResult executionId="3d1d2a01-577d-4a92-b4ef-f683649c3f76" testId="583b72ae-47b9-5eaa-f8ea-320cdf69527e" testName="actualizarFamiliaPorObjetoTest" computerName="DIEGO-PC" duration="00:00:00.2069131" startTime="2012-12-13T22:12:06.0147619-03:00" endTime="2012-12-13T22:12:06.2297742-03:00" testType="13cdc9d9-ddb5-4fa4-a97d-d965ccfc6d4b" outcome="Passed" testListId="8c84fa94-04c1-424b-9868-57a2d4851a1d" relativeResultsDirectory="3d1d2a01-577d-4a92-b4ef-f683649c3f76">
      <Output>
        <StdOut>Save/Update: select * from Familia WHERE  Familia.familiaID=5  ; select * from JoinFamiliaToPatente
Save/Update: select * from Patente JOIN JoinFamiliaToPatente AS familia ON Patente.patenteId=familia.patenteId WHERE familia.familiaID=5  
***************** Error --&gt; Save: UPDATE Familia SET descripcion='desTest', nombre='nombretest' WHERE familiaID=5  ; DELETE JoinFamiliaToPatente where familiaID=5  ;  INSERT INTO JoinFamiliaToPatente ( familiaID, patenteId) VALUES ( 5 , 9 );  INSERT INTO JoinFamiliaToPatente ( familiaID, patenteId) VALUES ( 5 , 9 ); 
                 Stacktrace: Infracción de la restricción PRIMARY KEY 'PK_JoinFamiliaToPatente'. No se puede insertar una clave duplicada en el objeto 'dbo.JoinFamiliaToPatente'.
Se terminó la instrucción.
Save/Update: select * from Familia WHERE  Familia.familiaID=5  ; select * from JoinFamiliaToPatente
Save/Update: select * from Patente JOIN JoinFamiliaToPatente AS familia ON Patente.patenteId=familia.patenteId WHERE familia.familiaID=5  
Save/Update: UPDATE Familia SET descripcion='Administracion de finanzas', nombre='Administracion de finanzas' WHERE familiaID=5  ; DELETE JoinFamiliaToPatente where familiaID=5  ;</StdOut>
      </Output>
    </UnitTestResult>
    <UnitTestResult executionId="0ec87c8c-6311-47af-a1c9-28202e6d5531" testId="590fbd59-b150-d4b9-6a37-e409519e63c2" testName="buscarInsumosConRestriccionesTest" computerName="DIEGO-PC" duration="00:00:00.0226016" startTime="2012-12-13T22:12:06.2327744-03:00" endTime="2012-12-13T22:12:06.2637762-03:00" testType="13cdc9d9-ddb5-4fa4-a97d-d965ccfc6d4b" outcome="Passed" testListId="8c84fa94-04c1-424b-9868-57a2d4851a1d" relativeResultsDirectory="0ec87c8c-6311-47af-a1c9-28202e6d5531">
      <Output>
        <StdOut>Save/Update: select * from insumo WHERE  insumo.cantidadActual=1  AND  insumo.cod_insumo=1  AND  insumo.color=1  AND  insumo.id_tipo_insumo=1  AND  insumo.detalle='detalle1' AND  insumo.nombre='nombre1' 
Save/Update: DELETE insumo WHERE cod_insumo=5</StdOut>
      </Output>
    </UnitTestResult>
    <UnitTestResult executionId="bb3bbfe6-b9ee-4582-aa68-c3a863036085" testId="59186e93-3595-d080-b439-d655c96ab973" testName="grabarUsuarioTest" computerName="DIEGO-PC" duration="00:00:00.0131440" startTime="2012-12-13T22:12:06.2667763-03:00" endTime="2012-12-13T22:12:06.2887776-03:00" testType="13cdc9d9-ddb5-4fa4-a97d-d965ccfc6d4b" outcome="Passed" testListId="8c84fa94-04c1-424b-9868-57a2d4851a1d" relativeResultsDirectory="bb3bbfe6-b9ee-4582-aa68-c3a863036085">
      <Output>
        <StdOut>Save/Update: INSERT INTO Usuario (usuarioID, nombre, apellido, mail, password, telefonoFijo, telefonoMovil, bloqueado) VALUES (6 , 'nombre6', 'apellido6', 'mail6@test.com', 'pas633', '6666-6666', '6666-6666', 0 ); DELETE JoinUsuarioToFamilia where usuarioID=6  ;  INSERT INTO JoinUsuarioToFamilia ( usuarioID, familiaID) VALUES ( 6 , 5 ); DELETE JoinPatenteToUsuario where usuarioID=6  ;  INSERT INTO JoinPatenteToUsuario ( usuarioID, patenteId) VALUES ( 6 , 3 ); 
Save/Update: select * from Usuario WHERE  Usuario.usuarioID=6  ; select * from JoinUsuarioToFamilia; select * from JoinPatenteToUsuario
Save/Update: select * from Familia JOIN JoinUsuarioToFamilia AS usuarios ON Familia.familiaID=usuarios.familiaID WHERE usuarios.usuarioID=6  ; select * from JoinFamiliaToPatente
Save/Update: select * from Patente JOIN JoinFamiliaToPatente AS familia ON Patente.patenteId=familia.patenteId WHERE familia.familiaID=5  
Save/Update: select * from Patente JOIN JoinPatenteToUsuario AS usuario ON Patente.patenteId=usuario.patenteId WHERE usuario.usuarioID=6  
Save/Update: select * from Cliente WHERE  Cliente.usuarioID=6  ; select * from cliente_movimientos; select * from Pedido WHERE borrado = 0; select * from Factura WHERE borrado = 0; select * from Diseño WHERE borrado = 0
Save/Update: DELETE JoinUsuarioToFamilia where usuarioID=6  ; DELETE JoinPatenteToUsuario where usuarioID=6  ; ;DELETE Usuario WHERE usuarioID=6  
Save/Update: select * from Usuario WHERE  Usuario.usuarioID=6  ; select * from JoinUsuarioToFamilia; select * from JoinPatenteToUsuario</StdOut>
      </Output>
    </UnitTestResult>
    <UnitTestResult executionId="efe8c115-2ac6-4aa8-999d-92db121125ab" testId="5973b42f-4391-99d3-6b49-5d351ffdd924" testName="listarInsumosPorCodigoTest" computerName="DIEGO-PC" duration="00:00:00.0049749" startTime="2012-12-13T22:12:06.2917778-03:00" endTime="2012-12-13T22:12:06.3057786-03:00" testType="13cdc9d9-ddb5-4fa4-a97d-d965ccfc6d4b" outcome="Passed" testListId="8c84fa94-04c1-424b-9868-57a2d4851a1d" relativeResultsDirectory="efe8c115-2ac6-4aa8-999d-92db121125ab">
      <Output>
        <StdOut>Save/Update: select * from insumo WHERE  insumo.cod_insumo=1  
Save/Update: select * from tipoInsumo WHERE  tipoInsumo.tipo_insumo=1  
Save/Update: select * from color WHERE  color.codigo_color=1  
Save/Update: select * from MovimientosStock WHERE  MovimientosStock.cod_insumo=1  
Save/Update: DELETE MovimientosStock WHERE nro_movimiento=1  AND cod_insumo=5  
Save/Update: DELETE MovimientosStock WHERE nro_movimiento=2  AND cod_insumo=5  
Save/Update: DELETE insumo WHERE cod_insumo=5</StdOut>
      </Output>
    </UnitTestResult>
    <UnitTestResult executionId="dd4f0d97-14de-4dbc-95df-60b430097a3f" testId="59ac30e1-edc3-3193-83d1-44bf47baeaf4" testName="modificarInsumoTest" computerName="DIEGO-PC" duration="00:00:00.0099458" startTime="2012-12-13T22:12:06.3067786-03:00" endTime="2012-12-13T22:12:06.3237796-03:00" testType="13cdc9d9-ddb5-4fa4-a97d-d965ccfc6d4b" outcome="Passed" testListId="8c84fa94-04c1-424b-9868-57a2d4851a1d" relativeResultsDirectory="dd4f0d97-14de-4dbc-95df-60b430097a3f">
      <Output>
        <StdOut>Save/Update: SELECT  ISNULL(MAX(cod_insumo + 1),1) from insumo
Save/Update: INSERT INTO insumo (cod_insumo, nombre, id_tipo_insumo, color, detalle, costo, cantidadActual) VALUES (5 , 'nombre5', 1 , 1 , 'detalle5', 5, 5 ); 
Save/Update: select * from insumo WHERE  insumo.cod_insumo=5  
Save/Update: UPDATE insumo SET nombre='nombre5', id_tipo_insumo=1 , color=4 , detalle='detalle5', costo=5, cantidadActual=5  WHERE cod_insumo=5  ; 
Save/Update: select * from insumo WHERE  insumo.cod_insumo=5  
Save/Update: DELETE insumo WHERE cod_insumo=5</StdOut>
      </Output>
    </UnitTestResult>
    <UnitTestResult executionId="9d66f36f-ec8d-49ca-8f77-439095639895" testId="5a471128-b46d-a047-f96f-afe4f1f9ce56" testName="grabarMovimientosClienteTest" computerName="DIEGO-PC" duration="00:00:00.0087660" startTime="2012-12-13T22:12:06.3257797-03:00" endTime="2012-12-13T22:12:06.3427807-03:00" testType="13cdc9d9-ddb5-4fa4-a97d-d965ccfc6d4b" outcome="Passed" testListId="8c84fa94-04c1-424b-9868-57a2d4851a1d" relativeResultsDirectory="9d66f36f-ec8d-49ca-8f77-439095639895">
      <Output>
        <StdOut>Save/Update: SELECT  ISNULL(MAX(nro_movimiento + 1),1) from MovimientosCuenta
Save/Update: INSERT INTO MovimientosCuenta (nro_movimiento, comentario, fecha, monto, cuentaID, tipoMovimientoID) VALUES (4 , 'com4',  CAST('13/12/2012 22:12:06.330'  AS DateTime), 33.3, 1 , 2 ); DELETE cliente_movimientos where nro_movimiento=4  ;  INSERT INTO cliente_movimientos ( nro_movimiento, id_cliente) VALUES ( 4 , 2 ); DELETE documento_movimiento where nro_movimiento=4  ; 
Save/Update: select * from MovimientosCuenta JOIN cliente_movimientos AS cliente ON MovimientosCuenta.nro_movimiento=cliente.nro_movimiento WHERE  MovimientosCuenta.nro_movimiento=4  AND  MovimientosCuenta.monto=33.3 AND cliente.id_cliente IS NOT  NULL ; select * from cliente_movimientos; select * from documento_movimiento
Save/Update: DELETE cliente_movimientos where nro_movimiento=4  ; DELETE documento_movimiento where nro_movimiento=4  ; ;DELETE MovimientosCuenta WHERE nro_movimiento=4</StdOut>
      </Output>
    </UnitTestResult>
    <UnitTestResult executionId="f41cb2e6-6d99-44ea-b52e-ee328583a8ce" testId="5b45a836-b61f-3f4e-71ec-60865157f707" testName="modificarTest" computerName="DIEGO-PC" duration="00:00:00.0208639" startTime="2012-12-13T22:12:06.3457809-03:00" endTime="2012-12-13T22:12:06.3737825-03:00" testType="13cdc9d9-ddb5-4fa4-a97d-d965ccfc6d4b" outcome="Passed" testListId="8c84fa94-04c1-424b-9868-57a2d4851a1d" relativeResultsDirectory="f41cb2e6-6d99-44ea-b52e-ee328583a8ce">
      <Output>
        <StdOut>Save/Update: select * from Conversacion WHERE  Conversacion.remitente=4  ; select * from mensaje WHERE borrado = 0
Save/Update: select * from Conversacion WHERE  Conversacion.destinatario=4  ; select * from mensaje WHERE borrado = 0
Save/Update: select * from Usuario WHERE  Usuario.usuarioID=4  ; select * from JoinUsuarioToFamilia; select * from JoinPatenteToUsuario
Save/Update: select * from Usuario WHERE  Usuario.usuarioID=5  ; select * from JoinUsuarioToFamilia; select * from JoinPatenteToUsuario
Save/Update: select * from Mensaje WHERE  Mensaje.id_conversacion=2  
Save/Update: UPDATE Conversacion SET remitente=4 , destinatario=5  WHERE id_conversacion=2  ; UPDATE mensaje SET borrado=1 WHERE id_conversacion=2  ; 
Save/Update: UPDATE Mensaje SET tipoMensaje=0 , fecha= CAST('26/08/2012 16:35:00.000'  AS DateTime), mensaje='msj de 4 a 5', leido=1 , borrado=0 , id_conversacion=2  WHERE id=3  ; 
Save/Update: UPDATE Mensaje SET tipoMensaje=1 , fecha= CAST('26/08/2012 16:35:00.000'  AS DateTime), mensaje='msj de 5 a 4', leido=0 , borrado=0 , id_conversacion=2  WHERE id=4  ; 
Save/Update: select * from Conversacion WHERE  Conversacion.remitente=4  ; select * from mensaje WHERE borrado = 0
Save/Update: select * from Conversacion WHERE  Conversacion.destinatario=4  ; select * from mensaje WHERE borrado = 0
Save/Update: select * from Usuario WHERE  Usuario.usuarioID=4  ; select * from JoinUsuarioToFamilia; select * from JoinPatenteToUsuario
Save/Update: select * from Usuario WHERE  Usuario.usuarioID=5  ; select * from JoinUsuarioToFamilia; select * from JoinPatenteToUsuario
Save/Update: select * from Mensaje WHERE  Mensaje.id_conversacion=2  
Save/Update: UPDATE Conversacion SET remitente=4 , destinatario=5  WHERE id_conversacion=2  ; UPDATE mensaje SET borrado=1 WHERE id_conversacion=2  ; 
Save/Update: UPDATE Mensaje SET tipoMensaje=0 , fecha= CAST('26/08/2012 16:35:00.000'  AS DateTime), mensaje='msj de 4 a 5', leido=1 , borrado=0 , id_conversacion=2  WHERE id=3  ; 
Save/Update: UPDATE Mensaje SET tipoMensaje=1 , fecha= CAST('26/08/2012 16:35:00.000'  AS DateTime), mensaje='msj de 5 a 4', leido=1 , borrado=0 , id_conversacion=2  WHERE id=4  ;</StdOut>
      </Output>
    </UnitTestResult>
    <UnitTestResult executionId="6e3e8966-725c-448f-b1ad-515ff237ebf0" testId="5b9bfc56-4cc5-173e-d51e-c0dfe65798ee" testName="actualizarTest" computerName="DIEGO-PC" duration="00:00:00.0075264" startTime="2012-12-13T22:12:06.3767826-03:00" endTime="2012-12-13T22:12:06.3907834-03:00" testType="13cdc9d9-ddb5-4fa4-a97d-d965ccfc6d4b" outcome="Passed" testListId="8c84fa94-04c1-424b-9868-57a2d4851a1d" relativeResultsDirectory="6e3e8966-725c-448f-b1ad-515ff237ebf0">
      <Output>
        <StdOut>Save/Update: UPDATE Proveedor SET nombre='nombre1modificado', telefono='15-1111-1111', direccion='direccion 1 modificado' WHERE id_proveedor=1  ; 
Save/Update: select * from Proveedor WHERE  Proveedor.id_proveedor=1  
Save/Update: select * from OrdenDeCompra WHERE  OrdenDeCompra.id_proveedor=1  ; select * from documento_movimiento; select * from LineaOrdenDeCompra WHERE borrado = 0
Save/Update: delete OrdenDeCompra where nro_doc=5
Save/Update: delete documento where nro_doc=5
Save/Update: DELETE Proveedor WHERE id_proveedor=4  
Save/Update: UPDATE Proveedor SET nombre='nombre1', telefono='1111-1111', direccion='direccion 1' WHERE id_proveedor=1  ;</StdOut>
      </Output>
    </UnitTestResult>
    <UnitTestResult executionId="d275c830-088d-4480-9c44-5cc2ed1e3e69" testId="5bbb6d67-7645-c72a-0a3d-d422f73b22ec" testName="grabarPrendaTest" computerName="DIEGO-PC" duration="00:00:00.0059038" startTime="2012-12-13T22:12:06.3947837-03:00" endTime="2012-12-13T22:12:06.4077844-03:00" testType="13cdc9d9-ddb5-4fa4-a97d-d965ccfc6d4b" outcome="Passed" testListId="8c84fa94-04c1-424b-9868-57a2d4851a1d" relativeResultsDirectory="d275c830-088d-4480-9c44-5cc2ed1e3e69">
      <Output>
        <StdOut>Save/Update: INSERT INTO TipoPrenda (tipo_prenda, descripcion) VALUES (5 , 'gorro'); 
Save/Update: select * from TipoPrenda
Save/Update: DELETE TipoPrenda WHERE tipo_prenda=5</StdOut>
      </Output>
    </UnitTestResult>
    <UnitTestResult executionId="efcf259f-be5d-4792-afc3-57b9f6f34478" testId="5bc580ea-e8dc-d81d-d20e-846c482c1228" testName="grabarOperadorTest" computerName="DIEGO-PC" duration="00:00:00.0102519" startTime="2012-12-13T22:12:06.4117846-03:00" endTime="2012-12-13T22:12:06.4297857-03:00" testType="13cdc9d9-ddb5-4fa4-a97d-d965ccfc6d4b" outcome="Passed" testListId="8c84fa94-04c1-424b-9868-57a2d4851a1d" relativeResultsDirectory="efcf259f-be5d-4792-afc3-57b9f6f34478">
      <Output>
        <StdOut>Save/Update: SELECT  ISNULL(MAX(id_Operador + 1),1) from operador
Save/Update: INSERT INTO operador (id_Operador, id_usuario) VALUES (3 , 3 ); 
Save/Update: select * from operador WHERE  operador.id_usuario=3  
Save/Update: DELETE operador WHERE id_Operador=3</StdOut>
      </Output>
    </UnitTestResult>
    <UnitTestResult executionId="2afc480d-e2dd-46aa-a7b3-53c88b9b6e5d" testId="5bcfcf35-a297-ce16-b906-540d8e2e0904" testName="actualizaArticuloTest" computerName="DIEGO-PC" duration="00:00:00.0164841" startTime="2012-12-13T22:12:06.4327858-03:00" endTime="2012-12-13T22:12:06.4567872-03:00" testType="13cdc9d9-ddb5-4fa4-a97d-d965ccfc6d4b" outcome="Passed" testListId="8c84fa94-04c1-424b-9868-57a2d4851a1d" relativeResultsDirectory="2afc480d-e2dd-46aa-a7b3-53c88b9b6e5d">
      <Output>
        <StdOut>Save/Update: SELECT  ISNULL(MAX(cod_articulo + 1),1) from Articulos
Save/Update: INSERT INTO Articulos (cod_articulo, tipoPrendaID, diseñoID, comentario, produccion, precioActual, borrado) VALUES (4 , 3 , 2 , 'com test', 10 , 1, 0 ); UPDATE lista_precios SET borrado=1 WHERE cod_articulo=4  ; 
Save/Update: SELECT  ISNULL( MAX(nro_lista + 1), 1) from lista_precios WHERE cod_articulo=4
Save/Update: INSERT INTO lista_precios (nro_lista, cod_articulo, precio, fechaDesde, fechaHasta, borrado) VALUES (1 , 4 , 1,  CAST('13/12/2012 22:12:06.438'  AS DateTime),  NULL , 0 ); 
Save/Update: select * from Articulos WHERE  Articulos.cod_articulo=4  ; select * from lista_precios WHERE borrado = 0
Save/Update: select * from lista_precios WHERE  lista_precios.cod_articulo=4  
Save/Update: select * from TipoPrenda WHERE  TipoPrenda.tipo_prenda=3  
Save/Update: select * from Diseño WHERE  Diseño.cod_diseño=2  ; select * from historico_estados_diseño WHERE borrado = 0
Save/Update: UPDATE Articulos SET tipoPrendaID=3 , diseñoID=2 , comentario='com test', produccion=10 , precioActual=2, borrado=0  WHERE cod_articulo=4  ; UPDATE lista_precios SET borrado=1 WHERE cod_articulo=4  ; 
Save/Update: UPDATE lista_precios SET precio=1, fechaDesde= CAST('13/12/2012 22:12:06.437'  AS DateTime), fechaHasta= CAST('11/11/2012 00:00:00.000'  AS DateTime), borrado=0  WHERE nro_lista=1  AND cod_articulo=4  ; 
Save/Update: SELECT  ISNULL( MAX(nro_lista + 1), 1) from lista_precios WHERE cod_articulo=4
Save/Update: INSERT INTO lista_precios (nro_lista, cod_articulo, precio, fechaDesde, fechaHasta, borrado) VALUES (2 , 4 , 2,  CAST('11/11/2012 00:00:00.000'  AS DateTime),  NULL , 0 ); 
Save/Update: select * from Articulos WHERE  Articulos.cod_articulo=4  ; select * from lista_precios WHERE borrado = 0
Save/Update: select * from lista_precios WHERE  lista_precios.cod_articulo=4  
Save/Update: select * from TipoPrenda WHERE  TipoPrenda.tipo_prenda=3  
Save/Update: select * from Diseño WHERE  Diseño.cod_diseño=2  ; select * from historico_estados_diseño WHERE borrado = 0
Save/Update: DELETE lista_precios WHERE nro_lista=1  AND cod_articulo=4  
Save/Update: DELETE lista_precios WHERE nro_lista=2  AND cod_articulo=4  
Save/Update: DELETE Articulos WHERE cod_articulo=4</StdOut>
      </Output>
    </UnitTestResult>
    <UnitTestResult executionId="46518363-62f1-481d-88c3-c8a64db84d5e" testId="5be9d1df-2b36-1659-9ba5-a87863ccb63a" testName="GrabarDiseñoTest" computerName="DIEGO-PC" duration="00:00:00.0139257" startTime="2012-12-13T22:12:06.4577873-03:00" endTime="2012-12-13T22:12:06.4797885-03:00" testType="13cdc9d9-ddb5-4fa4-a97d-d965ccfc6d4b" outcome="Passed" testListId="8c84fa94-04c1-424b-9868-57a2d4851a1d" relativeResultsDirectory="46518363-62f1-481d-88c3-c8a64db84d5e">
      <Output>
        <StdOut>Save/Update: SELECT  ISNULL(MAX(cod_diseño + 1),1) from Diseño
Save/Update: INSERT INTO Diseño (cod_diseño, nombre, puntadas, alto, ancho, id_cliente, estadoActual, pathImagen, pathDetalle, pathArchivoEditable, pathArchivoFinal, borrado) VALUES (3 , 'diseño3', 3333 , 33 , 33 , 1 , 1 , '', '', '', '', 0 ); UPDATE historico_estados_diseño SET borrado=1 WHERE cod_diseño=3  ; 
Save/Update: INSERT INTO Diseño_insumos (cod_diseño, cod_insumo, cantidad) VALUES (3 , 1 , 3); 
Save/Update: SELECT  ISNULL(MAX(nro_estado + 1),1) from historico_estados_diseño WHERE cod_diseño=3
Save/Update: INSERT INTO historico_estados_diseño (nro_estado, cod_diseño, comentario, fechaDesde, fechaHasta, estado, borrado) VALUES (1 , 3 , 'creacion ficha diseño',  CAST('13/12/2012 22:12:06.463'  AS DateTime),  NULL , 1 , 0 ); 
Save/Update: select * from Diseño WHERE  Diseño.cod_diseño=3  ; select * from historico_estados_diseño WHERE borrado = 0
Save/Update: select * from Cliente WHERE  Cliente.id_cliente=1  ; select * from cliente_movimientos; select * from Pedido WHERE borrado = 0; select * from Factura WHERE borrado = 0; select * from Diseño WHERE borrado = 0
Save/Update: select * from Usuario WHERE  Usuario.usuarioID=1  ; select * from JoinUsuarioToFamilia; select * from JoinPatenteToUsuario
Save/Update: select * from Diseño_insumos WHERE  Diseño_insumos.cod_diseño=3  
Save/Update: select * from historico_estados_diseño WHERE  historico_estados_diseño.cod_diseño=3  
Save/Update: select * from EstadoDiseños WHERE  EstadoDiseños.estado=1  
Save/Update: DELETE FROM Diseño_insumos where cod_diseño=3
Save/Update: DELETE FROM historico_estados_diseño where cod_diseño=3
Save/Update: DELETE Diseño WHERE cod_diseño=3</StdOut>
      </Output>
    </UnitTestResult>
    <UnitTestResult executionId="c9d766d4-2867-4be0-8604-961e43207a4e" testId="5c26e5bc-173f-d60e-f76c-ab3d9a4b4531" testName="buscarPrimerosHuecosMaquinaTest5" computerName="DIEGO-PC" duration="00:00:00.0081605" startTime="2012-12-13T22:12:06.4827887-03:00" endTime="2012-12-13T22:12:06.4977896-03:00" testType="13cdc9d9-ddb5-4fa4-a97d-d965ccfc6d4b" outcome="Passed" testListId="8c84fa94-04c1-424b-9868-57a2d4851a1d" relativeResultsDirectory="c9d766d4-2867-4be0-8604-961e43207a4e">
      <Output>
        <StdOut>Save/Update: select * from produccion WHERE  produccion.cod_maquina=2  AND  produccion.fechaFinal&gt;= CAST('09/10/2012 11:00:00.000'  AS DateTime) ; select * from historico_estados_produccion WHERE borrado = 0
Save/Update: select * from Pedido WHERE  Pedido.cod_pedido=1  ; select * from produccion WHERE borrado = 0; select * from historico_estados_pedido WHERE borrado = 0
Save/Update: select * from Maquina WHERE  Maquina.cod_maquina=2  ; select * from JoinMaquinaToTipoPrenda
Save/Update: select * from Articulos WHERE  Articulos.cod_articulo=3  ; select * from lista_precios WHERE borrado = 0
Save/Update: select * from EstadoTrabajos WHERE  EstadoTrabajos.cod_estado=0  
Save/Update: select * from historico_estados_produccion WHERE  historico_estados_produccion.cod_produccion=3  
Save/Update: select * from produccion_operador WHERE  produccion_operador.cod_prodcuccion=3  
Save/Update: select * from produccion WHERE  produccion.cod_maquina=2  AND  produccion.fechaInicio&gt;= CAST('12/10/2012 18:00:00.000'  AS DateTime) ; select * from historico_estados_produccion WHERE borrado = 0
Save/Update: DELETE produccion_operador WHERE id_operador=2  AND cod_prodcuccion=7  
Save/Update: DELETE historico_estados_produccion WHERE nro_estado=1  AND cod_produccion=7  
Save/Update: DELETE historico_estados_produccion WHERE nro_estado=2  AND cod_produccion=7  
Save/Update: DELETE produccion WHERE cod_produccion=7</StdOut>
      </Output>
    </UnitTestResult>
    <UnitTestResult executionId="5b596420-85f6-494c-ab00-65031334e4e6" testId="5c85b597-4b7a-176d-3dac-461f2d66fe1b" testName="buscarPorDescripcionTest" computerName="DIEGO-PC" duration="00:00:00.0083240" startTime="2012-12-13T22:12:06.4997897-03:00" endTime="2012-12-13T22:12:06.5157906-03:00" testType="13cdc9d9-ddb5-4fa4-a97d-d965ccfc6d4b" outcome="Passed" testListId="8c84fa94-04c1-424b-9868-57a2d4851a1d" relativeResultsDirectory="5b596420-85f6-494c-ab00-65031334e4e6">
      <Output>
        <StdOut>Save/Update: select * from Proveedor WHERE  Proveedor.nombre='nombre2' AND  Proveedor.telefono='2222-2222' AND  Proveedor.direccion='direccion 2'</StdOut>
      </Output>
    </UnitTestResult>
    <UnitTestResult executionId="5f670d19-652b-49b0-a1c5-fc15783174bc" testId="5d206a37-78a3-f908-c018-7a5a53253c75" testName="buscarInsumosTest" computerName="DIEGO-PC" duration="00:00:00.0031715" startTime="2012-12-13T22:12:06.5197908-03:00" endTime="2012-12-13T22:12:06.5297914-03:00" testType="13cdc9d9-ddb5-4fa4-a97d-d965ccfc6d4b" outcome="Passed" testListId="8c84fa94-04c1-424b-9868-57a2d4851a1d" relativeResultsDirectory="5f670d19-652b-49b0-a1c5-fc15783174bc">
      <Output>
        <StdOut>Save/Update: select * from insumo
Save/Update: DELETE insumo WHERE cod_insumo=5</StdOut>
      </Output>
    </UnitTestResult>
    <UnitTestResult executionId="4084266a-4fe9-4230-926e-354fc94ac493" testId="5d5c620b-143e-df44-c141-574eca133b7a" testName="borrarInsumoTest" computerName="DIEGO-PC" duration="00:00:00.0048223" startTime="2012-12-13T22:12:06.5337916-03:00" endTime="2012-12-13T22:12:06.5447922-03:00" testType="13cdc9d9-ddb5-4fa4-a97d-d965ccfc6d4b" outcome="Passed" testListId="8c84fa94-04c1-424b-9868-57a2d4851a1d" relativeResultsDirectory="4084266a-4fe9-4230-926e-354fc94ac493">
      <Output>
        <StdOut>Save/Update: SELECT  ISNULL(MAX(cod_insumo + 1),1) from insumo
Save/Update: INSERT INTO insumo (cod_insumo, nombre, id_tipo_insumo, color, detalle, costo, cantidadActual) VALUES (5 , 'nombre5', 1 , 1 , 'detalle5', 5, 5 ); 
Save/Update: select * from insumo
Save/Update: DELETE insumo WHERE cod_insumo=5  
Save/Update: select * from insumo
Save/Update: DELETE insumo WHERE cod_insumo=5</StdOut>
      </Output>
    </UnitTestResult>
    <UnitTestResult executionId="fa757759-6091-4a61-92d8-83d8ebac2515" testId="5e0dec84-1eed-840d-bf51-237b2ddbdebf" testName="modificarListaPrecioTest" computerName="DIEGO-PC" duration="00:00:00.0080024" startTime="2012-12-13T22:12:06.5477924-03:00" endTime="2012-12-13T22:12:06.5627933-03:00" testType="13cdc9d9-ddb5-4fa4-a97d-d965ccfc6d4b" outcome="Passed" testListId="8c84fa94-04c1-424b-9868-57a2d4851a1d" relativeResultsDirectory="fa757759-6091-4a61-92d8-83d8ebac2515">
      <Output>
        <StdOut>Save/Update: SELECT  ISNULL( MAX(nro_lista + 1), 1) from lista_precios WHERE cod_articulo=1
Save/Update: INSERT INTO lista_precios (nro_lista, cod_articulo, precio, fechaDesde, fechaHasta, borrado) VALUES (3 , 1 , 3.1,  CAST('11/11/2011 13:55:33.110'  AS DateTime),  CAST('11/11/2011 14:55:33.223'  AS DateTime), 0 ); 
Save/Update: select * from lista_precios WHERE  lista_precios.borrado=0  AND  lista_precios.cod_articulo=1  
Save/Update: UPDATE lista_precios SET precio=4.4, fechaDesde= CAST('11/11/2011 13:55:33.110'  AS DateTime), fechaHasta= CAST('11/11/2011 14:55:33.223'  AS DateTime), borrado=0  WHERE nro_lista=3  AND cod_articulo=1  ; 
Save/Update: select * from lista_precios WHERE  lista_precios.borrado=0  AND  lista_precios.cod_articulo=1  
Save/Update: DELETE lista_precios WHERE nro_lista=3  AND cod_articulo=1</StdOut>
      </Output>
    </UnitTestResult>
    <UnitTestResult executionId="4a7ac6b5-d555-41e9-a14f-5bdf9a29a0ec" testId="5e39e02d-2b70-3982-2130-96924fff6d81" testName="listarProduccionPorFechasTest" computerName="DIEGO-PC" duration="00:00:00.0077139" startTime="2012-12-13T22:12:06.5667935-03:00" endTime="2012-12-13T22:12:06.5807943-03:00" testType="13cdc9d9-ddb5-4fa4-a97d-d965ccfc6d4b" outcome="Passed" testListId="8c84fa94-04c1-424b-9868-57a2d4851a1d" relativeResultsDirectory="4a7ac6b5-d555-41e9-a14f-5bdf9a29a0ec">
      <Output>
        <StdOut>Save/Update: select * from produccion WHERE  produccion.fechaInicio&gt;= CAST('09/10/2012 09:00:00.000'  AS DateTime) AND  produccion.fechaInicio&lt;= CAST('09/10/2012 14:00:00.000'  AS DateTime) AND  produccion.fechaFinal&gt;= CAST('09/10/2012 12:00:00.000'  AS DateTime) AND  produccion.fechaFinal&lt;= CAST('09/10/2012 14:00:00.000'  AS DateTime) ; select * from historico_estados_produccion WHERE borrado = 0
Save/Update: select * from Pedido WHERE  Pedido.cod_pedido=1  ; select * from produccion WHERE borrado = 0; select * from historico_estados_pedido WHERE borrado = 0
Save/Update: select * from Maquina WHERE  Maquina.cod_maquina=1  ; select * from JoinMaquinaToTipoPrenda
Save/Update: select * from Articulos WHERE  Articulos.cod_articulo=1  ; select * from lista_precios WHERE borrado = 0
Save/Update: select * from EstadoTrabajos WHERE  EstadoTrabajos.cod_estado=3  
Save/Update: select * from historico_estados_produccion WHERE  historico_estados_produccion.cod_produccion=1  
Save/Update: select * from produccion_operador WHERE  produccion_operador.cod_prodcuccion=1  
Save/Update: DELETE produccion_operador WHERE id_operador=2  AND cod_prodcuccion=7  
Save/Update: DELETE historico_estados_produccion WHERE nro_estado=1  AND cod_produccion=7  
Save/Update: DELETE historico_estados_produccion WHERE nro_estado=2  AND cod_produccion=7  
Save/Update: DELETE produccion WHERE cod_produccion=7</StdOut>
      </Output>
    </UnitTestResult>
    <UnitTestResult executionId="20b3f676-b839-4d77-b453-69dff8c620f4" testId="5f0d0749-3ebf-18a9-df3b-b2af8e5ec0eb" testName="actualizarUsuarioTest" computerName="DIEGO-PC" duration="00:00:00.0066786" startTime="2012-12-13T22:12:06.5837945-03:00" endTime="2012-12-13T22:12:06.5967952-03:00" testType="13cdc9d9-ddb5-4fa4-a97d-d965ccfc6d4b" outcome="Passed" testListId="8c84fa94-04c1-424b-9868-57a2d4851a1d" relativeResultsDirectory="20b3f676-b839-4d77-b453-69dff8c620f4">
      <Output>
        <StdOut>Save/Update: UPDATE Usuario SET nombre='nombre1modificado', apellido='apellido1modificado', mail='mail1modificado@test.com', password='pas1mod', telefonoFijo='1111-1112', telefonoMovil='1111-1112', bloqueado=0  WHERE usuarioID=5  ; DELETE JoinUsuarioToFamilia where usuarioID=5  ;  INSERT INTO JoinUsuarioToFamilia ( usuarioID, familiaID) VALUES ( 5 , 1 ); DELETE JoinPatenteToUsuario where usuarioID=5  ;  INSERT INTO JoinPatenteToUsuario ( usuarioID, patenteId) VALUES ( 5 , 1 ); 
Save/Update: select * from Usuario WHERE  Usuario.usuarioID=5  ; select * from JoinUsuarioToFamilia; select * from JoinPatenteToUsuario
Save/Update: DELETE JoinUsuarioToFamilia where usuarioID=6  ; DELETE JoinPatenteToUsuario where usuarioID=6  ; ;DELETE Usuario WHERE usuarioID=6  
Save/Update: UPDATE Usuario SET nombre='nombre5', apellido='apellido5', mail='mail5@test.com', password='pas5', telefonoFijo='5555-5555', telefonoMovil='5555-5555', bloqueado=0  WHERE usuarioID=5  ; DELETE JoinUsuarioToFamilia where usuarioID=5  ; DELETE JoinPatenteToUsuario where usuarioID=5  ;</StdOut>
      </Output>
    </UnitTestResult>
    <UnitTestResult executionId="5b895e45-f39a-4a57-8ab1-c9dedcc7a4da" testId="5f6ca830-a7f5-404d-2afc-b5fe8dc971de" testName="buscarMovimintosTest" computerName="DIEGO-PC" duration="00:00:00.0182770" startTime="2012-12-13T22:12:06.6007954-03:00" endTime="2012-12-13T22:12:06.6257969-03:00" testType="13cdc9d9-ddb5-4fa4-a97d-d965ccfc6d4b" outcome="Passed" testListId="8c84fa94-04c1-424b-9868-57a2d4851a1d" relativeResultsDirectory="5b895e45-f39a-4a57-8ab1-c9dedcc7a4da">
      <Output>
        <StdOut>Save/Update: select * from MovimientosCuenta JOIN cliente_movimientos AS cliente ON MovimientosCuenta.nro_movimiento=cliente.nro_movimiento WHERE  MovimientosCuenta.comentario LIKE '%m1%'AND  MovimientosCuenta.fecha&gt;= CAST('11/11/2011 00:00:00.000'  AS DateTime) AND  MovimientosCuenta.monto&gt;=5 AND  MovimientosCuenta.monto&lt;=15 AND  MovimientosCuenta.cuentaID=1  AND  MovimientosCuenta.tipoMovimientoID=1  AND cliente.id_cliente=1  AND cliente.id_cliente IS NOT  NULL ; select * from cliente_movimientos; select * from documento_movimiento
Save/Update: select * from Cliente WHERE  Cliente.id_cliente=1  ; select * from cliente_movimientos; select * from Pedido WHERE borrado = 0; select * from Factura WHERE borrado = 0; select * from Diseño WHERE borrado = 0
Save/Update: select * from Usuario WHERE  Usuario.usuarioID=1  ; select * from JoinUsuarioToFamilia; select * from JoinPatenteToUsuario
Save/Update: select * from Familia JOIN JoinUsuarioToFamilia AS usuarios ON Familia.familiaID=usuarios.familiaID WHERE usuarios.usuarioID=1  ; select * from JoinFamiliaToPatente
Save/Update: select * from Patente JOIN JoinPatenteToUsuario AS usuario ON Patente.patenteId=usuario.patenteId WHERE usuario.usuarioID=1  
Save/Update: select * from Cliente WHERE  Cliente.usuarioID=1  ; select * from cliente_movimientos; select * from Pedido WHERE borrado = 0; select * from Factura WHERE borrado = 0; select * from Diseño WHERE borrado = 0
Save/Update: select * from Diseño WHERE  Diseño.id_cliente=1  ; select * from historico_estados_diseño WHERE borrado = 0
Save/Update: select * from Factura WHERE  Factura.id_cliente=1  ; select * from documento_movimiento; select * from LineaFactura WHERE borrado = 0
Save/Update: select * from Pedido WHERE  Pedido.id_cliente=1  ; select * from produccion WHERE borrado = 0; select * from historico_estados_pedido WHERE borrado = 0
Save/Update: select * from MovimientosCuenta JOIN cliente_movimientos AS cliente ON MovimientosCuenta.nro_movimiento=cliente.nro_movimiento WHERE cliente.id_cliente=1  AND cliente.id_cliente IS NOT  NULL ; select * from cliente_movimientos; select * from documento_movimiento
Save/Update: select * from Factura WHERE  Factura.nro_Doc=1  ; select * from documento_movimiento; select * from LineaFactura WHERE borrado = 0
Save/Update: select * from tipoMovimiento WHERE  tipoMovimiento.tipoMovimientoID=1  
Save/Update: select * from Cuenta WHERE  Cuenta.cuentaID=1  
Save/Update: DELETE cliente_movimientos where nro_movimiento=4  ; DELETE documento_movimiento where nro_movimiento=4  ; ;DELETE MovimientosCuenta WHERE nro_movimiento=4</StdOut>
      </Output>
    </UnitTestResult>
    <UnitTestResult executionId="935b52be-51d0-4776-ab09-b273e005ce62" testId="5fd39f80-1bc2-a1e7-8064-c0ed0e813279" testName="borrarTipoPedidosTest" computerName="DIEGO-PC" duration="00:00:00.0083339" startTime="2012-12-13T22:12:06.6287971-03:00" endTime="2012-12-13T22:12:06.6437979-03:00" testType="13cdc9d9-ddb5-4fa4-a97d-d965ccfc6d4b" outcome="Passed" testListId="8c84fa94-04c1-424b-9868-57a2d4851a1d" relativeResultsDirectory="935b52be-51d0-4776-ab09-b273e005ce62">
      <Output>
        <StdOut>Save/Update: select * from tipoPedido
Save/Update: INSERT INTO tipoPedido (tipo_pedido, descripcion) VALUES (3 , 'tipo test'); 
Save/Update: select * from tipoPedido
Save/Update: DELETE tipoPedido WHERE tipo_pedido=3  
Save/Update: select * from tipoPedido</StdOut>
      </Output>
    </UnitTestResult>
    <UnitTestResult executionId="c90c7171-f50a-427b-ab1b-efc4261f9aee" testId="5fe3519a-06e9-4436-0b1a-0afc24033be0" testName="calcularDistanciaEntreTrabajosTest2" computerName="DIEGO-PC" duration="00:00:00.0021915" startTime="2012-12-13T22:12:06.6457980-03:00" endTime="2012-12-13T22:12:06.6577987-03:00" testType="13cdc9d9-ddb5-4fa4-a97d-d965ccfc6d4b" outcome="Passed" testListId="8c84fa94-04c1-424b-9868-57a2d4851a1d" relativeResultsDirectory="c90c7171-f50a-427b-ab1b-efc4261f9aee">
      <Output>
        <StdOut>Save/Update: DELETE produccion_operador WHERE id_operador=2  AND cod_prodcuccion=7  
Save/Update: DELETE historico_estados_produccion WHERE nro_estado=1  AND cod_produccion=7  
Save/Update: DELETE historico_estados_produccion WHERE nro_estado=2  AND cod_produccion=7  
Save/Update: DELETE produccion WHERE cod_produccion=7</StdOut>
      </Output>
    </UnitTestResult>
    <UnitTestResult executionId="0cfe6871-2c98-4414-9487-38c40d3b05dd" testId="5ffe0bd0-6148-b429-44ab-e9d370687b86" testName="cargarLineasPorOrdenDeCompraTest" computerName="DIEGO-PC" duration="00:00:00.0030130" startTime="2012-12-13T22:12:06.6607989-03:00" endTime="2012-12-13T22:12:06.6707995-03:00" testType="13cdc9d9-ddb5-4fa4-a97d-d965ccfc6d4b" outcome="Passed" testListId="8c84fa94-04c1-424b-9868-57a2d4851a1d" relativeResultsDirectory="0cfe6871-2c98-4414-9487-38c40d3b05dd">
      <Output>
        <StdOut>Save/Update: select * from LineaOrdenDeCompra WHERE  LineaOrdenDeCompra.nro_orden_compra=1  AND  LineaOrdenDeCompra.tipo_orden_compra='A' AND  LineaOrdenDeCompra.nro_sucursal=1  
Save/Update: select * from insumo WHERE  insumo.cod_insumo=1  
Save/Update: select * from insumo WHERE  insumo.cod_insumo=2</StdOut>
      </Output>
    </UnitTestResult>
    <UnitTestResult executionId="700e9c33-5f2e-4a5c-bae4-3f57e21d1d11" testId="601e990e-751d-e263-ef32-4be40187ef20" testName="listarUsuariosTest" computerName="DIEGO-PC" duration="00:00:00.0275426" startTime="2012-12-13T22:12:06.6727996-03:00" endTime="2012-12-13T22:12:06.7078016-03:00" testType="13cdc9d9-ddb5-4fa4-a97d-d965ccfc6d4b" outcome="Passed" testListId="8c84fa94-04c1-424b-9868-57a2d4851a1d" relativeResultsDirectory="700e9c33-5f2e-4a5c-bae4-3f57e21d1d11">
      <Output>
        <StdOut>Save/Update: select * from Usuario; select * from JoinUsuarioToFamilia; select * from JoinPatenteToUsuario
Save/Update: select * from Familia JOIN JoinUsuarioToFamilia AS usuarios ON Familia.familiaID=usuarios.familiaID WHERE usuarios.usuarioID=1  ; select * from JoinFamiliaToPatente
Save/Update: select * from Patente JOIN JoinPatenteToUsuario AS usuario ON Patente.patenteId=usuario.patenteId WHERE usuario.usuarioID=1  
Save/Update: select * from Cliente WHERE  Cliente.usuarioID=1  ; select * from cliente_movimientos; select * from Pedido WHERE borrado = 0; select * from Factura WHERE borrado = 0; select * from Diseño WHERE borrado = 0
Save/Update: select * from Familia JOIN JoinUsuarioToFamilia AS usuarios ON Familia.familiaID=usuarios.familiaID WHERE usuarios.usuarioID=2  ; select * from JoinFamiliaToPatente
Save/Update: select * from Patente JOIN JoinFamiliaToPatente AS familia ON Patente.patenteId=familia.patenteId WHERE familia.familiaID=2  
Save/Update: select * from Patente JOIN JoinPatenteToUsuario AS usuario ON Patente.patenteId=usuario.patenteId WHERE usuario.usuarioID=2  
Save/Update: select * from Cliente WHERE  Cliente.usuarioID=2  ; select * from cliente_movimientos; select * from Pedido WHERE borrado = 0; select * from Factura WHERE borrado = 0; select * from Diseño WHERE borrado = 0
Save/Update: select * from Familia JOIN JoinUsuarioToFamilia AS usuarios ON Familia.familiaID=usuarios.familiaID WHERE usuarios.usuarioID=3  ; select * from JoinFamiliaToPatente
Save/Update: select * from Patente JOIN JoinFamiliaToPatente AS familia ON Patente.patenteId=familia.patenteId WHERE familia.familiaID=6  
Save/Update: select * from Patente JOIN JoinPatenteToUsuario AS usuario ON Patente.patenteId=usuario.patenteId WHERE usuario.usuarioID=3  
Save/Update: select * from Cliente WHERE  Cliente.usuarioID=3  ; select * from cliente_movimientos; select * from Pedido WHERE borrado = 0; select * from Factura WHERE borrado = 0; select * from Diseño WHERE borrado = 0
Save/Update: select * from Familia JOIN JoinUsuarioToFamilia AS usuarios ON Familia.familiaID=usuarios.familiaID WHERE usuarios.usuarioID=4  ; select * from JoinFamiliaToPatente
Save/Update: select * from Patente JOIN JoinPatenteToUsuario AS usuario ON Patente.patenteId=usuario.patenteId WHERE usuario.usuarioID=4  
Save/Update: select * from Cliente WHERE  Cliente.usuarioID=4  ; select * from cliente_movimientos; select * from Pedido WHERE borrado = 0; select * from Factura WHERE borrado = 0; select * from Diseño WHERE borrado = 0
Save/Update: select * from Familia JOIN JoinUsuarioToFamilia AS usuarios ON Familia.familiaID=usuarios.familiaID WHERE usuarios.usuarioID=5  ; select * from JoinFamiliaToPatente
Save/Update: select * from Patente JOIN JoinPatenteToUsuario AS usuario ON Patente.patenteId=usuario.patenteId WHERE usuario.usuarioID=5  
Save/Update: select * from Cliente WHERE  Cliente.usuarioID=5  ; select * from cliente_movimientos; select * from Pedido WHERE borrado = 0; select * from Factura WHERE borrado = 0; select * from Diseño WHERE borrado = 0
Save/Update: UPDATE Usuario SET nombre='nombre1', apellido='apellido1', mail='mail1@test.com', password='11C8', telefonoFijo='1111-1111', telefonoMovil='1111-1111', bloqueado=0  WHERE usuarioID=1  ; DELETE JoinUsuarioToFamilia where usuarioID=1  ; DELETE JoinPatenteToUsuario where usuarioID=1  ; 
Save/Update: UPDATE Cliente SET habitadoTurnos=1 , newsletter=0  WHERE id_cliente=1  ; UPDATE Pedido SET borrado=1 WHERE id_cliente=1  ; UPDATE Factura SET borrado=1 WHERE id_cliente=1  ; UPDATE Diseño SET borrado=1 WHERE id_cliente=1  ; 
Save/Update:  UPDATE factura set borrado = 0 
Save/Update:  UPDATE diseño set borrado = 0 
Save/Update:  UPDATE pedido set borrado = 0 
Save/Update:  Insert into JoinPatenteToUsuario values (1,1)</StdOut>
      </Output>
    </UnitTestResult>
    <UnitTestResult executionId="d40893b8-3e9d-4b00-8d1a-c2f6b7bb7b1d" testId="6195d611-24d3-4e42-5b11-b2da792448d4" testName="grabarMovimientoTest" computerName="DIEGO-PC" duration="00:00:00.0141182" startTime="2012-12-13T22:12:06.7108017-03:00" endTime="2012-12-13T22:12:06.7318029-03:00" testType="13cdc9d9-ddb5-4fa4-a97d-d965ccfc6d4b" outcome="Passed" testListId="8c84fa94-04c1-424b-9868-57a2d4851a1d" relativeResultsDirectory="d40893b8-3e9d-4b00-8d1a-c2f6b7bb7b1d">
      <Output>
        <StdOut>Save/Update: SELECT  ISNULL(MAX(nro_movimiento + 1),1) from MovimientosCuenta
Save/Update: INSERT INTO MovimientosCuenta (nro_movimiento, comentario, fecha, monto, cuentaID, tipoMovimientoID) VALUES (4 , 'com4',  CAST('13/12/2012 22:12:06.715'  AS DateTime), 33.3, 1 , 2 ); DELETE cliente_movimientos where nro_movimiento=4  ;  INSERT INTO cliente_movimientos ( nro_movimiento, id_cliente) VALUES ( 4 , 2 ); DELETE documento_movimiento where nro_movimiento=4  ; 
Save/Update: select * from MovimientosCuenta JOIN cliente_movimientos AS cliente ON MovimientosCuenta.nro_movimiento=cliente.nro_movimiento WHERE  MovimientosCuenta.nro_movimiento=4  AND cliente.id_cliente IS NOT  NULL ; select * from cliente_movimientos; select * from documento_movimiento
Save/Update: select * from Cliente WHERE  Cliente.id_cliente=2  ; select * from cliente_movimientos; select * from Pedido WHERE borrado = 0; select * from Factura WHERE borrado = 0; select * from Diseño WHERE borrado = 0
Save/Update: select * from Usuario WHERE  Usuario.usuarioID=2  ; select * from JoinUsuarioToFamilia; select * from JoinPatenteToUsuario
Save/Update: select * from Familia JOIN JoinUsuarioToFamilia AS usuarios ON Familia.familiaID=usuarios.familiaID WHERE usuarios.usuarioID=2  ; select * from JoinFamiliaToPatente
Save/Update: select * from Patente JOIN JoinFamiliaToPatente AS familia ON Patente.patenteId=familia.patenteId WHERE familia.familiaID=2  
Save/Update: select * from Patente JOIN JoinPatenteToUsuario AS usuario ON Patente.patenteId=usuario.patenteId WHERE usuario.usuarioID=2  
Save/Update: select * from Cliente WHERE  Cliente.usuarioID=2  ; select * from cliente_movimientos; select * from Pedido WHERE borrado = 0; select * from Factura WHERE borrado = 0; select * from Diseño WHERE borrado = 0
Save/Update: select * from Diseño WHERE  Diseño.id_cliente=2  ; select * from historico_estados_diseño WHERE borrado = 0
Save/Update: select * from Factura WHERE  Factura.id_cliente=2  ; select * from documento_movimiento; select * from LineaFactura WHERE borrado = 0
Save/Update: select * from Pedido WHERE  Pedido.id_cliente=2  ; select * from produccion WHERE borrado = 0; select * from historico_estados_pedido WHERE borrado = 0
Save/Update: select * from MovimientosCuenta JOIN cliente_movimientos AS cliente ON MovimientosCuenta.nro_movimiento=cliente.nro_movimiento WHERE cliente.id_cliente=2  AND cliente.id_cliente IS NOT  NULL ; select * from cliente_movimientos; select * from documento_movimiento
Save/Update: select * from tipoMovimiento WHERE  tipoMovimiento.tipoMovimientoID=2  
Save/Update: select * from Cuenta WHERE  Cuenta.cuentaID=1  
Save/Update: DELETE cliente_movimientos where nro_movimiento=4  ; DELETE documento_movimiento where nro_movimiento=4  ; ;DELETE MovimientosCuenta WHERE nro_movimiento=4</StdOut>
      </Output>
    </UnitTestResult>
    <UnitTestResult executionId="18d1fecc-5070-4da9-be2d-dca80ebfddd2" testId="61c2c67d-a8aa-50cc-81fa-b25eafff855b" testName="listarProduccionPorCodigoTest" computerName="DIEGO-PC" duration="00:00:00.0087846" startTime="2012-12-13T22:12:06.7358032-03:00" endTime="2012-12-13T22:12:06.7528041-03:00" testType="13cdc9d9-ddb5-4fa4-a97d-d965ccfc6d4b" outcome="Passed" testListId="8c84fa94-04c1-424b-9868-57a2d4851a1d" relativeResultsDirectory="18d1fecc-5070-4da9-be2d-dca80ebfddd2">
      <Output>
        <StdOut>Save/Update: select * from produccion WHERE  produccion.cod_produccion=1  ; select * from historico_estados_produccion WHERE borrado = 0
Save/Update: select * from Pedido WHERE  Pedido.cod_pedido=1  ; select * from produccion WHERE borrado = 0; select * from historico_estados_pedido WHERE borrado = 0
Save/Update: select * from Maquina WHERE  Maquina.cod_maquina=1  ; select * from JoinMaquinaToTipoPrenda
Save/Update: select * from Articulos WHERE  Articulos.cod_articulo=1  ; select * from lista_precios WHERE borrado = 0
Save/Update: select * from EstadoTrabajos WHERE  EstadoTrabajos.cod_estado=3  
Save/Update: select * from historico_estados_produccion WHERE  historico_estados_produccion.cod_produccion=1  
Save/Update: select * from produccion_operador WHERE  produccion_operador.cod_prodcuccion=1  
Save/Update: DELETE produccion_operador WHERE id_operador=2  AND cod_prodcuccion=7  
Save/Update: DELETE historico_estados_produccion WHERE nro_estado=1  AND cod_produccion=7  
Save/Update: DELETE historico_estados_produccion WHERE nro_estado=2  AND cod_produccion=7  
Save/Update: DELETE produccion WHERE cod_produccion=7</StdOut>
      </Output>
    </UnitTestResult>
    <UnitTestResult executionId="1d5e4b7e-6676-4901-ad25-38fe35655546" testId="62392e62-abcf-2bb0-a872-aa102226687e" testName="borrarClienteTest" computerName="DIEGO-PC" duration="00:00:00.0167137" startTime="2012-12-13T22:12:06.7568044-03:00" endTime="2012-12-13T22:12:06.7818058-03:00" testType="13cdc9d9-ddb5-4fa4-a97d-d965ccfc6d4b" outcome="Passed" testListId="8c84fa94-04c1-424b-9868-57a2d4851a1d" relativeResultsDirectory="1d5e4b7e-6676-4901-ad25-38fe35655546">
      <Output>
        <StdOut>Save/Update: SELECT  ISNULL(MAX(usuarioID + 1),1) from Usuario
Save/Update: INSERT INTO Usuario (usuarioID, nombre, apellido, mail, password, telefonoFijo, telefonoMovil, bloqueado) VALUES (6 , 'nombre6', 'apellido6', 'mail6@test.com', 'pas633', '6666-6666', '6666-6666', 0 ); DELETE JoinUsuarioToFamilia where usuarioID=6  ;  INSERT INTO JoinUsuarioToFamilia ( usuarioID, familiaID) VALUES ( 6 , 5 ); DELETE JoinPatenteToUsuario where usuarioID=6  ;  INSERT INTO JoinPatenteToUsuario ( usuarioID, patenteId) VALUES ( 6 , 3 ); 
Save/Update: SELECT  ISNULL(MAX(id_cliente + 1),1) from Cliente
Save/Update: INSERT INTO Cliente (id_cliente, habitadoTurnos, usuarioID, newsletter) VALUES (3 , 0 , 6 , 1 ); UPDATE Pedido SET borrado=1 WHERE id_cliente=3  ; UPDATE Factura SET borrado=1 WHERE id_cliente=3  ; UPDATE Diseño SET borrado=1 WHERE id_cliente=3  ; 
Save/Update: select * from Cliente WHERE  Cliente.id_cliente=3  ; select * from cliente_movimientos; select * from Pedido WHERE borrado = 0; select * from Factura WHERE borrado = 0; select * from Diseño WHERE borrado = 0
Save/Update: select * from Usuario WHERE  Usuario.usuarioID=6  ; select * from JoinUsuarioToFamilia; select * from JoinPatenteToUsuario
Save/Update: select * from Familia JOIN JoinUsuarioToFamilia AS usuarios ON Familia.familiaID=usuarios.familiaID WHERE usuarios.usuarioID=6  ; select * from JoinFamiliaToPatente
Save/Update: select * from Patente JOIN JoinFamiliaToPatente AS familia ON Patente.patenteId=familia.patenteId WHERE familia.familiaID=5  
Save/Update: select * from Patente JOIN JoinPatenteToUsuario AS usuario ON Patente.patenteId=usuario.patenteId WHERE usuario.usuarioID=6  
Save/Update: select * from Cliente WHERE  Cliente.usuarioID=6  ; select * from cliente_movimientos; select * from Pedido WHERE borrado = 0; select * from Factura WHERE borrado = 0; select * from Diseño WHERE borrado = 0
Save/Update: select * from Diseño WHERE  Diseño.id_cliente=6  ; select * from historico_estados_diseño WHERE borrado = 0
Save/Update: select * from Factura WHERE  Factura.id_cliente=6  ; select * from documento_movimiento; select * from LineaFactura WHERE borrado = 0
Save/Update: select * from Pedido WHERE  Pedido.id_cliente=6  ; select * from produccion WHERE borrado = 0; select * from historico_estados_pedido WHERE borrado = 0
Save/Update: select * from MovimientosCuenta JOIN cliente_movimientos AS cliente ON MovimientosCuenta.nro_movimiento=cliente.nro_movimiento WHERE cliente.id_cliente=6  AND cliente.id_cliente IS NOT  NULL ; select * from cliente_movimientos; select * from documento_movimiento
Save/Update: DELETE cliente_movimientos where id_cliente=3  ; ;DELETE Cliente WHERE id_cliente=3  
Save/Update: DELETE JoinUsuarioToFamilia where usuarioID=6  ; DELETE JoinPatenteToUsuario where usuarioID=6  ; ;DELETE Usuario WHERE usuarioID=6  
Save/Update: select * from Cliente WHERE  Cliente.id_cliente=3  ; select * from cliente_movimientos; select * from Pedido WHERE borrado = 0; select * from Factura WHERE borrado = 0; select * from Diseño WHERE borrado = 0</StdOut>
      </Output>
    </UnitTestResult>
    <UnitTestResult executionId="d25b3b94-442c-416c-a0b1-e059e48c59a6" testId="62f6b994-f314-dfaa-2382-4b70b0820150" testName="listarArticulosTest" computerName="DIEGO-PC" duration="00:00:00.0084087" startTime="2012-12-13T22:12:06.7838059-03:00" endTime="2012-12-13T22:12:06.7998068-03:00" testType="13cdc9d9-ddb5-4fa4-a97d-d965ccfc6d4b" outcome="Passed" testListId="8c84fa94-04c1-424b-9868-57a2d4851a1d" relativeResultsDirectory="d25b3b94-442c-416c-a0b1-e059e48c59a6">
      <Output>
        <StdOut>Save/Update: select * from Articulos WHERE  Articulos.borrado=0  ; select * from lista_precios WHERE borrado = 0
Save/Update: select * from lista_precios WHERE  lista_precios.cod_articulo=1  
Save/Update: select * from TipoPrenda WHERE  TipoPrenda.tipo_prenda=1  
Save/Update: select * from Diseño WHERE  Diseño.cod_diseño=1  ; select * from historico_estados_diseño WHERE borrado = 0
Save/Update: select * from lista_precios WHERE  lista_precios.cod_articulo=2  
Save/Update: select * from TipoPrenda WHERE  TipoPrenda.tipo_prenda=2  
Save/Update: select * from Diseño WHERE  Diseño.cod_diseño=2  ; select * from historico_estados_diseño WHERE borrado = 0
Save/Update: select * from lista_precios WHERE  lista_precios.cod_articulo=3  
Save/Update: select * from TipoPrenda WHERE  TipoPrenda.tipo_prenda=2  
Save/Update: select * from Diseño WHERE  Diseño.cod_diseño=1  ; select * from historico_estados_diseño WHERE borrado = 0
Save/Update: DELETE lista_precios WHERE nro_lista=1  AND cod_articulo=4  
Save/Update: DELETE lista_precios WHERE nro_lista=2  AND cod_articulo=4  
Save/Update: DELETE Articulos WHERE cod_articulo=4</StdOut>
      </Output>
    </UnitTestResult>
    <UnitTestResult executionId="718a6bea-a699-4a28-8b49-1d4325d7dd69" testId="645f3b20-4ed4-9fc8-0db6-f5c22e3f0ef4" testName="listarProduccionPorPedidoTest" computerName="DIEGO-PC" duration="00:00:00.0206850" startTime="2012-12-13T22:12:06.8048071-03:00" endTime="2012-12-13T22:12:06.8318087-03:00" testType="13cdc9d9-ddb5-4fa4-a97d-d965ccfc6d4b" outcome="Passed" testListId="8c84fa94-04c1-424b-9868-57a2d4851a1d" relativeResultsDirectory="718a6bea-a699-4a28-8b49-1d4325d7dd69">
      <Output>
        <StdOut>Save/Update: select * from produccion WHERE  produccion.cod_pedido=1  ; select * from historico_estados_produccion WHERE borrado = 0
Save/Update: select * from Pedido WHERE  Pedido.cod_pedido=1  ; select * from produccion WHERE borrado = 0; select * from historico_estados_pedido WHERE borrado = 0
Save/Update: select * from Maquina WHERE  Maquina.cod_maquina=1  ; select * from JoinMaquinaToTipoPrenda
Save/Update: select * from Articulos WHERE  Articulos.cod_articulo=1  ; select * from lista_precios WHERE borrado = 0
Save/Update: select * from EstadoTrabajos WHERE  EstadoTrabajos.cod_estado=3  
Save/Update: select * from historico_estados_produccion WHERE  historico_estados_produccion.cod_produccion=1  
Save/Update: select * from produccion_operador WHERE  produccion_operador.cod_prodcuccion=1  
Save/Update: select * from Pedido WHERE  Pedido.cod_pedido=1  ; select * from produccion WHERE borrado = 0; select * from historico_estados_pedido WHERE borrado = 0
Save/Update: select * from Maquina WHERE  Maquina.cod_maquina=1  ; select * from JoinMaquinaToTipoPrenda
Save/Update: select * from Articulos WHERE  Articulos.cod_articulo=2  ; select * from lista_precios WHERE borrado = 0
Save/Update: select * from EstadoTrabajos WHERE  EstadoTrabajos.cod_estado=2  
Save/Update: select * from historico_estados_produccion WHERE  historico_estados_produccion.cod_produccion=2  
Save/Update: select * from produccion_operador WHERE  produccion_operador.cod_prodcuccion=2  
Save/Update: select * from Pedido WHERE  Pedido.cod_pedido=1  ; select * from produccion WHERE borrado = 0; select * from historico_estados_pedido WHERE borrado = 0
Save/Update: select * from Maquina WHERE  Maquina.cod_maquina=2  ; select * from JoinMaquinaToTipoPrenda
Save/Update: select * from Articulos WHERE  Articulos.cod_articulo=3  ; select * from lista_precios WHERE borrado = 0
Save/Update: select * from EstadoTrabajos WHERE  EstadoTrabajos.cod_estado=0  
Save/Update: select * from historico_estados_produccion WHERE  historico_estados_produccion.cod_produccion=3  
Save/Update: select * from produccion_operador WHERE  produccion_operador.cod_prodcuccion=3  
Save/Update: DELETE produccion_operador WHERE id_operador=2  AND cod_prodcuccion=7  
Save/Update: DELETE historico_estados_produccion WHERE nro_estado=1  AND cod_produccion=7  
Save/Update: DELETE historico_estados_produccion WHERE nro_estado=2  AND cod_produccion=7  
Save/Update: DELETE produccion WHERE cod_produccion=7</StdOut>
      </Output>
    </UnitTestResult>
    <UnitTestResult executionId="db10d8ba-592b-43ba-a3a6-257ef7302bfb" testId="64c5f523-bd77-dde6-863d-1ca40834d636" testName="borrarNewsletterTest" computerName="DIEGO-PC" duration="00:00:00.0046081" startTime="2012-12-13T22:12:06.8348088-03:00" endTime="2012-12-13T22:12:06.8468095-03:00" testType="13cdc9d9-ddb5-4fa4-a97d-d965ccfc6d4b" outcome="Passed" testListId="8c84fa94-04c1-424b-9868-57a2d4851a1d" relativeResultsDirectory="db10d8ba-592b-43ba-a3a6-257ef7302bfb">
      <Output>
        <StdOut>Save/Update: SELECT  ISNULL(MAX(id + 1),1) from newsletter
Save/Update: INSERT INTO newsletter (id, newsletter, nombre, enviado) VALUES (3 , 'html', 'news3', 0 ); 
Save/Update: select * from newsletter WHERE  newsletter.id=3  
Save/Update: DELETE newsletter WHERE id=3  
Save/Update: select * from newsletter WHERE  newsletter.id=3</StdOut>
      </Output>
    </UnitTestResult>
    <UnitTestResult executionId="607f4400-6eb0-42a7-9b4b-dbf8660f9896" testId="653a7294-5203-6cdc-ff9d-6ea30ca26aa9" testName="grabarInsumoTest" computerName="DIEGO-PC" duration="00:00:00.0072022" startTime="2012-12-13T22:12:06.8498097-03:00" endTime="2012-12-13T22:12:06.8638105-03:00" testType="13cdc9d9-ddb5-4fa4-a97d-d965ccfc6d4b" outcome="Passed" testListId="8c84fa94-04c1-424b-9868-57a2d4851a1d" relativeResultsDirectory="607f4400-6eb0-42a7-9b4b-dbf8660f9896">
      <Output>
        <StdOut>Save/Update: SELECT  ISNULL(MAX(cod_insumo + 1),1) from insumo
Save/Update: INSERT INTO insumo (cod_insumo, nombre, id_tipo_insumo, color, detalle, costo, cantidadActual) VALUES (5 , 'test creacion', 1 , 1 , 'insumo repo test', 5, 100 ); 
Save/Update: SELECT  ISNULL(MAX(nro_movimiento + 1),1) from MovimientosStock WHERE cod_insumo=5
Save/Update: INSERT INTO MovimientosStock (nro_movimiento, cod_insumo, tipo, fecha, cantidad) VALUES (1 , 5 , 1 ,  CAST('13/12/2012 22:12:06.854'  AS DateTime), 100); 
Save/Update: select * from insumo WHERE  insumo.cod_insumo=5  
Save/Update: select * from tipoInsumo WHERE  tipoInsumo.tipo_insumo=1  
Save/Update: select * from color WHERE  color.codigo_color=1  
Save/Update: select * from MovimientosStock WHERE  MovimientosStock.cod_insumo=5  
Save/Update: DELETE MovimientosStock WHERE nro_movimiento=1  AND cod_insumo=5  
Save/Update: DELETE MovimientosStock WHERE nro_movimiento=2  AND cod_insumo=5  
Save/Update: DELETE insumo WHERE cod_insumo=5</StdOut>
      </Output>
    </UnitTestResult>
    <UnitTestResult executionId="ebdc5c35-fe3a-4a5f-ad9e-78e3f271527d" testId="65cf3506-53bd-487b-cba6-ed8ab00a65a4" testName="cargarLineasFacturaConRestriccionTest" computerName="DIEGO-PC" duration="00:00:00.0099997" startTime="2012-12-13T22:12:06.8668107-03:00" endTime="2012-12-13T22:12:06.8828116-03:00" testType="13cdc9d9-ddb5-4fa4-a97d-d965ccfc6d4b" outcome="Passed" testListId="8c84fa94-04c1-424b-9868-57a2d4851a1d" relativeResultsDirectory="ebdc5c35-fe3a-4a5f-ad9e-78e3f271527d">
      <Output>
        <StdOut>Save/Update: select * from LineaFactura WHERE  LineaFactura.cod_producto=1  AND  LineaFactura.borrado=0  AND  LineaFactura.cantidad=10  AND  LineaFactura.nro_factura=1  AND  LineaFactura.nro_linea=1  AND  LineaFactura.nro_sucursal=1  AND  LineaFactura.precio=10 AND  LineaFactura.tipo_factura='A'</StdOut>
      </Output>
    </UnitTestResult>
    <UnitTestResult executionId="865dbaf6-d602-44b0-bc3f-1b73966a7c70" testId="65f33339-f5f5-af8d-e74e-57a59876466d" testName="cargarListaPrecioTest" computerName="DIEGO-PC" duration="00:00:00.0030909" startTime="2012-12-13T22:12:06.8848117-03:00" endTime="2012-12-13T22:12:06.8948123-03:00" testType="13cdc9d9-ddb5-4fa4-a97d-d965ccfc6d4b" outcome="Passed" testListId="8c84fa94-04c1-424b-9868-57a2d4851a1d" relativeResultsDirectory="865dbaf6-d602-44b0-bc3f-1b73966a7c70">
      <Output>
        <StdOut>Save/Update: select * from lista_precios
Save/Update: DELETE lista_precios WHERE nro_lista=3  AND cod_articulo=1</StdOut>
      </Output>
    </UnitTestResult>
    <UnitTestResult executionId="79b7769f-9c7f-4d88-b13b-c3b9015a20e4" testId="66671db1-8d6b-13a4-a97e-68474a20ccf4" testName="actualizarPedidoTest" computerName="DIEGO-PC" duration="00:00:00.0285091" startTime="2012-12-13T22:12:06.8978124-03:00" endTime="2012-12-13T22:12:06.9318144-03:00" testType="13cdc9d9-ddb5-4fa4-a97d-d965ccfc6d4b" outcome="Passed" testListId="8c84fa94-04c1-424b-9868-57a2d4851a1d" relativeResultsDirectory="79b7769f-9c7f-4d88-b13b-c3b9015a20e4">
      <Output>
        <StdOut>Save/Update: SELECT  ISNULL(MAX(cod_pedido + 1),1) from Pedido
Save/Update: INSERT INTO Pedido (cod_pedido, comentario, id_cliente, tipo_pedido, estadoActual, fechaInicio, fechaFinal, borrado) VALUES (5 , 'comentario test', 2 , 2 , 2 ,  CAST('13/12/2012 22:12:06.902'  AS DateTime),  CAST('13/12/2012 22:12:06.902'  AS DateTime), 0 ); UPDATE produccion SET borrado=1 WHERE cod_pedido=5  ; UPDATE historico_estados_pedido SET borrado=1 WHERE cod_pedido=5  ; 
Save/Update: SELECT  ISNULL(MAX(nro_estado + 1),1) from historico_estados_pedido WHERE cod_pedido=5
Save/Update: INSERT INTO historico_estados_pedido (nro_estado, comentario, cod_pedido, fechaDesde, fechaHasta, estado, borrado) VALUES (1 , 'com', 5 ,  CAST('13/12/2012 22:12:06.902'  AS DateTime),  NULL , 1 , 0 ); 
Save/Update: SELECT  ISNULL(MAX(cod_produccion + 1),1) from produccion
Save/Update: INSERT INTO produccion (cod_produccion, comentario, cod_pedido, cod_maquina, cod_articulo, cantidad, estadoActual, utilizacion, fechaInicio, fechaFinal, borrado) VALUES (7 , 'com1', 5 , 2 , 1 , 10 , 1 , 1,  CAST('13/12/2012 22:12:06.902'  AS DateTime),  NULL , 0 ); UPDATE historico_estados_produccion SET borrado=1 WHERE cod_produccion=7  ; 
Save/Update: select * from Pedido WHERE  Pedido.cod_pedido=5  ; select * from produccion WHERE borrado = 0; select * from historico_estados_pedido WHERE borrado = 0
Save/Update: select * from historico_estados_pedido WHERE  historico_estados_pedido.cod_pedido=5  
Save/Update: select * from tipoPedido WHERE  tipoPedido.tipo_pedido=2  
Save/Update: select * from produccion WHERE  produccion.cod_pedido=5  ; select * from historico_estados_produccion WHERE borrado = 0
Save/Update: select * from Cliente WHERE  Cliente.id_cliente=2  ; select * from cliente_movimientos; select * from Pedido WHERE borrado = 0; select * from Factura WHERE borrado = 0; select * from Diseño WHERE borrado = 0
Save/Update: select * from EstadoPedido WHERE  EstadoPedido.estado_pedido=2  
Save/Update: UPDATE Pedido SET comentario='comentario Modificado', id_cliente=2 , tipo_pedido=2 , estadoActual=3 , fechaInicio= CAST('13/12/2012 22:12:06.903'  AS DateTime), fechaFinal= CAST('10/10/2012 00:00:00.000'  AS DateTime), borrado=0  WHERE cod_pedido=5  ; UPDATE produccion SET borrado=1 WHERE cod_pedido=5  ; UPDATE historico_estados_pedido SET borrado=1 WHERE cod_pedido=5  ; 
Save/Update: UPDATE historico_estados_pedido SET comentario='com', fechaDesde= CAST('13/12/2012 22:12:06.903'  AS DateTime), fechaHasta= CAST('10/10/2012 00:00:00.000'  AS DateTime), estado=1 , borrado=0  WHERE nro_estado=1  AND cod_pedido=5  ; 
Save/Update: SELECT  ISNULL(MAX(nro_estado + 1),1) from historico_estados_pedido WHERE cod_pedido=5
Save/Update: INSERT INTO historico_estados_pedido (nro_estado, comentario, cod_pedido, fechaDesde, fechaHasta, estado, borrado) VALUES (2 , 'com', 5 ,  CAST('13/12/2012 22:12:06.912'  AS DateTime),  NULL , 2 , 0 ); 
Save/Update: UPDATE produccion SET comentario='com1', cod_pedido=5 , cod_maquina=2 , cod_articulo=1 , cantidad=10 , estadoActual=1 , utilizacion=1, fechaInicio= CAST('13/12/2012 22:12:06.903'  AS DateTime), fechaFinal= CAST('10/10/2012 00:00:00.000'  AS DateTime), borrado=0  WHERE cod_produccion=7  ; UPDATE historico_estados_produccion SET borrado=1 WHERE cod_produccion=7  ; 
Save/Update: select * from Pedido WHERE  Pedido.cod_pedido=5  ; select * from produccion WHERE borrado = 0; select * from historico_estados_pedido WHERE borrado = 0
Save/Update: select * from historico_estados_pedido WHERE  historico_estados_pedido.cod_pedido=5  
Save/Update: select * from tipoPedido WHERE  tipoPedido.tipo_pedido=2  
Save/Update: select * from produccion WHERE  produccion.cod_pedido=5  ; select * from historico_estados_produccion WHERE borrado = 0
Save/Update: select * from Cliente WHERE  Cliente.id_cliente=2  ; select * from cliente_movimientos; select * from Pedido WHERE borrado = 0; select * from Factura WHERE borrado = 0; select * from Diseño WHERE borrado = 0
Save/Update: select * from EstadoPedido WHERE  EstadoPedido.estado_pedido=3  
Save/Update: DELETE historico_estados_pedido WHERE nro_estado=1  AND cod_pedido=5  
Save/Update: DELETE historico_estados_pedido WHERE nro_estado=2  AND cod_pedido=5  
Save/Update: DELETE produccion WHERE cod_produccion=7  
Save/Update: DELETE Pedido WHERE cod_pedido=5</StdOut>
      </Output>
    </UnitTestResult>
    <UnitTestResult executionId="af0ee4eb-2b00-4a22-8f71-740fec0c9c4b" testId="66a338ec-66f0-37fa-1bf3-601efb395594" testName="listarPedidosPorClienteTest" computerName="DIEGO-PC" duration="00:00:00.0149972" startTime="2012-12-13T22:12:06.9338145-03:00" endTime="2012-12-13T22:12:06.9548157-03:00" testType="13cdc9d9-ddb5-4fa4-a97d-d965ccfc6d4b" outcome="Passed" testListId="8c84fa94-04c1-424b-9868-57a2d4851a1d" relativeResultsDirectory="af0ee4eb-2b00-4a22-8f71-740fec0c9c4b">
      <Output>
        <StdOut>Save/Update: select * from Pedido WHERE  Pedido.id_cliente=1  ; select * from produccion WHERE borrado = 0; select * from historico_estados_pedido WHERE borrado = 0
Save/Update: select * from historico_estados_pedido WHERE  historico_estados_pedido.cod_pedido=1  
Save/Update: select * from tipoPedido WHERE  tipoPedido.tipo_pedido=1  
Save/Update: select * from produccion WHERE  produccion.cod_pedido=1  ; select * from historico_estados_produccion WHERE borrado = 0
Save/Update: select * from Cliente WHERE  Cliente.id_cliente=1  ; select * from cliente_movimientos; select * from Pedido WHERE borrado = 0; select * from Factura WHERE borrado = 0; select * from Diseño WHERE borrado = 0
Save/Update: select * from EstadoPedido WHERE  EstadoPedido.estado_pedido=3  
Save/Update: select * from historico_estados_pedido WHERE  historico_estados_pedido.cod_pedido=3  
Save/Update: select * from tipoPedido WHERE  tipoPedido.tipo_pedido=2  
Save/Update: select * from produccion WHERE  produccion.cod_pedido=3  ; select * from historico_estados_produccion WHERE borrado = 0
Save/Update: select * from Cliente WHERE  Cliente.id_cliente=1  ; select * from cliente_movimientos; select * from Pedido WHERE borrado = 0; select * from Factura WHERE borrado = 0; select * from Diseño WHERE borrado = 0
Save/Update: select * from EstadoPedido WHERE  EstadoPedido.estado_pedido=0  
Save/Update: select * from historico_estados_pedido WHERE  historico_estados_pedido.cod_pedido=4  
Save/Update: select * from tipoPedido WHERE  tipoPedido.tipo_pedido=1  
Save/Update: select * from produccion WHERE  produccion.cod_pedido=4  ; select * from historico_estados_produccion WHERE borrado = 0
Save/Update: select * from Cliente WHERE  Cliente.id_cliente=1  ; select * from cliente_movimientos; select * from Pedido WHERE borrado = 0; select * from Factura WHERE borrado = 0; select * from Diseño WHERE borrado = 0
Save/Update: select * from EstadoPedido WHERE  EstadoPedido.estado_pedido=0  
Save/Update: DELETE historico_estados_pedido WHERE nro_estado=1  AND cod_pedido=5  
Save/Update: DELETE historico_estados_pedido WHERE nro_estado=2  AND cod_pedido=5  
Save/Update: DELETE produccion WHERE cod_produccion=7  
Save/Update: DELETE Pedido WHERE cod_pedido=5</StdOut>
      </Output>
    </UnitTestResult>
    <UnitTestResult executionId="169a7516-8ec9-472e-9596-530fe1d8c2e2" testId="66accf62-c8b1-294a-c12d-5fcb04e3bddf" testName="cargarFacturasTest" computerName="DIEGO-PC" duration="00:00:00.0039382" startTime="2012-12-13T22:12:06.9578159-03:00" endTime="2012-12-13T22:12:06.9668164-03:00" testType="13cdc9d9-ddb5-4fa4-a97d-d965ccfc6d4b" outcome="Passed" testListId="8c84fa94-04c1-424b-9868-57a2d4851a1d" relativeResultsDirectory="169a7516-8ec9-472e-9596-530fe1d8c2e2">
      <Output>
        <StdOut>Save/Update: select * from Factura; select * from documento_movimiento; select * from LineaFactura WHERE borrado = 0
Save/Update: delete Factura where nro_doc=5
Save/Update: delete documento where nro_doc=5</StdOut>
      </Output>
    </UnitTestResult>
    <UnitTestResult executionId="819c8e04-a065-41fb-9f2d-8ce92a52a77f" testId="67103975-0d80-6dc0-3e73-31c64db0977f" testName="grabarInsumoTest" computerName="DIEGO-PC" duration="00:00:00.0151734" startTime="2012-12-13T22:12:06.9698166-03:00" endTime="2012-12-13T22:12:06.9918178-03:00" testType="13cdc9d9-ddb5-4fa4-a97d-d965ccfc6d4b" outcome="Passed" testListId="8c84fa94-04c1-424b-9868-57a2d4851a1d" relativeResultsDirectory="819c8e04-a065-41fb-9f2d-8ce92a52a77f">
      <Output>
        <StdOut>Save/Update: SELECT  ISNULL(MAX(cod_insumo + 1),1) from insumo
Save/Update: INSERT INTO insumo (cod_insumo, nombre, id_tipo_insumo, color, detalle, costo, cantidadActual) VALUES (5 , 'test creacion', 1 , 1 , 'insumo repo test', 5, 100 ); 
Save/Update: SELECT  ISNULL(MAX(nro_movimiento + 1),1) from MovimientosStock WHERE cod_insumo=5
Save/Update: INSERT INTO MovimientosStock (nro_movimiento, cod_insumo, tipo, fecha, cantidad) VALUES (1 , 5 , 2 ,  CAST('13/12/2012 22:12:06.974'  AS DateTime), 100); 
Save/Update: select * from insumo WHERE  insumo.cod_insumo=5  
Save/Update: select * from tipoInsumo WHERE  tipoInsumo.tipo_insumo=1  
Save/Update: select * from color WHERE  color.codigo_color=1  
Save/Update: select * from MovimientosStock WHERE  MovimientosStock.cod_insumo=5  
Save/Update: select * from insumo WHERE  insumo.cod_insumo=1  
Save/Update: select * from tipoInsumo WHERE  tipoInsumo.tipo_insumo=1  
Save/Update: select * from color WHERE  color.codigo_color=1  
Save/Update: select * from MovimientosStock WHERE  MovimientosStock.cod_insumo=1  
Save/Update: select * from insumo WHERE  insumo.cod_insumo=2  
Save/Update: select * from tipoInsumo WHERE  tipoInsumo.tipo_insumo=1  
Save/Update: select * from color WHERE  color.codigo_color=2  
Save/Update: select * from MovimientosStock WHERE  MovimientosStock.cod_insumo=2  
Save/Update: select * from insumo WHERE  insumo.cod_insumo=1  
Save/Update: select * from tipoInsumo WHERE  tipoInsumo.tipo_insumo=1  
Save/Update: select * from color WHERE  color.codigo_color=1  
Save/Update: select * from MovimientosStock WHERE  MovimientosStock.cod_insumo=1  
Save/Update: UPDATE insumo SET nombre='nombre1', id_tipo_insumo=1 , color=1 , detalle='detalle1', costo=1, cantidadActual=1  WHERE cod_insumo=1  ; 
Save/Update: select * from insumo WHERE  insumo.cod_insumo=2  
Save/Update: select * from tipoInsumo WHERE  tipoInsumo.tipo_insumo=1  
Save/Update: select * from color WHERE  color.codigo_color=2  
Save/Update: select * from MovimientosStock WHERE  MovimientosStock.cod_insumo=2  
Save/Update: UPDATE insumo SET nombre='nombre2', id_tipo_insumo=1 , color=2 , detalle='detalle2', costo=1, cantidadActual=2  WHERE cod_insumo=2  ; 
Save/Update: delete from MovimientosStock where cod_insumo &gt; 2 or (cod_insumo = 1 AND nro_movimiento &gt; 2) or (cod_insumo = 2 AND nro_movimiento &gt; 1)
Save/Update: DELETE MovimientosStock WHERE nro_movimiento=1  AND cod_insumo=5  
Save/Update: DELETE MovimientosStock WHERE nro_movimiento=2  AND cod_insumo=5  
Save/Update: DELETE insumo WHERE cod_insumo=5</StdOut>
      </Output>
    </UnitTestResult>
    <UnitTestResult executionId="1696d2f6-be82-4a38-a909-c08b25a3e3a1" testId="68862084-d3f3-3b6a-8d1d-63a8120425c8" testName="actualizarFamiliaTest" computerName="DIEGO-PC" duration="00:00:00.0086405" startTime="2012-12-13T22:12:06.9948180-03:00" endTime="2012-12-13T22:12:07.0098188-03:00" testType="13cdc9d9-ddb5-4fa4-a97d-d965ccfc6d4b" outcome="Passed" testListId="8c84fa94-04c1-424b-9868-57a2d4851a1d" relativeResultsDirectory="1696d2f6-be82-4a38-a909-c08b25a3e3a1">
      <Output>
        <StdOut>Save/Update: select * from Familia WHERE  Familia.familiaID=2  ; select * from JoinFamiliaToPatente
Save/Update: select * from Patente JOIN JoinFamiliaToPatente AS familia ON Patente.patenteId=familia.patenteId WHERE familia.familiaID=2  
Save/Update: UPDATE Familia SET descripcion='desTest', nombre='nombretest' WHERE familiaID=2  ; DELETE JoinFamiliaToPatente where familiaID=2  ;  INSERT INTO JoinFamiliaToPatente ( familiaID, patenteId) VALUES ( 2 , 9 ); 
Save/Update: select * from Familia WHERE  Familia.familiaID=2  ; select * from JoinFamiliaToPatente
Save/Update: select * from Patente JOIN JoinFamiliaToPatente AS familia ON Patente.patenteId=familia.patenteId WHERE familia.familiaID=2  
Save/Update: UPDATE Familia SET descripcion='Operador maquinas de produccion', nombre='Operador de maquinas' WHERE familiaID=2  ; DELETE JoinFamiliaToPatente where familiaID=2  ;  INSERT INTO JoinFamiliaToPatente ( familiaID, patenteId) VALUES ( 2 , 1 );</StdOut>
      </Output>
    </UnitTestResult>
    <UnitTestResult executionId="afd350ee-884c-4a33-b181-52cd543cc6b2" testId="688ff74d-915e-d560-41c3-a70549298345" testName="borrarMovimientosClienteTest" computerName="DIEGO-PC" duration="00:00:00.0117337" startTime="2012-12-13T22:12:07.0128190-03:00" endTime="2012-12-13T22:12:07.0308200-03:00" testType="13cdc9d9-ddb5-4fa4-a97d-d965ccfc6d4b" outcome="Passed" testListId="8c84fa94-04c1-424b-9868-57a2d4851a1d" relativeResultsDirectory="afd350ee-884c-4a33-b181-52cd543cc6b2">
      <Output>
        <StdOut>Save/Update: SELECT  ISNULL(MAX(nro_movimiento + 1),1) from MovimientosCuenta
Save/Update: INSERT INTO MovimientosCuenta (nro_movimiento, comentario, fecha, monto, cuentaID, tipoMovimientoID) VALUES (4 , 'com4',  CAST('13/12/2012 22:12:07.016'  AS DateTime), 33.3, 1 , 2 ); DELETE proveedor_movimientos where nro_movimiento=4  ;  INSERT INTO proveedor_movimientos ( nro_movimiento, id_proveedor) VALUES ( 4 , 2 ); DELETE documento_movimiento where nro_movimiento=4  ; 
Save/Update: select * from MovimientosCuenta JOIN proveedor_movimientos AS proveedor ON MovimientosCuenta.nro_movimiento=proveedor.nro_movimiento WHERE  MovimientosCuenta.nro_movimiento=4  AND  MovimientosCuenta.monto=33.3 AND proveedor.id_proveedor IS NOT  NULL ; select * from proveedor_movimientos; select * from documento_movimiento
Save/Update: DELETE proveedor_movimientos where nro_movimiento=4  ; DELETE documento_movimiento where nro_movimiento=4  ; ;DELETE MovimientosCuenta WHERE nro_movimiento=4  
Save/Update: select * from MovimientosCuenta JOIN proveedor_movimientos AS proveedor ON MovimientosCuenta.nro_movimiento=proveedor.nro_movimiento WHERE  MovimientosCuenta.nro_movimiento=4  AND  MovimientosCuenta.monto=33.3 AND proveedor.id_proveedor IS NOT  NULL AND proveedor.id_proveedor IS NOT  NULL ; select * from proveedor_movimientos; select * from documento_movimiento
Save/Update: DELETE proveedor_movimientos where nro_movimiento=4  ; DELETE documento_movimiento where nro_movimiento=4  ; ;DELETE MovimientosCuenta WHERE nro_movimiento=4</StdOut>
      </Output>
    </UnitTestResult>
    <UnitTestResult executionId="189b798a-e6b4-4e43-9eb8-da921bbd1bd2" testId="69fa372c-7458-f7f0-5041-7bf40151831d" testName="cargarMovimientosTest" computerName="DIEGO-PC" duration="00:00:00.0033649" startTime="2012-12-13T22:12:07.0328202-03:00" endTime="2012-12-13T22:12:07.0418207-03:00" testType="13cdc9d9-ddb5-4fa4-a97d-d965ccfc6d4b" outcome="Passed" testListId="8c84fa94-04c1-424b-9868-57a2d4851a1d" relativeResultsDirectory="189b798a-e6b4-4e43-9eb8-da921bbd1bd2">
      <Output>
        <StdOut>Save/Update: select * from MovimientosCuenta JOIN cliente_movimientos AS cliente ON MovimientosCuenta.nro_movimiento=cliente.nro_movimiento WHERE cliente.id_cliente IS NOT  NULL ; select * from cliente_movimientos; select * from documento_movimiento
Save/Update: DELETE cliente_movimientos where nro_movimiento=4  ; DELETE documento_movimiento where nro_movimiento=4  ; ;DELETE MovimientosCuenta WHERE nro_movimiento=4</StdOut>
      </Output>
    </UnitTestResult>
    <UnitTestResult executionId="40e675e7-834c-4f87-94db-d86c16f09596" testId="6b7c36cd-44f4-1879-c115-f544d495b61e" testName="cargarFamiliasTest" computerName="DIEGO-PC" duration="00:00:00.0024813" startTime="2012-12-13T22:12:07.0448208-03:00" endTime="2012-12-13T22:12:07.0538214-03:00" testType="13cdc9d9-ddb5-4fa4-a97d-d965ccfc6d4b" outcome="Passed" testListId="8c84fa94-04c1-424b-9868-57a2d4851a1d" relativeResultsDirectory="40e675e7-834c-4f87-94db-d86c16f09596">
      <Output>
        <StdOut>Save/Update: select * from Patente</StdOut>
      </Output>
    </UnitTestResult>
    <UnitTestResult executionId="4f27bd7a-235e-444c-9fa6-ccd33655a47d" testId="6c508edd-f42b-c301-6d53-7fe205a52a0b" testName="listarPedidosTest" computerName="DIEGO-PC" duration="00:00:00.0202498" startTime="2012-12-13T22:12:07.0568215-03:00" endTime="2012-12-13T22:12:07.0848231-03:00" testType="13cdc9d9-ddb5-4fa4-a97d-d965ccfc6d4b" outcome="Passed" testListId="8c84fa94-04c1-424b-9868-57a2d4851a1d" relativeResultsDirectory="4f27bd7a-235e-444c-9fa6-ccd33655a47d">
      <Output>
        <StdOut>Save/Update: select * from Pedido; select * from produccion WHERE borrado = 0; select * from historico_estados_pedido WHERE borrado = 0
Save/Update: select * from historico_estados_pedido WHERE  historico_estados_pedido.cod_pedido=1  
Save/Update: select * from tipoPedido WHERE  tipoPedido.tipo_pedido=1  
Save/Update: select * from produccion WHERE  produccion.cod_pedido=1  ; select * from historico_estados_produccion WHERE borrado = 0
Save/Update: select * from Cliente WHERE  Cliente.id_cliente=1  ; select * from cliente_movimientos; select * from Pedido WHERE borrado = 0; select * from Factura WHERE borrado = 0; select * from Diseño WHERE borrado = 0
Save/Update: select * from EstadoPedido WHERE  EstadoPedido.estado_pedido=3  
Save/Update: select * from historico_estados_pedido WHERE  historico_estados_pedido.cod_pedido=2  
Save/Update: select * from tipoPedido WHERE  tipoPedido.tipo_pedido=2  
Save/Update: select * from produccion WHERE  produccion.cod_pedido=2  ; select * from historico_estados_produccion WHERE borrado = 0
Save/Update: select * from Cliente WHERE  Cliente.id_cliente=2  ; select * from cliente_movimientos; select * from Pedido WHERE borrado = 0; select * from Factura WHERE borrado = 0; select * from Diseño WHERE borrado = 0
Save/Update: select * from EstadoPedido WHERE  EstadoPedido.estado_pedido=3  
Save/Update: select * from historico_estados_pedido WHERE  historico_estados_pedido.cod_pedido=3  
Save/Update: select * from tipoPedido WHERE  tipoPedido.tipo_pedido=2  
Save/Update: select * from produccion WHERE  produccion.cod_pedido=3  ; select * from historico_estados_produccion WHERE borrado = 0
Save/Update: select * from Cliente WHERE  Cliente.id_cliente=1  ; select * from cliente_movimientos; select * from Pedido WHERE borrado = 0; select * from Factura WHERE borrado = 0; select * from Diseño WHERE borrado = 0
Save/Update: select * from EstadoPedido WHERE  EstadoPedido.estado_pedido=0  
Save/Update: select * from historico_estados_pedido WHERE  historico_estados_pedido.cod_pedido=4  
Save/Update: select * from tipoPedido WHERE  tipoPedido.tipo_pedido=1  
Save/Update: select * from produccion WHERE  produccion.cod_pedido=4  ; select * from historico_estados_produccion WHERE borrado = 0
Save/Update: select * from Cliente WHERE  Cliente.id_cliente=1  ; select * from cliente_movimientos; select * from Pedido WHERE borrado = 0; select * from Factura WHERE borrado = 0; select * from Diseño WHERE borrado = 0
Save/Update: select * from EstadoPedido WHERE  EstadoPedido.estado_pedido=0  
Save/Update: DELETE historico_estados_pedido WHERE nro_estado=1  AND cod_pedido=5  
Save/Update: DELETE historico_estados_pedido WHERE nro_estado=2  AND cod_pedido=5  
Save/Update: DELETE produccion WHERE cod_produccion=7  
Save/Update: DELETE Pedido WHERE cod_pedido=5</StdOut>
      </Output>
    </UnitTestResult>
    <UnitTestResult executionId="9256ff69-231d-441b-aacb-29b9c5a40051" testId="6c77fe8d-a8b3-4efd-1e3d-013b12293f74" testName="borrarListaPrecioTest" computerName="DIEGO-PC" duration="00:00:00.0045782" startTime="2012-12-13T22:12:07.0868232-03:00" endTime="2012-12-13T22:12:07.0978239-03:00" testType="13cdc9d9-ddb5-4fa4-a97d-d965ccfc6d4b" outcome="Passed" testListId="8c84fa94-04c1-424b-9868-57a2d4851a1d" relativeResultsDirectory="9256ff69-231d-441b-aacb-29b9c5a40051">
      <Output>
        <StdOut>Save/Update: SELECT  ISNULL( MAX(nro_lista + 1), 1) from lista_precios WHERE cod_articulo=1
Save/Update: INSERT INTO lista_precios (nro_lista, cod_articulo, precio, fechaDesde, fechaHasta, borrado) VALUES (3 , 1 , 3.1,  CAST('11/11/2011 13:55:33.110'  AS DateTime),  CAST('11/11/2011 14:55:33.223'  AS DateTime), 0 ); 
Save/Update: select * from lista_precios WHERE  lista_precios.borrado=0  AND  lista_precios.cod_articulo=1  
Save/Update: DELETE lista_precios WHERE nro_lista=3  AND cod_articulo=1  
Save/Update: select * from lista_precios WHERE  lista_precios.borrado=0  AND  lista_precios.cod_articulo=1  
Save/Update: DELETE lista_precios WHERE nro_lista=3  AND cod_articulo=1</StdOut>
      </Output>
    </UnitTestResult>
    <UnitTestResult executionId="fca79c88-e9af-47b9-8bac-3a0eb547a5c8" testId="6cf16972-5184-bd8a-3b41-bb02c50f3e4c" testName="calcularFinalizacionTest3" computerName="DIEGO-PC" duration="00:00:00.0023554" startTime="2012-12-13T22:12:07.1008240-03:00" endTime="2012-12-13T22:12:07.1098246-03:00" testType="13cdc9d9-ddb5-4fa4-a97d-d965ccfc6d4b" outcome="Passed" testListId="8c84fa94-04c1-424b-9868-57a2d4851a1d" relativeResultsDirectory="fca79c88-e9af-47b9-8bac-3a0eb547a5c8">
      <Output>
        <StdOut>Save/Update: DELETE produccion_operador WHERE id_operador=2  AND cod_prodcuccion=7  
Save/Update: DELETE historico_estados_produccion WHERE nro_estado=1  AND cod_produccion=7  
Save/Update: DELETE historico_estados_produccion WHERE nro_estado=2  AND cod_produccion=7  
Save/Update: DELETE produccion WHERE cod_produccion=7</StdOut>
      </Output>
    </UnitTestResult>
    <UnitTestResult executionId="30fa7430-3134-4917-ba05-e40aa7731adc" testId="6dbb761e-cbdb-2c43-0c61-55938d83de19" testName="cargarLineasFacturaTest" computerName="DIEGO-PC" duration="00:00:00.0029727" startTime="2012-12-13T22:12:07.1128247-03:00" endTime="2012-12-13T22:12:07.1208252-03:00" testType="13cdc9d9-ddb5-4fa4-a97d-d965ccfc6d4b" outcome="Passed" testListId="8c84fa94-04c1-424b-9868-57a2d4851a1d" relativeResultsDirectory="30fa7430-3134-4917-ba05-e40aa7731adc">
      <Output>
        <StdOut>Save/Update: select * from LineaOrdenDeCompra</StdOut>
      </Output>
    </UnitTestResult>
    <UnitTestResult executionId="f57c4893-8f9d-484f-b6b8-fc78efe13bb2" testId="6e20bc5d-0f12-b6d7-ba69-ad542caad9f6" testName="modificarHistoricoEstadosTest" computerName="DIEGO-PC" duration="00:00:00.0069377" startTime="2012-12-13T22:12:07.1238254-03:00" endTime="2012-12-13T22:12:07.1368261-03:00" testType="13cdc9d9-ddb5-4fa4-a97d-d965ccfc6d4b" outcome="Passed" testListId="8c84fa94-04c1-424b-9868-57a2d4851a1d" relativeResultsDirectory="f57c4893-8f9d-484f-b6b8-fc78efe13bb2">
      <Output>
        <StdOut>Save/Update: select * from historico_estados_produccion WHERE  historico_estados_produccion.nro_estado=1  AND  historico_estados_produccion.cod_produccion=1  
Save/Update: UPDATE historico_estados_produccion SET comentario='comentarioModificado', fechaDesde= CAST('11/09/2012 13:00:00.000'  AS DateTime), fechaHasta= CAST('11/09/2012 14:00:00.000'  AS DateTime), estado=1 , borrado=0  WHERE nro_estado=1  AND cod_produccion=1  ; 
Save/Update: select * from historico_estados_produccion WHERE  historico_estados_produccion.nro_estado=1  AND  historico_estados_produccion.cod_produccion=1  
Save/Update: UPDATE historico_estados_produccion SET comentario='comentario11', fechaDesde= CAST('11/09/2012 13:00:00.000'  AS DateTime), fechaHasta= CAST('11/09/2012 14:00:00.000'  AS DateTime), estado=1 , borrado=0  WHERE nro_estado=1  AND cod_produccion=1  ;</StdOut>
      </Output>
    </UnitTestResult>
    <UnitTestResult executionId="6a438f02-50ef-4407-94b3-c75fee27662f" testId="6fccfc0c-3386-fa76-9bb6-5cb2884d04d6" testName="grabarNuevoPedidoTest" computerName="DIEGO-PC" duration="00:00:00.0053739" startTime="2012-12-13T22:12:07.1388262-03:00" endTime="2012-12-13T22:12:07.1528270-03:00" testType="13cdc9d9-ddb5-4fa4-a97d-d965ccfc6d4b" outcome="Passed" testListId="8c84fa94-04c1-424b-9868-57a2d4851a1d" relativeResultsDirectory="6a438f02-50ef-4407-94b3-c75fee27662f">
      <Output>
        <StdOut>Save/Update: SELECT  ISNULL(MAX(cod_pedido + 1),1) from Pedido
Save/Update: INSERT INTO Pedido (cod_pedido, comentario, id_cliente, tipo_pedido, estadoActual, fechaInicio, fechaFinal, borrado) VALUES (5 , 'comentario test', 2 , 2 , 2 ,  CAST('13/12/2012 22:12:07.145'  AS DateTime),  CAST('13/12/2012 22:12:07.145'  AS DateTime), 0 ); UPDATE produccion SET borrado=1 WHERE cod_pedido=5  ; UPDATE historico_estados_pedido SET borrado=1 WHERE cod_pedido=5  ; 
Save/Update: select * from Pedido WHERE  Pedido.comentario='comentario test' ; select * from produccion WHERE borrado = 0; select * from historico_estados_pedido WHERE borrado = 0
Save/Update: DELETE Pedido WHERE cod_pedido=5</StdOut>
      </Output>
    </UnitTestResult>
    <UnitTestResult executionId="27e2c7b8-b87a-4b99-bb29-eccf91fed89b" testId="70dba011-1aa4-3fb1-b8c2-fb8d0666bd55" testName="actualizarUsuarioTest" computerName="DIEGO-PC" duration="00:00:00.0133161" startTime="2012-12-13T22:12:07.1568273-03:00" endTime="2012-12-13T22:12:07.1768284-03:00" testType="13cdc9d9-ddb5-4fa4-a97d-d965ccfc6d4b" outcome="Passed" testListId="8c84fa94-04c1-424b-9868-57a2d4851a1d" relativeResultsDirectory="27e2c7b8-b87a-4b99-bb29-eccf91fed89b">
      <Output>
        <StdOut>Save/Update: select * from Cliente WHERE  Cliente.id_cliente=1  ; select * from cliente_movimientos; select * from Pedido WHERE borrado = 0; select * from Factura WHERE borrado = 0; select * from Diseño WHERE borrado = 0
Save/Update: UPDATE Cliente SET habitadoTurnos=0 , newsletter=1  WHERE id_cliente=1  ; UPDATE Pedido SET borrado=1 WHERE id_cliente=1  ; UPDATE Factura SET borrado=1 WHERE id_cliente=1  ; UPDATE Diseño SET borrado=1 WHERE id_cliente=1  ; 
Save/Update: select * from Cliente WHERE  Cliente.id_cliente=1  ; select * from cliente_movimientos; select * from Pedido WHERE borrado = 0; select * from Factura WHERE borrado = 0; select * from Diseño WHERE borrado = 0
Save/Update: UPDATE Cliente SET habitadoTurnos=1 , newsletter=0  WHERE id_cliente=1  ; UPDATE Pedido SET borrado=1 WHERE id_cliente=1  ; UPDATE Factura SET borrado=1 WHERE id_cliente=1  ; UPDATE Diseño SET borrado=1 WHERE id_cliente=1  ; 
Save/Update:  UPDATE factura set borrado = 0 
Save/Update:  UPDATE diseño set borrado = 0 
Save/Update:  UPDATE pedido set borrado = 0</StdOut>
      </Output>
    </UnitTestResult>
    <UnitTestResult executionId="e07d81f3-1627-4e4e-8afc-fbd164d18422" testId="7187fc52-08ae-19d9-62d2-a1273ba98de3" testName="listarArticulosPorPrendaTest" computerName="DIEGO-PC" duration="00:00:00.0131603" startTime="2012-12-13T22:12:07.1798286-03:00" endTime="2012-12-13T22:12:07.2018298-03:00" testType="13cdc9d9-ddb5-4fa4-a97d-d965ccfc6d4b" outcome="Passed" testListId="8c84fa94-04c1-424b-9868-57a2d4851a1d" relativeResultsDirectory="e07d81f3-1627-4e4e-8afc-fbd164d18422">
      <Output>
        <StdOut>Save/Update: select * from Articulos WHERE  Articulos.tipoPrendaID=1  AND  Articulos.borrado=0  ; select * from lista_precios WHERE borrado = 0
Save/Update: select * from lista_precios WHERE  lista_precios.cod_articulo=1  
Save/Update: select * from TipoPrenda WHERE  TipoPrenda.tipo_prenda=1  
Save/Update: select * from Diseño WHERE  Diseño.cod_diseño=1  ; select * from historico_estados_diseño WHERE borrado = 0
Save/Update: DELETE lista_precios WHERE nro_lista=1  AND cod_articulo=4  
Save/Update: DELETE lista_precios WHERE nro_lista=2  AND cod_articulo=4  
Save/Update: DELETE Articulos WHERE cod_articulo=4</StdOut>
      </Output>
    </UnitTestResult>
    <UnitTestResult executionId="b3adc460-5ff0-4025-bb36-dbeeb23d8a4d" testId="71db679d-9cd7-f55e-94f9-ae66c93fc299" testName="actualizarMaquinaTest" computerName="DIEGO-PC" duration="00:00:00.0104829" startTime="2012-12-13T22:12:07.2038299-03:00" endTime="2012-12-13T22:12:07.2228310-03:00" testType="13cdc9d9-ddb5-4fa4-a97d-d965ccfc6d4b" outcome="Passed" testListId="8c84fa94-04c1-424b-9868-57a2d4851a1d" relativeResultsDirectory="b3adc460-5ff0-4025-bb36-dbeeb23d8a4d">
      <Output>
        <StdOut>Save/Update: SELECT  ISNULL(MAX(cod_maquina + 1),1) from Maquina
Save/Update: INSERT INTO Maquina (cod_maquina, altoMargen, anchoMargen, cabezales, nombre, velocidadPromedio, cantidadColores) VALUES (4 , 100 , 200 , 12 , 'nombre nuevo', 1000 , 12 ); DELETE JoinMaquinaToTipoPrenda where cod_maquina=4  ;  INSERT INTO JoinMaquinaToTipoPrenda ( cod_maquina, tipo_prenda) VALUES ( 4 , 1 );  INSERT INTO JoinMaquinaToTipoPrenda ( cod_maquina, tipo_prenda) VALUES ( 4 , 2 ); 
Save/Update: select * from produccion WHERE  produccion.fechaInicio&gt;= CAST('13/12/2012 22:12:07.000'  AS DateTime) ; select * from historico_estados_produccion WHERE borrado = 0
Save/Update: select * from produccion WHERE  produccion.fechaInicio&gt;= CAST('13/12/2012 22:12:07.000'  AS DateTime) ; select * from historico_estados_produccion WHERE borrado = 0
Save/Update: select * from Maquina WHERE  Maquina.cod_maquina=4  ; select * from JoinMaquinaToTipoPrenda
Save/Update: select * from TipoPrenda WHERE  TipoPrenda.tipo_prenda=1  
Save/Update: select * from TipoPrenda WHERE  TipoPrenda.tipo_prenda=2  
Save/Update: UPDATE Maquina SET altoMargen=100 , anchoMargen=200 , cabezales=12 , nombre='nombre editado', velocidadPromedio=1000 , cantidadColores=12  WHERE cod_maquina=4  ; DELETE JoinMaquinaToTipoPrenda where cod_maquina=4  ;  INSERT INTO JoinMaquinaToTipoPrenda ( cod_maquina, tipo_prenda) VALUES ( 4 , 1 ); 
Save/Update: select * from Maquina WHERE  Maquina.cod_maquina=4  ; select * from JoinMaquinaToTipoPrenda
Save/Update: select * from TipoPrenda WHERE  TipoPrenda.tipo_prenda=1  
Save/Update: DELETE JoinMaquinaToTipoPrenda where cod_maquina=4  ; ;DELETE Maquina WHERE cod_maquina=4  
Save/Update: delete from JoinMaquinaToTipoPrenda where cod_maquina=4</StdOut>
      </Output>
    </UnitTestResult>
    <UnitTestResult executionId="a6a883e2-6170-4a5f-903f-a2ed0ef30695" testId="723aff45-3bd6-6949-d938-d2ccbc2f388d" testName="buscarProveedoresPorNombreTest" computerName="DIEGO-PC" duration="00:00:00.0073000" startTime="2012-12-13T22:12:07.2258312-03:00" endTime="2012-12-13T22:12:07.2398320-03:00" testType="13cdc9d9-ddb5-4fa4-a97d-d965ccfc6d4b" outcome="Passed" testListId="8c84fa94-04c1-424b-9868-57a2d4851a1d" relativeResultsDirectory="a6a883e2-6170-4a5f-903f-a2ed0ef30695">
      <Output>
        <StdOut>Save/Update: select * from Proveedor WHERE  Proveedor.nombre LIKE '%nomb%'
Save/Update: select * from OrdenDeCompra WHERE  OrdenDeCompra.id_proveedor=1  ; select * from documento_movimiento; select * from LineaOrdenDeCompra WHERE borrado = 0
Save/Update: select * from OrdenDeCompra WHERE  OrdenDeCompra.id_proveedor=2  ; select * from documento_movimiento; select * from LineaOrdenDeCompra WHERE borrado = 0
Save/Update: select * from OrdenDeCompra WHERE  OrdenDeCompra.id_proveedor=3  ; select * from documento_movimiento; select * from LineaOrdenDeCompra WHERE borrado = 0
Save/Update: delete OrdenDeCompra where nro_doc=5
Save/Update: delete documento where nro_doc=5
Save/Update: DELETE Proveedor WHERE id_proveedor=4  
Save/Update: UPDATE Proveedor SET nombre='nombre1', telefono='1111-1111', direccion='direccion 1' WHERE id_proveedor=1  ;</StdOut>
      </Output>
    </UnitTestResult>
    <UnitTestResult executionId="36f2888d-49d7-4ba9-9cbc-a757ed6c3a93" testId="72b264c8-79c9-9087-ae9e-47c332dbaa6d" testName="listaPatentesPorFamiliaTest" computerName="DIEGO-PC" duration="00:00:00.0021425" startTime="2012-12-13T22:12:07.2448323-03:00" endTime="2012-12-13T22:12:07.2528327-03:00" testType="13cdc9d9-ddb5-4fa4-a97d-d965ccfc6d4b" outcome="Passed" testListId="8c84fa94-04c1-424b-9868-57a2d4851a1d" relativeResultsDirectory="36f2888d-49d7-4ba9-9cbc-a757ed6c3a93">
      <Output>
        <StdOut>Save/Update: select * from Patente JOIN JoinFamiliaToPatente AS familia ON Patente.patenteId=familia.patenteId WHERE familia.familiaID=6</StdOut>
      </Output>
    </UnitTestResult>
    <UnitTestResult executionId="ee25da49-a7c7-445d-9ef0-1e4b3df62d46" testId="75cbbdb7-6249-18c8-32b2-1920235c1d97" testName="listarInsumosPorCodigoTest" computerName="DIEGO-PC" duration="00:00:00.0087026" startTime="2012-12-13T22:12:07.2558329-03:00" endTime="2012-12-13T22:12:07.2708338-03:00" testType="13cdc9d9-ddb5-4fa4-a97d-d965ccfc6d4b" outcome="Passed" testListId="8c84fa94-04c1-424b-9868-57a2d4851a1d" relativeResultsDirectory="ee25da49-a7c7-445d-9ef0-1e4b3df62d46">
      <Output>
        <StdOut>Save/Update: select * from insumo WHERE  insumo.cod_insumo=1  
Save/Update: select * from tipoInsumo WHERE  tipoInsumo.tipo_insumo=1  
Save/Update: select * from color WHERE  color.codigo_color=1  
Save/Update: select * from MovimientosStock WHERE  MovimientosStock.cod_insumo=1  
Save/Update: select * from insumo WHERE  insumo.cod_insumo=1  
Save/Update: select * from tipoInsumo WHERE  tipoInsumo.tipo_insumo=1  
Save/Update: select * from color WHERE  color.codigo_color=1  
Save/Update: select * from MovimientosStock WHERE  MovimientosStock.cod_insumo=1  
Save/Update: select * from insumo WHERE  insumo.cod_insumo=2  
Save/Update: select * from tipoInsumo WHERE  tipoInsumo.tipo_insumo=1  
Save/Update: select * from color WHERE  color.codigo_color=2  
Save/Update: select * from MovimientosStock WHERE  MovimientosStock.cod_insumo=2  
Save/Update: select * from insumo WHERE  insumo.cod_insumo=1  
Save/Update: select * from tipoInsumo WHERE  tipoInsumo.tipo_insumo=1  
Save/Update: select * from color WHERE  color.codigo_color=1  
Save/Update: select * from MovimientosStock WHERE  MovimientosStock.cod_insumo=1  
Save/Update: UPDATE insumo SET nombre='nombre1', id_tipo_insumo=1 , color=1 , detalle='detalle1', costo=1, cantidadActual=1  WHERE cod_insumo=1  ; 
Save/Update: select * from insumo WHERE  insumo.cod_insumo=2  
Save/Update: select * from tipoInsumo WHERE  tipoInsumo.tipo_insumo=1  
Save/Update: select * from color WHERE  color.codigo_color=2  
Save/Update: select * from MovimientosStock WHERE  MovimientosStock.cod_insumo=2  
Save/Update: UPDATE insumo SET nombre='nombre2', id_tipo_insumo=1 , color=2 , detalle='detalle2', costo=1, cantidadActual=2  WHERE cod_insumo=2  ; 
Save/Update: delete from MovimientosStock where cod_insumo &gt; 2 or (cod_insumo = 1 AND nro_movimiento &gt; 2) or (cod_insumo = 2 AND nro_movimiento &gt; 1)
Save/Update: DELETE MovimientosStock WHERE nro_movimiento=1  AND cod_insumo=5  
Save/Update: DELETE MovimientosStock WHERE nro_movimiento=2  AND cod_insumo=5  
Save/Update: DELETE insumo WHERE cod_insumo=5</StdOut>
      </Output>
    </UnitTestResult>
    <UnitTestResult executionId="a463e2e5-7cae-4077-8fe1-7e0231f17da0" testId="75ff0c72-ae5b-a30a-d444-42d5bfa7ed8d" testName="buscarOpinionesPorCriterioTest" computerName="DIEGO-PC" duration="00:00:00.0095318" startTime="2012-12-13T22:12:07.2738339-03:00" endTime="2012-12-13T22:12:07.2918350-03:00" testType="13cdc9d9-ddb5-4fa4-a97d-d965ccfc6d4b" outcome="Passed" testListId="8c84fa94-04c1-424b-9868-57a2d4851a1d" relativeResultsDirectory="a463e2e5-7cae-4077-8fe1-7e0231f17da0">
      <Output>
        <StdOut>Save/Update: select * from opiniones WHERE  opiniones.id=1  AND  opiniones.nombre='nombre1' AND  opiniones.mail='mail1@test.com' AND  opiniones.opinion='opinion1'</StdOut>
      </Output>
    </UnitTestResult>
    <UnitTestResult executionId="734c17fd-c133-4839-8992-7dfd980396f4" testId="76669914-042a-1066-d597-b186fff6c621" testName="grabarUsuarioTest" computerName="DIEGO-PC" duration="00:00:00.0083176" startTime="2012-12-13T22:12:07.2948351-03:00" endTime="2012-12-13T22:12:07.3108361-03:00" testType="13cdc9d9-ddb5-4fa4-a97d-d965ccfc6d4b" outcome="Passed" testListId="8c84fa94-04c1-424b-9868-57a2d4851a1d" relativeResultsDirectory="734c17fd-c133-4839-8992-7dfd980396f4">
      <Output>
        <StdOut>Save/Update: SELECT  ISNULL(MAX(usuarioID + 1),1) from Usuario
Save/Update: INSERT INTO Usuario (usuarioID, nombre, apellido, mail, password, telefonoFijo, telefonoMovil, bloqueado) VALUES (6 , 'nombre6', 'apellido6', 'mail6@test.com', 'pas6', '6666-6666', '6666-6666', 0 ); DELETE JoinUsuarioToFamilia where usuarioID=6  ;  INSERT INTO JoinUsuarioToFamilia ( usuarioID, familiaID) VALUES ( 6 , 1 ); DELETE JoinPatenteToUsuario where usuarioID=6  ;  INSERT INTO JoinPatenteToUsuario ( usuarioID, patenteId) VALUES ( 6 , 1 ); 
Save/Update: select * from Usuario; select * from JoinUsuarioToFamilia; select * from JoinPatenteToUsuario
Save/Update: DELETE JoinUsuarioToFamilia where usuarioID=6  ; DELETE JoinPatenteToUsuario where usuarioID=6  ; ;DELETE Usuario WHERE usuarioID=6  
Save/Update: select * from Usuario; select * from JoinUsuarioToFamilia; select * from JoinPatenteToUsuario
Save/Update: DELETE JoinUsuarioToFamilia where usuarioID=6  ; DELETE JoinPatenteToUsuario where usuarioID=6  ; ;DELETE Usuario WHERE usuarioID=6  
Save/Update: UPDATE Usuario SET nombre='nombre5', apellido='apellido5', mail='mail5@test.com', password='pas5', telefonoFijo='5555-5555', telefonoMovil='5555-5555', bloqueado=0  WHERE usuarioID=5  ; DELETE JoinUsuarioToFamilia where usuarioID=5  ; DELETE JoinPatenteToUsuario where usuarioID=5  ;</StdOut>
      </Output>
    </UnitTestResult>
    <UnitTestResult executionId="7d759b70-1aa0-4dd7-8064-b2d306edd95d" testId="77619216-98fe-f01d-d92b-ae2614d5a7c1" testName="buscarPorIdTest" computerName="DIEGO-PC" duration="00:00:00.0017975" startTime="2012-12-13T22:12:07.3148363-03:00" endTime="2012-12-13T22:12:07.3228367-03:00" testType="13cdc9d9-ddb5-4fa4-a97d-d965ccfc6d4b" outcome="Passed" testListId="8c84fa94-04c1-424b-9868-57a2d4851a1d" relativeResultsDirectory="7d759b70-1aa0-4dd7-8064-b2d306edd95d">
      <Output>
        <StdOut>Save/Update: select * from tipoMovimiento WHERE  tipoMovimiento.tipoMovimientoID=1</StdOut>
      </Output>
    </UnitTestResult>
    <UnitTestResult executionId="333d156e-9254-4555-bbc5-d5b836431179" testId="776c9b88-b138-d6aa-dd32-a876a9437025" testName="listarNewsletterTest" computerName="DIEGO-PC" duration="00:00:00.0026973" startTime="2012-12-13T22:12:07.3268370-03:00" endTime="2012-12-13T22:12:07.3358375-03:00" testType="13cdc9d9-ddb5-4fa4-a97d-d965ccfc6d4b" outcome="Passed" testListId="8c84fa94-04c1-424b-9868-57a2d4851a1d" relativeResultsDirectory="333d156e-9254-4555-bbc5-d5b836431179">
      <Output>
        <StdOut>Save/Update: select * from newsletter</StdOut>
      </Output>
    </UnitTestResult>
    <UnitTestResult executionId="29aa6896-108d-43af-857a-f3061f102d8f" testId="77a70718-b08f-850c-1bf3-10dbbe443592" testName="actualizaOrdenDeCompraTest" computerName="DIEGO-PC" duration="00:00:00.0509790" startTime="2012-12-13T22:12:07.3378376-03:00" endTime="2012-12-13T22:12:07.3988411-03:00" testType="13cdc9d9-ddb5-4fa4-a97d-d965ccfc6d4b" outcome="Passed" testListId="8c84fa94-04c1-424b-9868-57a2d4851a1d" relativeResultsDirectory="29aa6896-108d-43af-857a-f3061f102d8f">
      <Output>
        <StdOut>Save/Update: SELECT  ISNULL(MAX(nro_Doc + 1),1) from documento
Save/Update: INSERT INTO documento VALUES (5)
Save/Update: SELECT  ISNULL(MAX(nro_orden_compra + 1),1) from OrdenDeCompra WHERE nro_sucursal=1 AND tipo_orden_compra='A'
Save/Update: INSERT INTO OrdenDeCompra (nro_Doc, iva, fecha, borrado, nro_orden_compra, nro_sucursal, tipo_orden_compra, id_proveedor, monto) VALUES (5 , 1.1,  CAST('13/10/2012 21:44:12.000'  AS DateTime), 0 , 2 , 1 , 'A', 2 , 100); UPDATE LineaOrdenDeCompra SET borrado=1 WHERE nro_orden_compra=2  AND nro_sucursal=1  AND tipo_orden_compra='A' ; 
Save/Update: SELECT  ISNULL(MAX(nro_linea + 1),1) from LineaOrdenDeCompra WHERE nro_orden_compra=2 AND nro_sucursal=1 AND tipo_orden_compra='A'
Save/Update: INSERT INTO LineaOrdenDeCompra (nro_orden_compra, nro_sucursal, tipo_orden_compra, nro_linea, cod_producto, cantidad, precio, borrado) VALUES (2 , 1 , 'A', 1 , 2 , 10 , 50, 0 ); 
Save/Update: SELECT  ISNULL(MAX(nro_movimiento + 1),1) from MovimientosCuenta
Save/Update: INSERT INTO MovimientosCuenta (nro_movimiento, comentario, fecha, monto, cuentaID, tipoMovimientoID) VALUES (4 , 'com test',  CAST('13/10/2012 21:44:12.000'  AS DateTime), 100, 1 , 1 ); DELETE proveedor_movimientos where nro_movimiento=4  ;  INSERT INTO proveedor_movimientos ( nro_movimiento, id_proveedor) VALUES ( 4 , 2 ); DELETE documento_movimiento where nro_movimiento=4  ;  INSERT INTO documento_movimiento ( nro_movimiento, nro_Doc) VALUES ( 4 , 5 ); 
Save/Update: select * from OrdenDeCompra WHERE  OrdenDeCompra.nro_orden_compra=2  AND  OrdenDeCompra.nro_sucursal=1  AND  OrdenDeCompra.tipo_orden_compra='A' ; select * from documento_movimiento; select * from LineaOrdenDeCompra WHERE borrado = 0
Save/Update: select * from LineaOrdenDeCompra WHERE  LineaOrdenDeCompra.nro_orden_compra=2  AND  LineaOrdenDeCompra.tipo_orden_compra='A' AND  LineaOrdenDeCompra.nro_sucursal=1  
Save/Update: select * from insumo WHERE  insumo.cod_insumo=2  
Save/Update: select * from Proveedor WHERE  Proveedor.id_proveedor=2  
Save/Update: select * from MovimientosCuenta JOIN documento_movimiento AS documento ON MovimientosCuenta.nro_movimiento=documento.nro_movimiento JOIN proveedor_movimientos AS proveedor ON MovimientosCuenta.nro_movimiento=proveedor.nro_movimiento WHERE documento.nro_Doc=5  AND proveedor.id_proveedor IS NOT  NULL ; select * from proveedor_movimientos; select * from documento_movimiento
Save/Update: UPDATE OrdenDeCompra SET nro_Doc=5 , iva=1.1, fecha= CAST('13/10/2012 21:44:12.000'  AS DateTime), borrado=0 , id_proveedor=2 , monto=111 WHERE nro_orden_compra=2  AND nro_sucursal=1  AND tipo_orden_compra='A' ; UPDATE LineaOrdenDeCompra SET borrado=1 WHERE nro_orden_compra=2  AND nro_sucursal=1  AND tipo_orden_compra='A' ; 
Save/Update: UPDATE LineaOrdenDeCompra SET cod_producto=2 , cantidad=15 , precio=50, borrado=0  WHERE nro_orden_compra=2  AND nro_sucursal=1  AND tipo_orden_compra='A' AND nro_linea=1  ; 
Save/Update: SELECT  ISNULL(MAX(nro_linea + 1),1) from LineaOrdenDeCompra WHERE nro_orden_compra=2 AND nro_sucursal=1 AND tipo_orden_compra='A'
Save/Update: INSERT INTO LineaOrdenDeCompra (nro_orden_compra, nro_sucursal, tipo_orden_compra, nro_linea, cod_producto, cantidad, precio, borrado) VALUES (2 , 1 , 'A', 2 , 1 , 10 , 0, 0 ); 
Save/Update: UPDATE MovimientosCuenta SET comentario='com test', fecha= CAST('13/10/2012 21:44:12.000'  AS DateTime), monto=111, cuentaID=1 , tipoMovimientoID=1  WHERE nro_movimiento=4  ; DELETE proveedor_movimientos where nro_movimiento=4  ;  INSERT INTO proveedor_movimientos ( nro_movimiento, id_proveedor) VALUES ( 4 , 2 ); DELETE documento_movimiento where nro_movimiento=4  ;  INSERT INTO documento_movimiento ( nro_movimiento, nro_Doc) VALUES ( 4 , 5 ); 
Save/Update: select * from OrdenDeCompra WHERE  OrdenDeCompra.nro_orden_compra=2  AND  OrdenDeCompra.nro_sucursal=1  AND  OrdenDeCompra.tipo_orden_compra='A' ; select * from documento_movimiento; select * from LineaOrdenDeCompra WHERE borrado = 0
Save/Update: select * from LineaOrdenDeCompra WHERE  LineaOrdenDeCompra.nro_orden_compra=2  AND  LineaOrdenDeCompra.tipo_orden_compra='A' AND  LineaOrdenDeCompra.nro_sucursal=1  
Save/Update: select * from insumo WHERE  insumo.cod_insumo=2  
Save/Update: select * from insumo WHERE  insumo.cod_insumo=1  
Save/Update: select * from Proveedor WHERE  Proveedor.id_proveedor=2  
Save/Update: select * from MovimientosCuenta JOIN documento_movimiento AS documento ON MovimientosCuenta.nro_movimiento=documento.nro_movimiento JOIN proveedor_movimientos AS proveedor ON MovimientosCuenta.nro_movimiento=proveedor.nro_movimiento WHERE documento.nro_Doc=5  AND proveedor.id_proveedor IS NOT  NULL ; select * from proveedor_movimientos; select * from documento_movimiento
Save/Update: DELETE LineaOrdenDeCompra WHERE nro_orden_compra=2  AND nro_sucursal=1  AND tipo_orden_compra='A' AND nro_linea=1  
Save/Update: DELETE LineaOrdenDeCompra WHERE nro_orden_compra=2  AND nro_sucursal=1  AND tipo_orden_compra='A' AND nro_linea=2  
Save/Update: DELETE proveedor_movimientos where nro_movimiento=4  ; DELETE documento_movimiento where nro_movimiento=4  ; ;DELETE MovimientosCuenta WHERE nro_movimiento=4  
Save/Update: DELETE FROM OrdenDeCompra WHERE nro_Doc =5
Save/Update: delete documento where nro_doc=5</StdOut>
      </Output>
    </UnitTestResult>
    <UnitTestResult executionId="c82cced9-e98e-4bf1-b11e-89234d03df19" testId="78d51b31-e137-cc46-4586-32e7fc15993b" testName="BuscarDiseñosTest" computerName="DIEGO-PC" duration="00:00:00.0078208" startTime="2012-12-13T22:12:07.4018413-03:00" endTime="2012-12-13T22:12:07.4178422-03:00" testType="13cdc9d9-ddb5-4fa4-a97d-d965ccfc6d4b" outcome="Passed" testListId="8c84fa94-04c1-424b-9868-57a2d4851a1d" relativeResultsDirectory="c82cced9-e98e-4bf1-b11e-89234d03df19">
      <Output>
        <StdOut>Save/Update: select * from Diseño WHERE  Diseño.estadoActual=2  AND  Diseño.nombre LIKE '%ño1%'AND  Diseño.puntadas&gt;=500  AND  Diseño.puntadas&lt;=1500  AND  Diseño.ancho&gt;=5  AND  Diseño.ancho&lt;=15  AND  Diseño.alto&gt;=5  AND  Diseño.alto&lt;=15  AND  Diseño.id_cliente=1  ; select * from historico_estados_diseño WHERE borrado = 0
Save/Update: select * from Cliente WHERE  Cliente.id_cliente=1  ; select * from cliente_movimientos; select * from Pedido WHERE borrado = 0; select * from Factura WHERE borrado = 0; select * from Diseño WHERE borrado = 0
Save/Update: select * from Usuario WHERE  Usuario.usuarioID=1  ; select * from JoinUsuarioToFamilia; select * from JoinPatenteToUsuario
Save/Update: select * from Diseño_insumos WHERE  Diseño_insumos.cod_diseño=1  
Save/Update: select * from historico_estados_diseño WHERE  historico_estados_diseño.cod_diseño=1  
Save/Update: select * from EstadoDiseños WHERE  EstadoDiseños.estado=2  
Save/Update: DELETE FROM Diseño_insumos where cod_diseño=3
Save/Update: DELETE FROM historico_estados_diseño where cod_diseño=3
Save/Update: DELETE Diseño WHERE cod_diseño=3</StdOut>
      </Output>
    </UnitTestResult>
    <UnitTestResult executionId="84fb640d-440e-43d6-a6d3-c5242b658b57" testId="79432a3c-09ad-494a-94b0-409081b91296" testName="cargarLineasPorFacturaTest" computerName="DIEGO-PC" duration="00:00:00.0040329" startTime="2012-12-13T22:12:07.4218424-03:00" endTime="2012-12-13T22:12:07.4318430-03:00" testType="13cdc9d9-ddb5-4fa4-a97d-d965ccfc6d4b" outcome="Passed" testListId="8c84fa94-04c1-424b-9868-57a2d4851a1d" relativeResultsDirectory="84fb640d-440e-43d6-a6d3-c5242b658b57">
      <Output>
        <StdOut>Save/Update: select * from LineaFactura WHERE  LineaFactura.nro_factura=1  AND  LineaFactura.tipo_factura='A' AND  LineaFactura.nro_sucursal=1  
Save/Update: select * from Articulos WHERE  Articulos.cod_articulo=1  ; select * from lista_precios WHERE borrado = 0
Save/Update: select * from Articulos WHERE  Articulos.cod_articulo=2  ; select * from lista_precios WHERE borrado = 0</StdOut>
      </Output>
    </UnitTestResult>
    <UnitTestResult executionId="ca584f59-1c8b-44f8-8514-a1cf91f61d0e" testId="79b9204c-aeda-7048-42ac-c6faee468388" testName="listarProveedoresTest" computerName="DIEGO-PC" duration="00:00:00.0059690" startTime="2012-12-13T22:12:07.4338431-03:00" endTime="2012-12-13T22:12:07.4468438-03:00" testType="13cdc9d9-ddb5-4fa4-a97d-d965ccfc6d4b" outcome="Passed" testListId="8c84fa94-04c1-424b-9868-57a2d4851a1d" relativeResultsDirectory="ca584f59-1c8b-44f8-8514-a1cf91f61d0e">
      <Output>
        <StdOut>Save/Update: select * from Proveedor
Save/Update: select * from OrdenDeCompra WHERE  OrdenDeCompra.id_proveedor=1  ; select * from documento_movimiento; select * from LineaOrdenDeCompra WHERE borrado = 0
Save/Update: select * from OrdenDeCompra WHERE  OrdenDeCompra.id_proveedor=2  ; select * from documento_movimiento; select * from LineaOrdenDeCompra WHERE borrado = 0
Save/Update: select * from OrdenDeCompra WHERE  OrdenDeCompra.id_proveedor=3  ; select * from documento_movimiento; select * from LineaOrdenDeCompra WHERE borrado = 0
Save/Update: delete OrdenDeCompra where nro_doc=5
Save/Update: delete documento where nro_doc=5
Save/Update: DELETE Proveedor WHERE id_proveedor=4  
Save/Update: UPDATE Proveedor SET nombre='nombre1', telefono='1111-1111', direccion='direccion 1' WHERE id_proveedor=1  ;</StdOut>
      </Output>
    </UnitTestResult>
    <UnitTestResult executionId="dc47cbf2-14f5-49e9-9946-cfa52ff8f408" testId="79fcf63f-8b0d-33c2-c15a-b70a52cca16c" testName="grabarArticulosTest" computerName="DIEGO-PC" duration="00:00:00.0042059" startTime="2012-12-13T22:12:07.4488440-03:00" endTime="2012-12-13T22:12:07.4588445-03:00" testType="13cdc9d9-ddb5-4fa4-a97d-d965ccfc6d4b" outcome="Passed" testListId="8c84fa94-04c1-424b-9868-57a2d4851a1d" relativeResultsDirectory="dc47cbf2-14f5-49e9-9946-cfa52ff8f408">
      <Output>
        <StdOut>Save/Update: SELECT  ISNULL(MAX(cod_articulo + 1),1) from Articulos
Save/Update: INSERT INTO Articulos (cod_articulo, tipoPrendaID, diseñoID, comentario, produccion, precioActual, borrado) VALUES (4 , 2 , 2 , 'com4', 10 , 1.4, 0 ); UPDATE lista_precios SET borrado=1 WHERE cod_articulo=4  ; 
Save/Update: select * from Articulos WHERE  Articulos.cod_articulo=4  ; select * from lista_precios WHERE borrado = 0
Save/Update: DELETE Articulos WHERE cod_articulo=4</StdOut>
      </Output>
    </UnitTestResult>
    <UnitTestResult executionId="42557b4f-438d-4aef-aa16-7414c9513532" testId="7a2f5966-e3a2-2a72-e68e-2d6083996de2" testName="buscarPrimerosHuecosMaquinaTest2" computerName="DIEGO-PC" duration="00:00:00.0264815" startTime="2012-12-13T22:12:07.4608446-03:00" endTime="2012-12-13T22:12:07.4938465-03:00" testType="13cdc9d9-ddb5-4fa4-a97d-d965ccfc6d4b" outcome="Passed" testListId="8c84fa94-04c1-424b-9868-57a2d4851a1d" relativeResultsDirectory="42557b4f-438d-4aef-aa16-7414c9513532">
      <Output>
        <StdOut>Save/Update: select * from produccion WHERE  produccion.cod_maquina=1  AND  produccion.fechaFinal&gt;= CAST('09/10/2012 11:00:00.000'  AS DateTime) ; select * from historico_estados_produccion WHERE borrado = 0
Save/Update: select * from Pedido WHERE  Pedido.cod_pedido=1  ; select * from produccion WHERE borrado = 0; select * from historico_estados_pedido WHERE borrado = 0
Save/Update: select * from Maquina WHERE  Maquina.cod_maquina=1  ; select * from JoinMaquinaToTipoPrenda
Save/Update: select * from Articulos WHERE  Articulos.cod_articulo=1  ; select * from lista_precios WHERE borrado = 0
Save/Update: select * from EstadoTrabajos WHERE  EstadoTrabajos.cod_estado=3  
Save/Update: select * from historico_estados_produccion WHERE  historico_estados_produccion.cod_produccion=1  
Save/Update: select * from produccion_operador WHERE  produccion_operador.cod_prodcuccion=1  
Save/Update: select * from Pedido WHERE  Pedido.cod_pedido=1  ; select * from produccion WHERE borrado = 0; select * from historico_estados_pedido WHERE borrado = 0
Save/Update: select * from Maquina WHERE  Maquina.cod_maquina=1  ; select * from JoinMaquinaToTipoPrenda
Save/Update: select * from Articulos WHERE  Articulos.cod_articulo=2  ; select * from lista_precios WHERE borrado = 0
Save/Update: select * from EstadoTrabajos WHERE  EstadoTrabajos.cod_estado=2  
Save/Update: select * from historico_estados_produccion WHERE  historico_estados_produccion.cod_produccion=2  
Save/Update: select * from produccion_operador WHERE  produccion_operador.cod_prodcuccion=2  
Save/Update: select * from Pedido WHERE  Pedido.cod_pedido=2  ; select * from produccion WHERE borrado = 0; select * from historico_estados_pedido WHERE borrado = 0
Save/Update: select * from Maquina WHERE  Maquina.cod_maquina=1  ; select * from JoinMaquinaToTipoPrenda
Save/Update: select * from Articulos WHERE  Articulos.cod_articulo=6  ; select * from lista_precios WHERE borrado = 0
Save/Update: select * from EstadoTrabajos WHERE  EstadoTrabajos.cod_estado=0  
Save/Update: select * from historico_estados_produccion WHERE  historico_estados_produccion.cod_produccion=5  
Save/Update: select * from produccion_operador WHERE  produccion_operador.cod_prodcuccion=5  
Save/Update: select * from produccion WHERE  produccion.cod_maquina=1  AND  produccion.fechaInicio&gt;= CAST('09/10/2012 14:00:00.000'  AS DateTime) ; select * from historico_estados_produccion WHERE borrado = 0
Save/Update: select * from Pedido WHERE  Pedido.cod_pedido=1  ; select * from produccion WHERE borrado = 0; select * from historico_estados_pedido WHERE borrado = 0
Save/Update: select * from Maquina WHERE  Maquina.cod_maquina=1  ; select * from JoinMaquinaToTipoPrenda
Save/Update: select * from Articulos WHERE  Articulos.cod_articulo=2  ; select * from lista_precios WHERE borrado = 0
Save/Update: select * from EstadoTrabajos WHERE  EstadoTrabajos.cod_estado=2  
Save/Update: select * from historico_estados_produccion WHERE  historico_estados_produccion.cod_produccion=2  
Save/Update: select * from produccion_operador WHERE  produccion_operador.cod_prodcuccion=2  
Save/Update: select * from Pedido WHERE  Pedido.cod_pedido=2  ; select * from produccion WHERE borrado = 0; select * from historico_estados_pedido WHERE borrado = 0
Save/Update: select * from Maquina WHERE  Maquina.cod_maquina=1  ; select * from JoinMaquinaToTipoPrenda
Save/Update: select * from Articulos WHERE  Articulos.cod_articulo=6  ; select * from lista_precios WHERE borrado = 0
Save/Update: select * from EstadoTrabajos WHERE  EstadoTrabajos.cod_estado=0  
Save/Update: select * from historico_estados_produccion WHERE  historico_estados_produccion.cod_produccion=5  
Save/Update: select * from produccion_operador WHERE  produccion_operador.cod_prodcuccion=5  
Save/Update: select * from produccion WHERE  produccion.cod_maquina=1  AND  produccion.fechaInicio&gt;= CAST('10/10/2012 12:00:00.000'  AS DateTime) ; select * from historico_estados_produccion WHERE borrado = 0
Save/Update: select * from Pedido WHERE  Pedido.cod_pedido=2  ; select * from produccion WHERE borrado = 0; select * from historico_estados_pedido WHERE borrado = 0
Save/Update: select * from Maquina WHERE  Maquina.cod_maquina=1  ; select * from JoinMaquinaToTipoPrenda
Save/Update: select * from Articulos WHERE  Articulos.cod_articulo=6  ; select * from lista_precios WHERE borrado = 0
Save/Update: select * from EstadoTrabajos WHERE  EstadoTrabajos.cod_estado=0  
Save/Update: select * from historico_estados_produccion WHERE  historico_estados_produccion.cod_produccion=5  
Save/Update: select * from produccion_operador WHERE  produccion_operador.cod_prodcuccion=5  
Save/Update: select * from produccion WHERE  produccion.cod_maquina=1  AND  produccion.fechaInicio&gt;= CAST('10/10/2012 16:00:00.000'  AS DateTime) ; select * from historico_estados_produccion WHERE borrado = 0
Save/Update: DELETE produccion_operador WHERE id_operador=2  AND cod_prodcuccion=7  
Save/Update: DELETE historico_estados_produccion WHERE nro_estado=1  AND cod_produccion=7  
Save/Update: DELETE historico_estados_produccion WHERE nro_estado=2  AND cod_produccion=7  
Save/Update: DELETE produccion WHERE cod_produccion=7</StdOut>
      </Output>
    </UnitTestResult>
    <UnitTestResult executionId="d2ec006a-60fd-48e4-84a8-c5210722ffd4" testId="7a5f4dc9-0c0b-a16a-647b-478ba12b4828" testName="buscarNewsletterPorIdTest" computerName="DIEGO-PC" duration="00:00:00.0017888" startTime="2012-12-13T22:12:07.4968467-03:00" endTime="2012-12-13T22:12:07.5048472-03:00" testType="13cdc9d9-ddb5-4fa4-a97d-d965ccfc6d4b" outcome="Passed" testListId="8c84fa94-04c1-424b-9868-57a2d4851a1d" relativeResultsDirectory="d2ec006a-60fd-48e4-84a8-c5210722ffd4">
      <Output>
        <StdOut>Save/Update: select * from newsletter WHERE  newsletter.id=2</StdOut>
      </Output>
    </UnitTestResult>
    <UnitTestResult executionId="0391ed43-e393-47fa-9241-48f04b57793e" testId="7eda418a-e258-a33c-7890-73630dd7266c" testName="modificarFacturasTest" computerName="DIEGO-PC" duration="00:00:00.0130109" startTime="2012-12-13T22:12:07.5068473-03:00" endTime="2012-12-13T22:12:07.5258484-03:00" testType="13cdc9d9-ddb5-4fa4-a97d-d965ccfc6d4b" outcome="Passed" testListId="8c84fa94-04c1-424b-9868-57a2d4851a1d" relativeResultsDirectory="0391ed43-e393-47fa-9241-48f04b57793e">
      <Output>
        <StdOut>Save/Update: SELECT  ISNULL(MAX(nro_Doc + 1),1) from documento
Save/Update: INSERT INTO documento VALUES (5)
Save/Update: SELECT  ISNULL(MAX(nro_orden_compra + 1),1) from OrdenDeCompra WHERE nro_sucursal=1 AND tipo_orden_compra='A'
Save/Update: INSERT INTO OrdenDeCompra (nro_Doc, iva, fecha, borrado, nro_orden_compra, nro_sucursal, tipo_orden_compra, id_proveedor, monto) VALUES (5 , 33.3,  CAST('13/12/2012 22:12:07.511'  AS DateTime), 0 , 2 , 1 , 'A', 2 , 33.3); UPDATE LineaOrdenDeCompra SET borrado=1 WHERE nro_orden_compra=2  AND nro_sucursal=1  AND tipo_orden_compra='A' ; 
Save/Update: select * from OrdenDeCompra WHERE  OrdenDeCompra.nro_Doc=5  ; select * from documento_movimiento; select * from LineaOrdenDeCompra WHERE borrado = 0
Save/Update: UPDATE OrdenDeCompra SET nro_Doc=5 , iva=25.5, fecha= CAST('13/12/2012 22:12:07.510'  AS DateTime), borrado=0 , id_proveedor=2 , monto=33.3 WHERE nro_orden_compra=2  AND nro_sucursal=1  AND tipo_orden_compra='A' ; UPDATE LineaOrdenDeCompra SET borrado=1 WHERE nro_orden_compra=2  AND nro_sucursal=1  AND tipo_orden_compra='A' ; 
Save/Update: select * from OrdenDeCompra WHERE  OrdenDeCompra.nro_Doc=5  ; select * from documento_movimiento; select * from LineaOrdenDeCompra WHERE borrado = 0
Save/Update: delete OrdenDeCompra where nro_doc=5
Save/Update: delete documento where nro_doc=5</StdOut>
      </Output>
    </UnitTestResult>
    <UnitTestResult executionId="a02cbd9b-13c6-4cbd-b814-9c0708a4aac5" testId="7ef8ab41-162c-76bc-02f7-a575f043f7e4" testName="grabarMovimientosTest" computerName="DIEGO-PC" duration="00:00:00.0045646" startTime="2012-12-13T22:12:07.5278485-03:00" endTime="2012-12-13T22:12:07.5398492-03:00" testType="13cdc9d9-ddb5-4fa4-a97d-d965ccfc6d4b" outcome="Passed" testListId="8c84fa94-04c1-424b-9868-57a2d4851a1d" relativeResultsDirectory="a02cbd9b-13c6-4cbd-b814-9c0708a4aac5">
      <Output>
        <StdOut>Save/Update: SELECT  ISNULL(MAX(nro_movimiento + 1),1) from MovimientosStock WHERE cod_insumo=1
Save/Update: INSERT INTO MovimientosStock (nro_movimiento, cod_insumo, tipo, fecha, cantidad) VALUES (3 , 1 , 1 ,  CAST('11/11/2012 00:00:00.000'  AS DateTime), 15); 
Save/Update: select * from MovimientosStock WHERE  MovimientosStock.cod_insumo=1  AND  MovimientosStock.nro_movimiento=3  
Save/Update: DELETE MovimientosStock WHERE nro_movimiento=3  AND cod_insumo=1</StdOut>
      </Output>
    </UnitTestResult>
    <UnitTestResult executionId="3d112ca5-031b-41f5-99f1-9b235eb5f4be" testId="7f0052b2-2fa5-1442-5124-403810b2060e" testName="listarOrdenDeComprasPorProveedorTest" computerName="DIEGO-PC" duration="00:00:00.0093085" startTime="2012-12-13T22:12:07.5428493-03:00" endTime="2012-12-13T22:12:07.5588502-03:00" testType="13cdc9d9-ddb5-4fa4-a97d-d965ccfc6d4b" outcome="Passed" testListId="8c84fa94-04c1-424b-9868-57a2d4851a1d" relativeResultsDirectory="3d112ca5-031b-41f5-99f1-9b235eb5f4be">
      <Output>
        <StdOut>Save/Update: select * from OrdenDeCompra WHERE  OrdenDeCompra.id_proveedor=1  ; select * from documento_movimiento; select * from LineaOrdenDeCompra WHERE borrado = 0
Save/Update: select * from LineaOrdenDeCompra WHERE  LineaOrdenDeCompra.nro_orden_compra=1  AND  LineaOrdenDeCompra.tipo_orden_compra='A' AND  LineaOrdenDeCompra.nro_sucursal=1  
Save/Update: select * from insumo WHERE  insumo.cod_insumo=1  
Save/Update: select * from insumo WHERE  insumo.cod_insumo=2  
Save/Update: select * from Proveedor WHERE  Proveedor.id_proveedor=1  
Save/Update: select * from MovimientosCuenta JOIN documento_movimiento AS documento ON MovimientosCuenta.nro_movimiento=documento.nro_movimiento JOIN proveedor_movimientos AS proveedor ON MovimientosCuenta.nro_movimiento=proveedor.nro_movimiento WHERE documento.nro_Doc=3  AND proveedor.id_proveedor IS NOT  NULL ; select * from proveedor_movimientos; select * from documento_movimiento
Save/Update: select * from LineaOrdenDeCompra WHERE  LineaOrdenDeCompra.nro_orden_compra=2  AND  LineaOrdenDeCompra.tipo_orden_compra='B' AND  LineaOrdenDeCompra.nro_sucursal=1  
Save/Update: select * from insumo WHERE  insumo.cod_insumo=1  
Save/Update: select * from insumo WHERE  insumo.cod_insumo=1  
Save/Update: select * from Proveedor WHERE  Proveedor.id_proveedor=1  
Save/Update: select * from MovimientosCuenta JOIN documento_movimiento AS documento ON MovimientosCuenta.nro_movimiento=documento.nro_movimiento JOIN proveedor_movimientos AS proveedor ON MovimientosCuenta.nro_movimiento=proveedor.nro_movimiento WHERE documento.nro_Doc=4  AND proveedor.id_proveedor IS NOT  NULL ; select * from proveedor_movimientos; select * from documento_movimiento
Save/Update: DELETE LineaOrdenDeCompra WHERE nro_orden_compra=2  AND nro_sucursal=1  AND tipo_orden_compra='A' AND nro_linea=1  
Save/Update: DELETE LineaOrdenDeCompra WHERE nro_orden_compra=2  AND nro_sucursal=1  AND tipo_orden_compra='A' AND nro_linea=2  
Save/Update: DELETE proveedor_movimientos where nro_movimiento=4  ; DELETE documento_movimiento where nro_movimiento=4  ; ;DELETE MovimientosCuenta WHERE nro_movimiento=4  
Save/Update: DELETE FROM OrdenDeCompra WHERE nro_Doc =5
Save/Update: delete documento where nro_doc=5</StdOut>
      </Output>
    </UnitTestResult>
    <UnitTestResult executionId="e7edd2d9-09ea-4834-868e-c6828a0abd50" testId="7f10aeee-1e6d-047f-bf86-9fb35cb9cbd0" testName="buscarPrendasPorIDTest" computerName="DIEGO-PC" duration="00:00:00.0015982" startTime="2012-12-13T22:12:07.5628505-03:00" endTime="2012-12-13T22:12:07.5708509-03:00" testType="13cdc9d9-ddb5-4fa4-a97d-d965ccfc6d4b" outcome="Passed" testListId="8c84fa94-04c1-424b-9868-57a2d4851a1d" relativeResultsDirectory="e7edd2d9-09ea-4834-868e-c6828a0abd50">
      <Output>
        <StdOut>Save/Update: select * from TipoPrenda WHERE  TipoPrenda.tipo_prenda=2</StdOut>
      </Output>
    </UnitTestResult>
    <UnitTestResult executionId="ece5e5b8-c593-4123-a883-43b8de299012" testId="7f31f25c-e328-77fa-dde7-0ee6e5a7e366" testName="listarUsuariosTest" computerName="DIEGO-PC" duration="00:00:00.0171095" startTime="2012-12-13T22:12:07.5718510-03:00" endTime="2012-12-13T22:12:07.5978525-03:00" testType="13cdc9d9-ddb5-4fa4-a97d-d965ccfc6d4b" outcome="Passed" testListId="8c84fa94-04c1-424b-9868-57a2d4851a1d" relativeResultsDirectory="ece5e5b8-c593-4123-a883-43b8de299012">
      <Output>
        <StdOut>Save/Update: select * from Usuario; select * from JoinUsuarioToFamilia; select * from JoinPatenteToUsuario
Save/Update: select * from Familia JOIN JoinUsuarioToFamilia AS usuarios ON Familia.familiaID=usuarios.familiaID WHERE usuarios.usuarioID=1  ; select * from JoinFamiliaToPatente
Save/Update: select * from Patente JOIN JoinPatenteToUsuario AS usuario ON Patente.patenteId=usuario.patenteId WHERE usuario.usuarioID=1  
Save/Update: select * from Cliente WHERE  Cliente.usuarioID=1  ; select * from cliente_movimientos; select * from Pedido WHERE borrado = 0; select * from Factura WHERE borrado = 0; select * from Diseño WHERE borrado = 0
Save/Update: select * from Familia JOIN JoinUsuarioToFamilia AS usuarios ON Familia.familiaID=usuarios.familiaID WHERE usuarios.usuarioID=2  ; select * from JoinFamiliaToPatente
Save/Update: select * from Patente JOIN JoinFamiliaToPatente AS familia ON Patente.patenteId=familia.patenteId WHERE familia.familiaID=2  
Save/Update: select * from Patente JOIN JoinPatenteToUsuario AS usuario ON Patente.patenteId=usuario.patenteId WHERE usuario.usuarioID=2  
Save/Update: select * from Cliente WHERE  Cliente.usuarioID=2  ; select * from cliente_movimientos; select * from Pedido WHERE borrado = 0; select * from Factura WHERE borrado = 0; select * from Diseño WHERE borrado = 0
Save/Update: select * from Familia JOIN JoinUsuarioToFamilia AS usuarios ON Familia.familiaID=usuarios.familiaID WHERE usuarios.usuarioID=3  ; select * from JoinFamiliaToPatente
Save/Update: select * from Patente JOIN JoinFamiliaToPatente AS familia ON Patente.patenteId=familia.patenteId WHERE familia.familiaID=6  
Save/Update: select * from Patente JOIN JoinPatenteToUsuario AS usuario ON Patente.patenteId=usuario.patenteId WHERE usuario.usuarioID=3  
Save/Update: select * from Cliente WHERE  Cliente.usuarioID=3  ; select * from cliente_movimientos; select * from Pedido WHERE borrado = 0; select * from Factura WHERE borrado = 0; select * from Diseño WHERE borrado = 0
Save/Update: select * from Familia JOIN JoinUsuarioToFamilia AS usuarios ON Familia.familiaID=usuarios.familiaID WHERE usuarios.usuarioID=4  ; select * from JoinFamiliaToPatente
Save/Update: select * from Patente JOIN JoinPatenteToUsuario AS usuario ON Patente.patenteId=usuario.patenteId WHERE usuario.usuarioID=4  
Save/Update: select * from Cliente WHERE  Cliente.usuarioID=4  ; select * from cliente_movimientos; select * from Pedido WHERE borrado = 0; select * from Factura WHERE borrado = 0; select * from Diseño WHERE borrado = 0
Save/Update: select * from Familia JOIN JoinUsuarioToFamilia AS usuarios ON Familia.familiaID=usuarios.familiaID WHERE usuarios.usuarioID=5  ; select * from JoinFamiliaToPatente
Save/Update: select * from Patente JOIN JoinPatenteToUsuario AS usuario ON Patente.patenteId=usuario.patenteId WHERE usuario.usuarioID=5  
Save/Update: select * from Cliente WHERE  Cliente.usuarioID=5  ; select * from cliente_movimientos; select * from Pedido WHERE borrado = 0; select * from Factura WHERE borrado = 0; select * from Diseño WHERE borrado = 0</StdOut>
      </Output>
    </UnitTestResult>
    <UnitTestResult executionId="47080a52-7d6b-4691-aa48-e6904493fdb9" testId="80476086-aaaa-ba28-a4dc-0972defbe8bb" testName="GrabarDiseñoTest1" computerName="DIEGO-PC" duration="00:00:00.0114439" startTime="2012-12-13T22:12:07.6008526-03:00" endTime="2012-12-13T22:12:07.6178536-03:00" testType="13cdc9d9-ddb5-4fa4-a97d-d965ccfc6d4b" outcome="Passed" testListId="8c84fa94-04c1-424b-9868-57a2d4851a1d" relativeResultsDirectory="47080a52-7d6b-4691-aa48-e6904493fdb9">
      <Output>
        <StdOut>Save/Update: SELECT  ISNULL(MAX(cod_diseño + 1),1) from Diseño
Save/Update: INSERT INTO Diseño (cod_diseño, nombre, puntadas, alto, ancho, id_cliente, estadoActual, pathImagen, pathDetalle, pathArchivoEditable, pathArchivoFinal, borrado) VALUES (3 , 'diseño3', 3333 , 33 , 33 , 1 , 1 , '', '', '', '', 0 ); UPDATE historico_estados_diseño SET borrado=1 WHERE cod_diseño=3  ; 
Save/Update: INSERT INTO Diseño_insumos (cod_diseño, cod_insumo, cantidad) VALUES (3 , 1 , 3); 
Save/Update: SELECT  ISNULL(MAX(nro_estado + 1),1) from historico_estados_diseño WHERE cod_diseño=3
Save/Update: INSERT INTO historico_estados_diseño (nro_estado, cod_diseño, comentario, fechaDesde, fechaHasta, estado, borrado) VALUES (1 , 3 , 'creacion ficha diseño',  CAST('13/12/2012 22:12:07.604'  AS DateTime),  NULL , 1 , 0 ); 
Save/Update: select * from Diseño WHERE  Diseño.cod_diseño=3  ; select * from historico_estados_diseño WHERE borrado = 0
Save/Update: select * from Cliente WHERE  Cliente.id_cliente=1  ; select * from cliente_movimientos; select * from Pedido WHERE borrado = 0; select * from Factura WHERE borrado = 0; select * from Diseño WHERE borrado = 0
Save/Update: select * from Usuario WHERE  Usuario.usuarioID=1  ; select * from JoinUsuarioToFamilia; select * from JoinPatenteToUsuario
Save/Update: select * from Diseño_insumos WHERE  Diseño_insumos.cod_diseño=3  
Save/Update: select * from historico_estados_diseño WHERE  historico_estados_diseño.cod_diseño=3  
Save/Update: select * from EstadoDiseños WHERE  EstadoDiseños.estado=1  
Save/Update: DELETE FROM Diseño_insumos where cod_diseño=3
Save/Update: DELETE FROM historico_estados_diseño where cod_diseño=3
Save/Update: DELETE Diseño WHERE cod_diseño=3</StdOut>
      </Output>
    </UnitTestResult>
    <UnitTestResult executionId="4315fd0f-f068-4b3f-870c-aebac0fa50d1" testId="80e94a1b-f37e-ea8a-5357-ae59cc6e5e45" testName="buscarPrendasPorIDTest" computerName="DIEGO-PC" duration="00:00:00.0017150" startTime="2012-12-13T22:12:07.6198537-03:00" endTime="2012-12-13T22:12:07.6288543-03:00" testType="13cdc9d9-ddb5-4fa4-a97d-d965ccfc6d4b" outcome="Passed" testListId="8c84fa94-04c1-424b-9868-57a2d4851a1d" relativeResultsDirectory="4315fd0f-f068-4b3f-870c-aebac0fa50d1">
      <Output>
        <StdOut>Save/Update: select * from TipoPrenda WHERE  TipoPrenda.tipo_prenda=2</StdOut>
      </Output>
    </UnitTestResult>
    <UnitTestResult executionId="4a8081b9-4b6b-4703-805c-f4efd23cea16" testId="81b50b2a-4878-5c02-6765-8402ba293155" testName="actualizarProduccionOperadorTDGTest" computerName="DIEGO-PC" duration="00:00:00.0055840" startTime="2012-12-13T22:12:07.6318544-03:00" endTime="2012-12-13T22:12:07.6428551-03:00" testType="13cdc9d9-ddb5-4fa4-a97d-d965ccfc6d4b" outcome="Passed" testListId="8c84fa94-04c1-424b-9868-57a2d4851a1d" relativeResultsDirectory="4a8081b9-4b6b-4703-805c-f4efd23cea16">
      <Output>
        <StdOut>Save/Update: UPDATE produccion_operador SET porcentaje=1  WHERE id_operador=1  AND cod_prodcuccion=1  ; 
Save/Update: select * from produccion_operador WHERE  produccion_operador.id_operador=1  AND  produccion_operador.cod_prodcuccion=1  
Save/Update: UPDATE produccion_operador SET porcentaje=50  WHERE id_operador=1  AND cod_prodcuccion=1  ;</StdOut>
      </Output>
    </UnitTestResult>
    <UnitTestResult executionId="439fdb48-1473-4136-9a89-59f169fda472" testId="82c5d364-01e4-3d1f-8a3c-419d68a3ff5f" testName="listarPedidosPorClienteTest" computerName="DIEGO-PC" duration="00:00:00.0155751" startTime="2012-12-13T22:12:07.6448552-03:00" endTime="2012-12-13T22:12:07.6668564-03:00" testType="13cdc9d9-ddb5-4fa4-a97d-d965ccfc6d4b" outcome="Passed" testListId="8c84fa94-04c1-424b-9868-57a2d4851a1d" relativeResultsDirectory="439fdb48-1473-4136-9a89-59f169fda472">
      <Output>
        <StdOut>Save/Update: select * from Pedido WHERE  Pedido.id_cliente=1  ; select * from produccion WHERE borrado = 0; select * from historico_estados_pedido WHERE borrado = 0
Save/Update: select * from historico_estados_pedido WHERE  historico_estados_pedido.cod_pedido=1  
Save/Update: select * from tipoPedido WHERE  tipoPedido.tipo_pedido=1  
Save/Update: select * from produccion WHERE  produccion.cod_pedido=1  ; select * from historico_estados_produccion WHERE borrado = 0
Save/Update: select * from Cliente WHERE  Cliente.id_cliente=1  ; select * from cliente_movimientos; select * from Pedido WHERE borrado = 0; select * from Factura WHERE borrado = 0; select * from Diseño WHERE borrado = 0
Save/Update: select * from EstadoPedido WHERE  EstadoPedido.estado_pedido=3  
Save/Update: select * from historico_estados_pedido WHERE  historico_estados_pedido.cod_pedido=3  
Save/Update: select * from tipoPedido WHERE  tipoPedido.tipo_pedido=2  
Save/Update: select * from produccion WHERE  produccion.cod_pedido=3  ; select * from historico_estados_produccion WHERE borrado = 0
Save/Update: select * from Cliente WHERE  Cliente.id_cliente=1  ; select * from cliente_movimientos; select * from Pedido WHERE borrado = 0; select * from Factura WHERE borrado = 0; select * from Diseño WHERE borrado = 0
Save/Update: select * from EstadoPedido WHERE  EstadoPedido.estado_pedido=0  
Save/Update: select * from historico_estados_pedido WHERE  historico_estados_pedido.cod_pedido=4  
Save/Update: select * from tipoPedido WHERE  tipoPedido.tipo_pedido=1  
Save/Update: select * from produccion WHERE  produccion.cod_pedido=4  ; select * from historico_estados_produccion WHERE borrado = 0
Save/Update: select * from Cliente WHERE  Cliente.id_cliente=1  ; select * from cliente_movimientos; select * from Pedido WHERE borrado = 0; select * from Factura WHERE borrado = 0; select * from Diseño WHERE borrado = 0
Save/Update: select * from EstadoPedido WHERE  EstadoPedido.estado_pedido=0  
Save/Update: DELETE historico_estados_pedido WHERE nro_estado=1  AND cod_pedido=5  
Save/Update: DELETE historico_estados_pedido WHERE nro_estado=2  AND cod_pedido=5  
Save/Update: DELETE produccion WHERE cod_produccion=7  
Save/Update: DELETE Pedido WHERE cod_pedido=5</StdOut>
      </Output>
    </UnitTestResult>
    <UnitTestResult executionId="640cb5d5-d336-4921-83fd-b80ef608eafb" testId="83ce9798-d52f-2f3d-8537-200546cde5a9" testName="listarPedidosConRestriccionTest" computerName="DIEGO-PC" duration="00:00:00.0152368" startTime="2012-12-13T22:12:07.6698566-03:00" endTime="2012-12-13T22:12:07.6918579-03:00" testType="13cdc9d9-ddb5-4fa4-a97d-d965ccfc6d4b" outcome="Passed" testListId="8c84fa94-04c1-424b-9868-57a2d4851a1d" relativeResultsDirectory="640cb5d5-d336-4921-83fd-b80ef608eafb">
      <Output>
        <StdOut>Save/Update: select * from Pedido WHERE  Pedido.id_cliente=1  AND  Pedido.estadoActual=3  AND  Pedido.fechaInicio&gt;= CAST('11/09/2012 12:00:00.000'  AS DateTime) AND  Pedido.fechaInicio&lt;= CAST('11/09/2012 14:00:00.000'  AS DateTime) AND  Pedido.fechaFinal&gt;= CAST('11/09/2012 12:00:00.000'  AS DateTime) AND  Pedido.fechaFinal&lt;= CAST('11/09/2012 14:00:00.000'  AS DateTime) ; select * from produccion WHERE borrado = 0; select * from historico_estados_pedido WHERE borrado = 0
Save/Update: select * from historico_estados_pedido WHERE  historico_estados_pedido.cod_pedido=1  
Save/Update: select * from tipoPedido WHERE  tipoPedido.tipo_pedido=1  
Save/Update: select * from produccion WHERE  produccion.cod_pedido=1  ; select * from historico_estados_produccion WHERE borrado = 0
Save/Update: select * from Cliente WHERE  Cliente.id_cliente=1  ; select * from cliente_movimientos; select * from Pedido WHERE borrado = 0; select * from Factura WHERE borrado = 0; select * from Diseño WHERE borrado = 0
Save/Update: select * from EstadoPedido WHERE  EstadoPedido.estado_pedido=3  
Save/Update: DELETE historico_estados_pedido WHERE nro_estado=1  AND cod_pedido=5  
Save/Update: DELETE historico_estados_pedido WHERE nro_estado=2  AND cod_pedido=5  
Save/Update: DELETE produccion WHERE cod_produccion=7  
Save/Update: DELETE Pedido WHERE cod_pedido=5</StdOut>
      </Output>
    </UnitTestResult>
    <UnitTestResult executionId="a7a350b5-b4c6-41b4-86c9-a63391d8b94a" testId="84b841c4-bb70-5525-3ae9-fa35ed11627d" testName="cargarUsuarioTest" computerName="DIEGO-PC" duration="00:00:00.0041937" startTime="2012-12-13T22:12:07.6948580-03:00" endTime="2012-12-13T22:12:07.7058587-03:00" testType="13cdc9d9-ddb5-4fa4-a97d-d965ccfc6d4b" outcome="Passed" testListId="8c84fa94-04c1-424b-9868-57a2d4851a1d" relativeResultsDirectory="a7a350b5-b4c6-41b4-86c9-a63391d8b94a">
      <Output>
        <StdOut>Save/Update: select * from Usuario WHERE  Usuario.usuarioID=1  ; select * from JoinUsuarioToFamilia; select * from JoinPatenteToUsuario
Save/Update: DELETE JoinUsuarioToFamilia where usuarioID=6  ; DELETE JoinPatenteToUsuario where usuarioID=6  ; ;DELETE Usuario WHERE usuarioID=6  
Save/Update: UPDATE Usuario SET nombre='nombre5', apellido='apellido5', mail='mail5@test.com', password='pas5', telefonoFijo='5555-5555', telefonoMovil='5555-5555', bloqueado=0  WHERE usuarioID=5  ; DELETE JoinUsuarioToFamilia where usuarioID=5  ; DELETE JoinPatenteToUsuario where usuarioID=5  ;</StdOut>
      </Output>
    </UnitTestResult>
    <UnitTestResult executionId="ba126b8e-fbf8-49e2-aef4-d710a976d2a2" testId="851b9d78-997d-9c75-eab0-197fa14a11f0" testName="grabarTest" computerName="DIEGO-PC" duration="00:00:00.0174836" startTime="2012-12-13T22:12:07.7088588-03:00" endTime="2012-12-13T22:12:07.7338603-03:00" testType="13cdc9d9-ddb5-4fa4-a97d-d965ccfc6d4b" outcome="Passed" testListId="8c84fa94-04c1-424b-9868-57a2d4851a1d" relativeResultsDirectory="ba126b8e-fbf8-49e2-aef4-d710a976d2a2">
      <Output>
        <StdOut>Save/Update: SELECT  ISNULL(MAX(id_conversacion + 1),1) from Conversacion
Save/Update: INSERT INTO Conversacion (id_conversacion, remitente, destinatario) VALUES (3 , 2 , 3 ); UPDATE mensaje SET borrado=1 WHERE id_conversacion=3  ; 
Save/Update: SELECT  ISNULL(MAX(id + 1),1) from Mensaje
Save/Update: INSERT INTO Mensaje (id, tipoMensaje, fecha, mensaje, leido, borrado, id_conversacion) VALUES (5 , 0 ,  CAST('13/12/2012 22:12:07.713'  AS DateTime), 'test msj grabarMensajeTest', 0 , 0 , 3 ); 
Save/Update: SELECT  ISNULL(MAX(id + 1),1) from Mensaje
Save/Update: INSERT INTO Mensaje (id, tipoMensaje, fecha, mensaje, leido, borrado, id_conversacion) VALUES (6 , 1 ,  CAST('13/12/2012 22:12:07.713'  AS DateTime), 'test msj grabarMensajeTest', 0 , 0 , 3 ); 
Save/Update: select * from Conversacion WHERE  Conversacion.remitente=3  ; select * from mensaje WHERE borrado = 0
Save/Update: select * from Conversacion WHERE  Conversacion.destinatario=3  ; select * from mensaje WHERE borrado = 0
Save/Update: select * from Usuario WHERE  Usuario.usuarioID=2  ; select * from JoinUsuarioToFamilia; select * from JoinPatenteToUsuario
Save/Update: select * from Usuario WHERE  Usuario.usuarioID=3  ; select * from JoinUsuarioToFamilia; select * from JoinPatenteToUsuario
Save/Update: select * from Mensaje WHERE  Mensaje.id_conversacion=3  
Save/Update: DELETE Mensaje WHERE id=5  
Save/Update: DELETE Mensaje WHERE id=6  
Save/Update: DELETE Conversacion WHERE id_conversacion=3</StdOut>
      </Output>
    </UnitTestResult>
    <UnitTestResult executionId="3206a922-19e2-4c48-8b3f-dfd83c0a44a3" testId="85ca884d-a763-a279-970a-decd7d2ef2e7" testName="borrarOperadorTest" computerName="DIEGO-PC" duration="00:00:00.0058363" startTime="2012-12-13T22:12:07.7388605-03:00" endTime="2012-12-13T22:12:07.7548615-03:00" testType="13cdc9d9-ddb5-4fa4-a97d-d965ccfc6d4b" outcome="Passed" testListId="8c84fa94-04c1-424b-9868-57a2d4851a1d" relativeResultsDirectory="3206a922-19e2-4c48-8b3f-dfd83c0a44a3">
      <Output>
        <StdOut>Save/Update: SELECT  ISNULL(MAX(id_Operador + 1),1) from operador
Save/Update: INSERT INTO operador (id_Operador, id_usuario) VALUES (3 , 3 ); 
Save/Update: select * from operador
Save/Update: DELETE operador WHERE id_Operador=3  
Save/Update: select * from operador
Save/Update: DELETE operador WHERE id_Operador=3</StdOut>
      </Output>
    </UnitTestResult>
    <UnitTestResult executionId="9a7fd9e0-b8ee-4c20-9303-0f9485fae242" testId="88295536-741f-3a89-ef69-1ec7d6b91f08" testName="borrarMensajeTest" computerName="DIEGO-PC" duration="00:00:00.0052783" startTime="2012-12-13T22:12:07.7588617-03:00" endTime="2012-12-13T22:12:07.7708624-03:00" testType="13cdc9d9-ddb5-4fa4-a97d-d965ccfc6d4b" outcome="Passed" testListId="8c84fa94-04c1-424b-9868-57a2d4851a1d" relativeResultsDirectory="9a7fd9e0-b8ee-4c20-9303-0f9485fae242">
      <Output>
        <StdOut>Save/Update: SELECT  ISNULL(MAX(id_conversacion + 1),1) from Conversacion
Save/Update: INSERT INTO Conversacion (id_conversacion, remitente, destinatario) VALUES (3 , 2 , 1 ); UPDATE mensaje SET borrado=1 WHERE id_conversacion=3  ; 
Save/Update: select * from Conversacion WHERE  Conversacion.remitente=2  AND  Conversacion.destinatario=1  ; select * from mensaje WHERE borrado = 0
Save/Update: DELETE Conversacion WHERE id_conversacion=3  
Save/Update: select * from Conversacion WHERE  Conversacion.remitente=2  AND  Conversacion.destinatario=1  ; select * from mensaje WHERE borrado = 0
Save/Update: DELETE Conversacion WHERE id_conversacion=3  
Save/Update: update mensaje set borrado=0</StdOut>
      </Output>
    </UnitTestResult>
    <UnitTestResult executionId="5e4e8f97-71d7-4ab8-a24a-c220cca616d8" testId="882cbeee-1641-823c-0b10-58aeb9cabf93" testName="cargarFamiliaTest" computerName="DIEGO-PC" duration="00:00:00.0027517" startTime="2012-12-13T22:12:07.7738625-03:00" endTime="2012-12-13T22:12:07.7828631-03:00" testType="13cdc9d9-ddb5-4fa4-a97d-d965ccfc6d4b" outcome="Passed" testListId="8c84fa94-04c1-424b-9868-57a2d4851a1d" relativeResultsDirectory="5e4e8f97-71d7-4ab8-a24a-c220cca616d8">
      <Output>
        <StdOut>Save/Update: select * from Familia WHERE  Familia.nombre='Administracion usuarios' ; select * from JoinFamiliaToPatente
Save/Update: select * from Patente JOIN JoinFamiliaToPatente AS familia ON Patente.patenteId=familia.patenteId WHERE familia.familiaID=6</StdOut>
      </Output>
    </UnitTestResult>
    <UnitTestResult executionId="a01d36c8-900d-4731-800f-fd0a5a8b7f1b" testId="896a2208-4c38-b781-3b7e-b236d6d81cd2" testName="grabarMovimientoTest" computerName="DIEGO-PC" duration="00:00:00.0075631" startTime="2012-12-13T22:12:07.7868633-03:00" endTime="2012-12-13T22:12:07.8018641-03:00" testType="13cdc9d9-ddb5-4fa4-a97d-d965ccfc6d4b" outcome="Passed" testListId="8c84fa94-04c1-424b-9868-57a2d4851a1d" relativeResultsDirectory="a01d36c8-900d-4731-800f-fd0a5a8b7f1b">
      <Output>
        <StdOut>Save/Update: SELECT  ISNULL(MAX(nro_movimiento + 1),1) from MovimientosCuenta
Save/Update: INSERT INTO MovimientosCuenta (nro_movimiento, comentario, fecha, monto, cuentaID, tipoMovimientoID) VALUES (4 , 'com4',  CAST('13/12/2012 22:12:07.790'  AS DateTime), 33.3, 1 , 2 ); DELETE proveedor_movimientos where nro_movimiento=4  ;  INSERT INTO proveedor_movimientos ( nro_movimiento, id_proveedor) VALUES ( 4 , 3 ); DELETE documento_movimiento where nro_movimiento=4  ; 
Save/Update: select * from MovimientosCuenta JOIN proveedor_movimientos AS proveedor ON MovimientosCuenta.nro_movimiento=proveedor.nro_movimiento WHERE  MovimientosCuenta.nro_movimiento=4  AND proveedor.id_proveedor IS NOT  NULL ; select * from proveedor_movimientos; select * from documento_movimiento
Save/Update: select * from Proveedor WHERE  Proveedor.id_proveedor=3  
Save/Update: select * from OrdenDeCompra WHERE  OrdenDeCompra.id_proveedor=3  ; select * from documento_movimiento; select * from LineaOrdenDeCompra WHERE borrado = 0
Save/Update: select * from tipoMovimiento WHERE  tipoMovimiento.tipoMovimientoID=2  
Save/Update: select * from Cuenta WHERE  Cuenta.cuentaID=1  
Save/Update: DELETE proveedor_movimientos where nro_movimiento=4  ; DELETE documento_movimiento where nro_movimiento=4  ; ;DELETE MovimientosCuenta WHERE nro_movimiento=4</StdOut>
      </Output>
    </UnitTestResult>
    <UnitTestResult executionId="c5260b80-2c61-4531-9a8c-167bb2bc7843" testId="8a0dd9bc-7acf-b95a-4187-a00b7726fa73" testName="listarInsumosPorColorTest" computerName="DIEGO-PC" duration="00:00:00.0088548" startTime="2012-12-13T22:12:07.8048643-03:00" endTime="2012-12-13T22:12:07.8198652-03:00" testType="13cdc9d9-ddb5-4fa4-a97d-d965ccfc6d4b" outcome="Passed" testListId="8c84fa94-04c1-424b-9868-57a2d4851a1d" relativeResultsDirectory="c5260b80-2c61-4531-9a8c-167bb2bc7843">
      <Output>
        <StdOut>Save/Update: select * from insumo WHERE  insumo.color=1  
Save/Update: select * from tipoInsumo WHERE  tipoInsumo.tipo_insumo=1  
Save/Update: select * from color WHERE  color.codigo_color=1  
Save/Update: select * from MovimientosStock WHERE  MovimientosStock.cod_insumo=1  
Save/Update: select * from insumo WHERE  insumo.cod_insumo=1  
Save/Update: select * from tipoInsumo WHERE  tipoInsumo.tipo_insumo=1  
Save/Update: select * from color WHERE  color.codigo_color=1  
Save/Update: select * from MovimientosStock WHERE  MovimientosStock.cod_insumo=1  
Save/Update: select * from insumo WHERE  insumo.cod_insumo=2  
Save/Update: select * from tipoInsumo WHERE  tipoInsumo.tipo_insumo=1  
Save/Update: select * from color WHERE  color.codigo_color=2  
Save/Update: select * from MovimientosStock WHERE  MovimientosStock.cod_insumo=2  
Save/Update: select * from insumo WHERE  insumo.cod_insumo=1  
Save/Update: select * from tipoInsumo WHERE  tipoInsumo.tipo_insumo=1  
Save/Update: select * from color WHERE  color.codigo_color=1  
Save/Update: select * from MovimientosStock WHERE  MovimientosStock.cod_insumo=1  
Save/Update: UPDATE insumo SET nombre='nombre1', id_tipo_insumo=1 , color=1 , detalle='detalle1', costo=1, cantidadActual=1  WHERE cod_insumo=1  ; 
Save/Update: select * from insumo WHERE  insumo.cod_insumo=2  
Save/Update: select * from tipoInsumo WHERE  tipoInsumo.tipo_insumo=1  
Save/Update: select * from color WHERE  color.codigo_color=2  
Save/Update: select * from MovimientosStock WHERE  MovimientosStock.cod_insumo=2  
Save/Update: UPDATE insumo SET nombre='nombre2', id_tipo_insumo=1 , color=2 , detalle='detalle2', costo=1, cantidadActual=2  WHERE cod_insumo=2  ; 
Save/Update: delete from MovimientosStock where cod_insumo &gt; 2 or (cod_insumo = 1 AND nro_movimiento &gt; 2) or (cod_insumo = 2 AND nro_movimiento &gt; 1)
Save/Update: DELETE MovimientosStock WHERE nro_movimiento=1  AND cod_insumo=5  
Save/Update: DELETE MovimientosStock WHERE nro_movimiento=2  AND cod_insumo=5  
Save/Update: DELETE insumo WHERE cod_insumo=5</StdOut>
      </Output>
    </UnitTestResult>
    <UnitTestResult executionId="43ecd606-8a38-48f7-8cb2-e65c243804e8" testId="8c641761-f8ac-ef3e-efbe-0d44137ab9ce" testName="grabarOrdenDeCompraTest" computerName="DIEGO-PC" duration="00:00:00.0133936" startTime="2012-12-13T22:12:07.8238654-03:00" endTime="2012-12-13T22:12:07.8448666-03:00" testType="13cdc9d9-ddb5-4fa4-a97d-d965ccfc6d4b" outcome="Passed" testListId="8c84fa94-04c1-424b-9868-57a2d4851a1d" relativeResultsDirectory="43ecd606-8a38-48f7-8cb2-e65c243804e8">
      <Output>
        <StdOut>Save/Update: SELECT  ISNULL(MAX(nro_Doc + 1),1) from documento
Save/Update: INSERT INTO documento VALUES (5)
Save/Update: SELECT  ISNULL(MAX(nro_orden_compra + 1),1) from OrdenDeCompra WHERE nro_sucursal=1 AND tipo_orden_compra='A'
Save/Update: INSERT INTO OrdenDeCompra (nro_Doc, iva, fecha, borrado, nro_orden_compra, nro_sucursal, tipo_orden_compra, id_proveedor, monto) VALUES (5 , 1.1,  CAST('13/10/2012 21:44:12.000'  AS DateTime), 0 , 2 , 1 , 'A', 2 , 100); UPDATE LineaOrdenDeCompra SET borrado=1 WHERE nro_orden_compra=2  AND nro_sucursal=1  AND tipo_orden_compra='A' ; 
Save/Update: SELECT  ISNULL(MAX(nro_linea + 1),1) from LineaOrdenDeCompra WHERE nro_orden_compra=2 AND nro_sucursal=1 AND tipo_orden_compra='A'
Save/Update: INSERT INTO LineaOrdenDeCompra (nro_orden_compra, nro_sucursal, tipo_orden_compra, nro_linea, cod_producto, cantidad, precio, borrado) VALUES (2 , 1 , 'A', 1 , 2 , 10 , 50, 0 ); 
Save/Update: SELECT  ISNULL(MAX(nro_movimiento + 1),1) from MovimientosCuenta
Save/Update: INSERT INTO MovimientosCuenta (nro_movimiento, comentario, fecha, monto, cuentaID, tipoMovimientoID) VALUES (4 , 'com test',  CAST('13/10/2012 21:44:12.000'  AS DateTime), 100, 1 , 1 ); DELETE proveedor_movimientos where nro_movimiento=4  ;  INSERT INTO proveedor_movimientos ( nro_movimiento, id_proveedor) VALUES ( 4 , 2 ); DELETE documento_movimiento where nro_movimiento=4  ;  INSERT INTO documento_movimiento ( nro_movimiento, nro_Doc) VALUES ( 4 , 5 ); 
Save/Update: select * from OrdenDeCompra WHERE  OrdenDeCompra.nro_orden_compra=2  AND  OrdenDeCompra.nro_sucursal=1  AND  OrdenDeCompra.tipo_orden_compra='A' ; select * from documento_movimiento; select * from LineaOrdenDeCompra WHERE borrado = 0
Save/Update: select * from LineaOrdenDeCompra WHERE  LineaOrdenDeCompra.nro_orden_compra=2  AND  LineaOrdenDeCompra.tipo_orden_compra='A' AND  LineaOrdenDeCompra.nro_sucursal=1  
Save/Update: select * from insumo WHERE  insumo.cod_insumo=2  
Save/Update: select * from Proveedor WHERE  Proveedor.id_proveedor=2  
Save/Update: select * from MovimientosCuenta JOIN documento_movimiento AS documento ON MovimientosCuenta.nro_movimiento=documento.nro_movimiento JOIN proveedor_movimientos AS proveedor ON MovimientosCuenta.nro_movimiento=proveedor.nro_movimiento WHERE documento.nro_Doc=5  AND proveedor.id_proveedor IS NOT  NULL ; select * from proveedor_movimientos; select * from documento_movimiento
Save/Update: DELETE LineaOrdenDeCompra WHERE nro_orden_compra=2  AND nro_sucursal=1  AND tipo_orden_compra='A' AND nro_linea=1  
Save/Update: DELETE LineaOrdenDeCompra WHERE nro_orden_compra=2  AND nro_sucursal=1  AND tipo_orden_compra='A' AND nro_linea=2  
Save/Update: DELETE proveedor_movimientos where nro_movimiento=4  ; DELETE documento_movimiento where nro_movimiento=4  ; ;DELETE MovimientosCuenta WHERE nro_movimiento=4  
Save/Update: DELETE FROM OrdenDeCompra WHERE nro_Doc =5
Save/Update: delete documento where nro_doc=5</StdOut>
      </Output>
    </UnitTestResult>
    <UnitTestResult executionId="4dfc545c-8fd5-46d1-ae08-564d20351ab8" testId="8c73c5b1-73d0-fcfa-2a42-34f5914dbfb1" testName="cargarFamiliasPorIdTest" computerName="DIEGO-PC" duration="00:00:00.0080337" startTime="2012-12-13T22:12:07.8488668-03:00" endTime="2012-12-13T22:12:07.8628676-03:00" testType="13cdc9d9-ddb5-4fa4-a97d-d965ccfc6d4b" outcome="Passed" testListId="8c84fa94-04c1-424b-9868-57a2d4851a1d" relativeResultsDirectory="4dfc545c-8fd5-46d1-ae08-564d20351ab8">
      <Output>
        <StdOut>Save/Update: select * from Familia WHERE  Familia.familiaID=6  ; select * from JoinFamiliaToPatente
Save/Update: select * from Patente JOIN JoinFamiliaToPatente AS familia ON Patente.patenteId=familia.patenteId WHERE familia.familiaID=6</StdOut>
      </Output>
    </UnitTestResult>
    <UnitTestResult executionId="a5dbce24-107e-4a2d-ba55-668f888a0071" testId="8ce4ba60-10ed-e341-0892-b9526f864034" testName="cargarFamiliasPorUsuarioTest" computerName="DIEGO-PC" duration="00:00:00.0031285" startTime="2012-12-13T22:12:07.8658678-03:00" endTime="2012-12-13T22:12:07.8758684-03:00" testType="13cdc9d9-ddb5-4fa4-a97d-d965ccfc6d4b" outcome="Passed" testListId="8c84fa94-04c1-424b-9868-57a2d4851a1d" relativeResultsDirectory="a5dbce24-107e-4a2d-ba55-668f888a0071">
      <Output>
        <StdOut>Save/Update: select * from Familia JOIN JoinUsuarioToFamilia AS usuarios ON Familia.familiaID=usuarios.familiaID WHERE usuarios.usuarioID=3  ; select * from JoinFamiliaToPatente
Save/Update: select * from Patente JOIN JoinFamiliaToPatente AS familia ON Patente.patenteId=familia.patenteId WHERE familia.familiaID=6</StdOut>
      </Output>
    </UnitTestResult>
    <UnitTestResult executionId="56a4f291-2669-4fc8-9b1d-24857b32f48a" testId="8d735e5a-f52c-96a5-4bed-a99c0526014e" testName="grabarProveedorTest" computerName="DIEGO-PC" duration="00:00:00.0042145" startTime="2012-12-13T22:12:07.8778685-03:00" endTime="2012-12-13T22:12:07.8878691-03:00" testType="13cdc9d9-ddb5-4fa4-a97d-d965ccfc6d4b" outcome="Passed" testListId="8c84fa94-04c1-424b-9868-57a2d4851a1d" relativeResultsDirectory="56a4f291-2669-4fc8-9b1d-24857b32f48a">
      <Output>
        <StdOut>Save/Update: INSERT INTO Proveedor (id_proveedor, nombre, telefono, direccion) VALUES (4 , 'nombre4', '4444-4444', 'direccion 4'); 
Save/Update: select * from Proveedor
Save/Update: DELETE Proveedor WHERE id_proveedor=4</StdOut>
      </Output>
    </UnitTestResult>
    <UnitTestResult executionId="7dc41fa7-07bf-43c4-ba7a-3e9b8f6f0990" testId="8e0c723b-e192-342e-eb9f-eccfedfe5ca1" testName="buscarPrimerosHuecosMaquinaTest3" computerName="DIEGO-PC" duration="00:00:00.0212000" startTime="2012-12-13T22:12:07.8908692-03:00" endTime="2012-12-13T22:12:07.9208710-03:00" testType="13cdc9d9-ddb5-4fa4-a97d-d965ccfc6d4b" outcome="Passed" testListId="8c84fa94-04c1-424b-9868-57a2d4851a1d" relativeResultsDirectory="7dc41fa7-07bf-43c4-ba7a-3e9b8f6f0990">
      <Output>
        <StdOut>Save/Update: select * from produccion WHERE  produccion.cod_maquina=3  AND  produccion.fechaFinal&gt;= CAST('09/10/2012 11:00:00.000'  AS DateTime) ; select * from historico_estados_produccion WHERE borrado = 0
Save/Update: select * from Pedido WHERE  Pedido.cod_pedido=2  ; select * from produccion WHERE borrado = 0; select * from historico_estados_pedido WHERE borrado = 0
Save/Update: select * from Maquina WHERE  Maquina.cod_maquina=3  ; select * from JoinMaquinaToTipoPrenda
Save/Update: select * from Articulos WHERE  Articulos.cod_articulo=5  ; select * from lista_precios WHERE borrado = 0
Save/Update: select * from EstadoTrabajos WHERE  EstadoTrabajos.cod_estado=0  
Save/Update: select * from historico_estados_produccion WHERE  historico_estados_produccion.cod_produccion=4  
Save/Update: select * from produccion_operador WHERE  produccion_operador.cod_prodcuccion=4  
Save/Update: select * from Pedido WHERE  Pedido.cod_pedido=3  ; select * from produccion WHERE borrado = 0; select * from historico_estados_pedido WHERE borrado = 0
Save/Update: select * from Maquina WHERE  Maquina.cod_maquina=3  ; select * from JoinMaquinaToTipoPrenda
Save/Update: select * from Articulos WHERE  Articulos.cod_articulo=2  ; select * from lista_precios WHERE borrado = 0
Save/Update: select * from EstadoTrabajos WHERE  EstadoTrabajos.cod_estado=0  
Save/Update: select * from historico_estados_produccion WHERE  historico_estados_produccion.cod_produccion=6  
Save/Update: select * from produccion_operador WHERE  produccion_operador.cod_prodcuccion=6  
Save/Update: select * from produccion WHERE  produccion.cod_maquina=3  AND  produccion.fechaInicio&gt;= CAST('12/10/2012 13:00:00.000'  AS DateTime) ; select * from historico_estados_produccion WHERE borrado = 0
Save/Update: select * from Pedido WHERE  Pedido.cod_pedido=3  ; select * from produccion WHERE borrado = 0; select * from historico_estados_pedido WHERE borrado = 0
Save/Update: select * from Maquina WHERE  Maquina.cod_maquina=3  ; select * from JoinMaquinaToTipoPrenda
Save/Update: select * from Articulos WHERE  Articulos.cod_articulo=2  ; select * from lista_precios WHERE borrado = 0
Save/Update: select * from EstadoTrabajos WHERE  EstadoTrabajos.cod_estado=0  
Save/Update: select * from historico_estados_produccion WHERE  historico_estados_produccion.cod_produccion=6  
Save/Update: select * from produccion_operador WHERE  produccion_operador.cod_prodcuccion=6  
Save/Update: DELETE produccion_operador WHERE id_operador=2  AND cod_prodcuccion=7  
Save/Update: DELETE historico_estados_produccion WHERE nro_estado=1  AND cod_produccion=7  
Save/Update: DELETE historico_estados_produccion WHERE nro_estado=2  AND cod_produccion=7  
Save/Update: DELETE produccion WHERE cod_produccion=7</StdOut>
      </Output>
    </UnitTestResult>
    <UnitTestResult executionId="dc734184-5a88-4061-8bdb-d99d57b73f9e" testId="8e175a1e-ad15-cbe9-eb2b-34d47332acea" testName="buscarOperadoresConRestriccionesTest" computerName="DIEGO-PC" duration="00:00:00.0038631" startTime="2012-12-13T22:12:07.9228711-03:00" endTime="2012-12-13T22:12:07.9328716-03:00" testType="13cdc9d9-ddb5-4fa4-a97d-d965ccfc6d4b" outcome="Passed" testListId="8c84fa94-04c1-424b-9868-57a2d4851a1d" relativeResultsDirectory="dc734184-5a88-4061-8bdb-d99d57b73f9e">
      <Output>
        <StdOut>Save/Update: select * from operador WHERE  operador.id_Operador=1  AND  operador.id_usuario=4  
Save/Update: DELETE operador WHERE id_Operador=3</StdOut>
      </Output>
    </UnitTestResult>
    <UnitTestResult executionId="24bf2316-51db-409f-874d-2cf90f035868" testId="8ef58195-4b27-3ad6-c671-969e36dd1c6a" testName="buscarDiseñoPorClienteTest" computerName="DIEGO-PC" duration="00:00:00.0119036" startTime="2012-12-13T22:12:07.9348718-03:00" endTime="2012-12-13T22:12:07.9528728-03:00" testType="13cdc9d9-ddb5-4fa4-a97d-d965ccfc6d4b" outcome="Passed" testListId="8c84fa94-04c1-424b-9868-57a2d4851a1d" relativeResultsDirectory="24bf2316-51db-409f-874d-2cf90f035868">
      <Output>
        <StdOut>Save/Update: select * from Diseño WHERE  Diseño.id_cliente=1  ; select * from historico_estados_diseño WHERE borrado = 0
Save/Update: select * from Cliente WHERE  Cliente.id_cliente=1  ; select * from cliente_movimientos; select * from Pedido WHERE borrado = 0; select * from Factura WHERE borrado = 0; select * from Diseño WHERE borrado = 0
Save/Update: select * from Usuario WHERE  Usuario.usuarioID=1  ; select * from JoinUsuarioToFamilia; select * from JoinPatenteToUsuario
Save/Update: select * from Diseño_insumos WHERE  Diseño_insumos.cod_diseño=1  
Save/Update: select * from historico_estados_diseño WHERE  historico_estados_diseño.cod_diseño=1  
Save/Update: select * from EstadoDiseños WHERE  EstadoDiseños.estado=2  
Save/Update: select * from Cliente WHERE  Cliente.id_cliente=1  ; select * from cliente_movimientos; select * from Pedido WHERE borrado = 0; select * from Factura WHERE borrado = 0; select * from Diseño WHERE borrado = 0
Save/Update: select * from Usuario WHERE  Usuario.usuarioID=1  ; select * from JoinUsuarioToFamilia; select * from JoinPatenteToUsuario
Save/Update: select * from Diseño_insumos WHERE  Diseño_insumos.cod_diseño=2  
Save/Update: select * from historico_estados_diseño WHERE  historico_estados_diseño.cod_diseño=2  
Save/Update: select * from EstadoDiseños WHERE  EstadoDiseños.estado=2  
Save/Update: DELETE FROM Diseño_insumos where cod_diseño=3
Save/Update: DELETE FROM historico_estados_diseño where cod_diseño=3
Save/Update: DELETE Diseño WHERE cod_diseño=3</StdOut>
      </Output>
    </UnitTestResult>
    <UnitTestResult executionId="592977d5-9c42-4bca-ba9a-b396295ddc8a" testId="9051c370-f8a8-7d06-90bf-a5c879f3e27c" testName="buscarMovimientoPorNroTest" computerName="DIEGO-PC" duration="00:00:00.0085636" startTime="2012-12-13T22:12:07.9548729-03:00" endTime="2012-12-13T22:12:07.9688737-03:00" testType="13cdc9d9-ddb5-4fa4-a97d-d965ccfc6d4b" outcome="Passed" testListId="8c84fa94-04c1-424b-9868-57a2d4851a1d" relativeResultsDirectory="592977d5-9c42-4bca-ba9a-b396295ddc8a">
      <Output>
        <StdOut>Save/Update: select * from MovimientosCuenta JOIN proveedor_movimientos AS proveedor ON MovimientosCuenta.nro_movimiento=proveedor.nro_movimiento WHERE  MovimientosCuenta.nro_movimiento=3  AND proveedor.id_proveedor IS NOT  NULL ; select * from proveedor_movimientos; select * from documento_movimiento
Save/Update: select * from Proveedor WHERE  Proveedor.id_proveedor=1  
Save/Update: select * from OrdenDeCompra WHERE  OrdenDeCompra.id_proveedor=1  ; select * from documento_movimiento; select * from LineaOrdenDeCompra WHERE borrado = 0
Save/Update: select * from OrdenDeCompra WHERE  OrdenDeCompra.nro_Doc=3  ; select * from documento_movimiento; select * from LineaOrdenDeCompra WHERE borrado = 0
Save/Update: select * from tipoMovimiento WHERE  tipoMovimiento.tipoMovimientoID=1  
Save/Update: select * from Cuenta WHERE  Cuenta.cuentaID=1  
Save/Update: DELETE proveedor_movimientos where nro_movimiento=4  ; DELETE documento_movimiento where nro_movimiento=4  ; ;DELETE MovimientosCuenta WHERE nro_movimiento=4</StdOut>
      </Output>
    </UnitTestResult>
    <UnitTestResult executionId="1474bcbe-8e4c-47d4-8c5f-7577359bb222" testId="90665605-993c-c3f0-732c-0c8cb4e19400" testName="buscarOpinionesTest" computerName="DIEGO-PC" duration="00:00:00.0030148" startTime="2012-12-13T22:12:07.9728739-03:00" endTime="2012-12-13T22:12:07.9818744-03:00" testType="13cdc9d9-ddb5-4fa4-a97d-d965ccfc6d4b" outcome="Passed" testListId="8c84fa94-04c1-424b-9868-57a2d4851a1d" relativeResultsDirectory="1474bcbe-8e4c-47d4-8c5f-7577359bb222">
      <Output>
        <StdOut>Save/Update: select * from opiniones</StdOut>
      </Output>
    </UnitTestResult>
    <UnitTestResult executionId="2f94074d-9704-4054-889b-f3253af457a3" testId="9102ee27-432a-7243-07ab-4d672688ee38" testName="cargarMaquinaPorIdTest" computerName="DIEGO-PC" duration="00:00:00.0034650" startTime="2012-12-13T22:12:07.9838746-03:00" endTime="2012-12-13T22:12:07.9928751-03:00" testType="13cdc9d9-ddb5-4fa4-a97d-d965ccfc6d4b" outcome="Passed" testListId="8c84fa94-04c1-424b-9868-57a2d4851a1d" relativeResultsDirectory="2f94074d-9704-4054-889b-f3253af457a3">
      <Output>
        <StdOut>Save/Update: select * from Maquina WHERE  Maquina.cod_maquina=1  ; select * from JoinMaquinaToTipoPrenda
Save/Update: select * from TipoPrenda WHERE  TipoPrenda.tipo_prenda=1  
Save/Update: select * from TipoPrenda WHERE  TipoPrenda.tipo_prenda=2  
Save/Update: select * from TipoPrenda WHERE  TipoPrenda.tipo_prenda=3  
Save/Update: DELETE JoinMaquinaToTipoPrenda where cod_maquina=4  ; ;DELETE Maquina WHERE cod_maquina=4  
Save/Update: delete from JoinMaquinaToTipoPrenda where cod_maquina=4</StdOut>
      </Output>
    </UnitTestResult>
    <UnitTestResult executionId="8a83e727-5396-42bf-a487-29ec5763a945" testId="92b34578-8935-0a46-8dd9-4af3ba2aba99" testName="grabarLineaTest" computerName="DIEGO-PC" duration="00:00:00.0050166" startTime="2012-12-13T22:12:07.9968753-03:00" endTime="2012-12-13T22:12:08.0078759-03:00" testType="13cdc9d9-ddb5-4fa4-a97d-d965ccfc6d4b" outcome="Passed" testListId="8c84fa94-04c1-424b-9868-57a2d4851a1d" relativeResultsDirectory="8a83e727-5396-42bf-a487-29ec5763a945">
      <Output>
        <StdOut>Save/Update: SELECT  ISNULL(MAX(nro_linea + 1),1) from LineaOrdenDeCompra WHERE nro_orden_compra=1 AND nro_sucursal=1 AND tipo_orden_compra='A'
Save/Update: INSERT INTO LineaOrdenDeCompra (nro_orden_compra, nro_sucursal, tipo_orden_compra, nro_linea, cod_producto, cantidad, precio, borrado) VALUES (1 , 1 , 'A', 3 , 3 , 33 , 33.3, 0 ); 
Save/Update: select * from LineaOrdenDeCompra WHERE  LineaOrdenDeCompra.nro_orden_compra=1  AND  LineaOrdenDeCompra.nro_linea=3  AND  LineaOrdenDeCompra.nro_sucursal=1  AND  LineaOrdenDeCompra.tipo_orden_compra='A' 
Save/Update: DELETE LineaOrdenDeCompra WHERE nro_orden_compra=1  AND nro_sucursal=1  AND tipo_orden_compra='A' AND nro_linea=3</StdOut>
      </Output>
    </UnitTestResult>
    <UnitTestResult executionId="c656b175-b50a-47d9-b024-242c9df50e67" testId="9355e16b-4728-468a-6844-3354852565f0" testName="borrarDiseñoTest" computerName="DIEGO-PC" duration="00:00:00.0233593" startTime="2012-12-13T22:12:08.0098760-03:00" endTime="2012-12-13T22:12:08.0398778-03:00" testType="13cdc9d9-ddb5-4fa4-a97d-d965ccfc6d4b" outcome="Passed" testListId="8c84fa94-04c1-424b-9868-57a2d4851a1d" relativeResultsDirectory="c656b175-b50a-47d9-b024-242c9df50e67">
      <Output>
        <StdOut>Save/Update: SELECT  ISNULL(MAX(cod_diseño + 1),1) from Diseño
Save/Update: INSERT INTO Diseño (cod_diseño, nombre, puntadas, alto, ancho, id_cliente, estadoActual, pathImagen, pathDetalle, pathArchivoEditable, pathArchivoFinal, borrado) VALUES (3 , 'diseño3', 3333 , 33 , 33 , 1 , 1 , '', '', '', '', 0 ); UPDATE historico_estados_diseño SET borrado=1 WHERE cod_diseño=3  ; 
Save/Update: select * from Diseño; select * from historico_estados_diseño WHERE borrado = 0
Save/Update: select * from Cliente WHERE  Cliente.id_cliente=1  ; select * from cliente_movimientos; select * from Pedido WHERE borrado = 0; select * from Factura WHERE borrado = 0; select * from Diseño WHERE borrado = 0
Save/Update: select * from Usuario WHERE  Usuario.usuarioID=1  ; select * from JoinUsuarioToFamilia; select * from JoinPatenteToUsuario
Save/Update: select * from Diseño_insumos WHERE  Diseño_insumos.cod_diseño=1  
Save/Update: select * from historico_estados_diseño WHERE  historico_estados_diseño.cod_diseño=1  
Save/Update: select * from EstadoDiseños WHERE  EstadoDiseños.estado=2  
Save/Update: select * from Cliente WHERE  Cliente.id_cliente=1  ; select * from cliente_movimientos; select * from Pedido WHERE borrado = 0; select * from Factura WHERE borrado = 0; select * from Diseño WHERE borrado = 0
Save/Update: select * from Usuario WHERE  Usuario.usuarioID=1  ; select * from JoinUsuarioToFamilia; select * from JoinPatenteToUsuario
Save/Update: select * from Diseño_insumos WHERE  Diseño_insumos.cod_diseño=2  
Save/Update: select * from historico_estados_diseño WHERE  historico_estados_diseño.cod_diseño=2  
Save/Update: select * from EstadoDiseños WHERE  EstadoDiseños.estado=2  
Save/Update: select * from Cliente WHERE  Cliente.id_cliente=1  ; select * from cliente_movimientos; select * from Pedido WHERE borrado = 0; select * from Factura WHERE borrado = 0; select * from Diseño WHERE borrado = 0
Save/Update: select * from Usuario WHERE  Usuario.usuarioID=1  ; select * from JoinUsuarioToFamilia; select * from JoinPatenteToUsuario
Save/Update: select * from Diseño_insumos WHERE  Diseño_insumos.cod_diseño=3  
Save/Update: select * from historico_estados_diseño WHERE  historico_estados_diseño.cod_diseño=3  
Save/Update: select * from EstadoDiseños WHERE  EstadoDiseños.estado=1  
Save/Update: DELETE Diseño WHERE cod_diseño=3  
Save/Update: select * from Diseño; select * from historico_estados_diseño WHERE borrado = 0
Save/Update: select * from Cliente WHERE  Cliente.id_cliente=1  ; select * from cliente_movimientos; select * from Pedido WHERE borrado = 0; select * from Factura WHERE borrado = 0; select * from Diseño WHERE borrado = 0
Save/Update: select * from Usuario WHERE  Usuario.usuarioID=1  ; select * from JoinUsuarioToFamilia; select * from JoinPatenteToUsuario
Save/Update: select * from Diseño_insumos WHERE  Diseño_insumos.cod_diseño=1  
Save/Update: select * from historico_estados_diseño WHERE  historico_estados_diseño.cod_diseño=1  
Save/Update: select * from EstadoDiseños WHERE  EstadoDiseños.estado=2  
Save/Update: select * from Cliente WHERE  Cliente.id_cliente=1  ; select * from cliente_movimientos; select * from Pedido WHERE borrado = 0; select * from Factura WHERE borrado = 0; select * from Diseño WHERE borrado = 0
Save/Update: select * from Usuario WHERE  Usuario.usuarioID=1  ; select * from JoinUsuarioToFamilia; select * from JoinPatenteToUsuario
Save/Update: select * from Diseño_insumos WHERE  Diseño_insumos.cod_diseño=2  
Save/Update: select * from historico_estados_diseño WHERE  historico_estados_diseño.cod_diseño=2  
Save/Update: select * from EstadoDiseños WHERE  EstadoDiseños.estado=2  
Save/Update: DELETE FROM Diseño_insumos where cod_diseño=3
Save/Update: DELETE FROM historico_estados_diseño where cod_diseño=3
Save/Update: DELETE Diseño WHERE cod_diseño=3</StdOut>
      </Output>
    </UnitTestResult>
    <UnitTestResult executionId="fbc1bbac-7a28-48a8-820a-c292acaa05d7" testId="93f8ff39-718d-999f-f07f-06a3b12e22dd" testName="calcularFinalizacionTest4" computerName="DIEGO-PC" duration="00:00:00.0021031" startTime="2012-12-13T22:12:08.0438780-03:00" endTime="2012-12-13T22:12:08.0508784-03:00" testType="13cdc9d9-ddb5-4fa4-a97d-d965ccfc6d4b" outcome="Passed" testListId="8c84fa94-04c1-424b-9868-57a2d4851a1d" relativeResultsDirectory="fbc1bbac-7a28-48a8-820a-c292acaa05d7">
      <Output>
        <StdOut>Save/Update: DELETE produccion_operador WHERE id_operador=2  AND cod_prodcuccion=7  
Save/Update: DELETE historico_estados_produccion WHERE nro_estado=1  AND cod_produccion=7  
Save/Update: DELETE historico_estados_produccion WHERE nro_estado=2  AND cod_produccion=7  
Save/Update: DELETE produccion WHERE cod_produccion=7</StdOut>
      </Output>
    </UnitTestResult>
    <UnitTestResult executionId="195b5a6d-da84-4ecc-a445-1a665a21d074" testId="954c6542-5669-95f4-2fc5-a01c436de193" testName="borrarLineaTest" computerName="DIEGO-PC" duration="00:00:00.0054260" startTime="2012-12-13T22:12:08.0528785-03:00" endTime="2012-12-13T22:12:08.0648792-03:00" testType="13cdc9d9-ddb5-4fa4-a97d-d965ccfc6d4b" outcome="Passed" testListId="8c84fa94-04c1-424b-9868-57a2d4851a1d" relativeResultsDirectory="195b5a6d-da84-4ecc-a445-1a665a21d074">
      <Output>
        <StdOut>Save/Update: SELECT  ISNULL(MAX(nro_linea + 1),1) from LineaOrdenDeCompra WHERE nro_orden_compra=1 AND nro_sucursal=1 AND tipo_orden_compra='A'
Save/Update: INSERT INTO LineaOrdenDeCompra (nro_orden_compra, nro_sucursal, tipo_orden_compra, nro_linea, cod_producto, cantidad, precio, borrado) VALUES (1 , 1 , 'A', 3 , 3 , 33 , 33.3, 0 ); 
Save/Update: select * from LineaOrdenDeCompra WHERE  LineaOrdenDeCompra.nro_orden_compra=1  AND  LineaOrdenDeCompra.nro_linea=3  AND  LineaOrdenDeCompra.nro_sucursal=1  AND  LineaOrdenDeCompra.tipo_orden_compra='A' 
Save/Update: DELETE LineaOrdenDeCompra WHERE nro_orden_compra=1  AND nro_sucursal=1  AND tipo_orden_compra='A' AND nro_linea=3  
Save/Update: select * from LineaOrdenDeCompra WHERE  LineaOrdenDeCompra.nro_orden_compra=1  AND  LineaOrdenDeCompra.nro_linea=3  AND  LineaOrdenDeCompra.nro_sucursal=1  AND  LineaOrdenDeCompra.tipo_orden_compra='A'</StdOut>
      </Output>
    </UnitTestResult>
    <UnitTestResult executionId="3521c634-62a9-4548-8eba-a05888260e61" testId="967eb374-2104-1acf-4901-5331861aa4b4" testName="buscarTipoCuentasTest" computerName="DIEGO-PC" duration="00:00:00.0029700" startTime="2012-12-13T22:12:08.0698795-03:00" endTime="2012-12-13T22:12:08.0788800-03:00" testType="13cdc9d9-ddb5-4fa4-a97d-d965ccfc6d4b" outcome="Passed" testListId="8c84fa94-04c1-424b-9868-57a2d4851a1d" relativeResultsDirectory="3521c634-62a9-4548-8eba-a05888260e61">
      <Output>
        <StdOut>Save/Update: select * from Cuenta</StdOut>
      </Output>
    </UnitTestResult>
    <UnitTestResult executionId="c1e8dc4c-446c-4adc-98bc-2a5a6fdd1fc2" testId="96881fe6-dfde-90d7-168b-7e0645c53ba0" testName="modificarMaquinasTest" computerName="DIEGO-PC" duration="00:00:00.0097651" startTime="2012-12-13T22:12:08.0838803-03:00" endTime="2012-12-13T22:12:08.0998812-03:00" testType="13cdc9d9-ddb5-4fa4-a97d-d965ccfc6d4b" outcome="Passed" testListId="8c84fa94-04c1-424b-9868-57a2d4851a1d" relativeResultsDirectory="c1e8dc4c-446c-4adc-98bc-2a5a6fdd1fc2">
      <Output>
        <StdOut>Save/Update: SELECT  ISNULL(MAX(cod_maquina + 1),1) from Maquina
Save/Update: INSERT INTO Maquina (cod_maquina, altoMargen, anchoMargen, cabezales, nombre, velocidadPromedio, cantidadColores) VALUES (4 , 100 , 200 , 12 , 'nombre nuevo', 1000 , 12 ); DELETE JoinMaquinaToTipoPrenda where cod_maquina=4  ; 
Save/Update: select * from Maquina WHERE  Maquina.cod_maquina=4  AND  Maquina.altoMargen&lt;=500  AND  Maquina.anchoMargen&gt;=100  AND  Maquina.cabezales=12  AND  Maquina.nombre LIKE '%e n%'AND  Maquina.velocidadPromedio&gt;=500  AND  Maquina.cantidadColores=12  ; select * from JoinMaquinaToTipoPrenda
Save/Update: UPDATE Maquina SET altoMargen=100 , anchoMargen=200 , cabezales=12 , nombre='nombre editado', velocidadPromedio=1000 , cantidadColores=2  WHERE cod_maquina=4  ; DELETE JoinMaquinaToTipoPrenda where cod_maquina=4  ; 
Save/Update: select * from Maquina WHERE  Maquina.cod_maquina=4  ; select * from JoinMaquinaToTipoPrenda
Save/Update: DELETE JoinMaquinaToTipoPrenda where cod_maquina=4  ; ;DELETE Maquina WHERE cod_maquina=4</StdOut>
      </Output>
    </UnitTestResult>
    <UnitTestResult executionId="c33dcf7c-a085-4101-9a07-209ef674f589" testId="96e75478-d13a-94b1-f4d7-4e30153efd6b" testName="guardarFamiliaTest" computerName="DIEGO-PC" duration="00:00:00.0050895" startTime="2012-12-13T22:12:08.1048815-03:00" endTime="2012-12-13T22:12:08.1178822-03:00" testType="13cdc9d9-ddb5-4fa4-a97d-d965ccfc6d4b" outcome="Passed" testListId="8c84fa94-04c1-424b-9868-57a2d4851a1d" relativeResultsDirectory="c33dcf7c-a085-4101-9a07-209ef674f589">
      <Output>
        <StdOut>Save/Update: INSERT INTO Familia (familiaID, descripcion, nombre) VALUES (7 , 'familia test', 'test'); DELETE JoinFamiliaToPatente where familiaID=7  ;  INSERT INTO JoinFamiliaToPatente ( familiaID, patenteId) VALUES ( 7 , 9 ); 
Save/Update: select * from Familia WHERE  Familia.familiaID=7  ; select * from JoinFamiliaToPatente
Save/Update: select * from Patente JOIN JoinFamiliaToPatente AS familia ON Patente.patenteId=familia.patenteId WHERE familia.familiaID=7  
Save/Update: DELETE JoinFamiliaToPatente where familiaID=7  ; ;DELETE Familia WHERE familiaID=7</StdOut>
      </Output>
    </UnitTestResult>
    <UnitTestResult executionId="20841e55-4062-420c-9804-45afb3051771" testId="97997216-b9cb-a346-d834-1a6abbc22200" testName="guardarOpinionTest" computerName="DIEGO-PC" duration="00:00:00.0073802" startTime="2012-12-13T22:12:08.1198823-03:00" endTime="2012-12-13T22:12:08.1338831-03:00" testType="13cdc9d9-ddb5-4fa4-a97d-d965ccfc6d4b" outcome="Passed" testListId="8c84fa94-04c1-424b-9868-57a2d4851a1d" relativeResultsDirectory="20841e55-4062-420c-9804-45afb3051771">
      <Output>
        <StdOut>Save/Update: SELECT  ISNULL(MAX(id + 1),1) from opiniones
Save/Update: INSERT INTO opiniones (id, nombre, mail, opinion) VALUES (4 , 'nombre4', 'mail4@test.com', 'opinion4'); 
Save/Update: select * from opiniones WHERE  opiniones.id=4  
Save/Update: DELETE opiniones WHERE id=4</StdOut>
      </Output>
    </UnitTestResult>
    <UnitTestResult executionId="98fb5249-6462-41cf-a6d3-42847319c5a5" testId="9853b2bf-c35b-f18f-c067-26f1d74150ec" testName="buscarProveedorPorCodigoTest" computerName="DIEGO-PC" duration="00:00:00.0038576" startTime="2012-12-13T22:12:08.1368833-03:00" endTime="2012-12-13T22:12:08.1468839-03:00" testType="13cdc9d9-ddb5-4fa4-a97d-d965ccfc6d4b" outcome="Passed" testListId="8c84fa94-04c1-424b-9868-57a2d4851a1d" relativeResultsDirectory="98fb5249-6462-41cf-a6d3-42847319c5a5">
      <Output>
        <StdOut>Save/Update: select * from Proveedor WHERE  Proveedor.id_proveedor=1  
Save/Update: select * from OrdenDeCompra WHERE  OrdenDeCompra.id_proveedor=1  ; select * from documento_movimiento; select * from LineaOrdenDeCompra WHERE borrado = 0
Save/Update: delete OrdenDeCompra where nro_doc=5
Save/Update: delete documento where nro_doc=5
Save/Update: DELETE Proveedor WHERE id_proveedor=4  
Save/Update: UPDATE Proveedor SET nombre='nombre1', telefono='1111-1111', direccion='direccion 1' WHERE id_proveedor=1  ;</StdOut>
      </Output>
    </UnitTestResult>
    <UnitTestResult executionId="25bed8c2-20af-46c4-8cbc-4b74b3829bd1" testId="996b7b9c-4963-23a7-ecd9-60f71e9ffdab" testName="buscarEstadosTest" computerName="DIEGO-PC" duration="00:00:00.0031031" startTime="2012-12-13T22:12:08.1488840-03:00" endTime="2012-12-13T22:12:08.1578845-03:00" testType="13cdc9d9-ddb5-4fa4-a97d-d965ccfc6d4b" outcome="Passed" testListId="8c84fa94-04c1-424b-9868-57a2d4851a1d" relativeResultsDirectory="25bed8c2-20af-46c4-8cbc-4b74b3829bd1">
      <Output>
        <StdOut>Save/Update: select * from EstadoTrabajos</StdOut>
      </Output>
    </UnitTestResult>
    <UnitTestResult executionId="7bdf22f8-a185-4a54-a7c5-3cc18bd6d67e" testId="9abfd9c9-a69f-e14e-a283-753aea9711be" testName="buscarEstadosPorIdTest" computerName="DIEGO-PC" duration="00:00:00.0019578" startTime="2012-12-13T22:12:08.1598846-03:00" endTime="2012-12-13T22:12:08.1678851-03:00" testType="13cdc9d9-ddb5-4fa4-a97d-d965ccfc6d4b" outcome="Passed" testListId="8c84fa94-04c1-424b-9868-57a2d4851a1d" relativeResultsDirectory="7bdf22f8-a185-4a54-a7c5-3cc18bd6d67e">
      <Output>
        <StdOut>Save/Update: select * from EstadoDiseños WHERE  EstadoDiseños.estado=1</StdOut>
      </Output>
    </UnitTestResult>
    <UnitTestResult executionId="7afb880a-d4e4-4b97-8e76-77421d4f462e" testId="9b145e69-7969-d34a-ea49-9560a18e3f37" testName="listarProduccionPorCodigoTest" computerName="DIEGO-PC" duration="00:00:00.0086464" startTime="2012-12-13T22:12:08.1698852-03:00" endTime="2012-12-13T22:12:08.1868862-03:00" testType="13cdc9d9-ddb5-4fa4-a97d-d965ccfc6d4b" outcome="Passed" testListId="8c84fa94-04c1-424b-9868-57a2d4851a1d" relativeResultsDirectory="7afb880a-d4e4-4b97-8e76-77421d4f462e">
      <Output>
        <StdOut>Save/Update: select * from produccion WHERE  produccion.cod_produccion=1  ; select * from historico_estados_produccion WHERE borrado = 0
Save/Update: select * from Pedido WHERE  Pedido.cod_pedido=1  ; select * from produccion WHERE borrado = 0; select * from historico_estados_pedido WHERE borrado = 0
Save/Update: select * from Maquina WHERE  Maquina.cod_maquina=1  ; select * from JoinMaquinaToTipoPrenda
Save/Update: select * from Articulos WHERE  Articulos.cod_articulo=1  ; select * from lista_precios WHERE borrado = 0
Save/Update: select * from EstadoTrabajos WHERE  EstadoTrabajos.cod_estado=3  
Save/Update: select * from historico_estados_produccion WHERE  historico_estados_produccion.cod_produccion=1  
Save/Update: select * from produccion_operador WHERE  produccion_operador.cod_prodcuccion=1  
Save/Update: DELETE produccion_operador WHERE id_operador=2  AND cod_prodcuccion=7  
Save/Update: DELETE historico_estados_produccion WHERE nro_estado=1  AND cod_produccion=7  
Save/Update: DELETE historico_estados_produccion WHERE nro_estado=2  AND cod_produccion=7  
Save/Update: DELETE produccion WHERE cod_produccion=7</StdOut>
      </Output>
    </UnitTestResult>
    <UnitTestResult executionId="5b060d18-2289-48e4-bf1d-ec00105f2943" testId="9bc71622-b688-a88b-7a65-091a11ad1362" testName="buscarTodoTest" computerName="DIEGO-PC" duration="00:00:00.0024650" startTime="2012-12-13T22:12:08.1888863-03:00" endTime="2012-12-13T22:12:08.1968867-03:00" testType="13cdc9d9-ddb5-4fa4-a97d-d965ccfc6d4b" outcome="Passed" testListId="8c84fa94-04c1-424b-9868-57a2d4851a1d" relativeResultsDirectory="5b060d18-2289-48e4-bf1d-ec00105f2943">
      <Output>
        <StdOut>Save/Update: select * from tipoMovimiento</StdOut>
      </Output>
    </UnitTestResult>
    <UnitTestResult executionId="fc8a135b-9438-486d-893f-16ca8d9ce039" testId="9c1f4476-7313-c46d-328a-55cea693565d" testName="buscarMovimintosTest" computerName="DIEGO-PC" duration="00:00:00.0109041" startTime="2012-12-13T22:12:08.1998869-03:00" endTime="2012-12-13T22:12:08.2168879-03:00" testType="13cdc9d9-ddb5-4fa4-a97d-d965ccfc6d4b" outcome="Passed" testListId="8c84fa94-04c1-424b-9868-57a2d4851a1d" relativeResultsDirectory="fc8a135b-9438-486d-893f-16ca8d9ce039">
      <Output>
        <StdOut>Save/Update: select * from MovimientosCuenta JOIN proveedor_movimientos AS proveedor ON MovimientosCuenta.nro_movimiento=proveedor.nro_movimiento WHERE  MovimientosCuenta.comentario LIKE '%m3%'AND  MovimientosCuenta.fecha&gt;= CAST('03/03/2003 00:00:00.000'  AS DateTime) AND  MovimientosCuenta.monto&gt;=30 AND  MovimientosCuenta.monto&lt;=33 AND  MovimientosCuenta.cuentaID=1  AND  MovimientosCuenta.tipoMovimientoID=1  AND proveedor.id_proveedor=1  AND proveedor.id_proveedor IS NOT  NULL ; select * from proveedor_movimientos; select * from documento_movimiento
Save/Update: select * from Proveedor WHERE  Proveedor.id_proveedor=1  
Save/Update: select * from OrdenDeCompra WHERE  OrdenDeCompra.id_proveedor=1  ; select * from documento_movimiento; select * from LineaOrdenDeCompra WHERE borrado = 0
Save/Update: select * from OrdenDeCompra WHERE  OrdenDeCompra.nro_Doc=3  ; select * from documento_movimiento; select * from LineaOrdenDeCompra WHERE borrado = 0
Save/Update: select * from tipoMovimiento WHERE  tipoMovimiento.tipoMovimientoID=1  
Save/Update: select * from Cuenta WHERE  Cuenta.cuentaID=1  
Save/Update: DELETE proveedor_movimientos where nro_movimiento=4  ; DELETE documento_movimiento where nro_movimiento=4  ; ;DELETE MovimientosCuenta WHERE nro_movimiento=4</StdOut>
      </Output>
    </UnitTestResult>
    <UnitTestResult executionId="ce9fa444-ef61-46e1-85a3-820995ccc886" testId="9fd9a588-56ca-0b4b-82c9-064d2bfbe430" testName="grabarDiseñosTest" computerName="DIEGO-PC" duration="00:00:00.0046579" startTime="2012-12-13T22:12:08.2198881-03:00" endTime="2012-12-13T22:12:08.2308887-03:00" testType="13cdc9d9-ddb5-4fa4-a97d-d965ccfc6d4b" outcome="Passed" testListId="8c84fa94-04c1-424b-9868-57a2d4851a1d" relativeResultsDirectory="ce9fa444-ef61-46e1-85a3-820995ccc886">
      <Output>
        <StdOut>Save/Update: SELECT  ISNULL(MAX(cod_diseño + 1),1) from Diseño
Save/Update: INSERT INTO Diseño (cod_diseño, nombre, puntadas, alto, ancho, id_cliente, estadoActual, pathImagen, pathDetalle, pathArchivoEditable, pathArchivoFinal, borrado) VALUES (3 , 'diseño3', 3333 , 33 , 33 , 1 , 1 , '/cliente1/imagen/diseño1.jpg', '/cliente1/detalle/diseño1.jpg', '/cliente1/diseñoEditable/diseño1.jpg', '/cliente1/diseño/diseño1.jpg', 0 ); UPDATE historico_estados_diseño SET borrado=1 WHERE cod_diseño=3  ; 
Save/Update: select * from Diseño WHERE  Diseño.cod_diseño=3  ; select * from historico_estados_diseño WHERE borrado = 0
Save/Update: DELETE Diseño WHERE cod_diseño=3</StdOut>
      </Output>
    </UnitTestResult>
    <UnitTestResult executionId="46c3f654-5a46-4d28-8527-5be276eb6472" testId="a17744d1-ab11-f591-d328-1ad420c98fbd" testName="borrarNewsletterTest" computerName="DIEGO-PC" duration="00:00:00.0037806" startTime="2012-12-13T22:12:08.2328888-03:00" endTime="2012-12-13T22:12:08.2428894-03:00" testType="13cdc9d9-ddb5-4fa4-a97d-d965ccfc6d4b" outcome="Passed" testListId="8c84fa94-04c1-424b-9868-57a2d4851a1d" relativeResultsDirectory="46c3f654-5a46-4d28-8527-5be276eb6472">
      <Output>
        <StdOut>Save/Update: SELECT  ISNULL(MAX(id + 1),1) from newsletter
Save/Update: INSERT INTO newsletter (id, newsletter, nombre, enviado) VALUES (3 , 'html', 'news3', 0 ); 
Save/Update: select * from newsletter WHERE  newsletter.id=3  
Save/Update: DELETE newsletter WHERE id=3  
Save/Update: select * from newsletter WHERE  newsletter.id=3</StdOut>
      </Output>
    </UnitTestResult>
    <UnitTestResult executionId="3f9f2c2d-5caa-429e-b073-ebdd6c95f39c" testId="a238bb59-cc6f-a250-c2de-3c102510d342" testName="borrarHistoricoEstadosTest" computerName="DIEGO-PC" duration="00:00:00.0046121" startTime="2012-12-13T22:12:08.2448895-03:00" endTime="2012-12-13T22:12:08.2578902-03:00" testType="13cdc9d9-ddb5-4fa4-a97d-d965ccfc6d4b" outcome="Passed" testListId="8c84fa94-04c1-424b-9868-57a2d4851a1d" relativeResultsDirectory="3f9f2c2d-5caa-429e-b073-ebdd6c95f39c">
      <Output>
        <StdOut>Save/Update: SELECT  ISNULL(MAX(nro_estado + 1),1) from historico_estados_produccion WHERE cod_produccion=2
Save/Update: INSERT INTO historico_estados_produccion (nro_estado, comentario, cod_produccion, fechaDesde, fechaHasta, estado, borrado) VALUES (3 , 'comentario32', 2 ,  CAST('13/12/2012 22:12:08.250'  AS DateTime),  CAST('13/12/2012 22:12:08.250'  AS DateTime), 3 , 0 ); 
Save/Update: select * from historico_estados_produccion WHERE  historico_estados_produccion.nro_estado=3  AND  historico_estados_produccion.cod_produccion=2  
Save/Update: DELETE historico_estados_produccion WHERE nro_estado=3  AND cod_produccion=2  
Save/Update: select * from historico_estados_produccion WHERE  historico_estados_produccion.nro_estado=3  AND  historico_estados_produccion.cod_produccion=2</StdOut>
      </Output>
    </UnitTestResult>
    <UnitTestResult executionId="8402fb12-0a72-4591-82e8-1c3d8c5bcbb3" testId="a27af6eb-87dc-b90f-c4ca-d8cb1c7c2454" testName="calcularTimepoTrabajoTest2" computerName="DIEGO-PC" duration="00:00:00.0028572" startTime="2012-12-13T22:12:08.2608904-03:00" endTime="2012-12-13T22:12:08.2718910-03:00" testType="13cdc9d9-ddb5-4fa4-a97d-d965ccfc6d4b" outcome="Passed" testListId="8c84fa94-04c1-424b-9868-57a2d4851a1d" relativeResultsDirectory="8402fb12-0a72-4591-82e8-1c3d8c5bcbb3">
      <Output>
        <StdOut>Save/Update: DELETE produccion_operador WHERE id_operador=2  AND cod_prodcuccion=7  
Save/Update: DELETE historico_estados_produccion WHERE nro_estado=1  AND cod_produccion=7  
Save/Update: DELETE historico_estados_produccion WHERE nro_estado=2  AND cod_produccion=7  
Save/Update: DELETE produccion WHERE cod_produccion=7</StdOut>
      </Output>
    </UnitTestResult>
    <UnitTestResult executionId="3f2a9a58-b176-48f4-bc57-6c2196341275" testId="a38bcda1-5217-b092-6b98-6582813fb5d1" testName="cargarUsuarioConRestriccionesTest" computerName="DIEGO-PC" duration="00:00:00.0117727" startTime="2012-12-13T22:12:08.2758913-03:00" endTime="2012-12-13T22:12:08.2948923-03:00" testType="13cdc9d9-ddb5-4fa4-a97d-d965ccfc6d4b" outcome="Passed" testListId="8c84fa94-04c1-424b-9868-57a2d4851a1d" relativeResultsDirectory="3f2a9a58-b176-48f4-bc57-6c2196341275">
      <Output>
        <StdOut>Save/Update: select * from Usuario WHERE  Usuario.nombre LIKE '%bre1%'AND  Usuario.apellido LIKE '%ap%'AND  Usuario.mail LIKE '%@test%'AND  Usuario.telefonoFijo LIKE '%1-1%'AND  Usuario.telefonoMovil LIKE '%1-1%'; select * from JoinUsuarioToFamilia; select * from JoinPatenteToUsuario
Save/Update: DELETE JoinUsuarioToFamilia where usuarioID=6  ; DELETE JoinPatenteToUsuario where usuarioID=6  ; ;DELETE Usuario WHERE usuarioID=6  
Save/Update: UPDATE Usuario SET nombre='nombre5', apellido='apellido5', mail='mail5@test.com', password='pas5', telefonoFijo='5555-5555', telefonoMovil='5555-5555', bloqueado=0  WHERE usuarioID=5  ; DELETE JoinUsuarioToFamilia where usuarioID=5  ; DELETE JoinPatenteToUsuario where usuarioID=5  ;</StdOut>
      </Output>
    </UnitTestResult>
    <UnitTestResult executionId="732015dd-6962-4f83-8a9d-a56beccf59f3" testId="a39c2fdb-3d54-d4f0-be49-3f4e350da31e" testName="listarProduccionPorMaquinaTest" computerName="DIEGO-PC" duration="00:00:00.0147934" startTime="2012-12-13T22:12:08.2958924-03:00" endTime="2012-12-13T22:12:08.3168936-03:00" testType="13cdc9d9-ddb5-4fa4-a97d-d965ccfc6d4b" outcome="Passed" testListId="8c84fa94-04c1-424b-9868-57a2d4851a1d" relativeResultsDirectory="732015dd-6962-4f83-8a9d-a56beccf59f3">
      <Output>
        <StdOut>Save/Update: select * from produccion WHERE  produccion.cod_maquina=1  ; select * from historico_estados_produccion WHERE borrado = 0
Save/Update: select * from Pedido WHERE  Pedido.cod_pedido=1  ; select * from produccion WHERE borrado = 0; select * from historico_estados_pedido WHERE borrado = 0
Save/Update: select * from Maquina WHERE  Maquina.cod_maquina=1  ; select * from JoinMaquinaToTipoPrenda
Save/Update: select * from Articulos WHERE  Articulos.cod_articulo=1  ; select * from lista_precios WHERE borrado = 0
Save/Update: select * from EstadoTrabajos WHERE  EstadoTrabajos.cod_estado=3  
Save/Update: select * from historico_estados_produccion WHERE  historico_estados_produccion.cod_produccion=1  
Save/Update: select * from produccion_operador WHERE  produccion_operador.cod_prodcuccion=1  
Save/Update: select * from Pedido WHERE  Pedido.cod_pedido=1  ; select * from produccion WHERE borrado = 0; select * from historico_estados_pedido WHERE borrado = 0
Save/Update: select * from Maquina WHERE  Maquina.cod_maquina=1  ; select * from JoinMaquinaToTipoPrenda
Save/Update: select * from Articulos WHERE  Articulos.cod_articulo=2  ; select * from lista_precios WHERE borrado = 0
Save/Update: select * from EstadoTrabajos WHERE  EstadoTrabajos.cod_estado=2  
Save/Update: select * from historico_estados_produccion WHERE  historico_estados_produccion.cod_produccion=2  
Save/Update: select * from produccion_operador WHERE  produccion_operador.cod_prodcuccion=2  
Save/Update: select * from Pedido WHERE  Pedido.cod_pedido=2  ; select * from produccion WHERE borrado = 0; select * from historico_estados_pedido WHERE borrado = 0
Save/Update: select * from Maquina WHERE  Maquina.cod_maquina=1  ; select * from JoinMaquinaToTipoPrenda
Save/Update: select * from Articulos WHERE  Articulos.cod_articulo=6  ; select * from lista_precios WHERE borrado = 0
Save/Update: select * from EstadoTrabajos WHERE  EstadoTrabajos.cod_estado=0  
Save/Update: select * from historico_estados_produccion WHERE  historico_estados_produccion.cod_produccion=5  
Save/Update: select * from produccion_operador WHERE  produccion_operador.cod_prodcuccion=5  
Save/Update: DELETE produccion_operador WHERE id_operador=2  AND cod_prodcuccion=7  
Save/Update: DELETE historico_estados_produccion WHERE nro_estado=1  AND cod_produccion=7  
Save/Update: DELETE historico_estados_produccion WHERE nro_estado=2  AND cod_produccion=7  
Save/Update: DELETE produccion WHERE cod_produccion=7</StdOut>
      </Output>
    </UnitTestResult>
    <UnitTestResult executionId="e3e2ec9c-a17b-4d10-b01e-8caba5ae6750" testId="a472a839-6eaa-12b1-21fb-e977ec47cce0" testName="borrarPrendaTest" computerName="DIEGO-PC" duration="00:00:00.0035469" startTime="2012-12-13T22:12:08.3188937-03:00" endTime="2012-12-13T22:12:08.3288943-03:00" testType="13cdc9d9-ddb5-4fa4-a97d-d965ccfc6d4b" outcome="Passed" testListId="8c84fa94-04c1-424b-9868-57a2d4851a1d" relativeResultsDirectory="e3e2ec9c-a17b-4d10-b01e-8caba5ae6750">
      <Output>
        <StdOut>Save/Update: INSERT INTO TipoPrenda (tipo_prenda, descripcion) VALUES (5 , 'gorro'); 
Save/Update: select * from TipoPrenda WHERE  TipoPrenda.tipo_prenda=5  
Save/Update: DELETE TipoPrenda WHERE tipo_prenda=5  
Save/Update: select * from TipoPrenda WHERE  TipoPrenda.tipo_prenda=5</StdOut>
      </Output>
    </UnitTestResult>
    <UnitTestResult executionId="70cb0469-34f5-4b8b-bb17-60ec811a1e87" testId="a4e8ed3d-c4ae-1ca8-df36-ee362c8b196a" testName="cargarClienteTest" computerName="DIEGO-PC" duration="00:00:00.0047036" startTime="2012-12-13T22:12:08.3298943-03:00" endTime="2012-12-13T22:12:08.3408950-03:00" testType="13cdc9d9-ddb5-4fa4-a97d-d965ccfc6d4b" outcome="Passed" testListId="8c84fa94-04c1-424b-9868-57a2d4851a1d" relativeResultsDirectory="70cb0469-34f5-4b8b-bb17-60ec811a1e87">
      <Output>
        <StdOut>Save/Update: select * from Cliente WHERE  Cliente.id_cliente=1  ; select * from cliente_movimientos; select * from Pedido WHERE borrado = 0; select * from Factura WHERE borrado = 0; select * from Diseño WHERE borrado = 0</StdOut>
      </Output>
    </UnitTestResult>
    <UnitTestResult executionId="c16765db-d14b-4396-a76e-49571444828e" testId="a517dabf-4b66-5f3c-ac24-0d2164897c8e" testName="listarPedidosTest" computerName="DIEGO-PC" duration="00:00:00.0185791" startTime="2012-12-13T22:12:08.3428951-03:00" endTime="2012-12-13T22:12:08.3668965-03:00" testType="13cdc9d9-ddb5-4fa4-a97d-d965ccfc6d4b" outcome="Passed" testListId="8c84fa94-04c1-424b-9868-57a2d4851a1d" relativeResultsDirectory="c16765db-d14b-4396-a76e-49571444828e">
      <Output>
        <StdOut>Save/Update: select * from Pedido; select * from produccion WHERE borrado = 0; select * from historico_estados_pedido WHERE borrado = 0
Save/Update: select * from historico_estados_pedido WHERE  historico_estados_pedido.cod_pedido=1  
Save/Update: select * from tipoPedido WHERE  tipoPedido.tipo_pedido=1  
Save/Update: select * from produccion WHERE  produccion.cod_pedido=1  ; select * from historico_estados_produccion WHERE borrado = 0
Save/Update: select * from Cliente WHERE  Cliente.id_cliente=1  ; select * from cliente_movimientos; select * from Pedido WHERE borrado = 0; select * from Factura WHERE borrado = 0; select * from Diseño WHERE borrado = 0
Save/Update: select * from EstadoPedido WHERE  EstadoPedido.estado_pedido=3  
Save/Update: select * from historico_estados_pedido WHERE  historico_estados_pedido.cod_pedido=2  
Save/Update: select * from tipoPedido WHERE  tipoPedido.tipo_pedido=2  
Save/Update: select * from produccion WHERE  produccion.cod_pedido=2  ; select * from historico_estados_produccion WHERE borrado = 0
Save/Update: select * from Cliente WHERE  Cliente.id_cliente=2  ; select * from cliente_movimientos; select * from Pedido WHERE borrado = 0; select * from Factura WHERE borrado = 0; select * from Diseño WHERE borrado = 0
Save/Update: select * from EstadoPedido WHERE  EstadoPedido.estado_pedido=3  
Save/Update: select * from historico_estados_pedido WHERE  historico_estados_pedido.cod_pedido=3  
Save/Update: select * from tipoPedido WHERE  tipoPedido.tipo_pedido=2  
Save/Update: select * from produccion WHERE  produccion.cod_pedido=3  ; select * from historico_estados_produccion WHERE borrado = 0
Save/Update: select * from Cliente WHERE  Cliente.id_cliente=1  ; select * from cliente_movimientos; select * from Pedido WHERE borrado = 0; select * from Factura WHERE borrado = 0; select * from Diseño WHERE borrado = 0
Save/Update: select * from EstadoPedido WHERE  EstadoPedido.estado_pedido=0  
Save/Update: select * from historico_estados_pedido WHERE  historico_estados_pedido.cod_pedido=4  
Save/Update: select * from tipoPedido WHERE  tipoPedido.tipo_pedido=1  
Save/Update: select * from produccion WHERE  produccion.cod_pedido=4  ; select * from historico_estados_produccion WHERE borrado = 0
Save/Update: select * from Cliente WHERE  Cliente.id_cliente=1  ; select * from cliente_movimientos; select * from Pedido WHERE borrado = 0; select * from Factura WHERE borrado = 0; select * from Diseño WHERE borrado = 0
Save/Update: select * from EstadoPedido WHERE  EstadoPedido.estado_pedido=0  
Save/Update: DELETE historico_estados_pedido WHERE nro_estado=1  AND cod_pedido=5  
Save/Update: DELETE historico_estados_pedido WHERE nro_estado=2  AND cod_pedido=5  
Save/Update: DELETE produccion WHERE cod_produccion=7  
Save/Update: DELETE Pedido WHERE cod_pedido=5</StdOut>
      </Output>
    </UnitTestResult>
    <UnitTestResult executionId="00e779e7-5939-48f0-bacb-a92e01f4b351" testId="a5adf3df-a9f8-2832-66ba-f690ea4581d6" testName="buscarTipoCuentaPorIdTest" computerName="DIEGO-PC" duration="00:00:00.0022096" startTime="2012-12-13T22:12:08.3678965-03:00" endTime="2012-12-13T22:12:08.3778971-03:00" testType="13cdc9d9-ddb5-4fa4-a97d-d965ccfc6d4b" outcome="Passed" testListId="8c84fa94-04c1-424b-9868-57a2d4851a1d" relativeResultsDirectory="00e779e7-5939-48f0-bacb-a92e01f4b351">
      <Output>
        <StdOut>Save/Update: select * from Cuenta WHERE  Cuenta.cuentaID=1</StdOut>
      </Output>
    </UnitTestResult>
    <UnitTestResult executionId="14c92d3f-7fae-4412-ae75-3229810a6a02" testId="a5c2a138-5bc5-66da-7c2e-bc96b13a556b" testName="bloquearUsuarioTest" computerName="DIEGO-PC" duration="00:00:00.0160497" startTime="2012-12-13T22:12:08.3798972-03:00" endTime="2012-12-13T22:12:08.4028985-03:00" testType="13cdc9d9-ddb5-4fa4-a97d-d965ccfc6d4b" outcome="Passed" testListId="8c84fa94-04c1-424b-9868-57a2d4851a1d" relativeResultsDirectory="14c92d3f-7fae-4412-ae75-3229810a6a02">
      <Output>
        <StdOut>Save/Update: select * from Usuario WHERE  Usuario.usuarioID=1  ; select * from JoinUsuarioToFamilia; select * from JoinPatenteToUsuario
Save/Update: select * from Familia JOIN JoinUsuarioToFamilia AS usuarios ON Familia.familiaID=usuarios.familiaID WHERE usuarios.usuarioID=1  ; select * from JoinFamiliaToPatente
Save/Update: select * from Patente JOIN JoinPatenteToUsuario AS usuario ON Patente.patenteId=usuario.patenteId WHERE usuario.usuarioID=1  
Save/Update: select * from Cliente WHERE  Cliente.usuarioID=1  ; select * from cliente_movimientos; select * from Pedido WHERE borrado = 0; select * from Factura WHERE borrado = 0; select * from Diseño WHERE borrado = 0
Save/Update: UPDATE Usuario SET nombre='nombre1', apellido='apellido1', mail='mail1@test.com', password='44', telefonoFijo='1111-1111', telefonoMovil='1111-1111', bloqueado=1  WHERE usuarioID=1  ; DELETE JoinUsuarioToFamilia where usuarioID=1  ; DELETE JoinPatenteToUsuario where usuarioID=1  ;  INSERT INTO JoinPatenteToUsuario ( usuarioID, patenteId) VALUES ( 1 , 1 ); 
Save/Update: select * from Usuario WHERE  Usuario.usuarioID=1  ; select * from JoinUsuarioToFamilia; select * from JoinPatenteToUsuario
Save/Update: select * from Familia JOIN JoinUsuarioToFamilia AS usuarios ON Familia.familiaID=usuarios.familiaID WHERE usuarios.usuarioID=1  ; select * from JoinFamiliaToPatente
Save/Update: select * from Patente JOIN JoinPatenteToUsuario AS usuario ON Patente.patenteId=usuario.patenteId WHERE usuario.usuarioID=1  
Save/Update: select * from Cliente WHERE  Cliente.usuarioID=1  ; select * from cliente_movimientos; select * from Pedido WHERE borrado = 0; select * from Factura WHERE borrado = 0; select * from Diseño WHERE borrado = 0
Save/Update: UPDATE Usuario SET nombre='nombre1', apellido='apellido1', mail='mail1@test.com', password='44', telefonoFijo='1111-1111', telefonoMovil='1111-1111', bloqueado=1  WHERE usuarioID=1  ; DELETE JoinUsuarioToFamilia where usuarioID=1  ; DELETE JoinPatenteToUsuario where usuarioID=1  ;  INSERT INTO JoinPatenteToUsuario ( usuarioID, patenteId) VALUES ( 1 , 1 ); 
Save/Update: UPDATE Usuario SET nombre='nombre1', apellido='apellido1', mail='mail1@test.com', password='11C8', telefonoFijo='1111-1111', telefonoMovil='1111-1111', bloqueado=0  WHERE usuarioID=1  ; DELETE JoinUsuarioToFamilia where usuarioID=1  ; DELETE JoinPatenteToUsuario where usuarioID=1  ; 
Save/Update: UPDATE Cliente SET habitadoTurnos=1 , newsletter=0  WHERE id_cliente=1  ; UPDATE Pedido SET borrado=1 WHERE id_cliente=1  ; UPDATE Factura SET borrado=1 WHERE id_cliente=1  ; UPDATE Diseño SET borrado=1 WHERE id_cliente=1  ; 
Save/Update:  UPDATE factura set borrado = 0 
Save/Update:  UPDATE diseño set borrado = 0 
Save/Update:  UPDATE pedido set borrado = 0 
Save/Update:  Insert into JoinPatenteToUsuario values (1,1)</StdOut>
      </Output>
    </UnitTestResult>
    <UnitTestResult executionId="ea453695-b132-42fe-b3fd-424315882aa0" testId="a5daaf00-a7ab-4dce-b449-0d5879de0266" testName="cargarTest" computerName="DIEGO-PC" duration="00:00:00.0028033" startTime="2012-12-13T22:12:08.4048986-03:00" endTime="2012-12-13T22:12:08.4138992-03:00" testType="13cdc9d9-ddb5-4fa4-a97d-d965ccfc6d4b" outcome="Passed" testListId="8c84fa94-04c1-424b-9868-57a2d4851a1d" relativeResultsDirectory="ea453695-b132-42fe-b3fd-424315882aa0">
      <Output>
        <StdOut>Save/Update: select * from Mensaje</StdOut>
      </Output>
    </UnitTestResult>
    <UnitTestResult executionId="fa34da2b-3193-46da-8580-5caac912e322" testId="a6894dd2-dcf0-7e92-7a7b-7a5aa8466339" testName="cargarFamiliaPorIdTest" computerName="DIEGO-PC" duration="00:00:00.0028395" startTime="2012-12-13T22:12:08.4158993-03:00" endTime="2012-12-13T22:12:08.4268999-03:00" testType="13cdc9d9-ddb5-4fa4-a97d-d965ccfc6d4b" outcome="Passed" testListId="8c84fa94-04c1-424b-9868-57a2d4851a1d" relativeResultsDirectory="fa34da2b-3193-46da-8580-5caac912e322">
      <Output>
        <StdOut>Save/Update: select * from Familia WHERE  Familia.familiaID=6  ; select * from JoinFamiliaToPatente
Save/Update: select * from Patente JOIN JoinFamiliaToPatente AS familia ON Patente.patenteId=familia.patenteId WHERE familia.familiaID=6</StdOut>
      </Output>
    </UnitTestResult>
    <UnitTestResult executionId="9052ab1c-4bba-4af9-a74a-69caa62a1810" testId="a6fd86e1-4eca-846a-5e19-70da718a6391" testName="buscarNewsletterPorNombreTest" computerName="DIEGO-PC" duration="00:00:00.0020379" startTime="2012-12-13T22:12:08.4289000-03:00" endTime="2012-12-13T22:12:08.4369005-03:00" testType="13cdc9d9-ddb5-4fa4-a97d-d965ccfc6d4b" outcome="Passed" testListId="8c84fa94-04c1-424b-9868-57a2d4851a1d" relativeResultsDirectory="9052ab1c-4bba-4af9-a74a-69caa62a1810">
      <Output>
        <StdOut>Save/Update: select * from newsletter WHERE  newsletter.nombre='news1'</StdOut>
      </Output>
    </UnitTestResult>
    <UnitTestResult executionId="53c4632b-731f-4973-9aef-3821e40db758" testId="a77c41d3-5bba-1c1e-e81f-7a02217342bf" testName="buscarPrimerosHuecosMaquinaTest4" computerName="DIEGO-PC" duration="00:00:00.0148093" startTime="2012-12-13T22:12:08.4379005-03:00" endTime="2012-12-13T22:12:08.4609018-03:00" testType="13cdc9d9-ddb5-4fa4-a97d-d965ccfc6d4b" outcome="Passed" testListId="8c84fa94-04c1-424b-9868-57a2d4851a1d" relativeResultsDirectory="53c4632b-731f-4973-9aef-3821e40db758">
      <Output>
        <StdOut>Save/Update: select * from produccion WHERE  produccion.cod_maquina=3  AND  produccion.fechaFinal&gt;= CAST('09/10/2012 11:00:00.000'  AS DateTime) ; select * from historico_estados_produccion WHERE borrado = 0
Save/Update: select * from Pedido WHERE  Pedido.cod_pedido=2  ; select * from produccion WHERE borrado = 0; select * from historico_estados_pedido WHERE borrado = 0
Save/Update: select * from Maquina WHERE  Maquina.cod_maquina=3  ; select * from JoinMaquinaToTipoPrenda
Save/Update: select * from Articulos WHERE  Articulos.cod_articulo=5  ; select * from lista_precios WHERE borrado = 0
Save/Update: select * from EstadoTrabajos WHERE  EstadoTrabajos.cod_estado=0  
Save/Update: select * from historico_estados_produccion WHERE  historico_estados_produccion.cod_produccion=4  
Save/Update: select * from produccion_operador WHERE  produccion_operador.cod_prodcuccion=4  
Save/Update: select * from Pedido WHERE  Pedido.cod_pedido=3  ; select * from produccion WHERE borrado = 0; select * from historico_estados_pedido WHERE borrado = 0
Save/Update: select * from Maquina WHERE  Maquina.cod_maquina=3  ; select * from JoinMaquinaToTipoPrenda
Save/Update: select * from Articulos WHERE  Articulos.cod_articulo=2  ; select * from lista_precios WHERE borrado = 0
Save/Update: select * from EstadoTrabajos WHERE  EstadoTrabajos.cod_estado=0  
Save/Update: select * from historico_estados_produccion WHERE  historico_estados_produccion.cod_produccion=6  
Save/Update: select * from produccion_operador WHERE  produccion_operador.cod_prodcuccion=6  
Save/Update: select * from produccion WHERE  produccion.cod_maquina=3  AND  produccion.fechaInicio&gt;= CAST('12/10/2012 13:00:00.000'  AS DateTime) ; select * from historico_estados_produccion WHERE borrado = 0
Save/Update: select * from Pedido WHERE  Pedido.cod_pedido=3  ; select * from produccion WHERE borrado = 0; select * from historico_estados_pedido WHERE borrado = 0
Save/Update: select * from Maquina WHERE  Maquina.cod_maquina=3  ; select * from JoinMaquinaToTipoPrenda
Save/Update: select * from Articulos WHERE  Articulos.cod_articulo=2  ; select * from lista_precios WHERE borrado = 0
Save/Update: select * from EstadoTrabajos WHERE  EstadoTrabajos.cod_estado=0  
Save/Update: select * from historico_estados_produccion WHERE  historico_estados_produccion.cod_produccion=6  
Save/Update: select * from produccion_operador WHERE  produccion_operador.cod_prodcuccion=6  
Save/Update: select * from produccion WHERE  produccion.cod_maquina=3  AND  produccion.fechaInicio&gt;= CAST('15/10/2012 18:00:00.000'  AS DateTime) ; select * from historico_estados_produccion WHERE borrado = 0
Save/Update: DELETE produccion_operador WHERE id_operador=2  AND cod_prodcuccion=7  
Save/Update: DELETE historico_estados_produccion WHERE nro_estado=1  AND cod_produccion=7  
Save/Update: DELETE historico_estados_produccion WHERE nro_estado=2  AND cod_produccion=7  
Save/Update: DELETE produccion WHERE cod_produccion=7</StdOut>
      </Output>
    </UnitTestResult>
    <UnitTestResult executionId="82f0aa45-0259-4bc1-af88-fbb70f627936" testId="a80088bc-1bb3-9447-8317-64a7363d3cfe" testName="actualizarPedidoTest" computerName="DIEGO-PC" duration="00:00:04.0152160" startTime="2012-12-13T22:12:08.4629020-03:00" endTime="2012-12-13T22:12:12.4861321-03:00" testType="13cdc9d9-ddb5-4fa4-a97d-d965ccfc6d4b" outcome="Passed" testListId="8c84fa94-04c1-424b-9868-57a2d4851a1d" relativeResultsDirectory="82f0aa45-0259-4bc1-af88-fbb70f627936">
      <Output>
        <StdOut>Save/Update: SELECT  ISNULL(MAX(cod_pedido + 1),1) from Pedido
Save/Update: INSERT INTO Pedido (cod_pedido, comentario, id_cliente, tipo_pedido, estadoActual, fechaInicio, fechaFinal, borrado) VALUES (5 , 'comentario test', 2 , 2 , 2 ,  CAST('13/12/2012 22:12:08.467'  AS DateTime),  NULL , 0 ); UPDATE produccion SET borrado=1 WHERE cod_pedido=5  ; UPDATE historico_estados_pedido SET borrado=1 WHERE cod_pedido=5  ; 
Save/Update: SELECT  ISNULL(MAX(cod_produccion + 1),1) from produccion
Save/Update: INSERT INTO produccion (cod_produccion, comentario, cod_pedido, cod_maquina, cod_articulo, cantidad, estadoActual, utilizacion, fechaInicio, fechaFinal, borrado) VALUES (7 , 'com1', 5 , 2 , 1 , 10 , 1 , 1,  CAST('13/12/2012 22:12:08.467'  AS DateTime),  NULL , 0 ); UPDATE historico_estados_produccion SET borrado=1 WHERE cod_produccion=7  ; 
Save/Update: UPDATE Pedido SET comentario='comentario test', id_cliente=2 , tipo_pedido=2 , estadoActual=2 , fechaInicio= CAST('13/12/2012 22:12:08.467'  AS DateTime), fechaFinal= NULL , borrado=0  WHERE cod_pedido=5  ; UPDATE produccion SET borrado=1 WHERE cod_pedido=5  ; UPDATE historico_estados_pedido SET borrado=1 WHERE cod_pedido=5  ; 
Save/Update: SELECT  ISNULL(MAX(nro_estado + 1),1) from historico_estados_pedido WHERE cod_pedido=5
Save/Update: INSERT INTO historico_estados_pedido (nro_estado, comentario, cod_pedido, fechaDesde, fechaHasta, estado, borrado) VALUES (1 , '', 5 ,  CAST('13/12/2012 22:12:08.471'  AS DateTime),  NULL , 2 , 0 ); 
Save/Update: UPDATE produccion SET comentario='com1', cod_pedido=5 , cod_maquina=2 , cod_articulo=1 , cantidad=10 , estadoActual=1 , utilizacion=1, fechaInicio= CAST('13/12/2012 22:12:08.467'  AS DateTime), fechaFinal= NULL , borrado=0  WHERE cod_produccion=7  ; UPDATE historico_estados_produccion SET borrado=1 WHERE cod_produccion=7  ; 
Save/Update: select * from Pedido WHERE  Pedido.cod_pedido=5  ; select * from produccion WHERE borrado = 0; select * from historico_estados_pedido WHERE borrado = 0
Save/Update: select * from historico_estados_pedido WHERE  historico_estados_pedido.cod_pedido=5  
Save/Update: select * from tipoPedido WHERE  tipoPedido.tipo_pedido=2  
Save/Update: select * from produccion WHERE  produccion.cod_pedido=5  ; select * from historico_estados_produccion WHERE borrado = 0
Save/Update: select * from Cliente WHERE  Cliente.id_cliente=2  ; select * from cliente_movimientos; select * from Pedido WHERE borrado = 0; select * from Factura WHERE borrado = 0; select * from Diseño WHERE borrado = 0
Save/Update: select * from EstadoPedido WHERE  EstadoPedido.estado_pedido=2  
Save/Update: select * from Usuario WHERE  Usuario.usuarioID=2  ; select * from JoinUsuarioToFamilia; select * from JoinPatenteToUsuario
Save/Update: select * from Familia JOIN JoinUsuarioToFamilia AS usuarios ON Familia.familiaID=usuarios.familiaID WHERE usuarios.usuarioID=2  ; select * from JoinFamiliaToPatente
Save/Update: select * from Patente JOIN JoinFamiliaToPatente AS familia ON Patente.patenteId=familia.patenteId WHERE familia.familiaID=2  
Save/Update: select * from Patente JOIN JoinPatenteToUsuario AS usuario ON Patente.patenteId=usuario.patenteId WHERE usuario.usuarioID=2  
Save/Update: select * from Cliente WHERE  Cliente.usuarioID=2  ; select * from cliente_movimientos; select * from Pedido WHERE borrado = 0; select * from Factura WHERE borrado = 0; select * from Diseño WHERE borrado = 0
Save/Update: select * from newsletter WHERE  newsletter.id=1  
Save/Update: select * from produccion WHERE  produccion.cod_produccion=7  ; select * from historico_estados_produccion WHERE borrado = 0
Save/Update: select * from Pedido WHERE  Pedido.cod_pedido=5  ; select * from produccion WHERE borrado = 0; select * from historico_estados_pedido WHERE borrado = 0
Save/Update: select * from Maquina WHERE  Maquina.cod_maquina=2  ; select * from JoinMaquinaToTipoPrenda
Save/Update: select * from Articulos WHERE  Articulos.cod_articulo=1  ; select * from lista_precios WHERE borrado = 0
Save/Update: select * from EstadoTrabajos WHERE  EstadoTrabajos.cod_estado=1  
Save/Update: select * from historico_estados_produccion WHERE  historico_estados_produccion.cod_produccion=7  
Save/Update: select * from produccion_operador WHERE  produccion_operador.cod_prodcuccion=7  
Save/Update: select * from newsletter WHERE  newsletter.id=2  
Save/Update: select * from Articulos WHERE  Articulos.cod_articulo=1  ; select * from lista_precios WHERE borrado = 0
Save/Update: select * from lista_precios WHERE  lista_precios.cod_articulo=1  
Save/Update: select * from TipoPrenda WHERE  TipoPrenda.tipo_prenda=1  
Save/Update: select * from Diseño WHERE  Diseño.cod_diseño=1  ; select * from historico_estados_diseño WHERE borrado = 0
Save/Update: select * from Pedido WHERE  Pedido.cod_pedido=5  ; select * from produccion WHERE borrado = 0; select * from historico_estados_pedido WHERE borrado = 0
Save/Update: select * from historico_estados_pedido WHERE  historico_estados_pedido.cod_pedido=5  
Save/Update: select * from tipoPedido WHERE  tipoPedido.tipo_pedido=2  
Save/Update: select * from produccion WHERE  produccion.cod_pedido=5  ; select * from historico_estados_produccion WHERE borrado = 0
Save/Update: select * from Cliente WHERE  Cliente.id_cliente=2  ; select * from cliente_movimientos; select * from Pedido WHERE borrado = 0; select * from Factura WHERE borrado = 0; select * from Diseño WHERE borrado = 0
Save/Update: select * from EstadoPedido WHERE  EstadoPedido.estado_pedido=2  
Save/Update: UPDATE Pedido SET comentario='comentario Modificado', id_cliente=2 , tipo_pedido=2 , estadoActual=3 , fechaInicio= CAST('13/12/2012 22:12:08.467'  AS DateTime), fechaFinal= CAST('10/10/2012 00:00:00.000'  AS DateTime), borrado=0  WHERE cod_pedido=5  ; UPDATE produccion SET borrado=1 WHERE cod_pedido=5  ; UPDATE historico_estados_pedido SET borrado=1 WHERE cod_pedido=5  ; 
Save/Update: UPDATE historico_estados_pedido SET comentario='', fechaDesde= CAST('13/12/2012 22:12:08.470'  AS DateTime), fechaHasta= CAST('10/10/2012 00:00:00.000'  AS DateTime), estado=2 , borrado=0  WHERE nro_estado=1  AND cod_pedido=5  ; 
Save/Update: SELECT  ISNULL(MAX(nro_estado + 1),1) from historico_estados_pedido WHERE cod_pedido=5
Save/Update: INSERT INTO historico_estados_pedido (nro_estado, comentario, cod_pedido, fechaDesde, fechaHasta, estado, borrado) VALUES (2 , 'com', 5 ,  CAST('13/12/2012 22:12:12.389'  AS DateTime),  NULL , 2 , 0 ); 
Save/Update: UPDATE produccion SET comentario='com1', cod_pedido=5 , cod_maquina=2 , cod_articulo=1 , cantidad=10 , estadoActual=1 , utilizacion=1, fechaInicio= CAST('13/12/2012 22:12:08.467'  AS DateTime), fechaFinal= CAST('10/10/2012 00:00:00.000'  AS DateTime), borrado=0  WHERE cod_produccion=7  ; UPDATE historico_estados_produccion SET borrado=1 WHERE cod_produccion=7  ; 
Save/Update: select * from Pedido WHERE  Pedido.cod_pedido=5  ; select * from produccion WHERE borrado = 0; select * from historico_estados_pedido WHERE borrado = 0
Save/Update: select * from historico_estados_pedido WHERE  historico_estados_pedido.cod_pedido=5  
Save/Update: select * from tipoPedido WHERE  tipoPedido.tipo_pedido=2  
Save/Update: select * from produccion WHERE  produccion.cod_pedido=5  ; select * from historico_estados_produccion WHERE borrado = 0
Save/Update: select * from Cliente WHERE  Cliente.id_cliente=2  ; select * from cliente_movimientos; select * from Pedido WHERE borrado = 0; select * from Factura WHERE borrado = 0; select * from Diseño WHERE borrado = 0
Save/Update: select * from EstadoPedido WHERE  EstadoPedido.estado_pedido=3  
Save/Update: DELETE historico_estados_pedido WHERE nro_estado=1  AND cod_pedido=5  
Save/Update: DELETE historico_estados_pedido WHERE nro_estado=2  AND cod_pedido=5  
Save/Update: DELETE produccion WHERE cod_produccion=7  
Save/Update: DELETE Pedido WHERE cod_pedido=5</StdOut>
      </Output>
    </UnitTestResult>
    <UnitTestResult executionId="d0f5b5c3-a9eb-40db-9246-d016cde11e28" testId="a835695f-f8af-58f4-71d0-57d24fa7d90f" testName="buscarOpinionPorCriterioTest" computerName="DIEGO-PC" duration="00:00:00.0024437" startTime="2012-12-13T22:12:12.4901323-03:00" endTime="2012-12-13T22:12:12.5031330-03:00" testType="13cdc9d9-ddb5-4fa4-a97d-d965ccfc6d4b" outcome="Passed" testListId="8c84fa94-04c1-424b-9868-57a2d4851a1d" relativeResultsDirectory="d0f5b5c3-a9eb-40db-9246-d016cde11e28">
      <Output>
        <StdOut>Save/Update: select * from opiniones WHERE  opiniones.id=1  AND  opiniones.nombre='nombre1' AND  opiniones.mail='mail1@test.com' AND  opiniones.opinion='opinion1'</StdOut>
      </Output>
    </UnitTestResult>
    <UnitTestResult executionId="3cb6aef9-dcf6-4dcd-a525-533c2173b159" testId="a85e6fd4-de45-4652-f9ef-c22afc1ca0bf" testName="actualizarTest" computerName="DIEGO-PC" duration="00:00:00.0093004" startTime="2012-12-13T22:12:12.5061332-03:00" endTime="2012-12-13T22:12:12.5251343-03:00" testType="13cdc9d9-ddb5-4fa4-a97d-d965ccfc6d4b" outcome="Passed" testListId="8c84fa94-04c1-424b-9868-57a2d4851a1d" relativeResultsDirectory="3cb6aef9-dcf6-4dcd-a525-533c2173b159">
      <Output>
        <StdOut>Save/Update: UPDATE Proveedor SET nombre='nombre1modificado', telefono='15-1111-1111', direccion='direccion 1 modificado' WHERE id_proveedor=1  ; 
Save/Update: select * from Proveedor WHERE  Proveedor.id_proveedor=1  
Save/Update: select * from OrdenDeCompra WHERE  OrdenDeCompra.id_proveedor=1  ; select * from documento_movimiento; select * from LineaOrdenDeCompra WHERE borrado = 0
Save/Update: delete OrdenDeCompra where nro_doc=5
Save/Update: delete documento where nro_doc=5
Save/Update: DELETE Proveedor WHERE id_proveedor=4  
Save/Update: UPDATE Proveedor SET nombre='nombre1', telefono='1111-1111', direccion='direccion 1' WHERE id_proveedor=1  ;</StdOut>
      </Output>
    </UnitTestResult>
    <UnitTestResult executionId="2dbedb1d-cf90-4832-99b0-0be191651f9f" testId="a8a939dd-3559-39c4-d3e6-695f82176ab4" testName="modificarHistoricoEstadosTest" computerName="DIEGO-PC" duration="00:00:00.0055156" startTime="2012-12-13T22:12:12.5301346-03:00" endTime="2012-12-13T22:12:12.5481356-03:00" testType="13cdc9d9-ddb5-4fa4-a97d-d965ccfc6d4b" outcome="Passed" testListId="8c84fa94-04c1-424b-9868-57a2d4851a1d" relativeResultsDirectory="2dbedb1d-cf90-4832-99b0-0be191651f9f">
      <Output>
        <StdOut>Save/Update: select * from historico_estados_pedido WHERE  historico_estados_pedido.nro_estado=1  AND  historico_estados_pedido.cod_pedido=1  
Save/Update: UPDATE historico_estados_pedido SET comentario='comentarioModificado', fechaDesde= CAST('11/09/2012 13:00:00.000'  AS DateTime), fechaHasta= CAST('11/09/2012 14:00:00.000'  AS DateTime), estado=1 , borrado=0  WHERE nro_estado=1  AND cod_pedido=1  ; 
Save/Update: select * from historico_estados_pedido WHERE  historico_estados_pedido.nro_estado=1  AND  historico_estados_pedido.cod_pedido=1  
Save/Update: UPDATE historico_estados_pedido SET comentario='comentario 11', fechaDesde= CAST('11/09/2012 13:00:00.000'  AS DateTime), fechaHasta= CAST('11/09/2012 14:00:00.000'  AS DateTime), estado=1 , borrado=0  WHERE nro_estado=1  AND cod_pedido=1  ;</StdOut>
      </Output>
    </UnitTestResult>
    <UnitTestResult executionId="aff5c4e9-8f29-47b8-9490-364f8eb5cc20" testId="a8b0ac8d-b3ff-6693-a29b-869418f5d04f" testName="cargarMaquinasTest" computerName="DIEGO-PC" duration="00:00:00.0034500" startTime="2012-12-13T22:12:12.5541360-03:00" endTime="2012-12-13T22:12:12.5651366-03:00" testType="13cdc9d9-ddb5-4fa4-a97d-d965ccfc6d4b" outcome="Passed" testListId="8c84fa94-04c1-424b-9868-57a2d4851a1d" relativeResultsDirectory="aff5c4e9-8f29-47b8-9490-364f8eb5cc20">
      <Output>
        <StdOut>Save/Update: select * from Maquina; select * from JoinMaquinaToTipoPrenda
Save/Update: DELETE JoinMaquinaToTipoPrenda where cod_maquina=4  ; ;DELETE Maquina WHERE cod_maquina=4</StdOut>
      </Output>
    </UnitTestResult>
    <UnitTestResult executionId="bf7513f8-bc38-4a19-88c3-8a1b7ae0f9f9" testId="a914285b-c2e0-dbc2-f99c-c0b34bf25408" testName="GrabarDiseñoTest" computerName="DIEGO-PC" duration="00:00:00.0141177" startTime="2012-12-13T22:12:12.5691368-03:00" endTime="2012-12-13T22:12:12.5941382-03:00" testType="13cdc9d9-ddb5-4fa4-a97d-d965ccfc6d4b" outcome="Passed" testListId="8c84fa94-04c1-424b-9868-57a2d4851a1d" relativeResultsDirectory="bf7513f8-bc38-4a19-88c3-8a1b7ae0f9f9">
      <Output>
        <StdOut>Save/Update: SELECT  ISNULL(MAX(cod_diseño + 1),1) from Diseño
Save/Update: INSERT INTO Diseño (cod_diseño, nombre, puntadas, alto, ancho, id_cliente, estadoActual, pathImagen, pathDetalle, pathArchivoEditable, pathArchivoFinal, borrado) VALUES (3 , 'diseño3', 3333 , 33 , 33 , 1 , 2 , '/cliente1/imagen/diseño1.jpg', '/cliente1/detalle/diseño1.jpg', '/cliente1/diseñoEditable/diseño1.jpg', '/cliente1/diseño/diseño1.jpg', 0 ); UPDATE historico_estados_diseño SET borrado=1 WHERE cod_diseño=3  ; 
Save/Update: INSERT INTO Diseño_insumos (cod_diseño, cod_insumo, cantidad) VALUES (3 , 1 , 3); 
Save/Update: select * from Diseño WHERE  Diseño.cod_diseño=3  ; select * from historico_estados_diseño WHERE borrado = 0
Save/Update: select * from Cliente WHERE  Cliente.id_cliente=1  ; select * from cliente_movimientos; select * from Pedido WHERE borrado = 0; select * from Factura WHERE borrado = 0; select * from Diseño WHERE borrado = 0
Save/Update: select * from Usuario WHERE  Usuario.usuarioID=1  ; select * from JoinUsuarioToFamilia; select * from JoinPatenteToUsuario
Save/Update: select * from Diseño_insumos WHERE  Diseño_insumos.cod_diseño=3  
Save/Update: select * from historico_estados_diseño WHERE  historico_estados_diseño.cod_diseño=3  
Save/Update: select * from EstadoDiseños WHERE  EstadoDiseños.estado=2  
Save/Update: DELETE FROM Diseño_insumos where cod_diseño=3
Save/Update: DELETE FROM historico_estados_diseño where cod_diseño=3
Save/Update: DELETE Diseño WHERE cod_diseño=3</StdOut>
      </Output>
    </UnitTestResult>
    <UnitTestResult executionId="170182ac-5836-4257-af87-3883d20576b2" testId="aa08efca-9836-e946-b0ea-6d46d0e78977" testName="grabarMovimientoTest" computerName="DIEGO-PC" duration="00:00:00.0074839" startTime="2012-12-13T22:12:12.5961384-03:00" endTime="2012-12-13T22:12:12.6111392-03:00" testType="13cdc9d9-ddb5-4fa4-a97d-d965ccfc6d4b" outcome="Passed" testListId="8c84fa94-04c1-424b-9868-57a2d4851a1d" relativeResultsDirectory="170182ac-5836-4257-af87-3883d20576b2">
      <Output>
        <StdOut>Save/Update: SELECT  ISNULL(MAX(nro_movimiento + 1),1) from MovimientosCuenta
Save/Update: INSERT INTO MovimientosCuenta (nro_movimiento, comentario, fecha, monto, cuentaID, tipoMovimientoID) VALUES (4 , 'com4',  CAST('13/12/2012 22:12:12.601'  AS DateTime), 33.3, 1 , 2 ); DELETE proveedor_movimientos where nro_movimiento=4  ;  INSERT INTO proveedor_movimientos ( nro_movimiento, id_proveedor) VALUES ( 4 , 3 ); DELETE documento_movimiento where nro_movimiento=4  ; 
Save/Update: select * from MovimientosCuenta JOIN proveedor_movimientos AS proveedor ON MovimientosCuenta.nro_movimiento=proveedor.nro_movimiento WHERE  MovimientosCuenta.nro_movimiento=4  AND proveedor.id_proveedor IS NOT  NULL ; select * from proveedor_movimientos; select * from documento_movimiento
Save/Update: select * from Proveedor WHERE  Proveedor.id_proveedor=3  
Save/Update: select * from OrdenDeCompra WHERE  OrdenDeCompra.id_proveedor=3  ; select * from documento_movimiento; select * from LineaOrdenDeCompra WHERE borrado = 0
Save/Update: select * from tipoMovimiento WHERE  tipoMovimiento.tipoMovimientoID=2  
Save/Update: select * from Cuenta WHERE  Cuenta.cuentaID=1  
Save/Update: DELETE proveedor_movimientos where nro_movimiento=4  ; DELETE documento_movimiento where nro_movimiento=4  ; ;DELETE MovimientosCuenta WHERE nro_movimiento=4</StdOut>
      </Output>
    </UnitTestResult>
    <UnitTestResult executionId="541a0896-43e1-46f0-ae37-3ac803154fa5" testId="aa3d2f13-ce91-e85a-b860-661244f697ca" testName="listarMovimientosPorProveedorTest" computerName="DIEGO-PC" duration="00:00:00.0058748" startTime="2012-12-13T22:12:12.6161395-03:00" endTime="2012-12-13T22:12:12.6301403-03:00" testType="13cdc9d9-ddb5-4fa4-a97d-d965ccfc6d4b" outcome="Passed" testListId="8c84fa94-04c1-424b-9868-57a2d4851a1d" relativeResultsDirectory="541a0896-43e1-46f0-ae37-3ac803154fa5">
      <Output>
        <StdOut>Save/Update: select * from MovimientosCuenta JOIN proveedor_movimientos AS proveedor ON MovimientosCuenta.nro_movimiento=proveedor.nro_movimiento WHERE proveedor.id_proveedor IS NOT  NULL ; select * from proveedor_movimientos; select * from documento_movimiento
Save/Update: select * from Proveedor WHERE  Proveedor.id_proveedor=1  
Save/Update: select * from OrdenDeCompra WHERE  OrdenDeCompra.id_proveedor=1  ; select * from documento_movimiento; select * from LineaOrdenDeCompra WHERE borrado = 0
Save/Update: select * from OrdenDeCompra WHERE  OrdenDeCompra.nro_Doc=3  ; select * from documento_movimiento; select * from LineaOrdenDeCompra WHERE borrado = 0
Save/Update: select * from tipoMovimiento WHERE  tipoMovimiento.tipoMovimientoID=1  
Save/Update: select * from Cuenta WHERE  Cuenta.cuentaID=1  
Save/Update: DELETE proveedor_movimientos where nro_movimiento=4  ; DELETE documento_movimiento where nro_movimiento=4  ; ;DELETE MovimientosCuenta WHERE nro_movimiento=4</StdOut>
      </Output>
    </UnitTestResult>
    <UnitTestResult executionId="45cbfbd3-859d-4c47-92f5-85722ccdcce3" testId="aa89e54f-b120-5f04-a49b-eb1a63d779df" testName="buscarPedidoPorCodigoTest" computerName="DIEGO-PC" duration="00:00:00.0077130" startTime="2012-12-13T22:12:12.6331405-03:00" endTime="2012-12-13T22:12:12.6471413-03:00" testType="13cdc9d9-ddb5-4fa4-a97d-d965ccfc6d4b" outcome="Passed" testListId="8c84fa94-04c1-424b-9868-57a2d4851a1d" relativeResultsDirectory="45cbfbd3-859d-4c47-92f5-85722ccdcce3">
      <Output>
        <StdOut>Save/Update: select * from Pedido WHERE  Pedido.cod_pedido=1  ; select * from produccion WHERE borrado = 0; select * from historico_estados_pedido WHERE borrado = 0
Save/Update: select * from historico_estados_pedido WHERE  historico_estados_pedido.cod_pedido=1  
Save/Update: select * from tipoPedido WHERE  tipoPedido.tipo_pedido=1  
Save/Update: select * from produccion WHERE  produccion.cod_pedido=1  ; select * from historico_estados_produccion WHERE borrado = 0
Save/Update: select * from Cliente WHERE  Cliente.id_cliente=1  ; select * from cliente_movimientos; select * from Pedido WHERE borrado = 0; select * from Factura WHERE borrado = 0; select * from Diseño WHERE borrado = 0
Save/Update: select * from EstadoPedido WHERE  EstadoPedido.estado_pedido=3  
Save/Update: DELETE historico_estados_pedido WHERE nro_estado=1  AND cod_pedido=5  
Save/Update: DELETE historico_estados_pedido WHERE nro_estado=2  AND cod_pedido=5  
Save/Update: DELETE produccion WHERE cod_produccion=7  
Save/Update: DELETE Pedido WHERE cod_pedido=5</StdOut>
      </Output>
    </UnitTestResult>
    <UnitTestResult executionId="ff3b7e0f-1150-4f47-ad1d-771400c015cc" testId="aad710b2-cbba-4fa8-20b9-0a83a5267460" testName="grabarNewsletterTest" computerName="DIEGO-PC" duration="00:00:00.0040220" startTime="2012-12-13T22:12:12.6501415-03:00" endTime="2012-12-13T22:12:12.6601420-03:00" testType="13cdc9d9-ddb5-4fa4-a97d-d965ccfc6d4b" outcome="Passed" testListId="8c84fa94-04c1-424b-9868-57a2d4851a1d" relativeResultsDirectory="ff3b7e0f-1150-4f47-ad1d-771400c015cc">
      <Output>
        <StdOut>Save/Update: SELECT  ISNULL(MAX(id + 1),1) from newsletter
Save/Update: INSERT INTO newsletter (id, newsletter, nombre, enviado) VALUES (3 , 'html', 'news3', 0 ); 
Save/Update: select * from newsletter
Save/Update: DELETE newsletter WHERE id=3</StdOut>
      </Output>
    </UnitTestResult>
    <UnitTestResult executionId="1b2cda3c-aa68-4217-b532-99dcf4a38542" testId="ab0fe80a-1fd5-fb8a-e7d4-5b5fcdcec2eb" testName="borrarTest" computerName="DIEGO-PC" duration="00:00:00.0146236" startTime="2012-12-13T22:12:12.6631422-03:00" endTime="2012-12-13T22:12:12.6841434-03:00" testType="13cdc9d9-ddb5-4fa4-a97d-d965ccfc6d4b" outcome="Passed" testListId="8c84fa94-04c1-424b-9868-57a2d4851a1d" relativeResultsDirectory="1b2cda3c-aa68-4217-b532-99dcf4a38542">
      <Output>
        <StdOut>Save/Update: SELECT  ISNULL(MAX(id_conversacion + 1),1) from Conversacion
Save/Update: INSERT INTO Conversacion (id_conversacion, remitente, destinatario) VALUES (3 , 2 , 3 ); UPDATE mensaje SET borrado=1 WHERE id_conversacion=3  ; 
Save/Update: SELECT  ISNULL(MAX(id + 1),1) from Mensaje
Save/Update: INSERT INTO Mensaje (id, tipoMensaje, fecha, mensaje, leido, borrado, id_conversacion) VALUES (5 , 0 ,  CAST('13/12/2012 22:12:12.668'  AS DateTime), 'test msj grabarMensajeTest', 0 , 0 , 3 ); 
Save/Update: SELECT  ISNULL(MAX(id + 1),1) from Mensaje
Save/Update: INSERT INTO Mensaje (id, tipoMensaje, fecha, mensaje, leido, borrado, id_conversacion) VALUES (6 , 1 ,  CAST('13/12/2012 22:12:12.668'  AS DateTime), 'test msj grabarMensajeTest', 0 , 0 , 3 ); 
Save/Update: select * from Conversacion WHERE  Conversacion.remitente=3  ; select * from mensaje WHERE borrado = 0
Save/Update: select * from Conversacion WHERE  Conversacion.destinatario=3  ; select * from mensaje WHERE borrado = 0
Save/Update: select * from Usuario WHERE  Usuario.usuarioID=2  ; select * from JoinUsuarioToFamilia; select * from JoinPatenteToUsuario
Save/Update: select * from Usuario WHERE  Usuario.usuarioID=3  ; select * from JoinUsuarioToFamilia; select * from JoinPatenteToUsuario
Save/Update: select * from Mensaje WHERE  Mensaje.id_conversacion=3  
Save/Update: DELETE Mensaje WHERE id=5  
Save/Update: DELETE Mensaje WHERE id=6  
Save/Update: DELETE Conversacion WHERE id_conversacion=3  
Save/Update: select * from Conversacion WHERE  Conversacion.remitente=3  ; select * from mensaje WHERE borrado = 0
Save/Update: select * from Conversacion WHERE  Conversacion.destinatario=3  ; select * from mensaje WHERE borrado = 0
Save/Update: select * from Mensaje</StdOut>
      </Output>
    </UnitTestResult>
    <UnitTestResult executionId="36f9dbb8-c5a4-450d-9278-bcf4bcb6ac5a" testId="ab4f6c28-3581-ba0b-4648-93d882bc1ba4" testName="borrarDiseñosTest" computerName="DIEGO-PC" duration="00:00:00.0065120" startTime="2012-12-13T22:12:12.6891437-03:00" endTime="2012-12-13T22:12:12.7051446-03:00" testType="13cdc9d9-ddb5-4fa4-a97d-d965ccfc6d4b" outcome="Passed" testListId="8c84fa94-04c1-424b-9868-57a2d4851a1d" relativeResultsDirectory="36f9dbb8-c5a4-450d-9278-bcf4bcb6ac5a">
      <Output>
        <StdOut>Save/Update: SELECT  ISNULL(MAX(cod_diseño + 1),1) from Diseño
Save/Update: INSERT INTO Diseño (cod_diseño, nombre, puntadas, alto, ancho, id_cliente, estadoActual, pathImagen, pathDetalle, pathArchivoEditable, pathArchivoFinal, borrado) VALUES (3 , 'diseño3', 3333 , 33 , 33 , 1 , 1 , '/cliente1/imagen/diseño1.jpg', '/cliente1/detalle/diseño1.jpg', '/cliente1/diseñoEditable/diseño1.jpg', '/cliente1/diseño/diseño1.jpg', 0 ); UPDATE historico_estados_diseño SET borrado=1 WHERE cod_diseño=3  ; 
Save/Update: select * from Diseño WHERE  Diseño.id_cliente=1  ; select * from historico_estados_diseño WHERE borrado = 0
Save/Update: DELETE Diseño WHERE cod_diseño=3  
Save/Update: select * from Diseño WHERE  Diseño.id_cliente=1  ; select * from historico_estados_diseño WHERE borrado = 0</StdOut>
      </Output>
    </UnitTestResult>
    <UnitTestResult executionId="5d73e439-edf4-40b4-abef-1e277fce7fe5" testId="ac4b28af-d8f4-b156-672f-168bba2db6f5" testName="grabarTest" computerName="DIEGO-PC" duration="00:00:00.0139950" startTime="2012-12-13T22:12:12.7071447-03:00" endTime="2012-12-13T22:12:12.7271459-03:00" testType="13cdc9d9-ddb5-4fa4-a97d-d965ccfc6d4b" outcome="Passed" testListId="8c84fa94-04c1-424b-9868-57a2d4851a1d" relativeResultsDirectory="5d73e439-edf4-40b4-abef-1e277fce7fe5">
      <Output>
        <StdOut>Save/Update: SELECT  ISNULL(MAX(id_conversacion + 1),1) from Conversacion
Save/Update: INSERT INTO Conversacion (id_conversacion, remitente, destinatario) VALUES (3 , 2 , 3 ); UPDATE mensaje SET borrado=1 WHERE id_conversacion=3  ; 
Save/Update: SELECT  ISNULL(MAX(id + 1),1) from Mensaje
Save/Update: INSERT INTO Mensaje (id, tipoMensaje, fecha, mensaje, leido, borrado, id_conversacion) VALUES (5 , 0 ,  CAST('13/12/2012 22:12:12.712'  AS DateTime), 'test msj grabarMensajeTest', 0 , 0 , 3 ); 
Save/Update: SELECT  ISNULL(MAX(id + 1),1) from Mensaje
Save/Update: INSERT INTO Mensaje (id, tipoMensaje, fecha, mensaje, leido, borrado, id_conversacion) VALUES (6 , 1 ,  CAST('13/12/2012 22:12:12.712'  AS DateTime), 'test msj grabarMensajeTest', 0 , 0 , 3 ); 
Save/Update: select * from Conversacion WHERE  Conversacion.remitente=3  ; select * from mensaje WHERE borrado = 0
Save/Update: select * from Conversacion WHERE  Conversacion.destinatario=3  ; select * from mensaje WHERE borrado = 0
Save/Update: select * from Usuario WHERE  Usuario.usuarioID=2  ; select * from JoinUsuarioToFamilia; select * from JoinPatenteToUsuario
Save/Update: select * from Usuario WHERE  Usuario.usuarioID=3  ; select * from JoinUsuarioToFamilia; select * from JoinPatenteToUsuario
Save/Update: select * from Mensaje WHERE  Mensaje.id_conversacion=3  
Save/Update: DELETE Mensaje WHERE id=5  
Save/Update: DELETE Mensaje WHERE id=6  
Save/Update: DELETE Conversacion WHERE id_conversacion=3</StdOut>
      </Output>
    </UnitTestResult>
    <UnitTestResult executionId="4396b6f8-a1fc-4093-9543-eff55f803d81" testId="acceeb2f-d3a0-c7eb-0a8a-89ba3e60aa95" testName="cargarPatentesTest" computerName="DIEGO-PC" duration="00:00:00.0020588" startTime="2012-12-13T22:12:12.7291460-03:00" endTime="2012-12-13T22:12:12.7381465-03:00" testType="13cdc9d9-ddb5-4fa4-a97d-d965ccfc6d4b" outcome="Passed" testListId="8c84fa94-04c1-424b-9868-57a2d4851a1d" relativeResultsDirectory="4396b6f8-a1fc-4093-9543-eff55f803d81">
      <Output>
        <StdOut>Save/Update: select * from Patente</StdOut>
      </Output>
    </UnitTestResult>
    <UnitTestResult executionId="e60caa10-afff-41fd-a970-53cf4f4b0793" testId="ad52b45c-d7bf-7d90-509a-9d90fabbb4cb" testName="buscarUsuarioNewsletterTest" computerName="DIEGO-PC" duration="00:00:00.0405304" startTime="2012-12-13T22:12:12.7411467-03:00" endTime="2012-12-13T22:12:12.7881493-03:00" testType="13cdc9d9-ddb5-4fa4-a97d-d965ccfc6d4b" outcome="Passed" testListId="8c84fa94-04c1-424b-9868-57a2d4851a1d" relativeResultsDirectory="e60caa10-afff-41fd-a970-53cf4f4b0793">
      <Output>
        <StdOut>Save/Update: select * from Cliente WHERE  Cliente.id_cliente=1  ; select * from cliente_movimientos; select * from Pedido WHERE borrado = 0; select * from Factura WHERE borrado = 0; select * from Diseño WHERE borrado = 0
Save/Update: select * from Usuario WHERE  Usuario.usuarioID=1  ; select * from JoinUsuarioToFamilia; select * from JoinPatenteToUsuario
Save/Update: select * from Familia JOIN JoinUsuarioToFamilia AS usuarios ON Familia.familiaID=usuarios.familiaID WHERE usuarios.usuarioID=1  ; select * from JoinFamiliaToPatente
Save/Update: select * from Patente JOIN JoinPatenteToUsuario AS usuario ON Patente.patenteId=usuario.patenteId WHERE usuario.usuarioID=1  
Save/Update: select * from Cliente WHERE  Cliente.usuarioID=1  ; select * from cliente_movimientos; select * from Pedido WHERE borrado = 0; select * from Factura WHERE borrado = 0; select * from Diseño WHERE borrado = 0
Save/Update: select * from Diseño WHERE  Diseño.id_cliente=1  ; select * from historico_estados_diseño WHERE borrado = 0
Save/Update: select * from Factura WHERE  Factura.id_cliente=1  ; select * from documento_movimiento; select * from LineaFactura WHERE borrado = 0
Save/Update: select * from Pedido WHERE  Pedido.id_cliente=1  ; select * from produccion WHERE borrado = 0; select * from historico_estados_pedido WHERE borrado = 0
Save/Update: select * from MovimientosCuenta JOIN cliente_movimientos AS cliente ON MovimientosCuenta.nro_movimiento=cliente.nro_movimiento WHERE cliente.id_cliente=1  AND cliente.id_cliente IS NOT  NULL ; select * from cliente_movimientos; select * from documento_movimiento
Save/Update: UPDATE Usuario SET nombre='nombre6', apellido='apellido6', mail='mail6@test.com', password='559D55197310', telefonoFijo='6666-6666', telefonoMovil='6666-6666', bloqueado=0  WHERE usuarioID=1  ; DELETE JoinUsuarioToFamilia where usuarioID=1  ;  INSERT INTO JoinUsuarioToFamilia ( usuarioID, familiaID) VALUES ( 1 , 5 ); DELETE JoinPatenteToUsuario where usuarioID=1  ;  INSERT INTO JoinPatenteToUsuario ( usuarioID, patenteId) VALUES ( 1 , 3 ); 
Save/Update: UPDATE Cliente SET habitadoTurnos=0 , newsletter=1  WHERE id_cliente=1  ; UPDATE Pedido SET borrado=1 WHERE id_cliente=1  ; UPDATE Factura SET borrado=1 WHERE id_cliente=1  ; UPDATE Diseño SET borrado=1 WHERE id_cliente=1  ; 
Save/Update: select * from Cliente WHERE  Cliente.newsletter=1  ; select * from cliente_movimientos; select * from Pedido WHERE borrado = 0; select * from Factura WHERE borrado = 0; select * from Diseño WHERE borrado = 0
Save/Update: select * from Usuario WHERE  Usuario.usuarioID=1  ; select * from JoinUsuarioToFamilia; select * from JoinPatenteToUsuario
Save/Update: select * from Familia JOIN JoinUsuarioToFamilia AS usuarios ON Familia.familiaID=usuarios.familiaID WHERE usuarios.usuarioID=1  ; select * from JoinFamiliaToPatente
Save/Update: select * from Patente JOIN JoinFamiliaToPatente AS familia ON Patente.patenteId=familia.patenteId WHERE familia.familiaID=5  
Save/Update: select * from Patente JOIN JoinPatenteToUsuario AS usuario ON Patente.patenteId=usuario.patenteId WHERE usuario.usuarioID=1  
Save/Update: select * from Cliente WHERE  Cliente.usuarioID=1  ; select * from cliente_movimientos; select * from Pedido WHERE borrado = 0; select * from Factura WHERE borrado = 0; select * from Diseño WHERE borrado = 0
Save/Update: select * from Diseño WHERE  Diseño.id_cliente=1  ; select * from historico_estados_diseño WHERE borrado = 0
Save/Update: select * from Factura WHERE  Factura.id_cliente=1  ; select * from documento_movimiento; select * from LineaFactura WHERE borrado = 0
Save/Update: select * from Pedido WHERE  Pedido.id_cliente=1  ; select * from produccion WHERE borrado = 0; select * from historico_estados_pedido WHERE borrado = 0
Save/Update: select * from MovimientosCuenta JOIN cliente_movimientos AS cliente ON MovimientosCuenta.nro_movimiento=cliente.nro_movimiento WHERE cliente.id_cliente=1  AND cliente.id_cliente IS NOT  NULL ; select * from cliente_movimientos; select * from documento_movimiento
Save/Update: UPDATE Usuario SET nombre='nombre1', apellido='apellido1', mail='mail1@test.com', password='14CD6517', telefonoFijo='1111-1111', telefonoMovil='1111-1111', bloqueado=0  WHERE usuarioID=1  ; DELETE JoinUsuarioToFamilia where usuarioID=1  ; DELETE JoinPatenteToUsuario where usuarioID=1  ;  INSERT INTO JoinPatenteToUsuario ( usuarioID, patenteId) VALUES ( 1 , 1 ); 
Save/Update: UPDATE Cliente SET habitadoTurnos=1 , newsletter=0  WHERE id_cliente=1  ; UPDATE Pedido SET borrado=1 WHERE id_cliente=1  ; UPDATE Factura SET borrado=1 WHERE id_cliente=1  ; UPDATE Diseño SET borrado=1 WHERE id_cliente=1  ; 
Save/Update:  UPDATE factura set borrado = 0 
Save/Update:  UPDATE diseño set borrado = 0 
Save/Update:  UPDATE pedido set borrado = 0 
Save/Update: UPDATE Usuario SET nombre='nombre1', apellido='apellido1', mail='mail1@test.com', password='11C8', telefonoFijo='1111-1111', telefonoMovil='1111-1111', bloqueado=0  WHERE usuarioID=1  ; DELETE JoinUsuarioToFamilia where usuarioID=1  ; DELETE JoinPatenteToUsuario where usuarioID=1  ; 
Save/Update: UPDATE Cliente SET habitadoTurnos=1 , newsletter=0  WHERE id_cliente=1  ; UPDATE Pedido SET borrado=1 WHERE id_cliente=1  ; UPDATE Factura SET borrado=1 WHERE id_cliente=1  ; UPDATE Diseño SET borrado=1 WHERE id_cliente=1  ; 
Save/Update:  UPDATE factura set borrado = 0 
Save/Update:  UPDATE diseño set borrado = 0 
Save/Update:  UPDATE pedido set borrado = 0 
Save/Update:  Insert into JoinPatenteToUsuario values (1,1)</StdOut>
      </Output>
    </UnitTestResult>
    <UnitTestResult executionId="c9fc55a3-8d3d-4043-a747-44e59e1acdde" testId="adc4b822-2dd8-fb80-0aec-e1f18a81e266" testName="grabarOrdenDeCompraTest" computerName="DIEGO-PC" duration="00:00:00.0158378" startTime="2012-12-13T22:12:12.7921496-03:00" endTime="2012-12-13T22:12:12.8131508-03:00" testType="13cdc9d9-ddb5-4fa4-a97d-d965ccfc6d4b" outcome="Passed" testListId="8c84fa94-04c1-424b-9868-57a2d4851a1d" relativeResultsDirectory="c9fc55a3-8d3d-4043-a747-44e59e1acdde">
      <Output>
        <StdOut>Save/Update: SELECT  ISNULL(MAX(nro_Doc + 1),1) from documento
Save/Update: INSERT INTO documento VALUES (5)
Save/Update: SELECT  ISNULL(MAX(nro_orden_compra + 1),1) from OrdenDeCompra WHERE nro_sucursal=1 AND tipo_orden_compra='A'
Save/Update: INSERT INTO OrdenDeCompra (nro_Doc, iva, fecha, borrado, nro_orden_compra, nro_sucursal, tipo_orden_compra, id_proveedor, monto) VALUES (5 , 1.1,  CAST('13/10/2012 21:44:12.000'  AS DateTime), 0 , 2 , 1 , 'A', 2 , 100); UPDATE LineaOrdenDeCompra SET borrado=1 WHERE nro_orden_compra=2  AND nro_sucursal=1  AND tipo_orden_compra='A' ; 
Save/Update: SELECT  ISNULL(MAX(nro_linea + 1),1) from LineaOrdenDeCompra WHERE nro_orden_compra=2 AND nro_sucursal=1 AND tipo_orden_compra='A'
Save/Update: INSERT INTO LineaOrdenDeCompra (nro_orden_compra, nro_sucursal, tipo_orden_compra, nro_linea, cod_producto, cantidad, precio, borrado) VALUES (2 , 1 , 'A', 1 , 2 , 10 , 50, 0 ); 
Save/Update: SELECT  ISNULL(MAX(nro_movimiento + 1),1) from MovimientosCuenta
Save/Update: INSERT INTO MovimientosCuenta (nro_movimiento, comentario, fecha, monto, cuentaID, tipoMovimientoID) VALUES (4 , 'com test',  CAST('13/10/2012 21:44:12.000'  AS DateTime), 100, 1 , 1 ); DELETE proveedor_movimientos where nro_movimiento=4  ;  INSERT INTO proveedor_movimientos ( nro_movimiento, id_proveedor) VALUES ( 4 , 2 ); DELETE documento_movimiento where nro_movimiento=4  ;  INSERT INTO documento_movimiento ( nro_movimiento, nro_Doc) VALUES ( 4 , 5 ); 
Save/Update: select * from OrdenDeCompra WHERE  OrdenDeCompra.nro_orden_compra=2  AND  OrdenDeCompra.nro_sucursal=1  AND  OrdenDeCompra.tipo_orden_compra='A' ; select * from documento_movimiento; select * from LineaOrdenDeCompra WHERE borrado = 0
Save/Update: select * from LineaOrdenDeCompra WHERE  LineaOrdenDeCompra.nro_orden_compra=2  AND  LineaOrdenDeCompra.tipo_orden_compra='A' AND  LineaOrdenDeCompra.nro_sucursal=1  
Save/Update: select * from insumo WHERE  insumo.cod_insumo=2  
Save/Update: select * from Proveedor WHERE  Proveedor.id_proveedor=2  
Save/Update: select * from MovimientosCuenta JOIN documento_movimiento AS documento ON MovimientosCuenta.nro_movimiento=documento.nro_movimiento JOIN proveedor_movimientos AS proveedor ON MovimientosCuenta.nro_movimiento=proveedor.nro_movimiento WHERE documento.nro_Doc=5  AND proveedor.id_proveedor IS NOT  NULL ; select * from proveedor_movimientos; select * from documento_movimiento
Save/Update: DELETE LineaOrdenDeCompra WHERE nro_orden_compra=2  AND nro_sucursal=1  AND tipo_orden_compra='A' AND nro_linea=1  
Save/Update: DELETE LineaOrdenDeCompra WHERE nro_orden_compra=2  AND nro_sucursal=1  AND tipo_orden_compra='A' AND nro_linea=2  
Save/Update: DELETE proveedor_movimientos where nro_movimiento=4  ; DELETE documento_movimiento where nro_movimiento=4  ; ;DELETE MovimientosCuenta WHERE nro_movimiento=4  
Save/Update: DELETE FROM OrdenDeCompra WHERE nro_Doc =5
Save/Update: delete documento where nro_doc=5</StdOut>
      </Output>
    </UnitTestResult>
    <UnitTestResult executionId="3e840405-88da-4a30-8e42-72ecf59366f6" testId="aeb09f8f-b144-d846-cb07-87151db0c5db" testName="cargarMovimientosConRestriccionesTest" computerName="DIEGO-PC" duration="00:00:00.0084748" startTime="2012-12-13T22:12:12.8151509-03:00" endTime="2012-12-13T22:12:12.8301517-03:00" testType="13cdc9d9-ddb5-4fa4-a97d-d965ccfc6d4b" outcome="Passed" testListId="8c84fa94-04c1-424b-9868-57a2d4851a1d" relativeResultsDirectory="3e840405-88da-4a30-8e42-72ecf59366f6">
      <Output>
        <StdOut>Save/Update: select * from MovimientosStock WHERE  MovimientosStock.fecha= CAST('10/10/2012 00:00:00.000'  AS DateTime) AND  MovimientosStock.cod_insumo=1  AND  MovimientosStock.cantidad=10 AND  MovimientosStock.nro_movimiento=1  
Save/Update: DELETE MovimientosStock WHERE nro_movimiento=3  AND cod_insumo=1</StdOut>
      </Output>
    </UnitTestResult>
    <UnitTestResult executionId="08f1252f-f183-4a27-ae3e-0bf619060a26" testId="aee8bdae-93b9-94cd-dc66-4af8f0d1e925" testName="actualizarDiseñosTest" computerName="DIEGO-PC" duration="00:00:00.0063440" startTime="2012-12-13T22:12:12.8341520-03:00" endTime="2012-12-13T22:12:12.8451526-03:00" testType="13cdc9d9-ddb5-4fa4-a97d-d965ccfc6d4b" outcome="Passed" testListId="8c84fa94-04c1-424b-9868-57a2d4851a1d" relativeResultsDirectory="08f1252f-f183-4a27-ae3e-0bf619060a26">
      <Output>
        <StdOut>Save/Update: SELECT  ISNULL(MAX(cod_diseño + 1),1) from Diseño
Save/Update: INSERT INTO Diseño (cod_diseño, nombre, puntadas, alto, ancho, id_cliente, estadoActual, pathImagen, pathDetalle, pathArchivoEditable, pathArchivoFinal, borrado) VALUES (3 , 'diseño3', 3333 , 33 , 33 , 1 , 1 , '/cliente1/imagen/diseño1.jpg', '/cliente1/detalle/diseño1.jpg', '/cliente1/diseñoEditable/diseño1.jpg', '/cliente1/diseño/diseño1.jpg', 0 ); UPDATE historico_estados_diseño SET borrado=1 WHERE cod_diseño=3  ; 
Save/Update: select * from Diseño WHERE  Diseño.cod_diseño=3  ; select * from historico_estados_diseño WHERE borrado = 0
Save/Update: UPDATE Diseño SET nombre='diseño33', puntadas=33333 , alto=333 , ancho=333 , id_cliente=2 , estadoActual=1 , pathImagen='/cliente1/imagen/diseño3.jpg', pathDetalle='/cliente1/detalle/diseño3.jpg', pathArchivoEditable='/cliente1/diseñoEditable/diseño3.jpg', pathArchivoFinal='/cliente1/diseño/diseño3.jpg', borrado=0  WHERE cod_diseño=3  ; UPDATE historico_estados_diseño SET borrado=1 WHERE cod_diseño=3  ; 
Save/Update: select * from Diseño WHERE  Diseño.cod_diseño=3  ; select * from historico_estados_diseño WHERE borrado = 0
Save/Update: DELETE Diseño WHERE cod_diseño=3</StdOut>
      </Output>
    </UnitTestResult>
    <UnitTestResult executionId="6f588843-d814-471e-b3d9-8af9fc446e2b" testId="af2a5dd3-889c-239a-49ba-4559ade59815" testName="cargarUsuarioConRestriccionesTest" computerName="DIEGO-PC" duration="00:00:00.0133053" startTime="2012-12-13T22:12:12.8481528-03:00" endTime="2012-12-13T22:12:12.8681539-03:00" testType="13cdc9d9-ddb5-4fa4-a97d-d965ccfc6d4b" outcome="Passed" testListId="8c84fa94-04c1-424b-9868-57a2d4851a1d" relativeResultsDirectory="6f588843-d814-471e-b3d9-8af9fc446e2b">
      <Output>
        <StdOut>Save/Update: select * from Usuario WHERE  Usuario.nombre LIKE '%bre3%'AND  Usuario.apellido LIKE '%ap%'AND  Usuario.mail LIKE '%@test%'AND  Usuario.telefonoFijo LIKE '%3-3%'AND  Usuario.telefonoMovil LIKE '%3-3%'; select * from JoinUsuarioToFamilia; select * from JoinPatenteToUsuario
Save/Update: select * from Familia JOIN JoinUsuarioToFamilia AS usuarios ON Familia.familiaID=usuarios.familiaID WHERE usuarios.usuarioID=3  ; select * from JoinFamiliaToPatente
Save/Update: select * from Patente JOIN JoinFamiliaToPatente AS familia ON Patente.patenteId=familia.patenteId WHERE familia.familiaID=6  
Save/Update: select * from Patente JOIN JoinPatenteToUsuario AS usuario ON Patente.patenteId=usuario.patenteId WHERE usuario.usuarioID=3  
Save/Update: select * from Cliente WHERE  Cliente.usuarioID=3  ; select * from cliente_movimientos; select * from Pedido WHERE borrado = 0; select * from Factura WHERE borrado = 0; select * from Diseño WHERE borrado = 0
Save/Update: UPDATE Usuario SET nombre='nombre1', apellido='apellido1', mail='mail1@test.com', password='11C8', telefonoFijo='1111-1111', telefonoMovil='1111-1111', bloqueado=0  WHERE usuarioID=1  ; DELETE JoinUsuarioToFamilia where usuarioID=1  ; DELETE JoinPatenteToUsuario where usuarioID=1  ; 
Save/Update: UPDATE Cliente SET habitadoTurnos=1 , newsletter=0  WHERE id_cliente=1  ; UPDATE Pedido SET borrado=1 WHERE id_cliente=1  ; UPDATE Factura SET borrado=1 WHERE id_cliente=1  ; UPDATE Diseño SET borrado=1 WHERE id_cliente=1  ; 
Save/Update:  UPDATE factura set borrado = 0 
Save/Update:  UPDATE diseño set borrado = 0 
Save/Update:  UPDATE pedido set borrado = 0 
Save/Update:  Insert into JoinPatenteToUsuario values (1,1)</StdOut>
      </Output>
    </UnitTestResult>
    <UnitTestResult executionId="a4ce7082-110c-4314-b1f0-18113eb18ff3" testId="afb70fb3-f16b-16ef-9272-e650b4c370ff" testName="listarFacturasPorIdTest" computerName="DIEGO-PC" duration="00:00:00.0108669" startTime="2012-12-13T22:12:12.8691540-03:00" endTime="2012-12-13T22:12:12.8881551-03:00" testType="13cdc9d9-ddb5-4fa4-a97d-d965ccfc6d4b" outcome="Passed" testListId="8c84fa94-04c1-424b-9868-57a2d4851a1d" relativeResultsDirectory="a4ce7082-110c-4314-b1f0-18113eb18ff3">
      <Output>
        <StdOut>Save/Update: select * from Factura WHERE  Factura.nro_factura=1  AND  Factura.nro_sucursal=1  AND  Factura.tipo_factura='A' ; select * from documento_movimiento; select * from LineaFactura WHERE borrado = 0
Save/Update: select * from LineaFactura WHERE  LineaFactura.nro_factura=1  AND  LineaFactura.tipo_factura='A' AND  LineaFactura.nro_sucursal=1  
Save/Update: select * from Articulos WHERE  Articulos.cod_articulo=1  ; select * from lista_precios WHERE borrado = 0
Save/Update: select * from Articulos WHERE  Articulos.cod_articulo=2  ; select * from lista_precios WHERE borrado = 0
Save/Update: select * from Cliente WHERE  Cliente.id_cliente=1  ; select * from cliente_movimientos; select * from Pedido WHERE borrado = 0; select * from Factura WHERE borrado = 0; select * from Diseño WHERE borrado = 0
Save/Update: select * from Usuario WHERE  Usuario.usuarioID=1  ; select * from JoinUsuarioToFamilia; select * from JoinPatenteToUsuario
Save/Update: select * from MovimientosCuenta JOIN documento_movimiento AS documento ON MovimientosCuenta.nro_movimiento=documento.nro_movimiento JOIN cliente_movimientos AS cliente ON MovimientosCuenta.nro_movimiento=cliente.nro_movimiento WHERE documento.nro_Doc=1  AND cliente.id_cliente IS NOT  NULL ; select * from cliente_movimientos; select * from documento_movimiento
Save/Update: DELETE LineaFactura WHERE nro_factura=2  AND nro_sucursal=1  AND tipo_factura='A' AND nro_linea=1  
Save/Update: DELETE LineaFactura WHERE nro_factura=2  AND nro_sucursal=1  AND tipo_factura='A' AND nro_linea=2  
Save/Update: DELETE cliente_movimientos where nro_movimiento=4  ; DELETE documento_movimiento where nro_movimiento=4  ; ;DELETE MovimientosCuenta WHERE nro_movimiento=4  
Save/Update: DELETE FROM Factura WHERE nro_Doc =5
Save/Update: delete documento where nro_doc=5</StdOut>
      </Output>
    </UnitTestResult>
    <UnitTestResult executionId="c264129c-a991-4002-9486-b682021517a4" testId="b09e98eb-5e7b-17f1-4a91-35133c7055e9" testName="buscarMovimintosTest" computerName="DIEGO-PC" duration="00:00:00.0138297" startTime="2012-12-13T22:12:12.8901552-03:00" endTime="2012-12-13T22:12:12.9111564-03:00" testType="13cdc9d9-ddb5-4fa4-a97d-d965ccfc6d4b" outcome="Passed" testListId="8c84fa94-04c1-424b-9868-57a2d4851a1d" relativeResultsDirectory="c264129c-a991-4002-9486-b682021517a4">
      <Output>
        <StdOut>Save/Update: select * from MovimientosCuenta JOIN cliente_movimientos AS cliente ON MovimientosCuenta.nro_movimiento=cliente.nro_movimiento WHERE  MovimientosCuenta.comentario LIKE '%m1%'AND  MovimientosCuenta.fecha&gt;= CAST('11/11/2011 00:00:00.000'  AS DateTime) AND  MovimientosCuenta.monto&gt;=5 AND  MovimientosCuenta.monto&lt;=15 AND  MovimientosCuenta.cuentaID=1  AND  MovimientosCuenta.tipoMovimientoID=1  AND cliente.id_cliente=1  AND cliente.id_cliente IS NOT  NULL ; select * from cliente_movimientos; select * from documento_movimiento
Save/Update: select * from Cliente WHERE  Cliente.id_cliente=1  ; select * from cliente_movimientos; select * from Pedido WHERE borrado = 0; select * from Factura WHERE borrado = 0; select * from Diseño WHERE borrado = 0
Save/Update: select * from Usuario WHERE  Usuario.usuarioID=1  ; select * from JoinUsuarioToFamilia; select * from JoinPatenteToUsuario
Save/Update: select * from Familia JOIN JoinUsuarioToFamilia AS usuarios ON Familia.familiaID=usuarios.familiaID WHERE usuarios.usuarioID=1  ; select * from JoinFamiliaToPatente
Save/Update: select * from Patente JOIN JoinPatenteToUsuario AS usuario ON Patente.patenteId=usuario.patenteId WHERE usuario.usuarioID=1  
Save/Update: select * from Cliente WHERE  Cliente.usuarioID=1  ; select * from cliente_movimientos; select * from Pedido WHERE borrado = 0; select * from Factura WHERE borrado = 0; select * from Diseño WHERE borrado = 0
Save/Update: select * from Diseño WHERE  Diseño.id_cliente=1  ; select * from historico_estados_diseño WHERE borrado = 0
Save/Update: select * from Factura WHERE  Factura.id_cliente=1  ; select * from documento_movimiento; select * from LineaFactura WHERE borrado = 0
Save/Update: select * from Pedido WHERE  Pedido.id_cliente=1  ; select * from produccion WHERE borrado = 0; select * from historico_estados_pedido WHERE borrado = 0
Save/Update: select * from MovimientosCuenta JOIN cliente_movimientos AS cliente ON MovimientosCuenta.nro_movimiento=cliente.nro_movimiento WHERE cliente.id_cliente=1  AND cliente.id_cliente IS NOT  NULL ; select * from cliente_movimientos; select * from documento_movimiento
Save/Update: select * from Factura WHERE  Factura.nro_Doc=1  ; select * from documento_movimiento; select * from LineaFactura WHERE borrado = 0
Save/Update: select * from tipoMovimiento WHERE  tipoMovimiento.tipoMovimientoID=1  
Save/Update: select * from Cuenta WHERE  Cuenta.cuentaID=1  
Save/Update: DELETE cliente_movimientos where nro_movimiento=4  ; DELETE documento_movimiento where nro_movimiento=4  ; ;DELETE MovimientosCuenta WHERE nro_movimiento=4</StdOut>
      </Output>
    </UnitTestResult>
    <UnitTestResult executionId="6977578d-0414-4d17-acda-baf6e1c6f683" testId="b09f0486-3351-5bc5-0d5a-f108852661b1" testName="guardarClienteTest" computerName="DIEGO-PC" duration="00:00:00.0196475" startTime="2012-12-13T22:12:12.9151566-03:00" endTime="2012-12-13T22:12:12.9411581-03:00" testType="13cdc9d9-ddb5-4fa4-a97d-d965ccfc6d4b" outcome="Passed" testListId="8c84fa94-04c1-424b-9868-57a2d4851a1d" relativeResultsDirectory="6977578d-0414-4d17-acda-baf6e1c6f683">
      <Output>
        <StdOut>Save/Update: SELECT  ISNULL(MAX(usuarioID + 1),1) from Usuario
Save/Update: INSERT INTO Usuario (usuarioID, nombre, apellido, mail, password, telefonoFijo, telefonoMovil, bloqueado) VALUES (6 , 'nombre6', 'apellido6', 'mail6@test.com', 'pas633', '6666-6666', '6666-6666', 0 ); DELETE JoinUsuarioToFamilia where usuarioID=6  ;  INSERT INTO JoinUsuarioToFamilia ( usuarioID, familiaID) VALUES ( 6 , 5 ); DELETE JoinPatenteToUsuario where usuarioID=6  ;  INSERT INTO JoinPatenteToUsuario ( usuarioID, patenteId) VALUES ( 6 , 3 ); 
Save/Update: SELECT  ISNULL(MAX(id_cliente + 1),1) from Cliente
Save/Update: INSERT INTO Cliente (id_cliente, habitadoTurnos, usuarioID, newsletter) VALUES (3 , 0 , 6 , 1 ); UPDATE Pedido SET borrado=1 WHERE id_cliente=3  ; UPDATE Factura SET borrado=1 WHERE id_cliente=3  ; UPDATE Diseño SET borrado=1 WHERE id_cliente=3  ; 
Save/Update: select * from Cliente WHERE  Cliente.id_cliente=3  ; select * from cliente_movimientos; select * from Pedido WHERE borrado = 0; select * from Factura WHERE borrado = 0; select * from Diseño WHERE borrado = 0
Save/Update: select * from Usuario WHERE  Usuario.usuarioID=6  ; select * from JoinUsuarioToFamilia; select * from JoinPatenteToUsuario
Save/Update: select * from Familia JOIN JoinUsuarioToFamilia AS usuarios ON Familia.familiaID=usuarios.familiaID WHERE usuarios.usuarioID=6  ; select * from JoinFamiliaToPatente
Save/Update: select * from Patente JOIN JoinFamiliaToPatente AS familia ON Patente.patenteId=familia.patenteId WHERE familia.familiaID=5  
Save/Update: select * from Patente JOIN JoinPatenteToUsuario AS usuario ON Patente.patenteId=usuario.patenteId WHERE usuario.usuarioID=6  
Save/Update: select * from Cliente WHERE  Cliente.usuarioID=6  ; select * from cliente_movimientos; select * from Pedido WHERE borrado = 0; select * from Factura WHERE borrado = 0; select * from Diseño WHERE borrado = 0
Save/Update: select * from Diseño WHERE  Diseño.id_cliente=6  ; select * from historico_estados_diseño WHERE borrado = 0
Save/Update: select * from Factura WHERE  Factura.id_cliente=6  ; select * from documento_movimiento; select * from LineaFactura WHERE borrado = 0
Save/Update: select * from Pedido WHERE  Pedido.id_cliente=6  ; select * from produccion WHERE borrado = 0; select * from historico_estados_pedido WHERE borrado = 0
Save/Update: select * from MovimientosCuenta JOIN cliente_movimientos AS cliente ON MovimientosCuenta.nro_movimiento=cliente.nro_movimiento WHERE cliente.id_cliente=6  AND cliente.id_cliente IS NOT  NULL ; select * from cliente_movimientos; select * from documento_movimiento
Save/Update: DELETE cliente_movimientos where id_cliente=3  ; ;DELETE Cliente WHERE id_cliente=3  
Save/Update: DELETE JoinUsuarioToFamilia where usuarioID=6  ; DELETE JoinPatenteToUsuario where usuarioID=6  ; ;DELETE Usuario WHERE usuarioID=6</StdOut>
      </Output>
    </UnitTestResult>
    <UnitTestResult executionId="e4c9c143-aa71-42a9-bcb8-df68e5f79161" testId="b1ce8274-0eb4-6ea7-4d2b-12d8e6b2a366" testName="actualizarDiseñoTest" computerName="DIEGO-PC" duration="00:00:00.0350677" startTime="2012-12-13T22:12:12.9431582-03:00" endTime="2012-12-13T22:12:12.9841606-03:00" testType="13cdc9d9-ddb5-4fa4-a97d-d965ccfc6d4b" outcome="Passed" testListId="8c84fa94-04c1-424b-9868-57a2d4851a1d" relativeResultsDirectory="e4c9c143-aa71-42a9-bcb8-df68e5f79161">
      <Output>
        <StdOut>Save/Update: SELECT  ISNULL(MAX(cod_diseño + 1),1) from Diseño
Save/Update: INSERT INTO Diseño (cod_diseño, nombre, puntadas, alto, ancho, id_cliente, estadoActual, pathImagen, pathDetalle, pathArchivoEditable, pathArchivoFinal, borrado) VALUES (3 , 'diseño3', 3333 , 33 , 33 , 1 , 1 , '', '', '', '', 0 ); UPDATE historico_estados_diseño SET borrado=1 WHERE cod_diseño=3  ; 
Save/Update: SELECT  ISNULL(MAX(nro_estado + 1),1) from historico_estados_diseño WHERE cod_diseño=3
Save/Update: INSERT INTO historico_estados_diseño (nro_estado, cod_diseño, comentario, fechaDesde, fechaHasta, estado, borrado) VALUES (1 , 3 , 'creacion ficha diseño',  CAST('13/12/2012 22:12:12.948'  AS DateTime),  NULL , 1 , 0 ); 
Save/Update: select * from Diseño WHERE  Diseño.cod_diseño=3  ; select * from historico_estados_diseño WHERE borrado = 0
Save/Update: select * from Cliente WHERE  Cliente.id_cliente=1  ; select * from cliente_movimientos; select * from Pedido WHERE borrado = 0; select * from Factura WHERE borrado = 0; select * from Diseño WHERE borrado = 0
Save/Update: select * from Usuario WHERE  Usuario.usuarioID=1  ; select * from JoinUsuarioToFamilia; select * from JoinPatenteToUsuario
Save/Update: select * from Diseño_insumos WHERE  Diseño_insumos.cod_diseño=3  
Save/Update: select * from historico_estados_diseño WHERE  historico_estados_diseño.cod_diseño=3  
Save/Update: select * from EstadoDiseños WHERE  EstadoDiseños.estado=1  
Save/Update: select * from Diseño WHERE  Diseño.cod_diseño=3  ; select * from historico_estados_diseño WHERE borrado = 0
Save/Update: select * from Cliente WHERE  Cliente.id_cliente=1  ; select * from cliente_movimientos; select * from Pedido WHERE borrado = 0; select * from Factura WHERE borrado = 0; select * from Diseño WHERE borrado = 0
Save/Update: select * from Usuario WHERE  Usuario.usuarioID=1  ; select * from JoinUsuarioToFamilia; select * from JoinPatenteToUsuario
Save/Update: select * from Diseño_insumos WHERE  Diseño_insumos.cod_diseño=3  
Save/Update: select * from historico_estados_diseño WHERE  historico_estados_diseño.cod_diseño=3  
Save/Update: select * from EstadoDiseños WHERE  EstadoDiseños.estado=1  
Save/Update: UPDATE Diseño SET nombre='diseño3', puntadas=3333 , alto=33 , ancho=33 , id_cliente=1 , estadoActual=1 , pathImagen='', pathDetalle='', pathArchivoEditable='', pathArchivoFinal='/cliente1/diseño/diseño1.jpg', borrado=0  WHERE cod_diseño=3  ; UPDATE historico_estados_diseño SET borrado=1 WHERE cod_diseño=3  ; 
Save/Update: DELETE Diseño_insumos WHERE cod_diseño=3  AND cod_insumo=1  
Save/Update: INSERT INTO Diseño_insumos (cod_diseño, cod_insumo, cantidad) VALUES (3 , 1 , 3); 
Save/Update: UPDATE historico_estados_diseño SET comentario='creacion ficha diseño', fechaDesde= CAST('13/12/2012 22:12:12.947'  AS DateTime), fechaHasta= NULL , estado=1 , borrado=0  WHERE nro_estado=1  AND cod_diseño=3  ; 
Save/Update: select * from Diseño WHERE  Diseño.cod_diseño=3  ; select * from historico_estados_diseño WHERE borrado = 0
Save/Update: select * from Cliente WHERE  Cliente.id_cliente=1  ; select * from cliente_movimientos; select * from Pedido WHERE borrado = 0; select * from Factura WHERE borrado = 0; select * from Diseño WHERE borrado = 0
Save/Update: select * from Usuario WHERE  Usuario.usuarioID=1  ; select * from JoinUsuarioToFamilia; select * from JoinPatenteToUsuario
Save/Update: select * from Diseño_insumos WHERE  Diseño_insumos.cod_diseño=3  
Save/Update: select * from historico_estados_diseño WHERE  historico_estados_diseño.cod_diseño=3  
Save/Update: select * from EstadoDiseños WHERE  EstadoDiseños.estado=1  
Save/Update: UPDATE Diseño SET nombre='diseño3', puntadas=3333 , alto=33 , ancho=33 , id_cliente=1 , estadoActual=2 , pathImagen='', pathDetalle='', pathArchivoEditable='', pathArchivoFinal='/cliente1/diseño/diseño1.jpg', borrado=0  WHERE cod_diseño=3  ; UPDATE historico_estados_diseño SET borrado=1 WHERE cod_diseño=3  ; 
Save/Update: DELETE Diseño_insumos WHERE cod_diseño=3  AND cod_insumo=1  
Save/Update: INSERT INTO Diseño_insumos (cod_diseño, cod_insumo, cantidad) VALUES (3 , 1 , 3); 
Save/Update: UPDATE historico_estados_diseño SET comentario='creacion ficha diseño', fechaDesde= CAST('13/12/2012 22:12:12.947'  AS DateTime), fechaHasta= CAST('13/12/2012 22:12:12.971'  AS DateTime), estado=1 , borrado=0  WHERE nro_estado=1  AND cod_diseño=3  ; 
Save/Update: SELECT  ISNULL(MAX(nro_estado + 1),1) from historico_estados_diseño WHERE cod_diseño=3
Save/Update: INSERT INTO historico_estados_diseño (nro_estado, cod_diseño, comentario, fechaDesde, fechaHasta, estado, borrado) VALUES (2 , 3 , '',  CAST('13/12/2012 22:12:12.971'  AS DateTime),  NULL , 2 , 0 ); 
Save/Update: select * from Diseño WHERE  Diseño.cod_diseño=3  ; select * from historico_estados_diseño WHERE borrado = 0
Save/Update: select * from Cliente WHERE  Cliente.id_cliente=1  ; select * from cliente_movimientos; select * from Pedido WHERE borrado = 0; select * from Factura WHERE borrado = 0; select * from Diseño WHERE borrado = 0
Save/Update: select * from Usuario WHERE  Usuario.usuarioID=1  ; select * from JoinUsuarioToFamilia; select * from JoinPatenteToUsuario
Save/Update: select * from Diseño_insumos WHERE  Diseño_insumos.cod_diseño=3  
Save/Update: select * from historico_estados_diseño WHERE  historico_estados_diseño.cod_diseño=3  
Save/Update: select * from EstadoDiseños WHERE  EstadoDiseños.estado=2  
Save/Update: DELETE FROM Diseño_insumos where cod_diseño=3
Save/Update: DELETE FROM historico_estados_diseño where cod_diseño=3
Save/Update: DELETE Diseño WHERE cod_diseño=3</StdOut>
      </Output>
    </UnitTestResult>
    <UnitTestResult executionId="e4ad0a6c-3c2f-4534-806a-39f942786524" testId="b2564a1d-a5df-de1a-d3dd-41d0e33b00f4" testName="actualizaOrdenDeCompraTest" computerName="DIEGO-PC" duration="00:00:00.0293433" startTime="2012-12-13T22:12:12.9861607-03:00" endTime="2012-12-13T22:12:13.0221627-03:00" testType="13cdc9d9-ddb5-4fa4-a97d-d965ccfc6d4b" outcome="Passed" testListId="8c84fa94-04c1-424b-9868-57a2d4851a1d" relativeResultsDirectory="e4ad0a6c-3c2f-4534-806a-39f942786524">
      <Output>
        <StdOut>Save/Update: SELECT  ISNULL(MAX(nro_Doc + 1),1) from documento
Save/Update: INSERT INTO documento VALUES (5)
Save/Update: SELECT  ISNULL(MAX(nro_orden_compra + 1),1) from OrdenDeCompra WHERE nro_sucursal=1 AND tipo_orden_compra='A'
Save/Update: INSERT INTO OrdenDeCompra (nro_Doc, iva, fecha, borrado, nro_orden_compra, nro_sucursal, tipo_orden_compra, id_proveedor, monto) VALUES (5 , 1.1,  CAST('13/10/2012 21:44:12.000'  AS DateTime), 0 , 2 , 1 , 'A', 2 , 100); UPDATE LineaOrdenDeCompra SET borrado=1 WHERE nro_orden_compra=2  AND nro_sucursal=1  AND tipo_orden_compra='A' ; 
Save/Update: SELECT  ISNULL(MAX(nro_linea + 1),1) from LineaOrdenDeCompra WHERE nro_orden_compra=2 AND nro_sucursal=1 AND tipo_orden_compra='A'
Save/Update: INSERT INTO LineaOrdenDeCompra (nro_orden_compra, nro_sucursal, tipo_orden_compra, nro_linea, cod_producto, cantidad, precio, borrado) VALUES (2 , 1 , 'A', 1 , 2 , 10 , 50, 0 ); 
Save/Update: SELECT  ISNULL(MAX(nro_movimiento + 1),1) from MovimientosCuenta
Save/Update: INSERT INTO MovimientosCuenta (nro_movimiento, comentario, fecha, monto, cuentaID, tipoMovimientoID) VALUES (4 , 'com test',  CAST('13/10/2012 21:44:12.000'  AS DateTime), 100, 1 , 1 ); DELETE proveedor_movimientos where nro_movimiento=4  ;  INSERT INTO proveedor_movimientos ( nro_movimiento, id_proveedor) VALUES ( 4 , 2 ); DELETE documento_movimiento where nro_movimiento=4  ;  INSERT INTO documento_movimiento ( nro_movimiento, nro_Doc) VALUES ( 4 , 5 ); 
Save/Update: select * from OrdenDeCompra WHERE  OrdenDeCompra.nro_orden_compra=2  AND  OrdenDeCompra.nro_sucursal=1  AND  OrdenDeCompra.tipo_orden_compra='A' ; select * from documento_movimiento; select * from LineaOrdenDeCompra WHERE borrado = 0
Save/Update: select * from LineaOrdenDeCompra WHERE  LineaOrdenDeCompra.nro_orden_compra=2  AND  LineaOrdenDeCompra.tipo_orden_compra='A' AND  LineaOrdenDeCompra.nro_sucursal=1  
Save/Update: select * from insumo WHERE  insumo.cod_insumo=2  
Save/Update: select * from Proveedor WHERE  Proveedor.id_proveedor=2  
Save/Update: select * from MovimientosCuenta JOIN documento_movimiento AS documento ON MovimientosCuenta.nro_movimiento=documento.nro_movimiento JOIN proveedor_movimientos AS proveedor ON MovimientosCuenta.nro_movimiento=proveedor.nro_movimiento WHERE documento.nro_Doc=5  AND proveedor.id_proveedor IS NOT  NULL ; select * from proveedor_movimientos; select * from documento_movimiento
Save/Update: UPDATE OrdenDeCompra SET nro_Doc=5 , iva=1.1, fecha= CAST('13/10/2012 21:44:12.000'  AS DateTime), borrado=0 , id_proveedor=2 , monto=111 WHERE nro_orden_compra=2  AND nro_sucursal=1  AND tipo_orden_compra='A' ; UPDATE LineaOrdenDeCompra SET borrado=1 WHERE nro_orden_compra=2  AND nro_sucursal=1  AND tipo_orden_compra='A' ; 
Save/Update: UPDATE LineaOrdenDeCompra SET cod_producto=2 , cantidad=15 , precio=50, borrado=0  WHERE nro_orden_compra=2  AND nro_sucursal=1  AND tipo_orden_compra='A' AND nro_linea=1  ; 
Save/Update: SELECT  ISNULL(MAX(nro_linea + 1),1) from LineaOrdenDeCompra WHERE nro_orden_compra=2 AND nro_sucursal=1 AND tipo_orden_compra='A'
Save/Update: INSERT INTO LineaOrdenDeCompra (nro_orden_compra, nro_sucursal, tipo_orden_compra, nro_linea, cod_producto, cantidad, precio, borrado) VALUES (2 , 1 , 'A', 2 , 1 , 10 , 0, 0 ); 
Save/Update: UPDATE MovimientosCuenta SET comentario='com test', fecha= CAST('13/10/2012 21:44:12.000'  AS DateTime), monto=111, cuentaID=1 , tipoMovimientoID=1  WHERE nro_movimiento=4  ; DELETE proveedor_movimientos where nro_movimiento=4  ;  INSERT INTO proveedor_movimientos ( nro_movimiento, id_proveedor) VALUES ( 4 , 2 ); DELETE documento_movimiento where nro_movimiento=4  ;  INSERT INTO documento_movimiento ( nro_movimiento, nro_Doc) VALUES ( 4 , 5 ); 
Save/Update: select * from OrdenDeCompra WHERE  OrdenDeCompra.nro_orden_compra=2  AND  OrdenDeCompra.nro_sucursal=1  AND  OrdenDeCompra.tipo_orden_compra='A' ; select * from documento_movimiento; select * from LineaOrdenDeCompra WHERE borrado = 0
Save/Update: select * from LineaOrdenDeCompra WHERE  LineaOrdenDeCompra.nro_orden_compra=2  AND  LineaOrdenDeCompra.tipo_orden_compra='A' AND  LineaOrdenDeCompra.nro_sucursal=1  
Save/Update: select * from insumo WHERE  insumo.cod_insumo=2  
Save/Update: select * from insumo WHERE  insumo.cod_insumo=1  
Save/Update: select * from Proveedor WHERE  Proveedor.id_proveedor=2  
Save/Update: select * from MovimientosCuenta JOIN documento_movimiento AS documento ON MovimientosCuenta.nro_movimiento=documento.nro_movimiento JOIN proveedor_movimientos AS proveedor ON MovimientosCuenta.nro_movimiento=proveedor.nro_movimiento WHERE documento.nro_Doc=5  AND proveedor.id_proveedor IS NOT  NULL ; select * from proveedor_movimientos; select * from documento_movimiento
Save/Update: DELETE LineaOrdenDeCompra WHERE nro_orden_compra=2  AND nro_sucursal=1  AND tipo_orden_compra='A' AND nro_linea=1  
Save/Update: DELETE LineaOrdenDeCompra WHERE nro_orden_compra=2  AND nro_sucursal=1  AND tipo_orden_compra='A' AND nro_linea=2  
Save/Update: DELETE proveedor_movimientos where nro_movimiento=4  ; DELETE documento_movimiento where nro_movimiento=4  ; ;DELETE MovimientosCuenta WHERE nro_movimiento=4  
Save/Update: DELETE FROM OrdenDeCompra WHERE nro_Doc =5
Save/Update: delete documento where nro_doc=5</StdOut>
      </Output>
    </UnitTestResult>
    <UnitTestResult executionId="cdb9da8a-1874-41f7-a749-bcb99c3c8b0c" testId="b28eae18-99f0-9519-6256-d75c3d089452" testName="grabarNewsletterTest" computerName="DIEGO-PC" duration="00:00:00.0038300" startTime="2012-12-13T22:12:13.0241628-03:00" endTime="2012-12-13T22:12:13.0341634-03:00" testType="13cdc9d9-ddb5-4fa4-a97d-d965ccfc6d4b" outcome="Passed" testListId="8c84fa94-04c1-424b-9868-57a2d4851a1d" relativeResultsDirectory="cdb9da8a-1874-41f7-a749-bcb99c3c8b0c">
      <Output>
        <StdOut>Save/Update: SELECT  ISNULL(MAX(id + 1),1) from newsletter
Save/Update: INSERT INTO newsletter (id, newsletter, nombre, enviado) VALUES (3 , 'html', 'news3', 0 ); 
Save/Update: select * from newsletter
Save/Update: DELETE newsletter WHERE id=3</StdOut>
      </Output>
    </UnitTestResult>
    <UnitTestResult executionId="43b4e68d-d460-48ef-b4ae-19c590f00c7a" testId="b40b8a29-c95a-4ade-0e51-c133972e69c6" testName="grabarTest" computerName="DIEGO-PC" duration="00:00:00.0158387" startTime="2012-12-13T22:12:13.0351635-03:00" endTime="2012-12-13T22:12:13.0571647-03:00" testType="13cdc9d9-ddb5-4fa4-a97d-d965ccfc6d4b" outcome="Passed" testListId="8c84fa94-04c1-424b-9868-57a2d4851a1d" relativeResultsDirectory="43b4e68d-d460-48ef-b4ae-19c590f00c7a">
      <Output>
        <StdOut>Save/Update: INSERT INTO Proveedor (id_proveedor, nombre, telefono, direccion) VALUES (4 , 'nombre4', '4444-4444', 'direccion 4'); 
Save/Update: SELECT  ISNULL(MAX(nro_Doc + 1),1) from documento
Save/Update: INSERT INTO documento VALUES (5)
Save/Update: SELECT  ISNULL(MAX(nro_orden_compra + 1),1) from OrdenDeCompra WHERE nro_sucursal=1 AND tipo_orden_compra='A'
Save/Update: INSERT INTO OrdenDeCompra (nro_Doc, iva, fecha, borrado, nro_orden_compra, nro_sucursal, tipo_orden_compra, id_proveedor, monto) VALUES (5 , 33.3,  CAST('13/12/2012 22:12:13.040'  AS DateTime), 0 , 2 , 1 , 'A', 4 , 33.3); UPDATE LineaOrdenDeCompra SET borrado=1 WHERE nro_orden_compra=2  AND nro_sucursal=1  AND tipo_orden_compra='A' ; 
Save/Update: select * from Proveedor
Save/Update: select * from OrdenDeCompra WHERE  OrdenDeCompra.id_proveedor=1  ; select * from documento_movimiento; select * from LineaOrdenDeCompra WHERE borrado = 0
Save/Update: select * from OrdenDeCompra WHERE  OrdenDeCompra.id_proveedor=2  ; select * from documento_movimiento; select * from LineaOrdenDeCompra WHERE borrado = 0
Save/Update: select * from OrdenDeCompra WHERE  OrdenDeCompra.id_proveedor=3  ; select * from documento_movimiento; select * from LineaOrdenDeCompra WHERE borrado = 0
Save/Update: select * from OrdenDeCompra WHERE  OrdenDeCompra.id_proveedor=4  ; select * from documento_movimiento; select * from LineaOrdenDeCompra WHERE borrado = 0
Save/Update: delete OrdenDeCompra where nro_doc=5
Save/Update: delete documento where nro_doc=5
Save/Update: DELETE Proveedor WHERE id_proveedor=4  
Save/Update: UPDATE Proveedor SET nombre='nombre1', telefono='1111-1111', direccion='direccion 1' WHERE id_proveedor=1  ;</StdOut>
      </Output>
    </UnitTestResult>
    <UnitTestResult executionId="4eff4bd7-388e-4a2c-bc64-25f6ff12a642" testId="b6192558-2ee3-59f6-6537-ecfd184b2822" testName="CargarClientesTest" computerName="DIEGO-PC" duration="00:00:00.0303994" startTime="2012-12-13T22:12:13.0591648-03:00" endTime="2012-12-13T22:12:13.0961670-03:00" testType="13cdc9d9-ddb5-4fa4-a97d-d965ccfc6d4b" outcome="Passed" testListId="8c84fa94-04c1-424b-9868-57a2d4851a1d" relativeResultsDirectory="4eff4bd7-388e-4a2c-bc64-25f6ff12a642">
      <Output>
        <StdOut>Save/Update: select * from Cliente; select * from cliente_movimientos; select * from Pedido WHERE borrado = 0; select * from Factura WHERE borrado = 0; select * from Diseño WHERE borrado = 0
Save/Update: select * from Usuario WHERE  Usuario.usuarioID=1  ; select * from JoinUsuarioToFamilia; select * from JoinPatenteToUsuario
Save/Update: select * from Familia JOIN JoinUsuarioToFamilia AS usuarios ON Familia.familiaID=usuarios.familiaID WHERE usuarios.usuarioID=1  ; select * from JoinFamiliaToPatente
Save/Update: select * from Patente JOIN JoinPatenteToUsuario AS usuario ON Patente.patenteId=usuario.patenteId WHERE usuario.usuarioID=1  
Save/Update: select * from Cliente WHERE  Cliente.usuarioID=1  ; select * from cliente_movimientos; select * from Pedido WHERE borrado = 0; select * from Factura WHERE borrado = 0; select * from Diseño WHERE borrado = 0
Save/Update: select * from Diseño WHERE  Diseño.id_cliente=1  ; select * from historico_estados_diseño WHERE borrado = 0
Save/Update: select * from Factura WHERE  Factura.id_cliente=1  ; select * from documento_movimiento; select * from LineaFactura WHERE borrado = 0
Save/Update: select * from Pedido WHERE  Pedido.id_cliente=1  ; select * from produccion WHERE borrado = 0; select * from historico_estados_pedido WHERE borrado = 0
Save/Update: select * from MovimientosCuenta JOIN cliente_movimientos AS cliente ON MovimientosCuenta.nro_movimiento=cliente.nro_movimiento WHERE cliente.id_cliente=1  AND cliente.id_cliente IS NOT  NULL ; select * from cliente_movimientos; select * from documento_movimiento
Save/Update: select * from Usuario WHERE  Usuario.usuarioID=2  ; select * from JoinUsuarioToFamilia; select * from JoinPatenteToUsuario
Save/Update: select * from Familia JOIN JoinUsuarioToFamilia AS usuarios ON Familia.familiaID=usuarios.familiaID WHERE usuarios.usuarioID=2  ; select * from JoinFamiliaToPatente
Save/Update: select * from Patente JOIN JoinFamiliaToPatente AS familia ON Patente.patenteId=familia.patenteId WHERE familia.familiaID=2  
Save/Update: select * from Patente JOIN JoinPatenteToUsuario AS usuario ON Patente.patenteId=usuario.patenteId WHERE usuario.usuarioID=2  
Save/Update: select * from Cliente WHERE  Cliente.usuarioID=2  ; select * from cliente_movimientos; select * from Pedido WHERE borrado = 0; select * from Factura WHERE borrado = 0; select * from Diseño WHERE borrado = 0
Save/Update: select * from Diseño WHERE  Diseño.id_cliente=2  ; select * from historico_estados_diseño WHERE borrado = 0
Save/Update: select * from Factura WHERE  Factura.id_cliente=2  ; select * from documento_movimiento; select * from LineaFactura WHERE borrado = 0
Save/Update: select * from Pedido WHERE  Pedido.id_cliente=2  ; select * from produccion WHERE borrado = 0; select * from historico_estados_pedido WHERE borrado = 0
Save/Update: select * from MovimientosCuenta JOIN cliente_movimientos AS cliente ON MovimientosCuenta.nro_movimiento=cliente.nro_movimiento WHERE cliente.id_cliente=2  AND cliente.id_cliente IS NOT  NULL ; select * from cliente_movimientos; select * from documento_movimiento
Save/Update: UPDATE Usuario SET nombre='nombre1', apellido='apellido1', mail='mail1@test.com', password='11C8', telefonoFijo='1111-1111', telefonoMovil='1111-1111', bloqueado=0  WHERE usuarioID=1  ; DELETE JoinUsuarioToFamilia where usuarioID=1  ; DELETE JoinPatenteToUsuario where usuarioID=1  ; 
Save/Update: UPDATE Cliente SET habitadoTurnos=1 , newsletter=0  WHERE id_cliente=1  ; UPDATE Pedido SET borrado=1 WHERE id_cliente=1  ; UPDATE Factura SET borrado=1 WHERE id_cliente=1  ; UPDATE Diseño SET borrado=1 WHERE id_cliente=1  ; 
Save/Update:  UPDATE factura set borrado = 0 
Save/Update:  UPDATE diseño set borrado = 0 
Save/Update:  UPDATE pedido set borrado = 0 
Save/Update:  Insert into JoinPatenteToUsuario values (1,1)</StdOut>
      </Output>
    </UnitTestResult>
    <UnitTestResult executionId="66301518-1de9-4367-9b34-c9668d49d115" testId="b697701d-8cff-a257-c4da-79dac613bf34" testName="grabarMensajeTest" computerName="DIEGO-PC" duration="00:00:00.0054608" startTime="2012-12-13T22:12:13.0981671-03:00" endTime="2012-12-13T22:12:13.1091677-03:00" testType="13cdc9d9-ddb5-4fa4-a97d-d965ccfc6d4b" outcome="Passed" testListId="8c84fa94-04c1-424b-9868-57a2d4851a1d" relativeResultsDirectory="66301518-1de9-4367-9b34-c9668d49d115">
      <Output>
        <StdOut>Save/Update: SELECT  ISNULL(MAX(id + 1),1) from Mensaje
Save/Update: INSERT INTO Mensaje (id, tipoMensaje, fecha, mensaje, leido, borrado, id_conversacion) VALUES (5 , 0 ,  CAST('13/12/2012 22:12:13.102'  AS DateTime), 'test msj grabarMensajeTest', 0 , 0 , 1 ); 
Save/Update: select * from Mensaje WHERE  Mensaje.id_conversacion=1  
Save/Update: DELETE Mensaje WHERE id=5</StdOut>
      </Output>
    </UnitTestResult>
    <UnitTestResult executionId="983aab65-dee0-40a4-982a-2100b3edbdde" testId="b6c93299-c437-e1df-d8ec-dc7e1e4a6bba" testName="listarPedidosConRestriccionTest" computerName="DIEGO-PC" duration="00:00:00.0095200" startTime="2012-12-13T22:12:13.1111678-03:00" endTime="2012-12-13T22:12:13.1271687-03:00" testType="13cdc9d9-ddb5-4fa4-a97d-d965ccfc6d4b" outcome="Passed" testListId="8c84fa94-04c1-424b-9868-57a2d4851a1d" relativeResultsDirectory="983aab65-dee0-40a4-982a-2100b3edbdde">
      <Output>
        <StdOut>Save/Update: select * from Pedido WHERE  Pedido.id_cliente=1  AND  Pedido.estadoActual=3  AND  Pedido.fechaInicio&gt;= CAST('11/09/2012 12:00:00.000'  AS DateTime) AND  Pedido.fechaInicio&lt;= CAST('11/09/2012 14:00:00.000'  AS DateTime) AND  Pedido.fechaFinal&gt;= CAST('11/09/2012 12:00:00.000'  AS DateTime) AND  Pedido.fechaFinal&lt;= CAST('11/09/2012 14:00:00.000'  AS DateTime) ; select * from produccion WHERE borrado = 0; select * from historico_estados_pedido WHERE borrado = 0
Save/Update: select * from historico_estados_pedido WHERE  historico_estados_pedido.cod_pedido=1  
Save/Update: select * from tipoPedido WHERE  tipoPedido.tipo_pedido=1  
Save/Update: select * from produccion WHERE  produccion.cod_pedido=1  ; select * from historico_estados_produccion WHERE borrado = 0
Save/Update: select * from Cliente WHERE  Cliente.id_cliente=1  ; select * from cliente_movimientos; select * from Pedido WHERE borrado = 0; select * from Factura WHERE borrado = 0; select * from Diseño WHERE borrado = 0
Save/Update: select * from EstadoPedido WHERE  EstadoPedido.estado_pedido=3  
Save/Update: DELETE historico_estados_pedido WHERE nro_estado=1  AND cod_pedido=5  
Save/Update: DELETE historico_estados_pedido WHERE nro_estado=2  AND cod_pedido=5  
Save/Update: DELETE produccion WHERE cod_produccion=7  
Save/Update: DELETE Pedido WHERE cod_pedido=5</StdOut>
      </Output>
    </UnitTestResult>
    <UnitTestResult executionId="71dcde74-451c-48b6-bcd9-1c2c7b3c5859" testId="b6d2504c-fd0b-46f0-ca34-952aa534d5bc" testName="listarNewsletterTest" computerName="DIEGO-PC" duration="00:00:00.0018957" startTime="2012-12-13T22:12:13.1291689-03:00" endTime="2012-12-13T22:12:13.1371693-03:00" testType="13cdc9d9-ddb5-4fa4-a97d-d965ccfc6d4b" outcome="Passed" testListId="8c84fa94-04c1-424b-9868-57a2d4851a1d" relativeResultsDirectory="71dcde74-451c-48b6-bcd9-1c2c7b3c5859">
      <Output>
        <StdOut>Save/Update: select * from newsletter</StdOut>
      </Output>
    </UnitTestResult>
    <UnitTestResult executionId="e8d7e865-6851-4863-85cd-5770e5d62517" testId="b757834a-da0f-6514-4f88-5f56b32e1557" testName="buscarMovimintosTest" computerName="DIEGO-PC" duration="00:00:00.0069055" startTime="2012-12-13T22:12:13.1391694-03:00" endTime="2012-12-13T22:12:13.1521702-03:00" testType="13cdc9d9-ddb5-4fa4-a97d-d965ccfc6d4b" outcome="Passed" testListId="8c84fa94-04c1-424b-9868-57a2d4851a1d" relativeResultsDirectory="e8d7e865-6851-4863-85cd-5770e5d62517">
      <Output>
        <StdOut>Save/Update: select * from MovimientosCuenta JOIN proveedor_movimientos AS proveedor ON MovimientosCuenta.nro_movimiento=proveedor.nro_movimiento WHERE  MovimientosCuenta.comentario LIKE '%m3%'AND  MovimientosCuenta.fecha&gt;= CAST('03/03/2003 00:00:00.000'  AS DateTime) AND  MovimientosCuenta.monto&gt;=30 AND  MovimientosCuenta.monto&lt;=33 AND  MovimientosCuenta.cuentaID=1  AND  MovimientosCuenta.tipoMovimientoID=1  AND proveedor.id_proveedor=1  AND proveedor.id_proveedor IS NOT  NULL ; select * from proveedor_movimientos; select * from documento_movimiento
Save/Update: select * from Proveedor WHERE  Proveedor.id_proveedor=1  
Save/Update: select * from OrdenDeCompra WHERE  OrdenDeCompra.id_proveedor=1  ; select * from documento_movimiento; select * from LineaOrdenDeCompra WHERE borrado = 0
Save/Update: select * from OrdenDeCompra WHERE  OrdenDeCompra.nro_Doc=3  ; select * from documento_movimiento; select * from LineaOrdenDeCompra WHERE borrado = 0
Save/Update: select * from tipoMovimiento WHERE  tipoMovimiento.tipoMovimientoID=1  
Save/Update: select * from Cuenta WHERE  Cuenta.cuentaID=1  
Save/Update: DELETE proveedor_movimientos where nro_movimiento=4  ; DELETE documento_movimiento where nro_movimiento=4  ; ;DELETE MovimientosCuenta WHERE nro_movimiento=4</StdOut>
      </Output>
    </UnitTestResult>
    <UnitTestResult executionId="2a223099-c5d9-442e-9b9b-679618bc1597" testId="b8413468-f954-3662-0efc-8c48132ad726" testName="listarProduccionPorPedidoTest" computerName="DIEGO-PC" duration="00:00:00.0161571" startTime="2012-12-13T22:12:13.1541703-03:00" endTime="2012-12-13T22:12:13.1761715-03:00" testType="13cdc9d9-ddb5-4fa4-a97d-d965ccfc6d4b" outcome="Passed" testListId="8c84fa94-04c1-424b-9868-57a2d4851a1d" relativeResultsDirectory="2a223099-c5d9-442e-9b9b-679618bc1597">
      <Output>
        <StdOut>Save/Update: select * from produccion WHERE  produccion.cod_pedido=1  ; select * from historico_estados_produccion WHERE borrado = 0
Save/Update: select * from Pedido WHERE  Pedido.cod_pedido=1  ; select * from produccion WHERE borrado = 0; select * from historico_estados_pedido WHERE borrado = 0
Save/Update: select * from Maquina WHERE  Maquina.cod_maquina=1  ; select * from JoinMaquinaToTipoPrenda
Save/Update: select * from Articulos WHERE  Articulos.cod_articulo=1  ; select * from lista_precios WHERE borrado = 0
Save/Update: select * from EstadoTrabajos WHERE  EstadoTrabajos.cod_estado=3  
Save/Update: select * from historico_estados_produccion WHERE  historico_estados_produccion.cod_produccion=1  
Save/Update: select * from produccion_operador WHERE  produccion_operador.cod_prodcuccion=1  
Save/Update: select * from Pedido WHERE  Pedido.cod_pedido=1  ; select * from produccion WHERE borrado = 0; select * from historico_estados_pedido WHERE borrado = 0
Save/Update: select * from Maquina WHERE  Maquina.cod_maquina=1  ; select * from JoinMaquinaToTipoPrenda
Save/Update: select * from Articulos WHERE  Articulos.cod_articulo=2  ; select * from lista_precios WHERE borrado = 0
Save/Update: select * from EstadoTrabajos WHERE  EstadoTrabajos.cod_estado=2  
Save/Update: select * from historico_estados_produccion WHERE  historico_estados_produccion.cod_produccion=2  
Save/Update: select * from produccion_operador WHERE  produccion_operador.cod_prodcuccion=2  
Save/Update: select * from Pedido WHERE  Pedido.cod_pedido=1  ; select * from produccion WHERE borrado = 0; select * from historico_estados_pedido WHERE borrado = 0
Save/Update: select * from Maquina WHERE  Maquina.cod_maquina=2  ; select * from JoinMaquinaToTipoPrenda
Save/Update: select * from Articulos WHERE  Articulos.cod_articulo=3  ; select * from lista_precios WHERE borrado = 0
Save/Update: select * from EstadoTrabajos WHERE  EstadoTrabajos.cod_estado=0  
Save/Update: select * from historico_estados_produccion WHERE  historico_estados_produccion.cod_produccion=3  
Save/Update: select * from produccion_operador WHERE  produccion_operador.cod_prodcuccion=3  
Save/Update: DELETE produccion_operador WHERE id_operador=2  AND cod_prodcuccion=7  
Save/Update: DELETE historico_estados_produccion WHERE nro_estado=1  AND cod_produccion=7  
Save/Update: DELETE historico_estados_produccion WHERE nro_estado=2  AND cod_produccion=7  
Save/Update: DELETE produccion WHERE cod_produccion=7</StdOut>
      </Output>
    </UnitTestResult>
    <UnitTestResult executionId="f084764e-ad7c-470d-b5aa-a2867e09ec3c" testId="b8f7e814-b981-7bd7-8770-09bbc779dc13" testName="buscarPorDescripcionTest" computerName="DIEGO-PC" duration="00:00:00.0058712" startTime="2012-12-13T22:12:13.1781717-03:00" endTime="2012-12-13T22:12:13.1901723-03:00" testType="13cdc9d9-ddb5-4fa4-a97d-d965ccfc6d4b" outcome="Passed" testListId="8c84fa94-04c1-424b-9868-57a2d4851a1d" relativeResultsDirectory="f084764e-ad7c-470d-b5aa-a2867e09ec3c">
      <Output>
        <StdOut>Save/Update: select * from tipoInsumo WHERE  tipoInsumo.descripcion='friselina gruesa'</StdOut>
      </Output>
    </UnitTestResult>
    <UnitTestResult executionId="a7cd6c37-282d-427b-ad7c-68a699d0a3e7" testId="b942b6d6-f408-1783-9c4d-ef179ac5d56f" testName="listarArticulosPorPrendaTest" computerName="DIEGO-PC" duration="00:00:00.0055926" startTime="2012-12-13T22:12:13.1921725-03:00" endTime="2012-12-13T22:12:13.2041731-03:00" testType="13cdc9d9-ddb5-4fa4-a97d-d965ccfc6d4b" outcome="Passed" testListId="8c84fa94-04c1-424b-9868-57a2d4851a1d" relativeResultsDirectory="a7cd6c37-282d-427b-ad7c-68a699d0a3e7">
      <Output>
        <StdOut>Save/Update: select * from Articulos WHERE  Articulos.tipoPrendaID=1  AND  Articulos.borrado=0  ; select * from lista_precios WHERE borrado = 0
Save/Update: select * from lista_precios WHERE  lista_precios.cod_articulo=1  
Save/Update: select * from TipoPrenda WHERE  TipoPrenda.tipo_prenda=1  
Save/Update: select * from Diseño WHERE  Diseño.cod_diseño=1  ; select * from historico_estados_diseño WHERE borrado = 0
Save/Update: DELETE lista_precios WHERE nro_lista=1  AND cod_articulo=4  
Save/Update: DELETE lista_precios WHERE nro_lista=2  AND cod_articulo=4  
Save/Update: DELETE Articulos WHERE cod_articulo=4</StdOut>
      </Output>
    </UnitTestResult>
    <UnitTestResult executionId="e230236e-22b5-4972-adfd-0dd421c53cee" testId="b98676fe-ee87-56df-eacd-dd7ebb6e2cd3" testName="buscarTodoTest" computerName="DIEGO-PC" duration="00:00:00.0032562" startTime="2012-12-13T22:12:13.2061733-03:00" endTime="2012-12-13T22:12:13.2151738-03:00" testType="13cdc9d9-ddb5-4fa4-a97d-d965ccfc6d4b" outcome="Passed" testListId="8c84fa94-04c1-424b-9868-57a2d4851a1d" relativeResultsDirectory="e230236e-22b5-4972-adfd-0dd421c53cee">
      <Output>
        <StdOut>Save/Update: select * from tipoInsumo</StdOut>
      </Output>
    </UnitTestResult>
    <UnitTestResult executionId="248c3363-810e-4cca-81e4-45645996f554" testId="b9fd46b5-4626-f3cd-bb11-d3d09ef904e4" testName="cargarFamiliasPorUsuarioTest" computerName="DIEGO-PC" duration="00:00:00.0019098" startTime="2012-12-13T22:12:13.2171739-03:00" endTime="2012-12-13T22:12:13.2251743-03:00" testType="13cdc9d9-ddb5-4fa4-a97d-d965ccfc6d4b" outcome="Passed" testListId="8c84fa94-04c1-424b-9868-57a2d4851a1d" relativeResultsDirectory="248c3363-810e-4cca-81e4-45645996f554">
      <Output>
        <StdOut>Save/Update: select * from Patente JOIN JoinPatenteToUsuario AS usuario ON Patente.patenteId=usuario.patenteId WHERE usuario.usuarioID=3</StdOut>
      </Output>
    </UnitTestResult>
    <UnitTestResult executionId="3cfb8b00-27b8-4a0e-a56e-43de5e09cddd" testId="bab93624-9701-4d27-3151-c1bf509e95c1" testName="grabarProduccionOperadorTDGTest" computerName="DIEGO-PC" duration="00:00:00.0037983" startTime="2012-12-13T22:12:13.2271745-03:00" endTime="2012-12-13T22:12:13.2371750-03:00" testType="13cdc9d9-ddb5-4fa4-a97d-d965ccfc6d4b" outcome="Passed" testListId="8c84fa94-04c1-424b-9868-57a2d4851a1d" relativeResultsDirectory="3cfb8b00-27b8-4a0e-a56e-43de5e09cddd">
      <Output>
        <StdOut>Save/Update: INSERT INTO produccion_operador (id_operador, cod_prodcuccion, porcentaje) VALUES (2 , 6 , 1 ); 
Save/Update: select * from produccion_operador WHERE  produccion_operador.id_operador=2  AND  produccion_operador.cod_prodcuccion=6  
Save/Update: DELETE produccion_operador WHERE id_operador=2  AND cod_prodcuccion=6</StdOut>
      </Output>
    </UnitTestResult>
    <UnitTestResult executionId="1f4f1ab8-be8c-4547-8b9c-e1b47e6f4143" testId="bb119d3a-e948-8bb7-862b-ef22cd5e5418" testName="cargarlistaProduccionConRestriccionesTest" computerName="DIEGO-PC" duration="00:00:00.0056664" startTime="2012-12-13T22:12:13.2381751-03:00" endTime="2012-12-13T22:12:13.2501758-03:00" testType="13cdc9d9-ddb5-4fa4-a97d-d965ccfc6d4b" outcome="Passed" testListId="8c84fa94-04c1-424b-9868-57a2d4851a1d" relativeResultsDirectory="1f4f1ab8-be8c-4547-8b9c-e1b47e6f4143">
      <Output>
        <StdOut>Save/Update: select * from produccion WHERE  produccion.cod_produccion=1  AND  produccion.cod_pedido=1  AND  produccion.cod_articulo=1  AND  produccion.cod_maquina=1  AND  produccion.estadoActual=3  AND  produccion.comentario LIKE '%rio%'AND  produccion.borrado=0  ; select * from historico_estados_produccion WHERE borrado = 0
Save/Update: DELETE produccion WHERE cod_produccion=7</StdOut>
      </Output>
    </UnitTestResult>
    <UnitTestResult executionId="0fb4e370-b6d3-4a4f-afe0-d4cd279ac3fd" testId="bbf04cdd-f777-915a-4f82-d89d0fb3c21c" testName="actualizarTipoPedidosTest" computerName="DIEGO-PC" duration="00:00:00.0052611" startTime="2012-12-13T22:12:13.2531759-03:00" endTime="2012-12-13T22:12:13.2651766-03:00" testType="13cdc9d9-ddb5-4fa4-a97d-d965ccfc6d4b" outcome="Passed" testListId="8c84fa94-04c1-424b-9868-57a2d4851a1d" relativeResultsDirectory="0fb4e370-b6d3-4a4f-afe0-d4cd279ac3fd">
      <Output>
        <StdOut>Save/Update: UPDATE tipoPedido SET descripcion='tipo modificado' WHERE tipo_pedido=1  ; 
Save/Update: select * from tipoPedido WHERE  tipoPedido.tipo_pedido=1  
Save/Update: UPDATE tipoPedido SET descripcion='con turno' WHERE tipo_pedido=1  ;</StdOut>
      </Output>
    </UnitTestResult>
    <UnitTestResult executionId="5e5e46b0-6940-40c0-9686-e2637231ca96" testId="bc086558-20df-1a67-5cff-56823f0eb575" testName="cargarFamiliasPorFamiliaTest" computerName="DIEGO-PC" duration="00:00:00.0019211" startTime="2012-12-13T22:12:13.2661767-03:00" endTime="2012-12-13T22:12:13.2761773-03:00" testType="13cdc9d9-ddb5-4fa4-a97d-d965ccfc6d4b" outcome="Passed" testListId="8c84fa94-04c1-424b-9868-57a2d4851a1d" relativeResultsDirectory="5e5e46b0-6940-40c0-9686-e2637231ca96">
      <Output>
        <StdOut>Save/Update: select * from Patente JOIN JoinFamiliaToPatente AS familia ON Patente.patenteId=familia.patenteId WHERE familia.familiaID=6</StdOut>
      </Output>
    </UnitTestResult>
    <UnitTestResult executionId="757c963a-70b2-4f84-9356-c265aa01b218" testId="bc6fbc6a-1040-2a7b-d37a-1937b6e2fa50" testName="listarOrdenDeComprasPorProveedorTest" computerName="DIEGO-PC" duration="00:00:00.0131957" startTime="2012-12-13T22:12:13.2781774-03:00" endTime="2012-12-13T22:12:13.3231799-03:00" testType="13cdc9d9-ddb5-4fa4-a97d-d965ccfc6d4b" outcome="Passed" testListId="8c84fa94-04c1-424b-9868-57a2d4851a1d" relativeResultsDirectory="757c963a-70b2-4f84-9356-c265aa01b218">
      <Output>
        <StdOut>Save/Update: select * from OrdenDeCompra WHERE  OrdenDeCompra.id_proveedor=1  ; select * from documento_movimiento; select * from LineaOrdenDeCompra WHERE borrado = 0
Save/Update: select * from LineaOrdenDeCompra WHERE  LineaOrdenDeCompra.nro_orden_compra=1  AND  LineaOrdenDeCompra.tipo_orden_compra='A' AND  LineaOrdenDeCompra.nro_sucursal=1  
Save/Update: select * from insumo WHERE  insumo.cod_insumo=1  
Save/Update: select * from insumo WHERE  insumo.cod_insumo=2  
Save/Update: select * from Proveedor WHERE  Proveedor.id_proveedor=1  
Save/Update: select * from MovimientosCuenta JOIN documento_movimiento AS documento ON MovimientosCuenta.nro_movimiento=documento.nro_movimiento JOIN proveedor_movimientos AS proveedor ON MovimientosCuenta.nro_movimiento=proveedor.nro_movimiento WHERE documento.nro_Doc=3  AND proveedor.id_proveedor IS NOT  NULL ; select * from proveedor_movimientos; select * from documento_movimiento
Save/Update: select * from LineaOrdenDeCompra WHERE  LineaOrdenDeCompra.nro_orden_compra=2  AND  LineaOrdenDeCompra.tipo_orden_compra='B' AND  LineaOrdenDeCompra.nro_sucursal=1  
Save/Update: select * from insumo WHERE  insumo.cod_insumo=1  
Save/Update: select * from insumo WHERE  insumo.cod_insumo=1  
Save/Update: select * from Proveedor WHERE  Proveedor.id_proveedor=1  
Save/Update: select * from MovimientosCuenta JOIN documento_movimiento AS documento ON MovimientosCuenta.nro_movimiento=documento.nro_movimiento JOIN proveedor_movimientos AS proveedor ON MovimientosCuenta.nro_movimiento=proveedor.nro_movimiento WHERE documento.nro_Doc=4  AND proveedor.id_proveedor IS NOT  NULL ; select * from proveedor_movimientos; select * from documento_movimiento
Save/Update: DELETE LineaOrdenDeCompra WHERE nro_orden_compra=2  AND nro_sucursal=1  AND tipo_orden_compra='A' AND nro_linea=1  
Save/Update: DELETE LineaOrdenDeCompra WHERE nro_orden_compra=2  AND nro_sucursal=1  AND tipo_orden_compra='A' AND nro_linea=2  
Save/Update: DELETE proveedor_movimientos where nro_movimiento=4  ; DELETE documento_movimiento where nro_movimiento=4  ; ;DELETE MovimientosCuenta WHERE nro_movimiento=4  
Save/Update: DELETE FROM OrdenDeCompra WHERE nro_Doc =5
Save/Update: delete documento where nro_doc=5</StdOut>
      </Output>
    </UnitTestResult>
    <UnitTestResult executionId="1ba50056-1dc7-4c1d-81c5-345bea51453c" testId="bcd1f511-94b6-a2b6-4c0d-819d27a24411" testName="buscarDiseñoPorClienteTest" computerName="DIEGO-PC" duration="00:00:00.0131803" startTime="2012-12-13T22:12:13.3251801-03:00" endTime="2012-12-13T22:12:13.3451812-03:00" testType="13cdc9d9-ddb5-4fa4-a97d-d965ccfc6d4b" outcome="Passed" testListId="8c84fa94-04c1-424b-9868-57a2d4851a1d" relativeResultsDirectory="1ba50056-1dc7-4c1d-81c5-345bea51453c">
      <Output>
        <StdOut>Save/Update: select * from Diseño WHERE  Diseño.id_cliente=1  ; select * from historico_estados_diseño WHERE borrado = 0
Save/Update: select * from Cliente WHERE  Cliente.id_cliente=1  ; select * from cliente_movimientos; select * from Pedido WHERE borrado = 0; select * from Factura WHERE borrado = 0; select * from Diseño WHERE borrado = 0
Save/Update: select * from Usuario WHERE  Usuario.usuarioID=1  ; select * from JoinUsuarioToFamilia; select * from JoinPatenteToUsuario
Save/Update: select * from Diseño_insumos WHERE  Diseño_insumos.cod_diseño=1  
Save/Update: select * from historico_estados_diseño WHERE  historico_estados_diseño.cod_diseño=1  
Save/Update: select * from EstadoDiseños WHERE  EstadoDiseños.estado=2  
Save/Update: select * from Cliente WHERE  Cliente.id_cliente=1  ; select * from cliente_movimientos; select * from Pedido WHERE borrado = 0; select * from Factura WHERE borrado = 0; select * from Diseño WHERE borrado = 0
Save/Update: select * from Usuario WHERE  Usuario.usuarioID=1  ; select * from JoinUsuarioToFamilia; select * from JoinPatenteToUsuario
Save/Update: select * from Diseño_insumos WHERE  Diseño_insumos.cod_diseño=2  
Save/Update: select * from historico_estados_diseño WHERE  historico_estados_diseño.cod_diseño=2  
Save/Update: select * from EstadoDiseños WHERE  EstadoDiseños.estado=2  
Save/Update: DELETE FROM Diseño_insumos where cod_diseño=3
Save/Update: DELETE FROM historico_estados_diseño where cod_diseño=3
Save/Update: DELETE Diseño WHERE cod_diseño=3</StdOut>
      </Output>
    </UnitTestResult>
    <UnitTestResult executionId="a2c755f9-f1f0-41b1-9dc5-c6d21e598d14" testId="bdb05735-8cd1-a75d-4d6a-dc0c0dcde2a9" testName="buscarMovimientoPorNroTest" computerName="DIEGO-PC" duration="00:00:00.0064966" startTime="2012-12-13T22:12:13.3471813-03:00" endTime="2012-12-13T22:12:13.3601821-03:00" testType="13cdc9d9-ddb5-4fa4-a97d-d965ccfc6d4b" outcome="Passed" testListId="8c84fa94-04c1-424b-9868-57a2d4851a1d" relativeResultsDirectory="a2c755f9-f1f0-41b1-9dc5-c6d21e598d14">
      <Output>
        <StdOut>Save/Update: select * from MovimientosCuenta JOIN proveedor_movimientos AS proveedor ON MovimientosCuenta.nro_movimiento=proveedor.nro_movimiento WHERE  MovimientosCuenta.nro_movimiento=3  AND proveedor.id_proveedor IS NOT  NULL ; select * from proveedor_movimientos; select * from documento_movimiento
Save/Update: select * from Proveedor WHERE  Proveedor.id_proveedor=1  
Save/Update: select * from OrdenDeCompra WHERE  OrdenDeCompra.id_proveedor=1  ; select * from documento_movimiento; select * from LineaOrdenDeCompra WHERE borrado = 0
Save/Update: select * from OrdenDeCompra WHERE  OrdenDeCompra.nro_Doc=3  ; select * from documento_movimiento; select * from LineaOrdenDeCompra WHERE borrado = 0
Save/Update: select * from tipoMovimiento WHERE  tipoMovimiento.tipoMovimientoID=1  
Save/Update: select * from Cuenta WHERE  Cuenta.cuentaID=1  
Save/Update: DELETE proveedor_movimientos where nro_movimiento=4  ; DELETE documento_movimiento where nro_movimiento=4  ; ;DELETE MovimientosCuenta WHERE nro_movimiento=4</StdOut>
      </Output>
    </UnitTestResult>
    <UnitTestResult executionId="309c0e21-a654-4865-a47c-fbcebad44f16" testId="bde72f4f-f66e-49e5-5a7f-f0f6283a032f" testName="buscarNewsletterParaEnviarTest" computerName="DIEGO-PC" duration="00:00:00.0055215" startTime="2012-12-13T22:12:13.3631822-03:00" endTime="2012-12-13T22:12:13.3761830-03:00" testType="13cdc9d9-ddb5-4fa4-a97d-d965ccfc6d4b" outcome="Passed" testListId="8c84fa94-04c1-424b-9868-57a2d4851a1d" relativeResultsDirectory="309c0e21-a654-4865-a47c-fbcebad44f16">
      <Output>
        <StdOut>Save/Update: select * from newsletter WHERE  newsletter.enviado=0</StdOut>
      </Output>
    </UnitTestResult>
    <UnitTestResult executionId="666bc67b-adb7-4ddd-bd72-b62c9dbf2f16" testId="be2975a5-16cf-8b54-0e33-59e4bc6c38a6" testName="listarOpinionesPorMailTest" computerName="DIEGO-PC" duration="00:00:00.0032489" startTime="2012-12-13T22:12:13.3781831-03:00" endTime="2012-12-13T22:12:13.3881837-03:00" testType="13cdc9d9-ddb5-4fa4-a97d-d965ccfc6d4b" outcome="Passed" testListId="8c84fa94-04c1-424b-9868-57a2d4851a1d" relativeResultsDirectory="666bc67b-adb7-4ddd-bd72-b62c9dbf2f16">
      <Output>
        <StdOut>Save/Update: select * from opiniones WHERE  opiniones.mail LIKE '%mail2@test.com%'</StdOut>
      </Output>
    </UnitTestResult>
    <UnitTestResult executionId="12fbcde2-b7e8-4b34-8487-ec300042d56f" testId="beb08e30-b8b0-b48e-c515-c7a8586c6e54" testName="buscarEstadosTest" computerName="DIEGO-PC" duration="00:00:00.0030692" startTime="2012-12-13T22:12:13.3901838-03:00" endTime="2012-12-13T22:12:13.4001844-03:00" testType="13cdc9d9-ddb5-4fa4-a97d-d965ccfc6d4b" outcome="Passed" testListId="8c84fa94-04c1-424b-9868-57a2d4851a1d" relativeResultsDirectory="12fbcde2-b7e8-4b34-8487-ec300042d56f">
      <Output>
        <StdOut>Save/Update: select * from EstadoDiseños</StdOut>
      </Output>
    </UnitTestResult>
    <UnitTestResult executionId="5e15a6a4-7caf-48bd-8255-c6601e67b28a" testId="bf3337bc-4ebe-14d7-ffa9-91df711ba6a0" testName="modificarProduccionTest" computerName="DIEGO-PC" duration="00:00:00.0092805" startTime="2012-12-13T22:12:13.4031845-03:00" endTime="2012-12-13T22:12:13.4201855-03:00" testType="13cdc9d9-ddb5-4fa4-a97d-d965ccfc6d4b" outcome="Passed" testListId="8c84fa94-04c1-424b-9868-57a2d4851a1d" relativeResultsDirectory="5e15a6a4-7caf-48bd-8255-c6601e67b28a">
      <Output>
        <StdOut>Save/Update: SELECT  ISNULL(MAX(cod_produccion + 1),1) from produccion
Save/Update: INSERT INTO produccion (cod_produccion, comentario, cod_pedido, cod_maquina, cod_articulo, cantidad, estadoActual, utilizacion, fechaInicio, fechaFinal, borrado) VALUES (7 , 'comentario test', 3 , 3 , 7 , 10 , 2 , 1,  CAST('13/12/2012 22:12:13.408'  AS DateTime),  CAST('13/12/2012 22:12:13.408'  AS DateTime), 0 ); UPDATE historico_estados_produccion SET borrado=1 WHERE cod_produccion=7  ; 
Save/Update: select * from produccion WHERE  produccion.comentario LIKE '%comentario test%'; select * from historico_estados_produccion WHERE borrado = 0
Save/Update: UPDATE produccion SET comentario='comentario test', cod_pedido=3 , cod_maquina=3 , cod_articulo=5 , cantidad=10 , estadoActual=3 , utilizacion=1, fechaInicio= CAST('13/12/2012 22:12:13.407'  AS DateTime), fechaFinal= CAST('13/12/2012 22:12:13.407'  AS DateTime), borrado=0  WHERE cod_produccion=7  ; UPDATE historico_estados_produccion SET borrado=1 WHERE cod_produccion=7  ; 
Save/Update: select * from produccion WHERE  produccion.comentario LIKE '%comentario test%'; select * from historico_estados_produccion WHERE borrado = 0
Save/Update: DELETE produccion WHERE cod_produccion=7</StdOut>
      </Output>
    </UnitTestResult>
    <UnitTestResult executionId="b96062d7-6f7f-4430-aa87-432779e52bdd" testId="bf901687-526e-3c4f-d25d-5f1eb0ec55f2" testName="listarFacturasPorClienteTest" computerName="DIEGO-PC" duration="00:00:00.0178364" startTime="2012-12-13T22:12:13.4241857-03:00" endTime="2012-12-13T22:12:13.4481871-03:00" testType="13cdc9d9-ddb5-4fa4-a97d-d965ccfc6d4b" outcome="Passed" testListId="8c84fa94-04c1-424b-9868-57a2d4851a1d" relativeResultsDirectory="b96062d7-6f7f-4430-aa87-432779e52bdd">
      <Output>
        <StdOut>Save/Update: select * from Factura WHERE  Factura.id_cliente=1  ; select * from documento_movimiento; select * from LineaFactura WHERE borrado = 0
Save/Update: select * from LineaFactura WHERE  LineaFactura.nro_factura=1  AND  LineaFactura.tipo_factura='A' AND  LineaFactura.nro_sucursal=1  
Save/Update: select * from Articulos WHERE  Articulos.cod_articulo=1  ; select * from lista_precios WHERE borrado = 0
Save/Update: select * from Articulos WHERE  Articulos.cod_articulo=2  ; select * from lista_precios WHERE borrado = 0
Save/Update: select * from Cliente WHERE  Cliente.id_cliente=1  ; select * from cliente_movimientos; select * from Pedido WHERE borrado = 0; select * from Factura WHERE borrado = 0; select * from Diseño WHERE borrado = 0
Save/Update: select * from Usuario WHERE  Usuario.usuarioID=1  ; select * from JoinUsuarioToFamilia; select * from JoinPatenteToUsuario
Save/Update: select * from MovimientosCuenta JOIN documento_movimiento AS documento ON MovimientosCuenta.nro_movimiento=documento.nro_movimiento JOIN cliente_movimientos AS cliente ON MovimientosCuenta.nro_movimiento=cliente.nro_movimiento WHERE documento.nro_Doc=1  AND cliente.id_cliente IS NOT  NULL ; select * from cliente_movimientos; select * from documento_movimiento
Save/Update: select * from LineaFactura WHERE  LineaFactura.nro_factura=1  AND  LineaFactura.tipo_factura='B' AND  LineaFactura.nro_sucursal=2  
Save/Update: select * from Articulos WHERE  Articulos.cod_articulo=1  ; select * from lista_precios WHERE borrado = 0
Save/Update: select * from Articulos WHERE  Articulos.cod_articulo=2  ; select * from lista_precios WHERE borrado = 0
Save/Update: select * from Cliente WHERE  Cliente.id_cliente=1  ; select * from cliente_movimientos; select * from Pedido WHERE borrado = 0; select * from Factura WHERE borrado = 0; select * from Diseño WHERE borrado = 0
Save/Update: select * from Usuario WHERE  Usuario.usuarioID=1  ; select * from JoinUsuarioToFamilia; select * from JoinPatenteToUsuario
Save/Update: select * from MovimientosCuenta JOIN documento_movimiento AS documento ON MovimientosCuenta.nro_movimiento=documento.nro_movimiento JOIN cliente_movimientos AS cliente ON MovimientosCuenta.nro_movimiento=cliente.nro_movimiento WHERE documento.nro_Doc=2  AND cliente.id_cliente IS NOT  NULL ; select * from cliente_movimientos; select * from documento_movimiento
Save/Update: DELETE LineaFactura WHERE nro_factura=2  AND nro_sucursal=1  AND tipo_factura='A' AND nro_linea=1  
Save/Update: DELETE LineaFactura WHERE nro_factura=2  AND nro_sucursal=1  AND tipo_factura='A' AND nro_linea=2  
Save/Update: DELETE cliente_movimientos where nro_movimiento=4  ; DELETE documento_movimiento where nro_movimiento=4  ; ;DELETE MovimientosCuenta WHERE nro_movimiento=4  
Save/Update: DELETE FROM Factura WHERE nro_Doc =5
Save/Update: delete documento where nro_doc=5</StdOut>
      </Output>
    </UnitTestResult>
    <UnitTestResult executionId="c11a6ae1-b133-4039-b2ae-8a6a62afb4fc" testId="c1679918-c36e-2cbe-87a9-96506a9b38f9" testName="ListarPrendasTest" computerName="DIEGO-PC" duration="00:00:00.0017146" startTime="2012-12-13T22:12:13.4511873-03:00" endTime="2012-12-13T22:12:13.4581877-03:00" testType="13cdc9d9-ddb5-4fa4-a97d-d965ccfc6d4b" outcome="Passed" testListId="8c84fa94-04c1-424b-9868-57a2d4851a1d" relativeResultsDirectory="c11a6ae1-b133-4039-b2ae-8a6a62afb4fc">
      <Output>
        <StdOut>Save/Update: select * from TipoPrenda</StdOut>
      </Output>
    </UnitTestResult>
    <UnitTestResult executionId="04fd5fc3-7eaa-46d6-8c39-ddec9227aadc" testId="c17e6f29-704e-75d9-e266-2faaf40f3e21" testName="calcularDistanciaEntreTrabajosTest1" computerName="DIEGO-PC" duration="00:00:00.0025270" startTime="2012-12-13T22:12:13.4621879-03:00" endTime="2012-12-13T22:12:13.4711884-03:00" testType="13cdc9d9-ddb5-4fa4-a97d-d965ccfc6d4b" outcome="Passed" testListId="8c84fa94-04c1-424b-9868-57a2d4851a1d" relativeResultsDirectory="04fd5fc3-7eaa-46d6-8c39-ddec9227aadc">
      <Output>
        <StdOut>Save/Update: DELETE produccion_operador WHERE id_operador=2  AND cod_prodcuccion=7  
Save/Update: DELETE historico_estados_produccion WHERE nro_estado=1  AND cod_produccion=7  
Save/Update: DELETE historico_estados_produccion WHERE nro_estado=2  AND cod_produccion=7  
Save/Update: DELETE produccion WHERE cod_produccion=7</StdOut>
      </Output>
    </UnitTestResult>
    <UnitTestResult executionId="cf5a4fd8-46cc-477d-aef4-f4bc09b6e71e" testId="c27245e1-4f05-55df-8c6f-e38fa3d47902" testName="grabarFacturaTest" computerName="DIEGO-PC" duration="00:00:00.0189319" startTime="2012-12-13T22:12:13.4731885-03:00" endTime="2012-12-13T22:12:13.4981900-03:00" testType="13cdc9d9-ddb5-4fa4-a97d-d965ccfc6d4b" outcome="Passed" testListId="8c84fa94-04c1-424b-9868-57a2d4851a1d" relativeResultsDirectory="cf5a4fd8-46cc-477d-aef4-f4bc09b6e71e">
      <Output>
        <StdOut>Save/Update: SELECT  ISNULL(MAX(nro_Doc + 1),1) from documento
Save/Update: INSERT INTO documento VALUES (5)
Save/Update: SELECT  ISNULL(MAX(nro_factura + 1),1) from Factura WHERE nro_sucursal=1 AND tipo_factura='A'
Save/Update: INSERT INTO Factura (nro_Doc, iva, fecha, borrado, nro_factura, nro_sucursal, tipo_factura, id_cliente, monto) VALUES (5 , 1.1,  CAST('13/10/2012 21:44:12.000'  AS DateTime), 0 , 2 , 1 , 'A', 2 , 100); UPDATE LineaFactura SET borrado=1 WHERE nro_factura=2  AND nro_sucursal=1  AND tipo_factura='A' ; 
Save/Update: SELECT  ISNULL(MAX(nro_linea + 1),1) from LineaFactura WHERE nro_factura=2 AND nro_sucursal=1 AND tipo_factura='A'
Save/Update: INSERT INTO LineaFactura (nro_factura, nro_sucursal, tipo_factura, nro_linea, cod_producto, cantidad, precio, borrado) VALUES (2 , 1 , 'A', 1 , 2 , 10 , 50, 0 ); 
Save/Update: SELECT  ISNULL(MAX(nro_movimiento + 1),1) from MovimientosCuenta
Save/Update: INSERT INTO MovimientosCuenta (nro_movimiento, comentario, fecha, monto, cuentaID, tipoMovimientoID) VALUES (4 , 'com test',  CAST('13/10/2012 21:44:12.000'  AS DateTime), 100, 1 , 1 ); DELETE cliente_movimientos where nro_movimiento=4  ;  INSERT INTO cliente_movimientos ( nro_movimiento, id_cliente) VALUES ( 4 , 2 ); DELETE documento_movimiento where nro_movimiento=4  ;  INSERT INTO documento_movimiento ( nro_movimiento, nro_Doc) VALUES ( 4 , 5 ); 
Save/Update: select * from Factura WHERE  Factura.nro_factura=2  AND  Factura.nro_sucursal=1  AND  Factura.tipo_factura='A' ; select * from documento_movimiento; select * from LineaFactura WHERE borrado = 0
Save/Update: select * from LineaFactura WHERE  LineaFactura.nro_factura=2  AND  LineaFactura.tipo_factura='A' AND  LineaFactura.nro_sucursal=1  
Save/Update: select * from Articulos WHERE  Articulos.cod_articulo=2  ; select * from lista_precios WHERE borrado = 0
Save/Update: select * from Cliente WHERE  Cliente.id_cliente=2  ; select * from cliente_movimientos; select * from Pedido WHERE borrado = 0; select * from Factura WHERE borrado = 0; select * from Diseño WHERE borrado = 0
Save/Update: select * from Usuario WHERE  Usuario.usuarioID=2  ; select * from JoinUsuarioToFamilia; select * from JoinPatenteToUsuario
Save/Update: select * from MovimientosCuenta JOIN documento_movimiento AS documento ON MovimientosCuenta.nro_movimiento=documento.nro_movimiento JOIN cliente_movimientos AS cliente ON MovimientosCuenta.nro_movimiento=cliente.nro_movimiento WHERE documento.nro_Doc=5  AND cliente.id_cliente IS NOT  NULL ; select * from cliente_movimientos; select * from documento_movimiento
Save/Update: DELETE LineaFactura WHERE nro_factura=2  AND nro_sucursal=1  AND tipo_factura='A' AND nro_linea=1  
Save/Update: DELETE LineaFactura WHERE nro_factura=2  AND nro_sucursal=1  AND tipo_factura='A' AND nro_linea=2  
Save/Update: DELETE cliente_movimientos where nro_movimiento=4  ; DELETE documento_movimiento where nro_movimiento=4  ; ;DELETE MovimientosCuenta WHERE nro_movimiento=4  
Save/Update: DELETE FROM Factura WHERE nro_Doc =5
Save/Update: delete documento where nro_doc=5</StdOut>
      </Output>
    </UnitTestResult>
    <UnitTestResult executionId="e96cbbf7-2c10-422c-bba6-6b064d99be05" testId="c2878fbd-4540-66f8-af38-853465e7a6aa" testName="cargarUsuarioPorFamiliaTest" computerName="DIEGO-PC" duration="00:00:00.0055931" startTime="2012-12-13T22:12:13.5011901-03:00" endTime="2012-12-13T22:12:13.5141909-03:00" testType="13cdc9d9-ddb5-4fa4-a97d-d965ccfc6d4b" outcome="Passed" testListId="8c84fa94-04c1-424b-9868-57a2d4851a1d" relativeResultsDirectory="e96cbbf7-2c10-422c-bba6-6b064d99be05">
      <Output>
        <StdOut>Save/Update: select * from Usuario JOIN JoinUsuarioToFamilia AS familias ON Usuario.usuarioID=familias.usuarioID WHERE familias.familiaID=6  ; select * from JoinUsuarioToFamilia; select * from JoinPatenteToUsuario
Save/Update: DELETE JoinUsuarioToFamilia where usuarioID=6  ; DELETE JoinPatenteToUsuario where usuarioID=6  ; ;DELETE Usuario WHERE usuarioID=6  
Save/Update: UPDATE Usuario SET nombre='nombre5', apellido='apellido5', mail='mail5@test.com', password='pas5', telefonoFijo='5555-5555', telefonoMovil='5555-5555', bloqueado=0  WHERE usuarioID=5  ; DELETE JoinUsuarioToFamilia where usuarioID=5  ; DELETE JoinPatenteToUsuario where usuarioID=5  ;</StdOut>
      </Output>
    </UnitTestResult>
    <UnitTestResult executionId="237e1910-bcd4-4ce5-802a-96600bdfc04d" testId="c37440e9-11a5-99b5-8db4-69844a9128f1" testName="grabarTipoPedidosTest" computerName="DIEGO-PC" duration="00:00:00.0038920" startTime="2012-12-13T22:12:13.5161910-03:00" endTime="2012-12-13T22:12:13.5251915-03:00" testType="13cdc9d9-ddb5-4fa4-a97d-d965ccfc6d4b" outcome="Passed" testListId="8c84fa94-04c1-424b-9868-57a2d4851a1d" relativeResultsDirectory="237e1910-bcd4-4ce5-802a-96600bdfc04d">
      <Output>
        <StdOut>Save/Update: INSERT INTO tipoPedido (tipo_pedido, descripcion) VALUES (3 , 'tipo test'); 
Save/Update: select * from tipoPedido
Save/Update: DELETE tipoPedido WHERE tipo_pedido=3</StdOut>
      </Output>
    </UnitTestResult>
    <UnitTestResult executionId="3477efd4-0cc4-408b-9a37-cfdf23d840e5" testId="c40068e0-385e-bf45-abe2-9f61f6d3993f" testName="modificarMovimientosClienteTest" computerName="DIEGO-PC" duration="00:00:00.0098189" startTime="2012-12-13T22:12:13.5281917-03:00" endTime="2012-12-13T22:12:13.5451926-03:00" testType="13cdc9d9-ddb5-4fa4-a97d-d965ccfc6d4b" outcome="Passed" testListId="8c84fa94-04c1-424b-9868-57a2d4851a1d" relativeResultsDirectory="3477efd4-0cc4-408b-9a37-cfdf23d840e5">
      <Output>
        <StdOut>Save/Update: SELECT  ISNULL(MAX(nro_movimiento + 1),1) from MovimientosCuenta
Save/Update: INSERT INTO MovimientosCuenta (nro_movimiento, comentario, fecha, monto, cuentaID, tipoMovimientoID) VALUES (4 , 'com4',  CAST('13/12/2012 22:12:13.533'  AS DateTime), 33.3, 1 , 2 ); DELETE proveedor_movimientos where nro_movimiento=4  ;  INSERT INTO proveedor_movimientos ( nro_movimiento, id_proveedor) VALUES ( 4 , 2 ); DELETE documento_movimiento where nro_movimiento=4  ; 
Save/Update: select * from MovimientosCuenta JOIN proveedor_movimientos AS proveedor ON MovimientosCuenta.nro_movimiento=proveedor.nro_movimiento WHERE  MovimientosCuenta.nro_movimiento=4  AND  MovimientosCuenta.monto=33.3 AND proveedor.id_proveedor IS NOT  NULL ; select * from proveedor_movimientos; select * from documento_movimiento
Save/Update: UPDATE MovimientosCuenta SET comentario='com4', fecha= CAST('13/12/2012 22:12:13.533'  AS DateTime), monto=33.3, cuentaID=1 , tipoMovimientoID=2  WHERE nro_movimiento=4  ; DELETE proveedor_movimientos where nro_movimiento=4  ;  INSERT INTO proveedor_movimientos ( nro_movimiento, id_proveedor) VALUES ( 4 , 3 ); DELETE documento_movimiento where nro_movimiento=4  ; 
Save/Update: select * from MovimientosCuenta JOIN proveedor_movimientos AS proveedor ON MovimientosCuenta.nro_movimiento=proveedor.nro_movimiento WHERE  MovimientosCuenta.nro_movimiento=4  AND  MovimientosCuenta.monto=33.3 AND proveedor.id_proveedor IS NOT  NULL AND proveedor.id_proveedor IS NOT  NULL ; select * from proveedor_movimientos; select * from documento_movimiento
Save/Update: DELETE proveedor_movimientos where nro_movimiento=4  ; DELETE documento_movimiento where nro_movimiento=4  ; ;DELETE MovimientosCuenta WHERE nro_movimiento=4</StdOut>
      </Output>
    </UnitTestResult>
    <UnitTestResult executionId="b76ae51d-9e29-4bf1-9ec1-58d87b7a9934" testId="c6a2f7ad-0298-580e-2fa3-bbb6c9b28898" testName="listarFacturasPorIdTest" computerName="DIEGO-PC" duration="00:00:00.0104263" startTime="2012-12-13T22:12:13.5471928-03:00" endTime="2012-12-13T22:12:13.5641937-03:00" testType="13cdc9d9-ddb5-4fa4-a97d-d965ccfc6d4b" outcome="Passed" testListId="8c84fa94-04c1-424b-9868-57a2d4851a1d" relativeResultsDirectory="b76ae51d-9e29-4bf1-9ec1-58d87b7a9934">
      <Output>
        <StdOut>Save/Update: select * from Factura WHERE  Factura.nro_factura=1  AND  Factura.nro_sucursal=1  AND  Factura.tipo_factura='A' ; select * from documento_movimiento; select * from LineaFactura WHERE borrado = 0
Save/Update: select * from LineaFactura WHERE  LineaFactura.nro_factura=1  AND  LineaFactura.tipo_factura='A' AND  LineaFactura.nro_sucursal=1  
Save/Update: select * from Articulos WHERE  Articulos.cod_articulo=1  ; select * from lista_precios WHERE borrado = 0
Save/Update: select * from Articulos WHERE  Articulos.cod_articulo=2  ; select * from lista_precios WHERE borrado = 0
Save/Update: select * from Cliente WHERE  Cliente.id_cliente=1  ; select * from cliente_movimientos; select * from Pedido WHERE borrado = 0; select * from Factura WHERE borrado = 0; select * from Diseño WHERE borrado = 0
Save/Update: select * from Usuario WHERE  Usuario.usuarioID=1  ; select * from JoinUsuarioToFamilia; select * from JoinPatenteToUsuario
Save/Update: select * from MovimientosCuenta JOIN documento_movimiento AS documento ON MovimientosCuenta.nro_movimiento=documento.nro_movimiento JOIN cliente_movimientos AS cliente ON MovimientosCuenta.nro_movimiento=cliente.nro_movimiento WHERE documento.nro_Doc=1  AND cliente.id_cliente IS NOT  NULL ; select * from cliente_movimientos; select * from documento_movimiento
Save/Update: DELETE LineaFactura WHERE nro_factura=2  AND nro_sucursal=1  AND tipo_factura='A' AND nro_linea=1  
Save/Update: DELETE LineaFactura WHERE nro_factura=2  AND nro_sucursal=1  AND tipo_factura='A' AND nro_linea=2  
Save/Update: DELETE cliente_movimientos where nro_movimiento=4  ; DELETE documento_movimiento where nro_movimiento=4  ; ;DELETE MovimientosCuenta WHERE nro_movimiento=4  
Save/Update: DELETE FROM Factura WHERE nro_Doc =5
Save/Update: delete documento where nro_doc=5</StdOut>
      </Output>
    </UnitTestResult>
    <UnitTestResult executionId="7ff0bfb9-e555-4cf0-b516-31550112ef6a" testId="c6f9c8d4-b42f-f506-2486-8ec3f82f78d3" testName="cargarFamiliasTest" computerName="DIEGO-PC" duration="00:00:00.0023029" startTime="2012-12-13T22:12:13.5671939-03:00" endTime="2012-12-13T22:12:13.5751944-03:00" testType="13cdc9d9-ddb5-4fa4-a97d-d965ccfc6d4b" outcome="Passed" testListId="8c84fa94-04c1-424b-9868-57a2d4851a1d" relativeResultsDirectory="7ff0bfb9-e555-4cf0-b516-31550112ef6a">
      <Output>
        <StdOut>Save/Update: select * from Familia; select * from JoinFamiliaToPatente</StdOut>
      </Output>
    </UnitTestResult>
    <UnitTestResult executionId="588e8d3e-a7a9-4f58-81c9-14fba344585c" testId="c736d05f-3776-7117-cc83-8e6ae9b75cf4" testName="cargarMovimientosConRestriccionesTest" computerName="DIEGO-PC" duration="00:00:00.0075572" startTime="2012-12-13T22:12:13.5791946-03:00" endTime="2012-12-13T22:12:13.5931954-03:00" testType="13cdc9d9-ddb5-4fa4-a97d-d965ccfc6d4b" outcome="Passed" testListId="8c84fa94-04c1-424b-9868-57a2d4851a1d" relativeResultsDirectory="588e8d3e-a7a9-4f58-81c9-14fba344585c">
      <Output>
        <StdOut>Save/Update: select * from MovimientosCuenta JOIN cliente_movimientos AS cliente ON MovimientosCuenta.nro_movimiento=cliente.nro_movimiento WHERE  MovimientosCuenta.nro_movimiento=1  AND  MovimientosCuenta.comentario LIKE '%m1%'AND  MovimientosCuenta.fecha= CAST('11/11/2011 00:00:00.000'  AS DateTime) AND  MovimientosCuenta.monto&gt;=5 AND  MovimientosCuenta.monto&lt;=15 AND  MovimientosCuenta.cuentaID=1  AND  MovimientosCuenta.tipoMovimientoID=1  AND cliente.id_cliente=1  AND cliente.id_cliente IS NOT  NULL ; select * from cliente_movimientos; select * from documento_movimiento
Save/Update: DELETE cliente_movimientos where nro_movimiento=4  ; DELETE documento_movimiento where nro_movimiento=4  ; ;DELETE MovimientosCuenta WHERE nro_movimiento=4</StdOut>
      </Output>
    </UnitTestResult>
    <UnitTestResult executionId="cc88bab1-0064-4ab8-bf17-5c17cbf257f0" testId="c9059140-bd68-daef-e19b-ffc08869ca24" testName="borrarMovimientosTest" computerName="DIEGO-PC" duration="00:00:00.0045283" startTime="2012-12-13T22:12:13.5961956-03:00" endTime="2012-12-13T22:12:13.6061961-03:00" testType="13cdc9d9-ddb5-4fa4-a97d-d965ccfc6d4b" outcome="Passed" testListId="8c84fa94-04c1-424b-9868-57a2d4851a1d" relativeResultsDirectory="cc88bab1-0064-4ab8-bf17-5c17cbf257f0">
      <Output>
        <StdOut>Save/Update: SELECT  ISNULL(MAX(nro_movimiento + 1),1) from MovimientosStock WHERE cod_insumo=1
Save/Update: INSERT INTO MovimientosStock (nro_movimiento, cod_insumo, tipo, fecha, cantidad) VALUES (3 , 1 , 1 ,  CAST('11/11/2012 00:00:00.000'  AS DateTime), 15); 
Save/Update: select * from MovimientosStock WHERE  MovimientosStock.cod_insumo=1  AND  MovimientosStock.nro_movimiento=3  
Save/Update: DELETE MovimientosStock WHERE nro_movimiento=3  AND cod_insumo=1  
Save/Update: select * from MovimientosStock WHERE  MovimientosStock.cod_insumo=1  AND  MovimientosStock.nro_movimiento=3  
Save/Update: DELETE MovimientosStock WHERE nro_movimiento=3  AND cod_insumo=1</StdOut>
      </Output>
    </UnitTestResult>
    <UnitTestResult executionId="562e7fd2-a51d-4f6b-8e53-fe14e91842a1" testId="c928c59c-16e9-64be-3633-321da85248bf" testName="buscarDiseñoInsumoTest" computerName="DIEGO-PC" duration="00:00:00.0021045" startTime="2012-12-13T22:12:13.6081962-03:00" endTime="2012-12-13T22:12:13.6181968-03:00" testType="13cdc9d9-ddb5-4fa4-a97d-d965ccfc6d4b" outcome="Passed" testListId="8c84fa94-04c1-424b-9868-57a2d4851a1d" relativeResultsDirectory="562e7fd2-a51d-4f6b-8e53-fe14e91842a1">
      <Output>
        <StdOut>Save/Update: select * from Diseño_insumos
Save/Update: DELETE Diseño_insumos WHERE cod_diseño=2  AND cod_insumo=1</StdOut>
      </Output>
    </UnitTestResult>
    <UnitTestResult executionId="08e78895-f551-4c0d-870c-994d7c6a9d23" testId="c931a490-990c-5326-1530-0428c428a145" testName="listarMovimientosPorClienteTest" computerName="DIEGO-PC" duration="00:00:00.0247420" startTime="2012-12-13T22:12:13.6211970-03:00" endTime="2012-12-13T22:12:13.6521988-03:00" testType="13cdc9d9-ddb5-4fa4-a97d-d965ccfc6d4b" outcome="Passed" testListId="8c84fa94-04c1-424b-9868-57a2d4851a1d" relativeResultsDirectory="08e78895-f551-4c0d-870c-994d7c6a9d23">
      <Output>
        <StdOut>Save/Update: select * from MovimientosCuenta JOIN cliente_movimientos AS cliente ON MovimientosCuenta.nro_movimiento=cliente.nro_movimiento WHERE cliente.id_cliente IS NOT  NULL ; select * from cliente_movimientos; select * from documento_movimiento
Save/Update: select * from Cliente WHERE  Cliente.id_cliente=1  ; select * from cliente_movimientos; select * from Pedido WHERE borrado = 0; select * from Factura WHERE borrado = 0; select * from Diseño WHERE borrado = 0
Save/Update: select * from Usuario WHERE  Usuario.usuarioID=1  ; select * from JoinUsuarioToFamilia; select * from JoinPatenteToUsuario
Save/Update: select * from Familia JOIN JoinUsuarioToFamilia AS usuarios ON Familia.familiaID=usuarios.familiaID WHERE usuarios.usuarioID=1  ; select * from JoinFamiliaToPatente
Save/Update: select * from Patente JOIN JoinPatenteToUsuario AS usuario ON Patente.patenteId=usuario.patenteId WHERE usuario.usuarioID=1  
Save/Update: select * from Cliente WHERE  Cliente.usuarioID=1  ; select * from cliente_movimientos; select * from Pedido WHERE borrado = 0; select * from Factura WHERE borrado = 0; select * from Diseño WHERE borrado = 0
Save/Update: select * from Diseño WHERE  Diseño.id_cliente=1  ; select * from historico_estados_diseño WHERE borrado = 0
Save/Update: select * from Factura WHERE  Factura.id_cliente=1  ; select * from documento_movimiento; select * from LineaFactura WHERE borrado = 0
Save/Update: select * from Pedido WHERE  Pedido.id_cliente=1  ; select * from produccion WHERE borrado = 0; select * from historico_estados_pedido WHERE borrado = 0
Save/Update: select * from MovimientosCuenta JOIN cliente_movimientos AS cliente ON MovimientosCuenta.nro_movimiento=cliente.nro_movimiento WHERE cliente.id_cliente=1  AND cliente.id_cliente IS NOT  NULL ; select * from cliente_movimientos; select * from documento_movimiento
Save/Update: select * from Factura WHERE  Factura.nro_Doc=1  ; select * from documento_movimiento; select * from LineaFactura WHERE borrado = 0
Save/Update: select * from tipoMovimiento WHERE  tipoMovimiento.tipoMovimientoID=1  
Save/Update: select * from Cuenta WHERE  Cuenta.cuentaID=1  
Save/Update: select * from Cliente WHERE  Cliente.id_cliente=1  ; select * from cliente_movimientos; select * from Pedido WHERE borrado = 0; select * from Factura WHERE borrado = 0; select * from Diseño WHERE borrado = 0
Save/Update: select * from Usuario WHERE  Usuario.usuarioID=1  ; select * from JoinUsuarioToFamilia; select * from JoinPatenteToUsuario
Save/Update: select * from Familia JOIN JoinUsuarioToFamilia AS usuarios ON Familia.familiaID=usuarios.familiaID WHERE usuarios.usuarioID=1  ; select * from JoinFamiliaToPatente
Save/Update: select * from Patente JOIN JoinPatenteToUsuario AS usuario ON Patente.patenteId=usuario.patenteId WHERE usuario.usuarioID=1  
Save/Update: select * from Cliente WHERE  Cliente.usuarioID=1  ; select * from cliente_movimientos; select * from Pedido WHERE borrado = 0; select * from Factura WHERE borrado = 0; select * from Diseño WHERE borrado = 0
Save/Update: select * from Diseño WHERE  Diseño.id_cliente=1  ; select * from historico_estados_diseño WHERE borrado = 0
Save/Update: select * from Factura WHERE  Factura.id_cliente=1  ; select * from documento_movimiento; select * from LineaFactura WHERE borrado = 0
Save/Update: select * from Pedido WHERE  Pedido.id_cliente=1  ; select * from produccion WHERE borrado = 0; select * from historico_estados_pedido WHERE borrado = 0
Save/Update: select * from MovimientosCuenta JOIN cliente_movimientos AS cliente ON MovimientosCuenta.nro_movimiento=cliente.nro_movimiento WHERE cliente.id_cliente=1  AND cliente.id_cliente IS NOT  NULL ; select * from cliente_movimientos; select * from documento_movimiento
Save/Update: select * from tipoMovimiento WHERE  tipoMovimiento.tipoMovimientoID=1  
Save/Update: select * from Cuenta WHERE  Cuenta.cuentaID=1  
Save/Update: DELETE cliente_movimientos where nro_movimiento=4  ; DELETE documento_movimiento where nro_movimiento=4  ; ;DELETE MovimientosCuenta WHERE nro_movimiento=4</StdOut>
      </Output>
    </UnitTestResult>
    <UnitTestResult executionId="dc81f60d-e195-4038-9b18-01aebdf53dba" testId="c96dfb21-7af5-153f-a5d2-8445e5fcca59" testName="cargarMaquinasConRestriccionesTest" computerName="DIEGO-PC" duration="00:00:00.0050492" startTime="2012-12-13T22:12:13.6551989-03:00" endTime="2012-12-13T22:12:13.6671996-03:00" testType="13cdc9d9-ddb5-4fa4-a97d-d965ccfc6d4b" outcome="Passed" testListId="8c84fa94-04c1-424b-9868-57a2d4851a1d" relativeResultsDirectory="dc81f60d-e195-4038-9b18-01aebdf53dba">
      <Output>
        <StdOut>Save/Update: select * from Maquina WHERE  Maquina.cod_maquina=1  AND  Maquina.altoMargen&lt;=20  AND  Maquina.anchoMargen&gt;=10  AND  Maquina.cabezales=1  AND  Maquina.nombre LIKE '%e1%'AND  Maquina.velocidadPromedio&gt;=111  AND  Maquina.cantidadColores&gt;=2  ; select * from JoinMaquinaToTipoPrenda
Save/Update: DELETE JoinMaquinaToTipoPrenda where cod_maquina=4  ; ;DELETE Maquina WHERE cod_maquina=4</StdOut>
      </Output>
    </UnitTestResult>
    <UnitTestResult executionId="40a6175e-2c00-440d-b52b-24716782de65" testId="cab5d754-b046-c047-88d8-b763f582d340" testName="buscarOperadoresTest" computerName="DIEGO-PC" duration="00:00:00.0019863" startTime="2012-12-13T22:12:13.6721999-03:00" endTime="2012-12-13T22:12:13.6812004-03:00" testType="13cdc9d9-ddb5-4fa4-a97d-d965ccfc6d4b" outcome="Passed" testListId="8c84fa94-04c1-424b-9868-57a2d4851a1d" relativeResultsDirectory="40a6175e-2c00-440d-b52b-24716782de65">
      <Output>
        <StdOut>Save/Update: select * from operador
Save/Update: DELETE operador WHERE id_Operador=3</StdOut>
      </Output>
    </UnitTestResult>
    <UnitTestResult executionId="5471cfe4-690e-411d-bf77-274d3d37f4c3" testId="cb0676d4-b73b-00c6-8824-aa32bdf40010" testName="calcularFinalizacionTest" computerName="DIEGO-PC" duration="00:00:00.0049735" startTime="2012-12-13T22:12:13.6852007-03:00" endTime="2012-12-13T22:12:13.6982014-03:00" testType="13cdc9d9-ddb5-4fa4-a97d-d965ccfc6d4b" outcome="Passed" testListId="8c84fa94-04c1-424b-9868-57a2d4851a1d" relativeResultsDirectory="5471cfe4-690e-411d-bf77-274d3d37f4c3">
      <Output>
        <StdOut>Save/Update: DELETE produccion_operador WHERE id_operador=2  AND cod_prodcuccion=7  
Save/Update: DELETE historico_estados_produccion WHERE nro_estado=1  AND cod_produccion=7  
Save/Update: DELETE historico_estados_produccion WHERE nro_estado=2  AND cod_produccion=7  
Save/Update: DELETE produccion WHERE cod_produccion=7</StdOut>
      </Output>
    </UnitTestResult>
    <UnitTestResult executionId="1cbcb7fa-1a2b-4317-9394-76f69fa57ab8" testId="cb68f00e-cb19-bf47-0657-80219e1c9cfa" testName="borrarTest" computerName="DIEGO-PC" duration="00:00:00.0078521" startTime="2012-12-13T22:12:13.7032017-03:00" endTime="2012-12-13T22:12:13.7182025-03:00" testType="13cdc9d9-ddb5-4fa4-a97d-d965ccfc6d4b" outcome="Passed" testListId="8c84fa94-04c1-424b-9868-57a2d4851a1d" relativeResultsDirectory="1cbcb7fa-1a2b-4317-9394-76f69fa57ab8">
      <Output>
        <StdOut>Save/Update: SELECT  ISNULL(MAX(id + 1),1) from Mensaje
Save/Update: INSERT INTO Mensaje (id, tipoMensaje, fecha, mensaje, leido, borrado, id_conversacion) VALUES (5 , 0 ,  CAST('13/12/2012 22:12:13.708'  AS DateTime), 'test msj grabarMensajeTest', 0 , 0 , 1 ); 
Save/Update: select * from Mensaje WHERE  Mensaje.id_conversacion=1  
Save/Update: DELETE Mensaje WHERE id=5  
Save/Update: select * from Mensaje WHERE  Mensaje.id_conversacion=1</StdOut>
      </Output>
    </UnitTestResult>
    <UnitTestResult executionId="cfd1ee9b-1237-46ac-8a52-d80c67ca266e" testId="cb854ea1-43fe-4e51-b3cc-ba77c8dba841" testName="buscarArticulosConRestriccionesTest" computerName="DIEGO-PC" duration="00:00:00.0206325" startTime="2012-12-13T22:12:13.7222028-03:00" endTime="2012-12-13T22:12:13.7512044-03:00" testType="13cdc9d9-ddb5-4fa4-a97d-d965ccfc6d4b" outcome="Passed" testListId="8c84fa94-04c1-424b-9868-57a2d4851a1d" relativeResultsDirectory="cfd1ee9b-1237-46ac-8a52-d80c67ca266e">
      <Output>
        <StdOut>Save/Update: select * from Articulos WHERE  Articulos.cod_articulo=1  AND  Articulos.comentario='com1' AND  Articulos.diseñoID=1  AND  Articulos.precioActual=2.1 AND  Articulos.tipoPrendaID=1  AND  Articulos.produccion=10  ; select * from lista_precios WHERE borrado = 0
Save/Update: DELETE Articulos WHERE cod_articulo=4</StdOut>
      </Output>
    </UnitTestResult>
    <UnitTestResult executionId="71d8c4e8-0216-4d72-a052-a16abc64b86c" testId="cc6fe6c4-963e-60ba-9611-8e531f6502c5" testName="cargarClientePorFacturaTest" computerName="DIEGO-PC" duration="00:00:00.0122663" startTime="2012-12-13T22:12:13.7572048-03:00" endTime="2012-12-13T22:12:13.7762059-03:00" testType="13cdc9d9-ddb5-4fa4-a97d-d965ccfc6d4b" outcome="Passed" testListId="8c84fa94-04c1-424b-9868-57a2d4851a1d" relativeResultsDirectory="71d8c4e8-0216-4d72-a052-a16abc64b86c">
      <Output>
        <StdOut>Save/Update: select * from Cliente JOIN Factura AS facturas ON Cliente.id_cliente=facturas.id_cliente JOIN Diseño AS diseño ON Cliente.id_cliente=diseño.id_cliente JOIN cliente_movimientos AS movimientosCuentaCorriente ON Cliente.id_cliente=movimientosCuentaCorriente.id_cliente WHERE facturas.nro_Doc=1  AND diseño.cod_diseño=2  AND movimientosCuentaCorriente.nro_movimiento=1  AND  Cliente.newsletter=0  ; select * from cliente_movimientos; select * from Pedido WHERE borrado = 0; select * from Factura WHERE borrado = 0; select * from Diseño WHERE borrado = 0</StdOut>
      </Output>
    </UnitTestResult>
    <UnitTestResult executionId="f5e419aa-4d15-42fd-8328-53b67ef415e5" testId="ccb6e01a-8e1d-d753-d587-f8c1f14a9dc4" testName="grabarNewsletterTest" computerName="DIEGO-PC" duration="00:00:00.0035832" startTime="2012-12-13T22:12:13.7782060-03:00" endTime="2012-12-13T22:12:13.7882065-03:00" testType="13cdc9d9-ddb5-4fa4-a97d-d965ccfc6d4b" outcome="Passed" testListId="8c84fa94-04c1-424b-9868-57a2d4851a1d" relativeResultsDirectory="f5e419aa-4d15-42fd-8328-53b67ef415e5">
      <Output>
        <StdOut>Save/Update: SELECT  ISNULL(MAX(id + 1),1) from newsletter
Save/Update: INSERT INTO newsletter (id, newsletter, nombre, enviado) VALUES (3 , 'html', 'news3', 0 ); 
Save/Update: select * from newsletter
Save/Update: DELETE newsletter WHERE id=3</StdOut>
      </Output>
    </UnitTestResult>
    <UnitTestResult executionId="5606b7d4-70c2-4c98-9787-d275498a4c39" testId="ccbeee50-2d58-025b-2df8-75ec6a26b781" testName="buscarNewsletterPorNombreTest" computerName="DIEGO-PC" duration="00:00:00.0016983" startTime="2012-12-13T22:12:13.7912067-03:00" endTime="2012-12-13T22:12:13.7992072-03:00" testType="13cdc9d9-ddb5-4fa4-a97d-d965ccfc6d4b" outcome="Passed" testListId="8c84fa94-04c1-424b-9868-57a2d4851a1d" relativeResultsDirectory="5606b7d4-70c2-4c98-9787-d275498a4c39">
      <Output>
        <StdOut>Save/Update: select * from newsletter WHERE  newsletter.nombre='news1'</StdOut>
      </Output>
    </UnitTestResult>
    <UnitTestResult executionId="fa95a5a5-e1ba-4e57-ab61-4fddf939729a" testId="cdf27cc7-0312-7eab-0024-7c2c609d9e03" testName="actualizarProduccionTest" computerName="DIEGO-PC" duration="00:00:00.0200428" startTime="2012-12-13T22:12:13.8002072-03:00" endTime="2012-12-13T22:12:13.8272088-03:00" testType="13cdc9d9-ddb5-4fa4-a97d-d965ccfc6d4b" outcome="Passed" testListId="8c84fa94-04c1-424b-9868-57a2d4851a1d" relativeResultsDirectory="fa95a5a5-e1ba-4e57-ab61-4fddf939729a">
      <Output>
        <StdOut>Save/Update: SELECT  ISNULL(MAX(cod_produccion + 1),1) from produccion
Save/Update: INSERT INTO produccion (cod_produccion, comentario, cod_pedido, cod_maquina, cod_articulo, cantidad, estadoActual, utilizacion, fechaInicio, fechaFinal, borrado) VALUES (7 , 'com test', 3 , 3 , 3 , 10 , 1 , 1,  CAST('09/10/2012 10:00:00.000'  AS DateTime),  CAST('09/10/2012 14:00:00.000'  AS DateTime), 0 ); UPDATE historico_estados_produccion SET borrado=1 WHERE cod_produccion=7  ; 
Save/Update: SELECT  ISNULL(MAX(nro_estado + 1),1) from historico_estados_produccion WHERE cod_produccion=7
Save/Update: INSERT INTO historico_estados_produccion (nro_estado, comentario, cod_produccion, fechaDesde, fechaHasta, estado, borrado) VALUES (1 , 'com test', 7 ,  CAST('13/12/2012 22:12:13.806'  AS DateTime),  NULL , 1 , 0 ); 
Save/Update: select * from produccion WHERE  produccion.cod_produccion=7  ; select * from historico_estados_produccion WHERE borrado = 0
Save/Update: select * from Pedido WHERE  Pedido.cod_pedido=3  ; select * from produccion WHERE borrado = 0; select * from historico_estados_pedido WHERE borrado = 0
Save/Update: select * from Maquina WHERE  Maquina.cod_maquina=3  ; select * from JoinMaquinaToTipoPrenda
Save/Update: select * from Articulos WHERE  Articulos.cod_articulo=3  ; select * from lista_precios WHERE borrado = 0
Save/Update: select * from EstadoTrabajos WHERE  EstadoTrabajos.cod_estado=1  
Save/Update: select * from historico_estados_produccion WHERE  historico_estados_produccion.cod_produccion=7  
Save/Update: select * from produccion_operador WHERE  produccion_operador.cod_prodcuccion=7  
Save/Update: UPDATE produccion SET comentario='com test', cod_pedido=3 , cod_maquina=3 , cod_articulo=3 , cantidad=10 , estadoActual=1 , utilizacion=1, fechaInicio= CAST('09/10/2012 10:00:00.000'  AS DateTime), fechaFinal= CAST('09/10/2012 14:00:00.000'  AS DateTime), borrado=0  WHERE cod_produccion=7  ; UPDATE historico_estados_produccion SET borrado=1 WHERE cod_produccion=7  ; 
Save/Update: INSERT INTO produccion_operador (id_operador, cod_prodcuccion, porcentaje) VALUES (2 , 7 , 100 ); 
Save/Update: UPDATE historico_estados_produccion SET comentario='com test', fechaDesde= CAST('13/12/2012 22:12:13.807'  AS DateTime), fechaHasta= CAST('09/10/2012 14:00:00.000'  AS DateTime), estado=1 , borrado=0  WHERE nro_estado=1  AND cod_produccion=7  ; 
Save/Update: SELECT  ISNULL(MAX(nro_estado + 1),1) from historico_estados_produccion WHERE cod_produccion=7
Save/Update: INSERT INTO historico_estados_produccion (nro_estado, comentario, cod_produccion, fechaDesde, fechaHasta, estado, borrado) VALUES (2 , 'com test', 7 ,  CAST('13/12/2012 22:12:13.814'  AS DateTime),  NULL , 3 , 0 ); 
Save/Update: select * from produccion WHERE  produccion.cod_produccion=7  ; select * from historico_estados_produccion WHERE borrado = 0
Save/Update: select * from Pedido WHERE  Pedido.cod_pedido=3  ; select * from produccion WHERE borrado = 0; select * from historico_estados_pedido WHERE borrado = 0
Save/Update: select * from Maquina WHERE  Maquina.cod_maquina=3  ; select * from JoinMaquinaToTipoPrenda
Save/Update: select * from Articulos WHERE  Articulos.cod_articulo=3  ; select * from lista_precios WHERE borrado = 0
Save/Update: select * from EstadoTrabajos WHERE  EstadoTrabajos.cod_estado=1  
Save/Update: select * from historico_estados_produccion WHERE  historico_estados_produccion.cod_produccion=7  
Save/Update: select * from produccion_operador WHERE  produccion_operador.cod_prodcuccion=7  
Save/Update: DELETE produccion_operador WHERE id_operador=2  AND cod_prodcuccion=7  
Save/Update: DELETE historico_estados_produccion WHERE nro_estado=1  AND cod_produccion=7  
Save/Update: DELETE historico_estados_produccion WHERE nro_estado=2  AND cod_produccion=7  
Save/Update: DELETE produccion WHERE cod_produccion=7</StdOut>
      </Output>
    </UnitTestResult>
    <UnitTestResult executionId="66df7485-b00f-4a5c-a2f0-9f2e383baf3c" testId="ce459473-fe89-efb8-04f6-e4458eb5deac" testName="listarFacturasPorClienteTest" computerName="DIEGO-PC" duration="00:00:00.0178432" startTime="2012-12-13T22:12:13.8302089-03:00" endTime="2012-12-13T22:12:13.8542103-03:00" testType="13cdc9d9-ddb5-4fa4-a97d-d965ccfc6d4b" outcome="Passed" testListId="8c84fa94-04c1-424b-9868-57a2d4851a1d" relativeResultsDirectory="66df7485-b00f-4a5c-a2f0-9f2e383baf3c">
      <Output>
        <StdOut>Save/Update: select * from Factura WHERE  Factura.id_cliente=1  ; select * from documento_movimiento; select * from LineaFactura WHERE borrado = 0
Save/Update: select * from LineaFactura WHERE  LineaFactura.nro_factura=1  AND  LineaFactura.tipo_factura='A' AND  LineaFactura.nro_sucursal=1  
Save/Update: select * from Articulos WHERE  Articulos.cod_articulo=1  ; select * from lista_precios WHERE borrado = 0
Save/Update: select * from Articulos WHERE  Articulos.cod_articulo=2  ; select * from lista_precios WHERE borrado = 0
Save/Update: select * from Cliente WHERE  Cliente.id_cliente=1  ; select * from cliente_movimientos; select * from Pedido WHERE borrado = 0; select * from Factura WHERE borrado = 0; select * from Diseño WHERE borrado = 0
Save/Update: select * from Usuario WHERE  Usuario.usuarioID=1  ; select * from JoinUsuarioToFamilia; select * from JoinPatenteToUsuario
Save/Update: select * from MovimientosCuenta JOIN documento_movimiento AS documento ON MovimientosCuenta.nro_movimiento=documento.nro_movimiento JOIN cliente_movimientos AS cliente ON MovimientosCuenta.nro_movimiento=cliente.nro_movimiento WHERE documento.nro_Doc=1  AND cliente.id_cliente IS NOT  NULL ; select * from cliente_movimientos; select * from documento_movimiento
Save/Update: select * from LineaFactura WHERE  LineaFactura.nro_factura=1  AND  LineaFactura.tipo_factura='B' AND  LineaFactura.nro_sucursal=2  
Save/Update: select * from Articulos WHERE  Articulos.cod_articulo=1  ; select * from lista_precios WHERE borrado = 0
Save/Update: select * from Articulos WHERE  Articulos.cod_articulo=2  ; select * from lista_precios WHERE borrado = 0
Save/Update: select * from Cliente WHERE  Cliente.id_cliente=1  ; select * from cliente_movimientos; select * from Pedido WHERE borrado = 0; select * from Factura WHERE borrado = 0; select * from Diseño WHERE borrado = 0
Save/Update: select * from Usuario WHERE  Usuario.usuarioID=1  ; select * from JoinUsuarioToFamilia; select * from JoinPatenteToUsuario
Save/Update: select * from MovimientosCuenta JOIN documento_movimiento AS documento ON MovimientosCuenta.nro_movimiento=documento.nro_movimiento JOIN cliente_movimientos AS cliente ON MovimientosCuenta.nro_movimiento=cliente.nro_movimiento WHERE documento.nro_Doc=2  AND cliente.id_cliente IS NOT  NULL ; select * from cliente_movimientos; select * from documento_movimiento
Save/Update: DELETE LineaFactura WHERE nro_factura=2  AND nro_sucursal=1  AND tipo_factura='A' AND nro_linea=1  
Save/Update: DELETE LineaFactura WHERE nro_factura=2  AND nro_sucursal=1  AND tipo_factura='A' AND nro_linea=2  
Save/Update: DELETE cliente_movimientos where nro_movimiento=4  ; DELETE documento_movimiento where nro_movimiento=4  ; ;DELETE MovimientosCuenta WHERE nro_movimiento=4  
Save/Update: DELETE FROM Factura WHERE nro_Doc =5
Save/Update: delete documento where nro_doc=5</StdOut>
      </Output>
    </UnitTestResult>
    <UnitTestResult executionId="4fd80bce-5c89-4b30-a387-e7de7fbac733" testId="ceeacb60-5ff3-0690-b3df-e29e915ef784" testName="grabarMaquinaTest" computerName="DIEGO-PC" duration="00:00:00.0062285" startTime="2012-12-13T22:12:13.8562104-03:00" endTime="2012-12-13T22:12:13.8692112-03:00" testType="13cdc9d9-ddb5-4fa4-a97d-d965ccfc6d4b" outcome="Passed" testListId="8c84fa94-04c1-424b-9868-57a2d4851a1d" relativeResultsDirectory="4fd80bce-5c89-4b30-a387-e7de7fbac733">
      <Output>
        <StdOut>Save/Update: SELECT  ISNULL(MAX(cod_maquina + 1),1) from Maquina
Save/Update: INSERT INTO Maquina (cod_maquina, altoMargen, anchoMargen, cabezales, nombre, velocidadPromedio, cantidadColores) VALUES (4 , 100 , 200 , 12 , 'nombre nuevo', 1000 , 12 ); DELETE JoinMaquinaToTipoPrenda where cod_maquina=4  ;  INSERT INTO JoinMaquinaToTipoPrenda ( cod_maquina, tipo_prenda) VALUES ( 4 , 1 );  INSERT INTO JoinMaquinaToTipoPrenda ( cod_maquina, tipo_prenda) VALUES ( 4 , 2 ); 
Save/Update: select * from Maquina WHERE  Maquina.cod_maquina=4  ; select * from JoinMaquinaToTipoPrenda
Save/Update: select * from TipoPrenda WHERE  TipoPrenda.tipo_prenda=1  
Save/Update: select * from TipoPrenda WHERE  TipoPrenda.tipo_prenda=2  
Save/Update: DELETE JoinMaquinaToTipoPrenda where cod_maquina=4  ; ;DELETE Maquina WHERE cod_maquina=4  
Save/Update: delete from JoinMaquinaToTipoPrenda where cod_maquina=4</StdOut>
      </Output>
    </UnitTestResult>
    <UnitTestResult executionId="dbc4d511-5af6-41a2-b994-c3700a4280c0" testId="cf88dd92-747e-1a79-8f2c-fc0e3f9b0004" testName="listarMovimientosTest" computerName="DIEGO-PC" duration="00:00:00.0276930" startTime="2012-12-13T22:12:13.8732114-03:00" endTime="2012-12-13T22:12:13.9072134-03:00" testType="13cdc9d9-ddb5-4fa4-a97d-d965ccfc6d4b" outcome="Passed" testListId="8c84fa94-04c1-424b-9868-57a2d4851a1d" relativeResultsDirectory="dbc4d511-5af6-41a2-b994-c3700a4280c0">
      <Output>
        <StdOut>Save/Update: select * from MovimientosCuenta JOIN cliente_movimientos AS cliente ON MovimientosCuenta.nro_movimiento=cliente.nro_movimiento WHERE cliente.id_cliente IS NOT  NULL ; select * from cliente_movimientos; select * from documento_movimiento
Save/Update: select * from Cliente WHERE  Cliente.id_cliente=1  ; select * from cliente_movimientos; select * from Pedido WHERE borrado = 0; select * from Factura WHERE borrado = 0; select * from Diseño WHERE borrado = 0
Save/Update: select * from Usuario WHERE  Usuario.usuarioID=1  ; select * from JoinUsuarioToFamilia; select * from JoinPatenteToUsuario
Save/Update: select * from Familia JOIN JoinUsuarioToFamilia AS usuarios ON Familia.familiaID=usuarios.familiaID WHERE usuarios.usuarioID=1  ; select * from JoinFamiliaToPatente
Save/Update: select * from Patente JOIN JoinPatenteToUsuario AS usuario ON Patente.patenteId=usuario.patenteId WHERE usuario.usuarioID=1  
Save/Update: select * from Cliente WHERE  Cliente.usuarioID=1  ; select * from cliente_movimientos; select * from Pedido WHERE borrado = 0; select * from Factura WHERE borrado = 0; select * from Diseño WHERE borrado = 0
Save/Update: select * from Diseño WHERE  Diseño.id_cliente=1  ; select * from historico_estados_diseño WHERE borrado = 0
Save/Update: select * from Factura WHERE  Factura.id_cliente=1  ; select * from documento_movimiento; select * from LineaFactura WHERE borrado = 0
Save/Update: select * from Pedido WHERE  Pedido.id_cliente=1  ; select * from produccion WHERE borrado = 0; select * from historico_estados_pedido WHERE borrado = 0
Save/Update: select * from MovimientosCuenta JOIN cliente_movimientos AS cliente ON MovimientosCuenta.nro_movimiento=cliente.nro_movimiento WHERE cliente.id_cliente=1  AND cliente.id_cliente IS NOT  NULL ; select * from cliente_movimientos; select * from documento_movimiento
Save/Update: select * from Factura WHERE  Factura.nro_Doc=1  ; select * from documento_movimiento; select * from LineaFactura WHERE borrado = 0
Save/Update: select * from tipoMovimiento WHERE  tipoMovimiento.tipoMovimientoID=1  
Save/Update: select * from Cuenta WHERE  Cuenta.cuentaID=1  
Save/Update: select * from Cliente WHERE  Cliente.id_cliente=1  ; select * from cliente_movimientos; select * from Pedido WHERE borrado = 0; select * from Factura WHERE borrado = 0; select * from Diseño WHERE borrado = 0
Save/Update: select * from Usuario WHERE  Usuario.usuarioID=1  ; select * from JoinUsuarioToFamilia; select * from JoinPatenteToUsuario
Save/Update: select * from Familia JOIN JoinUsuarioToFamilia AS usuarios ON Familia.familiaID=usuarios.familiaID WHERE usuarios.usuarioID=1  ; select * from JoinFamiliaToPatente
Save/Update: select * from Patente JOIN JoinPatenteToUsuario AS usuario ON Patente.patenteId=usuario.patenteId WHERE usuario.usuarioID=1  
Save/Update: select * from Cliente WHERE  Cliente.usuarioID=1  ; select * from cliente_movimientos; select * from Pedido WHERE borrado = 0; select * from Factura WHERE borrado = 0; select * from Diseño WHERE borrado = 0
Save/Update: select * from Diseño WHERE  Diseño.id_cliente=1  ; select * from historico_estados_diseño WHERE borrado = 0
Save/Update: select * from Factura WHERE  Factura.id_cliente=1  ; select * from documento_movimiento; select * from LineaFactura WHERE borrado = 0
Save/Update: select * from Pedido WHERE  Pedido.id_cliente=1  ; select * from produccion WHERE borrado = 0; select * from historico_estados_pedido WHERE borrado = 0
Save/Update: select * from MovimientosCuenta JOIN cliente_movimientos AS cliente ON MovimientosCuenta.nro_movimiento=cliente.nro_movimiento WHERE cliente.id_cliente=1  AND cliente.id_cliente IS NOT  NULL ; select * from cliente_movimientos; select * from documento_movimiento
Save/Update: select * from tipoMovimiento WHERE  tipoMovimiento.tipoMovimientoID=1  
Save/Update: select * from Cuenta WHERE  Cuenta.cuentaID=1  
Save/Update: DELETE cliente_movimientos where nro_movimiento=4  ; DELETE documento_movimiento where nro_movimiento=4  ; ;DELETE MovimientosCuenta WHERE nro_movimiento=4</StdOut>
      </Output>
    </UnitTestResult>
    <UnitTestResult executionId="98697856-fdc2-4fc5-8220-cefafa94b1e2" testId="cfd8c036-75a7-640f-488c-228d443acc6e" testName="listaPatentesPorUsuarioTest" computerName="DIEGO-PC" duration="00:00:00.0020760" startTime="2012-12-13T22:12:13.9092135-03:00" endTime="2012-12-13T22:12:13.9192140-03:00" testType="13cdc9d9-ddb5-4fa4-a97d-d965ccfc6d4b" outcome="Passed" testListId="8c84fa94-04c1-424b-9868-57a2d4851a1d" relativeResultsDirectory="98697856-fdc2-4fc5-8220-cefafa94b1e2">
      <Output>
        <StdOut>Save/Update: select * from Patente JOIN JoinPatenteToUsuario AS usuario ON Patente.patenteId=usuario.patenteId WHERE usuario.usuarioID=3</StdOut>
      </Output>
    </UnitTestResult>
    <UnitTestResult executionId="86851e6b-f11f-45eb-abb4-69cd3e954bb4" testId="d1a8787a-d877-64a2-00b1-470142ee8a14" testName="cargarFamiliasPorUsuarioTest" computerName="DIEGO-PC" duration="00:00:00.0036280" startTime="2012-12-13T22:12:13.9242143-03:00" endTime="2012-12-13T22:12:13.9352150-03:00" testType="13cdc9d9-ddb5-4fa4-a97d-d965ccfc6d4b" outcome="Passed" testListId="8c84fa94-04c1-424b-9868-57a2d4851a1d" relativeResultsDirectory="86851e6b-f11f-45eb-abb4-69cd3e954bb4">
      <Output>
        <StdOut>Save/Update: select * from Familia JOIN JoinUsuarioToFamilia AS usuarios ON Familia.familiaID=usuarios.familiaID WHERE usuarios.usuarioID=3  ; select * from JoinFamiliaToPatente</StdOut>
      </Output>
    </UnitTestResult>
    <UnitTestResult executionId="09a7bd54-5199-4a32-838c-b2fb14b9c203" testId="d1b2634a-eb02-7f77-05de-c01ea104c115" testName="borrarClienteTest" computerName="DIEGO-PC" duration="00:00:00.0205695" startTime="2012-12-13T22:12:13.9392152-03:00" endTime="2012-12-13T22:12:13.9692169-03:00" testType="13cdc9d9-ddb5-4fa4-a97d-d965ccfc6d4b" outcome="Passed" testListId="8c84fa94-04c1-424b-9868-57a2d4851a1d" relativeResultsDirectory="09a7bd54-5199-4a32-838c-b2fb14b9c203">
      <Output>
        <StdOut>Save/Update: SELECT  ISNULL(MAX(usuarioID + 1),1) from Usuario
Save/Update: INSERT INTO Usuario (usuarioID, nombre, apellido, mail, password, telefonoFijo, telefonoMovil, bloqueado) VALUES (6 , 'nombre6', 'apellido6', 'mail6@test.com', '559D55197310', '6666-6666', '6666-6666', 0 ); DELETE JoinUsuarioToFamilia where usuarioID=6  ;  INSERT INTO JoinUsuarioToFamilia ( usuarioID, familiaID) VALUES ( 6 , 5 ); DELETE JoinPatenteToUsuario where usuarioID=6  ;  INSERT INTO JoinPatenteToUsuario ( usuarioID, patenteId) VALUES ( 6 , 3 ); 
Save/Update: SELECT  ISNULL(MAX(id_cliente + 1),1) from Cliente
Save/Update: INSERT INTO Cliente (id_cliente, habitadoTurnos, usuarioID, newsletter) VALUES (3 , 0 , 6 , 1 ); UPDATE Pedido SET borrado=1 WHERE id_cliente=3  ; UPDATE Factura SET borrado=1 WHERE id_cliente=3  ; UPDATE Diseño SET borrado=1 WHERE id_cliente=3  ; 
Save/Update: select * from Cliente WHERE  Cliente.id_cliente=3  ; select * from cliente_movimientos; select * from Pedido WHERE borrado = 0; select * from Factura WHERE borrado = 0; select * from Diseño WHERE borrado = 0
Save/Update: select * from Usuario WHERE  Usuario.usuarioID=6  ; select * from JoinUsuarioToFamilia; select * from JoinPatenteToUsuario
Save/Update: select * from Familia JOIN JoinUsuarioToFamilia AS usuarios ON Familia.familiaID=usuarios.familiaID WHERE usuarios.usuarioID=6  ; select * from JoinFamiliaToPatente
Save/Update: select * from Patente JOIN JoinFamiliaToPatente AS familia ON Patente.patenteId=familia.patenteId WHERE familia.familiaID=5  
Save/Update: select * from Patente JOIN JoinPatenteToUsuario AS usuario ON Patente.patenteId=usuario.patenteId WHERE usuario.usuarioID=6  
Save/Update: select * from Cliente WHERE  Cliente.usuarioID=6  ; select * from cliente_movimientos; select * from Pedido WHERE borrado = 0; select * from Factura WHERE borrado = 0; select * from Diseño WHERE borrado = 0
Save/Update: select * from Diseño WHERE  Diseño.id_cliente=6  ; select * from historico_estados_diseño WHERE borrado = 0
Save/Update: select * from Factura WHERE  Factura.id_cliente=6  ; select * from documento_movimiento; select * from LineaFactura WHERE borrado = 0
Save/Update: select * from Pedido WHERE  Pedido.id_cliente=6  ; select * from produccion WHERE borrado = 0; select * from historico_estados_pedido WHERE borrado = 0
Save/Update: select * from MovimientosCuenta JOIN cliente_movimientos AS cliente ON MovimientosCuenta.nro_movimiento=cliente.nro_movimiento WHERE cliente.id_cliente=6  AND cliente.id_cliente IS NOT  NULL ; select * from cliente_movimientos; select * from documento_movimiento
Save/Update: DELETE cliente_movimientos where id_cliente=3  ; ;DELETE Cliente WHERE id_cliente=3  
Save/Update: DELETE JoinUsuarioToFamilia where usuarioID=6  ; DELETE JoinPatenteToUsuario where usuarioID=6  ; ;DELETE Usuario WHERE usuarioID=6  
Save/Update: select * from Cliente WHERE  Cliente.id_cliente=3  ; select * from cliente_movimientos; select * from Pedido WHERE borrado = 0; select * from Factura WHERE borrado = 0; select * from Diseño WHERE borrado = 0
Save/Update: UPDATE Usuario SET nombre='nombre1', apellido='apellido1', mail='mail1@test.com', password='11C8', telefonoFijo='1111-1111', telefonoMovil='1111-1111', bloqueado=0  WHERE usuarioID=1  ; DELETE JoinUsuarioToFamilia where usuarioID=1  ; DELETE JoinPatenteToUsuario where usuarioID=1  ; 
Save/Update: UPDATE Cliente SET habitadoTurnos=1 , newsletter=0  WHERE id_cliente=1  ; UPDATE Pedido SET borrado=1 WHERE id_cliente=1  ; UPDATE Factura SET borrado=1 WHERE id_cliente=1  ; UPDATE Diseño SET borrado=1 WHERE id_cliente=1  ; 
Save/Update:  UPDATE factura set borrado = 0 
Save/Update:  UPDATE diseño set borrado = 0 
Save/Update:  UPDATE pedido set borrado = 0 
Save/Update:  Insert into JoinPatenteToUsuario values (1,1)</StdOut>
      </Output>
    </UnitTestResult>
    <UnitTestResult executionId="ac181e66-84b5-46a6-906e-7ed7576ea004" testId="d2623342-49bb-a1e6-2415-8d8bba2b7ac4" testName="modificarArticulosTest" computerName="DIEGO-PC" duration="00:00:00.0095608" startTime="2012-12-13T22:12:13.9712170-03:00" endTime="2012-12-13T22:12:13.9872179-03:00" testType="13cdc9d9-ddb5-4fa4-a97d-d965ccfc6d4b" outcome="Passed" testListId="8c84fa94-04c1-424b-9868-57a2d4851a1d" relativeResultsDirectory="ac181e66-84b5-46a6-906e-7ed7576ea004">
      <Output>
        <StdOut>Save/Update: SELECT  ISNULL(MAX(cod_articulo + 1),1) from Articulos
Save/Update: INSERT INTO Articulos (cod_articulo, tipoPrendaID, diseñoID, comentario, produccion, precioActual, borrado) VALUES (4 , 2 , 2 , 'com4', 10 , 1.4, 0 ); UPDATE lista_precios SET borrado=1 WHERE cod_articulo=4  ; 
Save/Update: select * from Articulos WHERE  Articulos.cod_articulo=4  ; select * from lista_precios WHERE borrado = 0
Save/Update: UPDATE Articulos SET tipoPrendaID=2 , diseñoID=2 , comentario='com modificado', produccion=100 , precioActual=1.4, borrado=0  WHERE cod_articulo=4  ; UPDATE lista_precios SET borrado=1 WHERE cod_articulo=4  ; 
Save/Update: select * from Articulos WHERE  Articulos.cod_articulo=4  ; select * from lista_precios WHERE borrado = 0
Save/Update: DELETE Articulos WHERE cod_articulo=4</StdOut>
      </Output>
    </UnitTestResult>
    <UnitTestResult executionId="64373c7b-d99d-44c8-8aac-504e5d9945ed" testId="d2ff731c-908c-96c5-902b-39b6c7e680d7" testName="DataAccesObjectConstructorTest" computerName="DIEGO-PC" duration="00:00:00.0002246" startTime="2012-12-13T22:12:13.9892180-03:00" endTime="2012-12-13T22:12:13.9962184-03:00" testType="13cdc9d9-ddb5-4fa4-a97d-d965ccfc6d4b" outcome="Passed" testListId="8c84fa94-04c1-424b-9868-57a2d4851a1d" relativeResultsDirectory="64373c7b-d99d-44c8-8aac-504e5d9945ed">
    </UnitTestResult>
    <UnitTestResult executionId="a6c04fb9-74c9-4eba-9da5-d1ea3c903d6f" testId="d3580286-a69a-cc57-bea0-cea793fc0992" testName="listarOrdenDeComprasPorMovimientoTest" computerName="DIEGO-PC" duration="00:00:00.0073399" startTime="2012-12-13T22:12:13.9972185-03:00" endTime="2012-12-13T22:12:14.0112193-03:00" testType="13cdc9d9-ddb5-4fa4-a97d-d965ccfc6d4b" outcome="Passed" testListId="8c84fa94-04c1-424b-9868-57a2d4851a1d" relativeResultsDirectory="a6c04fb9-74c9-4eba-9da5-d1ea3c903d6f">
      <Output>
        <StdOut>Save/Update: select * from OrdenDeCompra WHERE  OrdenDeCompra.nro_Doc=3  ; select * from documento_movimiento; select * from LineaOrdenDeCompra WHERE borrado = 0
Save/Update: select * from LineaOrdenDeCompra WHERE  LineaOrdenDeCompra.nro_orden_compra=1  AND  LineaOrdenDeCompra.tipo_orden_compra='A' AND  LineaOrdenDeCompra.nro_sucursal=1  
Save/Update: select * from insumo WHERE  insumo.cod_insumo=1  
Save/Update: select * from insumo WHERE  insumo.cod_insumo=2  
Save/Update: select * from Proveedor WHERE  Proveedor.id_proveedor=1  
Save/Update: select * from MovimientosCuenta JOIN documento_movimiento AS documento ON MovimientosCuenta.nro_movimiento=documento.nro_movimiento JOIN proveedor_movimientos AS proveedor ON MovimientosCuenta.nro_movimiento=proveedor.nro_movimiento WHERE documento.nro_Doc=3  AND proveedor.id_proveedor IS NOT  NULL ; select * from proveedor_movimientos; select * from documento_movimiento
Save/Update: DELETE LineaOrdenDeCompra WHERE nro_orden_compra=2  AND nro_sucursal=1  AND tipo_orden_compra='A' AND nro_linea=1  
Save/Update: DELETE LineaOrdenDeCompra WHERE nro_orden_compra=2  AND nro_sucursal=1  AND tipo_orden_compra='A' AND nro_linea=2  
Save/Update: DELETE proveedor_movimientos where nro_movimiento=4  ; DELETE documento_movimiento where nro_movimiento=4  ; ;DELETE MovimientosCuenta WHERE nro_movimiento=4  
Save/Update: DELETE FROM OrdenDeCompra WHERE nro_Doc =5
Save/Update: delete documento where nro_doc=5</StdOut>
      </Output>
    </UnitTestResult>
    <UnitTestResult executionId="3551d054-8c03-4434-ba0d-629c5d2c8e31" testId="d40feea3-8180-d822-1bc4-ef1286a37118" testName="cargarOrdenesDeComprasTest" computerName="DIEGO-PC" duration="00:00:00.0034885" startTime="2012-12-13T22:12:14.0132194-03:00" endTime="2012-12-13T22:12:14.0222199-03:00" testType="13cdc9d9-ddb5-4fa4-a97d-d965ccfc6d4b" outcome="Passed" testListId="8c84fa94-04c1-424b-9868-57a2d4851a1d" relativeResultsDirectory="3551d054-8c03-4434-ba0d-629c5d2c8e31">
      <Output>
        <StdOut>Save/Update: select * from OrdenDeCompra; select * from documento_movimiento; select * from LineaOrdenDeCompra WHERE borrado = 0
Save/Update: delete OrdenDeCompra where nro_doc=5
Save/Update: delete documento where nro_doc=5</StdOut>
      </Output>
    </UnitTestResult>
    <UnitTestResult executionId="27de9c24-e20e-4593-a281-2899e82b49b6" testId="d4992a93-c61f-e7a7-6c4a-4dd37d506f00" testName="listarMovimientosPorNroTest" computerName="DIEGO-PC" duration="00:00:00.0135276" startTime="2012-12-13T22:12:14.0242200-03:00" endTime="2012-12-13T22:12:14.0442212-03:00" testType="13cdc9d9-ddb5-4fa4-a97d-d965ccfc6d4b" outcome="Passed" testListId="8c84fa94-04c1-424b-9868-57a2d4851a1d" relativeResultsDirectory="27de9c24-e20e-4593-a281-2899e82b49b6">
      <Output>
        <StdOut>Save/Update: select * from MovimientosCuenta JOIN cliente_movimientos AS cliente ON MovimientosCuenta.nro_movimiento=cliente.nro_movimiento WHERE  MovimientosCuenta.nro_movimiento=1  AND cliente.id_cliente IS NOT  NULL ; select * from cliente_movimientos; select * from documento_movimiento
Save/Update: select * from Cliente WHERE  Cliente.id_cliente=1  ; select * from cliente_movimientos; select * from Pedido WHERE borrado = 0; select * from Factura WHERE borrado = 0; select * from Diseño WHERE borrado = 0
Save/Update: select * from Usuario WHERE  Usuario.usuarioID=1  ; select * from JoinUsuarioToFamilia; select * from JoinPatenteToUsuario
Save/Update: select * from Familia JOIN JoinUsuarioToFamilia AS usuarios ON Familia.familiaID=usuarios.familiaID WHERE usuarios.usuarioID=1  ; select * from JoinFamiliaToPatente
Save/Update: select * from Patente JOIN JoinPatenteToUsuario AS usuario ON Patente.patenteId=usuario.patenteId WHERE usuario.usuarioID=1  
Save/Update: select * from Cliente WHERE  Cliente.usuarioID=1  ; select * from cliente_movimientos; select * from Pedido WHERE borrado = 0; select * from Factura WHERE borrado = 0; select * from Diseño WHERE borrado = 0
Save/Update: select * from Diseño WHERE  Diseño.id_cliente=1  ; select * from historico_estados_diseño WHERE borrado = 0
Save/Update: select * from Factura WHERE  Factura.id_cliente=1  ; select * from documento_movimiento; select * from LineaFactura WHERE borrado = 0
Save/Update: select * from Pedido WHERE  Pedido.id_cliente=1  ; select * from produccion WHERE borrado = 0; select * from historico_estados_pedido WHERE borrado = 0
Save/Update: select * from MovimientosCuenta JOIN cliente_movimientos AS cliente ON MovimientosCuenta.nro_movimiento=cliente.nro_movimiento WHERE cliente.id_cliente=1  AND cliente.id_cliente IS NOT  NULL ; select * from cliente_movimientos; select * from documento_movimiento
Save/Update: select * from Factura WHERE  Factura.nro_Doc=1  ; select * from documento_movimiento; select * from LineaFactura WHERE borrado = 0
Save/Update: select * from tipoMovimiento WHERE  tipoMovimiento.tipoMovimientoID=1  
Save/Update: select * from Cuenta WHERE  Cuenta.cuentaID=1  
Save/Update: DELETE cliente_movimientos where nro_movimiento=4  ; DELETE documento_movimiento where nro_movimiento=4  ; ;DELETE MovimientosCuenta WHERE nro_movimiento=4</StdOut>
      </Output>
    </UnitTestResult>
    <UnitTestResult executionId="7323c8dd-e774-4573-ba2e-d123e3fd9e61" testId="d5a80f55-2074-60f0-99dc-1062cdfc3cee" testName="actualizarNewsletterTest" computerName="DIEGO-PC" duration="00:00:00.0050591" startTime="2012-12-13T22:12:14.0452212-03:00" endTime="2012-12-13T22:12:14.0572219-03:00" testType="13cdc9d9-ddb5-4fa4-a97d-d965ccfc6d4b" outcome="Passed" testListId="8c84fa94-04c1-424b-9868-57a2d4851a1d" relativeResultsDirectory="7323c8dd-e774-4573-ba2e-d123e3fd9e61">
      <Output>
        <StdOut>Save/Update: select * from newsletter WHERE  newsletter.nombre='news1' 
Save/Update: UPDATE newsletter SET newsletter='&lt;body background="#8A94AA"&gt;&lt;style type="text/css"&gt;&lt;!--body {	background-color: #8A94AA;}.txt-geral {	font-family: Georgia, Times New Roman, Times, serif;	font-size: 13px;}.style3 {	font-family: Georgia, Times New Roman, Times, serif;	font-size: 13px;	color:#003366;}.txt-geralp {	font-family: Georgia, Times New Roman, Times, serif;	font-size: 11px;}.style-grd {	font-family: Georgia, Times New Roman, Times, serif;	font-size: 18px;}--&gt; &lt;/style&gt;&lt;table width="600" border="0" align="center" cellpadding="0" cellspacing="0"&gt;  &lt;tr&gt;    &lt;td class="titulo3"&gt;&lt;img src="http://www.salvadorefilhos.pt/images/news/bg-topo.gif" alt="" width="600" height="21" /&gt;&lt;/td&gt;  &lt;/tr&gt;  &lt;tr&gt;    &lt;td align="center" bgcolor="#EEEBE0"&gt;&lt;div align="center"&gt;&lt;img src="http://www.salvadorefilhos.pt/images/news/img-topo.jpg" alt="Salvador &amp;amp; Filhos" width="600" height="206" border="0" /&gt;&lt;/div&gt;&lt;/td&gt;  &lt;/tr&gt;  &lt;tr&gt;    &lt;td bgcolor="#EEEBE0"&gt;&lt;table width="97%" border="0" align="center" cellpadding="0" cellspacing="16"&gt;      &lt;tr&gt;        &lt;td width="50%" height="34" valign="top" class="txt-geral"&gt;&lt;div class="style3"&gt;          &lt;p&gt;&lt;b&gt;UNIPROF&lt;/b&gt;&lt;/p&gt;          &lt;p&gt;&lt;b&gt;NEWSLETTER N&amp;ordm;9&lt;/b&gt;&lt;/p&gt;        &lt;/div&gt;&lt;/td&gt;        &lt;td width="50%" align="right" valign="top" class="txt-geral"&gt;&lt;img src="http://www.salvadorefilhos.pt/images/news/logo.gif" alt="Cristo Rei" width="99" height="66" /&gt;&lt;/td&gt;      &lt;/tr&gt;      &lt;tr&gt;        &lt;td colspan="2" valign="top" class="txt-geral"&gt;&lt;p align="center"&gt;&lt;img src="http://www.es.salvadorefilhos.pt/newsletter/images/tit-newsl9.gif" alt="Servicios Adicionales" width="550" height="100" /&gt;&lt;/p&gt;          	&lt;table width="100%" border="0" cellspacing="0" cellpadding="0"&gt;				&lt;tr&gt;					&lt;td width="60%" valign="top"&gt;&lt;h2&gt;&lt;span lang="ES-TRAD" xml:lang="ES-TRAD"&gt;&lt;strong&gt;Env&amp;iacute;o, recepci&amp;oacute;n&lt;/strong&gt;&lt;/span&gt;:&lt;/h2&gt;							&lt;ul&gt;								&lt;li&gt;&lt;span lang="ES-TRAD" xml:lang="ES-TRAD"&gt;Log&amp;iacute;stica de entrega y recogida de pedidos por nuestro   transportista especializado. &lt;/span&gt; &lt;/li&gt;								&lt;li&gt;&lt;span lang="ES-TRAD" xml:lang="ES-TRAD"&gt;Entregas r&amp;aacute;pidas. &lt;/span&gt; &lt;/li&gt;								&lt;li&gt;&lt;span lang="ES-TRAD" xml:lang="ES-TRAD"&gt;Trabajamos internacionalmente. &lt;/span&gt; &lt;/li&gt;								&lt;li&gt;&lt;span lang="ES-TRAD" xml:lang="ES-TRAD"&gt;Entrega directa a nuestros clientes.&lt;/span&gt;&lt;/li&gt;								&lt;/ul&gt;&lt;/td&gt;					&lt;td width="40%" align="right"&gt;&lt;img src="http://www.es.salvadorefilhos.pt/fotos/empresa/carrinho.gif" alt="Env&amp;iacute;o, recepci&amp;oacute;n" width="200" height="190" hspace="0" border="0" /&gt;&lt;/td&gt;				&lt;/tr&gt;				&lt;tr&gt;					&lt;td valign="top"&gt;&lt;h2&gt;&lt;br /&gt;						&lt;strong&gt;Embalaje&lt;/strong&gt;:&lt;/h2&gt;							&lt;ul&gt;								&lt;li&gt;&lt;span lang="ES-TRAD" xml:lang="ES-TRAD"&gt;Tenemos un servicio m&amp;aacute;s a la disponibilidad de nuestros clientes. &lt;/span&gt; &lt;/li&gt;								&lt;li&gt;&lt;span lang="ES-TRAD" xml:lang="ES-TRAD"&gt;Doblar y prensar las piezas personalizadas. &lt;/span&gt; &lt;/li&gt;								&lt;li&gt;&lt;span lang="ES-TRAD" xml:lang="ES-TRAD"&gt;Embalaje individual en una bolsa de pl&amp;aacute;stico. &lt;/span&gt; &lt;/li&gt;								&lt;li&gt;&lt;span lang="ES-TRAD" xml:lang="ES-TRAD"&gt;Embalaje m&amp;uacute;ltiple en una bolsa de pl&amp;aacute;stico. &lt;/span&gt; &lt;/li&gt;								&lt;li&gt;&lt;span lang="ES-TRAD" xml:lang="ES-TRAD"&gt;Embalaje en cajas de cart&amp;oacute;n&lt;/span&gt;&lt;/li&gt;								&lt;/ul&gt;&lt;/td&gt;					&lt;td align="right"&gt;&lt;br /&gt;							&lt;img src="http://www.es.salvadorefilhos.pt/fotos/empresa/embalagem.gif" alt="Embalaje" width="200" height="168" hspace="0" border="0" /&gt;&lt;/td&gt;				&lt;/tr&gt;				&lt;tr&gt;					&lt;td valign="top"&gt;&lt;h2&gt;&lt;br /&gt;						&lt;strong&gt;Control de calidad&lt;/strong&gt;:&lt;/h2&gt;							&lt;ul&gt;								&lt;li&gt;&lt;span lang="ES-TRAD" xml:lang="ES-TRAD"&gt;N&lt;/span&gt;uestros bordados son la prueba de la calidad y durabilidad,   colores s&amp;oacute;lidos y garantidos, calidad garantizada. &lt;/li&gt;								&lt;li&gt;Nuestros textiles son de un acabado de alta calidad, controlado y   probado. &lt;/li&gt;								&lt;li&gt;Control de calidad para todos nuestros art&amp;iacute;culos. &lt;/li&gt;								&lt;li&gt;La experiencia y conocimiento a su servicio. &lt;/li&gt;								&lt;li&gt;P&amp;oacute;nganos a prueba.&lt;/li&gt;								&lt;/ul&gt;&lt;/td&gt;					&lt;td align="right"&gt;&lt;br /&gt;							&lt;img height="200" alt="Control de calidad" src="http://www.es.salvadorefilhos.pt/fotos/empresa/maos.gif" width="200" border="0" /&gt;&lt;/td&gt;				&lt;/tr&gt;			&lt;/table&gt;          	&lt;p&gt;&lt;strong&gt;&amp;iexcl;&lt;a href=""&gt;Env&amp;iacute;enos su solicitud&lt;/a&gt;!&lt;img src="http://www.salvadorefilhos.pt/newsletter/images/download-es.gif" alt="Descargas, Diapositivos gratis" width="173" height="148" border="0" align="right" /&gt;&lt;/strong&gt;&lt;/b&gt;&lt;/p&gt;          &lt;p&gt;Descargue en su ordenador nuestro cat&amp;aacute;logo de hilos y lista de clis&amp;eacute;s en &lt;a href=""&gt;descargas&lt;/a&gt;. &lt;/p&gt;          &lt;p&gt; Calidad siempre em nuestros art&amp;iacute;culos garantizados y acabamiento especial.&lt;/p&gt;&lt;/td&gt;      &lt;/tr&gt;      &lt;tr&gt;        &lt;td colspan="2" valign="top" class="txt-geral"&gt;&lt;/td&gt;      &lt;/tr&gt;    &lt;/table&gt;    &lt;/td&gt;  &lt;/tr&gt;  &lt;tr&gt;   &lt;td&gt;&lt;img src="http://www.salvadorefilhos.pt/images/news/bg-bot.gif" alt="" width="600" height="50" /&gt;&lt;/td&gt;  &lt;/tr&gt;&lt;/table&gt;&lt;/body&gt;&lt;/html&gt;', nombre='news1', enviado=1  WHERE id=1  ; 
Save/Update: select * from newsletter WHERE  newsletter.id=1  
Save/Update: UPDATE newsletter SET newsletter='&lt;body background="#8A94AA"&gt;&lt;style type="text/css"&gt;&lt;!--body {	background-color: #8A94AA;}.txt-geral {	font-family: Georgia, Times New Roman, Times, serif;	font-size: 13px;}.style3 {	font-family: Georgia, Times New Roman, Times, serif;	font-size: 13px;	color:#003366;}.txt-geralp {	font-family: Georgia, Times New Roman, Times, serif;	font-size: 11px;}.style-grd {	font-family: Georgia, Times New Roman, Times, serif;	font-size: 18px;}--&gt; &lt;/style&gt;&lt;table width="600" border="0" align="center" cellpadding="0" cellspacing="0"&gt;  &lt;tr&gt;    &lt;td class="titulo3"&gt;&lt;img src="http://www.salvadorefilhos.pt/images/news/bg-topo.gif" alt="" width="600" height="21" /&gt;&lt;/td&gt;  &lt;/tr&gt;  &lt;tr&gt;    &lt;td align="center" bgcolor="#EEEBE0"&gt;&lt;div align="center"&gt;&lt;img src="http://www.salvadorefilhos.pt/images/news/img-topo.jpg" alt="Salvador &amp;amp; Filhos" width="600" height="206" border="0" /&gt;&lt;/div&gt;&lt;/td&gt;  &lt;/tr&gt;  &lt;tr&gt;    &lt;td bgcolor="#EEEBE0"&gt;&lt;table width="97%" border="0" align="center" cellpadding="0" cellspacing="16"&gt;      &lt;tr&gt;        &lt;td width="50%" height="34" valign="top" class="txt-geral"&gt;&lt;div class="style3"&gt;          &lt;p&gt;&lt;b&gt;UNIPROF&lt;/b&gt;&lt;/p&gt;          &lt;p&gt;&lt;b&gt;NEWSLETTER N&amp;ordm;9&lt;/b&gt;&lt;/p&gt;        &lt;/div&gt;&lt;/td&gt;        &lt;td width="50%" align="right" valign="top" class="txt-geral"&gt;&lt;img src="http://www.salvadorefilhos.pt/images/news/logo.gif" alt="Cristo Rei" width="99" height="66" /&gt;&lt;/td&gt;      &lt;/tr&gt;      &lt;tr&gt;        &lt;td colspan="2" valign="top" class="txt-geral"&gt;&lt;p align="center"&gt;&lt;img src="http://www.es.salvadorefilhos.pt/newsletter/images/tit-newsl9.gif" alt="Servicios Adicionales" width="550" height="100" /&gt;&lt;/p&gt;          	&lt;table width="100%" border="0" cellspacing="0" cellpadding="0"&gt;				&lt;tr&gt;					&lt;td width="60%" valign="top"&gt;&lt;h2&gt;&lt;span lang="ES-TRAD" xml:lang="ES-TRAD"&gt;&lt;strong&gt;Env&amp;iacute;o, recepci&amp;oacute;n&lt;/strong&gt;&lt;/span&gt;:&lt;/h2&gt;							&lt;ul&gt;								&lt;li&gt;&lt;span lang="ES-TRAD" xml:lang="ES-TRAD"&gt;Log&amp;iacute;stica de entrega y recogida de pedidos por nuestro   transportista especializado. &lt;/span&gt; &lt;/li&gt;								&lt;li&gt;&lt;span lang="ES-TRAD" xml:lang="ES-TRAD"&gt;Entregas r&amp;aacute;pidas. &lt;/span&gt; &lt;/li&gt;								&lt;li&gt;&lt;span lang="ES-TRAD" xml:lang="ES-TRAD"&gt;Trabajamos internacionalmente. &lt;/span&gt; &lt;/li&gt;								&lt;li&gt;&lt;span lang="ES-TRAD" xml:lang="ES-TRAD"&gt;Entrega directa a nuestros clientes.&lt;/span&gt;&lt;/li&gt;								&lt;/ul&gt;&lt;/td&gt;					&lt;td width="40%" align="right"&gt;&lt;img src="http://www.es.salvadorefilhos.pt/fotos/empresa/carrinho.gif" alt="Env&amp;iacute;o, recepci&amp;oacute;n" width="200" height="190" hspace="0" border="0" /&gt;&lt;/td&gt;				&lt;/tr&gt;				&lt;tr&gt;					&lt;td valign="top"&gt;&lt;h2&gt;&lt;br /&gt;						&lt;strong&gt;Embalaje&lt;/strong&gt;:&lt;/h2&gt;							&lt;ul&gt;								&lt;li&gt;&lt;span lang="ES-TRAD" xml:lang="ES-TRAD"&gt;Tenemos un servicio m&amp;aacute;s a la disponibilidad de nuestros clientes. &lt;/span&gt; &lt;/li&gt;								&lt;li&gt;&lt;span lang="ES-TRAD" xml:lang="ES-TRAD"&gt;Doblar y prensar las piezas personalizadas. &lt;/span&gt; &lt;/li&gt;								&lt;li&gt;&lt;span lang="ES-TRAD" xml:lang="ES-TRAD"&gt;Embalaje individual en una bolsa de pl&amp;aacute;stico. &lt;/span&gt; &lt;/li&gt;								&lt;li&gt;&lt;span lang="ES-TRAD" xml:lang="ES-TRAD"&gt;Embalaje m&amp;uacute;ltiple en una bolsa de pl&amp;aacute;stico. &lt;/span&gt; &lt;/li&gt;								&lt;li&gt;&lt;span lang="ES-TRAD" xml:lang="ES-TRAD"&gt;Embalaje en cajas de cart&amp;oacute;n&lt;/span&gt;&lt;/li&gt;								&lt;/ul&gt;&lt;/td&gt;					&lt;td align="right"&gt;&lt;br /&gt;							&lt;img src="http://www.es.salvadorefilhos.pt/fotos/empresa/embalagem.gif" alt="Embalaje" width="200" height="168" hspace="0" border="0" /&gt;&lt;/td&gt;				&lt;/tr&gt;				&lt;tr&gt;					&lt;td valign="top"&gt;&lt;h2&gt;&lt;br /&gt;						&lt;strong&gt;Control de calidad&lt;/strong&gt;:&lt;/h2&gt;							&lt;ul&gt;								&lt;li&gt;&lt;span lang="ES-TRAD" xml:lang="ES-TRAD"&gt;N&lt;/span&gt;uestros bordados son la prueba de la calidad y durabilidad,   colores s&amp;oacute;lidos y garantidos, calidad garantizada. &lt;/li&gt;								&lt;li&gt;Nuestros textiles son de un acabado de alta calidad, controlado y   probado. &lt;/li&gt;								&lt;li&gt;Control de calidad para todos nuestros art&amp;iacute;culos. &lt;/li&gt;								&lt;li&gt;La experiencia y conocimiento a su servicio. &lt;/li&gt;								&lt;li&gt;P&amp;oacute;nganos a prueba.&lt;/li&gt;								&lt;/ul&gt;&lt;/td&gt;					&lt;td align="right"&gt;&lt;br /&gt;							&lt;img height="200" alt="Control de calidad" src="http://www.es.salvadorefilhos.pt/fotos/empresa/maos.gif" width="200" border="0" /&gt;&lt;/td&gt;				&lt;/tr&gt;			&lt;/table&gt;          	&lt;p&gt;&lt;strong&gt;&amp;iexcl;&lt;a href=""&gt;Env&amp;iacute;enos su solicitud&lt;/a&gt;!&lt;img src="http://www.salvadorefilhos.pt/newsletter/images/download-es.gif" alt="Descargas, Diapositivos gratis" width="173" height="148" border="0" align="right" /&gt;&lt;/strong&gt;&lt;/b&gt;&lt;/p&gt;          &lt;p&gt;Descargue en su ordenador nuestro cat&amp;aacute;logo de hilos y lista de clis&amp;eacute;s en &lt;a href=""&gt;descargas&lt;/a&gt;. &lt;/p&gt;          &lt;p&gt; Calidad siempre em nuestros art&amp;iacute;culos garantizados y acabamiento especial.&lt;/p&gt;&lt;/td&gt;      &lt;/tr&gt;      &lt;tr&gt;        &lt;td colspan="2" valign="top" class="txt-geral"&gt;&lt;/td&gt;      &lt;/tr&gt;    &lt;/table&gt;    &lt;/td&gt;  &lt;/tr&gt;  &lt;tr&gt;   &lt;td&gt;&lt;img src="http://www.salvadorefilhos.pt/images/news/bg-bot.gif" alt="" width="600" height="50" /&gt;&lt;/td&gt;  &lt;/tr&gt;&lt;/table&gt;&lt;/body&gt;&lt;/html&gt;', nombre='news1', enviado=1  WHERE id=1  ;</StdOut>
      </Output>
    </UnitTestResult>
    <UnitTestResult executionId="5224c9c6-d478-412b-b85c-1a180ab3344e" testId="d5caf4bd-ddf9-d011-d96d-760e6d607d73" testName="buscarArticulosPorCodigoTest" computerName="DIEGO-PC" duration="00:00:00.0050600" startTime="2012-12-13T22:12:14.0602221-03:00" endTime="2012-12-13T22:12:14.0722228-03:00" testType="13cdc9d9-ddb5-4fa4-a97d-d965ccfc6d4b" outcome="Passed" testListId="8c84fa94-04c1-424b-9868-57a2d4851a1d" relativeResultsDirectory="5224c9c6-d478-412b-b85c-1a180ab3344e">
      <Output>
        <StdOut>Save/Update: select * from Articulos WHERE  Articulos.cod_articulo=1  ; select * from lista_precios WHERE borrado = 0
Save/Update: select * from lista_precios WHERE  lista_precios.cod_articulo=1  
Save/Update: select * from TipoPrenda WHERE  TipoPrenda.tipo_prenda=1  
Save/Update: select * from Diseño WHERE  Diseño.cod_diseño=1  ; select * from historico_estados_diseño WHERE borrado = 0
Save/Update: DELETE lista_precios WHERE nro_lista=1  AND cod_articulo=4  
Save/Update: DELETE lista_precios WHERE nro_lista=2  AND cod_articulo=4  
Save/Update: DELETE Articulos WHERE cod_articulo=4</StdOut>
      </Output>
    </UnitTestResult>
    <UnitTestResult executionId="dbf15e4a-243c-4372-8d91-2a00ee1b244a" testId="d6a986e5-8b98-e2f2-cef0-92190831ed08" testName="borrarFamiliaTest" computerName="DIEGO-PC" duration="00:00:00.0068304" startTime="2012-12-13T22:12:14.0742229-03:00" endTime="2012-12-13T22:12:14.0872236-03:00" testType="13cdc9d9-ddb5-4fa4-a97d-d965ccfc6d4b" outcome="Passed" testListId="8c84fa94-04c1-424b-9868-57a2d4851a1d" relativeResultsDirectory="dbf15e4a-243c-4372-8d91-2a00ee1b244a">
      <Output>
        <StdOut>Save/Update: INSERT INTO Familia (familiaID, descripcion, nombre) VALUES (7 , 'familia test', 'test'); DELETE JoinFamiliaToPatente where familiaID=7  ;  INSERT INTO JoinFamiliaToPatente ( familiaID, patenteId) VALUES ( 7 , 9 ); 
Save/Update: select * from Familia WHERE  Familia.familiaID=7  ; select * from JoinFamiliaToPatente
Save/Update: select * from Patente JOIN JoinFamiliaToPatente AS familia ON Patente.patenteId=familia.patenteId WHERE familia.familiaID=7  
Save/Update: DELETE JoinFamiliaToPatente where familiaID=7  ; ;DELETE Familia WHERE familiaID=7  
Save/Update: select * from Familia WHERE  Familia.familiaID=7  ; select * from JoinFamiliaToPatente</StdOut>
      </Output>
    </UnitTestResult>
    <UnitTestResult executionId="3cdc189e-df03-4b96-b54a-e7f029eb1d4c" testId="d6d7a27e-0988-cf60-1910-ee6f0eb6cf75" testName="modificarFacturasTest" computerName="DIEGO-PC" duration="00:00:00.0121699" startTime="2012-12-13T22:12:14.0882237-03:00" endTime="2012-12-13T22:12:14.1072248-03:00" testType="13cdc9d9-ddb5-4fa4-a97d-d965ccfc6d4b" outcome="Passed" testListId="8c84fa94-04c1-424b-9868-57a2d4851a1d" relativeResultsDirectory="3cdc189e-df03-4b96-b54a-e7f029eb1d4c">
      <Output>
        <StdOut>Save/Update: SELECT  ISNULL(MAX(nro_Doc + 1),1) from documento
Save/Update: INSERT INTO documento VALUES (5)
Save/Update: SELECT  ISNULL(MAX(nro_factura + 1),1) from Factura WHERE nro_sucursal=1 AND tipo_factura='A'
Save/Update: INSERT INTO Factura (nro_Doc, iva, fecha, borrado, nro_factura, nro_sucursal, tipo_factura, id_cliente, monto) VALUES (5 , 33.3,  CAST('13/12/2012 22:12:14.094'  AS DateTime), 0 , 2 , 1 , 'A', 2 , 33.3); UPDATE LineaFactura SET borrado=1 WHERE nro_factura=2  AND nro_sucursal=1  AND tipo_factura='A' ; 
Save/Update: select * from Factura WHERE  Factura.nro_Doc=5  ; select * from documento_movimiento; select * from LineaFactura WHERE borrado = 0
Save/Update: UPDATE Factura SET nro_Doc=5 , iva=25.5, fecha= CAST('13/12/2012 22:12:14.093'  AS DateTime), borrado=0 , id_cliente=2 , monto=33.3 WHERE nro_factura=2  AND nro_sucursal=1  AND tipo_factura='A' ; UPDATE LineaFactura SET borrado=1 WHERE nro_factura=2  AND nro_sucursal=1  AND tipo_factura='A' ; 
Save/Update: select * from Factura WHERE  Factura.nro_Doc=5  ; select * from documento_movimiento; select * from LineaFactura WHERE borrado = 0
Save/Update: delete Factura where nro_doc=5
Save/Update: delete documento where nro_doc=5</StdOut>
      </Output>
    </UnitTestResult>
    <UnitTestResult executionId="6c319a74-05bd-4d14-845b-6cb004a4bdb4" testId="d708e39f-77d8-94a9-244f-7004fb181d58" testName="calcularPosiblesFechasTest" computerName="DIEGO-PC" duration="00:00:00.0517765" startTime="2012-12-13T22:12:14.1082248-03:00" endTime="2012-12-13T22:12:14.1662282-03:00" testType="13cdc9d9-ddb5-4fa4-a97d-d965ccfc6d4b" outcome="Passed" testListId="8c84fa94-04c1-424b-9868-57a2d4851a1d" relativeResultsDirectory="6c319a74-05bd-4d14-845b-6cb004a4bdb4">
      <Output>
        <StdOut>Save/Update: select * from Articulos WHERE  Articulos.cod_articulo=1  ; select * from lista_precios WHERE borrado = 0
Save/Update: select * from lista_precios WHERE  lista_precios.cod_articulo=1  
Save/Update: select * from TipoPrenda WHERE  TipoPrenda.tipo_prenda=1  
Save/Update: select * from Diseño WHERE  Diseño.cod_diseño=1  ; select * from historico_estados_diseño WHERE borrado = 0
Save/Update: select * from Maquina JOIN JoinMaquinaToTipoPrenda AS tiposPrenda ON Maquina.cod_maquina=tiposPrenda.cod_maquina WHERE  Maquina.altoMargen&gt;=11  AND  Maquina.anchoMargen&gt;=11  AND  Maquina.cabezales&gt;=1  AND  Maquina.cantidadColores&gt;=0  AND tiposPrenda.tipo_prenda=1  ; select * from JoinMaquinaToTipoPrenda
Save/Update: select * from TipoPrenda WHERE  TipoPrenda.tipo_prenda=1  
Save/Update: select * from TipoPrenda WHERE  TipoPrenda.tipo_prenda=2  
Save/Update: select * from TipoPrenda WHERE  TipoPrenda.tipo_prenda=3  
Save/Update: select * from TipoPrenda WHERE  TipoPrenda.tipo_prenda=1  
Save/Update: select * from TipoPrenda WHERE  TipoPrenda.tipo_prenda=2  
Save/Update: select * from TipoPrenda WHERE  TipoPrenda.tipo_prenda=3  
Save/Update: select * from TipoPrenda WHERE  TipoPrenda.tipo_prenda=1  
Save/Update: select * from TipoPrenda WHERE  TipoPrenda.tipo_prenda=2  
Save/Update: select * from TipoPrenda WHERE  TipoPrenda.tipo_prenda=3  
Save/Update: select * from produccion WHERE  produccion.cod_maquina=1  AND  produccion.fechaFinal&gt;= CAST('09/10/2012 11:00:00.000'  AS DateTime) ; select * from historico_estados_produccion WHERE borrado = 0
Save/Update: select * from Pedido WHERE  Pedido.cod_pedido=1  ; select * from produccion WHERE borrado = 0; select * from historico_estados_pedido WHERE borrado = 0
Save/Update: select * from Maquina WHERE  Maquina.cod_maquina=1  ; select * from JoinMaquinaToTipoPrenda
Save/Update: select * from Articulos WHERE  Articulos.cod_articulo=1  ; select * from lista_precios WHERE borrado = 0
Save/Update: select * from EstadoTrabajos WHERE  EstadoTrabajos.cod_estado=3  
Save/Update: select * from historico_estados_produccion WHERE  historico_estados_produccion.cod_produccion=1  
Save/Update: select * from produccion_operador WHERE  produccion_operador.cod_prodcuccion=1  
Save/Update: select * from Pedido WHERE  Pedido.cod_pedido=1  ; select * from produccion WHERE borrado = 0; select * from historico_estados_pedido WHERE borrado = 0
Save/Update: select * from Maquina WHERE  Maquina.cod_maquina=1  ; select * from JoinMaquinaToTipoPrenda
Save/Update: select * from Articulos WHERE  Articulos.cod_articulo=2  ; select * from lista_precios WHERE borrado = 0
Save/Update: select * from EstadoTrabajos WHERE  EstadoTrabajos.cod_estado=2  
Save/Update: select * from historico_estados_produccion WHERE  historico_estados_produccion.cod_produccion=2  
Save/Update: select * from produccion_operador WHERE  produccion_operador.cod_prodcuccion=2  
Save/Update: select * from Pedido WHERE  Pedido.cod_pedido=2  ; select * from produccion WHERE borrado = 0; select * from historico_estados_pedido WHERE borrado = 0
Save/Update: select * from Maquina WHERE  Maquina.cod_maquina=1  ; select * from JoinMaquinaToTipoPrenda
Save/Update: select * from Articulos WHERE  Articulos.cod_articulo=6  ; select * from lista_precios WHERE borrado = 0
Save/Update: select * from EstadoTrabajos WHERE  EstadoTrabajos.cod_estado=0  
Save/Update: select * from historico_estados_produccion WHERE  historico_estados_produccion.cod_produccion=5  
Save/Update: select * from produccion_operador WHERE  produccion_operador.cod_prodcuccion=5  
Save/Update: select * from produccion WHERE  produccion.cod_maquina=1  AND  produccion.fechaInicio&gt;= CAST('09/10/2012 14:00:00.000'  AS DateTime) ; select * from historico_estados_produccion WHERE borrado = 0
Save/Update: select * from Pedido WHERE  Pedido.cod_pedido=1  ; select * from produccion WHERE borrado = 0; select * from historico_estados_pedido WHERE borrado = 0
Save/Update: select * from Maquina WHERE  Maquina.cod_maquina=1  ; select * from JoinMaquinaToTipoPrenda
Save/Update: select * from Articulos WHERE  Articulos.cod_articulo=2  ; select * from lista_precios WHERE borrado = 0
Save/Update: select * from EstadoTrabajos WHERE  EstadoTrabajos.cod_estado=2  
Save/Update: select * from historico_estados_produccion WHERE  historico_estados_produccion.cod_produccion=2  
Save/Update: select * from produccion_operador WHERE  produccion_operador.cod_prodcuccion=2  
Save/Update: select * from Pedido WHERE  Pedido.cod_pedido=2  ; select * from produccion WHERE borrado = 0; select * from historico_estados_pedido WHERE borrado = 0
Save/Update: select * from Maquina WHERE  Maquina.cod_maquina=1  ; select * from JoinMaquinaToTipoPrenda
Save/Update: select * from Articulos WHERE  Articulos.cod_articulo=6  ; select * from lista_precios WHERE borrado = 0
Save/Update: select * from EstadoTrabajos WHERE  EstadoTrabajos.cod_estado=0  
Save/Update: select * from historico_estados_produccion WHERE  historico_estados_produccion.cod_produccion=5  
Save/Update: select * from produccion_operador WHERE  produccion_operador.cod_prodcuccion=5  
Save/Update: select * from produccion WHERE  produccion.cod_maquina=1  AND  produccion.fechaInicio&gt;= CAST('10/10/2012 12:00:00.000'  AS DateTime) ; select * from historico_estados_produccion WHERE borrado = 0
Save/Update: select * from Pedido WHERE  Pedido.cod_pedido=2  ; select * from produccion WHERE borrado = 0; select * from historico_estados_pedido WHERE borrado = 0
Save/Update: select * from Maquina WHERE  Maquina.cod_maquina=1  ; select * from JoinMaquinaToTipoPrenda
Save/Update: select * from Articulos WHERE  Articulos.cod_articulo=6  ; select * from lista_precios WHERE borrado = 0
Save/Update: select * from EstadoTrabajos WHERE  EstadoTrabajos.cod_estado=0  
Save/Update: select * from historico_estados_produccion WHERE  historico_estados_produccion.cod_produccion=5  
Save/Update: select * from produccion_operador WHERE  produccion_operador.cod_prodcuccion=5  
Save/Update: select * from produccion WHERE  produccion.cod_maquina=1  AND  produccion.fechaInicio&gt;= CAST('10/10/2012 16:00:00.000'  AS DateTime) ; select * from historico_estados_produccion WHERE borrado = 0
Save/Update: select * from produccion WHERE  produccion.cod_maquina=2  AND  produccion.fechaFinal&gt;= CAST('09/10/2012 11:00:00.000'  AS DateTime) ; select * from historico_estados_produccion WHERE borrado = 0
Save/Update: select * from Pedido WHERE  Pedido.cod_pedido=1  ; select * from produccion WHERE borrado = 0; select * from historico_estados_pedido WHERE borrado = 0
Save/Update: select * from Maquina WHERE  Maquina.cod_maquina=2  ; select * from JoinMaquinaToTipoPrenda
Save/Update: select * from Articulos WHERE  Articulos.cod_articulo=3  ; select * from lista_precios WHERE borrado = 0
Save/Update: select * from EstadoTrabajos WHERE  EstadoTrabajos.cod_estado=0  
Save/Update: select * from historico_estados_produccion WHERE  historico_estados_produccion.cod_produccion=3  
Save/Update: select * from produccion_operador WHERE  produccion_operador.cod_prodcuccion=3  
Save/Update: select * from produccion WHERE  produccion.cod_maquina=2  AND  produccion.fechaInicio&gt;= CAST('12/10/2012 18:00:00.000'  AS DateTime) ; select * from historico_estados_produccion WHERE borrado = 0
Save/Update: select * from produccion WHERE  produccion.cod_maquina=3  AND  produccion.fechaFinal&gt;= CAST('09/10/2012 11:00:00.000'  AS DateTime) ; select * from historico_estados_produccion WHERE borrado = 0
Save/Update: select * from Pedido WHERE  Pedido.cod_pedido=2  ; select * from produccion WHERE borrado = 0; select * from historico_estados_pedido WHERE borrado = 0
Save/Update: select * from Maquina WHERE  Maquina.cod_maquina=3  ; select * from JoinMaquinaToTipoPrenda
Save/Update: select * from Articulos WHERE  Articulos.cod_articulo=5  ; select * from lista_precios WHERE borrado = 0
Save/Update: select * from EstadoTrabajos WHERE  EstadoTrabajos.cod_estado=0  
Save/Update: select * from historico_estados_produccion WHERE  historico_estados_produccion.cod_produccion=4  
Save/Update: select * from produccion_operador WHERE  produccion_operador.cod_prodcuccion=4  
Save/Update: select * from Pedido WHERE  Pedido.cod_pedido=3  ; select * from produccion WHERE borrado = 0; select * from historico_estados_pedido WHERE borrado = 0
Save/Update: select * from Maquina WHERE  Maquina.cod_maquina=3  ; select * from JoinMaquinaToTipoPrenda
Save/Update: select * from Articulos WHERE  Articulos.cod_articulo=2  ; select * from lista_precios WHERE borrado = 0
Save/Update: select * from EstadoTrabajos WHERE  EstadoTrabajos.cod_estado=0  
Save/Update: select * from historico_estados_produccion WHERE  historico_estados_produccion.cod_produccion=6  
Save/Update: select * from produccion_operador WHERE  produccion_operador.cod_prodcuccion=6  
Save/Update: select * from produccion WHERE  produccion.cod_maquina=3  AND  produccion.fechaInicio&gt;= CAST('12/10/2012 13:00:00.000'  AS DateTime) ; select * from historico_estados_produccion WHERE borrado = 0
Save/Update: select * from Pedido WHERE  Pedido.cod_pedido=3  ; select * from produccion WHERE borrado = 0; select * from historico_estados_pedido WHERE borrado = 0
Save/Update: select * from Maquina WHERE  Maquina.cod_maquina=3  ; select * from JoinMaquinaToTipoPrenda
Save/Update: select * from Articulos WHERE  Articulos.cod_articulo=2  ; select * from lista_precios WHERE borrado = 0
Save/Update: select * from EstadoTrabajos WHERE  EstadoTrabajos.cod_estado=0  
Save/Update: select * from historico_estados_produccion WHERE  historico_estados_produccion.cod_produccion=6  
Save/Update: select * from produccion_operador WHERE  produccion_operador.cod_prodcuccion=6  
Save/Update: DELETE produccion_operador WHERE id_operador=2  AND cod_prodcuccion=7  
Save/Update: DELETE historico_estados_produccion WHERE nro_estado=1  AND cod_produccion=7  
Save/Update: DELETE historico_estados_produccion WHERE nro_estado=2  AND cod_produccion=7  
Save/Update: DELETE produccion WHERE cod_produccion=7</StdOut>
      </Output>
    </UnitTestResult>
    <UnitTestResult executionId="713cc192-c364-4936-9011-cf90b1fe5c4b" testId="d71a2e75-d02d-d52f-f44c-1c08c736ccf3" testName="buscarTodoTest" computerName="DIEGO-PC" duration="00:00:00.0033604" startTime="2012-12-13T22:12:14.1682283-03:00" endTime="2012-12-13T22:12:14.1782289-03:00" testType="13cdc9d9-ddb5-4fa4-a97d-d965ccfc6d4b" outcome="Passed" testListId="8c84fa94-04c1-424b-9868-57a2d4851a1d" relativeResultsDirectory="713cc192-c364-4936-9011-cf90b1fe5c4b">
      <Output>
        <StdOut>Save/Update: select * from produccion_operador</StdOut>
      </Output>
    </UnitTestResult>
    <UnitTestResult executionId="10664b0f-5a30-4333-a5b3-d5a7f961ecf0" testId="d7c03cb5-500e-d7d9-da0b-0be2f4981b03" testName="buscarPorIdTest" computerName="DIEGO-PC" duration="00:00:00.0017961" startTime="2012-12-13T22:12:14.1792289-03:00" endTime="2012-12-13T22:12:14.1872294-03:00" testType="13cdc9d9-ddb5-4fa4-a97d-d965ccfc6d4b" outcome="Passed" testListId="8c84fa94-04c1-424b-9868-57a2d4851a1d" relativeResultsDirectory="10664b0f-5a30-4333-a5b3-d5a7f961ecf0">
      <Output>
        <StdOut>Save/Update: select * from tipoInsumo WHERE  tipoInsumo.tipo_insumo=1</StdOut>
      </Output>
    </UnitTestResult>
    <UnitTestResult executionId="68614fc1-460b-40e5-b484-569a401e83fa" testId="d9bcf618-cd6c-c93c-87f9-e64f86f63590" testName="actualizarTipoPrendaTest" computerName="DIEGO-PC" duration="00:00:00.0027123" startTime="2012-12-13T22:12:14.1892295-03:00" endTime="2012-12-13T22:12:14.1982300-03:00" testType="13cdc9d9-ddb5-4fa4-a97d-d965ccfc6d4b" outcome="Passed" testListId="8c84fa94-04c1-424b-9868-57a2d4851a1d" relativeResultsDirectory="68614fc1-460b-40e5-b484-569a401e83fa">
      <Output>
        <StdOut>Save/Update: UPDATE TipoPrenda SET descripcion='Campera modificada' WHERE tipo_prenda=1  ; 
Save/Update: select * from TipoPrenda WHERE  TipoPrenda.tipo_prenda=1  
Save/Update: UPDATE TipoPrenda SET descripcion='Campera Armada' WHERE tipo_prenda=1  ;</StdOut>
      </Output>
    </UnitTestResult>
    <UnitTestResult executionId="6d0cc9f3-95ab-4799-9dd7-985e905d313c" testId="d9f16886-57f7-8858-0bb0-758babcd4a82" testName="cargarUsuarioConRestriccionesTest" computerName="DIEGO-PC" duration="00:00:00.0060029" startTime="2012-12-13T22:12:14.1992301-03:00" endTime="2012-12-13T22:12:14.2112307-03:00" testType="13cdc9d9-ddb5-4fa4-a97d-d965ccfc6d4b" outcome="Passed" testListId="8c84fa94-04c1-424b-9868-57a2d4851a1d" relativeResultsDirectory="6d0cc9f3-95ab-4799-9dd7-985e905d313c">
      <Output>
        <StdOut>Save/Update: select * from Usuario WHERE  Usuario.nombre LIKE '%bre1%'AND  Usuario.apellido LIKE '%ap%'AND  Usuario.mail LIKE '%@test%'AND  Usuario.telefonoFijo LIKE '%1-1%'AND  Usuario.telefonoMovil LIKE '%1-1%'; select * from JoinUsuarioToFamilia; select * from JoinPatenteToUsuario
Save/Update: select * from Familia JOIN JoinUsuarioToFamilia AS usuarios ON Familia.familiaID=usuarios.familiaID WHERE usuarios.usuarioID=1  ; select * from JoinFamiliaToPatente
Save/Update: select * from Patente JOIN JoinPatenteToUsuario AS usuario ON Patente.patenteId=usuario.patenteId WHERE usuario.usuarioID=1  
Save/Update: select * from Cliente WHERE  Cliente.usuarioID=1  ; select * from cliente_movimientos; select * from Pedido WHERE borrado = 0; select * from Factura WHERE borrado = 0; select * from Diseño WHERE borrado = 0</StdOut>
      </Output>
    </UnitTestResult>
    <UnitTestResult executionId="95839379-be59-4dd5-95a2-c38c7a2a3f90" testId="da9d278a-cb0f-a51b-e352-ed20685028b9" testName="calcularDistanciaEntreTrabajosTest3" computerName="DIEGO-PC" duration="00:00:00.0022612" startTime="2012-12-13T22:12:14.2132309-03:00" endTime="2012-12-13T22:12:14.2212313-03:00" testType="13cdc9d9-ddb5-4fa4-a97d-d965ccfc6d4b" outcome="Passed" testListId="8c84fa94-04c1-424b-9868-57a2d4851a1d" relativeResultsDirectory="95839379-be59-4dd5-95a2-c38c7a2a3f90">
      <Output>
        <StdOut>Save/Update: DELETE produccion_operador WHERE id_operador=2  AND cod_prodcuccion=7  
Save/Update: DELETE historico_estados_produccion WHERE nro_estado=1  AND cod_produccion=7  
Save/Update: DELETE historico_estados_produccion WHERE nro_estado=2  AND cod_produccion=7  
Save/Update: DELETE produccion WHERE cod_produccion=7</StdOut>
      </Output>
    </UnitTestResult>
    <UnitTestResult executionId="514aa81a-b732-410b-88ca-69b812f95076" testId="db7e1c98-1137-e435-bbb3-bf8f5402bfbf" testName="calcularDistanciaEntreTrabajosTest4" computerName="DIEGO-PC" duration="00:00:00.0021643" startTime="2012-12-13T22:12:14.2232314-03:00" endTime="2012-12-13T22:12:14.2322319-03:00" testType="13cdc9d9-ddb5-4fa4-a97d-d965ccfc6d4b" outcome="Passed" testListId="8c84fa94-04c1-424b-9868-57a2d4851a1d" relativeResultsDirectory="514aa81a-b732-410b-88ca-69b812f95076">
      <Output>
        <StdOut>Save/Update: DELETE produccion_operador WHERE id_operador=2  AND cod_prodcuccion=7  
Save/Update: DELETE historico_estados_produccion WHERE nro_estado=1  AND cod_produccion=7  
Save/Update: DELETE historico_estados_produccion WHERE nro_estado=2  AND cod_produccion=7  
Save/Update: DELETE produccion WHERE cod_produccion=7</StdOut>
      </Output>
    </UnitTestResult>
    <UnitTestResult executionId="c4849827-d907-44f8-8df2-c0485770fc92" testId="dba83ae6-c977-93af-bca8-afb2188d9d55" testName="actualizarTipoPrendaTest" computerName="DIEGO-PC" duration="00:00:00.0032381" startTime="2012-12-13T22:12:14.2342321-03:00" endTime="2012-12-13T22:12:14.2432326-03:00" testType="13cdc9d9-ddb5-4fa4-a97d-d965ccfc6d4b" outcome="Passed" testListId="8c84fa94-04c1-424b-9868-57a2d4851a1d" relativeResultsDirectory="c4849827-d907-44f8-8df2-c0485770fc92">
      <Output>
        <StdOut>Save/Update: UPDATE TipoPrenda SET descripcion='Campera modificada' WHERE tipo_prenda=1  ; 
Save/Update: select * from TipoPrenda WHERE  TipoPrenda.tipo_prenda=1  
Save/Update: UPDATE TipoPrenda SET descripcion='Campera Armada' WHERE tipo_prenda=1  ;</StdOut>
      </Output>
    </UnitTestResult>
    <UnitTestResult executionId="e4d9c080-dea5-4a87-a5f2-a48a4bcc1f92" testId="dc17c55e-f745-25bd-9dae-5c78f5bb2176" testName="grabarTipoPrendaTest" computerName="DIEGO-PC" duration="00:00:00.0029894" startTime="2012-12-13T22:12:14.2452327-03:00" endTime="2012-12-13T22:12:14.2542332-03:00" testType="13cdc9d9-ddb5-4fa4-a97d-d965ccfc6d4b" outcome="Passed" testListId="8c84fa94-04c1-424b-9868-57a2d4851a1d" relativeResultsDirectory="e4d9c080-dea5-4a87-a5f2-a48a4bcc1f92">
      <Output>
        <StdOut>Save/Update: INSERT INTO TipoPrenda (tipo_prenda, descripcion) VALUES (5 , 'gorro'); 
Save/Update: select * from TipoPrenda
Save/Update: DELETE TipoPrenda WHERE tipo_prenda=5</StdOut>
      </Output>
    </UnitTestResult>
    <UnitTestResult executionId="0c9fe5b1-3951-4ce9-b6e1-215c1ffe278d" testId="dd5a8b39-7328-3edd-3658-5787ac153d19" testName="actualizaFacturaTest" computerName="DIEGO-PC" duration="00:00:00.0314247" startTime="2012-12-13T22:12:14.2562333-03:00" endTime="2012-12-13T22:12:14.2942355-03:00" testType="13cdc9d9-ddb5-4fa4-a97d-d965ccfc6d4b" outcome="Passed" testListId="8c84fa94-04c1-424b-9868-57a2d4851a1d" relativeResultsDirectory="0c9fe5b1-3951-4ce9-b6e1-215c1ffe278d">
      <Output>
        <StdOut>Save/Update: SELECT  ISNULL(MAX(nro_Doc + 1),1) from documento
Save/Update: INSERT INTO documento VALUES (5)
Save/Update: SELECT  ISNULL(MAX(nro_factura + 1),1) from Factura WHERE nro_sucursal=1 AND tipo_factura='A'
Save/Update: INSERT INTO Factura (nro_Doc, iva, fecha, borrado, nro_factura, nro_sucursal, tipo_factura, id_cliente, monto) VALUES (5 , 1.1,  CAST('13/10/2012 21:44:12.000'  AS DateTime), 0 , 2 , 1 , 'A', 2 , 100); UPDATE LineaFactura SET borrado=1 WHERE nro_factura=2  AND nro_sucursal=1  AND tipo_factura='A' ; 
Save/Update: SELECT  ISNULL(MAX(nro_linea + 1),1) from LineaFactura WHERE nro_factura=2 AND nro_sucursal=1 AND tipo_factura='A'
Save/Update: INSERT INTO LineaFactura (nro_factura, nro_sucursal, tipo_factura, nro_linea, cod_producto, cantidad, precio, borrado) VALUES (2 , 1 , 'A', 1 , 2 , 10 , 0, 0 ); 
Save/Update: SELECT  ISNULL(MAX(nro_movimiento + 1),1) from MovimientosCuenta
Save/Update: INSERT INTO MovimientosCuenta (nro_movimiento, comentario, fecha, monto, cuentaID, tipoMovimientoID) VALUES (4 , 'com test',  CAST('13/10/2012 21:44:12.000'  AS DateTime), 100, 1 , 1 ); DELETE cliente_movimientos where nro_movimiento=4  ;  INSERT INTO cliente_movimientos ( nro_movimiento, id_cliente) VALUES ( 4 , 2 ); DELETE documento_movimiento where nro_movimiento=4  ;  INSERT INTO documento_movimiento ( nro_movimiento, nro_Doc) VALUES ( 4 , 5 ); 
Save/Update: select * from Factura WHERE  Factura.nro_factura=2  AND  Factura.nro_sucursal=1  AND  Factura.tipo_factura='A' ; select * from documento_movimiento; select * from LineaFactura WHERE borrado = 0
Save/Update: select * from LineaFactura WHERE  LineaFactura.nro_factura=2  AND  LineaFactura.tipo_factura='A' AND  LineaFactura.nro_sucursal=1  
Save/Update: select * from Articulos WHERE  Articulos.cod_articulo=2  ; select * from lista_precios WHERE borrado = 0
Save/Update: select * from Cliente WHERE  Cliente.id_cliente=2  ; select * from cliente_movimientos; select * from Pedido WHERE borrado = 0; select * from Factura WHERE borrado = 0; select * from Diseño WHERE borrado = 0
Save/Update: select * from Usuario WHERE  Usuario.usuarioID=2  ; select * from JoinUsuarioToFamilia; select * from JoinPatenteToUsuario
Save/Update: select * from MovimientosCuenta JOIN documento_movimiento AS documento ON MovimientosCuenta.nro_movimiento=documento.nro_movimiento JOIN cliente_movimientos AS cliente ON MovimientosCuenta.nro_movimiento=cliente.nro_movimiento WHERE documento.nro_Doc=5  AND cliente.id_cliente IS NOT  NULL ; select * from cliente_movimientos; select * from documento_movimiento
Save/Update: UPDATE Factura SET nro_Doc=5 , iva=1.1, fecha= CAST('13/10/2012 21:44:12.000'  AS DateTime), borrado=0 , id_cliente=2 , monto=111 WHERE nro_factura=2  AND nro_sucursal=1  AND tipo_factura='A' ; UPDATE LineaFactura SET borrado=1 WHERE nro_factura=2  AND nro_sucursal=1  AND tipo_factura='A' ; 
Save/Update: UPDATE LineaFactura SET cod_producto=2 , cantidad=15 , precio=0, borrado=0  WHERE nro_factura=2  AND nro_sucursal=1  AND tipo_factura='A' AND nro_linea=1  ; 
Save/Update: SELECT  ISNULL(MAX(nro_linea + 1),1) from LineaFactura WHERE nro_factura=2 AND nro_sucursal=1 AND tipo_factura='A'
Save/Update: INSERT INTO LineaFactura (nro_factura, nro_sucursal, tipo_factura, nro_linea, cod_producto, cantidad, precio, borrado) VALUES (2 , 1 , 'A', 2 , 1 , 10 , 2.1, 0 ); 
Save/Update: UPDATE MovimientosCuenta SET comentario='com test', fecha= CAST('13/10/2012 21:44:12.000'  AS DateTime), monto=111, cuentaID=1 , tipoMovimientoID=1  WHERE nro_movimiento=4  ; DELETE cliente_movimientos where nro_movimiento=4  ;  INSERT INTO cliente_movimientos ( nro_movimiento, id_cliente) VALUES ( 4 , 2 ); DELETE documento_movimiento where nro_movimiento=4  ;  INSERT INTO documento_movimiento ( nro_movimiento, nro_Doc) VALUES ( 4 , 5 ); 
Save/Update: select * from Factura WHERE  Factura.nro_factura=2  AND  Factura.nro_sucursal=1  AND  Factura.tipo_factura='A' ; select * from documento_movimiento; select * from LineaFactura WHERE borrado = 0
Save/Update: select * from LineaFactura WHERE  LineaFactura.nro_factura=2  AND  LineaFactura.tipo_factura='A' AND  LineaFactura.nro_sucursal=1  
Save/Update: select * from Articulos WHERE  Articulos.cod_articulo=2  ; select * from lista_precios WHERE borrado = 0
Save/Update: select * from Articulos WHERE  Articulos.cod_articulo=1  ; select * from lista_precios WHERE borrado = 0
Save/Update: select * from Cliente WHERE  Cliente.id_cliente=2  ; select * from cliente_movimientos; select * from Pedido WHERE borrado = 0; select * from Factura WHERE borrado = 0; select * from Diseño WHERE borrado = 0
Save/Update: select * from Usuario WHERE  Usuario.usuarioID=2  ; select * from JoinUsuarioToFamilia; select * from JoinPatenteToUsuario
Save/Update: select * from MovimientosCuenta JOIN documento_movimiento AS documento ON MovimientosCuenta.nro_movimiento=documento.nro_movimiento JOIN cliente_movimientos AS cliente ON MovimientosCuenta.nro_movimiento=cliente.nro_movimiento WHERE documento.nro_Doc=5  AND cliente.id_cliente IS NOT  NULL ; select * from cliente_movimientos; select * from documento_movimiento
Save/Update: DELETE LineaFactura WHERE nro_factura=2  AND nro_sucursal=1  AND tipo_factura='A' AND nro_linea=1  
Save/Update: DELETE LineaFactura WHERE nro_factura=2  AND nro_sucursal=1  AND tipo_factura='A' AND nro_linea=2  
Save/Update: DELETE cliente_movimientos where nro_movimiento=4  ; DELETE documento_movimiento where nro_movimiento=4  ; ;DELETE MovimientosCuenta WHERE nro_movimiento=4  
Save/Update: DELETE FROM Factura WHERE nro_Doc =5
Save/Update: delete documento where nro_doc=5</StdOut>
      </Output>
    </UnitTestResult>
    <UnitTestResult executionId="dca8df3b-6664-47c6-9212-893e7aa9990c" testId="dde12295-d4b5-9724-4e8c-04bf282ca24f" testName="buscarArticulosPorCodigoTest" computerName="DIEGO-PC" duration="00:00:00.0058553" startTime="2012-12-13T22:12:14.2962356-03:00" endTime="2012-12-13T22:12:14.3072362-03:00" testType="13cdc9d9-ddb5-4fa4-a97d-d965ccfc6d4b" outcome="Passed" testListId="8c84fa94-04c1-424b-9868-57a2d4851a1d" relativeResultsDirectory="dca8df3b-6664-47c6-9212-893e7aa9990c">
      <Output>
        <StdOut>Save/Update: select * from Articulos WHERE  Articulos.cod_articulo=1  ; select * from lista_precios WHERE borrado = 0
Save/Update: select * from lista_precios WHERE  lista_precios.cod_articulo=1  
Save/Update: select * from TipoPrenda WHERE  TipoPrenda.tipo_prenda=1  
Save/Update: select * from Diseño WHERE  Diseño.cod_diseño=1  ; select * from historico_estados_diseño WHERE borrado = 0
Save/Update: DELETE lista_precios WHERE nro_lista=1  AND cod_articulo=4  
Save/Update: DELETE lista_precios WHERE nro_lista=2  AND cod_articulo=4  
Save/Update: DELETE Articulos WHERE cod_articulo=4</StdOut>
      </Output>
    </UnitTestResult>
    <UnitTestResult executionId="54308dab-ebd5-4cea-9d68-e95e721d60b6" testId="de04a58d-71f5-e1d1-1d14-e423a290a69c" testName="actualizarProduccionTest" computerName="DIEGO-PC" duration="00:00:00.0289230" startTime="2012-12-13T22:12:14.3102364-03:00" endTime="2012-12-13T22:12:14.3472385-03:00" testType="13cdc9d9-ddb5-4fa4-a97d-d965ccfc6d4b" outcome="Passed" testListId="8c84fa94-04c1-424b-9868-57a2d4851a1d" relativeResultsDirectory="54308dab-ebd5-4cea-9d68-e95e721d60b6">
      <Output>
        <StdOut>Save/Update: SELECT  ISNULL(MAX(cod_produccion + 1),1) from produccion
Save/Update: INSERT INTO produccion (cod_produccion, comentario, cod_pedido, cod_maquina, cod_articulo, cantidad, estadoActual, utilizacion, fechaInicio, fechaFinal, borrado) VALUES (7 , 'com test', 3 , 3 , 3 , 10 , 1 , 1,  CAST('14/10/2012 15:00:00.000'  AS DateTime),  CAST('14/10/2012 18:00:00.000'  AS DateTime), 0 ); UPDATE historico_estados_produccion SET borrado=1 WHERE cod_produccion=7  ; 
Save/Update: SELECT  ISNULL(MAX(nro_estado + 1),1) from historico_estados_produccion WHERE cod_produccion=7
Save/Update: INSERT INTO historico_estados_produccion (nro_estado, comentario, cod_produccion, fechaDesde, fechaHasta, estado, borrado) VALUES (1 , 'com test', 7 ,  CAST('13/12/2012 22:12:14.317'  AS DateTime),  NULL , 1 , 0 ); 
Save/Update: select * from produccion WHERE  produccion.cod_produccion=7  ; select * from historico_estados_produccion WHERE borrado = 0
Save/Update: select * from Pedido WHERE  Pedido.cod_pedido=3  ; select * from produccion WHERE borrado = 0; select * from historico_estados_pedido WHERE borrado = 0
Save/Update: select * from Maquina WHERE  Maquina.cod_maquina=3  ; select * from JoinMaquinaToTipoPrenda
Save/Update: select * from Articulos WHERE  Articulos.cod_articulo=3  ; select * from lista_precios WHERE borrado = 0
Save/Update: select * from EstadoTrabajos WHERE  EstadoTrabajos.cod_estado=1  
Save/Update: select * from historico_estados_produccion WHERE  historico_estados_produccion.cod_produccion=7  
Save/Update: select * from produccion_operador WHERE  produccion_operador.cod_prodcuccion=7  
Save/Update: UPDATE produccion SET comentario='com test', cod_pedido=3 , cod_maquina=3 , cod_articulo=3 , cantidad=10 , estadoActual=1 , utilizacion=1, fechaInicio= CAST('14/10/2012 15:00:00.000'  AS DateTime), fechaFinal= CAST('14/10/2012 18:00:00.000'  AS DateTime), borrado=0  WHERE cod_produccion=7  ; UPDATE historico_estados_produccion SET borrado=1 WHERE cod_produccion=7  ; 
Save/Update: INSERT INTO produccion_operador (id_operador, cod_prodcuccion, porcentaje) VALUES (2 , 7 , 100 ); 
Save/Update: UPDATE historico_estados_produccion SET comentario='com test', fechaDesde= CAST('13/12/2012 22:12:14.317'  AS DateTime), fechaHasta= CAST('14/10/2012 18:00:00.000'  AS DateTime), estado=1 , borrado=0  WHERE nro_estado=1  AND cod_produccion=7  ; 
Save/Update: SELECT  ISNULL(MAX(nro_estado + 1),1) from historico_estados_produccion WHERE cod_produccion=7
Save/Update: INSERT INTO historico_estados_produccion (nro_estado, comentario, cod_produccion, fechaDesde, fechaHasta, estado, borrado) VALUES (2 , 'com test', 7 ,  CAST('13/12/2012 22:12:14.329'  AS DateTime),  NULL , 3 , 0 ); 
Save/Update: select * from produccion WHERE  produccion.cod_produccion=7  ; select * from historico_estados_produccion WHERE borrado = 0
Save/Update: select * from Pedido WHERE  Pedido.cod_pedido=3  ; select * from produccion WHERE borrado = 0; select * from historico_estados_pedido WHERE borrado = 0
Save/Update: select * from Maquina WHERE  Maquina.cod_maquina=3  ; select * from JoinMaquinaToTipoPrenda
Save/Update: select * from Articulos WHERE  Articulos.cod_articulo=3  ; select * from lista_precios WHERE borrado = 0
Save/Update: select * from EstadoTrabajos WHERE  EstadoTrabajos.cod_estado=1  
Save/Update: select * from historico_estados_produccion WHERE  historico_estados_produccion.cod_produccion=7  
Save/Update: select * from produccion_operador WHERE  produccion_operador.cod_prodcuccion=7  
Save/Update: DELETE produccion_operador WHERE id_operador=2  AND cod_prodcuccion=7  
Save/Update: DELETE historico_estados_produccion WHERE nro_estado=1  AND cod_produccion=7  
Save/Update: DELETE historico_estados_produccion WHERE nro_estado=2  AND cod_produccion=7  
Save/Update: DELETE produccion WHERE cod_produccion=7</StdOut>
      </Output>
    </UnitTestResult>
    <UnitTestResult executionId="89150294-b81f-402e-adcb-d402b8455768" testId="dea2dc86-55fc-7dd0-68c2-4ac2d970ca43" testName="modificarMensajeTest" computerName="DIEGO-PC" duration="00:00:00.0046891" startTime="2012-12-13T22:12:14.3482386-03:00" endTime="2012-12-13T22:12:14.3612393-03:00" testType="13cdc9d9-ddb5-4fa4-a97d-d965ccfc6d4b" outcome="Passed" testListId="8c84fa94-04c1-424b-9868-57a2d4851a1d" relativeResultsDirectory="89150294-b81f-402e-adcb-d402b8455768">
      <Output>
        <StdOut>Save/Update: select * from Mensaje WHERE  Mensaje.id=2  
Save/Update: UPDATE Mensaje SET tipoMensaje=0 , fecha= CAST('26/08/2012 16:35:00.000'  AS DateTime), mensaje='msj de 1 a 2', leido=1 , borrado=0 , id_conversacion=1  WHERE id=2  ; 
Save/Update: select * from Mensaje WHERE  Mensaje.id=2  
Save/Update: UPDATE Mensaje SET tipoMensaje=0 , fecha= CAST('26/08/2012 16:35:00.000'  AS DateTime), mensaje='msj de 1 a 2', leido=0 , borrado=0 , id_conversacion=1  WHERE id=2  ;</StdOut>
      </Output>
    </UnitTestResult>
    <UnitTestResult executionId="a9ec4f78-1efd-4488-8438-5d746a87bd77" testId="dfd17420-5a13-5744-e6d4-81c04e097642" testName="buscarPrendasPorIDTest" computerName="DIEGO-PC" duration="00:00:00.0015706" startTime="2012-12-13T22:12:14.3642395-03:00" endTime="2012-12-13T22:12:14.3732400-03:00" testType="13cdc9d9-ddb5-4fa4-a97d-d965ccfc6d4b" outcome="Passed" testListId="8c84fa94-04c1-424b-9868-57a2d4851a1d" relativeResultsDirectory="a9ec4f78-1efd-4488-8438-5d746a87bd77">
      <Output>
        <StdOut>Save/Update: select * from TipoPrenda WHERE  TipoPrenda.tipo_prenda=2</StdOut>
      </Output>
    </UnitTestResult>
    <UnitTestResult executionId="8f0baa41-bf63-42ac-90ba-a7749f64980a" testId="e020cadd-bd50-d44d-30aa-ba2f497b2887" testName="borrarTest" computerName="DIEGO-PC" duration="00:00:00.0131128" startTime="2012-12-13T22:12:14.3752401-03:00" endTime="2012-12-13T22:12:14.3952413-03:00" testType="13cdc9d9-ddb5-4fa4-a97d-d965ccfc6d4b" outcome="Passed" testListId="8c84fa94-04c1-424b-9868-57a2d4851a1d" relativeResultsDirectory="8f0baa41-bf63-42ac-90ba-a7749f64980a">
      <Output>
        <StdOut>Save/Update: SELECT  ISNULL(MAX(id_conversacion + 1),1) from Conversacion
Save/Update: INSERT INTO Conversacion (id_conversacion, remitente, destinatario) VALUES (3 , 2 , 3 ); UPDATE mensaje SET borrado=1 WHERE id_conversacion=3  ; 
Save/Update: SELECT  ISNULL(MAX(id + 1),1) from Mensaje
Save/Update: INSERT INTO Mensaje (id, tipoMensaje, fecha, mensaje, leido, borrado, id_conversacion) VALUES (5 , 0 ,  CAST('13/12/2012 22:12:14.381'  AS DateTime), 'test msj grabarMensajeTest', 0 , 0 , 3 ); 
Save/Update: SELECT  ISNULL(MAX(id + 1),1) from Mensaje
Save/Update: INSERT INTO Mensaje (id, tipoMensaje, fecha, mensaje, leido, borrado, id_conversacion) VALUES (6 , 1 ,  CAST('13/12/2012 22:12:14.381'  AS DateTime), 'test msj grabarMensajeTest', 0 , 0 , 3 ); 
Save/Update: select * from Conversacion WHERE  Conversacion.remitente=3  ; select * from mensaje WHERE borrado = 0
Save/Update: select * from Conversacion WHERE  Conversacion.destinatario=3  ; select * from mensaje WHERE borrado = 0
Save/Update: select * from Usuario WHERE  Usuario.usuarioID=2  ; select * from JoinUsuarioToFamilia; select * from JoinPatenteToUsuario
Save/Update: select * from Usuario WHERE  Usuario.usuarioID=3  ; select * from JoinUsuarioToFamilia; select * from JoinPatenteToUsuario
Save/Update: select * from Mensaje WHERE  Mensaje.id_conversacion=3  
Save/Update: DELETE Mensaje WHERE id=5  
Save/Update: DELETE Mensaje WHERE id=6  
Save/Update: DELETE Conversacion WHERE id_conversacion=3  
Save/Update: select * from Conversacion WHERE  Conversacion.remitente=3  ; select * from mensaje WHERE borrado = 0
Save/Update: select * from Conversacion WHERE  Conversacion.destinatario=3  ; select * from mensaje WHERE borrado = 0
Save/Update: select * from Mensaje</StdOut>
      </Output>
    </UnitTestResult>
    <UnitTestResult executionId="c4223393-8a2a-49dd-9e38-62eccd37843e" testId="e02e0a67-6c2d-0c94-cb65-8df5b3dc5cea" testName="listarMovimientosTest" computerName="DIEGO-PC" duration="00:00:00.0075052" startTime="2012-12-13T22:12:14.3972414-03:00" endTime="2012-12-13T22:12:14.4122422-03:00" testType="13cdc9d9-ddb5-4fa4-a97d-d965ccfc6d4b" outcome="Passed" testListId="8c84fa94-04c1-424b-9868-57a2d4851a1d" relativeResultsDirectory="c4223393-8a2a-49dd-9e38-62eccd37843e">
      <Output>
        <StdOut>Save/Update: select * from MovimientosCuenta JOIN proveedor_movimientos AS proveedor ON MovimientosCuenta.nro_movimiento=proveedor.nro_movimiento WHERE proveedor.id_proveedor IS NOT  NULL ; select * from proveedor_movimientos; select * from documento_movimiento
Save/Update: select * from Proveedor WHERE  Proveedor.id_proveedor=1  
Save/Update: select * from OrdenDeCompra WHERE  OrdenDeCompra.id_proveedor=1  ; select * from documento_movimiento; select * from LineaOrdenDeCompra WHERE borrado = 0
Save/Update: select * from OrdenDeCompra WHERE  OrdenDeCompra.nro_Doc=3  ; select * from documento_movimiento; select * from LineaOrdenDeCompra WHERE borrado = 0
Save/Update: select * from tipoMovimiento WHERE  tipoMovimiento.tipoMovimientoID=1  
Save/Update: select * from Cuenta WHERE  Cuenta.cuentaID=1  
Save/Update: DELETE proveedor_movimientos where nro_movimiento=4  ; DELETE documento_movimiento where nro_movimiento=4  ; ;DELETE MovimientosCuenta WHERE nro_movimiento=4</StdOut>
      </Output>
    </UnitTestResult>
    <UnitTestResult executionId="0d0683b3-9d36-4a19-aa35-38548b063e9e" testId="e174714d-b5ae-6791-7e05-a6dae00c0681" testName="buscarArticulosTest" computerName="DIEGO-PC" duration="00:00:00.0036873" startTime="2012-12-13T22:12:14.4142424-03:00" endTime="2012-12-13T22:12:14.4282432-03:00" testType="13cdc9d9-ddb5-4fa4-a97d-d965ccfc6d4b" outcome="Passed" testListId="8c84fa94-04c1-424b-9868-57a2d4851a1d" relativeResultsDirectory="0d0683b3-9d36-4a19-aa35-38548b063e9e">
      <Output>
        <StdOut>Save/Update: select * from Articulos; select * from lista_precios WHERE borrado = 0
Save/Update: DELETE Articulos WHERE cod_articulo=4</StdOut>
      </Output>
    </UnitTestResult>
    <UnitTestResult executionId="a73eb6cf-d4d4-447f-8c48-6df7afd101b0" testId="e23387f5-cbe9-d2c5-d12c-23a1dbe2d390" testName="grabarFacturaTest" computerName="DIEGO-PC" duration="00:00:00.0146517" startTime="2012-12-13T22:12:14.4302433-03:00" endTime="2012-12-13T22:12:14.4522445-03:00" testType="13cdc9d9-ddb5-4fa4-a97d-d965ccfc6d4b" outcome="Passed" testListId="8c84fa94-04c1-424b-9868-57a2d4851a1d" relativeResultsDirectory="a73eb6cf-d4d4-447f-8c48-6df7afd101b0">
      <Output>
        <StdOut>Save/Update: SELECT  ISNULL(MAX(nro_Doc + 1),1) from documento
Save/Update: INSERT INTO documento VALUES (5)
Save/Update: SELECT  ISNULL(MAX(nro_factura + 1),1) from Factura WHERE nro_sucursal=1 AND tipo_factura='A'
Save/Update: INSERT INTO Factura (nro_Doc, iva, fecha, borrado, nro_factura, nro_sucursal, tipo_factura, id_cliente, monto) VALUES (5 , 1.1,  CAST('13/10/2012 21:44:12.000'  AS DateTime), 0 , 2 , 1 , 'A', 2 , 100); UPDATE LineaFactura SET borrado=1 WHERE nro_factura=2  AND nro_sucursal=1  AND tipo_factura='A' ; 
Save/Update: SELECT  ISNULL(MAX(nro_linea + 1),1) from LineaFactura WHERE nro_factura=2 AND nro_sucursal=1 AND tipo_factura='A'
Save/Update: INSERT INTO LineaFactura (nro_factura, nro_sucursal, tipo_factura, nro_linea, cod_producto, cantidad, precio, borrado) VALUES (2 , 1 , 'A', 1 , 2 , 10 , 50, 0 ); 
Save/Update: SELECT  ISNULL(MAX(nro_movimiento + 1),1) from MovimientosCuenta
Save/Update: INSERT INTO MovimientosCuenta (nro_movimiento, comentario, fecha, monto, cuentaID, tipoMovimientoID) VALUES (4 , 'com test',  CAST('13/10/2012 21:44:12.000'  AS DateTime), 100, 1 , 1 ); DELETE cliente_movimientos where nro_movimiento=4  ;  INSERT INTO cliente_movimientos ( nro_movimiento, id_cliente) VALUES ( 4 , 2 ); DELETE documento_movimiento where nro_movimiento=4  ;  INSERT INTO documento_movimiento ( nro_movimiento, nro_Doc) VALUES ( 4 , 5 ); 
Save/Update: select * from Factura WHERE  Factura.nro_factura=2  AND  Factura.nro_sucursal=1  AND  Factura.tipo_factura='A' ; select * from documento_movimiento; select * from LineaFactura WHERE borrado = 0
Save/Update: select * from LineaFactura WHERE  LineaFactura.nro_factura=2  AND  LineaFactura.tipo_factura='A' AND  LineaFactura.nro_sucursal=1  
Save/Update: select * from Articulos WHERE  Articulos.cod_articulo=2  ; select * from lista_precios WHERE borrado = 0
Save/Update: select * from Cliente WHERE  Cliente.id_cliente=2  ; select * from cliente_movimientos; select * from Pedido WHERE borrado = 0; select * from Factura WHERE borrado = 0; select * from Diseño WHERE borrado = 0
Save/Update: select * from Usuario WHERE  Usuario.usuarioID=2  ; select * from JoinUsuarioToFamilia; select * from JoinPatenteToUsuario
Save/Update: select * from MovimientosCuenta JOIN documento_movimiento AS documento ON MovimientosCuenta.nro_movimiento=documento.nro_movimiento JOIN cliente_movimientos AS cliente ON MovimientosCuenta.nro_movimiento=cliente.nro_movimiento WHERE documento.nro_Doc=5  AND cliente.id_cliente IS NOT  NULL ; select * from cliente_movimientos; select * from documento_movimiento
Save/Update: DELETE LineaFactura WHERE nro_factura=2  AND nro_sucursal=1  AND tipo_factura='A' AND nro_linea=1  
Save/Update: DELETE LineaFactura WHERE nro_factura=2  AND nro_sucursal=1  AND tipo_factura='A' AND nro_linea=2  
Save/Update: DELETE cliente_movimientos where nro_movimiento=4  ; DELETE documento_movimiento where nro_movimiento=4  ; ;DELETE MovimientosCuenta WHERE nro_movimiento=4  
Save/Update: DELETE FROM Factura WHERE nro_Doc =5
Save/Update: delete documento where nro_doc=5</StdOut>
      </Output>
    </UnitTestResult>
    <UnitTestResult executionId="cb6457ef-1c9f-4cef-9ddd-87ab929aa106" testId="e2347588-3d57-efa9-6d83-3dfd95e9941d" testName="buscarPorIdTest" computerName="DIEGO-PC" duration="00:00:00.0019157" startTime="2012-12-13T22:12:14.4542446-03:00" endTime="2012-12-13T22:12:14.4622451-03:00" testType="13cdc9d9-ddb5-4fa4-a97d-d965ccfc6d4b" outcome="Passed" testListId="8c84fa94-04c1-424b-9868-57a2d4851a1d" relativeResultsDirectory="cb6457ef-1c9f-4cef-9ddd-87ab929aa106">
      <Output>
        <StdOut>Save/Update: select * from produccion_operador WHERE  produccion_operador.id_operador=1  AND  produccion_operador.cod_prodcuccion=1</StdOut>
      </Output>
    </UnitTestResult>
    <UnitTestResult executionId="8f27933d-eabe-4ff3-aef8-b133a17a01f3" testId="e27be593-1d5d-4e60-f221-5154b5c9193c" testName="agregarPatenteTest" computerName="DIEGO-PC" duration="00:00:00.0047380" startTime="2012-12-13T22:12:14.4642452-03:00" endTime="2012-12-13T22:12:14.4762459-03:00" testType="13cdc9d9-ddb5-4fa4-a97d-d965ccfc6d4b" outcome="Passed" testListId="8c84fa94-04c1-424b-9868-57a2d4851a1d" relativeResultsDirectory="8f27933d-eabe-4ff3-aef8-b133a17a01f3">
      <Output>
        <StdOut>Save/Update: select * from Familia WHERE  Familia.familiaID=5  ; select * from JoinFamiliaToPatente
Save/Update: UPDATE Familia SET descripcion='desTest', nombre='nombretest' WHERE familiaID=5  ; DELETE JoinFamiliaToPatente where familiaID=5  ;  INSERT INTO JoinFamiliaToPatente ( familiaID, patenteId) VALUES ( 5 , 9 ); 
Save/Update: select * from Familia WHERE  Familia.familiaID=5  ; select * from JoinFamiliaToPatente
Save/Update: UPDATE Familia SET descripcion='Administracion de finanzas', nombre='Administracion de finanzas' WHERE familiaID=5  ; DELETE JoinFamiliaToPatente where familiaID=5  ;</StdOut>
      </Output>
    </UnitTestResult>
    <UnitTestResult executionId="931a86f3-684b-4d5d-99db-f56dccbc169c" testId="e337de86-0746-0ac2-0c5c-30365e74f01b" testName="saveTest" computerName="DIEGO-PC" duration="00:00:00.0967398" startTime="2012-12-13T22:12:14.4782460-03:00" endTime="2012-12-13T22:12:14.5822520-03:00" testType="13cdc9d9-ddb5-4fa4-a97d-d965ccfc6d4b" outcome="Passed" testListId="8c84fa94-04c1-424b-9868-57a2d4851a1d" relativeResultsDirectory="931a86f3-684b-4d5d-99db-f56dccbc169c">
      <Output>
        <StdOut>***************** Error --&gt; Save: INSERT INTO Patente (patenteID, descripcion, permiso) VALUES (1, 'test', 'test')
                 Stacktrace: Infracción de la restricción PRIMARY KEY 'PK_Patente'. No se puede insertar una clave duplicada en el objeto 'dbo.Patente'.
Se terminó la instrucción.
Save/Update: select * from Patente where patenteID = 1
***************** Error --&gt; Save: DELETE FROM Patente
                 Stacktrace: Instrucción DELETE en conflicto con la restricción REFERENCE "FK_JoinFamiliaToPatente_Patente". El conflicto ha aparecido en la base de datos "uniprof_test", tabla "dbo.JoinFamiliaToPatente", column 'patenteID'.
Se terminó la instrucción.</StdOut>
      </Output>
    </UnitTestResult>
    <UnitTestResult executionId="0ee5d2e6-d602-4e8c-860b-cb80be163ab2" testId="e3b5610a-399f-d019-a8c3-fe5f24d0c8a6" testName="listarInsumosTest" computerName="DIEGO-PC" duration="00:00:00.0179641" startTime="2012-12-13T22:12:14.5842521-03:00" endTime="2012-12-13T22:12:14.6112536-03:00" testType="13cdc9d9-ddb5-4fa4-a97d-d965ccfc6d4b" outcome="Passed" testListId="8c84fa94-04c1-424b-9868-57a2d4851a1d" relativeResultsDirectory="0ee5d2e6-d602-4e8c-860b-cb80be163ab2">
      <Output>
        <StdOut>Save/Update: select * from insumo
Save/Update: select * from tipoInsumo WHERE  tipoInsumo.tipo_insumo=1  
Save/Update: select * from color WHERE  color.codigo_color=1  
Save/Update: select * from MovimientosStock WHERE  MovimientosStock.cod_insumo=1  
Save/Update: select * from tipoInsumo WHERE  tipoInsumo.tipo_insumo=1  
Save/Update: select * from color WHERE  color.codigo_color=2  
Save/Update: select * from MovimientosStock WHERE  MovimientosStock.cod_insumo=2  
Save/Update: select * from tipoInsumo WHERE  tipoInsumo.tipo_insumo=1  
Save/Update: select * from color WHERE  color.codigo_color=3  
Save/Update: select * from MovimientosStock WHERE  MovimientosStock.cod_insumo=3  
Save/Update: select * from tipoInsumo WHERE  tipoInsumo.tipo_insumo=1  
Save/Update: select * from color WHERE  color.codigo_color=4  
Save/Update: select * from MovimientosStock WHERE  MovimientosStock.cod_insumo=4  
Save/Update: select * from insumo WHERE  insumo.cod_insumo=1  
Save/Update: select * from tipoInsumo WHERE  tipoInsumo.tipo_insumo=1  
Save/Update: select * from color WHERE  color.codigo_color=1  
Save/Update: select * from MovimientosStock WHERE  MovimientosStock.cod_insumo=1  
Save/Update: select * from insumo WHERE  insumo.cod_insumo=2  
Save/Update: select * from tipoInsumo WHERE  tipoInsumo.tipo_insumo=1  
Save/Update: select * from color WHERE  color.codigo_color=2  
Save/Update: select * from MovimientosStock WHERE  MovimientosStock.cod_insumo=2  
Save/Update: select * from insumo WHERE  insumo.cod_insumo=1  
Save/Update: select * from tipoInsumo WHERE  tipoInsumo.tipo_insumo=1  
Save/Update: select * from color WHERE  color.codigo_color=1  
Save/Update: select * from MovimientosStock WHERE  MovimientosStock.cod_insumo=1  
Save/Update: UPDATE insumo SET nombre='nombre1', id_tipo_insumo=1 , color=1 , detalle='detalle1', costo=1, cantidadActual=1  WHERE cod_insumo=1  ; 
Save/Update: select * from insumo WHERE  insumo.cod_insumo=2  
Save/Update: select * from tipoInsumo WHERE  tipoInsumo.tipo_insumo=1  
Save/Update: select * from color WHERE  color.codigo_color=2  
Save/Update: select * from MovimientosStock WHERE  MovimientosStock.cod_insumo=2  
Save/Update: UPDATE insumo SET nombre='nombre2', id_tipo_insumo=1 , color=2 , detalle='detalle2', costo=1, cantidadActual=2  WHERE cod_insumo=2  ; 
Save/Update: delete from MovimientosStock where cod_insumo &gt; 2 or (cod_insumo = 1 AND nro_movimiento &gt; 2) or (cod_insumo = 2 AND nro_movimiento &gt; 1)
Save/Update: DELETE MovimientosStock WHERE nro_movimiento=1  AND cod_insumo=5  
Save/Update: DELETE MovimientosStock WHERE nro_movimiento=2  AND cod_insumo=5  
Save/Update: DELETE insumo WHERE cod_insumo=5</StdOut>
      </Output>
    </UnitTestResult>
    <UnitTestResult executionId="b0760dd0-f7a9-43cc-ade6-4aad07951425" testId="e3f85f2f-8bca-7a73-722e-520143b3f21d" testName="buscarNewsletterParaEnviarTest" computerName="DIEGO-PC" duration="00:00:00.0022671" startTime="2012-12-13T22:12:14.6132537-03:00" endTime="2012-12-13T22:12:14.6222543-03:00" testType="13cdc9d9-ddb5-4fa4-a97d-d965ccfc6d4b" outcome="Passed" testListId="8c84fa94-04c1-424b-9868-57a2d4851a1d" relativeResultsDirectory="b0760dd0-f7a9-43cc-ade6-4aad07951425">
      <Output>
        <StdOut>Save/Update: select * from newsletter WHERE  newsletter.enviado=0</StdOut>
      </Output>
    </UnitTestResult>
    <UnitTestResult executionId="028add8a-3b34-412c-b877-b834b9456c3f" testId="e4b047bc-e01c-35c0-ab7e-ab1c5de8674f" testName="grabarFacturasTest" computerName="DIEGO-PC" duration="00:00:00.0114498" startTime="2012-12-13T22:12:14.6242544-03:00" endTime="2012-12-13T22:12:14.6472557-03:00" testType="13cdc9d9-ddb5-4fa4-a97d-d965ccfc6d4b" outcome="Passed" testListId="8c84fa94-04c1-424b-9868-57a2d4851a1d" relativeResultsDirectory="028add8a-3b34-412c-b877-b834b9456c3f">
      <Output>
        <StdOut>Save/Update: SELECT  ISNULL(MAX(nro_Doc + 1),1) from documento
Save/Update: INSERT INTO documento VALUES (5)
Save/Update: SELECT  ISNULL(MAX(nro_orden_compra + 1),1) from OrdenDeCompra WHERE nro_sucursal=1 AND tipo_orden_compra='A'
Save/Update: INSERT INTO OrdenDeCompra (nro_Doc, iva, fecha, borrado, nro_orden_compra, nro_sucursal, tipo_orden_compra, id_proveedor, monto) VALUES (5 , 33.3,  CAST('13/12/2012 22:12:14.632'  AS DateTime), 0 , 2 , 1 , 'A', 2 , 33.3); UPDATE LineaOrdenDeCompra SET borrado=1 WHERE nro_orden_compra=2  AND nro_sucursal=1  AND tipo_orden_compra='A' ; 
Save/Update: select * from OrdenDeCompra WHERE  OrdenDeCompra.nro_Doc=5  ; select * from documento_movimiento; select * from LineaOrdenDeCompra WHERE borrado = 0
Save/Update: delete OrdenDeCompra where nro_doc=5
Save/Update: delete documento where nro_doc=5</StdOut>
      </Output>
    </UnitTestResult>
    <UnitTestResult executionId="451414ed-9cf7-4938-ad8a-2b18fcd058c7" testId="e4e7695e-eb86-2e17-0da3-82500c958fe2" testName="actualizarClienteTest" computerName="DIEGO-PC" duration="00:00:00.0495270" startTime="2012-12-13T22:12:14.6482557-03:00" endTime="2012-12-13T22:12:14.7062591-03:00" testType="13cdc9d9-ddb5-4fa4-a97d-d965ccfc6d4b" outcome="Passed" testListId="8c84fa94-04c1-424b-9868-57a2d4851a1d" relativeResultsDirectory="451414ed-9cf7-4938-ad8a-2b18fcd058c7">
      <Output>
        <StdOut>Save/Update: select * from Cliente WHERE  Cliente.id_cliente=1  ; select * from cliente_movimientos; select * from Pedido WHERE borrado = 0; select * from Factura WHERE borrado = 0; select * from Diseño WHERE borrado = 0
Save/Update: select * from Usuario WHERE  Usuario.usuarioID=1  ; select * from JoinUsuarioToFamilia; select * from JoinPatenteToUsuario
Save/Update: select * from Familia JOIN JoinUsuarioToFamilia AS usuarios ON Familia.familiaID=usuarios.familiaID WHERE usuarios.usuarioID=1  ; select * from JoinFamiliaToPatente
Save/Update: select * from Patente JOIN JoinPatenteToUsuario AS usuario ON Patente.patenteId=usuario.patenteId WHERE usuario.usuarioID=1  
Save/Update: select * from Cliente WHERE  Cliente.usuarioID=1  ; select * from cliente_movimientos; select * from Pedido WHERE borrado = 0; select * from Factura WHERE borrado = 0; select * from Diseño WHERE borrado = 0
Save/Update: select * from Diseño WHERE  Diseño.id_cliente=1  ; select * from historico_estados_diseño WHERE borrado = 0
Save/Update: select * from Factura WHERE  Factura.id_cliente=1  ; select * from documento_movimiento; select * from LineaFactura WHERE borrado = 0
Save/Update: select * from Pedido WHERE  Pedido.id_cliente=1  ; select * from produccion WHERE borrado = 0; select * from historico_estados_pedido WHERE borrado = 0
Save/Update: select * from MovimientosCuenta JOIN cliente_movimientos AS cliente ON MovimientosCuenta.nro_movimiento=cliente.nro_movimiento WHERE cliente.id_cliente=1  AND cliente.id_cliente IS NOT  NULL ; select * from cliente_movimientos; select * from documento_movimiento
Save/Update: UPDATE Usuario SET nombre='nombre6', apellido='apellido6', mail='mail6@test.com', password='559D55197310', telefonoFijo='6666-6666', telefonoMovil='6666-6666', bloqueado=0  WHERE usuarioID=1  ; DELETE JoinUsuarioToFamilia where usuarioID=1  ;  INSERT INTO JoinUsuarioToFamilia ( usuarioID, familiaID) VALUES ( 1 , 5 ); DELETE JoinPatenteToUsuario where usuarioID=1  ;  INSERT INTO JoinPatenteToUsuario ( usuarioID, patenteId) VALUES ( 1 , 3 ); 
Save/Update: UPDATE Cliente SET habitadoTurnos=0 , newsletter=1  WHERE id_cliente=1  ; UPDATE Pedido SET borrado=1 WHERE id_cliente=1  ; UPDATE Factura SET borrado=1 WHERE id_cliente=1  ; UPDATE Diseño SET borrado=1 WHERE id_cliente=1  ; 
Save/Update: select * from Cliente WHERE  Cliente.id_cliente=1  ; select * from cliente_movimientos; select * from Pedido WHERE borrado = 0; select * from Factura WHERE borrado = 0; select * from Diseño WHERE borrado = 0
Save/Update: select * from Usuario WHERE  Usuario.usuarioID=1  ; select * from JoinUsuarioToFamilia; select * from JoinPatenteToUsuario
Save/Update: select * from Familia JOIN JoinUsuarioToFamilia AS usuarios ON Familia.familiaID=usuarios.familiaID WHERE usuarios.usuarioID=1  ; select * from JoinFamiliaToPatente
Save/Update: select * from Patente JOIN JoinFamiliaToPatente AS familia ON Patente.patenteId=familia.patenteId WHERE familia.familiaID=5  
Save/Update: select * from Patente JOIN JoinPatenteToUsuario AS usuario ON Patente.patenteId=usuario.patenteId WHERE usuario.usuarioID=1  
Save/Update: select * from Cliente WHERE  Cliente.usuarioID=1  ; select * from cliente_movimientos; select * from Pedido WHERE borrado = 0; select * from Factura WHERE borrado = 0; select * from Diseño WHERE borrado = 0
Save/Update: select * from Diseño WHERE  Diseño.id_cliente=1  ; select * from historico_estados_diseño WHERE borrado = 0
Save/Update: select * from Factura WHERE  Factura.id_cliente=1  ; select * from documento_movimiento; select * from LineaFactura WHERE borrado = 0
Save/Update: select * from Pedido WHERE  Pedido.id_cliente=1  ; select * from produccion WHERE borrado = 0; select * from historico_estados_pedido WHERE borrado = 0
Save/Update: select * from MovimientosCuenta JOIN cliente_movimientos AS cliente ON MovimientosCuenta.nro_movimiento=cliente.nro_movimiento WHERE cliente.id_cliente=1  AND cliente.id_cliente IS NOT  NULL ; select * from cliente_movimientos; select * from documento_movimiento
Save/Update: UPDATE Usuario SET nombre='nombre1', apellido='apellido1', mail='mail1@test.com', password='11C8', telefonoFijo='1111-1111', telefonoMovil='1111-1111', bloqueado=0  WHERE usuarioID=1  ; DELETE JoinUsuarioToFamilia where usuarioID=1  ; DELETE JoinPatenteToUsuario where usuarioID=1  ; 
Save/Update: UPDATE Cliente SET habitadoTurnos=1 , newsletter=0  WHERE id_cliente=1  ; UPDATE Pedido SET borrado=1 WHERE id_cliente=1  ; UPDATE Factura SET borrado=1 WHERE id_cliente=1  ; UPDATE Diseño SET borrado=1 WHERE id_cliente=1  ; 
Save/Update:  UPDATE factura set borrado = 0 
Save/Update:  UPDATE diseño set borrado = 0 
Save/Update:  UPDATE pedido set borrado = 0 
Save/Update:  Insert into JoinPatenteToUsuario values (1,1)</StdOut>
      </Output>
    </UnitTestResult>
    <UnitTestResult executionId="2cabe6cc-2c50-4546-84d0-196025fa794b" testId="e4f43342-50bf-4878-e3d3-5afdaa2ddd37" testName="modificarMovimientosClienteTest" computerName="DIEGO-PC" duration="00:00:00.0126286" startTime="2012-12-13T22:12:14.7072591-03:00" endTime="2012-12-13T22:12:14.7292604-03:00" testType="13cdc9d9-ddb5-4fa4-a97d-d965ccfc6d4b" outcome="Passed" testListId="8c84fa94-04c1-424b-9868-57a2d4851a1d" relativeResultsDirectory="2cabe6cc-2c50-4546-84d0-196025fa794b">
      <Output>
        <StdOut>Save/Update: SELECT  ISNULL(MAX(nro_movimiento + 1),1) from MovimientosCuenta
Save/Update: INSERT INTO MovimientosCuenta (nro_movimiento, comentario, fecha, monto, cuentaID, tipoMovimientoID) VALUES (4 , 'com4',  CAST('13/12/2012 22:12:14.713'  AS DateTime), 33.3, 1 , 2 ); DELETE cliente_movimientos where nro_movimiento=4  ;  INSERT INTO cliente_movimientos ( nro_movimiento, id_cliente) VALUES ( 4 , 2 ); DELETE documento_movimiento where nro_movimiento=4  ; 
Save/Update: select * from MovimientosCuenta JOIN cliente_movimientos AS cliente ON MovimientosCuenta.nro_movimiento=cliente.nro_movimiento WHERE  MovimientosCuenta.nro_movimiento=4  AND  MovimientosCuenta.monto=33.3 AND cliente.id_cliente IS NOT  NULL ; select * from cliente_movimientos; select * from documento_movimiento
Save/Update: UPDATE MovimientosCuenta SET comentario='com4', fecha= CAST('13/12/2012 22:12:14.713'  AS DateTime), monto=33.3, cuentaID=1 , tipoMovimientoID=2  WHERE nro_movimiento=4  ; DELETE cliente_movimientos where nro_movimiento=4  ;  INSERT INTO cliente_movimientos ( nro_movimiento, id_cliente) VALUES ( 4 , 1 ); DELETE documento_movimiento where nro_movimiento=4  ; 
Save/Update: select * from MovimientosCuenta JOIN cliente_movimientos AS cliente ON MovimientosCuenta.nro_movimiento=cliente.nro_movimiento WHERE  MovimientosCuenta.nro_movimiento=4  AND  MovimientosCuenta.monto=33.3 AND cliente.id_cliente IS NOT  NULL AND cliente.id_cliente IS NOT  NULL ; select * from cliente_movimientos; select * from documento_movimiento
Save/Update: DELETE cliente_movimientos where nro_movimiento=4  ; DELETE documento_movimiento where nro_movimiento=4  ; ;DELETE MovimientosCuenta WHERE nro_movimiento=4</StdOut>
      </Output>
    </UnitTestResult>
    <UnitTestResult executionId="701ee397-4e4f-4b8b-b4e8-84ae405f947c" testId="e64170f8-e36a-c642-d97d-54b6bb0553a6" testName="CargarClienteTest" computerName="DIEGO-PC" duration="00:00:00.0187806" startTime="2012-12-13T22:12:14.7302604-03:00" endTime="2012-12-13T22:12:14.7582620-03:00" testType="13cdc9d9-ddb5-4fa4-a97d-d965ccfc6d4b" outcome="Passed" testListId="8c84fa94-04c1-424b-9868-57a2d4851a1d" relativeResultsDirectory="701ee397-4e4f-4b8b-b4e8-84ae405f947c">
      <Output>
        <StdOut>Save/Update: select * from Cliente WHERE  Cliente.usuarioID=1  ; select * from cliente_movimientos; select * from Pedido WHERE borrado = 0; select * from Factura WHERE borrado = 0; select * from Diseño WHERE borrado = 0
Save/Update: select * from Usuario WHERE  Usuario.usuarioID=1  ; select * from JoinUsuarioToFamilia; select * from JoinPatenteToUsuario
Save/Update: select * from Familia JOIN JoinUsuarioToFamilia AS usuarios ON Familia.familiaID=usuarios.familiaID WHERE usuarios.usuarioID=1  ; select * from JoinFamiliaToPatente
Save/Update: select * from Patente JOIN JoinPatenteToUsuario AS usuario ON Patente.patenteId=usuario.patenteId WHERE usuario.usuarioID=1  
Save/Update: select * from Cliente WHERE  Cliente.usuarioID=1  ; select * from cliente_movimientos; select * from Pedido WHERE borrado = 0; select * from Factura WHERE borrado = 0; select * from Diseño WHERE borrado = 0
Save/Update: select * from Diseño WHERE  Diseño.id_cliente=1  ; select * from historico_estados_diseño WHERE borrado = 0
Save/Update: select * from Factura WHERE  Factura.id_cliente=1  ; select * from documento_movimiento; select * from LineaFactura WHERE borrado = 0
Save/Update: select * from Pedido WHERE  Pedido.id_cliente=1  ; select * from produccion WHERE borrado = 0; select * from historico_estados_pedido WHERE borrado = 0
Save/Update: select * from MovimientosCuenta JOIN cliente_movimientos AS cliente ON MovimientosCuenta.nro_movimiento=cliente.nro_movimiento WHERE cliente.id_cliente=1  AND cliente.id_cliente IS NOT  NULL ; select * from cliente_movimientos; select * from documento_movimiento</StdOut>
      </Output>
    </UnitTestResult>
    <UnitTestResult executionId="7a948af5-1358-4b0b-a494-27d065575636" testId="e7af5983-4779-41b6-14d3-f05ee86282c2" testName="buscarNewsletterPorIdTest" computerName="DIEGO-PC" duration="00:00:00.0023418" startTime="2012-12-13T22:12:14.7612622-03:00" endTime="2012-12-13T22:12:14.7712628-03:00" testType="13cdc9d9-ddb5-4fa4-a97d-d965ccfc6d4b" outcome="Passed" testListId="8c84fa94-04c1-424b-9868-57a2d4851a1d" relativeResultsDirectory="7a948af5-1358-4b0b-a494-27d065575636">
      <Output>
        <StdOut>Save/Update: select * from newsletter WHERE  newsletter.id=2</StdOut>
      </Output>
    </UnitTestResult>
    <UnitTestResult executionId="125a2765-ba83-4ed0-a491-5f93e1e86460" testId="e8b1e8f2-7674-bb72-605f-9a7a2bc1bfee" testName="buscarColorConRestriccionesTest" computerName="DIEGO-PC" duration="00:00:00.0026453" startTime="2012-12-13T22:12:14.7732629-03:00" endTime="2012-12-13T22:12:14.7842635-03:00" testType="13cdc9d9-ddb5-4fa4-a97d-d965ccfc6d4b" outcome="Passed" testListId="8c84fa94-04c1-424b-9868-57a2d4851a1d" relativeResultsDirectory="125a2765-ba83-4ed0-a491-5f93e1e86460">
      <Output>
        <StdOut>Save/Update: select * from color WHERE  color.codigo_color=3</StdOut>
      </Output>
    </UnitTestResult>
    <UnitTestResult executionId="3b0b51ba-a8fe-464f-987b-651bae15cc6f" testId="e97e5cde-c25e-cb0e-69db-a3582bc2ca43" testName="buscarProveedoresPorNombreTest" computerName="DIEGO-PC" duration="00:00:00.0086618" startTime="2012-12-13T22:12:14.7882637-03:00" endTime="2012-12-13T22:12:14.8042647-03:00" testType="13cdc9d9-ddb5-4fa4-a97d-d965ccfc6d4b" outcome="Passed" testListId="8c84fa94-04c1-424b-9868-57a2d4851a1d" relativeResultsDirectory="3b0b51ba-a8fe-464f-987b-651bae15cc6f">
      <Output>
        <StdOut>Save/Update: select * from Proveedor WHERE  Proveedor.nombre LIKE '%nomb%'
Save/Update: select * from OrdenDeCompra WHERE  OrdenDeCompra.id_proveedor=1  ; select * from documento_movimiento; select * from LineaOrdenDeCompra WHERE borrado = 0
Save/Update: select * from OrdenDeCompra WHERE  OrdenDeCompra.id_proveedor=2  ; select * from documento_movimiento; select * from LineaOrdenDeCompra WHERE borrado = 0
Save/Update: select * from OrdenDeCompra WHERE  OrdenDeCompra.id_proveedor=3  ; select * from documento_movimiento; select * from LineaOrdenDeCompra WHERE borrado = 0
Save/Update: delete OrdenDeCompra where nro_doc=5
Save/Update: delete documento where nro_doc=5
Save/Update: DELETE Proveedor WHERE id_proveedor=4  
Save/Update: UPDATE Proveedor SET nombre='nombre1', telefono='1111-1111', direccion='direccion 1' WHERE id_proveedor=1  ;</StdOut>
      </Output>
    </UnitTestResult>
    <UnitTestResult executionId="f0671b30-71d4-4ac4-9213-56849f52f289" testId="e9b80469-e28c-1b2c-5a36-980b3cb0f728" testName="grabarLineaTest" computerName="DIEGO-PC" duration="00:00:00.0051850" startTime="2012-12-13T22:12:14.8062648-03:00" endTime="2012-12-13T22:12:14.8182655-03:00" testType="13cdc9d9-ddb5-4fa4-a97d-d965ccfc6d4b" outcome="Passed" testListId="8c84fa94-04c1-424b-9868-57a2d4851a1d" relativeResultsDirectory="f0671b30-71d4-4ac4-9213-56849f52f289">
      <Output>
        <StdOut>Save/Update: SELECT  ISNULL(MAX(nro_linea + 1),1) from LineaFactura WHERE nro_factura=1 AND nro_sucursal=1 AND tipo_factura='A'
Save/Update: INSERT INTO LineaFactura (nro_factura, nro_sucursal, tipo_factura, nro_linea, cod_producto, cantidad, precio, borrado) VALUES (1 , 1 , 'A', 3 , 3 , 33 , 33.3, 0 ); 
Save/Update: select * from LineaFactura WHERE  LineaFactura.nro_factura=1  AND  LineaFactura.nro_linea=3  AND  LineaFactura.nro_sucursal=1  AND  LineaFactura.tipo_factura='A' 
Save/Update: DELETE LineaFactura WHERE nro_factura=1  AND nro_sucursal=1  AND tipo_factura='A' AND nro_linea=3</StdOut>
      </Output>
    </UnitTestResult>
    <UnitTestResult executionId="a3c256c9-af65-4553-a1b4-726b717ffbd3" testId="ea022a26-3382-db95-b68b-60ac6f18deb0" testName="CargarClientesTest" computerName="DIEGO-PC" duration="00:00:00.0340003" startTime="2012-12-13T22:12:14.8222657-03:00" endTime="2012-12-13T22:12:14.8632680-03:00" testType="13cdc9d9-ddb5-4fa4-a97d-d965ccfc6d4b" outcome="Passed" testListId="8c84fa94-04c1-424b-9868-57a2d4851a1d" relativeResultsDirectory="a3c256c9-af65-4553-a1b4-726b717ffbd3">
      <Output>
        <StdOut>Save/Update: select * from Cliente; select * from cliente_movimientos; select * from Pedido WHERE borrado = 0; select * from Factura WHERE borrado = 0; select * from Diseño WHERE borrado = 0
Save/Update: select * from Usuario WHERE  Usuario.usuarioID=1  ; select * from JoinUsuarioToFamilia; select * from JoinPatenteToUsuario
Save/Update: select * from Familia JOIN JoinUsuarioToFamilia AS usuarios ON Familia.familiaID=usuarios.familiaID WHERE usuarios.usuarioID=1  ; select * from JoinFamiliaToPatente
Save/Update: select * from Patente JOIN JoinPatenteToUsuario AS usuario ON Patente.patenteId=usuario.patenteId WHERE usuario.usuarioID=1  
Save/Update: select * from Cliente WHERE  Cliente.usuarioID=1  ; select * from cliente_movimientos; select * from Pedido WHERE borrado = 0; select * from Factura WHERE borrado = 0; select * from Diseño WHERE borrado = 0
Save/Update: select * from Diseño WHERE  Diseño.id_cliente=1  ; select * from historico_estados_diseño WHERE borrado = 0
Save/Update: select * from Factura WHERE  Factura.id_cliente=1  ; select * from documento_movimiento; select * from LineaFactura WHERE borrado = 0
Save/Update: select * from Pedido WHERE  Pedido.id_cliente=1  ; select * from produccion WHERE borrado = 0; select * from historico_estados_pedido WHERE borrado = 0
Save/Update: select * from MovimientosCuenta JOIN cliente_movimientos AS cliente ON MovimientosCuenta.nro_movimiento=cliente.nro_movimiento WHERE cliente.id_cliente=1  AND cliente.id_cliente IS NOT  NULL ; select * from cliente_movimientos; select * from documento_movimiento
Save/Update: select * from Usuario WHERE  Usuario.usuarioID=2  ; select * from JoinUsuarioToFamilia; select * from JoinPatenteToUsuario
Save/Update: select * from Familia JOIN JoinUsuarioToFamilia AS usuarios ON Familia.familiaID=usuarios.familiaID WHERE usuarios.usuarioID=2  ; select * from JoinFamiliaToPatente
Save/Update: select * from Patente JOIN JoinFamiliaToPatente AS familia ON Patente.patenteId=familia.patenteId WHERE familia.familiaID=2  
Save/Update: select * from Patente JOIN JoinPatenteToUsuario AS usuario ON Patente.patenteId=usuario.patenteId WHERE usuario.usuarioID=2  
Save/Update: select * from Cliente WHERE  Cliente.usuarioID=2  ; select * from cliente_movimientos; select * from Pedido WHERE borrado = 0; select * from Factura WHERE borrado = 0; select * from Diseño WHERE borrado = 0
Save/Update: select * from Diseño WHERE  Diseño.id_cliente=2  ; select * from historico_estados_diseño WHERE borrado = 0
Save/Update: select * from Factura WHERE  Factura.id_cliente=2  ; select * from documento_movimiento; select * from LineaFactura WHERE borrado = 0
Save/Update: select * from Pedido WHERE  Pedido.id_cliente=2  ; select * from produccion WHERE borrado = 0; select * from historico_estados_pedido WHERE borrado = 0
Save/Update: select * from MovimientosCuenta JOIN cliente_movimientos AS cliente ON MovimientosCuenta.nro_movimiento=cliente.nro_movimiento WHERE cliente.id_cliente=2  AND cliente.id_cliente IS NOT  NULL ; select * from cliente_movimientos; select * from documento_movimiento</StdOut>
      </Output>
    </UnitTestResult>
    <UnitTestResult executionId="b82c0a6b-1d85-4dc6-8610-883bb727d3af" testId="eb042ce3-5f20-3d74-ebeb-88f3067e39ea" testName="cargarPedidoPorRestriccionesTest" computerName="DIEGO-PC" duration="00:00:00.0090653" startTime="2012-12-13T22:12:14.8652682-03:00" endTime="2012-12-13T22:12:14.8822691-03:00" testType="13cdc9d9-ddb5-4fa4-a97d-d965ccfc6d4b" outcome="Passed" testListId="8c84fa94-04c1-424b-9868-57a2d4851a1d" relativeResultsDirectory="b82c0a6b-1d85-4dc6-8610-883bb727d3af">
      <Output>
        <StdOut>Save/Update: select * from Pedido JOIN produccion AS trabajos ON Pedido.cod_pedido=trabajos.cod_pedido WHERE  Pedido.cod_pedido=1  AND  Pedido.comentario='comentario1' AND  Pedido.id_cliente=1  AND  Pedido.tipo_pedido=1  AND trabajos.cod_produccion=3  AND  Pedido.estadoActual=3  AND  Pedido.borrado=0  ; select * from produccion WHERE borrado = 0; select * from historico_estados_pedido WHERE borrado = 0
Save/Update: DELETE Pedido WHERE cod_pedido=5</StdOut>
      </Output>
    </UnitTestResult>
    <UnitTestResult executionId="0015a3c8-2648-4e61-91e6-b507a15c2c4d" testId="ecaad254-0b1d-a420-c28a-c8ca0ba7c959" testName="cargarUsuarioPorIdTest" computerName="DIEGO-PC" duration="00:00:00.0065736" startTime="2012-12-13T22:12:14.8852693-03:00" endTime="2012-12-13T22:12:14.8982700-03:00" testType="13cdc9d9-ddb5-4fa4-a97d-d965ccfc6d4b" outcome="Passed" testListId="8c84fa94-04c1-424b-9868-57a2d4851a1d" relativeResultsDirectory="0015a3c8-2648-4e61-91e6-b507a15c2c4d">
      <Output>
        <StdOut>Save/Update: select * from Usuario WHERE  Usuario.usuarioID=3  ; select * from JoinUsuarioToFamilia; select * from JoinPatenteToUsuario
Save/Update: select * from Familia JOIN JoinUsuarioToFamilia AS usuarios ON Familia.familiaID=usuarios.familiaID WHERE usuarios.usuarioID=3  ; select * from JoinFamiliaToPatente
Save/Update: select * from Patente JOIN JoinFamiliaToPatente AS familia ON Patente.patenteId=familia.patenteId WHERE familia.familiaID=6  
Save/Update: select * from Patente JOIN JoinPatenteToUsuario AS usuario ON Patente.patenteId=usuario.patenteId WHERE usuario.usuarioID=3  
Save/Update: select * from Cliente WHERE  Cliente.usuarioID=3  ; select * from cliente_movimientos; select * from Pedido WHERE borrado = 0; select * from Factura WHERE borrado = 0; select * from Diseño WHERE borrado = 0</StdOut>
      </Output>
    </UnitTestResult>
    <UnitTestResult executionId="0ff40a34-6416-4b99-a9ba-220972c90291" testId="ecabc92d-2f24-55b0-b16a-755e692c4e1a" testName="calcularFinalizacionTest2" computerName="DIEGO-PC" duration="00:00:00.0029256" startTime="2012-12-13T22:12:14.9002702-03:00" endTime="2012-12-13T22:12:14.9102707-03:00" testType="13cdc9d9-ddb5-4fa4-a97d-d965ccfc6d4b" outcome="Passed" testListId="8c84fa94-04c1-424b-9868-57a2d4851a1d" relativeResultsDirectory="0ff40a34-6416-4b99-a9ba-220972c90291">
      <Output>
        <StdOut>Save/Update: DELETE produccion_operador WHERE id_operador=2  AND cod_prodcuccion=7  
Save/Update: DELETE historico_estados_produccion WHERE nro_estado=1  AND cod_produccion=7  
Save/Update: DELETE historico_estados_produccion WHERE nro_estado=2  AND cod_produccion=7  
Save/Update: DELETE produccion WHERE cod_produccion=7</StdOut>
      </Output>
    </UnitTestResult>
    <UnitTestResult executionId="557195cd-a84a-48f2-8797-521b6edd99c4" testId="ecd27a0e-9f35-c43e-8c11-1b73255aae3c" testName="buscarColorTest" computerName="DIEGO-PC" duration="00:00:00.0035397" startTime="2012-12-13T22:12:14.9142710-03:00" endTime="2012-12-13T22:12:14.9252716-03:00" testType="13cdc9d9-ddb5-4fa4-a97d-d965ccfc6d4b" outcome="Passed" testListId="8c84fa94-04c1-424b-9868-57a2d4851a1d" relativeResultsDirectory="557195cd-a84a-48f2-8797-521b6edd99c4">
      <Output>
        <StdOut>Save/Update: select * from color</StdOut>
      </Output>
    </UnitTestResult>
    <UnitTestResult executionId="4b93ddc2-5ad1-4d2d-9af8-d6407c3ea87a" testId="eda2ca79-f409-f699-6d33-a3da45e5d953" testName="listarOpinionesTest" computerName="DIEGO-PC" duration="00:00:00.0034342" startTime="2012-12-13T22:12:14.9282718-03:00" endTime="2012-12-13T22:12:14.9392724-03:00" testType="13cdc9d9-ddb5-4fa4-a97d-d965ccfc6d4b" outcome="Passed" testListId="8c84fa94-04c1-424b-9868-57a2d4851a1d" relativeResultsDirectory="4b93ddc2-5ad1-4d2d-9af8-d6407c3ea87a">
      <Output>
        <StdOut>Save/Update: select * from opiniones</StdOut>
      </Output>
    </UnitTestResult>
    <UnitTestResult executionId="1e74d70f-88da-4835-badb-6f1c7a68d558" testId="edb7a5b7-9d9c-7fee-8224-ff9d0e654bf2" testName="grabarFamiliaTest" computerName="DIEGO-PC" duration="00:00:00.0053132" startTime="2012-12-13T22:12:14.9402724-03:00" endTime="2012-12-13T22:12:14.9532732-03:00" testType="13cdc9d9-ddb5-4fa4-a97d-d965ccfc6d4b" outcome="Passed" testListId="8c84fa94-04c1-424b-9868-57a2d4851a1d" relativeResultsDirectory="1e74d70f-88da-4835-badb-6f1c7a68d558">
      <Output>
        <StdOut>Save/Update: INSERT INTO Familia (familiaID, descripcion, nombre) VALUES (7 , 'familia test', 'test'); DELETE JoinFamiliaToPatente where familiaID=7  ;  INSERT INTO JoinFamiliaToPatente ( familiaID, patenteId) VALUES ( 7 , 9 ); 
Save/Update: select * from Familia WHERE  Familia.familiaID=7  ; select * from JoinFamiliaToPatente
Save/Update: DELETE JoinFamiliaToPatente where familiaID=7  ; ;DELETE Familia WHERE familiaID=7</StdOut>
      </Output>
    </UnitTestResult>
    <UnitTestResult executionId="bdbca5ac-380d-43cf-8eb6-41875542552d" testId="ee5f9022-6777-7fb2-dcc5-530f17ab50c0" testName="borrarArticuloTest" computerName="DIEGO-PC" duration="00:00:00.0119285" startTime="2012-12-13T22:12:14.9552733-03:00" endTime="2012-12-13T22:12:14.9722743-03:00" testType="13cdc9d9-ddb5-4fa4-a97d-d965ccfc6d4b" outcome="Passed" testListId="8c84fa94-04c1-424b-9868-57a2d4851a1d" relativeResultsDirectory="bdbca5ac-380d-43cf-8eb6-41875542552d">
      <Output>
        <StdOut>Save/Update: SELECT  ISNULL(MAX(cod_articulo + 1),1) from Articulos
Save/Update: INSERT INTO Articulos (cod_articulo, tipoPrendaID, diseñoID, comentario, produccion, precioActual, borrado) VALUES (4 , 3 , 2 , 'com test', 10 , 1, 0 ); UPDATE lista_precios SET borrado=1 WHERE cod_articulo=4  ; 
Save/Update: SELECT  ISNULL( MAX(nro_lista + 1), 1) from lista_precios WHERE cod_articulo=4
Save/Update: INSERT INTO lista_precios (nro_lista, cod_articulo, precio, fechaDesde, fechaHasta, borrado) VALUES (1 , 4 , 1,  CAST('13/12/2012 22:12:14.959'  AS DateTime),  NULL , 0 ); 
Save/Update: select * from Articulos WHERE  Articulos.cod_articulo=4  ; select * from lista_precios WHERE borrado = 0
Save/Update: select * from lista_precios WHERE  lista_precios.cod_articulo=4  
Save/Update: select * from TipoPrenda WHERE  TipoPrenda.tipo_prenda=3  
Save/Update: select * from Diseño WHERE  Diseño.cod_diseño=2  ; select * from historico_estados_diseño WHERE borrado = 0
Save/Update: UPDATE Articulos SET tipoPrendaID=3 , diseñoID=2 , comentario='com test', produccion=10 , precioActual=1, borrado=1  WHERE cod_articulo=4  ; UPDATE lista_precios SET borrado=1 WHERE cod_articulo=4  ; 
Save/Update: select * from Articulos WHERE  Articulos.cod_articulo=4  ; select * from lista_precios WHERE borrado = 0
Save/Update: select * from lista_precios WHERE  lista_precios.cod_articulo=4  
Save/Update: select * from TipoPrenda WHERE  TipoPrenda.tipo_prenda=3  
Save/Update: select * from Diseño WHERE  Diseño.cod_diseño=2  ; select * from historico_estados_diseño WHERE borrado = 0
Save/Update: DELETE lista_precios WHERE nro_lista=1  AND cod_articulo=4  
Save/Update: DELETE lista_precios WHERE nro_lista=2  AND cod_articulo=4  
Save/Update: DELETE Articulos WHERE cod_articulo=4</StdOut>
      </Output>
    </UnitTestResult>
    <UnitTestResult executionId="8f404d4e-2967-434f-a0a2-f454676437a6" testId="ef762903-5f73-156d-4c6c-edbea7a556ad" testName="actualizarInsumoTest" computerName="DIEGO-PC" duration="00:00:00.0127097" startTime="2012-12-13T22:12:14.9742744-03:00" endTime="2012-12-13T22:12:14.9932755-03:00" testType="13cdc9d9-ddb5-4fa4-a97d-d965ccfc6d4b" outcome="Passed" testListId="8c84fa94-04c1-424b-9868-57a2d4851a1d" relativeResultsDirectory="8f404d4e-2967-434f-a0a2-f454676437a6">
      <Output>
        <StdOut>Save/Update: SELECT  ISNULL(MAX(cod_insumo + 1),1) from insumo
Save/Update: INSERT INTO insumo (cod_insumo, nombre, id_tipo_insumo, color, detalle, costo, cantidadActual) VALUES (5 , 'test creacion', 1 , 1 , 'insumo repo test', 5, 100 ); 
Save/Update: SELECT  ISNULL(MAX(nro_movimiento + 1),1) from MovimientosStock WHERE cod_insumo=5
Save/Update: INSERT INTO MovimientosStock (nro_movimiento, cod_insumo, tipo, fecha, cantidad) VALUES (1 , 5 , 1 ,  CAST('13/12/2012 22:12:14.979'  AS DateTime), 100); 
Save/Update: select * from insumo WHERE  insumo.cod_insumo=5  
Save/Update: select * from tipoInsumo WHERE  tipoInsumo.tipo_insumo=1  
Save/Update: select * from color WHERE  color.codigo_color=1  
Save/Update: select * from MovimientosStock WHERE  MovimientosStock.cod_insumo=5  
Save/Update: UPDATE insumo SET nombre='test creacion', id_tipo_insumo=1 , color=1 , detalle='insumo repo test', costo=5, cantidadActual=250  WHERE cod_insumo=5  ; 
Save/Update: SELECT  ISNULL(MAX(nro_movimiento + 1),1) from MovimientosStock WHERE cod_insumo=5
Save/Update: INSERT INTO MovimientosStock (nro_movimiento, cod_insumo, tipo, fecha, cantidad) VALUES (2 , 5 , 1 ,  CAST('13/12/2012 22:12:14.986'  AS DateTime), 150); 
Save/Update: select * from insumo WHERE  insumo.cod_insumo=5  
Save/Update: select * from tipoInsumo WHERE  tipoInsumo.tipo_insumo=1  
Save/Update: select * from color WHERE  color.codigo_color=1  
Save/Update: select * from MovimientosStock WHERE  MovimientosStock.cod_insumo=5  
Save/Update: DELETE MovimientosStock WHERE nro_movimiento=1  AND cod_insumo=5  
Save/Update: DELETE MovimientosStock WHERE nro_movimiento=2  AND cod_insumo=5  
Save/Update: DELETE insumo WHERE cod_insumo=5</StdOut>
      </Output>
    </UnitTestResult>
    <UnitTestResult executionId="db6fbc0f-e014-42e6-9ece-1a5f65d41a84" testId="f07288f5-2f3d-e939-3514-a642579a478e" testName="borrarFamiliaTest" computerName="DIEGO-PC" duration="00:00:00.0051800" startTime="2012-12-13T22:12:14.9942755-03:00" endTime="2012-12-13T22:12:15.0052762-03:00" testType="13cdc9d9-ddb5-4fa4-a97d-d965ccfc6d4b" outcome="Passed" testListId="8c84fa94-04c1-424b-9868-57a2d4851a1d" relativeResultsDirectory="db6fbc0f-e014-42e6-9ece-1a5f65d41a84">
      <Output>
        <StdOut>Save/Update: INSERT INTO Familia (familiaID, descripcion, nombre) VALUES (7 , 'familia test', 'test'); DELETE JoinFamiliaToPatente where familiaID=7  ;  INSERT INTO JoinFamiliaToPatente ( familiaID, patenteId) VALUES ( 7 , 9 ); 
Save/Update: select * from Familia WHERE  Familia.familiaID=7  ; select * from JoinFamiliaToPatente
Save/Update: select * from Patente JOIN JoinFamiliaToPatente AS familia ON Patente.patenteId=familia.patenteId WHERE familia.familiaID=7  
Save/Update: DELETE JoinFamiliaToPatente where familiaID=7  ; ;DELETE Familia WHERE familiaID=7  
Save/Update: select * from Familia WHERE  Familia.familiaID=7  ; select * from JoinFamiliaToPatente</StdOut>
      </Output>
    </UnitTestResult>
    <UnitTestResult executionId="33e239eb-310b-402c-af93-e3982c05a2af" testId="f0936119-968f-f4d0-680f-3a810a2a1183" testName="listarProduccionPorArticuloTest" computerName="DIEGO-PC" duration="00:00:00.0084920" startTime="2012-12-13T22:12:15.0072763-03:00" endTime="2012-12-13T22:12:15.0212771-03:00" testType="13cdc9d9-ddb5-4fa4-a97d-d965ccfc6d4b" outcome="Passed" testListId="8c84fa94-04c1-424b-9868-57a2d4851a1d" relativeResultsDirectory="33e239eb-310b-402c-af93-e3982c05a2af">
      <Output>
        <StdOut>Save/Update: select * from produccion WHERE  produccion.cod_articulo=1  ; select * from historico_estados_produccion WHERE borrado = 0
Save/Update: select * from Pedido WHERE  Pedido.cod_pedido=1  ; select * from produccion WHERE borrado = 0; select * from historico_estados_pedido WHERE borrado = 0
Save/Update: select * from Maquina WHERE  Maquina.cod_maquina=1  ; select * from JoinMaquinaToTipoPrenda
Save/Update: select * from Articulos WHERE  Articulos.cod_articulo=1  ; select * from lista_precios WHERE borrado = 0
Save/Update: select * from EstadoTrabajos WHERE  EstadoTrabajos.cod_estado=3  
Save/Update: select * from historico_estados_produccion WHERE  historico_estados_produccion.cod_produccion=1  
Save/Update: select * from produccion_operador WHERE  produccion_operador.cod_prodcuccion=1  
Save/Update: DELETE produccion_operador WHERE id_operador=2  AND cod_prodcuccion=7  
Save/Update: DELETE historico_estados_produccion WHERE nro_estado=1  AND cod_produccion=7  
Save/Update: DELETE historico_estados_produccion WHERE nro_estado=2  AND cod_produccion=7  
Save/Update: DELETE produccion WHERE cod_produccion=7</StdOut>
      </Output>
    </UnitTestResult>
    <UnitTestResult executionId="9786885f-0e1a-489d-b3ed-114a9cdc0dba" testId="f376c1cb-6c7e-6565-2dae-0872021038a2" testName="cargarNewsletterTest" computerName="DIEGO-PC" duration="00:00:00.0017621" startTime="2012-12-13T22:12:15.0232772-03:00" endTime="2012-12-13T22:12:15.0312776-03:00" testType="13cdc9d9-ddb5-4fa4-a97d-d965ccfc6d4b" outcome="Passed" testListId="8c84fa94-04c1-424b-9868-57a2d4851a1d" relativeResultsDirectory="9786885f-0e1a-489d-b3ed-114a9cdc0dba">
      <Output>
        <StdOut>Save/Update: select * from newsletter</StdOut>
      </Output>
    </UnitTestResult>
    <UnitTestResult executionId="dd16c333-0e8f-478b-b20b-89c3c2a6dd76" testId="f384b49a-3778-3092-73a3-70a68b63c811" testName="buscarEstadosPorIdTest" computerName="DIEGO-PC" duration="00:00:00.0019768" startTime="2012-12-13T22:12:15.0332778-03:00" endTime="2012-12-13T22:12:15.0422783-03:00" testType="13cdc9d9-ddb5-4fa4-a97d-d965ccfc6d4b" outcome="Passed" testListId="8c84fa94-04c1-424b-9868-57a2d4851a1d" relativeResultsDirectory="dd16c333-0e8f-478b-b20b-89c3c2a6dd76">
      <Output>
        <StdOut>Save/Update: select * from EstadoTrabajos WHERE  EstadoTrabajos.cod_estado=2</StdOut>
      </Output>
    </UnitTestResult>
    <UnitTestResult executionId="acce62b3-f1da-4372-9d19-782801a78d64" testId="f50b51cf-39fa-28c4-720a-03db16299af8" testName="listarInsumosTest" computerName="DIEGO-PC" duration="00:00:00.0062407" startTime="2012-12-13T22:12:15.0442784-03:00" endTime="2012-12-13T22:12:15.0562791-03:00" testType="13cdc9d9-ddb5-4fa4-a97d-d965ccfc6d4b" outcome="Passed" testListId="8c84fa94-04c1-424b-9868-57a2d4851a1d" relativeResultsDirectory="acce62b3-f1da-4372-9d19-782801a78d64">
      <Output>
        <StdOut>Save/Update: select * from insumo
Save/Update: select * from tipoInsumo WHERE  tipoInsumo.tipo_insumo=1  
Save/Update: select * from color WHERE  color.codigo_color=1  
Save/Update: select * from MovimientosStock WHERE  MovimientosStock.cod_insumo=1  
Save/Update: select * from tipoInsumo WHERE  tipoInsumo.tipo_insumo=1  
Save/Update: select * from color WHERE  color.codigo_color=2  
Save/Update: select * from MovimientosStock WHERE  MovimientosStock.cod_insumo=2  
Save/Update: select * from tipoInsumo WHERE  tipoInsumo.tipo_insumo=1  
Save/Update: select * from color WHERE  color.codigo_color=3  
Save/Update: select * from MovimientosStock WHERE  MovimientosStock.cod_insumo=3  
Save/Update: select * from tipoInsumo WHERE  tipoInsumo.tipo_insumo=1  
Save/Update: select * from color WHERE  color.codigo_color=4  
Save/Update: select * from MovimientosStock WHERE  MovimientosStock.cod_insumo=4  
Save/Update: DELETE MovimientosStock WHERE nro_movimiento=1  AND cod_insumo=5  
Save/Update: DELETE MovimientosStock WHERE nro_movimiento=2  AND cod_insumo=5  
Save/Update: DELETE insumo WHERE cod_insumo=5</StdOut>
      </Output>
    </UnitTestResult>
    <UnitTestResult executionId="1a688fa7-4aa3-4866-bf8a-2eb963e943de" testId="f537791f-903e-76d6-5080-80a4dc15bac2" testName="buscarPorDescripcionTest" computerName="DIEGO-PC" duration="00:00:00.0053739" startTime="2012-12-13T22:12:15.0582792-03:00" endTime="2012-12-13T22:12:15.0692798-03:00" testType="13cdc9d9-ddb5-4fa4-a97d-d965ccfc6d4b" outcome="Passed" testListId="8c84fa94-04c1-424b-9868-57a2d4851a1d" relativeResultsDirectory="1a688fa7-4aa3-4866-bf8a-2eb963e943de">
      <Output>
        <StdOut>Save/Update: select * from produccion_operador WHERE  produccion_operador.id_operador=2  AND  produccion_operador.cod_prodcuccion=5  AND  produccion_operador.porcentaje=100</StdOut>
      </Output>
    </UnitTestResult>
    <UnitTestResult executionId="52cb0041-297f-4d5a-b63e-ec1bd50e3903" testId="f55d90a1-1701-8dfe-c19c-fedfde1208d9" testName="listarArticulosPorDiseñoTest" computerName="DIEGO-PC" duration="00:00:00.0079884" startTime="2012-12-13T22:12:15.0712799-03:00" endTime="2012-12-13T22:12:15.0852807-03:00" testType="13cdc9d9-ddb5-4fa4-a97d-d965ccfc6d4b" outcome="Passed" testListId="8c84fa94-04c1-424b-9868-57a2d4851a1d" relativeResultsDirectory="52cb0041-297f-4d5a-b63e-ec1bd50e3903">
      <Output>
        <StdOut>Save/Update: select * from Articulos WHERE  Articulos.diseñoID=1  AND  Articulos.borrado=0  ; select * from lista_precios WHERE borrado = 0
Save/Update: select * from lista_precios WHERE  lista_precios.cod_articulo=1  
Save/Update: select * from TipoPrenda WHERE  TipoPrenda.tipo_prenda=1  
Save/Update: select * from Diseño WHERE  Diseño.cod_diseño=1  ; select * from historico_estados_diseño WHERE borrado = 0
Save/Update: select * from lista_precios WHERE  lista_precios.cod_articulo=3  
Save/Update: select * from TipoPrenda WHERE  TipoPrenda.tipo_prenda=2  
Save/Update: select * from Diseño WHERE  Diseño.cod_diseño=1  ; select * from historico_estados_diseño WHERE borrado = 0
Save/Update: DELETE lista_precios WHERE nro_lista=1  AND cod_articulo=4  
Save/Update: DELETE lista_precios WHERE nro_lista=2  AND cod_articulo=4  
Save/Update: DELETE Articulos WHERE cod_articulo=4</StdOut>
      </Output>
    </UnitTestResult>
    <UnitTestResult executionId="7d16d01d-9ce7-4055-947c-3f1486f981b7" testId="f58b52d0-5450-8dbe-40cd-ee9f7307e372" testName="grabarPedidoTest" computerName="DIEGO-PC" duration="00:00:00.0156815" startTime="2012-12-13T22:12:15.0882809-03:00" endTime="2012-12-13T22:12:15.1112822-03:00" testType="13cdc9d9-ddb5-4fa4-a97d-d965ccfc6d4b" outcome="Passed" testListId="8c84fa94-04c1-424b-9868-57a2d4851a1d" relativeResultsDirectory="7d16d01d-9ce7-4055-947c-3f1486f981b7">
      <Output>
        <StdOut>Save/Update: SELECT  ISNULL(MAX(cod_pedido + 1),1) from Pedido
Save/Update: INSERT INTO Pedido (cod_pedido, comentario, id_cliente, tipo_pedido, estadoActual, fechaInicio, fechaFinal, borrado) VALUES (5 , 'comentario test', 2 , 2 , 2 ,  CAST('13/12/2012 22:12:15.094'  AS DateTime),  CAST('13/12/2012 22:12:15.094'  AS DateTime), 0 ); UPDATE produccion SET borrado=1 WHERE cod_pedido=5  ; UPDATE historico_estados_pedido SET borrado=1 WHERE cod_pedido=5  ; 
Save/Update: SELECT  ISNULL(MAX(nro_estado + 1),1) from historico_estados_pedido WHERE cod_pedido=5
Save/Update: INSERT INTO historico_estados_pedido (nro_estado, comentario, cod_pedido, fechaDesde, fechaHasta, estado, borrado) VALUES (1 , 'com', 5 ,  CAST('13/12/2012 22:12:15.094'  AS DateTime),  NULL , 1 , 0 ); 
Save/Update: SELECT  ISNULL(MAX(cod_produccion + 1),1) from produccion
Save/Update: INSERT INTO produccion (cod_produccion, comentario, cod_pedido, cod_maquina, cod_articulo, cantidad, estadoActual, utilizacion, fechaInicio, fechaFinal, borrado) VALUES (7 , 'com1', 5 , 2 , 1 , 10 , 1 , 1,  CAST('13/12/2012 22:12:15.094'  AS DateTime),  NULL , 0 ); UPDATE historico_estados_produccion SET borrado=1 WHERE cod_produccion=7  ; 
Save/Update: select * from Pedido WHERE  Pedido.cod_pedido=5  ; select * from produccion WHERE borrado = 0; select * from historico_estados_pedido WHERE borrado = 0
Save/Update: select * from historico_estados_pedido WHERE  historico_estados_pedido.cod_pedido=5  
Save/Update: select * from tipoPedido WHERE  tipoPedido.tipo_pedido=2  
Save/Update: select * from produccion WHERE  produccion.cod_pedido=5  ; select * from historico_estados_produccion WHERE borrado = 0
Save/Update: select * from Cliente WHERE  Cliente.id_cliente=2  ; select * from cliente_movimientos; select * from Pedido WHERE borrado = 0; select * from Factura WHERE borrado = 0; select * from Diseño WHERE borrado = 0
Save/Update: select * from EstadoPedido WHERE  EstadoPedido.estado_pedido=2  
Save/Update: DELETE historico_estados_pedido WHERE nro_estado=1  AND cod_pedido=5  
Save/Update: DELETE historico_estados_pedido WHERE nro_estado=2  AND cod_pedido=5  
Save/Update: DELETE produccion WHERE cod_produccion=7  
Save/Update: DELETE Pedido WHERE cod_pedido=5</StdOut>
      </Output>
    </UnitTestResult>
    <UnitTestResult executionId="e5efddca-6cd6-4980-afcd-707e9561696e" testId="f6ab254b-b89e-8f66-b003-59dd11d22e62" testName="buscarTipoPedidosTest" computerName="DIEGO-PC" duration="00:00:00.0060949" startTime="2012-12-13T22:12:15.1132823-03:00" endTime="2012-12-13T22:12:15.1262831-03:00" testType="13cdc9d9-ddb5-4fa4-a97d-d965ccfc6d4b" outcome="Passed" testListId="8c84fa94-04c1-424b-9868-57a2d4851a1d" relativeResultsDirectory="e5efddca-6cd6-4980-afcd-707e9561696e">
      <Output>
        <StdOut>Save/Update: select * from tipoPedido
Save/Update: select * from tipoPedido WHERE  tipoPedido.tipo_pedido=1  
Save/Update: select * from tipoPedido WHERE  tipoPedido.descripcion='sin turno'</StdOut>
      </Output>
    </UnitTestResult>
    <UnitTestResult executionId="8743dea2-1833-4580-85a8-1664b56da907" testId="f6c04c30-f707-2281-f731-8598fcdc8f9b" testName="actualizarNewsletterTest" computerName="DIEGO-PC" duration="00:00:00.0038685" startTime="2012-12-13T22:12:15.1292833-03:00" endTime="2012-12-13T22:12:15.1422840-03:00" testType="13cdc9d9-ddb5-4fa4-a97d-d965ccfc6d4b" outcome="Passed" testListId="8c84fa94-04c1-424b-9868-57a2d4851a1d" relativeResultsDirectory="8743dea2-1833-4580-85a8-1664b56da907">
      <Output>
        <StdOut>Save/Update: select * from newsletter WHERE  newsletter.nombre='news1' 
Save/Update: UPDATE newsletter SET newsletter='&lt;body background="#8A94AA"&gt;&lt;style type="text/css"&gt;&lt;!--body {	background-color: #8A94AA;}.txt-geral {	font-family: Georgia, Times New Roman, Times, serif;	font-size: 13px;}.style3 {	font-family: Georgia, Times New Roman, Times, serif;	font-size: 13px;	color:#003366;}.txt-geralp {	font-family: Georgia, Times New Roman, Times, serif;	font-size: 11px;}.style-grd {	font-family: Georgia, Times New Roman, Times, serif;	font-size: 18px;}--&gt; &lt;/style&gt;&lt;table width="600" border="0" align="center" cellpadding="0" cellspacing="0"&gt;  &lt;tr&gt;    &lt;td class="titulo3"&gt;&lt;img src="http://www.salvadorefilhos.pt/images/news/bg-topo.gif" alt="" width="600" height="21" /&gt;&lt;/td&gt;  &lt;/tr&gt;  &lt;tr&gt;    &lt;td align="center" bgcolor="#EEEBE0"&gt;&lt;div align="center"&gt;&lt;img src="http://www.salvadorefilhos.pt/images/news/img-topo.jpg" alt="Salvador &amp;amp; Filhos" width="600" height="206" border="0" /&gt;&lt;/div&gt;&lt;/td&gt;  &lt;/tr&gt;  &lt;tr&gt;    &lt;td bgcolor="#EEEBE0"&gt;&lt;table width="97%" border="0" align="center" cellpadding="0" cellspacing="16"&gt;      &lt;tr&gt;        &lt;td width="50%" height="34" valign="top" class="txt-geral"&gt;&lt;div class="style3"&gt;          &lt;p&gt;&lt;b&gt;UNIPROF&lt;/b&gt;&lt;/p&gt;          &lt;p&gt;&lt;b&gt;NEWSLETTER N&amp;ordm;9&lt;/b&gt;&lt;/p&gt;        &lt;/div&gt;&lt;/td&gt;        &lt;td width="50%" align="right" valign="top" class="txt-geral"&gt;&lt;img src="http://www.salvadorefilhos.pt/images/news/logo.gif" alt="Cristo Rei" width="99" height="66" /&gt;&lt;/td&gt;      &lt;/tr&gt;      &lt;tr&gt;        &lt;td colspan="2" valign="top" class="txt-geral"&gt;&lt;p align="center"&gt;&lt;img src="http://www.es.salvadorefilhos.pt/newsletter/images/tit-newsl9.gif" alt="Servicios Adicionales" width="550" height="100" /&gt;&lt;/p&gt;          	&lt;table width="100%" border="0" cellspacing="0" cellpadding="0"&gt;				&lt;tr&gt;					&lt;td width="60%" valign="top"&gt;&lt;h2&gt;&lt;span lang="ES-TRAD" xml:lang="ES-TRAD"&gt;&lt;strong&gt;Env&amp;iacute;o, recepci&amp;oacute;n&lt;/strong&gt;&lt;/span&gt;:&lt;/h2&gt;							&lt;ul&gt;								&lt;li&gt;&lt;span lang="ES-TRAD" xml:lang="ES-TRAD"&gt;Log&amp;iacute;stica de entrega y recogida de pedidos por nuestro   transportista especializado. &lt;/span&gt; &lt;/li&gt;								&lt;li&gt;&lt;span lang="ES-TRAD" xml:lang="ES-TRAD"&gt;Entregas r&amp;aacute;pidas. &lt;/span&gt; &lt;/li&gt;								&lt;li&gt;&lt;span lang="ES-TRAD" xml:lang="ES-TRAD"&gt;Trabajamos internacionalmente. &lt;/span&gt; &lt;/li&gt;								&lt;li&gt;&lt;span lang="ES-TRAD" xml:lang="ES-TRAD"&gt;Entrega directa a nuestros clientes.&lt;/span&gt;&lt;/li&gt;								&lt;/ul&gt;&lt;/td&gt;					&lt;td width="40%" align="right"&gt;&lt;img src="http://www.es.salvadorefilhos.pt/fotos/empresa/carrinho.gif" alt="Env&amp;iacute;o, recepci&amp;oacute;n" width="200" height="190" hspace="0" border="0" /&gt;&lt;/td&gt;				&lt;/tr&gt;				&lt;tr&gt;					&lt;td valign="top"&gt;&lt;h2&gt;&lt;br /&gt;						&lt;strong&gt;Embalaje&lt;/strong&gt;:&lt;/h2&gt;							&lt;ul&gt;								&lt;li&gt;&lt;span lang="ES-TRAD" xml:lang="ES-TRAD"&gt;Tenemos un servicio m&amp;aacute;s a la disponibilidad de nuestros clientes. &lt;/span&gt; &lt;/li&gt;								&lt;li&gt;&lt;span lang="ES-TRAD" xml:lang="ES-TRAD"&gt;Doblar y prensar las piezas personalizadas. &lt;/span&gt; &lt;/li&gt;								&lt;li&gt;&lt;span lang="ES-TRAD" xml:lang="ES-TRAD"&gt;Embalaje individual en una bolsa de pl&amp;aacute;stico. &lt;/span&gt; &lt;/li&gt;								&lt;li&gt;&lt;span lang="ES-TRAD" xml:lang="ES-TRAD"&gt;Embalaje m&amp;uacute;ltiple en una bolsa de pl&amp;aacute;stico. &lt;/span&gt; &lt;/li&gt;								&lt;li&gt;&lt;span lang="ES-TRAD" xml:lang="ES-TRAD"&gt;Embalaje en cajas de cart&amp;oacute;n&lt;/span&gt;&lt;/li&gt;								&lt;/ul&gt;&lt;/td&gt;					&lt;td align="right"&gt;&lt;br /&gt;							&lt;img src="http://www.es.salvadorefilhos.pt/fotos/empresa/embalagem.gif" alt="Embalaje" width="200" height="168" hspace="0" border="0" /&gt;&lt;/td&gt;				&lt;/tr&gt;				&lt;tr&gt;					&lt;td valign="top"&gt;&lt;h2&gt;&lt;br /&gt;						&lt;strong&gt;Control de calidad&lt;/strong&gt;:&lt;/h2&gt;							&lt;ul&gt;								&lt;li&gt;&lt;span lang="ES-TRAD" xml:lang="ES-TRAD"&gt;N&lt;/span&gt;uestros bordados son la prueba de la calidad y durabilidad,   colores s&amp;oacute;lidos y garantidos, calidad garantizada. &lt;/li&gt;								&lt;li&gt;Nuestros textiles son de un acabado de alta calidad, controlado y   probado. &lt;/li&gt;								&lt;li&gt;Control de calidad para todos nuestros art&amp;iacute;culos. &lt;/li&gt;								&lt;li&gt;La experiencia y conocimiento a su servicio. &lt;/li&gt;								&lt;li&gt;P&amp;oacute;nganos a prueba.&lt;/li&gt;								&lt;/ul&gt;&lt;/td&gt;					&lt;td align="right"&gt;&lt;br /&gt;							&lt;img height="200" alt="Control de calidad" src="http://www.es.salvadorefilhos.pt/fotos/empresa/maos.gif" width="200" border="0" /&gt;&lt;/td&gt;				&lt;/tr&gt;			&lt;/table&gt;          	&lt;p&gt;&lt;strong&gt;&amp;iexcl;&lt;a href=""&gt;Env&amp;iacute;enos su solicitud&lt;/a&gt;!&lt;img src="http://www.salvadorefilhos.pt/newsletter/images/download-es.gif" alt="Descargas, Diapositivos gratis" width="173" height="148" border="0" align="right" /&gt;&lt;/strong&gt;&lt;/b&gt;&lt;/p&gt;          &lt;p&gt;Descargue en su ordenador nuestro cat&amp;aacute;logo de hilos y lista de clis&amp;eacute;s en &lt;a href=""&gt;descargas&lt;/a&gt;. &lt;/p&gt;          &lt;p&gt; Calidad siempre em nuestros art&amp;iacute;culos garantizados y acabamiento especial.&lt;/p&gt;&lt;/td&gt;      &lt;/tr&gt;      &lt;tr&gt;        &lt;td colspan="2" valign="top" class="txt-geral"&gt;&lt;/td&gt;      &lt;/tr&gt;    &lt;/table&gt;    &lt;/td&gt;  &lt;/tr&gt;  &lt;tr&gt;   &lt;td&gt;&lt;img src="http://www.salvadorefilhos.pt/images/news/bg-bot.gif" alt="" width="600" height="50" /&gt;&lt;/td&gt;  &lt;/tr&gt;&lt;/table&gt;&lt;/body&gt;&lt;/html&gt;', nombre='news1', enviado=1  WHERE id=1  ; 
Save/Update: select * from newsletter WHERE  newsletter.id=1  
Save/Update: UPDATE newsletter SET newsletter='&lt;body background="#8A94AA"&gt;&lt;style type="text/css"&gt;&lt;!--body {	background-color: #8A94AA;}.txt-geral {	font-family: Georgia, Times New Roman, Times, serif;	font-size: 13px;}.style3 {	font-family: Georgia, Times New Roman, Times, serif;	font-size: 13px;	color:#003366;}.txt-geralp {	font-family: Georgia, Times New Roman, Times, serif;	font-size: 11px;}.style-grd {	font-family: Georgia, Times New Roman, Times, serif;	font-size: 18px;}--&gt; &lt;/style&gt;&lt;table width="600" border="0" align="center" cellpadding="0" cellspacing="0"&gt;  &lt;tr&gt;    &lt;td class="titulo3"&gt;&lt;img src="http://www.salvadorefilhos.pt/images/news/bg-topo.gif" alt="" width="600" height="21" /&gt;&lt;/td&gt;  &lt;/tr&gt;  &lt;tr&gt;    &lt;td align="center" bgcolor="#EEEBE0"&gt;&lt;div align="center"&gt;&lt;img src="http://www.salvadorefilhos.pt/images/news/img-topo.jpg" alt="Salvador &amp;amp; Filhos" width="600" height="206" border="0" /&gt;&lt;/div&gt;&lt;/td&gt;  &lt;/tr&gt;  &lt;tr&gt;    &lt;td bgcolor="#EEEBE0"&gt;&lt;table width="97%" border="0" align="center" cellpadding="0" cellspacing="16"&gt;      &lt;tr&gt;        &lt;td width="50%" height="34" valign="top" class="txt-geral"&gt;&lt;div class="style3"&gt;          &lt;p&gt;&lt;b&gt;UNIPROF&lt;/b&gt;&lt;/p&gt;          &lt;p&gt;&lt;b&gt;NEWSLETTER N&amp;ordm;9&lt;/b&gt;&lt;/p&gt;        &lt;/div&gt;&lt;/td&gt;        &lt;td width="50%" align="right" valign="top" class="txt-geral"&gt;&lt;img src="http://www.salvadorefilhos.pt/images/news/logo.gif" alt="Cristo Rei" width="99" height="66" /&gt;&lt;/td&gt;      &lt;/tr&gt;      &lt;tr&gt;        &lt;td colspan="2" valign="top" class="txt-geral"&gt;&lt;p align="center"&gt;&lt;img src="http://www.es.salvadorefilhos.pt/newsletter/images/tit-newsl9.gif" alt="Servicios Adicionales" width="550" height="100" /&gt;&lt;/p&gt;          	&lt;table width="100%" border="0" cellspacing="0" cellpadding="0"&gt;				&lt;tr&gt;					&lt;td width="60%" valign="top"&gt;&lt;h2&gt;&lt;span lang="ES-TRAD" xml:lang="ES-TRAD"&gt;&lt;strong&gt;Env&amp;iacute;o, recepci&amp;oacute;n&lt;/strong&gt;&lt;/span&gt;:&lt;/h2&gt;							&lt;ul&gt;								&lt;li&gt;&lt;span lang="ES-TRAD" xml:lang="ES-TRAD"&gt;Log&amp;iacute;stica de entrega y recogida de pedidos por nuestro   transportista especializado. &lt;/span&gt; &lt;/li&gt;								&lt;li&gt;&lt;span lang="ES-TRAD" xml:lang="ES-TRAD"&gt;Entregas r&amp;aacute;pidas. &lt;/span&gt; &lt;/li&gt;								&lt;li&gt;&lt;span lang="ES-TRAD" xml:lang="ES-TRAD"&gt;Trabajamos internacionalmente. &lt;/span&gt; &lt;/li&gt;								&lt;li&gt;&lt;span lang="ES-TRAD" xml:lang="ES-TRAD"&gt;Entrega directa a nuestros clientes.&lt;/span&gt;&lt;/li&gt;								&lt;/ul&gt;&lt;/td&gt;					&lt;td width="40%" align="right"&gt;&lt;img src="http://www.es.salvadorefilhos.pt/fotos/empresa/carrinho.gif" alt="Env&amp;iacute;o, recepci&amp;oacute;n" width="200" height="190" hspace="0" border="0" /&gt;&lt;/td&gt;				&lt;/tr&gt;				&lt;tr&gt;					&lt;td valign="top"&gt;&lt;h2&gt;&lt;br /&gt;						&lt;strong&gt;Embalaje&lt;/strong&gt;:&lt;/h2&gt;							&lt;ul&gt;								&lt;li&gt;&lt;span lang="ES-TRAD" xml:lang="ES-TRAD"&gt;Tenemos un servicio m&amp;aacute;s a la disponibilidad de nuestros clientes. &lt;/span&gt; &lt;/li&gt;								&lt;li&gt;&lt;span lang="ES-TRAD" xml:lang="ES-TRAD"&gt;Doblar y prensar las piezas personalizadas. &lt;/span&gt; &lt;/li&gt;								&lt;li&gt;&lt;span lang="ES-TRAD" xml:lang="ES-TRAD"&gt;Embalaje individual en una bolsa de pl&amp;aacute;stico. &lt;/span&gt; &lt;/li&gt;								&lt;li&gt;&lt;span lang="ES-TRAD" xml:lang="ES-TRAD"&gt;Embalaje m&amp;uacute;ltiple en una bolsa de pl&amp;aacute;stico. &lt;/span&gt; &lt;/li&gt;								&lt;li&gt;&lt;span lang="ES-TRAD" xml:lang="ES-TRAD"&gt;Embalaje en cajas de cart&amp;oacute;n&lt;/span&gt;&lt;/li&gt;								&lt;/ul&gt;&lt;/td&gt;					&lt;td align="right"&gt;&lt;br /&gt;							&lt;img src="http://www.es.salvadorefilhos.pt/fotos/empresa/embalagem.gif" alt="Embalaje" width="200" height="168" hspace="0" border="0" /&gt;&lt;/td&gt;				&lt;/tr&gt;				&lt;tr&gt;					&lt;td valign="top"&gt;&lt;h2&gt;&lt;br /&gt;						&lt;strong&gt;Control de calidad&lt;/strong&gt;:&lt;/h2&gt;							&lt;ul&gt;								&lt;li&gt;&lt;span lang="ES-TRAD" xml:lang="ES-TRAD"&gt;N&lt;/span&gt;uestros bordados son la prueba de la calidad y durabilidad,   colores s&amp;oacute;lidos y garantidos, calidad garantizada. &lt;/li&gt;								&lt;li&gt;Nuestros textiles son de un acabado de alta calidad, controlado y   probado. &lt;/li&gt;								&lt;li&gt;Control de calidad para todos nuestros art&amp;iacute;culos. &lt;/li&gt;								&lt;li&gt;La experiencia y conocimiento a su servicio. &lt;/li&gt;								&lt;li&gt;P&amp;oacute;nganos a prueba.&lt;/li&gt;								&lt;/ul&gt;&lt;/td&gt;					&lt;td align="right"&gt;&lt;br /&gt;							&lt;img height="200" alt="Control de calidad" src="http://www.es.salvadorefilhos.pt/fotos/empresa/maos.gif" width="200" border="0" /&gt;&lt;/td&gt;				&lt;/tr&gt;			&lt;/table&gt;          	&lt;p&gt;&lt;strong&gt;&amp;iexcl;&lt;a href=""&gt;Env&amp;iacute;enos su solicitud&lt;/a&gt;!&lt;img src="http://www.salvadorefilhos.pt/newsletter/images/download-es.gif" alt="Descargas, Diapositivos gratis" width="173" height="148" border="0" align="right" /&gt;&lt;/strong&gt;&lt;/b&gt;&lt;/p&gt;          &lt;p&gt;Descargue en su ordenador nuestro cat&amp;aacute;logo de hilos y lista de clis&amp;eacute;s en &lt;a href=""&gt;descargas&lt;/a&gt;. &lt;/p&gt;          &lt;p&gt; Calidad siempre em nuestros art&amp;iacute;culos garantizados y acabamiento especial.&lt;/p&gt;&lt;/td&gt;      &lt;/tr&gt;      &lt;tr&gt;        &lt;td colspan="2" valign="top" class="txt-geral"&gt;&lt;/td&gt;      &lt;/tr&gt;    &lt;/table&gt;    &lt;/td&gt;  &lt;/tr&gt;  &lt;tr&gt;   &lt;td&gt;&lt;img src="http://www.salvadorefilhos.pt/images/news/bg-bot.gif" alt="" width="600" height="50" /&gt;&lt;/td&gt;  &lt;/tr&gt;&lt;/table&gt;&lt;/body&gt;&lt;/html&gt;', nombre='news1', enviado=1  WHERE id=1  ;</StdOut>
      </Output>
    </UnitTestResult>
    <UnitTestResult executionId="eda9fe02-c6c2-4236-b02d-4b459cab783d" testId="f781ffff-ff93-71bc-5f5f-c8442c8a1cc0" testName="grabarMovimientosClienteTest" computerName="DIEGO-PC" duration="00:00:00.0079032" startTime="2012-12-13T22:12:15.1442841-03:00" endTime="2012-12-13T22:12:15.1582849-03:00" testType="13cdc9d9-ddb5-4fa4-a97d-d965ccfc6d4b" outcome="Passed" testListId="8c84fa94-04c1-424b-9868-57a2d4851a1d" relativeResultsDirectory="eda9fe02-c6c2-4236-b02d-4b459cab783d">
      <Output>
        <StdOut>Save/Update: SELECT  ISNULL(MAX(nro_movimiento + 1),1) from MovimientosCuenta
Save/Update: INSERT INTO MovimientosCuenta (nro_movimiento, comentario, fecha, monto, cuentaID, tipoMovimientoID) VALUES (4 , 'com4',  CAST('13/12/2012 22:12:15.148'  AS DateTime), 33.3, 1 , 2 ); DELETE proveedor_movimientos where nro_movimiento=4  ;  INSERT INTO proveedor_movimientos ( nro_movimiento, id_proveedor) VALUES ( 4 , 2 ); DELETE documento_movimiento where nro_movimiento=4  ; 
Save/Update: select * from MovimientosCuenta JOIN proveedor_movimientos AS proveedor ON MovimientosCuenta.nro_movimiento=proveedor.nro_movimiento WHERE  MovimientosCuenta.nro_movimiento=4  AND  MovimientosCuenta.monto=33.3 AND proveedor.id_proveedor IS NOT  NULL ; select * from proveedor_movimientos; select * from documento_movimiento
Save/Update: DELETE proveedor_movimientos where nro_movimiento=4  ; DELETE documento_movimiento where nro_movimiento=4  ; ;DELETE MovimientosCuenta WHERE nro_movimiento=4</StdOut>
      </Output>
    </UnitTestResult>
    <UnitTestResult executionId="563d88b0-8da3-417f-abe1-fbe4d9585d57" testId="f8f00cb1-b7c7-8a4f-6936-45675a68da47" testName="guardarArticuloTest" computerName="DIEGO-PC" duration="00:00:00.0073077" startTime="2012-12-13T22:12:15.1602850-03:00" endTime="2012-12-13T22:12:15.1742858-03:00" testType="13cdc9d9-ddb5-4fa4-a97d-d965ccfc6d4b" outcome="Passed" testListId="8c84fa94-04c1-424b-9868-57a2d4851a1d" relativeResultsDirectory="563d88b0-8da3-417f-abe1-fbe4d9585d57">
      <Output>
        <StdOut>Save/Update: SELECT  ISNULL(MAX(cod_articulo + 1),1) from Articulos
Save/Update: INSERT INTO Articulos (cod_articulo, tipoPrendaID, diseñoID, comentario, produccion, precioActual, borrado) VALUES (4 , 3 , 2 , 'com test', 10 , 1, 0 ); UPDATE lista_precios SET borrado=1 WHERE cod_articulo=4  ; 
Save/Update: SELECT  ISNULL( MAX(nro_lista + 1), 1) from lista_precios WHERE cod_articulo=4
Save/Update: INSERT INTO lista_precios (nro_lista, cod_articulo, precio, fechaDesde, fechaHasta, borrado) VALUES (1 , 4 , 1,  CAST('13/12/2012 22:12:15.165'  AS DateTime),  NULL , 0 ); 
Save/Update: select * from Articulos WHERE  Articulos.cod_articulo=4  ; select * from lista_precios WHERE borrado = 0
Save/Update: select * from lista_precios WHERE  lista_precios.cod_articulo=4  
Save/Update: select * from TipoPrenda WHERE  TipoPrenda.tipo_prenda=3  
Save/Update: select * from Diseño WHERE  Diseño.cod_diseño=2  ; select * from historico_estados_diseño WHERE borrado = 0
Save/Update: DELETE lista_precios WHERE nro_lista=1  AND cod_articulo=4  
Save/Update: DELETE lista_precios WHERE nro_lista=2  AND cod_articulo=4  
Save/Update: DELETE Articulos WHERE cod_articulo=4</StdOut>
      </Output>
    </UnitTestResult>
    <UnitTestResult executionId="286d9357-1a6b-42b9-8bdc-2f8d2b7f590d" testId="f90684a7-a79c-7fc4-62c1-2b02b1a46484" testName="buscarDiseñoPorIdTest" computerName="DIEGO-PC" duration="00:00:00.0078013" startTime="2012-12-13T22:12:15.1752859-03:00" endTime="2012-12-13T22:12:15.1902867-03:00" testType="13cdc9d9-ddb5-4fa4-a97d-d965ccfc6d4b" outcome="Passed" testListId="8c84fa94-04c1-424b-9868-57a2d4851a1d" relativeResultsDirectory="286d9357-1a6b-42b9-8bdc-2f8d2b7f590d">
      <Output>
        <StdOut>Save/Update: select * from Diseño WHERE  Diseño.cod_diseño=1  ; select * from historico_estados_diseño WHERE borrado = 0
Save/Update: select * from Cliente WHERE  Cliente.id_cliente=1  ; select * from cliente_movimientos; select * from Pedido WHERE borrado = 0; select * from Factura WHERE borrado = 0; select * from Diseño WHERE borrado = 0
Save/Update: select * from Usuario WHERE  Usuario.usuarioID=1  ; select * from JoinUsuarioToFamilia; select * from JoinPatenteToUsuario
Save/Update: select * from Diseño_insumos WHERE  Diseño_insumos.cod_diseño=1  
Save/Update: select * from historico_estados_diseño WHERE  historico_estados_diseño.cod_diseño=1  
Save/Update: select * from EstadoDiseños WHERE  EstadoDiseños.estado=2  
Save/Update: DELETE FROM Diseño_insumos where cod_diseño=3
Save/Update: DELETE FROM historico_estados_diseño where cod_diseño=3
Save/Update: DELETE Diseño WHERE cod_diseño=3</StdOut>
      </Output>
    </UnitTestResult>
    <UnitTestResult executionId="6abda306-6181-4084-ac86-d07902e97b9c" testId="f90c4160-5714-951f-7521-1af6d342eb17" testName="calcularTimepoTrabajoTest" computerName="DIEGO-PC" duration="00:00:00.0021937" startTime="2012-12-13T22:12:15.1922869-03:00" endTime="2012-12-13T22:12:15.2002873-03:00" testType="13cdc9d9-ddb5-4fa4-a97d-d965ccfc6d4b" outcome="Passed" testListId="8c84fa94-04c1-424b-9868-57a2d4851a1d" relativeResultsDirectory="6abda306-6181-4084-ac86-d07902e97b9c">
      <Output>
        <StdOut>Save/Update: DELETE produccion_operador WHERE id_operador=2  AND cod_prodcuccion=7  
Save/Update: DELETE historico_estados_produccion WHERE nro_estado=1  AND cod_produccion=7  
Save/Update: DELETE historico_estados_produccion WHERE nro_estado=2  AND cod_produccion=7  
Save/Update: DELETE produccion WHERE cod_produccion=7</StdOut>
      </Output>
    </UnitTestResult>
    <UnitTestResult executionId="4c22d07e-a86a-43bb-aad2-9bbbd64ccc36" testId="fb8dd2a9-a240-beb6-bd3d-66e4ba26b2aa" testName="cargarMaquinasAptasTest" computerName="DIEGO-PC" duration="00:00:00.0083176" startTime="2012-12-13T22:12:15.2022874-03:00" endTime="2012-12-13T22:12:15.2172883-03:00" testType="13cdc9d9-ddb5-4fa4-a97d-d965ccfc6d4b" outcome="Passed" testListId="8c84fa94-04c1-424b-9868-57a2d4851a1d" relativeResultsDirectory="4c22d07e-a86a-43bb-aad2-9bbbd64ccc36">
      <Output>
        <StdOut>Save/Update: select * from Maquina JOIN JoinMaquinaToTipoPrenda AS tiposPrenda ON Maquina.cod_maquina=tiposPrenda.cod_maquina WHERE  Maquina.altoMargen&gt;=11  AND  Maquina.anchoMargen&gt;=11  AND  Maquina.cabezales&gt;=1  AND  Maquina.cantidadColores&gt;=0  AND tiposPrenda.tipo_prenda=2  ; select * from JoinMaquinaToTipoPrenda
Save/Update: select * from TipoPrenda WHERE  TipoPrenda.tipo_prenda=1  
Save/Update: select * from TipoPrenda WHERE  TipoPrenda.tipo_prenda=2  
Save/Update: select * from TipoPrenda WHERE  TipoPrenda.tipo_prenda=3  
Save/Update: select * from TipoPrenda WHERE  TipoPrenda.tipo_prenda=1  
Save/Update: select * from TipoPrenda WHERE  TipoPrenda.tipo_prenda=2  
Save/Update: select * from TipoPrenda WHERE  TipoPrenda.tipo_prenda=3  
Save/Update: select * from TipoPrenda WHERE  TipoPrenda.tipo_prenda=1  
Save/Update: select * from TipoPrenda WHERE  TipoPrenda.tipo_prenda=2  
Save/Update: select * from TipoPrenda WHERE  TipoPrenda.tipo_prenda=3  
Save/Update: DELETE JoinMaquinaToTipoPrenda where cod_maquina=4  ; ;DELETE Maquina WHERE cod_maquina=4  
Save/Update: delete from JoinMaquinaToTipoPrenda where cod_maquina=4</StdOut>
      </Output>
    </UnitTestResult>
    <UnitTestResult executionId="b6cd959c-4e0f-4618-b000-f0f62d68ee1d" testId="fc8d00d7-7a7a-f0f3-a11d-98015016e42e" testName="borrarHistoricoEstadosTest" computerName="DIEGO-PC" duration="00:00:00.0039980" startTime="2012-12-13T22:12:15.2192884-03:00" endTime="2012-12-13T22:12:15.2292890-03:00" testType="13cdc9d9-ddb5-4fa4-a97d-d965ccfc6d4b" outcome="Passed" testListId="8c84fa94-04c1-424b-9868-57a2d4851a1d" relativeResultsDirectory="b6cd959c-4e0f-4618-b000-f0f62d68ee1d">
      <Output>
        <StdOut>Save/Update: SELECT  ISNULL(MAX(nro_estado + 1),1) from historico_estados_pedido WHERE cod_pedido=2
Save/Update: INSERT INTO historico_estados_pedido (nro_estado, comentario, cod_pedido, fechaDesde, fechaHasta, estado, borrado) VALUES (4 , 'comentario32', 2 ,  CAST('13/12/2012 22:12:15.223'  AS DateTime),  NULL , 4 , 0 ); 
Save/Update: select * from historico_estados_pedido WHERE  historico_estados_pedido.nro_estado=4  AND  historico_estados_pedido.cod_pedido=2  
Save/Update: DELETE historico_estados_pedido WHERE nro_estado=4  AND cod_pedido=2  
Save/Update: select * from historico_estados_pedido WHERE  historico_estados_pedido.nro_estado=4  AND  historico_estados_pedido.cod_pedido=2</StdOut>
      </Output>
    </UnitTestResult>
    <UnitTestResult executionId="004f268a-ff9a-478d-a0e5-2e448210012e" testId="fc8e027e-d84b-5121-34bf-469313af48e4" testName="cargarMensajePorConversacionTest" computerName="DIEGO-PC" duration="00:00:00.0030927" startTime="2012-12-13T22:12:15.2312891-03:00" endTime="2012-12-13T22:12:15.2402896-03:00" testType="13cdc9d9-ddb5-4fa4-a97d-d965ccfc6d4b" outcome="Passed" testListId="8c84fa94-04c1-424b-9868-57a2d4851a1d" relativeResultsDirectory="004f268a-ff9a-478d-a0e5-2e448210012e">
      <Output>
        <StdOut>Save/Update: select * from Mensaje WHERE  Mensaje.id_conversacion=1</StdOut>
      </Output>
    </UnitTestResult>
    <UnitTestResult executionId="7b3d934e-9745-462f-8c05-87d2ec5b0e49" testId="fdbcf997-f735-49dd-2d86-a367fe3813bc" testName="grabarTest" computerName="DIEGO-PC" duration="00:00:00.0039930" startTime="2012-12-13T22:12:15.2422897-03:00" endTime="2012-12-13T22:12:15.2522903-03:00" testType="13cdc9d9-ddb5-4fa4-a97d-d965ccfc6d4b" outcome="Passed" testListId="8c84fa94-04c1-424b-9868-57a2d4851a1d" relativeResultsDirectory="7b3d934e-9745-462f-8c05-87d2ec5b0e49">
      <Output>
        <StdOut>Save/Update: SELECT  ISNULL(MAX(id + 1),1) from Mensaje
Save/Update: INSERT INTO Mensaje (id, tipoMensaje, fecha, mensaje, leido, borrado, id_conversacion) VALUES (5 , 0 ,  CAST('13/12/2012 22:12:15.246'  AS DateTime), 'test msj grabarMensajeTest', 0 , 0 , 1 ); 
Save/Update: select * from Mensaje WHERE  Mensaje.id_conversacion=1  
Save/Update: DELETE Mensaje WHERE id=5</StdOut>
      </Output>
    </UnitTestResult>
    <UnitTestResult executionId="6457de39-02ce-4c92-a7e3-0c15eb1f4f57" testId="fe73d6a0-344d-935f-fa47-83db37554a24" testName="listaPatentesTest" computerName="DIEGO-PC" duration="00:00:00.0018966" startTime="2012-12-13T22:12:15.2542904-03:00" endTime="2012-12-13T22:12:15.2622909-03:00" testType="13cdc9d9-ddb5-4fa4-a97d-d965ccfc6d4b" outcome="Passed" testListId="8c84fa94-04c1-424b-9868-57a2d4851a1d" relativeResultsDirectory="6457de39-02ce-4c92-a7e3-0c15eb1f4f57">
      <Output>
        <StdOut>Save/Update: select * from Patente</StdOut>
      </Output>
    </UnitTestResult>
    <UnitTestResult executionId="6dbbca43-d0fc-4ed1-8220-50b3d2a378ac" testId="fe850dae-beb0-69bb-1831-4463cca49bfb" testName="grabarOpinionTest" computerName="DIEGO-PC" duration="00:00:00.0052054" startTime="2012-12-13T22:12:15.2642910-03:00" endTime="2012-12-13T22:12:15.2782918-03:00" testType="13cdc9d9-ddb5-4fa4-a97d-d965ccfc6d4b" outcome="Passed" testListId="8c84fa94-04c1-424b-9868-57a2d4851a1d" relativeResultsDirectory="6dbbca43-d0fc-4ed1-8220-50b3d2a378ac">
      <Output>
        <StdOut>Save/Update: SELECT  ISNULL(MAX(id + 1),1) from opiniones
Save/Update: INSERT INTO opiniones (id, nombre, mail, opinion) VALUES (4 , 'nombre4', 'mail4@test.com', 'opinion4'); 
Save/Update: select * from opiniones WHERE  opiniones.id=4  
Save/Update: DELETE opiniones WHERE id=4</StdOut>
      </Output>
    </UnitTestResult>
    <UnitTestResult executionId="a90a7c9a-023e-4c73-ae60-6a82a032a251" testId="fed9e610-805c-d98a-9231-d2a52d8e3441" testName="modificarMaquinaTest" computerName="DIEGO-PC" duration="00:00:00.0152481" startTime="2012-12-13T22:12:15.2812919-03:00" endTime="2012-12-13T22:12:15.3042933-03:00" testType="13cdc9d9-ddb5-4fa4-a97d-d965ccfc6d4b" outcome="Passed" testListId="8c84fa94-04c1-424b-9868-57a2d4851a1d" relativeResultsDirectory="a90a7c9a-023e-4c73-ae60-6a82a032a251">
      <Output>
        <StdOut>Save/Update: SELECT  ISNULL(MAX(cod_maquina + 1),1) from Maquina
Save/Update: INSERT INTO Maquina (cod_maquina, altoMargen, anchoMargen, cabezales, nombre, velocidadPromedio, cantidadColores) VALUES (4 , 100 , 200 , 12 , 'nombre nuevo', 1000 , 12 ); DELETE JoinMaquinaToTipoPrenda where cod_maquina=4  ;  INSERT INTO JoinMaquinaToTipoPrenda ( cod_maquina, tipo_prenda) VALUES ( 4 , 1 );  INSERT INTO JoinMaquinaToTipoPrenda ( cod_maquina, tipo_prenda) VALUES ( 4 , 2 ); 
Save/Update: select * from produccion WHERE  produccion.fechaInicio&gt;= CAST('13/12/2012 22:12:15.000'  AS DateTime) ; select * from historico_estados_produccion WHERE borrado = 0
Save/Update: select * from produccion WHERE  produccion.fechaInicio&gt;= CAST('13/12/2012 22:12:15.000'  AS DateTime) ; select * from historico_estados_produccion WHERE borrado = 0
Save/Update: select * from Maquina WHERE  Maquina.cod_maquina=4  ; select * from JoinMaquinaToTipoPrenda
Save/Update: select * from TipoPrenda WHERE  TipoPrenda.tipo_prenda=1  
Save/Update: select * from TipoPrenda WHERE  TipoPrenda.tipo_prenda=2  
Save/Update: select * from Maquina WHERE  Maquina.cod_maquina=4  ; select * from JoinMaquinaToTipoPrenda
Save/Update: select * from TipoPrenda WHERE  TipoPrenda.tipo_prenda=1  
Save/Update: select * from TipoPrenda WHERE  TipoPrenda.tipo_prenda=2  
Save/Update: UPDATE Maquina SET altoMargen=100 , anchoMargen=200 , cabezales=12 , nombre='nombre editado', velocidadPromedio=1000 , cantidadColores=12  WHERE cod_maquina=4  ; DELETE JoinMaquinaToTipoPrenda where cod_maquina=4  ;  INSERT INTO JoinMaquinaToTipoPrenda ( cod_maquina, tipo_prenda) VALUES ( 4 , 1 ); 
Save/Update: select * from Maquina WHERE  Maquina.cod_maquina=4  ; select * from JoinMaquinaToTipoPrenda
Save/Update: select * from TipoPrenda WHERE  TipoPrenda.tipo_prenda=1  
Save/Update: DELETE JoinMaquinaToTipoPrenda where cod_maquina=4  ; ;DELETE Maquina WHERE cod_maquina=4  
Save/Update: delete from JoinMaquinaToTipoPrenda where cod_maquina=4</StdOut>
      </Output>
    </UnitTestResult>
  </Results>
</TestRun>