<?xml version="1.0" encoding="UTF-8"?>
<TestRun id="0c42a1bc-8f4d-4ff4-be49-e56bd4040cd0" name="Diego@DIEGO-PC 2012-11-26 18:24:54" runUser="Diego-PC\Diego" xmlns="http://microsoft.com/schemas/VisualStudio/TeamTest/2010">
  <TestSettings name="Local" id="ef2db5f0-3f45-4aad-a578-8bde204c9147">
    <Description>These are default test settings for a local test run.</Description>
    <Deployment enabled="false" runDeploymentRoot="Diego_DIEGO-PC 2012-11-26 18_24_54">
      <DeploymentItem filename="C:\Users\Diego\Documents\Visual Studio 2010\Projects\Uniprof\Seguridad\bin\Debug\Seguridad.dll" />
      <DeploymentItem filename="C:\Users\Diego\Documents\Visual Studio 2010\Projects\Uniprof\Repositorio\bin\Debug\Repositorio.dll" />
      <DeploymentItem filename="C:\Users\Diego\Documents\Visual Studio 2010\Projects\Uniprof\Negocio\bin\Debug\Negocio.dll" />
      <DeploymentItem filename="C:\Users\Diego\Documents\Visual Studio 2010\Projects\Uniprof\Dominio\bin\Debug\Dominio.dll" />
    </Deployment>
    <Execution>
      <TestTypeSpecific />
      <AgentRule name="Execution Agents">
      </AgentRule>
    </Execution>
  </TestSettings>
  <Times creation="2012-11-26T18:24:54.2809170-03:00" queuing="2012-11-26T18:24:55.8130046-03:00" start="2012-11-26T18:24:56.0630189-03:00" finish="2012-11-26T18:25:36.8503518-03:00" />
  <ResultSummary outcome="Error">
    <Counters total="1" executed="1" error="0" failed="0" timeout="0" aborted="1" inconclusive="0" passedButRunAborted="0" notRunnable="0" notExecuted="0" disconnected="0" warning="0" passed="0" completed="0" inProgress="0" pending="0" />
    <RunInfos>
      <RunInfo computerName="DIEGO-PC" outcome="Error" timestamp="2012-11-26T18:25:36.8453515-03:00">
        <Text>Test host process exited unexpectedly.</Text>
      </RunInfo>
    </RunInfos>
  </ResultSummary>
  <TestDefinitions>
    <UnitTest name="obtenerArticulosFrecuentesTest" storage="c:\users\diego\documents\visual studio 2010\projects\uniprof\tests\bin\debug\tests.dll" id="48945e0f-871f-2510-b1ef-49518a731b66">
      <Execution id="89e8c0ec-c6ff-4c41-a122-8528cae0cef3" />
      <TestMethod codeBase="C:/Users/Diego/Documents/Visual Studio 2010/Projects/Uniprof/Tests/bin/Debug/Tests.DLL" adapterTypeName="Microsoft.VisualStudio.TestTools.TestTypes.Unit.UnitTestAdapter, Microsoft.VisualStudio.QualityTools.Tips.UnitTest.Adapter, Version=10.0.0.0, Culture=neutral, PublicKeyToken=b03f5f7f11d50a3a" className="Tests.ArticuloRepositorioTest, Tests, Version=1.0.0.0, Culture=neutral, PublicKeyToken=null" name="obtenerArticulosFrecuentesTest" />
    </UnitTest>
  </TestDefinitions>
  <TestLists>
    <TestList name="Results Not in a List" id="8c84fa94-04c1-424b-9868-57a2d4851a1d" />
    <TestList name="All Loaded Results" id="19431567-8539-422a-85d7-44ee4e166bda" />
  </TestLists>
  <TestEntries>
    <TestEntry testId="48945e0f-871f-2510-b1ef-49518a731b66" executionId="89e8c0ec-c6ff-4c41-a122-8528cae0cef3" testListId="8c84fa94-04c1-424b-9868-57a2d4851a1d" />
  </TestEntries>
  <Results>
    <UnitTestResult executionId="89e8c0ec-c6ff-4c41-a122-8528cae0cef3" testId="48945e0f-871f-2510-b1ef-49518a731b66" testName="obtenerArticulosFrecuentesTest" computerName="DIEGO-PC" duration="00:00:40.5563196" startTime="2012-11-26T18:24:56.2930321-03:00" endTime="2012-11-26T18:25:36.8493517-03:00" testType="13cdc9d9-ddb5-4fa4-a97d-d965ccfc6d4b" outcome="Aborted" testListId="8c84fa94-04c1-424b-9868-57a2d4851a1d" relativeResultsDirectory="89e8c0ec-c6ff-4c41-a122-8528cae0cef3">
    </UnitTestResult>
  </Results>
</TestRun>